1 0.000033 0.000033
2 0.000032 0.000033
3 0.000033 0.000033
4 0.000033 0.000033
5 0.000035 0.000041
6 0.000036 0.000038
7 0.000036 0.000038
8 0.000036 0.000033
9 0.000035 0.000038
10 0.000035 0.000039
11 0.000036 0.000033
12 0.000035 0.000033
13 0.000035 0.000045
14 0.000036 0.000039
15 0.000037 0.000039
16 0.000037 0.000045
17 0.000037 0.000035
18 0.000037 0.000035
19 0.000036 0.000035
20 0.000035 0.000035
21 0.000035 0.000036
22 0.000034 0.000036
23 0.000034 0.000036
24 0.000036 0.000074
25 0.000042 0.000062
26 0.000058 0.000113
27 0.000086 0.000121
28 0.000105 0.000053
29 0.000091 0.000076
30 0.000076 0.000044
31 0.000064 0.000045
32 0.000056 0.000060
33 0.000054 0.000056
34 0.000052 0.000050
35 0.000050 0.000052
36 0.000049 0.000053
37 0.000048 0.000054
38 0.000048 0.000056
39 0.000048 0.000057
40 0.000048 0.000058
41 0.000047 0.000058
42 0.000046 0.000059
43 0.000046 0.000060
44 0.000046 0.000061
45 0.000046 0.000061
46 0.000048 0.000079
47 0.000049 0.000062
48 0.000049 0.000069
49 0.000049 0.000063
50 0.000049 0.000078
51 0.000053 0.000108
52 0.000063 0.000118
53 0.000079 0.000111
54 0.000090 0.000122
55 0.000098 0.000116
56 0.000103 0.000110
57 0.000103 0.000096
58 0.000095 0.000099
59 0.000086 0.000083
60 0.000082 0.000095
61 0.000082 0.000098
62 0.000082 0.000091
63 0.000084 0.000093
64 0.000087 0.000095
65 0.000090 0.000097
66 0.000093 0.000099
67 0.000097 0.000100
68 0.000101 0.000101
69 0.000105 0.000102
70 0.000108 0.000103
71 0.000110 0.000104
72 0.000112 0.000105
73 0.000115 0.000106
74 0.000116 0.000106
75 0.000117 0.000107
76 0.000118 0.000107
77 0.000121 0.000107
78 0.000122 0.000107
79 0.000122 0.000108
80 0.000123 0.000108
81 0.000123 0.000108
82 0.000123 0.000108
83 0.000124 0.000108
84 0.000127 0.000108
85 0.000127 0.000108
86 0.000128 0.000108
87 0.000128 0.000107
88 0.000128 0.000107
89 0.000128 0.000107
90 0.000130 0.000107
91 0.000130 0.000107
92 0.000131 0.000106
93 0.000133 0.000106
94 0.000134 0.000106
95 0.000134 0.000106
96 0.000135 0.000106
97 0.000136 0.000105
98 0.000139 0.000105
99 0.000140 0.000105
100 0.000140 0.000104
101 0.000140 0.000104
102 0.000140 0.000104
103 0.000140 0.000104
104 0.000140 0.000103
105 0.000140 0.000103
106 0.000140 0.000103
107 0.000140 0.000102
108 0.000141 0.000102
109 0.000141 0.000102
110 0.000141 0.000101
111 0.000141 0.000101
112 0.000140 0.000101
113 0.000141 0.000101
114 0.000141 0.000100
115 0.000141 0.000100
116 0.000141 0.000100
117 0.000141 0.000099
118 0.000140 0.000099
119 0.000140 0.000099
120 0.000140 0.000099
121 0.000139 0.000098
122 0.000140 0.000098
123 0.000140 0.000098
124 0.000140 0.000097
125 0.000140 0.000097
126 0.000140 0.000097
127 0.000140 0.000096
128 0.000139 0.000096
129 0.000138 0.000096
130 0.000138 0.000096
131 0.000137 0.000095
132 0.000136 0.000095
133 0.000136 0.000095
134 0.000136 0.000094
135 0.000135 0.000094
136 0.000135 0.000094
137 0.000135 0.000094
138 0.000134 0.000093
139 0.000134 0.000093
140 0.000133 0.000093
141 0.000133 0.000093
142 0.000133 0.000092
143 0.000131 0.000092
144 0.000130 0.000092
145 0.000130 0.000092
146 0.000130 0.000091
147 0.000129 0.000091
148 0.000128 0.000091
149 0.000128 0.000091
150 0.000128 0.000090
151 0.000128 0.000090
152 0.000127 0.000090
153 0.000127 0.000089
154 0.000127 0.000089
155 0.000126 0.000089
156 0.000125 0.000089
157 0.000123 0.000089
158 0.000123 0.000088
159 0.000122 0.000088
160 0.000122 0.000088
161 0.000122 0.000088
162 0.000122 0.000087
163 0.000122 0.000087
164 0.000122 0.000087
165 0.000122 0.000087
166 0.000122 0.000086
167 0.000122 0.000086
168 0.000121 0.000086
169 0.000119 0.000086
170 0.000120 0.000085
171 0.000119 0.000085
172 0.000118 0.000085
173 0.000118 0.000085
174 0.000117 0.000085
175 0.000117 0.000084
176 0.000117 0.000084
177 0.000116 0.000084
178 0.000116 0.000084
179 0.000116 0.000083
180 0.000114 0.000083
181 0.000113 0.000083
182 0.000112 0.000083
183 0.000112 0.000083
184 0.000112 0.000082
185 0.000112 0.000082
186 0.000112 0.000082
187 0.000112 0.000082
188 0.000112 0.000082
189 0.000111 0.000081
190 0.000108 0.000081
191 0.000109 0.000081
192 0.000108 0.000081
193 0.000109 0.000080
194 0.000108 0.000080
195 0.000108 0.000080
196 0.000108 0.000080
197 0.000108 0.000080
198 0.000108 0.000079
199 0.000107 0.000079
200 0.000107 0.000079
201 0.000106 0.000079
202 0.000105 0.000079
203 0.000104 0.000079
204 0.000103 0.000078
205 0.000104 0.000078
206 0.000103 0.000078
207 0.000103 0.000078
208 0.000102 0.000078
209 0.000102 0.000077
210 0.000102 0.000077
211 0.000102 0.000077
212 0.000102 0.000077
213 0.000102 0.000077
214 0.000101 0.000076
215 0.000099 0.000076
216 0.000099 0.000076
217 0.000099 0.000076
218 0.000099 0.000076
219 0.000099 0.000076
220 0.000098 0.000075
221 0.000098 0.000075
222 0.000098 0.000075
223 0.000098 0.000075
224 0.000098 0.000075
225 0.000097 0.000074
226 0.000095 0.000074
227 0.000095 0.000074
228 0.000094 0.000074
229 0.000094 0.000074
230 0.000094 0.000074
231 0.000094 0.000073
232 0.000093 0.000073
233 0.000093 0.000073
234 0.000093 0.000073
235 0.000093 0.000073
236 0.000093 0.000073
237 0.000093 0.000072
238 0.000093 0.000072
239 0.000092 0.000072
240 0.000094 0.000072
241 0.000094 0.000072
242 0.000094 0.000072
243 0.000093 0.000071
244 0.000093 0.000071
245 0.000092 0.000071
246 0.000090 0.000071
247 0.000090 0.000071
248 0.000090 0.000071
249 0.000090 0.000071
250 0.000090 0.000070
251 0.000090 0.000070
252 0.000090 0.000070
253 0.000090 0.000070
254 0.000090 0.000070
255 0.000090 0.000070
256 0.000090 0.000069
257 0.000089 0.000069
258 0.000087 0.000069
259 0.000086 0.000069
260 0.000086 0.000069
261 0.000086 0.000069
262 0.000085 0.000069
263 0.000086 0.000068
264 0.000086 0.000068
265 0.000085 0.000068
266 0.000083 0.000068
267 0.000083 0.000068
268 0.000081 0.000068
269 0.000080 0.000068
270 0.000080 0.000067
271 0.000080 0.000067
272 0.000080 0.000067
273 0.000080 0.000067
274 0.000080 0.000067
275 0.000080 0.000067
276 0.000080 0.000067
277 0.000080 0.000066
278 0.000080 0.000066
279 0.000080 0.000066
280 0.000080 0.000066
281 0.000080 0.000066
282 0.000080 0.000066
283 0.000080 0.000066
284 0.000081 0.000065
285 0.000084 0.000068
286 0.000102 0.000175
287 0.000134 0.000139
288 0.000135 0.000095
289 0.000117 0.000070
290 0.000101 0.000072
291 0.000094 0.000078
292 0.000090 0.000075
293 0.000088 0.000077
294 0.000089 0.000101
295 0.000095 0.000096
296 0.000097 0.000080
297 0.000093 0.000082
298 0.000089 0.000083
299 0.000088 0.000084
300 0.000088 0.000085
301 0.000088 0.000085
302 0.000088 0.000086
303 0.000087 0.000087
304 0.000087 0.000087
305 0.000087 0.000088
306 0.000087 0.000088
307 0.000087 0.000088
308 0.000087 0.000089
309 0.000086 0.000089
310 0.000086 0.000097
311 0.000085 0.000089
312 0.000086 0.000089
313 0.000087 0.000089
314 0.000088 0.000090
315 0.000088 0.000090
316 0.000089 0.000090
317 0.000089 0.000090
318 0.000092 0.000104
319 0.000093 0.000098
320 0.000092 0.000090
321 0.000092 0.000090
322 0.000093 0.000108
323 0.000093 0.000109
324 0.000094 0.000092
325 0.000094 0.000092
326 0.000093 0.000093
327 0.000092 0.000093
328 0.000091 0.000093
329 0.000090 0.000093
330 0.000090 0.000094
331 0.000090 0.000094
332 0.000090 0.000094
333 0.000090 0.000094
334 0.000090 0.000094
335 0.000090 0.000094
336 0.000090 0.000094
337 0.000090 0.000094
338 0.000090 0.000100
339 0.000092 0.000102
340 0.000094 0.000120
341 0.000098 0.000121
342 0.000102 0.000113
343 0.000103 0.000105
344 0.000102 0.000116
345 0.000102 0.000108
346 0.000101 0.000100
347 0.000098 0.000101
348 0.000098 0.000102
349 0.000096 0.000103
350 0.000095 0.000103
351 0.000094 0.000104
352 0.000094 0.000104
353 0.000094 0.000116
354 0.000094 0.000105
355 0.000094 0.000105
356 0.000094 0.000106
357 0.000094 0.000106
358 0.000094 0.000106
359 0.000095 0.000106
360 0.000097 0.000106
361 0.000097 0.000106
362 0.000097 0.000106
363 0.000097 0.000106
364 0.000097 0.000106
365 0.000097 0.000106
366 0.000098 0.000106
367 0.000099 0.000106
368 0.000099 0.000105
369 0.000099 0.000105
370 0.000100 0.000105
371 0.000101 0.000105
372 0.000100 0.000105
373 0.000100 0.000104
374 0.000113 0.000242
375 0.000162 0.000211
376 0.000177 0.000168
377 0.000153 0.000125
378 0.000133 0.000117
379 0.000123 0.000120
380 0.000122 0.000123
381 0.000122 0.000125
382 0.000123 0.000128
383 0.000125 0.000152
384 0.000130 0.000154
385 0.000133 0.000134
386 0.000132 0.000144
387 0.000132 0.000137
388 0.000132 0.000139
389 0.000132 0.000140
390 0.000132 0.000147
391 0.000134 0.000142
392 0.000137 0.000154
393 0.000140 0.000156
394 0.000141 0.000145
395 0.000141 0.000146
396 0.000141 0.000147
397 0.000144 0.000147
398 0.000145 0.000147
399 0.000147 0.000148
400 0.000149 0.000148
401 0.000151 0.000148
402 0.000154 0.000171
403 0.000156 0.000148
404 0.000158 0.000149
405 0.000159 0.000160
406 0.000162 0.000160
407 0.000164 0.000150
408 0.000165 0.000159
409 0.000166 0.000150
410 0.000168 0.000151
411 0.000169 0.000151
412 0.000169 0.000151
413 0.000170 0.000151
414 0.000171 0.000151
415 0.000172 0.000150
416 0.000175 0.000150
417 0.000176 0.000150
418 0.000177 0.000150
419 0.000177 0.000149
420 0.000178 0.000149
421 0.000179 0.000148
422 0.000180 0.000148
423 0.000181 0.000147
424 0.000182 0.000147
425 0.000183 0.000146
426 0.000183 0.000146
427 0.000185 0.000145
428 0.000191 0.000190
429 0.000208 0.000215
430 0.000219 0.000193
431 0.000218 0.000172
432 0.000208 0.000153
433 0.000203 0.000162
434 0.000201 0.000157
435 0.000198 0.000159
436 0.000197 0.000160
437 0.000211 0.000237
438 0.000212 0.000164
439 0.000205 0.000166
440 0.000202 0.000168
441 0.000200 0.000170
442 0.000200 0.000171
443 0.000200 0.000172
444 0.000201 0.000182
445 0.000201 0.000174
446 0.000201 0.000174
447 0.000201 0.000174
448 0.000201 0.000175
449 0.000202 0.000175
450 0.000202 0.000175
451 0.000202 0.000175
452 0.000202 0.000189
453 0.000203 0.000174
454 0.000203 0.000174
455 0.000203 0.000174
456 0.000204 0.000174
457 0.000204 0.000173
458 0.000204 0.000173
459 0.000204 0.000173
460 0.000205 0.000172
461 0.000205 0.000171
462 0.000205 0.000171
463 0.000206 0.000170
464 0.000207 0.000170
465 0.000208 0.000177
466 0.000212 0.000180
467 0.000213 0.000168
468 0.000211 0.000168
469 0.000212 0.000179
470 0.000212 0.000168
471 0.000212 0.000167
472 0.000212 0.000179
473 0.000216 0.000179
474 0.000216 0.000167
475 0.000215 0.000167
476 0.000215 0.000167
477 0.000215 0.000167
478 0.000215 0.000166
479 0.000215 0.000166
480 0.000215 0.000166
481 0.000215 0.000165
482 0.000214 0.000174
483 0.000219 0.000228
484 0.000233 0.000188
485 0.000229 0.000167
486 0.000220 0.000192
487 0.000219 0.000170
488 0.000218 0.000171
489 0.000217 0.000172
490 0.000217 0.000172
491 0.000216 0.000173
492 0.000216 0.000173
493 0.000215 0.000173
494 0.000214 0.000173
495 0.000212 0.000173
496 0.000212 0.000173
497 0.000212 0.000172
498 0.000211 0.000172
499 0.000210 0.000172
500 0.000210 0.000171
501 0.000210 0.000171
502 0.000209 0.000170
503 0.000209 0.000170
504 0.000209 0.000169
505 0.000209 0.000168
506 0.000208 0.000168
507 0.000208 0.000167
508 0.000206 0.000166
509 0.000205 0.000166
510 0.000205 0.000165
511 0.000205 0.000164
512 0.000205 0.000163
513 0.000204 0.000163
514 0.000203 0.000162
515 0.000203 0.000161
516 0.000202 0.000160
517 0.000202 0.000160
518 0.000201 0.000159
519 0.000200 0.000158
520 0.000198 0.000158
521 0.000198 0.000157
522 0.000197 0.000156
523 0.000197 0.000155
524 0.000197 0.000155
525 0.000196 0.000154
526 0.000196 0.000153
527 0.000195 0.000152
528 0.000195 0.000152
529 0.000195 0.000151
530 0.000194 0.000150
531 0.000195 0.000150
532 0.000193 0.000149
533 0.000193 0.000148
534 0.000192 0.000148
535 0.000191 0.000147
536 0.000190 0.000146
537 0.000190 0.000146
538 0.000190 0.000145
539 0.000190 0.000144
540 0.000189 0.000144
541 0.000189 0.000143
542 0.000188 0.000142
543 0.000188 0.000142
544 0.000187 0.000141
545 0.000186 0.000141
546 0.000186 0.000140
547 0.000186 0.000139
548 0.000184 0.000139
549 0.000183 0.000138
550 0.000183 0.000138
551 0.000183 0.000137
552 0.000185 0.000136
553 0.000188 0.000136
554 0.000194 0.000152
555 0.000201 0.000168
556 0.000196 0.000136
557 0.000190 0.000144
558 0.000188 0.000136
559 0.000185 0.000136
560 0.000183 0.000136
561 0.000182 0.000136
562 0.000181 0.000136
563 0.000181 0.000136
564 0.000180 0.000136
565 0.000179 0.000145
566 0.000179 0.000136
567 0.000178 0.000136
568 0.000177 0.000135
569 0.000177 0.000135
570 0.000177 0.000135
571 0.000177 0.000135
572 0.000177 0.000134
573 0.000182 0.000204
574 0.000193 0.000158
575 0.000193 0.000194
576 0.000213 0.000219
577 0.000228 0.000175
578 0.000209 0.000147
579 0.000194 0.000150
580 0.000188 0.000153
581 0.000185 0.000155
582 0.000183 0.000157
583 0.000182 0.000159
584 0.000181 0.000160
585 0.000181 0.000162
586 0.000180 0.000162
587 0.000179 0.000163
588 0.000179 0.000164
589 0.000180 0.000164
590 0.000179 0.000164
591 0.000178 0.000165
592 0.000178 0.000174
593 0.000179 0.000165
594 0.000179 0.000188
595 0.000181 0.000166
596 0.000179 0.000166
597 0.000177 0.000166
598 0.000177 0.000166
599 0.000177 0.000166
600 0.000177 0.000166
601 0.000177 0.000166
602 0.000176 0.000166
603 0.000176 0.000165
604 0.000176 0.000165
605 0.000175 0.000164
606 0.000174 0.000164
607 0.000174 0.000163
608 0.000173 0.000163
609 0.000171 0.000162
610 0.000171 0.000162
611 0.000171 0.000161
612 0.000171 0.000160
613 0.000171 0.000160
614 0.000171 0.000159
615 0.000171 0.000158
616 0.000171 0.000158
617 0.000171 0.000157
618 0.000171 0.000156
619 0.000171 0.000156
620 0.000171 0.000155
621 0.000171 0.000154
622 0.000171 0.000154
623 0.000171 0.000153
624 0.000174 0.000152
625 0.000178 0.000154
626 0.000188 0.000220
627 0.000201 0.000198
628 0.000204 0.000188
629 0.000212 0.000238
630 0.000245 0.000264
631 0.000291 0.000308
632 0.000297 0.000175
633 0.000235 0.000182
634 0.000218 0.000218
635 0.000219 0.000269
636 0.000249 0.000307
637 0.000289 0.000301
638 0.000287 0.000222
639 0.000260 0.000246
640 0.000253 0.000240
641 0.000255 0.000262
642 0.000265 0.000254
643 0.000271 0.000275
644 0.000278 0.000266
645 0.000286 0.000270
646 0.000296 0.000274
647 0.000303 0.000277
648 0.000311 0.000279
649 0.000317 0.000281
650 0.000324 0.000282
651 0.000331 0.000283
652 0.000338 0.000283
653 0.000343 0.000283
654 0.000349 0.000283
655 0.000352 0.000282
656 0.000356 0.000282
657 0.000361 0.000281
658 0.000366 0.000280
659 0.000370 0.000278
660 0.000372 0.000277
661 0.000376 0.000276
662 0.000379 0.000274
663 0.000381 0.000272
664 0.000384 0.000271
665 0.000387 0.000269
666 0.000388 0.000268
667 0.000389 0.000266
668 0.000391 0.000279
669 0.000392 0.000278
670 0.000394 0.000262
671 0.000394 0.000289
672 0.000397 0.000261
673 0.000393 0.000260
674 0.000391 0.000259
675 0.000391 0.000267
676 0.000391 0.000271
677 0.000390 0.000257
678 0.000388 0.000257
679 0.000391 0.000282
680 0.000397 0.000285
681 0.000391 0.000256
682 0.000386 0.000257
683 0.000381 0.000256
684 0.000379 0.000256
685 0.000376 0.000255
686 0.000373 0.000255
687 0.000371 0.000254
688 0.000370 0.000253
689 0.000368 0.000251
690 0.000364 0.000250
691 0.000361 0.000249
692 0.000359 0.000247
693 0.000355 0.000246
694 0.000352 0.000245
695 0.000352 0.000243
696 0.000351 0.000242
697 0.000349 0.000240
698 0.000347 0.000238
699 0.000343 0.000237
700 0.000340 0.000235
701 0.000337 0.000234
702 0.000332 0.000232
703 0.000334 0.000231
704 0.000332 0.000229
705 0.000329 0.000228
706 0.000327 0.000226
707 0.000325 0.000225
708 0.000322 0.000223
709 0.000320 0.000222
710 0.000319 0.000220
711 0.000317 0.000219
712 0.000314 0.000217
713 0.000311 0.000216
714 0.000309 0.000214
715 0.000307 0.000213
716 0.000302 0.000212
717 0.000301 0.000210
718 0.000299 0.000209
719 0.000297 0.000208
720 0.000294 0.000206
721 0.000291 0.000205
722 0.000289 0.000204
723 0.000286 0.000202
724 0.000284 0.000201
725 0.000282 0.000200
726 0.000281 0.000199
727 0.000278 0.000197
728 0.000276 0.000196
729 0.000274 0.000195
730 0.000271 0.000194
731 0.000268 0.000193
732 0.000267 0.000192
733 0.000266 0.000190
734 0.000265 0.000189
735 0.000263 0.000188
736 0.000260 0.000187
737 0.000259 0.000186
738 0.000257 0.000185
739 0.000255 0.000184
740 0.000253 0.000183
741 0.000251 0.000182
742 0.000249 0.000181
743 0.000248 0.000180
744 0.000247 0.000179
745 0.000246 0.000178
746 0.000244 0.000177
747 0.000241 0.000176
748 0.000237 0.000175
749 0.000236 0.000174
750 0.000235 0.000173
751 0.000234 0.000172
752 0.000233 0.000171
753 0.000232 0.000170
754 0.000231 0.000169
755 0.000228 0.000168
756 0.000227 0.000167
757 0.000226 0.000167
758 0.000224 0.000166
759 0.000223 0.000165
760 0.000222 0.000164
761 0.000220 0.000163
762 0.000218 0.000162
763 0.000218 0.000162
764 0.000218 0.000161
765 0.000216 0.000160
766 0.000214 0.000159
767 0.000212 0.000158
768 0.000210 0.000158
769 0.000209 0.000157
770 0.000208 0.000156
771 0.000207 0.000155
772 0.000205 0.000155
773 0.000204 0.000154
774 0.000202 0.000153
775 0.000201 0.000152
776 0.000198 0.000152
777 0.000197 0.000151
778 0.000196 0.000150
779 0.000195 0.000149
780 0.000195 0.000149
781 0.000193 0.000148
782 0.000191 0.000147
783 0.000190 0.000147
784 0.000189 0.000146
785 0.000188 0.000145
786 0.000187 0.000145
787 0.000185 0.000144
788 0.000183 0.000143
789 0.000182 0.000143
790 0.000181 0.000142
791 0.000180 0.000141
792 0.000178 0.000141
793 0.000177 0.000140
794 0.000177 0.000140
795 0.000176 0.000139
796 0.000175 0.000138
797 0.000172 0.000138
798 0.000171 0.000137
799 0.000170 0.000137
800 0.000169 0.000136
801 0.000169 0.000135
802 0.000169 0.000135
803 0.000169 0.000134
804 0.000167 0.000134
805 0.000165 0.000133
806 0.000164 0.000133
807 0.000164 0.000132
808 0.000163 0.000132
809 0.000162 0.000131
810 0.000162 0.000131
811 0.000161 0.000130
812 0.000159 0.000129
813 0.000158 0.000129
814 0.000157 0.000128
815 0.000157 0.000128
816 0.000156 0.000127
817 0.000156 0.000127
818 0.000156 0.000126
819 0.000156 0.000126
820 0.000153 0.000125
821 0.000153 0.000125
822 0.000152 0.000124
823 0.000151 0.000124
824 0.000150 0.000123
825 0.000149 0.000123
826 0.000147 0.000122
827 0.000147 0.000122
828 0.000147 0.000122
829 0.000146 0.000121
830 0.000145 0.000121
831 0.000145 0.000120
832 0.000144 0.000120
833 0.000142 0.000119
834 0.000141 0.000119
835 0.000141 0.000118
836 0.000143 0.000118
837 0.000141 0.000118
838 0.000140 0.000117
839 0.000140 0.000117
840 0.000139 0.000116
841 0.000139 0.000116
842 0.000138 0.000115
843 0.000135 0.000115
844 0.000135 0.000115
845 0.000134 0.000114
846 0.000134 0.000114
847 0.000132 0.000113
848 0.000132 0.000113
849 0.000132 0.000113
850 0.000132 0.000112
851 0.000132 0.000112
852 0.000131 0.000111
853 0.000129 0.000111
854 0.000128 0.000111
855 0.000127 0.000110
856 0.000127 0.000110
857 0.000126 0.000109
858 0.000125 0.000109
859 0.000123 0.000109
860 0.000123 0.000108
861 0.000123 0.000108
862 0.000123 0.000108
863 0.000123 0.000107
864 0.000123 0.000107
865 0.000122 0.000107
866 0.000121 0.000106
867 0.000121 0.000106
868 0.000119 0.000106
869 0.000118 0.000105
870 0.000118 0.000105
871 0.000118 0.000104
872 0.000118 0.000104
873 0.000117 0.000104
874 0.000117 0.000103
875 0.000116 0.000103
876 0.000114 0.000103
877 0.000113 0.000102
878 0.000113 0.000102
879 0.000113 0.000102
880 0.000113 0.000101
881 0.000113 0.000101
882 0.000112 0.000101
883 0.000111 0.000101
884 0.000111 0.000100
885 0.000111 0.000100
886 0.000111 0.000100
887 0.000111 0.000099
888 0.000110 0.000099
889 0.000109 0.000099
890 0.000108 0.000098
891 0.000107 0.000098
892 0.000107 0.000098
893 0.000106 0.000097
894 0.000106 0.000097
895 0.000106 0.000097
896 0.000105 0.000097
897 0.000105 0.000096
898 0.000104 0.000096
899 0.000103 0.000096
900 0.000103 0.000095
901 0.000103 0.000095
902 0.000103 0.000095
903 0.000103 0.000095
904 0.000103 0.000094
905 0.000102 0.000094
906 0.000102 0.000094
907 0.000102 0.000093
908 0.000102 0.000093
909 0.000102 0.000093
910 0.000101 0.000093
911 0.000101 0.000092
912 0.000100 0.000092
913 0.000101 0.000092
914 0.000100 0.000092
915 0.000099 0.000091
916 0.000099 0.000091
917 0.000099 0.000091
918 0.000099 0.000091
919 0.000098 0.000090
920 0.000098 0.000090
921 0.000097 0.000090
922 0.000097 0.000090
923 0.000096 0.000089
924 0.000096 0.000089
925 0.000096 0.000089
926 0.000099 0.000089
927 0.000097 0.000088
928 0.000094 0.000088
929 0.000094 0.000088
930 0.000094 0.000088
931 0.000093 0.000087
932 0.000093 0.000087
933 0.000093 0.000087
934 0.000093 0.000087
935 0.000093 0.000086
936 0.000093 0.000086
937 0.000093 0.000086
938 0.000093 0.000086
939 0.000093 0.000085
940 0.000093 0.000085
941 0.000093 0.000085
942 0.000093 0.000085
943 0.000093 0.000085
944 0.000093 0.000084
945 0.000093 0.000084
946 0.000093 0.000084
947 0.000092 0.000084
948 0.000090 0.000083
949 0.000093 0.000083
950 0.000093 0.000083
