Taegu Pyungkwang River Catchment: Calibration Data

Subcatchment : Extracted study basin: cat-10819

TL =     9.11
SUMAC =     1.00
SZQ =       0.01648
Subcatchment routing data:
Maximum Routing Delay       0.69444
Sum of Histogram ordinates:     1.0000
     1.00000 
Initial BAL             -0.20102
Initial SBAR             0.19902
Initial SR0              0.00200
it      p        ep       q(it)       quz      q       sbar       qof
1 0.0000e+00 6.1900e-05 3.2800e-05 0.0000e+00 3.2800e-05 1.9905e-01 0.0000e+00
2 0.0000e+00 6.4700e-05 3.2766e-05 0.0000e+00 3.2766e-05 1.9909e-01 0.0000e+00
3 1.0000e-03 6.1900e-05 3.2733e-05 0.0000e+00 3.2733e-05 1.9912e-01 0.0000e+00
4 1.0000e-03 5.6000e-05 3.2699e-05 0.0000e+00 3.2699e-05 1.9915e-01 0.0000e+00
5 1.0000e-03 4.5700e-05 3.6437e-05 8.4550e-05 3.2666e-05 1.9910e-01 3.7713e-06
6 5.0000e-04 3.2300e-05 3.4967e-05 1.2163e-04 3.2719e-05 1.9901e-01 2.2478e-06
7 5.0000e-04 1.5600e-05 3.5124e-05 1.5688e-04 3.2810e-05 1.9889e-01 2.3141e-06
8 0.0000e+00 0.0000e+00 3.2938e-05 1.3615e-04 3.2938e-05 1.9878e-01 0.0000e+00
9 5.0000e-04 0.0000e+00 3.5441e-05 1.7395e-04 3.3044e-05 1.9864e-01 2.3967e-06
10 5.0000e-04 0.0000e+00 3.5664e-05 2.0734e-04 3.3190e-05 1.9847e-01 2.4739e-06
11 0.0000e+00 0.0000e+00 3.3371e-05 1.8102e-04 3.3371e-05 1.9832e-01 0.0000e+00
12 0.0000e+00 0.0000e+00 3.3525e-05 1.6013e-04 3.3525e-05 1.9819e-01 0.0000e+00
13 1.0000e-03 0.0000e+00 3.8606e-05 2.5373e-04 3.3658e-05 1.9797e-01 4.9477e-06
14 5.0000e-04 0.0000e+00 3.6364e-05 2.7609e-04 3.3890e-05 1.9773e-01 2.4739e-06
15 5.0000e-04 0.0000e+00 3.6622e-05 2.9786e-04 3.4148e-05 1.9747e-01 2.4739e-06
16 1.0000e-03 0.0000e+00 3.9378e-05 3.7349e-04 3.4430e-05 1.9713e-01 4.9477e-06
17 0.0000e+00 0.0000e+00 3.4797e-05 3.2585e-04 3.4797e-05 1.9684e-01 0.0000e+00
18 0.0000e+00 0.0000e+00 3.5115e-05 2.8842e-04 3.5115e-05 1.9659e-01 0.0000e+00
19 0.0000e+00 0.0000e+00 3.5394e-05 2.5590e-04 3.5394e-05 1.9636e-01 0.0000e+00
20 0.0000e+00 0.0000e+00 3.5639e-05 2.2742e-04 3.5639e-05 1.9617e-01 0.0000e+00
21 0.0000e+00 1.8000e-05 3.5853e-05 2.0236e-04 3.5853e-05 1.9601e-01 0.0000e+00
22 0.0000e+00 3.4800e-05 3.6040e-05 1.8023e-04 3.6040e-05 1.9586e-01 0.0000e+00
23 0.0000e+00 4.9200e-05 3.6203e-05 1.6065e-04 3.6203e-05 1.9574e-01 0.0000e+00
24 3.0000e-03 6.0200e-05 5.3384e-05 4.6920e-04 3.6344e-05 1.9531e-01 1.7040e-05
25 2.0000e-03 6.6600e-05 4.8402e-05 6.2232e-04 3.6839e-05 1.9472e-01 1.1563e-05
26 5.5000e-03 6.9600e-05 7.2929e-05 1.1535e-03 3.7519e-05 1.9360e-01 3.5409e-05
27 6.0000e-03 6.6600e-05 7.7548e-05 1.6741e-03 3.8851e-05 1.9197e-01 3.8697e-05
28 1.0000e-03 6.0200e-05 4.6978e-05 1.5680e-03 4.0888e-05 1.9044e-01 6.0907e-06
29 2.5000e-03 4.9200e-05 5.8806e-05 1.6656e-03 4.2886e-05 1.8882e-01 1.5920e-05
30 0.0000e+00 3.4800e-05 4.5117e-05 1.4660e-03 4.5117e-05 1.8740e-01 0.0000e+00
31 0.0000e+00 1.6800e-05 4.7165e-05 1.2980e-03 4.7165e-05 1.8615e-01 0.0000e+00
32 1.0000e-03 0.0000e+00 5.4913e-05 1.2580e-03 4.9046e-05 1.8494e-01 5.8679e-06
33 5.0000e-04 0.0000e+00 5.4197e-05 1.1709e-03 5.0934e-05 1.8382e-01 3.2626e-06
34 0.0000e+00 0.0000e+00 5.2748e-05 1.0341e-03 5.2748e-05 1.8284e-01 0.0000e+00
35 0.0000e+00 0.0000e+00 5.4391e-05 9.1550e-04 5.4391e-05 1.8198e-01 0.0000e+00
36 0.0000e+00 0.0000e+00 5.5874e-05 8.1079e-04 5.5874e-05 1.8122e-01 0.0000e+00
37 0.0000e+00 0.0000e+00 5.7208e-05 7.1807e-04 5.7208e-05 1.8056e-01 0.0000e+00
38 0.0000e+00 0.0000e+00 5.8402e-05 6.3593e-04 5.8402e-05 1.7998e-01 0.0000e+00
39 0.0000e+00 0.0000e+00 5.9465e-05 5.6318e-04 5.9465e-05 1.7948e-01 0.0000e+00
40 0.0000e+00 0.0000e+00 6.0409e-05 4.9874e-04 6.0409e-05 1.7904e-01 0.0000e+00
41 0.0000e+00 0.0000e+00 6.1242e-05 4.4169e-04 6.1242e-05 1.7866e-01 0.0000e+00
42 0.0000e+00 0.0000e+00 6.1974e-05 3.9118e-04 6.1974e-05 1.7833e-01 0.0000e+00
43 0.0000e+00 0.0000e+00 6.2615e-05 3.4648e-04 6.2615e-05 1.7805e-01 0.0000e+00
44 0.0000e+00 0.0000e+00 6.3173e-05 3.0693e-04 6.3173e-05 1.7780e-01 0.0000e+00
45 0.0000e+00 3.3800e-05 6.3656e-05 2.7193e-04 6.3656e-05 1.7759e-01 0.0000e+00
46 1.0000e-03 6.5200e-05 7.3079e-05 3.6185e-04 6.4072e-05 1.7730e-01 9.0071e-06
47 0.0000e+00 9.2300e-05 6.4671e-05 3.1343e-04 6.4671e-05 1.7705e-01 0.0000e+00
48 5.0000e-04 1.1300e-04 6.8370e-05 3.1853e-04 6.5176e-05 1.7679e-01 3.1940e-06
49 0.0000e+00 1.2500e-04 6.5694e-05 2.7820e-04 6.5694e-05 1.7658e-01 0.0000e+00
50 1.0000e-03 1.3050e-04 7.3237e-05 3.4079e-04 6.6131e-05 1.7631e-01 7.1062e-06
51 2.5000e-03 1.2500e-04 8.8790e-05 5.9408e-04 6.6701e-05 1.7578e-01 2.2089e-05
52 3.0000e-03 1.1300e-04 9.4611e-05 8.7001e-04 6.7810e-05 1.7498e-01 2.6801e-05
53 2.5000e-03 9.2300e-05 9.1783e-05 1.0462e-03 6.9531e-05 1.7400e-01 2.2252e-05
54 3.0000e-03 6.5200e-05 9.8792e-05 1.2709e-03 7.1686e-05 1.7280e-01 2.7106e-05
55 2.5000e-03 3.1600e-05 9.7121e-05 1.4064e-03 7.4423e-05 1.7147e-01 2.2698e-05
56 2.0000e-03 0.0000e+00 9.5936e-05 1.4688e-03 7.7587e-05 1.7008e-01 1.8350e-05
57 1.0000e-03 0.0000e+00 9.0356e-05 1.4003e-03 8.1034e-05 1.6876e-01 9.3222e-06
58 1.0000e-03 0.0000e+00 9.3767e-05 1.3477e-03 8.4445e-05 1.6750e-01 9.3222e-06
59 0.0000e+00 0.0000e+00 8.7845e-05 1.1678e-03 8.7845e-05 1.6642e-01 0.0000e+00
60 5.0000e-04 0.0000e+00 9.5521e-05 1.0866e-03 9.0860e-05 1.6542e-01 4.6611e-06
61 5.0000e-04 0.0000e+00 9.8393e-05 1.0127e-03 9.3732e-05 1.6450e-01 4.6611e-06
62 0.0000e+00 0.0000e+00 9.6462e-05 8.7831e-04 9.6462e-05 1.6372e-01 0.0000e+00
63 0.0000e+00 0.0000e+00 9.8848e-05 7.6562e-04 9.8848e-05 1.6305e-01 0.0000e+00
64 0.0000e+00 0.0000e+00 1.0093e-04 6.6775e-04 1.0093e-04 1.6249e-01 0.0000e+00
65 0.0000e+00 0.0000e+00 1.0273e-04 5.8258e-04 1.0273e-04 1.6201e-01 0.0000e+00
66 0.0000e+00 0.0000e+00 1.0429e-04 5.0841e-04 1.0429e-04 1.6160e-01 0.0000e+00
67 0.0000e+00 0.0000e+00 1.0561e-04 4.4380e-04 1.0561e-04 1.6126e-01 0.0000e+00
68 0.0000e+00 0.0000e+00 1.0673e-04 3.8750e-04 1.0673e-04 1.6098e-01 0.0000e+00
69 0.0000e+00 4.1400e-05 1.0767e-04 3.3845e-04 1.0767e-04 1.6075e-01 0.0000e+00
70 0.0000e+00 7.9800e-05 1.0845e-04 2.9570e-04 1.0845e-04 1.6057e-01 0.0000e+00
71 0.0000e+00 1.1290e-04 1.0909e-04 2.5844e-04 1.0909e-04 1.6042e-01 0.0000e+00
72 0.0000e+00 1.3830e-04 1.0960e-04 2.2597e-04 1.0960e-04 1.6030e-01 0.0000e+00
73 0.0000e+00 1.5300e-04 1.1000e-04 1.9765e-04 1.1000e-04 1.6021e-01 0.0000e+00
74 0.0000e+00 1.5980e-04 1.1030e-04 1.7296e-04 1.1030e-04 1.6015e-01 0.0000e+00
75 0.0000e+00 1.5300e-04 1.1052e-04 1.5142e-04 1.1052e-04 1.6011e-01 0.0000e+00
76 0.0000e+00 1.3830e-04 1.1066e-04 1.3262e-04 1.1066e-04 1.6009e-01 0.0000e+00
77 0.0000e+00 1.1290e-04 1.1073e-04 1.1622e-04 1.1073e-04 1.6008e-01 0.0000e+00
78 0.0000e+00 7.9800e-05 1.1075e-04 1.0189e-04 1.1075e-04 1.6009e-01 0.0000e+00
79 0.0000e+00 3.8700e-05 1.1072e-04 8.9377e-05 1.1072e-04 1.6011e-01 0.0000e+00
80 0.0000e+00 0.0000e+00 1.1065e-04 7.8439e-05 1.1065e-04 1.6014e-01 0.0000e+00
81 0.0000e+00 0.0000e+00 1.1054e-04 6.8876e-05 1.1054e-04 1.6019e-01 0.0000e+00
82 0.0000e+00 0.0000e+00 1.1039e-04 6.0511e-05 1.1039e-04 1.6024e-01 0.0000e+00
83 0.0000e+00 0.0000e+00 1.1022e-04 5.3189e-05 1.1022e-04 1.6029e-01 0.0000e+00
84 0.0000e+00 0.0000e+00 1.1003e-04 4.6779e-05 1.1003e-04 1.6036e-01 0.0000e+00
85 0.0000e+00 0.0000e+00 1.0981e-04 4.1162e-05 1.0981e-04 1.6042e-01 0.0000e+00
86 0.0000e+00 0.0000e+00 1.0957e-04 3.6240e-05 1.0957e-04 1.6050e-01 0.0000e+00
87 0.0000e+00 0.0000e+00 1.0932e-04 3.1923e-05 1.0932e-04 1.6057e-01 0.0000e+00
88 0.0000e+00 0.0000e+00 1.0906e-04 2.8135e-05 1.0906e-04 1.6066e-01 0.0000e+00
89 0.0000e+00 0.0000e+00 1.0878e-04 2.4809e-05 1.0878e-04 1.6074e-01 0.0000e+00
90 0.0000e+00 0.0000e+00 1.0850e-04 2.1888e-05 1.0850e-04 1.6083e-01 0.0000e+00
91 0.0000e+00 0.0000e+00 1.0820e-04 1.9321e-05 1.0820e-04 1.6092e-01 0.0000e+00
92 0.0000e+00 0.0000e+00 1.0790e-04 1.7064e-05 1.0790e-04 1.6101e-01 0.0000e+00
93 0.0000e+00 1.9100e-05 1.0760e-04 1.5078e-05 1.0760e-04 1.6110e-01 0.0000e+00
94 0.0000e+00 3.6800e-05 1.0729e-04 1.3331e-05 1.0729e-04 1.6119e-01 0.0000e+00
95 0.0000e+00 5.2100e-05 1.0697e-04 1.1791e-05 1.0697e-04 1.6129e-01 0.0000e+00
96 0.0000e+00 6.3800e-05 1.0666e-04 1.0435e-05 1.0666e-04 1.6138e-01 0.0000e+00
97 5.0000e-04 7.0600e-05 1.0633e-04 9.2396e-06 1.0633e-04 1.6148e-01 0.0000e+00
98 5.0000e-04 7.3700e-05 1.0601e-04 8.1849e-06 1.0601e-04 1.6158e-01 0.0000e+00
99 0.0000e+00 7.0600e-05 1.0569e-04 7.2542e-06 1.0569e-04 1.6168e-01 0.0000e+00
100 0.0000e+00 6.3800e-05 1.0536e-04 6.4321e-06 1.0536e-04 1.6178e-01 0.0000e+00
101 0.0000e+00 5.2100e-05 1.0504e-04 5.7063e-06 1.0504e-04 1.6188e-01 0.0000e+00
102 0.0000e+00 3.6800e-05 1.0471e-04 5.0647e-06 1.0471e-04 1.6198e-01 0.0000e+00
103 0.0000e+00 1.7800e-05 1.0439e-04 4.4975e-06 1.0439e-04 1.6208e-01 0.0000e+00
104 0.0000e+00 0.0000e+00 1.0406e-04 3.9956e-06 1.0406e-04 1.6218e-01 0.0000e+00
105 0.0000e+00 0.0000e+00 1.0374e-04 3.5513e-06 1.0374e-04 1.6228e-01 0.0000e+00
106 0.0000e+00 0.0000e+00 1.0341e-04 3.1579e-06 1.0341e-04 1.6238e-01 0.0000e+00
107 0.0000e+00 0.0000e+00 1.0309e-04 2.8093e-06 1.0309e-04 1.6248e-01 0.0000e+00
108 0.0000e+00 0.0000e+00 1.0277e-04 2.5004e-06 1.0277e-04 1.6258e-01 0.0000e+00
109 0.0000e+00 0.0000e+00 1.0245e-04 2.2263e-06 1.0245e-04 1.6268e-01 0.0000e+00
110 0.0000e+00 0.0000e+00 1.0213e-04 1.9828e-06 1.0213e-04 1.6278e-01 0.0000e+00
111 5.0000e-04 0.0000e+00 1.0181e-04 1.7671e-06 1.0181e-04 1.6288e-01 0.0000e+00
112 0.0000e+00 0.0000e+00 1.0149e-04 1.5755e-06 1.0149e-04 1.6298e-01 0.0000e+00
113 0.0000e+00 0.0000e+00 1.0117e-04 1.4053e-06 1.0117e-04 1.6308e-01 0.0000e+00
114 0.0000e+00 0.0000e+00 1.0086e-04 1.2540e-06 1.0086e-04 1.6318e-01 0.0000e+00
115 0.0000e+00 0.0000e+00 1.0054e-04 1.1195e-06 1.0054e-04 1.6328e-01 0.0000e+00
116 0.0000e+00 0.0000e+00 1.0023e-04 9.9976e-07 1.0023e-04 1.6337e-01 0.0000e+00
117 0.0000e+00 1.0200e-05 9.9922e-05 8.9322e-07 9.9922e-05 1.6347e-01 0.0000e+00
118 0.0000e+00 1.9800e-05 9.9613e-05 7.9835e-07 9.9613e-05 1.6357e-01 0.0000e+00
119 0.0000e+00 2.8000e-05 9.9306e-05 7.1385e-07 9.9306e-05 1.6367e-01 0.0000e+00
120 0.0000e+00 3.4200e-05 9.9000e-05 6.3761e-07 9.9000e-05 1.6377e-01 0.0000e+00
121 0.0000e+00 3.7900e-05 9.8697e-05 5.7062e-07 9.8697e-05 1.6387e-01 0.0000e+00
122 0.0000e+00 3.9500e-05 9.8394e-05 5.1086e-07 9.8394e-05 1.6397e-01 0.0000e+00
123 0.0000e+00 3.7900e-05 9.8094e-05 4.5753e-07 9.8094e-05 1.6406e-01 0.0000e+00
124 0.0000e+00 3.4200e-05 9.7795e-05 4.0992e-07 9.7795e-05 1.6416e-01 0.0000e+00
125 0.0000e+00 2.8000e-05 9.7498e-05 3.6740e-07 9.7498e-05 1.6426e-01 0.0000e+00
126 0.0000e+00 1.9800e-05 9.7202e-05 3.2941e-07 9.7202e-05 1.6435e-01 0.0000e+00
127 0.0000e+00 9.6000e-06 9.6909e-05 2.9545e-07 9.6909e-05 1.6445e-01 0.0000e+00
128 0.0000e+00 0.0000e+00 9.6616e-05 2.6509e-07 9.6616e-05 1.6455e-01 0.0000e+00
129 0.0000e+00 0.0000e+00 9.6326e-05 2.3793e-07 9.6326e-05 1.6464e-01 0.0000e+00
130 0.0000e+00 0.0000e+00 9.6037e-05 2.1363e-07 9.6037e-05 1.6474e-01 0.0000e+00
131 0.0000e+00 0.0000e+00 9.5750e-05 1.8991e-07 9.5750e-05 1.6483e-01 0.0000e+00
132 0.0000e+00 0.0000e+00 9.5465e-05 1.7072e-07 9.5465e-05 1.6493e-01 0.0000e+00
133 0.0000e+00 0.0000e+00 9.5181e-05 1.5352e-07 9.5181e-05 1.6503e-01 0.0000e+00
134 0.0000e+00 0.0000e+00 9.4898e-05 1.3809e-07 9.4898e-05 1.6512e-01 0.0000e+00
135 0.0000e+00 0.0000e+00 9.4618e-05 1.2425e-07 9.4618e-05 1.6521e-01 0.0000e+00
136 0.0000e+00 0.0000e+00 9.4339e-05 1.1183e-07 9.4339e-05 1.6531e-01 0.0000e+00
137 0.0000e+00 0.0000e+00 9.4061e-05 1.0068e-07 9.4061e-05 1.6540e-01 0.0000e+00
138 0.0000e+00 0.0000e+00 9.3786e-05 9.0672e-08 9.3786e-05 1.6550e-01 0.0000e+00
139 0.0000e+00 0.0000e+00 9.3511e-05 8.1682e-08 9.3511e-05 1.6559e-01 0.0000e+00
140 0.0000e+00 0.0000e+00 9.3239e-05 7.3605e-08 9.3239e-05 1.6568e-01 0.0000e+00
141 5.0000e-04 4.1400e-05 9.2968e-05 6.3312e-08 9.2968e-05 1.6578e-01 0.0000e+00
142 0.0000e+00 7.9900e-05 9.2698e-05 5.7182e-08 9.2698e-05 1.6587e-01 0.0000e+00
143 0.0000e+00 1.1300e-04 9.2430e-05 5.1656e-08 9.2430e-05 1.6596e-01 0.0000e+00
144 0.0000e+00 1.3840e-04 9.2164e-05 4.6675e-08 9.2164e-05 1.6605e-01 0.0000e+00
145 0.0000e+00 1.5310e-04 9.1899e-05 4.2184e-08 9.1899e-05 1.6614e-01 0.0000e+00
146 0.0000e+00 1.5990e-04 9.1636e-05 3.8134e-08 9.1636e-05 1.6624e-01 0.0000e+00
147 0.0000e+00 1.5310e-04 9.1374e-05 3.4481e-08 9.1374e-05 1.6633e-01 0.0000e+00
148 0.0000e+00 1.3840e-04 9.1113e-05 3.1184e-08 9.1113e-05 1.6642e-01 0.0000e+00
149 0.0000e+00 1.1300e-04 9.0854e-05 2.8209e-08 9.0854e-05 1.6651e-01 0.0000e+00
150 0.0000e+00 7.9900e-05 9.0597e-05 2.5523e-08 9.0597e-05 1.6660e-01 0.0000e+00
151 0.0000e+00 3.8700e-05 9.0341e-05 2.3098e-08 9.0341e-05 1.6669e-01 0.0000e+00
152 0.0000e+00 0.0000e+00 9.0086e-05 1.8699e-08 9.0086e-05 1.6678e-01 0.0000e+00
153 0.0000e+00 0.0000e+00 8.9833e-05 1.6979e-08 8.9833e-05 1.6687e-01 0.0000e+00
154 0.0000e+00 0.0000e+00 8.9581e-05 1.5419e-08 8.9581e-05 1.6696e-01 0.0000e+00
155 0.0000e+00 0.0000e+00 8.9331e-05 1.4005e-08 8.9331e-05 1.6705e-01 0.0000e+00
156 0.0000e+00 0.0000e+00 8.9082e-05 1.2722e-08 8.9082e-05 1.6714e-01 0.0000e+00
157 0.0000e+00 0.0000e+00 8.8834e-05 1.1559e-08 8.8834e-05 1.6723e-01 0.0000e+00
158 0.0000e+00 0.0000e+00 8.8588e-05 1.0504e-08 8.8588e-05 1.6732e-01 0.0000e+00
159 0.0000e+00 0.0000e+00 8.8343e-05 9.5458e-09 8.8343e-05 1.6740e-01 0.0000e+00
160 0.0000e+00 0.0000e+00 8.8099e-05 8.6767e-09 8.8099e-05 1.6749e-01 0.0000e+00
161 0.0000e+00 0.0000e+00 8.7857e-05 7.8879e-09 8.7857e-05 1.6758e-01 0.0000e+00
162 0.0000e+00 0.0000e+00 8.7616e-05 6.0553e-09 8.7616e-05 1.6767e-01 0.0000e+00
163 0.0000e+00 0.0000e+00 8.7377e-05 5.5236e-09 8.7377e-05 1.6775e-01 0.0000e+00
164 0.0000e+00 0.0000e+00 8.7139e-05 5.0390e-09 8.7139e-05 1.6784e-01 0.0000e+00
165 0.0000e+00 1.7800e-05 8.6902e-05 4.5975e-09 8.6902e-05 1.6793e-01 0.0000e+00
166 0.0000e+00 3.4400e-05 8.6666e-05 4.1950e-09 8.6666e-05 1.6802e-01 0.0000e+00
167 0.0000e+00 4.8600e-05 8.6432e-05 3.8281e-09 8.6432e-05 1.6810e-01 0.0000e+00
168 0.0000e+00 5.9500e-05 8.6198e-05 3.4937e-09 8.6198e-05 1.6819e-01 0.0000e+00
169 0.0000e+00 6.5900e-05 8.5967e-05 3.1887e-09 8.5967e-05 1.6827e-01 0.0000e+00
170 0.0000e+00 6.8800e-05 8.5736e-05 2.9107e-09 8.5736e-05 1.6836e-01 0.0000e+00
171 0.0000e+00 6.5900e-05 8.5507e-05 2.6572e-09 8.5507e-05 1.6845e-01 0.0000e+00
172 0.0000e+00 5.9500e-05 8.5278e-05 2.4259e-09 8.5278e-05 1.6853e-01 0.0000e+00
173 0.0000e+00 4.8600e-05 8.5051e-05 1.7542e-09 8.5051e-05 1.6862e-01 0.0000e+00
174 0.0000e+00 3.4400e-05 8.4826e-05 1.6066e-09 8.4826e-05 1.6870e-01 0.0000e+00
175 0.0000e+00 1.6600e-05 8.4601e-05 1.4714e-09 8.4601e-05 1.6879e-01 0.0000e+00
176 0.0000e+00 0.0000e+00 8.4378e-05 1.3478e-09 8.4378e-05 1.6887e-01 0.0000e+00
177 0.0000e+00 0.0000e+00 8.4156e-05 1.2346e-09 8.4156e-05 1.6895e-01 0.0000e+00
178 0.0000e+00 0.0000e+00 8.3935e-05 1.1309e-09 8.3935e-05 1.6904e-01 0.0000e+00
179 0.0000e+00 0.0000e+00 8.3715e-05 1.0361e-09 8.3715e-05 1.6912e-01 0.0000e+00
180 0.0000e+00 0.0000e+00 8.3496e-05 9.4927e-10 8.3496e-05 1.6920e-01 0.0000e+00
181 0.0000e+00 0.0000e+00 8.3278e-05 8.6977e-10 8.3278e-05 1.6929e-01 0.0000e+00
182 0.0000e+00 0.0000e+00 8.3062e-05 7.9698e-10 8.3062e-05 1.6937e-01 0.0000e+00
183 0.0000e+00 0.0000e+00 8.2847e-05 4.7448e-10 8.2847e-05 1.6945e-01 0.0000e+00
184 0.0000e+00 0.0000e+00 8.2632e-05 4.3634e-10 8.2632e-05 1.6954e-01 0.0000e+00
185 0.0000e+00 0.0000e+00 8.2419e-05 4.0128e-10 8.2419e-05 1.6962e-01 0.0000e+00
186 0.0000e+00 0.0000e+00 8.2207e-05 3.6905e-10 8.2207e-05 1.6970e-01 0.0000e+00
187 0.0000e+00 0.0000e+00 8.1996e-05 3.3943e-10 8.1996e-05 1.6978e-01 0.0000e+00
188 0.0000e+00 0.0000e+00 8.1787e-05 3.1220e-10 8.1787e-05 1.6987e-01 0.0000e+00
189 0.0000e+00 4.5600e-05 8.1578e-05 2.8717e-10 8.1578e-05 1.6995e-01 0.0000e+00
190 5.0000e-04 8.7900e-05 8.1370e-05 2.6415e-10 8.1370e-05 1.7003e-01 0.0000e+00
191 0.0000e+00 1.2440e-04 8.1163e-05 2.4300e-10 8.1163e-05 1.7011e-01 0.0000e+00
192 0.0000e+00 1.5230e-04 8.0958e-05 2.2354e-10 8.0958e-05 1.7019e-01 0.0000e+00
193 0.0000e+00 1.6850e-04 8.0753e-05 2.0565e-10 8.0753e-05 1.7027e-01 0.0000e+00
194 0.0000e+00 1.7590e-04 8.0550e-05 8.5459e-11 8.0550e-05 1.7035e-01 0.0000e+00
195 0.0000e+00 1.6850e-04 8.0347e-05 7.8943e-11 8.0347e-05 1.7043e-01 0.0000e+00
196 0.0000e+00 1.5230e-04 8.0146e-05 7.2926e-11 8.0146e-05 1.7051e-01 0.0000e+00
197 0.0000e+00 1.2440e-04 7.9945e-05 6.7369e-11 7.9945e-05 1.7059e-01 0.0000e+00
198 0.0000e+00 8.7900e-05 7.9746e-05 6.2238e-11 7.9746e-05 1.7067e-01 0.0000e+00
199 0.0000e+00 4.2600e-05 7.9547e-05 5.7499e-11 7.9547e-05 1.7075e-01 0.0000e+00
200 0.0000e+00 0.0000e+00 7.9350e-05 5.3123e-11 7.9350e-05 1.7083e-01 0.0000e+00
201 0.0000e+00 0.0000e+00 7.9153e-05 4.9082e-11 7.9153e-05 1.7091e-01 0.0000e+00
202 0.0000e+00 0.0000e+00 7.8958e-05 4.5349e-11 7.8958e-05 1.7099e-01 0.0000e+00
203 0.0000e+00 0.0000e+00 7.8763e-05 4.1902e-11 7.8763e-05 1.7107e-01 0.0000e+00
204 0.0000e+00 0.0000e+00 7.8570e-05 3.8717e-11 7.8570e-05 1.7115e-01 0.0000e+00
205 0.0000e+00 0.0000e+00 7.8377e-05 1.0933e-11 7.8377e-05 1.7122e-01 0.0000e+00
206 0.0000e+00 0.0000e+00 7.8185e-05 1.0138e-11 7.8185e-05 1.7130e-01 0.0000e+00
207 0.0000e+00 0.0000e+00 7.7994e-05 9.4010e-12 7.7994e-05 1.7138e-01 0.0000e+00
208 0.0000e+00 0.0000e+00 7.7804e-05 8.7180e-12 7.7804e-05 1.7146e-01 0.0000e+00
209 0.0000e+00 0.0000e+00 7.7616e-05 8.0848e-12 7.7616e-05 1.7154e-01 0.0000e+00
210 0.0000e+00 0.0000e+00 7.7428e-05 7.4977e-12 7.7428e-05 1.7161e-01 0.0000e+00
211 0.0000e+00 0.0000e+00 7.7240e-05 6.9534e-12 7.7240e-05 1.7169e-01 0.0000e+00
212 0.0000e+00 0.0000e+00 7.7054e-05 6.4488e-12 7.7054e-05 1.7177e-01 0.0000e+00
213 0.0000e+00 4.9000e-05 7.6869e-05 5.9809e-12 7.6869e-05 1.7184e-01 0.0000e+00
214 0.0000e+00 9.4600e-05 7.6684e-05 5.5471e-12 7.6684e-05 1.7192e-01 0.0000e+00
215 0.0000e+00 1.3380e-04 7.6501e-05 0.0000e+00 7.6501e-05 1.7200e-01 0.0000e+00
216 0.0000e+00 1.6380e-04 7.6318e-05 0.0000e+00 7.6318e-05 1.7207e-01 0.0000e+00
217 0.0000e+00 1.8130e-04 7.6136e-05 0.0000e+00 7.6136e-05 1.7215e-01 0.0000e+00
218 0.0000e+00 1.8920e-04 7.5955e-05 0.0000e+00 7.5955e-05 1.7223e-01 0.0000e+00
219 0.0000e+00 1.8130e-04 7.5775e-05 0.0000e+00 7.5775e-05 1.7230e-01 0.0000e+00
220 0.0000e+00 1.6380e-04 7.5596e-05 0.0000e+00 7.5596e-05 1.7238e-01 0.0000e+00
221 0.0000e+00 1.3380e-04 7.5418e-05 0.0000e+00 7.5418e-05 1.7245e-01 0.0000e+00
222 0.0000e+00 9.4600e-05 7.5240e-05 0.0000e+00 7.5240e-05 1.7253e-01 0.0000e+00
223 0.0000e+00 4.5800e-05 7.5064e-05 0.0000e+00 7.5064e-05 1.7260e-01 0.0000e+00
224 0.0000e+00 0.0000e+00 7.4888e-05 0.0000e+00 7.4888e-05 1.7268e-01 0.0000e+00
225 0.0000e+00 0.0000e+00 7.4713e-05 0.0000e+00 7.4713e-05 1.7275e-01 0.0000e+00
226 0.0000e+00 0.0000e+00 7.4538e-05 0.0000e+00 7.4538e-05 1.7283e-01 0.0000e+00
227 0.0000e+00 0.0000e+00 7.4365e-05 0.0000e+00 7.4365e-05 1.7290e-01 0.0000e+00
228 0.0000e+00 0.0000e+00 7.4192e-05 0.0000e+00 7.4192e-05 1.7298e-01 0.0000e+00
229 0.0000e+00 0.0000e+00 7.4021e-05 0.0000e+00 7.4021e-05 1.7305e-01 0.0000e+00
230 0.0000e+00 0.0000e+00 7.3850e-05 0.0000e+00 7.3850e-05 1.7312e-01 0.0000e+00
231 0.0000e+00 0.0000e+00 7.3679e-05 0.0000e+00 7.3679e-05 1.7320e-01 0.0000e+00
232 0.0000e+00 0.0000e+00 7.3510e-05 0.0000e+00 7.3510e-05 1.7327e-01 0.0000e+00
233 0.0000e+00 0.0000e+00 7.3341e-05 0.0000e+00 7.3341e-05 1.7334e-01 0.0000e+00
234 0.0000e+00 0.0000e+00 7.3173e-05 0.0000e+00 7.3173e-05 1.7342e-01 0.0000e+00
235 0.0000e+00 0.0000e+00 7.3006e-05 0.0000e+00 7.3006e-05 1.7349e-01 0.0000e+00
236 0.0000e+00 0.0000e+00 7.2840e-05 0.0000e+00 7.2840e-05 1.7356e-01 0.0000e+00
237 0.0000e+00 5.1700e-05 7.2674e-05 0.0000e+00 7.2674e-05 1.7364e-01 0.0000e+00
238 0.0000e+00 9.9800e-05 7.2509e-05 0.0000e+00 7.2509e-05 1.7371e-01 0.0000e+00
239 0.0000e+00 1.4120e-04 7.2345e-05 0.0000e+00 7.2345e-05 1.7378e-01 0.0000e+00
240 0.0000e+00 1.7290e-04 7.2182e-05 0.0000e+00 7.2182e-05 1.7385e-01 0.0000e+00
241 5.0000e-04 1.9130e-04 7.2019e-05 0.0000e+00 7.2019e-05 1.7393e-01 0.0000e+00
242 1.0000e-03 1.9970e-04 7.1857e-05 0.0000e+00 7.1857e-05 1.7400e-01 0.0000e+00
243 0.0000e+00 1.9130e-04 7.1696e-05 0.0000e+00 7.1696e-05 1.7407e-01 0.0000e+00
244 0.0000e+00 1.7290e-04 7.1536e-05 0.0000e+00 7.1536e-05 1.7414e-01 0.0000e+00
245 0.0000e+00 1.4120e-04 7.1376e-05 0.0000e+00 7.1376e-05 1.7421e-01 0.0000e+00
246 0.0000e+00 9.9800e-05 7.1217e-05 0.0000e+00 7.1217e-05 1.7428e-01 0.0000e+00
247 0.0000e+00 4.8300e-05 7.1059e-05 0.0000e+00 7.1059e-05 1.7435e-01 0.0000e+00
248 0.0000e+00 0.0000e+00 7.0901e-05 0.0000e+00 7.0901e-05 1.7442e-01 0.0000e+00
249 0.0000e+00 0.0000e+00 7.0744e-05 0.0000e+00 7.0744e-05 1.7450e-01 0.0000e+00
250 0.0000e+00 0.0000e+00 7.0588e-05 0.0000e+00 7.0588e-05 1.7457e-01 0.0000e+00
251 0.0000e+00 0.0000e+00 7.0432e-05 0.0000e+00 7.0432e-05 1.7464e-01 0.0000e+00
252 0.0000e+00 0.0000e+00 7.0277e-05 0.0000e+00 7.0277e-05 1.7471e-01 0.0000e+00
253 1.0000e-03 0.0000e+00 7.0123e-05 0.0000e+00 7.0123e-05 1.7478e-01 0.0000e+00
254 0.0000e+00 0.0000e+00 6.9970e-05 0.0000e+00 6.9970e-05 1.7485e-01 0.0000e+00
255 0.0000e+00 0.0000e+00 6.9817e-05 0.0000e+00 6.9817e-05 1.7492e-01 0.0000e+00
256 0.0000e+00 0.0000e+00 6.9665e-05 0.0000e+00 6.9665e-05 1.7499e-01 0.0000e+00
257 0.0000e+00 0.0000e+00 6.9513e-05 0.0000e+00 6.9513e-05 1.7506e-01 0.0000e+00
258 0.0000e+00 0.0000e+00 6.9362e-05 0.0000e+00 6.9362e-05 1.7513e-01 0.0000e+00
259 0.0000e+00 0.0000e+00 6.9212e-05 0.0000e+00 6.9212e-05 1.7519e-01 0.0000e+00
260 0.0000e+00 0.0000e+00 6.9063e-05 0.0000e+00 6.9063e-05 1.7526e-01 0.0000e+00
261 0.0000e+00 7.5200e-05 6.8914e-05 0.0000e+00 6.8914e-05 1.7533e-01 0.0000e+00
262 1.0000e-03 1.4510e-04 6.8766e-05 0.0000e+00 6.8766e-05 1.7540e-01 0.0000e+00
263 0.0000e+00 2.0520e-04 6.8618e-05 0.0000e+00 6.8618e-05 1.7547e-01 0.0000e+00
264 0.0000e+00 2.5130e-04 6.8471e-05 0.0000e+00 6.8471e-05 1.7554e-01 0.0000e+00
265 0.0000e+00 2.7800e-04 6.8325e-05 0.0000e+00 6.8325e-05 1.7561e-01 0.0000e+00
266 0.0000e+00 2.9030e-04 6.8179e-05 0.0000e+00 6.8179e-05 1.7567e-01 0.0000e+00
267 0.0000e+00 2.7800e-04 6.8034e-05 0.0000e+00 6.8034e-05 1.7574e-01 0.0000e+00
268 0.0000e+00 2.5130e-04 6.7889e-05 0.0000e+00 6.7889e-05 1.7581e-01 0.0000e+00
269 0.0000e+00 2.0520e-04 6.7745e-05 0.0000e+00 6.7745e-05 1.7588e-01 0.0000e+00
270 0.0000e+00 1.4510e-04 6.7602e-05 0.0000e+00 6.7602e-05 1.7595e-01 0.0000e+00
271 0.0000e+00 7.0200e-05 6.7459e-05 0.0000e+00 6.7459e-05 1.7601e-01 0.0000e+00
272 0.0000e+00 0.0000e+00 6.7317e-05 0.0000e+00 6.7317e-05 1.7608e-01 0.0000e+00
273 0.0000e+00 0.0000e+00 6.7176e-05 0.0000e+00 6.7176e-05 1.7615e-01 0.0000e+00
274 0.0000e+00 0.0000e+00 6.7035e-05 0.0000e+00 6.7035e-05 1.7622e-01 0.0000e+00
275 0.0000e+00 0.0000e+00 6.6895e-05 0.0000e+00 6.6895e-05 1.7628e-01 0.0000e+00
276 0.0000e+00 0.0000e+00 6.6755e-05 0.0000e+00 6.6755e-05 1.7635e-01 0.0000e+00
277 0.0000e+00 0.0000e+00 6.6616e-05 0.0000e+00 6.6616e-05 1.7642e-01 0.0000e+00
278 0.0000e+00 0.0000e+00 6.6477e-05 0.0000e+00 6.6477e-05 1.7648e-01 0.0000e+00
279 0.0000e+00 0.0000e+00 6.6340e-05 0.0000e+00 6.6340e-05 1.7655e-01 0.0000e+00
280 0.0000e+00 0.0000e+00 6.6202e-05 0.0000e+00 6.6202e-05 1.7661e-01 0.0000e+00
281 0.0000e+00 0.0000e+00 6.6065e-05 0.0000e+00 6.6065e-05 1.7668e-01 0.0000e+00
282 0.0000e+00 0.0000e+00 6.5929e-05 0.0000e+00 6.5929e-05 1.7675e-01 0.0000e+00
283 1.0000e-03 0.0000e+00 6.5793e-05 0.0000e+00 6.5793e-05 1.7681e-01 0.0000e+00
284 5.0000e-04 0.0000e+00 6.5658e-05 0.0000e+00 6.5658e-05 1.7688e-01 0.0000e+00
285 2.5000e-03 2.4400e-05 6.7020e-05 2.0182e-05 6.5524e-05 1.7692e-01 1.4960e-06
286 6.0000e-03 4.7000e-05 1.2114e-04 7.6787e-04 6.5431e-05 1.7622e-01 5.5706e-05
287 4.0000e-03 6.6500e-05 1.0373e-04 1.1345e-03 6.6883e-05 1.7515e-01 3.6851e-05
288 1.5000e-03 8.1400e-05 8.2516e-05 1.1452e-03 6.9152e-05 1.7408e-01 1.3363e-05
289 0.0000e+00 9.0100e-05 7.1517e-05 9.8584e-04 7.1517e-05 1.7316e-01 0.0000e+00
290 0.0000e+00 9.4000e-05 7.3590e-05 8.5719e-04 7.3590e-05 1.7238e-01 0.0000e+00
291 5.0000e-04 9.0100e-05 7.7605e-05 7.7800e-04 7.5414e-05 1.7168e-01 2.1904e-06
292 0.0000e+00 8.1400e-05 7.7088e-05 6.7790e-04 7.7088e-05 1.7108e-01 0.0000e+00
293 0.0000e+00 6.6500e-05 7.8549e-05 5.9235e-04 7.8549e-05 1.7056e-01 0.0000e+00
294 1.5000e-03 4.7000e-05 9.1589e-05 6.8477e-04 7.9821e-05 1.6996e-01 1.1768e-05
295 1.0000e-03 2.2800e-05 9.0228e-05 7.1565e-04 8.1344e-05 1.6932e-01 8.8841e-06
296 0.0000e+00 0.0000e+00 8.2972e-05 6.1634e-04 8.2972e-05 1.6879e-01 0.0000e+00
297 0.0000e+00 0.0000e+00 8.4367e-05 5.3666e-04 8.4367e-05 1.6834e-01 0.0000e+00
298 0.0000e+00 0.0000e+00 8.5568e-05 4.6835e-04 8.5568e-05 1.6795e-01 0.0000e+00
299 0.0000e+00 0.0000e+00 8.6598e-05 4.0924e-04 8.6598e-05 1.6763e-01 0.0000e+00
300 0.0000e+00 0.0000e+00 8.7475e-05 3.5789e-04 8.7475e-05 1.6736e-01 0.0000e+00
301 0.0000e+00 0.0000e+00 8.8217e-05 3.1320e-04 8.8217e-05 1.6714e-01 0.0000e+00
302 0.0000e+00 0.0000e+00 8.8840e-05 2.7426e-04 8.8840e-05 1.6695e-01 0.0000e+00
303 0.0000e+00 0.0000e+00 8.9356e-05 2.4029e-04 8.9356e-05 1.6680e-01 0.0000e+00
304 0.0000e+00 0.0000e+00 8.9779e-05 2.1065e-04 8.9779e-05 1.6668e-01 0.0000e+00
305 0.0000e+00 0.0000e+00 9.0118e-05 1.8475e-04 9.0118e-05 1.6658e-01 0.0000e+00
306 0.0000e+00 0.0000e+00 9.0385e-05 1.6212e-04 9.0385e-05 1.6651e-01 0.0000e+00
307 0.0000e+00 0.0000e+00 9.0588e-05 1.4233e-04 9.0588e-05 1.6646e-01 0.0000e+00
308 0.0000e+00 0.0000e+00 9.0735e-05 1.2502e-04 9.0735e-05 1.6643e-01 0.0000e+00
309 0.0000e+00 2.8800e-05 9.0832e-05 1.0987e-04 9.0832e-05 1.6641e-01 0.0000e+00
310 5.0000e-04 5.5500e-05 9.5066e-05 1.5791e-04 9.0886e-05 1.6634e-01 4.1802e-06
311 0.0000e+00 7.8500e-05 9.1077e-05 1.3372e-04 9.1077e-05 1.6630e-01 0.0000e+00
312 0.0000e+00 9.6200e-05 9.1198e-05 1.1628e-04 9.1198e-05 1.6627e-01 0.0000e+00
313 0.0000e+00 1.0640e-04 9.1270e-05 1.0148e-04 9.1270e-05 1.6626e-01 0.0000e+00
314 0.0000e+00 1.1110e-04 9.1299e-05 8.8738e-05 9.1299e-05 1.6627e-01 0.0000e+00
315 0.0000e+00 1.0640e-04 9.1291e-05 7.7709e-05 9.1291e-05 1.6628e-01 0.0000e+00
316 0.0000e+00 9.6200e-05 9.1253e-05 6.8132e-05 9.1253e-05 1.6630e-01 0.0000e+00
317 5.0000e-04 7.8500e-05 9.1187e-05 5.9795e-05 9.1187e-05 1.6633e-01 0.0000e+00
318 1.0000e-03 5.5500e-05 9.8322e-05 1.5855e-04 9.1097e-05 1.6627e-01 7.2249e-06
319 5.0000e-04 2.6900e-05 9.5433e-05 1.9127e-04 9.1290e-05 1.6617e-01 4.1437e-06
320 0.0000e+00 0.0000e+00 9.1575e-05 1.6069e-04 9.1575e-05 1.6610e-01 0.0000e+00
321 0.0000e+00 0.0000e+00 9.1773e-05 1.3849e-04 9.1773e-05 1.6605e-01 0.0000e+00
322 1.0000e-03 0.0000e+00 1.0098e-04 2.5339e-04 9.1907e-05 1.6589e-01 9.0715e-06
323 1.0000e-03 0.0000e+00 1.0169e-04 3.4751e-04 9.2372e-05 1.6563e-01 9.3222e-06
324 0.0000e+00 0.0000e+00 9.3112e-05 2.9008e-04 9.3112e-05 1.6544e-01 0.0000e+00
325 0.0000e+00 0.0000e+00 9.3687e-05 2.4956e-04 9.3687e-05 1.6528e-01 0.0000e+00
326 0.0000e+00 0.0000e+00 9.4144e-05 2.1570e-04 9.4144e-05 1.6516e-01 0.0000e+00
327 0.0000e+00 0.0000e+00 9.4502e-05 1.8695e-04 9.4502e-05 1.6507e-01 0.0000e+00
328 0.0000e+00 0.0000e+00 9.4776e-05 1.6237e-04 9.4776e-05 1.6500e-01 0.0000e+00
329 0.0000e+00 0.0000e+00 9.4976e-05 1.4126e-04 9.4976e-05 1.6495e-01 0.0000e+00
330 0.0000e+00 0.0000e+00 9.5114e-05 1.2306e-04 9.5114e-05 1.6492e-01 0.0000e+00
331 0.0000e+00 0.0000e+00 9.5197e-05 1.0733e-04 9.5197e-05 1.6491e-01 0.0000e+00
332 0.0000e+00 0.0000e+00 9.5233e-05 9.3714e-05 9.5233e-05 1.6491e-01 0.0000e+00
333 0.0000e+00 1.1200e-05 9.5228e-05 8.1900e-05 9.5228e-05 1.6493e-01 0.0000e+00
334 0.0000e+00 2.1600e-05 9.5189e-05 7.1636e-05 9.5189e-05 1.6495e-01 0.0000e+00
335 0.0000e+00 3.0600e-05 9.5119e-05 6.2709e-05 9.5119e-05 1.6498e-01 0.0000e+00
336 0.0000e+00 3.7400e-05 9.5022e-05 5.4936e-05 9.5022e-05 1.6502e-01 0.0000e+00
337 0.0000e+00 4.1400e-05 9.4903e-05 4.8162e-05 9.4903e-05 1.6507e-01 0.0000e+00
338 5.0000e-04 4.3200e-05 9.8102e-05 9.1783e-05 9.4765e-05 1.6507e-01 3.3369e-06
339 5.0000e-04 4.1400e-05 9.9014e-05 1.3936e-04 9.4756e-05 1.6503e-01 4.2584e-06
340 1.5000e-03 3.7400e-05 1.0849e-04 3.1761e-04 9.4888e-05 1.6481e-01 1.3597e-05
341 1.5000e-03 3.0600e-05 1.0919e-04 4.6201e-04 9.5551e-05 1.6444e-01 1.3635e-05
342 1.0000e-03 2.1600e-05 1.0569e-04 5.1736e-04 9.6652e-05 1.6402e-01 9.0370e-06
343 5.0000e-04 1.0500e-05 1.0239e-04 5.0164e-04 9.7931e-05 1.6361e-01 4.4598e-06
344 1.0000e-03 0.0000e+00 1.0840e-04 5.6515e-04 9.9174e-05 1.6315e-01 9.2244e-06
345 5.0000e-04 0.0000e+00 1.0529e-04 5.4732e-04 1.0063e-04 1.6270e-01 4.6611e-06
346 0.0000e+00 0.0000e+00 1.0204e-04 4.6652e-04 1.0204e-04 1.6234e-01 0.0000e+00
347 0.0000e+00 0.0000e+00 1.0321e-04 4.0245e-04 1.0321e-04 1.6204e-01 0.0000e+00
348 0.0000e+00 0.0000e+00 1.0418e-04 3.4805e-04 1.0418e-04 1.6179e-01 0.0000e+00
349 0.0000e+00 0.0000e+00 1.0498e-04 3.0155e-04 1.0498e-04 1.6160e-01 0.0000e+00
350 0.0000e+00 0.0000e+00 1.0563e-04 2.6164e-04 1.0563e-04 1.6144e-01 0.0000e+00
351 0.0000e+00 0.0000e+00 1.0614e-04 2.2728e-04 1.0614e-04 1.6132e-01 0.0000e+00
352 0.0000e+00 0.0000e+00 1.0654e-04 1.9763e-04 1.0654e-04 1.6123e-01 0.0000e+00
353 5.0000e-04 0.0000e+00 1.1323e-04 2.4125e-04 1.0685e-04 1.6110e-01 6.3825e-06
354 0.0000e+00 0.0000e+00 1.0730e-04 2.0563e-04 1.0730e-04 1.6100e-01 0.0000e+00
355 0.0000e+00 0.0000e+00 1.0763e-04 1.7790e-04 1.0763e-04 1.6093e-01 0.0000e+00
356 0.0000e+00 0.0000e+00 1.0786e-04 1.5432e-04 1.0786e-04 1.6088e-01 0.0000e+00
357 0.0000e+00 7.2300e-05 1.0802e-04 1.3411e-04 1.0802e-04 1.6085e-01 0.0000e+00
358 0.0000e+00 1.3960e-04 1.0811e-04 1.1671e-04 1.0811e-04 1.6085e-01 0.0000e+00
359 0.0000e+00 1.9750e-04 1.0814e-04 1.0168e-04 1.0814e-04 1.6085e-01 0.0000e+00
360 0.0000e+00 2.4180e-04 1.0812e-04 8.8679e-05 1.0812e-04 1.6087e-01 0.0000e+00
361 0.0000e+00 2.6750e-04 1.0805e-04 7.7408e-05 1.0805e-04 1.6090e-01 0.0000e+00
362 0.0000e+00 2.7930e-04 1.0795e-04 6.7626e-05 1.0795e-04 1.6094e-01 0.0000e+00
363 0.0000e+00 2.6750e-04 1.0781e-04 5.9125e-05 1.0781e-04 1.6099e-01 0.0000e+00
364 0.0000e+00 2.4180e-04 1.0765e-04 5.1731e-05 1.0765e-04 1.6105e-01 0.0000e+00
365 0.0000e+00 1.9750e-04 1.0746e-04 4.5294e-05 1.0746e-04 1.6111e-01 0.0000e+00
366 0.0000e+00 1.3960e-04 1.0725e-04 3.9685e-05 1.0725e-04 1.6118e-01 0.0000e+00
367 0.0000e+00 6.7600e-05 1.0703e-04 3.4794e-05 1.0703e-04 1.6125e-01 0.0000e+00
368 0.0000e+00 0.0000e+00 1.0678e-04 3.0525e-05 1.0678e-04 1.6133e-01 0.0000e+00
369 0.0000e+00 0.0000e+00 1.0653e-04 2.6797e-05 1.0653e-04 1.6141e-01 0.0000e+00
370 0.0000e+00 0.0000e+00 1.0626e-04 2.3539e-05 1.0626e-04 1.6149e-01 0.0000e+00
371 0.0000e+00 0.0000e+00 1.0599e-04 2.0689e-05 1.0599e-04 1.6157e-01 0.0000e+00
372 0.0000e+00 0.0000e+00 1.0571e-04 1.8196e-05 1.0571e-04 1.6166e-01 0.0000e+00
373 5.0000e-04 0.0000e+00 1.0542e-04 1.6012e-05 1.0542e-04 1.6175e-01 0.0000e+00
374 7.5000e-03 0.0000e+00 1.7938e-04 8.3299e-04 1.0513e-04 1.6102e-01 7.4255e-05
375 4.5000e-03 0.0000e+00 1.6499e-04 1.2986e-03 1.0754e-04 1.5983e-01 5.7442e-05
376 2.5000e-03 0.0000e+00 1.4353e-04 1.4323e-03 1.1162e-04 1.5851e-01 3.1912e-05
377 5.0000e-04 0.0000e+00 1.2271e-04 1.2809e-03 1.1632e-04 1.5735e-01 6.3825e-06
378 0.0000e+00 0.0000e+00 1.2064e-04 1.0942e-03 1.2064e-04 1.5637e-01 0.0000e+00
379 0.0000e+00 0.0000e+00 1.2436e-04 9.3965e-04 1.2436e-04 1.5556e-01 0.0000e+00
380 0.0000e+00 0.0000e+00 1.2757e-04 8.0857e-04 1.2757e-04 1.5488e-01 0.0000e+00
381 0.0000e+00 1.7400e-05 1.3032e-04 6.9665e-04 1.3032e-04 1.5431e-01 0.0000e+00
382 0.0000e+00 3.3600e-05 1.3264e-04 6.0074e-04 1.3264e-04 1.5384e-01 0.0000e+00
383 1.0000e-03 4.7500e-05 1.4671e-04 6.5823e-04 1.3460e-04 1.5332e-01 1.2114e-05
384 1.0000e-03 5.8200e-05 1.4898e-04 6.9943e-04 1.3682e-04 1.5276e-01 1.2159e-05
385 0.0000e+00 6.4300e-05 1.3924e-04 5.9140e-04 1.3924e-04 1.5230e-01 0.0000e+00
386 5.0000e-04 6.7200e-05 1.4605e-04 5.6338e-04 1.4123e-04 1.5188e-01 4.8197e-06
387 0.0000e+00 6.4300e-05 1.4310e-04 4.8021e-04 1.4310e-04 1.5154e-01 0.0000e+00
388 0.0000e+00 5.8200e-05 1.4462e-04 4.1248e-04 1.4462e-04 1.5128e-01 0.0000e+00
389 0.0000e+00 4.7500e-05 1.4583e-04 3.5501e-04 1.4583e-04 1.5107e-01 0.0000e+00
390 5.0000e-04 3.3600e-05 1.5015e-04 3.4573e-04 1.4679e-04 1.5087e-01 3.3600e-06
391 0.0000e+00 1.6300e-05 1.4770e-04 2.9495e-04 1.4770e-04 1.5072e-01 0.0000e+00
392 5.0000e-04 0.0000e+00 1.5413e-04 3.2208e-04 1.4839e-04 1.5055e-01 5.7457e-06
393 5.0000e-04 0.0000e+00 1.5558e-04 3.4788e-04 1.4919e-04 1.5035e-01 6.3825e-06
394 0.0000e+00 0.0000e+00 1.5012e-04 2.9227e-04 1.5012e-04 1.5021e-01 0.0000e+00
395 0.0000e+00 0.0000e+00 1.5079e-04 2.4996e-04 1.5079e-04 1.5011e-01 0.0000e+00
396 0.0000e+00 0.0000e+00 1.5126e-04 2.1454e-04 1.5126e-04 1.5004e-01 0.0000e+00
397 0.0000e+00 0.0000e+00 1.5156e-04 1.8455e-04 1.5156e-04 1.5001e-01 0.0000e+00
398 0.0000e+00 0.0000e+00 1.5171e-04 1.5901e-04 1.5171e-04 1.5000e-01 0.0000e+00
399 0.0000e+00 0.0000e+00 1.5175e-04 1.3720e-04 1.5175e-04 1.5002e-01 0.0000e+00
400 0.0000e+00 0.0000e+00 1.5168e-04 1.1852e-04 1.5168e-04 1.5005e-01 0.0000e+00
401 0.0000e+00 0.0000e+00 1.5152e-04 1.0250e-04 1.5152e-04 1.5010e-01 0.0000e+00
402 1.0000e-03 0.0000e+00 1.6406e-04 2.4130e-04 1.5129e-04 1.5001e-01 1.2765e-05
403 0.0000e+00 0.0000e+00 1.5172e-04 1.9488e-04 1.5172e-04 1.4997e-01 0.0000e+00
404 0.0000e+00 0.0000e+00 1.5192e-04 1.6505e-04 1.5192e-04 1.4995e-01 0.0000e+00
405 5.0000e-04 2.4600e-05 1.5837e-04 2.1716e-04 1.5198e-04 1.4989e-01 6.3825e-06
406 5.0000e-04 4.7400e-05 1.5836e-04 2.5224e-04 1.5229e-04 1.4979e-01 6.0685e-06
407 0.0000e+00 6.7100e-05 1.5277e-04 2.0887e-04 1.5277e-04 1.4973e-01 0.0000e+00
408 5.0000e-04 8.2200e-05 1.5796e-04 2.3637e-04 1.5304e-04 1.4965e-01 4.9217e-06
409 0.0000e+00 9.0900e-05 1.5344e-04 1.9690e-04 1.5344e-04 1.4961e-01 0.0000e+00
410 0.0000e+00 9.5000e-05 1.5365e-04 1.6753e-04 1.5365e-04 1.4959e-01 0.0000e+00
411 0.0000e+00 9.0900e-05 1.5371e-04 1.4314e-04 1.5371e-04 1.4960e-01 0.0000e+00
412 0.0000e+00 8.2200e-05 1.5366e-04 1.2263e-04 1.5366e-04 1.4963e-01 0.0000e+00
413 0.0000e+00 6.7100e-05 1.5351e-04 1.0529e-04 1.5351e-04 1.4968e-01 0.0000e+00
414 0.0000e+00 4.7400e-05 1.5328e-04 9.0554e-05 1.5328e-04 1.4974e-01 0.0000e+00
415 0.0000e+00 2.3000e-05 1.5298e-04 7.8000e-05 1.5298e-04 1.4982e-01 0.0000e+00
416 0.0000e+00 0.0000e+00 1.5262e-04 6.7276e-05 1.5262e-04 1.4991e-01 0.0000e+00
417 0.0000e+00 0.0000e+00 1.5222e-04 5.8098e-05 1.5222e-04 1.5000e-01 0.0000e+00
418 0.0000e+00 0.0000e+00 1.5177e-04 5.0230e-05 1.5177e-04 1.5010e-01 0.0000e+00
419 0.0000e+00 0.0000e+00 1.5129e-04 4.3473e-05 1.5129e-04 1.5021e-01 0.0000e+00
420 0.0000e+00 0.0000e+00 1.5078e-04 3.7664e-05 1.5078e-04 1.5032e-01 0.0000e+00
421 0.0000e+00 0.0000e+00 1.5025e-04 3.2664e-05 1.5025e-04 1.5044e-01 0.0000e+00
422 0.0000e+00 0.0000e+00 1.4970e-04 2.8354e-05 1.4970e-04 1.5056e-01 0.0000e+00
423 0.0000e+00 0.0000e+00 1.4913e-04 2.4635e-05 1.4913e-04 1.5069e-01 0.0000e+00
424 0.0000e+00 0.0000e+00 1.4855e-04 2.1423e-05 1.4855e-04 1.5081e-01 0.0000e+00
425 0.0000e+00 0.0000e+00 1.4796e-04 1.8646e-05 1.4796e-04 1.5094e-01 0.0000e+00
426 0.0000e+00 0.0000e+00 1.4737e-04 1.6242e-05 1.4737e-04 1.5107e-01 0.0000e+00
427 5.0000e-04 0.0000e+00 1.4676e-04 1.4160e-05 1.4676e-04 1.5121e-01 0.0000e+00
428 2.0000e-03 0.0000e+00 1.7072e-04 3.0284e-04 1.4616e-04 1.5105e-01 2.4562e-05
429 3.0000e-03 3.2600e-05 1.8517e-04 6.9032e-04 1.4687e-04 1.5051e-01 3.8295e-05
430 2.0000e-03 6.2900e-05 1.7450e-04 8.5125e-04 1.4939e-04 1.4980e-01 2.5114e-05
431 1.0000e-03 8.9000e-05 1.6466e-04 8.4072e-04 1.5270e-04 1.4912e-01 1.1962e-05
432 0.0000e+00 1.0900e-04 1.5602e-04 6.9992e-04 1.5602e-04 1.4857e-01 0.0000e+00
433 5.0000e-04 1.2060e-04 1.6255e-04 6.3936e-04 1.5870e-04 1.4809e-01 3.8575e-06
434 0.0000e+00 1.2590e-04 1.6110e-04 5.3981e-04 1.6110e-04 1.4771e-01 0.0000e+00
435 0.0000e+00 1.2060e-04 1.6302e-04 4.5944e-04 1.6302e-04 1.4742e-01 0.0000e+00
436 0.0000e+00 1.0900e-04 1.6453e-04 3.9192e-04 1.6453e-04 1.4719e-01 0.0000e+00
437 3.5000e-03 8.9000e-05 2.0764e-04 8.0631e-04 1.6571e-04 1.4655e-01 4.1937e-05
438 0.0000e+00 6.2900e-05 1.6906e-04 6.5062e-04 1.6906e-04 1.4607e-01 0.0000e+00
439 0.0000e+00 3.0500e-05 1.7162e-04 5.4948e-04 1.7162e-04 1.4569e-01 0.0000e+00
440 0.0000e+00 0.0000e+00 1.7366e-04 4.6613e-04 1.7366e-04 1.4540e-01 0.0000e+00
441 0.0000e+00 0.0000e+00 1.7525e-04 3.9662e-04 1.7525e-04 1.4517e-01 0.0000e+00
442 0.0000e+00 0.0000e+00 1.7647e-04 3.3822e-04 1.7647e-04 1.4501e-01 0.0000e+00
443 0.0000e+00 0.0000e+00 1.7736e-04 2.8890e-04 1.7736e-04 1.4490e-01 0.0000e+00
444 5.0000e-04 0.0000e+00 1.8299e-04 2.9706e-04 1.7798e-04 1.4478e-01 5.0044e-06
445 0.0000e+00 0.0000e+00 1.7865e-04 2.5019e-04 1.7865e-04 1.4471e-01 0.0000e+00
446 0.0000e+00 0.0000e+00 1.7905e-04 2.1342e-04 1.7905e-04 1.4468e-01 0.0000e+00
447 0.0000e+00 0.0000e+00 1.7924e-04 1.8250e-04 1.7924e-04 1.4467e-01 0.0000e+00
448 0.0000e+00 0.0000e+00 1.7926e-04 1.5634e-04 1.7926e-04 1.4470e-01 0.0000e+00
449 0.0000e+00 0.0000e+00 1.7913e-04 1.3412e-04 1.7913e-04 1.4474e-01 0.0000e+00
450 0.0000e+00 0.0000e+00 1.7888e-04 1.1522e-04 1.7888e-04 1.4480e-01 0.0000e+00
451 0.0000e+00 0.0000e+00 1.7852e-04 9.9089e-05 1.7852e-04 1.4488e-01 0.0000e+00
452 5.0000e-04 0.0000e+00 1.8653e-04 1.6337e-04 1.7808e-04 1.4490e-01 8.4529e-06
453 0.0000e+00 2.2400e-05 1.7800e-04 1.3404e-04 1.7800e-04 1.4494e-01 0.0000e+00
454 0.0000e+00 4.3300e-05 1.7775e-04 1.1353e-04 1.7775e-04 1.4501e-01 0.0000e+00
455 0.0000e+00 6.1200e-05 1.7740e-04 9.6679e-05 1.7740e-04 1.4509e-01 0.0000e+00
456 0.0000e+00 7.5000e-05 1.7695e-04 8.2618e-05 1.7695e-04 1.4518e-01 0.0000e+00
457 0.0000e+00 8.3000e-05 1.7643e-04 7.0783e-05 1.7643e-04 1.4529e-01 0.0000e+00
458 0.0000e+00 8.6600e-05 1.7585e-04 6.0765e-05 1.7585e-04 1.4540e-01 0.0000e+00
459 0.0000e+00 8.3000e-05 1.7522e-04 5.2253e-05 1.7522e-04 1.4553e-01 0.0000e+00
460 0.0000e+00 7.5000e-05 1.7454e-04 4.4999e-05 1.7454e-04 1.4565e-01 0.0000e+00
461 0.0000e+00 6.1200e-05 1.7384e-04 3.8804e-05 1.7384e-04 1.4579e-01 0.0000e+00
462 0.0000e+00 4.3300e-05 1.7311e-04 3.3503e-05 1.7311e-04 1.4593e-01 0.0000e+00
463 0.0000e+00 2.1000e-05 1.7235e-04 2.8960e-05 1.7235e-04 1.4607e-01 0.0000e+00
464 0.0000e+00 0.0000e+00 1.7158e-04 2.5061e-05 1.7158e-04 1.4622e-01 0.0000e+00
465 1.0000e-03 0.0000e+00 1.7525e-04 7.6859e-05 1.7080e-04 1.4631e-01 4.4528e-06
466 5.0000e-04 0.0000e+00 1.7668e-04 1.3966e-04 1.7030e-04 1.4634e-01 6.3825e-06
467 0.0000e+00 0.0000e+00 1.7013e-04 1.1105e-04 1.7013e-04 1.4640e-01 0.0000e+00
468 0.0000e+00 0.0000e+00 1.6982e-04 9.3072e-05 1.6982e-04 1.4648e-01 0.0000e+00
469 5.0000e-04 0.0000e+00 1.7580e-04 1.5746e-04 1.6941e-04 1.4649e-01 6.3825e-06
470 0.0000e+00 0.0000e+00 1.6935e-04 1.2663e-04 1.6935e-04 1.4653e-01 0.0000e+00
471 0.0000e+00 0.0000e+00 1.6912e-04 1.0657e-04 1.6912e-04 1.4660e-01 0.0000e+00
472 5.0000e-04 0.0000e+00 1.7518e-04 1.6901e-04 1.6879e-04 1.4660e-01 6.3825e-06
473 5.0000e-04 0.0000e+00 1.7518e-04 2.1541e-04 1.6880e-04 1.4655e-01 6.3825e-06
474 0.0000e+00 0.0000e+00 1.6904e-04 1.7514e-04 1.6904e-04 1.4654e-01 0.0000e+00
475 0.0000e+00 0.0000e+00 1.6907e-04 1.4746e-04 1.6907e-04 1.4657e-01 0.0000e+00
476 0.0000e+00 0.0000e+00 1.6896e-04 1.2485e-04 1.6896e-04 1.4661e-01 0.0000e+00
477 0.0000e+00 9.2000e-06 1.6873e-04 1.0611e-04 1.6873e-04 1.4667e-01 0.0000e+00
478 0.0000e+00 1.7800e-05 1.6840e-04 9.0447e-05 1.6840e-04 1.4675e-01 0.0000e+00
479 0.0000e+00 2.5200e-05 1.6799e-04 7.7272e-05 1.6799e-04 1.4684e-01 0.0000e+00
480 0.0000e+00 3.0900e-05 1.6751e-04 6.6142e-05 1.6751e-04 1.4694e-01 0.0000e+00
481 0.0000e+00 3.4200e-05 1.6698e-04 5.6708e-05 1.6698e-04 1.4705e-01 0.0000e+00
482 5.0000e-04 3.5700e-05 1.7129e-04 1.0879e-04 1.6641e-04 1.4711e-01 4.8865e-06
483 2.5000e-03 3.4200e-05 1.9816e-04 4.7373e-04 1.6611e-04 1.4680e-01 3.2050e-05
484 1.0000e-03 3.0900e-05 1.8004e-04 5.2122e-04 1.6771e-04 1.4645e-01 1.2328e-05
485 0.0000e+00 2.5200e-05 1.6958e-04 4.2499e-04 1.6958e-04 1.4619e-01 0.0000e+00
486 1.0000e-03 1.7800e-05 1.8298e-04 5.0616e-04 1.7093e-04 1.4586e-01 1.2049e-05
487 0.0000e+00 8.6000e-06 1.7273e-04 4.1541e-04 1.7273e-04 1.4562e-01 0.0000e+00
488 0.0000e+00 0.0000e+00 1.7405e-04 3.5045e-04 1.7405e-04 1.4544e-01 0.0000e+00
489 0.0000e+00 0.0000e+00 1.7501e-04 2.9692e-04 1.7501e-04 1.4532e-01 0.0000e+00
490 0.0000e+00 0.0000e+00 1.7568e-04 2.5233e-04 1.7568e-04 1.4524e-01 0.0000e+00
491 0.0000e+00 0.0000e+00 1.7610e-04 2.1493e-04 1.7610e-04 1.4520e-01 0.0000e+00
492 0.0000e+00 0.0000e+00 1.7632e-04 1.8341e-04 1.7632e-04 1.4520e-01 0.0000e+00
493 0.0000e+00 0.0000e+00 1.7635e-04 1.5676e-04 1.7635e-04 1.4521e-01 0.0000e+00
494 0.0000e+00 0.0000e+00 1.7625e-04 1.3418e-04 1.7625e-04 1.4526e-01 0.0000e+00
495 0.0000e+00 0.0000e+00 1.7601e-04 1.1499e-04 1.7601e-04 1.4532e-01 0.0000e+00
496 0.0000e+00 0.0000e+00 1.7568e-04 9.8670e-05 1.7568e-04 1.4539e-01 0.0000e+00
497 0.0000e+00 0.0000e+00 1.7526e-04 8.4763e-05 1.7526e-04 1.4549e-01 0.0000e+00
498 0.0000e+00 0.0000e+00 1.7476e-04 7.2896e-05 1.7476e-04 1.4559e-01 0.0000e+00
499 0.0000e+00 0.0000e+00 1.7421e-04 6.2758e-05 1.7421e-04 1.4570e-01 0.0000e+00
500 0.0000e+00 0.0000e+00 1.7360e-04 5.4086e-05 1.7360e-04 1.4582e-01 0.0000e+00
501 0.0000e+00 6.3800e-05 1.7295e-04 4.6660e-05 1.7295e-04 1.4594e-01 0.0000e+00
502 0.0000e+00 1.2310e-04 1.7227e-04 4.0292e-05 1.7227e-04 1.4608e-01 0.0000e+00
503 0.0000e+00 1.7420e-04 1.7156e-04 3.4828e-05 1.7156e-04 1.4621e-01 0.0000e+00
504 0.0000e+00 2.1330e-04 1.7083e-04 3.0132e-05 1.7083e-04 1.4635e-01 0.0000e+00
505 0.0000e+00 2.3600e-04 1.7008e-04 2.6094e-05 1.7008e-04 1.4650e-01 0.0000e+00
506 0.0000e+00 2.4640e-04 1.6932e-04 2.2617e-05 1.6932e-04 1.4664e-01 0.0000e+00
507 0.0000e+00 2.3600e-04 1.6854e-04 1.9621e-05 1.6854e-04 1.4679e-01 0.0000e+00
508 0.0000e+00 2.1330e-04 1.6776e-04 1.7037e-05 1.6776e-04 1.4694e-01 0.0000e+00
509 0.0000e+00 1.7420e-04 1.6697e-04 1.4806e-05 1.6697e-04 1.4710e-01 0.0000e+00
510 0.0000e+00 1.2310e-04 1.6618e-04 1.2878e-05 1.6618e-04 1.4725e-01 0.0000e+00
511 0.0000e+00 5.9600e-05 1.6539e-04 1.1210e-05 1.6539e-04 1.4740e-01 0.0000e+00
512 0.0000e+00 0.0000e+00 1.6459e-04 9.7665e-06 1.6459e-04 1.4756e-01 0.0000e+00
513 0.0000e+00 0.0000e+00 1.6380e-04 8.5154e-06 1.6380e-04 1.4771e-01 0.0000e+00
514 0.0000e+00 0.0000e+00 1.6301e-04 7.4305e-06 1.6301e-04 1.4787e-01 0.0000e+00
515 0.0000e+00 0.0000e+00 1.6221e-04 6.4883e-06 1.6221e-04 1.4803e-01 0.0000e+00
516 0.0000e+00 0.0000e+00 1.6143e-04 5.6704e-06 1.6143e-04 1.4818e-01 0.0000e+00
517 0.0000e+00 0.0000e+00 1.6064e-04 4.9593e-06 1.6064e-04 1.4834e-01 0.0000e+00
518 0.0000e+00 0.0000e+00 1.5986e-04 4.3406e-06 1.5986e-04 1.4849e-01 0.0000e+00
519 0.0000e+00 0.0000e+00 1.5909e-04 3.8018e-06 1.5909e-04 1.4865e-01 0.0000e+00
520 0.0000e+00 0.0000e+00 1.5832e-04 3.3323e-06 1.5832e-04 1.4880e-01 0.0000e+00
521 0.0000e+00 0.0000e+00 1.5755e-04 2.9228e-06 1.5755e-04 1.4896e-01 0.0000e+00
522 0.0000e+00 0.0000e+00 1.5679e-04 2.5654e-06 1.5679e-04 1.4911e-01 0.0000e+00
523 0.0000e+00 0.0000e+00 1.5604e-04 2.2532e-06 1.5604e-04 1.4927e-01 0.0000e+00
524 0.0000e+00 0.0000e+00 1.5529e-04 1.9804e-06 1.5529e-04 1.4942e-01 0.0000e+00
525 0.0000e+00 4.1700e-05 1.5455e-04 1.7413e-06 1.5455e-04 1.4957e-01 0.0000e+00
526 0.0000e+00 8.0400e-05 1.5381e-04 1.5325e-06 1.5381e-04 1.4972e-01 0.0000e+00
527 0.0000e+00 1.1380e-04 1.5308e-04 1.3496e-06 1.5308e-04 1.4988e-01 0.0000e+00
528 0.0000e+00 1.3930e-04 1.5236e-04 1.1893e-06 1.5236e-04 1.5003e-01 0.0000e+00
529 0.0000e+00 1.5420e-04 1.5164e-04 1.0487e-06 1.5164e-04 1.5018e-01 0.0000e+00
530 0.0000e+00 1.6090e-04 1.5093e-04 9.2527e-07 1.5093e-04 1.5033e-01 0.0000e+00
531 0.0000e+00 1.5420e-04 1.5022e-04 8.1687e-07 1.5022e-04 1.5048e-01 0.0000e+00
532 0.0000e+00 1.3930e-04 1.4952e-04 7.2160e-07 1.4952e-04 1.5063e-01 0.0000e+00
533 0.0000e+00 1.1380e-04 1.4883e-04 6.3781e-07 1.4883e-04 1.5077e-01 0.0000e+00
534 0.0000e+00 8.0400e-05 1.4814e-04 5.6312e-07 1.4814e-04 1.5092e-01 0.0000e+00
535 0.0000e+00 3.8900e-05 1.4746e-04 4.9838e-07 1.4746e-04 1.5107e-01 0.0000e+00
536 0.0000e+00 0.0000e+00 1.4678e-04 4.4132e-07 1.4678e-04 1.5121e-01 0.0000e+00
537 0.0000e+00 0.0000e+00 1.4612e-04 3.9101e-07 1.4612e-04 1.5136e-01 0.0000e+00
538 0.0000e+00 0.0000e+00 1.4545e-04 3.4663e-07 1.4545e-04 1.5151e-01 0.0000e+00
539 0.0000e+00 0.0000e+00 1.4479e-04 3.0744e-07 1.4479e-04 1.5165e-01 0.0000e+00
540 0.0000e+00 0.0000e+00 1.4414e-04 2.7283e-07 1.4414e-04 1.5179e-01 0.0000e+00
541 0.0000e+00 0.0000e+00 1.4349e-04 2.4224e-07 1.4349e-04 1.5194e-01 0.0000e+00
542 0.0000e+00 0.0000e+00 1.4285e-04 2.1518e-07 1.4285e-04 1.5208e-01 0.0000e+00
543 0.0000e+00 0.0000e+00 1.4222e-04 1.8883e-07 1.4222e-04 1.5222e-01 0.0000e+00
544 0.0000e+00 0.0000e+00 1.4159e-04 1.6803e-07 1.4159e-04 1.5236e-01 0.0000e+00
545 0.0000e+00 0.0000e+00 1.4096e-04 1.4960e-07 1.4096e-04 1.5250e-01 0.0000e+00
546 0.0000e+00 0.0000e+00 1.4034e-04 1.3324e-07 1.4034e-04 1.5264e-01 0.0000e+00
547 0.0000e+00 0.0000e+00 1.3973e-04 1.1873e-07 1.3973e-04 1.5278e-01 0.0000e+00
548 0.0000e+00 0.0000e+00 1.3912e-04 1.0584e-07 1.3912e-04 1.5292e-01 0.0000e+00
549 0.0000e+00 2.0700e-05 1.3852e-04 9.4392e-08 1.3852e-04 1.5306e-01 0.0000e+00
550 0.0000e+00 4.0000e-05 1.3792e-04 8.4218e-08 1.3792e-04 1.5320e-01 0.0000e+00
551 0.0000e+00 5.6600e-05 1.3733e-04 7.5172e-08 1.3733e-04 1.5334e-01 0.0000e+00
552 1.0000e-03 6.9300e-05 1.3674e-04 6.7126e-08 1.3674e-04 1.5347e-01 0.0000e+00
553 1.0000e-03 7.6600e-05 1.3616e-04 5.6803e-08 1.3616e-04 1.5361e-01 0.0000e+00
554 2.0000e-03 8.0000e-05 1.4493e-04 1.0815e-04 1.3558e-04 1.5364e-01 9.3451e-06
555 1.5000e-03 7.6600e-05 1.5359e-04 2.9454e-04 1.3546e-04 1.5348e-01 1.8126e-05
556 0.0000e+00 6.9300e-05 1.3614e-04 2.3593e-04 1.3614e-04 1.5338e-01 0.0000e+00
557 5.0000e-04 5.6600e-05 1.4109e-04 2.5045e-04 1.3656e-04 1.5326e-01 4.5214e-06
558 0.0000e+00 4.0000e-05 1.3705e-04 2.0901e-04 1.3705e-04 1.5319e-01 0.0000e+00
559 0.0000e+00 1.9400e-05 1.3736e-04 1.7739e-04 1.3736e-04 1.5315e-01 0.0000e+00
560 0.0000e+00 0.0000e+00 1.3753e-04 1.5129e-04 1.3753e-04 1.5314e-01 0.0000e+00
561 0.0000e+00 0.0000e+00 1.3759e-04 1.2944e-04 1.3759e-04 1.5315e-01 0.0000e+00
562 0.0000e+00 0.0000e+00 1.3756e-04 1.1100e-04 1.3756e-04 1.5317e-01 0.0000e+00
563 0.0000e+00 0.0000e+00 1.3744e-04 9.5378e-05 1.3744e-04 1.5321e-01 0.0000e+00
564 0.0000e+00 0.0000e+00 1.3726e-04 8.2087e-05 1.3726e-04 1.5327e-01 0.0000e+00
565 5.0000e-04 0.0000e+00 1.4193e-04 1.2764e-04 1.3703e-04 1.5328e-01 4.9028e-06
566 0.0000e+00 0.0000e+00 1.3699e-04 1.0568e-04 1.3699e-04 1.5331e-01 0.0000e+00
567 0.0000e+00 0.0000e+00 1.3685e-04 9.0059e-05 1.3685e-04 1.5336e-01 0.0000e+00
568 0.0000e+00 0.0000e+00 1.3665e-04 7.7164e-05 1.3665e-04 1.5342e-01 0.0000e+00
569 0.0000e+00 0.0000e+00 1.3640e-04 6.6322e-05 1.3640e-04 1.5349e-01 0.0000e+00
570 0.0000e+00 0.0000e+00 1.3610e-04 5.7129e-05 1.3610e-04 1.5357e-01 0.0000e+00
571 0.0000e+00 0.0000e+00 1.3576e-04 4.9296e-05 1.3576e-04 1.5365e-01 0.0000e+00
572 0.0000e+00 0.0000e+00 1.3540e-04 4.2601e-05 1.3540e-04 1.5374e-01 0.0000e+00
573 3.0000e-03 3.0500e-05 1.7330e-04 4.7930e-04 1.3501e-04 1.5340e-01 3.8295e-05
574 1.0000e-03 5.8900e-05 1.4884e-04 5.2404e-04 1.3647e-04 1.5301e-01 1.2376e-05
575 2.5000e-03 8.3300e-05 1.6929e-04 7.9529e-04 1.3813e-04 1.5236e-01 3.1161e-05
576 3.5000e-03 1.0200e-04 1.8461e-04 1.1627e-03 1.4099e-04 1.5133e-01 4.3614e-05
577 1.5000e-03 1.1290e-04 1.6341e-04 1.1667e-03 1.4557e-04 1.5031e-01 1.7845e-05
578 0.0000e+00 1.1780e-04 1.5029e-04 9.7574e-04 1.5029e-04 1.4949e-01 0.0000e+00
579 0.0000e+00 1.1290e-04 1.5422e-04 8.2880e-04 1.5422e-04 1.4881e-01 0.0000e+00
580 0.0000e+00 1.0200e-04 1.5750e-04 7.0650e-04 1.5750e-04 1.4826e-01 0.0000e+00
581 0.0000e+00 8.3300e-05 1.6023e-04 6.0343e-04 1.6023e-04 1.4782e-01 0.0000e+00
582 0.0000e+00 5.8900e-05 1.6246e-04 5.1611e-04 1.6246e-04 1.4747e-01 0.0000e+00
583 0.0000e+00 2.8500e-05 1.6427e-04 4.4192e-04 1.6427e-04 1.4719e-01 0.0000e+00
584 0.0000e+00 0.0000e+00 1.6570e-04 3.7877e-04 1.6570e-04 1.4698e-01 0.0000e+00
585 0.0000e+00 0.0000e+00 1.6681e-04 3.2493e-04 1.6681e-04 1.4682e-01 0.0000e+00
586 0.0000e+00 0.0000e+00 1.6763e-04 2.7899e-04 1.6763e-04 1.4671e-01 0.0000e+00
587 0.0000e+00 0.0000e+00 1.6822e-04 2.3974e-04 1.6822e-04 1.4664e-01 0.0000e+00
588 0.0000e+00 0.0000e+00 1.6859e-04 2.0618e-04 1.6859e-04 1.4660e-01 0.0000e+00
589 5.0000e-04 0.0000e+00 1.6879e-04 1.7746e-04 1.6879e-04 1.4659e-01 0.0000e+00
590 0.0000e+00 0.0000e+00 1.6884e-04 1.5287e-04 1.6884e-04 1.4661e-01 0.0000e+00
591 0.0000e+00 0.0000e+00 1.6875e-04 1.3180e-04 1.6875e-04 1.4664e-01 0.0000e+00
592 5.0000e-04 0.0000e+00 1.7350e-04 1.7468e-04 1.6856e-04 1.4664e-01 4.9385e-06
593 0.0000e+00 0.0000e+00 1.6859e-04 1.4458e-04 1.6859e-04 1.4666e-01 0.0000e+00
594 1.0000e-03 0.0000e+00 1.8123e-04 2.8093e-04 1.6846e-04 1.4655e-01 1.2765e-05
595 0.0000e+00 0.0000e+00 1.6906e-04 2.2570e-04 1.6906e-04 1.4649e-01 0.0000e+00
596 0.0000e+00 0.0000e+00 1.6936e-04 1.9056e-04 1.6936e-04 1.4647e-01 0.0000e+00
597 0.0000e+00 6.2600e-05 1.6947e-04 1.6182e-04 1.6947e-04 1.4648e-01 0.0000e+00
598 0.0000e+00 1.2080e-04 1.6943e-04 1.3795e-04 1.6943e-04 1.4651e-01 0.0000e+00
599 0.0000e+00 1.7090e-04 1.6926e-04 1.1794e-04 1.6926e-04 1.4656e-01 0.0000e+00
600 0.0000e+00 2.0930e-04 1.6899e-04 1.0105e-04 1.6899e-04 1.4663e-01 0.0000e+00
601 0.0000e+00 2.3150e-04 1.6863e-04 8.6736e-05 1.6863e-04 1.4671e-01 0.0000e+00
602 0.0000e+00 2.4180e-04 1.6820e-04 7.4567e-05 1.6820e-04 1.4680e-01 0.0000e+00
603 0.0000e+00 2.3150e-04 1.6771e-04 6.4195e-05 1.6771e-04 1.4691e-01 0.0000e+00
604 0.0000e+00 2.0930e-04 1.6717e-04 5.5336e-05 1.6717e-04 1.4702e-01 0.0000e+00
605 0.0000e+00 1.7090e-04 1.6658e-04 4.7757e-05 1.6658e-04 1.4714e-01 0.0000e+00
606 0.0000e+00 1.2080e-04 1.6597e-04 4.1262e-05 1.6597e-04 1.4726e-01 0.0000e+00
607 0.0000e+00 5.8500e-05 1.6532e-04 3.5689e-05 1.6532e-04 1.4739e-01 0.0000e+00
608 0.0000e+00 0.0000e+00 1.6465e-04 3.0901e-05 1.6465e-04 1.4753e-01 0.0000e+00
609 0.0000e+00 0.0000e+00 1.6397e-04 2.6782e-05 1.6397e-04 1.4766e-01 0.0000e+00
610 0.0000e+00 0.0000e+00 1.6326e-04 2.3234e-05 1.6326e-04 1.4780e-01 0.0000e+00
611 0.0000e+00 0.0000e+00 1.6255e-04 2.0175e-05 1.6255e-04 1.4795e-01 0.0000e+00
612 0.0000e+00 0.0000e+00 1.6183e-04 1.7534e-05 1.6183e-04 1.4809e-01 0.0000e+00
613 0.0000e+00 0.0000e+00 1.6110e-04 1.5253e-05 1.6110e-04 1.4824e-01 0.0000e+00
614 0.0000e+00 0.0000e+00 1.6037e-04 1.3280e-05 1.6037e-04 1.4838e-01 0.0000e+00
615 0.0000e+00 0.0000e+00 1.5963e-04 1.1572e-05 1.5963e-04 1.4853e-01 0.0000e+00
616 0.0000e+00 0.0000e+00 1.5890e-04 1.0092e-05 1.5890e-04 1.4868e-01 0.0000e+00
617 0.0000e+00 0.0000e+00 1.5816e-04 8.8088e-06 1.5816e-04 1.4883e-01 0.0000e+00
618 0.0000e+00 0.0000e+00 1.5742e-04 7.6947e-06 1.5742e-04 1.4898e-01 0.0000e+00
619 0.0000e+00 0.0000e+00 1.5669e-04 6.7268e-06 1.5669e-04 1.4913e-01 0.0000e+00
620 0.0000e+00 0.0000e+00 1.5596e-04 5.8851e-06 1.5596e-04 1.4928e-01 0.0000e+00
621 0.0000e+00 1.4200e-05 1.5523e-04 5.1527e-06 1.5523e-04 1.4943e-01 0.0000e+00
622 0.0000e+00 2.7500e-05 1.5450e-04 4.5143e-06 1.5450e-04 1.4958e-01 0.0000e+00
623 0.0000e+00 3.8900e-05 1.5378e-04 3.9583e-06 1.5378e-04 1.4973e-01 0.0000e+00
624 1.0000e-03 4.7600e-05 1.5306e-04 3.4733e-06 1.5306e-04 1.4988e-01 0.0000e+00
625 1.0000e-03 5.2700e-05 1.5333e-04 1.4871e-05 1.5235e-04 1.5002e-01 9.8691e-07
626 3.0000e-03 5.5000e-05 1.8931e-04 4.6183e-04 1.5169e-04 1.4971e-01 3.7622e-05
627 2.0000e-03 5.2700e-05 1.7800e-04 6.5616e-04 1.5317e-04 1.4920e-01 2.4828e-05
628 1.5000e-03 4.7600e-05 1.7407e-04 7.5288e-04 1.5560e-04 1.4861e-01 1.8475e-05
629 3.5000e-03 3.8900e-05 2.0260e-04 1.1525e-03 1.5853e-04 1.4761e-01 4.4070e-05
630 4.0000e-03 2.7500e-05 2.2029e-04 1.5490e-03 1.6353e-04 1.4623e-01 5.6765e-05
631 5.0000e-03 1.3300e-05 2.5394e-04 2.0383e-03 1.7077e-04 1.4436e-01 8.3170e-05
632 0.0000e+00 0.0000e+00 1.8103e-04 1.6860e-03 1.8103e-04 1.4285e-01 0.0000e+00
633 0.0000e+00 0.0000e+00 1.8975e-04 1.4250e-03 1.8975e-04 1.4162e-01 0.0000e+00
634 1.0000e-03 0.0000e+00 2.1536e-04 1.3643e-03 1.9721e-04 1.4045e-01 1.8150e-05
635 2.5000e-03 0.0000e+00 2.5053e-04 1.5509e-03 2.0454e-04 1.3910e-01 4.5987e-05
636 3.5000e-03 0.0000e+00 2.7771e-04 1.8609e-03 2.1333e-04 1.3746e-01 6.4382e-05
637 3.0000e-03 0.0000e+00 2.7978e-04 2.0343e-03 2.2460e-04 1.3565e-01 5.5185e-05
638 0.0000e+00 0.0000e+00 2.3767e-04 1.6804e-03 2.3767e-04 1.3420e-01 0.0000e+00
639 5.0000e-04 0.0000e+00 2.5782e-04 1.4964e-03 2.4863e-04 1.3296e-01 9.1975e-06
640 0.0000e+00 0.0000e+00 2.5851e-04 1.2524e-03 2.5851e-04 1.3196e-01 0.0000e+00
641 5.0000e-04 0.0000e+00 2.7587e-04 1.1416e-03 2.6667e-04 1.3109e-01 9.1975e-06
642 0.0000e+00 0.0000e+00 2.7406e-04 9.5204e-04 2.7406e-04 1.3041e-01 0.0000e+00
643 5.0000e-04 0.0000e+00 2.8913e-04 8.8965e-04 2.7993e-04 1.2980e-01 9.1975e-06
644 0.0000e+00 0.0000e+00 2.8531e-04 7.3855e-04 2.8531e-04 1.2935e-01 0.0000e+00
645 0.0000e+00 1.6900e-05 2.8938e-04 6.1989e-04 2.8938e-04 1.2902e-01 0.0000e+00
646 0.0000e+00 3.2600e-05 2.9239e-04 5.2095e-04 2.9239e-04 1.2879e-01 0.0000e+00
647 0.0000e+00 4.6100e-05 2.9448e-04 4.3830e-04 2.9448e-04 1.2864e-01 0.0000e+00
648 0.0000e+00 5.6400e-05 2.9581e-04 3.6917e-04 2.9581e-04 1.2857e-01 0.0000e+00
649 0.0000e+00 6.2400e-05 2.9649e-04 3.1129e-04 2.9649e-04 1.2856e-01 0.0000e+00
650 0.0000e+00 6.5200e-05 2.9663e-04 2.6279e-04 2.9663e-04 1.2859e-01 0.0000e+00
651 0.0000e+00 6.2400e-05 2.9631e-04 2.2211e-04 2.9631e-04 1.2866e-01 0.0000e+00
652 0.0000e+00 5.6400e-05 2.9563e-04 1.8796e-04 2.9563e-04 1.2877e-01 0.0000e+00
653 0.0000e+00 4.6100e-05 2.9463e-04 1.5927e-04 2.9463e-04 1.2891e-01 0.0000e+00
654 0.0000e+00 3.2600e-05 2.9339e-04 1.3513e-04 2.9339e-04 1.2907e-01 0.0000e+00
655 0.0000e+00 1.5800e-05 2.9194e-04 1.1480e-04 2.9194e-04 1.2924e-01 0.0000e+00
656 0.0000e+00 0.0000e+00 2.9033e-04 9.7657e-05 2.9033e-04 1.2943e-01 0.0000e+00
657 0.0000e+00 0.0000e+00 2.8859e-04 8.3185e-05 2.8859e-04 1.2964e-01 0.0000e+00
658 0.0000e+00 0.0000e+00 2.8674e-04 7.0951e-05 2.8674e-04 1.2986e-01 0.0000e+00
659 0.0000e+00 0.0000e+00 2.8481e-04 6.0595e-05 2.8481e-04 1.3008e-01 0.0000e+00
660 0.0000e+00 0.0000e+00 2.8283e-04 5.1818e-05 2.8283e-04 1.3031e-01 0.0000e+00
661 0.0000e+00 0.0000e+00 2.8079e-04 4.4369e-05 2.8079e-04 1.3055e-01 0.0000e+00
662 0.0000e+00 0.0000e+00 2.7872e-04 3.8039e-05 2.7872e-04 1.3079e-01 0.0000e+00
663 0.0000e+00 0.0000e+00 2.7664e-04 3.2652e-05 2.7664e-04 1.3103e-01 0.0000e+00
664 0.0000e+00 0.0000e+00 2.7453e-04 2.8063e-05 2.7453e-04 1.3128e-01 0.0000e+00
665 0.0000e+00 0.0000e+00 2.7243e-04 2.4148e-05 2.7243e-04 1.3153e-01 0.0000e+00
666 5.0000e-04 0.0000e+00 2.7049e-04 2.2448e-05 2.7032e-04 1.3178e-01 1.7053e-07
667 0.0000e+00 0.0000e+00 2.6824e-04 1.9134e-05 2.6824e-04 1.3202e-01 0.0000e+00
668 5.0000e-04 0.0000e+00 2.7535e-04 1.0463e-04 2.6616e-04 1.3219e-01 9.1975e-06
669 5.0000e-04 1.5300e-05 2.7401e-04 1.6644e-04 2.6482e-04 1.3228e-01 9.1975e-06
670 0.0000e+00 2.9500e-05 2.6400e-04 1.2872e-04 2.6400e-04 1.3242e-01 0.0000e+00
671 1.0000e-03 4.1700e-05 2.8046e-04 2.7334e-04 2.6289e-04 1.3241e-01 1.7571e-05
672 0.0000e+00 5.1100e-05 2.6298e-04 2.1047e-04 2.6298e-04 1.3246e-01 0.0000e+00
673 0.0000e+00 5.6500e-05 2.6254e-04 1.7282e-04 2.6254e-04 1.3255e-01 0.0000e+00
674 0.0000e+00 5.9000e-05 2.6181e-04 1.4315e-04 2.6181e-04 1.3267e-01 0.0000e+00
675 5.0000e-04 5.6500e-05 2.6621e-04 1.7030e-04 2.6084e-04 1.3276e-01 5.3718e-06
676 5.0000e-04 5.1100e-05 2.6826e-04 2.1469e-04 2.6010e-04 1.3281e-01 8.1582e-06
677 0.0000e+00 4.1700e-05 2.5973e-04 1.7102e-04 2.5973e-04 1.3289e-01 0.0000e+00
678 0.0000e+00 2.9500e-05 2.5902e-04 1.4162e-04 2.5902e-04 1.3301e-01 0.0000e+00
679 1.0000e-03 1.4300e-05 2.7421e-04 2.7107e-04 2.5807e-04 1.3300e-01 1.6147e-05
680 1.0000e-03 0.0000e+00 2.7630e-04 3.8343e-04 2.5817e-04 1.3287e-01 1.8132e-05
681 0.0000e+00 0.0000e+00 2.5918e-04 3.0148e-04 2.5918e-04 1.3283e-01 0.0000e+00
682 0.0000e+00 0.0000e+00 2.5953e-04 2.4845e-04 2.5953e-04 1.3284e-01 0.0000e+00
683 0.0000e+00 0.0000e+00 2.5944e-04 2.0638e-04 2.5944e-04 1.3290e-01 0.0000e+00
684 0.0000e+00 0.0000e+00 2.5901e-04 1.7220e-04 2.5901e-04 1.3298e-01 0.0000e+00
685 0.0000e+00 0.0000e+00 2.5831e-04 1.4418e-04 2.5831e-04 1.3310e-01 0.0000e+00
686 0.0000e+00 0.0000e+00 2.5739e-04 1.2105e-04 2.5739e-04 1.3323e-01 0.0000e+00
687 0.0000e+00 0.0000e+00 2.5629e-04 1.0187e-04 2.5629e-04 1.3339e-01 0.0000e+00
688 0.0000e+00 0.0000e+00 2.5506e-04 8.5918e-05 2.5506e-04 1.3356e-01 0.0000e+00
689 0.0000e+00 0.0000e+00 2.5371e-04 7.2602e-05 2.5371e-04 1.3374e-01 0.0000e+00
690 0.0000e+00 0.0000e+00 2.5228e-04 6.1460e-05 2.5228e-04 1.3393e-01 0.0000e+00
691 0.0000e+00 0.0000e+00 2.5078e-04 5.2117e-05 2.5078e-04 1.3413e-01 0.0000e+00
692 0.0000e+00 0.0000e+00 2.4923e-04 4.4265e-05 2.4923e-04 1.3433e-01 0.0000e+00
693 0.0000e+00 5.6100e-05 2.4764e-04 3.7655e-05 2.4764e-04 1.3454e-01 0.0000e+00
694 0.0000e+00 1.0830e-04 2.4602e-04 3.2079e-05 2.4602e-04 1.3476e-01 0.0000e+00
695 0.0000e+00 1.5320e-04 2.4438e-04 2.7368e-05 2.4438e-04 1.3497e-01 0.0000e+00
696 0.0000e+00 1.8770e-04 2.4273e-04 2.3382e-05 2.4273e-04 1.3519e-01 0.0000e+00
697 0.0000e+00 2.0760e-04 2.4107e-04 2.0003e-05 2.4107e-04 1.3541e-01 0.0000e+00
698 0.0000e+00 2.1680e-04 2.3941e-04 1.7135e-05 2.3941e-04 1.3564e-01 0.0000e+00
699 0.0000e+00 2.0760e-04 2.3775e-04 1.4697e-05 2.3775e-04 1.3586e-01 0.0000e+00
700 5.0000e-04 1.8770e-04 2.3610e-04 1.2622e-05 2.3610e-04 1.3608e-01 0.0000e+00
701 0.0000e+00 1.5320e-04 2.3446e-04 1.0852e-05 2.3446e-04 1.3631e-01 0.0000e+00
702 0.0000e+00 1.0830e-04 2.3283e-04 9.3414e-06 2.3283e-04 1.3653e-01 0.0000e+00
703 0.0000e+00 5.2400e-05 2.3121e-04 8.0508e-06 2.3121e-04 1.3675e-01 0.0000e+00
704 0.0000e+00 0.0000e+00 2.2960e-04 6.9463e-06 2.2960e-04 1.3697e-01 0.0000e+00
705 0.0000e+00 0.0000e+00 2.2801e-04 5.9999e-06 2.2801e-04 1.3720e-01 0.0000e+00
706 0.0000e+00 0.0000e+00 2.2643e-04 5.1880e-06 2.2643e-04 1.3742e-01 0.0000e+00
707 0.0000e+00 0.0000e+00 2.2487e-04 4.4907e-06 2.2487e-04 1.3764e-01 0.0000e+00
708 0.0000e+00 0.0000e+00 2.2333e-04 3.8911e-06 2.2333e-04 1.3786e-01 0.0000e+00
709 0.0000e+00 0.0000e+00 2.2180e-04 3.3750e-06 2.2180e-04 1.3808e-01 0.0000e+00
710 0.0000e+00 0.0000e+00 2.2029e-04 2.9302e-06 2.2029e-04 1.3829e-01 0.0000e+00
711 0.0000e+00 0.0000e+00 2.1880e-04 2.5459e-06 2.1880e-04 1.3851e-01 0.0000e+00
712 0.0000e+00 0.0000e+00 2.1733e-04 2.2147e-06 2.1733e-04 1.3873e-01 0.0000e+00
713 0.0000e+00 0.0000e+00 2.1587e-04 1.9284e-06 2.1587e-04 1.3894e-01 0.0000e+00
714 0.0000e+00 0.0000e+00 2.1443e-04 1.6806e-06 2.1443e-04 1.3915e-01 0.0000e+00
715 0.0000e+00 0.0000e+00 2.1301e-04 1.4659e-06 2.1301e-04 1.3936e-01 0.0000e+00
716 0.0000e+00 0.0000e+00 2.1161e-04 1.2798e-06 2.1161e-04 1.3957e-01 0.0000e+00
717 0.0000e+00 8.5600e-05 2.1022e-04 1.1183e-06 2.1022e-04 1.3978e-01 0.0000e+00
718 0.0000e+00 1.6520e-04 2.0885e-04 9.7795e-07 2.0885e-04 1.3999e-01 0.0000e+00
719 0.0000e+00 2.3380e-04 2.0750e-04 8.5594e-07 2.0750e-04 1.4020e-01 0.0000e+00
720 0.0000e+00 2.8620e-04 2.0616e-04 7.4859e-07 2.0616e-04 1.4040e-01 0.0000e+00
721 0.0000e+00 3.1670e-04 2.0485e-04 6.5635e-07 2.0485e-04 1.4061e-01 0.0000e+00
722 0.0000e+00 3.3060e-04 2.0354e-04 5.7591e-07 2.0354e-04 1.4081e-01 0.0000e+00
723 0.0000e+00 3.1670e-04 2.0226e-04 5.0571e-07 2.0226e-04 1.4101e-01 0.0000e+00
724 0.0000e+00 2.8620e-04 2.0098e-04 4.4440e-07 2.0098e-04 1.4121e-01 0.0000e+00
725 0.0000e+00 2.3380e-04 1.9973e-04 3.9080e-07 1.9973e-04 1.4141e-01 0.0000e+00
726 0.0000e+00 1.6520e-04 1.9849e-04 3.4391e-07 1.9849e-04 1.4161e-01 0.0000e+00
727 0.0000e+00 8.0000e-05 1.9726e-04 3.0286e-07 1.9726e-04 1.4181e-01 0.0000e+00
728 0.0000e+00 0.0000e+00 1.9605e-04 2.6689e-07 1.9605e-04 1.4200e-01 0.0000e+00
729 0.0000e+00 0.0000e+00 1.9486e-04 2.3535e-07 1.9486e-04 1.4220e-01 0.0000e+00
730 0.0000e+00 0.0000e+00 1.9368e-04 2.0544e-07 1.9368e-04 1.4239e-01 0.0000e+00
731 0.0000e+00 0.0000e+00 1.9251e-04 1.8154e-07 1.9251e-04 1.4258e-01 0.0000e+00
732 0.0000e+00 0.0000e+00 1.9135e-04 1.6051e-07 1.9135e-04 1.4277e-01 0.0000e+00
733 0.0000e+00 0.0000e+00 1.9021e-04 1.4201e-07 1.9021e-04 1.4296e-01 0.0000e+00
734 0.0000e+00 0.0000e+00 1.8909e-04 1.2571e-07 1.8909e-04 1.4315e-01 0.0000e+00
735 0.0000e+00 0.0000e+00 1.8797e-04 1.1134e-07 1.8797e-04 1.4334e-01 0.0000e+00
736 0.0000e+00 0.0000e+00 1.8687e-04 9.8671e-08 1.8687e-04 1.4353e-01 0.0000e+00
737 0.0000e+00 0.0000e+00 1.8579e-04 8.7492e-08 1.8579e-04 1.4371e-01 0.0000e+00
738 0.0000e+00 0.0000e+00 1.8471e-04 7.7622e-08 1.8471e-04 1.4390e-01 0.0000e+00
739 0.0000e+00 0.0000e+00 1.8365e-04 6.5565e-08 1.8365e-04 1.4408e-01 0.0000e+00
740 0.0000e+00 0.0000e+00 1.8260e-04 5.8366e-08 1.8260e-04 1.4426e-01 0.0000e+00
741 0.0000e+00 7.4700e-05 1.8156e-04 5.1979e-08 1.8156e-04 1.4445e-01 0.0000e+00
742 0.0000e+00 1.4410e-04 1.8053e-04 4.6310e-08 1.8053e-04 1.4463e-01 0.0000e+00
743 0.0000e+00 2.0380e-04 1.7952e-04 4.1277e-08 1.7952e-04 1.4481e-01 0.0000e+00
744 0.0000e+00 2.4960e-04 1.7851e-04 3.6806e-08 1.7851e-04 1.4498e-01 0.0000e+00
745 0.0000e+00 2.7610e-04 1.7752e-04 3.2832e-08 1.7752e-04 1.4516e-01 0.0000e+00
746 0.0000e+00 2.8830e-04 1.7654e-04 2.9300e-08 1.7654e-04 1.4534e-01 0.0000e+00
747 0.0000e+00 2.7610e-04 1.7557e-04 2.6158e-08 1.7557e-04 1.4551e-01 0.0000e+00
748 0.0000e+00 2.4960e-04 1.7461e-04 2.0694e-08 1.7461e-04 1.4569e-01 0.0000e+00
749 0.0000e+00 2.0380e-04 1.7366e-04 1.8562e-08 1.7366e-04 1.4586e-01 0.0000e+00
750 0.0000e+00 1.4410e-04 1.7272e-04 1.6654e-08 1.7272e-04 1.4603e-01 0.0000e+00
751 0.0000e+00 6.9800e-05 1.7179e-04 1.4946e-08 1.7179e-04 1.4621e-01 0.0000e+00
752 0.0000e+00 0.0000e+00 1.7087e-04 1.3417e-08 1.7087e-04 1.4638e-01 0.0000e+00
753 0.0000e+00 0.0000e+00 1.6996e-04 1.2048e-08 1.6996e-04 1.4655e-01 0.0000e+00
754 0.0000e+00 0.0000e+00 1.6906e-04 1.0821e-08 1.6906e-04 1.4672e-01 0.0000e+00
755 0.0000e+00 0.0000e+00 1.6817e-04 9.7221e-09 1.6817e-04 1.4688e-01 0.0000e+00
756 0.0000e+00 0.0000e+00 1.6729e-04 8.7368e-09 1.6729e-04 1.4705e-01 0.0000e+00
757 0.0000e+00 0.0000e+00 1.6641e-04 6.5544e-09 1.6641e-04 1.4722e-01 0.0000e+00
758 0.0000e+00 0.0000e+00 1.6555e-04 5.9172e-09 1.6555e-04 1.4738e-01 0.0000e+00
759 0.0000e+00 0.0000e+00 1.6470e-04 5.3429e-09 1.6470e-04 1.4755e-01 0.0000e+00
760 0.0000e+00 0.0000e+00 1.6385e-04 4.8252e-09 1.6385e-04 1.4771e-01 0.0000e+00
761 0.0000e+00 0.0000e+00 1.6301e-04 4.3584e-09 1.6301e-04 1.4788e-01 0.0000e+00
762 0.0000e+00 0.0000e+00 1.6219e-04 3.9375e-09 1.6219e-04 1.4804e-01 0.0000e+00
763 0.0000e+00 0.0000e+00 1.6137e-04 3.5579e-09 1.6137e-04 1.4820e-01 0.0000e+00
764 0.0000e+00 0.0000e+00 1.6055e-04 3.2154e-09 1.6055e-04 1.4836e-01 0.0000e+00
765 0.0000e+00 9.6700e-05 1.5975e-04 2.9064e-09 1.5975e-04 1.4852e-01 0.0000e+00
766 0.0000e+00 1.8660e-04 1.5896e-04 2.6275e-09 1.5896e-04 1.4868e-01 0.0000e+00
767 0.0000e+00 2.6400e-04 1.5817e-04 1.8609e-09 1.5817e-04 1.4884e-01 0.0000e+00
768 0.0000e+00 3.2330e-04 1.5739e-04 1.6891e-09 1.5739e-04 1.4899e-01 0.0000e+00
769 0.0000e+00 3.5770e-04 1.5662e-04 1.5334e-09 1.5662e-04 1.4915e-01 0.0000e+00
770 0.0000e+00 3.7350e-04 1.5585e-04 1.3921e-09 1.5585e-04 1.4931e-01 0.0000e+00
771 0.0000e+00 3.5770e-04 1.5509e-04 1.2641e-09 1.5509e-04 1.4946e-01 0.0000e+00
772 0.0000e+00 3.2330e-04 1.5434e-04 1.1480e-09 1.5434e-04 1.4962e-01 0.0000e+00
773 0.0000e+00 2.6400e-04 1.5360e-04 1.0426e-09 1.5360e-04 1.4977e-01 0.0000e+00
774 0.0000e+00 1.8660e-04 1.5287e-04 9.4707e-10 1.5287e-04 1.4992e-01 0.0000e+00
775 0.0000e+00 9.0400e-05 1.5214e-04 8.6037e-10 1.5214e-04 1.5007e-01 0.0000e+00
776 0.0000e+00 0.0000e+00 1.5142e-04 5.0089e-10 1.5142e-04 1.5023e-01 0.0000e+00
777 0.0000e+00 0.0000e+00 1.5070e-04 4.5707e-10 1.5070e-04 1.5038e-01 0.0000e+00
778 0.0000e+00 0.0000e+00 1.4999e-04 4.1712e-10 1.4999e-04 1.5053e-01 0.0000e+00
779 0.0000e+00 0.0000e+00 1.4929e-04 3.8069e-10 1.4929e-04 1.5068e-01 0.0000e+00
780 0.0000e+00 0.0000e+00 1.4860e-04 3.4748e-10 1.4860e-04 1.5082e-01 0.0000e+00
781 0.0000e+00 0.0000e+00 1.4791e-04 3.1719e-10 1.4791e-04 1.5097e-01 0.0000e+00
782 0.0000e+00 0.0000e+00 1.4723e-04 2.8956e-10 1.4723e-04 1.5112e-01 0.0000e+00
783 0.0000e+00 0.0000e+00 1.4655e-04 2.6437e-10 1.4655e-04 1.5127e-01 0.0000e+00
784 0.0000e+00 0.0000e+00 1.4588e-04 2.4139e-10 1.4588e-04 1.5141e-01 0.0000e+00
785 0.0000e+00 0.0000e+00 1.4522e-04 2.2042e-10 1.4522e-04 1.5156e-01 0.0000e+00
786 0.0000e+00 0.0000e+00 1.4456e-04 8.9483e-11 1.4456e-04 1.5170e-01 0.0000e+00
787 0.0000e+00 0.0000e+00 1.4391e-04 8.2114e-11 1.4391e-04 1.5185e-01 0.0000e+00
788 0.0000e+00 0.0000e+00 1.4326e-04 7.5356e-11 1.4326e-04 1.5199e-01 0.0000e+00
789 0.0000e+00 1.2590e-04 1.4262e-04 6.9159e-11 1.4262e-04 1.5213e-01 0.0000e+00
790 0.0000e+00 2.4290e-04 1.4199e-04 6.3475e-11 1.4199e-04 1.5227e-01 0.0000e+00
791 0.0000e+00 3.4370e-04 1.4136e-04 5.8262e-11 1.4136e-04 1.5241e-01 0.0000e+00
792 0.0000e+00 4.2090e-04 1.4074e-04 5.3480e-11 1.4074e-04 1.5256e-01 0.0000e+00
793 0.0000e+00 4.6560e-04 1.4012e-04 4.9094e-11 1.4012e-04 1.5270e-01 0.0000e+00
794 0.0000e+00 4.8620e-04 1.3951e-04 4.5071e-11 1.3951e-04 1.5283e-01 0.0000e+00
795 0.0000e+00 4.6560e-04 1.3890e-04 4.1379e-11 1.3890e-04 1.5297e-01 0.0000e+00
796 0.0000e+00 4.2090e-04 1.3830e-04 1.1452e-11 1.3830e-04 1.5311e-01 0.0000e+00
797 0.0000e+00 3.4370e-04 1.3770e-04 1.0559e-11 1.3770e-04 1.5325e-01 0.0000e+00
798 0.0000e+00 2.4290e-04 1.3711e-04 9.7353e-12 1.3711e-04 1.5339e-01 0.0000e+00
799 0.0000e+00 1.1760e-04 1.3652e-04 8.9765e-12 1.3652e-04 1.5352e-01 0.0000e+00
800 0.0000e+00 0.0000e+00 1.3594e-04 8.2772e-12 1.3594e-04 1.5366e-01 0.0000e+00
801 0.0000e+00 0.0000e+00 1.3537e-04 7.6328e-12 1.3537e-04 1.5379e-01 0.0000e+00
802 0.0000e+00 0.0000e+00 1.3480e-04 7.0388e-12 1.3480e-04 1.5393e-01 0.0000e+00
803 0.0000e+00 0.0000e+00 1.3423e-04 6.4914e-12 1.3423e-04 1.5406e-01 0.0000e+00
804 0.0000e+00 0.0000e+00 1.3367e-04 5.9868e-12 1.3367e-04 1.5420e-01 0.0000e+00
805 0.0000e+00 0.0000e+00 1.3311e-04 0.0000e+00 1.3311e-04 1.5433e-01 0.0000e+00
806 0.0000e+00 0.0000e+00 1.3256e-04 0.0000e+00 1.3256e-04 1.5446e-01 0.0000e+00
807 0.0000e+00 0.0000e+00 1.3201e-04 0.0000e+00 1.3201e-04 1.5460e-01 0.0000e+00
808 0.0000e+00 0.0000e+00 1.3147e-04 0.0000e+00 1.3147e-04 1.5473e-01 0.0000e+00
809 0.0000e+00 0.0000e+00 1.3093e-04 0.0000e+00 1.3093e-04 1.5486e-01 0.0000e+00
810 0.0000e+00 0.0000e+00 1.3039e-04 0.0000e+00 1.3039e-04 1.5499e-01 0.0000e+00
811 0.0000e+00 0.0000e+00 1.2986e-04 0.0000e+00 1.2986e-04 1.5512e-01 0.0000e+00
812 0.0000e+00 0.0000e+00 1.2934e-04 0.0000e+00 1.2934e-04 1.5525e-01 0.0000e+00
813 0.0000e+00 3.0400e-05 1.2881e-04 0.0000e+00 1.2881e-04 1.5538e-01 0.0000e+00
814 0.0000e+00 5.8700e-05 1.2830e-04 0.0000e+00 1.2830e-04 1.5550e-01 0.0000e+00
815 0.0000e+00 8.3100e-05 1.2778e-04 0.0000e+00 1.2778e-04 1.5563e-01 0.0000e+00
816 0.0000e+00 1.0180e-04 1.2727e-04 0.0000e+00 1.2727e-04 1.5576e-01 0.0000e+00
817 0.0000e+00 1.1260e-04 1.2677e-04 0.0000e+00 1.2677e-04 1.5589e-01 0.0000e+00
818 0.0000e+00 1.1760e-04 1.2627e-04 0.0000e+00 1.2627e-04 1.5601e-01 0.0000e+00
819 0.0000e+00 1.1260e-04 1.2577e-04 0.0000e+00 1.2577e-04 1.5614e-01 0.0000e+00
820 0.0000e+00 1.0180e-04 1.2528e-04 0.0000e+00 1.2528e-04 1.5626e-01 0.0000e+00
821 0.0000e+00 8.3100e-05 1.2479e-04 0.0000e+00 1.2479e-04 1.5639e-01 0.0000e+00
822 0.0000e+00 5.8700e-05 1.2430e-04 0.0000e+00 1.2430e-04 1.5651e-01 0.0000e+00
823 0.0000e+00 2.8400e-05 1.2382e-04 0.0000e+00 1.2382e-04 1.5664e-01 0.0000e+00
824 0.0000e+00 0.0000e+00 1.2334e-04 0.0000e+00 1.2334e-04 1.5676e-01 0.0000e+00
825 0.0000e+00 0.0000e+00 1.2287e-04 0.0000e+00 1.2287e-04 1.5688e-01 0.0000e+00
826 0.0000e+00 0.0000e+00 1.2240e-04 0.0000e+00 1.2240e-04 1.5700e-01 0.0000e+00
827 0.0000e+00 0.0000e+00 1.2193e-04 0.0000e+00 1.2193e-04 1.5713e-01 0.0000e+00
828 0.0000e+00 0.0000e+00 1.2147e-04 0.0000e+00 1.2147e-04 1.5725e-01 0.0000e+00
829 0.0000e+00 0.0000e+00 1.2101e-04 0.0000e+00 1.2101e-04 1.5737e-01 0.0000e+00
830 0.0000e+00 0.0000e+00 1.2055e-04 0.0000e+00 1.2055e-04 1.5749e-01 0.0000e+00
831 0.0000e+00 0.0000e+00 1.2010e-04 0.0000e+00 1.2010e-04 1.5761e-01 0.0000e+00
832 0.0000e+00 0.0000e+00 1.1965e-04 0.0000e+00 1.1965e-04 1.5773e-01 0.0000e+00
833 0.0000e+00 0.0000e+00 1.1920e-04 0.0000e+00 1.1920e-04 1.5785e-01 0.0000e+00
834 0.0000e+00 0.0000e+00 1.1876e-04 0.0000e+00 1.1876e-04 1.5797e-01 0.0000e+00
835 0.0000e+00 0.0000e+00 1.1832e-04 0.0000e+00 1.1832e-04 1.5809e-01 0.0000e+00
836 0.0000e+00 0.0000e+00 1.1788e-04 0.0000e+00 1.1788e-04 1.5820e-01 0.0000e+00
837 0.0000e+00 6.6100e-05 1.1745e-04 0.0000e+00 1.1745e-04 1.5832e-01 0.0000e+00
838 0.0000e+00 1.2750e-04 1.1702e-04 0.0000e+00 1.1702e-04 1.5844e-01 0.0000e+00
839 0.0000e+00 1.8040e-04 1.1659e-04 0.0000e+00 1.1659e-04 1.5855e-01 0.0000e+00
840 0.0000e+00 2.2090e-04 1.1616e-04 0.0000e+00 1.1616e-04 1.5867e-01 0.0000e+00
841 0.0000e+00 2.4430e-04 1.1574e-04 0.0000e+00 1.1574e-04 1.5879e-01 0.0000e+00
842 0.0000e+00 2.5510e-04 1.1533e-04 0.0000e+00 1.1533e-04 1.5890e-01 0.0000e+00
843 0.0000e+00 2.4430e-04 1.1491e-04 0.0000e+00 1.1491e-04 1.5902e-01 0.0000e+00
844 0.0000e+00 2.2090e-04 1.1450e-04 0.0000e+00 1.1450e-04 1.5913e-01 0.0000e+00
845 0.0000e+00 1.8040e-04 1.1409e-04 0.0000e+00 1.1409e-04 1.5925e-01 0.0000e+00
846 0.0000e+00 1.2750e-04 1.1368e-04 0.0000e+00 1.1368e-04 1.5936e-01 0.0000e+00
847 0.0000e+00 6.1700e-05 1.1328e-04 0.0000e+00 1.1328e-04 1.5947e-01 0.0000e+00
848 0.0000e+00 0.0000e+00 1.1288e-04 0.0000e+00 1.1288e-04 1.5959e-01 0.0000e+00
849 0.0000e+00 0.0000e+00 1.1248e-04 0.0000e+00 1.1248e-04 1.5970e-01 0.0000e+00
850 0.0000e+00 0.0000e+00 1.1209e-04 0.0000e+00 1.1209e-04 1.5981e-01 0.0000e+00
851 0.0000e+00 0.0000e+00 1.1170e-04 0.0000e+00 1.1170e-04 1.5992e-01 0.0000e+00
852 0.0000e+00 0.0000e+00 1.1131e-04 0.0000e+00 1.1131e-04 1.6003e-01 0.0000e+00
853 0.0000e+00 0.0000e+00 1.1092e-04 0.0000e+00 1.1092e-04 1.6014e-01 0.0000e+00
854 0.0000e+00 0.0000e+00 1.1054e-04 0.0000e+00 1.1054e-04 1.6025e-01 0.0000e+00
855 0.0000e+00 0.0000e+00 1.1016e-04 0.0000e+00 1.1016e-04 1.6036e-01 0.0000e+00
856 0.0000e+00 0.0000e+00 1.0978e-04 0.0000e+00 1.0978e-04 1.6047e-01 0.0000e+00
857 0.0000e+00 0.0000e+00 1.0940e-04 0.0000e+00 1.0940e-04 1.6058e-01 0.0000e+00
858 0.0000e+00 0.0000e+00 1.0903e-04 0.0000e+00 1.0903e-04 1.6069e-01 0.0000e+00
859 0.0000e+00 0.0000e+00 1.0866e-04 0.0000e+00 1.0866e-04 1.6080e-01 0.0000e+00
860 0.0000e+00 0.0000e+00 1.0829e-04 0.0000e+00 1.0829e-04 1.6091e-01 0.0000e+00
861 0.0000e+00 9.7600e-05 1.0792e-04 0.0000e+00 1.0792e-04 1.6102e-01 0.0000e+00
862 0.0000e+00 1.8830e-04 1.0756e-04 0.0000e+00 1.0756e-04 1.6113e-01 0.0000e+00
863 0.0000e+00 2.6650e-04 1.0720e-04 0.0000e+00 1.0720e-04 1.6123e-01 0.0000e+00
864 0.0000e+00 3.2630e-04 1.0684e-04 0.0000e+00 1.0684e-04 1.6134e-01 0.0000e+00
865 0.0000e+00 3.6100e-04 1.0648e-04 0.0000e+00 1.0648e-04 1.6145e-01 0.0000e+00
866 0.0000e+00 3.7690e-04 1.0613e-04 0.0000e+00 1.0613e-04 1.6155e-01 0.0000e+00
867 0.0000e+00 3.6100e-04 1.0578e-04 0.0000e+00 1.0578e-04 1.6166e-01 0.0000e+00
868 0.0000e+00 3.2630e-04 1.0543e-04 0.0000e+00 1.0543e-04 1.6176e-01 0.0000e+00
869 0.0000e+00 2.6650e-04 1.0508e-04 0.0000e+00 1.0508e-04 1.6187e-01 0.0000e+00
870 0.0000e+00 1.8830e-04 1.0474e-04 0.0000e+00 1.0474e-04 1.6197e-01 0.0000e+00
871 0.0000e+00 9.1200e-05 1.0440e-04 0.0000e+00 1.0440e-04 1.6208e-01 0.0000e+00
872 0.0000e+00 0.0000e+00 1.0406e-04 0.0000e+00 1.0406e-04 1.6218e-01 0.0000e+00
873 0.0000e+00 0.0000e+00 1.0372e-04 0.0000e+00 1.0372e-04 1.6228e-01 0.0000e+00
874 0.0000e+00 0.0000e+00 1.0338e-04 0.0000e+00 1.0338e-04 1.6239e-01 0.0000e+00
875 0.0000e+00 0.0000e+00 1.0305e-04 0.0000e+00 1.0305e-04 1.6249e-01 0.0000e+00
876 0.0000e+00 0.0000e+00 1.0272e-04 0.0000e+00 1.0272e-04 1.6259e-01 0.0000e+00
877 0.0000e+00 0.0000e+00 1.0239e-04 0.0000e+00 1.0239e-04 1.6270e-01 0.0000e+00
878 0.0000e+00 0.0000e+00 1.0206e-04 0.0000e+00 1.0206e-04 1.6280e-01 0.0000e+00
879 0.0000e+00 0.0000e+00 1.0174e-04 0.0000e+00 1.0174e-04 1.6290e-01 0.0000e+00
880 0.0000e+00 0.0000e+00 1.0141e-04 0.0000e+00 1.0141e-04 1.6300e-01 0.0000e+00
881 0.0000e+00 0.0000e+00 1.0109e-04 0.0000e+00 1.0109e-04 1.6310e-01 0.0000e+00
882 0.0000e+00 0.0000e+00 1.0077e-04 0.0000e+00 1.0077e-04 1.6320e-01 0.0000e+00
883 0.0000e+00 0.0000e+00 1.0046e-04 0.0000e+00 1.0046e-04 1.6330e-01 0.0000e+00
884 0.0000e+00 0.0000e+00 1.0014e-04 0.0000e+00 1.0014e-04 1.6340e-01 0.0000e+00
885 0.0000e+00 6.4300e-05 9.9829e-05 0.0000e+00 9.9829e-05 1.6350e-01 0.0000e+00
886 0.0000e+00 1.2410e-04 9.9518e-05 0.0000e+00 9.9518e-05 1.6360e-01 0.0000e+00
887 0.0000e+00 1.7560e-04 9.9209e-05 0.0000e+00 9.9209e-05 1.6370e-01 0.0000e+00
888 0.0000e+00 2.1500e-04 9.8902e-05 0.0000e+00 9.8902e-05 1.6380e-01 0.0000e+00
889 0.0000e+00 2.3790e-04 9.8597e-05 0.0000e+00 9.8597e-05 1.6390e-01 0.0000e+00
890 0.0000e+00 2.4840e-04 9.8294e-05 0.0000e+00 9.8294e-05 1.6400e-01 0.0000e+00
891 0.0000e+00 2.3790e-04 9.7992e-05 0.0000e+00 9.7992e-05 1.6410e-01 0.0000e+00
892 0.0000e+00 2.1500e-04 9.7693e-05 0.0000e+00 9.7693e-05 1.6419e-01 0.0000e+00
893 0.0000e+00 1.7560e-04 9.7395e-05 0.0000e+00 9.7395e-05 1.6429e-01 0.0000e+00
894 0.0000e+00 1.2410e-04 9.7099e-05 0.0000e+00 9.7099e-05 1.6439e-01 0.0000e+00
895 0.0000e+00 6.0100e-05 9.6805e-05 0.0000e+00 9.6805e-05 1.6449e-01 0.0000e+00
896 0.0000e+00 0.0000e+00 9.6512e-05 0.0000e+00 9.6512e-05 1.6458e-01 0.0000e+00
897 0.0000e+00 0.0000e+00 9.6222e-05 0.0000e+00 9.6222e-05 1.6468e-01 0.0000e+00
898 0.0000e+00 0.0000e+00 9.5933e-05 0.0000e+00 9.5933e-05 1.6477e-01 0.0000e+00
899 0.0000e+00 0.0000e+00 9.5646e-05 0.0000e+00 9.5646e-05 1.6487e-01 0.0000e+00
900 0.0000e+00 0.0000e+00 9.5360e-05 0.0000e+00 9.5360e-05 1.6497e-01 0.0000e+00
901 0.0000e+00 0.0000e+00 9.5076e-05 0.0000e+00 9.5076e-05 1.6506e-01 0.0000e+00
902 0.0000e+00 0.0000e+00 9.4794e-05 0.0000e+00 9.4794e-05 1.6516e-01 0.0000e+00
903 0.0000e+00 0.0000e+00 9.4514e-05 0.0000e+00 9.4514e-05 1.6525e-01 0.0000e+00
904 0.0000e+00 0.0000e+00 9.4235e-05 0.0000e+00 9.4235e-05 1.6534e-01 0.0000e+00
905 0.0000e+00 0.0000e+00 9.3958e-05 0.0000e+00 9.3958e-05 1.6544e-01 0.0000e+00
906 0.0000e+00 0.0000e+00 9.3683e-05 0.0000e+00 9.3683e-05 1.6553e-01 0.0000e+00
907 0.0000e+00 0.0000e+00 9.3409e-05 0.0000e+00 9.3409e-05 1.6562e-01 0.0000e+00
908 0.0000e+00 0.0000e+00 9.3136e-05 0.0000e+00 9.3136e-05 1.6572e-01 0.0000e+00
909 0.0000e+00 8.0200e-05 9.2866e-05 0.0000e+00 9.2866e-05 1.6581e-01 0.0000e+00
910 0.0000e+00 1.5480e-04 9.2597e-05 0.0000e+00 9.2597e-05 1.6590e-01 0.0000e+00
911 0.0000e+00 2.1910e-04 9.2329e-05 0.0000e+00 9.2329e-05 1.6600e-01 0.0000e+00
912 0.0000e+00 2.6830e-04 9.2063e-05 0.0000e+00 9.2063e-05 1.6609e-01 0.0000e+00
913 0.0000e+00 2.9680e-04 9.1799e-05 0.0000e+00 9.1799e-05 1.6618e-01 0.0000e+00
914 0.0000e+00 3.0990e-04 9.1536e-05 0.0000e+00 9.1536e-05 1.6627e-01 0.0000e+00
915 0.0000e+00 2.9680e-04 9.1274e-05 0.0000e+00 9.1274e-05 1.6636e-01 0.0000e+00
916 0.0000e+00 2.6830e-04 9.1014e-05 0.0000e+00 9.1014e-05 1.6645e-01 0.0000e+00
917 0.0000e+00 2.1910e-04 9.0756e-05 0.0000e+00 9.0756e-05 1.6654e-01 0.0000e+00
918 0.0000e+00 1.5480e-04 9.0499e-05 0.0000e+00 9.0499e-05 1.6663e-01 0.0000e+00
919 0.0000e+00 7.5000e-05 9.0243e-05 0.0000e+00 9.0243e-05 1.6672e-01 0.0000e+00
920 0.0000e+00 0.0000e+00 8.9989e-05 0.0000e+00 8.9989e-05 1.6681e-01 0.0000e+00
921 0.0000e+00 0.0000e+00 8.9736e-05 0.0000e+00 8.9736e-05 1.6690e-01 0.0000e+00
922 0.0000e+00 0.0000e+00 8.9485e-05 0.0000e+00 8.9485e-05 1.6699e-01 0.0000e+00
923 0.0000e+00 0.0000e+00 8.9235e-05 0.0000e+00 8.9235e-05 1.6708e-01 0.0000e+00
924 0.0000e+00 0.0000e+00 8.8987e-05 0.0000e+00 8.8987e-05 1.6717e-01 0.0000e+00
925 0.0000e+00 0.0000e+00 8.8739e-05 0.0000e+00 8.8739e-05 1.6726e-01 0.0000e+00
926 0.0000e+00 0.0000e+00 8.8494e-05 0.0000e+00 8.8494e-05 1.6735e-01 0.0000e+00
927 0.0000e+00 0.0000e+00 8.8249e-05 0.0000e+00 8.8249e-05 1.6744e-01 0.0000e+00
928 0.0000e+00 0.0000e+00 8.8006e-05 0.0000e+00 8.8006e-05 1.6753e-01 0.0000e+00
929 0.0000e+00 0.0000e+00 8.7765e-05 0.0000e+00 8.7765e-05 1.6761e-01 0.0000e+00
930 0.0000e+00 0.0000e+00 8.7524e-05 0.0000e+00 8.7524e-05 1.6770e-01 0.0000e+00
931 0.0000e+00 0.0000e+00 8.7285e-05 0.0000e+00 8.7285e-05 1.6779e-01 0.0000e+00
932 0.0000e+00 0.0000e+00 8.7047e-05 0.0000e+00 8.7047e-05 1.6788e-01 0.0000e+00
933 0.0000e+00 9.6000e-05 8.6811e-05 0.0000e+00 8.6811e-05 1.6796e-01 0.0000e+00
934 0.0000e+00 1.8520e-04 8.6576e-05 0.0000e+00 8.6576e-05 1.6805e-01 0.0000e+00
935 0.0000e+00 2.6210e-04 8.6342e-05 0.0000e+00 8.6342e-05 1.6814e-01 0.0000e+00
936 0.0000e+00 3.2090e-04 8.6109e-05 0.0000e+00 8.6109e-05 1.6822e-01 0.0000e+00
937 0.0000e+00 3.5500e-04 8.5878e-05 0.0000e+00 8.5878e-05 1.6831e-01 0.0000e+00
938 0.0000e+00 3.7070e-04 8.5648e-05 0.0000e+00 8.5648e-05 1.6839e-01 0.0000e+00
939 0.0000e+00 3.5500e-04 8.5419e-05 0.0000e+00 8.5419e-05 1.6848e-01 0.0000e+00
940 0.0000e+00 3.2090e-04 8.5191e-05 0.0000e+00 8.5191e-05 1.6856e-01 0.0000e+00
941 0.0000e+00 2.6210e-04 8.4965e-05 0.0000e+00 8.4965e-05 1.6865e-01 0.0000e+00
942 0.0000e+00 1.8520e-04 8.4739e-05 0.0000e+00 8.4739e-05 1.6873e-01 0.0000e+00
943 0.0000e+00 8.9700e-05 8.4515e-05 0.0000e+00 8.4515e-05 1.6882e-01 0.0000e+00
944 0.0000e+00 0.0000e+00 8.4292e-05 0.0000e+00 8.4292e-05 1.6890e-01 0.0000e+00
945 0.0000e+00 0.0000e+00 8.4070e-05 0.0000e+00 8.4070e-05 1.6899e-01 0.0000e+00
946 0.0000e+00 0.0000e+00 8.3850e-05 0.0000e+00 8.3850e-05 1.6907e-01 0.0000e+00
947 0.0000e+00 0.0000e+00 8.3630e-05 0.0000e+00 8.3630e-05 1.6915e-01 0.0000e+00
948 0.0000e+00 0.0000e+00 8.3412e-05 0.0000e+00 8.3412e-05 1.6924e-01 0.0000e+00
949 0.0000e+00 0.0000e+00 8.3195e-05 0.0000e+00 8.3195e-05 1.6932e-01 0.0000e+00
950 0.0000e+00 0.0000e+00 8.2979e-05 0.0000e+00 8.2979e-05 1.6940e-01 0.0000e+00
Objective function values:
F1 1.607961e-06    NSE 0.72359   F2 2.925114e-02
Mean Obs Q 1.590065e-04   Variance Obs Q 6.123405e-09
    Error Variance 1.692590e-09

Water Balance for Subcatchment: Extracted study basin: Taegu Pyungkwang River

   SUMP       SUMAE      SUMQ       SUMRZ      SUMUZ      SBAR        BAL
1.890e-01  4.570e-02  1.247e-01  1.935e-02  0.000e+00  1.694e-01  6.358e-03
