Taegu Pyungkwang River Catchment: Calibration Data

Subcatchment : Extracted study basin: cat-11089

TL =     8.22
SUMAC =     1.00
SZQ =       0.03985
Subcatchment routing data:
Maximum Routing Delay       0.69444
Sum of Histogram ordinates:     1.0000
     1.00000 
Initial BAL             -0.22928
Initial SBAR             0.22728
Initial SR0              0.00200
it      p        ep       q(it)       quz      q       sbar       qof
1 0.0000e+00 6.1900e-05 3.2800e-05 0.0000e+00 3.2800e-05 2.2731e-01 0.0000e+00
2 0.0000e+00 6.4700e-05 3.2766e-05 0.0000e+00 3.2766e-05 2.2735e-01 0.0000e+00
3 1.0000e-03 6.1900e-05 3.2733e-05 0.0000e+00 3.2733e-05 2.2738e-01 0.0000e+00
4 1.0000e-03 5.6000e-05 3.2699e-05 0.0000e+00 3.2699e-05 2.2741e-01 0.0000e+00
5 1.0000e-03 4.5700e-05 4.1405e-05 7.5698e-05 3.2666e-05 2.2737e-01 8.7394e-06
6 5.0000e-04 3.2300e-05 3.7919e-05 1.0903e-04 3.2710e-05 2.2729e-01 5.2088e-06
7 5.0000e-04 1.5600e-05 3.8150e-05 1.4083e-04 3.2788e-05 2.2718e-01 5.3624e-06
8 0.0000e+00 0.0000e+00 3.2899e-05 1.2268e-04 3.2899e-05 2.2709e-01 0.0000e+00
9 5.0000e-04 0.0000e+00 3.8545e-05 1.5696e-04 3.2991e-05 2.2697e-01 5.5539e-06
10 5.0000e-04 0.0000e+00 3.8852e-05 1.8741e-04 3.3119e-05 2.2682e-01 5.7328e-06
11 0.0000e+00 0.0000e+00 3.3280e-05 1.6452e-04 3.3280e-05 2.2669e-01 0.0000e+00
12 0.0000e+00 0.0000e+00 3.3416e-05 1.4645e-04 3.3416e-05 2.2657e-01 0.0000e+00
13 1.0000e-03 0.0000e+00 4.5000e-05 2.3073e-04 3.3535e-05 2.2637e-01 1.1466e-05
14 5.0000e-04 0.0000e+00 3.9475e-05 2.5155e-04 3.3742e-05 2.2616e-01 5.7328e-06
15 5.0000e-04 0.0000e+00 3.9705e-05 2.7175e-04 3.3972e-05 2.2592e-01 5.7328e-06
16 1.0000e-03 0.0000e+00 4.5691e-05 3.4019e-04 3.4226e-05 2.2561e-01 1.1466e-05
17 0.0000e+00 0.0000e+00 3.4554e-05 2.9870e-04 3.4554e-05 2.2535e-01 0.0000e+00
18 0.0000e+00 0.0000e+00 3.4841e-05 2.6617e-04 3.4841e-05 2.2512e-01 0.0000e+00
19 0.0000e+00 0.0000e+00 3.5094e-05 2.3810e-04 3.5094e-05 2.2491e-01 0.0000e+00
20 0.0000e+00 0.0000e+00 3.5317e-05 2.1352e-04 3.5317e-05 2.2474e-01 0.0000e+00
21 0.0000e+00 1.8000e-05 3.5514e-05 1.9185e-04 3.5514e-05 2.2458e-01 0.0000e+00
22 0.0000e+00 3.4800e-05 3.5688e-05 1.7263e-04 3.5688e-05 2.2444e-01 0.0000e+00
23 0.0000e+00 4.9200e-05 3.5841e-05 1.5553e-04 3.5841e-05 2.2432e-01 0.0000e+00
24 3.0000e-03 6.0200e-05 6.9203e-05 4.3401e-04 3.5975e-05 2.2393e-01 3.3228e-05
25 2.0000e-03 6.6600e-05 5.8667e-05 5.7071e-04 3.6426e-05 2.2339e-01 2.2241e-05
26 5.5000e-03 6.9600e-05 9.9336e-05 1.0516e-03 3.7039e-05 2.2238e-01 6.2297e-05
27 6.0000e-03 6.6600e-05 1.0623e-04 1.5184e-03 3.8232e-05 2.2090e-01 6.7995e-05
28 1.0000e-03 6.0200e-05 5.0744e-05 1.4183e-03 4.0042e-05 2.1952e-01 1.0702e-05
29 2.5000e-03 4.9200e-05 6.9778e-05 1.5111e-03 4.1805e-05 2.1805e-01 2.7974e-05
30 0.0000e+00 3.4800e-05 4.3769e-05 1.3338e-03 4.3769e-05 2.1676e-01 0.0000e+00
31 0.0000e+00 1.6800e-05 4.5569e-05 1.1898e-03 4.5569e-05 2.1561e-01 0.0000e+00
32 1.0000e-03 0.0000e+00 5.8566e-05 1.1601e-03 4.7228e-05 2.1450e-01 1.1338e-05
33 5.0000e-04 0.0000e+00 5.6306e-05 1.0854e-03 4.8900e-05 2.1347e-01 7.4065e-06
34 0.0000e+00 0.0000e+00 5.0509e-05 9.6871e-04 5.0509e-05 2.1255e-01 0.0000e+00
35 0.0000e+00 0.0000e+00 5.1980e-05 8.6725e-04 5.1980e-05 2.1173e-01 0.0000e+00
36 0.0000e+00 0.0000e+00 5.3321e-05 7.7726e-04 5.3321e-05 2.1101e-01 0.0000e+00
37 0.0000e+00 0.0000e+00 5.4541e-05 6.9720e-04 5.4541e-05 2.1037e-01 0.0000e+00
38 0.0000e+00 0.0000e+00 5.5648e-05 6.2585e-04 5.5648e-05 2.0980e-01 0.0000e+00
39 0.0000e+00 0.0000e+00 5.6648e-05 5.6217e-04 5.6648e-05 2.0929e-01 0.0000e+00
40 0.0000e+00 0.0000e+00 5.7550e-05 5.0527e-04 5.7550e-05 2.0884e-01 0.0000e+00
41 0.0000e+00 0.0000e+00 5.8361e-05 4.5440e-04 5.8361e-05 2.0845e-01 0.0000e+00
42 0.0000e+00 0.0000e+00 5.9088e-05 4.0888e-04 5.9088e-05 2.0810e-01 0.0000e+00
43 0.0000e+00 0.0000e+00 5.9737e-05 3.6812e-04 5.9737e-05 2.0779e-01 0.0000e+00
44 0.0000e+00 0.0000e+00 6.0315e-05 3.3160e-04 6.0315e-05 2.0752e-01 0.0000e+00
45 0.0000e+00 3.3800e-05 6.0829e-05 2.9886e-04 6.0829e-05 2.0728e-01 0.0000e+00
46 1.0000e-03 6.5200e-05 7.5595e-05 3.7722e-04 6.1283e-05 2.0696e-01 1.4312e-05
47 0.0000e+00 9.2300e-05 6.1891e-05 3.3164e-04 6.1891e-05 2.0669e-01 0.0000e+00
48 5.0000e-04 1.1300e-04 6.7490e-05 3.3452e-04 6.2415e-05 2.0642e-01 5.0752e-06
49 0.0000e+00 1.2500e-04 6.2948e-05 2.9678e-04 6.2948e-05 2.0619e-01 0.0000e+00
50 1.0000e-03 1.3050e-04 7.4701e-05 3.5107e-04 6.3410e-05 2.0590e-01 1.1292e-05
51 2.5000e-03 1.2500e-04 9.9082e-05 5.7493e-04 6.3982e-05 2.0539e-01 3.5099e-05
52 3.0000e-03 1.1300e-04 1.0760e-04 8.1810e-04 6.5012e-05 2.0464e-01 4.2587e-05
53 2.5000e-03 9.2300e-05 1.0192e-04 9.7266e-04 6.6560e-05 2.0373e-01 3.5359e-05
54 3.0000e-03 6.5200e-05 1.1154e-04 1.1720e-03 6.8472e-05 2.0263e-01 4.3072e-05
55 2.5000e-03 3.1600e-05 1.0694e-04 1.2922e-03 7.0874e-05 2.0140e-01 3.6067e-05
56 2.0000e-03 0.0000e+00 1.0279e-04 1.3488e-03 7.3632e-05 2.0013e-01 2.9158e-05
57 1.0000e-03 0.0000e+00 9.1438e-05 1.2902e-03 7.6625e-05 1.9892e-01 1.4813e-05
58 1.0000e-03 0.0000e+00 9.4400e-05 1.2477e-03 7.9587e-05 1.9775e-01 1.4813e-05
59 0.0000e+00 0.0000e+00 8.2546e-05 1.0921e-03 8.2546e-05 1.9674e-01 0.0000e+00
60 5.0000e-04 0.0000e+00 9.2598e-05 1.0256e-03 8.5191e-05 1.9580e-01 7.4065e-06
61 5.0000e-04 0.0000e+00 9.6930e-05 9.6181e-04 8.7732e-05 1.9492e-01 9.1978e-06
62 0.0000e+00 0.0000e+00 9.0162e-05 8.4779e-04 9.0162e-05 1.9417e-01 0.0000e+00
63 0.0000e+00 0.0000e+00 9.2322e-05 7.5099e-04 9.2322e-05 1.9351e-01 0.0000e+00
64 0.0000e+00 0.0000e+00 9.4242e-05 6.6631e-04 9.4242e-05 1.9293e-01 0.0000e+00
65 0.0000e+00 0.0000e+00 9.5942e-05 5.9195e-04 9.5942e-05 1.9244e-01 0.0000e+00
66 0.0000e+00 0.0000e+00 9.7440e-05 5.2648e-04 9.7440e-05 1.9201e-01 0.0000e+00
67 0.0000e+00 0.0000e+00 9.8756e-05 4.6872e-04 9.8756e-05 1.9164e-01 0.0000e+00
68 0.0000e+00 0.0000e+00 9.9904e-05 4.1769e-04 9.9904e-05 1.9132e-01 0.0000e+00
69 0.0000e+00 4.1400e-05 1.0090e-04 3.7254e-04 1.0090e-04 1.9105e-01 0.0000e+00
70 0.0000e+00 7.9800e-05 1.0176e-04 3.3255e-04 1.0176e-04 1.9082e-01 0.0000e+00
71 0.0000e+00 1.1290e-04 1.0250e-04 2.9709e-04 1.0250e-04 1.9062e-01 0.0000e+00
72 0.0000e+00 1.3830e-04 1.0312e-04 2.6562e-04 1.0312e-04 1.9046e-01 0.0000e+00
73 0.0000e+00 1.5300e-04 1.0365e-04 2.3766e-04 1.0365e-04 1.9033e-01 0.0000e+00
74 0.0000e+00 1.5980e-04 1.0408e-04 2.1281e-04 1.0408e-04 1.9022e-01 0.0000e+00
75 0.0000e+00 1.5300e-04 1.0444e-04 1.9068e-04 1.0444e-04 1.9013e-01 0.0000e+00
76 0.0000e+00 1.3830e-04 1.0472e-04 1.7098e-04 1.0472e-04 1.9007e-01 0.0000e+00
77 0.0000e+00 1.1290e-04 1.0494e-04 1.5342e-04 1.0494e-04 1.9002e-01 0.0000e+00
78 0.0000e+00 7.9800e-05 1.0510e-04 1.3776e-04 1.0510e-04 1.8999e-01 0.0000e+00
79 0.0000e+00 3.8700e-05 1.0520e-04 1.2377e-04 1.0520e-04 1.8997e-01 0.0000e+00
80 0.0000e+00 0.0000e+00 1.0526e-04 1.1128e-04 1.0526e-04 1.8996e-01 0.0000e+00
81 0.0000e+00 0.0000e+00 1.0528e-04 1.0011e-04 1.0528e-04 1.8997e-01 0.0000e+00
82 0.0000e+00 0.0000e+00 1.0527e-04 9.0111e-05 1.0527e-04 1.8998e-01 0.0000e+00
83 0.0000e+00 0.0000e+00 1.0522e-04 8.1163e-05 1.0522e-04 1.9001e-01 0.0000e+00
84 0.0000e+00 0.0000e+00 1.0514e-04 7.3146e-05 1.0514e-04 1.9004e-01 0.0000e+00
85 0.0000e+00 0.0000e+00 1.0503e-04 6.5959e-05 1.0503e-04 1.9008e-01 0.0000e+00
86 0.0000e+00 0.0000e+00 1.0490e-04 5.9510e-05 1.0490e-04 1.9012e-01 0.0000e+00
87 0.0000e+00 0.0000e+00 1.0476e-04 5.3722e-05 1.0476e-04 1.9017e-01 0.0000e+00
88 0.0000e+00 0.0000e+00 1.0459e-04 4.8522e-05 1.0459e-04 1.9023e-01 0.0000e+00
89 0.0000e+00 0.0000e+00 1.0441e-04 4.3848e-05 1.0441e-04 1.9029e-01 0.0000e+00
90 0.0000e+00 0.0000e+00 1.0421e-04 3.9645e-05 1.0421e-04 1.9035e-01 0.0000e+00
91 0.0000e+00 0.0000e+00 1.0400e-04 3.5862e-05 1.0400e-04 1.9042e-01 0.0000e+00
92 0.0000e+00 0.0000e+00 1.0378e-04 3.2456e-05 1.0378e-04 1.9049e-01 0.0000e+00
93 0.0000e+00 1.9100e-05 1.0355e-04 2.9387e-05 1.0355e-04 1.9057e-01 0.0000e+00
94 0.0000e+00 3.6800e-05 1.0331e-04 2.6621e-05 1.0331e-04 1.9064e-01 0.0000e+00
95 0.0000e+00 5.2100e-05 1.0306e-04 2.4126e-05 1.0306e-04 1.9072e-01 0.0000e+00
96 0.0000e+00 6.3800e-05 1.0281e-04 2.1875e-05 1.0281e-04 1.9080e-01 0.0000e+00
97 5.0000e-04 7.0600e-05 1.0255e-04 1.9842e-05 1.0255e-04 1.9089e-01 0.0000e+00
98 5.0000e-04 7.3700e-05 1.0228e-04 1.8006e-05 1.0228e-04 1.9097e-01 0.0000e+00
99 0.0000e+00 7.0600e-05 1.0201e-04 1.6346e-05 1.0201e-04 1.9106e-01 0.0000e+00
100 0.0000e+00 6.3800e-05 1.0174e-04 1.4846e-05 1.0174e-04 1.9114e-01 0.0000e+00
101 0.0000e+00 5.2100e-05 1.0146e-04 1.3488e-05 1.0146e-04 1.9123e-01 0.0000e+00
102 0.0000e+00 3.6800e-05 1.0118e-04 1.2260e-05 1.0118e-04 1.9132e-01 0.0000e+00
103 0.0000e+00 1.7800e-05 1.0090e-04 1.1147e-05 1.0090e-04 1.9141e-01 0.0000e+00
104 0.0000e+00 0.0000e+00 1.0062e-04 1.0139e-05 1.0062e-04 1.9150e-01 0.0000e+00
105 0.0000e+00 0.0000e+00 1.0034e-04 9.2259e-06 1.0034e-04 1.9159e-01 0.0000e+00
106 0.0000e+00 0.0000e+00 1.0005e-04 8.3980e-06 1.0005e-04 1.9168e-01 0.0000e+00
107 0.0000e+00 0.0000e+00 9.9766e-05 7.6470e-06 9.9766e-05 1.9178e-01 0.0000e+00
108 0.0000e+00 0.0000e+00 9.9479e-05 6.9656e-06 9.9479e-05 1.9187e-01 0.0000e+00
109 0.0000e+00 0.0000e+00 9.9192e-05 6.3470e-06 9.9192e-05 1.9196e-01 0.0000e+00
110 0.0000e+00 0.0000e+00 9.8904e-05 5.7852e-06 9.8904e-05 1.9205e-01 0.0000e+00
111 5.0000e-04 0.0000e+00 9.8617e-05 5.2749e-06 9.8617e-05 1.9215e-01 0.0000e+00
112 0.0000e+00 0.0000e+00 9.8330e-05 4.8111e-06 9.8330e-05 1.9224e-01 0.0000e+00
113 0.0000e+00 0.0000e+00 9.8043e-05 4.3894e-06 9.8043e-05 1.9234e-01 0.0000e+00
114 0.0000e+00 0.0000e+00 9.7756e-05 4.0059e-06 9.7756e-05 1.9243e-01 0.0000e+00
115 0.0000e+00 0.0000e+00 9.7470e-05 3.6563e-06 9.7470e-05 1.9252e-01 0.0000e+00
116 0.0000e+00 0.0000e+00 9.7185e-05 3.3389e-06 9.7185e-05 1.9262e-01 0.0000e+00
117 0.0000e+00 1.0200e-05 9.6900e-05 3.0500e-06 9.6900e-05 1.9271e-01 0.0000e+00
118 0.0000e+00 1.9800e-05 9.6617e-05 2.7868e-06 9.6617e-05 1.9280e-01 0.0000e+00
119 0.0000e+00 2.8000e-05 9.6334e-05 2.5470e-06 9.6334e-05 1.9290e-01 0.0000e+00
120 0.0000e+00 3.4200e-05 9.6052e-05 2.3285e-06 9.6052e-05 1.9299e-01 0.0000e+00
121 0.0000e+00 3.7900e-05 9.5771e-05 2.1293e-06 9.5771e-05 1.9309e-01 0.0000e+00
122 0.0000e+00 3.9500e-05 9.5491e-05 1.9476e-06 9.5491e-05 1.9318e-01 0.0000e+00
123 0.0000e+00 3.7900e-05 9.5212e-05 1.7819e-06 9.5212e-05 1.9327e-01 0.0000e+00
124 0.0000e+00 3.4200e-05 9.4935e-05 1.6307e-06 9.4935e-05 1.9337e-01 0.0000e+00
125 0.0000e+00 2.8000e-05 9.4658e-05 1.4927e-06 9.4658e-05 1.9346e-01 0.0000e+00
126 0.0000e+00 1.9800e-05 9.4383e-05 1.3668e-06 9.4383e-05 1.9355e-01 0.0000e+00
127 0.0000e+00 9.6000e-06 9.4109e-05 1.2508e-06 9.4109e-05 1.9364e-01 0.0000e+00
128 0.0000e+00 0.0000e+00 9.3836e-05 1.1459e-06 9.3836e-05 1.9374e-01 0.0000e+00
129 0.0000e+00 0.0000e+00 9.3565e-05 1.0500e-06 9.3565e-05 1.9383e-01 0.0000e+00
130 0.0000e+00 0.0000e+00 9.3295e-05 9.6229e-07 9.3295e-05 1.9392e-01 0.0000e+00
131 0.0000e+00 0.0000e+00 9.3026e-05 8.8214e-07 9.3026e-05 1.9401e-01 0.0000e+00
132 0.0000e+00 0.0000e+00 9.2759e-05 8.0884e-07 9.2759e-05 1.9411e-01 0.0000e+00
133 0.0000e+00 0.0000e+00 9.2492e-05 7.4180e-07 9.2492e-05 1.9420e-01 0.0000e+00
134 0.0000e+00 0.0000e+00 9.2228e-05 6.8045e-07 9.2228e-05 1.9429e-01 0.0000e+00
135 0.0000e+00 0.0000e+00 9.1964e-05 6.2431e-07 9.1964e-05 1.9438e-01 0.0000e+00
136 0.0000e+00 0.0000e+00 9.1702e-05 5.7291e-07 9.1702e-05 1.9447e-01 0.0000e+00
137 0.0000e+00 0.0000e+00 9.1441e-05 5.2586e-07 9.1441e-05 1.9456e-01 0.0000e+00
138 0.0000e+00 0.0000e+00 9.1182e-05 4.8150e-07 9.1182e-05 1.9465e-01 0.0000e+00
139 0.0000e+00 0.0000e+00 9.0924e-05 4.4219e-07 9.0924e-05 1.9474e-01 0.0000e+00
140 0.0000e+00 0.0000e+00 9.0667e-05 4.0617e-07 9.0667e-05 1.9483e-01 0.0000e+00
141 5.0000e-04 4.1400e-05 9.0412e-05 3.7315e-07 9.0412e-05 1.9492e-01 0.0000e+00
142 0.0000e+00 7.9900e-05 9.0158e-05 3.4288e-07 9.0158e-05 1.9501e-01 0.0000e+00
143 0.0000e+00 1.1300e-04 8.9905e-05 3.1512e-07 8.9905e-05 1.9510e-01 0.0000e+00
144 0.0000e+00 1.3840e-04 8.9654e-05 2.8965e-07 8.9654e-05 1.9519e-01 0.0000e+00
145 0.0000e+00 1.5310e-04 8.9404e-05 2.6629e-07 8.9404e-05 1.9528e-01 0.0000e+00
146 0.0000e+00 1.5990e-04 8.9155e-05 2.4486e-07 8.9155e-05 1.9537e-01 0.0000e+00
147 0.0000e+00 1.5310e-04 8.8907e-05 2.2519e-07 8.8907e-05 1.9546e-01 0.0000e+00
148 0.0000e+00 1.3840e-04 8.8661e-05 2.0714e-07 8.8661e-05 1.9555e-01 0.0000e+00
149 0.0000e+00 1.1300e-04 8.8417e-05 1.9056e-07 8.8417e-05 1.9564e-01 0.0000e+00
150 0.0000e+00 7.9900e-05 8.8173e-05 1.7401e-07 8.8173e-05 1.9572e-01 0.0000e+00
151 0.0000e+00 3.8700e-05 8.7931e-05 1.6019e-07 8.7931e-05 1.9581e-01 0.0000e+00
152 0.0000e+00 0.0000e+00 8.7690e-05 1.4749e-07 8.7690e-05 1.9590e-01 0.0000e+00
153 0.0000e+00 0.0000e+00 8.7451e-05 1.3581e-07 8.7451e-05 1.9599e-01 0.0000e+00
154 0.0000e+00 0.0000e+00 8.7212e-05 1.2508e-07 8.7212e-05 1.9607e-01 0.0000e+00
155 0.0000e+00 0.0000e+00 8.6975e-05 1.1521e-07 8.6975e-05 1.9616e-01 0.0000e+00
156 0.0000e+00 0.0000e+00 8.6740e-05 1.0614e-07 8.6740e-05 1.9625e-01 0.0000e+00
157 0.0000e+00 0.0000e+00 8.6505e-05 9.7791e-08 8.6505e-05 1.9633e-01 0.0000e+00
158 0.0000e+00 0.0000e+00 8.6272e-05 9.0114e-08 8.6272e-05 1.9642e-01 0.0000e+00
159 0.0000e+00 0.0000e+00 8.6040e-05 8.3050e-08 8.6040e-05 1.9651e-01 0.0000e+00
160 0.0000e+00 0.0000e+00 8.5809e-05 7.6551e-08 8.5809e-05 1.9659e-01 0.0000e+00
161 0.0000e+00 0.0000e+00 8.5579e-05 7.0569e-08 8.5579e-05 1.9668e-01 0.0000e+00
162 0.0000e+00 0.0000e+00 8.5351e-05 6.3804e-08 8.5351e-05 1.9676e-01 0.0000e+00
163 0.0000e+00 0.0000e+00 8.5124e-05 5.8870e-08 8.5124e-05 1.9685e-01 0.0000e+00
164 0.0000e+00 0.0000e+00 8.4898e-05 5.4324e-08 8.4898e-05 1.9693e-01 0.0000e+00
165 0.0000e+00 1.7800e-05 8.4673e-05 5.0135e-08 8.4673e-05 1.9702e-01 0.0000e+00
166 0.0000e+00 3.4400e-05 8.4449e-05 4.6273e-08 8.4449e-05 1.9710e-01 0.0000e+00
167 0.0000e+00 4.8600e-05 8.4227e-05 4.2714e-08 8.4227e-05 1.9719e-01 0.0000e+00
168 0.0000e+00 5.9500e-05 8.4006e-05 3.9433e-08 8.4006e-05 1.9727e-01 0.0000e+00
169 0.0000e+00 6.5900e-05 8.3786e-05 3.6408e-08 8.3786e-05 1.9735e-01 0.0000e+00
170 0.0000e+00 6.8800e-05 8.3567e-05 3.3618e-08 8.3567e-05 1.9744e-01 0.0000e+00
171 0.0000e+00 6.5900e-05 8.3349e-05 3.1046e-08 8.3349e-05 1.9752e-01 0.0000e+00
172 0.0000e+00 5.9500e-05 8.3132e-05 2.8673e-08 8.3132e-05 1.9760e-01 0.0000e+00
173 0.0000e+00 4.8600e-05 8.2916e-05 2.6484e-08 8.2916e-05 1.9769e-01 0.0000e+00
174 0.0000e+00 3.4400e-05 8.2702e-05 2.3349e-08 8.2702e-05 1.9777e-01 0.0000e+00
175 0.0000e+00 1.6600e-05 8.2488e-05 2.1594e-08 8.2488e-05 1.9785e-01 0.0000e+00
176 0.0000e+00 0.0000e+00 8.2276e-05 1.9972e-08 8.2276e-05 1.9793e-01 0.0000e+00
177 0.0000e+00 0.0000e+00 8.2065e-05 1.8474e-08 8.2065e-05 1.9802e-01 0.0000e+00
178 0.0000e+00 0.0000e+00 8.1855e-05 1.7090e-08 8.1855e-05 1.9810e-01 0.0000e+00
179 0.0000e+00 0.0000e+00 8.1646e-05 1.5810e-08 8.1646e-05 1.9818e-01 0.0000e+00
180 0.0000e+00 0.0000e+00 8.1438e-05 1.4628e-08 8.1438e-05 1.9826e-01 0.0000e+00
181 0.0000e+00 0.0000e+00 8.1231e-05 1.3535e-08 8.1231e-05 1.9834e-01 0.0000e+00
182 0.0000e+00 0.0000e+00 8.1025e-05 1.2524e-08 8.1025e-05 1.9842e-01 0.0000e+00
183 0.0000e+00 0.0000e+00 8.0820e-05 1.1590e-08 8.0820e-05 1.9850e-01 0.0000e+00
184 0.0000e+00 0.0000e+00 8.0616e-05 1.0727e-08 8.0616e-05 1.9858e-01 0.0000e+00
185 0.0000e+00 0.0000e+00 8.0413e-05 9.9285e-09 8.0413e-05 1.9867e-01 0.0000e+00
186 0.0000e+00 0.0000e+00 8.0212e-05 8.3491e-09 8.0212e-05 1.9875e-01 0.0000e+00
187 0.0000e+00 0.0000e+00 8.0011e-05 7.7405e-09 8.0011e-05 1.9883e-01 0.0000e+00
188 0.0000e+00 0.0000e+00 7.9811e-05 7.1766e-09 7.9811e-05 1.9891e-01 0.0000e+00
189 0.0000e+00 4.5600e-05 7.9612e-05 6.6542e-09 7.9612e-05 1.9898e-01 0.0000e+00
190 5.0000e-04 8.7900e-05 7.9414e-05 6.1701e-09 7.9414e-05 1.9906e-01 0.0000e+00
191 0.0000e+00 1.2440e-04 7.9218e-05 5.7216e-09 7.9218e-05 1.9914e-01 0.0000e+00
192 0.0000e+00 1.5230e-04 7.9022e-05 5.3060e-09 7.9022e-05 1.9922e-01 0.0000e+00
193 0.0000e+00 1.6850e-04 7.8827e-05 4.9208e-09 7.8827e-05 1.9930e-01 0.0000e+00
194 0.0000e+00 1.7590e-04 7.8633e-05 4.5639e-09 7.8633e-05 1.9938e-01 0.0000e+00
195 0.0000e+00 1.6850e-04 7.8440e-05 4.2331e-09 7.8440e-05 1.9946e-01 0.0000e+00
196 0.0000e+00 1.5230e-04 7.8248e-05 3.9264e-09 7.8248e-05 1.9954e-01 0.0000e+00
197 0.0000e+00 1.2440e-04 7.8057e-05 3.6422e-09 7.8057e-05 1.9961e-01 0.0000e+00
198 0.0000e+00 8.7900e-05 7.7867e-05 2.8401e-09 7.7867e-05 1.9969e-01 0.0000e+00
199 0.0000e+00 4.2600e-05 7.7677e-05 2.6396e-09 7.7677e-05 1.9977e-01 0.0000e+00
200 0.0000e+00 0.0000e+00 7.7489e-05 2.4532e-09 7.7489e-05 1.9985e-01 0.0000e+00
201 0.0000e+00 0.0000e+00 7.7302e-05 2.2802e-09 7.7302e-05 1.9992e-01 0.0000e+00
202 0.0000e+00 0.0000e+00 7.7115e-05 2.1194e-09 7.7115e-05 2.0000e-01 0.0000e+00
203 0.0000e+00 0.0000e+00 7.6930e-05 1.9700e-09 7.6930e-05 2.0008e-01 0.0000e+00
204 0.0000e+00 0.0000e+00 7.6745e-05 1.8312e-09 7.6745e-05 2.0016e-01 0.0000e+00
205 0.0000e+00 0.0000e+00 7.6561e-05 1.7023e-09 7.6561e-05 2.0023e-01 0.0000e+00
206 0.0000e+00 0.0000e+00 7.6378e-05 1.5825e-09 7.6378e-05 2.0031e-01 0.0000e+00
207 0.0000e+00 0.0000e+00 7.6196e-05 1.4712e-09 7.6196e-05 2.0038e-01 0.0000e+00
208 0.0000e+00 0.0000e+00 7.6015e-05 1.3678e-09 7.6015e-05 2.0046e-01 0.0000e+00
209 0.0000e+00 0.0000e+00 7.5834e-05 1.2716e-09 7.5834e-05 2.0054e-01 0.0000e+00
210 0.0000e+00 0.0000e+00 7.5655e-05 8.2308e-10 7.5655e-05 2.0061e-01 0.0000e+00
211 0.0000e+00 0.0000e+00 7.5476e-05 7.6705e-10 7.5476e-05 2.0069e-01 0.0000e+00
212 0.0000e+00 0.0000e+00 7.5298e-05 7.1486e-10 7.5298e-05 2.0076e-01 0.0000e+00
213 0.0000e+00 4.9000e-05 7.5122e-05 6.6623e-10 7.5122e-05 2.0084e-01 0.0000e+00
214 0.0000e+00 9.4600e-05 7.4945e-05 6.2093e-10 7.4945e-05 2.0091e-01 0.0000e+00
215 0.0000e+00 1.3380e-04 7.4770e-05 5.7872e-10 7.4770e-05 2.0099e-01 0.0000e+00
216 0.0000e+00 1.6380e-04 7.4596e-05 5.3940e-10 7.4596e-05 2.0106e-01 0.0000e+00
217 0.0000e+00 1.8130e-04 7.4422e-05 5.0276e-10 7.4422e-05 2.0114e-01 0.0000e+00
218 0.0000e+00 1.8920e-04 7.4249e-05 4.6863e-10 7.4249e-05 2.0121e-01 0.0000e+00
219 0.0000e+00 1.8130e-04 7.4077e-05 4.3682e-10 7.4077e-05 2.0129e-01 0.0000e+00
220 0.0000e+00 1.6380e-04 7.3906e-05 4.0718e-10 7.3906e-05 2.0136e-01 0.0000e+00
221 0.0000e+00 1.3380e-04 7.3735e-05 3.7957e-10 7.3735e-05 2.0143e-01 0.0000e+00
222 0.0000e+00 9.4600e-05 7.3565e-05 1.5501e-10 7.3565e-05 2.0151e-01 0.0000e+00
223 0.0000e+00 4.5800e-05 7.3396e-05 1.4493e-10 7.3396e-05 2.0158e-01 0.0000e+00
224 0.0000e+00 0.0000e+00 7.3228e-05 1.3550e-10 7.3228e-05 2.0165e-01 0.0000e+00
225 0.0000e+00 0.0000e+00 7.3061e-05 1.2670e-10 7.3061e-05 2.0173e-01 0.0000e+00
226 0.0000e+00 0.0000e+00 7.2894e-05 1.1846e-10 7.2894e-05 2.0180e-01 0.0000e+00
227 0.0000e+00 0.0000e+00 7.2728e-05 1.1077e-10 7.2728e-05 2.0187e-01 0.0000e+00
228 0.0000e+00 0.0000e+00 7.2563e-05 1.0357e-10 7.2563e-05 2.0194e-01 0.0000e+00
229 0.0000e+00 0.0000e+00 7.2399e-05 9.6849e-11 7.2399e-05 2.0202e-01 0.0000e+00
230 0.0000e+00 0.0000e+00 7.2235e-05 9.0562e-11 7.2235e-05 2.0209e-01 0.0000e+00
231 0.0000e+00 0.0000e+00 7.2073e-05 8.4685e-11 7.2073e-05 2.0216e-01 0.0000e+00
232 0.0000e+00 0.0000e+00 7.1910e-05 7.9191e-11 7.1910e-05 2.0223e-01 0.0000e+00
233 0.0000e+00 0.0000e+00 7.1749e-05 7.4055e-11 7.1749e-05 2.0230e-01 0.0000e+00
234 0.0000e+00 0.0000e+00 7.1588e-05 1.0988e-11 7.1588e-05 2.0238e-01 0.0000e+00
235 0.0000e+00 0.0000e+00 7.1428e-05 1.0311e-11 7.1428e-05 2.0245e-01 0.0000e+00
236 0.0000e+00 0.0000e+00 7.1269e-05 9.6753e-12 7.1269e-05 2.0252e-01 0.0000e+00
237 0.0000e+00 5.1700e-05 7.1110e-05 9.0792e-12 7.1110e-05 2.0259e-01 0.0000e+00
238 0.0000e+00 9.9800e-05 7.0953e-05 8.5199e-12 7.0953e-05 2.0266e-01 0.0000e+00
239 0.0000e+00 1.4120e-04 7.0795e-05 7.9951e-12 7.0795e-05 2.0273e-01 0.0000e+00
240 0.0000e+00 1.7290e-04 7.0639e-05 7.5028e-12 7.0639e-05 2.0280e-01 0.0000e+00
241 5.0000e-04 1.9130e-04 7.0483e-05 7.0409e-12 7.0483e-05 2.0287e-01 0.0000e+00
242 1.0000e-03 1.9970e-04 7.0328e-05 6.6075e-12 7.0328e-05 2.0294e-01 0.0000e+00
243 0.0000e+00 1.9130e-04 7.0174e-05 6.2009e-12 7.0174e-05 2.0301e-01 0.0000e+00
244 0.0000e+00 1.7290e-04 7.0020e-05 5.8195e-12 7.0020e-05 2.0308e-01 0.0000e+00
245 0.0000e+00 1.4120e-04 6.9867e-05 5.4615e-12 6.9867e-05 2.0315e-01 0.0000e+00
246 0.0000e+00 9.9800e-05 6.9715e-05 0.0000e+00 6.9715e-05 2.0322e-01 0.0000e+00
247 0.0000e+00 4.8300e-05 6.9563e-05 0.0000e+00 6.9563e-05 2.0329e-01 0.0000e+00
248 0.0000e+00 0.0000e+00 6.9412e-05 0.0000e+00 6.9412e-05 2.0336e-01 0.0000e+00
249 0.0000e+00 0.0000e+00 6.9262e-05 0.0000e+00 6.9262e-05 2.0343e-01 0.0000e+00
250 0.0000e+00 0.0000e+00 6.9112e-05 0.0000e+00 6.9112e-05 2.0350e-01 0.0000e+00
251 0.0000e+00 0.0000e+00 6.8963e-05 0.0000e+00 6.8963e-05 2.0357e-01 0.0000e+00
252 0.0000e+00 0.0000e+00 6.8814e-05 0.0000e+00 6.8814e-05 2.0364e-01 0.0000e+00
253 1.0000e-03 0.0000e+00 6.8666e-05 0.0000e+00 6.8666e-05 2.0371e-01 0.0000e+00
254 0.0000e+00 0.0000e+00 6.8519e-05 0.0000e+00 6.8519e-05 2.0378e-01 0.0000e+00
255 0.0000e+00 0.0000e+00 6.8373e-05 0.0000e+00 6.8373e-05 2.0384e-01 0.0000e+00
256 0.0000e+00 0.0000e+00 6.8227e-05 0.0000e+00 6.8227e-05 2.0391e-01 0.0000e+00
257 0.0000e+00 0.0000e+00 6.8081e-05 0.0000e+00 6.8081e-05 2.0398e-01 0.0000e+00
258 0.0000e+00 0.0000e+00 6.7937e-05 0.0000e+00 6.7937e-05 2.0405e-01 0.0000e+00
259 0.0000e+00 0.0000e+00 6.7793e-05 0.0000e+00 6.7793e-05 2.0412e-01 0.0000e+00
260 0.0000e+00 0.0000e+00 6.7649e-05 0.0000e+00 6.7649e-05 2.0418e-01 0.0000e+00
261 0.0000e+00 7.5200e-05 6.7506e-05 0.0000e+00 6.7506e-05 2.0425e-01 0.0000e+00
262 1.0000e-03 1.4510e-04 6.7364e-05 0.0000e+00 6.7364e-05 2.0432e-01 0.0000e+00
263 0.0000e+00 2.0520e-04 6.7222e-05 0.0000e+00 6.7222e-05 2.0439e-01 0.0000e+00
264 0.0000e+00 2.5130e-04 6.7081e-05 0.0000e+00 6.7081e-05 2.0445e-01 0.0000e+00
265 0.0000e+00 2.7800e-04 6.6941e-05 0.0000e+00 6.6941e-05 2.0452e-01 0.0000e+00
266 0.0000e+00 2.9030e-04 6.6801e-05 0.0000e+00 6.6801e-05 2.0459e-01 0.0000e+00
267 0.0000e+00 2.7800e-04 6.6662e-05 0.0000e+00 6.6662e-05 2.0465e-01 0.0000e+00
268 0.0000e+00 2.5130e-04 6.6523e-05 0.0000e+00 6.6523e-05 2.0472e-01 0.0000e+00
269 0.0000e+00 2.0520e-04 6.6385e-05 0.0000e+00 6.6385e-05 2.0479e-01 0.0000e+00
270 0.0000e+00 1.4510e-04 6.6247e-05 0.0000e+00 6.6247e-05 2.0485e-01 0.0000e+00
271 0.0000e+00 7.0200e-05 6.6110e-05 0.0000e+00 6.6110e-05 2.0492e-01 0.0000e+00
272 0.0000e+00 0.0000e+00 6.5974e-05 0.0000e+00 6.5974e-05 2.0498e-01 0.0000e+00
273 0.0000e+00 0.0000e+00 6.5838e-05 0.0000e+00 6.5838e-05 2.0505e-01 0.0000e+00
274 0.0000e+00 0.0000e+00 6.5703e-05 0.0000e+00 6.5703e-05 2.0512e-01 0.0000e+00
275 0.0000e+00 0.0000e+00 6.5568e-05 0.0000e+00 6.5568e-05 2.0518e-01 0.0000e+00
276 0.0000e+00 0.0000e+00 6.5434e-05 0.0000e+00 6.5434e-05 2.0525e-01 0.0000e+00
277 0.0000e+00 0.0000e+00 6.5300e-05 0.0000e+00 6.5300e-05 2.0531e-01 0.0000e+00
278 0.0000e+00 0.0000e+00 6.5167e-05 0.0000e+00 6.5167e-05 2.0538e-01 0.0000e+00
279 0.0000e+00 0.0000e+00 6.5034e-05 0.0000e+00 6.5034e-05 2.0544e-01 0.0000e+00
280 0.0000e+00 0.0000e+00 6.4902e-05 0.0000e+00 6.4902e-05 2.0551e-01 0.0000e+00
281 0.0000e+00 0.0000e+00 6.4771e-05 0.0000e+00 6.4771e-05 2.0557e-01 0.0000e+00
282 0.0000e+00 0.0000e+00 6.4640e-05 0.0000e+00 6.4640e-05 2.0564e-01 0.0000e+00
283 1.0000e-03 0.0000e+00 6.4509e-05 0.0000e+00 6.4509e-05 2.0570e-01 0.0000e+00
284 5.0000e-04 0.0000e+00 6.4379e-05 0.0000e+00 6.4379e-05 2.0577e-01 0.0000e+00
285 2.5000e-03 2.4400e-05 6.6627e-05 1.8093e-05 6.4250e-05 2.0581e-01 2.3771e-06
286 6.0000e-03 4.7000e-05 1.5267e-04 6.8825e-04 6.4157e-05 2.0519e-01 8.8517e-05
287 4.0000e-03 6.6500e-05 1.2398e-04 1.0117e-03 6.5421e-05 2.0424e-01 5.8556e-05
288 1.5000e-03 8.1400e-05 8.8619e-05 1.0192e-03 6.7384e-05 2.0329e-01 2.1234e-05
289 0.0000e+00 9.0100e-05 6.9419e-05 8.7937e-04 6.9419e-05 2.0248e-01 0.0000e+00
290 0.0000e+00 9.4000e-05 7.1198e-05 7.7006e-04 7.1198e-05 2.0178e-01 0.0000e+00
291 5.0000e-04 9.0100e-05 7.6251e-05 7.0508e-04 7.2770e-05 2.0115e-01 3.4806e-06
292 0.0000e+00 8.1400e-05 7.4223e-05 6.2048e-04 7.4223e-05 2.0060e-01 0.0000e+00
293 0.0000e+00 6.6500e-05 7.5500e-05 5.4857e-04 7.5500e-05 2.0013e-01 0.0000e+00
294 1.5000e-03 4.7000e-05 9.5324e-05 6.3498e-04 7.6625e-05 1.9957e-01 1.8700e-05
295 1.0000e-03 2.2800e-05 9.2090e-05 6.6381e-04 7.7974e-05 1.9898e-01 1.4117e-05
296 0.0000e+00 0.0000e+00 7.9414e-05 5.7684e-04 7.9414e-05 1.9849e-01 0.0000e+00
297 0.0000e+00 0.0000e+00 8.0658e-05 5.0902e-04 8.0658e-05 1.9806e-01 0.0000e+00
298 0.0000e+00 0.0000e+00 8.1745e-05 4.5069e-04 8.1745e-05 1.9769e-01 0.0000e+00
299 0.0000e+00 0.0000e+00 8.2693e-05 3.9988e-04 8.2693e-05 1.9737e-01 0.0000e+00
300 0.0000e+00 0.0000e+00 8.3517e-05 3.5541e-04 8.3517e-05 1.9710e-01 0.0000e+00
301 0.0000e+00 0.0000e+00 8.4230e-05 3.1633e-04 8.4230e-05 1.9687e-01 0.0000e+00
302 0.0000e+00 0.0000e+00 8.4843e-05 2.8191e-04 8.4843e-05 1.9667e-01 0.0000e+00
303 0.0000e+00 0.0000e+00 8.5367e-05 2.5153e-04 8.5367e-05 1.9651e-01 0.0000e+00
304 0.0000e+00 0.0000e+00 8.5811e-05 2.2465e-04 8.5811e-05 1.9637e-01 0.0000e+00
305 0.0000e+00 0.0000e+00 8.6184e-05 2.0084e-04 8.6184e-05 1.9625e-01 0.0000e+00
306 0.0000e+00 0.0000e+00 8.6494e-05 1.7972e-04 8.6494e-05 1.9616e-01 0.0000e+00
307 0.0000e+00 0.0000e+00 8.6746e-05 1.6097e-04 8.6746e-05 1.9608e-01 0.0000e+00
308 0.0000e+00 0.0000e+00 8.6948e-05 1.4429e-04 8.6948e-05 1.9603e-01 0.0000e+00
309 0.0000e+00 2.8800e-05 8.7104e-05 1.2944e-04 8.7104e-05 1.9599e-01 0.0000e+00
310 5.0000e-04 5.5500e-05 9.5468e-05 1.6924e-04 8.7219e-05 1.9590e-01 8.2488e-06
311 0.0000e+00 7.8500e-05 8.7443e-05 1.4722e-04 8.7443e-05 1.9584e-01 0.0000e+00
312 0.0000e+00 9.6200e-05 8.7606e-05 1.3064e-04 8.7606e-05 1.9580e-01 0.0000e+00
313 0.0000e+00 1.0640e-04 8.7724e-05 1.1631e-04 8.7724e-05 1.9577e-01 0.0000e+00
314 0.0000e+00 1.1110e-04 8.7802e-05 1.0380e-04 8.7802e-05 1.9576e-01 0.0000e+00
315 0.0000e+00 1.0640e-04 8.7846e-05 9.2812e-05 8.7846e-05 1.9575e-01 0.0000e+00
316 0.0000e+00 9.6200e-05 8.7860e-05 8.3112e-05 8.7860e-05 1.9576e-01 0.0000e+00
317 5.0000e-04 7.8500e-05 8.7847e-05 7.4522e-05 8.7847e-05 1.9577e-01 0.0000e+00
318 1.0000e-03 5.5500e-05 1.0207e-04 1.5871e-04 8.7810e-05 1.9570e-01 1.4257e-05
319 5.0000e-04 2.6900e-05 9.6182e-05 1.8687e-04 8.8005e-05 1.9560e-01 8.1768e-06
320 0.0000e+00 0.0000e+00 8.8277e-05 1.6017e-04 8.8277e-05 1.9553e-01 0.0000e+00
321 0.0000e+00 0.0000e+00 8.8476e-05 1.4024e-04 8.8476e-05 1.9548e-01 0.0000e+00
322 1.0000e-03 0.0000e+00 1.0652e-04 2.3898e-04 8.8619e-05 1.9532e-01 1.7901e-05
323 1.0000e-03 0.0000e+00 1.0743e-04 3.2118e-04 8.9037e-05 1.9509e-01 1.8396e-05
324 0.0000e+00 0.0000e+00 8.9685e-05 2.7272e-04 8.9685e-05 1.9491e-01 0.0000e+00
325 0.0000e+00 0.0000e+00 9.0199e-05 2.3766e-04 9.0199e-05 1.9476e-01 0.0000e+00
326 0.0000e+00 0.0000e+00 9.0616e-05 2.0828e-04 9.0616e-05 1.9464e-01 0.0000e+00
327 0.0000e+00 0.0000e+00 9.0950e-05 1.8330e-04 9.0950e-05 1.9455e-01 0.0000e+00
328 0.0000e+00 0.0000e+00 9.1213e-05 1.6182e-04 9.1213e-05 1.9448e-01 0.0000e+00
329 0.0000e+00 0.0000e+00 9.1414e-05 1.4323e-04 9.1414e-05 1.9443e-01 0.0000e+00
330 0.0000e+00 0.0000e+00 9.1562e-05 1.2704e-04 9.1562e-05 1.9439e-01 0.0000e+00
331 0.0000e+00 0.0000e+00 9.1664e-05 1.1288e-04 9.1664e-05 1.9437e-01 0.0000e+00
332 0.0000e+00 0.0000e+00 9.1725e-05 1.0047e-04 9.1725e-05 1.9436e-01 0.0000e+00
333 0.0000e+00 1.1200e-05 9.1750e-05 8.9546e-05 9.1750e-05 1.9437e-01 0.0000e+00
334 0.0000e+00 2.1600e-05 9.1743e-05 7.9917e-05 9.1743e-05 1.9438e-01 0.0000e+00
335 0.0000e+00 3.0600e-05 9.1709e-05 7.1409e-05 9.1709e-05 1.9440e-01 0.0000e+00
336 0.0000e+00 3.7400e-05 9.1651e-05 6.3879e-05 9.1651e-05 1.9443e-01 0.0000e+00
337 0.0000e+00 4.1400e-05 9.1572e-05 5.7202e-05 9.1572e-05 1.9446e-01 0.0000e+00
338 5.0000e-04 4.3200e-05 9.8058e-05 9.4091e-05 9.1474e-05 1.9446e-01 6.5848e-06
339 5.0000e-04 4.1400e-05 9.9884e-05 1.3506e-04 9.1481e-05 1.9441e-01 8.4031e-06
340 1.5000e-03 3.7400e-05 1.1844e-04 2.8926e-04 9.1606e-05 1.9422e-01 2.6832e-05
341 1.5000e-03 3.0600e-05 1.1908e-04 4.1607e-04 9.2173e-05 1.9389e-01 2.6905e-05
342 1.0000e-03 2.1600e-05 1.1094e-04 4.6637e-04 9.3111e-05 1.9352e-01 1.7833e-05
343 5.0000e-04 1.0500e-05 1.0300e-04 4.5477e-04 9.4203e-05 1.9316e-01 8.8004e-06
344 1.0000e-03 0.0000e+00 1.1347e-04 5.1103e-04 9.5271e-05 1.9274e-01 1.8202e-05
345 5.0000e-04 0.0000e+00 1.0571e-04 4.9823e-04 9.6517e-05 1.9234e-01 9.1978e-06
346 0.0000e+00 0.0000e+00 9.7736e-05 4.3034e-04 9.7736e-05 1.9201e-01 0.0000e+00
347 0.0000e+00 0.0000e+00 9.8757e-05 3.7604e-04 9.8757e-05 1.9173e-01 0.0000e+00
348 0.0000e+00 0.0000e+00 9.9617e-05 3.2998e-04 9.9617e-05 1.9150e-01 0.0000e+00
349 0.0000e+00 0.0000e+00 1.0034e-04 2.9046e-04 1.0034e-04 1.9131e-01 0.0000e+00
350 0.0000e+00 0.0000e+00 1.0093e-04 2.5631e-04 1.0093e-04 1.9116e-01 0.0000e+00
351 0.0000e+00 0.0000e+00 1.0143e-04 2.2664e-04 1.0143e-04 1.9103e-01 0.0000e+00
352 0.0000e+00 0.0000e+00 1.0182e-04 2.0076e-04 1.0182e-04 1.9093e-01 0.0000e+00
353 5.0000e-04 0.0000e+00 1.1134e-04 2.3957e-04 1.0214e-04 1.9079e-01 9.1978e-06
354 0.0000e+00 0.0000e+00 1.0258e-04 2.0729e-04 1.0258e-04 1.9069e-01 0.0000e+00
355 0.0000e+00 0.0000e+00 1.0291e-04 1.8259e-04 1.0291e-04 1.9061e-01 0.0000e+00
356 0.0000e+00 0.0000e+00 1.0317e-04 1.6143e-04 1.0317e-04 1.9055e-01 0.0000e+00
357 0.0000e+00 7.2300e-05 1.0336e-04 1.4310e-04 1.0336e-04 1.9051e-01 0.0000e+00
358 0.0000e+00 1.3960e-04 1.0349e-04 1.2711e-04 1.0349e-04 1.9049e-01 0.0000e+00
359 0.0000e+00 1.9750e-04 1.0356e-04 1.1309e-04 1.0356e-04 1.9048e-01 0.0000e+00
360 0.0000e+00 2.4180e-04 1.0359e-04 1.0077e-04 1.0359e-04 1.9048e-01 0.0000e+00
361 0.0000e+00 2.6750e-04 1.0359e-04 8.9898e-05 1.0359e-04 1.9050e-01 0.0000e+00
362 0.0000e+00 2.7930e-04 1.0354e-04 8.0294e-05 1.0354e-04 1.9052e-01 0.0000e+00
363 0.0000e+00 2.6750e-04 1.0347e-04 7.1795e-05 1.0347e-04 1.9055e-01 0.0000e+00
364 0.0000e+00 2.4180e-04 1.0336e-04 6.4259e-05 1.0336e-04 1.9059e-01 0.0000e+00
365 0.0000e+00 1.9750e-04 1.0324e-04 5.7568e-05 1.0324e-04 1.9064e-01 0.0000e+00
366 0.0000e+00 1.3960e-04 1.0309e-04 5.1619e-05 1.0309e-04 1.9069e-01 0.0000e+00
367 0.0000e+00 6.7600e-05 1.0292e-04 4.6324e-05 1.0292e-04 1.9074e-01 0.0000e+00
368 0.0000e+00 0.0000e+00 1.0274e-04 4.1606e-05 1.0274e-04 1.9080e-01 0.0000e+00
369 0.0000e+00 0.0000e+00 1.0255e-04 3.7397e-05 1.0255e-04 1.9087e-01 0.0000e+00
370 0.0000e+00 0.0000e+00 1.0234e-04 3.3638e-05 1.0234e-04 1.9094e-01 0.0000e+00
371 0.0000e+00 0.0000e+00 1.0212e-04 3.0278e-05 1.0212e-04 1.9101e-01 0.0000e+00
372 0.0000e+00 0.0000e+00 1.0189e-04 2.7272e-05 1.0189e-04 1.9108e-01 0.0000e+00
373 5.0000e-04 0.0000e+00 1.0165e-04 2.4581e-05 1.0165e-04 1.9116e-01 0.0000e+00
374 7.5000e-03 0.0000e+00 2.1045e-04 7.4931e-04 1.0141e-04 1.9051e-01 1.0904e-04
375 4.5000e-03 0.0000e+00 1.8626e-04 1.1571e-03 1.0348e-04 1.8946e-01 8.2780e-05
376 2.5000e-03 0.0000e+00 1.5293e-04 1.2726e-03 1.0695e-04 1.8829e-01 4.5989e-05
377 5.0000e-04 0.0000e+00 1.2011e-04 1.1403e-03 1.1091e-04 1.8727e-01 9.1978e-06
378 0.0000e+00 0.0000e+00 1.1454e-04 9.8164e-04 1.1454e-04 1.8640e-01 0.0000e+00
379 0.0000e+00 0.0000e+00 1.1769e-04 8.5279e-04 1.1769e-04 1.8566e-01 0.0000e+00
380 0.0000e+00 0.0000e+00 1.2042e-04 7.4405e-04 1.2042e-04 1.8504e-01 0.0000e+00
381 0.0000e+00 1.7400e-05 1.2279e-04 6.5115e-04 1.2279e-04 1.8451e-01 0.0000e+00
382 0.0000e+00 3.3600e-05 1.2483e-04 5.7120e-04 1.2483e-04 1.8406e-01 0.0000e+00
383 1.0000e-03 4.7500e-05 1.4405e-04 6.2562e-04 1.2659e-04 1.8357e-01 1.7458e-05
384 1.0000e-03 5.8200e-05 1.4610e-04 6.6321e-04 1.2858e-04 1.8303e-01 1.7522e-05
385 0.0000e+00 6.4300e-05 1.3074e-04 5.6870e-04 1.3074e-04 1.8259e-01 0.0000e+00
386 5.0000e-04 6.7200e-05 1.3949e-04 5.4634e-04 1.3254e-04 1.8218e-01 6.9457e-06
387 0.0000e+00 6.4300e-05 1.3427e-04 4.7404e-04 1.3427e-04 1.8184e-01 0.0000e+00
388 0.0000e+00 5.8200e-05 1.3570e-04 4.1551e-04 1.3570e-04 1.8156e-01 0.0000e+00
389 0.0000e+00 4.7500e-05 1.3690e-04 3.6535e-04 1.3690e-04 1.8133e-01 0.0000e+00
390 5.0000e-04 3.3600e-05 1.4272e-04 3.5711e-04 1.3788e-04 1.8111e-01 4.8421e-06
391 0.0000e+00 1.6300e-05 1.3882e-04 3.1120e-04 1.3882e-04 1.8094e-01 0.0000e+00
392 5.0000e-04 0.0000e+00 1.4785e-04 3.3440e-04 1.3957e-04 1.8074e-01 8.2800e-06
393 5.0000e-04 0.0000e+00 1.4962e-04 3.5530e-04 1.4043e-04 1.8053e-01 9.1978e-06
394 0.0000e+00 0.0000e+00 1.4137e-04 3.0424e-04 1.4137e-04 1.8037e-01 0.0000e+00
395 0.0000e+00 0.0000e+00 1.4209e-04 2.6609e-04 1.4209e-04 1.8024e-01 0.0000e+00
396 0.0000e+00 0.0000e+00 1.4265e-04 2.3379e-04 1.4265e-04 1.8015e-01 0.0000e+00
397 0.0000e+00 0.0000e+00 1.4305e-04 2.0600e-04 1.4305e-04 1.8009e-01 0.0000e+00
398 0.0000e+00 0.0000e+00 1.4333e-04 1.8193e-04 1.4333e-04 1.8005e-01 0.0000e+00
399 0.0000e+00 0.0000e+00 1.4351e-04 1.6098e-04 1.4351e-04 1.8003e-01 0.0000e+00
400 0.0000e+00 0.0000e+00 1.4358e-04 1.4267e-04 1.4358e-04 1.8003e-01 0.0000e+00
401 0.0000e+00 0.0000e+00 1.4358e-04 1.2664e-04 1.4358e-04 1.8005e-01 0.0000e+00
402 1.0000e-03 0.0000e+00 1.6190e-04 2.4782e-04 1.4350e-04 1.7995e-01 1.8396e-05
403 0.0000e+00 0.0000e+00 1.4397e-04 2.0276e-04 1.4397e-04 1.7989e-01 0.0000e+00
404 0.0000e+00 0.0000e+00 1.4424e-04 1.7557e-04 1.4424e-04 1.7986e-01 0.0000e+00
405 5.0000e-04 2.4600e-05 1.5358e-04 2.2101e-04 1.4438e-04 1.7978e-01 9.1978e-06
406 5.0000e-04 4.7400e-05 1.5347e-04 2.5019e-04 1.4473e-04 1.7967e-01 8.7452e-06
407 0.0000e+00 6.7100e-05 1.4520e-04 2.1028e-04 1.4520e-04 1.7961e-01 0.0000e+00
408 5.0000e-04 8.2200e-05 1.5259e-04 2.3468e-04 1.4550e-04 1.7952e-01 7.0926e-06
409 0.0000e+00 9.0900e-05 1.4590e-04 1.9862e-04 1.4590e-04 1.7947e-01 0.0000e+00
410 0.0000e+00 9.5000e-05 1.4615e-04 1.7262e-04 1.4615e-04 1.7944e-01 0.0000e+00
411 0.0000e+00 9.0900e-05 1.4627e-04 1.5081e-04 1.4627e-04 1.7944e-01 0.0000e+00
412 0.0000e+00 8.2200e-05 1.4629e-04 1.3225e-04 1.4629e-04 1.7945e-01 0.0000e+00
413 0.0000e+00 6.7100e-05 1.4622e-04 1.1630e-04 1.4622e-04 1.7948e-01 0.0000e+00
414 0.0000e+00 4.7400e-05 1.4609e-04 1.0253e-04 1.4609e-04 1.7952e-01 0.0000e+00
415 0.0000e+00 2.3000e-05 1.4589e-04 9.0578e-05 1.4589e-04 1.7958e-01 0.0000e+00
416 0.0000e+00 0.0000e+00 1.4564e-04 8.0166e-05 1.4564e-04 1.7964e-01 0.0000e+00
417 0.0000e+00 0.0000e+00 1.4534e-04 7.1067e-05 1.4534e-04 1.7972e-01 0.0000e+00
418 0.0000e+00 0.0000e+00 1.4500e-04 6.3094e-05 1.4500e-04 1.7980e-01 0.0000e+00
419 0.0000e+00 0.0000e+00 1.4463e-04 5.6093e-05 1.4463e-04 1.7989e-01 0.0000e+00
420 0.0000e+00 0.0000e+00 1.4423e-04 4.9931e-05 1.4423e-04 1.7998e-01 0.0000e+00
421 0.0000e+00 0.0000e+00 1.4381e-04 4.4498e-05 1.4381e-04 1.8008e-01 0.0000e+00
422 0.0000e+00 0.0000e+00 1.4336e-04 3.9701e-05 1.4336e-04 1.8019e-01 0.0000e+00
423 0.0000e+00 0.0000e+00 1.4290e-04 3.5458e-05 1.4290e-04 1.8029e-01 0.0000e+00
424 0.0000e+00 0.0000e+00 1.4242e-04 3.1700e-05 1.4242e-04 1.8040e-01 0.0000e+00
425 0.0000e+00 0.0000e+00 1.4193e-04 2.8366e-05 1.4193e-04 1.8052e-01 0.0000e+00
426 0.0000e+00 0.0000e+00 1.4142e-04 2.5406e-05 1.4142e-04 1.8063e-01 0.0000e+00
427 5.0000e-04 0.0000e+00 1.4091e-04 2.2774e-05 1.4091e-04 1.8075e-01 0.0000e+00
428 2.0000e-03 0.0000e+00 1.7579e-04 2.7890e-04 1.4039e-04 1.8061e-01 3.5396e-05
429 3.0000e-03 3.2600e-05 1.9619e-04 6.1883e-04 1.4100e-04 1.8014e-01 5.5187e-05
430 2.0000e-03 6.2900e-05 1.7931e-04 7.5656e-04 1.4312e-04 1.7952e-01 3.6191e-05
431 1.0000e-03 8.9000e-05 1.6313e-04 7.4688e-04 1.4589e-04 1.7892e-01 1.7238e-05
432 0.0000e+00 1.0900e-04 1.4866e-04 6.2566e-04 1.4866e-04 1.7844e-01 0.0000e+00
433 5.0000e-04 1.2060e-04 1.5645e-04 5.7842e-04 1.5089e-04 1.7802e-01 5.5590e-06
434 0.0000e+00 1.2590e-04 1.5292e-04 4.9487e-04 1.5292e-04 1.7768e-01 0.0000e+00
435 0.0000e+00 1.2060e-04 1.5456e-04 4.2847e-04 1.5456e-04 1.7740e-01 0.0000e+00
436 0.0000e+00 1.0900e-04 1.5589e-04 3.7243e-04 1.5589e-04 1.7718e-01 0.0000e+00
437 3.5000e-03 8.9000e-05 2.3051e-04 7.2757e-04 1.5695e-04 1.7661e-01 7.3559e-05
438 0.0000e+00 6.2900e-05 1.5977e-04 5.9947e-04 1.5977e-04 1.7617e-01 0.0000e+00
439 0.0000e+00 3.0500e-05 1.6199e-04 5.1470e-04 1.6199e-04 1.7582e-01 0.0000e+00
440 0.0000e+00 0.0000e+00 1.6378e-04 4.4481e-04 1.6378e-04 1.7554e-01 0.0000e+00
441 0.0000e+00 0.0000e+00 1.6523e-04 3.8625e-04 1.6523e-04 1.7532e-01 0.0000e+00
442 0.0000e+00 0.0000e+00 1.6637e-04 3.3662e-04 1.6637e-04 1.7515e-01 0.0000e+00
443 0.0000e+00 0.0000e+00 1.6726e-04 2.9423e-04 1.6726e-04 1.7502e-01 0.0000e+00
444 5.0000e-04 0.0000e+00 1.7565e-04 3.0087e-04 1.6792e-04 1.7489e-01 7.7266e-06
445 0.0000e+00 0.0000e+00 1.6862e-04 2.5973e-04 1.6862e-04 1.7480e-01 0.0000e+00
446 0.0000e+00 0.0000e+00 1.6910e-04 2.2706e-04 1.6910e-04 1.7474e-01 0.0000e+00
447 0.0000e+00 0.0000e+00 1.6941e-04 1.9913e-04 1.6941e-04 1.7471e-01 0.0000e+00
448 0.0000e+00 0.0000e+00 1.6957e-04 1.7508e-04 1.6957e-04 1.7471e-01 0.0000e+00
449 0.0000e+00 0.0000e+00 1.6960e-04 1.5425e-04 1.6960e-04 1.7472e-01 0.0000e+00
450 0.0000e+00 0.0000e+00 1.6951e-04 1.3613e-04 1.6951e-04 1.7475e-01 0.0000e+00
451 0.0000e+00 0.0000e+00 1.6934e-04 1.2034e-04 1.6934e-04 1.7480e-01 0.0000e+00
452 5.0000e-04 0.0000e+00 1.8123e-04 1.7444e-04 1.6908e-04 1.7480e-01 1.2156e-05
453 0.0000e+00 2.2400e-05 1.6911e-04 1.4692e-04 1.6911e-04 1.7482e-01 0.0000e+00
454 0.0000e+00 4.3300e-05 1.6899e-04 1.2769e-04 1.6899e-04 1.7486e-01 0.0000e+00
455 0.0000e+00 6.1200e-05 1.6877e-04 1.1164e-04 1.6877e-04 1.7492e-01 0.0000e+00
456 0.0000e+00 7.5000e-05 1.6847e-04 9.8021e-05 1.6847e-04 1.7499e-01 0.0000e+00
457 0.0000e+00 8.3000e-05 1.6810e-04 8.6325e-05 1.6810e-04 1.7507e-01 0.0000e+00
458 0.0000e+00 8.6600e-05 1.6767e-04 7.6210e-05 1.6767e-04 1.7516e-01 0.0000e+00
459 0.0000e+00 8.3000e-05 1.6719e-04 6.7416e-05 1.6719e-04 1.7526e-01 0.0000e+00
460 0.0000e+00 7.5000e-05 1.6667e-04 5.9742e-05 1.6667e-04 1.7537e-01 0.0000e+00
461 0.0000e+00 6.1200e-05 1.6612e-04 5.3024e-05 1.6612e-04 1.7548e-01 0.0000e+00
462 0.0000e+00 4.3300e-05 1.6553e-04 4.7126e-05 1.6553e-04 1.7560e-01 0.0000e+00
463 0.0000e+00 2.1000e-05 1.6492e-04 4.1938e-05 1.6492e-04 1.7572e-01 0.0000e+00
464 0.0000e+00 0.0000e+00 1.6429e-04 3.7366e-05 1.6429e-04 1.7585e-01 0.0000e+00
465 1.0000e-03 0.0000e+00 1.7212e-04 8.0290e-05 1.6364e-04 1.7593e-01 8.4808e-06
466 5.0000e-04 0.0000e+00 1.7537e-04 1.3340e-04 1.6321e-04 1.7596e-01 1.2156e-05
467 0.0000e+00 0.0000e+00 1.6306e-04 1.0921e-04 1.6306e-04 1.7602e-01 0.0000e+00
468 0.0000e+00 0.0000e+00 1.6278e-04 9.3317e-05 1.6278e-04 1.7609e-01 0.0000e+00
469 5.0000e-04 0.0000e+00 1.7459e-04 1.4765e-04 1.6243e-04 1.7610e-01 1.2156e-05
470 0.0000e+00 0.0000e+00 1.6236e-04 1.2197e-04 1.6236e-04 1.7614e-01 0.0000e+00
471 0.0000e+00 0.0000e+00 1.6215e-04 1.0460e-04 1.6215e-04 1.7620e-01 0.0000e+00
472 5.0000e-04 0.0000e+00 1.7402e-04 1.5750e-04 1.6186e-04 1.7620e-01 1.2156e-05
473 5.0000e-04 0.0000e+00 1.7399e-04 1.9776e-04 1.6184e-04 1.7617e-01 1.2156e-05
474 0.0000e+00 0.0000e+00 1.6202e-04 1.6435e-04 1.6202e-04 1.7617e-01 0.0000e+00
475 0.0000e+00 0.0000e+00 1.6203e-04 1.4080e-04 1.6203e-04 1.7619e-01 0.0000e+00
476 0.0000e+00 0.0000e+00 1.6192e-04 1.2153e-04 1.6192e-04 1.7623e-01 0.0000e+00
477 0.0000e+00 9.2000e-06 1.6172e-04 1.0547e-04 1.6172e-04 1.7628e-01 0.0000e+00
478 0.0000e+00 1.7800e-05 1.6144e-04 9.1918e-05 1.6144e-04 1.7635e-01 0.0000e+00
479 0.0000e+00 2.5200e-05 1.6109e-04 8.0370e-05 1.6109e-04 1.7643e-01 0.0000e+00
480 0.0000e+00 3.0900e-05 1.6068e-04 7.0468e-05 1.6068e-04 1.7652e-01 0.0000e+00
481 0.0000e+00 3.4200e-05 1.6023e-04 6.1932e-05 1.6023e-04 1.7662e-01 0.0000e+00
482 5.0000e-04 3.5700e-05 1.6904e-04 1.0575e-04 1.5974e-04 1.7668e-01 9.3069e-06
483 2.5000e-03 3.4200e-05 2.1938e-04 4.1737e-04 1.5947e-04 1.7642e-01 5.9913e-05
484 1.0000e-03 3.0900e-05 1.8424e-04 4.6196e-04 1.6076e-04 1.7612e-01 2.3481e-05
485 0.0000e+00 2.5200e-05 1.6228e-04 3.8250e-04 1.6228e-04 1.7590e-01 0.0000e+00
486 1.0000e-03 1.7800e-05 1.8635e-04 4.5265e-04 1.6340e-04 1.7561e-01 2.2949e-05
487 0.0000e+00 8.6000e-06 1.6488e-04 3.7844e-04 1.6488e-04 1.7539e-01 0.0000e+00
488 0.0000e+00 0.0000e+00 1.6599e-04 3.2441e-04 1.6599e-04 1.7524e-01 0.0000e+00
489 0.0000e+00 0.0000e+00 1.6681e-04 2.7990e-04 1.6681e-04 1.7512e-01 0.0000e+00
490 0.0000e+00 0.0000e+00 1.6740e-04 2.4265e-04 1.6740e-04 1.7505e-01 0.0000e+00
491 0.0000e+00 0.0000e+00 1.6779e-04 2.1114e-04 1.6779e-04 1.7500e-01 0.0000e+00
492 0.0000e+00 0.0000e+00 1.6802e-04 1.8427e-04 1.6802e-04 1.7499e-01 0.0000e+00
493 0.0000e+00 0.0000e+00 1.6811e-04 1.6124e-04 1.6811e-04 1.7499e-01 0.0000e+00
494 0.0000e+00 0.0000e+00 1.6807e-04 1.4141e-04 1.6807e-04 1.7502e-01 0.0000e+00
495 0.0000e+00 0.0000e+00 1.6793e-04 1.2426e-04 1.6793e-04 1.7506e-01 0.0000e+00
496 0.0000e+00 0.0000e+00 1.6770e-04 1.0939e-04 1.6770e-04 1.7512e-01 0.0000e+00
497 0.0000e+00 0.0000e+00 1.6740e-04 9.6457e-05 1.6740e-04 1.7519e-01 0.0000e+00
498 0.0000e+00 0.0000e+00 1.6703e-04 8.5185e-05 1.6703e-04 1.7528e-01 0.0000e+00
499 0.0000e+00 0.0000e+00 1.6660e-04 7.5339e-05 1.6660e-04 1.7537e-01 0.0000e+00
500 0.0000e+00 0.0000e+00 1.6612e-04 6.6719e-05 1.6612e-04 1.7547e-01 0.0000e+00
501 0.0000e+00 6.3800e-05 1.6561e-04 5.9161e-05 1.6561e-04 1.7557e-01 0.0000e+00
502 0.0000e+00 1.2310e-04 1.6506e-04 5.2522e-05 1.6506e-04 1.7569e-01 0.0000e+00
503 0.0000e+00 1.7420e-04 1.6448e-04 4.6680e-05 1.6448e-04 1.7580e-01 0.0000e+00
504 0.0000e+00 2.1330e-04 1.6388e-04 4.1533e-05 1.6388e-04 1.7593e-01 0.0000e+00
505 0.0000e+00 2.3600e-04 1.6325e-04 3.6991e-05 1.6325e-04 1.7605e-01 0.0000e+00
506 0.0000e+00 2.4640e-04 1.6261e-04 3.2978e-05 1.6261e-04 1.7618e-01 0.0000e+00
507 0.0000e+00 2.3600e-04 1.6195e-04 2.9428e-05 1.6195e-04 1.7631e-01 0.0000e+00
508 0.0000e+00 2.1330e-04 1.6128e-04 2.6284e-05 1.6128e-04 1.7645e-01 0.0000e+00
509 0.0000e+00 1.7420e-04 1.6060e-04 2.3496e-05 1.6060e-04 1.7659e-01 0.0000e+00
510 0.0000e+00 1.2310e-04 1.5992e-04 2.1021e-05 1.5992e-04 1.7672e-01 0.0000e+00
511 0.0000e+00 5.9600e-05 1.5922e-04 1.8823e-05 1.5922e-04 1.7687e-01 0.0000e+00
512 0.0000e+00 0.0000e+00 1.5853e-04 1.6867e-05 1.5853e-04 1.7701e-01 0.0000e+00
513 0.0000e+00 0.0000e+00 1.5783e-04 1.5125e-05 1.5783e-04 1.7715e-01 0.0000e+00
514 0.0000e+00 0.0000e+00 1.5712e-04 1.3573e-05 1.5712e-04 1.7729e-01 0.0000e+00
515 0.0000e+00 0.0000e+00 1.5642e-04 1.2189e-05 1.5642e-04 1.7744e-01 0.0000e+00
516 0.0000e+00 0.0000e+00 1.5572e-04 1.0953e-05 1.5572e-04 1.7758e-01 0.0000e+00
517 0.0000e+00 0.0000e+00 1.5501e-04 9.8495e-06 1.5501e-04 1.7773e-01 0.0000e+00
518 0.0000e+00 0.0000e+00 1.5431e-04 8.8616e-06 1.5431e-04 1.7787e-01 0.0000e+00
519 0.0000e+00 0.0000e+00 1.5361e-04 7.9785e-06 1.5361e-04 1.7802e-01 0.0000e+00
520 0.0000e+00 0.0000e+00 1.5291e-04 7.1876e-06 1.5291e-04 1.7816e-01 0.0000e+00
521 0.0000e+00 0.0000e+00 1.5222e-04 6.4789e-06 1.5222e-04 1.7831e-01 0.0000e+00
522 0.0000e+00 0.0000e+00 1.5153e-04 5.8433e-06 1.5153e-04 1.7846e-01 0.0000e+00
523 0.0000e+00 0.0000e+00 1.5084e-04 5.2729e-06 1.5084e-04 1.7860e-01 0.0000e+00
524 0.0000e+00 0.0000e+00 1.5016e-04 4.7607e-06 1.5016e-04 1.7875e-01 0.0000e+00
525 0.0000e+00 4.1700e-05 1.4947e-04 4.3005e-06 1.4947e-04 1.7889e-01 0.0000e+00
526 0.0000e+00 8.0400e-05 1.4880e-04 3.8867e-06 1.4880e-04 1.7904e-01 0.0000e+00
527 0.0000e+00 1.1380e-04 1.4813e-04 3.5144e-06 1.4813e-04 1.7918e-01 0.0000e+00
528 0.0000e+00 1.3930e-04 1.4746e-04 3.1793e-06 1.4746e-04 1.7933e-01 0.0000e+00
529 0.0000e+00 1.5420e-04 1.4679e-04 2.8767e-06 1.4679e-04 1.7947e-01 0.0000e+00
530 0.0000e+00 1.6090e-04 1.4614e-04 2.6049e-06 1.4614e-04 1.7961e-01 0.0000e+00
531 0.0000e+00 1.5420e-04 1.4548e-04 2.3598e-06 1.4548e-04 1.7976e-01 0.0000e+00
532 0.0000e+00 1.3930e-04 1.4483e-04 2.1387e-06 1.4483e-04 1.7990e-01 0.0000e+00
533 0.0000e+00 1.1380e-04 1.4419e-04 1.9391e-06 1.4419e-04 1.8004e-01 0.0000e+00
534 0.0000e+00 8.0400e-05 1.4355e-04 1.7588e-06 1.4355e-04 1.8018e-01 0.0000e+00
535 0.0000e+00 3.8900e-05 1.4291e-04 1.5960e-06 1.4291e-04 1.8032e-01 0.0000e+00
536 0.0000e+00 0.0000e+00 1.4228e-04 1.4488e-06 1.4228e-04 1.8046e-01 0.0000e+00
537 0.0000e+00 0.0000e+00 1.4166e-04 1.3156e-06 1.4166e-04 1.8061e-01 0.0000e+00
538 0.0000e+00 0.0000e+00 1.4104e-04 1.1952e-06 1.4104e-04 1.8075e-01 0.0000e+00
539 0.0000e+00 0.0000e+00 1.4042e-04 1.0862e-06 1.4042e-04 1.8088e-01 0.0000e+00
540 0.0000e+00 0.0000e+00 1.3981e-04 9.8646e-07 1.3981e-04 1.8102e-01 0.0000e+00
541 0.0000e+00 0.0000e+00 1.3921e-04 8.9720e-07 1.3921e-04 1.8116e-01 0.0000e+00
542 0.0000e+00 0.0000e+00 1.3861e-04 8.1628e-07 1.3861e-04 1.8130e-01 0.0000e+00
543 0.0000e+00 0.0000e+00 1.3801e-04 7.4291e-07 1.3801e-04 1.8144e-01 0.0000e+00
544 0.0000e+00 0.0000e+00 1.3742e-04 6.7635e-07 1.3742e-04 1.8157e-01 0.0000e+00
545 0.0000e+00 0.0000e+00 1.3684e-04 6.1595e-07 1.3684e-04 1.8171e-01 0.0000e+00
546 0.0000e+00 0.0000e+00 1.3626e-04 5.6111e-07 1.3626e-04 1.8185e-01 0.0000e+00
547 0.0000e+00 0.0000e+00 1.3568e-04 5.1132e-07 1.3568e-04 1.8198e-01 0.0000e+00
548 0.0000e+00 0.0000e+00 1.3511e-04 4.6608e-07 1.3511e-04 1.8212e-01 0.0000e+00
549 0.0000e+00 2.0700e-05 1.3454e-04 4.2498e-07 1.3454e-04 1.8225e-01 0.0000e+00
550 0.0000e+00 4.0000e-05 1.3398e-04 3.8625e-07 1.3398e-04 1.8238e-01 0.0000e+00
551 0.0000e+00 5.6600e-05 1.3342e-04 3.5246e-07 1.3342e-04 1.8252e-01 0.0000e+00
552 1.0000e-03 6.9300e-05 1.3286e-04 3.2172e-07 1.3286e-04 1.8265e-01 0.0000e+00
553 1.0000e-03 7.6600e-05 1.3232e-04 2.9374e-07 1.3232e-04 1.8278e-01 0.0000e+00
554 2.0000e-03 8.0000e-05 1.4524e-04 9.6717e-05 1.3177e-04 1.8282e-01 1.3467e-05
555 1.5000e-03 7.6600e-05 1.5775e-04 2.6157e-04 1.3163e-04 1.8269e-01 2.6122e-05
556 0.0000e+00 6.9300e-05 1.3216e-04 2.0713e-04 1.3216e-04 1.8261e-01 0.0000e+00
557 5.0000e-04 5.6600e-05 1.3899e-04 2.2194e-04 1.3247e-04 1.8252e-01 6.5158e-06
558 0.0000e+00 4.0000e-05 1.3284e-04 1.8622e-04 1.3284e-04 1.8247e-01 0.0000e+00
559 0.0000e+00 1.9400e-05 1.3307e-04 1.6000e-04 1.3307e-04 1.8244e-01 0.0000e+00
560 0.0000e+00 0.0000e+00 1.3318e-04 1.3845e-04 1.3318e-04 1.8244e-01 0.0000e+00
561 0.0000e+00 0.0000e+00 1.3320e-04 1.2036e-04 1.3320e-04 1.8245e-01 0.0000e+00
562 0.0000e+00 0.0000e+00 1.3315e-04 1.0502e-04 1.3315e-04 1.8248e-01 0.0000e+00
563 0.0000e+00 0.0000e+00 1.3303e-04 9.1912e-05 1.3303e-04 1.8252e-01 0.0000e+00
564 0.0000e+00 0.0000e+00 1.3286e-04 8.0649e-05 1.3286e-04 1.8257e-01 0.0000e+00
565 5.0000e-04 0.0000e+00 1.3971e-04 1.2163e-04 1.3264e-04 1.8258e-01 7.0654e-06
566 0.0000e+00 0.0000e+00 1.3260e-04 1.0154e-04 1.3260e-04 1.8261e-01 0.0000e+00
567 0.0000e+00 0.0000e+00 1.3247e-04 8.8030e-05 1.3247e-04 1.8266e-01 0.0000e+00
568 0.0000e+00 0.0000e+00 1.3228e-04 7.6869e-05 1.3228e-04 1.8271e-01 0.0000e+00
569 0.0000e+00 0.0000e+00 1.3205e-04 6.7400e-05 1.3205e-04 1.8278e-01 0.0000e+00
570 0.0000e+00 0.0000e+00 1.3179e-04 5.9276e-05 1.3179e-04 1.8285e-01 0.0000e+00
571 0.0000e+00 0.0000e+00 1.3149e-04 5.2261e-05 1.3149e-04 1.8293e-01 0.0000e+00
572 0.0000e+00 0.0000e+00 1.3116e-04 4.6171e-05 1.3116e-04 1.8301e-01 0.0000e+00
573 3.0000e-03 3.0500e-05 1.8600e-04 4.3525e-04 1.3082e-04 1.8271e-01 5.5187e-05
574 1.0000e-03 5.8900e-05 1.4990e-04 4.6919e-04 1.3207e-04 1.8237e-01 1.7834e-05
575 2.5000e-03 8.3300e-05 1.7837e-04 7.1105e-04 1.3347e-04 1.8179e-01 4.4905e-05
576 3.5000e-03 1.0200e-04 1.9875e-04 1.0364e-03 1.3590e-04 1.8089e-01 6.2852e-05
577 1.5000e-03 1.1290e-04 1.6549e-04 1.0373e-03 1.3977e-04 1.8000e-01 2.5717e-05
578 0.0000e+00 1.1780e-04 1.4375e-04 8.7184e-04 1.4375e-04 1.7927e-01 0.0000e+00
579 0.0000e+00 1.1290e-04 1.4706e-04 7.4991e-04 1.4706e-04 1.7866e-01 0.0000e+00
580 0.0000e+00 1.0200e-04 1.4986e-04 6.4894e-04 1.4986e-04 1.7817e-01 0.0000e+00
581 0.0000e+00 8.3300e-05 1.5221e-04 5.6375e-04 1.5221e-04 1.7775e-01 0.0000e+00
582 0.0000e+00 5.8900e-05 1.5418e-04 4.9125e-04 1.5418e-04 1.7742e-01 0.0000e+00
583 0.0000e+00 2.8500e-05 1.5581e-04 4.2919e-04 1.5581e-04 1.7714e-01 0.0000e+00
584 0.0000e+00 0.0000e+00 1.5715e-04 3.7579e-04 1.5715e-04 1.7693e-01 0.0000e+00
585 0.0000e+00 0.0000e+00 1.5823e-04 3.2968e-04 1.5823e-04 1.7675e-01 0.0000e+00
586 0.0000e+00 0.0000e+00 1.5908e-04 2.8974e-04 1.5908e-04 1.7662e-01 0.0000e+00
587 0.0000e+00 0.0000e+00 1.5973e-04 2.5504e-04 1.5973e-04 1.7653e-01 0.0000e+00
588 0.0000e+00 0.0000e+00 1.6021e-04 2.2483e-04 1.6021e-04 1.7646e-01 0.0000e+00
589 5.0000e-04 0.0000e+00 1.6053e-04 1.9848e-04 1.6053e-04 1.7643e-01 0.0000e+00
590 0.0000e+00 0.0000e+00 1.6072e-04 1.7545e-04 1.6072e-04 1.7641e-01 0.0000e+00
591 0.0000e+00 0.0000e+00 1.6079e-04 1.5528e-04 1.6079e-04 1.7642e-01 0.0000e+00
592 5.0000e-04 0.0000e+00 1.7017e-04 1.8943e-04 1.6077e-04 1.7639e-01 9.4059e-06
593 0.0000e+00 0.0000e+00 1.6091e-04 1.6234e-04 1.6091e-04 1.7639e-01 0.0000e+00
594 1.0000e-03 0.0000e+00 1.8523e-04 2.7622e-04 1.6092e-04 1.7627e-01 2.4312e-05
595 0.0000e+00 0.0000e+00 1.6150e-04 2.2929e-04 1.6150e-04 1.7620e-01 0.0000e+00
596 0.0000e+00 0.0000e+00 1.6184e-04 1.9780e-04 1.6184e-04 1.7617e-01 0.0000e+00
597 0.0000e+00 6.2600e-05 1.6202e-04 1.7185e-04 1.6202e-04 1.7616e-01 0.0000e+00
598 0.0000e+00 1.2080e-04 1.6207e-04 1.5005e-04 1.6207e-04 1.7617e-01 0.0000e+00
599 0.0000e+00 1.7090e-04 1.6201e-04 1.3151e-04 1.6201e-04 1.7620e-01 0.0000e+00
600 0.0000e+00 2.0930e-04 1.6186e-04 1.1560e-04 1.6186e-04 1.7625e-01 0.0000e+00
601 0.0000e+00 2.3150e-04 1.6162e-04 1.0186e-04 1.6162e-04 1.7631e-01 0.0000e+00
602 0.0000e+00 2.4180e-04 1.6132e-04 8.9944e-05 1.6132e-04 1.7638e-01 0.0000e+00
603 0.0000e+00 2.3150e-04 1.6096e-04 7.9563e-05 1.6096e-04 1.7646e-01 0.0000e+00
604 0.0000e+00 2.0930e-04 1.6055e-04 7.0495e-05 1.6055e-04 1.7655e-01 0.0000e+00
605 0.0000e+00 1.7090e-04 1.6010e-04 6.2552e-05 1.6010e-04 1.7665e-01 0.0000e+00
606 0.0000e+00 1.2080e-04 1.5962e-04 5.5579e-05 1.5962e-04 1.7675e-01 0.0000e+00
607 0.0000e+00 5.8500e-05 1.5910e-04 4.9446e-05 1.5910e-04 1.7686e-01 0.0000e+00
608 0.0000e+00 0.0000e+00 1.5855e-04 4.4041e-05 1.5855e-04 1.7697e-01 0.0000e+00
609 0.0000e+00 0.0000e+00 1.5799e-04 3.9269e-05 1.5799e-04 1.7709e-01 0.0000e+00
610 0.0000e+00 0.0000e+00 1.5740e-04 3.5051e-05 1.5740e-04 1.7722e-01 0.0000e+00
611 0.0000e+00 0.0000e+00 1.5680e-04 3.1317e-05 1.5680e-04 1.7734e-01 0.0000e+00
612 0.0000e+00 0.0000e+00 1.5619e-04 2.8006e-05 1.5619e-04 1.7747e-01 0.0000e+00
613 0.0000e+00 0.0000e+00 1.5556e-04 2.5068e-05 1.5556e-04 1.7760e-01 0.0000e+00
614 0.0000e+00 0.0000e+00 1.5493e-04 2.2457e-05 1.5493e-04 1.7773e-01 0.0000e+00
615 0.0000e+00 0.0000e+00 1.5429e-04 2.0133e-05 1.5429e-04 1.7787e-01 0.0000e+00
616 0.0000e+00 0.0000e+00 1.5364e-04 1.8065e-05 1.5364e-04 1.7800e-01 0.0000e+00
617 0.0000e+00 0.0000e+00 1.5299e-04 1.6221e-05 1.5299e-04 1.7814e-01 0.0000e+00
618 0.0000e+00 0.0000e+00 1.5234e-04 1.4575e-05 1.5234e-04 1.7828e-01 0.0000e+00
619 0.0000e+00 0.0000e+00 1.5169e-04 1.3106e-05 1.5169e-04 1.7841e-01 0.0000e+00
620 0.0000e+00 0.0000e+00 1.5103e-04 1.1793e-05 1.5103e-04 1.7855e-01 0.0000e+00
621 0.0000e+00 1.4200e-05 1.5038e-04 1.0618e-05 1.5038e-04 1.7869e-01 0.0000e+00
622 0.0000e+00 2.7500e-05 1.4972e-04 9.5658e-06 1.4972e-04 1.7883e-01 0.0000e+00
623 0.0000e+00 3.8900e-05 1.4907e-04 8.6232e-06 1.4907e-04 1.7897e-01 0.0000e+00
624 1.0000e-03 4.7600e-05 1.4841e-04 7.7781e-06 1.4841e-04 1.7911e-01 0.0000e+00
625 1.0000e-03 5.2700e-05 1.4919e-04 1.7577e-05 1.4776e-04 1.7925e-01 1.4222e-06
626 3.0000e-03 5.5000e-05 2.0743e-04 4.0978e-04 1.4716e-04 1.7898e-01 6.0270e-05
627 2.0000e-03 5.2700e-05 1.8593e-04 5.7930e-04 1.4838e-04 1.7855e-01 3.7552e-05
628 1.5000e-03 4.7600e-05 1.7855e-04 6.6398e-04 1.5039e-04 1.7804e-01 2.8160e-05
629 3.5000e-03 3.8900e-05 2.3296e-04 1.0066e-03 1.5282e-04 1.7718e-01 8.0136e-05
630 4.0000e-03 2.7500e-05 2.5326e-04 1.3540e-03 1.5695e-04 1.7599e-01 9.6303e-05
631 5.0000e-03 1.3300e-05 2.8383e-04 1.7911e-03 1.6294e-04 1.7436e-01 1.2089e-04
632 0.0000e+00 0.0000e+00 1.7144e-04 1.4892e-03 1.7144e-04 1.7304e-01 0.0000e+00
633 0.0000e+00 0.0000e+00 1.7865e-04 1.2734e-03 1.7865e-04 1.7195e-01 0.0000e+00
634 1.0000e-03 0.0000e+00 2.0885e-04 1.2324e-03 1.8487e-04 1.7090e-01 2.3989e-05
635 2.5000e-03 0.0000e+00 2.5180e-04 1.4039e-03 1.9102e-04 1.6969e-01 6.0781e-05
636 3.5000e-03 0.0000e+00 2.8349e-04 1.6790e-03 1.9840e-04 1.6821e-01 8.5093e-05
637 3.0000e-03 0.0000e+00 2.8073e-04 1.8334e-03 2.0779e-04 1.6658e-01 7.2937e-05
638 0.0000e+00 0.0000e+00 2.1862e-04 1.5327e-03 2.1862e-04 1.6527e-01 0.0000e+00
639 5.0000e-04 0.0000e+00 2.3994e-04 1.3850e-03 2.2778e-04 1.6411e-01 1.2156e-05
640 0.0000e+00 0.0000e+00 2.3617e-04 1.1836e-03 2.3617e-04 1.6316e-01 0.0000e+00
641 5.0000e-04 0.0000e+00 2.5542e-04 1.0960e-03 2.4327e-04 1.6231e-01 1.2156e-05
642 0.0000e+00 0.0000e+00 2.4984e-04 9.3789e-04 2.4984e-04 1.6162e-01 0.0000e+00
643 5.0000e-04 0.0000e+00 2.6742e-04 8.8768e-04 2.5527e-04 1.6099e-01 1.2156e-05
644 0.0000e+00 0.0000e+00 2.6036e-04 7.5835e-04 2.6036e-04 1.6049e-01 0.0000e+00
645 0.0000e+00 1.6900e-05 2.6445e-04 6.5606e-04 2.6445e-04 1.6010e-01 0.0000e+00
646 0.0000e+00 3.2600e-05 2.6770e-04 5.6931e-04 2.6770e-04 1.5980e-01 0.0000e+00
647 0.0000e+00 4.6100e-05 2.7024e-04 4.9512e-04 2.7024e-04 1.5957e-01 0.0000e+00
648 0.0000e+00 5.6400e-05 2.7214e-04 4.3143e-04 2.7214e-04 1.5941e-01 0.0000e+00
649 0.0000e+00 6.2400e-05 2.7350e-04 3.7659e-04 2.7350e-04 1.5931e-01 0.0000e+00
650 0.0000e+00 6.5200e-05 2.7438e-04 3.2926e-04 2.7438e-04 1.5925e-01 0.0000e+00
651 0.0000e+00 6.2400e-05 2.7486e-04 2.8833e-04 2.7486e-04 1.5924e-01 0.0000e+00
652 0.0000e+00 5.6400e-05 2.7497e-04 2.5285e-04 2.7497e-04 1.5926e-01 0.0000e+00
653 0.0000e+00 4.6100e-05 2.7478e-04 2.2205e-04 2.7478e-04 1.5932e-01 0.0000e+00
654 0.0000e+00 3.2600e-05 2.7433e-04 1.9526e-04 2.7433e-04 1.5940e-01 0.0000e+00
655 0.0000e+00 1.5800e-05 2.7365e-04 1.7192e-04 2.7365e-04 1.5950e-01 0.0000e+00
656 0.0000e+00 0.0000e+00 2.7278e-04 1.5157e-04 2.7278e-04 1.5962e-01 0.0000e+00
657 0.0000e+00 0.0000e+00 2.7175e-04 1.3378e-04 2.7175e-04 1.5976e-01 0.0000e+00
658 0.0000e+00 0.0000e+00 2.7058e-04 1.1822e-04 2.7058e-04 1.5991e-01 0.0000e+00
659 0.0000e+00 0.0000e+00 2.6930e-04 1.0458e-04 2.6930e-04 1.6007e-01 0.0000e+00
660 0.0000e+00 0.0000e+00 2.6791e-04 9.2620e-05 2.6791e-04 1.6025e-01 0.0000e+00
661 0.0000e+00 0.0000e+00 2.6645e-04 8.2112e-05 2.6645e-04 1.6043e-01 0.0000e+00
662 0.0000e+00 0.0000e+00 2.6492e-04 7.2869e-05 2.6492e-04 1.6062e-01 0.0000e+00
663 0.0000e+00 0.0000e+00 2.6334e-04 6.4730e-05 2.6334e-04 1.6082e-01 0.0000e+00
664 0.0000e+00 0.0000e+00 2.6171e-04 5.7554e-05 2.6171e-04 1.6103e-01 0.0000e+00
665 0.0000e+00 0.0000e+00 2.6004e-04 5.1221e-05 2.6004e-04 1.6124e-01 0.0000e+00
666 5.0000e-04 0.0000e+00 2.5858e-04 4.7065e-05 2.5835e-04 1.6145e-01 2.2539e-07
667 0.0000e+00 0.0000e+00 2.5665e-04 4.1702e-05 2.5665e-04 1.6166e-01 0.0000e+00
668 5.0000e-04 0.0000e+00 2.6709e-04 1.1445e-04 2.5493e-04 1.6180e-01 1.2156e-05
669 5.0000e-04 1.5300e-05 2.6597e-04 1.6572e-04 2.5382e-04 1.6189e-01 1.2156e-05
670 0.0000e+00 2.9500e-05 2.5312e-04 1.3039e-04 2.5312e-04 1.6201e-01 0.0000e+00
671 1.0000e-03 4.1700e-05 2.7537e-04 2.5682e-04 2.5215e-04 1.6201e-01 2.3223e-05
672 0.0000e+00 5.1100e-05 2.5219e-04 1.9952e-04 2.5219e-04 1.6206e-01 0.0000e+00
673 0.0000e+00 5.6500e-05 2.5177e-04 1.6715e-04 2.5177e-04 1.6215e-01 0.0000e+00
674 0.0000e+00 5.9000e-05 2.5111e-04 1.4191e-04 2.5111e-04 1.6226e-01 0.0000e+00
675 5.0000e-04 5.6500e-05 2.5735e-04 1.6624e-04 2.5025e-04 1.6234e-01 7.0998e-06
676 5.0000e-04 5.1100e-05 2.6038e-04 2.0484e-04 2.4959e-04 1.6238e-01 1.0782e-05
677 0.0000e+00 4.1700e-05 2.4925e-04 1.6592e-04 2.4925e-04 1.6247e-01 0.0000e+00
678 0.0000e+00 2.9500e-05 2.4860e-04 1.4069e-04 2.4860e-04 1.6258e-01 0.0000e+00
679 1.0000e-03 1.4300e-05 2.6910e-04 2.5478e-04 2.4776e-04 1.6257e-01 2.1341e-05
680 1.0000e-03 0.0000e+00 2.7178e-04 3.5188e-04 2.4781e-04 1.6246e-01 2.3965e-05
681 0.0000e+00 0.0000e+00 2.4862e-04 2.7887e-04 2.4862e-04 1.6243e-01 0.0000e+00
682 0.0000e+00 0.0000e+00 2.4886e-04 2.3423e-04 2.4886e-04 1.6245e-01 0.0000e+00
683 0.0000e+00 0.0000e+00 2.4874e-04 1.9912e-04 2.4874e-04 1.6250e-01 0.0000e+00
684 0.0000e+00 0.0000e+00 2.4836e-04 1.7043e-04 2.4836e-04 1.6258e-01 0.0000e+00
685 0.0000e+00 0.0000e+00 2.4775e-04 1.4663e-04 2.4775e-04 1.6268e-01 0.0000e+00
686 0.0000e+00 0.0000e+00 2.4697e-04 1.2667e-04 2.4697e-04 1.6280e-01 0.0000e+00
687 0.0000e+00 0.0000e+00 2.4605e-04 1.0980e-04 2.4605e-04 1.6293e-01 0.0000e+00
688 0.0000e+00 0.0000e+00 2.4500e-04 9.5468e-05 2.4500e-04 1.6308e-01 0.0000e+00
689 0.0000e+00 0.0000e+00 2.4386e-04 8.3221e-05 2.4386e-04 1.6324e-01 0.0000e+00
690 0.0000e+00 0.0000e+00 2.4264e-04 7.2715e-05 2.4264e-04 1.6341e-01 0.0000e+00
691 0.0000e+00 0.0000e+00 2.4135e-04 6.3670e-05 2.4135e-04 1.6359e-01 0.0000e+00
692 0.0000e+00 0.0000e+00 2.4002e-04 5.5858e-05 2.4002e-04 1.6378e-01 0.0000e+00
693 0.0000e+00 5.6100e-05 2.3864e-04 4.9092e-05 2.3864e-04 1.6397e-01 0.0000e+00
694 0.0000e+00 1.0830e-04 2.3723e-04 4.3218e-05 2.3723e-04 1.6416e-01 0.0000e+00
695 0.0000e+00 1.5320e-04 2.3579e-04 3.8104e-05 2.3579e-04 1.6436e-01 0.0000e+00
696 0.0000e+00 1.8770e-04 2.3434e-04 3.3646e-05 2.3434e-04 1.6456e-01 0.0000e+00
697 0.0000e+00 2.0760e-04 2.3288e-04 2.9750e-05 2.3288e-04 1.6476e-01 0.0000e+00
698 0.0000e+00 2.1680e-04 2.3140e-04 2.6339e-05 2.3140e-04 1.6497e-01 0.0000e+00
699 0.0000e+00 2.0760e-04 2.2993e-04 2.3348e-05 2.2993e-04 1.6517e-01 0.0000e+00
700 5.0000e-04 1.8770e-04 2.2845e-04 2.0720e-05 2.2845e-04 1.6538e-01 0.0000e+00
701 0.0000e+00 1.5320e-04 2.2697e-04 1.8409e-05 2.2697e-04 1.6559e-01 0.0000e+00
702 0.0000e+00 1.0830e-04 2.2549e-04 1.6373e-05 2.2549e-04 1.6580e-01 0.0000e+00
703 0.0000e+00 5.2400e-05 2.2402e-04 1.4577e-05 2.2402e-04 1.6601e-01 0.0000e+00
704 0.0000e+00 0.0000e+00 2.2256e-04 1.2990e-05 2.2256e-04 1.6622e-01 0.0000e+00
705 0.0000e+00 0.0000e+00 2.2111e-04 1.1587e-05 2.2111e-04 1.6643e-01 0.0000e+00
706 0.0000e+00 0.0000e+00 2.1967e-04 1.0345e-05 2.1967e-04 1.6664e-01 0.0000e+00
707 0.0000e+00 0.0000e+00 2.1824e-04 9.2435e-06 2.1824e-04 1.6685e-01 0.0000e+00
708 0.0000e+00 0.0000e+00 2.1681e-04 8.2666e-06 2.1681e-04 1.6705e-01 0.0000e+00
709 0.0000e+00 0.0000e+00 2.1541e-04 7.3987e-06 2.1541e-04 1.6726e-01 0.0000e+00
710 0.0000e+00 0.0000e+00 2.1401e-04 6.6271e-06 2.1401e-04 1.6747e-01 0.0000e+00
711 0.0000e+00 0.0000e+00 2.1263e-04 5.9403e-06 2.1263e-04 1.6768e-01 0.0000e+00
712 0.0000e+00 0.0000e+00 2.1126e-04 5.3285e-06 2.1126e-04 1.6788e-01 0.0000e+00
713 0.0000e+00 0.0000e+00 2.0990e-04 4.7830e-06 2.0990e-04 1.6809e-01 0.0000e+00
714 0.0000e+00 0.0000e+00 2.0856e-04 4.2962e-06 2.0856e-04 1.6829e-01 0.0000e+00
715 0.0000e+00 0.0000e+00 2.0724e-04 3.8605e-06 2.0724e-04 1.6849e-01 0.0000e+00
716 0.0000e+00 0.0000e+00 2.0592e-04 3.4722e-06 2.0592e-04 1.6870e-01 0.0000e+00
717 0.0000e+00 8.5600e-05 2.0462e-04 3.1248e-06 2.0462e-04 1.6890e-01 0.0000e+00
718 0.0000e+00 1.6520e-04 2.0334e-04 2.8139e-06 2.0334e-04 1.6910e-01 0.0000e+00
719 0.0000e+00 2.3380e-04 2.0207e-04 2.5353e-06 2.0207e-04 1.6930e-01 0.0000e+00
720 0.0000e+00 2.8620e-04 2.0081e-04 2.2856e-06 2.0081e-04 1.6950e-01 0.0000e+00
721 0.0000e+00 3.1670e-04 1.9957e-04 2.0616e-06 1.9957e-04 1.6969e-01 0.0000e+00
722 0.0000e+00 3.3060e-04 1.9834e-04 1.8605e-06 1.9834e-04 1.6989e-01 0.0000e+00
723 0.0000e+00 3.1670e-04 1.9713e-04 1.6799e-06 1.9713e-04 1.7009e-01 0.0000e+00
724 0.0000e+00 2.8620e-04 1.9593e-04 1.5175e-06 1.9593e-04 1.7028e-01 0.0000e+00
725 0.0000e+00 2.3380e-04 1.9474e-04 1.3716e-06 1.9474e-04 1.7047e-01 0.0000e+00
726 0.0000e+00 1.6520e-04 1.9357e-04 1.2391e-06 1.9357e-04 1.7067e-01 0.0000e+00
727 0.0000e+00 8.0000e-05 1.9241e-04 1.1211e-06 1.9241e-04 1.7086e-01 0.0000e+00
728 0.0000e+00 0.0000e+00 1.9126e-04 1.0147e-06 1.9126e-04 1.7105e-01 0.0000e+00
729 0.0000e+00 0.0000e+00 1.9013e-04 9.1888e-07 1.9013e-04 1.7124e-01 0.0000e+00
730 0.0000e+00 0.0000e+00 1.8901e-04 8.3242e-07 1.8901e-04 1.7143e-01 0.0000e+00
731 0.0000e+00 0.0000e+00 1.8790e-04 7.5441e-07 1.8790e-04 1.7161e-01 0.0000e+00
732 0.0000e+00 0.0000e+00 1.8680e-04 6.8398e-07 1.8680e-04 1.7180e-01 0.0000e+00
733 0.0000e+00 0.0000e+00 1.8572e-04 6.2038e-07 1.8572e-04 1.7198e-01 0.0000e+00
734 0.0000e+00 0.0000e+00 1.8465e-04 5.6290e-07 1.8465e-04 1.7217e-01 0.0000e+00
735 0.0000e+00 0.0000e+00 1.8359e-04 5.1095e-07 1.8359e-04 1.7235e-01 0.0000e+00
736 0.0000e+00 0.0000e+00 1.8254e-04 4.6252e-07 1.8254e-04 1.7253e-01 0.0000e+00
737 0.0000e+00 0.0000e+00 1.8151e-04 4.2024e-07 1.8151e-04 1.7271e-01 0.0000e+00
738 0.0000e+00 0.0000e+00 1.8048e-04 3.8195e-07 1.8048e-04 1.7289e-01 0.0000e+00
739 0.0000e+00 0.0000e+00 1.7947e-04 3.4726e-07 1.7947e-04 1.7307e-01 0.0000e+00
740 0.0000e+00 0.0000e+00 1.7847e-04 3.1582e-07 1.7847e-04 1.7325e-01 0.0000e+00
741 0.0000e+00 7.4700e-05 1.7748e-04 2.8733e-07 1.7748e-04 1.7343e-01 0.0000e+00
742 0.0000e+00 1.4410e-04 1.7650e-04 2.6148e-07 1.7650e-04 1.7360e-01 0.0000e+00
743 0.0000e+00 2.0380e-04 1.7553e-04 2.3804e-07 1.7553e-04 1.7378e-01 0.0000e+00
744 0.0000e+00 2.4960e-04 1.7457e-04 2.1676e-07 1.7457e-04 1.7395e-01 0.0000e+00
745 0.0000e+00 2.7610e-04 1.7362e-04 1.9744e-07 1.7362e-04 1.7413e-01 0.0000e+00
746 0.0000e+00 2.8830e-04 1.7268e-04 1.7827e-07 1.7268e-04 1.7430e-01 0.0000e+00
747 0.0000e+00 2.7610e-04 1.7175e-04 1.6256e-07 1.7175e-04 1.7447e-01 0.0000e+00
748 0.0000e+00 2.4960e-04 1.7084e-04 1.4827e-07 1.7084e-04 1.7464e-01 0.0000e+00
749 0.0000e+00 2.0380e-04 1.6993e-04 1.3527e-07 1.6993e-04 1.7481e-01 0.0000e+00
750 0.0000e+00 1.4410e-04 1.6903e-04 1.2344e-07 1.6903e-04 1.7498e-01 0.0000e+00
751 0.0000e+00 6.9800e-05 1.6814e-04 1.1267e-07 1.6814e-04 1.7515e-01 0.0000e+00
752 0.0000e+00 0.0000e+00 1.6726e-04 1.0287e-07 1.6726e-04 1.7532e-01 0.0000e+00
753 0.0000e+00 0.0000e+00 1.6639e-04 9.3946e-08 1.6639e-04 1.7548e-01 0.0000e+00
754 0.0000e+00 0.0000e+00 1.6552e-04 8.5814e-08 1.6552e-04 1.7565e-01 0.0000e+00
755 0.0000e+00 0.0000e+00 1.6467e-04 7.8405e-08 1.6467e-04 1.7581e-01 0.0000e+00
756 0.0000e+00 0.0000e+00 1.6382e-04 7.1652e-08 1.6382e-04 1.7598e-01 0.0000e+00
757 0.0000e+00 0.0000e+00 1.6299e-04 6.4058e-08 1.6299e-04 1.7614e-01 0.0000e+00
758 0.0000e+00 0.0000e+00 1.6216e-04 5.8616e-08 1.6216e-04 1.7630e-01 0.0000e+00
759 0.0000e+00 0.0000e+00 1.6134e-04 5.3648e-08 1.6134e-04 1.7646e-01 0.0000e+00
760 0.0000e+00 0.0000e+00 1.6053e-04 4.9109e-08 1.6053e-04 1.7662e-01 0.0000e+00
761 0.0000e+00 0.0000e+00 1.5973e-04 4.4963e-08 1.5973e-04 1.7678e-01 0.0000e+00
762 0.0000e+00 0.0000e+00 1.5893e-04 4.1175e-08 1.5893e-04 1.7694e-01 0.0000e+00
763 0.0000e+00 0.0000e+00 1.5814e-04 3.7713e-08 1.5814e-04 1.7710e-01 0.0000e+00
764 0.0000e+00 0.0000e+00 1.5737e-04 3.4548e-08 1.5737e-04 1.7726e-01 0.0000e+00
765 0.0000e+00 9.6700e-05 1.5659e-04 3.1655e-08 1.5659e-04 1.7741e-01 0.0000e+00
766 0.0000e+00 1.8660e-04 1.5583e-04 2.9009e-08 1.5583e-04 1.7757e-01 0.0000e+00
767 0.0000e+00 2.6400e-04 1.5507e-04 2.6589e-08 1.5507e-04 1.7772e-01 0.0000e+00
768 0.0000e+00 3.2330e-04 1.5432e-04 2.3164e-08 1.5432e-04 1.7788e-01 0.0000e+00
769 0.0000e+00 3.5770e-04 1.5358e-04 2.1268e-08 1.5358e-04 1.7803e-01 0.0000e+00
770 0.0000e+00 3.7350e-04 1.5285e-04 1.9530e-08 1.5285e-04 1.7819e-01 0.0000e+00
771 0.0000e+00 3.5770e-04 1.5212e-04 1.7936e-08 1.5212e-04 1.7834e-01 0.0000e+00
772 0.0000e+00 3.2330e-04 1.5140e-04 1.6474e-08 1.5140e-04 1.7849e-01 0.0000e+00
773 0.0000e+00 2.6400e-04 1.5068e-04 1.5134e-08 1.5068e-04 1.7864e-01 0.0000e+00
774 0.0000e+00 1.8660e-04 1.4997e-04 1.3905e-08 1.4997e-04 1.7879e-01 0.0000e+00
775 0.0000e+00 9.0400e-05 1.4927e-04 1.2777e-08 1.4927e-04 1.7894e-01 0.0000e+00
776 0.0000e+00 0.0000e+00 1.4858e-04 1.1742e-08 1.4858e-04 1.7909e-01 0.0000e+00
777 0.0000e+00 0.0000e+00 1.4789e-04 1.0792e-08 1.4789e-04 1.7924e-01 0.0000e+00
778 0.0000e+00 0.0000e+00 1.4721e-04 8.9456e-09 1.4721e-04 1.7938e-01 0.0000e+00
779 0.0000e+00 0.0000e+00 1.4653e-04 8.2398e-09 1.4653e-04 1.7953e-01 0.0000e+00
780 0.0000e+00 0.0000e+00 1.4586e-04 7.5905e-09 1.4586e-04 1.7968e-01 0.0000e+00
781 0.0000e+00 0.0000e+00 1.4520e-04 6.9929e-09 1.4520e-04 1.7982e-01 0.0000e+00
782 0.0000e+00 0.0000e+00 1.4454e-04 6.4431e-09 1.4454e-04 1.7996e-01 0.0000e+00
783 0.0000e+00 0.0000e+00 1.4389e-04 5.9370e-09 1.4389e-04 1.8011e-01 0.0000e+00
784 0.0000e+00 0.0000e+00 1.4325e-04 5.4712e-09 1.4325e-04 1.8025e-01 0.0000e+00
785 0.0000e+00 0.0000e+00 1.4261e-04 5.0424e-09 1.4261e-04 1.8039e-01 0.0000e+00
786 0.0000e+00 0.0000e+00 1.4197e-04 4.6476e-09 1.4197e-04 1.8054e-01 0.0000e+00
787 0.0000e+00 0.0000e+00 1.4134e-04 4.2842e-09 1.4134e-04 1.8068e-01 0.0000e+00
788 0.0000e+00 0.0000e+00 1.4072e-04 3.9495e-09 1.4072e-04 1.8082e-01 0.0000e+00
789 0.0000e+00 1.2590e-04 1.4010e-04 3.0356e-09 1.4010e-04 1.8096e-01 0.0000e+00
790 0.0000e+00 2.4290e-04 1.3949e-04 2.8051e-09 1.3949e-04 1.8110e-01 0.0000e+00
791 0.0000e+00 3.4370e-04 1.3888e-04 2.5922e-09 1.3888e-04 1.8124e-01 0.0000e+00
792 0.0000e+00 4.2090e-04 1.3828e-04 2.3957e-09 1.3828e-04 1.8138e-01 0.0000e+00
793 0.0000e+00 4.6560e-04 1.3769e-04 2.2142e-09 1.3769e-04 1.8151e-01 0.0000e+00
794 0.0000e+00 4.8620e-04 1.3709e-04 2.0466e-09 1.3709e-04 1.8165e-01 0.0000e+00
795 0.0000e+00 4.6560e-04 1.3651e-04 1.8918e-09 1.3651e-04 1.8179e-01 0.0000e+00
796 0.0000e+00 4.2090e-04 1.3593e-04 1.7488e-09 1.3593e-04 1.8192e-01 0.0000e+00
797 0.0000e+00 3.4370e-04 1.3535e-04 1.6168e-09 1.3535e-04 1.8206e-01 0.0000e+00
798 0.0000e+00 2.4290e-04 1.3478e-04 1.4948e-09 1.3478e-04 1.8219e-01 0.0000e+00
799 0.0000e+00 1.1760e-04 1.3421e-04 1.3821e-09 1.3421e-04 1.8233e-01 0.0000e+00
800 0.0000e+00 0.0000e+00 1.3365e-04 8.8099e-10 1.3365e-04 1.8246e-01 0.0000e+00
801 0.0000e+00 0.0000e+00 1.3309e-04 8.1687e-10 1.3309e-04 1.8259e-01 0.0000e+00
802 0.0000e+00 0.0000e+00 1.3254e-04 7.5745e-10 1.3254e-04 1.8273e-01 0.0000e+00
803 0.0000e+00 0.0000e+00 1.3199e-04 7.0238e-10 1.3199e-04 1.8286e-01 0.0000e+00
804 0.0000e+00 0.0000e+00 1.3145e-04 6.5135e-10 1.3145e-04 1.8299e-01 0.0000e+00
805 0.0000e+00 0.0000e+00 1.3091e-04 6.0406e-10 1.3091e-04 1.8312e-01 0.0000e+00
806 0.0000e+00 0.0000e+00 1.3038e-04 5.6023e-10 1.3038e-04 1.8325e-01 0.0000e+00
807 0.0000e+00 0.0000e+00 1.2985e-04 5.1961e-10 1.2985e-04 1.8338e-01 0.0000e+00
808 0.0000e+00 0.0000e+00 1.2932e-04 4.8195e-10 1.2932e-04 1.8351e-01 0.0000e+00
809 0.0000e+00 0.0000e+00 1.2880e-04 4.4704e-10 1.2880e-04 1.8364e-01 0.0000e+00
810 0.0000e+00 0.0000e+00 1.2828e-04 4.1469e-10 1.2828e-04 1.8377e-01 0.0000e+00
811 0.0000e+00 0.0000e+00 1.2777e-04 1.6657e-10 1.2777e-04 1.8389e-01 0.0000e+00
812 0.0000e+00 0.0000e+00 1.2726e-04 1.5505e-10 1.2726e-04 1.8402e-01 0.0000e+00
813 0.0000e+00 3.0400e-05 1.2676e-04 1.4433e-10 1.2676e-04 1.8415e-01 0.0000e+00
814 0.0000e+00 5.8700e-05 1.2625e-04 1.3436e-10 1.2625e-04 1.8428e-01 0.0000e+00
815 0.0000e+00 8.3100e-05 1.2576e-04 1.2508e-10 1.2576e-04 1.8440e-01 0.0000e+00
816 0.0000e+00 1.0180e-04 1.2526e-04 1.1644e-10 1.2526e-04 1.8453e-01 0.0000e+00
817 0.0000e+00 1.1260e-04 1.2477e-04 1.0841e-10 1.2477e-04 1.8465e-01 0.0000e+00
818 0.0000e+00 1.1760e-04 1.2429e-04 1.0093e-10 1.2429e-04 1.8478e-01 0.0000e+00
819 0.0000e+00 1.1260e-04 1.2381e-04 9.3974e-11 1.2381e-04 1.8490e-01 0.0000e+00
820 0.0000e+00 1.0180e-04 1.2333e-04 8.7499e-11 1.2333e-04 1.8502e-01 0.0000e+00
821 0.0000e+00 8.3100e-05 1.2285e-04 8.1474e-11 1.2285e-04 1.8515e-01 0.0000e+00
822 0.0000e+00 5.8700e-05 1.2238e-04 7.5866e-11 1.2238e-04 1.8527e-01 0.0000e+00
823 0.0000e+00 2.8400e-05 1.2192e-04 1.1112e-11 1.2192e-04 1.8539e-01 0.0000e+00
824 0.0000e+00 0.0000e+00 1.2145e-04 1.0387e-11 1.2145e-04 1.8551e-01 0.0000e+00
825 0.0000e+00 0.0000e+00 1.2099e-04 9.7101e-12 1.2099e-04 1.8563e-01 0.0000e+00
826 0.0000e+00 0.0000e+00 1.2054e-04 9.0775e-12 1.2054e-04 1.8575e-01 0.0000e+00
827 0.0000e+00 0.0000e+00 1.2008e-04 8.4863e-12 1.2008e-04 1.8587e-01 0.0000e+00
828 0.0000e+00 0.0000e+00 1.1963e-04 7.9339e-12 1.1963e-04 1.8599e-01 0.0000e+00
829 0.0000e+00 0.0000e+00 1.1919e-04 7.4177e-12 1.1919e-04 1.8611e-01 0.0000e+00
830 0.0000e+00 0.0000e+00 1.1874e-04 6.9352e-12 1.1874e-04 1.8623e-01 0.0000e+00
831 0.0000e+00 0.0000e+00 1.1830e-04 6.4843e-12 1.1830e-04 1.8635e-01 0.0000e+00
832 0.0000e+00 0.0000e+00 1.1787e-04 6.0629e-12 1.1787e-04 1.8647e-01 0.0000e+00
833 0.0000e+00 0.0000e+00 1.1743e-04 5.6690e-12 1.1743e-04 1.8658e-01 0.0000e+00
834 0.0000e+00 0.0000e+00 1.1700e-04 0.0000e+00 1.1700e-04 1.8670e-01 0.0000e+00
835 0.0000e+00 0.0000e+00 1.1658e-04 0.0000e+00 1.1658e-04 1.8682e-01 0.0000e+00
836 0.0000e+00 0.0000e+00 1.1615e-04 0.0000e+00 1.1615e-04 1.8693e-01 0.0000e+00
837 0.0000e+00 6.6100e-05 1.1573e-04 0.0000e+00 1.1573e-04 1.8705e-01 0.0000e+00
838 0.0000e+00 1.2750e-04 1.1531e-04 0.0000e+00 1.1531e-04 1.8716e-01 0.0000e+00
839 0.0000e+00 1.8040e-04 1.1490e-04 0.0000e+00 1.1490e-04 1.8728e-01 0.0000e+00
840 0.0000e+00 2.2090e-04 1.1449e-04 0.0000e+00 1.1449e-04 1.8739e-01 0.0000e+00
841 0.0000e+00 2.4430e-04 1.1408e-04 0.0000e+00 1.1408e-04 1.8751e-01 0.0000e+00
842 0.0000e+00 2.5510e-04 1.1367e-04 0.0000e+00 1.1367e-04 1.8762e-01 0.0000e+00
843 0.0000e+00 2.4430e-04 1.1327e-04 0.0000e+00 1.1327e-04 1.8773e-01 0.0000e+00
844 0.0000e+00 2.2090e-04 1.1287e-04 0.0000e+00 1.1287e-04 1.8785e-01 0.0000e+00
845 0.0000e+00 1.8040e-04 1.1247e-04 0.0000e+00 1.1247e-04 1.8796e-01 0.0000e+00
846 0.0000e+00 1.2750e-04 1.1208e-04 0.0000e+00 1.1208e-04 1.8807e-01 0.0000e+00
847 0.0000e+00 6.1700e-05 1.1169e-04 0.0000e+00 1.1169e-04 1.8818e-01 0.0000e+00
848 0.0000e+00 0.0000e+00 1.1130e-04 0.0000e+00 1.1130e-04 1.8830e-01 0.0000e+00
849 0.0000e+00 0.0000e+00 1.1091e-04 0.0000e+00 1.1091e-04 1.8841e-01 0.0000e+00
850 0.0000e+00 0.0000e+00 1.1053e-04 0.0000e+00 1.1053e-04 1.8852e-01 0.0000e+00
851 0.0000e+00 0.0000e+00 1.1015e-04 0.0000e+00 1.1015e-04 1.8863e-01 0.0000e+00
852 0.0000e+00 0.0000e+00 1.0977e-04 0.0000e+00 1.0977e-04 1.8874e-01 0.0000e+00
853 0.0000e+00 0.0000e+00 1.0939e-04 0.0000e+00 1.0939e-04 1.8885e-01 0.0000e+00
854 0.0000e+00 0.0000e+00 1.0902e-04 0.0000e+00 1.0902e-04 1.8896e-01 0.0000e+00
855 0.0000e+00 0.0000e+00 1.0865e-04 0.0000e+00 1.0865e-04 1.8906e-01 0.0000e+00
856 0.0000e+00 0.0000e+00 1.0828e-04 0.0000e+00 1.0828e-04 1.8917e-01 0.0000e+00
857 0.0000e+00 0.0000e+00 1.0791e-04 0.0000e+00 1.0791e-04 1.8928e-01 0.0000e+00
858 0.0000e+00 0.0000e+00 1.0755e-04 0.0000e+00 1.0755e-04 1.8939e-01 0.0000e+00
859 0.0000e+00 0.0000e+00 1.0719e-04 0.0000e+00 1.0719e-04 1.8949e-01 0.0000e+00
860 0.0000e+00 0.0000e+00 1.0683e-04 0.0000e+00 1.0683e-04 1.8960e-01 0.0000e+00
861 0.0000e+00 9.7600e-05 1.0647e-04 0.0000e+00 1.0647e-04 1.8971e-01 0.0000e+00
862 0.0000e+00 1.8830e-04 1.0612e-04 0.0000e+00 1.0612e-04 1.8981e-01 0.0000e+00
863 0.0000e+00 2.6650e-04 1.0577e-04 0.0000e+00 1.0577e-04 1.8992e-01 0.0000e+00
864 0.0000e+00 3.2630e-04 1.0542e-04 0.0000e+00 1.0542e-04 1.9003e-01 0.0000e+00
865 0.0000e+00 3.6100e-04 1.0507e-04 0.0000e+00 1.0507e-04 1.9013e-01 0.0000e+00
866 0.0000e+00 3.7690e-04 1.0473e-04 0.0000e+00 1.0473e-04 1.9024e-01 0.0000e+00
867 0.0000e+00 3.6100e-04 1.0439e-04 0.0000e+00 1.0439e-04 1.9034e-01 0.0000e+00
868 0.0000e+00 3.2630e-04 1.0405e-04 0.0000e+00 1.0405e-04 1.9044e-01 0.0000e+00
869 0.0000e+00 2.6650e-04 1.0371e-04 0.0000e+00 1.0371e-04 1.9055e-01 0.0000e+00
870 0.0000e+00 1.8830e-04 1.0337e-04 0.0000e+00 1.0337e-04 1.9065e-01 0.0000e+00
871 0.0000e+00 9.1200e-05 1.0304e-04 0.0000e+00 1.0304e-04 1.9075e-01 0.0000e+00
872 0.0000e+00 0.0000e+00 1.0271e-04 0.0000e+00 1.0271e-04 1.9086e-01 0.0000e+00
873 0.0000e+00 0.0000e+00 1.0238e-04 0.0000e+00 1.0238e-04 1.9096e-01 0.0000e+00
874 0.0000e+00 0.0000e+00 1.0205e-04 0.0000e+00 1.0205e-04 1.9106e-01 0.0000e+00
875 0.0000e+00 0.0000e+00 1.0173e-04 0.0000e+00 1.0173e-04 1.9116e-01 0.0000e+00
876 0.0000e+00 0.0000e+00 1.0141e-04 0.0000e+00 1.0141e-04 1.9126e-01 0.0000e+00
877 0.0000e+00 0.0000e+00 1.0108e-04 0.0000e+00 1.0108e-04 1.9137e-01 0.0000e+00
878 0.0000e+00 0.0000e+00 1.0077e-04 0.0000e+00 1.0077e-04 1.9147e-01 0.0000e+00
879 0.0000e+00 0.0000e+00 1.0045e-04 0.0000e+00 1.0045e-04 1.9157e-01 0.0000e+00
880 0.0000e+00 0.0000e+00 1.0013e-04 0.0000e+00 1.0013e-04 1.9167e-01 0.0000e+00
881 0.0000e+00 0.0000e+00 9.9821e-05 0.0000e+00 9.9821e-05 1.9177e-01 0.0000e+00
882 0.0000e+00 0.0000e+00 9.9510e-05 0.0000e+00 9.9510e-05 1.9187e-01 0.0000e+00
883 0.0000e+00 0.0000e+00 9.9201e-05 0.0000e+00 9.9201e-05 1.9196e-01 0.0000e+00
884 0.0000e+00 0.0000e+00 9.8894e-05 0.0000e+00 9.8894e-05 1.9206e-01 0.0000e+00
885 0.0000e+00 6.4300e-05 9.8589e-05 0.0000e+00 9.8589e-05 1.9216e-01 0.0000e+00
886 0.0000e+00 1.2410e-04 9.8286e-05 0.0000e+00 9.8286e-05 1.9226e-01 0.0000e+00
887 0.0000e+00 1.7560e-04 9.7984e-05 0.0000e+00 9.7984e-05 1.9236e-01 0.0000e+00
888 0.0000e+00 2.1500e-04 9.7685e-05 0.0000e+00 9.7685e-05 1.9246e-01 0.0000e+00
889 0.0000e+00 2.3790e-04 9.7387e-05 0.0000e+00 9.7387e-05 1.9255e-01 0.0000e+00
890 0.0000e+00 2.4840e-04 9.7091e-05 0.0000e+00 9.7091e-05 1.9265e-01 0.0000e+00
891 0.0000e+00 2.3790e-04 9.6797e-05 0.0000e+00 9.6797e-05 1.9275e-01 0.0000e+00
892 0.0000e+00 2.1500e-04 9.6505e-05 0.0000e+00 9.6505e-05 1.9284e-01 0.0000e+00
893 0.0000e+00 1.7560e-04 9.6214e-05 0.0000e+00 9.6214e-05 1.9294e-01 0.0000e+00
894 0.0000e+00 1.2410e-04 9.5925e-05 0.0000e+00 9.5925e-05 1.9304e-01 0.0000e+00
895 0.0000e+00 6.0100e-05 9.5638e-05 0.0000e+00 9.5638e-05 1.9313e-01 0.0000e+00
896 0.0000e+00 0.0000e+00 9.5353e-05 0.0000e+00 9.5353e-05 1.9323e-01 0.0000e+00
897 0.0000e+00 0.0000e+00 9.5069e-05 0.0000e+00 9.5069e-05 1.9332e-01 0.0000e+00
898 0.0000e+00 0.0000e+00 9.4787e-05 0.0000e+00 9.4787e-05 1.9342e-01 0.0000e+00
899 0.0000e+00 0.0000e+00 9.4506e-05 0.0000e+00 9.4506e-05 1.9351e-01 0.0000e+00
900 0.0000e+00 0.0000e+00 9.4228e-05 0.0000e+00 9.4228e-05 1.9361e-01 0.0000e+00
901 0.0000e+00 0.0000e+00 9.3951e-05 0.0000e+00 9.3951e-05 1.9370e-01 0.0000e+00
902 0.0000e+00 0.0000e+00 9.3675e-05 0.0000e+00 9.3675e-05 1.9379e-01 0.0000e+00
903 0.0000e+00 0.0000e+00 9.3401e-05 0.0000e+00 9.3401e-05 1.9389e-01 0.0000e+00
904 0.0000e+00 0.0000e+00 9.3129e-05 0.0000e+00 9.3129e-05 1.9398e-01 0.0000e+00
905 0.0000e+00 0.0000e+00 9.2859e-05 0.0000e+00 9.2859e-05 1.9407e-01 0.0000e+00
906 0.0000e+00 0.0000e+00 9.2590e-05 0.0000e+00 9.2590e-05 1.9417e-01 0.0000e+00
907 0.0000e+00 0.0000e+00 9.2322e-05 0.0000e+00 9.2322e-05 1.9426e-01 0.0000e+00
908 0.0000e+00 0.0000e+00 9.2056e-05 0.0000e+00 9.2056e-05 1.9435e-01 0.0000e+00
909 0.0000e+00 8.0200e-05 9.1792e-05 0.0000e+00 9.1792e-05 1.9444e-01 0.0000e+00
910 0.0000e+00 1.5480e-04 9.1529e-05 0.0000e+00 9.1529e-05 1.9453e-01 0.0000e+00
911 0.0000e+00 2.1910e-04 9.1267e-05 0.0000e+00 9.1267e-05 1.9462e-01 0.0000e+00
912 0.0000e+00 2.6830e-04 9.1007e-05 0.0000e+00 9.1007e-05 1.9472e-01 0.0000e+00
913 0.0000e+00 2.9680e-04 9.0749e-05 0.0000e+00 9.0749e-05 1.9481e-01 0.0000e+00
914 0.0000e+00 3.0990e-04 9.0492e-05 0.0000e+00 9.0492e-05 1.9490e-01 0.0000e+00
915 0.0000e+00 2.9680e-04 9.0236e-05 0.0000e+00 9.0236e-05 1.9499e-01 0.0000e+00
916 0.0000e+00 2.6830e-04 8.9982e-05 0.0000e+00 8.9982e-05 1.9508e-01 0.0000e+00
917 0.0000e+00 2.1910e-04 8.9730e-05 0.0000e+00 8.9730e-05 1.9517e-01 0.0000e+00
918 0.0000e+00 1.5480e-04 8.9478e-05 0.0000e+00 8.9478e-05 1.9526e-01 0.0000e+00
919 0.0000e+00 7.5000e-05 8.9228e-05 0.0000e+00 8.9228e-05 1.9535e-01 0.0000e+00
920 0.0000e+00 0.0000e+00 8.8980e-05 0.0000e+00 8.8980e-05 1.9543e-01 0.0000e+00
921 0.0000e+00 0.0000e+00 8.8733e-05 0.0000e+00 8.8733e-05 1.9552e-01 0.0000e+00
922 0.0000e+00 0.0000e+00 8.8487e-05 0.0000e+00 8.8487e-05 1.9561e-01 0.0000e+00
923 0.0000e+00 0.0000e+00 8.8243e-05 0.0000e+00 8.8243e-05 1.9570e-01 0.0000e+00
924 0.0000e+00 0.0000e+00 8.8000e-05 0.0000e+00 8.8000e-05 1.9579e-01 0.0000e+00
925 0.0000e+00 0.0000e+00 8.7758e-05 0.0000e+00 8.7758e-05 1.9588e-01 0.0000e+00
926 0.0000e+00 0.0000e+00 8.7518e-05 0.0000e+00 8.7518e-05 1.9596e-01 0.0000e+00
927 0.0000e+00 0.0000e+00 8.7279e-05 0.0000e+00 8.7279e-05 1.9605e-01 0.0000e+00
928 0.0000e+00 0.0000e+00 8.7041e-05 0.0000e+00 8.7041e-05 1.9614e-01 0.0000e+00
929 0.0000e+00 0.0000e+00 8.6805e-05 0.0000e+00 8.6805e-05 1.9622e-01 0.0000e+00
930 0.0000e+00 0.0000e+00 8.6570e-05 0.0000e+00 8.6570e-05 1.9631e-01 0.0000e+00
931 0.0000e+00 0.0000e+00 8.6336e-05 0.0000e+00 8.6336e-05 1.9640e-01 0.0000e+00
932 0.0000e+00 0.0000e+00 8.6103e-05 0.0000e+00 8.6103e-05 1.9648e-01 0.0000e+00
933 0.0000e+00 9.6000e-05 8.5872e-05 0.0000e+00 8.5872e-05 1.9657e-01 0.0000e+00
934 0.0000e+00 1.8520e-04 8.5642e-05 0.0000e+00 8.5642e-05 1.9665e-01 0.0000e+00
935 0.0000e+00 2.6210e-04 8.5413e-05 0.0000e+00 8.5413e-05 1.9674e-01 0.0000e+00
936 0.0000e+00 3.2090e-04 8.5185e-05 0.0000e+00 8.5185e-05 1.9683e-01 0.0000e+00
937 0.0000e+00 3.5500e-04 8.4959e-05 0.0000e+00 8.4959e-05 1.9691e-01 0.0000e+00
938 0.0000e+00 3.7070e-04 8.4733e-05 0.0000e+00 8.4733e-05 1.9699e-01 0.0000e+00
939 0.0000e+00 3.5500e-04 8.4509e-05 0.0000e+00 8.4509e-05 1.9708e-01 0.0000e+00
940 0.0000e+00 3.2090e-04 8.4286e-05 0.0000e+00 8.4286e-05 1.9716e-01 0.0000e+00
941 0.0000e+00 2.6210e-04 8.4065e-05 0.0000e+00 8.4065e-05 1.9725e-01 0.0000e+00
942 0.0000e+00 1.8520e-04 8.3844e-05 0.0000e+00 8.3844e-05 1.9733e-01 0.0000e+00
943 0.0000e+00 8.9700e-05 8.3625e-05 0.0000e+00 8.3625e-05 1.9742e-01 0.0000e+00
944 0.0000e+00 0.0000e+00 8.3406e-05 0.0000e+00 8.3406e-05 1.9750e-01 0.0000e+00
945 0.0000e+00 0.0000e+00 8.3189e-05 0.0000e+00 8.3189e-05 1.9758e-01 0.0000e+00
946 0.0000e+00 0.0000e+00 8.2973e-05 0.0000e+00 8.2973e-05 1.9766e-01 0.0000e+00
947 0.0000e+00 0.0000e+00 8.2758e-05 0.0000e+00 8.2758e-05 1.9775e-01 0.0000e+00
948 0.0000e+00 0.0000e+00 8.2545e-05 0.0000e+00 8.2545e-05 1.9783e-01 0.0000e+00
949 0.0000e+00 0.0000e+00 8.2332e-05 0.0000e+00 8.2332e-05 1.9791e-01 0.0000e+00
950 0.0000e+00 0.0000e+00 8.2120e-05 0.0000e+00 8.2120e-05 1.9799e-01 0.0000e+00
Objective function values:
F1 1.928015e-06    NSE 0.66857   F2 3.229232e-02
Mean Obs Q 1.590065e-04   Variance Obs Q 6.123405e-09
    Error Variance 2.029489e-09

Water Balance for Subcatchment: Extracted study basin: Taegu Pyungkwang River

   SUMP       SUMAE      SUMQ       SUMRZ      SUMUZ      SBAR        BAL
1.890e-01  4.517e-02  1.214e-01  1.913e-02  0.000e+00  1.980e-01  1.026e-02
