Taegu Pyungkwang River Catchment: Calibration Data

Subcatchment : Extracted study basin: cat-11549

TL =     8.17
SUMAC =     1.00
SZQ =       0.04209
Subcatchment routing data:
Maximum Routing Delay       0.69444
Sum of Histogram ordinates:     1.0000
     1.00000 
Initial BAL             -0.23103
Initial SBAR             0.22903
Initial SR0              0.00200
it      p        ep       q(it)       quz      q       sbar       qof
1 0.0000e+00 6.1900e-05 3.2800e-05 0.0000e+00 3.2800e-05 2.2906e-01 0.0000e+00
2 0.0000e+00 6.4700e-05 3.2766e-05 0.0000e+00 3.2766e-05 2.2909e-01 0.0000e+00
3 1.0000e-03 6.1900e-05 3.2733e-05 0.0000e+00 3.2733e-05 2.2913e-01 0.0000e+00
4 1.0000e-03 5.6000e-05 3.2699e-05 0.0000e+00 3.2699e-05 2.2916e-01 0.0000e+00
5 1.0000e-03 4.5700e-05 4.3799e-05 7.7728e-05 3.2666e-05 2.2911e-01 1.1133e-05
6 5.0000e-04 3.2300e-05 3.9347e-05 1.0909e-04 3.2712e-05 2.2904e-01 6.6353e-06
7 5.0000e-04 1.5600e-05 3.9621e-05 1.3988e-04 3.2790e-05 2.2893e-01 6.8310e-06
8 0.0000e+00 0.0000e+00 3.2900e-05 1.1954e-04 3.2900e-05 2.2884e-01 0.0000e+00
9 5.0000e-04 0.0000e+00 4.0064e-05 1.5498e-04 3.2989e-05 2.2872e-01 7.0749e-06
10 5.0000e-04 0.0000e+00 4.0418e-05 1.8488e-04 3.3115e-05 2.2857e-01 7.3027e-06
11 0.0000e+00 0.0000e+00 3.3273e-05 1.5990e-04 3.3273e-05 2.2844e-01 0.0000e+00
12 0.0000e+00 0.0000e+00 3.3405e-05 1.4184e-04 3.3405e-05 2.2833e-01 0.0000e+00
13 1.0000e-03 0.0000e+00 4.8124e-05 2.2917e-04 3.3518e-05 2.2814e-01 1.4605e-05
14 5.0000e-04 0.0000e+00 4.1026e-05 2.4745e-04 3.3724e-05 2.2792e-01 7.3027e-06
15 5.0000e-04 0.0000e+00 4.1252e-05 2.6678e-04 3.3950e-05 2.2769e-01 7.3027e-06
16 1.0000e-03 0.0000e+00 4.8803e-05 3.3594e-04 3.4198e-05 2.2739e-01 1.4605e-05
17 0.0000e+00 0.0000e+00 3.4522e-05 2.9026e-04 3.4522e-05 2.2713e-01 0.0000e+00
18 0.0000e+00 0.0000e+00 3.4799e-05 2.5777e-04 3.4799e-05 2.2691e-01 0.0000e+00
19 0.0000e+00 0.0000e+00 3.5042e-05 2.3026e-04 3.5042e-05 2.2672e-01 0.0000e+00
20 0.0000e+00 0.0000e+00 3.5256e-05 2.0637e-04 3.5256e-05 2.2655e-01 0.0000e+00
21 0.0000e+00 1.8000e-05 3.5445e-05 1.8537e-04 3.5445e-05 2.2640e-01 0.0000e+00
22 0.0000e+00 3.4800e-05 3.5612e-05 1.6680e-04 3.5612e-05 2.2626e-01 0.0000e+00
23 0.0000e+00 4.9200e-05 3.5758e-05 1.5029e-04 3.5758e-05 2.2615e-01 0.0000e+00
24 3.0000e-03 6.0200e-05 7.8214e-05 4.3780e-04 3.5886e-05 2.2575e-01 4.2328e-05
25 2.0000e-03 6.6600e-05 6.4672e-05 5.6725e-04 3.6340e-05 2.2522e-01 2.8332e-05
26 5.5000e-03 6.9600e-05 1.1644e-04 1.0530e-03 3.6948e-05 2.2420e-01 7.9490e-05
27 6.0000e-03 6.6600e-05 1.3271e-04 1.5046e-03 3.8140e-05 2.2273e-01 9.4572e-05
28 1.0000e-03 6.0200e-05 5.3561e-05 1.3851e-03 3.9928e-05 2.2139e-01 1.3633e-05
29 2.5000e-03 4.9200e-05 8.2704e-05 1.4746e-03 4.1642e-05 2.1996e-01 4.1061e-05
30 0.0000e+00 3.4800e-05 4.3550e-05 1.2904e-03 4.3550e-05 2.1871e-01 0.0000e+00
31 0.0000e+00 1.6800e-05 4.5280e-05 1.1493e-03 4.5280e-05 2.1761e-01 0.0000e+00
32 1.0000e-03 0.0000e+00 6.4472e-05 1.1223e-03 4.6869e-05 2.1653e-01 1.7602e-05
33 5.0000e-04 0.0000e+00 5.8259e-05 1.0504e-03 4.8471e-05 2.1553e-01 9.7871e-06
34 0.0000e+00 0.0000e+00 5.0013e-05 9.3536e-04 5.0013e-05 2.1464e-01 0.0000e+00
35 0.0000e+00 0.0000e+00 5.1416e-05 8.3716e-04 5.1416e-05 2.1386e-01 0.0000e+00
36 0.0000e+00 0.0000e+00 5.2694e-05 7.5038e-04 5.2694e-05 2.1316e-01 0.0000e+00
37 0.0000e+00 0.0000e+00 5.3856e-05 6.7331e-04 5.3856e-05 2.1254e-01 0.0000e+00
38 0.0000e+00 0.0000e+00 5.4908e-05 6.0463e-04 5.4908e-05 2.1199e-01 0.0000e+00
39 0.0000e+00 0.0000e+00 5.5860e-05 5.4329e-04 5.5860e-05 2.1150e-01 0.0000e+00
40 0.0000e+00 0.0000e+00 5.6717e-05 4.8843e-04 5.6717e-05 2.1107e-01 0.0000e+00
41 0.0000e+00 0.0000e+00 5.7488e-05 4.3932e-04 5.7488e-05 2.1069e-01 0.0000e+00
42 0.0000e+00 0.0000e+00 5.8178e-05 3.9531e-04 5.8178e-05 2.1035e-01 0.0000e+00
43 0.0000e+00 0.0000e+00 5.8794e-05 3.5585e-04 5.8794e-05 2.1005e-01 0.0000e+00
44 0.0000e+00 0.0000e+00 5.9342e-05 3.2045e-04 5.9342e-05 2.0979e-01 0.0000e+00
45 0.0000e+00 3.3800e-05 5.9828e-05 2.8868e-04 5.9828e-05 2.0956e-01 0.0000e+00
46 1.0000e-03 6.5200e-05 7.9170e-05 3.6918e-04 6.0258e-05 2.0926e-01 1.8913e-05
47 0.0000e+00 9.2300e-05 6.0842e-05 3.2042e-04 6.0842e-05 2.0900e-01 0.0000e+00
48 5.0000e-04 1.1300e-04 6.8044e-05 3.2426e-04 6.1338e-05 2.0873e-01 6.7065e-06
49 0.0000e+00 1.2500e-04 6.1844e-05 2.8588e-04 6.1844e-05 2.0851e-01 0.0000e+00
50 1.0000e-03 1.3050e-04 7.7199e-05 3.4200e-04 6.2278e-05 2.0823e-01 1.4921e-05
51 2.5000e-03 1.2500e-04 1.0921e-04 5.6692e-04 6.2825e-05 2.0773e-01 4.6381e-05
52 3.0000e-03 1.1300e-04 1.2010e-04 8.0498e-04 6.3823e-05 2.0698e-01 5.6276e-05
53 2.5000e-03 9.2300e-05 1.1204e-04 9.5134e-04 6.5318e-05 2.0610e-01 4.6724e-05
54 3.0000e-03 6.5200e-05 1.2407e-04 1.1458e-03 6.7152e-05 2.0502e-01 5.6916e-05
55 2.5000e-03 3.1600e-05 1.1711e-04 1.2587e-03 6.9454e-05 2.0383e-01 4.7659e-05
56 2.0000e-03 0.0000e+00 1.1061e-04 1.3099e-03 7.2084e-05 2.0259e-01 3.8530e-05
57 1.0000e-03 0.0000e+00 9.4501e-05 1.2469e-03 7.4927e-05 2.0142e-01 1.9574e-05
58 1.0000e-03 0.0000e+00 9.9825e-05 1.2034e-03 7.7722e-05 2.0029e-01 2.2104e-05
59 0.0000e+00 0.0000e+00 8.0504e-05 1.0498e-03 8.0504e-05 1.9933e-01 0.0000e+00
60 5.0000e-04 0.0000e+00 9.6085e-05 9.8672e-04 8.2980e-05 1.9842e-01 1.3104e-05
61 5.0000e-04 0.0000e+00 9.8462e-05 9.2788e-04 8.5357e-05 1.9758e-01 1.3104e-05
62 0.0000e+00 0.0000e+00 8.7634e-05 8.1687e-04 8.7634e-05 1.9685e-01 0.0000e+00
63 0.0000e+00 0.0000e+00 8.9654e-05 7.2416e-04 8.9654e-05 1.9622e-01 0.0000e+00
64 0.0000e+00 0.0000e+00 9.1450e-05 6.4310e-04 9.1450e-05 1.9566e-01 0.0000e+00
65 0.0000e+00 0.0000e+00 9.3040e-05 5.7183e-04 9.3040e-05 1.9519e-01 0.0000e+00
66 0.0000e+00 0.0000e+00 9.4443e-05 5.0895e-04 9.4443e-05 1.9477e-01 0.0000e+00
67 0.0000e+00 0.0000e+00 9.5674e-05 4.5334e-04 9.5674e-05 1.9441e-01 0.0000e+00
68 0.0000e+00 0.0000e+00 9.6749e-05 4.0408e-04 9.6749e-05 1.9411e-01 0.0000e+00
69 0.0000e+00 4.1400e-05 9.7683e-05 3.6039e-04 9.7683e-05 1.9384e-01 0.0000e+00
70 0.0000e+00 7.9800e-05 9.8488e-05 3.2162e-04 9.8488e-05 1.9362e-01 0.0000e+00
71 0.0000e+00 1.1290e-04 9.9177e-05 2.8717e-04 9.9177e-05 1.9343e-01 0.0000e+00
72 0.0000e+00 1.3830e-04 9.9762e-05 2.5654e-04 9.9762e-05 1.9328e-01 0.0000e+00
73 0.0000e+00 1.5300e-04 1.0025e-04 2.2930e-04 1.0025e-04 1.9315e-01 0.0000e+00
74 0.0000e+00 1.5980e-04 1.0066e-04 2.0505e-04 1.0066e-04 1.9304e-01 0.0000e+00
75 0.0000e+00 1.5300e-04 1.0099e-04 1.8345e-04 1.0099e-04 1.9296e-01 0.0000e+00
76 0.0000e+00 1.3830e-04 1.0125e-04 1.6421e-04 1.0125e-04 1.9290e-01 0.0000e+00
77 0.0000e+00 1.1290e-04 1.0145e-04 1.4706e-04 1.0145e-04 1.9285e-01 0.0000e+00
78 0.0000e+00 7.9800e-05 1.0159e-04 1.3175e-04 1.0159e-04 1.9282e-01 0.0000e+00
79 0.0000e+00 3.8700e-05 1.0169e-04 1.1810e-04 1.0169e-04 1.9280e-01 0.0000e+00
80 0.0000e+00 0.0000e+00 1.0174e-04 1.0591e-04 1.0174e-04 1.9280e-01 0.0000e+00
81 0.0000e+00 0.0000e+00 1.0175e-04 9.5016e-05 1.0175e-04 1.9281e-01 0.0000e+00
82 0.0000e+00 0.0000e+00 1.0173e-04 8.5282e-05 1.0173e-04 1.9282e-01 0.0000e+00
83 0.0000e+00 0.0000e+00 1.0168e-04 7.6578e-05 1.0168e-04 1.9285e-01 0.0000e+00
84 0.0000e+00 0.0000e+00 1.0160e-04 6.8792e-05 1.0160e-04 1.9288e-01 0.0000e+00
85 0.0000e+00 0.0000e+00 1.0149e-04 6.1824e-05 1.0149e-04 1.9292e-01 0.0000e+00
86 0.0000e+00 0.0000e+00 1.0137e-04 5.5584e-05 1.0137e-04 1.9297e-01 0.0000e+00
87 0.0000e+00 0.0000e+00 1.0122e-04 4.9994e-05 1.0122e-04 1.9302e-01 0.0000e+00
88 0.0000e+00 0.0000e+00 1.0106e-04 4.4984e-05 1.0106e-04 1.9307e-01 0.0000e+00
89 0.0000e+00 0.0000e+00 1.0088e-04 4.0493e-05 1.0088e-04 1.9313e-01 0.0000e+00
90 0.0000e+00 0.0000e+00 1.0069e-04 3.6463e-05 1.0069e-04 1.9320e-01 0.0000e+00
91 0.0000e+00 0.0000e+00 1.0049e-04 3.2848e-05 1.0049e-04 1.9327e-01 0.0000e+00
92 0.0000e+00 0.0000e+00 1.0028e-04 2.9601e-05 1.0028e-04 1.9334e-01 0.0000e+00
93 0.0000e+00 1.9100e-05 1.0006e-04 2.6685e-05 1.0006e-04 1.9341e-01 0.0000e+00
94 0.0000e+00 3.6800e-05 9.9830e-05 2.4066e-05 9.9830e-05 1.9349e-01 0.0000e+00
95 0.0000e+00 5.2100e-05 9.9594e-05 2.1711e-05 9.9594e-05 1.9356e-01 0.0000e+00
96 0.0000e+00 6.3800e-05 9.9351e-05 1.9593e-05 9.9351e-05 1.9364e-01 0.0000e+00
97 5.0000e-04 7.0600e-05 9.9104e-05 1.7688e-05 9.9104e-05 1.9372e-01 0.0000e+00
98 5.0000e-04 7.3700e-05 9.8852e-05 1.5974e-05 9.8852e-05 1.9381e-01 0.0000e+00
99 0.0000e+00 7.0600e-05 9.8597e-05 1.4430e-05 9.8597e-05 1.9389e-01 0.0000e+00
100 0.0000e+00 6.3800e-05 9.8338e-05 1.3040e-05 9.8338e-05 1.9398e-01 0.0000e+00
101 0.0000e+00 5.2100e-05 9.8076e-05 1.1788e-05 9.8076e-05 1.9406e-01 0.0000e+00
102 0.0000e+00 3.6800e-05 9.7812e-05 1.0659e-05 9.7812e-05 1.9415e-01 0.0000e+00
103 0.0000e+00 1.7800e-05 9.7546e-05 9.6415e-06 9.7546e-05 1.9424e-01 0.0000e+00
104 0.0000e+00 0.0000e+00 9.7278e-05 8.7232e-06 9.7278e-05 1.9433e-01 0.0000e+00
105 0.0000e+00 0.0000e+00 9.7009e-05 7.8952e-06 9.7009e-05 1.9442e-01 0.0000e+00
106 0.0000e+00 0.0000e+00 9.6740e-05 7.1478e-06 9.6740e-05 1.9451e-01 0.0000e+00
107 0.0000e+00 0.0000e+00 9.6469e-05 6.4731e-06 9.6469e-05 1.9460e-01 0.0000e+00
108 0.0000e+00 0.0000e+00 9.6198e-05 5.8637e-06 9.6198e-05 1.9469e-01 0.0000e+00
109 0.0000e+00 0.0000e+00 9.5927e-05 5.3132e-06 9.5927e-05 1.9478e-01 0.0000e+00
110 0.0000e+00 0.0000e+00 9.5656e-05 4.8157e-06 9.5656e-05 1.9487e-01 0.0000e+00
111 5.0000e-04 0.0000e+00 9.5385e-05 4.3660e-06 9.5385e-05 1.9496e-01 0.0000e+00
112 0.0000e+00 0.0000e+00 9.5114e-05 3.9593e-06 9.5114e-05 1.9505e-01 0.0000e+00
113 0.0000e+00 0.0000e+00 9.4843e-05 3.5914e-06 9.4843e-05 1.9514e-01 0.0000e+00
114 0.0000e+00 0.0000e+00 9.4573e-05 3.2586e-06 9.4573e-05 1.9523e-01 0.0000e+00
115 0.0000e+00 0.0000e+00 9.4304e-05 2.9574e-06 9.4304e-05 1.9532e-01 0.0000e+00
116 0.0000e+00 0.0000e+00 9.4035e-05 2.6841e-06 9.4035e-05 1.9541e-01 0.0000e+00
117 0.0000e+00 1.0200e-05 9.3767e-05 2.4373e-06 9.3767e-05 1.9551e-01 0.0000e+00
118 0.0000e+00 1.9800e-05 9.3499e-05 2.2136e-06 9.3499e-05 1.9560e-01 0.0000e+00
119 0.0000e+00 2.8000e-05 9.3233e-05 2.0110e-06 9.3233e-05 1.9569e-01 0.0000e+00
120 0.0000e+00 3.4200e-05 9.2968e-05 1.8273e-06 9.2968e-05 1.9578e-01 0.0000e+00
121 0.0000e+00 3.7900e-05 9.2703e-05 1.6608e-06 9.2703e-05 1.9587e-01 0.0000e+00
122 0.0000e+00 3.9500e-05 9.2440e-05 1.5099e-06 9.2440e-05 1.9596e-01 0.0000e+00
123 0.0000e+00 3.7900e-05 9.2178e-05 1.3729e-06 9.2178e-05 1.9605e-01 0.0000e+00
124 0.0000e+00 3.4200e-05 9.1916e-05 1.2487e-06 9.1916e-05 1.9614e-01 0.0000e+00
125 0.0000e+00 2.8000e-05 9.1656e-05 1.1359e-06 9.1656e-05 1.9623e-01 0.0000e+00
126 0.0000e+00 1.9800e-05 9.1397e-05 1.0336e-06 9.1397e-05 1.9632e-01 0.0000e+00
127 0.0000e+00 9.6000e-06 9.1140e-05 9.4064e-07 9.1140e-05 1.9641e-01 0.0000e+00
128 0.0000e+00 0.0000e+00 9.0883e-05 8.5558e-07 9.0883e-05 1.9650e-01 0.0000e+00
129 0.0000e+00 0.0000e+00 9.0628e-05 7.7902e-07 9.0628e-05 1.9659e-01 0.0000e+00
130 0.0000e+00 0.0000e+00 9.0374e-05 7.0946e-07 9.0374e-05 1.9668e-01 0.0000e+00
131 0.0000e+00 0.0000e+00 9.0121e-05 6.4623e-07 9.0121e-05 1.9677e-01 0.0000e+00
132 0.0000e+00 0.0000e+00 8.9869e-05 5.8876e-07 8.9869e-05 1.9686e-01 0.0000e+00
133 0.0000e+00 0.0000e+00 8.9619e-05 5.3650e-07 8.9619e-05 1.9695e-01 0.0000e+00
134 0.0000e+00 0.0000e+00 8.9370e-05 4.8898e-07 8.9370e-05 1.9704e-01 0.0000e+00
135 0.0000e+00 0.0000e+00 8.9122e-05 4.4574e-07 8.9122e-05 1.9713e-01 0.0000e+00
136 0.0000e+00 0.0000e+00 8.8875e-05 4.0641e-07 8.8875e-05 1.9722e-01 0.0000e+00
137 0.0000e+00 0.0000e+00 8.8630e-05 3.7062e-07 8.8630e-05 1.9731e-01 0.0000e+00
138 0.0000e+00 0.0000e+00 8.8386e-05 3.3804e-07 8.8386e-05 1.9739e-01 0.0000e+00
139 0.0000e+00 0.0000e+00 8.8143e-05 3.0838e-07 8.8143e-05 1.9748e-01 0.0000e+00
140 0.0000e+00 0.0000e+00 8.7901e-05 2.8035e-07 8.7901e-05 1.9757e-01 0.0000e+00
141 5.0000e-04 4.1400e-05 8.7661e-05 2.5589e-07 8.7661e-05 1.9766e-01 0.0000e+00
142 0.0000e+00 7.9900e-05 8.7422e-05 2.3360e-07 8.7422e-05 1.9774e-01 0.0000e+00
143 0.0000e+00 1.1300e-04 8.7184e-05 2.1329e-07 8.7184e-05 1.9783e-01 0.0000e+00
144 0.0000e+00 1.3840e-04 8.6947e-05 1.9477e-07 8.6947e-05 1.9792e-01 0.0000e+00
145 0.0000e+00 1.5310e-04 8.6712e-05 1.7789e-07 8.6712e-05 1.9800e-01 0.0000e+00
146 0.0000e+00 1.5990e-04 8.6478e-05 1.6250e-07 8.6478e-05 1.9809e-01 0.0000e+00
147 0.0000e+00 1.5310e-04 8.6245e-05 1.4847e-07 8.6245e-05 1.9818e-01 0.0000e+00
148 0.0000e+00 1.3840e-04 8.6013e-05 1.3567e-07 8.6013e-05 1.9826e-01 0.0000e+00
149 0.0000e+00 1.1300e-04 8.5783e-05 1.2399e-07 8.5783e-05 1.9835e-01 0.0000e+00
150 0.0000e+00 7.9900e-05 8.5553e-05 1.1333e-07 8.5553e-05 1.9843e-01 0.0000e+00
151 0.0000e+00 3.8700e-05 8.5325e-05 1.0361e-07 8.5325e-05 1.9852e-01 0.0000e+00
152 0.0000e+00 0.0000e+00 8.5098e-05 9.3283e-08 8.5098e-05 1.9860e-01 0.0000e+00
153 0.0000e+00 0.0000e+00 8.4872e-05 8.5350e-08 8.4872e-05 1.9869e-01 0.0000e+00
154 0.0000e+00 0.0000e+00 8.4648e-05 7.8101e-08 8.4648e-05 1.9877e-01 0.0000e+00
155 0.0000e+00 0.0000e+00 8.4424e-05 7.1478e-08 8.4424e-05 1.9886e-01 0.0000e+00
156 0.0000e+00 0.0000e+00 8.4202e-05 6.5424e-08 8.4202e-05 1.9894e-01 0.0000e+00
157 0.0000e+00 0.0000e+00 8.3981e-05 5.9891e-08 8.3981e-05 1.9903e-01 0.0000e+00
158 0.0000e+00 0.0000e+00 8.3761e-05 5.4832e-08 8.3761e-05 1.9911e-01 0.0000e+00
159 0.0000e+00 0.0000e+00 8.3542e-05 5.0207e-08 8.3542e-05 1.9919e-01 0.0000e+00
160 0.0000e+00 0.0000e+00 8.3325e-05 4.5978e-08 8.3325e-05 1.9928e-01 0.0000e+00
161 0.0000e+00 0.0000e+00 8.3108e-05 4.2110e-08 8.3108e-05 1.9936e-01 0.0000e+00
162 0.0000e+00 0.0000e+00 8.2893e-05 3.8573e-08 8.2893e-05 1.9944e-01 0.0000e+00
163 0.0000e+00 0.0000e+00 8.2678e-05 3.5336e-08 8.2678e-05 1.9952e-01 0.0000e+00
164 0.0000e+00 0.0000e+00 8.2465e-05 3.0757e-08 8.2465e-05 1.9961e-01 0.0000e+00
165 0.0000e+00 1.7800e-05 8.2253e-05 2.8217e-08 8.2253e-05 1.9969e-01 0.0000e+00
166 0.0000e+00 3.4400e-05 8.2042e-05 2.5890e-08 8.2042e-05 1.9977e-01 0.0000e+00
167 0.0000e+00 4.8600e-05 8.1832e-05 2.3756e-08 8.1832e-05 1.9985e-01 0.0000e+00
168 0.0000e+00 5.9500e-05 8.1623e-05 2.1801e-08 8.1623e-05 1.9994e-01 0.0000e+00
169 0.0000e+00 6.5900e-05 8.1415e-05 2.0008e-08 8.1415e-05 2.0002e-01 0.0000e+00
170 0.0000e+00 6.8800e-05 8.1208e-05 1.8365e-08 8.1208e-05 2.0010e-01 0.0000e+00
171 0.0000e+00 6.5900e-05 8.1002e-05 1.6858e-08 8.1002e-05 2.0018e-01 0.0000e+00
172 0.0000e+00 5.9500e-05 8.0798e-05 1.5476e-08 8.0798e-05 2.0026e-01 0.0000e+00
173 0.0000e+00 4.8600e-05 8.0594e-05 1.4208e-08 8.0594e-05 2.0034e-01 0.0000e+00
174 0.0000e+00 3.4400e-05 8.0391e-05 1.3046e-08 8.0391e-05 2.0042e-01 0.0000e+00
175 0.0000e+00 1.6600e-05 8.0190e-05 1.1980e-08 8.0190e-05 2.0050e-01 0.0000e+00
176 0.0000e+00 0.0000e+00 7.9989e-05 9.6646e-09 7.9989e-05 2.0058e-01 0.0000e+00
177 0.0000e+00 0.0000e+00 7.9789e-05 8.8939e-09 7.9789e-05 2.0066e-01 0.0000e+00
178 0.0000e+00 0.0000e+00 7.9590e-05 8.1852e-09 7.9590e-05 2.0074e-01 0.0000e+00
179 0.0000e+00 0.0000e+00 7.9393e-05 7.5334e-09 7.9393e-05 2.0082e-01 0.0000e+00
180 0.0000e+00 0.0000e+00 7.9196e-05 6.9339e-09 7.9196e-05 2.0090e-01 0.0000e+00
181 0.0000e+00 0.0000e+00 7.9000e-05 6.3826e-09 7.9000e-05 2.0098e-01 0.0000e+00
182 0.0000e+00 0.0000e+00 7.8806e-05 5.8754e-09 7.8806e-05 2.0106e-01 0.0000e+00
183 0.0000e+00 0.0000e+00 7.8612e-05 5.4089e-09 7.8612e-05 2.0113e-01 0.0000e+00
184 0.0000e+00 0.0000e+00 7.8419e-05 4.9797e-09 7.8419e-05 2.0121e-01 0.0000e+00
185 0.0000e+00 0.0000e+00 7.8227e-05 4.5849e-09 7.8227e-05 2.0129e-01 0.0000e+00
186 0.0000e+00 0.0000e+00 7.8036e-05 4.2216e-09 7.8036e-05 2.0137e-01 0.0000e+00
187 0.0000e+00 0.0000e+00 7.7846e-05 3.8874e-09 7.7846e-05 2.0145e-01 0.0000e+00
188 0.0000e+00 0.0000e+00 7.7657e-05 2.6738e-09 7.7657e-05 2.0152e-01 0.0000e+00
189 0.0000e+00 4.5600e-05 7.7469e-05 2.4691e-09 7.7469e-05 2.0160e-01 0.0000e+00
190 5.0000e-04 8.7900e-05 7.7281e-05 2.2802e-09 7.7281e-05 2.0168e-01 0.0000e+00
191 0.0000e+00 1.2440e-04 7.7095e-05 2.1058e-09 7.7095e-05 2.0176e-01 0.0000e+00
192 0.0000e+00 1.5230e-04 7.6909e-05 1.9448e-09 7.6909e-05 2.0183e-01 0.0000e+00
193 0.0000e+00 1.6850e-04 7.6725e-05 1.7962e-09 7.6725e-05 2.0191e-01 0.0000e+00
194 0.0000e+00 1.7590e-04 7.6541e-05 1.6591e-09 7.6541e-05 2.0199e-01 0.0000e+00
195 0.0000e+00 1.6850e-04 7.6358e-05 1.5324e-09 7.6358e-05 2.0206e-01 0.0000e+00
196 0.0000e+00 1.5230e-04 7.6176e-05 1.4155e-09 7.6176e-05 2.0214e-01 0.0000e+00
197 0.0000e+00 1.2440e-04 7.5995e-05 1.3076e-09 7.5995e-05 2.0222e-01 0.0000e+00
198 0.0000e+00 8.7900e-05 7.5815e-05 1.2079e-09 7.5815e-05 2.0229e-01 0.0000e+00
199 0.0000e+00 4.2600e-05 7.5635e-05 1.1159e-09 7.5635e-05 2.0237e-01 0.0000e+00
200 0.0000e+00 0.0000e+00 7.5457e-05 1.0310e-09 7.5457e-05 2.0244e-01 0.0000e+00
201 0.0000e+00 0.0000e+00 7.5279e-05 4.8974e-10 7.5279e-05 2.0252e-01 0.0000e+00
202 0.0000e+00 0.0000e+00 7.5102e-05 4.5408e-10 7.5102e-05 2.0259e-01 0.0000e+00
203 0.0000e+00 0.0000e+00 7.4926e-05 4.2103e-10 7.4926e-05 2.0267e-01 0.0000e+00
204 0.0000e+00 0.0000e+00 7.4751e-05 3.9040e-10 7.4751e-05 2.0274e-01 0.0000e+00
205 0.0000e+00 0.0000e+00 7.4577e-05 3.6201e-10 7.4577e-05 2.0282e-01 0.0000e+00
206 0.0000e+00 0.0000e+00 7.4403e-05 3.3569e-10 7.4403e-05 2.0289e-01 0.0000e+00
207 0.0000e+00 0.0000e+00 7.4230e-05 3.1129e-10 7.4230e-05 2.0297e-01 0.0000e+00
208 0.0000e+00 0.0000e+00 7.4058e-05 2.8867e-10 7.4058e-05 2.0304e-01 0.0000e+00
209 0.0000e+00 0.0000e+00 7.3887e-05 2.6771e-10 7.3887e-05 2.0311e-01 0.0000e+00
210 0.0000e+00 0.0000e+00 7.3717e-05 2.4827e-10 7.3717e-05 2.0319e-01 0.0000e+00
211 0.0000e+00 0.0000e+00 7.3547e-05 2.3025e-10 7.3547e-05 2.0326e-01 0.0000e+00
212 0.0000e+00 0.0000e+00 7.3378e-05 2.1354e-10 7.3378e-05 2.0333e-01 0.0000e+00
213 0.0000e+00 4.9000e-05 7.3210e-05 4.5520e-11 7.3210e-05 2.0341e-01 0.0000e+00
214 0.0000e+00 9.4600e-05 7.3043e-05 4.2390e-11 7.3043e-05 2.0348e-01 0.0000e+00
215 0.0000e+00 1.3380e-04 7.2876e-05 3.9476e-11 7.2876e-05 2.0355e-01 0.0000e+00
216 0.0000e+00 1.6380e-04 7.2710e-05 3.6763e-11 7.2710e-05 2.0363e-01 0.0000e+00
217 0.0000e+00 1.8130e-04 7.2545e-05 3.4237e-11 7.2545e-05 2.0370e-01 0.0000e+00
218 0.0000e+00 1.8920e-04 7.2381e-05 3.1885e-11 7.2381e-05 2.0377e-01 0.0000e+00
219 0.0000e+00 1.8130e-04 7.2218e-05 2.9696e-11 7.2218e-05 2.0384e-01 0.0000e+00
220 0.0000e+00 1.6380e-04 7.2055e-05 2.7657e-11 7.2055e-05 2.0392e-01 0.0000e+00
221 0.0000e+00 1.3380e-04 7.1893e-05 2.5759e-11 7.1893e-05 2.0399e-01 0.0000e+00
222 0.0000e+00 9.4600e-05 7.1731e-05 2.3991e-11 7.1731e-05 2.0406e-01 0.0000e+00
223 0.0000e+00 4.5800e-05 7.1571e-05 2.2345e-11 7.1571e-05 2.0413e-01 0.0000e+00
224 0.0000e+00 0.0000e+00 7.1411e-05 2.0813e-11 7.1411e-05 2.0420e-01 0.0000e+00
225 0.0000e+00 0.0000e+00 7.1252e-05 0.0000e+00 7.1252e-05 2.0427e-01 0.0000e+00
226 0.0000e+00 0.0000e+00 7.1093e-05 0.0000e+00 7.1093e-05 2.0434e-01 0.0000e+00
227 0.0000e+00 0.0000e+00 7.0935e-05 0.0000e+00 7.0935e-05 2.0442e-01 0.0000e+00
228 0.0000e+00 0.0000e+00 7.0778e-05 0.0000e+00 7.0778e-05 2.0449e-01 0.0000e+00
229 0.0000e+00 0.0000e+00 7.0622e-05 0.0000e+00 7.0622e-05 2.0456e-01 0.0000e+00
230 0.0000e+00 0.0000e+00 7.0466e-05 0.0000e+00 7.0466e-05 2.0463e-01 0.0000e+00
231 0.0000e+00 0.0000e+00 7.0311e-05 0.0000e+00 7.0311e-05 2.0470e-01 0.0000e+00
232 0.0000e+00 0.0000e+00 7.0157e-05 0.0000e+00 7.0157e-05 2.0477e-01 0.0000e+00
233 0.0000e+00 0.0000e+00 7.0003e-05 0.0000e+00 7.0003e-05 2.0484e-01 0.0000e+00
234 0.0000e+00 0.0000e+00 6.9850e-05 0.0000e+00 6.9850e-05 2.0491e-01 0.0000e+00
235 0.0000e+00 0.0000e+00 6.9698e-05 0.0000e+00 6.9698e-05 2.0498e-01 0.0000e+00
236 0.0000e+00 0.0000e+00 6.9546e-05 0.0000e+00 6.9546e-05 2.0505e-01 0.0000e+00
237 0.0000e+00 5.1700e-05 6.9395e-05 0.0000e+00 6.9395e-05 2.0512e-01 0.0000e+00
238 0.0000e+00 9.9800e-05 6.9245e-05 0.0000e+00 6.9245e-05 2.0519e-01 0.0000e+00
239 0.0000e+00 1.4120e-04 6.9095e-05 0.0000e+00 6.9095e-05 2.0525e-01 0.0000e+00
240 0.0000e+00 1.7290e-04 6.8946e-05 0.0000e+00 6.8946e-05 2.0532e-01 0.0000e+00
241 5.0000e-04 1.9130e-04 6.8798e-05 0.0000e+00 6.8798e-05 2.0539e-01 0.0000e+00
242 1.0000e-03 1.9970e-04 6.8650e-05 0.0000e+00 6.8650e-05 2.0546e-01 0.0000e+00
243 0.0000e+00 1.9130e-04 6.8503e-05 0.0000e+00 6.8503e-05 2.0553e-01 0.0000e+00
244 0.0000e+00 1.7290e-04 6.8357e-05 0.0000e+00 6.8357e-05 2.0560e-01 0.0000e+00
245 0.0000e+00 1.4120e-04 6.8211e-05 0.0000e+00 6.8211e-05 2.0567e-01 0.0000e+00
246 0.0000e+00 9.9800e-05 6.8066e-05 0.0000e+00 6.8066e-05 2.0573e-01 0.0000e+00
247 0.0000e+00 4.8300e-05 6.7921e-05 0.0000e+00 6.7921e-05 2.0580e-01 0.0000e+00
248 0.0000e+00 0.0000e+00 6.7777e-05 0.0000e+00 6.7777e-05 2.0587e-01 0.0000e+00
249 0.0000e+00 0.0000e+00 6.7633e-05 0.0000e+00 6.7633e-05 2.0594e-01 0.0000e+00
250 0.0000e+00 0.0000e+00 6.7491e-05 0.0000e+00 6.7491e-05 2.0600e-01 0.0000e+00
251 0.0000e+00 0.0000e+00 6.7348e-05 0.0000e+00 6.7348e-05 2.0607e-01 0.0000e+00
252 0.0000e+00 0.0000e+00 6.7207e-05 0.0000e+00 6.7207e-05 2.0614e-01 0.0000e+00
253 1.0000e-03 0.0000e+00 6.7066e-05 0.0000e+00 6.7066e-05 2.0621e-01 0.0000e+00
254 0.0000e+00 0.0000e+00 6.6925e-05 0.0000e+00 6.6925e-05 2.0627e-01 0.0000e+00
255 0.0000e+00 0.0000e+00 6.6786e-05 0.0000e+00 6.6786e-05 2.0634e-01 0.0000e+00
256 0.0000e+00 0.0000e+00 6.6646e-05 0.0000e+00 6.6646e-05 2.0641e-01 0.0000e+00
257 0.0000e+00 0.0000e+00 6.6508e-05 0.0000e+00 6.6508e-05 2.0647e-01 0.0000e+00
258 0.0000e+00 0.0000e+00 6.6370e-05 0.0000e+00 6.6370e-05 2.0654e-01 0.0000e+00
259 0.0000e+00 0.0000e+00 6.6232e-05 0.0000e+00 6.6232e-05 2.0661e-01 0.0000e+00
260 0.0000e+00 0.0000e+00 6.6095e-05 0.0000e+00 6.6095e-05 2.0667e-01 0.0000e+00
261 0.0000e+00 7.5200e-05 6.5959e-05 0.0000e+00 6.5959e-05 2.0674e-01 0.0000e+00
262 1.0000e-03 1.4510e-04 6.5823e-05 0.0000e+00 6.5823e-05 2.0680e-01 0.0000e+00
263 0.0000e+00 2.0520e-04 6.5688e-05 0.0000e+00 6.5688e-05 2.0687e-01 0.0000e+00
264 0.0000e+00 2.5130e-04 6.5553e-05 0.0000e+00 6.5553e-05 2.0693e-01 0.0000e+00
265 0.0000e+00 2.7800e-04 6.5419e-05 0.0000e+00 6.5419e-05 2.0700e-01 0.0000e+00
266 0.0000e+00 2.9030e-04 6.5285e-05 0.0000e+00 6.5285e-05 2.0707e-01 0.0000e+00
267 0.0000e+00 2.7800e-04 6.5152e-05 0.0000e+00 6.5152e-05 2.0713e-01 0.0000e+00
268 0.0000e+00 2.5130e-04 6.5020e-05 0.0000e+00 6.5020e-05 2.0720e-01 0.0000e+00
269 0.0000e+00 2.0520e-04 6.4888e-05 0.0000e+00 6.4888e-05 2.0726e-01 0.0000e+00
270 0.0000e+00 1.4510e-04 6.4756e-05 0.0000e+00 6.4756e-05 2.0733e-01 0.0000e+00
271 0.0000e+00 7.0200e-05 6.4625e-05 0.0000e+00 6.4625e-05 2.0739e-01 0.0000e+00
272 0.0000e+00 0.0000e+00 6.4495e-05 0.0000e+00 6.4495e-05 2.0745e-01 0.0000e+00
273 0.0000e+00 0.0000e+00 6.4365e-05 0.0000e+00 6.4365e-05 2.0752e-01 0.0000e+00
274 0.0000e+00 0.0000e+00 6.4236e-05 0.0000e+00 6.4236e-05 2.0758e-01 0.0000e+00
275 0.0000e+00 0.0000e+00 6.4107e-05 0.0000e+00 6.4107e-05 2.0765e-01 0.0000e+00
276 0.0000e+00 0.0000e+00 6.3979e-05 0.0000e+00 6.3979e-05 2.0771e-01 0.0000e+00
277 0.0000e+00 0.0000e+00 6.3851e-05 0.0000e+00 6.3851e-05 2.0778e-01 0.0000e+00
278 0.0000e+00 0.0000e+00 6.3724e-05 0.0000e+00 6.3724e-05 2.0784e-01 0.0000e+00
279 0.0000e+00 0.0000e+00 6.3597e-05 0.0000e+00 6.3597e-05 2.0790e-01 0.0000e+00
280 0.0000e+00 0.0000e+00 6.3471e-05 0.0000e+00 6.3471e-05 2.0797e-01 0.0000e+00
281 0.0000e+00 0.0000e+00 6.3345e-05 0.0000e+00 6.3345e-05 2.0803e-01 0.0000e+00
282 0.0000e+00 0.0000e+00 6.3220e-05 0.0000e+00 6.3220e-05 2.0809e-01 0.0000e+00
283 1.0000e-03 0.0000e+00 6.3095e-05 0.0000e+00 6.3095e-05 2.0816e-01 0.0000e+00
284 5.0000e-04 0.0000e+00 6.2971e-05 0.0000e+00 6.2971e-05 2.0822e-01 0.0000e+00
285 2.5000e-03 2.4400e-05 6.5988e-05 1.8309e-05 6.2847e-05 2.0826e-01 3.1411e-06
286 6.0000e-03 4.7000e-05 1.7973e-04 6.9581e-04 6.2759e-05 2.0763e-01 1.1697e-04
287 4.0000e-03 6.6500e-05 1.4139e-04 9.9986e-04 6.4013e-05 2.0669e-01 7.7377e-05
288 1.5000e-03 8.1400e-05 9.3973e-05 9.9180e-04 6.5913e-05 2.0577e-01 2.8060e-05
289 0.0000e+00 9.0100e-05 6.7848e-05 8.4663e-04 6.7848e-05 2.0499e-01 0.0000e+00
290 0.0000e+00 9.4000e-05 6.9519e-05 7.4042e-04 6.9519e-05 2.0432e-01 0.0000e+00
291 5.0000e-04 9.0100e-05 7.5592e-05 6.7971e-04 7.0992e-05 2.0371e-01 4.5993e-06
292 0.0000e+00 8.1400e-05 7.2356e-05 5.9762e-04 7.2356e-05 2.0318e-01 0.0000e+00
293 0.0000e+00 6.6500e-05 7.3553e-05 5.2901e-04 7.3553e-05 2.0273e-01 0.0000e+00
294 1.5000e-03 4.7000e-05 9.9318e-05 6.2069e-04 7.4608e-05 2.0218e-01 2.4710e-05
295 1.0000e-03 2.2800e-05 9.4546e-05 6.4692e-04 7.5892e-05 2.0161e-01 1.8654e-05
296 0.0000e+00 0.0000e+00 7.7258e-05 5.5707e-04 7.7258e-05 2.0113e-01 0.0000e+00
297 0.0000e+00 0.0000e+00 7.8425e-05 4.9196e-04 7.8425e-05 2.0072e-01 0.0000e+00
298 0.0000e+00 0.0000e+00 7.9445e-05 4.3597e-04 7.9445e-05 2.0036e-01 0.0000e+00
299 0.0000e+00 0.0000e+00 8.0335e-05 3.8722e-04 8.0335e-05 2.0006e-01 0.0000e+00
300 0.0000e+00 0.0000e+00 8.1109e-05 3.4449e-04 8.1109e-05 1.9979e-01 0.0000e+00
301 0.0000e+00 0.0000e+00 8.1780e-05 3.0687e-04 8.1780e-05 1.9957e-01 0.0000e+00
302 0.0000e+00 0.0000e+00 8.2357e-05 2.7367e-04 8.2357e-05 1.9938e-01 0.0000e+00
303 0.0000e+00 0.0000e+00 8.2851e-05 2.4428e-04 8.2851e-05 1.9921e-01 0.0000e+00
304 0.0000e+00 0.0000e+00 8.3270e-05 2.1822e-04 8.3270e-05 1.9908e-01 0.0000e+00
305 0.0000e+00 0.0000e+00 8.3622e-05 1.9509e-04 8.3622e-05 1.9897e-01 0.0000e+00
306 0.0000e+00 0.0000e+00 8.3914e-05 1.7453e-04 8.3914e-05 1.9888e-01 0.0000e+00
307 0.0000e+00 0.0000e+00 8.4152e-05 1.5623e-04 8.4152e-05 1.9880e-01 0.0000e+00
308 0.0000e+00 0.0000e+00 8.4341e-05 1.3994e-04 8.4341e-05 1.9875e-01 0.0000e+00
309 0.0000e+00 2.8800e-05 8.4488e-05 1.2542e-04 8.4488e-05 1.9871e-01 0.0000e+00
310 5.0000e-04 5.5500e-05 9.6349e-05 1.6514e-04 8.4596e-05 1.9863e-01 1.1752e-05
311 0.0000e+00 7.8500e-05 8.4809e-05 1.4208e-04 8.4809e-05 1.9857e-01 0.0000e+00
312 0.0000e+00 9.6200e-05 8.4961e-05 1.2585e-04 8.4961e-05 1.9853e-01 0.0000e+00
313 0.0000e+00 1.0640e-04 8.5070e-05 1.1191e-04 8.5070e-05 1.9850e-01 0.0000e+00
314 0.0000e+00 1.1110e-04 8.5141e-05 9.9780e-05 8.5141e-05 1.9849e-01 0.0000e+00
315 0.0000e+00 1.0640e-04 8.5180e-05 8.9126e-05 8.5180e-05 1.9848e-01 0.0000e+00
316 0.0000e+00 9.6200e-05 8.5191e-05 7.9720e-05 8.5191e-05 1.9849e-01 0.0000e+00
317 5.0000e-04 7.8500e-05 8.5176e-05 7.1387e-05 8.5176e-05 1.9850e-01 0.0000e+00
318 1.0000e-03 5.5500e-05 1.0545e-04 1.5517e-04 8.5140e-05 1.9843e-01 2.0312e-05
319 5.0000e-04 2.6900e-05 9.6976e-05 1.8094e-04 8.5326e-05 1.9834e-01 1.1650e-05
320 0.0000e+00 0.0000e+00 8.5581e-05 1.5338e-04 8.5581e-05 1.9827e-01 0.0000e+00
321 0.0000e+00 0.0000e+00 8.5763e-05 1.3410e-04 8.5763e-05 1.9822e-01 0.0000e+00
322 1.0000e-03 0.0000e+00 1.1140e-04 2.3276e-04 8.5893e-05 1.9807e-01 2.5504e-05
323 1.0000e-03 0.0000e+00 1.1250e-04 3.1200e-04 8.6288e-05 1.9785e-01 2.6209e-05
324 0.0000e+00 0.0000e+00 8.6898e-05 2.6152e-04 8.6898e-05 1.9767e-01 0.0000e+00
325 0.0000e+00 0.0000e+00 8.7374e-05 2.2770e-04 8.7374e-05 1.9753e-01 0.0000e+00
326 0.0000e+00 0.0000e+00 8.7758e-05 1.9967e-04 8.7758e-05 1.9742e-01 0.0000e+00
327 0.0000e+00 0.0000e+00 8.8065e-05 1.7591e-04 8.8065e-05 1.9733e-01 0.0000e+00
328 0.0000e+00 0.0000e+00 8.8308e-05 1.5549e-04 8.8308e-05 1.9727e-01 0.0000e+00
329 0.0000e+00 0.0000e+00 8.8493e-05 1.3777e-04 8.8493e-05 1.9722e-01 0.0000e+00
330 0.0000e+00 0.0000e+00 8.8629e-05 1.2231e-04 8.8629e-05 1.9718e-01 0.0000e+00
331 0.0000e+00 0.0000e+00 8.8723e-05 1.0875e-04 8.8723e-05 1.9716e-01 0.0000e+00
332 0.0000e+00 0.0000e+00 8.8778e-05 9.6825e-05 8.8778e-05 1.9716e-01 0.0000e+00
333 0.0000e+00 1.1200e-05 8.8801e-05 8.6306e-05 8.8801e-05 1.9716e-01 0.0000e+00
334 0.0000e+00 2.1600e-05 8.8794e-05 7.7010e-05 8.8794e-05 1.9717e-01 0.0000e+00
335 0.0000e+00 3.0600e-05 8.8761e-05 6.8779e-05 8.8761e-05 1.9719e-01 0.0000e+00
336 0.0000e+00 3.7400e-05 8.8706e-05 6.1481e-05 8.8706e-05 1.9722e-01 0.0000e+00
337 0.0000e+00 4.1400e-05 8.8630e-05 5.5001e-05 8.8630e-05 1.9725e-01 0.0000e+00
338 5.0000e-04 4.3200e-05 9.7919e-05 9.1756e-05 8.8537e-05 1.9725e-01 9.3816e-06
339 5.0000e-04 4.1400e-05 1.0052e-04 1.3145e-04 8.8546e-05 1.9721e-01 1.1972e-05
340 1.5000e-03 3.7400e-05 1.2689e-04 2.8333e-04 8.8665e-05 1.9701e-01 3.8228e-05
341 1.5000e-03 3.0600e-05 1.2754e-04 4.0508e-04 8.9206e-05 1.9669e-01 3.8333e-05
342 1.0000e-03 2.1600e-05 1.1550e-04 4.5122e-04 9.0091e-05 1.9633e-01 2.5407e-05
343 5.0000e-04 1.0500e-05 1.0365e-04 4.3797e-04 9.1113e-05 1.9599e-01 1.2538e-05
344 1.0000e-03 0.0000e+00 1.1804e-04 4.9409e-04 9.2106e-05 1.9558e-01 2.5934e-05
345 5.0000e-04 0.0000e+00 1.0637e-04 4.8022e-04 9.3271e-05 1.9520e-01 1.3104e-05
346 0.0000e+00 0.0000e+00 9.4405e-05 4.1331e-04 9.4405e-05 1.9488e-01 0.0000e+00
347 0.0000e+00 0.0000e+00 9.5351e-05 3.6157e-04 9.5351e-05 1.9461e-01 0.0000e+00
348 0.0000e+00 0.0000e+00 9.6147e-05 3.1783e-04 9.6147e-05 1.9439e-01 0.0000e+00
349 0.0000e+00 0.0000e+00 9.6816e-05 2.8030e-04 9.6816e-05 1.9421e-01 0.0000e+00
350 0.0000e+00 0.0000e+00 9.7372e-05 2.4777e-04 9.7372e-05 1.9406e-01 0.0000e+00
351 0.0000e+00 0.0000e+00 9.7831e-05 2.1942e-04 9.7831e-05 1.9394e-01 0.0000e+00
352 0.0000e+00 0.0000e+00 9.8204e-05 1.9460e-04 9.8204e-05 1.9384e-01 0.0000e+00
353 5.0000e-04 0.0000e+00 1.1160e-04 2.3381e-04 9.8500e-05 1.9370e-01 1.3104e-05
354 0.0000e+00 0.0000e+00 9.8917e-05 2.0066e-04 9.8917e-05 1.9360e-01 0.0000e+00
355 0.0000e+00 0.0000e+00 9.9232e-05 1.7669e-04 9.9232e-05 1.9352e-01 0.0000e+00
356 0.0000e+00 0.0000e+00 9.9473e-05 1.5627e-04 9.9473e-05 1.9347e-01 0.0000e+00
357 0.0000e+00 7.2300e-05 9.9649e-05 1.3858e-04 9.9649e-05 1.9343e-01 0.0000e+00
358 0.0000e+00 1.3960e-04 9.9771e-05 1.2311e-04 9.9771e-05 1.9341e-01 0.0000e+00
359 0.0000e+00 1.9750e-04 9.9844e-05 1.0953e-04 9.9844e-05 1.9340e-01 0.0000e+00
360 0.0000e+00 2.4180e-04 9.9874e-05 9.7562e-05 9.9874e-05 1.9340e-01 0.0000e+00
361 0.0000e+00 2.6750e-04 9.9867e-05 8.6987e-05 9.9867e-05 1.9341e-01 0.0000e+00
362 0.0000e+00 2.7930e-04 9.9826e-05 7.7627e-05 9.9826e-05 1.9343e-01 0.0000e+00
363 0.0000e+00 2.6750e-04 9.9757e-05 6.9332e-05 9.9757e-05 1.9346e-01 0.0000e+00
364 0.0000e+00 2.4180e-04 9.9662e-05 6.1969e-05 9.9662e-05 1.9350e-01 0.0000e+00
365 0.0000e+00 1.9750e-04 9.9545e-05 5.5428e-05 9.9545e-05 1.9355e-01 0.0000e+00
366 0.0000e+00 1.3960e-04 9.9408e-05 4.9609e-05 9.9408e-05 1.9360e-01 0.0000e+00
367 0.0000e+00 6.7600e-05 9.9253e-05 4.4430e-05 9.9253e-05 1.9365e-01 0.0000e+00
368 0.0000e+00 0.0000e+00 9.9083e-05 3.9814e-05 9.9083e-05 1.9371e-01 0.0000e+00
369 0.0000e+00 0.0000e+00 9.8900e-05 3.5699e-05 9.8900e-05 1.9377e-01 0.0000e+00
370 0.0000e+00 0.0000e+00 9.8705e-05 3.2027e-05 9.8705e-05 1.9384e-01 0.0000e+00
371 0.0000e+00 0.0000e+00 9.8499e-05 2.8747e-05 9.8499e-05 1.9391e-01 0.0000e+00
372 0.0000e+00 0.0000e+00 9.8285e-05 2.5816e-05 9.8285e-05 1.9398e-01 0.0000e+00
373 5.0000e-04 0.0000e+00 9.8063e-05 2.3196e-05 9.8063e-05 1.9406e-01 0.0000e+00
374 7.5000e-03 0.0000e+00 2.5319e-04 7.4276e-04 9.7834e-05 1.9341e-01 1.5535e-04
375 4.5000e-03 0.0000e+00 2.1777e-04 1.1283e-03 9.9825e-05 1.9238e-01 1.1794e-04
376 2.5000e-03 0.0000e+00 1.6861e-04 1.2293e-03 1.0309e-04 1.9126e-01 6.5522e-05
377 5.0000e-04 0.0000e+00 1.1988e-04 1.0930e-03 1.0678e-04 1.9027e-01 1.3104e-05
378 0.0000e+00 0.0000e+00 1.1012e-04 9.3934e-04 1.1012e-04 1.8944e-01 0.0000e+00
379 0.0000e+00 0.0000e+00 1.1301e-04 8.1769e-04 1.1301e-04 1.8874e-01 0.0000e+00
380 0.0000e+00 0.0000e+00 1.1553e-04 7.1545e-04 1.1553e-04 1.8814e-01 0.0000e+00
381 0.0000e+00 1.7400e-05 1.1771e-04 6.2795e-04 1.1771e-04 1.8763e-01 0.0000e+00
382 0.0000e+00 3.3600e-05 1.1961e-04 5.5234e-04 1.1961e-04 1.8719e-01 0.0000e+00
383 1.0000e-03 4.7500e-05 1.4611e-04 6.0939e-04 1.2123e-04 1.8671e-01 2.4873e-05
384 1.0000e-03 5.8200e-05 1.4806e-04 6.4520e-04 1.2310e-04 1.8618e-01 2.4964e-05
385 0.0000e+00 6.4300e-05 1.2512e-04 5.4965e-04 1.2512e-04 1.8576e-01 0.0000e+00
386 5.0000e-04 6.7200e-05 1.3669e-04 5.3008e-04 1.2679e-04 1.8536e-01 9.8958e-06
387 0.0000e+00 6.4300e-05 1.2840e-04 4.5898e-04 1.2840e-04 1.8503e-01 0.0000e+00
388 0.0000e+00 5.8200e-05 1.2973e-04 4.0295e-04 1.2973e-04 1.8475e-01 0.0000e+00
389 0.0000e+00 4.7500e-05 1.3085e-04 3.5486e-04 1.3085e-04 1.8453e-01 0.0000e+00
390 5.0000e-04 3.3600e-05 1.3867e-04 3.4805e-04 1.3177e-04 1.8431e-01 6.8987e-06
391 0.0000e+00 1.6300e-05 1.3266e-04 3.0223e-04 1.3266e-04 1.8414e-01 0.0000e+00
392 5.0000e-04 0.0000e+00 1.4516e-04 3.2634e-04 1.3336e-04 1.8395e-01 1.1797e-05
393 5.0000e-04 0.0000e+00 1.4728e-04 3.4587e-04 1.3417e-04 1.8374e-01 1.3104e-05
394 0.0000e+00 0.0000e+00 1.3506e-04 2.9378e-04 1.3506e-04 1.8358e-01 0.0000e+00
395 0.0000e+00 0.0000e+00 1.3573e-04 2.5721e-04 1.3573e-04 1.8346e-01 0.0000e+00
396 0.0000e+00 0.0000e+00 1.3625e-04 2.2621e-04 1.3625e-04 1.8337e-01 0.0000e+00
397 0.0000e+00 0.0000e+00 1.3663e-04 1.9944e-04 1.3663e-04 1.8330e-01 0.0000e+00
398 0.0000e+00 0.0000e+00 1.3690e-04 1.7617e-04 1.3690e-04 1.8327e-01 0.0000e+00
399 0.0000e+00 0.0000e+00 1.3707e-04 1.5585e-04 1.3707e-04 1.8325e-01 0.0000e+00
400 0.0000e+00 0.0000e+00 1.3715e-04 1.3805e-04 1.3715e-04 1.8325e-01 0.0000e+00
401 0.0000e+00 0.0000e+00 1.3715e-04 1.2242e-04 1.3715e-04 1.8326e-01 0.0000e+00
402 1.0000e-03 0.0000e+00 1.6330e-04 2.4328e-04 1.3709e-04 1.8315e-01 2.6209e-05
403 0.0000e+00 0.0000e+00 1.3755e-04 1.9373e-04 1.3755e-04 1.8310e-01 0.0000e+00
404 0.0000e+00 0.0000e+00 1.3779e-04 1.6796e-04 1.3779e-04 1.8307e-01 0.0000e+00
405 5.0000e-04 2.4600e-05 1.5102e-04 2.1426e-04 1.3792e-04 1.8299e-01 1.3104e-05
406 5.0000e-04 4.7400e-05 1.5071e-04 2.4164e-04 1.3825e-04 1.8289e-01 1.2460e-05
407 0.0000e+00 6.7100e-05 1.3870e-04 2.0076e-04 1.3870e-04 1.8283e-01 0.0000e+00
408 5.0000e-04 8.2200e-05 1.4907e-04 2.2658e-04 1.3896e-04 1.8274e-01 1.0105e-05
409 0.0000e+00 9.0900e-05 1.3935e-04 1.8992e-04 1.3935e-04 1.8269e-01 0.0000e+00
410 0.0000e+00 9.5000e-05 1.3957e-04 1.6542e-04 1.3957e-04 1.8266e-01 0.0000e+00
411 0.0000e+00 9.0900e-05 1.3968e-04 1.4478e-04 1.3968e-04 1.8266e-01 0.0000e+00
412 0.0000e+00 8.2200e-05 1.3970e-04 1.2712e-04 1.3970e-04 1.8267e-01 0.0000e+00
413 0.0000e+00 6.7100e-05 1.3965e-04 1.1189e-04 1.3965e-04 1.8270e-01 0.0000e+00
414 0.0000e+00 4.7400e-05 1.3953e-04 9.8674e-05 1.3953e-04 1.8274e-01 0.0000e+00
415 0.0000e+00 2.3000e-05 1.3935e-04 8.7163e-05 1.3935e-04 1.8279e-01 0.0000e+00
416 0.0000e+00 0.0000e+00 1.3912e-04 7.7104e-05 1.3912e-04 1.8285e-01 0.0000e+00
417 0.0000e+00 0.0000e+00 1.3885e-04 6.8291e-05 1.3885e-04 1.8292e-01 0.0000e+00
418 0.0000e+00 0.0000e+00 1.3855e-04 6.0553e-05 1.3855e-04 1.8300e-01 0.0000e+00
419 0.0000e+00 0.0000e+00 1.3821e-04 5.3747e-05 1.3821e-04 1.8309e-01 0.0000e+00
420 0.0000e+00 0.0000e+00 1.3784e-04 4.7752e-05 1.3784e-04 1.8318e-01 0.0000e+00
421 0.0000e+00 0.0000e+00 1.3746e-04 4.2462e-05 1.3746e-04 1.8327e-01 0.0000e+00
422 0.0000e+00 0.0000e+00 1.3705e-04 3.7791e-05 1.3705e-04 1.8337e-01 0.0000e+00
423 0.0000e+00 0.0000e+00 1.3662e-04 3.3659e-05 1.3662e-04 1.8347e-01 0.0000e+00
424 0.0000e+00 0.0000e+00 1.3619e-04 3.0002e-05 1.3619e-04 1.8358e-01 0.0000e+00
425 0.0000e+00 0.0000e+00 1.3573e-04 2.6761e-05 1.3573e-04 1.8369e-01 0.0000e+00
426 0.0000e+00 0.0000e+00 1.3527e-04 2.3886e-05 1.3527e-04 1.8380e-01 0.0000e+00
427 5.0000e-04 0.0000e+00 1.3480e-04 2.1334e-05 1.3480e-04 1.8391e-01 0.0000e+00
428 2.0000e-03 0.0000e+00 1.8476e-04 2.7629e-04 1.3433e-04 1.8377e-01 5.0431e-05
429 3.0000e-03 3.2600e-05 2.1826e-04 5.9917e-04 1.3492e-04 1.8331e-01 8.3341e-05
430 2.0000e-03 6.2900e-05 1.8878e-04 7.2845e-04 1.3689e-04 1.8271e-01 5.1884e-05
431 1.0000e-03 8.9000e-05 1.6401e-04 7.1544e-04 1.3945e-04 1.8214e-01 2.4560e-05
432 0.0000e+00 1.0900e-04 1.4198e-04 5.9610e-04 1.4198e-04 1.8168e-01 0.0000e+00
433 5.0000e-04 1.2060e-04 1.5313e-04 5.5383e-04 1.4401e-04 1.8127e-01 9.1168e-06
434 0.0000e+00 1.2590e-04 1.4587e-04 4.7514e-04 1.4587e-04 1.8095e-01 0.0000e+00
435 0.0000e+00 1.2060e-04 1.4738e-04 4.1300e-04 1.4738e-04 1.8068e-01 0.0000e+00
436 0.0000e+00 1.0900e-04 1.4860e-04 3.6023e-04 1.4860e-04 1.8047e-01 0.0000e+00
437 3.5000e-03 8.9000e-05 2.5416e-04 7.0714e-04 1.4959e-04 1.7991e-01 1.0457e-04
438 0.0000e+00 6.2900e-05 1.5222e-04 5.7443e-04 1.5222e-04 1.7949e-01 0.0000e+00
439 0.0000e+00 3.0500e-05 1.5424e-04 4.9511e-04 1.5424e-04 1.7915e-01 0.0000e+00
440 0.0000e+00 0.0000e+00 1.5589e-04 4.2944e-04 1.5589e-04 1.7887e-01 0.0000e+00
441 0.0000e+00 0.0000e+00 1.5723e-04 3.7410e-04 1.5723e-04 1.7866e-01 0.0000e+00
442 0.0000e+00 0.0000e+00 1.5830e-04 3.2691e-04 1.5830e-04 1.7849e-01 0.0000e+00
443 0.0000e+00 0.0000e+00 1.5914e-04 2.8635e-04 1.5914e-04 1.7836e-01 0.0000e+00
444 5.0000e-04 0.0000e+00 1.7075e-04 2.9318e-04 1.5977e-04 1.7823e-01 1.0984e-05
445 0.0000e+00 0.0000e+00 1.6044e-04 2.5244e-04 1.6044e-04 1.7814e-01 0.0000e+00
446 0.0000e+00 0.0000e+00 1.6090e-04 2.2099e-04 1.6090e-04 1.7808e-01 0.0000e+00
447 0.0000e+00 0.0000e+00 1.6120e-04 1.9399e-04 1.6120e-04 1.7804e-01 0.0000e+00
448 0.0000e+00 0.0000e+00 1.6137e-04 1.7064e-04 1.6137e-04 1.7803e-01 0.0000e+00
449 0.0000e+00 0.0000e+00 1.6141e-04 1.5034e-04 1.6141e-04 1.7804e-01 0.0000e+00
450 0.0000e+00 0.0000e+00 1.6136e-04 1.3263e-04 1.6136e-04 1.7807e-01 0.0000e+00
451 0.0000e+00 0.0000e+00 1.6121e-04 1.1714e-04 1.6121e-04 1.7812e-01 0.0000e+00
452 5.0000e-04 0.0000e+00 1.7827e-04 1.6959e-04 1.6099e-04 1.7811e-01 1.7282e-05
453 0.0000e+00 2.2400e-05 1.6103e-04 1.4128e-04 1.6103e-04 1.7813e-01 0.0000e+00
454 0.0000e+00 4.3300e-05 1.6094e-04 1.2292e-04 1.6094e-04 1.7817e-01 0.0000e+00
455 0.0000e+00 6.1200e-05 1.6074e-04 1.0754e-04 1.6074e-04 1.7822e-01 0.0000e+00
456 0.0000e+00 7.5000e-05 1.6048e-04 9.4436e-05 1.6048e-04 1.7829e-01 0.0000e+00
457 0.0000e+00 8.3000e-05 1.6015e-04 8.3142e-05 1.6015e-04 1.7836e-01 0.0000e+00
458 0.0000e+00 8.6600e-05 1.5976e-04 7.3342e-05 1.5976e-04 1.7845e-01 0.0000e+00
459 0.0000e+00 8.3000e-05 1.5933e-04 6.4800e-05 1.5933e-04 1.7854e-01 0.0000e+00
460 0.0000e+00 7.5000e-05 1.5886e-04 5.7330e-05 1.5886e-04 1.7865e-01 0.0000e+00
461 0.0000e+00 6.1200e-05 1.5836e-04 5.0781e-05 1.5836e-04 1.7875e-01 0.0000e+00
462 0.0000e+00 4.3300e-05 1.5783e-04 4.5028e-05 1.5783e-04 1.7887e-01 0.0000e+00
463 0.0000e+00 2.1000e-05 1.5727e-04 3.9965e-05 1.5727e-04 1.7898e-01 0.0000e+00
464 0.0000e+00 0.0000e+00 1.5670e-04 3.5503e-05 1.5670e-04 1.7910e-01 0.0000e+00
465 1.0000e-03 0.0000e+00 1.6816e-04 7.7262e-05 1.5610e-04 1.7918e-01 1.2057e-05
466 5.0000e-04 0.0000e+00 1.7300e-04 1.2794e-04 1.5572e-04 1.7921e-01 1.7282e-05
467 0.0000e+00 0.0000e+00 1.5558e-04 1.0329e-04 1.5558e-04 1.7926e-01 0.0000e+00
468 0.0000e+00 0.0000e+00 1.5533e-04 8.8533e-05 1.5533e-04 1.7933e-01 0.0000e+00
469 5.0000e-04 0.0000e+00 1.7229e-04 1.4194e-04 1.5501e-04 1.7934e-01 1.7282e-05
470 0.0000e+00 0.0000e+00 1.5494e-04 1.1590e-04 1.5494e-04 1.7938e-01 0.0000e+00
471 0.0000e+00 0.0000e+00 1.5475e-04 9.9724e-05 1.5475e-04 1.7944e-01 0.0000e+00
472 5.0000e-04 0.0000e+00 1.7177e-04 1.5176e-04 1.5449e-04 1.7944e-01 1.7282e-05
473 5.0000e-04 0.0000e+00 1.7176e-04 1.8989e-04 1.5447e-04 1.7940e-01 1.7282e-05
474 0.0000e+00 0.0000e+00 1.5465e-04 1.5666e-04 1.5465e-04 1.7940e-01 0.0000e+00
475 0.0000e+00 0.0000e+00 1.5466e-04 1.3472e-04 1.5466e-04 1.7942e-01 0.0000e+00
476 0.0000e+00 0.0000e+00 1.5456e-04 1.1668e-04 1.5456e-04 1.7946e-01 0.0000e+00
477 0.0000e+00 9.2000e-06 1.5438e-04 1.0156e-04 1.5438e-04 1.7951e-01 0.0000e+00
478 0.0000e+00 1.7800e-05 1.5412e-04 8.8710e-05 1.5412e-04 1.7958e-01 0.0000e+00
479 0.0000e+00 2.5200e-05 1.5381e-04 7.7699e-05 1.5381e-04 1.7965e-01 0.0000e+00
480 0.0000e+00 3.0900e-05 1.5344e-04 6.8205e-05 1.5344e-04 1.7974e-01 0.0000e+00
481 0.0000e+00 3.4200e-05 1.5303e-04 5.9982e-05 1.5303e-04 1.7983e-01 0.0000e+00
482 5.0000e-04 3.5700e-05 1.6582e-04 1.0269e-04 1.5259e-04 1.7988e-01 1.3231e-05
483 2.5000e-03 3.4200e-05 2.3753e-04 4.0506e-04 1.5235e-04 1.7963e-01 8.5175e-05
484 1.0000e-03 3.0900e-05 1.8694e-04 4.4164e-04 1.5356e-04 1.7934e-01 3.3381e-05
485 0.0000e+00 2.5200e-05 1.5495e-04 3.6391e-04 1.5495e-04 1.7913e-01 0.0000e+00
486 1.0000e-03 1.7800e-05 1.8859e-04 4.3489e-04 1.5596e-04 1.7885e-01 3.2625e-05
487 0.0000e+00 8.6000e-06 1.5733e-04 3.6192e-04 1.5733e-04 1.7865e-01 0.0000e+00
488 0.0000e+00 0.0000e+00 1.5834e-04 3.1164e-04 1.5834e-04 1.7850e-01 0.0000e+00
489 0.0000e+00 0.0000e+00 1.5910e-04 2.6996e-04 1.5910e-04 1.7839e-01 0.0000e+00
490 0.0000e+00 0.0000e+00 1.5965e-04 2.3485e-04 1.5965e-04 1.7831e-01 0.0000e+00
491 0.0000e+00 0.0000e+00 1.6003e-04 2.0495e-04 1.6003e-04 1.7827e-01 0.0000e+00
492 0.0000e+00 0.0000e+00 1.6025e-04 1.7928e-04 1.6025e-04 1.7825e-01 0.0000e+00
493 0.0000e+00 0.0000e+00 1.6035e-04 1.5715e-04 1.6035e-04 1.7825e-01 0.0000e+00
494 0.0000e+00 0.0000e+00 1.6033e-04 1.3798e-04 1.6033e-04 1.7827e-01 0.0000e+00
495 0.0000e+00 0.0000e+00 1.6022e-04 1.2134e-04 1.6022e-04 1.7831e-01 0.0000e+00
496 0.0000e+00 0.0000e+00 1.6002e-04 1.0684e-04 1.6002e-04 1.7836e-01 0.0000e+00
497 0.0000e+00 0.0000e+00 1.5976e-04 9.4196e-05 1.5976e-04 1.7843e-01 0.0000e+00
498 0.0000e+00 0.0000e+00 1.5943e-04 8.3139e-05 1.5943e-04 1.7851e-01 0.0000e+00
499 0.0000e+00 0.0000e+00 1.5905e-04 7.3459e-05 1.5905e-04 1.7859e-01 0.0000e+00
500 0.0000e+00 0.0000e+00 1.5863e-04 6.4970e-05 1.5863e-04 1.7868e-01 0.0000e+00
501 0.0000e+00 6.3800e-05 1.5816e-04 5.7516e-05 1.5816e-04 1.7879e-01 0.0000e+00
502 0.0000e+00 1.2310e-04 1.5767e-04 5.0962e-05 1.5767e-04 1.7889e-01 0.0000e+00
503 0.0000e+00 1.7420e-04 1.5714e-04 4.5194e-05 1.5714e-04 1.7900e-01 0.0000e+00
504 0.0000e+00 2.1330e-04 1.5659e-04 4.0110e-05 1.5659e-04 1.7912e-01 0.0000e+00
505 0.0000e+00 2.3600e-04 1.5602e-04 3.5626e-05 1.5602e-04 1.7924e-01 0.0000e+00
506 0.0000e+00 2.4640e-04 1.5544e-04 3.1667e-05 1.5544e-04 1.7936e-01 0.0000e+00
507 0.0000e+00 2.3600e-04 1.5484e-04 2.8167e-05 1.5484e-04 1.7949e-01 0.0000e+00
508 0.0000e+00 2.1330e-04 1.5423e-04 2.5071e-05 1.5423e-04 1.7962e-01 0.0000e+00
509 0.0000e+00 1.7420e-04 1.5360e-04 2.2331e-05 1.5360e-04 1.7975e-01 0.0000e+00
510 0.0000e+00 1.2310e-04 1.5298e-04 1.9903e-05 1.5298e-04 1.7989e-01 0.0000e+00
511 0.0000e+00 5.9600e-05 1.5234e-04 1.7750e-05 1.5234e-04 1.8002e-01 0.0000e+00
512 0.0000e+00 0.0000e+00 1.5170e-04 1.5840e-05 1.5170e-04 1.8016e-01 0.0000e+00
513 0.0000e+00 0.0000e+00 1.5106e-04 1.4143e-05 1.5106e-04 1.8029e-01 0.0000e+00
514 0.0000e+00 0.0000e+00 1.5041e-04 1.2635e-05 1.5041e-04 1.8043e-01 0.0000e+00
515 0.0000e+00 0.0000e+00 1.4977e-04 1.1294e-05 1.4977e-04 1.8057e-01 0.0000e+00
516 0.0000e+00 0.0000e+00 1.4912e-04 1.0101e-05 1.4912e-04 1.8071e-01 0.0000e+00
517 0.0000e+00 0.0000e+00 1.4847e-04 9.0389e-06 1.4847e-04 1.8085e-01 0.0000e+00
518 0.0000e+00 0.0000e+00 1.4783e-04 8.0924e-06 1.4783e-04 1.8099e-01 0.0000e+00
519 0.0000e+00 0.0000e+00 1.4718e-04 7.2480e-06 1.4718e-04 1.8113e-01 0.0000e+00
520 0.0000e+00 0.0000e+00 1.4654e-04 6.4954e-06 1.4654e-04 1.8127e-01 0.0000e+00
521 0.0000e+00 0.0000e+00 1.4590e-04 5.8237e-06 1.4590e-04 1.8141e-01 0.0000e+00
522 0.0000e+00 0.0000e+00 1.4527e-04 5.2239e-06 1.4527e-04 1.8155e-01 0.0000e+00
523 0.0000e+00 0.0000e+00 1.4463e-04 4.6879e-06 1.4463e-04 1.8169e-01 0.0000e+00
524 0.0000e+00 0.0000e+00 1.4400e-04 4.2088e-06 1.4400e-04 1.8183e-01 0.0000e+00
525 0.0000e+00 4.1700e-05 1.4337e-04 3.7802e-06 1.4337e-04 1.8197e-01 0.0000e+00
526 0.0000e+00 8.0400e-05 1.4275e-04 3.3967e-06 1.4275e-04 1.8211e-01 0.0000e+00
527 0.0000e+00 1.1380e-04 1.4213e-04 3.0534e-06 1.4213e-04 1.8224e-01 0.0000e+00
528 0.0000e+00 1.3930e-04 1.4151e-04 2.7459e-06 1.4151e-04 1.8238e-01 0.0000e+00
529 0.0000e+00 1.5420e-04 1.4090e-04 2.4703e-06 1.4090e-04 1.8252e-01 0.0000e+00
530 0.0000e+00 1.6090e-04 1.4029e-04 2.2226e-06 1.4029e-04 1.8266e-01 0.0000e+00
531 0.0000e+00 1.5420e-04 1.3969e-04 2.0011e-06 1.3969e-04 1.8280e-01 0.0000e+00
532 0.0000e+00 1.3930e-04 1.3909e-04 1.8024e-06 1.3909e-04 1.8293e-01 0.0000e+00
533 0.0000e+00 1.1380e-04 1.3849e-04 1.6239e-06 1.3849e-04 1.8307e-01 0.0000e+00
534 0.0000e+00 8.0400e-05 1.3790e-04 1.4637e-06 1.3790e-04 1.8321e-01 0.0000e+00
535 0.0000e+00 3.8900e-05 1.3731e-04 1.3197e-06 1.3731e-04 1.8334e-01 0.0000e+00
536 0.0000e+00 0.0000e+00 1.3673e-04 1.1903e-06 1.3673e-04 1.8348e-01 0.0000e+00
537 0.0000e+00 0.0000e+00 1.3615e-04 1.0739e-06 1.3615e-04 1.8361e-01 0.0000e+00
538 0.0000e+00 0.0000e+00 1.3558e-04 9.6926e-07 1.3558e-04 1.8375e-01 0.0000e+00
539 0.0000e+00 0.0000e+00 1.3501e-04 8.7508e-07 1.3501e-04 1.8388e-01 0.0000e+00
540 0.0000e+00 0.0000e+00 1.3445e-04 7.9029e-07 1.3445e-04 1.8402e-01 0.0000e+00
541 0.0000e+00 0.0000e+00 1.3389e-04 7.1320e-07 1.3389e-04 1.8415e-01 0.0000e+00
542 0.0000e+00 0.0000e+00 1.3333e-04 6.4455e-07 1.3333e-04 1.8428e-01 0.0000e+00
543 0.0000e+00 0.0000e+00 1.3278e-04 5.8268e-07 1.3278e-04 1.8442e-01 0.0000e+00
544 0.0000e+00 0.0000e+00 1.3223e-04 5.2690e-07 1.3223e-04 1.8455e-01 0.0000e+00
545 0.0000e+00 0.0000e+00 1.3169e-04 4.7660e-07 1.3169e-04 1.8468e-01 0.0000e+00
546 0.0000e+00 0.0000e+00 1.3115e-04 4.3122e-07 1.3115e-04 1.8481e-01 0.0000e+00
547 0.0000e+00 0.0000e+00 1.3061e-04 3.9027e-07 1.3061e-04 1.8494e-01 0.0000e+00
548 0.0000e+00 0.0000e+00 1.3008e-04 3.5331e-07 1.3008e-04 1.8507e-01 0.0000e+00
549 0.0000e+00 2.0700e-05 1.2956e-04 3.1993e-07 1.2956e-04 1.8520e-01 0.0000e+00
550 0.0000e+00 4.0000e-05 1.2904e-04 2.8978e-07 1.2904e-04 1.8533e-01 0.0000e+00
551 0.0000e+00 5.6600e-05 1.2852e-04 2.6254e-07 1.2852e-04 1.8546e-01 0.0000e+00
552 1.0000e-03 6.9300e-05 1.2800e-04 2.3683e-07 1.2800e-04 1.8558e-01 0.0000e+00
553 1.0000e-03 7.6600e-05 1.2749e-04 2.1473e-07 1.2749e-04 1.8571e-01 0.0000e+00
554 2.0000e-03 8.0000e-05 1.4617e-04 9.6265e-05 1.2699e-04 1.8574e-01 1.9187e-05
555 1.5000e-03 7.6600e-05 1.6408e-04 2.5724e-04 1.2686e-04 1.8561e-01 3.7217e-05
556 0.0000e+00 6.9300e-05 1.2738e-04 1.9724e-04 1.2738e-04 1.8554e-01 0.0000e+00
557 5.0000e-04 5.6600e-05 1.3694e-04 2.1362e-04 1.2766e-04 1.8545e-01 9.2834e-06
558 0.0000e+00 4.0000e-05 1.2800e-04 1.7808e-04 1.2800e-04 1.8540e-01 0.0000e+00
559 0.0000e+00 1.9400e-05 1.2821e-04 1.5353e-04 1.2821e-04 1.8538e-01 0.0000e+00
560 0.0000e+00 0.0000e+00 1.2831e-04 1.3334e-04 1.2831e-04 1.8537e-01 0.0000e+00
561 0.0000e+00 0.0000e+00 1.2833e-04 1.1632e-04 1.2833e-04 1.8539e-01 0.0000e+00
562 0.0000e+00 0.0000e+00 1.2828e-04 1.0180e-04 1.2828e-04 1.8541e-01 0.0000e+00
563 0.0000e+00 0.0000e+00 1.2817e-04 8.9318e-05 1.2817e-04 1.8545e-01 0.0000e+00
564 0.0000e+00 0.0000e+00 1.2802e-04 7.8534e-05 1.2802e-04 1.8550e-01 0.0000e+00
565 5.0000e-04 0.0000e+00 1.3789e-04 1.1968e-04 1.2782e-04 1.8551e-01 1.0066e-05
566 0.0000e+00 0.0000e+00 1.2779e-04 9.8201e-05 1.2779e-04 1.8554e-01 0.0000e+00
567 0.0000e+00 0.0000e+00 1.2767e-04 8.5216e-05 1.2767e-04 1.8558e-01 0.0000e+00
568 0.0000e+00 0.0000e+00 1.2750e-04 7.4552e-05 1.2750e-04 1.8563e-01 0.0000e+00
569 0.0000e+00 0.0000e+00 1.2729e-04 6.5475e-05 1.2729e-04 1.8570e-01 0.0000e+00
570 0.0000e+00 0.0000e+00 1.2704e-04 5.7654e-05 1.2704e-04 1.8577e-01 0.0000e+00
571 0.0000e+00 0.0000e+00 1.2677e-04 5.0872e-05 1.2677e-04 1.8584e-01 0.0000e+00
572 0.0000e+00 0.0000e+00 1.2647e-04 4.4963e-05 1.2647e-04 1.8592e-01 0.0000e+00
573 3.0000e-03 3.0500e-05 2.0477e-04 4.3265e-04 1.2615e-04 1.8562e-01 7.8627e-05
574 1.0000e-03 5.8900e-05 1.5277e-04 4.5335e-04 1.2736e-04 1.8529e-01 2.5410e-05
575 2.5000e-03 8.3300e-05 1.9264e-04 6.9214e-04 1.2866e-04 1.8473e-01 6.3979e-05
576 3.5000e-03 1.0200e-04 2.1997e-04 1.0065e-03 1.3095e-04 1.8385e-01 8.9021e-05
577 1.5000e-03 1.1290e-04 1.7122e-04 9.9778e-04 1.3458e-04 1.8299e-01 3.6640e-05
578 0.0000e+00 1.1780e-04 1.3826e-04 8.3286e-04 1.3826e-04 1.8229e-01 0.0000e+00
579 0.0000e+00 1.1290e-04 1.4130e-04 7.1904e-04 1.4130e-04 1.8172e-01 0.0000e+00
580 0.0000e+00 1.0200e-04 1.4387e-04 6.2466e-04 1.4387e-04 1.8123e-01 0.0000e+00
581 0.0000e+00 8.3300e-05 1.4605e-04 5.4460e-04 1.4605e-04 1.8084e-01 0.0000e+00
582 0.0000e+00 5.8900e-05 1.4788e-04 4.7606e-04 1.4788e-04 1.8051e-01 0.0000e+00
583 0.0000e+00 2.8500e-05 1.4940e-04 4.1703e-04 1.4940e-04 1.8024e-01 0.0000e+00
584 0.0000e+00 0.0000e+00 1.5066e-04 3.6595e-04 1.5066e-04 1.8003e-01 0.0000e+00
585 0.0000e+00 0.0000e+00 1.5167e-04 3.2160e-04 1.5167e-04 1.7986e-01 0.0000e+00
586 0.0000e+00 0.0000e+00 1.5248e-04 2.8298e-04 1.5248e-04 1.7972e-01 0.0000e+00
587 0.0000e+00 0.0000e+00 1.5311e-04 2.4929e-04 1.5311e-04 1.7963e-01 0.0000e+00
588 0.0000e+00 0.0000e+00 1.5357e-04 2.1984e-04 1.5357e-04 1.7956e-01 0.0000e+00
589 5.0000e-04 0.0000e+00 1.5388e-04 1.9407e-04 1.5388e-04 1.7952e-01 0.0000e+00
590 0.0000e+00 0.0000e+00 1.5408e-04 1.7147e-04 1.5408e-04 1.7950e-01 0.0000e+00
591 0.0000e+00 0.0000e+00 1.5416e-04 1.5164e-04 1.5416e-04 1.7951e-01 0.0000e+00
592 5.0000e-04 0.0000e+00 1.6752e-04 1.8474e-04 1.5415e-04 1.7948e-01 1.3372e-05
593 0.0000e+00 0.0000e+00 1.5430e-04 1.5702e-04 1.5430e-04 1.7947e-01 0.0000e+00
594 1.0000e-03 0.0000e+00 1.8887e-04 2.6817e-04 1.5431e-04 1.7936e-01 3.4563e-05
595 0.0000e+00 0.0000e+00 1.5486e-04 2.1961e-04 1.5486e-04 1.7930e-01 0.0000e+00
596 0.0000e+00 0.0000e+00 1.5517e-04 1.8986e-04 1.5517e-04 1.7926e-01 0.0000e+00
597 0.0000e+00 6.2600e-05 1.5534e-04 1.6526e-04 1.5534e-04 1.7925e-01 0.0000e+00
598 0.0000e+00 1.2080e-04 1.5539e-04 1.4450e-04 1.5539e-04 1.7926e-01 0.0000e+00
599 0.0000e+00 1.7090e-04 1.5534e-04 1.2676e-04 1.5534e-04 1.7929e-01 0.0000e+00
600 0.0000e+00 2.0930e-04 1.5520e-04 1.1146e-04 1.5520e-04 1.7933e-01 0.0000e+00
601 0.0000e+00 2.3150e-04 1.5499e-04 9.8205e-05 1.5499e-04 1.7939e-01 0.0000e+00
602 0.0000e+00 2.4180e-04 1.5471e-04 8.6663e-05 1.5471e-04 1.7946e-01 0.0000e+00
603 0.0000e+00 2.3150e-04 1.5438e-04 7.6583e-05 1.5438e-04 1.7954e-01 0.0000e+00
604 0.0000e+00 2.0930e-04 1.5401e-04 6.7759e-05 1.5401e-04 1.7962e-01 0.0000e+00
605 0.0000e+00 1.7090e-04 1.5359e-04 6.0018e-05 1.5359e-04 1.7972e-01 0.0000e+00
606 0.0000e+00 1.2080e-04 1.5315e-04 5.3215e-05 1.5315e-04 1.7982e-01 0.0000e+00
607 0.0000e+00 5.8500e-05 1.5267e-04 4.7228e-05 1.5267e-04 1.7992e-01 0.0000e+00
608 0.0000e+00 0.0000e+00 1.5217e-04 4.1952e-05 1.5217e-04 1.8003e-01 0.0000e+00
609 0.0000e+00 0.0000e+00 1.5164e-04 3.7296e-05 1.5164e-04 1.8015e-01 0.0000e+00
610 0.0000e+00 0.0000e+00 1.5110e-04 3.3183e-05 1.5110e-04 1.8026e-01 0.0000e+00
611 0.0000e+00 0.0000e+00 1.5055e-04 2.9546e-05 1.5055e-04 1.8039e-01 0.0000e+00
612 0.0000e+00 0.0000e+00 1.4998e-04 2.6326e-05 1.4998e-04 1.8051e-01 0.0000e+00
613 0.0000e+00 0.0000e+00 1.4940e-04 2.3472e-05 1.4940e-04 1.8063e-01 0.0000e+00
614 0.0000e+00 0.0000e+00 1.4881e-04 2.0942e-05 1.4881e-04 1.8076e-01 0.0000e+00
615 0.0000e+00 0.0000e+00 1.4822e-04 1.8697e-05 1.4822e-04 1.8089e-01 0.0000e+00
616 0.0000e+00 0.0000e+00 1.4762e-04 1.6701e-05 1.4762e-04 1.8102e-01 0.0000e+00
617 0.0000e+00 0.0000e+00 1.4702e-04 1.4928e-05 1.4702e-04 1.8116e-01 0.0000e+00
618 0.0000e+00 0.0000e+00 1.4641e-04 1.3351e-05 1.4641e-04 1.8129e-01 0.0000e+00
619 0.0000e+00 0.0000e+00 1.4580e-04 1.1947e-05 1.4580e-04 1.8142e-01 0.0000e+00
620 0.0000e+00 0.0000e+00 1.4520e-04 1.0696e-05 1.4520e-04 1.8156e-01 0.0000e+00
621 0.0000e+00 1.4200e-05 1.4459e-04 9.5815e-06 1.4459e-04 1.8169e-01 0.0000e+00
622 0.0000e+00 2.7500e-05 1.4398e-04 8.5871e-06 1.4398e-04 1.8183e-01 0.0000e+00
623 0.0000e+00 3.8900e-05 1.4337e-04 7.6997e-06 1.4337e-04 1.8196e-01 0.0000e+00
624 1.0000e-03 4.7600e-05 1.4276e-04 6.9073e-06 1.4276e-04 1.8210e-01 0.0000e+00
625 1.0000e-03 5.2700e-05 1.4418e-04 1.6735e-05 1.4216e-04 1.8222e-01 2.0263e-06
626 3.0000e-03 5.5000e-05 2.3722e-04 3.9560e-04 1.4160e-04 1.8197e-01 9.5620e-05
627 2.0000e-03 5.2700e-05 2.0602e-04 5.5071e-04 1.4273e-04 1.8156e-01 6.3294e-05
628 1.5000e-03 4.7600e-05 1.9437e-04 6.2912e-04 1.4456e-04 1.8108e-01 4.9812e-05
629 3.5000e-03 3.8900e-05 2.6609e-04 9.6540e-04 1.4677e-04 1.8026e-01 1.1933e-04
630 4.0000e-03 2.7500e-05 2.8748e-04 1.3008e-03 1.5057e-04 1.7911e-01 1.3691e-04
631 5.0000e-03 1.3300e-05 3.2795e-04 1.7202e-03 1.5608e-04 1.7754e-01 1.7187e-04
632 0.0000e+00 0.0000e+00 1.6390e-04 1.4184e-03 1.6390e-04 1.7629e-01 0.0000e+00
633 0.0000e+00 0.0000e+00 1.7045e-04 1.2184e-03 1.7045e-04 1.7524e-01 0.0000e+00
634 1.0000e-03 0.0000e+00 2.1023e-04 1.1860e-03 1.7613e-04 1.7423e-01 3.4104e-05
635 2.5000e-03 0.0000e+00 2.6818e-04 1.3549e-03 1.8177e-04 1.7306e-01 8.6409e-05
636 3.5000e-03 0.0000e+00 3.0953e-04 1.6187e-03 1.8856e-04 1.7163e-01 1.2097e-04
637 3.0000e-03 0.0000e+00 3.0087e-04 1.7632e-03 1.9718e-04 1.7006e-01 1.0369e-04
638 0.0000e+00 0.0000e+00 2.0707e-04 1.4704e-03 2.0707e-04 1.6880e-01 0.0000e+00
639 5.0000e-04 0.0000e+00 2.3269e-04 1.3355e-03 2.1541e-04 1.6768e-01 1.7282e-05
640 0.0000e+00 0.0000e+00 2.2308e-04 1.1450e-03 2.2308e-04 1.6676e-01 0.0000e+00
641 5.0000e-04 0.0000e+00 2.4688e-04 1.0642e-03 2.2960e-04 1.6592e-01 1.7282e-05
642 0.0000e+00 0.0000e+00 2.3567e-04 9.1256e-04 2.3567e-04 1.6525e-01 0.0000e+00
643 5.0000e-04 0.0000e+00 2.5799e-04 8.6548e-04 2.4071e-04 1.6462e-01 1.7282e-05
644 0.0000e+00 0.0000e+00 2.4545e-04 7.3997e-04 2.4545e-04 1.6413e-01 0.0000e+00
645 0.0000e+00 1.6900e-05 2.4928e-04 6.4170e-04 2.4928e-04 1.6373e-01 0.0000e+00
646 0.0000e+00 3.2600e-05 2.5235e-04 5.5779e-04 2.5235e-04 1.6343e-01 0.0000e+00
647 0.0000e+00 4.6100e-05 2.5477e-04 4.8557e-04 2.5477e-04 1.6320e-01 0.0000e+00
648 0.0000e+00 5.6400e-05 2.5662e-04 4.2323e-04 2.5662e-04 1.6303e-01 0.0000e+00
649 0.0000e+00 6.2400e-05 2.5796e-04 3.6931e-04 2.5796e-04 1.6292e-01 0.0000e+00
650 0.0000e+00 6.5200e-05 2.5885e-04 3.2261e-04 2.5885e-04 1.6286e-01 0.0000e+00
651 0.0000e+00 6.2400e-05 2.5937e-04 2.8210e-04 2.5937e-04 1.6283e-01 0.0000e+00
652 0.0000e+00 5.6400e-05 2.5956e-04 2.4692e-04 2.5956e-04 1.6285e-01 0.0000e+00
653 0.0000e+00 4.6100e-05 2.5945e-04 2.1634e-04 2.5945e-04 1.6289e-01 0.0000e+00
654 0.0000e+00 3.2600e-05 2.5910e-04 1.8972e-04 2.5910e-04 1.6296e-01 0.0000e+00
655 0.0000e+00 1.5800e-05 2.5854e-04 1.6653e-04 2.5854e-04 1.6305e-01 0.0000e+00
656 0.0000e+00 0.0000e+00 2.5780e-04 1.4631e-04 2.5780e-04 1.6316e-01 0.0000e+00
657 0.0000e+00 0.0000e+00 2.5690e-04 1.2865e-04 2.5690e-04 1.6329e-01 0.0000e+00
658 0.0000e+00 0.0000e+00 2.5588e-04 1.1323e-04 2.5588e-04 1.6343e-01 0.0000e+00
659 0.0000e+00 0.0000e+00 2.5474e-04 9.9734e-05 2.5474e-04 1.6359e-01 0.0000e+00
660 0.0000e+00 0.0000e+00 2.5351e-04 8.7922e-05 2.5351e-04 1.6375e-01 0.0000e+00
661 0.0000e+00 0.0000e+00 2.5220e-04 7.7571e-05 2.5220e-04 1.6393e-01 0.0000e+00
662 0.0000e+00 0.0000e+00 2.5083e-04 6.8493e-05 2.5083e-04 1.6411e-01 0.0000e+00
663 0.0000e+00 0.0000e+00 2.4940e-04 6.0523e-05 2.4940e-04 1.6430e-01 0.0000e+00
664 0.0000e+00 0.0000e+00 2.4793e-04 5.3522e-05 2.4793e-04 1.6449e-01 0.0000e+00
665 0.0000e+00 0.0000e+00 2.4643e-04 4.7365e-05 2.4643e-04 1.6469e-01 0.0000e+00
666 5.0000e-04 0.0000e+00 2.4522e-04 4.3336e-05 2.4490e-04 1.6489e-01 3.2043e-07
667 0.0000e+00 0.0000e+00 2.4337e-04 3.8141e-05 2.4337e-04 1.6510e-01 0.0000e+00
668 5.0000e-04 0.0000e+00 2.5909e-04 1.0837e-04 2.4181e-04 1.6523e-01 1.7282e-05
669 5.0000e-04 1.5300e-05 2.5808e-04 1.5658e-04 2.4080e-04 1.6532e-01 1.7282e-05
670 0.0000e+00 2.9500e-05 2.4017e-04 1.2184e-04 2.4017e-04 1.6544e-01 0.0000e+00
671 1.0000e-03 4.1700e-05 2.7230e-04 2.4503e-04 2.3928e-04 1.6543e-01 3.3015e-05
672 0.0000e+00 5.1100e-05 2.3933e-04 1.8793e-04 2.3933e-04 1.6548e-01 0.0000e+00
673 0.0000e+00 5.6500e-05 2.3894e-04 1.5839e-04 2.3894e-04 1.6556e-01 0.0000e+00
674 0.0000e+00 5.9000e-05 2.3834e-04 1.3518e-04 2.3834e-04 1.6567e-01 0.0000e+00
675 5.0000e-04 5.6500e-05 2.4767e-04 1.5939e-04 2.3757e-04 1.6574e-01 1.0093e-05
676 5.0000e-04 5.1100e-05 2.5232e-04 1.9631e-04 2.3700e-04 1.6578e-01 1.5329e-05
677 0.0000e+00 4.1700e-05 2.3669e-04 1.5814e-04 2.3669e-04 1.6586e-01 0.0000e+00
678 0.0000e+00 2.9500e-05 2.3611e-04 1.3472e-04 2.3611e-04 1.6596e-01 0.0000e+00
679 1.0000e-03 1.4300e-05 2.6571e-04 2.4552e-04 2.3537e-04 1.6595e-01 3.0340e-05
680 1.0000e-03 0.0000e+00 2.6951e-04 3.3727e-04 2.3544e-04 1.6585e-01 3.4069e-05
681 0.0000e+00 0.0000e+00 2.3619e-04 2.6533e-04 2.3619e-04 1.6582e-01 0.0000e+00
682 0.0000e+00 0.0000e+00 2.3641e-04 2.2428e-04 2.3641e-04 1.6584e-01 0.0000e+00
683 0.0000e+00 0.0000e+00 2.3632e-04 1.9170e-04 2.3632e-04 1.6588e-01 0.0000e+00
684 0.0000e+00 0.0000e+00 2.3599e-04 1.6478e-04 2.3599e-04 1.6595e-01 0.0000e+00
685 0.0000e+00 0.0000e+00 2.3546e-04 1.4220e-04 2.3546e-04 1.6604e-01 0.0000e+00
686 0.0000e+00 0.0000e+00 2.3478e-04 1.2311e-04 2.3478e-04 1.6616e-01 0.0000e+00
687 0.0000e+00 0.0000e+00 2.3396e-04 1.0686e-04 2.3396e-04 1.6628e-01 0.0000e+00
688 0.0000e+00 0.0000e+00 2.3303e-04 9.2957e-05 2.3303e-04 1.6642e-01 0.0000e+00
689 0.0000e+00 0.0000e+00 2.3202e-04 8.1026e-05 2.3202e-04 1.6657e-01 0.0000e+00
690 0.0000e+00 0.0000e+00 2.3092e-04 7.0749e-05 2.3092e-04 1.6673e-01 0.0000e+00
691 0.0000e+00 0.0000e+00 2.2977e-04 6.1874e-05 2.2977e-04 1.6690e-01 0.0000e+00
692 0.0000e+00 0.0000e+00 2.2857e-04 5.4191e-05 2.2857e-04 1.6708e-01 0.0000e+00
693 0.0000e+00 5.6100e-05 2.2733e-04 4.7527e-05 2.2733e-04 1.6726e-01 0.0000e+00
694 0.0000e+00 1.0830e-04 2.2605e-04 4.1734e-05 2.2605e-04 1.6744e-01 0.0000e+00
695 0.0000e+00 1.5320e-04 2.2475e-04 3.6690e-05 2.2475e-04 1.6763e-01 0.0000e+00
696 0.0000e+00 1.8770e-04 2.2344e-04 3.2292e-05 2.2344e-04 1.6782e-01 0.0000e+00
697 0.0000e+00 2.0760e-04 2.2211e-04 2.8451e-05 2.2211e-04 1.6801e-01 0.0000e+00
698 0.0000e+00 2.1680e-04 2.2077e-04 2.5092e-05 2.2077e-04 1.6821e-01 0.0000e+00
699 0.0000e+00 2.0760e-04 2.1942e-04 2.2151e-05 2.1942e-04 1.6841e-01 0.0000e+00
700 5.0000e-04 1.8770e-04 2.1807e-04 1.9572e-05 2.1807e-04 1.6861e-01 0.0000e+00
701 0.0000e+00 1.5320e-04 2.1672e-04 1.7309e-05 2.1672e-04 1.6880e-01 0.0000e+00
702 0.0000e+00 1.0830e-04 2.1538e-04 1.5321e-05 2.1538e-04 1.6900e-01 0.0000e+00
703 0.0000e+00 5.2400e-05 2.1403e-04 1.3571e-05 2.1403e-04 1.6920e-01 0.0000e+00
704 0.0000e+00 0.0000e+00 2.1270e-04 1.2031e-05 2.1270e-04 1.6941e-01 0.0000e+00
705 0.0000e+00 0.0000e+00 2.1137e-04 1.0674e-05 2.1137e-04 1.6961e-01 0.0000e+00
706 0.0000e+00 0.0000e+00 2.1005e-04 9.4762e-06 2.1005e-04 1.6981e-01 0.0000e+00
707 0.0000e+00 0.0000e+00 2.0873e-04 8.4193e-06 2.0873e-04 1.7001e-01 0.0000e+00
708 0.0000e+00 0.0000e+00 2.0743e-04 7.4853e-06 2.0743e-04 1.7021e-01 0.0000e+00
709 0.0000e+00 0.0000e+00 2.0614e-04 6.6594e-06 2.0614e-04 1.7041e-01 0.0000e+00
710 0.0000e+00 0.0000e+00 2.0486e-04 5.9283e-06 2.0486e-04 1.7061e-01 0.0000e+00
711 0.0000e+00 0.0000e+00 2.0359e-04 5.2808e-06 2.0359e-04 1.7080e-01 0.0000e+00
712 0.0000e+00 0.0000e+00 2.0233e-04 4.7068e-06 2.0233e-04 1.7100e-01 0.0000e+00
713 0.0000e+00 0.0000e+00 2.0109e-04 4.1977e-06 2.0109e-04 1.7120e-01 0.0000e+00
714 0.0000e+00 0.0000e+00 1.9985e-04 3.7458e-06 1.9985e-04 1.7139e-01 0.0000e+00
715 0.0000e+00 0.0000e+00 1.9863e-04 3.3444e-06 1.9863e-04 1.7159e-01 0.0000e+00
716 0.0000e+00 0.0000e+00 1.9742e-04 2.9869e-06 1.9742e-04 1.7178e-01 0.0000e+00
717 0.0000e+00 8.5600e-05 1.9623e-04 2.6698e-06 1.9623e-04 1.7198e-01 0.0000e+00
718 0.0000e+00 1.6520e-04 1.9504e-04 2.3875e-06 1.9504e-04 1.7217e-01 0.0000e+00
719 0.0000e+00 2.3380e-04 1.9387e-04 2.1362e-06 1.9387e-04 1.7236e-01 0.0000e+00
720 0.0000e+00 2.8620e-04 1.9271e-04 1.9122e-06 1.9271e-04 1.7255e-01 0.0000e+00
721 0.0000e+00 3.1670e-04 1.9157e-04 1.7126e-06 1.9157e-04 1.7274e-01 0.0000e+00
722 0.0000e+00 3.3060e-04 1.9044e-04 1.5345e-06 1.9044e-04 1.7293e-01 0.0000e+00
723 0.0000e+00 3.1670e-04 1.8931e-04 1.3755e-06 1.8931e-04 1.7312e-01 0.0000e+00
724 0.0000e+00 2.8620e-04 1.8821e-04 1.2336e-06 1.8821e-04 1.7331e-01 0.0000e+00
725 0.0000e+00 2.3380e-04 1.8711e-04 1.1068e-06 1.8711e-04 1.7349e-01 0.0000e+00
726 0.0000e+00 1.6520e-04 1.8603e-04 9.9343e-07 1.8603e-04 1.7368e-01 0.0000e+00
727 0.0000e+00 8.0000e-05 1.8495e-04 8.9123e-07 1.8495e-04 1.7386e-01 0.0000e+00
728 0.0000e+00 0.0000e+00 1.8389e-04 8.0068e-07 1.8389e-04 1.7404e-01 0.0000e+00
729 0.0000e+00 0.0000e+00 1.8284e-04 7.1962e-07 1.8284e-04 1.7423e-01 0.0000e+00
730 0.0000e+00 0.0000e+00 1.8181e-04 6.4701e-07 1.8181e-04 1.7441e-01 0.0000e+00
731 0.0000e+00 0.0000e+00 1.8078e-04 5.8195e-07 1.8078e-04 1.7459e-01 0.0000e+00
732 0.0000e+00 0.0000e+00 1.7976e-04 5.2363e-07 1.7976e-04 1.7477e-01 0.0000e+00
733 0.0000e+00 0.0000e+00 1.7876e-04 4.7132e-07 1.7876e-04 1.7495e-01 0.0000e+00
734 0.0000e+00 0.0000e+00 1.7777e-04 4.2439e-07 1.7777e-04 1.7512e-01 0.0000e+00
735 0.0000e+00 0.0000e+00 1.7678e-04 3.8227e-07 1.7678e-04 1.7530e-01 0.0000e+00
736 0.0000e+00 0.0000e+00 1.7581e-04 3.4444e-07 1.7581e-04 1.7548e-01 0.0000e+00
737 0.0000e+00 0.0000e+00 1.7485e-04 3.0910e-07 1.7485e-04 1.7565e-01 0.0000e+00
738 0.0000e+00 0.0000e+00 1.7390e-04 2.7879e-07 1.7390e-04 1.7582e-01 0.0000e+00
739 0.0000e+00 0.0000e+00 1.7296e-04 2.5152e-07 1.7296e-04 1.7600e-01 0.0000e+00
740 0.0000e+00 0.0000e+00 1.7203e-04 2.2699e-07 1.7203e-04 1.7617e-01 0.0000e+00
741 0.0000e+00 7.4700e-05 1.7111e-04 2.0491e-07 1.7111e-04 1.7634e-01 0.0000e+00
742 0.0000e+00 1.4410e-04 1.7020e-04 1.8504e-07 1.7020e-04 1.7651e-01 0.0000e+00
743 0.0000e+00 2.0380e-04 1.6929e-04 1.6714e-07 1.6929e-04 1.7668e-01 0.0000e+00
744 0.0000e+00 2.4960e-04 1.6840e-04 1.5102e-07 1.6840e-04 1.7685e-01 0.0000e+00
745 0.0000e+00 2.7610e-04 1.6752e-04 1.3649e-07 1.6752e-04 1.7701e-01 0.0000e+00
746 0.0000e+00 2.8830e-04 1.6664e-04 1.2339e-07 1.6664e-04 1.7718e-01 0.0000e+00
747 0.0000e+00 2.7610e-04 1.6578e-04 1.1158e-07 1.6578e-04 1.7735e-01 0.0000e+00
748 0.0000e+00 2.4960e-04 1.6492e-04 9.9171e-08 1.6492e-04 1.7751e-01 0.0000e+00
749 0.0000e+00 2.0380e-04 1.6408e-04 8.9797e-08 1.6408e-04 1.7767e-01 0.0000e+00
750 0.0000e+00 1.4410e-04 1.6324e-04 8.1327e-08 1.6324e-04 1.7784e-01 0.0000e+00
751 0.0000e+00 6.9800e-05 1.6241e-04 7.3674e-08 1.6241e-04 1.7800e-01 0.0000e+00
752 0.0000e+00 0.0000e+00 1.6158e-04 6.6756e-08 1.6158e-04 1.7816e-01 0.0000e+00
753 0.0000e+00 0.0000e+00 1.6077e-04 6.0501e-08 1.6077e-04 1.7832e-01 0.0000e+00
754 0.0000e+00 0.0000e+00 1.5997e-04 5.4844e-08 1.5997e-04 1.7848e-01 0.0000e+00
755 0.0000e+00 0.0000e+00 1.5917e-04 4.9728e-08 1.5917e-04 1.7864e-01 0.0000e+00
756 0.0000e+00 0.0000e+00 1.5838e-04 4.5098e-08 1.5838e-04 1.7880e-01 0.0000e+00
757 0.0000e+00 0.0000e+00 1.5760e-04 4.0909e-08 1.5760e-04 1.7896e-01 0.0000e+00
758 0.0000e+00 0.0000e+00 1.5682e-04 3.7116e-08 1.5682e-04 1.7911e-01 0.0000e+00
759 0.0000e+00 0.0000e+00 1.5606e-04 3.1846e-08 1.5606e-04 1.7927e-01 0.0000e+00
760 0.0000e+00 0.0000e+00 1.5530e-04 2.8952e-08 1.5530e-04 1.7943e-01 0.0000e+00
761 0.0000e+00 0.0000e+00 1.5455e-04 2.6326e-08 1.5455e-04 1.7958e-01 0.0000e+00
762 0.0000e+00 0.0000e+00 1.5380e-04 2.3942e-08 1.5380e-04 1.7973e-01 0.0000e+00
763 0.0000e+00 0.0000e+00 1.5306e-04 2.1777e-08 1.5306e-04 1.7989e-01 0.0000e+00
764 0.0000e+00 0.0000e+00 1.5233e-04 1.9811e-08 1.5233e-04 1.8004e-01 0.0000e+00
765 0.0000e+00 9.6700e-05 1.5161e-04 1.8025e-08 1.5161e-04 1.8019e-01 0.0000e+00
766 0.0000e+00 1.8660e-04 1.5089e-04 1.6404e-08 1.5089e-04 1.8034e-01 0.0000e+00
767 0.0000e+00 2.6400e-04 1.5018e-04 1.4930e-08 1.5018e-04 1.8049e-01 0.0000e+00
768 0.0000e+00 3.2330e-04 1.4948e-04 1.3591e-08 1.4948e-04 1.8064e-01 0.0000e+00
769 0.0000e+00 3.5770e-04 1.4878e-04 1.2374e-08 1.4878e-04 1.8079e-01 0.0000e+00
770 0.0000e+00 3.7350e-04 1.4809e-04 9.8245e-09 1.4809e-04 1.8094e-01 0.0000e+00
771 0.0000e+00 3.5770e-04 1.4741e-04 8.9698e-09 1.4741e-04 1.8109e-01 0.0000e+00
772 0.0000e+00 3.2330e-04 1.4673e-04 8.1904e-09 1.4673e-04 1.8123e-01 0.0000e+00
773 0.0000e+00 2.6400e-04 1.4606e-04 7.4795e-09 1.4606e-04 1.8138e-01 0.0000e+00
774 0.0000e+00 1.8660e-04 1.4540e-04 6.8311e-09 1.4540e-04 1.8152e-01 0.0000e+00
775 0.0000e+00 9.0400e-05 1.4474e-04 6.2396e-09 1.4474e-04 1.8167e-01 0.0000e+00
776 0.0000e+00 0.0000e+00 1.4408e-04 5.6999e-09 1.4408e-04 1.8181e-01 0.0000e+00
777 0.0000e+00 0.0000e+00 1.4344e-04 5.2075e-09 1.4344e-04 1.8196e-01 0.0000e+00
778 0.0000e+00 0.0000e+00 1.4280e-04 4.7582e-09 1.4280e-04 1.8210e-01 0.0000e+00
779 0.0000e+00 0.0000e+00 1.4216e-04 4.3481e-09 1.4216e-04 1.8224e-01 0.0000e+00
780 0.0000e+00 0.0000e+00 1.4153e-04 3.9737e-09 1.4153e-04 1.8238e-01 0.0000e+00
781 0.0000e+00 0.0000e+00 1.4091e-04 2.6865e-09 1.4091e-04 1.8252e-01 0.0000e+00
782 0.0000e+00 0.0000e+00 1.4029e-04 2.4639e-09 1.4029e-04 1.8266e-01 0.0000e+00
783 0.0000e+00 0.0000e+00 1.3967e-04 2.2599e-09 1.3967e-04 1.8280e-01 0.0000e+00
784 0.0000e+00 0.0000e+00 1.3906e-04 2.0729e-09 1.3906e-04 1.8294e-01 0.0000e+00
785 0.0000e+00 0.0000e+00 1.3846e-04 1.9015e-09 1.3846e-04 1.8308e-01 0.0000e+00
786 0.0000e+00 0.0000e+00 1.3786e-04 1.7445e-09 1.3786e-04 1.8322e-01 0.0000e+00
787 0.0000e+00 0.0000e+00 1.3727e-04 1.6005e-09 1.3727e-04 1.8336e-01 0.0000e+00
788 0.0000e+00 0.0000e+00 1.3668e-04 1.4685e-09 1.3668e-04 1.8349e-01 0.0000e+00
789 0.0000e+00 1.2590e-04 1.3610e-04 1.3475e-09 1.3610e-04 1.8363e-01 0.0000e+00
790 0.0000e+00 2.4290e-04 1.3552e-04 1.2366e-09 1.3552e-04 1.8376e-01 0.0000e+00
791 0.0000e+00 3.4370e-04 1.3495e-04 1.1349e-09 1.3495e-04 1.8390e-01 0.0000e+00
792 0.0000e+00 4.2090e-04 1.3438e-04 5.2734e-10 1.3438e-04 1.8403e-01 0.0000e+00
793 0.0000e+00 4.6560e-04 1.3382e-04 4.8606e-10 1.3382e-04 1.8417e-01 0.0000e+00
794 0.0000e+00 4.8620e-04 1.3326e-04 4.4802e-10 1.3326e-04 1.8430e-01 0.0000e+00
795 0.0000e+00 4.6560e-04 1.3271e-04 4.1299e-10 1.3271e-04 1.8443e-01 0.0000e+00
796 0.0000e+00 4.2090e-04 1.3216e-04 3.8072e-10 1.3216e-04 1.8457e-01 0.0000e+00
797 0.0000e+00 3.4370e-04 1.3161e-04 3.5098e-10 1.3161e-04 1.8470e-01 0.0000e+00
798 0.0000e+00 2.4290e-04 1.3107e-04 3.2359e-10 1.3107e-04 1.8483e-01 0.0000e+00
799 0.0000e+00 1.1760e-04 1.3054e-04 2.9835e-10 1.3054e-04 1.8496e-01 0.0000e+00
800 0.0000e+00 0.0000e+00 1.3001e-04 2.7509e-10 1.3001e-04 1.8509e-01 0.0000e+00
801 0.0000e+00 0.0000e+00 1.2948e-04 2.5366e-10 1.2948e-04 1.8522e-01 0.0000e+00
802 0.0000e+00 0.0000e+00 1.2896e-04 2.3391e-10 1.2896e-04 1.8535e-01 0.0000e+00
803 0.0000e+00 0.0000e+00 1.2844e-04 4.8755e-11 1.2844e-04 1.8548e-01 0.0000e+00
804 0.0000e+00 0.0000e+00 1.2792e-04 4.5174e-11 1.2792e-04 1.8560e-01 0.0000e+00
805 0.0000e+00 0.0000e+00 1.2741e-04 4.1857e-11 1.2741e-04 1.8573e-01 0.0000e+00
806 0.0000e+00 0.0000e+00 1.2691e-04 3.8785e-11 1.2691e-04 1.8586e-01 0.0000e+00
807 0.0000e+00 0.0000e+00 1.2640e-04 3.5940e-11 1.2640e-04 1.8598e-01 0.0000e+00
808 0.0000e+00 0.0000e+00 1.2591e-04 3.3305e-11 1.2591e-04 1.8611e-01 0.0000e+00
809 0.0000e+00 0.0000e+00 1.2541e-04 3.0864e-11 1.2541e-04 1.8624e-01 0.0000e+00
810 0.0000e+00 0.0000e+00 1.2492e-04 2.8603e-11 1.2492e-04 1.8636e-01 0.0000e+00
811 0.0000e+00 0.0000e+00 1.2443e-04 2.6509e-11 1.2443e-04 1.8648e-01 0.0000e+00
812 0.0000e+00 0.0000e+00 1.2395e-04 2.4569e-11 1.2395e-04 1.8661e-01 0.0000e+00
813 0.0000e+00 3.0400e-05 1.2347e-04 2.2772e-11 1.2347e-04 1.8673e-01 0.0000e+00
814 0.0000e+00 5.8700e-05 1.2300e-04 2.1107e-11 1.2300e-04 1.8685e-01 0.0000e+00
815 0.0000e+00 8.3100e-05 1.2252e-04 0.0000e+00 1.2252e-04 1.8698e-01 0.0000e+00
816 0.0000e+00 1.0180e-04 1.2206e-04 0.0000e+00 1.2206e-04 1.8710e-01 0.0000e+00
817 0.0000e+00 1.1260e-04 1.2159e-04 0.0000e+00 1.2159e-04 1.8722e-01 0.0000e+00
818 0.0000e+00 1.1760e-04 1.2113e-04 0.0000e+00 1.2113e-04 1.8734e-01 0.0000e+00
819 0.0000e+00 1.1260e-04 1.2067e-04 0.0000e+00 1.2067e-04 1.8746e-01 0.0000e+00
820 0.0000e+00 1.0180e-04 1.2022e-04 0.0000e+00 1.2022e-04 1.8758e-01 0.0000e+00
821 0.0000e+00 8.3100e-05 1.1977e-04 0.0000e+00 1.1977e-04 1.8770e-01 0.0000e+00
822 0.0000e+00 5.8700e-05 1.1932e-04 0.0000e+00 1.1932e-04 1.8782e-01 0.0000e+00
823 0.0000e+00 2.8400e-05 1.1888e-04 0.0000e+00 1.1888e-04 1.8794e-01 0.0000e+00
824 0.0000e+00 0.0000e+00 1.1844e-04 0.0000e+00 1.1844e-04 1.8806e-01 0.0000e+00
825 0.0000e+00 0.0000e+00 1.1800e-04 0.0000e+00 1.1800e-04 1.8818e-01 0.0000e+00
826 0.0000e+00 0.0000e+00 1.1756e-04 0.0000e+00 1.1756e-04 1.8830e-01 0.0000e+00
827 0.0000e+00 0.0000e+00 1.1713e-04 0.0000e+00 1.1713e-04 1.8841e-01 0.0000e+00
828 0.0000e+00 0.0000e+00 1.1670e-04 0.0000e+00 1.1670e-04 1.8853e-01 0.0000e+00
829 0.0000e+00 0.0000e+00 1.1628e-04 0.0000e+00 1.1628e-04 1.8865e-01 0.0000e+00
830 0.0000e+00 0.0000e+00 1.1586e-04 0.0000e+00 1.1586e-04 1.8876e-01 0.0000e+00
831 0.0000e+00 0.0000e+00 1.1544e-04 0.0000e+00 1.1544e-04 1.8888e-01 0.0000e+00
832 0.0000e+00 0.0000e+00 1.1502e-04 0.0000e+00 1.1502e-04 1.8899e-01 0.0000e+00
833 0.0000e+00 0.0000e+00 1.1461e-04 0.0000e+00 1.1461e-04 1.8911e-01 0.0000e+00
834 0.0000e+00 0.0000e+00 1.1420e-04 0.0000e+00 1.1420e-04 1.8922e-01 0.0000e+00
835 0.0000e+00 0.0000e+00 1.1379e-04 0.0000e+00 1.1379e-04 1.8933e-01 0.0000e+00
836 0.0000e+00 0.0000e+00 1.1339e-04 0.0000e+00 1.1339e-04 1.8945e-01 0.0000e+00
837 0.0000e+00 6.6100e-05 1.1299e-04 0.0000e+00 1.1299e-04 1.8956e-01 0.0000e+00
838 0.0000e+00 1.2750e-04 1.1259e-04 0.0000e+00 1.1259e-04 1.8967e-01 0.0000e+00
839 0.0000e+00 1.8040e-04 1.1220e-04 0.0000e+00 1.1220e-04 1.8979e-01 0.0000e+00
840 0.0000e+00 2.2090e-04 1.1180e-04 0.0000e+00 1.1180e-04 1.8990e-01 0.0000e+00
841 0.0000e+00 2.4430e-04 1.1141e-04 0.0000e+00 1.1141e-04 1.9001e-01 0.0000e+00
842 0.0000e+00 2.5510e-04 1.1103e-04 0.0000e+00 1.1103e-04 1.9012e-01 0.0000e+00
843 0.0000e+00 2.4430e-04 1.1064e-04 0.0000e+00 1.1064e-04 1.9023e-01 0.0000e+00
844 0.0000e+00 2.2090e-04 1.1026e-04 0.0000e+00 1.1026e-04 1.9034e-01 0.0000e+00
845 0.0000e+00 1.8040e-04 1.0988e-04 0.0000e+00 1.0988e-04 1.9045e-01 0.0000e+00
846 0.0000e+00 1.2750e-04 1.0950e-04 0.0000e+00 1.0950e-04 1.9056e-01 0.0000e+00
847 0.0000e+00 6.1700e-05 1.0913e-04 0.0000e+00 1.0913e-04 1.9067e-01 0.0000e+00
848 0.0000e+00 0.0000e+00 1.0876e-04 0.0000e+00 1.0876e-04 1.9078e-01 0.0000e+00
849 0.0000e+00 0.0000e+00 1.0839e-04 0.0000e+00 1.0839e-04 1.9089e-01 0.0000e+00
850 0.0000e+00 0.0000e+00 1.0802e-04 0.0000e+00 1.0802e-04 1.9099e-01 0.0000e+00
851 0.0000e+00 0.0000e+00 1.0766e-04 0.0000e+00 1.0766e-04 1.9110e-01 0.0000e+00
852 0.0000e+00 0.0000e+00 1.0730e-04 0.0000e+00 1.0730e-04 1.9121e-01 0.0000e+00
853 0.0000e+00 0.0000e+00 1.0694e-04 0.0000e+00 1.0694e-04 1.9132e-01 0.0000e+00
854 0.0000e+00 0.0000e+00 1.0658e-04 0.0000e+00 1.0658e-04 1.9142e-01 0.0000e+00
855 0.0000e+00 0.0000e+00 1.0623e-04 0.0000e+00 1.0623e-04 1.9153e-01 0.0000e+00
856 0.0000e+00 0.0000e+00 1.0587e-04 0.0000e+00 1.0587e-04 1.9163e-01 0.0000e+00
857 0.0000e+00 0.0000e+00 1.0552e-04 0.0000e+00 1.0552e-04 1.9174e-01 0.0000e+00
858 0.0000e+00 0.0000e+00 1.0518e-04 0.0000e+00 1.0518e-04 1.9185e-01 0.0000e+00
859 0.0000e+00 0.0000e+00 1.0483e-04 0.0000e+00 1.0483e-04 1.9195e-01 0.0000e+00
860 0.0000e+00 0.0000e+00 1.0449e-04 0.0000e+00 1.0449e-04 1.9205e-01 0.0000e+00
861 0.0000e+00 9.7600e-05 1.0415e-04 0.0000e+00 1.0415e-04 1.9216e-01 0.0000e+00
862 0.0000e+00 1.8830e-04 1.0381e-04 0.0000e+00 1.0381e-04 1.9226e-01 0.0000e+00
863 0.0000e+00 2.6650e-04 1.0347e-04 0.0000e+00 1.0347e-04 1.9237e-01 0.0000e+00
864 0.0000e+00 3.2630e-04 1.0314e-04 0.0000e+00 1.0314e-04 1.9247e-01 0.0000e+00
865 0.0000e+00 3.6100e-04 1.0281e-04 0.0000e+00 1.0281e-04 1.9257e-01 0.0000e+00
866 0.0000e+00 3.7690e-04 1.0248e-04 0.0000e+00 1.0248e-04 1.9267e-01 0.0000e+00
867 0.0000e+00 3.6100e-04 1.0215e-04 0.0000e+00 1.0215e-04 1.9278e-01 0.0000e+00
868 0.0000e+00 3.2630e-04 1.0182e-04 0.0000e+00 1.0182e-04 1.9288e-01 0.0000e+00
869 0.0000e+00 2.6650e-04 1.0150e-04 0.0000e+00 1.0150e-04 1.9298e-01 0.0000e+00
870 0.0000e+00 1.8830e-04 1.0118e-04 0.0000e+00 1.0118e-04 1.9308e-01 0.0000e+00
871 0.0000e+00 9.1200e-05 1.0086e-04 0.0000e+00 1.0086e-04 1.9318e-01 0.0000e+00
872 0.0000e+00 0.0000e+00 1.0054e-04 0.0000e+00 1.0054e-04 1.9328e-01 0.0000e+00
873 0.0000e+00 0.0000e+00 1.0023e-04 0.0000e+00 1.0023e-04 1.9338e-01 0.0000e+00
874 0.0000e+00 0.0000e+00 9.9914e-05 0.0000e+00 9.9914e-05 1.9348e-01 0.0000e+00
875 0.0000e+00 0.0000e+00 9.9603e-05 0.0000e+00 9.9603e-05 1.9358e-01 0.0000e+00
876 0.0000e+00 0.0000e+00 9.9293e-05 0.0000e+00 9.9293e-05 1.9368e-01 0.0000e+00
877 0.0000e+00 0.0000e+00 9.8986e-05 0.0000e+00 9.8986e-05 1.9378e-01 0.0000e+00
878 0.0000e+00 0.0000e+00 9.8680e-05 0.0000e+00 9.8680e-05 1.9388e-01 0.0000e+00
879 0.0000e+00 0.0000e+00 9.8376e-05 0.0000e+00 9.8376e-05 1.9398e-01 0.0000e+00
880 0.0000e+00 0.0000e+00 9.8074e-05 0.0000e+00 9.8074e-05 1.9408e-01 0.0000e+00
881 0.0000e+00 0.0000e+00 9.7774e-05 0.0000e+00 9.7774e-05 1.9417e-01 0.0000e+00
882 0.0000e+00 0.0000e+00 9.7476e-05 0.0000e+00 9.7476e-05 1.9427e-01 0.0000e+00
883 0.0000e+00 0.0000e+00 9.7179e-05 0.0000e+00 9.7179e-05 1.9437e-01 0.0000e+00
884 0.0000e+00 0.0000e+00 9.6885e-05 0.0000e+00 9.6885e-05 1.9447e-01 0.0000e+00
885 0.0000e+00 6.4300e-05 9.6592e-05 0.0000e+00 9.6592e-05 1.9456e-01 0.0000e+00
886 0.0000e+00 1.2410e-04 9.6301e-05 0.0000e+00 9.6301e-05 1.9466e-01 0.0000e+00
887 0.0000e+00 1.7560e-04 9.6011e-05 0.0000e+00 9.6011e-05 1.9475e-01 0.0000e+00
888 0.0000e+00 2.1500e-04 9.5724e-05 0.0000e+00 9.5724e-05 1.9485e-01 0.0000e+00
889 0.0000e+00 2.3790e-04 9.5438e-05 0.0000e+00 9.5438e-05 1.9495e-01 0.0000e+00
890 0.0000e+00 2.4840e-04 9.5153e-05 0.0000e+00 9.5153e-05 1.9504e-01 0.0000e+00
891 0.0000e+00 2.3790e-04 9.4871e-05 0.0000e+00 9.4871e-05 1.9514e-01 0.0000e+00
892 0.0000e+00 2.1500e-04 9.4590e-05 0.0000e+00 9.4590e-05 1.9523e-01 0.0000e+00
893 0.0000e+00 1.7560e-04 9.4311e-05 0.0000e+00 9.4311e-05 1.9532e-01 0.0000e+00
894 0.0000e+00 1.2410e-04 9.4033e-05 0.0000e+00 9.4033e-05 1.9542e-01 0.0000e+00
895 0.0000e+00 6.0100e-05 9.3757e-05 0.0000e+00 9.3757e-05 1.9551e-01 0.0000e+00
896 0.0000e+00 0.0000e+00 9.3483e-05 0.0000e+00 9.3483e-05 1.9561e-01 0.0000e+00
897 0.0000e+00 0.0000e+00 9.3210e-05 0.0000e+00 9.3210e-05 1.9570e-01 0.0000e+00
898 0.0000e+00 0.0000e+00 9.2939e-05 0.0000e+00 9.2939e-05 1.9579e-01 0.0000e+00
899 0.0000e+00 0.0000e+00 9.2670e-05 0.0000e+00 9.2670e-05 1.9588e-01 0.0000e+00
900 0.0000e+00 0.0000e+00 9.2402e-05 0.0000e+00 9.2402e-05 1.9598e-01 0.0000e+00
901 0.0000e+00 0.0000e+00 9.2135e-05 0.0000e+00 9.2135e-05 1.9607e-01 0.0000e+00
902 0.0000e+00 0.0000e+00 9.1870e-05 0.0000e+00 9.1870e-05 1.9616e-01 0.0000e+00
903 0.0000e+00 0.0000e+00 9.1607e-05 0.0000e+00 9.1607e-05 1.9625e-01 0.0000e+00
904 0.0000e+00 0.0000e+00 9.1345e-05 0.0000e+00 9.1345e-05 1.9634e-01 0.0000e+00
905 0.0000e+00 0.0000e+00 9.1085e-05 0.0000e+00 9.1085e-05 1.9643e-01 0.0000e+00
906 0.0000e+00 0.0000e+00 9.0826e-05 0.0000e+00 9.0826e-05 1.9653e-01 0.0000e+00
907 0.0000e+00 0.0000e+00 9.0569e-05 0.0000e+00 9.0569e-05 1.9662e-01 0.0000e+00
908 0.0000e+00 0.0000e+00 9.0313e-05 0.0000e+00 9.0313e-05 1.9671e-01 0.0000e+00
909 0.0000e+00 8.0200e-05 9.0058e-05 0.0000e+00 9.0058e-05 1.9680e-01 0.0000e+00
910 0.0000e+00 1.5480e-04 8.9805e-05 0.0000e+00 8.9805e-05 1.9689e-01 0.0000e+00
911 0.0000e+00 2.1910e-04 8.9553e-05 0.0000e+00 8.9553e-05 1.9698e-01 0.0000e+00
912 0.0000e+00 2.6830e-04 8.9303e-05 0.0000e+00 8.9303e-05 1.9707e-01 0.0000e+00
913 0.0000e+00 2.9680e-04 8.9054e-05 0.0000e+00 8.9054e-05 1.9715e-01 0.0000e+00
914 0.0000e+00 3.0990e-04 8.8807e-05 0.0000e+00 8.8807e-05 1.9724e-01 0.0000e+00
915 0.0000e+00 2.9680e-04 8.8561e-05 0.0000e+00 8.8561e-05 1.9733e-01 0.0000e+00
916 0.0000e+00 2.6830e-04 8.8316e-05 0.0000e+00 8.8316e-05 1.9742e-01 0.0000e+00
917 0.0000e+00 2.1910e-04 8.8072e-05 0.0000e+00 8.8072e-05 1.9751e-01 0.0000e+00
918 0.0000e+00 1.5480e-04 8.7830e-05 0.0000e+00 8.7830e-05 1.9760e-01 0.0000e+00
919 0.0000e+00 7.5000e-05 8.7590e-05 0.0000e+00 8.7590e-05 1.9768e-01 0.0000e+00
920 0.0000e+00 0.0000e+00 8.7350e-05 0.0000e+00 8.7350e-05 1.9777e-01 0.0000e+00
921 0.0000e+00 0.0000e+00 8.7112e-05 0.0000e+00 8.7112e-05 1.9786e-01 0.0000e+00
922 0.0000e+00 0.0000e+00 8.6875e-05 0.0000e+00 8.6875e-05 1.9794e-01 0.0000e+00
923 0.0000e+00 0.0000e+00 8.6640e-05 0.0000e+00 8.6640e-05 1.9803e-01 0.0000e+00
924 0.0000e+00 0.0000e+00 8.6405e-05 0.0000e+00 8.6405e-05 1.9812e-01 0.0000e+00
925 0.0000e+00 0.0000e+00 8.6172e-05 0.0000e+00 8.6172e-05 1.9820e-01 0.0000e+00
926 0.0000e+00 0.0000e+00 8.5941e-05 0.0000e+00 8.5941e-05 1.9829e-01 0.0000e+00
927 0.0000e+00 0.0000e+00 8.5710e-05 0.0000e+00 8.5710e-05 1.9838e-01 0.0000e+00
928 0.0000e+00 0.0000e+00 8.5481e-05 0.0000e+00 8.5481e-05 1.9846e-01 0.0000e+00
929 0.0000e+00 0.0000e+00 8.5253e-05 0.0000e+00 8.5253e-05 1.9855e-01 0.0000e+00
930 0.0000e+00 0.0000e+00 8.5026e-05 0.0000e+00 8.5026e-05 1.9863e-01 0.0000e+00
931 0.0000e+00 0.0000e+00 8.4800e-05 0.0000e+00 8.4800e-05 1.9872e-01 0.0000e+00
932 0.0000e+00 0.0000e+00 8.4576e-05 0.0000e+00 8.4576e-05 1.9880e-01 0.0000e+00
933 0.0000e+00 9.6000e-05 8.4353e-05 0.0000e+00 8.4353e-05 1.9888e-01 0.0000e+00
934 0.0000e+00 1.8520e-04 8.4131e-05 0.0000e+00 8.4131e-05 1.9897e-01 0.0000e+00
935 0.0000e+00 2.6210e-04 8.3910e-05 0.0000e+00 8.3910e-05 1.9905e-01 0.0000e+00
936 0.0000e+00 3.2090e-04 8.3690e-05 0.0000e+00 8.3690e-05 1.9914e-01 0.0000e+00
937 0.0000e+00 3.5500e-04 8.3471e-05 0.0000e+00 8.3471e-05 1.9922e-01 0.0000e+00
938 0.0000e+00 3.7070e-04 8.3254e-05 0.0000e+00 8.3254e-05 1.9930e-01 0.0000e+00
939 0.0000e+00 3.5500e-04 8.3038e-05 0.0000e+00 8.3038e-05 1.9939e-01 0.0000e+00
940 0.0000e+00 3.2090e-04 8.2823e-05 0.0000e+00 8.2823e-05 1.9947e-01 0.0000e+00
941 0.0000e+00 2.6210e-04 8.2608e-05 0.0000e+00 8.2608e-05 1.9955e-01 0.0000e+00
942 0.0000e+00 1.8520e-04 8.2395e-05 0.0000e+00 8.2395e-05 1.9963e-01 0.0000e+00
943 0.0000e+00 8.9700e-05 8.2184e-05 0.0000e+00 8.2184e-05 1.9972e-01 0.0000e+00
944 0.0000e+00 0.0000e+00 8.1973e-05 0.0000e+00 8.1973e-05 1.9980e-01 0.0000e+00
945 0.0000e+00 0.0000e+00 8.1763e-05 0.0000e+00 8.1763e-05 1.9988e-01 0.0000e+00
946 0.0000e+00 0.0000e+00 8.1554e-05 0.0000e+00 8.1554e-05 1.9996e-01 0.0000e+00
947 0.0000e+00 0.0000e+00 8.1347e-05 0.0000e+00 8.1347e-05 2.0004e-01 0.0000e+00
948 0.0000e+00 0.0000e+00 8.1140e-05 0.0000e+00 8.1140e-05 2.0012e-01 0.0000e+00
949 0.0000e+00 0.0000e+00 8.0935e-05 0.0000e+00 8.0935e-05 2.0021e-01 0.0000e+00
950 0.0000e+00 0.0000e+00 8.0730e-05 0.0000e+00 8.0730e-05 2.0029e-01 0.0000e+00
Objective function values:
F1 2.374270e-06    NSE 0.59186   F2 3.629130e-02
Mean Obs Q 1.590065e-04   Variance Obs Q 6.123405e-09
    Error Variance 2.499232e-09

Water Balance for Subcatchment: Extracted study basin: Taegu Pyungkwang River

   SUMP       SUMAE      SUMQ       SUMRZ      SUMUZ      SBAR        BAL
1.890e-01  4.463e-02  1.183e-01  1.890e-02  0.000e+00  2.003e-01  1.424e-02
