1 0.000033 0.000033
2 0.000032 0.000033
3 0.000033 0.000033
4 0.000033 0.000033
5 0.000035 0.000039
6 0.000036 0.000037
7 0.000036 0.000037
8 0.000036 0.000033
9 0.000035 0.000037
10 0.000035 0.000037
11 0.000036 0.000033
12 0.000035 0.000033
13 0.000035 0.000042
14 0.000036 0.000038
15 0.000037 0.000038
16 0.000037 0.000043
17 0.000037 0.000034
18 0.000037 0.000035
19 0.000036 0.000035
20 0.000035 0.000035
21 0.000035 0.000035
22 0.000034 0.000035
23 0.000034 0.000036
24 0.000036 0.000061
25 0.000042 0.000053
26 0.000058 0.000084
27 0.000086 0.000089
28 0.000105 0.000048
29 0.000091 0.000062
30 0.000076 0.000043
31 0.000064 0.000045
32 0.000056 0.000054
33 0.000054 0.000054
34 0.000052 0.000049
35 0.000050 0.000051
36 0.000049 0.000052
37 0.000048 0.000053
38 0.000048 0.000054
39 0.000048 0.000055
40 0.000048 0.000056
41 0.000047 0.000056
42 0.000046 0.000057
43 0.000046 0.000058
44 0.000046 0.000058
45 0.000046 0.000059
46 0.000048 0.000072
47 0.000049 0.000059
48 0.000049 0.000064
49 0.000049 0.000060
50 0.000049 0.000071
51 0.000053 0.000093
52 0.000063 0.000100
53 0.000079 0.000095
54 0.000090 0.000104
55 0.000098 0.000100
56 0.000103 0.000096
57 0.000103 0.000086
58 0.000095 0.000089
59 0.000086 0.000078
60 0.000082 0.000087
61 0.000082 0.000089
62 0.000082 0.000085
63 0.000084 0.000087
64 0.000087 0.000088
65 0.000090 0.000090
66 0.000093 0.000091
67 0.000097 0.000092
68 0.000101 0.000093
69 0.000105 0.000094
70 0.000108 0.000095
71 0.000110 0.000095
72 0.000112 0.000096
73 0.000115 0.000096
74 0.000116 0.000097
75 0.000117 0.000097
76 0.000118 0.000097
77 0.000121 0.000098
78 0.000122 0.000098
79 0.000122 0.000098
80 0.000123 0.000098
81 0.000123 0.000098
82 0.000123 0.000098
83 0.000124 0.000098
84 0.000127 0.000098
85 0.000127 0.000098
86 0.000128 0.000098
87 0.000128 0.000098
88 0.000128 0.000097
89 0.000128 0.000097
90 0.000130 0.000097
91 0.000130 0.000097
92 0.000131 0.000097
93 0.000133 0.000097
94 0.000134 0.000096
95 0.000134 0.000096
96 0.000135 0.000096
97 0.000136 0.000096
98 0.000139 0.000095
99 0.000140 0.000095
100 0.000140 0.000095
101 0.000140 0.000095
102 0.000140 0.000095
103 0.000140 0.000094
104 0.000140 0.000094
105 0.000140 0.000094
106 0.000140 0.000094
107 0.000140 0.000093
108 0.000141 0.000093
109 0.000141 0.000093
110 0.000141 0.000093
111 0.000141 0.000092
112 0.000140 0.000092
113 0.000141 0.000092
114 0.000141 0.000092
115 0.000141 0.000091
116 0.000141 0.000091
117 0.000141 0.000091
118 0.000140 0.000091
119 0.000140 0.000090
120 0.000140 0.000090
121 0.000139 0.000090
122 0.000140 0.000090
123 0.000140 0.000089
124 0.000140 0.000089
125 0.000140 0.000089
126 0.000140 0.000089
127 0.000140 0.000088
128 0.000139 0.000088
129 0.000138 0.000088
130 0.000138 0.000088
131 0.000137 0.000087
132 0.000136 0.000087
133 0.000136 0.000087
134 0.000136 0.000087
135 0.000135 0.000086
136 0.000135 0.000086
137 0.000135 0.000086
138 0.000134 0.000086
139 0.000134 0.000086
140 0.000133 0.000085
141 0.000133 0.000085
142 0.000133 0.000085
143 0.000131 0.000085
144 0.000130 0.000084
145 0.000130 0.000084
146 0.000130 0.000084
147 0.000129 0.000084
148 0.000128 0.000084
149 0.000128 0.000083
150 0.000128 0.000083
151 0.000128 0.000083
152 0.000127 0.000083
153 0.000127 0.000082
154 0.000127 0.000082
155 0.000126 0.000082
156 0.000125 0.000082
157 0.000123 0.000082
158 0.000123 0.000081
159 0.000122 0.000081
160 0.000122 0.000081
161 0.000122 0.000081
162 0.000122 0.000081
163 0.000122 0.000080
164 0.000122 0.000080
165 0.000122 0.000080
166 0.000122 0.000080
167 0.000122 0.000080
168 0.000121 0.000079
169 0.000119 0.000079
170 0.000120 0.000079
171 0.000119 0.000079
172 0.000118 0.000079
173 0.000118 0.000078
174 0.000117 0.000078
175 0.000117 0.000078
176 0.000117 0.000078
177 0.000116 0.000078
178 0.000116 0.000077
179 0.000116 0.000077
180 0.000114 0.000077
181 0.000113 0.000077
182 0.000112 0.000077
183 0.000112 0.000077
184 0.000112 0.000076
185 0.000112 0.000076
186 0.000112 0.000076
187 0.000112 0.000076
188 0.000112 0.000076
189 0.000111 0.000075
190 0.000108 0.000075
191 0.000109 0.000075
192 0.000108 0.000075
193 0.000109 0.000075
194 0.000108 0.000075
195 0.000108 0.000074
196 0.000108 0.000074
197 0.000108 0.000074
198 0.000108 0.000074
199 0.000107 0.000074
200 0.000107 0.000074
201 0.000106 0.000073
202 0.000105 0.000073
203 0.000104 0.000073
204 0.000103 0.000073
205 0.000104 0.000073
206 0.000103 0.000073
207 0.000103 0.000072
208 0.000102 0.000072
209 0.000102 0.000072
210 0.000102 0.000072
211 0.000102 0.000072
212 0.000102 0.000072
213 0.000102 0.000071
214 0.000101 0.000071
215 0.000099 0.000071
216 0.000099 0.000071
217 0.000099 0.000071
218 0.000099 0.000071
219 0.000099 0.000070
220 0.000098 0.000070
221 0.000098 0.000070
222 0.000098 0.000070
223 0.000098 0.000070
224 0.000098 0.000070
225 0.000097 0.000070
226 0.000095 0.000069
227 0.000095 0.000069
228 0.000094 0.000069
229 0.000094 0.000069
230 0.000094 0.000069
231 0.000094 0.000069
232 0.000093 0.000068
233 0.000093 0.000068
234 0.000093 0.000068
235 0.000093 0.000068
236 0.000093 0.000068
237 0.000093 0.000068
238 0.000093 0.000068
239 0.000092 0.000067
240 0.000094 0.000067
241 0.000094 0.000067
242 0.000094 0.000067
243 0.000093 0.000067
244 0.000093 0.000067
245 0.000092 0.000067
246 0.000090 0.000066
247 0.000090 0.000066
248 0.000090 0.000066
249 0.000090 0.000066
250 0.000090 0.000066
251 0.000090 0.000066
252 0.000090 0.000066
253 0.000090 0.000066
254 0.000090 0.000065
255 0.000090 0.000065
256 0.000090 0.000065
257 0.000089 0.000065
258 0.000087 0.000065
259 0.000086 0.000065
260 0.000086 0.000065
261 0.000086 0.000064
262 0.000085 0.000064
263 0.000086 0.000064
264 0.000086 0.000064
265 0.000085 0.000064
266 0.000083 0.000064
267 0.000083 0.000064
268 0.000081 0.000064
269 0.000080 0.000063
270 0.000080 0.000063
271 0.000080 0.000063
272 0.000080 0.000063
273 0.000080 0.000063
274 0.000080 0.000063
275 0.000080 0.000063
276 0.000080 0.000063
277 0.000080 0.000062
278 0.000080 0.000062
279 0.000080 0.000062
280 0.000080 0.000062
281 0.000080 0.000062
282 0.000080 0.000062
283 0.000080 0.000062
284 0.000081 0.000062
285 0.000084 0.000064
286 0.000102 0.000141
287 0.000134 0.000115
288 0.000135 0.000083
289 0.000117 0.000066
290 0.000101 0.000068
291 0.000094 0.000072
292 0.000090 0.000070
293 0.000088 0.000072
294 0.000089 0.000089
295 0.000095 0.000086
296 0.000097 0.000075
297 0.000093 0.000076
298 0.000089 0.000077
299 0.000088 0.000078
300 0.000088 0.000079
301 0.000088 0.000079
302 0.000088 0.000080
303 0.000087 0.000080
304 0.000087 0.000081
305 0.000087 0.000081
306 0.000087 0.000081
307 0.000087 0.000081
308 0.000087 0.000082
309 0.000086 0.000082
310 0.000086 0.000088
311 0.000085 0.000082
312 0.000086 0.000082
313 0.000087 0.000082
314 0.000088 0.000082
315 0.000088 0.000082
316 0.000089 0.000082
317 0.000089 0.000082
318 0.000092 0.000093
319 0.000093 0.000089
320 0.000092 0.000083
321 0.000092 0.000083
322 0.000093 0.000096
323 0.000093 0.000097
324 0.000094 0.000084
325 0.000094 0.000085
326 0.000093 0.000085
327 0.000092 0.000085
328 0.000091 0.000085
329 0.000090 0.000086
330 0.000090 0.000086
331 0.000090 0.000086
332 0.000090 0.000086
333 0.000090 0.000086
334 0.000090 0.000086
335 0.000090 0.000086
336 0.000090 0.000086
337 0.000090 0.000086
338 0.000090 0.000090
339 0.000092 0.000092
340 0.000094 0.000105
341 0.000098 0.000106
342 0.000102 0.000100
343 0.000103 0.000095
344 0.000102 0.000104
345 0.000102 0.000099
346 0.000101 0.000091
347 0.000098 0.000092
348 0.000098 0.000093
349 0.000096 0.000094
350 0.000095 0.000094
351 0.000094 0.000095
352 0.000094 0.000095
353 0.000094 0.000105
354 0.000094 0.000096
355 0.000094 0.000096
356 0.000094 0.000096
357 0.000094 0.000096
358 0.000094 0.000096
359 0.000095 0.000096
360 0.000097 0.000096
361 0.000097 0.000096
362 0.000097 0.000096
363 0.000097 0.000096
364 0.000097 0.000096
365 0.000097 0.000096
366 0.000098 0.000096
367 0.000099 0.000096
368 0.000099 0.000096
369 0.000099 0.000096
370 0.000100 0.000095
371 0.000101 0.000095
372 0.000100 0.000095
373 0.000100 0.000095
374 0.000113 0.000210
375 0.000162 0.000184
376 0.000177 0.000148
377 0.000153 0.000113
378 0.000133 0.000106
379 0.000123 0.000109
380 0.000122 0.000111
381 0.000122 0.000113
382 0.000123 0.000115
383 0.000125 0.000135
384 0.000130 0.000137
385 0.000133 0.000120
386 0.000132 0.000129
387 0.000132 0.000123
388 0.000132 0.000124
389 0.000132 0.000125
390 0.000132 0.000131
391 0.000134 0.000127
392 0.000137 0.000136
393 0.000140 0.000138
394 0.000141 0.000129
395 0.000141 0.000130
396 0.000141 0.000130
397 0.000144 0.000131
398 0.000145 0.000131
399 0.000147 0.000131
400 0.000149 0.000131
401 0.000151 0.000131
402 0.000154 0.000151
403 0.000156 0.000132
404 0.000158 0.000132
405 0.000159 0.000142
406 0.000162 0.000142
407 0.000164 0.000133
408 0.000165 0.000140
409 0.000166 0.000133
410 0.000168 0.000134
411 0.000169 0.000134
412 0.000169 0.000134
413 0.000170 0.000134
414 0.000171 0.000134
415 0.000172 0.000133
416 0.000175 0.000133
417 0.000176 0.000133
418 0.000177 0.000133
419 0.000177 0.000132
420 0.000178 0.000132
421 0.000179 0.000132
422 0.000180 0.000131
423 0.000181 0.000131
424 0.000182 0.000131
425 0.000183 0.000130
426 0.000183 0.000130
427 0.000185 0.000129
428 0.000191 0.000166
429 0.000208 0.000188
430 0.000219 0.000170
431 0.000218 0.000152
432 0.000208 0.000136
433 0.000203 0.000144
434 0.000201 0.000140
435 0.000198 0.000141
436 0.000197 0.000142
437 0.000211 0.000202
438 0.000212 0.000146
439 0.000205 0.000148
440 0.000202 0.000149
441 0.000200 0.000150
442 0.000200 0.000151
443 0.000200 0.000152
444 0.000201 0.000159
445 0.000201 0.000153
446 0.000201 0.000154
447 0.000201 0.000154
448 0.000201 0.000154
449 0.000202 0.000154
450 0.000202 0.000154
451 0.000202 0.000154
452 0.000202 0.000164
453 0.000203 0.000154
454 0.000203 0.000154
455 0.000203 0.000154
456 0.000204 0.000154
457 0.000204 0.000153
458 0.000204 0.000153
459 0.000204 0.000153
460 0.000205 0.000152
461 0.000205 0.000152
462 0.000205 0.000151
463 0.000206 0.000151
464 0.000207 0.000150
465 0.000208 0.000156
466 0.000212 0.000159
467 0.000213 0.000149
468 0.000211 0.000149
469 0.000212 0.000158
470 0.000212 0.000149
471 0.000212 0.000149
472 0.000212 0.000158
473 0.000216 0.000158
474 0.000216 0.000148
475 0.000215 0.000149
476 0.000215 0.000148
477 0.000215 0.000148
478 0.000215 0.000148
479 0.000215 0.000148
480 0.000215 0.000147
481 0.000215 0.000147
482 0.000214 0.000154
483 0.000219 0.000194
484 0.000233 0.000166
485 0.000229 0.000149
486 0.000220 0.000168
487 0.000219 0.000151
488 0.000218 0.000152
489 0.000217 0.000153
490 0.000217 0.000153
491 0.000216 0.000154
492 0.000216 0.000154
493 0.000215 0.000154
494 0.000214 0.000154
495 0.000212 0.000154
496 0.000212 0.000154
497 0.000212 0.000154
498 0.000211 0.000153
499 0.000210 0.000153
500 0.000210 0.000152
501 0.000210 0.000152
502 0.000209 0.000152
503 0.000209 0.000151
504 0.000209 0.000151
505 0.000209 0.000150
506 0.000208 0.000150
507 0.000208 0.000149
508 0.000206 0.000148
509 0.000205 0.000148
510 0.000205 0.000147
511 0.000205 0.000147
512 0.000205 0.000146
513 0.000204 0.000146
514 0.000203 0.000145
515 0.000203 0.000144
516 0.000202 0.000144
517 0.000202 0.000143
518 0.000201 0.000143
519 0.000200 0.000142
520 0.000198 0.000141
521 0.000198 0.000141
522 0.000197 0.000140
523 0.000197 0.000140
524 0.000197 0.000139
525 0.000196 0.000138
526 0.000196 0.000138
527 0.000195 0.000137
528 0.000195 0.000137
529 0.000195 0.000136
530 0.000194 0.000136
531 0.000195 0.000135
532 0.000193 0.000134
533 0.000193 0.000134
534 0.000192 0.000133
535 0.000191 0.000133
536 0.000190 0.000132
537 0.000190 0.000132
538 0.000190 0.000131
539 0.000190 0.000131
540 0.000189 0.000130
541 0.000189 0.000130
542 0.000188 0.000129
543 0.000188 0.000129
544 0.000187 0.000128
545 0.000186 0.000128
546 0.000186 0.000127
547 0.000186 0.000127
548 0.000184 0.000126
549 0.000183 0.000126
550 0.000183 0.000125
551 0.000183 0.000125
552 0.000185 0.000124
553 0.000188 0.000124
554 0.000194 0.000137
555 0.000201 0.000151
556 0.000196 0.000124
557 0.000190 0.000131
558 0.000188 0.000124
559 0.000185 0.000124
560 0.000183 0.000124
561 0.000182 0.000124
562 0.000181 0.000124
563 0.000181 0.000124
564 0.000180 0.000124
565 0.000179 0.000131
566 0.000179 0.000124
567 0.000178 0.000124
568 0.000177 0.000124
569 0.000177 0.000123
570 0.000177 0.000123
571 0.000177 0.000123
572 0.000177 0.000123
573 0.000182 0.000181
574 0.000193 0.000142
575 0.000193 0.000172
576 0.000213 0.000193
577 0.000228 0.000157
578 0.000209 0.000134
579 0.000194 0.000136
580 0.000188 0.000139
581 0.000185 0.000141
582 0.000183 0.000143
583 0.000182 0.000144
584 0.000181 0.000145
585 0.000181 0.000146
586 0.000180 0.000147
587 0.000179 0.000147
588 0.000179 0.000148
589 0.000180 0.000148
590 0.000179 0.000148
591 0.000178 0.000148
592 0.000178 0.000156
593 0.000179 0.000149
594 0.000179 0.000168
595 0.000181 0.000149
596 0.000179 0.000149
597 0.000177 0.000150
598 0.000177 0.000150
599 0.000177 0.000150
600 0.000177 0.000150
601 0.000177 0.000149
602 0.000176 0.000149
603 0.000176 0.000149
604 0.000176 0.000148
605 0.000175 0.000148
606 0.000174 0.000148
607 0.000174 0.000147
608 0.000173 0.000147
609 0.000171 0.000146
610 0.000171 0.000146
611 0.000171 0.000145
612 0.000171 0.000145
613 0.000171 0.000144
614 0.000171 0.000144
615 0.000171 0.000143
616 0.000171 0.000143
617 0.000171 0.000142
618 0.000171 0.000142
619 0.000171 0.000141
620 0.000171 0.000140
621 0.000171 0.000140
622 0.000171 0.000139
623 0.000171 0.000139
624 0.000174 0.000138
625 0.000178 0.000139
626 0.000188 0.000194
627 0.000201 0.000176
628 0.000204 0.000168
629 0.000212 0.000209
630 0.000245 0.000223
631 0.000291 0.000248
632 0.000297 0.000158
633 0.000235 0.000165
634 0.000218 0.000191
635 0.000219 0.000248
636 0.000249 0.000284
637 0.000289 0.000277
638 0.000287 0.000198
639 0.000260 0.000221
640 0.000253 0.000213
641 0.000255 0.000234
642 0.000265 0.000225
643 0.000271 0.000244
644 0.000278 0.000234
645 0.000286 0.000237
646 0.000296 0.000240
647 0.000303 0.000242
648 0.000311 0.000244
649 0.000317 0.000245
650 0.000324 0.000246
651 0.000331 0.000247
652 0.000338 0.000247
653 0.000343 0.000247
654 0.000349 0.000247
655 0.000352 0.000246
656 0.000356 0.000246
657 0.000361 0.000245
658 0.000366 0.000244
659 0.000370 0.000243
660 0.000372 0.000242
661 0.000376 0.000241
662 0.000379 0.000240
663 0.000381 0.000238
664 0.000384 0.000237
665 0.000387 0.000236
666 0.000388 0.000235
667 0.000389 0.000233
668 0.000391 0.000246
669 0.000392 0.000245
670 0.000394 0.000230
671 0.000394 0.000257
672 0.000397 0.000230
673 0.000393 0.000229
674 0.000391 0.000229
675 0.000391 0.000237
676 0.000391 0.000241
677 0.000390 0.000227
678 0.000388 0.000227
679 0.000391 0.000252
680 0.000397 0.000255
681 0.000391 0.000227
682 0.000386 0.000227
683 0.000381 0.000227
684 0.000379 0.000227
685 0.000376 0.000226
686 0.000373 0.000226
687 0.000371 0.000225
688 0.000370 0.000224
689 0.000368 0.000223
690 0.000364 0.000222
691 0.000361 0.000221
692 0.000359 0.000220
693 0.000355 0.000219
694 0.000352 0.000218
695 0.000352 0.000216
696 0.000351 0.000215
697 0.000349 0.000214
698 0.000347 0.000213
699 0.000343 0.000212
700 0.000340 0.000210
701 0.000337 0.000209
702 0.000332 0.000208
703 0.000334 0.000207
704 0.000332 0.000205
705 0.000329 0.000204
706 0.000327 0.000203
707 0.000325 0.000202
708 0.000322 0.000200
709 0.000320 0.000199
710 0.000319 0.000198
711 0.000317 0.000197
712 0.000314 0.000196
713 0.000311 0.000195
714 0.000309 0.000193
715 0.000307 0.000192
716 0.000302 0.000191
717 0.000301 0.000190
718 0.000299 0.000189
719 0.000297 0.000188
720 0.000294 0.000187
721 0.000291 0.000186
722 0.000289 0.000185
723 0.000286 0.000184
724 0.000284 0.000182
725 0.000282 0.000181
726 0.000281 0.000180
727 0.000278 0.000179
728 0.000276 0.000178
729 0.000274 0.000177
730 0.000271 0.000176
731 0.000268 0.000175
732 0.000267 0.000175
733 0.000266 0.000174
734 0.000265 0.000173
735 0.000263 0.000172
736 0.000260 0.000171
737 0.000259 0.000170
738 0.000257 0.000169
739 0.000255 0.000168
740 0.000253 0.000167
741 0.000251 0.000166
742 0.000249 0.000166
743 0.000248 0.000165
744 0.000247 0.000164
745 0.000246 0.000163
746 0.000244 0.000162
747 0.000241 0.000161
748 0.000237 0.000161
749 0.000236 0.000160
750 0.000235 0.000159
751 0.000234 0.000158
752 0.000233 0.000157
753 0.000232 0.000157
754 0.000231 0.000156
755 0.000228 0.000155
756 0.000227 0.000154
757 0.000226 0.000154
758 0.000224 0.000153
759 0.000223 0.000152
760 0.000222 0.000151
761 0.000220 0.000151
762 0.000218 0.000150
763 0.000218 0.000149
764 0.000218 0.000149
765 0.000216 0.000148
766 0.000214 0.000147
767 0.000212 0.000147
768 0.000210 0.000146
769 0.000209 0.000145
770 0.000208 0.000145
771 0.000207 0.000144
772 0.000205 0.000143
773 0.000204 0.000143
774 0.000202 0.000142
775 0.000201 0.000141
776 0.000198 0.000141
777 0.000197 0.000140
778 0.000196 0.000139
779 0.000195 0.000139
780 0.000195 0.000138
781 0.000193 0.000138
782 0.000191 0.000137
783 0.000190 0.000137
784 0.000189 0.000136
785 0.000188 0.000135
786 0.000187 0.000135
787 0.000185 0.000134
788 0.000183 0.000134
789 0.000182 0.000133
790 0.000181 0.000133
791 0.000180 0.000132
792 0.000178 0.000131
793 0.000177 0.000131
794 0.000177 0.000130
795 0.000176 0.000130
796 0.000175 0.000129
797 0.000172 0.000129
798 0.000171 0.000128
799 0.000170 0.000128
800 0.000169 0.000127
801 0.000169 0.000127
802 0.000169 0.000126
803 0.000169 0.000126
804 0.000167 0.000125
805 0.000165 0.000125
806 0.000164 0.000124
807 0.000164 0.000124
808 0.000163 0.000123
809 0.000162 0.000123
810 0.000162 0.000122
811 0.000161 0.000122
812 0.000159 0.000121
813 0.000158 0.000121
814 0.000157 0.000121
815 0.000157 0.000120
816 0.000156 0.000120
817 0.000156 0.000119
818 0.000156 0.000119
819 0.000156 0.000118
820 0.000153 0.000118
821 0.000153 0.000117
822 0.000152 0.000117
823 0.000151 0.000117
824 0.000150 0.000116
825 0.000149 0.000116
826 0.000147 0.000115
827 0.000147 0.000115
828 0.000147 0.000114
829 0.000146 0.000114
830 0.000145 0.000114
831 0.000145 0.000113
832 0.000144 0.000113
833 0.000142 0.000112
834 0.000141 0.000112
835 0.000141 0.000112
836 0.000143 0.000111
837 0.000141 0.000111
838 0.000140 0.000111
839 0.000140 0.000110
840 0.000139 0.000110
841 0.000139 0.000109
842 0.000138 0.000109
843 0.000135 0.000109
844 0.000135 0.000108
845 0.000134 0.000108
846 0.000134 0.000108
847 0.000132 0.000107
848 0.000132 0.000107
849 0.000132 0.000106
850 0.000132 0.000106
851 0.000132 0.000106
852 0.000131 0.000105
853 0.000129 0.000105
854 0.000128 0.000105
855 0.000127 0.000104
856 0.000127 0.000104
857 0.000126 0.000104
858 0.000125 0.000103
859 0.000123 0.000103
860 0.000123 0.000103
861 0.000123 0.000102
862 0.000123 0.000102
863 0.000123 0.000102
864 0.000123 0.000101
865 0.000122 0.000101
866 0.000121 0.000101
867 0.000121 0.000100
868 0.000119 0.000100
869 0.000118 0.000100
870 0.000118 0.000100
871 0.000118 0.000099
872 0.000118 0.000099
873 0.000117 0.000099
874 0.000117 0.000098
875 0.000116 0.000098
876 0.000114 0.000098
877 0.000113 0.000097
878 0.000113 0.000097
879 0.000113 0.000097
880 0.000113 0.000097
881 0.000113 0.000096
882 0.000112 0.000096
883 0.000111 0.000096
884 0.000111 0.000095
885 0.000111 0.000095
886 0.000111 0.000095
887 0.000111 0.000095
888 0.000110 0.000094
889 0.000109 0.000094
890 0.000108 0.000094
891 0.000107 0.000093
892 0.000107 0.000093
893 0.000106 0.000093
894 0.000106 0.000093
895 0.000106 0.000092
896 0.000105 0.000092
897 0.000105 0.000092
898 0.000104 0.000092
899 0.000103 0.000091
900 0.000103 0.000091
901 0.000103 0.000091
902 0.000103 0.000090
903 0.000103 0.000090
904 0.000103 0.000090
905 0.000102 0.000090
906 0.000102 0.000089
907 0.000102 0.000089
908 0.000102 0.000089
909 0.000102 0.000089
910 0.000101 0.000088
911 0.000101 0.000088
912 0.000100 0.000088
913 0.000101 0.000088
914 0.000100 0.000088
915 0.000099 0.000087
916 0.000099 0.000087
917 0.000099 0.000087
918 0.000099 0.000087
919 0.000098 0.000086
920 0.000098 0.000086
921 0.000097 0.000086
922 0.000097 0.000086
923 0.000096 0.000085
924 0.000096 0.000085
925 0.000096 0.000085
926 0.000099 0.000085
927 0.000097 0.000085
928 0.000094 0.000084
929 0.000094 0.000084
930 0.000094 0.000084
931 0.000093 0.000084
932 0.000093 0.000083
933 0.000093 0.000083
934 0.000093 0.000083
935 0.000093 0.000083
936 0.000093 0.000083
937 0.000093 0.000082
938 0.000093 0.000082
939 0.000093 0.000082
940 0.000093 0.000082
941 0.000093 0.000081
942 0.000093 0.000081
943 0.000093 0.000081
944 0.000093 0.000081
945 0.000093 0.000081
946 0.000093 0.000080
947 0.000092 0.000080
948 0.000090 0.000080
949 0.000093 0.000080
950 0.000093 0.000080
