Taegu Pyungkwang River Catchment: Calibration Data

Subcatchment : Extracted study basin: cat-10529

TL =     3.99
SUMAC =     1.00
SZQ =       2.73625
Subcatchment routing data:
Maximum Routing Delay       0.69444
Sum of Histogram ordinates:     1.0000
     1.00000 
Initial BAL             -0.36461
Initial SBAR             0.36261
Initial SR0              0.00200
it      p        ep       q(it)       quz      q       sbar       qof
1 0.0000e+00 6.1900e-05 3.2800e-05 0.0000e+00 3.2800e-05 3.6265e-01 0.0000e+00
2 0.0000e+00 6.4700e-05 3.2766e-05 0.0000e+00 3.2766e-05 3.6268e-01 0.0000e+00
3 1.0000e-03 6.1900e-05 3.2733e-05 0.0000e+00 3.2733e-05 3.6271e-01 0.0000e+00
4 1.0000e-03 5.6000e-05 3.2699e-05 0.0000e+00 3.2699e-05 3.6274e-01 0.0000e+00
5 1.0000e-03 4.5700e-05 3.3251e-05 3.6226e-05 3.2666e-05 3.6274e-01 5.8539e-07
6 5.0000e-04 3.2300e-05 3.3019e-05 5.2746e-05 3.2670e-05 3.6272e-01 3.4890e-07
7 5.0000e-04 1.5600e-05 3.3049e-05 6.8411e-05 3.2690e-05 3.6269e-01 3.5919e-07
8 0.0000e+00 0.0000e+00 3.2727e-05 6.0139e-05 3.2727e-05 3.6266e-01 0.0000e+00
9 5.0000e-04 0.0000e+00 3.3127e-05 7.6514e-05 3.2755e-05 3.6261e-01 3.7202e-07
10 5.0000e-04 0.0000e+00 3.3184e-05 9.1280e-05 3.2800e-05 3.6256e-01 3.8400e-07
11 0.0000e+00 0.0000e+00 3.2860e-05 8.0618e-05 3.2860e-05 3.6251e-01 0.0000e+00
12 0.0000e+00 0.0000e+00 3.2909e-05 7.1859e-05 3.2909e-05 3.6247e-01 0.0000e+00
13 1.0000e-03 0.0000e+00 3.3717e-05 1.1179e-04 3.2949e-05 3.6239e-01 7.6800e-07
14 5.0000e-04 0.0000e+00 3.3414e-05 1.2219e-04 3.3030e-05 3.6230e-01 3.8400e-07
15 5.0000e-04 0.0000e+00 3.3506e-05 1.3204e-04 3.3122e-05 3.6220e-01 3.8400e-07
16 1.0000e-03 0.0000e+00 3.3993e-05 1.6474e-04 3.3225e-05 3.6207e-01 7.6800e-07
17 0.0000e+00 0.0000e+00 3.3361e-05 1.4553e-04 3.3361e-05 3.6196e-01 0.0000e+00
18 0.0000e+00 0.0000e+00 3.3479e-05 1.2982e-04 3.3479e-05 3.6186e-01 0.0000e+00
19 0.0000e+00 0.0000e+00 3.3580e-05 1.1603e-04 3.3580e-05 3.6178e-01 0.0000e+00
20 0.0000e+00 0.0000e+00 3.3666e-05 1.0386e-04 3.3666e-05 3.6171e-01 0.0000e+00
21 0.0000e+00 1.8000e-05 3.3740e-05 9.3067e-05 3.3740e-05 3.6165e-01 0.0000e+00
22 0.0000e+00 3.4800e-05 3.3803e-05 8.3476e-05 3.3803e-05 3.6160e-01 0.0000e+00
23 0.0000e+00 4.9200e-05 3.3855e-05 7.4936e-05 3.3855e-05 3.6156e-01 0.0000e+00
24 3.0000e-03 6.0200e-05 3.6609e-05 2.0538e-04 3.3899e-05 3.6139e-01 2.7104e-06
25 2.0000e-03 6.6600e-05 3.5701e-05 2.7248e-04 3.4081e-05 3.6115e-01 1.6205e-06
26 5.5000e-03 6.9600e-05 4.0372e-05 4.9859e-04 3.4336e-05 3.6068e-01 6.0362e-06
27 6.0000e-03 6.6600e-05 4.1722e-05 7.2111e-04 3.4838e-05 3.6000e-01 6.8847e-06
28 1.0000e-03 6.0200e-05 3.6687e-05 6.8116e-04 3.5593e-05 3.5935e-01 1.0947e-06
29 2.5000e-03 4.9200e-05 3.9317e-05 7.2286e-04 3.6318e-05 3.5867e-01 2.9985e-06
30 0.0000e+00 3.4800e-05 3.7106e-05 6.4251e-04 3.7106e-05 3.5806e-01 0.0000e+00
31 0.0000e+00 1.6800e-05 3.7814e-05 5.7345e-04 3.7814e-05 3.5753e-01 0.0000e+00
32 1.0000e-03 0.0000e+00 3.9558e-05 5.5610e-04 3.8453e-05 3.5701e-01 1.1052e-06
33 5.0000e-04 0.0000e+00 3.9694e-05 5.2057e-04 3.9080e-05 3.5653e-01 6.1450e-07
34 0.0000e+00 0.0000e+00 3.9672e-05 4.6489e-04 3.9672e-05 3.5610e-01 0.0000e+00
35 0.0000e+00 0.0000e+00 4.0203e-05 4.1588e-04 4.0203e-05 3.5573e-01 0.0000e+00
36 0.0000e+00 0.0000e+00 4.0678e-05 3.7231e-04 4.0678e-05 3.5539e-01 0.0000e+00
37 0.0000e+00 0.0000e+00 4.1101e-05 3.3351e-04 4.1101e-05 3.5510e-01 0.0000e+00
38 0.0000e+00 0.0000e+00 4.1479e-05 2.9890e-04 4.1479e-05 3.5484e-01 0.0000e+00
39 0.0000e+00 0.0000e+00 4.1814e-05 2.6802e-04 4.1814e-05 3.5462e-01 0.0000e+00
40 0.0000e+00 0.0000e+00 4.2110e-05 2.4044e-04 4.2110e-05 3.5442e-01 0.0000e+00
41 0.0000e+00 0.0000e+00 4.2372e-05 2.1579e-04 4.2372e-05 3.5425e-01 0.0000e+00
42 0.0000e+00 0.0000e+00 4.2602e-05 1.9375e-04 4.2602e-05 3.5409e-01 0.0000e+00
43 0.0000e+00 0.0000e+00 4.2804e-05 1.7404e-04 4.2804e-05 3.5396e-01 0.0000e+00
44 0.0000e+00 0.0000e+00 4.2980e-05 1.5640e-04 4.2980e-05 3.5385e-01 0.0000e+00
45 0.0000e+00 3.3800e-05 4.3133e-05 1.4060e-04 4.3133e-05 3.5375e-01 0.0000e+00
46 1.0000e-03 6.5200e-05 4.4452e-05 1.7448e-04 4.3264e-05 3.5362e-01 1.1875e-06
47 0.0000e+00 9.2300e-05 4.3442e-05 1.5499e-04 4.3442e-05 3.5351e-01 0.0000e+00
48 5.0000e-04 1.1300e-04 4.4015e-05 1.5574e-04 4.3594e-05 3.5340e-01 4.2108e-07
49 0.0000e+00 1.2500e-04 4.3747e-05 1.3893e-04 4.3747e-05 3.5330e-01 0.0000e+00
50 1.0000e-03 1.3050e-04 4.4814e-05 1.6239e-04 4.3877e-05 3.5318e-01 9.3685e-07
51 2.5000e-03 1.2500e-04 4.6952e-05 2.6229e-04 4.4040e-05 3.5297e-01 2.9121e-06
52 3.0000e-03 1.1300e-04 4.7875e-05 3.7373e-04 4.4341e-05 3.5264e-01 3.5334e-06
53 2.5000e-03 9.2300e-05 4.7734e-05 4.4722e-04 4.4800e-05 3.5223e-01 2.9336e-06
54 3.0000e-03 6.5200e-05 4.8940e-05 5.3925e-04 4.5367e-05 3.5174e-01 3.5736e-06
55 2.5000e-03 3.1600e-05 4.9065e-05 5.9689e-04 4.6073e-05 3.5119e-01 2.9924e-06
56 2.0000e-03 0.0000e+00 4.9292e-05 6.2552e-04 4.6872e-05 3.5061e-01 2.4192e-06
57 1.0000e-03 0.0000e+00 4.8957e-05 6.0296e-04 4.7728e-05 3.5006e-01 1.2290e-06
58 1.0000e-03 0.0000e+00 4.9792e-05 5.8477e-04 4.8563e-05 3.4952e-01 1.2290e-06
59 0.0000e+00 0.0000e+00 4.9384e-05 5.1802e-04 4.9384e-05 3.4905e-01 0.0000e+00
60 5.0000e-04 0.0000e+00 5.0727e-05 4.8622e-04 5.0112e-05 3.4861e-01 6.1450e-07
61 5.0000e-04 0.0000e+00 5.1414e-05 4.5755e-04 5.0800e-05 3.4821e-01 6.1450e-07
62 0.0000e+00 0.0000e+00 5.1450e-05 4.0641e-04 5.1450e-05 3.4785e-01 0.0000e+00
63 0.0000e+00 0.0000e+00 5.2024e-05 3.6191e-04 5.2024e-05 3.4754e-01 0.0000e+00
64 0.0000e+00 0.0000e+00 5.2530e-05 3.2256e-04 5.2530e-05 3.4727e-01 0.0000e+00
65 0.0000e+00 0.0000e+00 5.2975e-05 2.8771e-04 5.2975e-05 3.4704e-01 0.0000e+00
66 0.0000e+00 0.0000e+00 5.3365e-05 2.5680e-04 5.3365e-05 3.4683e-01 0.0000e+00
67 0.0000e+00 0.0000e+00 5.3705e-05 2.2934e-04 5.3705e-05 3.4666e-01 0.0000e+00
68 0.0000e+00 0.0000e+00 5.4001e-05 2.0494e-04 5.4001e-05 3.4651e-01 0.0000e+00
69 0.0000e+00 4.1400e-05 5.4256e-05 1.8324e-04 5.4256e-05 3.4638e-01 0.0000e+00
70 0.0000e+00 7.9800e-05 5.4475e-05 1.6392e-04 5.4475e-05 3.4627e-01 0.0000e+00
71 0.0000e+00 1.1290e-04 5.4662e-05 1.4671e-04 5.4662e-05 3.4618e-01 0.0000e+00
72 0.0000e+00 1.3830e-04 5.4819e-05 1.3138e-04 5.4819e-05 3.4610e-01 0.0000e+00
73 0.0000e+00 1.5300e-04 5.4951e-05 1.1771e-04 5.4951e-05 3.4604e-01 0.0000e+00
74 0.0000e+00 1.5980e-04 5.5059e-05 1.0551e-04 5.5059e-05 3.4599e-01 0.0000e+00
75 0.0000e+00 1.5300e-04 5.5146e-05 9.4625e-05 5.5146e-05 3.4595e-01 0.0000e+00
76 0.0000e+00 1.3830e-04 5.5214e-05 8.4902e-05 5.5214e-05 3.4592e-01 0.0000e+00
77 0.0000e+00 1.1290e-04 5.5265e-05 7.6213e-05 5.5265e-05 3.4590e-01 0.0000e+00
78 0.0000e+00 7.9800e-05 5.5301e-05 6.8446e-05 5.5301e-05 3.4588e-01 0.0000e+00
79 0.0000e+00 3.8700e-05 5.5324e-05 6.1498e-05 5.5324e-05 3.4588e-01 0.0000e+00
80 0.0000e+00 0.0000e+00 5.5334e-05 5.5281e-05 5.5334e-05 3.4588e-01 0.0000e+00
81 0.0000e+00 0.0000e+00 5.5334e-05 4.9714e-05 5.5334e-05 3.4588e-01 0.0000e+00
82 0.0000e+00 0.0000e+00 5.5325e-05 4.4727e-05 5.5325e-05 3.4589e-01 0.0000e+00
83 0.0000e+00 0.0000e+00 5.5306e-05 4.0258e-05 5.5306e-05 3.4591e-01 0.0000e+00
84 0.0000e+00 0.0000e+00 5.5280e-05 3.6251e-05 5.5280e-05 3.4593e-01 0.0000e+00
85 0.0000e+00 0.0000e+00 5.5247e-05 3.2657e-05 5.5247e-05 3.4595e-01 0.0000e+00
86 0.0000e+00 0.0000e+00 5.5208e-05 2.9431e-05 5.5208e-05 3.4598e-01 0.0000e+00
87 0.0000e+00 0.0000e+00 5.5164e-05 2.6535e-05 5.5164e-05 3.4601e-01 0.0000e+00
88 0.0000e+00 0.0000e+00 5.5115e-05 2.3933e-05 5.5115e-05 3.4604e-01 0.0000e+00
89 0.0000e+00 0.0000e+00 5.5061e-05 2.1595e-05 5.5061e-05 3.4607e-01 0.0000e+00
90 0.0000e+00 0.0000e+00 5.5003e-05 1.9493e-05 5.5003e-05 3.4611e-01 0.0000e+00
91 0.0000e+00 0.0000e+00 5.4942e-05 1.7602e-05 5.4942e-05 3.4614e-01 0.0000e+00
92 0.0000e+00 0.0000e+00 5.4878e-05 1.5901e-05 5.4878e-05 3.4618e-01 0.0000e+00
93 0.0000e+00 1.9100e-05 5.4812e-05 1.4370e-05 5.4812e-05 3.4622e-01 0.0000e+00
94 0.0000e+00 3.6800e-05 5.4742e-05 1.2991e-05 5.4742e-05 3.4626e-01 0.0000e+00
95 0.0000e+00 5.2100e-05 5.4671e-05 1.1748e-05 5.4671e-05 3.4631e-01 0.0000e+00
96 0.0000e+00 6.3800e-05 5.4598e-05 1.0628e-05 5.4598e-05 3.4635e-01 0.0000e+00
97 5.0000e-04 7.0600e-05 5.4523e-05 9.6185e-06 5.4523e-05 3.4640e-01 0.0000e+00
98 5.0000e-04 7.3700e-05 5.4446e-05 8.7078e-06 5.4446e-05 3.4644e-01 0.0000e+00
99 0.0000e+00 7.0600e-05 5.4368e-05 7.8861e-06 5.4368e-05 3.4649e-01 0.0000e+00
100 0.0000e+00 6.3800e-05 5.4290e-05 7.1443e-06 5.4290e-05 3.4654e-01 0.0000e+00
101 0.0000e+00 5.2100e-05 5.4210e-05 6.4744e-06 5.4210e-05 3.4658e-01 0.0000e+00
102 0.0000e+00 3.6800e-05 5.4129e-05 5.8693e-06 5.4129e-05 3.4663e-01 0.0000e+00
103 0.0000e+00 1.7800e-05 5.4047e-05 5.3225e-06 5.4047e-05 3.4668e-01 0.0000e+00
104 0.0000e+00 0.0000e+00 5.3965e-05 4.8281e-06 5.3965e-05 3.4673e-01 0.0000e+00
105 0.0000e+00 0.0000e+00 5.3882e-05 4.3810e-06 5.3882e-05 3.4678e-01 0.0000e+00
106 0.0000e+00 0.0000e+00 5.3799e-05 3.9767e-06 5.3799e-05 3.4683e-01 0.0000e+00
107 0.0000e+00 0.0000e+00 5.3715e-05 3.6107e-06 5.3715e-05 3.4688e-01 0.0000e+00
108 0.0000e+00 0.0000e+00 5.3631e-05 3.2795e-06 5.3631e-05 3.4693e-01 0.0000e+00
109 0.0000e+00 0.0000e+00 5.3547e-05 2.9795e-06 5.3547e-05 3.4698e-01 0.0000e+00
110 0.0000e+00 0.0000e+00 5.3462e-05 2.7077e-06 5.3462e-05 3.4703e-01 0.0000e+00
111 5.0000e-04 0.0000e+00 5.3378e-05 2.4615e-06 5.3378e-05 3.4708e-01 0.0000e+00
112 0.0000e+00 0.0000e+00 5.3293e-05 2.2383e-06 5.3293e-05 3.4713e-01 0.0000e+00
113 0.0000e+00 0.0000e+00 5.3208e-05 2.0358e-06 5.3208e-05 3.4718e-01 0.0000e+00
114 0.0000e+00 0.0000e+00 5.3123e-05 1.8523e-06 5.3123e-05 3.4724e-01 0.0000e+00
115 0.0000e+00 0.0000e+00 5.3038e-05 1.6857e-06 5.3038e-05 3.4729e-01 0.0000e+00
116 0.0000e+00 0.0000e+00 5.2953e-05 1.5346e-06 5.2953e-05 3.4734e-01 0.0000e+00
117 0.0000e+00 1.0200e-05 5.2868e-05 1.3974e-06 5.2868e-05 3.4739e-01 0.0000e+00
118 0.0000e+00 1.9800e-05 5.2783e-05 1.2728e-06 5.2783e-05 3.4744e-01 0.0000e+00
119 0.0000e+00 2.8000e-05 5.2698e-05 1.1596e-06 5.2698e-05 3.4749e-01 0.0000e+00
120 0.0000e+00 3.4200e-05 5.2613e-05 1.0568e-06 5.2613e-05 3.4754e-01 0.0000e+00
121 0.0000e+00 3.7900e-05 5.2528e-05 9.6330e-07 5.2528e-05 3.4760e-01 0.0000e+00
122 0.0000e+00 3.9500e-05 5.2444e-05 8.7814e-07 5.2444e-05 3.4765e-01 0.0000e+00
123 0.0000e+00 3.7900e-05 5.2359e-05 8.0089e-07 5.2359e-05 3.4770e-01 0.0000e+00
124 0.0000e+00 3.4200e-05 5.2275e-05 7.3061e-07 5.2275e-05 3.4775e-01 0.0000e+00
125 0.0000e+00 2.8000e-05 5.2191e-05 6.6666e-07 5.2191e-05 3.4780e-01 0.0000e+00
126 0.0000e+00 1.9800e-05 5.2107e-05 6.0845e-07 5.2107e-05 3.4785e-01 0.0000e+00
127 0.0000e+00 9.6000e-06 5.2023e-05 5.5546e-07 5.2023e-05 3.4790e-01 0.0000e+00
128 0.0000e+00 0.0000e+00 5.1939e-05 5.0721e-07 5.1939e-05 3.4796e-01 0.0000e+00
129 0.0000e+00 0.0000e+00 5.1856e-05 4.6325e-07 5.1856e-05 3.4801e-01 0.0000e+00
130 0.0000e+00 0.0000e+00 5.1773e-05 4.2320e-07 5.1773e-05 3.4806e-01 0.0000e+00
131 0.0000e+00 0.0000e+00 5.1690e-05 3.8643e-07 5.1690e-05 3.4811e-01 0.0000e+00
132 0.0000e+00 0.0000e+00 5.1607e-05 3.5320e-07 5.1607e-05 3.4816e-01 0.0000e+00
133 0.0000e+00 0.0000e+00 5.1524e-05 3.2290e-07 5.1524e-05 3.4821e-01 0.0000e+00
134 0.0000e+00 0.0000e+00 5.1442e-05 2.9526e-07 5.1442e-05 3.4826e-01 0.0000e+00
135 0.0000e+00 0.0000e+00 5.1360e-05 2.7004e-07 5.1360e-05 3.4831e-01 0.0000e+00
136 0.0000e+00 0.0000e+00 5.1278e-05 2.4703e-07 5.1278e-05 3.4837e-01 0.0000e+00
137 0.0000e+00 0.0000e+00 5.1196e-05 2.2603e-07 5.1196e-05 3.4842e-01 0.0000e+00
138 0.0000e+00 0.0000e+00 5.1115e-05 2.0686e-07 5.1115e-05 3.4847e-01 0.0000e+00
139 0.0000e+00 0.0000e+00 5.1034e-05 1.8935e-07 5.1034e-05 3.4852e-01 0.0000e+00
140 0.0000e+00 0.0000e+00 5.0952e-05 1.7294e-07 5.0952e-05 3.4857e-01 0.0000e+00
141 5.0000e-04 4.1400e-05 5.0872e-05 1.5838e-07 5.0872e-05 3.4862e-01 0.0000e+00
142 0.0000e+00 7.9900e-05 5.0791e-05 1.4508e-07 5.0791e-05 3.4867e-01 0.0000e+00
143 0.0000e+00 1.1300e-04 5.0711e-05 1.3292e-07 5.0711e-05 3.4872e-01 0.0000e+00
144 0.0000e+00 1.3840e-04 5.0631e-05 1.2181e-07 5.0631e-05 3.4877e-01 0.0000e+00
145 0.0000e+00 1.5310e-04 5.0551e-05 1.1164e-07 5.0551e-05 3.4882e-01 0.0000e+00
146 0.0000e+00 1.5990e-04 5.0471e-05 1.0234e-07 5.0471e-05 3.4887e-01 0.0000e+00
147 0.0000e+00 1.5310e-04 5.0392e-05 9.3837e-08 5.0392e-05 3.4892e-01 0.0000e+00
148 0.0000e+00 1.3840e-04 5.0313e-05 8.6053e-08 5.0313e-05 3.4897e-01 0.0000e+00
149 0.0000e+00 1.1300e-04 5.0234e-05 7.8351e-08 5.0234e-05 3.4902e-01 0.0000e+00
150 0.0000e+00 7.9900e-05 5.0155e-05 7.1899e-08 5.0155e-05 3.4907e-01 0.0000e+00
151 0.0000e+00 3.8700e-05 5.0077e-05 6.5990e-08 5.0077e-05 3.4912e-01 0.0000e+00
152 0.0000e+00 0.0000e+00 4.9999e-05 6.0576e-08 4.9999e-05 3.4917e-01 0.0000e+00
153 0.0000e+00 0.0000e+00 4.9921e-05 5.5615e-08 4.9921e-05 3.4922e-01 0.0000e+00
154 0.0000e+00 0.0000e+00 4.9843e-05 5.1068e-08 4.9843e-05 3.4927e-01 0.0000e+00
155 0.0000e+00 0.0000e+00 4.9765e-05 4.6901e-08 4.9765e-05 3.4932e-01 0.0000e+00
156 0.0000e+00 0.0000e+00 4.9688e-05 4.3081e-08 4.9688e-05 3.4937e-01 0.0000e+00
157 0.0000e+00 0.0000e+00 4.9611e-05 3.9577e-08 4.9611e-05 3.4942e-01 0.0000e+00
158 0.0000e+00 0.0000e+00 4.9534e-05 3.5685e-08 4.9534e-05 3.4947e-01 0.0000e+00
159 0.0000e+00 0.0000e+00 4.9458e-05 3.2814e-08 4.9458e-05 3.4952e-01 0.0000e+00
160 0.0000e+00 0.0000e+00 4.9381e-05 3.0178e-08 4.9381e-05 3.4957e-01 0.0000e+00
161 0.0000e+00 0.0000e+00 4.9305e-05 2.7757e-08 4.9305e-05 3.4962e-01 0.0000e+00
162 0.0000e+00 0.0000e+00 4.9229e-05 2.5534e-08 4.9229e-05 3.4967e-01 0.0000e+00
163 0.0000e+00 0.0000e+00 4.9154e-05 2.3492e-08 4.9154e-05 3.4972e-01 0.0000e+00
164 0.0000e+00 0.0000e+00 4.9078e-05 2.1616e-08 4.9078e-05 3.4977e-01 0.0000e+00
165 0.0000e+00 1.7800e-05 4.9003e-05 1.9892e-08 4.9003e-05 3.4982e-01 0.0000e+00
166 0.0000e+00 3.4400e-05 4.8928e-05 1.8309e-08 4.8928e-05 3.4986e-01 0.0000e+00
167 0.0000e+00 4.8600e-05 4.8853e-05 1.6150e-08 4.8853e-05 3.4991e-01 0.0000e+00
168 0.0000e+00 5.9500e-05 4.8779e-05 1.4884e-08 4.8779e-05 3.4996e-01 0.0000e+00
169 0.0000e+00 6.5900e-05 4.8705e-05 1.3719e-08 4.8705e-05 3.5001e-01 0.0000e+00
170 0.0000e+00 6.8800e-05 4.8631e-05 1.2646e-08 4.8631e-05 3.5006e-01 0.0000e+00
171 0.0000e+00 6.5900e-05 4.8557e-05 1.1658e-08 4.8557e-05 3.5011e-01 0.0000e+00
172 0.0000e+00 5.9500e-05 4.8483e-05 1.0749e-08 4.8483e-05 3.5016e-01 0.0000e+00
173 0.0000e+00 4.8600e-05 4.8410e-05 9.9114e-09 4.8410e-05 3.5021e-01 0.0000e+00
174 0.0000e+00 3.4400e-05 4.8337e-05 9.1400e-09 4.8337e-05 3.5025e-01 0.0000e+00
175 0.0000e+00 1.6600e-05 4.8264e-05 8.4296e-09 4.8264e-05 3.5030e-01 0.0000e+00
176 0.0000e+00 0.0000e+00 4.8191e-05 7.2309e-09 4.8191e-05 3.5035e-01 0.0000e+00
177 0.0000e+00 0.0000e+00 4.8118e-05 6.6796e-09 4.8118e-05 3.5040e-01 0.0000e+00
178 0.0000e+00 0.0000e+00 4.8046e-05 6.1709e-09 4.8046e-05 3.5045e-01 0.0000e+00
179 0.0000e+00 0.0000e+00 4.7974e-05 5.7013e-09 4.7974e-05 3.5049e-01 0.0000e+00
180 0.0000e+00 0.0000e+00 4.7902e-05 5.2678e-09 4.7902e-05 3.5054e-01 0.0000e+00
181 0.0000e+00 0.0000e+00 4.7831e-05 4.8677e-09 4.7831e-05 3.5059e-01 0.0000e+00
182 0.0000e+00 0.0000e+00 4.7759e-05 4.4983e-09 4.7759e-05 3.5064e-01 0.0000e+00
183 0.0000e+00 0.0000e+00 4.7688e-05 4.1572e-09 4.7688e-05 3.5069e-01 0.0000e+00
184 0.0000e+00 0.0000e+00 4.7617e-05 3.8423e-09 4.7617e-05 3.5073e-01 0.0000e+00
185 0.0000e+00 0.0000e+00 4.7546e-05 3.5515e-09 4.7546e-05 3.5078e-01 0.0000e+00
186 0.0000e+00 0.0000e+00 4.7476e-05 2.9710e-09 4.7476e-05 3.5083e-01 0.0000e+00
187 0.0000e+00 0.0000e+00 4.7405e-05 2.7506e-09 4.7405e-05 3.5088e-01 0.0000e+00
188 0.0000e+00 0.0000e+00 4.7335e-05 2.5467e-09 4.7335e-05 3.5092e-01 0.0000e+00
189 0.0000e+00 4.5600e-05 4.7265e-05 2.3581e-09 4.7265e-05 3.5097e-01 0.0000e+00
190 5.0000e-04 8.7900e-05 4.7195e-05 2.1835e-09 4.7195e-05 3.5102e-01 0.0000e+00
191 0.0000e+00 1.2440e-04 4.7126e-05 2.0220e-09 4.7126e-05 3.5106e-01 0.0000e+00
192 0.0000e+00 1.5230e-04 4.7056e-05 1.8725e-09 4.7056e-05 3.5111e-01 0.0000e+00
193 0.0000e+00 1.6850e-04 4.6987e-05 1.7342e-09 4.6987e-05 3.5116e-01 0.0000e+00
194 0.0000e+00 1.7590e-04 4.6918e-05 1.6062e-09 4.6918e-05 3.5121e-01 0.0000e+00
195 0.0000e+00 1.6850e-04 4.6850e-05 1.2616e-09 4.6850e-05 3.5125e-01 0.0000e+00
196 0.0000e+00 1.5230e-04 4.6781e-05 1.1707e-09 4.6781e-05 3.5130e-01 0.0000e+00
197 0.0000e+00 1.2440e-04 4.6713e-05 1.0864e-09 4.6713e-05 3.5135e-01 0.0000e+00
198 0.0000e+00 8.7900e-05 4.6645e-05 1.0082e-09 4.6645e-05 3.5139e-01 0.0000e+00
199 0.0000e+00 4.2600e-05 4.6577e-05 9.3570e-10 4.6577e-05 3.5144e-01 0.0000e+00
200 0.0000e+00 0.0000e+00 4.6509e-05 8.6842e-10 4.6509e-05 3.5149e-01 0.0000e+00
201 0.0000e+00 0.0000e+00 4.6441e-05 8.0601e-10 4.6441e-05 3.5153e-01 0.0000e+00
202 0.0000e+00 0.0000e+00 4.6374e-05 7.4811e-10 4.6374e-05 3.5158e-01 0.0000e+00
203 0.0000e+00 0.0000e+00 4.6307e-05 6.9440e-10 4.6307e-05 3.5162e-01 0.0000e+00
204 0.0000e+00 0.0000e+00 4.6240e-05 4.9249e-10 4.6240e-05 3.5167e-01 0.0000e+00
205 0.0000e+00 0.0000e+00 4.6173e-05 4.5815e-10 4.6173e-05 3.5172e-01 0.0000e+00
206 0.0000e+00 0.0000e+00 4.6107e-05 4.2621e-10 4.6107e-05 3.5176e-01 0.0000e+00
207 0.0000e+00 0.0000e+00 4.6040e-05 3.9651e-10 4.6040e-05 3.5181e-01 0.0000e+00
208 0.0000e+00 0.0000e+00 4.5974e-05 3.6889e-10 4.5974e-05 3.5185e-01 0.0000e+00
209 0.0000e+00 0.0000e+00 4.5908e-05 3.4320e-10 4.5908e-05 3.5190e-01 0.0000e+00
210 0.0000e+00 0.0000e+00 4.5842e-05 3.1931e-10 4.5842e-05 3.5195e-01 0.0000e+00
211 0.0000e+00 0.0000e+00 4.5777e-05 2.9709e-10 4.5777e-05 3.5199e-01 0.0000e+00
212 0.0000e+00 0.0000e+00 4.5711e-05 2.7643e-10 4.5711e-05 3.5204e-01 0.0000e+00
213 0.0000e+00 4.9000e-05 4.5646e-05 2.5720e-10 4.5646e-05 3.5208e-01 0.0000e+00
214 0.0000e+00 9.4600e-05 4.5581e-05 1.6394e-10 4.5581e-05 3.5213e-01 0.0000e+00
215 0.0000e+00 1.3380e-04 4.5516e-05 1.5287e-10 4.5516e-05 3.5217e-01 0.0000e+00
216 0.0000e+00 1.6380e-04 4.5451e-05 1.4255e-10 4.5451e-05 3.5222e-01 0.0000e+00
217 0.0000e+00 1.8130e-04 4.5387e-05 1.3293e-10 4.5387e-05 3.5227e-01 0.0000e+00
218 0.0000e+00 1.8920e-04 4.5322e-05 1.2397e-10 4.5322e-05 3.5231e-01 0.0000e+00
219 0.0000e+00 1.8130e-04 4.5258e-05 1.1561e-10 4.5258e-05 3.5236e-01 0.0000e+00
220 0.0000e+00 1.6380e-04 4.5194e-05 1.0781e-10 4.5194e-05 3.5240e-01 0.0000e+00
221 0.0000e+00 1.3380e-04 4.5130e-05 1.0055e-10 4.5130e-05 3.5245e-01 0.0000e+00
222 0.0000e+00 9.4600e-05 4.5067e-05 9.3770e-11 4.5067e-05 3.5249e-01 0.0000e+00
223 0.0000e+00 4.5800e-05 4.5003e-05 4.9554e-11 4.5003e-05 3.5254e-01 0.0000e+00
224 0.0000e+00 0.0000e+00 4.4940e-05 4.6313e-11 4.4940e-05 3.5258e-01 0.0000e+00
225 0.0000e+00 0.0000e+00 4.4877e-05 4.3284e-11 4.4877e-05 3.5263e-01 0.0000e+00
226 0.0000e+00 0.0000e+00 4.4814e-05 4.0454e-11 4.4814e-05 3.5267e-01 0.0000e+00
227 0.0000e+00 0.0000e+00 4.4752e-05 3.7810e-11 4.4752e-05 3.5272e-01 0.0000e+00
228 0.0000e+00 0.0000e+00 4.4689e-05 3.5338e-11 4.4689e-05 3.5276e-01 0.0000e+00
229 0.0000e+00 0.0000e+00 4.4627e-05 3.3029e-11 4.4627e-05 3.5281e-01 0.0000e+00
230 0.0000e+00 0.0000e+00 4.4564e-05 3.0871e-11 4.4564e-05 3.5285e-01 0.0000e+00
231 0.0000e+00 0.0000e+00 4.4502e-05 2.8855e-11 4.4502e-05 3.5289e-01 0.0000e+00
232 0.0000e+00 0.0000e+00 4.4441e-05 2.6970e-11 4.4441e-05 3.5294e-01 0.0000e+00
233 0.0000e+00 0.0000e+00 4.4379e-05 9.0029e-12 4.4379e-05 3.5298e-01 0.0000e+00
234 0.0000e+00 0.0000e+00 4.4317e-05 8.4330e-12 4.4317e-05 3.5303e-01 0.0000e+00
235 0.0000e+00 0.0000e+00 4.4256e-05 7.8992e-12 4.4256e-05 3.5307e-01 0.0000e+00
236 0.0000e+00 0.0000e+00 4.4195e-05 7.3993e-12 4.4195e-05 3.5312e-01 0.0000e+00
237 0.0000e+00 5.1700e-05 4.4134e-05 6.9311e-12 4.4134e-05 3.5316e-01 0.0000e+00
238 0.0000e+00 9.9800e-05 4.4073e-05 6.4926e-12 4.4073e-05 3.5320e-01 0.0000e+00
239 0.0000e+00 1.4120e-04 4.4012e-05 6.0819e-12 4.4012e-05 3.5325e-01 0.0000e+00
240 0.0000e+00 1.7290e-04 4.3952e-05 5.6972e-12 4.3952e-05 3.5329e-01 0.0000e+00
241 5.0000e-04 1.9130e-04 4.3892e-05 5.3369e-12 4.3892e-05 3.5334e-01 0.0000e+00
242 1.0000e-03 1.9970e-04 4.3831e-05 0.0000e+00 4.3831e-05 3.5338e-01 0.0000e+00
243 0.0000e+00 1.9130e-04 4.3771e-05 0.0000e+00 4.3771e-05 3.5342e-01 0.0000e+00
244 0.0000e+00 1.7290e-04 4.3712e-05 0.0000e+00 4.3712e-05 3.5347e-01 0.0000e+00
245 0.0000e+00 1.4120e-04 4.3652e-05 0.0000e+00 4.3652e-05 3.5351e-01 0.0000e+00
246 0.0000e+00 9.9800e-05 4.3592e-05 0.0000e+00 4.3592e-05 3.5355e-01 0.0000e+00
247 0.0000e+00 4.8300e-05 4.3533e-05 0.0000e+00 4.3533e-05 3.5360e-01 0.0000e+00
248 0.0000e+00 0.0000e+00 4.3474e-05 0.0000e+00 4.3474e-05 3.5364e-01 0.0000e+00
249 0.0000e+00 0.0000e+00 4.3415e-05 0.0000e+00 4.3415e-05 3.5368e-01 0.0000e+00
250 0.0000e+00 0.0000e+00 4.3356e-05 0.0000e+00 4.3356e-05 3.5373e-01 0.0000e+00
251 0.0000e+00 0.0000e+00 4.3297e-05 0.0000e+00 4.3297e-05 3.5377e-01 0.0000e+00
252 0.0000e+00 0.0000e+00 4.3239e-05 0.0000e+00 4.3239e-05 3.5381e-01 0.0000e+00
253 1.0000e-03 0.0000e+00 4.3180e-05 0.0000e+00 4.3180e-05 3.5386e-01 0.0000e+00
254 0.0000e+00 0.0000e+00 4.3122e-05 0.0000e+00 4.3122e-05 3.5390e-01 0.0000e+00
255 0.0000e+00 0.0000e+00 4.3064e-05 0.0000e+00 4.3064e-05 3.5394e-01 0.0000e+00
256 0.0000e+00 0.0000e+00 4.3006e-05 0.0000e+00 4.3006e-05 3.5399e-01 0.0000e+00
257 0.0000e+00 0.0000e+00 4.2948e-05 0.0000e+00 4.2948e-05 3.5403e-01 0.0000e+00
258 0.0000e+00 0.0000e+00 4.2891e-05 0.0000e+00 4.2891e-05 3.5407e-01 0.0000e+00
259 0.0000e+00 0.0000e+00 4.2833e-05 0.0000e+00 4.2833e-05 3.5412e-01 0.0000e+00
260 0.0000e+00 0.0000e+00 4.2776e-05 0.0000e+00 4.2776e-05 3.5416e-01 0.0000e+00
261 0.0000e+00 7.5200e-05 4.2719e-05 0.0000e+00 4.2719e-05 3.5420e-01 0.0000e+00
262 1.0000e-03 1.4510e-04 4.2662e-05 0.0000e+00 4.2662e-05 3.5424e-01 0.0000e+00
263 0.0000e+00 2.0520e-04 4.2605e-05 0.0000e+00 4.2605e-05 3.5429e-01 0.0000e+00
264 0.0000e+00 2.5130e-04 4.2548e-05 0.0000e+00 4.2548e-05 3.5433e-01 0.0000e+00
265 0.0000e+00 2.7800e-04 4.2492e-05 0.0000e+00 4.2492e-05 3.5437e-01 0.0000e+00
266 0.0000e+00 2.9030e-04 4.2435e-05 0.0000e+00 4.2435e-05 3.5441e-01 0.0000e+00
267 0.0000e+00 2.7800e-04 4.2379e-05 0.0000e+00 4.2379e-05 3.5446e-01 0.0000e+00
268 0.0000e+00 2.5130e-04 4.2323e-05 0.0000e+00 4.2323e-05 3.5450e-01 0.0000e+00
269 0.0000e+00 2.0520e-04 4.2267e-05 0.0000e+00 4.2267e-05 3.5454e-01 0.0000e+00
270 0.0000e+00 1.4510e-04 4.2211e-05 0.0000e+00 4.2211e-05 3.5458e-01 0.0000e+00
271 0.0000e+00 7.0200e-05 4.2156e-05 0.0000e+00 4.2156e-05 3.5463e-01 0.0000e+00
272 0.0000e+00 0.0000e+00 4.2100e-05 0.0000e+00 4.2100e-05 3.5467e-01 0.0000e+00
273 0.0000e+00 0.0000e+00 4.2045e-05 0.0000e+00 4.2045e-05 3.5471e-01 0.0000e+00
274 0.0000e+00 0.0000e+00 4.1990e-05 0.0000e+00 4.1990e-05 3.5475e-01 0.0000e+00
275 0.0000e+00 0.0000e+00 4.1935e-05 0.0000e+00 4.1935e-05 3.5479e-01 0.0000e+00
276 0.0000e+00 0.0000e+00 4.1880e-05 0.0000e+00 4.1880e-05 3.5484e-01 0.0000e+00
277 0.0000e+00 0.0000e+00 4.1825e-05 0.0000e+00 4.1825e-05 3.5488e-01 0.0000e+00
278 0.0000e+00 0.0000e+00 4.1770e-05 0.0000e+00 4.1770e-05 3.5492e-01 0.0000e+00
279 0.0000e+00 0.0000e+00 4.1716e-05 0.0000e+00 4.1716e-05 3.5496e-01 0.0000e+00
280 0.0000e+00 0.0000e+00 4.1661e-05 0.0000e+00 4.1661e-05 3.5500e-01 0.0000e+00
281 0.0000e+00 0.0000e+00 4.1607e-05 0.0000e+00 4.1607e-05 3.5504e-01 0.0000e+00
282 0.0000e+00 0.0000e+00 4.1553e-05 0.0000e+00 4.1553e-05 3.5509e-01 0.0000e+00
283 1.0000e-03 0.0000e+00 4.1499e-05 0.0000e+00 4.1499e-05 3.5513e-01 0.0000e+00
284 5.0000e-04 0.0000e+00 4.1446e-05 0.0000e+00 4.1446e-05 3.5517e-01 0.0000e+00
285 2.5000e-03 2.4400e-05 4.1589e-05 7.9028e-06 4.1392e-05 3.5520e-01 1.9722e-07
286 6.0000e-03 4.7000e-05 4.8693e-05 3.0101e-04 4.1349e-05 3.5494e-01 7.3440e-06
287 4.0000e-03 6.6500e-05 4.6544e-05 4.5420e-04 4.1685e-05 3.5453e-01 4.8582e-06
288 1.5000e-03 8.1400e-05 4.3988e-05 4.6748e-04 4.2226e-05 3.5410e-01 1.7618e-06
289 0.0000e+00 9.0100e-05 4.2791e-05 4.1172e-04 4.2791e-05 3.5374e-01 0.0000e+00
290 0.0000e+00 9.4000e-05 4.3287e-05 3.6486e-04 4.3287e-05 3.5341e-01 0.0000e+00
291 5.0000e-04 9.0100e-05 4.4013e-05 3.3575e-04 4.3725e-05 3.5312e-01 2.8878e-07
292 0.0000e+00 8.1400e-05 4.4125e-05 2.9831e-04 4.4125e-05 3.5287e-01 0.0000e+00
293 0.0000e+00 6.6500e-05 4.4477e-05 2.6558e-04 4.4477e-05 3.5265e-01 0.0000e+00
294 1.5000e-03 4.7000e-05 4.6337e-05 2.9990e-04 4.4786e-05 3.5239e-01 1.5515e-06
295 1.0000e-03 2.2800e-05 4.6315e-05 3.1314e-04 4.5144e-05 3.5212e-01 1.1712e-06
296 0.0000e+00 0.0000e+00 4.5524e-05 2.7720e-04 4.5524e-05 3.5189e-01 0.0000e+00
297 0.0000e+00 0.0000e+00 4.5855e-05 2.4669e-04 4.5855e-05 3.5169e-01 0.0000e+00
298 0.0000e+00 0.0000e+00 4.6143e-05 2.1987e-04 4.6143e-05 3.5152e-01 0.0000e+00
299 0.0000e+00 0.0000e+00 4.6395e-05 1.9618e-04 4.6395e-05 3.5137e-01 0.0000e+00
300 0.0000e+00 0.0000e+00 4.6612e-05 1.7520e-04 4.6612e-05 3.5124e-01 0.0000e+00
301 0.0000e+00 0.0000e+00 4.6800e-05 1.5659e-04 4.6800e-05 3.5113e-01 0.0000e+00
302 0.0000e+00 0.0000e+00 4.6961e-05 1.4005e-04 4.6961e-05 3.5104e-01 0.0000e+00
303 0.0000e+00 0.0000e+00 4.7098e-05 1.2535e-04 4.7098e-05 3.5096e-01 0.0000e+00
304 0.0000e+00 0.0000e+00 4.7213e-05 1.1225e-04 4.7213e-05 3.5089e-01 0.0000e+00
305 0.0000e+00 0.0000e+00 4.7309e-05 1.0059e-04 4.7309e-05 3.5084e-01 0.0000e+00
306 0.0000e+00 0.0000e+00 4.7388e-05 9.0186e-05 4.7388e-05 3.5080e-01 0.0000e+00
307 0.0000e+00 0.0000e+00 4.7451e-05 8.0904e-05 4.7451e-05 3.5076e-01 0.0000e+00
308 0.0000e+00 0.0000e+00 4.7501e-05 7.2614e-05 4.7501e-05 3.5074e-01 0.0000e+00
309 0.0000e+00 2.8800e-05 4.7538e-05 6.5208e-05 4.7538e-05 3.5072e-01 0.0000e+00
310 5.0000e-04 5.5500e-05 4.8115e-05 8.1329e-05 4.7564e-05 3.5069e-01 5.5110e-07
311 0.0000e+00 7.8500e-05 4.7615e-05 7.2022e-05 4.7615e-05 3.5066e-01 0.0000e+00
312 0.0000e+00 9.6200e-05 4.7651e-05 6.4361e-05 4.7651e-05 3.5065e-01 0.0000e+00
313 0.0000e+00 1.0640e-04 4.7676e-05 5.7603e-05 4.7676e-05 3.5064e-01 0.0000e+00
314 0.0000e+00 1.1110e-04 4.7691e-05 5.1613e-05 4.7691e-05 3.5063e-01 0.0000e+00
315 0.0000e+00 1.0640e-04 4.7696e-05 4.6289e-05 4.7696e-05 3.5063e-01 0.0000e+00
316 0.0000e+00 9.6200e-05 4.7694e-05 4.1547e-05 4.7694e-05 3.5064e-01 0.0000e+00
317 5.0000e-04 7.8500e-05 4.7685e-05 3.7318e-05 4.7685e-05 3.5065e-01 0.0000e+00
318 1.0000e-03 5.5500e-05 4.8622e-05 7.2868e-05 4.7670e-05 3.5062e-01 9.5250e-07
319 5.0000e-04 2.6900e-05 4.8254e-05 8.6188e-05 4.7707e-05 3.5059e-01 5.4629e-07
320 0.0000e+00 0.0000e+00 4.7765e-05 7.5726e-05 4.7765e-05 3.5056e-01 0.0000e+00
321 0.0000e+00 0.0000e+00 4.7806e-05 6.7204e-05 4.7806e-05 3.5054e-01 0.0000e+00
322 1.0000e-03 0.0000e+00 4.9031e-05 1.0920e-04 4.7835e-05 3.5048e-01 1.1959e-06
323 1.0000e-03 0.0000e+00 4.9156e-05 1.4614e-04 4.7927e-05 3.5038e-01 1.2290e-06
324 0.0000e+00 0.0000e+00 4.8075e-05 1.2773e-04 4.8075e-05 3.5030e-01 0.0000e+00
325 0.0000e+00 0.0000e+00 4.8194e-05 1.1304e-04 4.8194e-05 3.5023e-01 0.0000e+00
326 0.0000e+00 0.0000e+00 4.8292e-05 1.0030e-04 4.8292e-05 3.5018e-01 0.0000e+00
327 0.0000e+00 0.0000e+00 4.8371e-05 8.9163e-05 4.8371e-05 3.5014e-01 0.0000e+00
328 0.0000e+00 0.0000e+00 4.8432e-05 7.9381e-05 4.8432e-05 3.5011e-01 0.0000e+00
329 0.0000e+00 0.0000e+00 4.8479e-05 7.0761e-05 4.8479e-05 3.5009e-01 0.0000e+00
330 0.0000e+00 0.0000e+00 4.8513e-05 6.3145e-05 4.8513e-05 3.5007e-01 0.0000e+00
331 0.0000e+00 0.0000e+00 4.8535e-05 5.6402e-05 4.8535e-05 3.5007e-01 0.0000e+00
332 0.0000e+00 0.0000e+00 4.8547e-05 5.0424e-05 4.8547e-05 3.5006e-01 0.0000e+00
333 0.0000e+00 1.1200e-05 4.8550e-05 4.5115e-05 4.8550e-05 3.5007e-01 0.0000e+00
334 0.0000e+00 2.1600e-05 4.8545e-05 4.0396e-05 4.8545e-05 3.5008e-01 0.0000e+00
335 0.0000e+00 3.0600e-05 4.8532e-05 3.6195e-05 4.8532e-05 3.5009e-01 0.0000e+00
336 0.0000e+00 3.7400e-05 4.8514e-05 3.2453e-05 4.8514e-05 3.5010e-01 0.0000e+00
337 0.0000e+00 4.1400e-05 4.8489e-05 2.9116e-05 4.8489e-05 3.5012e-01 0.0000e+00
338 5.0000e-04 4.3200e-05 4.8900e-05 4.4364e-05 4.8460e-05 3.5013e-01 4.3993e-07
339 5.0000e-04 4.1400e-05 4.9015e-05 6.2227e-05 4.8454e-05 3.5011e-01 5.6141e-07
340 1.5000e-03 3.7400e-05 5.0267e-05 1.2874e-04 4.8475e-05 3.5003e-01 1.7926e-06
341 1.5000e-03 3.0600e-05 5.0394e-05 1.8599e-04 4.8596e-05 3.4990e-01 1.7975e-06
342 1.0000e-03 2.1600e-05 4.9997e-05 2.1125e-04 4.8806e-05 3.4973e-01 1.1914e-06
343 5.0000e-04 1.0500e-05 4.9642e-05 2.0933e-04 4.9054e-05 3.4957e-01 5.8795e-07
344 1.0000e-03 0.0000e+00 5.0516e-05 2.3474e-04 4.9300e-05 3.4939e-01 1.2161e-06
345 5.0000e-04 0.0000e+00 5.0201e-05 2.3161e-04 4.9587e-05 3.4921e-01 6.1450e-07
346 0.0000e+00 0.0000e+00 4.9870e-05 2.0413e-04 4.9870e-05 3.4905e-01 0.0000e+00
347 0.0000e+00 0.0000e+00 5.0111e-05 1.8086e-04 5.0111e-05 3.4892e-01 0.0000e+00
348 0.0000e+00 0.0000e+00 5.0316e-05 1.6054e-04 5.0316e-05 3.4881e-01 0.0000e+00
349 0.0000e+00 0.0000e+00 5.0489e-05 1.4271e-04 5.0489e-05 3.4872e-01 0.0000e+00
350 0.0000e+00 0.0000e+00 5.0635e-05 1.2701e-04 5.0635e-05 3.4864e-01 0.0000e+00
351 0.0000e+00 0.0000e+00 5.0756e-05 1.1316e-04 5.0756e-05 3.4858e-01 0.0000e+00
352 0.0000e+00 0.0000e+00 5.0855e-05 1.0091e-04 5.0855e-05 3.4853e-01 0.0000e+00
353 5.0000e-04 0.0000e+00 5.1549e-05 1.1577e-04 5.0935e-05 3.4846e-01 6.1450e-07
354 0.0000e+00 0.0000e+00 5.1038e-05 1.0226e-04 5.1038e-05 3.4841e-01 0.0000e+00
355 0.0000e+00 0.0000e+00 5.1120e-05 9.1030e-05 5.1120e-05 3.4837e-01 0.0000e+00
356 0.0000e+00 0.0000e+00 5.1184e-05 8.1152e-05 5.1184e-05 3.4834e-01 0.0000e+00
357 0.0000e+00 7.2300e-05 5.1232e-05 7.2431e-05 5.1232e-05 3.4832e-01 0.0000e+00
358 0.0000e+00 1.3960e-04 5.1266e-05 6.4710e-05 5.1266e-05 3.4831e-01 0.0000e+00
359 0.0000e+00 1.9750e-04 5.1287e-05 5.7860e-05 5.1287e-05 3.4830e-01 0.0000e+00
360 0.0000e+00 2.4180e-04 5.1298e-05 5.1776e-05 5.1298e-05 3.4830e-01 0.0000e+00
361 0.0000e+00 2.6750e-04 5.1298e-05 4.6364e-05 5.1298e-05 3.4831e-01 0.0000e+00
362 0.0000e+00 2.7930e-04 5.1290e-05 4.1545e-05 5.1290e-05 3.4832e-01 0.0000e+00
363 0.0000e+00 2.6750e-04 5.1275e-05 3.7250e-05 5.1275e-05 3.4833e-01 0.0000e+00
364 0.0000e+00 2.4180e-04 5.1252e-05 3.3419e-05 5.1252e-05 3.4835e-01 0.0000e+00
365 0.0000e+00 1.9750e-04 5.1224e-05 3.0000e-05 5.1224e-05 3.4837e-01 0.0000e+00
366 0.0000e+00 1.3960e-04 5.1190e-05 2.6945e-05 5.1190e-05 3.4839e-01 0.0000e+00
367 0.0000e+00 6.7600e-05 5.1151e-05 2.4214e-05 5.1151e-05 3.4842e-01 0.0000e+00
368 0.0000e+00 0.0000e+00 5.1108e-05 2.1771e-05 5.1108e-05 3.4845e-01 0.0000e+00
369 0.0000e+00 0.0000e+00 5.1061e-05 1.9584e-05 5.1061e-05 3.4848e-01 0.0000e+00
370 0.0000e+00 0.0000e+00 5.1011e-05 1.7626e-05 5.1011e-05 3.4852e-01 0.0000e+00
371 0.0000e+00 0.0000e+00 5.0958e-05 1.5871e-05 5.0958e-05 3.4855e-01 0.0000e+00
372 0.0000e+00 0.0000e+00 5.0902e-05 1.4297e-05 5.0902e-05 3.4859e-01 0.0000e+00
373 5.0000e-04 0.0000e+00 5.0844e-05 1.2885e-05 5.0844e-05 3.4862e-01 0.0000e+00
374 7.5000e-03 0.0000e+00 5.9663e-05 3.1475e-04 5.0783e-05 3.4836e-01 8.8793e-06
375 4.5000e-03 0.0000e+00 5.7585e-05 5.0017e-04 5.1204e-05 3.4791e-01 6.3805e-06
376 2.5000e-03 0.0000e+00 5.5000e-05 5.6281e-04 5.1928e-05 3.4740e-01 3.0725e-06
377 5.0000e-04 0.0000e+00 5.3378e-05 5.1761e-04 5.2763e-05 3.4694e-01 6.1450e-07
378 0.0000e+00 0.0000e+00 5.3535e-05 4.5569e-04 5.3535e-05 3.4653e-01 0.0000e+00
379 0.0000e+00 0.0000e+00 5.4212e-05 4.0273e-04 5.4212e-05 3.4619e-01 0.0000e+00
380 0.0000e+00 0.0000e+00 5.4806e-05 3.5657e-04 5.4806e-05 3.4588e-01 0.0000e+00
381 0.0000e+00 1.7400e-05 5.5325e-05 3.1614e-04 5.5325e-05 3.4562e-01 0.0000e+00
382 0.0000e+00 3.3600e-05 5.5778e-05 2.8061e-04 5.5778e-05 3.4540e-01 0.0000e+00
383 1.0000e-03 4.7500e-05 5.7811e-05 2.9867e-04 5.6171e-05 3.4516e-01 1.6400e-06
384 1.0000e-03 5.8200e-05 5.8379e-05 3.1334e-04 5.6599e-05 3.4490e-01 1.7800e-06
385 0.0000e+00 6.4300e-05 5.7055e-05 2.7655e-04 5.7055e-05 3.4468e-01 0.0000e+00
386 5.0000e-04 6.7200e-05 5.8153e-05 2.6486e-04 5.7447e-05 3.4447e-01 7.0559e-07
387 0.0000e+00 6.4300e-05 5.7821e-05 2.3456e-04 5.7821e-05 3.4430e-01 0.0000e+00
388 0.0000e+00 5.8200e-05 5.8141e-05 2.0829e-04 5.8141e-05 3.4415e-01 0.0000e+00
389 0.0000e+00 4.7500e-05 5.8415e-05 1.8520e-04 5.8415e-05 3.4402e-01 0.0000e+00
390 5.0000e-04 3.3600e-05 5.9138e-05 1.7861e-04 5.8646e-05 3.4390e-01 4.9189e-07
391 0.0000e+00 1.6300e-05 5.8867e-05 1.5858e-04 5.8867e-05 3.4380e-01 0.0000e+00
392 5.0000e-04 0.0000e+00 5.9892e-05 1.6475e-04 5.9050e-05 3.4369e-01 8.4114e-07
393 5.0000e-04 0.0000e+00 6.0180e-05 1.7213e-04 5.9246e-05 3.4358e-01 9.3437e-07
394 0.0000e+00 0.0000e+00 5.9455e-05 1.5208e-04 5.9455e-05 3.4349e-01 0.0000e+00
395 0.0000e+00 0.0000e+00 5.9628e-05 1.3501e-04 5.9628e-05 3.4341e-01 0.0000e+00
396 0.0000e+00 0.0000e+00 5.9768e-05 1.2007e-04 5.9768e-05 3.4335e-01 0.0000e+00
397 0.0000e+00 0.0000e+00 5.9881e-05 1.0691e-04 5.9881e-05 3.4330e-01 0.0000e+00
398 0.0000e+00 0.0000e+00 5.9969e-05 9.5292e-05 5.9969e-05 3.4327e-01 0.0000e+00
399 0.0000e+00 0.0000e+00 6.0035e-05 8.5012e-05 6.0035e-05 3.4324e-01 0.0000e+00
400 0.0000e+00 0.0000e+00 6.0082e-05 7.5901e-05 6.0082e-05 3.4323e-01 0.0000e+00
401 0.0000e+00 0.0000e+00 6.0112e-05 6.7817e-05 6.0112e-05 3.4322e-01 0.0000e+00
402 1.0000e-03 0.0000e+00 6.1995e-05 1.1327e-04 6.0126e-05 3.4317e-01 1.8687e-06
403 0.0000e+00 0.0000e+00 6.0226e-05 9.9038e-05 6.0226e-05 3.4313e-01 0.0000e+00
404 0.0000e+00 0.0000e+00 6.0299e-05 8.7596e-05 6.0299e-05 3.4310e-01 0.0000e+00
405 5.0000e-04 2.4600e-05 6.1285e-05 1.0405e-04 6.0351e-05 3.4306e-01 9.3437e-07
406 5.0000e-04 4.7400e-05 6.1322e-05 1.1653e-04 6.0433e-05 3.4300e-01 8.8840e-07
407 0.0000e+00 6.7100e-05 6.0539e-05 1.0231e-04 6.0539e-05 3.4296e-01 0.0000e+00
408 5.0000e-04 8.2200e-05 6.1339e-05 1.1080e-04 6.0618e-05 3.4291e-01 7.2052e-07
409 0.0000e+00 9.0900e-05 6.0713e-05 9.7479e-05 6.0713e-05 3.4287e-01 0.0000e+00
410 0.0000e+00 9.5000e-05 6.0783e-05 8.6267e-05 6.0783e-05 3.4285e-01 0.0000e+00
411 0.0000e+00 9.0900e-05 6.0832e-05 7.6510e-05 6.0832e-05 3.4283e-01 0.0000e+00
412 0.0000e+00 8.2200e-05 6.0861e-05 6.7963e-05 6.0861e-05 3.4282e-01 0.0000e+00
413 0.0000e+00 6.7100e-05 6.0875e-05 6.0449e-05 6.0875e-05 3.4283e-01 0.0000e+00
414 0.0000e+00 4.7400e-05 6.0874e-05 5.3825e-05 6.0874e-05 3.4283e-01 0.0000e+00
415 0.0000e+00 2.3000e-05 6.0861e-05 4.7974e-05 6.0861e-05 3.4285e-01 0.0000e+00
416 0.0000e+00 0.0000e+00 6.0836e-05 4.2798e-05 6.0836e-05 3.4286e-01 0.0000e+00
417 0.0000e+00 0.0000e+00 6.0802e-05 3.8212e-05 6.0802e-05 3.4289e-01 0.0000e+00
418 0.0000e+00 0.0000e+00 6.0759e-05 3.4143e-05 6.0759e-05 3.4291e-01 0.0000e+00
419 0.0000e+00 0.0000e+00 6.0709e-05 3.0531e-05 6.0709e-05 3.4294e-01 0.0000e+00
420 0.0000e+00 0.0000e+00 6.0651e-05 2.7320e-05 6.0651e-05 3.4298e-01 0.0000e+00
421 0.0000e+00 0.0000e+00 6.0588e-05 2.4462e-05 6.0588e-05 3.4301e-01 0.0000e+00
422 0.0000e+00 0.0000e+00 6.0520e-05 2.1918e-05 6.0520e-05 3.4305e-01 0.0000e+00
423 0.0000e+00 0.0000e+00 6.0447e-05 1.9650e-05 6.0447e-05 3.4309e-01 0.0000e+00
424 0.0000e+00 0.0000e+00 6.0370e-05 1.7627e-05 6.0370e-05 3.4313e-01 0.0000e+00
425 0.0000e+00 0.0000e+00 6.0289e-05 1.5821e-05 6.0289e-05 3.4318e-01 0.0000e+00
426 0.0000e+00 0.0000e+00 6.0206e-05 1.4208e-05 6.0206e-05 3.4322e-01 0.0000e+00
427 5.0000e-04 0.0000e+00 6.0119e-05 1.2767e-05 6.0119e-05 3.4327e-01 0.0000e+00
428 2.0000e-03 0.0000e+00 6.3626e-05 1.1273e-04 6.0030e-05 3.4322e-01 3.5958e-06
429 3.0000e-03 3.2600e-05 6.5735e-05 2.5437e-04 6.0129e-05 3.4303e-01 5.6063e-06
430 2.0000e-03 6.2900e-05 6.4172e-05 3.2255e-04 6.0495e-05 3.4276e-01 3.6766e-06
431 1.0000e-03 8.9000e-05 6.2744e-05 3.2931e-04 6.0993e-05 3.4249e-01 1.7512e-06
432 0.0000e+00 1.0900e-04 6.1506e-05 2.8749e-04 6.1506e-05 3.4227e-01 0.0000e+00
433 5.0000e-04 1.2060e-04 6.2507e-05 2.6863e-04 6.1942e-05 3.4206e-01 5.6473e-07
434 0.0000e+00 1.2590e-04 6.2343e-05 2.3622e-04 6.2343e-05 3.4189e-01 0.0000e+00
435 0.0000e+00 1.2060e-04 6.2683e-05 2.0840e-04 6.2683e-05 3.4174e-01 0.0000e+00
436 0.0000e+00 1.0900e-04 6.2969e-05 1.8418e-04 6.2969e-05 3.4162e-01 0.0000e+00
437 3.5000e-03 8.9000e-05 6.8862e-05 3.2404e-04 6.3208e-05 3.4136e-01 5.6541e-06
438 0.0000e+00 6.2900e-05 6.3726e-05 2.8126e-04 6.3726e-05 3.4114e-01 0.0000e+00
439 0.0000e+00 3.0500e-05 6.4160e-05 2.4730e-04 6.4160e-05 3.4096e-01 0.0000e+00
440 0.0000e+00 0.0000e+00 6.4528e-05 2.1814e-04 6.4528e-05 3.4081e-01 0.0000e+00
441 0.0000e+00 0.0000e+00 6.4839e-05 1.9280e-04 6.4839e-05 3.4068e-01 0.0000e+00
442 0.0000e+00 0.0000e+00 6.5099e-05 1.7066e-04 6.5099e-05 3.4057e-01 0.0000e+00
443 0.0000e+00 0.0000e+00 6.5314e-05 1.5124e-04 6.5314e-05 3.4049e-01 0.0000e+00
444 5.0000e-04 0.0000e+00 6.6083e-05 1.5123e-04 6.5489e-05 3.4040e-01 5.9390e-07
445 0.0000e+00 0.0000e+00 6.5665e-05 1.3359e-04 6.5665e-05 3.4033e-01 0.0000e+00
446 0.0000e+00 0.0000e+00 6.5805e-05 1.1846e-04 6.5805e-05 3.4028e-01 0.0000e+00
447 0.0000e+00 0.0000e+00 6.5913e-05 1.0519e-04 6.5913e-05 3.4024e-01 0.0000e+00
448 0.0000e+00 0.0000e+00 6.5994e-05 9.3509e-05 6.5994e-05 3.4021e-01 0.0000e+00
449 0.0000e+00 0.0000e+00 6.6051e-05 8.3200e-05 6.6051e-05 3.4020e-01 0.0000e+00
450 0.0000e+00 0.0000e+00 6.6086e-05 7.4090e-05 6.6086e-05 3.4019e-01 0.0000e+00
451 0.0000e+00 0.0000e+00 6.6103e-05 6.6028e-05 6.6103e-05 3.4019e-01 0.0000e+00
452 5.0000e-04 0.0000e+00 6.7037e-05 8.5771e-05 6.6103e-05 3.4017e-01 9.3437e-07
453 0.0000e+00 2.2400e-05 6.6143e-05 7.5270e-05 6.6143e-05 3.4016e-01 0.0000e+00
454 0.0000e+00 4.3300e-05 6.6162e-05 6.6666e-05 6.6162e-05 3.4016e-01 0.0000e+00
455 0.0000e+00 6.1200e-05 6.6163e-05 5.9187e-05 6.6163e-05 3.4017e-01 0.0000e+00
456 0.0000e+00 7.5000e-05 6.6149e-05 5.2630e-05 6.6149e-05 3.4018e-01 0.0000e+00
457 0.0000e+00 8.3000e-05 6.6121e-05 4.6856e-05 6.6121e-05 3.4020e-01 0.0000e+00
458 0.0000e+00 8.6600e-05 6.6081e-05 4.1758e-05 6.6081e-05 3.4022e-01 0.0000e+00
459 0.0000e+00 8.3000e-05 6.6031e-05 3.7250e-05 6.6031e-05 3.4025e-01 0.0000e+00
460 0.0000e+00 7.5000e-05 6.5971e-05 3.3256e-05 6.5971e-05 3.4028e-01 0.0000e+00
461 0.0000e+00 6.1200e-05 6.5904e-05 2.9713e-05 6.5904e-05 3.4032e-01 0.0000e+00
462 0.0000e+00 4.3300e-05 6.5830e-05 2.6567e-05 6.5830e-05 3.4036e-01 0.0000e+00
463 0.0000e+00 2.1000e-05 6.5749e-05 2.3770e-05 6.5749e-05 3.4040e-01 0.0000e+00
464 0.0000e+00 0.0000e+00 6.5663e-05 2.1282e-05 6.5663e-05 3.4045e-01 0.0000e+00
465 1.0000e-03 0.0000e+00 6.6223e-05 3.7787e-05 6.5572e-05 3.4047e-01 6.5188e-07
466 5.0000e-04 0.0000e+00 6.6449e-05 5.9739e-05 6.5515e-05 3.4048e-01 9.3437e-07
467 0.0000e+00 0.0000e+00 6.5503e-05 5.1747e-05 6.5503e-05 3.4049e-01 0.0000e+00
468 0.0000e+00 0.0000e+00 6.5475e-05 4.5465e-05 6.5475e-05 3.4051e-01 0.0000e+00
469 5.0000e-04 0.0000e+00 6.6368e-05 6.6925e-05 6.5434e-05 3.4051e-01 9.3437e-07
470 0.0000e+00 0.0000e+00 6.5437e-05 5.8140e-05 6.5437e-05 3.4052e-01 0.0000e+00
471 0.0000e+00 0.0000e+00 6.5422e-05 5.1121e-05 6.5422e-05 3.4053e-01 0.0000e+00
472 5.0000e-04 0.0000e+00 6.6327e-05 7.1919e-05 6.5393e-05 3.4053e-01 9.3437e-07
473 5.0000e-04 0.0000e+00 6.6340e-05 8.9373e-05 6.5406e-05 3.4050e-01 9.3437e-07
474 0.0000e+00 0.0000e+00 6.5455e-05 7.7705e-05 6.5455e-05 3.4049e-01 0.0000e+00
475 0.0000e+00 0.0000e+00 6.5480e-05 6.8263e-05 6.5480e-05 3.4049e-01 0.0000e+00
476 0.0000e+00 0.0000e+00 6.5486e-05 6.0167e-05 6.5486e-05 3.4049e-01 0.0000e+00
477 0.0000e+00 9.2000e-06 6.5475e-05 5.3148e-05 6.5475e-05 3.4051e-01 0.0000e+00
478 0.0000e+00 1.7800e-05 6.5450e-05 4.7029e-05 6.5450e-05 3.4052e-01 0.0000e+00
479 0.0000e+00 2.5200e-05 6.5412e-05 4.1674e-05 6.5412e-05 3.4055e-01 0.0000e+00
480 0.0000e+00 3.0900e-05 6.5364e-05 3.6976e-05 6.5364e-05 3.4058e-01 0.0000e+00
481 0.0000e+00 3.4200e-05 6.5306e-05 3.2844e-05 6.5306e-05 3.4061e-01 0.0000e+00
482 5.0000e-04 3.5700e-05 6.5955e-05 4.9724e-05 6.5239e-05 3.4062e-01 7.1537e-07
483 2.5000e-03 3.4200e-05 6.9813e-05 1.7543e-04 6.5208e-05 3.4051e-01 4.6052e-06
484 1.0000e-03 3.0900e-05 6.7238e-05 2.0181e-04 6.5433e-05 3.4038e-01 1.8048e-06
485 0.0000e+00 2.5200e-05 6.5712e-05 1.7485e-04 6.5712e-05 3.4027e-01 0.0000e+00
486 1.0000e-03 1.7800e-05 6.7701e-05 2.0381e-04 6.5937e-05 3.4013e-01 1.7639e-06
487 0.0000e+00 8.6000e-06 6.6221e-05 1.7746e-04 6.6221e-05 3.4002e-01 0.0000e+00
488 0.0000e+00 0.0000e+00 6.6452e-05 1.5584e-04 6.6452e-05 3.3993e-01 0.0000e+00
489 0.0000e+00 0.0000e+00 6.6638e-05 1.3724e-04 6.6638e-05 3.3986e-01 0.0000e+00
490 0.0000e+00 0.0000e+00 6.6785e-05 1.2110e-04 6.6785e-05 3.3981e-01 0.0000e+00
491 0.0000e+00 0.0000e+00 6.6898e-05 1.0703e-04 6.6898e-05 3.3977e-01 0.0000e+00
492 0.0000e+00 0.0000e+00 6.6982e-05 9.4715e-05 6.6982e-05 3.3974e-01 0.0000e+00
493 0.0000e+00 0.0000e+00 6.7041e-05 8.3920e-05 6.7041e-05 3.3972e-01 0.0000e+00
494 0.0000e+00 0.0000e+00 6.7076e-05 7.4435e-05 6.7076e-05 3.3971e-01 0.0000e+00
495 0.0000e+00 0.0000e+00 6.7091e-05 6.6087e-05 6.7091e-05 3.3971e-01 0.0000e+00
496 0.0000e+00 0.0000e+00 6.7089e-05 5.8728e-05 6.7089e-05 3.3972e-01 0.0000e+00
497 0.0000e+00 0.0000e+00 6.7072e-05 5.2234e-05 6.7072e-05 3.3974e-01 0.0000e+00
498 0.0000e+00 0.0000e+00 6.7041e-05 4.6495e-05 6.7041e-05 3.3976e-01 0.0000e+00
499 0.0000e+00 0.0000e+00 6.6998e-05 4.1419e-05 6.6998e-05 3.3978e-01 0.0000e+00
500 0.0000e+00 0.0000e+00 6.6944e-05 3.6923e-05 6.6944e-05 3.3981e-01 0.0000e+00
501 0.0000e+00 6.3800e-05 6.6881e-05 3.2939e-05 6.6881e-05 3.3985e-01 0.0000e+00
502 0.0000e+00 1.2310e-04 6.6810e-05 2.9405e-05 6.6810e-05 3.3989e-01 0.0000e+00
503 0.0000e+00 1.7420e-04 6.6732e-05 2.6267e-05 6.6732e-05 3.3993e-01 0.0000e+00
504 0.0000e+00 2.1330e-04 6.6648e-05 2.3479e-05 6.6648e-05 3.3997e-01 0.0000e+00
505 0.0000e+00 2.3600e-04 6.6558e-05 2.0999e-05 6.6558e-05 3.4001e-01 0.0000e+00
506 0.0000e+00 2.4640e-04 6.6463e-05 1.8793e-05 6.6463e-05 3.4006e-01 0.0000e+00
507 0.0000e+00 2.3600e-04 6.6364e-05 1.6828e-05 6.6364e-05 3.4011e-01 0.0000e+00
508 0.0000e+00 2.1330e-04 6.6262e-05 1.5076e-05 6.6262e-05 3.4016e-01 0.0000e+00
509 0.0000e+00 1.7420e-04 6.6156e-05 1.3515e-05 6.6156e-05 3.4022e-01 0.0000e+00
510 0.0000e+00 1.2310e-04 6.6047e-05 1.2122e-05 6.6047e-05 3.4027e-01 0.0000e+00
511 0.0000e+00 5.9600e-05 6.5936e-05 1.0878e-05 6.5936e-05 3.4032e-01 0.0000e+00
512 0.0000e+00 0.0000e+00 6.5823e-05 9.7663e-06 6.5823e-05 3.4038e-01 0.0000e+00
513 0.0000e+00 0.0000e+00 6.5707e-05 8.7729e-06 6.5707e-05 3.4044e-01 0.0000e+00
514 0.0000e+00 0.0000e+00 6.5591e-05 7.8843e-06 6.5591e-05 3.4050e-01 0.0000e+00
515 0.0000e+00 0.0000e+00 6.5472e-05 7.0890e-06 6.5472e-05 3.4055e-01 0.0000e+00
516 0.0000e+00 0.0000e+00 6.5353e-05 6.3769e-06 6.5353e-05 3.4061e-01 0.0000e+00
517 0.0000e+00 0.0000e+00 6.5233e-05 5.7390e-06 6.5233e-05 3.4067e-01 0.0000e+00
518 0.0000e+00 0.0000e+00 6.5112e-05 5.1672e-06 6.5112e-05 3.4073e-01 0.0000e+00
519 0.0000e+00 0.0000e+00 6.4990e-05 4.6544e-06 6.4990e-05 3.4079e-01 0.0000e+00
520 0.0000e+00 0.0000e+00 6.4867e-05 4.1944e-06 6.4867e-05 3.4085e-01 0.0000e+00
521 0.0000e+00 0.0000e+00 6.4744e-05 3.7813e-06 6.4744e-05 3.4091e-01 0.0000e+00
522 0.0000e+00 0.0000e+00 6.4621e-05 3.4104e-06 6.4621e-05 3.4098e-01 0.0000e+00
523 0.0000e+00 0.0000e+00 6.4498e-05 3.0771e-06 6.4498e-05 3.4104e-01 0.0000e+00
524 0.0000e+00 0.0000e+00 6.4374e-05 2.7774e-06 6.4374e-05 3.4110e-01 0.0000e+00
525 0.0000e+00 4.1700e-05 6.4250e-05 2.5080e-06 6.4250e-05 3.4116e-01 0.0000e+00
526 0.0000e+00 8.0400e-05 6.4126e-05 2.2656e-06 6.4126e-05 3.4122e-01 0.0000e+00
527 0.0000e+00 1.1380e-04 6.4003e-05 2.0474e-06 6.4003e-05 3.4128e-01 0.0000e+00
528 0.0000e+00 1.3930e-04 6.3879e-05 1.8509e-06 6.3879e-05 3.4135e-01 0.0000e+00
529 0.0000e+00 1.5420e-04 6.3755e-05 1.6738e-06 6.3755e-05 3.4141e-01 0.0000e+00
530 0.0000e+00 1.6090e-04 6.3631e-05 1.5143e-06 6.3631e-05 3.4147e-01 0.0000e+00
531 0.0000e+00 1.5420e-04 6.3508e-05 1.3704e-06 6.3508e-05 3.4153e-01 0.0000e+00
532 0.0000e+00 1.3930e-04 6.3385e-05 1.2406e-06 6.3385e-05 3.4159e-01 0.0000e+00
533 0.0000e+00 1.1380e-04 6.3262e-05 1.1235e-06 6.3262e-05 3.4166e-01 0.0000e+00
534 0.0000e+00 8.0400e-05 6.3139e-05 1.0179e-06 6.3139e-05 3.4172e-01 0.0000e+00
535 0.0000e+00 3.8900e-05 6.3017e-05 9.2244e-07 6.3017e-05 3.4178e-01 0.0000e+00
536 0.0000e+00 0.0000e+00 6.2895e-05 8.3625e-07 6.2895e-05 3.4184e-01 0.0000e+00
537 0.0000e+00 0.0000e+00 6.2773e-05 7.5835e-07 6.2773e-05 3.4190e-01 0.0000e+00
538 0.0000e+00 0.0000e+00 6.2651e-05 6.8794e-07 6.2651e-05 3.4197e-01 0.0000e+00
539 0.0000e+00 0.0000e+00 6.2530e-05 6.2425e-07 6.2530e-05 3.4203e-01 0.0000e+00
540 0.0000e+00 0.0000e+00 6.2409e-05 5.6645e-07 6.2409e-05 3.4209e-01 0.0000e+00
541 0.0000e+00 0.0000e+00 6.2289e-05 5.1435e-07 6.2289e-05 3.4215e-01 0.0000e+00
542 0.0000e+00 0.0000e+00 6.2169e-05 4.6718e-07 6.2169e-05 3.4221e-01 0.0000e+00
543 0.0000e+00 0.0000e+00 6.2049e-05 4.2446e-07 6.2049e-05 3.4228e-01 0.0000e+00
544 0.0000e+00 0.0000e+00 6.1929e-05 3.8576e-07 6.1929e-05 3.4234e-01 0.0000e+00
545 0.0000e+00 0.0000e+00 6.1810e-05 3.5069e-07 6.1810e-05 3.4240e-01 0.0000e+00
546 0.0000e+00 0.0000e+00 6.1692e-05 3.1890e-07 6.1692e-05 3.4246e-01 0.0000e+00
547 0.0000e+00 0.0000e+00 6.1574e-05 2.9008e-07 6.1574e-05 3.4252e-01 0.0000e+00
548 0.0000e+00 0.0000e+00 6.1456e-05 2.6364e-07 6.1456e-05 3.4258e-01 0.0000e+00
549 0.0000e+00 2.0700e-05 6.1338e-05 2.3996e-07 6.1338e-05 3.4264e-01 0.0000e+00
550 0.0000e+00 4.0000e-05 6.1221e-05 2.1846e-07 6.1221e-05 3.4270e-01 0.0000e+00
551 0.0000e+00 5.6600e-05 6.1105e-05 1.9895e-07 6.1105e-05 3.4277e-01 0.0000e+00
552 1.0000e-03 6.9300e-05 6.0989e-05 1.8122e-07 6.0989e-05 3.4283e-01 0.0000e+00
553 1.0000e-03 7.6600e-05 6.0873e-05 1.6512e-07 6.0873e-05 3.4289e-01 0.0000e+00
554 2.0000e-03 8.0000e-05 6.2126e-05 3.8774e-05 6.0757e-05 3.4291e-01 1.3681e-06
555 1.5000e-03 7.6600e-05 6.3369e-05 1.0786e-04 6.0716e-05 3.4286e-01 2.6536e-06
556 0.0000e+00 6.9300e-05 6.0805e-05 9.2376e-05 6.0805e-05 3.4283e-01 0.0000e+00
557 5.0000e-04 5.6600e-05 6.1527e-05 9.9292e-05 6.0865e-05 3.4279e-01 6.6192e-07
558 0.0000e+00 4.0000e-05 6.0938e-05 8.6570e-05 6.0938e-05 3.4277e-01 0.0000e+00
559 0.0000e+00 1.9400e-05 6.0987e-05 7.6015e-05 6.0987e-05 3.4275e-01 0.0000e+00
560 0.0000e+00 0.0000e+00 6.1016e-05 6.6943e-05 6.1016e-05 3.4274e-01 0.0000e+00
561 0.0000e+00 0.0000e+00 6.1027e-05 5.9078e-05 6.1027e-05 3.4275e-01 0.0000e+00
562 0.0000e+00 0.0000e+00 6.1023e-05 5.2226e-05 6.1023e-05 3.4276e-01 0.0000e+00
563 0.0000e+00 0.0000e+00 6.1007e-05 4.6236e-05 6.1007e-05 3.4277e-01 0.0000e+00
564 0.0000e+00 0.0000e+00 6.0979e-05 4.0984e-05 6.0979e-05 3.4279e-01 0.0000e+00
565 5.0000e-04 0.0000e+00 6.1658e-05 5.6648e-05 6.0940e-05 3.4279e-01 7.1775e-07
566 0.0000e+00 0.0000e+00 6.0932e-05 4.9539e-05 6.0932e-05 3.4281e-01 0.0000e+00
567 0.0000e+00 0.0000e+00 6.0911e-05 4.3731e-05 6.0911e-05 3.4282e-01 0.0000e+00
568 0.0000e+00 0.0000e+00 6.0878e-05 3.8707e-05 6.0878e-05 3.4285e-01 0.0000e+00
569 0.0000e+00 0.0000e+00 6.0836e-05 3.4322e-05 6.0836e-05 3.4287e-01 0.0000e+00
570 0.0000e+00 0.0000e+00 6.0785e-05 3.0475e-05 6.0785e-05 3.4290e-01 0.0000e+00
571 0.0000e+00 0.0000e+00 6.0728e-05 2.7092e-05 6.0728e-05 3.4294e-01 0.0000e+00
572 0.0000e+00 0.0000e+00 6.0664e-05 2.4109e-05 6.0664e-05 3.4297e-01 0.0000e+00
573 3.0000e-03 3.0500e-05 6.6201e-05 1.7966e-04 6.0595e-05 3.4285e-01 5.6063e-06
574 1.0000e-03 5.8900e-05 6.2632e-05 2.0486e-04 6.0821e-05 3.4271e-01 1.8118e-06
575 2.5000e-03 8.3300e-05 6.5657e-05 3.0680e-04 6.1095e-05 3.4246e-01 4.5618e-06
576 3.5000e-03 1.0200e-04 6.7951e-05 4.4653e-04 6.1566e-05 3.4208e-01 6.3850e-06
577 1.5000e-03 1.1290e-04 6.4924e-05 4.6124e-04 6.2311e-05 3.4168e-01 2.6125e-06
578 0.0000e+00 1.1780e-04 6.3093e-05 4.0266e-04 6.3093e-05 3.4134e-01 0.0000e+00
579 0.0000e+00 1.1290e-04 6.3766e-05 3.5385e-04 6.3766e-05 3.4105e-01 0.0000e+00
580 0.0000e+00 1.0200e-04 6.4346e-05 3.1178e-04 6.4346e-05 3.4080e-01 0.0000e+00
581 0.0000e+00 8.3300e-05 6.4846e-05 2.7520e-04 6.4846e-05 3.4059e-01 0.0000e+00
582 0.0000e+00 5.8900e-05 6.5274e-05 2.4325e-04 6.5274e-05 3.4041e-01 0.0000e+00
583 0.0000e+00 2.8500e-05 6.5638e-05 2.1527e-04 6.5638e-05 3.4026e-01 0.0000e+00
584 0.0000e+00 0.0000e+00 6.5945e-05 1.9071e-04 6.5945e-05 3.4014e-01 0.0000e+00
585 0.0000e+00 0.0000e+00 6.6203e-05 1.6911e-04 6.6203e-05 3.4004e-01 0.0000e+00
586 0.0000e+00 0.0000e+00 6.6416e-05 1.5009e-04 6.6416e-05 3.3995e-01 0.0000e+00
587 0.0000e+00 0.0000e+00 6.6590e-05 1.3332e-04 6.6590e-05 3.3989e-01 0.0000e+00
588 0.0000e+00 0.0000e+00 6.6729e-05 1.1852e-04 6.6729e-05 3.3983e-01 0.0000e+00
589 5.0000e-04 0.0000e+00 6.6837e-05 1.0543e-04 6.6837e-05 3.3980e-01 0.0000e+00
590 0.0000e+00 0.0000e+00 6.6918e-05 9.3862e-05 6.6918e-05 3.3977e-01 0.0000e+00
591 0.0000e+00 0.0000e+00 6.6974e-05 8.3617e-05 6.6974e-05 3.3975e-01 0.0000e+00
592 5.0000e-04 0.0000e+00 6.7732e-05 9.5407e-05 6.7009e-05 3.3972e-01 7.2298e-07
593 0.0000e+00 0.0000e+00 6.7068e-05 8.4106e-05 6.7068e-05 3.3971e-01 0.0000e+00
594 1.0000e-03 0.0000e+00 6.8973e-05 1.2860e-04 6.7104e-05 3.3965e-01 1.8687e-06
595 0.0000e+00 0.0000e+00 6.7233e-05 1.1192e-04 6.7233e-05 3.3960e-01 0.0000e+00
596 0.0000e+00 0.0000e+00 6.7327e-05 9.8645e-05 6.7327e-05 3.3957e-01 0.0000e+00
597 0.0000e+00 6.2600e-05 6.7393e-05 8.7221e-05 6.7393e-05 3.3955e-01 0.0000e+00
598 0.0000e+00 1.2080e-04 6.7435e-05 7.7274e-05 6.7435e-05 3.3954e-01 0.0000e+00
599 0.0000e+00 1.7090e-04 6.7456e-05 6.8565e-05 6.7456e-05 3.3954e-01 0.0000e+00
600 0.0000e+00 2.0930e-04 6.7458e-05 6.0916e-05 6.7458e-05 3.3955e-01 0.0000e+00
601 0.0000e+00 2.3150e-04 6.7444e-05 5.4179e-05 6.7444e-05 3.3956e-01 0.0000e+00
602 0.0000e+00 2.4180e-04 6.7416e-05 4.8235e-05 6.7416e-05 3.3958e-01 0.0000e+00
603 0.0000e+00 2.3150e-04 6.7376e-05 4.2982e-05 6.7376e-05 3.3960e-01 0.0000e+00
604 0.0000e+00 2.0930e-04 6.7324e-05 3.8332e-05 6.7324e-05 3.3963e-01 0.0000e+00
605 0.0000e+00 1.7090e-04 6.7264e-05 3.4213e-05 6.7264e-05 3.3966e-01 0.0000e+00
606 0.0000e+00 1.2080e-04 6.7194e-05 3.0558e-05 6.7194e-05 3.3970e-01 0.0000e+00
607 0.0000e+00 5.8500e-05 6.7117e-05 2.7313e-05 6.7117e-05 3.3974e-01 0.0000e+00
608 0.0000e+00 0.0000e+00 6.7034e-05 2.4429e-05 6.7034e-05 3.3978e-01 0.0000e+00
609 0.0000e+00 0.0000e+00 6.6945e-05 2.1864e-05 6.6945e-05 3.3983e-01 0.0000e+00
610 0.0000e+00 0.0000e+00 6.6850e-05 1.9580e-05 6.6850e-05 3.3988e-01 0.0000e+00
611 0.0000e+00 0.0000e+00 6.6752e-05 1.7545e-05 6.6752e-05 3.3993e-01 0.0000e+00
612 0.0000e+00 0.0000e+00 6.6649e-05 1.5730e-05 6.6649e-05 3.3998e-01 0.0000e+00
613 0.0000e+00 0.0000e+00 6.6543e-05 1.4111e-05 6.6543e-05 3.4003e-01 0.0000e+00
614 0.0000e+00 0.0000e+00 6.6434e-05 1.2666e-05 6.6434e-05 3.4008e-01 0.0000e+00
615 0.0000e+00 0.0000e+00 6.6323e-05 1.1374e-05 6.6323e-05 3.4014e-01 0.0000e+00
616 0.0000e+00 0.0000e+00 6.6209e-05 1.0220e-05 6.6209e-05 3.4019e-01 0.0000e+00
617 0.0000e+00 0.0000e+00 6.6093e-05 9.1871e-06 6.6093e-05 3.4025e-01 0.0000e+00
618 0.0000e+00 0.0000e+00 6.5976e-05 8.2628e-06 6.5976e-05 3.4031e-01 0.0000e+00
619 0.0000e+00 0.0000e+00 6.5857e-05 7.4351e-06 6.5857e-05 3.4037e-01 0.0000e+00
620 0.0000e+00 0.0000e+00 6.5737e-05 6.6933e-06 6.5737e-05 3.4043e-01 0.0000e+00
621 0.0000e+00 1.4200e-05 6.5616e-05 6.0283e-06 6.5616e-05 3.4048e-01 0.0000e+00
622 0.0000e+00 2.7500e-05 6.5493e-05 5.4318e-06 6.5493e-05 3.4054e-01 0.0000e+00
623 0.0000e+00 3.8900e-05 6.5371e-05 4.8965e-06 6.5371e-05 3.4061e-01 0.0000e+00
624 1.0000e-03 4.7600e-05 6.5247e-05 4.4158e-06 6.5247e-05 3.4067e-01 0.0000e+00
625 1.0000e-03 5.2700e-05 6.5268e-05 8.1268e-06 6.5123e-05 3.4072e-01 1.4448e-07
626 3.0000e-03 5.5000e-05 7.0515e-05 1.6496e-04 6.5007e-05 3.4062e-01 5.5078e-06
627 2.0000e-03 5.2700e-05 6.8845e-05 2.4413e-04 6.5211e-05 3.4044e-01 3.6347e-06
628 1.5000e-03 4.7600e-05 6.8281e-05 2.8770e-04 6.5576e-05 3.4022e-01 2.7046e-06
629 3.5000e-03 3.8900e-05 7.2485e-05 4.3474e-04 6.6033e-05 3.3985e-01 6.4517e-06
630 4.0000e-03 2.7500e-05 7.4201e-05 5.8887e-04 6.6798e-05 3.3933e-01 7.4023e-06
631 5.0000e-03 1.3300e-05 7.7189e-05 7.7865e-04 6.7897e-05 3.3862e-01 9.2924e-06
632 0.0000e+00 0.0000e+00 6.9422e-05 6.7479e-04 6.9422e-05 3.3802e-01 0.0000e+00
633 0.0000e+00 0.0000e+00 7.0748e-05 5.9133e-04 7.0748e-05 3.3749e-01 0.0000e+00
634 1.0000e-03 0.0000e+00 7.3752e-05 5.7380e-04 7.1908e-05 3.3699e-01 1.8439e-06
635 2.5000e-03 0.0000e+00 7.7717e-05 6.4081e-04 7.3045e-05 3.3643e-01 4.6719e-06
636 3.5000e-03 0.0000e+00 8.0893e-05 7.5256e-04 7.4353e-05 3.3575e-01 6.5406e-06
637 3.0000e-03 0.0000e+00 8.1551e-05 8.2131e-04 7.5945e-05 3.3500e-01 5.6063e-06
638 0.0000e+00 0.0000e+00 7.7735e-05 7.1524e-04 7.7735e-05 3.3436e-01 0.0000e+00
639 5.0000e-04 0.0000e+00 8.0233e-05 6.5624e-04 7.9299e-05 3.3379e-01 9.3437e-07
640 0.0000e+00 0.0000e+00 8.0742e-05 5.7618e-04 8.0742e-05 3.3329e-01 0.0000e+00
641 5.0000e-04 0.0000e+00 8.2936e-05 5.3552e-04 8.2002e-05 3.3284e-01 9.3437e-07
642 0.0000e+00 0.0000e+00 8.3172e-05 4.7071e-04 8.3172e-05 3.3245e-01 0.0000e+00
643 5.0000e-04 0.0000e+00 8.5120e-05 4.4333e-04 8.4185e-05 3.3209e-01 9.3437e-07
644 0.0000e+00 0.0000e+00 8.5136e-05 3.8977e-04 8.5136e-05 3.3179e-01 0.0000e+00
645 0.0000e+00 1.6900e-05 8.5950e-05 3.4379e-04 8.5950e-05 3.3153e-01 0.0000e+00
646 0.0000e+00 3.2600e-05 8.6645e-05 3.0355e-04 8.6645e-05 3.3131e-01 0.0000e+00
647 0.0000e+00 4.6100e-05 8.7235e-05 2.6827e-04 8.7235e-05 3.3113e-01 0.0000e+00
648 0.0000e+00 5.6400e-05 8.7729e-05 2.3727e-04 8.7729e-05 3.3098e-01 0.0000e+00
649 0.0000e+00 6.2400e-05 8.8140e-05 2.1002e-04 8.8140e-05 3.3086e-01 0.0000e+00
650 0.0000e+00 6.5200e-05 8.8477e-05 1.8604e-04 8.8477e-05 3.3076e-01 0.0000e+00
651 0.0000e+00 6.2400e-05 8.8747e-05 1.6490e-04 8.8747e-05 3.3069e-01 0.0000e+00
652 0.0000e+00 5.6400e-05 8.8958e-05 1.4627e-04 8.8958e-05 3.3063e-01 0.0000e+00
653 0.0000e+00 4.6100e-05 8.9118e-05 1.2983e-04 8.9118e-05 3.3059e-01 0.0000e+00
654 0.0000e+00 3.2600e-05 8.9231e-05 1.1532e-04 8.9231e-05 3.3056e-01 0.0000e+00
655 0.0000e+00 1.5800e-05 8.9304e-05 1.0249e-04 8.9304e-05 3.3055e-01 0.0000e+00
656 0.0000e+00 0.0000e+00 8.9341e-05 9.1150e-05 8.9341e-05 3.3055e-01 0.0000e+00
657 0.0000e+00 0.0000e+00 8.9346e-05 8.1115e-05 8.9346e-05 3.3055e-01 0.0000e+00
658 0.0000e+00 0.0000e+00 8.9323e-05 7.2228e-05 8.9323e-05 3.3057e-01 0.0000e+00
659 0.0000e+00 0.0000e+00 8.9275e-05 6.4354e-05 8.9275e-05 3.3060e-01 0.0000e+00
660 0.0000e+00 0.0000e+00 8.9206e-05 5.7373e-05 8.9206e-05 3.3063e-01 0.0000e+00
661 0.0000e+00 0.0000e+00 8.9117e-05 5.1179e-05 8.9117e-05 3.3067e-01 0.0000e+00
662 0.0000e+00 0.0000e+00 8.9011e-05 4.5681e-05 8.9011e-05 3.3071e-01 0.0000e+00
663 0.0000e+00 0.0000e+00 8.8891e-05 4.0796e-05 8.8891e-05 3.3076e-01 0.0000e+00
664 0.0000e+00 0.0000e+00 8.8757e-05 3.6454e-05 8.8757e-05 3.3081e-01 0.0000e+00
665 0.0000e+00 0.0000e+00 8.8613e-05 3.2592e-05 8.8613e-05 3.3087e-01 0.0000e+00
666 5.0000e-04 0.0000e+00 8.8475e-05 2.9688e-05 8.8458e-05 3.3093e-01 1.7325e-08
667 0.0000e+00 0.0000e+00 8.8295e-05 2.6534e-05 8.8295e-05 3.3099e-01 0.0000e+00
668 5.0000e-04 0.0000e+00 8.9059e-05 5.2477e-05 8.8125e-05 3.3102e-01 9.3437e-07
669 5.0000e-04 1.5300e-05 8.8961e-05 7.3723e-05 8.8027e-05 3.3104e-01 9.3437e-07
670 0.0000e+00 2.9500e-05 8.7988e-05 6.3214e-05 8.7988e-05 3.3106e-01 0.0000e+00
671 1.0000e-03 4.1700e-05 8.9978e-05 1.0981e-04 8.7919e-05 3.3104e-01 2.0590e-06
672 0.0000e+00 5.1100e-05 8.7980e-05 9.3765e-05 8.7980e-05 3.3103e-01 0.0000e+00
673 0.0000e+00 5.6500e-05 8.7995e-05 8.1621e-05 8.7995e-05 3.3104e-01 0.0000e+00
674 0.0000e+00 5.9000e-05 8.7978e-05 7.1359e-05 8.7978e-05 3.3106e-01 0.0000e+00
675 5.0000e-04 5.6500e-05 8.8478e-05 7.9346e-05 8.7932e-05 3.3107e-01 5.4572e-07
676 5.0000e-04 5.1100e-05 8.8737e-05 9.4330e-05 8.7909e-05 3.3106e-01 8.2879e-07
677 0.0000e+00 4.1700e-05 8.7926e-05 8.1416e-05 8.7926e-05 3.3107e-01 0.0000e+00
678 0.0000e+00 2.9500e-05 8.7908e-05 7.1173e-05 8.7908e-05 3.3108e-01 0.0000e+00
679 1.0000e-03 1.4300e-05 8.9701e-05 1.1264e-04 8.7862e-05 3.3106e-01 1.8385e-06
680 1.0000e-03 0.0000e+00 9.0073e-05 1.5289e-04 8.7931e-05 3.3099e-01 2.1426e-06
681 0.0000e+00 0.0000e+00 8.8109e-05 1.3103e-04 8.8109e-05 3.3095e-01 0.0000e+00
682 0.0000e+00 0.0000e+00 8.8227e-05 1.1404e-04 8.8227e-05 3.3092e-01 0.0000e+00
683 0.0000e+00 0.0000e+00 8.8299e-05 9.9647e-05 8.8299e-05 3.3091e-01 0.0000e+00
684 0.0000e+00 0.0000e+00 8.8330e-05 8.7310e-05 8.8330e-05 3.3091e-01 0.0000e+00
685 0.0000e+00 0.0000e+00 8.8327e-05 7.6663e-05 8.8327e-05 3.3093e-01 0.0000e+00
686 0.0000e+00 0.0000e+00 8.8295e-05 6.7432e-05 8.8295e-05 3.3095e-01 0.0000e+00
687 0.0000e+00 0.0000e+00 8.8237e-05 5.9402e-05 8.8237e-05 3.3098e-01 0.0000e+00
688 0.0000e+00 0.0000e+00 8.8158e-05 5.2399e-05 8.8158e-05 3.3101e-01 0.0000e+00
689 0.0000e+00 0.0000e+00 8.8060e-05 4.6277e-05 8.8060e-05 3.3105e-01 0.0000e+00
690 0.0000e+00 0.0000e+00 8.7945e-05 4.0916e-05 8.7945e-05 3.3110e-01 0.0000e+00
691 0.0000e+00 0.0000e+00 8.7815e-05 3.6215e-05 8.7815e-05 3.3115e-01 0.0000e+00
692 0.0000e+00 0.0000e+00 8.7674e-05 3.2084e-05 8.7674e-05 3.3121e-01 0.0000e+00
693 0.0000e+00 5.6100e-05 8.7522e-05 2.8452e-05 8.7522e-05 3.3127e-01 0.0000e+00
694 0.0000e+00 1.0830e-04 8.7360e-05 2.5252e-05 8.7360e-05 3.3133e-01 0.0000e+00
695 0.0000e+00 1.5320e-04 8.7191e-05 2.2432e-05 8.7191e-05 3.3139e-01 0.0000e+00
696 0.0000e+00 1.8770e-04 8.7015e-05 1.9942e-05 8.7015e-05 3.3146e-01 0.0000e+00
697 0.0000e+00 2.0760e-04 8.6833e-05 1.7743e-05 8.6833e-05 3.3153e-01 0.0000e+00
698 0.0000e+00 2.1680e-04 8.6645e-05 1.5797e-05 8.6645e-05 3.3160e-01 0.0000e+00
699 0.0000e+00 2.0760e-04 8.6454e-05 1.4075e-05 8.6454e-05 3.3167e-01 0.0000e+00
700 5.0000e-04 1.8770e-04 8.6258e-05 1.2550e-05 8.6258e-05 3.3175e-01 0.0000e+00
701 0.0000e+00 1.5320e-04 8.6060e-05 1.1197e-05 8.6060e-05 3.3182e-01 0.0000e+00
702 0.0000e+00 1.0830e-04 8.5859e-05 9.9971e-06 8.5859e-05 3.3190e-01 0.0000e+00
703 0.0000e+00 5.2400e-05 8.5655e-05 8.9311e-06 8.5655e-05 3.3197e-01 0.0000e+00
704 0.0000e+00 0.0000e+00 8.5450e-05 7.9837e-06 8.5450e-05 3.3205e-01 0.0000e+00
705 0.0000e+00 0.0000e+00 8.5244e-05 7.1411e-06 8.5244e-05 3.3213e-01 0.0000e+00
706 0.0000e+00 0.0000e+00 8.5036e-05 6.3912e-06 8.5036e-05 3.3221e-01 0.0000e+00
707 0.0000e+00 0.0000e+00 8.4827e-05 5.7233e-06 8.4827e-05 3.3229e-01 0.0000e+00
708 0.0000e+00 0.0000e+00 8.4618e-05 5.1280e-06 8.4618e-05 3.3237e-01 0.0000e+00
709 0.0000e+00 0.0000e+00 8.4408e-05 4.5972e-06 8.4408e-05 3.3245e-01 0.0000e+00
710 0.0000e+00 0.0000e+00 8.4198e-05 4.1235e-06 8.4198e-05 3.3253e-01 0.0000e+00
711 0.0000e+00 0.0000e+00 8.3987e-05 3.7005e-06 8.3987e-05 3.3261e-01 0.0000e+00
712 0.0000e+00 0.0000e+00 8.3777e-05 3.3225e-06 8.3777e-05 3.3269e-01 0.0000e+00
713 0.0000e+00 0.0000e+00 8.3566e-05 2.9847e-06 8.3566e-05 3.3277e-01 0.0000e+00
714 0.0000e+00 0.0000e+00 8.3356e-05 2.6826e-06 8.3356e-05 3.3285e-01 0.0000e+00
715 0.0000e+00 0.0000e+00 8.3146e-05 2.4122e-06 8.3146e-05 3.3293e-01 0.0000e+00
716 0.0000e+00 0.0000e+00 8.2937e-05 2.1701e-06 8.2937e-05 3.3301e-01 0.0000e+00
717 0.0000e+00 8.5600e-05 8.2728e-05 1.9532e-06 8.2728e-05 3.3309e-01 0.0000e+00
718 0.0000e+00 1.6520e-04 8.2519e-05 1.7587e-06 8.2519e-05 3.3317e-01 0.0000e+00
719 0.0000e+00 2.3380e-04 8.2311e-05 1.5843e-06 8.2311e-05 3.3325e-01 0.0000e+00
720 0.0000e+00 2.8620e-04 8.2104e-05 1.4277e-06 8.2104e-05 3.3333e-01 0.0000e+00
721 0.0000e+00 3.1670e-04 8.1897e-05 1.2873e-06 8.1897e-05 3.3341e-01 0.0000e+00
722 0.0000e+00 3.3060e-04 8.1691e-05 1.1611e-06 8.1691e-05 3.3349e-01 0.0000e+00
723 0.0000e+00 3.1670e-04 8.1486e-05 1.0478e-06 8.1486e-05 3.3357e-01 0.0000e+00
724 0.0000e+00 2.8620e-04 8.1281e-05 9.4587e-07 8.1281e-05 3.3365e-01 0.0000e+00
725 0.0000e+00 2.3380e-04 8.1077e-05 8.5421e-07 8.1077e-05 3.3373e-01 0.0000e+00
726 0.0000e+00 1.6520e-04 8.0874e-05 7.7174e-07 8.0874e-05 3.3381e-01 0.0000e+00
727 0.0000e+00 8.0000e-05 8.0672e-05 6.9750e-07 8.0672e-05 3.3389e-01 0.0000e+00
728 0.0000e+00 0.0000e+00 8.0471e-05 6.3045e-07 8.0471e-05 3.3397e-01 0.0000e+00
729 0.0000e+00 0.0000e+00 8.0270e-05 5.7025e-07 8.0270e-05 3.3405e-01 0.0000e+00
730 0.0000e+00 0.0000e+00 8.0071e-05 5.1598e-07 8.0071e-05 3.3413e-01 0.0000e+00
731 0.0000e+00 0.0000e+00 7.9872e-05 4.6704e-07 7.9872e-05 3.3421e-01 0.0000e+00
732 0.0000e+00 0.0000e+00 7.9674e-05 4.2290e-07 7.9674e-05 3.3429e-01 0.0000e+00
733 0.0000e+00 0.0000e+00 7.9477e-05 3.8306e-07 7.9477e-05 3.3437e-01 0.0000e+00
734 0.0000e+00 0.0000e+00 7.9280e-05 3.4709e-07 7.9280e-05 3.3445e-01 0.0000e+00
735 0.0000e+00 0.0000e+00 7.9085e-05 3.1427e-07 7.9085e-05 3.3453e-01 0.0000e+00
736 0.0000e+00 0.0000e+00 7.8891e-05 2.8497e-07 7.8891e-05 3.3461e-01 0.0000e+00
737 0.0000e+00 0.0000e+00 7.8697e-05 2.5849e-07 7.8697e-05 3.3469e-01 0.0000e+00
738 0.0000e+00 0.0000e+00 7.8505e-05 2.3454e-07 7.8505e-05 3.3476e-01 0.0000e+00
739 0.0000e+00 0.0000e+00 7.8313e-05 2.1288e-07 7.8313e-05 3.3484e-01 0.0000e+00
740 0.0000e+00 0.0000e+00 7.8122e-05 1.9328e-07 7.8122e-05 3.3492e-01 0.0000e+00
741 0.0000e+00 7.4700e-05 7.7932e-05 1.7554e-07 7.7932e-05 3.3500e-01 0.0000e+00
742 0.0000e+00 1.4410e-04 7.7743e-05 1.5947e-07 7.7743e-05 3.3508e-01 0.0000e+00
743 0.0000e+00 2.0380e-04 7.7554e-05 1.4441e-07 7.7554e-05 3.3515e-01 0.0000e+00
744 0.0000e+00 2.4960e-04 7.7367e-05 1.3130e-07 7.7367e-05 3.3523e-01 0.0000e+00
745 0.0000e+00 2.7610e-04 7.7181e-05 1.1941e-07 7.7181e-05 3.3531e-01 0.0000e+00
746 0.0000e+00 2.8830e-04 7.6995e-05 1.0862e-07 7.6995e-05 3.3538e-01 0.0000e+00
747 0.0000e+00 2.7610e-04 7.6810e-05 9.8842e-08 7.6810e-05 3.3546e-01 0.0000e+00
748 0.0000e+00 2.4960e-04 7.6626e-05 8.9964e-08 7.6626e-05 3.3554e-01 0.0000e+00
749 0.0000e+00 2.0380e-04 7.6443e-05 8.1905e-08 7.6443e-05 3.3561e-01 0.0000e+00
750 0.0000e+00 1.4410e-04 7.6261e-05 7.4588e-08 7.6261e-05 3.3569e-01 0.0000e+00
751 0.0000e+00 6.9800e-05 7.6080e-05 6.7273e-08 7.6080e-05 3.3577e-01 0.0000e+00
752 0.0000e+00 0.0000e+00 7.5899e-05 6.1322e-08 7.5899e-05 3.3584e-01 0.0000e+00
753 0.0000e+00 0.0000e+00 7.5719e-05 5.5911e-08 7.5719e-05 3.3592e-01 0.0000e+00
754 0.0000e+00 0.0000e+00 7.5541e-05 5.0989e-08 7.5541e-05 3.3599e-01 0.0000e+00
755 0.0000e+00 0.0000e+00 7.5363e-05 4.6511e-08 7.5363e-05 3.3607e-01 0.0000e+00
756 0.0000e+00 0.0000e+00 7.5185e-05 4.2435e-08 7.5185e-05 3.3614e-01 0.0000e+00
757 0.0000e+00 0.0000e+00 7.5009e-05 3.8726e-08 7.5009e-05 3.3622e-01 0.0000e+00
758 0.0000e+00 0.0000e+00 7.4834e-05 3.5348e-08 7.4834e-05 3.3629e-01 0.0000e+00
759 0.0000e+00 0.0000e+00 7.4659e-05 3.1507e-08 7.4659e-05 3.3637e-01 0.0000e+00
760 0.0000e+00 0.0000e+00 7.4485e-05 2.8797e-08 7.4485e-05 3.3644e-01 0.0000e+00
761 0.0000e+00 0.0000e+00 7.4312e-05 2.6325e-08 7.4312e-05 3.3652e-01 0.0000e+00
762 0.0000e+00 0.0000e+00 7.4140e-05 2.4069e-08 7.4140e-05 3.3659e-01 0.0000e+00
763 0.0000e+00 0.0000e+00 7.3968e-05 2.2010e-08 7.3968e-05 3.3666e-01 0.0000e+00
764 0.0000e+00 0.0000e+00 7.3797e-05 2.0131e-08 7.3797e-05 3.3674e-01 0.0000e+00
765 0.0000e+00 9.6700e-05 7.3627e-05 1.8416e-08 7.3627e-05 3.3681e-01 0.0000e+00
766 0.0000e+00 1.8660e-04 7.3458e-05 1.6850e-08 7.3458e-05 3.3689e-01 0.0000e+00
767 0.0000e+00 2.6400e-04 7.3290e-05 1.4645e-08 7.3290e-05 3.3696e-01 0.0000e+00
768 0.0000e+00 3.2330e-04 7.3122e-05 1.3424e-08 7.3122e-05 3.3703e-01 0.0000e+00
769 0.0000e+00 3.5770e-04 7.2955e-05 1.2306e-08 7.2955e-05 3.3711e-01 0.0000e+00
770 0.0000e+00 3.7350e-04 7.2789e-05 1.1283e-08 7.2789e-05 3.3718e-01 0.0000e+00
771 0.0000e+00 3.5770e-04 7.2624e-05 1.0346e-08 7.2624e-05 3.3725e-01 0.0000e+00
772 0.0000e+00 3.2330e-04 7.2459e-05 9.4889e-09 7.2459e-05 3.3732e-01 0.0000e+00
773 0.0000e+00 2.6400e-04 7.2295e-05 8.7036e-09 7.2295e-05 3.3740e-01 0.0000e+00
774 0.0000e+00 1.8660e-04 7.2132e-05 7.9844e-09 7.2132e-05 3.3747e-01 0.0000e+00
775 0.0000e+00 9.0400e-05 7.1970e-05 7.3256e-09 7.1970e-05 3.3754e-01 0.0000e+00
776 0.0000e+00 0.0000e+00 7.1808e-05 6.1899e-09 7.1808e-05 3.3761e-01 0.0000e+00
777 0.0000e+00 0.0000e+00 7.1647e-05 5.6907e-09 7.1647e-05 3.3768e-01 0.0000e+00
778 0.0000e+00 0.0000e+00 7.1487e-05 5.2324e-09 7.1487e-05 3.3775e-01 0.0000e+00
779 0.0000e+00 0.0000e+00 7.1327e-05 4.8114e-09 7.1327e-05 3.3783e-01 0.0000e+00
780 0.0000e+00 0.0000e+00 7.1169e-05 4.4247e-09 7.1169e-05 3.3790e-01 0.0000e+00
781 0.0000e+00 0.0000e+00 7.1011e-05 4.0696e-09 7.1011e-05 3.3797e-01 0.0000e+00
782 0.0000e+00 0.0000e+00 7.0853e-05 3.7433e-09 7.0853e-05 3.3804e-01 0.0000e+00
783 0.0000e+00 0.0000e+00 7.0696e-05 3.4435e-09 7.0696e-05 3.3811e-01 0.0000e+00
784 0.0000e+00 0.0000e+00 7.0540e-05 2.8330e-09 7.0540e-05 3.3818e-01 0.0000e+00
785 0.0000e+00 0.0000e+00 7.0385e-05 2.6113e-09 7.0385e-05 3.3825e-01 0.0000e+00
786 0.0000e+00 0.0000e+00 7.0231e-05 2.4071e-09 7.0231e-05 3.3832e-01 0.0000e+00
787 0.0000e+00 0.0000e+00 7.0077e-05 2.2191e-09 7.0077e-05 3.3839e-01 0.0000e+00
788 0.0000e+00 0.0000e+00 6.9923e-05 2.0459e-09 6.9923e-05 3.3846e-01 0.0000e+00
789 0.0000e+00 1.2590e-04 6.9771e-05 1.8864e-09 6.9771e-05 3.3853e-01 0.0000e+00
790 0.0000e+00 2.4290e-04 6.9619e-05 1.7394e-09 6.9619e-05 3.3860e-01 0.0000e+00
791 0.0000e+00 3.4370e-04 6.9467e-05 1.6040e-09 6.9467e-05 3.3867e-01 0.0000e+00
792 0.0000e+00 4.2090e-04 6.9317e-05 1.2365e-09 6.9317e-05 3.3874e-01 0.0000e+00
793 0.0000e+00 4.6560e-04 6.9167e-05 1.1429e-09 6.9167e-05 3.3881e-01 0.0000e+00
794 0.0000e+00 4.8620e-04 6.9017e-05 1.0563e-09 6.9017e-05 3.3888e-01 0.0000e+00
795 0.0000e+00 4.6560e-04 6.8869e-05 9.7644e-10 6.8869e-05 3.3895e-01 0.0000e+00
796 0.0000e+00 4.2090e-04 6.8721e-05 9.0263e-10 6.8721e-05 3.3901e-01 0.0000e+00
797 0.0000e+00 3.4370e-04 6.8573e-05 8.3444e-10 6.8573e-05 3.3908e-01 0.0000e+00
798 0.0000e+00 2.4290e-04 6.8427e-05 7.7144e-10 6.8427e-05 3.3915e-01 0.0000e+00
799 0.0000e+00 1.1760e-04 6.8280e-05 7.1324e-10 6.8280e-05 3.3922e-01 0.0000e+00
800 0.0000e+00 0.0000e+00 6.8135e-05 6.5946e-10 6.8135e-05 3.3929e-01 0.0000e+00
801 0.0000e+00 0.0000e+00 6.7990e-05 4.5913e-10 6.7990e-05 3.3936e-01 0.0000e+00
802 0.0000e+00 0.0000e+00 6.7846e-05 4.2559e-10 6.7846e-05 3.3942e-01 0.0000e+00
803 0.0000e+00 0.0000e+00 6.7702e-05 3.9452e-10 6.7702e-05 3.3949e-01 0.0000e+00
804 0.0000e+00 0.0000e+00 6.7559e-05 3.6573e-10 6.7559e-05 3.3956e-01 0.0000e+00
805 0.0000e+00 0.0000e+00 6.7416e-05 3.3906e-10 6.7416e-05 3.3963e-01 0.0000e+00
806 0.0000e+00 0.0000e+00 6.7274e-05 3.1434e-10 6.7274e-05 3.3969e-01 0.0000e+00
807 0.0000e+00 0.0000e+00 6.7133e-05 2.9143e-10 6.7133e-05 3.3976e-01 0.0000e+00
808 0.0000e+00 0.0000e+00 6.6992e-05 2.7021e-10 6.6992e-05 3.3983e-01 0.0000e+00
809 0.0000e+00 0.0000e+00 6.6852e-05 1.6876e-10 6.6852e-05 3.3989e-01 0.0000e+00
810 0.0000e+00 0.0000e+00 6.6713e-05 1.5686e-10 6.6713e-05 3.3996e-01 0.0000e+00
811 0.0000e+00 0.0000e+00 6.6574e-05 1.4579e-10 6.6574e-05 3.4003e-01 0.0000e+00
812 0.0000e+00 0.0000e+00 6.6436e-05 1.3552e-10 6.6436e-05 3.4009e-01 0.0000e+00
813 0.0000e+00 3.0400e-05 6.6298e-05 1.2597e-10 6.6298e-05 3.4016e-01 0.0000e+00
814 0.0000e+00 5.8700e-05 6.6161e-05 1.1709e-10 6.6161e-05 3.4023e-01 0.0000e+00
815 0.0000e+00 8.3100e-05 6.6024e-05 1.0885e-10 6.6024e-05 3.4029e-01 0.0000e+00
816 0.0000e+00 1.0180e-04 6.5888e-05 1.0119e-10 6.5888e-05 3.4036e-01 0.0000e+00
817 0.0000e+00 1.1260e-04 6.5752e-05 9.4067e-11 6.5752e-05 3.4042e-01 0.0000e+00
818 0.0000e+00 1.1760e-04 6.5617e-05 4.8854e-11 6.5617e-05 3.4049e-01 0.0000e+00
819 0.0000e+00 1.1260e-04 6.5483e-05 4.5523e-11 6.5483e-05 3.4056e-01 0.0000e+00
820 0.0000e+00 1.0180e-04 6.5349e-05 4.2421e-11 6.5349e-05 3.4062e-01 0.0000e+00
821 0.0000e+00 8.3100e-05 6.5216e-05 3.9530e-11 6.5216e-05 3.4069e-01 0.0000e+00
822 0.0000e+00 5.8700e-05 6.5083e-05 3.6838e-11 6.5083e-05 3.4075e-01 0.0000e+00
823 0.0000e+00 2.8400e-05 6.4951e-05 3.4329e-11 6.4951e-05 3.4082e-01 0.0000e+00
824 0.0000e+00 0.0000e+00 6.4819e-05 3.1992e-11 6.4819e-05 3.4088e-01 0.0000e+00
825 0.0000e+00 0.0000e+00 6.4688e-05 2.9815e-11 6.4688e-05 3.4095e-01 0.0000e+00
826 0.0000e+00 0.0000e+00 6.4557e-05 2.7786e-11 6.4557e-05 3.4101e-01 0.0000e+00
827 0.0000e+00 0.0000e+00 6.4427e-05 9.1163e-12 6.4427e-05 3.4107e-01 0.0000e+00
828 0.0000e+00 0.0000e+00 6.4298e-05 8.5161e-12 6.4298e-05 3.4114e-01 0.0000e+00
829 0.0000e+00 0.0000e+00 6.4168e-05 7.9555e-12 6.4168e-05 3.4120e-01 0.0000e+00
830 0.0000e+00 0.0000e+00 6.4040e-05 7.4319e-12 6.4040e-05 3.4127e-01 0.0000e+00
831 0.0000e+00 0.0000e+00 6.3912e-05 6.9429e-12 6.3912e-05 3.4133e-01 0.0000e+00
832 0.0000e+00 0.0000e+00 6.3784e-05 6.4861e-12 6.3784e-05 3.4139e-01 0.0000e+00
833 0.0000e+00 0.0000e+00 6.3657e-05 6.0595e-12 6.3657e-05 3.4146e-01 0.0000e+00
834 0.0000e+00 0.0000e+00 6.3531e-05 5.6610e-12 6.3531e-05 3.4152e-01 0.0000e+00
835 0.0000e+00 0.0000e+00 6.3405e-05 0.0000e+00 6.3405e-05 3.4159e-01 0.0000e+00
836 0.0000e+00 0.0000e+00 6.3279e-05 0.0000e+00 6.3279e-05 3.4165e-01 0.0000e+00
837 0.0000e+00 6.6100e-05 6.3154e-05 0.0000e+00 6.3154e-05 3.4171e-01 0.0000e+00
838 0.0000e+00 1.2750e-04 6.3030e-05 0.0000e+00 6.3030e-05 3.4177e-01 0.0000e+00
839 0.0000e+00 1.8040e-04 6.2906e-05 0.0000e+00 6.2906e-05 3.4184e-01 0.0000e+00
840 0.0000e+00 2.2090e-04 6.2782e-05 0.0000e+00 6.2782e-05 3.4190e-01 0.0000e+00
841 0.0000e+00 2.4430e-04 6.2659e-05 0.0000e+00 6.2659e-05 3.4196e-01 0.0000e+00
842 0.0000e+00 2.5510e-04 6.2537e-05 0.0000e+00 6.2537e-05 3.4203e-01 0.0000e+00
843 0.0000e+00 2.4430e-04 6.2415e-05 0.0000e+00 6.2415e-05 3.4209e-01 0.0000e+00
844 0.0000e+00 2.2090e-04 6.2293e-05 0.0000e+00 6.2293e-05 3.4215e-01 0.0000e+00
845 0.0000e+00 1.8040e-04 6.2172e-05 0.0000e+00 6.2172e-05 3.4221e-01 0.0000e+00
846 0.0000e+00 1.2750e-04 6.2051e-05 0.0000e+00 6.2051e-05 3.4227e-01 0.0000e+00
847 0.0000e+00 6.1700e-05 6.1931e-05 0.0000e+00 6.1931e-05 3.4234e-01 0.0000e+00
848 0.0000e+00 0.0000e+00 6.1811e-05 0.0000e+00 6.1811e-05 3.4240e-01 0.0000e+00
849 0.0000e+00 0.0000e+00 6.1692e-05 0.0000e+00 6.1692e-05 3.4246e-01 0.0000e+00
850 0.0000e+00 0.0000e+00 6.1573e-05 0.0000e+00 6.1573e-05 3.4252e-01 0.0000e+00
851 0.0000e+00 0.0000e+00 6.1455e-05 0.0000e+00 6.1455e-05 3.4258e-01 0.0000e+00
852 0.0000e+00 0.0000e+00 6.1337e-05 0.0000e+00 6.1337e-05 3.4264e-01 0.0000e+00
853 0.0000e+00 0.0000e+00 6.1219e-05 0.0000e+00 6.1219e-05 3.4271e-01 0.0000e+00
854 0.0000e+00 0.0000e+00 6.1102e-05 0.0000e+00 6.1102e-05 3.4277e-01 0.0000e+00
855 0.0000e+00 0.0000e+00 6.0986e-05 0.0000e+00 6.0986e-05 3.4283e-01 0.0000e+00
856 0.0000e+00 0.0000e+00 6.0870e-05 0.0000e+00 6.0870e-05 3.4289e-01 0.0000e+00
857 0.0000e+00 0.0000e+00 6.0754e-05 0.0000e+00 6.0754e-05 3.4295e-01 0.0000e+00
858 0.0000e+00 0.0000e+00 6.0639e-05 0.0000e+00 6.0639e-05 3.4301e-01 0.0000e+00
859 0.0000e+00 0.0000e+00 6.0524e-05 0.0000e+00 6.0524e-05 3.4307e-01 0.0000e+00
860 0.0000e+00 0.0000e+00 6.0410e-05 0.0000e+00 6.0410e-05 3.4313e-01 0.0000e+00
861 0.0000e+00 9.7600e-05 6.0296e-05 0.0000e+00 6.0296e-05 3.4319e-01 0.0000e+00
862 0.0000e+00 1.8830e-04 6.0182e-05 0.0000e+00 6.0182e-05 3.4325e-01 0.0000e+00
863 0.0000e+00 2.6650e-04 6.0069e-05 0.0000e+00 6.0069e-05 3.4331e-01 0.0000e+00
864 0.0000e+00 3.2630e-04 5.9956e-05 0.0000e+00 5.9956e-05 3.4337e-01 0.0000e+00
865 0.0000e+00 3.6100e-04 5.9844e-05 0.0000e+00 5.9844e-05 3.4343e-01 0.0000e+00
866 0.0000e+00 3.7690e-04 5.9732e-05 0.0000e+00 5.9732e-05 3.4349e-01 0.0000e+00
867 0.0000e+00 3.6100e-04 5.9621e-05 0.0000e+00 5.9621e-05 3.4355e-01 0.0000e+00
868 0.0000e+00 3.2630e-04 5.9510e-05 0.0000e+00 5.9510e-05 3.4361e-01 0.0000e+00
869 0.0000e+00 2.6650e-04 5.9399e-05 0.0000e+00 5.9399e-05 3.4367e-01 0.0000e+00
870 0.0000e+00 1.8830e-04 5.9289e-05 0.0000e+00 5.9289e-05 3.4373e-01 0.0000e+00
871 0.0000e+00 9.1200e-05 5.9180e-05 0.0000e+00 5.9180e-05 3.4379e-01 0.0000e+00
872 0.0000e+00 0.0000e+00 5.9070e-05 0.0000e+00 5.9070e-05 3.4385e-01 0.0000e+00
873 0.0000e+00 0.0000e+00 5.8961e-05 0.0000e+00 5.8961e-05 3.4391e-01 0.0000e+00
874 0.0000e+00 0.0000e+00 5.8853e-05 0.0000e+00 5.8853e-05 3.4396e-01 0.0000e+00
875 0.0000e+00 0.0000e+00 5.8745e-05 0.0000e+00 5.8745e-05 3.4402e-01 0.0000e+00
876 0.0000e+00 0.0000e+00 5.8637e-05 0.0000e+00 5.8637e-05 3.4408e-01 0.0000e+00
877 0.0000e+00 0.0000e+00 5.8529e-05 0.0000e+00 5.8529e-05 3.4414e-01 0.0000e+00
878 0.0000e+00 0.0000e+00 5.8423e-05 0.0000e+00 5.8423e-05 3.4420e-01 0.0000e+00
879 0.0000e+00 0.0000e+00 5.8316e-05 0.0000e+00 5.8316e-05 3.4426e-01 0.0000e+00
880 0.0000e+00 0.0000e+00 5.8210e-05 0.0000e+00 5.8210e-05 3.4432e-01 0.0000e+00
881 0.0000e+00 0.0000e+00 5.8104e-05 0.0000e+00 5.8104e-05 3.4437e-01 0.0000e+00
882 0.0000e+00 0.0000e+00 5.7999e-05 0.0000e+00 5.7999e-05 3.4443e-01 0.0000e+00
883 0.0000e+00 0.0000e+00 5.7894e-05 0.0000e+00 5.7894e-05 3.4449e-01 0.0000e+00
884 0.0000e+00 0.0000e+00 5.7789e-05 0.0000e+00 5.7789e-05 3.4455e-01 0.0000e+00
885 0.0000e+00 6.4300e-05 5.7685e-05 0.0000e+00 5.7685e-05 3.4461e-01 0.0000e+00
886 0.0000e+00 1.2410e-04 5.7581e-05 0.0000e+00 5.7581e-05 3.4466e-01 0.0000e+00
887 0.0000e+00 1.7560e-04 5.7477e-05 0.0000e+00 5.7477e-05 3.4472e-01 0.0000e+00
888 0.0000e+00 2.1500e-04 5.7374e-05 0.0000e+00 5.7374e-05 3.4478e-01 0.0000e+00
889 0.0000e+00 2.3790e-04 5.7271e-05 0.0000e+00 5.7271e-05 3.4483e-01 0.0000e+00
890 0.0000e+00 2.4840e-04 5.7169e-05 0.0000e+00 5.7169e-05 3.4489e-01 0.0000e+00
891 0.0000e+00 2.3790e-04 5.7067e-05 0.0000e+00 5.7067e-05 3.4495e-01 0.0000e+00
892 0.0000e+00 2.1500e-04 5.6965e-05 0.0000e+00 5.6965e-05 3.4501e-01 0.0000e+00
893 0.0000e+00 1.7560e-04 5.6864e-05 0.0000e+00 5.6864e-05 3.4506e-01 0.0000e+00
894 0.0000e+00 1.2410e-04 5.6763e-05 0.0000e+00 5.6763e-05 3.4512e-01 0.0000e+00
895 0.0000e+00 6.0100e-05 5.6662e-05 0.0000e+00 5.6662e-05 3.4518e-01 0.0000e+00
896 0.0000e+00 0.0000e+00 5.6562e-05 0.0000e+00 5.6562e-05 3.4523e-01 0.0000e+00
897 0.0000e+00 0.0000e+00 5.6462e-05 0.0000e+00 5.6462e-05 3.4529e-01 0.0000e+00
898 0.0000e+00 0.0000e+00 5.6363e-05 0.0000e+00 5.6363e-05 3.4535e-01 0.0000e+00
899 0.0000e+00 0.0000e+00 5.6263e-05 0.0000e+00 5.6263e-05 3.4540e-01 0.0000e+00
900 0.0000e+00 0.0000e+00 5.6165e-05 0.0000e+00 5.6165e-05 3.4546e-01 0.0000e+00
901 0.0000e+00 0.0000e+00 5.6066e-05 0.0000e+00 5.6066e-05 3.4551e-01 0.0000e+00
902 0.0000e+00 0.0000e+00 5.5968e-05 0.0000e+00 5.5968e-05 3.4557e-01 0.0000e+00
903 0.0000e+00 0.0000e+00 5.5870e-05 0.0000e+00 5.5870e-05 3.4563e-01 0.0000e+00
904 0.0000e+00 0.0000e+00 5.5773e-05 0.0000e+00 5.5773e-05 3.4568e-01 0.0000e+00
905 0.0000e+00 0.0000e+00 5.5676e-05 0.0000e+00 5.5676e-05 3.4574e-01 0.0000e+00
906 0.0000e+00 0.0000e+00 5.5579e-05 0.0000e+00 5.5579e-05 3.4579e-01 0.0000e+00
907 0.0000e+00 0.0000e+00 5.5482e-05 0.0000e+00 5.5482e-05 3.4585e-01 0.0000e+00
908 0.0000e+00 0.0000e+00 5.5386e-05 0.0000e+00 5.5386e-05 3.4590e-01 0.0000e+00
909 0.0000e+00 8.0200e-05 5.5290e-05 0.0000e+00 5.5290e-05 3.4596e-01 0.0000e+00
910 0.0000e+00 1.5480e-04 5.5195e-05 0.0000e+00 5.5195e-05 3.4601e-01 0.0000e+00
911 0.0000e+00 2.1910e-04 5.5100e-05 0.0000e+00 5.5100e-05 3.4607e-01 0.0000e+00
912 0.0000e+00 2.6830e-04 5.5005e-05 0.0000e+00 5.5005e-05 3.4612e-01 0.0000e+00
913 0.0000e+00 2.9680e-04 5.4911e-05 0.0000e+00 5.4911e-05 3.4618e-01 0.0000e+00
914 0.0000e+00 3.0990e-04 5.4816e-05 0.0000e+00 5.4816e-05 3.4623e-01 0.0000e+00
915 0.0000e+00 2.9680e-04 5.4723e-05 0.0000e+00 5.4723e-05 3.4629e-01 0.0000e+00
916 0.0000e+00 2.6830e-04 5.4629e-05 0.0000e+00 5.4629e-05 3.4634e-01 0.0000e+00
917 0.0000e+00 2.1910e-04 5.4536e-05 0.0000e+00 5.4536e-05 3.4640e-01 0.0000e+00
918 0.0000e+00 1.5480e-04 5.4443e-05 0.0000e+00 5.4443e-05 3.4645e-01 0.0000e+00
919 0.0000e+00 7.5000e-05 5.4351e-05 0.0000e+00 5.4351e-05 3.4651e-01 0.0000e+00
920 0.0000e+00 0.0000e+00 5.4258e-05 0.0000e+00 5.4258e-05 3.4656e-01 0.0000e+00
921 0.0000e+00 0.0000e+00 5.4166e-05 0.0000e+00 5.4166e-05 3.4662e-01 0.0000e+00
922 0.0000e+00 0.0000e+00 5.4075e-05 0.0000e+00 5.4075e-05 3.4667e-01 0.0000e+00
923 0.0000e+00 0.0000e+00 5.3984e-05 0.0000e+00 5.3984e-05 3.4672e-01 0.0000e+00
924 0.0000e+00 0.0000e+00 5.3893e-05 0.0000e+00 5.3893e-05 3.4678e-01 0.0000e+00
925 0.0000e+00 0.0000e+00 5.3802e-05 0.0000e+00 5.3802e-05 3.4683e-01 0.0000e+00
926 0.0000e+00 0.0000e+00 5.3711e-05 0.0000e+00 5.3711e-05 3.4688e-01 0.0000e+00
927 0.0000e+00 0.0000e+00 5.3621e-05 0.0000e+00 5.3621e-05 3.4694e-01 0.0000e+00
928 0.0000e+00 0.0000e+00 5.3532e-05 0.0000e+00 5.3532e-05 3.4699e-01 0.0000e+00
929 0.0000e+00 0.0000e+00 5.3442e-05 0.0000e+00 5.3442e-05 3.4705e-01 0.0000e+00
930 0.0000e+00 0.0000e+00 5.3353e-05 0.0000e+00 5.3353e-05 3.4710e-01 0.0000e+00
931 0.0000e+00 0.0000e+00 5.3264e-05 0.0000e+00 5.3264e-05 3.4715e-01 0.0000e+00
932 0.0000e+00 0.0000e+00 5.3175e-05 0.0000e+00 5.3175e-05 3.4721e-01 0.0000e+00
933 0.0000e+00 9.6000e-05 5.3087e-05 0.0000e+00 5.3087e-05 3.4726e-01 0.0000e+00
934 0.0000e+00 1.8520e-04 5.2999e-05 0.0000e+00 5.2999e-05 3.4731e-01 0.0000e+00
935 0.0000e+00 2.6210e-04 5.2911e-05 0.0000e+00 5.2911e-05 3.4736e-01 0.0000e+00
936 0.0000e+00 3.2090e-04 5.2824e-05 0.0000e+00 5.2824e-05 3.4742e-01 0.0000e+00
937 0.0000e+00 3.5500e-04 5.2737e-05 0.0000e+00 5.2737e-05 3.4747e-01 0.0000e+00
938 0.0000e+00 3.7070e-04 5.2650e-05 0.0000e+00 5.2650e-05 3.4752e-01 0.0000e+00
939 0.0000e+00 3.5500e-04 5.2564e-05 0.0000e+00 5.2564e-05 3.4758e-01 0.0000e+00
940 0.0000e+00 3.2090e-04 5.2477e-05 0.0000e+00 5.2477e-05 3.4763e-01 0.0000e+00
941 0.0000e+00 2.6210e-04 5.2391e-05 0.0000e+00 5.2391e-05 3.4768e-01 0.0000e+00
942 0.0000e+00 1.8520e-04 5.2306e-05 0.0000e+00 5.2306e-05 3.4773e-01 0.0000e+00
943 0.0000e+00 8.9700e-05 5.2220e-05 0.0000e+00 5.2220e-05 3.4778e-01 0.0000e+00
944 0.0000e+00 0.0000e+00 5.2135e-05 0.0000e+00 5.2135e-05 3.4784e-01 0.0000e+00
945 0.0000e+00 0.0000e+00 5.2050e-05 0.0000e+00 5.2050e-05 3.4789e-01 0.0000e+00
946 0.0000e+00 0.0000e+00 5.1966e-05 0.0000e+00 5.1966e-05 3.4794e-01 0.0000e+00
947 0.0000e+00 0.0000e+00 5.1881e-05 0.0000e+00 5.1881e-05 3.4799e-01 0.0000e+00
948 0.0000e+00 0.0000e+00 5.1797e-05 0.0000e+00 5.1797e-05 3.4804e-01 0.0000e+00
949 0.0000e+00 0.0000e+00 5.1713e-05 0.0000e+00 5.1713e-05 3.4810e-01 0.0000e+00
950 0.0000e+00 0.0000e+00 5.1630e-05 0.0000e+00 5.1630e-05 3.4815e-01 0.0000e+00
Objective function values:
F1 1.354130e-05    NSE -1.32779   F2 9.450382e-02
Mean Obs Q 1.590065e-04   Variance Obs Q 6.123405e-09
    Error Variance 1.425400e-08

Water Balance for Subcatchment: Extracted study basin: Taegu Pyungkwang River

   SUMP       SUMAE      SUMQ       SUMRZ      SUMUZ      SBAR        BAL
1.890e-01  3.360e-02  5.655e-02  1.423e-02  0.000e+00  3.481e-01  9.661e-02
