Taegu Pyungkwang River Catchment: Calibration Data

Subcatchment : Extracted study basin: cat-10649

TL =     7.97
SUMAC =     1.00
SZQ =       0.05114
Subcatchment routing data:
Maximum Routing Delay       0.69444
Sum of Histogram ordinates:     1.0000
     1.00000 
Initial BAL             -0.23726
Initial SBAR             0.23526
Initial SR0              0.00200
it      p        ep       q(it)       quz      q       sbar       qof
1 0.0000e+00 6.1900e-05 3.2800e-05 0.0000e+00 3.2800e-05 2.3529e-01 0.0000e+00
2 0.0000e+00 6.4700e-05 3.2766e-05 0.0000e+00 3.2766e-05 2.3532e-01 0.0000e+00
3 1.0000e-03 6.1900e-05 3.2733e-05 0.0000e+00 3.2733e-05 2.3536e-01 0.0000e+00
4 1.0000e-03 5.6000e-05 3.2699e-05 0.0000e+00 3.2699e-05 2.3539e-01 0.0000e+00
5 1.0000e-03 4.5700e-05 4.3862e-05 7.2107e-05 3.2666e-05 2.3535e-01 1.1196e-05
6 5.0000e-04 3.2300e-05 3.9379e-05 1.0375e-04 3.2706e-05 2.3528e-01 6.6731e-06
7 5.0000e-04 1.5600e-05 3.9649e-05 1.3472e-04 3.2779e-05 2.3518e-01 6.8699e-06
8 0.0000e+00 0.0000e+00 3.2884e-05 1.1837e-04 3.2884e-05 2.3509e-01 0.0000e+00
9 5.0000e-04 0.0000e+00 4.0087e-05 1.5228e-04 3.2972e-05 2.3497e-01 7.1152e-06
10 5.0000e-04 0.0000e+00 4.0439e-05 1.8211e-04 3.3095e-05 2.3482e-01 7.3444e-06
11 0.0000e+00 0.0000e+00 3.3249e-05 1.6136e-04 3.3249e-05 2.3470e-01 0.0000e+00
12 0.0000e+00 0.0000e+00 3.3383e-05 1.4556e-04 3.3383e-05 2.3458e-01 0.0000e+00
13 1.0000e-03 0.0000e+00 4.8189e-05 2.2696e-04 3.3500e-05 2.3439e-01 1.4689e-05
14 5.0000e-04 0.0000e+00 4.1047e-05 2.4711e-04 3.3703e-05 2.3418e-01 7.3444e-06
15 5.0000e-04 0.0000e+00 4.1273e-05 2.6784e-04 3.3928e-05 2.3394e-01 7.3444e-06
16 1.0000e-03 0.0000e+00 4.8866e-05 3.3453e-04 3.4177e-05 2.3364e-01 1.4689e-05
17 0.0000e+00 0.0000e+00 3.4500e-05 2.9635e-04 3.4500e-05 2.3338e-01 0.0000e+00
18 0.0000e+00 0.0000e+00 3.4783e-05 2.6771e-04 3.4783e-05 2.3315e-01 0.0000e+00
19 0.0000e+00 0.0000e+00 3.5037e-05 2.4255e-04 3.5037e-05 2.3294e-01 0.0000e+00
20 0.0000e+00 0.0000e+00 3.5265e-05 2.2023e-04 3.5265e-05 2.3275e-01 0.0000e+00
21 0.0000e+00 1.8000e-05 3.5470e-05 2.0030e-04 3.5470e-05 2.3259e-01 0.0000e+00
22 0.0000e+00 3.4800e-05 3.5653e-05 1.8241e-04 3.5653e-05 2.3244e-01 0.0000e+00
23 0.0000e+00 4.9200e-05 3.5817e-05 1.6629e-04 3.5817e-05 2.3231e-01 0.0000e+00
24 3.0000e-03 6.0200e-05 7.8532e-05 4.3109e-04 3.5963e-05 2.3192e-01 4.2569e-05
25 2.0000e-03 6.6600e-05 6.4903e-05 5.6009e-04 3.6410e-05 2.3139e-01 2.8493e-05
26 5.5000e-03 6.9600e-05 1.1682e-04 1.0194e-03 3.7011e-05 2.3041e-01 7.9810e-05
27 6.0000e-03 6.6600e-05 1.2527e-04 1.4648e-03 3.8164e-05 2.2899e-01 8.7110e-05
28 1.0000e-03 6.0200e-05 5.3615e-05 1.3773e-03 3.9904e-05 2.2765e-01 1.3710e-05
29 2.5000e-03 4.9200e-05 7.7445e-05 1.4768e-03 4.1607e-05 2.2621e-01 3.5838e-05
30 0.0000e+00 3.4800e-05 4.3516e-05 1.3192e-03 4.3516e-05 2.2494e-01 0.0000e+00
31 0.0000e+00 1.6800e-05 4.5286e-05 1.1925e-03 4.5286e-05 2.2379e-01 0.0000e+00
32 1.0000e-03 0.0000e+00 6.0148e-05 1.1715e-03 4.6939e-05 2.2266e-01 1.3209e-05
33 5.0000e-04 0.0000e+00 5.5962e-05 1.1073e-03 4.8618e-05 2.2161e-01 7.3444e-06
34 0.0000e+00 0.0000e+00 5.0253e-05 1.0004e-03 5.0253e-05 2.2066e-01 0.0000e+00
35 0.0000e+00 0.0000e+00 5.1767e-05 9.0767e-04 5.1767e-05 2.1980e-01 0.0000e+00
36 0.0000e+00 0.0000e+00 5.3171e-05 8.2447e-04 5.3171e-05 2.1903e-01 0.0000e+00
37 0.0000e+00 0.0000e+00 5.4468e-05 7.4945e-04 5.4468e-05 2.1833e-01 0.0000e+00
38 0.0000e+00 0.0000e+00 5.5664e-05 6.8162e-04 5.5664e-05 2.1771e-01 0.0000e+00
39 0.0000e+00 0.0000e+00 5.6763e-05 6.2021e-04 5.6763e-05 2.1714e-01 0.0000e+00
40 0.0000e+00 0.0000e+00 5.7772e-05 5.6454e-04 5.7772e-05 2.1664e-01 0.0000e+00
41 0.0000e+00 0.0000e+00 5.8694e-05 5.1406e-04 5.8694e-05 2.1618e-01 0.0000e+00
42 0.0000e+00 0.0000e+00 5.9535e-05 4.6824e-04 5.9535e-05 2.1577e-01 0.0000e+00
43 0.0000e+00 0.0000e+00 6.0300e-05 4.2663e-04 6.0300e-05 2.1541e-01 0.0000e+00
44 0.0000e+00 0.0000e+00 6.0995e-05 3.8884e-04 6.0995e-05 2.1508e-01 0.0000e+00
45 0.0000e+00 3.3800e-05 6.1623e-05 3.5449e-04 6.1623e-05 2.1479e-01 0.0000e+00
46 1.0000e-03 6.5200e-05 8.0234e-05 4.2347e-04 6.2189e-05 2.1443e-01 1.8044e-05
47 0.0000e+00 9.2300e-05 6.2895e-05 3.7832e-04 6.2895e-05 2.1411e-01 0.0000e+00
48 5.0000e-04 1.1300e-04 7.0244e-05 3.7803e-04 6.3518e-05 2.1380e-01 6.7255e-06
49 0.0000e+00 1.2500e-04 6.4146e-05 3.4070e-04 6.4146e-05 2.1352e-01 0.0000e+00
50 1.0000e-03 1.3050e-04 7.9666e-05 3.8808e-04 6.4703e-05 2.1320e-01 1.4963e-05
51 2.5000e-03 1.2500e-04 1.1187e-04 5.9328e-04 6.5360e-05 2.1267e-01 4.6512e-05
52 3.0000e-03 1.1300e-04 1.2288e-04 8.1948e-04 6.6447e-05 2.1191e-01 5.6435e-05
53 2.5000e-03 9.2300e-05 1.1488e-04 9.6654e-04 6.8029e-05 2.1102e-01 4.6856e-05
54 3.0000e-03 6.5200e-05 1.2704e-04 1.1570e-03 6.9966e-05 2.0993e-01 5.7077e-05
55 2.5000e-03 3.1600e-05 1.2018e-04 1.2760e-03 7.2384e-05 2.0873e-01 4.7794e-05
56 2.0000e-03 0.0000e+00 1.1380e-04 1.3374e-03 7.5158e-05 2.0746e-01 3.8639e-05
57 1.0000e-03 0.0000e+00 9.7812e-05 1.2927e-03 7.8182e-05 2.0625e-01 1.9630e-05
58 1.0000e-03 0.0000e+00 1.0084e-04 1.2605e-03 8.1206e-05 2.0507e-01 1.9630e-05
59 0.0000e+00 0.0000e+00 8.4255e-05 1.1238e-03 8.4255e-05 2.0403e-01 0.0000e+00
60 5.0000e-04 0.0000e+00 9.6852e-05 1.0644e-03 8.7037e-05 2.0305e-01 9.8148e-06
61 5.0000e-04 0.0000e+00 9.9551e-05 1.0090e-03 8.9736e-05 2.0213e-01 9.8148e-06
62 0.0000e+00 0.0000e+00 9.2352e-05 9.0358e-04 9.2352e-05 2.0132e-01 0.0000e+00
63 0.0000e+00 0.0000e+00 9.4723e-05 8.1313e-04 9.4723e-05 2.0060e-01 0.0000e+00
64 0.0000e+00 0.0000e+00 9.6873e-05 7.3273e-04 9.6873e-05 1.9997e-01 0.0000e+00
65 0.0000e+00 0.0000e+00 9.8817e-05 6.6090e-04 9.8817e-05 1.9941e-01 0.0000e+00
66 0.0000e+00 0.0000e+00 1.0057e-04 5.9655e-04 1.0057e-04 1.9891e-01 0.0000e+00
67 0.0000e+00 0.0000e+00 1.0214e-04 5.3879e-04 1.0214e-04 1.9847e-01 0.0000e+00
68 0.0000e+00 0.0000e+00 1.0354e-04 4.8689e-04 1.0354e-04 1.9809e-01 0.0000e+00
69 0.0000e+00 4.1400e-05 1.0479e-04 4.4019e-04 1.0479e-04 1.9775e-01 0.0000e+00
70 0.0000e+00 7.9800e-05 1.0589e-04 3.9815e-04 1.0589e-04 1.9746e-01 0.0000e+00
71 0.0000e+00 1.1290e-04 1.0687e-04 3.6028e-04 1.0687e-04 1.9721e-01 0.0000e+00
72 0.0000e+00 1.3830e-04 1.0772e-04 3.2614e-04 1.0772e-04 1.9699e-01 0.0000e+00
73 0.0000e+00 1.5300e-04 1.0845e-04 2.9536e-04 1.0845e-04 1.9680e-01 0.0000e+00
74 0.0000e+00 1.5980e-04 1.0909e-04 2.6758e-04 1.0909e-04 1.9664e-01 0.0000e+00
75 0.0000e+00 1.5300e-04 1.0963e-04 2.4251e-04 1.0963e-04 1.9651e-01 0.0000e+00
76 0.0000e+00 1.3830e-04 1.1009e-04 2.1986e-04 1.1009e-04 1.9640e-01 0.0000e+00
77 0.0000e+00 1.1290e-04 1.1047e-04 1.9940e-04 1.1047e-04 1.9631e-01 0.0000e+00
78 0.0000e+00 7.9800e-05 1.1077e-04 1.8091e-04 1.1077e-04 1.9624e-01 0.0000e+00
79 0.0000e+00 3.8700e-05 1.1102e-04 1.6420e-04 1.1102e-04 1.9619e-01 0.0000e+00
80 0.0000e+00 0.0000e+00 1.1120e-04 1.4907e-04 1.1120e-04 1.9615e-01 0.0000e+00
81 0.0000e+00 0.0000e+00 1.1133e-04 1.3539e-04 1.1133e-04 1.9613e-01 0.0000e+00
82 0.0000e+00 0.0000e+00 1.1142e-04 1.2300e-04 1.1142e-04 1.9612e-01 0.0000e+00
83 0.0000e+00 0.0000e+00 1.1146e-04 1.1179e-04 1.1146e-04 1.9612e-01 0.0000e+00
84 0.0000e+00 0.0000e+00 1.1146e-04 1.0163e-04 1.1146e-04 1.9613e-01 0.0000e+00
85 0.0000e+00 0.0000e+00 1.1142e-04 9.2417e-05 1.1142e-04 1.9614e-01 0.0000e+00
86 0.0000e+00 0.0000e+00 1.1136e-04 8.4070e-05 1.1136e-04 1.9617e-01 0.0000e+00
87 0.0000e+00 0.0000e+00 1.1126e-04 7.6500e-05 1.1126e-04 1.9621e-01 0.0000e+00
88 0.0000e+00 0.0000e+00 1.1114e-04 6.9632e-05 1.1114e-04 1.9625e-01 0.0000e+00
89 0.0000e+00 0.0000e+00 1.1100e-04 6.3400e-05 1.1100e-04 1.9630e-01 0.0000e+00
90 0.0000e+00 0.0000e+00 1.1083e-04 5.7743e-05 1.1083e-04 1.9635e-01 0.0000e+00
91 0.0000e+00 0.0000e+00 1.1065e-04 5.2606e-05 1.1065e-04 1.9641e-01 0.0000e+00
92 0.0000e+00 0.0000e+00 1.1045e-04 4.7939e-05 1.1045e-04 1.9647e-01 0.0000e+00
93 0.0000e+00 1.9100e-05 1.1023e-04 4.3699e-05 1.1023e-04 1.9654e-01 0.0000e+00
94 0.0000e+00 3.6800e-05 1.1000e-04 3.9844e-05 1.1000e-04 1.9661e-01 0.0000e+00
95 0.0000e+00 5.2100e-05 1.0976e-04 3.6340e-05 1.0976e-04 1.9668e-01 0.0000e+00
96 0.0000e+00 6.3800e-05 1.0951e-04 3.3152e-05 1.0951e-04 1.9676e-01 0.0000e+00
97 5.0000e-04 7.0600e-05 1.0925e-04 3.0252e-05 1.0925e-04 1.9684e-01 0.0000e+00
98 5.0000e-04 7.3700e-05 1.0898e-04 2.7613e-05 1.0898e-04 1.9692e-01 0.0000e+00
99 0.0000e+00 7.0600e-05 1.0870e-04 2.5210e-05 1.0870e-04 1.9700e-01 0.0000e+00
100 0.0000e+00 6.3800e-05 1.0842e-04 2.3022e-05 1.0842e-04 1.9709e-01 0.0000e+00
101 0.0000e+00 5.2100e-05 1.0813e-04 2.1030e-05 1.0813e-04 1.9717e-01 0.0000e+00
102 0.0000e+00 3.6800e-05 1.0784e-04 1.9214e-05 1.0784e-04 1.9726e-01 0.0000e+00
103 0.0000e+00 1.7800e-05 1.0754e-04 1.7559e-05 1.0754e-04 1.9735e-01 0.0000e+00
104 0.0000e+00 0.0000e+00 1.0724e-04 1.6050e-05 1.0724e-04 1.9744e-01 0.0000e+00
105 0.0000e+00 0.0000e+00 1.0693e-04 1.4675e-05 1.0693e-04 1.9753e-01 0.0000e+00
106 0.0000e+00 0.0000e+00 1.0662e-04 1.3420e-05 1.0662e-04 1.9763e-01 0.0000e+00
107 0.0000e+00 0.0000e+00 1.0631e-04 1.2275e-05 1.0631e-04 1.9772e-01 0.0000e+00
108 0.0000e+00 0.0000e+00 1.0600e-04 1.1231e-05 1.0600e-04 1.9782e-01 0.0000e+00
109 0.0000e+00 0.0000e+00 1.0569e-04 1.0277e-05 1.0569e-04 1.9791e-01 0.0000e+00
110 0.0000e+00 0.0000e+00 1.0537e-04 9.4066e-06 1.0537e-04 1.9801e-01 0.0000e+00
111 5.0000e-04 0.0000e+00 1.0506e-04 8.6115e-06 1.0506e-04 1.9810e-01 0.0000e+00
112 0.0000e+00 0.0000e+00 1.0474e-04 7.8853e-06 1.0474e-04 1.9820e-01 0.0000e+00
113 0.0000e+00 0.0000e+00 1.0443e-04 7.2218e-06 1.0443e-04 1.9830e-01 0.0000e+00
114 0.0000e+00 0.0000e+00 1.0411e-04 6.6154e-06 1.0411e-04 1.9840e-01 0.0000e+00
115 0.0000e+00 0.0000e+00 1.0379e-04 6.0611e-06 1.0379e-04 1.9849e-01 0.0000e+00
116 0.0000e+00 0.0000e+00 1.0348e-04 5.5543e-06 1.0348e-04 1.9859e-01 0.0000e+00
117 0.0000e+00 1.0200e-05 1.0316e-04 5.0909e-06 1.0316e-04 1.9869e-01 0.0000e+00
118 0.0000e+00 1.9800e-05 1.0284e-04 4.6670e-06 1.0284e-04 1.9879e-01 0.0000e+00
119 0.0000e+00 2.8000e-05 1.0253e-04 4.2787e-06 1.0253e-04 1.9889e-01 0.0000e+00
120 0.0000e+00 3.4200e-05 1.0221e-04 3.9239e-06 1.0221e-04 1.9898e-01 0.0000e+00
121 0.0000e+00 3.7900e-05 1.0190e-04 3.5991e-06 1.0190e-04 1.9908e-01 0.0000e+00
122 0.0000e+00 3.9500e-05 1.0159e-04 3.3018e-06 1.0159e-04 1.9918e-01 0.0000e+00
123 0.0000e+00 3.7900e-05 1.0128e-04 3.0296e-06 1.0128e-04 1.9928e-01 0.0000e+00
124 0.0000e+00 3.4200e-05 1.0097e-04 2.7803e-06 1.0097e-04 1.9938e-01 0.0000e+00
125 0.0000e+00 2.8000e-05 1.0066e-04 2.5520e-06 1.0066e-04 1.9948e-01 0.0000e+00
126 0.0000e+00 1.9800e-05 1.0035e-04 2.3427e-06 1.0035e-04 1.9957e-01 0.0000e+00
127 0.0000e+00 9.6000e-06 1.0004e-04 2.1510e-06 1.0004e-04 1.9967e-01 0.0000e+00
128 0.0000e+00 0.0000e+00 9.9737e-05 1.9753e-06 9.9737e-05 1.9977e-01 0.0000e+00
129 0.0000e+00 0.0000e+00 9.9433e-05 1.8143e-06 9.9433e-05 1.9987e-01 0.0000e+00
130 0.0000e+00 0.0000e+00 9.9130e-05 1.6666e-06 9.9130e-05 1.9996e-01 0.0000e+00
131 0.0000e+00 0.0000e+00 9.8828e-05 1.5312e-06 9.8828e-05 2.0006e-01 0.0000e+00
132 0.0000e+00 0.0000e+00 9.8528e-05 1.4063e-06 9.8528e-05 2.0016e-01 0.0000e+00
133 0.0000e+00 0.0000e+00 9.8230e-05 1.2925e-06 9.8230e-05 2.0026e-01 0.0000e+00
134 0.0000e+00 0.0000e+00 9.7933e-05 1.1881e-06 9.7933e-05 2.0035e-01 0.0000e+00
135 0.0000e+00 0.0000e+00 9.7637e-05 1.0922e-06 9.7637e-05 2.0045e-01 0.0000e+00
136 0.0000e+00 0.0000e+00 9.7343e-05 1.0042e-06 9.7343e-05 2.0055e-01 0.0000e+00
137 0.0000e+00 0.0000e+00 9.7050e-05 9.2350e-07 9.7050e-05 2.0064e-01 0.0000e+00
138 0.0000e+00 0.0000e+00 9.6759e-05 8.4936e-07 9.6759e-05 2.0074e-01 0.0000e+00
139 0.0000e+00 0.0000e+00 9.6470e-05 7.8128e-07 9.6470e-05 2.0083e-01 0.0000e+00
140 0.0000e+00 0.0000e+00 9.6181e-05 7.1875e-07 9.6181e-05 2.0093e-01 0.0000e+00
141 5.0000e-04 4.1400e-05 9.5895e-05 6.6132e-07 9.5895e-05 2.0102e-01 0.0000e+00
142 0.0000e+00 7.9900e-05 9.5610e-05 6.0856e-07 9.5610e-05 2.0112e-01 0.0000e+00
143 0.0000e+00 1.1300e-04 9.5327e-05 5.6008e-07 9.5327e-05 2.0121e-01 0.0000e+00
144 0.0000e+00 1.3840e-04 9.5045e-05 5.1554e-07 9.5045e-05 2.0131e-01 0.0000e+00
145 0.0000e+00 1.5310e-04 9.4764e-05 4.7459e-07 9.4764e-05 2.0140e-01 0.0000e+00
146 0.0000e+00 1.5990e-04 9.4486e-05 4.3610e-07 9.4486e-05 2.0150e-01 0.0000e+00
147 0.0000e+00 1.5310e-04 9.4208e-05 4.0161e-07 9.4208e-05 2.0159e-01 0.0000e+00
148 0.0000e+00 1.3840e-04 9.3932e-05 3.6989e-07 9.3932e-05 2.0168e-01 0.0000e+00
149 0.0000e+00 1.1300e-04 9.3658e-05 3.4072e-07 9.3658e-05 2.0178e-01 0.0000e+00
150 0.0000e+00 7.9900e-05 9.3386e-05 3.1388e-07 9.3386e-05 2.0187e-01 0.0000e+00
151 0.0000e+00 3.8700e-05 9.3114e-05 2.8919e-07 9.3114e-05 2.0196e-01 0.0000e+00
152 0.0000e+00 0.0000e+00 9.2845e-05 2.6648e-07 9.2845e-05 2.0206e-01 0.0000e+00
153 0.0000e+00 0.0000e+00 9.2576e-05 2.4558e-07 9.2576e-05 2.0215e-01 0.0000e+00
154 0.0000e+00 0.0000e+00 9.2310e-05 2.2634e-07 9.2310e-05 2.0224e-01 0.0000e+00
155 0.0000e+00 0.0000e+00 9.2044e-05 2.0863e-07 9.2044e-05 2.0233e-01 0.0000e+00
156 0.0000e+00 0.0000e+00 9.1781e-05 1.9233e-07 9.1781e-05 2.0242e-01 0.0000e+00
157 0.0000e+00 0.0000e+00 9.1518e-05 1.7733e-07 9.1518e-05 2.0251e-01 0.0000e+00
158 0.0000e+00 0.0000e+00 9.1257e-05 1.6351e-07 9.1257e-05 2.0261e-01 0.0000e+00
159 0.0000e+00 0.0000e+00 9.0998e-05 1.5078e-07 9.0998e-05 2.0270e-01 0.0000e+00
160 0.0000e+00 0.0000e+00 9.0740e-05 1.3792e-07 9.0740e-05 2.0279e-01 0.0000e+00
161 0.0000e+00 0.0000e+00 9.0483e-05 1.2725e-07 9.0483e-05 2.0288e-01 0.0000e+00
162 0.0000e+00 0.0000e+00 9.0228e-05 1.1741e-07 9.0228e-05 2.0297e-01 0.0000e+00
163 0.0000e+00 0.0000e+00 8.9975e-05 1.0835e-07 8.9975e-05 2.0306e-01 0.0000e+00
164 0.0000e+00 0.0000e+00 8.9722e-05 9.9999e-08 8.9722e-05 2.0315e-01 0.0000e+00
165 0.0000e+00 1.7800e-05 8.9471e-05 9.2299e-08 8.9471e-05 2.0324e-01 0.0000e+00
166 0.0000e+00 3.4400e-05 8.9222e-05 8.5200e-08 8.9222e-05 2.0333e-01 0.0000e+00
167 0.0000e+00 4.8600e-05 8.8974e-05 7.8654e-08 8.8974e-05 2.0341e-01 0.0000e+00
168 0.0000e+00 5.9500e-05 8.8727e-05 7.2618e-08 8.8727e-05 2.0350e-01 0.0000e+00
169 0.0000e+00 6.5900e-05 8.8481e-05 6.7051e-08 8.8481e-05 2.0359e-01 0.0000e+00
170 0.0000e+00 6.8800e-05 8.8237e-05 6.1917e-08 8.8237e-05 2.0368e-01 0.0000e+00
171 0.0000e+00 6.5900e-05 8.7994e-05 5.7181e-08 8.7994e-05 2.0377e-01 0.0000e+00
172 0.0000e+00 5.9500e-05 8.7753e-05 5.2812e-08 8.7753e-05 2.0386e-01 0.0000e+00
173 0.0000e+00 4.8600e-05 8.7513e-05 4.7272e-08 8.7513e-05 2.0394e-01 0.0000e+00
174 0.0000e+00 3.4400e-05 8.7274e-05 4.3699e-08 8.7274e-05 2.0403e-01 0.0000e+00
175 0.0000e+00 1.6600e-05 8.7036e-05 4.0399e-08 8.7036e-05 2.0412e-01 0.0000e+00
176 0.0000e+00 0.0000e+00 8.6800e-05 3.7351e-08 8.6800e-05 2.0420e-01 0.0000e+00
177 0.0000e+00 0.0000e+00 8.6565e-05 3.4536e-08 8.6565e-05 2.0429e-01 0.0000e+00
178 0.0000e+00 0.0000e+00 8.6331e-05 3.1935e-08 8.6331e-05 2.0438e-01 0.0000e+00
179 0.0000e+00 0.0000e+00 8.6099e-05 2.9532e-08 8.6099e-05 2.0446e-01 0.0000e+00
180 0.0000e+00 0.0000e+00 8.5867e-05 2.7312e-08 8.5867e-05 2.0455e-01 0.0000e+00
181 0.0000e+00 0.0000e+00 8.5637e-05 2.5261e-08 8.5637e-05 2.0463e-01 0.0000e+00
182 0.0000e+00 0.0000e+00 8.5409e-05 2.3366e-08 8.5409e-05 2.0472e-01 0.0000e+00
183 0.0000e+00 0.0000e+00 8.5181e-05 2.1614e-08 8.5181e-05 2.0480e-01 0.0000e+00
184 0.0000e+00 0.0000e+00 8.4955e-05 1.9995e-08 8.4955e-05 2.0489e-01 0.0000e+00
185 0.0000e+00 0.0000e+00 8.4729e-05 1.8499e-08 8.4729e-05 2.0497e-01 0.0000e+00
186 0.0000e+00 0.0000e+00 8.4505e-05 1.7116e-08 8.4505e-05 2.0506e-01 0.0000e+00
187 0.0000e+00 0.0000e+00 8.4283e-05 1.4253e-08 8.4283e-05 2.0514e-01 0.0000e+00
188 0.0000e+00 0.0000e+00 8.4061e-05 1.3209e-08 8.4061e-05 2.0523e-01 0.0000e+00
189 0.0000e+00 4.5600e-05 8.3840e-05 1.2242e-08 8.3840e-05 2.0531e-01 0.0000e+00
190 5.0000e-04 8.7900e-05 8.3621e-05 1.1346e-08 8.3621e-05 2.0539e-01 0.0000e+00
191 0.0000e+00 1.2440e-04 8.3403e-05 1.0517e-08 8.3403e-05 2.0548e-01 0.0000e+00
192 0.0000e+00 1.5230e-04 8.3186e-05 9.7483e-09 8.3186e-05 2.0556e-01 0.0000e+00
193 0.0000e+00 1.6850e-04 8.2970e-05 9.0365e-09 8.2970e-05 2.0564e-01 0.0000e+00
194 0.0000e+00 1.7590e-04 8.2755e-05 8.3771e-09 8.2755e-05 2.0573e-01 0.0000e+00
195 0.0000e+00 1.6850e-04 8.2541e-05 7.7662e-09 8.2541e-05 2.0581e-01 0.0000e+00
196 0.0000e+00 1.5230e-04 8.2329e-05 7.2002e-09 8.2329e-05 2.0589e-01 0.0000e+00
197 0.0000e+00 1.2440e-04 8.2117e-05 6.6758e-09 8.2117e-05 2.0597e-01 0.0000e+00
198 0.0000e+00 8.7900e-05 8.1907e-05 6.1900e-09 8.1907e-05 2.0606e-01 0.0000e+00
199 0.0000e+00 4.2600e-05 8.1697e-05 5.7397e-09 8.1697e-05 2.0614e-01 0.0000e+00
200 0.0000e+00 0.0000e+00 8.1489e-05 5.3225e-09 8.1489e-05 2.0622e-01 0.0000e+00
201 0.0000e+00 0.0000e+00 8.1282e-05 3.6221e-09 8.1282e-05 2.0630e-01 0.0000e+00
202 0.0000e+00 0.0000e+00 8.1076e-05 3.3678e-09 8.1076e-05 2.0638e-01 0.0000e+00
203 0.0000e+00 0.0000e+00 8.0871e-05 3.1314e-09 8.0871e-05 2.0646e-01 0.0000e+00
204 0.0000e+00 0.0000e+00 8.0666e-05 2.9117e-09 8.0666e-05 2.0654e-01 0.0000e+00
205 0.0000e+00 0.0000e+00 8.0463e-05 2.7075e-09 8.0463e-05 2.0662e-01 0.0000e+00
206 0.0000e+00 0.0000e+00 8.0261e-05 2.5178e-09 8.0261e-05 2.0670e-01 0.0000e+00
207 0.0000e+00 0.0000e+00 8.0060e-05 2.3413e-09 8.0060e-05 2.0678e-01 0.0000e+00
208 0.0000e+00 0.0000e+00 7.9860e-05 2.1774e-09 7.9860e-05 2.0686e-01 0.0000e+00
209 0.0000e+00 0.0000e+00 7.9661e-05 2.0250e-09 7.9661e-05 2.0694e-01 0.0000e+00
210 0.0000e+00 0.0000e+00 7.9463e-05 1.8833e-09 7.9463e-05 2.0702e-01 0.0000e+00
211 0.0000e+00 0.0000e+00 7.9266e-05 1.7516e-09 7.9266e-05 2.0710e-01 0.0000e+00
212 0.0000e+00 0.0000e+00 7.9070e-05 1.6291e-09 7.9070e-05 2.0718e-01 0.0000e+00
213 0.0000e+00 4.9000e-05 7.8875e-05 1.5153e-09 7.8875e-05 2.0726e-01 0.0000e+00
214 0.0000e+00 9.4600e-05 7.8681e-05 1.4094e-09 7.8681e-05 2.0734e-01 0.0000e+00
215 0.0000e+00 1.3380e-04 7.8487e-05 6.0599e-10 7.8487e-05 2.0742e-01 0.0000e+00
216 0.0000e+00 1.6380e-04 7.8295e-05 5.6566e-10 7.8295e-05 2.0750e-01 0.0000e+00
217 0.0000e+00 1.8130e-04 7.8104e-05 5.2802e-10 7.8104e-05 2.0757e-01 0.0000e+00
218 0.0000e+00 1.8920e-04 7.7913e-05 4.9290e-10 7.7913e-05 2.0765e-01 0.0000e+00
219 0.0000e+00 1.8130e-04 7.7724e-05 4.6013e-10 7.7724e-05 2.0773e-01 0.0000e+00
220 0.0000e+00 1.6380e-04 7.7535e-05 4.2955e-10 7.7535e-05 2.0781e-01 0.0000e+00
221 0.0000e+00 1.3380e-04 7.7348e-05 4.0100e-10 7.7348e-05 2.0788e-01 0.0000e+00
222 0.0000e+00 9.4600e-05 7.7161e-05 3.7437e-10 7.7161e-05 2.0796e-01 0.0000e+00
223 0.0000e+00 4.5800e-05 7.6975e-05 3.4951e-10 7.6975e-05 2.0804e-01 0.0000e+00
224 0.0000e+00 0.0000e+00 7.6790e-05 3.2630e-10 7.6790e-05 2.0811e-01 0.0000e+00
225 0.0000e+00 0.0000e+00 7.6606e-05 3.0465e-10 7.6606e-05 2.0819e-01 0.0000e+00
226 0.0000e+00 0.0000e+00 7.6423e-05 2.8444e-10 7.6423e-05 2.0827e-01 0.0000e+00
227 0.0000e+00 0.0000e+00 7.6241e-05 2.6557e-10 7.6241e-05 2.0834e-01 0.0000e+00
228 0.0000e+00 0.0000e+00 7.6059e-05 2.4796e-10 7.6059e-05 2.0842e-01 0.0000e+00
229 0.0000e+00 0.0000e+00 7.5879e-05 2.3153e-10 7.5879e-05 2.0850e-01 0.0000e+00
230 0.0000e+00 0.0000e+00 7.5699e-05 3.5255e-11 7.5699e-05 2.0857e-01 0.0000e+00
231 0.0000e+00 0.0000e+00 7.5520e-05 3.3054e-11 7.5520e-05 2.0865e-01 0.0000e+00
232 0.0000e+00 0.0000e+00 7.5342e-05 3.0990e-11 7.5342e-05 2.0872e-01 0.0000e+00
233 0.0000e+00 0.0000e+00 7.5165e-05 2.9056e-11 7.5165e-05 2.0880e-01 0.0000e+00
234 0.0000e+00 0.0000e+00 7.4989e-05 2.7244e-11 7.4989e-05 2.0887e-01 0.0000e+00
235 0.0000e+00 0.0000e+00 7.4813e-05 2.5544e-11 7.4813e-05 2.0895e-01 0.0000e+00
236 0.0000e+00 0.0000e+00 7.4638e-05 2.3951e-11 7.4638e-05 2.0902e-01 0.0000e+00
237 0.0000e+00 5.1700e-05 7.4465e-05 2.2458e-11 7.4465e-05 2.0910e-01 0.0000e+00
238 0.0000e+00 9.9800e-05 7.4291e-05 2.1058e-11 7.4291e-05 2.0917e-01 0.0000e+00
239 0.0000e+00 1.4120e-04 7.4119e-05 1.9746e-11 7.4119e-05 2.0925e-01 0.0000e+00
240 0.0000e+00 1.7290e-04 7.3948e-05 1.8516e-11 7.3948e-05 2.0932e-01 0.0000e+00
241 5.0000e-04 1.9130e-04 7.3777e-05 1.7363e-11 7.3777e-05 2.0939e-01 0.0000e+00
242 1.0000e-03 1.9970e-04 7.3607e-05 1.6281e-11 7.3607e-05 2.0947e-01 0.0000e+00
243 0.0000e+00 1.9130e-04 7.3438e-05 1.5268e-11 7.3438e-05 2.0954e-01 0.0000e+00
244 0.0000e+00 1.7290e-04 7.3270e-05 0.0000e+00 7.3270e-05 2.0961e-01 0.0000e+00
245 0.0000e+00 1.4120e-04 7.3102e-05 0.0000e+00 7.3102e-05 2.0969e-01 0.0000e+00
246 0.0000e+00 9.9800e-05 7.2935e-05 0.0000e+00 7.2935e-05 2.0976e-01 0.0000e+00
247 0.0000e+00 4.8300e-05 7.2769e-05 0.0000e+00 7.2769e-05 2.0983e-01 0.0000e+00
248 0.0000e+00 0.0000e+00 7.2604e-05 0.0000e+00 7.2604e-05 2.0990e-01 0.0000e+00
249 0.0000e+00 0.0000e+00 7.2439e-05 0.0000e+00 7.2439e-05 2.0998e-01 0.0000e+00
250 0.0000e+00 0.0000e+00 7.2276e-05 0.0000e+00 7.2276e-05 2.1005e-01 0.0000e+00
251 0.0000e+00 0.0000e+00 7.2113e-05 0.0000e+00 7.2113e-05 2.1012e-01 0.0000e+00
252 0.0000e+00 0.0000e+00 7.1950e-05 0.0000e+00 7.1950e-05 2.1019e-01 0.0000e+00
253 1.0000e-03 0.0000e+00 7.1789e-05 0.0000e+00 7.1789e-05 2.1027e-01 0.0000e+00
254 0.0000e+00 0.0000e+00 7.1628e-05 0.0000e+00 7.1628e-05 2.1034e-01 0.0000e+00
255 0.0000e+00 0.0000e+00 7.1468e-05 0.0000e+00 7.1468e-05 2.1041e-01 0.0000e+00
256 0.0000e+00 0.0000e+00 7.1308e-05 0.0000e+00 7.1308e-05 2.1048e-01 0.0000e+00
257 0.0000e+00 0.0000e+00 7.1149e-05 0.0000e+00 7.1149e-05 2.1055e-01 0.0000e+00
258 0.0000e+00 0.0000e+00 7.0991e-05 0.0000e+00 7.0991e-05 2.1062e-01 0.0000e+00
259 0.0000e+00 0.0000e+00 7.0834e-05 0.0000e+00 7.0834e-05 2.1069e-01 0.0000e+00
260 0.0000e+00 0.0000e+00 7.0677e-05 0.0000e+00 7.0677e-05 2.1076e-01 0.0000e+00
261 0.0000e+00 7.5200e-05 7.0522e-05 0.0000e+00 7.0522e-05 2.1083e-01 0.0000e+00
262 1.0000e-03 1.4510e-04 7.0366e-05 0.0000e+00 7.0366e-05 2.1090e-01 0.0000e+00
263 0.0000e+00 2.0520e-04 7.0212e-05 0.0000e+00 7.0212e-05 2.1097e-01 0.0000e+00
264 0.0000e+00 2.5130e-04 7.0058e-05 0.0000e+00 7.0058e-05 2.1104e-01 0.0000e+00
265 0.0000e+00 2.7800e-04 6.9905e-05 0.0000e+00 6.9905e-05 2.1111e-01 0.0000e+00
266 0.0000e+00 2.9030e-04 6.9752e-05 0.0000e+00 6.9752e-05 2.1118e-01 0.0000e+00
267 0.0000e+00 2.7800e-04 6.9600e-05 0.0000e+00 6.9600e-05 2.1125e-01 0.0000e+00
268 0.0000e+00 2.5130e-04 6.9449e-05 0.0000e+00 6.9449e-05 2.1132e-01 0.0000e+00
269 0.0000e+00 2.0520e-04 6.9298e-05 0.0000e+00 6.9298e-05 2.1139e-01 0.0000e+00
270 0.0000e+00 1.4510e-04 6.9149e-05 0.0000e+00 6.9149e-05 2.1146e-01 0.0000e+00
271 0.0000e+00 7.0200e-05 6.8999e-05 0.0000e+00 6.8999e-05 2.1153e-01 0.0000e+00
272 0.0000e+00 0.0000e+00 6.8851e-05 0.0000e+00 6.8851e-05 2.1160e-01 0.0000e+00
273 0.0000e+00 0.0000e+00 6.8703e-05 0.0000e+00 6.8703e-05 2.1167e-01 0.0000e+00
274 0.0000e+00 0.0000e+00 6.8555e-05 0.0000e+00 6.8555e-05 2.1174e-01 0.0000e+00
275 0.0000e+00 0.0000e+00 6.8409e-05 0.0000e+00 6.8409e-05 2.1180e-01 0.0000e+00
276 0.0000e+00 0.0000e+00 6.8263e-05 0.0000e+00 6.8263e-05 2.1187e-01 0.0000e+00
277 0.0000e+00 0.0000e+00 6.8117e-05 0.0000e+00 6.8117e-05 2.1194e-01 0.0000e+00
278 0.0000e+00 0.0000e+00 6.7972e-05 0.0000e+00 6.7972e-05 2.1201e-01 0.0000e+00
279 0.0000e+00 0.0000e+00 6.7828e-05 0.0000e+00 6.7828e-05 2.1208e-01 0.0000e+00
280 0.0000e+00 0.0000e+00 6.7684e-05 0.0000e+00 6.7684e-05 2.1214e-01 0.0000e+00
281 0.0000e+00 0.0000e+00 6.7541e-05 0.0000e+00 6.7541e-05 2.1221e-01 0.0000e+00
282 0.0000e+00 0.0000e+00 6.7399e-05 0.0000e+00 6.7399e-05 2.1228e-01 0.0000e+00
283 1.0000e-03 0.0000e+00 6.7257e-05 0.0000e+00 6.7257e-05 2.1235e-01 0.0000e+00
284 5.0000e-04 0.0000e+00 6.7116e-05 0.0000e+00 6.7116e-05 2.1241e-01 0.0000e+00
285 2.5000e-03 2.4400e-05 7.0125e-05 1.6808e-05 6.6975e-05 2.1246e-01 3.1500e-06
286 6.0000e-03 4.7000e-05 1.8417e-04 6.3959e-04 6.6870e-05 2.1189e-01 1.1730e-04
287 4.0000e-03 6.6500e-05 1.4567e-04 9.4611e-04 6.8078e-05 2.1101e-01 7.7595e-05
288 1.5000e-03 8.1400e-05 9.8111e-05 9.6595e-04 6.9972e-05 2.1012e-01 2.8139e-05
289 0.0000e+00 9.0100e-05 7.1959e-05 8.4886e-04 7.1959e-05 2.0934e-01 0.0000e+00
290 0.0000e+00 9.4000e-05 7.3727e-05 7.5611e-04 7.3727e-05 2.0866e-01 0.0000e+00
291 5.0000e-04 9.0100e-05 7.9928e-05 7.0120e-04 7.5316e-05 2.0803e-01 4.6123e-06
292 0.0000e+00 8.1400e-05 7.6804e-05 6.2690e-04 7.6804e-05 2.0748e-01 0.0000e+00
293 0.0000e+00 6.6500e-05 7.8135e-05 5.6287e-04 7.8135e-05 2.0700e-01 0.0000e+00
294 1.5000e-03 4.7000e-05 1.0411e-04 6.4305e-04 7.9328e-05 2.0643e-01 2.4780e-05
295 1.0000e-03 2.2800e-05 9.9445e-05 6.7227e-04 8.0738e-05 2.0584e-01 1.8707e-05
296 0.0000e+00 0.0000e+00 8.2244e-05 5.9555e-04 8.2244e-05 2.0533e-01 0.0000e+00
297 0.0000e+00 0.0000e+00 8.3574e-05 5.3394e-04 8.3574e-05 2.0488e-01 0.0000e+00
298 0.0000e+00 0.0000e+00 8.4759e-05 4.7995e-04 8.4759e-05 2.0448e-01 0.0000e+00
299 0.0000e+00 0.0000e+00 8.5812e-05 4.3220e-04 8.5812e-05 2.0414e-01 0.0000e+00
300 0.0000e+00 0.0000e+00 8.6746e-05 3.8973e-04 8.6746e-05 2.0383e-01 0.0000e+00
301 0.0000e+00 0.0000e+00 8.7571e-05 3.5180e-04 8.7571e-05 2.0357e-01 0.0000e+00
302 0.0000e+00 0.0000e+00 8.8297e-05 3.1785e-04 8.8297e-05 2.0334e-01 0.0000e+00
303 0.0000e+00 0.0000e+00 8.8933e-05 2.8740e-04 8.8933e-05 2.0314e-01 0.0000e+00
304 0.0000e+00 0.0000e+00 8.9486e-05 2.6004e-04 8.9486e-05 2.0297e-01 0.0000e+00
305 0.0000e+00 0.0000e+00 8.9964e-05 2.3543e-04 8.9964e-05 2.0283e-01 0.0000e+00
306 0.0000e+00 0.0000e+00 9.0374e-05 2.1328e-04 9.0374e-05 2.0270e-01 0.0000e+00
307 0.0000e+00 0.0000e+00 9.0722e-05 1.9331e-04 9.0722e-05 2.0260e-01 0.0000e+00
308 0.0000e+00 0.0000e+00 9.1013e-05 1.7530e-04 9.1013e-05 2.0252e-01 0.0000e+00
309 0.0000e+00 2.8800e-05 9.1253e-05 1.5905e-04 9.1253e-05 2.0245e-01 0.0000e+00
310 5.0000e-04 5.5500e-05 1.0025e-04 1.9445e-04 9.1447e-05 2.0235e-01 8.8021e-06
311 0.0000e+00 7.8500e-05 9.1742e-05 1.7171e-04 9.1742e-05 2.0227e-01 0.0000e+00
312 0.0000e+00 9.6200e-05 9.1971e-05 1.5451e-04 9.1971e-05 2.0220e-01 0.0000e+00
313 0.0000e+00 1.0640e-04 9.2151e-05 1.3945e-04 9.2151e-05 2.0216e-01 0.0000e+00
314 0.0000e+00 1.1110e-04 9.2288e-05 1.2610e-04 9.2288e-05 2.0212e-01 0.0000e+00
315 0.0000e+00 1.0640e-04 9.2385e-05 1.1417e-04 9.2385e-05 2.0210e-01 0.0000e+00
316 0.0000e+00 9.6200e-05 9.2448e-05 1.0348e-04 9.2448e-05 2.0209e-01 0.0000e+00
317 5.0000e-04 7.8500e-05 9.2480e-05 9.3860e-05 9.2480e-05 2.0209e-01 0.0000e+00
318 1.0000e-03 5.5500e-05 1.0770e-04 1.7198e-04 9.2484e-05 2.0201e-01 1.5213e-05
319 5.0000e-04 2.6900e-05 1.0144e-04 1.9745e-04 9.2714e-05 2.0190e-01 8.7253e-06
320 0.0000e+00 0.0000e+00 9.3018e-05 1.7187e-04 9.3018e-05 2.0182e-01 0.0000e+00
321 0.0000e+00 0.0000e+00 9.3247e-05 1.5301e-04 9.3247e-05 2.0176e-01 0.0000e+00
322 1.0000e-03 0.0000e+00 1.1252e-04 2.4616e-04 9.3422e-05 2.0161e-01 1.9101e-05
323 1.0000e-03 0.0000e+00 1.1350e-04 3.2375e-04 9.3869e-05 2.0138e-01 1.9630e-05
324 0.0000e+00 0.0000e+00 9.4545e-05 2.7871e-04 9.4545e-05 2.0120e-01 0.0000e+00
325 0.0000e+00 0.0000e+00 9.5091e-05 2.4695e-04 9.5091e-05 2.0105e-01 0.0000e+00
326 0.0000e+00 0.0000e+00 9.5543e-05 2.2014e-04 9.5543e-05 2.0092e-01 0.0000e+00
327 0.0000e+00 0.0000e+00 9.5916e-05 1.9697e-04 9.5916e-05 2.0082e-01 0.0000e+00
328 0.0000e+00 0.0000e+00 9.6220e-05 1.7670e-04 9.6220e-05 2.0074e-01 0.0000e+00
329 0.0000e+00 0.0000e+00 9.6462e-05 1.5881e-04 9.6462e-05 2.0068e-01 0.0000e+00
330 0.0000e+00 0.0000e+00 9.6650e-05 1.4295e-04 9.6650e-05 2.0063e-01 0.0000e+00
331 0.0000e+00 0.0000e+00 9.6790e-05 1.2885e-04 9.6790e-05 2.0060e-01 0.0000e+00
332 0.0000e+00 0.0000e+00 9.6887e-05 1.1626e-04 9.6887e-05 2.0058e-01 0.0000e+00
333 0.0000e+00 1.1200e-05 9.6946e-05 1.0501e-04 9.6946e-05 2.0057e-01 0.0000e+00
334 0.0000e+00 2.1600e-05 9.6970e-05 9.4934e-05 9.6970e-05 2.0057e-01 0.0000e+00
335 0.0000e+00 3.0600e-05 9.6964e-05 8.5891e-05 9.6964e-05 2.0058e-01 0.0000e+00
336 0.0000e+00 3.7400e-05 9.6930e-05 7.7766e-05 9.6930e-05 2.0060e-01 0.0000e+00
337 0.0000e+00 4.1400e-05 9.6872e-05 7.0457e-05 9.6872e-05 2.0063e-01 0.0000e+00
338 5.0000e-04 4.3200e-05 1.0382e-04 1.0438e-04 9.6792e-05 2.0062e-01 7.0265e-06
339 5.0000e-04 4.1400e-05 1.0578e-04 1.4226e-04 9.6815e-05 2.0058e-01 8.9668e-06
340 1.5000e-03 3.7400e-05 1.2558e-04 2.8772e-04 9.6953e-05 2.0039e-01 2.8632e-05
341 1.5000e-03 3.0600e-05 1.2624e-04 4.0795e-04 9.7533e-05 2.0008e-01 2.8710e-05
342 1.0000e-03 2.1600e-05 1.1751e-04 4.5730e-04 9.8483e-05 1.9972e-01 1.9029e-05
343 5.0000e-04 1.0500e-05 1.0898e-04 4.4936e-04 9.9594e-05 1.9937e-01 9.3908e-06
344 1.0000e-03 0.0000e+00 1.2011e-04 5.0600e-04 1.0069e-04 1.9896e-01 1.9423e-05
345 5.0000e-04 0.0000e+00 1.1179e-04 4.9703e-04 1.0197e-04 1.9857e-01 9.8148e-06
346 0.0000e+00 0.0000e+00 1.0324e-04 4.3614e-04 1.0324e-04 1.9823e-01 0.0000e+00
347 0.0000e+00 0.0000e+00 1.0432e-04 3.8772e-04 1.0432e-04 1.9795e-01 0.0000e+00
348 0.0000e+00 0.0000e+00 1.0525e-04 3.4606e-04 1.0525e-04 1.9771e-01 0.0000e+00
349 0.0000e+00 0.0000e+00 1.0604e-04 3.0966e-04 1.0604e-04 1.9751e-01 0.0000e+00
350 0.0000e+00 0.0000e+00 1.0672e-04 2.7762e-04 1.0672e-04 1.9734e-01 0.0000e+00
351 0.0000e+00 0.0000e+00 1.0729e-04 2.4926e-04 1.0729e-04 1.9719e-01 0.0000e+00
352 0.0000e+00 0.0000e+00 1.0777e-04 2.2409e-04 1.0777e-04 1.9708e-01 0.0000e+00
353 5.0000e-04 0.0000e+00 1.1797e-04 2.5979e-04 1.0816e-04 1.9693e-01 9.8148e-06
354 0.0000e+00 0.0000e+00 1.0867e-04 2.2800e-04 1.0867e-04 1.9681e-01 0.0000e+00
355 0.0000e+00 0.0000e+00 1.0908e-04 2.0399e-04 1.0908e-04 1.9671e-01 0.0000e+00
356 0.0000e+00 0.0000e+00 1.0940e-04 1.8314e-04 1.0940e-04 1.9664e-01 0.0000e+00
357 0.0000e+00 7.2300e-05 1.0966e-04 1.6474e-04 1.0966e-04 1.9658e-01 0.0000e+00
358 0.0000e+00 1.3960e-04 1.0984e-04 1.4839e-04 1.0984e-04 1.9654e-01 0.0000e+00
359 0.0000e+00 1.9750e-04 1.0998e-04 1.3381e-04 1.0998e-04 1.9652e-01 0.0000e+00
360 0.0000e+00 2.4180e-04 1.1006e-04 1.2078e-04 1.1006e-04 1.9651e-01 0.0000e+00
361 0.0000e+00 2.6750e-04 1.1010e-04 1.0911e-04 1.1010e-04 1.9651e-01 0.0000e+00
362 0.0000e+00 2.7930e-04 1.1009e-04 9.8635e-05 1.1009e-04 1.9652e-01 0.0000e+00
363 0.0000e+00 2.6750e-04 1.1005e-04 8.9229e-05 1.1005e-04 1.9654e-01 0.0000e+00
364 0.0000e+00 2.4180e-04 1.0998e-04 8.0772e-05 1.0998e-04 1.9657e-01 0.0000e+00
365 0.0000e+00 1.9750e-04 1.0988e-04 7.3158e-05 1.0988e-04 1.9661e-01 0.0000e+00
366 0.0000e+00 1.3960e-04 1.0975e-04 6.6299e-05 1.0975e-04 1.9665e-01 0.0000e+00
367 0.0000e+00 6.7600e-05 1.0961e-04 6.0114e-05 1.0961e-04 1.9670e-01 0.0000e+00
368 0.0000e+00 0.0000e+00 1.0944e-04 5.4533e-05 1.0944e-04 1.9676e-01 0.0000e+00
369 0.0000e+00 0.0000e+00 1.0925e-04 4.9493e-05 1.0925e-04 1.9682e-01 0.0000e+00
370 0.0000e+00 0.0000e+00 1.0904e-04 4.4939e-05 1.0904e-04 1.9688e-01 0.0000e+00
371 0.0000e+00 0.0000e+00 1.0883e-04 4.0822e-05 1.0883e-04 1.9695e-01 0.0000e+00
372 0.0000e+00 0.0000e+00 1.0860e-04 3.7097e-05 1.0860e-04 1.9702e-01 0.0000e+00
373 5.0000e-04 0.0000e+00 1.0835e-04 3.3726e-05 1.0835e-04 1.9709e-01 0.0000e+00
374 7.5000e-03 0.0000e+00 2.3460e-04 7.1027e-04 1.0810e-04 1.9649e-01 1.2650e-04
375 4.5000e-03 0.0000e+00 2.0335e-04 1.0988e-03 1.1015e-04 1.9550e-01 9.3194e-05
376 2.5000e-03 0.0000e+00 1.6268e-04 1.2177e-03 1.1361e-04 1.9440e-01 4.9074e-05
377 5.0000e-04 0.0000e+00 1.2741e-04 1.1036e-03 1.1760e-04 1.9341e-01 9.8148e-06
378 0.0000e+00 0.0000e+00 1.2128e-04 9.6698e-04 1.2128e-04 1.9257e-01 0.0000e+00
379 0.0000e+00 0.0000e+00 1.2453e-04 8.5630e-04 1.2453e-04 1.9184e-01 0.0000e+00
380 0.0000e+00 0.0000e+00 1.2741e-04 7.6108e-04 1.2741e-04 1.9120e-01 0.0000e+00
381 0.0000e+00 1.7400e-05 1.2996e-04 6.7805e-04 1.2996e-04 1.9065e-01 0.0000e+00
382 0.0000e+00 3.3600e-05 1.3220e-04 6.0518e-04 1.3220e-04 1.9018e-01 0.0000e+00
383 1.0000e-03 4.7500e-05 1.5890e-04 6.5231e-04 1.3417e-04 1.8966e-01 2.4727e-05
384 1.0000e-03 5.8200e-05 1.6118e-04 6.8631e-04 1.3636e-04 1.8911e-01 2.4817e-05
385 0.0000e+00 6.4300e-05 1.3872e-04 6.0274e-04 1.3872e-04 1.8865e-01 0.0000e+00
386 5.0000e-04 6.7200e-05 1.5059e-04 5.8134e-04 1.4075e-04 1.8821e-01 9.8377e-06
387 0.0000e+00 6.4300e-05 1.4270e-04 5.1491e-04 1.4270e-04 1.8784e-01 0.0000e+00
388 0.0000e+00 5.8200e-05 1.4437e-04 4.5944e-04 1.4437e-04 1.8752e-01 0.0000e+00
389 0.0000e+00 4.7500e-05 1.4580e-04 4.1075e-04 1.4580e-04 1.8726e-01 0.0000e+00
390 5.0000e-04 3.3600e-05 1.5387e-04 3.9929e-04 1.4701e-04 1.8700e-01 6.8582e-06
391 0.0000e+00 1.6300e-05 1.4817e-04 3.5494e-04 1.4817e-04 1.8680e-01 0.0000e+00
392 5.0000e-04 0.0000e+00 1.6086e-04 3.7177e-04 1.4913e-04 1.8657e-01 1.1728e-05
393 5.0000e-04 0.0000e+00 1.6320e-04 3.8822e-04 1.5018e-04 1.8634e-01 1.3028e-05
394 0.0000e+00 0.0000e+00 1.5130e-04 3.4114e-04 1.5130e-04 1.8615e-01 0.0000e+00
395 0.0000e+00 0.0000e+00 1.5220e-04 3.0389e-04 1.5220e-04 1.8600e-01 0.0000e+00
396 0.0000e+00 0.0000e+00 1.5292e-04 2.7148e-04 1.5292e-04 1.8588e-01 0.0000e+00
397 0.0000e+00 0.0000e+00 1.5349e-04 2.4302e-04 1.5349e-04 1.8579e-01 0.0000e+00
398 0.0000e+00 0.0000e+00 1.5392e-04 2.1788e-04 1.5392e-04 1.8572e-01 0.0000e+00
399 0.0000e+00 0.0000e+00 1.5423e-04 1.9558e-04 1.5423e-04 1.8568e-01 0.0000e+00
400 0.0000e+00 0.0000e+00 1.5443e-04 1.7574e-04 1.5443e-04 1.8566e-01 0.0000e+00
401 0.0000e+00 0.0000e+00 1.5453e-04 1.5805e-04 1.5453e-04 1.8566e-01 0.0000e+00
402 1.0000e-03 0.0000e+00 1.8060e-04 2.6336e-04 1.5455e-04 1.8555e-01 2.6055e-05
403 0.0000e+00 0.0000e+00 1.5507e-04 2.2461e-04 1.5507e-04 1.8548e-01 0.0000e+00
404 0.0000e+00 0.0000e+00 1.5541e-04 1.9866e-04 1.5541e-04 1.8544e-01 0.0000e+00
405 5.0000e-04 2.4600e-05 1.6865e-04 2.3727e-04 1.5562e-04 1.8535e-01 1.3028e-05
406 5.0000e-04 4.7400e-05 1.6840e-04 2.6356e-04 1.5602e-04 1.8525e-01 1.2387e-05
407 0.0000e+00 6.7100e-05 1.5654e-04 2.2849e-04 1.5654e-04 1.8517e-01 0.0000e+00
408 5.0000e-04 8.2200e-05 1.6694e-04 2.4898e-04 1.5689e-04 1.8508e-01 1.0046e-05
409 0.0000e+00 9.0900e-05 1.5735e-04 2.1689e-04 1.5735e-04 1.8502e-01 0.0000e+00
410 0.0000e+00 9.5000e-05 1.5764e-04 1.9222e-04 1.5764e-04 1.8499e-01 0.0000e+00
411 0.0000e+00 9.0900e-05 1.5781e-04 1.7101e-04 1.5781e-04 1.8497e-01 0.0000e+00
412 0.0000e+00 8.2200e-05 1.5788e-04 1.5255e-04 1.5788e-04 1.8498e-01 0.0000e+00
413 0.0000e+00 6.7100e-05 1.5785e-04 1.3637e-04 1.5785e-04 1.8500e-01 0.0000e+00
414 0.0000e+00 4.7400e-05 1.5774e-04 1.2210e-04 1.5774e-04 1.8504e-01 0.0000e+00
415 0.0000e+00 2.3000e-05 1.5757e-04 1.0948e-04 1.5757e-04 1.8509e-01 0.0000e+00
416 0.0000e+00 0.0000e+00 1.5733e-04 9.8272e-05 1.5733e-04 1.8514e-01 0.0000e+00
417 0.0000e+00 0.0000e+00 1.5704e-04 8.8305e-05 1.5704e-04 1.8521e-01 0.0000e+00
418 0.0000e+00 0.0000e+00 1.5670e-04 7.9422e-05 1.5670e-04 1.8529e-01 0.0000e+00
419 0.0000e+00 0.0000e+00 1.5633e-04 7.1494e-05 1.5633e-04 1.8538e-01 0.0000e+00
420 0.0000e+00 0.0000e+00 1.5591e-04 6.4407e-05 1.5591e-04 1.8547e-01 0.0000e+00
421 0.0000e+00 0.0000e+00 1.5547e-04 5.8065e-05 1.5547e-04 1.8556e-01 0.0000e+00
422 0.0000e+00 0.0000e+00 1.5499e-04 5.2382e-05 1.5499e-04 1.8567e-01 0.0000e+00
423 0.0000e+00 0.0000e+00 1.5450e-04 4.7286e-05 1.5450e-04 1.8577e-01 0.0000e+00
424 0.0000e+00 0.0000e+00 1.5398e-04 4.2711e-05 1.5398e-04 1.8589e-01 0.0000e+00
425 0.0000e+00 0.0000e+00 1.5345e-04 3.8601e-05 1.5345e-04 1.8600e-01 0.0000e+00
426 0.0000e+00 0.0000e+00 1.5290e-04 3.4905e-05 1.5290e-04 1.8612e-01 0.0000e+00
427 5.0000e-04 0.0000e+00 1.5233e-04 3.1579e-05 1.5233e-04 1.8624e-01 0.0000e+00
428 2.0000e-03 0.0000e+00 2.0189e-04 2.6063e-04 1.5176e-04 1.8613e-01 5.0134e-05
429 3.0000e-03 3.2600e-05 2.3044e-04 5.7294e-04 1.5228e-04 1.8571e-01 7.8165e-05
430 2.0000e-03 6.2900e-05 2.0555e-04 7.1067e-04 1.5429e-04 1.8515e-01 5.1261e-05
431 1.0000e-03 8.9000e-05 1.8141e-04 7.1501e-04 1.5700e-04 1.8459e-01 2.4416e-05
432 0.0000e+00 1.0900e-04 1.5976e-04 6.1545e-04 1.5976e-04 1.8414e-01 0.0000e+00
433 5.0000e-04 1.2060e-04 1.6993e-04 5.7620e-04 1.6205e-04 1.8373e-01 7.8737e-06
434 0.0000e+00 1.2590e-04 1.6416e-04 5.0449e-04 1.6416e-04 1.8338e-01 0.0000e+00
435 0.0000e+00 1.2060e-04 1.6592e-04 4.4547e-04 1.6592e-04 1.8311e-01 0.0000e+00
436 0.0000e+00 1.0900e-04 1.6737e-04 3.9464e-04 1.6737e-04 1.8288e-01 0.0000e+00
437 3.5000e-03 8.9000e-05 2.4740e-04 7.2446e-04 1.6857e-04 1.8232e-01 7.8832e-05
438 0.0000e+00 6.2900e-05 1.7152e-04 6.0894e-04 1.7152e-04 1.8188e-01 0.0000e+00
439 0.0000e+00 3.0500e-05 1.7388e-04 5.3350e-04 1.7388e-04 1.8153e-01 0.0000e+00
440 0.0000e+00 0.0000e+00 1.7585e-04 4.7041e-04 1.7585e-04 1.8123e-01 0.0000e+00
441 0.0000e+00 0.0000e+00 1.7747e-04 4.1649e-04 1.7747e-04 1.8099e-01 0.0000e+00
442 0.0000e+00 0.0000e+00 1.7880e-04 3.6978e-04 1.7880e-04 1.8080e-01 0.0000e+00
443 0.0000e+00 0.0000e+00 1.7987e-04 3.2898e-04 1.7987e-04 1.8065e-01 0.0000e+00
444 5.0000e-04 0.0000e+00 1.8899e-04 3.3312e-04 1.8071e-04 1.8050e-01 8.2804e-06
445 0.0000e+00 0.0000e+00 1.8158e-04 2.9302e-04 1.8158e-04 1.8039e-01 0.0000e+00
446 0.0000e+00 0.0000e+00 1.8221e-04 2.6061e-04 1.8221e-04 1.8031e-01 0.0000e+00
447 0.0000e+00 0.0000e+00 1.8266e-04 2.3236e-04 1.8266e-04 1.8026e-01 0.0000e+00
448 0.0000e+00 0.0000e+00 1.8294e-04 2.0753e-04 1.8294e-04 1.8023e-01 0.0000e+00
449 0.0000e+00 0.0000e+00 1.8308e-04 1.8560e-04 1.8308e-04 1.8023e-01 0.0000e+00
450 0.0000e+00 0.0000e+00 1.8310e-04 1.6617e-04 1.8310e-04 1.8025e-01 0.0000e+00
451 0.0000e+00 0.0000e+00 1.8300e-04 1.4892e-04 1.8300e-04 1.8028e-01 0.0000e+00
452 5.0000e-04 0.0000e+00 1.9583e-04 1.9663e-04 1.8280e-04 1.8027e-01 1.3028e-05
453 0.0000e+00 2.2400e-05 1.8288e-04 1.6933e-04 1.8288e-04 1.8028e-01 0.0000e+00
454 0.0000e+00 4.3300e-05 1.8281e-04 1.4995e-04 1.8281e-04 1.8032e-01 0.0000e+00
455 0.0000e+00 6.1200e-05 1.8262e-04 1.3345e-04 1.8262e-04 1.8037e-01 0.0000e+00
456 0.0000e+00 7.5000e-05 1.8234e-04 1.1911e-04 1.8234e-04 1.8043e-01 0.0000e+00
457 0.0000e+00 8.3000e-05 1.8198e-04 1.0653e-04 1.8198e-04 1.8050e-01 0.0000e+00
458 0.0000e+00 8.6600e-05 1.8155e-04 9.5419e-05 1.8155e-04 1.8059e-01 0.0000e+00
459 0.0000e+00 8.3000e-05 1.8106e-04 8.5575e-05 1.8106e-04 1.8069e-01 0.0000e+00
460 0.0000e+00 7.5000e-05 1.8052e-04 7.6829e-05 1.8052e-04 1.8079e-01 0.0000e+00
461 0.0000e+00 6.1200e-05 1.7994e-04 6.9041e-05 1.7994e-04 1.8090e-01 0.0000e+00
462 0.0000e+00 4.3300e-05 1.7932e-04 6.2095e-05 1.7932e-04 1.8102e-01 0.0000e+00
463 0.0000e+00 2.1000e-05 1.7866e-04 5.5891e-05 1.7866e-04 1.8114e-01 0.0000e+00
464 0.0000e+00 0.0000e+00 1.7798e-04 5.0343e-05 1.7798e-04 1.8127e-01 0.0000e+00
465 1.0000e-03 0.0000e+00 1.8636e-04 8.9031e-05 1.7727e-04 1.8136e-01 9.0888e-06
466 5.0000e-04 0.0000e+00 1.8981e-04 1.3774e-04 1.7678e-04 1.8139e-01 1.3028e-05
467 0.0000e+00 0.0000e+00 1.7656e-04 1.1540e-04 1.7656e-04 1.8146e-01 0.0000e+00
468 0.0000e+00 0.0000e+00 1.7623e-04 1.0082e-04 1.7623e-04 1.8153e-01 0.0000e+00
469 5.0000e-04 0.0000e+00 1.8884e-04 1.5127e-04 1.7581e-04 1.8156e-01 1.3028e-05
470 0.0000e+00 0.0000e+00 1.7568e-04 1.2778e-04 1.7568e-04 1.8160e-01 0.0000e+00
471 0.0000e+00 0.0000e+00 1.7541e-04 1.1195e-04 1.7541e-04 1.8167e-01 0.0000e+00
472 5.0000e-04 0.0000e+00 1.8809e-04 1.6113e-04 1.7507e-04 1.8168e-01 1.3028e-05
473 5.0000e-04 0.0000e+00 1.8802e-04 1.9897e-04 1.7499e-04 1.8166e-01 1.3028e-05
474 0.0000e+00 0.0000e+00 1.7512e-04 1.6892e-04 1.7512e-04 1.8166e-01 0.0000e+00
475 0.0000e+00 0.0000e+00 1.7509e-04 1.4782e-04 1.7509e-04 1.8169e-01 0.0000e+00
476 0.0000e+00 0.0000e+00 1.7494e-04 1.3024e-04 1.7494e-04 1.8174e-01 0.0000e+00
477 0.0000e+00 9.2000e-06 1.7469e-04 1.1526e-04 1.7469e-04 1.8179e-01 0.0000e+00
478 0.0000e+00 1.7800e-05 1.7437e-04 1.0232e-04 1.7437e-04 1.8187e-01 0.0000e+00
479 0.0000e+00 2.5200e-05 1.7398e-04 9.1043e-05 1.7398e-04 1.8195e-01 0.0000e+00
480 0.0000e+00 3.0900e-05 1.7353e-04 8.1166e-05 1.7353e-04 1.8204e-01 0.0000e+00
481 0.0000e+00 3.4200e-05 1.7303e-04 7.2478e-05 1.7303e-04 1.8214e-01 0.0000e+00
482 5.0000e-04 3.5700e-05 1.8246e-04 1.1239e-04 1.7248e-04 1.8220e-01 9.9740e-06
483 2.5000e-03 3.4200e-05 2.3637e-04 4.0169e-04 1.7216e-04 1.8197e-01 6.4207e-05
484 1.0000e-03 3.0900e-05 1.9856e-04 4.4613e-04 1.7340e-04 1.8170e-01 2.5164e-05
485 0.0000e+00 2.5200e-05 1.7488e-04 3.7691e-04 1.7488e-04 1.8150e-01 0.0000e+00
486 1.0000e-03 1.7800e-05 2.0059e-04 4.4580e-04 1.7599e-04 1.8123e-01 2.4594e-05
487 0.0000e+00 8.6000e-06 1.7748e-04 3.8062e-04 1.7748e-04 1.8103e-01 0.0000e+00
488 0.0000e+00 0.0000e+00 1.7861e-04 3.3325e-04 1.7861e-04 1.8087e-01 0.0000e+00
489 0.0000e+00 0.0000e+00 1.7948e-04 2.9349e-04 1.7948e-04 1.8076e-01 0.0000e+00
490 0.0000e+00 0.0000e+00 1.8012e-04 2.5948e-04 1.8012e-04 1.8068e-01 0.0000e+00
491 0.0000e+00 0.0000e+00 1.8057e-04 2.3004e-04 1.8057e-04 1.8063e-01 0.0000e+00
492 0.0000e+00 0.0000e+00 1.8084e-04 2.0439e-04 1.8084e-04 1.8060e-01 0.0000e+00
493 0.0000e+00 0.0000e+00 1.8098e-04 1.8193e-04 1.8098e-04 1.8060e-01 0.0000e+00
494 0.0000e+00 0.0000e+00 1.8098e-04 1.6218e-04 1.8098e-04 1.8062e-01 0.0000e+00
495 0.0000e+00 0.0000e+00 1.8088e-04 1.4476e-04 1.8088e-04 1.8066e-01 0.0000e+00
496 0.0000e+00 0.0000e+00 1.8067e-04 1.2937e-04 1.8067e-04 1.8071e-01 0.0000e+00
497 0.0000e+00 0.0000e+00 1.8038e-04 1.1575e-04 1.8038e-04 1.8077e-01 0.0000e+00
498 0.0000e+00 0.0000e+00 1.8002e-04 1.0366e-04 1.8002e-04 1.8085e-01 0.0000e+00
499 0.0000e+00 0.0000e+00 1.7959e-04 9.2915e-05 1.7959e-04 1.8094e-01 0.0000e+00
500 0.0000e+00 0.0000e+00 1.7910e-04 8.3358e-05 1.7910e-04 1.8103e-01 0.0000e+00
501 0.0000e+00 6.3800e-05 1.7857e-04 7.4843e-05 1.7857e-04 1.8114e-01 0.0000e+00
502 0.0000e+00 1.2310e-04 1.7799e-04 6.7248e-05 1.7799e-04 1.8125e-01 0.0000e+00
503 0.0000e+00 1.7420e-04 1.7738e-04 6.0467e-05 1.7738e-04 1.8136e-01 0.0000e+00
504 0.0000e+00 2.1330e-04 1.7673e-04 5.4406e-05 1.7673e-04 1.8149e-01 0.0000e+00
505 0.0000e+00 2.3600e-04 1.7606e-04 4.8984e-05 1.7606e-04 1.8161e-01 0.0000e+00
506 0.0000e+00 2.4640e-04 1.7536e-04 4.4129e-05 1.7536e-04 1.8175e-01 0.0000e+00
507 0.0000e+00 2.3600e-04 1.7464e-04 3.9779e-05 1.7464e-04 1.8188e-01 0.0000e+00
508 0.0000e+00 2.1330e-04 1.7391e-04 3.5877e-05 1.7391e-04 1.8202e-01 0.0000e+00
509 0.0000e+00 1.7420e-04 1.7316e-04 3.2376e-05 1.7316e-04 1.8216e-01 0.0000e+00
510 0.0000e+00 1.2310e-04 1.7240e-04 2.9232e-05 1.7240e-04 1.8230e-01 0.0000e+00
511 0.0000e+00 5.9600e-05 1.7163e-04 2.6406e-05 1.7163e-04 1.8245e-01 0.0000e+00
512 0.0000e+00 0.0000e+00 1.7085e-04 2.3865e-05 1.7085e-04 1.8259e-01 0.0000e+00
513 0.0000e+00 0.0000e+00 1.7007e-04 2.1579e-05 1.7007e-04 1.8274e-01 0.0000e+00
514 0.0000e+00 0.0000e+00 1.6928e-04 1.9520e-05 1.6928e-04 1.8289e-01 0.0000e+00
515 0.0000e+00 0.0000e+00 1.6849e-04 1.7666e-05 1.6849e-04 1.8304e-01 0.0000e+00
516 0.0000e+00 0.0000e+00 1.6770e-04 1.5994e-05 1.6770e-04 1.8320e-01 0.0000e+00
517 0.0000e+00 0.0000e+00 1.6690e-04 1.4487e-05 1.6690e-04 1.8335e-01 0.0000e+00
518 0.0000e+00 0.0000e+00 1.6611e-04 1.3127e-05 1.6611e-04 1.8350e-01 0.0000e+00
519 0.0000e+00 0.0000e+00 1.6532e-04 1.1899e-05 1.6532e-04 1.8365e-01 0.0000e+00
520 0.0000e+00 0.0000e+00 1.6453e-04 1.0790e-05 1.6453e-04 1.8381e-01 0.0000e+00
521 0.0000e+00 0.0000e+00 1.6374e-04 9.7886e-06 1.6374e-04 1.8396e-01 0.0000e+00
522 0.0000e+00 0.0000e+00 1.6295e-04 8.8831e-06 1.6295e-04 1.8412e-01 0.0000e+00
523 0.0000e+00 0.0000e+00 1.6217e-04 8.0642e-06 1.6217e-04 1.8427e-01 0.0000e+00
524 0.0000e+00 0.0000e+00 1.6139e-04 7.3233e-06 1.6139e-04 1.8442e-01 0.0000e+00
525 0.0000e+00 4.1700e-05 1.6062e-04 6.6527e-06 1.6062e-04 1.8458e-01 0.0000e+00
526 0.0000e+00 8.0400e-05 1.5985e-04 6.0455e-06 1.5985e-04 1.8473e-01 0.0000e+00
527 0.0000e+00 1.1380e-04 1.5908e-04 5.4954e-06 1.5908e-04 1.8489e-01 0.0000e+00
528 0.0000e+00 1.3930e-04 1.5832e-04 4.9970e-06 1.5832e-04 1.8504e-01 0.0000e+00
529 0.0000e+00 1.5420e-04 1.5756e-04 4.5452e-06 1.5756e-04 1.8519e-01 0.0000e+00
530 0.0000e+00 1.6090e-04 1.5681e-04 4.1354e-06 1.5681e-04 1.8534e-01 0.0000e+00
531 0.0000e+00 1.5420e-04 1.5606e-04 3.7637e-06 1.5606e-04 1.8550e-01 0.0000e+00
532 0.0000e+00 1.3930e-04 1.5532e-04 3.4258e-06 1.5532e-04 1.8565e-01 0.0000e+00
533 0.0000e+00 1.1380e-04 1.5459e-04 3.1197e-06 1.5459e-04 1.8580e-01 0.0000e+00
534 0.0000e+00 8.0400e-05 1.5386e-04 2.8418e-06 1.5386e-04 1.8595e-01 0.0000e+00
535 0.0000e+00 3.8900e-05 1.5313e-04 2.5893e-06 1.5313e-04 1.8610e-01 0.0000e+00
536 0.0000e+00 0.0000e+00 1.5241e-04 2.3598e-06 1.5241e-04 1.8625e-01 0.0000e+00
537 0.0000e+00 0.0000e+00 1.5170e-04 2.1513e-06 1.5170e-04 1.8640e-01 0.0000e+00
538 0.0000e+00 0.0000e+00 1.5099e-04 1.9617e-06 1.5099e-04 1.8655e-01 0.0000e+00
539 0.0000e+00 0.0000e+00 1.5029e-04 1.7892e-06 1.5029e-04 1.8670e-01 0.0000e+00
540 0.0000e+00 0.0000e+00 1.4960e-04 1.6323e-06 1.4960e-04 1.8685e-01 0.0000e+00
541 0.0000e+00 0.0000e+00 1.4891e-04 1.4895e-06 1.4891e-04 1.8699e-01 0.0000e+00
542 0.0000e+00 0.0000e+00 1.4822e-04 1.3595e-06 1.4822e-04 1.8714e-01 0.0000e+00
543 0.0000e+00 0.0000e+00 1.4754e-04 1.2412e-06 1.4754e-04 1.8729e-01 0.0000e+00
544 0.0000e+00 0.0000e+00 1.4687e-04 1.1327e-06 1.4687e-04 1.8743e-01 0.0000e+00
545 0.0000e+00 0.0000e+00 1.4620e-04 1.0346e-06 1.4620e-04 1.8758e-01 0.0000e+00
546 0.0000e+00 0.0000e+00 1.4554e-04 9.4521e-07 1.4554e-04 1.8772e-01 0.0000e+00
547 0.0000e+00 0.0000e+00 1.4488e-04 8.6374e-07 1.4488e-04 1.8787e-01 0.0000e+00
548 0.0000e+00 0.0000e+00 1.4423e-04 7.8946e-07 1.4423e-04 1.8801e-01 0.0000e+00
549 0.0000e+00 2.0700e-05 1.4359e-04 7.2172e-07 1.4359e-04 1.8815e-01 0.0000e+00
550 0.0000e+00 4.0000e-05 1.4295e-04 6.5992e-07 1.4295e-04 1.8830e-01 0.0000e+00
551 0.0000e+00 5.6600e-05 1.4231e-04 6.0354e-07 1.4231e-04 1.8844e-01 0.0000e+00
552 1.0000e-03 6.9300e-05 1.4169e-04 5.5208e-07 1.4169e-04 1.8858e-01 0.0000e+00
553 1.0000e-03 7.6600e-05 1.4106e-04 5.0511e-07 1.4106e-04 1.8872e-01 0.0000e+00
554 2.0000e-03 8.0000e-05 1.5952e-04 8.7229e-05 1.4044e-04 1.8877e-01 1.9075e-05
555 1.5000e-03 7.6600e-05 1.7721e-04 2.3811e-04 1.4021e-04 1.8867e-01 3.6998e-05
556 0.0000e+00 6.9300e-05 1.4064e-04 1.9533e-04 1.4064e-04 1.8862e-01 0.0000e+00
557 5.0000e-04 5.6600e-05 1.5011e-04 2.1158e-04 1.4088e-04 1.8855e-01 9.2289e-06
558 0.0000e+00 4.0000e-05 1.4119e-04 1.8211e-04 1.4119e-04 1.8851e-01 0.0000e+00
559 0.0000e+00 1.9400e-05 1.4137e-04 1.5985e-04 1.4137e-04 1.8849e-01 0.0000e+00
560 0.0000e+00 0.0000e+00 1.4145e-04 1.4104e-04 1.4145e-04 1.8849e-01 0.0000e+00
561 0.0000e+00 0.0000e+00 1.4145e-04 1.2492e-04 1.4145e-04 1.8851e-01 0.0000e+00
562 0.0000e+00 0.0000e+00 1.4138e-04 1.1097e-04 1.4138e-04 1.8854e-01 0.0000e+00
563 0.0000e+00 0.0000e+00 1.4125e-04 9.8808e-05 1.4125e-04 1.8858e-01 0.0000e+00
564 0.0000e+00 0.0000e+00 1.4106e-04 8.8148e-05 1.4106e-04 1.8863e-01 0.0000e+00
565 5.0000e-04 0.0000e+00 1.5083e-04 1.2432e-04 1.4083e-04 1.8865e-01 1.0007e-05
566 0.0000e+00 0.0000e+00 1.4075e-04 1.0696e-04 1.4075e-04 1.8868e-01 0.0000e+00
567 0.0000e+00 0.0000e+00 1.4060e-04 9.4716e-05 1.4060e-04 1.8873e-01 0.0000e+00
568 0.0000e+00 0.0000e+00 1.4040e-04 8.4215e-05 1.4040e-04 1.8878e-01 0.0000e+00
569 0.0000e+00 0.0000e+00 1.4016e-04 7.5099e-05 1.4016e-04 1.8885e-01 0.0000e+00
570 0.0000e+00 0.0000e+00 1.3987e-04 6.7119e-05 1.3987e-04 1.8892e-01 0.0000e+00
571 0.0000e+00 0.0000e+00 1.3955e-04 6.0093e-05 1.3955e-04 1.8900e-01 0.0000e+00
572 0.0000e+00 0.0000e+00 1.3921e-04 5.3882e-05 1.3921e-04 1.8909e-01 0.0000e+00
573 3.0000e-03 3.0500e-05 2.1700e-04 4.0303e-04 1.3884e-04 1.8882e-01 7.8165e-05
574 1.0000e-03 5.8900e-05 1.6525e-04 4.4306e-04 1.3999e-04 1.8852e-01 2.5260e-05
575 2.5000e-03 8.3300e-05 2.0492e-04 6.6792e-04 1.4132e-04 1.8799e-01 6.3603e-05
576 3.5000e-03 1.0200e-04 2.3269e-04 9.7127e-04 1.4367e-04 1.8717e-01 8.9022e-05
577 1.5000e-03 1.1290e-04 1.8385e-04 9.8986e-04 1.4743e-04 1.8632e-01 3.6425e-05
578 0.0000e+00 1.1780e-04 1.5136e-04 8.5541e-04 1.5136e-04 1.8562e-01 0.0000e+00
579 0.0000e+00 1.1290e-04 1.5473e-04 7.5176e-04 1.5473e-04 1.8502e-01 0.0000e+00
580 0.0000e+00 1.0200e-04 1.5764e-04 6.6373e-04 1.5764e-04 1.8452e-01 0.0000e+00
581 0.0000e+00 8.3300e-05 1.6016e-04 5.8797e-04 1.6016e-04 1.8409e-01 0.0000e+00
582 0.0000e+00 5.8900e-05 1.6231e-04 5.2215e-04 1.6231e-04 1.8373e-01 0.0000e+00
583 0.0000e+00 2.8500e-05 1.6415e-04 4.6459e-04 1.6415e-04 1.8343e-01 0.0000e+00
584 0.0000e+00 0.0000e+00 1.6570e-04 4.1402e-04 1.6570e-04 1.8318e-01 0.0000e+00
585 0.0000e+00 0.0000e+00 1.6699e-04 3.6944e-04 1.6699e-04 1.8298e-01 0.0000e+00
586 0.0000e+00 0.0000e+00 1.6805e-04 3.3004e-04 1.6805e-04 1.8281e-01 0.0000e+00
587 0.0000e+00 0.0000e+00 1.6890e-04 2.9515e-04 1.6890e-04 1.8269e-01 0.0000e+00
588 0.0000e+00 0.0000e+00 1.6957e-04 2.6419e-04 1.6957e-04 1.8259e-01 0.0000e+00
589 5.0000e-04 0.0000e+00 1.7007e-04 2.3668e-04 1.7007e-04 1.8253e-01 0.0000e+00
590 0.0000e+00 0.0000e+00 1.7042e-04 2.1221e-04 1.7042e-04 1.8249e-01 0.0000e+00
591 0.0000e+00 0.0000e+00 1.7065e-04 1.9041e-04 1.7065e-04 1.8247e-01 0.0000e+00
592 5.0000e-04 0.0000e+00 1.8083e-04 2.1894e-04 1.7075e-04 1.8242e-01 1.0080e-05
593 0.0000e+00 0.0000e+00 1.7101e-04 1.9150e-04 1.7101e-04 1.8240e-01 0.0000e+00
594 1.0000e-03 0.0000e+00 1.9717e-04 2.9467e-04 1.7112e-04 1.8227e-01 2.6055e-05
595 0.0000e+00 0.0000e+00 1.7178e-04 2.5048e-04 1.7178e-04 1.8219e-01 0.0000e+00
596 0.0000e+00 0.0000e+00 1.7220e-04 2.2062e-04 1.7220e-04 1.8215e-01 0.0000e+00
597 0.0000e+00 6.2600e-05 1.7246e-04 1.9551e-04 1.7246e-04 1.8212e-01 0.0000e+00
598 0.0000e+00 1.2080e-04 1.7259e-04 1.7391e-04 1.7259e-04 1.8212e-01 0.0000e+00
599 0.0000e+00 1.7090e-04 1.7260e-04 1.5510e-04 1.7260e-04 1.8214e-01 0.0000e+00
600 0.0000e+00 2.0930e-04 1.7250e-04 1.3860e-04 1.7250e-04 1.8217e-01 0.0000e+00
601 0.0000e+00 2.3150e-04 1.7232e-04 1.2405e-04 1.7232e-04 1.8222e-01 0.0000e+00
602 0.0000e+00 2.4180e-04 1.7206e-04 1.1116e-04 1.7206e-04 1.8228e-01 0.0000e+00
603 0.0000e+00 2.3150e-04 1.7173e-04 9.9729e-05 1.7173e-04 1.8235e-01 0.0000e+00
604 0.0000e+00 2.0930e-04 1.7135e-04 8.9561e-05 1.7135e-04 1.8244e-01 0.0000e+00
605 0.0000e+00 1.7090e-04 1.7091e-04 8.0501e-05 1.7091e-04 1.8253e-01 0.0000e+00
606 0.0000e+00 1.2080e-04 1.7043e-04 7.2417e-05 1.7043e-04 1.8262e-01 0.0000e+00
607 0.0000e+00 5.8500e-05 1.6990e-04 6.5194e-05 1.6990e-04 1.8273e-01 0.0000e+00
608 0.0000e+00 0.0000e+00 1.6935e-04 5.8733e-05 1.6935e-04 1.8284e-01 0.0000e+00
609 0.0000e+00 0.0000e+00 1.6877e-04 5.2947e-05 1.6877e-04 1.8296e-01 0.0000e+00
610 0.0000e+00 0.0000e+00 1.6816e-04 4.7760e-05 1.6816e-04 1.8308e-01 0.0000e+00
611 0.0000e+00 0.0000e+00 1.6752e-04 4.3107e-05 1.6752e-04 1.8320e-01 0.0000e+00
612 0.0000e+00 0.0000e+00 1.6687e-04 3.8929e-05 1.6687e-04 1.8333e-01 0.0000e+00
613 0.0000e+00 0.0000e+00 1.6621e-04 3.5175e-05 1.6621e-04 1.8346e-01 0.0000e+00
614 0.0000e+00 0.0000e+00 1.6553e-04 3.1799e-05 1.6553e-04 1.8359e-01 0.0000e+00
615 0.0000e+00 0.0000e+00 1.6484e-04 2.8761e-05 1.6484e-04 1.8373e-01 0.0000e+00
616 0.0000e+00 0.0000e+00 1.6414e-04 2.6026e-05 1.6414e-04 1.8387e-01 0.0000e+00
617 0.0000e+00 0.0000e+00 1.6343e-04 2.3561e-05 1.6343e-04 1.8401e-01 0.0000e+00
618 0.0000e+00 0.0000e+00 1.6272e-04 2.1339e-05 1.6272e-04 1.8415e-01 0.0000e+00
619 0.0000e+00 0.0000e+00 1.6200e-04 1.9335e-05 1.6200e-04 1.8429e-01 0.0000e+00
620 0.0000e+00 0.0000e+00 1.6128e-04 1.7527e-05 1.6128e-04 1.8444e-01 0.0000e+00
621 0.0000e+00 1.4200e-05 1.6056e-04 1.5894e-05 1.6056e-04 1.8458e-01 0.0000e+00
622 0.0000e+00 2.7500e-05 1.5983e-04 1.4418e-05 1.5983e-04 1.8473e-01 0.0000e+00
623 0.0000e+00 3.8900e-05 1.5911e-04 1.3085e-05 1.5911e-04 1.8487e-01 0.0000e+00
624 1.0000e-03 4.7600e-05 1.5839e-04 1.1879e-05 1.5839e-04 1.8502e-01 0.0000e+00
625 1.0000e-03 5.2700e-05 1.5968e-04 2.0194e-05 1.5766e-04 1.8516e-01 2.0144e-06
626 3.0000e-03 5.5000e-05 2.3378e-04 3.7548e-04 1.5699e-04 1.8494e-01 7.6792e-05
627 2.0000e-03 5.2700e-05 2.0874e-04 5.3712e-04 1.5806e-04 1.8456e-01 5.0677e-05
628 1.5000e-03 4.7600e-05 1.9765e-04 6.2467e-04 1.5995e-04 1.8409e-01 3.7709e-05
629 3.5000e-03 3.8900e-05 2.5224e-04 9.5269e-04 1.6228e-04 1.8330e-01 8.9952e-05
630 4.0000e-03 2.7500e-05 2.6955e-04 1.2880e-03 1.6634e-04 1.8218e-01 1.0321e-04
631 5.0000e-03 1.3300e-05 3.0184e-04 1.7062e-03 1.7228e-04 1.8065e-01 1.2956e-04
632 0.0000e+00 0.0000e+00 1.8074e-04 1.4458e-03 1.8074e-04 1.7938e-01 0.0000e+00
633 0.0000e+00 0.0000e+00 1.8803e-04 1.2630e-03 1.8803e-04 1.7831e-01 0.0000e+00
634 1.0000e-03 0.0000e+00 2.2016e-04 1.2365e-03 1.9445e-04 1.7727e-01 2.5708e-05
635 2.5000e-03 0.0000e+00 2.6602e-04 1.4023e-03 2.0089e-04 1.7606e-01 6.5138e-05
636 3.5000e-03 0.0000e+00 2.9976e-04 1.6631e-03 2.0857e-04 1.7461e-01 9.1193e-05
637 3.0000e-03 0.0000e+00 2.9643e-04 1.8154e-03 2.1827e-04 1.7301e-01 7.8165e-05
638 0.0000e+00 0.0000e+00 2.2944e-04 1.5527e-03 2.2944e-04 1.7169e-01 0.0000e+00
639 5.0000e-04 0.0000e+00 2.5215e-04 1.4285e-03 2.3913e-04 1.7050e-01 1.3028e-05
640 0.0000e+00 0.0000e+00 2.4818e-04 1.2501e-03 2.4818e-04 1.6950e-01 0.0000e+00
641 5.0000e-04 0.0000e+00 2.7287e-04 1.1680e-03 2.5608e-04 1.6859e-01 1.6794e-05
642 0.0000e+00 0.0000e+00 2.6348e-04 1.0254e-03 2.6348e-04 1.6782e-01 0.0000e+00
643 5.0000e-04 0.0000e+00 2.8662e-04 9.7248e-04 2.6983e-04 1.6712e-01 1.6794e-05
644 0.0000e+00 0.0000e+00 2.7582e-04 8.5305e-04 2.7582e-04 1.6654e-01 0.0000e+00
645 0.0000e+00 1.6900e-05 2.8084e-04 7.5388e-04 2.8084e-04 1.6607e-01 0.0000e+00
646 0.0000e+00 3.2600e-05 2.8502e-04 6.6721e-04 2.8502e-04 1.6569e-01 0.0000e+00
647 0.0000e+00 4.6100e-05 2.8844e-04 5.9121e-04 2.8844e-04 1.6539e-01 0.0000e+00
648 0.0000e+00 5.6400e-05 2.9119e-04 5.2440e-04 2.9119e-04 1.6515e-01 0.0000e+00
649 0.0000e+00 6.2400e-05 2.9332e-04 4.6557e-04 2.9332e-04 1.6498e-01 0.0000e+00
650 0.0000e+00 6.5200e-05 2.9490e-04 4.1368e-04 2.9490e-04 1.6486e-01 0.0000e+00
651 0.0000e+00 6.2400e-05 2.9600e-04 3.6787e-04 2.9600e-04 1.6479e-01 0.0000e+00
652 0.0000e+00 5.6400e-05 2.9666e-04 3.2737e-04 2.9666e-04 1.6476e-01 0.0000e+00
653 0.0000e+00 4.6100e-05 2.9695e-04 2.9155e-04 2.9695e-04 1.6476e-01 0.0000e+00
654 0.0000e+00 3.2600e-05 2.9690e-04 2.5982e-04 2.9690e-04 1.6480e-01 0.0000e+00
655 0.0000e+00 1.5800e-05 2.9655e-04 2.3171e-04 2.9655e-04 1.6487e-01 0.0000e+00
656 0.0000e+00 0.0000e+00 2.9595e-04 2.0678e-04 2.9595e-04 1.6496e-01 0.0000e+00
657 0.0000e+00 0.0000e+00 2.9513e-04 1.8466e-04 2.9513e-04 1.6507e-01 0.0000e+00
658 0.0000e+00 0.0000e+00 2.9411e-04 1.6500e-04 2.9411e-04 1.6519e-01 0.0000e+00
659 0.0000e+00 0.0000e+00 2.9293e-04 1.4754e-04 2.9293e-04 1.6534e-01 0.0000e+00
660 0.0000e+00 0.0000e+00 2.9160e-04 1.3200e-04 2.9160e-04 1.6550e-01 0.0000e+00
661 0.0000e+00 0.0000e+00 2.9015e-04 1.1817e-04 2.9015e-04 1.6567e-01 0.0000e+00
662 0.0000e+00 0.0000e+00 2.8859e-04 1.0586e-04 2.8859e-04 1.6585e-01 0.0000e+00
663 0.0000e+00 0.0000e+00 2.8695e-04 9.4879e-05 2.8695e-04 1.6605e-01 0.0000e+00
664 0.0000e+00 0.0000e+00 2.8523e-04 8.5089e-05 2.8523e-04 1.6625e-01 0.0000e+00
665 0.0000e+00 0.0000e+00 2.8345e-04 7.6351e-05 2.8345e-04 1.6645e-01 0.0000e+00
666 5.0000e-04 0.0000e+00 2.8194e-04 6.9800e-05 2.8163e-04 1.6667e-01 3.1139e-07
667 0.0000e+00 0.0000e+00 2.7977e-04 6.2534e-05 2.7977e-04 1.6688e-01 0.0000e+00
668 5.0000e-04 0.0000e+00 2.9467e-04 1.2346e-04 2.7788e-04 1.6704e-01 1.6794e-05
669 5.0000e-04 1.5300e-05 2.9333e-04 1.6929e-04 2.7654e-04 1.6714e-01 1.6794e-05
670 0.0000e+00 2.9500e-05 2.7561e-04 1.4074e-04 2.7561e-04 1.6728e-01 0.0000e+00
671 1.0000e-03 4.1700e-05 3.0654e-04 2.5037e-04 2.7445e-04 1.6730e-01 3.2084e-05
672 0.0000e+00 5.1100e-05 2.7425e-04 2.0536e-04 2.7425e-04 1.6737e-01 0.0000e+00
673 0.0000e+00 5.6500e-05 2.7366e-04 1.7759e-04 2.7366e-04 1.6747e-01 0.0000e+00
674 0.0000e+00 5.9000e-05 2.7284e-04 1.5471e-04 2.7284e-04 1.6759e-01 0.0000e+00
675 5.0000e-04 5.6500e-05 2.8164e-04 1.7459e-04 2.7183e-04 1.6768e-01 9.8085e-06
676 5.0000e-04 5.1100e-05 2.8590e-04 2.0853e-04 2.7101e-04 1.6775e-01 1.4896e-05
677 0.0000e+00 4.1700e-05 2.7048e-04 1.7626e-04 2.7048e-04 1.6784e-01 0.0000e+00
678 0.0000e+00 2.9500e-05 2.6968e-04 1.5365e-04 2.6968e-04 1.6796e-01 0.0000e+00
679 1.0000e-03 1.4300e-05 2.9819e-04 2.5185e-04 2.6871e-04 1.6797e-01 2.9483e-05
680 1.0000e-03 0.0000e+00 3.0167e-04 3.4028e-04 2.6857e-04 1.6790e-01 3.3108e-05
681 0.0000e+00 0.0000e+00 2.6917e-04 2.8272e-04 2.6917e-04 1.6789e-01 0.0000e+00
682 0.0000e+00 0.0000e+00 2.6928e-04 2.4478e-04 2.6928e-04 1.6791e-01 0.0000e+00
683 0.0000e+00 0.0000e+00 2.6908e-04 2.1333e-04 2.6908e-04 1.6797e-01 0.0000e+00
684 0.0000e+00 0.0000e+00 2.6861e-04 1.8682e-04 2.6861e-04 1.6805e-01 0.0000e+00
685 0.0000e+00 0.0000e+00 2.6792e-04 1.6420e-04 2.6792e-04 1.6815e-01 0.0000e+00
686 0.0000e+00 0.0000e+00 2.6705e-04 1.4474e-04 2.6705e-04 1.6828e-01 0.0000e+00
687 0.0000e+00 0.0000e+00 2.6604e-04 1.2788e-04 2.6604e-04 1.6841e-01 0.0000e+00
688 0.0000e+00 0.0000e+00 2.6489e-04 1.1320e-04 2.6489e-04 1.6857e-01 0.0000e+00
689 0.0000e+00 0.0000e+00 2.6364e-04 1.0038e-04 2.6364e-04 1.6873e-01 0.0000e+00
690 0.0000e+00 0.0000e+00 2.6230e-04 8.9150e-05 2.6230e-04 1.6890e-01 0.0000e+00
691 0.0000e+00 0.0000e+00 2.6088e-04 7.9279e-05 2.6088e-04 1.6908e-01 0.0000e+00
692 0.0000e+00 0.0000e+00 2.5940e-04 7.0588e-05 2.5940e-04 1.6927e-01 0.0000e+00
693 0.0000e+00 5.6100e-05 2.5788e-04 6.2919e-05 2.5788e-04 1.6947e-01 0.0000e+00
694 0.0000e+00 1.0830e-04 2.5631e-04 5.6142e-05 2.5631e-04 1.6967e-01 0.0000e+00
695 0.0000e+00 1.5320e-04 2.5471e-04 5.0144e-05 2.5471e-04 1.6987e-01 0.0000e+00
696 0.0000e+00 1.8770e-04 2.5309e-04 4.4827e-05 2.5309e-04 1.7008e-01 0.0000e+00
697 0.0000e+00 2.0760e-04 2.5145e-04 4.0108e-05 2.5145e-04 1.7029e-01 0.0000e+00
698 0.0000e+00 2.1680e-04 2.4979e-04 3.5915e-05 2.4979e-04 1.7051e-01 0.0000e+00
699 0.0000e+00 2.0760e-04 2.4813e-04 3.2185e-05 2.4813e-04 1.7072e-01 0.0000e+00
700 5.0000e-04 1.8770e-04 2.4646e-04 2.8864e-05 2.4646e-04 1.7094e-01 0.0000e+00
701 0.0000e+00 1.5320e-04 2.4479e-04 2.5903e-05 2.4479e-04 1.7116e-01 0.0000e+00
702 0.0000e+00 1.0830e-04 2.4312e-04 2.3261e-05 2.4312e-04 1.7138e-01 0.0000e+00
703 0.0000e+00 5.2400e-05 2.4146e-04 2.0903e-05 2.4146e-04 1.7160e-01 0.0000e+00
704 0.0000e+00 0.0000e+00 2.3980e-04 1.8795e-05 2.3980e-04 1.7182e-01 0.0000e+00
705 0.0000e+00 0.0000e+00 2.3815e-04 1.6909e-05 2.3815e-04 1.7204e-01 0.0000e+00
706 0.0000e+00 0.0000e+00 2.3651e-04 1.5222e-05 2.3651e-04 1.7226e-01 0.0000e+00
707 0.0000e+00 0.0000e+00 2.3488e-04 1.3710e-05 2.3488e-04 1.7248e-01 0.0000e+00
708 0.0000e+00 0.0000e+00 2.3326e-04 1.2355e-05 2.3326e-04 1.7270e-01 0.0000e+00
709 0.0000e+00 0.0000e+00 2.3165e-04 1.1139e-05 2.3165e-04 1.7293e-01 0.0000e+00
710 0.0000e+00 0.0000e+00 2.3006e-04 1.0049e-05 2.3006e-04 1.7315e-01 0.0000e+00
711 0.0000e+00 0.0000e+00 2.2849e-04 9.0692e-06 2.2849e-04 1.7336e-01 0.0000e+00
712 0.0000e+00 0.0000e+00 2.2693e-04 8.1890e-06 2.2693e-04 1.7358e-01 0.0000e+00
713 0.0000e+00 0.0000e+00 2.2538e-04 7.3975e-06 2.2538e-04 1.7380e-01 0.0000e+00
714 0.0000e+00 0.0000e+00 2.2385e-04 6.6855e-06 2.2385e-04 1.7402e-01 0.0000e+00
715 0.0000e+00 0.0000e+00 2.2234e-04 6.0446e-06 2.2234e-04 1.7423e-01 0.0000e+00
716 0.0000e+00 0.0000e+00 2.2084e-04 5.4674e-06 2.2084e-04 1.7445e-01 0.0000e+00
717 0.0000e+00 8.5600e-05 2.1936e-04 4.9474e-06 2.1936e-04 1.7466e-01 0.0000e+00
718 0.0000e+00 1.6520e-04 2.1789e-04 4.4779e-06 2.1789e-04 1.7488e-01 0.0000e+00
719 0.0000e+00 2.3380e-04 2.1644e-04 4.0552e-06 2.1644e-04 1.7509e-01 0.0000e+00
720 0.0000e+00 2.8620e-04 2.1501e-04 3.6738e-06 2.1501e-04 1.7530e-01 0.0000e+00
721 0.0000e+00 3.1670e-04 2.1360e-04 3.3295e-06 2.1360e-04 1.7551e-01 0.0000e+00
722 0.0000e+00 3.3060e-04 2.1220e-04 3.0186e-06 2.1220e-04 1.7572e-01 0.0000e+00
723 0.0000e+00 3.1670e-04 2.1082e-04 2.7376e-06 2.1082e-04 1.7593e-01 0.0000e+00
724 0.0000e+00 2.8620e-04 2.0945e-04 2.4836e-06 2.0945e-04 1.7614e-01 0.0000e+00
725 0.0000e+00 2.3380e-04 2.0810e-04 2.2540e-06 2.0810e-04 1.7634e-01 0.0000e+00
726 0.0000e+00 1.6520e-04 2.0676e-04 2.0462e-06 2.0676e-04 1.7655e-01 0.0000e+00
727 0.0000e+00 8.0000e-05 2.0545e-04 1.8582e-06 2.0545e-04 1.7675e-01 0.0000e+00
728 0.0000e+00 0.0000e+00 2.0414e-04 1.6880e-06 2.0414e-04 1.7695e-01 0.0000e+00
729 0.0000e+00 0.0000e+00 2.0286e-04 1.5339e-06 2.0286e-04 1.7715e-01 0.0000e+00
730 0.0000e+00 0.0000e+00 2.0158e-04 1.3935e-06 2.0158e-04 1.7735e-01 0.0000e+00
731 0.0000e+00 0.0000e+00 2.0033e-04 1.2670e-06 2.0033e-04 1.7755e-01 0.0000e+00
732 0.0000e+00 0.0000e+00 1.9908e-04 1.1524e-06 1.9908e-04 1.7775e-01 0.0000e+00
733 0.0000e+00 0.0000e+00 1.9786e-04 1.0485e-06 1.9786e-04 1.7795e-01 0.0000e+00
734 0.0000e+00 0.0000e+00 1.9664e-04 9.5414e-07 1.9664e-04 1.7814e-01 0.0000e+00
735 0.0000e+00 0.0000e+00 1.9544e-04 8.6854e-07 1.9544e-04 1.7834e-01 0.0000e+00
736 0.0000e+00 0.0000e+00 1.9426e-04 7.9083e-07 1.9426e-04 1.7853e-01 0.0000e+00
737 0.0000e+00 0.0000e+00 1.9309e-04 7.2026e-07 1.9309e-04 1.7872e-01 0.0000e+00
738 0.0000e+00 0.0000e+00 1.9193e-04 6.5616e-07 1.9193e-04 1.7892e-01 0.0000e+00
739 0.0000e+00 0.0000e+00 1.9079e-04 5.9791e-07 1.9079e-04 1.7911e-01 0.0000e+00
740 0.0000e+00 0.0000e+00 1.8966e-04 5.4497e-07 1.8966e-04 1.7929e-01 0.0000e+00
741 0.0000e+00 7.4700e-05 1.8854e-04 4.9684e-07 1.8854e-04 1.7948e-01 0.0000e+00
742 0.0000e+00 1.4410e-04 1.8743e-04 4.5307e-07 1.8743e-04 1.7967e-01 0.0000e+00
743 0.0000e+00 2.0380e-04 1.8634e-04 4.1232e-07 1.8634e-04 1.7986e-01 0.0000e+00
744 0.0000e+00 2.4960e-04 1.8526e-04 3.7623e-07 1.8526e-04 1.8004e-01 0.0000e+00
745 0.0000e+00 2.7610e-04 1.8420e-04 3.4336e-07 1.8420e-04 1.8022e-01 0.0000e+00
746 0.0000e+00 2.8830e-04 1.8314e-04 3.1344e-07 1.8314e-04 1.8041e-01 0.0000e+00
747 0.0000e+00 2.7610e-04 1.8210e-04 2.8619e-07 1.8210e-04 1.8059e-01 0.0000e+00
748 0.0000e+00 2.4960e-04 1.8107e-04 2.6136e-07 1.8107e-04 1.8077e-01 0.0000e+00
749 0.0000e+00 2.0380e-04 1.8005e-04 2.3873e-07 1.8005e-04 1.8095e-01 0.0000e+00
750 0.0000e+00 1.4410e-04 1.7904e-04 2.1811e-07 1.7904e-04 1.8113e-01 0.0000e+00
751 0.0000e+00 6.9800e-05 1.7804e-04 1.9931e-07 1.7804e-04 1.8131e-01 0.0000e+00
752 0.0000e+00 0.0000e+00 1.7705e-04 1.8217e-07 1.7705e-04 1.8148e-01 0.0000e+00
753 0.0000e+00 0.0000e+00 1.7608e-04 1.6653e-07 1.7608e-04 1.8166e-01 0.0000e+00
754 0.0000e+00 0.0000e+00 1.7511e-04 1.5227e-07 1.7511e-04 1.8183e-01 0.0000e+00
755 0.0000e+00 0.0000e+00 1.7416e-04 1.3795e-07 1.7416e-04 1.8201e-01 0.0000e+00
756 0.0000e+00 0.0000e+00 1.7321e-04 1.2623e-07 1.7321e-04 1.8218e-01 0.0000e+00
757 0.0000e+00 0.0000e+00 1.7228e-04 1.1553e-07 1.7228e-04 1.8235e-01 0.0000e+00
758 0.0000e+00 0.0000e+00 1.7135e-04 1.0575e-07 1.7135e-04 1.8252e-01 0.0000e+00
759 0.0000e+00 0.0000e+00 1.7044e-04 9.6821e-08 1.7044e-04 1.8269e-01 0.0000e+00
760 0.0000e+00 0.0000e+00 1.6953e-04 8.8657e-08 1.6953e-04 1.8286e-01 0.0000e+00
761 0.0000e+00 0.0000e+00 1.6864e-04 8.1195e-08 1.6864e-04 1.8303e-01 0.0000e+00
762 0.0000e+00 0.0000e+00 1.6775e-04 7.4374e-08 1.6775e-04 1.8320e-01 0.0000e+00
763 0.0000e+00 0.0000e+00 1.6688e-04 6.8136e-08 1.6688e-04 1.8337e-01 0.0000e+00
764 0.0000e+00 0.0000e+00 1.6601e-04 6.2432e-08 1.6601e-04 1.8353e-01 0.0000e+00
765 0.0000e+00 9.6700e-05 1.6515e-04 5.7214e-08 1.6515e-04 1.8370e-01 0.0000e+00
766 0.0000e+00 1.8660e-04 1.6430e-04 5.2441e-08 1.6430e-04 1.8386e-01 0.0000e+00
767 0.0000e+00 2.6400e-04 1.6346e-04 4.6464e-08 1.6346e-04 1.8403e-01 0.0000e+00
768 0.0000e+00 3.2330e-04 1.6263e-04 4.2640e-08 1.6263e-04 1.8419e-01 0.0000e+00
769 0.0000e+00 3.5770e-04 1.6180e-04 3.9135e-08 1.6180e-04 1.8435e-01 0.0000e+00
770 0.0000e+00 3.7350e-04 1.6099e-04 3.5924e-08 1.6099e-04 1.8451e-01 0.0000e+00
771 0.0000e+00 3.5770e-04 1.6018e-04 3.2980e-08 1.6018e-04 1.8467e-01 0.0000e+00
772 0.0000e+00 3.2330e-04 1.5938e-04 3.0281e-08 1.5938e-04 1.8483e-01 0.0000e+00
773 0.0000e+00 2.6400e-04 1.5859e-04 2.7806e-08 1.5859e-04 1.8499e-01 0.0000e+00
774 0.0000e+00 1.8660e-04 1.5780e-04 2.5537e-08 1.5780e-04 1.8515e-01 0.0000e+00
775 0.0000e+00 9.0400e-05 1.5703e-04 2.3456e-08 1.5703e-04 1.8530e-01 0.0000e+00
776 0.0000e+00 0.0000e+00 1.5626e-04 2.1548e-08 1.5626e-04 1.8546e-01 0.0000e+00
777 0.0000e+00 0.0000e+00 1.5550e-04 1.9797e-08 1.5550e-04 1.8562e-01 0.0000e+00
778 0.0000e+00 0.0000e+00 1.5474e-04 1.8190e-08 1.5474e-04 1.8577e-01 0.0000e+00
779 0.0000e+00 0.0000e+00 1.5400e-04 1.6716e-08 1.5400e-04 1.8592e-01 0.0000e+00
780 0.0000e+00 0.0000e+00 1.5326e-04 1.3762e-08 1.5326e-04 1.8608e-01 0.0000e+00
781 0.0000e+00 0.0000e+00 1.5253e-04 1.2673e-08 1.5253e-04 1.8623e-01 0.0000e+00
782 0.0000e+00 0.0000e+00 1.5180e-04 1.1671e-08 1.5180e-04 1.8638e-01 0.0000e+00
783 0.0000e+00 0.0000e+00 1.5108e-04 1.0749e-08 1.5108e-04 1.8653e-01 0.0000e+00
784 0.0000e+00 0.0000e+00 1.5037e-04 9.9014e-09 1.5037e-04 1.8668e-01 0.0000e+00
785 0.0000e+00 0.0000e+00 1.4967e-04 9.1211e-09 1.4967e-04 1.8683e-01 0.0000e+00
786 0.0000e+00 0.0000e+00 1.4897e-04 8.4030e-09 1.4897e-04 1.8698e-01 0.0000e+00
787 0.0000e+00 0.0000e+00 1.4828e-04 7.7421e-09 1.4828e-04 1.8713e-01 0.0000e+00
788 0.0000e+00 0.0000e+00 1.4759e-04 7.1339e-09 1.4759e-04 1.8728e-01 0.0000e+00
789 0.0000e+00 1.2590e-04 1.4691e-04 6.5740e-09 1.4691e-04 1.8743e-01 0.0000e+00
790 0.0000e+00 2.4290e-04 1.4624e-04 6.0586e-09 1.4624e-04 1.8757e-01 0.0000e+00
791 0.0000e+00 3.4370e-04 1.4557e-04 5.5841e-09 1.4557e-04 1.8772e-01 0.0000e+00
792 0.0000e+00 4.2090e-04 1.4491e-04 3.7403e-09 1.4491e-04 1.8786e-01 0.0000e+00
793 0.0000e+00 4.6560e-04 1.4426e-04 3.4584e-09 1.4426e-04 1.8801e-01 0.0000e+00
794 0.0000e+00 4.8620e-04 1.4361e-04 3.1980e-09 1.4361e-04 1.8815e-01 0.0000e+00
795 0.0000e+00 4.6560e-04 1.4296e-04 2.9574e-09 1.4296e-04 1.8829e-01 0.0000e+00
796 0.0000e+00 4.2090e-04 1.4233e-04 2.7350e-09 1.4233e-04 1.8843e-01 0.0000e+00
797 0.0000e+00 3.4370e-04 1.4170e-04 2.5295e-09 1.4170e-04 1.8858e-01 0.0000e+00
798 0.0000e+00 2.4290e-04 1.4107e-04 2.3396e-09 1.4107e-04 1.8872e-01 0.0000e+00
799 0.0000e+00 1.1760e-04 1.4045e-04 2.1641e-09 1.4045e-04 1.8886e-01 0.0000e+00
800 0.0000e+00 0.0000e+00 1.3983e-04 2.0019e-09 1.3983e-04 1.8900e-01 0.0000e+00
801 0.0000e+00 0.0000e+00 1.3922e-04 1.8519e-09 1.3922e-04 1.8914e-01 0.0000e+00
802 0.0000e+00 0.0000e+00 1.3862e-04 1.7133e-09 1.3862e-04 1.8928e-01 0.0000e+00
803 0.0000e+00 0.0000e+00 1.3802e-04 1.5851e-09 1.3802e-04 1.8941e-01 0.0000e+00
804 0.0000e+00 0.0000e+00 1.3743e-04 1.4667e-09 1.3743e-04 1.8955e-01 0.0000e+00
805 0.0000e+00 0.0000e+00 1.3684e-04 6.2009e-10 1.3684e-04 1.8969e-01 0.0000e+00
806 0.0000e+00 0.0000e+00 1.3625e-04 5.7611e-10 1.3625e-04 1.8982e-01 0.0000e+00
807 0.0000e+00 0.0000e+00 1.3567e-04 5.3527e-10 1.3567e-04 1.8996e-01 0.0000e+00
808 0.0000e+00 0.0000e+00 1.3510e-04 4.9735e-10 1.3510e-04 1.9010e-01 0.0000e+00
809 0.0000e+00 0.0000e+00 1.3453e-04 4.6213e-10 1.3453e-04 1.9023e-01 0.0000e+00
810 0.0000e+00 0.0000e+00 1.3397e-04 4.2943e-10 1.3397e-04 1.9036e-01 0.0000e+00
811 0.0000e+00 0.0000e+00 1.3341e-04 3.9905e-10 1.3341e-04 1.9050e-01 0.0000e+00
812 0.0000e+00 0.0000e+00 1.3285e-04 3.7084e-10 1.3285e-04 1.9063e-01 0.0000e+00
813 0.0000e+00 3.0400e-05 1.3230e-04 3.4464e-10 1.3230e-04 1.9076e-01 0.0000e+00
814 0.0000e+00 5.8700e-05 1.3176e-04 3.2031e-10 1.3176e-04 1.9089e-01 0.0000e+00
815 0.0000e+00 8.3100e-05 1.3121e-04 2.9770e-10 1.3121e-04 1.9103e-01 0.0000e+00
816 0.0000e+00 1.0180e-04 1.3068e-04 2.7670e-10 1.3068e-04 1.9116e-01 0.0000e+00
817 0.0000e+00 1.1260e-04 1.3015e-04 2.5719e-10 1.3015e-04 1.9129e-01 0.0000e+00
818 0.0000e+00 1.1760e-04 1.2962e-04 3.8381e-11 1.2962e-04 1.9142e-01 0.0000e+00
819 0.0000e+00 1.1260e-04 1.2909e-04 3.5842e-11 1.2909e-04 1.9154e-01 0.0000e+00
820 0.0000e+00 1.0180e-04 1.2857e-04 3.3473e-11 1.2857e-04 1.9167e-01 0.0000e+00
821 0.0000e+00 8.3100e-05 1.2806e-04 3.1261e-11 1.2806e-04 1.9180e-01 0.0000e+00
822 0.0000e+00 5.8700e-05 1.2755e-04 2.9197e-11 1.2755e-04 1.9193e-01 0.0000e+00
823 0.0000e+00 2.8400e-05 1.2704e-04 2.7269e-11 1.2704e-04 1.9206e-01 0.0000e+00
824 0.0000e+00 0.0000e+00 1.2654e-04 2.5470e-11 1.2654e-04 1.9218e-01 0.0000e+00
825 0.0000e+00 0.0000e+00 1.2604e-04 2.3790e-11 1.2604e-04 1.9231e-01 0.0000e+00
826 0.0000e+00 0.0000e+00 1.2554e-04 2.2222e-11 1.2554e-04 1.9243e-01 0.0000e+00
827 0.0000e+00 0.0000e+00 1.2505e-04 2.0757e-11 1.2505e-04 1.9256e-01 0.0000e+00
828 0.0000e+00 0.0000e+00 1.2456e-04 1.9390e-11 1.2456e-04 1.9268e-01 0.0000e+00
829 0.0000e+00 0.0000e+00 1.2408e-04 1.8113e-11 1.2408e-04 1.9281e-01 0.0000e+00
830 0.0000e+00 0.0000e+00 1.2360e-04 1.6921e-11 1.2360e-04 1.9293e-01 0.0000e+00
831 0.0000e+00 0.0000e+00 1.2312e-04 0.0000e+00 1.2312e-04 1.9305e-01 0.0000e+00
832 0.0000e+00 0.0000e+00 1.2265e-04 0.0000e+00 1.2265e-04 1.9318e-01 0.0000e+00
833 0.0000e+00 0.0000e+00 1.2218e-04 0.0000e+00 1.2218e-04 1.9330e-01 0.0000e+00
834 0.0000e+00 0.0000e+00 1.2171e-04 0.0000e+00 1.2171e-04 1.9342e-01 0.0000e+00
835 0.0000e+00 0.0000e+00 1.2125e-04 0.0000e+00 1.2125e-04 1.9354e-01 0.0000e+00
836 0.0000e+00 0.0000e+00 1.2079e-04 0.0000e+00 1.2079e-04 1.9366e-01 0.0000e+00
837 0.0000e+00 6.6100e-05 1.2034e-04 0.0000e+00 1.2034e-04 1.9378e-01 0.0000e+00
838 0.0000e+00 1.2750e-04 1.1989e-04 0.0000e+00 1.1989e-04 1.9390e-01 0.0000e+00
839 0.0000e+00 1.8040e-04 1.1944e-04 0.0000e+00 1.1944e-04 1.9402e-01 0.0000e+00
840 0.0000e+00 2.2090e-04 1.1899e-04 0.0000e+00 1.1899e-04 1.9414e-01 0.0000e+00
841 0.0000e+00 2.4430e-04 1.1855e-04 0.0000e+00 1.1855e-04 1.9426e-01 0.0000e+00
842 0.0000e+00 2.5510e-04 1.1811e-04 0.0000e+00 1.1811e-04 1.9438e-01 0.0000e+00
843 0.0000e+00 2.4430e-04 1.1768e-04 0.0000e+00 1.1768e-04 1.9450e-01 0.0000e+00
844 0.0000e+00 2.2090e-04 1.1725e-04 0.0000e+00 1.1725e-04 1.9461e-01 0.0000e+00
845 0.0000e+00 1.8040e-04 1.1682e-04 0.0000e+00 1.1682e-04 1.9473e-01 0.0000e+00
846 0.0000e+00 1.2750e-04 1.1639e-04 0.0000e+00 1.1639e-04 1.9485e-01 0.0000e+00
847 0.0000e+00 6.1700e-05 1.1597e-04 0.0000e+00 1.1597e-04 1.9496e-01 0.0000e+00
848 0.0000e+00 0.0000e+00 1.1555e-04 0.0000e+00 1.1555e-04 1.9508e-01 0.0000e+00
849 0.0000e+00 0.0000e+00 1.1513e-04 0.0000e+00 1.1513e-04 1.9519e-01 0.0000e+00
850 0.0000e+00 0.0000e+00 1.1472e-04 0.0000e+00 1.1472e-04 1.9531e-01 0.0000e+00
851 0.0000e+00 0.0000e+00 1.1431e-04 0.0000e+00 1.1431e-04 1.9542e-01 0.0000e+00
852 0.0000e+00 0.0000e+00 1.1390e-04 0.0000e+00 1.1390e-04 1.9554e-01 0.0000e+00
853 0.0000e+00 0.0000e+00 1.1350e-04 0.0000e+00 1.1350e-04 1.9565e-01 0.0000e+00
854 0.0000e+00 0.0000e+00 1.1309e-04 0.0000e+00 1.1309e-04 1.9576e-01 0.0000e+00
855 0.0000e+00 0.0000e+00 1.1270e-04 0.0000e+00 1.1270e-04 1.9588e-01 0.0000e+00
856 0.0000e+00 0.0000e+00 1.1230e-04 0.0000e+00 1.1230e-04 1.9599e-01 0.0000e+00
857 0.0000e+00 0.0000e+00 1.1191e-04 0.0000e+00 1.1191e-04 1.9610e-01 0.0000e+00
858 0.0000e+00 0.0000e+00 1.1152e-04 0.0000e+00 1.1152e-04 1.9621e-01 0.0000e+00
859 0.0000e+00 0.0000e+00 1.1113e-04 0.0000e+00 1.1113e-04 1.9632e-01 0.0000e+00
860 0.0000e+00 0.0000e+00 1.1074e-04 0.0000e+00 1.1074e-04 1.9643e-01 0.0000e+00
861 0.0000e+00 9.7600e-05 1.1036e-04 0.0000e+00 1.1036e-04 1.9654e-01 0.0000e+00
862 0.0000e+00 1.8830e-04 1.0998e-04 0.0000e+00 1.0998e-04 1.9665e-01 0.0000e+00
863 0.0000e+00 2.6650e-04 1.0960e-04 0.0000e+00 1.0960e-04 1.9676e-01 0.0000e+00
864 0.0000e+00 3.2630e-04 1.0923e-04 0.0000e+00 1.0923e-04 1.9687e-01 0.0000e+00
865 0.0000e+00 3.6100e-04 1.0886e-04 0.0000e+00 1.0886e-04 1.9698e-01 0.0000e+00
866 0.0000e+00 3.7690e-04 1.0849e-04 0.0000e+00 1.0849e-04 1.9709e-01 0.0000e+00
867 0.0000e+00 3.6100e-04 1.0812e-04 0.0000e+00 1.0812e-04 1.9720e-01 0.0000e+00
868 0.0000e+00 3.2630e-04 1.0775e-04 0.0000e+00 1.0775e-04 1.9731e-01 0.0000e+00
869 0.0000e+00 2.6650e-04 1.0739e-04 0.0000e+00 1.0739e-04 1.9741e-01 0.0000e+00
870 0.0000e+00 1.8830e-04 1.0703e-04 0.0000e+00 1.0703e-04 1.9752e-01 0.0000e+00
871 0.0000e+00 9.1200e-05 1.0667e-04 0.0000e+00 1.0667e-04 1.9763e-01 0.0000e+00
872 0.0000e+00 0.0000e+00 1.0632e-04 0.0000e+00 1.0632e-04 1.9773e-01 0.0000e+00
873 0.0000e+00 0.0000e+00 1.0597e-04 0.0000e+00 1.0597e-04 1.9784e-01 0.0000e+00
874 0.0000e+00 0.0000e+00 1.0562e-04 0.0000e+00 1.0562e-04 1.9794e-01 0.0000e+00
875 0.0000e+00 0.0000e+00 1.0527e-04 0.0000e+00 1.0527e-04 1.9805e-01 0.0000e+00
876 0.0000e+00 0.0000e+00 1.0492e-04 0.0000e+00 1.0492e-04 1.9815e-01 0.0000e+00
877 0.0000e+00 0.0000e+00 1.0458e-04 0.0000e+00 1.0458e-04 1.9826e-01 0.0000e+00
878 0.0000e+00 0.0000e+00 1.0424e-04 0.0000e+00 1.0424e-04 1.9836e-01 0.0000e+00
879 0.0000e+00 0.0000e+00 1.0390e-04 0.0000e+00 1.0390e-04 1.9847e-01 0.0000e+00
880 0.0000e+00 0.0000e+00 1.0356e-04 0.0000e+00 1.0356e-04 1.9857e-01 0.0000e+00
881 0.0000e+00 0.0000e+00 1.0323e-04 0.0000e+00 1.0323e-04 1.9867e-01 0.0000e+00
882 0.0000e+00 0.0000e+00 1.0289e-04 0.0000e+00 1.0289e-04 1.9878e-01 0.0000e+00
883 0.0000e+00 0.0000e+00 1.0256e-04 0.0000e+00 1.0256e-04 1.9888e-01 0.0000e+00
884 0.0000e+00 0.0000e+00 1.0224e-04 0.0000e+00 1.0224e-04 1.9898e-01 0.0000e+00
885 0.0000e+00 6.4300e-05 1.0191e-04 0.0000e+00 1.0191e-04 1.9908e-01 0.0000e+00
886 0.0000e+00 1.2410e-04 1.0159e-04 0.0000e+00 1.0159e-04 1.9919e-01 0.0000e+00
887 0.0000e+00 1.7560e-04 1.0126e-04 0.0000e+00 1.0126e-04 1.9929e-01 0.0000e+00
888 0.0000e+00 2.1500e-04 1.0094e-04 0.0000e+00 1.0094e-04 1.9939e-01 0.0000e+00
889 0.0000e+00 2.3790e-04 1.0063e-04 0.0000e+00 1.0063e-04 1.9949e-01 0.0000e+00
890 0.0000e+00 2.4840e-04 1.0031e-04 0.0000e+00 1.0031e-04 1.9959e-01 0.0000e+00
891 0.0000e+00 2.3790e-04 9.9996e-05 0.0000e+00 9.9996e-05 1.9969e-01 0.0000e+00
892 0.0000e+00 2.1500e-04 9.9684e-05 0.0000e+00 9.9684e-05 1.9979e-01 0.0000e+00
893 0.0000e+00 1.7560e-04 9.9374e-05 0.0000e+00 9.9374e-05 1.9989e-01 0.0000e+00
894 0.0000e+00 1.2410e-04 9.9066e-05 0.0000e+00 9.9066e-05 1.9999e-01 0.0000e+00
895 0.0000e+00 6.0100e-05 9.8760e-05 0.0000e+00 9.8760e-05 2.0009e-01 0.0000e+00
896 0.0000e+00 0.0000e+00 9.8456e-05 0.0000e+00 9.8456e-05 2.0018e-01 0.0000e+00
897 0.0000e+00 0.0000e+00 9.8153e-05 0.0000e+00 9.8153e-05 2.0028e-01 0.0000e+00
898 0.0000e+00 0.0000e+00 9.7853e-05 0.0000e+00 9.7853e-05 2.0038e-01 0.0000e+00
899 0.0000e+00 0.0000e+00 9.7554e-05 0.0000e+00 9.7554e-05 2.0048e-01 0.0000e+00
900 0.0000e+00 0.0000e+00 9.7257e-05 0.0000e+00 9.7257e-05 2.0057e-01 0.0000e+00
901 0.0000e+00 0.0000e+00 9.6962e-05 0.0000e+00 9.6962e-05 2.0067e-01 0.0000e+00
902 0.0000e+00 0.0000e+00 9.6668e-05 0.0000e+00 9.6668e-05 2.0077e-01 0.0000e+00
903 0.0000e+00 0.0000e+00 9.6377e-05 0.0000e+00 9.6377e-05 2.0086e-01 0.0000e+00
904 0.0000e+00 0.0000e+00 9.6087e-05 0.0000e+00 9.6087e-05 2.0096e-01 0.0000e+00
905 0.0000e+00 0.0000e+00 9.5799e-05 0.0000e+00 9.5799e-05 2.0106e-01 0.0000e+00
906 0.0000e+00 0.0000e+00 9.5513e-05 0.0000e+00 9.5513e-05 2.0115e-01 0.0000e+00
907 0.0000e+00 0.0000e+00 9.5228e-05 0.0000e+00 9.5228e-05 2.0125e-01 0.0000e+00
908 0.0000e+00 0.0000e+00 9.4945e-05 0.0000e+00 9.4945e-05 2.0134e-01 0.0000e+00
909 0.0000e+00 8.0200e-05 9.4664e-05 0.0000e+00 9.4664e-05 2.0144e-01 0.0000e+00
910 0.0000e+00 1.5480e-04 9.4384e-05 0.0000e+00 9.4384e-05 2.0153e-01 0.0000e+00
911 0.0000e+00 2.1910e-04 9.4106e-05 0.0000e+00 9.4106e-05 2.0163e-01 0.0000e+00
912 0.0000e+00 2.6830e-04 9.3830e-05 0.0000e+00 9.3830e-05 2.0172e-01 0.0000e+00
913 0.0000e+00 2.9680e-04 9.3555e-05 0.0000e+00 9.3555e-05 2.0181e-01 0.0000e+00
914 0.0000e+00 3.0990e-04 9.3282e-05 0.0000e+00 9.3282e-05 2.0191e-01 0.0000e+00
915 0.0000e+00 2.9680e-04 9.3010e-05 0.0000e+00 9.3010e-05 2.0200e-01 0.0000e+00
916 0.0000e+00 2.6830e-04 9.2740e-05 0.0000e+00 9.2740e-05 2.0209e-01 0.0000e+00
917 0.0000e+00 2.1910e-04 9.2472e-05 0.0000e+00 9.2472e-05 2.0218e-01 0.0000e+00
918 0.0000e+00 1.5480e-04 9.2205e-05 0.0000e+00 9.2205e-05 2.0228e-01 0.0000e+00
919 0.0000e+00 7.5000e-05 9.1940e-05 0.0000e+00 9.1940e-05 2.0237e-01 0.0000e+00
920 0.0000e+00 0.0000e+00 9.1676e-05 0.0000e+00 9.1676e-05 2.0246e-01 0.0000e+00
921 0.0000e+00 0.0000e+00 9.1414e-05 0.0000e+00 9.1414e-05 2.0255e-01 0.0000e+00
922 0.0000e+00 0.0000e+00 9.1153e-05 0.0000e+00 9.1153e-05 2.0264e-01 0.0000e+00
923 0.0000e+00 0.0000e+00 9.0894e-05 0.0000e+00 9.0894e-05 2.0273e-01 0.0000e+00
924 0.0000e+00 0.0000e+00 9.0636e-05 0.0000e+00 9.0636e-05 2.0282e-01 0.0000e+00
925 0.0000e+00 0.0000e+00 9.0380e-05 0.0000e+00 9.0380e-05 2.0291e-01 0.0000e+00
926 0.0000e+00 0.0000e+00 9.0125e-05 0.0000e+00 9.0125e-05 2.0300e-01 0.0000e+00
927 0.0000e+00 0.0000e+00 8.9871e-05 0.0000e+00 8.9871e-05 2.0309e-01 0.0000e+00
928 0.0000e+00 0.0000e+00 8.9619e-05 0.0000e+00 8.9619e-05 2.0318e-01 0.0000e+00
929 0.0000e+00 0.0000e+00 8.9369e-05 0.0000e+00 8.9369e-05 2.0327e-01 0.0000e+00
930 0.0000e+00 0.0000e+00 8.9119e-05 0.0000e+00 8.9119e-05 2.0336e-01 0.0000e+00
931 0.0000e+00 0.0000e+00 8.8871e-05 0.0000e+00 8.8871e-05 2.0345e-01 0.0000e+00
932 0.0000e+00 0.0000e+00 8.8625e-05 0.0000e+00 8.8625e-05 2.0354e-01 0.0000e+00
933 0.0000e+00 9.6000e-05 8.8380e-05 0.0000e+00 8.8380e-05 2.0363e-01 0.0000e+00
934 0.0000e+00 1.8520e-04 8.8136e-05 0.0000e+00 8.8136e-05 2.0372e-01 0.0000e+00
935 0.0000e+00 2.6210e-04 8.7894e-05 0.0000e+00 8.7894e-05 2.0380e-01 0.0000e+00
936 0.0000e+00 3.2090e-04 8.7653e-05 0.0000e+00 8.7653e-05 2.0389e-01 0.0000e+00
937 0.0000e+00 3.5500e-04 8.7413e-05 0.0000e+00 8.7413e-05 2.0398e-01 0.0000e+00
938 0.0000e+00 3.7070e-04 8.7174e-05 0.0000e+00 8.7174e-05 2.0407e-01 0.0000e+00
939 0.0000e+00 3.5500e-04 8.6937e-05 0.0000e+00 8.6937e-05 2.0415e-01 0.0000e+00
940 0.0000e+00 3.2090e-04 8.6701e-05 0.0000e+00 8.6701e-05 2.0424e-01 0.0000e+00
941 0.0000e+00 2.6210e-04 8.6467e-05 0.0000e+00 8.6467e-05 2.0433e-01 0.0000e+00
942 0.0000e+00 1.8520e-04 8.6233e-05 0.0000e+00 8.6233e-05 2.0441e-01 0.0000e+00
943 0.0000e+00 8.9700e-05 8.6001e-05 0.0000e+00 8.6001e-05 2.0450e-01 0.0000e+00
944 0.0000e+00 0.0000e+00 8.5771e-05 0.0000e+00 8.5771e-05 2.0458e-01 0.0000e+00
945 0.0000e+00 0.0000e+00 8.5541e-05 0.0000e+00 8.5541e-05 2.0467e-01 0.0000e+00
946 0.0000e+00 0.0000e+00 8.5313e-05 0.0000e+00 8.5313e-05 2.0476e-01 0.0000e+00
947 0.0000e+00 0.0000e+00 8.5085e-05 0.0000e+00 8.5085e-05 2.0484e-01 0.0000e+00
948 0.0000e+00 0.0000e+00 8.4860e-05 0.0000e+00 8.4860e-05 2.0493e-01 0.0000e+00
949 0.0000e+00 0.0000e+00 8.4635e-05 0.0000e+00 8.4635e-05 2.0501e-01 0.0000e+00
950 0.0000e+00 0.0000e+00 8.4411e-05 0.0000e+00 8.4411e-05 2.0509e-01 0.0000e+00
Objective function values:
F1 1.334442e-06    NSE 0.77061   F2 2.682957e-02
Mean Obs Q 1.590065e-04   Variance Obs Q 6.123405e-09
    Error Variance 1.404676e-09

Water Balance for Subcatchment: Extracted study basin: Taegu Pyungkwang River

   SUMP       SUMAE      SUMQ       SUMRZ      SUMUZ      SBAR        BAL
1.890e-01  4.644e-02  1.293e-01  1.967e-02  0.000e+00  2.051e-01  7.747e-04
