1 0.000033 0.000033
2 0.000032 0.000033
3 0.000033 0.000033
4 0.000033 0.000033
5 0.000035 0.000044
6 0.000036 0.000039
7 0.000036 0.000040
8 0.000036 0.000033
9 0.000035 0.000040
10 0.000035 0.000041
11 0.000036 0.000033
12 0.000035 0.000033
13 0.000035 0.000048
14 0.000036 0.000041
15 0.000037 0.000041
16 0.000037 0.000049
17 0.000037 0.000035
18 0.000037 0.000035
19 0.000036 0.000035
20 0.000035 0.000035
21 0.000035 0.000036
22 0.000034 0.000036
23 0.000034 0.000036
24 0.000036 0.000079
25 0.000042 0.000065
26 0.000058 0.000131
27 0.000086 0.000145
28 0.000105 0.000057
29 0.000091 0.000087
30 0.000076 0.000044
31 0.000064 0.000046
32 0.000056 0.000064
33 0.000054 0.000058
34 0.000052 0.000051
35 0.000050 0.000052
36 0.000049 0.000054
37 0.000048 0.000055
38 0.000048 0.000056
39 0.000048 0.000057
40 0.000048 0.000058
41 0.000047 0.000059
42 0.000046 0.000059
43 0.000046 0.000060
44 0.000046 0.000061
45 0.000046 0.000061
46 0.000048 0.000079
47 0.000049 0.000062
48 0.000049 0.000069
49 0.000049 0.000063
50 0.000049 0.000078
51 0.000053 0.000114
52 0.000063 0.000129
53 0.000079 0.000122
54 0.000090 0.000136
55 0.000098 0.000127
56 0.000103 0.000119
57 0.000103 0.000100
58 0.000095 0.000103
59 0.000086 0.000083
60 0.000082 0.000097
61 0.000082 0.000100
62 0.000082 0.000091
63 0.000084 0.000093
64 0.000087 0.000095
65 0.000090 0.000097
66 0.000093 0.000099
67 0.000097 0.000100
68 0.000101 0.000101
69 0.000105 0.000102
70 0.000108 0.000103
71 0.000110 0.000104
72 0.000112 0.000105
73 0.000115 0.000105
74 0.000116 0.000106
75 0.000117 0.000106
76 0.000118 0.000106
77 0.000121 0.000106
78 0.000122 0.000107
79 0.000122 0.000107
80 0.000123 0.000107
81 0.000123 0.000107
82 0.000123 0.000107
83 0.000124 0.000107
84 0.000127 0.000107
85 0.000127 0.000107
86 0.000128 0.000106
87 0.000128 0.000106
88 0.000128 0.000106
89 0.000128 0.000106
90 0.000130 0.000106
91 0.000130 0.000105
92 0.000131 0.000105
93 0.000133 0.000105
94 0.000134 0.000105
95 0.000134 0.000105
96 0.000135 0.000104
97 0.000136 0.000104
98 0.000139 0.000104
99 0.000140 0.000103
100 0.000140 0.000103
101 0.000140 0.000103
102 0.000140 0.000103
103 0.000140 0.000102
104 0.000140 0.000102
105 0.000140 0.000102
106 0.000140 0.000101
107 0.000140 0.000101
108 0.000141 0.000101
109 0.000141 0.000101
110 0.000141 0.000100
111 0.000141 0.000100
112 0.000140 0.000100
113 0.000141 0.000099
114 0.000141 0.000099
115 0.000141 0.000099
116 0.000141 0.000098
117 0.000141 0.000098
118 0.000140 0.000098
119 0.000140 0.000098
120 0.000140 0.000097
121 0.000139 0.000097
122 0.000140 0.000097
123 0.000140 0.000096
124 0.000140 0.000096
125 0.000140 0.000096
126 0.000140 0.000096
127 0.000140 0.000095
128 0.000139 0.000095
129 0.000138 0.000095
130 0.000138 0.000094
131 0.000137 0.000094
132 0.000136 0.000094
133 0.000136 0.000094
134 0.000136 0.000093
135 0.000135 0.000093
136 0.000135 0.000093
137 0.000135 0.000093
138 0.000134 0.000092
139 0.000134 0.000092
140 0.000133 0.000092
141 0.000133 0.000091
142 0.000133 0.000091
143 0.000131 0.000091
144 0.000130 0.000091
145 0.000130 0.000090
146 0.000130 0.000090
147 0.000129 0.000090
148 0.000128 0.000090
149 0.000128 0.000089
150 0.000128 0.000089
151 0.000128 0.000089
152 0.000127 0.000089
153 0.000127 0.000088
154 0.000127 0.000088
155 0.000126 0.000088
156 0.000125 0.000088
157 0.000123 0.000087
158 0.000123 0.000087
159 0.000122 0.000087
160 0.000122 0.000087
161 0.000122 0.000087
162 0.000122 0.000086
163 0.000122 0.000086
164 0.000122 0.000086
165 0.000122 0.000086
166 0.000122 0.000085
167 0.000122 0.000085
168 0.000121 0.000085
169 0.000119 0.000085
170 0.000120 0.000084
171 0.000119 0.000084
172 0.000118 0.000084
173 0.000118 0.000084
174 0.000117 0.000084
175 0.000117 0.000083
176 0.000117 0.000083
177 0.000116 0.000083
178 0.000116 0.000083
179 0.000116 0.000083
180 0.000114 0.000082
181 0.000113 0.000082
182 0.000112 0.000082
183 0.000112 0.000082
184 0.000112 0.000081
185 0.000112 0.000081
186 0.000112 0.000081
187 0.000112 0.000081
188 0.000112 0.000081
189 0.000111 0.000080
190 0.000108 0.000080
191 0.000109 0.000080
192 0.000108 0.000080
193 0.000109 0.000080
194 0.000108 0.000079
195 0.000108 0.000079
196 0.000108 0.000079
197 0.000108 0.000079
198 0.000108 0.000079
199 0.000107 0.000078
200 0.000107 0.000078
201 0.000106 0.000078
202 0.000105 0.000078
203 0.000104 0.000078
204 0.000103 0.000078
205 0.000104 0.000077
206 0.000103 0.000077
207 0.000103 0.000077
208 0.000102 0.000077
209 0.000102 0.000077
210 0.000102 0.000076
211 0.000102 0.000076
212 0.000102 0.000076
213 0.000102 0.000076
214 0.000101 0.000076
215 0.000099 0.000075
216 0.000099 0.000075
217 0.000099 0.000075
218 0.000099 0.000075
219 0.000099 0.000075
220 0.000098 0.000075
221 0.000098 0.000074
222 0.000098 0.000074
223 0.000098 0.000074
224 0.000098 0.000074
225 0.000097 0.000074
226 0.000095 0.000074
227 0.000095 0.000073
228 0.000094 0.000073
229 0.000094 0.000073
230 0.000094 0.000073
231 0.000094 0.000073
232 0.000093 0.000073
233 0.000093 0.000072
234 0.000093 0.000072
235 0.000093 0.000072
236 0.000093 0.000072
237 0.000093 0.000072
238 0.000093 0.000072
239 0.000092 0.000071
240 0.000094 0.000071
241 0.000094 0.000071
242 0.000094 0.000071
243 0.000093 0.000071
244 0.000093 0.000071
245 0.000092 0.000071
246 0.000090 0.000070
247 0.000090 0.000070
248 0.000090 0.000070
249 0.000090 0.000070
250 0.000090 0.000070
251 0.000090 0.000070
252 0.000090 0.000069
253 0.000090 0.000069
254 0.000090 0.000069
255 0.000090 0.000069
256 0.000090 0.000069
257 0.000089 0.000069
258 0.000087 0.000069
259 0.000086 0.000068
260 0.000086 0.000068
261 0.000086 0.000068
262 0.000085 0.000068
263 0.000086 0.000068
264 0.000086 0.000068
265 0.000085 0.000068
266 0.000083 0.000067
267 0.000083 0.000067
268 0.000081 0.000067
269 0.000080 0.000067
270 0.000080 0.000067
271 0.000080 0.000067
272 0.000080 0.000067
273 0.000080 0.000066
274 0.000080 0.000066
275 0.000080 0.000066
276 0.000080 0.000066
277 0.000080 0.000066
278 0.000080 0.000066
279 0.000080 0.000066
280 0.000080 0.000065
281 0.000080 0.000065
282 0.000080 0.000065
283 0.000080 0.000065
284 0.000081 0.000065
285 0.000084 0.000068
286 0.000102 0.000197
287 0.000134 0.000155
288 0.000135 0.000101
289 0.000117 0.000070
290 0.000101 0.000072
291 0.000094 0.000079
292 0.000090 0.000075
293 0.000088 0.000076
294 0.000089 0.000106
295 0.000095 0.000100
296 0.000097 0.000080
297 0.000093 0.000081
298 0.000089 0.000082
299 0.000088 0.000083
300 0.000088 0.000084
301 0.000088 0.000085
302 0.000088 0.000086
303 0.000087 0.000086
304 0.000087 0.000087
305 0.000087 0.000087
306 0.000087 0.000087
307 0.000087 0.000088
308 0.000087 0.000088
309 0.000086 0.000088
310 0.000086 0.000098
311 0.000085 0.000088
312 0.000086 0.000089
313 0.000087 0.000089
314 0.000088 0.000089
315 0.000088 0.000089
316 0.000089 0.000089
317 0.000089 0.000089
318 0.000092 0.000107
319 0.000093 0.000099
320 0.000092 0.000089
321 0.000092 0.000090
322 0.000093 0.000112
323 0.000093 0.000113
324 0.000094 0.000091
325 0.000094 0.000091
326 0.000093 0.000092
327 0.000092 0.000092
328 0.000091 0.000092
329 0.000090 0.000092
330 0.000090 0.000093
331 0.000090 0.000093
332 0.000090 0.000093
333 0.000090 0.000093
334 0.000090 0.000093
335 0.000090 0.000093
336 0.000090 0.000093
337 0.000090 0.000093
338 0.000090 0.000101
339 0.000092 0.000103
340 0.000094 0.000126
341 0.000098 0.000127
342 0.000102 0.000116
343 0.000103 0.000106
344 0.000102 0.000119
345 0.000102 0.000109
346 0.000101 0.000099
347 0.000098 0.000100
348 0.000098 0.000101
349 0.000096 0.000102
350 0.000095 0.000102
351 0.000094 0.000103
352 0.000094 0.000103
353 0.000094 0.000115
354 0.000094 0.000104
355 0.000094 0.000104
356 0.000094 0.000105
357 0.000094 0.000105
358 0.000094 0.000105
359 0.000095 0.000105
360 0.000097 0.000105
361 0.000097 0.000105
362 0.000097 0.000105
363 0.000097 0.000105
364 0.000097 0.000105
365 0.000097 0.000105
366 0.000098 0.000104
367 0.000099 0.000104
368 0.000099 0.000104
369 0.000099 0.000104
370 0.000100 0.000104
371 0.000101 0.000104
372 0.000100 0.000103
373 0.000100 0.000103
374 0.000113 0.000250
375 0.000162 0.000216
376 0.000177 0.000169
377 0.000153 0.000124
378 0.000133 0.000116
379 0.000123 0.000119
380 0.000122 0.000122
381 0.000122 0.000124
382 0.000123 0.000127
383 0.000125 0.000155
384 0.000130 0.000157
385 0.000133 0.000133
386 0.000132 0.000145
387 0.000132 0.000136
388 0.000132 0.000138
389 0.000132 0.000139
390 0.000132 0.000147
391 0.000134 0.000141
392 0.000137 0.000154
393 0.000140 0.000157
394 0.000141 0.000144
395 0.000141 0.000144
396 0.000141 0.000145
397 0.000144 0.000145
398 0.000145 0.000146
399 0.000147 0.000146
400 0.000149 0.000146
401 0.000151 0.000146
402 0.000154 0.000174
403 0.000156 0.000146
404 0.000158 0.000147
405 0.000159 0.000161
406 0.000162 0.000160
407 0.000164 0.000148
408 0.000165 0.000159
409 0.000166 0.000148
410 0.000168 0.000149
411 0.000169 0.000149
412 0.000169 0.000149
413 0.000170 0.000149
414 0.000171 0.000148
415 0.000172 0.000148
416 0.000175 0.000148
417 0.000176 0.000148
418 0.000177 0.000147
419 0.000177 0.000147
420 0.000178 0.000147
421 0.000179 0.000146
422 0.000180 0.000146
423 0.000181 0.000145
424 0.000182 0.000145
425 0.000183 0.000144
426 0.000183 0.000144
427 0.000185 0.000143
428 0.000191 0.000197
429 0.000208 0.000227
430 0.000219 0.000200
431 0.000218 0.000174
432 0.000208 0.000151
433 0.000203 0.000162
434 0.000201 0.000155
435 0.000198 0.000157
436 0.000197 0.000158
437 0.000211 0.000244
438 0.000212 0.000162
439 0.000205 0.000164
440 0.000202 0.000166
441 0.000200 0.000168
442 0.000200 0.000169
443 0.000200 0.000170
444 0.000201 0.000179
445 0.000201 0.000171
446 0.000201 0.000172
447 0.000201 0.000172
448 0.000201 0.000172
449 0.000202 0.000172
450 0.000202 0.000172
451 0.000202 0.000172
452 0.000202 0.000186
453 0.000203 0.000172
454 0.000203 0.000172
455 0.000203 0.000172
456 0.000204 0.000171
457 0.000204 0.000171
458 0.000204 0.000170
459 0.000204 0.000170
460 0.000205 0.000169
461 0.000205 0.000169
462 0.000205 0.000168
463 0.000206 0.000168
464 0.000207 0.000167
465 0.000208 0.000176
466 0.000212 0.000180
467 0.000213 0.000166
468 0.000211 0.000165
469 0.000212 0.000179
470 0.000212 0.000165
471 0.000212 0.000165
472 0.000212 0.000178
473 0.000216 0.000178
474 0.000216 0.000165
475 0.000215 0.000165
476 0.000215 0.000164
477 0.000215 0.000164
478 0.000215 0.000164
479 0.000215 0.000164
480 0.000215 0.000163
481 0.000215 0.000163
482 0.000214 0.000173
483 0.000219 0.000231
484 0.000233 0.000190
485 0.000229 0.000165
486 0.000220 0.000192
487 0.000219 0.000167
488 0.000218 0.000169
489 0.000217 0.000169
490 0.000217 0.000170
491 0.000216 0.000170
492 0.000216 0.000171
493 0.000215 0.000171
494 0.000214 0.000171
495 0.000212 0.000171
496 0.000212 0.000170
497 0.000212 0.000170
498 0.000211 0.000170
499 0.000210 0.000169
500 0.000210 0.000169
501 0.000210 0.000168
502 0.000209 0.000168
503 0.000209 0.000167
504 0.000209 0.000166
505 0.000209 0.000166
506 0.000208 0.000165
507 0.000208 0.000164
508 0.000206 0.000164
509 0.000205 0.000163
510 0.000205 0.000162
511 0.000205 0.000162
512 0.000205 0.000161
513 0.000204 0.000160
514 0.000203 0.000159
515 0.000203 0.000159
516 0.000202 0.000158
517 0.000202 0.000157
518 0.000201 0.000157
519 0.000200 0.000156
520 0.000198 0.000155
521 0.000198 0.000154
522 0.000197 0.000154
523 0.000197 0.000153
524 0.000197 0.000152
525 0.000196 0.000152
526 0.000196 0.000151
527 0.000195 0.000150
528 0.000195 0.000149
529 0.000195 0.000149
530 0.000194 0.000148
531 0.000195 0.000147
532 0.000193 0.000147
533 0.000193 0.000146
534 0.000192 0.000145
535 0.000191 0.000145
536 0.000190 0.000144
537 0.000190 0.000144
538 0.000190 0.000143
539 0.000190 0.000142
540 0.000189 0.000142
541 0.000189 0.000141
542 0.000188 0.000140
543 0.000188 0.000140
544 0.000187 0.000139
545 0.000186 0.000139
546 0.000186 0.000138
547 0.000186 0.000137
548 0.000184 0.000137
549 0.000183 0.000136
550 0.000183 0.000136
551 0.000183 0.000135
552 0.000185 0.000135
553 0.000188 0.000134
554 0.000194 0.000154
555 0.000201 0.000173
556 0.000196 0.000134
557 0.000190 0.000144
558 0.000188 0.000134
559 0.000185 0.000135
560 0.000183 0.000135
561 0.000182 0.000135
562 0.000181 0.000135
563 0.000181 0.000135
564 0.000180 0.000134
565 0.000179 0.000145
566 0.000179 0.000134
567 0.000178 0.000134
568 0.000177 0.000134
569 0.000177 0.000134
570 0.000177 0.000133
571 0.000177 0.000133
572 0.000177 0.000133
573 0.000182 0.000216
574 0.000193 0.000161
575 0.000193 0.000203
576 0.000213 0.000233
577 0.000228 0.000180
578 0.000209 0.000145
579 0.000194 0.000149
580 0.000188 0.000151
581 0.000185 0.000154
582 0.000183 0.000156
583 0.000182 0.000158
584 0.000181 0.000159
585 0.000181 0.000160
586 0.000180 0.000161
587 0.000179 0.000162
588 0.000179 0.000162
589 0.000180 0.000162
590 0.000179 0.000163
591 0.000178 0.000163
592 0.000178 0.000174
593 0.000179 0.000163
594 0.000179 0.000191
595 0.000181 0.000164
596 0.000179 0.000164
597 0.000177 0.000164
598 0.000177 0.000164
599 0.000177 0.000164
600 0.000177 0.000164
601 0.000177 0.000164
602 0.000176 0.000163
603 0.000176 0.000163
604 0.000176 0.000163
605 0.000175 0.000162
606 0.000174 0.000162
607 0.000174 0.000161
608 0.000173 0.000161
609 0.000171 0.000160
610 0.000171 0.000159
611 0.000171 0.000159
612 0.000171 0.000158
613 0.000171 0.000158
614 0.000171 0.000157
615 0.000171 0.000156
616 0.000171 0.000156
617 0.000171 0.000155
618 0.000171 0.000154
619 0.000171 0.000154
620 0.000171 0.000153
621 0.000171 0.000152
622 0.000171 0.000152
623 0.000171 0.000151
624 0.000174 0.000150
625 0.000178 0.000152
626 0.000188 0.000232
627 0.000201 0.000205
628 0.000204 0.000193
629 0.000212 0.000251
630 0.000245 0.000270
631 0.000291 0.000304
632 0.000297 0.000174
633 0.000235 0.000181
634 0.000218 0.000215
635 0.000219 0.000278
636 0.000249 0.000324
637 0.000289 0.000316
638 0.000287 0.000221
639 0.000260 0.000248
640 0.000253 0.000239
641 0.000255 0.000264
642 0.000265 0.000253
643 0.000271 0.000277
644 0.000278 0.000264
645 0.000286 0.000269
646 0.000296 0.000272
647 0.000303 0.000275
648 0.000311 0.000277
649 0.000317 0.000278
650 0.000324 0.000279
651 0.000331 0.000280
652 0.000338 0.000280
653 0.000343 0.000280
654 0.000349 0.000279
655 0.000352 0.000279
656 0.000356 0.000278
657 0.000361 0.000277
658 0.000366 0.000275
659 0.000370 0.000274
660 0.000372 0.000273
661 0.000376 0.000271
662 0.000379 0.000270
663 0.000381 0.000268
664 0.000384 0.000266
665 0.000387 0.000264
666 0.000388 0.000263
667 0.000389 0.000261
668 0.000391 0.000277
669 0.000392 0.000276
670 0.000394 0.000257
671 0.000394 0.000290
672 0.000397 0.000256
673 0.000393 0.000256
674 0.000391 0.000255
675 0.000391 0.000264
676 0.000391 0.000269
677 0.000390 0.000253
678 0.000388 0.000252
679 0.000391 0.000282
680 0.000397 0.000286
681 0.000391 0.000252
682 0.000386 0.000252
683 0.000381 0.000252
684 0.000379 0.000252
685 0.000376 0.000251
686 0.000373 0.000250
687 0.000371 0.000250
688 0.000370 0.000248
689 0.000368 0.000247
690 0.000364 0.000246
691 0.000361 0.000245
692 0.000359 0.000243
693 0.000355 0.000242
694 0.000352 0.000240
695 0.000352 0.000239
696 0.000351 0.000238
697 0.000349 0.000236
698 0.000347 0.000235
699 0.000343 0.000233
700 0.000340 0.000231
701 0.000337 0.000230
702 0.000332 0.000228
703 0.000334 0.000227
704 0.000332 0.000225
705 0.000329 0.000224
706 0.000327 0.000222
707 0.000325 0.000221
708 0.000322 0.000220
709 0.000320 0.000218
710 0.000319 0.000217
711 0.000317 0.000215
712 0.000314 0.000214
713 0.000311 0.000212
714 0.000309 0.000211
715 0.000307 0.000210
716 0.000302 0.000208
717 0.000301 0.000207
718 0.000299 0.000206
719 0.000297 0.000204
720 0.000294 0.000203
721 0.000291 0.000202
722 0.000289 0.000201
723 0.000286 0.000199
724 0.000284 0.000198
725 0.000282 0.000197
726 0.000281 0.000196
727 0.000278 0.000195
728 0.000276 0.000193
729 0.000274 0.000192
730 0.000271 0.000191
731 0.000268 0.000190
732 0.000267 0.000189
733 0.000266 0.000188
734 0.000265 0.000187
735 0.000263 0.000186
736 0.000260 0.000184
737 0.000259 0.000183
738 0.000257 0.000182
739 0.000255 0.000181
740 0.000253 0.000180
741 0.000251 0.000179
742 0.000249 0.000178
743 0.000248 0.000177
744 0.000247 0.000176
745 0.000246 0.000175
746 0.000244 0.000174
747 0.000241 0.000173
748 0.000237 0.000172
749 0.000236 0.000172
750 0.000235 0.000171
751 0.000234 0.000170
752 0.000233 0.000169
753 0.000232 0.000168
754 0.000231 0.000167
755 0.000228 0.000166
756 0.000227 0.000165
757 0.000226 0.000164
758 0.000224 0.000164
759 0.000223 0.000163
760 0.000222 0.000162
761 0.000220 0.000161
762 0.000218 0.000160
763 0.000218 0.000160
764 0.000218 0.000159
765 0.000216 0.000158
766 0.000214 0.000157
767 0.000212 0.000156
768 0.000210 0.000156
769 0.000209 0.000155
770 0.000208 0.000154
771 0.000207 0.000153
772 0.000205 0.000153
773 0.000204 0.000152
774 0.000202 0.000151
775 0.000201 0.000151
776 0.000198 0.000150
777 0.000197 0.000149
778 0.000196 0.000148
779 0.000195 0.000148
780 0.000195 0.000147
781 0.000193 0.000146
782 0.000191 0.000146
783 0.000190 0.000145
784 0.000189 0.000144
785 0.000188 0.000144
786 0.000187 0.000143
787 0.000185 0.000142
788 0.000183 0.000142
789 0.000182 0.000141
790 0.000181 0.000141
791 0.000180 0.000140
792 0.000178 0.000139
793 0.000177 0.000139
794 0.000177 0.000138
795 0.000176 0.000138
796 0.000175 0.000137
797 0.000172 0.000136
798 0.000171 0.000136
799 0.000170 0.000135
800 0.000169 0.000135
801 0.000169 0.000134
802 0.000169 0.000134
803 0.000169 0.000133
804 0.000167 0.000132
805 0.000165 0.000132
806 0.000164 0.000131
807 0.000164 0.000131
808 0.000163 0.000130
809 0.000162 0.000130
810 0.000162 0.000129
811 0.000161 0.000129
812 0.000159 0.000128
813 0.000158 0.000128
814 0.000157 0.000127
815 0.000157 0.000127
816 0.000156 0.000126
817 0.000156 0.000126
818 0.000156 0.000125
819 0.000156 0.000125
820 0.000153 0.000124
821 0.000153 0.000124
822 0.000152 0.000123
823 0.000151 0.000123
824 0.000150 0.000122
825 0.000149 0.000122
826 0.000147 0.000121
827 0.000147 0.000121
828 0.000147 0.000120
829 0.000146 0.000120
830 0.000145 0.000120
831 0.000145 0.000119
832 0.000144 0.000119
833 0.000142 0.000118
834 0.000141 0.000118
835 0.000141 0.000117
836 0.000143 0.000117
837 0.000141 0.000116
838 0.000140 0.000116
839 0.000140 0.000116
840 0.000139 0.000115
841 0.000139 0.000115
842 0.000138 0.000114
843 0.000135 0.000114
844 0.000135 0.000114
845 0.000134 0.000113
846 0.000134 0.000113
847 0.000132 0.000112
848 0.000132 0.000112
849 0.000132 0.000112
850 0.000132 0.000111
851 0.000132 0.000111
852 0.000131 0.000110
853 0.000129 0.000110
854 0.000128 0.000110
855 0.000127 0.000109
856 0.000127 0.000109
857 0.000126 0.000109
858 0.000125 0.000108
859 0.000123 0.000108
860 0.000123 0.000107
861 0.000123 0.000107
862 0.000123 0.000107
863 0.000123 0.000106
864 0.000123 0.000106
865 0.000122 0.000106
866 0.000121 0.000105
867 0.000121 0.000105
868 0.000119 0.000105
869 0.000118 0.000104
870 0.000118 0.000104
871 0.000118 0.000104
872 0.000118 0.000103
873 0.000117 0.000103
874 0.000117 0.000103
875 0.000116 0.000102
876 0.000114 0.000102
877 0.000113 0.000102
878 0.000113 0.000101
879 0.000113 0.000101
880 0.000113 0.000101
881 0.000113 0.000100
882 0.000112 0.000100
883 0.000111 0.000100
884 0.000111 0.000099
885 0.000111 0.000099
886 0.000111 0.000099
887 0.000111 0.000099
888 0.000110 0.000098
889 0.000109 0.000098
890 0.000108 0.000098
891 0.000107 0.000097
892 0.000107 0.000097
893 0.000106 0.000097
894 0.000106 0.000096
895 0.000106 0.000096
896 0.000105 0.000096
897 0.000105 0.000096
898 0.000104 0.000095
899 0.000103 0.000095
900 0.000103 0.000095
901 0.000103 0.000094
902 0.000103 0.000094
903 0.000103 0.000094
904 0.000103 0.000094
905 0.000102 0.000093
906 0.000102 0.000093
907 0.000102 0.000093
908 0.000102 0.000093
909 0.000102 0.000092
910 0.000101 0.000092
911 0.000101 0.000092
912 0.000100 0.000091
913 0.000101 0.000091
914 0.000100 0.000091
915 0.000099 0.000091
916 0.000099 0.000090
917 0.000099 0.000090
918 0.000099 0.000090
919 0.000098 0.000090
920 0.000098 0.000089
921 0.000097 0.000089
922 0.000097 0.000089
923 0.000096 0.000089
924 0.000096 0.000088
925 0.000096 0.000088
926 0.000099 0.000088
927 0.000097 0.000088
928 0.000094 0.000087
929 0.000094 0.000087
930 0.000094 0.000087
931 0.000093 0.000087
932 0.000093 0.000087
933 0.000093 0.000086
934 0.000093 0.000086
935 0.000093 0.000086
936 0.000093 0.000086
937 0.000093 0.000085
938 0.000093 0.000085
939 0.000093 0.000085
940 0.000093 0.000085
941 0.000093 0.000084
942 0.000093 0.000084
943 0.000093 0.000084
944 0.000093 0.000084
945 0.000093 0.000084
946 0.000093 0.000083
947 0.000092 0.000083
948 0.000090 0.000083
949 0.000093 0.000083
950 0.000093 0.000083
