Taegu Pyungkwang River Catchment: Calibration Data

Subcatchment : Extracted study basin: cat-12079

TL =     3.13
SUMAC =     1.00
SZQ =       6.48526
Subcatchment routing data:
Maximum Routing Delay       0.69444
Sum of Histogram ordinates:     1.0000
     1.00000 
Initial BAL             -0.39223
Initial SBAR             0.39023
Initial SR0              0.00200
it      p        ep       q(it)       quz      q       sbar       qof
1 0.0000e+00 6.1900e-05 3.2800e-05 0.0000e+00 3.2800e-05 3.9026e-01 0.0000e+00
2 0.0000e+00 6.4700e-05 3.2766e-05 0.0000e+00 3.2766e-05 3.9029e-01 0.0000e+00
3 1.0000e-03 6.1900e-05 3.2733e-05 0.0000e+00 3.2733e-05 3.9033e-01 0.0000e+00
4 1.0000e-03 5.6000e-05 3.2699e-05 0.0000e+00 3.2699e-05 3.9036e-01 0.0000e+00
5 1.0000e-03 4.5700e-05 3.3360e-05 2.8148e-05 3.2666e-05 3.9036e-01 6.9440e-07
6 5.0000e-04 3.2300e-05 3.3075e-05 4.1000e-05 3.2661e-05 3.9035e-01 4.1387e-07
7 5.0000e-04 1.5600e-05 3.3096e-05 5.3419e-05 3.2670e-05 3.9033e-01 4.2608e-07
8 0.0000e+00 0.0000e+00 3.2691e-05 4.7383e-05 3.2691e-05 3.9032e-01 0.0000e+00
9 5.0000e-04 0.0000e+00 3.3147e-05 6.0595e-05 3.2706e-05 3.9029e-01 4.4129e-07
10 5.0000e-04 0.0000e+00 3.3190e-05 7.2500e-05 3.2735e-05 3.9025e-01 4.5550e-07
11 0.0000e+00 0.0000e+00 3.2775e-05 6.4724e-05 3.2775e-05 3.9022e-01 0.0000e+00
12 0.0000e+00 0.0000e+00 3.2808e-05 5.8503e-05 3.2808e-05 3.9019e-01 0.0000e+00
13 1.0000e-03 0.0000e+00 3.3745e-05 8.9998e-05 3.2834e-05 3.9014e-01 9.1100e-07
14 5.0000e-04 0.0000e+00 3.3349e-05 9.8467e-05 3.2893e-05 3.9007e-01 4.5550e-07
15 5.0000e-04 0.0000e+00 3.3416e-05 1.0673e-04 3.2961e-05 3.9000e-01 4.5550e-07
16 1.0000e-03 0.0000e+00 3.3948e-05 1.3279e-04 3.3037e-05 3.8990e-01 9.1100e-07
17 0.0000e+00 0.0000e+00 3.3140e-05 1.1860e-04 3.3140e-05 3.8981e-01 0.0000e+00
18 0.0000e+00 0.0000e+00 3.3228e-05 1.0731e-04 3.3228e-05 3.8974e-01 0.0000e+00
19 0.0000e+00 0.0000e+00 3.3305e-05 9.7367e-05 3.3305e-05 3.8967e-01 0.0000e+00
20 0.0000e+00 0.0000e+00 3.3372e-05 8.8491e-05 3.3372e-05 3.8962e-01 0.0000e+00
21 0.0000e+00 1.8000e-05 3.3430e-05 8.0527e-05 3.3430e-05 3.8957e-01 0.0000e+00
22 0.0000e+00 3.4800e-05 3.3479e-05 7.3355e-05 3.3479e-05 3.8953e-01 0.0000e+00
23 0.0000e+00 4.9200e-05 3.3521e-05 6.6881e-05 3.3521e-05 3.8950e-01 0.0000e+00
24 3.0000e-03 6.0200e-05 3.6196e-05 1.6860e-04 3.3556e-05 3.8936e-01 2.6401e-06
25 2.0000e-03 6.6600e-05 3.5465e-05 2.2024e-04 3.3698e-05 3.8918e-01 1.7672e-06
26 5.5000e-03 6.9600e-05 3.9111e-05 3.9761e-04 3.3895e-05 3.8881e-01 5.2159e-06
27 6.0000e-03 6.6600e-05 4.0657e-05 5.7093e-04 3.4282e-05 3.8828e-01 6.3753e-06
28 1.0000e-03 6.0200e-05 3.5712e-05 5.4159e-04 3.4862e-05 3.8777e-01 8.5033e-07
29 2.5000e-03 4.9200e-05 3.7641e-05 5.7901e-04 3.5418e-05 3.8723e-01 2.2227e-06
30 0.0000e+00 3.4800e-05 3.6025e-05 5.1991e-04 3.6025e-05 3.8674e-01 0.0000e+00
31 0.0000e+00 1.6800e-05 3.6574e-05 4.7099e-04 3.6574e-05 3.8631e-01 0.0000e+00
32 1.0000e-03 0.0000e+00 3.7893e-05 4.6149e-04 3.7074e-05 3.8588e-01 8.1923e-07
33 5.0000e-04 0.0000e+00 3.8024e-05 4.3649e-04 3.7569e-05 3.8548e-01 4.5550e-07
34 0.0000e+00 0.0000e+00 3.8040e-05 3.9566e-04 3.8040e-05 3.8513e-01 0.0000e+00
35 0.0000e+00 0.0000e+00 3.8468e-05 3.5976e-04 3.8468e-05 3.8481e-01 0.0000e+00
36 0.0000e+00 0.0000e+00 3.8856e-05 3.2743e-04 3.8856e-05 3.8452e-01 0.0000e+00
37 0.0000e+00 0.0000e+00 3.9208e-05 2.9823e-04 3.9208e-05 3.8426e-01 0.0000e+00
38 0.0000e+00 0.0000e+00 3.9526e-05 2.7180e-04 3.9526e-05 3.8403e-01 0.0000e+00
39 0.0000e+00 0.0000e+00 3.9814e-05 2.4785e-04 3.9814e-05 3.8382e-01 0.0000e+00
40 0.0000e+00 0.0000e+00 4.0074e-05 2.2612e-04 4.0074e-05 3.8363e-01 0.0000e+00
41 0.0000e+00 0.0000e+00 4.0308e-05 2.0638e-04 4.0308e-05 3.8347e-01 0.0000e+00
42 0.0000e+00 0.0000e+00 4.0517e-05 1.8845e-04 4.0517e-05 3.8332e-01 0.0000e+00
43 0.0000e+00 0.0000e+00 4.0705e-05 1.7213e-04 4.0705e-05 3.8319e-01 0.0000e+00
44 0.0000e+00 0.0000e+00 4.0873e-05 1.5729e-04 4.0873e-05 3.8307e-01 0.0000e+00
45 0.0000e+00 3.3800e-05 4.1022e-05 1.4378e-04 4.1022e-05 3.8297e-01 0.0000e+00
46 1.0000e-03 6.5200e-05 4.2827e-05 1.6799e-04 4.1154e-05 3.8284e-01 1.6735e-06
47 0.0000e+00 9.2300e-05 4.1317e-05 1.5184e-04 4.1317e-05 3.8273e-01 0.0000e+00
48 5.0000e-04 1.1300e-04 4.2053e-05 1.5124e-04 4.1460e-05 3.8262e-01 5.9342e-07
49 0.0000e+00 1.2500e-04 4.1602e-05 1.3729e-04 4.1602e-05 3.8252e-01 0.0000e+00
50 1.0000e-03 1.3050e-04 4.3047e-05 1.5398e-04 4.1727e-05 3.8241e-01 1.3203e-06
51 2.5000e-03 1.2500e-04 4.5978e-05 2.2892e-04 4.1874e-05 3.8223e-01 4.1040e-06
52 3.0000e-03 1.1300e-04 4.7099e-05 3.1332e-04 4.2119e-05 3.8195e-01 4.9795e-06
53 2.5000e-03 9.2300e-05 4.6612e-05 3.6985e-04 4.2478e-05 3.8163e-01 4.1343e-06
54 3.0000e-03 6.5200e-05 4.7951e-05 4.4120e-04 4.2914e-05 3.8123e-01 5.0361e-06
55 2.5000e-03 3.1600e-05 4.7669e-05 4.8710e-04 4.3452e-05 3.8078e-01 4.2171e-06
56 2.0000e-03 0.0000e+00 4.7468e-05 5.1152e-04 4.4059e-05 3.8032e-01 3.4093e-06
57 1.0000e-03 0.0000e+00 4.6439e-05 4.9742e-04 4.4707e-05 3.7986e-01 1.7320e-06
58 1.0000e-03 0.0000e+00 4.7076e-05 4.8644e-04 4.5344e-05 3.7942e-01 1.7320e-06
59 0.0000e+00 0.0000e+00 4.5973e-05 4.3847e-04 4.5973e-05 3.7903e-01 0.0000e+00
60 5.0000e-04 0.0000e+00 4.7407e-05 4.1623e-04 4.6541e-05 3.7866e-01 8.6600e-07
61 5.0000e-04 0.0000e+00 4.7947e-05 3.9586e-04 4.7081e-05 3.7831e-01 8.6600e-07
62 0.0000e+00 0.0000e+00 4.7597e-05 3.5813e-04 4.7597e-05 3.7800e-01 0.0000e+00
63 0.0000e+00 0.0000e+00 4.8061e-05 3.2489e-04 4.8061e-05 3.7773e-01 0.0000e+00
64 0.0000e+00 0.0000e+00 4.8479e-05 2.9505e-04 4.8479e-05 3.7748e-01 0.0000e+00
65 0.0000e+00 0.0000e+00 4.8854e-05 2.6816e-04 4.8854e-05 3.7726e-01 0.0000e+00
66 0.0000e+00 0.0000e+00 4.9190e-05 2.4389e-04 4.9190e-05 3.7706e-01 0.0000e+00
67 0.0000e+00 0.0000e+00 4.9490e-05 2.2194e-04 4.9490e-05 3.7689e-01 0.0000e+00
68 0.0000e+00 0.0000e+00 4.9758e-05 2.0207e-04 4.9758e-05 3.7674e-01 0.0000e+00
69 0.0000e+00 4.1400e-05 4.9995e-05 1.8407e-04 4.9995e-05 3.7661e-01 0.0000e+00
70 0.0000e+00 7.9800e-05 5.0205e-05 1.6774e-04 5.0205e-05 3.7649e-01 0.0000e+00
71 0.0000e+00 1.1290e-04 5.0390e-05 1.5292e-04 5.0390e-05 3.7639e-01 0.0000e+00
72 0.0000e+00 1.3830e-04 5.0551e-05 1.3946e-04 5.0551e-05 3.7630e-01 0.0000e+00
73 0.0000e+00 1.5300e-04 5.0692e-05 1.2723e-04 5.0692e-05 3.7622e-01 0.0000e+00
74 0.0000e+00 1.5980e-04 5.0813e-05 1.1611e-04 5.0813e-05 3.7615e-01 0.0000e+00
75 0.0000e+00 1.5300e-04 5.0917e-05 1.0600e-04 5.0917e-05 3.7610e-01 0.0000e+00
76 0.0000e+00 1.3830e-04 5.1005e-05 9.6802e-05 5.1005e-05 3.7605e-01 0.0000e+00
77 0.0000e+00 1.1290e-04 5.1078e-05 8.8426e-05 5.1078e-05 3.7602e-01 0.0000e+00
78 0.0000e+00 7.9800e-05 5.1138e-05 8.0797e-05 5.1138e-05 3.7599e-01 0.0000e+00
79 0.0000e+00 3.8700e-05 5.1185e-05 7.3847e-05 5.1185e-05 3.7596e-01 0.0000e+00
80 0.0000e+00 0.0000e+00 5.1221e-05 6.7513e-05 5.1221e-05 3.7595e-01 0.0000e+00
81 0.0000e+00 0.0000e+00 5.1247e-05 6.1739e-05 5.1247e-05 3.7594e-01 0.0000e+00
82 0.0000e+00 0.0000e+00 5.1264e-05 5.6472e-05 5.1264e-05 3.7593e-01 0.0000e+00
83 0.0000e+00 0.0000e+00 5.1273e-05 5.1667e-05 5.1273e-05 3.7593e-01 0.0000e+00
84 0.0000e+00 0.0000e+00 5.1273e-05 4.7282e-05 5.1273e-05 3.7594e-01 0.0000e+00
85 0.0000e+00 0.0000e+00 5.1267e-05 4.3280e-05 5.1267e-05 3.7594e-01 0.0000e+00
86 0.0000e+00 0.0000e+00 5.1254e-05 3.9625e-05 5.1254e-05 3.7596e-01 0.0000e+00
87 0.0000e+00 0.0000e+00 5.1235e-05 3.6287e-05 5.1235e-05 3.7597e-01 0.0000e+00
88 0.0000e+00 0.0000e+00 5.1211e-05 3.3237e-05 5.1211e-05 3.7599e-01 0.0000e+00
89 0.0000e+00 0.0000e+00 5.1183e-05 3.0450e-05 5.1183e-05 3.7601e-01 0.0000e+00
90 0.0000e+00 0.0000e+00 5.1150e-05 2.7903e-05 5.1150e-05 3.7603e-01 0.0000e+00
91 0.0000e+00 0.0000e+00 5.1112e-05 2.5574e-05 5.1112e-05 3.7606e-01 0.0000e+00
92 0.0000e+00 0.0000e+00 5.1072e-05 2.3444e-05 5.1072e-05 3.7609e-01 0.0000e+00
93 0.0000e+00 1.9100e-05 5.1028e-05 2.1495e-05 5.1028e-05 3.7612e-01 0.0000e+00
94 0.0000e+00 3.6800e-05 5.0980e-05 1.9712e-05 5.0980e-05 3.7615e-01 0.0000e+00
95 0.0000e+00 5.2100e-05 5.0931e-05 1.8081e-05 5.0931e-05 3.7618e-01 0.0000e+00
96 0.0000e+00 6.3800e-05 5.0878e-05 1.6587e-05 5.0878e-05 3.7621e-01 0.0000e+00
97 5.0000e-04 7.0600e-05 5.0824e-05 1.5220e-05 5.0824e-05 3.7625e-01 0.0000e+00
98 5.0000e-04 7.3700e-05 5.0767e-05 1.3967e-05 5.0767e-05 3.7629e-01 0.0000e+00
99 0.0000e+00 7.0600e-05 5.0709e-05 1.2820e-05 5.0709e-05 3.7632e-01 0.0000e+00
100 0.0000e+00 6.3800e-05 5.0649e-05 1.1770e-05 5.0649e-05 3.7636e-01 0.0000e+00
101 0.0000e+00 5.2100e-05 5.0588e-05 1.0807e-05 5.0588e-05 3.7640e-01 0.0000e+00
102 0.0000e+00 3.6800e-05 5.0525e-05 9.9244e-06 5.0525e-05 3.7644e-01 0.0000e+00
103 0.0000e+00 1.7800e-05 5.0461e-05 9.1155e-06 5.0461e-05 3.7648e-01 0.0000e+00
104 0.0000e+00 0.0000e+00 5.0395e-05 8.3738e-06 5.0395e-05 3.7653e-01 0.0000e+00
105 0.0000e+00 0.0000e+00 5.0329e-05 7.6937e-06 5.0329e-05 3.7657e-01 0.0000e+00
106 0.0000e+00 0.0000e+00 5.0262e-05 7.0699e-06 5.0262e-05 3.7661e-01 0.0000e+00
107 0.0000e+00 0.0000e+00 5.0195e-05 6.4976e-06 5.0195e-05 3.7666e-01 0.0000e+00
108 0.0000e+00 0.0000e+00 5.0126e-05 5.9726e-06 5.0126e-05 3.7670e-01 0.0000e+00
109 0.0000e+00 0.0000e+00 5.0057e-05 5.4908e-06 5.0057e-05 3.7674e-01 0.0000e+00
110 0.0000e+00 0.0000e+00 4.9987e-05 5.0486e-06 4.9987e-05 3.7679e-01 0.0000e+00
111 5.0000e-04 0.0000e+00 4.9917e-05 4.6427e-06 4.9917e-05 3.7683e-01 0.0000e+00
112 0.0000e+00 0.0000e+00 4.9847e-05 4.2700e-06 4.9847e-05 3.7688e-01 0.0000e+00
113 0.0000e+00 0.0000e+00 4.9776e-05 3.9278e-06 4.9776e-05 3.7693e-01 0.0000e+00
114 0.0000e+00 0.0000e+00 4.9704e-05 3.6135e-06 4.9704e-05 3.7697e-01 0.0000e+00
115 0.0000e+00 0.0000e+00 4.9633e-05 3.3247e-06 4.9633e-05 3.7702e-01 0.0000e+00
116 0.0000e+00 0.0000e+00 4.9561e-05 3.0595e-06 4.9561e-05 3.7707e-01 0.0000e+00
117 0.0000e+00 1.0200e-05 4.9489e-05 2.8157e-06 4.9489e-05 3.7711e-01 0.0000e+00
118 0.0000e+00 1.9800e-05 4.9417e-05 2.5917e-06 4.9417e-05 3.7716e-01 0.0000e+00
119 0.0000e+00 2.8000e-05 4.9345e-05 2.3859e-06 4.9345e-05 3.7721e-01 0.0000e+00
120 0.0000e+00 3.4200e-05 4.9272e-05 2.1967e-06 4.9272e-05 3.7725e-01 0.0000e+00
121 0.0000e+00 3.7900e-05 4.9200e-05 2.0228e-06 4.9200e-05 3.7730e-01 0.0000e+00
122 0.0000e+00 3.9500e-05 4.9127e-05 1.8628e-06 4.9127e-05 3.7735e-01 0.0000e+00
123 0.0000e+00 3.7900e-05 4.9055e-05 1.7157e-06 4.9055e-05 3.7739e-01 0.0000e+00
124 0.0000e+00 3.4200e-05 4.8982e-05 1.5804e-06 4.8982e-05 3.7744e-01 0.0000e+00
125 0.0000e+00 2.8000e-05 4.8910e-05 1.4560e-06 4.8910e-05 3.7749e-01 0.0000e+00
126 0.0000e+00 1.9800e-05 4.8837e-05 1.3415e-06 4.8837e-05 3.7754e-01 0.0000e+00
127 0.0000e+00 9.6000e-06 4.8765e-05 1.2361e-06 4.8765e-05 3.7758e-01 0.0000e+00
128 0.0000e+00 0.0000e+00 4.8693e-05 1.1391e-06 4.8693e-05 3.7763e-01 0.0000e+00
129 0.0000e+00 0.0000e+00 4.8620e-05 1.0499e-06 4.8620e-05 3.7768e-01 0.0000e+00
130 0.0000e+00 0.0000e+00 4.8548e-05 9.6774e-07 4.8548e-05 3.7773e-01 0.0000e+00
131 0.0000e+00 0.0000e+00 4.8476e-05 8.9215e-07 4.8476e-05 3.7777e-01 0.0000e+00
132 0.0000e+00 0.0000e+00 4.8404e-05 8.2255e-07 4.8404e-05 3.7782e-01 0.0000e+00
133 0.0000e+00 0.0000e+00 4.8332e-05 7.5846e-07 4.8332e-05 3.7787e-01 0.0000e+00
134 0.0000e+00 0.0000e+00 4.8260e-05 6.9944e-07 4.8260e-05 3.7792e-01 0.0000e+00
135 0.0000e+00 0.0000e+00 4.8188e-05 6.4508e-07 4.8188e-05 3.7797e-01 0.0000e+00
136 0.0000e+00 0.0000e+00 4.8117e-05 5.9500e-07 4.8117e-05 3.7801e-01 0.0000e+00
137 0.0000e+00 0.0000e+00 4.8046e-05 5.4887e-07 4.8046e-05 3.7806e-01 0.0000e+00
138 0.0000e+00 0.0000e+00 4.7974e-05 5.0622e-07 4.7974e-05 3.7811e-01 0.0000e+00
139 0.0000e+00 0.0000e+00 4.7903e-05 4.6708e-07 4.7903e-05 3.7815e-01 0.0000e+00
140 0.0000e+00 0.0000e+00 4.7832e-05 4.3100e-07 4.7832e-05 3.7820e-01 0.0000e+00
141 5.0000e-04 4.1400e-05 4.7761e-05 3.9775e-07 4.7761e-05 3.7825e-01 0.0000e+00
142 0.0000e+00 7.9900e-05 4.7691e-05 3.6710e-07 4.7691e-05 3.7830e-01 0.0000e+00
143 0.0000e+00 1.1300e-04 4.7620e-05 3.3884e-07 4.7620e-05 3.7834e-01 0.0000e+00
144 0.0000e+00 1.3840e-04 4.7550e-05 3.1279e-07 4.7550e-05 3.7839e-01 0.0000e+00
145 0.0000e+00 1.5310e-04 4.7480e-05 2.8877e-07 4.7480e-05 3.7844e-01 0.0000e+00
146 0.0000e+00 1.5990e-04 4.7410e-05 2.6662e-07 4.7410e-05 3.7849e-01 0.0000e+00
147 0.0000e+00 1.5310e-04 4.7340e-05 2.4619e-07 4.7340e-05 3.7853e-01 0.0000e+00
148 0.0000e+00 1.3840e-04 4.7270e-05 2.2735e-07 4.7270e-05 3.7858e-01 0.0000e+00
149 0.0000e+00 1.1300e-04 4.7201e-05 2.0979e-07 4.7201e-05 3.7863e-01 0.0000e+00
150 0.0000e+00 7.9900e-05 4.7132e-05 1.9377e-07 4.7132e-05 3.7867e-01 0.0000e+00
151 0.0000e+00 3.8700e-05 4.7063e-05 1.7900e-07 4.7063e-05 3.7872e-01 0.0000e+00
152 0.0000e+00 0.0000e+00 4.6994e-05 1.6536e-07 4.6994e-05 3.7877e-01 0.0000e+00
153 0.0000e+00 0.0000e+00 4.6925e-05 1.5278e-07 4.6925e-05 3.7881e-01 0.0000e+00
154 0.0000e+00 0.0000e+00 4.6857e-05 1.4116e-07 4.6857e-05 3.7886e-01 0.0000e+00
155 0.0000e+00 0.0000e+00 4.6788e-05 1.3044e-07 4.6788e-05 3.7891e-01 0.0000e+00
156 0.0000e+00 0.0000e+00 4.6720e-05 1.2055e-07 4.6720e-05 3.7895e-01 0.0000e+00
157 0.0000e+00 0.0000e+00 4.6652e-05 1.1141e-07 4.6652e-05 3.7900e-01 0.0000e+00
158 0.0000e+00 0.0000e+00 4.6584e-05 1.0298e-07 4.6584e-05 3.7905e-01 0.0000e+00
159 0.0000e+00 0.0000e+00 4.6517e-05 9.5188e-08 4.6517e-05 3.7909e-01 0.0000e+00
160 0.0000e+00 0.0000e+00 4.6449e-05 8.7759e-08 4.6449e-05 3.7914e-01 0.0000e+00
161 0.0000e+00 0.0000e+00 4.6382e-05 8.1143e-08 4.6382e-05 3.7919e-01 0.0000e+00
162 0.0000e+00 0.0000e+00 4.6315e-05 7.5031e-08 4.6315e-05 3.7923e-01 0.0000e+00
163 0.0000e+00 0.0000e+00 4.6248e-05 6.9385e-08 4.6248e-05 3.7928e-01 0.0000e+00
164 0.0000e+00 0.0000e+00 4.6181e-05 6.4168e-08 4.6181e-05 3.7933e-01 0.0000e+00
165 0.0000e+00 1.7800e-05 4.6115e-05 5.9348e-08 4.6115e-05 3.7937e-01 0.0000e+00
166 0.0000e+00 3.4400e-05 4.6048e-05 5.4894e-08 4.6048e-05 3.7942e-01 0.0000e+00
167 0.0000e+00 4.8600e-05 4.5982e-05 5.0779e-08 4.5982e-05 3.7946e-01 0.0000e+00
168 0.0000e+00 5.9500e-05 4.5916e-05 4.6975e-08 4.5916e-05 3.7951e-01 0.0000e+00
169 0.0000e+00 6.5900e-05 4.5851e-05 4.3459e-08 4.5851e-05 3.7955e-01 0.0000e+00
170 0.0000e+00 6.8800e-05 4.5785e-05 3.9876e-08 4.5785e-05 3.7960e-01 0.0000e+00
171 0.0000e+00 6.5900e-05 4.5720e-05 3.6906e-08 4.5720e-05 3.7965e-01 0.0000e+00
172 0.0000e+00 5.9500e-05 4.5654e-05 3.4159e-08 4.5654e-05 3.7969e-01 0.0000e+00
173 0.0000e+00 4.8600e-05 4.5589e-05 3.1618e-08 4.5589e-05 3.7974e-01 0.0000e+00
174 0.0000e+00 3.4400e-05 4.5524e-05 2.9269e-08 4.5524e-05 3.7978e-01 0.0000e+00
175 0.0000e+00 1.6600e-05 4.5460e-05 2.7095e-08 4.5460e-05 3.7983e-01 0.0000e+00
176 0.0000e+00 0.0000e+00 4.5395e-05 2.5085e-08 4.5395e-05 3.7987e-01 0.0000e+00
177 0.0000e+00 0.0000e+00 4.5331e-05 2.3225e-08 4.5331e-05 3.7992e-01 0.0000e+00
178 0.0000e+00 0.0000e+00 4.5267e-05 2.1505e-08 4.5267e-05 3.7996e-01 0.0000e+00
179 0.0000e+00 0.0000e+00 4.5203e-05 1.9913e-08 4.5203e-05 3.8001e-01 0.0000e+00
180 0.0000e+00 0.0000e+00 4.5139e-05 1.8440e-08 4.5139e-05 3.8005e-01 0.0000e+00
181 0.0000e+00 0.0000e+00 4.5076e-05 1.6623e-08 4.5076e-05 3.8010e-01 0.0000e+00
182 0.0000e+00 0.0000e+00 4.5012e-05 1.5404e-08 4.5012e-05 3.8014e-01 0.0000e+00
183 0.0000e+00 0.0000e+00 4.4949e-05 1.4274e-08 4.4949e-05 3.8019e-01 0.0000e+00
184 0.0000e+00 0.0000e+00 4.4886e-05 1.3229e-08 4.4886e-05 3.8023e-01 0.0000e+00
185 0.0000e+00 0.0000e+00 4.4823e-05 1.2260e-08 4.4823e-05 3.8028e-01 0.0000e+00
186 0.0000e+00 0.0000e+00 4.4760e-05 1.1364e-08 4.4760e-05 3.8032e-01 0.0000e+00
187 0.0000e+00 0.0000e+00 4.4698e-05 1.0533e-08 4.4698e-05 3.8037e-01 0.0000e+00
188 0.0000e+00 0.0000e+00 4.4635e-05 9.7633e-09 4.4635e-05 3.8041e-01 0.0000e+00
189 0.0000e+00 4.5600e-05 4.4573e-05 9.0505e-09 4.4573e-05 3.8046e-01 0.0000e+00
190 5.0000e-04 8.7900e-05 4.4511e-05 8.3902e-09 4.4511e-05 3.8050e-01 0.0000e+00
191 0.0000e+00 1.2440e-04 4.4449e-05 7.7785e-09 4.4449e-05 3.8055e-01 0.0000e+00
192 0.0000e+00 1.5230e-04 4.4387e-05 6.6411e-09 4.4387e-05 3.8059e-01 0.0000e+00
193 0.0000e+00 1.6850e-04 4.4326e-05 6.1644e-09 4.4326e-05 3.8064e-01 0.0000e+00
194 0.0000e+00 1.7590e-04 4.4265e-05 5.7222e-09 4.4265e-05 3.8068e-01 0.0000e+00
195 0.0000e+00 1.6850e-04 4.4203e-05 5.3119e-09 4.4203e-05 3.8072e-01 0.0000e+00
196 0.0000e+00 1.5230e-04 4.4142e-05 4.9312e-09 4.4142e-05 3.8077e-01 0.0000e+00
197 0.0000e+00 1.2440e-04 4.4082e-05 4.5779e-09 4.4082e-05 3.8081e-01 0.0000e+00
198 0.0000e+00 8.7900e-05 4.4021e-05 4.2501e-09 4.4021e-05 3.8086e-01 0.0000e+00
199 0.0000e+00 4.2600e-05 4.3960e-05 3.9460e-09 4.3960e-05 3.8090e-01 0.0000e+00
200 0.0000e+00 0.0000e+00 4.3900e-05 3.6637e-09 4.3900e-05 3.8094e-01 0.0000e+00
201 0.0000e+00 0.0000e+00 4.3840e-05 3.4018e-09 4.3840e-05 3.8099e-01 0.0000e+00
202 0.0000e+00 0.0000e+00 4.3780e-05 3.1587e-09 4.3780e-05 3.8103e-01 0.0000e+00
203 0.0000e+00 0.0000e+00 4.3720e-05 2.4388e-09 4.3720e-05 3.8108e-01 0.0000e+00
204 0.0000e+00 0.0000e+00 4.3660e-05 2.2684e-09 4.3660e-05 3.8112e-01 0.0000e+00
205 0.0000e+00 0.0000e+00 4.3601e-05 2.1100e-09 4.3601e-05 3.8116e-01 0.0000e+00
206 0.0000e+00 0.0000e+00 4.3541e-05 1.9628e-09 4.3541e-05 3.8121e-01 0.0000e+00
207 0.0000e+00 0.0000e+00 4.3482e-05 1.8258e-09 4.3482e-05 3.8125e-01 0.0000e+00
208 0.0000e+00 0.0000e+00 4.3423e-05 1.6985e-09 4.3423e-05 3.8129e-01 0.0000e+00
209 0.0000e+00 0.0000e+00 4.3364e-05 1.5800e-09 4.3364e-05 3.8134e-01 0.0000e+00
210 0.0000e+00 0.0000e+00 4.3306e-05 1.4699e-09 4.3306e-05 3.8138e-01 0.0000e+00
211 0.0000e+00 0.0000e+00 4.3247e-05 1.3675e-09 4.3247e-05 3.8142e-01 0.0000e+00
212 0.0000e+00 0.0000e+00 4.3189e-05 1.2722e-09 4.3189e-05 3.8147e-01 0.0000e+00
213 0.0000e+00 4.9000e-05 4.3130e-05 1.1836e-09 4.3130e-05 3.8151e-01 0.0000e+00
214 0.0000e+00 9.4600e-05 4.3072e-05 7.5069e-10 4.3072e-05 3.8155e-01 0.0000e+00
215 0.0000e+00 1.3380e-04 4.3014e-05 6.9995e-10 4.3014e-05 3.8160e-01 0.0000e+00
216 0.0000e+00 1.6380e-04 4.2957e-05 6.5266e-10 4.2957e-05 3.8164e-01 0.0000e+00
217 0.0000e+00 1.8130e-04 4.2899e-05 6.0858e-10 4.2899e-05 3.8168e-01 0.0000e+00
218 0.0000e+00 1.8920e-04 4.2841e-05 5.6748e-10 4.2841e-05 3.8172e-01 0.0000e+00
219 0.0000e+00 1.8130e-04 4.2784e-05 5.2917e-10 4.2784e-05 3.8177e-01 0.0000e+00
220 0.0000e+00 1.6380e-04 4.2727e-05 4.9345e-10 4.2727e-05 3.8181e-01 0.0000e+00
221 0.0000e+00 1.3380e-04 4.2670e-05 4.6015e-10 4.2670e-05 3.8185e-01 0.0000e+00
222 0.0000e+00 9.4600e-05 4.2613e-05 4.2910e-10 4.2613e-05 3.8189e-01 0.0000e+00
223 0.0000e+00 4.5800e-05 4.2556e-05 4.0016e-10 4.2556e-05 3.8194e-01 0.0000e+00
224 0.0000e+00 0.0000e+00 4.2500e-05 3.7318e-10 4.2500e-05 3.8198e-01 0.0000e+00
225 0.0000e+00 0.0000e+00 4.2443e-05 1.4928e-10 4.2443e-05 3.8202e-01 0.0000e+00
226 0.0000e+00 0.0000e+00 4.2387e-05 1.3961e-10 4.2387e-05 3.8206e-01 0.0000e+00
227 0.0000e+00 0.0000e+00 4.2331e-05 1.3057e-10 4.2331e-05 3.8211e-01 0.0000e+00
228 0.0000e+00 0.0000e+00 4.2275e-05 1.2211e-10 4.2275e-05 3.8215e-01 0.0000e+00
229 0.0000e+00 0.0000e+00 4.2219e-05 1.1420e-10 4.2219e-05 3.8219e-01 0.0000e+00
230 0.0000e+00 0.0000e+00 4.2164e-05 1.0681e-10 4.2164e-05 3.8223e-01 0.0000e+00
231 0.0000e+00 0.0000e+00 4.2108e-05 9.9897e-11 4.2108e-05 3.8228e-01 0.0000e+00
232 0.0000e+00 0.0000e+00 4.2053e-05 9.3432e-11 4.2053e-05 3.8232e-01 0.0000e+00
233 0.0000e+00 0.0000e+00 4.1997e-05 8.7386e-11 4.1997e-05 3.8236e-01 0.0000e+00
234 0.0000e+00 0.0000e+00 4.1942e-05 8.1733e-11 4.1942e-05 3.8240e-01 0.0000e+00
235 0.0000e+00 0.0000e+00 4.1887e-05 7.6446e-11 4.1887e-05 3.8244e-01 0.0000e+00
236 0.0000e+00 0.0000e+00 4.1833e-05 1.4992e-11 4.1833e-05 3.8249e-01 0.0000e+00
237 0.0000e+00 5.1700e-05 4.1778e-05 1.4063e-11 4.1778e-05 3.8253e-01 0.0000e+00
238 0.0000e+00 9.9800e-05 4.1724e-05 1.3193e-11 4.1724e-05 3.8257e-01 0.0000e+00
239 0.0000e+00 1.4120e-04 4.1669e-05 1.2376e-11 4.1669e-05 3.8261e-01 0.0000e+00
240 0.0000e+00 1.7290e-04 4.1615e-05 1.1610e-11 4.1615e-05 3.8265e-01 0.0000e+00
241 5.0000e-04 1.9130e-04 4.1561e-05 1.0891e-11 4.1561e-05 3.8269e-01 0.0000e+00
242 1.0000e-03 1.9970e-04 4.1507e-05 1.0217e-11 4.1507e-05 3.8274e-01 0.0000e+00
243 0.0000e+00 1.9130e-04 4.1453e-05 9.5848e-12 4.1453e-05 3.8278e-01 0.0000e+00
244 0.0000e+00 1.7290e-04 4.1399e-05 8.9918e-12 4.1399e-05 3.8282e-01 0.0000e+00
245 0.0000e+00 1.4120e-04 4.1346e-05 8.4355e-12 4.1346e-05 3.8286e-01 0.0000e+00
246 0.0000e+00 9.9800e-05 4.1293e-05 7.9137e-12 4.1293e-05 3.8290e-01 0.0000e+00
247 0.0000e+00 4.8300e-05 4.1239e-05 0.0000e+00 4.1239e-05 3.8294e-01 0.0000e+00
248 0.0000e+00 0.0000e+00 4.1186e-05 0.0000e+00 4.1186e-05 3.8298e-01 0.0000e+00
249 0.0000e+00 0.0000e+00 4.1133e-05 0.0000e+00 4.1133e-05 3.8302e-01 0.0000e+00
250 0.0000e+00 0.0000e+00 4.1080e-05 0.0000e+00 4.1080e-05 3.8307e-01 0.0000e+00
251 0.0000e+00 0.0000e+00 4.1028e-05 0.0000e+00 4.1028e-05 3.8311e-01 0.0000e+00
252 0.0000e+00 0.0000e+00 4.0975e-05 0.0000e+00 4.0975e-05 3.8315e-01 0.0000e+00
253 1.0000e-03 0.0000e+00 4.0923e-05 0.0000e+00 4.0923e-05 3.8319e-01 0.0000e+00
254 0.0000e+00 0.0000e+00 4.0870e-05 0.0000e+00 4.0870e-05 3.8323e-01 0.0000e+00
255 0.0000e+00 0.0000e+00 4.0818e-05 0.0000e+00 4.0818e-05 3.8327e-01 0.0000e+00
256 0.0000e+00 0.0000e+00 4.0766e-05 0.0000e+00 4.0766e-05 3.8331e-01 0.0000e+00
257 0.0000e+00 0.0000e+00 4.0714e-05 0.0000e+00 4.0714e-05 3.8335e-01 0.0000e+00
258 0.0000e+00 0.0000e+00 4.0662e-05 0.0000e+00 4.0662e-05 3.8339e-01 0.0000e+00
259 0.0000e+00 0.0000e+00 4.0611e-05 0.0000e+00 4.0611e-05 3.8343e-01 0.0000e+00
260 0.0000e+00 0.0000e+00 4.0559e-05 0.0000e+00 4.0559e-05 3.8347e-01 0.0000e+00
261 0.0000e+00 7.5200e-05 4.0508e-05 0.0000e+00 4.0508e-05 3.8351e-01 0.0000e+00
262 1.0000e-03 1.4510e-04 4.0457e-05 0.0000e+00 4.0457e-05 3.8355e-01 0.0000e+00
263 0.0000e+00 2.0520e-04 4.0406e-05 0.0000e+00 4.0406e-05 3.8359e-01 0.0000e+00
264 0.0000e+00 2.5130e-04 4.0355e-05 0.0000e+00 4.0355e-05 3.8364e-01 0.0000e+00
265 0.0000e+00 2.7800e-04 4.0304e-05 0.0000e+00 4.0304e-05 3.8368e-01 0.0000e+00
266 0.0000e+00 2.9030e-04 4.0253e-05 0.0000e+00 4.0253e-05 3.8372e-01 0.0000e+00
267 0.0000e+00 2.7800e-04 4.0202e-05 0.0000e+00 4.0202e-05 3.8376e-01 0.0000e+00
268 0.0000e+00 2.5130e-04 4.0152e-05 0.0000e+00 4.0152e-05 3.8380e-01 0.0000e+00
269 0.0000e+00 2.0520e-04 4.0102e-05 0.0000e+00 4.0102e-05 3.8384e-01 0.0000e+00
270 0.0000e+00 1.4510e-04 4.0051e-05 0.0000e+00 4.0051e-05 3.8388e-01 0.0000e+00
271 0.0000e+00 7.0200e-05 4.0001e-05 0.0000e+00 4.0001e-05 3.8392e-01 0.0000e+00
272 0.0000e+00 0.0000e+00 3.9951e-05 0.0000e+00 3.9951e-05 3.8396e-01 0.0000e+00
273 0.0000e+00 0.0000e+00 3.9901e-05 0.0000e+00 3.9901e-05 3.8400e-01 0.0000e+00
274 0.0000e+00 0.0000e+00 3.9852e-05 0.0000e+00 3.9852e-05 3.8404e-01 0.0000e+00
275 0.0000e+00 0.0000e+00 3.9802e-05 0.0000e+00 3.9802e-05 3.8408e-01 0.0000e+00
276 0.0000e+00 0.0000e+00 3.9753e-05 0.0000e+00 3.9753e-05 3.8412e-01 0.0000e+00
277 0.0000e+00 0.0000e+00 3.9703e-05 0.0000e+00 3.9703e-05 3.8416e-01 0.0000e+00
278 0.0000e+00 0.0000e+00 3.9654e-05 0.0000e+00 3.9654e-05 3.8419e-01 0.0000e+00
279 0.0000e+00 0.0000e+00 3.9605e-05 0.0000e+00 3.9605e-05 3.8423e-01 0.0000e+00
280 0.0000e+00 0.0000e+00 3.9556e-05 0.0000e+00 3.9556e-05 3.8427e-01 0.0000e+00
281 0.0000e+00 0.0000e+00 3.9507e-05 0.0000e+00 3.9507e-05 3.8431e-01 0.0000e+00
282 0.0000e+00 0.0000e+00 3.9458e-05 0.0000e+00 3.9458e-05 3.8435e-01 0.0000e+00
283 1.0000e-03 0.0000e+00 3.9410e-05 0.0000e+00 3.9410e-05 3.8439e-01 0.0000e+00
284 5.0000e-04 0.0000e+00 3.9361e-05 0.0000e+00 3.9361e-05 3.8443e-01 0.0000e+00
285 2.5000e-03 2.4400e-05 3.9459e-05 6.1341e-06 3.9313e-05 3.8446e-01 1.4619e-07
286 6.0000e-03 4.7000e-05 4.9296e-05 2.2952e-04 3.9272e-05 3.8427e-01 1.0024e-05
287 4.0000e-03 6.6500e-05 4.6183e-05 3.4734e-04 3.9506e-05 3.8397e-01 6.6768e-06
288 1.5000e-03 8.1400e-05 4.2371e-05 3.6065e-04 3.9888e-05 3.8365e-01 2.4828e-06
289 0.0000e+00 9.0100e-05 4.0290e-05 3.2224e-04 4.0290e-05 3.8336e-01 0.0000e+00
290 0.0000e+00 9.4000e-05 4.0647e-05 2.9018e-04 4.0647e-05 3.8311e-01 0.0000e+00
291 5.0000e-04 9.0100e-05 4.1372e-05 2.7091e-04 4.0965e-05 3.8288e-01 4.0697e-07
292 0.0000e+00 8.1400e-05 4.1260e-05 2.4478e-04 4.1260e-05 3.8268e-01 0.0000e+00
293 0.0000e+00 6.6500e-05 4.1523e-05 2.2172e-04 4.1523e-05 3.8250e-01 0.0000e+00
294 1.5000e-03 4.7000e-05 4.3944e-05 2.4895e-04 4.1758e-05 3.8229e-01 2.1864e-06
295 1.0000e-03 2.2800e-05 4.3680e-05 2.6016e-04 4.2029e-05 3.8208e-01 1.6506e-06
296 0.0000e+00 0.0000e+00 4.2317e-05 2.3427e-04 4.2317e-05 3.8188e-01 0.0000e+00
297 0.0000e+00 0.0000e+00 4.2571e-05 2.1219e-04 4.2571e-05 3.8171e-01 0.0000e+00
298 0.0000e+00 0.0000e+00 4.2797e-05 1.9252e-04 4.2797e-05 3.8156e-01 0.0000e+00
299 0.0000e+00 0.0000e+00 4.2998e-05 1.7489e-04 4.2998e-05 3.8143e-01 0.0000e+00
300 0.0000e+00 0.0000e+00 4.3176e-05 1.5902e-04 4.3176e-05 3.8132e-01 0.0000e+00
301 0.0000e+00 0.0000e+00 4.3332e-05 1.4471e-04 4.3332e-05 3.8122e-01 0.0000e+00
302 0.0000e+00 0.0000e+00 4.3470e-05 1.3177e-04 4.3470e-05 3.8113e-01 0.0000e+00
303 0.0000e+00 0.0000e+00 4.3590e-05 1.2006e-04 4.3590e-05 3.8105e-01 0.0000e+00
304 0.0000e+00 0.0000e+00 4.3694e-05 1.0945e-04 4.3694e-05 3.8098e-01 0.0000e+00
305 0.0000e+00 0.0000e+00 4.3784e-05 9.9829e-05 4.3784e-05 3.8093e-01 0.0000e+00
306 0.0000e+00 0.0000e+00 4.3861e-05 9.1094e-05 4.3861e-05 3.8088e-01 0.0000e+00
307 0.0000e+00 0.0000e+00 4.3926e-05 8.3158e-05 4.3926e-05 3.8084e-01 0.0000e+00
308 0.0000e+00 0.0000e+00 4.3980e-05 7.5944e-05 4.3980e-05 3.8081e-01 0.0000e+00
309 0.0000e+00 2.8800e-05 4.4024e-05 6.9382e-05 4.4024e-05 3.8078e-01 0.0000e+00
310 5.0000e-04 5.5500e-05 4.4835e-05 8.0570e-05 4.4058e-05 3.8075e-01 7.7665e-07
311 0.0000e+00 7.8500e-05 4.4109e-05 7.2760e-05 4.4109e-05 3.8072e-01 0.0000e+00
312 0.0000e+00 9.6200e-05 4.4148e-05 6.6208e-05 4.4148e-05 3.8070e-01 0.0000e+00
313 0.0000e+00 1.0640e-04 4.4179e-05 6.0335e-05 4.4179e-05 3.8068e-01 0.0000e+00
314 0.0000e+00 1.1110e-04 4.4201e-05 5.5036e-05 4.4201e-05 3.8067e-01 0.0000e+00
315 0.0000e+00 1.0640e-04 4.4216e-05 5.0240e-05 4.4216e-05 3.8066e-01 0.0000e+00
316 0.0000e+00 9.6200e-05 4.4224e-05 4.5889e-05 4.4224e-05 3.8066e-01 0.0000e+00
317 5.0000e-04 7.8500e-05 4.4227e-05 4.1936e-05 4.4227e-05 3.8067e-01 0.0000e+00
318 1.0000e-03 5.5500e-05 4.5566e-05 6.8022e-05 4.4223e-05 3.8064e-01 1.3423e-06
319 5.0000e-04 2.6900e-05 4.5026e-05 7.7664e-05 4.4256e-05 3.8061e-01 7.6988e-07
320 0.0000e+00 0.0000e+00 4.4303e-05 6.9562e-05 4.4303e-05 3.8058e-01 0.0000e+00
321 0.0000e+00 0.0000e+00 4.4338e-05 6.2910e-05 4.4338e-05 3.8056e-01 0.0000e+00
322 1.0000e-03 0.0000e+00 4.6049e-05 9.4331e-05 4.4363e-05 3.8051e-01 1.6854e-06
323 1.0000e-03 0.0000e+00 4.6165e-05 1.2227e-04 4.4433e-05 3.8044e-01 1.7320e-06
324 0.0000e+00 0.0000e+00 4.4541e-05 1.0881e-04 4.4541e-05 3.8037e-01 0.0000e+00
325 0.0000e+00 0.0000e+00 4.4630e-05 9.8071e-05 4.4630e-05 3.8032e-01 0.0000e+00
326 0.0000e+00 0.0000e+00 4.4705e-05 8.8666e-05 4.4705e-05 3.8027e-01 0.0000e+00
327 0.0000e+00 0.0000e+00 4.4766e-05 8.0326e-05 4.4766e-05 3.8024e-01 0.0000e+00
328 0.0000e+00 0.0000e+00 4.4816e-05 7.2879e-05 4.4816e-05 3.8021e-01 0.0000e+00
329 0.0000e+00 0.0000e+00 4.4856e-05 6.6201e-05 4.4856e-05 3.8019e-01 0.0000e+00
330 0.0000e+00 0.0000e+00 4.4885e-05 6.0194e-05 4.4885e-05 3.8017e-01 0.0000e+00
331 0.0000e+00 0.0000e+00 4.4907e-05 5.4779e-05 4.4907e-05 3.8016e-01 0.0000e+00
332 0.0000e+00 0.0000e+00 4.4921e-05 4.9887e-05 4.4921e-05 3.8016e-01 0.0000e+00
333 0.0000e+00 1.1200e-05 4.4928e-05 4.5462e-05 4.4928e-05 3.8016e-01 0.0000e+00
334 0.0000e+00 2.1600e-05 4.4928e-05 4.1454e-05 4.4928e-05 3.8016e-01 0.0000e+00
335 0.0000e+00 3.0600e-05 4.4924e-05 3.7820e-05 4.4924e-05 3.8017e-01 0.0000e+00
336 0.0000e+00 3.7400e-05 4.4914e-05 3.4522e-05 4.4914e-05 3.8018e-01 0.0000e+00
337 0.0000e+00 4.1400e-05 4.4899e-05 3.1526e-05 4.4899e-05 3.8019e-01 0.0000e+00
338 5.0000e-04 4.3200e-05 4.5500e-05 4.2548e-05 4.4880e-05 3.8020e-01 6.1998e-07
339 5.0000e-04 4.1400e-05 4.5668e-05 5.5697e-05 4.4877e-05 3.8018e-01 7.9118e-07
340 1.5000e-03 3.7400e-05 4.7419e-05 1.0573e-04 4.4892e-05 3.8012e-01 2.5263e-06
341 1.5000e-03 3.0600e-05 4.7511e-05 1.4935e-04 4.4978e-05 3.8002e-01 2.5332e-06
342 1.0000e-03 2.1600e-05 4.6804e-05 1.6939e-04 4.5125e-05 3.7990e-01 1.6790e-06
343 5.0000e-04 1.0500e-05 4.6129e-05 1.6922e-04 4.5300e-05 3.7977e-01 8.2859e-07
344 1.0000e-03 0.0000e+00 4.7190e-05 1.8963e-04 4.5476e-05 3.7963e-01 1.7138e-06
345 5.0000e-04 0.0000e+00 4.6547e-05 1.8867e-04 4.5681e-05 3.7948e-01 8.6600e-07
346 0.0000e+00 0.0000e+00 4.5886e-05 1.6929e-04 4.5886e-05 3.7936e-01 0.0000e+00
347 0.0000e+00 0.0000e+00 4.6063e-05 1.5279e-04 4.6063e-05 3.7925e-01 0.0000e+00
348 0.0000e+00 0.0000e+00 4.6217e-05 1.3820e-04 4.6217e-05 3.7916e-01 0.0000e+00
349 0.0000e+00 0.0000e+00 4.6350e-05 1.2520e-04 4.6350e-05 3.7908e-01 0.0000e+00
350 0.0000e+00 0.0000e+00 4.6464e-05 1.1355e-04 4.6464e-05 3.7902e-01 0.0000e+00
351 0.0000e+00 0.0000e+00 4.6562e-05 1.0310e-04 4.6562e-05 3.7896e-01 0.0000e+00
352 0.0000e+00 0.0000e+00 4.6644e-05 9.3688e-05 4.6644e-05 3.7891e-01 0.0000e+00
353 5.0000e-04 0.0000e+00 4.7579e-05 1.0455e-04 4.6713e-05 3.7885e-01 8.6600e-07
354 0.0000e+00 0.0000e+00 4.6797e-05 9.4158e-05 4.6797e-05 3.7881e-01 0.0000e+00
355 0.0000e+00 0.0000e+00 4.6867e-05 8.5410e-05 4.6867e-05 3.7877e-01 0.0000e+00
356 0.0000e+00 0.0000e+00 4.6923e-05 7.7597e-05 4.6923e-05 3.7874e-01 0.0000e+00
357 0.0000e+00 7.2300e-05 4.6968e-05 7.0575e-05 4.6968e-05 3.7871e-01 0.0000e+00
358 0.0000e+00 1.3960e-04 4.7003e-05 6.4242e-05 4.7003e-05 3.7870e-01 0.0000e+00
359 0.0000e+00 1.9750e-04 4.7028e-05 5.8518e-05 4.7028e-05 3.7869e-01 0.0000e+00
360 0.0000e+00 2.4180e-04 4.7045e-05 5.3336e-05 4.7045e-05 3.7868e-01 0.0000e+00
361 0.0000e+00 2.6750e-04 4.7054e-05 4.8639e-05 4.7054e-05 3.7868e-01 0.0000e+00
362 0.0000e+00 2.7930e-04 4.7057e-05 4.4377e-05 4.7057e-05 3.7868e-01 0.0000e+00
363 0.0000e+00 2.6750e-04 4.7053e-05 4.0507e-05 4.7053e-05 3.7869e-01 0.0000e+00
364 0.0000e+00 2.4180e-04 4.7043e-05 3.6991e-05 4.7043e-05 3.7870e-01 0.0000e+00
365 0.0000e+00 1.9750e-04 4.7028e-05 3.3792e-05 4.7028e-05 3.7871e-01 0.0000e+00
366 0.0000e+00 1.3960e-04 4.7009e-05 3.0882e-05 4.7009e-05 3.7873e-01 0.0000e+00
367 0.0000e+00 6.7600e-05 4.6985e-05 2.8232e-05 4.6985e-05 3.7875e-01 0.0000e+00
368 0.0000e+00 0.0000e+00 4.6958e-05 2.5818e-05 4.6958e-05 3.7877e-01 0.0000e+00
369 0.0000e+00 0.0000e+00 4.6927e-05 2.3618e-05 4.6927e-05 3.7879e-01 0.0000e+00
370 0.0000e+00 0.0000e+00 4.6892e-05 2.1612e-05 4.6892e-05 3.7882e-01 0.0000e+00
371 0.0000e+00 0.0000e+00 4.6855e-05 1.9782e-05 4.6855e-05 3.7884e-01 0.0000e+00
372 0.0000e+00 0.0000e+00 4.6816e-05 1.8112e-05 4.6816e-05 3.7887e-01 0.0000e+00
373 5.0000e-04 0.0000e+00 4.6774e-05 1.6587e-05 4.6774e-05 3.7890e-01 0.0000e+00
374 7.5000e-03 0.0000e+00 5.6996e-05 2.4454e-04 4.6730e-05 3.7870e-01 1.0266e-05
375 4.5000e-03 0.0000e+00 5.4813e-05 3.8541e-04 4.7019e-05 3.7836e-01 7.7940e-06
376 2.5000e-03 0.0000e+00 5.1849e-05 4.3554e-04 4.7519e-05 3.7798e-01 4.3300e-06
377 5.0000e-04 0.0000e+00 4.8965e-05 4.0603e-04 4.8099e-05 3.7762e-01 8.6600e-07
378 0.0000e+00 0.0000e+00 4.8640e-05 3.6375e-04 4.8640e-05 3.7730e-01 0.0000e+00
379 0.0000e+00 0.0000e+00 4.9121e-05 3.2747e-04 4.9121e-05 3.7703e-01 0.0000e+00
380 0.0000e+00 0.0000e+00 4.9551e-05 2.9551e-04 4.9551e-05 3.7678e-01 0.0000e+00
381 0.0000e+00 1.7400e-05 4.9933e-05 2.6711e-04 4.9933e-05 3.7656e-01 0.0000e+00
382 0.0000e+00 3.3600e-05 5.0273e-05 2.4175e-04 5.0273e-05 3.7637e-01 0.0000e+00
383 1.0000e-03 4.7500e-05 5.2218e-05 2.5632e-04 5.0575e-05 3.7617e-01 1.6437e-06
384 1.0000e-03 5.8200e-05 5.2551e-05 2.6803e-04 5.0901e-05 3.7595e-01 1.6497e-06
385 0.0000e+00 6.4300e-05 5.1247e-05 2.4077e-04 5.1247e-05 3.7576e-01 0.0000e+00
386 5.0000e-04 6.7200e-05 5.2206e-05 2.3262e-04 5.1552e-05 3.7558e-01 6.5396e-07
387 0.0000e+00 6.4300e-05 5.1844e-05 2.0997e-04 5.1844e-05 3.7542e-01 0.0000e+00
388 0.0000e+00 5.8200e-05 5.2101e-05 1.9022e-04 5.2101e-05 3.7528e-01 0.0000e+00
389 0.0000e+00 4.7500e-05 5.2327e-05 1.7254e-04 5.2327e-05 3.7516e-01 0.0000e+00
390 5.0000e-04 3.3600e-05 5.2979e-05 1.6707e-04 5.2523e-05 3.7505e-01 4.5590e-07
391 0.0000e+00 1.6300e-05 5.2712e-05 1.5122e-04 5.2712e-05 3.7495e-01 0.0000e+00
392 5.0000e-04 0.0000e+00 5.3654e-05 1.5515e-04 5.2874e-05 3.7485e-01 7.7959e-07
393 5.0000e-04 0.0000e+00 5.3910e-05 1.5984e-04 5.3044e-05 3.7474e-01 8.6600e-07
394 0.0000e+00 0.0000e+00 5.3221e-05 1.4393e-04 5.3221e-05 3.7465e-01 0.0000e+00
395 0.0000e+00 0.0000e+00 5.3372e-05 1.3041e-04 5.3372e-05 3.7457e-01 0.0000e+00
396 0.0000e+00 0.0000e+00 5.3501e-05 1.1835e-04 5.3501e-05 3.7451e-01 0.0000e+00
397 0.0000e+00 0.0000e+00 5.3609e-05 1.0752e-04 5.3609e-05 3.7445e-01 0.0000e+00
398 0.0000e+00 0.0000e+00 5.3700e-05 9.7757e-05 5.3700e-05 3.7441e-01 0.0000e+00
399 0.0000e+00 0.0000e+00 5.3773e-05 8.8944e-05 5.3773e-05 3.7437e-01 0.0000e+00
400 0.0000e+00 0.0000e+00 5.3833e-05 8.0975e-05 5.3833e-05 3.7435e-01 0.0000e+00
401 0.0000e+00 0.0000e+00 5.3878e-05 7.3758e-05 5.3878e-05 3.7433e-01 0.0000e+00
402 1.0000e-03 0.0000e+00 5.5644e-05 1.0700e-04 5.3912e-05 3.7427e-01 1.7320e-06
403 0.0000e+00 0.0000e+00 5.4001e-05 9.5141e-05 5.4001e-05 3.7423e-01 0.0000e+00
404 0.0000e+00 0.0000e+00 5.4071e-05 8.5953e-05 5.4071e-05 3.7420e-01 0.0000e+00
405 5.0000e-04 2.4600e-05 5.4991e-05 9.7783e-05 5.4125e-05 3.7416e-01 8.6600e-07
406 5.0000e-04 4.7400e-05 5.5022e-05 1.0654e-04 5.4199e-05 3.7410e-01 8.2339e-07
407 0.0000e+00 6.7100e-05 5.4287e-05 9.5343e-05 5.4287e-05 3.7406e-01 0.0000e+00
408 5.0000e-04 8.2200e-05 5.5025e-05 1.0148e-04 5.4357e-05 3.7402e-01 6.6780e-07
409 0.0000e+00 9.0900e-05 5.4437e-05 9.1038e-05 5.4437e-05 3.7398e-01 0.0000e+00
410 0.0000e+00 9.5000e-05 5.4499e-05 8.2297e-05 5.4499e-05 3.7395e-01 0.0000e+00
411 0.0000e+00 9.0900e-05 5.4547e-05 7.4545e-05 5.4547e-05 3.7393e-01 0.0000e+00
412 0.0000e+00 8.2200e-05 5.4581e-05 6.7615e-05 5.4581e-05 3.7392e-01 0.0000e+00
413 0.0000e+00 6.7100e-05 5.4603e-05 6.1392e-05 5.4603e-05 3.7391e-01 0.0000e+00
414 0.0000e+00 4.7400e-05 5.4615e-05 5.5792e-05 5.4615e-05 3.7391e-01 0.0000e+00
415 0.0000e+00 2.3000e-05 5.4617e-05 5.0740e-05 5.4617e-05 3.7391e-01 0.0000e+00
416 0.0000e+00 0.0000e+00 5.4610e-05 4.6176e-05 5.4610e-05 3.7392e-01 0.0000e+00
417 0.0000e+00 0.0000e+00 5.4596e-05 4.2048e-05 5.4596e-05 3.7394e-01 0.0000e+00
418 0.0000e+00 0.0000e+00 5.4574e-05 3.8310e-05 5.4574e-05 3.7395e-01 0.0000e+00
419 0.0000e+00 0.0000e+00 5.4547e-05 3.4921e-05 5.4547e-05 3.7397e-01 0.0000e+00
420 0.0000e+00 0.0000e+00 5.4513e-05 3.1846e-05 5.4513e-05 3.7399e-01 0.0000e+00
421 0.0000e+00 0.0000e+00 5.4475e-05 2.9054e-05 5.4475e-05 3.7402e-01 0.0000e+00
422 0.0000e+00 0.0000e+00 5.4431e-05 2.6518e-05 5.4431e-05 3.7405e-01 0.0000e+00
423 0.0000e+00 0.0000e+00 5.4384e-05 2.4212e-05 5.4384e-05 3.7408e-01 0.0000e+00
424 0.0000e+00 0.0000e+00 5.4333e-05 2.2114e-05 5.4333e-05 3.7411e-01 0.0000e+00
425 0.0000e+00 0.0000e+00 5.4278e-05 2.0205e-05 5.4278e-05 3.7414e-01 0.0000e+00
426 0.0000e+00 0.0000e+00 5.4220e-05 1.8467e-05 5.4220e-05 3.7418e-01 0.0000e+00
427 5.0000e-04 0.0000e+00 5.4160e-05 1.6883e-05 5.4160e-05 3.7422e-01 0.0000e+00
428 2.0000e-03 0.0000e+00 5.7429e-05 9.2049e-05 5.4097e-05 3.7418e-01 3.3327e-06
429 3.0000e-03 3.2600e-05 5.9357e-05 1.9875e-04 5.4161e-05 3.7403e-01 5.1960e-06
430 2.0000e-03 6.2900e-05 5.7814e-05 2.5086e-04 5.4406e-05 3.7384e-01 3.4075e-06
431 1.0000e-03 8.9000e-05 5.6364e-05 2.5799e-04 5.4741e-05 3.7363e-01 1.6231e-06
432 0.0000e+00 1.0900e-04 5.5090e-05 2.2910e-04 5.5090e-05 3.7346e-01 0.0000e+00
433 5.0000e-04 1.2060e-04 5.5914e-05 2.1751e-04 5.5390e-05 3.7330e-01 5.2340e-07
434 0.0000e+00 1.2590e-04 5.5672e-05 1.9505e-04 5.5672e-05 3.7316e-01 0.0000e+00
435 0.0000e+00 1.2060e-04 5.5915e-05 1.7568e-04 5.5915e-05 3.7304e-01 0.0000e+00
436 0.0000e+00 1.0900e-04 5.6124e-05 1.5853e-04 5.6124e-05 3.7294e-01 0.0000e+00
437 3.5000e-03 8.9000e-05 6.1544e-05 2.6471e-04 5.6304e-05 3.7273e-01 5.2403e-06
438 0.0000e+00 6.2900e-05 5.6672e-05 2.3272e-04 5.6672e-05 3.7255e-01 0.0000e+00
439 0.0000e+00 3.0500e-05 5.6985e-05 2.0892e-04 5.6985e-05 3.7240e-01 0.0000e+00
440 0.0000e+00 0.0000e+00 5.7256e-05 1.8823e-04 5.7256e-05 3.7227e-01 0.0000e+00
441 0.0000e+00 0.0000e+00 5.7491e-05 1.6992e-04 5.7491e-05 3.7216e-01 0.0000e+00
442 0.0000e+00 0.0000e+00 5.7693e-05 1.5361e-04 5.7693e-05 3.7206e-01 0.0000e+00
443 0.0000e+00 0.0000e+00 5.7866e-05 1.3904e-04 5.7866e-05 3.7198e-01 0.0000e+00
444 5.0000e-04 0.0000e+00 5.8564e-05 1.3880e-04 5.8013e-05 3.7190e-01 5.5044e-07
445 0.0000e+00 0.0000e+00 5.8160e-05 1.2508e-04 5.8160e-05 3.7183e-01 0.0000e+00
446 0.0000e+00 0.0000e+00 5.8282e-05 1.1328e-04 5.8282e-05 3.7178e-01 0.0000e+00
447 0.0000e+00 0.0000e+00 5.8382e-05 1.0271e-04 5.8382e-05 3.7173e-01 0.0000e+00
448 0.0000e+00 0.0000e+00 5.8463e-05 9.3217e-05 5.8463e-05 3.7170e-01 0.0000e+00
449 0.0000e+00 0.0000e+00 5.8526e-05 8.4659e-05 5.8526e-05 3.7167e-01 0.0000e+00
450 0.0000e+00 0.0000e+00 5.8574e-05 7.6936e-05 5.8574e-05 3.7165e-01 0.0000e+00
451 0.0000e+00 0.0000e+00 5.8608e-05 6.9957e-05 5.8608e-05 3.7164e-01 0.0000e+00
452 5.0000e-04 0.0000e+00 5.9494e-05 8.3887e-05 5.8628e-05 3.7162e-01 8.6600e-07
453 0.0000e+00 2.2400e-05 5.8675e-05 7.5020e-05 5.8675e-05 3.7160e-01 0.0000e+00
454 0.0000e+00 4.3300e-05 5.8705e-05 6.7906e-05 5.8705e-05 3.7159e-01 0.0000e+00
455 0.0000e+00 6.1200e-05 5.8722e-05 6.1584e-05 5.8722e-05 3.7159e-01 0.0000e+00
456 0.0000e+00 7.5000e-05 5.8727e-05 5.5915e-05 5.8727e-05 3.7159e-01 0.0000e+00
457 0.0000e+00 8.3000e-05 5.8722e-05 5.0814e-05 5.8722e-05 3.7160e-01 0.0000e+00
458 0.0000e+00 8.6600e-05 5.8707e-05 4.6213e-05 5.8707e-05 3.7161e-01 0.0000e+00
459 0.0000e+00 8.3000e-05 5.8684e-05 4.2055e-05 5.8684e-05 3.7163e-01 0.0000e+00
460 0.0000e+00 7.5000e-05 5.8654e-05 3.8293e-05 5.8654e-05 3.7165e-01 0.0000e+00
461 0.0000e+00 6.1200e-05 5.8617e-05 3.4885e-05 5.8617e-05 3.7167e-01 0.0000e+00
462 0.0000e+00 4.3300e-05 5.8573e-05 3.1795e-05 5.8573e-05 3.7170e-01 0.0000e+00
463 0.0000e+00 2.1000e-05 5.8524e-05 2.8991e-05 5.8524e-05 3.7173e-01 0.0000e+00
464 0.0000e+00 0.0000e+00 5.8470e-05 2.6445e-05 5.8470e-05 3.7176e-01 0.0000e+00
465 1.0000e-03 0.0000e+00 5.9016e-05 3.8243e-05 5.8412e-05 3.7178e-01 6.0417e-07
466 5.0000e-04 0.0000e+00 5.9241e-05 5.4166e-05 5.8375e-05 3.7179e-01 8.6600e-07
467 0.0000e+00 0.0000e+00 5.8367e-05 4.7755e-05 5.8367e-05 3.7180e-01 0.0000e+00
468 0.0000e+00 0.0000e+00 5.8348e-05 4.2941e-05 5.8348e-05 3.7181e-01 0.0000e+00
469 5.0000e-04 0.0000e+00 5.9186e-05 5.8968e-05 5.8320e-05 3.7181e-01 8.6600e-07
470 0.0000e+00 0.0000e+00 5.8321e-05 5.2115e-05 5.8321e-05 3.7182e-01 0.0000e+00
471 0.0000e+00 0.0000e+00 5.8310e-05 4.6874e-05 5.8310e-05 3.7183e-01 0.0000e+00
472 5.0000e-04 0.0000e+00 5.9155e-05 6.2508e-05 5.8289e-05 3.7182e-01 8.6600e-07
473 5.0000e-04 0.0000e+00 5.9162e-05 7.5525e-05 5.8296e-05 3.7181e-01 8.6600e-07
474 0.0000e+00 0.0000e+00 5.8328e-05 6.6831e-05 5.8328e-05 3.7180e-01 0.0000e+00
475 0.0000e+00 0.0000e+00 5.8343e-05 6.0031e-05 5.8343e-05 3.7180e-01 0.0000e+00
476 0.0000e+00 0.0000e+00 5.8346e-05 5.4091e-05 5.8346e-05 3.7180e-01 0.0000e+00
477 0.0000e+00 9.2000e-06 5.8339e-05 4.8838e-05 5.8339e-05 3.7181e-01 0.0000e+00
478 0.0000e+00 1.7800e-05 5.8321e-05 4.4162e-05 5.8321e-05 3.7182e-01 0.0000e+00
479 0.0000e+00 2.5200e-05 5.8295e-05 3.9984e-05 5.8295e-05 3.7184e-01 0.0000e+00
480 0.0000e+00 3.0900e-05 5.8262e-05 3.6240e-05 5.8262e-05 3.7186e-01 0.0000e+00
481 0.0000e+00 3.4200e-05 5.8222e-05 3.2876e-05 5.8222e-05 3.7189e-01 0.0000e+00
482 5.0000e-04 3.5700e-05 5.8839e-05 4.5321e-05 5.8176e-05 3.7190e-01 6.6302e-07
483 2.5000e-03 3.4200e-05 6.2421e-05 1.3978e-04 5.8153e-05 3.7182e-01 4.2682e-06
484 1.0000e-03 3.0900e-05 5.9974e-05 1.5948e-04 5.8301e-05 3.7172e-01 1.6728e-06
485 0.0000e+00 2.5200e-05 5.8486e-05 1.4045e-04 5.8486e-05 3.7164e-01 0.0000e+00
486 1.0000e-03 1.7800e-05 6.0271e-05 1.6385e-04 5.8636e-05 3.7153e-01 1.6349e-06
487 0.0000e+00 8.6000e-06 5.8829e-05 1.4510e-04 5.8829e-05 3.7145e-01 0.0000e+00
488 0.0000e+00 0.0000e+00 5.8988e-05 1.3019e-04 5.8988e-05 3.7138e-01 0.0000e+00
489 0.0000e+00 0.0000e+00 5.9119e-05 1.1716e-04 5.9119e-05 3.7132e-01 0.0000e+00
490 0.0000e+00 0.0000e+00 5.9226e-05 1.0563e-04 5.9226e-05 3.7127e-01 0.0000e+00
491 0.0000e+00 0.0000e+00 5.9312e-05 9.5383e-05 5.9312e-05 3.7124e-01 0.0000e+00
492 0.0000e+00 0.0000e+00 5.9379e-05 8.6239e-05 5.9379e-05 3.7121e-01 0.0000e+00
493 0.0000e+00 0.0000e+00 5.9429e-05 7.8054e-05 5.9429e-05 3.7119e-01 0.0000e+00
494 0.0000e+00 0.0000e+00 5.9464e-05 7.0712e-05 5.9464e-05 3.7118e-01 0.0000e+00
495 0.0000e+00 0.0000e+00 5.9485e-05 6.4112e-05 5.9485e-05 3.7117e-01 0.0000e+00
496 0.0000e+00 0.0000e+00 5.9493e-05 5.8170e-05 5.9493e-05 3.7118e-01 0.0000e+00
497 0.0000e+00 0.0000e+00 5.9491e-05 5.2814e-05 5.9491e-05 3.7118e-01 0.0000e+00
498 0.0000e+00 0.0000e+00 5.9478e-05 4.7981e-05 5.9478e-05 3.7119e-01 0.0000e+00
499 0.0000e+00 0.0000e+00 5.9457e-05 4.3613e-05 5.9457e-05 3.7121e-01 0.0000e+00
500 0.0000e+00 0.0000e+00 5.9428e-05 3.9664e-05 5.9428e-05 3.7123e-01 0.0000e+00
501 0.0000e+00 6.3800e-05 5.9391e-05 3.6090e-05 5.9391e-05 3.7125e-01 0.0000e+00
502 0.0000e+00 1.2310e-04 5.9348e-05 3.2853e-05 5.9348e-05 3.7128e-01 0.0000e+00
503 0.0000e+00 1.7420e-04 5.9299e-05 2.9919e-05 5.9299e-05 3.7131e-01 0.0000e+00
504 0.0000e+00 2.1330e-04 5.9244e-05 2.7258e-05 5.9244e-05 3.7134e-01 0.0000e+00
505 0.0000e+00 2.3600e-04 5.9185e-05 2.4843e-05 5.9185e-05 3.7137e-01 0.0000e+00
506 0.0000e+00 2.4640e-04 5.9121e-05 2.2651e-05 5.9121e-05 3.7141e-01 0.0000e+00
507 0.0000e+00 2.3600e-04 5.9054e-05 2.0659e-05 5.9054e-05 3.7145e-01 0.0000e+00
508 0.0000e+00 2.1330e-04 5.8983e-05 1.8849e-05 5.8983e-05 3.7149e-01 0.0000e+00
509 0.0000e+00 1.7420e-04 5.8909e-05 1.7203e-05 5.8909e-05 3.7153e-01 0.0000e+00
510 0.0000e+00 1.2310e-04 5.8833e-05 1.5705e-05 5.8833e-05 3.7157e-01 0.0000e+00
511 0.0000e+00 5.9600e-05 5.8753e-05 1.4342e-05 5.8753e-05 3.7162e-01 0.0000e+00
512 0.0000e+00 0.0000e+00 5.8672e-05 1.3101e-05 5.8672e-05 3.7166e-01 0.0000e+00
513 0.0000e+00 0.0000e+00 5.8588e-05 1.1971e-05 5.8588e-05 3.7171e-01 0.0000e+00
514 0.0000e+00 0.0000e+00 5.8503e-05 1.0941e-05 5.8503e-05 3.7176e-01 0.0000e+00
515 0.0000e+00 0.0000e+00 5.8416e-05 1.0003e-05 5.8416e-05 3.7181e-01 0.0000e+00
516 0.0000e+00 0.0000e+00 5.8328e-05 9.1470e-06 5.8328e-05 3.7186e-01 0.0000e+00
517 0.0000e+00 0.0000e+00 5.8238e-05 8.3665e-06 5.8238e-05 3.7191e-01 0.0000e+00
518 0.0000e+00 0.0000e+00 5.8148e-05 7.6543e-06 5.8148e-05 3.7196e-01 0.0000e+00
519 0.0000e+00 0.0000e+00 5.8056e-05 7.0045e-06 5.8056e-05 3.7201e-01 0.0000e+00
520 0.0000e+00 0.0000e+00 5.7963e-05 6.4113e-06 5.7963e-05 3.7206e-01 0.0000e+00
521 0.0000e+00 0.0000e+00 5.7870e-05 5.8696e-06 5.7870e-05 3.7211e-01 0.0000e+00
522 0.0000e+00 0.0000e+00 5.7776e-05 5.3748e-06 5.7776e-05 3.7216e-01 0.0000e+00
523 0.0000e+00 0.0000e+00 5.7682e-05 4.9228e-06 5.7682e-05 3.7222e-01 0.0000e+00
524 0.0000e+00 0.0000e+00 5.7587e-05 4.5097e-06 5.7587e-05 3.7227e-01 0.0000e+00
525 0.0000e+00 4.1700e-05 5.7491e-05 4.1320e-06 5.7491e-05 3.7232e-01 0.0000e+00
526 0.0000e+00 8.0400e-05 5.7395e-05 3.7868e-06 5.7395e-05 3.7238e-01 0.0000e+00
527 0.0000e+00 1.1380e-04 5.7299e-05 3.4710e-06 5.7299e-05 3.7243e-01 0.0000e+00
528 0.0000e+00 1.3930e-04 5.7203e-05 3.1822e-06 5.7203e-05 3.7248e-01 0.0000e+00
529 0.0000e+00 1.5420e-04 5.7107e-05 2.9179e-06 5.7107e-05 3.7254e-01 0.0000e+00
530 0.0000e+00 1.6090e-04 5.7010e-05 2.6761e-06 5.7010e-05 3.7259e-01 0.0000e+00
531 0.0000e+00 1.5420e-04 5.6913e-05 2.4547e-06 5.6913e-05 3.7265e-01 0.0000e+00
532 0.0000e+00 1.3930e-04 5.6816e-05 2.2521e-06 5.6816e-05 3.7270e-01 0.0000e+00
533 0.0000e+00 1.1380e-04 5.6720e-05 2.0665e-06 5.6720e-05 3.7276e-01 0.0000e+00
534 0.0000e+00 8.0400e-05 5.6623e-05 1.8966e-06 5.6623e-05 3.7281e-01 0.0000e+00
535 0.0000e+00 3.8900e-05 5.6526e-05 1.7409e-06 5.6526e-05 3.7287e-01 0.0000e+00
536 0.0000e+00 0.0000e+00 5.6429e-05 1.5982e-06 5.6429e-05 3.7292e-01 0.0000e+00
537 0.0000e+00 0.0000e+00 5.6333e-05 1.4674e-06 5.6333e-05 3.7298e-01 0.0000e+00
538 0.0000e+00 0.0000e+00 5.6236e-05 1.3475e-06 5.6236e-05 3.7303e-01 0.0000e+00
539 0.0000e+00 0.0000e+00 5.6140e-05 1.2377e-06 5.6140e-05 3.7309e-01 0.0000e+00
540 0.0000e+00 0.0000e+00 5.6044e-05 1.1370e-06 5.6044e-05 3.7314e-01 0.0000e+00
541 0.0000e+00 0.0000e+00 5.5948e-05 1.0446e-06 5.5948e-05 3.7319e-01 0.0000e+00
542 0.0000e+00 0.0000e+00 5.5852e-05 9.5988e-07 5.5852e-05 3.7325e-01 0.0000e+00
543 0.0000e+00 0.0000e+00 5.5756e-05 8.8215e-07 5.5756e-05 3.7330e-01 0.0000e+00
544 0.0000e+00 0.0000e+00 5.5660e-05 8.1083e-07 5.5660e-05 3.7336e-01 0.0000e+00
545 0.0000e+00 0.0000e+00 5.5565e-05 7.4538e-07 5.5565e-05 3.7341e-01 0.0000e+00
546 0.0000e+00 0.0000e+00 5.5470e-05 6.8518e-07 5.5470e-05 3.7347e-01 0.0000e+00
547 0.0000e+00 0.0000e+00 5.5375e-05 6.3006e-07 5.5375e-05 3.7352e-01 0.0000e+00
548 0.0000e+00 0.0000e+00 5.5280e-05 5.7944e-07 5.5280e-05 3.7358e-01 0.0000e+00
549 0.0000e+00 2.0700e-05 5.5186e-05 5.3296e-07 5.5186e-05 3.7363e-01 0.0000e+00
550 0.0000e+00 4.0000e-05 5.5092e-05 4.9028e-07 5.5092e-05 3.7369e-01 0.0000e+00
551 0.0000e+00 5.6600e-05 5.4998e-05 4.5106e-07 5.4998e-05 3.7374e-01 0.0000e+00
552 1.0000e-03 6.9300e-05 5.4904e-05 4.1504e-07 5.4904e-05 3.7380e-01 0.0000e+00
553 1.0000e-03 7.6600e-05 5.4811e-05 3.8194e-07 5.4811e-05 3.7385e-01 0.0000e+00
554 2.0000e-03 8.0000e-05 5.5986e-05 2.9567e-05 5.4718e-05 3.7388e-01 1.2680e-06
555 1.5000e-03 7.6600e-05 5.7134e-05 8.1794e-05 5.4675e-05 3.7385e-01 2.4594e-06
556 0.0000e+00 6.9300e-05 5.4721e-05 7.0452e-05 5.4721e-05 3.7383e-01 0.0000e+00
557 5.0000e-04 5.6600e-05 5.5361e-05 7.6794e-05 5.4748e-05 3.7381e-01 6.1349e-07
558 0.0000e+00 4.0000e-05 5.4786e-05 6.8076e-05 5.4786e-05 3.7380e-01 0.0000e+00
559 0.0000e+00 1.9400e-05 5.4808e-05 6.0993e-05 5.4808e-05 3.7379e-01 0.0000e+00
560 0.0000e+00 0.0000e+00 5.4819e-05 5.4824e-05 5.4819e-05 3.7379e-01 0.0000e+00
561 0.0000e+00 0.0000e+00 5.4819e-05 4.9388e-05 5.4819e-05 3.7380e-01 0.0000e+00
562 0.0000e+00 0.0000e+00 5.4810e-05 4.4566e-05 5.4810e-05 3.7381e-01 0.0000e+00
563 0.0000e+00 0.0000e+00 5.4792e-05 4.0273e-05 5.4792e-05 3.7382e-01 0.0000e+00
564 0.0000e+00 0.0000e+00 5.4767e-05 3.6436e-05 5.4767e-05 3.7384e-01 0.0000e+00
565 5.0000e-04 0.0000e+00 5.5401e-05 4.8327e-05 5.4736e-05 3.7385e-01 6.6523e-07
566 0.0000e+00 0.0000e+00 5.4725e-05 4.2934e-05 5.4725e-05 3.7386e-01 0.0000e+00
567 0.0000e+00 0.0000e+00 5.4705e-05 3.8690e-05 5.4705e-05 3.7387e-01 0.0000e+00
568 0.0000e+00 0.0000e+00 5.4677e-05 3.4961e-05 5.4677e-05 3.7389e-01 0.0000e+00
569 0.0000e+00 0.0000e+00 5.4644e-05 3.1642e-05 5.4644e-05 3.7392e-01 0.0000e+00
570 0.0000e+00 0.0000e+00 5.4605e-05 2.8674e-05 5.4605e-05 3.7394e-01 0.0000e+00
571 0.0000e+00 0.0000e+00 5.4560e-05 2.6010e-05 5.4560e-05 3.7397e-01 0.0000e+00
572 0.0000e+00 0.0000e+00 5.4512e-05 2.3614e-05 5.4512e-05 3.7400e-01 0.0000e+00
573 3.0000e-03 3.0500e-05 5.9655e-05 1.4106e-04 5.4459e-05 3.7392e-01 5.1960e-06
574 1.0000e-03 5.8900e-05 5.6286e-05 1.5987e-04 5.4607e-05 3.7381e-01 1.6792e-06
575 2.5000e-03 8.3300e-05 5.9015e-05 2.3834e-04 5.4787e-05 3.7363e-01 4.2280e-06
576 3.5000e-03 1.0200e-04 6.1019e-05 3.4548e-04 5.5102e-05 3.7334e-01 5.9177e-06
577 1.5000e-03 1.1290e-04 5.8025e-05 3.5904e-04 5.5604e-05 3.7303e-01 2.4213e-06
578 0.0000e+00 1.1780e-04 5.6134e-05 3.1869e-04 5.6134e-05 3.7277e-01 0.0000e+00
579 0.0000e+00 1.1290e-04 5.6596e-05 2.8577e-04 5.6596e-05 3.7254e-01 0.0000e+00
580 0.0000e+00 1.0200e-04 5.7003e-05 2.5703e-04 5.7003e-05 3.7234e-01 0.0000e+00
581 0.0000e+00 8.3300e-05 5.7360e-05 2.3165e-04 5.7360e-05 3.7217e-01 0.0000e+00
582 0.0000e+00 5.8900e-05 5.7674e-05 2.0910e-04 5.7674e-05 3.7202e-01 0.0000e+00
583 0.0000e+00 2.8500e-05 5.7947e-05 1.8897e-04 5.7947e-05 3.7189e-01 0.0000e+00
584 0.0000e+00 0.0000e+00 5.8185e-05 1.7097e-04 5.8185e-05 3.7177e-01 0.0000e+00
585 0.0000e+00 0.0000e+00 5.8390e-05 1.5482e-04 5.8390e-05 3.7168e-01 0.0000e+00
586 0.0000e+00 0.0000e+00 5.8567e-05 1.4031e-04 5.8567e-05 3.7159e-01 0.0000e+00
587 0.0000e+00 0.0000e+00 5.8716e-05 1.2725e-04 5.8716e-05 3.7153e-01 0.0000e+00
588 0.0000e+00 0.0000e+00 5.8842e-05 1.1548e-04 5.8842e-05 3.7147e-01 0.0000e+00
589 5.0000e-04 0.0000e+00 5.8947e-05 1.0486e-04 5.8947e-05 3.7142e-01 0.0000e+00
590 0.0000e+00 0.0000e+00 5.9031e-05 9.5268e-05 5.9031e-05 3.7139e-01 0.0000e+00
591 0.0000e+00 0.0000e+00 5.9098e-05 8.6598e-05 5.9098e-05 3.7136e-01 0.0000e+00
592 5.0000e-04 0.0000e+00 5.9819e-05 9.4448e-05 5.9149e-05 3.7132e-01 6.7008e-07
593 0.0000e+00 0.0000e+00 5.9214e-05 8.4894e-05 5.9214e-05 3.7130e-01 0.0000e+00
594 1.0000e-03 0.0000e+00 6.0994e-05 1.1754e-04 5.9262e-05 3.7124e-01 1.7320e-06
595 0.0000e+00 0.0000e+00 5.9370e-05 1.0410e-04 5.9370e-05 3.7120e-01 0.0000e+00
596 0.0000e+00 0.0000e+00 5.9453e-05 9.3849e-05 5.9453e-05 3.7116e-01 0.0000e+00
597 0.0000e+00 6.2600e-05 5.9517e-05 8.4832e-05 5.9517e-05 3.7114e-01 0.0000e+00
598 0.0000e+00 1.2080e-04 5.9564e-05 7.6807e-05 5.9564e-05 3.7112e-01 0.0000e+00
599 0.0000e+00 1.7090e-04 5.9596e-05 6.9627e-05 5.9596e-05 3.7111e-01 0.0000e+00
600 0.0000e+00 2.0930e-04 5.9615e-05 6.3181e-05 5.9615e-05 3.7110e-01 0.0000e+00
601 0.0000e+00 2.3150e-04 5.9621e-05 5.7380e-05 5.9621e-05 3.7111e-01 0.0000e+00
602 0.0000e+00 2.4180e-04 5.9617e-05 5.2149e-05 5.9617e-05 3.7111e-01 0.0000e+00
603 0.0000e+00 2.3150e-04 5.9603e-05 4.7425e-05 5.9603e-05 3.7113e-01 0.0000e+00
604 0.0000e+00 2.0930e-04 5.9581e-05 4.3154e-05 5.9581e-05 3.7114e-01 0.0000e+00
605 0.0000e+00 1.7090e-04 5.9550e-05 3.9287e-05 5.9550e-05 3.7116e-01 0.0000e+00
606 0.0000e+00 1.2080e-04 5.9512e-05 3.5784e-05 5.9512e-05 3.7119e-01 0.0000e+00
607 0.0000e+00 5.8500e-05 5.9468e-05 3.2608e-05 5.9468e-05 3.7121e-01 0.0000e+00
608 0.0000e+00 0.0000e+00 5.9418e-05 2.9725e-05 5.9418e-05 3.7124e-01 0.0000e+00
609 0.0000e+00 0.0000e+00 5.9363e-05 2.7108e-05 5.9363e-05 3.7128e-01 0.0000e+00
610 0.0000e+00 0.0000e+00 5.9303e-05 2.4731e-05 5.9303e-05 3.7131e-01 0.0000e+00
611 0.0000e+00 0.0000e+00 5.9239e-05 2.2569e-05 5.9239e-05 3.7135e-01 0.0000e+00
612 0.0000e+00 0.0000e+00 5.9171e-05 2.0604e-05 5.9171e-05 3.7139e-01 0.0000e+00
613 0.0000e+00 0.0000e+00 5.9100e-05 1.8815e-05 5.9100e-05 3.7143e-01 0.0000e+00
614 0.0000e+00 0.0000e+00 5.9026e-05 1.7187e-05 5.9026e-05 3.7147e-01 0.0000e+00
615 0.0000e+00 0.0000e+00 5.8949e-05 1.5704e-05 5.8949e-05 3.7151e-01 0.0000e+00
616 0.0000e+00 0.0000e+00 5.8869e-05 1.4354e-05 5.8869e-05 3.7156e-01 0.0000e+00
617 0.0000e+00 0.0000e+00 5.8787e-05 1.3123e-05 5.8787e-05 3.7160e-01 0.0000e+00
618 0.0000e+00 0.0000e+00 5.8703e-05 1.2000e-05 5.8703e-05 3.7165e-01 0.0000e+00
619 0.0000e+00 0.0000e+00 5.8618e-05 1.0977e-05 5.8618e-05 3.7170e-01 0.0000e+00
620 0.0000e+00 0.0000e+00 5.8531e-05 1.0043e-05 5.8531e-05 3.7174e-01 0.0000e+00
621 0.0000e+00 1.4200e-05 5.8442e-05 9.1903e-06 5.8442e-05 3.7179e-01 0.0000e+00
622 0.0000e+00 2.7500e-05 5.8352e-05 8.4123e-06 5.8352e-05 3.7184e-01 0.0000e+00
623 0.0000e+00 3.8900e-05 5.8261e-05 7.7019e-06 5.8261e-05 3.7189e-01 0.0000e+00
624 1.0000e-03 4.7600e-05 5.8169e-05 7.0529e-06 5.8169e-05 3.7195e-01 0.0000e+00
625 1.0000e-03 5.2700e-05 5.8210e-05 9.5838e-06 5.8076e-05 3.7199e-01 1.3391e-07
626 3.0000e-03 5.5000e-05 6.3093e-05 1.2760e-04 5.7988e-05 3.7192e-01 5.1047e-06
627 2.0000e-03 5.2700e-05 6.1483e-05 1.8699e-04 5.8115e-05 3.7180e-01 3.3687e-06
628 1.5000e-03 4.7600e-05 6.0856e-05 2.2131e-04 5.8349e-05 3.7163e-01 2.5067e-06
629 3.5000e-03 3.8900e-05 6.4627e-05 3.3438e-04 5.8647e-05 3.7136e-01 5.9796e-06
630 4.0000e-03 2.7500e-05 6.6015e-05 4.5283e-04 5.9155e-05 3.7096e-01 6.8606e-06
631 5.0000e-03 1.3300e-05 6.8880e-05 5.9834e-04 5.9887e-05 3.7042e-01 8.9929e-06
632 0.0000e+00 0.0000e+00 6.0903e-05 5.2611e-04 6.0903e-05 3.6996e-01 0.0000e+00
633 0.0000e+00 0.0000e+00 6.1795e-05 4.7074e-04 6.1795e-05 3.6955e-01 0.0000e+00
634 1.0000e-03 0.0000e+00 6.4299e-05 4.6310e-04 6.2590e-05 3.6915e-01 1.7090e-06
635 2.5000e-03 0.0000e+00 6.7742e-05 5.1688e-04 6.3378e-05 3.6870e-01 4.3641e-06
636 3.5000e-03 0.0000e+00 7.1547e-05 6.0230e-04 6.4282e-05 3.6816e-01 7.2646e-06
637 3.0000e-03 0.0000e+00 7.1849e-05 6.5726e-04 6.5372e-05 3.6757e-01 6.4770e-06
638 0.0000e+00 0.0000e+00 6.6593e-05 5.8480e-04 6.6593e-05 3.6705e-01 0.0000e+00
639 5.0000e-04 0.0000e+00 6.8850e-05 5.4565e-04 6.7680e-05 3.6657e-01 1.1702e-06
640 0.0000e+00 0.0000e+00 6.8698e-05 4.9015e-04 6.8698e-05 3.6615e-01 0.0000e+00
641 5.0000e-04 0.0000e+00 7.0863e-05 4.6203e-04 6.9609e-05 3.6576e-01 1.2538e-06
642 0.0000e+00 0.0000e+00 7.0468e-05 4.1584e-04 7.0468e-05 3.6541e-01 0.0000e+00
643 5.0000e-04 0.0000e+00 7.2487e-05 3.9576e-04 7.1233e-05 3.6509e-01 1.2538e-06
644 0.0000e+00 0.0000e+00 7.1959e-05 3.5646e-04 7.1959e-05 3.6480e-01 0.0000e+00
645 0.0000e+00 1.6900e-05 7.2601e-05 3.2188e-04 7.2601e-05 3.6455e-01 0.0000e+00
646 0.0000e+00 3.2600e-05 7.3169e-05 2.9095e-04 7.3169e-05 3.6433e-01 0.0000e+00
647 0.0000e+00 4.6100e-05 7.3669e-05 2.6319e-04 7.3669e-05 3.6415e-01 0.0000e+00
648 0.0000e+00 5.6400e-05 7.4107e-05 2.3823e-04 7.4107e-05 3.6398e-01 0.0000e+00
649 0.0000e+00 6.2400e-05 7.4488e-05 2.1577e-04 7.4488e-05 3.6384e-01 0.0000e+00
650 0.0000e+00 6.5200e-05 7.4817e-05 1.9552e-04 7.4817e-05 3.6372e-01 0.0000e+00
651 0.0000e+00 6.2400e-05 7.5100e-05 1.7726e-04 7.5100e-05 3.6362e-01 0.0000e+00
652 0.0000e+00 5.6400e-05 7.5340e-05 1.6077e-04 7.5340e-05 3.6353e-01 0.0000e+00
653 0.0000e+00 4.6100e-05 7.5541e-05 1.4588e-04 7.5541e-05 3.6346e-01 0.0000e+00
654 0.0000e+00 3.2600e-05 7.5708e-05 1.3242e-04 7.5708e-05 3.6340e-01 0.0000e+00
655 0.0000e+00 1.5800e-05 7.5842e-05 1.2025e-04 7.5842e-05 3.6336e-01 0.0000e+00
656 0.0000e+00 0.0000e+00 7.5947e-05 1.0924e-04 7.5947e-05 3.6333e-01 0.0000e+00
657 0.0000e+00 0.0000e+00 7.6026e-05 9.9269e-05 7.6026e-05 3.6330e-01 0.0000e+00
658 0.0000e+00 0.0000e+00 7.6082e-05 9.0239e-05 7.6082e-05 3.6329e-01 0.0000e+00
659 0.0000e+00 0.0000e+00 7.6115e-05 8.2057e-05 7.6115e-05 3.6328e-01 0.0000e+00
660 0.0000e+00 0.0000e+00 7.6129e-05 7.4640e-05 7.6129e-05 3.6328e-01 0.0000e+00
661 0.0000e+00 0.0000e+00 7.6126e-05 6.7915e-05 7.6126e-05 3.6329e-01 0.0000e+00
662 0.0000e+00 0.0000e+00 7.6106e-05 6.1814e-05 7.6106e-05 3.6331e-01 0.0000e+00
663 0.0000e+00 0.0000e+00 7.6072e-05 5.6277e-05 7.6072e-05 3.6333e-01 0.0000e+00
664 0.0000e+00 0.0000e+00 7.6025e-05 5.1251e-05 7.6025e-05 3.6335e-01 0.0000e+00
665 0.0000e+00 0.0000e+00 7.5966e-05 4.6686e-05 7.5966e-05 3.6338e-01 0.0000e+00
666 5.0000e-04 0.0000e+00 7.5920e-05 4.2926e-05 7.5897e-05 3.6341e-01 2.3246e-08
667 0.0000e+00 0.0000e+00 7.5819e-05 3.9100e-05 7.5819e-05 3.6345e-01 0.0000e+00
668 5.0000e-04 0.0000e+00 7.6986e-05 5.6469e-05 7.5732e-05 3.6347e-01 1.2538e-06
669 5.0000e-04 1.5300e-05 7.6940e-05 7.1002e-05 7.5686e-05 3.6347e-01 1.2538e-06
670 0.0000e+00 2.9500e-05 7.5675e-05 6.2891e-05 7.5675e-05 3.6349e-01 0.0000e+00
671 1.0000e-03 4.1700e-05 7.8040e-05 9.6223e-05 7.5645e-05 3.6347e-01 2.3952e-06
672 0.0000e+00 5.1100e-05 7.5694e-05 8.4599e-05 7.5694e-05 3.6346e-01 0.0000e+00
673 0.0000e+00 5.6500e-05 7.5715e-05 7.5627e-05 7.5715e-05 3.6346e-01 0.0000e+00
674 0.0000e+00 5.9000e-05 7.5715e-05 6.7870e-05 7.5715e-05 3.6347e-01 0.0000e+00
675 5.0000e-04 5.6500e-05 7.6428e-05 7.3232e-05 7.5696e-05 3.6347e-01 7.3225e-07
676 5.0000e-04 5.1100e-05 7.6802e-05 8.3853e-05 7.5690e-05 3.6346e-01 1.1121e-06
677 0.0000e+00 4.1700e-05 7.5709e-05 7.4483e-05 7.5709e-05 3.6346e-01 0.0000e+00
678 0.0000e+00 2.9500e-05 7.5707e-05 6.6815e-05 7.5707e-05 3.6347e-01 0.0000e+00
679 1.0000e-03 1.4300e-05 7.7887e-05 9.6675e-05 7.5686e-05 3.6345e-01 2.2011e-06
680 1.0000e-03 0.0000e+00 7.8207e-05 1.2630e-04 7.5735e-05 3.6340e-01 2.4716e-06
681 0.0000e+00 0.0000e+00 7.5855e-05 1.1115e-04 7.5855e-05 3.6336e-01 0.0000e+00
682 0.0000e+00 0.0000e+00 7.5939e-05 9.9223e-05 7.5939e-05 3.6334e-01 0.0000e+00
683 0.0000e+00 0.0000e+00 7.5994e-05 8.8918e-05 7.5994e-05 3.6333e-01 0.0000e+00
684 0.0000e+00 0.0000e+00 7.6025e-05 7.9886e-05 7.6025e-05 3.6332e-01 0.0000e+00
685 0.0000e+00 0.0000e+00 7.6034e-05 7.1905e-05 7.6034e-05 3.6333e-01 0.0000e+00
686 0.0000e+00 0.0000e+00 7.6024e-05 6.4817e-05 7.6024e-05 3.6334e-01 0.0000e+00
687 0.0000e+00 0.0000e+00 7.5997e-05 5.8499e-05 7.5997e-05 3.6336e-01 0.0000e+00
688 0.0000e+00 0.0000e+00 7.5956e-05 5.2851e-05 7.5956e-05 3.6338e-01 0.0000e+00
689 0.0000e+00 0.0000e+00 7.5901e-05 4.7791e-05 7.5901e-05 3.6341e-01 0.0000e+00
690 0.0000e+00 0.0000e+00 7.5834e-05 4.3251e-05 7.5834e-05 3.6344e-01 0.0000e+00
691 0.0000e+00 0.0000e+00 7.5757e-05 3.9170e-05 7.5757e-05 3.6348e-01 0.0000e+00
692 0.0000e+00 0.0000e+00 7.5671e-05 3.5498e-05 7.5671e-05 3.6352e-01 0.0000e+00
693 0.0000e+00 5.6100e-05 7.5576e-05 3.2189e-05 7.5576e-05 3.6356e-01 0.0000e+00
694 0.0000e+00 1.0830e-04 7.5473e-05 2.9205e-05 7.5473e-05 3.6361e-01 0.0000e+00
695 0.0000e+00 1.5320e-04 7.5364e-05 2.6512e-05 7.5364e-05 3.6366e-01 0.0000e+00
696 0.0000e+00 1.8770e-04 7.5249e-05 2.4078e-05 7.5249e-05 3.6371e-01 0.0000e+00
697 0.0000e+00 2.0760e-04 7.5129e-05 2.1878e-05 7.5129e-05 3.6376e-01 0.0000e+00
698 0.0000e+00 2.1680e-04 7.5004e-05 1.9888e-05 7.5004e-05 3.6382e-01 0.0000e+00
699 0.0000e+00 2.0760e-04 7.4875e-05 1.8086e-05 7.4875e-05 3.6387e-01 0.0000e+00
700 5.0000e-04 1.8770e-04 7.4742e-05 1.6454e-05 7.4742e-05 3.6393e-01 0.0000e+00
701 0.0000e+00 1.5320e-04 7.4606e-05 1.4975e-05 7.4606e-05 3.6399e-01 0.0000e+00
702 0.0000e+00 1.0830e-04 7.4467e-05 1.3633e-05 7.4467e-05 3.6405e-01 0.0000e+00
703 0.0000e+00 5.2400e-05 7.4326e-05 1.2416e-05 7.4326e-05 3.6411e-01 0.0000e+00
704 0.0000e+00 0.0000e+00 7.4182e-05 1.1312e-05 7.4182e-05 3.6418e-01 0.0000e+00
705 0.0000e+00 0.0000e+00 7.4037e-05 1.0309e-05 7.4037e-05 3.6424e-01 0.0000e+00
706 0.0000e+00 0.0000e+00 7.3889e-05 9.3973e-06 7.3889e-05 3.6430e-01 0.0000e+00
707 0.0000e+00 0.0000e+00 7.3741e-05 8.5690e-06 7.3741e-05 3.6437e-01 0.0000e+00
708 0.0000e+00 0.0000e+00 7.3591e-05 7.8161e-06 7.3591e-05 3.6443e-01 0.0000e+00
709 0.0000e+00 0.0000e+00 7.3439e-05 7.1312e-06 7.3439e-05 3.6450e-01 0.0000e+00
710 0.0000e+00 0.0000e+00 7.3287e-05 6.5082e-06 7.3287e-05 3.6457e-01 0.0000e+00
711 0.0000e+00 0.0000e+00 7.3135e-05 5.9411e-06 7.3135e-05 3.6463e-01 0.0000e+00
712 0.0000e+00 0.0000e+00 7.2981e-05 5.4247e-06 7.2981e-05 3.6470e-01 0.0000e+00
713 0.0000e+00 0.0000e+00 7.2827e-05 4.9545e-06 7.2827e-05 3.6477e-01 0.0000e+00
714 0.0000e+00 0.0000e+00 7.2673e-05 4.5261e-06 7.2673e-05 3.6484e-01 0.0000e+00
715 0.0000e+00 0.0000e+00 7.2518e-05 4.1358e-06 7.2518e-05 3.6491e-01 0.0000e+00
716 0.0000e+00 0.0000e+00 7.2364e-05 3.7798e-06 7.2364e-05 3.6498e-01 0.0000e+00
717 0.0000e+00 8.5600e-05 7.2209e-05 3.4554e-06 7.2209e-05 3.6504e-01 0.0000e+00
718 0.0000e+00 1.6520e-04 7.2054e-05 3.1595e-06 7.2054e-05 3.6511e-01 0.0000e+00
719 0.0000e+00 2.3380e-04 7.1899e-05 2.8895e-06 7.1899e-05 3.6518e-01 0.0000e+00
720 0.0000e+00 2.8620e-04 7.1744e-05 2.6432e-06 7.1744e-05 3.6525e-01 0.0000e+00
721 0.0000e+00 3.1670e-04 7.1589e-05 2.4183e-06 7.1589e-05 3.6532e-01 0.0000e+00
722 0.0000e+00 3.3060e-04 7.1435e-05 2.2131e-06 7.1435e-05 3.6539e-01 0.0000e+00
723 0.0000e+00 3.1670e-04 7.1280e-05 2.0256e-06 7.1280e-05 3.6546e-01 0.0000e+00
724 0.0000e+00 2.8620e-04 7.1126e-05 1.8544e-06 7.1126e-05 3.6553e-01 0.0000e+00
725 0.0000e+00 2.3380e-04 7.0972e-05 1.6978e-06 7.0972e-05 3.6560e-01 0.0000e+00
726 0.0000e+00 1.6520e-04 7.0819e-05 1.5549e-06 7.0819e-05 3.6567e-01 0.0000e+00
727 0.0000e+00 8.0000e-05 7.0666e-05 1.4242e-06 7.0666e-05 3.6574e-01 0.0000e+00
728 0.0000e+00 0.0000e+00 7.0513e-05 1.3048e-06 7.0513e-05 3.6581e-01 0.0000e+00
729 0.0000e+00 0.0000e+00 7.0361e-05 1.1956e-06 7.0361e-05 3.6587e-01 0.0000e+00
730 0.0000e+00 0.0000e+00 7.0209e-05 1.0957e-06 7.0209e-05 3.6594e-01 0.0000e+00
731 0.0000e+00 0.0000e+00 7.0057e-05 1.0043e-06 7.0057e-05 3.6601e-01 0.0000e+00
732 0.0000e+00 0.0000e+00 6.9906e-05 9.2074e-07 6.9906e-05 3.6608e-01 0.0000e+00
733 0.0000e+00 0.0000e+00 6.9756e-05 8.4423e-07 6.9756e-05 3.6615e-01 0.0000e+00
734 0.0000e+00 0.0000e+00 6.9606e-05 7.7408e-07 6.9606e-05 3.6622e-01 0.0000e+00
735 0.0000e+00 0.0000e+00 6.9456e-05 7.0999e-07 6.9456e-05 3.6629e-01 0.0000e+00
736 0.0000e+00 0.0000e+00 6.9307e-05 6.5132e-07 6.9307e-05 3.6636e-01 0.0000e+00
737 0.0000e+00 0.0000e+00 6.9158e-05 5.9758e-07 6.9158e-05 3.6643e-01 0.0000e+00
738 0.0000e+00 0.0000e+00 6.9010e-05 5.4836e-07 6.9010e-05 3.6649e-01 0.0000e+00
739 0.0000e+00 0.0000e+00 6.8863e-05 5.0327e-07 6.8863e-05 3.6656e-01 0.0000e+00
740 0.0000e+00 0.0000e+00 6.8716e-05 4.6195e-07 6.8716e-05 3.6663e-01 0.0000e+00
741 0.0000e+00 7.4700e-05 6.8570e-05 4.2409e-07 6.8570e-05 3.6670e-01 0.0000e+00
742 0.0000e+00 1.4410e-04 6.8424e-05 3.8938e-07 6.8424e-05 3.6677e-01 0.0000e+00
743 0.0000e+00 2.0380e-04 6.8278e-05 3.5741e-07 6.8278e-05 3.6683e-01 0.0000e+00
744 0.0000e+00 2.4960e-04 6.8134e-05 3.2826e-07 6.8134e-05 3.6690e-01 0.0000e+00
745 0.0000e+00 2.7610e-04 6.7989e-05 3.0153e-07 6.7989e-05 3.6697e-01 0.0000e+00
746 0.0000e+00 2.8830e-04 6.7846e-05 2.7702e-07 6.7846e-05 3.6704e-01 0.0000e+00
747 0.0000e+00 2.7610e-04 6.7703e-05 2.5453e-07 6.7703e-05 3.6710e-01 0.0000e+00
748 0.0000e+00 2.4960e-04 6.7560e-05 2.3389e-07 6.7560e-05 3.6717e-01 0.0000e+00
749 0.0000e+00 2.0380e-04 6.7418e-05 2.1496e-07 6.7418e-05 3.6724e-01 0.0000e+00
750 0.0000e+00 1.4410e-04 6.7277e-05 1.9758e-07 6.7277e-05 3.6731e-01 0.0000e+00
751 0.0000e+00 6.9800e-05 6.7136e-05 1.8164e-07 6.7136e-05 3.6737e-01 0.0000e+00
752 0.0000e+00 0.0000e+00 6.6995e-05 1.6700e-07 6.6995e-05 3.6744e-01 0.0000e+00
753 0.0000e+00 0.0000e+00 6.6856e-05 1.5337e-07 6.6856e-05 3.6751e-01 0.0000e+00
754 0.0000e+00 0.0000e+00 6.6717e-05 1.4106e-07 6.6717e-05 3.6757e-01 0.0000e+00
755 0.0000e+00 0.0000e+00 6.6578e-05 1.2974e-07 6.6578e-05 3.6764e-01 0.0000e+00
756 0.0000e+00 0.0000e+00 6.6440e-05 1.1935e-07 6.6440e-05 3.6771e-01 0.0000e+00
757 0.0000e+00 0.0000e+00 6.6302e-05 1.0980e-07 6.6302e-05 3.6777e-01 0.0000e+00
758 0.0000e+00 0.0000e+00 6.6165e-05 1.0103e-07 6.6165e-05 3.6784e-01 0.0000e+00
759 0.0000e+00 0.0000e+00 6.6029e-05 9.2965e-08 6.6029e-05 3.6790e-01 0.0000e+00
760 0.0000e+00 0.0000e+00 6.5893e-05 8.5557e-08 6.5893e-05 3.6797e-01 0.0000e+00
761 0.0000e+00 0.0000e+00 6.5757e-05 7.8747e-08 6.5757e-05 3.6804e-01 0.0000e+00
762 0.0000e+00 0.0000e+00 6.5623e-05 7.2226e-08 6.5623e-05 3.6810e-01 0.0000e+00
763 0.0000e+00 0.0000e+00 6.5488e-05 6.6502e-08 6.5488e-05 3.6817e-01 0.0000e+00
764 0.0000e+00 0.0000e+00 6.5355e-05 6.1237e-08 6.5355e-05 3.6823e-01 0.0000e+00
765 0.0000e+00 9.6700e-05 6.5221e-05 5.6395e-08 6.5221e-05 3.6830e-01 0.0000e+00
766 0.0000e+00 1.8660e-04 6.5089e-05 5.1941e-08 6.5089e-05 3.6836e-01 0.0000e+00
767 0.0000e+00 2.6400e-04 6.4957e-05 4.7844e-08 6.4957e-05 3.6843e-01 0.0000e+00
768 0.0000e+00 3.2330e-04 6.4825e-05 4.4074e-08 6.4825e-05 3.6849e-01 0.0000e+00
769 0.0000e+00 3.5770e-04 6.4694e-05 4.0605e-08 6.4694e-05 3.6856e-01 0.0000e+00
770 0.0000e+00 3.7350e-04 6.4563e-05 3.7413e-08 6.4563e-05 3.6862e-01 0.0000e+00
771 0.0000e+00 3.5770e-04 6.4433e-05 3.4119e-08 6.4433e-05 3.6869e-01 0.0000e+00
772 0.0000e+00 3.2330e-04 6.4304e-05 3.1453e-08 6.4304e-05 3.6875e-01 0.0000e+00
773 0.0000e+00 2.6400e-04 6.4175e-05 2.8997e-08 6.4175e-05 3.6881e-01 0.0000e+00
774 0.0000e+00 1.8660e-04 6.4046e-05 2.6735e-08 6.4046e-05 3.6888e-01 0.0000e+00
775 0.0000e+00 9.0400e-05 6.3918e-05 2.4652e-08 6.3918e-05 3.6894e-01 0.0000e+00
776 0.0000e+00 0.0000e+00 6.3791e-05 2.2733e-08 6.3791e-05 3.6901e-01 0.0000e+00
777 0.0000e+00 0.0000e+00 6.3664e-05 2.0966e-08 6.3664e-05 3.6907e-01 0.0000e+00
778 0.0000e+00 0.0000e+00 6.3537e-05 1.9337e-08 6.3537e-05 3.6913e-01 0.0000e+00
779 0.0000e+00 0.0000e+00 6.3411e-05 1.7836e-08 6.3411e-05 3.6920e-01 0.0000e+00
780 0.0000e+00 0.0000e+00 6.3286e-05 1.6454e-08 6.3286e-05 3.6926e-01 0.0000e+00
781 0.0000e+00 0.0000e+00 6.3161e-05 1.4707e-08 6.3161e-05 3.6932e-01 0.0000e+00
782 0.0000e+00 0.0000e+00 6.3036e-05 1.3578e-08 6.3036e-05 3.6939e-01 0.0000e+00
783 0.0000e+00 0.0000e+00 6.2912e-05 1.2537e-08 6.2912e-05 3.6945e-01 0.0000e+00
784 0.0000e+00 0.0000e+00 6.2789e-05 1.1576e-08 6.2789e-05 3.6951e-01 0.0000e+00
785 0.0000e+00 0.0000e+00 6.2665e-05 1.0690e-08 6.2665e-05 3.6957e-01 0.0000e+00
786 0.0000e+00 0.0000e+00 6.2543e-05 9.8718e-09 6.2543e-05 3.6964e-01 0.0000e+00
787 0.0000e+00 0.0000e+00 6.2421e-05 9.1172e-09 6.2421e-05 3.6970e-01 0.0000e+00
788 0.0000e+00 0.0000e+00 6.2299e-05 8.4208e-09 6.2299e-05 3.6976e-01 0.0000e+00
789 0.0000e+00 1.2590e-04 6.2178e-05 7.7781e-09 6.2178e-05 3.6982e-01 0.0000e+00
790 0.0000e+00 2.4290e-04 6.2057e-05 7.1850e-09 6.2057e-05 3.6989e-01 0.0000e+00
791 0.0000e+00 3.4370e-04 6.1937e-05 6.0554e-09 6.1937e-05 3.6995e-01 0.0000e+00
792 0.0000e+00 4.2090e-04 6.1817e-05 5.6019e-09 6.1817e-05 3.7001e-01 0.0000e+00
793 0.0000e+00 4.6560e-04 6.1698e-05 5.1825e-09 6.1698e-05 3.7007e-01 0.0000e+00
794 0.0000e+00 4.8620e-04 6.1579e-05 4.7949e-09 6.1579e-05 3.7013e-01 0.0000e+00
795 0.0000e+00 4.6560e-04 6.1461e-05 4.4364e-09 6.1461e-05 3.7019e-01 0.0000e+00
796 0.0000e+00 4.2090e-04 6.1343e-05 4.1049e-09 6.1343e-05 3.7026e-01 0.0000e+00
797 0.0000e+00 3.4370e-04 6.1225e-05 3.7984e-09 6.1225e-05 3.7032e-01 0.0000e+00
798 0.0000e+00 2.4290e-04 6.1108e-05 3.5150e-09 6.1108e-05 3.7038e-01 0.0000e+00
799 0.0000e+00 1.1760e-04 6.0992e-05 3.2528e-09 6.0992e-05 3.7044e-01 0.0000e+00
800 0.0000e+00 0.0000e+00 6.0876e-05 3.0104e-09 6.0876e-05 3.7050e-01 0.0000e+00
801 0.0000e+00 0.0000e+00 6.0760e-05 2.2856e-09 6.0760e-05 3.7056e-01 0.0000e+00
802 0.0000e+00 0.0000e+00 6.0645e-05 2.1195e-09 6.0645e-05 3.7062e-01 0.0000e+00
803 0.0000e+00 0.0000e+00 6.0530e-05 1.9655e-09 6.0530e-05 3.7068e-01 0.0000e+00
804 0.0000e+00 0.0000e+00 6.0416e-05 1.8228e-09 6.0416e-05 3.7074e-01 0.0000e+00
805 0.0000e+00 0.0000e+00 6.0302e-05 1.6905e-09 6.0302e-05 3.7080e-01 0.0000e+00
806 0.0000e+00 0.0000e+00 6.0188e-05 1.5678e-09 6.0188e-05 3.7086e-01 0.0000e+00
807 0.0000e+00 0.0000e+00 6.0075e-05 1.4541e-09 6.0075e-05 3.7092e-01 0.0000e+00
808 0.0000e+00 0.0000e+00 5.9962e-05 1.3487e-09 5.9962e-05 3.7098e-01 0.0000e+00
809 0.0000e+00 0.0000e+00 5.9850e-05 1.2510e-09 5.9850e-05 3.7104e-01 0.0000e+00
810 0.0000e+00 0.0000e+00 5.9738e-05 7.7582e-10 5.9738e-05 3.7110e-01 0.0000e+00
811 0.0000e+00 0.0000e+00 5.9627e-05 7.2138e-10 5.9627e-05 3.7116e-01 0.0000e+00
812 0.0000e+00 0.0000e+00 5.9516e-05 6.7078e-10 5.9516e-05 3.7122e-01 0.0000e+00
813 0.0000e+00 3.0400e-05 5.9405e-05 6.2375e-10 5.9405e-05 3.7128e-01 0.0000e+00
814 0.0000e+00 5.8700e-05 5.9295e-05 5.8002e-10 5.9295e-05 3.7134e-01 0.0000e+00
815 0.0000e+00 8.3100e-05 5.9185e-05 5.3937e-10 5.9185e-05 3.7140e-01 0.0000e+00
816 0.0000e+00 1.0180e-04 5.9076e-05 5.0159e-10 5.9076e-05 3.7146e-01 0.0000e+00
817 0.0000e+00 1.1260e-04 5.8967e-05 4.6646e-10 5.8967e-05 3.7152e-01 0.0000e+00
818 0.0000e+00 1.1760e-04 5.8858e-05 4.3380e-10 5.8858e-05 3.7158e-01 0.0000e+00
819 0.0000e+00 1.1260e-04 5.8750e-05 4.0344e-10 5.8750e-05 3.7163e-01 0.0000e+00
820 0.0000e+00 1.0180e-04 5.8643e-05 1.5703e-10 5.8643e-05 3.7169e-01 0.0000e+00
821 0.0000e+00 8.3100e-05 5.8535e-05 1.4649e-10 5.8535e-05 3.7175e-01 0.0000e+00
822 0.0000e+00 5.8700e-05 5.8428e-05 1.3666e-10 5.8428e-05 3.7181e-01 0.0000e+00
823 0.0000e+00 2.8400e-05 5.8322e-05 1.2750e-10 5.8322e-05 3.7187e-01 0.0000e+00
824 0.0000e+00 0.0000e+00 5.8215e-05 1.1895e-10 5.8215e-05 3.7193e-01 0.0000e+00
825 0.0000e+00 0.0000e+00 5.8110e-05 1.1098e-10 5.8110e-05 3.7198e-01 0.0000e+00
826 0.0000e+00 0.0000e+00 5.8004e-05 1.0354e-10 5.8004e-05 3.7204e-01 0.0000e+00
827 0.0000e+00 0.0000e+00 5.7899e-05 9.6603e-11 5.7899e-05 3.7210e-01 0.0000e+00
828 0.0000e+00 0.0000e+00 5.7794e-05 9.0132e-11 5.7794e-05 3.7216e-01 0.0000e+00
829 0.0000e+00 0.0000e+00 5.7690e-05 8.4096e-11 5.7690e-05 3.7222e-01 0.0000e+00
830 0.0000e+00 0.0000e+00 5.7586e-05 7.8465e-11 5.7586e-05 3.7227e-01 0.0000e+00
831 0.0000e+00 0.0000e+00 5.7483e-05 1.5017e-11 5.7483e-05 3.7233e-01 0.0000e+00
832 0.0000e+00 0.0000e+00 5.7380e-05 1.4056e-11 5.7380e-05 3.7239e-01 0.0000e+00
833 0.0000e+00 0.0000e+00 5.7277e-05 1.3157e-11 5.7277e-05 3.7245e-01 0.0000e+00
834 0.0000e+00 0.0000e+00 5.7174e-05 1.2315e-11 5.7174e-05 3.7250e-01 0.0000e+00
835 0.0000e+00 0.0000e+00 5.7072e-05 1.1528e-11 5.7072e-05 3.7256e-01 0.0000e+00
836 0.0000e+00 0.0000e+00 5.6971e-05 1.0790e-11 5.6971e-05 3.7262e-01 0.0000e+00
837 0.0000e+00 6.6100e-05 5.6869e-05 1.0101e-11 5.6869e-05 3.7267e-01 0.0000e+00
838 0.0000e+00 1.2750e-04 5.6768e-05 9.4551e-12 5.6768e-05 3.7273e-01 0.0000e+00
839 0.0000e+00 1.8040e-04 5.6668e-05 8.8509e-12 5.6668e-05 3.7279e-01 0.0000e+00
840 0.0000e+00 2.2090e-04 5.6567e-05 8.2855e-12 5.6567e-05 3.7284e-01 0.0000e+00
841 0.0000e+00 2.4430e-04 5.6467e-05 0.0000e+00 5.6467e-05 3.7290e-01 0.0000e+00
842 0.0000e+00 2.5510e-04 5.6368e-05 0.0000e+00 5.6368e-05 3.7296e-01 0.0000e+00
843 0.0000e+00 2.4430e-04 5.6269e-05 0.0000e+00 5.6269e-05 3.7301e-01 0.0000e+00
844 0.0000e+00 2.2090e-04 5.6170e-05 0.0000e+00 5.6170e-05 3.7307e-01 0.0000e+00
845 0.0000e+00 1.8040e-04 5.6071e-05 0.0000e+00 5.6071e-05 3.7313e-01 0.0000e+00
846 0.0000e+00 1.2750e-04 5.5973e-05 0.0000e+00 5.5973e-05 3.7318e-01 0.0000e+00
847 0.0000e+00 6.1700e-05 5.5875e-05 0.0000e+00 5.5875e-05 3.7324e-01 0.0000e+00
848 0.0000e+00 0.0000e+00 5.5778e-05 0.0000e+00 5.5778e-05 3.7329e-01 0.0000e+00
849 0.0000e+00 0.0000e+00 5.5681e-05 0.0000e+00 5.5681e-05 3.7335e-01 0.0000e+00
850 0.0000e+00 0.0000e+00 5.5584e-05 0.0000e+00 5.5584e-05 3.7340e-01 0.0000e+00
851 0.0000e+00 0.0000e+00 5.5487e-05 0.0000e+00 5.5487e-05 3.7346e-01 0.0000e+00
852 0.0000e+00 0.0000e+00 5.5391e-05 0.0000e+00 5.5391e-05 3.7352e-01 0.0000e+00
853 0.0000e+00 0.0000e+00 5.5296e-05 0.0000e+00 5.5296e-05 3.7357e-01 0.0000e+00
854 0.0000e+00 0.0000e+00 5.5200e-05 0.0000e+00 5.5200e-05 3.7363e-01 0.0000e+00
855 0.0000e+00 0.0000e+00 5.5105e-05 0.0000e+00 5.5105e-05 3.7368e-01 0.0000e+00
856 0.0000e+00 0.0000e+00 5.5010e-05 0.0000e+00 5.5010e-05 3.7374e-01 0.0000e+00
857 0.0000e+00 0.0000e+00 5.4916e-05 0.0000e+00 5.4916e-05 3.7379e-01 0.0000e+00
858 0.0000e+00 0.0000e+00 5.4821e-05 0.0000e+00 5.4821e-05 3.7385e-01 0.0000e+00
859 0.0000e+00 0.0000e+00 5.4728e-05 0.0000e+00 5.4728e-05 3.7390e-01 0.0000e+00
860 0.0000e+00 0.0000e+00 5.4634e-05 0.0000e+00 5.4634e-05 3.7395e-01 0.0000e+00
861 0.0000e+00 9.7600e-05 5.4541e-05 0.0000e+00 5.4541e-05 3.7401e-01 0.0000e+00
862 0.0000e+00 1.8830e-04 5.4448e-05 0.0000e+00 5.4448e-05 3.7406e-01 0.0000e+00
863 0.0000e+00 2.6650e-04 5.4355e-05 0.0000e+00 5.4355e-05 3.7412e-01 0.0000e+00
864 0.0000e+00 3.2630e-04 5.4263e-05 0.0000e+00 5.4263e-05 3.7417e-01 0.0000e+00
865 0.0000e+00 3.6100e-04 5.4171e-05 0.0000e+00 5.4171e-05 3.7423e-01 0.0000e+00
866 0.0000e+00 3.7690e-04 5.4080e-05 0.0000e+00 5.4080e-05 3.7428e-01 0.0000e+00
867 0.0000e+00 3.6100e-04 5.3988e-05 0.0000e+00 5.3988e-05 3.7433e-01 0.0000e+00
868 0.0000e+00 3.2630e-04 5.3897e-05 0.0000e+00 5.3897e-05 3.7439e-01 0.0000e+00
869 0.0000e+00 2.6650e-04 5.3807e-05 0.0000e+00 5.3807e-05 3.7444e-01 0.0000e+00
870 0.0000e+00 1.8830e-04 5.3716e-05 0.0000e+00 5.3716e-05 3.7450e-01 0.0000e+00
871 0.0000e+00 9.1200e-05 5.3626e-05 0.0000e+00 5.3626e-05 3.7455e-01 0.0000e+00
872 0.0000e+00 0.0000e+00 5.3536e-05 0.0000e+00 5.3536e-05 3.7460e-01 0.0000e+00
873 0.0000e+00 0.0000e+00 5.3447e-05 0.0000e+00 5.3447e-05 3.7466e-01 0.0000e+00
874 0.0000e+00 0.0000e+00 5.3358e-05 0.0000e+00 5.3358e-05 3.7471e-01 0.0000e+00
875 0.0000e+00 0.0000e+00 5.3269e-05 0.0000e+00 5.3269e-05 3.7476e-01 0.0000e+00
876 0.0000e+00 0.0000e+00 5.3180e-05 0.0000e+00 5.3180e-05 3.7482e-01 0.0000e+00
877 0.0000e+00 0.0000e+00 5.3092e-05 0.0000e+00 5.3092e-05 3.7487e-01 0.0000e+00
878 0.0000e+00 0.0000e+00 5.3004e-05 0.0000e+00 5.3004e-05 3.7492e-01 0.0000e+00
879 0.0000e+00 0.0000e+00 5.2916e-05 0.0000e+00 5.2916e-05 3.7498e-01 0.0000e+00
880 0.0000e+00 0.0000e+00 5.2829e-05 0.0000e+00 5.2829e-05 3.7503e-01 0.0000e+00
881 0.0000e+00 0.0000e+00 5.2742e-05 0.0000e+00 5.2742e-05 3.7508e-01 0.0000e+00
882 0.0000e+00 0.0000e+00 5.2655e-05 0.0000e+00 5.2655e-05 3.7513e-01 0.0000e+00
883 0.0000e+00 0.0000e+00 5.2568e-05 0.0000e+00 5.2568e-05 3.7519e-01 0.0000e+00
884 0.0000e+00 0.0000e+00 5.2482e-05 0.0000e+00 5.2482e-05 3.7524e-01 0.0000e+00
885 0.0000e+00 6.4300e-05 5.2396e-05 0.0000e+00 5.2396e-05 3.7529e-01 0.0000e+00
886 0.0000e+00 1.2410e-04 5.2310e-05 0.0000e+00 5.2310e-05 3.7534e-01 0.0000e+00
887 0.0000e+00 1.7560e-04 5.2225e-05 0.0000e+00 5.2225e-05 3.7540e-01 0.0000e+00
888 0.0000e+00 2.1500e-04 5.2140e-05 0.0000e+00 5.2140e-05 3.7545e-01 0.0000e+00
889 0.0000e+00 2.3790e-04 5.2055e-05 0.0000e+00 5.2055e-05 3.7550e-01 0.0000e+00
890 0.0000e+00 2.4840e-04 5.1970e-05 0.0000e+00 5.1970e-05 3.7555e-01 0.0000e+00
891 0.0000e+00 2.3790e-04 5.1886e-05 0.0000e+00 5.1886e-05 3.7560e-01 0.0000e+00
892 0.0000e+00 2.1500e-04 5.1802e-05 0.0000e+00 5.1802e-05 3.7566e-01 0.0000e+00
893 0.0000e+00 1.7560e-04 5.1718e-05 0.0000e+00 5.1718e-05 3.7571e-01 0.0000e+00
894 0.0000e+00 1.2410e-04 5.1634e-05 0.0000e+00 5.1634e-05 3.7576e-01 0.0000e+00
895 0.0000e+00 6.0100e-05 5.1551e-05 0.0000e+00 5.1551e-05 3.7581e-01 0.0000e+00
896 0.0000e+00 0.0000e+00 5.1468e-05 0.0000e+00 5.1468e-05 3.7586e-01 0.0000e+00
897 0.0000e+00 0.0000e+00 5.1385e-05 0.0000e+00 5.1385e-05 3.7591e-01 0.0000e+00
898 0.0000e+00 0.0000e+00 5.1303e-05 0.0000e+00 5.1303e-05 3.7596e-01 0.0000e+00
899 0.0000e+00 0.0000e+00 5.1221e-05 0.0000e+00 5.1221e-05 3.7602e-01 0.0000e+00
900 0.0000e+00 0.0000e+00 5.1139e-05 0.0000e+00 5.1139e-05 3.7607e-01 0.0000e+00
901 0.0000e+00 0.0000e+00 5.1057e-05 0.0000e+00 5.1057e-05 3.7612e-01 0.0000e+00
902 0.0000e+00 0.0000e+00 5.0976e-05 0.0000e+00 5.0976e-05 3.7617e-01 0.0000e+00
903 0.0000e+00 0.0000e+00 5.0895e-05 0.0000e+00 5.0895e-05 3.7622e-01 0.0000e+00
904 0.0000e+00 0.0000e+00 5.0814e-05 0.0000e+00 5.0814e-05 3.7627e-01 0.0000e+00
905 0.0000e+00 0.0000e+00 5.0733e-05 0.0000e+00 5.0733e-05 3.7632e-01 0.0000e+00
906 0.0000e+00 0.0000e+00 5.0653e-05 0.0000e+00 5.0653e-05 3.7637e-01 0.0000e+00
907 0.0000e+00 0.0000e+00 5.0573e-05 0.0000e+00 5.0573e-05 3.7642e-01 0.0000e+00
908 0.0000e+00 0.0000e+00 5.0493e-05 0.0000e+00 5.0493e-05 3.7647e-01 0.0000e+00
909 0.0000e+00 8.0200e-05 5.0413e-05 0.0000e+00 5.0413e-05 3.7652e-01 0.0000e+00
910 0.0000e+00 1.5480e-04 5.0334e-05 0.0000e+00 5.0334e-05 3.7657e-01 0.0000e+00
911 0.0000e+00 2.1910e-04 5.0255e-05 0.0000e+00 5.0255e-05 3.7662e-01 0.0000e+00
912 0.0000e+00 2.6830e-04 5.0176e-05 0.0000e+00 5.0176e-05 3.7667e-01 0.0000e+00
913 0.0000e+00 2.9680e-04 5.0097e-05 0.0000e+00 5.0097e-05 3.7672e-01 0.0000e+00
914 0.0000e+00 3.0990e-04 5.0019e-05 0.0000e+00 5.0019e-05 3.7677e-01 0.0000e+00
915 0.0000e+00 2.9680e-04 4.9941e-05 0.0000e+00 4.9941e-05 3.7682e-01 0.0000e+00
916 0.0000e+00 2.6830e-04 4.9863e-05 0.0000e+00 4.9863e-05 3.7687e-01 0.0000e+00
917 0.0000e+00 2.1910e-04 4.9785e-05 0.0000e+00 4.9785e-05 3.7692e-01 0.0000e+00
918 0.0000e+00 1.5480e-04 4.9708e-05 0.0000e+00 4.9708e-05 3.7697e-01 0.0000e+00
919 0.0000e+00 7.5000e-05 4.9631e-05 0.0000e+00 4.9631e-05 3.7702e-01 0.0000e+00
920 0.0000e+00 0.0000e+00 4.9554e-05 0.0000e+00 4.9554e-05 3.7707e-01 0.0000e+00
921 0.0000e+00 0.0000e+00 4.9477e-05 0.0000e+00 4.9477e-05 3.7712e-01 0.0000e+00
922 0.0000e+00 0.0000e+00 4.9401e-05 0.0000e+00 4.9401e-05 3.7717e-01 0.0000e+00
923 0.0000e+00 0.0000e+00 4.9324e-05 0.0000e+00 4.9324e-05 3.7722e-01 0.0000e+00
924 0.0000e+00 0.0000e+00 4.9248e-05 0.0000e+00 4.9248e-05 3.7727e-01 0.0000e+00
925 0.0000e+00 0.0000e+00 4.9173e-05 0.0000e+00 4.9173e-05 3.7732e-01 0.0000e+00
926 0.0000e+00 0.0000e+00 4.9097e-05 0.0000e+00 4.9097e-05 3.7737e-01 0.0000e+00
927 0.0000e+00 0.0000e+00 4.9022e-05 0.0000e+00 4.9022e-05 3.7742e-01 0.0000e+00
928 0.0000e+00 0.0000e+00 4.8947e-05 0.0000e+00 4.8947e-05 3.7747e-01 0.0000e+00
929 0.0000e+00 0.0000e+00 4.8872e-05 0.0000e+00 4.8872e-05 3.7752e-01 0.0000e+00
930 0.0000e+00 0.0000e+00 4.8798e-05 0.0000e+00 4.8798e-05 3.7756e-01 0.0000e+00
931 0.0000e+00 0.0000e+00 4.8723e-05 0.0000e+00 4.8723e-05 3.7761e-01 0.0000e+00
932 0.0000e+00 0.0000e+00 4.8649e-05 0.0000e+00 4.8649e-05 3.7766e-01 0.0000e+00
933 0.0000e+00 9.6000e-05 4.8575e-05 0.0000e+00 4.8575e-05 3.7771e-01 0.0000e+00
934 0.0000e+00 1.8520e-04 4.8501e-05 0.0000e+00 4.8501e-05 3.7776e-01 0.0000e+00
935 0.0000e+00 2.6210e-04 4.8428e-05 0.0000e+00 4.8428e-05 3.7781e-01 0.0000e+00
936 0.0000e+00 3.2090e-04 4.8355e-05 0.0000e+00 4.8355e-05 3.7786e-01 0.0000e+00
937 0.0000e+00 3.5500e-04 4.8282e-05 0.0000e+00 4.8282e-05 3.7790e-01 0.0000e+00
938 0.0000e+00 3.7070e-04 4.8209e-05 0.0000e+00 4.8209e-05 3.7795e-01 0.0000e+00
939 0.0000e+00 3.5500e-04 4.8136e-05 0.0000e+00 4.8136e-05 3.7800e-01 0.0000e+00
940 0.0000e+00 3.2090e-04 4.8064e-05 0.0000e+00 4.8064e-05 3.7805e-01 0.0000e+00
941 0.0000e+00 2.6210e-04 4.7992e-05 0.0000e+00 4.7992e-05 3.7810e-01 0.0000e+00
942 0.0000e+00 1.8520e-04 4.7920e-05 0.0000e+00 4.7920e-05 3.7814e-01 0.0000e+00
943 0.0000e+00 8.9700e-05 4.7848e-05 0.0000e+00 4.7848e-05 3.7819e-01 0.0000e+00
944 0.0000e+00 0.0000e+00 4.7777e-05 0.0000e+00 4.7777e-05 3.7824e-01 0.0000e+00
945 0.0000e+00 0.0000e+00 4.7705e-05 0.0000e+00 4.7705e-05 3.7829e-01 0.0000e+00
946 0.0000e+00 0.0000e+00 4.7634e-05 0.0000e+00 4.7634e-05 3.7834e-01 0.0000e+00
947 0.0000e+00 0.0000e+00 4.7564e-05 0.0000e+00 4.7564e-05 3.7838e-01 0.0000e+00
948 0.0000e+00 0.0000e+00 4.7493e-05 0.0000e+00 4.7493e-05 3.7843e-01 0.0000e+00
949 0.0000e+00 0.0000e+00 4.7422e-05 0.0000e+00 4.7422e-05 3.7848e-01 0.0000e+00
950 0.0000e+00 0.0000e+00 4.7352e-05 0.0000e+00 4.7352e-05 3.7853e-01 0.0000e+00
Objective function values:
F1 1.499358e-05    NSE -1.57744   F2 9.988995e-02
Mean Obs Q 1.590065e-04   Variance Obs Q 6.123405e-09
    Error Variance 1.578271e-08

Water Balance for Subcatchment: Extracted study basin: Taegu Pyungkwang River

   SUMP       SUMAE      SUMQ       SUMRZ      SUMUZ      SBAR        BAL
1.890e-01  3.241e-02  5.117e-02  1.373e-02  0.000e+00  3.785e-01  1.054e-01
