1 0.000033 0.000033
2 0.000032 0.000033
3 0.000033 0.000033
4 0.000033 0.000033
5 0.000035 0.000037
6 0.000036 0.000035
7 0.000036 0.000036
8 0.000036 0.000033
9 0.000035 0.000036
10 0.000035 0.000036
11 0.000036 0.000033
12 0.000035 0.000033
13 0.000035 0.000039
14 0.000036 0.000036
15 0.000037 0.000037
16 0.000037 0.000040
17 0.000037 0.000034
18 0.000037 0.000034
19 0.000036 0.000034
20 0.000035 0.000035
21 0.000035 0.000035
22 0.000034 0.000035
23 0.000034 0.000035
24 0.000036 0.000053
25 0.000042 0.000047
26 0.000058 0.000078
27 0.000086 0.000085
28 0.000105 0.000046
29 0.000091 0.000060
30 0.000076 0.000040
31 0.000064 0.000042
32 0.000056 0.000051
33 0.000054 0.000048
34 0.000052 0.000045
35 0.000050 0.000046
36 0.000049 0.000047
37 0.000048 0.000048
38 0.000048 0.000048
39 0.000048 0.000049
40 0.000048 0.000050
41 0.000047 0.000050
42 0.000046 0.000050
43 0.000046 0.000051
44 0.000046 0.000051
45 0.000046 0.000052
46 0.000048 0.000060
47 0.000049 0.000052
48 0.000049 0.000056
49 0.000049 0.000053
50 0.000049 0.000060
51 0.000053 0.000074
52 0.000063 0.000079
53 0.000079 0.000076
54 0.000090 0.000081
55 0.000098 0.000079
56 0.000103 0.000076
57 0.000103 0.000070
58 0.000095 0.000071
59 0.000086 0.000065
60 0.000082 0.000070
61 0.000082 0.000074
62 0.000082 0.000069
63 0.000084 0.000070
64 0.000087 0.000071
65 0.000090 0.000072
66 0.000093 0.000073
67 0.000097 0.000074
68 0.000101 0.000074
69 0.000105 0.000075
70 0.000108 0.000076
71 0.000110 0.000076
72 0.000112 0.000076
73 0.000115 0.000077
74 0.000116 0.000077
75 0.000117 0.000077
76 0.000118 0.000077
77 0.000121 0.000077
78 0.000122 0.000078
79 0.000122 0.000078
80 0.000123 0.000078
81 0.000123 0.000078
82 0.000123 0.000078
83 0.000124 0.000078
84 0.000127 0.000078
85 0.000127 0.000078
86 0.000128 0.000078
87 0.000128 0.000078
88 0.000128 0.000077
89 0.000128 0.000077
90 0.000130 0.000077
91 0.000130 0.000077
92 0.000131 0.000077
93 0.000133 0.000077
94 0.000134 0.000077
95 0.000134 0.000077
96 0.000135 0.000077
97 0.000136 0.000076
98 0.000139 0.000076
99 0.000140 0.000076
100 0.000140 0.000076
101 0.000140 0.000076
102 0.000140 0.000076
103 0.000140 0.000075
104 0.000140 0.000075
105 0.000140 0.000075
106 0.000140 0.000075
107 0.000140 0.000075
108 0.000141 0.000075
109 0.000141 0.000075
110 0.000141 0.000074
111 0.000141 0.000074
112 0.000140 0.000074
113 0.000141 0.000074
114 0.000141 0.000074
115 0.000141 0.000074
116 0.000141 0.000073
117 0.000141 0.000073
118 0.000140 0.000073
119 0.000140 0.000073
120 0.000140 0.000073
121 0.000139 0.000073
122 0.000140 0.000072
123 0.000140 0.000072
124 0.000140 0.000072
125 0.000140 0.000072
126 0.000140 0.000072
127 0.000140 0.000072
128 0.000139 0.000071
129 0.000138 0.000071
130 0.000138 0.000071
131 0.000137 0.000071
132 0.000136 0.000071
133 0.000136 0.000071
134 0.000136 0.000071
135 0.000135 0.000070
136 0.000135 0.000070
137 0.000135 0.000070
138 0.000134 0.000070
139 0.000134 0.000070
140 0.000133 0.000070
141 0.000133 0.000069
142 0.000133 0.000069
143 0.000131 0.000069
144 0.000130 0.000069
145 0.000130 0.000069
146 0.000130 0.000069
147 0.000129 0.000069
148 0.000128 0.000068
149 0.000128 0.000068
150 0.000128 0.000068
151 0.000128 0.000068
152 0.000127 0.000068
153 0.000127 0.000068
154 0.000127 0.000068
155 0.000126 0.000067
156 0.000125 0.000067
157 0.000123 0.000067
158 0.000123 0.000067
159 0.000122 0.000067
160 0.000122 0.000067
161 0.000122 0.000067
162 0.000122 0.000066
163 0.000122 0.000066
164 0.000122 0.000066
165 0.000122 0.000066
166 0.000122 0.000066
167 0.000122 0.000066
168 0.000121 0.000066
169 0.000119 0.000065
170 0.000120 0.000065
171 0.000119 0.000065
172 0.000118 0.000065
173 0.000118 0.000065
174 0.000117 0.000065
175 0.000117 0.000065
176 0.000117 0.000065
177 0.000116 0.000064
178 0.000116 0.000064
179 0.000116 0.000064
180 0.000114 0.000064
181 0.000113 0.000064
182 0.000112 0.000064
183 0.000112 0.000064
184 0.000112 0.000064
185 0.000112 0.000063
186 0.000112 0.000063
187 0.000112 0.000063
188 0.000112 0.000063
189 0.000111 0.000063
190 0.000108 0.000063
191 0.000109 0.000063
192 0.000108 0.000063
193 0.000109 0.000062
194 0.000108 0.000062
195 0.000108 0.000062
196 0.000108 0.000062
197 0.000108 0.000062
198 0.000108 0.000062
199 0.000107 0.000062
200 0.000107 0.000062
201 0.000106 0.000061
202 0.000105 0.000061
203 0.000104 0.000061
204 0.000103 0.000061
205 0.000104 0.000061
206 0.000103 0.000061
207 0.000103 0.000061
208 0.000102 0.000061
209 0.000102 0.000061
210 0.000102 0.000060
211 0.000102 0.000060
212 0.000102 0.000060
213 0.000102 0.000060
214 0.000101 0.000060
215 0.000099 0.000060
216 0.000099 0.000060
217 0.000099 0.000060
218 0.000099 0.000060
219 0.000099 0.000059
220 0.000098 0.000059
221 0.000098 0.000059
222 0.000098 0.000059
223 0.000098 0.000059
224 0.000098 0.000059
225 0.000097 0.000059
226 0.000095 0.000059
227 0.000095 0.000059
228 0.000094 0.000058
229 0.000094 0.000058
230 0.000094 0.000058
231 0.000094 0.000058
232 0.000093 0.000058
233 0.000093 0.000058
234 0.000093 0.000058
235 0.000093 0.000058
236 0.000093 0.000058
237 0.000093 0.000057
238 0.000093 0.000057
239 0.000092 0.000057
240 0.000094 0.000057
241 0.000094 0.000057
242 0.000094 0.000057
243 0.000093 0.000057
244 0.000093 0.000057
245 0.000092 0.000057
246 0.000090 0.000057
247 0.000090 0.000056
248 0.000090 0.000056
249 0.000090 0.000056
250 0.000090 0.000056
251 0.000090 0.000056
252 0.000090 0.000056
253 0.000090 0.000056
254 0.000090 0.000056
255 0.000090 0.000056
256 0.000090 0.000056
257 0.000089 0.000055
258 0.000087 0.000055
259 0.000086 0.000055
260 0.000086 0.000055
261 0.000086 0.000055
262 0.000085 0.000055
263 0.000086 0.000055
264 0.000086 0.000055
265 0.000085 0.000055
266 0.000083 0.000055
267 0.000083 0.000055
268 0.000081 0.000054
269 0.000080 0.000054
270 0.000080 0.000054
271 0.000080 0.000054
272 0.000080 0.000054
273 0.000080 0.000054
274 0.000080 0.000054
275 0.000080 0.000054
276 0.000080 0.000054
277 0.000080 0.000054
278 0.000080 0.000054
279 0.000080 0.000053
280 0.000080 0.000053
281 0.000080 0.000053
282 0.000080 0.000053
283 0.000080 0.000053
284 0.000081 0.000053
285 0.000084 0.000054
286 0.000102 0.000104
287 0.000134 0.000088
288 0.000135 0.000067
289 0.000117 0.000056
290 0.000101 0.000057
291 0.000094 0.000060
292 0.000090 0.000059
293 0.000088 0.000060
294 0.000089 0.000071
295 0.000095 0.000069
296 0.000097 0.000062
297 0.000093 0.000062
298 0.000089 0.000063
299 0.000088 0.000064
300 0.000088 0.000064
301 0.000088 0.000065
302 0.000088 0.000065
303 0.000087 0.000065
304 0.000087 0.000065
305 0.000087 0.000066
306 0.000087 0.000066
307 0.000087 0.000066
308 0.000087 0.000066
309 0.000086 0.000066
310 0.000086 0.000070
311 0.000085 0.000066
312 0.000086 0.000067
313 0.000087 0.000067
314 0.000088 0.000067
315 0.000088 0.000067
316 0.000089 0.000067
317 0.000089 0.000067
318 0.000092 0.000075
319 0.000093 0.000071
320 0.000092 0.000067
321 0.000092 0.000067
322 0.000093 0.000079
323 0.000093 0.000080
324 0.000094 0.000068
325 0.000094 0.000068
326 0.000093 0.000068
327 0.000092 0.000068
328 0.000091 0.000069
329 0.000090 0.000069
330 0.000090 0.000069
331 0.000090 0.000069
332 0.000090 0.000069
333 0.000090 0.000069
334 0.000090 0.000069
335 0.000090 0.000069
336 0.000090 0.000069
337 0.000090 0.000069
338 0.000090 0.000073
339 0.000092 0.000075
340 0.000094 0.000087
341 0.000098 0.000087
342 0.000102 0.000082
343 0.000103 0.000076
344 0.000102 0.000083
345 0.000102 0.000078
346 0.000101 0.000072
347 0.000098 0.000073
348 0.000098 0.000073
349 0.000096 0.000074
350 0.000095 0.000074
351 0.000094 0.000074
352 0.000094 0.000074
353 0.000094 0.000081
354 0.000094 0.000075
355 0.000094 0.000075
356 0.000094 0.000075
357 0.000094 0.000075
358 0.000094 0.000075
359 0.000095 0.000076
360 0.000097 0.000076
361 0.000097 0.000076
362 0.000097 0.000076
363 0.000097 0.000076
364 0.000097 0.000076
365 0.000097 0.000075
366 0.000098 0.000075
367 0.000099 0.000075
368 0.000099 0.000075
369 0.000099 0.000075
370 0.000100 0.000075
371 0.000101 0.000075
372 0.000100 0.000075
373 0.000100 0.000075
374 0.000113 0.000148
375 0.000162 0.000132
376 0.000177 0.000109
377 0.000153 0.000086
378 0.000133 0.000081
379 0.000123 0.000083
380 0.000122 0.000084
381 0.000122 0.000086
382 0.000123 0.000087
383 0.000125 0.000099
384 0.000130 0.000101
385 0.000133 0.000090
386 0.000132 0.000095
387 0.000132 0.000092
388 0.000132 0.000092
389 0.000132 0.000093
390 0.000132 0.000097
391 0.000134 0.000094
392 0.000137 0.000100
393 0.000140 0.000101
394 0.000141 0.000096
395 0.000141 0.000096
396 0.000141 0.000096
397 0.000144 0.000097
398 0.000145 0.000097
399 0.000147 0.000097
400 0.000149 0.000097
401 0.000151 0.000097
402 0.000154 0.000110
403 0.000156 0.000097
404 0.000158 0.000098
405 0.000159 0.000104
406 0.000162 0.000104
407 0.000164 0.000098
408 0.000165 0.000103
409 0.000166 0.000099
410 0.000168 0.000099
411 0.000169 0.000099
412 0.000169 0.000099
413 0.000170 0.000099
414 0.000171 0.000099
415 0.000172 0.000099
416 0.000175 0.000099
417 0.000176 0.000099
418 0.000177 0.000099
419 0.000177 0.000098
420 0.000178 0.000098
421 0.000179 0.000098
422 0.000180 0.000098
423 0.000181 0.000098
424 0.000182 0.000098
425 0.000183 0.000097
426 0.000183 0.000097
427 0.000185 0.000097
428 0.000191 0.000121
429 0.000208 0.000134
430 0.000219 0.000122
431 0.000218 0.000111
432 0.000208 0.000101
433 0.000203 0.000106
434 0.000201 0.000103
435 0.000198 0.000104
436 0.000197 0.000104
437 0.000211 0.000143
438 0.000212 0.000106
439 0.000205 0.000108
440 0.000202 0.000108
441 0.000200 0.000109
442 0.000200 0.000110
443 0.000200 0.000110
444 0.000201 0.000115
445 0.000201 0.000111
446 0.000201 0.000112
447 0.000201 0.000112
448 0.000201 0.000112
449 0.000202 0.000112
450 0.000202 0.000112
451 0.000202 0.000112
452 0.000202 0.000118
453 0.000203 0.000112
454 0.000203 0.000112
455 0.000203 0.000112
456 0.000204 0.000112
457 0.000204 0.000112
458 0.000204 0.000112
459 0.000204 0.000112
460 0.000205 0.000111
461 0.000205 0.000111
462 0.000205 0.000111
463 0.000206 0.000111
464 0.000207 0.000110
465 0.000208 0.000115
466 0.000212 0.000116
467 0.000213 0.000110
468 0.000211 0.000110
469 0.000212 0.000116
470 0.000212 0.000110
471 0.000212 0.000110
472 0.000212 0.000116
473 0.000216 0.000116
474 0.000216 0.000110
475 0.000215 0.000110
476 0.000215 0.000110
477 0.000215 0.000110
478 0.000215 0.000110
479 0.000215 0.000109
480 0.000215 0.000109
481 0.000215 0.000109
482 0.000214 0.000114
483 0.000219 0.000140
484 0.000233 0.000122
485 0.000229 0.000110
486 0.000220 0.000123
487 0.000219 0.000112
488 0.000218 0.000112
489 0.000217 0.000113
490 0.000217 0.000113
491 0.000216 0.000113
492 0.000216 0.000113
493 0.000215 0.000114
494 0.000214 0.000114
495 0.000212 0.000114
496 0.000212 0.000114
497 0.000212 0.000113
498 0.000211 0.000113
499 0.000210 0.000113
500 0.000210 0.000113
501 0.000210 0.000113
502 0.000209 0.000113
503 0.000209 0.000112
504 0.000209 0.000112
505 0.000209 0.000112
506 0.000208 0.000111
507 0.000208 0.000111
508 0.000206 0.000111
509 0.000205 0.000111
510 0.000205 0.000110
511 0.000205 0.000110
512 0.000205 0.000110
513 0.000204 0.000109
514 0.000203 0.000109
515 0.000203 0.000109
516 0.000202 0.000108
517 0.000202 0.000108
518 0.000201 0.000108
519 0.000200 0.000107
520 0.000198 0.000107
521 0.000198 0.000107
522 0.000197 0.000106
523 0.000197 0.000106
524 0.000197 0.000106
525 0.000196 0.000105
526 0.000196 0.000105
527 0.000195 0.000105
528 0.000195 0.000104
529 0.000195 0.000104
530 0.000194 0.000104
531 0.000195 0.000103
532 0.000193 0.000103
533 0.000193 0.000103
534 0.000192 0.000102
535 0.000191 0.000102
536 0.000190 0.000102
537 0.000190 0.000101
538 0.000190 0.000101
539 0.000190 0.000101
540 0.000189 0.000100
541 0.000189 0.000100
542 0.000188 0.000100
543 0.000188 0.000100
544 0.000187 0.000099
545 0.000186 0.000099
546 0.000186 0.000099
547 0.000186 0.000098
548 0.000184 0.000098
549 0.000183 0.000098
550 0.000183 0.000097
551 0.000183 0.000097
552 0.000185 0.000097
553 0.000188 0.000097
554 0.000194 0.000105
555 0.000201 0.000114
556 0.000196 0.000096
557 0.000190 0.000101
558 0.000188 0.000097
559 0.000185 0.000097
560 0.000183 0.000097
561 0.000182 0.000097
562 0.000181 0.000097
563 0.000181 0.000097
564 0.000180 0.000097
565 0.000179 0.000101
566 0.000179 0.000097
567 0.000178 0.000097
568 0.000177 0.000097
569 0.000177 0.000096
570 0.000177 0.000096
571 0.000177 0.000096
572 0.000177 0.000096
573 0.000182 0.000133
574 0.000193 0.000109
575 0.000193 0.000128
576 0.000213 0.000141
577 0.000228 0.000118
578 0.000209 0.000102
579 0.000194 0.000104
580 0.000188 0.000106
581 0.000185 0.000107
582 0.000183 0.000108
583 0.000182 0.000109
584 0.000181 0.000110
585 0.000181 0.000110
586 0.000180 0.000111
587 0.000179 0.000111
588 0.000179 0.000111
589 0.000180 0.000112
590 0.000179 0.000112
591 0.000178 0.000112
592 0.000178 0.000117
593 0.000179 0.000112
594 0.000179 0.000125
595 0.000181 0.000113
596 0.000179 0.000113
597 0.000177 0.000113
598 0.000177 0.000113
599 0.000177 0.000113
600 0.000177 0.000113
601 0.000177 0.000113
602 0.000176 0.000113
603 0.000176 0.000113
604 0.000176 0.000112
605 0.000175 0.000112
606 0.000174 0.000112
607 0.000174 0.000112
608 0.000173 0.000112
609 0.000171 0.000111
610 0.000171 0.000111
611 0.000171 0.000111
612 0.000171 0.000110
613 0.000171 0.000110
614 0.000171 0.000110
615 0.000171 0.000110
616 0.000171 0.000109
617 0.000171 0.000109
618 0.000171 0.000109
619 0.000171 0.000108
620 0.000171 0.000108
621 0.000171 0.000108
622 0.000171 0.000107
623 0.000171 0.000107
624 0.000174 0.000107
625 0.000178 0.000107
626 0.000188 0.000143
627 0.000201 0.000131
628 0.000204 0.000126
629 0.000212 0.000152
630 0.000245 0.000165
631 0.000291 0.000189
632 0.000297 0.000118
633 0.000235 0.000122
634 0.000218 0.000142
635 0.000219 0.000171
636 0.000249 0.000192
637 0.000289 0.000188
638 0.000287 0.000141
639 0.000260 0.000154
640 0.000253 0.000150
641 0.000255 0.000162
642 0.000265 0.000157
643 0.000271 0.000168
644 0.000278 0.000162
645 0.000286 0.000164
646 0.000296 0.000166
647 0.000303 0.000168
648 0.000311 0.000169
649 0.000317 0.000170
650 0.000324 0.000170
651 0.000331 0.000171
652 0.000338 0.000171
653 0.000343 0.000172
654 0.000349 0.000172
655 0.000352 0.000172
656 0.000356 0.000172
657 0.000361 0.000171
658 0.000366 0.000171
659 0.000370 0.000171
660 0.000372 0.000170
661 0.000376 0.000170
662 0.000379 0.000169
663 0.000381 0.000169
664 0.000384 0.000168
665 0.000387 0.000168
666 0.000388 0.000167
667 0.000389 0.000166
668 0.000391 0.000174
669 0.000392 0.000174
670 0.000394 0.000165
671 0.000394 0.000181
672 0.000397 0.000165
673 0.000393 0.000165
674 0.000391 0.000164
675 0.000391 0.000169
676 0.000391 0.000172
677 0.000390 0.000164
678 0.000388 0.000164
679 0.000391 0.000178
680 0.000397 0.000180
681 0.000391 0.000164
682 0.000386 0.000164
683 0.000381 0.000164
684 0.000379 0.000164
685 0.000376 0.000164
686 0.000373 0.000164
687 0.000371 0.000163
688 0.000370 0.000163
689 0.000368 0.000163
690 0.000364 0.000162
691 0.000361 0.000162
692 0.000359 0.000161
693 0.000355 0.000160
694 0.000352 0.000160
695 0.000352 0.000159
696 0.000351 0.000159
697 0.000349 0.000158
698 0.000347 0.000157
699 0.000343 0.000157
700 0.000340 0.000156
701 0.000337 0.000155
702 0.000332 0.000155
703 0.000334 0.000154
704 0.000332 0.000153
705 0.000329 0.000153
706 0.000327 0.000152
707 0.000325 0.000151
708 0.000322 0.000151
709 0.000320 0.000150
710 0.000319 0.000149
711 0.000317 0.000149
712 0.000314 0.000148
713 0.000311 0.000147
714 0.000309 0.000147
715 0.000307 0.000146
716 0.000302 0.000145
717 0.000301 0.000145
718 0.000299 0.000144
719 0.000297 0.000143
720 0.000294 0.000143
721 0.000291 0.000142
722 0.000289 0.000142
723 0.000286 0.000141
724 0.000284 0.000140
725 0.000282 0.000140
726 0.000281 0.000139
727 0.000278 0.000138
728 0.000276 0.000138
729 0.000274 0.000137
730 0.000271 0.000137
731 0.000268 0.000136
732 0.000267 0.000136
733 0.000266 0.000135
734 0.000265 0.000134
735 0.000263 0.000134
736 0.000260 0.000133
737 0.000259 0.000133
738 0.000257 0.000132
739 0.000255 0.000132
740 0.000253 0.000131
741 0.000251 0.000131
742 0.000249 0.000130
743 0.000248 0.000130
744 0.000247 0.000129
745 0.000246 0.000128
746 0.000244 0.000128
747 0.000241 0.000127
748 0.000237 0.000127
749 0.000236 0.000126
750 0.000235 0.000126
751 0.000234 0.000125
752 0.000233 0.000125
753 0.000232 0.000124
754 0.000231 0.000124
755 0.000228 0.000124
756 0.000227 0.000123
757 0.000226 0.000123
758 0.000224 0.000122
759 0.000223 0.000122
760 0.000222 0.000121
761 0.000220 0.000121
762 0.000218 0.000120
763 0.000218 0.000120
764 0.000218 0.000119
765 0.000216 0.000119
766 0.000214 0.000118
767 0.000212 0.000118
768 0.000210 0.000118
769 0.000209 0.000117
770 0.000208 0.000117
771 0.000207 0.000116
772 0.000205 0.000116
773 0.000204 0.000115
774 0.000202 0.000115
775 0.000201 0.000115
776 0.000198 0.000114
777 0.000197 0.000114
778 0.000196 0.000113
779 0.000195 0.000113
780 0.000195 0.000113
781 0.000193 0.000112
782 0.000191 0.000112
783 0.000190 0.000111
784 0.000189 0.000111
785 0.000188 0.000111
786 0.000187 0.000110
787 0.000185 0.000110
788 0.000183 0.000110
789 0.000182 0.000109
790 0.000181 0.000109
791 0.000180 0.000108
792 0.000178 0.000108
793 0.000177 0.000108
794 0.000177 0.000107
795 0.000176 0.000107
796 0.000175 0.000107
797 0.000172 0.000106
798 0.000171 0.000106
799 0.000170 0.000106
800 0.000169 0.000105
801 0.000169 0.000105
802 0.000169 0.000105
803 0.000169 0.000104
804 0.000167 0.000104
805 0.000165 0.000104
806 0.000164 0.000103
807 0.000164 0.000103
808 0.000163 0.000103
809 0.000162 0.000102
810 0.000162 0.000102
811 0.000161 0.000102
812 0.000159 0.000101
813 0.000158 0.000101
814 0.000157 0.000101
815 0.000157 0.000100
816 0.000156 0.000100
817 0.000156 0.000100
818 0.000156 0.000099
819 0.000156 0.000099
820 0.000153 0.000099
821 0.000153 0.000098
822 0.000152 0.000098
823 0.000151 0.000098
824 0.000150 0.000097
825 0.000149 0.000097
826 0.000147 0.000097
827 0.000147 0.000097
828 0.000147 0.000096
829 0.000146 0.000096
830 0.000145 0.000096
831 0.000145 0.000095
832 0.000144 0.000095
833 0.000142 0.000095
834 0.000141 0.000095
835 0.000141 0.000094
836 0.000143 0.000094
837 0.000141 0.000094
838 0.000140 0.000094
839 0.000140 0.000093
840 0.000139 0.000093
841 0.000139 0.000093
842 0.000138 0.000092
843 0.000135 0.000092
844 0.000135 0.000092
845 0.000134 0.000092
846 0.000134 0.000091
847 0.000132 0.000091
848 0.000132 0.000091
849 0.000132 0.000091
850 0.000132 0.000090
851 0.000132 0.000090
852 0.000131 0.000090
853 0.000129 0.000090
854 0.000128 0.000089
855 0.000127 0.000089
856 0.000127 0.000089
857 0.000126 0.000089
858 0.000125 0.000088
859 0.000123 0.000088
860 0.000123 0.000088
861 0.000123 0.000088
862 0.000123 0.000087
863 0.000123 0.000087
864 0.000123 0.000087
865 0.000122 0.000087
866 0.000121 0.000086
867 0.000121 0.000086
868 0.000119 0.000086
869 0.000118 0.000086
870 0.000118 0.000085
871 0.000118 0.000085
872 0.000118 0.000085
873 0.000117 0.000085
874 0.000117 0.000085
875 0.000116 0.000084
876 0.000114 0.000084
877 0.000113 0.000084
878 0.000113 0.000084
879 0.000113 0.000083
880 0.000113 0.000083
881 0.000113 0.000083
882 0.000112 0.000083
883 0.000111 0.000083
884 0.000111 0.000082
885 0.000111 0.000082
886 0.000111 0.000082
887 0.000111 0.000082
888 0.000110 0.000082
889 0.000109 0.000081
890 0.000108 0.000081
891 0.000107 0.000081
892 0.000107 0.000081
893 0.000106 0.000081
894 0.000106 0.000080
895 0.000106 0.000080
896 0.000105 0.000080
897 0.000105 0.000080
898 0.000104 0.000080
899 0.000103 0.000079
900 0.000103 0.000079
901 0.000103 0.000079
902 0.000103 0.000079
903 0.000103 0.000079
904 0.000103 0.000078
905 0.000102 0.000078
906 0.000102 0.000078
907 0.000102 0.000078
908 0.000102 0.000078
909 0.000102 0.000077
910 0.000101 0.000077
911 0.000101 0.000077
912 0.000100 0.000077
913 0.000101 0.000077
914 0.000100 0.000076
915 0.000099 0.000076
916 0.000099 0.000076
917 0.000099 0.000076
918 0.000099 0.000076
919 0.000098 0.000076
920 0.000098 0.000075
921 0.000097 0.000075
922 0.000097 0.000075
923 0.000096 0.000075
924 0.000096 0.000075
925 0.000096 0.000075
926 0.000099 0.000074
927 0.000097 0.000074
928 0.000094 0.000074
929 0.000094 0.000074
930 0.000094 0.000074
931 0.000093 0.000074
932 0.000093 0.000073
933 0.000093 0.000073
934 0.000093 0.000073
935 0.000093 0.000073
936 0.000093 0.000073
937 0.000093 0.000073
938 0.000093 0.000072
939 0.000093 0.000072
940 0.000093 0.000072
941 0.000093 0.000072
942 0.000093 0.000072
943 0.000093 0.000072
944 0.000093 0.000071
945 0.000093 0.000071
946 0.000093 0.000071
947 0.000092 0.000071
948 0.000090 0.000071
949 0.000093 0.000071
950 0.000093 0.000070
