Taegu Pyungkwang River Catchment: Calibration Data

Subcatchment : Extracted study basin: cat-13229

TL =     8.87
SUMAC =     1.00
SZQ =       0.02089
Subcatchment routing data:
Maximum Routing Delay       0.69444
Sum of Histogram ordinates:     1.0000
     1.00000 
Initial BAL             -0.20861
Initial SBAR             0.20661
Initial SR0              0.00200
it      p        ep       q(it)       quz      q       sbar       qof
1 0.0000e+00 6.1900e-05 3.2800e-05 0.0000e+00 3.2800e-05 2.0664e-01 0.0000e+00
2 0.0000e+00 6.4700e-05 3.2766e-05 0.0000e+00 3.2766e-05 2.0668e-01 0.0000e+00
3 1.0000e-03 6.1900e-05 3.2733e-05 0.0000e+00 3.2733e-05 2.0671e-01 0.0000e+00
4 1.0000e-03 5.6000e-05 3.2699e-05 0.0000e+00 3.2699e-05 2.0674e-01 0.0000e+00
5 1.0000e-03 4.5700e-05 4.6784e-05 8.5328e-05 3.2666e-05 2.0669e-01 1.4118e-05
6 5.0000e-04 3.2300e-05 4.1135e-05 1.1825e-04 3.2720e-05 2.0660e-01 8.4148e-06
7 5.0000e-04 1.5600e-05 4.1470e-05 1.5142e-04 3.2807e-05 2.0649e-01 8.6630e-06
8 0.0000e+00 0.0000e+00 3.2929e-05 1.2849e-04 3.2929e-05 2.0639e-01 0.0000e+00
9 5.0000e-04 0.0000e+00 4.2000e-05 1.6783e-04 3.3028e-05 2.0626e-01 8.9723e-06
10 5.0000e-04 0.0000e+00 4.2428e-05 1.9998e-04 3.3167e-05 2.0609e-01 9.2613e-06
11 0.0000e+00 0.0000e+00 3.3340e-05 1.7188e-04 3.3340e-05 2.0595e-01 0.0000e+00
12 0.0000e+00 0.0000e+00 3.3485e-05 1.5257e-04 3.3485e-05 2.0583e-01 0.0000e+00
13 1.0000e-03 0.0000e+00 5.2132e-05 2.4899e-04 3.3610e-05 2.0562e-01 1.8523e-05
14 5.0000e-04 0.0000e+00 4.3098e-05 2.6715e-04 3.3837e-05 2.0538e-01 9.2613e-06
15 5.0000e-04 0.0000e+00 4.3346e-05 2.8807e-04 3.4085e-05 2.0513e-01 9.2613e-06
16 1.0000e-03 0.0000e+00 5.2879e-05 3.6384e-04 3.4356e-05 2.0480e-01 1.8523e-05
17 0.0000e+00 0.0000e+00 3.4712e-05 3.1186e-04 3.4712e-05 2.0452e-01 0.0000e+00
18 0.0000e+00 0.0000e+00 3.5014e-05 2.7735e-04 3.5014e-05 2.0428e-01 0.0000e+00
19 0.0000e+00 0.0000e+00 3.5280e-05 2.4777e-04 3.5280e-05 2.0407e-01 0.0000e+00
20 0.0000e+00 0.0000e+00 3.5515e-05 2.2202e-04 3.5515e-05 2.0388e-01 0.0000e+00
21 0.0000e+00 1.8000e-05 3.5722e-05 1.9940e-04 3.5722e-05 2.0372e-01 0.0000e+00
22 0.0000e+00 3.4800e-05 3.5906e-05 1.7939e-04 3.5906e-05 2.0357e-01 0.0000e+00
23 0.0000e+00 4.9200e-05 3.6067e-05 1.6161e-04 3.6067e-05 2.0345e-01 0.0000e+00
24 3.0000e-03 6.0200e-05 1.0793e-04 4.6462e-04 3.6209e-05 2.0302e-01 7.1721e-05
25 2.0000e-03 6.6600e-05 8.4703e-05 6.0500e-04 3.6697e-05 2.0245e-01 4.8006e-05
26 5.5000e-03 6.9600e-05 1.7182e-04 1.1221e-03 3.7354e-05 2.0137e-01 1.3446e-04
27 6.0000e-03 6.6600e-05 1.8541e-04 1.6142e-03 3.8642e-05 1.9979e-01 1.4676e-04
28 1.0000e-03 6.0200e-05 6.3692e-05 1.4899e-03 4.0593e-05 1.9834e-01 2.3100e-05
29 2.5000e-03 4.9200e-05 1.0285e-04 1.5897e-03 4.2473e-05 1.9679e-01 6.0380e-05
30 0.0000e+00 3.4800e-05 4.4577e-05 1.3930e-03 4.4577e-05 1.9545e-01 0.0000e+00
31 0.0000e+00 1.6800e-05 4.6496e-05 1.2395e-03 4.6496e-05 1.9425e-01 0.0000e+00
32 1.0000e-03 0.0000e+00 7.0517e-05 1.2123e-03 4.8262e-05 1.9309e-01 2.2255e-05
33 5.0000e-04 0.0000e+00 6.2424e-05 1.1342e-03 5.0050e-05 1.9200e-01 1.2374e-05
34 0.0000e+00 0.0000e+00 5.1775e-05 1.0082e-03 5.1775e-05 1.9105e-01 0.0000e+00
35 0.0000e+00 0.0000e+00 5.3346e-05 9.0181e-04 5.3346e-05 1.9020e-01 0.0000e+00
36 0.0000e+00 0.0000e+00 5.4779e-05 8.0798e-04 5.4779e-05 1.8945e-01 0.0000e+00
37 0.0000e+00 0.0000e+00 5.6084e-05 7.2465e-04 5.6084e-05 1.8878e-01 0.0000e+00
38 0.0000e+00 0.0000e+00 5.7268e-05 6.5039e-04 5.7268e-05 1.8819e-01 0.0000e+00
39 0.0000e+00 0.0000e+00 5.8339e-05 5.8409e-04 5.8339e-05 1.8766e-01 0.0000e+00
40 0.0000e+00 0.0000e+00 5.9305e-05 5.2483e-04 5.9305e-05 1.8719e-01 0.0000e+00
41 0.0000e+00 0.0000e+00 6.0175e-05 4.7180e-04 6.0175e-05 1.8678e-01 0.0000e+00
42 0.0000e+00 0.0000e+00 6.0954e-05 4.2433e-04 6.0954e-05 1.8642e-01 0.0000e+00
43 0.0000e+00 0.0000e+00 6.1650e-05 3.8179e-04 6.1650e-05 1.8610e-01 0.0000e+00
44 0.0000e+00 0.0000e+00 6.2270e-05 3.4365e-04 6.2270e-05 1.8582e-01 0.0000e+00
45 0.0000e+00 3.3800e-05 6.2820e-05 3.0944e-04 6.2820e-05 1.8557e-01 0.0000e+00
46 1.0000e-03 6.5200e-05 8.7729e-05 3.9921e-04 6.3306e-05 1.8523e-01 2.4423e-05
47 0.0000e+00 9.2300e-05 6.3974e-05 3.4338e-04 6.3974e-05 1.8496e-01 0.0000e+00
48 5.0000e-04 1.1300e-04 7.4193e-05 3.4817e-04 6.4535e-05 1.8467e-01 9.6581e-06
49 0.0000e+00 1.2500e-04 6.5109e-05 3.0678e-04 6.5109e-05 1.8443e-01 0.0000e+00
50 1.0000e-03 1.3050e-04 8.8363e-05 3.6611e-04 6.5603e-05 1.8413e-01 2.2761e-05
51 2.5000e-03 1.2500e-04 1.3697e-04 6.0540e-04 6.6222e-05 1.8359e-01 7.0750e-05
52 3.0000e-03 1.1300e-04 1.5319e-04 8.6078e-04 6.7347e-05 1.8280e-01 8.5843e-05
53 2.5000e-03 9.2300e-05 1.4031e-04 1.0201e-03 6.9038e-05 1.8185e-01 7.1272e-05
54 3.0000e-03 6.5200e-05 1.5794e-04 1.2297e-03 7.1120e-05 1.8069e-01 8.6820e-05
55 2.5000e-03 3.1600e-05 1.4644e-04 1.3531e-03 7.3742e-05 1.7941e-01 7.2700e-05
56 2.0000e-03 0.0000e+00 1.3552e-04 1.4102e-03 7.6750e-05 1.7807e-01 5.8774e-05
57 1.0000e-03 0.0000e+00 1.0987e-04 1.3452e-03 8.0016e-05 1.7681e-01 2.9859e-05
58 1.0000e-03 0.0000e+00 1.1310e-04 1.3002e-03 8.3243e-05 1.7559e-01 2.9859e-05
59 0.0000e+00 0.0000e+00 8.6470e-05 1.1341e-03 8.6470e-05 1.7454e-01 0.0000e+00
60 5.0000e-04 0.0000e+00 1.0428e-04 1.0658e-03 8.9348e-05 1.7357e-01 1.4929e-05
61 5.0000e-04 0.0000e+00 1.0705e-04 1.0019e-03 9.2116e-05 1.7266e-01 1.4929e-05
62 0.0000e+00 0.0000e+00 9.4773e-05 8.7921e-04 9.4773e-05 1.7187e-01 0.0000e+00
63 0.0000e+00 0.0000e+00 9.7124e-05 7.7798e-04 9.7124e-05 1.7119e-01 0.0000e+00
64 0.0000e+00 0.0000e+00 9.9213e-05 6.8984e-04 9.9213e-05 1.7060e-01 0.0000e+00
65 0.0000e+00 0.0000e+00 1.0106e-04 6.1249e-04 1.0106e-04 1.7009e-01 0.0000e+00
66 0.0000e+00 0.0000e+00 1.0269e-04 5.4435e-04 1.0269e-04 1.6965e-01 0.0000e+00
67 0.0000e+00 0.0000e+00 1.0412e-04 4.8419e-04 1.0412e-04 1.6927e-01 0.0000e+00
68 0.0000e+00 0.0000e+00 1.0536e-04 4.3101e-04 1.0536e-04 1.6894e-01 0.0000e+00
69 0.0000e+00 4.1400e-05 1.0644e-04 3.8393e-04 1.0644e-04 1.6867e-01 0.0000e+00
70 0.0000e+00 7.9800e-05 1.0737e-04 3.4221e-04 1.0737e-04 1.6843e-01 0.0000e+00
71 0.0000e+00 1.1290e-04 1.0816e-04 3.0521e-04 1.0816e-04 1.6823e-01 0.0000e+00
72 0.0000e+00 1.3830e-04 1.0882e-04 2.7236e-04 1.0882e-04 1.6807e-01 0.0000e+00
73 0.0000e+00 1.5300e-04 1.0938e-04 2.4319e-04 1.0938e-04 1.6794e-01 0.0000e+00
74 0.0000e+00 1.5980e-04 1.0984e-04 2.1726e-04 1.0984e-04 1.6783e-01 0.0000e+00
75 0.0000e+00 1.5300e-04 1.1021e-04 1.9420e-04 1.1021e-04 1.6775e-01 0.0000e+00
76 0.0000e+00 1.3830e-04 1.1050e-04 1.7367e-04 1.1050e-04 1.6768e-01 0.0000e+00
77 0.0000e+00 1.1290e-04 1.1072e-04 1.5539e-04 1.1072e-04 1.6764e-01 0.0000e+00
78 0.0000e+00 7.9800e-05 1.1087e-04 1.3911e-04 1.1087e-04 1.6761e-01 0.0000e+00
79 0.0000e+00 3.8700e-05 1.1097e-04 1.2459e-04 1.1097e-04 1.6760e-01 0.0000e+00
80 0.0000e+00 0.0000e+00 1.1102e-04 1.1163e-04 1.1102e-04 1.6760e-01 0.0000e+00
81 0.0000e+00 0.0000e+00 1.1102e-04 1.0008e-04 1.1102e-04 1.6761e-01 0.0000e+00
82 0.0000e+00 0.0000e+00 1.1098e-04 8.9754e-05 1.1098e-04 1.6763e-01 0.0000e+00
83 0.0000e+00 0.0000e+00 1.1091e-04 8.0532e-05 1.1091e-04 1.6766e-01 0.0000e+00
84 0.0000e+00 0.0000e+00 1.1080e-04 7.2290e-05 1.1080e-04 1.6770e-01 0.0000e+00
85 0.0000e+00 0.0000e+00 1.1067e-04 6.4919e-05 1.1067e-04 1.6774e-01 0.0000e+00
86 0.0000e+00 0.0000e+00 1.1051e-04 5.8324e-05 1.1051e-04 1.6779e-01 0.0000e+00
87 0.0000e+00 0.0000e+00 1.1033e-04 5.2421e-05 1.1033e-04 1.6785e-01 0.0000e+00
88 0.0000e+00 0.0000e+00 1.1013e-04 4.7135e-05 1.1013e-04 1.6792e-01 0.0000e+00
89 0.0000e+00 0.0000e+00 1.0991e-04 4.2398e-05 1.0991e-04 1.6798e-01 0.0000e+00
90 0.0000e+00 0.0000e+00 1.0968e-04 3.8153e-05 1.0968e-04 1.6805e-01 0.0000e+00
91 0.0000e+00 0.0000e+00 1.0944e-04 3.4346e-05 1.0944e-04 1.6813e-01 0.0000e+00
92 0.0000e+00 0.0000e+00 1.0918e-04 3.0930e-05 1.0918e-04 1.6821e-01 0.0000e+00
93 0.0000e+00 1.9100e-05 1.0892e-04 2.7864e-05 1.0892e-04 1.6829e-01 0.0000e+00
94 0.0000e+00 3.6800e-05 1.0864e-04 2.5112e-05 1.0864e-04 1.6837e-01 0.0000e+00
95 0.0000e+00 5.2100e-05 1.0836e-04 2.2639e-05 1.0836e-04 1.6846e-01 0.0000e+00
96 0.0000e+00 6.3800e-05 1.0807e-04 2.0418e-05 1.0807e-04 1.6855e-01 0.0000e+00
97 5.0000e-04 7.0600e-05 1.0777e-04 1.8420e-05 1.0777e-04 1.6863e-01 0.0000e+00
98 5.0000e-04 7.3700e-05 1.0747e-04 1.6624e-05 1.0747e-04 1.6873e-01 0.0000e+00
99 0.0000e+00 7.0600e-05 1.0717e-04 1.5008e-05 1.0717e-04 1.6882e-01 0.0000e+00
100 0.0000e+00 6.3800e-05 1.0686e-04 1.3553e-05 1.0686e-04 1.6891e-01 0.0000e+00
101 0.0000e+00 5.2100e-05 1.0655e-04 1.2244e-05 1.0655e-04 1.6901e-01 0.0000e+00
102 0.0000e+00 3.6800e-05 1.0623e-04 1.1065e-05 1.0623e-04 1.6910e-01 0.0000e+00
103 0.0000e+00 1.7800e-05 1.0592e-04 1.0002e-05 1.0592e-04 1.6920e-01 0.0000e+00
104 0.0000e+00 0.0000e+00 1.0560e-04 9.0441e-06 1.0560e-04 1.6929e-01 0.0000e+00
105 0.0000e+00 0.0000e+00 1.0528e-04 8.1806e-06 1.0528e-04 1.6939e-01 0.0000e+00
106 0.0000e+00 0.0000e+00 1.0496e-04 7.4017e-06 1.0496e-04 1.6949e-01 0.0000e+00
107 0.0000e+00 0.0000e+00 1.0464e-04 6.6990e-06 1.0464e-04 1.6959e-01 0.0000e+00
108 0.0000e+00 0.0000e+00 1.0432e-04 6.0642e-06 1.0432e-04 1.6968e-01 0.0000e+00
109 0.0000e+00 0.0000e+00 1.0400e-04 5.4917e-06 1.0400e-04 1.6978e-01 0.0000e+00
110 0.0000e+00 0.0000e+00 1.0368e-04 4.9747e-06 1.0368e-04 1.6988e-01 0.0000e+00
111 5.0000e-04 0.0000e+00 1.0337e-04 4.5077e-06 1.0337e-04 1.6998e-01 0.0000e+00
112 0.0000e+00 0.0000e+00 1.0305e-04 4.0856e-06 1.0305e-04 1.7008e-01 0.0000e+00
113 0.0000e+00 0.0000e+00 1.0273e-04 3.7040e-06 1.0273e-04 1.7018e-01 0.0000e+00
114 0.0000e+00 0.0000e+00 1.0241e-04 3.3590e-06 1.0241e-04 1.7028e-01 0.0000e+00
115 0.0000e+00 0.0000e+00 1.0209e-04 3.0469e-06 1.0209e-04 1.7038e-01 0.0000e+00
116 0.0000e+00 0.0000e+00 1.0178e-04 2.7645e-06 1.0178e-04 1.7048e-01 0.0000e+00
117 0.0000e+00 1.0200e-05 1.0146e-04 2.5090e-06 1.0146e-04 1.7057e-01 0.0000e+00
118 0.0000e+00 1.9800e-05 1.0115e-04 2.2776e-06 1.0115e-04 1.7067e-01 0.0000e+00
119 0.0000e+00 2.8000e-05 1.0084e-04 2.0674e-06 1.0084e-04 1.7077e-01 0.0000e+00
120 0.0000e+00 3.4200e-05 1.0053e-04 1.8778e-06 1.0053e-04 1.7087e-01 0.0000e+00
121 0.0000e+00 3.7900e-05 1.0022e-04 1.7059e-06 1.0022e-04 1.7097e-01 0.0000e+00
122 0.0000e+00 3.9500e-05 9.9911e-05 1.5502e-06 9.9911e-05 1.7107e-01 0.0000e+00
123 0.0000e+00 3.7900e-05 9.9604e-05 1.4090e-06 9.9604e-05 1.7117e-01 0.0000e+00
124 0.0000e+00 3.4200e-05 9.9299e-05 1.2810e-06 9.9299e-05 1.7126e-01 0.0000e+00
125 0.0000e+00 2.8000e-05 9.8995e-05 1.1649e-06 9.8995e-05 1.7136e-01 0.0000e+00
126 0.0000e+00 1.9800e-05 9.8693e-05 1.0595e-06 9.8693e-05 1.7146e-01 0.0000e+00
127 0.0000e+00 9.6000e-06 9.8392e-05 9.6393e-07 9.8392e-05 1.7156e-01 0.0000e+00
128 0.0000e+00 0.0000e+00 9.8093e-05 8.7714e-07 9.8093e-05 1.7165e-01 0.0000e+00
129 0.0000e+00 0.0000e+00 9.7796e-05 7.9835e-07 9.7796e-05 1.7175e-01 0.0000e+00
130 0.0000e+00 0.0000e+00 9.7500e-05 7.2679e-07 9.7500e-05 1.7185e-01 0.0000e+00
131 0.0000e+00 0.0000e+00 9.7205e-05 6.6101e-07 9.7205e-05 1.7194e-01 0.0000e+00
132 0.0000e+00 0.0000e+00 9.6913e-05 6.0206e-07 9.6913e-05 1.7204e-01 0.0000e+00
133 0.0000e+00 0.0000e+00 9.6621e-05 5.4849e-07 9.6621e-05 1.7214e-01 0.0000e+00
134 0.0000e+00 0.0000e+00 9.6332e-05 4.9978e-07 9.6332e-05 1.7223e-01 0.0000e+00
135 0.0000e+00 0.0000e+00 9.6044e-05 4.5549e-07 9.6044e-05 1.7233e-01 0.0000e+00
136 0.0000e+00 0.0000e+00 9.5757e-05 4.1521e-07 9.5757e-05 1.7242e-01 0.0000e+00
137 0.0000e+00 0.0000e+00 9.5472e-05 3.7857e-07 9.5472e-05 1.7252e-01 0.0000e+00
138 0.0000e+00 0.0000e+00 9.5189e-05 3.4522e-07 9.5189e-05 1.7261e-01 0.0000e+00
139 0.0000e+00 0.0000e+00 9.4907e-05 3.1488e-07 9.4907e-05 1.7271e-01 0.0000e+00
140 0.0000e+00 0.0000e+00 9.4627e-05 2.8726e-07 9.4627e-05 1.7280e-01 0.0000e+00
141 5.0000e-04 4.1400e-05 9.4349e-05 2.6211e-07 9.4349e-05 1.7290e-01 0.0000e+00
142 0.0000e+00 7.9900e-05 9.4072e-05 2.3920e-07 9.4072e-05 1.7299e-01 0.0000e+00
143 0.0000e+00 1.1300e-04 9.3796e-05 2.1736e-07 9.3796e-05 1.7308e-01 0.0000e+00
144 0.0000e+00 1.3840e-04 9.3522e-05 1.9849e-07 9.3522e-05 1.7318e-01 0.0000e+00
145 0.0000e+00 1.5310e-04 9.3250e-05 1.8128e-07 9.3250e-05 1.7327e-01 0.0000e+00
146 0.0000e+00 1.5990e-04 9.2979e-05 1.6559e-07 9.2979e-05 1.7336e-01 0.0000e+00
147 0.0000e+00 1.5310e-04 9.2710e-05 1.5129e-07 9.2710e-05 1.7346e-01 0.0000e+00
148 0.0000e+00 1.3840e-04 9.2442e-05 1.3824e-07 9.2442e-05 1.7355e-01 0.0000e+00
149 0.0000e+00 1.1300e-04 9.2176e-05 1.2634e-07 9.2176e-05 1.7364e-01 0.0000e+00
150 0.0000e+00 7.9900e-05 9.1911e-05 1.1548e-07 9.1911e-05 1.7373e-01 0.0000e+00
151 0.0000e+00 3.8700e-05 9.1648e-05 1.0558e-07 9.1648e-05 1.7382e-01 0.0000e+00
152 0.0000e+00 0.0000e+00 9.1386e-05 9.6539e-08 9.1386e-05 1.7391e-01 0.0000e+00
153 0.0000e+00 0.0000e+00 9.1126e-05 8.8287e-08 9.1126e-05 1.7401e-01 0.0000e+00
154 0.0000e+00 0.0000e+00 9.0867e-05 7.9032e-08 9.0867e-05 1.7410e-01 0.0000e+00
155 0.0000e+00 0.0000e+00 9.0609e-05 7.2350e-08 9.0609e-05 1.7419e-01 0.0000e+00
156 0.0000e+00 0.0000e+00 9.0353e-05 6.6241e-08 9.0353e-05 1.7428e-01 0.0000e+00
157 0.0000e+00 0.0000e+00 9.0099e-05 6.0657e-08 9.0099e-05 1.7437e-01 0.0000e+00
158 0.0000e+00 0.0000e+00 8.9846e-05 5.5551e-08 8.9846e-05 1.7446e-01 0.0000e+00
159 0.0000e+00 0.0000e+00 8.9594e-05 5.0881e-08 8.9594e-05 1.7455e-01 0.0000e+00
160 0.0000e+00 0.0000e+00 8.9343e-05 4.6610e-08 8.9343e-05 1.7464e-01 0.0000e+00
161 0.0000e+00 0.0000e+00 8.9094e-05 4.2704e-08 8.9094e-05 1.7472e-01 0.0000e+00
162 0.0000e+00 0.0000e+00 8.8847e-05 3.9130e-08 8.8847e-05 1.7481e-01 0.0000e+00
163 0.0000e+00 0.0000e+00 8.8601e-05 3.5860e-08 8.8601e-05 1.7490e-01 0.0000e+00
164 0.0000e+00 0.0000e+00 8.8356e-05 3.2867e-08 8.8356e-05 1.7499e-01 0.0000e+00
165 0.0000e+00 1.7800e-05 8.8112e-05 3.0128e-08 8.8112e-05 1.7508e-01 0.0000e+00
166 0.0000e+00 3.4400e-05 8.7870e-05 2.5729e-08 8.7870e-05 1.7517e-01 0.0000e+00
167 0.0000e+00 4.8600e-05 8.7629e-05 2.3628e-08 8.7629e-05 1.7525e-01 0.0000e+00
168 0.0000e+00 5.9500e-05 8.7390e-05 2.1700e-08 8.7390e-05 1.7534e-01 0.0000e+00
169 0.0000e+00 6.5900e-05 8.7151e-05 1.9932e-08 8.7151e-05 1.7543e-01 0.0000e+00
170 0.0000e+00 6.8800e-05 8.6914e-05 1.8310e-08 8.6914e-05 1.7552e-01 0.0000e+00
171 0.0000e+00 6.5900e-05 8.6679e-05 1.6821e-08 8.6679e-05 1.7560e-01 0.0000e+00
172 0.0000e+00 5.9500e-05 8.6444e-05 1.5455e-08 8.6444e-05 1.7569e-01 0.0000e+00
173 0.0000e+00 4.8600e-05 8.6211e-05 1.4201e-08 8.6211e-05 1.7577e-01 0.0000e+00
174 0.0000e+00 3.4400e-05 8.5979e-05 1.3050e-08 8.5979e-05 1.7586e-01 0.0000e+00
175 0.0000e+00 1.6600e-05 8.5748e-05 1.1993e-08 8.5748e-05 1.7595e-01 0.0000e+00
176 0.0000e+00 0.0000e+00 8.5519e-05 1.1023e-08 8.5519e-05 1.7603e-01 0.0000e+00
177 0.0000e+00 0.0000e+00 8.5291e-05 1.0133e-08 8.5291e-05 1.7612e-01 0.0000e+00
178 0.0000e+00 0.0000e+00 8.5064e-05 8.0092e-09 8.5064e-05 1.7620e-01 0.0000e+00
179 0.0000e+00 0.0000e+00 8.4838e-05 7.3800e-09 8.4838e-05 1.7629e-01 0.0000e+00
180 0.0000e+00 0.0000e+00 8.4613e-05 6.8006e-09 8.4613e-05 1.7637e-01 0.0000e+00
181 0.0000e+00 0.0000e+00 8.4390e-05 6.2671e-09 8.4390e-05 1.7646e-01 0.0000e+00
182 0.0000e+00 0.0000e+00 8.4168e-05 5.7758e-09 8.4168e-05 1.7654e-01 0.0000e+00
183 0.0000e+00 0.0000e+00 8.3947e-05 5.3234e-09 8.3947e-05 1.7662e-01 0.0000e+00
184 0.0000e+00 0.0000e+00 8.3727e-05 4.9067e-09 8.3727e-05 1.7671e-01 0.0000e+00
185 0.0000e+00 0.0000e+00 8.3508e-05 4.5230e-09 8.3508e-05 1.7679e-01 0.0000e+00
186 0.0000e+00 0.0000e+00 8.3290e-05 4.1695e-09 8.3290e-05 1.7687e-01 0.0000e+00
187 0.0000e+00 0.0000e+00 8.3074e-05 3.8438e-09 8.3074e-05 1.7696e-01 0.0000e+00
188 0.0000e+00 0.0000e+00 8.2858e-05 3.5439e-09 8.2858e-05 1.7704e-01 0.0000e+00
189 0.0000e+00 4.5600e-05 8.2644e-05 3.2675e-09 8.2644e-05 1.7712e-01 0.0000e+00
190 5.0000e-04 8.7900e-05 8.2431e-05 2.2688e-09 8.2431e-05 1.7721e-01 0.0000e+00
191 0.0000e+00 1.2440e-04 8.2219e-05 2.0978e-09 8.2219e-05 1.7729e-01 0.0000e+00
192 0.0000e+00 1.5230e-04 8.2008e-05 1.9397e-09 8.2008e-05 1.7737e-01 0.0000e+00
193 0.0000e+00 1.6850e-04 8.1798e-05 1.7936e-09 8.1798e-05 1.7745e-01 0.0000e+00
194 0.0000e+00 1.7590e-04 8.1589e-05 1.6586e-09 8.1589e-05 1.7753e-01 0.0000e+00
195 0.0000e+00 1.6850e-04 8.1382e-05 1.5338e-09 8.1382e-05 1.7761e-01 0.0000e+00
196 0.0000e+00 1.5230e-04 8.1175e-05 1.4185e-09 8.1175e-05 1.7770e-01 0.0000e+00
197 0.0000e+00 1.2440e-04 8.0969e-05 1.3119e-09 8.0969e-05 1.7778e-01 0.0000e+00
198 0.0000e+00 8.7900e-05 8.0765e-05 1.2134e-09 8.0765e-05 1.7786e-01 0.0000e+00
199 0.0000e+00 4.2600e-05 8.0561e-05 1.1223e-09 8.0561e-05 1.7794e-01 0.0000e+00
200 0.0000e+00 0.0000e+00 8.0358e-05 1.0380e-09 8.0358e-05 1.7802e-01 0.0000e+00
201 0.0000e+00 0.0000e+00 8.0157e-05 9.6020e-10 8.0157e-05 1.7810e-01 0.0000e+00
202 0.0000e+00 0.0000e+00 7.9956e-05 5.0836e-10 7.9956e-05 1.7818e-01 0.0000e+00
203 0.0000e+00 0.0000e+00 7.9757e-05 4.7175e-10 7.9757e-05 1.7826e-01 0.0000e+00
204 0.0000e+00 0.0000e+00 7.9558e-05 4.3780e-10 7.9558e-05 1.7834e-01 0.0000e+00
205 0.0000e+00 0.0000e+00 7.9361e-05 4.0629e-10 7.9361e-05 1.7842e-01 0.0000e+00
206 0.0000e+00 0.0000e+00 7.9164e-05 3.7707e-10 7.9164e-05 1.7850e-01 0.0000e+00
207 0.0000e+00 0.0000e+00 7.8969e-05 3.4995e-10 7.8969e-05 1.7858e-01 0.0000e+00
208 0.0000e+00 0.0000e+00 7.8774e-05 3.2480e-10 7.8774e-05 1.7865e-01 0.0000e+00
209 0.0000e+00 0.0000e+00 7.8580e-05 3.0146e-10 7.8580e-05 1.7873e-01 0.0000e+00
210 0.0000e+00 0.0000e+00 7.8388e-05 2.7981e-10 7.8388e-05 1.7881e-01 0.0000e+00
211 0.0000e+00 0.0000e+00 7.8196e-05 2.5972e-10 7.8196e-05 1.7889e-01 0.0000e+00
212 0.0000e+00 0.0000e+00 7.8005e-05 2.4107e-10 7.8005e-05 1.7897e-01 0.0000e+00
213 0.0000e+00 4.9000e-05 7.7815e-05 2.2378e-10 7.7815e-05 1.7904e-01 0.0000e+00
214 0.0000e+00 9.4600e-05 7.7626e-05 6.5792e-11 7.7626e-05 1.7912e-01 0.0000e+00
215 0.0000e+00 1.3380e-04 7.7438e-05 6.1285e-11 7.7438e-05 1.7920e-01 0.0000e+00
216 0.0000e+00 1.6380e-04 7.7251e-05 5.7087e-11 7.7251e-05 1.7928e-01 0.0000e+00
217 0.0000e+00 1.8130e-04 7.7065e-05 5.3178e-11 7.7065e-05 1.7935e-01 0.0000e+00
218 0.0000e+00 1.8920e-04 7.6879e-05 4.9538e-11 7.6879e-05 1.7943e-01 0.0000e+00
219 0.0000e+00 1.8130e-04 7.6695e-05 4.6147e-11 7.6695e-05 1.7951e-01 0.0000e+00
220 0.0000e+00 1.6380e-04 7.6511e-05 4.2990e-11 7.6511e-05 1.7958e-01 0.0000e+00
221 0.0000e+00 1.3380e-04 7.6328e-05 4.0049e-11 7.6328e-05 1.7966e-01 0.0000e+00
222 0.0000e+00 9.4600e-05 7.6146e-05 3.7311e-11 7.6146e-05 1.7974e-01 0.0000e+00
223 0.0000e+00 4.5800e-05 7.5966e-05 3.4760e-11 7.5966e-05 1.7981e-01 0.0000e+00
224 0.0000e+00 0.0000e+00 7.5785e-05 3.2384e-11 7.5785e-05 1.7989e-01 0.0000e+00
225 0.0000e+00 0.0000e+00 7.5606e-05 3.0171e-11 7.5606e-05 1.7996e-01 0.0000e+00
226 0.0000e+00 0.0000e+00 7.5428e-05 0.0000e+00 7.5428e-05 1.8004e-01 0.0000e+00
227 0.0000e+00 0.0000e+00 7.5250e-05 0.0000e+00 7.5250e-05 1.8011e-01 0.0000e+00
228 0.0000e+00 0.0000e+00 7.5073e-05 0.0000e+00 7.5073e-05 1.8019e-01 0.0000e+00
229 0.0000e+00 0.0000e+00 7.4897e-05 0.0000e+00 7.4897e-05 1.8026e-01 0.0000e+00
230 0.0000e+00 0.0000e+00 7.4722e-05 0.0000e+00 7.4722e-05 1.8034e-01 0.0000e+00
231 0.0000e+00 0.0000e+00 7.4548e-05 0.0000e+00 7.4548e-05 1.8041e-01 0.0000e+00
232 0.0000e+00 0.0000e+00 7.4375e-05 0.0000e+00 7.4375e-05 1.8049e-01 0.0000e+00
233 0.0000e+00 0.0000e+00 7.4202e-05 0.0000e+00 7.4202e-05 1.8056e-01 0.0000e+00
234 0.0000e+00 0.0000e+00 7.4030e-05 0.0000e+00 7.4030e-05 1.8064e-01 0.0000e+00
235 0.0000e+00 0.0000e+00 7.3859e-05 0.0000e+00 7.3859e-05 1.8071e-01 0.0000e+00
236 0.0000e+00 0.0000e+00 7.3689e-05 0.0000e+00 7.3689e-05 1.8078e-01 0.0000e+00
237 0.0000e+00 5.1700e-05 7.3519e-05 0.0000e+00 7.3519e-05 1.8086e-01 0.0000e+00
238 0.0000e+00 9.9800e-05 7.3351e-05 0.0000e+00 7.3351e-05 1.8093e-01 0.0000e+00
239 0.0000e+00 1.4120e-04 7.3183e-05 0.0000e+00 7.3183e-05 1.8100e-01 0.0000e+00
240 0.0000e+00 1.7290e-04 7.3015e-05 0.0000e+00 7.3015e-05 1.8108e-01 0.0000e+00
241 5.0000e-04 1.9130e-04 7.2849e-05 0.0000e+00 7.2849e-05 1.8115e-01 0.0000e+00
242 1.0000e-03 1.9970e-04 7.2683e-05 0.0000e+00 7.2683e-05 1.8122e-01 0.0000e+00
243 0.0000e+00 1.9130e-04 7.2518e-05 0.0000e+00 7.2518e-05 1.8130e-01 0.0000e+00
244 0.0000e+00 1.7290e-04 7.2354e-05 0.0000e+00 7.2354e-05 1.8137e-01 0.0000e+00
245 0.0000e+00 1.4120e-04 7.2191e-05 0.0000e+00 7.2191e-05 1.8144e-01 0.0000e+00
246 0.0000e+00 9.9800e-05 7.2028e-05 0.0000e+00 7.2028e-05 1.8151e-01 0.0000e+00
247 0.0000e+00 4.8300e-05 7.1866e-05 0.0000e+00 7.1866e-05 1.8158e-01 0.0000e+00
248 0.0000e+00 0.0000e+00 7.1705e-05 0.0000e+00 7.1705e-05 1.8166e-01 0.0000e+00
249 0.0000e+00 0.0000e+00 7.1545e-05 0.0000e+00 7.1545e-05 1.8173e-01 0.0000e+00
250 0.0000e+00 0.0000e+00 7.1385e-05 0.0000e+00 7.1385e-05 1.8180e-01 0.0000e+00
251 0.0000e+00 0.0000e+00 7.1226e-05 0.0000e+00 7.1226e-05 1.8187e-01 0.0000e+00
252 0.0000e+00 0.0000e+00 7.1067e-05 0.0000e+00 7.1067e-05 1.8194e-01 0.0000e+00
253 1.0000e-03 0.0000e+00 7.0910e-05 0.0000e+00 7.0910e-05 1.8201e-01 0.0000e+00
254 0.0000e+00 0.0000e+00 7.0753e-05 0.0000e+00 7.0753e-05 1.8208e-01 0.0000e+00
255 0.0000e+00 0.0000e+00 7.0596e-05 0.0000e+00 7.0596e-05 1.8215e-01 0.0000e+00
256 0.0000e+00 0.0000e+00 7.0441e-05 0.0000e+00 7.0441e-05 1.8222e-01 0.0000e+00
257 0.0000e+00 0.0000e+00 7.0286e-05 0.0000e+00 7.0286e-05 1.8229e-01 0.0000e+00
258 0.0000e+00 0.0000e+00 7.0132e-05 0.0000e+00 7.0132e-05 1.8236e-01 0.0000e+00
259 0.0000e+00 0.0000e+00 6.9978e-05 0.0000e+00 6.9978e-05 1.8243e-01 0.0000e+00
260 0.0000e+00 0.0000e+00 6.9825e-05 0.0000e+00 6.9825e-05 1.8250e-01 0.0000e+00
261 0.0000e+00 7.5200e-05 6.9673e-05 0.0000e+00 6.9673e-05 1.8257e-01 0.0000e+00
262 1.0000e-03 1.4510e-04 6.9522e-05 0.0000e+00 6.9522e-05 1.8264e-01 0.0000e+00
263 0.0000e+00 2.0520e-04 6.9371e-05 0.0000e+00 6.9371e-05 1.8271e-01 0.0000e+00
264 0.0000e+00 2.5130e-04 6.9221e-05 0.0000e+00 6.9221e-05 1.8278e-01 0.0000e+00
265 0.0000e+00 2.7800e-04 6.9071e-05 0.0000e+00 6.9071e-05 1.8285e-01 0.0000e+00
266 0.0000e+00 2.9030e-04 6.8922e-05 0.0000e+00 6.8922e-05 1.8292e-01 0.0000e+00
267 0.0000e+00 2.7800e-04 6.8774e-05 0.0000e+00 6.8774e-05 1.8299e-01 0.0000e+00
268 0.0000e+00 2.5130e-04 6.8626e-05 0.0000e+00 6.8626e-05 1.8306e-01 0.0000e+00
269 0.0000e+00 2.0520e-04 6.8479e-05 0.0000e+00 6.8479e-05 1.8313e-01 0.0000e+00
270 0.0000e+00 1.4510e-04 6.8333e-05 0.0000e+00 6.8333e-05 1.8319e-01 0.0000e+00
271 0.0000e+00 7.0200e-05 6.8187e-05 0.0000e+00 6.8187e-05 1.8326e-01 0.0000e+00
272 0.0000e+00 0.0000e+00 6.8042e-05 0.0000e+00 6.8042e-05 1.8333e-01 0.0000e+00
273 0.0000e+00 0.0000e+00 6.7897e-05 0.0000e+00 6.7897e-05 1.8340e-01 0.0000e+00
274 0.0000e+00 0.0000e+00 6.7753e-05 0.0000e+00 6.7753e-05 1.8347e-01 0.0000e+00
275 0.0000e+00 0.0000e+00 6.7610e-05 0.0000e+00 6.7610e-05 1.8353e-01 0.0000e+00
276 0.0000e+00 0.0000e+00 6.7467e-05 0.0000e+00 6.7467e-05 1.8360e-01 0.0000e+00
277 0.0000e+00 0.0000e+00 6.7325e-05 0.0000e+00 6.7325e-05 1.8367e-01 0.0000e+00
278 0.0000e+00 0.0000e+00 6.7184e-05 0.0000e+00 6.7184e-05 1.8374e-01 0.0000e+00
279 0.0000e+00 0.0000e+00 6.7043e-05 0.0000e+00 6.7043e-05 1.8380e-01 0.0000e+00
280 0.0000e+00 0.0000e+00 6.6903e-05 0.0000e+00 6.6903e-05 1.8387e-01 0.0000e+00
281 0.0000e+00 0.0000e+00 6.6763e-05 0.0000e+00 6.6763e-05 1.8394e-01 0.0000e+00
282 0.0000e+00 0.0000e+00 6.6624e-05 0.0000e+00 6.6624e-05 1.8400e-01 0.0000e+00
283 1.0000e-03 0.0000e+00 6.6485e-05 0.0000e+00 6.6485e-05 1.8407e-01 0.0000e+00
284 5.0000e-04 0.0000e+00 6.6347e-05 0.0000e+00 6.6347e-05 1.8414e-01 0.0000e+00
285 2.5000e-03 2.4400e-05 7.1001e-05 1.9442e-05 6.6210e-05 1.8418e-01 4.7915e-06
286 6.0000e-03 4.7000e-05 2.4454e-04 7.3910e-04 6.6113e-05 1.8351e-01 1.7842e-04
287 4.0000e-03 6.6500e-05 1.8555e-04 1.0688e-03 6.7518e-05 1.8251e-01 1.1803e-04
288 1.5000e-03 8.1400e-05 1.1247e-04 1.0675e-03 6.9664e-05 1.8151e-01 4.2802e-05
289 0.0000e+00 9.0100e-05 7.1871e-05 9.1575e-04 7.1871e-05 1.8067e-01 0.0000e+00
290 0.0000e+00 9.4000e-05 7.3791e-05 8.0082e-04 7.3791e-05 1.7994e-01 0.0000e+00
291 5.0000e-04 9.0100e-05 8.2503e-05 7.3346e-04 7.5487e-05 1.7928e-01 7.0158e-06
292 0.0000e+00 8.1400e-05 7.7055e-05 6.4453e-04 7.7055e-05 1.7871e-01 0.0000e+00
293 0.0000e+00 6.6500e-05 7.8434e-05 5.6976e-04 7.8434e-05 1.7822e-01 0.0000e+00
294 1.5000e-03 4.7000e-05 1.1734e-04 6.6464e-04 7.9647e-05 1.7764e-01 3.7693e-05
295 1.0000e-03 2.2800e-05 1.0957e-04 6.9446e-04 8.1117e-05 1.7702e-01 2.8455e-05
296 0.0000e+00 0.0000e+00 8.2686e-05 6.0052e-04 8.2686e-05 1.7651e-01 0.0000e+00
297 0.0000e+00 0.0000e+00 8.4035e-05 5.2912e-04 8.4035e-05 1.7606e-01 0.0000e+00
298 0.0000e+00 0.0000e+00 8.5212e-05 4.6811e-04 8.5212e-05 1.7568e-01 0.0000e+00
299 0.0000e+00 0.0000e+00 8.6238e-05 4.1518e-04 8.6238e-05 1.7535e-01 0.0000e+00
300 0.0000e+00 0.0000e+00 8.7129e-05 3.6889e-04 8.7129e-05 1.7507e-01 0.0000e+00
301 0.0000e+00 0.0000e+00 8.7900e-05 3.2820e-04 8.7900e-05 1.7483e-01 0.0000e+00
302 0.0000e+00 0.0000e+00 8.8562e-05 2.9234e-04 8.8562e-05 1.7462e-01 0.0000e+00
303 0.0000e+00 0.0000e+00 8.9128e-05 2.6066e-04 8.9128e-05 1.7445e-01 0.0000e+00
304 0.0000e+00 0.0000e+00 8.9607e-05 2.3261e-04 8.9607e-05 1.7431e-01 0.0000e+00
305 0.0000e+00 0.0000e+00 9.0009e-05 2.0775e-04 9.0009e-05 1.7419e-01 0.0000e+00
306 0.0000e+00 0.0000e+00 9.0340e-05 1.8569e-04 9.0340e-05 1.7410e-01 0.0000e+00
307 0.0000e+00 0.0000e+00 9.0610e-05 1.6608e-04 9.0610e-05 1.7402e-01 0.0000e+00
308 0.0000e+00 0.0000e+00 9.0824e-05 1.4864e-04 9.0824e-05 1.7396e-01 0.0000e+00
309 0.0000e+00 2.8800e-05 9.0988e-05 1.3312e-04 9.0988e-05 1.7392e-01 0.0000e+00
310 5.0000e-04 5.5500e-05 1.0450e-04 1.7808e-04 9.1108e-05 1.7383e-01 1.3389e-05
311 0.0000e+00 7.8500e-05 9.1356e-05 1.5193e-04 9.1356e-05 1.7377e-01 0.0000e+00
312 0.0000e+00 9.6200e-05 9.1529e-05 1.3419e-04 9.1529e-05 1.7373e-01 0.0000e+00
313 0.0000e+00 1.0640e-04 9.1651e-05 1.1918e-04 9.1651e-05 1.7370e-01 0.0000e+00
314 0.0000e+00 1.1110e-04 9.1730e-05 1.0614e-04 9.1730e-05 1.7369e-01 0.0000e+00
315 0.0000e+00 1.0640e-04 9.1771e-05 9.4712e-05 9.1771e-05 1.7369e-01 0.0000e+00
316 0.0000e+00 9.6200e-05 9.1780e-05 8.4631e-05 9.1780e-05 1.7369e-01 0.0000e+00
317 5.0000e-04 7.8500e-05 9.1759e-05 7.5711e-05 9.1759e-05 1.7371e-01 0.0000e+00
318 1.0000e-03 5.5500e-05 1.1485e-04 1.6961e-04 9.1713e-05 1.7363e-01 2.3141e-05
319 5.0000e-04 2.6900e-05 1.0521e-04 1.9698e-04 9.1937e-05 1.7353e-01 1.3272e-05
320 0.0000e+00 0.0000e+00 9.2239e-05 1.6527e-04 9.2239e-05 1.7345e-01 0.0000e+00
321 0.0000e+00 0.0000e+00 9.2450e-05 1.4402e-04 9.2450e-05 1.7340e-01 0.0000e+00
322 1.0000e-03 0.0000e+00 1.2165e-04 2.5471e-04 9.2599e-05 1.7324e-01 2.9055e-05
323 1.0000e-03 0.0000e+00 1.2293e-04 3.4145e-04 9.3069e-05 1.7299e-01 2.9859e-05
324 0.0000e+00 0.0000e+00 9.3794e-05 2.8283e-04 9.3794e-05 1.7280e-01 0.0000e+00
325 0.0000e+00 0.0000e+00 9.4350e-05 2.4533e-04 9.4350e-05 1.7265e-01 0.0000e+00
326 0.0000e+00 0.0000e+00 9.4796e-05 2.1472e-04 9.4796e-05 1.7253e-01 0.0000e+00
327 0.0000e+00 0.0000e+00 9.5152e-05 1.8884e-04 9.5152e-05 1.7244e-01 0.0000e+00
328 0.0000e+00 0.0000e+00 9.5431e-05 1.6661e-04 9.5431e-05 1.7237e-01 0.0000e+00
329 0.0000e+00 0.0000e+00 9.5644e-05 1.4737e-04 9.5644e-05 1.7231e-01 0.0000e+00
330 0.0000e+00 0.0000e+00 9.5798e-05 1.3061e-04 9.5798e-05 1.7228e-01 0.0000e+00
331 0.0000e+00 0.0000e+00 9.5903e-05 1.1595e-04 9.5903e-05 1.7226e-01 0.0000e+00
332 0.0000e+00 0.0000e+00 9.5963e-05 1.0309e-04 9.5963e-05 1.7225e-01 0.0000e+00
333 0.0000e+00 1.1200e-05 9.5984e-05 9.1769e-05 9.5984e-05 1.7226e-01 0.0000e+00
334 0.0000e+00 2.1600e-05 9.5972e-05 8.1787e-05 9.5972e-05 1.7227e-01 0.0000e+00
335 0.0000e+00 3.0600e-05 9.5929e-05 7.2966e-05 9.5929e-05 1.7229e-01 0.0000e+00
336 0.0000e+00 3.7400e-05 9.5860e-05 6.5157e-05 9.5860e-05 1.7232e-01 0.0000e+00
337 0.0000e+00 4.1400e-05 9.5768e-05 5.8235e-05 9.5768e-05 1.7236e-01 0.0000e+00
338 5.0000e-04 4.3200e-05 1.0634e-04 9.9674e-05 9.5656e-05 1.7236e-01 1.0688e-05
339 5.0000e-04 4.1400e-05 1.0931e-04 1.4342e-04 9.5668e-05 1.7231e-01 1.3639e-05
340 1.5000e-03 3.7400e-05 1.3936e-04 3.1243e-04 9.5811e-05 1.7209e-01 4.3552e-05
341 1.5000e-03 3.0600e-05 1.4013e-04 4.4520e-04 9.6462e-05 1.7174e-01 4.3671e-05
342 1.0000e-03 2.1600e-05 1.2646e-04 4.9321e-04 9.7519e-05 1.7135e-01 2.8945e-05
343 5.0000e-04 1.0500e-05 1.1302e-04 4.7627e-04 9.8732e-05 1.7097e-01 1.4284e-05
344 1.0000e-03 0.0000e+00 1.2945e-04 5.3892e-04 9.9904e-05 1.7053e-01 2.9545e-05
345 5.0000e-04 0.0000e+00 1.1621e-04 5.2156e-04 1.0128e-04 1.7011e-01 1.4929e-05
346 0.0000e+00 0.0000e+00 1.0262e-04 4.4603e-04 1.0262e-04 1.6977e-01 0.0000e+00
347 0.0000e+00 0.0000e+00 1.0373e-04 3.8937e-04 1.0373e-04 1.6948e-01 0.0000e+00
348 0.0000e+00 0.0000e+00 1.0466e-04 3.4161e-04 1.0466e-04 1.6925e-01 0.0000e+00
349 0.0000e+00 0.0000e+00 1.0544e-04 3.0065e-04 1.0544e-04 1.6905e-01 0.0000e+00
350 0.0000e+00 0.0000e+00 1.0608e-04 2.6522e-04 1.0608e-04 1.6889e-01 0.0000e+00
351 0.0000e+00 0.0000e+00 1.0661e-04 2.3443e-04 1.0661e-04 1.6876e-01 0.0000e+00
352 0.0000e+00 0.0000e+00 1.0704e-04 2.0755e-04 1.0704e-04 1.6866e-01 0.0000e+00
353 5.0000e-04 0.0000e+00 1.2230e-04 2.5285e-04 1.0738e-04 1.6852e-01 1.4929e-05
354 0.0000e+00 0.0000e+00 1.0786e-04 2.1430e-04 1.0786e-04 1.6841e-01 0.0000e+00
355 0.0000e+00 0.0000e+00 1.0822e-04 1.8851e-04 1.0822e-04 1.6833e-01 0.0000e+00
356 0.0000e+00 0.0000e+00 1.0850e-04 1.6651e-04 1.0850e-04 1.6827e-01 0.0000e+00
357 0.0000e+00 7.2300e-05 1.0869e-04 1.4743e-04 1.0869e-04 1.6823e-01 0.0000e+00
358 0.0000e+00 1.3960e-04 1.0882e-04 1.3079e-04 1.0882e-04 1.6821e-01 0.0000e+00
359 0.0000e+00 1.9750e-04 1.0890e-04 1.1619e-04 1.0890e-04 1.6820e-01 0.0000e+00
360 0.0000e+00 2.4180e-04 1.0892e-04 1.0336e-04 1.0892e-04 1.6821e-01 0.0000e+00
361 0.0000e+00 2.6750e-04 1.0891e-04 9.2042e-05 1.0891e-04 1.6823e-01 0.0000e+00
362 0.0000e+00 2.7930e-04 1.0885e-04 8.2046e-05 1.0885e-04 1.6825e-01 0.0000e+00
363 0.0000e+00 2.6750e-04 1.0876e-04 7.3200e-05 1.0876e-04 1.6829e-01 0.0000e+00
364 0.0000e+00 2.4180e-04 1.0864e-04 6.5362e-05 1.0864e-04 1.6833e-01 0.0000e+00
365 0.0000e+00 1.9750e-04 1.0849e-04 5.8407e-05 1.0849e-04 1.6838e-01 0.0000e+00
366 0.0000e+00 1.3960e-04 1.0832e-04 5.2229e-05 1.0832e-04 1.6844e-01 0.0000e+00
367 0.0000e+00 6.7600e-05 1.0813e-04 4.6736e-05 1.0813e-04 1.6850e-01 0.0000e+00
368 0.0000e+00 0.0000e+00 1.0792e-04 4.1847e-05 1.0792e-04 1.6857e-01 0.0000e+00
369 0.0000e+00 0.0000e+00 1.0770e-04 3.7492e-05 1.0770e-04 1.6864e-01 0.0000e+00
370 0.0000e+00 0.0000e+00 1.0746e-04 3.3609e-05 1.0746e-04 1.6871e-01 0.0000e+00
371 0.0000e+00 0.0000e+00 1.0722e-04 3.0145e-05 1.0722e-04 1.6879e-01 0.0000e+00
372 0.0000e+00 0.0000e+00 1.0696e-04 2.7053e-05 1.0696e-04 1.6887e-01 0.0000e+00
373 5.0000e-04 0.0000e+00 1.0669e-04 2.4290e-05 1.0669e-04 1.6895e-01 0.0000e+00
374 7.5000e-03 0.0000e+00 3.1363e-04 8.0899e-04 1.0642e-04 1.6825e-01 2.0721e-04
375 4.5000e-03 0.0000e+00 2.6644e-04 1.2269e-03 1.0878e-04 1.6713e-01 1.5766e-04
376 2.5000e-03 0.0000e+00 2.0210e-04 1.3329e-03 1.1265e-04 1.6591e-01 8.9456e-05
377 5.0000e-04 0.0000e+00 1.3664e-04 1.1828e-03 1.1703e-04 1.6484e-01 1.9617e-05
378 0.0000e+00 0.0000e+00 1.2099e-04 1.0179e-03 1.2099e-04 1.6395e-01 0.0000e+00
379 0.0000e+00 0.0000e+00 1.2443e-04 8.8449e-04 1.2443e-04 1.6319e-01 0.0000e+00
380 0.0000e+00 0.0000e+00 1.2742e-04 7.7170e-04 1.2742e-04 1.6254e-01 0.0000e+00
381 0.0000e+00 1.7400e-05 1.3001e-04 6.7536e-04 1.3001e-04 1.6200e-01 0.0000e+00
382 0.0000e+00 3.3600e-05 1.3224e-04 5.9244e-04 1.3224e-04 1.6154e-01 0.0000e+00
383 1.0000e-03 4.7500e-05 1.7139e-04 6.5089e-04 1.3416e-04 1.6102e-01 3.7234e-05
384 1.0000e-03 5.8200e-05 1.7372e-04 6.8993e-04 1.3634e-04 1.6047e-01 3.7371e-05
385 0.0000e+00 6.4300e-05 1.3872e-04 5.8996e-04 1.3872e-04 1.6001e-01 0.0000e+00
386 5.0000e-04 6.7200e-05 1.5551e-04 5.6720e-04 1.4069e-04 1.5959e-01 1.4814e-05
387 0.0000e+00 6.4300e-05 1.4258e-04 4.9118e-04 1.4258e-04 1.5924e-01 0.0000e+00
388 0.0000e+00 5.8200e-05 1.4414e-04 4.3014e-04 1.4414e-04 1.5895e-01 0.0000e+00
389 0.0000e+00 4.7500e-05 1.4544e-04 3.7784e-04 1.4544e-04 1.5872e-01 0.0000e+00
390 5.0000e-04 3.3600e-05 1.5682e-04 3.6959e-04 1.4650e-04 1.5850e-01 1.0327e-05
391 0.0000e+00 1.6300e-05 1.4752e-04 3.2138e-04 1.4752e-04 1.5832e-01 0.0000e+00
392 5.0000e-04 0.0000e+00 1.6599e-04 3.4602e-04 1.4833e-04 1.5813e-01 1.7660e-05
393 5.0000e-04 0.0000e+00 1.6886e-04 3.6781e-04 1.4925e-04 1.5791e-01 1.9617e-05
394 0.0000e+00 0.0000e+00 1.5027e-04 3.1384e-04 1.5027e-04 1.5774e-01 0.0000e+00
395 0.0000e+00 0.0000e+00 1.5104e-04 2.7383e-04 1.5104e-04 1.5762e-01 0.0000e+00
396 0.0000e+00 0.0000e+00 1.5162e-04 2.4010e-04 1.5162e-04 1.5753e-01 0.0000e+00
397 0.0000e+00 0.0000e+00 1.5204e-04 2.1117e-04 1.5204e-04 1.5747e-01 0.0000e+00
398 0.0000e+00 0.0000e+00 1.5232e-04 1.8613e-04 1.5232e-04 1.5744e-01 0.0000e+00
399 0.0000e+00 0.0000e+00 1.5248e-04 1.6434e-04 1.5248e-04 1.5743e-01 0.0000e+00
400 0.0000e+00 0.0000e+00 1.5254e-04 1.4531e-04 1.5254e-04 1.5744e-01 0.0000e+00
401 0.0000e+00 0.0000e+00 1.5250e-04 1.2863e-04 1.5250e-04 1.5746e-01 0.0000e+00
402 1.0000e-03 0.0000e+00 1.9162e-04 2.5610e-04 1.5239e-04 1.5736e-01 3.9234e-05
403 0.0000e+00 0.0000e+00 1.5288e-04 2.0828e-04 1.5288e-04 1.5730e-01 0.0000e+00
404 0.0000e+00 0.0000e+00 1.5315e-04 1.7950e-04 1.5315e-04 1.5727e-01 0.0000e+00
405 5.0000e-04 2.4600e-05 1.7289e-04 2.2737e-04 1.5327e-04 1.5720e-01 1.9617e-05
406 5.0000e-04 4.7400e-05 1.7228e-04 2.5799e-04 1.5363e-04 1.5710e-01 1.8652e-05
407 0.0000e+00 6.7100e-05 1.5413e-04 2.1590e-04 1.5413e-04 1.5703e-01 0.0000e+00
408 5.0000e-04 8.2200e-05 1.6956e-04 2.4155e-04 1.5443e-04 1.5695e-01 1.5127e-05
409 0.0000e+00 9.0900e-05 1.5485e-04 2.0380e-04 1.5485e-04 1.5690e-01 0.0000e+00
410 0.0000e+00 9.5000e-05 1.5509e-04 1.7665e-04 1.5509e-04 1.5688e-01 0.0000e+00
411 0.0000e+00 9.0900e-05 1.5519e-04 1.5406e-04 1.5519e-04 1.5688e-01 0.0000e+00
412 0.0000e+00 8.2200e-05 1.5519e-04 1.3488e-04 1.5519e-04 1.5690e-01 0.0000e+00
413 0.0000e+00 6.7100e-05 1.5509e-04 1.1841e-04 1.5509e-04 1.5693e-01 0.0000e+00
414 0.0000e+00 4.7400e-05 1.5491e-04 1.0419e-04 1.5491e-04 1.5699e-01 0.0000e+00
415 0.0000e+00 2.3000e-05 1.5467e-04 9.1845e-05 1.5467e-04 1.5705e-01 0.0000e+00
416 0.0000e+00 0.0000e+00 1.5436e-04 8.1092e-05 1.5436e-04 1.5712e-01 0.0000e+00
417 0.0000e+00 0.0000e+00 1.5401e-04 7.1698e-05 1.5401e-04 1.5720e-01 0.0000e+00
418 0.0000e+00 0.0000e+00 1.5361e-04 6.3471e-05 1.5361e-04 1.5729e-01 0.0000e+00
419 0.0000e+00 0.0000e+00 1.5318e-04 5.6253e-05 1.5318e-04 1.5739e-01 0.0000e+00
420 0.0000e+00 0.0000e+00 1.5272e-04 4.9907e-05 1.5272e-04 1.5749e-01 0.0000e+00
421 0.0000e+00 0.0000e+00 1.5223e-04 4.4320e-05 1.5223e-04 1.5760e-01 0.0000e+00
422 0.0000e+00 0.0000e+00 1.5172e-04 3.9393e-05 1.5172e-04 1.5771e-01 0.0000e+00
423 0.0000e+00 0.0000e+00 1.5118e-04 3.5044e-05 1.5118e-04 1.5783e-01 0.0000e+00
424 0.0000e+00 0.0000e+00 1.5064e-04 3.1199e-05 1.5064e-04 1.5795e-01 0.0000e+00
425 0.0000e+00 0.0000e+00 1.5008e-04 2.7797e-05 1.5008e-04 1.5807e-01 0.0000e+00
426 0.0000e+00 0.0000e+00 1.4950e-04 2.4784e-05 1.4950e-04 1.5820e-01 0.0000e+00
427 5.0000e-04 0.0000e+00 1.4892e-04 2.2113e-05 1.4892e-04 1.5832e-01 0.0000e+00
428 2.0000e-03 0.0000e+00 2.2383e-04 2.9107e-04 1.4833e-04 1.5818e-01 7.5494e-05
429 3.0000e-03 3.2600e-05 2.6670e-04 6.4651e-04 1.4900e-04 1.5768e-01 1.1770e-04
430 2.0000e-03 6.2900e-05 2.2852e-04 7.8859e-04 1.5133e-04 1.5705e-01 7.7190e-05
431 1.0000e-03 8.9000e-05 1.9114e-04 7.7666e-04 1.5437e-04 1.5642e-01 3.6766e-05
432 0.0000e+00 1.0900e-04 1.5741e-04 6.4875e-04 1.5741e-04 1.5593e-01 0.0000e+00
433 5.0000e-04 1.2060e-04 1.7170e-04 5.9939e-04 1.5984e-04 1.5549e-01 1.1856e-05
434 0.0000e+00 1.2590e-04 1.6205e-04 5.1269e-04 1.6205e-04 1.5514e-01 0.0000e+00
435 0.0000e+00 1.2060e-04 1.6384e-04 4.4379e-04 1.6384e-04 1.5486e-01 0.0000e+00
436 0.0000e+00 1.0900e-04 1.6528e-04 3.8580e-04 1.6528e-04 1.5464e-01 0.0000e+00
437 3.5000e-03 8.9000e-05 2.8513e-04 7.7773e-04 1.6642e-04 1.5403e-01 1.1871e-04
438 0.0000e+00 6.2900e-05 1.6963e-04 6.2395e-04 1.6963e-04 1.5358e-01 0.0000e+00
439 0.0000e+00 3.0500e-05 1.7205e-04 5.3325e-04 1.7205e-04 1.5321e-01 0.0000e+00
440 0.0000e+00 0.0000e+00 1.7401e-04 4.6057e-04 1.7401e-04 1.5293e-01 0.0000e+00
441 0.0000e+00 0.0000e+00 1.7557e-04 3.9992e-04 1.7557e-04 1.5270e-01 0.0000e+00
442 0.0000e+00 0.0000e+00 1.7681e-04 3.4845e-04 1.7681e-04 1.5253e-01 0.0000e+00
443 0.0000e+00 0.0000e+00 1.7776e-04 3.0438e-04 1.7776e-04 1.5241e-01 0.0000e+00
444 5.0000e-04 0.0000e+00 1.9093e-04 3.1385e-04 1.7846e-04 1.5227e-01 1.2469e-05
445 0.0000e+00 0.0000e+00 1.7922e-04 2.6842e-04 1.7922e-04 1.5218e-01 0.0000e+00
446 0.0000e+00 0.0000e+00 1.7972e-04 2.3419e-04 1.7972e-04 1.5213e-01 0.0000e+00
447 0.0000e+00 0.0000e+00 1.8003e-04 2.0509e-04 1.8003e-04 1.5210e-01 0.0000e+00
448 0.0000e+00 0.0000e+00 1.8017e-04 1.8002e-04 1.8017e-04 1.5210e-01 0.0000e+00
449 0.0000e+00 0.0000e+00 1.8017e-04 1.5829e-04 1.8017e-04 1.5212e-01 0.0000e+00
450 0.0000e+00 0.0000e+00 1.8004e-04 1.3938e-04 1.8004e-04 1.5216e-01 0.0000e+00
451 0.0000e+00 0.0000e+00 1.7982e-04 1.2290e-04 1.7982e-04 1.5222e-01 0.0000e+00
452 5.0000e-04 0.0000e+00 1.9911e-04 1.8319e-04 1.7950e-04 1.5222e-01 1.9617e-05
453 0.0000e+00 2.2400e-05 1.7952e-04 1.5045e-04 1.7952e-04 1.5225e-01 0.0000e+00
454 0.0000e+00 4.3300e-05 1.7935e-04 1.3021e-04 1.7935e-04 1.5230e-01 0.0000e+00
455 0.0000e+00 6.1200e-05 1.7908e-04 1.1360e-04 1.7908e-04 1.5236e-01 0.0000e+00
456 0.0000e+00 7.5000e-05 1.7871e-04 9.9500e-05 1.7871e-04 1.5244e-01 0.0000e+00
457 0.0000e+00 8.3000e-05 1.7827e-04 8.7394e-05 1.7827e-04 1.5253e-01 0.0000e+00
458 0.0000e+00 8.6600e-05 1.7776e-04 7.6927e-05 1.7776e-04 1.5263e-01 0.0000e+00
459 0.0000e+00 8.3000e-05 1.7721e-04 6.7834e-05 1.7721e-04 1.5274e-01 0.0000e+00
460 0.0000e+00 7.5000e-05 1.7660e-04 5.9906e-05 1.7660e-04 1.5286e-01 0.0000e+00
461 0.0000e+00 6.1200e-05 1.7596e-04 5.2974e-05 1.7596e-04 1.5298e-01 0.0000e+00
462 0.0000e+00 4.3300e-05 1.7528e-04 4.6900e-05 1.7528e-04 1.5311e-01 0.0000e+00
463 0.0000e+00 2.1000e-05 1.7458e-04 4.1566e-05 1.7458e-04 1.5324e-01 0.0000e+00
464 0.0000e+00 0.0000e+00 1.7386e-04 3.6875e-05 1.7386e-04 1.5338e-01 0.0000e+00
465 1.0000e-03 0.0000e+00 1.8680e-04 8.4257e-05 1.7311e-04 1.5347e-01 1.3686e-05
466 5.0000e-04 0.0000e+00 1.9225e-04 1.4077e-04 1.7263e-04 1.5350e-01 1.9617e-05
467 0.0000e+00 0.0000e+00 1.7246e-04 1.1175e-04 1.7246e-04 1.5356e-01 0.0000e+00
468 0.0000e+00 0.0000e+00 1.7214e-04 9.5016e-05 1.7214e-04 1.5364e-01 0.0000e+00
469 5.0000e-04 0.0000e+00 1.9134e-04 1.5547e-04 1.7172e-04 1.5365e-01 1.9617e-05
470 0.0000e+00 0.0000e+00 1.7163e-04 1.2526e-04 1.7163e-04 1.5370e-01 0.0000e+00
471 0.0000e+00 0.0000e+00 1.7139e-04 1.0699e-04 1.7139e-04 1.5376e-01 0.0000e+00
472 5.0000e-04 0.0000e+00 1.9066e-04 1.6592e-04 1.7104e-04 1.5377e-01 1.9617e-05
473 5.0000e-04 0.0000e+00 1.9063e-04 2.0806e-04 1.7101e-04 1.5373e-01 1.9617e-05
474 0.0000e+00 0.0000e+00 1.7121e-04 1.6947e-04 1.7121e-04 1.5373e-01 0.0000e+00
475 0.0000e+00 0.0000e+00 1.7120e-04 1.4478e-04 1.7120e-04 1.5376e-01 0.0000e+00
476 0.0000e+00 0.0000e+00 1.7106e-04 1.2491e-04 1.7106e-04 1.5381e-01 0.0000e+00
477 0.0000e+00 9.2000e-06 1.7081e-04 1.0837e-04 1.7081e-04 1.5387e-01 0.0000e+00
478 0.0000e+00 1.7800e-05 1.7048e-04 9.4385e-05 1.7048e-04 1.5395e-01 0.0000e+00
479 0.0000e+00 2.5200e-05 1.7008e-04 8.2453e-05 1.7008e-04 1.5403e-01 0.0000e+00
480 0.0000e+00 3.0900e-05 1.6961e-04 7.2209e-05 1.6961e-04 1.5413e-01 0.0000e+00
481 0.0000e+00 3.4200e-05 1.6910e-04 6.3371e-05 1.6910e-04 1.5424e-01 0.0000e+00
482 5.0000e-04 3.5700e-05 1.8356e-04 1.1177e-04 1.6854e-04 1.5429e-01 1.5019e-05
483 2.5000e-03 3.4200e-05 2.6492e-04 4.5121e-04 1.6824e-04 1.5401e-01 9.6685e-05
484 1.0000e-03 3.0900e-05 2.0763e-04 4.8739e-04 1.6973e-04 1.5369e-01 3.7892e-05
485 0.0000e+00 2.5200e-05 1.7143e-04 3.9614e-04 1.7143e-04 1.5347e-01 0.0000e+00
486 1.0000e-03 1.7800e-05 2.0967e-04 4.7576e-04 1.7264e-04 1.5316e-01 3.7034e-05
487 0.0000e+00 8.6000e-06 1.7428e-04 3.9204e-04 1.7428e-04 1.5295e-01 0.0000e+00
488 0.0000e+00 0.0000e+00 1.7547e-04 3.3562e-04 1.7547e-04 1.5279e-01 0.0000e+00
489 0.0000e+00 0.0000e+00 1.7635e-04 2.8965e-04 1.7635e-04 1.5267e-01 0.0000e+00
490 0.0000e+00 0.0000e+00 1.7697e-04 2.5116e-04 1.7697e-04 1.5260e-01 0.0000e+00
491 0.0000e+00 0.0000e+00 1.7739e-04 2.1854e-04 1.7739e-04 1.5256e-01 0.0000e+00
492 0.0000e+00 0.0000e+00 1.7761e-04 1.9067e-04 1.7761e-04 1.5255e-01 0.0000e+00
493 0.0000e+00 0.0000e+00 1.7769e-04 1.6674e-04 1.7769e-04 1.5256e-01 0.0000e+00
494 0.0000e+00 0.0000e+00 1.7763e-04 1.4609e-04 1.7763e-04 1.5259e-01 0.0000e+00
495 0.0000e+00 0.0000e+00 1.7745e-04 1.2822e-04 1.7745e-04 1.5264e-01 0.0000e+00
496 0.0000e+00 0.0000e+00 1.7718e-04 1.1271e-04 1.7718e-04 1.5270e-01 0.0000e+00
497 0.0000e+00 0.0000e+00 1.7682e-04 9.9208e-05 1.7682e-04 1.5278e-01 0.0000e+00
498 0.0000e+00 0.0000e+00 1.7639e-04 8.7435e-05 1.7639e-04 1.5287e-01 0.0000e+00
499 0.0000e+00 0.0000e+00 1.7590e-04 7.7148e-05 1.7590e-04 1.5297e-01 0.0000e+00
500 0.0000e+00 0.0000e+00 1.7536e-04 6.8144e-05 1.7536e-04 1.5307e-01 0.0000e+00
501 0.0000e+00 6.3800e-05 1.7477e-04 6.0251e-05 1.7477e-04 1.5319e-01 0.0000e+00
502 0.0000e+00 1.2310e-04 1.7415e-04 5.3322e-05 1.7415e-04 1.5331e-01 0.0000e+00
503 0.0000e+00 1.7420e-04 1.7349e-04 4.7233e-05 1.7349e-04 1.5344e-01 0.0000e+00
504 0.0000e+00 2.1330e-04 1.7281e-04 4.1874e-05 1.7281e-04 1.5357e-01 0.0000e+00
505 0.0000e+00 2.3600e-04 1.7210e-04 3.7154e-05 1.7210e-04 1.5370e-01 0.0000e+00
506 0.0000e+00 2.4640e-04 1.7138e-04 3.2990e-05 1.7138e-04 1.5384e-01 0.0000e+00
507 0.0000e+00 2.3600e-04 1.7064e-04 2.9315e-05 1.7064e-04 1.5398e-01 0.0000e+00
508 0.0000e+00 2.1330e-04 1.6989e-04 2.6068e-05 1.6989e-04 1.5412e-01 0.0000e+00
509 0.0000e+00 1.7420e-04 1.6913e-04 2.3196e-05 1.6913e-04 1.5427e-01 0.0000e+00
510 0.0000e+00 1.2310e-04 1.6836e-04 2.0654e-05 1.6836e-04 1.5442e-01 0.0000e+00
511 0.0000e+00 5.9600e-05 1.6758e-04 1.8403e-05 1.6758e-04 1.5457e-01 0.0000e+00
512 0.0000e+00 0.0000e+00 1.6680e-04 1.6406e-05 1.6680e-04 1.5472e-01 0.0000e+00
513 0.0000e+00 0.0000e+00 1.6602e-04 1.4635e-05 1.6602e-04 1.5487e-01 0.0000e+00
514 0.0000e+00 0.0000e+00 1.6524e-04 1.3063e-05 1.6524e-04 1.5502e-01 0.0000e+00
515 0.0000e+00 0.0000e+00 1.6445e-04 1.1667e-05 1.6445e-04 1.5517e-01 0.0000e+00
516 0.0000e+00 0.0000e+00 1.6367e-04 1.0425e-05 1.6367e-04 1.5533e-01 0.0000e+00
517 0.0000e+00 0.0000e+00 1.6289e-04 9.3203e-06 1.6289e-04 1.5548e-01 0.0000e+00
518 0.0000e+00 0.0000e+00 1.6211e-04 8.3371e-06 1.6211e-04 1.5564e-01 0.0000e+00
519 0.0000e+00 0.0000e+00 1.6133e-04 7.4613e-06 1.6133e-04 1.5579e-01 0.0000e+00
520 0.0000e+00 0.0000e+00 1.6056e-04 6.6808e-06 1.6056e-04 1.5594e-01 0.0000e+00
521 0.0000e+00 0.0000e+00 1.5979e-04 5.9848e-06 1.5979e-04 1.5610e-01 0.0000e+00
522 0.0000e+00 0.0000e+00 1.5902e-04 5.3631e-06 1.5902e-04 1.5625e-01 0.0000e+00
523 0.0000e+00 0.0000e+00 1.5826e-04 4.8090e-06 1.5826e-04 1.5640e-01 0.0000e+00
524 0.0000e+00 0.0000e+00 1.5750e-04 4.3140e-06 1.5750e-04 1.5656e-01 0.0000e+00
525 0.0000e+00 4.1700e-05 1.5675e-04 3.8717e-06 1.5675e-04 1.5671e-01 0.0000e+00
526 0.0000e+00 8.0400e-05 1.5600e-04 3.4762e-06 1.5600e-04 1.5686e-01 0.0000e+00
527 0.0000e+00 1.1380e-04 1.5526e-04 3.1224e-06 1.5526e-04 1.5701e-01 0.0000e+00
528 0.0000e+00 1.3930e-04 1.5452e-04 2.8058e-06 1.5452e-04 1.5717e-01 0.0000e+00
529 0.0000e+00 1.5420e-04 1.5379e-04 2.5223e-06 1.5379e-04 1.5732e-01 0.0000e+00
530 0.0000e+00 1.6090e-04 1.5307e-04 2.2684e-06 1.5307e-04 1.5747e-01 0.0000e+00
531 0.0000e+00 1.5420e-04 1.5235e-04 2.0408e-06 1.5235e-04 1.5762e-01 0.0000e+00
532 0.0000e+00 1.3930e-04 1.5163e-04 1.8368e-06 1.5163e-04 1.5777e-01 0.0000e+00
533 0.0000e+00 1.1380e-04 1.5093e-04 1.6530e-06 1.5093e-04 1.5792e-01 0.0000e+00
534 0.0000e+00 8.0400e-05 1.5022e-04 1.4889e-06 1.5022e-04 1.5807e-01 0.0000e+00
535 0.0000e+00 3.8900e-05 1.4953e-04 1.3416e-06 1.4953e-04 1.5821e-01 0.0000e+00
536 0.0000e+00 0.0000e+00 1.4884e-04 1.2092e-06 1.4884e-04 1.5836e-01 0.0000e+00
537 0.0000e+00 0.0000e+00 1.4815e-04 1.0904e-06 1.4815e-04 1.5851e-01 0.0000e+00
538 0.0000e+00 0.0000e+00 1.4747e-04 9.8350e-07 1.4747e-04 1.5866e-01 0.0000e+00
539 0.0000e+00 0.0000e+00 1.4680e-04 8.8740e-07 1.4680e-04 1.5880e-01 0.0000e+00
540 0.0000e+00 0.0000e+00 1.4613e-04 8.0097e-07 1.4613e-04 1.5895e-01 0.0000e+00
541 0.0000e+00 0.0000e+00 1.4547e-04 7.2319e-07 1.4547e-04 1.5909e-01 0.0000e+00
542 0.0000e+00 0.0000e+00 1.4481e-04 6.5317e-07 1.4481e-04 1.5924e-01 0.0000e+00
543 0.0000e+00 0.0000e+00 1.4416e-04 5.8918e-07 1.4416e-04 1.5938e-01 0.0000e+00
544 0.0000e+00 0.0000e+00 1.4352e-04 5.3253e-07 1.4352e-04 1.5952e-01 0.0000e+00
545 0.0000e+00 0.0000e+00 1.4288e-04 4.8148e-07 1.4288e-04 1.5966e-01 0.0000e+00
546 0.0000e+00 0.0000e+00 1.4224e-04 4.3545e-07 1.4224e-04 1.5981e-01 0.0000e+00
547 0.0000e+00 0.0000e+00 1.4161e-04 3.9393e-07 1.4161e-04 1.5995e-01 0.0000e+00
548 0.0000e+00 0.0000e+00 1.4099e-04 3.5647e-07 1.4099e-04 1.6009e-01 0.0000e+00
549 0.0000e+00 2.0700e-05 1.4037e-04 3.2267e-07 1.4037e-04 1.6023e-01 0.0000e+00
550 0.0000e+00 4.0000e-05 1.3976e-04 2.9216e-07 1.3976e-04 1.6037e-01 0.0000e+00
551 0.0000e+00 5.6600e-05 1.3915e-04 2.6460e-07 1.3915e-04 1.6051e-01 0.0000e+00
552 1.0000e-03 6.9300e-05 1.3855e-04 2.3971e-07 1.3855e-04 1.6065e-01 0.0000e+00
553 1.0000e-03 7.6600e-05 1.3795e-04 2.1722e-07 1.3795e-04 1.6078e-01 0.0000e+00
554 2.0000e-03 8.0000e-05 1.6608e-04 1.0127e-04 1.3736e-04 1.6082e-01 2.8723e-05
555 1.5000e-03 7.6600e-05 1.9292e-04 2.7326e-04 1.3720e-04 1.6068e-01 5.5713e-05
556 0.0000e+00 6.9300e-05 1.3779e-04 2.1481e-04 1.3779e-04 1.6061e-01 0.0000e+00
557 5.0000e-04 5.6600e-05 1.5202e-04 2.3063e-04 1.3812e-04 1.6051e-01 1.3897e-05
558 0.0000e+00 4.0000e-05 1.3852e-04 1.9303e-04 1.3852e-04 1.6046e-01 0.0000e+00
559 0.0000e+00 1.9400e-05 1.3876e-04 1.6588e-04 1.3876e-04 1.6043e-01 0.0000e+00
560 0.0000e+00 0.0000e+00 1.3887e-04 1.4358e-04 1.3887e-04 1.6043e-01 0.0000e+00
561 0.0000e+00 0.0000e+00 1.3889e-04 1.2489e-04 1.3889e-04 1.6044e-01 0.0000e+00
562 0.0000e+00 0.0000e+00 1.3883e-04 1.0904e-04 1.3883e-04 1.6047e-01 0.0000e+00
563 0.0000e+00 0.0000e+00 1.3870e-04 9.5466e-05 1.3870e-04 1.6051e-01 0.0000e+00
564 0.0000e+00 0.0000e+00 1.3852e-04 8.3782e-05 1.3852e-04 1.6057e-01 0.0000e+00
565 5.0000e-04 0.0000e+00 1.5335e-04 1.2680e-04 1.3828e-04 1.6058e-01 1.5069e-05
566 0.0000e+00 0.0000e+00 1.3823e-04 1.0542e-04 1.3823e-04 1.6061e-01 0.0000e+00
567 0.0000e+00 0.0000e+00 1.3809e-04 9.1350e-05 1.3809e-04 1.6066e-01 0.0000e+00
568 0.0000e+00 0.0000e+00 1.3789e-04 7.9703e-05 1.3789e-04 1.6072e-01 0.0000e+00
569 0.0000e+00 0.0000e+00 1.3764e-04 6.9842e-05 1.3764e-04 1.6079e-01 0.0000e+00
570 0.0000e+00 0.0000e+00 1.3735e-04 6.1387e-05 1.3735e-04 1.6086e-01 0.0000e+00
571 0.0000e+00 0.0000e+00 1.3702e-04 5.4080e-05 1.3702e-04 1.6094e-01 0.0000e+00
572 0.0000e+00 0.0000e+00 1.3666e-04 4.7733e-05 1.3666e-04 1.6103e-01 0.0000e+00
573 3.0000e-03 3.0500e-05 2.5399e-04 4.5552e-04 1.3629e-04 1.6071e-01 1.1770e-04
574 1.0000e-03 5.8900e-05 1.7569e-04 4.8778e-04 1.3765e-04 1.6036e-01 3.8038e-05
575 2.5000e-03 8.3300e-05 2.3494e-04 7.4075e-04 1.3917e-04 1.5976e-01 9.5775e-05
576 3.5000e-03 1.0200e-04 2.7586e-04 1.0795e-03 1.4181e-04 1.5883e-01 1.3405e-04
577 1.5000e-03 1.1290e-04 2.0087e-04 1.0782e-03 1.4602e-04 1.5789e-01 5.4850e-05
578 0.0000e+00 1.1780e-04 1.5034e-04 9.0481e-04 1.5034e-04 1.5714e-01 0.0000e+00
579 0.0000e+00 1.1290e-04 1.5393e-04 7.7771e-04 1.5393e-04 1.5651e-01 0.0000e+00
580 0.0000e+00 1.0200e-04 1.5696e-04 6.7308e-04 1.5696e-04 1.5600e-01 0.0000e+00
581 0.0000e+00 8.3300e-05 1.5951e-04 5.8507e-04 1.5951e-04 1.5557e-01 0.0000e+00
582 0.0000e+00 5.8900e-05 1.6164e-04 5.1012e-04 1.6164e-04 1.5522e-01 0.0000e+00
583 0.0000e+00 2.8500e-05 1.6341e-04 4.4581e-04 1.6341e-04 1.5494e-01 0.0000e+00
584 0.0000e+00 0.0000e+00 1.6486e-04 3.9037e-04 1.6486e-04 1.5472e-01 0.0000e+00
585 0.0000e+00 0.0000e+00 1.6603e-04 3.4239e-04 1.6603e-04 1.5454e-01 0.0000e+00
586 0.0000e+00 0.0000e+00 1.6695e-04 3.0075e-04 1.6695e-04 1.5441e-01 0.0000e+00
587 0.0000e+00 0.0000e+00 1.6765e-04 2.6452e-04 1.6765e-04 1.5431e-01 0.0000e+00
588 0.0000e+00 0.0000e+00 1.6815e-04 2.3294e-04 1.6815e-04 1.5424e-01 0.0000e+00
589 5.0000e-04 0.0000e+00 1.6849e-04 2.0535e-04 1.6849e-04 1.5421e-01 0.0000e+00
590 0.0000e+00 0.0000e+00 1.6869e-04 1.8122e-04 1.6869e-04 1.5420e-01 0.0000e+00
591 0.0000e+00 0.0000e+00 1.6876e-04 1.6008e-04 1.6876e-04 1.5420e-01 0.0000e+00
592 5.0000e-04 0.0000e+00 1.8389e-04 1.9820e-04 1.6871e-04 1.5417e-01 1.5179e-05
593 0.0000e+00 0.0000e+00 1.6886e-04 1.6722e-04 1.6886e-04 1.5418e-01 0.0000e+00
594 1.0000e-03 0.0000e+00 2.0809e-04 2.9242e-04 1.6886e-04 1.5405e-01 3.9234e-05
595 0.0000e+00 0.0000e+00 1.6951e-04 2.3665e-04 1.6951e-04 1.5399e-01 0.0000e+00
596 0.0000e+00 0.0000e+00 1.6987e-04 2.0322e-04 1.6987e-04 1.5395e-01 0.0000e+00
597 0.0000e+00 6.2600e-05 1.7004e-04 1.7630e-04 1.7004e-04 1.5395e-01 0.0000e+00
598 0.0000e+00 1.2080e-04 1.7008e-04 1.5376e-04 1.7008e-04 1.5396e-01 0.0000e+00
599 0.0000e+00 1.7090e-04 1.6999e-04 1.3457e-04 1.6999e-04 1.5400e-01 0.0000e+00
600 0.0000e+00 2.0930e-04 1.6980e-04 1.1808e-04 1.6980e-04 1.5405e-01 0.0000e+00
601 0.0000e+00 2.3150e-04 1.6953e-04 1.0384e-04 1.6953e-04 1.5412e-01 0.0000e+00
602 0.0000e+00 2.4180e-04 1.6918e-04 9.1483e-05 1.6918e-04 1.5419e-01 0.0000e+00
603 0.0000e+00 2.3150e-04 1.6877e-04 8.0720e-05 1.6877e-04 1.5428e-01 0.0000e+00
604 0.0000e+00 2.0930e-04 1.6831e-04 7.1320e-05 1.6831e-04 1.5438e-01 0.0000e+00
605 0.0000e+00 1.7090e-04 1.6780e-04 6.3093e-05 1.6780e-04 1.5448e-01 0.0000e+00
606 0.0000e+00 1.2080e-04 1.6725e-04 5.5876e-05 1.6725e-04 1.5459e-01 0.0000e+00
607 0.0000e+00 5.8500e-05 1.6667e-04 4.9536e-05 1.6667e-04 1.5471e-01 0.0000e+00
608 0.0000e+00 0.0000e+00 1.6606e-04 4.3956e-05 1.6606e-04 1.5483e-01 0.0000e+00
609 0.0000e+00 0.0000e+00 1.6543e-04 3.9040e-05 1.6543e-04 1.5496e-01 0.0000e+00
610 0.0000e+00 0.0000e+00 1.6477e-04 3.4701e-05 1.6477e-04 1.5509e-01 0.0000e+00
611 0.0000e+00 0.0000e+00 1.6411e-04 3.0869e-05 1.6411e-04 1.5522e-01 0.0000e+00
612 0.0000e+00 0.0000e+00 1.6342e-04 2.7481e-05 1.6342e-04 1.5536e-01 0.0000e+00
613 0.0000e+00 0.0000e+00 1.6273e-04 2.4482e-05 1.6273e-04 1.5550e-01 0.0000e+00
614 0.0000e+00 0.0000e+00 1.6203e-04 2.1825e-05 1.6203e-04 1.5564e-01 0.0000e+00
615 0.0000e+00 0.0000e+00 1.6132e-04 1.9469e-05 1.6132e-04 1.5578e-01 0.0000e+00
616 0.0000e+00 0.0000e+00 1.6061e-04 1.7378e-05 1.6061e-04 1.5592e-01 0.0000e+00
617 0.0000e+00 0.0000e+00 1.5989e-04 1.5521e-05 1.5989e-04 1.5607e-01 0.0000e+00
618 0.0000e+00 0.0000e+00 1.5917e-04 1.3871e-05 1.5917e-04 1.5621e-01 0.0000e+00
619 0.0000e+00 0.0000e+00 1.5845e-04 1.2402e-05 1.5845e-04 1.5636e-01 0.0000e+00
620 0.0000e+00 0.0000e+00 1.5773e-04 1.1095e-05 1.5773e-04 1.5650e-01 0.0000e+00
621 0.0000e+00 1.4200e-05 1.5701e-04 9.9318e-06 1.5701e-04 1.5665e-01 0.0000e+00
622 0.0000e+00 2.7500e-05 1.5629e-04 8.8948e-06 1.5629e-04 1.5680e-01 0.0000e+00
623 0.0000e+00 3.8900e-05 1.5557e-04 7.9700e-06 1.5557e-04 1.5695e-01 0.0000e+00
624 1.0000e-03 4.7600e-05 1.5485e-04 7.1448e-06 1.5485e-04 1.5709e-01 0.0000e+00
625 1.0000e-03 5.2700e-05 1.5717e-04 1.7430e-05 1.5414e-04 1.5723e-01 3.0334e-06
626 3.0000e-03 5.5000e-05 2.6912e-04 4.3369e-04 1.5348e-04 1.5695e-01 1.1564e-04
627 2.0000e-03 5.2700e-05 2.3114e-04 6.0609e-04 1.5483e-04 1.5650e-01 7.6311e-05
628 1.5000e-03 4.7600e-05 2.1381e-04 6.9256e-04 1.5703e-04 1.5596e-01 5.6784e-05
629 3.5000e-03 3.8900e-05 2.9513e-04 1.0645e-03 1.5968e-04 1.5506e-01 1.3545e-04
630 4.0000e-03 2.7500e-05 3.1967e-04 1.4347e-03 1.6426e-04 1.5379e-01 1.5541e-04
631 5.0000e-03 1.3300e-05 3.6601e-04 1.8978e-03 1.7091e-04 1.5206e-01 1.9509e-04
632 0.0000e+00 0.0000e+00 1.8039e-04 1.5468e-03 1.8039e-04 1.5070e-01 0.0000e+00
633 0.0000e+00 0.0000e+00 1.8826e-04 1.3197e-03 1.8826e-04 1.4956e-01 0.0000e+00
634 1.0000e-03 0.0000e+00 2.3375e-04 1.2877e-03 1.9503e-04 1.4847e-01 3.8712e-05
635 2.5000e-03 0.0000e+00 3.1313e-04 1.4660e-03 2.0181e-04 1.4721e-01 1.1132e-04
636 3.5000e-03 0.0000e+00 3.7900e-04 1.7399e-03 2.0994e-04 1.4568e-01 1.6906e-04
637 3.0000e-03 0.0000e+00 3.6513e-04 1.8985e-03 2.2022e-04 1.4400e-01 1.4491e-04
638 0.0000e+00 0.0000e+00 2.3208e-04 1.5884e-03 2.3208e-04 1.4264e-01 0.0000e+00
639 5.0000e-04 0.0000e+00 2.6628e-04 1.4381e-03 2.4213e-04 1.4145e-01 2.4152e-05
640 0.0000e+00 0.0000e+00 2.5135e-04 1.2297e-03 2.5135e-04 1.4047e-01 0.0000e+00
641 5.0000e-04 0.0000e+00 2.8331e-04 1.1383e-03 2.5915e-04 1.3959e-01 2.4152e-05
642 0.0000e+00 0.0000e+00 2.6637e-04 9.7442e-04 2.6637e-04 1.3888e-01 0.0000e+00
643 5.0000e-04 0.0000e+00 2.9648e-04 9.2117e-04 2.7233e-04 1.3823e-01 2.4152e-05
644 0.0000e+00 0.0000e+00 2.7791e-04 7.8717e-04 2.7791e-04 1.3772e-01 0.0000e+00
645 0.0000e+00 1.6900e-05 2.8237e-04 6.8015e-04 2.8237e-04 1.3733e-01 0.0000e+00
646 0.0000e+00 3.2600e-05 2.8590e-04 5.8932e-04 2.8590e-04 1.3702e-01 0.0000e+00
647 0.0000e+00 4.6100e-05 2.8862e-04 5.1160e-04 2.8862e-04 1.3680e-01 0.0000e+00
648 0.0000e+00 5.6400e-05 2.9064e-04 4.4481e-04 2.9064e-04 1.3664e-01 0.0000e+00
649 0.0000e+00 6.2400e-05 2.9205e-04 3.8725e-04 2.9205e-04 1.3655e-01 0.0000e+00
650 0.0000e+00 6.5200e-05 2.9292e-04 3.3754e-04 2.9292e-04 1.3650e-01 0.0000e+00
651 0.0000e+00 6.2400e-05 2.9332e-04 2.9455e-04 2.9332e-04 1.3650e-01 0.0000e+00
652 0.0000e+00 5.6400e-05 2.9334e-04 2.5731e-04 2.9334e-04 1.3654e-01 0.0000e+00
653 0.0000e+00 4.6100e-05 2.9301e-04 2.2501e-04 2.9301e-04 1.3661e-01 0.0000e+00
654 0.0000e+00 3.2600e-05 2.9238e-04 1.9696e-04 2.9238e-04 1.3670e-01 0.0000e+00
655 0.0000e+00 1.5800e-05 2.9151e-04 1.7258e-04 2.9151e-04 1.3682e-01 0.0000e+00
656 0.0000e+00 0.0000e+00 2.9043e-04 1.5136e-04 2.9043e-04 1.3696e-01 0.0000e+00
657 0.0000e+00 0.0000e+00 2.8917e-04 1.3287e-04 2.8917e-04 1.3712e-01 0.0000e+00
658 0.0000e+00 0.0000e+00 2.8776e-04 1.1674e-04 2.8776e-04 1.3729e-01 0.0000e+00
659 0.0000e+00 0.0000e+00 2.8623e-04 1.0266e-04 2.8623e-04 1.3747e-01 0.0000e+00
660 0.0000e+00 0.0000e+00 2.8459e-04 9.0357e-05 2.8459e-04 1.3767e-01 0.0000e+00
661 0.0000e+00 0.0000e+00 2.8287e-04 7.9594e-05 2.8287e-04 1.3787e-01 0.0000e+00
662 0.0000e+00 0.0000e+00 2.8108e-04 7.0171e-05 2.8108e-04 1.3808e-01 0.0000e+00
663 0.0000e+00 0.0000e+00 2.7923e-04 6.1912e-05 2.7923e-04 1.3830e-01 0.0000e+00
664 0.0000e+00 0.0000e+00 2.7734e-04 5.4668e-05 2.7734e-04 1.3852e-01 0.0000e+00
665 0.0000e+00 0.0000e+00 2.7542e-04 4.8308e-05 2.7542e-04 1.3875e-01 0.0000e+00
666 5.0000e-04 0.0000e+00 2.7392e-04 4.4197e-05 2.7347e-04 1.3898e-01 4.4780e-07
667 0.0000e+00 0.0000e+00 2.7152e-04 3.8875e-05 2.7152e-04 1.3921e-01 0.0000e+00
668 5.0000e-04 0.0000e+00 2.9370e-04 1.1365e-04 2.6955e-04 1.3937e-01 2.4152e-05
669 5.0000e-04 1.5300e-05 2.9239e-04 1.6715e-04 2.6824e-04 1.3947e-01 2.4152e-05
670 0.0000e+00 2.9500e-05 2.6740e-04 1.3157e-04 2.6740e-04 1.3960e-01 0.0000e+00
671 1.0000e-03 4.1700e-05 3.1240e-04 2.6114e-04 2.6626e-04 1.3961e-01 4.6140e-05
672 0.0000e+00 5.1100e-05 2.6622e-04 2.0367e-04 2.6622e-04 1.3967e-01 0.0000e+00
673 0.0000e+00 5.6500e-05 2.6570e-04 1.7028e-04 2.6570e-04 1.3977e-01 0.0000e+00
674 0.0000e+00 5.9000e-05 2.6491e-04 1.4433e-04 2.6491e-04 1.3989e-01 0.0000e+00
675 5.0000e-04 5.6500e-05 2.7802e-04 1.6934e-04 2.6391e-04 1.3998e-01 1.4106e-05
676 5.0000e-04 5.1100e-05 2.8456e-04 2.0935e-04 2.6313e-04 1.4003e-01 2.1422e-05
677 0.0000e+00 4.1700e-05 2.6269e-04 1.6991e-04 2.6269e-04 1.4013e-01 0.0000e+00
678 0.0000e+00 2.9500e-05 2.6193e-04 1.4389e-04 2.6193e-04 1.4025e-01 0.0000e+00
679 1.0000e-03 1.4300e-05 3.0337e-04 2.6083e-04 2.6097e-04 1.4025e-01 4.2400e-05
680 1.0000e-03 0.0000e+00 3.0858e-04 3.6137e-04 2.6097e-04 1.4014e-01 4.7612e-05
681 0.0000e+00 0.0000e+00 2.6179e-04 2.8742e-04 2.6179e-04 1.4012e-01 0.0000e+00
682 0.0000e+00 0.0000e+00 2.6200e-04 2.4128e-04 2.6200e-04 1.4014e-01 0.0000e+00
683 0.0000e+00 0.0000e+00 2.6183e-04 2.0497e-04 2.6183e-04 1.4020e-01 0.0000e+00
684 0.0000e+00 0.0000e+00 2.6136e-04 1.7541e-04 2.6136e-04 1.4028e-01 0.0000e+00
685 0.0000e+00 0.0000e+00 2.6066e-04 1.5086e-04 2.6066e-04 1.4039e-01 0.0000e+00
686 0.0000e+00 0.0000e+00 2.5977e-04 1.3024e-04 2.5977e-04 1.4052e-01 0.0000e+00
687 0.0000e+00 0.0000e+00 2.5872e-04 1.1277e-04 2.5872e-04 1.4067e-01 0.0000e+00
688 0.0000e+00 0.0000e+00 2.5754e-04 9.7899e-05 2.5754e-04 1.4083e-01 0.0000e+00
689 0.0000e+00 0.0000e+00 2.5626e-04 8.5174e-05 2.5626e-04 1.4100e-01 0.0000e+00
690 0.0000e+00 0.0000e+00 2.5489e-04 7.4247e-05 2.5489e-04 1.4118e-01 0.0000e+00
691 0.0000e+00 0.0000e+00 2.5346e-04 6.4834e-05 2.5346e-04 1.4137e-01 0.0000e+00
692 0.0000e+00 0.0000e+00 2.5197e-04 5.6703e-05 2.5197e-04 1.4156e-01 0.0000e+00
693 0.0000e+00 5.6100e-05 2.5044e-04 4.9663e-05 2.5044e-04 1.4176e-01 0.0000e+00
694 0.0000e+00 1.0830e-04 2.4887e-04 4.3556e-05 2.4887e-04 1.4197e-01 0.0000e+00
695 0.0000e+00 1.5320e-04 2.4728e-04 3.8246e-05 2.4728e-04 1.4218e-01 0.0000e+00
696 0.0000e+00 1.8770e-04 2.4567e-04 3.3623e-05 2.4567e-04 1.4239e-01 0.0000e+00
697 0.0000e+00 2.0760e-04 2.4405e-04 2.9591e-05 2.4405e-04 1.4260e-01 0.0000e+00
698 0.0000e+00 2.1680e-04 2.4242e-04 2.6070e-05 2.4242e-04 1.4282e-01 0.0000e+00
699 0.0000e+00 2.0760e-04 2.4078e-04 2.2989e-05 2.4078e-04 1.4304e-01 0.0000e+00
700 5.0000e-04 1.8770e-04 2.3915e-04 2.0293e-05 2.3915e-04 1.4326e-01 0.0000e+00
701 0.0000e+00 1.5320e-04 2.3752e-04 1.7928e-05 2.3752e-04 1.4348e-01 0.0000e+00
702 0.0000e+00 1.0830e-04 2.3589e-04 1.5853e-05 2.3589e-04 1.4370e-01 0.0000e+00
703 0.0000e+00 5.2400e-05 2.3428e-04 1.4030e-05 2.3428e-04 1.4392e-01 0.0000e+00
704 0.0000e+00 0.0000e+00 2.3267e-04 1.2426e-05 2.3267e-04 1.4414e-01 0.0000e+00
705 0.0000e+00 0.0000e+00 2.3108e-04 1.1014e-05 2.3108e-04 1.4436e-01 0.0000e+00
706 0.0000e+00 0.0000e+00 2.2949e-04 9.7691e-06 2.2949e-04 1.4458e-01 0.0000e+00
707 0.0000e+00 0.0000e+00 2.2792e-04 8.6715e-06 2.2792e-04 1.4480e-01 0.0000e+00
708 0.0000e+00 0.0000e+00 2.2636e-04 7.7026e-06 2.2636e-04 1.4502e-01 0.0000e+00
709 0.0000e+00 0.0000e+00 2.2482e-04 6.8457e-06 2.2482e-04 1.4523e-01 0.0000e+00
710 0.0000e+00 0.0000e+00 2.2330e-04 6.0890e-06 2.2330e-04 1.4545e-01 0.0000e+00
711 0.0000e+00 0.0000e+00 2.2179e-04 5.4193e-06 2.2179e-04 1.4567e-01 0.0000e+00
712 0.0000e+00 0.0000e+00 2.2029e-04 4.8263e-06 2.2029e-04 1.4588e-01 0.0000e+00
713 0.0000e+00 0.0000e+00 2.1881e-04 4.3007e-06 2.1881e-04 1.4610e-01 0.0000e+00
714 0.0000e+00 0.0000e+00 2.1735e-04 3.8346e-06 2.1735e-04 1.4631e-01 0.0000e+00
715 0.0000e+00 0.0000e+00 2.1591e-04 3.4210e-06 2.1591e-04 1.4652e-01 0.0000e+00
716 0.0000e+00 0.0000e+00 2.1448e-04 3.0536e-06 2.1448e-04 1.4673e-01 0.0000e+00
717 0.0000e+00 8.5600e-05 2.1307e-04 2.7273e-06 2.1307e-04 1.4694e-01 0.0000e+00
718 0.0000e+00 1.6520e-04 2.1167e-04 2.4370e-06 2.1167e-04 1.4715e-01 0.0000e+00
719 0.0000e+00 2.3380e-04 2.1029e-04 2.1779e-06 2.1029e-04 1.4736e-01 0.0000e+00
720 0.0000e+00 2.8620e-04 2.0893e-04 1.9483e-06 2.0893e-04 1.4757e-01 0.0000e+00
721 0.0000e+00 3.1670e-04 2.0758e-04 1.7437e-06 2.0758e-04 1.4778e-01 0.0000e+00
722 0.0000e+00 3.3060e-04 2.0625e-04 1.5613e-06 2.0625e-04 1.4798e-01 0.0000e+00
723 0.0000e+00 3.1670e-04 2.0493e-04 1.3987e-06 2.0493e-04 1.4818e-01 0.0000e+00
724 0.0000e+00 2.8620e-04 2.0363e-04 1.2536e-06 2.0363e-04 1.4839e-01 0.0000e+00
725 0.0000e+00 2.3380e-04 2.0235e-04 1.1241e-06 2.0235e-04 1.4859e-01 0.0000e+00
726 0.0000e+00 1.6520e-04 2.0108e-04 1.0084e-06 2.0108e-04 1.4879e-01 0.0000e+00
727 0.0000e+00 8.0000e-05 1.9983e-04 9.0497e-07 1.9983e-04 1.4899e-01 0.0000e+00
728 0.0000e+00 0.0000e+00 1.9859e-04 8.1253e-07 1.9859e-04 1.4918e-01 0.0000e+00
729 0.0000e+00 0.0000e+00 1.9737e-04 7.2983e-07 1.9737e-04 1.4938e-01 0.0000e+00
730 0.0000e+00 0.0000e+00 1.9616e-04 6.5496e-07 1.9616e-04 1.4958e-01 0.0000e+00
731 0.0000e+00 0.0000e+00 1.9496e-04 5.8885e-07 1.9496e-04 1.4977e-01 0.0000e+00
732 0.0000e+00 0.0000e+00 1.9378e-04 5.2962e-07 1.9378e-04 1.4996e-01 0.0000e+00
733 0.0000e+00 0.0000e+00 1.9262e-04 4.7653e-07 1.9262e-04 1.5016e-01 0.0000e+00
734 0.0000e+00 0.0000e+00 1.9146e-04 4.2892e-07 1.9146e-04 1.5035e-01 0.0000e+00
735 0.0000e+00 0.0000e+00 1.9032e-04 3.8621e-07 1.9032e-04 1.5054e-01 0.0000e+00
736 0.0000e+00 0.0000e+00 1.8920e-04 3.4789e-07 1.8920e-04 1.5073e-01 0.0000e+00
737 0.0000e+00 0.0000e+00 1.8808e-04 3.1348e-07 1.8808e-04 1.5091e-01 0.0000e+00
738 0.0000e+00 0.0000e+00 1.8698e-04 2.8257e-07 1.8698e-04 1.5110e-01 0.0000e+00
739 0.0000e+00 0.0000e+00 1.8590e-04 2.5480e-07 1.8590e-04 1.5129e-01 0.0000e+00
740 0.0000e+00 0.0000e+00 1.8482e-04 2.2865e-07 1.8482e-04 1.5147e-01 0.0000e+00
741 0.0000e+00 7.4700e-05 1.8376e-04 2.0638e-07 1.8376e-04 1.5165e-01 0.0000e+00
742 0.0000e+00 1.4410e-04 1.8271e-04 1.8634e-07 1.8271e-04 1.5184e-01 0.0000e+00
743 0.0000e+00 2.0380e-04 1.8167e-04 1.6830e-07 1.8167e-04 1.5202e-01 0.0000e+00
744 0.0000e+00 2.4960e-04 1.8064e-04 1.5205e-07 1.8064e-04 1.5220e-01 0.0000e+00
745 0.0000e+00 2.7610e-04 1.7962e-04 1.3741e-07 1.7962e-04 1.5238e-01 0.0000e+00
746 0.0000e+00 2.8830e-04 1.7862e-04 1.2422e-07 1.7862e-04 1.5256e-01 0.0000e+00
747 0.0000e+00 2.7610e-04 1.7762e-04 1.1233e-07 1.7762e-04 1.5273e-01 0.0000e+00
748 0.0000e+00 2.4960e-04 1.7664e-04 1.0161e-07 1.7664e-04 1.5291e-01 0.0000e+00
749 0.0000e+00 2.0380e-04 1.7567e-04 9.1936e-08 1.7567e-04 1.5309e-01 0.0000e+00
750 0.0000e+00 1.4410e-04 1.7471e-04 8.1227e-08 1.7471e-04 1.5326e-01 0.0000e+00
751 0.0000e+00 6.9800e-05 1.7376e-04 7.3606e-08 1.7376e-04 1.5343e-01 0.0000e+00
752 0.0000e+00 0.0000e+00 1.7282e-04 6.6716e-08 1.7282e-04 1.5361e-01 0.0000e+00
753 0.0000e+00 0.0000e+00 1.7189e-04 6.0486e-08 1.7189e-04 1.5378e-01 0.0000e+00
754 0.0000e+00 0.0000e+00 1.7097e-04 5.4850e-08 1.7097e-04 1.5395e-01 0.0000e+00
755 0.0000e+00 0.0000e+00 1.7006e-04 4.9752e-08 1.7006e-04 1.5412e-01 0.0000e+00
756 0.0000e+00 0.0000e+00 1.6916e-04 4.5137e-08 1.6916e-04 1.5429e-01 0.0000e+00
757 0.0000e+00 0.0000e+00 1.6826e-04 4.0961e-08 1.6826e-04 1.5446e-01 0.0000e+00
758 0.0000e+00 0.0000e+00 1.6738e-04 3.7179e-08 1.6738e-04 1.5462e-01 0.0000e+00
759 0.0000e+00 0.0000e+00 1.6651e-04 3.3754e-08 1.6651e-04 1.5479e-01 0.0000e+00
760 0.0000e+00 0.0000e+00 1.6564e-04 3.0651e-08 1.6564e-04 1.5496e-01 0.0000e+00
761 0.0000e+00 0.0000e+00 1.6479e-04 2.5788e-08 1.6479e-04 1.5512e-01 0.0000e+00
762 0.0000e+00 0.0000e+00 1.6394e-04 2.3475e-08 1.6394e-04 1.5529e-01 0.0000e+00
763 0.0000e+00 0.0000e+00 1.6311e-04 2.1374e-08 1.6311e-04 1.5545e-01 0.0000e+00
764 0.0000e+00 0.0000e+00 1.6228e-04 1.9464e-08 1.6228e-04 1.5561e-01 0.0000e+00
765 0.0000e+00 9.6700e-05 1.6146e-04 1.7728e-08 1.6146e-04 1.5577e-01 0.0000e+00
766 0.0000e+00 1.8660e-04 1.6064e-04 1.6149e-08 1.6064e-04 1.5593e-01 0.0000e+00
767 0.0000e+00 2.6400e-04 1.5984e-04 1.4713e-08 1.5984e-04 1.5609e-01 0.0000e+00
768 0.0000e+00 3.2330e-04 1.5904e-04 1.3407e-08 1.5904e-04 1.5625e-01 0.0000e+00
769 0.0000e+00 3.5770e-04 1.5825e-04 1.2219e-08 1.5825e-04 1.5641e-01 0.0000e+00
770 0.0000e+00 3.7350e-04 1.5747e-04 1.1138e-08 1.5747e-04 1.5657e-01 0.0000e+00
771 0.0000e+00 3.5770e-04 1.5670e-04 8.6398e-09 1.5670e-04 1.5672e-01 0.0000e+00
772 0.0000e+00 3.2330e-04 1.5593e-04 7.9002e-09 1.5593e-04 1.5688e-01 0.0000e+00
773 0.0000e+00 2.6400e-04 1.5518e-04 7.2248e-09 1.5518e-04 1.5703e-01 0.0000e+00
774 0.0000e+00 1.8660e-04 1.5443e-04 6.6079e-09 1.5443e-04 1.5719e-01 0.0000e+00
775 0.0000e+00 9.0400e-05 1.5368e-04 6.0444e-09 1.5368e-04 1.5734e-01 0.0000e+00
776 0.0000e+00 0.0000e+00 1.5295e-04 5.5295e-09 1.5295e-04 1.5750e-01 0.0000e+00
777 0.0000e+00 0.0000e+00 1.5222e-04 5.0591e-09 1.5222e-04 1.5765e-01 0.0000e+00
778 0.0000e+00 0.0000e+00 1.5149e-04 4.6292e-09 1.5149e-04 1.5780e-01 0.0000e+00
779 0.0000e+00 0.0000e+00 1.5078e-04 4.2363e-09 1.5078e-04 1.5795e-01 0.0000e+00
780 0.0000e+00 0.0000e+00 1.5007e-04 3.8771e-09 1.5007e-04 1.5810e-01 0.0000e+00
781 0.0000e+00 0.0000e+00 1.4937e-04 3.5489e-09 1.4937e-04 1.5825e-01 0.0000e+00
782 0.0000e+00 0.0000e+00 1.4867e-04 2.4171e-09 1.4867e-04 1.5840e-01 0.0000e+00
783 0.0000e+00 0.0000e+00 1.4798e-04 2.2201e-09 1.4798e-04 1.5855e-01 0.0000e+00
784 0.0000e+00 0.0000e+00 1.4730e-04 2.0394e-09 1.4730e-04 1.5869e-01 0.0000e+00
785 0.0000e+00 0.0000e+00 1.4662e-04 1.8735e-09 1.4662e-04 1.5884e-01 0.0000e+00
786 0.0000e+00 0.0000e+00 1.4595e-04 1.7212e-09 1.4595e-04 1.5899e-01 0.0000e+00
787 0.0000e+00 0.0000e+00 1.4529e-04 1.5815e-09 1.4529e-04 1.5913e-01 0.0000e+00
788 0.0000e+00 0.0000e+00 1.4463e-04 1.4531e-09 1.4463e-04 1.5928e-01 0.0000e+00
789 0.0000e+00 1.2590e-04 1.4398e-04 1.3354e-09 1.4398e-04 1.5942e-01 0.0000e+00
790 0.0000e+00 2.4290e-04 1.4333e-04 1.2272e-09 1.4333e-04 1.5956e-01 0.0000e+00
791 0.0000e+00 3.4370e-04 1.4269e-04 1.1279e-09 1.4269e-04 1.5971e-01 0.0000e+00
792 0.0000e+00 4.2090e-04 1.4206e-04 1.0367e-09 1.4206e-04 1.5985e-01 0.0000e+00
793 0.0000e+00 4.6560e-04 1.4143e-04 5.3816e-10 1.4143e-04 1.5999e-01 0.0000e+00
794 0.0000e+00 4.8620e-04 1.4081e-04 4.9656e-10 1.4081e-04 1.6013e-01 0.0000e+00
795 0.0000e+00 4.6560e-04 1.4019e-04 4.5820e-10 1.4019e-04 1.6027e-01 0.0000e+00
796 0.0000e+00 4.2090e-04 1.3957e-04 4.2283e-10 1.3957e-04 1.6041e-01 0.0000e+00
797 0.0000e+00 3.4370e-04 1.3897e-04 3.9020e-10 1.3897e-04 1.6055e-01 0.0000e+00
798 0.0000e+00 2.4290e-04 1.3836e-04 3.6012e-10 1.3836e-04 1.6069e-01 0.0000e+00
799 0.0000e+00 1.1760e-04 1.3777e-04 3.3237e-10 1.3777e-04 1.6083e-01 0.0000e+00
800 0.0000e+00 0.0000e+00 1.3718e-04 3.0678e-10 1.3718e-04 1.6096e-01 0.0000e+00
801 0.0000e+00 0.0000e+00 1.3659e-04 2.8317e-10 1.3659e-04 1.6110e-01 0.0000e+00
802 0.0000e+00 0.0000e+00 1.3601e-04 2.6139e-10 1.3601e-04 1.6124e-01 0.0000e+00
803 0.0000e+00 0.0000e+00 1.3543e-04 2.4130e-10 1.3543e-04 1.6137e-01 0.0000e+00
804 0.0000e+00 0.0000e+00 1.3486e-04 6.9593e-11 1.3486e-04 1.6151e-01 0.0000e+00
805 0.0000e+00 0.0000e+00 1.3429e-04 6.4506e-11 1.3429e-04 1.6164e-01 0.0000e+00
806 0.0000e+00 0.0000e+00 1.3373e-04 5.9792e-11 1.3373e-04 1.6177e-01 0.0000e+00
807 0.0000e+00 0.0000e+00 1.3317e-04 5.5426e-11 1.3317e-04 1.6191e-01 0.0000e+00
808 0.0000e+00 0.0000e+00 1.3262e-04 5.1380e-11 1.3262e-04 1.6204e-01 0.0000e+00
809 0.0000e+00 0.0000e+00 1.3207e-04 4.7632e-11 1.3207e-04 1.6217e-01 0.0000e+00
810 0.0000e+00 0.0000e+00 1.3153e-04 4.4159e-11 1.3153e-04 1.6230e-01 0.0000e+00
811 0.0000e+00 0.0000e+00 1.3099e-04 4.0940e-11 1.3099e-04 1.6243e-01 0.0000e+00
812 0.0000e+00 0.0000e+00 1.3045e-04 3.7958e-11 1.3045e-04 1.6256e-01 0.0000e+00
813 0.0000e+00 3.0400e-05 1.2992e-04 3.5195e-11 1.2992e-04 1.6269e-01 0.0000e+00
814 0.0000e+00 5.8700e-05 1.2939e-04 3.2633e-11 1.2939e-04 1.6282e-01 0.0000e+00
815 0.0000e+00 8.3100e-05 1.2887e-04 0.0000e+00 1.2887e-04 1.6295e-01 0.0000e+00
816 0.0000e+00 1.0180e-04 1.2835e-04 0.0000e+00 1.2835e-04 1.6308e-01 0.0000e+00
817 0.0000e+00 1.1260e-04 1.2784e-04 0.0000e+00 1.2784e-04 1.6321e-01 0.0000e+00
818 0.0000e+00 1.1760e-04 1.2733e-04 0.0000e+00 1.2733e-04 1.6334e-01 0.0000e+00
819 0.0000e+00 1.1260e-04 1.2682e-04 0.0000e+00 1.2682e-04 1.6346e-01 0.0000e+00
820 0.0000e+00 1.0180e-04 1.2632e-04 0.0000e+00 1.2632e-04 1.6359e-01 0.0000e+00
821 0.0000e+00 8.3100e-05 1.2583e-04 0.0000e+00 1.2583e-04 1.6371e-01 0.0000e+00
822 0.0000e+00 5.8700e-05 1.2533e-04 0.0000e+00 1.2533e-04 1.6384e-01 0.0000e+00
823 0.0000e+00 2.8400e-05 1.2484e-04 0.0000e+00 1.2484e-04 1.6397e-01 0.0000e+00
824 0.0000e+00 0.0000e+00 1.2436e-04 0.0000e+00 1.2436e-04 1.6409e-01 0.0000e+00
825 0.0000e+00 0.0000e+00 1.2387e-04 0.0000e+00 1.2387e-04 1.6421e-01 0.0000e+00
826 0.0000e+00 0.0000e+00 1.2339e-04 0.0000e+00 1.2339e-04 1.6434e-01 0.0000e+00
827 0.0000e+00 0.0000e+00 1.2292e-04 0.0000e+00 1.2292e-04 1.6446e-01 0.0000e+00
828 0.0000e+00 0.0000e+00 1.2245e-04 0.0000e+00 1.2245e-04 1.6458e-01 0.0000e+00
829 0.0000e+00 0.0000e+00 1.2198e-04 0.0000e+00 1.2198e-04 1.6470e-01 0.0000e+00
830 0.0000e+00 0.0000e+00 1.2152e-04 0.0000e+00 1.2152e-04 1.6483e-01 0.0000e+00
831 0.0000e+00 0.0000e+00 1.2106e-04 0.0000e+00 1.2106e-04 1.6495e-01 0.0000e+00
832 0.0000e+00 0.0000e+00 1.2060e-04 0.0000e+00 1.2060e-04 1.6507e-01 0.0000e+00
833 0.0000e+00 0.0000e+00 1.2015e-04 0.0000e+00 1.2015e-04 1.6519e-01 0.0000e+00
834 0.0000e+00 0.0000e+00 1.1970e-04 0.0000e+00 1.1970e-04 1.6531e-01 0.0000e+00
835 0.0000e+00 0.0000e+00 1.1925e-04 0.0000e+00 1.1925e-04 1.6543e-01 0.0000e+00
836 0.0000e+00 0.0000e+00 1.1880e-04 0.0000e+00 1.1880e-04 1.6555e-01 0.0000e+00
837 0.0000e+00 6.6100e-05 1.1836e-04 0.0000e+00 1.1836e-04 1.6566e-01 0.0000e+00
838 0.0000e+00 1.2750e-04 1.1793e-04 0.0000e+00 1.1793e-04 1.6578e-01 0.0000e+00
839 0.0000e+00 1.8040e-04 1.1749e-04 0.0000e+00 1.1749e-04 1.6590e-01 0.0000e+00
840 0.0000e+00 2.2090e-04 1.1706e-04 0.0000e+00 1.1706e-04 1.6602e-01 0.0000e+00
841 0.0000e+00 2.4430e-04 1.1664e-04 0.0000e+00 1.1664e-04 1.6613e-01 0.0000e+00
842 0.0000e+00 2.5510e-04 1.1621e-04 0.0000e+00 1.1621e-04 1.6625e-01 0.0000e+00
843 0.0000e+00 2.4430e-04 1.1579e-04 0.0000e+00 1.1579e-04 1.6636e-01 0.0000e+00
844 0.0000e+00 2.2090e-04 1.1537e-04 0.0000e+00 1.1537e-04 1.6648e-01 0.0000e+00
845 0.0000e+00 1.8040e-04 1.1496e-04 0.0000e+00 1.1496e-04 1.6659e-01 0.0000e+00
846 0.0000e+00 1.2750e-04 1.1454e-04 0.0000e+00 1.1454e-04 1.6671e-01 0.0000e+00
847 0.0000e+00 6.1700e-05 1.1414e-04 0.0000e+00 1.1414e-04 1.6682e-01 0.0000e+00
848 0.0000e+00 0.0000e+00 1.1373e-04 0.0000e+00 1.1373e-04 1.6694e-01 0.0000e+00
849 0.0000e+00 0.0000e+00 1.1333e-04 0.0000e+00 1.1333e-04 1.6705e-01 0.0000e+00
850 0.0000e+00 0.0000e+00 1.1292e-04 0.0000e+00 1.1292e-04 1.6716e-01 0.0000e+00
851 0.0000e+00 0.0000e+00 1.1253e-04 0.0000e+00 1.1253e-04 1.6728e-01 0.0000e+00
852 0.0000e+00 0.0000e+00 1.1213e-04 0.0000e+00 1.1213e-04 1.6739e-01 0.0000e+00
853 0.0000e+00 0.0000e+00 1.1174e-04 0.0000e+00 1.1174e-04 1.6750e-01 0.0000e+00
854 0.0000e+00 0.0000e+00 1.1135e-04 0.0000e+00 1.1135e-04 1.6761e-01 0.0000e+00
855 0.0000e+00 0.0000e+00 1.1096e-04 0.0000e+00 1.1096e-04 1.6772e-01 0.0000e+00
856 0.0000e+00 0.0000e+00 1.1058e-04 0.0000e+00 1.1058e-04 1.6783e-01 0.0000e+00
857 0.0000e+00 0.0000e+00 1.1020e-04 0.0000e+00 1.1020e-04 1.6794e-01 0.0000e+00
858 0.0000e+00 0.0000e+00 1.0982e-04 0.0000e+00 1.0982e-04 1.6805e-01 0.0000e+00
859 0.0000e+00 0.0000e+00 1.0944e-04 0.0000e+00 1.0944e-04 1.6816e-01 0.0000e+00
860 0.0000e+00 0.0000e+00 1.0907e-04 0.0000e+00 1.0907e-04 1.6827e-01 0.0000e+00
861 0.0000e+00 9.7600e-05 1.0870e-04 0.0000e+00 1.0870e-04 1.6838e-01 0.0000e+00
862 0.0000e+00 1.8830e-04 1.0833e-04 0.0000e+00 1.0833e-04 1.6849e-01 0.0000e+00
863 0.0000e+00 2.6650e-04 1.0796e-04 0.0000e+00 1.0796e-04 1.6860e-01 0.0000e+00
864 0.0000e+00 3.2630e-04 1.0760e-04 0.0000e+00 1.0760e-04 1.6870e-01 0.0000e+00
865 0.0000e+00 3.6100e-04 1.0724e-04 0.0000e+00 1.0724e-04 1.6881e-01 0.0000e+00
866 0.0000e+00 3.7690e-04 1.0688e-04 0.0000e+00 1.0688e-04 1.6892e-01 0.0000e+00
867 0.0000e+00 3.6100e-04 1.0652e-04 0.0000e+00 1.0652e-04 1.6902e-01 0.0000e+00
868 0.0000e+00 3.2630e-04 1.0617e-04 0.0000e+00 1.0617e-04 1.6913e-01 0.0000e+00
869 0.0000e+00 2.6650e-04 1.0582e-04 0.0000e+00 1.0582e-04 1.6924e-01 0.0000e+00
870 0.0000e+00 1.8830e-04 1.0547e-04 0.0000e+00 1.0547e-04 1.6934e-01 0.0000e+00
871 0.0000e+00 9.1200e-05 1.0512e-04 0.0000e+00 1.0512e-04 1.6945e-01 0.0000e+00
872 0.0000e+00 0.0000e+00 1.0478e-04 0.0000e+00 1.0478e-04 1.6955e-01 0.0000e+00
873 0.0000e+00 0.0000e+00 1.0443e-04 0.0000e+00 1.0443e-04 1.6966e-01 0.0000e+00
874 0.0000e+00 0.0000e+00 1.0409e-04 0.0000e+00 1.0409e-04 1.6976e-01 0.0000e+00
875 0.0000e+00 0.0000e+00 1.0376e-04 0.0000e+00 1.0376e-04 1.6986e-01 0.0000e+00
876 0.0000e+00 0.0000e+00 1.0342e-04 0.0000e+00 1.0342e-04 1.6997e-01 0.0000e+00
877 0.0000e+00 0.0000e+00 1.0309e-04 0.0000e+00 1.0309e-04 1.7007e-01 0.0000e+00
878 0.0000e+00 0.0000e+00 1.0275e-04 0.0000e+00 1.0275e-04 1.7017e-01 0.0000e+00
879 0.0000e+00 0.0000e+00 1.0242e-04 0.0000e+00 1.0242e-04 1.7028e-01 0.0000e+00
880 0.0000e+00 0.0000e+00 1.0210e-04 0.0000e+00 1.0210e-04 1.7038e-01 0.0000e+00
881 0.0000e+00 0.0000e+00 1.0177e-04 0.0000e+00 1.0177e-04 1.7048e-01 0.0000e+00
882 0.0000e+00 0.0000e+00 1.0145e-04 0.0000e+00 1.0145e-04 1.7058e-01 0.0000e+00
883 0.0000e+00 0.0000e+00 1.0113e-04 0.0000e+00 1.0113e-04 1.7068e-01 0.0000e+00
884 0.0000e+00 0.0000e+00 1.0081e-04 0.0000e+00 1.0081e-04 1.7078e-01 0.0000e+00
885 0.0000e+00 6.4300e-05 1.0049e-04 0.0000e+00 1.0049e-04 1.7088e-01 0.0000e+00
886 0.0000e+00 1.2410e-04 1.0018e-04 0.0000e+00 1.0018e-04 1.7098e-01 0.0000e+00
887 0.0000e+00 1.7560e-04 9.9864e-05 0.0000e+00 9.9864e-05 1.7108e-01 0.0000e+00
888 0.0000e+00 2.1500e-04 9.9553e-05 0.0000e+00 9.9553e-05 1.7118e-01 0.0000e+00
889 0.0000e+00 2.3790e-04 9.9243e-05 0.0000e+00 9.9243e-05 1.7128e-01 0.0000e+00
890 0.0000e+00 2.4840e-04 9.8936e-05 0.0000e+00 9.8936e-05 1.7138e-01 0.0000e+00
891 0.0000e+00 2.3790e-04 9.8631e-05 0.0000e+00 9.8631e-05 1.7148e-01 0.0000e+00
892 0.0000e+00 2.1500e-04 9.8327e-05 0.0000e+00 9.8327e-05 1.7158e-01 0.0000e+00
893 0.0000e+00 1.7560e-04 9.8025e-05 0.0000e+00 9.8025e-05 1.7168e-01 0.0000e+00
894 0.0000e+00 1.2410e-04 9.7726e-05 0.0000e+00 9.7726e-05 1.7177e-01 0.0000e+00
895 0.0000e+00 6.0100e-05 9.7428e-05 0.0000e+00 9.7428e-05 1.7187e-01 0.0000e+00
896 0.0000e+00 0.0000e+00 9.7131e-05 0.0000e+00 9.7131e-05 1.7197e-01 0.0000e+00
897 0.0000e+00 0.0000e+00 9.6837e-05 0.0000e+00 9.6837e-05 1.7207e-01 0.0000e+00
898 0.0000e+00 0.0000e+00 9.6544e-05 0.0000e+00 9.6544e-05 1.7216e-01 0.0000e+00
899 0.0000e+00 0.0000e+00 9.6254e-05 0.0000e+00 9.6254e-05 1.7226e-01 0.0000e+00
900 0.0000e+00 0.0000e+00 9.5965e-05 0.0000e+00 9.5965e-05 1.7235e-01 0.0000e+00
901 0.0000e+00 0.0000e+00 9.5677e-05 0.0000e+00 9.5677e-05 1.7245e-01 0.0000e+00
902 0.0000e+00 0.0000e+00 9.5392e-05 0.0000e+00 9.5392e-05 1.7255e-01 0.0000e+00
903 0.0000e+00 0.0000e+00 9.5108e-05 0.0000e+00 9.5108e-05 1.7264e-01 0.0000e+00
904 0.0000e+00 0.0000e+00 9.4825e-05 0.0000e+00 9.4825e-05 1.7274e-01 0.0000e+00
905 0.0000e+00 0.0000e+00 9.4545e-05 0.0000e+00 9.4545e-05 1.7283e-01 0.0000e+00
906 0.0000e+00 0.0000e+00 9.4266e-05 0.0000e+00 9.4266e-05 1.7292e-01 0.0000e+00
907 0.0000e+00 0.0000e+00 9.3989e-05 0.0000e+00 9.3989e-05 1.7302e-01 0.0000e+00
908 0.0000e+00 0.0000e+00 9.3713e-05 0.0000e+00 9.3713e-05 1.7311e-01 0.0000e+00
909 0.0000e+00 8.0200e-05 9.3439e-05 0.0000e+00 9.3439e-05 1.7321e-01 0.0000e+00
910 0.0000e+00 1.5480e-04 9.3166e-05 0.0000e+00 9.3166e-05 1.7330e-01 0.0000e+00
911 0.0000e+00 2.1910e-04 9.2896e-05 0.0000e+00 9.2896e-05 1.7339e-01 0.0000e+00
912 0.0000e+00 2.6830e-04 9.2626e-05 0.0000e+00 9.2626e-05 1.7348e-01 0.0000e+00
913 0.0000e+00 2.9680e-04 9.2359e-05 0.0000e+00 9.2359e-05 1.7358e-01 0.0000e+00
914 0.0000e+00 3.0990e-04 9.2092e-05 0.0000e+00 9.2092e-05 1.7367e-01 0.0000e+00
915 0.0000e+00 2.9680e-04 9.1828e-05 0.0000e+00 9.1828e-05 1.7376e-01 0.0000e+00
916 0.0000e+00 2.6830e-04 9.1565e-05 0.0000e+00 9.1565e-05 1.7385e-01 0.0000e+00
917 0.0000e+00 2.1910e-04 9.1303e-05 0.0000e+00 9.1303e-05 1.7394e-01 0.0000e+00
918 0.0000e+00 1.5480e-04 9.1043e-05 0.0000e+00 9.1043e-05 1.7403e-01 0.0000e+00
919 0.0000e+00 7.5000e-05 9.0784e-05 0.0000e+00 9.0784e-05 1.7412e-01 0.0000e+00
920 0.0000e+00 0.0000e+00 9.0527e-05 0.0000e+00 9.0527e-05 1.7422e-01 0.0000e+00
921 0.0000e+00 0.0000e+00 9.0271e-05 0.0000e+00 9.0271e-05 1.7431e-01 0.0000e+00
922 0.0000e+00 0.0000e+00 9.0017e-05 0.0000e+00 9.0017e-05 1.7440e-01 0.0000e+00
923 0.0000e+00 0.0000e+00 8.9764e-05 0.0000e+00 8.9764e-05 1.7449e-01 0.0000e+00
924 0.0000e+00 0.0000e+00 8.9513e-05 0.0000e+00 8.9513e-05 1.7458e-01 0.0000e+00
925 0.0000e+00 0.0000e+00 8.9263e-05 0.0000e+00 8.9263e-05 1.7466e-01 0.0000e+00
926 0.0000e+00 0.0000e+00 8.9014e-05 0.0000e+00 8.9014e-05 1.7475e-01 0.0000e+00
927 0.0000e+00 0.0000e+00 8.8767e-05 0.0000e+00 8.8767e-05 1.7484e-01 0.0000e+00
928 0.0000e+00 0.0000e+00 8.8521e-05 0.0000e+00 8.8521e-05 1.7493e-01 0.0000e+00
929 0.0000e+00 0.0000e+00 8.8276e-05 0.0000e+00 8.8276e-05 1.7502e-01 0.0000e+00
930 0.0000e+00 0.0000e+00 8.8033e-05 0.0000e+00 8.8033e-05 1.7511e-01 0.0000e+00
931 0.0000e+00 0.0000e+00 8.7791e-05 0.0000e+00 8.7791e-05 1.7519e-01 0.0000e+00
932 0.0000e+00 0.0000e+00 8.7551e-05 0.0000e+00 8.7551e-05 1.7528e-01 0.0000e+00
933 0.0000e+00 9.6000e-05 8.7312e-05 0.0000e+00 8.7312e-05 1.7537e-01 0.0000e+00
934 0.0000e+00 1.8520e-04 8.7074e-05 0.0000e+00 8.7074e-05 1.7546e-01 0.0000e+00
935 0.0000e+00 2.6210e-04 8.6837e-05 0.0000e+00 8.6837e-05 1.7554e-01 0.0000e+00
936 0.0000e+00 3.2090e-04 8.6602e-05 0.0000e+00 8.6602e-05 1.7563e-01 0.0000e+00
937 0.0000e+00 3.5500e-04 8.6368e-05 0.0000e+00 8.6368e-05 1.7572e-01 0.0000e+00
938 0.0000e+00 3.7070e-04 8.6135e-05 0.0000e+00 8.6135e-05 1.7580e-01 0.0000e+00
939 0.0000e+00 3.5500e-04 8.5903e-05 0.0000e+00 8.5903e-05 1.7589e-01 0.0000e+00
940 0.0000e+00 3.2090e-04 8.5673e-05 0.0000e+00 8.5673e-05 1.7597e-01 0.0000e+00
941 0.0000e+00 2.6210e-04 8.5444e-05 0.0000e+00 8.5444e-05 1.7606e-01 0.0000e+00
942 0.0000e+00 1.8520e-04 8.5216e-05 0.0000e+00 8.5216e-05 1.7614e-01 0.0000e+00
943 0.0000e+00 8.9700e-05 8.4989e-05 0.0000e+00 8.4989e-05 1.7623e-01 0.0000e+00
944 0.0000e+00 0.0000e+00 8.4764e-05 0.0000e+00 8.4764e-05 1.7631e-01 0.0000e+00
945 0.0000e+00 0.0000e+00 8.4540e-05 0.0000e+00 8.4540e-05 1.7640e-01 0.0000e+00
946 0.0000e+00 0.0000e+00 8.4317e-05 0.0000e+00 8.4317e-05 1.7648e-01 0.0000e+00
947 0.0000e+00 0.0000e+00 8.4095e-05 0.0000e+00 8.4095e-05 1.7657e-01 0.0000e+00
948 0.0000e+00 0.0000e+00 8.3874e-05 0.0000e+00 8.3874e-05 1.7665e-01 0.0000e+00
949 0.0000e+00 0.0000e+00 8.3655e-05 0.0000e+00 8.3655e-05 1.7674e-01 0.0000e+00
950 0.0000e+00 0.0000e+00 8.3436e-05 0.0000e+00 8.3436e-05 1.7682e-01 0.0000e+00
Objective function values:
F1 1.675240e-06    NSE 0.71202   F2 3.001770e-02
Mean Obs Q 1.590065e-04   Variance Obs Q 6.123405e-09
    Error Variance 1.763411e-09

Water Balance for Subcatchment: Extracted study basin: Taegu Pyungkwang River

   SUMP       SUMAE      SUMQ       SUMRZ      SUMUZ      SBAR        BAL
1.890e-01  4.638e-02  1.293e-01  1.964e-02  0.000e+00  1.768e-01  1.208e-03
