Taegu Pyungkwang River Catchment: Calibration Data

Subcatchment : Extracted study basin: cat-13649

TL =     7.90
SUMAC =     1.00
SZQ =       0.05497
Subcatchment routing data:
Maximum Routing Delay       0.69444
Sum of Histogram ordinates:     1.0000
     1.00000 
Initial BAL             -0.23957
Initial SBAR             0.23757
Initial SR0              0.00200
it      p        ep       q(it)       quz      q       sbar       qof
1 0.0000e+00 6.1900e-05 3.2800e-05 0.0000e+00 3.2800e-05 2.3760e-01 0.0000e+00
2 0.0000e+00 6.4700e-05 3.2766e-05 0.0000e+00 3.2766e-05 2.3764e-01 0.0000e+00
3 1.0000e-03 6.1900e-05 3.2733e-05 0.0000e+00 3.2733e-05 2.3767e-01 0.0000e+00
4 1.0000e-03 5.6000e-05 3.2699e-05 0.0000e+00 3.2699e-05 2.3770e-01 0.0000e+00
5 1.0000e-03 4.5700e-05 3.9070e-05 7.3765e-05 3.2666e-05 2.3766e-01 6.4045e-06
6 5.0000e-04 3.2300e-05 3.6525e-05 1.0573e-04 3.2708e-05 2.3759e-01 3.8171e-06
7 5.0000e-04 1.5600e-05 3.6712e-05 1.3636e-04 3.2783e-05 2.3748e-01 3.9297e-06
8 0.0000e+00 0.0000e+00 3.2889e-05 1.1838e-04 3.2889e-05 2.3740e-01 0.0000e+00
9 5.0000e-04 0.0000e+00 3.7047e-05 1.5188e-04 3.2977e-05 2.3728e-01 4.0701e-06
10 5.0000e-04 0.0000e+00 3.7301e-05 1.8142e-04 3.3100e-05 2.3713e-01 4.2011e-06
11 0.0000e+00 0.0000e+00 3.3253e-05 1.5899e-04 3.3253e-05 2.3701e-01 0.0000e+00
12 0.0000e+00 0.0000e+00 3.3384e-05 1.4162e-04 3.3384e-05 2.3690e-01 0.0000e+00
13 1.0000e-03 0.0000e+00 4.1900e-05 2.2407e-04 3.3498e-05 2.3671e-01 8.4023e-06
14 5.0000e-04 0.0000e+00 3.7899e-05 2.4401e-04 3.3698e-05 2.3650e-01 4.2011e-06
15 5.0000e-04 0.0000e+00 3.8121e-05 2.6360e-04 3.3920e-05 2.3627e-01 4.2011e-06
16 1.0000e-03 0.0000e+00 4.2566e-05 3.3024e-04 3.4164e-05 2.3597e-01 8.4023e-06
17 0.0000e+00 0.0000e+00 3.4482e-05 2.8950e-04 3.4482e-05 2.3572e-01 0.0000e+00
18 0.0000e+00 0.0000e+00 3.4758e-05 2.5818e-04 3.4758e-05 2.3549e-01 0.0000e+00
19 0.0000e+00 0.0000e+00 3.5001e-05 2.3137e-04 3.5001e-05 2.3530e-01 0.0000e+00
20 0.0000e+00 0.0000e+00 3.5217e-05 2.0801e-04 3.5217e-05 2.3512e-01 0.0000e+00
21 0.0000e+00 1.8000e-05 3.5407e-05 1.8743e-04 3.5407e-05 2.3497e-01 0.0000e+00
22 0.0000e+00 3.4800e-05 3.5576e-05 1.6919e-04 3.5576e-05 2.3484e-01 0.0000e+00
23 0.0000e+00 4.9200e-05 3.5725e-05 1.5295e-04 3.5725e-05 2.3472e-01 0.0000e+00
24 3.0000e-03 6.0200e-05 6.0206e-05 4.2458e-04 3.5856e-05 2.3433e-01 2.4350e-05
25 2.0000e-03 6.6600e-05 5.2593e-05 5.5594e-04 3.6294e-05 2.3381e-01 1.6299e-05
26 5.5000e-03 6.9600e-05 8.2541e-05 1.0229e-03 3.6888e-05 2.3283e-01 4.5653e-05
27 6.0000e-03 6.6600e-05 8.7871e-05 1.4738e-03 3.8043e-05 2.3139e-01 4.9829e-05
28 1.0000e-03 6.0200e-05 4.7631e-05 1.3716e-03 3.9788e-05 2.3006e-01 7.8427e-06
29 2.5000e-03 4.9200e-05 6.1979e-05 1.4612e-03 4.1479e-05 2.2864e-01 2.0500e-05
30 0.0000e+00 3.4800e-05 4.3361e-05 1.2883e-03 4.3361e-05 2.2739e-01 0.0000e+00
31 0.0000e+00 1.6800e-05 4.5081e-05 1.1501e-03 4.5081e-05 2.2629e-01 0.0000e+00
32 1.0000e-03 0.0000e+00 5.4221e-05 1.1252e-03 4.6665e-05 2.2521e-01 7.5558e-06
33 5.0000e-04 0.0000e+00 5.2537e-05 1.0554e-03 4.8265e-05 2.2420e-01 4.2722e-06
34 0.0000e+00 0.0000e+00 4.9808e-05 9.4275e-04 4.9808e-05 2.2331e-01 0.0000e+00
35 0.0000e+00 0.0000e+00 5.1217e-05 8.4679e-04 5.1217e-05 2.2251e-01 0.0000e+00
36 0.0000e+00 0.0000e+00 5.2507e-05 7.6180e-04 5.2507e-05 2.2180e-01 0.0000e+00
37 0.0000e+00 0.0000e+00 5.3683e-05 6.8610e-04 5.3683e-05 2.2117e-01 0.0000e+00
38 0.0000e+00 0.0000e+00 5.4755e-05 6.1846e-04 5.4755e-05 2.2061e-01 0.0000e+00
39 0.0000e+00 0.0000e+00 5.5728e-05 5.5789e-04 5.5728e-05 2.2011e-01 0.0000e+00
40 0.0000e+00 0.0000e+00 5.6609e-05 5.0357e-04 5.6609e-05 2.1966e-01 0.0000e+00
41 0.0000e+00 0.0000e+00 5.7406e-05 4.5479e-04 5.7406e-05 2.1926e-01 0.0000e+00
42 0.0000e+00 0.0000e+00 5.8123e-05 4.1094e-04 5.8123e-05 2.1891e-01 0.0000e+00
43 0.0000e+00 0.0000e+00 5.8767e-05 3.7149e-04 5.8767e-05 2.1860e-01 0.0000e+00
44 0.0000e+00 0.0000e+00 5.9344e-05 3.3597e-04 5.9344e-05 2.1832e-01 0.0000e+00
45 0.0000e+00 3.3800e-05 5.9860e-05 3.0397e-04 5.9860e-05 2.1808e-01 0.0000e+00
46 1.0000e-03 6.5200e-05 7.1696e-05 3.8008e-04 6.0318e-05 2.1776e-01 1.1378e-05
47 0.0000e+00 9.2300e-05 6.0924e-05 3.3383e-04 6.0924e-05 2.1748e-01 0.0000e+00
48 5.0000e-04 1.1300e-04 6.5480e-05 3.3638e-04 6.1446e-05 2.1721e-01 4.0347e-06
49 0.0000e+00 1.2500e-04 6.1976e-05 2.9884e-04 6.1976e-05 2.1697e-01 0.0000e+00
50 1.0000e-03 1.3050e-04 7.1413e-05 3.5157e-04 6.2436e-05 2.1668e-01 8.9766e-06
51 2.5000e-03 1.2500e-04 9.0906e-05 5.6835e-04 6.3003e-05 2.1618e-01 2.7903e-05
52 3.0000e-03 1.1300e-04 9.7862e-05 8.0147e-04 6.4006e-05 2.1544e-01 3.3856e-05
53 2.5000e-03 9.2300e-05 9.3607e-05 9.4772e-04 6.5498e-05 2.1456e-01 2.8109e-05
54 3.0000e-03 6.5200e-05 1.0157e-04 1.1388e-03 6.7329e-05 2.1349e-01 3.4241e-05
55 2.5000e-03 3.1600e-05 9.8294e-05 1.2526e-03 6.9621e-05 2.1230e-01 2.8672e-05
56 2.0000e-03 0.0000e+00 9.5423e-05 1.3059e-03 7.2243e-05 2.1107e-01 2.3180e-05
57 1.0000e-03 0.0000e+00 8.6859e-05 1.2485e-03 7.5083e-05 2.0990e-01 1.1776e-05
58 1.0000e-03 0.0000e+00 8.9663e-05 1.2088e-03 7.7887e-05 2.0877e-01 1.1776e-05
59 0.0000e+00 0.0000e+00 8.0689e-05 1.0597e-03 8.0689e-05 2.0779e-01 0.0000e+00
60 5.0000e-04 0.0000e+00 8.9084e-05 9.9868e-04 8.3196e-05 2.0687e-01 5.8880e-06
61 5.0000e-04 0.0000e+00 9.1498e-05 9.4171e-04 8.5610e-05 2.0601e-01 5.8880e-06
62 0.0000e+00 0.0000e+00 8.7931e-05 8.3120e-04 8.7931e-05 2.0527e-01 0.0000e+00
63 0.0000e+00 0.0000e+00 8.9998e-05 7.3981e-04 8.9998e-05 2.0462e-01 0.0000e+00
64 0.0000e+00 0.0000e+00 9.1844e-05 6.5996e-04 9.1844e-05 2.0405e-01 0.0000e+00
65 0.0000e+00 0.0000e+00 9.3489e-05 5.8954e-04 9.3489e-05 2.0356e-01 0.0000e+00
66 0.0000e+00 0.0000e+00 9.4949e-05 5.2720e-04 9.4949e-05 2.0313e-01 0.0000e+00
67 0.0000e+00 0.0000e+00 9.6241e-05 4.7186e-04 9.6241e-05 2.0275e-01 0.0000e+00
68 0.0000e+00 0.0000e+00 9.7377e-05 4.2266e-04 9.7377e-05 2.0242e-01 0.0000e+00
69 0.0000e+00 4.1400e-05 9.8372e-05 3.7885e-04 9.8372e-05 2.0214e-01 0.0000e+00
70 0.0000e+00 7.9800e-05 9.9238e-05 3.3980e-04 9.9238e-05 2.0190e-01 0.0000e+00
71 0.0000e+00 1.1290e-04 9.9987e-05 3.0495e-04 9.9987e-05 2.0170e-01 0.0000e+00
72 0.0000e+00 1.3830e-04 1.0063e-04 2.7383e-04 1.0063e-04 2.0152e-01 0.0000e+00
73 0.0000e+00 1.5300e-04 1.0118e-04 2.4601e-04 1.0118e-04 2.0138e-01 0.0000e+00
74 0.0000e+00 1.5980e-04 1.0163e-04 2.2113e-04 1.0163e-04 2.0126e-01 0.0000e+00
75 0.0000e+00 1.5300e-04 1.0201e-04 1.9886e-04 1.0201e-04 2.0116e-01 0.0000e+00
76 0.0000e+00 1.3830e-04 1.0232e-04 1.7893e-04 1.0232e-04 2.0109e-01 0.0000e+00
77 0.0000e+00 1.1290e-04 1.0257e-04 1.6106e-04 1.0257e-04 2.0103e-01 0.0000e+00
78 0.0000e+00 7.9800e-05 1.0276e-04 1.4505e-04 1.0276e-04 2.0099e-01 0.0000e+00
79 0.0000e+00 3.8700e-05 1.0289e-04 1.3068e-04 1.0289e-04 2.0096e-01 0.0000e+00
80 0.0000e+00 0.0000e+00 1.0298e-04 1.1779e-04 1.0298e-04 2.0094e-01 0.0000e+00
81 0.0000e+00 0.0000e+00 1.0303e-04 1.0621e-04 1.0303e-04 2.0094e-01 0.0000e+00
82 0.0000e+00 0.0000e+00 1.0304e-04 9.5814e-05 1.0304e-04 2.0095e-01 0.0000e+00
83 0.0000e+00 0.0000e+00 1.0302e-04 8.6468e-05 1.0302e-04 2.0096e-01 0.0000e+00
84 0.0000e+00 0.0000e+00 1.0296e-04 7.8064e-05 1.0296e-04 2.0099e-01 0.0000e+00
85 0.0000e+00 0.0000e+00 1.0288e-04 7.0505e-05 1.0288e-04 2.0102e-01 0.0000e+00
86 0.0000e+00 0.0000e+00 1.0278e-04 6.3701e-05 1.0278e-04 2.0106e-01 0.0000e+00
87 0.0000e+00 0.0000e+00 1.0265e-04 5.7575e-05 1.0265e-04 2.0111e-01 0.0000e+00
88 0.0000e+00 0.0000e+00 1.0251e-04 5.2057e-05 1.0251e-04 2.0116e-01 0.0000e+00
89 0.0000e+00 0.0000e+00 1.0235e-04 4.7085e-05 1.0235e-04 2.0121e-01 0.0000e+00
90 0.0000e+00 0.0000e+00 1.0217e-04 4.2602e-05 1.0217e-04 2.0127e-01 0.0000e+00
91 0.0000e+00 0.0000e+00 1.0198e-04 3.8559e-05 1.0198e-04 2.0133e-01 0.0000e+00
92 0.0000e+00 0.0000e+00 1.0178e-04 3.4912e-05 1.0178e-04 2.0140e-01 0.0000e+00
93 0.0000e+00 1.9100e-05 1.0157e-04 3.1619e-05 1.0157e-04 2.0147e-01 0.0000e+00
94 0.0000e+00 3.6800e-05 1.0135e-04 2.8647e-05 1.0135e-04 2.0154e-01 0.0000e+00
95 0.0000e+00 5.2100e-05 1.0112e-04 2.5962e-05 1.0112e-04 2.0162e-01 0.0000e+00
96 0.0000e+00 6.3800e-05 1.0088e-04 2.3535e-05 1.0088e-04 2.0170e-01 0.0000e+00
97 5.0000e-04 7.0600e-05 1.0063e-04 2.1342e-05 1.0063e-04 2.0178e-01 0.0000e+00
98 5.0000e-04 7.3700e-05 1.0039e-04 1.9359e-05 1.0039e-04 2.0186e-01 0.0000e+00
99 0.0000e+00 7.0600e-05 1.0013e-04 1.7565e-05 1.0013e-04 2.0194e-01 0.0000e+00
100 0.0000e+00 6.3800e-05 9.9873e-05 1.5942e-05 9.9873e-05 2.0202e-01 0.0000e+00
101 0.0000e+00 5.2100e-05 9.9612e-05 1.4474e-05 9.9612e-05 2.0211e-01 0.0000e+00
102 0.0000e+00 3.6800e-05 9.9347e-05 1.3144e-05 9.9347e-05 2.0219e-01 0.0000e+00
103 0.0000e+00 1.7800e-05 9.9080e-05 1.1939e-05 9.9080e-05 2.0228e-01 0.0000e+00
104 0.0000e+00 0.0000e+00 9.8810e-05 1.0848e-05 9.8810e-05 2.0237e-01 0.0000e+00
105 0.0000e+00 0.0000e+00 9.8539e-05 9.8586e-06 9.8539e-05 2.0246e-01 0.0000e+00
106 0.0000e+00 0.0000e+00 9.8267e-05 8.9620e-06 9.8267e-05 2.0255e-01 0.0000e+00
107 0.0000e+00 0.0000e+00 9.7993e-05 8.1490e-06 9.7993e-05 2.0264e-01 0.0000e+00
108 0.0000e+00 0.0000e+00 9.7718e-05 7.4115e-06 9.7718e-05 2.0273e-01 0.0000e+00
109 0.0000e+00 0.0000e+00 9.7443e-05 6.7424e-06 9.7443e-05 2.0282e-01 0.0000e+00
110 0.0000e+00 0.0000e+00 9.7167e-05 6.1352e-06 9.7167e-05 2.0291e-01 0.0000e+00
111 5.0000e-04 0.0000e+00 9.6891e-05 5.5839e-06 9.6891e-05 2.0300e-01 0.0000e+00
112 0.0000e+00 0.0000e+00 9.6615e-05 5.0828e-06 9.6615e-05 2.0309e-01 0.0000e+00
113 0.0000e+00 0.0000e+00 9.6339e-05 4.6283e-06 9.6339e-05 2.0318e-01 0.0000e+00
114 0.0000e+00 0.0000e+00 9.6063e-05 4.2153e-06 9.6063e-05 2.0328e-01 0.0000e+00
115 0.0000e+00 0.0000e+00 9.5788e-05 3.8399e-06 9.5788e-05 2.0337e-01 0.0000e+00
116 0.0000e+00 0.0000e+00 9.5513e-05 3.4988e-06 9.5513e-05 2.0346e-01 0.0000e+00
117 0.0000e+00 1.0200e-05 9.5239e-05 3.1886e-06 9.5239e-05 2.0355e-01 0.0000e+00
118 0.0000e+00 1.9800e-05 9.4965e-05 2.9065e-06 9.4965e-05 2.0364e-01 0.0000e+00
119 0.0000e+00 2.8000e-05 9.4692e-05 2.6499e-06 9.4692e-05 2.0374e-01 0.0000e+00
120 0.0000e+00 3.4200e-05 9.4420e-05 2.4165e-06 9.4420e-05 2.0383e-01 0.0000e+00
121 0.0000e+00 3.7900e-05 9.4149e-05 2.2040e-06 9.4149e-05 2.0392e-01 0.0000e+00
122 0.0000e+00 3.9500e-05 9.3879e-05 2.0106e-06 9.3879e-05 2.0401e-01 0.0000e+00
123 0.0000e+00 3.7900e-05 9.3610e-05 1.8346e-06 9.3610e-05 2.0410e-01 0.0000e+00
124 0.0000e+00 3.4200e-05 9.3342e-05 1.6735e-06 9.3342e-05 2.0420e-01 0.0000e+00
125 0.0000e+00 2.8000e-05 9.3075e-05 1.5276e-06 9.3075e-05 2.0429e-01 0.0000e+00
126 0.0000e+00 1.9800e-05 9.2809e-05 1.3946e-06 9.2809e-05 2.0438e-01 0.0000e+00
127 0.0000e+00 9.6000e-06 9.2544e-05 1.2735e-06 9.2544e-05 2.0447e-01 0.0000e+00
128 0.0000e+00 0.0000e+00 9.2281e-05 1.1630e-06 9.2281e-05 2.0456e-01 0.0000e+00
129 0.0000e+00 0.0000e+00 9.2018e-05 1.0624e-06 9.2018e-05 2.0465e-01 0.0000e+00
130 0.0000e+00 0.0000e+00 9.1757e-05 9.7060e-07 9.1757e-05 2.0474e-01 0.0000e+00
131 0.0000e+00 0.0000e+00 9.1497e-05 8.8689e-07 9.1497e-05 2.0483e-01 0.0000e+00
132 0.0000e+00 0.0000e+00 9.1238e-05 8.1054e-07 9.1238e-05 2.0492e-01 0.0000e+00
133 0.0000e+00 0.0000e+00 9.0981e-05 7.4088e-07 9.0981e-05 2.0501e-01 0.0000e+00
134 0.0000e+00 0.0000e+00 9.0725e-05 6.7732e-07 9.0725e-05 2.0510e-01 0.0000e+00
135 0.0000e+00 0.0000e+00 9.0470e-05 6.1931e-07 9.0470e-05 2.0519e-01 0.0000e+00
136 0.0000e+00 0.0000e+00 9.0216e-05 5.6636e-07 9.0216e-05 2.0528e-01 0.0000e+00
137 0.0000e+00 0.0000e+00 8.9964e-05 5.1708e-07 8.9964e-05 2.0537e-01 0.0000e+00
138 0.0000e+00 0.0000e+00 8.9713e-05 4.7307e-07 8.9713e-05 2.0546e-01 0.0000e+00
139 0.0000e+00 0.0000e+00 8.9463e-05 4.3286e-07 8.9463e-05 2.0555e-01 0.0000e+00
140 0.0000e+00 0.0000e+00 8.9214e-05 3.9613e-07 8.9214e-05 2.0564e-01 0.0000e+00
141 5.0000e-04 4.1400e-05 8.8967e-05 3.6257e-07 8.8967e-05 2.0573e-01 0.0000e+00
142 0.0000e+00 7.9900e-05 8.8721e-05 3.3190e-07 8.8721e-05 2.0582e-01 0.0000e+00
143 0.0000e+00 1.1300e-04 8.8476e-05 3.0387e-07 8.8476e-05 2.0591e-01 0.0000e+00
144 0.0000e+00 1.3840e-04 8.8233e-05 2.7824e-07 8.8233e-05 2.0599e-01 0.0000e+00
145 0.0000e+00 1.5310e-04 8.7991e-05 2.5481e-07 8.7991e-05 2.0608e-01 0.0000e+00
146 0.0000e+00 1.5990e-04 8.7750e-05 2.3339e-07 8.7750e-05 2.0617e-01 0.0000e+00
147 0.0000e+00 1.5310e-04 8.7510e-05 2.1379e-07 8.7510e-05 2.0626e-01 0.0000e+00
148 0.0000e+00 1.3840e-04 8.7272e-05 1.9587e-07 8.7272e-05 2.0634e-01 0.0000e+00
149 0.0000e+00 1.1300e-04 8.7034e-05 1.7948e-07 8.7034e-05 2.0643e-01 0.0000e+00
150 0.0000e+00 7.9900e-05 8.6798e-05 1.6325e-07 8.6798e-05 2.0652e-01 0.0000e+00
151 0.0000e+00 3.8700e-05 8.6564e-05 1.4967e-07 8.6564e-05 2.0660e-01 0.0000e+00
152 0.0000e+00 0.0000e+00 8.6330e-05 1.3723e-07 8.6330e-05 2.0669e-01 0.0000e+00
153 0.0000e+00 0.0000e+00 8.6098e-05 1.2584e-07 8.6098e-05 2.0677e-01 0.0000e+00
154 0.0000e+00 0.0000e+00 8.5867e-05 1.1541e-07 8.5867e-05 2.0686e-01 0.0000e+00
155 0.0000e+00 0.0000e+00 8.5637e-05 1.0586e-07 8.5637e-05 2.0695e-01 0.0000e+00
156 0.0000e+00 0.0000e+00 8.5409e-05 9.7110e-08 8.5409e-05 2.0703e-01 0.0000e+00
157 0.0000e+00 0.0000e+00 8.5181e-05 8.9092e-08 8.5181e-05 2.0712e-01 0.0000e+00
158 0.0000e+00 0.0000e+00 8.4955e-05 8.1746e-08 8.4955e-05 2.0720e-01 0.0000e+00
159 0.0000e+00 0.0000e+00 8.4730e-05 7.5014e-08 8.4730e-05 2.0729e-01 0.0000e+00
160 0.0000e+00 0.0000e+00 8.4506e-05 6.8844e-08 8.4506e-05 2.0737e-01 0.0000e+00
161 0.0000e+00 0.0000e+00 8.4284e-05 6.3188e-08 8.4284e-05 2.0745e-01 0.0000e+00
162 0.0000e+00 0.0000e+00 8.4062e-05 5.8004e-08 8.4062e-05 2.0754e-01 0.0000e+00
163 0.0000e+00 0.0000e+00 8.3842e-05 5.1763e-08 8.3842e-05 2.0762e-01 0.0000e+00
164 0.0000e+00 0.0000e+00 8.3622e-05 4.7561e-08 8.3622e-05 2.0771e-01 0.0000e+00
165 0.0000e+00 1.7800e-05 8.3404e-05 4.3704e-08 8.3404e-05 2.0779e-01 0.0000e+00
166 0.0000e+00 3.4400e-05 8.3187e-05 4.0164e-08 8.3187e-05 2.0787e-01 0.0000e+00
167 0.0000e+00 4.8600e-05 8.2971e-05 3.6913e-08 8.2971e-05 2.0796e-01 0.0000e+00
168 0.0000e+00 5.9500e-05 8.2757e-05 3.3929e-08 8.2757e-05 2.0804e-01 0.0000e+00
169 0.0000e+00 6.5900e-05 8.2543e-05 3.1189e-08 8.2543e-05 2.0812e-01 0.0000e+00
170 0.0000e+00 6.8800e-05 8.2330e-05 2.8672e-08 8.2330e-05 2.0820e-01 0.0000e+00
171 0.0000e+00 6.5900e-05 8.2119e-05 2.6361e-08 8.2119e-05 2.0828e-01 0.0000e+00
172 0.0000e+00 5.9500e-05 8.1909e-05 2.4238e-08 8.1909e-05 2.0837e-01 0.0000e+00
173 0.0000e+00 4.8600e-05 8.1699e-05 2.2289e-08 8.1699e-05 2.0845e-01 0.0000e+00
174 0.0000e+00 3.4400e-05 8.1491e-05 2.0497e-08 8.1491e-05 2.0853e-01 0.0000e+00
175 0.0000e+00 1.6600e-05 8.1284e-05 1.8852e-08 8.1284e-05 2.0861e-01 0.0000e+00
176 0.0000e+00 0.0000e+00 8.1078e-05 1.7340e-08 8.1078e-05 2.0869e-01 0.0000e+00
177 0.0000e+00 0.0000e+00 8.0873e-05 1.4505e-08 8.0873e-05 2.0877e-01 0.0000e+00
178 0.0000e+00 0.0000e+00 8.0668e-05 1.3365e-08 8.0668e-05 2.0885e-01 0.0000e+00
179 0.0000e+00 0.0000e+00 8.0465e-05 1.2315e-08 8.0465e-05 2.0893e-01 0.0000e+00
180 0.0000e+00 0.0000e+00 8.0263e-05 1.1348e-08 8.0263e-05 2.0901e-01 0.0000e+00
181 0.0000e+00 0.0000e+00 8.0062e-05 1.0458e-08 8.0062e-05 2.0909e-01 0.0000e+00
182 0.0000e+00 0.0000e+00 7.9862e-05 9.6380e-09 7.9862e-05 2.0917e-01 0.0000e+00
183 0.0000e+00 0.0000e+00 7.9663e-05 8.8830e-09 7.9663e-05 2.0925e-01 0.0000e+00
184 0.0000e+00 0.0000e+00 7.9465e-05 8.1876e-09 7.9465e-05 2.0933e-01 0.0000e+00
185 0.0000e+00 0.0000e+00 7.9268e-05 7.5472e-09 7.9268e-05 2.0941e-01 0.0000e+00
186 0.0000e+00 0.0000e+00 7.9072e-05 6.9573e-09 7.9072e-05 2.0949e-01 0.0000e+00
187 0.0000e+00 0.0000e+00 7.8877e-05 6.4139e-09 7.8877e-05 2.0957e-01 0.0000e+00
188 0.0000e+00 0.0000e+00 7.8683e-05 5.9133e-09 7.8683e-05 2.0965e-01 0.0000e+00
189 0.0000e+00 4.5600e-05 7.8489e-05 5.4521e-09 7.8489e-05 2.0973e-01 0.0000e+00
190 5.0000e-04 8.7900e-05 7.8297e-05 3.7778e-09 7.8297e-05 2.0981e-01 0.0000e+00
191 0.0000e+00 1.2440e-04 7.8106e-05 3.4931e-09 7.8106e-05 2.0988e-01 0.0000e+00
192 0.0000e+00 1.5230e-04 7.7915e-05 3.2300e-09 7.7915e-05 2.0996e-01 0.0000e+00
193 0.0000e+00 1.6850e-04 7.7726e-05 2.9869e-09 7.7726e-05 2.1004e-01 0.0000e+00
194 0.0000e+00 1.7590e-04 7.7537e-05 2.7622e-09 7.7537e-05 2.1012e-01 0.0000e+00
195 0.0000e+00 1.6850e-04 7.7350e-05 2.5545e-09 7.7350e-05 2.1019e-01 0.0000e+00
196 0.0000e+00 1.5230e-04 7.7163e-05 2.3625e-09 7.7163e-05 2.1027e-01 0.0000e+00
197 0.0000e+00 1.2440e-04 7.6977e-05 2.1850e-09 7.6977e-05 2.1035e-01 0.0000e+00
198 0.0000e+00 8.7900e-05 7.6792e-05 2.0209e-09 7.6792e-05 2.1043e-01 0.0000e+00
199 0.0000e+00 4.2600e-05 7.6608e-05 1.8692e-09 7.6608e-05 2.1050e-01 0.0000e+00
200 0.0000e+00 0.0000e+00 7.6425e-05 1.7290e-09 7.6425e-05 2.1058e-01 0.0000e+00
201 0.0000e+00 0.0000e+00 7.6243e-05 1.5994e-09 7.6243e-05 2.1066e-01 0.0000e+00
202 0.0000e+00 0.0000e+00 7.6061e-05 1.4795e-09 7.6061e-05 2.1073e-01 0.0000e+00
203 0.0000e+00 0.0000e+00 7.5881e-05 6.7089e-10 7.5881e-05 2.1081e-01 0.0000e+00
204 0.0000e+00 0.0000e+00 7.5701e-05 6.2302e-10 7.5701e-05 2.1088e-01 0.0000e+00
205 0.0000e+00 0.0000e+00 7.5522e-05 5.7858e-10 7.5522e-05 2.1096e-01 0.0000e+00
206 0.0000e+00 0.0000e+00 7.5344e-05 5.3732e-10 7.5344e-05 2.1103e-01 0.0000e+00
207 0.0000e+00 0.0000e+00 7.5167e-05 4.9902e-10 7.5167e-05 2.1111e-01 0.0000e+00
208 0.0000e+00 0.0000e+00 7.4991e-05 4.6346e-10 7.4991e-05 2.1118e-01 0.0000e+00
209 0.0000e+00 0.0000e+00 7.4815e-05 4.3044e-10 7.4815e-05 2.1126e-01 0.0000e+00
210 0.0000e+00 0.0000e+00 7.4640e-05 3.9979e-10 7.4640e-05 2.1133e-01 0.0000e+00
211 0.0000e+00 0.0000e+00 7.4466e-05 3.7133e-10 7.4466e-05 2.1141e-01 0.0000e+00
212 0.0000e+00 0.0000e+00 7.4293e-05 3.4490e-10 7.4293e-05 2.1148e-01 0.0000e+00
213 0.0000e+00 4.9000e-05 7.4121e-05 3.2036e-10 7.4121e-05 2.1156e-01 0.0000e+00
214 0.0000e+00 9.4600e-05 7.3950e-05 2.9758e-10 7.3950e-05 2.1163e-01 0.0000e+00
215 0.0000e+00 1.3380e-04 7.3779e-05 2.7642e-10 7.3779e-05 2.1170e-01 0.0000e+00
216 0.0000e+00 1.6380e-04 7.3609e-05 2.5678e-10 7.3609e-05 2.1178e-01 0.0000e+00
217 0.0000e+00 1.8130e-04 7.3440e-05 5.0749e-11 7.3440e-05 2.1185e-01 0.0000e+00
218 0.0000e+00 1.8920e-04 7.3272e-05 4.7345e-11 7.3272e-05 2.1192e-01 0.0000e+00
219 0.0000e+00 1.8130e-04 7.3104e-05 4.4170e-11 7.3104e-05 2.1200e-01 0.0000e+00
220 0.0000e+00 1.6380e-04 7.2937e-05 4.1209e-11 7.2937e-05 2.1207e-01 0.0000e+00
221 0.0000e+00 1.3380e-04 7.2771e-05 3.8447e-11 7.2771e-05 2.1214e-01 0.0000e+00
222 0.0000e+00 9.4600e-05 7.2606e-05 3.5871e-11 7.2606e-05 2.1222e-01 0.0000e+00
223 0.0000e+00 4.5800e-05 7.2441e-05 3.3468e-11 7.2441e-05 2.1229e-01 0.0000e+00
224 0.0000e+00 0.0000e+00 7.2277e-05 3.1226e-11 7.2277e-05 2.1236e-01 0.0000e+00
225 0.0000e+00 0.0000e+00 7.2114e-05 2.9135e-11 7.2114e-05 2.1243e-01 0.0000e+00
226 0.0000e+00 0.0000e+00 7.1952e-05 2.7185e-11 7.1952e-05 2.1250e-01 0.0000e+00
227 0.0000e+00 0.0000e+00 7.1790e-05 2.5366e-11 7.1790e-05 2.1258e-01 0.0000e+00
228 0.0000e+00 0.0000e+00 7.1630e-05 2.3669e-11 7.1630e-05 2.1265e-01 0.0000e+00
229 0.0000e+00 0.0000e+00 7.1469e-05 2.2085e-11 7.1469e-05 2.1272e-01 0.0000e+00
230 0.0000e+00 0.0000e+00 7.1310e-05 0.0000e+00 7.1310e-05 2.1279e-01 0.0000e+00
231 0.0000e+00 0.0000e+00 7.1151e-05 0.0000e+00 7.1151e-05 2.1286e-01 0.0000e+00
232 0.0000e+00 0.0000e+00 7.0993e-05 0.0000e+00 7.0993e-05 2.1293e-01 0.0000e+00
233 0.0000e+00 0.0000e+00 7.0836e-05 0.0000e+00 7.0836e-05 2.1300e-01 0.0000e+00
234 0.0000e+00 0.0000e+00 7.0679e-05 0.0000e+00 7.0679e-05 2.1307e-01 0.0000e+00
235 0.0000e+00 0.0000e+00 7.0523e-05 0.0000e+00 7.0523e-05 2.1314e-01 0.0000e+00
236 0.0000e+00 0.0000e+00 7.0368e-05 0.0000e+00 7.0368e-05 2.1322e-01 0.0000e+00
237 0.0000e+00 5.1700e-05 7.0213e-05 0.0000e+00 7.0213e-05 2.1329e-01 0.0000e+00
238 0.0000e+00 9.9800e-05 7.0060e-05 0.0000e+00 7.0060e-05 2.1336e-01 0.0000e+00
239 0.0000e+00 1.4120e-04 6.9906e-05 0.0000e+00 6.9906e-05 2.1343e-01 0.0000e+00
240 0.0000e+00 1.7290e-04 6.9754e-05 0.0000e+00 6.9754e-05 2.1349e-01 0.0000e+00
241 5.0000e-04 1.9130e-04 6.9602e-05 0.0000e+00 6.9602e-05 2.1356e-01 0.0000e+00
242 1.0000e-03 1.9970e-04 6.9451e-05 0.0000e+00 6.9451e-05 2.1363e-01 0.0000e+00
243 0.0000e+00 1.9130e-04 6.9300e-05 0.0000e+00 6.9300e-05 2.1370e-01 0.0000e+00
244 0.0000e+00 1.7290e-04 6.9150e-05 0.0000e+00 6.9150e-05 2.1377e-01 0.0000e+00
245 0.0000e+00 1.4120e-04 6.9001e-05 0.0000e+00 6.9001e-05 2.1384e-01 0.0000e+00
246 0.0000e+00 9.9800e-05 6.8852e-05 0.0000e+00 6.8852e-05 2.1391e-01 0.0000e+00
247 0.0000e+00 4.8300e-05 6.8704e-05 0.0000e+00 6.8704e-05 2.1398e-01 0.0000e+00
248 0.0000e+00 0.0000e+00 6.8557e-05 0.0000e+00 6.8557e-05 2.1405e-01 0.0000e+00
249 0.0000e+00 0.0000e+00 6.8410e-05 0.0000e+00 6.8410e-05 2.1412e-01 0.0000e+00
250 0.0000e+00 0.0000e+00 6.8264e-05 0.0000e+00 6.8264e-05 2.1418e-01 0.0000e+00
251 0.0000e+00 0.0000e+00 6.8119e-05 0.0000e+00 6.8119e-05 2.1425e-01 0.0000e+00
252 0.0000e+00 0.0000e+00 6.7974e-05 0.0000e+00 6.7974e-05 2.1432e-01 0.0000e+00
253 1.0000e-03 0.0000e+00 6.7830e-05 0.0000e+00 6.7830e-05 2.1439e-01 0.0000e+00
254 0.0000e+00 0.0000e+00 6.7686e-05 0.0000e+00 6.7686e-05 2.1446e-01 0.0000e+00
255 0.0000e+00 0.0000e+00 6.7543e-05 0.0000e+00 6.7543e-05 2.1452e-01 0.0000e+00
256 0.0000e+00 0.0000e+00 6.7401e-05 0.0000e+00 6.7401e-05 2.1459e-01 0.0000e+00
257 0.0000e+00 0.0000e+00 6.7259e-05 0.0000e+00 6.7259e-05 2.1466e-01 0.0000e+00
258 0.0000e+00 0.0000e+00 6.7118e-05 0.0000e+00 6.7118e-05 2.1473e-01 0.0000e+00
259 0.0000e+00 0.0000e+00 6.6977e-05 0.0000e+00 6.6977e-05 2.1479e-01 0.0000e+00
260 0.0000e+00 0.0000e+00 6.6837e-05 0.0000e+00 6.6837e-05 2.1486e-01 0.0000e+00
261 0.0000e+00 7.5200e-05 6.6697e-05 0.0000e+00 6.6697e-05 2.1493e-01 0.0000e+00
262 1.0000e-03 1.4510e-04 6.6559e-05 0.0000e+00 6.6559e-05 2.1499e-01 0.0000e+00
263 0.0000e+00 2.0520e-04 6.6420e-05 0.0000e+00 6.6420e-05 2.1506e-01 0.0000e+00
264 0.0000e+00 2.5130e-04 6.6283e-05 0.0000e+00 6.6283e-05 2.1512e-01 0.0000e+00
265 0.0000e+00 2.7800e-04 6.6145e-05 0.0000e+00 6.6145e-05 2.1519e-01 0.0000e+00
266 0.0000e+00 2.9030e-04 6.6009e-05 0.0000e+00 6.6009e-05 2.1526e-01 0.0000e+00
267 0.0000e+00 2.7800e-04 6.5873e-05 0.0000e+00 6.5873e-05 2.1532e-01 0.0000e+00
268 0.0000e+00 2.5130e-04 6.5737e-05 0.0000e+00 6.5737e-05 2.1539e-01 0.0000e+00
269 0.0000e+00 2.0520e-04 6.5602e-05 0.0000e+00 6.5602e-05 2.1545e-01 0.0000e+00
270 0.0000e+00 1.4510e-04 6.5468e-05 0.0000e+00 6.5468e-05 2.1552e-01 0.0000e+00
271 0.0000e+00 7.0200e-05 6.5334e-05 0.0000e+00 6.5334e-05 2.1559e-01 0.0000e+00
272 0.0000e+00 0.0000e+00 6.5201e-05 0.0000e+00 6.5201e-05 2.1565e-01 0.0000e+00
273 0.0000e+00 0.0000e+00 6.5068e-05 0.0000e+00 6.5068e-05 2.1572e-01 0.0000e+00
274 0.0000e+00 0.0000e+00 6.4936e-05 0.0000e+00 6.4936e-05 2.1578e-01 0.0000e+00
275 0.0000e+00 0.0000e+00 6.4804e-05 0.0000e+00 6.4804e-05 2.1585e-01 0.0000e+00
276 0.0000e+00 0.0000e+00 6.4673e-05 0.0000e+00 6.4673e-05 2.1591e-01 0.0000e+00
277 0.0000e+00 0.0000e+00 6.4543e-05 0.0000e+00 6.4543e-05 2.1597e-01 0.0000e+00
278 0.0000e+00 0.0000e+00 6.4413e-05 0.0000e+00 6.4413e-05 2.1604e-01 0.0000e+00
279 0.0000e+00 0.0000e+00 6.4283e-05 0.0000e+00 6.4283e-05 2.1610e-01 0.0000e+00
280 0.0000e+00 0.0000e+00 6.4154e-05 0.0000e+00 6.4154e-05 2.1617e-01 0.0000e+00
281 0.0000e+00 0.0000e+00 6.4026e-05 0.0000e+00 6.4026e-05 2.1623e-01 0.0000e+00
282 0.0000e+00 0.0000e+00 6.3898e-05 0.0000e+00 6.3898e-05 2.1630e-01 0.0000e+00
283 1.0000e-03 0.0000e+00 6.3770e-05 0.0000e+00 6.3770e-05 2.1636e-01 0.0000e+00
284 5.0000e-04 0.0000e+00 6.3643e-05 0.0000e+00 6.3643e-05 2.1642e-01 0.0000e+00
285 2.5000e-03 2.4400e-05 6.5407e-05 1.7646e-05 6.3517e-05 2.1647e-01 1.8897e-06
286 6.0000e-03 4.7000e-05 1.3379e-04 6.7100e-04 6.3426e-05 2.1586e-01 7.0369e-05
287 4.0000e-03 6.6500e-05 1.1119e-04 9.7678e-04 6.4642e-05 2.1495e-01 4.6551e-05
288 1.5000e-03 8.1400e-05 8.3392e-05 9.7832e-04 6.6511e-05 2.1404e-01 1.6881e-05
289 0.0000e+00 9.0100e-05 6.8433e-05 8.4136e-04 6.8433e-05 2.1326e-01 0.0000e+00
290 0.0000e+00 9.4000e-05 7.0106e-05 7.3759e-04 7.0106e-05 2.1260e-01 0.0000e+00
291 5.0000e-04 9.0100e-05 7.4351e-05 6.7767e-04 7.1584e-05 2.1199e-01 2.7670e-06
292 0.0000e+00 8.1400e-05 7.2953e-05 5.9837e-04 7.2953e-05 2.1146e-01 0.0000e+00
293 0.0000e+00 6.6500e-05 7.4160e-05 5.3145e-04 7.4160e-05 2.1101e-01 0.0000e+00
294 1.5000e-03 4.7000e-05 9.0093e-05 6.1815e-04 7.5228e-05 2.1046e-01 1.4866e-05
295 1.0000e-03 2.2800e-05 8.7737e-05 6.4655e-04 7.6515e-05 2.0989e-01 1.1223e-05
296 0.0000e+00 0.0000e+00 7.7890e-05 5.6215e-04 7.7890e-05 2.0941e-01 0.0000e+00
297 0.0000e+00 0.0000e+00 7.9078e-05 4.9762e-04 7.9078e-05 2.0899e-01 0.0000e+00
298 0.0000e+00 0.0000e+00 8.0119e-05 4.4259e-04 8.0119e-05 2.0863e-01 0.0000e+00
299 0.0000e+00 0.0000e+00 8.1032e-05 3.9470e-04 8.1032e-05 2.0832e-01 0.0000e+00
300 0.0000e+00 0.0000e+00 8.1830e-05 3.5264e-04 8.1830e-05 2.0804e-01 0.0000e+00
301 0.0000e+00 0.0000e+00 8.2525e-05 3.1551e-04 8.2525e-05 2.0781e-01 0.0000e+00
302 0.0000e+00 0.0000e+00 8.3128e-05 2.8262e-04 8.3128e-05 2.0761e-01 0.0000e+00
303 0.0000e+00 0.0000e+00 8.3648e-05 2.5341e-04 8.3648e-05 2.0744e-01 0.0000e+00
304 0.0000e+00 0.0000e+00 8.4093e-05 2.2742e-04 8.4093e-05 2.0730e-01 0.0000e+00
305 0.0000e+00 0.0000e+00 8.4471e-05 2.0426e-04 8.4471e-05 2.0718e-01 0.0000e+00
306 0.0000e+00 0.0000e+00 8.4787e-05 1.8359e-04 8.4787e-05 2.0708e-01 0.0000e+00
307 0.0000e+00 0.0000e+00 8.5050e-05 1.6513e-04 8.5050e-05 2.0700e-01 0.0000e+00
308 0.0000e+00 0.0000e+00 8.5263e-05 1.4861e-04 8.5263e-05 2.0694e-01 0.0000e+00
309 0.0000e+00 2.8800e-05 8.5432e-05 1.3383e-04 8.5432e-05 2.0689e-01 0.0000e+00
310 5.0000e-04 5.5500e-05 9.0841e-05 1.7397e-04 8.5561e-05 2.0680e-01 5.2805e-06
311 0.0000e+00 7.8500e-05 8.5798e-05 1.4965e-04 8.5798e-05 2.0674e-01 0.0000e+00
312 0.0000e+00 9.6200e-05 8.5969e-05 1.3301e-04 8.5969e-05 2.0669e-01 0.0000e+00
313 0.0000e+00 1.0640e-04 8.6096e-05 1.1887e-04 8.6096e-05 2.0666e-01 0.0000e+00
314 0.0000e+00 1.1110e-04 8.6184e-05 1.0651e-04 8.6184e-05 2.0664e-01 0.0000e+00
315 0.0000e+00 1.0640e-04 8.6238e-05 9.5604e-05 8.6238e-05 2.0663e-01 0.0000e+00
316 0.0000e+00 9.6200e-05 8.6264e-05 8.5932e-05 8.6264e-05 2.0663e-01 0.0000e+00
317 5.0000e-04 7.8500e-05 8.6263e-05 7.7324e-05 8.6263e-05 2.0664e-01 0.0000e+00
318 1.0000e-03 5.5500e-05 9.5365e-05 1.6213e-04 8.6239e-05 2.0656e-01 9.1267e-06
319 5.0000e-04 2.6900e-05 9.1678e-05 1.8664e-04 8.6444e-05 2.0646e-01 5.2344e-06
320 0.0000e+00 0.0000e+00 8.6715e-05 1.5767e-04 8.6715e-05 2.0639e-01 0.0000e+00
321 0.0000e+00 0.0000e+00 8.6907e-05 1.3829e-04 8.6907e-05 2.0634e-01 0.0000e+00
322 1.0000e-03 0.0000e+00 9.8506e-05 2.3875e-04 8.7047e-05 2.0619e-01 1.1459e-05
323 1.0000e-03 0.0000e+00 9.9236e-05 3.1749e-04 8.7460e-05 2.0596e-01 1.1776e-05
324 0.0000e+00 0.0000e+00 8.8091e-05 2.6438e-04 8.8091e-05 2.0578e-01 0.0000e+00
325 0.0000e+00 0.0000e+00 8.8578e-05 2.3072e-04 8.8578e-05 2.0564e-01 0.0000e+00
326 0.0000e+00 0.0000e+00 8.8972e-05 2.0319e-04 8.8972e-05 2.0552e-01 0.0000e+00
327 0.0000e+00 0.0000e+00 8.9291e-05 1.7979e-04 8.9291e-05 2.0543e-01 0.0000e+00
328 0.0000e+00 0.0000e+00 8.9543e-05 1.5960e-04 8.9543e-05 2.0536e-01 0.0000e+00
329 0.0000e+00 0.0000e+00 8.9740e-05 1.4203e-04 8.9740e-05 2.0531e-01 0.0000e+00
330 0.0000e+00 0.0000e+00 8.9886e-05 1.2666e-04 8.9886e-05 2.0527e-01 0.0000e+00
331 0.0000e+00 0.0000e+00 8.9990e-05 1.1314e-04 8.9990e-05 2.0525e-01 0.0000e+00
332 0.0000e+00 0.0000e+00 9.0055e-05 1.0120e-04 9.0055e-05 2.0524e-01 0.0000e+00
333 0.0000e+00 1.1200e-05 9.0086e-05 9.0636e-05 9.0086e-05 2.0524e-01 0.0000e+00
334 0.0000e+00 2.1600e-05 9.0088e-05 8.1262e-05 9.0088e-05 2.0525e-01 0.0000e+00
335 0.0000e+00 3.0600e-05 9.0063e-05 7.2929e-05 9.0063e-05 2.0527e-01 0.0000e+00
336 0.0000e+00 3.7400e-05 9.0015e-05 6.5508e-05 9.0015e-05 2.0529e-01 0.0000e+00
337 0.0000e+00 4.1400e-05 8.9946e-05 5.8890e-05 8.9946e-05 2.0532e-01 0.0000e+00
338 5.0000e-04 4.3200e-05 9.4074e-05 9.6247e-05 8.9859e-05 2.0531e-01 4.2153e-06
339 5.0000e-04 4.1400e-05 9.5256e-05 1.3567e-04 8.9877e-05 2.0527e-01 5.3793e-06
340 1.5000e-03 3.7400e-05 1.0720e-04 2.8825e-04 9.0005e-05 2.0507e-01 1.7196e-05
341 1.5000e-03 3.0600e-05 1.0918e-04 4.0769e-04 9.0565e-05 2.0475e-01 1.8617e-05
342 1.0000e-03 2.1600e-05 1.0345e-04 4.5267e-04 9.1467e-05 2.0439e-01 1.1982e-05
343 5.0000e-04 1.0500e-05 9.8191e-05 4.3885e-04 9.2505e-05 2.0405e-01 5.6860e-06
344 1.0000e-03 0.0000e+00 1.1067e-04 4.9223e-04 9.3511e-05 2.0365e-01 1.7157e-05
345 5.0000e-04 0.0000e+00 1.0360e-04 4.7938e-04 9.4684e-05 2.0326e-01 8.9151e-06
346 0.0000e+00 0.0000e+00 9.5829e-05 4.1457e-04 9.5829e-05 2.0294e-01 0.0000e+00
347 0.0000e+00 0.0000e+00 9.6788e-05 3.6426e-04 9.6788e-05 2.0268e-01 0.0000e+00
348 0.0000e+00 0.0000e+00 9.7601e-05 3.2153e-04 9.7601e-05 2.0245e-01 0.0000e+00
349 0.0000e+00 0.0000e+00 9.8286e-05 2.8472e-04 9.8286e-05 2.0227e-01 0.0000e+00
350 0.0000e+00 0.0000e+00 9.8860e-05 2.5275e-04 9.8860e-05 2.0211e-01 0.0000e+00
351 0.0000e+00 0.0000e+00 9.9337e-05 2.2482e-04 9.9337e-05 2.0199e-01 0.0000e+00
352 0.0000e+00 0.0000e+00 9.9727e-05 2.0030e-04 9.9727e-05 2.0189e-01 0.0000e+00
353 5.0000e-04 0.0000e+00 1.0896e-04 2.3830e-04 1.0004e-04 2.0175e-01 8.9151e-06
354 0.0000e+00 0.0000e+00 1.0047e-04 2.0583e-04 1.0047e-04 2.0164e-01 0.0000e+00
355 0.0000e+00 0.0000e+00 1.0081e-04 1.8234e-04 1.0081e-04 2.0156e-01 0.0000e+00
356 0.0000e+00 0.0000e+00 1.0106e-04 1.6208e-04 1.0106e-04 2.0150e-01 0.0000e+00
357 0.0000e+00 7.2300e-05 1.0126e-04 1.4442e-04 1.0126e-04 2.0146e-01 0.0000e+00
358 0.0000e+00 1.3960e-04 1.0139e-04 1.2893e-04 1.0139e-04 2.0143e-01 0.0000e+00
359 0.0000e+00 1.9750e-04 1.0148e-04 1.1526e-04 1.0148e-04 2.0142e-01 0.0000e+00
360 0.0000e+00 2.4180e-04 1.0152e-04 1.0317e-04 1.0152e-04 2.0141e-01 0.0000e+00
361 0.0000e+00 2.6750e-04 1.0153e-04 9.2451e-05 1.0153e-04 2.0142e-01 0.0000e+00
362 0.0000e+00 2.7930e-04 1.0150e-04 8.2918e-05 1.0150e-04 2.0144e-01 0.0000e+00
363 0.0000e+00 2.6750e-04 1.0144e-04 7.4430e-05 1.0144e-04 2.0147e-01 0.0000e+00
364 0.0000e+00 2.4180e-04 1.0136e-04 6.6862e-05 1.0136e-04 2.0150e-01 0.0000e+00
365 0.0000e+00 1.9750e-04 1.0125e-04 6.0104e-05 1.0125e-04 2.0154e-01 0.0000e+00
366 0.0000e+00 1.3960e-04 1.0112e-04 5.4066e-05 1.0112e-04 2.0159e-01 0.0000e+00
367 0.0000e+00 6.7600e-05 1.0097e-04 4.8665e-05 1.0097e-04 2.0164e-01 0.0000e+00
368 0.0000e+00 0.0000e+00 1.0080e-04 4.3828e-05 1.0080e-04 2.0170e-01 0.0000e+00
369 0.0000e+00 0.0000e+00 1.0062e-04 3.9494e-05 1.0062e-04 2.0176e-01 0.0000e+00
370 0.0000e+00 0.0000e+00 1.0043e-04 3.5608e-05 1.0043e-04 2.0183e-01 0.0000e+00
371 0.0000e+00 0.0000e+00 1.0023e-04 3.2120e-05 1.0023e-04 2.0189e-01 0.0000e+00
372 0.0000e+00 0.0000e+00 1.0001e-04 2.8987e-05 1.0001e-04 2.0197e-01 0.0000e+00
373 5.0000e-04 0.0000e+00 9.9793e-05 2.6173e-05 9.9793e-05 2.0204e-01 0.0000e+00
374 7.5000e-03 0.0000e+00 2.0525e-04 7.2937e-04 9.9564e-05 2.0141e-01 1.0569e-04
375 4.5000e-03 0.0000e+00 1.8178e-04 1.1083e-03 1.0154e-04 2.0040e-01 8.0236e-05
376 2.5000e-03 0.0000e+00 1.4936e-04 1.2120e-03 1.0479e-04 1.9929e-01 4.4576e-05
377 5.0000e-04 0.0000e+00 1.1739e-04 1.0837e-03 1.0848e-04 1.9832e-01 8.9151e-06
378 0.0000e+00 0.0000e+00 1.1183e-04 9.3611e-04 1.1183e-04 1.9750e-01 0.0000e+00
379 0.0000e+00 0.0000e+00 1.1475e-04 8.1784e-04 1.1475e-04 1.9679e-01 0.0000e+00
380 0.0000e+00 0.0000e+00 1.1730e-04 7.1803e-04 1.1730e-04 1.9619e-01 0.0000e+00
381 0.0000e+00 1.7400e-05 1.1952e-04 6.3261e-04 1.1952e-04 1.9568e-01 0.0000e+00
382 0.0000e+00 3.3600e-05 1.2146e-04 5.5878e-04 1.2146e-04 1.9524e-01 0.0000e+00
383 1.0000e-03 4.7500e-05 1.4005e-04 6.1362e-04 1.2313e-04 1.9475e-01 1.6921e-05
384 1.0000e-03 5.8200e-05 1.4201e-04 6.4940e-04 1.2503e-04 1.9423e-01 1.6983e-05
385 0.0000e+00 6.4300e-05 1.2710e-04 5.5803e-04 1.2710e-04 1.9380e-01 0.0000e+00
386 5.0000e-04 6.7200e-05 1.3555e-04 5.3813e-04 1.2882e-04 1.9339e-01 6.7323e-06
387 0.0000e+00 6.4300e-05 1.3048e-04 4.6900e-04 1.3048e-04 1.9305e-01 0.0000e+00
388 0.0000e+00 5.8200e-05 1.3186e-04 4.1370e-04 1.3186e-04 1.9277e-01 0.0000e+00
389 0.0000e+00 4.7500e-05 1.3303e-04 3.6609e-04 1.3303e-04 1.9253e-01 0.0000e+00
390 5.0000e-04 3.3600e-05 1.3870e-04 3.5844e-04 1.3400e-04 1.9231e-01 4.6933e-06
391 0.0000e+00 1.6300e-05 1.3495e-04 3.1383e-04 1.3495e-04 1.9213e-01 0.0000e+00
392 5.0000e-04 0.0000e+00 1.4373e-04 3.3594e-04 1.3570e-04 1.9193e-01 8.0256e-06
393 5.0000e-04 0.0000e+00 1.4547e-04 3.5493e-04 1.3655e-04 1.9171e-01 8.9151e-06
394 0.0000e+00 0.0000e+00 1.3749e-04 3.0475e-04 1.3749e-04 1.9154e-01 0.0000e+00
395 0.0000e+00 0.0000e+00 1.3821e-04 2.6793e-04 1.3821e-04 1.9141e-01 0.0000e+00
396 0.0000e+00 0.0000e+00 1.3877e-04 2.3677e-04 1.3877e-04 1.9132e-01 0.0000e+00
397 0.0000e+00 0.0000e+00 1.3920e-04 2.0987e-04 1.3920e-04 1.9125e-01 0.0000e+00
398 0.0000e+00 0.0000e+00 1.3951e-04 1.8641e-04 1.3951e-04 1.9120e-01 0.0000e+00
399 0.0000e+00 0.0000e+00 1.3971e-04 1.6583e-04 1.3971e-04 1.9117e-01 0.0000e+00
400 0.0000e+00 0.0000e+00 1.3982e-04 1.4772e-04 1.3982e-04 1.9116e-01 0.0000e+00
401 0.0000e+00 0.0000e+00 1.3986e-04 1.3173e-04 1.3986e-04 1.9117e-01 0.0000e+00
402 1.0000e-03 0.0000e+00 1.5765e-04 2.4751e-04 1.3982e-04 1.9106e-01 1.7830e-05
403 0.0000e+00 0.0000e+00 1.4029e-04 2.0209e-04 1.4029e-04 1.9100e-01 0.0000e+00
404 0.0000e+00 0.0000e+00 1.4057e-04 1.7553e-04 1.4057e-04 1.9097e-01 0.0000e+00
405 5.0000e-04 2.4600e-05 1.4963e-04 2.1912e-04 1.4072e-04 1.9089e-01 8.9151e-06
406 5.0000e-04 4.7400e-05 1.4954e-04 2.4639e-04 1.4106e-04 1.9078e-01 8.4765e-06
407 0.0000e+00 6.7100e-05 1.4153e-04 2.0734e-04 1.4153e-04 1.9072e-01 0.0000e+00
408 5.0000e-04 8.2200e-05 1.4870e-04 2.3091e-04 1.4182e-04 1.9063e-01 6.8747e-06
409 0.0000e+00 9.0900e-05 1.4222e-04 1.9604e-04 1.4222e-04 1.9058e-01 0.0000e+00
410 0.0000e+00 9.5000e-05 1.4246e-04 1.7131e-04 1.4246e-04 1.9055e-01 0.0000e+00
411 0.0000e+00 9.0900e-05 1.4258e-04 1.5065e-04 1.4258e-04 1.9054e-01 0.0000e+00
412 0.0000e+00 8.2200e-05 1.4262e-04 1.3299e-04 1.4262e-04 1.9055e-01 0.0000e+00
413 0.0000e+00 6.7100e-05 1.4258e-04 1.1770e-04 1.4258e-04 1.9057e-01 0.0000e+00
414 0.0000e+00 4.7400e-05 1.4247e-04 1.0438e-04 1.4247e-04 1.9061e-01 0.0000e+00
415 0.0000e+00 2.3000e-05 1.4230e-04 9.2722e-05 1.4230e-04 1.9066e-01 0.0000e+00
416 0.0000e+00 0.0000e+00 1.4208e-04 8.2487e-05 1.4208e-04 1.9072e-01 0.0000e+00
417 0.0000e+00 0.0000e+00 1.4181e-04 7.3474e-05 1.4181e-04 1.9079e-01 0.0000e+00
418 0.0000e+00 0.0000e+00 1.4151e-04 6.5520e-05 1.4151e-04 1.9086e-01 0.0000e+00
419 0.0000e+00 0.0000e+00 1.4117e-04 5.8487e-05 1.4117e-04 1.9095e-01 0.0000e+00
420 0.0000e+00 0.0000e+00 1.4081e-04 5.2258e-05 1.4081e-04 1.9104e-01 0.0000e+00
421 0.0000e+00 0.0000e+00 1.4042e-04 4.6733e-05 1.4042e-04 1.9113e-01 0.0000e+00
422 0.0000e+00 0.0000e+00 1.4001e-04 4.1825e-05 1.4001e-04 1.9123e-01 0.0000e+00
423 0.0000e+00 0.0000e+00 1.3958e-04 3.7461e-05 1.3958e-04 1.9133e-01 0.0000e+00
424 0.0000e+00 0.0000e+00 1.3914e-04 3.3576e-05 1.3914e-04 1.9144e-01 0.0000e+00
425 0.0000e+00 0.0000e+00 1.3868e-04 3.0115e-05 1.3868e-04 1.9154e-01 0.0000e+00
426 0.0000e+00 0.0000e+00 1.3821e-04 2.7027e-05 1.3821e-04 1.9166e-01 0.0000e+00
427 5.0000e-04 0.0000e+00 1.3773e-04 2.4270e-05 1.3773e-04 1.9177e-01 0.0000e+00
428 2.0000e-03 0.0000e+00 1.7155e-04 2.7048e-04 1.3724e-04 1.9164e-01 3.4309e-05
429 3.0000e-03 3.2600e-05 1.9131e-04 5.9397e-04 1.3781e-04 1.9118e-01 5.3491e-05
430 2.0000e-03 6.2900e-05 1.7487e-04 7.2152e-04 1.3979e-04 1.9060e-01 3.5079e-05
431 1.0000e-03 8.9000e-05 1.5907e-04 7.1044e-04 1.4236e-04 1.9003e-01 1.6709e-05
432 0.0000e+00 1.0900e-04 1.4491e-04 5.9535e-04 1.4491e-04 1.8958e-01 0.0000e+00
433 5.0000e-04 1.2060e-04 1.5235e-04 5.5347e-04 1.4696e-04 1.8917e-01 5.3882e-06
434 0.0000e+00 1.2590e-04 1.4884e-04 4.7655e-04 1.4884e-04 1.8884e-01 0.0000e+00
435 0.0000e+00 1.2060e-04 1.5037e-04 4.1572e-04 1.5037e-04 1.8858e-01 0.0000e+00
436 0.0000e+00 1.0900e-04 1.5162e-04 3.6427e-04 1.5162e-04 1.8837e-01 0.0000e+00
437 3.5000e-03 8.9000e-05 2.0658e-04 7.2370e-04 1.5264e-04 1.8780e-01 5.3947e-05
438 0.0000e+00 6.2900e-05 1.5538e-04 5.8009e-04 1.5538e-04 1.8737e-01 0.0000e+00
439 0.0000e+00 3.0500e-05 1.5746e-04 4.9917e-04 1.5746e-04 1.8703e-01 0.0000e+00
440 0.0000e+00 0.0000e+00 1.5915e-04 4.3466e-04 1.5915e-04 1.8675e-01 0.0000e+00
441 0.0000e+00 0.0000e+00 1.6053e-04 3.8058e-04 1.6053e-04 1.8653e-01 0.0000e+00
442 0.0000e+00 0.0000e+00 1.6163e-04 3.3434e-04 1.6163e-04 1.8636e-01 0.0000e+00
443 0.0000e+00 0.0000e+00 1.6251e-04 2.9444e-04 1.6251e-04 1.8623e-01 0.0000e+00
444 5.0000e-04 0.0000e+00 1.6885e-04 3.0313e-04 1.6318e-04 1.8609e-01 5.6665e-06
445 0.0000e+00 0.0000e+00 1.6390e-04 2.6101e-04 1.6390e-04 1.8599e-01 0.0000e+00
446 0.0000e+00 0.0000e+00 1.6439e-04 2.2956e-04 1.6439e-04 1.8593e-01 0.0000e+00
447 0.0000e+00 0.0000e+00 1.6473e-04 2.0267e-04 1.6473e-04 1.8589e-01 0.0000e+00
448 0.0000e+00 0.0000e+00 1.6492e-04 1.7931e-04 1.6492e-04 1.8587e-01 0.0000e+00
449 0.0000e+00 0.0000e+00 1.6500e-04 1.5890e-04 1.6500e-04 1.8588e-01 0.0000e+00
450 0.0000e+00 0.0000e+00 1.6497e-04 1.4101e-04 1.6497e-04 1.8590e-01 0.0000e+00
451 0.0000e+00 0.0000e+00 1.6484e-04 1.2527e-04 1.6484e-04 1.8594e-01 0.0000e+00
452 5.0000e-04 0.0000e+00 1.7355e-04 1.7975e-04 1.6464e-04 1.8593e-01 8.9151e-06
453 0.0000e+00 2.2400e-05 1.6472e-04 1.4843e-04 1.6472e-04 1.8595e-01 0.0000e+00
454 0.0000e+00 4.3300e-05 1.6463e-04 1.2960e-04 1.6463e-04 1.8598e-01 0.0000e+00
455 0.0000e+00 6.1200e-05 1.6445e-04 1.1408e-04 1.6445e-04 1.8603e-01 0.0000e+00
456 0.0000e+00 7.5000e-05 1.6419e-04 1.0079e-04 1.6419e-04 1.8609e-01 0.0000e+00
457 0.0000e+00 8.3000e-05 1.6387e-04 8.9271e-05 1.6387e-04 1.8617e-01 0.0000e+00
458 0.0000e+00 8.6600e-05 1.6349e-04 7.9217e-05 1.6349e-04 1.8625e-01 0.0000e+00
459 0.0000e+00 8.3000e-05 1.6306e-04 7.0405e-05 1.6306e-04 1.8635e-01 0.0000e+00
460 0.0000e+00 7.5000e-05 1.6259e-04 6.2657e-05 1.6259e-04 1.8645e-01 0.0000e+00
461 0.0000e+00 6.1200e-05 1.6208e-04 5.5826e-05 1.6208e-04 1.8655e-01 0.0000e+00
462 0.0000e+00 4.3300e-05 1.6154e-04 4.9792e-05 1.6154e-04 1.8666e-01 0.0000e+00
463 0.0000e+00 2.1000e-05 1.6098e-04 4.4451e-05 1.6098e-04 1.8678e-01 0.0000e+00
464 0.0000e+00 0.0000e+00 1.6039e-04 3.9718e-05 1.6039e-04 1.8690e-01 0.0000e+00
465 1.0000e-03 0.0000e+00 1.6601e-04 8.2725e-05 1.5979e-04 1.8698e-01 6.2197e-06
466 5.0000e-04 0.0000e+00 1.6832e-04 1.3365e-04 1.5941e-04 1.8700e-01 8.9151e-06
467 0.0000e+00 0.0000e+00 1.5928e-04 1.0623e-04 1.5928e-04 1.8706e-01 0.0000e+00
468 0.0000e+00 0.0000e+00 1.5901e-04 9.1116e-05 1.5901e-04 1.8712e-01 0.0000e+00
469 5.0000e-04 0.0000e+00 1.6759e-04 1.4672e-04 1.5868e-04 1.8714e-01 8.9151e-06
470 0.0000e+00 0.0000e+00 1.5862e-04 1.1841e-04 1.5862e-04 1.8718e-01 0.0000e+00
471 0.0000e+00 0.0000e+00 1.5842e-04 1.0200e-04 1.5842e-04 1.8723e-01 0.0000e+00
472 5.0000e-04 0.0000e+00 1.6705e-04 1.5628e-04 1.5814e-04 1.8723e-01 8.9151e-06
473 5.0000e-04 0.0000e+00 1.6705e-04 1.9435e-04 1.5813e-04 1.8720e-01 8.9151e-06
474 0.0000e+00 0.0000e+00 1.5831e-04 1.5864e-04 1.5831e-04 1.8720e-01 0.0000e+00
475 0.0000e+00 0.0000e+00 1.5831e-04 1.3661e-04 1.5831e-04 1.8722e-01 0.0000e+00
476 0.0000e+00 0.0000e+00 1.5820e-04 1.1889e-04 1.5820e-04 1.8726e-01 0.0000e+00
477 0.0000e+00 9.2000e-06 1.5801e-04 1.0403e-04 1.5801e-04 1.8731e-01 0.0000e+00
478 0.0000e+00 1.7800e-05 1.5774e-04 9.1359e-05 1.5774e-04 1.8738e-01 0.0000e+00
479 0.0000e+00 2.5200e-05 1.5742e-04 8.0457e-05 1.5742e-04 1.8746e-01 0.0000e+00
480 0.0000e+00 3.0900e-05 1.5704e-04 7.1019e-05 1.5704e-04 1.8754e-01 0.0000e+00
481 0.0000e+00 3.4200e-05 1.5662e-04 6.2809e-05 1.5662e-04 1.8764e-01 0.0000e+00
482 5.0000e-04 3.5700e-05 1.6298e-04 1.0707e-04 1.5616e-04 1.8769e-01 6.8255e-06
483 2.5000e-03 3.4200e-05 1.9986e-04 4.1778e-04 1.5592e-04 1.8742e-01 4.3939e-05
484 1.0000e-03 3.0900e-05 1.7442e-04 4.4752e-04 1.5720e-04 1.8713e-01 1.7220e-05
485 0.0000e+00 2.5200e-05 1.5863e-04 3.6398e-04 1.5863e-04 1.8693e-01 0.0000e+00
486 1.0000e-03 1.7800e-05 1.7648e-04 4.3920e-04 1.5965e-04 1.8665e-01 1.6830e-05
487 0.0000e+00 8.6000e-06 1.6105e-04 3.6286e-04 1.6105e-04 1.8645e-01 0.0000e+00
488 0.0000e+00 0.0000e+00 1.6207e-04 3.1307e-04 1.6207e-04 1.8630e-01 0.0000e+00
489 0.0000e+00 0.0000e+00 1.6284e-04 2.7244e-04 1.6284e-04 1.8619e-01 0.0000e+00
490 0.0000e+00 0.0000e+00 1.6340e-04 2.3820e-04 1.6340e-04 1.8611e-01 0.0000e+00
491 0.0000e+00 0.0000e+00 1.6378e-04 2.0894e-04 1.6378e-04 1.8607e-01 0.0000e+00
492 0.0000e+00 0.0000e+00 1.6401e-04 1.8375e-04 1.6401e-04 1.8605e-01 0.0000e+00
493 0.0000e+00 0.0000e+00 1.6411e-04 1.6194e-04 1.6411e-04 1.8605e-01 0.0000e+00
494 0.0000e+00 0.0000e+00 1.6410e-04 1.4298e-04 1.6410e-04 1.8607e-01 0.0000e+00
495 0.0000e+00 0.0000e+00 1.6399e-04 1.2644e-04 1.6399e-04 1.8611e-01 0.0000e+00
496 0.0000e+00 0.0000e+00 1.6380e-04 1.1198e-04 1.6380e-04 1.8616e-01 0.0000e+00
497 0.0000e+00 0.0000e+00 1.6354e-04 9.9291e-05 1.6354e-04 1.8622e-01 0.0000e+00
498 0.0000e+00 0.0000e+00 1.6321e-04 8.8146e-05 1.6321e-04 1.8630e-01 0.0000e+00
499 0.0000e+00 0.0000e+00 1.6283e-04 7.8336e-05 1.6283e-04 1.8638e-01 0.0000e+00
500 0.0000e+00 0.0000e+00 1.6240e-04 6.9687e-05 1.6240e-04 1.8648e-01 0.0000e+00
501 0.0000e+00 6.3800e-05 1.6193e-04 6.2051e-05 1.6193e-04 1.8658e-01 0.0000e+00
502 0.0000e+00 1.2310e-04 1.6142e-04 5.5300e-05 1.6142e-04 1.8668e-01 0.0000e+00
503 0.0000e+00 1.7420e-04 1.6089e-04 4.9323e-05 1.6089e-04 1.8679e-01 0.0000e+00
504 0.0000e+00 2.1330e-04 1.6033e-04 4.4027e-05 1.6033e-04 1.8691e-01 0.0000e+00
505 0.0000e+00 2.3600e-04 1.5975e-04 3.9328e-05 1.5975e-04 1.8703e-01 0.0000e+00
506 0.0000e+00 2.4640e-04 1.5915e-04 3.5156e-05 1.5915e-04 1.8715e-01 0.0000e+00
507 0.0000e+00 2.3600e-04 1.5853e-04 3.1448e-05 1.5853e-04 1.8728e-01 0.0000e+00
508 0.0000e+00 2.1330e-04 1.5790e-04 2.8149e-05 1.5790e-04 1.8741e-01 0.0000e+00
509 0.0000e+00 1.7420e-04 1.5726e-04 2.5211e-05 1.5726e-04 1.8754e-01 0.0000e+00
510 0.0000e+00 1.2310e-04 1.5662e-04 2.2594e-05 1.5662e-04 1.8768e-01 0.0000e+00
511 0.0000e+00 5.9600e-05 1.5596e-04 2.0260e-05 1.5596e-04 1.8781e-01 0.0000e+00
512 0.0000e+00 0.0000e+00 1.5530e-04 1.8177e-05 1.5530e-04 1.8795e-01 0.0000e+00
513 0.0000e+00 0.0000e+00 1.5464e-04 1.6316e-05 1.5464e-04 1.8809e-01 0.0000e+00
514 0.0000e+00 0.0000e+00 1.5397e-04 1.4654e-05 1.5397e-04 1.8823e-01 0.0000e+00
515 0.0000e+00 0.0000e+00 1.5330e-04 1.3167e-05 1.5330e-04 1.8837e-01 0.0000e+00
516 0.0000e+00 0.0000e+00 1.5263e-04 1.1838e-05 1.5263e-04 1.8851e-01 0.0000e+00
517 0.0000e+00 0.0000e+00 1.5196e-04 1.0647e-05 1.5196e-04 1.8865e-01 0.0000e+00
518 0.0000e+00 0.0000e+00 1.5129e-04 9.5806e-06 1.5129e-04 1.8879e-01 0.0000e+00
519 0.0000e+00 0.0000e+00 1.5062e-04 8.6247e-06 1.5062e-04 1.8893e-01 0.0000e+00
520 0.0000e+00 0.0000e+00 1.4996e-04 7.7675e-06 1.4996e-04 1.8908e-01 0.0000e+00
521 0.0000e+00 0.0000e+00 1.4929e-04 6.9984e-06 1.4929e-04 1.8922e-01 0.0000e+00
522 0.0000e+00 0.0000e+00 1.4863e-04 6.3080e-06 1.4863e-04 1.8936e-01 0.0000e+00
523 0.0000e+00 0.0000e+00 1.4797e-04 5.6880e-06 1.4797e-04 1.8950e-01 0.0000e+00
524 0.0000e+00 0.0000e+00 1.4731e-04 5.1308e-06 1.4731e-04 1.8964e-01 0.0000e+00
525 0.0000e+00 4.1700e-05 1.4666e-04 4.6300e-06 1.4666e-04 1.8979e-01 0.0000e+00
526 0.0000e+00 8.0400e-05 1.4601e-04 4.1790e-06 1.4601e-04 1.8993e-01 0.0000e+00
527 0.0000e+00 1.1380e-04 1.4537e-04 3.7739e-06 1.4537e-04 1.9007e-01 0.0000e+00
528 0.0000e+00 1.3930e-04 1.4472e-04 3.4092e-06 1.4472e-04 1.9021e-01 0.0000e+00
529 0.0000e+00 1.5420e-04 1.4409e-04 3.0808e-06 1.4409e-04 1.9035e-01 0.0000e+00
530 0.0000e+00 1.6090e-04 1.4345e-04 2.7850e-06 1.4345e-04 1.9049e-01 0.0000e+00
531 0.0000e+00 1.5420e-04 1.4282e-04 2.5183e-06 1.4282e-04 1.9063e-01 0.0000e+00
532 0.0000e+00 1.3930e-04 1.4220e-04 2.2780e-06 1.4220e-04 1.9077e-01 0.0000e+00
533 0.0000e+00 1.1380e-04 1.4158e-04 2.0612e-06 1.4158e-04 1.9091e-01 0.0000e+00
534 0.0000e+00 8.0400e-05 1.4096e-04 1.8656e-06 1.4096e-04 1.9105e-01 0.0000e+00
535 0.0000e+00 3.8900e-05 1.4035e-04 1.6890e-06 1.4035e-04 1.9119e-01 0.0000e+00
536 0.0000e+00 0.0000e+00 1.3974e-04 1.5297e-06 1.3974e-04 1.9133e-01 0.0000e+00
537 0.0000e+00 0.0000e+00 1.3914e-04 1.3857e-06 1.3914e-04 1.9147e-01 0.0000e+00
538 0.0000e+00 0.0000e+00 1.3854e-04 1.2550e-06 1.3854e-04 1.9160e-01 0.0000e+00
539 0.0000e+00 0.0000e+00 1.3795e-04 1.1376e-06 1.3795e-04 1.9174e-01 0.0000e+00
540 0.0000e+00 0.0000e+00 1.3736e-04 1.0314e-06 1.3736e-04 1.9188e-01 0.0000e+00
541 0.0000e+00 0.0000e+00 1.3678e-04 9.3543e-07 1.3678e-04 1.9201e-01 0.0000e+00
542 0.0000e+00 0.0000e+00 1.3620e-04 8.4858e-07 1.3620e-04 1.9215e-01 0.0000e+00
543 0.0000e+00 0.0000e+00 1.3562e-04 7.6999e-07 1.3562e-04 1.9228e-01 0.0000e+00
544 0.0000e+00 0.0000e+00 1.3505e-04 6.9886e-07 1.3505e-04 1.9242e-01 0.0000e+00
545 0.0000e+00 0.0000e+00 1.3449e-04 6.3445e-07 1.3449e-04 1.9255e-01 0.0000e+00
546 0.0000e+00 0.0000e+00 1.3393e-04 5.7611e-07 1.3393e-04 1.9268e-01 0.0000e+00
547 0.0000e+00 0.0000e+00 1.3337e-04 5.2327e-07 1.3337e-04 1.9282e-01 0.0000e+00
548 0.0000e+00 0.0000e+00 1.3282e-04 4.7538e-07 1.3282e-04 1.9295e-01 0.0000e+00
549 0.0000e+00 2.0700e-05 1.3227e-04 4.3094e-07 1.3227e-04 1.9308e-01 0.0000e+00
550 0.0000e+00 4.0000e-05 1.3172e-04 3.9174e-07 1.3172e-04 1.9321e-01 0.0000e+00
551 0.0000e+00 5.6600e-05 1.3119e-04 3.5618e-07 1.3119e-04 1.9334e-01 0.0000e+00
552 1.0000e-03 6.9300e-05 1.3065e-04 3.2392e-07 1.3065e-04 1.9347e-01 0.0000e+00
553 1.0000e-03 7.6600e-05 1.3012e-04 2.9464e-07 1.3012e-04 1.9360e-01 0.0000e+00
554 2.0000e-03 8.0000e-05 1.4265e-04 9.3384e-05 1.2959e-04 1.9364e-01 1.3053e-05
555 1.5000e-03 7.6600e-05 1.5476e-04 2.5100e-04 1.2945e-04 1.9352e-01 2.5319e-05
556 0.0000e+00 6.9300e-05 1.2994e-04 1.9580e-04 1.2994e-04 1.9345e-01 0.0000e+00
557 5.0000e-04 5.6600e-05 1.3652e-04 2.1125e-04 1.3021e-04 1.9337e-01 6.3156e-06
558 0.0000e+00 4.0000e-05 1.3054e-04 1.7720e-04 1.3054e-04 1.9332e-01 0.0000e+00
559 0.0000e+00 1.9400e-05 1.3073e-04 1.5318e-04 1.3073e-04 1.9330e-01 0.0000e+00
560 0.0000e+00 0.0000e+00 1.3082e-04 1.3347e-04 1.3082e-04 1.9330e-01 0.0000e+00
561 0.0000e+00 0.0000e+00 1.3083e-04 1.1690e-04 1.3083e-04 1.9331e-01 0.0000e+00
562 0.0000e+00 0.0000e+00 1.3077e-04 1.0276e-04 1.3077e-04 1.9334e-01 0.0000e+00
563 0.0000e+00 0.0000e+00 1.3066e-04 9.0587e-05 1.3066e-04 1.9338e-01 0.0000e+00
564 0.0000e+00 0.0000e+00 1.3049e-04 8.0036e-05 1.3049e-04 1.9343e-01 0.0000e+00
565 5.0000e-04 0.0000e+00 1.3714e-04 1.1977e-04 1.3029e-04 1.9344e-01 6.8483e-06
566 0.0000e+00 0.0000e+00 1.3025e-04 9.9704e-05 1.3025e-04 1.9347e-01 0.0000e+00
567 0.0000e+00 0.0000e+00 1.3012e-04 8.6898e-05 1.3012e-04 1.9352e-01 0.0000e+00
568 0.0000e+00 0.0000e+00 1.2995e-04 7.6322e-05 1.2995e-04 1.9357e-01 0.0000e+00
569 0.0000e+00 0.0000e+00 1.2973e-04 6.7338e-05 1.2973e-04 1.9363e-01 0.0000e+00
570 0.0000e+00 0.0000e+00 1.2948e-04 5.9590e-05 1.2948e-04 1.9370e-01 0.0000e+00
571 0.0000e+00 0.0000e+00 1.2919e-04 5.2851e-05 1.2919e-04 1.9378e-01 0.0000e+00
572 0.0000e+00 0.0000e+00 1.2889e-04 4.6958e-05 1.2889e-04 1.9386e-01 0.0000e+00
573 3.0000e-03 3.0500e-05 1.8205e-04 4.2253e-04 1.2856e-04 1.9357e-01 5.3491e-05
574 1.0000e-03 5.8900e-05 1.4703e-04 4.4873e-04 1.2974e-04 1.9325e-01 1.7286e-05
575 2.5000e-03 8.3300e-05 1.7457e-04 6.8148e-04 1.3104e-04 1.9270e-01 4.3525e-05
576 3.5000e-03 1.0200e-04 1.9424e-04 9.9192e-04 1.3332e-04 1.9184e-01 6.0921e-05
577 1.5000e-03 1.1290e-04 1.6187e-04 9.8875e-04 1.3694e-04 1.9099e-01 2.4927e-05
578 0.0000e+00 1.1780e-04 1.4064e-04 8.3104e-04 1.4064e-04 1.9030e-01 0.0000e+00
579 0.0000e+00 1.1290e-04 1.4370e-04 7.1845e-04 1.4370e-04 1.8972e-01 0.0000e+00
580 0.0000e+00 1.0200e-04 1.4631e-04 6.2611e-04 1.4631e-04 1.8924e-01 0.0000e+00
581 0.0000e+00 8.3300e-05 1.4852e-04 5.4822e-04 1.4852e-04 1.8884e-01 0.0000e+00
582 0.0000e+00 5.8900e-05 1.5038e-04 4.8153e-04 1.5038e-04 1.8851e-01 0.0000e+00
583 0.0000e+00 2.8500e-05 1.5195e-04 4.2395e-04 1.5195e-04 1.8824e-01 0.0000e+00
584 0.0000e+00 0.0000e+00 1.5325e-04 3.7396e-04 1.5325e-04 1.8802e-01 0.0000e+00
585 0.0000e+00 0.0000e+00 1.5431e-04 3.3039e-04 1.5431e-04 1.8784e-01 0.0000e+00
586 0.0000e+00 0.0000e+00 1.5516e-04 2.9232e-04 1.5516e-04 1.8771e-01 0.0000e+00
587 0.0000e+00 0.0000e+00 1.5582e-04 2.5896e-04 1.5582e-04 1.8760e-01 0.0000e+00
588 0.0000e+00 0.0000e+00 1.5633e-04 2.2966e-04 1.5633e-04 1.8753e-01 0.0000e+00
589 5.0000e-04 0.0000e+00 1.5669e-04 2.0390e-04 1.5669e-04 1.8748e-01 0.0000e+00
590 0.0000e+00 0.0000e+00 1.5692e-04 1.8120e-04 1.5692e-04 1.8746e-01 0.0000e+00
591 0.0000e+00 0.0000e+00 1.5704e-04 1.6117e-04 1.5704e-04 1.8745e-01 0.0000e+00
592 5.0000e-04 0.0000e+00 1.6395e-04 1.9555e-04 1.5706e-04 1.8741e-01 6.8982e-06
593 0.0000e+00 0.0000e+00 1.5725e-04 1.6583e-04 1.5725e-04 1.8741e-01 0.0000e+00
594 1.0000e-03 0.0000e+00 1.7512e-04 2.8045e-04 1.5729e-04 1.8728e-01 1.7830e-05
595 0.0000e+00 0.0000e+00 1.5789e-04 2.2725e-04 1.5789e-04 1.8721e-01 0.0000e+00
596 0.0000e+00 0.0000e+00 1.5824e-04 1.9670e-04 1.5824e-04 1.8717e-01 0.0000e+00
597 0.0000e+00 6.2600e-05 1.5843e-04 1.7212e-04 1.5843e-04 1.8716e-01 0.0000e+00
598 0.0000e+00 1.2080e-04 1.5849e-04 1.5138e-04 1.5849e-04 1.8717e-01 0.0000e+00
599 0.0000e+00 1.7090e-04 1.5846e-04 1.3357e-04 1.5846e-04 1.8719e-01 0.0000e+00
600 0.0000e+00 2.0930e-04 1.5834e-04 1.1814e-04 1.5834e-04 1.8723e-01 0.0000e+00
601 0.0000e+00 2.3150e-04 1.5814e-04 1.0470e-04 1.5814e-04 1.8729e-01 0.0000e+00
602 0.0000e+00 2.4180e-04 1.5787e-04 9.2936e-05 1.5787e-04 1.8735e-01 0.0000e+00
603 0.0000e+00 2.3150e-04 1.5755e-04 8.2610e-05 1.5755e-04 1.8743e-01 0.0000e+00
604 0.0000e+00 2.0930e-04 1.5719e-04 7.3522e-05 1.5719e-04 1.8751e-01 0.0000e+00
605 0.0000e+00 1.7090e-04 1.5677e-04 6.5506e-05 1.5677e-04 1.8760e-01 0.0000e+00
606 0.0000e+00 1.2080e-04 1.5633e-04 5.8422e-05 1.5633e-04 1.8770e-01 0.0000e+00
607 0.0000e+00 5.8500e-05 1.5585e-04 5.2152e-05 1.5585e-04 1.8780e-01 0.0000e+00
608 0.0000e+00 0.0000e+00 1.5535e-04 4.6595e-05 1.5535e-04 1.8791e-01 0.0000e+00
609 0.0000e+00 0.0000e+00 1.5482e-04 4.1662e-05 1.5482e-04 1.8803e-01 0.0000e+00
610 0.0000e+00 0.0000e+00 1.5427e-04 3.7280e-05 1.5427e-04 1.8814e-01 0.0000e+00
611 0.0000e+00 0.0000e+00 1.5371e-04 3.3381e-05 1.5371e-04 1.8826e-01 0.0000e+00
612 0.0000e+00 0.0000e+00 1.5313e-04 2.9910e-05 1.5313e-04 1.8839e-01 0.0000e+00
613 0.0000e+00 0.0000e+00 1.5254e-04 2.6818e-05 1.5254e-04 1.8851e-01 0.0000e+00
614 0.0000e+00 0.0000e+00 1.5195e-04 2.4059e-05 1.5195e-04 1.8864e-01 0.0000e+00
615 0.0000e+00 0.0000e+00 1.5134e-04 2.1596e-05 1.5134e-04 1.8877e-01 0.0000e+00
616 0.0000e+00 0.0000e+00 1.5073e-04 1.9397e-05 1.5073e-04 1.8890e-01 0.0000e+00
617 0.0000e+00 0.0000e+00 1.5011e-04 1.7430e-05 1.5011e-04 1.8903e-01 0.0000e+00
618 0.0000e+00 0.0000e+00 1.4949e-04 1.5671e-05 1.4949e-04 1.8917e-01 0.0000e+00
619 0.0000e+00 0.0000e+00 1.4887e-04 1.4096e-05 1.4887e-04 1.8930e-01 0.0000e+00
620 0.0000e+00 0.0000e+00 1.4824e-04 1.2686e-05 1.4824e-04 1.8944e-01 0.0000e+00
621 0.0000e+00 1.4200e-05 1.4761e-04 1.1421e-05 1.4761e-04 1.8957e-01 0.0000e+00
622 0.0000e+00 2.7500e-05 1.4699e-04 1.0288e-05 1.4699e-04 1.8971e-01 0.0000e+00
623 0.0000e+00 3.8900e-05 1.4636e-04 9.2708e-06 1.4636e-04 1.8985e-01 0.0000e+00
624 1.0000e-03 4.7600e-05 1.4573e-04 8.3579e-06 1.4573e-04 1.8998e-01 0.0000e+00
625 1.0000e-03 5.2700e-05 1.4649e-04 1.7693e-05 1.4511e-04 1.9011e-01 1.3785e-06
626 3.0000e-03 5.5000e-05 1.9708e-04 4.0097e-04 1.4453e-04 1.8986e-01 5.2551e-05
627 2.0000e-03 5.2700e-05 1.8038e-04 5.5552e-04 1.4570e-04 1.8945e-01 3.4680e-05
628 1.5000e-03 4.7600e-05 1.7338e-04 6.3359e-04 1.4757e-04 1.8896e-01 2.5806e-05
629 3.5000e-03 3.8900e-05 2.1139e-04 9.7635e-04 1.4983e-04 1.8813e-01 6.1557e-05
630 4.0000e-03 2.7500e-05 2.2438e-04 1.3145e-03 1.5375e-04 1.8697e-01 7.0627e-05
631 5.0000e-03 1.3300e-05 2.5371e-04 1.7267e-03 1.5943e-04 1.8541e-01 9.4275e-05
632 0.0000e+00 0.0000e+00 1.6744e-04 1.4120e-03 1.6744e-04 1.8416e-01 0.0000e+00
633 0.0000e+00 0.0000e+00 1.7408e-04 1.2122e-03 1.7408e-04 1.8312e-01 0.0000e+00
634 1.0000e-03 0.0000e+00 2.0647e-04 1.1813e-03 1.7982e-04 1.8212e-01 2.6658e-05
635 2.5000e-03 0.0000e+00 2.5307e-04 1.3477e-03 1.8553e-04 1.8096e-01 6.7543e-05
636 3.5000e-03 0.0000e+00 2.8695e-04 1.6049e-03 1.9239e-04 1.7955e-01 9.4560e-05
637 3.0000e-03 0.0000e+00 2.8213e-04 1.7481e-03 2.0108e-04 1.7800e-01 8.1051e-05
638 0.0000e+00 0.0000e+00 2.1104e-04 1.4690e-03 2.1104e-04 1.7674e-01 0.0000e+00
639 5.0000e-04 0.0000e+00 2.3301e-04 1.3406e-03 2.1950e-04 1.7562e-01 1.3509e-05
640 0.0000e+00 0.0000e+00 2.2732e-04 1.1564e-03 2.2732e-04 1.7469e-01 0.0000e+00
641 5.0000e-04 0.0000e+00 2.4753e-04 1.0770e-03 2.3402e-04 1.7385e-01 1.3509e-05
642 0.0000e+00 0.0000e+00 2.4027e-04 9.3025e-04 2.4027e-04 1.7316e-01 0.0000e+00
643 5.0000e-04 0.0000e+00 2.5901e-04 8.8293e-04 2.4551e-04 1.7252e-01 1.3509e-05
644 0.0000e+00 0.0000e+00 2.5044e-04 7.6159e-04 2.5044e-04 1.7201e-01 0.0000e+00
645 0.0000e+00 1.6900e-05 2.5448e-04 6.6470e-04 2.5448e-04 1.7160e-01 0.0000e+00
646 0.0000e+00 3.2600e-05 2.5776e-04 5.8157e-04 2.5776e-04 1.7128e-01 0.0000e+00
647 0.0000e+00 4.6100e-05 2.6038e-04 5.0974e-04 2.6038e-04 1.7103e-01 0.0000e+00
648 0.0000e+00 5.6400e-05 2.6242e-04 4.4740e-04 2.6242e-04 1.7084e-01 0.0000e+00
649 0.0000e+00 6.2400e-05 2.6394e-04 3.9315e-04 2.6394e-04 1.7071e-01 0.0000e+00
650 0.0000e+00 6.5200e-05 2.6501e-04 3.4586e-04 2.6501e-04 1.7063e-01 0.0000e+00
651 0.0000e+00 6.2400e-05 2.6568e-04 3.0456e-04 2.6568e-04 1.7059e-01 0.0000e+00
652 0.0000e+00 5.6400e-05 2.6600e-04 2.6846e-04 2.6600e-04 1.7059e-01 0.0000e+00
653 0.0000e+00 4.6100e-05 2.6602e-04 2.3685e-04 2.6602e-04 1.7062e-01 0.0000e+00
654 0.0000e+00 3.2600e-05 2.6578e-04 2.0915e-04 2.6578e-04 1.7068e-01 0.0000e+00
655 0.0000e+00 1.5800e-05 2.6531e-04 1.8484e-04 2.6531e-04 1.7076e-01 0.0000e+00
656 0.0000e+00 0.0000e+00 2.6464e-04 1.6350e-04 2.6464e-04 1.7086e-01 0.0000e+00
657 0.0000e+00 0.0000e+00 2.6381e-04 1.4474e-04 2.6381e-04 1.7098e-01 0.0000e+00
658 0.0000e+00 0.0000e+00 2.6283e-04 1.2823e-04 2.6283e-04 1.7111e-01 0.0000e+00
659 0.0000e+00 0.0000e+00 2.6173e-04 1.1369e-04 2.6173e-04 1.7126e-01 0.0000e+00
660 0.0000e+00 0.0000e+00 2.6052e-04 1.0087e-04 2.6052e-04 1.7142e-01 0.0000e+00
661 0.0000e+00 0.0000e+00 2.5922e-04 8.9563e-05 2.5922e-04 1.7159e-01 0.0000e+00
662 0.0000e+00 0.0000e+00 2.5785e-04 7.9577e-05 2.5785e-04 1.7177e-01 0.0000e+00
663 0.0000e+00 0.0000e+00 2.5642e-04 7.0754e-05 2.5642e-04 1.7195e-01 0.0000e+00
664 0.0000e+00 0.0000e+00 2.5493e-04 6.2951e-05 2.5493e-04 1.7214e-01 0.0000e+00
665 0.0000e+00 0.0000e+00 2.5341e-04 5.6044e-05 2.5341e-04 1.7234e-01 0.0000e+00
666 5.0000e-04 0.0000e+00 2.5210e-04 5.1263e-05 2.5185e-04 1.7254e-01 2.5047e-07
667 0.0000e+00 0.0000e+00 2.5028e-04 4.5463e-05 2.5028e-04 1.7275e-01 0.0000e+00
668 5.0000e-04 0.0000e+00 2.6219e-04 1.1229e-04 2.4868e-04 1.7288e-01 1.3509e-05
669 5.0000e-04 1.5300e-05 2.6113e-04 1.5949e-04 2.4762e-04 1.7297e-01 1.3509e-05
670 0.0000e+00 2.9500e-05 2.4694e-04 1.2665e-04 2.4694e-04 1.7309e-01 0.0000e+00
671 1.0000e-03 4.1700e-05 2.7182e-04 2.4433e-04 2.4602e-04 1.7309e-01 2.5807e-05
672 0.0000e+00 5.1100e-05 2.4600e-04 1.9129e-04 2.4600e-04 1.7315e-01 0.0000e+00
673 0.0000e+00 5.6500e-05 2.4558e-04 1.6197e-04 2.4558e-04 1.7323e-01 0.0000e+00
674 0.0000e+00 5.9000e-05 2.4494e-04 1.3885e-04 2.4494e-04 1.7334e-01 0.0000e+00
675 5.0000e-04 5.6500e-05 2.5202e-04 1.6164e-04 2.4413e-04 1.7342e-01 7.8896e-06
676 5.0000e-04 5.1100e-05 2.5548e-04 1.9756e-04 2.4350e-04 1.7347e-01 1.1982e-05
677 0.0000e+00 4.1700e-05 2.4315e-04 1.6148e-04 2.4315e-04 1.7355e-01 0.0000e+00
678 0.0000e+00 2.9500e-05 2.4253e-04 1.3832e-04 2.4253e-04 1.7365e-01 0.0000e+00
679 1.0000e-03 1.4300e-05 2.6546e-04 2.4454e-04 2.4174e-04 1.7365e-01 2.3715e-05
680 1.0000e-03 0.0000e+00 2.6840e-04 3.3475e-04 2.4177e-04 1.7356e-01 2.6631e-05
681 0.0000e+00 0.0000e+00 2.4247e-04 2.6740e-04 2.4247e-04 1.7353e-01 0.0000e+00
682 0.0000e+00 0.0000e+00 2.4266e-04 2.2703e-04 2.4266e-04 1.7355e-01 0.0000e+00
683 0.0000e+00 0.0000e+00 2.4254e-04 1.9489e-04 2.4254e-04 1.7359e-01 0.0000e+00
684 0.0000e+00 0.0000e+00 2.4218e-04 1.6845e-04 2.4218e-04 1.7367e-01 0.0000e+00
685 0.0000e+00 0.0000e+00 2.4162e-04 1.4627e-04 2.4162e-04 1.7376e-01 0.0000e+00
686 0.0000e+00 0.0000e+00 2.4090e-04 1.2746e-04 2.4090e-04 1.7388e-01 0.0000e+00
687 0.0000e+00 0.0000e+00 2.4005e-04 1.1137e-04 2.4005e-04 1.7401e-01 0.0000e+00
688 0.0000e+00 0.0000e+00 2.3909e-04 9.7537e-05 2.3909e-04 1.7415e-01 0.0000e+00
689 0.0000e+00 0.0000e+00 2.3803e-04 8.5595e-05 2.3803e-04 1.7430e-01 0.0000e+00
690 0.0000e+00 0.0000e+00 2.3690e-04 7.5246e-05 2.3690e-04 1.7446e-01 0.0000e+00
691 0.0000e+00 0.0000e+00 2.3571e-04 6.6255e-05 2.3571e-04 1.7463e-01 0.0000e+00
692 0.0000e+00 0.0000e+00 2.3446e-04 5.8421e-05 2.3446e-04 1.7481e-01 0.0000e+00
693 0.0000e+00 5.6100e-05 2.3318e-04 5.1582e-05 2.3318e-04 1.7499e-01 0.0000e+00
694 0.0000e+00 1.0830e-04 2.3186e-04 4.5598e-05 2.3186e-04 1.7517e-01 0.0000e+00
695 0.0000e+00 1.5320e-04 2.3051e-04 4.0354e-05 2.3051e-04 1.7537e-01 0.0000e+00
696 0.0000e+00 1.8770e-04 2.2914e-04 3.5751e-05 2.2914e-04 1.7556e-01 0.0000e+00
697 0.0000e+00 2.0760e-04 2.2776e-04 3.1705e-05 2.2776e-04 1.7575e-01 0.0000e+00
698 0.0000e+00 2.1680e-04 2.2637e-04 2.8143e-05 2.2637e-04 1.7595e-01 0.0000e+00
699 0.0000e+00 2.0760e-04 2.2497e-04 2.5003e-05 2.2497e-04 1.7615e-01 0.0000e+00
700 5.0000e-04 1.8770e-04 2.2357e-04 2.2232e-05 2.2357e-04 1.7635e-01 0.0000e+00
701 0.0000e+00 1.5320e-04 2.2217e-04 1.9784e-05 2.2217e-04 1.7656e-01 0.0000e+00
702 0.0000e+00 1.0830e-04 2.2077e-04 1.7619e-05 2.2077e-04 1.7676e-01 0.0000e+00
703 0.0000e+00 5.2400e-05 2.1937e-04 1.5703e-05 2.1937e-04 1.7696e-01 0.0000e+00
704 0.0000e+00 0.0000e+00 2.1798e-04 1.4005e-05 2.1798e-04 1.7717e-01 0.0000e+00
705 0.0000e+00 0.0000e+00 2.1660e-04 1.2499e-05 2.1660e-04 1.7737e-01 0.0000e+00
706 0.0000e+00 0.0000e+00 2.1522e-04 1.1162e-05 2.1522e-04 1.7758e-01 0.0000e+00
707 0.0000e+00 0.0000e+00 2.1385e-04 9.9743e-06 2.1385e-04 1.7778e-01 0.0000e+00
708 0.0000e+00 0.0000e+00 2.1249e-04 8.9183e-06 2.1249e-04 1.7798e-01 0.0000e+00
709 0.0000e+00 0.0000e+00 2.1115e-04 7.9788e-06 2.1115e-04 1.7819e-01 0.0000e+00
710 0.0000e+00 0.0000e+00 2.0981e-04 7.1423e-06 2.0981e-04 1.7839e-01 0.0000e+00
711 0.0000e+00 0.0000e+00 2.0848e-04 6.3970e-06 2.0848e-04 1.7859e-01 0.0000e+00
712 0.0000e+00 0.0000e+00 2.0717e-04 5.7325e-06 2.0717e-04 1.7879e-01 0.0000e+00
713 0.0000e+00 0.0000e+00 2.0587e-04 5.1390e-06 2.0587e-04 1.7899e-01 0.0000e+00
714 0.0000e+00 0.0000e+00 2.0458e-04 4.6099e-06 2.0458e-04 1.7919e-01 0.0000e+00
715 0.0000e+00 0.0000e+00 2.0331e-04 4.1372e-06 2.0331e-04 1.7939e-01 0.0000e+00
716 0.0000e+00 0.0000e+00 2.0205e-04 3.7147e-06 2.0205e-04 1.7959e-01 0.0000e+00
717 0.0000e+00 8.5600e-05 2.0080e-04 3.3369e-06 2.0080e-04 1.7979e-01 0.0000e+00
718 0.0000e+00 1.6520e-04 1.9956e-04 2.9988e-06 1.9956e-04 1.7998e-01 0.0000e+00
719 0.0000e+00 2.3380e-04 1.9834e-04 2.6962e-06 1.9834e-04 1.8018e-01 0.0000e+00
720 0.0000e+00 2.8620e-04 1.9713e-04 2.4251e-06 1.9713e-04 1.8037e-01 0.0000e+00
721 0.0000e+00 3.1670e-04 1.9594e-04 2.1821e-06 1.9594e-04 1.8057e-01 0.0000e+00
722 0.0000e+00 3.3060e-04 1.9476e-04 1.9643e-06 1.9476e-04 1.8076e-01 0.0000e+00
723 0.0000e+00 3.1670e-04 1.9359e-04 1.7689e-06 1.9359e-04 1.8095e-01 0.0000e+00
724 0.0000e+00 2.8620e-04 1.9243e-04 1.5928e-06 1.9243e-04 1.8114e-01 0.0000e+00
725 0.0000e+00 2.3380e-04 1.9128e-04 1.4355e-06 1.9128e-04 1.8133e-01 0.0000e+00
726 0.0000e+00 1.6520e-04 1.9015e-04 1.2942e-06 1.9015e-04 1.8152e-01 0.0000e+00
727 0.0000e+00 8.0000e-05 1.8903e-04 1.1672e-06 1.8903e-04 1.8171e-01 0.0000e+00
728 0.0000e+00 0.0000e+00 1.8793e-04 1.0531e-06 1.8793e-04 1.8190e-01 0.0000e+00
729 0.0000e+00 0.0000e+00 1.8683e-04 9.5043e-07 1.8683e-04 1.8208e-01 0.0000e+00
730 0.0000e+00 0.0000e+00 1.8575e-04 8.5806e-07 1.8575e-04 1.8227e-01 0.0000e+00
731 0.0000e+00 0.0000e+00 1.8468e-04 7.7492e-07 1.8468e-04 1.8245e-01 0.0000e+00
732 0.0000e+00 0.0000e+00 1.8362e-04 7.0005e-07 1.8362e-04 1.8264e-01 0.0000e+00
733 0.0000e+00 0.0000e+00 1.8258e-04 6.3261e-07 1.8258e-04 1.8282e-01 0.0000e+00
734 0.0000e+00 0.0000e+00 1.8154e-04 5.7185e-07 1.8154e-04 1.8300e-01 0.0000e+00
735 0.0000e+00 0.0000e+00 1.8052e-04 5.1598e-07 1.8052e-04 1.8318e-01 0.0000e+00
736 0.0000e+00 0.0000e+00 1.7950e-04 4.6677e-07 1.7950e-04 1.8336e-01 0.0000e+00
737 0.0000e+00 0.0000e+00 1.7850e-04 4.2237e-07 1.7850e-04 1.8354e-01 0.0000e+00
738 0.0000e+00 0.0000e+00 1.7751e-04 3.8230e-07 1.7751e-04 1.8371e-01 0.0000e+00
739 0.0000e+00 0.0000e+00 1.7653e-04 3.4613e-07 1.7653e-04 1.8389e-01 0.0000e+00
740 0.0000e+00 0.0000e+00 1.7556e-04 3.1346e-07 1.7556e-04 1.8406e-01 0.0000e+00
741 0.0000e+00 7.4700e-05 1.7460e-04 2.8394e-07 1.7460e-04 1.8424e-01 0.0000e+00
742 0.0000e+00 1.4410e-04 1.7366e-04 2.5728e-07 1.7366e-04 1.8441e-01 0.0000e+00
743 0.0000e+00 2.0380e-04 1.7272e-04 2.3318e-07 1.7272e-04 1.8458e-01 0.0000e+00
744 0.0000e+00 2.4960e-04 1.7179e-04 2.1138e-07 1.7179e-04 1.8476e-01 0.0000e+00
745 0.0000e+00 2.7610e-04 1.7087e-04 1.9168e-07 1.7087e-04 1.8493e-01 0.0000e+00
746 0.0000e+00 2.8830e-04 1.6996e-04 1.7385e-07 1.6996e-04 1.8510e-01 0.0000e+00
747 0.0000e+00 2.7610e-04 1.6906e-04 1.5642e-07 1.6906e-04 1.8526e-01 0.0000e+00
748 0.0000e+00 2.4960e-04 1.6817e-04 1.4200e-07 1.6817e-04 1.8543e-01 0.0000e+00
749 0.0000e+00 2.0380e-04 1.6729e-04 1.2893e-07 1.6729e-04 1.8560e-01 0.0000e+00
750 0.0000e+00 1.4410e-04 1.6642e-04 1.1709e-07 1.6642e-04 1.8577e-01 0.0000e+00
751 0.0000e+00 6.9800e-05 1.6556e-04 1.0636e-07 1.6556e-04 1.8593e-01 0.0000e+00
752 0.0000e+00 0.0000e+00 1.6470e-04 9.6635e-08 1.6470e-04 1.8610e-01 0.0000e+00
753 0.0000e+00 0.0000e+00 1.6386e-04 8.7816e-08 1.6386e-04 1.8626e-01 0.0000e+00
754 0.0000e+00 0.0000e+00 1.6302e-04 7.9818e-08 1.6302e-04 1.8642e-01 0.0000e+00
755 0.0000e+00 0.0000e+00 1.6219e-04 7.2563e-08 1.6219e-04 1.8659e-01 0.0000e+00
756 0.0000e+00 0.0000e+00 1.6137e-04 6.5981e-08 1.6137e-04 1.8675e-01 0.0000e+00
757 0.0000e+00 0.0000e+00 1.6056e-04 6.0007e-08 1.6056e-04 1.8691e-01 0.0000e+00
758 0.0000e+00 0.0000e+00 1.5976e-04 5.2911e-08 1.5976e-04 1.8707e-01 0.0000e+00
759 0.0000e+00 0.0000e+00 1.5896e-04 4.8186e-08 1.5896e-04 1.8723e-01 0.0000e+00
760 0.0000e+00 0.0000e+00 1.5818e-04 4.3891e-08 1.5818e-04 1.8738e-01 0.0000e+00
761 0.0000e+00 0.0000e+00 1.5740e-04 3.9985e-08 1.5740e-04 1.8754e-01 0.0000e+00
762 0.0000e+00 0.0000e+00 1.5662e-04 3.6432e-08 1.5662e-04 1.8770e-01 0.0000e+00
763 0.0000e+00 0.0000e+00 1.5586e-04 3.3200e-08 1.5586e-04 1.8785e-01 0.0000e+00
764 0.0000e+00 0.0000e+00 1.5510e-04 3.0259e-08 1.5510e-04 1.8801e-01 0.0000e+00
765 0.0000e+00 9.6700e-05 1.5435e-04 2.7584e-08 1.5435e-04 1.8816e-01 0.0000e+00
766 0.0000e+00 1.8660e-04 1.5361e-04 2.5149e-08 1.5361e-04 1.8832e-01 0.0000e+00
767 0.0000e+00 2.6400e-04 1.5287e-04 2.2932e-08 1.5287e-04 1.8847e-01 0.0000e+00
768 0.0000e+00 3.2330e-04 1.5215e-04 2.0914e-08 1.5215e-04 1.8862e-01 0.0000e+00
769 0.0000e+00 3.5770e-04 1.5142e-04 1.9076e-08 1.5142e-04 1.8877e-01 0.0000e+00
770 0.0000e+00 3.7350e-04 1.5071e-04 1.5714e-08 1.5071e-04 1.8892e-01 0.0000e+00
771 0.0000e+00 3.5770e-04 1.5000e-04 1.4365e-08 1.5000e-04 1.8907e-01 0.0000e+00
772 0.0000e+00 3.2330e-04 1.4930e-04 1.3134e-08 1.4930e-04 1.8922e-01 0.0000e+00
773 0.0000e+00 2.6400e-04 1.4861e-04 1.2010e-08 1.4861e-04 1.8937e-01 0.0000e+00
774 0.0000e+00 1.8660e-04 1.4792e-04 1.0984e-08 1.4792e-04 1.8952e-01 0.0000e+00
775 0.0000e+00 9.0400e-05 1.4724e-04 1.0046e-08 1.4724e-04 1.8967e-01 0.0000e+00
776 0.0000e+00 0.0000e+00 1.4656e-04 9.1890e-09 1.4656e-04 1.8981e-01 0.0000e+00
777 0.0000e+00 0.0000e+00 1.4589e-04 8.4062e-09 1.4589e-04 1.8996e-01 0.0000e+00
778 0.0000e+00 0.0000e+00 1.4523e-04 7.6910e-09 1.4523e-04 1.9010e-01 0.0000e+00
779 0.0000e+00 0.0000e+00 1.4457e-04 7.0374e-09 1.4457e-04 1.9025e-01 0.0000e+00
780 0.0000e+00 0.0000e+00 1.4392e-04 6.4400e-09 1.4392e-04 1.9039e-01 0.0000e+00
781 0.0000e+00 0.0000e+00 1.4327e-04 5.8940e-09 1.4327e-04 1.9054e-01 0.0000e+00
782 0.0000e+00 0.0000e+00 1.4263e-04 4.0074e-09 1.4263e-04 1.9068e-01 0.0000e+00
783 0.0000e+00 0.0000e+00 1.4200e-04 3.6807e-09 1.4200e-04 1.9082e-01 0.0000e+00
784 0.0000e+00 0.0000e+00 1.4137e-04 3.3808e-09 1.4137e-04 1.9096e-01 0.0000e+00
785 0.0000e+00 0.0000e+00 1.4074e-04 3.1056e-09 1.4074e-04 1.9110e-01 0.0000e+00
786 0.0000e+00 0.0000e+00 1.4013e-04 2.8531e-09 1.4013e-04 1.9124e-01 0.0000e+00
787 0.0000e+00 0.0000e+00 1.3952e-04 2.6212e-09 1.3952e-04 1.9138e-01 0.0000e+00
788 0.0000e+00 0.0000e+00 1.3891e-04 2.4084e-09 1.3891e-04 1.9152e-01 0.0000e+00
789 0.0000e+00 1.2590e-04 1.3831e-04 2.2130e-09 1.3831e-04 1.9166e-01 0.0000e+00
790 0.0000e+00 2.4290e-04 1.3771e-04 2.0336e-09 1.3771e-04 1.9180e-01 0.0000e+00
791 0.0000e+00 3.4370e-04 1.3712e-04 1.8689e-09 1.3712e-04 1.9193e-01 0.0000e+00
792 0.0000e+00 4.2090e-04 1.3653e-04 1.7177e-09 1.3653e-04 1.9207e-01 0.0000e+00
793 0.0000e+00 4.6560e-04 1.3595e-04 1.5788e-09 1.3595e-04 1.9221e-01 0.0000e+00
794 0.0000e+00 4.8620e-04 1.3537e-04 7.0099e-10 1.3537e-04 1.9234e-01 0.0000e+00
795 0.0000e+00 4.6560e-04 1.3480e-04 6.4728e-10 1.3480e-04 1.9248e-01 0.0000e+00
796 0.0000e+00 4.2090e-04 1.3424e-04 5.9771e-10 1.3424e-04 1.9261e-01 0.0000e+00
797 0.0000e+00 3.4370e-04 1.3367e-04 5.5197e-10 1.3367e-04 1.9274e-01 0.0000e+00
798 0.0000e+00 2.4290e-04 1.3312e-04 5.0976e-10 1.3312e-04 1.9288e-01 0.0000e+00
799 0.0000e+00 1.1760e-04 1.3256e-04 4.7079e-10 1.3256e-04 1.9301e-01 0.0000e+00
800 0.0000e+00 0.0000e+00 1.3202e-04 4.3483e-10 1.3202e-04 1.9314e-01 0.0000e+00
801 0.0000e+00 0.0000e+00 1.3147e-04 4.0163e-10 1.3147e-04 1.9327e-01 0.0000e+00
802 0.0000e+00 0.0000e+00 1.3093e-04 3.7099e-10 1.3093e-04 1.9341e-01 0.0000e+00
803 0.0000e+00 0.0000e+00 1.3040e-04 3.4270e-10 1.3040e-04 1.9354e-01 0.0000e+00
804 0.0000e+00 0.0000e+00 1.2987e-04 3.1659e-10 1.2987e-04 1.9367e-01 0.0000e+00
805 0.0000e+00 0.0000e+00 1.2934e-04 2.9248e-10 1.2934e-04 1.9379e-01 0.0000e+00
806 0.0000e+00 0.0000e+00 1.2882e-04 5.6396e-11 1.2882e-04 1.9392e-01 0.0000e+00
807 0.0000e+00 0.0000e+00 1.2830e-04 5.2361e-11 1.2830e-04 1.9405e-01 0.0000e+00
808 0.0000e+00 0.0000e+00 1.2779e-04 4.8617e-11 1.2779e-04 1.9418e-01 0.0000e+00
809 0.0000e+00 0.0000e+00 1.2728e-04 4.5141e-11 1.2728e-04 1.9431e-01 0.0000e+00
810 0.0000e+00 0.0000e+00 1.2678e-04 4.1916e-11 1.2678e-04 1.9443e-01 0.0000e+00
811 0.0000e+00 0.0000e+00 1.2627e-04 3.8923e-11 1.2627e-04 1.9456e-01 0.0000e+00
812 0.0000e+00 0.0000e+00 1.2578e-04 3.6145e-11 1.2578e-04 1.9469e-01 0.0000e+00
813 0.0000e+00 3.0400e-05 1.2528e-04 3.3566e-11 1.2528e-04 1.9481e-01 0.0000e+00
814 0.0000e+00 5.8700e-05 1.2479e-04 3.1173e-11 1.2479e-04 1.9494e-01 0.0000e+00
815 0.0000e+00 8.3100e-05 1.2431e-04 2.8951e-11 1.2431e-04 1.9506e-01 0.0000e+00
816 0.0000e+00 1.0180e-04 1.2383e-04 2.6888e-11 1.2383e-04 1.9518e-01 0.0000e+00
817 0.0000e+00 1.1260e-04 1.2335e-04 2.4973e-11 1.2335e-04 1.9531e-01 0.0000e+00
818 0.0000e+00 1.1760e-04 1.2287e-04 2.3196e-11 1.2287e-04 1.9543e-01 0.0000e+00
819 0.0000e+00 1.1260e-04 1.2240e-04 0.0000e+00 1.2240e-04 1.9555e-01 0.0000e+00
820 0.0000e+00 1.0180e-04 1.2194e-04 0.0000e+00 1.2194e-04 1.9567e-01 0.0000e+00
821 0.0000e+00 8.3100e-05 1.2147e-04 0.0000e+00 1.2147e-04 1.9580e-01 0.0000e+00
822 0.0000e+00 5.8700e-05 1.2101e-04 0.0000e+00 1.2101e-04 1.9592e-01 0.0000e+00
823 0.0000e+00 2.8400e-05 1.2056e-04 0.0000e+00 1.2056e-04 1.9604e-01 0.0000e+00
824 0.0000e+00 0.0000e+00 1.2010e-04 0.0000e+00 1.2010e-04 1.9616e-01 0.0000e+00
825 0.0000e+00 0.0000e+00 1.1965e-04 0.0000e+00 1.1965e-04 1.9628e-01 0.0000e+00
826 0.0000e+00 0.0000e+00 1.1921e-04 0.0000e+00 1.1921e-04 1.9640e-01 0.0000e+00
827 0.0000e+00 0.0000e+00 1.1876e-04 0.0000e+00 1.1876e-04 1.9652e-01 0.0000e+00
828 0.0000e+00 0.0000e+00 1.1832e-04 0.0000e+00 1.1832e-04 1.9663e-01 0.0000e+00
829 0.0000e+00 0.0000e+00 1.1789e-04 0.0000e+00 1.1789e-04 1.9675e-01 0.0000e+00
830 0.0000e+00 0.0000e+00 1.1745e-04 0.0000e+00 1.1745e-04 1.9687e-01 0.0000e+00
831 0.0000e+00 0.0000e+00 1.1702e-04 0.0000e+00 1.1702e-04 1.9699e-01 0.0000e+00
832 0.0000e+00 0.0000e+00 1.1659e-04 0.0000e+00 1.1659e-04 1.9710e-01 0.0000e+00
833 0.0000e+00 0.0000e+00 1.1617e-04 0.0000e+00 1.1617e-04 1.9722e-01 0.0000e+00
834 0.0000e+00 0.0000e+00 1.1575e-04 0.0000e+00 1.1575e-04 1.9733e-01 0.0000e+00
835 0.0000e+00 0.0000e+00 1.1533e-04 0.0000e+00 1.1533e-04 1.9745e-01 0.0000e+00
836 0.0000e+00 0.0000e+00 1.1492e-04 0.0000e+00 1.1492e-04 1.9756e-01 0.0000e+00
837 0.0000e+00 6.6100e-05 1.1450e-04 0.0000e+00 1.1450e-04 1.9768e-01 0.0000e+00
838 0.0000e+00 1.2750e-04 1.1410e-04 0.0000e+00 1.1410e-04 1.9779e-01 0.0000e+00
839 0.0000e+00 1.8040e-04 1.1369e-04 0.0000e+00 1.1369e-04 1.9791e-01 0.0000e+00
840 0.0000e+00 2.2090e-04 1.1329e-04 0.0000e+00 1.1329e-04 1.9802e-01 0.0000e+00
841 0.0000e+00 2.4430e-04 1.1289e-04 0.0000e+00 1.1289e-04 1.9813e-01 0.0000e+00
842 0.0000e+00 2.5510e-04 1.1249e-04 0.0000e+00 1.1249e-04 1.9825e-01 0.0000e+00
843 0.0000e+00 2.4430e-04 1.1209e-04 0.0000e+00 1.1209e-04 1.9836e-01 0.0000e+00
844 0.0000e+00 2.2090e-04 1.1170e-04 0.0000e+00 1.1170e-04 1.9847e-01 0.0000e+00
845 0.0000e+00 1.8040e-04 1.1131e-04 0.0000e+00 1.1131e-04 1.9858e-01 0.0000e+00
846 0.0000e+00 1.2750e-04 1.1093e-04 0.0000e+00 1.1093e-04 1.9869e-01 0.0000e+00
847 0.0000e+00 6.1700e-05 1.1054e-04 0.0000e+00 1.1054e-04 1.9880e-01 0.0000e+00
848 0.0000e+00 0.0000e+00 1.1016e-04 0.0000e+00 1.1016e-04 1.9891e-01 0.0000e+00
849 0.0000e+00 0.0000e+00 1.0978e-04 0.0000e+00 1.0978e-04 1.9902e-01 0.0000e+00
850 0.0000e+00 0.0000e+00 1.0941e-04 0.0000e+00 1.0941e-04 1.9913e-01 0.0000e+00
851 0.0000e+00 0.0000e+00 1.0903e-04 0.0000e+00 1.0903e-04 1.9924e-01 0.0000e+00
852 0.0000e+00 0.0000e+00 1.0866e-04 0.0000e+00 1.0866e-04 1.9935e-01 0.0000e+00
853 0.0000e+00 0.0000e+00 1.0829e-04 0.0000e+00 1.0829e-04 1.9946e-01 0.0000e+00
854 0.0000e+00 0.0000e+00 1.0793e-04 0.0000e+00 1.0793e-04 1.9957e-01 0.0000e+00
855 0.0000e+00 0.0000e+00 1.0756e-04 0.0000e+00 1.0756e-04 1.9967e-01 0.0000e+00
856 0.0000e+00 0.0000e+00 1.0720e-04 0.0000e+00 1.0720e-04 1.9978e-01 0.0000e+00
857 0.0000e+00 0.0000e+00 1.0684e-04 0.0000e+00 1.0684e-04 1.9989e-01 0.0000e+00
858 0.0000e+00 0.0000e+00 1.0649e-04 0.0000e+00 1.0649e-04 1.9999e-01 0.0000e+00
859 0.0000e+00 0.0000e+00 1.0614e-04 0.0000e+00 1.0614e-04 2.0010e-01 0.0000e+00
860 0.0000e+00 0.0000e+00 1.0578e-04 0.0000e+00 1.0578e-04 2.0021e-01 0.0000e+00
861 0.0000e+00 9.7600e-05 1.0543e-04 0.0000e+00 1.0543e-04 2.0031e-01 0.0000e+00
862 0.0000e+00 1.8830e-04 1.0509e-04 0.0000e+00 1.0509e-04 2.0042e-01 0.0000e+00
863 0.0000e+00 2.6650e-04 1.0474e-04 0.0000e+00 1.0474e-04 2.0052e-01 0.0000e+00
864 0.0000e+00 3.2630e-04 1.0440e-04 0.0000e+00 1.0440e-04 2.0063e-01 0.0000e+00
865 0.0000e+00 3.6100e-04 1.0406e-04 0.0000e+00 1.0406e-04 2.0073e-01 0.0000e+00
866 0.0000e+00 3.7690e-04 1.0372e-04 0.0000e+00 1.0372e-04 2.0083e-01 0.0000e+00
867 0.0000e+00 3.6100e-04 1.0339e-04 0.0000e+00 1.0339e-04 2.0094e-01 0.0000e+00
868 0.0000e+00 3.2630e-04 1.0305e-04 0.0000e+00 1.0305e-04 2.0104e-01 0.0000e+00
869 0.0000e+00 2.6650e-04 1.0272e-04 0.0000e+00 1.0272e-04 2.0114e-01 0.0000e+00
870 0.0000e+00 1.8830e-04 1.0239e-04 0.0000e+00 1.0239e-04 2.0124e-01 0.0000e+00
871 0.0000e+00 9.1200e-05 1.0207e-04 0.0000e+00 1.0207e-04 2.0135e-01 0.0000e+00
872 0.0000e+00 0.0000e+00 1.0174e-04 0.0000e+00 1.0174e-04 2.0145e-01 0.0000e+00
873 0.0000e+00 0.0000e+00 1.0142e-04 0.0000e+00 1.0142e-04 2.0155e-01 0.0000e+00
874 0.0000e+00 0.0000e+00 1.0110e-04 0.0000e+00 1.0110e-04 2.0165e-01 0.0000e+00
875 0.0000e+00 0.0000e+00 1.0078e-04 0.0000e+00 1.0078e-04 2.0175e-01 0.0000e+00
876 0.0000e+00 0.0000e+00 1.0046e-04 0.0000e+00 1.0046e-04 2.0185e-01 0.0000e+00
877 0.0000e+00 0.0000e+00 1.0015e-04 0.0000e+00 1.0015e-04 2.0195e-01 0.0000e+00
878 0.0000e+00 0.0000e+00 9.9834e-05 0.0000e+00 9.9834e-05 2.0205e-01 0.0000e+00
879 0.0000e+00 0.0000e+00 9.9523e-05 0.0000e+00 9.9523e-05 2.0215e-01 0.0000e+00
880 0.0000e+00 0.0000e+00 9.9214e-05 0.0000e+00 9.9214e-05 2.0225e-01 0.0000e+00
881 0.0000e+00 0.0000e+00 9.8906e-05 0.0000e+00 9.8906e-05 2.0235e-01 0.0000e+00
882 0.0000e+00 0.0000e+00 9.8601e-05 0.0000e+00 9.8601e-05 2.0245e-01 0.0000e+00
883 0.0000e+00 0.0000e+00 9.8298e-05 0.0000e+00 9.8298e-05 2.0255e-01 0.0000e+00
884 0.0000e+00 0.0000e+00 9.7996e-05 0.0000e+00 9.7996e-05 2.0264e-01 0.0000e+00
885 0.0000e+00 6.4300e-05 9.7697e-05 0.0000e+00 9.7697e-05 2.0274e-01 0.0000e+00
886 0.0000e+00 1.2410e-04 9.7399e-05 0.0000e+00 9.7399e-05 2.0284e-01 0.0000e+00
887 0.0000e+00 1.7560e-04 9.7103e-05 0.0000e+00 9.7103e-05 2.0294e-01 0.0000e+00
888 0.0000e+00 2.1500e-04 9.6809e-05 0.0000e+00 9.6809e-05 2.0303e-01 0.0000e+00
889 0.0000e+00 2.3790e-04 9.6516e-05 0.0000e+00 9.6516e-05 2.0313e-01 0.0000e+00
890 0.0000e+00 2.4840e-04 9.6226e-05 0.0000e+00 9.6226e-05 2.0323e-01 0.0000e+00
891 0.0000e+00 2.3790e-04 9.5937e-05 0.0000e+00 9.5937e-05 2.0332e-01 0.0000e+00
892 0.0000e+00 2.1500e-04 9.5650e-05 0.0000e+00 9.5650e-05 2.0342e-01 0.0000e+00
893 0.0000e+00 1.7560e-04 9.5364e-05 0.0000e+00 9.5364e-05 2.0351e-01 0.0000e+00
894 0.0000e+00 1.2410e-04 9.5080e-05 0.0000e+00 9.5080e-05 2.0361e-01 0.0000e+00
895 0.0000e+00 6.0100e-05 9.4798e-05 0.0000e+00 9.4798e-05 2.0370e-01 0.0000e+00
896 0.0000e+00 0.0000e+00 9.4518e-05 0.0000e+00 9.4518e-05 2.0380e-01 0.0000e+00
897 0.0000e+00 0.0000e+00 9.4239e-05 0.0000e+00 9.4239e-05 2.0389e-01 0.0000e+00
898 0.0000e+00 0.0000e+00 9.3962e-05 0.0000e+00 9.3962e-05 2.0399e-01 0.0000e+00
899 0.0000e+00 0.0000e+00 9.3686e-05 0.0000e+00 9.3686e-05 2.0408e-01 0.0000e+00
900 0.0000e+00 0.0000e+00 9.3413e-05 0.0000e+00 9.3413e-05 2.0417e-01 0.0000e+00
901 0.0000e+00 0.0000e+00 9.3140e-05 0.0000e+00 9.3140e-05 2.0427e-01 0.0000e+00
902 0.0000e+00 0.0000e+00 9.2870e-05 0.0000e+00 9.2870e-05 2.0436e-01 0.0000e+00
903 0.0000e+00 0.0000e+00 9.2600e-05 0.0000e+00 9.2600e-05 2.0445e-01 0.0000e+00
904 0.0000e+00 0.0000e+00 9.2333e-05 0.0000e+00 9.2333e-05 2.0454e-01 0.0000e+00
905 0.0000e+00 0.0000e+00 9.2067e-05 0.0000e+00 9.2067e-05 2.0464e-01 0.0000e+00
906 0.0000e+00 0.0000e+00 9.1802e-05 0.0000e+00 9.1802e-05 2.0473e-01 0.0000e+00
907 0.0000e+00 0.0000e+00 9.1539e-05 0.0000e+00 9.1539e-05 2.0482e-01 0.0000e+00
908 0.0000e+00 0.0000e+00 9.1278e-05 0.0000e+00 9.1278e-05 2.0491e-01 0.0000e+00
909 0.0000e+00 8.0200e-05 9.1018e-05 0.0000e+00 9.1018e-05 2.0500e-01 0.0000e+00
910 0.0000e+00 1.5480e-04 9.0759e-05 0.0000e+00 9.0759e-05 2.0509e-01 0.0000e+00
911 0.0000e+00 2.1910e-04 9.0502e-05 0.0000e+00 9.0502e-05 2.0518e-01 0.0000e+00
912 0.0000e+00 2.6830e-04 9.0247e-05 0.0000e+00 9.0247e-05 2.0527e-01 0.0000e+00
913 0.0000e+00 2.9680e-04 8.9992e-05 0.0000e+00 8.9992e-05 2.0536e-01 0.0000e+00
914 0.0000e+00 3.0990e-04 8.9740e-05 0.0000e+00 8.9740e-05 2.0545e-01 0.0000e+00
915 0.0000e+00 2.9680e-04 8.9488e-05 0.0000e+00 8.9488e-05 2.0554e-01 0.0000e+00
916 0.0000e+00 2.6830e-04 8.9239e-05 0.0000e+00 8.9239e-05 2.0563e-01 0.0000e+00
917 0.0000e+00 2.1910e-04 8.8990e-05 0.0000e+00 8.8990e-05 2.0572e-01 0.0000e+00
918 0.0000e+00 1.5480e-04 8.8743e-05 0.0000e+00 8.8743e-05 2.0581e-01 0.0000e+00
919 0.0000e+00 7.5000e-05 8.8497e-05 0.0000e+00 8.8497e-05 2.0590e-01 0.0000e+00
920 0.0000e+00 0.0000e+00 8.8253e-05 0.0000e+00 8.8253e-05 2.0599e-01 0.0000e+00
921 0.0000e+00 0.0000e+00 8.8010e-05 0.0000e+00 8.8010e-05 2.0607e-01 0.0000e+00
922 0.0000e+00 0.0000e+00 8.7768e-05 0.0000e+00 8.7768e-05 2.0616e-01 0.0000e+00
923 0.0000e+00 0.0000e+00 8.7528e-05 0.0000e+00 8.7528e-05 2.0625e-01 0.0000e+00
924 0.0000e+00 0.0000e+00 8.7288e-05 0.0000e+00 8.7288e-05 2.0634e-01 0.0000e+00
925 0.0000e+00 0.0000e+00 8.7051e-05 0.0000e+00 8.7051e-05 2.0642e-01 0.0000e+00
926 0.0000e+00 0.0000e+00 8.6814e-05 0.0000e+00 8.6814e-05 2.0651e-01 0.0000e+00
927 0.0000e+00 0.0000e+00 8.6579e-05 0.0000e+00 8.6579e-05 2.0660e-01 0.0000e+00
928 0.0000e+00 0.0000e+00 8.6345e-05 0.0000e+00 8.6345e-05 2.0668e-01 0.0000e+00
929 0.0000e+00 0.0000e+00 8.6112e-05 0.0000e+00 8.6112e-05 2.0677e-01 0.0000e+00
930 0.0000e+00 0.0000e+00 8.5881e-05 0.0000e+00 8.5881e-05 2.0686e-01 0.0000e+00
931 0.0000e+00 0.0000e+00 8.5651e-05 0.0000e+00 8.5651e-05 2.0694e-01 0.0000e+00
932 0.0000e+00 0.0000e+00 8.5422e-05 0.0000e+00 8.5422e-05 2.0703e-01 0.0000e+00
933 0.0000e+00 9.6000e-05 8.5194e-05 0.0000e+00 8.5194e-05 2.0711e-01 0.0000e+00
934 0.0000e+00 1.8520e-04 8.4968e-05 0.0000e+00 8.4968e-05 2.0720e-01 0.0000e+00
935 0.0000e+00 2.6210e-04 8.4742e-05 0.0000e+00 8.4742e-05 2.0728e-01 0.0000e+00
936 0.0000e+00 3.2090e-04 8.4518e-05 0.0000e+00 8.4518e-05 2.0737e-01 0.0000e+00
937 0.0000e+00 3.5500e-04 8.4295e-05 0.0000e+00 8.4295e-05 2.0745e-01 0.0000e+00
938 0.0000e+00 3.7070e-04 8.4074e-05 0.0000e+00 8.4074e-05 2.0753e-01 0.0000e+00
939 0.0000e+00 3.5500e-04 8.3853e-05 0.0000e+00 8.3853e-05 2.0762e-01 0.0000e+00
940 0.0000e+00 3.2090e-04 8.3633e-05 0.0000e+00 8.3633e-05 2.0770e-01 0.0000e+00
941 0.0000e+00 2.6210e-04 8.3415e-05 0.0000e+00 8.3415e-05 2.0779e-01 0.0000e+00
942 0.0000e+00 1.8520e-04 8.3198e-05 0.0000e+00 8.3198e-05 2.0787e-01 0.0000e+00
943 0.0000e+00 8.9700e-05 8.2982e-05 0.0000e+00 8.2982e-05 2.0795e-01 0.0000e+00
944 0.0000e+00 0.0000e+00 8.2767e-05 0.0000e+00 8.2767e-05 2.0803e-01 0.0000e+00
945 0.0000e+00 0.0000e+00 8.2553e-05 0.0000e+00 8.2553e-05 2.0812e-01 0.0000e+00
946 0.0000e+00 0.0000e+00 8.2341e-05 0.0000e+00 8.2341e-05 2.0820e-01 0.0000e+00
947 0.0000e+00 0.0000e+00 8.2129e-05 0.0000e+00 8.2129e-05 2.0828e-01 0.0000e+00
948 0.0000e+00 0.0000e+00 8.1918e-05 0.0000e+00 8.1918e-05 2.0836e-01 0.0000e+00
949 0.0000e+00 0.0000e+00 8.1709e-05 0.0000e+00 8.1709e-05 2.0844e-01 0.0000e+00
950 0.0000e+00 0.0000e+00 8.1501e-05 0.0000e+00 8.1501e-05 2.0853e-01 0.0000e+00
Objective function values:
F1 2.131256e-06    NSE 0.63363   F2 3.403644e-02
Mean Obs Q 1.590065e-04   Variance Obs Q 6.123405e-09
    Error Variance 2.243428e-09

Water Balance for Subcatchment: Extracted study basin: Taegu Pyungkwang River

   SUMP       SUMAE      SUMQ       SUMRZ      SUMUZ      SBAR        BAL
1.890e-01  4.474e-02  1.188e-01  1.895e-02  0.000e+00  2.085e-01  1.340e-02
