1 0.000033 0.000033
2 0.000032 0.000033
3 0.000033 0.000033
4 0.000033 0.000033
5 0.000035 0.000048
6 0.000036 0.000042
7 0.000036 0.000042
8 0.000036 0.000033
9 0.000035 0.000043
10 0.000035 0.000043
11 0.000036 0.000033
12 0.000035 0.000034
13 0.000035 0.000054
14 0.000036 0.000044
15 0.000037 0.000044
16 0.000037 0.000055
17 0.000037 0.000035
18 0.000037 0.000035
19 0.000036 0.000036
20 0.000035 0.000036
21 0.000035 0.000036
22 0.000034 0.000036
23 0.000034 0.000036
24 0.000036 0.000104
25 0.000042 0.000082
26 0.000058 0.000188
27 0.000086 0.000209
28 0.000105 0.000068
29 0.000091 0.000114
30 0.000076 0.000046
31 0.000064 0.000048
32 0.000056 0.000076
33 0.000054 0.000066
34 0.000052 0.000054
35 0.000050 0.000055
36 0.000049 0.000057
37 0.000048 0.000058
38 0.000048 0.000059
39 0.000048 0.000060
40 0.000048 0.000061
41 0.000047 0.000062
42 0.000046 0.000063
43 0.000046 0.000063
44 0.000046 0.000064
45 0.000046 0.000064
46 0.000048 0.000092
47 0.000049 0.000065
48 0.000049 0.000076
49 0.000049 0.000066
50 0.000049 0.000090
51 0.000053 0.000154
52 0.000063 0.000178
53 0.000079 0.000161
54 0.000090 0.000183
55 0.000098 0.000168
56 0.000103 0.000154
57 0.000103 0.000121
58 0.000095 0.000124
59 0.000086 0.000090
60 0.000082 0.000112
61 0.000082 0.000114
62 0.000082 0.000098
63 0.000084 0.000100
64 0.000087 0.000102
65 0.000090 0.000104
66 0.000093 0.000106
67 0.000097 0.000107
68 0.000101 0.000108
69 0.000105 0.000109
70 0.000108 0.000109
71 0.000110 0.000110
72 0.000112 0.000110
73 0.000115 0.000111
74 0.000116 0.000111
75 0.000117 0.000111
76 0.000118 0.000111
77 0.000121 0.000111
78 0.000122 0.000111
79 0.000122 0.000111
80 0.000123 0.000111
81 0.000123 0.000111
82 0.000123 0.000111
83 0.000124 0.000111
84 0.000127 0.000111
85 0.000127 0.000110
86 0.000128 0.000110
87 0.000128 0.000110
88 0.000128 0.000110
89 0.000128 0.000109
90 0.000130 0.000109
91 0.000130 0.000109
92 0.000131 0.000109
93 0.000133 0.000108
94 0.000134 0.000108
95 0.000134 0.000108
96 0.000135 0.000107
97 0.000136 0.000107
98 0.000139 0.000107
99 0.000140 0.000106
100 0.000140 0.000106
101 0.000140 0.000106
102 0.000140 0.000105
103 0.000140 0.000105
104 0.000140 0.000105
105 0.000140 0.000104
106 0.000140 0.000104
107 0.000140 0.000104
108 0.000141 0.000104
109 0.000141 0.000103
110 0.000141 0.000103
111 0.000141 0.000103
112 0.000140 0.000102
113 0.000141 0.000102
114 0.000141 0.000102
115 0.000141 0.000101
116 0.000141 0.000101
117 0.000141 0.000101
118 0.000140 0.000100
119 0.000140 0.000100
120 0.000140 0.000100
121 0.000139 0.000099
122 0.000140 0.000099
123 0.000140 0.000099
124 0.000140 0.000099
125 0.000140 0.000098
126 0.000140 0.000098
127 0.000140 0.000098
128 0.000139 0.000097
129 0.000138 0.000097
130 0.000138 0.000097
131 0.000137 0.000096
132 0.000136 0.000096
133 0.000136 0.000096
134 0.000136 0.000096
135 0.000135 0.000095
136 0.000135 0.000095
137 0.000135 0.000095
138 0.000134 0.000094
139 0.000134 0.000094
140 0.000133 0.000094
141 0.000133 0.000094
142 0.000133 0.000093
143 0.000131 0.000093
144 0.000130 0.000093
145 0.000130 0.000093
146 0.000130 0.000092
147 0.000129 0.000092
148 0.000128 0.000092
149 0.000128 0.000091
150 0.000128 0.000091
151 0.000128 0.000091
152 0.000127 0.000091
153 0.000127 0.000090
154 0.000127 0.000090
155 0.000126 0.000090
156 0.000125 0.000090
157 0.000123 0.000089
158 0.000123 0.000089
159 0.000122 0.000089
160 0.000122 0.000089
161 0.000122 0.000088
162 0.000122 0.000088
163 0.000122 0.000088
164 0.000122 0.000088
165 0.000122 0.000087
166 0.000122 0.000087
167 0.000122 0.000087
168 0.000121 0.000087
169 0.000119 0.000087
170 0.000120 0.000086
171 0.000119 0.000086
172 0.000118 0.000086
173 0.000118 0.000086
174 0.000117 0.000085
175 0.000117 0.000085
176 0.000117 0.000085
177 0.000116 0.000085
178 0.000116 0.000084
179 0.000116 0.000084
180 0.000114 0.000084
181 0.000113 0.000084
182 0.000112 0.000084
183 0.000112 0.000083
184 0.000112 0.000083
185 0.000112 0.000083
186 0.000112 0.000083
187 0.000112 0.000083
188 0.000112 0.000082
189 0.000111 0.000082
190 0.000108 0.000082
191 0.000109 0.000082
192 0.000108 0.000081
193 0.000109 0.000081
194 0.000108 0.000081
195 0.000108 0.000081
196 0.000108 0.000081
197 0.000108 0.000080
198 0.000108 0.000080
199 0.000107 0.000080
200 0.000107 0.000080
201 0.000106 0.000080
202 0.000105 0.000079
203 0.000104 0.000079
204 0.000103 0.000079
205 0.000104 0.000079
206 0.000103 0.000079
207 0.000103 0.000078
208 0.000102 0.000078
209 0.000102 0.000078
210 0.000102 0.000078
211 0.000102 0.000078
212 0.000102 0.000078
213 0.000102 0.000077
214 0.000101 0.000077
215 0.000099 0.000077
216 0.000099 0.000077
217 0.000099 0.000077
218 0.000099 0.000076
219 0.000099 0.000076
220 0.000098 0.000076
221 0.000098 0.000076
222 0.000098 0.000076
223 0.000098 0.000076
224 0.000098 0.000075
225 0.000097 0.000075
226 0.000095 0.000075
227 0.000095 0.000075
228 0.000094 0.000075
229 0.000094 0.000074
230 0.000094 0.000074
231 0.000094 0.000074
232 0.000093 0.000074
233 0.000093 0.000074
234 0.000093 0.000074
235 0.000093 0.000073
236 0.000093 0.000073
237 0.000093 0.000073
238 0.000093 0.000073
239 0.000092 0.000073
240 0.000094 0.000073
241 0.000094 0.000072
242 0.000094 0.000072
243 0.000093 0.000072
244 0.000093 0.000072
245 0.000092 0.000072
246 0.000090 0.000072
247 0.000090 0.000071
248 0.000090 0.000071
249 0.000090 0.000071
250 0.000090 0.000071
251 0.000090 0.000071
252 0.000090 0.000071
253 0.000090 0.000071
254 0.000090 0.000070
255 0.000090 0.000070
256 0.000090 0.000070
257 0.000089 0.000070
258 0.000087 0.000070
259 0.000086 0.000070
260 0.000086 0.000069
261 0.000086 0.000069
262 0.000085 0.000069
263 0.000086 0.000069
264 0.000086 0.000069
265 0.000085 0.000069
266 0.000083 0.000069
267 0.000083 0.000068
268 0.000081 0.000068
269 0.000080 0.000068
270 0.000080 0.000068
271 0.000080 0.000068
272 0.000080 0.000068
273 0.000080 0.000068
274 0.000080 0.000067
275 0.000080 0.000067
276 0.000080 0.000067
277 0.000080 0.000067
278 0.000080 0.000067
279 0.000080 0.000067
280 0.000080 0.000067
281 0.000080 0.000066
282 0.000080 0.000066
283 0.000080 0.000066
284 0.000081 0.000066
285 0.000084 0.000070
286 0.000102 0.000283
287 0.000134 0.000216
288 0.000135 0.000125
289 0.000117 0.000073
290 0.000101 0.000075
291 0.000094 0.000085
292 0.000090 0.000078
293 0.000088 0.000080
294 0.000089 0.000129
295 0.000095 0.000119
296 0.000097 0.000084
297 0.000093 0.000085
298 0.000089 0.000087
299 0.000088 0.000087
300 0.000088 0.000088
301 0.000088 0.000089
302 0.000088 0.000090
303 0.000087 0.000090
304 0.000087 0.000090
305 0.000087 0.000091
306 0.000087 0.000091
307 0.000087 0.000091
308 0.000087 0.000091
309 0.000086 0.000091
310 0.000086 0.000108
311 0.000085 0.000091
312 0.000086 0.000092
313 0.000087 0.000092
314 0.000088 0.000092
315 0.000088 0.000092
316 0.000089 0.000092
317 0.000089 0.000092
318 0.000092 0.000121
319 0.000093 0.000109
320 0.000092 0.000092
321 0.000092 0.000092
322 0.000093 0.000129
323 0.000093 0.000131
324 0.000094 0.000094
325 0.000094 0.000094
326 0.000093 0.000095
327 0.000092 0.000095
328 0.000091 0.000095
329 0.000090 0.000096
330 0.000090 0.000096
331 0.000090 0.000096
332 0.000090 0.000096
333 0.000090 0.000096
334 0.000090 0.000096
335 0.000090 0.000096
336 0.000090 0.000095
337 0.000090 0.000095
338 0.000090 0.000109
339 0.000092 0.000113
340 0.000094 0.000151
341 0.000098 0.000152
342 0.000102 0.000134
343 0.000103 0.000117
344 0.000102 0.000138
345 0.000102 0.000121
346 0.000101 0.000103
347 0.000098 0.000104
348 0.000098 0.000105
349 0.000096 0.000106
350 0.000095 0.000106
351 0.000094 0.000107
352 0.000094 0.000107
353 0.000094 0.000127
354 0.000094 0.000108
355 0.000094 0.000108
356 0.000094 0.000108
357 0.000094 0.000109
358 0.000094 0.000109
359 0.000095 0.000109
360 0.000097 0.000109
361 0.000097 0.000109
362 0.000097 0.000108
363 0.000097 0.000108
364 0.000097 0.000108
365 0.000097 0.000108
366 0.000098 0.000108
367 0.000099 0.000107
368 0.000099 0.000107
369 0.000099 0.000107
370 0.000100 0.000107
371 0.000101 0.000106
372 0.000100 0.000106
373 0.000100 0.000106
374 0.000113 0.000351
375 0.000162 0.000294
376 0.000177 0.000216
377 0.000153 0.000139
378 0.000133 0.000123
379 0.000123 0.000126
380 0.000122 0.000130
381 0.000122 0.000132
382 0.000123 0.000134
383 0.000125 0.000183
384 0.000130 0.000185
385 0.000133 0.000141
386 0.000132 0.000161
387 0.000132 0.000144
388 0.000132 0.000146
389 0.000132 0.000147
390 0.000132 0.000161
391 0.000134 0.000148
392 0.000137 0.000171
393 0.000140 0.000174
394 0.000141 0.000151
395 0.000141 0.000151
396 0.000141 0.000152
397 0.000144 0.000152
398 0.000145 0.000152
399 0.000147 0.000152
400 0.000149 0.000152
401 0.000151 0.000152
402 0.000154 0.000201
403 0.000156 0.000152
404 0.000158 0.000152
405 0.000159 0.000177
406 0.000162 0.000176
407 0.000164 0.000153
408 0.000165 0.000172
409 0.000166 0.000154
410 0.000168 0.000154
411 0.000169 0.000154
412 0.000169 0.000154
413 0.000170 0.000154
414 0.000171 0.000154
415 0.000172 0.000153
416 0.000175 0.000153
417 0.000176 0.000153
418 0.000177 0.000152
419 0.000177 0.000152
420 0.000178 0.000151
421 0.000179 0.000151
422 0.000180 0.000150
423 0.000181 0.000149
424 0.000182 0.000149
425 0.000183 0.000148
426 0.000183 0.000148
427 0.000185 0.000147
428 0.000191 0.000241
429 0.000208 0.000295
430 0.000219 0.000247
431 0.000218 0.000200
432 0.000208 0.000157
433 0.000203 0.000175
434 0.000201 0.000162
435 0.000198 0.000164
436 0.000197 0.000166
437 0.000211 0.000316
438 0.000212 0.000170
439 0.000205 0.000173
440 0.000202 0.000175
441 0.000200 0.000176
442 0.000200 0.000177
443 0.000200 0.000178
444 0.000201 0.000194
445 0.000201 0.000179
446 0.000201 0.000179
447 0.000201 0.000179
448 0.000201 0.000179
449 0.000202 0.000179
450 0.000202 0.000179
451 0.000202 0.000178
452 0.000202 0.000202
453 0.000203 0.000178
454 0.000203 0.000178
455 0.000203 0.000177
456 0.000204 0.000177
457 0.000204 0.000176
458 0.000204 0.000176
459 0.000204 0.000175
460 0.000205 0.000174
461 0.000205 0.000174
462 0.000205 0.000173
463 0.000206 0.000172
464 0.000207 0.000171
465 0.000208 0.000188
466 0.000212 0.000195
467 0.000213 0.000170
468 0.000211 0.000170
469 0.000212 0.000194
470 0.000212 0.000169
471 0.000212 0.000169
472 0.000212 0.000193
473 0.000216 0.000194
474 0.000216 0.000169
475 0.000215 0.000169
476 0.000215 0.000169
477 0.000215 0.000169
478 0.000215 0.000168
479 0.000215 0.000168
480 0.000215 0.000168
481 0.000215 0.000167
482 0.000214 0.000185
483 0.000219 0.000287
484 0.000233 0.000216
485 0.000229 0.000170
486 0.000220 0.000218
487 0.000219 0.000173
488 0.000218 0.000175
489 0.000217 0.000175
490 0.000217 0.000176
491 0.000216 0.000176
492 0.000216 0.000176
493 0.000215 0.000176
494 0.000214 0.000176
495 0.000212 0.000176
496 0.000212 0.000175
497 0.000212 0.000175
498 0.000211 0.000174
499 0.000210 0.000174
500 0.000210 0.000173
501 0.000210 0.000173
502 0.000209 0.000172
503 0.000209 0.000171
504 0.000209 0.000170
505 0.000209 0.000170
506 0.000208 0.000169
507 0.000208 0.000168
508 0.000206 0.000167
509 0.000205 0.000167
510 0.000205 0.000166
511 0.000205 0.000165
512 0.000205 0.000164
513 0.000204 0.000164
514 0.000203 0.000163
515 0.000203 0.000162
516 0.000202 0.000161
517 0.000202 0.000160
518 0.000201 0.000160
519 0.000200 0.000159
520 0.000198 0.000158
521 0.000198 0.000157
522 0.000197 0.000157
523 0.000197 0.000156
524 0.000197 0.000155
525 0.000196 0.000154
526 0.000196 0.000154
527 0.000195 0.000153
528 0.000195 0.000152
529 0.000195 0.000151
530 0.000194 0.000151
531 0.000195 0.000150
532 0.000193 0.000149
533 0.000193 0.000149
534 0.000192 0.000148
535 0.000191 0.000147
536 0.000190 0.000147
537 0.000190 0.000146
538 0.000190 0.000145
539 0.000190 0.000145
540 0.000189 0.000144
541 0.000189 0.000143
542 0.000188 0.000143
543 0.000188 0.000142
544 0.000187 0.000141
545 0.000186 0.000141
546 0.000186 0.000140
547 0.000186 0.000140
548 0.000184 0.000139
549 0.000183 0.000138
550 0.000183 0.000138
551 0.000183 0.000137
552 0.000185 0.000137
553 0.000188 0.000136
554 0.000194 0.000172
555 0.000201 0.000205
556 0.000196 0.000136
557 0.000190 0.000154
558 0.000188 0.000137
559 0.000185 0.000138
560 0.000183 0.000138
561 0.000182 0.000138
562 0.000181 0.000138
563 0.000181 0.000137
564 0.000180 0.000137
565 0.000179 0.000156
566 0.000179 0.000137
567 0.000178 0.000137
568 0.000177 0.000137
569 0.000177 0.000136
570 0.000177 0.000136
571 0.000177 0.000136
572 0.000177 0.000135
573 0.000182 0.000283
574 0.000193 0.000184
575 0.000193 0.000259
576 0.000213 0.000310
577 0.000228 0.000215
578 0.000209 0.000151
579 0.000194 0.000155
580 0.000188 0.000158
581 0.000185 0.000161
582 0.000183 0.000163
583 0.000182 0.000164
584 0.000181 0.000166
585 0.000181 0.000167
586 0.000180 0.000167
587 0.000179 0.000168
588 0.000179 0.000168
589 0.000180 0.000168
590 0.000179 0.000168
591 0.000178 0.000168
592 0.000178 0.000187
593 0.000179 0.000168
594 0.000179 0.000217
595 0.000181 0.000168
596 0.000179 0.000169
597 0.000177 0.000169
598 0.000177 0.000169
599 0.000177 0.000168
600 0.000177 0.000168
601 0.000177 0.000168
602 0.000176 0.000167
603 0.000176 0.000167
604 0.000176 0.000166
605 0.000175 0.000166
606 0.000174 0.000165
607 0.000174 0.000165
608 0.000173 0.000164
609 0.000171 0.000163
610 0.000171 0.000162
611 0.000171 0.000162
612 0.000171 0.000161
613 0.000171 0.000160
614 0.000171 0.000160
615 0.000171 0.000159
616 0.000171 0.000158
617 0.000171 0.000157
618 0.000171 0.000157
619 0.000171 0.000156
620 0.000171 0.000155
621 0.000171 0.000155
622 0.000171 0.000154
623 0.000171 0.000153
624 0.000174 0.000152
625 0.000178 0.000156
626 0.000188 0.000296
627 0.000201 0.000249
628 0.000204 0.000227
629 0.000212 0.000329
630 0.000245 0.000359
631 0.000291 0.000417
632 0.000297 0.000183
633 0.000235 0.000192
634 0.000218 0.000248
635 0.000219 0.000357
636 0.000249 0.000439
637 0.000289 0.000418
638 0.000287 0.000240
639 0.000260 0.000282
640 0.000253 0.000259
641 0.000255 0.000298
642 0.000265 0.000273
643 0.000271 0.000310
644 0.000278 0.000283
645 0.000286 0.000286
646 0.000296 0.000289
647 0.000303 0.000291
648 0.000311 0.000292
649 0.000317 0.000292
650 0.000324 0.000292
651 0.000331 0.000292
652 0.000338 0.000291
653 0.000343 0.000290
654 0.000349 0.000289
655 0.000352 0.000287
656 0.000356 0.000286
657 0.000361 0.000284
658 0.000366 0.000283
659 0.000370 0.000281
660 0.000372 0.000279
661 0.000376 0.000277
662 0.000379 0.000275
663 0.000381 0.000273
664 0.000384 0.000271
665 0.000387 0.000269
666 0.000388 0.000268
667 0.000389 0.000265
668 0.000391 0.000295
669 0.000392 0.000294
670 0.000394 0.000262
671 0.000394 0.000322
672 0.000397 0.000261
673 0.000393 0.000260
674 0.000391 0.000260
675 0.000391 0.000277
676 0.000391 0.000286
677 0.000390 0.000258
678 0.000388 0.000257
679 0.000391 0.000312
680 0.000397 0.000319
681 0.000391 0.000257
682 0.000386 0.000258
683 0.000381 0.000257
684 0.000379 0.000257
685 0.000376 0.000256
686 0.000373 0.000255
687 0.000371 0.000254
688 0.000370 0.000253
689 0.000368 0.000251
690 0.000364 0.000250
691 0.000361 0.000248
692 0.000359 0.000247
693 0.000355 0.000245
694 0.000352 0.000244
695 0.000352 0.000242
696 0.000351 0.000240
697 0.000349 0.000239
698 0.000347 0.000237
699 0.000343 0.000236
700 0.000340 0.000234
701 0.000337 0.000232
702 0.000332 0.000231
703 0.000334 0.000229
704 0.000332 0.000228
705 0.000329 0.000226
706 0.000327 0.000225
707 0.000325 0.000223
708 0.000322 0.000222
709 0.000320 0.000220
710 0.000319 0.000219
711 0.000317 0.000217
712 0.000314 0.000216
713 0.000311 0.000214
714 0.000309 0.000213
715 0.000307 0.000211
716 0.000302 0.000210
717 0.000301 0.000209
718 0.000299 0.000207
719 0.000297 0.000206
720 0.000294 0.000205
721 0.000291 0.000203
722 0.000289 0.000202
723 0.000286 0.000201
724 0.000284 0.000200
725 0.000282 0.000198
726 0.000281 0.000197
727 0.000278 0.000196
728 0.000276 0.000195
729 0.000274 0.000194
730 0.000271 0.000192
731 0.000268 0.000191
732 0.000267 0.000190
733 0.000266 0.000189
734 0.000265 0.000188
735 0.000263 0.000187
736 0.000260 0.000186
737 0.000259 0.000185
738 0.000257 0.000184
739 0.000255 0.000183
740 0.000253 0.000181
741 0.000251 0.000180
742 0.000249 0.000179
743 0.000248 0.000178
744 0.000247 0.000177
745 0.000246 0.000176
746 0.000244 0.000176
747 0.000241 0.000175
748 0.000237 0.000174
749 0.000236 0.000173
750 0.000235 0.000172
751 0.000234 0.000171
752 0.000233 0.000170
753 0.000232 0.000169
754 0.000231 0.000168
755 0.000228 0.000167
756 0.000227 0.000166
757 0.000226 0.000165
758 0.000224 0.000165
759 0.000223 0.000164
760 0.000222 0.000163
761 0.000220 0.000162
762 0.000218 0.000161
763 0.000218 0.000161
764 0.000218 0.000160
765 0.000216 0.000159
766 0.000214 0.000158
767 0.000212 0.000157
768 0.000210 0.000157
769 0.000209 0.000156
770 0.000208 0.000155
771 0.000207 0.000154
772 0.000205 0.000154
773 0.000204 0.000153
774 0.000202 0.000152
775 0.000201 0.000151
776 0.000198 0.000151
777 0.000197 0.000150
778 0.000196 0.000149
779 0.000195 0.000149
780 0.000195 0.000148
781 0.000193 0.000147
782 0.000191 0.000147
783 0.000190 0.000146
784 0.000189 0.000145
785 0.000188 0.000145
786 0.000187 0.000144
787 0.000185 0.000143
788 0.000183 0.000143
789 0.000182 0.000142
790 0.000181 0.000141
791 0.000180 0.000141
792 0.000178 0.000140
793 0.000177 0.000139
794 0.000177 0.000139
795 0.000176 0.000138
796 0.000175 0.000138
797 0.000172 0.000137
798 0.000171 0.000136
799 0.000170 0.000136
800 0.000169 0.000135
801 0.000169 0.000135
802 0.000169 0.000134
803 0.000169 0.000134
804 0.000167 0.000133
805 0.000165 0.000133
806 0.000164 0.000132
807 0.000164 0.000131
808 0.000163 0.000131
809 0.000162 0.000130
810 0.000162 0.000130
811 0.000161 0.000129
812 0.000159 0.000129
813 0.000158 0.000128
814 0.000157 0.000128
815 0.000157 0.000127
816 0.000156 0.000127
817 0.000156 0.000126
818 0.000156 0.000126
819 0.000156 0.000125
820 0.000153 0.000125
821 0.000153 0.000124
822 0.000152 0.000124
823 0.000151 0.000123
824 0.000150 0.000123
825 0.000149 0.000122
826 0.000147 0.000122
827 0.000147 0.000121
828 0.000147 0.000121
829 0.000146 0.000121
830 0.000145 0.000120
831 0.000145 0.000120
832 0.000144 0.000119
833 0.000142 0.000119
834 0.000141 0.000118
835 0.000141 0.000118
836 0.000143 0.000117
837 0.000141 0.000117
838 0.000140 0.000117
839 0.000140 0.000116
840 0.000139 0.000116
841 0.000139 0.000115
842 0.000138 0.000115
843 0.000135 0.000114
844 0.000135 0.000114
845 0.000134 0.000114
846 0.000134 0.000113
847 0.000132 0.000113
848 0.000132 0.000112
849 0.000132 0.000112
850 0.000132 0.000112
851 0.000132 0.000111
852 0.000131 0.000111
853 0.000129 0.000111
854 0.000128 0.000110
855 0.000127 0.000110
856 0.000127 0.000109
857 0.000126 0.000109
858 0.000125 0.000109
859 0.000123 0.000108
860 0.000123 0.000108
861 0.000123 0.000108
862 0.000123 0.000107
863 0.000123 0.000107
864 0.000123 0.000106
865 0.000122 0.000106
866 0.000121 0.000106
867 0.000121 0.000105
868 0.000119 0.000105
869 0.000118 0.000105
870 0.000118 0.000104
871 0.000118 0.000104
872 0.000118 0.000104
873 0.000117 0.000103
874 0.000117 0.000103
875 0.000116 0.000103
876 0.000114 0.000102
877 0.000113 0.000102
878 0.000113 0.000102
879 0.000113 0.000101
880 0.000113 0.000101
881 0.000113 0.000101
882 0.000112 0.000100
883 0.000111 0.000100
884 0.000111 0.000100
885 0.000111 0.000099
886 0.000111 0.000099
887 0.000111 0.000099
888 0.000110 0.000099
889 0.000109 0.000098
890 0.000108 0.000098
891 0.000107 0.000098
892 0.000107 0.000097
893 0.000106 0.000097
894 0.000106 0.000097
895 0.000106 0.000096
896 0.000105 0.000096
897 0.000105 0.000096
898 0.000104 0.000096
899 0.000103 0.000095
900 0.000103 0.000095
901 0.000103 0.000095
902 0.000103 0.000094
903 0.000103 0.000094
904 0.000103 0.000094
905 0.000102 0.000094
906 0.000102 0.000093
907 0.000102 0.000093
908 0.000102 0.000093
909 0.000102 0.000093
910 0.000101 0.000092
911 0.000101 0.000092
912 0.000100 0.000092
913 0.000101 0.000092
914 0.000100 0.000091
915 0.000099 0.000091
916 0.000099 0.000091
917 0.000099 0.000090
918 0.000099 0.000090
919 0.000098 0.000090
920 0.000098 0.000090
921 0.000097 0.000089
922 0.000097 0.000089
923 0.000096 0.000089
924 0.000096 0.000089
925 0.000096 0.000088
926 0.000099 0.000088
927 0.000097 0.000088
928 0.000094 0.000088
929 0.000094 0.000088
930 0.000094 0.000087
931 0.000093 0.000087
932 0.000093 0.000087
933 0.000093 0.000087
934 0.000093 0.000086
935 0.000093 0.000086
936 0.000093 0.000086
937 0.000093 0.000086
938 0.000093 0.000085
939 0.000093 0.000085
940 0.000093 0.000085
941 0.000093 0.000085
942 0.000093 0.000085
943 0.000093 0.000084
944 0.000093 0.000084
945 0.000093 0.000084
946 0.000093 0.000084
947 0.000092 0.000083
948 0.000090 0.000083
949 0.000093 0.000083
950 0.000093 0.000083
