1 0.000033 0.000033
2 0.000032 0.000033
3 0.000033 0.000033
4 0.000033 0.000033
5 0.000035 0.000035
6 0.000036 0.000034
7 0.000036 0.000034
8 0.000036 0.000033
9 0.000035 0.000034
10 0.000035 0.000035
11 0.000036 0.000033
12 0.000035 0.000033
13 0.000035 0.000036
14 0.000036 0.000035
15 0.000037 0.000035
16 0.000037 0.000037
17 0.000037 0.000034
18 0.000037 0.000034
19 0.000036 0.000034
20 0.000035 0.000035
21 0.000035 0.000035
22 0.000034 0.000035
23 0.000034 0.000035
24 0.000036 0.000047
25 0.000042 0.000043
26 0.000058 0.000060
27 0.000086 0.000063
28 0.000105 0.000042
29 0.000091 0.000050
30 0.000076 0.000041
31 0.000064 0.000042
32 0.000056 0.000047
33 0.000054 0.000047
34 0.000052 0.000046
35 0.000050 0.000047
36 0.000049 0.000048
37 0.000048 0.000049
38 0.000048 0.000049
39 0.000048 0.000050
40 0.000048 0.000051
41 0.000047 0.000051
42 0.000046 0.000052
43 0.000046 0.000053
44 0.000046 0.000053
45 0.000046 0.000053
46 0.000048 0.000058
47 0.000049 0.000054
48 0.000049 0.000056
49 0.000049 0.000055
50 0.000049 0.000059
51 0.000053 0.000066
52 0.000063 0.000069
53 0.000079 0.000068
54 0.000090 0.000072
55 0.000098 0.000072
56 0.000103 0.000072
57 0.000103 0.000070
58 0.000095 0.000072
59 0.000086 0.000068
60 0.000082 0.000073
61 0.000082 0.000074
62 0.000082 0.000073
63 0.000084 0.000074
64 0.000087 0.000076
65 0.000090 0.000077
66 0.000093 0.000078
67 0.000097 0.000079
68 0.000101 0.000079
69 0.000105 0.000080
70 0.000108 0.000081
71 0.000110 0.000081
72 0.000112 0.000082
73 0.000115 0.000082
74 0.000116 0.000083
75 0.000117 0.000083
76 0.000118 0.000083
77 0.000121 0.000083
78 0.000122 0.000083
79 0.000122 0.000084
80 0.000123 0.000084
81 0.000123 0.000084
82 0.000123 0.000084
83 0.000124 0.000084
84 0.000127 0.000084
85 0.000127 0.000084
86 0.000128 0.000084
87 0.000128 0.000084
88 0.000128 0.000083
89 0.000128 0.000083
90 0.000130 0.000083
91 0.000130 0.000083
92 0.000131 0.000083
93 0.000133 0.000083
94 0.000134 0.000083
95 0.000134 0.000083
96 0.000135 0.000082
97 0.000136 0.000082
98 0.000139 0.000082
99 0.000140 0.000082
100 0.000140 0.000082
101 0.000140 0.000082
102 0.000140 0.000081
103 0.000140 0.000081
104 0.000140 0.000081
105 0.000140 0.000081
106 0.000140 0.000081
107 0.000140 0.000081
108 0.000141 0.000080
109 0.000141 0.000080
110 0.000141 0.000080
111 0.000141 0.000080
112 0.000140 0.000080
113 0.000141 0.000079
114 0.000141 0.000079
115 0.000141 0.000079
116 0.000141 0.000079
117 0.000141 0.000079
118 0.000140 0.000078
119 0.000140 0.000078
120 0.000140 0.000078
121 0.000139 0.000078
122 0.000140 0.000078
123 0.000140 0.000078
124 0.000140 0.000077
125 0.000140 0.000077
126 0.000140 0.000077
127 0.000140 0.000077
128 0.000139 0.000077
129 0.000138 0.000076
130 0.000138 0.000076
131 0.000137 0.000076
132 0.000136 0.000076
133 0.000136 0.000076
134 0.000136 0.000076
135 0.000135 0.000075
136 0.000135 0.000075
137 0.000135 0.000075
138 0.000134 0.000075
139 0.000134 0.000075
140 0.000133 0.000075
141 0.000133 0.000074
142 0.000133 0.000074
143 0.000131 0.000074
144 0.000130 0.000074
145 0.000130 0.000074
146 0.000130 0.000073
147 0.000129 0.000073
148 0.000128 0.000073
149 0.000128 0.000073
150 0.000128 0.000073
151 0.000128 0.000073
152 0.000127 0.000073
153 0.000127 0.000072
154 0.000127 0.000072
155 0.000126 0.000072
156 0.000125 0.000072
157 0.000123 0.000072
158 0.000123 0.000072
159 0.000122 0.000071
160 0.000122 0.000071
161 0.000122 0.000071
162 0.000122 0.000071
163 0.000122 0.000071
164 0.000122 0.000071
165 0.000122 0.000070
166 0.000122 0.000070
167 0.000122 0.000070
168 0.000121 0.000070
169 0.000119 0.000070
170 0.000120 0.000070
171 0.000119 0.000070
172 0.000118 0.000069
173 0.000118 0.000069
174 0.000117 0.000069
175 0.000117 0.000069
176 0.000117 0.000069
177 0.000116 0.000069
178 0.000116 0.000068
179 0.000116 0.000068
180 0.000114 0.000068
181 0.000113 0.000068
182 0.000112 0.000068
183 0.000112 0.000068
184 0.000112 0.000068
185 0.000112 0.000067
186 0.000112 0.000067
187 0.000112 0.000067
188 0.000112 0.000067
189 0.000111 0.000067
190 0.000108 0.000067
191 0.000109 0.000067
192 0.000108 0.000066
193 0.000109 0.000066
194 0.000108 0.000066
195 0.000108 0.000066
196 0.000108 0.000066
197 0.000108 0.000066
198 0.000108 0.000066
199 0.000107 0.000066
200 0.000107 0.000065
201 0.000106 0.000065
202 0.000105 0.000065
203 0.000104 0.000065
204 0.000103 0.000065
205 0.000104 0.000065
206 0.000103 0.000065
207 0.000103 0.000064
208 0.000102 0.000064
209 0.000102 0.000064
210 0.000102 0.000064
211 0.000102 0.000064
212 0.000102 0.000064
213 0.000102 0.000064
214 0.000101 0.000064
215 0.000099 0.000063
216 0.000099 0.000063
217 0.000099 0.000063
218 0.000099 0.000063
219 0.000099 0.000063
220 0.000098 0.000063
221 0.000098 0.000063
222 0.000098 0.000063
223 0.000098 0.000062
224 0.000098 0.000062
225 0.000097 0.000062
226 0.000095 0.000062
227 0.000095 0.000062
228 0.000094 0.000062
229 0.000094 0.000062
230 0.000094 0.000062
231 0.000094 0.000061
232 0.000093 0.000061
233 0.000093 0.000061
234 0.000093 0.000061
235 0.000093 0.000061
236 0.000093 0.000061
237 0.000093 0.000061
238 0.000093 0.000061
239 0.000092 0.000061
240 0.000094 0.000060
241 0.000094 0.000060
242 0.000094 0.000060
243 0.000093 0.000060
244 0.000093 0.000060
245 0.000092 0.000060
246 0.000090 0.000060
247 0.000090 0.000060
248 0.000090 0.000060
249 0.000090 0.000059
250 0.000090 0.000059
251 0.000090 0.000059
252 0.000090 0.000059
253 0.000090 0.000059
254 0.000090 0.000059
255 0.000090 0.000059
256 0.000090 0.000059
257 0.000089 0.000059
258 0.000087 0.000058
259 0.000086 0.000058
260 0.000086 0.000058
261 0.000086 0.000058
262 0.000085 0.000058
263 0.000086 0.000058
264 0.000086 0.000058
265 0.000085 0.000058
266 0.000083 0.000058
267 0.000083 0.000058
268 0.000081 0.000057
269 0.000080 0.000057
270 0.000080 0.000057
271 0.000080 0.000057
272 0.000080 0.000057
273 0.000080 0.000057
274 0.000080 0.000057
275 0.000080 0.000057
276 0.000080 0.000057
277 0.000080 0.000056
278 0.000080 0.000056
279 0.000080 0.000056
280 0.000080 0.000056
281 0.000080 0.000056
282 0.000080 0.000056
283 0.000080 0.000056
284 0.000081 0.000056
285 0.000084 0.000056
286 0.000102 0.000084
287 0.000134 0.000074
288 0.000135 0.000064
289 0.000117 0.000059
290 0.000101 0.000060
291 0.000094 0.000062
292 0.000090 0.000062
293 0.000088 0.000063
294 0.000089 0.000071
295 0.000095 0.000070
296 0.000097 0.000066
297 0.000093 0.000066
298 0.000089 0.000067
299 0.000088 0.000068
300 0.000088 0.000068
301 0.000088 0.000069
302 0.000088 0.000069
303 0.000087 0.000070
304 0.000087 0.000070
305 0.000087 0.000070
306 0.000087 0.000070
307 0.000087 0.000071
308 0.000087 0.000071
309 0.000086 0.000071
310 0.000086 0.000074
311 0.000085 0.000071
312 0.000086 0.000071
313 0.000087 0.000071
314 0.000088 0.000072
315 0.000088 0.000072
316 0.000089 0.000072
317 0.000089 0.000072
318 0.000092 0.000076
319 0.000093 0.000074
320 0.000092 0.000072
321 0.000092 0.000072
322 0.000093 0.000078
323 0.000093 0.000079
324 0.000094 0.000073
325 0.000094 0.000073
326 0.000093 0.000073
327 0.000092 0.000074
328 0.000091 0.000074
329 0.000090 0.000074
330 0.000090 0.000074
331 0.000090 0.000074
332 0.000090 0.000074
333 0.000090 0.000074
334 0.000090 0.000074
335 0.000090 0.000074
336 0.000090 0.000074
337 0.000090 0.000074
338 0.000090 0.000076
339 0.000092 0.000077
340 0.000094 0.000083
341 0.000098 0.000084
342 0.000102 0.000081
343 0.000103 0.000079
344 0.000102 0.000083
345 0.000102 0.000080
346 0.000101 0.000078
347 0.000098 0.000079
348 0.000098 0.000079
349 0.000096 0.000080
350 0.000095 0.000080
351 0.000094 0.000080
352 0.000094 0.000081
353 0.000094 0.000084
354 0.000094 0.000081
355 0.000094 0.000081
356 0.000094 0.000082
357 0.000094 0.000082
358 0.000094 0.000082
359 0.000095 0.000082
360 0.000097 0.000082
361 0.000097 0.000082
362 0.000097 0.000082
363 0.000097 0.000082
364 0.000097 0.000082
365 0.000097 0.000082
366 0.000098 0.000082
367 0.000099 0.000082
368 0.000099 0.000082
369 0.000099 0.000082
370 0.000100 0.000081
371 0.000101 0.000081
372 0.000100 0.000081
373 0.000100 0.000081
374 0.000113 0.000117
375 0.000162 0.000110
376 0.000177 0.000099
377 0.000153 0.000089
378 0.000133 0.000088
379 0.000123 0.000090
380 0.000122 0.000092
381 0.000122 0.000094
382 0.000123 0.000095
383 0.000125 0.000102
384 0.000130 0.000103
385 0.000133 0.000099
386 0.000132 0.000102
387 0.000132 0.000101
388 0.000132 0.000102
389 0.000132 0.000103
390 0.000132 0.000105
391 0.000134 0.000104
392 0.000137 0.000107
393 0.000140 0.000108
394 0.000141 0.000106
395 0.000141 0.000106
396 0.000141 0.000107
397 0.000144 0.000107
398 0.000145 0.000107
399 0.000147 0.000107
400 0.000149 0.000108
401 0.000151 0.000108
402 0.000154 0.000114
403 0.000156 0.000108
404 0.000158 0.000108
405 0.000159 0.000111
406 0.000162 0.000112
407 0.000164 0.000109
408 0.000165 0.000111
409 0.000166 0.000109
410 0.000168 0.000110
411 0.000169 0.000110
412 0.000169 0.000110
413 0.000170 0.000110
414 0.000171 0.000110
415 0.000172 0.000110
416 0.000175 0.000110
417 0.000176 0.000110
418 0.000177 0.000109
419 0.000177 0.000109
420 0.000178 0.000109
421 0.000179 0.000109
422 0.000180 0.000109
423 0.000181 0.000108
424 0.000182 0.000108
425 0.000183 0.000108
426 0.000183 0.000108
427 0.000185 0.000107
428 0.000191 0.000119
429 0.000208 0.000128
430 0.000219 0.000121
431 0.000218 0.000116
432 0.000208 0.000112
433 0.000203 0.000115
434 0.000201 0.000114
435 0.000198 0.000115
436 0.000197 0.000116
437 0.000211 0.000142
438 0.000212 0.000118
439 0.000205 0.000120
440 0.000202 0.000121
441 0.000200 0.000122
442 0.000200 0.000122
443 0.000200 0.000123
444 0.000201 0.000126
445 0.000201 0.000124
446 0.000201 0.000125
447 0.000201 0.000125
448 0.000201 0.000125
449 0.000202 0.000125
450 0.000202 0.000125
451 0.000202 0.000125
452 0.000202 0.000129
453 0.000203 0.000125
454 0.000203 0.000125
455 0.000203 0.000125
456 0.000204 0.000125
457 0.000204 0.000125
458 0.000204 0.000125
459 0.000204 0.000125
460 0.000205 0.000124
461 0.000205 0.000124
462 0.000205 0.000124
463 0.000206 0.000124
464 0.000207 0.000123
465 0.000208 0.000126
466 0.000212 0.000127
467 0.000213 0.000123
468 0.000211 0.000122
469 0.000212 0.000126
470 0.000212 0.000122
471 0.000212 0.000122
472 0.000212 0.000126
473 0.000216 0.000126
474 0.000216 0.000122
475 0.000215 0.000122
476 0.000215 0.000122
477 0.000215 0.000122
478 0.000215 0.000122
479 0.000215 0.000122
480 0.000215 0.000122
481 0.000215 0.000121
482 0.000214 0.000124
483 0.000219 0.000142
484 0.000233 0.000130
485 0.000229 0.000123
486 0.000220 0.000131
487 0.000219 0.000124
488 0.000218 0.000125
489 0.000217 0.000125
490 0.000217 0.000126
491 0.000216 0.000126
492 0.000216 0.000126
493 0.000215 0.000126
494 0.000214 0.000126
495 0.000212 0.000126
496 0.000212 0.000126
497 0.000212 0.000126
498 0.000211 0.000126
499 0.000210 0.000126
500 0.000210 0.000126
501 0.000210 0.000125
502 0.000209 0.000125
503 0.000209 0.000125
504 0.000209 0.000125
505 0.000209 0.000124
506 0.000208 0.000124
507 0.000208 0.000124
508 0.000206 0.000123
509 0.000205 0.000123
510 0.000205 0.000122
511 0.000205 0.000122
512 0.000205 0.000122
513 0.000204 0.000121
514 0.000203 0.000121
515 0.000203 0.000120
516 0.000202 0.000120
517 0.000202 0.000120
518 0.000201 0.000119
519 0.000200 0.000119
520 0.000198 0.000118
521 0.000198 0.000118
522 0.000197 0.000118
523 0.000197 0.000117
524 0.000197 0.000117
525 0.000196 0.000116
526 0.000196 0.000116
527 0.000195 0.000116
528 0.000195 0.000115
529 0.000195 0.000115
530 0.000194 0.000114
531 0.000195 0.000114
532 0.000193 0.000114
533 0.000193 0.000113
534 0.000192 0.000113
535 0.000191 0.000112
536 0.000190 0.000112
537 0.000190 0.000112
538 0.000190 0.000111
539 0.000190 0.000111
540 0.000189 0.000110
541 0.000189 0.000110
542 0.000188 0.000110
543 0.000188 0.000109
544 0.000187 0.000109
545 0.000186 0.000109
546 0.000186 0.000108
547 0.000186 0.000108
548 0.000184 0.000107
549 0.000183 0.000107
550 0.000183 0.000107
551 0.000183 0.000106
552 0.000185 0.000106
553 0.000188 0.000106
554 0.000194 0.000110
555 0.000201 0.000114
556 0.000196 0.000106
557 0.000190 0.000108
558 0.000188 0.000106
559 0.000185 0.000106
560 0.000183 0.000106
561 0.000182 0.000106
562 0.000181 0.000106
563 0.000181 0.000106
564 0.000180 0.000106
565 0.000179 0.000108
566 0.000179 0.000106
567 0.000178 0.000106
568 0.000177 0.000106
569 0.000177 0.000105
570 0.000177 0.000105
571 0.000177 0.000105
572 0.000177 0.000105
573 0.000182 0.000123
574 0.000193 0.000111
575 0.000193 0.000121
576 0.000213 0.000132
577 0.000228 0.000119
578 0.000209 0.000112
579 0.000194 0.000114
580 0.000188 0.000116
581 0.000185 0.000117
582 0.000183 0.000119
583 0.000182 0.000120
584 0.000181 0.000121
585 0.000181 0.000122
586 0.000180 0.000122
587 0.000179 0.000123
588 0.000179 0.000123
589 0.000180 0.000123
590 0.000179 0.000124
591 0.000178 0.000124
592 0.000178 0.000127
593 0.000179 0.000124
594 0.000179 0.000133
595 0.000181 0.000124
596 0.000179 0.000125
597 0.000177 0.000125
598 0.000177 0.000125
599 0.000177 0.000125
600 0.000177 0.000125
601 0.000177 0.000125
602 0.000176 0.000125
603 0.000176 0.000125
604 0.000176 0.000124
605 0.000175 0.000124
606 0.000174 0.000124
607 0.000174 0.000124
608 0.000173 0.000123
609 0.000171 0.000123
610 0.000171 0.000123
611 0.000171 0.000122
612 0.000171 0.000122
613 0.000171 0.000122
614 0.000171 0.000121
615 0.000171 0.000121
616 0.000171 0.000121
617 0.000171 0.000120
618 0.000171 0.000120
619 0.000171 0.000119
620 0.000171 0.000119
621 0.000171 0.000119
622 0.000171 0.000118
623 0.000171 0.000118
624 0.000174 0.000117
625 0.000178 0.000118
626 0.000188 0.000142
627 0.000201 0.000134
628 0.000204 0.000131
629 0.000212 0.000149
630 0.000245 0.000156
631 0.000291 0.000168
632 0.000297 0.000130
633 0.000235 0.000135
634 0.000218 0.000147
635 0.000219 0.000163
636 0.000249 0.000176
637 0.000289 0.000177
638 0.000287 0.000158
639 0.000260 0.000167
640 0.000253 0.000168
641 0.000255 0.000177
642 0.000265 0.000176
643 0.000271 0.000184
644 0.000278 0.000183
645 0.000286 0.000186
646 0.000296 0.000188
647 0.000303 0.000190
648 0.000311 0.000192
649 0.000317 0.000193
650 0.000324 0.000194
651 0.000331 0.000195
652 0.000338 0.000195
653 0.000343 0.000195
654 0.000349 0.000196
655 0.000352 0.000196
656 0.000356 0.000195
657 0.000361 0.000195
658 0.000366 0.000195
659 0.000370 0.000194
660 0.000372 0.000194
661 0.000376 0.000193
662 0.000379 0.000193
663 0.000381 0.000192
664 0.000384 0.000191
665 0.000387 0.000190
666 0.000388 0.000190
667 0.000389 0.000189
668 0.000391 0.000192
669 0.000392 0.000191
670 0.000394 0.000187
671 0.000394 0.000194
672 0.000397 0.000186
673 0.000393 0.000186
674 0.000391 0.000186
675 0.000391 0.000188
676 0.000391 0.000189
677 0.000390 0.000185
678 0.000388 0.000185
679 0.000391 0.000192
680 0.000397 0.000193
681 0.000391 0.000185
682 0.000386 0.000185
683 0.000381 0.000185
684 0.000379 0.000185
685 0.000376 0.000185
686 0.000373 0.000185
687 0.000371 0.000184
688 0.000370 0.000184
689 0.000368 0.000183
690 0.000364 0.000183
691 0.000361 0.000182
692 0.000359 0.000181
693 0.000355 0.000181
694 0.000352 0.000180
695 0.000352 0.000179
696 0.000351 0.000178
697 0.000349 0.000177
698 0.000347 0.000177
699 0.000343 0.000176
700 0.000340 0.000175
701 0.000337 0.000174
702 0.000332 0.000173
703 0.000334 0.000172
704 0.000332 0.000172
705 0.000329 0.000171
706 0.000327 0.000170
707 0.000325 0.000169
708 0.000322 0.000168
709 0.000320 0.000167
710 0.000319 0.000166
711 0.000317 0.000166
712 0.000314 0.000165
713 0.000311 0.000164
714 0.000309 0.000163
715 0.000307 0.000162
716 0.000302 0.000162
717 0.000301 0.000161
718 0.000299 0.000160
719 0.000297 0.000159
720 0.000294 0.000158
721 0.000291 0.000158
722 0.000289 0.000157
723 0.000286 0.000156
724 0.000284 0.000155
725 0.000282 0.000155
726 0.000281 0.000154
727 0.000278 0.000153
728 0.000276 0.000152
729 0.000274 0.000152
730 0.000271 0.000151
731 0.000268 0.000150
732 0.000267 0.000150
733 0.000266 0.000149
734 0.000265 0.000148
735 0.000263 0.000148
736 0.000260 0.000147
737 0.000259 0.000146
738 0.000257 0.000146
739 0.000255 0.000145
740 0.000253 0.000144
741 0.000251 0.000144
742 0.000249 0.000143
743 0.000248 0.000142
744 0.000247 0.000142
745 0.000246 0.000141
746 0.000244 0.000140
747 0.000241 0.000140
748 0.000237 0.000139
749 0.000236 0.000139
750 0.000235 0.000138
751 0.000234 0.000137
752 0.000233 0.000137
753 0.000232 0.000136
754 0.000231 0.000136
755 0.000228 0.000135
756 0.000227 0.000135
757 0.000226 0.000134
758 0.000224 0.000133
759 0.000223 0.000133
760 0.000222 0.000132
761 0.000220 0.000132
762 0.000218 0.000131
763 0.000218 0.000131
764 0.000218 0.000130
765 0.000216 0.000130
766 0.000214 0.000129
767 0.000212 0.000129
768 0.000210 0.000128
769 0.000209 0.000128
770 0.000208 0.000127
771 0.000207 0.000127
772 0.000205 0.000126
773 0.000204 0.000126
774 0.000202 0.000125
775 0.000201 0.000125
776 0.000198 0.000124
777 0.000197 0.000124
778 0.000196 0.000123
779 0.000195 0.000123
780 0.000195 0.000122
781 0.000193 0.000122
782 0.000191 0.000121
783 0.000190 0.000121
784 0.000189 0.000120
785 0.000188 0.000120
786 0.000187 0.000119
787 0.000185 0.000119
788 0.000183 0.000119
789 0.000182 0.000118
790 0.000181 0.000118
791 0.000180 0.000117
792 0.000178 0.000117
793 0.000177 0.000116
794 0.000177 0.000116
795 0.000176 0.000116
796 0.000175 0.000115
797 0.000172 0.000115
798 0.000171 0.000114
799 0.000170 0.000114
800 0.000169 0.000113
801 0.000169 0.000113
802 0.000169 0.000113
803 0.000169 0.000112
804 0.000167 0.000112
805 0.000165 0.000111
806 0.000164 0.000111
807 0.000164 0.000111
808 0.000163 0.000110
809 0.000162 0.000110
810 0.000162 0.000110
811 0.000161 0.000109
812 0.000159 0.000109
813 0.000158 0.000108
814 0.000157 0.000108
815 0.000157 0.000108
816 0.000156 0.000107
817 0.000156 0.000107
818 0.000156 0.000107
819 0.000156 0.000106
820 0.000153 0.000106
821 0.000153 0.000106
822 0.000152 0.000105
823 0.000151 0.000105
824 0.000150 0.000105
825 0.000149 0.000104
826 0.000147 0.000104
827 0.000147 0.000104
828 0.000147 0.000103
829 0.000146 0.000103
830 0.000145 0.000103
831 0.000145 0.000102
832 0.000144 0.000102
833 0.000142 0.000102
834 0.000141 0.000101
835 0.000141 0.000101
836 0.000143 0.000101
837 0.000141 0.000100
838 0.000140 0.000100
839 0.000140 0.000100
840 0.000139 0.000099
841 0.000139 0.000099
842 0.000138 0.000099
843 0.000135 0.000098
844 0.000135 0.000098
845 0.000134 0.000098
846 0.000134 0.000098
847 0.000132 0.000097
848 0.000132 0.000097
849 0.000132 0.000097
850 0.000132 0.000096
851 0.000132 0.000096
852 0.000131 0.000096
853 0.000129 0.000096
854 0.000128 0.000095
855 0.000127 0.000095
856 0.000127 0.000095
857 0.000126 0.000094
858 0.000125 0.000094
859 0.000123 0.000094
860 0.000123 0.000094
861 0.000123 0.000093
862 0.000123 0.000093
863 0.000123 0.000093
864 0.000123 0.000092
865 0.000122 0.000092
866 0.000121 0.000092
867 0.000121 0.000092
868 0.000119 0.000091
869 0.000118 0.000091
870 0.000118 0.000091
871 0.000118 0.000091
872 0.000118 0.000090
873 0.000117 0.000090
874 0.000117 0.000090
875 0.000116 0.000090
876 0.000114 0.000089
877 0.000113 0.000089
878 0.000113 0.000089
879 0.000113 0.000089
880 0.000113 0.000088
881 0.000113 0.000088
882 0.000112 0.000088
883 0.000111 0.000088
884 0.000111 0.000087
885 0.000111 0.000087
886 0.000111 0.000087
887 0.000111 0.000087
888 0.000110 0.000086
889 0.000109 0.000086
890 0.000108 0.000086
891 0.000107 0.000086
892 0.000107 0.000086
893 0.000106 0.000085
894 0.000106 0.000085
895 0.000106 0.000085
896 0.000105 0.000085
897 0.000105 0.000084
898 0.000104 0.000084
899 0.000103 0.000084
900 0.000103 0.000084
901 0.000103 0.000084
902 0.000103 0.000083
903 0.000103 0.000083
904 0.000103 0.000083
905 0.000102 0.000083
906 0.000102 0.000082
907 0.000102 0.000082
908 0.000102 0.000082
909 0.000102 0.000082
910 0.000101 0.000082
911 0.000101 0.000081
912 0.000100 0.000081
913 0.000101 0.000081
914 0.000100 0.000081
915 0.000099 0.000081
916 0.000099 0.000080
917 0.000099 0.000080
918 0.000099 0.000080
919 0.000098 0.000080
920 0.000098 0.000080
921 0.000097 0.000079
922 0.000097 0.000079
923 0.000096 0.000079
924 0.000096 0.000079
925 0.000096 0.000079
926 0.000099 0.000078
927 0.000097 0.000078
928 0.000094 0.000078
929 0.000094 0.000078
930 0.000094 0.000078
931 0.000093 0.000077
932 0.000093 0.000077
933 0.000093 0.000077
934 0.000093 0.000077
935 0.000093 0.000077
936 0.000093 0.000077
937 0.000093 0.000076
938 0.000093 0.000076
939 0.000093 0.000076
940 0.000093 0.000076
941 0.000093 0.000076
942 0.000093 0.000075
943 0.000093 0.000075
944 0.000093 0.000075
945 0.000093 0.000075
946 0.000093 0.000075
947 0.000092 0.000075
948 0.000090 0.000074
949 0.000093 0.000074
950 0.000093 0.000074
