1 0.000033 0.000033
2 0.000032 0.000033
3 0.000033 0.000033
4 0.000033 0.000033
5 0.000035 0.000033
6 0.000036 0.000033
7 0.000036 0.000033
8 0.000036 0.000033
9 0.000035 0.000033
10 0.000035 0.000033
11 0.000036 0.000033
12 0.000035 0.000033
13 0.000035 0.000034
14 0.000036 0.000033
15 0.000037 0.000033
16 0.000037 0.000034
17 0.000037 0.000033
18 0.000037 0.000033
19 0.000036 0.000033
20 0.000035 0.000033
21 0.000035 0.000033
22 0.000034 0.000033
23 0.000034 0.000034
24 0.000036 0.000036
25 0.000042 0.000035
26 0.000058 0.000039
27 0.000086 0.000041
28 0.000105 0.000036
29 0.000091 0.000038
30 0.000076 0.000036
31 0.000064 0.000037
32 0.000056 0.000038
33 0.000054 0.000038
34 0.000052 0.000038
35 0.000050 0.000038
36 0.000049 0.000039
37 0.000048 0.000039
38 0.000048 0.000040
39 0.000048 0.000040
40 0.000048 0.000040
41 0.000047 0.000040
42 0.000046 0.000041
43 0.000046 0.000041
44 0.000046 0.000041
45 0.000046 0.000041
46 0.000048 0.000043
47 0.000049 0.000041
48 0.000049 0.000042
49 0.000049 0.000042
50 0.000049 0.000043
51 0.000053 0.000046
52 0.000063 0.000047
53 0.000079 0.000047
54 0.000090 0.000048
55 0.000098 0.000048
56 0.000103 0.000047
57 0.000103 0.000046
58 0.000095 0.000047
59 0.000086 0.000046
60 0.000082 0.000047
61 0.000082 0.000048
62 0.000082 0.000048
63 0.000084 0.000048
64 0.000087 0.000048
65 0.000090 0.000049
66 0.000093 0.000049
67 0.000097 0.000049
68 0.000101 0.000050
69 0.000105 0.000050
70 0.000108 0.000050
71 0.000110 0.000050
72 0.000112 0.000051
73 0.000115 0.000051
74 0.000116 0.000051
75 0.000117 0.000051
76 0.000118 0.000051
77 0.000121 0.000051
78 0.000122 0.000051
79 0.000122 0.000051
80 0.000123 0.000051
81 0.000123 0.000051
82 0.000123 0.000051
83 0.000124 0.000051
84 0.000127 0.000051
85 0.000127 0.000051
86 0.000128 0.000051
87 0.000128 0.000051
88 0.000128 0.000051
89 0.000128 0.000051
90 0.000130 0.000051
91 0.000130 0.000051
92 0.000131 0.000051
93 0.000133 0.000051
94 0.000134 0.000051
95 0.000134 0.000051
96 0.000135 0.000051
97 0.000136 0.000051
98 0.000139 0.000051
99 0.000140 0.000051
100 0.000140 0.000051
101 0.000140 0.000051
102 0.000140 0.000051
103 0.000140 0.000050
104 0.000140 0.000050
105 0.000140 0.000050
106 0.000140 0.000050
107 0.000140 0.000050
108 0.000141 0.000050
109 0.000141 0.000050
110 0.000141 0.000050
111 0.000141 0.000050
112 0.000140 0.000050
113 0.000141 0.000050
114 0.000141 0.000050
115 0.000141 0.000050
116 0.000141 0.000050
117 0.000141 0.000049
118 0.000140 0.000049
119 0.000140 0.000049
120 0.000140 0.000049
121 0.000139 0.000049
122 0.000140 0.000049
123 0.000140 0.000049
124 0.000140 0.000049
125 0.000140 0.000049
126 0.000140 0.000049
127 0.000140 0.000049
128 0.000139 0.000049
129 0.000138 0.000049
130 0.000138 0.000049
131 0.000137 0.000048
132 0.000136 0.000048
133 0.000136 0.000048
134 0.000136 0.000048
135 0.000135 0.000048
136 0.000135 0.000048
137 0.000135 0.000048
138 0.000134 0.000048
139 0.000134 0.000048
140 0.000133 0.000048
141 0.000133 0.000048
142 0.000133 0.000048
143 0.000131 0.000048
144 0.000130 0.000048
145 0.000130 0.000047
146 0.000130 0.000047
147 0.000129 0.000047
148 0.000128 0.000047
149 0.000128 0.000047
150 0.000128 0.000047
151 0.000128 0.000047
152 0.000127 0.000047
153 0.000127 0.000047
154 0.000127 0.000047
155 0.000126 0.000047
156 0.000125 0.000047
157 0.000123 0.000047
158 0.000123 0.000047
159 0.000122 0.000047
160 0.000122 0.000046
161 0.000122 0.000046
162 0.000122 0.000046
163 0.000122 0.000046
164 0.000122 0.000046
165 0.000122 0.000046
166 0.000122 0.000046
167 0.000122 0.000046
168 0.000121 0.000046
169 0.000119 0.000046
170 0.000120 0.000046
171 0.000119 0.000046
172 0.000118 0.000046
173 0.000118 0.000046
174 0.000117 0.000046
175 0.000117 0.000045
176 0.000117 0.000045
177 0.000116 0.000045
178 0.000116 0.000045
179 0.000116 0.000045
180 0.000114 0.000045
181 0.000113 0.000045
182 0.000112 0.000045
183 0.000112 0.000045
184 0.000112 0.000045
185 0.000112 0.000045
186 0.000112 0.000045
187 0.000112 0.000045
188 0.000112 0.000045
189 0.000111 0.000045
190 0.000108 0.000045
191 0.000109 0.000044
192 0.000108 0.000044
193 0.000109 0.000044
194 0.000108 0.000044
195 0.000108 0.000044
196 0.000108 0.000044
197 0.000108 0.000044
198 0.000108 0.000044
199 0.000107 0.000044
200 0.000107 0.000044
201 0.000106 0.000044
202 0.000105 0.000044
203 0.000104 0.000044
204 0.000103 0.000044
205 0.000104 0.000044
206 0.000103 0.000044
207 0.000103 0.000043
208 0.000102 0.000043
209 0.000102 0.000043
210 0.000102 0.000043
211 0.000102 0.000043
212 0.000102 0.000043
213 0.000102 0.000043
214 0.000101 0.000043
215 0.000099 0.000043
216 0.000099 0.000043
217 0.000099 0.000043
218 0.000099 0.000043
219 0.000099 0.000043
220 0.000098 0.000043
221 0.000098 0.000043
222 0.000098 0.000043
223 0.000098 0.000043
224 0.000098 0.000042
225 0.000097 0.000042
226 0.000095 0.000042
227 0.000095 0.000042
228 0.000094 0.000042
229 0.000094 0.000042
230 0.000094 0.000042
231 0.000094 0.000042
232 0.000093 0.000042
233 0.000093 0.000042
234 0.000093 0.000042
235 0.000093 0.000042
236 0.000093 0.000042
237 0.000093 0.000042
238 0.000093 0.000042
239 0.000092 0.000042
240 0.000094 0.000042
241 0.000094 0.000042
242 0.000094 0.000042
243 0.000093 0.000041
244 0.000093 0.000041
245 0.000092 0.000041
246 0.000090 0.000041
247 0.000090 0.000041
248 0.000090 0.000041
249 0.000090 0.000041
250 0.000090 0.000041
251 0.000090 0.000041
252 0.000090 0.000041
253 0.000090 0.000041
254 0.000090 0.000041
255 0.000090 0.000041
256 0.000090 0.000041
257 0.000089 0.000041
258 0.000087 0.000041
259 0.000086 0.000041
260 0.000086 0.000041
261 0.000086 0.000041
262 0.000085 0.000040
263 0.000086 0.000040
264 0.000086 0.000040
265 0.000085 0.000040
266 0.000083 0.000040
267 0.000083 0.000040
268 0.000081 0.000040
269 0.000080 0.000040
270 0.000080 0.000040
271 0.000080 0.000040
272 0.000080 0.000040
273 0.000080 0.000040
274 0.000080 0.000040
275 0.000080 0.000040
276 0.000080 0.000040
277 0.000080 0.000040
278 0.000080 0.000040
279 0.000080 0.000040
280 0.000080 0.000040
281 0.000080 0.000040
282 0.000080 0.000039
283 0.000080 0.000039
284 0.000081 0.000039
285 0.000084 0.000039
286 0.000102 0.000049
287 0.000134 0.000046
288 0.000135 0.000042
289 0.000117 0.000040
290 0.000101 0.000041
291 0.000094 0.000041
292 0.000090 0.000041
293 0.000088 0.000042
294 0.000089 0.000044
295 0.000095 0.000044
296 0.000097 0.000042
297 0.000093 0.000043
298 0.000089 0.000043
299 0.000088 0.000043
300 0.000088 0.000043
301 0.000088 0.000043
302 0.000088 0.000043
303 0.000087 0.000044
304 0.000087 0.000044
305 0.000087 0.000044
306 0.000087 0.000044
307 0.000087 0.000044
308 0.000087 0.000044
309 0.000086 0.000044
310 0.000086 0.000045
311 0.000085 0.000044
312 0.000086 0.000044
313 0.000087 0.000044
314 0.000088 0.000044
315 0.000088 0.000044
316 0.000089 0.000044
317 0.000089 0.000044
318 0.000092 0.000046
319 0.000093 0.000045
320 0.000092 0.000044
321 0.000092 0.000044
322 0.000093 0.000046
323 0.000093 0.000046
324 0.000094 0.000045
325 0.000094 0.000045
326 0.000093 0.000045
327 0.000092 0.000045
328 0.000091 0.000045
329 0.000090 0.000045
330 0.000090 0.000045
331 0.000090 0.000045
332 0.000090 0.000045
333 0.000090 0.000045
334 0.000090 0.000045
335 0.000090 0.000045
336 0.000090 0.000045
337 0.000090 0.000045
338 0.000090 0.000046
339 0.000092 0.000046
340 0.000094 0.000047
341 0.000098 0.000048
342 0.000102 0.000047
343 0.000103 0.000046
344 0.000102 0.000047
345 0.000102 0.000047
346 0.000101 0.000046
347 0.000098 0.000046
348 0.000098 0.000046
349 0.000096 0.000046
350 0.000095 0.000046
351 0.000094 0.000047
352 0.000094 0.000047
353 0.000094 0.000048
354 0.000094 0.000047
355 0.000094 0.000047
356 0.000094 0.000047
357 0.000094 0.000047
358 0.000094 0.000047
359 0.000095 0.000047
360 0.000097 0.000047
361 0.000097 0.000047
362 0.000097 0.000047
363 0.000097 0.000047
364 0.000097 0.000047
365 0.000097 0.000047
366 0.000098 0.000047
367 0.000099 0.000047
368 0.000099 0.000047
369 0.000099 0.000047
370 0.000100 0.000047
371 0.000101 0.000047
372 0.000100 0.000047
373 0.000100 0.000047
374 0.000113 0.000057
375 0.000162 0.000055
376 0.000177 0.000052
377 0.000153 0.000049
378 0.000133 0.000049
379 0.000123 0.000049
380 0.000122 0.000050
381 0.000122 0.000050
382 0.000123 0.000050
383 0.000125 0.000052
384 0.000130 0.000053
385 0.000133 0.000051
386 0.000132 0.000052
387 0.000132 0.000052
388 0.000132 0.000052
389 0.000132 0.000052
390 0.000132 0.000053
391 0.000134 0.000053
392 0.000137 0.000054
393 0.000140 0.000054
394 0.000141 0.000053
395 0.000141 0.000053
396 0.000141 0.000054
397 0.000144 0.000054
398 0.000145 0.000054
399 0.000147 0.000054
400 0.000149 0.000054
401 0.000151 0.000054
402 0.000154 0.000056
403 0.000156 0.000054
404 0.000158 0.000054
405 0.000159 0.000055
406 0.000162 0.000055
407 0.000164 0.000054
408 0.000165 0.000055
409 0.000166 0.000054
410 0.000168 0.000054
411 0.000169 0.000055
412 0.000169 0.000055
413 0.000170 0.000055
414 0.000171 0.000055
415 0.000172 0.000055
416 0.000175 0.000055
417 0.000176 0.000055
418 0.000177 0.000055
419 0.000177 0.000055
420 0.000178 0.000055
421 0.000179 0.000054
422 0.000180 0.000054
423 0.000181 0.000054
424 0.000182 0.000054
425 0.000183 0.000054
426 0.000183 0.000054
427 0.000185 0.000054
428 0.000191 0.000057
429 0.000208 0.000059
430 0.000219 0.000058
431 0.000218 0.000056
432 0.000208 0.000055
433 0.000203 0.000056
434 0.000201 0.000056
435 0.000198 0.000056
436 0.000197 0.000056
437 0.000211 0.000062
438 0.000212 0.000057
439 0.000205 0.000057
440 0.000202 0.000057
441 0.000200 0.000057
442 0.000200 0.000058
443 0.000200 0.000058
444 0.000201 0.000059
445 0.000201 0.000058
446 0.000201 0.000058
447 0.000201 0.000058
448 0.000201 0.000058
449 0.000202 0.000059
450 0.000202 0.000059
451 0.000202 0.000059
452 0.000202 0.000059
453 0.000203 0.000059
454 0.000203 0.000059
455 0.000203 0.000059
456 0.000204 0.000059
457 0.000204 0.000059
458 0.000204 0.000059
459 0.000204 0.000059
460 0.000205 0.000059
461 0.000205 0.000059
462 0.000205 0.000059
463 0.000206 0.000059
464 0.000207 0.000058
465 0.000208 0.000059
466 0.000212 0.000059
467 0.000213 0.000058
468 0.000211 0.000058
469 0.000212 0.000059
470 0.000212 0.000058
471 0.000212 0.000058
472 0.000212 0.000059
473 0.000216 0.000059
474 0.000216 0.000058
475 0.000215 0.000058
476 0.000215 0.000058
477 0.000215 0.000058
478 0.000215 0.000058
479 0.000215 0.000058
480 0.000215 0.000058
481 0.000215 0.000058
482 0.000214 0.000059
483 0.000219 0.000062
484 0.000233 0.000060
485 0.000229 0.000058
486 0.000220 0.000060
487 0.000219 0.000059
488 0.000218 0.000059
489 0.000217 0.000059
490 0.000217 0.000059
491 0.000216 0.000059
492 0.000216 0.000059
493 0.000215 0.000059
494 0.000214 0.000059
495 0.000212 0.000059
496 0.000212 0.000059
497 0.000212 0.000059
498 0.000211 0.000059
499 0.000210 0.000059
500 0.000210 0.000059
501 0.000210 0.000059
502 0.000209 0.000059
503 0.000209 0.000059
504 0.000209 0.000059
505 0.000209 0.000059
506 0.000208 0.000059
507 0.000208 0.000059
508 0.000206 0.000059
509 0.000205 0.000059
510 0.000205 0.000059
511 0.000205 0.000059
512 0.000205 0.000059
513 0.000204 0.000059
514 0.000203 0.000059
515 0.000203 0.000058
516 0.000202 0.000058
517 0.000202 0.000058
518 0.000201 0.000058
519 0.000200 0.000058
520 0.000198 0.000058
521 0.000198 0.000058
522 0.000197 0.000058
523 0.000197 0.000058
524 0.000197 0.000058
525 0.000196 0.000057
526 0.000196 0.000057
527 0.000195 0.000057
528 0.000195 0.000057
529 0.000195 0.000057
530 0.000194 0.000057
531 0.000195 0.000057
532 0.000193 0.000057
533 0.000193 0.000057
534 0.000192 0.000057
535 0.000191 0.000057
536 0.000190 0.000056
537 0.000190 0.000056
538 0.000190 0.000056
539 0.000190 0.000056
540 0.000189 0.000056
541 0.000189 0.000056
542 0.000188 0.000056
543 0.000188 0.000056
544 0.000187 0.000056
545 0.000186 0.000056
546 0.000186 0.000055
547 0.000186 0.000055
548 0.000184 0.000055
549 0.000183 0.000055
550 0.000183 0.000055
551 0.000183 0.000055
552 0.000185 0.000055
553 0.000188 0.000055
554 0.000194 0.000056
555 0.000201 0.000057
556 0.000196 0.000055
557 0.000190 0.000055
558 0.000188 0.000055
559 0.000185 0.000055
560 0.000183 0.000055
561 0.000182 0.000055
562 0.000181 0.000055
563 0.000181 0.000055
564 0.000180 0.000055
565 0.000179 0.000055
566 0.000179 0.000055
567 0.000178 0.000055
568 0.000177 0.000055
569 0.000177 0.000055
570 0.000177 0.000055
571 0.000177 0.000055
572 0.000177 0.000055
573 0.000182 0.000060
574 0.000193 0.000056
575 0.000193 0.000059
576 0.000213 0.000061
577 0.000228 0.000058
578 0.000209 0.000056
579 0.000194 0.000057
580 0.000188 0.000057
581 0.000185 0.000057
582 0.000183 0.000058
583 0.000182 0.000058
584 0.000181 0.000058
585 0.000181 0.000058
586 0.000180 0.000059
587 0.000179 0.000059
588 0.000179 0.000059
589 0.000180 0.000059
590 0.000179 0.000059
591 0.000178 0.000059
592 0.000178 0.000060
593 0.000179 0.000059
594 0.000179 0.000061
595 0.000181 0.000059
596 0.000179 0.000059
597 0.000177 0.000060
598 0.000177 0.000060
599 0.000177 0.000060
600 0.000177 0.000060
601 0.000177 0.000060
602 0.000176 0.000060
603 0.000176 0.000060
604 0.000176 0.000060
605 0.000175 0.000060
606 0.000174 0.000060
607 0.000174 0.000059
608 0.000173 0.000059
609 0.000171 0.000059
610 0.000171 0.000059
611 0.000171 0.000059
612 0.000171 0.000059
613 0.000171 0.000059
614 0.000171 0.000059
615 0.000171 0.000059
616 0.000171 0.000059
617 0.000171 0.000059
618 0.000171 0.000059
619 0.000171 0.000059
620 0.000171 0.000059
621 0.000171 0.000058
622 0.000171 0.000058
623 0.000171 0.000058
624 0.000174 0.000058
625 0.000178 0.000058
626 0.000188 0.000063
627 0.000201 0.000061
628 0.000204 0.000061
629 0.000212 0.000065
630 0.000245 0.000066
631 0.000291 0.000069
632 0.000297 0.000061
633 0.000235 0.000062
634 0.000218 0.000064
635 0.000219 0.000068
636 0.000249 0.000072
637 0.000289 0.000072
638 0.000287 0.000067
639 0.000260 0.000069
640 0.000253 0.000069
641 0.000255 0.000071
642 0.000265 0.000070
643 0.000271 0.000072
644 0.000278 0.000072
645 0.000286 0.000073
646 0.000296 0.000073
647 0.000303 0.000074
648 0.000311 0.000074
649 0.000317 0.000074
650 0.000324 0.000075
651 0.000331 0.000075
652 0.000338 0.000075
653 0.000343 0.000076
654 0.000349 0.000076
655 0.000352 0.000076
656 0.000356 0.000076
657 0.000361 0.000076
658 0.000366 0.000076
659 0.000370 0.000076
660 0.000372 0.000076
661 0.000376 0.000076
662 0.000379 0.000076
663 0.000381 0.000076
664 0.000384 0.000076
665 0.000387 0.000076
666 0.000388 0.000076
667 0.000389 0.000076
668 0.000391 0.000077
669 0.000392 0.000077
670 0.000394 0.000076
671 0.000394 0.000078
672 0.000397 0.000076
673 0.000393 0.000076
674 0.000391 0.000076
675 0.000391 0.000076
676 0.000391 0.000077
677 0.000390 0.000076
678 0.000388 0.000076
679 0.000391 0.000078
680 0.000397 0.000078
681 0.000391 0.000076
682 0.000386 0.000076
683 0.000381 0.000076
684 0.000379 0.000076
685 0.000376 0.000076
686 0.000373 0.000076
687 0.000371 0.000076
688 0.000370 0.000076
689 0.000368 0.000076
690 0.000364 0.000076
691 0.000361 0.000076
692 0.000359 0.000076
693 0.000355 0.000076
694 0.000352 0.000075
695 0.000352 0.000075
696 0.000351 0.000075
697 0.000349 0.000075
698 0.000347 0.000075
699 0.000343 0.000075
700 0.000340 0.000075
701 0.000337 0.000075
702 0.000332 0.000074
703 0.000334 0.000074
704 0.000332 0.000074
705 0.000329 0.000074
706 0.000327 0.000074
707 0.000325 0.000074
708 0.000322 0.000074
709 0.000320 0.000073
710 0.000319 0.000073
711 0.000317 0.000073
712 0.000314 0.000073
713 0.000311 0.000073
714 0.000309 0.000073
715 0.000307 0.000073
716 0.000302 0.000072
717 0.000301 0.000072
718 0.000299 0.000072
719 0.000297 0.000072
720 0.000294 0.000072
721 0.000291 0.000072
722 0.000289 0.000071
723 0.000286 0.000071
724 0.000284 0.000071
725 0.000282 0.000071
726 0.000281 0.000071
727 0.000278 0.000071
728 0.000276 0.000071
729 0.000274 0.000070
730 0.000271 0.000070
731 0.000268 0.000070
732 0.000267 0.000070
733 0.000266 0.000070
734 0.000265 0.000070
735 0.000263 0.000069
736 0.000260 0.000069
737 0.000259 0.000069
738 0.000257 0.000069
739 0.000255 0.000069
740 0.000253 0.000069
741 0.000251 0.000069
742 0.000249 0.000068
743 0.000248 0.000068
744 0.000247 0.000068
745 0.000246 0.000068
746 0.000244 0.000068
747 0.000241 0.000068
748 0.000237 0.000068
749 0.000236 0.000067
750 0.000235 0.000067
751 0.000234 0.000067
752 0.000233 0.000067
753 0.000232 0.000067
754 0.000231 0.000067
755 0.000228 0.000067
756 0.000227 0.000066
757 0.000226 0.000066
758 0.000224 0.000066
759 0.000223 0.000066
760 0.000222 0.000066
761 0.000220 0.000066
762 0.000218 0.000066
763 0.000218 0.000065
764 0.000218 0.000065
765 0.000216 0.000065
766 0.000214 0.000065
767 0.000212 0.000065
768 0.000210 0.000065
769 0.000209 0.000065
770 0.000208 0.000065
771 0.000207 0.000064
772 0.000205 0.000064
773 0.000204 0.000064
774 0.000202 0.000064
775 0.000201 0.000064
776 0.000198 0.000064
777 0.000197 0.000064
778 0.000196 0.000064
779 0.000195 0.000063
780 0.000195 0.000063
781 0.000193 0.000063
782 0.000191 0.000063
783 0.000190 0.000063
784 0.000189 0.000063
785 0.000188 0.000063
786 0.000187 0.000063
787 0.000185 0.000062
788 0.000183 0.000062
789 0.000182 0.000062
790 0.000181 0.000062
791 0.000180 0.000062
792 0.000178 0.000062
793 0.000177 0.000062
794 0.000177 0.000062
795 0.000176 0.000061
796 0.000175 0.000061
797 0.000172 0.000061
798 0.000171 0.000061
799 0.000170 0.000061
800 0.000169 0.000061
801 0.000169 0.000061
802 0.000169 0.000061
803 0.000169 0.000061
804 0.000167 0.000060
805 0.000165 0.000060
806 0.000164 0.000060
807 0.000164 0.000060
808 0.000163 0.000060
809 0.000162 0.000060
810 0.000162 0.000060
811 0.000161 0.000060
812 0.000159 0.000060
813 0.000158 0.000059
814 0.000157 0.000059
815 0.000157 0.000059
816 0.000156 0.000059
817 0.000156 0.000059
818 0.000156 0.000059
819 0.000156 0.000059
820 0.000153 0.000059
821 0.000153 0.000059
822 0.000152 0.000058
823 0.000151 0.000058
824 0.000150 0.000058
825 0.000149 0.000058
826 0.000147 0.000058
827 0.000147 0.000058
828 0.000147 0.000058
829 0.000146 0.000058
830 0.000145 0.000058
831 0.000145 0.000057
832 0.000144 0.000057
833 0.000142 0.000057
834 0.000141 0.000057
835 0.000141 0.000057
836 0.000143 0.000057
837 0.000141 0.000057
838 0.000140 0.000057
839 0.000140 0.000057
840 0.000139 0.000057
841 0.000139 0.000056
842 0.000138 0.000056
843 0.000135 0.000056
844 0.000135 0.000056
845 0.000134 0.000056
846 0.000134 0.000056
847 0.000132 0.000056
848 0.000132 0.000056
849 0.000132 0.000056
850 0.000132 0.000056
851 0.000132 0.000055
852 0.000131 0.000055
853 0.000129 0.000055
854 0.000128 0.000055
855 0.000127 0.000055
856 0.000127 0.000055
857 0.000126 0.000055
858 0.000125 0.000055
859 0.000123 0.000055
860 0.000123 0.000055
861 0.000123 0.000055
862 0.000123 0.000054
863 0.000123 0.000054
864 0.000123 0.000054
865 0.000122 0.000054
866 0.000121 0.000054
867 0.000121 0.000054
868 0.000119 0.000054
869 0.000118 0.000054
870 0.000118 0.000054
871 0.000118 0.000054
872 0.000118 0.000054
873 0.000117 0.000053
874 0.000117 0.000053
875 0.000116 0.000053
876 0.000114 0.000053
877 0.000113 0.000053
878 0.000113 0.000053
879 0.000113 0.000053
880 0.000113 0.000053
881 0.000113 0.000053
882 0.000112 0.000053
883 0.000111 0.000053
884 0.000111 0.000052
885 0.000111 0.000052
886 0.000111 0.000052
887 0.000111 0.000052
888 0.000110 0.000052
889 0.000109 0.000052
890 0.000108 0.000052
891 0.000107 0.000052
892 0.000107 0.000052
893 0.000106 0.000052
894 0.000106 0.000052
895 0.000106 0.000052
896 0.000105 0.000051
897 0.000105 0.000051
898 0.000104 0.000051
899 0.000103 0.000051
900 0.000103 0.000051
901 0.000103 0.000051
902 0.000103 0.000051
903 0.000103 0.000051
904 0.000103 0.000051
905 0.000102 0.000051
906 0.000102 0.000051
907 0.000102 0.000051
908 0.000102 0.000050
909 0.000102 0.000050
910 0.000101 0.000050
911 0.000101 0.000050
912 0.000100 0.000050
913 0.000101 0.000050
914 0.000100 0.000050
915 0.000099 0.000050
916 0.000099 0.000050
917 0.000099 0.000050
918 0.000099 0.000050
919 0.000098 0.000050
920 0.000098 0.000050
921 0.000097 0.000049
922 0.000097 0.000049
923 0.000096 0.000049
924 0.000096 0.000049
925 0.000096 0.000049
926 0.000099 0.000049
927 0.000097 0.000049
928 0.000094 0.000049
929 0.000094 0.000049
930 0.000094 0.000049
931 0.000093 0.000049
932 0.000093 0.000049
933 0.000093 0.000049
934 0.000093 0.000049
935 0.000093 0.000048
936 0.000093 0.000048
937 0.000093 0.000048
938 0.000093 0.000048
939 0.000093 0.000048
940 0.000093 0.000048
941 0.000093 0.000048
942 0.000093 0.000048
943 0.000093 0.000048
944 0.000093 0.000048
945 0.000093 0.000048
946 0.000093 0.000048
947 0.000092 0.000048
948 0.000090 0.000047
949 0.000093 0.000047
950 0.000093 0.000047
