Taegu Pyungkwang River Catchment: Calibration Data

Subcatchment : Extracted study basin: cat-1399

TL =     9.16
SUMAC =     1.00
SZQ =       0.01567
Subcatchment routing data:
Maximum Routing Delay       0.69444
Sum of Histogram ordinates:     1.0000
     1.00000 
Initial BAL             -0.19942
Initial SBAR             0.19742
Initial SR0              0.00200
it      p        ep       q(it)       quz      q       sbar       qof
1 0.0000e+00 6.1900e-05 3.2800e-05 0.0000e+00 3.2800e-05 1.9745e-01 0.0000e+00
2 0.0000e+00 6.4700e-05 3.2766e-05 0.0000e+00 3.2766e-05 1.9748e-01 0.0000e+00
3 1.0000e-03 6.1900e-05 3.2733e-05 0.0000e+00 3.2733e-05 1.9751e-01 0.0000e+00
4 1.0000e-03 5.6000e-05 3.2699e-05 0.0000e+00 3.2699e-05 1.9755e-01 0.0000e+00
5 1.0000e-03 4.5700e-05 4.8973e-05 8.1700e-05 3.2666e-05 1.9750e-01 1.6307e-05
6 5.0000e-04 3.2300e-05 4.2435e-05 1.1836e-04 3.2716e-05 1.9741e-01 9.7192e-06
7 5.0000e-04 1.5600e-05 4.2810e-05 1.5307e-04 3.2804e-05 1.9729e-01 1.0006e-05
8 0.0000e+00 0.0000e+00 3.2927e-05 1.3371e-04 3.2927e-05 1.9719e-01 0.0000e+00
9 5.0000e-04 0.0000e+00 4.3394e-05 1.7037e-04 3.3031e-05 1.9705e-01 1.0363e-05
10 5.0000e-04 0.0000e+00 4.3870e-05 2.0322e-04 3.3173e-05 1.9688e-01 1.0697e-05
11 0.0000e+00 0.0000e+00 3.3350e-05 1.7853e-04 3.3350e-05 1.9674e-01 0.0000e+00
12 0.0000e+00 0.0000e+00 3.3502e-05 1.5849e-04 3.3502e-05 1.9661e-01 0.0000e+00
13 1.0000e-03 0.0000e+00 5.5026e-05 2.4888e-04 3.3633e-05 1.9640e-01 2.1394e-05
14 5.0000e-04 0.0000e+00 4.4557e-05 2.7176e-04 3.3860e-05 1.9616e-01 1.0697e-05
15 5.0000e-04 0.0000e+00 4.4809e-05 2.9354e-04 3.4112e-05 1.9590e-01 1.0697e-05
16 1.0000e-03 0.0000e+00 5.5784e-05 3.6725e-04 3.4390e-05 1.9557e-01 2.1394e-05
17 0.0000e+00 0.0000e+00 3.4750e-05 3.2268e-04 3.4750e-05 1.9528e-01 0.0000e+00
18 0.0000e+00 0.0000e+00 3.5064e-05 2.8668e-04 3.5064e-05 1.9503e-01 0.0000e+00
19 0.0000e+00 0.0000e+00 3.5341e-05 2.5535e-04 3.5341e-05 1.9481e-01 0.0000e+00
20 0.0000e+00 0.0000e+00 3.5584e-05 2.2787e-04 3.5584e-05 1.9462e-01 0.0000e+00
21 0.0000e+00 1.8000e-05 3.5799e-05 2.0366e-04 3.5799e-05 1.9445e-01 0.0000e+00
22 0.0000e+00 3.4800e-05 3.5987e-05 1.8224e-04 3.5987e-05 1.9430e-01 0.0000e+00
23 0.0000e+00 4.9200e-05 3.6152e-05 1.6325e-04 3.6152e-05 1.9418e-01 0.0000e+00
24 3.0000e-03 6.0200e-05 9.8296e-05 4.6360e-04 3.6296e-05 1.9375e-01 6.2000e-05
25 2.0000e-03 6.6600e-05 7.8283e-05 6.1422e-04 3.6784e-05 1.9317e-01 4.1500e-05
26 5.5000e-03 6.9600e-05 1.5369e-04 1.1355e-03 3.7454e-05 1.9207e-01 1.1624e-04
27 6.0000e-03 6.6600e-05 1.6563e-04 1.6455e-03 3.8761e-05 1.9047e-01 1.2687e-04
28 1.0000e-03 6.0200e-05 6.0726e-05 1.5440e-03 4.0757e-05 1.8896e-01 1.9969e-05
29 2.5000e-03 4.9200e-05 9.4914e-05 1.6421e-03 4.2717e-05 1.8736e-01 5.2196e-05
30 0.0000e+00 3.4800e-05 4.4906e-05 1.4497e-03 4.4906e-05 1.8596e-01 0.0000e+00
31 0.0000e+00 1.6800e-05 4.6922e-05 1.2881e-03 4.6922e-05 1.8472e-01 0.0000e+00
32 1.0000e-03 0.0000e+00 6.8016e-05 1.2508e-03 4.8777e-05 1.8351e-01 1.9239e-05
33 5.0000e-04 0.0000e+00 6.1341e-05 1.1676e-03 5.0645e-05 1.8240e-01 1.0697e-05
34 0.0000e+00 0.0000e+00 5.2444e-05 1.0359e-03 5.2444e-05 1.8141e-01 0.0000e+00
35 0.0000e+00 0.0000e+00 5.4080e-05 9.2155e-04 5.4080e-05 1.8055e-01 0.0000e+00
36 0.0000e+00 0.0000e+00 5.5566e-05 8.2046e-04 5.5566e-05 1.7978e-01 0.0000e+00
37 0.0000e+00 0.0000e+00 5.6911e-05 7.3082e-04 5.6911e-05 1.7911e-01 0.0000e+00
38 0.0000e+00 0.0000e+00 5.8122e-05 6.5126e-04 5.8122e-05 1.7852e-01 0.0000e+00
39 0.0000e+00 0.0000e+00 5.9209e-05 5.8061e-04 5.9209e-05 1.7799e-01 0.0000e+00
40 0.0000e+00 0.0000e+00 6.0182e-05 5.1785e-04 6.0182e-05 1.7754e-01 0.0000e+00
41 0.0000e+00 0.0000e+00 6.1049e-05 4.6208e-04 6.1049e-05 1.7714e-01 0.0000e+00
42 0.0000e+00 0.0000e+00 6.1819e-05 4.1250e-04 6.1819e-05 1.7678e-01 0.0000e+00
43 0.0000e+00 0.0000e+00 6.2500e-05 3.6842e-04 6.2500e-05 1.7648e-01 0.0000e+00
44 0.0000e+00 0.0000e+00 6.3100e-05 3.2922e-04 6.3100e-05 1.7621e-01 0.0000e+00
45 0.0000e+00 3.3800e-05 6.3627e-05 2.9433e-04 6.3627e-05 1.7598e-01 0.0000e+00
46 1.0000e-03 6.5200e-05 8.7786e-05 3.8089e-04 6.4087e-05 1.7566e-01 2.3699e-05
47 0.0000e+00 9.2300e-05 6.4725e-05 3.3328e-04 6.4725e-05 1.7540e-01 0.0000e+00
48 5.0000e-04 1.1300e-04 7.3674e-05 3.3741e-04 6.5271e-05 1.7512e-01 8.4037e-06
49 0.0000e+00 1.2500e-04 6.5828e-05 2.9737e-04 6.5828e-05 1.7489e-01 0.0000e+00
50 1.0000e-03 1.3050e-04 8.5003e-05 3.5734e-04 6.6306e-05 1.7460e-01 1.8697e-05
51 2.5000e-03 1.2500e-04 1.2503e-04 6.0329e-04 6.6912e-05 1.7407e-01 5.8119e-05
52 3.0000e-03 1.1300e-04 1.3856e-04 8.7227e-04 6.8043e-05 1.7326e-01 7.0517e-05
53 2.5000e-03 9.2300e-05 1.2832e-04 1.0448e-03 6.9775e-05 1.7229e-01 5.8548e-05
54 3.0000e-03 6.5200e-05 1.4325e-04 1.2646e-03 7.1933e-05 1.7109e-01 7.1319e-05
55 2.5000e-03 3.1600e-05 1.3439e-04 1.3980e-03 7.4665e-05 1.6977e-01 5.9720e-05
56 2.0000e-03 0.0000e+00 1.2610e-04 1.4604e-03 7.7818e-05 1.6839e-01 4.8280e-05
57 1.0000e-03 0.0000e+00 1.0578e-04 1.3953e-03 8.1253e-05 1.6707e-01 2.4528e-05
58 1.0000e-03 0.0000e+00 1.0919e-04 1.3450e-03 8.4659e-05 1.6581e-01 2.4528e-05
59 0.0000e+00 0.0000e+00 8.8060e-05 1.1715e-03 8.8060e-05 1.6473e-01 0.0000e+00
60 5.0000e-04 0.0000e+00 1.0336e-04 1.0925e-03 9.1093e-05 1.6373e-01 1.2264e-05
61 5.0000e-04 0.0000e+00 1.0625e-04 1.0215e-03 9.3989e-05 1.6280e-01 1.2264e-05
62 0.0000e+00 0.0000e+00 9.6753e-05 8.9197e-04 9.6753e-05 1.6201e-01 0.0000e+00
63 0.0000e+00 0.0000e+00 9.9187e-05 7.8245e-04 9.9187e-05 1.6132e-01 0.0000e+00
64 0.0000e+00 0.0000e+00 1.0133e-04 6.8741e-04 1.0133e-04 1.6074e-01 0.0000e+00
65 0.0000e+00 0.0000e+00 1.0320e-04 6.0459e-04 1.0320e-04 1.6023e-01 0.0000e+00
66 0.0000e+00 0.0000e+00 1.0483e-04 5.3225e-04 1.0483e-04 1.5981e-01 0.0000e+00
67 0.0000e+00 0.0000e+00 1.0624e-04 4.6899e-04 1.0624e-04 1.5944e-01 0.0000e+00
68 0.0000e+00 0.0000e+00 1.0745e-04 4.1361e-04 1.0745e-04 1.5914e-01 0.0000e+00
69 0.0000e+00 4.1400e-05 1.0848e-04 3.6508e-04 1.0848e-04 1.5888e-01 0.0000e+00
70 0.0000e+00 7.9800e-05 1.0936e-04 3.2252e-04 1.0936e-04 1.5867e-01 0.0000e+00
71 0.0000e+00 1.1290e-04 1.1009e-04 2.8516e-04 1.1009e-04 1.5849e-01 0.0000e+00
72 0.0000e+00 1.3830e-04 1.1069e-04 2.5234e-04 1.1069e-04 1.5835e-01 0.0000e+00
73 0.0000e+00 1.5300e-04 1.1118e-04 2.2347e-04 1.1118e-04 1.5824e-01 0.0000e+00
74 0.0000e+00 1.5980e-04 1.1157e-04 1.9806e-04 1.1157e-04 1.5815e-01 0.0000e+00
75 0.0000e+00 1.5300e-04 1.1188e-04 1.7568e-04 1.1188e-04 1.5809e-01 0.0000e+00
76 0.0000e+00 1.3830e-04 1.1210e-04 1.5595e-04 1.1210e-04 1.5805e-01 0.0000e+00
77 0.0000e+00 1.1290e-04 1.1225e-04 1.3854e-04 1.1225e-04 1.5802e-01 0.0000e+00
78 0.0000e+00 7.9800e-05 1.1235e-04 1.2316e-04 1.1235e-04 1.5801e-01 0.0000e+00
79 0.0000e+00 3.8700e-05 1.1238e-04 1.0957e-04 1.1238e-04 1.5801e-01 0.0000e+00
80 0.0000e+00 0.0000e+00 1.1237e-04 9.7552e-05 1.1237e-04 1.5803e-01 0.0000e+00
81 0.0000e+00 0.0000e+00 1.1232e-04 8.6909e-05 1.1232e-04 1.5805e-01 0.0000e+00
82 0.0000e+00 0.0000e+00 1.1223e-04 7.7480e-05 1.1223e-04 1.5809e-01 0.0000e+00
83 0.0000e+00 0.0000e+00 1.1211e-04 6.9119e-05 1.1211e-04 1.5813e-01 0.0000e+00
84 0.0000e+00 0.0000e+00 1.1196e-04 6.1700e-05 1.1196e-04 1.5818e-01 0.0000e+00
85 0.0000e+00 0.0000e+00 1.1178e-04 5.5111e-05 1.1178e-04 1.5824e-01 0.0000e+00
86 0.0000e+00 0.0000e+00 1.1159e-04 4.9257e-05 1.1159e-04 1.5830e-01 0.0000e+00
87 0.0000e+00 0.0000e+00 1.1137e-04 4.4050e-05 1.1137e-04 1.5837e-01 0.0000e+00
88 0.0000e+00 0.0000e+00 1.1114e-04 3.9417e-05 1.1114e-04 1.5844e-01 0.0000e+00
89 0.0000e+00 0.0000e+00 1.1089e-04 3.5292e-05 1.1089e-04 1.5851e-01 0.0000e+00
90 0.0000e+00 0.0000e+00 1.1063e-04 3.1614e-05 1.1063e-04 1.5859e-01 0.0000e+00
91 0.0000e+00 0.0000e+00 1.1035e-04 2.8336e-05 1.1035e-04 1.5867e-01 0.0000e+00
92 0.0000e+00 0.0000e+00 1.1007e-04 2.5412e-05 1.1007e-04 1.5876e-01 0.0000e+00
93 0.0000e+00 1.9100e-05 1.0978e-04 2.2801e-05 1.0978e-04 1.5885e-01 0.0000e+00
94 0.0000e+00 3.6800e-05 1.0948e-04 2.0468e-05 1.0948e-04 1.5893e-01 0.0000e+00
95 0.0000e+00 5.2100e-05 1.0918e-04 1.8383e-05 1.0918e-04 1.5903e-01 0.0000e+00
96 0.0000e+00 6.3800e-05 1.0887e-04 1.6519e-05 1.0887e-04 1.5912e-01 0.0000e+00
97 5.0000e-04 7.0600e-05 1.0855e-04 1.4850e-05 1.0855e-04 1.5921e-01 0.0000e+00
98 5.0000e-04 7.3700e-05 1.0824e-04 1.3356e-05 1.0824e-04 1.5931e-01 0.0000e+00
99 0.0000e+00 7.0600e-05 1.0792e-04 1.2018e-05 1.0792e-04 1.5940e-01 0.0000e+00
100 0.0000e+00 6.3800e-05 1.0759e-04 1.0818e-05 1.0759e-04 1.5950e-01 0.0000e+00
101 0.0000e+00 5.2100e-05 1.0727e-04 9.7426e-06 1.0727e-04 1.5960e-01 0.0000e+00
102 0.0000e+00 3.6800e-05 1.0694e-04 8.7776e-06 1.0694e-04 1.5969e-01 0.0000e+00
103 0.0000e+00 1.7800e-05 1.0661e-04 7.9104e-06 1.0661e-04 1.5979e-01 0.0000e+00
104 0.0000e+00 0.0000e+00 1.0629e-04 7.1327e-06 1.0629e-04 1.5989e-01 0.0000e+00
105 0.0000e+00 0.0000e+00 1.0596e-04 6.4340e-06 1.0596e-04 1.5999e-01 0.0000e+00
106 0.0000e+00 0.0000e+00 1.0563e-04 5.8060e-06 1.0563e-04 1.6009e-01 0.0000e+00
107 0.0000e+00 0.0000e+00 1.0530e-04 5.2412e-06 1.0530e-04 1.6019e-01 0.0000e+00
108 0.0000e+00 0.0000e+00 1.0497e-04 4.7330e-06 1.0497e-04 1.6029e-01 0.0000e+00
109 0.0000e+00 0.0000e+00 1.0464e-04 4.2757e-06 1.0464e-04 1.6039e-01 0.0000e+00
110 0.0000e+00 0.0000e+00 1.0431e-04 3.8639e-06 1.0431e-04 1.6049e-01 0.0000e+00
111 5.0000e-04 0.0000e+00 1.0399e-04 3.4930e-06 1.0399e-04 1.6059e-01 0.0000e+00
112 0.0000e+00 0.0000e+00 1.0366e-04 3.1587e-06 1.0366e-04 1.6069e-01 0.0000e+00
113 0.0000e+00 0.0000e+00 1.0334e-04 2.8574e-06 1.0334e-04 1.6079e-01 0.0000e+00
114 0.0000e+00 0.0000e+00 1.0301e-04 2.5856e-06 1.0301e-04 1.6089e-01 0.0000e+00
115 0.0000e+00 0.0000e+00 1.0269e-04 2.3405e-06 1.0269e-04 1.6100e-01 0.0000e+00
116 0.0000e+00 0.0000e+00 1.0237e-04 2.1192e-06 1.0237e-04 1.6110e-01 0.0000e+00
117 0.0000e+00 1.0200e-05 1.0205e-04 1.9182e-06 1.0205e-04 1.6120e-01 0.0000e+00
118 0.0000e+00 1.9800e-05 1.0173e-04 1.7380e-06 1.0173e-04 1.6130e-01 0.0000e+00
119 0.0000e+00 2.8000e-05 1.0141e-04 1.5753e-06 1.0141e-04 1.6140e-01 0.0000e+00
120 0.0000e+00 3.4200e-05 1.0110e-04 1.4281e-06 1.0110e-04 1.6150e-01 0.0000e+00
121 0.0000e+00 3.7900e-05 1.0078e-04 1.2951e-06 1.0078e-04 1.6159e-01 0.0000e+00
122 0.0000e+00 3.9500e-05 1.0047e-04 1.1748e-06 1.0047e-04 1.6169e-01 0.0000e+00
123 0.0000e+00 3.7900e-05 1.0016e-04 1.0659e-06 1.0016e-04 1.6179e-01 0.0000e+00
124 0.0000e+00 3.4200e-05 9.9847e-05 9.6743e-07 9.9847e-05 1.6189e-01 0.0000e+00
125 0.0000e+00 2.8000e-05 9.9539e-05 8.7826e-07 9.9539e-05 1.6199e-01 0.0000e+00
126 0.0000e+00 1.9800e-05 9.9233e-05 7.9752e-07 9.9233e-05 1.6209e-01 0.0000e+00
127 0.0000e+00 9.6000e-06 9.8928e-05 7.2438e-07 9.8928e-05 1.6219e-01 0.0000e+00
128 0.0000e+00 0.0000e+00 9.8625e-05 6.5812e-07 9.8625e-05 1.6229e-01 0.0000e+00
129 0.0000e+00 0.0000e+00 9.8324e-05 5.9807e-07 9.8324e-05 1.6238e-01 0.0000e+00
130 0.0000e+00 0.0000e+00 9.8024e-05 5.4181e-07 9.8024e-05 1.6248e-01 0.0000e+00
131 0.0000e+00 0.0000e+00 9.7726e-05 4.9271e-07 9.7726e-05 1.6258e-01 0.0000e+00
132 0.0000e+00 0.0000e+00 9.7429e-05 4.4817e-07 9.7429e-05 1.6267e-01 0.0000e+00
133 0.0000e+00 0.0000e+00 9.7134e-05 4.0774e-07 9.7134e-05 1.6277e-01 0.0000e+00
134 0.0000e+00 0.0000e+00 9.6841e-05 3.7104e-07 9.6841e-05 1.6287e-01 0.0000e+00
135 0.0000e+00 0.0000e+00 9.6550e-05 3.3771e-07 9.6550e-05 1.6296e-01 0.0000e+00
136 0.0000e+00 0.0000e+00 9.6260e-05 3.0745e-07 9.6260e-05 1.6306e-01 0.0000e+00
137 0.0000e+00 0.0000e+00 9.5972e-05 2.7995e-07 9.5972e-05 1.6316e-01 0.0000e+00
138 0.0000e+00 0.0000e+00 9.5685e-05 2.5497e-07 9.5685e-05 1.6325e-01 0.0000e+00
139 0.0000e+00 0.0000e+00 9.5400e-05 2.3226e-07 9.5400e-05 1.6335e-01 0.0000e+00
140 0.0000e+00 0.0000e+00 9.5117e-05 2.1162e-07 9.5117e-05 1.6344e-01 0.0000e+00
141 5.0000e-04 4.1400e-05 9.4835e-05 1.9285e-07 9.4835e-05 1.6354e-01 0.0000e+00
142 0.0000e+00 7.9900e-05 9.4555e-05 1.7579e-07 9.4555e-05 1.6363e-01 0.0000e+00
143 0.0000e+00 1.1300e-04 9.4277e-05 1.6026e-07 9.4277e-05 1.6372e-01 0.0000e+00
144 0.0000e+00 1.3840e-04 9.4000e-05 1.4422e-07 9.4000e-05 1.6382e-01 0.0000e+00
145 0.0000e+00 1.5310e-04 9.3724e-05 1.3161e-07 9.3724e-05 1.6391e-01 0.0000e+00
146 0.0000e+00 1.5990e-04 9.3451e-05 1.2012e-07 9.3451e-05 1.6400e-01 0.0000e+00
147 0.0000e+00 1.5310e-04 9.3179e-05 1.0965e-07 9.3179e-05 1.6410e-01 0.0000e+00
148 0.0000e+00 1.3840e-04 9.2908e-05 1.0011e-07 9.2908e-05 1.6419e-01 0.0000e+00
149 0.0000e+00 1.1300e-04 9.2639e-05 9.1415e-08 9.2639e-05 1.6428e-01 0.0000e+00
150 0.0000e+00 7.9900e-05 9.2371e-05 8.3489e-08 9.2371e-05 1.6438e-01 0.0000e+00
151 0.0000e+00 3.8700e-05 9.2105e-05 7.6262e-08 9.2105e-05 1.6447e-01 0.0000e+00
152 0.0000e+00 0.0000e+00 9.1841e-05 6.9671e-08 9.1841e-05 1.6456e-01 0.0000e+00
153 0.0000e+00 0.0000e+00 9.1578e-05 6.3660e-08 9.1578e-05 1.6465e-01 0.0000e+00
154 0.0000e+00 0.0000e+00 9.1316e-05 5.8177e-08 9.1316e-05 1.6474e-01 0.0000e+00
155 0.0000e+00 0.0000e+00 9.1056e-05 5.3175e-08 9.1056e-05 1.6483e-01 0.0000e+00
156 0.0000e+00 0.0000e+00 9.0798e-05 4.8610e-08 9.0798e-05 1.6492e-01 0.0000e+00
157 0.0000e+00 0.0000e+00 9.0541e-05 4.4443e-08 9.0541e-05 1.6501e-01 0.0000e+00
158 0.0000e+00 0.0000e+00 9.0285e-05 3.8887e-08 9.0285e-05 1.6510e-01 0.0000e+00
159 0.0000e+00 0.0000e+00 9.0031e-05 3.5608e-08 9.0031e-05 1.6519e-01 0.0000e+00
160 0.0000e+00 0.0000e+00 8.9778e-05 3.2610e-08 8.9778e-05 1.6528e-01 0.0000e+00
161 0.0000e+00 0.0000e+00 8.9526e-05 2.9868e-08 8.9526e-05 1.6537e-01 0.0000e+00
162 0.0000e+00 0.0000e+00 8.9276e-05 2.7359e-08 8.9276e-05 1.6546e-01 0.0000e+00
163 0.0000e+00 0.0000e+00 8.9028e-05 2.5065e-08 8.9028e-05 1.6555e-01 0.0000e+00
164 0.0000e+00 0.0000e+00 8.8780e-05 2.2965e-08 8.8780e-05 1.6564e-01 0.0000e+00
165 0.0000e+00 1.7800e-05 8.8534e-05 2.1044e-08 8.8534e-05 1.6573e-01 0.0000e+00
166 0.0000e+00 3.4400e-05 8.8290e-05 1.9285e-08 8.8290e-05 1.6582e-01 0.0000e+00
167 0.0000e+00 4.8600e-05 8.8047e-05 1.7676e-08 8.8047e-05 1.6591e-01 0.0000e+00
168 0.0000e+00 5.9500e-05 8.7805e-05 1.6202e-08 8.7805e-05 1.6599e-01 0.0000e+00
169 0.0000e+00 6.5900e-05 8.7564e-05 1.4854e-08 8.7564e-05 1.6608e-01 0.0000e+00
170 0.0000e+00 6.8800e-05 8.7325e-05 1.3619e-08 8.7325e-05 1.6617e-01 0.0000e+00
171 0.0000e+00 6.5900e-05 8.7087e-05 1.2488e-08 8.7087e-05 1.6626e-01 0.0000e+00
172 0.0000e+00 5.9500e-05 8.6850e-05 1.0065e-08 8.6850e-05 1.6634e-01 0.0000e+00
173 0.0000e+00 4.8600e-05 8.6615e-05 9.2518e-09 8.6615e-05 1.6643e-01 0.0000e+00
174 0.0000e+00 3.4400e-05 8.6381e-05 8.5053e-09 8.6381e-05 1.6652e-01 0.0000e+00
175 0.0000e+00 1.6600e-05 8.6148e-05 7.8196e-09 8.6148e-05 1.6660e-01 0.0000e+00
176 0.0000e+00 0.0000e+00 8.5917e-05 7.1898e-09 8.5917e-05 1.6669e-01 0.0000e+00
177 0.0000e+00 0.0000e+00 8.5686e-05 6.6111e-09 8.5686e-05 1.6677e-01 0.0000e+00
178 0.0000e+00 0.0000e+00 8.5457e-05 6.0795e-09 8.5457e-05 1.6686e-01 0.0000e+00
179 0.0000e+00 0.0000e+00 8.5229e-05 5.5911e-09 8.5229e-05 1.6694e-01 0.0000e+00
180 0.0000e+00 0.0000e+00 8.5002e-05 5.1423e-09 8.5002e-05 1.6703e-01 0.0000e+00
181 0.0000e+00 0.0000e+00 8.4777e-05 4.7299e-09 8.4777e-05 1.6711e-01 0.0000e+00
182 0.0000e+00 0.0000e+00 8.4553e-05 4.3509e-09 8.4553e-05 1.6720e-01 0.0000e+00
183 0.0000e+00 0.0000e+00 8.4330e-05 4.0025e-09 8.4330e-05 1.6728e-01 0.0000e+00
184 0.0000e+00 0.0000e+00 8.4108e-05 3.6823e-09 8.4108e-05 1.6737e-01 0.0000e+00
185 0.0000e+00 0.0000e+00 8.3887e-05 3.3880e-09 8.3887e-05 1.6745e-01 0.0000e+00
186 0.0000e+00 0.0000e+00 8.3667e-05 2.2706e-09 8.3667e-05 1.6753e-01 0.0000e+00
187 0.0000e+00 0.0000e+00 8.3449e-05 2.0964e-09 8.3449e-05 1.6762e-01 0.0000e+00
188 0.0000e+00 0.0000e+00 8.3232e-05 1.9356e-09 8.3232e-05 1.6770e-01 0.0000e+00
189 0.0000e+00 4.5600e-05 8.3015e-05 1.7873e-09 8.3015e-05 1.6778e-01 0.0000e+00
190 5.0000e-04 8.7900e-05 8.2800e-05 1.6504e-09 8.2800e-05 1.6787e-01 0.0000e+00
191 0.0000e+00 1.2440e-04 8.2586e-05 1.5240e-09 8.2586e-05 1.6795e-01 0.0000e+00
192 0.0000e+00 1.5230e-04 8.2373e-05 1.4074e-09 8.2373e-05 1.6803e-01 0.0000e+00
193 0.0000e+00 1.6850e-04 8.2162e-05 1.2998e-09 8.2162e-05 1.6811e-01 0.0000e+00
194 0.0000e+00 1.7590e-04 8.1951e-05 1.2005e-09 8.1951e-05 1.6820e-01 0.0000e+00
195 0.0000e+00 1.6850e-04 8.1741e-05 1.1088e-09 8.1741e-05 1.6828e-01 0.0000e+00
196 0.0000e+00 1.5230e-04 8.1533e-05 1.0241e-09 8.1533e-05 1.6836e-01 0.0000e+00
197 0.0000e+00 1.2440e-04 8.1325e-05 9.4598e-10 8.1325e-05 1.6844e-01 0.0000e+00
198 0.0000e+00 8.7900e-05 8.1119e-05 8.7384e-10 8.1119e-05 1.6852e-01 0.0000e+00
199 0.0000e+00 4.2600e-05 8.0914e-05 8.0724e-10 8.0914e-05 1.6860e-01 0.0000e+00
200 0.0000e+00 0.0000e+00 8.0709e-05 3.7500e-10 8.0709e-05 1.6868e-01 0.0000e+00
201 0.0000e+00 0.0000e+00 8.0506e-05 3.4786e-10 8.0506e-05 1.6876e-01 0.0000e+00
202 0.0000e+00 0.0000e+00 8.0304e-05 3.2269e-10 8.0304e-05 1.6884e-01 0.0000e+00
203 0.0000e+00 0.0000e+00 8.0102e-05 2.9935e-10 8.0102e-05 1.6892e-01 0.0000e+00
204 0.0000e+00 0.0000e+00 7.9902e-05 2.7771e-10 7.9902e-05 1.6900e-01 0.0000e+00
205 0.0000e+00 0.0000e+00 7.9703e-05 2.5763e-10 7.9703e-05 1.6908e-01 0.0000e+00
206 0.0000e+00 0.0000e+00 7.9505e-05 2.3902e-10 7.9505e-05 1.6916e-01 0.0000e+00
207 0.0000e+00 0.0000e+00 7.9307e-05 2.2176e-10 7.9307e-05 1.6924e-01 0.0000e+00
208 0.0000e+00 0.0000e+00 7.9111e-05 2.0575e-10 7.9111e-05 1.6932e-01 0.0000e+00
209 0.0000e+00 0.0000e+00 7.8916e-05 1.9090e-10 7.8916e-05 1.6940e-01 0.0000e+00
210 0.0000e+00 0.0000e+00 7.8721e-05 1.7713e-10 7.8721e-05 1.6948e-01 0.0000e+00
211 0.0000e+00 0.0000e+00 7.8528e-05 1.6435e-10 7.8528e-05 1.6956e-01 0.0000e+00
212 0.0000e+00 0.0000e+00 7.8335e-05 1.5251e-10 7.8335e-05 1.6964e-01 0.0000e+00
213 0.0000e+00 4.9000e-05 7.8144e-05 1.4152e-10 7.8144e-05 1.6971e-01 0.0000e+00
214 0.0000e+00 9.4600e-05 7.7953e-05 2.8852e-11 7.7953e-05 1.6979e-01 0.0000e+00
215 0.0000e+00 1.3380e-04 7.7764e-05 2.6896e-11 7.7764e-05 1.6987e-01 0.0000e+00
216 0.0000e+00 1.6380e-04 7.7575e-05 2.5074e-11 7.7575e-05 1.6995e-01 0.0000e+00
217 0.0000e+00 1.8130e-04 7.7387e-05 2.3375e-11 7.7387e-05 1.7002e-01 0.0000e+00
218 0.0000e+00 1.8920e-04 7.7200e-05 2.1792e-11 7.7200e-05 1.7010e-01 0.0000e+00
219 0.0000e+00 1.8130e-04 7.7014e-05 2.0316e-11 7.7014e-05 1.7018e-01 0.0000e+00
220 0.0000e+00 1.6380e-04 7.6829e-05 1.8941e-11 7.6829e-05 1.7026e-01 0.0000e+00
221 0.0000e+00 1.3380e-04 7.6645e-05 1.7659e-11 7.6645e-05 1.7033e-01 0.0000e+00
222 0.0000e+00 9.4600e-05 7.6461e-05 1.6465e-11 7.6461e-05 1.7041e-01 0.0000e+00
223 0.0000e+00 4.5800e-05 7.6279e-05 1.5351e-11 7.6279e-05 1.7049e-01 0.0000e+00
224 0.0000e+00 0.0000e+00 7.6097e-05 1.4313e-11 7.6097e-05 1.7056e-01 0.0000e+00
225 0.0000e+00 0.0000e+00 7.5917e-05 1.3345e-11 7.5917e-05 1.7064e-01 0.0000e+00
226 0.0000e+00 0.0000e+00 7.5737e-05 1.2443e-11 7.5737e-05 1.7071e-01 0.0000e+00
227 0.0000e+00 0.0000e+00 7.5558e-05 1.1603e-11 7.5558e-05 1.7079e-01 0.0000e+00
228 0.0000e+00 0.0000e+00 7.5379e-05 0.0000e+00 7.5379e-05 1.7086e-01 0.0000e+00
229 0.0000e+00 0.0000e+00 7.5202e-05 0.0000e+00 7.5202e-05 1.7094e-01 0.0000e+00
230 0.0000e+00 0.0000e+00 7.5026e-05 0.0000e+00 7.5026e-05 1.7101e-01 0.0000e+00
231 0.0000e+00 0.0000e+00 7.4850e-05 0.0000e+00 7.4850e-05 1.7109e-01 0.0000e+00
232 0.0000e+00 0.0000e+00 7.4675e-05 0.0000e+00 7.4675e-05 1.7116e-01 0.0000e+00
233 0.0000e+00 0.0000e+00 7.4501e-05 0.0000e+00 7.4501e-05 1.7124e-01 0.0000e+00
234 0.0000e+00 0.0000e+00 7.4328e-05 0.0000e+00 7.4328e-05 1.7131e-01 0.0000e+00
235 0.0000e+00 0.0000e+00 7.4155e-05 0.0000e+00 7.4155e-05 1.7139e-01 0.0000e+00
236 0.0000e+00 0.0000e+00 7.3984e-05 0.0000e+00 7.3984e-05 1.7146e-01 0.0000e+00
237 0.0000e+00 5.1700e-05 7.3813e-05 0.0000e+00 7.3813e-05 1.7153e-01 0.0000e+00
238 0.0000e+00 9.9800e-05 7.3643e-05 0.0000e+00 7.3643e-05 1.7161e-01 0.0000e+00
239 0.0000e+00 1.4120e-04 7.3473e-05 0.0000e+00 7.3473e-05 1.7168e-01 0.0000e+00
240 0.0000e+00 1.7290e-04 7.3305e-05 0.0000e+00 7.3305e-05 1.7175e-01 0.0000e+00
241 5.0000e-04 1.9130e-04 7.3137e-05 0.0000e+00 7.3137e-05 1.7183e-01 0.0000e+00
242 1.0000e-03 1.9970e-04 7.2970e-05 0.0000e+00 7.2970e-05 1.7190e-01 0.0000e+00
243 0.0000e+00 1.9130e-04 7.2804e-05 0.0000e+00 7.2804e-05 1.7197e-01 0.0000e+00
244 0.0000e+00 1.7290e-04 7.2639e-05 0.0000e+00 7.2639e-05 1.7205e-01 0.0000e+00
245 0.0000e+00 1.4120e-04 7.2474e-05 0.0000e+00 7.2474e-05 1.7212e-01 0.0000e+00
246 0.0000e+00 9.9800e-05 7.2310e-05 0.0000e+00 7.2310e-05 1.7219e-01 0.0000e+00
247 0.0000e+00 4.8300e-05 7.2147e-05 0.0000e+00 7.2147e-05 1.7226e-01 0.0000e+00
248 0.0000e+00 0.0000e+00 7.1984e-05 0.0000e+00 7.1984e-05 1.7234e-01 0.0000e+00
249 0.0000e+00 0.0000e+00 7.1822e-05 0.0000e+00 7.1822e-05 1.7241e-01 0.0000e+00
250 0.0000e+00 0.0000e+00 7.1661e-05 0.0000e+00 7.1661e-05 1.7248e-01 0.0000e+00
251 0.0000e+00 0.0000e+00 7.1501e-05 0.0000e+00 7.1501e-05 1.7255e-01 0.0000e+00
252 0.0000e+00 0.0000e+00 7.1342e-05 0.0000e+00 7.1342e-05 1.7262e-01 0.0000e+00
253 1.0000e-03 0.0000e+00 7.1183e-05 0.0000e+00 7.1183e-05 1.7269e-01 0.0000e+00
254 0.0000e+00 0.0000e+00 7.1024e-05 0.0000e+00 7.1024e-05 1.7276e-01 0.0000e+00
255 0.0000e+00 0.0000e+00 7.0867e-05 0.0000e+00 7.0867e-05 1.7283e-01 0.0000e+00
256 0.0000e+00 0.0000e+00 7.0710e-05 0.0000e+00 7.0710e-05 1.7291e-01 0.0000e+00
257 0.0000e+00 0.0000e+00 7.0554e-05 0.0000e+00 7.0554e-05 1.7298e-01 0.0000e+00
258 0.0000e+00 0.0000e+00 7.0399e-05 0.0000e+00 7.0399e-05 1.7305e-01 0.0000e+00
259 0.0000e+00 0.0000e+00 7.0244e-05 0.0000e+00 7.0244e-05 1.7312e-01 0.0000e+00
260 0.0000e+00 0.0000e+00 7.0090e-05 0.0000e+00 7.0090e-05 1.7319e-01 0.0000e+00
261 0.0000e+00 7.5200e-05 6.9937e-05 0.0000e+00 6.9937e-05 1.7326e-01 0.0000e+00
262 1.0000e-03 1.4510e-04 6.9784e-05 0.0000e+00 6.9784e-05 1.7333e-01 0.0000e+00
263 0.0000e+00 2.0520e-04 6.9632e-05 0.0000e+00 6.9632e-05 1.7340e-01 0.0000e+00
264 0.0000e+00 2.5130e-04 6.9481e-05 0.0000e+00 6.9481e-05 1.7347e-01 0.0000e+00
265 0.0000e+00 2.7800e-04 6.9330e-05 0.0000e+00 6.9330e-05 1.7353e-01 0.0000e+00
266 0.0000e+00 2.9030e-04 6.9180e-05 0.0000e+00 6.9180e-05 1.7360e-01 0.0000e+00
267 0.0000e+00 2.7800e-04 6.9031e-05 0.0000e+00 6.9031e-05 1.7367e-01 0.0000e+00
268 0.0000e+00 2.5130e-04 6.8882e-05 0.0000e+00 6.8882e-05 1.7374e-01 0.0000e+00
269 0.0000e+00 2.0520e-04 6.8734e-05 0.0000e+00 6.8734e-05 1.7381e-01 0.0000e+00
270 0.0000e+00 1.4510e-04 6.8586e-05 0.0000e+00 6.8586e-05 1.7388e-01 0.0000e+00
271 0.0000e+00 7.0200e-05 6.8439e-05 0.0000e+00 6.8439e-05 1.7395e-01 0.0000e+00
272 0.0000e+00 0.0000e+00 6.8293e-05 0.0000e+00 6.8293e-05 1.7402e-01 0.0000e+00
273 0.0000e+00 0.0000e+00 6.8148e-05 0.0000e+00 6.8148e-05 1.7408e-01 0.0000e+00
274 0.0000e+00 0.0000e+00 6.8003e-05 0.0000e+00 6.8003e-05 1.7415e-01 0.0000e+00
275 0.0000e+00 0.0000e+00 6.7858e-05 0.0000e+00 6.7858e-05 1.7422e-01 0.0000e+00
276 0.0000e+00 0.0000e+00 6.7714e-05 0.0000e+00 6.7714e-05 1.7429e-01 0.0000e+00
277 0.0000e+00 0.0000e+00 6.7571e-05 0.0000e+00 6.7571e-05 1.7436e-01 0.0000e+00
278 0.0000e+00 0.0000e+00 6.7429e-05 0.0000e+00 6.7429e-05 1.7442e-01 0.0000e+00
279 0.0000e+00 0.0000e+00 6.7287e-05 0.0000e+00 6.7287e-05 1.7449e-01 0.0000e+00
280 0.0000e+00 0.0000e+00 6.7146e-05 0.0000e+00 6.7146e-05 1.7456e-01 0.0000e+00
281 0.0000e+00 0.0000e+00 6.7005e-05 0.0000e+00 6.7005e-05 1.7462e-01 0.0000e+00
282 0.0000e+00 0.0000e+00 6.6865e-05 0.0000e+00 6.6865e-05 1.7469e-01 0.0000e+00
283 1.0000e-03 0.0000e+00 6.6725e-05 0.0000e+00 6.6725e-05 1.7476e-01 0.0000e+00
284 5.0000e-04 0.0000e+00 6.6586e-05 0.0000e+00 6.6586e-05 1.7482e-01 0.0000e+00
285 2.5000e-03 2.4400e-05 7.0384e-05 1.9696e-05 6.6448e-05 1.7487e-01 3.9360e-06
286 6.0000e-03 4.7000e-05 2.1292e-04 7.4943e-04 6.6351e-05 1.7419e-01 1.4657e-04
287 4.0000e-03 6.6500e-05 1.6474e-04 1.1097e-03 6.7782e-05 1.7315e-01 9.6958e-05
288 1.5000e-03 8.1400e-05 1.0519e-04 1.1228e-03 7.0025e-05 1.7209e-01 3.5161e-05
289 0.0000e+00 9.0100e-05 7.2368e-05 9.6930e-04 7.2368e-05 1.7120e-01 0.0000e+00
290 0.0000e+00 9.4000e-05 7.4425e-05 8.4478e-04 7.4425e-05 1.7043e-01 0.0000e+00
291 5.0000e-04 9.0100e-05 8.2001e-05 7.6838e-04 7.6238e-05 1.6973e-01 5.7633e-06
292 0.0000e+00 8.1400e-05 7.7905e-05 6.7189e-04 7.7905e-05 1.6914e-01 0.0000e+00
293 0.0000e+00 6.6500e-05 7.9365e-05 5.8952e-04 7.9365e-05 1.6863e-01 0.0000e+00
294 1.5000e-03 4.7000e-05 1.1160e-04 6.8028e-04 8.0640e-05 1.6803e-01 3.0963e-05
295 1.0000e-03 2.2800e-05 1.0554e-04 7.1209e-04 8.2165e-05 1.6740e-01 2.3375e-05
296 0.0000e+00 0.0000e+00 8.3799e-05 6.1698e-04 8.3799e-05 1.6687e-01 0.0000e+00
297 0.0000e+00 0.0000e+00 8.5207e-05 5.3994e-04 8.5207e-05 1.6641e-01 0.0000e+00
298 0.0000e+00 0.0000e+00 8.6426e-05 4.7387e-04 8.6426e-05 1.6602e-01 0.0000e+00
299 0.0000e+00 0.0000e+00 8.7479e-05 4.1671e-04 8.7479e-05 1.6570e-01 0.0000e+00
300 0.0000e+00 0.0000e+00 8.8384e-05 3.6701e-04 8.8384e-05 1.6542e-01 0.0000e+00
301 0.0000e+00 0.0000e+00 8.9157e-05 3.2367e-04 8.9157e-05 1.6518e-01 0.0000e+00
302 0.0000e+00 0.0000e+00 8.9812e-05 2.8578e-04 8.9812e-05 1.6499e-01 0.0000e+00
303 0.0000e+00 0.0000e+00 9.0364e-05 2.5261e-04 9.0364e-05 1.6482e-01 0.0000e+00
304 0.0000e+00 0.0000e+00 9.0824e-05 2.2351e-04 9.0824e-05 1.6469e-01 0.0000e+00
305 0.0000e+00 0.0000e+00 9.1201e-05 1.9797e-04 9.1201e-05 1.6458e-01 0.0000e+00
306 0.0000e+00 0.0000e+00 9.1506e-05 1.7550e-04 9.1506e-05 1.6450e-01 0.0000e+00
307 0.0000e+00 0.0000e+00 9.1746e-05 1.5573e-04 9.1746e-05 1.6444e-01 0.0000e+00
308 0.0000e+00 0.0000e+00 9.1930e-05 1.3830e-04 9.1930e-05 1.6439e-01 0.0000e+00
309 0.0000e+00 2.8800e-05 9.2063e-05 1.2293e-04 9.2063e-05 1.6436e-01 0.0000e+00
310 5.0000e-04 5.5500e-05 1.0315e-04 1.6895e-04 9.2152e-05 1.6428e-01 1.0999e-05
311 0.0000e+00 7.8500e-05 9.2373e-05 1.4532e-04 9.2373e-05 1.6423e-01 0.0000e+00
312 0.0000e+00 9.6200e-05 9.2526e-05 1.2751e-04 9.2526e-05 1.6419e-01 0.0000e+00
313 0.0000e+00 1.0640e-04 9.2628e-05 1.1238e-04 9.2628e-05 1.6418e-01 0.0000e+00
314 0.0000e+00 1.1110e-04 9.2685e-05 9.9298e-05 9.2685e-05 1.6417e-01 0.0000e+00
315 0.0000e+00 1.0640e-04 9.2704e-05 8.7911e-05 9.2704e-05 1.6417e-01 0.0000e+00
316 0.0000e+00 9.6200e-05 9.2690e-05 7.7950e-05 9.2690e-05 1.6419e-01 0.0000e+00
317 5.0000e-04 7.8500e-05 9.2647e-05 6.9211e-05 9.2647e-05 1.6421e-01 0.0000e+00
318 1.0000e-03 5.5500e-05 1.1159e-04 1.6467e-04 9.2580e-05 1.6414e-01 1.9010e-05
319 5.0000e-04 2.6900e-05 1.0369e-04 1.9689e-04 9.2788e-05 1.6404e-01 1.0903e-05
320 0.0000e+00 0.0000e+00 9.3091e-05 1.6689e-04 9.3091e-05 1.6396e-01 0.0000e+00
321 0.0000e+00 0.0000e+00 9.3306e-05 1.4453e-04 9.3306e-05 1.6391e-01 0.0000e+00
322 1.0000e-03 0.0000e+00 1.1732e-04 2.5577e-04 9.3455e-05 1.6375e-01 2.3868e-05
323 1.0000e-03 0.0000e+00 1.1846e-04 3.4819e-04 9.3930e-05 1.6349e-01 2.4528e-05
324 0.0000e+00 0.0000e+00 9.4680e-05 2.9294e-04 9.4680e-05 1.6330e-01 0.0000e+00
325 0.0000e+00 0.0000e+00 9.5268e-05 2.5268e-04 9.5268e-05 1.6314e-01 0.0000e+00
326 0.0000e+00 0.0000e+00 9.5738e-05 2.1938e-04 9.5738e-05 1.6301e-01 0.0000e+00
327 0.0000e+00 0.0000e+00 9.6108e-05 1.9122e-04 9.6108e-05 1.6292e-01 0.0000e+00
328 0.0000e+00 0.0000e+00 9.6395e-05 1.6716e-04 9.6395e-05 1.6285e-01 0.0000e+00
329 0.0000e+00 0.0000e+00 9.6608e-05 1.4647e-04 9.6608e-05 1.6280e-01 0.0000e+00
330 0.0000e+00 0.0000e+00 9.6759e-05 1.2860e-04 9.6759e-05 1.6277e-01 0.0000e+00
331 0.0000e+00 0.0000e+00 9.6855e-05 1.1311e-04 9.6855e-05 1.6275e-01 0.0000e+00
332 0.0000e+00 0.0000e+00 9.6904e-05 9.9655e-05 9.6904e-05 1.6275e-01 0.0000e+00
333 0.0000e+00 1.1200e-05 9.6912e-05 8.7928e-05 9.6912e-05 1.6276e-01 0.0000e+00
334 0.0000e+00 2.1600e-05 9.6885e-05 7.7687e-05 9.6885e-05 1.6278e-01 0.0000e+00
335 0.0000e+00 3.0600e-05 9.6827e-05 6.8726e-05 9.6827e-05 1.6280e-01 0.0000e+00
336 0.0000e+00 3.7400e-05 9.6742e-05 6.0871e-05 9.6742e-05 1.6284e-01 0.0000e+00
337 0.0000e+00 4.1400e-05 9.6634e-05 5.3973e-05 9.6634e-05 1.6288e-01 0.0000e+00
338 5.0000e-04 4.3200e-05 1.0528e-04 9.6080e-05 9.6505e-05 1.6288e-01 8.7798e-06
339 5.0000e-04 4.1400e-05 1.0771e-04 1.4257e-04 9.6504e-05 1.6284e-01 1.1204e-05
340 1.5000e-03 3.7400e-05 1.3242e-04 3.1609e-04 9.6643e-05 1.6262e-01 3.5776e-05
341 1.5000e-03 3.0600e-05 1.3318e-04 4.5809e-04 9.7308e-05 1.6226e-01 3.5874e-05
342 1.0000e-03 2.1600e-05 1.2219e-04 5.1305e-04 9.8411e-05 1.6184e-01 2.3777e-05
343 5.0000e-04 1.0500e-05 1.1143e-04 4.9798e-04 9.9695e-05 1.6144e-01 1.1734e-05
344 1.0000e-03 0.0000e+00 1.2521e-04 5.5973e-04 1.0094e-04 1.6098e-01 2.4270e-05
345 5.0000e-04 0.0000e+00 1.1466e-04 5.4342e-04 1.0240e-04 1.6054e-01 1.2264e-05
346 0.0000e+00 0.0000e+00 1.0382e-04 4.6494e-04 1.0382e-04 1.6018e-01 0.0000e+00
347 0.0000e+00 0.0000e+00 1.0500e-04 4.0253e-04 1.0500e-04 1.5989e-01 0.0000e+00
348 0.0000e+00 0.0000e+00 1.0598e-04 3.4988e-04 1.0598e-04 1.5964e-01 0.0000e+00
349 0.0000e+00 0.0000e+00 1.0679e-04 3.0494e-04 1.0679e-04 1.5944e-01 0.0000e+00
350 0.0000e+00 0.0000e+00 1.0746e-04 2.6636e-04 1.0746e-04 1.5928e-01 0.0000e+00
351 0.0000e+00 0.0000e+00 1.0799e-04 2.3311e-04 1.0799e-04 1.5916e-01 0.0000e+00
352 0.0000e+00 0.0000e+00 1.0841e-04 2.0437e-04 1.0841e-04 1.5906e-01 0.0000e+00
353 5.0000e-04 0.0000e+00 1.2100e-04 2.4906e-04 1.0874e-04 1.5892e-01 1.2264e-05
354 0.0000e+00 0.0000e+00 1.0922e-04 2.1259e-04 1.0922e-04 1.5882e-01 0.0000e+00
355 0.0000e+00 0.0000e+00 1.0957e-04 1.8532e-04 1.0957e-04 1.5874e-01 0.0000e+00
356 0.0000e+00 0.0000e+00 1.0983e-04 1.6219e-04 1.0983e-04 1.5869e-01 0.0000e+00
357 0.0000e+00 7.2300e-05 1.1001e-04 1.4228e-04 1.1001e-04 1.5866e-01 0.0000e+00
358 0.0000e+00 1.3960e-04 1.1012e-04 1.2506e-04 1.1012e-04 1.5864e-01 0.0000e+00
359 0.0000e+00 1.9750e-04 1.1017e-04 1.1011e-04 1.1017e-04 1.5864e-01 0.0000e+00
360 0.0000e+00 2.4180e-04 1.1017e-04 9.7095e-05 1.1017e-04 1.5866e-01 0.0000e+00
361 0.0000e+00 2.6750e-04 1.1013e-04 8.5732e-05 1.1013e-04 1.5868e-01 0.0000e+00
362 0.0000e+00 2.7930e-04 1.1004e-04 7.5794e-05 1.1004e-04 1.5872e-01 0.0000e+00
363 0.0000e+00 2.6750e-04 1.0993e-04 6.7086e-05 1.0993e-04 1.5876e-01 0.0000e+00
364 0.0000e+00 2.4180e-04 1.0978e-04 5.9443e-05 1.0978e-04 1.5881e-01 0.0000e+00
365 0.0000e+00 1.9750e-04 1.0961e-04 5.2724e-05 1.0961e-04 1.5887e-01 0.0000e+00
366 0.0000e+00 1.3960e-04 1.0941e-04 4.6810e-05 1.0941e-04 1.5893e-01 0.0000e+00
367 0.0000e+00 6.7600e-05 1.0920e-04 4.1598e-05 1.0920e-04 1.5900e-01 0.0000e+00
368 0.0000e+00 0.0000e+00 1.0897e-04 3.6999e-05 1.0897e-04 1.5907e-01 0.0000e+00
369 0.0000e+00 0.0000e+00 1.0872e-04 3.2935e-05 1.0872e-04 1.5914e-01 0.0000e+00
370 0.0000e+00 0.0000e+00 1.0846e-04 2.9342e-05 1.0846e-04 1.5922e-01 0.0000e+00
371 0.0000e+00 0.0000e+00 1.0820e-04 2.6161e-05 1.0820e-04 1.5931e-01 0.0000e+00
372 0.0000e+00 0.0000e+00 1.0792e-04 2.3342e-05 1.0792e-04 1.5939e-01 0.0000e+00
373 5.0000e-04 0.0000e+00 1.0763e-04 2.0841e-05 1.0763e-04 1.5948e-01 0.0000e+00
374 7.5000e-03 0.0000e+00 2.7450e-04 8.2049e-04 1.0734e-04 1.5876e-01 1.6715e-04
375 4.5000e-03 0.0000e+00 2.3908e-04 1.2782e-03 1.0976e-04 1.5759e-01 1.2932e-04
376 2.5000e-03 0.0000e+00 1.8634e-04 1.4085e-03 1.1384e-04 1.5630e-01 7.2496e-05
377 5.0000e-04 0.0000e+00 1.3304e-04 1.2599e-03 1.1854e-04 1.5516e-01 1.4499e-05
378 0.0000e+00 0.0000e+00 1.2285e-04 1.0785e-03 1.2285e-04 1.5420e-01 0.0000e+00
379 0.0000e+00 0.0000e+00 1.2657e-04 9.2918e-04 1.2657e-04 1.5340e-01 0.0000e+00
380 0.0000e+00 0.0000e+00 1.2979e-04 8.0265e-04 1.2979e-04 1.5273e-01 0.0000e+00
381 0.0000e+00 1.7400e-05 1.3255e-04 6.9493e-04 1.3255e-04 1.5217e-01 0.0000e+00
382 0.0000e+00 3.3600e-05 1.3490e-04 6.0285e-04 1.3490e-04 1.5170e-01 0.0000e+00
383 1.0000e-03 4.7500e-05 1.6440e-04 6.6055e-04 1.3688e-04 1.5117e-01 2.7520e-05
384 1.0000e-03 5.8200e-05 1.6676e-04 7.0213e-04 1.3914e-04 1.5061e-01 2.7621e-05
385 0.0000e+00 6.4300e-05 1.4161e-04 5.9797e-04 1.4161e-04 1.5015e-01 0.0000e+00
386 5.0000e-04 6.7200e-05 1.5459e-04 5.7151e-04 1.4365e-04 1.4973e-01 1.0949e-05
387 0.0000e+00 6.4300e-05 1.4558e-04 4.9098e-04 1.4558e-04 1.4938e-01 0.0000e+00
388 0.0000e+00 5.8200e-05 1.4716e-04 4.2530e-04 1.4716e-04 1.4910e-01 0.0000e+00
389 0.0000e+00 4.7500e-05 1.4844e-04 3.6944e-04 1.4844e-04 1.4888e-01 0.0000e+00
390 5.0000e-04 3.3600e-05 1.5711e-04 3.6045e-04 1.4947e-04 1.4867e-01 7.6330e-06
391 0.0000e+00 1.6300e-05 1.5046e-04 3.1096e-04 1.5046e-04 1.4851e-01 0.0000e+00
392 5.0000e-04 0.0000e+00 1.6427e-04 3.3713e-04 1.5122e-04 1.4832e-01 1.3053e-05
393 5.0000e-04 0.0000e+00 1.6660e-04 3.6214e-04 1.5210e-04 1.4811e-01 1.4499e-05
394 0.0000e+00 0.0000e+00 1.5310e-04 3.0766e-04 1.5310e-04 1.4796e-01 0.0000e+00
395 0.0000e+00 0.0000e+00 1.5384e-04 2.6562e-04 1.5384e-04 1.4785e-01 0.0000e+00
396 0.0000e+00 0.0000e+00 1.5438e-04 2.3034e-04 1.5438e-04 1.4777e-01 0.0000e+00
397 0.0000e+00 0.0000e+00 1.5475e-04 2.0038e-04 1.5475e-04 1.4773e-01 0.0000e+00
398 0.0000e+00 0.0000e+00 1.5497e-04 1.7475e-04 1.5497e-04 1.4771e-01 0.0000e+00
399 0.0000e+00 0.0000e+00 1.5506e-04 1.5272e-04 1.5506e-04 1.4771e-01 0.0000e+00
400 0.0000e+00 0.0000e+00 1.5505e-04 1.3372e-04 1.5505e-04 1.4773e-01 0.0000e+00
401 0.0000e+00 0.0000e+00 1.5495e-04 1.1727e-04 1.5495e-04 1.4777e-01 0.0000e+00
402 1.0000e-03 0.0000e+00 1.8376e-04 2.5190e-04 1.5477e-04 1.4767e-01 2.8999e-05
403 0.0000e+00 0.0000e+00 1.5524e-04 2.0654e-04 1.5524e-04 1.4762e-01 0.0000e+00
404 0.0000e+00 0.0000e+00 1.5549e-04 1.7633e-04 1.5549e-04 1.4760e-01 0.0000e+00
405 5.0000e-04 2.4600e-05 1.7009e-04 2.2625e-04 1.5559e-04 1.4753e-01 1.4499e-05
406 5.0000e-04 4.7400e-05 1.6972e-04 2.6016e-04 1.5593e-04 1.4742e-01 1.3786e-05
407 0.0000e+00 6.7100e-05 1.5644e-04 2.1743e-04 1.5644e-04 1.4736e-01 0.0000e+00
408 5.0000e-04 8.2200e-05 1.6792e-04 2.4346e-04 1.5674e-04 1.4728e-01 1.1181e-05
409 0.0000e+00 9.0900e-05 1.5716e-04 2.0468e-04 1.5716e-04 1.4723e-01 0.0000e+00
410 0.0000e+00 9.5000e-05 1.5740e-04 1.7541e-04 1.5740e-04 1.4721e-01 0.0000e+00
411 0.0000e+00 9.0900e-05 1.5749e-04 1.5115e-04 1.5749e-04 1.4722e-01 0.0000e+00
412 0.0000e+00 8.2200e-05 1.5745e-04 1.3077e-04 1.5745e-04 1.4724e-01 0.0000e+00
413 0.0000e+00 6.7100e-05 1.5732e-04 1.1349e-04 1.5732e-04 1.4729e-01 0.0000e+00
414 0.0000e+00 4.7400e-05 1.5711e-04 9.8748e-05 1.5711e-04 1.4735e-01 0.0000e+00
415 0.0000e+00 2.3000e-05 1.5682e-04 8.6120e-05 1.5682e-04 1.4742e-01 0.0000e+00
416 0.0000e+00 0.0000e+00 1.5648e-04 7.5260e-05 1.5648e-04 1.4750e-01 0.0000e+00
417 0.0000e+00 0.0000e+00 1.5608e-04 6.5889e-05 1.5608e-04 1.4759e-01 0.0000e+00
418 0.0000e+00 0.0000e+00 1.5564e-04 5.7783e-05 1.5564e-04 1.4769e-01 0.0000e+00
419 0.0000e+00 0.0000e+00 1.5516e-04 5.0752e-05 1.5516e-04 1.4779e-01 0.0000e+00
420 0.0000e+00 0.0000e+00 1.5466e-04 4.4641e-05 1.5466e-04 1.4790e-01 0.0000e+00
421 0.0000e+00 0.0000e+00 1.5413e-04 3.9318e-05 1.5413e-04 1.4802e-01 0.0000e+00
422 0.0000e+00 0.0000e+00 1.5358e-04 3.4674e-05 1.5358e-04 1.4813e-01 0.0000e+00
423 0.0000e+00 0.0000e+00 1.5301e-04 3.0614e-05 1.5301e-04 1.4826e-01 0.0000e+00
424 0.0000e+00 0.0000e+00 1.5242e-04 2.7060e-05 1.5242e-04 1.4838e-01 0.0000e+00
425 0.0000e+00 0.0000e+00 1.5183e-04 2.3944e-05 1.5183e-04 1.4851e-01 0.0000e+00
426 0.0000e+00 0.0000e+00 1.5122e-04 2.1209e-05 1.5122e-04 1.4864e-01 0.0000e+00
427 5.0000e-04 0.0000e+00 1.5061e-04 1.8803e-05 1.5061e-04 1.4877e-01 0.0000e+00
428 2.0000e-03 0.0000e+00 2.0579e-04 3.0070e-04 1.4999e-04 1.4862e-01 5.5798e-05
429 3.0000e-03 3.2600e-05 2.3769e-04 6.8007e-04 1.5070e-04 1.4809e-01 8.6995e-05
430 2.0000e-03 6.2900e-05 2.1026e-04 8.3827e-04 1.5321e-04 1.4741e-01 5.7052e-05
431 1.0000e-03 8.9000e-05 1.8370e-04 8.2833e-04 1.5653e-04 1.4673e-01 2.7174e-05
432 0.0000e+00 1.0900e-04 1.5985e-04 6.9077e-04 1.5985e-04 1.4620e-01 0.0000e+00
433 5.0000e-04 1.2060e-04 1.7128e-04 6.3125e-04 1.6252e-04 1.4573e-01 8.7632e-06
434 0.0000e+00 1.2590e-04 1.6492e-04 5.3501e-04 1.6492e-04 1.4536e-01 0.0000e+00
435 0.0000e+00 1.2060e-04 1.6684e-04 4.5739e-04 1.6684e-04 1.4507e-01 0.0000e+00
436 0.0000e+00 1.0900e-04 1.6836e-04 3.9256e-04 1.6836e-04 1.4485e-01 0.0000e+00
437 3.5000e-03 8.9000e-05 2.5728e-04 8.0049e-04 1.6954e-04 1.4422e-01 8.7738e-05
438 0.0000e+00 6.2900e-05 1.7292e-04 6.5048e-04 1.7292e-04 1.4374e-01 0.0000e+00
439 0.0000e+00 3.0500e-05 1.7552e-04 5.5025e-04 1.7552e-04 1.4337e-01 0.0000e+00
440 0.0000e+00 0.0000e+00 1.7759e-04 4.6917e-04 1.7759e-04 1.4308e-01 0.0000e+00
441 0.0000e+00 0.0000e+00 1.7921e-04 4.0207e-04 1.7921e-04 1.4285e-01 0.0000e+00
442 0.0000e+00 0.0000e+00 1.8046e-04 3.4581e-04 1.8046e-04 1.4269e-01 0.0000e+00
443 0.0000e+00 0.0000e+00 1.8140e-04 2.9828e-04 1.8140e-04 1.4257e-01 0.0000e+00
444 5.0000e-04 0.0000e+00 1.9128e-04 3.0757e-04 1.8206e-04 1.4244e-01 9.2159e-06
445 0.0000e+00 0.0000e+00 1.8278e-04 2.6146e-04 1.8278e-04 1.4237e-01 0.0000e+00
446 0.0000e+00 0.0000e+00 1.8323e-04 2.2539e-04 1.8323e-04 1.4232e-01 0.0000e+00
447 0.0000e+00 0.0000e+00 1.8347e-04 1.9506e-04 1.8347e-04 1.4231e-01 0.0000e+00
448 0.0000e+00 0.0000e+00 1.8354e-04 1.6928e-04 1.8354e-04 1.4233e-01 0.0000e+00
449 0.0000e+00 0.0000e+00 1.8345e-04 1.4724e-04 1.8345e-04 1.4236e-01 0.0000e+00
450 0.0000e+00 0.0000e+00 1.8325e-04 1.2831e-04 1.8325e-04 1.4242e-01 0.0000e+00
451 0.0000e+00 0.0000e+00 1.8293e-04 1.1202e-04 1.8293e-04 1.4249e-01 0.0000e+00
452 5.0000e-04 0.0000e+00 1.9703e-04 1.7611e-04 1.8253e-04 1.4250e-01 1.4499e-05
453 0.0000e+00 2.2400e-05 1.8249e-04 1.4534e-04 1.8249e-04 1.4253e-01 0.0000e+00
454 0.0000e+00 4.3300e-05 1.8228e-04 1.2428e-04 1.8228e-04 1.4259e-01 0.0000e+00
455 0.0000e+00 6.1200e-05 1.8195e-04 1.0709e-04 1.8195e-04 1.4267e-01 0.0000e+00
456 0.0000e+00 7.5000e-05 1.8152e-04 9.2713e-05 1.8152e-04 1.4275e-01 0.0000e+00
457 0.0000e+00 8.3000e-05 1.8102e-04 8.0536e-05 1.8102e-04 1.4285e-01 0.0000e+00
458 0.0000e+00 8.6600e-05 1.8045e-04 7.0148e-05 1.8045e-04 1.4296e-01 0.0000e+00
459 0.0000e+00 8.3000e-05 1.7983e-04 6.1240e-05 1.7983e-04 1.4308e-01 0.0000e+00
460 0.0000e+00 7.5000e-05 1.7917e-04 5.3572e-05 1.7917e-04 1.4321e-01 0.0000e+00
461 0.0000e+00 6.1200e-05 1.7847e-04 4.6948e-05 1.7847e-04 1.4334e-01 0.0000e+00
462 0.0000e+00 4.3300e-05 1.7773e-04 4.1210e-05 1.7773e-04 1.4348e-01 0.0000e+00
463 0.0000e+00 2.1000e-05 1.7698e-04 3.6228e-05 1.7698e-04 1.4362e-01 0.0000e+00
464 0.0000e+00 0.0000e+00 1.7620e-04 3.1892e-05 1.7620e-04 1.4376e-01 0.0000e+00
465 1.0000e-03 0.0000e+00 1.8552e-04 8.1980e-05 1.7541e-04 1.4386e-01 1.0116e-05
466 5.0000e-04 0.0000e+00 1.8940e-04 1.4319e-04 1.7490e-04 1.4389e-01 1.4499e-05
467 0.0000e+00 0.0000e+00 1.7472e-04 1.1507e-04 1.7472e-04 1.4395e-01 0.0000e+00
468 0.0000e+00 0.0000e+00 1.7440e-04 9.6691e-05 1.7440e-04 1.4402e-01 0.0000e+00
469 5.0000e-04 0.0000e+00 1.8847e-04 1.5916e-04 1.7397e-04 1.4404e-01 1.4499e-05
470 0.0000e+00 0.0000e+00 1.7389e-04 1.2935e-04 1.7389e-04 1.4408e-01 0.0000e+00
471 0.0000e+00 0.0000e+00 1.7365e-04 1.0920e-04 1.7365e-04 1.4415e-01 0.0000e+00
472 5.0000e-04 0.0000e+00 1.8780e-04 1.6995e-04 1.7330e-04 1.4415e-01 1.4499e-05
473 5.0000e-04 0.0000e+00 1.8778e-04 2.1569e-04 1.7328e-04 1.4411e-01 1.4499e-05
474 0.0000e+00 0.0000e+00 1.7351e-04 1.7649e-04 1.7351e-04 1.4411e-01 0.0000e+00
475 0.0000e+00 0.0000e+00 1.7353e-04 1.4898e-04 1.7353e-04 1.4413e-01 0.0000e+00
476 0.0000e+00 0.0000e+00 1.7340e-04 1.2684e-04 1.7340e-04 1.4418e-01 0.0000e+00
477 0.0000e+00 9.2000e-06 1.7315e-04 1.0861e-04 1.7315e-04 1.4424e-01 0.0000e+00
478 0.0000e+00 1.7800e-05 1.7280e-04 9.3383e-05 1.7280e-04 1.4432e-01 0.0000e+00
479 0.0000e+00 2.5200e-05 1.7237e-04 8.0570e-05 1.7237e-04 1.4441e-01 0.0000e+00
480 0.0000e+00 3.0900e-05 1.7187e-04 6.9719e-05 1.7187e-04 1.4452e-01 0.0000e+00
481 0.0000e+00 3.4200e-05 1.7133e-04 6.0483e-05 1.7133e-04 1.4463e-01 0.0000e+00
482 5.0000e-04 3.5700e-05 1.8184e-04 1.1123e-04 1.7073e-04 1.4469e-01 1.1101e-05
483 2.5000e-03 3.4200e-05 2.4188e-04 4.6818e-04 1.7042e-04 1.4439e-01 7.1461e-05
484 1.0000e-03 3.0900e-05 2.0002e-04 5.1659e-04 1.7201e-04 1.4404e-01 2.8007e-05
485 0.0000e+00 2.5200e-05 1.7387e-04 4.2175e-04 1.7387e-04 1.4380e-01 0.0000e+00
486 1.0000e-03 1.7800e-05 2.0260e-04 4.9991e-04 1.7522e-04 1.4347e-01 2.7372e-05
487 0.0000e+00 8.6000e-06 1.7701e-04 4.1241e-04 1.7701e-04 1.4324e-01 0.0000e+00
488 0.0000e+00 0.0000e+00 1.7832e-04 3.4875e-04 1.7832e-04 1.4306e-01 0.0000e+00
489 0.0000e+00 0.0000e+00 1.7927e-04 2.9697e-04 1.7927e-04 1.4295e-01 0.0000e+00
490 0.0000e+00 0.0000e+00 1.7993e-04 2.5409e-04 1.7993e-04 1.4287e-01 0.0000e+00
491 0.0000e+00 0.0000e+00 1.8035e-04 2.1821e-04 1.8035e-04 1.4284e-01 0.0000e+00
492 0.0000e+00 0.0000e+00 1.8056e-04 1.8797e-04 1.8056e-04 1.4283e-01 0.0000e+00
493 0.0000e+00 0.0000e+00 1.8060e-04 1.6235e-04 1.8060e-04 1.4285e-01 0.0000e+00
494 0.0000e+00 0.0000e+00 1.8050e-04 1.4057e-04 1.8050e-04 1.4289e-01 0.0000e+00
495 0.0000e+00 0.0000e+00 1.8028e-04 1.2197e-04 1.8028e-04 1.4294e-01 0.0000e+00
496 0.0000e+00 0.0000e+00 1.7995e-04 1.0604e-04 1.7995e-04 1.4302e-01 0.0000e+00
497 0.0000e+00 0.0000e+00 1.7953e-04 9.2367e-05 1.7953e-04 1.4311e-01 0.0000e+00
498 0.0000e+00 0.0000e+00 1.7904e-04 8.0592e-05 1.7904e-04 1.4320e-01 0.0000e+00
499 0.0000e+00 0.0000e+00 1.7849e-04 7.0430e-05 1.7849e-04 1.4331e-01 0.0000e+00
500 0.0000e+00 0.0000e+00 1.7789e-04 6.1642e-05 1.7789e-04 1.4343e-01 0.0000e+00
501 0.0000e+00 6.3800e-05 1.7725e-04 5.4027e-05 1.7725e-04 1.4355e-01 0.0000e+00
502 0.0000e+00 1.2310e-04 1.7657e-04 4.7415e-05 1.7657e-04 1.4368e-01 0.0000e+00
503 0.0000e+00 1.7420e-04 1.7586e-04 4.1666e-05 1.7586e-04 1.4381e-01 0.0000e+00
504 0.0000e+00 2.1330e-04 1.7512e-04 3.6657e-05 1.7512e-04 1.4395e-01 0.0000e+00
505 0.0000e+00 2.3600e-04 1.7436e-04 3.2287e-05 1.7436e-04 1.4410e-01 0.0000e+00
506 0.0000e+00 2.4640e-04 1.7359e-04 2.8469e-05 1.7359e-04 1.4424e-01 0.0000e+00
507 0.0000e+00 2.3600e-04 1.7281e-04 2.5129e-05 1.7281e-04 1.4439e-01 0.0000e+00
508 0.0000e+00 2.1330e-04 1.7201e-04 2.2203e-05 1.7201e-04 1.4454e-01 0.0000e+00
509 0.0000e+00 1.7420e-04 1.7121e-04 1.9636e-05 1.7121e-04 1.4469e-01 0.0000e+00
510 0.0000e+00 1.2310e-04 1.7040e-04 1.7382e-05 1.7040e-04 1.4484e-01 0.0000e+00
511 0.0000e+00 5.9600e-05 1.6958e-04 1.5400e-05 1.6958e-04 1.4500e-01 0.0000e+00
512 0.0000e+00 0.0000e+00 1.6877e-04 1.3656e-05 1.6877e-04 1.4515e-01 0.0000e+00
513 0.0000e+00 0.0000e+00 1.6795e-04 1.2119e-05 1.6795e-04 1.4531e-01 0.0000e+00
514 0.0000e+00 0.0000e+00 1.6714e-04 1.0764e-05 1.6714e-04 1.4546e-01 0.0000e+00
515 0.0000e+00 0.0000e+00 1.6632e-04 9.5673e-06 1.6632e-04 1.4562e-01 0.0000e+00
516 0.0000e+00 0.0000e+00 1.6551e-04 8.5100e-06 1.6551e-04 1.4578e-01 0.0000e+00
517 0.0000e+00 0.0000e+00 1.6470e-04 7.5749e-06 1.6470e-04 1.4593e-01 0.0000e+00
518 0.0000e+00 0.0000e+00 1.6389e-04 6.7461e-06 1.6389e-04 1.4609e-01 0.0000e+00
519 0.0000e+00 0.0000e+00 1.6309e-04 6.0131e-06 1.6309e-04 1.4625e-01 0.0000e+00
520 0.0000e+00 0.0000e+00 1.6229e-04 5.3632e-06 1.6229e-04 1.4641e-01 0.0000e+00
521 0.0000e+00 0.0000e+00 1.6150e-04 4.7865e-06 1.6150e-04 1.4656e-01 0.0000e+00
522 0.0000e+00 0.0000e+00 1.6071e-04 4.2744e-06 1.6071e-04 1.4672e-01 0.0000e+00
523 0.0000e+00 0.0000e+00 1.5992e-04 3.8194e-06 1.5992e-04 1.4688e-01 0.0000e+00
524 0.0000e+00 0.0000e+00 1.5915e-04 3.4147e-06 1.5915e-04 1.4703e-01 0.0000e+00
525 0.0000e+00 4.1700e-05 1.5837e-04 3.0546e-06 1.5837e-04 1.4719e-01 0.0000e+00
526 0.0000e+00 8.0400e-05 1.5761e-04 2.7339e-06 1.5761e-04 1.4734e-01 0.0000e+00
527 0.0000e+00 1.1380e-04 1.5685e-04 2.4482e-06 1.5685e-04 1.4750e-01 0.0000e+00
528 0.0000e+00 1.3930e-04 1.5609e-04 2.1935e-06 1.5609e-04 1.4765e-01 0.0000e+00
529 0.0000e+00 1.5420e-04 1.5534e-04 1.9663e-06 1.5534e-04 1.4780e-01 0.0000e+00
530 0.0000e+00 1.6090e-04 1.5460e-04 1.7618e-06 1.5460e-04 1.4796e-01 0.0000e+00
531 0.0000e+00 1.5420e-04 1.5386e-04 1.5809e-06 1.5386e-04 1.4811e-01 0.0000e+00
532 0.0000e+00 1.3930e-04 1.5313e-04 1.4193e-06 1.5313e-04 1.4826e-01 0.0000e+00
533 0.0000e+00 1.1380e-04 1.5241e-04 1.2748e-06 1.5241e-04 1.4841e-01 0.0000e+00
534 0.0000e+00 8.0400e-05 1.5169e-04 1.1455e-06 1.5169e-04 1.4856e-01 0.0000e+00
535 0.0000e+00 3.8900e-05 1.5098e-04 1.0297e-06 1.5098e-04 1.4871e-01 0.0000e+00
536 0.0000e+00 0.0000e+00 1.5027e-04 9.2602e-07 1.5027e-04 1.4886e-01 0.0000e+00
537 0.0000e+00 0.0000e+00 1.4957e-04 8.3312e-07 1.4957e-04 1.4901e-01 0.0000e+00
538 0.0000e+00 0.0000e+00 1.4888e-04 7.4984e-07 1.4888e-04 1.4916e-01 0.0000e+00
539 0.0000e+00 0.0000e+00 1.4819e-04 6.7514e-07 1.4819e-04 1.4930e-01 0.0000e+00
540 0.0000e+00 0.0000e+00 1.4751e-04 6.0812e-07 1.4751e-04 1.4945e-01 0.0000e+00
541 0.0000e+00 0.0000e+00 1.4683e-04 5.4796e-07 1.4683e-04 1.4960e-01 0.0000e+00
542 0.0000e+00 0.0000e+00 1.4616e-04 4.9394e-07 1.4616e-04 1.4974e-01 0.0000e+00
543 0.0000e+00 0.0000e+00 1.4550e-04 4.4354e-07 1.4550e-04 1.4989e-01 0.0000e+00
544 0.0000e+00 0.0000e+00 1.4484e-04 4.0022e-07 1.4484e-04 1.5003e-01 0.0000e+00
545 0.0000e+00 0.0000e+00 1.4419e-04 3.6125e-07 1.4419e-04 1.5018e-01 0.0000e+00
546 0.0000e+00 0.0000e+00 1.4354e-04 3.2617e-07 1.4354e-04 1.5032e-01 0.0000e+00
547 0.0000e+00 0.0000e+00 1.4290e-04 2.9460e-07 1.4290e-04 1.5046e-01 0.0000e+00
548 0.0000e+00 0.0000e+00 1.4227e-04 2.6616e-07 1.4227e-04 1.5060e-01 0.0000e+00
549 0.0000e+00 2.0700e-05 1.4164e-04 2.4055e-07 1.4164e-04 1.5075e-01 0.0000e+00
550 0.0000e+00 4.0000e-05 1.4101e-04 2.1746e-07 1.4101e-04 1.5089e-01 0.0000e+00
551 0.0000e+00 5.6600e-05 1.4039e-04 1.9665e-07 1.4039e-04 1.5103e-01 0.0000e+00
552 1.0000e-03 6.9300e-05 1.3978e-04 1.7788e-07 1.3978e-04 1.5117e-01 0.0000e+00
553 1.0000e-03 7.6600e-05 1.3917e-04 1.6095e-07 1.3917e-04 1.5131e-01 0.0000e+00
554 2.0000e-03 8.0000e-05 1.5980e-04 1.0591e-04 1.3857e-04 1.5134e-01 2.1230e-05
555 1.5000e-03 7.6600e-05 1.7960e-04 2.8831e-04 1.3843e-04 1.5119e-01 4.1178e-05
556 0.0000e+00 6.9300e-05 1.3908e-04 2.3120e-04 1.3908e-04 1.5110e-01 0.0000e+00
557 5.0000e-04 5.6600e-05 1.4975e-04 2.4570e-04 1.3948e-04 1.5099e-01 1.0271e-05
558 0.0000e+00 4.0000e-05 1.3994e-04 2.0534e-04 1.3994e-04 1.5092e-01 0.0000e+00
559 0.0000e+00 1.9400e-05 1.4023e-04 1.7473e-04 1.4023e-04 1.5089e-01 0.0000e+00
560 0.0000e+00 0.0000e+00 1.4038e-04 1.4956e-04 1.4038e-04 1.5088e-01 0.0000e+00
561 0.0000e+00 0.0000e+00 1.4042e-04 1.2859e-04 1.4042e-04 1.5089e-01 0.0000e+00
562 0.0000e+00 0.0000e+00 1.4037e-04 1.1096e-04 1.4037e-04 1.5092e-01 0.0000e+00
563 0.0000e+00 0.0000e+00 1.4024e-04 9.6033e-05 1.4024e-04 1.5097e-01 0.0000e+00
564 0.0000e+00 0.0000e+00 1.4004e-04 8.3333e-05 1.4004e-04 1.5102e-01 0.0000e+00
565 5.0000e-04 0.0000e+00 1.5093e-04 1.2810e-04 1.3980e-04 1.5104e-01 1.1138e-05
566 0.0000e+00 0.0000e+00 1.3975e-04 1.0686e-04 1.3975e-04 1.5107e-01 0.0000e+00
567 0.0000e+00 0.0000e+00 1.3960e-04 9.1762e-05 1.3960e-04 1.5112e-01 0.0000e+00
568 0.0000e+00 0.0000e+00 1.3939e-04 7.9225e-05 1.3939e-04 1.5118e-01 0.0000e+00
569 0.0000e+00 0.0000e+00 1.3913e-04 6.8676e-05 1.3913e-04 1.5125e-01 0.0000e+00
570 0.0000e+00 0.0000e+00 1.3883e-04 5.9719e-05 1.3883e-04 1.5133e-01 0.0000e+00
571 0.0000e+00 0.0000e+00 1.3848e-04 5.2065e-05 1.3848e-04 1.5141e-01 0.0000e+00
572 0.0000e+00 0.0000e+00 1.3811e-04 4.5492e-05 1.3811e-04 1.5150e-01 0.0000e+00
573 3.0000e-03 3.0500e-05 2.2471e-04 4.7253e-04 1.3771e-04 1.5117e-01 8.6995e-05
574 1.0000e-03 5.8900e-05 1.6727e-04 5.1635e-04 1.3916e-04 1.5079e-01 2.8114e-05
575 2.5000e-03 8.3300e-05 2.1160e-04 7.8207e-04 1.4081e-04 1.5015e-01 7.0788e-05
576 3.5000e-03 1.0200e-04 2.4274e-04 1.1415e-03 1.4366e-04 1.4915e-01 9.9079e-05
577 1.5000e-03 1.1290e-04 1.8875e-04 1.1466e-03 1.4821e-04 1.4816e-01 4.0540e-05
578 0.0000e+00 1.1780e-04 1.5291e-04 9.6149e-04 1.5291e-04 1.4735e-01 0.0000e+00
579 0.0000e+00 1.1290e-04 1.5682e-04 8.1853e-04 1.5682e-04 1.4668e-01 0.0000e+00
580 0.0000e+00 1.0200e-04 1.6010e-04 7.0020e-04 1.6010e-04 1.4614e-01 0.0000e+00
581 0.0000e+00 8.3300e-05 1.6282e-04 6.0114e-04 1.6282e-04 1.4571e-01 0.0000e+00
582 0.0000e+00 5.8900e-05 1.6507e-04 5.1758e-04 1.6507e-04 1.4535e-01 0.0000e+00
583 0.0000e+00 2.8500e-05 1.6689e-04 4.4672e-04 1.6689e-04 1.4507e-01 0.0000e+00
584 0.0000e+00 0.0000e+00 1.6836e-04 3.8638e-04 1.6836e-04 1.4486e-01 0.0000e+00
585 0.0000e+00 0.0000e+00 1.6951e-04 3.3485e-04 1.6951e-04 1.4469e-01 0.0000e+00
586 0.0000e+00 0.0000e+00 1.7039e-04 2.9071e-04 1.7039e-04 1.4457e-01 0.0000e+00
587 0.0000e+00 0.0000e+00 1.7103e-04 2.5282e-04 1.7103e-04 1.4449e-01 0.0000e+00
588 0.0000e+00 0.0000e+00 1.7147e-04 2.2022e-04 1.7147e-04 1.4444e-01 0.0000e+00
589 5.0000e-04 0.0000e+00 1.7173e-04 1.9212e-04 1.7173e-04 1.4442e-01 0.0000e+00
590 0.0000e+00 0.0000e+00 1.7184e-04 1.6784e-04 1.7184e-04 1.4442e-01 0.0000e+00
591 0.0000e+00 0.0000e+00 1.7182e-04 1.4683e-04 1.7182e-04 1.4445e-01 0.0000e+00
592 5.0000e-04 0.0000e+00 1.8290e-04 1.8799e-04 1.7168e-04 1.4443e-01 1.1219e-05
593 0.0000e+00 0.0000e+00 1.7177e-04 1.5846e-04 1.7177e-04 1.4445e-01 0.0000e+00
594 1.0000e-03 0.0000e+00 2.0070e-04 2.9026e-04 1.7170e-04 1.4433e-01 2.8999e-05
595 0.0000e+00 0.0000e+00 1.7234e-04 2.3686e-04 1.7234e-04 1.4426e-01 0.0000e+00
596 0.0000e+00 0.0000e+00 1.7269e-04 2.0114e-04 1.7269e-04 1.4423e-01 0.0000e+00
597 0.0000e+00 6.2600e-05 1.7284e-04 1.7229e-04 1.7284e-04 1.4423e-01 0.0000e+00
598 0.0000e+00 1.2080e-04 1.7284e-04 1.4839e-04 1.7284e-04 1.4426e-01 0.0000e+00
599 0.0000e+00 1.7090e-04 1.7270e-04 1.2832e-04 1.7270e-04 1.4430e-01 0.0000e+00
600 0.0000e+00 2.0930e-04 1.7246e-04 1.1130e-04 1.7246e-04 1.4436e-01 0.0000e+00
601 0.0000e+00 2.3150e-04 1.7214e-04 9.6799e-05 1.7214e-04 1.4444e-01 0.0000e+00
602 0.0000e+00 2.4180e-04 1.7173e-04 8.4379e-05 1.7173e-04 1.4453e-01 0.0000e+00
603 0.0000e+00 2.3150e-04 1.7126e-04 7.3703e-05 1.7126e-04 1.4462e-01 0.0000e+00
604 0.0000e+00 2.0930e-04 1.7074e-04 6.4497e-05 1.7074e-04 1.4473e-01 0.0000e+00
605 0.0000e+00 1.7090e-04 1.7018e-04 5.6535e-05 1.7018e-04 1.4484e-01 0.0000e+00
606 0.0000e+00 1.2080e-04 1.6957e-04 4.9633e-05 1.6957e-04 1.4496e-01 0.0000e+00
607 0.0000e+00 5.8500e-05 1.6894e-04 4.3637e-05 1.6894e-04 1.4509e-01 0.0000e+00
608 0.0000e+00 0.0000e+00 1.6828e-04 3.8416e-05 1.6828e-04 1.4522e-01 0.0000e+00
609 0.0000e+00 0.0000e+00 1.6760e-04 3.3862e-05 1.6760e-04 1.4535e-01 0.0000e+00
610 0.0000e+00 0.0000e+00 1.6690e-04 2.9883e-05 1.6690e-04 1.4549e-01 0.0000e+00
611 0.0000e+00 0.0000e+00 1.6618e-04 2.6401e-05 1.6618e-04 1.4563e-01 0.0000e+00
612 0.0000e+00 0.0000e+00 1.6546e-04 2.3349e-05 1.6546e-04 1.4577e-01 0.0000e+00
613 0.0000e+00 0.0000e+00 1.6473e-04 2.0671e-05 1.6473e-04 1.4592e-01 0.0000e+00
614 0.0000e+00 0.0000e+00 1.6399e-04 1.8317e-05 1.6399e-04 1.4606e-01 0.0000e+00
615 0.0000e+00 0.0000e+00 1.6324e-04 1.6246e-05 1.6324e-04 1.4621e-01 0.0000e+00
616 0.0000e+00 0.0000e+00 1.6249e-04 1.4423e-05 1.6249e-04 1.4636e-01 0.0000e+00
617 0.0000e+00 0.0000e+00 1.6174e-04 1.2814e-05 1.6174e-04 1.4651e-01 0.0000e+00
618 0.0000e+00 0.0000e+00 1.6099e-04 1.1394e-05 1.6099e-04 1.4666e-01 0.0000e+00
619 0.0000e+00 0.0000e+00 1.6024e-04 1.0139e-05 1.6024e-04 1.4681e-01 0.0000e+00
620 0.0000e+00 0.0000e+00 1.5949e-04 9.0290e-06 1.5949e-04 1.4696e-01 0.0000e+00
621 0.0000e+00 1.4200e-05 1.5874e-04 8.0463e-06 1.5874e-04 1.4711e-01 0.0000e+00
622 0.0000e+00 2.7500e-05 1.5800e-04 7.1754e-06 1.5800e-04 1.4726e-01 0.0000e+00
623 0.0000e+00 3.8900e-05 1.5725e-04 6.4031e-06 1.5725e-04 1.4741e-01 0.0000e+00
624 1.0000e-03 4.7600e-05 1.5652e-04 5.7175e-06 1.5652e-04 1.4756e-01 0.0000e+00
625 1.0000e-03 5.2700e-05 1.5802e-04 1.6641e-05 1.5578e-04 1.4770e-01 2.2420e-06
626 3.0000e-03 5.5000e-05 2.4057e-04 4.5264e-04 1.5510e-04 1.4740e-01 8.5467e-05
627 2.0000e-03 5.2700e-05 2.1295e-04 6.4434e-04 1.5655e-04 1.4691e-01 5.6402e-05
628 1.5000e-03 4.7600e-05 2.0093e-04 7.3932e-04 1.5896e-04 1.4633e-01 4.1970e-05
629 3.5000e-03 3.8900e-05 2.6198e-04 1.1288e-03 1.6187e-04 1.4537e-01 1.0011e-04
630 4.0000e-03 2.7500e-05 2.8170e-04 1.5237e-03 1.6683e-04 1.4401e-01 1.1487e-04
631 5.0000e-03 1.3300e-05 3.1825e-04 2.0163e-03 1.7406e-04 1.4217e-01 1.4420e-04
632 0.0000e+00 0.0000e+00 1.8437e-04 1.6584e-03 1.8437e-04 1.4069e-01 0.0000e+00
633 0.0000e+00 0.0000e+00 1.9306e-04 1.4004e-03 1.9306e-04 1.3949e-01 0.0000e+00
634 1.0000e-03 0.0000e+00 2.2910e-04 1.3484e-03 2.0049e-04 1.3834e-01 2.8613e-05
635 2.5000e-03 0.0000e+00 2.8422e-04 1.5377e-03 2.0781e-04 1.3701e-01 7.6412e-05
636 3.5000e-03 0.0000e+00 3.3998e-04 1.8341e-03 2.1663e-04 1.3539e-01 1.2335e-04
637 3.0000e-03 0.0000e+00 3.3636e-04 2.0042e-03 2.2786e-04 1.3361e-01 1.0850e-04
638 0.0000e+00 0.0000e+00 2.4087e-04 1.6617e-03 2.4087e-04 1.3219e-01 0.0000e+00
639 5.0000e-04 0.0000e+00 2.6988e-04 1.4870e-03 2.5180e-04 1.3096e-01 1.8083e-05
640 0.0000e+00 0.0000e+00 2.6171e-04 1.2533e-03 2.6171e-04 1.2997e-01 0.0000e+00
641 5.0000e-04 0.0000e+00 2.8803e-04 1.1482e-03 2.6995e-04 1.2909e-01 1.8083e-05
642 0.0000e+00 0.0000e+00 2.7746e-04 9.6826e-04 2.7746e-04 1.2840e-01 0.0000e+00
643 5.0000e-04 0.0000e+00 3.0160e-04 9.0948e-04 2.8351e-04 1.2777e-01 1.8083e-05
644 0.0000e+00 0.0000e+00 2.8911e-04 7.6596e-04 2.8911e-04 1.2729e-01 0.0000e+00
645 0.0000e+00 1.6900e-05 2.9346e-04 6.5160e-04 2.9346e-04 1.2694e-01 0.0000e+00
646 0.0000e+00 3.2600e-05 2.9676e-04 5.5607e-04 2.9676e-04 1.2668e-01 0.0000e+00
647 0.0000e+00 4.6100e-05 2.9917e-04 4.7580e-04 2.9917e-04 1.2650e-01 0.0000e+00
648 0.0000e+00 5.6400e-05 3.0083e-04 4.0807e-04 3.0083e-04 1.2639e-01 0.0000e+00
649 0.0000e+00 6.2400e-05 3.0184e-04 3.5071e-04 3.0184e-04 1.2634e-01 0.0000e+00
650 0.0000e+00 6.5200e-05 3.0230e-04 3.0201e-04 3.0230e-04 1.2634e-01 0.0000e+00
651 0.0000e+00 6.2400e-05 3.0230e-04 2.6055e-04 3.0230e-04 1.2639e-01 0.0000e+00
652 0.0000e+00 5.6400e-05 3.0190e-04 2.2518e-04 3.0190e-04 1.2646e-01 0.0000e+00
653 0.0000e+00 4.6100e-05 3.0118e-04 1.9493e-04 3.0118e-04 1.2657e-01 0.0000e+00
654 0.0000e+00 3.2600e-05 3.0018e-04 1.6902e-04 3.0018e-04 1.2670e-01 0.0000e+00
655 0.0000e+00 1.5800e-05 2.9895e-04 1.4677e-04 2.9895e-04 1.2685e-01 0.0000e+00
656 0.0000e+00 0.0000e+00 2.9754e-04 1.2764e-04 2.9754e-04 1.2702e-01 0.0000e+00
657 0.0000e+00 0.0000e+00 2.9596e-04 1.1117e-04 2.9596e-04 1.2721e-01 0.0000e+00
658 0.0000e+00 0.0000e+00 2.9426e-04 9.6945e-05 2.9426e-04 1.2740e-01 0.0000e+00
659 0.0000e+00 0.0000e+00 2.9245e-04 8.4654e-05 2.9245e-04 1.2761e-01 0.0000e+00
660 0.0000e+00 0.0000e+00 2.9055e-04 7.4014e-05 2.9055e-04 1.2783e-01 0.0000e+00
661 0.0000e+00 0.0000e+00 2.8859e-04 6.4789e-05 2.8859e-04 1.2805e-01 0.0000e+00
662 0.0000e+00 0.0000e+00 2.8658e-04 5.6780e-05 2.8658e-04 1.2828e-01 0.0000e+00
663 0.0000e+00 0.0000e+00 2.8453e-04 4.9816e-05 2.8453e-04 1.2852e-01 0.0000e+00
664 0.0000e+00 0.0000e+00 2.8245e-04 4.3754e-05 2.8245e-04 1.2876e-01 0.0000e+00
665 0.0000e+00 0.0000e+00 2.8035e-04 3.8469e-05 2.8035e-04 1.2900e-01 0.0000e+00
666 5.0000e-04 0.0000e+00 2.7858e-04 3.5449e-05 2.7824e-04 1.2924e-01 3.3528e-07
667 0.0000e+00 0.0000e+00 2.7614e-04 3.0998e-05 2.7614e-04 1.2949e-01 0.0000e+00
668 5.0000e-04 0.0000e+00 2.9212e-04 1.1277e-04 2.7403e-04 1.2965e-01 1.8083e-05
669 5.0000e-04 1.5300e-05 2.9074e-04 1.7252e-04 2.7265e-04 1.2975e-01 1.8083e-05
670 0.0000e+00 2.9500e-05 2.7180e-04 1.3527e-04 2.7180e-04 1.2988e-01 0.0000e+00
671 1.0000e-03 4.1700e-05 3.0519e-04 2.7425e-04 2.7065e-04 1.2988e-01 3.4546e-05
672 0.0000e+00 5.1100e-05 2.7068e-04 2.1363e-04 2.7068e-04 1.2994e-01 0.0000e+00
673 0.0000e+00 5.6500e-05 2.7019e-04 1.7586e-04 2.7019e-04 1.3003e-01 0.0000e+00
674 0.0000e+00 5.9000e-05 2.6940e-04 1.4642e-04 2.6940e-04 1.3015e-01 0.0000e+00
675 5.0000e-04 5.6500e-05 2.7893e-04 1.7256e-04 2.6837e-04 1.3025e-01 1.0561e-05
676 5.0000e-04 5.1100e-05 2.8360e-04 2.1596e-04 2.6756e-04 1.3030e-01 1.6040e-05
677 0.0000e+00 4.1700e-05 2.6713e-04 1.7386e-04 2.6713e-04 1.3040e-01 0.0000e+00
678 0.0000e+00 2.9500e-05 2.6635e-04 1.4494e-04 2.6635e-04 1.3052e-01 0.0000e+00
679 1.0000e-03 1.4300e-05 2.9709e-04 2.7054e-04 2.6535e-04 1.3051e-01 3.1746e-05
680 1.0000e-03 0.0000e+00 3.0104e-04 3.8053e-04 2.6539e-04 1.3040e-01 3.5649e-05
681 0.0000e+00 0.0000e+00 2.6635e-04 3.0151e-04 2.6635e-04 1.3036e-01 0.0000e+00
682 0.0000e+00 0.0000e+00 2.6664e-04 2.4931e-04 2.6664e-04 1.3038e-01 0.0000e+00
683 0.0000e+00 0.0000e+00 2.6649e-04 2.0820e-04 2.6649e-04 1.3044e-01 0.0000e+00
684 0.0000e+00 0.0000e+00 2.6601e-04 1.7517e-04 2.6601e-04 1.3053e-01 0.0000e+00
685 0.0000e+00 0.0000e+00 2.6525e-04 1.4823e-04 2.6525e-04 1.3064e-01 0.0000e+00
686 0.0000e+00 0.0000e+00 2.6429e-04 1.2602e-04 2.6429e-04 1.3078e-01 0.0000e+00
687 0.0000e+00 0.0000e+00 2.6315e-04 1.0756e-04 2.6315e-04 1.3094e-01 0.0000e+00
688 0.0000e+00 0.0000e+00 2.6187e-04 9.2114e-05 2.6187e-04 1.3111e-01 0.0000e+00
689 0.0000e+00 0.0000e+00 2.6049e-04 7.9122e-05 2.6049e-04 1.3129e-01 0.0000e+00
690 0.0000e+00 0.0000e+00 2.5901e-04 6.8144e-05 2.5901e-04 1.3148e-01 0.0000e+00
691 0.0000e+00 0.0000e+00 2.5747e-04 5.8831e-05 2.5747e-04 1.3168e-01 0.0000e+00
692 0.0000e+00 0.0000e+00 2.5588e-04 5.0903e-05 2.5588e-04 1.3188e-01 0.0000e+00
693 0.0000e+00 5.6100e-05 2.5425e-04 4.4133e-05 2.5425e-04 1.3209e-01 0.0000e+00
694 0.0000e+00 1.0830e-04 2.5258e-04 3.8337e-05 2.5258e-04 1.3231e-01 0.0000e+00
695 0.0000e+00 1.5320e-04 2.5090e-04 3.3361e-05 2.5090e-04 1.3253e-01 0.0000e+00
696 0.0000e+00 1.8770e-04 2.4920e-04 2.9079e-05 2.4920e-04 1.3275e-01 0.0000e+00
697 0.0000e+00 2.0760e-04 2.4749e-04 2.5386e-05 2.4749e-04 1.3297e-01 0.0000e+00
698 0.0000e+00 2.1680e-04 2.4578e-04 2.2194e-05 2.4578e-04 1.3319e-01 0.0000e+00
699 0.0000e+00 2.0760e-04 2.4407e-04 1.9430e-05 2.4407e-04 1.3342e-01 0.0000e+00
700 5.0000e-04 1.8770e-04 2.4236e-04 1.7033e-05 2.4236e-04 1.3364e-01 0.0000e+00
701 0.0000e+00 1.5320e-04 2.4066e-04 1.4950e-05 2.4066e-04 1.3387e-01 0.0000e+00
702 0.0000e+00 1.0830e-04 2.3897e-04 1.3138e-05 2.3897e-04 1.3409e-01 0.0000e+00
703 0.0000e+00 5.2400e-05 2.3729e-04 1.1558e-05 2.3729e-04 1.3432e-01 0.0000e+00
704 0.0000e+00 0.0000e+00 2.3562e-04 1.0180e-05 2.3562e-04 1.3454e-01 0.0000e+00
705 0.0000e+00 0.0000e+00 2.3396e-04 8.9733e-06 2.3396e-04 1.3477e-01 0.0000e+00
706 0.0000e+00 0.0000e+00 2.3232e-04 7.9191e-06 2.3232e-04 1.3499e-01 0.0000e+00
707 0.0000e+00 0.0000e+00 2.3070e-04 6.9954e-06 2.3070e-04 1.3522e-01 0.0000e+00
708 0.0000e+00 0.0000e+00 2.2909e-04 6.1851e-06 2.2909e-04 1.3544e-01 0.0000e+00
709 0.0000e+00 0.0000e+00 2.2750e-04 5.4734e-06 2.2750e-04 1.3566e-01 0.0000e+00
710 0.0000e+00 0.0000e+00 2.2593e-04 4.8477e-06 2.2593e-04 1.3588e-01 0.0000e+00
711 0.0000e+00 0.0000e+00 2.2437e-04 4.2970e-06 2.2437e-04 1.3610e-01 0.0000e+00
712 0.0000e+00 0.0000e+00 2.2284e-04 3.8119e-06 2.2284e-04 1.3632e-01 0.0000e+00
713 0.0000e+00 0.0000e+00 2.2132e-04 3.3841e-06 2.2132e-04 1.3654e-01 0.0000e+00
714 0.0000e+00 0.0000e+00 2.1981e-04 3.0066e-06 2.1981e-04 1.3676e-01 0.0000e+00
715 0.0000e+00 0.0000e+00 2.1833e-04 2.6730e-06 2.1833e-04 1.3697e-01 0.0000e+00
716 0.0000e+00 0.0000e+00 2.1686e-04 2.3781e-06 2.1686e-04 1.3719e-01 0.0000e+00
717 0.0000e+00 8.5600e-05 2.1542e-04 2.1156e-06 2.1542e-04 1.3740e-01 0.0000e+00
718 0.0000e+00 1.6520e-04 2.1398e-04 1.8849e-06 2.1398e-04 1.3761e-01 0.0000e+00
719 0.0000e+00 2.3380e-04 2.1257e-04 1.6803e-06 2.1257e-04 1.3782e-01 0.0000e+00
720 0.0000e+00 2.8620e-04 2.1117e-04 1.4989e-06 2.1117e-04 1.3803e-01 0.0000e+00
721 0.0000e+00 3.1670e-04 2.0980e-04 1.3378e-06 2.0980e-04 1.3824e-01 0.0000e+00
722 0.0000e+00 3.3060e-04 2.0843e-04 1.1948e-06 2.0843e-04 1.3845e-01 0.0000e+00
723 0.0000e+00 3.1670e-04 2.0709e-04 1.0676e-06 2.0709e-04 1.3866e-01 0.0000e+00
724 0.0000e+00 2.8620e-04 2.0576e-04 9.5446e-07 2.0576e-04 1.3886e-01 0.0000e+00
725 0.0000e+00 2.3380e-04 2.0445e-04 8.5377e-07 2.0445e-04 1.3906e-01 0.0000e+00
726 0.0000e+00 1.6520e-04 2.0315e-04 7.6410e-07 2.0315e-04 1.3927e-01 0.0000e+00
727 0.0000e+00 8.0000e-05 2.0187e-04 6.8419e-07 2.0187e-04 1.3947e-01 0.0000e+00
728 0.0000e+00 0.0000e+00 2.0060e-04 6.1294e-07 2.0060e-04 1.3967e-01 0.0000e+00
729 0.0000e+00 0.0000e+00 1.9935e-04 5.4731e-07 1.9935e-04 1.3987e-01 0.0000e+00
730 0.0000e+00 0.0000e+00 1.9812e-04 4.9094e-07 1.9812e-04 1.4006e-01 0.0000e+00
731 0.0000e+00 0.0000e+00 1.9690e-04 4.4056e-07 1.9690e-04 1.4026e-01 0.0000e+00
732 0.0000e+00 0.0000e+00 1.9569e-04 3.9552e-07 1.9569e-04 1.4046e-01 0.0000e+00
733 0.0000e+00 0.0000e+00 1.9450e-04 3.5523e-07 1.9450e-04 1.4065e-01 0.0000e+00
734 0.0000e+00 0.0000e+00 1.9333e-04 3.1918e-07 1.9333e-04 1.4084e-01 0.0000e+00
735 0.0000e+00 0.0000e+00 1.9216e-04 2.8690e-07 1.9216e-04 1.4103e-01 0.0000e+00
736 0.0000e+00 0.0000e+00 1.9102e-04 2.5799e-07 1.9102e-04 1.4122e-01 0.0000e+00
737 0.0000e+00 0.0000e+00 1.8988e-04 2.3208e-07 1.8988e-04 1.4141e-01 0.0000e+00
738 0.0000e+00 0.0000e+00 1.8876e-04 2.0885e-07 1.8876e-04 1.4160e-01 0.0000e+00
739 0.0000e+00 0.0000e+00 1.8765e-04 1.8802e-07 1.8765e-04 1.4179e-01 0.0000e+00
740 0.0000e+00 0.0000e+00 1.8655e-04 1.6933e-07 1.8655e-04 1.4198e-01 0.0000e+00
741 0.0000e+00 7.4700e-05 1.8547e-04 1.5028e-07 1.8547e-04 1.4216e-01 0.0000e+00
742 0.0000e+00 1.4410e-04 1.8440e-04 1.3555e-07 1.8440e-04 1.4235e-01 0.0000e+00
743 0.0000e+00 2.0380e-04 1.8334e-04 1.2230e-07 1.8334e-04 1.4253e-01 0.0000e+00
744 0.0000e+00 2.4960e-04 1.8229e-04 1.1037e-07 1.8229e-04 1.4271e-01 0.0000e+00
745 0.0000e+00 2.7610e-04 1.8126e-04 9.9644e-08 1.8126e-04 1.4289e-01 0.0000e+00
746 0.0000e+00 2.8830e-04 1.8024e-04 8.9983e-08 1.8024e-04 1.4307e-01 0.0000e+00
747 0.0000e+00 2.7610e-04 1.7922e-04 8.1283e-08 1.7922e-04 1.4325e-01 0.0000e+00
748 0.0000e+00 2.4960e-04 1.7822e-04 7.3444e-08 1.7822e-04 1.4343e-01 0.0000e+00
749 0.0000e+00 2.0380e-04 1.7723e-04 6.6381e-08 1.7723e-04 1.4361e-01 0.0000e+00
750 0.0000e+00 1.4410e-04 1.7625e-04 6.0014e-08 1.7625e-04 1.4378e-01 0.0000e+00
751 0.0000e+00 6.9800e-05 1.7529e-04 5.4272e-08 1.7529e-04 1.4396e-01 0.0000e+00
752 0.0000e+00 0.0000e+00 1.7433e-04 4.9094e-08 1.7433e-04 1.4413e-01 0.0000e+00
753 0.0000e+00 0.0000e+00 1.7338e-04 4.2278e-08 1.7338e-04 1.4431e-01 0.0000e+00
754 0.0000e+00 0.0000e+00 1.7245e-04 3.8329e-08 1.7245e-04 1.4448e-01 0.0000e+00
755 0.0000e+00 0.0000e+00 1.7152e-04 3.4757e-08 1.7152e-04 1.4465e-01 0.0000e+00
756 0.0000e+00 0.0000e+00 1.7060e-04 3.1524e-08 1.7060e-04 1.4482e-01 0.0000e+00
757 0.0000e+00 0.0000e+00 1.6970e-04 2.8597e-08 1.6970e-04 1.4499e-01 0.0000e+00
758 0.0000e+00 0.0000e+00 1.6880e-04 2.5948e-08 1.6880e-04 1.4516e-01 0.0000e+00
759 0.0000e+00 0.0000e+00 1.6791e-04 2.3549e-08 1.6791e-04 1.4533e-01 0.0000e+00
760 0.0000e+00 0.0000e+00 1.6703e-04 2.1376e-08 1.6703e-04 1.4549e-01 0.0000e+00
761 0.0000e+00 0.0000e+00 1.6616e-04 1.9407e-08 1.6616e-04 1.4566e-01 0.0000e+00
762 0.0000e+00 0.0000e+00 1.6530e-04 1.7623e-08 1.6530e-04 1.4583e-01 0.0000e+00
763 0.0000e+00 0.0000e+00 1.6445e-04 1.6007e-08 1.6445e-04 1.4599e-01 0.0000e+00
764 0.0000e+00 0.0000e+00 1.6361e-04 1.4541e-08 1.6361e-04 1.4615e-01 0.0000e+00
765 0.0000e+00 9.6700e-05 1.6277e-04 1.3212e-08 1.6277e-04 1.4632e-01 0.0000e+00
766 0.0000e+00 1.8660e-04 1.6195e-04 1.0458e-08 1.6195e-04 1.4648e-01 0.0000e+00
767 0.0000e+00 2.6400e-04 1.6113e-04 9.5337e-09 1.6113e-04 1.4664e-01 0.0000e+00
768 0.0000e+00 3.2330e-04 1.6032e-04 8.6922e-09 1.6032e-04 1.4680e-01 0.0000e+00
769 0.0000e+00 3.5770e-04 1.5952e-04 7.9260e-09 1.5952e-04 1.4696e-01 0.0000e+00
770 0.0000e+00 3.7350e-04 1.5873e-04 7.2283e-09 1.5873e-04 1.4712e-01 0.0000e+00
771 0.0000e+00 3.5770e-04 1.5794e-04 6.5929e-09 1.5794e-04 1.4728e-01 0.0000e+00
772 0.0000e+00 3.2330e-04 1.5716e-04 6.0142e-09 1.5716e-04 1.4743e-01 0.0000e+00
773 0.0000e+00 2.6400e-04 1.5639e-04 5.4870e-09 1.5639e-04 1.4759e-01 0.0000e+00
774 0.0000e+00 1.8660e-04 1.5563e-04 5.0067e-09 1.5563e-04 1.4775e-01 0.0000e+00
775 0.0000e+00 9.0400e-05 1.5488e-04 4.5690e-09 1.5488e-04 1.4790e-01 0.0000e+00
776 0.0000e+00 0.0000e+00 1.5413e-04 4.1701e-09 1.5413e-04 1.4805e-01 0.0000e+00
777 0.0000e+00 0.0000e+00 1.5339e-04 3.8065e-09 1.5339e-04 1.4821e-01 0.0000e+00
778 0.0000e+00 0.0000e+00 1.5265e-04 2.4908e-09 1.5265e-04 1.4836e-01 0.0000e+00
779 0.0000e+00 0.0000e+00 1.5193e-04 2.2835e-09 1.5193e-04 1.4851e-01 0.0000e+00
780 0.0000e+00 0.0000e+00 1.5121e-04 2.0937e-09 1.5121e-04 1.4866e-01 0.0000e+00
781 0.0000e+00 0.0000e+00 1.5050e-04 1.9198e-09 1.5050e-04 1.4881e-01 0.0000e+00
782 0.0000e+00 0.0000e+00 1.4979e-04 1.7605e-09 1.4979e-04 1.4896e-01 0.0000e+00
783 0.0000e+00 0.0000e+00 1.4909e-04 1.6146e-09 1.4909e-04 1.4911e-01 0.0000e+00
784 0.0000e+00 0.0000e+00 1.4840e-04 1.4809e-09 1.4840e-04 1.4926e-01 0.0000e+00
785 0.0000e+00 0.0000e+00 1.4771e-04 1.3583e-09 1.4771e-04 1.4941e-01 0.0000e+00
786 0.0000e+00 0.0000e+00 1.4703e-04 1.2461e-09 1.4703e-04 1.4956e-01 0.0000e+00
787 0.0000e+00 0.0000e+00 1.4636e-04 1.1431e-09 1.4636e-04 1.4970e-01 0.0000e+00
788 0.0000e+00 0.0000e+00 1.4569e-04 1.0488e-09 1.4569e-04 1.4985e-01 0.0000e+00
789 0.0000e+00 1.2590e-04 1.4503e-04 9.6237e-10 1.4503e-04 1.4999e-01 0.0000e+00
790 0.0000e+00 2.4290e-04 1.4437e-04 8.8311e-10 1.4437e-04 1.5014e-01 0.0000e+00
791 0.0000e+00 3.4370e-04 1.4372e-04 4.0035e-10 1.4372e-04 1.5028e-01 0.0000e+00
792 0.0000e+00 4.2090e-04 1.4308e-04 3.6921e-10 1.4308e-04 1.5042e-01 0.0000e+00
793 0.0000e+00 4.6560e-04 1.4244e-04 3.4050e-10 1.4244e-04 1.5057e-01 0.0000e+00
794 0.0000e+00 4.8620e-04 1.4181e-04 3.1404e-10 1.4181e-04 1.5071e-01 0.0000e+00
795 0.0000e+00 4.6560e-04 1.4118e-04 2.8966e-10 1.4118e-04 1.5085e-01 0.0000e+00
796 0.0000e+00 4.2090e-04 1.4056e-04 2.6718e-10 1.4056e-04 1.5099e-01 0.0000e+00
797 0.0000e+00 3.4370e-04 1.3994e-04 2.4647e-10 1.3994e-04 1.5113e-01 0.0000e+00
798 0.0000e+00 2.4290e-04 1.3933e-04 2.2737e-10 1.3933e-04 1.5127e-01 0.0000e+00
799 0.0000e+00 1.1760e-04 1.3873e-04 2.0976e-10 1.3873e-04 1.5141e-01 0.0000e+00
800 0.0000e+00 0.0000e+00 1.3813e-04 1.9353e-10 1.3813e-04 1.5155e-01 0.0000e+00
801 0.0000e+00 0.0000e+00 1.3753e-04 1.7856e-10 1.3753e-04 1.5168e-01 0.0000e+00
802 0.0000e+00 0.0000e+00 1.3694e-04 1.6476e-10 1.3694e-04 1.5182e-01 0.0000e+00
803 0.0000e+00 0.0000e+00 1.3636e-04 1.5203e-10 1.3636e-04 1.5196e-01 0.0000e+00
804 0.0000e+00 0.0000e+00 1.3578e-04 3.0277e-11 1.3578e-04 1.5209e-01 0.0000e+00
805 0.0000e+00 0.0000e+00 1.3520e-04 2.8088e-11 1.3520e-04 1.5223e-01 0.0000e+00
806 0.0000e+00 0.0000e+00 1.3463e-04 2.6058e-11 1.3463e-04 1.5236e-01 0.0000e+00
807 0.0000e+00 0.0000e+00 1.3407e-04 2.4176e-11 1.3407e-04 1.5250e-01 0.0000e+00
808 0.0000e+00 0.0000e+00 1.3351e-04 2.2431e-11 1.3351e-04 1.5263e-01 0.0000e+00
809 0.0000e+00 0.0000e+00 1.3295e-04 2.0812e-11 1.3295e-04 1.5276e-01 0.0000e+00
810 0.0000e+00 0.0000e+00 1.3240e-04 1.9312e-11 1.3240e-04 1.5290e-01 0.0000e+00
811 0.0000e+00 0.0000e+00 1.3185e-04 1.7920e-11 1.3185e-04 1.5303e-01 0.0000e+00
812 0.0000e+00 0.0000e+00 1.3131e-04 1.6629e-11 1.3131e-04 1.5316e-01 0.0000e+00
813 0.0000e+00 3.0400e-05 1.3077e-04 1.5431e-11 1.3077e-04 1.5329e-01 0.0000e+00
814 0.0000e+00 5.8700e-05 1.3024e-04 1.4321e-11 1.3024e-04 1.5342e-01 0.0000e+00
815 0.0000e+00 8.3100e-05 1.2971e-04 1.3290e-11 1.2971e-04 1.5355e-01 0.0000e+00
816 0.0000e+00 1.0180e-04 1.2918e-04 1.2335e-11 1.2918e-04 1.5368e-01 0.0000e+00
817 0.0000e+00 1.1260e-04 1.2866e-04 0.0000e+00 1.2866e-04 1.5381e-01 0.0000e+00
818 0.0000e+00 1.1760e-04 1.2815e-04 0.0000e+00 1.2815e-04 1.5394e-01 0.0000e+00
819 0.0000e+00 1.1260e-04 1.2764e-04 0.0000e+00 1.2764e-04 1.5406e-01 0.0000e+00
820 0.0000e+00 1.0180e-04 1.2713e-04 0.0000e+00 1.2713e-04 1.5419e-01 0.0000e+00
821 0.0000e+00 8.3100e-05 1.2662e-04 0.0000e+00 1.2662e-04 1.5432e-01 0.0000e+00
822 0.0000e+00 5.8700e-05 1.2612e-04 0.0000e+00 1.2612e-04 1.5444e-01 0.0000e+00
823 0.0000e+00 2.8400e-05 1.2563e-04 0.0000e+00 1.2563e-04 1.5457e-01 0.0000e+00
824 0.0000e+00 0.0000e+00 1.2514e-04 0.0000e+00 1.2514e-04 1.5469e-01 0.0000e+00
825 0.0000e+00 0.0000e+00 1.2465e-04 0.0000e+00 1.2465e-04 1.5482e-01 0.0000e+00
826 0.0000e+00 0.0000e+00 1.2416e-04 0.0000e+00 1.2416e-04 1.5494e-01 0.0000e+00
827 0.0000e+00 0.0000e+00 1.2368e-04 0.0000e+00 1.2368e-04 1.5507e-01 0.0000e+00
828 0.0000e+00 0.0000e+00 1.2320e-04 0.0000e+00 1.2320e-04 1.5519e-01 0.0000e+00
829 0.0000e+00 0.0000e+00 1.2273e-04 0.0000e+00 1.2273e-04 1.5531e-01 0.0000e+00
830 0.0000e+00 0.0000e+00 1.2226e-04 0.0000e+00 1.2226e-04 1.5543e-01 0.0000e+00
831 0.0000e+00 0.0000e+00 1.2179e-04 0.0000e+00 1.2179e-04 1.5556e-01 0.0000e+00
832 0.0000e+00 0.0000e+00 1.2133e-04 0.0000e+00 1.2133e-04 1.5568e-01 0.0000e+00
833 0.0000e+00 0.0000e+00 1.2087e-04 0.0000e+00 1.2087e-04 1.5580e-01 0.0000e+00
834 0.0000e+00 0.0000e+00 1.2042e-04 0.0000e+00 1.2042e-04 1.5592e-01 0.0000e+00
835 0.0000e+00 0.0000e+00 1.1996e-04 0.0000e+00 1.1996e-04 1.5604e-01 0.0000e+00
836 0.0000e+00 0.0000e+00 1.1952e-04 0.0000e+00 1.1952e-04 1.5616e-01 0.0000e+00
837 0.0000e+00 6.6100e-05 1.1907e-04 0.0000e+00 1.1907e-04 1.5628e-01 0.0000e+00
838 0.0000e+00 1.2750e-04 1.1863e-04 0.0000e+00 1.1863e-04 1.5640e-01 0.0000e+00
839 0.0000e+00 1.8040e-04 1.1819e-04 0.0000e+00 1.1819e-04 1.5651e-01 0.0000e+00
840 0.0000e+00 2.2090e-04 1.1775e-04 0.0000e+00 1.1775e-04 1.5663e-01 0.0000e+00
841 0.0000e+00 2.4430e-04 1.1732e-04 0.0000e+00 1.1732e-04 1.5675e-01 0.0000e+00
842 0.0000e+00 2.5510e-04 1.1689e-04 0.0000e+00 1.1689e-04 1.5687e-01 0.0000e+00
843 0.0000e+00 2.4430e-04 1.1647e-04 0.0000e+00 1.1647e-04 1.5698e-01 0.0000e+00
844 0.0000e+00 2.2090e-04 1.1604e-04 0.0000e+00 1.1604e-04 1.5710e-01 0.0000e+00
845 0.0000e+00 1.8040e-04 1.1562e-04 0.0000e+00 1.1562e-04 1.5721e-01 0.0000e+00
846 0.0000e+00 1.2750e-04 1.1521e-04 0.0000e+00 1.1521e-04 1.5733e-01 0.0000e+00
847 0.0000e+00 6.1700e-05 1.1479e-04 0.0000e+00 1.1479e-04 1.5744e-01 0.0000e+00
848 0.0000e+00 0.0000e+00 1.1438e-04 0.0000e+00 1.1438e-04 1.5756e-01 0.0000e+00
849 0.0000e+00 0.0000e+00 1.1397e-04 0.0000e+00 1.1397e-04 1.5767e-01 0.0000e+00
850 0.0000e+00 0.0000e+00 1.1357e-04 0.0000e+00 1.1357e-04 1.5779e-01 0.0000e+00
851 0.0000e+00 0.0000e+00 1.1316e-04 0.0000e+00 1.1316e-04 1.5790e-01 0.0000e+00
852 0.0000e+00 0.0000e+00 1.1277e-04 0.0000e+00 1.1277e-04 1.5801e-01 0.0000e+00
853 0.0000e+00 0.0000e+00 1.1237e-04 0.0000e+00 1.1237e-04 1.5812e-01 0.0000e+00
854 0.0000e+00 0.0000e+00 1.1197e-04 0.0000e+00 1.1197e-04 1.5824e-01 0.0000e+00
855 0.0000e+00 0.0000e+00 1.1158e-04 0.0000e+00 1.1158e-04 1.5835e-01 0.0000e+00
856 0.0000e+00 0.0000e+00 1.1120e-04 0.0000e+00 1.1120e-04 1.5846e-01 0.0000e+00
857 0.0000e+00 0.0000e+00 1.1081e-04 0.0000e+00 1.1081e-04 1.5857e-01 0.0000e+00
858 0.0000e+00 0.0000e+00 1.1043e-04 0.0000e+00 1.1043e-04 1.5868e-01 0.0000e+00
859 0.0000e+00 0.0000e+00 1.1005e-04 0.0000e+00 1.1005e-04 1.5879e-01 0.0000e+00
860 0.0000e+00 0.0000e+00 1.0967e-04 0.0000e+00 1.0967e-04 1.5890e-01 0.0000e+00
861 0.0000e+00 9.7600e-05 1.0929e-04 0.0000e+00 1.0929e-04 1.5901e-01 0.0000e+00
862 0.0000e+00 1.8830e-04 1.0892e-04 0.0000e+00 1.0892e-04 1.5912e-01 0.0000e+00
863 0.0000e+00 2.6650e-04 1.0855e-04 0.0000e+00 1.0855e-04 1.5923e-01 0.0000e+00
864 0.0000e+00 3.2630e-04 1.0818e-04 0.0000e+00 1.0818e-04 1.5934e-01 0.0000e+00
865 0.0000e+00 3.6100e-04 1.0782e-04 0.0000e+00 1.0782e-04 1.5944e-01 0.0000e+00
866 0.0000e+00 3.7690e-04 1.0745e-04 0.0000e+00 1.0745e-04 1.5955e-01 0.0000e+00
867 0.0000e+00 3.6100e-04 1.0709e-04 0.0000e+00 1.0709e-04 1.5966e-01 0.0000e+00
868 0.0000e+00 3.2630e-04 1.0674e-04 0.0000e+00 1.0674e-04 1.5976e-01 0.0000e+00
869 0.0000e+00 2.6650e-04 1.0638e-04 0.0000e+00 1.0638e-04 1.5987e-01 0.0000e+00
870 0.0000e+00 1.8830e-04 1.0603e-04 0.0000e+00 1.0603e-04 1.5998e-01 0.0000e+00
871 0.0000e+00 9.1200e-05 1.0568e-04 0.0000e+00 1.0568e-04 1.6008e-01 0.0000e+00
872 0.0000e+00 0.0000e+00 1.0533e-04 0.0000e+00 1.0533e-04 1.6019e-01 0.0000e+00
873 0.0000e+00 0.0000e+00 1.0498e-04 0.0000e+00 1.0498e-04 1.6029e-01 0.0000e+00
874 0.0000e+00 0.0000e+00 1.0464e-04 0.0000e+00 1.0464e-04 1.6040e-01 0.0000e+00
875 0.0000e+00 0.0000e+00 1.0430e-04 0.0000e+00 1.0430e-04 1.6050e-01 0.0000e+00
876 0.0000e+00 0.0000e+00 1.0396e-04 0.0000e+00 1.0396e-04 1.6061e-01 0.0000e+00
877 0.0000e+00 0.0000e+00 1.0362e-04 0.0000e+00 1.0362e-04 1.6071e-01 0.0000e+00
878 0.0000e+00 0.0000e+00 1.0329e-04 0.0000e+00 1.0329e-04 1.6081e-01 0.0000e+00
879 0.0000e+00 0.0000e+00 1.0295e-04 0.0000e+00 1.0295e-04 1.6092e-01 0.0000e+00
880 0.0000e+00 0.0000e+00 1.0262e-04 0.0000e+00 1.0262e-04 1.6102e-01 0.0000e+00
881 0.0000e+00 0.0000e+00 1.0229e-04 0.0000e+00 1.0229e-04 1.6112e-01 0.0000e+00
882 0.0000e+00 0.0000e+00 1.0197e-04 0.0000e+00 1.0197e-04 1.6122e-01 0.0000e+00
883 0.0000e+00 0.0000e+00 1.0164e-04 0.0000e+00 1.0164e-04 1.6132e-01 0.0000e+00
884 0.0000e+00 0.0000e+00 1.0132e-04 0.0000e+00 1.0132e-04 1.6143e-01 0.0000e+00
885 0.0000e+00 6.4300e-05 1.0100e-04 0.0000e+00 1.0100e-04 1.6153e-01 0.0000e+00
886 0.0000e+00 1.2410e-04 1.0068e-04 0.0000e+00 1.0068e-04 1.6163e-01 0.0000e+00
887 0.0000e+00 1.7560e-04 1.0037e-04 0.0000e+00 1.0037e-04 1.6173e-01 0.0000e+00
888 0.0000e+00 2.1500e-04 1.0005e-04 0.0000e+00 1.0005e-04 1.6183e-01 0.0000e+00
889 0.0000e+00 2.3790e-04 9.9739e-05 0.0000e+00 9.9739e-05 1.6193e-01 0.0000e+00
890 0.0000e+00 2.4840e-04 9.9429e-05 0.0000e+00 9.9429e-05 1.6203e-01 0.0000e+00
891 0.0000e+00 2.3790e-04 9.9120e-05 0.0000e+00 9.9120e-05 1.6213e-01 0.0000e+00
892 0.0000e+00 2.1500e-04 9.8814e-05 0.0000e+00 9.8814e-05 1.6222e-01 0.0000e+00
893 0.0000e+00 1.7560e-04 9.8509e-05 0.0000e+00 9.8509e-05 1.6232e-01 0.0000e+00
894 0.0000e+00 1.2410e-04 9.8206e-05 0.0000e+00 9.8206e-05 1.6242e-01 0.0000e+00
895 0.0000e+00 6.0100e-05 9.7905e-05 0.0000e+00 9.7905e-05 1.6252e-01 0.0000e+00
896 0.0000e+00 0.0000e+00 9.7606e-05 0.0000e+00 9.7606e-05 1.6262e-01 0.0000e+00
897 0.0000e+00 0.0000e+00 9.7309e-05 0.0000e+00 9.7309e-05 1.6271e-01 0.0000e+00
898 0.0000e+00 0.0000e+00 9.7014e-05 0.0000e+00 9.7014e-05 1.6281e-01 0.0000e+00
899 0.0000e+00 0.0000e+00 9.6720e-05 0.0000e+00 9.6720e-05 1.6291e-01 0.0000e+00
900 0.0000e+00 0.0000e+00 9.6428e-05 0.0000e+00 9.6428e-05 1.6300e-01 0.0000e+00
901 0.0000e+00 0.0000e+00 9.6138e-05 0.0000e+00 9.6138e-05 1.6310e-01 0.0000e+00
902 0.0000e+00 0.0000e+00 9.5849e-05 0.0000e+00 9.5849e-05 1.6320e-01 0.0000e+00
903 0.0000e+00 0.0000e+00 9.5563e-05 0.0000e+00 9.5563e-05 1.6329e-01 0.0000e+00
904 0.0000e+00 0.0000e+00 9.5278e-05 0.0000e+00 9.5278e-05 1.6339e-01 0.0000e+00
905 0.0000e+00 0.0000e+00 9.4995e-05 0.0000e+00 9.4995e-05 1.6348e-01 0.0000e+00
906 0.0000e+00 0.0000e+00 9.4713e-05 0.0000e+00 9.4713e-05 1.6358e-01 0.0000e+00
907 0.0000e+00 0.0000e+00 9.4433e-05 0.0000e+00 9.4433e-05 1.6367e-01 0.0000e+00
908 0.0000e+00 0.0000e+00 9.4155e-05 0.0000e+00 9.4155e-05 1.6377e-01 0.0000e+00
909 0.0000e+00 8.0200e-05 9.3878e-05 0.0000e+00 9.3878e-05 1.6386e-01 0.0000e+00
910 0.0000e+00 1.5480e-04 9.3603e-05 0.0000e+00 9.3603e-05 1.6395e-01 0.0000e+00
911 0.0000e+00 2.1910e-04 9.3330e-05 0.0000e+00 9.3330e-05 1.6405e-01 0.0000e+00
912 0.0000e+00 2.6830e-04 9.3058e-05 0.0000e+00 9.3058e-05 1.6414e-01 0.0000e+00
913 0.0000e+00 2.9680e-04 9.2788e-05 0.0000e+00 9.2788e-05 1.6423e-01 0.0000e+00
914 0.0000e+00 3.0990e-04 9.2519e-05 0.0000e+00 9.2519e-05 1.6432e-01 0.0000e+00
915 0.0000e+00 2.9680e-04 9.2252e-05 0.0000e+00 9.2252e-05 1.6442e-01 0.0000e+00
916 0.0000e+00 2.6830e-04 9.1986e-05 0.0000e+00 9.1986e-05 1.6451e-01 0.0000e+00
917 0.0000e+00 2.1910e-04 9.1722e-05 0.0000e+00 9.1722e-05 1.6460e-01 0.0000e+00
918 0.0000e+00 1.5480e-04 9.1460e-05 0.0000e+00 9.1460e-05 1.6469e-01 0.0000e+00
919 0.0000e+00 7.5000e-05 9.1199e-05 0.0000e+00 9.1199e-05 1.6478e-01 0.0000e+00
920 0.0000e+00 0.0000e+00 9.0939e-05 0.0000e+00 9.0939e-05 1.6487e-01 0.0000e+00
921 0.0000e+00 0.0000e+00 9.0681e-05 0.0000e+00 9.0681e-05 1.6497e-01 0.0000e+00
922 0.0000e+00 0.0000e+00 9.0425e-05 0.0000e+00 9.0425e-05 1.6506e-01 0.0000e+00
923 0.0000e+00 0.0000e+00 9.0169e-05 0.0000e+00 9.0169e-05 1.6515e-01 0.0000e+00
924 0.0000e+00 0.0000e+00 8.9916e-05 0.0000e+00 8.9916e-05 1.6524e-01 0.0000e+00
925 0.0000e+00 0.0000e+00 8.9663e-05 0.0000e+00 8.9663e-05 1.6533e-01 0.0000e+00
926 0.0000e+00 0.0000e+00 8.9413e-05 0.0000e+00 8.9413e-05 1.6541e-01 0.0000e+00
927 0.0000e+00 0.0000e+00 8.9163e-05 0.0000e+00 8.9163e-05 1.6550e-01 0.0000e+00
928 0.0000e+00 0.0000e+00 8.8915e-05 0.0000e+00 8.8915e-05 1.6559e-01 0.0000e+00
929 0.0000e+00 0.0000e+00 8.8668e-05 0.0000e+00 8.8668e-05 1.6568e-01 0.0000e+00
930 0.0000e+00 0.0000e+00 8.8423e-05 0.0000e+00 8.8423e-05 1.6577e-01 0.0000e+00
931 0.0000e+00 0.0000e+00 8.8179e-05 0.0000e+00 8.8179e-05 1.6586e-01 0.0000e+00
932 0.0000e+00 0.0000e+00 8.7936e-05 0.0000e+00 8.7936e-05 1.6595e-01 0.0000e+00
933 0.0000e+00 9.6000e-05 8.7695e-05 0.0000e+00 8.7695e-05 1.6603e-01 0.0000e+00
934 0.0000e+00 1.8520e-04 8.7455e-05 0.0000e+00 8.7455e-05 1.6612e-01 0.0000e+00
935 0.0000e+00 2.6210e-04 8.7216e-05 0.0000e+00 8.7216e-05 1.6621e-01 0.0000e+00
936 0.0000e+00 3.2090e-04 8.6979e-05 0.0000e+00 8.6979e-05 1.6630e-01 0.0000e+00
937 0.0000e+00 3.5500e-04 8.6743e-05 0.0000e+00 8.6743e-05 1.6638e-01 0.0000e+00
938 0.0000e+00 3.7070e-04 8.6508e-05 0.0000e+00 8.6508e-05 1.6647e-01 0.0000e+00
939 0.0000e+00 3.5500e-04 8.6274e-05 0.0000e+00 8.6274e-05 1.6655e-01 0.0000e+00
940 0.0000e+00 3.2090e-04 8.6042e-05 0.0000e+00 8.6042e-05 1.6664e-01 0.0000e+00
941 0.0000e+00 2.6210e-04 8.5811e-05 0.0000e+00 8.5811e-05 1.6673e-01 0.0000e+00
942 0.0000e+00 1.8520e-04 8.5581e-05 0.0000e+00 8.5581e-05 1.6681e-01 0.0000e+00
943 0.0000e+00 8.9700e-05 8.5353e-05 0.0000e+00 8.5353e-05 1.6690e-01 0.0000e+00
944 0.0000e+00 0.0000e+00 8.5125e-05 0.0000e+00 8.5125e-05 1.6698e-01 0.0000e+00
945 0.0000e+00 0.0000e+00 8.4899e-05 0.0000e+00 8.4899e-05 1.6707e-01 0.0000e+00
946 0.0000e+00 0.0000e+00 8.4674e-05 0.0000e+00 8.4674e-05 1.6715e-01 0.0000e+00
947 0.0000e+00 0.0000e+00 8.4450e-05 0.0000e+00 8.4450e-05 1.6724e-01 0.0000e+00
948 0.0000e+00 0.0000e+00 8.4228e-05 0.0000e+00 8.4228e-05 1.6732e-01 0.0000e+00
949 0.0000e+00 0.0000e+00 8.4007e-05 0.0000e+00 8.4007e-05 1.6740e-01 0.0000e+00
950 0.0000e+00 0.0000e+00 8.3786e-05 0.0000e+00 8.3786e-05 1.6749e-01 0.0000e+00
Objective function values:
F1 1.484587e-06    NSE 0.74480   F2 2.841409e-02
Mean Obs Q 1.590065e-04   Variance Obs Q 6.123405e-09
    Error Variance 1.562723e-09

Water Balance for Subcatchment: Extracted study basin: Taegu Pyungkwang River

   SUMP       SUMAE      SUMQ       SUMRZ      SUMUZ      SBAR        BAL
1.890e-01  4.644e-02  1.296e-01  1.967e-02  0.000e+00  1.675e-01  7.259e-04
