Taegu Pyungkwang River Catchment: Calibration Data

Subcatchment : Extracted study basin: cat-11879

TL =     8.46
SUMAC =     1.00
SZQ =       0.03147
Subcatchment routing data:
Maximum Routing Delay       0.69444
Sum of Histogram ordinates:     1.0000
     1.00000 
Initial BAL             -0.22173
Initial SBAR             0.21973
Initial SR0              0.00200
it      p        ep       q(it)       quz      q       sbar       qof
1 0.0000e+00 6.1900e-05 3.2800e-05 0.0000e+00 3.2800e-05 2.1976e-01 0.0000e+00
2 0.0000e+00 6.4700e-05 3.2766e-05 0.0000e+00 3.2766e-05 2.1979e-01 0.0000e+00
3 1.0000e-03 6.1900e-05 3.2733e-05 0.0000e+00 3.2733e-05 2.1982e-01 0.0000e+00
4 1.0000e-03 5.6000e-05 3.2699e-05 0.0000e+00 3.2699e-05 2.1986e-01 0.0000e+00
5 1.0000e-03 4.5700e-05 4.6902e-05 7.7299e-05 3.2666e-05 2.1981e-01 1.4236e-05
6 5.0000e-04 3.2300e-05 4.1196e-05 1.1078e-04 3.2712e-05 2.1973e-01 8.4846e-06
7 5.0000e-04 1.5600e-05 4.1526e-05 1.4311e-04 3.2791e-05 2.1962e-01 8.7349e-06
8 0.0000e+00 0.0000e+00 3.2905e-05 1.2456e-04 3.2905e-05 2.1953e-01 0.0000e+00
9 5.0000e-04 0.0000e+00 4.2046e-05 1.6000e-04 3.2999e-05 2.1941e-01 9.0468e-06
10 5.0000e-04 0.0000e+00 4.2468e-05 1.9112e-04 3.3130e-05 2.1925e-01 9.3381e-06
11 0.0000e+00 0.0000e+00 3.3294e-05 1.6786e-04 3.3294e-05 2.1911e-01 0.0000e+00
12 0.0000e+00 0.0000e+00 3.3435e-05 1.4995e-04 3.3435e-05 2.1900e-01 0.0000e+00
13 1.0000e-03 0.0000e+00 5.2233e-05 2.3652e-04 3.3557e-05 2.1879e-01 1.8676e-05
14 5.0000e-04 0.0000e+00 4.3108e-05 2.5745e-04 3.3770e-05 2.1857e-01 9.3381e-06
15 5.0000e-04 0.0000e+00 4.3345e-05 2.7832e-04 3.4007e-05 2.1833e-01 9.3381e-06
16 1.0000e-03 0.0000e+00 5.2944e-05 3.4851e-04 3.4268e-05 2.1801e-01 1.8676e-05
17 0.0000e+00 0.0000e+00 3.4606e-05 3.0611e-04 3.4606e-05 2.1774e-01 0.0000e+00
18 0.0000e+00 0.0000e+00 3.4901e-05 2.7378e-04 3.4901e-05 2.1750e-01 0.0000e+00
19 0.0000e+00 0.0000e+00 3.5162e-05 2.4590e-04 3.5162e-05 2.1729e-01 0.0000e+00
20 0.0000e+00 0.0000e+00 3.5394e-05 2.2148e-04 3.5394e-05 2.1710e-01 0.0000e+00
21 0.0000e+00 1.8000e-05 3.5601e-05 1.9989e-04 3.5601e-05 2.1694e-01 0.0000e+00
22 0.0000e+00 3.4800e-05 3.5784e-05 1.8068e-04 3.5784e-05 2.1679e-01 0.0000e+00
23 0.0000e+00 4.9200e-05 3.5947e-05 1.6354e-04 3.5947e-05 2.1667e-01 0.0000e+00
24 3.0000e-03 6.0200e-05 9.0215e-05 4.4825e-04 3.6090e-05 2.1625e-01 5.4125e-05
25 2.0000e-03 6.6600e-05 7.2786e-05 5.8580e-04 3.6558e-05 2.1571e-01 3.6228e-05
26 5.5000e-03 6.9600e-05 1.3867e-04 1.0764e-03 3.7191e-05 2.1467e-01 1.0148e-04
27 6.0000e-03 6.6600e-05 1.4918e-04 1.5504e-03 3.8418e-05 2.1315e-01 1.1076e-04
28 1.0000e-03 6.0200e-05 5.7710e-05 1.4458e-03 4.0277e-05 2.1175e-01 1.7432e-05
29 2.5000e-03 4.9200e-05 8.7652e-05 1.5440e-03 4.2086e-05 2.1025e-01 4.5566e-05
30 0.0000e+00 3.4800e-05 4.4108e-05 1.3649e-03 4.4108e-05 2.0893e-01 0.0000e+00
31 0.0000e+00 1.6800e-05 4.5967e-05 1.2223e-03 4.5967e-05 2.0775e-01 0.0000e+00
32 1.0000e-03 0.0000e+00 6.4483e-05 1.1970e-03 4.7688e-05 2.0660e-01 1.6795e-05
33 5.0000e-04 0.0000e+00 6.0857e-05 1.1220e-03 4.9432e-05 2.0553e-01 1.1425e-05
34 0.0000e+00 0.0000e+00 5.1117e-05 1.0058e-03 5.1117e-05 2.0457e-01 0.0000e+00
35 0.0000e+00 0.0000e+00 5.2665e-05 9.0481e-04 5.2665e-05 2.0372e-01 0.0000e+00
36 0.0000e+00 0.0000e+00 5.4086e-05 8.1498e-04 5.4086e-05 2.0296e-01 0.0000e+00
37 0.0000e+00 0.0000e+00 5.5387e-05 7.3478e-04 5.5387e-05 2.0228e-01 0.0000e+00
38 0.0000e+00 0.0000e+00 5.6576e-05 6.6299e-04 5.6576e-05 2.0167e-01 0.0000e+00
39 0.0000e+00 0.0000e+00 5.7658e-05 5.9860e-04 5.7658e-05 2.0113e-01 0.0000e+00
40 0.0000e+00 0.0000e+00 5.8641e-05 5.4079e-04 5.8641e-05 2.0065e-01 0.0000e+00
41 0.0000e+00 0.0000e+00 5.9532e-05 4.8883e-04 5.9532e-05 2.0022e-01 0.0000e+00
42 0.0000e+00 0.0000e+00 6.0336e-05 4.4209e-04 6.0336e-05 1.9984e-01 0.0000e+00
43 0.0000e+00 0.0000e+00 6.1060e-05 4.0001e-04 6.1060e-05 1.9950e-01 0.0000e+00
44 0.0000e+00 0.0000e+00 6.1710e-05 3.6211e-04 6.1710e-05 1.9920e-01 0.0000e+00
45 0.0000e+00 3.3800e-05 6.2292e-05 3.2795e-04 6.2292e-05 1.9894e-01 0.0000e+00
46 1.0000e-03 6.5200e-05 8.4890e-05 4.0673e-04 6.2811e-05 1.9859e-01 2.2078e-05
47 0.0000e+00 9.2300e-05 6.3490e-05 3.5885e-04 6.3490e-05 1.9830e-01 0.0000e+00
48 5.0000e-04 1.1300e-04 7.1908e-05 3.6102e-04 6.4079e-05 1.9800e-01 7.8291e-06
49 0.0000e+00 1.2500e-04 6.4676e-05 3.2169e-04 6.4676e-05 1.9774e-01 0.0000e+00
50 1.0000e-03 1.3050e-04 8.2616e-05 3.7634e-04 6.5198e-05 1.9743e-01 1.7419e-05
51 2.5000e-03 1.2500e-04 1.1998e-04 6.0324e-04 6.5835e-05 1.9689e-01 5.4145e-05
52 3.0000e-03 1.1300e-04 1.3265e-04 8.4894e-04 6.6950e-05 1.9611e-01 6.5696e-05
53 2.5000e-03 9.2300e-05 1.2315e-04 1.0046e-03 6.8606e-05 1.9518e-01 5.4545e-05
54 3.0000e-03 6.5200e-05 1.3709e-04 1.2071e-03 7.0642e-05 1.9404e-01 6.6443e-05
55 2.5000e-03 3.1600e-05 1.2883e-04 1.3293e-03 7.3196e-05 1.9278e-01 5.5637e-05
56 2.0000e-03 0.0000e+00 1.2111e-04 1.3876e-03 7.6126e-05 1.9147e-01 4.4979e-05
57 1.0000e-03 0.0000e+00 1.0216e-04 1.3292e-03 7.9311e-05 1.9022e-01 2.2851e-05
58 1.0000e-03 0.0000e+00 1.0532e-04 1.2887e-03 8.2470e-05 1.8902e-01 2.2851e-05
59 0.0000e+00 0.0000e+00 8.5638e-05 1.1322e-03 8.5638e-05 1.8797e-01 0.0000e+00
60 5.0000e-04 0.0000e+00 1.0215e-04 1.0658e-03 8.8485e-05 1.8699e-01 1.3667e-05
61 5.0000e-04 0.0000e+00 1.0490e-04 1.0047e-03 9.1229e-05 1.8608e-01 1.3667e-05
62 0.0000e+00 0.0000e+00 9.3871e-05 8.9016e-04 9.3871e-05 1.8528e-01 0.0000e+00
63 0.0000e+00 0.0000e+00 9.6236e-05 7.9300e-04 9.6236e-05 1.8458e-01 0.0000e+00
64 0.0000e+00 0.0000e+00 9.8355e-05 7.0769e-04 9.8355e-05 1.8398e-01 0.0000e+00
65 0.0000e+00 0.0000e+00 1.0025e-04 6.3240e-04 1.0025e-04 1.8344e-01 0.0000e+00
66 0.0000e+00 0.0000e+00 1.0193e-04 5.6573e-04 1.0193e-04 1.8298e-01 0.0000e+00
67 0.0000e+00 0.0000e+00 1.0341e-04 5.0655e-04 1.0341e-04 1.8258e-01 0.0000e+00
68 0.0000e+00 0.0000e+00 1.0473e-04 4.5395e-04 1.0473e-04 1.8223e-01 0.0000e+00
69 0.0000e+00 4.1400e-05 1.0587e-04 4.0711e-04 1.0587e-04 1.8193e-01 0.0000e+00
70 0.0000e+00 7.9800e-05 1.0688e-04 3.6537e-04 1.0688e-04 1.8167e-01 0.0000e+00
71 0.0000e+00 1.1290e-04 1.0774e-04 3.2813e-04 1.0774e-04 1.8145e-01 0.0000e+00
72 0.0000e+00 1.3830e-04 1.0849e-04 2.9488e-04 1.0849e-04 1.8126e-01 0.0000e+00
73 0.0000e+00 1.5300e-04 1.0912e-04 2.6517e-04 1.0912e-04 1.8110e-01 0.0000e+00
74 0.0000e+00 1.5980e-04 1.0965e-04 2.3860e-04 1.0965e-04 1.8098e-01 0.0000e+00
75 0.0000e+00 1.5300e-04 1.1010e-04 2.1482e-04 1.1010e-04 1.8087e-01 0.0000e+00
76 0.0000e+00 1.3830e-04 1.1046e-04 1.9352e-04 1.1046e-04 1.8079e-01 0.0000e+00
77 0.0000e+00 1.1290e-04 1.1075e-04 1.7443e-04 1.1075e-04 1.8072e-01 0.0000e+00
78 0.0000e+00 7.9800e-05 1.1097e-04 1.5731e-04 1.1097e-04 1.8068e-01 0.0000e+00
79 0.0000e+00 3.8700e-05 1.1113e-04 1.4194e-04 1.1113e-04 1.8065e-01 0.0000e+00
80 0.0000e+00 0.0000e+00 1.1123e-04 1.2814e-04 1.1123e-04 1.8063e-01 0.0000e+00
81 0.0000e+00 0.0000e+00 1.1129e-04 1.1575e-04 1.1129e-04 1.8063e-01 0.0000e+00
82 0.0000e+00 0.0000e+00 1.1131e-04 1.0460e-04 1.1131e-04 1.8063e-01 0.0000e+00
83 0.0000e+00 0.0000e+00 1.1129e-04 9.4574e-05 1.1129e-04 1.8065e-01 0.0000e+00
84 0.0000e+00 0.0000e+00 1.1123e-04 8.5548e-05 1.1123e-04 1.8067e-01 0.0000e+00
85 0.0000e+00 0.0000e+00 1.1114e-04 7.7419e-05 1.1114e-04 1.8071e-01 0.0000e+00
86 0.0000e+00 0.0000e+00 1.1102e-04 7.0094e-05 1.1102e-04 1.8075e-01 0.0000e+00
87 0.0000e+00 0.0000e+00 1.1088e-04 6.3489e-05 1.1088e-04 1.8080e-01 0.0000e+00
88 0.0000e+00 0.0000e+00 1.1071e-04 5.7532e-05 1.1071e-04 1.8085e-01 0.0000e+00
89 0.0000e+00 0.0000e+00 1.1053e-04 5.2155e-05 1.1053e-04 1.8091e-01 0.0000e+00
90 0.0000e+00 0.0000e+00 1.1033e-04 4.7299e-05 1.1033e-04 1.8097e-01 0.0000e+00
91 0.0000e+00 0.0000e+00 1.1011e-04 4.2913e-05 1.1011e-04 1.8104e-01 0.0000e+00
92 0.0000e+00 0.0000e+00 1.0988e-04 3.8948e-05 1.0988e-04 1.8111e-01 0.0000e+00
93 0.0000e+00 1.9100e-05 1.0964e-04 3.5363e-05 1.0964e-04 1.8118e-01 0.0000e+00
94 0.0000e+00 3.6800e-05 1.0938e-04 3.2120e-05 1.0938e-04 1.8126e-01 0.0000e+00
95 0.0000e+00 5.2100e-05 1.0912e-04 2.9185e-05 1.0912e-04 1.8134e-01 0.0000e+00
96 0.0000e+00 6.3800e-05 1.0885e-04 2.6527e-05 1.0885e-04 1.8142e-01 0.0000e+00
97 5.0000e-04 7.0600e-05 1.0857e-04 2.4120e-05 1.0857e-04 1.8151e-01 0.0000e+00
98 5.0000e-04 7.3700e-05 1.0828e-04 2.1938e-05 1.0828e-04 1.8159e-01 0.0000e+00
99 0.0000e+00 7.0600e-05 1.0799e-04 1.9960e-05 1.0799e-04 1.8168e-01 0.0000e+00
100 0.0000e+00 6.3800e-05 1.0769e-04 1.8166e-05 1.0769e-04 1.8177e-01 0.0000e+00
101 0.0000e+00 5.2100e-05 1.0739e-04 1.6539e-05 1.0739e-04 1.8186e-01 0.0000e+00
102 0.0000e+00 3.6800e-05 1.0709e-04 1.5062e-05 1.0709e-04 1.8195e-01 0.0000e+00
103 0.0000e+00 1.7800e-05 1.0678e-04 1.3721e-05 1.0678e-04 1.8205e-01 0.0000e+00
104 0.0000e+00 0.0000e+00 1.0647e-04 1.2503e-05 1.0647e-04 1.8214e-01 0.0000e+00
105 0.0000e+00 0.0000e+00 1.0616e-04 1.1396e-05 1.0616e-04 1.8224e-01 0.0000e+00
106 0.0000e+00 0.0000e+00 1.0584e-04 1.0391e-05 1.0584e-04 1.8233e-01 0.0000e+00
107 0.0000e+00 0.0000e+00 1.0553e-04 9.4763e-06 1.0553e-04 1.8243e-01 0.0000e+00
108 0.0000e+00 0.0000e+00 1.0521e-04 8.6447e-06 1.0521e-04 1.8252e-01 0.0000e+00
109 0.0000e+00 0.0000e+00 1.0490e-04 7.8882e-06 1.0490e-04 1.8262e-01 0.0000e+00
110 0.0000e+00 0.0000e+00 1.0458e-04 7.1997e-06 1.0458e-04 1.8272e-01 0.0000e+00
111 5.0000e-04 0.0000e+00 1.0426e-04 6.5730e-06 1.0426e-04 1.8282e-01 0.0000e+00
112 0.0000e+00 0.0000e+00 1.0394e-04 6.0017e-06 1.0394e-04 1.8291e-01 0.0000e+00
113 0.0000e+00 0.0000e+00 1.0363e-04 5.4820e-06 1.0363e-04 1.8301e-01 0.0000e+00
114 0.0000e+00 0.0000e+00 1.0331e-04 5.0085e-06 1.0331e-04 1.8311e-01 0.0000e+00
115 0.0000e+00 0.0000e+00 1.0299e-04 4.5769e-06 1.0299e-04 1.8321e-01 0.0000e+00
116 0.0000e+00 0.0000e+00 1.0267e-04 4.1835e-06 1.0267e-04 1.8331e-01 0.0000e+00
117 0.0000e+00 1.0200e-05 1.0236e-04 3.8247e-06 1.0236e-04 1.8341e-01 0.0000e+00
118 0.0000e+00 1.9800e-05 1.0204e-04 3.4975e-06 1.0204e-04 1.8351e-01 0.0000e+00
119 0.0000e+00 2.8000e-05 1.0173e-04 3.1990e-06 1.0173e-04 1.8360e-01 0.0000e+00
120 0.0000e+00 3.4200e-05 1.0142e-04 2.9265e-06 1.0142e-04 1.8370e-01 0.0000e+00
121 0.0000e+00 3.7900e-05 1.0111e-04 2.6778e-06 1.0111e-04 1.8380e-01 0.0000e+00
122 0.0000e+00 3.9500e-05 1.0080e-04 2.4508e-06 1.0080e-04 1.8390e-01 0.0000e+00
123 0.0000e+00 3.7900e-05 1.0049e-04 2.2427e-06 1.0049e-04 1.8400e-01 0.0000e+00
124 0.0000e+00 3.4200e-05 1.0018e-04 2.0535e-06 1.0018e-04 1.8410e-01 0.0000e+00
125 0.0000e+00 2.8000e-05 9.9872e-05 1.8805e-06 9.9872e-05 1.8419e-01 0.0000e+00
126 0.0000e+00 1.9800e-05 9.9566e-05 1.7224e-06 9.9566e-05 1.8429e-01 0.0000e+00
127 0.0000e+00 9.6000e-06 9.9262e-05 1.5780e-06 9.9262e-05 1.8439e-01 0.0000e+00
128 0.0000e+00 0.0000e+00 9.8960e-05 1.4459e-06 9.8960e-05 1.8449e-01 0.0000e+00
129 0.0000e+00 0.0000e+00 9.8659e-05 1.3251e-06 9.8659e-05 1.8458e-01 0.0000e+00
130 0.0000e+00 0.0000e+00 9.8359e-05 1.2146e-06 9.8359e-05 1.8468e-01 0.0000e+00
131 0.0000e+00 0.0000e+00 9.8061e-05 1.1135e-06 9.8061e-05 1.8478e-01 0.0000e+00
132 0.0000e+00 0.0000e+00 9.7764e-05 1.0210e-06 9.7764e-05 1.8487e-01 0.0000e+00
133 0.0000e+00 0.0000e+00 9.7469e-05 9.3634e-07 9.7469e-05 1.8497e-01 0.0000e+00
134 0.0000e+00 0.0000e+00 9.7176e-05 8.5799e-07 9.7176e-05 1.8507e-01 0.0000e+00
135 0.0000e+00 0.0000e+00 9.6884e-05 7.8716e-07 9.6884e-05 1.8516e-01 0.0000e+00
136 0.0000e+00 0.0000e+00 9.6593e-05 7.2229e-07 9.6593e-05 1.8526e-01 0.0000e+00
137 0.0000e+00 0.0000e+00 9.6304e-05 6.6288e-07 9.6304e-05 1.8535e-01 0.0000e+00
138 0.0000e+00 0.0000e+00 9.6017e-05 6.0844e-07 9.6017e-05 1.8545e-01 0.0000e+00
139 0.0000e+00 0.0000e+00 9.5731e-05 5.5856e-07 9.5731e-05 1.8555e-01 0.0000e+00
140 0.0000e+00 0.0000e+00 9.5447e-05 5.1285e-07 9.5447e-05 1.8564e-01 0.0000e+00
141 5.0000e-04 4.1400e-05 9.5164e-05 4.7094e-07 9.5164e-05 1.8574e-01 0.0000e+00
142 0.0000e+00 7.9900e-05 9.4883e-05 4.3253e-07 9.4883e-05 1.8583e-01 0.0000e+00
143 0.0000e+00 1.1300e-04 9.4603e-05 3.9730e-07 9.4603e-05 1.8592e-01 0.0000e+00
144 0.0000e+00 1.3840e-04 9.4325e-05 3.6500e-07 9.4325e-05 1.8602e-01 0.0000e+00
145 0.0000e+00 1.5310e-04 9.4048e-05 3.3432e-07 9.4048e-05 1.8611e-01 0.0000e+00
146 0.0000e+00 1.5990e-04 9.3773e-05 3.0727e-07 9.3773e-05 1.8620e-01 0.0000e+00
147 0.0000e+00 1.5310e-04 9.3500e-05 2.8244e-07 9.3500e-05 1.8630e-01 0.0000e+00
148 0.0000e+00 1.3840e-04 9.3228e-05 2.5966e-07 9.3228e-05 1.8639e-01 0.0000e+00
149 0.0000e+00 1.1300e-04 9.2957e-05 2.3874e-07 9.2957e-05 1.8648e-01 0.0000e+00
150 0.0000e+00 7.9900e-05 9.2689e-05 2.1954e-07 9.2689e-05 1.8658e-01 0.0000e+00
151 0.0000e+00 3.8700e-05 9.2421e-05 2.0190e-07 9.2421e-05 1.8667e-01 0.0000e+00
152 0.0000e+00 0.0000e+00 9.2155e-05 1.8571e-07 9.2155e-05 1.8676e-01 0.0000e+00
153 0.0000e+00 0.0000e+00 9.1891e-05 1.7083e-07 9.1891e-05 1.8685e-01 0.0000e+00
154 0.0000e+00 0.0000e+00 9.1628e-05 1.5717e-07 9.1628e-05 1.8694e-01 0.0000e+00
155 0.0000e+00 0.0000e+00 9.1366e-05 1.4461e-07 9.1366e-05 1.8703e-01 0.0000e+00
156 0.0000e+00 0.0000e+00 9.1106e-05 1.3188e-07 9.1106e-05 1.8713e-01 0.0000e+00
157 0.0000e+00 0.0000e+00 9.0847e-05 1.2142e-07 9.0847e-05 1.8722e-01 0.0000e+00
158 0.0000e+00 0.0000e+00 9.0590e-05 1.1179e-07 9.0590e-05 1.8731e-01 0.0000e+00
159 0.0000e+00 0.0000e+00 9.0334e-05 1.0294e-07 9.0334e-05 1.8740e-01 0.0000e+00
160 0.0000e+00 0.0000e+00 9.0080e-05 9.4800e-08 9.0080e-05 1.8749e-01 0.0000e+00
161 0.0000e+00 0.0000e+00 8.9827e-05 8.7312e-08 8.9827e-05 1.8758e-01 0.0000e+00
162 0.0000e+00 0.0000e+00 8.9576e-05 8.0424e-08 8.9576e-05 1.8767e-01 0.0000e+00
163 0.0000e+00 0.0000e+00 8.9325e-05 7.4087e-08 8.9325e-05 1.8776e-01 0.0000e+00
164 0.0000e+00 0.0000e+00 8.9077e-05 6.8256e-08 8.9077e-05 1.8784e-01 0.0000e+00
165 0.0000e+00 1.7800e-05 8.8829e-05 6.2890e-08 8.8829e-05 1.8793e-01 0.0000e+00
166 0.0000e+00 3.4400e-05 8.8583e-05 5.7952e-08 8.8583e-05 1.8802e-01 0.0000e+00
167 0.0000e+00 4.8600e-05 8.8338e-05 5.3407e-08 8.8338e-05 1.8811e-01 0.0000e+00
168 0.0000e+00 5.9500e-05 8.8095e-05 4.8078e-08 8.8095e-05 1.8820e-01 0.0000e+00
169 0.0000e+00 6.5900e-05 8.7853e-05 4.4342e-08 8.7853e-05 1.8829e-01 0.0000e+00
170 0.0000e+00 6.8800e-05 8.7612e-05 4.0900e-08 8.7612e-05 1.8837e-01 0.0000e+00
171 0.0000e+00 6.5900e-05 8.7373e-05 3.7728e-08 8.7373e-05 1.8846e-01 0.0000e+00
172 0.0000e+00 5.9500e-05 8.7135e-05 3.4805e-08 8.7135e-05 1.8855e-01 0.0000e+00
173 0.0000e+00 4.8600e-05 8.6898e-05 3.2111e-08 8.6898e-05 1.8864e-01 0.0000e+00
174 0.0000e+00 3.4400e-05 8.6662e-05 2.9628e-08 8.6662e-05 1.8872e-01 0.0000e+00
175 0.0000e+00 1.6600e-05 8.6428e-05 2.7339e-08 8.6428e-05 1.8881e-01 0.0000e+00
176 0.0000e+00 0.0000e+00 8.6195e-05 2.5229e-08 8.6195e-05 1.8889e-01 0.0000e+00
177 0.0000e+00 0.0000e+00 8.5963e-05 2.3284e-08 8.5963e-05 1.8898e-01 0.0000e+00
178 0.0000e+00 0.0000e+00 8.5732e-05 2.1490e-08 8.5732e-05 1.8907e-01 0.0000e+00
179 0.0000e+00 0.0000e+00 8.5503e-05 1.8674e-08 8.5503e-05 1.8915e-01 0.0000e+00
180 0.0000e+00 0.0000e+00 8.5275e-05 1.7256e-08 8.5275e-05 1.8924e-01 0.0000e+00
181 0.0000e+00 0.0000e+00 8.5048e-05 1.5946e-08 8.5048e-05 1.8932e-01 0.0000e+00
182 0.0000e+00 0.0000e+00 8.4822e-05 1.4737e-08 8.4822e-05 1.8941e-01 0.0000e+00
183 0.0000e+00 0.0000e+00 8.4598e-05 1.3621e-08 8.4598e-05 1.8949e-01 0.0000e+00
184 0.0000e+00 0.0000e+00 8.4375e-05 1.2590e-08 8.4375e-05 1.8958e-01 0.0000e+00
185 0.0000e+00 0.0000e+00 8.4153e-05 1.1637e-08 8.4153e-05 1.8966e-01 0.0000e+00
186 0.0000e+00 0.0000e+00 8.3932e-05 1.0758e-08 8.3932e-05 1.8974e-01 0.0000e+00
187 0.0000e+00 0.0000e+00 8.3712e-05 9.9450e-09 8.3712e-05 1.8983e-01 0.0000e+00
188 0.0000e+00 0.0000e+00 8.3493e-05 9.1944e-09 8.3493e-05 1.8991e-01 0.0000e+00
189 0.0000e+00 4.5600e-05 8.3275e-05 8.5009e-09 8.3275e-05 1.8999e-01 0.0000e+00
190 5.0000e-04 8.7900e-05 8.3059e-05 7.8602e-09 8.3059e-05 1.9008e-01 0.0000e+00
191 0.0000e+00 1.2440e-04 8.2844e-05 6.2732e-09 8.2844e-05 1.9016e-01 0.0000e+00
192 0.0000e+00 1.5230e-04 8.2630e-05 5.8105e-09 8.2630e-05 1.9024e-01 0.0000e+00
193 0.0000e+00 1.6850e-04 8.2417e-05 5.3823e-09 8.2417e-05 1.9032e-01 0.0000e+00
194 0.0000e+00 1.7590e-04 8.2205e-05 4.9858e-09 8.2205e-05 1.9041e-01 0.0000e+00
195 0.0000e+00 1.6850e-04 8.1994e-05 4.6187e-09 8.1994e-05 1.9049e-01 0.0000e+00
196 0.0000e+00 1.5230e-04 8.1784e-05 4.2788e-09 8.1784e-05 1.9057e-01 0.0000e+00
197 0.0000e+00 1.2440e-04 8.1575e-05 3.9641e-09 8.1575e-05 1.9065e-01 0.0000e+00
198 0.0000e+00 8.7900e-05 8.1367e-05 3.6727e-09 8.1367e-05 1.9073e-01 0.0000e+00
199 0.0000e+00 4.2600e-05 8.1161e-05 3.4029e-09 8.1161e-05 1.9081e-01 0.0000e+00
200 0.0000e+00 0.0000e+00 8.0955e-05 3.1531e-09 8.0955e-05 1.9090e-01 0.0000e+00
201 0.0000e+00 0.0000e+00 8.0751e-05 2.9217e-09 8.0751e-05 1.9098e-01 0.0000e+00
202 0.0000e+00 0.0000e+00 8.0547e-05 2.7074e-09 8.0547e-05 1.9106e-01 0.0000e+00
203 0.0000e+00 0.0000e+00 8.0345e-05 1.7587e-09 8.0345e-05 1.9114e-01 0.0000e+00
204 0.0000e+00 0.0000e+00 8.0143e-05 1.6337e-09 8.0143e-05 1.9122e-01 0.0000e+00
205 0.0000e+00 0.0000e+00 7.9943e-05 1.5177e-09 7.9943e-05 1.9130e-01 0.0000e+00
206 0.0000e+00 0.0000e+00 7.9743e-05 1.4099e-09 7.9743e-05 1.9138e-01 0.0000e+00
207 0.0000e+00 0.0000e+00 7.9545e-05 1.3099e-09 7.9545e-05 1.9146e-01 0.0000e+00
208 0.0000e+00 0.0000e+00 7.9347e-05 1.2169e-09 7.9347e-05 1.9154e-01 0.0000e+00
209 0.0000e+00 0.0000e+00 7.9151e-05 1.1306e-09 7.9151e-05 1.9162e-01 0.0000e+00
210 0.0000e+00 0.0000e+00 7.8955e-05 1.0505e-09 7.8955e-05 1.9169e-01 0.0000e+00
211 0.0000e+00 0.0000e+00 7.8761e-05 9.7605e-10 7.8761e-05 1.9177e-01 0.0000e+00
212 0.0000e+00 0.0000e+00 7.8567e-05 9.0692e-10 7.8567e-05 1.9185e-01 0.0000e+00
213 0.0000e+00 4.9000e-05 7.8374e-05 8.4271e-10 7.8374e-05 1.9193e-01 0.0000e+00
214 0.0000e+00 9.4600e-05 7.8183e-05 3.4558e-10 7.8183e-05 1.9201e-01 0.0000e+00
215 0.0000e+00 1.3380e-04 7.7992e-05 3.2213e-10 7.7992e-05 1.9209e-01 0.0000e+00
216 0.0000e+00 1.6380e-04 7.7802e-05 3.0027e-10 7.7802e-05 1.9216e-01 0.0000e+00
217 0.0000e+00 1.8130e-04 7.7613e-05 2.7990e-10 7.7613e-05 1.9224e-01 0.0000e+00
218 0.0000e+00 1.8920e-04 7.7425e-05 2.6092e-10 7.7425e-05 1.9232e-01 0.0000e+00
219 0.0000e+00 1.8130e-04 7.7238e-05 2.4323e-10 7.7238e-05 1.9240e-01 0.0000e+00
220 0.0000e+00 1.6380e-04 7.7052e-05 2.2674e-10 7.7052e-05 1.9247e-01 0.0000e+00
221 0.0000e+00 1.3380e-04 7.6867e-05 2.1138e-10 7.6867e-05 1.9255e-01 0.0000e+00
222 0.0000e+00 9.4600e-05 7.6682e-05 1.9706e-10 7.6682e-05 1.9263e-01 0.0000e+00
223 0.0000e+00 4.5800e-05 7.6499e-05 1.8372e-10 7.6499e-05 1.9270e-01 0.0000e+00
224 0.0000e+00 0.0000e+00 7.6316e-05 1.7128e-10 7.6316e-05 1.9278e-01 0.0000e+00
225 0.0000e+00 0.0000e+00 7.6134e-05 1.5969e-10 7.6134e-05 1.9286e-01 0.0000e+00
226 0.0000e+00 0.0000e+00 7.5953e-05 2.4166e-11 7.5953e-05 1.9293e-01 0.0000e+00
227 0.0000e+00 0.0000e+00 7.5773e-05 2.2611e-11 7.5773e-05 1.9301e-01 0.0000e+00
228 0.0000e+00 0.0000e+00 7.5594e-05 2.1158e-11 7.5594e-05 1.9308e-01 0.0000e+00
229 0.0000e+00 0.0000e+00 7.5416e-05 1.9797e-11 7.5416e-05 1.9316e-01 0.0000e+00
230 0.0000e+00 0.0000e+00 7.5238e-05 1.8525e-11 7.5238e-05 1.9323e-01 0.0000e+00
231 0.0000e+00 0.0000e+00 7.5061e-05 1.7335e-11 7.5061e-05 1.9331e-01 0.0000e+00
232 0.0000e+00 0.0000e+00 7.4886e-05 1.6221e-11 7.4886e-05 1.9338e-01 0.0000e+00
233 0.0000e+00 0.0000e+00 7.4710e-05 1.5180e-11 7.4710e-05 1.9346e-01 0.0000e+00
234 0.0000e+00 0.0000e+00 7.4536e-05 1.4205e-11 7.4536e-05 1.9353e-01 0.0000e+00
235 0.0000e+00 0.0000e+00 7.4363e-05 1.3293e-11 7.4363e-05 1.9361e-01 0.0000e+00
236 0.0000e+00 0.0000e+00 7.4190e-05 1.2440e-11 7.4190e-05 1.9368e-01 0.0000e+00
237 0.0000e+00 5.1700e-05 7.4018e-05 1.1642e-11 7.4018e-05 1.9376e-01 0.0000e+00
238 0.0000e+00 9.9800e-05 7.3847e-05 0.0000e+00 7.3847e-05 1.9383e-01 0.0000e+00
239 0.0000e+00 1.4120e-04 7.3677e-05 0.0000e+00 7.3677e-05 1.9390e-01 0.0000e+00
240 0.0000e+00 1.7290e-04 7.3508e-05 0.0000e+00 7.3508e-05 1.9398e-01 0.0000e+00
241 5.0000e-04 1.9130e-04 7.3339e-05 0.0000e+00 7.3339e-05 1.9405e-01 0.0000e+00
242 1.0000e-03 1.9970e-04 7.3171e-05 0.0000e+00 7.3171e-05 1.9412e-01 0.0000e+00
243 0.0000e+00 1.9130e-04 7.3004e-05 0.0000e+00 7.3004e-05 1.9420e-01 0.0000e+00
244 0.0000e+00 1.7290e-04 7.2838e-05 0.0000e+00 7.2838e-05 1.9427e-01 0.0000e+00
245 0.0000e+00 1.4120e-04 7.2672e-05 0.0000e+00 7.2672e-05 1.9434e-01 0.0000e+00
246 0.0000e+00 9.9800e-05 7.2507e-05 0.0000e+00 7.2507e-05 1.9441e-01 0.0000e+00
247 0.0000e+00 4.8300e-05 7.2343e-05 0.0000e+00 7.2343e-05 1.9449e-01 0.0000e+00
248 0.0000e+00 0.0000e+00 7.2180e-05 0.0000e+00 7.2180e-05 1.9456e-01 0.0000e+00
249 0.0000e+00 0.0000e+00 7.2017e-05 0.0000e+00 7.2017e-05 1.9463e-01 0.0000e+00
250 0.0000e+00 0.0000e+00 7.1855e-05 0.0000e+00 7.1855e-05 1.9470e-01 0.0000e+00
251 0.0000e+00 0.0000e+00 7.1694e-05 0.0000e+00 7.1694e-05 1.9477e-01 0.0000e+00
252 0.0000e+00 0.0000e+00 7.1534e-05 0.0000e+00 7.1534e-05 1.9485e-01 0.0000e+00
253 1.0000e-03 0.0000e+00 7.1374e-05 0.0000e+00 7.1374e-05 1.9492e-01 0.0000e+00
254 0.0000e+00 0.0000e+00 7.1215e-05 0.0000e+00 7.1215e-05 1.9499e-01 0.0000e+00
255 0.0000e+00 0.0000e+00 7.1057e-05 0.0000e+00 7.1057e-05 1.9506e-01 0.0000e+00
256 0.0000e+00 0.0000e+00 7.0899e-05 0.0000e+00 7.0899e-05 1.9513e-01 0.0000e+00
257 0.0000e+00 0.0000e+00 7.0742e-05 0.0000e+00 7.0742e-05 1.9520e-01 0.0000e+00
258 0.0000e+00 0.0000e+00 7.0586e-05 0.0000e+00 7.0586e-05 1.9527e-01 0.0000e+00
259 0.0000e+00 0.0000e+00 7.0430e-05 0.0000e+00 7.0430e-05 1.9534e-01 0.0000e+00
260 0.0000e+00 0.0000e+00 7.0276e-05 0.0000e+00 7.0276e-05 1.9541e-01 0.0000e+00
261 0.0000e+00 7.5200e-05 7.0121e-05 0.0000e+00 7.0121e-05 1.9548e-01 0.0000e+00
262 1.0000e-03 1.4510e-04 6.9968e-05 0.0000e+00 6.9968e-05 1.9555e-01 0.0000e+00
263 0.0000e+00 2.0520e-04 6.9815e-05 0.0000e+00 6.9815e-05 1.9562e-01 0.0000e+00
264 0.0000e+00 2.5130e-04 6.9663e-05 0.0000e+00 6.9663e-05 1.9569e-01 0.0000e+00
265 0.0000e+00 2.7800e-04 6.9511e-05 0.0000e+00 6.9511e-05 1.9576e-01 0.0000e+00
266 0.0000e+00 2.9030e-04 6.9361e-05 0.0000e+00 6.9361e-05 1.9583e-01 0.0000e+00
267 0.0000e+00 2.7800e-04 6.9210e-05 0.0000e+00 6.9210e-05 1.9590e-01 0.0000e+00
268 0.0000e+00 2.5130e-04 6.9061e-05 0.0000e+00 6.9061e-05 1.9597e-01 0.0000e+00
269 0.0000e+00 2.0520e-04 6.8912e-05 0.0000e+00 6.8912e-05 1.9604e-01 0.0000e+00
270 0.0000e+00 1.4510e-04 6.8764e-05 0.0000e+00 6.8764e-05 1.9611e-01 0.0000e+00
271 0.0000e+00 7.0200e-05 6.8616e-05 0.0000e+00 6.8616e-05 1.9618e-01 0.0000e+00
272 0.0000e+00 0.0000e+00 6.8469e-05 0.0000e+00 6.8469e-05 1.9624e-01 0.0000e+00
273 0.0000e+00 0.0000e+00 6.8323e-05 0.0000e+00 6.8323e-05 1.9631e-01 0.0000e+00
274 0.0000e+00 0.0000e+00 6.8177e-05 0.0000e+00 6.8177e-05 1.9638e-01 0.0000e+00
275 0.0000e+00 0.0000e+00 6.8032e-05 0.0000e+00 6.8032e-05 1.9645e-01 0.0000e+00
276 0.0000e+00 0.0000e+00 6.7888e-05 0.0000e+00 6.7888e-05 1.9652e-01 0.0000e+00
277 0.0000e+00 0.0000e+00 6.7744e-05 0.0000e+00 6.7744e-05 1.9658e-01 0.0000e+00
278 0.0000e+00 0.0000e+00 6.7600e-05 0.0000e+00 6.7600e-05 1.9665e-01 0.0000e+00
279 0.0000e+00 0.0000e+00 6.7458e-05 0.0000e+00 6.7458e-05 1.9672e-01 0.0000e+00
280 0.0000e+00 0.0000e+00 6.7316e-05 0.0000e+00 6.7316e-05 1.9679e-01 0.0000e+00
281 0.0000e+00 0.0000e+00 6.7174e-05 0.0000e+00 6.7174e-05 1.9685e-01 0.0000e+00
282 0.0000e+00 0.0000e+00 6.7033e-05 0.0000e+00 6.7033e-05 1.9692e-01 0.0000e+00
283 1.0000e-03 0.0000e+00 6.6893e-05 0.0000e+00 6.6893e-05 1.9699e-01 0.0000e+00
284 5.0000e-04 0.0000e+00 6.6753e-05 0.0000e+00 6.6753e-05 1.9705e-01 0.0000e+00
285 2.5000e-03 2.4400e-05 7.0281e-05 1.8464e-05 6.6614e-05 1.9710e-01 3.6669e-06
286 6.0000e-03 4.7000e-05 2.0306e-04 7.0222e-04 6.6514e-05 1.9647e-01 1.3655e-04
287 4.0000e-03 6.6500e-05 1.5818e-04 1.0278e-03 6.7849e-05 1.9551e-01 9.0329e-05
288 1.5000e-03 8.1400e-05 1.0267e-04 1.0337e-03 6.9915e-05 1.9454e-01 3.2757e-05
289 0.0000e+00 9.0100e-05 7.2053e-05 8.9267e-04 7.2053e-05 1.9372e-01 0.0000e+00
290 0.0000e+00 9.4000e-05 7.3924e-05 7.8481e-04 7.3924e-05 1.9301e-01 0.0000e+00
291 5.0000e-04 9.0100e-05 8.0954e-05 7.2194e-04 7.5585e-05 1.9237e-01 5.3692e-06
292 0.0000e+00 8.1400e-05 7.7127e-05 6.3816e-04 7.7127e-05 1.9180e-01 0.0000e+00
293 0.0000e+00 6.6500e-05 7.8491e-05 5.6718e-04 7.8491e-05 1.9132e-01 0.0000e+00
294 1.5000e-03 4.7000e-05 1.0855e-04 6.5767e-04 7.9699e-05 1.9074e-01 2.8846e-05
295 1.0000e-03 2.2800e-05 1.0293e-04 6.8696e-04 8.1152e-05 1.9013e-01 2.1777e-05
296 0.0000e+00 0.0000e+00 8.2703e-05 5.9839e-04 8.2703e-05 1.8962e-01 0.0000e+00
297 0.0000e+00 0.0000e+00 8.4046e-05 5.3102e-04 8.4046e-05 1.8917e-01 0.0000e+00
298 0.0000e+00 0.0000e+00 8.5228e-05 4.7269e-04 8.5228e-05 1.8878e-01 0.0000e+00
299 0.0000e+00 0.0000e+00 8.6267e-05 4.2170e-04 8.6267e-05 1.8845e-01 0.0000e+00
300 0.0000e+00 0.0000e+00 8.7176e-05 3.7687e-04 8.7176e-05 1.8816e-01 0.0000e+00
301 0.0000e+00 0.0000e+00 8.7968e-05 3.3729e-04 8.7968e-05 1.8791e-01 0.0000e+00
302 0.0000e+00 0.0000e+00 8.8656e-05 3.0223e-04 8.8656e-05 1.8769e-01 0.0000e+00
303 0.0000e+00 0.0000e+00 8.9250e-05 2.7110e-04 8.9250e-05 1.8751e-01 0.0000e+00
304 0.0000e+00 0.0000e+00 8.9759e-05 2.4342e-04 8.9759e-05 1.8736e-01 0.0000e+00
305 0.0000e+00 0.0000e+00 9.0191e-05 2.1875e-04 9.0191e-05 1.8723e-01 0.0000e+00
306 0.0000e+00 0.0000e+00 9.0554e-05 1.9674e-04 9.0554e-05 1.8712e-01 0.0000e+00
307 0.0000e+00 0.0000e+00 9.0855e-05 1.7709e-04 9.0855e-05 1.8704e-01 0.0000e+00
308 0.0000e+00 0.0000e+00 9.1100e-05 1.5951e-04 9.1100e-05 1.8697e-01 0.0000e+00
309 0.0000e+00 2.8800e-05 9.1295e-05 1.4378e-04 9.1295e-05 1.8692e-01 0.0000e+00
310 5.0000e-04 5.5500e-05 1.0370e-04 1.8374e-04 9.1445e-05 1.8682e-01 1.2257e-05
311 0.0000e+00 7.8500e-05 9.1709e-05 1.6037e-04 9.1709e-05 1.8676e-01 0.0000e+00
312 0.0000e+00 9.6200e-05 9.1906e-05 1.4297e-04 9.1906e-05 1.8670e-01 0.0000e+00
313 0.0000e+00 1.0640e-04 9.2053e-05 1.2793e-04 9.2053e-05 1.8667e-01 0.0000e+00
314 0.0000e+00 1.1110e-04 9.2156e-05 1.1476e-04 9.2156e-05 1.8665e-01 0.0000e+00
315 0.0000e+00 1.0640e-04 9.2221e-05 1.0313e-04 9.2221e-05 1.8663e-01 0.0000e+00
316 0.0000e+00 9.6200e-05 9.2253e-05 9.2814e-05 9.2253e-05 1.8663e-01 0.0000e+00
317 5.0000e-04 7.8500e-05 9.2254e-05 8.3623e-05 9.2254e-05 1.8664e-01 0.0000e+00
318 1.0000e-03 5.5500e-05 1.1341e-04 1.6904e-04 9.2229e-05 1.8657e-01 2.1185e-05
319 5.0000e-04 2.6900e-05 1.0460e-04 1.9676e-04 9.2451e-05 1.8646e-01 1.2150e-05
320 0.0000e+00 0.0000e+00 9.2753e-05 1.6897e-04 9.2753e-05 1.8639e-01 0.0000e+00
321 0.0000e+00 0.0000e+00 9.2974e-05 1.4863e-04 9.2974e-05 1.8633e-01 0.0000e+00
322 1.0000e-03 0.0000e+00 1.1973e-04 2.4938e-04 9.3136e-05 1.8617e-01 2.6599e-05
323 1.0000e-03 0.0000e+00 1.2093e-04 3.3250e-04 9.3592e-05 1.8593e-01 2.7334e-05
324 0.0000e+00 0.0000e+00 9.4293e-05 2.8248e-04 9.4293e-05 1.8575e-01 0.0000e+00
325 0.0000e+00 0.0000e+00 9.4849e-05 2.4720e-04 9.4849e-05 1.8559e-01 0.0000e+00
326 0.0000e+00 0.0000e+00 9.5302e-05 2.1780e-04 9.5302e-05 1.8547e-01 0.0000e+00
327 0.0000e+00 0.0000e+00 9.5667e-05 1.9277e-04 9.5667e-05 1.8537e-01 0.0000e+00
328 0.0000e+00 0.0000e+00 9.5958e-05 1.7118e-04 9.5958e-05 1.8530e-01 0.0000e+00
329 0.0000e+00 0.0000e+00 9.6184e-05 1.5239e-04 9.6184e-05 1.8524e-01 0.0000e+00
330 0.0000e+00 0.0000e+00 9.6353e-05 1.3594e-04 9.6353e-05 1.8520e-01 0.0000e+00
331 0.0000e+00 0.0000e+00 9.6472e-05 1.2147e-04 9.6472e-05 1.8518e-01 0.0000e+00
332 0.0000e+00 0.0000e+00 9.6548e-05 1.0871e-04 9.6548e-05 1.8517e-01 0.0000e+00
333 0.0000e+00 1.1200e-05 9.6584e-05 9.7413e-05 9.6584e-05 1.8517e-01 0.0000e+00
334 0.0000e+00 2.1600e-05 9.6587e-05 8.7395e-05 9.6587e-05 1.8517e-01 0.0000e+00
335 0.0000e+00 3.0600e-05 9.6559e-05 7.8492e-05 9.6559e-05 1.8519e-01 0.0000e+00
336 0.0000e+00 3.7400e-05 9.6505e-05 7.0566e-05 9.6505e-05 1.8522e-01 0.0000e+00
337 0.0000e+00 4.1400e-05 9.6427e-05 6.3499e-05 9.6427e-05 1.8525e-01 0.0000e+00
338 5.0000e-04 4.3200e-05 1.0611e-04 1.0089e-04 9.6327e-05 1.8525e-01 9.7844e-06
339 5.0000e-04 4.1400e-05 1.0883e-04 1.4214e-04 9.6341e-05 1.8520e-01 1.2486e-05
340 1.5000e-03 3.7400e-05 1.3635e-04 2.9896e-04 9.6479e-05 1.8500e-01 3.9870e-05
341 1.5000e-03 3.0600e-05 1.3707e-04 4.2715e-04 9.7091e-05 1.8467e-01 3.9979e-05
342 1.0000e-03 2.1600e-05 1.2460e-04 4.7764e-04 9.8098e-05 1.8429e-01 2.6498e-05
343 5.0000e-04 1.0500e-05 1.1235e-04 4.6587e-04 9.9269e-05 1.8392e-01 1.3077e-05
344 1.0000e-03 0.0000e+00 1.2746e-04 5.2422e-04 1.0041e-04 1.8350e-01 2.7047e-05
345 5.0000e-04 0.0000e+00 1.1542e-04 5.1168e-04 1.0175e-04 1.8309e-01 1.3667e-05
346 0.0000e+00 0.0000e+00 1.0306e-04 4.4338e-04 1.0306e-04 1.8275e-01 0.0000e+00
347 0.0000e+00 0.0000e+00 1.0416e-04 3.8947e-04 1.0416e-04 1.8246e-01 0.0000e+00
348 0.0000e+00 0.0000e+00 1.0510e-04 3.4375e-04 1.0510e-04 1.8222e-01 0.0000e+00
349 0.0000e+00 0.0000e+00 1.0588e-04 3.0438e-04 1.0588e-04 1.8203e-01 0.0000e+00
350 0.0000e+00 0.0000e+00 1.0654e-04 2.7019e-04 1.0654e-04 1.8186e-01 0.0000e+00
351 0.0000e+00 0.0000e+00 1.0709e-04 2.4032e-04 1.0709e-04 1.8173e-01 0.0000e+00
352 0.0000e+00 0.0000e+00 1.0754e-04 2.1411e-04 1.0754e-04 1.8162e-01 0.0000e+00
353 5.0000e-04 0.0000e+00 1.2156e-04 2.5385e-04 1.0790e-04 1.8148e-01 1.3667e-05
354 0.0000e+00 0.0000e+00 1.0839e-04 2.2023e-04 1.0839e-04 1.8136e-01 0.0000e+00
355 0.0000e+00 0.0000e+00 1.0877e-04 1.9497e-04 1.0877e-04 1.8128e-01 0.0000e+00
356 0.0000e+00 0.0000e+00 1.0906e-04 1.7335e-04 1.0906e-04 1.8121e-01 0.0000e+00
357 0.0000e+00 7.2300e-05 1.0928e-04 1.5453e-04 1.0928e-04 1.8117e-01 0.0000e+00
358 0.0000e+00 1.3960e-04 1.0944e-04 1.3803e-04 1.0944e-04 1.8114e-01 0.0000e+00
359 0.0000e+00 1.9750e-04 1.0953e-04 1.2347e-04 1.0953e-04 1.8113e-01 0.0000e+00
360 0.0000e+00 2.4180e-04 1.0958e-04 1.1059e-04 1.0958e-04 1.8113e-01 0.0000e+00
361 0.0000e+00 2.6750e-04 1.0958e-04 9.9174e-05 1.0958e-04 1.8114e-01 0.0000e+00
362 0.0000e+00 2.7930e-04 1.0955e-04 8.9025e-05 1.0955e-04 1.8116e-01 0.0000e+00
363 0.0000e+00 2.6750e-04 1.0948e-04 7.9990e-05 1.0948e-04 1.8119e-01 0.0000e+00
364 0.0000e+00 2.4180e-04 1.0938e-04 7.1934e-05 1.0938e-04 1.8122e-01 0.0000e+00
365 0.0000e+00 1.9750e-04 1.0925e-04 6.4742e-05 1.0925e-04 1.8127e-01 0.0000e+00
366 0.0000e+00 1.3960e-04 1.0910e-04 5.8314e-05 1.0910e-04 1.8132e-01 0.0000e+00
367 0.0000e+00 6.7600e-05 1.0892e-04 5.2562e-05 1.0892e-04 1.8137e-01 0.0000e+00
368 0.0000e+00 0.0000e+00 1.0873e-04 4.7410e-05 1.0873e-04 1.8144e-01 0.0000e+00
369 0.0000e+00 0.0000e+00 1.0852e-04 4.2790e-05 1.0852e-04 1.8150e-01 0.0000e+00
370 0.0000e+00 0.0000e+00 1.0830e-04 3.8644e-05 1.0830e-04 1.8157e-01 0.0000e+00
371 0.0000e+00 0.0000e+00 1.0807e-04 3.4921e-05 1.0807e-04 1.8164e-01 0.0000e+00
372 0.0000e+00 0.0000e+00 1.0782e-04 3.1574e-05 1.0782e-04 1.8172e-01 0.0000e+00
373 5.0000e-04 0.0000e+00 1.0756e-04 2.8564e-05 1.0756e-04 1.8180e-01 0.0000e+00
374 7.5000e-03 0.0000e+00 2.6932e-04 7.6941e-04 1.0730e-04 1.8114e-01 1.6202e-04
375 4.5000e-03 0.0000e+00 2.3255e-04 1.1796e-03 1.0954e-04 1.8007e-01 1.2300e-04
376 2.5000e-03 0.0000e+00 1.8160e-04 1.2937e-03 1.1327e-04 1.7889e-01 6.8336e-05
377 5.0000e-04 0.0000e+00 1.3119e-04 1.1588e-03 1.1752e-04 1.7785e-01 1.3667e-05
378 0.0000e+00 0.0000e+00 1.2141e-04 1.0010e-03 1.2141e-04 1.7697e-01 0.0000e+00
379 0.0000e+00 0.0000e+00 1.2479e-04 8.7465e-04 1.2479e-04 1.7622e-01 0.0000e+00
380 0.0000e+00 0.0000e+00 1.2775e-04 7.6791e-04 1.2775e-04 1.7558e-01 0.0000e+00
381 0.0000e+00 1.7400e-05 1.3033e-04 6.7632e-04 1.3033e-04 1.7503e-01 0.0000e+00
382 0.0000e+00 3.3600e-05 1.3258e-04 5.9704e-04 1.3258e-04 1.7457e-01 0.0000e+00
383 1.0000e-03 4.7500e-05 1.6045e-04 6.5504e-04 1.3451e-04 1.7405e-01 2.5940e-05
384 1.0000e-03 5.8200e-05 1.6276e-04 6.9287e-04 1.3672e-04 1.7349e-01 2.6036e-05
385 0.0000e+00 6.4300e-05 1.3912e-04 5.9507e-04 1.3912e-04 1.7303e-01 0.0000e+00
386 5.0000e-04 6.7200e-05 1.5143e-04 5.7438e-04 1.4111e-04 1.7260e-01 1.0321e-05
387 0.0000e+00 6.4300e-05 1.4304e-04 5.0037e-04 1.4304e-04 1.7224e-01 0.0000e+00
388 0.0000e+00 5.8200e-05 1.4464e-04 4.4153e-04 1.4464e-04 1.7195e-01 0.0000e+00
389 0.0000e+00 4.7500e-05 1.4599e-04 3.9069e-04 1.4599e-04 1.7170e-01 0.0000e+00
390 5.0000e-04 3.3600e-05 1.5431e-04 3.8259e-04 1.4711e-04 1.7147e-01 7.1949e-06
391 0.0000e+00 1.6300e-05 1.4820e-04 3.3465e-04 1.4820e-04 1.7128e-01 0.0000e+00
392 5.0000e-04 0.0000e+00 1.6137e-04 3.5868e-04 1.4906e-04 1.7107e-01 1.2303e-05
393 5.0000e-04 0.0000e+00 1.6371e-04 3.7873e-04 1.5004e-04 1.7084e-01 1.3667e-05
394 0.0000e+00 0.0000e+00 1.5112e-04 3.2514e-04 1.5112e-04 1.7067e-01 0.0000e+00
395 0.0000e+00 0.0000e+00 1.5194e-04 2.8638e-04 1.5194e-04 1.7053e-01 0.0000e+00
396 0.0000e+00 0.0000e+00 1.5258e-04 2.5319e-04 1.5258e-04 1.7043e-01 0.0000e+00
397 0.0000e+00 0.0000e+00 1.5306e-04 2.2446e-04 1.5306e-04 1.7036e-01 0.0000e+00
398 0.0000e+00 0.0000e+00 1.5341e-04 1.9942e-04 1.5341e-04 1.7031e-01 0.0000e+00
399 0.0000e+00 0.0000e+00 1.5363e-04 1.7747e-04 1.5363e-04 1.7029e-01 0.0000e+00
400 0.0000e+00 0.0000e+00 1.5374e-04 1.5817e-04 1.5374e-04 1.7029e-01 0.0000e+00
401 0.0000e+00 0.0000e+00 1.5376e-04 1.4115e-04 1.5376e-04 1.7030e-01 0.0000e+00
402 1.0000e-03 0.0000e+00 1.8728e-04 2.5880e-04 1.5370e-04 1.7019e-01 3.3580e-05
403 0.0000e+00 0.0000e+00 1.5421e-04 2.1578e-04 1.5421e-04 1.7013e-01 0.0000e+00
404 0.0000e+00 0.0000e+00 1.5451e-04 1.8832e-04 1.5451e-04 1.7010e-01 0.0000e+00
405 5.0000e-04 2.4600e-05 1.7146e-04 2.3189e-04 1.5467e-04 1.7002e-01 1.6790e-05
406 5.0000e-04 4.7400e-05 1.7101e-04 2.6079e-04 1.5504e-04 1.6992e-01 1.5964e-05
407 0.0000e+00 6.7100e-05 1.5556e-04 2.2205e-04 1.5556e-04 1.6985e-01 0.0000e+00
408 5.0000e-04 8.2200e-05 1.6883e-04 2.4521e-04 1.5588e-04 1.6976e-01 1.2947e-05
409 0.0000e+00 9.0900e-05 1.5631e-04 2.1005e-04 1.5631e-04 1.6971e-01 0.0000e+00
410 0.0000e+00 9.5000e-05 1.5658e-04 1.8383e-04 1.5658e-04 1.6968e-01 0.0000e+00
411 0.0000e+00 9.0900e-05 1.5671e-04 1.6167e-04 1.5671e-04 1.6967e-01 0.0000e+00
412 0.0000e+00 8.2200e-05 1.5674e-04 1.4269e-04 1.5674e-04 1.6969e-01 0.0000e+00
413 0.0000e+00 6.7100e-05 1.5667e-04 1.2628e-04 1.5667e-04 1.6972e-01 0.0000e+00
414 0.0000e+00 4.7400e-05 1.5652e-04 1.1201e-04 1.5652e-04 1.6976e-01 0.0000e+00
415 0.0000e+00 2.3000e-05 1.5630e-04 9.9535e-05 1.5630e-04 1.6982e-01 0.0000e+00
416 0.0000e+00 0.0000e+00 1.5602e-04 8.8595e-05 1.5602e-04 1.6989e-01 0.0000e+00
417 0.0000e+00 0.0000e+00 1.5569e-04 7.8971e-05 1.5569e-04 1.6996e-01 0.0000e+00
418 0.0000e+00 0.0000e+00 1.5532e-04 7.0484e-05 1.5532e-04 1.7005e-01 0.0000e+00
419 0.0000e+00 0.0000e+00 1.5491e-04 6.2983e-05 1.5491e-04 1.7014e-01 0.0000e+00
420 0.0000e+00 0.0000e+00 1.5447e-04 5.6343e-05 1.5447e-04 1.7024e-01 0.0000e+00
421 0.0000e+00 0.0000e+00 1.5399e-04 5.0453e-05 1.5399e-04 1.7034e-01 0.0000e+00
422 0.0000e+00 0.0000e+00 1.5350e-04 4.5222e-05 1.5350e-04 1.7045e-01 0.0000e+00
423 0.0000e+00 0.0000e+00 1.5298e-04 4.0569e-05 1.5298e-04 1.7056e-01 0.0000e+00
424 0.0000e+00 0.0000e+00 1.5244e-04 3.6425e-05 1.5244e-04 1.7068e-01 0.0000e+00
425 0.0000e+00 0.0000e+00 1.5189e-04 3.2730e-05 1.5189e-04 1.7080e-01 0.0000e+00
426 0.0000e+00 0.0000e+00 1.5132e-04 2.9432e-05 1.5132e-04 1.7092e-01 0.0000e+00
427 5.0000e-04 0.0000e+00 1.5075e-04 2.6485e-05 1.5075e-04 1.7104e-01 0.0000e+00
428 2.0000e-03 0.0000e+00 2.1122e-04 2.8087e-04 1.5017e-04 1.7091e-01 6.1060e-05
429 3.0000e-03 3.2600e-05 2.4887e-04 6.1738e-04 1.5078e-04 1.7045e-01 9.8092e-05
430 2.0000e-03 6.2900e-05 2.1906e-04 7.5679e-04 1.5299e-04 1.6984e-01 6.6066e-05
431 1.0000e-03 8.9000e-05 1.8738e-04 7.5284e-04 1.5591e-04 1.6925e-01 3.1468e-05
432 0.0000e+00 1.0900e-04 1.5884e-04 6.3718e-04 1.5884e-04 1.6877e-01 0.0000e+00
433 5.0000e-04 1.2060e-04 1.7138e-04 5.9093e-04 1.6124e-04 1.6834e-01 1.0148e-05
434 0.0000e+00 1.2590e-04 1.6342e-04 5.0992e-04 1.6342e-04 1.6799e-01 0.0000e+00
435 0.0000e+00 1.2060e-04 1.6520e-04 4.4449e-04 1.6520e-04 1.6771e-01 0.0000e+00
436 0.0000e+00 1.0900e-04 1.6664e-04 3.8902e-04 1.6664e-04 1.6749e-01 0.0000e+00
437 3.5000e-03 8.9000e-05 2.6941e-04 7.5219e-04 1.6781e-04 1.6691e-01 1.0160e-04
438 0.0000e+00 6.2900e-05 1.7090e-04 6.1836e-04 1.7090e-04 1.6646e-01 0.0000e+00
439 0.0000e+00 3.0500e-05 1.7330e-04 5.3388e-04 1.7330e-04 1.6610e-01 0.0000e+00
440 0.0000e+00 0.0000e+00 1.7527e-04 4.6451e-04 1.7527e-04 1.6581e-01 0.0000e+00
441 0.0000e+00 0.0000e+00 1.7686e-04 4.0620e-04 1.7686e-04 1.6558e-01 0.0000e+00
442 0.0000e+00 0.0000e+00 1.7813e-04 3.5648e-04 1.7813e-04 1.6540e-01 0.0000e+00
443 0.0000e+00 0.0000e+00 1.7913e-04 3.1369e-04 1.7913e-04 1.6527e-01 0.0000e+00
444 5.0000e-04 0.0000e+00 1.9055e-04 3.2061e-04 1.7988e-04 1.6513e-01 1.0672e-05
445 0.0000e+00 0.0000e+00 1.8068e-04 2.7806e-04 1.8068e-04 1.6503e-01 0.0000e+00
446 0.0000e+00 0.0000e+00 1.8123e-04 2.4462e-04 1.8123e-04 1.6496e-01 0.0000e+00
447 0.0000e+00 0.0000e+00 1.8159e-04 2.1591e-04 1.8159e-04 1.6493e-01 0.0000e+00
448 0.0000e+00 0.0000e+00 1.8178e-04 1.9102e-04 1.8178e-04 1.6492e-01 0.0000e+00
449 0.0000e+00 0.0000e+00 1.8183e-04 1.6931e-04 1.8183e-04 1.6493e-01 0.0000e+00
450 0.0000e+00 0.0000e+00 1.8176e-04 1.5030e-04 1.8176e-04 1.6496e-01 0.0000e+00
451 0.0000e+00 0.0000e+00 1.8158e-04 1.3361e-04 1.8158e-04 1.6501e-01 0.0000e+00
452 5.0000e-04 0.0000e+00 1.9810e-04 1.8822e-04 1.8131e-04 1.6501e-01 1.6790e-05
453 0.0000e+00 2.2400e-05 1.8135e-04 1.5879e-04 1.8135e-04 1.6503e-01 0.0000e+00
454 0.0000e+00 4.3300e-05 1.8122e-04 1.3887e-04 1.8122e-04 1.6507e-01 0.0000e+00
455 0.0000e+00 6.1200e-05 1.8098e-04 1.2223e-04 1.8098e-04 1.6513e-01 0.0000e+00
456 0.0000e+00 7.5000e-05 1.8065e-04 1.0802e-04 1.8065e-04 1.6520e-01 0.0000e+00
457 0.0000e+00 8.3000e-05 1.8024e-04 9.5721e-05 1.8024e-04 1.6529e-01 0.0000e+00
458 0.0000e+00 8.6600e-05 1.7977e-04 8.5006e-05 1.7977e-04 1.6538e-01 0.0000e+00
459 0.0000e+00 8.3000e-05 1.7923e-04 7.5622e-05 1.7923e-04 1.6549e-01 0.0000e+00
460 0.0000e+00 7.5000e-05 1.7865e-04 6.7375e-05 1.7865e-04 1.6560e-01 0.0000e+00
461 0.0000e+00 6.1200e-05 1.7803e-04 6.0107e-05 1.7803e-04 1.6571e-01 0.0000e+00
462 0.0000e+00 4.3300e-05 1.7738e-04 5.3687e-05 1.7738e-04 1.6584e-01 0.0000e+00
463 0.0000e+00 2.1000e-05 1.7670e-04 4.8005e-05 1.7670e-04 1.6597e-01 0.0000e+00
464 0.0000e+00 0.0000e+00 1.7599e-04 4.2968e-05 1.7599e-04 1.6610e-01 0.0000e+00
465 1.0000e-03 0.0000e+00 1.8697e-04 8.6394e-05 1.7526e-04 1.6619e-01 1.1714e-05
466 5.0000e-04 0.0000e+00 1.9156e-04 1.3974e-04 1.7477e-04 1.6622e-01 1.6790e-05
467 0.0000e+00 0.0000e+00 1.7458e-04 1.1425e-04 1.7458e-04 1.6628e-01 0.0000e+00
468 0.0000e+00 0.0000e+00 1.7425e-04 9.8246e-05 1.7425e-04 1.6636e-01 0.0000e+00
469 5.0000e-04 0.0000e+00 1.9063e-04 1.5386e-04 1.7384e-04 1.6638e-01 1.6790e-05
470 0.0000e+00 0.0000e+00 1.7373e-04 1.2710e-04 1.7373e-04 1.6643e-01 0.0000e+00
471 0.0000e+00 0.0000e+00 1.7348e-04 1.0969e-04 1.7348e-04 1.6649e-01 0.0000e+00
472 5.0000e-04 0.0000e+00 1.8992e-04 1.6391e-04 1.7313e-04 1.6650e-01 1.6790e-05
473 5.0000e-04 0.0000e+00 1.8987e-04 2.0443e-04 1.7308e-04 1.6647e-01 1.6790e-05
474 0.0000e+00 0.0000e+00 1.7325e-04 1.7004e-04 1.7325e-04 1.6647e-01 0.0000e+00
475 0.0000e+00 0.0000e+00 1.7323e-04 1.4661e-04 1.7323e-04 1.6650e-01 0.0000e+00
476 0.0000e+00 0.0000e+00 1.7309e-04 1.2745e-04 1.7309e-04 1.6654e-01 0.0000e+00
477 0.0000e+00 9.2000e-06 1.7284e-04 1.1141e-04 1.7284e-04 1.6661e-01 0.0000e+00
478 0.0000e+00 1.7800e-05 1.7251e-04 9.7772e-05 1.7251e-04 1.6668e-01 0.0000e+00
479 0.0000e+00 2.5200e-05 1.7211e-04 8.6068e-05 1.7211e-04 1.6677e-01 0.0000e+00
480 0.0000e+00 3.0900e-05 1.7165e-04 7.5957e-05 1.7165e-04 1.6686e-01 0.0000e+00
481 0.0000e+00 3.4200e-05 1.7113e-04 6.7179e-05 1.7113e-04 1.6697e-01 0.0000e+00
482 5.0000e-04 3.5700e-05 1.8343e-04 1.1171e-04 1.7058e-04 1.6702e-01 1.2855e-05
483 2.5000e-03 3.4200e-05 2.5302e-04 4.2863e-04 1.7026e-04 1.6677e-01 8.2752e-05
484 1.0000e-03 3.0900e-05 2.0408e-04 4.7088e-04 1.7164e-04 1.6647e-01 3.2432e-05
485 0.0000e+00 2.5200e-05 1.7326e-04 3.9002e-04 1.7326e-04 1.6625e-01 0.0000e+00
486 1.0000e-03 1.7800e-05 2.0613e-04 4.6351e-04 1.7443e-04 1.6596e-01 3.1697e-05
487 0.0000e+00 8.6000e-06 1.7602e-04 3.8834e-04 1.7602e-04 1.6575e-01 0.0000e+00
488 0.0000e+00 0.0000e+00 1.7719e-04 3.3513e-04 1.7719e-04 1.6559e-01 0.0000e+00
489 0.0000e+00 0.0000e+00 1.7807e-04 2.9124e-04 1.7807e-04 1.6548e-01 0.0000e+00
490 0.0000e+00 0.0000e+00 1.7870e-04 2.5431e-04 1.7870e-04 1.6540e-01 0.0000e+00
491 0.0000e+00 0.0000e+00 1.7912e-04 2.2285e-04 1.7912e-04 1.6536e-01 0.0000e+00
492 0.0000e+00 0.0000e+00 1.7936e-04 1.9584e-04 1.7936e-04 1.6534e-01 0.0000e+00
493 0.0000e+00 0.0000e+00 1.7946e-04 1.7250e-04 1.7946e-04 1.6535e-01 0.0000e+00
494 0.0000e+00 0.0000e+00 1.7942e-04 1.5226e-04 1.7942e-04 1.6538e-01 0.0000e+00
495 0.0000e+00 0.0000e+00 1.7927e-04 1.3464e-04 1.7927e-04 1.6542e-01 0.0000e+00
496 0.0000e+00 0.0000e+00 1.7902e-04 1.1925e-04 1.7902e-04 1.6548e-01 0.0000e+00
497 0.0000e+00 0.0000e+00 1.7868e-04 1.0578e-04 1.7868e-04 1.6555e-01 0.0000e+00
498 0.0000e+00 0.0000e+00 1.7828e-04 9.3961e-05 1.7828e-04 1.6564e-01 0.0000e+00
499 0.0000e+00 0.0000e+00 1.7781e-04 8.3566e-05 1.7781e-04 1.6573e-01 0.0000e+00
500 0.0000e+00 0.0000e+00 1.7728e-04 7.4408e-05 1.7728e-04 1.6583e-01 0.0000e+00
501 0.0000e+00 6.3800e-05 1.7671e-04 6.6327e-05 1.7671e-04 1.6594e-01 0.0000e+00
502 0.0000e+00 1.2310e-04 1.7611e-04 5.9185e-05 1.7611e-04 1.6606e-01 0.0000e+00
503 0.0000e+00 1.7420e-04 1.7546e-04 5.2863e-05 1.7546e-04 1.6618e-01 0.0000e+00
504 0.0000e+00 2.1330e-04 1.7479e-04 4.7260e-05 1.7479e-04 1.6631e-01 0.0000e+00
505 0.0000e+00 2.3600e-04 1.7410e-04 4.2288e-05 1.7410e-04 1.6644e-01 0.0000e+00
506 0.0000e+00 2.4640e-04 1.7338e-04 3.7870e-05 1.7338e-04 1.6658e-01 0.0000e+00
507 0.0000e+00 2.3600e-04 1.7265e-04 3.3941e-05 1.7265e-04 1.6672e-01 0.0000e+00
508 0.0000e+00 2.1330e-04 1.7190e-04 3.0443e-05 1.7190e-04 1.6686e-01 0.0000e+00
509 0.0000e+00 1.7420e-04 1.7114e-04 2.7325e-05 1.7114e-04 1.6700e-01 0.0000e+00
510 0.0000e+00 1.2310e-04 1.7038e-04 2.4543e-05 1.7038e-04 1.6715e-01 0.0000e+00
511 0.0000e+00 5.9600e-05 1.6960e-04 2.2059e-05 1.6960e-04 1.6730e-01 0.0000e+00
512 0.0000e+00 0.0000e+00 1.6882e-04 1.9839e-05 1.6882e-04 1.6745e-01 0.0000e+00
513 0.0000e+00 0.0000e+00 1.6804e-04 1.7854e-05 1.6804e-04 1.6760e-01 0.0000e+00
514 0.0000e+00 0.0000e+00 1.6725e-04 1.6076e-05 1.6725e-04 1.6775e-01 0.0000e+00
515 0.0000e+00 0.0000e+00 1.6646e-04 1.4484e-05 1.6646e-04 1.6790e-01 0.0000e+00
516 0.0000e+00 0.0000e+00 1.6567e-04 1.3057e-05 1.6567e-04 1.6805e-01 0.0000e+00
517 0.0000e+00 0.0000e+00 1.6489e-04 1.1776e-05 1.6489e-04 1.6820e-01 0.0000e+00
518 0.0000e+00 0.0000e+00 1.6410e-04 1.0627e-05 1.6410e-04 1.6836e-01 0.0000e+00
519 0.0000e+00 0.0000e+00 1.6331e-04 9.5946e-06 1.6331e-04 1.6851e-01 0.0000e+00
520 0.0000e+00 0.0000e+00 1.6253e-04 8.6667e-06 1.6253e-04 1.6867e-01 0.0000e+00
521 0.0000e+00 0.0000e+00 1.6175e-04 7.8321e-06 1.6175e-04 1.6882e-01 0.0000e+00
522 0.0000e+00 0.0000e+00 1.6098e-04 7.0811e-06 1.6098e-04 1.6897e-01 0.0000e+00
523 0.0000e+00 0.0000e+00 1.6020e-04 6.4050e-06 1.6020e-04 1.6913e-01 0.0000e+00
524 0.0000e+00 0.0000e+00 1.5943e-04 5.7958e-06 1.5943e-04 1.6928e-01 0.0000e+00
525 0.0000e+00 4.1700e-05 1.5867e-04 5.2468e-06 1.5867e-04 1.6943e-01 0.0000e+00
526 0.0000e+00 8.0400e-05 1.5791e-04 4.7511e-06 1.5791e-04 1.6959e-01 0.0000e+00
527 0.0000e+00 1.1380e-04 1.5716e-04 4.3045e-06 1.5716e-04 1.6974e-01 0.0000e+00
528 0.0000e+00 1.3930e-04 1.5641e-04 3.9013e-06 1.5641e-04 1.6989e-01 0.0000e+00
529 0.0000e+00 1.5420e-04 1.5567e-04 3.5372e-06 1.5567e-04 1.7004e-01 0.0000e+00
530 0.0000e+00 1.6090e-04 1.5493e-04 3.2083e-06 1.5493e-04 1.7020e-01 0.0000e+00
531 0.0000e+00 1.5420e-04 1.5419e-04 2.9110e-06 1.5419e-04 1.7035e-01 0.0000e+00
532 0.0000e+00 1.3930e-04 1.5347e-04 2.6421e-06 1.5347e-04 1.7050e-01 0.0000e+00
533 0.0000e+00 1.1380e-04 1.5275e-04 2.3988e-06 1.5275e-04 1.7065e-01 0.0000e+00
534 0.0000e+00 8.0400e-05 1.5203e-04 2.1787e-06 1.5203e-04 1.7080e-01 0.0000e+00
535 0.0000e+00 3.8900e-05 1.5132e-04 1.9794e-06 1.5132e-04 1.7095e-01 0.0000e+00
536 0.0000e+00 0.0000e+00 1.5061e-04 1.7981e-06 1.5061e-04 1.7110e-01 0.0000e+00
537 0.0000e+00 0.0000e+00 1.4992e-04 1.6347e-06 1.4992e-04 1.7125e-01 0.0000e+00
538 0.0000e+00 0.0000e+00 1.4922e-04 1.4865e-06 1.4922e-04 1.7139e-01 0.0000e+00
539 0.0000e+00 0.0000e+00 1.4854e-04 1.3522e-06 1.4854e-04 1.7154e-01 0.0000e+00
540 0.0000e+00 0.0000e+00 1.4785e-04 1.2304e-06 1.4785e-04 1.7169e-01 0.0000e+00
541 0.0000e+00 0.0000e+00 1.4718e-04 1.1198e-06 1.4718e-04 1.7183e-01 0.0000e+00
542 0.0000e+00 0.0000e+00 1.4651e-04 1.0195e-06 1.4651e-04 1.7198e-01 0.0000e+00
543 0.0000e+00 0.0000e+00 1.4584e-04 9.2840e-07 1.4584e-04 1.7212e-01 0.0000e+00
544 0.0000e+00 0.0000e+00 1.4518e-04 8.4566e-07 1.4518e-04 1.7227e-01 0.0000e+00
545 0.0000e+00 0.0000e+00 1.4453e-04 7.7049e-07 1.4453e-04 1.7241e-01 0.0000e+00
546 0.0000e+00 0.0000e+00 1.4388e-04 7.0121e-07 1.4388e-04 1.7255e-01 0.0000e+00
547 0.0000e+00 0.0000e+00 1.4324e-04 6.3926e-07 1.4324e-04 1.7270e-01 0.0000e+00
548 0.0000e+00 0.0000e+00 1.4260e-04 5.8292e-07 1.4260e-04 1.7284e-01 0.0000e+00
549 0.0000e+00 2.0700e-05 1.4197e-04 5.3167e-07 1.4197e-04 1.7298e-01 0.0000e+00
550 0.0000e+00 4.0000e-05 1.4135e-04 4.8503e-07 1.4135e-04 1.7312e-01 0.0000e+00
551 0.0000e+00 5.6600e-05 1.4073e-04 4.4258e-07 1.4073e-04 1.7326e-01 0.0000e+00
552 1.0000e-03 6.9300e-05 1.4011e-04 4.0394e-07 1.4011e-04 1.7340e-01 0.0000e+00
553 1.0000e-03 7.6600e-05 1.3950e-04 3.6875e-07 1.3950e-04 1.7354e-01 0.0000e+00
554 2.0000e-03 8.0000e-05 1.5891e-04 9.9281e-05 1.3889e-04 1.7358e-01 2.0011e-05
555 1.5000e-03 7.6600e-05 1.7754e-04 2.6649e-04 1.3872e-04 1.7345e-01 3.8815e-05
556 0.0000e+00 6.9300e-05 1.3928e-04 2.0782e-04 1.3928e-04 1.7338e-01 0.0000e+00
557 5.0000e-04 5.6600e-05 1.4926e-04 2.2517e-04 1.3958e-04 1.7330e-01 9.6820e-06
558 0.0000e+00 4.0000e-05 1.3995e-04 1.8904e-04 1.3995e-04 1.7325e-01 0.0000e+00
559 0.0000e+00 1.9400e-05 1.4016e-04 1.6361e-04 1.4016e-04 1.7323e-01 0.0000e+00
560 0.0000e+00 0.0000e+00 1.4027e-04 1.4255e-04 1.4027e-04 1.7322e-01 0.0000e+00
561 0.0000e+00 0.0000e+00 1.4028e-04 1.2478e-04 1.4028e-04 1.7324e-01 0.0000e+00
562 0.0000e+00 0.0000e+00 1.4021e-04 1.0961e-04 1.4021e-04 1.7327e-01 0.0000e+00
563 0.0000e+00 0.0000e+00 1.4008e-04 9.6567e-05 1.4008e-04 1.7331e-01 0.0000e+00
564 0.0000e+00 0.0000e+00 1.3989e-04 8.5285e-05 1.3989e-04 1.7337e-01 0.0000e+00
565 5.0000e-04 0.0000e+00 1.5015e-04 1.2748e-04 1.3965e-04 1.7338e-01 1.0499e-05
566 0.0000e+00 0.0000e+00 1.3959e-04 1.0597e-04 1.3959e-04 1.7341e-01 0.0000e+00
567 0.0000e+00 0.0000e+00 1.3945e-04 9.2591e-05 1.3945e-04 1.7346e-01 0.0000e+00
568 0.0000e+00 0.0000e+00 1.3924e-04 8.1412e-05 1.3924e-04 1.7352e-01 0.0000e+00
569 0.0000e+00 0.0000e+00 1.3899e-04 7.1853e-05 1.3899e-04 1.7359e-01 0.0000e+00
570 0.0000e+00 0.0000e+00 1.3870e-04 6.3597e-05 1.3870e-04 1.7366e-01 0.0000e+00
571 0.0000e+00 0.0000e+00 1.3838e-04 5.6419e-05 1.3838e-04 1.7374e-01 0.0000e+00
572 0.0000e+00 0.0000e+00 1.3802e-04 5.0148e-05 1.3802e-04 1.7383e-01 0.0000e+00
573 3.0000e-03 3.0500e-05 2.1965e-04 4.4893e-04 1.3764e-04 1.7352e-01 8.2003e-05
574 1.0000e-03 5.8900e-05 1.6549e-04 4.7625e-04 1.3899e-04 1.7318e-01 2.6501e-05
575 2.5000e-03 8.3300e-05 2.0719e-04 7.2500e-04 1.4046e-04 1.7260e-01 6.6726e-05
576 3.5000e-03 1.0200e-04 2.4347e-04 1.0473e-03 1.4305e-04 1.7169e-01 1.0042e-04
577 1.5000e-03 1.1290e-04 1.8604e-04 1.0500e-03 1.4715e-04 1.7079e-01 3.8895e-05
578 0.0000e+00 1.1780e-04 1.5136e-04 8.8641e-04 1.5136e-04 1.7006e-01 0.0000e+00
579 0.0000e+00 1.1290e-04 1.5488e-04 7.6830e-04 1.5488e-04 1.6944e-01 0.0000e+00
580 0.0000e+00 1.0200e-04 1.5788e-04 6.6952e-04 1.5788e-04 1.6893e-01 0.0000e+00
581 0.0000e+00 8.3300e-05 1.6042e-04 5.8577e-04 1.6042e-04 1.6850e-01 0.0000e+00
582 0.0000e+00 5.8900e-05 1.6257e-04 5.1409e-04 1.6257e-04 1.6815e-01 0.0000e+00
583 0.0000e+00 2.8500e-05 1.6436e-04 4.5230e-04 1.6436e-04 1.6787e-01 0.0000e+00
584 0.0000e+00 0.0000e+00 1.6585e-04 3.9876e-04 1.6585e-04 1.6763e-01 0.0000e+00
585 0.0000e+00 0.0000e+00 1.6706e-04 3.5219e-04 1.6706e-04 1.6745e-01 0.0000e+00
586 0.0000e+00 0.0000e+00 1.6803e-04 3.1155e-04 1.6803e-04 1.6730e-01 0.0000e+00
587 0.0000e+00 0.0000e+00 1.6878e-04 2.7600e-04 1.6878e-04 1.6720e-01 0.0000e+00
588 0.0000e+00 0.0000e+00 1.6935e-04 2.4483e-04 1.6935e-04 1.6712e-01 0.0000e+00
589 5.0000e-04 0.0000e+00 1.6975e-04 2.1745e-04 1.6975e-04 1.6707e-01 0.0000e+00
590 0.0000e+00 0.0000e+00 1.7000e-04 1.9335e-04 1.7000e-04 1.6705e-01 0.0000e+00
591 0.0000e+00 0.0000e+00 1.7013e-04 1.7211e-04 1.7013e-04 1.6705e-01 0.0000e+00
592 5.0000e-04 0.0000e+00 1.8313e-04 2.0607e-04 1.7014e-04 1.6701e-01 1.2992e-05
593 0.0000e+00 0.0000e+00 1.7033e-04 1.7728e-04 1.7033e-04 1.6701e-01 0.0000e+00
594 1.0000e-03 0.0000e+00 2.0395e-04 2.9253e-04 1.7037e-04 1.6688e-01 3.3580e-05
595 0.0000e+00 0.0000e+00 1.7102e-04 2.4307e-04 1.7102e-04 1.6681e-01 0.0000e+00
596 0.0000e+00 0.0000e+00 1.7140e-04 2.1109e-04 1.7140e-04 1.6677e-01 0.0000e+00
597 0.0000e+00 6.2600e-05 1.7162e-04 1.8473e-04 1.7162e-04 1.6676e-01 0.0000e+00
598 0.0000e+00 1.2080e-04 1.7169e-04 1.6247e-04 1.7169e-04 1.6677e-01 0.0000e+00
599 0.0000e+00 1.7090e-04 1.7164e-04 1.4339e-04 1.7164e-04 1.6680e-01 0.0000e+00
600 0.0000e+00 2.0930e-04 1.7149e-04 1.2688e-04 1.7149e-04 1.6684e-01 0.0000e+00
601 0.0000e+00 2.3150e-04 1.7125e-04 1.1252e-04 1.7125e-04 1.6690e-01 0.0000e+00
602 0.0000e+00 2.4180e-04 1.7093e-04 9.9962e-05 1.7093e-04 1.6697e-01 0.0000e+00
603 0.0000e+00 2.3150e-04 1.7055e-04 8.8946e-05 1.7055e-04 1.6705e-01 0.0000e+00
604 0.0000e+00 2.0930e-04 1.7012e-04 7.9255e-05 1.7012e-04 1.6714e-01 0.0000e+00
605 0.0000e+00 1.7090e-04 1.6964e-04 7.0709e-05 1.6964e-04 1.6724e-01 0.0000e+00
606 0.0000e+00 1.2080e-04 1.6911e-04 6.3158e-05 1.6911e-04 1.6735e-01 0.0000e+00
607 0.0000e+00 5.8500e-05 1.6855e-04 5.6473e-05 1.6855e-04 1.6746e-01 0.0000e+00
608 0.0000e+00 0.0000e+00 1.6797e-04 5.0545e-05 1.6797e-04 1.6758e-01 0.0000e+00
609 0.0000e+00 0.0000e+00 1.6735e-04 4.5281e-05 1.6735e-04 1.6770e-01 0.0000e+00
610 0.0000e+00 0.0000e+00 1.6671e-04 4.0601e-05 1.6671e-04 1.6782e-01 0.0000e+00
611 0.0000e+00 0.0000e+00 1.6606e-04 3.6434e-05 1.6606e-04 1.6795e-01 0.0000e+00
612 0.0000e+00 0.0000e+00 1.6539e-04 3.2719e-05 1.6539e-04 1.6809e-01 0.0000e+00
613 0.0000e+00 0.0000e+00 1.6470e-04 2.9405e-05 1.6470e-04 1.6822e-01 0.0000e+00
614 0.0000e+00 0.0000e+00 1.6401e-04 2.6445e-05 1.6401e-04 1.6836e-01 0.0000e+00
615 0.0000e+00 0.0000e+00 1.6330e-04 2.3799e-05 1.6330e-04 1.6850e-01 0.0000e+00
616 0.0000e+00 0.0000e+00 1.6259e-04 2.1431e-05 1.6259e-04 1.6864e-01 0.0000e+00
617 0.0000e+00 0.0000e+00 1.6188e-04 1.9310e-05 1.6188e-04 1.6878e-01 0.0000e+00
618 0.0000e+00 0.0000e+00 1.6116e-04 1.7409e-05 1.6116e-04 1.6893e-01 0.0000e+00
619 0.0000e+00 0.0000e+00 1.6044e-04 1.5705e-05 1.6044e-04 1.6907e-01 0.0000e+00
620 0.0000e+00 0.0000e+00 1.5971e-04 1.4174e-05 1.5971e-04 1.6922e-01 0.0000e+00
621 0.0000e+00 1.4200e-05 1.5899e-04 1.2800e-05 1.5899e-04 1.6936e-01 0.0000e+00
622 0.0000e+00 2.7500e-05 1.5826e-04 1.1564e-05 1.5826e-04 1.6951e-01 0.0000e+00
623 0.0000e+00 3.8900e-05 1.5754e-04 1.0453e-05 1.5754e-04 1.6966e-01 0.0000e+00
624 1.0000e-03 4.7600e-05 1.5682e-04 9.4527e-06 1.5682e-04 1.6980e-01 0.0000e+00
625 1.0000e-03 5.2700e-05 1.5869e-04 1.8852e-05 1.5610e-04 1.6994e-01 2.5962e-06
626 3.0000e-03 5.5000e-05 2.5440e-04 4.0790e-04 1.5543e-04 1.6969e-01 9.8972e-05
627 2.0000e-03 5.2700e-05 2.2197e-04 5.7735e-04 1.5666e-04 1.6927e-01 6.5314e-05
628 1.5000e-03 4.7600e-05 2.0733e-04 6.6537e-04 1.5873e-04 1.6876e-01 4.8601e-05
629 3.5000e-03 3.8900e-05 2.7720e-04 1.0176e-03 1.6126e-04 1.6791e-01 1.1593e-04
630 4.0000e-03 2.7500e-05 2.9865e-04 1.3733e-03 1.6564e-04 1.6670e-01 1.3302e-04
631 5.0000e-03 1.3300e-05 3.3899e-04 1.8173e-03 1.7201e-04 1.6505e-01 1.6698e-04
632 0.0000e+00 0.0000e+00 1.8108e-04 1.5105e-03 1.8108e-04 1.6372e-01 0.0000e+00
633 0.0000e+00 0.0000e+00 1.8877e-04 1.2996e-03 1.8877e-04 1.6261e-01 0.0000e+00
634 1.0000e-03 0.0000e+00 2.2857e-04 1.2656e-03 1.9543e-04 1.6154e-01 3.3134e-05
635 2.5000e-03 0.0000e+00 2.8603e-04 1.4444e-03 2.0208e-04 1.6030e-01 8.3951e-05
636 3.5000e-03 0.0000e+00 3.2761e-04 1.7251e-03 2.1008e-04 1.5879e-01 1.1753e-04
637 3.0000e-03 0.0000e+00 3.2101e-04 1.8815e-03 2.2026e-04 1.5712e-01 1.0074e-04
638 0.0000e+00 0.0000e+00 2.3200e-04 1.5764e-03 2.3200e-04 1.5578e-01 0.0000e+00
639 5.0000e-04 0.0000e+00 2.5875e-04 1.4356e-03 2.4196e-04 1.5459e-01 1.6790e-05
640 0.0000e+00 0.0000e+00 2.5115e-04 1.2360e-03 2.5115e-04 1.5360e-01 0.0000e+00
641 5.0000e-04 0.0000e+00 2.7579e-04 1.1519e-03 2.5900e-04 1.5271e-01 1.6790e-05
642 0.0000e+00 0.0000e+00 2.6633e-04 9.9213e-04 2.6633e-04 1.5198e-01 0.0000e+00
643 5.0000e-04 0.0000e+00 2.9370e-04 9.3864e-04 2.7244e-04 1.5132e-01 2.1258e-05
644 0.0000e+00 0.0000e+00 2.7817e-04 8.1119e-04 2.7817e-04 1.5078e-01 0.0000e+00
645 0.0000e+00 1.6900e-05 2.8284e-04 7.0765e-04 2.8284e-04 1.5036e-01 0.0000e+00
646 0.0000e+00 3.2600e-05 2.8662e-04 6.1881e-04 2.8662e-04 1.5003e-01 0.0000e+00
647 0.0000e+00 4.6100e-05 2.8961e-04 5.4218e-04 2.8961e-04 1.4977e-01 0.0000e+00
648 0.0000e+00 5.6400e-05 2.9191e-04 4.7583e-04 2.9191e-04 1.4959e-01 0.0000e+00
649 0.0000e+00 6.2400e-05 2.9359e-04 4.1822e-04 2.9359e-04 1.4947e-01 0.0000e+00
650 0.0000e+00 6.5200e-05 2.9474e-04 3.6809e-04 2.9474e-04 1.4939e-01 0.0000e+00
651 0.0000e+00 6.2400e-05 2.9541e-04 3.2438e-04 2.9541e-04 1.4936e-01 0.0000e+00
652 0.0000e+00 5.6400e-05 2.9568e-04 2.8621e-04 2.9568e-04 1.4937e-01 0.0000e+00
653 0.0000e+00 4.6100e-05 2.9559e-04 2.5282e-04 2.9559e-04 1.4941e-01 0.0000e+00
654 0.0000e+00 3.2600e-05 2.9520e-04 2.2358e-04 2.9520e-04 1.4949e-01 0.0000e+00
655 0.0000e+00 1.5800e-05 2.9454e-04 1.9792e-04 2.9454e-04 1.4958e-01 0.0000e+00
656 0.0000e+00 0.0000e+00 2.9365e-04 1.7539e-04 2.9365e-04 1.4970e-01 0.0000e+00
657 0.0000e+00 0.0000e+00 2.9257e-04 1.5557e-04 2.9257e-04 1.4984e-01 0.0000e+00
658 0.0000e+00 0.0000e+00 2.9132e-04 1.3812e-04 2.9132e-04 1.4999e-01 0.0000e+00
659 0.0000e+00 0.0000e+00 2.8993e-04 1.2275e-04 2.8993e-04 1.5016e-01 0.0000e+00
660 0.0000e+00 0.0000e+00 2.8841e-04 1.0917e-04 2.8841e-04 1.5034e-01 0.0000e+00
661 0.0000e+00 0.0000e+00 2.8680e-04 9.7186e-05 2.8680e-04 1.5053e-01 0.0000e+00
662 0.0000e+00 0.0000e+00 2.8511e-04 8.6585e-05 2.8511e-04 1.5073e-01 0.0000e+00
663 0.0000e+00 0.0000e+00 2.8335e-04 7.7200e-05 2.8335e-04 1.5093e-01 0.0000e+00
664 0.0000e+00 0.0000e+00 2.8153e-04 6.8886e-05 2.8153e-04 1.5114e-01 0.0000e+00
665 0.0000e+00 0.0000e+00 2.7966e-04 6.1513e-05 2.7966e-04 1.5136e-01 0.0000e+00
666 5.0000e-04 0.0000e+00 2.7816e-04 5.6347e-05 2.7776e-04 1.5158e-01 3.9416e-07
667 0.0000e+00 0.0000e+00 2.7585e-04 5.0181e-05 2.7585e-04 1.5181e-01 0.0000e+00
668 5.0000e-04 0.0000e+00 2.9517e-04 1.1894e-04 2.7391e-04 1.5197e-01 2.1258e-05
669 5.0000e-04 1.5300e-05 2.9384e-04 1.6941e-04 2.7259e-04 1.5207e-01 2.1258e-05
670 0.0000e+00 2.9500e-05 2.7171e-04 1.3707e-04 2.7171e-04 1.5220e-01 0.0000e+00
671 1.0000e-03 4.1700e-05 3.1118e-04 2.5778e-04 2.7057e-04 1.5222e-01 4.0613e-05
672 0.0000e+00 5.1100e-05 2.7046e-04 2.0597e-04 2.7046e-04 1.5228e-01 0.0000e+00
673 0.0000e+00 5.6500e-05 2.6991e-04 1.7467e-04 2.6991e-04 1.5238e-01 0.0000e+00
674 0.0000e+00 5.9000e-05 2.6911e-04 1.4964e-04 2.6911e-04 1.5249e-01 0.0000e+00
675 5.0000e-04 5.6500e-05 2.7981e-04 1.7280e-04 2.6811e-04 1.5259e-01 1.1703e-05
676 5.0000e-04 5.1100e-05 2.8453e-04 2.1102e-04 2.6731e-04 1.5265e-01 1.7221e-05
677 0.0000e+00 4.1700e-05 2.6684e-04 1.7324e-04 2.6684e-04 1.5274e-01 0.0000e+00
678 0.0000e+00 2.9500e-05 2.6606e-04 1.4850e-04 2.6606e-04 1.5286e-01 0.0000e+00
679 1.0000e-03 1.4300e-05 2.9818e-04 2.6111e-04 2.6509e-04 1.5286e-01 3.3097e-05
680 1.0000e-03 0.0000e+00 3.0270e-04 3.5681e-04 2.6505e-04 1.5277e-01 3.7646e-05
681 0.0000e+00 0.0000e+00 2.6582e-04 2.8631e-04 2.6582e-04 1.5275e-01 0.0000e+00
682 0.0000e+00 0.0000e+00 2.6599e-04 2.4336e-04 2.6599e-04 1.5277e-01 0.0000e+00
683 0.0000e+00 0.0000e+00 2.6580e-04 2.0871e-04 2.6580e-04 1.5283e-01 0.0000e+00
684 0.0000e+00 0.0000e+00 2.6532e-04 1.8015e-04 2.6532e-04 1.5291e-01 0.0000e+00
685 0.0000e+00 0.0000e+00 2.6462e-04 1.5626e-04 2.6462e-04 1.5302e-01 0.0000e+00
686 0.0000e+00 0.0000e+00 2.6372e-04 1.3606e-04 2.6372e-04 1.5315e-01 0.0000e+00
687 0.0000e+00 0.0000e+00 2.6267e-04 1.1884e-04 2.6267e-04 1.5329e-01 0.0000e+00
688 0.0000e+00 0.0000e+00 2.6150e-04 1.0408e-04 2.6150e-04 1.5345e-01 0.0000e+00
689 0.0000e+00 0.0000e+00 2.6021e-04 9.1363e-05 2.6021e-04 1.5362e-01 0.0000e+00
690 0.0000e+00 0.0000e+00 2.5884e-04 8.0368e-05 2.5884e-04 1.5380e-01 0.0000e+00
691 0.0000e+00 0.0000e+00 2.5740e-04 7.0827e-05 2.5740e-04 1.5399e-01 0.0000e+00
692 0.0000e+00 0.0000e+00 2.5591e-04 6.2525e-05 2.5591e-04 1.5418e-01 0.0000e+00
693 0.0000e+00 5.6100e-05 2.5437e-04 5.5281e-05 2.5437e-04 1.5438e-01 0.0000e+00
694 0.0000e+00 1.0830e-04 2.5279e-04 4.8947e-05 2.5279e-04 1.5458e-01 0.0000e+00
695 0.0000e+00 1.5320e-04 2.5118e-04 4.3396e-05 2.5118e-04 1.5479e-01 0.0000e+00
696 0.0000e+00 1.8770e-04 2.4956e-04 3.8522e-05 2.4956e-04 1.5500e-01 0.0000e+00
697 0.0000e+00 2.0760e-04 2.4792e-04 3.4236e-05 2.4792e-04 1.5521e-01 0.0000e+00
698 0.0000e+00 2.1680e-04 2.4627e-04 3.0459e-05 2.4627e-04 1.5543e-01 0.0000e+00
699 0.0000e+00 2.0760e-04 2.4461e-04 2.7128e-05 2.4461e-04 1.5565e-01 0.0000e+00
700 5.0000e-04 1.8770e-04 2.4295e-04 2.4184e-05 2.4295e-04 1.5587e-01 0.0000e+00
701 0.0000e+00 1.5320e-04 2.4130e-04 2.1579e-05 2.4130e-04 1.5609e-01 0.0000e+00
702 0.0000e+00 1.0830e-04 2.3965e-04 1.9272e-05 2.3965e-04 1.5631e-01 0.0000e+00
703 0.0000e+00 5.2400e-05 2.3800e-04 1.7226e-05 2.3800e-04 1.5653e-01 0.0000e+00
704 0.0000e+00 0.0000e+00 2.3637e-04 1.5410e-05 2.3637e-04 1.5675e-01 0.0000e+00
705 0.0000e+00 0.0000e+00 2.3474e-04 1.3795e-05 2.3474e-04 1.5697e-01 0.0000e+00
706 0.0000e+00 0.0000e+00 2.3313e-04 1.2359e-05 2.3313e-04 1.5719e-01 0.0000e+00
707 0.0000e+00 0.0000e+00 2.3152e-04 1.1080e-05 2.3152e-04 1.5741e-01 0.0000e+00
708 0.0000e+00 0.0000e+00 2.2993e-04 9.9404e-06 2.2993e-04 1.5763e-01 0.0000e+00
709 0.0000e+00 0.0000e+00 2.2836e-04 8.9236e-06 2.2836e-04 1.5785e-01 0.0000e+00
710 0.0000e+00 0.0000e+00 2.2680e-04 8.0157e-06 2.2680e-04 1.5807e-01 0.0000e+00
711 0.0000e+00 0.0000e+00 2.2525e-04 7.2046e-06 2.2525e-04 1.5829e-01 0.0000e+00
712 0.0000e+00 0.0000e+00 2.2372e-04 6.4785e-06 2.2372e-04 1.5850e-01 0.0000e+00
713 0.0000e+00 0.0000e+00 2.2221e-04 5.8296e-06 2.2221e-04 1.5872e-01 0.0000e+00
714 0.0000e+00 0.0000e+00 2.2071e-04 5.2486e-06 2.2071e-04 1.5894e-01 0.0000e+00
715 0.0000e+00 0.0000e+00 2.1923e-04 4.7279e-06 2.1923e-04 1.5915e-01 0.0000e+00
716 0.0000e+00 0.0000e+00 2.1777e-04 4.2610e-06 2.1777e-04 1.5936e-01 0.0000e+00
717 0.0000e+00 8.5600e-05 2.1632e-04 3.8421e-06 2.1632e-04 1.5958e-01 0.0000e+00
718 0.0000e+00 1.6520e-04 2.1489e-04 3.4660e-06 2.1489e-04 1.5979e-01 0.0000e+00
719 0.0000e+00 2.3380e-04 2.1347e-04 3.1282e-06 2.1347e-04 1.6000e-01 0.0000e+00
720 0.0000e+00 2.8620e-04 2.1207e-04 2.8246e-06 2.1207e-04 1.6021e-01 0.0000e+00
721 0.0000e+00 3.1670e-04 2.1069e-04 2.5515e-06 2.1069e-04 1.6042e-01 0.0000e+00
722 0.0000e+00 3.3060e-04 2.0932e-04 2.3049e-06 2.0932e-04 1.6062e-01 0.0000e+00
723 0.0000e+00 3.1670e-04 2.0797e-04 2.0839e-06 2.0797e-04 1.6083e-01 0.0000e+00
724 0.0000e+00 2.8620e-04 2.0664e-04 1.8849e-06 2.0664e-04 1.6103e-01 0.0000e+00
725 0.0000e+00 2.3380e-04 2.0532e-04 1.7055e-06 2.0532e-04 1.6124e-01 0.0000e+00
726 0.0000e+00 1.6520e-04 2.0402e-04 1.5437e-06 2.0402e-04 1.6144e-01 0.0000e+00
727 0.0000e+00 8.0000e-05 2.0273e-04 1.3979e-06 2.0273e-04 1.6164e-01 0.0000e+00
728 0.0000e+00 0.0000e+00 2.0146e-04 1.2662e-06 2.0146e-04 1.6184e-01 0.0000e+00
729 0.0000e+00 0.0000e+00 2.0021e-04 1.1474e-06 2.0021e-04 1.6204e-01 0.0000e+00
730 0.0000e+00 0.0000e+00 1.9896e-04 1.0400e-06 1.9896e-04 1.6224e-01 0.0000e+00
731 0.0000e+00 0.0000e+00 1.9774e-04 9.4307e-07 1.9774e-04 1.6243e-01 0.0000e+00
732 0.0000e+00 0.0000e+00 1.9652e-04 8.5437e-07 1.9652e-04 1.6263e-01 0.0000e+00
733 0.0000e+00 0.0000e+00 1.9533e-04 7.7529e-07 1.9533e-04 1.6282e-01 0.0000e+00
734 0.0000e+00 0.0000e+00 1.9414e-04 7.0374e-07 1.9414e-04 1.6302e-01 0.0000e+00
735 0.0000e+00 0.0000e+00 1.9297e-04 6.3899e-07 1.9297e-04 1.6321e-01 0.0000e+00
736 0.0000e+00 0.0000e+00 1.9182e-04 5.8036e-07 1.9182e-04 1.6340e-01 0.0000e+00
737 0.0000e+00 0.0000e+00 1.9067e-04 5.2726e-07 1.9067e-04 1.6359e-01 0.0000e+00
738 0.0000e+00 0.0000e+00 1.8954e-04 4.7916e-07 1.8954e-04 1.6378e-01 0.0000e+00
739 0.0000e+00 0.0000e+00 1.8843e-04 4.3557e-07 1.8843e-04 1.6397e-01 0.0000e+00
740 0.0000e+00 0.0000e+00 1.8732e-04 3.9605e-07 1.8732e-04 1.6416e-01 0.0000e+00
741 0.0000e+00 7.4700e-05 1.8623e-04 3.6021e-07 1.8623e-04 1.6434e-01 0.0000e+00
742 0.0000e+00 1.4410e-04 1.8515e-04 3.2651e-07 1.8515e-04 1.6453e-01 0.0000e+00
743 0.0000e+00 2.0380e-04 1.8409e-04 2.9719e-07 1.8409e-04 1.6471e-01 0.0000e+00
744 0.0000e+00 2.4960e-04 1.8303e-04 2.7056e-07 1.8303e-04 1.6489e-01 0.0000e+00
745 0.0000e+00 2.7610e-04 1.8199e-04 2.4638e-07 1.8199e-04 1.6507e-01 0.0000e+00
746 0.0000e+00 2.8830e-04 1.8096e-04 2.2441e-07 1.8096e-04 1.6526e-01 0.0000e+00
747 0.0000e+00 2.7610e-04 1.7994e-04 2.0444e-07 1.7994e-04 1.6544e-01 0.0000e+00
748 0.0000e+00 2.4960e-04 1.7893e-04 1.8630e-07 1.7893e-04 1.6561e-01 0.0000e+00
749 0.0000e+00 2.0380e-04 1.7794e-04 1.6980e-07 1.7794e-04 1.6579e-01 0.0000e+00
750 0.0000e+00 1.4410e-04 1.7695e-04 1.5480e-07 1.7695e-04 1.6597e-01 0.0000e+00
751 0.0000e+00 6.9800e-05 1.7598e-04 1.4115e-07 1.7598e-04 1.6614e-01 0.0000e+00
752 0.0000e+00 0.0000e+00 1.7501e-04 1.2744e-07 1.7501e-04 1.6632e-01 0.0000e+00
753 0.0000e+00 0.0000e+00 1.7406e-04 1.1631e-07 1.7406e-04 1.6649e-01 0.0000e+00
754 0.0000e+00 0.0000e+00 1.7311e-04 1.0617e-07 1.7311e-04 1.6667e-01 0.0000e+00
755 0.0000e+00 0.0000e+00 1.7218e-04 9.6928e-08 1.7218e-04 1.6684e-01 0.0000e+00
756 0.0000e+00 0.0000e+00 1.7126e-04 8.8509e-08 1.7126e-04 1.6701e-01 0.0000e+00
757 0.0000e+00 0.0000e+00 1.7034e-04 8.0836e-08 1.7034e-04 1.6718e-01 0.0000e+00
758 0.0000e+00 0.0000e+00 1.6944e-04 7.3842e-08 1.6944e-04 1.6735e-01 0.0000e+00
759 0.0000e+00 0.0000e+00 1.6855e-04 6.7465e-08 1.6855e-04 1.6752e-01 0.0000e+00
760 0.0000e+00 0.0000e+00 1.6766e-04 6.1649e-08 1.6766e-04 1.6769e-01 0.0000e+00
761 0.0000e+00 0.0000e+00 1.6678e-04 5.6345e-08 1.6678e-04 1.6785e-01 0.0000e+00
762 0.0000e+00 0.0000e+00 1.6592e-04 5.0171e-08 1.6592e-04 1.6802e-01 0.0000e+00
763 0.0000e+00 0.0000e+00 1.6506e-04 4.5906e-08 1.6506e-04 1.6818e-01 0.0000e+00
764 0.0000e+00 0.0000e+00 1.6421e-04 4.2010e-08 1.6421e-04 1.6835e-01 0.0000e+00
765 0.0000e+00 9.6700e-05 1.6337e-04 3.8450e-08 1.6337e-04 1.6851e-01 0.0000e+00
766 0.0000e+00 1.8660e-04 1.6254e-04 3.5197e-08 1.6254e-04 1.6867e-01 0.0000e+00
767 0.0000e+00 2.6400e-04 1.6172e-04 3.2224e-08 1.6172e-04 1.6883e-01 0.0000e+00
768 0.0000e+00 3.2330e-04 1.6090e-04 2.9506e-08 1.6090e-04 1.6900e-01 0.0000e+00
769 0.0000e+00 3.5770e-04 1.6009e-04 2.7021e-08 1.6009e-04 1.6916e-01 0.0000e+00
770 0.0000e+00 3.7350e-04 1.5929e-04 2.4749e-08 1.5929e-04 1.6931e-01 0.0000e+00
771 0.0000e+00 3.5770e-04 1.5850e-04 2.2671e-08 1.5850e-04 1.6947e-01 0.0000e+00
772 0.0000e+00 3.2330e-04 1.5772e-04 2.0770e-08 1.5772e-04 1.6963e-01 0.0000e+00
773 0.0000e+00 2.6400e-04 1.5695e-04 1.7857e-08 1.5695e-04 1.6979e-01 0.0000e+00
774 0.0000e+00 1.8660e-04 1.5618e-04 1.6385e-08 1.5618e-04 1.6994e-01 0.0000e+00
775 0.0000e+00 9.0400e-05 1.5542e-04 1.5036e-08 1.5542e-04 1.7010e-01 0.0000e+00
776 0.0000e+00 0.0000e+00 1.5466e-04 1.3800e-08 1.5466e-04 1.7025e-01 0.0000e+00
777 0.0000e+00 0.0000e+00 1.5392e-04 1.2667e-08 1.5392e-04 1.7041e-01 0.0000e+00
778 0.0000e+00 0.0000e+00 1.5318e-04 1.1628e-08 1.5318e-04 1.7056e-01 0.0000e+00
779 0.0000e+00 0.0000e+00 1.5245e-04 1.0676e-08 1.5245e-04 1.7071e-01 0.0000e+00
780 0.0000e+00 0.0000e+00 1.5172e-04 9.8022e-09 1.5172e-04 1.7087e-01 0.0000e+00
781 0.0000e+00 0.0000e+00 1.5101e-04 9.0012e-09 1.5101e-04 1.7102e-01 0.0000e+00
782 0.0000e+00 0.0000e+00 1.5030e-04 8.2664e-09 1.5030e-04 1.7117e-01 0.0000e+00
783 0.0000e+00 0.0000e+00 1.4959e-04 6.5089e-09 1.4959e-04 1.7132e-01 0.0000e+00
784 0.0000e+00 0.0000e+00 1.4889e-04 5.9908e-09 1.4889e-04 1.7146e-01 0.0000e+00
785 0.0000e+00 0.0000e+00 1.4820e-04 5.5143e-09 1.4820e-04 1.7161e-01 0.0000e+00
786 0.0000e+00 0.0000e+00 1.4752e-04 5.0761e-09 1.4752e-04 1.7176e-01 0.0000e+00
787 0.0000e+00 0.0000e+00 1.4684e-04 4.6731e-09 1.4684e-04 1.7191e-01 0.0000e+00
788 0.0000e+00 0.0000e+00 1.4617e-04 4.3024e-09 1.4617e-04 1.7205e-01 0.0000e+00
789 0.0000e+00 1.2590e-04 1.4550e-04 3.9615e-09 1.4550e-04 1.7220e-01 0.0000e+00
790 0.0000e+00 2.4290e-04 1.4484e-04 3.6478e-09 1.4484e-04 1.7234e-01 0.0000e+00
791 0.0000e+00 3.4370e-04 1.4419e-04 3.3593e-09 1.4419e-04 1.7249e-01 0.0000e+00
792 0.0000e+00 4.2090e-04 1.4354e-04 3.0938e-09 1.4354e-04 1.7263e-01 0.0000e+00
793 0.0000e+00 4.6560e-04 1.4290e-04 2.8495e-09 1.4290e-04 1.7277e-01 0.0000e+00
794 0.0000e+00 4.8620e-04 1.4226e-04 1.8231e-09 1.4226e-04 1.7292e-01 0.0000e+00
795 0.0000e+00 4.6560e-04 1.4163e-04 1.6841e-09 1.4163e-04 1.7306e-01 0.0000e+00
796 0.0000e+00 4.2090e-04 1.4100e-04 1.5558e-09 1.4100e-04 1.7320e-01 0.0000e+00
797 0.0000e+00 3.4370e-04 1.4038e-04 1.4373e-09 1.4038e-04 1.7334e-01 0.0000e+00
798 0.0000e+00 2.4290e-04 1.3977e-04 1.3280e-09 1.3977e-04 1.7348e-01 0.0000e+00
799 0.0000e+00 1.1760e-04 1.3916e-04 1.2270e-09 1.3916e-04 1.7362e-01 0.0000e+00
800 0.0000e+00 0.0000e+00 1.3856e-04 1.1338e-09 1.3856e-04 1.7376e-01 0.0000e+00
801 0.0000e+00 0.0000e+00 1.3796e-04 1.0477e-09 1.3796e-04 1.7390e-01 0.0000e+00
802 0.0000e+00 0.0000e+00 1.3736e-04 9.6825e-10 1.3736e-04 1.7403e-01 0.0000e+00
803 0.0000e+00 0.0000e+00 1.3678e-04 8.9485e-10 1.3678e-04 1.7417e-01 0.0000e+00
804 0.0000e+00 0.0000e+00 1.3619e-04 3.6082e-10 1.3619e-04 1.7431e-01 0.0000e+00
805 0.0000e+00 0.0000e+00 1.3561e-04 3.3469e-10 1.3561e-04 1.7444e-01 0.0000e+00
806 0.0000e+00 0.0000e+00 1.3504e-04 3.1046e-10 1.3504e-04 1.7458e-01 0.0000e+00
807 0.0000e+00 0.0000e+00 1.3447e-04 2.8801e-10 1.3447e-04 1.7471e-01 0.0000e+00
808 0.0000e+00 0.0000e+00 1.3391e-04 2.6718e-10 1.3391e-04 1.7484e-01 0.0000e+00
809 0.0000e+00 0.0000e+00 1.3335e-04 2.4788e-10 1.3335e-04 1.7498e-01 0.0000e+00
810 0.0000e+00 0.0000e+00 1.3279e-04 2.2997e-10 1.3279e-04 1.7511e-01 0.0000e+00
811 0.0000e+00 0.0000e+00 1.3224e-04 2.1337e-10 1.3224e-04 1.7524e-01 0.0000e+00
812 0.0000e+00 0.0000e+00 1.3170e-04 1.9798e-10 1.3170e-04 1.7537e-01 0.0000e+00
813 0.0000e+00 3.0400e-05 1.3116e-04 1.8371e-10 1.3116e-04 1.7551e-01 0.0000e+00
814 0.0000e+00 5.8700e-05 1.3062e-04 1.7047e-10 1.3062e-04 1.7564e-01 0.0000e+00
815 0.0000e+00 8.3100e-05 1.3009e-04 2.5359e-11 1.3009e-04 1.7577e-01 0.0000e+00
816 0.0000e+00 1.0180e-04 1.2956e-04 2.3629e-11 1.2956e-04 1.7590e-01 0.0000e+00
817 0.0000e+00 1.1260e-04 1.2904e-04 2.2017e-11 1.2904e-04 1.7603e-01 0.0000e+00
818 0.0000e+00 1.1760e-04 1.2852e-04 2.0516e-11 1.2852e-04 1.7615e-01 0.0000e+00
819 0.0000e+00 1.1260e-04 1.2800e-04 1.9118e-11 1.2800e-04 1.7628e-01 0.0000e+00
820 0.0000e+00 1.0180e-04 1.2749e-04 1.7816e-11 1.2749e-04 1.7641e-01 0.0000e+00
821 0.0000e+00 8.3100e-05 1.2699e-04 1.6603e-11 1.2699e-04 1.7654e-01 0.0000e+00
822 0.0000e+00 5.8700e-05 1.2648e-04 1.5473e-11 1.2648e-04 1.7666e-01 0.0000e+00
823 0.0000e+00 2.8400e-05 1.2598e-04 1.4420e-11 1.2598e-04 1.7679e-01 0.0000e+00
824 0.0000e+00 0.0000e+00 1.2549e-04 1.3440e-11 1.2549e-04 1.7691e-01 0.0000e+00
825 0.0000e+00 0.0000e+00 1.2500e-04 1.2527e-11 1.2500e-04 1.7704e-01 0.0000e+00
826 0.0000e+00 0.0000e+00 1.2451e-04 0.0000e+00 1.2451e-04 1.7716e-01 0.0000e+00
827 0.0000e+00 0.0000e+00 1.2403e-04 0.0000e+00 1.2403e-04 1.7729e-01 0.0000e+00
828 0.0000e+00 0.0000e+00 1.2355e-04 0.0000e+00 1.2355e-04 1.7741e-01 0.0000e+00
829 0.0000e+00 0.0000e+00 1.2307e-04 0.0000e+00 1.2307e-04 1.7753e-01 0.0000e+00
830 0.0000e+00 0.0000e+00 1.2260e-04 0.0000e+00 1.2260e-04 1.7766e-01 0.0000e+00
831 0.0000e+00 0.0000e+00 1.2213e-04 0.0000e+00 1.2213e-04 1.7778e-01 0.0000e+00
832 0.0000e+00 0.0000e+00 1.2166e-04 0.0000e+00 1.2166e-04 1.7790e-01 0.0000e+00
833 0.0000e+00 0.0000e+00 1.2120e-04 0.0000e+00 1.2120e-04 1.7802e-01 0.0000e+00
834 0.0000e+00 0.0000e+00 1.2074e-04 0.0000e+00 1.2074e-04 1.7814e-01 0.0000e+00
835 0.0000e+00 0.0000e+00 1.2029e-04 0.0000e+00 1.2029e-04 1.7826e-01 0.0000e+00
836 0.0000e+00 0.0000e+00 1.1984e-04 0.0000e+00 1.1984e-04 1.7838e-01 0.0000e+00
837 0.0000e+00 6.6100e-05 1.1939e-04 0.0000e+00 1.1939e-04 1.7850e-01 0.0000e+00
838 0.0000e+00 1.2750e-04 1.1895e-04 0.0000e+00 1.1895e-04 1.7862e-01 0.0000e+00
839 0.0000e+00 1.8040e-04 1.1850e-04 0.0000e+00 1.1850e-04 1.7874e-01 0.0000e+00
840 0.0000e+00 2.2090e-04 1.1807e-04 0.0000e+00 1.1807e-04 1.7886e-01 0.0000e+00
841 0.0000e+00 2.4430e-04 1.1763e-04 0.0000e+00 1.1763e-04 1.7898e-01 0.0000e+00
842 0.0000e+00 2.5510e-04 1.1720e-04 0.0000e+00 1.1720e-04 1.7909e-01 0.0000e+00
843 0.0000e+00 2.4430e-04 1.1677e-04 0.0000e+00 1.1677e-04 1.7921e-01 0.0000e+00
844 0.0000e+00 2.2090e-04 1.1635e-04 0.0000e+00 1.1635e-04 1.7933e-01 0.0000e+00
845 0.0000e+00 1.8040e-04 1.1592e-04 0.0000e+00 1.1592e-04 1.7944e-01 0.0000e+00
846 0.0000e+00 1.2750e-04 1.1550e-04 0.0000e+00 1.1550e-04 1.7956e-01 0.0000e+00
847 0.0000e+00 6.1700e-05 1.1509e-04 0.0000e+00 1.1509e-04 1.7967e-01 0.0000e+00
848 0.0000e+00 0.0000e+00 1.1468e-04 0.0000e+00 1.1468e-04 1.7979e-01 0.0000e+00
849 0.0000e+00 0.0000e+00 1.1427e-04 0.0000e+00 1.1427e-04 1.7990e-01 0.0000e+00
850 0.0000e+00 0.0000e+00 1.1386e-04 0.0000e+00 1.1386e-04 1.8001e-01 0.0000e+00
851 0.0000e+00 0.0000e+00 1.1345e-04 0.0000e+00 1.1345e-04 1.8013e-01 0.0000e+00
852 0.0000e+00 0.0000e+00 1.1305e-04 0.0000e+00 1.1305e-04 1.8024e-01 0.0000e+00
853 0.0000e+00 0.0000e+00 1.1265e-04 0.0000e+00 1.1265e-04 1.8035e-01 0.0000e+00
854 0.0000e+00 0.0000e+00 1.1226e-04 0.0000e+00 1.1226e-04 1.8047e-01 0.0000e+00
855 0.0000e+00 0.0000e+00 1.1186e-04 0.0000e+00 1.1186e-04 1.8058e-01 0.0000e+00
856 0.0000e+00 0.0000e+00 1.1147e-04 0.0000e+00 1.1147e-04 1.8069e-01 0.0000e+00
857 0.0000e+00 0.0000e+00 1.1109e-04 0.0000e+00 1.1109e-04 1.8080e-01 0.0000e+00
858 0.0000e+00 0.0000e+00 1.1070e-04 0.0000e+00 1.1070e-04 1.8091e-01 0.0000e+00
859 0.0000e+00 0.0000e+00 1.1032e-04 0.0000e+00 1.1032e-04 1.8102e-01 0.0000e+00
860 0.0000e+00 0.0000e+00 1.0994e-04 0.0000e+00 1.0994e-04 1.8113e-01 0.0000e+00
861 0.0000e+00 9.7600e-05 1.0956e-04 0.0000e+00 1.0956e-04 1.8124e-01 0.0000e+00
862 0.0000e+00 1.8830e-04 1.0919e-04 0.0000e+00 1.0919e-04 1.8135e-01 0.0000e+00
863 0.0000e+00 2.6650e-04 1.0882e-04 0.0000e+00 1.0882e-04 1.8146e-01 0.0000e+00
864 0.0000e+00 3.2630e-04 1.0845e-04 0.0000e+00 1.0845e-04 1.8157e-01 0.0000e+00
865 0.0000e+00 3.6100e-04 1.0808e-04 0.0000e+00 1.0808e-04 1.8168e-01 0.0000e+00
866 0.0000e+00 3.7690e-04 1.0772e-04 0.0000e+00 1.0772e-04 1.8178e-01 0.0000e+00
867 0.0000e+00 3.6100e-04 1.0735e-04 0.0000e+00 1.0735e-04 1.8189e-01 0.0000e+00
868 0.0000e+00 3.2630e-04 1.0699e-04 0.0000e+00 1.0699e-04 1.8200e-01 0.0000e+00
869 0.0000e+00 2.6650e-04 1.0664e-04 0.0000e+00 1.0664e-04 1.8210e-01 0.0000e+00
870 0.0000e+00 1.8830e-04 1.0628e-04 0.0000e+00 1.0628e-04 1.8221e-01 0.0000e+00
871 0.0000e+00 9.1200e-05 1.0593e-04 0.0000e+00 1.0593e-04 1.8232e-01 0.0000e+00
872 0.0000e+00 0.0000e+00 1.0558e-04 0.0000e+00 1.0558e-04 1.8242e-01 0.0000e+00
873 0.0000e+00 0.0000e+00 1.0523e-04 0.0000e+00 1.0523e-04 1.8253e-01 0.0000e+00
874 0.0000e+00 0.0000e+00 1.0489e-04 0.0000e+00 1.0489e-04 1.8263e-01 0.0000e+00
875 0.0000e+00 0.0000e+00 1.0454e-04 0.0000e+00 1.0454e-04 1.8274e-01 0.0000e+00
876 0.0000e+00 0.0000e+00 1.0420e-04 0.0000e+00 1.0420e-04 1.8284e-01 0.0000e+00
877 0.0000e+00 0.0000e+00 1.0386e-04 0.0000e+00 1.0386e-04 1.8295e-01 0.0000e+00
878 0.0000e+00 0.0000e+00 1.0353e-04 0.0000e+00 1.0353e-04 1.8305e-01 0.0000e+00
879 0.0000e+00 0.0000e+00 1.0319e-04 0.0000e+00 1.0319e-04 1.8315e-01 0.0000e+00
880 0.0000e+00 0.0000e+00 1.0286e-04 0.0000e+00 1.0286e-04 1.8325e-01 0.0000e+00
881 0.0000e+00 0.0000e+00 1.0253e-04 0.0000e+00 1.0253e-04 1.8336e-01 0.0000e+00
882 0.0000e+00 0.0000e+00 1.0220e-04 0.0000e+00 1.0220e-04 1.8346e-01 0.0000e+00
883 0.0000e+00 0.0000e+00 1.0188e-04 0.0000e+00 1.0188e-04 1.8356e-01 0.0000e+00
884 0.0000e+00 0.0000e+00 1.0155e-04 0.0000e+00 1.0155e-04 1.8366e-01 0.0000e+00
885 0.0000e+00 6.4300e-05 1.0123e-04 0.0000e+00 1.0123e-04 1.8376e-01 0.0000e+00
886 0.0000e+00 1.2410e-04 1.0091e-04 0.0000e+00 1.0091e-04 1.8386e-01 0.0000e+00
887 0.0000e+00 1.7560e-04 1.0059e-04 0.0000e+00 1.0059e-04 1.8397e-01 0.0000e+00
888 0.0000e+00 2.1500e-04 1.0028e-04 0.0000e+00 1.0028e-04 1.8407e-01 0.0000e+00
889 0.0000e+00 2.3790e-04 9.9963e-05 0.0000e+00 9.9963e-05 1.8417e-01 0.0000e+00
890 0.0000e+00 2.4840e-04 9.9652e-05 0.0000e+00 9.9652e-05 1.8427e-01 0.0000e+00
891 0.0000e+00 2.3790e-04 9.9342e-05 0.0000e+00 9.9342e-05 1.8436e-01 0.0000e+00
892 0.0000e+00 2.1500e-04 9.9034e-05 0.0000e+00 9.9034e-05 1.8446e-01 0.0000e+00
893 0.0000e+00 1.7560e-04 9.8728e-05 0.0000e+00 9.8728e-05 1.8456e-01 0.0000e+00
894 0.0000e+00 1.2410e-04 9.8424e-05 0.0000e+00 9.8424e-05 1.8466e-01 0.0000e+00
895 0.0000e+00 6.0100e-05 9.8121e-05 0.0000e+00 9.8121e-05 1.8476e-01 0.0000e+00
896 0.0000e+00 0.0000e+00 9.7821e-05 0.0000e+00 9.7821e-05 1.8486e-01 0.0000e+00
897 0.0000e+00 0.0000e+00 9.7522e-05 0.0000e+00 9.7522e-05 1.8495e-01 0.0000e+00
898 0.0000e+00 0.0000e+00 9.7226e-05 0.0000e+00 9.7226e-05 1.8505e-01 0.0000e+00
899 0.0000e+00 0.0000e+00 9.6931e-05 0.0000e+00 9.6931e-05 1.8515e-01 0.0000e+00
900 0.0000e+00 0.0000e+00 9.6638e-05 0.0000e+00 9.6638e-05 1.8525e-01 0.0000e+00
901 0.0000e+00 0.0000e+00 9.6346e-05 0.0000e+00 9.6346e-05 1.8534e-01 0.0000e+00
902 0.0000e+00 0.0000e+00 9.6057e-05 0.0000e+00 9.6057e-05 1.8544e-01 0.0000e+00
903 0.0000e+00 0.0000e+00 9.5769e-05 0.0000e+00 9.5769e-05 1.8553e-01 0.0000e+00
904 0.0000e+00 0.0000e+00 9.5482e-05 0.0000e+00 9.5482e-05 1.8563e-01 0.0000e+00
905 0.0000e+00 0.0000e+00 9.5198e-05 0.0000e+00 9.5198e-05 1.8572e-01 0.0000e+00
906 0.0000e+00 0.0000e+00 9.4915e-05 0.0000e+00 9.4915e-05 1.8582e-01 0.0000e+00
907 0.0000e+00 0.0000e+00 9.4634e-05 0.0000e+00 9.4634e-05 1.8591e-01 0.0000e+00
908 0.0000e+00 0.0000e+00 9.4355e-05 0.0000e+00 9.4355e-05 1.8601e-01 0.0000e+00
909 0.0000e+00 8.0200e-05 9.4077e-05 0.0000e+00 9.4077e-05 1.8610e-01 0.0000e+00
910 0.0000e+00 1.5480e-04 9.3801e-05 0.0000e+00 9.3801e-05 1.8620e-01 0.0000e+00
911 0.0000e+00 2.1910e-04 9.3526e-05 0.0000e+00 9.3526e-05 1.8629e-01 0.0000e+00
912 0.0000e+00 2.6830e-04 9.3253e-05 0.0000e+00 9.3253e-05 1.8638e-01 0.0000e+00
913 0.0000e+00 2.9680e-04 9.2982e-05 0.0000e+00 9.2982e-05 1.8648e-01 0.0000e+00
914 0.0000e+00 3.0990e-04 9.2712e-05 0.0000e+00 9.2712e-05 1.8657e-01 0.0000e+00
915 0.0000e+00 2.9680e-04 9.2444e-05 0.0000e+00 9.2444e-05 1.8666e-01 0.0000e+00
916 0.0000e+00 2.6830e-04 9.2177e-05 0.0000e+00 9.2177e-05 1.8675e-01 0.0000e+00
917 0.0000e+00 2.1910e-04 9.1912e-05 0.0000e+00 9.1912e-05 1.8684e-01 0.0000e+00
918 0.0000e+00 1.5480e-04 9.1648e-05 0.0000e+00 9.1648e-05 1.8694e-01 0.0000e+00
919 0.0000e+00 7.5000e-05 9.1386e-05 0.0000e+00 9.1386e-05 1.8703e-01 0.0000e+00
920 0.0000e+00 0.0000e+00 9.1126e-05 0.0000e+00 9.1126e-05 1.8712e-01 0.0000e+00
921 0.0000e+00 0.0000e+00 9.0867e-05 0.0000e+00 9.0867e-05 1.8721e-01 0.0000e+00
922 0.0000e+00 0.0000e+00 9.0609e-05 0.0000e+00 9.0609e-05 1.8730e-01 0.0000e+00
923 0.0000e+00 0.0000e+00 9.0353e-05 0.0000e+00 9.0353e-05 1.8739e-01 0.0000e+00
924 0.0000e+00 0.0000e+00 9.0098e-05 0.0000e+00 9.0098e-05 1.8748e-01 0.0000e+00
925 0.0000e+00 0.0000e+00 8.9845e-05 0.0000e+00 8.9845e-05 1.8757e-01 0.0000e+00
926 0.0000e+00 0.0000e+00 8.9593e-05 0.0000e+00 8.9593e-05 1.8766e-01 0.0000e+00
927 0.0000e+00 0.0000e+00 8.9342e-05 0.0000e+00 8.9342e-05 1.8775e-01 0.0000e+00
928 0.0000e+00 0.0000e+00 8.9093e-05 0.0000e+00 8.9093e-05 1.8784e-01 0.0000e+00
929 0.0000e+00 0.0000e+00 8.8845e-05 0.0000e+00 8.8845e-05 1.8793e-01 0.0000e+00
930 0.0000e+00 0.0000e+00 8.8599e-05 0.0000e+00 8.8599e-05 1.8802e-01 0.0000e+00
931 0.0000e+00 0.0000e+00 8.8354e-05 0.0000e+00 8.8354e-05 1.8810e-01 0.0000e+00
932 0.0000e+00 0.0000e+00 8.8111e-05 0.0000e+00 8.8111e-05 1.8819e-01 0.0000e+00
933 0.0000e+00 9.6000e-05 8.7868e-05 0.0000e+00 8.7868e-05 1.8828e-01 0.0000e+00
934 0.0000e+00 1.8520e-04 8.7627e-05 0.0000e+00 8.7627e-05 1.8837e-01 0.0000e+00
935 0.0000e+00 2.6210e-04 8.7388e-05 0.0000e+00 8.7388e-05 1.8846e-01 0.0000e+00
936 0.0000e+00 3.2090e-04 8.7149e-05 0.0000e+00 8.7149e-05 1.8854e-01 0.0000e+00
937 0.0000e+00 3.5500e-04 8.6912e-05 0.0000e+00 8.6912e-05 1.8863e-01 0.0000e+00
938 0.0000e+00 3.7070e-04 8.6677e-05 0.0000e+00 8.6677e-05 1.8872e-01 0.0000e+00
939 0.0000e+00 3.5500e-04 8.6442e-05 0.0000e+00 8.6442e-05 1.8880e-01 0.0000e+00
940 0.0000e+00 3.2090e-04 8.6209e-05 0.0000e+00 8.6209e-05 1.8889e-01 0.0000e+00
941 0.0000e+00 2.6210e-04 8.5977e-05 0.0000e+00 8.5977e-05 1.8897e-01 0.0000e+00
942 0.0000e+00 1.8520e-04 8.5746e-05 0.0000e+00 8.5746e-05 1.8906e-01 0.0000e+00
943 0.0000e+00 8.9700e-05 8.5517e-05 0.0000e+00 8.5517e-05 1.8915e-01 0.0000e+00
944 0.0000e+00 0.0000e+00 8.5289e-05 0.0000e+00 8.5289e-05 1.8923e-01 0.0000e+00
945 0.0000e+00 0.0000e+00 8.5062e-05 0.0000e+00 8.5062e-05 1.8932e-01 0.0000e+00
946 0.0000e+00 0.0000e+00 8.4836e-05 0.0000e+00 8.4836e-05 1.8940e-01 0.0000e+00
947 0.0000e+00 0.0000e+00 8.4611e-05 0.0000e+00 8.4611e-05 1.8949e-01 0.0000e+00
948 0.0000e+00 0.0000e+00 8.4388e-05 0.0000e+00 8.4388e-05 1.8957e-01 0.0000e+00
949 0.0000e+00 0.0000e+00 8.4166e-05 0.0000e+00 8.4166e-05 1.8965e-01 0.0000e+00
950 0.0000e+00 0.0000e+00 8.3944e-05 0.0000e+00 8.3944e-05 1.8974e-01 0.0000e+00
Objective function values:
F1 1.470057e-06    NSE 0.74729   F2 2.825033e-02
Mean Obs Q 1.590065e-04   Variance Obs Q 6.123405e-09
    Error Variance 1.547428e-09

Water Balance for Subcatchment: Extracted study basin: Taegu Pyungkwang River

   SUMP       SUMAE      SUMQ       SUMRZ      SUMUZ      SBAR        BAL
1.890e-01  4.641e-02  1.293e-01  1.965e-02  0.000e+00  1.897e-01  9.975e-04
