Taegu Pyungkwang River Catchment: Calibration Data

Subcatchment : Extracted study basin: cat-13389

TL =     7.74
SUMAC =     1.00
SZQ =       0.06465
Subcatchment routing data:
Maximum Routing Delay       0.69444
Sum of Histogram ordinates:     1.0000
     1.00000 
Initial BAL             -0.24476
Initial SBAR             0.24276
Initial SR0              0.00200
it      p        ep       q(it)       quz      q       sbar       qof
1 0.0000e+00 6.1900e-05 3.2800e-05 0.0000e+00 3.2800e-05 2.4280e-01 0.0000e+00
2 0.0000e+00 6.4700e-05 3.2766e-05 0.0000e+00 3.2766e-05 2.4283e-01 0.0000e+00
3 1.0000e-03 6.1900e-05 3.2733e-05 0.0000e+00 3.2733e-05 2.4286e-01 0.0000e+00
4 1.0000e-03 5.6000e-05 3.2699e-05 0.0000e+00 3.2699e-05 2.4289e-01 0.0000e+00
5 1.0000e-03 4.5700e-05 4.3626e-05 6.9169e-05 3.2666e-05 2.4286e-01 1.0960e-05
6 5.0000e-04 3.2300e-05 3.9236e-05 9.9797e-05 3.2703e-05 2.4279e-01 6.5323e-06
7 5.0000e-04 1.5600e-05 3.9497e-05 1.2980e-04 3.2772e-05 2.4269e-01 6.7249e-06
8 0.0000e+00 0.0000e+00 3.2871e-05 1.1444e-04 3.2871e-05 2.4261e-01 0.0000e+00
9 5.0000e-04 0.0000e+00 3.9920e-05 1.4709e-04 3.2955e-05 2.4250e-01 6.9651e-06
10 5.0000e-04 0.0000e+00 4.0262e-05 1.7599e-04 3.3073e-05 2.4235e-01 7.1894e-06
11 0.0000e+00 0.0000e+00 3.3221e-05 1.5648e-04 3.3221e-05 2.4223e-01 0.0000e+00
12 0.0000e+00 0.0000e+00 3.3349e-05 1.4144e-04 3.3349e-05 2.4212e-01 0.0000e+00
13 1.0000e-03 0.0000e+00 4.7841e-05 2.1941e-04 3.3462e-05 2.4194e-01 1.4379e-05
14 5.0000e-04 0.0000e+00 4.0847e-05 2.3939e-04 3.3657e-05 2.4173e-01 7.1894e-06
15 5.0000e-04 0.0000e+00 4.1064e-05 2.5954e-04 3.3874e-05 2.4151e-01 7.1894e-06
16 1.0000e-03 0.0000e+00 4.8493e-05 3.2371e-04 3.4114e-05 2.4122e-01 1.4379e-05
17 0.0000e+00 0.0000e+00 3.4424e-05 2.8784e-04 3.4424e-05 2.4096e-01 0.0000e+00
18 0.0000e+00 0.0000e+00 3.4698e-05 2.6044e-04 3.4698e-05 2.4074e-01 0.0000e+00
19 0.0000e+00 0.0000e+00 3.4943e-05 2.3640e-04 3.4943e-05 2.4054e-01 0.0000e+00
20 0.0000e+00 0.0000e+00 3.5164e-05 2.1502e-04 3.5164e-05 2.4036e-01 0.0000e+00
21 0.0000e+00 1.8000e-05 3.5362e-05 1.9587e-04 3.5362e-05 2.4020e-01 0.0000e+00
22 0.0000e+00 3.4800e-05 3.5540e-05 1.7862e-04 3.5540e-05 2.4005e-01 0.0000e+00
23 0.0000e+00 4.9200e-05 3.5699e-05 1.6304e-04 3.5699e-05 2.3992e-01 0.0000e+00
24 3.0000e-03 6.0200e-05 7.7512e-05 4.1632e-04 3.5842e-05 2.3954e-01 4.1671e-05
25 2.0000e-03 6.6600e-05 6.4162e-05 5.4139e-04 3.6270e-05 2.3904e-01 2.7892e-05
26 5.5000e-03 6.9600e-05 1.1497e-04 9.8201e-04 3.6848e-05 2.3809e-01 7.8126e-05
27 6.0000e-03 6.6600e-05 1.2322e-04 1.4115e-03 3.7952e-05 2.3672e-01 8.5272e-05
28 1.0000e-03 6.0200e-05 5.3038e-05 1.3311e-03 3.9617e-05 2.3543e-01 1.3421e-05
29 2.5000e-03 4.9200e-05 7.6330e-05 1.4274e-03 4.1248e-05 2.3404e-01 3.5081e-05
30 0.0000e+00 3.4800e-05 4.3074e-05 1.2787e-03 4.3074e-05 2.3281e-01 0.0000e+00
31 0.0000e+00 1.6800e-05 4.4770e-05 1.1585e-03 4.4770e-05 2.3169e-01 0.0000e+00
32 1.0000e-03 0.0000e+00 5.9286e-05 1.1393e-03 4.6356e-05 2.3060e-01 1.2930e-05
33 5.0000e-04 0.0000e+00 5.5156e-05 1.0784e-03 4.7966e-05 2.2957e-01 7.1894e-06
34 0.0000e+00 0.0000e+00 4.9536e-05 9.7624e-04 4.9536e-05 2.2864e-01 0.0000e+00
35 0.0000e+00 0.0000e+00 5.0991e-05 8.8744e-04 5.0991e-05 2.2781e-01 0.0000e+00
36 0.0000e+00 0.0000e+00 5.2342e-05 8.0746e-04 5.2342e-05 2.2705e-01 0.0000e+00
37 0.0000e+00 0.0000e+00 5.3592e-05 7.3505e-04 5.3592e-05 2.2637e-01 0.0000e+00
38 0.0000e+00 0.0000e+00 5.4745e-05 6.6937e-04 5.4745e-05 2.2576e-01 0.0000e+00
39 0.0000e+00 0.0000e+00 5.5807e-05 6.0973e-04 5.5807e-05 2.2520e-01 0.0000e+00
40 0.0000e+00 0.0000e+00 5.6781e-05 5.5553e-04 5.6781e-05 2.2470e-01 0.0000e+00
41 0.0000e+00 0.0000e+00 5.7673e-05 5.0626e-04 5.7673e-05 2.2425e-01 0.0000e+00
42 0.0000e+00 0.0000e+00 5.8487e-05 4.6145e-04 5.8487e-05 2.2385e-01 0.0000e+00
43 0.0000e+00 0.0000e+00 5.9229e-05 4.2070e-04 5.9229e-05 2.2349e-01 0.0000e+00
44 0.0000e+00 0.0000e+00 5.9901e-05 3.8361e-04 5.9901e-05 2.2317e-01 0.0000e+00
45 0.0000e+00 3.3800e-05 6.0510e-05 3.4987e-04 6.0510e-05 2.2288e-01 0.0000e+00
46 1.0000e-03 6.5200e-05 7.8850e-05 4.1473e-04 6.1060e-05 2.2252e-01 1.7790e-05
47 0.0000e+00 9.2300e-05 6.1739e-05 3.7108e-04 6.1739e-05 2.2221e-01 0.0000e+00
48 5.0000e-04 1.1300e-04 6.8647e-05 3.7073e-04 6.2338e-05 2.2191e-01 6.3085e-06
49 0.0000e+00 1.2500e-04 6.2942e-05 3.3440e-04 6.2942e-05 2.2163e-01 0.0000e+00
50 1.0000e-03 1.3050e-04 7.7514e-05 3.7955e-04 6.3478e-05 2.2132e-01 1.4036e-05
51 2.5000e-03 1.2500e-04 1.0774e-04 5.7589e-04 6.4108e-05 2.2081e-01 4.3628e-05
52 3.0000e-03 1.1300e-04 1.1808e-04 7.9267e-04 6.5142e-05 2.2008e-01 5.2936e-05
53 2.5000e-03 9.2300e-05 1.1059e-04 9.3479e-04 6.6640e-05 2.1921e-01 4.3951e-05
54 3.0000e-03 6.5200e-05 1.2201e-04 1.1184e-03 6.8473e-05 2.1816e-01 5.3538e-05
55 2.5000e-03 3.1600e-05 1.1559e-04 1.2339e-03 7.0756e-05 2.1700e-01 4.4831e-05
56 2.0000e-03 0.0000e+00 1.0962e-04 1.2944e-03 7.3376e-05 2.1578e-01 3.6243e-05
57 1.0000e-03 0.0000e+00 9.4642e-05 1.2533e-03 7.6230e-05 2.1460e-01 1.8413e-05
58 1.0000e-03 0.0000e+00 9.7498e-05 1.2240e-03 7.9086e-05 2.1345e-01 1.8413e-05
59 0.0000e+00 0.0000e+00 8.1967e-05 1.0943e-03 8.1967e-05 2.1244e-01 0.0000e+00
60 5.0000e-04 0.0000e+00 9.3808e-05 1.0383e-03 8.4601e-05 2.1149e-01 9.2063e-06
61 5.0000e-04 0.0000e+00 9.6367e-05 9.8555e-04 8.7161e-05 2.1059e-01 9.2063e-06
62 0.0000e+00 0.0000e+00 8.9642e-05 8.8448e-04 8.9642e-05 2.0979e-01 0.0000e+00
63 0.0000e+00 0.0000e+00 9.1897e-05 7.9766e-04 9.1897e-05 2.0909e-01 0.0000e+00
64 0.0000e+00 0.0000e+00 9.3946e-05 7.2012e-04 9.3946e-05 2.0846e-01 0.0000e+00
65 0.0000e+00 0.0000e+00 9.5803e-05 6.5051e-04 9.5803e-05 2.0791e-01 0.0000e+00
66 0.0000e+00 0.0000e+00 9.7478e-05 5.8791e-04 9.7478e-05 2.0742e-01 0.0000e+00
67 0.0000e+00 0.0000e+00 9.8983e-05 5.3155e-04 9.8983e-05 2.0699e-01 0.0000e+00
68 0.0000e+00 0.0000e+00 1.0033e-04 4.8076e-04 1.0033e-04 2.0660e-01 0.0000e+00
69 0.0000e+00 4.1400e-05 1.0153e-04 4.3497e-04 1.0153e-04 2.0627e-01 0.0000e+00
70 0.0000e+00 7.9800e-05 1.0259e-04 3.9366e-04 1.0259e-04 2.0598e-01 0.0000e+00
71 0.0000e+00 1.1290e-04 1.0353e-04 3.5639e-04 1.0353e-04 2.0573e-01 0.0000e+00
72 0.0000e+00 1.3830e-04 1.0435e-04 3.2274e-04 1.0435e-04 2.0551e-01 0.0000e+00
73 0.0000e+00 1.5300e-04 1.0507e-04 2.9235e-04 1.0507e-04 2.0532e-01 0.0000e+00
74 0.0000e+00 1.5980e-04 1.0568e-04 2.6491e-04 1.0568e-04 2.0516e-01 0.0000e+00
75 0.0000e+00 1.5300e-04 1.0621e-04 2.4011e-04 1.0621e-04 2.0503e-01 0.0000e+00
76 0.0000e+00 1.3830e-04 1.0666e-04 2.1769e-04 1.0666e-04 2.0492e-01 0.0000e+00
77 0.0000e+00 1.1290e-04 1.0703e-04 1.9743e-04 1.0703e-04 2.0483e-01 0.0000e+00
78 0.0000e+00 7.9800e-05 1.0733e-04 1.7910e-04 1.0733e-04 2.0476e-01 0.0000e+00
79 0.0000e+00 3.8700e-05 1.0757e-04 1.6252e-04 1.0757e-04 2.0470e-01 0.0000e+00
80 0.0000e+00 0.0000e+00 1.0776e-04 1.4752e-04 1.0776e-04 2.0466e-01 0.0000e+00
81 0.0000e+00 0.0000e+00 1.0789e-04 1.3394e-04 1.0789e-04 2.0463e-01 0.0000e+00
82 0.0000e+00 0.0000e+00 1.0798e-04 1.2165e-04 1.0798e-04 2.0462e-01 0.0000e+00
83 0.0000e+00 0.0000e+00 1.0802e-04 1.1051e-04 1.0802e-04 2.0462e-01 0.0000e+00
84 0.0000e+00 0.0000e+00 1.0803e-04 1.0042e-04 1.0803e-04 2.0463e-01 0.0000e+00
85 0.0000e+00 0.0000e+00 1.0801e-04 9.1276e-05 1.0801e-04 2.0464e-01 0.0000e+00
86 0.0000e+00 0.0000e+00 1.0795e-04 8.2988e-05 1.0795e-04 2.0467e-01 0.0000e+00
87 0.0000e+00 0.0000e+00 1.0787e-04 7.5472e-05 1.0787e-04 2.0470e-01 0.0000e+00
88 0.0000e+00 0.0000e+00 1.0776e-04 6.8655e-05 1.0776e-04 2.0474e-01 0.0000e+00
89 0.0000e+00 0.0000e+00 1.0763e-04 6.2470e-05 1.0763e-04 2.0478e-01 0.0000e+00
90 0.0000e+00 0.0000e+00 1.0747e-04 5.6857e-05 1.0747e-04 2.0484e-01 0.0000e+00
91 0.0000e+00 0.0000e+00 1.0730e-04 5.1761e-05 1.0730e-04 2.0489e-01 0.0000e+00
92 0.0000e+00 0.0000e+00 1.0712e-04 4.7134e-05 1.0712e-04 2.0495e-01 0.0000e+00
93 0.0000e+00 1.9100e-05 1.0692e-04 4.2930e-05 1.0692e-04 2.0501e-01 0.0000e+00
94 0.0000e+00 3.6800e-05 1.0670e-04 3.9112e-05 1.0670e-04 2.0508e-01 0.0000e+00
95 0.0000e+00 5.2100e-05 1.0648e-04 3.5641e-05 1.0648e-04 2.0515e-01 0.0000e+00
96 0.0000e+00 6.3800e-05 1.0624e-04 3.2486e-05 1.0624e-04 2.0523e-01 0.0000e+00
97 5.0000e-04 7.0600e-05 1.0600e-04 2.9616e-05 1.0600e-04 2.0530e-01 0.0000e+00
98 5.0000e-04 7.3700e-05 1.0575e-04 2.7007e-05 1.0575e-04 2.0538e-01 0.0000e+00
99 0.0000e+00 7.0600e-05 1.0549e-04 2.4633e-05 1.0549e-04 2.0546e-01 0.0000e+00
100 0.0000e+00 6.3800e-05 1.0522e-04 2.2473e-05 1.0522e-04 2.0555e-01 0.0000e+00
101 0.0000e+00 5.2100e-05 1.0495e-04 2.0506e-05 1.0495e-04 2.0563e-01 0.0000e+00
102 0.0000e+00 3.6800e-05 1.0467e-04 1.8716e-05 1.0467e-04 2.0572e-01 0.0000e+00
103 0.0000e+00 1.7800e-05 1.0439e-04 1.7085e-05 1.0439e-04 2.0580e-01 0.0000e+00
104 0.0000e+00 0.0000e+00 1.0411e-04 1.5600e-05 1.0411e-04 2.0589e-01 0.0000e+00
105 0.0000e+00 0.0000e+00 1.0382e-04 1.4247e-05 1.0382e-04 2.0598e-01 0.0000e+00
106 0.0000e+00 0.0000e+00 1.0353e-04 1.3014e-05 1.0353e-04 2.0607e-01 0.0000e+00
107 0.0000e+00 0.0000e+00 1.0324e-04 1.1890e-05 1.0324e-04 2.0616e-01 0.0000e+00
108 0.0000e+00 0.0000e+00 1.0294e-04 1.0865e-05 1.0294e-04 2.0626e-01 0.0000e+00
109 0.0000e+00 0.0000e+00 1.0265e-04 9.9298e-06 1.0265e-04 2.0635e-01 0.0000e+00
110 0.0000e+00 0.0000e+00 1.0235e-04 9.0773e-06 1.0235e-04 2.0644e-01 0.0000e+00
111 5.0000e-04 0.0000e+00 1.0205e-04 8.2995e-06 1.0205e-04 2.0654e-01 0.0000e+00
112 0.0000e+00 0.0000e+00 1.0175e-04 7.5898e-06 1.0175e-04 2.0663e-01 0.0000e+00
113 0.0000e+00 0.0000e+00 1.0145e-04 6.9420e-06 1.0145e-04 2.0672e-01 0.0000e+00
114 0.0000e+00 0.0000e+00 1.0115e-04 6.3506e-06 1.0115e-04 2.0682e-01 0.0000e+00
115 0.0000e+00 0.0000e+00 1.0085e-04 5.8106e-06 1.0085e-04 2.0691e-01 0.0000e+00
116 0.0000e+00 0.0000e+00 1.0056e-04 5.3175e-06 1.0056e-04 2.0701e-01 0.0000e+00
117 0.0000e+00 1.0200e-05 1.0026e-04 4.8670e-06 1.0026e-04 2.0710e-01 0.0000e+00
118 0.0000e+00 1.9800e-05 9.9958e-05 4.4554e-06 9.9958e-05 2.0720e-01 0.0000e+00
119 0.0000e+00 2.8000e-05 9.9660e-05 4.0793e-06 9.9660e-05 2.0730e-01 0.0000e+00
120 0.0000e+00 3.4200e-05 9.9363e-05 3.7356e-06 9.9363e-05 2.0739e-01 0.0000e+00
121 0.0000e+00 3.7900e-05 9.9067e-05 3.4210e-06 9.9067e-05 2.0749e-01 0.0000e+00
122 0.0000e+00 3.9500e-05 9.8771e-05 3.1337e-06 9.8771e-05 2.0758e-01 0.0000e+00
123 0.0000e+00 3.7900e-05 9.8476e-05 2.8711e-06 9.8476e-05 2.0768e-01 0.0000e+00
124 0.0000e+00 3.4200e-05 9.8183e-05 2.6308e-06 9.8183e-05 2.0777e-01 0.0000e+00
125 0.0000e+00 2.8000e-05 9.7890e-05 2.4110e-06 9.7890e-05 2.0787e-01 0.0000e+00
126 0.0000e+00 1.9800e-05 9.7598e-05 2.2099e-06 9.7598e-05 2.0796e-01 0.0000e+00
127 0.0000e+00 9.6000e-06 9.7308e-05 2.0259e-06 9.7308e-05 2.0806e-01 0.0000e+00
128 0.0000e+00 0.0000e+00 9.7018e-05 1.8575e-06 9.7018e-05 2.0815e-01 0.0000e+00
129 0.0000e+00 0.0000e+00 9.6730e-05 1.7033e-06 9.6730e-05 2.0825e-01 0.0000e+00
130 0.0000e+00 0.0000e+00 9.6443e-05 1.5621e-06 9.6443e-05 2.0834e-01 0.0000e+00
131 0.0000e+00 0.0000e+00 9.6158e-05 1.4329e-06 9.6158e-05 2.0844e-01 0.0000e+00
132 0.0000e+00 0.0000e+00 9.5874e-05 1.3145e-06 9.5874e-05 2.0853e-01 0.0000e+00
133 0.0000e+00 0.0000e+00 9.5591e-05 1.2055e-06 9.5591e-05 2.0863e-01 0.0000e+00
134 0.0000e+00 0.0000e+00 9.5309e-05 1.1062e-06 9.5309e-05 2.0872e-01 0.0000e+00
135 0.0000e+00 0.0000e+00 9.5029e-05 1.0153e-06 9.5029e-05 2.0882e-01 0.0000e+00
136 0.0000e+00 0.0000e+00 9.4750e-05 9.3193e-07 9.4750e-05 2.0891e-01 0.0000e+00
137 0.0000e+00 0.0000e+00 9.4473e-05 8.5552e-07 9.4473e-05 2.0900e-01 0.0000e+00
138 0.0000e+00 0.0000e+00 9.4197e-05 7.8548e-07 9.4197e-05 2.0910e-01 0.0000e+00
139 0.0000e+00 0.0000e+00 9.3922e-05 7.2127e-07 9.3922e-05 2.0919e-01 0.0000e+00
140 0.0000e+00 0.0000e+00 9.3649e-05 6.6238e-07 9.3649e-05 2.0928e-01 0.0000e+00
141 5.0000e-04 4.1400e-05 9.3378e-05 6.0838e-07 9.3378e-05 2.0938e-01 0.0000e+00
142 0.0000e+00 7.9900e-05 9.3107e-05 5.5885e-07 9.3107e-05 2.0947e-01 0.0000e+00
143 0.0000e+00 1.1300e-04 9.2838e-05 5.1341e-07 9.2838e-05 2.0956e-01 0.0000e+00
144 0.0000e+00 1.3840e-04 9.2571e-05 4.7173e-07 9.2571e-05 2.0965e-01 0.0000e+00
145 0.0000e+00 1.5310e-04 9.2305e-05 4.3277e-07 9.2305e-05 2.0975e-01 0.0000e+00
146 0.0000e+00 1.5990e-04 9.2040e-05 3.9776e-07 9.2040e-05 2.0984e-01 0.0000e+00
147 0.0000e+00 1.5310e-04 9.1777e-05 3.6562e-07 9.1777e-05 2.0993e-01 0.0000e+00
148 0.0000e+00 1.3840e-04 9.1515e-05 3.3611e-07 9.1515e-05 2.1002e-01 0.0000e+00
149 0.0000e+00 1.1300e-04 9.1255e-05 3.0902e-07 9.1255e-05 2.1011e-01 0.0000e+00
150 0.0000e+00 7.9900e-05 9.0996e-05 2.8415e-07 9.0996e-05 2.1020e-01 0.0000e+00
151 0.0000e+00 3.8700e-05 9.0738e-05 2.6130e-07 9.0738e-05 2.1029e-01 0.0000e+00
152 0.0000e+00 0.0000e+00 9.0482e-05 2.4032e-07 9.0482e-05 2.1038e-01 0.0000e+00
153 0.0000e+00 0.0000e+00 9.0227e-05 2.2104e-07 9.0227e-05 2.1047e-01 0.0000e+00
154 0.0000e+00 0.0000e+00 8.9974e-05 2.0334e-07 8.9974e-05 2.1056e-01 0.0000e+00
155 0.0000e+00 0.0000e+00 8.9722e-05 1.8707e-07 8.9722e-05 2.1065e-01 0.0000e+00
156 0.0000e+00 0.0000e+00 8.9471e-05 1.7212e-07 8.9471e-05 2.1074e-01 0.0000e+00
157 0.0000e+00 0.0000e+00 8.9222e-05 1.5744e-07 8.9222e-05 2.1083e-01 0.0000e+00
158 0.0000e+00 0.0000e+00 8.8974e-05 1.4492e-07 8.8974e-05 2.1092e-01 0.0000e+00
159 0.0000e+00 0.0000e+00 8.8727e-05 1.3340e-07 8.8727e-05 2.1101e-01 0.0000e+00
160 0.0000e+00 0.0000e+00 8.8482e-05 1.2282e-07 8.8482e-05 2.1110e-01 0.0000e+00
161 0.0000e+00 0.0000e+00 8.8238e-05 1.1308e-07 8.8238e-05 2.1118e-01 0.0000e+00
162 0.0000e+00 0.0000e+00 8.7995e-05 1.0412e-07 8.7995e-05 2.1127e-01 0.0000e+00
163 0.0000e+00 0.0000e+00 8.7754e-05 9.5886e-08 8.7754e-05 2.1136e-01 0.0000e+00
164 0.0000e+00 0.0000e+00 8.7514e-05 8.8309e-08 8.7514e-05 2.1145e-01 0.0000e+00
165 0.0000e+00 1.7800e-05 8.7275e-05 8.1337e-08 8.7275e-05 2.1153e-01 0.0000e+00
166 0.0000e+00 3.4400e-05 8.7037e-05 7.4923e-08 8.7037e-05 2.1162e-01 0.0000e+00
167 0.0000e+00 4.8600e-05 8.6801e-05 6.9021e-08 8.6801e-05 2.1171e-01 0.0000e+00
168 0.0000e+00 5.9500e-05 8.6566e-05 6.3589e-08 8.6566e-05 2.1179e-01 0.0000e+00
169 0.0000e+00 6.5900e-05 8.6333e-05 5.8590e-08 8.6333e-05 2.1188e-01 0.0000e+00
170 0.0000e+00 6.8800e-05 8.6100e-05 5.2794e-08 8.6100e-05 2.1197e-01 0.0000e+00
171 0.0000e+00 6.5900e-05 8.5869e-05 4.8678e-08 8.5869e-05 2.1205e-01 0.0000e+00
172 0.0000e+00 5.9500e-05 8.5639e-05 4.4886e-08 8.5639e-05 2.1214e-01 0.0000e+00
173 0.0000e+00 4.8600e-05 8.5410e-05 4.1392e-08 8.5410e-05 2.1222e-01 0.0000e+00
174 0.0000e+00 3.4400e-05 8.5183e-05 3.8173e-08 8.5183e-05 2.1231e-01 0.0000e+00
175 0.0000e+00 1.6600e-05 8.4956e-05 3.5207e-08 8.4956e-05 2.1239e-01 0.0000e+00
176 0.0000e+00 0.0000e+00 8.4731e-05 3.2474e-08 8.4731e-05 2.1248e-01 0.0000e+00
177 0.0000e+00 0.0000e+00 8.4507e-05 2.9955e-08 8.4507e-05 2.1256e-01 0.0000e+00
178 0.0000e+00 0.0000e+00 8.4284e-05 2.7634e-08 8.4284e-05 2.1265e-01 0.0000e+00
179 0.0000e+00 0.0000e+00 8.4063e-05 2.5494e-08 8.4063e-05 2.1273e-01 0.0000e+00
180 0.0000e+00 0.0000e+00 8.3842e-05 2.3522e-08 8.3842e-05 2.1281e-01 0.0000e+00
181 0.0000e+00 0.0000e+00 8.3623e-05 2.1703e-08 8.3623e-05 2.1290e-01 0.0000e+00
182 0.0000e+00 0.0000e+00 8.3405e-05 1.8517e-08 8.3405e-05 2.1298e-01 0.0000e+00
183 0.0000e+00 0.0000e+00 8.3188e-05 1.7109e-08 8.3188e-05 2.1306e-01 0.0000e+00
184 0.0000e+00 0.0000e+00 8.2972e-05 1.5808e-08 8.2972e-05 2.1315e-01 0.0000e+00
185 0.0000e+00 0.0000e+00 8.2757e-05 1.4607e-08 8.2757e-05 2.1323e-01 0.0000e+00
186 0.0000e+00 0.0000e+00 8.2543e-05 1.3498e-08 8.2543e-05 2.1331e-01 0.0000e+00
187 0.0000e+00 0.0000e+00 8.2331e-05 1.2474e-08 8.2331e-05 2.1339e-01 0.0000e+00
188 0.0000e+00 0.0000e+00 8.2119e-05 1.1528e-08 8.2119e-05 2.1348e-01 0.0000e+00
189 0.0000e+00 4.5600e-05 8.1909e-05 1.0654e-08 8.1909e-05 2.1356e-01 0.0000e+00
190 5.0000e-04 8.7900e-05 8.1699e-05 9.8475e-09 8.1699e-05 2.1364e-01 0.0000e+00
191 0.0000e+00 1.2440e-04 8.1491e-05 9.1022e-09 8.1491e-05 2.1372e-01 0.0000e+00
192 0.0000e+00 1.5230e-04 8.1284e-05 8.4139e-09 8.1284e-05 2.1380e-01 0.0000e+00
193 0.0000e+00 1.6850e-04 8.1078e-05 7.7780e-09 8.1078e-05 2.1388e-01 0.0000e+00
194 0.0000e+00 1.7590e-04 8.0873e-05 7.1905e-09 8.0873e-05 2.1397e-01 0.0000e+00
195 0.0000e+00 1.6850e-04 8.0668e-05 5.2461e-09 8.0668e-05 2.1405e-01 0.0000e+00
196 0.0000e+00 1.5230e-04 8.0465e-05 4.8607e-09 8.0465e-05 2.1413e-01 0.0000e+00
197 0.0000e+00 1.2440e-04 8.0263e-05 4.5038e-09 8.0263e-05 2.1421e-01 0.0000e+00
198 0.0000e+00 8.7900e-05 8.0062e-05 4.1733e-09 8.0062e-05 2.1429e-01 0.0000e+00
199 0.0000e+00 4.2600e-05 7.9862e-05 3.8671e-09 7.9862e-05 2.1437e-01 0.0000e+00
200 0.0000e+00 0.0000e+00 7.9663e-05 3.5836e-09 7.9663e-05 2.1445e-01 0.0000e+00
201 0.0000e+00 0.0000e+00 7.9465e-05 3.3210e-09 7.9465e-05 2.1453e-01 0.0000e+00
202 0.0000e+00 0.0000e+00 7.9268e-05 3.0777e-09 7.9268e-05 2.1460e-01 0.0000e+00
203 0.0000e+00 0.0000e+00 7.9072e-05 2.8523e-09 7.9072e-05 2.1468e-01 0.0000e+00
204 0.0000e+00 0.0000e+00 7.8877e-05 2.6436e-09 7.8877e-05 2.1476e-01 0.0000e+00
205 0.0000e+00 0.0000e+00 7.8683e-05 2.4502e-09 7.8683e-05 2.1484e-01 0.0000e+00
206 0.0000e+00 0.0000e+00 7.8489e-05 2.2711e-09 7.8489e-05 2.1492e-01 0.0000e+00
207 0.0000e+00 0.0000e+00 7.8297e-05 1.1173e-09 7.8297e-05 2.1500e-01 0.0000e+00
208 0.0000e+00 0.0000e+00 7.8106e-05 1.0390e-09 7.8106e-05 2.1508e-01 0.0000e+00
209 0.0000e+00 0.0000e+00 7.7915e-05 9.6612e-10 7.7915e-05 2.1515e-01 0.0000e+00
210 0.0000e+00 0.0000e+00 7.7726e-05 8.9841e-10 7.7726e-05 2.1523e-01 0.0000e+00
211 0.0000e+00 0.0000e+00 7.7537e-05 8.3546e-10 7.7537e-05 2.1531e-01 0.0000e+00
212 0.0000e+00 0.0000e+00 7.7350e-05 7.7694e-10 7.7350e-05 2.1539e-01 0.0000e+00
213 0.0000e+00 4.9000e-05 7.7163e-05 7.2254e-10 7.7163e-05 2.1546e-01 0.0000e+00
214 0.0000e+00 9.4600e-05 7.6977e-05 6.7196e-10 7.6977e-05 2.1554e-01 0.0000e+00
215 0.0000e+00 1.3380e-04 7.6792e-05 6.2494e-10 7.6792e-05 2.1562e-01 0.0000e+00
216 0.0000e+00 1.6380e-04 7.6608e-05 5.8123e-10 7.6608e-05 2.1569e-01 0.0000e+00
217 0.0000e+00 1.8130e-04 7.6425e-05 5.4058e-10 7.6425e-05 2.1577e-01 0.0000e+00
218 0.0000e+00 1.8920e-04 7.6243e-05 5.0279e-10 7.6243e-05 2.1585e-01 0.0000e+00
219 0.0000e+00 1.8130e-04 7.6061e-05 4.6765e-10 7.6061e-05 2.1592e-01 0.0000e+00
220 0.0000e+00 1.6380e-04 7.5881e-05 9.2140e-11 7.5881e-05 2.1600e-01 0.0000e+00
221 0.0000e+00 1.3380e-04 7.5701e-05 8.6037e-11 7.5701e-05 2.1607e-01 0.0000e+00
222 0.0000e+00 9.4600e-05 7.5522e-05 8.0339e-11 7.5522e-05 2.1615e-01 0.0000e+00
223 0.0000e+00 4.5800e-05 7.5344e-05 7.5020e-11 7.5344e-05 2.1623e-01 0.0000e+00
224 0.0000e+00 0.0000e+00 7.5167e-05 7.0055e-11 7.5167e-05 2.1630e-01 0.0000e+00
225 0.0000e+00 0.0000e+00 7.4990e-05 6.5419e-11 7.4990e-05 2.1638e-01 0.0000e+00
226 0.0000e+00 0.0000e+00 7.4815e-05 6.1091e-11 7.4815e-05 2.1645e-01 0.0000e+00
227 0.0000e+00 0.0000e+00 7.4640e-05 5.7051e-11 7.4640e-05 2.1653e-01 0.0000e+00
228 0.0000e+00 0.0000e+00 7.4466e-05 5.3279e-11 7.4466e-05 2.1660e-01 0.0000e+00
229 0.0000e+00 0.0000e+00 7.4293e-05 4.9757e-11 7.4293e-05 2.1667e-01 0.0000e+00
230 0.0000e+00 0.0000e+00 7.4121e-05 4.6468e-11 7.4121e-05 2.1675e-01 0.0000e+00
231 0.0000e+00 0.0000e+00 7.3949e-05 4.3398e-11 7.3949e-05 2.1682e-01 0.0000e+00
232 0.0000e+00 0.0000e+00 7.3779e-05 0.0000e+00 7.3779e-05 2.1690e-01 0.0000e+00
233 0.0000e+00 0.0000e+00 7.3609e-05 0.0000e+00 7.3609e-05 2.1697e-01 0.0000e+00
234 0.0000e+00 0.0000e+00 7.3440e-05 0.0000e+00 7.3440e-05 2.1704e-01 0.0000e+00
235 0.0000e+00 0.0000e+00 7.3271e-05 0.0000e+00 7.3271e-05 2.1712e-01 0.0000e+00
236 0.0000e+00 0.0000e+00 7.3104e-05 0.0000e+00 7.3104e-05 2.1719e-01 0.0000e+00
237 0.0000e+00 5.1700e-05 7.2937e-05 0.0000e+00 7.2937e-05 2.1726e-01 0.0000e+00
238 0.0000e+00 9.9800e-05 7.2771e-05 0.0000e+00 7.2771e-05 2.1733e-01 0.0000e+00
239 0.0000e+00 1.4120e-04 7.2606e-05 0.0000e+00 7.2606e-05 2.1741e-01 0.0000e+00
240 0.0000e+00 1.7290e-04 7.2441e-05 0.0000e+00 7.2441e-05 2.1748e-01 0.0000e+00
241 5.0000e-04 1.9130e-04 7.2277e-05 0.0000e+00 7.2277e-05 2.1755e-01 0.0000e+00
242 1.0000e-03 1.9970e-04 7.2114e-05 0.0000e+00 7.2114e-05 2.1762e-01 0.0000e+00
243 0.0000e+00 1.9130e-04 7.1952e-05 0.0000e+00 7.1952e-05 2.1770e-01 0.0000e+00
244 0.0000e+00 1.7290e-04 7.1790e-05 0.0000e+00 7.1790e-05 2.1777e-01 0.0000e+00
245 0.0000e+00 1.4120e-04 7.1629e-05 0.0000e+00 7.1629e-05 2.1784e-01 0.0000e+00
246 0.0000e+00 9.9800e-05 7.1469e-05 0.0000e+00 7.1469e-05 2.1791e-01 0.0000e+00
247 0.0000e+00 4.8300e-05 7.1310e-05 0.0000e+00 7.1310e-05 2.1798e-01 0.0000e+00
248 0.0000e+00 0.0000e+00 7.1151e-05 0.0000e+00 7.1151e-05 2.1805e-01 0.0000e+00
249 0.0000e+00 0.0000e+00 7.0993e-05 0.0000e+00 7.0993e-05 2.1812e-01 0.0000e+00
250 0.0000e+00 0.0000e+00 7.0836e-05 0.0000e+00 7.0836e-05 2.1820e-01 0.0000e+00
251 0.0000e+00 0.0000e+00 7.0679e-05 0.0000e+00 7.0679e-05 2.1827e-01 0.0000e+00
252 0.0000e+00 0.0000e+00 7.0523e-05 0.0000e+00 7.0523e-05 2.1834e-01 0.0000e+00
253 1.0000e-03 0.0000e+00 7.0368e-05 0.0000e+00 7.0368e-05 2.1841e-01 0.0000e+00
254 0.0000e+00 0.0000e+00 7.0213e-05 0.0000e+00 7.0213e-05 2.1848e-01 0.0000e+00
255 0.0000e+00 0.0000e+00 7.0059e-05 0.0000e+00 7.0059e-05 2.1855e-01 0.0000e+00
256 0.0000e+00 0.0000e+00 6.9906e-05 0.0000e+00 6.9906e-05 2.1862e-01 0.0000e+00
257 0.0000e+00 0.0000e+00 6.9754e-05 0.0000e+00 6.9754e-05 2.1869e-01 0.0000e+00
258 0.0000e+00 0.0000e+00 6.9602e-05 0.0000e+00 6.9602e-05 2.1876e-01 0.0000e+00
259 0.0000e+00 0.0000e+00 6.9450e-05 0.0000e+00 6.9450e-05 2.1883e-01 0.0000e+00
260 0.0000e+00 0.0000e+00 6.9300e-05 0.0000e+00 6.9300e-05 2.1890e-01 0.0000e+00
261 0.0000e+00 7.5200e-05 6.9150e-05 0.0000e+00 6.9150e-05 2.1896e-01 0.0000e+00
262 1.0000e-03 1.4510e-04 6.9001e-05 0.0000e+00 6.9001e-05 2.1903e-01 0.0000e+00
263 0.0000e+00 2.0520e-04 6.8852e-05 0.0000e+00 6.8852e-05 2.1910e-01 0.0000e+00
264 0.0000e+00 2.5130e-04 6.8704e-05 0.0000e+00 6.8704e-05 2.1917e-01 0.0000e+00
265 0.0000e+00 2.7800e-04 6.8557e-05 0.0000e+00 6.8557e-05 2.1924e-01 0.0000e+00
266 0.0000e+00 2.9030e-04 6.8410e-05 0.0000e+00 6.8410e-05 2.1931e-01 0.0000e+00
267 0.0000e+00 2.7800e-04 6.8264e-05 0.0000e+00 6.8264e-05 2.1938e-01 0.0000e+00
268 0.0000e+00 2.5130e-04 6.8118e-05 0.0000e+00 6.8118e-05 2.1944e-01 0.0000e+00
269 0.0000e+00 2.0520e-04 6.7974e-05 0.0000e+00 6.7974e-05 2.1951e-01 0.0000e+00
270 0.0000e+00 1.4510e-04 6.7829e-05 0.0000e+00 6.7829e-05 2.1958e-01 0.0000e+00
271 0.0000e+00 7.0200e-05 6.7686e-05 0.0000e+00 6.7686e-05 2.1965e-01 0.0000e+00
272 0.0000e+00 0.0000e+00 6.7543e-05 0.0000e+00 6.7543e-05 2.1972e-01 0.0000e+00
273 0.0000e+00 0.0000e+00 6.7400e-05 0.0000e+00 6.7400e-05 2.1978e-01 0.0000e+00
274 0.0000e+00 0.0000e+00 6.7259e-05 0.0000e+00 6.7259e-05 2.1985e-01 0.0000e+00
275 0.0000e+00 0.0000e+00 6.7117e-05 0.0000e+00 6.7117e-05 2.1992e-01 0.0000e+00
276 0.0000e+00 0.0000e+00 6.6977e-05 0.0000e+00 6.6977e-05 2.1998e-01 0.0000e+00
277 0.0000e+00 0.0000e+00 6.6837e-05 0.0000e+00 6.6837e-05 2.2005e-01 0.0000e+00
278 0.0000e+00 0.0000e+00 6.6697e-05 0.0000e+00 6.6697e-05 2.2012e-01 0.0000e+00
279 0.0000e+00 0.0000e+00 6.6558e-05 0.0000e+00 6.6558e-05 2.2018e-01 0.0000e+00
280 0.0000e+00 0.0000e+00 6.6420e-05 0.0000e+00 6.6420e-05 2.2025e-01 0.0000e+00
281 0.0000e+00 0.0000e+00 6.6282e-05 0.0000e+00 6.6282e-05 2.2032e-01 0.0000e+00
282 0.0000e+00 0.0000e+00 6.6145e-05 0.0000e+00 6.6145e-05 2.2038e-01 0.0000e+00
283 1.0000e-03 0.0000e+00 6.6009e-05 0.0000e+00 6.6009e-05 2.2045e-01 0.0000e+00
284 5.0000e-04 0.0000e+00 6.5873e-05 0.0000e+00 6.5873e-05 2.2052e-01 0.0000e+00
285 2.5000e-03 2.4400e-05 6.8692e-05 1.6100e-05 6.5737e-05 2.2056e-01 2.9547e-06
286 6.0000e-03 4.7000e-05 1.7566e-04 6.1269e-04 6.5635e-05 2.2002e-01 1.1003e-04
287 4.0000e-03 6.6500e-05 1.3955e-04 9.0850e-04 6.6767e-05 2.1918e-01 7.2785e-05
288 1.5000e-03 8.1400e-05 9.4941e-05 9.2970e-04 6.8546e-05 2.1831e-01 2.6394e-05
289 0.0000e+00 9.0100e-05 7.0416e-05 8.1968e-04 7.0416e-05 2.1757e-01 0.0000e+00
290 0.0000e+00 9.4000e-05 7.2084e-05 7.3265e-04 7.2084e-05 2.1690e-01 0.0000e+00
291 5.0000e-04 9.0100e-05 7.7914e-05 6.8143e-04 7.3588e-05 2.1630e-01 4.3264e-06
292 0.0000e+00 8.1400e-05 7.4999e-05 6.1114e-04 7.4999e-05 2.1576e-01 0.0000e+00
293 0.0000e+00 6.6500e-05 7.6266e-05 5.5019e-04 7.6266e-05 2.1529e-01 0.0000e+00
294 1.5000e-03 4.7000e-05 1.0065e-04 6.2693e-04 7.7404e-05 2.1474e-01 2.3243e-05
295 1.0000e-03 2.2800e-05 9.6292e-05 6.5489e-04 7.8745e-05 2.1416e-01 1.7547e-05
296 0.0000e+00 0.0000e+00 8.0175e-05 5.8152e-04 8.0175e-05 2.1366e-01 0.0000e+00
297 0.0000e+00 0.0000e+00 8.1441e-05 5.2265e-04 8.1441e-05 2.1322e-01 0.0000e+00
298 0.0000e+00 0.0000e+00 8.2572e-05 4.7088e-04 8.2572e-05 2.1283e-01 0.0000e+00
299 0.0000e+00 0.0000e+00 8.3580e-05 4.2486e-04 8.3580e-05 2.1249e-01 0.0000e+00
300 0.0000e+00 0.0000e+00 8.4476e-05 3.8372e-04 8.4476e-05 2.1219e-01 0.0000e+00
301 0.0000e+00 0.0000e+00 8.5270e-05 3.4684e-04 8.5270e-05 2.1193e-01 0.0000e+00
302 0.0000e+00 0.0000e+00 8.5970e-05 3.1371e-04 8.5970e-05 2.1170e-01 0.0000e+00
303 0.0000e+00 0.0000e+00 8.6584e-05 2.8392e-04 8.6584e-05 2.1150e-01 0.0000e+00
304 0.0000e+00 0.0000e+00 8.7120e-05 2.5709e-04 8.7120e-05 2.1133e-01 0.0000e+00
305 0.0000e+00 0.0000e+00 8.7584e-05 2.3291e-04 8.7584e-05 2.1119e-01 0.0000e+00
306 0.0000e+00 0.0000e+00 8.7982e-05 2.1110e-04 8.7982e-05 2.1106e-01 0.0000e+00
307 0.0000e+00 0.0000e+00 8.8321e-05 1.9141e-04 8.8321e-05 2.1096e-01 0.0000e+00
308 0.0000e+00 0.0000e+00 8.8606e-05 1.7364e-04 8.8606e-05 2.1088e-01 0.0000e+00
309 0.0000e+00 2.8800e-05 8.8842e-05 1.5757e-04 8.8842e-05 2.1081e-01 0.0000e+00
310 5.0000e-04 5.5500e-05 9.7290e-05 1.9101e-04 8.9033e-05 2.1071e-01 8.2564e-06
311 0.0000e+00 7.8500e-05 8.9317e-05 1.6875e-04 8.9317e-05 2.1063e-01 0.0000e+00
312 0.0000e+00 9.6200e-05 8.9539e-05 1.5210e-04 8.9539e-05 2.1056e-01 0.0000e+00
313 0.0000e+00 1.0640e-04 8.9714e-05 1.3748e-04 8.9714e-05 2.1052e-01 0.0000e+00
314 0.0000e+00 1.1110e-04 8.9848e-05 1.2444e-04 8.9848e-05 2.1048e-01 0.0000e+00
315 0.0000e+00 1.0640e-04 8.9946e-05 1.1275e-04 8.9946e-05 2.1046e-01 0.0000e+00
316 0.0000e+00 9.6200e-05 9.0010e-05 1.0223e-04 9.0010e-05 2.1045e-01 0.0000e+00
317 5.0000e-04 7.8500e-05 9.0044e-05 9.2755e-05 9.0044e-05 2.1044e-01 0.0000e+00
318 1.0000e-03 5.5500e-05 1.0432e-04 1.6733e-04 9.0052e-05 2.1037e-01 1.4270e-05
319 5.0000e-04 2.6900e-05 9.8454e-05 1.9136e-04 9.0269e-05 2.1027e-01 8.1844e-06
320 0.0000e+00 0.0000e+00 9.0555e-05 1.6698e-04 9.0555e-05 2.1019e-01 0.0000e+00
321 0.0000e+00 0.0000e+00 9.0772e-05 1.4925e-04 9.0772e-05 2.1013e-01 0.0000e+00
322 1.0000e-03 0.0000e+00 1.0885e-04 2.3860e-04 9.0938e-05 2.0998e-01 1.7917e-05
323 1.0000e-03 0.0000e+00 1.0977e-04 3.1269e-04 9.1358e-05 2.0976e-01 1.8413e-05
324 0.0000e+00 0.0000e+00 9.1992e-05 2.6978e-04 9.1992e-05 2.0958e-01 0.0000e+00
325 0.0000e+00 0.0000e+00 9.2505e-05 2.4018e-04 9.2505e-05 2.0944e-01 0.0000e+00
326 0.0000e+00 0.0000e+00 9.2933e-05 2.1493e-04 9.2933e-05 2.0931e-01 0.0000e+00
327 0.0000e+00 0.0000e+00 9.3288e-05 1.9285e-04 9.3288e-05 2.0921e-01 0.0000e+00
328 0.0000e+00 0.0000e+00 9.3578e-05 1.7336e-04 9.3578e-05 2.0913e-01 0.0000e+00
329 0.0000e+00 0.0000e+00 9.3812e-05 1.5608e-04 9.3812e-05 2.0907e-01 0.0000e+00
330 0.0000e+00 0.0000e+00 9.3995e-05 1.4069e-04 9.3995e-05 2.0903e-01 0.0000e+00
331 0.0000e+00 0.0000e+00 9.4132e-05 1.2695e-04 9.4132e-05 2.0899e-01 0.0000e+00
332 0.0000e+00 0.0000e+00 9.4229e-05 1.1466e-04 9.4229e-05 2.0897e-01 0.0000e+00
333 0.0000e+00 1.1200e-05 9.4289e-05 1.0364e-04 9.4289e-05 2.0896e-01 0.0000e+00
334 0.0000e+00 2.1600e-05 9.4316e-05 9.3745e-05 9.4316e-05 2.0896e-01 0.0000e+00
335 0.0000e+00 3.0600e-05 9.4315e-05 8.4854e-05 9.4315e-05 2.0897e-01 0.0000e+00
336 0.0000e+00 3.7400e-05 9.4287e-05 7.6852e-05 9.4287e-05 2.0899e-01 0.0000e+00
337 0.0000e+00 4.1400e-05 9.4235e-05 6.9645e-05 9.4235e-05 2.0902e-01 0.0000e+00
338 5.0000e-04 4.3200e-05 1.0075e-04 1.0195e-04 9.4163e-05 2.0901e-01 6.5909e-06
339 5.0000e-04 4.1400e-05 1.0260e-04 1.3795e-04 9.4186e-05 2.0896e-01 8.4108e-06
340 1.5000e-03 3.7400e-05 1.2117e-04 2.7723e-04 9.4315e-05 2.0878e-01 2.6856e-05
341 1.5000e-03 3.0600e-05 1.2179e-04 3.9220e-04 9.4856e-05 2.0848e-01 2.6930e-05
342 1.0000e-03 2.1600e-05 1.1359e-04 4.4005e-04 9.5741e-05 2.0814e-01 1.7849e-05
343 5.0000e-04 1.0500e-05 1.0559e-04 4.3368e-04 9.6777e-05 2.0780e-01 8.8085e-06
344 1.0000e-03 0.0000e+00 1.1602e-04 4.8929e-04 9.7801e-05 2.0741e-01 1.8219e-05
345 5.0000e-04 0.0000e+00 1.0821e-04 4.8126e-04 9.9005e-05 2.0703e-01 9.2063e-06
346 0.0000e+00 0.0000e+00 1.0019e-04 4.2392e-04 1.0019e-04 2.0670e-01 0.0000e+00
347 0.0000e+00 0.0000e+00 1.0121e-04 3.7851e-04 1.0121e-04 2.0643e-01 0.0000e+00
348 0.0000e+00 0.0000e+00 1.0209e-04 3.3888e-04 1.0209e-04 2.0619e-01 0.0000e+00
349 0.0000e+00 0.0000e+00 1.0285e-04 3.0395e-04 1.0285e-04 2.0599e-01 0.0000e+00
350 0.0000e+00 0.0000e+00 1.0350e-04 2.7302e-04 1.0350e-04 2.0582e-01 0.0000e+00
351 0.0000e+00 0.0000e+00 1.0405e-04 2.4554e-04 1.0405e-04 2.0568e-01 0.0000e+00
352 0.0000e+00 0.0000e+00 1.0451e-04 2.2104e-04 1.0451e-04 2.0556e-01 0.0000e+00
353 5.0000e-04 0.0000e+00 1.1636e-04 2.5231e-04 1.0489e-04 2.0541e-01 1.1463e-05
354 0.0000e+00 0.0000e+00 1.0538e-04 2.2361e-04 1.0538e-04 2.0530e-01 0.0000e+00
355 0.0000e+00 0.0000e+00 1.0577e-04 2.0075e-04 1.0577e-04 2.0520e-01 0.0000e+00
356 0.0000e+00 0.0000e+00 1.0608e-04 1.8056e-04 1.0608e-04 2.0513e-01 0.0000e+00
357 0.0000e+00 7.2300e-05 1.0633e-04 1.6263e-04 1.0633e-04 2.0507e-01 0.0000e+00
358 0.0000e+00 1.3960e-04 1.0652e-04 1.4663e-04 1.0652e-04 2.0503e-01 0.0000e+00
359 0.0000e+00 1.9750e-04 1.0665e-04 1.3233e-04 1.0665e-04 2.0500e-01 0.0000e+00
360 0.0000e+00 2.4180e-04 1.0674e-04 1.1951e-04 1.0674e-04 2.0499e-01 0.0000e+00
361 0.0000e+00 2.6750e-04 1.0678e-04 1.0801e-04 1.0678e-04 2.0499e-01 0.0000e+00
362 0.0000e+00 2.7930e-04 1.0678e-04 9.7680e-05 1.0678e-04 2.0500e-01 0.0000e+00
363 0.0000e+00 2.6750e-04 1.0675e-04 8.8386e-05 1.0675e-04 2.0502e-01 0.0000e+00
364 0.0000e+00 2.4180e-04 1.0669e-04 8.0018e-05 1.0669e-04 2.0505e-01 0.0000e+00
365 0.0000e+00 1.9750e-04 1.0660e-04 7.2479e-05 1.0660e-04 2.0508e-01 0.0000e+00
366 0.0000e+00 1.3960e-04 1.0649e-04 6.5681e-05 1.0649e-04 2.0512e-01 0.0000e+00
367 0.0000e+00 6.7600e-05 1.0635e-04 5.9547e-05 1.0635e-04 2.0517e-01 0.0000e+00
368 0.0000e+00 0.0000e+00 1.0620e-04 5.4008e-05 1.0620e-04 2.0522e-01 0.0000e+00
369 0.0000e+00 0.0000e+00 1.0602e-04 4.9005e-05 1.0602e-04 2.0528e-01 0.0000e+00
370 0.0000e+00 0.0000e+00 1.0584e-04 4.4483e-05 1.0584e-04 2.0534e-01 0.0000e+00
371 0.0000e+00 0.0000e+00 1.0563e-04 4.0393e-05 1.0563e-04 2.0540e-01 0.0000e+00
372 0.0000e+00 0.0000e+00 1.0542e-04 3.6692e-05 1.0542e-04 2.0547e-01 0.0000e+00
373 5.0000e-04 0.0000e+00 1.0519e-04 3.3343e-05 1.0519e-04 2.0554e-01 0.0000e+00
374 7.5000e-03 0.0000e+00 2.4085e-04 6.6039e-04 1.0496e-04 2.0499e-01 1.3589e-04
375 4.5000e-03 0.0000e+00 2.0996e-04 1.0302e-03 1.0679e-04 2.0406e-01 1.0316e-04
376 2.5000e-03 0.0000e+00 1.6723e-04 1.1530e-03 1.0992e-04 2.0302e-01 5.7313e-05
377 5.0000e-04 0.0000e+00 1.2502e-04 1.0602e-03 1.1356e-04 2.0207e-01 1.1463e-05
378 0.0000e+00 0.0000e+00 1.1697e-04 9.3733e-04 1.1697e-04 2.0125e-01 0.0000e+00
379 0.0000e+00 0.0000e+00 1.2001e-04 8.3382e-04 1.2001e-04 2.0054e-01 0.0000e+00
380 0.0000e+00 0.0000e+00 1.2272e-04 7.4366e-04 1.2272e-04 1.9992e-01 0.0000e+00
381 0.0000e+00 1.7400e-05 1.2512e-04 6.6448e-04 1.2512e-04 1.9938e-01 0.0000e+00
382 0.0000e+00 3.3600e-05 1.2725e-04 5.9455e-04 1.2725e-04 1.9891e-01 0.0000e+00
383 1.0000e-03 4.7500e-05 1.5088e-04 6.3791e-04 1.2912e-04 1.9840e-01 2.1756e-05
384 1.0000e-03 5.8200e-05 1.5302e-04 6.7012e-04 1.3119e-04 1.9787e-01 2.1836e-05
385 0.0000e+00 6.4300e-05 1.3342e-04 5.9120e-04 1.3342e-04 1.9741e-01 0.0000e+00
386 5.0000e-04 6.7200e-05 1.4399e-04 5.6986e-04 1.3534e-04 1.9697e-01 8.6560e-06
387 0.0000e+00 6.4300e-05 1.3719e-04 5.0644e-04 1.3719e-04 1.9660e-01 0.0000e+00
388 0.0000e+00 5.8200e-05 1.3878e-04 4.5283e-04 1.3878e-04 1.9629e-01 0.0000e+00
389 0.0000e+00 4.7500e-05 1.4015e-04 4.0558e-04 1.4015e-04 1.9602e-01 0.0000e+00
390 5.0000e-04 3.3600e-05 1.4735e-04 3.9350e-04 1.4132e-04 1.9577e-01 6.0344e-06
391 0.0000e+00 1.6300e-05 1.4244e-04 3.5067e-04 1.4244e-04 1.9556e-01 0.0000e+00
392 5.0000e-04 0.0000e+00 1.5368e-04 3.6545e-04 1.4337e-04 1.9534e-01 1.0319e-05
393 5.0000e-04 0.0000e+00 1.5583e-04 3.8052e-04 1.4436e-04 1.9511e-01 1.1463e-05
394 0.0000e+00 0.0000e+00 1.4543e-04 3.3568e-04 1.4543e-04 1.9492e-01 0.0000e+00
395 0.0000e+00 0.0000e+00 1.4630e-04 2.9965e-04 1.4630e-04 1.9476e-01 0.0000e+00
396 0.0000e+00 0.0000e+00 1.4700e-04 2.6819e-04 1.4700e-04 1.9464e-01 0.0000e+00
397 0.0000e+00 0.0000e+00 1.4756e-04 2.4042e-04 1.4756e-04 1.9455e-01 0.0000e+00
398 0.0000e+00 0.0000e+00 1.4799e-04 2.1578e-04 1.4799e-04 1.9448e-01 0.0000e+00
399 0.0000e+00 0.0000e+00 1.4830e-04 1.9386e-04 1.4830e-04 1.9443e-01 0.0000e+00
400 0.0000e+00 0.0000e+00 1.4851e-04 1.7430e-04 1.4851e-04 1.9441e-01 0.0000e+00
401 0.0000e+00 0.0000e+00 1.4863e-04 1.5683e-04 1.4863e-04 1.9440e-01 0.0000e+00
402 1.0000e-03 0.0000e+00 1.7160e-04 2.5582e-04 1.4867e-04 1.9429e-01 2.2925e-05
403 0.0000e+00 0.0000e+00 1.4917e-04 2.1976e-04 1.4917e-04 1.9422e-01 0.0000e+00
404 0.0000e+00 0.0000e+00 1.4950e-04 1.9491e-04 1.4950e-04 1.9418e-01 0.0000e+00
405 5.0000e-04 2.4600e-05 1.6118e-04 2.3117e-04 1.4971e-04 1.9410e-01 1.1463e-05
406 5.0000e-04 4.7400e-05 1.6099e-04 2.5629e-04 1.5009e-04 1.9399e-01 1.0899e-05
407 0.0000e+00 6.7100e-05 1.5059e-04 2.2338e-04 1.5059e-04 1.9392e-01 0.0000e+00
408 5.0000e-04 8.2200e-05 1.5978e-04 2.4258e-04 1.5094e-04 1.9383e-01 8.8392e-06
409 0.0000e+00 9.0900e-05 1.5137e-04 2.1239e-04 1.5137e-04 1.9376e-01 0.0000e+00
410 0.0000e+00 9.5000e-05 1.5166e-04 1.8876e-04 1.5166e-04 1.9373e-01 0.0000e+00
411 0.0000e+00 9.0900e-05 1.5183e-04 1.6833e-04 1.5183e-04 1.9371e-01 0.0000e+00
412 0.0000e+00 8.2200e-05 1.5191e-04 1.5044e-04 1.5191e-04 1.9371e-01 0.0000e+00
413 0.0000e+00 6.7100e-05 1.5191e-04 1.3467e-04 1.5191e-04 1.9373e-01 0.0000e+00
414 0.0000e+00 4.7400e-05 1.5182e-04 1.2071e-04 1.5182e-04 1.9376e-01 0.0000e+00
415 0.0000e+00 2.3000e-05 1.5168e-04 1.0831e-04 1.5168e-04 1.9380e-01 0.0000e+00
416 0.0000e+00 0.0000e+00 1.5147e-04 9.7281e-05 1.5147e-04 1.9386e-01 0.0000e+00
417 0.0000e+00 0.0000e+00 1.5121e-04 8.7451e-05 1.5121e-04 1.9392e-01 0.0000e+00
418 0.0000e+00 0.0000e+00 1.5091e-04 7.8676e-05 1.5091e-04 1.9399e-01 0.0000e+00
419 0.0000e+00 0.0000e+00 1.5057e-04 7.0833e-05 1.5057e-04 1.9407e-01 0.0000e+00
420 0.0000e+00 0.0000e+00 1.5020e-04 6.3814e-05 1.5020e-04 1.9416e-01 0.0000e+00
421 0.0000e+00 0.0000e+00 1.4979e-04 5.7526e-05 1.4979e-04 1.9425e-01 0.0000e+00
422 0.0000e+00 0.0000e+00 1.4936e-04 5.1889e-05 1.4936e-04 1.9435e-01 0.0000e+00
423 0.0000e+00 0.0000e+00 1.4891e-04 4.6830e-05 1.4891e-04 1.9445e-01 0.0000e+00
424 0.0000e+00 0.0000e+00 1.4843e-04 4.2286e-05 1.4843e-04 1.9456e-01 0.0000e+00
425 0.0000e+00 0.0000e+00 1.4794e-04 3.8202e-05 1.4794e-04 1.9467e-01 0.0000e+00
426 0.0000e+00 0.0000e+00 1.4744e-04 3.4529e-05 1.4744e-04 1.9478e-01 0.0000e+00
427 5.0000e-04 0.0000e+00 1.4692e-04 3.1223e-05 1.4692e-04 1.9490e-01 0.0000e+00
428 2.0000e-03 0.0000e+00 1.9050e-04 2.4798e-04 1.4639e-04 1.9479e-01 4.4112e-05
429 3.0000e-03 3.2600e-05 2.1563e-04 5.4600e-04 1.4685e-04 1.9440e-01 6.8776e-05
430 2.0000e-03 6.2900e-05 1.9380e-04 6.8050e-04 1.4869e-04 1.9386e-01 4.5103e-05
431 1.0000e-03 8.9000e-05 1.7267e-04 6.8805e-04 1.5119e-04 1.9333e-01 2.1483e-05
432 0.0000e+00 1.0900e-04 1.5374e-04 5.9622e-04 1.5374e-04 1.9288e-01 0.0000e+00
433 5.0000e-04 1.2060e-04 1.6281e-04 5.6007e-04 1.5588e-04 1.9248e-01 6.9279e-06
434 0.0000e+00 1.2590e-04 1.5787e-04 4.9278e-04 1.5787e-04 1.9215e-01 0.0000e+00
435 0.0000e+00 1.2060e-04 1.5953e-04 4.3669e-04 1.5953e-04 1.9187e-01 0.0000e+00
436 0.0000e+00 1.0900e-04 1.6092e-04 3.8799e-04 1.6092e-04 1.9164e-01 0.0000e+00
437 3.5000e-03 8.9000e-05 2.3142e-04 6.9954e-04 1.6206e-04 1.9110e-01 6.9363e-05
438 0.0000e+00 6.2900e-05 1.6481e-04 5.9218e-04 1.6481e-04 1.9068e-01 0.0000e+00
439 0.0000e+00 3.0500e-05 1.6702e-04 5.2125e-04 1.6702e-04 1.9032e-01 0.0000e+00
440 0.0000e+00 0.0000e+00 1.6888e-04 4.6159e-04 1.6888e-04 1.9003e-01 0.0000e+00
441 0.0000e+00 0.0000e+00 1.7043e-04 4.0996e-04 1.7043e-04 1.8979e-01 0.0000e+00
442 0.0000e+00 0.0000e+00 1.7171e-04 3.6484e-04 1.7171e-04 1.8960e-01 0.0000e+00
443 0.0000e+00 0.0000e+00 1.7275e-04 3.2518e-04 1.7275e-04 1.8944e-01 0.0000e+00
444 5.0000e-04 0.0000e+00 1.8086e-04 3.2807e-04 1.7358e-04 1.8929e-01 7.2858e-06
445 0.0000e+00 0.0000e+00 1.7442e-04 2.8927e-04 1.7442e-04 1.8917e-01 0.0000e+00
446 0.0000e+00 0.0000e+00 1.7504e-04 2.5781e-04 1.7504e-04 1.8909e-01 0.0000e+00
447 0.0000e+00 0.0000e+00 1.7550e-04 2.3022e-04 1.7550e-04 1.8904e-01 0.0000e+00
448 0.0000e+00 0.0000e+00 1.7580e-04 2.0585e-04 1.7580e-04 1.8901e-01 0.0000e+00
449 0.0000e+00 0.0000e+00 1.7596e-04 1.8425e-04 1.7596e-04 1.8900e-01 0.0000e+00
450 0.0000e+00 0.0000e+00 1.7601e-04 1.6506e-04 1.7601e-04 1.8901e-01 0.0000e+00
451 0.0000e+00 0.0000e+00 1.7595e-04 1.4799e-04 1.7595e-04 1.8904e-01 0.0000e+00
452 5.0000e-04 0.0000e+00 1.8726e-04 1.9257e-04 1.7580e-04 1.8902e-01 1.1463e-05
453 0.0000e+00 2.2400e-05 1.7589e-04 1.6639e-04 1.7589e-04 1.8903e-01 0.0000e+00
454 0.0000e+00 4.3300e-05 1.7584e-04 1.4787e-04 1.7584e-04 1.8906e-01 0.0000e+00
455 0.0000e+00 6.1200e-05 1.7568e-04 1.3190e-04 1.7568e-04 1.8910e-01 0.0000e+00
456 0.0000e+00 7.5000e-05 1.7544e-04 1.1790e-04 1.7544e-04 1.8916e-01 0.0000e+00
457 0.0000e+00 8.3000e-05 1.7513e-04 1.0554e-04 1.7513e-04 1.8923e-01 0.0000e+00
458 0.0000e+00 8.6600e-05 1.7475e-04 9.4591e-05 1.7475e-04 1.8931e-01 0.0000e+00
459 0.0000e+00 8.3000e-05 1.7431e-04 8.4866e-05 1.7431e-04 1.8940e-01 0.0000e+00
460 0.0000e+00 7.5000e-05 1.7382e-04 7.6209e-05 1.7382e-04 1.8950e-01 0.0000e+00
461 0.0000e+00 6.1200e-05 1.7329e-04 6.8489e-05 1.7329e-04 1.8960e-01 0.0000e+00
462 0.0000e+00 4.3300e-05 1.7273e-04 6.1596e-05 1.7273e-04 1.8971e-01 0.0000e+00
463 0.0000e+00 2.1000e-05 1.7213e-04 5.5434e-05 1.7213e-04 1.8983e-01 0.0000e+00
464 0.0000e+00 0.0000e+00 1.7150e-04 4.9919e-05 1.7150e-04 1.8995e-01 0.0000e+00
465 1.0000e-03 0.0000e+00 1.7885e-04 8.6370e-05 1.7085e-04 1.9004e-01 7.9970e-06
466 5.0000e-04 0.0000e+00 1.8186e-04 1.3261e-04 1.7040e-04 1.9007e-01 1.1463e-05
467 0.0000e+00 0.0000e+00 1.7020e-04 1.1186e-04 1.7020e-04 1.9013e-01 0.0000e+00
468 0.0000e+00 0.0000e+00 1.6989e-04 9.8311e-05 1.6989e-04 1.9020e-01 0.0000e+00
469 5.0000e-04 0.0000e+00 1.8097e-04 1.4620e-04 1.6951e-04 1.9023e-01 1.1463e-05
470 0.0000e+00 0.0000e+00 1.6939e-04 1.2423e-04 1.6939e-04 1.9027e-01 0.0000e+00
471 0.0000e+00 0.0000e+00 1.6915e-04 1.0937e-04 1.6915e-04 1.9033e-01 0.0000e+00
472 5.0000e-04 0.0000e+00 1.8029e-04 1.5599e-04 1.6883e-04 1.9034e-01 1.1463e-05
473 5.0000e-04 0.0000e+00 1.8023e-04 1.9213e-04 1.6876e-04 1.9032e-01 1.1463e-05
474 0.0000e+00 0.0000e+00 1.6889e-04 1.6415e-04 1.6889e-04 1.9033e-01 0.0000e+00
475 0.0000e+00 0.0000e+00 1.6886e-04 1.4439e-04 1.6886e-04 1.9035e-01 0.0000e+00
476 0.0000e+00 0.0000e+00 1.6873e-04 1.2773e-04 1.6873e-04 1.9039e-01 0.0000e+00
477 0.0000e+00 9.2000e-06 1.6852e-04 1.1336e-04 1.6852e-04 1.9045e-01 0.0000e+00
478 0.0000e+00 1.7800e-05 1.6823e-04 1.0083e-04 1.6823e-04 1.9051e-01 0.0000e+00
479 0.0000e+00 2.5200e-05 1.6787e-04 8.9864e-05 1.6787e-04 1.9059e-01 0.0000e+00
480 0.0000e+00 3.0900e-05 1.6746e-04 8.0214e-05 1.6746e-04 1.9068e-01 0.0000e+00
481 0.0000e+00 3.4200e-05 1.6701e-04 7.1697e-05 1.6701e-04 1.9077e-01 0.0000e+00
482 5.0000e-04 3.5700e-05 1.7529e-04 1.0928e-04 1.6651e-04 1.9083e-01 8.7759e-06
483 2.5000e-03 3.4200e-05 2.2271e-04 3.8368e-04 1.6621e-04 1.9061e-01 5.6495e-05
484 1.0000e-03 3.0900e-05 1.8949e-04 4.2789e-04 1.6735e-04 1.9035e-01 2.2141e-05
485 0.0000e+00 2.5200e-05 1.6872e-04 3.6431e-04 1.6872e-04 1.9016e-01 0.0000e+00
486 1.0000e-03 1.7800e-05 1.9139e-04 4.3087e-04 1.6975e-04 1.8990e-01 2.1640e-05
487 0.0000e+00 8.6000e-06 1.7114e-04 3.7019e-04 1.7114e-04 1.8970e-01 0.0000e+00
488 0.0000e+00 0.0000e+00 1.7221e-04 3.2575e-04 1.7221e-04 1.8954e-01 0.0000e+00
489 0.0000e+00 0.0000e+00 1.7304e-04 2.8801e-04 1.7304e-04 1.8943e-01 0.0000e+00
490 0.0000e+00 0.0000e+00 1.7366e-04 2.5535e-04 1.7366e-04 1.8935e-01 0.0000e+00
491 0.0000e+00 0.0000e+00 1.7410e-04 2.2688e-04 1.7410e-04 1.8929e-01 0.0000e+00
492 0.0000e+00 0.0000e+00 1.7439e-04 2.0194e-04 1.7439e-04 1.8927e-01 0.0000e+00
493 0.0000e+00 0.0000e+00 1.7454e-04 1.8000e-04 1.7454e-04 1.8926e-01 0.0000e+00
494 0.0000e+00 0.0000e+00 1.7457e-04 1.6064e-04 1.7457e-04 1.8928e-01 0.0000e+00
495 0.0000e+00 0.0000e+00 1.7449e-04 1.4353e-04 1.7449e-04 1.8931e-01 0.0000e+00
496 0.0000e+00 0.0000e+00 1.7433e-04 1.2837e-04 1.7433e-04 1.8935e-01 0.0000e+00
497 0.0000e+00 0.0000e+00 1.7408e-04 1.1492e-04 1.7408e-04 1.8941e-01 0.0000e+00
498 0.0000e+00 0.0000e+00 1.7375e-04 1.0296e-04 1.7375e-04 1.8948e-01 0.0000e+00
499 0.0000e+00 0.0000e+00 1.7337e-04 9.2319e-05 1.7337e-04 1.8956e-01 0.0000e+00
500 0.0000e+00 0.0000e+00 1.7293e-04 8.2839e-05 1.7293e-04 1.8965e-01 0.0000e+00
501 0.0000e+00 6.3800e-05 1.7245e-04 7.4384e-05 1.7245e-04 1.8975e-01 0.0000e+00
502 0.0000e+00 1.2310e-04 1.7192e-04 6.6836e-05 1.7192e-04 1.8986e-01 0.0000e+00
503 0.0000e+00 1.7420e-04 1.7135e-04 6.0091e-05 1.7135e-04 1.8997e-01 0.0000e+00
504 0.0000e+00 2.1330e-04 1.7076e-04 5.4059e-05 1.7076e-04 1.9008e-01 0.0000e+00
505 0.0000e+00 2.3600e-04 1.7014e-04 4.8660e-05 1.7014e-04 1.9021e-01 0.0000e+00
506 0.0000e+00 2.4640e-04 1.6949e-04 4.3824e-05 1.6949e-04 1.9033e-01 0.0000e+00
507 0.0000e+00 2.3600e-04 1.6883e-04 3.9489e-05 1.6883e-04 1.9046e-01 0.0000e+00
508 0.0000e+00 2.1330e-04 1.6815e-04 3.5601e-05 1.6815e-04 1.9059e-01 0.0000e+00
509 0.0000e+00 1.7420e-04 1.6745e-04 3.2111e-05 1.6745e-04 1.9073e-01 0.0000e+00
510 0.0000e+00 1.2310e-04 1.6675e-04 2.8976e-05 1.6675e-04 1.9087e-01 0.0000e+00
511 0.0000e+00 5.9600e-05 1.6603e-04 2.6159e-05 1.6603e-04 1.9101e-01 0.0000e+00
512 0.0000e+00 0.0000e+00 1.6531e-04 2.3626e-05 1.6531e-04 1.9115e-01 0.0000e+00
513 0.0000e+00 0.0000e+00 1.6458e-04 2.1348e-05 1.6458e-04 1.9129e-01 0.0000e+00
514 0.0000e+00 0.0000e+00 1.6384e-04 1.9297e-05 1.6384e-04 1.9144e-01 0.0000e+00
515 0.0000e+00 0.0000e+00 1.6310e-04 1.7450e-05 1.6310e-04 1.9158e-01 0.0000e+00
516 0.0000e+00 0.0000e+00 1.6236e-04 1.5786e-05 1.6236e-04 1.9173e-01 0.0000e+00
517 0.0000e+00 0.0000e+00 1.6162e-04 1.4285e-05 1.6162e-04 1.9188e-01 0.0000e+00
518 0.0000e+00 0.0000e+00 1.6088e-04 1.2932e-05 1.6088e-04 1.9202e-01 0.0000e+00
519 0.0000e+00 0.0000e+00 1.6013e-04 1.1712e-05 1.6013e-04 1.9217e-01 0.0000e+00
520 0.0000e+00 0.0000e+00 1.5939e-04 1.0610e-05 1.5939e-04 1.9232e-01 0.0000e+00
521 0.0000e+00 0.0000e+00 1.5865e-04 9.6149e-06 1.5865e-04 1.9247e-01 0.0000e+00
522 0.0000e+00 0.0000e+00 1.5792e-04 8.7161e-06 1.5792e-04 1.9262e-01 0.0000e+00
523 0.0000e+00 0.0000e+00 1.5718e-04 7.9034e-06 1.5718e-04 1.9277e-01 0.0000e+00
524 0.0000e+00 0.0000e+00 1.5645e-04 7.1691e-06 1.5645e-04 1.9292e-01 0.0000e+00
525 0.0000e+00 4.1700e-05 1.5572e-04 6.5050e-06 1.5572e-04 1.9307e-01 0.0000e+00
526 0.0000e+00 8.0400e-05 1.5500e-04 5.9041e-06 1.5500e-04 1.9322e-01 0.0000e+00
527 0.0000e+00 1.1380e-04 1.5428e-04 5.3603e-06 1.5428e-04 1.9337e-01 0.0000e+00
528 0.0000e+00 1.3930e-04 1.5356e-04 4.8680e-06 1.5356e-04 1.9351e-01 0.0000e+00
529 0.0000e+00 1.5420e-04 1.5285e-04 4.4221e-06 1.5285e-04 1.9366e-01 0.0000e+00
530 0.0000e+00 1.6090e-04 1.5214e-04 4.0181e-06 1.5214e-04 1.9381e-01 0.0000e+00
531 0.0000e+00 1.5420e-04 1.5144e-04 3.6520e-06 1.5144e-04 1.9396e-01 0.0000e+00
532 0.0000e+00 1.3930e-04 1.5074e-04 3.3201e-06 1.5074e-04 1.9411e-01 0.0000e+00
533 0.0000e+00 1.1380e-04 1.5005e-04 3.0192e-06 1.5005e-04 1.9425e-01 0.0000e+00
534 0.0000e+00 8.0400e-05 1.4936e-04 2.7457e-06 1.4936e-04 1.9440e-01 0.0000e+00
535 0.0000e+00 3.8900e-05 1.4868e-04 2.4981e-06 1.4868e-04 1.9455e-01 0.0000e+00
536 0.0000e+00 0.0000e+00 1.4800e-04 2.2734e-06 1.4800e-04 1.9469e-01 0.0000e+00
537 0.0000e+00 0.0000e+00 1.4733e-04 2.0693e-06 1.4733e-04 1.9484e-01 0.0000e+00
538 0.0000e+00 0.0000e+00 1.4666e-04 1.8841e-06 1.4666e-04 1.9498e-01 0.0000e+00
539 0.0000e+00 0.0000e+00 1.4600e-04 1.7157e-06 1.4600e-04 1.9513e-01 0.0000e+00
540 0.0000e+00 0.0000e+00 1.4534e-04 1.5628e-06 1.4534e-04 1.9527e-01 0.0000e+00
541 0.0000e+00 0.0000e+00 1.4469e-04 1.4238e-06 1.4469e-04 1.9541e-01 0.0000e+00
542 0.0000e+00 0.0000e+00 1.4404e-04 1.2975e-06 1.4404e-04 1.9556e-01 0.0000e+00
543 0.0000e+00 0.0000e+00 1.4340e-04 1.1826e-06 1.4340e-04 1.9570e-01 0.0000e+00
544 0.0000e+00 0.0000e+00 1.4277e-04 1.0781e-06 1.4277e-04 1.9584e-01 0.0000e+00
545 0.0000e+00 0.0000e+00 1.4214e-04 9.8245e-07 1.4214e-04 1.9598e-01 0.0000e+00
546 0.0000e+00 0.0000e+00 1.4151e-04 8.9606e-07 1.4151e-04 1.9612e-01 0.0000e+00
547 0.0000e+00 0.0000e+00 1.4089e-04 8.1742e-07 1.4089e-04 1.9626e-01 0.0000e+00
548 0.0000e+00 0.0000e+00 1.4028e-04 7.4582e-07 1.4028e-04 1.9640e-01 0.0000e+00
549 0.0000e+00 2.0700e-05 1.3966e-04 6.8062e-07 1.3966e-04 1.9654e-01 0.0000e+00
550 0.0000e+00 4.0000e-05 1.3906e-04 6.2124e-07 1.3906e-04 1.9668e-01 0.0000e+00
551 0.0000e+00 5.6600e-05 1.3846e-04 5.6715e-07 1.3846e-04 1.9682e-01 0.0000e+00
552 1.0000e-03 6.9300e-05 1.3786e-04 5.1786e-07 1.3786e-04 1.9695e-01 0.0000e+00
553 1.0000e-03 7.6600e-05 1.3727e-04 4.7294e-07 1.3727e-04 1.9709e-01 0.0000e+00
554 2.0000e-03 8.0000e-05 1.5347e-04 8.2725e-05 1.3669e-04 1.9714e-01 1.6783e-05
555 1.5000e-03 7.6600e-05 1.6901e-04 2.2680e-04 1.3646e-04 1.9705e-01 3.2554e-05
556 0.0000e+00 6.9300e-05 1.3684e-04 1.8825e-04 1.3684e-04 1.9700e-01 0.0000e+00
557 5.0000e-04 5.6600e-05 1.4518e-04 2.0398e-04 1.3706e-04 1.9694e-01 8.1203e-06
558 0.0000e+00 4.0000e-05 1.3735e-04 1.7679e-04 1.3735e-04 1.9690e-01 0.0000e+00
559 0.0000e+00 1.9400e-05 1.3752e-04 1.5584e-04 1.3752e-04 1.9688e-01 0.0000e+00
560 0.0000e+00 0.0000e+00 1.3760e-04 1.3801e-04 1.3760e-04 1.9688e-01 0.0000e+00
561 0.0000e+00 0.0000e+00 1.3760e-04 1.2260e-04 1.3760e-04 1.9689e-01 0.0000e+00
562 0.0000e+00 0.0000e+00 1.3754e-04 1.0917e-04 1.3754e-04 1.9692e-01 0.0000e+00
563 0.0000e+00 0.0000e+00 1.3741e-04 9.7395e-05 1.3741e-04 1.9696e-01 0.0000e+00
564 0.0000e+00 0.0000e+00 1.3724e-04 8.7026e-05 1.3724e-04 1.9701e-01 0.0000e+00
565 5.0000e-04 0.0000e+00 1.4583e-04 1.2106e-04 1.3703e-04 1.9703e-01 8.8052e-06
566 0.0000e+00 0.0000e+00 1.3696e-04 1.0486e-04 1.3696e-04 1.9706e-01 0.0000e+00
567 0.0000e+00 0.0000e+00 1.3682e-04 9.3060e-05 1.3682e-04 1.9710e-01 0.0000e+00
568 0.0000e+00 0.0000e+00 1.3663e-04 8.2930e-05 1.3663e-04 1.9716e-01 0.0000e+00
569 0.0000e+00 0.0000e+00 1.3641e-04 7.4092e-05 1.3641e-04 1.9722e-01 0.0000e+00
570 0.0000e+00 0.0000e+00 1.3614e-04 6.6318e-05 1.3614e-04 1.9729e-01 0.0000e+00
571 0.0000e+00 0.0000e+00 1.3584e-04 5.9444e-05 1.3584e-04 1.9736e-01 0.0000e+00
572 0.0000e+00 0.0000e+00 1.3552e-04 5.3346e-05 1.3552e-04 1.9745e-01 0.0000e+00
573 3.0000e-03 3.0500e-05 2.0395e-04 3.8430e-04 1.3517e-04 1.9720e-01 6.8776e-05
574 1.0000e-03 5.8900e-05 1.5845e-04 4.2611e-04 1.3623e-04 1.9691e-01 2.2226e-05
575 2.5000e-03 8.3300e-05 1.9343e-04 6.4090e-04 1.3747e-04 1.9640e-01 5.5963e-05
576 3.5000e-03 1.0200e-04 2.1798e-04 9.3219e-04 1.3965e-04 1.9561e-01 7.8329e-05
577 1.5000e-03 1.1290e-04 1.7520e-04 9.5474e-04 1.4315e-04 1.9480e-01 3.2050e-05
578 0.0000e+00 1.1780e-04 1.4683e-04 8.2990e-04 1.4683e-04 1.9412e-01 0.0000e+00
579 0.0000e+00 1.1290e-04 1.4999e-04 7.3251e-04 1.4999e-04 1.9353e-01 0.0000e+00
580 0.0000e+00 1.0200e-04 1.5275e-04 6.4930e-04 1.5275e-04 1.9304e-01 0.0000e+00
581 0.0000e+00 8.3300e-05 1.5514e-04 5.7704e-04 1.5514e-04 1.9262e-01 0.0000e+00
582 0.0000e+00 5.8900e-05 1.5720e-04 5.1376e-04 1.5720e-04 1.9226e-01 0.0000e+00
583 0.0000e+00 2.8500e-05 1.5896e-04 4.5806e-04 1.5896e-04 1.9196e-01 0.0000e+00
584 0.0000e+00 0.0000e+00 1.6045e-04 4.0889e-04 1.6045e-04 1.9171e-01 0.0000e+00
585 0.0000e+00 0.0000e+00 1.6170e-04 3.6537e-04 1.6170e-04 1.9151e-01 0.0000e+00
586 0.0000e+00 0.0000e+00 1.6273e-04 3.2677e-04 1.6273e-04 1.9134e-01 0.0000e+00
587 0.0000e+00 0.0000e+00 1.6357e-04 2.9250e-04 1.6357e-04 1.9122e-01 0.0000e+00
588 0.0000e+00 0.0000e+00 1.6423e-04 2.6202e-04 1.6423e-04 1.9112e-01 0.0000e+00
589 5.0000e-04 0.0000e+00 1.6473e-04 2.3488e-04 1.6473e-04 1.9105e-01 0.0000e+00
590 0.0000e+00 0.0000e+00 1.6510e-04 2.1069e-04 1.6510e-04 1.9100e-01 0.0000e+00
591 0.0000e+00 0.0000e+00 1.6533e-04 1.8911e-04 1.6533e-04 1.9098e-01 0.0000e+00
592 5.0000e-04 0.0000e+00 1.7432e-04 2.1537e-04 1.6545e-04 1.9093e-01 8.8693e-06
593 0.0000e+00 0.0000e+00 1.6571e-04 1.8891e-04 1.6571e-04 1.9091e-01 0.0000e+00
594 1.0000e-03 0.0000e+00 1.8876e-04 2.8634e-04 1.6583e-04 1.9078e-01 2.2925e-05
595 0.0000e+00 0.0000e+00 1.6646e-04 2.4474e-04 1.6646e-04 1.9071e-01 0.0000e+00
596 0.0000e+00 0.0000e+00 1.6687e-04 2.1641e-04 1.6687e-04 1.9066e-01 0.0000e+00
597 0.0000e+00 6.2600e-05 1.6712e-04 1.9239e-04 1.6712e-04 1.9063e-01 0.0000e+00
598 0.0000e+00 1.2080e-04 1.6726e-04 1.7150e-04 1.6726e-04 1.9063e-01 0.0000e+00
599 0.0000e+00 1.7090e-04 1.6728e-04 1.5318e-04 1.6728e-04 1.9064e-01 0.0000e+00
600 0.0000e+00 2.0930e-04 1.6720e-04 1.3703e-04 1.6720e-04 1.9067e-01 0.0000e+00
601 0.0000e+00 2.3150e-04 1.6705e-04 1.2273e-04 1.6705e-04 1.9072e-01 0.0000e+00
602 0.0000e+00 2.4180e-04 1.6682e-04 1.1004e-04 1.6682e-04 1.9077e-01 0.0000e+00
603 0.0000e+00 2.3150e-04 1.6652e-04 9.8754e-05 1.6652e-04 1.9084e-01 0.0000e+00
604 0.0000e+00 2.0930e-04 1.6617e-04 8.8701e-05 1.6617e-04 1.9092e-01 0.0000e+00
605 0.0000e+00 1.7090e-04 1.6577e-04 7.9732e-05 1.6577e-04 1.9100e-01 0.0000e+00
606 0.0000e+00 1.2080e-04 1.6532e-04 7.1721e-05 1.6532e-04 1.9110e-01 0.0000e+00
607 0.0000e+00 5.8500e-05 1.6484e-04 6.4557e-05 1.6484e-04 1.9120e-01 0.0000e+00
608 0.0000e+00 0.0000e+00 1.6432e-04 5.8143e-05 1.6432e-04 1.9130e-01 0.0000e+00
609 0.0000e+00 0.0000e+00 1.6378e-04 5.2398e-05 1.6378e-04 1.9142e-01 0.0000e+00
610 0.0000e+00 0.0000e+00 1.6321e-04 4.7245e-05 1.6321e-04 1.9153e-01 0.0000e+00
611 0.0000e+00 0.0000e+00 1.6262e-04 4.2621e-05 1.6262e-04 1.9165e-01 0.0000e+00
612 0.0000e+00 0.0000e+00 1.6201e-04 3.8469e-05 1.6201e-04 1.9177e-01 0.0000e+00
613 0.0000e+00 0.0000e+00 1.6139e-04 3.4738e-05 1.6139e-04 1.9190e-01 0.0000e+00
614 0.0000e+00 0.0000e+00 1.6075e-04 3.1383e-05 1.6075e-04 1.9203e-01 0.0000e+00
615 0.0000e+00 0.0000e+00 1.6010e-04 2.8364e-05 1.6010e-04 1.9216e-01 0.0000e+00
616 0.0000e+00 0.0000e+00 1.5944e-04 2.5647e-05 1.5944e-04 1.9230e-01 0.0000e+00
617 0.0000e+00 0.0000e+00 1.5878e-04 2.3199e-05 1.5878e-04 1.9243e-01 0.0000e+00
618 0.0000e+00 0.0000e+00 1.5811e-04 2.0993e-05 1.5811e-04 1.9257e-01 0.0000e+00
619 0.0000e+00 0.0000e+00 1.5743e-04 1.9004e-05 1.5743e-04 1.9271e-01 0.0000e+00
620 0.0000e+00 0.0000e+00 1.5675e-04 1.7210e-05 1.5675e-04 1.9285e-01 0.0000e+00
621 0.0000e+00 1.4200e-05 1.5607e-04 1.5590e-05 1.5607e-04 1.9299e-01 0.0000e+00
622 0.0000e+00 2.7500e-05 1.5538e-04 1.4128e-05 1.5538e-04 1.9313e-01 0.0000e+00
623 0.0000e+00 3.8900e-05 1.5470e-04 1.2808e-05 1.5470e-04 1.9327e-01 0.0000e+00
624 1.0000e-03 4.7600e-05 1.5402e-04 1.1615e-05 1.5402e-04 1.9341e-01 0.0000e+00
625 1.0000e-03 5.2700e-05 1.5510e-04 1.9463e-05 1.5333e-04 1.9355e-01 1.7724e-06
626 3.0000e-03 5.5000e-05 2.2026e-04 3.5670e-04 1.5269e-04 1.9334e-01 6.7568e-05
627 2.0000e-03 5.2700e-05 1.9826e-04 5.1330e-04 1.5367e-04 1.9298e-01 4.4590e-05
628 1.5000e-03 4.7600e-05 1.8858e-04 5.9932e-04 1.5540e-04 1.9254e-01 3.3180e-05
629 3.5000e-03 3.8900e-05 2.3672e-04 9.1342e-04 1.5758e-04 1.9178e-01 7.9147e-05
630 4.0000e-03 2.7500e-05 2.5215e-04 1.2363e-03 1.6134e-04 1.9071e-01 9.0809e-05
631 5.0000e-03 1.3300e-05 2.8547e-04 1.6348e-03 1.6685e-04 1.8924e-01 1.1862e-04
632 0.0000e+00 0.0000e+00 1.7469e-04 1.3975e-03 1.7469e-04 1.8802e-01 0.0000e+00
633 0.0000e+00 0.0000e+00 1.8149e-04 1.2283e-03 1.8149e-04 1.8697e-01 0.0000e+00
634 1.0000e-03 0.0000e+00 2.1282e-04 1.2029e-03 1.8753e-04 1.8596e-01 2.5295e-05
635 2.5000e-03 0.0000e+00 2.6536e-04 1.3491e-03 1.9357e-04 1.8480e-01 7.1786e-05
636 3.5000e-03 0.0000e+00 3.0119e-04 1.5906e-03 2.0069e-04 1.8341e-01 1.0050e-04
637 3.0000e-03 0.0000e+00 2.9574e-04 1.7393e-03 2.0960e-04 1.8188e-01 8.6143e-05
638 0.0000e+00 0.0000e+00 2.1986e-04 1.5130e-03 2.1986e-04 1.8059e-01 0.0000e+00
639 5.0000e-04 0.0000e+00 2.4328e-04 1.3949e-03 2.2893e-04 1.7942e-01 1.4357e-05
640 0.0000e+00 0.0000e+00 2.3742e-04 1.2284e-03 2.3742e-04 1.7843e-01 0.0000e+00
641 5.0000e-04 0.0000e+00 2.5925e-04 1.1482e-03 2.4489e-04 1.7753e-01 1.4357e-05
642 0.0000e+00 0.0000e+00 2.5190e-04 1.0118e-03 2.5190e-04 1.7677e-01 0.0000e+00
643 5.0000e-04 0.0000e+00 2.7231e-04 9.5842e-04 2.5795e-04 1.7607e-01 1.4357e-05
644 0.0000e+00 0.0000e+00 2.6366e-04 8.4390e-04 2.6366e-04 1.7549e-01 0.0000e+00
645 0.0000e+00 1.6900e-05 2.6849e-04 7.4699e-04 2.6849e-04 1.7501e-01 0.0000e+00
646 0.0000e+00 3.2600e-05 2.7253e-04 6.6210e-04 2.7253e-04 1.7462e-01 0.0000e+00
647 0.0000e+00 4.6100e-05 2.7587e-04 5.8741e-04 2.7587e-04 1.7431e-01 0.0000e+00
648 0.0000e+00 5.6400e-05 2.7857e-04 5.2155e-04 2.7857e-04 1.7406e-01 0.0000e+00
649 0.0000e+00 6.2400e-05 2.8069e-04 4.6338e-04 2.8069e-04 1.7388e-01 0.0000e+00
650 0.0000e+00 6.5200e-05 2.8230e-04 4.1197e-04 2.8230e-04 1.7375e-01 0.0000e+00
651 0.0000e+00 6.2400e-05 2.8345e-04 3.6649e-04 2.8345e-04 1.7367e-01 0.0000e+00
652 0.0000e+00 5.6400e-05 2.8418e-04 3.2623e-04 2.8418e-04 1.7363e-01 0.0000e+00
653 0.0000e+00 4.6100e-05 2.8456e-04 2.9057e-04 2.8456e-04 1.7362e-01 0.0000e+00
654 0.0000e+00 3.2600e-05 2.8461e-04 2.5895e-04 2.8461e-04 1.7365e-01 0.0000e+00
655 0.0000e+00 1.5800e-05 2.8438e-04 2.3091e-04 2.8438e-04 1.7370e-01 0.0000e+00
656 0.0000e+00 0.0000e+00 2.8391e-04 2.0603e-04 2.8391e-04 1.7378e-01 0.0000e+00
657 0.0000e+00 0.0000e+00 2.8322e-04 1.8393e-04 2.8322e-04 1.7388e-01 0.0000e+00
658 0.0000e+00 0.0000e+00 2.8234e-04 1.6429e-04 2.8234e-04 1.7399e-01 0.0000e+00
659 0.0000e+00 0.0000e+00 2.8130e-04 1.4683e-04 2.8130e-04 1.7413e-01 0.0000e+00
660 0.0000e+00 0.0000e+00 2.8012e-04 1.3130e-04 2.8012e-04 1.7428e-01 0.0000e+00
661 0.0000e+00 0.0000e+00 2.7882e-04 1.1747e-04 2.7882e-04 1.7444e-01 0.0000e+00
662 0.0000e+00 0.0000e+00 2.7742e-04 1.0515e-04 2.7742e-04 1.7461e-01 0.0000e+00
663 0.0000e+00 0.0000e+00 2.7593e-04 9.4177e-05 2.7593e-04 1.7479e-01 0.0000e+00
664 0.0000e+00 0.0000e+00 2.7437e-04 8.4389e-05 2.7437e-04 1.7498e-01 0.0000e+00
665 0.0000e+00 0.0000e+00 2.7274e-04 7.5656e-05 2.7274e-04 1.7518e-01 0.0000e+00
666 5.0000e-04 0.0000e+00 2.7133e-04 6.9041e-05 2.7107e-04 1.7538e-01 2.6620e-07
667 0.0000e+00 0.0000e+00 2.6936e-04 6.1825e-05 2.6936e-04 1.7559e-01 0.0000e+00
668 5.0000e-04 0.0000e+00 2.8198e-04 1.1893e-04 2.6762e-04 1.7574e-01 1.4357e-05
669 5.0000e-04 1.5300e-05 2.8074e-04 1.6317e-04 2.6638e-04 1.7584e-01 1.4357e-05
670 0.0000e+00 2.9500e-05 2.6552e-04 1.3724e-04 2.6552e-04 1.7597e-01 0.0000e+00
671 1.0000e-03 4.1700e-05 2.9189e-04 2.4028e-04 2.6446e-04 1.7599e-01 2.7428e-05
672 0.0000e+00 5.1100e-05 2.6426e-04 2.0020e-04 2.6426e-04 1.7606e-01 0.0000e+00
673 0.0000e+00 5.6500e-05 2.6373e-04 1.7356e-04 2.6373e-04 1.7615e-01 0.0000e+00
674 0.0000e+00 5.9000e-05 2.6299e-04 1.5169e-04 2.6299e-04 1.7626e-01 0.0000e+00
675 5.0000e-04 5.6500e-05 2.7046e-04 1.7008e-04 2.6208e-04 1.7635e-01 8.3852e-06
676 5.0000e-04 5.1100e-05 2.7406e-04 2.0246e-04 2.6132e-04 1.7641e-01 1.2735e-05
677 0.0000e+00 4.1700e-05 2.6084e-04 1.7275e-04 2.6084e-04 1.7650e-01 0.0000e+00
678 0.0000e+00 2.9500e-05 2.6013e-04 1.5090e-04 2.6013e-04 1.7661e-01 0.0000e+00
679 1.0000e-03 1.4300e-05 2.8445e-04 2.4304e-04 2.5924e-04 1.7662e-01 2.5205e-05
680 1.0000e-03 0.0000e+00 2.8741e-04 3.2841e-04 2.5911e-04 1.7656e-01 2.8304e-05
681 0.0000e+00 0.0000e+00 2.5967e-04 2.7622e-04 2.5967e-04 1.7654e-01 0.0000e+00
682 0.0000e+00 0.0000e+00 2.5980e-04 2.3975e-04 2.5980e-04 1.7656e-01 0.0000e+00
683 0.0000e+00 0.0000e+00 2.5964e-04 2.0962e-04 2.5964e-04 1.7661e-01 0.0000e+00
684 0.0000e+00 0.0000e+00 2.5924e-04 1.8407e-04 2.5924e-04 1.7668e-01 0.0000e+00
685 0.0000e+00 0.0000e+00 2.5863e-04 1.6213e-04 2.5863e-04 1.7678e-01 0.0000e+00
686 0.0000e+00 0.0000e+00 2.5785e-04 1.4314e-04 2.5785e-04 1.7689e-01 0.0000e+00
687 0.0000e+00 0.0000e+00 2.5693e-04 1.2662e-04 2.5693e-04 1.7703e-01 0.0000e+00
688 0.0000e+00 0.0000e+00 2.5588e-04 1.1219e-04 2.5588e-04 1.7717e-01 0.0000e+00
689 0.0000e+00 0.0000e+00 2.5474e-04 9.9549e-05 2.5474e-04 1.7732e-01 0.0000e+00
690 0.0000e+00 0.0000e+00 2.5350e-04 8.8446e-05 2.5350e-04 1.7749e-01 0.0000e+00
691 0.0000e+00 0.0000e+00 2.5220e-04 7.8673e-05 2.5220e-04 1.7766e-01 0.0000e+00
692 0.0000e+00 0.0000e+00 2.5084e-04 7.0056e-05 2.5084e-04 1.7784e-01 0.0000e+00
693 0.0000e+00 5.6100e-05 2.4942e-04 6.2444e-05 2.4942e-04 1.7803e-01 0.0000e+00
694 0.0000e+00 1.0830e-04 2.4797e-04 5.5710e-05 2.4797e-04 1.7822e-01 0.0000e+00
695 0.0000e+00 1.5320e-04 2.4648e-04 4.9745e-05 2.4648e-04 1.7842e-01 0.0000e+00
696 0.0000e+00 1.8770e-04 2.4497e-04 4.4455e-05 2.4497e-04 1.7862e-01 0.0000e+00
697 0.0000e+00 2.0760e-04 2.4344e-04 3.9758e-05 2.4344e-04 1.7882e-01 0.0000e+00
698 0.0000e+00 2.1680e-04 2.4190e-04 3.5583e-05 2.4190e-04 1.7903e-01 0.0000e+00
699 0.0000e+00 2.0760e-04 2.4034e-04 3.1868e-05 2.4034e-04 1.7924e-01 0.0000e+00
700 5.0000e-04 1.8770e-04 2.3878e-04 2.8560e-05 2.3878e-04 1.7945e-01 0.0000e+00
701 0.0000e+00 1.5320e-04 2.3722e-04 2.5612e-05 2.3722e-04 1.7966e-01 0.0000e+00
702 0.0000e+00 1.0830e-04 2.3566e-04 2.2981e-05 2.3566e-04 1.7987e-01 0.0000e+00
703 0.0000e+00 5.2400e-05 2.3410e-04 2.0633e-05 2.3410e-04 1.8009e-01 0.0000e+00
704 0.0000e+00 0.0000e+00 2.3254e-04 1.8535e-05 2.3254e-04 1.8030e-01 0.0000e+00
705 0.0000e+00 0.0000e+00 2.3099e-04 1.6660e-05 2.3099e-04 1.8051e-01 0.0000e+00
706 0.0000e+00 0.0000e+00 2.2945e-04 1.4981e-05 2.2945e-04 1.8073e-01 0.0000e+00
707 0.0000e+00 0.0000e+00 2.2791e-04 1.3479e-05 2.2791e-04 1.8094e-01 0.0000e+00
708 0.0000e+00 0.0000e+00 2.2639e-04 1.2133e-05 2.2639e-04 1.8116e-01 0.0000e+00
709 0.0000e+00 0.0000e+00 2.2488e-04 1.0927e-05 2.2488e-04 1.8137e-01 0.0000e+00
710 0.0000e+00 0.0000e+00 2.2338e-04 9.8443e-06 2.2338e-04 1.8159e-01 0.0000e+00
711 0.0000e+00 0.0000e+00 2.2190e-04 8.8734e-06 2.2190e-04 1.8180e-01 0.0000e+00
712 0.0000e+00 0.0000e+00 2.2043e-04 8.0017e-06 2.2043e-04 1.8201e-01 0.0000e+00
713 0.0000e+00 0.0000e+00 2.1897e-04 7.2186e-06 2.1897e-04 1.8222e-01 0.0000e+00
714 0.0000e+00 0.0000e+00 2.1752e-04 6.5147e-06 2.1752e-04 1.8243e-01 0.0000e+00
715 0.0000e+00 0.0000e+00 2.1609e-04 5.8818e-06 2.1609e-04 1.8264e-01 0.0000e+00
716 0.0000e+00 0.0000e+00 2.1468e-04 5.3124e-06 2.1468e-04 1.8285e-01 0.0000e+00
717 0.0000e+00 8.5600e-05 2.1328e-04 4.7999e-06 2.1328e-04 1.8306e-01 0.0000e+00
718 0.0000e+00 1.6520e-04 2.1189e-04 4.3384e-06 2.1189e-04 1.8327e-01 0.0000e+00
719 0.0000e+00 2.3380e-04 2.1052e-04 3.9226e-06 2.1052e-04 1.8348e-01 0.0000e+00
720 0.0000e+00 2.8620e-04 2.0917e-04 3.5474e-06 2.0917e-04 1.8368e-01 0.0000e+00
721 0.0000e+00 3.1670e-04 2.0783e-04 3.2097e-06 2.0783e-04 1.8389e-01 0.0000e+00
722 0.0000e+00 3.3060e-04 2.0650e-04 2.9051e-06 2.0650e-04 1.8409e-01 0.0000e+00
723 0.0000e+00 3.1670e-04 2.0519e-04 2.6303e-06 2.0519e-04 1.8429e-01 0.0000e+00
724 0.0000e+00 2.8620e-04 2.0390e-04 2.3822e-06 2.0390e-04 1.8449e-01 0.0000e+00
725 0.0000e+00 2.3380e-04 2.0262e-04 2.1581e-06 2.0262e-04 1.8469e-01 0.0000e+00
726 0.0000e+00 1.6520e-04 2.0135e-04 1.9557e-06 2.0135e-04 1.8489e-01 0.0000e+00
727 0.0000e+00 8.0000e-05 2.0010e-04 1.7729e-06 2.0010e-04 1.8509e-01 0.0000e+00
728 0.0000e+00 0.0000e+00 1.9887e-04 1.6075e-06 1.9887e-04 1.8529e-01 0.0000e+00
729 0.0000e+00 0.0000e+00 1.9764e-04 1.4580e-06 1.9764e-04 1.8549e-01 0.0000e+00
730 0.0000e+00 0.0000e+00 1.9644e-04 1.3228e-06 1.9644e-04 1.8568e-01 0.0000e+00
731 0.0000e+00 0.0000e+00 1.9524e-04 1.1998e-06 1.9524e-04 1.8587e-01 0.0000e+00
732 0.0000e+00 0.0000e+00 1.9406e-04 1.0892e-06 1.9406e-04 1.8607e-01 0.0000e+00
733 0.0000e+00 0.0000e+00 1.9290e-04 9.8901e-07 1.9290e-04 1.8626e-01 0.0000e+00
734 0.0000e+00 0.0000e+00 1.9174e-04 8.9827e-07 1.9174e-04 1.8645e-01 0.0000e+00
735 0.0000e+00 0.0000e+00 1.9060e-04 8.1606e-07 1.9060e-04 1.8664e-01 0.0000e+00
736 0.0000e+00 0.0000e+00 1.8948e-04 7.4156e-07 1.8948e-04 1.8683e-01 0.0000e+00
737 0.0000e+00 0.0000e+00 1.8836e-04 6.7402e-07 1.8836e-04 1.8702e-01 0.0000e+00
738 0.0000e+00 0.0000e+00 1.8726e-04 6.1278e-07 1.8726e-04 1.8720e-01 0.0000e+00
739 0.0000e+00 0.0000e+00 1.8617e-04 5.5723e-07 1.8617e-04 1.8739e-01 0.0000e+00
740 0.0000e+00 0.0000e+00 1.8509e-04 5.0684e-07 1.8509e-04 1.8757e-01 0.0000e+00
741 0.0000e+00 7.4700e-05 1.8403e-04 4.6110e-07 1.8403e-04 1.8776e-01 0.0000e+00
742 0.0000e+00 1.4410e-04 1.8298e-04 4.1880e-07 1.8298e-04 1.8794e-01 0.0000e+00
743 0.0000e+00 2.0380e-04 1.8194e-04 3.8123e-07 1.8194e-04 1.8812e-01 0.0000e+00
744 0.0000e+00 2.4960e-04 1.8091e-04 3.4709e-07 1.8091e-04 1.8830e-01 0.0000e+00
745 0.0000e+00 2.7610e-04 1.7989e-04 3.1608e-07 1.7989e-04 1.8848e-01 0.0000e+00
746 0.0000e+00 2.8830e-04 1.7888e-04 2.8790e-07 1.7888e-04 1.8866e-01 0.0000e+00
747 0.0000e+00 2.7610e-04 1.7789e-04 2.6228e-07 1.7789e-04 1.8884e-01 0.0000e+00
748 0.0000e+00 2.4960e-04 1.7690e-04 2.3899e-07 1.7690e-04 1.8901e-01 0.0000e+00
749 0.0000e+00 2.0380e-04 1.7593e-04 2.1781e-07 1.7593e-04 1.8919e-01 0.0000e+00
750 0.0000e+00 1.4410e-04 1.7496e-04 1.9855e-07 1.7496e-04 1.8936e-01 0.0000e+00
751 0.0000e+00 6.9800e-05 1.7401e-04 1.8102e-07 1.7401e-04 1.8954e-01 0.0000e+00
752 0.0000e+00 0.0000e+00 1.7307e-04 1.6508e-07 1.7307e-04 1.8971e-01 0.0000e+00
753 0.0000e+00 0.0000e+00 1.7214e-04 1.4958e-07 1.7214e-04 1.8988e-01 0.0000e+00
754 0.0000e+00 0.0000e+00 1.7121e-04 1.3649e-07 1.7121e-04 1.9005e-01 0.0000e+00
755 0.0000e+00 0.0000e+00 1.7030e-04 1.2457e-07 1.7030e-04 1.9022e-01 0.0000e+00
756 0.0000e+00 0.0000e+00 1.6940e-04 1.1371e-07 1.6940e-04 1.9039e-01 0.0000e+00
757 0.0000e+00 0.0000e+00 1.6850e-04 1.0381e-07 1.6850e-04 1.9056e-01 0.0000e+00
758 0.0000e+00 0.0000e+00 1.6762e-04 9.4788e-08 1.6762e-04 1.9073e-01 0.0000e+00
759 0.0000e+00 0.0000e+00 1.6674e-04 8.6566e-08 1.6674e-04 1.9090e-01 0.0000e+00
760 0.0000e+00 0.0000e+00 1.6588e-04 7.9070e-08 1.6588e-04 1.9106e-01 0.0000e+00
761 0.0000e+00 0.0000e+00 1.6502e-04 7.2234e-08 1.6502e-04 1.9123e-01 0.0000e+00
762 0.0000e+00 0.0000e+00 1.6417e-04 6.6000e-08 1.6417e-04 1.9139e-01 0.0000e+00
763 0.0000e+00 0.0000e+00 1.6333e-04 6.0314e-08 1.6333e-04 1.9155e-01 0.0000e+00
764 0.0000e+00 0.0000e+00 1.6250e-04 5.3799e-08 1.6250e-04 1.9172e-01 0.0000e+00
765 0.0000e+00 9.6700e-05 1.6168e-04 4.9212e-08 1.6168e-04 1.9188e-01 0.0000e+00
766 0.0000e+00 1.8660e-04 1.6086e-04 4.5023e-08 1.6086e-04 1.9204e-01 0.0000e+00
767 0.0000e+00 2.6400e-04 1.6006e-04 4.1196e-08 1.6006e-04 1.9220e-01 0.0000e+00
768 0.0000e+00 3.2330e-04 1.5926e-04 3.7699e-08 1.5926e-04 1.9236e-01 0.0000e+00
769 0.0000e+00 3.5770e-04 1.5847e-04 3.4503e-08 1.5847e-04 1.9252e-01 0.0000e+00
770 0.0000e+00 3.7350e-04 1.5769e-04 3.1582e-08 1.5769e-04 1.9267e-01 0.0000e+00
771 0.0000e+00 3.5770e-04 1.5691e-04 2.8913e-08 1.5691e-04 1.9283e-01 0.0000e+00
772 0.0000e+00 3.2330e-04 1.5614e-04 2.6472e-08 1.5614e-04 1.9299e-01 0.0000e+00
773 0.0000e+00 2.6400e-04 1.5538e-04 2.4241e-08 1.5538e-04 1.9314e-01 0.0000e+00
774 0.0000e+00 1.8660e-04 1.5463e-04 2.2200e-08 1.5463e-04 1.9330e-01 0.0000e+00
775 0.0000e+00 9.0400e-05 1.5389e-04 1.8722e-08 1.5389e-04 1.9345e-01 0.0000e+00
776 0.0000e+00 0.0000e+00 1.5315e-04 1.7175e-08 1.5315e-04 1.9360e-01 0.0000e+00
777 0.0000e+00 0.0000e+00 1.5242e-04 1.5758e-08 1.5242e-04 1.9376e-01 0.0000e+00
778 0.0000e+00 0.0000e+00 1.5169e-04 1.4459e-08 1.5169e-04 1.9391e-01 0.0000e+00
779 0.0000e+00 0.0000e+00 1.5097e-04 1.3268e-08 1.5097e-04 1.9406e-01 0.0000e+00
780 0.0000e+00 0.0000e+00 1.5026e-04 1.2177e-08 1.5026e-04 1.9421e-01 0.0000e+00
781 0.0000e+00 0.0000e+00 1.4956e-04 1.1177e-08 1.4956e-04 1.9436e-01 0.0000e+00
782 0.0000e+00 0.0000e+00 1.4886e-04 1.0259e-08 1.4886e-04 1.9451e-01 0.0000e+00
783 0.0000e+00 0.0000e+00 1.4817e-04 9.4183e-09 1.4817e-04 1.9466e-01 0.0000e+00
784 0.0000e+00 0.0000e+00 1.4749e-04 8.6469e-09 1.4749e-04 1.9480e-01 0.0000e+00
785 0.0000e+00 0.0000e+00 1.4681e-04 7.9395e-09 1.4681e-04 1.9495e-01 0.0000e+00
786 0.0000e+00 0.0000e+00 1.4614e-04 5.7000e-09 1.4614e-04 1.9510e-01 0.0000e+00
787 0.0000e+00 0.0000e+00 1.4547e-04 5.2481e-09 1.4547e-04 1.9524e-01 0.0000e+00
788 0.0000e+00 0.0000e+00 1.4481e-04 4.8324e-09 1.4481e-04 1.9539e-01 0.0000e+00
789 0.0000e+00 1.2590e-04 1.4416e-04 4.4500e-09 1.4416e-04 1.9553e-01 0.0000e+00
790 0.0000e+00 2.4290e-04 1.4351e-04 4.0981e-09 1.4351e-04 1.9567e-01 0.0000e+00
791 0.0000e+00 3.4370e-04 1.4287e-04 3.7743e-09 1.4287e-04 1.9582e-01 0.0000e+00
792 0.0000e+00 4.2090e-04 1.4223e-04 3.4763e-09 1.4223e-04 1.9596e-01 0.0000e+00
793 0.0000e+00 4.6560e-04 1.4160e-04 3.2021e-09 1.4160e-04 1.9610e-01 0.0000e+00
794 0.0000e+00 4.8620e-04 1.4098e-04 2.9496e-09 1.4098e-04 1.9624e-01 0.0000e+00
795 0.0000e+00 4.6560e-04 1.4036e-04 2.7173e-09 1.4036e-04 1.9638e-01 0.0000e+00
796 0.0000e+00 4.2090e-04 1.3974e-04 2.5035e-09 1.3974e-04 1.9652e-01 0.0000e+00
797 0.0000e+00 3.4370e-04 1.3913e-04 2.3066e-09 1.3913e-04 1.9666e-01 0.0000e+00
798 0.0000e+00 2.4290e-04 1.3853e-04 1.1176e-09 1.3853e-04 1.9680e-01 0.0000e+00
799 0.0000e+00 1.1760e-04 1.3793e-04 1.0336e-09 1.3793e-04 1.9694e-01 0.0000e+00
800 0.0000e+00 0.0000e+00 1.3734e-04 9.5602e-10 1.3734e-04 1.9708e-01 0.0000e+00
801 0.0000e+00 0.0000e+00 1.3675e-04 8.8427e-10 1.3675e-04 1.9721e-01 0.0000e+00
802 0.0000e+00 0.0000e+00 1.3617e-04 8.1795e-10 1.3617e-04 1.9735e-01 0.0000e+00
803 0.0000e+00 0.0000e+00 1.3559e-04 7.5663e-10 1.3559e-04 1.9748e-01 0.0000e+00
804 0.0000e+00 0.0000e+00 1.3501e-04 6.9995e-10 1.3501e-04 1.9762e-01 0.0000e+00
805 0.0000e+00 0.0000e+00 1.3445e-04 6.4754e-10 1.3445e-04 1.9775e-01 0.0000e+00
806 0.0000e+00 0.0000e+00 1.3388e-04 5.9909e-10 1.3388e-04 1.9789e-01 0.0000e+00
807 0.0000e+00 0.0000e+00 1.3332e-04 5.5429e-10 1.3332e-04 1.9802e-01 0.0000e+00
808 0.0000e+00 0.0000e+00 1.3277e-04 5.1286e-10 1.3277e-04 1.9815e-01 0.0000e+00
809 0.0000e+00 0.0000e+00 1.3222e-04 9.9068e-11 1.3222e-04 1.9829e-01 0.0000e+00
810 0.0000e+00 0.0000e+00 1.3167e-04 9.2078e-11 1.3167e-04 1.9842e-01 0.0000e+00
811 0.0000e+00 0.0000e+00 1.3113e-04 8.5586e-11 1.3113e-04 1.9855e-01 0.0000e+00
812 0.0000e+00 0.0000e+00 1.3060e-04 7.9554e-11 1.3060e-04 1.9868e-01 0.0000e+00
813 0.0000e+00 3.0400e-05 1.3007e-04 7.3949e-11 1.3007e-04 1.9881e-01 0.0000e+00
814 0.0000e+00 5.8700e-05 1.2954e-04 6.8742e-11 1.2954e-04 1.9894e-01 0.0000e+00
815 0.0000e+00 8.3100e-05 1.2901e-04 6.3904e-11 1.2901e-04 1.9907e-01 0.0000e+00
816 0.0000e+00 1.0180e-04 1.2850e-04 5.9409e-11 1.2850e-04 1.9920e-01 0.0000e+00
817 0.0000e+00 1.1260e-04 1.2798e-04 5.5232e-11 1.2798e-04 1.9932e-01 0.0000e+00
818 0.0000e+00 1.1760e-04 1.2747e-04 5.1350e-11 1.2747e-04 1.9945e-01 0.0000e+00
819 0.0000e+00 1.1260e-04 1.2696e-04 4.7743e-11 1.2696e-04 1.9958e-01 0.0000e+00
820 0.0000e+00 1.0180e-04 1.2646e-04 4.4391e-11 1.2646e-04 1.9971e-01 0.0000e+00
821 0.0000e+00 8.3100e-05 1.2596e-04 0.0000e+00 1.2596e-04 1.9983e-01 0.0000e+00
822 0.0000e+00 5.8700e-05 1.2547e-04 0.0000e+00 1.2547e-04 1.9996e-01 0.0000e+00
823 0.0000e+00 2.8400e-05 1.2498e-04 0.0000e+00 1.2498e-04 2.0008e-01 0.0000e+00
824 0.0000e+00 0.0000e+00 1.2449e-04 0.0000e+00 1.2449e-04 2.0021e-01 0.0000e+00
825 0.0000e+00 0.0000e+00 1.2401e-04 0.0000e+00 1.2401e-04 2.0033e-01 0.0000e+00
826 0.0000e+00 0.0000e+00 1.2353e-04 0.0000e+00 1.2353e-04 2.0045e-01 0.0000e+00
827 0.0000e+00 0.0000e+00 1.2305e-04 0.0000e+00 1.2305e-04 2.0058e-01 0.0000e+00
828 0.0000e+00 0.0000e+00 1.2258e-04 0.0000e+00 1.2258e-04 2.0070e-01 0.0000e+00
829 0.0000e+00 0.0000e+00 1.2211e-04 0.0000e+00 1.2211e-04 2.0082e-01 0.0000e+00
830 0.0000e+00 0.0000e+00 1.2164e-04 0.0000e+00 1.2164e-04 2.0094e-01 0.0000e+00
831 0.0000e+00 0.0000e+00 1.2118e-04 0.0000e+00 1.2118e-04 2.0106e-01 0.0000e+00
832 0.0000e+00 0.0000e+00 1.2072e-04 0.0000e+00 1.2072e-04 2.0118e-01 0.0000e+00
833 0.0000e+00 0.0000e+00 1.2027e-04 0.0000e+00 1.2027e-04 2.0131e-01 0.0000e+00
834 0.0000e+00 0.0000e+00 1.1982e-04 0.0000e+00 1.1982e-04 2.0142e-01 0.0000e+00
835 0.0000e+00 0.0000e+00 1.1937e-04 0.0000e+00 1.1937e-04 2.0154e-01 0.0000e+00
836 0.0000e+00 0.0000e+00 1.1893e-04 0.0000e+00 1.1893e-04 2.0166e-01 0.0000e+00
837 0.0000e+00 6.6100e-05 1.1848e-04 0.0000e+00 1.1848e-04 2.0178e-01 0.0000e+00
838 0.0000e+00 1.2750e-04 1.1805e-04 0.0000e+00 1.1805e-04 2.0190e-01 0.0000e+00
839 0.0000e+00 1.8040e-04 1.1761e-04 0.0000e+00 1.1761e-04 2.0202e-01 0.0000e+00
840 0.0000e+00 2.2090e-04 1.1718e-04 0.0000e+00 1.1718e-04 2.0213e-01 0.0000e+00
841 0.0000e+00 2.4430e-04 1.1675e-04 0.0000e+00 1.1675e-04 2.0225e-01 0.0000e+00
842 0.0000e+00 2.5510e-04 1.1633e-04 0.0000e+00 1.1633e-04 2.0237e-01 0.0000e+00
843 0.0000e+00 2.4430e-04 1.1591e-04 0.0000e+00 1.1591e-04 2.0248e-01 0.0000e+00
844 0.0000e+00 2.2090e-04 1.1549e-04 0.0000e+00 1.1549e-04 2.0260e-01 0.0000e+00
845 0.0000e+00 1.8040e-04 1.1507e-04 0.0000e+00 1.1507e-04 2.0271e-01 0.0000e+00
846 0.0000e+00 1.2750e-04 1.1466e-04 0.0000e+00 1.1466e-04 2.0283e-01 0.0000e+00
847 0.0000e+00 6.1700e-05 1.1425e-04 0.0000e+00 1.1425e-04 2.0294e-01 0.0000e+00
848 0.0000e+00 0.0000e+00 1.1384e-04 0.0000e+00 1.1384e-04 2.0306e-01 0.0000e+00
849 0.0000e+00 0.0000e+00 1.1344e-04 0.0000e+00 1.1344e-04 2.0317e-01 0.0000e+00
850 0.0000e+00 0.0000e+00 1.1303e-04 0.0000e+00 1.1303e-04 2.0328e-01 0.0000e+00
851 0.0000e+00 0.0000e+00 1.1264e-04 0.0000e+00 1.1264e-04 2.0340e-01 0.0000e+00
852 0.0000e+00 0.0000e+00 1.1224e-04 0.0000e+00 1.1224e-04 2.0351e-01 0.0000e+00
853 0.0000e+00 0.0000e+00 1.1185e-04 0.0000e+00 1.1185e-04 2.0362e-01 0.0000e+00
854 0.0000e+00 0.0000e+00 1.1146e-04 0.0000e+00 1.1146e-04 2.0373e-01 0.0000e+00
855 0.0000e+00 0.0000e+00 1.1107e-04 0.0000e+00 1.1107e-04 2.0384e-01 0.0000e+00
856 0.0000e+00 0.0000e+00 1.1068e-04 0.0000e+00 1.1068e-04 2.0395e-01 0.0000e+00
857 0.0000e+00 0.0000e+00 1.1030e-04 0.0000e+00 1.1030e-04 2.0406e-01 0.0000e+00
858 0.0000e+00 0.0000e+00 1.0992e-04 0.0000e+00 1.0992e-04 2.0417e-01 0.0000e+00
859 0.0000e+00 0.0000e+00 1.0955e-04 0.0000e+00 1.0955e-04 2.0428e-01 0.0000e+00
860 0.0000e+00 0.0000e+00 1.0917e-04 0.0000e+00 1.0917e-04 2.0439e-01 0.0000e+00
861 0.0000e+00 9.7600e-05 1.0880e-04 0.0000e+00 1.0880e-04 2.0450e-01 0.0000e+00
862 0.0000e+00 1.8830e-04 1.0843e-04 0.0000e+00 1.0843e-04 2.0461e-01 0.0000e+00
863 0.0000e+00 2.6650e-04 1.0806e-04 0.0000e+00 1.0806e-04 2.0472e-01 0.0000e+00
864 0.0000e+00 3.2630e-04 1.0770e-04 0.0000e+00 1.0770e-04 2.0483e-01 0.0000e+00
865 0.0000e+00 3.6100e-04 1.0734e-04 0.0000e+00 1.0734e-04 2.0493e-01 0.0000e+00
866 0.0000e+00 3.7690e-04 1.0698e-04 0.0000e+00 1.0698e-04 2.0504e-01 0.0000e+00
867 0.0000e+00 3.6100e-04 1.0662e-04 0.0000e+00 1.0662e-04 2.0515e-01 0.0000e+00
868 0.0000e+00 3.2630e-04 1.0627e-04 0.0000e+00 1.0627e-04 2.0525e-01 0.0000e+00
869 0.0000e+00 2.6650e-04 1.0591e-04 0.0000e+00 1.0591e-04 2.0536e-01 0.0000e+00
870 0.0000e+00 1.8830e-04 1.0556e-04 0.0000e+00 1.0556e-04 2.0546e-01 0.0000e+00
871 0.0000e+00 9.1200e-05 1.0522e-04 0.0000e+00 1.0522e-04 2.0557e-01 0.0000e+00
872 0.0000e+00 0.0000e+00 1.0487e-04 0.0000e+00 1.0487e-04 2.0567e-01 0.0000e+00
873 0.0000e+00 0.0000e+00 1.0453e-04 0.0000e+00 1.0453e-04 2.0578e-01 0.0000e+00
874 0.0000e+00 0.0000e+00 1.0419e-04 0.0000e+00 1.0419e-04 2.0588e-01 0.0000e+00
875 0.0000e+00 0.0000e+00 1.0385e-04 0.0000e+00 1.0385e-04 2.0599e-01 0.0000e+00
876 0.0000e+00 0.0000e+00 1.0351e-04 0.0000e+00 1.0351e-04 2.0609e-01 0.0000e+00
877 0.0000e+00 0.0000e+00 1.0318e-04 0.0000e+00 1.0318e-04 2.0619e-01 0.0000e+00
878 0.0000e+00 0.0000e+00 1.0285e-04 0.0000e+00 1.0285e-04 2.0630e-01 0.0000e+00
879 0.0000e+00 0.0000e+00 1.0252e-04 0.0000e+00 1.0252e-04 2.0640e-01 0.0000e+00
880 0.0000e+00 0.0000e+00 1.0219e-04 0.0000e+00 1.0219e-04 2.0650e-01 0.0000e+00
881 0.0000e+00 0.0000e+00 1.0186e-04 0.0000e+00 1.0186e-04 2.0660e-01 0.0000e+00
882 0.0000e+00 0.0000e+00 1.0154e-04 0.0000e+00 1.0154e-04 2.0670e-01 0.0000e+00
883 0.0000e+00 0.0000e+00 1.0122e-04 0.0000e+00 1.0122e-04 2.0681e-01 0.0000e+00
884 0.0000e+00 0.0000e+00 1.0090e-04 0.0000e+00 1.0090e-04 2.0691e-01 0.0000e+00
885 0.0000e+00 6.4300e-05 1.0058e-04 0.0000e+00 1.0058e-04 2.0701e-01 0.0000e+00
886 0.0000e+00 1.2410e-04 1.0026e-04 0.0000e+00 1.0026e-04 2.0711e-01 0.0000e+00
887 0.0000e+00 1.7560e-04 9.9949e-05 0.0000e+00 9.9949e-05 2.0721e-01 0.0000e+00
888 0.0000e+00 2.1500e-04 9.9638e-05 0.0000e+00 9.9638e-05 2.0731e-01 0.0000e+00
889 0.0000e+00 2.3790e-04 9.9328e-05 0.0000e+00 9.9328e-05 2.0741e-01 0.0000e+00
890 0.0000e+00 2.4840e-04 9.9020e-05 0.0000e+00 9.9020e-05 2.0750e-01 0.0000e+00
891 0.0000e+00 2.3790e-04 9.8714e-05 0.0000e+00 9.8714e-05 2.0760e-01 0.0000e+00
892 0.0000e+00 2.1500e-04 9.8410e-05 0.0000e+00 9.8410e-05 2.0770e-01 0.0000e+00
893 0.0000e+00 1.7560e-04 9.8108e-05 0.0000e+00 9.8108e-05 2.0780e-01 0.0000e+00
894 0.0000e+00 1.2410e-04 9.7808e-05 0.0000e+00 9.7808e-05 2.0790e-01 0.0000e+00
895 0.0000e+00 6.0100e-05 9.7509e-05 0.0000e+00 9.7509e-05 2.0800e-01 0.0000e+00
896 0.0000e+00 0.0000e+00 9.7213e-05 0.0000e+00 9.7213e-05 2.0809e-01 0.0000e+00
897 0.0000e+00 0.0000e+00 9.6918e-05 0.0000e+00 9.6918e-05 2.0819e-01 0.0000e+00
898 0.0000e+00 0.0000e+00 9.6625e-05 0.0000e+00 9.6625e-05 2.0829e-01 0.0000e+00
899 0.0000e+00 0.0000e+00 9.6333e-05 0.0000e+00 9.6333e-05 2.0838e-01 0.0000e+00
900 0.0000e+00 0.0000e+00 9.6044e-05 0.0000e+00 9.6044e-05 2.0848e-01 0.0000e+00
901 0.0000e+00 0.0000e+00 9.5756e-05 0.0000e+00 9.5756e-05 2.0857e-01 0.0000e+00
902 0.0000e+00 0.0000e+00 9.5470e-05 0.0000e+00 9.5470e-05 2.0867e-01 0.0000e+00
903 0.0000e+00 0.0000e+00 9.5185e-05 0.0000e+00 9.5185e-05 2.0877e-01 0.0000e+00
904 0.0000e+00 0.0000e+00 9.4903e-05 0.0000e+00 9.4903e-05 2.0886e-01 0.0000e+00
905 0.0000e+00 0.0000e+00 9.4622e-05 0.0000e+00 9.4622e-05 2.0895e-01 0.0000e+00
906 0.0000e+00 0.0000e+00 9.4342e-05 0.0000e+00 9.4342e-05 2.0905e-01 0.0000e+00
907 0.0000e+00 0.0000e+00 9.4065e-05 0.0000e+00 9.4065e-05 2.0914e-01 0.0000e+00
908 0.0000e+00 0.0000e+00 9.3788e-05 0.0000e+00 9.3788e-05 2.0924e-01 0.0000e+00
909 0.0000e+00 8.0200e-05 9.3514e-05 0.0000e+00 9.3514e-05 2.0933e-01 0.0000e+00
910 0.0000e+00 1.5480e-04 9.3241e-05 0.0000e+00 9.3241e-05 2.0942e-01 0.0000e+00
911 0.0000e+00 2.1910e-04 9.2970e-05 0.0000e+00 9.2970e-05 2.0952e-01 0.0000e+00
912 0.0000e+00 2.6830e-04 9.2700e-05 0.0000e+00 9.2700e-05 2.0961e-01 0.0000e+00
913 0.0000e+00 2.9680e-04 9.2432e-05 0.0000e+00 9.2432e-05 2.0970e-01 0.0000e+00
914 0.0000e+00 3.0990e-04 9.2165e-05 0.0000e+00 9.2165e-05 2.0979e-01 0.0000e+00
915 0.0000e+00 2.9680e-04 9.1900e-05 0.0000e+00 9.1900e-05 2.0989e-01 0.0000e+00
916 0.0000e+00 2.6830e-04 9.1637e-05 0.0000e+00 9.1637e-05 2.0998e-01 0.0000e+00
917 0.0000e+00 2.1910e-04 9.1375e-05 0.0000e+00 9.1375e-05 2.1007e-01 0.0000e+00
918 0.0000e+00 1.5480e-04 9.1114e-05 0.0000e+00 9.1114e-05 2.1016e-01 0.0000e+00
919 0.0000e+00 7.5000e-05 9.0855e-05 0.0000e+00 9.0855e-05 2.1025e-01 0.0000e+00
920 0.0000e+00 0.0000e+00 9.0597e-05 0.0000e+00 9.0597e-05 2.1034e-01 0.0000e+00
921 0.0000e+00 0.0000e+00 9.0341e-05 0.0000e+00 9.0341e-05 2.1043e-01 0.0000e+00
922 0.0000e+00 0.0000e+00 9.0087e-05 0.0000e+00 9.0087e-05 2.1052e-01 0.0000e+00
923 0.0000e+00 0.0000e+00 8.9833e-05 0.0000e+00 8.9833e-05 2.1061e-01 0.0000e+00
924 0.0000e+00 0.0000e+00 8.9582e-05 0.0000e+00 8.9582e-05 2.1070e-01 0.0000e+00
925 0.0000e+00 0.0000e+00 8.9331e-05 0.0000e+00 8.9331e-05 2.1079e-01 0.0000e+00
926 0.0000e+00 0.0000e+00 8.9082e-05 0.0000e+00 8.9082e-05 2.1088e-01 0.0000e+00
927 0.0000e+00 0.0000e+00 8.8834e-05 0.0000e+00 8.8834e-05 2.1097e-01 0.0000e+00
928 0.0000e+00 0.0000e+00 8.8588e-05 0.0000e+00 8.8588e-05 2.1106e-01 0.0000e+00
929 0.0000e+00 0.0000e+00 8.8343e-05 0.0000e+00 8.8343e-05 2.1115e-01 0.0000e+00
930 0.0000e+00 0.0000e+00 8.8100e-05 0.0000e+00 8.8100e-05 2.1123e-01 0.0000e+00
931 0.0000e+00 0.0000e+00 8.7857e-05 0.0000e+00 8.7857e-05 2.1132e-01 0.0000e+00
932 0.0000e+00 0.0000e+00 8.7617e-05 0.0000e+00 8.7617e-05 2.1141e-01 0.0000e+00
933 0.0000e+00 9.6000e-05 8.7377e-05 0.0000e+00 8.7377e-05 2.1150e-01 0.0000e+00
934 0.0000e+00 1.8520e-04 8.7139e-05 0.0000e+00 8.7139e-05 2.1158e-01 0.0000e+00
935 0.0000e+00 2.6210e-04 8.6902e-05 0.0000e+00 8.6902e-05 2.1167e-01 0.0000e+00
936 0.0000e+00 3.2090e-04 8.6666e-05 0.0000e+00 8.6666e-05 2.1176e-01 0.0000e+00
937 0.0000e+00 3.5500e-04 8.6432e-05 0.0000e+00 8.6432e-05 2.1184e-01 0.0000e+00
938 0.0000e+00 3.7070e-04 8.6199e-05 0.0000e+00 8.6199e-05 2.1193e-01 0.0000e+00
939 0.0000e+00 3.5500e-04 8.5967e-05 0.0000e+00 8.5967e-05 2.1202e-01 0.0000e+00
940 0.0000e+00 3.2090e-04 8.5736e-05 0.0000e+00 8.5736e-05 2.1210e-01 0.0000e+00
941 0.0000e+00 2.6210e-04 8.5507e-05 0.0000e+00 8.5507e-05 2.1219e-01 0.0000e+00
942 0.0000e+00 1.8520e-04 8.5278e-05 0.0000e+00 8.5278e-05 2.1227e-01 0.0000e+00
943 0.0000e+00 8.9700e-05 8.5052e-05 0.0000e+00 8.5052e-05 2.1236e-01 0.0000e+00
944 0.0000e+00 0.0000e+00 8.4826e-05 0.0000e+00 8.4826e-05 2.1244e-01 0.0000e+00
945 0.0000e+00 0.0000e+00 8.4601e-05 0.0000e+00 8.4601e-05 2.1253e-01 0.0000e+00
946 0.0000e+00 0.0000e+00 8.4378e-05 0.0000e+00 8.4378e-05 2.1261e-01 0.0000e+00
947 0.0000e+00 0.0000e+00 8.4156e-05 0.0000e+00 8.4156e-05 2.1270e-01 0.0000e+00
948 0.0000e+00 0.0000e+00 8.3935e-05 0.0000e+00 8.3935e-05 2.1278e-01 0.0000e+00
949 0.0000e+00 0.0000e+00 8.3715e-05 0.0000e+00 8.3715e-05 2.1286e-01 0.0000e+00
950 0.0000e+00 0.0000e+00 8.3496e-05 0.0000e+00 8.3496e-05 2.1295e-01 0.0000e+00
Objective function values:
F1 1.590244e-06    NSE 0.72663   F2 2.925036e-02
Mean Obs Q 1.590065e-04   Variance Obs Q 6.123405e-09
    Error Variance 1.673942e-09

Water Balance for Subcatchment: Extracted study basin: Taegu Pyungkwang River

   SUMP       SUMAE      SUMQ       SUMRZ      SUMUZ      SBAR        BAL
1.890e-01  4.586e-02  1.256e-01  1.942e-02  0.000e+00  2.129e-01  5.191e-03
