Taegu Pyungkwang River Catchment: Calibration Data

Subcatchment : Extracted study basin: cat-13789

TL =     7.92
SUMAC =     1.00
SZQ =       0.05388
Subcatchment routing data:
Maximum Routing Delay       0.69444
Sum of Histogram ordinates:     1.0000
     1.00000 
Initial BAL             -0.23893
Initial SBAR             0.23693
Initial SR0              0.00200
it      p        ep       q(it)       quz      q       sbar       qof
1 0.0000e+00 6.1900e-05 3.2800e-05 0.0000e+00 3.2800e-05 2.3697e-01 0.0000e+00
2 0.0000e+00 6.4700e-05 3.2766e-05 0.0000e+00 3.2766e-05 2.3700e-01 0.0000e+00
3 1.0000e-03 6.1900e-05 3.2733e-05 0.0000e+00 3.2733e-05 2.3703e-01 0.0000e+00
4 1.0000e-03 5.6000e-05 3.2699e-05 0.0000e+00 3.2699e-05 2.3706e-01 0.0000e+00
5 1.0000e-03 4.5700e-05 3.6445e-05 7.3824e-05 3.2666e-05 2.3702e-01 3.7786e-06
6 5.0000e-04 3.2300e-05 3.4960e-05 1.0524e-04 3.2708e-05 2.3695e-01 2.2521e-06
7 5.0000e-04 1.5600e-05 3.5101e-05 1.3600e-04 3.2782e-05 2.3685e-01 2.3185e-06
8 0.0000e+00 0.0000e+00 3.2888e-05 1.1820e-04 3.2888e-05 2.3676e-01 0.0000e+00
9 5.0000e-04 0.0000e+00 3.5377e-05 1.5233e-04 3.2976e-05 2.3664e-01 2.4013e-06
10 5.0000e-04 0.0000e+00 3.5578e-05 1.8184e-04 3.3099e-05 2.3649e-01 2.4786e-06
11 0.0000e+00 0.0000e+00 3.3253e-05 1.5941e-04 3.3253e-05 2.3637e-01 0.0000e+00
12 0.0000e+00 0.0000e+00 3.3385e-05 1.4256e-04 3.3385e-05 2.3626e-01 0.0000e+00
13 1.0000e-03 0.0000e+00 3.8456e-05 2.2538e-04 3.3499e-05 2.3607e-01 4.9572e-06
14 5.0000e-04 0.0000e+00 3.6179e-05 2.4452e-04 3.3700e-05 2.3586e-01 2.4786e-06
15 5.0000e-04 0.0000e+00 3.6402e-05 2.6433e-04 3.3923e-05 2.3562e-01 2.4786e-06
16 1.0000e-03 0.0000e+00 3.9125e-05 3.3128e-04 3.4168e-05 2.3533e-01 4.9572e-06
17 0.0000e+00 0.0000e+00 3.4487e-05 2.9009e-04 3.4487e-05 2.3507e-01 0.0000e+00
18 0.0000e+00 0.0000e+00 3.4764e-05 2.5977e-04 3.4764e-05 2.3485e-01 0.0000e+00
19 0.0000e+00 0.0000e+00 3.5009e-05 2.3334e-04 3.5009e-05 2.3465e-01 0.0000e+00
20 0.0000e+00 0.0000e+00 3.5226e-05 2.1002e-04 3.5226e-05 2.3447e-01 0.0000e+00
21 0.0000e+00 1.8000e-05 3.5419e-05 1.8932e-04 3.5419e-05 2.3432e-01 0.0000e+00
22 0.0000e+00 3.4800e-05 3.5590e-05 1.7086e-04 3.5590e-05 2.3418e-01 0.0000e+00
23 0.0000e+00 4.9200e-05 3.5741e-05 1.5435e-04 3.5741e-05 2.3407e-01 0.0000e+00
24 3.0000e-03 6.0200e-05 5.6558e-05 4.1943e-04 3.5874e-05 2.3368e-01 2.0685e-05
25 2.0000e-03 6.6600e-05 5.0778e-05 5.4909e-04 3.6306e-05 2.3317e-01 1.4471e-05
26 5.5000e-03 6.9600e-05 7.7427e-05 1.0074e-03 3.6893e-05 2.3220e-01 4.0534e-05
27 6.0000e-03 6.6600e-05 8.2271e-05 1.4535e-03 3.8029e-05 2.3078e-01 4.4242e-05
28 1.0000e-03 6.0200e-05 4.6712e-05 1.3649e-03 3.9749e-05 2.2946e-01 6.9634e-06
29 2.5000e-03 4.9200e-05 5.9631e-05 1.4573e-03 4.1429e-05 2.2804e-01 1.8201e-05
30 0.0000e+00 3.4800e-05 4.3303e-05 1.2941e-03 4.3303e-05 2.2679e-01 0.0000e+00
31 0.0000e+00 1.6800e-05 4.5030e-05 1.1599e-03 4.5030e-05 2.2568e-01 0.0000e+00
32 1.0000e-03 0.0000e+00 5.3335e-05 1.1328e-03 4.6626e-05 2.2459e-01 6.7087e-06
33 5.0000e-04 0.0000e+00 5.1966e-05 1.0640e-03 4.8236e-05 2.2358e-01 3.7301e-06
34 0.0000e+00 0.0000e+00 4.9791e-05 9.5278e-04 4.9791e-05 2.2267e-01 0.0000e+00
35 0.0000e+00 0.0000e+00 5.1217e-05 8.5616e-04 5.1217e-05 2.2187e-01 0.0000e+00
36 0.0000e+00 0.0000e+00 5.2521e-05 7.7004e-04 5.2521e-05 2.2115e-01 0.0000e+00
37 0.0000e+00 0.0000e+00 5.3712e-05 6.9297e-04 5.3712e-05 2.2051e-01 0.0000e+00
38 0.0000e+00 0.0000e+00 5.4796e-05 6.2389e-04 5.4796e-05 2.1994e-01 0.0000e+00
39 0.0000e+00 0.0000e+00 5.5779e-05 5.6189e-04 5.5779e-05 2.1944e-01 0.0000e+00
40 0.0000e+00 0.0000e+00 5.6668e-05 5.0621e-04 5.6668e-05 2.1899e-01 0.0000e+00
41 0.0000e+00 0.0000e+00 5.7470e-05 4.5619e-04 5.7470e-05 2.1859e-01 0.0000e+00
42 0.0000e+00 0.0000e+00 5.8191e-05 4.1124e-04 5.8191e-05 2.1823e-01 0.0000e+00
43 0.0000e+00 0.0000e+00 5.8836e-05 3.7082e-04 5.8836e-05 2.1792e-01 0.0000e+00
44 0.0000e+00 0.0000e+00 5.9413e-05 3.3448e-04 5.9413e-05 2.1765e-01 0.0000e+00
45 0.0000e+00 3.3800e-05 5.9925e-05 3.0179e-04 5.9925e-05 2.1741e-01 0.0000e+00
46 1.0000e-03 6.5200e-05 6.7588e-05 3.7645e-04 6.0380e-05 2.1709e-01 7.2081e-06
47 0.0000e+00 9.2300e-05 6.0979e-05 3.3003e-04 6.0979e-05 2.1682e-01 0.0000e+00
48 5.0000e-04 1.1300e-04 6.4050e-05 3.3277e-04 6.1494e-05 2.1655e-01 2.5560e-06
49 0.0000e+00 1.2500e-04 6.2018e-05 2.9543e-04 6.2018e-05 2.1632e-01 0.0000e+00
50 1.0000e-03 1.3050e-04 6.8159e-05 3.4779e-04 6.2472e-05 2.1603e-01 5.6868e-06
51 2.5000e-03 1.2500e-04 8.5137e-05 5.5764e-04 6.3031e-05 2.1554e-01 2.2105e-05
52 3.0000e-03 1.1300e-04 9.3652e-05 7.8500e-04 6.4013e-05 2.1481e-01 2.9639e-05
53 2.5000e-03 9.2300e-05 9.1960e-05 9.3156e-04 6.5472e-05 2.1395e-01 2.6488e-05
54 3.0000e-03 6.5200e-05 9.9534e-05 1.1221e-03 6.7268e-05 2.1289e-01 3.2266e-05
55 2.5000e-03 3.1600e-05 9.6541e-05 1.2398e-03 6.9522e-05 2.1172e-01 2.7018e-05
56 2.0000e-03 0.0000e+00 9.3955e-05 1.2981e-03 7.2112e-05 2.1050e-01 2.1843e-05
57 1.0000e-03 0.0000e+00 8.6025e-05 1.2487e-03 7.4929e-05 2.0932e-01 1.1097e-05
58 1.0000e-03 0.0000e+00 8.8825e-05 1.2115e-03 7.7728e-05 2.0819e-01 1.1097e-05
59 0.0000e+00 0.0000e+00 8.0531e-05 1.0693e-03 8.0531e-05 2.0720e-01 0.0000e+00
60 5.0000e-04 0.0000e+00 8.8607e-05 1.0056e-03 8.3059e-05 2.0628e-01 5.5484e-06
61 5.0000e-04 0.0000e+00 9.1036e-05 9.4722e-04 8.5488e-05 2.0542e-01 5.5484e-06
62 0.0000e+00 0.0000e+00 8.7822e-05 8.3889e-04 8.7822e-05 2.0467e-01 0.0000e+00
63 0.0000e+00 0.0000e+00 8.9907e-05 7.4626e-04 8.9907e-05 2.0401e-01 0.0000e+00
64 0.0000e+00 0.0000e+00 9.1770e-05 6.6469e-04 9.1770e-05 2.0344e-01 0.0000e+00
65 0.0000e+00 0.0000e+00 9.3428e-05 5.9254e-04 9.3428e-05 2.0294e-01 0.0000e+00
66 0.0000e+00 0.0000e+00 9.4897e-05 5.2857e-04 9.4897e-05 2.0250e-01 0.0000e+00
67 0.0000e+00 0.0000e+00 9.6192e-05 4.7178e-04 9.6192e-05 2.0213e-01 0.0000e+00
68 0.0000e+00 0.0000e+00 9.7327e-05 4.2132e-04 9.7327e-05 2.0180e-01 0.0000e+00
69 0.0000e+00 4.1400e-05 9.8318e-05 3.7644e-04 9.8318e-05 2.0153e-01 0.0000e+00
70 0.0000e+00 7.9800e-05 9.9176e-05 3.3650e-04 9.9176e-05 2.0129e-01 0.0000e+00
71 0.0000e+00 1.1290e-04 9.9914e-05 3.0095e-04 9.9914e-05 2.0109e-01 0.0000e+00
72 0.0000e+00 1.3830e-04 1.0054e-04 2.6927e-04 1.0054e-04 2.0092e-01 0.0000e+00
73 0.0000e+00 1.5300e-04 1.0108e-04 2.4104e-04 1.0108e-04 2.0078e-01 0.0000e+00
74 0.0000e+00 1.5980e-04 1.0152e-04 2.1587e-04 1.0152e-04 2.0066e-01 0.0000e+00
75 0.0000e+00 1.5300e-04 1.0188e-04 1.9341e-04 1.0188e-04 2.0057e-01 0.0000e+00
76 0.0000e+00 1.3830e-04 1.0217e-04 1.7336e-04 1.0217e-04 2.0050e-01 0.0000e+00
77 0.0000e+00 1.1290e-04 1.0240e-04 1.5546e-04 1.0240e-04 2.0045e-01 0.0000e+00
78 0.0000e+00 7.9800e-05 1.0257e-04 1.3947e-04 1.0257e-04 2.0041e-01 0.0000e+00
79 0.0000e+00 3.8700e-05 1.0269e-04 1.2518e-04 1.0269e-04 2.0039e-01 0.0000e+00
80 0.0000e+00 0.0000e+00 1.0276e-04 1.1240e-04 1.0276e-04 2.0038e-01 0.0000e+00
81 0.0000e+00 0.0000e+00 1.0279e-04 1.0096e-04 1.0279e-04 2.0038e-01 0.0000e+00
82 0.0000e+00 0.0000e+00 1.0279e-04 9.0730e-05 1.0279e-04 2.0039e-01 0.0000e+00
83 0.0000e+00 0.0000e+00 1.0275e-04 8.1568e-05 1.0275e-04 2.0041e-01 0.0000e+00
84 0.0000e+00 0.0000e+00 1.0268e-04 7.3361e-05 1.0268e-04 2.0044e-01 0.0000e+00
85 0.0000e+00 0.0000e+00 1.0259e-04 6.6006e-05 1.0259e-04 2.0048e-01 0.0000e+00
86 0.0000e+00 0.0000e+00 1.0247e-04 5.9412e-05 1.0247e-04 2.0052e-01 0.0000e+00
87 0.0000e+00 0.0000e+00 1.0233e-04 5.3497e-05 1.0233e-04 2.0057e-01 0.0000e+00
88 0.0000e+00 0.0000e+00 1.0217e-04 4.8189e-05 1.0217e-04 2.0063e-01 0.0000e+00
89 0.0000e+00 0.0000e+00 1.0200e-04 4.3424e-05 1.0200e-04 2.0068e-01 0.0000e+00
90 0.0000e+00 0.0000e+00 1.0182e-04 3.9145e-05 1.0182e-04 2.0075e-01 0.0000e+00
91 0.0000e+00 0.0000e+00 1.0162e-04 3.5300e-05 1.0162e-04 2.0081e-01 0.0000e+00
92 0.0000e+00 0.0000e+00 1.0141e-04 3.1845e-05 1.0141e-04 2.0088e-01 0.0000e+00
93 0.0000e+00 1.9100e-05 1.0119e-04 2.8737e-05 1.0119e-04 2.0096e-01 0.0000e+00
94 0.0000e+00 3.6800e-05 1.0096e-04 2.5942e-05 1.0096e-04 2.0103e-01 0.0000e+00
95 0.0000e+00 5.2100e-05 1.0072e-04 2.3427e-05 1.0072e-04 2.0111e-01 0.0000e+00
96 0.0000e+00 6.3800e-05 1.0048e-04 2.1163e-05 1.0048e-04 2.0119e-01 0.0000e+00
97 5.0000e-04 7.0600e-05 1.0023e-04 1.9123e-05 1.0023e-04 2.0127e-01 0.0000e+00
98 5.0000e-04 7.3700e-05 9.9976e-05 1.7286e-05 9.9976e-05 2.0135e-01 0.0000e+00
99 0.0000e+00 7.0600e-05 9.9718e-05 1.5630e-05 9.9718e-05 2.0144e-01 0.0000e+00
100 0.0000e+00 6.3800e-05 9.9456e-05 1.4138e-05 9.9456e-05 2.0152e-01 0.0000e+00
101 0.0000e+00 5.2100e-05 9.9191e-05 1.2791e-05 9.9191e-05 2.0161e-01 0.0000e+00
102 0.0000e+00 3.6800e-05 9.8924e-05 1.1577e-05 9.8924e-05 2.0169e-01 0.0000e+00
103 0.0000e+00 1.7800e-05 9.8654e-05 1.0481e-05 9.8654e-05 2.0178e-01 0.0000e+00
104 0.0000e+00 0.0000e+00 9.8383e-05 9.4912e-06 9.8383e-05 2.0187e-01 0.0000e+00
105 0.0000e+00 0.0000e+00 9.8110e-05 8.5975e-06 9.8110e-05 2.0196e-01 0.0000e+00
106 0.0000e+00 0.0000e+00 9.7836e-05 7.7902e-06 9.7836e-05 2.0205e-01 0.0000e+00
107 0.0000e+00 0.0000e+00 9.7561e-05 7.0606e-06 9.7561e-05 2.0214e-01 0.0000e+00
108 0.0000e+00 0.0000e+00 9.7285e-05 6.4011e-06 9.7285e-05 2.0223e-01 0.0000e+00
109 0.0000e+00 0.0000e+00 9.7009e-05 5.8048e-06 9.7009e-05 2.0232e-01 0.0000e+00
110 0.0000e+00 0.0000e+00 9.6733e-05 5.2650e-06 9.6733e-05 2.0241e-01 0.0000e+00
111 5.0000e-04 0.0000e+00 9.6457e-05 4.7770e-06 9.6457e-05 2.0251e-01 0.0000e+00
112 0.0000e+00 0.0000e+00 9.6181e-05 4.3354e-06 9.6181e-05 2.0260e-01 0.0000e+00
113 0.0000e+00 0.0000e+00 9.5905e-05 3.9356e-06 9.5905e-05 2.0269e-01 0.0000e+00
114 0.0000e+00 0.0000e+00 9.5630e-05 3.5735e-06 9.5630e-05 2.0278e-01 0.0000e+00
115 0.0000e+00 0.0000e+00 9.5356e-05 3.2456e-06 9.5356e-05 2.0287e-01 0.0000e+00
116 0.0000e+00 0.0000e+00 9.5081e-05 2.9484e-06 9.5081e-05 2.0297e-01 0.0000e+00
117 0.0000e+00 1.0200e-05 9.4808e-05 2.6791e-06 9.4808e-05 2.0306e-01 0.0000e+00
118 0.0000e+00 1.9800e-05 9.4536e-05 2.4349e-06 9.4536e-05 2.0315e-01 0.0000e+00
119 0.0000e+00 2.8000e-05 9.4264e-05 2.2136e-06 9.4264e-05 2.0324e-01 0.0000e+00
120 0.0000e+00 3.4200e-05 9.3993e-05 2.0127e-06 9.3993e-05 2.0334e-01 0.0000e+00
121 0.0000e+00 3.7900e-05 9.3723e-05 1.8299e-06 9.3723e-05 2.0343e-01 0.0000e+00
122 0.0000e+00 3.9500e-05 9.3454e-05 1.6647e-06 9.3454e-05 2.0352e-01 0.0000e+00
123 0.0000e+00 3.7900e-05 9.3187e-05 1.5147e-06 9.3187e-05 2.0361e-01 0.0000e+00
124 0.0000e+00 3.4200e-05 9.2920e-05 1.3785e-06 9.2920e-05 2.0370e-01 0.0000e+00
125 0.0000e+00 2.8000e-05 9.2655e-05 1.2549e-06 9.2655e-05 2.0379e-01 0.0000e+00
126 0.0000e+00 1.9800e-05 9.2391e-05 1.1425e-06 9.2391e-05 2.0388e-01 0.0000e+00
127 0.0000e+00 9.6000e-06 9.2127e-05 1.0404e-06 9.2127e-05 2.0398e-01 0.0000e+00
128 0.0000e+00 0.0000e+00 9.1866e-05 9.4768e-07 9.1866e-05 2.0407e-01 0.0000e+00
129 0.0000e+00 0.0000e+00 9.1605e-05 8.6335e-07 9.1605e-05 2.0416e-01 0.0000e+00
130 0.0000e+00 0.0000e+00 9.1346e-05 7.8668e-07 9.1346e-05 2.0425e-01 0.0000e+00
131 0.0000e+00 0.0000e+00 9.1087e-05 7.1696e-07 9.1087e-05 2.0434e-01 0.0000e+00
132 0.0000e+00 0.0000e+00 9.0831e-05 6.5354e-07 9.0831e-05 2.0443e-01 0.0000e+00
133 0.0000e+00 0.0000e+00 9.0575e-05 5.9499e-07 9.0575e-05 2.0452e-01 0.0000e+00
134 0.0000e+00 0.0000e+00 9.0321e-05 5.4261e-07 9.0321e-05 2.0461e-01 0.0000e+00
135 0.0000e+00 0.0000e+00 9.0068e-05 4.9493e-07 9.0068e-05 2.0470e-01 0.0000e+00
136 0.0000e+00 0.0000e+00 8.9816e-05 4.5152e-07 8.9816e-05 2.0479e-01 0.0000e+00
137 0.0000e+00 0.0000e+00 8.9565e-05 4.1199e-07 8.9565e-05 2.0488e-01 0.0000e+00
138 0.0000e+00 0.0000e+00 8.9316e-05 3.7598e-07 8.9316e-05 2.0497e-01 0.0000e+00
139 0.0000e+00 0.0000e+00 8.9068e-05 3.4318e-07 8.9068e-05 2.0505e-01 0.0000e+00
140 0.0000e+00 0.0000e+00 8.8822e-05 3.1330e-07 8.8822e-05 2.0514e-01 0.0000e+00
141 5.0000e-04 4.1400e-05 8.8576e-05 2.8606e-07 8.8576e-05 2.0523e-01 0.0000e+00
142 0.0000e+00 7.9900e-05 8.8332e-05 2.6123e-07 8.8332e-05 2.0532e-01 0.0000e+00
143 0.0000e+00 1.1300e-04 8.8089e-05 2.3860e-07 8.8089e-05 2.0541e-01 0.0000e+00
144 0.0000e+00 1.3840e-04 8.7848e-05 2.1797e-07 8.7848e-05 2.0549e-01 0.0000e+00
145 0.0000e+00 1.5310e-04 8.7608e-05 1.9796e-07 8.7608e-05 2.0558e-01 0.0000e+00
146 0.0000e+00 1.5990e-04 8.7369e-05 1.8094e-07 8.7369e-05 2.0567e-01 0.0000e+00
147 0.0000e+00 1.5310e-04 8.7131e-05 1.6541e-07 8.7131e-05 2.0576e-01 0.0000e+00
148 0.0000e+00 1.3840e-04 8.6895e-05 1.5124e-07 8.6895e-05 2.0584e-01 0.0000e+00
149 0.0000e+00 1.1300e-04 8.6659e-05 1.3830e-07 8.6659e-05 2.0593e-01 0.0000e+00
150 0.0000e+00 7.9900e-05 8.6425e-05 1.2648e-07 8.6425e-05 2.0602e-01 0.0000e+00
151 0.0000e+00 3.8700e-05 8.6193e-05 1.1570e-07 8.6193e-05 2.0610e-01 0.0000e+00
152 0.0000e+00 0.0000e+00 8.5961e-05 1.0584e-07 8.5961e-05 2.0619e-01 0.0000e+00
153 0.0000e+00 0.0000e+00 8.5731e-05 9.6840e-08 8.5731e-05 2.0627e-01 0.0000e+00
154 0.0000e+00 0.0000e+00 8.5502e-05 8.8616e-08 8.5502e-05 2.0636e-01 0.0000e+00
155 0.0000e+00 0.0000e+00 8.5274e-05 8.1102e-08 8.5274e-05 2.0644e-01 0.0000e+00
156 0.0000e+00 0.0000e+00 8.5047e-05 7.2634e-08 8.5047e-05 2.0653e-01 0.0000e+00
157 0.0000e+00 0.0000e+00 8.4821e-05 6.6537e-08 8.4821e-05 2.0661e-01 0.0000e+00
158 0.0000e+00 0.0000e+00 8.4597e-05 6.0958e-08 8.4597e-05 2.0670e-01 0.0000e+00
159 0.0000e+00 0.0000e+00 8.4374e-05 5.5854e-08 8.4374e-05 2.0678e-01 0.0000e+00
160 0.0000e+00 0.0000e+00 8.4152e-05 5.1183e-08 8.4152e-05 2.0687e-01 0.0000e+00
161 0.0000e+00 0.0000e+00 8.3931e-05 4.6908e-08 8.3931e-05 2.0695e-01 0.0000e+00
162 0.0000e+00 0.0000e+00 8.3711e-05 4.2995e-08 8.3711e-05 2.0703e-01 0.0000e+00
163 0.0000e+00 0.0000e+00 8.3493e-05 3.9412e-08 8.3493e-05 2.0712e-01 0.0000e+00
164 0.0000e+00 0.0000e+00 8.3275e-05 3.6132e-08 8.3275e-05 2.0720e-01 0.0000e+00
165 0.0000e+00 1.7800e-05 8.3059e-05 3.3129e-08 8.3059e-05 2.0728e-01 0.0000e+00
166 0.0000e+00 3.4400e-05 8.2844e-05 3.0379e-08 8.2844e-05 2.0737e-01 0.0000e+00
167 0.0000e+00 4.8600e-05 8.2630e-05 2.7860e-08 8.2630e-05 2.0745e-01 0.0000e+00
168 0.0000e+00 5.9500e-05 8.2417e-05 2.3977e-08 8.2417e-05 2.0753e-01 0.0000e+00
169 0.0000e+00 6.5900e-05 8.2205e-05 2.2022e-08 8.2205e-05 2.0761e-01 0.0000e+00
170 0.0000e+00 6.8800e-05 8.1994e-05 2.0229e-08 8.1994e-05 2.0770e-01 0.0000e+00
171 0.0000e+00 6.5900e-05 8.1784e-05 1.8583e-08 8.1784e-05 2.0778e-01 0.0000e+00
172 0.0000e+00 5.9500e-05 8.1575e-05 1.7072e-08 8.1575e-05 2.0786e-01 0.0000e+00
173 0.0000e+00 4.8600e-05 8.1368e-05 1.5685e-08 8.1368e-05 2.0794e-01 0.0000e+00
174 0.0000e+00 3.4400e-05 8.1161e-05 1.4413e-08 8.1161e-05 2.0802e-01 0.0000e+00
175 0.0000e+00 1.6600e-05 8.0955e-05 1.3244e-08 8.0955e-05 2.0810e-01 0.0000e+00
176 0.0000e+00 0.0000e+00 8.0751e-05 1.2172e-08 8.0751e-05 2.0818e-01 0.0000e+00
177 0.0000e+00 0.0000e+00 8.0547e-05 1.1187e-08 8.0547e-05 2.0826e-01 0.0000e+00
178 0.0000e+00 0.0000e+00 8.0345e-05 1.0283e-08 8.0345e-05 2.0834e-01 0.0000e+00
179 0.0000e+00 0.0000e+00 8.0144e-05 9.4521e-09 8.0144e-05 2.0842e-01 0.0000e+00
180 0.0000e+00 0.0000e+00 7.9943e-05 7.3537e-09 7.9943e-05 2.0850e-01 0.0000e+00
181 0.0000e+00 0.0000e+00 7.9744e-05 6.7757e-09 7.9744e-05 2.0858e-01 0.0000e+00
182 0.0000e+00 0.0000e+00 7.9545e-05 6.2435e-09 7.9545e-05 2.0866e-01 0.0000e+00
183 0.0000e+00 0.0000e+00 7.9348e-05 5.7535e-09 7.9348e-05 2.0874e-01 0.0000e+00
184 0.0000e+00 0.0000e+00 7.9151e-05 5.3022e-09 7.9151e-05 2.0882e-01 0.0000e+00
185 0.0000e+00 0.0000e+00 7.8956e-05 4.8866e-09 7.8956e-05 2.0890e-01 0.0000e+00
186 0.0000e+00 0.0000e+00 7.8761e-05 4.5038e-09 7.8761e-05 2.0898e-01 0.0000e+00
187 0.0000e+00 0.0000e+00 7.8568e-05 4.1513e-09 7.8568e-05 2.0906e-01 0.0000e+00
188 0.0000e+00 0.0000e+00 7.8375e-05 3.8265e-09 7.8375e-05 2.0914e-01 0.0000e+00
189 0.0000e+00 4.5600e-05 7.8183e-05 3.5274e-09 7.8183e-05 2.0921e-01 0.0000e+00
190 5.0000e-04 8.7900e-05 7.7992e-05 3.2519e-09 7.7992e-05 2.0929e-01 0.0000e+00
191 0.0000e+00 1.2440e-04 7.7803e-05 2.9980e-09 7.7803e-05 2.0937e-01 0.0000e+00
192 0.0000e+00 1.5230e-04 7.7614e-05 1.8756e-09 7.7614e-05 2.0945e-01 0.0000e+00
193 0.0000e+00 1.6850e-04 7.7426e-05 1.7349e-09 7.7426e-05 2.0953e-01 0.0000e+00
194 0.0000e+00 1.7590e-04 7.7239e-05 1.6047e-09 7.7239e-05 2.0960e-01 0.0000e+00
195 0.0000e+00 1.6850e-04 7.7052e-05 1.4844e-09 7.7052e-05 2.0968e-01 0.0000e+00
196 0.0000e+00 1.5230e-04 7.6867e-05 1.3732e-09 7.6867e-05 2.0976e-01 0.0000e+00
197 0.0000e+00 1.2440e-04 7.6683e-05 1.2703e-09 7.6683e-05 2.0983e-01 0.0000e+00
198 0.0000e+00 8.7900e-05 7.6499e-05 1.1752e-09 7.6499e-05 2.0991e-01 0.0000e+00
199 0.0000e+00 4.2600e-05 7.6316e-05 1.0873e-09 7.6316e-05 2.0999e-01 0.0000e+00
200 0.0000e+00 0.0000e+00 7.6135e-05 1.0059e-09 7.6135e-05 2.1006e-01 0.0000e+00
201 0.0000e+00 0.0000e+00 7.5954e-05 9.3073e-10 7.5954e-05 2.1014e-01 0.0000e+00
202 0.0000e+00 0.0000e+00 7.5774e-05 8.6117e-10 7.5774e-05 2.1021e-01 0.0000e+00
203 0.0000e+00 0.0000e+00 7.5594e-05 7.9685e-10 7.5594e-05 2.1029e-01 0.0000e+00
204 0.0000e+00 0.0000e+00 7.5416e-05 3.5219e-10 7.5416e-05 2.1036e-01 0.0000e+00
205 0.0000e+00 0.0000e+00 7.5239e-05 3.2708e-10 7.5239e-05 2.1044e-01 0.0000e+00
206 0.0000e+00 0.0000e+00 7.5062e-05 3.0378e-10 7.5062e-05 2.1052e-01 0.0000e+00
207 0.0000e+00 0.0000e+00 7.4886e-05 2.8214e-10 7.4886e-05 2.1059e-01 0.0000e+00
208 0.0000e+00 0.0000e+00 7.4711e-05 2.6205e-10 7.4711e-05 2.1066e-01 0.0000e+00
209 0.0000e+00 0.0000e+00 7.4537e-05 2.4340e-10 7.4537e-05 2.1074e-01 0.0000e+00
210 0.0000e+00 0.0000e+00 7.4363e-05 2.2608e-10 7.4363e-05 2.1081e-01 0.0000e+00
211 0.0000e+00 0.0000e+00 7.4191e-05 2.1000e-10 7.4191e-05 2.1089e-01 0.0000e+00
212 0.0000e+00 0.0000e+00 7.4019e-05 1.9507e-10 7.4019e-05 2.1096e-01 0.0000e+00
213 0.0000e+00 4.9000e-05 7.3848e-05 1.8120e-10 7.3848e-05 2.1104e-01 0.0000e+00
214 0.0000e+00 9.4600e-05 7.3678e-05 1.6832e-10 7.3678e-05 2.1111e-01 0.0000e+00
215 0.0000e+00 1.3380e-04 7.3508e-05 1.5637e-10 7.3508e-05 2.1118e-01 0.0000e+00
216 0.0000e+00 1.6380e-04 7.3340e-05 3.7953e-11 7.3340e-05 2.1126e-01 0.0000e+00
217 0.0000e+00 1.8130e-04 7.3172e-05 3.5386e-11 7.3172e-05 2.1133e-01 0.0000e+00
218 0.0000e+00 1.8920e-04 7.3005e-05 3.2994e-11 7.3005e-05 2.1140e-01 0.0000e+00
219 0.0000e+00 1.8130e-04 7.2838e-05 3.0765e-11 7.2838e-05 2.1148e-01 0.0000e+00
220 0.0000e+00 1.6380e-04 7.2673e-05 2.8686e-11 7.2673e-05 2.1155e-01 0.0000e+00
221 0.0000e+00 1.3380e-04 7.2508e-05 2.6748e-11 7.2508e-05 2.1162e-01 0.0000e+00
222 0.0000e+00 9.4600e-05 7.2344e-05 2.4942e-11 7.2344e-05 2.1169e-01 0.0000e+00
223 0.0000e+00 4.5800e-05 7.2180e-05 2.3258e-11 7.2180e-05 2.1176e-01 0.0000e+00
224 0.0000e+00 0.0000e+00 7.2018e-05 2.1688e-11 7.2018e-05 2.1184e-01 0.0000e+00
225 0.0000e+00 0.0000e+00 7.1856e-05 2.0225e-11 7.1856e-05 2.1191e-01 0.0000e+00
226 0.0000e+00 0.0000e+00 7.1695e-05 1.8860e-11 7.1695e-05 2.1198e-01 0.0000e+00
227 0.0000e+00 0.0000e+00 7.1534e-05 1.7588e-11 7.1534e-05 2.1205e-01 0.0000e+00
228 0.0000e+00 0.0000e+00 7.1374e-05 1.6402e-11 7.1374e-05 2.1212e-01 0.0000e+00
229 0.0000e+00 0.0000e+00 7.1215e-05 0.0000e+00 7.1215e-05 2.1219e-01 0.0000e+00
230 0.0000e+00 0.0000e+00 7.1057e-05 0.0000e+00 7.1057e-05 2.1227e-01 0.0000e+00
231 0.0000e+00 0.0000e+00 7.0899e-05 0.0000e+00 7.0899e-05 2.1234e-01 0.0000e+00
232 0.0000e+00 0.0000e+00 7.0743e-05 0.0000e+00 7.0743e-05 2.1241e-01 0.0000e+00
233 0.0000e+00 0.0000e+00 7.0586e-05 0.0000e+00 7.0586e-05 2.1248e-01 0.0000e+00
234 0.0000e+00 0.0000e+00 7.0431e-05 0.0000e+00 7.0431e-05 2.1255e-01 0.0000e+00
235 0.0000e+00 0.0000e+00 7.0276e-05 0.0000e+00 7.0276e-05 2.1262e-01 0.0000e+00
236 0.0000e+00 0.0000e+00 7.0122e-05 0.0000e+00 7.0122e-05 2.1269e-01 0.0000e+00
237 0.0000e+00 5.1700e-05 6.9968e-05 0.0000e+00 6.9968e-05 2.1276e-01 0.0000e+00
238 0.0000e+00 9.9800e-05 6.9815e-05 0.0000e+00 6.9815e-05 2.1283e-01 0.0000e+00
239 0.0000e+00 1.4120e-04 6.9663e-05 0.0000e+00 6.9663e-05 2.1290e-01 0.0000e+00
240 0.0000e+00 1.7290e-04 6.9512e-05 0.0000e+00 6.9512e-05 2.1297e-01 0.0000e+00
241 5.0000e-04 1.9130e-04 6.9361e-05 0.0000e+00 6.9361e-05 2.1304e-01 0.0000e+00
242 1.0000e-03 1.9970e-04 6.9211e-05 0.0000e+00 6.9211e-05 2.1311e-01 0.0000e+00
243 0.0000e+00 1.9130e-04 6.9061e-05 0.0000e+00 6.9061e-05 2.1318e-01 0.0000e+00
244 0.0000e+00 1.7290e-04 6.8912e-05 0.0000e+00 6.8912e-05 2.1324e-01 0.0000e+00
245 0.0000e+00 1.4120e-04 6.8764e-05 0.0000e+00 6.8764e-05 2.1331e-01 0.0000e+00
246 0.0000e+00 9.9800e-05 6.8617e-05 0.0000e+00 6.8617e-05 2.1338e-01 0.0000e+00
247 0.0000e+00 4.8300e-05 6.8470e-05 0.0000e+00 6.8470e-05 2.1345e-01 0.0000e+00
248 0.0000e+00 0.0000e+00 6.8323e-05 0.0000e+00 6.8323e-05 2.1352e-01 0.0000e+00
249 0.0000e+00 0.0000e+00 6.8177e-05 0.0000e+00 6.8177e-05 2.1359e-01 0.0000e+00
250 0.0000e+00 0.0000e+00 6.8032e-05 0.0000e+00 6.8032e-05 2.1365e-01 0.0000e+00
251 0.0000e+00 0.0000e+00 6.7888e-05 0.0000e+00 6.7888e-05 2.1372e-01 0.0000e+00
252 0.0000e+00 0.0000e+00 6.7744e-05 0.0000e+00 6.7744e-05 2.1379e-01 0.0000e+00
253 1.0000e-03 0.0000e+00 6.7601e-05 0.0000e+00 6.7601e-05 2.1386e-01 0.0000e+00
254 0.0000e+00 0.0000e+00 6.7458e-05 0.0000e+00 6.7458e-05 2.1393e-01 0.0000e+00
255 0.0000e+00 0.0000e+00 6.7316e-05 0.0000e+00 6.7316e-05 2.1399e-01 0.0000e+00
256 0.0000e+00 0.0000e+00 6.7175e-05 0.0000e+00 6.7175e-05 2.1406e-01 0.0000e+00
257 0.0000e+00 0.0000e+00 6.7034e-05 0.0000e+00 6.7034e-05 2.1413e-01 0.0000e+00
258 0.0000e+00 0.0000e+00 6.6893e-05 0.0000e+00 6.6893e-05 2.1419e-01 0.0000e+00
259 0.0000e+00 0.0000e+00 6.6754e-05 0.0000e+00 6.6754e-05 2.1426e-01 0.0000e+00
260 0.0000e+00 0.0000e+00 6.6615e-05 0.0000e+00 6.6615e-05 2.1433e-01 0.0000e+00
261 0.0000e+00 7.5200e-05 6.6476e-05 0.0000e+00 6.6476e-05 2.1439e-01 0.0000e+00
262 1.0000e-03 1.4510e-04 6.6338e-05 0.0000e+00 6.6338e-05 2.1446e-01 0.0000e+00
263 0.0000e+00 2.0520e-04 6.6201e-05 0.0000e+00 6.6201e-05 2.1453e-01 0.0000e+00
264 0.0000e+00 2.5130e-04 6.6064e-05 0.0000e+00 6.6064e-05 2.1459e-01 0.0000e+00
265 0.0000e+00 2.7800e-04 6.5928e-05 0.0000e+00 6.5928e-05 2.1466e-01 0.0000e+00
266 0.0000e+00 2.9030e-04 6.5792e-05 0.0000e+00 6.5792e-05 2.1472e-01 0.0000e+00
267 0.0000e+00 2.7800e-04 6.5657e-05 0.0000e+00 6.5657e-05 2.1479e-01 0.0000e+00
268 0.0000e+00 2.5130e-04 6.5522e-05 0.0000e+00 6.5522e-05 2.1486e-01 0.0000e+00
269 0.0000e+00 2.0520e-04 6.5388e-05 0.0000e+00 6.5388e-05 2.1492e-01 0.0000e+00
270 0.0000e+00 1.4510e-04 6.5255e-05 0.0000e+00 6.5255e-05 2.1499e-01 0.0000e+00
271 0.0000e+00 7.0200e-05 6.5122e-05 0.0000e+00 6.5122e-05 2.1505e-01 0.0000e+00
272 0.0000e+00 0.0000e+00 6.4990e-05 0.0000e+00 6.4990e-05 2.1512e-01 0.0000e+00
273 0.0000e+00 0.0000e+00 6.4858e-05 0.0000e+00 6.4858e-05 2.1518e-01 0.0000e+00
274 0.0000e+00 0.0000e+00 6.4726e-05 0.0000e+00 6.4726e-05 2.1525e-01 0.0000e+00
275 0.0000e+00 0.0000e+00 6.4596e-05 0.0000e+00 6.4596e-05 2.1531e-01 0.0000e+00
276 0.0000e+00 0.0000e+00 6.4465e-05 0.0000e+00 6.4465e-05 2.1537e-01 0.0000e+00
277 0.0000e+00 0.0000e+00 6.4336e-05 0.0000e+00 6.4336e-05 2.1544e-01 0.0000e+00
278 0.0000e+00 0.0000e+00 6.4206e-05 0.0000e+00 6.4206e-05 2.1550e-01 0.0000e+00
279 0.0000e+00 0.0000e+00 6.4078e-05 0.0000e+00 6.4078e-05 2.1557e-01 0.0000e+00
280 0.0000e+00 0.0000e+00 6.3949e-05 0.0000e+00 6.3949e-05 2.1563e-01 0.0000e+00
281 0.0000e+00 0.0000e+00 6.3822e-05 0.0000e+00 6.3822e-05 2.1569e-01 0.0000e+00
282 0.0000e+00 0.0000e+00 6.3695e-05 0.0000e+00 6.3695e-05 2.1576e-01 0.0000e+00
283 1.0000e-03 0.0000e+00 6.3568e-05 0.0000e+00 6.3568e-05 2.1582e-01 0.0000e+00
284 5.0000e-04 0.0000e+00 6.3442e-05 0.0000e+00 6.3442e-05 2.1589e-01 0.0000e+00
285 2.5000e-03 2.4400e-05 6.4513e-05 1.7490e-05 6.3316e-05 2.1593e-01 1.1972e-06
286 6.0000e-03 4.7000e-05 1.2573e-04 6.4598e-04 6.3226e-05 2.1535e-01 6.2504e-05
287 4.0000e-03 6.6500e-05 1.0671e-04 9.5360e-04 6.4388e-05 2.1446e-01 4.2327e-05
288 1.5000e-03 8.1400e-05 8.2109e-05 9.6929e-04 6.6202e-05 2.1356e-01 1.5907e-05
289 0.0000e+00 9.0100e-05 6.8097e-05 8.4604e-04 6.8097e-05 2.1278e-01 0.0000e+00
290 0.0000e+00 9.4000e-05 6.9772e-05 7.4683e-04 6.9772e-05 2.1210e-01 0.0000e+00
291 5.0000e-04 9.0100e-05 7.3872e-05 6.8679e-04 7.1264e-05 2.1149e-01 2.6074e-06
292 0.0000e+00 8.1400e-05 7.2649e-05 6.0825e-04 7.2649e-05 2.1095e-01 0.0000e+00
293 0.0000e+00 6.6500e-05 7.3875e-05 5.4064e-04 7.3875e-05 2.1048e-01 0.0000e+00
294 1.5000e-03 4.7000e-05 8.8968e-05 6.1893e-04 7.4960e-05 2.0994e-01 1.4008e-05
295 1.0000e-03 2.2800e-05 8.6821e-05 6.4694e-04 7.6245e-05 2.0937e-01 1.0575e-05
296 0.0000e+00 0.0000e+00 7.7617e-05 5.6789e-04 7.7617e-05 2.0888e-01 0.0000e+00
297 0.0000e+00 0.0000e+00 7.8816e-05 5.0378e-04 7.8816e-05 2.0845e-01 0.0000e+00
298 0.0000e+00 0.0000e+00 7.9869e-05 4.4802e-04 7.9869e-05 2.0809e-01 0.0000e+00
299 0.0000e+00 0.0000e+00 8.0793e-05 3.9909e-04 8.0793e-05 2.0777e-01 0.0000e+00
300 0.0000e+00 0.0000e+00 8.1601e-05 3.5596e-04 8.1601e-05 2.0749e-01 0.0000e+00
301 0.0000e+00 0.0000e+00 8.2304e-05 3.1780e-04 8.2304e-05 2.0726e-01 0.0000e+00
302 0.0000e+00 0.0000e+00 8.2912e-05 2.8398e-04 8.2912e-05 2.0706e-01 0.0000e+00
303 0.0000e+00 0.0000e+00 8.3434e-05 2.5395e-04 8.3434e-05 2.0689e-01 0.0000e+00
304 0.0000e+00 0.0000e+00 8.3880e-05 2.2725e-04 8.3880e-05 2.0674e-01 0.0000e+00
305 0.0000e+00 0.0000e+00 8.4257e-05 2.0349e-04 8.4257e-05 2.0662e-01 0.0000e+00
306 0.0000e+00 0.0000e+00 8.4571e-05 1.8233e-04 8.4571e-05 2.0653e-01 0.0000e+00
307 0.0000e+00 0.0000e+00 8.4830e-05 1.6346e-04 8.4830e-05 2.0645e-01 0.0000e+00
308 0.0000e+00 0.0000e+00 8.5039e-05 1.4663e-04 8.5039e-05 2.0639e-01 0.0000e+00
309 0.0000e+00 2.8800e-05 8.5203e-05 1.3159e-04 8.5203e-05 2.0634e-01 0.0000e+00
310 5.0000e-04 5.5500e-05 9.0302e-05 1.6853e-04 8.5326e-05 2.0626e-01 4.9759e-06
311 0.0000e+00 7.8500e-05 8.5548e-05 1.4710e-04 8.5548e-05 2.0619e-01 0.0000e+00
312 0.0000e+00 9.6200e-05 8.5713e-05 1.3080e-04 8.5713e-05 2.0615e-01 0.0000e+00
313 0.0000e+00 1.0640e-04 8.5834e-05 1.1669e-04 8.5834e-05 2.0612e-01 0.0000e+00
314 0.0000e+00 1.1110e-04 8.5917e-05 1.0432e-04 8.5917e-05 2.0610e-01 0.0000e+00
315 0.0000e+00 1.0640e-04 8.5966e-05 9.3383e-05 8.5966e-05 2.0609e-01 0.0000e+00
316 0.0000e+00 9.6200e-05 8.5986e-05 8.3687e-05 8.5986e-05 2.0609e-01 0.0000e+00
317 5.0000e-04 7.8500e-05 8.5980e-05 7.5067e-05 8.5980e-05 2.0611e-01 0.0000e+00
318 1.0000e-03 5.5500e-05 9.4551e-05 1.5459e-04 8.5951e-05 2.0604e-01 8.6002e-06
319 5.0000e-04 2.6900e-05 9.1068e-05 1.8138e-04 8.6135e-05 2.0594e-01 4.9325e-06
320 0.0000e+00 0.0000e+00 8.6392e-05 1.5622e-04 8.6392e-05 2.0587e-01 0.0000e+00
321 0.0000e+00 0.0000e+00 8.6581e-05 1.3744e-04 8.6581e-05 2.0582e-01 0.0000e+00
322 1.0000e-03 0.0000e+00 9.7516e-05 2.3128e-04 8.6718e-05 2.0568e-01 1.0798e-05
323 1.0000e-03 0.0000e+00 9.8208e-05 3.0984e-04 8.7111e-05 2.0545e-01 1.1097e-05
324 0.0000e+00 0.0000e+00 8.7719e-05 2.6461e-04 8.7719e-05 2.0528e-01 0.0000e+00
325 0.0000e+00 0.0000e+00 8.8206e-05 2.3191e-04 8.8206e-05 2.0513e-01 0.0000e+00
326 0.0000e+00 0.0000e+00 8.8603e-05 2.0443e-04 8.8603e-05 2.0502e-01 0.0000e+00
327 0.0000e+00 0.0000e+00 8.8924e-05 1.8084e-04 8.8924e-05 2.0493e-01 0.0000e+00
328 0.0000e+00 0.0000e+00 8.9180e-05 1.6036e-04 8.9180e-05 2.0485e-01 0.0000e+00
329 0.0000e+00 0.0000e+00 8.9378e-05 1.4246e-04 8.9378e-05 2.0480e-01 0.0000e+00
330 0.0000e+00 0.0000e+00 8.9527e-05 1.2676e-04 8.9527e-05 2.0476e-01 0.0000e+00
331 0.0000e+00 0.0000e+00 8.9631e-05 1.1294e-04 8.9631e-05 2.0474e-01 0.0000e+00
332 0.0000e+00 0.0000e+00 8.9696e-05 1.0074e-04 8.9696e-05 2.0473e-01 0.0000e+00
333 0.0000e+00 1.1200e-05 8.9727e-05 8.9949e-05 8.9727e-05 2.0473e-01 0.0000e+00
334 0.0000e+00 2.1600e-05 8.9728e-05 8.0392e-05 8.9728e-05 2.0474e-01 0.0000e+00
335 0.0000e+00 3.0600e-05 8.9702e-05 7.1911e-05 8.9702e-05 2.0476e-01 0.0000e+00
336 0.0000e+00 3.7400e-05 8.9652e-05 6.4377e-05 8.9652e-05 2.0478e-01 0.0000e+00
337 0.0000e+00 4.1400e-05 8.9581e-05 5.7675e-05 8.9581e-05 2.0481e-01 0.0000e+00
338 5.0000e-04 4.3200e-05 9.3464e-05 9.2374e-05 8.9492e-05 2.0481e-01 3.9721e-06
339 5.0000e-04 4.1400e-05 9.4569e-05 1.3116e-04 8.9500e-05 2.0477e-01 5.0690e-06
340 1.5000e-03 3.7400e-05 1.0580e-04 2.7772e-04 8.9616e-05 2.0458e-01 1.6186e-05
341 1.5000e-03 3.0600e-05 1.0637e-04 3.9897e-04 9.0145e-05 2.0427e-01 1.6230e-05
342 1.0000e-03 2.1600e-05 1.0178e-04 4.4813e-04 9.1019e-05 2.0391e-01 1.0757e-05
343 5.0000e-04 1.0500e-05 9.7349e-05 4.3882e-04 9.2040e-05 2.0357e-01 5.3087e-06
344 1.0000e-03 0.0000e+00 1.0402e-04 4.9386e-04 9.3043e-05 2.0317e-01 1.0980e-05
345 5.0000e-04 0.0000e+00 9.9764e-05 4.8323e-04 9.4216e-05 2.0278e-01 5.5484e-06
346 0.0000e+00 0.0000e+00 9.5368e-05 4.2006e-04 9.5368e-05 2.0245e-01 0.0000e+00
347 0.0000e+00 0.0000e+00 9.6341e-05 3.6942e-04 9.6341e-05 2.0218e-01 0.0000e+00
348 0.0000e+00 0.0000e+00 9.7167e-05 3.2606e-04 9.7167e-05 2.0195e-01 0.0000e+00
349 0.0000e+00 0.0000e+00 9.7864e-05 2.8845e-04 9.7864e-05 2.0176e-01 0.0000e+00
350 0.0000e+00 0.0000e+00 9.8449e-05 2.5564e-04 9.8449e-05 2.0160e-01 0.0000e+00
351 0.0000e+00 0.0000e+00 9.8933e-05 2.2689e-04 9.8933e-05 2.0148e-01 0.0000e+00
352 0.0000e+00 0.0000e+00 9.9330e-05 2.0163e-04 9.9330e-05 2.0137e-01 0.0000e+00
353 5.0000e-04 0.0000e+00 1.0520e-04 2.3776e-04 9.9648e-05 2.0124e-01 5.5484e-06
354 0.0000e+00 0.0000e+00 1.0008e-04 2.0640e-04 1.0008e-04 2.0113e-01 0.0000e+00
355 0.0000e+00 0.0000e+00 1.0041e-04 1.8253e-04 1.0041e-04 2.0105e-01 0.0000e+00
356 0.0000e+00 0.0000e+00 1.0067e-04 1.6196e-04 1.0067e-04 2.0099e-01 0.0000e+00
357 0.0000e+00 7.2300e-05 1.0086e-04 1.4399e-04 1.0086e-04 2.0094e-01 0.0000e+00
358 0.0000e+00 1.3960e-04 1.0100e-04 1.2819e-04 1.0100e-04 2.0092e-01 0.0000e+00
359 0.0000e+00 1.9750e-04 1.0108e-04 1.1425e-04 1.0108e-04 2.0090e-01 0.0000e+00
360 0.0000e+00 2.4180e-04 1.0113e-04 1.0193e-04 1.0113e-04 2.0090e-01 0.0000e+00
361 0.0000e+00 2.6750e-04 1.0113e-04 9.1027e-05 1.0113e-04 2.0091e-01 0.0000e+00
362 0.0000e+00 2.7930e-04 1.0110e-04 8.1354e-05 1.0110e-04 2.0093e-01 0.0000e+00
363 0.0000e+00 2.6750e-04 1.0103e-04 7.2764e-05 1.0103e-04 2.0096e-01 0.0000e+00
364 0.0000e+00 2.4180e-04 1.0095e-04 6.5127e-05 1.0095e-04 2.0100e-01 0.0000e+00
365 0.0000e+00 1.9750e-04 1.0083e-04 5.8330e-05 1.0083e-04 2.0104e-01 0.0000e+00
366 0.0000e+00 1.3960e-04 1.0070e-04 5.2275e-05 1.0070e-04 2.0109e-01 0.0000e+00
367 0.0000e+00 6.7600e-05 1.0055e-04 4.6876e-05 1.0055e-04 2.0114e-01 0.0000e+00
368 0.0000e+00 0.0000e+00 1.0038e-04 4.2059e-05 1.0038e-04 2.0120e-01 0.0000e+00
369 0.0000e+00 0.0000e+00 1.0020e-04 3.7758e-05 1.0020e-04 2.0126e-01 0.0000e+00
370 0.0000e+00 0.0000e+00 1.0000e-04 3.3914e-05 1.0000e-04 2.0133e-01 0.0000e+00
371 0.0000e+00 0.0000e+00 9.9794e-05 3.0478e-05 9.9794e-05 2.0140e-01 0.0000e+00
372 0.0000e+00 0.0000e+00 9.9578e-05 2.7402e-05 9.9578e-05 2.0147e-01 0.0000e+00
373 5.0000e-04 0.0000e+00 9.9353e-05 2.4649e-05 9.9353e-05 2.0154e-01 0.0000e+00
374 7.5000e-03 0.0000e+00 1.6722e-04 7.1077e-04 9.9122e-05 2.0093e-01 6.8103e-05
375 4.5000e-03 0.0000e+00 1.5097e-04 1.1012e-03 1.0103e-04 1.9993e-01 4.9935e-05
376 2.5000e-03 0.0000e+00 1.3198e-04 1.2148e-03 1.0424e-04 1.9882e-01 2.7742e-05
377 5.0000e-04 0.0000e+00 1.1347e-04 1.0952e-03 1.0792e-04 1.9783e-01 5.5484e-06
378 0.0000e+00 0.0000e+00 1.1131e-04 9.5120e-04 1.1131e-04 1.9699e-01 0.0000e+00
379 0.0000e+00 0.0000e+00 1.1427e-04 8.3342e-04 1.1427e-04 1.9627e-01 0.0000e+00
380 0.0000e+00 0.0000e+00 1.1686e-04 7.3235e-04 1.1686e-04 1.9566e-01 0.0000e+00
381 0.0000e+00 1.7400e-05 1.1913e-04 6.4485e-04 1.1913e-04 1.9513e-01 0.0000e+00
382 0.0000e+00 3.3600e-05 1.2111e-04 5.6872e-04 1.2111e-04 1.9469e-01 0.0000e+00
383 1.0000e-03 4.7500e-05 1.3796e-04 6.1489e-04 1.2281e-04 1.9419e-01 1.5154e-05
384 1.0000e-03 5.8200e-05 1.3992e-04 6.4885e-04 1.2471e-04 1.9367e-01 1.5209e-05
385 0.0000e+00 6.4300e-05 1.2677e-04 5.6353e-04 1.2677e-04 1.9323e-01 0.0000e+00
386 5.0000e-04 6.7200e-05 1.3454e-04 5.4060e-04 1.2852e-04 1.9282e-01 6.0291e-06
387 0.0000e+00 6.4300e-05 1.3018e-04 4.7307e-04 1.3018e-04 1.9248e-01 0.0000e+00
388 0.0000e+00 5.8200e-05 1.3158e-04 4.1676e-04 1.3158e-04 1.9219e-01 0.0000e+00
389 0.0000e+00 4.7500e-05 1.3276e-04 3.6791e-04 1.3276e-04 1.9196e-01 0.0000e+00
390 5.0000e-04 3.3600e-05 1.3794e-04 3.5716e-04 1.3374e-04 1.9173e-01 4.2031e-06
391 0.0000e+00 1.6300e-05 1.3468e-04 3.1355e-04 1.3468e-04 1.9155e-01 0.0000e+00
392 5.0000e-04 0.0000e+00 1.4262e-04 3.3176e-04 1.3543e-04 1.9136e-01 7.1874e-06
393 5.0000e-04 0.0000e+00 1.4425e-04 3.4994e-04 1.3627e-04 1.9114e-01 7.9840e-06
394 0.0000e+00 0.0000e+00 1.3718e-04 3.0358e-04 1.3718e-04 1.9098e-01 0.0000e+00
395 0.0000e+00 0.0000e+00 1.3789e-04 2.6681e-04 1.3789e-04 1.9085e-01 0.0000e+00
396 0.0000e+00 0.0000e+00 1.3845e-04 2.3523e-04 1.3845e-04 1.9075e-01 0.0000e+00
397 0.0000e+00 0.0000e+00 1.3887e-04 2.0785e-04 1.3887e-04 1.9068e-01 0.0000e+00
398 0.0000e+00 0.0000e+00 1.3917e-04 1.8396e-04 1.3917e-04 1.9064e-01 0.0000e+00
399 0.0000e+00 0.0000e+00 1.3937e-04 1.6304e-04 1.3937e-04 1.9062e-01 0.0000e+00
400 0.0000e+00 0.0000e+00 1.3947e-04 1.4466e-04 1.3947e-04 1.9061e-01 0.0000e+00
401 0.0000e+00 0.0000e+00 1.3949e-04 1.2848e-04 1.3949e-04 1.9062e-01 0.0000e+00
402 1.0000e-03 0.0000e+00 1.5541e-04 2.3663e-04 1.3944e-04 1.9052e-01 1.5968e-05
403 0.0000e+00 0.0000e+00 1.3987e-04 1.9934e-04 1.3987e-04 1.9046e-01 0.0000e+00
404 0.0000e+00 0.0000e+00 1.4013e-04 1.7373e-04 1.4013e-04 1.9043e-01 0.0000e+00
405 5.0000e-04 2.4600e-05 1.4826e-04 2.1362e-04 1.4027e-04 1.9036e-01 7.9840e-06
406 5.0000e-04 4.7400e-05 1.4819e-04 2.4129e-04 1.4060e-04 1.9026e-01 7.5912e-06
407 0.0000e+00 6.7100e-05 1.4104e-04 2.0650e-04 1.4104e-04 1.9019e-01 0.0000e+00
408 5.0000e-04 8.2200e-05 1.4749e-04 2.2747e-04 1.4133e-04 1.9011e-01 6.1567e-06
409 0.0000e+00 9.0900e-05 1.4171e-04 1.9564e-04 1.4171e-04 1.9005e-01 0.0000e+00
410 0.0000e+00 9.5000e-05 1.4195e-04 1.7099e-04 1.4195e-04 1.9002e-01 0.0000e+00
411 0.0000e+00 9.0900e-05 1.4208e-04 1.5007e-04 1.4208e-04 1.9001e-01 0.0000e+00
412 0.0000e+00 8.2200e-05 1.4211e-04 1.3208e-04 1.4211e-04 1.9002e-01 0.0000e+00
413 0.0000e+00 6.7100e-05 1.4207e-04 1.1650e-04 1.4207e-04 1.9005e-01 0.0000e+00
414 0.0000e+00 4.7400e-05 1.4195e-04 1.0294e-04 1.4195e-04 1.9009e-01 0.0000e+00
415 0.0000e+00 2.3000e-05 1.4178e-04 9.1092e-05 1.4178e-04 1.9014e-01 0.0000e+00
416 0.0000e+00 0.0000e+00 1.4156e-04 8.0713e-05 1.4156e-04 1.9020e-01 0.0000e+00
417 0.0000e+00 0.0000e+00 1.4129e-04 7.1600e-05 1.4129e-04 1.9027e-01 0.0000e+00
418 0.0000e+00 0.0000e+00 1.4098e-04 6.3583e-05 1.4098e-04 1.9035e-01 0.0000e+00
419 0.0000e+00 0.0000e+00 1.4064e-04 5.6519e-05 1.4064e-04 1.9043e-01 0.0000e+00
420 0.0000e+00 0.0000e+00 1.4027e-04 5.0285e-05 1.4027e-04 1.9052e-01 0.0000e+00
421 0.0000e+00 0.0000e+00 1.3988e-04 4.4777e-05 1.3988e-04 1.9062e-01 0.0000e+00
422 0.0000e+00 0.0000e+00 1.3946e-04 3.9903e-05 1.3946e-04 1.9072e-01 0.0000e+00
423 0.0000e+00 0.0000e+00 1.3903e-04 3.5587e-05 1.3903e-04 1.9082e-01 0.0000e+00
424 0.0000e+00 0.0000e+00 1.3858e-04 3.1761e-05 1.3858e-04 1.9093e-01 0.0000e+00
425 0.0000e+00 0.0000e+00 1.3812e-04 2.8365e-05 1.3812e-04 1.9104e-01 0.0000e+00
426 0.0000e+00 0.0000e+00 1.3765e-04 2.5349e-05 1.3765e-04 1.9115e-01 0.0000e+00
427 5.0000e-04 0.0000e+00 1.3716e-04 2.2667e-05 1.3716e-04 1.9126e-01 0.0000e+00
428 2.0000e-03 0.0000e+00 1.6740e-04 2.5465e-04 1.3667e-04 1.9115e-01 3.0725e-05
429 3.0000e-03 3.2600e-05 1.8508e-04 5.7125e-04 1.3718e-04 1.9071e-01 4.7904e-05
430 2.0000e-03 6.2900e-05 1.7047e-04 7.1000e-04 1.3905e-04 1.9014e-01 3.1415e-05
431 1.0000e-03 8.9000e-05 1.5652e-04 7.1118e-04 1.4156e-04 1.8957e-01 1.4964e-05
432 0.0000e+00 1.0900e-04 1.4410e-04 6.0611e-04 1.4410e-04 1.8911e-01 0.0000e+00
433 5.0000e-04 1.2060e-04 1.5102e-04 5.6211e-04 1.4619e-04 1.8869e-01 4.8254e-06
434 0.0000e+00 1.2590e-04 1.4811e-04 4.8645e-04 1.4811e-04 1.8835e-01 0.0000e+00
435 0.0000e+00 1.2060e-04 1.4968e-04 4.2415e-04 1.4968e-04 1.8808e-01 0.0000e+00
436 0.0000e+00 1.0900e-04 1.5097e-04 3.7097e-04 1.5097e-04 1.8786e-01 0.0000e+00
437 3.5000e-03 8.9000e-05 2.0032e-04 7.0394e-04 1.5201e-04 1.8731e-01 4.8313e-05
438 0.0000e+00 6.2900e-05 1.5466e-04 5.8680e-04 1.5466e-04 1.8688e-01 0.0000e+00
439 0.0000e+00 3.0500e-05 1.5676e-04 5.0736e-04 1.5676e-04 1.8653e-01 0.0000e+00
440 0.0000e+00 0.0000e+00 1.5848e-04 4.4161e-04 1.5848e-04 1.8624e-01 0.0000e+00
441 0.0000e+00 0.0000e+00 1.5989e-04 3.8588e-04 1.5989e-04 1.8602e-01 0.0000e+00
442 0.0000e+00 0.0000e+00 1.6103e-04 3.3807e-04 1.6103e-04 1.8584e-01 0.0000e+00
443 0.0000e+00 0.0000e+00 1.6192e-04 2.9678e-04 1.6192e-04 1.8570e-01 0.0000e+00
444 5.0000e-04 0.0000e+00 1.6768e-04 3.0148e-04 1.6260e-04 1.8557e-01 5.0747e-06
445 0.0000e+00 0.0000e+00 1.6331e-04 2.6163e-04 1.6331e-04 1.8547e-01 0.0000e+00
446 0.0000e+00 0.0000e+00 1.6381e-04 2.2954e-04 1.6381e-04 1.8540e-01 0.0000e+00
447 0.0000e+00 0.0000e+00 1.6415e-04 2.0193e-04 1.6415e-04 1.8536e-01 0.0000e+00
448 0.0000e+00 0.0000e+00 1.6434e-04 1.7796e-04 1.6434e-04 1.8535e-01 0.0000e+00
449 0.0000e+00 0.0000e+00 1.6441e-04 1.5706e-04 1.6441e-04 1.8536e-01 0.0000e+00
450 0.0000e+00 0.0000e+00 1.6438e-04 1.3879e-04 1.6438e-04 1.8538e-01 0.0000e+00
451 0.0000e+00 0.0000e+00 1.6424e-04 1.2277e-04 1.6424e-04 1.8542e-01 0.0000e+00
452 5.0000e-04 0.0000e+00 1.7202e-04 1.7260e-04 1.6403e-04 1.8542e-01 7.9840e-06
453 0.0000e+00 2.2400e-05 1.6408e-04 1.4639e-04 1.6408e-04 1.8543e-01 0.0000e+00
454 0.0000e+00 4.3300e-05 1.6399e-04 1.2775e-04 1.6399e-04 1.8547e-01 0.0000e+00
455 0.0000e+00 6.1200e-05 1.6380e-04 1.1211e-04 1.6380e-04 1.8552e-01 0.0000e+00
456 0.0000e+00 7.5000e-05 1.6354e-04 9.8686e-05 1.6354e-04 1.8559e-01 0.0000e+00
457 0.0000e+00 8.3000e-05 1.6320e-04 8.7062e-05 1.6320e-04 1.8566e-01 0.0000e+00
458 0.0000e+00 8.6600e-05 1.6282e-04 7.6939e-05 1.6282e-04 1.8575e-01 0.0000e+00
459 0.0000e+00 8.3000e-05 1.6238e-04 6.8089e-05 1.6238e-04 1.8584e-01 0.0000e+00
460 0.0000e+00 7.5000e-05 1.6190e-04 6.0333e-05 1.6190e-04 1.8594e-01 0.0000e+00
461 0.0000e+00 6.1200e-05 1.6139e-04 5.3520e-05 1.6139e-04 1.8605e-01 0.0000e+00
462 0.0000e+00 4.3300e-05 1.6085e-04 4.7524e-05 1.6085e-04 1.8617e-01 0.0000e+00
463 0.0000e+00 2.1000e-05 1.6028e-04 4.2239e-05 1.6028e-04 1.8628e-01 0.0000e+00
464 0.0000e+00 0.0000e+00 1.5969e-04 3.7573e-05 1.5969e-04 1.8641e-01 0.0000e+00
465 1.0000e-03 0.0000e+00 1.6465e-04 7.7652e-05 1.5908e-04 1.8649e-01 5.5701e-06
466 5.0000e-04 0.0000e+00 1.6666e-04 1.2784e-04 1.5868e-04 1.8652e-01 7.9840e-06
467 0.0000e+00 0.0000e+00 1.5852e-04 1.0571e-04 1.5852e-04 1.8657e-01 0.0000e+00
468 0.0000e+00 0.0000e+00 1.5826e-04 9.0985e-05 1.5826e-04 1.8664e-01 0.0000e+00
469 5.0000e-04 0.0000e+00 1.6591e-04 1.4224e-04 1.5793e-04 1.8665e-01 7.9840e-06
470 0.0000e+00 0.0000e+00 1.5785e-04 1.1872e-04 1.5785e-04 1.8669e-01 0.0000e+00
471 0.0000e+00 0.0000e+00 1.5766e-04 1.0251e-04 1.5766e-04 1.8675e-01 0.0000e+00
472 5.0000e-04 0.0000e+00 1.6537e-04 1.5234e-04 1.5739e-04 1.8675e-01 7.9840e-06
473 5.0000e-04 0.0000e+00 1.6535e-04 1.9081e-04 1.5736e-04 1.8672e-01 7.9840e-06
474 0.0000e+00 0.0000e+00 1.5753e-04 1.6014e-04 1.5753e-04 1.8672e-01 0.0000e+00
475 0.0000e+00 0.0000e+00 1.5754e-04 1.3822e-04 1.5754e-04 1.8674e-01 0.0000e+00
476 0.0000e+00 0.0000e+00 1.5744e-04 1.2014e-04 1.5744e-04 1.8677e-01 0.0000e+00
477 0.0000e+00 9.2000e-06 1.5726e-04 1.0487e-04 1.5726e-04 1.8683e-01 0.0000e+00
478 0.0000e+00 1.7800e-05 1.5700e-04 9.1827e-05 1.5700e-04 1.8689e-01 0.0000e+00
479 0.0000e+00 2.5200e-05 1.5668e-04 8.0599e-05 1.5668e-04 1.8697e-01 0.0000e+00
480 0.0000e+00 3.0900e-05 1.5631e-04 7.0885e-05 1.5631e-04 1.8705e-01 0.0000e+00
481 0.0000e+00 3.4200e-05 1.5590e-04 6.2449e-05 1.5590e-04 1.8715e-01 0.0000e+00
482 5.0000e-04 3.5700e-05 1.6155e-04 1.0330e-04 1.5544e-04 1.8720e-01 6.1126e-06
483 2.5000e-03 3.4200e-05 1.9454e-04 3.9684e-04 1.5519e-04 1.8696e-01 3.9350e-05
484 1.0000e-03 3.0900e-05 1.7179e-04 4.4213e-04 1.5636e-04 1.8667e-01 1.5422e-05
485 0.0000e+00 2.5200e-05 1.5777e-04 3.6985e-04 1.5777e-04 1.8646e-01 0.0000e+00
486 1.0000e-03 1.7800e-05 1.7389e-04 4.3728e-04 1.5882e-04 1.8618e-01 1.5072e-05
487 0.0000e+00 8.6000e-06 1.6020e-04 3.6946e-04 1.6020e-04 1.8597e-01 0.0000e+00
488 0.0000e+00 0.0000e+00 1.6125e-04 3.1929e-04 1.6125e-04 1.8581e-01 0.0000e+00
489 0.0000e+00 0.0000e+00 1.6205e-04 2.7752e-04 1.6205e-04 1.8570e-01 0.0000e+00
490 0.0000e+00 0.0000e+00 1.6264e-04 2.4210e-04 1.6264e-04 1.8562e-01 0.0000e+00
491 0.0000e+00 0.0000e+00 1.6304e-04 2.1176e-04 1.6304e-04 1.8557e-01 0.0000e+00
492 0.0000e+00 0.0000e+00 1.6329e-04 1.8563e-04 1.6329e-04 1.8555e-01 0.0000e+00
493 0.0000e+00 0.0000e+00 1.6341e-04 1.6302e-04 1.6341e-04 1.8555e-01 0.0000e+00
494 0.0000e+00 0.0000e+00 1.6340e-04 1.4339e-04 1.6340e-04 1.8557e-01 0.0000e+00
495 0.0000e+00 0.0000e+00 1.6330e-04 1.2630e-04 1.6330e-04 1.8560e-01 0.0000e+00
496 0.0000e+00 0.0000e+00 1.6311e-04 1.1139e-04 1.6311e-04 1.8566e-01 0.0000e+00
497 0.0000e+00 0.0000e+00 1.6285e-04 9.8353e-05 1.6285e-04 1.8572e-01 0.0000e+00
498 0.0000e+00 0.0000e+00 1.6252e-04 8.6939e-05 1.6252e-04 1.8580e-01 0.0000e+00
499 0.0000e+00 0.0000e+00 1.6214e-04 7.6927e-05 1.6214e-04 1.8588e-01 0.0000e+00
500 0.0000e+00 0.0000e+00 1.6171e-04 6.8133e-05 1.6171e-04 1.8597e-01 0.0000e+00
501 0.0000e+00 6.3800e-05 1.6123e-04 6.0399e-05 1.6123e-04 1.8608e-01 0.0000e+00
502 0.0000e+00 1.2310e-04 1.6073e-04 5.3589e-05 1.6073e-04 1.8618e-01 0.0000e+00
503 0.0000e+00 1.7420e-04 1.6019e-04 4.7585e-05 1.6019e-04 1.8630e-01 0.0000e+00
504 0.0000e+00 2.1330e-04 1.5963e-04 4.2287e-05 1.5963e-04 1.8641e-01 0.0000e+00
505 0.0000e+00 2.3600e-04 1.5904e-04 3.7607e-05 1.5904e-04 1.8653e-01 0.0000e+00
506 0.0000e+00 2.4640e-04 1.5844e-04 3.3469e-05 1.5844e-04 1.8666e-01 0.0000e+00
507 0.0000e+00 2.3600e-04 1.5782e-04 2.9807e-05 1.5782e-04 1.8679e-01 0.0000e+00
508 0.0000e+00 2.1330e-04 1.5719e-04 2.6564e-05 1.5719e-04 1.8692e-01 0.0000e+00
509 0.0000e+00 1.7420e-04 1.5655e-04 2.3688e-05 1.5655e-04 1.8705e-01 0.0000e+00
510 0.0000e+00 1.2310e-04 1.5590e-04 2.1137e-05 1.5590e-04 1.8719e-01 0.0000e+00
511 0.0000e+00 5.9600e-05 1.5525e-04 1.8872e-05 1.5525e-04 1.8732e-01 0.0000e+00
512 0.0000e+00 0.0000e+00 1.5459e-04 1.6860e-05 1.5459e-04 1.8746e-01 0.0000e+00
513 0.0000e+00 0.0000e+00 1.5392e-04 1.5070e-05 1.5392e-04 1.8760e-01 0.0000e+00
514 0.0000e+00 0.0000e+00 1.5326e-04 1.3478e-05 1.5326e-04 1.8774e-01 0.0000e+00
515 0.0000e+00 0.0000e+00 1.5259e-04 1.2061e-05 1.5259e-04 1.8788e-01 0.0000e+00
516 0.0000e+00 0.0000e+00 1.5192e-04 1.0798e-05 1.5192e-04 1.8802e-01 0.0000e+00
517 0.0000e+00 0.0000e+00 1.5125e-04 9.6724e-06 1.5125e-04 1.8816e-01 0.0000e+00
518 0.0000e+00 0.0000e+00 1.5059e-04 8.6684e-06 1.5059e-04 1.8830e-01 0.0000e+00
519 0.0000e+00 0.0000e+00 1.4992e-04 7.7723e-06 1.4992e-04 1.8845e-01 0.0000e+00
520 0.0000e+00 0.0000e+00 1.4925e-04 6.9721e-06 1.4925e-04 1.8859e-01 0.0000e+00
521 0.0000e+00 0.0000e+00 1.4859e-04 6.2571e-06 1.4859e-04 1.8873e-01 0.0000e+00
522 0.0000e+00 0.0000e+00 1.4793e-04 5.6180e-06 1.4793e-04 1.8887e-01 0.0000e+00
523 0.0000e+00 0.0000e+00 1.4728e-04 5.0463e-06 1.4728e-04 1.8901e-01 0.0000e+00
524 0.0000e+00 0.0000e+00 1.4662e-04 4.5341e-06 1.4662e-04 1.8916e-01 0.0000e+00
525 0.0000e+00 4.1700e-05 1.4597e-04 4.0762e-06 1.4597e-04 1.8930e-01 0.0000e+00
526 0.0000e+00 8.0400e-05 1.4533e-04 3.6660e-06 1.4533e-04 1.8944e-01 0.0000e+00
527 0.0000e+00 1.1380e-04 1.4469e-04 3.2984e-06 1.4469e-04 1.8958e-01 0.0000e+00
528 0.0000e+00 1.3930e-04 1.4405e-04 2.9688e-06 1.4405e-04 1.8972e-01 0.0000e+00
529 0.0000e+00 1.5420e-04 1.4341e-04 2.6731e-06 1.4341e-04 1.8986e-01 0.0000e+00
530 0.0000e+00 1.6090e-04 1.4279e-04 2.4078e-06 1.4279e-04 1.9000e-01 0.0000e+00
531 0.0000e+00 1.5420e-04 1.4216e-04 2.1695e-06 1.4216e-04 1.9014e-01 0.0000e+00
532 0.0000e+00 1.3930e-04 1.4154e-04 1.9556e-06 1.4154e-04 1.9028e-01 0.0000e+00
533 0.0000e+00 1.1380e-04 1.4092e-04 1.7633e-06 1.4092e-04 1.9042e-01 0.0000e+00
534 0.0000e+00 8.0400e-05 1.4031e-04 1.5905e-06 1.4031e-04 1.9056e-01 0.0000e+00
535 0.0000e+00 3.8900e-05 1.3971e-04 1.4345e-06 1.3971e-04 1.9070e-01 0.0000e+00
536 0.0000e+00 0.0000e+00 1.3910e-04 1.2949e-06 1.3910e-04 1.9084e-01 0.0000e+00
537 0.0000e+00 0.0000e+00 1.3850e-04 1.1692e-06 1.3850e-04 1.9097e-01 0.0000e+00
538 0.0000e+00 0.0000e+00 1.3791e-04 1.0560e-06 1.3791e-04 1.9111e-01 0.0000e+00
539 0.0000e+00 0.0000e+00 1.3732e-04 9.5409e-07 1.3732e-04 1.9125e-01 0.0000e+00
540 0.0000e+00 0.0000e+00 1.3674e-04 8.6227e-07 1.3674e-04 1.9138e-01 0.0000e+00
541 0.0000e+00 0.0000e+00 1.3616e-04 7.7952e-07 1.3616e-04 1.9152e-01 0.0000e+00
542 0.0000e+00 0.0000e+00 1.3559e-04 7.0491e-07 1.3559e-04 1.9165e-01 0.0000e+00
543 0.0000e+00 0.0000e+00 1.3501e-04 6.3763e-07 1.3501e-04 1.9179e-01 0.0000e+00
544 0.0000e+00 0.0000e+00 1.3445e-04 5.7693e-07 1.3445e-04 1.9192e-01 0.0000e+00
545 0.0000e+00 0.0000e+00 1.3389e-04 5.2115e-07 1.3389e-04 1.9206e-01 0.0000e+00
546 0.0000e+00 0.0000e+00 1.3333e-04 4.7186e-07 1.3333e-04 1.9219e-01 0.0000e+00
547 0.0000e+00 0.0000e+00 1.3278e-04 4.2735e-07 1.3278e-04 1.9232e-01 0.0000e+00
548 0.0000e+00 0.0000e+00 1.3223e-04 3.8713e-07 1.3223e-04 1.9245e-01 0.0000e+00
549 0.0000e+00 2.0700e-05 1.3169e-04 3.5079e-07 1.3169e-04 1.9258e-01 0.0000e+00
550 0.0000e+00 4.0000e-05 1.3115e-04 3.1794e-07 1.3115e-04 1.9271e-01 0.0000e+00
551 0.0000e+00 5.6600e-05 1.3061e-04 2.8824e-07 1.3061e-04 1.9284e-01 0.0000e+00
552 1.0000e-03 6.9300e-05 1.3008e-04 2.6137e-07 1.3008e-04 1.9297e-01 0.0000e+00
553 1.0000e-03 7.6600e-05 1.2955e-04 2.3707e-07 1.2955e-04 1.9310e-01 0.0000e+00
554 2.0000e-03 8.0000e-05 1.4072e-04 8.8133e-05 1.2903e-04 1.9315e-01 1.1690e-05
555 1.5000e-03 7.6600e-05 1.5154e-04 2.4120e-04 1.2887e-04 1.9303e-01 2.2675e-05
556 0.0000e+00 6.9300e-05 1.2932e-04 1.9743e-04 1.2932e-04 1.9296e-01 0.0000e+00
557 5.0000e-04 5.6600e-05 1.3525e-04 2.1189e-04 1.2960e-04 1.9288e-01 5.6560e-06
558 0.0000e+00 4.0000e-05 1.2993e-04 1.8066e-04 1.2993e-04 1.9283e-01 0.0000e+00
559 0.0000e+00 1.9400e-05 1.3014e-04 1.5666e-04 1.3014e-04 1.9281e-01 0.0000e+00
560 0.0000e+00 0.0000e+00 1.3024e-04 1.3655e-04 1.3024e-04 1.9280e-01 0.0000e+00
561 0.0000e+00 0.0000e+00 1.3027e-04 1.1946e-04 1.3027e-04 1.9281e-01 0.0000e+00
562 0.0000e+00 0.0000e+00 1.3023e-04 1.0480e-04 1.3023e-04 1.9283e-01 0.0000e+00
563 0.0000e+00 0.0000e+00 1.3012e-04 9.2157e-05 1.3012e-04 1.9287e-01 0.0000e+00
564 0.0000e+00 0.0000e+00 1.2997e-04 8.1190e-05 1.2997e-04 1.9292e-01 0.0000e+00
565 5.0000e-04 0.0000e+00 1.3590e-04 1.1784e-04 1.2977e-04 1.9293e-01 6.1330e-06
566 0.0000e+00 0.0000e+00 1.2972e-04 1.0038e-04 1.2972e-04 1.9296e-01 0.0000e+00
567 0.0000e+00 0.0000e+00 1.2960e-04 8.7700e-05 1.2960e-04 1.9300e-01 0.0000e+00
568 0.0000e+00 0.0000e+00 1.2943e-04 7.6971e-05 1.2943e-04 1.9306e-01 0.0000e+00
569 0.0000e+00 0.0000e+00 1.2922e-04 6.7765e-05 1.2922e-04 1.9312e-01 0.0000e+00
570 0.0000e+00 0.0000e+00 1.2897e-04 5.9799e-05 1.2897e-04 1.9319e-01 0.0000e+00
571 0.0000e+00 0.0000e+00 1.2869e-04 5.2866e-05 1.2869e-04 1.9326e-01 0.0000e+00
572 0.0000e+00 0.0000e+00 1.2839e-04 4.6809e-05 1.2839e-04 1.9335e-01 0.0000e+00
573 3.0000e-03 3.0500e-05 1.7597e-04 4.0112e-04 1.2806e-04 1.9307e-01 4.7904e-05
574 1.0000e-03 5.8900e-05 1.4464e-04 4.4268e-04 1.2916e-04 1.9276e-01 1.5481e-05
575 2.5000e-03 8.3300e-05 1.6941e-04 6.6820e-04 1.3043e-04 1.9222e-01 3.8979e-05
576 3.5000e-03 1.0200e-04 1.8720e-04 9.7374e-04 1.3264e-04 1.9138e-01 5.4558e-05
577 1.5000e-03 1.1290e-04 1.5850e-04 9.8885e-04 1.3618e-04 1.9053e-01 2.2323e-05
578 0.0000e+00 1.1780e-04 1.3985e-04 8.4570e-04 1.3985e-04 1.8982e-01 0.0000e+00
579 0.0000e+00 1.1290e-04 1.4297e-04 7.3401e-04 1.4297e-04 1.8923e-01 0.0000e+00
580 0.0000e+00 1.0200e-04 1.4564e-04 6.3995e-04 1.4564e-04 1.8874e-01 0.0000e+00
581 0.0000e+00 8.3300e-05 1.4790e-04 5.5968e-04 1.4790e-04 1.8832e-01 0.0000e+00
582 0.0000e+00 5.8900e-05 1.4982e-04 4.9058e-04 1.4982e-04 1.8798e-01 0.0000e+00
583 0.0000e+00 2.8500e-05 1.5142e-04 4.3077e-04 1.5142e-04 1.8770e-01 0.0000e+00
584 0.0000e+00 0.0000e+00 1.5275e-04 3.7882e-04 1.5275e-04 1.8748e-01 0.0000e+00
585 0.0000e+00 0.0000e+00 1.5383e-04 3.3356e-04 1.5383e-04 1.8730e-01 0.0000e+00
586 0.0000e+00 0.0000e+00 1.5470e-04 2.9405e-04 1.5470e-04 1.8716e-01 0.0000e+00
587 0.0000e+00 0.0000e+00 1.5538e-04 2.5950e-04 1.5538e-04 1.8705e-01 0.0000e+00
588 0.0000e+00 0.0000e+00 1.5588e-04 2.2923e-04 1.5588e-04 1.8698e-01 0.0000e+00
589 5.0000e-04 0.0000e+00 1.5624e-04 2.0268e-04 1.5624e-04 1.8694e-01 0.0000e+00
590 0.0000e+00 0.0000e+00 1.5647e-04 1.7936e-04 1.5647e-04 1.8691e-01 0.0000e+00
591 0.0000e+00 0.0000e+00 1.5658e-04 1.5886e-04 1.5658e-04 1.8691e-01 0.0000e+00
592 5.0000e-04 0.0000e+00 1.6277e-04 1.8963e-04 1.5659e-04 1.8688e-01 6.1777e-06
593 0.0000e+00 0.0000e+00 1.5675e-04 1.6340e-04 1.5675e-04 1.8687e-01 0.0000e+00
594 1.0000e-03 0.0000e+00 1.7275e-04 2.6970e-04 1.5678e-04 1.8676e-01 1.5968e-05
595 0.0000e+00 0.0000e+00 1.5734e-04 2.2603e-04 1.5734e-04 1.8669e-01 0.0000e+00
596 0.0000e+00 0.0000e+00 1.5768e-04 1.9608e-04 1.5768e-04 1.8665e-01 0.0000e+00
597 0.0000e+00 6.2600e-05 1.5787e-04 1.7127e-04 1.5787e-04 1.8664e-01 0.0000e+00
598 0.0000e+00 1.2080e-04 1.5793e-04 1.5020e-04 1.5793e-04 1.8664e-01 0.0000e+00
599 0.0000e+00 1.7090e-04 1.5789e-04 1.3208e-04 1.5789e-04 1.8667e-01 0.0000e+00
600 0.0000e+00 2.0930e-04 1.5777e-04 1.1639e-04 1.5777e-04 1.8671e-01 0.0000e+00
601 0.0000e+00 2.3150e-04 1.5756e-04 1.0274e-04 1.5756e-04 1.8677e-01 0.0000e+00
602 0.0000e+00 2.4180e-04 1.5729e-04 9.0819e-05 1.5729e-04 1.8683e-01 0.0000e+00
603 0.0000e+00 2.3150e-04 1.5697e-04 8.0388e-05 1.5697e-04 1.8691e-01 0.0000e+00
604 0.0000e+00 2.0930e-04 1.5659e-04 7.1237e-05 1.5659e-04 1.8700e-01 0.0000e+00
605 0.0000e+00 1.7090e-04 1.5617e-04 6.3194e-05 1.5617e-04 1.8709e-01 0.0000e+00
606 0.0000e+00 1.2080e-04 1.5572e-04 5.6114e-05 1.5572e-04 1.8719e-01 0.0000e+00
607 0.0000e+00 5.8500e-05 1.5524e-04 4.9871e-05 1.5524e-04 1.8729e-01 0.0000e+00
608 0.0000e+00 0.0000e+00 1.5473e-04 4.4361e-05 1.5473e-04 1.8740e-01 0.0000e+00
609 0.0000e+00 0.0000e+00 1.5419e-04 3.9491e-05 1.5419e-04 1.8752e-01 0.0000e+00
610 0.0000e+00 0.0000e+00 1.5364e-04 3.5181e-05 1.5364e-04 1.8764e-01 0.0000e+00
611 0.0000e+00 0.0000e+00 1.5307e-04 3.1365e-05 1.5307e-04 1.8776e-01 0.0000e+00
612 0.0000e+00 0.0000e+00 1.5249e-04 2.7982e-05 1.5249e-04 1.8788e-01 0.0000e+00
613 0.0000e+00 0.0000e+00 1.5190e-04 2.4980e-05 1.5190e-04 1.8801e-01 0.0000e+00
614 0.0000e+00 0.0000e+00 1.5130e-04 2.2314e-05 1.5130e-04 1.8814e-01 0.0000e+00
615 0.0000e+00 0.0000e+00 1.5069e-04 1.9945e-05 1.5069e-04 1.8827e-01 0.0000e+00
616 0.0000e+00 0.0000e+00 1.5008e-04 1.7838e-05 1.5008e-04 1.8840e-01 0.0000e+00
617 0.0000e+00 0.0000e+00 1.4946e-04 1.5962e-05 1.4946e-04 1.8854e-01 0.0000e+00
618 0.0000e+00 0.0000e+00 1.4884e-04 1.4291e-05 1.4884e-04 1.8867e-01 0.0000e+00
619 0.0000e+00 0.0000e+00 1.4821e-04 1.2802e-05 1.4821e-04 1.8881e-01 0.0000e+00
620 0.0000e+00 0.0000e+00 1.4759e-04 1.1474e-05 1.4759e-04 1.8894e-01 0.0000e+00
621 0.0000e+00 1.4200e-05 1.4696e-04 1.0289e-05 1.4696e-04 1.8908e-01 0.0000e+00
622 0.0000e+00 2.7500e-05 1.4633e-04 9.2308e-06 1.4633e-04 1.8921e-01 0.0000e+00
623 0.0000e+00 3.8900e-05 1.4571e-04 8.2854e-06 1.4571e-04 1.8935e-01 0.0000e+00
624 1.0000e-03 4.7600e-05 1.4508e-04 7.4401e-06 1.4508e-04 1.8949e-01 0.0000e+00
625 1.0000e-03 5.2700e-05 1.4569e-04 1.6234e-05 1.4446e-04 1.8962e-01 1.2345e-06
626 3.0000e-03 5.5000e-05 1.9094e-04 3.7727e-04 1.4388e-04 1.8938e-01 4.7062e-05
627 2.0000e-03 5.2700e-05 1.7599e-04 5.4186e-04 1.4494e-04 1.8899e-01 3.1058e-05
628 1.5000e-03 4.7600e-05 1.6986e-04 6.2813e-04 1.4674e-04 1.8851e-01 2.3110e-05
629 3.5000e-03 3.8900e-05 2.0410e-04 9.5772e-04 1.4897e-04 1.8770e-01 5.5128e-05
630 4.0000e-03 2.7500e-05 2.1603e-04 1.2948e-03 1.5278e-04 1.8656e-01 6.3251e-05
631 5.0000e-03 1.3300e-05 2.3773e-04 1.7142e-03 1.5833e-04 1.8500e-01 7.9401e-05
632 0.0000e+00 0.0000e+00 1.6622e-04 1.4400e-03 1.6622e-04 1.8373e-01 0.0000e+00
633 0.0000e+00 0.0000e+00 1.7297e-04 1.2423e-03 1.7297e-04 1.8266e-01 0.0000e+00
634 1.0000e-03 0.0000e+00 1.9460e-04 1.2072e-03 1.7885e-04 1.8163e-01 1.5756e-05
635 2.5000e-03 0.0000e+00 2.2461e-04 1.3703e-03 1.8469e-04 1.8044e-01 3.9920e-05
636 3.5000e-03 0.0000e+00 2.4857e-04 1.6285e-03 1.9166e-04 1.7901e-01 5.6907e-05
637 3.0000e-03 0.0000e+00 2.5533e-04 1.7716e-03 2.0046e-04 1.7743e-01 5.4865e-05
638 0.0000e+00 0.0000e+00 2.1055e-04 1.5007e-03 2.1055e-04 1.7614e-01 0.0000e+00
639 5.0000e-04 0.0000e+00 2.3001e-04 1.3652e-03 2.1921e-04 1.7500e-01 1.0792e-05
640 0.0000e+00 0.0000e+00 2.2721e-04 1.1793e-03 2.2721e-04 1.7405e-01 0.0000e+00
641 5.0000e-04 0.0000e+00 2.4486e-04 1.0918e-03 2.3407e-04 1.7319e-01 1.0792e-05
642 0.0000e+00 0.0000e+00 2.4043e-04 9.4368e-04 2.4043e-04 1.7249e-01 0.0000e+00
643 5.0000e-04 0.0000e+00 2.5656e-04 8.8905e-04 2.4577e-04 1.7184e-01 1.0792e-05
644 0.0000e+00 0.0000e+00 2.5076e-04 7.6760e-04 2.5076e-04 1.7133e-01 0.0000e+00
645 0.0000e+00 1.6900e-05 2.5484e-04 6.6731e-04 2.5484e-04 1.7091e-01 0.0000e+00
646 0.0000e+00 3.2600e-05 2.5815e-04 5.8118e-04 2.5815e-04 1.7059e-01 0.0000e+00
647 0.0000e+00 4.6100e-05 2.6077e-04 5.0688e-04 2.6077e-04 1.7034e-01 0.0000e+00
648 0.0000e+00 5.6400e-05 2.6278e-04 4.4259e-04 2.6278e-04 1.7016e-01 0.0000e+00
649 0.0000e+00 6.2400e-05 2.6426e-04 3.8686e-04 2.6426e-04 1.7004e-01 0.0000e+00
650 0.0000e+00 6.5200e-05 2.6528e-04 3.3849e-04 2.6528e-04 1.6997e-01 0.0000e+00
651 0.0000e+00 6.2400e-05 2.6588e-04 2.9645e-04 2.6588e-04 1.6994e-01 0.0000e+00
652 0.0000e+00 5.6400e-05 2.6614e-04 2.5987e-04 2.6614e-04 1.6994e-01 0.0000e+00
653 0.0000e+00 4.6100e-05 2.6609e-04 2.2802e-04 2.6609e-04 1.6998e-01 0.0000e+00
654 0.0000e+00 3.2600e-05 2.6577e-04 2.0025e-04 2.6577e-04 1.7005e-01 0.0000e+00
655 0.0000e+00 1.5800e-05 2.6523e-04 1.7601e-04 2.6523e-04 1.7014e-01 0.0000e+00
656 0.0000e+00 0.0000e+00 2.6449e-04 1.5484e-04 2.6449e-04 1.7025e-01 0.0000e+00
657 0.0000e+00 0.0000e+00 2.6358e-04 1.3634e-04 2.6358e-04 1.7037e-01 0.0000e+00
658 0.0000e+00 0.0000e+00 2.6254e-04 1.2014e-04 2.6254e-04 1.7052e-01 0.0000e+00
659 0.0000e+00 0.0000e+00 2.6137e-04 1.0596e-04 2.6137e-04 1.7067e-01 0.0000e+00
660 0.0000e+00 0.0000e+00 2.6011e-04 9.3520e-05 2.6011e-04 1.7084e-01 0.0000e+00
661 0.0000e+00 0.0000e+00 2.5875e-04 8.2608e-05 2.5875e-04 1.7101e-01 0.0000e+00
662 0.0000e+00 0.0000e+00 2.5733e-04 7.3024e-05 2.5733e-04 1.7120e-01 0.0000e+00
663 0.0000e+00 0.0000e+00 2.5586e-04 6.4601e-05 2.5586e-04 1.7139e-01 0.0000e+00
664 0.0000e+00 0.0000e+00 2.5433e-04 5.7191e-05 2.5433e-04 1.7159e-01 0.0000e+00
665 0.0000e+00 0.0000e+00 2.5277e-04 5.0667e-05 2.5277e-04 1.7179e-01 0.0000e+00
666 5.0000e-04 0.0000e+00 2.5138e-04 4.6203e-05 2.5118e-04 1.7199e-01 2.0010e-07
667 0.0000e+00 0.0000e+00 2.4957e-04 4.0833e-05 2.4957e-04 1.7220e-01 0.0000e+00
668 5.0000e-04 0.0000e+00 2.5874e-04 1.0518e-04 2.4795e-04 1.7235e-01 1.0792e-05
669 5.0000e-04 1.5300e-05 2.5764e-04 1.5395e-04 2.4685e-04 1.7244e-01 1.0792e-05
670 0.0000e+00 2.9500e-05 2.4613e-04 1.2552e-04 2.4613e-04 1.7256e-01 0.0000e+00
671 1.0000e-03 4.1700e-05 2.6582e-04 2.3800e-04 2.4521e-04 1.7257e-01 2.0617e-05
672 0.0000e+00 5.1100e-05 2.4515e-04 1.9258e-04 2.4515e-04 1.7262e-01 0.0000e+00
673 0.0000e+00 5.6500e-05 2.4475e-04 1.6320e-04 2.4475e-04 1.7270e-01 0.0000e+00
674 0.0000e+00 5.9000e-05 2.4413e-04 1.3962e-04 2.4413e-04 1.7280e-01 0.0000e+00
675 5.0000e-04 5.6500e-05 2.4963e-04 1.6025e-04 2.4333e-04 1.7289e-01 6.3029e-06
676 5.0000e-04 5.1100e-05 2.5227e-04 1.9556e-04 2.4270e-04 1.7293e-01 9.5724e-06
677 0.0000e+00 4.1700e-05 2.4234e-04 1.6270e-04 2.4234e-04 1.7301e-01 0.0000e+00
678 0.0000e+00 2.9500e-05 2.4174e-04 1.3920e-04 2.4174e-04 1.7312e-01 0.0000e+00
679 1.0000e-03 1.4300e-05 2.5991e-04 2.4002e-04 2.4097e-04 1.7312e-01 1.8946e-05
680 1.0000e-03 0.0000e+00 2.6223e-04 3.3129e-04 2.4096e-04 1.7303e-01 2.1275e-05
681 0.0000e+00 0.0000e+00 2.4164e-04 2.7157e-04 2.4164e-04 1.7300e-01 0.0000e+00
682 0.0000e+00 0.0000e+00 2.4187e-04 2.3076e-04 2.4187e-04 1.7301e-01 0.0000e+00
683 0.0000e+00 0.0000e+00 2.4178e-04 1.9770e-04 2.4178e-04 1.7305e-01 0.0000e+00
684 0.0000e+00 0.0000e+00 2.4145e-04 1.7031e-04 2.4145e-04 1.7312e-01 0.0000e+00
685 0.0000e+00 0.0000e+00 2.4091e-04 1.4729e-04 2.4091e-04 1.7322e-01 0.0000e+00
686 0.0000e+00 0.0000e+00 2.4021e-04 1.2778e-04 2.4021e-04 1.7333e-01 0.0000e+00
687 0.0000e+00 0.0000e+00 2.3937e-04 1.1112e-04 2.3937e-04 1.7346e-01 0.0000e+00
688 0.0000e+00 0.0000e+00 2.3841e-04 9.6844e-05 2.3841e-04 1.7360e-01 0.0000e+00
689 0.0000e+00 0.0000e+00 2.3736e-04 8.4558e-05 2.3736e-04 1.7375e-01 0.0000e+00
690 0.0000e+00 0.0000e+00 2.3623e-04 7.3955e-05 2.3623e-04 1.7392e-01 0.0000e+00
691 0.0000e+00 0.0000e+00 2.3503e-04 6.4780e-05 2.3503e-04 1.7409e-01 0.0000e+00
692 0.0000e+00 0.0000e+00 2.3378e-04 5.6824e-05 2.3378e-04 1.7426e-01 0.0000e+00
693 0.0000e+00 5.6100e-05 2.3250e-04 4.9909e-05 2.3250e-04 1.7444e-01 0.0000e+00
694 0.0000e+00 1.0830e-04 2.3117e-04 4.3890e-05 2.3117e-04 1.7463e-01 0.0000e+00
695 0.0000e+00 1.5320e-04 2.2982e-04 3.8641e-05 2.2982e-04 1.7482e-01 0.0000e+00
696 0.0000e+00 1.8770e-04 2.2845e-04 3.4056e-05 2.2845e-04 1.7502e-01 0.0000e+00
697 0.0000e+00 2.0760e-04 2.2707e-04 3.0046e-05 2.2707e-04 1.7521e-01 0.0000e+00
698 0.0000e+00 2.1680e-04 2.2568e-04 2.6534e-05 2.2568e-04 1.7541e-01 0.0000e+00
699 0.0000e+00 2.0760e-04 2.2428e-04 2.3454e-05 2.2428e-04 1.7561e-01 0.0000e+00
700 5.0000e-04 1.8770e-04 2.2287e-04 2.0751e-05 2.2287e-04 1.7582e-01 0.0000e+00
701 0.0000e+00 1.5320e-04 2.2147e-04 1.8374e-05 2.2147e-04 1.7602e-01 0.0000e+00
702 0.0000e+00 1.0830e-04 2.2007e-04 1.6283e-05 2.2007e-04 1.7622e-01 0.0000e+00
703 0.0000e+00 5.2400e-05 2.1867e-04 1.4441e-05 2.1867e-04 1.7643e-01 0.0000e+00
704 0.0000e+00 0.0000e+00 2.1728e-04 1.2818e-05 2.1728e-04 1.7663e-01 0.0000e+00
705 0.0000e+00 0.0000e+00 2.1590e-04 1.1385e-05 2.1590e-04 1.7684e-01 0.0000e+00
706 0.0000e+00 0.0000e+00 2.1452e-04 1.0120e-05 2.1452e-04 1.7704e-01 0.0000e+00
707 0.0000e+00 0.0000e+00 2.1316e-04 9.0009e-06 2.1316e-04 1.7725e-01 0.0000e+00
708 0.0000e+00 0.0000e+00 2.1180e-04 8.0112e-06 2.1180e-04 1.7745e-01 0.0000e+00
709 0.0000e+00 0.0000e+00 2.1046e-04 7.1349e-06 2.1046e-04 1.7765e-01 0.0000e+00
710 0.0000e+00 0.0000e+00 2.0912e-04 6.3583e-06 2.0912e-04 1.7786e-01 0.0000e+00
711 0.0000e+00 0.0000e+00 2.0780e-04 5.6691e-06 2.0780e-04 1.7806e-01 0.0000e+00
712 0.0000e+00 0.0000e+00 2.0649e-04 5.0582e-06 2.0649e-04 1.7826e-01 0.0000e+00
713 0.0000e+00 0.0000e+00 2.0520e-04 4.5156e-06 2.0520e-04 1.7846e-01 0.0000e+00
714 0.0000e+00 0.0000e+00 2.0391e-04 4.0335e-06 2.0391e-04 1.7866e-01 0.0000e+00
715 0.0000e+00 0.0000e+00 2.0265e-04 3.6048e-06 2.0265e-04 1.7886e-01 0.0000e+00
716 0.0000e+00 0.0000e+00 2.0139e-04 3.2233e-06 2.0139e-04 1.7906e-01 0.0000e+00
717 0.0000e+00 8.5600e-05 2.0015e-04 2.8836e-06 2.0015e-04 1.7925e-01 0.0000e+00
718 0.0000e+00 1.6520e-04 1.9892e-04 2.5810e-06 1.9892e-04 1.7945e-01 0.0000e+00
719 0.0000e+00 2.3380e-04 1.9770e-04 2.3113e-06 1.9770e-04 1.7965e-01 0.0000e+00
720 0.0000e+00 2.8620e-04 1.9650e-04 2.0708e-06 1.9650e-04 1.7984e-01 0.0000e+00
721 0.0000e+00 3.1670e-04 1.9530e-04 1.8554e-06 1.9530e-04 1.8003e-01 0.0000e+00
722 0.0000e+00 3.3060e-04 1.9413e-04 1.6639e-06 1.9413e-04 1.8023e-01 0.0000e+00
723 0.0000e+00 3.1670e-04 1.9296e-04 1.4928e-06 1.9296e-04 1.8042e-01 0.0000e+00
724 0.0000e+00 2.8620e-04 1.9181e-04 1.3398e-06 1.9181e-04 1.8061e-01 0.0000e+00
725 0.0000e+00 2.3380e-04 1.9067e-04 1.2031e-06 1.9067e-04 1.8080e-01 0.0000e+00
726 0.0000e+00 1.6520e-04 1.8955e-04 1.0807e-06 1.8955e-04 1.8099e-01 0.0000e+00
727 0.0000e+00 8.0000e-05 1.8844e-04 9.7117e-07 1.8844e-04 1.8117e-01 0.0000e+00
728 0.0000e+00 0.0000e+00 1.8733e-04 8.7308e-07 1.8733e-04 1.8136e-01 0.0000e+00
729 0.0000e+00 0.0000e+00 1.8625e-04 7.8520e-07 1.8625e-04 1.8155e-01 0.0000e+00
730 0.0000e+00 0.0000e+00 1.8517e-04 7.0643e-07 1.8517e-04 1.8173e-01 0.0000e+00
731 0.0000e+00 0.0000e+00 1.8411e-04 6.3471e-07 1.8411e-04 1.8191e-01 0.0000e+00
732 0.0000e+00 0.0000e+00 1.8305e-04 5.7153e-07 1.8305e-04 1.8210e-01 0.0000e+00
733 0.0000e+00 0.0000e+00 1.8201e-04 5.1482e-07 1.8201e-04 1.8228e-01 0.0000e+00
734 0.0000e+00 0.0000e+00 1.8098e-04 4.6389e-07 1.8098e-04 1.8246e-01 0.0000e+00
735 0.0000e+00 0.0000e+00 1.7996e-04 4.1814e-07 1.7996e-04 1.8264e-01 0.0000e+00
736 0.0000e+00 0.0000e+00 1.7896e-04 3.7703e-07 1.7896e-04 1.8282e-01 0.0000e+00
737 0.0000e+00 0.0000e+00 1.7796e-04 3.4007e-07 1.7796e-04 1.8299e-01 0.0000e+00
738 0.0000e+00 0.0000e+00 1.7698e-04 3.0682e-07 1.7698e-04 1.8317e-01 0.0000e+00
739 0.0000e+00 0.0000e+00 1.7600e-04 2.7692e-07 1.7600e-04 1.8335e-01 0.0000e+00
740 0.0000e+00 0.0000e+00 1.7504e-04 2.5000e-07 1.7504e-04 1.8352e-01 0.0000e+00
741 0.0000e+00 7.4700e-05 1.7409e-04 2.2577e-07 1.7409e-04 1.8369e-01 0.0000e+00
742 0.0000e+00 1.4410e-04 1.7314e-04 2.0257e-07 1.7314e-04 1.8387e-01 0.0000e+00
743 0.0000e+00 2.0380e-04 1.7221e-04 1.8311e-07 1.7221e-04 1.8404e-01 0.0000e+00
744 0.0000e+00 2.4960e-04 1.7129e-04 1.6557e-07 1.7129e-04 1.8421e-01 0.0000e+00
745 0.0000e+00 2.7610e-04 1.7037e-04 1.4975e-07 1.7037e-04 1.8438e-01 0.0000e+00
746 0.0000e+00 2.8830e-04 1.6947e-04 1.3547e-07 1.6947e-04 1.8455e-01 0.0000e+00
747 0.0000e+00 2.7610e-04 1.6857e-04 1.2259e-07 1.6857e-04 1.8472e-01 0.0000e+00
748 0.0000e+00 2.4960e-04 1.6769e-04 1.1096e-07 1.6769e-04 1.8489e-01 0.0000e+00
749 0.0000e+00 2.0380e-04 1.6681e-04 1.0046e-07 1.6681e-04 1.8505e-01 0.0000e+00
750 0.0000e+00 1.4410e-04 1.6595e-04 9.0972e-08 1.6595e-04 1.8522e-01 0.0000e+00
751 0.0000e+00 6.9800e-05 1.6509e-04 8.2403e-08 1.6509e-04 1.8538e-01 0.0000e+00
752 0.0000e+00 0.0000e+00 1.6424e-04 7.2891e-08 1.6424e-04 1.8555e-01 0.0000e+00
753 0.0000e+00 0.0000e+00 1.6340e-04 6.6116e-08 1.6340e-04 1.8571e-01 0.0000e+00
754 0.0000e+00 0.0000e+00 1.6257e-04 5.9983e-08 1.6257e-04 1.8587e-01 0.0000e+00
755 0.0000e+00 0.0000e+00 1.6174e-04 5.4431e-08 1.6174e-04 1.8604e-01 0.0000e+00
756 0.0000e+00 0.0000e+00 1.6093e-04 4.9402e-08 1.6093e-04 1.8620e-01 0.0000e+00
757 0.0000e+00 0.0000e+00 1.6012e-04 4.4846e-08 1.6012e-04 1.8636e-01 0.0000e+00
758 0.0000e+00 0.0000e+00 1.5932e-04 4.0719e-08 1.5932e-04 1.8652e-01 0.0000e+00
759 0.0000e+00 0.0000e+00 1.5853e-04 3.6979e-08 1.5853e-04 1.8667e-01 0.0000e+00
760 0.0000e+00 0.0000e+00 1.5775e-04 3.3589e-08 1.5775e-04 1.8683e-01 0.0000e+00
761 0.0000e+00 0.0000e+00 1.5697e-04 3.0516e-08 1.5697e-04 1.8699e-01 0.0000e+00
762 0.0000e+00 0.0000e+00 1.5620e-04 2.7729e-08 1.5620e-04 1.8715e-01 0.0000e+00
763 0.0000e+00 0.0000e+00 1.5544e-04 2.3552e-08 1.5544e-04 1.8730e-01 0.0000e+00
764 0.0000e+00 0.0000e+00 1.5469e-04 2.1445e-08 1.5469e-04 1.8746e-01 0.0000e+00
765 0.0000e+00 9.6700e-05 1.5394e-04 1.9529e-08 1.5394e-04 1.8761e-01 0.0000e+00
766 0.0000e+00 1.8660e-04 1.5321e-04 1.7787e-08 1.5321e-04 1.8776e-01 0.0000e+00
767 0.0000e+00 2.6400e-04 1.5247e-04 1.6203e-08 1.5247e-04 1.8791e-01 0.0000e+00
768 0.0000e+00 3.2330e-04 1.5175e-04 1.4762e-08 1.5175e-04 1.8807e-01 0.0000e+00
769 0.0000e+00 3.5770e-04 1.5103e-04 1.3451e-08 1.5103e-04 1.8822e-01 0.0000e+00
770 0.0000e+00 3.7350e-04 1.5032e-04 1.2259e-08 1.5032e-04 1.8837e-01 0.0000e+00
771 0.0000e+00 3.5770e-04 1.4962e-04 1.1174e-08 1.4962e-04 1.8852e-01 0.0000e+00
772 0.0000e+00 3.2330e-04 1.4892e-04 1.0186e-08 1.4892e-04 1.8867e-01 0.0000e+00
773 0.0000e+00 2.6400e-04 1.4823e-04 9.2866e-09 1.4823e-04 1.8881e-01 0.0000e+00
774 0.0000e+00 1.8660e-04 1.4754e-04 7.1204e-09 1.4754e-04 1.8896e-01 0.0000e+00
775 0.0000e+00 9.0400e-05 1.4686e-04 6.5112e-09 1.4686e-04 1.8911e-01 0.0000e+00
776 0.0000e+00 0.0000e+00 1.4619e-04 5.9548e-09 1.4619e-04 1.8926e-01 0.0000e+00
777 0.0000e+00 0.0000e+00 1.4552e-04 5.4465e-09 1.4552e-04 1.8940e-01 0.0000e+00
778 0.0000e+00 0.0000e+00 1.4486e-04 4.9820e-09 1.4486e-04 1.8955e-01 0.0000e+00
779 0.0000e+00 0.0000e+00 1.4421e-04 4.5577e-09 1.4421e-04 1.8969e-01 0.0000e+00
780 0.0000e+00 0.0000e+00 1.4356e-04 4.1699e-09 1.4356e-04 1.8983e-01 0.0000e+00
781 0.0000e+00 0.0000e+00 1.4292e-04 3.8155e-09 1.4292e-04 1.8998e-01 0.0000e+00
782 0.0000e+00 0.0000e+00 1.4228e-04 3.4916e-09 1.4228e-04 1.9012e-01 0.0000e+00
783 0.0000e+00 0.0000e+00 1.4165e-04 3.1955e-09 1.4165e-04 1.9026e-01 0.0000e+00
784 0.0000e+00 0.0000e+00 1.4103e-04 1.9600e-09 1.4103e-04 1.9040e-01 0.0000e+00
785 0.0000e+00 0.0000e+00 1.4041e-04 1.8010e-09 1.4041e-04 1.9054e-01 0.0000e+00
786 0.0000e+00 0.0000e+00 1.3979e-04 1.6550e-09 1.3979e-04 1.9068e-01 0.0000e+00
787 0.0000e+00 0.0000e+00 1.3918e-04 1.5209e-09 1.3918e-04 1.9082e-01 0.0000e+00
788 0.0000e+00 0.0000e+00 1.3858e-04 1.3978e-09 1.3858e-04 1.9096e-01 0.0000e+00
789 0.0000e+00 1.2590e-04 1.3798e-04 1.2848e-09 1.3798e-04 1.9110e-01 0.0000e+00
790 0.0000e+00 2.4290e-04 1.3738e-04 1.1809e-09 1.3738e-04 1.9123e-01 0.0000e+00
791 0.0000e+00 3.4370e-04 1.3680e-04 1.0856e-09 1.3680e-04 1.9137e-01 0.0000e+00
792 0.0000e+00 4.2090e-04 1.3621e-04 9.9800e-10 1.3621e-04 1.9151e-01 0.0000e+00
793 0.0000e+00 4.6560e-04 1.3563e-04 9.1755e-10 1.3563e-04 1.9164e-01 0.0000e+00
794 0.0000e+00 4.8620e-04 1.3506e-04 8.4363e-10 1.3506e-04 1.9178e-01 0.0000e+00
795 0.0000e+00 4.6560e-04 1.3449e-04 3.6555e-10 1.3449e-04 1.9191e-01 0.0000e+00
796 0.0000e+00 4.2090e-04 1.3393e-04 3.3758e-10 1.3393e-04 1.9205e-01 0.0000e+00
797 0.0000e+00 3.4370e-04 1.3337e-04 3.1177e-10 1.3337e-04 1.9218e-01 0.0000e+00
798 0.0000e+00 2.4290e-04 1.3281e-04 2.8794e-10 1.3281e-04 1.9231e-01 0.0000e+00
799 0.0000e+00 1.1760e-04 1.3226e-04 2.6595e-10 1.3226e-04 1.9244e-01 0.0000e+00
800 0.0000e+00 0.0000e+00 1.3172e-04 2.4564e-10 1.3172e-04 1.9258e-01 0.0000e+00
801 0.0000e+00 0.0000e+00 1.3118e-04 2.2690e-10 1.3118e-04 1.9271e-01 0.0000e+00
802 0.0000e+00 0.0000e+00 1.3064e-04 2.0960e-10 1.3064e-04 1.9284e-01 0.0000e+00
803 0.0000e+00 0.0000e+00 1.3011e-04 1.9363e-10 1.3011e-04 1.9297e-01 0.0000e+00
804 0.0000e+00 0.0000e+00 1.2958e-04 1.7889e-10 1.2958e-04 1.9310e-01 0.0000e+00
805 0.0000e+00 0.0000e+00 1.2906e-04 1.6527e-10 1.2906e-04 1.9323e-01 0.0000e+00
806 0.0000e+00 0.0000e+00 1.2854e-04 3.9397e-11 1.2854e-04 1.9336e-01 0.0000e+00
807 0.0000e+00 0.0000e+00 1.2802e-04 3.6554e-11 1.2802e-04 1.9348e-01 0.0000e+00
808 0.0000e+00 0.0000e+00 1.2751e-04 3.3918e-11 1.2751e-04 1.9361e-01 0.0000e+00
809 0.0000e+00 0.0000e+00 1.2700e-04 3.1473e-11 1.2700e-04 1.9374e-01 0.0000e+00
810 0.0000e+00 0.0000e+00 1.2650e-04 2.9205e-11 1.2650e-04 1.9386e-01 0.0000e+00
811 0.0000e+00 0.0000e+00 1.2600e-04 2.7102e-11 1.2600e-04 1.9399e-01 0.0000e+00
812 0.0000e+00 0.0000e+00 1.2551e-04 2.5151e-11 1.2551e-04 1.9412e-01 0.0000e+00
813 0.0000e+00 3.0400e-05 1.2501e-04 2.3342e-11 1.2501e-04 1.9424e-01 0.0000e+00
814 0.0000e+00 5.8700e-05 1.2453e-04 2.1663e-11 1.2453e-04 1.9437e-01 0.0000e+00
815 0.0000e+00 8.3100e-05 1.2404e-04 2.0106e-11 1.2404e-04 1.9449e-01 0.0000e+00
816 0.0000e+00 1.0180e-04 1.2356e-04 1.8662e-11 1.2356e-04 1.9461e-01 0.0000e+00
817 0.0000e+00 1.1260e-04 1.2309e-04 0.0000e+00 1.2309e-04 1.9474e-01 0.0000e+00
818 0.0000e+00 1.1760e-04 1.2261e-04 0.0000e+00 1.2261e-04 1.9486e-01 0.0000e+00
819 0.0000e+00 1.1260e-04 1.2215e-04 0.0000e+00 1.2215e-04 1.9498e-01 0.0000e+00
820 0.0000e+00 1.0180e-04 1.2168e-04 0.0000e+00 1.2168e-04 1.9510e-01 0.0000e+00
821 0.0000e+00 8.3100e-05 1.2122e-04 0.0000e+00 1.2122e-04 1.9522e-01 0.0000e+00
822 0.0000e+00 5.8700e-05 1.2076e-04 0.0000e+00 1.2076e-04 1.9534e-01 0.0000e+00
823 0.0000e+00 2.8400e-05 1.2031e-04 0.0000e+00 1.2031e-04 1.9547e-01 0.0000e+00
824 0.0000e+00 0.0000e+00 1.1985e-04 0.0000e+00 1.1985e-04 1.9559e-01 0.0000e+00
825 0.0000e+00 0.0000e+00 1.1941e-04 0.0000e+00 1.1941e-04 1.9570e-01 0.0000e+00
826 0.0000e+00 0.0000e+00 1.1896e-04 0.0000e+00 1.1896e-04 1.9582e-01 0.0000e+00
827 0.0000e+00 0.0000e+00 1.1852e-04 0.0000e+00 1.1852e-04 1.9594e-01 0.0000e+00
828 0.0000e+00 0.0000e+00 1.1808e-04 0.0000e+00 1.1808e-04 1.9606e-01 0.0000e+00
829 0.0000e+00 0.0000e+00 1.1765e-04 0.0000e+00 1.1765e-04 1.9618e-01 0.0000e+00
830 0.0000e+00 0.0000e+00 1.1722e-04 0.0000e+00 1.1722e-04 1.9629e-01 0.0000e+00
831 0.0000e+00 0.0000e+00 1.1679e-04 0.0000e+00 1.1679e-04 1.9641e-01 0.0000e+00
832 0.0000e+00 0.0000e+00 1.1636e-04 0.0000e+00 1.1636e-04 1.9653e-01 0.0000e+00
833 0.0000e+00 0.0000e+00 1.1594e-04 0.0000e+00 1.1594e-04 1.9664e-01 0.0000e+00
834 0.0000e+00 0.0000e+00 1.1552e-04 0.0000e+00 1.1552e-04 1.9676e-01 0.0000e+00
835 0.0000e+00 0.0000e+00 1.1510e-04 0.0000e+00 1.1510e-04 1.9687e-01 0.0000e+00
836 0.0000e+00 0.0000e+00 1.1469e-04 0.0000e+00 1.1469e-04 1.9699e-01 0.0000e+00
837 0.0000e+00 6.6100e-05 1.1428e-04 0.0000e+00 1.1428e-04 1.9710e-01 0.0000e+00
838 0.0000e+00 1.2750e-04 1.1387e-04 0.0000e+00 1.1387e-04 1.9722e-01 0.0000e+00
839 0.0000e+00 1.8040e-04 1.1347e-04 0.0000e+00 1.1347e-04 1.9733e-01 0.0000e+00
840 0.0000e+00 2.2090e-04 1.1307e-04 0.0000e+00 1.1307e-04 1.9744e-01 0.0000e+00
841 0.0000e+00 2.4430e-04 1.1267e-04 0.0000e+00 1.1267e-04 1.9756e-01 0.0000e+00
842 0.0000e+00 2.5510e-04 1.1227e-04 0.0000e+00 1.1227e-04 1.9767e-01 0.0000e+00
843 0.0000e+00 2.4430e-04 1.1188e-04 0.0000e+00 1.1188e-04 1.9778e-01 0.0000e+00
844 0.0000e+00 2.2090e-04 1.1149e-04 0.0000e+00 1.1149e-04 1.9789e-01 0.0000e+00
845 0.0000e+00 1.8040e-04 1.1110e-04 0.0000e+00 1.1110e-04 1.9800e-01 0.0000e+00
846 0.0000e+00 1.2750e-04 1.1071e-04 0.0000e+00 1.1071e-04 1.9811e-01 0.0000e+00
847 0.0000e+00 6.1700e-05 1.1033e-04 0.0000e+00 1.1033e-04 1.9822e-01 0.0000e+00
848 0.0000e+00 0.0000e+00 1.0995e-04 0.0000e+00 1.0995e-04 1.9833e-01 0.0000e+00
849 0.0000e+00 0.0000e+00 1.0958e-04 0.0000e+00 1.0958e-04 1.9844e-01 0.0000e+00
850 0.0000e+00 0.0000e+00 1.0920e-04 0.0000e+00 1.0920e-04 1.9855e-01 0.0000e+00
851 0.0000e+00 0.0000e+00 1.0883e-04 0.0000e+00 1.0883e-04 1.9866e-01 0.0000e+00
852 0.0000e+00 0.0000e+00 1.0846e-04 0.0000e+00 1.0846e-04 1.9877e-01 0.0000e+00
853 0.0000e+00 0.0000e+00 1.0809e-04 0.0000e+00 1.0809e-04 1.9888e-01 0.0000e+00
854 0.0000e+00 0.0000e+00 1.0773e-04 0.0000e+00 1.0773e-04 1.9899e-01 0.0000e+00
855 0.0000e+00 0.0000e+00 1.0737e-04 0.0000e+00 1.0737e-04 1.9909e-01 0.0000e+00
856 0.0000e+00 0.0000e+00 1.0701e-04 0.0000e+00 1.0701e-04 1.9920e-01 0.0000e+00
857 0.0000e+00 0.0000e+00 1.0665e-04 0.0000e+00 1.0665e-04 1.9931e-01 0.0000e+00
858 0.0000e+00 0.0000e+00 1.0629e-04 0.0000e+00 1.0629e-04 1.9941e-01 0.0000e+00
859 0.0000e+00 0.0000e+00 1.0594e-04 0.0000e+00 1.0594e-04 1.9952e-01 0.0000e+00
860 0.0000e+00 0.0000e+00 1.0559e-04 0.0000e+00 1.0559e-04 1.9963e-01 0.0000e+00
861 0.0000e+00 9.7600e-05 1.0524e-04 0.0000e+00 1.0524e-04 1.9973e-01 0.0000e+00
862 0.0000e+00 1.8830e-04 1.0490e-04 0.0000e+00 1.0490e-04 1.9984e-01 0.0000e+00
863 0.0000e+00 2.6650e-04 1.0455e-04 0.0000e+00 1.0455e-04 1.9994e-01 0.0000e+00
864 0.0000e+00 3.2630e-04 1.0421e-04 0.0000e+00 1.0421e-04 2.0004e-01 0.0000e+00
865 0.0000e+00 3.6100e-04 1.0388e-04 0.0000e+00 1.0388e-04 2.0015e-01 0.0000e+00
866 0.0000e+00 3.7690e-04 1.0354e-04 0.0000e+00 1.0354e-04 2.0025e-01 0.0000e+00
867 0.0000e+00 3.6100e-04 1.0320e-04 0.0000e+00 1.0320e-04 2.0035e-01 0.0000e+00
868 0.0000e+00 3.2630e-04 1.0287e-04 0.0000e+00 1.0287e-04 2.0046e-01 0.0000e+00
869 0.0000e+00 2.6650e-04 1.0254e-04 0.0000e+00 1.0254e-04 2.0056e-01 0.0000e+00
870 0.0000e+00 1.8830e-04 1.0221e-04 0.0000e+00 1.0221e-04 2.0066e-01 0.0000e+00
871 0.0000e+00 9.1200e-05 1.0189e-04 0.0000e+00 1.0189e-04 2.0076e-01 0.0000e+00
872 0.0000e+00 0.0000e+00 1.0156e-04 0.0000e+00 1.0156e-04 2.0087e-01 0.0000e+00
873 0.0000e+00 0.0000e+00 1.0124e-04 0.0000e+00 1.0124e-04 2.0097e-01 0.0000e+00
874 0.0000e+00 0.0000e+00 1.0092e-04 0.0000e+00 1.0092e-04 2.0107e-01 0.0000e+00
875 0.0000e+00 0.0000e+00 1.0060e-04 0.0000e+00 1.0060e-04 2.0117e-01 0.0000e+00
876 0.0000e+00 0.0000e+00 1.0029e-04 0.0000e+00 1.0029e-04 2.0127e-01 0.0000e+00
877 0.0000e+00 0.0000e+00 9.9974e-05 0.0000e+00 9.9974e-05 2.0137e-01 0.0000e+00
878 0.0000e+00 0.0000e+00 9.9663e-05 0.0000e+00 9.9663e-05 2.0147e-01 0.0000e+00
879 0.0000e+00 0.0000e+00 9.9353e-05 0.0000e+00 9.9353e-05 2.0157e-01 0.0000e+00
880 0.0000e+00 0.0000e+00 9.9045e-05 0.0000e+00 9.9045e-05 2.0167e-01 0.0000e+00
881 0.0000e+00 0.0000e+00 9.8739e-05 0.0000e+00 9.8739e-05 2.0177e-01 0.0000e+00
882 0.0000e+00 0.0000e+00 9.8434e-05 0.0000e+00 9.8434e-05 2.0186e-01 0.0000e+00
883 0.0000e+00 0.0000e+00 9.8132e-05 0.0000e+00 9.8132e-05 2.0196e-01 0.0000e+00
884 0.0000e+00 0.0000e+00 9.7832e-05 0.0000e+00 9.7832e-05 2.0206e-01 0.0000e+00
885 0.0000e+00 6.4300e-05 9.7533e-05 0.0000e+00 9.7533e-05 2.0216e-01 0.0000e+00
886 0.0000e+00 1.2410e-04 9.7236e-05 0.0000e+00 9.7236e-05 2.0225e-01 0.0000e+00
887 0.0000e+00 1.7560e-04 9.6941e-05 0.0000e+00 9.6941e-05 2.0235e-01 0.0000e+00
888 0.0000e+00 2.1500e-04 9.6648e-05 0.0000e+00 9.6648e-05 2.0245e-01 0.0000e+00
889 0.0000e+00 2.3790e-04 9.6356e-05 0.0000e+00 9.6356e-05 2.0254e-01 0.0000e+00
890 0.0000e+00 2.4840e-04 9.6067e-05 0.0000e+00 9.6067e-05 2.0264e-01 0.0000e+00
891 0.0000e+00 2.3790e-04 9.5779e-05 0.0000e+00 9.5779e-05 2.0274e-01 0.0000e+00
892 0.0000e+00 2.1500e-04 9.5493e-05 0.0000e+00 9.5493e-05 2.0283e-01 0.0000e+00
893 0.0000e+00 1.7560e-04 9.5208e-05 0.0000e+00 9.5208e-05 2.0293e-01 0.0000e+00
894 0.0000e+00 1.2410e-04 9.4925e-05 0.0000e+00 9.4925e-05 2.0302e-01 0.0000e+00
895 0.0000e+00 6.0100e-05 9.4644e-05 0.0000e+00 9.4644e-05 2.0312e-01 0.0000e+00
896 0.0000e+00 0.0000e+00 9.4364e-05 0.0000e+00 9.4364e-05 2.0321e-01 0.0000e+00
897 0.0000e+00 0.0000e+00 9.4087e-05 0.0000e+00 9.4087e-05 2.0331e-01 0.0000e+00
898 0.0000e+00 0.0000e+00 9.3810e-05 0.0000e+00 9.3810e-05 2.0340e-01 0.0000e+00
899 0.0000e+00 0.0000e+00 9.3536e-05 0.0000e+00 9.3536e-05 2.0349e-01 0.0000e+00
900 0.0000e+00 0.0000e+00 9.3263e-05 0.0000e+00 9.3263e-05 2.0359e-01 0.0000e+00
901 0.0000e+00 0.0000e+00 9.2991e-05 0.0000e+00 9.2991e-05 2.0368e-01 0.0000e+00
902 0.0000e+00 0.0000e+00 9.2722e-05 0.0000e+00 9.2722e-05 2.0377e-01 0.0000e+00
903 0.0000e+00 0.0000e+00 9.2453e-05 0.0000e+00 9.2453e-05 2.0386e-01 0.0000e+00
904 0.0000e+00 0.0000e+00 9.2187e-05 0.0000e+00 9.2187e-05 2.0396e-01 0.0000e+00
905 0.0000e+00 0.0000e+00 9.1921e-05 0.0000e+00 9.1921e-05 2.0405e-01 0.0000e+00
906 0.0000e+00 0.0000e+00 9.1658e-05 0.0000e+00 9.1658e-05 2.0414e-01 0.0000e+00
907 0.0000e+00 0.0000e+00 9.1396e-05 0.0000e+00 9.1396e-05 2.0423e-01 0.0000e+00
908 0.0000e+00 0.0000e+00 9.1135e-05 0.0000e+00 9.1135e-05 2.0432e-01 0.0000e+00
909 0.0000e+00 8.0200e-05 9.0876e-05 0.0000e+00 9.0876e-05 2.0441e-01 0.0000e+00
910 0.0000e+00 1.5480e-04 9.0618e-05 0.0000e+00 9.0618e-05 2.0450e-01 0.0000e+00
911 0.0000e+00 2.1910e-04 9.0362e-05 0.0000e+00 9.0362e-05 2.0459e-01 0.0000e+00
912 0.0000e+00 2.6830e-04 9.0107e-05 0.0000e+00 9.0107e-05 2.0468e-01 0.0000e+00
913 0.0000e+00 2.9680e-04 8.9854e-05 0.0000e+00 8.9854e-05 2.0477e-01 0.0000e+00
914 0.0000e+00 3.0990e-04 8.9602e-05 0.0000e+00 8.9602e-05 2.0486e-01 0.0000e+00
915 0.0000e+00 2.9680e-04 8.9351e-05 0.0000e+00 8.9351e-05 2.0495e-01 0.0000e+00
916 0.0000e+00 2.6830e-04 8.9102e-05 0.0000e+00 8.9102e-05 2.0504e-01 0.0000e+00
917 0.0000e+00 2.1910e-04 8.8854e-05 0.0000e+00 8.8854e-05 2.0513e-01 0.0000e+00
918 0.0000e+00 1.5480e-04 8.8608e-05 0.0000e+00 8.8608e-05 2.0522e-01 0.0000e+00
919 0.0000e+00 7.5000e-05 8.8363e-05 0.0000e+00 8.8363e-05 2.0531e-01 0.0000e+00
920 0.0000e+00 0.0000e+00 8.8119e-05 0.0000e+00 8.8119e-05 2.0540e-01 0.0000e+00
921 0.0000e+00 0.0000e+00 8.7877e-05 0.0000e+00 8.7877e-05 2.0548e-01 0.0000e+00
922 0.0000e+00 0.0000e+00 8.7636e-05 0.0000e+00 8.7636e-05 2.0557e-01 0.0000e+00
923 0.0000e+00 0.0000e+00 8.7396e-05 0.0000e+00 8.7396e-05 2.0566e-01 0.0000e+00
924 0.0000e+00 0.0000e+00 8.7158e-05 0.0000e+00 8.7158e-05 2.0575e-01 0.0000e+00
925 0.0000e+00 0.0000e+00 8.6921e-05 0.0000e+00 8.6921e-05 2.0583e-01 0.0000e+00
926 0.0000e+00 0.0000e+00 8.6685e-05 0.0000e+00 8.6685e-05 2.0592e-01 0.0000e+00
927 0.0000e+00 0.0000e+00 8.6450e-05 0.0000e+00 8.6450e-05 2.0601e-01 0.0000e+00
928 0.0000e+00 0.0000e+00 8.6217e-05 0.0000e+00 8.6217e-05 2.0609e-01 0.0000e+00
929 0.0000e+00 0.0000e+00 8.5985e-05 0.0000e+00 8.5985e-05 2.0618e-01 0.0000e+00
930 0.0000e+00 0.0000e+00 8.5754e-05 0.0000e+00 8.5754e-05 2.0626e-01 0.0000e+00
931 0.0000e+00 0.0000e+00 8.5525e-05 0.0000e+00 8.5525e-05 2.0635e-01 0.0000e+00
932 0.0000e+00 0.0000e+00 8.5297e-05 0.0000e+00 8.5297e-05 2.0644e-01 0.0000e+00
933 0.0000e+00 9.6000e-05 8.5070e-05 0.0000e+00 8.5070e-05 2.0652e-01 0.0000e+00
934 0.0000e+00 1.8520e-04 8.4844e-05 0.0000e+00 8.4844e-05 2.0660e-01 0.0000e+00
935 0.0000e+00 2.6210e-04 8.4619e-05 0.0000e+00 8.4619e-05 2.0669e-01 0.0000e+00
936 0.0000e+00 3.2090e-04 8.4396e-05 0.0000e+00 8.4396e-05 2.0677e-01 0.0000e+00
937 0.0000e+00 3.5500e-04 8.4173e-05 0.0000e+00 8.4173e-05 2.0686e-01 0.0000e+00
938 0.0000e+00 3.7070e-04 8.3952e-05 0.0000e+00 8.3952e-05 2.0694e-01 0.0000e+00
939 0.0000e+00 3.5500e-04 8.3732e-05 0.0000e+00 8.3732e-05 2.0703e-01 0.0000e+00
940 0.0000e+00 3.2090e-04 8.3513e-05 0.0000e+00 8.3513e-05 2.0711e-01 0.0000e+00
941 0.0000e+00 2.6210e-04 8.3296e-05 0.0000e+00 8.3296e-05 2.0719e-01 0.0000e+00
942 0.0000e+00 1.8520e-04 8.3079e-05 0.0000e+00 8.3079e-05 2.0728e-01 0.0000e+00
943 0.0000e+00 8.9700e-05 8.2864e-05 0.0000e+00 8.2864e-05 2.0736e-01 0.0000e+00
944 0.0000e+00 0.0000e+00 8.2650e-05 0.0000e+00 8.2650e-05 2.0744e-01 0.0000e+00
945 0.0000e+00 0.0000e+00 8.2436e-05 0.0000e+00 8.2436e-05 2.0752e-01 0.0000e+00
946 0.0000e+00 0.0000e+00 8.2224e-05 0.0000e+00 8.2224e-05 2.0761e-01 0.0000e+00
947 0.0000e+00 0.0000e+00 8.2013e-05 0.0000e+00 8.2013e-05 2.0769e-01 0.0000e+00
948 0.0000e+00 0.0000e+00 8.1803e-05 0.0000e+00 8.1803e-05 2.0777e-01 0.0000e+00
949 0.0000e+00 0.0000e+00 8.1594e-05 0.0000e+00 8.1594e-05 2.0785e-01 0.0000e+00
950 0.0000e+00 0.0000e+00 8.1387e-05 0.0000e+00 8.1387e-05 2.0793e-01 0.0000e+00
Objective function values:
F1 2.170397e-06    NSE 0.62690   F2 3.436991e-02
Mean Obs Q 1.590065e-04   Variance Obs Q 6.123405e-09
    Error Variance 2.284628e-09

Water Balance for Subcatchment: Extracted study basin: Taegu Pyungkwang River

   SUMP       SUMAE      SUMQ       SUMRZ      SUMUZ      SBAR        BAL
1.890e-01  4.463e-02  1.180e-01  1.890e-02  0.000e+00  2.079e-01  1.432e-02
