Taegu Pyungkwang River Catchment: Calibration Data

Subcatchment : Extracted study basin: cat-13599

TL =     8.72
SUMAC =     1.00
SZQ =       0.02419
Subcatchment routing data:
Maximum Routing Delay       0.69444
Sum of Histogram ordinates:     1.0000
     1.00000 
Initial BAL             -0.21331
Initial SBAR             0.21131
Initial SR0              0.00200
it      p        ep       q(it)       quz      q       sbar       qof
1 0.0000e+00 6.1900e-05 3.2800e-05 0.0000e+00 3.2800e-05 2.1134e-01 0.0000e+00
2 0.0000e+00 6.4700e-05 3.2766e-05 0.0000e+00 3.2766e-05 2.1137e-01 0.0000e+00
3 1.0000e-03 6.1900e-05 3.2733e-05 0.0000e+00 3.2733e-05 2.1140e-01 0.0000e+00
4 1.0000e-03 5.6000e-05 3.2699e-05 0.0000e+00 3.2699e-05 2.1144e-01 0.0000e+00
5 1.0000e-03 4.5700e-05 4.1783e-05 8.0939e-05 3.2666e-05 2.1139e-01 9.1171e-06
6 5.0000e-04 3.2300e-05 3.8149e-05 1.1650e-04 3.2715e-05 2.1130e-01 5.4339e-06
7 5.0000e-04 1.5600e-05 3.8395e-05 1.5012e-04 3.2801e-05 2.1119e-01 5.5941e-06
8 0.0000e+00 0.0000e+00 3.2922e-05 1.3023e-04 3.2922e-05 2.1109e-01 0.0000e+00
9 5.0000e-04 0.0000e+00 3.8816e-05 1.6636e-04 3.3022e-05 2.1096e-01 5.7939e-06
10 5.0000e-04 0.0000e+00 3.9140e-05 1.9849e-04 3.3160e-05 2.1079e-01 5.9805e-06
11 0.0000e+00 0.0000e+00 3.3331e-05 1.7344e-04 3.3331e-05 2.1065e-01 0.0000e+00
12 0.0000e+00 0.0000e+00 3.3478e-05 1.5353e-04 3.3478e-05 2.1053e-01 0.0000e+00
13 1.0000e-03 0.0000e+00 4.5565e-05 2.4331e-04 3.3604e-05 2.1032e-01 1.1961e-05
14 5.0000e-04 0.0000e+00 3.9805e-05 2.6517e-04 3.3825e-05 2.1009e-01 5.9805e-06
15 5.0000e-04 0.0000e+00 4.0050e-05 2.8611e-04 3.4070e-05 2.0984e-01 5.9805e-06
16 1.0000e-03 0.0000e+00 4.6300e-05 3.5867e-04 3.4339e-05 2.0951e-01 1.1961e-05
17 0.0000e+00 0.0000e+00 3.4689e-05 3.1344e-04 3.4689e-05 2.0923e-01 0.0000e+00
18 0.0000e+00 0.0000e+00 3.4993e-05 2.7772e-04 3.4993e-05 2.0899e-01 0.0000e+00
19 0.0000e+00 0.0000e+00 3.5259e-05 2.4705e-04 3.5259e-05 2.0878e-01 0.0000e+00
20 0.0000e+00 0.0000e+00 3.5493e-05 2.2033e-04 3.5493e-05 2.0860e-01 0.0000e+00
21 0.0000e+00 1.8000e-05 3.5699e-05 1.9687e-04 3.5699e-05 2.0843e-01 0.0000e+00
22 0.0000e+00 3.4800e-05 3.5879e-05 1.7618e-04 3.5879e-05 2.0829e-01 0.0000e+00
23 0.0000e+00 4.9200e-05 3.6037e-05 1.5788e-04 3.6037e-05 2.0817e-01 0.0000e+00
24 3.0000e-03 6.0200e-05 7.0838e-05 4.5651e-04 3.6174e-05 2.0775e-01 3.4664e-05
25 2.0000e-03 6.6600e-05 5.9854e-05 6.0257e-04 3.6652e-05 2.0719e-01 2.3202e-05
26 5.5000e-03 6.9600e-05 1.0230e-04 1.1170e-03 3.7306e-05 2.0611e-01 6.4989e-05
27 6.0000e-03 6.6600e-05 1.0696e-04 1.6146e-03 3.8587e-05 2.0453e-01 6.8372e-05
28 1.0000e-03 6.0200e-05 5.1699e-05 1.5037e-03 4.0535e-05 2.0307e-01 1.1164e-05
29 2.5000e-03 4.9200e-05 7.0268e-05 1.5992e-03 4.2431e-05 2.0151e-01 2.7837e-05
30 0.0000e+00 3.4800e-05 4.4547e-05 1.4037e-03 4.4547e-05 2.0015e-01 0.0000e+00
31 0.0000e+00 1.6800e-05 4.6479e-05 1.2453e-03 4.6479e-05 1.9895e-01 0.0000e+00
32 1.0000e-03 0.0000e+00 6.0338e-05 1.2090e-03 4.8254e-05 1.9779e-01 1.2084e-05
33 5.0000e-04 0.0000e+00 5.6755e-05 1.1281e-03 5.0036e-05 1.9671e-01 6.7190e-06
34 0.0000e+00 0.0000e+00 5.1750e-05 1.0003e-03 5.1750e-05 1.9576e-01 0.0000e+00
35 0.0000e+00 0.0000e+00 5.3307e-05 8.8969e-04 5.3307e-05 1.9493e-01 0.0000e+00
36 0.0000e+00 0.0000e+00 5.4719e-05 7.9225e-04 5.4719e-05 1.9419e-01 0.0000e+00
37 0.0000e+00 0.0000e+00 5.5995e-05 7.0612e-04 5.5995e-05 1.9354e-01 0.0000e+00
38 0.0000e+00 0.0000e+00 5.7144e-05 6.2982e-04 5.7144e-05 1.9297e-01 0.0000e+00
39 0.0000e+00 0.0000e+00 5.8176e-05 5.6214e-04 5.8176e-05 1.9246e-01 0.0000e+00
40 0.0000e+00 0.0000e+00 5.9099e-05 5.0204e-04 5.9099e-05 1.9202e-01 0.0000e+00
41 0.0000e+00 0.0000e+00 5.9923e-05 4.4865e-04 5.9923e-05 1.9163e-01 0.0000e+00
42 0.0000e+00 0.0000e+00 6.0656e-05 4.0117e-04 6.0656e-05 1.9129e-01 0.0000e+00
43 0.0000e+00 0.0000e+00 6.1304e-05 3.5892e-04 6.1304e-05 1.9099e-01 0.0000e+00
44 0.0000e+00 0.0000e+00 6.1877e-05 3.2131e-04 6.1877e-05 1.9074e-01 0.0000e+00
45 0.0000e+00 3.3800e-05 6.2381e-05 2.8781e-04 6.2381e-05 1.9051e-01 0.0000e+00
46 1.0000e-03 6.5200e-05 7.5806e-05 3.7533e-04 6.2822e-05 1.9020e-01 1.2984e-05
47 0.0000e+00 9.2300e-05 6.3438e-05 3.2649e-04 6.3438e-05 1.8993e-01 0.0000e+00
48 5.0000e-04 1.1300e-04 6.8566e-05 3.3111e-04 6.3962e-05 1.8967e-01 4.6041e-06
49 0.0000e+00 1.2500e-04 6.4498e-05 2.9113e-04 6.4498e-05 1.8944e-01 0.0000e+00
50 1.0000e-03 1.3050e-04 7.5200e-05 3.5183e-04 6.4957e-05 1.8915e-01 1.0244e-05
51 2.5000e-03 1.2500e-04 9.7383e-05 5.9654e-04 6.5542e-05 1.8862e-01 3.1841e-05
52 3.0000e-03 1.1300e-04 1.0527e-04 8.5978e-04 6.6638e-05 1.8783e-01 3.8634e-05
53 2.5000e-03 9.2300e-05 1.0039e-04 1.0247e-03 6.8311e-05 1.8687e-01 3.2076e-05
54 3.0000e-03 6.5200e-05 1.0946e-04 1.2386e-03 7.0383e-05 1.8570e-01 3.9074e-05
55 2.5000e-03 3.1600e-05 1.0675e-04 1.3638e-03 7.3000e-05 1.8441e-01 3.3747e-05
56 2.0000e-03 0.0000e+00 1.0694e-04 1.4177e-03 7.6005e-05 1.8307e-01 3.0930e-05
57 1.0000e-03 0.0000e+00 9.7033e-05 1.3493e-03 7.9259e-05 1.8180e-01 1.7774e-05
58 1.0000e-03 0.0000e+00 1.0024e-04 1.3000e-03 8.2468e-05 1.8058e-01 1.7774e-05
59 0.0000e+00 0.0000e+00 8.5667e-05 1.1307e-03 8.5667e-05 1.7954e-01 0.0000e+00
60 5.0000e-04 0.0000e+00 9.7397e-05 1.0552e-03 8.8510e-05 1.7857e-01 8.8871e-06
61 5.0000e-04 0.0000e+00 1.0011e-04 9.8728e-04 9.1225e-05 1.7768e-01 8.8871e-06
62 0.0000e+00 0.0000e+00 9.3815e-05 8.6220e-04 9.3815e-05 1.7691e-01 0.0000e+00
63 0.0000e+00 0.0000e+00 9.6095e-05 7.5714e-04 9.6095e-05 1.7625e-01 0.0000e+00
64 0.0000e+00 0.0000e+00 9.8101e-05 6.6620e-04 9.8101e-05 1.7568e-01 0.0000e+00
65 0.0000e+00 0.0000e+00 9.9858e-05 5.8705e-04 9.9858e-05 1.7519e-01 0.0000e+00
66 0.0000e+00 0.0000e+00 1.0139e-04 5.1794e-04 1.0139e-04 1.7478e-01 0.0000e+00
67 0.0000e+00 0.0000e+00 1.0272e-04 4.5746e-04 1.0272e-04 1.7442e-01 0.0000e+00
68 0.0000e+00 0.0000e+00 1.0386e-04 4.0446e-04 1.0386e-04 1.7412e-01 0.0000e+00
69 0.0000e+00 4.1400e-05 1.0484e-04 3.5795e-04 1.0484e-04 1.7387e-01 0.0000e+00
70 0.0000e+00 7.9800e-05 1.0568e-04 3.1709e-04 1.0568e-04 1.7366e-01 0.0000e+00
71 0.0000e+00 1.1290e-04 1.0638e-04 2.8114e-04 1.0638e-04 1.7348e-01 0.0000e+00
72 0.0000e+00 1.3830e-04 1.0696e-04 2.4948e-04 1.0696e-04 1.7334e-01 0.0000e+00
73 0.0000e+00 1.5300e-04 1.0744e-04 2.2158e-04 1.0744e-04 1.7322e-01 0.0000e+00
74 0.0000e+00 1.5980e-04 1.0782e-04 1.9696e-04 1.0782e-04 1.7314e-01 0.0000e+00
75 0.0000e+00 1.5300e-04 1.0812e-04 1.7521e-04 1.0812e-04 1.7307e-01 0.0000e+00
76 0.0000e+00 1.3830e-04 1.0835e-04 1.5599e-04 1.0835e-04 1.7302e-01 0.0000e+00
77 0.0000e+00 1.1290e-04 1.0851e-04 1.3898e-04 1.0851e-04 1.7299e-01 0.0000e+00
78 0.0000e+00 7.9800e-05 1.0861e-04 1.2392e-04 1.0861e-04 1.7297e-01 0.0000e+00
79 0.0000e+00 3.8700e-05 1.0867e-04 1.1058e-04 1.0867e-04 1.7297e-01 0.0000e+00
80 0.0000e+00 0.0000e+00 1.0867e-04 9.8735e-05 1.0867e-04 1.7298e-01 0.0000e+00
81 0.0000e+00 0.0000e+00 1.0864e-04 8.8225e-05 1.0864e-04 1.7300e-01 0.0000e+00
82 0.0000e+00 0.0000e+00 1.0857e-04 7.8886e-05 1.0857e-04 1.7303e-01 0.0000e+00
83 0.0000e+00 0.0000e+00 1.0847e-04 7.0582e-05 1.0847e-04 1.7307e-01 0.0000e+00
84 0.0000e+00 0.0000e+00 1.0834e-04 6.3194e-05 1.0834e-04 1.7312e-01 0.0000e+00
85 0.0000e+00 0.0000e+00 1.0819e-04 5.6614e-05 1.0819e-04 1.7317e-01 0.0000e+00
86 0.0000e+00 0.0000e+00 1.0801e-04 5.0751e-05 1.0801e-04 1.7322e-01 0.0000e+00
87 0.0000e+00 0.0000e+00 1.0782e-04 4.5521e-05 1.0782e-04 1.7329e-01 0.0000e+00
88 0.0000e+00 0.0000e+00 1.0761e-04 4.0855e-05 1.0761e-04 1.7335e-01 0.0000e+00
89 0.0000e+00 0.0000e+00 1.0739e-04 3.6688e-05 1.0739e-04 1.7342e-01 0.0000e+00
90 0.0000e+00 0.0000e+00 1.0715e-04 3.2965e-05 1.0715e-04 1.7350e-01 0.0000e+00
91 0.0000e+00 0.0000e+00 1.0690e-04 2.9635e-05 1.0690e-04 1.7358e-01 0.0000e+00
92 0.0000e+00 0.0000e+00 1.0664e-04 2.6656e-05 1.0664e-04 1.7366e-01 0.0000e+00
93 0.0000e+00 1.9100e-05 1.0638e-04 2.3989e-05 1.0638e-04 1.7374e-01 0.0000e+00
94 0.0000e+00 3.6800e-05 1.0610e-04 2.1600e-05 1.0610e-04 1.7382e-01 0.0000e+00
95 0.0000e+00 5.2100e-05 1.0582e-04 1.9458e-05 1.0582e-04 1.7391e-01 0.0000e+00
96 0.0000e+00 6.3800e-05 1.0554e-04 1.7537e-05 1.0554e-04 1.7400e-01 0.0000e+00
97 5.0000e-04 7.0600e-05 1.0525e-04 1.5813e-05 1.0525e-04 1.7409e-01 0.0000e+00
98 5.0000e-04 7.3700e-05 1.0495e-04 1.4266e-05 1.0495e-04 1.7418e-01 0.0000e+00
99 0.0000e+00 7.0600e-05 1.0466e-04 1.2875e-05 1.0466e-04 1.7427e-01 0.0000e+00
100 0.0000e+00 6.3800e-05 1.0436e-04 1.1626e-05 1.0436e-04 1.7436e-01 0.0000e+00
101 0.0000e+00 5.2100e-05 1.0406e-04 1.0502e-05 1.0406e-04 1.7446e-01 0.0000e+00
102 0.0000e+00 3.6800e-05 1.0375e-04 9.4907e-06 1.0375e-04 1.7455e-01 0.0000e+00
103 0.0000e+00 1.7800e-05 1.0345e-04 8.5804e-06 1.0345e-04 1.7464e-01 0.0000e+00
104 0.0000e+00 0.0000e+00 1.0314e-04 7.7606e-06 1.0314e-04 1.7474e-01 0.0000e+00
105 0.0000e+00 0.0000e+00 1.0283e-04 7.0219e-06 1.0283e-04 1.7484e-01 0.0000e+00
106 0.0000e+00 0.0000e+00 1.0253e-04 6.3560e-06 1.0253e-04 1.7493e-01 0.0000e+00
107 0.0000e+00 0.0000e+00 1.0222e-04 5.7547e-06 1.0222e-04 1.7503e-01 0.0000e+00
108 0.0000e+00 0.0000e+00 1.0191e-04 5.2130e-06 1.0191e-04 1.7512e-01 0.0000e+00
109 0.0000e+00 0.0000e+00 1.0160e-04 4.7240e-06 1.0160e-04 1.7522e-01 0.0000e+00
110 0.0000e+00 0.0000e+00 1.0130e-04 4.2824e-06 1.0130e-04 1.7532e-01 0.0000e+00
111 5.0000e-04 0.0000e+00 1.0099e-04 3.8834e-06 1.0099e-04 1.7542e-01 0.0000e+00
112 0.0000e+00 0.0000e+00 1.0068e-04 3.5228e-06 1.0068e-04 1.7551e-01 0.0000e+00
113 0.0000e+00 0.0000e+00 1.0038e-04 3.1968e-06 1.0038e-04 1.7561e-01 0.0000e+00
114 0.0000e+00 0.0000e+00 1.0007e-04 2.9018e-06 1.0007e-04 1.7571e-01 0.0000e+00
115 0.0000e+00 0.0000e+00 9.9771e-05 2.6350e-06 9.9771e-05 1.7580e-01 0.0000e+00
116 0.0000e+00 0.0000e+00 9.9468e-05 2.3934e-06 9.9468e-05 1.7590e-01 0.0000e+00
117 0.0000e+00 1.0200e-05 9.9167e-05 2.1738e-06 9.9167e-05 1.7600e-01 0.0000e+00
118 0.0000e+00 1.9800e-05 9.8867e-05 1.9758e-06 9.8867e-05 1.7610e-01 0.0000e+00
119 0.0000e+00 2.8000e-05 9.8568e-05 1.7964e-06 9.8568e-05 1.7619e-01 0.0000e+00
120 0.0000e+00 3.4200e-05 9.8270e-05 1.6338e-06 9.8270e-05 1.7629e-01 0.0000e+00
121 0.0000e+00 3.7900e-05 9.7974e-05 1.4863e-06 9.7974e-05 1.7639e-01 0.0000e+00
122 0.0000e+00 3.9500e-05 9.7679e-05 1.3525e-06 9.7679e-05 1.7648e-01 0.0000e+00
123 0.0000e+00 3.7900e-05 9.7385e-05 1.2311e-06 9.7385e-05 1.7658e-01 0.0000e+00
124 0.0000e+00 3.4200e-05 9.7093e-05 1.1209e-06 9.7093e-05 1.7667e-01 0.0000e+00
125 0.0000e+00 2.8000e-05 9.6802e-05 1.0208e-06 9.6802e-05 1.7677e-01 0.0000e+00
126 0.0000e+00 1.9800e-05 9.6513e-05 9.2990e-07 9.6513e-05 1.7687e-01 0.0000e+00
127 0.0000e+00 9.6000e-06 9.6225e-05 8.4732e-07 9.6225e-05 1.7696e-01 0.0000e+00
128 0.0000e+00 0.0000e+00 9.5939e-05 7.7114e-07 9.5939e-05 1.7706e-01 0.0000e+00
129 0.0000e+00 0.0000e+00 9.5654e-05 7.0308e-07 9.5654e-05 1.7715e-01 0.0000e+00
130 0.0000e+00 0.0000e+00 9.5371e-05 6.4119e-07 9.5371e-05 1.7725e-01 0.0000e+00
131 0.0000e+00 0.0000e+00 9.5089e-05 5.8489e-07 9.5089e-05 1.7734e-01 0.0000e+00
132 0.0000e+00 0.0000e+00 9.4808e-05 5.3365e-07 9.4808e-05 1.7743e-01 0.0000e+00
133 0.0000e+00 0.0000e+00 9.4529e-05 4.8701e-07 9.4529e-05 1.7753e-01 0.0000e+00
134 0.0000e+00 0.0000e+00 9.4252e-05 4.4455e-07 9.4252e-05 1.7762e-01 0.0000e+00
135 0.0000e+00 0.0000e+00 9.3976e-05 4.0588e-07 9.3976e-05 1.7772e-01 0.0000e+00
136 0.0000e+00 0.0000e+00 9.3702e-05 3.7065e-07 9.3702e-05 1.7781e-01 0.0000e+00
137 0.0000e+00 0.0000e+00 9.3429e-05 3.3856e-07 9.3429e-05 1.7790e-01 0.0000e+00
138 0.0000e+00 0.0000e+00 9.3157e-05 3.0931e-07 9.3157e-05 1.7799e-01 0.0000e+00
139 0.0000e+00 0.0000e+00 9.2887e-05 2.8129e-07 9.2887e-05 1.7809e-01 0.0000e+00
140 0.0000e+00 0.0000e+00 9.2619e-05 2.5716e-07 9.2619e-05 1.7818e-01 0.0000e+00
141 5.0000e-04 4.1400e-05 9.2352e-05 2.3515e-07 9.2352e-05 1.7827e-01 0.0000e+00
142 0.0000e+00 7.9900e-05 9.2087e-05 2.1506e-07 9.2087e-05 1.7836e-01 0.0000e+00
143 0.0000e+00 1.1300e-04 9.1823e-05 1.9672e-07 9.1823e-05 1.7846e-01 0.0000e+00
144 0.0000e+00 1.3840e-04 9.1560e-05 1.7998e-07 9.1560e-05 1.7855e-01 0.0000e+00
145 0.0000e+00 1.5310e-04 9.1299e-05 1.6470e-07 9.1299e-05 1.7864e-01 0.0000e+00
146 0.0000e+00 1.5990e-04 9.1039e-05 1.5074e-07 9.1039e-05 1.7873e-01 0.0000e+00
147 0.0000e+00 1.5310e-04 9.0781e-05 1.3798e-07 9.0781e-05 1.7882e-01 0.0000e+00
148 0.0000e+00 1.3840e-04 9.0524e-05 1.2633e-07 9.0524e-05 1.7891e-01 0.0000e+00
149 0.0000e+00 1.1300e-04 9.0269e-05 1.1569e-07 9.0269e-05 1.7900e-01 0.0000e+00
150 0.0000e+00 7.9900e-05 9.0015e-05 1.0456e-07 9.0015e-05 1.7909e-01 0.0000e+00
151 0.0000e+00 3.8700e-05 8.9763e-05 9.5829e-08 8.9763e-05 1.7918e-01 0.0000e+00
152 0.0000e+00 0.0000e+00 8.9511e-05 8.7842e-08 8.9511e-05 1.7927e-01 0.0000e+00
153 0.0000e+00 0.0000e+00 8.9262e-05 8.0532e-08 8.9262e-05 1.7936e-01 0.0000e+00
154 0.0000e+00 0.0000e+00 8.9013e-05 7.3841e-08 8.9013e-05 1.7945e-01 0.0000e+00
155 0.0000e+00 0.0000e+00 8.8766e-05 6.7716e-08 8.8766e-05 1.7954e-01 0.0000e+00
156 0.0000e+00 0.0000e+00 8.8520e-05 6.2108e-08 8.8520e-05 1.7962e-01 0.0000e+00
157 0.0000e+00 0.0000e+00 8.8276e-05 5.6973e-08 8.8276e-05 1.7971e-01 0.0000e+00
158 0.0000e+00 0.0000e+00 8.8033e-05 5.2269e-08 8.8033e-05 1.7980e-01 0.0000e+00
159 0.0000e+00 0.0000e+00 8.7791e-05 4.7961e-08 8.7791e-05 1.7989e-01 0.0000e+00
160 0.0000e+00 0.0000e+00 8.7551e-05 4.2602e-08 8.7551e-05 1.7998e-01 0.0000e+00
161 0.0000e+00 0.0000e+00 8.7312e-05 3.9137e-08 8.7312e-05 1.8006e-01 0.0000e+00
162 0.0000e+00 0.0000e+00 8.7074e-05 3.5959e-08 8.7074e-05 1.8015e-01 0.0000e+00
163 0.0000e+00 0.0000e+00 8.6837e-05 3.3042e-08 8.6837e-05 1.8024e-01 0.0000e+00
164 0.0000e+00 0.0000e+00 8.6602e-05 3.0365e-08 8.6602e-05 1.8032e-01 0.0000e+00
165 0.0000e+00 1.7800e-05 8.6368e-05 2.7909e-08 8.6368e-05 1.8041e-01 0.0000e+00
166 0.0000e+00 3.4400e-05 8.6136e-05 2.5653e-08 8.6136e-05 1.8050e-01 0.0000e+00
167 0.0000e+00 4.8600e-05 8.5904e-05 2.3583e-08 8.5904e-05 1.8058e-01 0.0000e+00
168 0.0000e+00 5.9500e-05 8.5674e-05 2.1682e-08 8.5674e-05 1.8067e-01 0.0000e+00
169 0.0000e+00 6.5900e-05 8.5445e-05 1.9937e-08 8.5445e-05 1.8075e-01 0.0000e+00
170 0.0000e+00 6.8800e-05 8.5217e-05 1.8334e-08 8.5217e-05 1.8084e-01 0.0000e+00
171 0.0000e+00 6.5900e-05 8.4990e-05 1.5820e-08 8.4990e-05 1.8092e-01 0.0000e+00
172 0.0000e+00 5.9500e-05 8.4765e-05 1.4570e-08 8.4765e-05 1.8101e-01 0.0000e+00
173 0.0000e+00 4.8600e-05 8.4541e-05 1.3420e-08 8.4541e-05 1.8109e-01 0.0000e+00
174 0.0000e+00 3.4400e-05 8.4318e-05 1.2361e-08 8.4318e-05 1.8118e-01 0.0000e+00
175 0.0000e+00 1.6600e-05 8.4096e-05 1.1387e-08 8.4096e-05 1.8126e-01 0.0000e+00
176 0.0000e+00 0.0000e+00 8.3875e-05 1.0491e-08 8.3875e-05 1.8134e-01 0.0000e+00
177 0.0000e+00 0.0000e+00 8.3656e-05 9.6660e-09 8.3656e-05 1.8143e-01 0.0000e+00
178 0.0000e+00 0.0000e+00 8.3437e-05 8.9066e-09 8.3437e-05 1.8151e-01 0.0000e+00
179 0.0000e+00 0.0000e+00 8.3220e-05 8.2076e-09 8.3220e-05 1.8159e-01 0.0000e+00
180 0.0000e+00 0.0000e+00 8.3004e-05 7.5640e-09 8.3004e-05 1.8168e-01 0.0000e+00
181 0.0000e+00 0.0000e+00 8.2789e-05 6.9715e-09 8.2789e-05 1.8176e-01 0.0000e+00
182 0.0000e+00 0.0000e+00 8.2575e-05 5.6850e-09 8.2575e-05 1.8184e-01 0.0000e+00
183 0.0000e+00 0.0000e+00 8.2362e-05 5.2494e-09 8.2362e-05 1.8193e-01 0.0000e+00
184 0.0000e+00 0.0000e+00 8.2151e-05 4.8475e-09 8.2151e-05 1.8201e-01 0.0000e+00
185 0.0000e+00 0.0000e+00 8.1940e-05 4.4766e-09 8.1940e-05 1.8209e-01 0.0000e+00
186 0.0000e+00 0.0000e+00 8.1730e-05 4.1344e-09 8.1730e-05 1.8217e-01 0.0000e+00
187 0.0000e+00 0.0000e+00 8.1522e-05 3.8185e-09 8.1522e-05 1.8225e-01 0.0000e+00
188 0.0000e+00 0.0000e+00 8.1315e-05 3.5270e-09 8.1315e-05 1.8233e-01 0.0000e+00
189 0.0000e+00 4.5600e-05 8.1108e-05 3.2580e-09 8.1108e-05 1.8242e-01 0.0000e+00
190 5.0000e-04 8.7900e-05 8.0903e-05 3.0096e-09 8.0903e-05 1.8250e-01 0.0000e+00
191 0.0000e+00 1.2440e-04 8.0699e-05 2.7804e-09 8.0699e-05 1.8258e-01 0.0000e+00
192 0.0000e+00 1.5230e-04 8.0495e-05 2.5687e-09 8.0495e-05 1.8266e-01 0.0000e+00
193 0.0000e+00 1.6850e-04 8.0293e-05 1.8344e-09 8.0293e-05 1.8274e-01 0.0000e+00
194 0.0000e+00 1.7590e-04 8.0092e-05 1.6990e-09 8.0092e-05 1.8282e-01 0.0000e+00
195 0.0000e+00 1.6850e-04 7.9892e-05 1.5736e-09 7.9892e-05 1.8290e-01 0.0000e+00
196 0.0000e+00 1.5230e-04 7.9693e-05 1.4576e-09 7.9693e-05 1.8298e-01 0.0000e+00
197 0.0000e+00 1.2440e-04 7.9494e-05 1.3501e-09 7.9494e-05 1.8306e-01 0.0000e+00
198 0.0000e+00 8.7900e-05 7.9297e-05 1.2507e-09 7.9297e-05 1.8314e-01 0.0000e+00
199 0.0000e+00 4.2600e-05 7.9101e-05 1.1586e-09 7.9101e-05 1.8322e-01 0.0000e+00
200 0.0000e+00 0.0000e+00 7.8906e-05 1.0733e-09 7.8906e-05 1.8329e-01 0.0000e+00
201 0.0000e+00 0.0000e+00 7.8711e-05 9.9438e-10 7.8711e-05 1.8337e-01 0.0000e+00
202 0.0000e+00 0.0000e+00 7.8518e-05 9.2128e-10 7.8518e-05 1.8345e-01 0.0000e+00
203 0.0000e+00 0.0000e+00 7.8325e-05 8.5359e-10 7.8325e-05 1.8353e-01 0.0000e+00
204 0.0000e+00 0.0000e+00 7.8134e-05 4.6833e-10 7.8134e-05 1.8361e-01 0.0000e+00
205 0.0000e+00 0.0000e+00 7.7943e-05 4.3530e-10 7.7943e-05 1.8369e-01 0.0000e+00
206 0.0000e+00 0.0000e+00 7.7754e-05 4.0462e-10 7.7754e-05 1.8376e-01 0.0000e+00
207 0.0000e+00 0.0000e+00 7.7565e-05 3.7611e-10 7.7565e-05 1.8384e-01 0.0000e+00
208 0.0000e+00 0.0000e+00 7.7377e-05 3.4962e-10 7.7377e-05 1.8392e-01 0.0000e+00
209 0.0000e+00 0.0000e+00 7.7190e-05 3.2500e-10 7.7190e-05 1.8400e-01 0.0000e+00
210 0.0000e+00 0.0000e+00 7.7004e-05 3.0213e-10 7.7004e-05 1.8407e-01 0.0000e+00
211 0.0000e+00 0.0000e+00 7.6819e-05 2.8088e-10 7.6819e-05 1.8415e-01 0.0000e+00
212 0.0000e+00 0.0000e+00 7.6635e-05 2.6113e-10 7.6635e-05 1.8423e-01 0.0000e+00
213 0.0000e+00 4.9000e-05 7.6452e-05 2.4278e-10 7.6452e-05 1.8430e-01 0.0000e+00
214 0.0000e+00 9.4600e-05 7.6269e-05 2.2572e-10 7.6269e-05 1.8438e-01 0.0000e+00
215 0.0000e+00 1.3380e-04 7.6088e-05 2.0987e-10 7.6088e-05 1.8445e-01 0.0000e+00
216 0.0000e+00 1.6380e-04 7.5907e-05 8.0617e-11 7.5907e-05 1.8453e-01 0.0000e+00
217 0.0000e+00 1.8130e-04 7.5727e-05 7.5222e-11 7.5727e-05 1.8461e-01 0.0000e+00
218 0.0000e+00 1.8920e-04 7.5548e-05 7.0190e-11 7.5548e-05 1.8468e-01 0.0000e+00
219 0.0000e+00 1.8130e-04 7.5370e-05 6.5496e-11 7.5370e-05 1.8476e-01 0.0000e+00
220 0.0000e+00 1.6380e-04 7.5193e-05 6.1117e-11 7.5193e-05 1.8483e-01 0.0000e+00
221 0.0000e+00 1.3380e-04 7.5016e-05 5.7032e-11 7.5016e-05 1.8491e-01 0.0000e+00
222 0.0000e+00 9.4600e-05 7.4841e-05 5.3222e-11 7.4841e-05 1.8498e-01 0.0000e+00
223 0.0000e+00 4.5800e-05 7.4666e-05 4.9667e-11 7.4666e-05 1.8506e-01 0.0000e+00
224 0.0000e+00 0.0000e+00 7.4492e-05 4.6350e-11 7.4492e-05 1.8513e-01 0.0000e+00
225 0.0000e+00 0.0000e+00 7.4319e-05 4.3256e-11 7.4319e-05 1.8521e-01 0.0000e+00
226 0.0000e+00 0.0000e+00 7.4146e-05 4.0370e-11 7.4146e-05 1.8528e-01 0.0000e+00
227 0.0000e+00 0.0000e+00 7.3975e-05 1.3299e-11 7.3975e-05 1.8535e-01 0.0000e+00
228 0.0000e+00 0.0000e+00 7.3804e-05 1.2444e-11 7.3804e-05 1.8543e-01 0.0000e+00
229 0.0000e+00 0.0000e+00 7.3634e-05 1.1645e-11 7.3634e-05 1.8550e-01 0.0000e+00
230 0.0000e+00 0.0000e+00 7.3465e-05 1.0897e-11 7.3465e-05 1.8558e-01 0.0000e+00
231 0.0000e+00 0.0000e+00 7.3296e-05 1.0197e-11 7.3296e-05 1.8565e-01 0.0000e+00
232 0.0000e+00 0.0000e+00 7.3128e-05 9.5424e-12 7.3128e-05 1.8572e-01 0.0000e+00
233 0.0000e+00 0.0000e+00 7.2962e-05 8.9300e-12 7.2962e-05 1.8579e-01 0.0000e+00
234 0.0000e+00 0.0000e+00 7.2795e-05 8.3570e-12 7.2795e-05 1.8587e-01 0.0000e+00
235 0.0000e+00 0.0000e+00 7.2630e-05 7.8208e-12 7.2630e-05 1.8594e-01 0.0000e+00
236 0.0000e+00 0.0000e+00 7.2465e-05 7.3192e-12 7.2465e-05 1.8601e-01 0.0000e+00
237 0.0000e+00 5.1700e-05 7.2301e-05 6.8499e-12 7.2301e-05 1.8608e-01 0.0000e+00
238 0.0000e+00 9.9800e-05 7.2138e-05 0.0000e+00 7.2138e-05 1.8616e-01 0.0000e+00
239 0.0000e+00 1.4120e-04 7.1976e-05 0.0000e+00 7.1976e-05 1.8623e-01 0.0000e+00
240 0.0000e+00 1.7290e-04 7.1814e-05 0.0000e+00 7.1814e-05 1.8630e-01 0.0000e+00
241 5.0000e-04 1.9130e-04 7.1653e-05 0.0000e+00 7.1653e-05 1.8637e-01 0.0000e+00
242 1.0000e-03 1.9970e-04 7.1493e-05 0.0000e+00 7.1493e-05 1.8644e-01 0.0000e+00
243 0.0000e+00 1.9130e-04 7.1333e-05 0.0000e+00 7.1333e-05 1.8652e-01 0.0000e+00
244 0.0000e+00 1.7290e-04 7.1174e-05 0.0000e+00 7.1174e-05 1.8659e-01 0.0000e+00
245 0.0000e+00 1.4120e-04 7.1016e-05 0.0000e+00 7.1016e-05 1.8666e-01 0.0000e+00
246 0.0000e+00 9.9800e-05 7.0859e-05 0.0000e+00 7.0859e-05 1.8673e-01 0.0000e+00
247 0.0000e+00 4.8300e-05 7.0702e-05 0.0000e+00 7.0702e-05 1.8680e-01 0.0000e+00
248 0.0000e+00 0.0000e+00 7.0546e-05 0.0000e+00 7.0546e-05 1.8687e-01 0.0000e+00
249 0.0000e+00 0.0000e+00 7.0391e-05 0.0000e+00 7.0391e-05 1.8694e-01 0.0000e+00
250 0.0000e+00 0.0000e+00 7.0236e-05 0.0000e+00 7.0236e-05 1.8701e-01 0.0000e+00
251 0.0000e+00 0.0000e+00 7.0082e-05 0.0000e+00 7.0082e-05 1.8708e-01 0.0000e+00
252 0.0000e+00 0.0000e+00 6.9929e-05 0.0000e+00 6.9929e-05 1.8715e-01 0.0000e+00
253 1.0000e-03 0.0000e+00 6.9776e-05 0.0000e+00 6.9776e-05 1.8722e-01 0.0000e+00
254 0.0000e+00 0.0000e+00 6.9624e-05 0.0000e+00 6.9624e-05 1.8729e-01 0.0000e+00
255 0.0000e+00 0.0000e+00 6.9473e-05 0.0000e+00 6.9473e-05 1.8736e-01 0.0000e+00
256 0.0000e+00 0.0000e+00 6.9322e-05 0.0000e+00 6.9322e-05 1.8743e-01 0.0000e+00
257 0.0000e+00 0.0000e+00 6.9172e-05 0.0000e+00 6.9172e-05 1.8750e-01 0.0000e+00
258 0.0000e+00 0.0000e+00 6.9023e-05 0.0000e+00 6.9023e-05 1.8757e-01 0.0000e+00
259 0.0000e+00 0.0000e+00 6.8874e-05 0.0000e+00 6.8874e-05 1.8764e-01 0.0000e+00
260 0.0000e+00 0.0000e+00 6.8726e-05 0.0000e+00 6.8726e-05 1.8770e-01 0.0000e+00
261 0.0000e+00 7.5200e-05 6.8579e-05 0.0000e+00 6.8579e-05 1.8777e-01 0.0000e+00
262 1.0000e-03 1.4510e-04 6.8432e-05 0.0000e+00 6.8432e-05 1.8784e-01 0.0000e+00
263 0.0000e+00 2.0520e-04 6.8286e-05 0.0000e+00 6.8286e-05 1.8791e-01 0.0000e+00
264 0.0000e+00 2.5130e-04 6.8140e-05 0.0000e+00 6.8140e-05 1.8798e-01 0.0000e+00
265 0.0000e+00 2.7800e-04 6.7995e-05 0.0000e+00 6.7995e-05 1.8805e-01 0.0000e+00
266 0.0000e+00 2.9030e-04 6.7851e-05 0.0000e+00 6.7851e-05 1.8811e-01 0.0000e+00
267 0.0000e+00 2.7800e-04 6.7707e-05 0.0000e+00 6.7707e-05 1.8818e-01 0.0000e+00
268 0.0000e+00 2.5130e-04 6.7564e-05 0.0000e+00 6.7564e-05 1.8825e-01 0.0000e+00
269 0.0000e+00 2.0520e-04 6.7421e-05 0.0000e+00 6.7421e-05 1.8832e-01 0.0000e+00
270 0.0000e+00 1.4510e-04 6.7280e-05 0.0000e+00 6.7280e-05 1.8838e-01 0.0000e+00
271 0.0000e+00 7.0200e-05 6.7138e-05 0.0000e+00 6.7138e-05 1.8845e-01 0.0000e+00
272 0.0000e+00 0.0000e+00 6.6997e-05 0.0000e+00 6.6997e-05 1.8852e-01 0.0000e+00
273 0.0000e+00 0.0000e+00 6.6857e-05 0.0000e+00 6.6857e-05 1.8858e-01 0.0000e+00
274 0.0000e+00 0.0000e+00 6.6718e-05 0.0000e+00 6.6718e-05 1.8865e-01 0.0000e+00
275 0.0000e+00 0.0000e+00 6.6579e-05 0.0000e+00 6.6579e-05 1.8872e-01 0.0000e+00
276 0.0000e+00 0.0000e+00 6.6440e-05 0.0000e+00 6.6440e-05 1.8878e-01 0.0000e+00
277 0.0000e+00 0.0000e+00 6.6303e-05 0.0000e+00 6.6303e-05 1.8885e-01 0.0000e+00
278 0.0000e+00 0.0000e+00 6.6165e-05 0.0000e+00 6.6165e-05 1.8892e-01 0.0000e+00
279 0.0000e+00 0.0000e+00 6.6029e-05 0.0000e+00 6.6029e-05 1.8898e-01 0.0000e+00
280 0.0000e+00 0.0000e+00 6.5893e-05 0.0000e+00 6.5893e-05 1.8905e-01 0.0000e+00
281 0.0000e+00 0.0000e+00 6.5757e-05 0.0000e+00 6.5757e-05 1.8911e-01 0.0000e+00
282 0.0000e+00 0.0000e+00 6.5622e-05 0.0000e+00 6.5622e-05 1.8918e-01 0.0000e+00
283 1.0000e-03 0.0000e+00 6.5488e-05 0.0000e+00 6.5488e-05 1.8925e-01 0.0000e+00
284 5.0000e-04 0.0000e+00 6.5354e-05 0.0000e+00 6.5354e-05 1.8931e-01 0.0000e+00
285 2.5000e-03 2.4400e-05 6.7377e-05 1.9693e-05 6.5221e-05 1.8936e-01 2.1564e-06
286 6.0000e-03 4.7000e-05 1.4632e-04 7.4859e-04 6.5128e-05 1.8867e-01 8.1197e-05
287 4.0000e-03 6.6500e-05 1.1965e-04 1.0934e-03 6.6534e-05 1.8765e-01 5.3120e-05
288 1.5000e-03 8.1400e-05 8.7967e-05 1.0937e-03 6.8703e-05 1.8662e-01 1.9263e-05
289 0.0000e+00 9.0100e-05 7.0940e-05 9.3561e-04 7.0940e-05 1.8576e-01 0.0000e+00
290 0.0000e+00 9.4000e-05 7.2883e-05 8.1358e-04 7.2883e-05 1.8502e-01 0.0000e+00
291 5.0000e-04 9.0100e-05 7.7747e-05 7.4058e-04 7.4589e-05 1.8435e-01 3.1575e-06
292 0.0000e+00 8.1400e-05 7.6158e-05 6.4647e-04 7.6158e-05 1.8378e-01 0.0000e+00
293 0.0000e+00 6.6500e-05 7.7527e-05 5.6733e-04 7.7527e-05 1.8329e-01 0.0000e+00
294 1.5000e-03 4.7000e-05 1.0116e-04 6.5756e-04 7.8723e-05 1.8271e-01 2.2438e-05
295 1.0000e-03 2.2800e-05 9.7099e-05 6.8854e-04 8.0160e-05 1.8210e-01 1.6939e-05
296 0.0000e+00 0.0000e+00 8.1699e-05 5.9557e-04 8.1699e-05 1.8159e-01 0.0000e+00
297 0.0000e+00 0.0000e+00 8.3021e-05 5.2133e-04 8.3021e-05 1.8115e-01 0.0000e+00
298 0.0000e+00 0.0000e+00 8.4166e-05 4.5787e-04 8.4166e-05 1.8078e-01 0.0000e+00
299 0.0000e+00 0.0000e+00 8.5155e-05 4.0312e-04 8.5155e-05 1.8046e-01 0.0000e+00
300 0.0000e+00 0.0000e+00 8.6005e-05 3.5560e-04 8.6005e-05 1.8019e-01 0.0000e+00
301 0.0000e+00 0.0000e+00 8.6733e-05 3.1417e-04 8.6733e-05 1.7996e-01 0.0000e+00
302 0.0000e+00 0.0000e+00 8.7352e-05 2.7795e-04 8.7352e-05 1.7977e-01 0.0000e+00
303 0.0000e+00 0.0000e+00 8.7873e-05 2.4621e-04 8.7873e-05 1.7961e-01 0.0000e+00
304 0.0000e+00 0.0000e+00 8.8309e-05 2.1834e-04 8.8309e-05 1.7948e-01 0.0000e+00
305 0.0000e+00 0.0000e+00 8.8669e-05 1.9384e-04 8.8669e-05 1.7938e-01 0.0000e+00
306 0.0000e+00 0.0000e+00 8.8961e-05 1.7226e-04 8.8961e-05 1.7929e-01 0.0000e+00
307 0.0000e+00 0.0000e+00 8.9193e-05 1.5322e-04 8.9193e-05 1.7923e-01 0.0000e+00
308 0.0000e+00 0.0000e+00 8.9371e-05 1.3642e-04 8.9371e-05 1.7918e-01 0.0000e+00
309 0.0000e+00 2.8800e-05 8.9503e-05 1.2156e-04 8.9503e-05 1.7915e-01 0.0000e+00
310 5.0000e-04 5.5500e-05 9.7563e-05 1.6664e-04 8.9592e-05 1.7907e-01 7.9702e-06
311 0.0000e+00 7.8500e-05 8.9808e-05 1.4313e-04 8.9808e-05 1.7902e-01 0.0000e+00
312 0.0000e+00 9.6200e-05 8.9958e-05 1.2571e-04 8.9958e-05 1.7898e-01 0.0000e+00
313 0.0000e+00 1.0640e-04 9.0059e-05 1.1095e-04 9.0059e-05 1.7896e-01 0.0000e+00
314 0.0000e+00 1.1110e-04 9.0118e-05 9.8226e-05 9.0118e-05 1.7896e-01 0.0000e+00
315 0.0000e+00 1.0640e-04 9.0140e-05 8.7151e-05 9.0140e-05 1.7896e-01 0.0000e+00
316 0.0000e+00 9.6200e-05 9.0132e-05 7.7461e-05 9.0132e-05 1.7897e-01 0.0000e+00
317 5.0000e-04 7.8500e-05 9.0096e-05 6.8949e-05 9.0096e-05 1.7899e-01 0.0000e+00
318 1.0000e-03 5.5500e-05 1.0381e-04 1.6223e-04 9.0037e-05 1.7892e-01 1.3775e-05
319 5.0000e-04 2.6900e-05 9.8141e-05 1.9285e-04 9.0240e-05 1.7882e-01 7.9006e-06
320 0.0000e+00 0.0000e+00 9.0530e-05 1.6291e-04 9.0530e-05 1.7875e-01 0.0000e+00
321 0.0000e+00 0.0000e+00 9.0735e-05 1.4100e-04 9.0735e-05 1.7869e-01 0.0000e+00
322 1.0000e-03 0.0000e+00 1.0817e-04 2.4977e-04 9.0878e-05 1.7854e-01 1.7296e-05
323 1.0000e-03 0.0000e+00 1.0910e-04 3.3912e-04 9.1330e-05 1.7829e-01 1.7774e-05
324 0.0000e+00 0.0000e+00 9.2040e-05 2.8401e-04 9.2040e-05 1.7810e-01 0.0000e+00
325 0.0000e+00 0.0000e+00 9.2594e-05 2.4470e-04 9.2594e-05 1.7794e-01 0.0000e+00
326 0.0000e+00 0.0000e+00 9.3035e-05 2.1243e-04 9.3035e-05 1.7782e-01 0.0000e+00
327 0.0000e+00 0.0000e+00 9.3383e-05 1.8531e-04 9.3383e-05 1.7773e-01 0.0000e+00
328 0.0000e+00 0.0000e+00 9.3651e-05 1.6222e-04 9.3651e-05 1.7766e-01 0.0000e+00
329 0.0000e+00 0.0000e+00 9.3852e-05 1.4239e-04 9.3852e-05 1.7762e-01 0.0000e+00
330 0.0000e+00 0.0000e+00 9.3995e-05 1.2528e-04 9.3995e-05 1.7758e-01 0.0000e+00
331 0.0000e+00 0.0000e+00 9.4087e-05 1.1044e-04 9.4087e-05 1.7757e-01 0.0000e+00
332 0.0000e+00 0.0000e+00 9.4135e-05 9.7536e-05 9.4135e-05 1.7756e-01 0.0000e+00
333 0.0000e+00 1.1200e-05 9.4145e-05 8.6274e-05 9.4145e-05 1.7757e-01 0.0000e+00
334 0.0000e+00 2.1600e-05 9.4122e-05 7.6422e-05 9.4122e-05 1.7759e-01 0.0000e+00
335 0.0000e+00 3.0600e-05 9.4070e-05 6.7785e-05 9.4070e-05 1.7762e-01 0.0000e+00
336 0.0000e+00 3.7400e-05 9.3992e-05 6.0198e-05 9.3992e-05 1.7765e-01 0.0000e+00
337 0.0000e+00 4.1400e-05 9.3893e-05 5.3521e-05 9.3893e-05 1.7769e-01 0.0000e+00
338 5.0000e-04 4.3200e-05 1.0014e-04 9.4698e-05 9.3775e-05 1.7769e-01 6.3624e-06
339 5.0000e-04 4.1400e-05 1.0190e-04 1.3974e-04 9.3777e-05 1.7764e-01 8.1193e-06
340 1.5000e-03 3.7400e-05 1.1984e-04 3.0871e-04 9.3912e-05 1.7743e-01 2.5925e-05
341 1.5000e-03 3.0600e-05 1.2054e-04 4.4575e-04 9.4545e-05 1.7708e-01 2.5997e-05
342 1.0000e-03 2.1600e-05 1.1282e-04 4.9759e-04 9.5588e-05 1.7668e-01 1.7230e-05
343 5.0000e-04 1.0500e-05 1.0530e-04 4.8164e-04 9.6796e-05 1.7629e-01 8.5032e-06
344 1.0000e-03 0.0000e+00 1.1556e-04 5.4152e-04 9.7968e-05 1.7585e-01 1.7588e-05
345 5.0000e-04 0.0000e+00 1.0822e-04 5.2495e-04 9.9335e-05 1.7542e-01 8.8871e-06
346 0.0000e+00 0.0000e+00 1.0066e-04 4.4826e-04 1.0066e-04 1.7507e-01 0.0000e+00
347 0.0000e+00 0.0000e+00 1.0176e-04 3.8799e-04 1.0176e-04 1.7479e-01 0.0000e+00
348 0.0000e+00 0.0000e+00 1.0268e-04 3.3750e-04 1.0268e-04 1.7455e-01 0.0000e+00
349 0.0000e+00 0.0000e+00 1.0343e-04 2.9457e-04 1.0343e-04 1.7436e-01 0.0000e+00
350 0.0000e+00 0.0000e+00 1.0405e-04 2.5778e-04 1.0405e-04 1.7421e-01 0.0000e+00
351 0.0000e+00 0.0000e+00 1.0456e-04 2.2609e-04 1.0456e-04 1.7409e-01 0.0000e+00
352 0.0000e+00 0.0000e+00 1.0495e-04 1.9867e-04 1.0495e-04 1.7399e-01 0.0000e+00
353 5.0000e-04 0.0000e+00 1.1415e-04 2.4280e-04 1.0526e-04 1.7386e-01 8.8871e-06
354 0.0000e+00 0.0000e+00 1.0571e-04 2.0717e-04 1.0571e-04 1.7375e-01 0.0000e+00
355 0.0000e+00 0.0000e+00 1.0605e-04 1.8071e-04 1.0605e-04 1.7368e-01 0.0000e+00
356 0.0000e+00 0.0000e+00 1.0630e-04 1.5841e-04 1.0630e-04 1.7363e-01 0.0000e+00
357 0.0000e+00 7.2300e-05 1.0647e-04 1.3927e-04 1.0647e-04 1.7359e-01 0.0000e+00
358 0.0000e+00 1.3960e-04 1.0658e-04 1.2272e-04 1.0658e-04 1.7358e-01 0.0000e+00
359 0.0000e+00 1.9750e-04 1.0663e-04 1.0833e-04 1.0663e-04 1.7358e-01 0.0000e+00
360 0.0000e+00 2.4180e-04 1.0664e-04 9.5779e-05 1.0664e-04 1.7359e-01 0.0000e+00
361 0.0000e+00 2.6750e-04 1.0660e-04 8.4804e-05 1.0660e-04 1.7361e-01 0.0000e+00
362 0.0000e+00 2.7930e-04 1.0653e-04 7.5185e-05 1.0653e-04 1.7364e-01 0.0000e+00
363 0.0000e+00 2.6750e-04 1.0643e-04 6.6736e-05 1.0643e-04 1.7368e-01 0.0000e+00
364 0.0000e+00 2.4180e-04 1.0630e-04 5.9302e-05 1.0630e-04 1.7373e-01 0.0000e+00
365 0.0000e+00 1.9750e-04 1.0614e-04 5.2751e-05 1.0614e-04 1.7378e-01 0.0000e+00
366 0.0000e+00 1.3960e-04 1.0596e-04 4.6970e-05 1.0596e-04 1.7384e-01 0.0000e+00
367 0.0000e+00 6.7600e-05 1.0577e-04 4.1861e-05 1.0577e-04 1.7390e-01 0.0000e+00
368 0.0000e+00 0.0000e+00 1.0556e-04 3.7340e-05 1.0556e-04 1.7397e-01 0.0000e+00
369 0.0000e+00 0.0000e+00 1.0533e-04 3.3336e-05 1.0533e-04 1.7404e-01 0.0000e+00
370 0.0000e+00 0.0000e+00 1.0509e-04 2.9786e-05 1.0509e-04 1.7412e-01 0.0000e+00
371 0.0000e+00 0.0000e+00 1.0485e-04 2.6634e-05 1.0485e-04 1.7420e-01 0.0000e+00
372 0.0000e+00 0.0000e+00 1.0459e-04 2.3833e-05 1.0459e-04 1.7428e-01 0.0000e+00
373 5.0000e-04 0.0000e+00 1.0433e-04 2.1342e-05 1.0433e-04 1.7436e-01 0.0000e+00
374 7.5000e-03 0.0000e+00 2.0941e-04 8.2166e-04 1.0406e-04 1.7364e-01 1.0536e-04
375 4.5000e-03 0.0000e+00 1.8640e-04 1.2600e-03 1.0642e-04 1.7249e-01 7.9984e-05
376 2.5000e-03 0.0000e+00 1.5476e-04 1.3736e-03 1.1032e-04 1.7123e-01 4.4436e-05
377 5.0000e-04 0.0000e+00 1.2365e-04 1.2162e-03 1.1477e-04 1.7013e-01 8.8871e-06
378 0.0000e+00 0.0000e+00 1.1879e-04 1.0357e-03 1.1879e-04 1.6921e-01 0.0000e+00
379 0.0000e+00 0.0000e+00 1.2224e-04 8.9165e-04 1.2224e-04 1.6844e-01 0.0000e+00
380 0.0000e+00 0.0000e+00 1.2521e-04 7.7082e-04 1.2521e-04 1.6779e-01 0.0000e+00
381 0.0000e+00 1.7400e-05 1.2776e-04 6.6835e-04 1.2776e-04 1.6725e-01 0.0000e+00
382 0.0000e+00 3.3600e-05 1.2994e-04 5.8093e-04 1.2994e-04 1.6680e-01 0.0000e+00
383 1.0000e-03 4.7500e-05 1.4964e-04 6.4206e-04 1.3179e-04 1.6629e-01 1.7850e-05
384 1.0000e-03 5.8200e-05 1.5460e-04 6.8015e-04 1.3390e-04 1.6575e-01 2.0699e-05
385 0.0000e+00 6.4300e-05 1.3621e-04 5.7819e-04 1.3621e-04 1.6530e-01 0.0000e+00
386 5.0000e-04 6.7200e-05 1.4649e-04 5.5370e-04 1.3810e-04 1.6489e-01 8.3840e-06
387 0.0000e+00 6.4300e-05 1.3991e-04 4.7600e-04 1.3991e-04 1.6455e-01 0.0000e+00
388 0.0000e+00 5.8200e-05 1.4139e-04 4.1322e-04 1.4139e-04 1.6428e-01 0.0000e+00
389 0.0000e+00 4.7500e-05 1.4259e-04 3.5989e-04 1.4259e-04 1.6406e-01 0.0000e+00
390 5.0000e-04 3.3600e-05 1.4941e-04 3.5201e-04 1.4356e-04 1.6385e-01 5.8448e-06
391 0.0000e+00 1.6300e-05 1.4450e-04 3.0410e-04 1.4450e-04 1.6369e-01 0.0000e+00
392 5.0000e-04 0.0000e+00 1.5522e-04 3.3012e-04 1.4522e-04 1.6351e-01 9.9947e-06
393 5.0000e-04 0.0000e+00 1.5717e-04 3.5417e-04 1.4607e-04 1.6330e-01 1.1102e-05
394 0.0000e+00 0.0000e+00 1.4702e-04 3.0065e-04 1.4702e-04 1.6315e-01 0.0000e+00
395 0.0000e+00 0.0000e+00 1.4773e-04 2.6010e-04 1.4773e-04 1.6304e-01 0.0000e+00
396 0.0000e+00 0.0000e+00 1.4825e-04 2.2616e-04 1.4825e-04 1.6296e-01 0.0000e+00
397 0.0000e+00 0.0000e+00 1.4861e-04 1.9734e-04 1.4861e-04 1.6291e-01 0.0000e+00
398 0.0000e+00 0.0000e+00 1.4883e-04 1.7266e-04 1.4883e-04 1.6288e-01 0.0000e+00
399 0.0000e+00 0.0000e+00 1.4895e-04 1.5140e-04 1.4895e-04 1.6288e-01 0.0000e+00
400 0.0000e+00 0.0000e+00 1.4896e-04 1.3301e-04 1.4896e-04 1.6290e-01 0.0000e+00
401 0.0000e+00 0.0000e+00 1.4888e-04 1.1705e-04 1.4888e-04 1.6293e-01 0.0000e+00
402 1.0000e-03 0.0000e+00 1.7094e-04 2.4816e-04 1.4873e-04 1.6283e-01 2.2205e-05
403 0.0000e+00 0.0000e+00 1.4920e-04 2.0225e-04 1.4920e-04 1.6278e-01 0.0000e+00
404 0.0000e+00 0.0000e+00 1.4944e-04 1.7281e-04 1.4944e-04 1.6275e-01 0.0000e+00
405 5.0000e-04 2.4600e-05 1.6066e-04 2.2161e-04 1.4955e-04 1.6268e-01 1.1102e-05
406 5.0000e-04 4.7400e-05 1.6045e-04 2.5396e-04 1.4989e-04 1.6258e-01 1.0556e-05
407 0.0000e+00 6.7100e-05 1.5038e-04 2.1170e-04 1.5038e-04 1.6252e-01 0.0000e+00
408 5.0000e-04 8.2200e-05 1.5923e-04 2.3732e-04 1.5067e-04 1.6243e-01 8.5614e-06
409 0.0000e+00 9.0900e-05 1.5108e-04 1.9923e-04 1.5108e-04 1.6238e-01 0.0000e+00
410 0.0000e+00 9.5000e-05 1.5130e-04 1.7106e-04 1.5130e-04 1.6236e-01 0.0000e+00
411 0.0000e+00 9.0900e-05 1.5140e-04 1.4780e-04 1.5140e-04 1.6237e-01 0.0000e+00
412 0.0000e+00 8.2200e-05 1.5138e-04 1.2826e-04 1.5138e-04 1.6239e-01 0.0000e+00
413 0.0000e+00 6.7100e-05 1.5127e-04 1.1167e-04 1.5127e-04 1.6243e-01 0.0000e+00
414 0.0000e+00 4.7400e-05 1.5108e-04 9.7507e-05 1.5108e-04 1.6248e-01 0.0000e+00
415 0.0000e+00 2.3000e-05 1.5083e-04 8.5338e-05 1.5083e-04 1.6255e-01 0.0000e+00
416 0.0000e+00 0.0000e+00 1.5052e-04 7.4844e-05 1.5052e-04 1.6262e-01 0.0000e+00
417 0.0000e+00 0.0000e+00 1.5017e-04 6.5762e-05 1.5017e-04 1.6271e-01 0.0000e+00
418 0.0000e+00 0.0000e+00 1.4977e-04 5.7880e-05 1.4977e-04 1.6280e-01 0.0000e+00
419 0.0000e+00 0.0000e+00 1.4934e-04 5.1021e-05 1.4934e-04 1.6290e-01 0.0000e+00
420 0.0000e+00 0.0000e+00 1.4888e-04 4.5040e-05 1.4888e-04 1.6300e-01 0.0000e+00
421 0.0000e+00 0.0000e+00 1.4840e-04 3.9812e-05 1.4840e-04 1.6311e-01 0.0000e+00
422 0.0000e+00 0.0000e+00 1.4790e-04 3.5235e-05 1.4790e-04 1.6322e-01 0.0000e+00
423 0.0000e+00 0.0000e+00 1.4738e-04 3.1221e-05 1.4738e-04 1.6334e-01 0.0000e+00
424 0.0000e+00 0.0000e+00 1.4684e-04 2.7694e-05 1.4684e-04 1.6346e-01 0.0000e+00
425 0.0000e+00 0.0000e+00 1.4630e-04 2.4592e-05 1.4630e-04 1.6358e-01 0.0000e+00
426 0.0000e+00 0.0000e+00 1.4574e-04 2.1859e-05 1.4574e-04 1.6370e-01 0.0000e+00
427 5.0000e-04 0.0000e+00 1.4518e-04 1.9448e-05 1.4518e-04 1.6383e-01 0.0000e+00
428 2.0000e-03 0.0000e+00 1.8734e-04 2.9409e-04 1.4461e-04 1.6368e-01 4.2726e-05
429 3.0000e-03 3.2600e-05 2.1190e-04 6.6046e-04 1.4529e-04 1.6317e-01 6.6615e-05
430 2.0000e-03 6.2900e-05 1.9133e-04 8.0943e-04 1.4765e-04 1.6250e-01 4.3686e-05
431 1.0000e-03 8.9000e-05 1.7154e-04 7.9663e-04 1.5073e-04 1.6186e-01 2.0808e-05
432 0.0000e+00 1.0900e-04 1.5380e-04 6.6201e-04 1.5380e-04 1.6135e-01 0.0000e+00
433 5.0000e-04 1.2060e-04 1.6298e-04 6.0577e-04 1.5627e-04 1.6090e-01 6.7102e-06
434 0.0000e+00 1.2590e-04 1.5848e-04 5.1347e-04 1.5848e-04 1.6054e-01 0.0000e+00
435 0.0000e+00 1.2060e-04 1.6025e-04 4.3977e-04 1.6025e-04 1.6027e-01 0.0000e+00
436 0.0000e+00 1.0900e-04 1.6165e-04 3.7837e-04 1.6165e-04 1.6005e-01 0.0000e+00
437 3.5000e-03 8.9000e-05 2.2993e-04 7.7727e-04 1.6275e-04 1.5943e-01 6.7183e-05
438 0.0000e+00 6.2900e-05 1.6591e-04 6.2645e-04 1.6591e-04 1.5897e-01 0.0000e+00
439 0.0000e+00 3.0500e-05 1.6831e-04 5.2998e-04 1.6831e-04 1.5861e-01 0.0000e+00
440 0.0000e+00 0.0000e+00 1.7022e-04 4.5269e-04 1.7022e-04 1.5833e-01 0.0000e+00
441 0.0000e+00 0.0000e+00 1.7173e-04 3.8893e-04 1.7173e-04 1.5811e-01 0.0000e+00
442 0.0000e+00 0.0000e+00 1.7290e-04 3.3551e-04 1.7290e-04 1.5795e-01 0.0000e+00
443 0.0000e+00 0.0000e+00 1.7378e-04 2.9034e-04 1.7378e-04 1.5783e-01 0.0000e+00
444 5.0000e-04 0.0000e+00 1.8147e-04 3.0029e-04 1.7442e-04 1.5771e-01 7.0568e-06
445 0.0000e+00 0.0000e+00 1.7510e-04 2.5539e-04 1.7510e-04 1.5763e-01 0.0000e+00
446 0.0000e+00 0.0000e+00 1.7554e-04 2.2081e-04 1.7554e-04 1.5758e-01 0.0000e+00
447 0.0000e+00 0.0000e+00 1.7579e-04 1.9174e-04 1.7579e-04 1.5757e-01 0.0000e+00
448 0.0000e+00 0.0000e+00 1.7588e-04 1.6699e-04 1.7588e-04 1.5757e-01 0.0000e+00
449 0.0000e+00 0.0000e+00 1.7583e-04 1.4577e-04 1.7583e-04 1.5760e-01 0.0000e+00
450 0.0000e+00 0.0000e+00 1.7567e-04 1.2750e-04 1.7567e-04 1.5765e-01 0.0000e+00
451 0.0000e+00 0.0000e+00 1.7540e-04 1.1171e-04 1.7540e-04 1.5772e-01 0.0000e+00
452 5.0000e-04 0.0000e+00 1.8616e-04 1.7423e-04 1.7505e-04 1.5772e-01 1.1102e-05
453 0.0000e+00 2.2400e-05 1.7505e-04 1.4316e-04 1.7505e-04 1.5775e-01 0.0000e+00
454 0.0000e+00 4.3300e-05 1.7487e-04 1.2268e-04 1.7487e-04 1.5780e-01 0.0000e+00
455 0.0000e+00 6.1200e-05 1.7459e-04 1.0604e-04 1.7459e-04 1.5787e-01 0.0000e+00
456 0.0000e+00 7.5000e-05 1.7422e-04 9.2124e-05 1.7422e-04 1.5795e-01 0.0000e+00
457 0.0000e+00 8.3000e-05 1.7377e-04 8.0317e-05 1.7377e-04 1.5805e-01 0.0000e+00
458 0.0000e+00 8.6600e-05 1.7326e-04 7.0220e-05 1.7326e-04 1.5815e-01 0.0000e+00
459 0.0000e+00 8.3000e-05 1.7271e-04 6.1537e-05 1.7271e-04 1.5826e-01 0.0000e+00
460 0.0000e+00 7.5000e-05 1.7211e-04 5.4038e-05 1.7211e-04 1.5838e-01 0.0000e+00
461 0.0000e+00 6.1200e-05 1.7147e-04 4.7538e-05 1.7147e-04 1.5850e-01 0.0000e+00
462 0.0000e+00 4.3300e-05 1.7081e-04 4.1887e-05 1.7081e-04 1.5863e-01 0.0000e+00
463 0.0000e+00 2.1000e-05 1.7012e-04 3.6963e-05 1.7012e-04 1.5876e-01 0.0000e+00
464 0.0000e+00 0.0000e+00 1.6942e-04 3.2662e-05 1.6942e-04 1.5890e-01 0.0000e+00
465 1.0000e-03 0.0000e+00 1.7644e-04 8.1428e-05 1.6869e-04 1.5899e-01 7.7458e-06
466 5.0000e-04 0.0000e+00 1.7934e-04 1.4032e-04 1.6824e-04 1.5902e-01 1.1102e-05
467 0.0000e+00 0.0000e+00 1.6809e-04 1.1184e-04 1.6809e-04 1.5907e-01 0.0000e+00
468 0.0000e+00 0.0000e+00 1.6779e-04 9.4019e-05 1.6779e-04 1.5915e-01 0.0000e+00
469 5.0000e-04 0.0000e+00 1.7851e-04 1.5515e-04 1.6741e-04 1.5916e-01 1.1102e-05
470 0.0000e+00 0.0000e+00 1.6734e-04 1.2526e-04 1.6734e-04 1.5920e-01 0.0000e+00
471 0.0000e+00 0.0000e+00 1.6712e-04 1.0584e-04 1.6712e-04 1.5926e-01 0.0000e+00
472 5.0000e-04 0.0000e+00 1.7791e-04 1.6539e-04 1.6680e-04 1.5926e-01 1.1102e-05
473 5.0000e-04 0.0000e+00 1.7790e-04 2.0927e-04 1.6680e-04 1.5922e-01 1.1102e-05
474 0.0000e+00 0.0000e+00 1.6702e-04 1.7030e-04 1.6702e-04 1.5922e-01 0.0000e+00
475 0.0000e+00 0.0000e+00 1.6703e-04 1.4387e-04 1.6703e-04 1.5924e-01 0.0000e+00
476 0.0000e+00 0.0000e+00 1.6691e-04 1.2275e-04 1.6691e-04 1.5928e-01 0.0000e+00
477 0.0000e+00 9.2000e-06 1.6668e-04 1.0538e-04 1.6668e-04 1.5935e-01 0.0000e+00
478 0.0000e+00 1.7800e-05 1.6636e-04 9.0894e-05 1.6636e-04 1.5942e-01 0.0000e+00
479 0.0000e+00 2.5200e-05 1.6597e-04 7.8682e-05 1.6597e-04 1.5951e-01 0.0000e+00
480 0.0000e+00 3.0900e-05 1.6552e-04 6.8320e-05 1.6552e-04 1.5961e-01 0.0000e+00
481 0.0000e+00 3.4200e-05 1.6502e-04 5.9481e-05 1.6502e-04 1.5971e-01 0.0000e+00
482 5.0000e-04 3.5700e-05 1.7298e-04 1.0910e-04 1.6448e-04 1.5977e-01 8.5002e-06
483 2.5000e-03 3.4200e-05 2.1891e-04 4.5658e-04 1.6419e-04 1.5947e-01 5.4720e-05
484 1.0000e-03 3.0900e-05 1.8714e-04 4.9895e-04 1.6570e-04 1.5914e-01 2.1446e-05
485 0.0000e+00 2.5200e-05 1.6743e-04 4.0480e-04 1.6743e-04 1.5890e-01 0.0000e+00
486 1.0000e-03 1.7800e-05 1.8964e-04 4.8203e-04 1.6868e-04 1.5859e-01 2.0960e-05
487 0.0000e+00 8.6000e-06 1.7034e-04 3.9594e-04 1.7034e-04 1.5836e-01 0.0000e+00
488 0.0000e+00 0.0000e+00 1.7154e-04 3.3513e-04 1.7154e-04 1.5820e-01 0.0000e+00
489 0.0000e+00 0.0000e+00 1.7242e-04 2.8596e-04 1.7242e-04 1.5809e-01 0.0000e+00
490 0.0000e+00 0.0000e+00 1.7304e-04 2.4532e-04 1.7304e-04 1.5802e-01 0.0000e+00
491 0.0000e+00 0.0000e+00 1.7343e-04 2.1131e-04 1.7343e-04 1.5798e-01 0.0000e+00
492 0.0000e+00 0.0000e+00 1.7363e-04 1.8262e-04 1.7363e-04 1.5797e-01 0.0000e+00
493 0.0000e+00 0.0000e+00 1.7368e-04 1.5827e-04 1.7368e-04 1.5798e-01 0.0000e+00
494 0.0000e+00 0.0000e+00 1.7360e-04 1.3751e-04 1.7360e-04 1.5802e-01 0.0000e+00
495 0.0000e+00 0.0000e+00 1.7340e-04 1.1974e-04 1.7340e-04 1.5807e-01 0.0000e+00
496 0.0000e+00 0.0000e+00 1.7311e-04 1.0447e-04 1.7311e-04 1.5814e-01 0.0000e+00
497 0.0000e+00 0.0000e+00 1.7274e-04 9.1323e-05 1.7274e-04 1.5822e-01 0.0000e+00
498 0.0000e+00 0.0000e+00 1.7230e-04 7.9964e-05 1.7230e-04 1.5832e-01 0.0000e+00
499 0.0000e+00 0.0000e+00 1.7181e-04 7.0129e-05 1.7181e-04 1.5842e-01 0.0000e+00
500 0.0000e+00 0.0000e+00 1.7126e-04 6.1594e-05 1.7126e-04 1.5853e-01 0.0000e+00
501 0.0000e+00 6.3800e-05 1.7067e-04 5.4174e-05 1.7067e-04 1.5864e-01 0.0000e+00
502 0.0000e+00 1.2310e-04 1.7005e-04 4.7709e-05 1.7005e-04 1.5877e-01 0.0000e+00
503 0.0000e+00 1.7420e-04 1.6941e-04 4.2069e-05 1.6941e-04 1.5889e-01 0.0000e+00
504 0.0000e+00 2.1330e-04 1.6873e-04 3.7140e-05 1.6873e-04 1.5902e-01 0.0000e+00
505 0.0000e+00 2.3600e-04 1.6804e-04 3.2825e-05 1.6804e-04 1.5916e-01 0.0000e+00
506 0.0000e+00 2.4640e-04 1.6733e-04 2.9043e-05 1.6733e-04 1.5930e-01 0.0000e+00
507 0.0000e+00 2.3600e-04 1.6661e-04 2.5723e-05 1.6661e-04 1.5944e-01 0.0000e+00
508 0.0000e+00 2.1330e-04 1.6588e-04 2.2805e-05 1.6588e-04 1.5958e-01 0.0000e+00
509 0.0000e+00 1.7420e-04 1.6514e-04 2.0237e-05 1.6514e-04 1.5973e-01 0.0000e+00
510 0.0000e+00 1.2310e-04 1.6439e-04 1.7975e-05 1.6439e-04 1.5987e-01 0.0000e+00
511 0.0000e+00 5.9600e-05 1.6364e-04 1.5979e-05 1.6364e-04 1.6002e-01 0.0000e+00
512 0.0000e+00 0.0000e+00 1.6289e-04 1.4217e-05 1.6289e-04 1.6017e-01 0.0000e+00
513 0.0000e+00 0.0000e+00 1.6213e-04 1.2660e-05 1.6213e-04 1.6032e-01 0.0000e+00
514 0.0000e+00 0.0000e+00 1.6138e-04 1.1282e-05 1.6138e-04 1.6047e-01 0.0000e+00
515 0.0000e+00 0.0000e+00 1.6062e-04 1.0062e-05 1.6062e-04 1.6062e-01 0.0000e+00
516 0.0000e+00 0.0000e+00 1.5987e-04 8.9802e-06 1.5987e-04 1.6077e-01 0.0000e+00
517 0.0000e+00 0.0000e+00 1.5912e-04 8.0206e-06 1.5912e-04 1.6092e-01 0.0000e+00
518 0.0000e+00 0.0000e+00 1.5837e-04 7.1685e-06 1.5837e-04 1.6107e-01 0.0000e+00
519 0.0000e+00 0.0000e+00 1.5762e-04 6.4112e-06 1.5762e-04 1.6122e-01 0.0000e+00
520 0.0000e+00 0.0000e+00 1.5688e-04 5.7376e-06 1.5688e-04 1.6138e-01 0.0000e+00
521 0.0000e+00 0.0000e+00 1.5614e-04 5.1371e-06 1.5614e-04 1.6153e-01 0.0000e+00
522 0.0000e+00 0.0000e+00 1.5540e-04 4.6032e-06 1.5540e-04 1.6168e-01 0.0000e+00
523 0.0000e+00 0.0000e+00 1.5467e-04 4.1273e-06 1.5467e-04 1.6183e-01 0.0000e+00
524 0.0000e+00 0.0000e+00 1.5395e-04 3.7027e-06 1.5395e-04 1.6198e-01 0.0000e+00
525 0.0000e+00 4.1700e-05 1.5323e-04 3.3237e-06 1.5323e-04 1.6213e-01 0.0000e+00
526 0.0000e+00 8.0400e-05 1.5251e-04 2.9850e-06 1.5251e-04 1.6228e-01 0.0000e+00
527 0.0000e+00 1.1380e-04 1.5180e-04 2.6824e-06 1.5180e-04 1.6243e-01 0.0000e+00
528 0.0000e+00 1.3930e-04 1.5109e-04 2.4116e-06 1.5109e-04 1.6258e-01 0.0000e+00
529 0.0000e+00 1.5420e-04 1.5039e-04 2.1693e-06 1.5039e-04 1.6272e-01 0.0000e+00
530 0.0000e+00 1.6090e-04 1.4970e-04 1.9523e-06 1.4970e-04 1.6287e-01 0.0000e+00
531 0.0000e+00 1.5420e-04 1.4901e-04 1.7568e-06 1.4901e-04 1.6302e-01 0.0000e+00
532 0.0000e+00 1.3930e-04 1.4832e-04 1.5827e-06 1.4832e-04 1.6317e-01 0.0000e+00
533 0.0000e+00 1.1380e-04 1.4764e-04 1.4264e-06 1.4764e-04 1.6331e-01 0.0000e+00
534 0.0000e+00 8.0400e-05 1.4697e-04 1.2862e-06 1.4697e-04 1.6346e-01 0.0000e+00
535 0.0000e+00 3.8900e-05 1.4630e-04 1.1602e-06 1.4630e-04 1.6360e-01 0.0000e+00
536 0.0000e+00 0.0000e+00 1.4564e-04 1.0471e-06 1.4564e-04 1.6375e-01 0.0000e+00
537 0.0000e+00 0.0000e+00 1.4499e-04 9.4531e-07 1.4499e-04 1.6389e-01 0.0000e+00
538 0.0000e+00 0.0000e+00 1.4433e-04 8.5380e-07 1.4433e-04 1.6403e-01 0.0000e+00
539 0.0000e+00 0.0000e+00 1.4369e-04 7.7145e-07 1.4369e-04 1.6418e-01 0.0000e+00
540 0.0000e+00 0.0000e+00 1.4305e-04 6.9732e-07 1.4305e-04 1.6432e-01 0.0000e+00
541 0.0000e+00 0.0000e+00 1.4241e-04 6.2932e-07 1.4241e-04 1.6446e-01 0.0000e+00
542 0.0000e+00 0.0000e+00 1.4178e-04 5.6937e-07 1.4178e-04 1.6460e-01 0.0000e+00
543 0.0000e+00 0.0000e+00 1.4116e-04 5.1530e-07 1.4116e-04 1.6474e-01 0.0000e+00
544 0.0000e+00 0.0000e+00 1.4054e-04 4.6653e-07 1.4054e-04 1.6488e-01 0.0000e+00
545 0.0000e+00 0.0000e+00 1.3993e-04 4.2252e-07 1.3993e-04 1.6502e-01 0.0000e+00
546 0.0000e+00 0.0000e+00 1.3932e-04 3.8279e-07 1.3932e-04 1.6516e-01 0.0000e+00
547 0.0000e+00 0.0000e+00 1.3871e-04 3.4691e-07 1.3871e-04 1.6530e-01 0.0000e+00
548 0.0000e+00 0.0000e+00 1.3812e-04 3.1450e-07 1.3812e-04 1.6544e-01 0.0000e+00
549 0.0000e+00 2.0700e-05 1.3752e-04 2.8520e-07 1.3752e-04 1.6558e-01 0.0000e+00
550 0.0000e+00 4.0000e-05 1.3693e-04 2.5871e-07 1.3693e-04 1.6571e-01 0.0000e+00
551 0.0000e+00 5.6600e-05 1.3635e-04 2.3332e-07 1.3635e-04 1.6585e-01 0.0000e+00
552 1.0000e-03 6.9300e-05 1.3577e-04 2.1185e-07 1.3577e-04 1.6598e-01 0.0000e+00
553 1.0000e-03 7.6600e-05 1.3520e-04 1.9242e-07 1.3520e-04 1.6612e-01 0.0000e+00
554 2.0000e-03 8.0000e-05 1.5088e-04 1.0340e-04 1.3463e-04 1.6615e-01 1.6256e-05
555 1.5000e-03 7.6600e-05 1.6603e-04 2.8022e-04 1.3450e-04 1.6600e-01 3.1531e-05
556 0.0000e+00 6.9300e-05 1.3511e-04 2.2213e-04 1.3511e-04 1.6592e-01 0.0000e+00
557 5.0000e-04 5.6600e-05 1.4334e-04 2.3638e-04 1.3548e-04 1.6582e-01 7.8651e-06
558 0.0000e+00 4.0000e-05 1.3591e-04 1.9685e-04 1.3591e-04 1.6576e-01 0.0000e+00
559 0.0000e+00 1.9400e-05 1.3617e-04 1.6750e-04 1.3617e-04 1.6572e-01 0.0000e+00
560 0.0000e+00 0.0000e+00 1.3630e-04 1.4352e-04 1.3630e-04 1.6572e-01 0.0000e+00
561 0.0000e+00 0.0000e+00 1.3633e-04 1.2360e-04 1.3633e-04 1.6573e-01 0.0000e+00
562 0.0000e+00 0.0000e+00 1.3628e-04 1.0687e-04 1.3628e-04 1.6576e-01 0.0000e+00
563 0.0000e+00 0.0000e+00 1.3615e-04 9.2716e-05 1.3615e-04 1.6580e-01 0.0000e+00
564 0.0000e+00 0.0000e+00 1.3597e-04 8.0660e-05 1.3597e-04 1.6586e-01 0.0000e+00
565 5.0000e-04 0.0000e+00 1.4426e-04 1.2462e-04 1.3573e-04 1.6587e-01 8.5285e-06
566 0.0000e+00 0.0000e+00 1.3568e-04 1.0348e-04 1.3568e-04 1.6590e-01 0.0000e+00
567 0.0000e+00 0.0000e+00 1.3555e-04 8.8916e-05 1.3555e-04 1.6595e-01 0.0000e+00
568 0.0000e+00 0.0000e+00 1.3535e-04 7.6892e-05 1.3535e-04 1.6601e-01 0.0000e+00
569 0.0000e+00 0.0000e+00 1.3510e-04 6.6798e-05 1.3510e-04 1.6607e-01 0.0000e+00
570 0.0000e+00 0.0000e+00 1.3482e-04 5.8229e-05 1.3482e-04 1.6615e-01 0.0000e+00
571 0.0000e+00 0.0000e+00 1.3449e-04 5.0901e-05 1.3449e-04 1.6623e-01 0.0000e+00
572 0.0000e+00 0.0000e+00 1.3414e-04 4.4599e-05 1.3414e-04 1.6632e-01 0.0000e+00
573 3.0000e-03 3.0500e-05 1.9975e-04 4.6201e-04 1.3377e-04 1.6600e-01 6.5986e-05
574 1.0000e-03 5.8900e-05 1.5667e-04 4.9936e-04 1.3515e-04 1.6563e-01 2.1528e-05
575 2.5000e-03 8.3300e-05 1.9090e-04 7.5700e-04 1.3669e-04 1.6501e-01 5.4205e-05
576 3.5000e-03 1.0200e-04 2.1524e-04 1.1041e-03 1.3937e-04 1.6405e-01 7.5868e-05
577 1.5000e-03 1.1290e-04 1.7468e-04 1.1040e-03 1.4363e-04 1.6309e-01 3.1043e-05
578 0.0000e+00 1.1780e-04 1.4801e-04 9.2205e-04 1.4801e-04 1.6231e-01 0.0000e+00
579 0.0000e+00 1.1290e-04 1.5163e-04 7.8467e-04 1.5163e-04 1.6168e-01 0.0000e+00
580 0.0000e+00 1.0200e-04 1.5466e-04 6.7188e-04 1.5466e-04 1.6116e-01 0.0000e+00
581 0.0000e+00 8.3300e-05 1.5718e-04 5.7785e-04 1.5718e-04 1.6074e-01 0.0000e+00
582 0.0000e+00 5.8900e-05 1.5926e-04 4.9868e-04 1.5926e-04 1.6040e-01 0.0000e+00
583 0.0000e+00 2.8500e-05 1.6096e-04 4.3156e-04 1.6096e-04 1.6013e-01 0.0000e+00
584 0.0000e+00 0.0000e+00 1.6233e-04 3.7436e-04 1.6233e-04 1.5992e-01 0.0000e+00
585 0.0000e+00 0.0000e+00 1.6341e-04 3.2543e-04 1.6341e-04 1.5976e-01 0.0000e+00
586 0.0000e+00 0.0000e+00 1.6424e-04 2.8345e-04 1.6424e-04 1.5964e-01 0.0000e+00
587 0.0000e+00 0.0000e+00 1.6485e-04 2.4732e-04 1.6485e-04 1.5956e-01 0.0000e+00
588 0.0000e+00 0.0000e+00 1.6528e-04 2.1615e-04 1.6528e-04 1.5950e-01 0.0000e+00
589 5.0000e-04 0.0000e+00 1.6554e-04 1.8920e-04 1.6554e-04 1.5948e-01 0.0000e+00
590 0.0000e+00 0.0000e+00 1.6566e-04 1.6585e-04 1.6566e-04 1.5948e-01 0.0000e+00
591 0.0000e+00 0.0000e+00 1.6566e-04 1.4559e-04 1.6566e-04 1.5950e-01 0.0000e+00
592 5.0000e-04 0.0000e+00 1.7415e-04 1.8588e-04 1.6556e-04 1.5948e-01 8.5906e-06
593 0.0000e+00 0.0000e+00 1.6566e-04 1.5636e-04 1.6566e-04 1.5949e-01 0.0000e+00
594 1.0000e-03 0.0000e+00 1.8782e-04 2.8503e-04 1.6562e-04 1.5937e-01 2.2205e-05
595 0.0000e+00 0.0000e+00 1.6623e-04 2.3099e-04 1.6623e-04 1.5931e-01 0.0000e+00
596 0.0000e+00 0.0000e+00 1.6657e-04 1.9631e-04 1.6657e-04 1.5928e-01 0.0000e+00
597 0.0000e+00 6.2600e-05 1.6673e-04 1.6853e-04 1.6673e-04 1.5927e-01 0.0000e+00
598 0.0000e+00 1.2080e-04 1.6674e-04 1.4557e-04 1.6674e-04 1.5930e-01 0.0000e+00
599 0.0000e+00 1.7090e-04 1.6663e-04 1.2627e-04 1.6663e-04 1.5934e-01 0.0000e+00
600 0.0000e+00 2.0930e-04 1.6642e-04 1.0990e-04 1.6642e-04 1.5939e-01 0.0000e+00
601 0.0000e+00 2.3150e-04 1.6612e-04 9.5914e-05 1.6612e-04 1.5946e-01 0.0000e+00
602 0.0000e+00 2.4180e-04 1.6576e-04 8.3907e-05 1.6576e-04 1.5954e-01 0.0000e+00
603 0.0000e+00 2.3150e-04 1.6533e-04 7.3556e-05 1.6533e-04 1.5964e-01 0.0000e+00
604 0.0000e+00 2.0930e-04 1.6486e-04 6.4602e-05 1.6486e-04 1.5974e-01 0.0000e+00
605 0.0000e+00 1.7090e-04 1.6435e-04 5.6833e-05 1.6435e-04 1.5984e-01 0.0000e+00
606 0.0000e+00 1.2080e-04 1.6379e-04 5.0075e-05 1.6379e-04 1.5996e-01 0.0000e+00
607 0.0000e+00 5.8500e-05 1.6321e-04 4.4184e-05 1.6321e-04 1.6008e-01 0.0000e+00
608 0.0000e+00 0.0000e+00 1.6261e-04 3.9037e-05 1.6261e-04 1.6020e-01 0.0000e+00
609 0.0000e+00 0.0000e+00 1.6198e-04 3.4532e-05 1.6198e-04 1.6033e-01 0.0000e+00
610 0.0000e+00 0.0000e+00 1.6134e-04 3.0582e-05 1.6134e-04 1.6046e-01 0.0000e+00
611 0.0000e+00 0.0000e+00 1.6068e-04 2.7115e-05 1.6068e-04 1.6059e-01 0.0000e+00
612 0.0000e+00 0.0000e+00 1.6001e-04 2.4065e-05 1.6001e-04 1.6073e-01 0.0000e+00
613 0.0000e+00 0.0000e+00 1.5933e-04 2.1380e-05 1.5933e-04 1.6087e-01 0.0000e+00
614 0.0000e+00 0.0000e+00 1.5865e-04 1.9012e-05 1.5865e-04 1.6101e-01 0.0000e+00
615 0.0000e+00 0.0000e+00 1.5795e-04 1.6922e-05 1.5795e-04 1.6115e-01 0.0000e+00
616 0.0000e+00 0.0000e+00 1.5726e-04 1.5074e-05 1.5726e-04 1.6129e-01 0.0000e+00
617 0.0000e+00 0.0000e+00 1.5656e-04 1.3440e-05 1.5656e-04 1.6143e-01 0.0000e+00
618 0.0000e+00 0.0000e+00 1.5586e-04 1.1992e-05 1.5586e-04 1.6158e-01 0.0000e+00
619 0.0000e+00 0.0000e+00 1.5517e-04 1.0708e-05 1.5517e-04 1.6172e-01 0.0000e+00
620 0.0000e+00 0.0000e+00 1.5447e-04 9.5685e-06 1.5447e-04 1.6186e-01 0.0000e+00
621 0.0000e+00 1.4200e-05 1.5377e-04 8.5568e-06 1.5377e-04 1.6201e-01 0.0000e+00
622 0.0000e+00 2.7500e-05 1.5307e-04 7.6572e-06 1.5307e-04 1.6216e-01 0.0000e+00
623 0.0000e+00 3.8900e-05 1.5238e-04 6.8568e-06 1.5238e-04 1.6230e-01 0.0000e+00
624 1.0000e-03 4.7600e-05 1.5169e-04 6.1440e-06 1.5169e-04 1.6245e-01 0.0000e+00
625 1.0000e-03 5.2700e-05 1.5272e-04 1.6768e-05 1.5100e-04 1.6258e-01 1.7168e-06
626 3.0000e-03 5.5000e-05 2.1581e-04 4.4224e-04 1.5037e-04 1.6229e-01 6.5445e-05
627 2.0000e-03 5.2700e-05 1.9493e-04 6.2394e-04 1.5174e-04 1.6182e-01 4.3189e-05
628 1.5000e-03 4.7600e-05 1.8614e-04 7.1298e-04 1.5400e-04 1.6126e-01 3.2137e-05
629 3.5000e-03 3.8900e-05 2.3337e-04 1.0911e-03 1.5671e-04 1.6032e-01 7.6660e-05
630 4.0000e-03 2.7500e-05 2.4931e-04 1.4711e-03 1.6136e-04 1.5901e-01 8.7956e-05
631 5.0000e-03 1.3300e-05 2.7851e-04 1.9454e-03 1.6810e-04 1.5724e-01 1.1041e-04
632 0.0000e+00 0.0000e+00 1.7770e-04 1.5874e-03 1.7770e-04 1.5583e-01 0.0000e+00
633 0.0000e+00 0.0000e+00 1.8570e-04 1.3392e-03 1.8570e-04 1.5467e-01 0.0000e+00
634 1.0000e-03 0.0000e+00 2.1443e-04 1.2939e-03 1.9252e-04 1.5357e-01 2.1910e-05
635 2.5000e-03 0.0000e+00 2.5477e-04 1.4866e-03 1.9926e-04 1.5228e-01 5.5512e-05
636 3.5000e-03 0.0000e+00 2.8536e-04 1.7886e-03 2.0744e-04 1.5070e-01 7.7918e-05
637 3.0000e-03 0.0000e+00 2.9443e-04 1.9389e-03 2.1795e-04 1.4898e-01 7.6484e-05
638 0.0000e+00 0.0000e+00 2.2999e-04 1.5937e-03 2.2999e-04 1.4762e-01 0.0000e+00
639 5.0000e-04 0.0000e+00 2.5530e-04 1.4286e-03 2.4000e-04 1.4643e-01 1.5295e-05
640 0.0000e+00 0.0000e+00 2.4908e-04 1.2062e-03 2.4908e-04 1.4547e-01 0.0000e+00
641 5.0000e-04 0.0000e+00 2.7194e-04 1.1087e-03 2.5665e-04 1.4462e-01 1.5295e-05
642 0.0000e+00 0.0000e+00 2.6357e-04 9.3760e-04 2.6357e-04 1.4395e-01 0.0000e+00
643 5.0000e-04 0.0000e+00 2.8448e-04 8.8370e-04 2.6918e-04 1.4333e-01 1.5295e-05
644 0.0000e+00 0.0000e+00 2.7440e-04 7.4637e-04 2.7440e-04 1.4286e-01 0.0000e+00
645 0.0000e+00 1.6900e-05 2.7848e-04 6.3758e-04 2.7848e-04 1.4250e-01 0.0000e+00
646 0.0000e+00 3.2600e-05 2.8162e-04 5.4665e-04 2.8162e-04 1.4224e-01 0.0000e+00
647 0.0000e+00 4.6100e-05 2.8396e-04 4.6998e-04 2.8396e-04 1.4205e-01 0.0000e+00
648 0.0000e+00 5.6400e-05 2.8562e-04 4.0501e-04 2.8562e-04 1.4193e-01 0.0000e+00
649 0.0000e+00 6.2400e-05 2.8669e-04 3.4974e-04 2.8669e-04 1.4187e-01 0.0000e+00
650 0.0000e+00 6.5200e-05 2.8725e-04 3.0259e-04 2.8725e-04 1.4185e-01 0.0000e+00
651 0.0000e+00 6.2400e-05 2.8739e-04 2.6226e-04 2.8739e-04 1.4188e-01 0.0000e+00
652 0.0000e+00 5.6400e-05 2.8717e-04 2.2769e-04 2.8717e-04 1.4194e-01 0.0000e+00
653 0.0000e+00 4.6100e-05 2.8663e-04 1.9800e-04 2.8663e-04 1.4203e-01 0.0000e+00
654 0.0000e+00 3.2600e-05 2.8584e-04 1.7245e-04 2.8584e-04 1.4214e-01 0.0000e+00
655 0.0000e+00 1.5800e-05 2.8483e-04 1.5042e-04 2.8483e-04 1.4227e-01 0.0000e+00
656 0.0000e+00 0.0000e+00 2.8363e-04 1.3139e-04 2.8363e-04 1.4243e-01 0.0000e+00
657 0.0000e+00 0.0000e+00 2.8229e-04 1.1492e-04 2.8229e-04 1.4259e-01 0.0000e+00
658 0.0000e+00 0.0000e+00 2.8082e-04 1.0065e-04 2.8082e-04 1.4277e-01 0.0000e+00
659 0.0000e+00 0.0000e+00 2.7924e-04 8.8268e-05 2.7924e-04 1.4296e-01 0.0000e+00
660 0.0000e+00 0.0000e+00 2.7758e-04 7.7502e-05 2.7758e-04 1.4316e-01 0.0000e+00
661 0.0000e+00 0.0000e+00 2.7585e-04 6.8130e-05 2.7585e-04 1.4337e-01 0.0000e+00
662 0.0000e+00 0.0000e+00 2.7406e-04 5.9959e-05 2.7406e-04 1.4359e-01 0.0000e+00
663 0.0000e+00 0.0000e+00 2.7224e-04 5.2826e-05 2.7224e-04 1.4381e-01 0.0000e+00
664 0.0000e+00 0.0000e+00 2.7037e-04 4.6592e-05 2.7037e-04 1.4403e-01 0.0000e+00
665 0.0000e+00 0.0000e+00 2.6849e-04 4.1135e-05 2.6849e-04 1.4426e-01 0.0000e+00
666 5.0000e-04 0.0000e+00 2.6687e-04 3.7898e-05 2.6659e-04 1.4449e-01 2.8360e-07
667 0.0000e+00 0.0000e+00 2.6469e-04 3.3278e-05 2.6469e-04 1.4472e-01 0.0000e+00
668 5.0000e-04 0.0000e+00 2.7808e-04 1.1228e-04 2.6278e-04 1.4487e-01 1.5295e-05
669 5.0000e-04 1.5300e-05 2.7685e-04 1.6900e-04 2.6155e-04 1.4496e-01 1.5295e-05
670 0.0000e+00 2.9500e-05 2.6080e-04 1.3174e-04 2.6080e-04 1.4509e-01 0.0000e+00
671 1.0000e-03 4.1700e-05 2.8897e-04 2.6650e-04 2.5975e-04 1.4508e-01 2.9221e-05
672 0.0000e+00 5.1100e-05 2.5980e-04 2.0624e-04 2.5980e-04 1.4514e-01 0.0000e+00
673 0.0000e+00 5.6500e-05 2.5937e-04 1.6986e-04 2.5937e-04 1.4523e-01 0.0000e+00
674 0.0000e+00 5.9000e-05 2.5864e-04 1.4192e-04 2.5864e-04 1.4534e-01 0.0000e+00
675 5.0000e-04 5.6500e-05 2.6663e-04 1.6780e-04 2.5770e-04 1.4543e-01 8.9333e-06
676 5.0000e-04 5.1100e-05 2.7054e-04 2.0975e-04 2.5698e-04 1.4548e-01 1.3567e-05
677 0.0000e+00 4.1700e-05 2.5660e-04 1.6841e-04 2.5660e-04 1.4557e-01 0.0000e+00
678 0.0000e+00 2.9500e-05 2.5589e-04 1.4068e-04 2.5589e-04 1.4568e-01 0.0000e+00
679 1.0000e-03 1.4300e-05 2.8183e-04 2.6285e-04 2.5497e-04 1.4567e-01 2.6853e-05
680 1.0000e-03 0.0000e+00 2.8519e-04 3.6827e-04 2.5504e-04 1.4556e-01 3.0153e-05
681 0.0000e+00 0.0000e+00 2.5594e-04 2.9013e-04 2.5594e-04 1.4553e-01 0.0000e+00
682 0.0000e+00 0.0000e+00 2.5621e-04 2.4000e-04 2.5621e-04 1.4554e-01 0.0000e+00
683 0.0000e+00 0.0000e+00 2.5608e-04 2.0106e-04 2.5608e-04 1.4560e-01 0.0000e+00
684 0.0000e+00 0.0000e+00 2.5564e-04 1.6985e-04 2.5564e-04 1.4568e-01 0.0000e+00
685 0.0000e+00 0.0000e+00 2.5496e-04 1.4435e-04 2.5496e-04 1.4579e-01 0.0000e+00
686 0.0000e+00 0.0000e+00 2.5408e-04 1.2327e-04 2.5408e-04 1.4593e-01 0.0000e+00
687 0.0000e+00 0.0000e+00 2.5304e-04 1.0568e-04 2.5304e-04 1.4607e-01 0.0000e+00
688 0.0000e+00 0.0000e+00 2.5188e-04 9.0908e-05 2.5188e-04 1.4623e-01 0.0000e+00
689 0.0000e+00 0.0000e+00 2.5062e-04 7.8427e-05 2.5062e-04 1.4641e-01 0.0000e+00
690 0.0000e+00 0.0000e+00 2.4927e-04 6.7837e-05 2.4927e-04 1.4659e-01 0.0000e+00
691 0.0000e+00 0.0000e+00 2.4786e-04 5.8816e-05 2.4786e-04 1.4678e-01 0.0000e+00
692 0.0000e+00 0.0000e+00 2.4640e-04 5.1106e-05 2.4640e-04 1.4697e-01 0.0000e+00
693 0.0000e+00 5.6100e-05 2.4490e-04 4.4494e-05 2.4490e-04 1.4717e-01 0.0000e+00
694 0.0000e+00 1.0830e-04 2.4337e-04 3.8810e-05 2.4337e-04 1.4738e-01 0.0000e+00
695 0.0000e+00 1.5320e-04 2.4182e-04 3.3910e-05 2.4182e-04 1.4758e-01 0.0000e+00
696 0.0000e+00 1.8770e-04 2.4026e-04 2.9676e-05 2.4026e-04 1.4780e-01 0.0000e+00
697 0.0000e+00 2.0760e-04 2.3868e-04 2.6011e-05 2.3868e-04 1.4801e-01 0.0000e+00
698 0.0000e+00 2.1680e-04 2.3710e-04 2.2831e-05 2.3710e-04 1.4822e-01 0.0000e+00
699 0.0000e+00 2.0760e-04 2.3552e-04 2.0066e-05 2.3552e-04 1.4844e-01 0.0000e+00
700 5.0000e-04 1.8770e-04 2.3394e-04 1.7660e-05 2.3394e-04 1.4865e-01 0.0000e+00
701 0.0000e+00 1.5320e-04 2.3236e-04 1.5561e-05 2.3236e-04 1.4887e-01 0.0000e+00
702 0.0000e+00 1.0830e-04 2.3079e-04 1.3728e-05 2.3079e-04 1.4909e-01 0.0000e+00
703 0.0000e+00 5.2400e-05 2.2923e-04 1.2125e-05 2.2923e-04 1.4930e-01 0.0000e+00
704 0.0000e+00 0.0000e+00 2.2768e-04 1.0720e-05 2.2768e-04 1.4952e-01 0.0000e+00
705 0.0000e+00 0.0000e+00 2.2614e-04 9.4874e-06 2.2614e-04 1.4974e-01 0.0000e+00
706 0.0000e+00 0.0000e+00 2.2462e-04 8.4050e-06 2.2462e-04 1.4995e-01 0.0000e+00
707 0.0000e+00 0.0000e+00 2.2311e-04 7.4532e-06 2.2311e-04 1.5017e-01 0.0000e+00
708 0.0000e+00 0.0000e+00 2.2161e-04 6.6142e-06 2.2161e-04 1.5039e-01 0.0000e+00
709 0.0000e+00 0.0000e+00 2.2012e-04 5.8759e-06 2.2012e-04 1.5060e-01 0.0000e+00
710 0.0000e+00 0.0000e+00 2.1865e-04 5.2244e-06 2.1865e-04 1.5081e-01 0.0000e+00
711 0.0000e+00 0.0000e+00 2.1720e-04 4.6490e-06 2.1720e-04 1.5103e-01 0.0000e+00
712 0.0000e+00 0.0000e+00 2.1576e-04 4.1402e-06 2.1576e-04 1.5124e-01 0.0000e+00
713 0.0000e+00 0.0000e+00 2.1434e-04 3.6898e-06 2.1434e-04 1.5145e-01 0.0000e+00
714 0.0000e+00 0.0000e+00 2.1293e-04 3.2909e-06 2.1293e-04 1.5166e-01 0.0000e+00
715 0.0000e+00 0.0000e+00 2.1154e-04 2.9372e-06 2.1154e-04 1.5187e-01 0.0000e+00
716 0.0000e+00 0.0000e+00 2.1017e-04 2.6234e-06 2.1017e-04 1.5207e-01 0.0000e+00
717 0.0000e+00 8.5600e-05 2.0881e-04 2.3446e-06 2.0881e-04 1.5228e-01 0.0000e+00
718 0.0000e+00 1.6520e-04 2.0747e-04 2.0959e-06 2.0747e-04 1.5249e-01 0.0000e+00
719 0.0000e+00 2.3380e-04 2.0614e-04 1.8758e-06 2.0614e-04 1.5269e-01 0.0000e+00
720 0.0000e+00 2.8620e-04 2.0483e-04 1.6797e-06 2.0483e-04 1.5289e-01 0.0000e+00
721 0.0000e+00 3.1670e-04 2.0353e-04 1.5051e-06 2.0353e-04 1.5309e-01 0.0000e+00
722 0.0000e+00 3.3060e-04 2.0225e-04 1.3494e-06 2.0225e-04 1.5330e-01 0.0000e+00
723 0.0000e+00 3.1670e-04 2.0099e-04 1.2104e-06 2.0099e-04 1.5350e-01 0.0000e+00
724 0.0000e+00 2.8620e-04 1.9973e-04 1.0864e-06 1.9973e-04 1.5369e-01 0.0000e+00
725 0.0000e+00 2.3380e-04 1.9850e-04 9.7560e-07 1.9850e-04 1.5389e-01 0.0000e+00
726 0.0000e+00 1.6520e-04 1.9728e-04 8.7655e-07 1.9728e-04 1.5409e-01 0.0000e+00
727 0.0000e+00 8.0000e-05 1.9607e-04 7.8658e-07 1.9607e-04 1.5428e-01 0.0000e+00
728 0.0000e+00 0.0000e+00 1.9488e-04 7.0754e-07 1.9488e-04 1.5448e-01 0.0000e+00
729 0.0000e+00 0.0000e+00 1.9370e-04 6.3674e-07 1.9370e-04 1.5467e-01 0.0000e+00
730 0.0000e+00 0.0000e+00 1.9253e-04 5.7329e-07 1.9253e-04 1.5486e-01 0.0000e+00
731 0.0000e+00 0.0000e+00 1.9138e-04 5.1639e-07 1.9138e-04 1.5505e-01 0.0000e+00
732 0.0000e+00 0.0000e+00 1.9024e-04 4.6534e-07 1.9024e-04 1.5524e-01 0.0000e+00
733 0.0000e+00 0.0000e+00 1.8912e-04 4.1952e-07 1.8912e-04 1.5543e-01 0.0000e+00
734 0.0000e+00 0.0000e+00 1.8801e-04 3.7837e-07 1.8801e-04 1.5562e-01 0.0000e+00
735 0.0000e+00 0.0000e+00 1.8691e-04 3.4139e-07 1.8691e-04 1.5581e-01 0.0000e+00
736 0.0000e+00 0.0000e+00 1.8582e-04 3.0815e-07 1.8582e-04 1.5599e-01 0.0000e+00
737 0.0000e+00 0.0000e+00 1.8475e-04 2.7673e-07 1.8475e-04 1.5618e-01 0.0000e+00
738 0.0000e+00 0.0000e+00 1.8369e-04 2.5008e-07 1.8369e-04 1.5636e-01 0.0000e+00
739 0.0000e+00 0.0000e+00 1.8264e-04 2.2607e-07 1.8264e-04 1.5654e-01 0.0000e+00
740 0.0000e+00 0.0000e+00 1.8160e-04 2.0443e-07 1.8160e-04 1.5672e-01 0.0000e+00
741 0.0000e+00 7.4700e-05 1.8057e-04 1.8493e-07 1.8057e-04 1.5690e-01 0.0000e+00
742 0.0000e+00 1.4410e-04 1.7956e-04 1.6735e-07 1.7956e-04 1.5708e-01 0.0000e+00
743 0.0000e+00 2.0380e-04 1.7855e-04 1.5149e-07 1.7855e-04 1.5726e-01 0.0000e+00
744 0.0000e+00 2.4960e-04 1.7756e-04 1.3717e-07 1.7756e-04 1.5744e-01 0.0000e+00
745 0.0000e+00 2.7610e-04 1.7658e-04 1.2425e-07 1.7658e-04 1.5762e-01 0.0000e+00
746 0.0000e+00 2.8830e-04 1.7561e-04 1.1085e-07 1.7561e-04 1.5779e-01 0.0000e+00
747 0.0000e+00 2.7610e-04 1.7465e-04 1.0055e-07 1.7465e-04 1.5797e-01 0.0000e+00
748 0.0000e+00 2.4960e-04 1.7370e-04 9.1223e-08 1.7370e-04 1.5814e-01 0.0000e+00
749 0.0000e+00 2.0380e-04 1.7276e-04 8.2787e-08 1.7276e-04 1.5831e-01 0.0000e+00
750 0.0000e+00 1.4410e-04 1.7183e-04 7.5151e-08 1.7183e-04 1.5848e-01 0.0000e+00
751 0.0000e+00 6.9800e-05 1.7091e-04 6.8236e-08 1.7091e-04 1.5865e-01 0.0000e+00
752 0.0000e+00 0.0000e+00 1.7000e-04 6.1974e-08 1.7000e-04 1.5882e-01 0.0000e+00
753 0.0000e+00 0.0000e+00 1.6910e-04 5.6301e-08 1.6910e-04 1.5899e-01 0.0000e+00
754 0.0000e+00 0.0000e+00 1.6821e-04 5.1159e-08 1.6821e-04 1.5916e-01 0.0000e+00
755 0.0000e+00 0.0000e+00 1.6732e-04 4.6499e-08 1.6732e-04 1.5933e-01 0.0000e+00
756 0.0000e+00 0.0000e+00 1.6645e-04 4.0797e-08 1.6645e-04 1.5950e-01 0.0000e+00
757 0.0000e+00 0.0000e+00 1.6559e-04 3.7144e-08 1.6559e-04 1.5966e-01 0.0000e+00
758 0.0000e+00 0.0000e+00 1.6473e-04 3.3825e-08 1.6473e-04 1.5983e-01 0.0000e+00
759 0.0000e+00 0.0000e+00 1.6389e-04 3.0808e-08 1.6389e-04 1.5999e-01 0.0000e+00
760 0.0000e+00 0.0000e+00 1.6305e-04 2.8066e-08 1.6305e-04 1.6015e-01 0.0000e+00
761 0.0000e+00 0.0000e+00 1.6222e-04 2.5573e-08 1.6222e-04 1.6031e-01 0.0000e+00
762 0.0000e+00 0.0000e+00 1.6140e-04 2.3306e-08 1.6140e-04 1.6048e-01 0.0000e+00
763 0.0000e+00 0.0000e+00 1.6059e-04 2.1243e-08 1.6059e-04 1.6064e-01 0.0000e+00
764 0.0000e+00 0.0000e+00 1.5979e-04 1.9367e-08 1.5979e-04 1.6080e-01 0.0000e+00
765 0.0000e+00 9.6700e-05 1.5899e-04 1.7660e-08 1.5899e-04 1.6096e-01 0.0000e+00
766 0.0000e+00 1.8660e-04 1.5820e-04 1.5050e-08 1.5820e-04 1.6111e-01 0.0000e+00
767 0.0000e+00 2.6400e-04 1.5742e-04 1.3751e-08 1.5742e-04 1.6127e-01 0.0000e+00
768 0.0000e+00 3.2330e-04 1.5665e-04 1.2566e-08 1.5665e-04 1.6143e-01 0.0000e+00
769 0.0000e+00 3.5770e-04 1.5589e-04 1.1485e-08 1.5589e-04 1.6158e-01 0.0000e+00
770 0.0000e+00 3.7350e-04 1.5513e-04 1.0498e-08 1.5513e-04 1.6174e-01 0.0000e+00
771 0.0000e+00 3.5770e-04 1.5438e-04 9.5972e-09 1.5438e-04 1.6189e-01 0.0000e+00
772 0.0000e+00 3.2330e-04 1.5363e-04 8.7750e-09 1.5363e-04 1.6205e-01 0.0000e+00
773 0.0000e+00 2.6400e-04 1.5290e-04 8.0244e-09 1.5290e-04 1.6220e-01 0.0000e+00
774 0.0000e+00 1.8660e-04 1.5217e-04 7.3390e-09 1.5217e-04 1.6235e-01 0.0000e+00
775 0.0000e+00 9.0400e-05 1.5145e-04 5.8957e-09 1.5145e-04 1.6250e-01 0.0000e+00
776 0.0000e+00 0.0000e+00 1.5073e-04 5.4051e-09 1.5073e-04 1.6265e-01 0.0000e+00
777 0.0000e+00 0.0000e+00 1.5003e-04 4.9557e-09 1.5003e-04 1.6280e-01 0.0000e+00
778 0.0000e+00 0.0000e+00 1.4932e-04 4.5443e-09 1.4932e-04 1.6295e-01 0.0000e+00
779 0.0000e+00 0.0000e+00 1.4863e-04 4.1674e-09 1.4863e-04 1.6310e-01 0.0000e+00
780 0.0000e+00 0.0000e+00 1.4794e-04 3.8222e-09 1.4794e-04 1.6325e-01 0.0000e+00
781 0.0000e+00 0.0000e+00 1.4726e-04 3.5059e-09 1.4726e-04 1.6340e-01 0.0000e+00
782 0.0000e+00 0.0000e+00 1.4658e-04 3.2162e-09 1.4658e-04 1.6354e-01 0.0000e+00
783 0.0000e+00 0.0000e+00 1.4591e-04 2.9507e-09 1.4591e-04 1.6369e-01 0.0000e+00
784 0.0000e+00 0.0000e+00 1.4525e-04 2.7074e-09 1.4525e-04 1.6383e-01 0.0000e+00
785 0.0000e+00 0.0000e+00 1.4459e-04 1.9015e-09 1.4459e-04 1.6398e-01 0.0000e+00
786 0.0000e+00 0.0000e+00 1.4394e-04 1.7500e-09 1.4394e-04 1.6412e-01 0.0000e+00
787 0.0000e+00 0.0000e+00 1.4329e-04 1.6107e-09 1.4329e-04 1.6427e-01 0.0000e+00
788 0.0000e+00 0.0000e+00 1.4265e-04 1.4826e-09 1.4265e-04 1.6441e-01 0.0000e+00
789 0.0000e+00 1.2590e-04 1.4202e-04 1.3648e-09 1.4202e-04 1.6455e-01 0.0000e+00
790 0.0000e+00 2.4290e-04 1.4139e-04 1.2565e-09 1.4139e-04 1.6469e-01 0.0000e+00
791 0.0000e+00 3.4370e-04 1.4076e-04 1.1568e-09 1.4076e-04 1.6483e-01 0.0000e+00
792 0.0000e+00 4.2090e-04 1.4015e-04 1.0651e-09 1.4015e-04 1.6497e-01 0.0000e+00
793 0.0000e+00 4.6560e-04 1.3953e-04 9.8081e-10 1.3953e-04 1.6511e-01 0.0000e+00
794 0.0000e+00 4.8620e-04 1.3893e-04 9.0323e-10 1.3893e-04 1.6525e-01 0.0000e+00
795 0.0000e+00 4.6560e-04 1.3833e-04 4.8645e-10 1.3833e-04 1.6539e-01 0.0000e+00
796 0.0000e+00 4.2090e-04 1.3773e-04 4.4966e-10 1.3773e-04 1.6553e-01 0.0000e+00
797 0.0000e+00 3.4370e-04 1.3714e-04 4.1568e-10 1.3714e-04 1.6566e-01 0.0000e+00
798 0.0000e+00 2.4290e-04 1.3655e-04 3.8429e-10 1.3655e-04 1.6580e-01 0.0000e+00
799 0.0000e+00 1.1760e-04 1.3597e-04 3.5529e-10 1.3597e-04 1.6594e-01 0.0000e+00
800 0.0000e+00 0.0000e+00 1.3539e-04 3.2850e-10 1.3539e-04 1.6607e-01 0.0000e+00
801 0.0000e+00 0.0000e+00 1.3482e-04 3.0375e-10 1.3482e-04 1.6621e-01 0.0000e+00
802 0.0000e+00 0.0000e+00 1.3425e-04 2.8087e-10 1.3425e-04 1.6634e-01 0.0000e+00
803 0.0000e+00 0.0000e+00 1.3369e-04 2.5974e-10 1.3369e-04 1.6648e-01 0.0000e+00
804 0.0000e+00 0.0000e+00 1.3314e-04 2.4020e-10 1.3314e-04 1.6661e-01 0.0000e+00
805 0.0000e+00 0.0000e+00 1.3258e-04 2.2215e-10 1.3258e-04 1.6674e-01 0.0000e+00
806 0.0000e+00 0.0000e+00 1.3203e-04 8.3782e-11 1.3203e-04 1.6687e-01 0.0000e+00
807 0.0000e+00 0.0000e+00 1.3149e-04 7.7806e-11 1.3149e-04 1.6700e-01 0.0000e+00
808 0.0000e+00 0.0000e+00 1.3095e-04 7.2260e-11 1.3095e-04 1.6714e-01 0.0000e+00
809 0.0000e+00 0.0000e+00 1.3042e-04 6.7112e-11 1.3042e-04 1.6727e-01 0.0000e+00
810 0.0000e+00 0.0000e+00 1.2989e-04 6.2334e-11 1.2989e-04 1.6740e-01 0.0000e+00
811 0.0000e+00 0.0000e+00 1.2936e-04 5.7898e-11 1.2936e-04 1.6753e-01 0.0000e+00
812 0.0000e+00 0.0000e+00 1.2884e-04 5.3780e-11 1.2884e-04 1.6765e-01 0.0000e+00
813 0.0000e+00 3.0400e-05 1.2832e-04 4.9957e-11 1.2832e-04 1.6778e-01 0.0000e+00
814 0.0000e+00 5.8700e-05 1.2781e-04 4.6407e-11 1.2781e-04 1.6791e-01 0.0000e+00
815 0.0000e+00 8.3100e-05 1.2730e-04 4.3112e-11 1.2730e-04 1.6804e-01 0.0000e+00
816 0.0000e+00 1.0180e-04 1.2679e-04 1.4006e-11 1.2679e-04 1.6816e-01 0.0000e+00
817 0.0000e+00 1.1260e-04 1.2629e-04 1.3051e-11 1.2629e-04 1.6829e-01 0.0000e+00
818 0.0000e+00 1.1760e-04 1.2579e-04 1.2161e-11 1.2579e-04 1.6842e-01 0.0000e+00
819 0.0000e+00 1.1260e-04 1.2530e-04 1.1333e-11 1.2530e-04 1.6854e-01 0.0000e+00
820 0.0000e+00 1.0180e-04 1.2481e-04 1.0561e-11 1.2481e-04 1.6867e-01 0.0000e+00
821 0.0000e+00 8.3100e-05 1.2432e-04 9.8424e-12 1.2432e-04 1.6879e-01 0.0000e+00
822 0.0000e+00 5.8700e-05 1.2384e-04 9.1728e-12 1.2384e-04 1.6891e-01 0.0000e+00
823 0.0000e+00 2.8400e-05 1.2336e-04 8.5491e-12 1.2336e-04 1.6904e-01 0.0000e+00
824 0.0000e+00 0.0000e+00 1.2289e-04 7.9680e-12 1.2289e-04 1.6916e-01 0.0000e+00
825 0.0000e+00 0.0000e+00 1.2242e-04 7.4267e-12 1.2242e-04 1.6928e-01 0.0000e+00
826 0.0000e+00 0.0000e+00 1.2195e-04 0.0000e+00 1.2195e-04 1.6941e-01 0.0000e+00
827 0.0000e+00 0.0000e+00 1.2149e-04 0.0000e+00 1.2149e-04 1.6953e-01 0.0000e+00
828 0.0000e+00 0.0000e+00 1.2103e-04 0.0000e+00 1.2103e-04 1.6965e-01 0.0000e+00
829 0.0000e+00 0.0000e+00 1.2057e-04 0.0000e+00 1.2057e-04 1.6977e-01 0.0000e+00
830 0.0000e+00 0.0000e+00 1.2012e-04 0.0000e+00 1.2012e-04 1.6989e-01 0.0000e+00
831 0.0000e+00 0.0000e+00 1.1967e-04 0.0000e+00 1.1967e-04 1.7001e-01 0.0000e+00
832 0.0000e+00 0.0000e+00 1.1922e-04 0.0000e+00 1.1922e-04 1.7013e-01 0.0000e+00
833 0.0000e+00 0.0000e+00 1.1878e-04 0.0000e+00 1.1878e-04 1.7025e-01 0.0000e+00
834 0.0000e+00 0.0000e+00 1.1834e-04 0.0000e+00 1.1834e-04 1.7036e-01 0.0000e+00
835 0.0000e+00 0.0000e+00 1.1790e-04 0.0000e+00 1.1790e-04 1.7048e-01 0.0000e+00
836 0.0000e+00 0.0000e+00 1.1747e-04 0.0000e+00 1.1747e-04 1.7060e-01 0.0000e+00
837 0.0000e+00 6.6100e-05 1.1704e-04 0.0000e+00 1.1704e-04 1.7072e-01 0.0000e+00
838 0.0000e+00 1.2750e-04 1.1661e-04 0.0000e+00 1.1661e-04 1.7083e-01 0.0000e+00
839 0.0000e+00 1.8040e-04 1.1618e-04 0.0000e+00 1.1618e-04 1.7095e-01 0.0000e+00
840 0.0000e+00 2.2090e-04 1.1576e-04 0.0000e+00 1.1576e-04 1.7107e-01 0.0000e+00
841 0.0000e+00 2.4430e-04 1.1534e-04 0.0000e+00 1.1534e-04 1.7118e-01 0.0000e+00
842 0.0000e+00 2.5510e-04 1.1493e-04 0.0000e+00 1.1493e-04 1.7130e-01 0.0000e+00
843 0.0000e+00 2.4430e-04 1.1452e-04 0.0000e+00 1.1452e-04 1.7141e-01 0.0000e+00
844 0.0000e+00 2.2090e-04 1.1411e-04 0.0000e+00 1.1411e-04 1.7152e-01 0.0000e+00
845 0.0000e+00 1.8040e-04 1.1370e-04 0.0000e+00 1.1370e-04 1.7164e-01 0.0000e+00
846 0.0000e+00 1.2750e-04 1.1330e-04 0.0000e+00 1.1330e-04 1.7175e-01 0.0000e+00
847 0.0000e+00 6.1700e-05 1.1290e-04 0.0000e+00 1.1290e-04 1.7186e-01 0.0000e+00
848 0.0000e+00 0.0000e+00 1.1250e-04 0.0000e+00 1.1250e-04 1.7198e-01 0.0000e+00
849 0.0000e+00 0.0000e+00 1.1211e-04 0.0000e+00 1.1211e-04 1.7209e-01 0.0000e+00
850 0.0000e+00 0.0000e+00 1.1171e-04 0.0000e+00 1.1171e-04 1.7220e-01 0.0000e+00
851 0.0000e+00 0.0000e+00 1.1132e-04 0.0000e+00 1.1132e-04 1.7231e-01 0.0000e+00
852 0.0000e+00 0.0000e+00 1.1094e-04 0.0000e+00 1.1094e-04 1.7242e-01 0.0000e+00
853 0.0000e+00 0.0000e+00 1.1055e-04 0.0000e+00 1.1055e-04 1.7253e-01 0.0000e+00
854 0.0000e+00 0.0000e+00 1.1017e-04 0.0000e+00 1.1017e-04 1.7264e-01 0.0000e+00
855 0.0000e+00 0.0000e+00 1.0979e-04 0.0000e+00 1.0979e-04 1.7275e-01 0.0000e+00
856 0.0000e+00 0.0000e+00 1.0942e-04 0.0000e+00 1.0942e-04 1.7286e-01 0.0000e+00
857 0.0000e+00 0.0000e+00 1.0904e-04 0.0000e+00 1.0904e-04 1.7297e-01 0.0000e+00
858 0.0000e+00 0.0000e+00 1.0867e-04 0.0000e+00 1.0867e-04 1.7308e-01 0.0000e+00
859 0.0000e+00 0.0000e+00 1.0831e-04 0.0000e+00 1.0831e-04 1.7319e-01 0.0000e+00
860 0.0000e+00 0.0000e+00 1.0794e-04 0.0000e+00 1.0794e-04 1.7330e-01 0.0000e+00
861 0.0000e+00 9.7600e-05 1.0758e-04 0.0000e+00 1.0758e-04 1.7340e-01 0.0000e+00
862 0.0000e+00 1.8830e-04 1.0722e-04 0.0000e+00 1.0722e-04 1.7351e-01 0.0000e+00
863 0.0000e+00 2.6650e-04 1.0686e-04 0.0000e+00 1.0686e-04 1.7362e-01 0.0000e+00
864 0.0000e+00 3.2630e-04 1.0650e-04 0.0000e+00 1.0650e-04 1.7373e-01 0.0000e+00
865 0.0000e+00 3.6100e-04 1.0615e-04 0.0000e+00 1.0615e-04 1.7383e-01 0.0000e+00
866 0.0000e+00 3.7690e-04 1.0579e-04 0.0000e+00 1.0579e-04 1.7394e-01 0.0000e+00
867 0.0000e+00 3.6100e-04 1.0545e-04 0.0000e+00 1.0545e-04 1.7404e-01 0.0000e+00
868 0.0000e+00 3.2630e-04 1.0510e-04 0.0000e+00 1.0510e-04 1.7415e-01 0.0000e+00
869 0.0000e+00 2.6650e-04 1.0475e-04 0.0000e+00 1.0475e-04 1.7425e-01 0.0000e+00
870 0.0000e+00 1.8830e-04 1.0441e-04 0.0000e+00 1.0441e-04 1.7436e-01 0.0000e+00
871 0.0000e+00 9.1200e-05 1.0407e-04 0.0000e+00 1.0407e-04 1.7446e-01 0.0000e+00
872 0.0000e+00 0.0000e+00 1.0373e-04 0.0000e+00 1.0373e-04 1.7456e-01 0.0000e+00
873 0.0000e+00 0.0000e+00 1.0340e-04 0.0000e+00 1.0340e-04 1.7467e-01 0.0000e+00
874 0.0000e+00 0.0000e+00 1.0306e-04 0.0000e+00 1.0306e-04 1.7477e-01 0.0000e+00
875 0.0000e+00 0.0000e+00 1.0273e-04 0.0000e+00 1.0273e-04 1.7487e-01 0.0000e+00
876 0.0000e+00 0.0000e+00 1.0240e-04 0.0000e+00 1.0240e-04 1.7498e-01 0.0000e+00
877 0.0000e+00 0.0000e+00 1.0208e-04 0.0000e+00 1.0208e-04 1.7508e-01 0.0000e+00
878 0.0000e+00 0.0000e+00 1.0175e-04 0.0000e+00 1.0175e-04 1.7518e-01 0.0000e+00
879 0.0000e+00 0.0000e+00 1.0143e-04 0.0000e+00 1.0143e-04 1.7528e-01 0.0000e+00
880 0.0000e+00 0.0000e+00 1.0111e-04 0.0000e+00 1.0111e-04 1.7538e-01 0.0000e+00
881 0.0000e+00 0.0000e+00 1.0079e-04 0.0000e+00 1.0079e-04 1.7548e-01 0.0000e+00
882 0.0000e+00 0.0000e+00 1.0047e-04 0.0000e+00 1.0047e-04 1.7558e-01 0.0000e+00
883 0.0000e+00 0.0000e+00 1.0016e-04 0.0000e+00 1.0016e-04 1.7568e-01 0.0000e+00
884 0.0000e+00 0.0000e+00 9.9844e-05 0.0000e+00 9.9844e-05 1.7578e-01 0.0000e+00
885 0.0000e+00 6.4300e-05 9.9533e-05 0.0000e+00 9.9533e-05 1.7588e-01 0.0000e+00
886 0.0000e+00 1.2410e-04 9.9223e-05 0.0000e+00 9.9223e-05 1.7598e-01 0.0000e+00
887 0.0000e+00 1.7560e-04 9.8916e-05 0.0000e+00 9.8916e-05 1.7608e-01 0.0000e+00
888 0.0000e+00 2.1500e-04 9.8611e-05 0.0000e+00 9.8611e-05 1.7618e-01 0.0000e+00
889 0.0000e+00 2.3790e-04 9.8308e-05 0.0000e+00 9.8308e-05 1.7628e-01 0.0000e+00
890 0.0000e+00 2.4840e-04 9.8006e-05 0.0000e+00 9.8006e-05 1.7638e-01 0.0000e+00
891 0.0000e+00 2.3790e-04 9.7706e-05 0.0000e+00 9.7706e-05 1.7647e-01 0.0000e+00
892 0.0000e+00 2.1500e-04 9.7408e-05 0.0000e+00 9.7408e-05 1.7657e-01 0.0000e+00
893 0.0000e+00 1.7560e-04 9.7112e-05 0.0000e+00 9.7112e-05 1.7667e-01 0.0000e+00
894 0.0000e+00 1.2410e-04 9.6818e-05 0.0000e+00 9.6818e-05 1.7677e-01 0.0000e+00
895 0.0000e+00 6.0100e-05 9.6526e-05 0.0000e+00 9.6526e-05 1.7686e-01 0.0000e+00
896 0.0000e+00 0.0000e+00 9.6235e-05 0.0000e+00 9.6235e-05 1.7696e-01 0.0000e+00
897 0.0000e+00 0.0000e+00 9.5946e-05 0.0000e+00 9.5946e-05 1.7705e-01 0.0000e+00
898 0.0000e+00 0.0000e+00 9.5659e-05 0.0000e+00 9.5659e-05 1.7715e-01 0.0000e+00
899 0.0000e+00 0.0000e+00 9.5373e-05 0.0000e+00 9.5373e-05 1.7725e-01 0.0000e+00
900 0.0000e+00 0.0000e+00 9.5089e-05 0.0000e+00 9.5089e-05 1.7734e-01 0.0000e+00
901 0.0000e+00 0.0000e+00 9.4807e-05 0.0000e+00 9.4807e-05 1.7744e-01 0.0000e+00
902 0.0000e+00 0.0000e+00 9.4527e-05 0.0000e+00 9.4527e-05 1.7753e-01 0.0000e+00
903 0.0000e+00 0.0000e+00 9.4248e-05 0.0000e+00 9.4248e-05 1.7762e-01 0.0000e+00
904 0.0000e+00 0.0000e+00 9.3971e-05 0.0000e+00 9.3971e-05 1.7772e-01 0.0000e+00
905 0.0000e+00 0.0000e+00 9.3695e-05 0.0000e+00 9.3695e-05 1.7781e-01 0.0000e+00
906 0.0000e+00 0.0000e+00 9.3421e-05 0.0000e+00 9.3421e-05 1.7790e-01 0.0000e+00
907 0.0000e+00 0.0000e+00 9.3149e-05 0.0000e+00 9.3149e-05 1.7800e-01 0.0000e+00
908 0.0000e+00 0.0000e+00 9.2878e-05 0.0000e+00 9.2878e-05 1.7809e-01 0.0000e+00
909 0.0000e+00 8.0200e-05 9.2609e-05 0.0000e+00 9.2609e-05 1.7818e-01 0.0000e+00
910 0.0000e+00 1.5480e-04 9.2341e-05 0.0000e+00 9.2341e-05 1.7828e-01 0.0000e+00
911 0.0000e+00 2.1910e-04 9.2075e-05 0.0000e+00 9.2075e-05 1.7837e-01 0.0000e+00
912 0.0000e+00 2.6830e-04 9.1811e-05 0.0000e+00 9.1811e-05 1.7846e-01 0.0000e+00
913 0.0000e+00 2.9680e-04 9.1548e-05 0.0000e+00 9.1548e-05 1.7855e-01 0.0000e+00
914 0.0000e+00 3.0990e-04 9.1286e-05 0.0000e+00 9.1286e-05 1.7864e-01 0.0000e+00
915 0.0000e+00 2.9680e-04 9.1026e-05 0.0000e+00 9.1026e-05 1.7873e-01 0.0000e+00
916 0.0000e+00 2.6830e-04 9.0768e-05 0.0000e+00 9.0768e-05 1.7882e-01 0.0000e+00
917 0.0000e+00 2.1910e-04 9.0510e-05 0.0000e+00 9.0510e-05 1.7891e-01 0.0000e+00
918 0.0000e+00 1.5480e-04 9.0255e-05 0.0000e+00 9.0255e-05 1.7901e-01 0.0000e+00
919 0.0000e+00 7.5000e-05 9.0001e-05 0.0000e+00 9.0001e-05 1.7910e-01 0.0000e+00
920 0.0000e+00 0.0000e+00 8.9748e-05 0.0000e+00 8.9748e-05 1.7918e-01 0.0000e+00
921 0.0000e+00 0.0000e+00 8.9496e-05 0.0000e+00 8.9496e-05 1.7927e-01 0.0000e+00
922 0.0000e+00 0.0000e+00 8.9247e-05 0.0000e+00 8.9247e-05 1.7936e-01 0.0000e+00
923 0.0000e+00 0.0000e+00 8.8998e-05 0.0000e+00 8.8998e-05 1.7945e-01 0.0000e+00
924 0.0000e+00 0.0000e+00 8.8751e-05 0.0000e+00 8.8751e-05 1.7954e-01 0.0000e+00
925 0.0000e+00 0.0000e+00 8.8505e-05 0.0000e+00 8.8505e-05 1.7963e-01 0.0000e+00
926 0.0000e+00 0.0000e+00 8.8261e-05 0.0000e+00 8.8261e-05 1.7972e-01 0.0000e+00
927 0.0000e+00 0.0000e+00 8.8017e-05 0.0000e+00 8.8017e-05 1.7981e-01 0.0000e+00
928 0.0000e+00 0.0000e+00 8.7776e-05 0.0000e+00 8.7776e-05 1.7989e-01 0.0000e+00
929 0.0000e+00 0.0000e+00 8.7535e-05 0.0000e+00 8.7535e-05 1.7998e-01 0.0000e+00
930 0.0000e+00 0.0000e+00 8.7296e-05 0.0000e+00 8.7296e-05 1.8007e-01 0.0000e+00
931 0.0000e+00 0.0000e+00 8.7058e-05 0.0000e+00 8.7058e-05 1.8016e-01 0.0000e+00
932 0.0000e+00 0.0000e+00 8.6822e-05 0.0000e+00 8.6822e-05 1.8024e-01 0.0000e+00
933 0.0000e+00 9.6000e-05 8.6587e-05 0.0000e+00 8.6587e-05 1.8033e-01 0.0000e+00
934 0.0000e+00 1.8520e-04 8.6353e-05 0.0000e+00 8.6353e-05 1.8042e-01 0.0000e+00
935 0.0000e+00 2.6210e-04 8.6120e-05 0.0000e+00 8.6120e-05 1.8050e-01 0.0000e+00
936 0.0000e+00 3.2090e-04 8.5888e-05 0.0000e+00 8.5888e-05 1.8059e-01 0.0000e+00
937 0.0000e+00 3.5500e-04 8.5658e-05 0.0000e+00 8.5658e-05 1.8067e-01 0.0000e+00
938 0.0000e+00 3.7070e-04 8.5429e-05 0.0000e+00 8.5429e-05 1.8076e-01 0.0000e+00
939 0.0000e+00 3.5500e-04 8.5201e-05 0.0000e+00 8.5201e-05 1.8084e-01 0.0000e+00
940 0.0000e+00 3.2090e-04 8.4975e-05 0.0000e+00 8.4975e-05 1.8093e-01 0.0000e+00
941 0.0000e+00 2.6210e-04 8.4750e-05 0.0000e+00 8.4750e-05 1.8101e-01 0.0000e+00
942 0.0000e+00 1.8520e-04 8.4525e-05 0.0000e+00 8.4525e-05 1.8110e-01 0.0000e+00
943 0.0000e+00 8.9700e-05 8.4302e-05 0.0000e+00 8.4302e-05 1.8118e-01 0.0000e+00
944 0.0000e+00 0.0000e+00 8.4081e-05 0.0000e+00 8.4081e-05 1.8127e-01 0.0000e+00
945 0.0000e+00 0.0000e+00 8.3860e-05 0.0000e+00 8.3860e-05 1.8135e-01 0.0000e+00
946 0.0000e+00 0.0000e+00 8.3640e-05 0.0000e+00 8.3640e-05 1.8143e-01 0.0000e+00
947 0.0000e+00 0.0000e+00 8.3422e-05 0.0000e+00 8.3422e-05 1.8152e-01 0.0000e+00
948 0.0000e+00 0.0000e+00 8.3205e-05 0.0000e+00 8.3205e-05 1.8160e-01 0.0000e+00
949 0.0000e+00 0.0000e+00 8.2989e-05 0.0000e+00 8.2989e-05 1.8168e-01 0.0000e+00
950 0.0000e+00 0.0000e+00 8.2774e-05 0.0000e+00 8.2774e-05 1.8177e-01 0.0000e+00
Objective function values:
F1 1.684912e-06    NSE 0.71036   F2 3.009571e-02
Mean Obs Q 1.590065e-04   Variance Obs Q 6.123405e-09
    Error Variance 1.773592e-09

Water Balance for Subcatchment: Extracted study basin: Taegu Pyungkwang River

   SUMP       SUMAE      SUMQ       SUMRZ      SUMUZ      SBAR        BAL
1.890e-01  4.565e-02  1.244e-01  1.933e-02  0.000e+00  1.818e-01  6.712e-03
