Taegu Pyungkwang River Catchment: Calibration Data

Subcatchment : Extracted study basin: cat-13249

TL =     8.39
SUMAC =     1.00
SZQ =       0.03365
Subcatchment routing data:
Maximum Routing Delay       0.69444
Sum of Histogram ordinates:     1.0000
     1.00000 
Initial BAL             -0.22387
Initial SBAR             0.22187
Initial SR0              0.00200
it      p        ep       q(it)       quz      q       sbar       qof
1 0.0000e+00 6.1900e-05 3.2800e-05 0.0000e+00 3.2800e-05 2.2190e-01 0.0000e+00
2 0.0000e+00 6.4700e-05 3.2766e-05 0.0000e+00 3.2766e-05 2.2194e-01 0.0000e+00
3 1.0000e-03 6.1900e-05 3.2733e-05 0.0000e+00 3.2733e-05 2.2197e-01 0.0000e+00
4 1.0000e-03 5.6000e-05 3.2699e-05 0.0000e+00 3.2699e-05 2.2200e-01 0.0000e+00
5 1.0000e-03 4.5700e-05 4.5207e-05 7.6369e-05 3.2666e-05 2.2196e-01 1.2541e-05
6 5.0000e-04 3.2300e-05 4.0185e-05 1.0918e-04 3.2711e-05 2.2188e-01 7.4744e-06
7 5.0000e-04 1.5600e-05 4.0484e-05 1.4134e-04 3.2789e-05 2.2177e-01 7.6948e-06
8 0.0000e+00 0.0000e+00 3.2900e-05 1.2329e-04 3.2900e-05 2.2168e-01 0.0000e+00
9 5.0000e-04 0.0000e+00 4.0963e-05 1.5879e-04 3.2993e-05 2.2156e-01 7.9696e-06
10 5.0000e-04 0.0000e+00 4.1350e-05 1.8968e-04 3.3123e-05 2.2140e-01 8.2263e-06
11 0.0000e+00 0.0000e+00 3.3286e-05 1.6696e-04 3.3286e-05 2.2127e-01 0.0000e+00
12 0.0000e+00 0.0000e+00 3.3425e-05 1.4978e-04 3.3425e-05 2.2115e-01 0.0000e+00
13 1.0000e-03 0.0000e+00 4.9999e-05 2.3555e-04 3.3547e-05 2.2095e-01 1.6453e-05
14 5.0000e-04 0.0000e+00 4.1986e-05 2.5607e-04 3.3759e-05 2.2073e-01 8.2263e-06
15 5.0000e-04 0.0000e+00 4.2221e-05 2.7708e-04 3.3995e-05 2.2048e-01 8.2263e-06
16 1.0000e-03 0.0000e+00 5.0706e-05 3.4676e-04 3.4254e-05 2.2017e-01 1.6453e-05
17 0.0000e+00 0.0000e+00 3.4590e-05 3.0515e-04 3.4590e-05 2.1990e-01 0.0000e+00
18 0.0000e+00 0.0000e+00 3.4884e-05 2.7401e-04 3.4884e-05 2.1966e-01 0.0000e+00
19 0.0000e+00 0.0000e+00 3.5145e-05 2.4692e-04 3.5145e-05 2.1945e-01 0.0000e+00
20 0.0000e+00 0.0000e+00 3.5379e-05 2.2303e-04 3.5379e-05 2.1926e-01 0.0000e+00
21 0.0000e+00 1.8000e-05 3.5587e-05 2.0179e-04 3.5587e-05 2.1910e-01 0.0000e+00
22 0.0000e+00 3.4800e-05 3.5772e-05 1.8281e-04 3.5772e-05 2.1895e-01 0.0000e+00
23 0.0000e+00 4.9200e-05 3.5937e-05 1.6578e-04 3.5937e-05 2.1882e-01 0.0000e+00
24 3.0000e-03 6.0200e-05 8.3763e-05 4.4644e-04 3.6083e-05 2.1841e-01 4.7680e-05
25 2.0000e-03 6.6600e-05 6.8463e-05 5.8127e-04 3.6549e-05 2.1786e-01 3.1915e-05
26 5.5000e-03 6.9600e-05 1.2657e-04 1.0657e-03 3.7176e-05 2.1683e-01 8.9393e-05
27 6.0000e-03 6.6600e-05 1.3596e-04 1.5330e-03 3.8390e-05 2.1534e-01 9.7570e-05
28 1.0000e-03 6.0200e-05 5.5583e-05 1.4325e-03 4.0226e-05 2.1395e-01 1.5357e-05
29 2.5000e-03 4.9200e-05 8.2156e-05 1.5333e-03 4.2015e-05 2.1246e-01 4.0141e-05
30 0.0000e+00 3.4800e-05 4.4019e-05 1.3605e-03 4.4019e-05 2.1114e-01 0.0000e+00
31 0.0000e+00 1.6800e-05 4.5868e-05 1.2231e-03 4.5868e-05 2.0996e-01 0.0000e+00
32 1.0000e-03 0.0000e+00 6.2382e-05 1.1997e-03 4.7587e-05 2.0881e-01 1.4795e-05
33 5.0000e-04 0.0000e+00 5.7557e-05 1.1290e-03 4.9331e-05 2.0773e-01 8.2263e-06
34 0.0000e+00 0.0000e+00 5.1024e-05 1.0133e-03 5.1024e-05 2.0677e-01 0.0000e+00
35 0.0000e+00 0.0000e+00 5.2582e-05 9.1422e-04 5.2582e-05 2.0591e-01 0.0000e+00
36 0.0000e+00 0.0000e+00 5.4017e-05 8.2558e-04 5.4017e-05 2.0514e-01 0.0000e+00
37 0.0000e+00 0.0000e+00 5.5335e-05 7.4598e-04 5.5335e-05 2.0445e-01 0.0000e+00
38 0.0000e+00 0.0000e+00 5.6542e-05 6.7437e-04 5.6542e-05 2.0383e-01 0.0000e+00
39 0.0000e+00 0.0000e+00 5.7644e-05 6.0989e-04 5.7644e-05 2.0328e-01 0.0000e+00
40 0.0000e+00 0.0000e+00 5.8648e-05 5.5177e-04 5.8648e-05 2.0278e-01 0.0000e+00
41 0.0000e+00 0.0000e+00 5.9559e-05 4.9936e-04 5.9559e-05 2.0234e-01 0.0000e+00
42 0.0000e+00 0.0000e+00 6.0383e-05 4.5208e-04 6.0383e-05 2.0195e-01 0.0000e+00
43 0.0000e+00 0.0000e+00 6.1127e-05 4.0940e-04 6.1127e-05 2.0160e-01 0.0000e+00
44 0.0000e+00 0.0000e+00 6.1795e-05 3.7086e-04 6.1795e-05 2.0129e-01 0.0000e+00
45 0.0000e+00 3.3800e-05 6.2395e-05 3.3605e-04 6.2395e-05 2.0102e-01 0.0000e+00
46 1.0000e-03 6.5200e-05 8.2665e-05 4.1083e-04 6.2931e-05 2.0067e-01 1.9734e-05
47 0.0000e+00 9.2300e-05 6.3619e-05 3.6400e-04 6.3619e-05 2.0037e-01 0.0000e+00
48 5.0000e-04 1.1300e-04 7.1217e-05 3.6532e-04 6.4219e-05 2.0007e-01 6.9977e-06
49 0.0000e+00 1.2500e-04 6.4826e-05 3.2655e-04 6.4826e-05 1.9981e-01 0.0000e+00
50 1.0000e-03 1.3050e-04 8.0927e-05 3.7857e-04 6.5358e-05 1.9950e-01 1.5569e-05
51 2.5000e-03 1.2500e-04 1.1440e-04 5.9814e-04 6.6001e-05 1.9896e-01 4.8395e-05
52 3.0000e-03 1.1300e-04 1.2583e-04 8.3824e-04 6.7108e-05 1.9819e-01 5.8719e-05
53 2.5000e-03 9.2300e-05 1.1750e-04 9.9298e-04 6.8745e-05 1.9727e-01 4.8752e-05
54 3.0000e-03 6.5200e-05 1.3015e-04 1.1930e-03 7.0759e-05 1.9615e-01 5.9387e-05
55 2.5000e-03 3.1600e-05 1.2301e-04 1.3161e-03 7.3285e-05 1.9490e-01 4.9728e-05
56 2.0000e-03 0.0000e+00 1.1639e-04 1.3773e-03 7.6187e-05 1.9360e-01 4.0203e-05
57 1.0000e-03 0.0000e+00 9.9773e-05 1.3251e-03 7.9349e-05 1.9236e-01 2.0424e-05
58 1.0000e-03 0.0000e+00 1.0292e-04 1.2878e-03 8.2499e-05 1.9115e-01 2.0424e-05
59 0.0000e+00 0.0000e+00 8.5665e-05 1.1385e-03 8.5665e-05 1.9010e-01 0.0000e+00
60 5.0000e-04 0.0000e+00 9.8743e-05 1.0747e-03 8.8531e-05 1.8911e-01 1.0212e-05
61 5.0000e-04 0.0000e+00 1.0151e-04 1.0148e-03 9.1302e-05 1.8819e-01 1.0212e-05
62 0.0000e+00 0.0000e+00 9.3975e-05 9.0097e-04 9.3975e-05 1.8738e-01 0.0000e+00
63 0.0000e+00 0.0000e+00 9.6375e-05 8.0503e-04 9.6375e-05 1.8667e-01 0.0000e+00
64 0.0000e+00 0.0000e+00 9.8533e-05 7.2012e-04 9.8533e-05 1.8605e-01 0.0000e+00
65 0.0000e+00 0.0000e+00 1.0047e-04 6.4474e-04 1.0047e-04 1.8551e-01 0.0000e+00
66 0.0000e+00 0.0000e+00 1.0219e-04 5.7766e-04 1.0219e-04 1.8503e-01 0.0000e+00
67 0.0000e+00 0.0000e+00 1.0372e-04 5.1789e-04 1.0372e-04 1.8462e-01 0.0000e+00
68 0.0000e+00 0.0000e+00 1.0507e-04 4.6456e-04 1.0507e-04 1.8426e-01 0.0000e+00
69 0.0000e+00 4.1400e-05 1.0626e-04 4.1695e-04 1.0626e-04 1.8395e-01 0.0000e+00
70 0.0000e+00 7.9800e-05 1.0729e-04 3.7440e-04 1.0729e-04 1.8368e-01 0.0000e+00
71 0.0000e+00 1.1290e-04 1.0819e-04 3.3635e-04 1.0819e-04 1.8345e-01 0.0000e+00
72 0.0000e+00 1.3830e-04 1.0897e-04 3.0231e-04 1.0897e-04 1.8326e-01 0.0000e+00
73 0.0000e+00 1.5300e-04 1.0963e-04 2.7184e-04 1.0963e-04 1.8310e-01 0.0000e+00
74 0.0000e+00 1.5980e-04 1.1018e-04 2.4455e-04 1.1018e-04 1.8296e-01 0.0000e+00
75 0.0000e+00 1.5300e-04 1.1065e-04 2.2010e-04 1.1065e-04 1.8285e-01 0.0000e+00
76 0.0000e+00 1.3830e-04 1.1103e-04 1.9819e-04 1.1103e-04 1.8276e-01 0.0000e+00
77 0.0000e+00 1.1290e-04 1.1133e-04 1.7853e-04 1.1133e-04 1.8270e-01 0.0000e+00
78 0.0000e+00 7.9800e-05 1.1156e-04 1.6089e-04 1.1156e-04 1.8265e-01 0.0000e+00
79 0.0000e+00 3.8700e-05 1.1174e-04 1.4505e-04 1.1174e-04 1.8261e-01 0.0000e+00
80 0.0000e+00 0.0000e+00 1.1185e-04 1.3083e-04 1.1185e-04 1.8260e-01 0.0000e+00
81 0.0000e+00 0.0000e+00 1.1192e-04 1.1806e-04 1.1192e-04 1.8259e-01 0.0000e+00
82 0.0000e+00 0.0000e+00 1.1194e-04 1.0657e-04 1.1194e-04 1.8259e-01 0.0000e+00
83 0.0000e+00 0.0000e+00 1.1192e-04 9.6238e-05 1.1192e-04 1.8261e-01 0.0000e+00
84 0.0000e+00 0.0000e+00 1.1187e-04 8.6944e-05 1.1187e-04 1.8264e-01 0.0000e+00
85 0.0000e+00 0.0000e+00 1.1178e-04 7.8579e-05 1.1178e-04 1.8267e-01 0.0000e+00
86 0.0000e+00 0.0000e+00 1.1166e-04 7.1045e-05 1.1166e-04 1.8271e-01 0.0000e+00
87 0.0000e+00 0.0000e+00 1.1152e-04 6.4258e-05 1.1152e-04 1.8276e-01 0.0000e+00
88 0.0000e+00 0.0000e+00 1.1136e-04 5.8142e-05 1.1136e-04 1.8281e-01 0.0000e+00
89 0.0000e+00 0.0000e+00 1.1117e-04 5.2627e-05 1.1117e-04 1.8287e-01 0.0000e+00
90 0.0000e+00 0.0000e+00 1.1097e-04 4.7652e-05 1.1097e-04 1.8293e-01 0.0000e+00
91 0.0000e+00 0.0000e+00 1.1075e-04 4.3163e-05 1.1075e-04 1.8300e-01 0.0000e+00
92 0.0000e+00 0.0000e+00 1.1052e-04 3.9110e-05 1.1052e-04 1.8307e-01 0.0000e+00
93 0.0000e+00 1.9100e-05 1.1027e-04 3.5450e-05 1.1027e-04 1.8315e-01 0.0000e+00
94 0.0000e+00 3.6800e-05 1.1001e-04 3.2143e-05 1.1001e-04 1.8322e-01 0.0000e+00
95 0.0000e+00 5.2100e-05 1.0975e-04 2.9155e-05 1.0975e-04 1.8330e-01 0.0000e+00
96 0.0000e+00 6.3800e-05 1.0947e-04 2.6453e-05 1.0947e-04 1.8339e-01 0.0000e+00
97 5.0000e-04 7.0600e-05 1.0919e-04 2.4009e-05 1.0919e-04 1.8347e-01 0.0000e+00
98 5.0000e-04 7.3700e-05 1.0890e-04 2.1798e-05 1.0890e-04 1.8356e-01 0.0000e+00
99 0.0000e+00 7.0600e-05 1.0860e-04 1.9796e-05 1.0860e-04 1.8365e-01 0.0000e+00
100 0.0000e+00 6.3800e-05 1.0830e-04 1.7984e-05 1.0830e-04 1.8374e-01 0.0000e+00
101 0.0000e+00 5.2100e-05 1.0799e-04 1.6343e-05 1.0799e-04 1.8383e-01 0.0000e+00
102 0.0000e+00 3.6800e-05 1.0768e-04 1.4855e-05 1.0768e-04 1.8392e-01 0.0000e+00
103 0.0000e+00 1.7800e-05 1.0737e-04 1.3507e-05 1.0737e-04 1.8402e-01 0.0000e+00
104 0.0000e+00 0.0000e+00 1.0706e-04 1.2285e-05 1.0706e-04 1.8411e-01 0.0000e+00
105 0.0000e+00 0.0000e+00 1.0674e-04 1.1176e-05 1.0674e-04 1.8421e-01 0.0000e+00
106 0.0000e+00 0.0000e+00 1.0642e-04 1.0170e-05 1.0642e-04 1.8430e-01 0.0000e+00
107 0.0000e+00 0.0000e+00 1.0610e-04 9.2577e-06 1.0610e-04 1.8440e-01 0.0000e+00
108 0.0000e+00 0.0000e+00 1.0578e-04 8.4291e-06 1.0578e-04 1.8450e-01 0.0000e+00
109 0.0000e+00 0.0000e+00 1.0546e-04 7.6767e-06 1.0546e-04 1.8460e-01 0.0000e+00
110 0.0000e+00 0.0000e+00 1.0514e-04 6.9932e-06 1.0514e-04 1.8469e-01 0.0000e+00
111 5.0000e-04 0.0000e+00 1.0482e-04 6.3721e-06 1.0482e-04 1.8479e-01 0.0000e+00
112 0.0000e+00 0.0000e+00 1.0450e-04 5.8077e-06 1.0450e-04 1.8489e-01 0.0000e+00
113 0.0000e+00 0.0000e+00 1.0417e-04 5.2940e-06 1.0417e-04 1.8499e-01 0.0000e+00
114 0.0000e+00 0.0000e+00 1.0385e-04 4.8274e-06 1.0385e-04 1.8509e-01 0.0000e+00
115 0.0000e+00 0.0000e+00 1.0353e-04 4.4030e-06 1.0353e-04 1.8519e-01 0.0000e+00
116 0.0000e+00 0.0000e+00 1.0321e-04 4.0168e-06 1.0321e-04 1.8529e-01 0.0000e+00
117 0.0000e+00 1.0200e-05 1.0289e-04 3.6653e-06 1.0289e-04 1.8539e-01 0.0000e+00
118 0.0000e+00 1.9800e-05 1.0257e-04 3.3453e-06 1.0257e-04 1.8549e-01 0.0000e+00
119 0.0000e+00 2.8000e-05 1.0226e-04 3.0539e-06 1.0226e-04 1.8558e-01 0.0000e+00
120 0.0000e+00 3.4200e-05 1.0194e-04 2.7885e-06 1.0194e-04 1.8568e-01 0.0000e+00
121 0.0000e+00 3.7900e-05 1.0162e-04 2.5467e-06 1.0162e-04 1.8578e-01 0.0000e+00
122 0.0000e+00 3.9500e-05 1.0131e-04 2.3264e-06 1.0131e-04 1.8588e-01 0.0000e+00
123 0.0000e+00 3.7900e-05 1.0100e-04 2.1255e-06 1.0100e-04 1.8598e-01 0.0000e+00
124 0.0000e+00 3.4200e-05 1.0069e-04 1.9418e-06 1.0069e-04 1.8608e-01 0.0000e+00
125 0.0000e+00 2.8000e-05 1.0038e-04 1.7750e-06 1.0038e-04 1.8618e-01 0.0000e+00
126 0.0000e+00 1.9800e-05 1.0007e-04 1.6227e-06 1.0007e-04 1.8628e-01 0.0000e+00
127 0.0000e+00 9.6000e-06 9.9759e-05 1.4839e-06 9.9759e-05 1.8637e-01 0.0000e+00
128 0.0000e+00 0.0000e+00 9.9453e-05 1.3571e-06 9.9453e-05 1.8647e-01 0.0000e+00
129 0.0000e+00 0.0000e+00 9.9149e-05 1.2414e-06 9.9149e-05 1.8657e-01 0.0000e+00
130 0.0000e+00 0.0000e+00 9.8846e-05 1.1358e-06 9.8846e-05 1.8667e-01 0.0000e+00
131 0.0000e+00 0.0000e+00 9.8545e-05 1.0394e-06 9.8545e-05 1.8677e-01 0.0000e+00
132 0.0000e+00 0.0000e+00 9.8245e-05 9.5132e-07 9.8245e-05 1.8686e-01 0.0000e+00
133 0.0000e+00 0.0000e+00 9.7947e-05 8.7086e-07 9.7947e-05 1.8696e-01 0.0000e+00
134 0.0000e+00 0.0000e+00 9.7650e-05 7.9735e-07 9.7650e-05 1.8706e-01 0.0000e+00
135 0.0000e+00 0.0000e+00 9.7355e-05 7.2933e-07 9.7355e-05 1.8715e-01 0.0000e+00
136 0.0000e+00 0.0000e+00 9.7061e-05 6.6804e-07 9.7061e-05 1.8725e-01 0.0000e+00
137 0.0000e+00 0.0000e+00 9.6769e-05 6.1200e-07 9.6769e-05 1.8735e-01 0.0000e+00
138 0.0000e+00 0.0000e+00 9.6479e-05 5.6076e-07 9.6479e-05 1.8744e-01 0.0000e+00
139 0.0000e+00 0.0000e+00 9.6190e-05 5.1389e-07 9.6190e-05 1.8754e-01 0.0000e+00
140 0.0000e+00 0.0000e+00 9.5903e-05 4.7101e-07 9.5903e-05 1.8763e-01 0.0000e+00
141 5.0000e-04 4.1400e-05 9.5617e-05 4.3177e-07 9.5617e-05 1.8773e-01 0.0000e+00
142 0.0000e+00 7.9900e-05 9.5333e-05 3.9587e-07 9.5333e-05 1.8782e-01 0.0000e+00
143 0.0000e+00 1.1300e-04 9.5051e-05 3.6301e-07 9.5051e-05 1.8792e-01 0.0000e+00
144 0.0000e+00 1.3840e-04 9.4770e-05 3.3292e-07 9.4770e-05 1.8801e-01 0.0000e+00
145 0.0000e+00 1.5310e-04 9.4491e-05 3.0538e-07 9.4491e-05 1.8811e-01 0.0000e+00
146 0.0000e+00 1.5990e-04 9.4213e-05 2.8016e-07 9.4213e-05 1.8820e-01 0.0000e+00
147 0.0000e+00 1.5310e-04 9.3937e-05 2.5601e-07 9.3937e-05 1.8829e-01 0.0000e+00
148 0.0000e+00 1.3840e-04 9.3662e-05 2.3497e-07 9.3662e-05 1.8839e-01 0.0000e+00
149 0.0000e+00 1.1300e-04 9.3389e-05 2.1570e-07 9.3389e-05 1.8848e-01 0.0000e+00
150 0.0000e+00 7.9900e-05 9.3118e-05 1.9803e-07 9.3118e-05 1.8857e-01 0.0000e+00
151 0.0000e+00 3.8700e-05 9.2848e-05 1.8183e-07 9.2848e-05 1.8867e-01 0.0000e+00
152 0.0000e+00 0.0000e+00 9.2579e-05 1.6698e-07 9.2579e-05 1.8876e-01 0.0000e+00
153 0.0000e+00 0.0000e+00 9.2312e-05 1.5336e-07 9.2312e-05 1.8885e-01 0.0000e+00
154 0.0000e+00 0.0000e+00 9.2047e-05 1.4088e-07 9.2047e-05 1.8894e-01 0.0000e+00
155 0.0000e+00 0.0000e+00 9.1783e-05 1.2942e-07 9.1783e-05 1.8903e-01 0.0000e+00
156 0.0000e+00 0.0000e+00 9.1520e-05 1.1891e-07 9.1520e-05 1.8913e-01 0.0000e+00
157 0.0000e+00 0.0000e+00 9.1259e-05 1.0927e-07 9.1259e-05 1.8922e-01 0.0000e+00
158 0.0000e+00 0.0000e+00 9.1000e-05 9.9135e-08 9.1000e-05 1.8931e-01 0.0000e+00
159 0.0000e+00 0.0000e+00 9.0742e-05 9.1158e-08 9.0742e-05 1.8940e-01 0.0000e+00
160 0.0000e+00 0.0000e+00 9.0485e-05 8.3832e-08 9.0485e-05 1.8949e-01 0.0000e+00
161 0.0000e+00 0.0000e+00 9.0230e-05 7.7104e-08 9.0230e-05 1.8958e-01 0.0000e+00
162 0.0000e+00 0.0000e+00 8.9976e-05 7.0923e-08 8.9976e-05 1.8967e-01 0.0000e+00
163 0.0000e+00 0.0000e+00 8.9723e-05 6.5245e-08 8.9723e-05 1.8976e-01 0.0000e+00
164 0.0000e+00 0.0000e+00 8.9472e-05 6.0028e-08 8.9472e-05 1.8985e-01 0.0000e+00
165 0.0000e+00 1.7800e-05 8.9223e-05 5.5233e-08 8.9223e-05 1.8994e-01 0.0000e+00
166 0.0000e+00 3.4400e-05 8.8975e-05 5.0828e-08 8.8975e-05 1.9003e-01 0.0000e+00
167 0.0000e+00 4.8600e-05 8.8728e-05 4.6778e-08 8.8728e-05 1.9012e-01 0.0000e+00
168 0.0000e+00 5.9500e-05 8.8482e-05 4.3056e-08 8.8482e-05 1.9020e-01 0.0000e+00
169 0.0000e+00 6.5900e-05 8.8238e-05 3.8248e-08 8.8238e-05 1.9029e-01 0.0000e+00
170 0.0000e+00 6.8800e-05 8.7995e-05 3.5240e-08 8.7995e-05 1.9038e-01 0.0000e+00
171 0.0000e+00 6.5900e-05 8.7753e-05 3.2472e-08 8.7753e-05 1.9047e-01 0.0000e+00
172 0.0000e+00 5.9500e-05 8.7513e-05 2.9923e-08 8.7513e-05 1.9055e-01 0.0000e+00
173 0.0000e+00 4.8600e-05 8.7274e-05 2.7577e-08 8.7274e-05 1.9064e-01 0.0000e+00
174 0.0000e+00 3.4400e-05 8.7037e-05 2.5417e-08 8.7037e-05 1.9073e-01 0.0000e+00
175 0.0000e+00 1.6600e-05 8.6800e-05 2.3429e-08 8.6800e-05 1.9082e-01 0.0000e+00
176 0.0000e+00 0.0000e+00 8.6565e-05 2.1597e-08 8.6565e-05 1.9090e-01 0.0000e+00
177 0.0000e+00 0.0000e+00 8.6331e-05 1.9911e-08 8.6331e-05 1.9099e-01 0.0000e+00
178 0.0000e+00 0.0000e+00 8.6099e-05 1.8357e-08 8.6099e-05 1.9107e-01 0.0000e+00
179 0.0000e+00 0.0000e+00 8.5868e-05 1.6927e-08 8.5868e-05 1.9116e-01 0.0000e+00
180 0.0000e+00 0.0000e+00 8.5638e-05 1.5609e-08 8.5638e-05 1.9125e-01 0.0000e+00
181 0.0000e+00 0.0000e+00 8.5409e-05 1.3140e-08 8.5409e-05 1.9133e-01 0.0000e+00
182 0.0000e+00 0.0000e+00 8.5181e-05 1.2136e-08 8.5181e-05 1.9142e-01 0.0000e+00
183 0.0000e+00 0.0000e+00 8.4955e-05 1.1210e-08 8.4955e-05 1.9150e-01 0.0000e+00
184 0.0000e+00 0.0000e+00 8.4730e-05 1.0354e-08 8.4730e-05 1.9159e-01 0.0000e+00
185 0.0000e+00 0.0000e+00 8.4505e-05 9.5649e-09 8.4505e-05 1.9167e-01 0.0000e+00
186 0.0000e+00 0.0000e+00 8.4283e-05 8.8362e-09 8.4283e-05 1.9176e-01 0.0000e+00
187 0.0000e+00 0.0000e+00 8.4061e-05 8.1636e-09 8.4061e-05 1.9184e-01 0.0000e+00
188 0.0000e+00 0.0000e+00 8.3840e-05 7.5426e-09 8.3840e-05 1.9192e-01 0.0000e+00
189 0.0000e+00 4.5600e-05 8.3621e-05 6.9692e-09 8.3621e-05 1.9201e-01 0.0000e+00
190 5.0000e-04 8.7900e-05 8.3403e-05 6.4399e-09 8.3403e-05 1.9209e-01 0.0000e+00
191 0.0000e+00 1.2440e-04 8.3186e-05 5.9511e-09 8.3186e-05 1.9217e-01 0.0000e+00
192 0.0000e+00 1.5230e-04 8.2970e-05 4.4539e-09 8.2970e-05 1.9226e-01 0.0000e+00
193 0.0000e+00 1.6850e-04 8.2755e-05 4.1250e-09 8.2755e-05 1.9234e-01 0.0000e+00
194 0.0000e+00 1.7590e-04 8.2541e-05 3.8206e-09 8.2541e-05 1.9242e-01 0.0000e+00
195 0.0000e+00 1.6850e-04 8.2329e-05 3.5388e-09 8.2329e-05 1.9250e-01 0.0000e+00
196 0.0000e+00 1.5230e-04 8.2117e-05 3.2779e-09 8.2117e-05 1.9259e-01 0.0000e+00
197 0.0000e+00 1.2440e-04 8.1907e-05 3.0364e-09 8.1907e-05 1.9267e-01 0.0000e+00
198 0.0000e+00 8.7900e-05 8.1697e-05 2.8128e-09 8.1697e-05 1.9275e-01 0.0000e+00
199 0.0000e+00 4.2600e-05 8.1489e-05 2.6058e-09 8.1489e-05 1.9283e-01 0.0000e+00
200 0.0000e+00 0.0000e+00 8.1282e-05 2.4141e-09 8.1282e-05 1.9291e-01 0.0000e+00
201 0.0000e+00 0.0000e+00 8.1076e-05 2.2367e-09 8.1076e-05 1.9299e-01 0.0000e+00
202 0.0000e+00 0.0000e+00 8.0870e-05 2.0723e-09 8.0870e-05 1.9307e-01 0.0000e+00
203 0.0000e+00 0.0000e+00 8.0666e-05 1.9201e-09 8.0666e-05 1.9316e-01 0.0000e+00
204 0.0000e+00 0.0000e+00 8.0463e-05 1.1482e-09 8.0463e-05 1.9324e-01 0.0000e+00
205 0.0000e+00 0.0000e+00 8.0261e-05 1.0668e-09 8.0261e-05 1.9332e-01 0.0000e+00
206 0.0000e+00 0.0000e+00 8.0060e-05 9.9124e-10 8.0060e-05 1.9340e-01 0.0000e+00
207 0.0000e+00 0.0000e+00 7.9860e-05 9.2105e-10 7.9860e-05 1.9348e-01 0.0000e+00
208 0.0000e+00 0.0000e+00 7.9661e-05 8.5586e-10 7.9661e-05 1.9356e-01 0.0000e+00
209 0.0000e+00 0.0000e+00 7.9463e-05 7.9530e-10 7.9463e-05 1.9363e-01 0.0000e+00
210 0.0000e+00 0.0000e+00 7.9266e-05 7.3906e-10 7.9266e-05 1.9371e-01 0.0000e+00
211 0.0000e+00 0.0000e+00 7.9070e-05 6.8681e-10 7.9070e-05 1.9379e-01 0.0000e+00
212 0.0000e+00 0.0000e+00 7.8875e-05 6.3827e-10 7.8875e-05 1.9387e-01 0.0000e+00
213 0.0000e+00 4.9000e-05 7.8680e-05 5.9318e-10 7.8680e-05 1.9395e-01 0.0000e+00
214 0.0000e+00 9.4600e-05 7.8487e-05 5.5129e-10 7.8487e-05 1.9403e-01 0.0000e+00
215 0.0000e+00 1.3380e-04 7.8295e-05 2.0588e-10 7.8295e-05 1.9411e-01 0.0000e+00
216 0.0000e+00 1.6380e-04 7.8104e-05 1.9198e-10 7.8104e-05 1.9419e-01 0.0000e+00
217 0.0000e+00 1.8130e-04 7.7913e-05 1.7901e-10 7.7913e-05 1.9426e-01 0.0000e+00
218 0.0000e+00 1.8920e-04 7.7724e-05 1.6693e-10 7.7724e-05 1.9434e-01 0.0000e+00
219 0.0000e+00 1.8130e-04 7.7535e-05 1.5566e-10 7.7535e-05 1.9442e-01 0.0000e+00
220 0.0000e+00 1.6380e-04 7.7348e-05 1.4516e-10 7.7348e-05 1.9450e-01 0.0000e+00
221 0.0000e+00 1.3380e-04 7.7161e-05 1.3537e-10 7.7161e-05 1.9457e-01 0.0000e+00
222 0.0000e+00 9.4600e-05 7.6975e-05 1.2624e-10 7.6975e-05 1.9465e-01 0.0000e+00
223 0.0000e+00 4.5800e-05 7.6790e-05 1.1773e-10 7.6790e-05 1.9473e-01 0.0000e+00
224 0.0000e+00 0.0000e+00 7.6606e-05 1.0980e-10 7.6606e-05 1.9480e-01 0.0000e+00
225 0.0000e+00 0.0000e+00 7.6423e-05 1.0240e-10 7.6423e-05 1.9488e-01 0.0000e+00
226 0.0000e+00 0.0000e+00 7.6241e-05 9.5503e-11 7.6241e-05 1.9496e-01 0.0000e+00
227 0.0000e+00 0.0000e+00 7.6059e-05 1.4212e-11 7.6059e-05 1.9503e-01 0.0000e+00
228 0.0000e+00 0.0000e+00 7.5879e-05 1.3302e-11 7.5879e-05 1.9511e-01 0.0000e+00
229 0.0000e+00 0.0000e+00 7.5699e-05 1.2450e-11 7.5699e-05 1.9518e-01 0.0000e+00
230 0.0000e+00 0.0000e+00 7.5520e-05 1.1654e-11 7.5520e-05 1.9526e-01 0.0000e+00
231 0.0000e+00 0.0000e+00 7.5342e-05 1.0908e-11 7.5342e-05 1.9533e-01 0.0000e+00
232 0.0000e+00 0.0000e+00 7.5165e-05 1.0210e-11 7.5165e-05 1.9541e-01 0.0000e+00
233 0.0000e+00 0.0000e+00 7.4988e-05 9.5572e-12 7.4988e-05 1.9548e-01 0.0000e+00
234 0.0000e+00 0.0000e+00 7.4813e-05 8.9461e-12 7.4813e-05 1.9556e-01 0.0000e+00
235 0.0000e+00 0.0000e+00 7.4638e-05 8.3743e-12 7.4638e-05 1.9563e-01 0.0000e+00
236 0.0000e+00 0.0000e+00 7.4464e-05 7.8391e-12 7.4464e-05 1.9571e-01 0.0000e+00
237 0.0000e+00 5.1700e-05 7.4291e-05 7.3383e-12 7.4291e-05 1.9578e-01 0.0000e+00
238 0.0000e+00 9.9800e-05 7.4119e-05 6.8695e-12 7.4119e-05 1.9586e-01 0.0000e+00
239 0.0000e+00 1.4120e-04 7.3948e-05 0.0000e+00 7.3948e-05 1.9593e-01 0.0000e+00
240 0.0000e+00 1.7290e-04 7.3777e-05 0.0000e+00 7.3777e-05 1.9601e-01 0.0000e+00
241 5.0000e-04 1.9130e-04 7.3607e-05 0.0000e+00 7.3607e-05 1.9608e-01 0.0000e+00
242 1.0000e-03 1.9970e-04 7.3438e-05 0.0000e+00 7.3438e-05 1.9615e-01 0.0000e+00
243 0.0000e+00 1.9130e-04 7.3269e-05 0.0000e+00 7.3269e-05 1.9623e-01 0.0000e+00
244 0.0000e+00 1.7290e-04 7.3102e-05 0.0000e+00 7.3102e-05 1.9630e-01 0.0000e+00
245 0.0000e+00 1.4120e-04 7.2935e-05 0.0000e+00 7.2935e-05 1.9637e-01 0.0000e+00
246 0.0000e+00 9.9800e-05 7.2769e-05 0.0000e+00 7.2769e-05 1.9644e-01 0.0000e+00
247 0.0000e+00 4.8300e-05 7.2604e-05 0.0000e+00 7.2604e-05 1.9652e-01 0.0000e+00
248 0.0000e+00 0.0000e+00 7.2439e-05 0.0000e+00 7.2439e-05 1.9659e-01 0.0000e+00
249 0.0000e+00 0.0000e+00 7.2275e-05 0.0000e+00 7.2275e-05 1.9666e-01 0.0000e+00
250 0.0000e+00 0.0000e+00 7.2112e-05 0.0000e+00 7.2112e-05 1.9673e-01 0.0000e+00
251 0.0000e+00 0.0000e+00 7.1950e-05 0.0000e+00 7.1950e-05 1.9681e-01 0.0000e+00
252 0.0000e+00 0.0000e+00 7.1788e-05 0.0000e+00 7.1788e-05 1.9688e-01 0.0000e+00
253 1.0000e-03 0.0000e+00 7.1628e-05 0.0000e+00 7.1628e-05 1.9695e-01 0.0000e+00
254 0.0000e+00 0.0000e+00 7.1467e-05 0.0000e+00 7.1467e-05 1.9702e-01 0.0000e+00
255 0.0000e+00 0.0000e+00 7.1308e-05 0.0000e+00 7.1308e-05 1.9709e-01 0.0000e+00
256 0.0000e+00 0.0000e+00 7.1149e-05 0.0000e+00 7.1149e-05 1.9716e-01 0.0000e+00
257 0.0000e+00 0.0000e+00 7.0991e-05 0.0000e+00 7.0991e-05 1.9723e-01 0.0000e+00
258 0.0000e+00 0.0000e+00 7.0834e-05 0.0000e+00 7.0834e-05 1.9730e-01 0.0000e+00
259 0.0000e+00 0.0000e+00 7.0677e-05 0.0000e+00 7.0677e-05 1.9738e-01 0.0000e+00
260 0.0000e+00 0.0000e+00 7.0521e-05 0.0000e+00 7.0521e-05 1.9745e-01 0.0000e+00
261 0.0000e+00 7.5200e-05 7.0366e-05 0.0000e+00 7.0366e-05 1.9752e-01 0.0000e+00
262 1.0000e-03 1.4510e-04 7.0212e-05 0.0000e+00 7.0212e-05 1.9759e-01 0.0000e+00
263 0.0000e+00 2.0520e-04 7.0058e-05 0.0000e+00 7.0058e-05 1.9766e-01 0.0000e+00
264 0.0000e+00 2.5130e-04 6.9905e-05 0.0000e+00 6.9905e-05 1.9773e-01 0.0000e+00
265 0.0000e+00 2.7800e-04 6.9752e-05 0.0000e+00 6.9752e-05 1.9780e-01 0.0000e+00
266 0.0000e+00 2.9030e-04 6.9600e-05 0.0000e+00 6.9600e-05 1.9787e-01 0.0000e+00
267 0.0000e+00 2.7800e-04 6.9449e-05 0.0000e+00 6.9449e-05 1.9794e-01 0.0000e+00
268 0.0000e+00 2.5130e-04 6.9298e-05 0.0000e+00 6.9298e-05 1.9800e-01 0.0000e+00
269 0.0000e+00 2.0520e-04 6.9148e-05 0.0000e+00 6.9148e-05 1.9807e-01 0.0000e+00
270 0.0000e+00 1.4510e-04 6.8999e-05 0.0000e+00 6.8999e-05 1.9814e-01 0.0000e+00
271 0.0000e+00 7.0200e-05 6.8851e-05 0.0000e+00 6.8851e-05 1.9821e-01 0.0000e+00
272 0.0000e+00 0.0000e+00 6.8703e-05 0.0000e+00 6.8703e-05 1.9828e-01 0.0000e+00
273 0.0000e+00 0.0000e+00 6.8555e-05 0.0000e+00 6.8555e-05 1.9835e-01 0.0000e+00
274 0.0000e+00 0.0000e+00 6.8408e-05 0.0000e+00 6.8408e-05 1.9842e-01 0.0000e+00
275 0.0000e+00 0.0000e+00 6.8262e-05 0.0000e+00 6.8262e-05 1.9849e-01 0.0000e+00
276 0.0000e+00 0.0000e+00 6.8117e-05 0.0000e+00 6.8117e-05 1.9855e-01 0.0000e+00
277 0.0000e+00 0.0000e+00 6.7972e-05 0.0000e+00 6.7972e-05 1.9862e-01 0.0000e+00
278 0.0000e+00 0.0000e+00 6.7828e-05 0.0000e+00 6.7828e-05 1.9869e-01 0.0000e+00
279 0.0000e+00 0.0000e+00 6.7684e-05 0.0000e+00 6.7684e-05 1.9876e-01 0.0000e+00
280 0.0000e+00 0.0000e+00 6.7541e-05 0.0000e+00 6.7541e-05 1.9882e-01 0.0000e+00
281 0.0000e+00 0.0000e+00 6.7399e-05 0.0000e+00 6.7399e-05 1.9889e-01 0.0000e+00
282 0.0000e+00 0.0000e+00 6.7257e-05 0.0000e+00 6.7257e-05 1.9896e-01 0.0000e+00
283 1.0000e-03 0.0000e+00 6.7116e-05 0.0000e+00 6.7116e-05 1.9903e-01 0.0000e+00
284 5.0000e-04 0.0000e+00 6.6975e-05 0.0000e+00 6.6975e-05 1.9909e-01 0.0000e+00
285 2.5000e-03 2.4400e-05 7.0113e-05 1.7874e-05 6.6835e-05 1.9914e-01 3.2775e-06
286 6.0000e-03 4.7000e-05 1.8878e-04 6.8001e-04 6.6733e-05 1.9853e-01 1.2205e-04
287 4.0000e-03 6.6500e-05 1.4876e-04 1.0025e-03 6.8024e-05 1.9759e-01 8.0736e-05
288 1.5000e-03 8.1400e-05 9.9318e-05 1.0169e-03 7.0040e-05 1.9665e-01 2.9278e-05
289 0.0000e+00 9.0100e-05 7.2144e-05 8.8619e-04 7.2144e-05 1.9583e-01 0.0000e+00
290 0.0000e+00 9.4000e-05 7.4002e-05 7.8375e-04 7.4002e-05 1.9512e-01 0.0000e+00
291 5.0000e-04 9.0100e-05 8.0461e-05 7.2320e-04 7.5662e-05 1.9448e-01 4.7990e-06
292 0.0000e+00 8.1400e-05 7.7209e-05 6.4228e-04 7.7209e-05 1.9391e-01 0.0000e+00
293 0.0000e+00 6.6500e-05 7.8584e-05 5.7287e-04 7.8584e-05 1.9342e-01 0.0000e+00
294 1.5000e-03 4.7000e-05 1.0559e-04 6.5839e-04 7.9807e-05 1.9284e-01 2.5783e-05
295 1.0000e-03 2.2800e-05 1.0073e-04 6.8787e-04 8.1264e-05 1.9223e-01 1.9464e-05
296 0.0000e+00 0.0000e+00 8.2819e-05 6.0368e-04 8.2819e-05 1.9171e-01 0.0000e+00
297 0.0000e+00 0.0000e+00 8.4178e-05 5.3738e-04 8.4178e-05 1.9126e-01 0.0000e+00
298 0.0000e+00 0.0000e+00 8.5378e-05 4.7978e-04 8.5378e-05 1.9086e-01 0.0000e+00
299 0.0000e+00 0.0000e+00 8.6437e-05 4.2910e-04 8.6437e-05 1.9052e-01 0.0000e+00
300 0.0000e+00 0.0000e+00 8.7368e-05 3.8427e-04 8.7368e-05 1.9022e-01 0.0000e+00
301 0.0000e+00 0.0000e+00 8.8182e-05 3.4448e-04 8.8182e-05 1.8997e-01 0.0000e+00
302 0.0000e+00 0.0000e+00 8.8891e-05 3.0910e-04 8.8891e-05 1.8975e-01 0.0000e+00
303 0.0000e+00 0.0000e+00 8.9505e-05 2.7758e-04 8.9505e-05 1.8956e-01 0.0000e+00
304 0.0000e+00 0.0000e+00 9.0033e-05 2.4945e-04 9.0033e-05 1.8940e-01 0.0000e+00
305 0.0000e+00 0.0000e+00 9.0482e-05 2.2432e-04 9.0482e-05 1.8927e-01 0.0000e+00
306 0.0000e+00 0.0000e+00 9.0862e-05 2.0185e-04 9.0862e-05 1.8915e-01 0.0000e+00
307 0.0000e+00 0.0000e+00 9.1177e-05 1.8174e-04 9.1177e-05 1.8906e-01 0.0000e+00
308 0.0000e+00 0.0000e+00 9.1436e-05 1.6372e-04 9.1436e-05 1.8899e-01 0.0000e+00
309 0.0000e+00 2.8800e-05 9.1642e-05 1.4757e-04 9.1642e-05 1.8894e-01 0.0000e+00
310 5.0000e-04 5.5500e-05 1.0096e-04 1.8703e-04 9.1803e-05 1.8884e-01 9.1584e-06
311 0.0000e+00 7.8500e-05 9.2076e-05 1.6263e-04 9.2076e-05 1.8877e-01 0.0000e+00
312 0.0000e+00 9.6200e-05 9.2280e-05 1.4539e-04 9.2280e-05 1.8872e-01 0.0000e+00
313 0.0000e+00 1.0640e-04 9.2433e-05 1.3031e-04 9.2433e-05 1.8868e-01 0.0000e+00
314 0.0000e+00 1.1110e-04 9.2542e-05 1.1700e-04 9.2542e-05 1.8865e-01 0.0000e+00
315 0.0000e+00 1.0640e-04 9.2613e-05 1.0521e-04 9.2613e-05 1.8864e-01 0.0000e+00
316 0.0000e+00 9.6200e-05 9.2650e-05 9.4701e-05 9.2650e-05 1.8864e-01 0.0000e+00
317 5.0000e-04 7.8500e-05 9.2656e-05 8.5325e-05 9.2656e-05 1.8865e-01 0.0000e+00
318 1.0000e-03 5.5500e-05 1.0846e-04 1.7035e-04 9.2634e-05 1.8857e-01 1.5829e-05
319 5.0000e-04 2.6900e-05 1.0194e-04 1.9665e-04 9.2860e-05 1.8847e-01 9.0785e-06
320 0.0000e+00 0.0000e+00 9.3161e-05 1.6891e-04 9.3161e-05 1.8839e-01 0.0000e+00
321 0.0000e+00 0.0000e+00 9.3382e-05 1.4937e-04 9.3382e-05 1.8833e-01 0.0000e+00
322 1.0000e-03 0.0000e+00 1.1342e-04 2.5020e-04 9.3546e-05 1.8818e-01 1.9875e-05
323 1.0000e-03 0.0000e+00 1.1526e-04 3.3153e-04 9.4005e-05 1.8794e-01 2.1252e-05
324 0.0000e+00 0.0000e+00 9.4705e-05 2.8150e-04 9.4705e-05 1.8775e-01 0.0000e+00
325 0.0000e+00 0.0000e+00 9.5259e-05 2.4789e-04 9.5259e-05 1.8760e-01 0.0000e+00
326 0.0000e+00 0.0000e+00 9.5715e-05 2.1937e-04 9.5715e-05 1.8748e-01 0.0000e+00
327 0.0000e+00 0.0000e+00 9.6085e-05 1.9480e-04 9.6085e-05 1.8738e-01 0.0000e+00
328 0.0000e+00 0.0000e+00 9.6382e-05 1.7342e-04 9.6382e-05 1.8730e-01 0.0000e+00
329 0.0000e+00 0.0000e+00 9.6615e-05 1.5471e-04 9.6615e-05 1.8724e-01 0.0000e+00
330 0.0000e+00 0.0000e+00 9.6790e-05 1.3824e-04 9.6790e-05 1.8720e-01 0.0000e+00
331 0.0000e+00 0.0000e+00 9.6916e-05 1.2369e-04 9.6916e-05 1.8717e-01 0.0000e+00
332 0.0000e+00 0.0000e+00 9.6997e-05 1.1081e-04 9.6997e-05 1.8716e-01 0.0000e+00
333 0.0000e+00 1.1200e-05 9.7039e-05 9.9377e-05 9.7039e-05 1.8716e-01 0.0000e+00
334 0.0000e+00 2.1600e-05 9.7046e-05 8.9209e-05 9.7046e-05 1.8717e-01 0.0000e+00
335 0.0000e+00 3.0600e-05 9.7022e-05 8.0151e-05 9.7022e-05 1.8718e-01 0.0000e+00
336 0.0000e+00 3.7400e-05 9.6971e-05 7.2072e-05 9.6971e-05 1.8721e-01 0.0000e+00
337 0.0000e+00 4.1400e-05 9.6895e-05 6.4856e-05 9.6895e-05 1.8724e-01 0.0000e+00
338 5.0000e-04 4.3200e-05 1.0620e-04 1.0028e-04 9.6798e-05 1.8724e-01 9.4063e-06
339 5.0000e-04 4.1400e-05 1.0885e-04 1.4026e-04 9.6809e-05 1.8719e-01 1.2037e-05
340 1.5000e-03 3.7400e-05 1.3549e-04 2.9132e-04 9.6941e-05 1.8700e-01 3.8545e-05
341 1.5000e-03 3.0600e-05 1.3618e-04 4.1753e-04 9.7531e-05 1.8668e-01 3.8651e-05
342 1.0000e-03 2.1600e-05 1.2413e-04 4.6992e-04 9.8511e-05 1.8631e-01 2.5618e-05
343 5.0000e-04 1.0500e-05 1.1230e-04 4.6167e-04 9.9661e-05 1.8595e-01 1.2642e-05
344 1.0000e-03 0.0000e+00 1.2694e-04 5.1890e-04 1.0080e-04 1.8553e-01 2.6149e-05
345 5.0000e-04 0.0000e+00 1.1533e-04 5.0913e-04 1.0212e-04 1.8512e-01 1.3213e-05
346 0.0000e+00 0.0000e+00 1.0343e-04 4.4487e-04 1.0343e-04 1.8478e-01 0.0000e+00
347 0.0000e+00 0.0000e+00 1.0454e-04 3.9268e-04 1.0454e-04 1.8449e-01 0.0000e+00
348 0.0000e+00 0.0000e+00 1.0548e-04 3.4783e-04 1.0548e-04 1.8425e-01 0.0000e+00
349 0.0000e+00 0.0000e+00 1.0628e-04 3.0889e-04 1.0628e-04 1.8405e-01 0.0000e+00
350 0.0000e+00 0.0000e+00 1.0696e-04 2.7485e-04 1.0696e-04 1.8388e-01 0.0000e+00
351 0.0000e+00 0.0000e+00 1.0752e-04 2.4494e-04 1.0752e-04 1.8374e-01 0.0000e+00
352 0.0000e+00 0.0000e+00 1.0799e-04 2.1858e-04 1.0799e-04 1.8363e-01 0.0000e+00
353 5.0000e-04 0.0000e+00 1.2157e-04 2.5525e-04 1.0836e-04 1.8348e-01 1.3213e-05
354 0.0000e+00 0.0000e+00 1.0886e-04 2.2337e-04 1.0886e-04 1.8337e-01 0.0000e+00
355 0.0000e+00 0.0000e+00 1.0925e-04 1.9840e-04 1.0925e-04 1.8328e-01 0.0000e+00
356 0.0000e+00 0.0000e+00 1.0955e-04 1.7676e-04 1.0955e-04 1.8321e-01 0.0000e+00
357 0.0000e+00 7.2300e-05 1.0978e-04 1.5780e-04 1.0978e-04 1.8316e-01 0.0000e+00
358 0.0000e+00 1.3960e-04 1.0995e-04 1.4109e-04 1.0995e-04 1.8313e-01 0.0000e+00
359 0.0000e+00 1.9750e-04 1.1006e-04 1.2630e-04 1.1006e-04 1.8312e-01 0.0000e+00
360 0.0000e+00 2.4180e-04 1.1011e-04 1.1318e-04 1.1011e-04 1.8311e-01 0.0000e+00
361 0.0000e+00 2.6750e-04 1.1012e-04 1.0152e-04 1.1012e-04 1.8312e-01 0.0000e+00
362 0.0000e+00 2.7930e-04 1.1009e-04 9.1136e-05 1.1009e-04 1.8314e-01 0.0000e+00
363 0.0000e+00 2.6750e-04 1.1003e-04 8.1876e-05 1.1003e-04 1.8317e-01 0.0000e+00
364 0.0000e+00 2.4180e-04 1.0993e-04 7.3610e-05 1.0993e-04 1.8321e-01 0.0000e+00
365 0.0000e+00 1.9750e-04 1.0981e-04 6.6223e-05 1.0981e-04 1.8325e-01 0.0000e+00
366 0.0000e+00 1.3960e-04 1.0966e-04 5.9614e-05 1.0966e-04 1.8330e-01 0.0000e+00
367 0.0000e+00 6.7600e-05 1.0948e-04 5.3698e-05 1.0948e-04 1.8336e-01 0.0000e+00
368 0.0000e+00 0.0000e+00 1.0929e-04 4.8396e-05 1.0929e-04 1.8342e-01 0.0000e+00
369 0.0000e+00 0.0000e+00 1.0909e-04 4.3641e-05 1.0909e-04 1.8348e-01 0.0000e+00
370 0.0000e+00 0.0000e+00 1.0886e-04 3.9374e-05 1.0886e-04 1.8355e-01 0.0000e+00
371 0.0000e+00 0.0000e+00 1.0863e-04 3.5543e-05 1.0863e-04 1.8362e-01 0.0000e+00
372 0.0000e+00 0.0000e+00 1.0838e-04 3.2100e-05 1.0838e-04 1.8370e-01 0.0000e+00
373 5.0000e-04 0.0000e+00 1.0812e-04 2.9004e-05 1.0812e-04 1.8378e-01 0.0000e+00
374 7.5000e-03 0.0000e+00 2.6450e-04 7.3630e-04 1.0785e-04 1.8315e-01 1.5664e-04
375 4.5000e-03 0.0000e+00 2.2891e-04 1.1437e-03 1.0999e-04 1.8212e-01 1.1892e-04
376 2.5000e-03 0.0000e+00 1.7967e-04 1.2680e-03 1.1360e-04 1.8096e-01 6.6066e-05
377 5.0000e-04 0.0000e+00 1.3099e-04 1.1493e-03 1.1778e-04 1.7993e-01 1.3213e-05
378 0.0000e+00 0.0000e+00 1.2164e-04 1.0015e-03 1.2164e-04 1.7905e-01 0.0000e+00
379 0.0000e+00 0.0000e+00 1.2503e-04 8.7974e-04 1.2503e-04 1.7830e-01 0.0000e+00
380 0.0000e+00 0.0000e+00 1.2801e-04 7.7567e-04 1.2801e-04 1.7765e-01 0.0000e+00
381 0.0000e+00 1.7400e-05 1.3063e-04 6.8559e-04 1.3063e-04 1.7709e-01 0.0000e+00
382 0.0000e+00 3.3600e-05 1.3291e-04 6.0708e-04 1.3291e-04 1.7662e-01 0.0000e+00
383 1.0000e-03 4.7500e-05 1.5998e-04 6.5859e-04 1.3490e-04 1.7610e-01 2.5079e-05
384 1.0000e-03 5.8200e-05 1.6229e-04 6.9504e-04 1.3712e-04 1.7554e-01 2.5171e-05
385 0.0000e+00 6.4300e-05 1.3953e-04 6.0350e-04 1.3953e-04 1.7507e-01 0.0000e+00
386 5.0000e-04 6.7200e-05 1.5155e-04 5.8063e-04 1.4157e-04 1.7464e-01 9.9779e-06
387 0.0000e+00 6.4300e-05 1.4353e-04 5.0924e-04 1.4353e-04 1.7427e-01 0.0000e+00
388 0.0000e+00 5.8200e-05 1.4518e-04 4.5042e-04 1.4518e-04 1.7396e-01 0.0000e+00
389 0.0000e+00 4.7500e-05 1.4657e-04 3.9936e-04 1.4657e-04 1.7371e-01 0.0000e+00
390 5.0000e-04 3.3600e-05 1.5469e-04 3.8886e-04 1.4773e-04 1.7347e-01 6.9559e-06
391 0.0000e+00 1.6300e-05 1.4885e-04 3.4211e-04 1.4885e-04 1.7328e-01 0.0000e+00
392 5.0000e-04 0.0000e+00 1.6165e-04 3.6234e-04 1.4975e-04 1.7306e-01 1.1895e-05
393 5.0000e-04 0.0000e+00 1.6396e-04 3.8113e-04 1.5075e-04 1.7283e-01 1.3213e-05
394 0.0000e+00 0.0000e+00 1.5184e-04 3.3044e-04 1.5184e-04 1.7266e-01 0.0000e+00
395 0.0000e+00 0.0000e+00 1.5269e-04 2.9169e-04 1.5269e-04 1.7252e-01 0.0000e+00
396 0.0000e+00 0.0000e+00 1.5335e-04 2.5838e-04 1.5335e-04 1.7241e-01 0.0000e+00
397 0.0000e+00 0.0000e+00 1.5386e-04 2.2936e-04 1.5386e-04 1.7234e-01 0.0000e+00
398 0.0000e+00 0.0000e+00 1.5422e-04 2.0394e-04 1.5422e-04 1.7229e-01 0.0000e+00
399 0.0000e+00 0.0000e+00 1.5446e-04 1.8158e-04 1.5446e-04 1.7226e-01 0.0000e+00
400 0.0000e+00 0.0000e+00 1.5459e-04 1.6187e-04 1.5459e-04 1.7225e-01 0.0000e+00
401 0.0000e+00 0.0000e+00 1.5463e-04 1.4444e-04 1.5463e-04 1.7226e-01 0.0000e+00
402 1.0000e-03 0.0000e+00 1.8100e-04 2.6074e-04 1.5458e-04 1.7216e-01 2.6426e-05
403 0.0000e+00 0.0000e+00 1.5509e-04 2.1716e-04 1.5509e-04 1.7209e-01 0.0000e+00
404 0.0000e+00 0.0000e+00 1.5539e-04 1.9019e-04 1.5539e-04 1.7206e-01 0.0000e+00
405 5.0000e-04 2.4600e-05 1.6877e-04 2.3360e-04 1.5556e-04 1.7198e-01 1.3213e-05
406 5.0000e-04 4.7400e-05 1.6850e-04 2.6196e-04 1.5594e-04 1.7188e-01 1.2563e-05
407 0.0000e+00 6.7100e-05 1.5646e-04 2.2343e-04 1.5646e-04 1.7181e-01 0.0000e+00
408 5.0000e-04 8.2200e-05 1.6698e-04 2.4685e-04 1.5679e-04 1.7172e-01 1.0189e-05
409 0.0000e+00 9.0900e-05 1.5723e-04 2.1179e-04 1.5723e-04 1.7166e-01 0.0000e+00
410 0.0000e+00 9.5000e-05 1.5750e-04 1.8600e-04 1.5750e-04 1.7164e-01 0.0000e+00
411 0.0000e+00 9.0900e-05 1.5764e-04 1.6401e-04 1.5764e-04 1.7163e-01 0.0000e+00
412 0.0000e+00 8.2200e-05 1.5767e-04 1.4503e-04 1.5767e-04 1.7164e-01 0.0000e+00
413 0.0000e+00 6.7100e-05 1.5761e-04 1.2852e-04 1.5761e-04 1.7167e-01 0.0000e+00
414 0.0000e+00 4.7400e-05 1.5746e-04 1.1410e-04 1.5746e-04 1.7171e-01 0.0000e+00
415 0.0000e+00 2.3000e-05 1.5725e-04 1.0145e-04 1.5725e-04 1.7177e-01 0.0000e+00
416 0.0000e+00 0.0000e+00 1.5698e-04 9.0323e-05 1.5698e-04 1.7184e-01 0.0000e+00
417 0.0000e+00 0.0000e+00 1.5665e-04 8.0512e-05 1.5665e-04 1.7191e-01 0.0000e+00
418 0.0000e+00 0.0000e+00 1.5628e-04 7.1844e-05 1.5628e-04 1.7200e-01 0.0000e+00
419 0.0000e+00 0.0000e+00 1.5586e-04 6.4171e-05 1.5586e-04 1.7209e-01 0.0000e+00
420 0.0000e+00 0.0000e+00 1.5542e-04 5.7370e-05 1.5542e-04 1.7219e-01 0.0000e+00
421 0.0000e+00 0.0000e+00 1.5494e-04 5.1334e-05 1.5494e-04 1.7229e-01 0.0000e+00
422 0.0000e+00 0.0000e+00 1.5444e-04 4.5969e-05 1.5444e-04 1.7240e-01 0.0000e+00
423 0.0000e+00 0.0000e+00 1.5392e-04 4.1196e-05 1.5392e-04 1.7251e-01 0.0000e+00
424 0.0000e+00 0.0000e+00 1.5338e-04 3.6945e-05 1.5338e-04 1.7263e-01 0.0000e+00
425 0.0000e+00 0.0000e+00 1.5282e-04 3.3155e-05 1.5282e-04 1.7275e-01 0.0000e+00
426 0.0000e+00 0.0000e+00 1.5225e-04 2.9773e-05 1.5225e-04 1.7287e-01 0.0000e+00
427 5.0000e-04 0.0000e+00 1.5167e-04 2.6753e-05 1.5167e-04 1.7300e-01 0.0000e+00
428 2.0000e-03 0.0000e+00 2.0193e-04 2.7579e-04 1.5108e-04 1.7287e-01 5.0849e-05
429 3.0000e-03 3.2600e-05 2.3095e-04 6.1008e-04 1.5167e-04 1.7241e-01 7.9279e-05
430 2.0000e-03 6.2900e-05 2.0585e-04 7.5127e-04 1.5386e-04 1.7181e-01 5.1991e-05
431 1.0000e-03 8.9000e-05 1.8152e-04 7.4920e-04 1.5676e-04 1.7122e-01 2.4764e-05
432 0.0000e+00 1.0900e-04 1.5969e-04 6.3701e-04 1.5969e-04 1.7074e-01 0.0000e+00
433 5.0000e-04 1.2060e-04 1.7007e-04 5.9395e-04 1.6209e-04 1.7031e-01 7.9859e-06
434 0.0000e+00 1.2590e-04 1.6429e-04 5.1467e-04 1.6429e-04 1.6996e-01 0.0000e+00
435 0.0000e+00 1.2060e-04 1.6610e-04 4.5057e-04 1.6610e-04 1.6968e-01 0.0000e+00
436 0.0000e+00 1.0900e-04 1.6758e-04 3.9569e-04 1.6758e-04 1.6945e-01 0.0000e+00
437 3.5000e-03 8.9000e-05 2.6183e-04 7.4175e-04 1.6878e-04 1.6888e-01 9.3051e-05
438 0.0000e+00 6.2900e-05 1.7183e-04 6.2046e-04 1.7183e-04 1.6843e-01 0.0000e+00
439 0.0000e+00 3.0500e-05 1.7425e-04 5.3937e-04 1.7425e-04 1.6806e-01 0.0000e+00
440 0.0000e+00 0.0000e+00 1.7625e-04 4.7146e-04 1.7625e-04 1.6777e-01 0.0000e+00
441 0.0000e+00 0.0000e+00 1.7789e-04 4.1367e-04 1.7789e-04 1.6753e-01 0.0000e+00
442 0.0000e+00 0.0000e+00 1.7920e-04 3.6397e-04 1.7920e-04 1.6735e-01 0.0000e+00
443 0.0000e+00 0.0000e+00 1.8024e-04 3.2093e-04 1.8024e-04 1.6721e-01 0.0000e+00
444 5.0000e-04 0.0000e+00 1.9092e-04 3.2542e-04 1.8103e-04 1.6706e-01 9.8884e-06
445 0.0000e+00 0.0000e+00 1.8185e-04 2.8393e-04 1.8185e-04 1.6696e-01 0.0000e+00
446 0.0000e+00 0.0000e+00 1.8243e-04 2.5032e-04 1.8243e-04 1.6689e-01 0.0000e+00
447 0.0000e+00 0.0000e+00 1.8282e-04 2.2124e-04 1.8282e-04 1.6685e-01 0.0000e+00
448 0.0000e+00 0.0000e+00 1.8304e-04 1.9589e-04 1.8304e-04 1.6684e-01 0.0000e+00
449 0.0000e+00 0.0000e+00 1.8311e-04 1.7371e-04 1.8311e-04 1.6685e-01 0.0000e+00
450 0.0000e+00 0.0000e+00 1.8306e-04 1.5422e-04 1.8306e-04 1.6688e-01 0.0000e+00
451 0.0000e+00 0.0000e+00 1.8290e-04 1.3708e-04 1.8290e-04 1.6693e-01 0.0000e+00
452 5.0000e-04 0.0000e+00 1.9819e-04 1.8809e-04 1.8263e-04 1.6692e-01 1.5557e-05
453 0.0000e+00 2.2400e-05 1.8267e-04 1.6074e-04 1.8267e-04 1.6694e-01 0.0000e+00
454 0.0000e+00 4.3300e-05 1.8254e-04 1.4108e-04 1.8254e-04 1.6698e-01 0.0000e+00
455 0.0000e+00 6.1200e-05 1.8230e-04 1.2440e-04 1.8230e-04 1.6704e-01 0.0000e+00
456 0.0000e+00 7.5000e-05 1.8197e-04 1.1004e-04 1.8197e-04 1.6711e-01 0.0000e+00
457 0.0000e+00 8.3000e-05 1.8157e-04 9.7560e-05 1.8157e-04 1.6720e-01 0.0000e+00
458 0.0000e+00 8.6600e-05 1.8109e-04 8.6646e-05 1.8109e-04 1.6729e-01 0.0000e+00
459 0.0000e+00 8.3000e-05 1.8056e-04 7.7065e-05 1.8056e-04 1.6739e-01 0.0000e+00
460 0.0000e+00 7.5000e-05 1.7997e-04 6.8629e-05 1.7997e-04 1.6751e-01 0.0000e+00
461 0.0000e+00 6.1200e-05 1.7935e-04 6.1185e-05 1.7935e-04 1.6762e-01 0.0000e+00
462 0.0000e+00 4.3300e-05 1.7869e-04 5.4602e-05 1.7869e-04 1.6775e-01 0.0000e+00
463 0.0000e+00 2.1000e-05 1.7800e-04 4.8773e-05 1.7800e-04 1.6788e-01 0.0000e+00
464 0.0000e+00 0.0000e+00 1.7728e-04 4.3603e-05 1.7728e-04 1.6801e-01 0.0000e+00
465 1.0000e-03 0.0000e+00 1.8739e-04 8.4756e-05 1.7654e-04 1.6810e-01 1.0854e-05
466 5.0000e-04 0.0000e+00 1.9159e-04 1.3658e-04 1.7603e-04 1.6814e-01 1.5557e-05
467 0.0000e+00 0.0000e+00 1.7582e-04 1.1379e-04 1.7582e-04 1.6820e-01 0.0000e+00
468 0.0000e+00 0.0000e+00 1.7548e-04 9.8516e-05 1.7548e-04 1.6828e-01 0.0000e+00
469 5.0000e-04 0.0000e+00 1.9061e-04 1.5138e-04 1.7505e-04 1.6831e-01 1.5557e-05
470 0.0000e+00 0.0000e+00 1.7492e-04 1.2712e-04 1.7492e-04 1.6835e-01 0.0000e+00
471 0.0000e+00 0.0000e+00 1.7466e-04 1.1038e-04 1.7466e-04 1.6842e-01 0.0000e+00
472 5.0000e-04 0.0000e+00 1.8987e-04 1.6181e-04 1.7431e-04 1.6843e-01 1.5557e-05
473 5.0000e-04 0.0000e+00 1.8980e-04 2.0173e-04 1.7425e-04 1.6840e-01 1.5557e-05
474 0.0000e+00 0.0000e+00 1.7439e-04 1.7032e-04 1.7439e-04 1.6841e-01 0.0000e+00
475 0.0000e+00 0.0000e+00 1.7437e-04 1.4775e-04 1.7437e-04 1.6843e-01 0.0000e+00
476 0.0000e+00 0.0000e+00 1.7423e-04 1.2898e-04 1.7423e-04 1.6848e-01 0.0000e+00
477 0.0000e+00 9.2000e-06 1.7398e-04 1.1309e-04 1.7398e-04 1.6854e-01 0.0000e+00
478 0.0000e+00 1.7800e-05 1.7365e-04 9.9479e-05 1.7365e-04 1.6861e-01 0.0000e+00
479 0.0000e+00 2.5200e-05 1.7325e-04 8.7727e-05 1.7325e-04 1.6870e-01 0.0000e+00
480 0.0000e+00 3.0900e-05 1.7279e-04 7.7525e-05 1.7279e-04 1.6879e-01 0.0000e+00
481 0.0000e+00 3.4200e-05 1.7227e-04 6.8630e-05 1.7227e-04 1.6890e-01 0.0000e+00
482 5.0000e-04 3.5700e-05 1.8363e-04 1.1071e-04 1.7172e-04 1.6896e-01 1.1911e-05
483 2.5000e-03 3.4200e-05 2.4806e-04 4.1430e-04 1.7139e-04 1.6872e-01 7.6676e-05
484 1.0000e-03 3.0900e-05 2.0275e-04 4.6231e-04 1.7269e-04 1.6843e-01 3.0051e-05
485 0.0000e+00 2.5200e-05 1.7426e-04 3.8901e-04 1.7426e-04 1.6821e-01 0.0000e+00
486 1.0000e-03 1.7800e-05 2.0481e-04 4.5931e-04 1.7544e-04 1.6793e-01 2.9370e-05
487 0.0000e+00 8.6000e-06 1.7700e-04 3.8991e-04 1.7700e-04 1.6771e-01 0.0000e+00
488 0.0000e+00 0.0000e+00 1.7818e-04 3.3850e-04 1.7818e-04 1.6755e-01 0.0000e+00
489 0.0000e+00 0.0000e+00 1.7908e-04 2.9543e-04 1.7908e-04 1.6744e-01 0.0000e+00
490 0.0000e+00 0.0000e+00 1.7973e-04 2.5883e-04 1.7973e-04 1.6736e-01 0.0000e+00
491 0.0000e+00 0.0000e+00 1.8017e-04 2.2741e-04 1.8017e-04 1.6731e-01 0.0000e+00
492 0.0000e+00 0.0000e+00 1.8044e-04 2.0026e-04 1.8044e-04 1.6729e-01 0.0000e+00
493 0.0000e+00 0.0000e+00 1.8055e-04 1.7669e-04 1.8055e-04 1.6730e-01 0.0000e+00
494 0.0000e+00 0.0000e+00 1.8053e-04 1.5615e-04 1.8053e-04 1.6732e-01 0.0000e+00
495 0.0000e+00 0.0000e+00 1.8039e-04 1.3820e-04 1.8039e-04 1.6736e-01 0.0000e+00
496 0.0000e+00 0.0000e+00 1.8016e-04 1.2247e-04 1.8016e-04 1.6742e-01 0.0000e+00
497 0.0000e+00 0.0000e+00 1.7983e-04 1.0866e-04 1.7983e-04 1.6749e-01 0.0000e+00
498 0.0000e+00 0.0000e+00 1.7943e-04 9.6523e-05 1.7943e-04 1.6757e-01 0.0000e+00
499 0.0000e+00 0.0000e+00 1.7897e-04 8.5826e-05 1.7897e-04 1.6767e-01 0.0000e+00
500 0.0000e+00 0.0000e+00 1.7845e-04 7.6389e-05 1.7845e-04 1.6777e-01 0.0000e+00
501 0.0000e+00 6.3800e-05 1.7788e-04 6.8051e-05 1.7788e-04 1.6788e-01 0.0000e+00
502 0.0000e+00 1.2310e-04 1.7727e-04 6.0676e-05 1.7727e-04 1.6800e-01 0.0000e+00
503 0.0000e+00 1.7420e-04 1.7662e-04 5.4145e-05 1.7662e-04 1.6812e-01 0.0000e+00
504 0.0000e+00 2.1330e-04 1.7595e-04 4.8355e-05 1.7595e-04 1.6825e-01 0.0000e+00
505 0.0000e+00 2.3600e-04 1.7525e-04 4.3217e-05 1.7525e-04 1.6838e-01 0.0000e+00
506 0.0000e+00 2.4640e-04 1.7453e-04 3.8652e-05 1.7453e-04 1.6851e-01 0.0000e+00
507 0.0000e+00 2.3600e-04 1.7379e-04 3.4593e-05 1.7379e-04 1.6865e-01 0.0000e+00
508 0.0000e+00 2.1330e-04 1.7303e-04 3.0981e-05 1.7303e-04 1.6880e-01 0.0000e+00
509 0.0000e+00 1.7420e-04 1.7227e-04 2.7764e-05 1.7227e-04 1.6894e-01 0.0000e+00
510 0.0000e+00 1.2310e-04 1.7149e-04 2.4897e-05 1.7149e-04 1.6909e-01 0.0000e+00
511 0.0000e+00 5.9600e-05 1.7071e-04 2.2339e-05 1.7071e-04 1.6923e-01 0.0000e+00
512 0.0000e+00 0.0000e+00 1.6992e-04 2.0055e-05 1.6992e-04 1.6938e-01 0.0000e+00
513 0.0000e+00 0.0000e+00 1.6912e-04 1.8015e-05 1.6912e-04 1.6954e-01 0.0000e+00
514 0.0000e+00 0.0000e+00 1.6833e-04 1.6192e-05 1.6833e-04 1.6969e-01 0.0000e+00
515 0.0000e+00 0.0000e+00 1.6753e-04 1.4560e-05 1.6753e-04 1.6984e-01 0.0000e+00
516 0.0000e+00 0.0000e+00 1.6673e-04 1.3100e-05 1.6673e-04 1.6999e-01 0.0000e+00
517 0.0000e+00 0.0000e+00 1.6593e-04 1.1791e-05 1.6593e-04 1.7015e-01 0.0000e+00
518 0.0000e+00 0.0000e+00 1.6513e-04 1.0619e-05 1.6513e-04 1.7030e-01 0.0000e+00
519 0.0000e+00 0.0000e+00 1.6434e-04 9.5680e-06 1.6434e-04 1.7046e-01 0.0000e+00
520 0.0000e+00 0.0000e+00 1.6355e-04 8.6248e-06 1.6355e-04 1.7061e-01 0.0000e+00
521 0.0000e+00 0.0000e+00 1.6276e-04 7.7780e-06 1.6276e-04 1.7077e-01 0.0000e+00
522 0.0000e+00 0.0000e+00 1.6197e-04 7.0174e-06 1.6197e-04 1.7092e-01 0.0000e+00
523 0.0000e+00 0.0000e+00 1.6119e-04 6.3339e-06 1.6119e-04 1.7108e-01 0.0000e+00
524 0.0000e+00 0.0000e+00 1.6041e-04 5.7193e-06 1.6041e-04 1.7123e-01 0.0000e+00
525 0.0000e+00 4.1700e-05 1.5964e-04 5.1664e-06 1.5964e-04 1.7139e-01 0.0000e+00
526 0.0000e+00 8.0400e-05 1.5887e-04 4.6688e-06 1.5887e-04 1.7154e-01 0.0000e+00
527 0.0000e+00 1.1380e-04 1.5810e-04 4.2202e-06 1.5810e-04 1.7169e-01 0.0000e+00
528 0.0000e+00 1.3930e-04 1.5734e-04 3.8167e-06 1.5734e-04 1.7185e-01 0.0000e+00
529 0.0000e+00 1.5420e-04 1.5659e-04 3.4530e-06 1.5659e-04 1.7200e-01 0.0000e+00
530 0.0000e+00 1.6090e-04 1.5584e-04 3.1251e-06 1.5584e-04 1.7215e-01 0.0000e+00
531 0.0000e+00 1.5420e-04 1.5510e-04 2.8293e-06 1.5510e-04 1.7231e-01 0.0000e+00
532 0.0000e+00 1.3930e-04 1.5437e-04 2.5624e-06 1.5437e-04 1.7246e-01 0.0000e+00
533 0.0000e+00 1.1380e-04 1.5364e-04 2.3215e-06 1.5364e-04 1.7261e-01 0.0000e+00
534 0.0000e+00 8.0400e-05 1.5291e-04 2.1039e-06 1.5291e-04 1.7276e-01 0.0000e+00
535 0.0000e+00 3.8900e-05 1.5219e-04 1.9073e-06 1.5219e-04 1.7291e-01 0.0000e+00
536 0.0000e+00 0.0000e+00 1.5148e-04 1.7296e-06 1.5148e-04 1.7306e-01 0.0000e+00
537 0.0000e+00 0.0000e+00 1.5077e-04 1.5683e-06 1.5077e-04 1.7321e-01 0.0000e+00
538 0.0000e+00 0.0000e+00 1.5007e-04 1.4231e-06 1.5007e-04 1.7336e-01 0.0000e+00
539 0.0000e+00 0.0000e+00 1.4937e-04 1.2918e-06 1.4937e-04 1.7351e-01 0.0000e+00
540 0.0000e+00 0.0000e+00 1.4868e-04 1.1729e-06 1.4868e-04 1.7365e-01 0.0000e+00
541 0.0000e+00 0.0000e+00 1.4800e-04 1.0652e-06 1.4800e-04 1.7380e-01 0.0000e+00
542 0.0000e+00 0.0000e+00 1.4732e-04 9.6774e-07 1.4732e-04 1.7395e-01 0.0000e+00
543 0.0000e+00 0.0000e+00 1.4665e-04 8.7941e-07 1.4665e-04 1.7409e-01 0.0000e+00
544 0.0000e+00 0.0000e+00 1.4598e-04 7.9936e-07 1.4598e-04 1.7424e-01 0.0000e+00
545 0.0000e+00 0.0000e+00 1.4532e-04 7.2678e-07 1.4532e-04 1.7438e-01 0.0000e+00
546 0.0000e+00 0.0000e+00 1.4467e-04 6.6097e-07 1.4467e-04 1.7453e-01 0.0000e+00
547 0.0000e+00 0.0000e+00 1.4402e-04 6.0035e-07 1.4402e-04 1.7467e-01 0.0000e+00
548 0.0000e+00 0.0000e+00 1.4337e-04 5.4632e-07 1.4337e-04 1.7481e-01 0.0000e+00
549 0.0000e+00 2.0700e-05 1.4274e-04 4.9727e-07 1.4274e-04 1.7495e-01 0.0000e+00
550 0.0000e+00 4.0000e-05 1.4210e-04 4.5273e-07 1.4210e-04 1.7510e-01 0.0000e+00
551 0.0000e+00 5.6600e-05 1.4148e-04 4.1228e-07 1.4148e-04 1.7524e-01 0.0000e+00
552 1.0000e-03 6.9300e-05 1.4085e-04 3.7553e-07 1.4085e-04 1.7538e-01 0.0000e+00
553 1.0000e-03 7.6600e-05 1.4024e-04 3.4214e-07 1.4024e-04 1.7552e-01 0.0000e+00
554 2.0000e-03 8.0000e-05 1.5897e-04 9.3952e-05 1.3962e-04 1.7556e-01 1.9346e-05
555 1.5000e-03 7.6600e-05 1.7695e-04 2.5552e-04 1.3943e-04 1.7545e-01 3.7525e-05
556 0.0000e+00 6.9300e-05 1.3993e-04 2.0629e-04 1.3993e-04 1.7538e-01 0.0000e+00
557 5.0000e-04 5.6600e-05 1.4958e-04 2.2232e-04 1.4022e-04 1.7530e-01 9.3604e-06
558 0.0000e+00 4.0000e-05 1.4058e-04 1.8936e-04 1.4058e-04 1.7525e-01 0.0000e+00
559 0.0000e+00 1.9400e-05 1.4080e-04 1.6472e-04 1.4080e-04 1.7523e-01 0.0000e+00
560 0.0000e+00 0.0000e+00 1.4090e-04 1.4415e-04 1.4090e-04 1.7522e-01 0.0000e+00
561 0.0000e+00 0.0000e+00 1.4092e-04 1.2665e-04 1.4092e-04 1.7524e-01 0.0000e+00
562 0.0000e+00 0.0000e+00 1.4085e-04 1.1159e-04 1.4085e-04 1.7527e-01 0.0000e+00
563 0.0000e+00 0.0000e+00 1.4073e-04 9.8560e-05 1.4073e-04 1.7531e-01 0.0000e+00
564 0.0000e+00 0.0000e+00 1.4054e-04 8.7225e-05 1.4054e-04 1.7536e-01 0.0000e+00
565 5.0000e-04 0.0000e+00 1.5046e-04 1.2652e-04 1.4031e-04 1.7538e-01 1.0150e-05
566 0.0000e+00 0.0000e+00 1.4025e-04 1.0736e-04 1.4025e-04 1.7541e-01 0.0000e+00
567 0.0000e+00 0.0000e+00 1.4010e-04 9.4087e-05 1.4010e-04 1.7545e-01 0.0000e+00
568 0.0000e+00 0.0000e+00 1.3990e-04 8.2953e-05 1.3990e-04 1.7551e-01 0.0000e+00
569 0.0000e+00 0.0000e+00 1.3965e-04 7.3377e-05 1.3965e-04 1.7558e-01 0.0000e+00
570 0.0000e+00 0.0000e+00 1.3936e-04 6.5058e-05 1.3936e-04 1.7565e-01 0.0000e+00
571 0.0000e+00 0.0000e+00 1.3904e-04 5.7790e-05 1.3904e-04 1.7573e-01 0.0000e+00
572 0.0000e+00 0.0000e+00 1.3869e-04 5.1414e-05 1.3869e-04 1.7582e-01 0.0000e+00
573 3.0000e-03 3.0500e-05 2.1759e-04 4.2853e-04 1.3831e-04 1.7553e-01 7.9279e-05
574 1.0000e-03 5.8900e-05 1.6519e-04 4.6727e-04 1.3957e-04 1.7520e-01 2.5620e-05
575 2.5000e-03 8.3300e-05 2.0551e-04 7.0614e-04 1.4101e-04 1.7464e-01 6.4509e-05
576 3.5000e-03 1.0200e-04 2.3381e-04 1.0287e-03 1.4352e-04 1.7375e-01 9.0291e-05
577 1.5000e-03 1.1290e-04 1.8449e-04 1.0400e-03 1.4754e-04 1.7286e-01 3.6944e-05
578 0.0000e+00 1.1780e-04 1.5172e-04 8.8752e-04 1.5172e-04 1.7212e-01 0.0000e+00
579 0.0000e+00 1.1290e-04 1.5525e-04 7.7319e-04 1.5525e-04 1.7151e-01 0.0000e+00
580 0.0000e+00 1.0200e-04 1.5827e-04 6.7707e-04 1.5827e-04 1.7099e-01 0.0000e+00
581 0.0000e+00 8.3300e-05 1.6086e-04 5.9474e-04 1.6086e-04 1.7055e-01 0.0000e+00
582 0.0000e+00 5.8900e-05 1.6305e-04 5.2365e-04 1.6305e-04 1.7019e-01 0.0000e+00
583 0.0000e+00 2.8500e-05 1.6490e-04 4.6193e-04 1.6490e-04 1.6990e-01 0.0000e+00
584 0.0000e+00 0.0000e+00 1.6644e-04 4.0814e-04 1.6644e-04 1.6965e-01 0.0000e+00
585 0.0000e+00 0.0000e+00 1.6770e-04 3.6110e-04 1.6770e-04 1.6946e-01 0.0000e+00
586 0.0000e+00 0.0000e+00 1.6872e-04 3.1987e-04 1.6872e-04 1.6931e-01 0.0000e+00
587 0.0000e+00 0.0000e+00 1.6952e-04 2.8367e-04 1.6952e-04 1.6920e-01 0.0000e+00
588 0.0000e+00 0.0000e+00 1.7012e-04 2.5182e-04 1.7012e-04 1.6911e-01 0.0000e+00
589 5.0000e-04 0.0000e+00 1.7056e-04 2.2375e-04 1.7056e-04 1.6906e-01 0.0000e+00
590 0.0000e+00 0.0000e+00 1.7084e-04 1.9900e-04 1.7084e-04 1.6903e-01 0.0000e+00
591 0.0000e+00 0.0000e+00 1.7099e-04 1.7713e-04 1.7099e-04 1.6903e-01 0.0000e+00
592 5.0000e-04 0.0000e+00 1.8306e-04 2.0813e-04 1.7103e-04 1.6899e-01 1.2038e-05
593 0.0000e+00 0.0000e+00 1.7122e-04 1.8060e-04 1.7122e-04 1.6898e-01 0.0000e+00
594 1.0000e-03 0.0000e+00 2.0239e-04 2.8970e-04 1.7127e-04 1.6886e-01 3.1115e-05
595 0.0000e+00 0.0000e+00 1.7191e-04 2.4467e-04 1.7191e-04 1.6879e-01 0.0000e+00
596 0.0000e+00 0.0000e+00 1.7230e-04 2.1362e-04 1.7230e-04 1.6875e-01 0.0000e+00
597 0.0000e+00 6.2600e-05 1.7252e-04 1.8757e-04 1.7252e-04 1.6873e-01 0.0000e+00
598 0.0000e+00 1.2080e-04 1.7260e-04 1.6533e-04 1.7260e-04 1.6874e-01 0.0000e+00
599 0.0000e+00 1.7090e-04 1.7256e-04 1.4613e-04 1.7256e-04 1.6877e-01 0.0000e+00
600 0.0000e+00 2.0930e-04 1.7242e-04 1.2944e-04 1.7242e-04 1.6881e-01 0.0000e+00
601 0.0000e+00 2.3150e-04 1.7219e-04 1.1485e-04 1.7219e-04 1.6887e-01 0.0000e+00
602 0.0000e+00 2.4180e-04 1.7188e-04 1.0207e-04 1.7188e-04 1.6894e-01 0.0000e+00
603 0.0000e+00 2.3150e-04 1.7151e-04 9.0818e-05 1.7151e-04 1.6902e-01 0.0000e+00
604 0.0000e+00 2.0930e-04 1.7108e-04 8.0902e-05 1.7108e-04 1.6911e-01 0.0000e+00
605 0.0000e+00 1.7090e-04 1.7059e-04 7.2145e-05 1.7059e-04 1.6921e-01 0.0000e+00
606 0.0000e+00 1.2080e-04 1.7007e-04 6.4397e-05 1.7007e-04 1.6931e-01 0.0000e+00
607 0.0000e+00 5.8500e-05 1.6951e-04 5.7533e-05 1.6951e-04 1.6942e-01 0.0000e+00
608 0.0000e+00 0.0000e+00 1.6892e-04 5.1443e-05 1.6892e-04 1.6954e-01 0.0000e+00
609 0.0000e+00 0.0000e+00 1.6830e-04 4.6034e-05 1.6830e-04 1.6966e-01 0.0000e+00
610 0.0000e+00 0.0000e+00 1.6766e-04 4.1224e-05 1.6766e-04 1.6979e-01 0.0000e+00
611 0.0000e+00 0.0000e+00 1.6700e-04 3.6943e-05 1.6700e-04 1.6992e-01 0.0000e+00
612 0.0000e+00 0.0000e+00 1.6632e-04 3.3129e-05 1.6632e-04 1.7005e-01 0.0000e+00
613 0.0000e+00 0.0000e+00 1.6563e-04 2.9727e-05 1.6563e-04 1.7019e-01 0.0000e+00
614 0.0000e+00 0.0000e+00 1.6493e-04 2.6692e-05 1.6493e-04 1.7033e-01 0.0000e+00
615 0.0000e+00 0.0000e+00 1.6422e-04 2.3980e-05 1.6422e-04 1.7047e-01 0.0000e+00
616 0.0000e+00 0.0000e+00 1.6350e-04 2.1556e-05 1.6350e-04 1.7061e-01 0.0000e+00
617 0.0000e+00 0.0000e+00 1.6277e-04 1.9388e-05 1.6277e-04 1.7075e-01 0.0000e+00
618 0.0000e+00 0.0000e+00 1.6205e-04 1.7448e-05 1.6205e-04 1.7090e-01 0.0000e+00
619 0.0000e+00 0.0000e+00 1.6132e-04 1.5709e-05 1.6132e-04 1.7104e-01 0.0000e+00
620 0.0000e+00 0.0000e+00 1.6058e-04 1.4151e-05 1.6058e-04 1.7119e-01 0.0000e+00
621 0.0000e+00 1.4200e-05 1.5985e-04 1.2754e-05 1.5985e-04 1.7134e-01 0.0000e+00
622 0.0000e+00 2.7500e-05 1.5912e-04 1.1500e-05 1.5912e-04 1.7148e-01 0.0000e+00
623 0.0000e+00 3.8900e-05 1.5838e-04 1.0374e-05 1.5838e-04 1.7163e-01 0.0000e+00
624 1.0000e-03 4.7600e-05 1.5765e-04 9.3617e-06 1.5765e-04 1.7178e-01 0.0000e+00
625 1.0000e-03 5.2700e-05 1.5897e-04 1.8684e-05 1.5692e-04 1.7192e-01 2.0431e-06
626 3.0000e-03 5.5000e-05 2.3359e-04 4.0362e-04 1.5625e-04 1.7167e-01 7.7345e-05
627 2.0000e-03 5.2700e-05 2.0886e-04 5.7177e-04 1.5746e-04 1.7126e-01 5.1399e-05
628 1.5000e-03 4.7600e-05 1.9776e-04 6.6046e-04 1.5951e-04 1.7076e-01 3.8247e-05
629 3.5000e-03 3.8900e-05 2.6134e-04 1.0026e-03 1.6203e-04 1.6992e-01 9.9311e-05
630 4.0000e-03 2.7500e-05 2.8600e-04 1.3490e-03 1.6634e-04 1.6873e-01 1.1966e-04
631 5.0000e-03 1.3300e-05 3.2732e-04 1.7824e-03 1.7260e-04 1.6712e-01 1.5472e-04
632 0.0000e+00 0.0000e+00 1.8151e-04 1.5064e-03 1.8151e-04 1.6580e-01 0.0000e+00
633 0.0000e+00 0.0000e+00 1.8918e-04 1.3064e-03 1.8918e-04 1.6468e-01 0.0000e+00
634 1.0000e-03 0.0000e+00 2.2660e-04 1.2712e-03 1.9590e-04 1.6361e-01 3.0701e-05
635 2.5000e-03 0.0000e+00 2.8039e-04 1.4404e-03 2.0260e-04 1.6237e-01 7.7787e-05
636 3.5000e-03 0.0000e+00 3.1949e-04 1.7120e-03 2.1059e-04 1.6087e-01 1.0890e-04
637 3.0000e-03 0.0000e+00 3.1405e-04 1.8704e-03 2.2071e-04 1.5922e-01 9.3344e-05
638 0.0000e+00 0.0000e+00 2.3238e-04 1.5906e-03 2.3238e-04 1.5786e-01 0.0000e+00
639 5.0000e-04 0.0000e+00 2.5801e-04 1.4515e-03 2.4246e-04 1.5665e-01 1.5557e-05
640 0.0000e+00 0.0000e+00 2.5179e-04 1.2580e-03 2.5179e-04 1.5564e-01 0.0000e+00
641 5.0000e-04 0.0000e+00 2.7539e-04 1.1707e-03 2.5984e-04 1.5473e-01 1.5557e-05
642 0.0000e+00 0.0000e+00 2.6734e-04 1.0150e-03 2.6734e-04 1.5398e-01 0.0000e+00
643 5.0000e-04 0.0000e+00 2.8922e-04 9.6120e-04 2.7366e-04 1.5330e-01 1.5557e-05
644 0.0000e+00 0.0000e+00 2.7960e-04 8.3167e-04 2.7960e-04 1.5274e-01 0.0000e+00
645 0.0000e+00 1.6900e-05 2.8447e-04 7.2705e-04 2.8447e-04 1.5230e-01 0.0000e+00
646 0.0000e+00 3.2600e-05 2.8843e-04 6.3675e-04 2.8843e-04 1.5195e-01 0.0000e+00
647 0.0000e+00 4.6100e-05 2.9159e-04 5.5841e-04 2.9159e-04 1.5169e-01 0.0000e+00
648 0.0000e+00 5.6400e-05 2.9403e-04 4.9028e-04 2.9403e-04 1.5149e-01 0.0000e+00
649 0.0000e+00 6.2400e-05 2.9584e-04 4.3094e-04 2.9584e-04 1.5136e-01 0.0000e+00
650 0.0000e+00 6.5200e-05 2.9709e-04 3.7915e-04 2.9709e-04 1.5127e-01 0.0000e+00
651 0.0000e+00 6.2400e-05 2.9785e-04 3.3391e-04 2.9785e-04 1.5124e-01 0.0000e+00
652 0.0000e+00 5.6400e-05 2.9819e-04 2.9435e-04 2.9819e-04 1.5124e-01 0.0000e+00
653 0.0000e+00 4.6100e-05 2.9815e-04 2.5971e-04 2.9815e-04 1.5128e-01 0.0000e+00
654 0.0000e+00 3.2600e-05 2.9779e-04 2.2935e-04 2.9779e-04 1.5135e-01 0.0000e+00
655 0.0000e+00 1.5800e-05 2.9716e-04 2.0271e-04 2.9716e-04 1.5144e-01 0.0000e+00
656 0.0000e+00 0.0000e+00 2.9628e-04 1.7932e-04 2.9628e-04 1.5156e-01 0.0000e+00
657 0.0000e+00 0.0000e+00 2.9520e-04 1.5877e-04 2.9520e-04 1.5170e-01 0.0000e+00
658 0.0000e+00 0.0000e+00 2.9394e-04 1.4068e-04 2.9394e-04 1.5185e-01 0.0000e+00
659 0.0000e+00 0.0000e+00 2.9254e-04 1.2476e-04 2.9254e-04 1.5202e-01 0.0000e+00
660 0.0000e+00 0.0000e+00 2.9101e-04 1.1072e-04 2.9101e-04 1.5220e-01 0.0000e+00
661 0.0000e+00 0.0000e+00 2.8937e-04 9.8339e-05 2.8937e-04 1.5239e-01 0.0000e+00
662 0.0000e+00 0.0000e+00 2.8765e-04 8.7408e-05 2.8765e-04 1.5259e-01 0.0000e+00
663 0.0000e+00 0.0000e+00 2.8586e-04 7.7749e-05 2.8586e-04 1.5280e-01 0.0000e+00
664 0.0000e+00 0.0000e+00 2.8400e-04 6.9207e-05 2.8400e-04 1.5301e-01 0.0000e+00
665 0.0000e+00 0.0000e+00 2.8210e-04 6.1645e-05 2.8210e-04 1.5323e-01 0.0000e+00
666 5.0000e-04 0.0000e+00 2.8046e-04 5.6340e-05 2.8017e-04 1.5346e-01 2.8846e-07
667 0.0000e+00 0.0000e+00 2.7822e-04 5.0027e-05 2.7822e-04 1.5368e-01 0.0000e+00
668 5.0000e-04 0.0000e+00 2.9180e-04 1.1928e-04 2.7624e-04 1.5384e-01 1.5557e-05
669 5.0000e-04 1.5300e-05 2.9044e-04 1.6914e-04 2.7489e-04 1.5395e-01 1.5557e-05
670 0.0000e+00 2.9500e-05 2.7398e-04 1.3626e-04 2.7398e-04 1.5408e-01 0.0000e+00
671 1.0000e-03 4.1700e-05 3.0252e-04 2.5872e-04 2.7280e-04 1.5410e-01 2.9721e-05
672 0.0000e+00 5.1100e-05 2.7268e-04 2.0554e-04 2.7268e-04 1.5417e-01 0.0000e+00
673 0.0000e+00 5.6500e-05 2.7211e-04 1.7531e-04 2.7211e-04 1.5426e-01 0.0000e+00
674 0.0000e+00 5.9000e-05 2.7129e-04 1.5093e-04 2.7129e-04 1.5438e-01 0.0000e+00
675 5.0000e-04 5.6500e-05 2.7936e-04 1.7397e-04 2.7027e-04 1.5448e-01 9.0862e-06
676 5.0000e-04 5.1100e-05 2.8326e-04 2.1131e-04 2.6946e-04 1.5454e-01 1.3799e-05
677 0.0000e+00 4.1700e-05 2.6897e-04 1.7455e-04 2.6897e-04 1.5463e-01 0.0000e+00
678 0.0000e+00 2.9500e-05 2.6818e-04 1.5022e-04 2.6818e-04 1.5475e-01 0.0000e+00
679 1.0000e-03 1.4300e-05 2.9450e-04 2.5980e-04 2.6719e-04 1.5476e-01 2.7312e-05
680 1.0000e-03 0.0000e+00 2.9780e-04 3.5503e-04 2.6713e-04 1.5467e-01 3.0670e-05
681 0.0000e+00 0.0000e+00 2.6786e-04 2.8762e-04 2.6786e-04 1.5465e-01 0.0000e+00
682 0.0000e+00 0.0000e+00 2.6803e-04 2.4570e-04 2.6803e-04 1.5467e-01 0.0000e+00
683 0.0000e+00 0.0000e+00 2.6784e-04 2.1174e-04 2.6784e-04 1.5473e-01 0.0000e+00
684 0.0000e+00 0.0000e+00 2.6737e-04 1.8342e-04 2.6737e-04 1.5481e-01 0.0000e+00
685 0.0000e+00 0.0000e+00 2.6667e-04 1.5951e-04 2.6667e-04 1.5492e-01 0.0000e+00
686 0.0000e+00 0.0000e+00 2.6578e-04 1.3914e-04 2.6578e-04 1.5505e-01 0.0000e+00
687 0.0000e+00 0.0000e+00 2.6473e-04 1.2169e-04 2.6473e-04 1.5519e-01 0.0000e+00
688 0.0000e+00 0.0000e+00 2.6355e-04 1.0666e-04 2.6355e-04 1.5535e-01 0.0000e+00
689 0.0000e+00 0.0000e+00 2.6226e-04 9.3659e-05 2.6226e-04 1.5551e-01 0.0000e+00
690 0.0000e+00 0.0000e+00 2.6088e-04 8.2385e-05 2.6088e-04 1.5569e-01 0.0000e+00
691 0.0000e+00 0.0000e+00 2.5943e-04 7.2580e-05 2.5943e-04 1.5588e-01 0.0000e+00
692 0.0000e+00 0.0000e+00 2.5792e-04 6.4033e-05 2.5792e-04 1.5607e-01 0.0000e+00
693 0.0000e+00 5.6100e-05 2.5636e-04 5.6566e-05 2.5636e-04 1.5627e-01 0.0000e+00
694 0.0000e+00 1.0830e-04 2.5477e-04 5.0030e-05 2.5477e-04 1.5648e-01 0.0000e+00
695 0.0000e+00 1.5320e-04 2.5314e-04 4.4300e-05 2.5314e-04 1.5669e-01 0.0000e+00
696 0.0000e+00 1.8770e-04 2.5150e-04 3.9269e-05 2.5150e-04 1.5690e-01 0.0000e+00
697 0.0000e+00 2.0760e-04 2.4983e-04 3.4845e-05 2.4983e-04 1.5711e-01 0.0000e+00
698 0.0000e+00 2.1680e-04 2.4816e-04 3.0949e-05 2.4816e-04 1.5733e-01 0.0000e+00
699 0.0000e+00 2.0760e-04 2.4648e-04 2.7513e-05 2.4648e-04 1.5755e-01 0.0000e+00
700 5.0000e-04 1.8770e-04 2.4480e-04 2.4481e-05 2.4480e-04 1.5777e-01 0.0000e+00
701 0.0000e+00 1.5320e-04 2.4312e-04 2.1801e-05 2.4312e-04 1.5799e-01 0.0000e+00
702 0.0000e+00 1.0830e-04 2.4145e-04 1.9430e-05 2.4145e-04 1.5821e-01 0.0000e+00
703 0.0000e+00 5.2400e-05 2.3978e-04 1.7331e-05 2.3978e-04 1.5844e-01 0.0000e+00
704 0.0000e+00 0.0000e+00 2.3812e-04 1.5469e-05 2.3812e-04 1.5866e-01 0.0000e+00
705 0.0000e+00 0.0000e+00 2.3646e-04 1.3817e-05 2.3646e-04 1.5888e-01 0.0000e+00
706 0.0000e+00 0.0000e+00 2.3483e-04 1.2351e-05 2.3483e-04 1.5910e-01 0.0000e+00
707 0.0000e+00 0.0000e+00 2.3320e-04 1.1047e-05 2.3320e-04 1.5933e-01 0.0000e+00
708 0.0000e+00 0.0000e+00 2.3159e-04 9.8874e-06 2.3159e-04 1.5955e-01 0.0000e+00
709 0.0000e+00 0.0000e+00 2.2999e-04 8.8550e-06 2.2999e-04 1.5977e-01 0.0000e+00
710 0.0000e+00 0.0000e+00 2.2840e-04 7.9351e-06 2.2840e-04 1.5999e-01 0.0000e+00
711 0.0000e+00 0.0000e+00 2.2683e-04 7.1150e-06 2.2683e-04 1.6021e-01 0.0000e+00
712 0.0000e+00 0.0000e+00 2.2528e-04 6.3832e-06 2.2528e-04 1.6043e-01 0.0000e+00
713 0.0000e+00 0.0000e+00 2.2375e-04 5.7298e-06 2.2375e-04 1.6065e-01 0.0000e+00
714 0.0000e+00 0.0000e+00 2.2223e-04 5.1455e-06 2.2223e-04 1.6086e-01 0.0000e+00
715 0.0000e+00 0.0000e+00 2.2072e-04 4.6237e-06 2.2072e-04 1.6108e-01 0.0000e+00
716 0.0000e+00 0.0000e+00 2.1924e-04 4.1570e-06 2.1924e-04 1.6129e-01 0.0000e+00
717 0.0000e+00 8.5600e-05 2.1777e-04 3.7391e-06 2.1777e-04 1.6151e-01 0.0000e+00
718 0.0000e+00 1.6520e-04 2.1632e-04 3.3649e-06 2.1632e-04 1.6172e-01 0.0000e+00
719 0.0000e+00 2.3380e-04 2.1488e-04 3.0295e-06 2.1488e-04 1.6193e-01 0.0000e+00
720 0.0000e+00 2.8620e-04 2.1347e-04 2.7288e-06 2.1347e-04 1.6214e-01 0.0000e+00
721 0.0000e+00 3.1670e-04 2.1206e-04 2.4590e-06 2.1206e-04 1.6235e-01 0.0000e+00
722 0.0000e+00 3.3060e-04 2.1068e-04 2.2168e-06 2.1068e-04 1.6256e-01 0.0000e+00
723 0.0000e+00 3.1670e-04 2.0931e-04 1.9986e-06 2.0931e-04 1.6277e-01 0.0000e+00
724 0.0000e+00 2.8620e-04 2.0796e-04 1.8033e-06 2.0796e-04 1.6298e-01 0.0000e+00
725 0.0000e+00 2.3380e-04 2.0663e-04 1.6278e-06 2.0663e-04 1.6318e-01 0.0000e+00
726 0.0000e+00 1.6520e-04 2.0531e-04 1.4699e-06 2.0531e-04 1.6338e-01 0.0000e+00
727 0.0000e+00 8.0000e-05 2.0400e-04 1.3279e-06 2.0400e-04 1.6359e-01 0.0000e+00
728 0.0000e+00 0.0000e+00 2.0271e-04 1.2000e-06 2.0271e-04 1.6379e-01 0.0000e+00
729 0.0000e+00 0.0000e+00 2.0144e-04 1.0848e-06 2.0144e-04 1.6399e-01 0.0000e+00
730 0.0000e+00 0.0000e+00 2.0018e-04 9.8101e-07 2.0018e-04 1.6419e-01 0.0000e+00
731 0.0000e+00 0.0000e+00 1.9894e-04 8.8748e-07 1.9894e-04 1.6439e-01 0.0000e+00
732 0.0000e+00 0.0000e+00 1.9771e-04 8.0313e-07 1.9771e-04 1.6458e-01 0.0000e+00
733 0.0000e+00 0.0000e+00 1.9650e-04 7.2606e-07 1.9650e-04 1.6478e-01 0.0000e+00
734 0.0000e+00 0.0000e+00 1.9530e-04 6.5757e-07 1.9530e-04 1.6497e-01 0.0000e+00
735 0.0000e+00 0.0000e+00 1.9412e-04 5.9572e-07 1.9412e-04 1.6517e-01 0.0000e+00
736 0.0000e+00 0.0000e+00 1.9295e-04 5.3986e-07 1.9295e-04 1.6536e-01 0.0000e+00
737 0.0000e+00 0.0000e+00 1.9179e-04 4.8938e-07 1.9179e-04 1.6555e-01 0.0000e+00
738 0.0000e+00 0.0000e+00 1.9065e-04 4.4375e-07 1.9065e-04 1.6574e-01 0.0000e+00
739 0.0000e+00 0.0000e+00 1.8952e-04 4.0250e-07 1.8952e-04 1.6593e-01 0.0000e+00
740 0.0000e+00 0.0000e+00 1.8840e-04 3.6519e-07 1.8840e-04 1.6612e-01 0.0000e+00
741 0.0000e+00 7.4700e-05 1.8730e-04 3.3143e-07 1.8730e-04 1.6631e-01 0.0000e+00
742 0.0000e+00 1.4410e-04 1.8621e-04 3.0087e-07 1.8621e-04 1.6649e-01 0.0000e+00
743 0.0000e+00 2.0380e-04 1.8513e-04 2.7188e-07 1.8513e-04 1.6668e-01 0.0000e+00
744 0.0000e+00 2.4960e-04 1.8406e-04 2.4702e-07 1.8406e-04 1.6686e-01 0.0000e+00
745 0.0000e+00 2.7610e-04 1.8301e-04 2.2449e-07 1.8301e-04 1.6704e-01 0.0000e+00
746 0.0000e+00 2.8830e-04 1.8197e-04 2.0406e-07 1.8197e-04 1.6722e-01 0.0000e+00
747 0.0000e+00 2.7610e-04 1.8093e-04 1.8553e-07 1.8093e-04 1.6741e-01 0.0000e+00
748 0.0000e+00 2.4960e-04 1.7992e-04 1.6873e-07 1.7992e-04 1.6758e-01 0.0000e+00
749 0.0000e+00 2.0380e-04 1.7891e-04 1.5349e-07 1.7891e-04 1.6776e-01 0.0000e+00
750 0.0000e+00 1.4410e-04 1.7791e-04 1.3965e-07 1.7791e-04 1.6794e-01 0.0000e+00
751 0.0000e+00 6.9800e-05 1.7693e-04 1.2710e-07 1.7693e-04 1.6812e-01 0.0000e+00
752 0.0000e+00 0.0000e+00 1.7595e-04 1.1569e-07 1.7595e-04 1.6829e-01 0.0000e+00
753 0.0000e+00 0.0000e+00 1.7499e-04 1.0380e-07 1.7499e-04 1.6847e-01 0.0000e+00
754 0.0000e+00 0.0000e+00 1.7403e-04 9.4583e-08 1.7403e-04 1.6864e-01 0.0000e+00
755 0.0000e+00 0.0000e+00 1.7309e-04 8.6203e-08 1.7309e-04 1.6882e-01 0.0000e+00
756 0.0000e+00 0.0000e+00 1.7216e-04 7.8581e-08 1.7216e-04 1.6899e-01 0.0000e+00
757 0.0000e+00 0.0000e+00 1.7123e-04 7.1647e-08 1.7123e-04 1.6916e-01 0.0000e+00
758 0.0000e+00 0.0000e+00 1.7032e-04 6.5337e-08 1.7032e-04 1.6933e-01 0.0000e+00
759 0.0000e+00 0.0000e+00 1.6942e-04 5.9594e-08 1.6942e-04 1.6950e-01 0.0000e+00
760 0.0000e+00 0.0000e+00 1.6852e-04 5.4367e-08 1.6852e-04 1.6967e-01 0.0000e+00
761 0.0000e+00 0.0000e+00 1.6764e-04 4.9606e-08 1.6764e-04 1.6983e-01 0.0000e+00
762 0.0000e+00 0.0000e+00 1.6676e-04 4.5271e-08 1.6676e-04 1.7000e-01 0.0000e+00
763 0.0000e+00 0.0000e+00 1.6589e-04 3.9739e-08 1.6589e-04 1.7017e-01 0.0000e+00
764 0.0000e+00 0.0000e+00 1.6504e-04 3.6318e-08 1.6504e-04 1.7033e-01 0.0000e+00
765 0.0000e+00 9.6700e-05 1.6419e-04 3.3196e-08 1.6419e-04 1.7050e-01 0.0000e+00
766 0.0000e+00 1.8660e-04 1.6335e-04 3.0348e-08 1.6335e-04 1.7066e-01 0.0000e+00
767 0.0000e+00 2.6400e-04 1.6252e-04 2.7748e-08 1.6252e-04 1.7082e-01 0.0000e+00
768 0.0000e+00 3.2330e-04 1.6169e-04 2.5374e-08 1.6169e-04 1.7098e-01 0.0000e+00
769 0.0000e+00 3.5770e-04 1.6088e-04 2.3207e-08 1.6088e-04 1.7114e-01 0.0000e+00
770 0.0000e+00 3.7350e-04 1.6007e-04 2.1228e-08 1.6007e-04 1.7130e-01 0.0000e+00
771 0.0000e+00 3.5770e-04 1.5927e-04 1.9421e-08 1.5927e-04 1.7146e-01 0.0000e+00
772 0.0000e+00 3.2330e-04 1.5848e-04 1.7770e-08 1.5848e-04 1.7162e-01 0.0000e+00
773 0.0000e+00 2.6400e-04 1.5770e-04 1.6262e-08 1.5770e-04 1.7178e-01 0.0000e+00
774 0.0000e+00 1.8660e-04 1.5692e-04 1.3510e-08 1.5692e-04 1.7194e-01 0.0000e+00
775 0.0000e+00 9.0400e-05 1.5616e-04 1.2388e-08 1.5616e-04 1.7209e-01 0.0000e+00
776 0.0000e+00 0.0000e+00 1.5540e-04 1.1361e-08 1.5540e-04 1.7225e-01 0.0000e+00
777 0.0000e+00 0.0000e+00 1.5464e-04 1.0421e-08 1.5464e-04 1.7240e-01 0.0000e+00
778 0.0000e+00 0.0000e+00 1.5390e-04 9.5587e-09 1.5390e-04 1.7256e-01 0.0000e+00
779 0.0000e+00 0.0000e+00 1.5316e-04 8.7691e-09 1.5316e-04 1.7271e-01 0.0000e+00
780 0.0000e+00 0.0000e+00 1.5243e-04 8.0455e-09 1.5243e-04 1.7286e-01 0.0000e+00
781 0.0000e+00 0.0000e+00 1.5170e-04 7.3825e-09 1.5170e-04 1.7301e-01 0.0000e+00
782 0.0000e+00 0.0000e+00 1.5099e-04 6.7748e-09 1.5099e-04 1.7317e-01 0.0000e+00
783 0.0000e+00 0.0000e+00 1.5028e-04 6.2178e-09 1.5028e-04 1.7332e-01 0.0000e+00
784 0.0000e+00 0.0000e+00 1.4957e-04 4.5837e-09 1.4957e-04 1.7347e-01 0.0000e+00
785 0.0000e+00 0.0000e+00 1.4887e-04 4.2184e-09 1.4887e-04 1.7361e-01 0.0000e+00
786 0.0000e+00 0.0000e+00 1.4818e-04 3.8826e-09 1.4818e-04 1.7376e-01 0.0000e+00
787 0.0000e+00 0.0000e+00 1.4750e-04 3.5738e-09 1.4750e-04 1.7391e-01 0.0000e+00
788 0.0000e+00 0.0000e+00 1.4682e-04 3.2897e-09 1.4682e-04 1.7406e-01 0.0000e+00
789 0.0000e+00 1.2590e-04 1.4615e-04 3.0285e-09 1.4615e-04 1.7420e-01 0.0000e+00
790 0.0000e+00 2.4290e-04 1.4548e-04 2.7883e-09 1.4548e-04 1.7435e-01 0.0000e+00
791 0.0000e+00 3.4370e-04 1.4482e-04 2.5673e-09 1.4482e-04 1.7449e-01 0.0000e+00
792 0.0000e+00 4.2090e-04 1.4417e-04 2.3640e-09 1.4417e-04 1.7464e-01 0.0000e+00
793 0.0000e+00 4.6560e-04 1.4352e-04 2.1770e-09 1.4352e-04 1.7478e-01 0.0000e+00
794 0.0000e+00 4.8620e-04 1.4288e-04 2.0049e-09 1.4288e-04 1.7492e-01 0.0000e+00
795 0.0000e+00 4.6560e-04 1.4224e-04 1.1800e-09 1.4224e-04 1.7507e-01 0.0000e+00
796 0.0000e+00 4.2090e-04 1.4161e-04 1.0903e-09 1.4161e-04 1.7521e-01 0.0000e+00
797 0.0000e+00 3.4370e-04 1.4099e-04 1.0075e-09 1.4099e-04 1.7535e-01 0.0000e+00
798 0.0000e+00 2.4290e-04 1.4037e-04 9.3105e-10 1.4037e-04 1.7549e-01 0.0000e+00
799 0.0000e+00 1.1760e-04 1.3975e-04 8.6044e-10 1.3975e-04 1.7563e-01 0.0000e+00
800 0.0000e+00 0.0000e+00 1.3914e-04 7.9523e-10 1.3914e-04 1.7577e-01 0.0000e+00
801 0.0000e+00 0.0000e+00 1.3854e-04 7.3500e-10 1.3854e-04 1.7591e-01 0.0000e+00
802 0.0000e+00 0.0000e+00 1.3794e-04 6.7937e-10 1.3794e-04 1.7604e-01 0.0000e+00
803 0.0000e+00 0.0000e+00 1.3735e-04 6.2799e-10 1.3735e-04 1.7618e-01 0.0000e+00
804 0.0000e+00 0.0000e+00 1.3676e-04 5.8053e-10 1.3676e-04 1.7632e-01 0.0000e+00
805 0.0000e+00 0.0000e+00 1.3618e-04 2.1318e-10 1.3618e-04 1.7645e-01 0.0000e+00
806 0.0000e+00 0.0000e+00 1.3560e-04 1.9783e-10 1.3560e-04 1.7659e-01 0.0000e+00
807 0.0000e+00 0.0000e+00 1.3502e-04 1.8358e-10 1.3502e-04 1.7673e-01 0.0000e+00
808 0.0000e+00 0.0000e+00 1.3446e-04 1.7037e-10 1.3446e-04 1.7686e-01 0.0000e+00
809 0.0000e+00 0.0000e+00 1.3389e-04 1.5812e-10 1.3389e-04 1.7699e-01 0.0000e+00
810 0.0000e+00 0.0000e+00 1.3333e-04 1.4676e-10 1.3333e-04 1.7713e-01 0.0000e+00
811 0.0000e+00 0.0000e+00 1.3278e-04 1.3621e-10 1.3278e-04 1.7726e-01 0.0000e+00
812 0.0000e+00 0.0000e+00 1.3223e-04 1.2643e-10 1.3223e-04 1.7739e-01 0.0000e+00
813 0.0000e+00 3.0400e-05 1.3168e-04 1.1736e-10 1.3168e-04 1.7752e-01 0.0000e+00
814 0.0000e+00 5.8700e-05 1.3114e-04 1.0894e-10 1.3114e-04 1.7765e-01 0.0000e+00
815 0.0000e+00 8.3100e-05 1.3061e-04 1.0113e-10 1.3061e-04 1.7779e-01 0.0000e+00
816 0.0000e+00 1.0180e-04 1.3007e-04 1.4807e-11 1.3007e-04 1.7792e-01 0.0000e+00
817 0.0000e+00 1.1260e-04 1.2955e-04 1.3802e-11 1.2955e-04 1.7804e-01 0.0000e+00
818 0.0000e+00 1.1760e-04 1.2902e-04 1.2865e-11 1.2902e-04 1.7817e-01 0.0000e+00
819 0.0000e+00 1.1260e-04 1.2850e-04 1.1992e-11 1.2850e-04 1.7830e-01 0.0000e+00
820 0.0000e+00 1.0180e-04 1.2799e-04 1.1179e-11 1.2799e-04 1.7843e-01 0.0000e+00
821 0.0000e+00 8.3100e-05 1.2748e-04 1.0421e-11 1.2748e-04 1.7856e-01 0.0000e+00
822 0.0000e+00 5.8700e-05 1.2697e-04 9.7147e-12 1.2697e-04 1.7868e-01 0.0000e+00
823 0.0000e+00 2.8400e-05 1.2647e-04 9.0568e-12 1.2647e-04 1.7881e-01 0.0000e+00
824 0.0000e+00 0.0000e+00 1.2597e-04 8.4436e-12 1.2597e-04 1.7894e-01 0.0000e+00
825 0.0000e+00 0.0000e+00 1.2548e-04 7.8723e-12 1.2548e-04 1.7906e-01 0.0000e+00
826 0.0000e+00 0.0000e+00 1.2498e-04 7.3398e-12 1.2498e-04 1.7919e-01 0.0000e+00
827 0.0000e+00 0.0000e+00 1.2450e-04 0.0000e+00 1.2450e-04 1.7931e-01 0.0000e+00
828 0.0000e+00 0.0000e+00 1.2401e-04 0.0000e+00 1.2401e-04 1.7944e-01 0.0000e+00
829 0.0000e+00 0.0000e+00 1.2353e-04 0.0000e+00 1.2353e-04 1.7956e-01 0.0000e+00
830 0.0000e+00 0.0000e+00 1.2306e-04 0.0000e+00 1.2306e-04 1.7968e-01 0.0000e+00
831 0.0000e+00 0.0000e+00 1.2259e-04 0.0000e+00 1.2259e-04 1.7981e-01 0.0000e+00
832 0.0000e+00 0.0000e+00 1.2212e-04 0.0000e+00 1.2212e-04 1.7993e-01 0.0000e+00
833 0.0000e+00 0.0000e+00 1.2165e-04 0.0000e+00 1.2165e-04 1.8005e-01 0.0000e+00
834 0.0000e+00 0.0000e+00 1.2119e-04 0.0000e+00 1.2119e-04 1.8017e-01 0.0000e+00
835 0.0000e+00 0.0000e+00 1.2073e-04 0.0000e+00 1.2073e-04 1.8029e-01 0.0000e+00
836 0.0000e+00 0.0000e+00 1.2028e-04 0.0000e+00 1.2028e-04 1.8041e-01 0.0000e+00
837 0.0000e+00 6.6100e-05 1.1983e-04 0.0000e+00 1.1983e-04 1.8053e-01 0.0000e+00
838 0.0000e+00 1.2750e-04 1.1938e-04 0.0000e+00 1.1938e-04 1.8065e-01 0.0000e+00
839 0.0000e+00 1.8040e-04 1.1893e-04 0.0000e+00 1.1893e-04 1.8077e-01 0.0000e+00
840 0.0000e+00 2.2090e-04 1.1849e-04 0.0000e+00 1.1849e-04 1.8089e-01 0.0000e+00
841 0.0000e+00 2.4430e-04 1.1805e-04 0.0000e+00 1.1805e-04 1.8101e-01 0.0000e+00
842 0.0000e+00 2.5510e-04 1.1762e-04 0.0000e+00 1.1762e-04 1.8112e-01 0.0000e+00
843 0.0000e+00 2.4430e-04 1.1719e-04 0.0000e+00 1.1719e-04 1.8124e-01 0.0000e+00
844 0.0000e+00 2.2090e-04 1.1676e-04 0.0000e+00 1.1676e-04 1.8136e-01 0.0000e+00
845 0.0000e+00 1.8040e-04 1.1633e-04 0.0000e+00 1.1633e-04 1.8147e-01 0.0000e+00
846 0.0000e+00 1.2750e-04 1.1591e-04 0.0000e+00 1.1591e-04 1.8159e-01 0.0000e+00
847 0.0000e+00 6.1700e-05 1.1549e-04 0.0000e+00 1.1549e-04 1.8171e-01 0.0000e+00
848 0.0000e+00 0.0000e+00 1.1508e-04 0.0000e+00 1.1508e-04 1.8182e-01 0.0000e+00
849 0.0000e+00 0.0000e+00 1.1466e-04 0.0000e+00 1.1466e-04 1.8194e-01 0.0000e+00
850 0.0000e+00 0.0000e+00 1.1425e-04 0.0000e+00 1.1425e-04 1.8205e-01 0.0000e+00
851 0.0000e+00 0.0000e+00 1.1385e-04 0.0000e+00 1.1385e-04 1.8216e-01 0.0000e+00
852 0.0000e+00 0.0000e+00 1.1344e-04 0.0000e+00 1.1344e-04 1.8228e-01 0.0000e+00
853 0.0000e+00 0.0000e+00 1.1304e-04 0.0000e+00 1.1304e-04 1.8239e-01 0.0000e+00
854 0.0000e+00 0.0000e+00 1.1264e-04 0.0000e+00 1.1264e-04 1.8250e-01 0.0000e+00
855 0.0000e+00 0.0000e+00 1.1225e-04 0.0000e+00 1.1225e-04 1.8261e-01 0.0000e+00
856 0.0000e+00 0.0000e+00 1.1185e-04 0.0000e+00 1.1185e-04 1.8273e-01 0.0000e+00
857 0.0000e+00 0.0000e+00 1.1146e-04 0.0000e+00 1.1146e-04 1.8284e-01 0.0000e+00
858 0.0000e+00 0.0000e+00 1.1108e-04 0.0000e+00 1.1108e-04 1.8295e-01 0.0000e+00
859 0.0000e+00 0.0000e+00 1.1069e-04 0.0000e+00 1.1069e-04 1.8306e-01 0.0000e+00
860 0.0000e+00 0.0000e+00 1.1031e-04 0.0000e+00 1.1031e-04 1.8317e-01 0.0000e+00
861 0.0000e+00 9.7600e-05 1.0993e-04 0.0000e+00 1.0993e-04 1.8328e-01 0.0000e+00
862 0.0000e+00 1.8830e-04 1.0955e-04 0.0000e+00 1.0955e-04 1.8339e-01 0.0000e+00
863 0.0000e+00 2.6650e-04 1.0918e-04 0.0000e+00 1.0918e-04 1.8350e-01 0.0000e+00
864 0.0000e+00 3.2630e-04 1.0881e-04 0.0000e+00 1.0881e-04 1.8361e-01 0.0000e+00
865 0.0000e+00 3.6100e-04 1.0844e-04 0.0000e+00 1.0844e-04 1.8372e-01 0.0000e+00
866 0.0000e+00 3.7690e-04 1.0807e-04 0.0000e+00 1.0807e-04 1.8382e-01 0.0000e+00
867 0.0000e+00 3.6100e-04 1.0771e-04 0.0000e+00 1.0771e-04 1.8393e-01 0.0000e+00
868 0.0000e+00 3.2630e-04 1.0734e-04 0.0000e+00 1.0734e-04 1.8404e-01 0.0000e+00
869 0.0000e+00 2.6650e-04 1.0698e-04 0.0000e+00 1.0698e-04 1.8415e-01 0.0000e+00
870 0.0000e+00 1.8830e-04 1.0663e-04 0.0000e+00 1.0663e-04 1.8425e-01 0.0000e+00
871 0.0000e+00 9.1200e-05 1.0627e-04 0.0000e+00 1.0627e-04 1.8436e-01 0.0000e+00
872 0.0000e+00 0.0000e+00 1.0592e-04 0.0000e+00 1.0592e-04 1.8446e-01 0.0000e+00
873 0.0000e+00 0.0000e+00 1.0557e-04 0.0000e+00 1.0557e-04 1.8457e-01 0.0000e+00
874 0.0000e+00 0.0000e+00 1.0522e-04 0.0000e+00 1.0522e-04 1.8468e-01 0.0000e+00
875 0.0000e+00 0.0000e+00 1.0488e-04 0.0000e+00 1.0488e-04 1.8478e-01 0.0000e+00
876 0.0000e+00 0.0000e+00 1.0453e-04 0.0000e+00 1.0453e-04 1.8488e-01 0.0000e+00
877 0.0000e+00 0.0000e+00 1.0419e-04 0.0000e+00 1.0419e-04 1.8499e-01 0.0000e+00
878 0.0000e+00 0.0000e+00 1.0385e-04 0.0000e+00 1.0385e-04 1.8509e-01 0.0000e+00
879 0.0000e+00 0.0000e+00 1.0352e-04 0.0000e+00 1.0352e-04 1.8520e-01 0.0000e+00
880 0.0000e+00 0.0000e+00 1.0318e-04 0.0000e+00 1.0318e-04 1.8530e-01 0.0000e+00
881 0.0000e+00 0.0000e+00 1.0285e-04 0.0000e+00 1.0285e-04 1.8540e-01 0.0000e+00
882 0.0000e+00 0.0000e+00 1.0252e-04 0.0000e+00 1.0252e-04 1.8551e-01 0.0000e+00
883 0.0000e+00 0.0000e+00 1.0219e-04 0.0000e+00 1.0219e-04 1.8561e-01 0.0000e+00
884 0.0000e+00 0.0000e+00 1.0187e-04 0.0000e+00 1.0187e-04 1.8571e-01 0.0000e+00
885 0.0000e+00 6.4300e-05 1.0154e-04 0.0000e+00 1.0154e-04 1.8581e-01 0.0000e+00
886 0.0000e+00 1.2410e-04 1.0122e-04 0.0000e+00 1.0122e-04 1.8591e-01 0.0000e+00
887 0.0000e+00 1.7560e-04 1.0090e-04 0.0000e+00 1.0090e-04 1.8601e-01 0.0000e+00
888 0.0000e+00 2.1500e-04 1.0058e-04 0.0000e+00 1.0058e-04 1.8611e-01 0.0000e+00
889 0.0000e+00 2.3790e-04 1.0027e-04 0.0000e+00 1.0027e-04 1.8621e-01 0.0000e+00
890 0.0000e+00 2.4840e-04 9.9955e-05 0.0000e+00 9.9955e-05 1.8631e-01 0.0000e+00
891 0.0000e+00 2.3790e-04 9.9643e-05 0.0000e+00 9.9643e-05 1.8641e-01 0.0000e+00
892 0.0000e+00 2.1500e-04 9.9333e-05 0.0000e+00 9.9333e-05 1.8651e-01 0.0000e+00
893 0.0000e+00 1.7560e-04 9.9025e-05 0.0000e+00 9.9025e-05 1.8661e-01 0.0000e+00
894 0.0000e+00 1.2410e-04 9.8719e-05 0.0000e+00 9.8719e-05 1.8671e-01 0.0000e+00
895 0.0000e+00 6.0100e-05 9.8415e-05 0.0000e+00 9.8415e-05 1.8681e-01 0.0000e+00
896 0.0000e+00 0.0000e+00 9.8113e-05 0.0000e+00 9.8113e-05 1.8691e-01 0.0000e+00
897 0.0000e+00 0.0000e+00 9.7813e-05 0.0000e+00 9.7813e-05 1.8700e-01 0.0000e+00
898 0.0000e+00 0.0000e+00 9.7514e-05 0.0000e+00 9.7514e-05 1.8710e-01 0.0000e+00
899 0.0000e+00 0.0000e+00 9.7218e-05 0.0000e+00 9.7218e-05 1.8720e-01 0.0000e+00
900 0.0000e+00 0.0000e+00 9.6923e-05 0.0000e+00 9.6923e-05 1.8730e-01 0.0000e+00
901 0.0000e+00 0.0000e+00 9.6630e-05 0.0000e+00 9.6630e-05 1.8739e-01 0.0000e+00
902 0.0000e+00 0.0000e+00 9.6338e-05 0.0000e+00 9.6338e-05 1.8749e-01 0.0000e+00
903 0.0000e+00 0.0000e+00 9.6049e-05 0.0000e+00 9.6049e-05 1.8759e-01 0.0000e+00
904 0.0000e+00 0.0000e+00 9.5761e-05 0.0000e+00 9.5761e-05 1.8768e-01 0.0000e+00
905 0.0000e+00 0.0000e+00 9.5475e-05 0.0000e+00 9.5475e-05 1.8778e-01 0.0000e+00
906 0.0000e+00 0.0000e+00 9.5190e-05 0.0000e+00 9.5190e-05 1.8787e-01 0.0000e+00
907 0.0000e+00 0.0000e+00 9.4907e-05 0.0000e+00 9.4907e-05 1.8797e-01 0.0000e+00
908 0.0000e+00 0.0000e+00 9.4626e-05 0.0000e+00 9.4626e-05 1.8806e-01 0.0000e+00
909 0.0000e+00 8.0200e-05 9.4347e-05 0.0000e+00 9.4347e-05 1.8816e-01 0.0000e+00
910 0.0000e+00 1.5480e-04 9.4069e-05 0.0000e+00 9.4069e-05 1.8825e-01 0.0000e+00
911 0.0000e+00 2.1910e-04 9.3793e-05 0.0000e+00 9.3793e-05 1.8834e-01 0.0000e+00
912 0.0000e+00 2.6830e-04 9.3519e-05 0.0000e+00 9.3519e-05 1.8844e-01 0.0000e+00
913 0.0000e+00 2.9680e-04 9.3246e-05 0.0000e+00 9.3246e-05 1.8853e-01 0.0000e+00
914 0.0000e+00 3.0990e-04 9.2974e-05 0.0000e+00 9.2974e-05 1.8862e-01 0.0000e+00
915 0.0000e+00 2.9680e-04 9.2705e-05 0.0000e+00 9.2705e-05 1.8872e-01 0.0000e+00
916 0.0000e+00 2.6830e-04 9.2436e-05 0.0000e+00 9.2436e-05 1.8881e-01 0.0000e+00
917 0.0000e+00 2.1910e-04 9.2170e-05 0.0000e+00 9.2170e-05 1.8890e-01 0.0000e+00
918 0.0000e+00 1.5480e-04 9.1905e-05 0.0000e+00 9.1905e-05 1.8899e-01 0.0000e+00
919 0.0000e+00 7.5000e-05 9.1641e-05 0.0000e+00 9.1641e-05 1.8908e-01 0.0000e+00
920 0.0000e+00 0.0000e+00 9.1379e-05 0.0000e+00 9.1379e-05 1.8918e-01 0.0000e+00
921 0.0000e+00 0.0000e+00 9.1118e-05 0.0000e+00 9.1118e-05 1.8927e-01 0.0000e+00
922 0.0000e+00 0.0000e+00 9.0859e-05 0.0000e+00 9.0859e-05 1.8936e-01 0.0000e+00
923 0.0000e+00 0.0000e+00 9.0602e-05 0.0000e+00 9.0602e-05 1.8945e-01 0.0000e+00
924 0.0000e+00 0.0000e+00 9.0346e-05 0.0000e+00 9.0346e-05 1.8954e-01 0.0000e+00
925 0.0000e+00 0.0000e+00 9.0091e-05 0.0000e+00 9.0091e-05 1.8963e-01 0.0000e+00
926 0.0000e+00 0.0000e+00 8.9838e-05 0.0000e+00 8.9838e-05 1.8972e-01 0.0000e+00
927 0.0000e+00 0.0000e+00 8.9586e-05 0.0000e+00 8.9586e-05 1.8981e-01 0.0000e+00
928 0.0000e+00 0.0000e+00 8.9335e-05 0.0000e+00 8.9335e-05 1.8990e-01 0.0000e+00
929 0.0000e+00 0.0000e+00 8.9086e-05 0.0000e+00 8.9086e-05 1.8999e-01 0.0000e+00
930 0.0000e+00 0.0000e+00 8.8839e-05 0.0000e+00 8.8839e-05 1.9008e-01 0.0000e+00
931 0.0000e+00 0.0000e+00 8.8592e-05 0.0000e+00 8.8592e-05 1.9016e-01 0.0000e+00
932 0.0000e+00 0.0000e+00 8.8347e-05 0.0000e+00 8.8347e-05 1.9025e-01 0.0000e+00
933 0.0000e+00 9.6000e-05 8.8104e-05 0.0000e+00 8.8104e-05 1.9034e-01 0.0000e+00
934 0.0000e+00 1.8520e-04 8.7862e-05 0.0000e+00 8.7862e-05 1.9043e-01 0.0000e+00
935 0.0000e+00 2.6210e-04 8.7621e-05 0.0000e+00 8.7621e-05 1.9052e-01 0.0000e+00
936 0.0000e+00 3.2090e-04 8.7381e-05 0.0000e+00 8.7381e-05 1.9060e-01 0.0000e+00
937 0.0000e+00 3.5500e-04 8.7143e-05 0.0000e+00 8.7143e-05 1.9069e-01 0.0000e+00
938 0.0000e+00 3.7070e-04 8.6906e-05 0.0000e+00 8.6906e-05 1.9078e-01 0.0000e+00
939 0.0000e+00 3.5500e-04 8.6670e-05 0.0000e+00 8.6670e-05 1.9086e-01 0.0000e+00
940 0.0000e+00 3.2090e-04 8.6436e-05 0.0000e+00 8.6436e-05 1.9095e-01 0.0000e+00
941 0.0000e+00 2.6210e-04 8.6203e-05 0.0000e+00 8.6203e-05 1.9104e-01 0.0000e+00
942 0.0000e+00 1.8520e-04 8.5971e-05 0.0000e+00 8.5971e-05 1.9112e-01 0.0000e+00
943 0.0000e+00 8.9700e-05 8.5740e-05 0.0000e+00 8.5740e-05 1.9121e-01 0.0000e+00
944 0.0000e+00 0.0000e+00 8.5511e-05 0.0000e+00 8.5511e-05 1.9129e-01 0.0000e+00
945 0.0000e+00 0.0000e+00 8.5282e-05 0.0000e+00 8.5282e-05 1.9138e-01 0.0000e+00
946 0.0000e+00 0.0000e+00 8.5055e-05 0.0000e+00 8.5055e-05 1.9146e-01 0.0000e+00
947 0.0000e+00 0.0000e+00 8.4830e-05 0.0000e+00 8.4830e-05 1.9155e-01 0.0000e+00
948 0.0000e+00 0.0000e+00 8.4605e-05 0.0000e+00 8.4605e-05 1.9163e-01 0.0000e+00
949 0.0000e+00 0.0000e+00 8.4382e-05 0.0000e+00 8.4382e-05 1.9172e-01 0.0000e+00
950 0.0000e+00 0.0000e+00 8.4159e-05 0.0000e+00 8.4159e-05 1.9180e-01 0.0000e+00
Objective function values:
F1 1.400357e-06    NSE 0.75927   F2 2.748429e-02
Mean Obs Q 1.590065e-04   Variance Obs Q 6.123405e-09
    Error Variance 1.474060e-09

Water Balance for Subcatchment: Extracted study basin: Taegu Pyungkwang River

   SUMP       SUMAE      SUMQ       SUMRZ      SUMUZ      SBAR        BAL
1.890e-01  4.645e-02  1.294e-01  1.967e-02  0.000e+00  1.918e-01  7.276e-04
