Taegu Pyungkwang River Catchment: Calibration Data

Subcatchment : Extracted study basin: cat-10999

TL =     8.33
SUMAC =     1.00
SZQ =       0.03589
Subcatchment routing data:
Maximum Routing Delay       0.69444
Sum of Histogram ordinates:     1.0000
     1.00000 
Initial BAL             -0.22593
Initial SBAR             0.22393
Initial SR0              0.00200
it      p        ep       q(it)       quz      q       sbar       qof
1 0.0000e+00 6.1900e-05 3.2800e-05 0.0000e+00 3.2800e-05 2.2397e-01 0.0000e+00
2 0.0000e+00 6.4700e-05 3.2766e-05 0.0000e+00 3.2766e-05 2.2400e-01 0.0000e+00
3 1.0000e-03 6.1900e-05 3.2733e-05 0.0000e+00 3.2733e-05 2.2403e-01 0.0000e+00
4 1.0000e-03 5.6000e-05 3.2699e-05 0.0000e+00 3.2699e-05 2.2406e-01 0.0000e+00
5 1.0000e-03 4.5700e-05 4.2982e-05 7.6389e-05 3.2666e-05 2.2402e-01 1.0316e-05
6 5.0000e-04 3.2300e-05 3.8859e-05 1.1022e-04 3.2711e-05 2.2394e-01 6.1485e-06
7 5.0000e-04 1.5600e-05 3.9120e-05 1.4200e-04 3.2790e-05 2.2383e-01 6.3298e-06
8 0.0000e+00 0.0000e+00 3.2902e-05 1.2326e-04 3.2902e-05 2.2374e-01 0.0000e+00
9 5.0000e-04 0.0000e+00 3.9551e-05 1.5722e-04 3.2995e-05 2.2362e-01 6.5558e-06
10 5.0000e-04 0.0000e+00 3.9890e-05 1.8765e-04 3.3123e-05 2.2346e-01 6.7670e-06
11 0.0000e+00 0.0000e+00 3.3284e-05 1.6413e-04 3.3284e-05 2.2333e-01 0.0000e+00
12 0.0000e+00 0.0000e+00 3.3420e-05 1.4525e-04 3.3420e-05 2.2322e-01 0.0000e+00
13 1.0000e-03 0.0000e+00 4.7071e-05 2.2991e-04 3.3537e-05 2.2303e-01 1.3534e-05
14 5.0000e-04 0.0000e+00 4.0511e-05 2.5094e-04 3.3744e-05 2.2281e-01 6.7670e-06
15 5.0000e-04 0.0000e+00 4.0740e-05 2.7075e-04 3.3973e-05 2.2257e-01 6.7670e-06
16 1.0000e-03 0.0000e+00 4.7760e-05 3.3923e-04 3.4226e-05 2.2227e-01 1.3534e-05
17 0.0000e+00 0.0000e+00 3.4554e-05 2.9684e-04 3.4554e-05 2.2200e-01 0.0000e+00
18 0.0000e+00 0.0000e+00 3.4838e-05 2.6294e-04 3.4838e-05 2.2178e-01 0.0000e+00
19 0.0000e+00 0.0000e+00 3.5087e-05 2.3393e-04 3.5087e-05 2.2158e-01 0.0000e+00
20 0.0000e+00 0.0000e+00 3.5306e-05 2.0874e-04 3.5306e-05 2.2140e-01 0.0000e+00
21 0.0000e+00 1.8000e-05 3.5498e-05 1.8667e-04 3.5498e-05 2.2125e-01 0.0000e+00
22 0.0000e+00 3.4800e-05 3.5666e-05 1.6722e-04 3.5666e-05 2.2112e-01 0.0000e+00
23 0.0000e+00 4.9200e-05 3.5813e-05 1.5001e-04 3.5813e-05 2.2101e-01 0.0000e+00
24 3.0000e-03 6.0200e-05 7.5163e-05 4.3140e-04 3.5941e-05 2.2061e-01 3.9222e-05
25 2.0000e-03 6.6600e-05 6.2641e-05 5.7038e-04 3.6388e-05 2.2008e-01 2.6253e-05
26 5.5000e-03 6.9600e-05 1.1054e-04 1.0552e-03 3.7000e-05 2.1906e-01 7.3535e-05
27 6.0000e-03 6.6600e-05 1.1846e-04 1.5264e-03 3.8196e-05 2.1757e-01 8.0262e-05
28 1.0000e-03 6.0200e-05 5.2647e-05 1.4223e-03 4.0014e-05 2.1619e-01 1.2633e-05
29 2.5000e-03 4.9200e-05 7.4801e-05 1.5095e-03 4.1781e-05 2.1472e-01 3.3020e-05
30 0.0000e+00 3.4800e-05 4.3742e-05 1.3258e-03 4.3742e-05 2.1344e-01 0.0000e+00
31 0.0000e+00 1.6800e-05 4.5530e-05 1.1751e-03 4.5530e-05 2.1231e-01 0.0000e+00
32 1.0000e-03 0.0000e+00 5.9336e-05 1.1432e-03 4.7166e-05 2.1121e-01 1.2171e-05
33 5.0000e-04 0.0000e+00 5.5576e-05 1.0671e-03 4.8809e-05 2.1019e-01 6.7670e-06
34 0.0000e+00 0.0000e+00 5.0387e-05 9.4598e-04 5.0387e-05 2.0930e-01 0.0000e+00
35 0.0000e+00 0.0000e+00 5.1817e-05 8.4254e-04 5.1817e-05 2.0851e-01 0.0000e+00
36 0.0000e+00 0.0000e+00 5.3114e-05 7.5144e-04 5.3114e-05 2.0781e-01 0.0000e+00
37 0.0000e+00 0.0000e+00 5.4286e-05 6.7085e-04 5.4286e-05 2.0719e-01 0.0000e+00
38 0.0000e+00 0.0000e+00 5.5342e-05 5.9938e-04 5.5342e-05 2.0665e-01 0.0000e+00
39 0.0000e+00 0.0000e+00 5.6291e-05 5.3588e-04 5.6291e-05 2.0617e-01 0.0000e+00
40 0.0000e+00 0.0000e+00 5.7141e-05 4.7939e-04 5.7141e-05 2.0575e-01 0.0000e+00
41 0.0000e+00 0.0000e+00 5.7900e-05 4.2906e-04 5.7900e-05 2.0538e-01 0.0000e+00
42 0.0000e+00 0.0000e+00 5.8575e-05 3.8421e-04 5.8575e-05 2.0505e-01 0.0000e+00
43 0.0000e+00 0.0000e+00 5.9174e-05 3.4419e-04 5.9174e-05 2.0477e-01 0.0000e+00
44 0.0000e+00 0.0000e+00 5.9704e-05 3.0848e-04 5.9704e-05 2.0452e-01 0.0000e+00
45 0.0000e+00 3.3800e-05 6.0170e-05 2.7659e-04 6.0170e-05 2.0430e-01 0.0000e+00
46 1.0000e-03 6.5200e-05 7.5977e-05 3.5881e-04 6.0578e-05 2.0400e-01 1.5399e-05
47 0.0000e+00 9.2300e-05 6.1145e-05 3.1213e-04 6.1145e-05 2.0375e-01 0.0000e+00
48 5.0000e-04 1.1300e-04 6.7087e-05 3.1606e-04 6.1627e-05 2.0350e-01 5.4607e-06
49 0.0000e+00 1.2500e-04 6.2118e-05 2.7796e-04 6.2118e-05 2.0328e-01 0.0000e+00
50 1.0000e-03 1.3050e-04 7.4688e-05 3.3487e-04 6.2539e-05 2.0301e-01 1.2149e-05
51 2.5000e-03 1.2500e-04 1.0084e-04 5.6507e-04 6.3073e-05 2.0251e-01 3.7765e-05
52 3.0000e-03 1.1300e-04 1.0989e-04 8.1229e-04 6.4071e-05 2.0176e-01 4.5822e-05
53 2.5000e-03 9.2300e-05 1.0363e-04 9.6653e-04 6.5586e-05 2.0086e-01 3.8044e-05
54 3.0000e-03 6.5200e-05 1.1380e-04 1.1667e-03 6.7459e-05 1.9976e-01 4.6343e-05
55 2.5000e-03 3.1600e-05 1.0862e-04 1.2847e-03 6.9817e-05 1.9854e-01 3.8806e-05
56 2.0000e-03 0.0000e+00 1.0389e-04 1.3376e-03 7.2518e-05 1.9728e-01 3.1372e-05
57 1.0000e-03 0.0000e+00 9.1381e-05 1.2728e-03 7.5443e-05 1.9608e-01 1.5938e-05
58 1.0000e-03 0.0000e+00 9.4257e-05 1.2269e-03 7.8319e-05 1.9493e-01 1.5938e-05
59 0.0000e+00 0.0000e+00 8.1181e-05 1.0651e-03 8.1181e-05 1.9395e-01 0.0000e+00
60 5.0000e-04 0.0000e+00 9.1685e-05 9.9805e-04 8.3716e-05 1.9303e-01 7.9690e-06
61 5.0000e-04 0.0000e+00 9.4112e-05 9.3553e-04 8.6143e-05 1.9218e-01 7.9690e-06
62 0.0000e+00 0.0000e+00 8.8460e-05 8.1692e-04 8.8460e-05 1.9146e-01 0.0000e+00
63 0.0000e+00 0.0000e+00 9.0497e-05 7.1967e-04 9.0497e-05 1.9083e-01 0.0000e+00
64 0.0000e+00 0.0000e+00 9.2294e-05 6.3512e-04 9.2294e-05 1.9028e-01 0.0000e+00
65 0.0000e+00 0.0000e+00 9.3873e-05 5.6126e-04 9.3873e-05 1.8982e-01 0.0000e+00
66 0.0000e+00 0.0000e+00 9.5254e-05 4.9653e-04 9.5254e-05 1.8942e-01 0.0000e+00
67 0.0000e+00 0.0000e+00 9.6456e-05 4.3966e-04 9.6456e-05 1.8907e-01 0.0000e+00
68 0.0000e+00 0.0000e+00 9.7496e-05 3.8960e-04 9.7496e-05 1.8878e-01 0.0000e+00
69 0.0000e+00 4.1400e-05 9.8390e-05 3.4550e-04 9.8390e-05 1.8853e-01 0.0000e+00
70 0.0000e+00 7.9800e-05 9.9153e-05 3.0659e-04 9.9153e-05 1.8833e-01 0.0000e+00
71 0.0000e+00 1.1290e-04 9.9797e-05 2.7223e-04 9.9797e-05 1.8815e-01 0.0000e+00
72 0.0000e+00 1.3830e-04 1.0034e-04 2.4187e-04 1.0034e-04 1.8801e-01 0.0000e+00
73 0.0000e+00 1.5300e-04 1.0078e-04 2.1502e-04 1.0078e-04 1.8790e-01 0.0000e+00
74 0.0000e+00 1.5980e-04 1.0114e-04 1.9126e-04 1.0114e-04 1.8781e-01 0.0000e+00
75 0.0000e+00 1.5300e-04 1.0143e-04 1.7022e-04 1.0143e-04 1.8774e-01 0.0000e+00
76 0.0000e+00 1.3830e-04 1.0165e-04 1.5157e-04 1.0165e-04 1.8769e-01 0.0000e+00
77 0.0000e+00 1.1290e-04 1.0180e-04 1.3504e-04 1.0180e-04 1.8766e-01 0.0000e+00
78 0.0000e+00 7.9800e-05 1.0191e-04 1.2037e-04 1.0191e-04 1.8764e-01 0.0000e+00
79 0.0000e+00 3.8700e-05 1.0197e-04 1.0735e-04 1.0197e-04 1.8763e-01 0.0000e+00
80 0.0000e+00 0.0000e+00 1.0199e-04 9.5788e-05 1.0199e-04 1.8764e-01 0.0000e+00
81 0.0000e+00 0.0000e+00 1.0197e-04 8.5511e-05 1.0197e-04 1.8765e-01 0.0000e+00
82 0.0000e+00 0.0000e+00 1.0191e-04 7.6373e-05 1.0191e-04 1.8768e-01 0.0000e+00
83 0.0000e+00 0.0000e+00 1.0183e-04 6.8243e-05 1.0183e-04 1.8771e-01 0.0000e+00
84 0.0000e+00 0.0000e+00 1.0173e-04 6.1006e-05 1.0173e-04 1.8775e-01 0.0000e+00
85 0.0000e+00 0.0000e+00 1.0160e-04 5.4562e-05 1.0160e-04 1.8780e-01 0.0000e+00
86 0.0000e+00 0.0000e+00 1.0145e-04 4.8820e-05 1.0145e-04 1.8785e-01 0.0000e+00
87 0.0000e+00 0.0000e+00 1.0128e-04 4.3700e-05 1.0128e-04 1.8791e-01 0.0000e+00
88 0.0000e+00 0.0000e+00 1.0110e-04 3.9135e-05 1.0110e-04 1.8797e-01 0.0000e+00
89 0.0000e+00 0.0000e+00 1.0090e-04 3.5061e-05 1.0090e-04 1.8804e-01 0.0000e+00
90 0.0000e+00 0.0000e+00 1.0070e-04 3.1423e-05 1.0070e-04 1.8811e-01 0.0000e+00
91 0.0000e+00 0.0000e+00 1.0048e-04 2.8174e-05 1.0048e-04 1.8818e-01 0.0000e+00
92 0.0000e+00 0.0000e+00 1.0025e-04 2.5272e-05 1.0025e-04 1.8826e-01 0.0000e+00
93 0.0000e+00 1.9100e-05 1.0002e-04 2.2677e-05 1.0002e-04 1.8833e-01 0.0000e+00
94 0.0000e+00 3.6800e-05 9.9775e-05 2.0356e-05 9.9775e-05 1.8841e-01 0.0000e+00
95 0.0000e+00 5.2100e-05 9.9527e-05 1.8280e-05 9.9527e-05 1.8849e-01 0.0000e+00
96 0.0000e+00 6.3800e-05 9.9275e-05 1.6421e-05 9.9275e-05 1.8858e-01 0.0000e+00
97 5.0000e-04 7.0600e-05 9.9018e-05 1.4757e-05 9.9018e-05 1.8866e-01 0.0000e+00
98 5.0000e-04 7.3700e-05 9.8758e-05 1.3266e-05 9.8758e-05 1.8875e-01 0.0000e+00
99 0.0000e+00 7.0600e-05 9.8494e-05 1.1930e-05 9.8494e-05 1.8883e-01 0.0000e+00
100 0.0000e+00 6.3800e-05 9.8228e-05 1.0732e-05 9.8228e-05 1.8892e-01 0.0000e+00
101 0.0000e+00 5.2100e-05 9.7960e-05 9.6566e-06 9.7960e-05 1.8901e-01 0.0000e+00
102 0.0000e+00 3.6800e-05 9.7690e-05 8.6927e-06 9.7690e-05 1.8910e-01 0.0000e+00
103 0.0000e+00 1.7800e-05 9.7419e-05 7.8275e-06 9.7419e-05 1.8919e-01 0.0000e+00
104 0.0000e+00 0.0000e+00 9.7146e-05 7.0507e-06 9.7146e-05 1.8928e-01 0.0000e+00
105 0.0000e+00 0.0000e+00 9.6873e-05 6.3529e-06 9.6873e-05 1.8937e-01 0.0000e+00
106 0.0000e+00 0.0000e+00 9.6600e-05 5.7260e-06 9.6600e-05 1.8946e-01 0.0000e+00
107 0.0000e+00 0.0000e+00 9.6326e-05 5.1625e-06 9.6326e-05 1.8955e-01 0.0000e+00
108 0.0000e+00 0.0000e+00 9.6052e-05 4.6558e-06 9.6052e-05 1.8964e-01 0.0000e+00
109 0.0000e+00 0.0000e+00 9.5778e-05 4.2000e-06 9.5778e-05 1.8973e-01 0.0000e+00
110 0.0000e+00 0.0000e+00 9.5504e-05 3.7900e-06 9.5504e-05 1.8982e-01 0.0000e+00
111 5.0000e-04 0.0000e+00 9.5231e-05 3.4210e-06 9.5231e-05 1.8992e-01 0.0000e+00
112 0.0000e+00 0.0000e+00 9.4958e-05 3.0882e-06 9.4958e-05 1.9001e-01 0.0000e+00
113 0.0000e+00 0.0000e+00 9.4686e-05 2.7891e-06 9.4686e-05 1.9010e-01 0.0000e+00
114 0.0000e+00 0.0000e+00 9.4414e-05 2.5196e-06 9.4414e-05 1.9019e-01 0.0000e+00
115 0.0000e+00 0.0000e+00 9.4143e-05 2.2768e-06 9.4143e-05 1.9028e-01 0.0000e+00
116 0.0000e+00 0.0000e+00 9.3874e-05 2.0579e-06 9.3874e-05 1.9038e-01 0.0000e+00
117 0.0000e+00 1.0200e-05 9.3605e-05 1.8605e-06 9.3605e-05 1.9047e-01 0.0000e+00
118 0.0000e+00 1.9800e-05 9.3337e-05 1.6825e-06 9.3337e-05 1.9056e-01 0.0000e+00
119 0.0000e+00 2.8000e-05 9.3070e-05 1.5219e-06 9.3070e-05 1.9065e-01 0.0000e+00
120 0.0000e+00 3.4200e-05 9.2804e-05 1.3770e-06 9.2804e-05 1.9074e-01 0.0000e+00
121 0.0000e+00 3.7900e-05 9.2539e-05 1.2462e-06 9.2539e-05 1.9083e-01 0.0000e+00
122 0.0000e+00 3.9500e-05 9.2275e-05 1.1273e-06 9.2275e-05 1.9092e-01 0.0000e+00
123 0.0000e+00 3.7900e-05 9.2013e-05 1.0207e-06 9.2013e-05 1.9102e-01 0.0000e+00
124 0.0000e+00 3.4200e-05 9.1752e-05 9.2443e-07 9.1752e-05 1.9111e-01 0.0000e+00
125 0.0000e+00 2.8000e-05 9.1492e-05 8.3743e-07 9.1492e-05 1.9120e-01 0.0000e+00
126 0.0000e+00 1.9800e-05 9.1233e-05 7.5878e-07 9.1233e-05 1.9129e-01 0.0000e+00
127 0.0000e+00 9.6000e-06 9.0975e-05 6.8766e-07 9.0975e-05 1.9138e-01 0.0000e+00
128 0.0000e+00 0.0000e+00 9.0719e-05 6.2335e-07 9.0719e-05 1.9147e-01 0.0000e+00
129 0.0000e+00 0.0000e+00 9.0464e-05 5.6518e-07 9.0464e-05 1.9156e-01 0.0000e+00
130 0.0000e+00 0.0000e+00 9.0210e-05 5.1254e-07 9.0210e-05 1.9165e-01 0.0000e+00
131 0.0000e+00 0.0000e+00 8.9957e-05 4.6491e-07 8.9957e-05 1.9174e-01 0.0000e+00
132 0.0000e+00 0.0000e+00 8.9706e-05 4.2178e-07 8.9706e-05 1.9183e-01 0.0000e+00
133 0.0000e+00 0.0000e+00 8.9456e-05 3.8178e-07 8.9456e-05 1.9192e-01 0.0000e+00
134 0.0000e+00 0.0000e+00 8.9208e-05 3.4655e-07 8.9208e-05 1.9200e-01 0.0000e+00
135 0.0000e+00 0.0000e+00 8.8960e-05 3.1464e-07 8.8960e-05 1.9209e-01 0.0000e+00
136 0.0000e+00 0.0000e+00 8.8714e-05 2.8573e-07 8.8714e-05 1.9218e-01 0.0000e+00
137 0.0000e+00 0.0000e+00 8.8469e-05 2.5952e-07 8.8469e-05 1.9227e-01 0.0000e+00
138 0.0000e+00 0.0000e+00 8.8226e-05 2.3575e-07 8.8226e-05 1.9236e-01 0.0000e+00
139 0.0000e+00 0.0000e+00 8.7984e-05 2.1421e-07 8.7984e-05 1.9245e-01 0.0000e+00
140 0.0000e+00 0.0000e+00 8.7743e-05 1.9466e-07 8.7743e-05 1.9253e-01 0.0000e+00
141 5.0000e-04 4.1400e-05 8.7503e-05 1.7694e-07 8.7503e-05 1.9262e-01 0.0000e+00
142 0.0000e+00 7.9900e-05 8.7264e-05 1.6085e-07 8.7264e-05 1.9271e-01 0.0000e+00
143 0.0000e+00 1.1300e-04 8.7027e-05 1.4626e-07 8.7027e-05 1.9279e-01 0.0000e+00
144 0.0000e+00 1.3840e-04 8.6791e-05 1.3164e-07 8.6791e-05 1.9288e-01 0.0000e+00
145 0.0000e+00 1.5310e-04 8.6556e-05 1.1979e-07 8.6556e-05 1.9297e-01 0.0000e+00
146 0.0000e+00 1.5990e-04 8.6323e-05 1.0902e-07 8.6323e-05 1.9305e-01 0.0000e+00
147 0.0000e+00 1.5310e-04 8.6091e-05 9.9234e-08 8.6091e-05 1.9314e-01 0.0000e+00
148 0.0000e+00 1.3840e-04 8.5860e-05 9.0341e-08 8.5860e-05 1.9323e-01 0.0000e+00
149 0.0000e+00 1.1300e-04 8.5630e-05 8.2257e-08 8.5630e-05 1.9331e-01 0.0000e+00
150 0.0000e+00 7.9900e-05 8.5401e-05 7.4909e-08 8.5401e-05 1.9340e-01 0.0000e+00
151 0.0000e+00 3.8700e-05 8.5174e-05 6.8227e-08 8.5174e-05 1.9348e-01 0.0000e+00
152 0.0000e+00 0.0000e+00 8.4948e-05 6.2150e-08 8.4948e-05 1.9357e-01 0.0000e+00
153 0.0000e+00 0.0000e+00 8.4723e-05 5.6623e-08 8.4723e-05 1.9365e-01 0.0000e+00
154 0.0000e+00 0.0000e+00 8.4499e-05 5.1595e-08 8.4499e-05 1.9374e-01 0.0000e+00
155 0.0000e+00 0.0000e+00 8.4276e-05 4.5359e-08 8.4276e-05 1.9382e-01 0.0000e+00
156 0.0000e+00 0.0000e+00 8.4055e-05 4.1385e-08 8.4055e-05 1.9390e-01 0.0000e+00
157 0.0000e+00 0.0000e+00 8.3834e-05 3.7763e-08 8.3834e-05 1.9399e-01 0.0000e+00
158 0.0000e+00 0.0000e+00 8.3615e-05 3.4463e-08 8.3615e-05 1.9407e-01 0.0000e+00
159 0.0000e+00 0.0000e+00 8.3397e-05 3.1454e-08 8.3397e-05 1.9415e-01 0.0000e+00
160 0.0000e+00 0.0000e+00 8.3180e-05 2.8712e-08 8.3180e-05 1.9424e-01 0.0000e+00
161 0.0000e+00 0.0000e+00 8.2964e-05 2.6212e-08 8.2964e-05 1.9432e-01 0.0000e+00
162 0.0000e+00 0.0000e+00 8.2749e-05 2.3932e-08 8.2749e-05 1.9440e-01 0.0000e+00
163 0.0000e+00 0.0000e+00 8.2536e-05 2.1853e-08 8.2536e-05 1.9449e-01 0.0000e+00
164 0.0000e+00 0.0000e+00 8.2323e-05 1.9957e-08 8.2323e-05 1.9457e-01 0.0000e+00
165 0.0000e+00 1.7800e-05 8.2112e-05 1.8228e-08 8.2112e-05 1.9465e-01 0.0000e+00
166 0.0000e+00 3.4400e-05 8.1901e-05 1.5118e-08 8.1901e-05 1.9473e-01 0.0000e+00
167 0.0000e+00 4.8600e-05 8.1692e-05 1.3836e-08 8.1692e-05 1.9481e-01 0.0000e+00
168 0.0000e+00 5.9500e-05 8.1484e-05 1.2664e-08 8.1484e-05 1.9490e-01 0.0000e+00
169 0.0000e+00 6.5900e-05 8.1276e-05 1.1592e-08 8.1276e-05 1.9498e-01 0.0000e+00
170 0.0000e+00 6.8800e-05 8.1070e-05 1.0612e-08 8.1070e-05 1.9506e-01 0.0000e+00
171 0.0000e+00 6.5900e-05 8.0865e-05 9.7151e-09 8.0865e-05 1.9514e-01 0.0000e+00
172 0.0000e+00 5.9500e-05 8.0661e-05 8.8950e-09 8.0661e-05 1.9522e-01 0.0000e+00
173 0.0000e+00 4.8600e-05 8.0458e-05 8.1448e-09 8.0458e-05 1.9530e-01 0.0000e+00
174 0.0000e+00 3.4400e-05 8.0256e-05 7.4585e-09 8.0256e-05 1.9538e-01 0.0000e+00
175 0.0000e+00 1.6600e-05 8.0055e-05 6.8306e-09 8.0055e-05 1.9546e-01 0.0000e+00
176 0.0000e+00 0.0000e+00 7.9855e-05 6.2561e-09 7.9855e-05 1.9554e-01 0.0000e+00
177 0.0000e+00 0.0000e+00 7.9656e-05 4.6125e-09 7.9656e-05 1.9562e-01 0.0000e+00
178 0.0000e+00 0.0000e+00 7.9458e-05 4.2363e-09 7.9458e-05 1.9570e-01 0.0000e+00
179 0.0000e+00 0.0000e+00 7.9261e-05 3.8910e-09 7.9261e-05 1.9578e-01 0.0000e+00
180 0.0000e+00 0.0000e+00 7.9065e-05 3.5741e-09 7.9065e-05 1.9586e-01 0.0000e+00
181 0.0000e+00 0.0000e+00 7.8870e-05 3.2832e-09 7.8870e-05 1.9594e-01 0.0000e+00
182 0.0000e+00 0.0000e+00 7.8676e-05 3.0161e-09 7.8676e-05 1.9601e-01 0.0000e+00
183 0.0000e+00 0.0000e+00 7.8482e-05 2.7709e-09 7.8482e-05 1.9609e-01 0.0000e+00
184 0.0000e+00 0.0000e+00 7.8290e-05 2.5458e-09 7.8290e-05 1.9617e-01 0.0000e+00
185 0.0000e+00 0.0000e+00 7.8099e-05 2.3391e-09 7.8099e-05 1.9625e-01 0.0000e+00
186 0.0000e+00 0.0000e+00 7.7909e-05 2.1493e-09 7.7909e-05 1.9633e-01 0.0000e+00
187 0.0000e+00 0.0000e+00 7.7719e-05 1.9751e-09 7.7719e-05 1.9641e-01 0.0000e+00
188 0.0000e+00 0.0000e+00 7.7531e-05 1.1665e-09 7.7531e-05 1.9648e-01 0.0000e+00
189 0.0000e+00 4.5600e-05 7.7343e-05 1.0756e-09 7.7343e-05 1.9656e-01 0.0000e+00
190 5.0000e-04 8.7900e-05 7.7156e-05 9.9184e-10 7.7156e-05 1.9664e-01 0.0000e+00
191 0.0000e+00 1.2440e-04 7.6970e-05 9.1462e-10 7.6970e-05 1.9671e-01 0.0000e+00
192 0.0000e+00 1.5230e-04 7.6785e-05 8.4344e-10 7.6785e-05 1.9679e-01 0.0000e+00
193 0.0000e+00 1.6850e-04 7.6601e-05 7.7783e-10 7.6601e-05 1.9687e-01 0.0000e+00
194 0.0000e+00 1.7590e-04 7.6418e-05 7.1735e-10 7.6418e-05 1.9694e-01 0.0000e+00
195 0.0000e+00 1.6850e-04 7.6236e-05 6.6160e-10 7.6236e-05 1.9702e-01 0.0000e+00
196 0.0000e+00 1.5230e-04 7.6055e-05 6.1020e-10 7.6055e-05 1.9710e-01 0.0000e+00
197 0.0000e+00 1.2440e-04 7.5874e-05 5.6282e-10 7.5874e-05 1.9717e-01 0.0000e+00
198 0.0000e+00 8.7900e-05 7.5694e-05 5.1914e-10 7.5694e-05 1.9725e-01 0.0000e+00
199 0.0000e+00 4.2600e-05 7.5516e-05 2.0764e-10 7.5516e-05 1.9732e-01 0.0000e+00
200 0.0000e+00 0.0000e+00 7.5338e-05 1.9225e-10 7.5338e-05 1.9740e-01 0.0000e+00
201 0.0000e+00 0.0000e+00 7.5160e-05 1.7800e-10 7.5160e-05 1.9747e-01 0.0000e+00
202 0.0000e+00 0.0000e+00 7.4984e-05 1.6482e-10 7.4984e-05 1.9755e-01 0.0000e+00
203 0.0000e+00 0.0000e+00 7.4809e-05 1.5261e-10 7.4809e-05 1.9762e-01 0.0000e+00
204 0.0000e+00 0.0000e+00 7.4634e-05 1.4131e-10 7.4634e-05 1.9770e-01 0.0000e+00
205 0.0000e+00 0.0000e+00 7.4460e-05 1.3085e-10 7.4460e-05 1.9777e-01 0.0000e+00
206 0.0000e+00 0.0000e+00 7.4287e-05 1.2117e-10 7.4287e-05 1.9785e-01 0.0000e+00
207 0.0000e+00 0.0000e+00 7.4115e-05 1.1221e-10 7.4115e-05 1.9792e-01 0.0000e+00
208 0.0000e+00 0.0000e+00 7.3943e-05 1.0391e-10 7.3943e-05 1.9799e-01 0.0000e+00
209 0.0000e+00 0.0000e+00 7.3773e-05 9.6233e-11 7.3773e-05 1.9807e-01 0.0000e+00
210 0.0000e+00 0.0000e+00 7.3603e-05 8.9123e-11 7.3603e-05 1.9814e-01 0.0000e+00
211 0.0000e+00 0.0000e+00 7.3434e-05 1.5374e-11 7.3434e-05 1.9822e-01 0.0000e+00
212 0.0000e+00 0.0000e+00 7.3265e-05 1.4295e-11 7.3265e-05 1.9829e-01 0.0000e+00
213 0.0000e+00 4.9000e-05 7.3098e-05 1.3293e-11 7.3098e-05 1.9836e-01 0.0000e+00
214 0.0000e+00 9.4600e-05 7.2931e-05 1.2361e-11 7.2931e-05 1.9844e-01 0.0000e+00
215 0.0000e+00 1.3380e-04 7.2765e-05 1.1495e-11 7.2765e-05 1.9851e-01 0.0000e+00
216 0.0000e+00 1.6380e-04 7.2600e-05 1.0689e-11 7.2600e-05 1.9858e-01 0.0000e+00
217 0.0000e+00 1.8130e-04 7.2435e-05 9.9407e-12 7.2435e-05 1.9865e-01 0.0000e+00
218 0.0000e+00 1.8920e-04 7.2271e-05 9.2446e-12 7.2271e-05 1.9873e-01 0.0000e+00
219 0.0000e+00 1.8130e-04 7.2108e-05 8.5974e-12 7.2108e-05 1.9880e-01 0.0000e+00
220 0.0000e+00 1.6380e-04 7.1946e-05 7.9956e-12 7.1946e-05 1.9887e-01 0.0000e+00
221 0.0000e+00 1.3380e-04 7.1784e-05 7.4362e-12 7.1784e-05 1.9894e-01 0.0000e+00
222 0.0000e+00 9.4600e-05 7.1624e-05 0.0000e+00 7.1624e-05 1.9901e-01 0.0000e+00
223 0.0000e+00 4.5800e-05 7.1463e-05 0.0000e+00 7.1463e-05 1.9908e-01 0.0000e+00
224 0.0000e+00 0.0000e+00 7.1304e-05 0.0000e+00 7.1304e-05 1.9916e-01 0.0000e+00
225 0.0000e+00 0.0000e+00 7.1145e-05 0.0000e+00 7.1145e-05 1.9923e-01 0.0000e+00
226 0.0000e+00 0.0000e+00 7.0987e-05 0.0000e+00 7.0987e-05 1.9930e-01 0.0000e+00
227 0.0000e+00 0.0000e+00 7.0830e-05 0.0000e+00 7.0830e-05 1.9937e-01 0.0000e+00
228 0.0000e+00 0.0000e+00 7.0673e-05 0.0000e+00 7.0673e-05 1.9944e-01 0.0000e+00
229 0.0000e+00 0.0000e+00 7.0518e-05 0.0000e+00 7.0518e-05 1.9951e-01 0.0000e+00
230 0.0000e+00 0.0000e+00 7.0362e-05 0.0000e+00 7.0362e-05 1.9958e-01 0.0000e+00
231 0.0000e+00 0.0000e+00 7.0208e-05 0.0000e+00 7.0208e-05 1.9965e-01 0.0000e+00
232 0.0000e+00 0.0000e+00 7.0054e-05 0.0000e+00 7.0054e-05 1.9972e-01 0.0000e+00
233 0.0000e+00 0.0000e+00 6.9901e-05 0.0000e+00 6.9901e-05 1.9979e-01 0.0000e+00
234 0.0000e+00 0.0000e+00 6.9748e-05 0.0000e+00 6.9748e-05 1.9986e-01 0.0000e+00
235 0.0000e+00 0.0000e+00 6.9596e-05 0.0000e+00 6.9596e-05 1.9993e-01 0.0000e+00
236 0.0000e+00 0.0000e+00 6.9445e-05 0.0000e+00 6.9445e-05 2.0000e-01 0.0000e+00
237 0.0000e+00 5.1700e-05 6.9295e-05 0.0000e+00 6.9295e-05 2.0007e-01 0.0000e+00
238 0.0000e+00 9.9800e-05 6.9145e-05 0.0000e+00 6.9145e-05 2.0014e-01 0.0000e+00
239 0.0000e+00 1.4120e-04 6.8995e-05 0.0000e+00 6.8995e-05 2.0021e-01 0.0000e+00
240 0.0000e+00 1.7290e-04 6.8847e-05 0.0000e+00 6.8847e-05 2.0028e-01 0.0000e+00
241 5.0000e-04 1.9130e-04 6.8699e-05 0.0000e+00 6.8699e-05 2.0034e-01 0.0000e+00
242 1.0000e-03 1.9970e-04 6.8552e-05 0.0000e+00 6.8552e-05 2.0041e-01 0.0000e+00
243 0.0000e+00 1.9130e-04 6.8405e-05 0.0000e+00 6.8405e-05 2.0048e-01 0.0000e+00
244 0.0000e+00 1.7290e-04 6.8259e-05 0.0000e+00 6.8259e-05 2.0055e-01 0.0000e+00
245 0.0000e+00 1.4120e-04 6.8113e-05 0.0000e+00 6.8113e-05 2.0062e-01 0.0000e+00
246 0.0000e+00 9.9800e-05 6.7969e-05 0.0000e+00 6.7969e-05 2.0069e-01 0.0000e+00
247 0.0000e+00 4.8300e-05 6.7824e-05 0.0000e+00 6.7824e-05 2.0075e-01 0.0000e+00
248 0.0000e+00 0.0000e+00 6.7681e-05 0.0000e+00 6.7681e-05 2.0082e-01 0.0000e+00
249 0.0000e+00 0.0000e+00 6.7538e-05 0.0000e+00 6.7538e-05 2.0089e-01 0.0000e+00
250 0.0000e+00 0.0000e+00 6.7395e-05 0.0000e+00 6.7395e-05 2.0096e-01 0.0000e+00
251 0.0000e+00 0.0000e+00 6.7254e-05 0.0000e+00 6.7254e-05 2.0102e-01 0.0000e+00
252 0.0000e+00 0.0000e+00 6.7112e-05 0.0000e+00 6.7112e-05 2.0109e-01 0.0000e+00
253 1.0000e-03 0.0000e+00 6.6972e-05 0.0000e+00 6.6972e-05 2.0116e-01 0.0000e+00
254 0.0000e+00 0.0000e+00 6.6832e-05 0.0000e+00 6.6832e-05 2.0122e-01 0.0000e+00
255 0.0000e+00 0.0000e+00 6.6692e-05 0.0000e+00 6.6692e-05 2.0129e-01 0.0000e+00
256 0.0000e+00 0.0000e+00 6.6553e-05 0.0000e+00 6.6553e-05 2.0136e-01 0.0000e+00
257 0.0000e+00 0.0000e+00 6.6415e-05 0.0000e+00 6.6415e-05 2.0142e-01 0.0000e+00
258 0.0000e+00 0.0000e+00 6.6277e-05 0.0000e+00 6.6277e-05 2.0149e-01 0.0000e+00
259 0.0000e+00 0.0000e+00 6.6140e-05 0.0000e+00 6.6140e-05 2.0156e-01 0.0000e+00
260 0.0000e+00 0.0000e+00 6.6004e-05 0.0000e+00 6.6004e-05 2.0162e-01 0.0000e+00
261 0.0000e+00 7.5200e-05 6.5868e-05 0.0000e+00 6.5868e-05 2.0169e-01 0.0000e+00
262 1.0000e-03 1.4510e-04 6.5732e-05 0.0000e+00 6.5732e-05 2.0175e-01 0.0000e+00
263 0.0000e+00 2.0520e-04 6.5597e-05 0.0000e+00 6.5597e-05 2.0182e-01 0.0000e+00
264 0.0000e+00 2.5130e-04 6.5463e-05 0.0000e+00 6.5463e-05 2.0188e-01 0.0000e+00
265 0.0000e+00 2.7800e-04 6.5329e-05 0.0000e+00 6.5329e-05 2.0195e-01 0.0000e+00
266 0.0000e+00 2.9030e-04 6.5196e-05 0.0000e+00 6.5196e-05 2.0201e-01 0.0000e+00
267 0.0000e+00 2.7800e-04 6.5063e-05 0.0000e+00 6.5063e-05 2.0208e-01 0.0000e+00
268 0.0000e+00 2.5130e-04 6.4931e-05 0.0000e+00 6.4931e-05 2.0214e-01 0.0000e+00
269 0.0000e+00 2.0520e-04 6.4800e-05 0.0000e+00 6.4800e-05 2.0221e-01 0.0000e+00
270 0.0000e+00 1.4510e-04 6.4669e-05 0.0000e+00 6.4669e-05 2.0227e-01 0.0000e+00
271 0.0000e+00 7.0200e-05 6.4538e-05 0.0000e+00 6.4538e-05 2.0234e-01 0.0000e+00
272 0.0000e+00 0.0000e+00 6.4408e-05 0.0000e+00 6.4408e-05 2.0240e-01 0.0000e+00
273 0.0000e+00 0.0000e+00 6.4278e-05 0.0000e+00 6.4278e-05 2.0247e-01 0.0000e+00
274 0.0000e+00 0.0000e+00 6.4149e-05 0.0000e+00 6.4149e-05 2.0253e-01 0.0000e+00
275 0.0000e+00 0.0000e+00 6.4021e-05 0.0000e+00 6.4021e-05 2.0260e-01 0.0000e+00
276 0.0000e+00 0.0000e+00 6.3893e-05 0.0000e+00 6.3893e-05 2.0266e-01 0.0000e+00
277 0.0000e+00 0.0000e+00 6.3766e-05 0.0000e+00 6.3766e-05 2.0272e-01 0.0000e+00
278 0.0000e+00 0.0000e+00 6.3639e-05 0.0000e+00 6.3639e-05 2.0279e-01 0.0000e+00
279 0.0000e+00 0.0000e+00 6.3512e-05 0.0000e+00 6.3512e-05 2.0285e-01 0.0000e+00
280 0.0000e+00 0.0000e+00 6.3386e-05 0.0000e+00 6.3386e-05 2.0291e-01 0.0000e+00
281 0.0000e+00 0.0000e+00 6.3261e-05 0.0000e+00 6.3261e-05 2.0298e-01 0.0000e+00
282 0.0000e+00 0.0000e+00 6.3136e-05 0.0000e+00 6.3136e-05 2.0304e-01 0.0000e+00
283 1.0000e-03 0.0000e+00 6.3011e-05 0.0000e+00 6.3011e-05 2.0310e-01 0.0000e+00
284 5.0000e-04 0.0000e+00 6.2887e-05 0.0000e+00 6.2887e-05 2.0317e-01 0.0000e+00
285 2.5000e-03 2.4400e-05 6.5322e-05 1.8554e-05 6.2764e-05 2.0321e-01 2.5576e-06
286 6.0000e-03 4.7000e-05 1.5792e-04 7.0556e-04 6.2677e-05 2.0257e-01 9.5239e-05
287 4.0000e-03 6.6500e-05 1.2695e-04 1.0290e-03 6.3949e-05 2.0160e-01 6.3003e-05
288 1.5000e-03 8.1400e-05 8.8754e-05 1.0277e-03 6.5907e-05 2.0064e-01 2.2847e-05
289 0.0000e+00 9.0100e-05 6.7918e-05 8.7810e-04 6.7918e-05 1.9983e-01 0.0000e+00
290 0.0000e+00 9.4000e-05 6.9660e-05 7.6350e-04 6.9660e-05 1.9914e-01 0.0000e+00
291 5.0000e-04 9.0100e-05 7.4931e-05 6.9627e-04 7.1187e-05 1.9851e-01 3.7449e-06
292 0.0000e+00 8.1400e-05 7.2591e-05 6.0939e-04 7.2591e-05 1.9797e-01 0.0000e+00
293 0.0000e+00 6.6500e-05 7.3819e-05 5.3624e-04 7.3819e-05 1.9751e-01 0.0000e+00
294 1.5000e-03 4.7000e-05 9.5013e-05 6.2627e-04 7.4893e-05 1.9696e-01 2.0120e-05
295 1.0000e-03 2.2800e-05 9.1384e-05 6.5499e-04 7.6195e-05 1.9638e-01 1.5189e-05
296 0.0000e+00 0.0000e+00 7.7586e-05 5.6419e-04 7.7586e-05 1.9590e-01 0.0000e+00
297 0.0000e+00 0.0000e+00 7.8774e-05 4.9473e-04 7.8774e-05 1.9548e-01 0.0000e+00
298 0.0000e+00 0.0000e+00 7.9805e-05 4.3575e-04 7.9805e-05 1.9512e-01 0.0000e+00
299 0.0000e+00 0.0000e+00 8.0698e-05 3.8475e-04 8.0698e-05 1.9482e-01 0.0000e+00
300 0.0000e+00 0.0000e+00 8.1468e-05 3.4032e-04 8.1468e-05 1.9456e-01 0.0000e+00
301 0.0000e+00 0.0000e+00 8.2130e-05 3.0145e-04 8.2130e-05 1.9434e-01 0.0000e+00
302 0.0000e+00 0.0000e+00 8.2695e-05 2.6734e-04 8.2695e-05 1.9416e-01 0.0000e+00
303 0.0000e+00 0.0000e+00 8.3173e-05 2.3734e-04 8.3173e-05 1.9400e-01 0.0000e+00
304 0.0000e+00 0.0000e+00 8.3575e-05 2.1089e-04 8.3575e-05 1.9388e-01 0.0000e+00
305 0.0000e+00 0.0000e+00 8.3908e-05 1.8755e-04 8.3908e-05 1.9377e-01 0.0000e+00
306 0.0000e+00 0.0000e+00 8.4180e-05 1.6692e-04 8.4180e-05 1.9369e-01 0.0000e+00
307 0.0000e+00 0.0000e+00 8.4398e-05 1.4866e-04 8.4398e-05 1.9362e-01 0.0000e+00
308 0.0000e+00 0.0000e+00 8.4568e-05 1.3249e-04 8.4568e-05 1.9358e-01 0.0000e+00
309 0.0000e+00 2.8800e-05 8.4695e-05 1.1815e-04 8.4695e-05 1.9354e-01 0.0000e+00
310 5.0000e-04 5.5500e-05 9.1930e-05 1.6201e-04 8.4783e-05 1.9347e-01 7.1468e-06
311 0.0000e+00 7.8500e-05 8.4988e-05 1.3715e-04 8.4988e-05 1.9341e-01 0.0000e+00
312 0.0000e+00 9.6200e-05 8.5127e-05 1.2073e-04 8.5127e-05 1.9338e-01 0.0000e+00
313 0.0000e+00 1.0640e-04 8.5221e-05 1.0671e-04 8.5221e-05 1.9336e-01 0.0000e+00
314 0.0000e+00 1.1110e-04 8.5279e-05 9.4576e-05 8.5279e-05 1.9335e-01 0.0000e+00
315 0.0000e+00 1.0640e-04 8.5303e-05 8.3992e-05 8.5303e-05 1.9335e-01 0.0000e+00
316 0.0000e+00 9.6200e-05 8.5300e-05 7.4709e-05 8.5300e-05 1.9336e-01 0.0000e+00
317 5.0000e-04 7.8500e-05 8.5272e-05 6.6536e-05 8.5272e-05 1.9338e-01 0.0000e+00
318 1.0000e-03 5.5500e-05 9.7574e-05 1.5725e-04 8.5222e-05 1.9331e-01 1.2352e-05
319 5.0000e-04 2.6900e-05 9.2498e-05 1.8350e-04 8.5414e-05 1.9321e-01 7.0844e-06
320 0.0000e+00 0.0000e+00 8.5676e-05 1.5329e-04 8.5676e-05 1.9314e-01 0.0000e+00
321 0.0000e+00 0.0000e+00 8.5857e-05 1.3311e-04 8.5857e-05 1.9309e-01 0.0000e+00
322 1.0000e-03 0.0000e+00 1.0149e-04 2.3955e-04 8.5984e-05 1.9294e-01 1.5509e-05
323 1.0000e-03 0.0000e+00 1.0234e-04 3.2251e-04 8.6398e-05 1.9270e-01 1.5938e-05
324 0.0000e+00 0.0000e+00 8.7038e-05 2.6607e-04 8.7038e-05 1.9252e-01 0.0000e+00
325 0.0000e+00 0.0000e+00 8.7526e-05 2.3015e-04 8.7526e-05 1.9238e-01 0.0000e+00
326 0.0000e+00 0.0000e+00 8.7917e-05 2.0044e-04 8.7917e-05 1.9227e-01 0.0000e+00
327 0.0000e+00 0.0000e+00 8.8227e-05 1.7540e-04 8.8227e-05 1.9218e-01 0.0000e+00
328 0.0000e+00 0.0000e+00 8.8467e-05 1.5402e-04 8.8467e-05 1.9212e-01 0.0000e+00
329 0.0000e+00 0.0000e+00 8.8649e-05 1.3560e-04 8.8649e-05 1.9207e-01 0.0000e+00
330 0.0000e+00 0.0000e+00 8.8779e-05 1.1964e-04 8.8779e-05 1.9204e-01 0.0000e+00
331 0.0000e+00 0.0000e+00 8.8865e-05 1.0575e-04 8.8865e-05 1.9202e-01 0.0000e+00
332 0.0000e+00 0.0000e+00 8.8911e-05 9.3601e-05 8.8911e-05 1.9202e-01 0.0000e+00
333 0.0000e+00 1.1200e-05 8.8924e-05 8.2959e-05 8.8924e-05 1.9202e-01 0.0000e+00
334 0.0000e+00 2.1600e-05 8.8908e-05 7.3613e-05 8.8908e-05 1.9204e-01 0.0000e+00
335 0.0000e+00 3.0600e-05 8.8865e-05 6.5387e-05 8.8865e-05 1.9206e-01 0.0000e+00
336 0.0000e+00 3.7400e-05 8.8800e-05 5.8137e-05 8.8800e-05 1.9209e-01 0.0000e+00
337 0.0000e+00 4.1400e-05 8.8715e-05 5.1736e-05 8.8715e-05 1.9213e-01 0.0000e+00
338 5.0000e-04 4.3200e-05 9.4318e-05 9.1729e-05 8.8613e-05 1.9213e-01 5.7051e-06
339 5.0000e-04 4.1400e-05 9.5902e-05 1.3388e-04 8.8621e-05 1.9208e-01 7.2805e-06
340 1.5000e-03 3.7400e-05 1.1210e-04 2.9498e-04 8.8747e-05 1.9188e-01 2.3358e-05
341 1.5000e-03 3.0600e-05 1.1379e-04 4.2131e-04 8.9321e-05 1.9154e-01 2.4470e-05
342 1.0000e-03 2.1600e-05 1.0650e-04 4.6787e-04 9.0252e-05 1.9117e-01 1.6252e-05
343 5.0000e-04 1.0500e-05 9.9629e-05 4.5166e-04 9.1323e-05 1.9081e-01 8.3054e-06
344 1.0000e-03 0.0000e+00 1.1218e-04 5.0757e-04 9.2358e-05 1.9039e-01 1.9821e-05
345 5.0000e-04 0.0000e+00 1.0358e-04 4.9222e-04 9.3564e-05 1.8999e-01 1.0015e-05
346 0.0000e+00 0.0000e+00 9.4737e-05 4.2133e-04 9.4737e-05 1.8966e-01 0.0000e+00
347 0.0000e+00 0.0000e+00 9.5708e-05 3.6609e-04 9.5708e-05 1.8939e-01 0.0000e+00
348 0.0000e+00 0.0000e+00 9.6521e-05 3.1963e-04 9.6521e-05 1.8917e-01 0.0000e+00
349 0.0000e+00 0.0000e+00 9.7196e-05 2.8001e-04 9.7196e-05 1.8899e-01 0.0000e+00
350 0.0000e+00 0.0000e+00 9.7753e-05 2.4593e-04 9.7753e-05 1.8884e-01 0.0000e+00
351 0.0000e+00 0.0000e+00 9.8206e-05 2.1643e-04 9.8206e-05 1.8872e-01 0.0000e+00
352 0.0000e+00 0.0000e+00 9.8570e-05 1.9079e-04 9.8570e-05 1.8863e-01 0.0000e+00
353 5.0000e-04 0.0000e+00 1.0887e-04 2.3187e-04 9.8854e-05 1.8850e-01 1.0015e-05
354 0.0000e+00 0.0000e+00 9.9266e-05 1.9807e-04 9.9266e-05 1.8840e-01 0.0000e+00
355 0.0000e+00 0.0000e+00 9.9573e-05 1.7330e-04 9.9573e-05 1.8832e-01 0.0000e+00
356 0.0000e+00 0.0000e+00 9.9803e-05 1.5229e-04 9.9803e-05 1.8827e-01 0.0000e+00
357 0.0000e+00 7.2300e-05 9.9967e-05 1.3421e-04 9.9967e-05 1.8824e-01 0.0000e+00
358 0.0000e+00 1.3960e-04 1.0007e-04 1.1851e-04 1.0007e-04 1.8822e-01 0.0000e+00
359 0.0000e+00 1.9750e-04 1.0013e-04 1.0482e-04 1.0013e-04 1.8821e-01 0.0000e+00
360 0.0000e+00 2.4180e-04 1.0015e-04 9.2837e-05 1.0015e-04 1.8822e-01 0.0000e+00
361 0.0000e+00 2.6750e-04 1.0012e-04 8.2314e-05 1.0012e-04 1.8824e-01 0.0000e+00
362 0.0000e+00 2.7930e-04 1.0007e-04 7.3056e-05 1.0007e-04 1.8827e-01 0.0000e+00
363 0.0000e+00 2.6750e-04 9.9983e-05 6.4899e-05 9.9983e-05 1.8830e-01 0.0000e+00
364 0.0000e+00 2.4180e-04 9.9873e-05 5.7701e-05 9.9873e-05 1.8834e-01 0.0000e+00
365 0.0000e+00 1.9750e-04 9.9742e-05 5.1341e-05 9.9742e-05 1.8839e-01 0.0000e+00
366 0.0000e+00 1.3960e-04 9.9591e-05 4.5716e-05 9.9591e-05 1.8845e-01 0.0000e+00
367 0.0000e+00 6.7600e-05 9.9424e-05 4.0734e-05 9.9424e-05 1.8850e-01 0.0000e+00
368 0.0000e+00 0.0000e+00 9.9241e-05 3.6320e-05 9.9241e-05 1.8857e-01 0.0000e+00
369 0.0000e+00 0.0000e+00 9.9046e-05 3.2403e-05 9.9046e-05 1.8863e-01 0.0000e+00
370 0.0000e+00 0.0000e+00 9.8840e-05 2.8926e-05 9.8840e-05 1.8870e-01 0.0000e+00
371 0.0000e+00 0.0000e+00 9.8625e-05 2.5837e-05 9.8625e-05 1.8878e-01 0.0000e+00
372 0.0000e+00 0.0000e+00 9.8401e-05 2.3090e-05 9.8401e-05 1.8885e-01 0.0000e+00
373 5.0000e-04 0.0000e+00 9.8169e-05 2.0646e-05 9.8169e-05 1.8893e-01 0.0000e+00
374 7.5000e-03 0.0000e+00 2.1667e-04 7.6878e-04 9.7932e-05 1.8826e-01 1.1873e-04
375 4.5000e-03 0.0000e+00 1.9015e-04 1.1736e-03 1.0001e-04 1.8719e-01 9.0139e-05
376 2.5000e-03 0.0000e+00 1.5350e-04 1.2788e-03 1.0342e-04 1.8601e-01 5.0077e-05
377 5.0000e-04 0.0000e+00 1.1730e-04 1.1336e-03 1.0729e-04 1.8498e-01 1.0015e-05
378 0.0000e+00 0.0000e+00 1.1078e-04 9.6809e-04 1.1078e-04 1.8413e-01 0.0000e+00
379 0.0000e+00 0.0000e+00 1.1379e-04 8.3644e-04 1.1379e-04 1.8340e-01 0.0000e+00
380 0.0000e+00 0.0000e+00 1.1639e-04 7.2638e-04 1.1639e-04 1.8279e-01 0.0000e+00
381 0.0000e+00 1.7400e-05 1.1863e-04 6.3292e-04 1.1863e-04 1.8228e-01 0.0000e+00
382 0.0000e+00 3.3600e-05 1.2055e-04 5.5280e-04 1.2055e-04 1.8185e-01 0.0000e+00
383 1.0000e-03 4.7500e-05 1.4120e-04 6.1165e-04 1.2219e-04 1.8136e-01 1.9010e-05
384 1.0000e-03 5.8200e-05 1.4316e-04 6.4970e-04 1.2408e-04 1.8083e-01 1.9079e-05
385 0.0000e+00 6.4300e-05 1.2613e-04 5.5046e-04 1.2613e-04 1.8041e-01 0.0000e+00
386 5.0000e-04 6.7200e-05 1.3538e-04 5.2918e-04 1.2782e-04 1.8001e-01 7.5632e-06
387 0.0000e+00 6.4300e-05 1.2943e-04 4.5517e-04 1.2943e-04 1.7968e-01 0.0000e+00
388 0.0000e+00 5.8200e-05 1.3075e-04 3.9664e-04 1.3075e-04 1.7941e-01 0.0000e+00
389 0.0000e+00 4.7500e-05 1.3184e-04 3.4683e-04 1.3184e-04 1.7920e-01 0.0000e+00
390 5.0000e-04 3.3600e-05 1.3800e-04 3.4035e-04 1.3273e-04 1.7899e-01 5.2725e-06
391 0.0000e+00 1.6300e-05 1.3360e-04 2.9373e-04 1.3360e-04 1.7883e-01 0.0000e+00
392 5.0000e-04 0.0000e+00 1.4328e-04 3.1953e-04 1.3427e-04 1.7865e-01 9.0161e-06
393 5.0000e-04 0.0000e+00 1.4506e-04 3.4123e-04 1.3505e-04 1.7844e-01 1.0015e-05
394 0.0000e+00 0.0000e+00 1.3592e-04 2.8800e-04 1.3592e-04 1.7829e-01 0.0000e+00
395 0.0000e+00 0.0000e+00 1.3657e-04 2.5002e-04 1.3657e-04 1.7818e-01 0.0000e+00
396 0.0000e+00 0.0000e+00 1.3705e-04 2.1821e-04 1.3705e-04 1.7809e-01 0.0000e+00
397 0.0000e+00 0.0000e+00 1.3740e-04 1.9102e-04 1.3740e-04 1.7804e-01 0.0000e+00
398 0.0000e+00 0.0000e+00 1.3763e-04 1.6758e-04 1.3763e-04 1.7801e-01 0.0000e+00
399 0.0000e+00 0.0000e+00 1.3776e-04 1.4728e-04 1.3776e-04 1.7800e-01 0.0000e+00
400 0.0000e+00 0.0000e+00 1.3780e-04 1.2963e-04 1.3780e-04 1.7801e-01 0.0000e+00
401 0.0000e+00 0.0000e+00 1.3776e-04 1.1423e-04 1.3776e-04 1.7803e-01 0.0000e+00
402 1.0000e-03 0.0000e+00 1.5769e-04 2.4090e-04 1.3766e-04 1.7793e-01 2.0031e-05
403 0.0000e+00 0.0000e+00 1.3811e-04 1.9148e-04 1.3811e-04 1.7788e-01 0.0000e+00
404 0.0000e+00 0.0000e+00 1.3834e-04 1.6417e-04 1.3834e-04 1.7785e-01 0.0000e+00
405 5.0000e-04 2.4600e-05 1.4847e-04 2.1240e-04 1.3845e-04 1.7778e-01 1.0015e-05
406 5.0000e-04 4.7400e-05 1.4829e-04 2.4186e-04 1.3877e-04 1.7767e-01 9.5227e-06
407 0.0000e+00 6.7100e-05 1.3922e-04 1.9971e-04 1.3922e-04 1.7761e-01 0.0000e+00
408 5.0000e-04 8.2200e-05 1.4721e-04 2.2605e-04 1.3948e-04 1.7753e-01 7.7232e-06
409 0.0000e+00 9.0900e-05 1.3986e-04 1.8840e-04 1.3986e-04 1.7748e-01 0.0000e+00
410 0.0000e+00 9.5000e-05 1.4007e-04 1.6254e-04 1.4007e-04 1.7745e-01 0.0000e+00
411 0.0000e+00 9.0900e-05 1.4017e-04 1.4109e-04 1.4017e-04 1.7745e-01 0.0000e+00
412 0.0000e+00 8.2200e-05 1.4017e-04 1.2293e-04 1.4017e-04 1.7747e-01 0.0000e+00
413 0.0000e+00 6.7100e-05 1.4010e-04 1.0741e-04 1.4010e-04 1.7750e-01 0.0000e+00
414 0.0000e+00 4.7400e-05 1.3996e-04 9.4061e-05 1.3996e-04 1.7755e-01 0.0000e+00
415 0.0000e+00 2.3000e-05 1.3976e-04 8.2525e-05 1.3976e-04 1.7761e-01 0.0000e+00
416 0.0000e+00 0.0000e+00 1.3951e-04 7.2522e-05 1.3951e-04 1.7767e-01 0.0000e+00
417 0.0000e+00 0.0000e+00 1.3921e-04 6.3822e-05 1.3921e-04 1.7775e-01 0.0000e+00
418 0.0000e+00 0.0000e+00 1.3889e-04 5.6236e-05 1.3889e-04 1.7783e-01 0.0000e+00
419 0.0000e+00 0.0000e+00 1.3853e-04 4.9610e-05 1.3853e-04 1.7792e-01 0.0000e+00
420 0.0000e+00 0.0000e+00 1.3814e-04 4.3811e-05 1.3814e-04 1.7802e-01 0.0000e+00
421 0.0000e+00 0.0000e+00 1.3774e-04 3.8727e-05 1.3774e-04 1.7811e-01 0.0000e+00
422 0.0000e+00 0.0000e+00 1.3731e-04 3.4266e-05 1.3731e-04 1.7822e-01 0.0000e+00
423 0.0000e+00 0.0000e+00 1.3687e-04 3.0344e-05 1.3687e-04 1.7832e-01 0.0000e+00
424 0.0000e+00 0.0000e+00 1.3642e-04 2.6893e-05 1.3642e-04 1.7843e-01 0.0000e+00
425 0.0000e+00 0.0000e+00 1.3595e-04 2.3853e-05 1.3595e-04 1.7855e-01 0.0000e+00
426 0.0000e+00 0.0000e+00 1.3547e-04 2.1172e-05 1.3547e-04 1.7866e-01 0.0000e+00
427 5.0000e-04 0.0000e+00 1.3499e-04 1.8806e-05 1.3499e-04 1.7878e-01 0.0000e+00
428 2.0000e-03 0.0000e+00 1.7304e-04 2.8421e-04 1.3450e-04 1.7863e-01 3.8543e-05
429 3.0000e-03 3.2600e-05 1.9523e-04 6.2940e-04 1.3513e-04 1.7813e-01 6.0093e-05
430 2.0000e-03 6.2900e-05 1.7664e-04 7.6106e-04 1.3724e-04 1.7751e-01 3.9409e-05
431 1.0000e-03 8.9000e-05 1.5871e-04 7.4383e-04 1.3994e-04 1.7690e-01 1.8771e-05
432 0.0000e+00 1.0900e-04 1.4260e-04 6.1569e-04 1.4260e-04 1.7643e-01 0.0000e+00
433 5.0000e-04 1.2060e-04 1.5078e-04 5.6868e-04 1.4473e-04 1.7601e-01 6.0532e-06
434 0.0000e+00 1.2590e-04 1.4666e-04 4.8307e-04 1.4666e-04 1.7567e-01 0.0000e+00
435 0.0000e+00 1.2060e-04 1.4821e-04 4.1641e-04 1.4821e-04 1.7540e-01 0.0000e+00
436 0.0000e+00 1.0900e-04 1.4945e-04 3.6038e-04 1.4945e-04 1.7519e-01 0.0000e+00
437 3.5000e-03 8.9000e-05 2.1950e-04 7.3907e-04 1.5044e-04 1.7460e-01 6.9055e-05
438 0.0000e+00 6.2900e-05 1.5324e-04 5.8615e-04 1.5324e-04 1.7417e-01 0.0000e+00
439 0.0000e+00 3.0500e-05 1.5532e-04 5.0044e-04 1.5532e-04 1.7383e-01 0.0000e+00
440 0.0000e+00 0.0000e+00 1.5701e-04 4.3029e-04 1.5701e-04 1.7355e-01 0.0000e+00
441 0.0000e+00 0.0000e+00 1.5835e-04 3.7179e-04 1.5835e-04 1.7334e-01 0.0000e+00
442 0.0000e+00 0.0000e+00 1.5941e-04 3.2238e-04 1.5941e-04 1.7318e-01 0.0000e+00
443 0.0000e+00 0.0000e+00 1.6023e-04 2.8030e-04 1.6023e-04 1.7306e-01 0.0000e+00
444 5.0000e-04 0.0000e+00 1.6959e-04 2.8841e-04 1.6083e-04 1.7293e-01 8.7609e-06
445 0.0000e+00 0.0000e+00 1.6147e-04 2.4639e-04 1.6147e-04 1.7284e-01 0.0000e+00
446 0.0000e+00 0.0000e+00 1.6190e-04 2.1403e-04 1.6190e-04 1.7279e-01 0.0000e+00
447 0.0000e+00 0.0000e+00 1.6217e-04 1.8652e-04 1.6217e-04 1.7277e-01 0.0000e+00
448 0.0000e+00 0.0000e+00 1.6229e-04 1.6293e-04 1.6229e-04 1.7277e-01 0.0000e+00
449 0.0000e+00 0.0000e+00 1.6229e-04 1.4258e-04 1.6229e-04 1.7279e-01 0.0000e+00
450 0.0000e+00 0.0000e+00 1.6219e-04 1.2496e-04 1.6219e-04 1.7282e-01 0.0000e+00
451 0.0000e+00 0.0000e+00 1.6200e-04 1.0966e-04 1.6200e-04 1.7288e-01 0.0000e+00
452 5.0000e-04 0.0000e+00 1.7552e-04 1.6598e-04 1.6174e-04 1.7287e-01 1.3783e-05
453 0.0000e+00 2.2400e-05 1.6176e-04 1.3694e-04 1.6176e-04 1.7290e-01 0.0000e+00
454 0.0000e+00 4.3300e-05 1.6163e-04 1.1802e-04 1.6163e-04 1.7294e-01 0.0000e+00
455 0.0000e+00 6.1200e-05 1.6141e-04 1.0239e-04 1.6141e-04 1.7300e-01 0.0000e+00
456 0.0000e+00 7.5000e-05 1.6112e-04 8.9203e-05 1.6112e-04 1.7307e-01 0.0000e+00
457 0.0000e+00 8.3000e-05 1.6076e-04 7.7953e-05 1.6076e-04 1.7315e-01 0.0000e+00
458 0.0000e+00 8.6600e-05 1.6034e-04 6.8279e-05 1.6034e-04 1.7325e-01 0.0000e+00
459 0.0000e+00 8.3000e-05 1.5988e-04 5.9915e-05 1.5988e-04 1.7335e-01 0.0000e+00
460 0.0000e+00 7.5000e-05 1.5938e-04 5.2658e-05 1.5938e-04 1.7345e-01 0.0000e+00
461 0.0000e+00 6.1200e-05 1.5885e-04 4.6343e-05 1.5885e-04 1.7356e-01 0.0000e+00
462 0.0000e+00 4.3300e-05 1.5829e-04 4.0834e-05 1.5829e-04 1.7368e-01 0.0000e+00
463 0.0000e+00 2.1000e-05 1.5771e-04 3.6020e-05 1.5771e-04 1.7380e-01 0.0000e+00
464 0.0000e+00 0.0000e+00 1.5711e-04 3.1805e-05 1.5711e-04 1.7393e-01 0.0000e+00
465 1.0000e-03 0.0000e+00 1.6349e-04 7.8924e-05 1.5650e-04 1.7401e-01 6.9874e-06
466 5.0000e-04 0.0000e+00 1.6614e-04 1.3382e-04 1.5612e-04 1.7403e-01 1.0015e-05
467 0.0000e+00 0.0000e+00 1.5601e-04 1.0399e-04 1.5601e-04 1.7408e-01 0.0000e+00
468 0.0000e+00 0.0000e+00 1.5576e-04 8.8159e-05 1.5576e-04 1.7415e-01 0.0000e+00
469 5.0000e-04 0.0000e+00 1.6545e-04 1.4820e-04 1.5543e-04 1.7416e-01 1.0015e-05
470 0.0000e+00 0.0000e+00 1.5540e-04 1.1691e-04 1.5540e-04 1.7419e-01 0.0000e+00
471 0.0000e+00 0.0000e+00 1.5521e-04 9.9586e-05 1.5521e-04 1.7425e-01 0.0000e+00
472 5.0000e-04 0.0000e+00 1.6495e-04 1.5818e-04 1.5494e-04 1.7425e-01 1.0015e-05
473 5.0000e-04 0.0000e+00 1.6497e-04 1.9833e-04 1.5495e-04 1.7420e-01 1.0015e-05
474 0.0000e+00 0.0000e+00 1.5516e-04 1.5911e-04 1.5516e-04 1.7420e-01 0.0000e+00
475 0.0000e+00 0.0000e+00 1.5518e-04 1.3550e-04 1.5518e-04 1.7422e-01 0.0000e+00
476 0.0000e+00 0.0000e+00 1.5509e-04 1.1632e-04 1.5509e-04 1.7426e-01 0.0000e+00
477 0.0000e+00 9.2000e-06 1.5490e-04 1.0040e-04 1.5490e-04 1.7431e-01 0.0000e+00
478 0.0000e+00 1.7800e-05 1.5464e-04 8.7012e-05 1.5464e-04 1.7438e-01 0.0000e+00
479 0.0000e+00 2.5200e-05 1.5431e-04 7.5644e-05 1.5431e-04 1.7446e-01 0.0000e+00
480 0.0000e+00 3.0900e-05 1.5393e-04 6.5926e-05 1.5393e-04 1.7455e-01 0.0000e+00
481 0.0000e+00 3.4200e-05 1.5351e-04 5.7577e-05 1.5351e-04 1.7464e-01 0.0000e+00
482 5.0000e-04 3.5700e-05 1.6072e-04 1.0582e-04 1.5305e-04 1.7469e-01 7.6680e-06
483 2.5000e-03 3.4200e-05 2.1062e-04 4.3088e-04 1.5282e-04 1.7441e-01 5.7793e-05
484 1.0000e-03 3.0900e-05 1.7297e-04 4.6695e-04 1.5416e-04 1.7410e-01 1.8814e-05
485 0.0000e+00 2.5200e-05 1.5567e-04 3.7569e-04 1.5567e-04 1.7388e-01 0.0000e+00
486 1.0000e-03 1.7800e-05 1.7942e-04 4.5155e-04 1.5675e-04 1.7358e-01 2.2676e-05
487 0.0000e+00 8.6000e-06 1.5820e-04 3.7027e-04 1.5820e-04 1.7337e-01 0.0000e+00
488 0.0000e+00 0.0000e+00 1.5925e-04 3.1586e-04 1.5925e-04 1.7322e-01 0.0000e+00
489 0.0000e+00 0.0000e+00 1.6003e-04 2.7127e-04 1.6003e-04 1.7310e-01 0.0000e+00
490 0.0000e+00 0.0000e+00 1.6059e-04 2.3408e-04 1.6059e-04 1.7303e-01 0.0000e+00
491 0.0000e+00 0.0000e+00 1.6096e-04 2.0270e-04 1.6096e-04 1.7299e-01 0.0000e+00
492 0.0000e+00 0.0000e+00 1.6117e-04 1.7601e-04 1.6117e-04 1.7297e-01 0.0000e+00
493 0.0000e+00 0.0000e+00 1.6124e-04 1.5318e-04 1.6124e-04 1.7298e-01 0.0000e+00
494 0.0000e+00 0.0000e+00 1.6120e-04 1.3357e-04 1.6120e-04 1.7301e-01 0.0000e+00
495 0.0000e+00 0.0000e+00 1.6106e-04 1.1667e-04 1.6106e-04 1.7305e-01 0.0000e+00
496 0.0000e+00 0.0000e+00 1.6084e-04 1.0207e-04 1.6084e-04 1.7311e-01 0.0000e+00
497 0.0000e+00 0.0000e+00 1.6054e-04 8.9411e-05 1.6054e-04 1.7318e-01 0.0000e+00
498 0.0000e+00 0.0000e+00 1.6019e-04 7.8423e-05 1.6019e-04 1.7327e-01 0.0000e+00
499 0.0000e+00 0.0000e+00 1.5978e-04 6.8866e-05 1.5978e-04 1.7336e-01 0.0000e+00
500 0.0000e+00 0.0000e+00 1.5932e-04 6.0540e-05 1.5932e-04 1.7346e-01 0.0000e+00
501 0.0000e+00 6.3800e-05 1.5883e-04 5.3274e-05 1.5883e-04 1.7356e-01 0.0000e+00
502 0.0000e+00 1.2310e-04 1.5831e-04 4.6926e-05 1.5831e-04 1.7367e-01 0.0000e+00
503 0.0000e+00 1.7420e-04 1.5776e-04 4.1372e-05 1.5776e-04 1.7379e-01 0.0000e+00
504 0.0000e+00 2.1330e-04 1.5719e-04 3.6508e-05 1.5719e-04 1.7391e-01 0.0000e+00
505 0.0000e+00 2.3600e-04 1.5660e-04 3.2241e-05 1.5660e-04 1.7403e-01 0.0000e+00
506 0.0000e+00 2.4640e-04 1.5599e-04 2.8497e-05 1.5599e-04 1.7416e-01 0.0000e+00
507 0.0000e+00 2.3600e-04 1.5537e-04 2.5205e-05 1.5537e-04 1.7429e-01 0.0000e+00
508 0.0000e+00 2.1330e-04 1.5474e-04 2.2311e-05 1.5474e-04 1.7442e-01 0.0000e+00
509 0.0000e+00 1.7420e-04 1.5410e-04 1.9763e-05 1.5410e-04 1.7456e-01 0.0000e+00
510 0.0000e+00 1.2310e-04 1.5345e-04 1.7518e-05 1.5345e-04 1.7469e-01 0.0000e+00
511 0.0000e+00 5.9600e-05 1.5280e-04 1.5538e-05 1.5280e-04 1.7483e-01 0.0000e+00
512 0.0000e+00 0.0000e+00 1.5215e-04 1.3791e-05 1.5215e-04 1.7497e-01 0.0000e+00
513 0.0000e+00 0.0000e+00 1.5149e-04 1.2247e-05 1.5149e-04 1.7511e-01 0.0000e+00
514 0.0000e+00 0.0000e+00 1.5083e-04 1.0883e-05 1.5083e-04 1.7525e-01 0.0000e+00
515 0.0000e+00 0.0000e+00 1.5018e-04 9.6767e-06 1.5018e-04 1.7539e-01 0.0000e+00
516 0.0000e+00 0.0000e+00 1.4952e-04 8.6087e-06 1.4952e-04 1.7553e-01 0.0000e+00
517 0.0000e+00 0.0000e+00 1.4886e-04 7.6623e-06 1.4886e-04 1.7567e-01 0.0000e+00
518 0.0000e+00 0.0000e+00 1.4821e-04 6.8241e-06 1.4821e-04 1.7581e-01 0.0000e+00
519 0.0000e+00 0.0000e+00 1.4755e-04 6.0807e-06 1.4755e-04 1.7595e-01 0.0000e+00
520 0.0000e+00 0.0000e+00 1.4690e-04 5.4210e-06 1.4690e-04 1.7610e-01 0.0000e+00
521 0.0000e+00 0.0000e+00 1.4625e-04 4.8353e-06 1.4625e-04 1.7624e-01 0.0000e+00
522 0.0000e+00 0.0000e+00 1.4561e-04 4.3150e-06 1.4561e-04 1.7638e-01 0.0000e+00
523 0.0000e+00 0.0000e+00 1.4497e-04 3.8524e-06 1.4497e-04 1.7652e-01 0.0000e+00
524 0.0000e+00 0.0000e+00 1.4433e-04 3.4410e-06 1.4433e-04 1.7666e-01 0.0000e+00
525 0.0000e+00 4.1700e-05 1.4370e-04 3.0749e-06 1.4370e-04 1.7680e-01 0.0000e+00
526 0.0000e+00 8.0400e-05 1.4306e-04 2.7483e-06 1.4306e-04 1.7694e-01 0.0000e+00
527 0.0000e+00 1.1380e-04 1.4244e-04 2.4581e-06 1.4244e-04 1.7708e-01 0.0000e+00
528 0.0000e+00 1.3930e-04 1.4182e-04 2.1995e-06 1.4182e-04 1.7722e-01 0.0000e+00
529 0.0000e+00 1.5420e-04 1.4120e-04 1.9689e-06 1.4120e-04 1.7736e-01 0.0000e+00
530 0.0000e+00 1.6090e-04 1.4059e-04 1.7631e-06 1.4059e-04 1.7750e-01 0.0000e+00
531 0.0000e+00 1.5420e-04 1.3998e-04 1.5795e-06 1.3998e-04 1.7764e-01 0.0000e+00
532 0.0000e+00 1.3930e-04 1.3937e-04 1.4156e-06 1.3937e-04 1.7778e-01 0.0000e+00
533 0.0000e+00 1.1380e-04 1.3877e-04 1.2691e-06 1.3877e-04 1.7791e-01 0.0000e+00
534 0.0000e+00 8.0400e-05 1.3818e-04 1.1383e-06 1.3818e-04 1.7805e-01 0.0000e+00
535 0.0000e+00 3.8900e-05 1.3759e-04 1.0212e-06 1.3759e-04 1.7819e-01 0.0000e+00
536 0.0000e+00 0.0000e+00 1.3700e-04 9.1583e-07 1.3700e-04 1.7832e-01 0.0000e+00
537 0.0000e+00 0.0000e+00 1.3642e-04 8.2233e-07 1.3642e-04 1.7846e-01 0.0000e+00
538 0.0000e+00 0.0000e+00 1.3584e-04 7.3863e-07 1.3584e-04 1.7859e-01 0.0000e+00
539 0.0000e+00 0.0000e+00 1.3527e-04 6.6366e-07 1.3527e-04 1.7873e-01 0.0000e+00
540 0.0000e+00 0.0000e+00 1.3470e-04 5.9650e-07 1.3470e-04 1.7886e-01 0.0000e+00
541 0.0000e+00 0.0000e+00 1.3414e-04 5.3631e-07 1.3414e-04 1.7900e-01 0.0000e+00
542 0.0000e+00 0.0000e+00 1.3358e-04 4.8235e-07 1.3358e-04 1.7913e-01 0.0000e+00
543 0.0000e+00 0.0000e+00 1.3303e-04 4.3395e-07 1.3303e-04 1.7926e-01 0.0000e+00
544 0.0000e+00 0.0000e+00 1.3248e-04 3.9053e-07 1.3248e-04 1.7939e-01 0.0000e+00
545 0.0000e+00 0.0000e+00 1.3193e-04 3.5156e-07 1.3193e-04 1.7952e-01 0.0000e+00
546 0.0000e+00 0.0000e+00 1.3139e-04 3.1559e-07 1.3139e-04 1.7966e-01 0.0000e+00
547 0.0000e+00 0.0000e+00 1.3085e-04 2.8432e-07 1.3085e-04 1.7979e-01 0.0000e+00
548 0.0000e+00 0.0000e+00 1.3032e-04 2.5623e-07 1.3032e-04 1.7992e-01 0.0000e+00
549 0.0000e+00 2.0700e-05 1.2979e-04 2.3097e-07 1.2979e-04 1.8005e-01 0.0000e+00
550 0.0000e+00 4.0000e-05 1.2927e-04 2.0826e-07 1.2927e-04 1.8018e-01 0.0000e+00
551 0.0000e+00 5.6600e-05 1.2875e-04 1.8783e-07 1.2875e-04 1.8030e-01 0.0000e+00
552 1.0000e-03 6.9300e-05 1.2823e-04 1.6945e-07 1.2823e-04 1.8043e-01 0.0000e+00
553 1.0000e-03 7.6600e-05 1.2772e-04 1.5291e-07 1.2772e-04 1.8056e-01 0.0000e+00
554 2.0000e-03 8.0000e-05 1.4188e-04 1.0007e-04 1.2721e-04 1.8059e-01 1.4664e-05
555 1.5000e-03 7.6600e-05 1.5555e-04 2.6830e-04 1.2710e-04 1.8045e-01 2.8444e-05
556 0.0000e+00 6.9300e-05 1.2767e-04 2.0670e-04 1.2767e-04 1.8037e-01 0.0000e+00
557 5.0000e-04 5.6600e-05 1.3508e-04 2.2186e-04 1.2798e-04 1.8027e-01 7.0951e-06
558 0.0000e+00 4.0000e-05 1.2836e-04 1.8397e-04 1.2836e-04 1.8022e-01 0.0000e+00
559 0.0000e+00 1.9400e-05 1.2858e-04 1.5724e-04 1.2858e-04 1.8019e-01 0.0000e+00
560 0.0000e+00 0.0000e+00 1.2870e-04 1.3547e-04 1.2870e-04 1.8018e-01 0.0000e+00
561 0.0000e+00 0.0000e+00 1.2872e-04 1.1729e-04 1.2872e-04 1.8019e-01 0.0000e+00
562 0.0000e+00 0.0000e+00 1.2868e-04 1.0191e-04 1.2868e-04 1.8022e-01 0.0000e+00
563 0.0000e+00 0.0000e+00 1.2857e-04 8.8803e-05 1.2857e-04 1.8026e-01 0.0000e+00
564 0.0000e+00 0.0000e+00 1.2841e-04 7.7566e-05 1.2841e-04 1.8031e-01 0.0000e+00
565 5.0000e-04 0.0000e+00 1.3590e-04 1.2045e-04 1.2821e-04 1.8032e-01 7.6935e-06
566 0.0000e+00 0.0000e+00 1.2817e-04 9.8604e-05 1.2817e-04 1.8035e-01 0.0000e+00
567 0.0000e+00 0.0000e+00 1.2806e-04 8.4854e-05 1.2806e-04 1.8039e-01 0.0000e+00
568 0.0000e+00 0.0000e+00 1.2788e-04 7.3661e-05 1.2788e-04 1.8044e-01 0.0000e+00
569 0.0000e+00 0.0000e+00 1.2767e-04 6.4231e-05 1.2767e-04 1.8051e-01 0.0000e+00
570 0.0000e+00 0.0000e+00 1.2741e-04 5.6176e-05 1.2741e-04 1.8058e-01 0.0000e+00
571 0.0000e+00 0.0000e+00 1.2713e-04 4.9247e-05 1.2713e-04 1.8066e-01 0.0000e+00
572 0.0000e+00 0.0000e+00 1.2682e-04 4.3254e-05 1.2682e-04 1.8074e-01 0.0000e+00
573 3.0000e-03 3.0500e-05 1.8658e-04 4.4683e-04 1.2649e-04 1.8042e-01 6.0093e-05
574 1.0000e-03 5.8900e-05 1.4718e-04 4.7168e-04 1.2776e-04 1.8008e-01 1.9420e-05
575 2.5000e-03 8.3300e-05 1.7804e-04 7.1861e-04 1.2914e-04 1.7949e-01 4.8898e-05
576 3.5000e-03 1.0200e-04 1.9998e-04 1.0479e-03 1.3154e-04 1.7857e-01 6.8440e-05
577 1.5000e-03 1.1290e-04 1.6337e-04 1.0367e-03 1.3537e-04 1.7767e-01 2.8003e-05
578 0.0000e+00 1.1780e-04 1.3923e-04 8.6031e-04 1.3923e-04 1.7695e-01 0.0000e+00
579 0.0000e+00 1.1290e-04 1.4241e-04 7.3584e-04 1.4241e-04 1.7636e-01 0.0000e+00
580 0.0000e+00 1.0200e-04 1.4507e-04 6.3386e-04 1.4507e-04 1.7587e-01 0.0000e+00
581 0.0000e+00 8.3300e-05 1.4730e-04 5.4823e-04 1.4730e-04 1.7547e-01 0.0000e+00
582 0.0000e+00 5.8900e-05 1.4916e-04 4.7559e-04 1.4916e-04 1.7514e-01 0.0000e+00
583 0.0000e+00 2.8500e-05 1.5069e-04 4.1356e-04 1.5069e-04 1.7488e-01 0.0000e+00
584 0.0000e+00 0.0000e+00 1.5193e-04 3.6032e-04 1.5193e-04 1.7467e-01 0.0000e+00
585 0.0000e+00 0.0000e+00 1.5293e-04 3.1446e-04 1.5293e-04 1.7451e-01 0.0000e+00
586 0.0000e+00 0.0000e+00 1.5370e-04 2.7484e-04 1.5370e-04 1.7439e-01 0.0000e+00
587 0.0000e+00 0.0000e+00 1.5428e-04 2.4053e-04 1.5428e-04 1.7430e-01 0.0000e+00
588 0.0000e+00 0.0000e+00 1.5470e-04 2.1076e-04 1.5470e-04 1.7424e-01 0.0000e+00
589 5.0000e-04 0.0000e+00 1.5497e-04 1.8487e-04 1.5497e-04 1.7421e-01 0.0000e+00
590 0.0000e+00 0.0000e+00 1.5512e-04 1.6234e-04 1.5512e-04 1.7421e-01 0.0000e+00
591 0.0000e+00 0.0000e+00 1.5515e-04 1.4269e-04 1.5515e-04 1.7422e-01 0.0000e+00
592 5.0000e-04 0.0000e+00 1.6284e-04 1.8176e-04 1.5509e-04 1.7419e-01 7.7496e-06
593 0.0000e+00 0.0000e+00 1.5522e-04 1.5066e-04 1.5522e-04 1.7420e-01 0.0000e+00
594 1.0000e-03 0.0000e+00 1.7676e-04 2.7407e-04 1.5520e-04 1.7408e-01 2.1561e-05
595 0.0000e+00 0.0000e+00 1.5578e-04 2.1800e-04 1.5578e-04 1.7401e-01 0.0000e+00
596 0.0000e+00 0.0000e+00 1.5608e-04 1.8657e-04 1.5608e-04 1.7398e-01 0.0000e+00
597 0.0000e+00 6.2600e-05 1.5623e-04 1.6093e-04 1.5623e-04 1.7398e-01 0.0000e+00
598 0.0000e+00 1.2080e-04 1.5625e-04 1.3954e-04 1.5625e-04 1.7400e-01 0.0000e+00
599 0.0000e+00 1.7090e-04 1.5617e-04 1.2145e-04 1.5617e-04 1.7403e-01 0.0000e+00
600 0.0000e+00 2.0930e-04 1.5600e-04 1.0600e-04 1.5600e-04 1.7408e-01 0.0000e+00
601 0.0000e+00 2.3150e-04 1.5576e-04 9.2726e-05 1.5576e-04 1.7414e-01 0.0000e+00
602 0.0000e+00 2.4180e-04 1.5545e-04 8.1264e-05 1.5545e-04 1.7422e-01 0.0000e+00
603 0.0000e+00 2.3150e-04 1.5509e-04 7.1332e-05 1.5509e-04 1.7430e-01 0.0000e+00
604 0.0000e+00 2.0930e-04 1.5468e-04 6.2703e-05 1.5468e-04 1.7439e-01 0.0000e+00
605 0.0000e+00 1.7090e-04 1.5424e-04 5.5186e-05 1.5424e-04 1.7449e-01 0.0000e+00
606 0.0000e+00 1.2080e-04 1.5376e-04 4.8626e-05 1.5376e-04 1.7460e-01 0.0000e+00
607 0.0000e+00 5.8500e-05 1.5326e-04 4.2892e-05 1.5326e-04 1.7471e-01 0.0000e+00
608 0.0000e+00 0.0000e+00 1.5273e-04 3.7871e-05 1.5273e-04 1.7482e-01 0.0000e+00
609 0.0000e+00 0.0000e+00 1.5218e-04 3.3468e-05 1.5218e-04 1.7494e-01 0.0000e+00
610 0.0000e+00 0.0000e+00 1.5162e-04 2.9603e-05 1.5162e-04 1.7506e-01 0.0000e+00
611 0.0000e+00 0.0000e+00 1.5104e-04 2.6206e-05 1.5104e-04 1.7519e-01 0.0000e+00
612 0.0000e+00 0.0000e+00 1.5046e-04 2.3216e-05 1.5046e-04 1.7532e-01 0.0000e+00
613 0.0000e+00 0.0000e+00 1.4986e-04 2.0583e-05 1.4986e-04 1.7545e-01 0.0000e+00
614 0.0000e+00 0.0000e+00 1.4925e-04 1.8260e-05 1.4925e-04 1.7558e-01 0.0000e+00
615 0.0000e+00 0.0000e+00 1.4864e-04 1.6212e-05 1.4864e-04 1.7571e-01 0.0000e+00
616 0.0000e+00 0.0000e+00 1.4803e-04 1.4402e-05 1.4803e-04 1.7584e-01 0.0000e+00
617 0.0000e+00 0.0000e+00 1.4741e-04 1.2803e-05 1.4741e-04 1.7598e-01 0.0000e+00
618 0.0000e+00 0.0000e+00 1.4680e-04 1.1388e-05 1.4680e-04 1.7611e-01 0.0000e+00
619 0.0000e+00 0.0000e+00 1.4618e-04 1.0135e-05 1.4618e-04 1.7625e-01 0.0000e+00
620 0.0000e+00 0.0000e+00 1.4556e-04 9.0255e-06 1.4556e-04 1.7639e-01 0.0000e+00
621 0.0000e+00 1.4200e-05 1.4494e-04 8.0417e-06 1.4494e-04 1.7652e-01 0.0000e+00
622 0.0000e+00 2.7500e-05 1.4432e-04 7.1689e-06 1.4432e-04 1.7666e-01 0.0000e+00
623 0.0000e+00 3.8900e-05 1.4370e-04 6.3936e-06 1.4370e-04 1.7680e-01 0.0000e+00
624 1.0000e-03 4.7600e-05 1.4308e-04 5.7056e-06 1.4308e-04 1.7693e-01 0.0000e+00
625 1.0000e-03 5.2700e-05 1.4402e-04 1.6058e-05 1.4247e-04 1.7706e-01 1.5487e-06
626 3.0000e-03 5.5000e-05 2.0095e-04 4.2985e-04 1.4191e-04 1.7677e-01 5.9037e-05
627 2.0000e-03 5.2700e-05 1.8215e-04 5.8976e-04 1.4319e-04 1.7633e-01 3.8960e-05
628 1.5000e-03 4.7600e-05 1.7420e-04 6.6941e-04 1.4520e-04 1.7580e-01 2.8991e-05
629 3.5000e-03 3.8900e-05 2.2331e-04 1.0270e-03 1.4760e-04 1.7492e-01 7.5710e-05
630 4.0000e-03 2.7500e-05 2.4882e-04 1.3705e-03 1.5172e-04 1.7370e-01 9.7103e-05
631 5.0000e-03 1.3300e-05 2.9280e-04 1.7991e-03 1.5761e-04 1.7206e-01 1.3520e-04
632 0.0000e+00 0.0000e+00 1.6590e-04 1.4719e-03 1.6590e-04 1.7076e-01 0.0000e+00
633 0.0000e+00 0.0000e+00 1.7281e-04 1.2522e-03 1.7281e-04 1.6968e-01 0.0000e+00
634 1.0000e-03 0.0000e+00 2.0594e-04 1.2132e-03 1.7874e-04 1.6864e-01 2.7200e-05
635 2.5000e-03 0.0000e+00 2.5353e-04 1.3897e-03 1.8461e-04 1.6744e-01 6.8917e-05
636 3.5000e-03 0.0000e+00 2.8818e-04 1.6671e-03 1.9170e-04 1.6596e-01 9.6484e-05
637 3.0000e-03 0.0000e+00 2.8344e-04 1.8165e-03 2.0074e-04 1.6435e-01 8.2701e-05
638 0.0000e+00 0.0000e+00 2.1114e-04 1.4991e-03 2.1114e-04 1.6306e-01 0.0000e+00
639 5.0000e-04 0.0000e+00 2.3360e-04 1.3516e-03 2.1981e-04 1.6193e-01 1.3783e-05
640 0.0000e+00 0.0000e+00 2.2773e-04 1.1472e-03 2.2773e-04 1.6101e-01 0.0000e+00
641 5.0000e-04 0.0000e+00 2.4815e-04 1.0617e-03 2.3436e-04 1.6018e-01 1.3783e-05
642 0.0000e+00 0.0000e+00 2.4050e-04 9.0109e-04 2.4050e-04 1.5952e-01 0.0000e+00
643 5.0000e-04 0.0000e+00 2.5930e-04 8.5368e-04 2.4552e-04 1.5891e-01 1.3783e-05
644 0.0000e+00 0.0000e+00 2.5023e-04 7.2200e-04 2.5023e-04 1.5844e-01 0.0000e+00
645 0.0000e+00 1.6900e-05 2.5395e-04 6.2057e-04 2.5395e-04 1.5807e-01 0.0000e+00
646 0.0000e+00 3.2600e-05 2.5687e-04 5.3476e-04 2.5687e-04 1.5779e-01 0.0000e+00
647 0.0000e+00 4.6100e-05 2.5911e-04 4.6164e-04 2.5911e-04 1.5759e-01 0.0000e+00
648 0.0000e+00 5.6400e-05 2.6076e-04 3.9912e-04 2.6076e-04 1.5745e-01 0.0000e+00
649 0.0000e+00 6.2400e-05 2.6189e-04 3.4554e-04 2.6189e-04 1.5737e-01 0.0000e+00
650 0.0000e+00 6.5200e-05 2.6257e-04 2.9954e-04 2.6257e-04 1.5733e-01 0.0000e+00
651 0.0000e+00 6.2400e-05 2.6288e-04 2.5996e-04 2.6288e-04 1.5734e-01 0.0000e+00
652 0.0000e+00 5.6400e-05 2.6285e-04 2.2587e-04 2.6285e-04 1.5737e-01 0.0000e+00
653 0.0000e+00 4.6100e-05 2.6255e-04 1.9647e-04 2.6255e-04 1.5744e-01 0.0000e+00
654 0.0000e+00 3.2600e-05 2.6201e-04 1.7107e-04 2.6201e-04 1.5753e-01 0.0000e+00
655 0.0000e+00 1.5800e-05 2.6126e-04 1.4911e-04 2.6126e-04 1.5764e-01 0.0000e+00
656 0.0000e+00 0.0000e+00 2.6035e-04 1.3010e-04 2.6035e-04 1.5777e-01 0.0000e+00
657 0.0000e+00 0.0000e+00 2.5929e-04 1.1362e-04 2.5929e-04 1.5792e-01 0.0000e+00
658 0.0000e+00 0.0000e+00 2.5811e-04 9.9324e-05 2.5811e-04 1.5808e-01 0.0000e+00
659 0.0000e+00 0.0000e+00 2.5684e-04 8.6907e-05 2.5684e-04 1.5825e-01 0.0000e+00
660 0.0000e+00 0.0000e+00 2.5548e-04 7.6110e-05 2.5548e-04 1.5843e-01 0.0000e+00
661 0.0000e+00 0.0000e+00 2.5405e-04 6.6712e-05 2.5405e-04 1.5861e-01 0.0000e+00
662 0.0000e+00 0.0000e+00 2.5257e-04 5.8525e-05 2.5257e-04 1.5881e-01 0.0000e+00
663 0.0000e+00 0.0000e+00 2.5104e-04 5.1385e-05 2.5104e-04 1.5901e-01 0.0000e+00
664 0.0000e+00 0.0000e+00 2.4948e-04 4.5153e-05 2.4948e-04 1.5921e-01 0.0000e+00
665 0.0000e+00 0.0000e+00 2.4789e-04 3.9708e-05 2.4789e-04 1.5942e-01 0.0000e+00
666 5.0000e-04 0.0000e+00 2.4654e-04 3.6427e-05 2.4628e-04 1.5963e-01 2.5557e-07
667 0.0000e+00 0.0000e+00 2.4467e-04 3.1795e-05 2.4467e-04 1.5984e-01 0.0000e+00
668 5.0000e-04 0.0000e+00 2.5683e-04 1.0738e-04 2.4305e-04 1.5998e-01 1.3783e-05
669 5.0000e-04 1.5300e-05 2.5581e-04 1.5871e-04 2.4202e-04 1.6006e-01 1.3783e-05
670 0.0000e+00 2.9500e-05 2.4139e-04 1.2132e-04 2.4139e-04 1.6018e-01 0.0000e+00
671 1.0000e-03 4.1700e-05 2.6682e-04 2.5237e-04 2.4049e-04 1.6017e-01 2.6332e-05
672 0.0000e+00 5.1100e-05 2.4058e-04 1.9046e-04 2.4058e-04 1.6022e-01 0.0000e+00
673 0.0000e+00 5.6500e-05 2.4020e-04 1.5857e-04 2.4020e-04 1.6030e-01 0.0000e+00
674 0.0000e+00 5.9000e-05 2.3959e-04 1.3379e-04 2.3959e-04 1.6041e-01 0.0000e+00
675 5.0000e-04 5.6500e-05 2.4685e-04 1.5977e-04 2.3880e-04 1.6049e-01 8.0502e-06
676 5.0000e-04 5.1100e-05 2.5044e-04 1.9906e-04 2.3821e-04 1.6052e-01 1.2226e-05
677 0.0000e+00 4.1700e-05 2.3792e-04 1.5812e-04 2.3792e-04 1.6060e-01 0.0000e+00
678 0.0000e+00 2.9500e-05 2.3733e-04 1.3323e-04 2.3733e-04 1.6071e-01 0.0000e+00
679 1.0000e-03 1.4300e-05 2.6075e-04 2.5134e-04 2.3655e-04 1.6069e-01 2.4198e-05
680 1.0000e-03 0.0000e+00 2.6384e-04 3.4824e-04 2.3666e-04 1.6058e-01 2.7173e-05
681 0.0000e+00 0.0000e+00 2.3749e-04 2.7023e-04 2.3749e-04 1.6055e-01 0.0000e+00
682 0.0000e+00 0.0000e+00 2.3773e-04 2.2582e-04 2.3773e-04 1.6056e-01 0.0000e+00
683 0.0000e+00 0.0000e+00 2.3765e-04 1.9096e-04 2.3765e-04 1.6061e-01 0.0000e+00
684 0.0000e+00 0.0000e+00 2.3730e-04 1.6253e-04 2.3730e-04 1.6068e-01 0.0000e+00
685 0.0000e+00 0.0000e+00 2.3675e-04 1.3899e-04 2.3675e-04 1.6078e-01 0.0000e+00
686 0.0000e+00 0.0000e+00 2.3602e-04 1.1929e-04 2.3602e-04 1.6090e-01 0.0000e+00
687 0.0000e+00 0.0000e+00 2.3516e-04 1.0270e-04 2.3516e-04 1.6103e-01 0.0000e+00
688 0.0000e+00 0.0000e+00 2.3419e-04 8.8641e-05 2.3419e-04 1.6118e-01 0.0000e+00
689 0.0000e+00 0.0000e+00 2.3313e-04 7.6676e-05 2.3313e-04 1.6133e-01 0.0000e+00
690 0.0000e+00 0.0000e+00 2.3199e-04 6.6457e-05 2.3199e-04 1.6150e-01 0.0000e+00
691 0.0000e+00 0.0000e+00 2.3080e-04 5.7701e-05 2.3080e-04 1.6167e-01 0.0000e+00
692 0.0000e+00 0.0000e+00 2.2955e-04 5.0179e-05 2.2955e-04 1.6185e-01 0.0000e+00
693 0.0000e+00 5.6100e-05 2.2827e-04 4.3703e-05 2.2827e-04 1.6203e-01 0.0000e+00
694 0.0000e+00 1.0830e-04 2.2695e-04 3.8114e-05 2.2695e-04 1.6222e-01 0.0000e+00
695 0.0000e+00 1.5320e-04 2.2562e-04 3.3283e-05 2.2562e-04 1.6242e-01 0.0000e+00
696 0.0000e+00 1.8770e-04 2.2427e-04 2.9100e-05 2.2427e-04 1.6261e-01 0.0000e+00
697 0.0000e+00 2.0760e-04 2.2290e-04 2.5471e-05 2.2290e-04 1.6281e-01 0.0000e+00
698 0.0000e+00 2.1680e-04 2.2153e-04 2.2319e-05 2.2153e-04 1.6301e-01 0.0000e+00
699 0.0000e+00 2.0760e-04 2.2016e-04 1.9577e-05 2.2016e-04 1.6321e-01 0.0000e+00
700 5.0000e-04 1.8770e-04 2.1878e-04 1.7188e-05 2.1878e-04 1.6341e-01 0.0000e+00
701 0.0000e+00 1.5320e-04 2.1741e-04 1.5105e-05 2.1741e-04 1.6361e-01 0.0000e+00
702 0.0000e+00 1.0830e-04 2.1604e-04 1.3287e-05 2.1604e-04 1.6381e-01 0.0000e+00
703 0.0000e+00 5.2400e-05 2.1467e-04 1.1696e-05 2.1467e-04 1.6402e-01 0.0000e+00
704 0.0000e+00 0.0000e+00 2.1332e-04 1.0306e-05 2.1332e-04 1.6422e-01 0.0000e+00
705 0.0000e+00 0.0000e+00 2.1197e-04 9.0877e-06 2.1197e-04 1.6442e-01 0.0000e+00
706 0.0000e+00 0.0000e+00 2.1063e-04 8.0198e-06 2.1063e-04 1.6463e-01 0.0000e+00
707 0.0000e+00 0.0000e+00 2.0930e-04 7.0826e-06 2.0930e-04 1.6483e-01 0.0000e+00
708 0.0000e+00 0.0000e+00 2.0798e-04 6.2594e-06 2.0798e-04 1.6503e-01 0.0000e+00
709 0.0000e+00 0.0000e+00 2.0667e-04 5.5358e-06 2.0667e-04 1.6523e-01 0.0000e+00
710 0.0000e+00 0.0000e+00 2.0538e-04 4.8991e-06 2.0538e-04 1.6543e-01 0.0000e+00
711 0.0000e+00 0.0000e+00 2.0410e-04 4.3385e-06 2.0410e-04 1.6563e-01 0.0000e+00
712 0.0000e+00 0.0000e+00 2.0283e-04 3.8445e-06 2.0283e-04 1.6583e-01 0.0000e+00
713 0.0000e+00 0.0000e+00 2.0157e-04 3.4081e-06 2.0157e-04 1.6603e-01 0.0000e+00
714 0.0000e+00 0.0000e+00 2.0032e-04 3.0238e-06 2.0032e-04 1.6623e-01 0.0000e+00
715 0.0000e+00 0.0000e+00 1.9909e-04 2.6844e-06 1.9909e-04 1.6642e-01 0.0000e+00
716 0.0000e+00 0.0000e+00 1.9787e-04 2.3845e-06 1.9787e-04 1.6662e-01 0.0000e+00
717 0.0000e+00 8.5600e-05 1.9667e-04 2.1192e-06 1.9667e-04 1.6681e-01 0.0000e+00
718 0.0000e+00 1.6520e-04 1.9548e-04 1.8845e-06 1.9548e-04 1.6701e-01 0.0000e+00
719 0.0000e+00 2.3380e-04 1.9430e-04 1.6766e-06 1.9430e-04 1.6720e-01 0.0000e+00
720 0.0000e+00 2.8620e-04 1.9313e-04 1.4925e-06 1.9313e-04 1.6739e-01 0.0000e+00
721 0.0000e+00 3.1670e-04 1.9198e-04 1.3292e-06 1.9198e-04 1.6758e-01 0.0000e+00
722 0.0000e+00 3.3060e-04 1.9084e-04 1.1835e-06 1.9084e-04 1.6777e-01 0.0000e+00
723 0.0000e+00 3.1670e-04 1.8971e-04 1.0552e-06 1.8971e-04 1.6796e-01 0.0000e+00
724 0.0000e+00 2.8620e-04 1.8860e-04 9.4119e-07 1.8860e-04 1.6815e-01 0.0000e+00
725 0.0000e+00 2.3380e-04 1.8749e-04 8.3989e-07 1.8749e-04 1.6833e-01 0.0000e+00
726 0.0000e+00 1.6520e-04 1.8640e-04 7.4983e-07 1.8640e-04 1.6852e-01 0.0000e+00
727 0.0000e+00 8.0000e-05 1.8532e-04 6.6972e-07 1.8532e-04 1.6870e-01 0.0000e+00
728 0.0000e+00 0.0000e+00 1.8426e-04 5.9843e-07 1.8426e-04 1.6889e-01 0.0000e+00
729 0.0000e+00 0.0000e+00 1.8320e-04 5.3495e-07 1.8320e-04 1.6907e-01 0.0000e+00
730 0.0000e+00 0.0000e+00 1.8216e-04 4.7840e-07 1.8216e-04 1.6925e-01 0.0000e+00
731 0.0000e+00 0.0000e+00 1.8113e-04 4.2800e-07 1.8113e-04 1.6943e-01 0.0000e+00
732 0.0000e+00 0.0000e+00 1.8011e-04 3.8200e-07 1.8011e-04 1.6961e-01 0.0000e+00
733 0.0000e+00 0.0000e+00 1.7910e-04 3.4210e-07 1.7910e-04 1.6979e-01 0.0000e+00
734 0.0000e+00 0.0000e+00 1.7810e-04 3.0647e-07 1.7810e-04 1.6997e-01 0.0000e+00
735 0.0000e+00 0.0000e+00 1.7712e-04 2.7466e-07 1.7712e-04 1.7015e-01 0.0000e+00
736 0.0000e+00 0.0000e+00 1.7614e-04 2.4624e-07 1.7614e-04 1.7032e-01 0.0000e+00
737 0.0000e+00 0.0000e+00 1.7517e-04 2.2083e-07 1.7517e-04 1.7050e-01 0.0000e+00
738 0.0000e+00 0.0000e+00 1.7422e-04 1.9812e-07 1.7422e-04 1.7067e-01 0.0000e+00
739 0.0000e+00 0.0000e+00 1.7327e-04 1.7780e-07 1.7327e-04 1.7084e-01 0.0000e+00
740 0.0000e+00 0.0000e+00 1.7234e-04 1.5962e-07 1.7234e-04 1.7102e-01 0.0000e+00
741 0.0000e+00 7.4700e-05 1.7141e-04 1.4335e-07 1.7141e-04 1.7119e-01 0.0000e+00
742 0.0000e+00 1.4410e-04 1.7050e-04 1.2735e-07 1.7050e-04 1.7136e-01 0.0000e+00
743 0.0000e+00 2.0380e-04 1.6959e-04 1.1451e-07 1.6959e-04 1.7153e-01 0.0000e+00
744 0.0000e+00 2.4960e-04 1.6870e-04 1.0299e-07 1.6870e-04 1.7170e-01 0.0000e+00
745 0.0000e+00 2.7610e-04 1.6781e-04 9.2654e-08 1.6781e-04 1.7186e-01 0.0000e+00
746 0.0000e+00 2.8830e-04 1.6693e-04 8.3381e-08 1.6693e-04 1.7203e-01 0.0000e+00
747 0.0000e+00 2.7610e-04 1.6607e-04 7.5056e-08 1.6607e-04 1.7220e-01 0.0000e+00
748 0.0000e+00 2.4960e-04 1.6521e-04 6.7581e-08 1.6521e-04 1.7236e-01 0.0000e+00
749 0.0000e+00 2.0380e-04 1.6436e-04 6.0867e-08 1.6436e-04 1.7253e-01 0.0000e+00
750 0.0000e+00 1.4410e-04 1.6352e-04 5.4835e-08 1.6352e-04 1.7269e-01 0.0000e+00
751 0.0000e+00 6.9800e-05 1.6268e-04 4.7508e-08 1.6268e-04 1.7285e-01 0.0000e+00
752 0.0000e+00 0.0000e+00 1.6186e-04 4.2880e-08 1.6186e-04 1.7301e-01 0.0000e+00
753 0.0000e+00 0.0000e+00 1.6104e-04 3.8712e-08 1.6104e-04 1.7317e-01 0.0000e+00
754 0.0000e+00 0.0000e+00 1.6023e-04 3.4956e-08 1.6023e-04 1.7333e-01 0.0000e+00
755 0.0000e+00 0.0000e+00 1.5943e-04 3.1572e-08 1.5943e-04 1.7349e-01 0.0000e+00
756 0.0000e+00 0.0000e+00 1.5864e-04 2.8521e-08 1.5864e-04 1.7365e-01 0.0000e+00
757 0.0000e+00 0.0000e+00 1.5786e-04 2.5770e-08 1.5786e-04 1.7381e-01 0.0000e+00
758 0.0000e+00 0.0000e+00 1.5708e-04 2.3289e-08 1.5708e-04 1.7397e-01 0.0000e+00
759 0.0000e+00 0.0000e+00 1.5631e-04 2.1052e-08 1.5631e-04 1.7412e-01 0.0000e+00
760 0.0000e+00 0.0000e+00 1.5555e-04 1.9033e-08 1.5555e-04 1.7428e-01 0.0000e+00
761 0.0000e+00 0.0000e+00 1.5479e-04 1.5534e-08 1.5479e-04 1.7443e-01 0.0000e+00
762 0.0000e+00 0.0000e+00 1.5405e-04 1.4082e-08 1.5405e-04 1.7459e-01 0.0000e+00
763 0.0000e+00 0.0000e+00 1.5331e-04 1.2769e-08 1.5331e-04 1.7474e-01 0.0000e+00
764 0.0000e+00 0.0000e+00 1.5258e-04 1.1580e-08 1.5258e-04 1.7489e-01 0.0000e+00
765 0.0000e+00 9.6700e-05 1.5185e-04 1.0503e-08 1.5185e-04 1.7505e-01 0.0000e+00
766 0.0000e+00 1.8660e-04 1.5113e-04 9.5275e-09 1.5113e-04 1.7520e-01 0.0000e+00
767 0.0000e+00 2.6400e-04 1.5042e-04 8.6440e-09 1.5042e-04 1.7535e-01 0.0000e+00
768 0.0000e+00 3.2330e-04 1.4971e-04 7.8437e-09 1.4971e-04 1.7550e-01 0.0000e+00
769 0.0000e+00 3.5770e-04 1.4901e-04 7.1185e-09 1.4901e-04 1.7565e-01 0.0000e+00
770 0.0000e+00 3.7350e-04 1.4832e-04 6.4613e-09 1.4832e-04 1.7579e-01 0.0000e+00
771 0.0000e+00 3.5770e-04 1.4764e-04 4.6796e-09 1.4764e-04 1.7594e-01 0.0000e+00
772 0.0000e+00 3.2330e-04 1.4696e-04 4.2627e-09 1.4696e-04 1.7609e-01 0.0000e+00
773 0.0000e+00 2.6400e-04 1.4628e-04 3.8833e-09 1.4628e-04 1.7624e-01 0.0000e+00
774 0.0000e+00 1.8660e-04 1.4562e-04 3.5380e-09 1.4562e-04 1.7638e-01 0.0000e+00
775 0.0000e+00 9.0400e-05 1.4496e-04 3.2238e-09 1.4496e-04 1.7653e-01 0.0000e+00
776 0.0000e+00 0.0000e+00 1.4430e-04 2.9378e-09 1.4430e-04 1.7667e-01 0.0000e+00
777 0.0000e+00 0.0000e+00 1.4365e-04 2.6775e-09 1.4365e-04 1.7681e-01 0.0000e+00
778 0.0000e+00 0.0000e+00 1.4301e-04 2.4405e-09 1.4301e-04 1.7696e-01 0.0000e+00
779 0.0000e+00 0.0000e+00 1.4237e-04 2.2246e-09 1.4237e-04 1.7710e-01 0.0000e+00
780 0.0000e+00 0.0000e+00 1.4174e-04 2.0281e-09 1.4174e-04 1.7724e-01 0.0000e+00
781 0.0000e+00 0.0000e+00 1.4111e-04 1.1753e-09 1.4111e-04 1.7738e-01 0.0000e+00
782 0.0000e+00 0.0000e+00 1.4049e-04 1.0760e-09 1.4049e-04 1.7752e-01 0.0000e+00
783 0.0000e+00 0.0000e+00 1.3988e-04 9.8511e-10 1.3988e-04 1.7766e-01 0.0000e+00
784 0.0000e+00 0.0000e+00 1.3927e-04 9.0201e-10 1.3927e-04 1.7780e-01 0.0000e+00
785 0.0000e+00 0.0000e+00 1.3866e-04 8.2597e-10 1.3866e-04 1.7794e-01 0.0000e+00
786 0.0000e+00 0.0000e+00 1.3806e-04 7.5640e-10 1.3806e-04 1.7808e-01 0.0000e+00
787 0.0000e+00 0.0000e+00 1.3747e-04 6.9274e-10 1.3747e-04 1.7822e-01 0.0000e+00
788 0.0000e+00 0.0000e+00 1.3688e-04 6.3448e-10 1.3688e-04 1.7835e-01 0.0000e+00
789 0.0000e+00 1.2590e-04 1.3629e-04 5.8116e-10 1.3629e-04 1.7849e-01 0.0000e+00
790 0.0000e+00 2.4290e-04 1.3571e-04 5.3236e-10 1.3571e-04 1.7862e-01 0.0000e+00
791 0.0000e+00 3.4370e-04 1.3514e-04 2.0889e-10 1.3514e-04 1.7876e-01 0.0000e+00
792 0.0000e+00 4.2090e-04 1.3457e-04 1.9222e-10 1.3457e-04 1.7889e-01 0.0000e+00
793 0.0000e+00 4.6560e-04 1.3401e-04 1.7688e-10 1.3401e-04 1.7903e-01 0.0000e+00
794 0.0000e+00 4.8620e-04 1.3345e-04 1.6277e-10 1.3345e-04 1.7916e-01 0.0000e+00
795 0.0000e+00 4.6560e-04 1.3289e-04 1.4980e-10 1.3289e-04 1.7929e-01 0.0000e+00
796 0.0000e+00 4.2090e-04 1.3234e-04 1.3787e-10 1.3234e-04 1.7943e-01 0.0000e+00
797 0.0000e+00 3.4370e-04 1.3179e-04 1.2690e-10 1.3179e-04 1.7956e-01 0.0000e+00
798 0.0000e+00 2.4290e-04 1.3125e-04 1.1680e-10 1.3125e-04 1.7969e-01 0.0000e+00
799 0.0000e+00 1.1760e-04 1.3071e-04 1.0752e-10 1.3071e-04 1.7982e-01 0.0000e+00
800 0.0000e+00 0.0000e+00 1.3018e-04 9.8974e-11 1.3018e-04 1.7995e-01 0.0000e+00
801 0.0000e+00 0.0000e+00 1.2965e-04 1.6686e-11 1.2965e-04 1.8008e-01 0.0000e+00
802 0.0000e+00 0.0000e+00 1.2913e-04 1.5433e-11 1.2913e-04 1.8021e-01 0.0000e+00
803 0.0000e+00 0.0000e+00 1.2861e-04 1.4274e-11 1.2861e-04 1.8034e-01 0.0000e+00
804 0.0000e+00 0.0000e+00 1.2809e-04 1.3204e-11 1.2809e-04 1.8047e-01 0.0000e+00
805 0.0000e+00 0.0000e+00 1.2758e-04 1.2214e-11 1.2758e-04 1.8059e-01 0.0000e+00
806 0.0000e+00 0.0000e+00 1.2707e-04 1.1298e-11 1.2707e-04 1.8072e-01 0.0000e+00
807 0.0000e+00 0.0000e+00 1.2657e-04 1.0452e-11 1.2657e-04 1.8085e-01 0.0000e+00
808 0.0000e+00 0.0000e+00 1.2607e-04 9.6695e-12 1.2607e-04 1.8097e-01 0.0000e+00
809 0.0000e+00 0.0000e+00 1.2557e-04 8.9459e-12 1.2557e-04 1.8110e-01 0.0000e+00
810 0.0000e+00 0.0000e+00 1.2508e-04 8.2768e-12 1.2508e-04 1.8122e-01 0.0000e+00
811 0.0000e+00 0.0000e+00 1.2459e-04 0.0000e+00 1.2459e-04 1.8135e-01 0.0000e+00
812 0.0000e+00 0.0000e+00 1.2411e-04 0.0000e+00 1.2411e-04 1.8147e-01 0.0000e+00
813 0.0000e+00 3.0400e-05 1.2363e-04 0.0000e+00 1.2363e-04 1.8160e-01 0.0000e+00
814 0.0000e+00 5.8700e-05 1.2315e-04 0.0000e+00 1.2315e-04 1.8172e-01 0.0000e+00
815 0.0000e+00 8.3100e-05 1.2268e-04 0.0000e+00 1.2268e-04 1.8184e-01 0.0000e+00
816 0.0000e+00 1.0180e-04 1.2221e-04 0.0000e+00 1.2221e-04 1.8196e-01 0.0000e+00
817 0.0000e+00 1.1260e-04 1.2174e-04 0.0000e+00 1.2174e-04 1.8209e-01 0.0000e+00
818 0.0000e+00 1.1760e-04 1.2128e-04 0.0000e+00 1.2128e-04 1.8221e-01 0.0000e+00
819 0.0000e+00 1.1260e-04 1.2082e-04 0.0000e+00 1.2082e-04 1.8233e-01 0.0000e+00
820 0.0000e+00 1.0180e-04 1.2037e-04 0.0000e+00 1.2037e-04 1.8245e-01 0.0000e+00
821 0.0000e+00 8.3100e-05 1.1992e-04 0.0000e+00 1.1992e-04 1.8257e-01 0.0000e+00
822 0.0000e+00 5.8700e-05 1.1947e-04 0.0000e+00 1.1947e-04 1.8269e-01 0.0000e+00
823 0.0000e+00 2.8400e-05 1.1902e-04 0.0000e+00 1.1902e-04 1.8281e-01 0.0000e+00
824 0.0000e+00 0.0000e+00 1.1858e-04 0.0000e+00 1.1858e-04 1.8293e-01 0.0000e+00
825 0.0000e+00 0.0000e+00 1.1814e-04 0.0000e+00 1.1814e-04 1.8304e-01 0.0000e+00
826 0.0000e+00 0.0000e+00 1.1771e-04 0.0000e+00 1.1771e-04 1.8316e-01 0.0000e+00
827 0.0000e+00 0.0000e+00 1.1727e-04 0.0000e+00 1.1727e-04 1.8328e-01 0.0000e+00
828 0.0000e+00 0.0000e+00 1.1685e-04 0.0000e+00 1.1685e-04 1.8340e-01 0.0000e+00
829 0.0000e+00 0.0000e+00 1.1642e-04 0.0000e+00 1.1642e-04 1.8351e-01 0.0000e+00
830 0.0000e+00 0.0000e+00 1.1600e-04 0.0000e+00 1.1600e-04 1.8363e-01 0.0000e+00
831 0.0000e+00 0.0000e+00 1.1558e-04 0.0000e+00 1.1558e-04 1.8374e-01 0.0000e+00
832 0.0000e+00 0.0000e+00 1.1516e-04 0.0000e+00 1.1516e-04 1.8386e-01 0.0000e+00
833 0.0000e+00 0.0000e+00 1.1475e-04 0.0000e+00 1.1475e-04 1.8397e-01 0.0000e+00
834 0.0000e+00 0.0000e+00 1.1434e-04 0.0000e+00 1.1434e-04 1.8409e-01 0.0000e+00
835 0.0000e+00 0.0000e+00 1.1393e-04 0.0000e+00 1.1393e-04 1.8420e-01 0.0000e+00
836 0.0000e+00 0.0000e+00 1.1352e-04 0.0000e+00 1.1352e-04 1.8432e-01 0.0000e+00
837 0.0000e+00 6.6100e-05 1.1312e-04 0.0000e+00 1.1312e-04 1.8443e-01 0.0000e+00
838 0.0000e+00 1.2750e-04 1.1272e-04 0.0000e+00 1.1272e-04 1.8454e-01 0.0000e+00
839 0.0000e+00 1.8040e-04 1.1233e-04 0.0000e+00 1.1233e-04 1.8465e-01 0.0000e+00
840 0.0000e+00 2.2090e-04 1.1193e-04 0.0000e+00 1.1193e-04 1.8477e-01 0.0000e+00
841 0.0000e+00 2.4430e-04 1.1154e-04 0.0000e+00 1.1154e-04 1.8488e-01 0.0000e+00
842 0.0000e+00 2.5510e-04 1.1115e-04 0.0000e+00 1.1115e-04 1.8499e-01 0.0000e+00
843 0.0000e+00 2.4430e-04 1.1077e-04 0.0000e+00 1.1077e-04 1.8510e-01 0.0000e+00
844 0.0000e+00 2.2090e-04 1.1039e-04 0.0000e+00 1.1039e-04 1.8521e-01 0.0000e+00
845 0.0000e+00 1.8040e-04 1.1001e-04 0.0000e+00 1.1001e-04 1.8532e-01 0.0000e+00
846 0.0000e+00 1.2750e-04 1.0963e-04 0.0000e+00 1.0963e-04 1.8543e-01 0.0000e+00
847 0.0000e+00 6.1700e-05 1.0925e-04 0.0000e+00 1.0925e-04 1.8554e-01 0.0000e+00
848 0.0000e+00 0.0000e+00 1.0888e-04 0.0000e+00 1.0888e-04 1.8565e-01 0.0000e+00
849 0.0000e+00 0.0000e+00 1.0851e-04 0.0000e+00 1.0851e-04 1.8576e-01 0.0000e+00
850 0.0000e+00 0.0000e+00 1.0814e-04 0.0000e+00 1.0814e-04 1.8586e-01 0.0000e+00
851 0.0000e+00 0.0000e+00 1.0778e-04 0.0000e+00 1.0778e-04 1.8597e-01 0.0000e+00
852 0.0000e+00 0.0000e+00 1.0742e-04 0.0000e+00 1.0742e-04 1.8608e-01 0.0000e+00
853 0.0000e+00 0.0000e+00 1.0706e-04 0.0000e+00 1.0706e-04 1.8619e-01 0.0000e+00
854 0.0000e+00 0.0000e+00 1.0670e-04 0.0000e+00 1.0670e-04 1.8629e-01 0.0000e+00
855 0.0000e+00 0.0000e+00 1.0634e-04 0.0000e+00 1.0634e-04 1.8640e-01 0.0000e+00
856 0.0000e+00 0.0000e+00 1.0599e-04 0.0000e+00 1.0599e-04 1.8651e-01 0.0000e+00
857 0.0000e+00 0.0000e+00 1.0564e-04 0.0000e+00 1.0564e-04 1.8661e-01 0.0000e+00
858 0.0000e+00 0.0000e+00 1.0529e-04 0.0000e+00 1.0529e-04 1.8672e-01 0.0000e+00
859 0.0000e+00 0.0000e+00 1.0495e-04 0.0000e+00 1.0495e-04 1.8682e-01 0.0000e+00
860 0.0000e+00 0.0000e+00 1.0460e-04 0.0000e+00 1.0460e-04 1.8693e-01 0.0000e+00
861 0.0000e+00 9.7600e-05 1.0426e-04 0.0000e+00 1.0426e-04 1.8703e-01 0.0000e+00
862 0.0000e+00 1.8830e-04 1.0392e-04 0.0000e+00 1.0392e-04 1.8713e-01 0.0000e+00
863 0.0000e+00 2.6650e-04 1.0358e-04 0.0000e+00 1.0358e-04 1.8724e-01 0.0000e+00
864 0.0000e+00 3.2630e-04 1.0325e-04 0.0000e+00 1.0325e-04 1.8734e-01 0.0000e+00
865 0.0000e+00 3.6100e-04 1.0292e-04 0.0000e+00 1.0292e-04 1.8744e-01 0.0000e+00
866 0.0000e+00 3.7690e-04 1.0259e-04 0.0000e+00 1.0259e-04 1.8755e-01 0.0000e+00
867 0.0000e+00 3.6100e-04 1.0226e-04 0.0000e+00 1.0226e-04 1.8765e-01 0.0000e+00
868 0.0000e+00 3.2630e-04 1.0193e-04 0.0000e+00 1.0193e-04 1.8775e-01 0.0000e+00
869 0.0000e+00 2.6650e-04 1.0161e-04 0.0000e+00 1.0161e-04 1.8785e-01 0.0000e+00
870 0.0000e+00 1.8830e-04 1.0129e-04 0.0000e+00 1.0129e-04 1.8795e-01 0.0000e+00
871 0.0000e+00 9.1200e-05 1.0097e-04 0.0000e+00 1.0097e-04 1.8805e-01 0.0000e+00
872 0.0000e+00 0.0000e+00 1.0065e-04 0.0000e+00 1.0065e-04 1.8816e-01 0.0000e+00
873 0.0000e+00 0.0000e+00 1.0033e-04 0.0000e+00 1.0033e-04 1.8826e-01 0.0000e+00
874 0.0000e+00 0.0000e+00 1.0002e-04 0.0000e+00 1.0002e-04 1.8836e-01 0.0000e+00
875 0.0000e+00 0.0000e+00 9.9706e-05 0.0000e+00 9.9706e-05 1.8846e-01 0.0000e+00
876 0.0000e+00 0.0000e+00 9.9395e-05 0.0000e+00 9.9395e-05 1.8855e-01 0.0000e+00
877 0.0000e+00 0.0000e+00 9.9087e-05 0.0000e+00 9.9087e-05 1.8865e-01 0.0000e+00
878 0.0000e+00 0.0000e+00 9.8781e-05 0.0000e+00 9.8781e-05 1.8875e-01 0.0000e+00
879 0.0000e+00 0.0000e+00 9.8476e-05 0.0000e+00 9.8476e-05 1.8885e-01 0.0000e+00
880 0.0000e+00 0.0000e+00 9.8174e-05 0.0000e+00 9.8174e-05 1.8895e-01 0.0000e+00
881 0.0000e+00 0.0000e+00 9.7873e-05 0.0000e+00 9.7873e-05 1.8905e-01 0.0000e+00
882 0.0000e+00 0.0000e+00 9.7574e-05 0.0000e+00 9.7574e-05 1.8914e-01 0.0000e+00
883 0.0000e+00 0.0000e+00 9.7277e-05 0.0000e+00 9.7277e-05 1.8924e-01 0.0000e+00
884 0.0000e+00 0.0000e+00 9.6982e-05 0.0000e+00 9.6982e-05 1.8934e-01 0.0000e+00
885 0.0000e+00 6.4300e-05 9.6688e-05 0.0000e+00 9.6688e-05 1.8944e-01 0.0000e+00
886 0.0000e+00 1.2410e-04 9.6397e-05 0.0000e+00 9.6397e-05 1.8953e-01 0.0000e+00
887 0.0000e+00 1.7560e-04 9.6107e-05 0.0000e+00 9.6107e-05 1.8963e-01 0.0000e+00
888 0.0000e+00 2.1500e-04 9.5819e-05 0.0000e+00 9.5819e-05 1.8972e-01 0.0000e+00
889 0.0000e+00 2.3790e-04 9.5532e-05 0.0000e+00 9.5532e-05 1.8982e-01 0.0000e+00
890 0.0000e+00 2.4840e-04 9.5247e-05 0.0000e+00 9.5247e-05 1.8991e-01 0.0000e+00
891 0.0000e+00 2.3790e-04 9.4964e-05 0.0000e+00 9.4964e-05 1.9001e-01 0.0000e+00
892 0.0000e+00 2.1500e-04 9.4683e-05 0.0000e+00 9.4683e-05 1.9010e-01 0.0000e+00
893 0.0000e+00 1.7560e-04 9.4403e-05 0.0000e+00 9.4403e-05 1.9020e-01 0.0000e+00
894 0.0000e+00 1.2410e-04 9.4125e-05 0.0000e+00 9.4125e-05 1.9029e-01 0.0000e+00
895 0.0000e+00 6.0100e-05 9.3848e-05 0.0000e+00 9.3848e-05 1.9039e-01 0.0000e+00
896 0.0000e+00 0.0000e+00 9.3574e-05 0.0000e+00 9.3574e-05 1.9048e-01 0.0000e+00
897 0.0000e+00 0.0000e+00 9.3300e-05 0.0000e+00 9.3300e-05 1.9057e-01 0.0000e+00
898 0.0000e+00 0.0000e+00 9.3029e-05 0.0000e+00 9.3029e-05 1.9067e-01 0.0000e+00
899 0.0000e+00 0.0000e+00 9.2759e-05 0.0000e+00 9.2759e-05 1.9076e-01 0.0000e+00
900 0.0000e+00 0.0000e+00 9.2490e-05 0.0000e+00 9.2490e-05 1.9085e-01 0.0000e+00
901 0.0000e+00 0.0000e+00 9.2223e-05 0.0000e+00 9.2223e-05 1.9094e-01 0.0000e+00
902 0.0000e+00 0.0000e+00 9.1958e-05 0.0000e+00 9.1958e-05 1.9104e-01 0.0000e+00
903 0.0000e+00 0.0000e+00 9.1694e-05 0.0000e+00 9.1694e-05 1.9113e-01 0.0000e+00
904 0.0000e+00 0.0000e+00 9.1432e-05 0.0000e+00 9.1432e-05 1.9122e-01 0.0000e+00
905 0.0000e+00 0.0000e+00 9.1171e-05 0.0000e+00 9.1171e-05 1.9131e-01 0.0000e+00
906 0.0000e+00 0.0000e+00 9.0911e-05 0.0000e+00 9.0911e-05 1.9140e-01 0.0000e+00
907 0.0000e+00 0.0000e+00 9.0653e-05 0.0000e+00 9.0653e-05 1.9149e-01 0.0000e+00
908 0.0000e+00 0.0000e+00 9.0397e-05 0.0000e+00 9.0397e-05 1.9158e-01 0.0000e+00
909 0.0000e+00 8.0200e-05 9.0142e-05 0.0000e+00 9.0142e-05 1.9167e-01 0.0000e+00
910 0.0000e+00 1.5480e-04 8.9888e-05 0.0000e+00 8.9888e-05 1.9176e-01 0.0000e+00
911 0.0000e+00 2.1910e-04 8.9636e-05 0.0000e+00 8.9636e-05 1.9185e-01 0.0000e+00
912 0.0000e+00 2.6830e-04 8.9386e-05 0.0000e+00 8.9386e-05 1.9194e-01 0.0000e+00
913 0.0000e+00 2.9680e-04 8.9136e-05 0.0000e+00 8.9136e-05 1.9203e-01 0.0000e+00
914 0.0000e+00 3.0990e-04 8.8888e-05 0.0000e+00 8.8888e-05 1.9212e-01 0.0000e+00
915 0.0000e+00 2.9680e-04 8.8642e-05 0.0000e+00 8.8642e-05 1.9221e-01 0.0000e+00
916 0.0000e+00 2.6830e-04 8.8397e-05 0.0000e+00 8.8397e-05 1.9230e-01 0.0000e+00
917 0.0000e+00 2.1910e-04 8.8153e-05 0.0000e+00 8.8153e-05 1.9238e-01 0.0000e+00
918 0.0000e+00 1.5480e-04 8.7910e-05 0.0000e+00 8.7910e-05 1.9247e-01 0.0000e+00
919 0.0000e+00 7.5000e-05 8.7669e-05 0.0000e+00 8.7669e-05 1.9256e-01 0.0000e+00
920 0.0000e+00 0.0000e+00 8.7429e-05 0.0000e+00 8.7429e-05 1.9265e-01 0.0000e+00
921 0.0000e+00 0.0000e+00 8.7191e-05 0.0000e+00 8.7191e-05 1.9273e-01 0.0000e+00
922 0.0000e+00 0.0000e+00 8.6953e-05 0.0000e+00 8.6953e-05 1.9282e-01 0.0000e+00
923 0.0000e+00 0.0000e+00 8.6717e-05 0.0000e+00 8.6717e-05 1.9291e-01 0.0000e+00
924 0.0000e+00 0.0000e+00 8.6483e-05 0.0000e+00 8.6483e-05 1.9299e-01 0.0000e+00
925 0.0000e+00 0.0000e+00 8.6249e-05 0.0000e+00 8.6249e-05 1.9308e-01 0.0000e+00
926 0.0000e+00 0.0000e+00 8.6017e-05 0.0000e+00 8.6017e-05 1.9317e-01 0.0000e+00
927 0.0000e+00 0.0000e+00 8.5786e-05 0.0000e+00 8.5786e-05 1.9325e-01 0.0000e+00
928 0.0000e+00 0.0000e+00 8.5557e-05 0.0000e+00 8.5557e-05 1.9334e-01 0.0000e+00
929 0.0000e+00 0.0000e+00 8.5328e-05 0.0000e+00 8.5328e-05 1.9342e-01 0.0000e+00
930 0.0000e+00 0.0000e+00 8.5101e-05 0.0000e+00 8.5101e-05 1.9351e-01 0.0000e+00
931 0.0000e+00 0.0000e+00 8.4875e-05 0.0000e+00 8.4875e-05 1.9359e-01 0.0000e+00
932 0.0000e+00 0.0000e+00 8.4650e-05 0.0000e+00 8.4650e-05 1.9368e-01 0.0000e+00
933 0.0000e+00 9.6000e-05 8.4426e-05 0.0000e+00 8.4426e-05 1.9376e-01 0.0000e+00
934 0.0000e+00 1.8520e-04 8.4204e-05 0.0000e+00 8.4204e-05 1.9385e-01 0.0000e+00
935 0.0000e+00 2.6210e-04 8.3983e-05 0.0000e+00 8.3983e-05 1.9393e-01 0.0000e+00
936 0.0000e+00 3.2090e-04 8.3763e-05 0.0000e+00 8.3763e-05 1.9401e-01 0.0000e+00
937 0.0000e+00 3.5500e-04 8.3544e-05 0.0000e+00 8.3544e-05 1.9410e-01 0.0000e+00
938 0.0000e+00 3.7070e-04 8.3326e-05 0.0000e+00 8.3326e-05 1.9418e-01 0.0000e+00
939 0.0000e+00 3.5500e-04 8.3109e-05 0.0000e+00 8.3109e-05 1.9426e-01 0.0000e+00
940 0.0000e+00 3.2090e-04 8.2894e-05 0.0000e+00 8.2894e-05 1.9435e-01 0.0000e+00
941 0.0000e+00 2.6210e-04 8.2679e-05 0.0000e+00 8.2679e-05 1.9443e-01 0.0000e+00
942 0.0000e+00 1.8520e-04 8.2466e-05 0.0000e+00 8.2466e-05 1.9451e-01 0.0000e+00
943 0.0000e+00 8.9700e-05 8.2254e-05 0.0000e+00 8.2254e-05 1.9459e-01 0.0000e+00
944 0.0000e+00 0.0000e+00 8.2042e-05 0.0000e+00 8.2042e-05 1.9468e-01 0.0000e+00
945 0.0000e+00 0.0000e+00 8.1832e-05 0.0000e+00 8.1832e-05 1.9476e-01 0.0000e+00
946 0.0000e+00 0.0000e+00 8.1623e-05 0.0000e+00 8.1623e-05 1.9484e-01 0.0000e+00
947 0.0000e+00 0.0000e+00 8.1415e-05 0.0000e+00 8.1415e-05 1.9492e-01 0.0000e+00
948 0.0000e+00 0.0000e+00 8.1208e-05 0.0000e+00 8.1208e-05 1.9500e-01 0.0000e+00
949 0.0000e+00 0.0000e+00 8.1003e-05 0.0000e+00 8.1003e-05 1.9508e-01 0.0000e+00
950 0.0000e+00 0.0000e+00 8.0798e-05 0.0000e+00 8.0798e-05 1.9516e-01 0.0000e+00
Objective function values:
F1 2.321898e-06    NSE 0.60086   F2 3.570202e-02
Mean Obs Q 1.590065e-04   Variance Obs Q 6.123405e-09
    Error Variance 2.444103e-09

Water Balance for Subcatchment: Extracted study basin: Taegu Pyungkwang River

   SUMP       SUMAE      SUMQ       SUMRZ      SUMUZ      SBAR        BAL
1.890e-01  4.454e-02  1.176e-01  1.886e-02  0.000e+00  1.952e-01  1.491e-02
