1 0.000033 0.000033
2 0.000032 0.000033
3 0.000033 0.000033
4 0.000033 0.000033
5 0.000035 0.000045
6 0.000036 0.000040
7 0.000036 0.000040
8 0.000036 0.000033
9 0.000035 0.000041
10 0.000035 0.000041
11 0.000036 0.000033
12 0.000035 0.000034
13 0.000035 0.000050
14 0.000036 0.000042
15 0.000037 0.000042
16 0.000037 0.000050
17 0.000037 0.000035
18 0.000037 0.000035
19 0.000036 0.000036
20 0.000035 0.000036
21 0.000035 0.000036
22 0.000034 0.000036
23 0.000034 0.000036
24 0.000036 0.000082
25 0.000042 0.000068
26 0.000058 0.000123
27 0.000086 0.000144
28 0.000105 0.000056
29 0.000091 0.000096
30 0.000076 0.000046
31 0.000064 0.000049
32 0.000056 0.000070
33 0.000054 0.000063
34 0.000052 0.000054
35 0.000050 0.000056
36 0.000049 0.000057
37 0.000048 0.000058
38 0.000048 0.000060
39 0.000048 0.000061
40 0.000048 0.000061
41 0.000047 0.000062
42 0.000046 0.000063
43 0.000046 0.000063
44 0.000046 0.000064
45 0.000046 0.000064
46 0.000048 0.000086
47 0.000049 0.000065
48 0.000049 0.000073
49 0.000049 0.000066
50 0.000049 0.000083
51 0.000053 0.000119
52 0.000063 0.000138
53 0.000079 0.000133
54 0.000090 0.000161
55 0.000098 0.000149
56 0.000103 0.000139
57 0.000103 0.000113
58 0.000095 0.000116
59 0.000086 0.000090
60 0.000082 0.000108
61 0.000082 0.000111
62 0.000082 0.000098
63 0.000084 0.000100
64 0.000087 0.000102
65 0.000090 0.000104
66 0.000093 0.000105
67 0.000097 0.000106
68 0.000101 0.000107
69 0.000105 0.000108
70 0.000108 0.000108
71 0.000110 0.000109
72 0.000112 0.000109
73 0.000115 0.000109
74 0.000116 0.000110
75 0.000117 0.000110
76 0.000118 0.000110
77 0.000121 0.000110
78 0.000122 0.000110
79 0.000122 0.000110
80 0.000123 0.000109
81 0.000123 0.000109
82 0.000123 0.000109
83 0.000124 0.000109
84 0.000127 0.000109
85 0.000127 0.000108
86 0.000128 0.000108
87 0.000128 0.000108
88 0.000128 0.000108
89 0.000128 0.000107
90 0.000130 0.000107
91 0.000130 0.000107
92 0.000131 0.000107
93 0.000133 0.000106
94 0.000134 0.000106
95 0.000134 0.000106
96 0.000135 0.000105
97 0.000136 0.000105
98 0.000139 0.000105
99 0.000140 0.000104
100 0.000140 0.000104
101 0.000140 0.000104
102 0.000140 0.000103
103 0.000140 0.000103
104 0.000140 0.000103
105 0.000140 0.000102
106 0.000140 0.000102
107 0.000140 0.000102
108 0.000141 0.000101
109 0.000141 0.000101
110 0.000141 0.000101
111 0.000141 0.000101
112 0.000140 0.000100
113 0.000141 0.000100
114 0.000141 0.000100
115 0.000141 0.000099
116 0.000141 0.000099
117 0.000141 0.000099
118 0.000140 0.000098
119 0.000140 0.000098
120 0.000140 0.000098
121 0.000139 0.000097
122 0.000140 0.000097
123 0.000140 0.000097
124 0.000140 0.000097
125 0.000140 0.000096
126 0.000140 0.000096
127 0.000140 0.000096
128 0.000139 0.000095
129 0.000138 0.000095
130 0.000138 0.000095
131 0.000137 0.000095
132 0.000136 0.000094
133 0.000136 0.000094
134 0.000136 0.000094
135 0.000135 0.000094
136 0.000135 0.000093
137 0.000135 0.000093
138 0.000134 0.000093
139 0.000134 0.000092
140 0.000133 0.000092
141 0.000133 0.000092
142 0.000133 0.000092
143 0.000131 0.000091
144 0.000130 0.000091
145 0.000130 0.000091
146 0.000130 0.000091
147 0.000129 0.000090
148 0.000128 0.000090
149 0.000128 0.000090
150 0.000128 0.000090
151 0.000128 0.000089
152 0.000127 0.000089
153 0.000127 0.000089
154 0.000127 0.000089
155 0.000126 0.000088
156 0.000125 0.000088
157 0.000123 0.000088
158 0.000123 0.000088
159 0.000122 0.000087
160 0.000122 0.000087
161 0.000122 0.000087
162 0.000122 0.000087
163 0.000122 0.000086
164 0.000122 0.000086
165 0.000122 0.000086
166 0.000122 0.000086
167 0.000122 0.000086
168 0.000121 0.000085
169 0.000119 0.000085
170 0.000120 0.000085
171 0.000119 0.000085
172 0.000118 0.000084
173 0.000118 0.000084
174 0.000117 0.000084
175 0.000117 0.000084
176 0.000117 0.000083
177 0.000116 0.000083
178 0.000116 0.000083
179 0.000116 0.000083
180 0.000114 0.000083
181 0.000113 0.000082
182 0.000112 0.000082
183 0.000112 0.000082
184 0.000112 0.000082
185 0.000112 0.000082
186 0.000112 0.000081
187 0.000112 0.000081
188 0.000112 0.000081
189 0.000111 0.000081
190 0.000108 0.000081
191 0.000109 0.000080
192 0.000108 0.000080
193 0.000109 0.000080
194 0.000108 0.000080
195 0.000108 0.000080
196 0.000108 0.000079
197 0.000108 0.000079
198 0.000108 0.000079
199 0.000107 0.000079
200 0.000107 0.000079
201 0.000106 0.000078
202 0.000105 0.000078
203 0.000104 0.000078
204 0.000103 0.000078
205 0.000104 0.000078
206 0.000103 0.000077
207 0.000103 0.000077
208 0.000102 0.000077
209 0.000102 0.000077
210 0.000102 0.000077
211 0.000102 0.000076
212 0.000102 0.000076
213 0.000102 0.000076
214 0.000101 0.000076
215 0.000099 0.000076
216 0.000099 0.000076
217 0.000099 0.000075
218 0.000099 0.000075
219 0.000099 0.000075
220 0.000098 0.000075
221 0.000098 0.000075
222 0.000098 0.000075
223 0.000098 0.000074
224 0.000098 0.000074
225 0.000097 0.000074
226 0.000095 0.000074
227 0.000095 0.000074
228 0.000094 0.000074
229 0.000094 0.000073
230 0.000094 0.000073
231 0.000094 0.000073
232 0.000093 0.000073
233 0.000093 0.000073
234 0.000093 0.000073
235 0.000093 0.000072
236 0.000093 0.000072
237 0.000093 0.000072
238 0.000093 0.000072
239 0.000092 0.000072
240 0.000094 0.000072
241 0.000094 0.000071
242 0.000094 0.000071
243 0.000093 0.000071
244 0.000093 0.000071
245 0.000092 0.000071
246 0.000090 0.000071
247 0.000090 0.000070
248 0.000090 0.000070
249 0.000090 0.000070
250 0.000090 0.000070
251 0.000090 0.000070
252 0.000090 0.000070
253 0.000090 0.000070
254 0.000090 0.000069
255 0.000090 0.000069
256 0.000090 0.000069
257 0.000089 0.000069
258 0.000087 0.000069
259 0.000086 0.000069
260 0.000086 0.000068
261 0.000086 0.000068
262 0.000085 0.000068
263 0.000086 0.000068
264 0.000086 0.000068
265 0.000085 0.000068
266 0.000083 0.000068
267 0.000083 0.000067
268 0.000081 0.000067
269 0.000080 0.000067
270 0.000080 0.000067
271 0.000080 0.000067
272 0.000080 0.000067
273 0.000080 0.000067
274 0.000080 0.000066
275 0.000080 0.000066
276 0.000080 0.000066
277 0.000080 0.000066
278 0.000080 0.000066
279 0.000080 0.000066
280 0.000080 0.000066
281 0.000080 0.000066
282 0.000080 0.000065
283 0.000080 0.000065
284 0.000081 0.000065
285 0.000084 0.000068
286 0.000102 0.000214
287 0.000134 0.000162
288 0.000135 0.000100
289 0.000117 0.000072
290 0.000101 0.000074
291 0.000094 0.000083
292 0.000090 0.000078
293 0.000088 0.000079
294 0.000089 0.000119
295 0.000095 0.000111
296 0.000097 0.000083
297 0.000093 0.000085
298 0.000089 0.000086
299 0.000088 0.000087
300 0.000088 0.000088
301 0.000088 0.000088
302 0.000088 0.000089
303 0.000087 0.000089
304 0.000087 0.000089
305 0.000087 0.000090
306 0.000087 0.000090
307 0.000087 0.000090
308 0.000087 0.000090
309 0.000086 0.000090
310 0.000086 0.000104
311 0.000085 0.000090
312 0.000086 0.000090
313 0.000087 0.000090
314 0.000088 0.000090
315 0.000088 0.000090
316 0.000089 0.000090
317 0.000089 0.000090
318 0.000092 0.000114
319 0.000093 0.000104
320 0.000092 0.000091
321 0.000092 0.000091
322 0.000093 0.000121
323 0.000093 0.000122
324 0.000094 0.000092
325 0.000094 0.000093
326 0.000093 0.000093
327 0.000092 0.000094
328 0.000091 0.000094
329 0.000090 0.000094
330 0.000090 0.000094
331 0.000090 0.000094
332 0.000090 0.000094
333 0.000090 0.000094
334 0.000090 0.000094
335 0.000090 0.000094
336 0.000090 0.000094
337 0.000090 0.000094
338 0.000090 0.000104
339 0.000092 0.000107
340 0.000094 0.000138
341 0.000098 0.000139
342 0.000102 0.000125
343 0.000103 0.000112
344 0.000102 0.000129
345 0.000102 0.000115
346 0.000101 0.000101
347 0.000098 0.000103
348 0.000098 0.000104
349 0.000096 0.000104
350 0.000095 0.000105
351 0.000094 0.000105
352 0.000094 0.000106
353 0.000094 0.000121
354 0.000094 0.000106
355 0.000094 0.000106
356 0.000094 0.000107
357 0.000094 0.000107
358 0.000094 0.000107
359 0.000095 0.000107
360 0.000097 0.000107
361 0.000097 0.000107
362 0.000097 0.000106
363 0.000097 0.000106
364 0.000097 0.000106
365 0.000097 0.000106
366 0.000098 0.000106
367 0.000099 0.000105
368 0.000099 0.000105
369 0.000099 0.000105
370 0.000100 0.000105
371 0.000101 0.000104
372 0.000100 0.000104
373 0.000100 0.000104
374 0.000113 0.000300
375 0.000162 0.000254
376 0.000177 0.000192
377 0.000153 0.000132
378 0.000133 0.000121
379 0.000123 0.000125
380 0.000122 0.000128
381 0.000122 0.000130
382 0.000123 0.000132
383 0.000125 0.000174
384 0.000130 0.000177
385 0.000133 0.000138
386 0.000132 0.000156
387 0.000132 0.000142
388 0.000132 0.000143
389 0.000132 0.000144
390 0.000132 0.000156
391 0.000134 0.000146
392 0.000137 0.000165
393 0.000140 0.000168
394 0.000141 0.000148
395 0.000141 0.000148
396 0.000141 0.000149
397 0.000144 0.000149
398 0.000145 0.000149
399 0.000147 0.000149
400 0.000149 0.000149
401 0.000151 0.000148
402 0.000154 0.000191
403 0.000156 0.000149
404 0.000158 0.000149
405 0.000159 0.000170
406 0.000162 0.000170
407 0.000164 0.000150
408 0.000165 0.000166
409 0.000166 0.000150
410 0.000168 0.000151
411 0.000169 0.000151
412 0.000169 0.000150
413 0.000170 0.000150
414 0.000171 0.000150
415 0.000172 0.000150
416 0.000175 0.000149
417 0.000176 0.000149
418 0.000177 0.000148
419 0.000177 0.000148
420 0.000178 0.000147
421 0.000179 0.000147
422 0.000180 0.000146
423 0.000181 0.000146
424 0.000182 0.000145
425 0.000183 0.000145
426 0.000183 0.000144
427 0.000185 0.000143
428 0.000191 0.000225
429 0.000208 0.000272
430 0.000219 0.000231
431 0.000218 0.000190
432 0.000208 0.000154
433 0.000203 0.000169
434 0.000201 0.000159
435 0.000198 0.000161
436 0.000197 0.000162
437 0.000211 0.000292
438 0.000212 0.000167
439 0.000205 0.000169
440 0.000202 0.000171
441 0.000200 0.000172
442 0.000200 0.000173
443 0.000200 0.000174
444 0.000201 0.000188
445 0.000201 0.000175
446 0.000201 0.000175
447 0.000201 0.000175
448 0.000201 0.000175
449 0.000202 0.000175
450 0.000202 0.000174
451 0.000202 0.000174
452 0.000202 0.000195
453 0.000203 0.000173
454 0.000203 0.000173
455 0.000203 0.000173
456 0.000204 0.000172
457 0.000204 0.000172
458 0.000204 0.000171
459 0.000204 0.000171
460 0.000205 0.000170
461 0.000205 0.000169
462 0.000205 0.000168
463 0.000206 0.000168
464 0.000207 0.000167
465 0.000208 0.000181
466 0.000212 0.000187
467 0.000213 0.000166
468 0.000211 0.000165
469 0.000212 0.000186
470 0.000212 0.000165
471 0.000212 0.000165
472 0.000212 0.000186
473 0.000216 0.000186
474 0.000216 0.000165
475 0.000215 0.000165
476 0.000215 0.000165
477 0.000215 0.000165
478 0.000215 0.000164
479 0.000215 0.000164
480 0.000215 0.000163
481 0.000215 0.000163
482 0.000214 0.000179
483 0.000219 0.000267
484 0.000233 0.000205
485 0.000229 0.000166
486 0.000220 0.000208
487 0.000219 0.000169
488 0.000218 0.000171
489 0.000217 0.000171
490 0.000217 0.000172
491 0.000216 0.000172
492 0.000216 0.000172
493 0.000215 0.000172
494 0.000214 0.000172
495 0.000212 0.000172
496 0.000212 0.000171
497 0.000212 0.000171
498 0.000211 0.000170
499 0.000210 0.000170
500 0.000210 0.000169
501 0.000210 0.000168
502 0.000209 0.000168
503 0.000209 0.000167
504 0.000209 0.000166
505 0.000209 0.000166
506 0.000208 0.000165
507 0.000208 0.000164
508 0.000206 0.000163
509 0.000205 0.000163
510 0.000205 0.000162
511 0.000205 0.000161
512 0.000205 0.000160
513 0.000204 0.000160
514 0.000203 0.000159
515 0.000203 0.000158
516 0.000202 0.000157
517 0.000202 0.000156
518 0.000201 0.000156
519 0.000200 0.000155
520 0.000198 0.000154
521 0.000198 0.000154
522 0.000197 0.000153
523 0.000197 0.000152
524 0.000197 0.000151
525 0.000196 0.000151
526 0.000196 0.000150
527 0.000195 0.000149
528 0.000195 0.000149
529 0.000195 0.000148
530 0.000194 0.000147
531 0.000195 0.000147
532 0.000193 0.000146
533 0.000193 0.000145
534 0.000192 0.000145
535 0.000191 0.000144
536 0.000190 0.000143
537 0.000190 0.000143
538 0.000190 0.000142
539 0.000190 0.000141
540 0.000189 0.000141
541 0.000189 0.000140
542 0.000188 0.000140
543 0.000188 0.000139
544 0.000187 0.000138
545 0.000186 0.000138
546 0.000186 0.000137
547 0.000186 0.000137
548 0.000184 0.000136
549 0.000183 0.000135
550 0.000183 0.000135
551 0.000183 0.000134
552 0.000185 0.000134
553 0.000188 0.000133
554 0.000194 0.000164
555 0.000201 0.000193
556 0.000196 0.000133
557 0.000190 0.000149
558 0.000188 0.000134
559 0.000185 0.000135
560 0.000183 0.000135
561 0.000182 0.000135
562 0.000181 0.000135
563 0.000181 0.000135
564 0.000180 0.000135
565 0.000179 0.000151
566 0.000179 0.000134
567 0.000178 0.000134
568 0.000177 0.000134
569 0.000177 0.000134
570 0.000177 0.000133
571 0.000177 0.000133
572 0.000177 0.000133
573 0.000182 0.000260
574 0.000193 0.000175
575 0.000193 0.000240
576 0.000213 0.000284
577 0.000228 0.000204
578 0.000209 0.000149
579 0.000194 0.000153
580 0.000188 0.000156
581 0.000185 0.000158
582 0.000183 0.000160
583 0.000182 0.000162
584 0.000181 0.000163
585 0.000181 0.000164
586 0.000180 0.000164
587 0.000179 0.000165
588 0.000179 0.000165
589 0.000180 0.000165
590 0.000179 0.000165
591 0.000178 0.000165
592 0.000178 0.000181
593 0.000179 0.000164
594 0.000179 0.000207
595 0.000181 0.000165
596 0.000179 0.000165
597 0.000177 0.000165
598 0.000177 0.000165
599 0.000177 0.000165
600 0.000177 0.000165
601 0.000177 0.000164
602 0.000176 0.000164
603 0.000176 0.000163
604 0.000176 0.000163
605 0.000175 0.000162
606 0.000174 0.000161
607 0.000174 0.000161
608 0.000173 0.000160
609 0.000171 0.000160
610 0.000171 0.000159
611 0.000171 0.000158
612 0.000171 0.000157
613 0.000171 0.000157
614 0.000171 0.000156
615 0.000171 0.000155
616 0.000171 0.000155
617 0.000171 0.000154
618 0.000171 0.000153
619 0.000171 0.000153
620 0.000171 0.000152
621 0.000171 0.000151
622 0.000171 0.000150
623 0.000171 0.000150
624 0.000174 0.000149
625 0.000178 0.000152
626 0.000188 0.000273
627 0.000201 0.000233
628 0.000204 0.000214
629 0.000212 0.000303
630 0.000245 0.000330
631 0.000291 0.000385
632 0.000297 0.000181
633 0.000235 0.000189
634 0.000218 0.000253
635 0.000219 0.000347
636 0.000249 0.000414
637 0.000289 0.000396
638 0.000287 0.000236
639 0.000260 0.000275
640 0.000253 0.000256
641 0.000255 0.000291
642 0.000265 0.000269
643 0.000271 0.000302
644 0.000278 0.000278
645 0.000286 0.000281
646 0.000296 0.000283
647 0.000303 0.000285
648 0.000311 0.000285
649 0.000317 0.000285
650 0.000324 0.000285
651 0.000331 0.000284
652 0.000338 0.000284
653 0.000343 0.000282
654 0.000349 0.000281
655 0.000352 0.000280
656 0.000356 0.000278
657 0.000361 0.000276
658 0.000366 0.000274
659 0.000370 0.000273
660 0.000372 0.000271
661 0.000376 0.000269
662 0.000379 0.000267
663 0.000381 0.000265
664 0.000384 0.000263
665 0.000387 0.000261
666 0.000388 0.000260
667 0.000389 0.000257
668 0.000391 0.000284
669 0.000392 0.000283
670 0.000394 0.000254
671 0.000394 0.000308
672 0.000397 0.000253
673 0.000393 0.000253
674 0.000391 0.000252
675 0.000391 0.000268
676 0.000391 0.000276
677 0.000390 0.000250
678 0.000388 0.000249
679 0.000391 0.000299
680 0.000397 0.000306
681 0.000391 0.000250
682 0.000386 0.000250
683 0.000381 0.000250
684 0.000379 0.000250
685 0.000376 0.000249
686 0.000373 0.000248
687 0.000371 0.000247
688 0.000370 0.000246
689 0.000368 0.000244
690 0.000364 0.000243
691 0.000361 0.000241
692 0.000359 0.000240
693 0.000355 0.000238
694 0.000352 0.000237
695 0.000352 0.000235
696 0.000351 0.000234
697 0.000349 0.000232
698 0.000347 0.000231
699 0.000343 0.000229
700 0.000340 0.000228
701 0.000337 0.000226
702 0.000332 0.000224
703 0.000334 0.000223
704 0.000332 0.000221
705 0.000329 0.000220
706 0.000327 0.000219
707 0.000325 0.000217
708 0.000322 0.000216
709 0.000320 0.000214
710 0.000319 0.000213
711 0.000317 0.000211
712 0.000314 0.000210
713 0.000311 0.000209
714 0.000309 0.000207
715 0.000307 0.000206
716 0.000302 0.000205
717 0.000301 0.000203
718 0.000299 0.000202
719 0.000297 0.000201
720 0.000294 0.000200
721 0.000291 0.000198
722 0.000289 0.000197
723 0.000286 0.000196
724 0.000284 0.000195
725 0.000282 0.000194
726 0.000281 0.000192
727 0.000278 0.000191
728 0.000276 0.000190
729 0.000274 0.000189
730 0.000271 0.000188
731 0.000268 0.000187
732 0.000267 0.000186
733 0.000266 0.000185
734 0.000265 0.000184
735 0.000263 0.000182
736 0.000260 0.000181
737 0.000259 0.000180
738 0.000257 0.000179
739 0.000255 0.000178
740 0.000253 0.000177
741 0.000251 0.000176
742 0.000249 0.000175
743 0.000248 0.000174
744 0.000247 0.000174
745 0.000246 0.000173
746 0.000244 0.000172
747 0.000241 0.000171
748 0.000237 0.000170
749 0.000236 0.000169
750 0.000235 0.000168
751 0.000234 0.000167
752 0.000233 0.000166
753 0.000232 0.000165
754 0.000231 0.000165
755 0.000228 0.000164
756 0.000227 0.000163
757 0.000226 0.000162
758 0.000224 0.000161
759 0.000223 0.000160
760 0.000222 0.000160
761 0.000220 0.000159
762 0.000218 0.000158
763 0.000218 0.000157
764 0.000218 0.000157
765 0.000216 0.000156
766 0.000214 0.000155
767 0.000212 0.000154
768 0.000210 0.000154
769 0.000209 0.000153
770 0.000208 0.000152
771 0.000207 0.000151
772 0.000205 0.000151
773 0.000204 0.000150
774 0.000202 0.000149
775 0.000201 0.000149
776 0.000198 0.000148
777 0.000197 0.000147
778 0.000196 0.000146
779 0.000195 0.000146
780 0.000195 0.000145
781 0.000193 0.000144
782 0.000191 0.000144
783 0.000190 0.000143
784 0.000189 0.000143
785 0.000188 0.000142
786 0.000187 0.000141
787 0.000185 0.000141
788 0.000183 0.000140
789 0.000182 0.000139
790 0.000181 0.000139
791 0.000180 0.000138
792 0.000178 0.000138
793 0.000177 0.000137
794 0.000177 0.000136
795 0.000176 0.000136
796 0.000175 0.000135
797 0.000172 0.000135
798 0.000171 0.000134
799 0.000170 0.000134
800 0.000169 0.000133
801 0.000169 0.000132
802 0.000169 0.000132
803 0.000169 0.000131
804 0.000167 0.000131
805 0.000165 0.000130
806 0.000164 0.000130
807 0.000164 0.000129
808 0.000163 0.000129
809 0.000162 0.000128
810 0.000162 0.000128
811 0.000161 0.000127
812 0.000159 0.000127
813 0.000158 0.000126
814 0.000157 0.000126
815 0.000157 0.000125
816 0.000156 0.000125
817 0.000156 0.000124
818 0.000156 0.000124
819 0.000156 0.000123
820 0.000153 0.000123
821 0.000153 0.000122
822 0.000152 0.000122
823 0.000151 0.000121
824 0.000150 0.000121
825 0.000149 0.000120
826 0.000147 0.000120
827 0.000147 0.000120
828 0.000147 0.000119
829 0.000146 0.000119
830 0.000145 0.000118
831 0.000145 0.000118
832 0.000144 0.000117
833 0.000142 0.000117
834 0.000141 0.000117
835 0.000141 0.000116
836 0.000143 0.000116
837 0.000141 0.000115
838 0.000140 0.000115
839 0.000140 0.000114
840 0.000139 0.000114
841 0.000139 0.000114
842 0.000138 0.000113
843 0.000135 0.000113
844 0.000135 0.000112
845 0.000134 0.000112
846 0.000134 0.000112
847 0.000132 0.000111
848 0.000132 0.000111
849 0.000132 0.000110
850 0.000132 0.000110
851 0.000132 0.000110
852 0.000131 0.000109
853 0.000129 0.000109
854 0.000128 0.000109
855 0.000127 0.000108
856 0.000127 0.000108
857 0.000126 0.000108
858 0.000125 0.000107
859 0.000123 0.000107
860 0.000123 0.000106
861 0.000123 0.000106
862 0.000123 0.000106
863 0.000123 0.000105
864 0.000123 0.000105
865 0.000122 0.000105
866 0.000121 0.000104
867 0.000121 0.000104
868 0.000119 0.000104
869 0.000118 0.000103
870 0.000118 0.000103
871 0.000118 0.000103
872 0.000118 0.000102
873 0.000117 0.000102
874 0.000117 0.000102
875 0.000116 0.000101
876 0.000114 0.000101
877 0.000113 0.000101
878 0.000113 0.000100
879 0.000113 0.000100
880 0.000113 0.000100
881 0.000113 0.000099
882 0.000112 0.000099
883 0.000111 0.000099
884 0.000111 0.000099
885 0.000111 0.000098
886 0.000111 0.000098
887 0.000111 0.000098
888 0.000110 0.000097
889 0.000109 0.000097
890 0.000108 0.000097
891 0.000107 0.000096
892 0.000107 0.000096
893 0.000106 0.000096
894 0.000106 0.000096
895 0.000106 0.000095
896 0.000105 0.000095
897 0.000105 0.000095
898 0.000104 0.000094
899 0.000103 0.000094
900 0.000103 0.000094
901 0.000103 0.000094
902 0.000103 0.000093
903 0.000103 0.000093
904 0.000103 0.000093
905 0.000102 0.000093
906 0.000102 0.000092
907 0.000102 0.000092
908 0.000102 0.000092
909 0.000102 0.000092
910 0.000101 0.000091
911 0.000101 0.000091
912 0.000100 0.000091
913 0.000101 0.000090
914 0.000100 0.000090
915 0.000099 0.000090
916 0.000099 0.000090
917 0.000099 0.000089
918 0.000099 0.000089
919 0.000098 0.000089
920 0.000098 0.000089
921 0.000097 0.000088
922 0.000097 0.000088
923 0.000096 0.000088
924 0.000096 0.000088
925 0.000096 0.000087
926 0.000099 0.000087
927 0.000097 0.000087
928 0.000094 0.000087
929 0.000094 0.000087
930 0.000094 0.000086
931 0.000093 0.000086
932 0.000093 0.000086
933 0.000093 0.000086
934 0.000093 0.000085
935 0.000093 0.000085
936 0.000093 0.000085
937 0.000093 0.000085
938 0.000093 0.000084
939 0.000093 0.000084
940 0.000093 0.000084
941 0.000093 0.000084
942 0.000093 0.000084
943 0.000093 0.000083
944 0.000093 0.000083
945 0.000093 0.000083
946 0.000093 0.000083
947 0.000092 0.000083
948 0.000090 0.000082
949 0.000093 0.000082
950 0.000093 0.000082
