Taegu Pyungkwang River Catchment: Calibration Data

Subcatchment : Extracted study basin: cat-10389

TL =     7.65
SUMAC =     1.00
SZQ =       0.07082
Subcatchment routing data:
Maximum Routing Delay       0.69444
Sum of Histogram ordinates:     1.0000
     1.00000 
Initial BAL             -0.24768
Initial SBAR             0.24568
Initial SR0              0.00200
it      p        ep       q(it)       quz      q       sbar       qof
1 0.0000e+00 6.1900e-05 3.2800e-05 0.0000e+00 3.2800e-05 2.4571e-01 0.0000e+00
2 0.0000e+00 6.4700e-05 3.2766e-05 0.0000e+00 3.2766e-05 2.4575e-01 0.0000e+00
3 1.0000e-03 6.1900e-05 3.2733e-05 0.0000e+00 3.2733e-05 2.4578e-01 0.0000e+00
4 1.0000e-03 5.6000e-05 3.2699e-05 0.0000e+00 3.2699e-05 2.4581e-01 0.0000e+00
5 1.0000e-03 4.5700e-05 4.1437e-05 6.7577e-05 3.2666e-05 2.4578e-01 8.7708e-06
6 5.0000e-04 3.2300e-05 3.7929e-05 9.8236e-05 3.2702e-05 2.4571e-01 5.2275e-06
7 5.0000e-04 1.5600e-05 3.8150e-05 1.2774e-04 3.2769e-05 2.4562e-01 5.3817e-06
8 0.0000e+00 0.0000e+00 3.2866e-05 1.1290e-04 3.2866e-05 2.4554e-01 0.0000e+00
9 5.0000e-04 0.0000e+00 3.8522e-05 1.4443e-04 3.2948e-05 2.4542e-01 5.5739e-06
10 5.0000e-04 0.0000e+00 3.8817e-05 1.7284e-04 3.3063e-05 2.4529e-01 5.7534e-06
11 0.0000e+00 0.0000e+00 3.3208e-05 1.5383e-04 3.3208e-05 2.4516e-01 0.0000e+00
12 0.0000e+00 0.0000e+00 3.3334e-05 1.3866e-04 3.3334e-05 2.4506e-01 0.0000e+00
13 1.0000e-03 0.0000e+00 4.4950e-05 2.1448e-04 3.3443e-05 2.4488e-01 1.1507e-05
14 5.0000e-04 0.0000e+00 3.9387e-05 2.3460e-04 3.3633e-05 2.4468e-01 5.7534e-06
15 5.0000e-04 0.0000e+00 3.9598e-05 2.5418e-04 3.3845e-05 2.4446e-01 5.7534e-06
16 1.0000e-03 0.0000e+00 4.5586e-05 3.1679e-04 3.4079e-05 2.4417e-01 1.1507e-05
17 0.0000e+00 0.0000e+00 3.4381e-05 2.8200e-04 3.4381e-05 2.4393e-01 0.0000e+00
18 0.0000e+00 0.0000e+00 3.4648e-05 2.5444e-04 3.4648e-05 2.4371e-01 0.0000e+00
19 0.0000e+00 0.0000e+00 3.4887e-05 2.3032e-04 3.4887e-05 2.4351e-01 0.0000e+00
20 0.0000e+00 0.0000e+00 3.5101e-05 2.0888e-04 3.5101e-05 2.4334e-01 0.0000e+00
21 0.0000e+00 1.8000e-05 3.5292e-05 1.8969e-04 3.5292e-05 2.4318e-01 0.0000e+00
22 0.0000e+00 3.4800e-05 3.5463e-05 1.7244e-04 3.5463e-05 2.4305e-01 0.0000e+00
23 0.0000e+00 4.9200e-05 3.5615e-05 1.5689e-04 3.5615e-05 2.4292e-01 0.0000e+00
24 3.0000e-03 6.0200e-05 6.9097e-05 4.0443e-04 3.5750e-05 2.4256e-01 3.3347e-05
25 2.0000e-03 6.6600e-05 5.8485e-05 5.2883e-04 3.6164e-05 2.4206e-01 2.2321e-05
26 5.5000e-03 6.9600e-05 9.9246e-05 9.6073e-04 3.6725e-05 2.4114e-01 6.2521e-05
27 6.0000e-03 6.6600e-05 1.0745e-04 1.3840e-03 3.7801e-05 2.3979e-01 6.9644e-05
28 1.0000e-03 6.0200e-05 5.0166e-05 1.3073e-03 3.9426e-05 2.3853e-01 1.0740e-05
29 2.5000e-03 4.9200e-05 6.9093e-05 1.3999e-03 4.1019e-05 2.3717e-01 2.8074e-05
30 0.0000e+00 3.4800e-05 4.2798e-05 1.2530e-03 4.2798e-05 2.3596e-01 0.0000e+00
31 0.0000e+00 1.6800e-05 4.4448e-05 1.1327e-03 4.4448e-05 2.3487e-01 0.0000e+00
32 1.0000e-03 0.0000e+00 5.8618e-05 1.1092e-03 4.5986e-05 2.3380e-01 1.2632e-05
33 5.0000e-04 0.0000e+00 5.4563e-05 1.0484e-03 4.7539e-05 2.3280e-01 7.0238e-06
34 0.0000e+00 0.0000e+00 4.9049e-05 9.4760e-04 4.9049e-05 2.3191e-01 0.0000e+00
35 0.0000e+00 0.0000e+00 5.0446e-05 8.5863e-04 5.0446e-05 2.3110e-01 0.0000e+00
36 0.0000e+00 0.0000e+00 5.1737e-05 7.7857e-04 5.1737e-05 2.3037e-01 0.0000e+00
37 0.0000e+00 0.0000e+00 5.2925e-05 7.0629e-04 5.2925e-05 2.2972e-01 0.0000e+00
38 0.0000e+00 0.0000e+00 5.4017e-05 6.4092e-04 5.4017e-05 2.2913e-01 0.0000e+00
39 0.0000e+00 0.0000e+00 5.5017e-05 5.8173e-04 5.5017e-05 2.2860e-01 0.0000e+00
40 0.0000e+00 0.0000e+00 5.5930e-05 5.2811e-04 5.5930e-05 2.2813e-01 0.0000e+00
41 0.0000e+00 0.0000e+00 5.6761e-05 4.7952e-04 5.6761e-05 2.2771e-01 0.0000e+00
42 0.0000e+00 0.0000e+00 5.7516e-05 4.3547e-04 5.7516e-05 2.2733e-01 0.0000e+00
43 0.0000e+00 0.0000e+00 5.8199e-05 3.9553e-04 5.8199e-05 2.2699e-01 0.0000e+00
44 0.0000e+00 0.0000e+00 5.8816e-05 3.5931e-04 5.8816e-05 2.2669e-01 0.0000e+00
45 0.0000e+00 3.3800e-05 5.9371e-05 3.2647e-04 5.9371e-05 2.2643e-01 0.0000e+00
46 1.0000e-03 6.5200e-05 7.3441e-05 3.9160e-04 5.9869e-05 2.2609e-01 1.3573e-05
47 0.0000e+00 9.2300e-05 6.0492e-05 3.4888e-04 6.0492e-05 2.2581e-01 0.0000e+00
48 5.0000e-04 1.1300e-04 6.5853e-05 3.4896e-04 6.1040e-05 2.2552e-01 4.8130e-06
49 0.0000e+00 1.2500e-04 6.1592e-05 3.1344e-04 6.1592e-05 2.2527e-01 0.0000e+00
50 1.0000e-03 1.3050e-04 7.2787e-05 3.5893e-04 6.2078e-05 2.2497e-01 1.0708e-05
51 2.5000e-03 1.2500e-04 9.5943e-05 5.5462e-04 6.2657e-05 2.2448e-01 3.3286e-05
52 3.0000e-03 1.1300e-04 1.0401e-04 7.6992e-04 6.3628e-05 2.2377e-01 4.0387e-05
53 2.5000e-03 9.2300e-05 9.8579e-05 9.1022e-04 6.5048e-05 2.2293e-01 3.3531e-05
54 3.0000e-03 6.5200e-05 1.0763e-04 1.0914e-03 6.6789e-05 2.2190e-01 4.0846e-05
55 2.5000e-03 3.1600e-05 1.0234e-04 1.2044e-03 6.8962e-05 2.2077e-01 3.3381e-05
56 2.0000e-03 0.0000e+00 1.0021e-04 1.2613e-03 7.1453e-05 2.1958e-01 2.8762e-05
57 1.0000e-03 0.0000e+00 9.0309e-05 1.2183e-03 7.4159e-05 2.1843e-01 1.6150e-05
58 1.0000e-03 0.0000e+00 9.3064e-05 1.1880e-03 7.6859e-05 2.1732e-01 1.6205e-05
59 0.0000e+00 0.0000e+00 7.9575e-05 1.0604e-03 7.9575e-05 2.1634e-01 0.0000e+00
60 5.0000e-04 0.0000e+00 9.0154e-05 1.0028e-03 8.2051e-05 2.1542e-01 8.1025e-06
61 5.0000e-04 0.0000e+00 9.2549e-05 9.4966e-04 8.4447e-05 2.1455e-01 8.1025e-06
62 0.0000e+00 0.0000e+00 8.6761e-05 8.5012e-04 8.6761e-05 2.1379e-01 0.0000e+00
63 0.0000e+00 0.0000e+00 8.8856e-05 7.6377e-04 8.8856e-05 2.1312e-01 0.0000e+00
64 0.0000e+00 0.0000e+00 9.0750e-05 6.8683e-04 9.0750e-05 2.1252e-01 0.0000e+00
65 0.0000e+00 0.0000e+00 9.2456e-05 6.1801e-04 9.2456e-05 2.1199e-01 0.0000e+00
66 0.0000e+00 0.0000e+00 9.3987e-05 5.5632e-04 9.3987e-05 2.1153e-01 0.0000e+00
67 0.0000e+00 0.0000e+00 9.5355e-05 5.0096e-04 9.5355e-05 2.1113e-01 0.0000e+00
68 0.0000e+00 0.0000e+00 9.6571e-05 4.5125e-04 9.6571e-05 2.1077e-01 0.0000e+00
69 0.0000e+00 4.1400e-05 9.7647e-05 4.0660e-04 9.7647e-05 2.1046e-01 0.0000e+00
70 0.0000e+00 7.9800e-05 9.8595e-05 3.6646e-04 9.8595e-05 2.1019e-01 0.0000e+00
71 0.0000e+00 1.1290e-04 9.9423e-05 3.3037e-04 9.9423e-05 2.0996e-01 0.0000e+00
72 0.0000e+00 1.3830e-04 1.0014e-04 2.9791e-04 1.0014e-04 2.0977e-01 0.0000e+00
73 0.0000e+00 1.5300e-04 1.0076e-04 2.6872e-04 1.0076e-04 2.0960e-01 0.0000e+00
74 0.0000e+00 1.5980e-04 1.0129e-04 2.4245e-04 1.0129e-04 2.0946e-01 0.0000e+00
75 0.0000e+00 1.5300e-04 1.0174e-04 2.1880e-04 1.0174e-04 2.0934e-01 0.0000e+00
76 0.0000e+00 1.3830e-04 1.0212e-04 1.9751e-04 1.0212e-04 2.0924e-01 0.0000e+00
77 0.0000e+00 1.1290e-04 1.0242e-04 1.7835e-04 1.0242e-04 2.0917e-01 0.0000e+00
78 0.0000e+00 7.9800e-05 1.0266e-04 1.6108e-04 1.0266e-04 2.0911e-01 0.0000e+00
79 0.0000e+00 3.8700e-05 1.0285e-04 1.4553e-04 1.0285e-04 2.0907e-01 0.0000e+00
80 0.0000e+00 0.0000e+00 1.0299e-04 1.3151e-04 1.0299e-04 2.0904e-01 0.0000e+00
81 0.0000e+00 0.0000e+00 1.0308e-04 1.1888e-04 1.0308e-04 2.0902e-01 0.0000e+00
82 0.0000e+00 0.0000e+00 1.0313e-04 1.0749e-04 1.0313e-04 2.0902e-01 0.0000e+00
83 0.0000e+00 0.0000e+00 1.0315e-04 9.7216e-05 1.0315e-04 2.0902e-01 0.0000e+00
84 0.0000e+00 0.0000e+00 1.0313e-04 8.7949e-05 1.0313e-04 2.0904e-01 0.0000e+00
85 0.0000e+00 0.0000e+00 1.0308e-04 7.9587e-05 1.0308e-04 2.0906e-01 0.0000e+00
86 0.0000e+00 0.0000e+00 1.0300e-04 7.2039e-05 1.0300e-04 2.0909e-01 0.0000e+00
87 0.0000e+00 0.0000e+00 1.0290e-04 6.5224e-05 1.0290e-04 2.0913e-01 0.0000e+00
88 0.0000e+00 0.0000e+00 1.0278e-04 5.9069e-05 1.0278e-04 2.0918e-01 0.0000e+00
89 0.0000e+00 0.0000e+00 1.0264e-04 5.3510e-05 1.0264e-04 2.0922e-01 0.0000e+00
90 0.0000e+00 0.0000e+00 1.0248e-04 4.8486e-05 1.0248e-04 2.0928e-01 0.0000e+00
91 0.0000e+00 0.0000e+00 1.0231e-04 4.3945e-05 1.0231e-04 2.0934e-01 0.0000e+00
92 0.0000e+00 0.0000e+00 1.0212e-04 3.9839e-05 1.0212e-04 2.0940e-01 0.0000e+00
93 0.0000e+00 1.9100e-05 1.0193e-04 3.6126e-05 1.0193e-04 2.0946e-01 0.0000e+00
94 0.0000e+00 3.6800e-05 1.0172e-04 3.2767e-05 1.0172e-04 2.0953e-01 0.0000e+00
95 0.0000e+00 5.2100e-05 1.0150e-04 2.9728e-05 1.0150e-04 2.0961e-01 0.0000e+00
96 0.0000e+00 6.3800e-05 1.0127e-04 2.6978e-05 1.0127e-04 2.0968e-01 0.0000e+00
97 5.0000e-04 7.0600e-05 1.0103e-04 2.4487e-05 1.0103e-04 2.0976e-01 0.0000e+00
98 5.0000e-04 7.3700e-05 1.0079e-04 2.2232e-05 1.0079e-04 2.0983e-01 0.0000e+00
99 0.0000e+00 7.0600e-05 1.0055e-04 2.0189e-05 1.0055e-04 2.0992e-01 0.0000e+00
100 0.0000e+00 6.3800e-05 1.0029e-04 1.8338e-05 1.0029e-04 2.1000e-01 0.0000e+00
101 0.0000e+00 5.2100e-05 1.0004e-04 1.6661e-05 1.0004e-04 2.1008e-01 0.0000e+00
102 0.0000e+00 3.6800e-05 9.9777e-05 1.5140e-05 9.9777e-05 2.1017e-01 0.0000e+00
103 0.0000e+00 1.7800e-05 9.9514e-05 1.3762e-05 9.9514e-05 2.1025e-01 0.0000e+00
104 0.0000e+00 0.0000e+00 9.9247e-05 1.2511e-05 9.9247e-05 2.1034e-01 0.0000e+00
105 0.0000e+00 0.0000e+00 9.8979e-05 1.1377e-05 9.8979e-05 2.1043e-01 0.0000e+00
106 0.0000e+00 0.0000e+00 9.8708e-05 1.0348e-05 9.8708e-05 2.1051e-01 0.0000e+00
107 0.0000e+00 0.0000e+00 9.8436e-05 9.4133e-06 9.8436e-05 2.1060e-01 0.0000e+00
108 0.0000e+00 0.0000e+00 9.8162e-05 8.5653e-06 9.8162e-05 2.1069e-01 0.0000e+00
109 0.0000e+00 0.0000e+00 9.7888e-05 7.7952e-06 9.7888e-05 2.1078e-01 0.0000e+00
110 0.0000e+00 0.0000e+00 9.7613e-05 7.0957e-06 9.7613e-05 2.1087e-01 0.0000e+00
111 5.0000e-04 0.0000e+00 9.7337e-05 6.4601e-06 9.7337e-05 2.1096e-01 0.0000e+00
112 0.0000e+00 0.0000e+00 9.7061e-05 5.8828e-06 9.7061e-05 2.1105e-01 0.0000e+00
113 0.0000e+00 0.0000e+00 9.6785e-05 5.3581e-06 9.6785e-05 2.1115e-01 0.0000e+00
114 0.0000e+00 0.0000e+00 9.6509e-05 4.8812e-06 9.6509e-05 2.1124e-01 0.0000e+00
115 0.0000e+00 0.0000e+00 9.6233e-05 4.4475e-06 9.6233e-05 2.1133e-01 0.0000e+00
116 0.0000e+00 0.0000e+00 9.5957e-05 4.0532e-06 9.5957e-05 2.1142e-01 0.0000e+00
117 0.0000e+00 1.0200e-05 9.5682e-05 3.6944e-06 9.5682e-05 2.1151e-01 0.0000e+00
118 0.0000e+00 1.9800e-05 9.5407e-05 3.3681e-06 9.5407e-05 2.1161e-01 0.0000e+00
119 0.0000e+00 2.8000e-05 9.5133e-05 3.0711e-06 9.5133e-05 2.1170e-01 0.0000e+00
120 0.0000e+00 3.4200e-05 9.4860e-05 2.8008e-06 9.4860e-05 2.1179e-01 0.0000e+00
121 0.0000e+00 3.7900e-05 9.4587e-05 2.5544e-06 9.4587e-05 2.1188e-01 0.0000e+00
122 0.0000e+00 3.9500e-05 9.4316e-05 2.3304e-06 9.4316e-05 2.1197e-01 0.0000e+00
123 0.0000e+00 3.7900e-05 9.4045e-05 2.1264e-06 9.4045e-05 2.1207e-01 0.0000e+00
124 0.0000e+00 3.4200e-05 9.3775e-05 1.9406e-06 9.3775e-05 2.1216e-01 0.0000e+00
125 0.0000e+00 2.8000e-05 9.3507e-05 1.7713e-06 9.3507e-05 2.1225e-01 0.0000e+00
126 0.0000e+00 1.9800e-05 9.3239e-05 1.6171e-06 9.3239e-05 2.1234e-01 0.0000e+00
127 0.0000e+00 9.6000e-06 9.2972e-05 1.4765e-06 9.2972e-05 2.1243e-01 0.0000e+00
128 0.0000e+00 0.0000e+00 9.2707e-05 1.3483e-06 9.2707e-05 2.1252e-01 0.0000e+00
129 0.0000e+00 0.0000e+00 9.2443e-05 1.2315e-06 9.2443e-05 2.1261e-01 0.0000e+00
130 0.0000e+00 0.0000e+00 9.2179e-05 1.1245e-06 9.2179e-05 2.1271e-01 0.0000e+00
131 0.0000e+00 0.0000e+00 9.1917e-05 1.0274e-06 9.1917e-05 2.1280e-01 0.0000e+00
132 0.0000e+00 0.0000e+00 9.1657e-05 9.3887e-07 9.1657e-05 2.1289e-01 0.0000e+00
133 0.0000e+00 0.0000e+00 9.1397e-05 8.5806e-07 9.1397e-05 2.1298e-01 0.0000e+00
134 0.0000e+00 0.0000e+00 9.1139e-05 7.8433e-07 9.1139e-05 2.1307e-01 0.0000e+00
135 0.0000e+00 0.0000e+00 9.0882e-05 7.1703e-07 9.0882e-05 2.1316e-01 0.0000e+00
136 0.0000e+00 0.0000e+00 9.0626e-05 6.5560e-07 9.0626e-05 2.1325e-01 0.0000e+00
137 0.0000e+00 0.0000e+00 9.0372e-05 5.9953e-07 9.0372e-05 2.1334e-01 0.0000e+00
138 0.0000e+00 0.0000e+00 9.0119e-05 5.4832e-07 9.0119e-05 2.1343e-01 0.0000e+00
139 0.0000e+00 0.0000e+00 8.9867e-05 5.0156e-07 8.9867e-05 2.1352e-01 0.0000e+00
140 0.0000e+00 0.0000e+00 8.9616e-05 4.5829e-07 8.9616e-05 2.1361e-01 0.0000e+00
141 5.0000e-04 4.1400e-05 8.9367e-05 4.1935e-07 8.9367e-05 2.1370e-01 0.0000e+00
142 0.0000e+00 7.9900e-05 8.9119e-05 3.8377e-07 8.9119e-05 2.1378e-01 0.0000e+00
143 0.0000e+00 1.1300e-04 8.8872e-05 3.5125e-07 8.8872e-05 2.1387e-01 0.0000e+00
144 0.0000e+00 1.3840e-04 8.8627e-05 3.2154e-07 8.8627e-05 2.1396e-01 0.0000e+00
145 0.0000e+00 1.5310e-04 8.8382e-05 2.9437e-07 8.8382e-05 2.1405e-01 0.0000e+00
146 0.0000e+00 1.5990e-04 8.8139e-05 2.6953e-07 8.8139e-05 2.1414e-01 0.0000e+00
147 0.0000e+00 1.5310e-04 8.7898e-05 2.4683e-07 8.7898e-05 2.1422e-01 0.0000e+00
148 0.0000e+00 1.3840e-04 8.7657e-05 2.2606e-07 8.7657e-05 2.1431e-01 0.0000e+00
149 0.0000e+00 1.1300e-04 8.7418e-05 2.0706e-07 8.7418e-05 2.1440e-01 0.0000e+00
150 0.0000e+00 7.9900e-05 8.7180e-05 1.8891e-07 8.7180e-05 2.1449e-01 0.0000e+00
151 0.0000e+00 3.8700e-05 8.6943e-05 1.7311e-07 8.6943e-05 2.1457e-01 0.0000e+00
152 0.0000e+00 0.0000e+00 8.6708e-05 1.5864e-07 8.6708e-05 2.1466e-01 0.0000e+00
153 0.0000e+00 0.0000e+00 8.6474e-05 1.4541e-07 8.6474e-05 2.1475e-01 0.0000e+00
154 0.0000e+00 0.0000e+00 8.6241e-05 1.3329e-07 8.6241e-05 2.1483e-01 0.0000e+00
155 0.0000e+00 0.0000e+00 8.6009e-05 1.2220e-07 8.6009e-05 2.1492e-01 0.0000e+00
156 0.0000e+00 0.0000e+00 8.5779e-05 1.1204e-07 8.5779e-05 2.1500e-01 0.0000e+00
157 0.0000e+00 0.0000e+00 8.5549e-05 1.0274e-07 8.5549e-05 2.1509e-01 0.0000e+00
158 0.0000e+00 0.0000e+00 8.5321e-05 9.4218e-08 8.5321e-05 2.1517e-01 0.0000e+00
159 0.0000e+00 0.0000e+00 8.5094e-05 8.6415e-08 8.5094e-05 2.1526e-01 0.0000e+00
160 0.0000e+00 0.0000e+00 8.4868e-05 7.8292e-08 8.4868e-05 2.1534e-01 0.0000e+00
161 0.0000e+00 0.0000e+00 8.4644e-05 7.1849e-08 8.4644e-05 2.1543e-01 0.0000e+00
162 0.0000e+00 0.0000e+00 8.4420e-05 6.5943e-08 8.4420e-05 2.1551e-01 0.0000e+00
163 0.0000e+00 0.0000e+00 8.4198e-05 6.0528e-08 8.4198e-05 2.1560e-01 0.0000e+00
164 0.0000e+00 0.0000e+00 8.3977e-05 5.5563e-08 8.3977e-05 2.1568e-01 0.0000e+00
165 0.0000e+00 1.7800e-05 8.3757e-05 5.1011e-08 8.3757e-05 2.1576e-01 0.0000e+00
166 0.0000e+00 3.4400e-05 8.3538e-05 4.6836e-08 8.3538e-05 2.1585e-01 0.0000e+00
167 0.0000e+00 4.8600e-05 8.3321e-05 4.3006e-08 8.3321e-05 2.1593e-01 0.0000e+00
168 0.0000e+00 5.9500e-05 8.3104e-05 3.9494e-08 8.3104e-05 2.1601e-01 0.0000e+00
169 0.0000e+00 6.5900e-05 8.2889e-05 3.6272e-08 8.2889e-05 2.1610e-01 0.0000e+00
170 0.0000e+00 6.8800e-05 8.2674e-05 3.2046e-08 8.2674e-05 2.1618e-01 0.0000e+00
171 0.0000e+00 6.5900e-05 8.2461e-05 2.9460e-08 8.2461e-05 2.1626e-01 0.0000e+00
172 0.0000e+00 5.9500e-05 8.2249e-05 2.7085e-08 8.2249e-05 2.1634e-01 0.0000e+00
173 0.0000e+00 4.8600e-05 8.2038e-05 2.4904e-08 8.2038e-05 2.1643e-01 0.0000e+00
174 0.0000e+00 3.4400e-05 8.1828e-05 2.2900e-08 8.1828e-05 2.1651e-01 0.0000e+00
175 0.0000e+00 1.6600e-05 8.1619e-05 2.1058e-08 8.1619e-05 2.1659e-01 0.0000e+00
176 0.0000e+00 0.0000e+00 8.1411e-05 1.9367e-08 8.1411e-05 2.1667e-01 0.0000e+00
177 0.0000e+00 0.0000e+00 8.1204e-05 1.7813e-08 8.1204e-05 2.1675e-01 0.0000e+00
178 0.0000e+00 0.0000e+00 8.0999e-05 1.6384e-08 8.0999e-05 2.1683e-01 0.0000e+00
179 0.0000e+00 0.0000e+00 8.0794e-05 1.5072e-08 8.0794e-05 2.1691e-01 0.0000e+00
180 0.0000e+00 0.0000e+00 8.0590e-05 1.2466e-08 8.0590e-05 2.1700e-01 0.0000e+00
181 0.0000e+00 0.0000e+00 8.0387e-05 1.1486e-08 8.0387e-05 2.1708e-01 0.0000e+00
182 0.0000e+00 0.0000e+00 8.0186e-05 1.0584e-08 8.0186e-05 2.1716e-01 0.0000e+00
183 0.0000e+00 0.0000e+00 7.9985e-05 9.7528e-09 7.9985e-05 2.1724e-01 0.0000e+00
184 0.0000e+00 0.0000e+00 7.9786e-05 8.9877e-09 7.9786e-05 2.1732e-01 0.0000e+00
185 0.0000e+00 0.0000e+00 7.9587e-05 8.2831e-09 7.9587e-05 2.1739e-01 0.0000e+00
186 0.0000e+00 0.0000e+00 7.9389e-05 7.6342e-09 7.9389e-05 2.1747e-01 0.0000e+00
187 0.0000e+00 0.0000e+00 7.9192e-05 7.0365e-09 7.9192e-05 2.1755e-01 0.0000e+00
188 0.0000e+00 0.0000e+00 7.8997e-05 6.4860e-09 7.8997e-05 2.1763e-01 0.0000e+00
189 0.0000e+00 4.5600e-05 7.8802e-05 5.9789e-09 7.8802e-05 2.1771e-01 0.0000e+00
190 5.0000e-04 8.7900e-05 7.8608e-05 4.3584e-09 7.8608e-05 2.1779e-01 0.0000e+00
191 0.0000e+00 1.2440e-04 7.8415e-05 4.0267e-09 7.8415e-05 2.1787e-01 0.0000e+00
192 0.0000e+00 1.5230e-04 7.8223e-05 3.7204e-09 7.8223e-05 2.1795e-01 0.0000e+00
193 0.0000e+00 1.6850e-04 7.8032e-05 3.4376e-09 7.8032e-05 2.1802e-01 0.0000e+00
194 0.0000e+00 1.7590e-04 7.7842e-05 3.1764e-09 7.7842e-05 2.1810e-01 0.0000e+00
195 0.0000e+00 1.6850e-04 7.7653e-05 2.9352e-09 7.7653e-05 2.1818e-01 0.0000e+00
196 0.0000e+00 1.5230e-04 7.7465e-05 2.7124e-09 7.7465e-05 2.1826e-01 0.0000e+00
197 0.0000e+00 1.2440e-04 7.7278e-05 2.5066e-09 7.7278e-05 2.1833e-01 0.0000e+00
198 0.0000e+00 8.7900e-05 7.7091e-05 2.3165e-09 7.7091e-05 2.1841e-01 0.0000e+00
199 0.0000e+00 4.2600e-05 7.6906e-05 2.1410e-09 7.6906e-05 2.1849e-01 0.0000e+00
200 0.0000e+00 0.0000e+00 7.6721e-05 1.2217e-09 7.6721e-05 2.1857e-01 0.0000e+00
201 0.0000e+00 0.0000e+00 7.6538e-05 1.1324e-09 7.6538e-05 2.1864e-01 0.0000e+00
202 0.0000e+00 0.0000e+00 7.6355e-05 1.0496e-09 7.6355e-05 2.1872e-01 0.0000e+00
203 0.0000e+00 0.0000e+00 7.6173e-05 9.7294e-10 7.6173e-05 2.1879e-01 0.0000e+00
204 0.0000e+00 0.0000e+00 7.5992e-05 9.0189e-10 7.5992e-05 2.1887e-01 0.0000e+00
205 0.0000e+00 0.0000e+00 7.5811e-05 8.3605e-10 7.5811e-05 2.1895e-01 0.0000e+00
206 0.0000e+00 0.0000e+00 7.5632e-05 7.7505e-10 7.5632e-05 2.1902e-01 0.0000e+00
207 0.0000e+00 0.0000e+00 7.5454e-05 7.1851e-10 7.5454e-05 2.1910e-01 0.0000e+00
208 0.0000e+00 0.0000e+00 7.5276e-05 6.6612e-10 7.5276e-05 2.1917e-01 0.0000e+00
209 0.0000e+00 0.0000e+00 7.5099e-05 6.1757e-10 7.5099e-05 2.1925e-01 0.0000e+00
210 0.0000e+00 0.0000e+00 7.4923e-05 2.3973e-10 7.4923e-05 2.1932e-01 0.0000e+00
211 0.0000e+00 0.0000e+00 7.4748e-05 2.2297e-10 7.4748e-05 2.1940e-01 0.0000e+00
212 0.0000e+00 0.0000e+00 7.4573e-05 2.0740e-10 7.4573e-05 2.1947e-01 0.0000e+00
213 0.0000e+00 4.9000e-05 7.4400e-05 1.9292e-10 7.4400e-05 2.1955e-01 0.0000e+00
214 0.0000e+00 9.4600e-05 7.4227e-05 1.7945e-10 7.4227e-05 2.1962e-01 0.0000e+00
215 0.0000e+00 1.3380e-04 7.4055e-05 1.6692e-10 7.4055e-05 2.1969e-01 0.0000e+00
216 0.0000e+00 1.6380e-04 7.3884e-05 1.5528e-10 7.3884e-05 2.1977e-01 0.0000e+00
217 0.0000e+00 1.8130e-04 7.3713e-05 1.4445e-10 7.3713e-05 2.1984e-01 0.0000e+00
218 0.0000e+00 1.8920e-04 7.3544e-05 1.3438e-10 7.3544e-05 2.1992e-01 0.0000e+00
219 0.0000e+00 1.8130e-04 7.3375e-05 1.2501e-10 7.3375e-05 2.1999e-01 0.0000e+00
220 0.0000e+00 1.6380e-04 7.3207e-05 2.9237e-11 7.3207e-05 2.2006e-01 0.0000e+00
221 0.0000e+00 1.3380e-04 7.3040e-05 2.7282e-11 7.3040e-05 2.2014e-01 0.0000e+00
222 0.0000e+00 9.4600e-05 7.2873e-05 2.5458e-11 7.2873e-05 2.2021e-01 0.0000e+00
223 0.0000e+00 4.5800e-05 7.2707e-05 2.3756e-11 7.2707e-05 2.2028e-01 0.0000e+00
224 0.0000e+00 0.0000e+00 7.2542e-05 2.2168e-11 7.2542e-05 2.2035e-01 0.0000e+00
225 0.0000e+00 0.0000e+00 7.2378e-05 2.0687e-11 7.2378e-05 2.2043e-01 0.0000e+00
226 0.0000e+00 0.0000e+00 7.2215e-05 1.9305e-11 7.2215e-05 2.2050e-01 0.0000e+00
227 0.0000e+00 0.0000e+00 7.2052e-05 1.8015e-11 7.2052e-05 2.2057e-01 0.0000e+00
228 0.0000e+00 0.0000e+00 7.1890e-05 1.6813e-11 7.1890e-05 2.2064e-01 0.0000e+00
229 0.0000e+00 0.0000e+00 7.1728e-05 1.5690e-11 7.1728e-05 2.2071e-01 0.0000e+00
230 0.0000e+00 0.0000e+00 7.1568e-05 0.0000e+00 7.1568e-05 2.2079e-01 0.0000e+00
231 0.0000e+00 0.0000e+00 7.1408e-05 0.0000e+00 7.1408e-05 2.2086e-01 0.0000e+00
232 0.0000e+00 0.0000e+00 7.1249e-05 0.0000e+00 7.1249e-05 2.2093e-01 0.0000e+00
233 0.0000e+00 0.0000e+00 7.1090e-05 0.0000e+00 7.1090e-05 2.2100e-01 0.0000e+00
234 0.0000e+00 0.0000e+00 7.0933e-05 0.0000e+00 7.0933e-05 2.2107e-01 0.0000e+00
235 0.0000e+00 0.0000e+00 7.0775e-05 0.0000e+00 7.0775e-05 2.2114e-01 0.0000e+00
236 0.0000e+00 0.0000e+00 7.0619e-05 0.0000e+00 7.0619e-05 2.2121e-01 0.0000e+00
237 0.0000e+00 5.1700e-05 7.0463e-05 0.0000e+00 7.0463e-05 2.2128e-01 0.0000e+00
238 0.0000e+00 9.9800e-05 7.0308e-05 0.0000e+00 7.0308e-05 2.2135e-01 0.0000e+00
239 0.0000e+00 1.4120e-04 7.0154e-05 0.0000e+00 7.0154e-05 2.2142e-01 0.0000e+00
240 0.0000e+00 1.7290e-04 7.0000e-05 0.0000e+00 7.0000e-05 2.2149e-01 0.0000e+00
241 5.0000e-04 1.9130e-04 6.9848e-05 0.0000e+00 6.9848e-05 2.2156e-01 0.0000e+00
242 1.0000e-03 1.9970e-04 6.9695e-05 0.0000e+00 6.9695e-05 2.2163e-01 0.0000e+00
243 0.0000e+00 1.9130e-04 6.9544e-05 0.0000e+00 6.9544e-05 2.2170e-01 0.0000e+00
244 0.0000e+00 1.7290e-04 6.9393e-05 0.0000e+00 6.9393e-05 2.2177e-01 0.0000e+00
245 0.0000e+00 1.4120e-04 6.9242e-05 0.0000e+00 6.9242e-05 2.2184e-01 0.0000e+00
246 0.0000e+00 9.9800e-05 6.9093e-05 0.0000e+00 6.9093e-05 2.2191e-01 0.0000e+00
247 0.0000e+00 4.8300e-05 6.8944e-05 0.0000e+00 6.8944e-05 2.2198e-01 0.0000e+00
248 0.0000e+00 0.0000e+00 6.8795e-05 0.0000e+00 6.8795e-05 2.2205e-01 0.0000e+00
249 0.0000e+00 0.0000e+00 6.8648e-05 0.0000e+00 6.8648e-05 2.2212e-01 0.0000e+00
250 0.0000e+00 0.0000e+00 6.8500e-05 0.0000e+00 6.8500e-05 2.2218e-01 0.0000e+00
251 0.0000e+00 0.0000e+00 6.8354e-05 0.0000e+00 6.8354e-05 2.2225e-01 0.0000e+00
252 0.0000e+00 0.0000e+00 6.8208e-05 0.0000e+00 6.8208e-05 2.2232e-01 0.0000e+00
253 1.0000e-03 0.0000e+00 6.8063e-05 0.0000e+00 6.8063e-05 2.2239e-01 0.0000e+00
254 0.0000e+00 0.0000e+00 6.7918e-05 0.0000e+00 6.7918e-05 2.2246e-01 0.0000e+00
255 0.0000e+00 0.0000e+00 6.7774e-05 0.0000e+00 6.7774e-05 2.2252e-01 0.0000e+00
256 0.0000e+00 0.0000e+00 6.7631e-05 0.0000e+00 6.7631e-05 2.2259e-01 0.0000e+00
257 0.0000e+00 0.0000e+00 6.7488e-05 0.0000e+00 6.7488e-05 2.2266e-01 0.0000e+00
258 0.0000e+00 0.0000e+00 6.7346e-05 0.0000e+00 6.7346e-05 2.2273e-01 0.0000e+00
259 0.0000e+00 0.0000e+00 6.7204e-05 0.0000e+00 6.7204e-05 2.2279e-01 0.0000e+00
260 0.0000e+00 0.0000e+00 6.7063e-05 0.0000e+00 6.7063e-05 2.2286e-01 0.0000e+00
261 0.0000e+00 7.5200e-05 6.6923e-05 0.0000e+00 6.6923e-05 2.2293e-01 0.0000e+00
262 1.0000e-03 1.4510e-04 6.6783e-05 0.0000e+00 6.6783e-05 2.2299e-01 0.0000e+00
263 0.0000e+00 2.0520e-04 6.6644e-05 0.0000e+00 6.6644e-05 2.2306e-01 0.0000e+00
264 0.0000e+00 2.5130e-04 6.6505e-05 0.0000e+00 6.6505e-05 2.2313e-01 0.0000e+00
265 0.0000e+00 2.7800e-04 6.6367e-05 0.0000e+00 6.6367e-05 2.2319e-01 0.0000e+00
266 0.0000e+00 2.9030e-04 6.6230e-05 0.0000e+00 6.6230e-05 2.2326e-01 0.0000e+00
267 0.0000e+00 2.7800e-04 6.6093e-05 0.0000e+00 6.6093e-05 2.2333e-01 0.0000e+00
268 0.0000e+00 2.5130e-04 6.5956e-05 0.0000e+00 6.5956e-05 2.2339e-01 0.0000e+00
269 0.0000e+00 2.0520e-04 6.5821e-05 0.0000e+00 6.5821e-05 2.2346e-01 0.0000e+00
270 0.0000e+00 1.4510e-04 6.5685e-05 0.0000e+00 6.5685e-05 2.2352e-01 0.0000e+00
271 0.0000e+00 7.0200e-05 6.5551e-05 0.0000e+00 6.5551e-05 2.2359e-01 0.0000e+00
272 0.0000e+00 0.0000e+00 6.5416e-05 0.0000e+00 6.5416e-05 2.2366e-01 0.0000e+00
273 0.0000e+00 0.0000e+00 6.5283e-05 0.0000e+00 6.5283e-05 2.2372e-01 0.0000e+00
274 0.0000e+00 0.0000e+00 6.5150e-05 0.0000e+00 6.5150e-05 2.2379e-01 0.0000e+00
275 0.0000e+00 0.0000e+00 6.5017e-05 0.0000e+00 6.5017e-05 2.2385e-01 0.0000e+00
276 0.0000e+00 0.0000e+00 6.4885e-05 0.0000e+00 6.4885e-05 2.2392e-01 0.0000e+00
277 0.0000e+00 0.0000e+00 6.4754e-05 0.0000e+00 6.4754e-05 2.2398e-01 0.0000e+00
278 0.0000e+00 0.0000e+00 6.4623e-05 0.0000e+00 6.4623e-05 2.2404e-01 0.0000e+00
279 0.0000e+00 0.0000e+00 6.4493e-05 0.0000e+00 6.4493e-05 2.2411e-01 0.0000e+00
280 0.0000e+00 0.0000e+00 6.4363e-05 0.0000e+00 6.4363e-05 2.2417e-01 0.0000e+00
281 0.0000e+00 0.0000e+00 6.4233e-05 0.0000e+00 6.4233e-05 2.2424e-01 0.0000e+00
282 0.0000e+00 0.0000e+00 6.4105e-05 0.0000e+00 6.4105e-05 2.2430e-01 0.0000e+00
283 1.0000e-03 0.0000e+00 6.3976e-05 0.0000e+00 6.3976e-05 2.2437e-01 0.0000e+00
284 5.0000e-04 0.0000e+00 6.3849e-05 0.0000e+00 6.3849e-05 2.2443e-01 0.0000e+00
285 2.5000e-03 2.4400e-05 6.5976e-05 1.6000e-05 6.3721e-05 2.2448e-01 2.2542e-06
286 6.0000e-03 4.7000e-05 1.4771e-04 6.0626e-04 6.3626e-05 2.2393e-01 8.4088e-05
287 4.0000e-03 6.6500e-05 1.2024e-04 9.0003e-04 6.4715e-05 2.2310e-01 5.5530e-05
288 1.5000e-03 8.1400e-05 8.6563e-05 9.1807e-04 6.6426e-05 2.2225e-01 2.0137e-05
289 0.0000e+00 9.0100e-05 6.8218e-05 8.0734e-04 6.8218e-05 2.2151e-01 0.0000e+00
290 0.0000e+00 9.4000e-05 6.9812e-05 7.2002e-04 6.9812e-05 2.2086e-01 0.0000e+00
291 5.0000e-04 9.0100e-05 7.4545e-05 6.6807e-04 7.1245e-05 2.2026e-01 3.3007e-06
292 0.0000e+00 8.1400e-05 7.2586e-05 5.9715e-04 7.2586e-05 2.1974e-01 0.0000e+00
293 0.0000e+00 6.6500e-05 7.3786e-05 5.3586e-04 7.3786e-05 2.1928e-01 0.0000e+00
294 1.5000e-03 4.7000e-05 9.5316e-05 6.0848e-04 7.4859e-05 2.1874e-01 2.0457e-05
295 1.0000e-03 2.2800e-05 9.1561e-05 6.3595e-04 7.6118e-05 2.1818e-01 1.5443e-05
296 0.0000e+00 0.0000e+00 7.7461e-05 5.6471e-04 7.7461e-05 2.1769e-01 0.0000e+00
297 0.0000e+00 0.0000e+00 7.8649e-05 5.0595e-04 7.8649e-05 2.1727e-01 0.0000e+00
298 0.0000e+00 0.0000e+00 7.9707e-05 4.5424e-04 7.9707e-05 2.1689e-01 0.0000e+00
299 0.0000e+00 0.0000e+00 8.0645e-05 4.0837e-04 8.0645e-05 2.1656e-01 0.0000e+00
300 0.0000e+00 0.0000e+00 8.1475e-05 3.6748e-04 8.1475e-05 2.1628e-01 0.0000e+00
301 0.0000e+00 0.0000e+00 8.2207e-05 3.3093e-04 8.2207e-05 2.1603e-01 0.0000e+00
302 0.0000e+00 0.0000e+00 8.2848e-05 2.9820e-04 8.2848e-05 2.1581e-01 0.0000e+00
303 0.0000e+00 0.0000e+00 8.3407e-05 2.6886e-04 8.3407e-05 2.1563e-01 0.0000e+00
304 0.0000e+00 0.0000e+00 8.3892e-05 2.4252e-04 8.3892e-05 2.1547e-01 0.0000e+00
305 0.0000e+00 0.0000e+00 8.4309e-05 2.1886e-04 8.4309e-05 2.1534e-01 0.0000e+00
306 0.0000e+00 0.0000e+00 8.4664e-05 1.9759e-04 8.4664e-05 2.1522e-01 0.0000e+00
307 0.0000e+00 0.0000e+00 8.4964e-05 1.7846e-04 8.4964e-05 2.1513e-01 0.0000e+00
308 0.0000e+00 0.0000e+00 8.5212e-05 1.6124e-04 8.5212e-05 2.1505e-01 0.0000e+00
309 0.0000e+00 2.8800e-05 8.5415e-05 1.4573e-04 8.5415e-05 2.1499e-01 0.0000e+00
310 5.0000e-04 5.5500e-05 9.2843e-05 1.7818e-04 8.5576e-05 2.1490e-01 7.2665e-06
311 0.0000e+00 7.8500e-05 8.5824e-05 1.5760e-04 8.5824e-05 2.1483e-01 0.0000e+00
312 0.0000e+00 9.6200e-05 8.6017e-05 1.4147e-04 8.6017e-05 2.1477e-01 0.0000e+00
313 0.0000e+00 1.0640e-04 8.6166e-05 1.2732e-04 8.6166e-05 2.1473e-01 0.0000e+00
314 0.0000e+00 1.1110e-04 8.6277e-05 1.1475e-04 8.6277e-05 2.1470e-01 0.0000e+00
315 0.0000e+00 1.0640e-04 8.6354e-05 1.0353e-04 8.6354e-05 2.1469e-01 0.0000e+00
316 0.0000e+00 9.6200e-05 8.6400e-05 9.3479e-05 8.6400e-05 2.1468e-01 0.0000e+00
317 5.0000e-04 7.8500e-05 8.6419e-05 8.4459e-05 8.6419e-05 2.1468e-01 0.0000e+00
318 1.0000e-03 5.5500e-05 9.8973e-05 1.5674e-04 8.6414e-05 2.1461e-01 1.2559e-05
319 5.0000e-04 2.6900e-05 9.3807e-05 1.8165e-04 8.6604e-05 2.1452e-01 7.2031e-06
320 0.0000e+00 0.0000e+00 8.6862e-05 1.5881e-04 8.6862e-05 2.1444e-01 0.0000e+00
321 0.0000e+00 0.0000e+00 8.7057e-05 1.4135e-04 8.7057e-05 2.1439e-01 0.0000e+00
322 1.0000e-03 0.0000e+00 1.0297e-04 2.2748e-04 8.7205e-05 2.1425e-01 1.5769e-05
323 1.0000e-03 0.0000e+00 1.0379e-04 3.0087e-04 8.7588e-05 2.1404e-01 1.6205e-05
324 0.0000e+00 0.0000e+00 8.8174e-05 2.6089e-04 8.8174e-05 2.1386e-01 0.0000e+00
325 0.0000e+00 0.0000e+00 8.8651e-05 2.3139e-04 8.8651e-05 2.1372e-01 0.0000e+00
326 0.0000e+00 0.0000e+00 8.9047e-05 2.0622e-04 8.9047e-05 2.1360e-01 0.0000e+00
327 0.0000e+00 0.0000e+00 8.9374e-05 1.8431e-04 8.9374e-05 2.1351e-01 0.0000e+00
328 0.0000e+00 0.0000e+00 8.9640e-05 1.6505e-04 8.9640e-05 2.1343e-01 0.0000e+00
329 0.0000e+00 0.0000e+00 8.9851e-05 1.4803e-04 8.9851e-05 2.1338e-01 0.0000e+00
330 0.0000e+00 0.0000e+00 9.0015e-05 1.3291e-04 9.0015e-05 2.1333e-01 0.0000e+00
331 0.0000e+00 0.0000e+00 9.0135e-05 1.1947e-04 9.0135e-05 2.1330e-01 0.0000e+00
332 0.0000e+00 0.0000e+00 9.0218e-05 1.0747e-04 9.0218e-05 2.1329e-01 0.0000e+00
333 0.0000e+00 1.1200e-05 9.0267e-05 9.6758e-05 9.0267e-05 2.1328e-01 0.0000e+00
334 0.0000e+00 2.1600e-05 9.0285e-05 8.7171e-05 9.0285e-05 2.1328e-01 0.0000e+00
335 0.0000e+00 3.0600e-05 9.0276e-05 7.8583e-05 9.0276e-05 2.1329e-01 0.0000e+00
336 0.0000e+00 3.7400e-05 9.0243e-05 7.0882e-05 9.0243e-05 2.1331e-01 0.0000e+00
337 0.0000e+00 4.1400e-05 9.0189e-05 6.3970e-05 9.0189e-05 2.1334e-01 0.0000e+00
338 5.0000e-04 4.3200e-05 9.5915e-05 9.5240e-05 9.0115e-05 2.1333e-01 5.8007e-06
339 5.0000e-04 4.1400e-05 9.7532e-05 1.3086e-04 9.0129e-05 2.1329e-01 7.4025e-06
340 1.5000e-03 3.7400e-05 1.1388e-04 2.6627e-04 9.0244e-05 2.1312e-01 2.3637e-05
341 1.5000e-03 3.0600e-05 1.1444e-04 3.8014e-04 9.0742e-05 2.1283e-01 2.3701e-05
342 1.0000e-03 2.1600e-05 1.0728e-04 4.2855e-04 9.1566e-05 2.1249e-01 1.5709e-05
343 5.0000e-04 1.0500e-05 1.0029e-04 4.2297e-04 9.2535e-05 2.1216e-01 7.7525e-06
344 1.0000e-03 0.0000e+00 1.0953e-04 4.7593e-04 9.3496e-05 2.1178e-01 1.6035e-05
345 5.0000e-04 0.0000e+00 1.0272e-04 4.6881e-04 9.4620e-05 2.1140e-01 8.1025e-06
346 0.0000e+00 0.0000e+00 9.5733e-05 4.1275e-04 9.5733e-05 2.1109e-01 0.0000e+00
347 0.0000e+00 0.0000e+00 9.6686e-05 3.6710e-04 9.6686e-05 2.1082e-01 0.0000e+00
348 0.0000e+00 0.0000e+00 9.7507e-05 3.2746e-04 9.7507e-05 2.1059e-01 0.0000e+00
349 0.0000e+00 0.0000e+00 9.8210e-05 2.9265e-04 9.8210e-05 2.1039e-01 0.0000e+00
350 0.0000e+00 0.0000e+00 9.8808e-05 2.6191e-04 9.8808e-05 2.1023e-01 0.0000e+00
351 0.0000e+00 0.0000e+00 9.9313e-05 2.3467e-04 9.9313e-05 2.1009e-01 0.0000e+00
352 0.0000e+00 0.0000e+00 9.9734e-05 2.1046e-04 9.9734e-05 2.0998e-01 0.0000e+00
353 5.0000e-04 0.0000e+00 1.0818e-04 2.4257e-04 1.0008e-04 2.0984e-01 8.1025e-06
354 0.0000e+00 0.0000e+00 1.0053e-04 2.1338e-04 1.0053e-04 2.0973e-01 0.0000e+00
355 0.0000e+00 0.0000e+00 1.0088e-04 1.9068e-04 1.0088e-04 2.0964e-01 0.0000e+00
356 0.0000e+00 0.0000e+00 1.0117e-04 1.7081e-04 1.0117e-04 2.0957e-01 0.0000e+00
357 0.0000e+00 7.2300e-05 1.0139e-04 1.5323e-04 1.0139e-04 2.0952e-01 0.0000e+00
358 0.0000e+00 1.3960e-04 1.0155e-04 1.3760e-04 1.0155e-04 2.0948e-01 0.0000e+00
359 0.0000e+00 1.9750e-04 1.0166e-04 1.2367e-04 1.0166e-04 2.0946e-01 0.0000e+00
360 0.0000e+00 2.4180e-04 1.0173e-04 1.1123e-04 1.0173e-04 2.0945e-01 0.0000e+00
361 0.0000e+00 2.6750e-04 1.0176e-04 1.0011e-04 1.0176e-04 2.0945e-01 0.0000e+00
362 0.0000e+00 2.7930e-04 1.0176e-04 9.0160e-05 1.0176e-04 2.0946e-01 0.0000e+00
363 0.0000e+00 2.6750e-04 1.0172e-04 8.1238e-05 1.0172e-04 2.0948e-01 0.0000e+00
364 0.0000e+00 2.4180e-04 1.0166e-04 7.3236e-05 1.0166e-04 2.0951e-01 0.0000e+00
365 0.0000e+00 1.9750e-04 1.0157e-04 6.6054e-05 1.0157e-04 2.0955e-01 0.0000e+00
366 0.0000e+00 1.3960e-04 1.0145e-04 5.9602e-05 1.0145e-04 2.0959e-01 0.0000e+00
367 0.0000e+00 6.7600e-05 1.0132e-04 5.3804e-05 1.0132e-04 2.0964e-01 0.0000e+00
368 0.0000e+00 0.0000e+00 1.0117e-04 4.8589e-05 1.0117e-04 2.0969e-01 0.0000e+00
369 0.0000e+00 0.0000e+00 1.0101e-04 4.3897e-05 1.0101e-04 2.0975e-01 0.0000e+00
370 0.0000e+00 0.0000e+00 1.0083e-04 3.9673e-05 1.0083e-04 2.0981e-01 0.0000e+00
371 0.0000e+00 0.0000e+00 1.0063e-04 3.5869e-05 1.0063e-04 2.0987e-01 0.0000e+00
372 0.0000e+00 0.0000e+00 1.0043e-04 3.2441e-05 1.0043e-04 2.0994e-01 0.0000e+00
373 5.0000e-04 0.0000e+00 1.0022e-04 2.9350e-05 1.0022e-04 2.1001e-01 0.0000e+00
374 7.5000e-03 0.0000e+00 1.9605e-04 6.6263e-04 9.9995e-05 2.0945e-01 9.6056e-05
375 4.5000e-03 0.0000e+00 1.7469e-04 1.0280e-03 1.0177e-04 2.0852e-01 7.2923e-05
376 2.5000e-03 0.0000e+00 1.4527e-04 1.1436e-03 1.0476e-04 2.0748e-01 4.0513e-05
377 5.0000e-04 0.0000e+00 1.1632e-04 1.0440e-03 1.0821e-04 2.0655e-01 8.1025e-06
378 0.0000e+00 0.0000e+00 1.1142e-04 9.1876e-04 1.1142e-04 2.0574e-01 0.0000e+00
379 0.0000e+00 0.0000e+00 1.1427e-04 8.1454e-04 1.1427e-04 2.0504e-01 0.0000e+00
380 0.0000e+00 0.0000e+00 1.1680e-04 7.2397e-04 1.1680e-04 2.0443e-01 0.0000e+00
381 0.0000e+00 1.7400e-05 1.1904e-04 6.4461e-04 1.1904e-04 2.0391e-01 0.0000e+00
382 0.0000e+00 3.3600e-05 1.2101e-04 5.7470e-04 1.2101e-04 2.0345e-01 0.0000e+00
383 1.0000e-03 4.7500e-05 1.4121e-04 6.1606e-04 1.2274e-04 2.0296e-01 1.8473e-05
384 1.0000e-03 5.8200e-05 1.4318e-04 6.4763e-04 1.2464e-04 2.0244e-01 1.8540e-05
385 0.0000e+00 6.4300e-05 1.2670e-04 5.7022e-04 1.2670e-04 2.0199e-01 0.0000e+00
386 5.0000e-04 6.7200e-05 1.3581e-04 5.4827e-04 1.2846e-04 2.0157e-01 7.3495e-06
387 0.0000e+00 6.4300e-05 1.3016e-04 4.8573e-04 1.3016e-04 2.0122e-01 0.0000e+00
388 0.0000e+00 5.8200e-05 1.3162e-04 4.3257e-04 1.3162e-04 2.0092e-01 0.0000e+00
389 0.0000e+00 4.7500e-05 1.3286e-04 3.8585e-04 1.3286e-04 2.0066e-01 0.0000e+00
390 5.0000e-04 3.3600e-05 1.3904e-04 3.7376e-04 1.3391e-04 2.0042e-01 5.1236e-06
391 0.0000e+00 1.6300e-05 1.3492e-04 3.3195e-04 1.3492e-04 2.0023e-01 0.0000e+00
392 5.0000e-04 0.0000e+00 1.4452e-04 3.4633e-04 1.3575e-04 2.0002e-01 8.7614e-06
393 5.0000e-04 0.0000e+00 1.4638e-04 3.6153e-04 1.3665e-04 1.9979e-01 9.7325e-06
394 0.0000e+00 0.0000e+00 1.3761e-04 3.1804e-04 1.3761e-04 1.9961e-01 0.0000e+00
395 0.0000e+00 0.0000e+00 1.3839e-04 2.8264e-04 1.3839e-04 1.9947e-01 0.0000e+00
396 0.0000e+00 0.0000e+00 1.3902e-04 2.5185e-04 1.3902e-04 1.9935e-01 0.0000e+00
397 0.0000e+00 0.0000e+00 1.3951e-04 2.2478e-04 1.3951e-04 1.9927e-01 0.0000e+00
398 0.0000e+00 0.0000e+00 1.3988e-04 2.0085e-04 1.3988e-04 1.9921e-01 0.0000e+00
399 0.0000e+00 0.0000e+00 1.4015e-04 1.7963e-04 1.4015e-04 1.9917e-01 0.0000e+00
400 0.0000e+00 0.0000e+00 1.4032e-04 1.6078e-04 1.4032e-04 1.9915e-01 0.0000e+00
401 0.0000e+00 0.0000e+00 1.4041e-04 1.4401e-04 1.4041e-04 1.9914e-01 0.0000e+00
402 1.0000e-03 0.0000e+00 1.5989e-04 2.4128e-04 1.4043e-04 1.9904e-01 1.9465e-05
403 0.0000e+00 0.0000e+00 1.4087e-04 2.0726e-04 1.4087e-04 1.9898e-01 0.0000e+00
404 0.0000e+00 0.0000e+00 1.4116e-04 1.8294e-04 1.4116e-04 1.9894e-01 0.0000e+00
405 5.0000e-04 2.4600e-05 1.5108e-04 2.1853e-04 1.4135e-04 1.9886e-01 9.7325e-06
406 5.0000e-04 4.7400e-05 1.5094e-04 2.4373e-04 1.4169e-04 1.9876e-01 9.2537e-06
407 0.0000e+00 6.7100e-05 1.4214e-04 2.1196e-04 1.4214e-04 1.9869e-01 0.0000e+00
408 5.0000e-04 8.2200e-05 1.4996e-04 2.3066e-04 1.4245e-04 1.9860e-01 7.5050e-06
409 0.0000e+00 9.0900e-05 1.4284e-04 2.0146e-04 1.4284e-04 1.9854e-01 0.0000e+00
410 0.0000e+00 9.5000e-05 1.4311e-04 1.7826e-04 1.4311e-04 1.9850e-01 0.0000e+00
411 0.0000e+00 9.0900e-05 1.4326e-04 1.5827e-04 1.4326e-04 1.9849e-01 0.0000e+00
412 0.0000e+00 8.2200e-05 1.4333e-04 1.4082e-04 1.4333e-04 1.9849e-01 0.0000e+00
413 0.0000e+00 6.7100e-05 1.4332e-04 1.2550e-04 1.4332e-04 1.9851e-01 0.0000e+00
414 0.0000e+00 4.7400e-05 1.4324e-04 1.1198e-04 1.4324e-04 1.9854e-01 0.0000e+00
415 0.0000e+00 2.3000e-05 1.4310e-04 1.0003e-04 1.4310e-04 1.9858e-01 0.0000e+00
416 0.0000e+00 0.0000e+00 1.4291e-04 8.9434e-05 1.4291e-04 1.9864e-01 0.0000e+00
417 0.0000e+00 0.0000e+00 1.4267e-04 8.0028e-05 1.4267e-04 1.9870e-01 0.0000e+00
418 0.0000e+00 0.0000e+00 1.4239e-04 7.1665e-05 1.4239e-04 1.9877e-01 0.0000e+00
419 0.0000e+00 0.0000e+00 1.4208e-04 6.4220e-05 1.4208e-04 1.9885e-01 0.0000e+00
420 0.0000e+00 0.0000e+00 1.4173e-04 5.7585e-05 1.4173e-04 1.9893e-01 0.0000e+00
421 0.0000e+00 0.0000e+00 1.4136e-04 5.1667e-05 1.4136e-04 1.9902e-01 0.0000e+00
422 0.0000e+00 0.0000e+00 1.4096e-04 4.6383e-05 1.4096e-04 1.9912e-01 0.0000e+00
423 0.0000e+00 0.0000e+00 1.4055e-04 4.1662e-05 1.4055e-04 1.9922e-01 0.0000e+00
424 0.0000e+00 0.0000e+00 1.4011e-04 3.7441e-05 1.4011e-04 1.9932e-01 0.0000e+00
425 0.0000e+00 0.0000e+00 1.3966e-04 3.3663e-05 1.3966e-04 1.9942e-01 0.0000e+00
426 0.0000e+00 0.0000e+00 1.3920e-04 3.0281e-05 1.3920e-04 1.9953e-01 0.0000e+00
427 5.0000e-04 0.0000e+00 1.3873e-04 2.7252e-05 1.3873e-04 1.9965e-01 0.0000e+00
428 2.0000e-03 0.0000e+00 1.7570e-04 2.3962e-04 1.3825e-04 1.9954e-01 3.7454e-05
429 3.0000e-03 3.2600e-05 1.9708e-04 5.3331e-04 1.3869e-04 1.9915e-01 5.8395e-05
430 2.0000e-03 6.2900e-05 1.7870e-04 6.6720e-04 1.4041e-04 1.9862e-01 3.8296e-05
431 1.0000e-03 8.9000e-05 1.6098e-04 6.7492e-04 1.4274e-04 1.9809e-01 1.8241e-05
432 0.0000e+00 1.0900e-04 1.4513e-04 5.8400e-04 1.4513e-04 1.9765e-01 0.0000e+00
433 5.0000e-04 1.2060e-04 1.5302e-04 5.4679e-04 1.4713e-04 1.9725e-01 5.8822e-06
434 0.0000e+00 1.2590e-04 1.4898e-04 4.7975e-04 1.4898e-04 1.9692e-01 0.0000e+00
435 0.0000e+00 1.2060e-04 1.5053e-04 4.2361e-04 1.5053e-04 1.9665e-01 0.0000e+00
436 0.0000e+00 1.0900e-04 1.5182e-04 3.7498e-04 1.5182e-04 1.9642e-01 0.0000e+00
437 3.5000e-03 8.9000e-05 2.1178e-04 6.7936e-04 1.5288e-04 1.9590e-01 5.8893e-05
438 0.0000e+00 6.2900e-05 1.5542e-04 5.7639e-04 1.5542e-04 1.9548e-01 0.0000e+00
439 0.0000e+00 3.0500e-05 1.5748e-04 5.0541e-04 1.5748e-04 1.9513e-01 0.0000e+00
440 0.0000e+00 0.0000e+00 1.5920e-04 4.4580e-04 1.5920e-04 1.9484e-01 0.0000e+00
441 0.0000e+00 0.0000e+00 1.6063e-04 3.9437e-04 1.6063e-04 1.9461e-01 0.0000e+00
442 0.0000e+00 0.0000e+00 1.6181e-04 3.4954e-04 1.6181e-04 1.9442e-01 0.0000e+00
443 0.0000e+00 0.0000e+00 1.6276e-04 3.1026e-04 1.6276e-04 1.9427e-01 0.0000e+00
444 5.0000e-04 0.0000e+00 1.6970e-04 3.1282e-04 1.6351e-04 1.9412e-01 6.1861e-06
445 0.0000e+00 0.0000e+00 1.6428e-04 2.7494e-04 1.6428e-04 1.9401e-01 0.0000e+00
446 0.0000e+00 0.0000e+00 1.6485e-04 2.4396e-04 1.6485e-04 1.9393e-01 0.0000e+00
447 0.0000e+00 0.0000e+00 1.6526e-04 2.1689e-04 1.6526e-04 1.9388e-01 0.0000e+00
448 0.0000e+00 0.0000e+00 1.6552e-04 1.9305e-04 1.6552e-04 1.9386e-01 0.0000e+00
449 0.0000e+00 0.0000e+00 1.6566e-04 1.7201e-04 1.6566e-04 1.9385e-01 0.0000e+00
450 0.0000e+00 0.0000e+00 1.6570e-04 1.5339e-04 1.6570e-04 1.9386e-01 0.0000e+00
451 0.0000e+00 0.0000e+00 1.6563e-04 1.3688e-04 1.6563e-04 1.9389e-01 0.0000e+00
452 5.0000e-04 0.0000e+00 1.7522e-04 1.8079e-04 1.6549e-04 1.9387e-01 9.7325e-06
453 0.0000e+00 2.2400e-05 1.6556e-04 1.5587e-04 1.6556e-04 1.9388e-01 0.0000e+00
454 0.0000e+00 4.3300e-05 1.6551e-04 1.3784e-04 1.6551e-04 1.9391e-01 0.0000e+00
455 0.0000e+00 6.1200e-05 1.6537e-04 1.2236e-04 1.6537e-04 1.9396e-01 0.0000e+00
456 0.0000e+00 7.5000e-05 1.6515e-04 1.0884e-04 1.6515e-04 1.9401e-01 0.0000e+00
457 0.0000e+00 8.3000e-05 1.6486e-04 9.6964e-05 1.6486e-04 1.9408e-01 0.0000e+00
458 0.0000e+00 8.6600e-05 1.6451e-04 8.6488e-05 1.6451e-04 1.9416e-01 0.0000e+00
459 0.0000e+00 8.3000e-05 1.6411e-04 7.7222e-05 1.6411e-04 1.9424e-01 0.0000e+00
460 0.0000e+00 7.5000e-05 1.6366e-04 6.9008e-05 1.6366e-04 1.9434e-01 0.0000e+00
461 0.0000e+00 6.1200e-05 1.6318e-04 6.1716e-05 1.6318e-04 1.9444e-01 0.0000e+00
462 0.0000e+00 4.3300e-05 1.6266e-04 5.5233e-05 1.6266e-04 1.9455e-01 0.0000e+00
463 0.0000e+00 2.1000e-05 1.6212e-04 4.9463e-05 1.6212e-04 1.9466e-01 0.0000e+00
464 0.0000e+00 0.0000e+00 1.6155e-04 4.4323e-05 1.6155e-04 1.9478e-01 0.0000e+00
465 1.0000e-03 0.0000e+00 1.6775e-04 8.0278e-05 1.6096e-04 1.9486e-01 6.7900e-06
466 5.0000e-04 0.0000e+00 1.7029e-04 1.2612e-04 1.6055e-04 1.9489e-01 9.7325e-06
467 0.0000e+00 0.0000e+00 1.6038e-04 1.0635e-04 1.6038e-04 1.9495e-01 0.0000e+00
468 0.0000e+00 0.0000e+00 1.6011e-04 9.3023e-05 1.6011e-04 1.9501e-01 0.0000e+00
469 5.0000e-04 0.0000e+00 1.6951e-04 1.3992e-04 1.5977e-04 1.9503e-01 9.7325e-06
470 0.0000e+00 0.0000e+00 1.5968e-04 1.1887e-04 1.5968e-04 1.9507e-01 0.0000e+00
471 0.0000e+00 0.0000e+00 1.5947e-04 1.0418e-04 1.5947e-04 1.9513e-01 0.0000e+00
472 5.0000e-04 0.0000e+00 1.6893e-04 1.4978e-04 1.5920e-04 1.9514e-01 9.7325e-06
473 5.0000e-04 0.0000e+00 1.6888e-04 1.8560e-04 1.5915e-04 1.9511e-01 9.7325e-06
474 0.0000e+00 0.0000e+00 1.5928e-04 1.5846e-04 1.5928e-04 1.9511e-01 0.0000e+00
475 0.0000e+00 0.0000e+00 1.5928e-04 1.3881e-04 1.5928e-04 1.9513e-01 0.0000e+00
476 0.0000e+00 0.0000e+00 1.5918e-04 1.2228e-04 1.5918e-04 1.9517e-01 0.0000e+00
477 0.0000e+00 9.2000e-06 1.5899e-04 1.0806e-04 1.5899e-04 1.9522e-01 0.0000e+00
478 0.0000e+00 1.7800e-05 1.5874e-04 9.5716e-05 1.5874e-04 1.9529e-01 0.0000e+00
479 0.0000e+00 2.5200e-05 1.5843e-04 8.4937e-05 1.5843e-04 1.9536e-01 0.0000e+00
480 0.0000e+00 3.0900e-05 1.5806e-04 7.5483e-05 1.5806e-04 1.9544e-01 0.0000e+00
481 0.0000e+00 3.4200e-05 1.5766e-04 6.7168e-05 1.5766e-04 1.9553e-01 0.0000e+00
482 5.0000e-04 3.5700e-05 1.6466e-04 1.0404e-04 1.5721e-04 1.9558e-01 7.4513e-06
483 2.5000e-03 3.4200e-05 2.0492e-04 3.7329e-04 1.5695e-04 1.9537e-01 4.7968e-05
484 1.0000e-03 3.0900e-05 1.7681e-04 4.1871e-04 1.5801e-04 1.9511e-01 1.8799e-05
485 0.0000e+00 2.5200e-05 1.5931e-04 3.5632e-04 1.5931e-04 1.9491e-01 0.0000e+00
486 1.0000e-03 1.7800e-05 1.7866e-04 4.2046e-04 1.6029e-04 1.9465e-01 1.8373e-05
487 0.0000e+00 8.6000e-06 1.6160e-04 3.6099e-04 1.6160e-04 1.9445e-01 0.0000e+00
488 0.0000e+00 0.0000e+00 1.6261e-04 3.1646e-04 1.6261e-04 1.9430e-01 0.0000e+00
489 0.0000e+00 0.0000e+00 1.6339e-04 2.7872e-04 1.6339e-04 1.9418e-01 0.0000e+00
490 0.0000e+00 0.0000e+00 1.6398e-04 2.4616e-04 1.6398e-04 1.9410e-01 0.0000e+00
491 0.0000e+00 0.0000e+00 1.6440e-04 2.1784e-04 1.6440e-04 1.9405e-01 0.0000e+00
492 0.0000e+00 0.0000e+00 1.6468e-04 1.9309e-04 1.6468e-04 1.9402e-01 0.0000e+00
493 0.0000e+00 0.0000e+00 1.6483e-04 1.7139e-04 1.6483e-04 1.9401e-01 0.0000e+00
494 0.0000e+00 0.0000e+00 1.6486e-04 1.5230e-04 1.6486e-04 1.9402e-01 0.0000e+00
495 0.0000e+00 0.0000e+00 1.6479e-04 1.3548e-04 1.6479e-04 1.9405e-01 0.0000e+00
496 0.0000e+00 0.0000e+00 1.6464e-04 1.2062e-04 1.6464e-04 1.9410e-01 0.0000e+00
497 0.0000e+00 0.0000e+00 1.6442e-04 1.0749e-04 1.6442e-04 1.9415e-01 0.0000e+00
498 0.0000e+00 0.0000e+00 1.6413e-04 9.5862e-05 1.6413e-04 1.9422e-01 0.0000e+00
499 0.0000e+00 0.0000e+00 1.6378e-04 8.5554e-05 1.6378e-04 1.9430e-01 0.0000e+00
500 0.0000e+00 0.0000e+00 1.6338e-04 7.6407e-05 1.6338e-04 1.9439e-01 0.0000e+00
501 0.0000e+00 6.3800e-05 1.6293e-04 6.8282e-05 1.6293e-04 1.9448e-01 0.0000e+00
502 0.0000e+00 1.2310e-04 1.6245e-04 6.1059e-05 1.6245e-04 1.9458e-01 0.0000e+00
503 0.0000e+00 1.7420e-04 1.6194e-04 5.4632e-05 1.6194e-04 1.9469e-01 0.0000e+00
504 0.0000e+00 2.1330e-04 1.6140e-04 4.8910e-05 1.6140e-04 1.9480e-01 0.0000e+00
505 0.0000e+00 2.3600e-04 1.6083e-04 4.3810e-05 1.6083e-04 1.9492e-01 0.0000e+00
506 0.0000e+00 2.4640e-04 1.6024e-04 3.9263e-05 1.6024e-04 1.9504e-01 0.0000e+00
507 0.0000e+00 2.3600e-04 1.5964e-04 3.5206e-05 1.5964e-04 1.9517e-01 0.0000e+00
508 0.0000e+00 2.1330e-04 1.5902e-04 3.1583e-05 1.5902e-04 1.9529e-01 0.0000e+00
509 0.0000e+00 1.7420e-04 1.5839e-04 2.8347e-05 1.5839e-04 1.9542e-01 0.0000e+00
510 0.0000e+00 1.2310e-04 1.5774e-04 2.5454e-05 1.5774e-04 1.9556e-01 0.0000e+00
511 0.0000e+00 5.9600e-05 1.5709e-04 2.2866e-05 1.5709e-04 1.9569e-01 0.0000e+00
512 0.0000e+00 0.0000e+00 1.5643e-04 2.0550e-05 1.5643e-04 1.9583e-01 0.0000e+00
513 0.0000e+00 0.0000e+00 1.5577e-04 1.8477e-05 1.5577e-04 1.9596e-01 0.0000e+00
514 0.0000e+00 0.0000e+00 1.5511e-04 1.6620e-05 1.5511e-04 1.9610e-01 0.0000e+00
515 0.0000e+00 0.0000e+00 1.5444e-04 1.4955e-05 1.5444e-04 1.9624e-01 0.0000e+00
516 0.0000e+00 0.0000e+00 1.5376e-04 1.3462e-05 1.5376e-04 1.9638e-01 0.0000e+00
517 0.0000e+00 0.0000e+00 1.5309e-04 1.2123e-05 1.5309e-04 1.9652e-01 0.0000e+00
518 0.0000e+00 0.0000e+00 1.5242e-04 1.0921e-05 1.5242e-04 1.9666e-01 0.0000e+00
519 0.0000e+00 0.0000e+00 1.5175e-04 9.8420e-06 1.5175e-04 1.9681e-01 0.0000e+00
520 0.0000e+00 0.0000e+00 1.5107e-04 8.8727e-06 1.5107e-04 1.9695e-01 0.0000e+00
521 0.0000e+00 0.0000e+00 1.5040e-04 8.0016e-06 1.5040e-04 1.9709e-01 0.0000e+00
522 0.0000e+00 0.0000e+00 1.4974e-04 7.2184e-06 1.4974e-04 1.9723e-01 0.0000e+00
523 0.0000e+00 0.0000e+00 1.4907e-04 6.5141e-06 1.4907e-04 1.9738e-01 0.0000e+00
524 0.0000e+00 0.0000e+00 1.4841e-04 5.8804e-06 1.4841e-04 1.9752e-01 0.0000e+00
525 0.0000e+00 4.1700e-05 1.4775e-04 5.3097e-06 1.4775e-04 1.9766e-01 0.0000e+00
526 0.0000e+00 8.0400e-05 1.4709e-04 4.7962e-06 1.4709e-04 1.9780e-01 0.0000e+00
527 0.0000e+00 1.1380e-04 1.4644e-04 4.3337e-06 1.4644e-04 1.9794e-01 0.0000e+00
528 0.0000e+00 1.3930e-04 1.4579e-04 3.9170e-06 1.4579e-04 1.9809e-01 0.0000e+00
529 0.0000e+00 1.5420e-04 1.4515e-04 3.5413e-06 1.4515e-04 1.9823e-01 0.0000e+00
530 0.0000e+00 1.6090e-04 1.4451e-04 3.2026e-06 1.4451e-04 1.9837e-01 0.0000e+00
531 0.0000e+00 1.5420e-04 1.4387e-04 2.8971e-06 1.4387e-04 1.9851e-01 0.0000e+00
532 0.0000e+00 1.3930e-04 1.4324e-04 2.6215e-06 1.4324e-04 1.9865e-01 0.0000e+00
533 0.0000e+00 1.1380e-04 1.4261e-04 2.3728e-06 1.4261e-04 1.9879e-01 0.0000e+00
534 0.0000e+00 8.0400e-05 1.4198e-04 2.1479e-06 1.4198e-04 1.9893e-01 0.0000e+00
535 0.0000e+00 3.8900e-05 1.4137e-04 1.9451e-06 1.4137e-04 1.9907e-01 0.0000e+00
536 0.0000e+00 0.0000e+00 1.4075e-04 1.7620e-06 1.4075e-04 1.9921e-01 0.0000e+00
537 0.0000e+00 0.0000e+00 1.4014e-04 1.5965e-06 1.4014e-04 1.9935e-01 0.0000e+00
538 0.0000e+00 0.0000e+00 1.3954e-04 1.4468e-06 1.3954e-04 1.9949e-01 0.0000e+00
539 0.0000e+00 0.0000e+00 1.3893e-04 1.3116e-06 1.3893e-04 1.9962e-01 0.0000e+00
540 0.0000e+00 0.0000e+00 1.3834e-04 1.1893e-06 1.3834e-04 1.9976e-01 0.0000e+00
541 0.0000e+00 0.0000e+00 1.3775e-04 1.0786e-06 1.3775e-04 1.9990e-01 0.0000e+00
542 0.0000e+00 0.0000e+00 1.3716e-04 9.7845e-07 1.3716e-04 2.0003e-01 0.0000e+00
543 0.0000e+00 0.0000e+00 1.3658e-04 8.8739e-07 1.3658e-04 2.0017e-01 0.0000e+00
544 0.0000e+00 0.0000e+00 1.3600e-04 8.0540e-07 1.3600e-04 2.0030e-01 0.0000e+00
545 0.0000e+00 0.0000e+00 1.3543e-04 7.3115e-07 1.3543e-04 2.0044e-01 0.0000e+00
546 0.0000e+00 0.0000e+00 1.3486e-04 6.6389e-07 1.3486e-04 2.0057e-01 0.0000e+00
547 0.0000e+00 0.0000e+00 1.3429e-04 6.0294e-07 1.3429e-04 2.0071e-01 0.0000e+00
548 0.0000e+00 0.0000e+00 1.3373e-04 5.4771e-07 1.3373e-04 2.0084e-01 0.0000e+00
549 0.0000e+00 2.0700e-05 1.3318e-04 4.9764e-07 1.3318e-04 2.0097e-01 0.0000e+00
550 0.0000e+00 4.0000e-05 1.3263e-04 4.5224e-07 1.3263e-04 2.0111e-01 0.0000e+00
551 0.0000e+00 5.6600e-05 1.3208e-04 4.1106e-07 1.3208e-04 2.0124e-01 0.0000e+00
552 1.0000e-03 6.9300e-05 1.3154e-04 3.7313e-07 1.3154e-04 2.0137e-01 0.0000e+00
553 1.0000e-03 7.6600e-05 1.3100e-04 3.3933e-07 1.3100e-04 2.0150e-01 0.0000e+00
554 2.0000e-03 8.0000e-05 1.4472e-04 8.1020e-05 1.3047e-04 2.0155e-01 1.4250e-05
555 1.5000e-03 7.6600e-05 1.5790e-04 2.2297e-04 1.3026e-04 2.0146e-01 2.7640e-05
556 0.0000e+00 6.9300e-05 1.3064e-04 1.8609e-04 1.3064e-04 2.0140e-01 0.0000e+00
557 5.0000e-04 5.6600e-05 1.3776e-04 2.0078e-04 1.3087e-04 2.0133e-01 6.8946e-06
558 0.0000e+00 4.0000e-05 1.3115e-04 1.7383e-04 1.3115e-04 2.0129e-01 0.0000e+00
559 0.0000e+00 1.9400e-05 1.3133e-04 1.5269e-04 1.3133e-04 2.0127e-01 0.0000e+00
560 0.0000e+00 0.0000e+00 1.3142e-04 1.3473e-04 1.3142e-04 2.0126e-01 0.0000e+00
561 0.0000e+00 0.0000e+00 1.3143e-04 1.1926e-04 1.3143e-04 2.0128e-01 0.0000e+00
562 0.0000e+00 0.0000e+00 1.3138e-04 1.0580e-04 1.3138e-04 2.0130e-01 0.0000e+00
563 0.0000e+00 0.0000e+00 1.3128e-04 9.4029e-05 1.3128e-04 2.0134e-01 0.0000e+00
564 0.0000e+00 0.0000e+00 1.3112e-04 8.3690e-05 1.3112e-04 2.0139e-01 0.0000e+00
565 5.0000e-04 0.0000e+00 1.3841e-04 1.1696e-04 1.3093e-04 2.0140e-01 7.4762e-06
566 0.0000e+00 0.0000e+00 1.3087e-04 1.0131e-04 1.3087e-04 2.0143e-01 0.0000e+00
567 0.0000e+00 0.0000e+00 1.3075e-04 8.9528e-05 1.3075e-04 2.0147e-01 0.0000e+00
568 0.0000e+00 0.0000e+00 1.3058e-04 7.9451e-05 1.3058e-04 2.0152e-01 0.0000e+00
569 0.0000e+00 0.0000e+00 1.3037e-04 7.0688e-05 1.3037e-04 2.0158e-01 0.0000e+00
570 0.0000e+00 0.0000e+00 1.3013e-04 6.3004e-05 1.3013e-04 2.0165e-01 0.0000e+00
571 0.0000e+00 0.0000e+00 1.2986e-04 5.6234e-05 1.2986e-04 2.0172e-01 0.0000e+00
572 0.0000e+00 0.0000e+00 1.2956e-04 5.0248e-05 1.2956e-04 2.0180e-01 0.0000e+00
573 3.0000e-03 3.0500e-05 1.8763e-04 3.7496e-04 1.2924e-04 2.0156e-01 5.8395e-05
574 1.0000e-03 5.8900e-05 1.4911e-04 4.1856e-04 1.3024e-04 2.0127e-01 1.8871e-05
575 2.5000e-03 8.3300e-05 1.7893e-04 6.2900e-04 1.3141e-04 2.0077e-01 4.7516e-05
576 3.5000e-03 1.0200e-04 1.9998e-04 9.1571e-04 1.3347e-04 1.9999e-01 6.6506e-05
577 1.5000e-03 1.1290e-04 1.6399e-04 9.3889e-04 1.3678e-04 1.9919e-01 2.7212e-05
578 0.0000e+00 1.1780e-04 1.4025e-04 8.1478e-04 1.4025e-04 1.9851e-01 0.0000e+00
579 0.0000e+00 1.1290e-04 1.4324e-04 7.1655e-04 1.4324e-04 1.9794e-01 0.0000e+00
580 0.0000e+00 1.0200e-04 1.4583e-04 6.3280e-04 1.4583e-04 1.9745e-01 0.0000e+00
581 0.0000e+00 8.3300e-05 1.4806e-04 5.6025e-04 1.4806e-04 1.9704e-01 0.0000e+00
582 0.0000e+00 5.8900e-05 1.4998e-04 4.9687e-04 1.4998e-04 1.9669e-01 0.0000e+00
583 0.0000e+00 2.8500e-05 1.5162e-04 4.4124e-04 1.5162e-04 1.9640e-01 0.0000e+00
584 0.0000e+00 0.0000e+00 1.5299e-04 3.9226e-04 1.5299e-04 1.9616e-01 0.0000e+00
585 0.0000e+00 0.0000e+00 1.5414e-04 3.4904e-04 1.5414e-04 1.9597e-01 0.0000e+00
586 0.0000e+00 0.0000e+00 1.5508e-04 3.1083e-04 1.5508e-04 1.9581e-01 0.0000e+00
587 0.0000e+00 0.0000e+00 1.5584e-04 2.7700e-04 1.5584e-04 1.9569e-01 0.0000e+00
588 0.0000e+00 0.0000e+00 1.5643e-04 2.4703e-04 1.5643e-04 1.9560e-01 0.0000e+00
589 5.0000e-04 0.0000e+00 1.5688e-04 2.2044e-04 1.5688e-04 1.9554e-01 0.0000e+00
590 0.0000e+00 0.0000e+00 1.5719e-04 1.9682e-04 1.5719e-04 1.9550e-01 0.0000e+00
591 0.0000e+00 0.0000e+00 1.5738e-04 1.7584e-04 1.5738e-04 1.9548e-01 0.0000e+00
592 5.0000e-04 0.0000e+00 1.6500e-04 2.0188e-04 1.5747e-04 1.9543e-01 7.5306e-06
593 0.0000e+00 0.0000e+00 1.5769e-04 1.7649e-04 1.5769e-04 1.9542e-01 0.0000e+00
594 1.0000e-03 0.0000e+00 1.7725e-04 2.7233e-04 1.5778e-04 1.9530e-01 1.9465e-05
595 0.0000e+00 0.0000e+00 1.5835e-04 2.3248e-04 1.5835e-04 1.9523e-01 0.0000e+00
596 0.0000e+00 0.0000e+00 1.5872e-04 2.0457e-04 1.5872e-04 1.9518e-01 0.0000e+00
597 0.0000e+00 6.2600e-05 1.5895e-04 1.8099e-04 1.5895e-04 1.9516e-01 0.0000e+00
598 0.0000e+00 1.2080e-04 1.5905e-04 1.6058e-04 1.5905e-04 1.9516e-01 0.0000e+00
599 0.0000e+00 1.7090e-04 1.5906e-04 1.4274e-04 1.5906e-04 1.9517e-01 0.0000e+00
600 0.0000e+00 2.0930e-04 1.5898e-04 1.2708e-04 1.5898e-04 1.9521e-01 0.0000e+00
601 0.0000e+00 2.3150e-04 1.5882e-04 1.1327e-04 1.5882e-04 1.9525e-01 0.0000e+00
602 0.0000e+00 2.4180e-04 1.5860e-04 1.0107e-04 1.5860e-04 1.9531e-01 0.0000e+00
603 0.0000e+00 2.3150e-04 1.5831e-04 9.0266e-05 1.5831e-04 1.9538e-01 0.0000e+00
604 0.0000e+00 2.0930e-04 1.5798e-04 8.0681e-05 1.5798e-04 1.9545e-01 0.0000e+00
605 0.0000e+00 1.7090e-04 1.5759e-04 7.2167e-05 1.5759e-04 1.9554e-01 0.0000e+00
606 0.0000e+00 1.2080e-04 1.5717e-04 6.4595e-05 1.5717e-04 1.9563e-01 0.0000e+00
607 0.0000e+00 5.8500e-05 1.5672e-04 5.7854e-05 1.5672e-04 1.9573e-01 0.0000e+00
608 0.0000e+00 0.0000e+00 1.5624e-04 5.1847e-05 1.5624e-04 1.9583e-01 0.0000e+00
609 0.0000e+00 0.0000e+00 1.5573e-04 4.6490e-05 1.5573e-04 1.9594e-01 0.0000e+00
610 0.0000e+00 0.0000e+00 1.5520e-04 4.1709e-05 1.5520e-04 1.9606e-01 0.0000e+00
611 0.0000e+00 0.0000e+00 1.5465e-04 3.7439e-05 1.5465e-04 1.9617e-01 0.0000e+00
612 0.0000e+00 0.0000e+00 1.5408e-04 3.3623e-05 1.5408e-04 1.9630e-01 0.0000e+00
613 0.0000e+00 0.0000e+00 1.5350e-04 3.0209e-05 1.5350e-04 1.9642e-01 0.0000e+00
614 0.0000e+00 0.0000e+00 1.5291e-04 2.7155e-05 1.5291e-04 1.9654e-01 0.0000e+00
615 0.0000e+00 0.0000e+00 1.5231e-04 2.4420e-05 1.5231e-04 1.9667e-01 0.0000e+00
616 0.0000e+00 0.0000e+00 1.5171e-04 2.1970e-05 1.5171e-04 1.9680e-01 0.0000e+00
617 0.0000e+00 0.0000e+00 1.5109e-04 1.9774e-05 1.5109e-04 1.9693e-01 0.0000e+00
618 0.0000e+00 0.0000e+00 1.5047e-04 1.7805e-05 1.5047e-04 1.9707e-01 0.0000e+00
619 0.0000e+00 0.0000e+00 1.4985e-04 1.6038e-05 1.4985e-04 1.9720e-01 0.0000e+00
620 0.0000e+00 0.0000e+00 1.4923e-04 1.4451e-05 1.4923e-04 1.9733e-01 0.0000e+00
621 0.0000e+00 1.4200e-05 1.4860e-04 1.3027e-05 1.4860e-04 1.9747e-01 0.0000e+00
622 0.0000e+00 2.7500e-05 1.4797e-04 1.1747e-05 1.4797e-04 1.9761e-01 0.0000e+00
623 0.0000e+00 3.8900e-05 1.4734e-04 1.0596e-05 1.4734e-04 1.9774e-01 0.0000e+00
624 1.0000e-03 4.7600e-05 1.4671e-04 9.5620e-06 1.4671e-04 1.9788e-01 0.0000e+00
625 1.0000e-03 5.2700e-05 1.4759e-04 1.7392e-05 1.4609e-04 1.9801e-01 1.5049e-06
626 3.0000e-03 5.5000e-05 2.0287e-04 3.4852e-04 1.4550e-04 1.9781e-01 5.7369e-05
627 2.0000e-03 5.2700e-05 1.8429e-04 5.0469e-04 1.4643e-04 1.9745e-01 3.7860e-05
628 1.5000e-03 4.7600e-05 1.7625e-04 5.8966e-04 1.4807e-04 1.9701e-01 2.8172e-05
629 3.5000e-03 3.8900e-05 2.1733e-04 8.9764e-04 1.5013e-04 1.9626e-01 6.7201e-05
630 4.0000e-03 2.7500e-05 2.3078e-04 1.2157e-03 1.5368e-04 1.9520e-01 7.7103e-05
631 5.0000e-03 1.3300e-05 2.5566e-04 1.6111e-03 1.5887e-04 1.9374e-01 9.6790e-05
632 0.0000e+00 0.0000e+00 1.6624e-04 1.3749e-03 1.6624e-04 1.9254e-01 0.0000e+00
633 0.0000e+00 0.0000e+00 1.7264e-04 1.2042e-03 1.7264e-04 1.9150e-01 0.0000e+00
634 1.0000e-03 0.0000e+00 1.9750e-04 1.1777e-03 1.7830e-04 1.9050e-01 1.9206e-05
635 2.5000e-03 0.0000e+00 2.3315e-04 1.3295e-03 1.8395e-04 1.8936e-01 4.9200e-05
636 3.5000e-03 0.0000e+00 2.6929e-04 1.5637e-03 1.9066e-04 1.8799e-01 7.8630e-05
637 3.0000e-03 0.0000e+00 2.7165e-04 1.7043e-03 1.9902e-04 1.8648e-01 7.2636e-05
638 0.0000e+00 0.0000e+00 2.0860e-04 1.4760e-03 2.0860e-04 1.8521e-01 0.0000e+00
639 5.0000e-04 0.0000e+00 2.2914e-04 1.3561e-03 2.1703e-04 1.8407e-01 1.2106e-05
640 0.0000e+00 0.0000e+00 2.2489e-04 1.1891e-03 2.2489e-04 1.8311e-01 0.0000e+00
641 5.0000e-04 0.0000e+00 2.4388e-04 1.1086e-03 2.3177e-04 1.8223e-01 1.2106e-05
642 0.0000e+00 0.0000e+00 2.3821e-04 9.7234e-04 2.3821e-04 1.8150e-01 0.0000e+00
643 5.0000e-04 0.0000e+00 2.5585e-04 9.1919e-04 2.4374e-04 1.8082e-01 1.2106e-05
644 0.0000e+00 0.0000e+00 2.4894e-04 8.0514e-04 2.4894e-04 1.8027e-01 0.0000e+00
645 0.0000e+00 1.6900e-05 2.5330e-04 7.0915e-04 2.5330e-04 1.7981e-01 0.0000e+00
646 0.0000e+00 3.2600e-05 2.5694e-04 6.2540e-04 2.5694e-04 1.7944e-01 0.0000e+00
647 0.0000e+00 4.6100e-05 2.5991e-04 5.5199e-04 2.5991e-04 1.7915e-01 0.0000e+00
648 0.0000e+00 5.6400e-05 2.6230e-04 4.8750e-04 2.6230e-04 1.7893e-01 0.0000e+00
649 0.0000e+00 6.2400e-05 2.6415e-04 4.3080e-04 2.6415e-04 1.7876e-01 0.0000e+00
650 0.0000e+00 6.5200e-05 2.6553e-04 3.8091e-04 2.6553e-04 1.7864e-01 0.0000e+00
651 0.0000e+00 6.2400e-05 2.6649e-04 3.3699e-04 2.6649e-04 1.7857e-01 0.0000e+00
652 0.0000e+00 5.6400e-05 2.6708e-04 2.9830e-04 2.6708e-04 1.7854e-01 0.0000e+00
653 0.0000e+00 4.6100e-05 2.6734e-04 2.6419e-04 2.6734e-04 1.7855e-01 0.0000e+00
654 0.0000e+00 3.2600e-05 2.6731e-04 2.3412e-04 2.6731e-04 1.7858e-01 0.0000e+00
655 0.0000e+00 1.5800e-05 2.6703e-04 2.0758e-04 2.6703e-04 1.7864e-01 0.0000e+00
656 0.0000e+00 0.0000e+00 2.6654e-04 1.8415e-04 2.6654e-04 1.7872e-01 0.0000e+00
657 0.0000e+00 0.0000e+00 2.6585e-04 1.6346e-04 2.6585e-04 1.7882e-01 0.0000e+00
658 0.0000e+00 0.0000e+00 2.6500e-04 1.4517e-04 2.6500e-04 1.7894e-01 0.0000e+00
659 0.0000e+00 0.0000e+00 2.6401e-04 1.2900e-04 2.6401e-04 1.7908e-01 0.0000e+00
660 0.0000e+00 0.0000e+00 2.6290e-04 1.1470e-04 2.6290e-04 1.7923e-01 0.0000e+00
661 0.0000e+00 0.0000e+00 2.6169e-04 1.0203e-04 2.6169e-04 1.7939e-01 0.0000e+00
662 0.0000e+00 0.0000e+00 2.6038e-04 9.0817e-05 2.6038e-04 1.7956e-01 0.0000e+00
663 0.0000e+00 0.0000e+00 2.5901e-04 8.0876e-05 2.5901e-04 1.7973e-01 0.0000e+00
664 0.0000e+00 0.0000e+00 2.5757e-04 7.2060e-05 2.5757e-04 1.7992e-01 0.0000e+00
665 0.0000e+00 0.0000e+00 2.5608e-04 6.4239e-05 2.5608e-04 1.8011e-01 0.0000e+00
666 5.0000e-04 0.0000e+00 2.5478e-04 5.8472e-05 2.5455e-04 1.8031e-01 2.2446e-07
667 0.0000e+00 0.0000e+00 2.5300e-04 5.2046e-05 2.5300e-04 1.8051e-01 0.0000e+00
668 5.0000e-04 0.0000e+00 2.6352e-04 1.0961e-04 2.5141e-04 1.8065e-01 1.2106e-05
669 5.0000e-04 1.5300e-05 2.6241e-04 1.5393e-04 2.5030e-04 1.8075e-01 1.2106e-05
670 0.0000e+00 2.9500e-05 2.4955e-04 1.2829e-04 2.4955e-04 1.8087e-01 0.0000e+00
671 1.0000e-03 4.1700e-05 2.7173e-04 2.3135e-04 2.4860e-04 1.8088e-01 2.3128e-05
672 0.0000e+00 5.1100e-05 2.4847e-04 1.9118e-04 2.4847e-04 1.8094e-01 0.0000e+00
673 0.0000e+00 5.6500e-05 2.4803e-04 1.6494e-04 2.4803e-04 1.8102e-01 0.0000e+00
674 0.0000e+00 5.9000e-05 2.4738e-04 1.4350e-04 2.4738e-04 1.8113e-01 0.0000e+00
675 5.0000e-04 5.6500e-05 2.5365e-04 1.6210e-04 2.4658e-04 1.8121e-01 7.0705e-06
676 5.0000e-04 5.1100e-05 2.5667e-04 1.9442e-04 2.4593e-04 1.8126e-01 1.0738e-05
677 0.0000e+00 4.1700e-05 2.4553e-04 1.6477e-04 2.4553e-04 1.8135e-01 0.0000e+00
678 0.0000e+00 2.9500e-05 2.4492e-04 1.4323e-04 2.4492e-04 1.8145e-01 0.0000e+00
679 1.0000e-03 1.4300e-05 2.6539e-04 2.3523e-04 2.4414e-04 1.8146e-01 2.1253e-05
680 1.0000e-03 0.0000e+00 2.6794e-04 3.1985e-04 2.4407e-04 1.8138e-01 2.3866e-05
681 0.0000e+00 0.0000e+00 2.4465e-04 2.6728e-04 2.4465e-04 1.8136e-01 0.0000e+00
682 0.0000e+00 0.0000e+00 2.4482e-04 2.3100e-04 2.4482e-04 1.8137e-01 0.0000e+00
683 0.0000e+00 0.0000e+00 2.4472e-04 2.0110e-04 2.4472e-04 1.8141e-01 0.0000e+00
684 0.0000e+00 0.0000e+00 2.4438e-04 1.7579e-04 2.4438e-04 1.8148e-01 0.0000e+00
685 0.0000e+00 0.0000e+00 2.4386e-04 1.5409e-04 2.4386e-04 1.8157e-01 0.0000e+00
686 0.0000e+00 0.0000e+00 2.4318e-04 1.3537e-04 2.4318e-04 1.8168e-01 0.0000e+00
687 0.0000e+00 0.0000e+00 2.4236e-04 1.1914e-04 2.4236e-04 1.8180e-01 0.0000e+00
688 0.0000e+00 0.0000e+00 2.4143e-04 1.0501e-04 2.4143e-04 1.8194e-01 0.0000e+00
689 0.0000e+00 0.0000e+00 2.4040e-04 9.2687e-05 2.4040e-04 1.8209e-01 0.0000e+00
690 0.0000e+00 0.0000e+00 2.3929e-04 8.1908e-05 2.3929e-04 1.8225e-01 0.0000e+00
691 0.0000e+00 0.0000e+00 2.3812e-04 7.2463e-05 2.3812e-04 1.8241e-01 0.0000e+00
692 0.0000e+00 0.0000e+00 2.3689e-04 6.4172e-05 2.3689e-04 1.8258e-01 0.0000e+00
693 0.0000e+00 5.6100e-05 2.3561e-04 5.6883e-05 2.3561e-04 1.8276e-01 0.0000e+00
694 0.0000e+00 1.0830e-04 2.3430e-04 5.0467e-05 2.3430e-04 1.8295e-01 0.0000e+00
695 0.0000e+00 1.5320e-04 2.3296e-04 4.4811e-05 2.3296e-04 1.8313e-01 0.0000e+00
696 0.0000e+00 1.8770e-04 2.3159e-04 3.9821e-05 2.3159e-04 1.8333e-01 0.0000e+00
697 0.0000e+00 2.0760e-04 2.3021e-04 3.5413e-05 2.3021e-04 1.8352e-01 0.0000e+00
698 0.0000e+00 2.1680e-04 2.2881e-04 3.1516e-05 2.2881e-04 1.8372e-01 0.0000e+00
699 0.0000e+00 2.0760e-04 2.2741e-04 2.8067e-05 2.2741e-04 1.8392e-01 0.0000e+00
700 5.0000e-04 1.8770e-04 2.2600e-04 2.5011e-05 2.2600e-04 1.8412e-01 0.0000e+00
701 0.0000e+00 1.5320e-04 2.2458e-04 2.2303e-05 2.2458e-04 1.8432e-01 0.0000e+00
702 0.0000e+00 1.0830e-04 2.2316e-04 1.9900e-05 2.2316e-04 1.8452e-01 0.0000e+00
703 0.0000e+00 5.2400e-05 2.2175e-04 1.7766e-05 2.2175e-04 1.8473e-01 0.0000e+00
704 0.0000e+00 0.0000e+00 2.2034e-04 1.5870e-05 2.2034e-04 1.8493e-01 0.0000e+00
705 0.0000e+00 0.0000e+00 2.1894e-04 1.4184e-05 2.1894e-04 1.8514e-01 0.0000e+00
706 0.0000e+00 0.0000e+00 2.1754e-04 1.2684e-05 2.1754e-04 1.8534e-01 0.0000e+00
707 0.0000e+00 0.0000e+00 2.1615e-04 1.1349e-05 2.1615e-04 1.8555e-01 0.0000e+00
708 0.0000e+00 0.0000e+00 2.1478e-04 1.0159e-05 2.1478e-04 1.8575e-01 0.0000e+00
709 0.0000e+00 0.0000e+00 2.1341e-04 9.0982e-06 2.1341e-04 1.8596e-01 0.0000e+00
710 0.0000e+00 0.0000e+00 2.1205e-04 8.1522e-06 2.1205e-04 1.8616e-01 0.0000e+00
711 0.0000e+00 0.0000e+00 2.1070e-04 7.3079e-06 2.1070e-04 1.8636e-01 0.0000e+00
712 0.0000e+00 0.0000e+00 2.0937e-04 6.5537e-06 2.0937e-04 1.8657e-01 0.0000e+00
713 0.0000e+00 0.0000e+00 2.0804e-04 5.8803e-06 2.0804e-04 1.8677e-01 0.0000e+00
714 0.0000e+00 0.0000e+00 2.0673e-04 5.2782e-06 2.0673e-04 1.8697e-01 0.0000e+00
715 0.0000e+00 0.0000e+00 2.0544e-04 4.7398e-06 2.0544e-04 1.8717e-01 0.0000e+00
716 0.0000e+00 0.0000e+00 2.0415e-04 4.2580e-06 2.0415e-04 1.8737e-01 0.0000e+00
717 0.0000e+00 8.5600e-05 2.0288e-04 3.8267e-06 2.0288e-04 1.8757e-01 0.0000e+00
718 0.0000e+00 1.6520e-04 2.0162e-04 3.4404e-06 2.0162e-04 1.8777e-01 0.0000e+00
719 0.0000e+00 2.3380e-04 2.0038e-04 3.0943e-06 2.0038e-04 1.8797e-01 0.0000e+00
720 0.0000e+00 2.8620e-04 1.9915e-04 2.7837e-06 1.9915e-04 1.8816e-01 0.0000e+00
721 0.0000e+00 3.1670e-04 1.9793e-04 2.5055e-06 1.9793e-04 1.8836e-01 0.0000e+00
722 0.0000e+00 3.3060e-04 1.9672e-04 2.2560e-06 1.9672e-04 1.8855e-01 0.0000e+00
723 0.0000e+00 3.1670e-04 1.9553e-04 2.0320e-06 1.9553e-04 1.8874e-01 0.0000e+00
724 0.0000e+00 2.8620e-04 1.9435e-04 1.8308e-06 1.9435e-04 1.8894e-01 0.0000e+00
725 0.0000e+00 2.3380e-04 1.9319e-04 1.6501e-06 1.9319e-04 1.8913e-01 0.0000e+00
726 0.0000e+00 1.6520e-04 1.9203e-04 1.4878e-06 1.9203e-04 1.8932e-01 0.0000e+00
727 0.0000e+00 8.0000e-05 1.9089e-04 1.3418e-06 1.9089e-04 1.8951e-01 0.0000e+00
728 0.0000e+00 0.0000e+00 1.8977e-04 1.2106e-06 1.8977e-04 1.8970e-01 0.0000e+00
729 0.0000e+00 0.0000e+00 1.8865e-04 1.0920e-06 1.8865e-04 1.8989e-01 0.0000e+00
730 0.0000e+00 0.0000e+00 1.8755e-04 9.8584e-07 1.8755e-04 1.9007e-01 0.0000e+00
731 0.0000e+00 0.0000e+00 1.8646e-04 8.9024e-07 1.8646e-04 1.9026e-01 0.0000e+00
732 0.0000e+00 0.0000e+00 1.8538e-04 8.0415e-07 1.8538e-04 1.9044e-01 0.0000e+00
733 0.0000e+00 0.0000e+00 1.8431e-04 7.2659e-07 1.8431e-04 1.9063e-01 0.0000e+00
734 0.0000e+00 0.0000e+00 1.8326e-04 6.5670e-07 1.8326e-04 1.9081e-01 0.0000e+00
735 0.0000e+00 0.0000e+00 1.8222e-04 5.9369e-07 1.8222e-04 1.9099e-01 0.0000e+00
736 0.0000e+00 0.0000e+00 1.8119e-04 5.3688e-07 1.8119e-04 1.9117e-01 0.0000e+00
737 0.0000e+00 0.0000e+00 1.8017e-04 4.8563e-07 1.8017e-04 1.9135e-01 0.0000e+00
738 0.0000e+00 0.0000e+00 1.7916e-04 4.3879e-07 1.7916e-04 1.9153e-01 0.0000e+00
739 0.0000e+00 0.0000e+00 1.7816e-04 3.9715e-07 1.7816e-04 1.9171e-01 0.0000e+00
740 0.0000e+00 0.0000e+00 1.7717e-04 3.5955e-07 1.7717e-04 1.9188e-01 0.0000e+00
741 0.0000e+00 7.4700e-05 1.7620e-04 3.2559e-07 1.7620e-04 1.9206e-01 0.0000e+00
742 0.0000e+00 1.4410e-04 1.7523e-04 2.9491e-07 1.7523e-04 1.9223e-01 0.0000e+00
743 0.0000e+00 2.0380e-04 1.7427e-04 2.6719e-07 1.7427e-04 1.9241e-01 0.0000e+00
744 0.0000e+00 2.4960e-04 1.7333e-04 2.4213e-07 1.7333e-04 1.9258e-01 0.0000e+00
745 0.0000e+00 2.7610e-04 1.7239e-04 2.1947e-07 1.7239e-04 1.9275e-01 0.0000e+00
746 0.0000e+00 2.8830e-04 1.7147e-04 1.9803e-07 1.7147e-04 1.9292e-01 0.0000e+00
747 0.0000e+00 2.7610e-04 1.7055e-04 1.7962e-07 1.7055e-04 1.9310e-01 0.0000e+00
748 0.0000e+00 2.4960e-04 1.6965e-04 1.6296e-07 1.6965e-04 1.9326e-01 0.0000e+00
749 0.0000e+00 2.0380e-04 1.6875e-04 1.4788e-07 1.6875e-04 1.9343e-01 0.0000e+00
750 0.0000e+00 1.4410e-04 1.6787e-04 1.3422e-07 1.6787e-04 1.9360e-01 0.0000e+00
751 0.0000e+00 6.9800e-05 1.6699e-04 1.2184e-07 1.6699e-04 1.9377e-01 0.0000e+00
752 0.0000e+00 0.0000e+00 1.6612e-04 1.1063e-07 1.6612e-04 1.9393e-01 0.0000e+00
753 0.0000e+00 0.0000e+00 1.6526e-04 1.0047e-07 1.6526e-04 1.9410e-01 0.0000e+00
754 0.0000e+00 0.0000e+00 1.6441e-04 9.1264e-08 1.6441e-04 1.9426e-01 0.0000e+00
755 0.0000e+00 0.0000e+00 1.6357e-04 8.1788e-08 1.6357e-04 1.9443e-01 0.0000e+00
756 0.0000e+00 0.0000e+00 1.6273e-04 7.4357e-08 1.6273e-04 1.9459e-01 0.0000e+00
757 0.0000e+00 0.0000e+00 1.6191e-04 6.7614e-08 1.6191e-04 1.9475e-01 0.0000e+00
758 0.0000e+00 0.0000e+00 1.6109e-04 6.1493e-08 1.6109e-04 1.9491e-01 0.0000e+00
759 0.0000e+00 0.0000e+00 1.6028e-04 5.5936e-08 1.6028e-04 1.9507e-01 0.0000e+00
760 0.0000e+00 0.0000e+00 1.5948e-04 5.0890e-08 1.5948e-04 1.9523e-01 0.0000e+00
761 0.0000e+00 0.0000e+00 1.5869e-04 4.6307e-08 1.5869e-04 1.9539e-01 0.0000e+00
762 0.0000e+00 0.0000e+00 1.5791e-04 4.2144e-08 1.5791e-04 1.9555e-01 0.0000e+00
763 0.0000e+00 0.0000e+00 1.5713e-04 3.8362e-08 1.5713e-04 1.9571e-01 0.0000e+00
764 0.0000e+00 0.0000e+00 1.5636e-04 3.3493e-08 1.5636e-04 1.9586e-01 0.0000e+00
765 0.0000e+00 9.6700e-05 1.5560e-04 3.0528e-08 1.5560e-04 1.9602e-01 0.0000e+00
766 0.0000e+00 1.8660e-04 1.5484e-04 2.7830e-08 1.5484e-04 1.9617e-01 0.0000e+00
767 0.0000e+00 2.6400e-04 1.5409e-04 2.5374e-08 1.5409e-04 1.9633e-01 0.0000e+00
768 0.0000e+00 3.2330e-04 1.5335e-04 2.3138e-08 1.5335e-04 1.9648e-01 0.0000e+00
769 0.0000e+00 3.5770e-04 1.5262e-04 2.1102e-08 1.5262e-04 1.9663e-01 0.0000e+00
770 0.0000e+00 3.7350e-04 1.5190e-04 1.9247e-08 1.5190e-04 1.9678e-01 0.0000e+00
771 0.0000e+00 3.5770e-04 1.5118e-04 1.7558e-08 1.5118e-04 1.9694e-01 0.0000e+00
772 0.0000e+00 3.2330e-04 1.5046e-04 1.6020e-08 1.5046e-04 1.9709e-01 0.0000e+00
773 0.0000e+00 2.6400e-04 1.4976e-04 1.3068e-08 1.4976e-04 1.9724e-01 0.0000e+00
774 0.0000e+00 1.8660e-04 1.4906e-04 1.1949e-08 1.4906e-04 1.9738e-01 0.0000e+00
775 0.0000e+00 9.0400e-05 1.4837e-04 1.0926e-08 1.4837e-04 1.9753e-01 0.0000e+00
776 0.0000e+00 0.0000e+00 1.4768e-04 9.9916e-09 1.4768e-04 1.9768e-01 0.0000e+00
777 0.0000e+00 0.0000e+00 1.4700e-04 9.1383e-09 1.4700e-04 1.9783e-01 0.0000e+00
778 0.0000e+00 0.0000e+00 1.4633e-04 8.3587e-09 1.4633e-04 1.9797e-01 0.0000e+00
779 0.0000e+00 0.0000e+00 1.4566e-04 7.6464e-09 1.4566e-04 1.9812e-01 0.0000e+00
780 0.0000e+00 0.0000e+00 1.4500e-04 6.9956e-09 1.4500e-04 1.9826e-01 0.0000e+00
781 0.0000e+00 0.0000e+00 1.4434e-04 6.4008e-09 1.4434e-04 1.9841e-01 0.0000e+00
782 0.0000e+00 0.0000e+00 1.4369e-04 4.5933e-09 1.4369e-04 1.9855e-01 0.0000e+00
783 0.0000e+00 0.0000e+00 1.4305e-04 4.2145e-09 1.4305e-04 1.9870e-01 0.0000e+00
784 0.0000e+00 0.0000e+00 1.4241e-04 3.8673e-09 1.4241e-04 1.9884e-01 0.0000e+00
785 0.0000e+00 0.0000e+00 1.4178e-04 3.5490e-09 1.4178e-04 1.9898e-01 0.0000e+00
786 0.0000e+00 0.0000e+00 1.4115e-04 3.2571e-09 1.4115e-04 1.9912e-01 0.0000e+00
787 0.0000e+00 0.0000e+00 1.4053e-04 2.9895e-09 1.4053e-04 1.9926e-01 0.0000e+00
788 0.0000e+00 0.0000e+00 1.3991e-04 2.7441e-09 1.3991e-04 1.9940e-01 0.0000e+00
789 0.0000e+00 1.2590e-04 1.3930e-04 2.5190e-09 1.3930e-04 1.9954e-01 0.0000e+00
790 0.0000e+00 2.4290e-04 1.3870e-04 2.3126e-09 1.3870e-04 1.9968e-01 0.0000e+00
791 0.0000e+00 3.4370e-04 1.3810e-04 1.2966e-09 1.3810e-04 1.9982e-01 0.0000e+00
792 0.0000e+00 4.2090e-04 1.3750e-04 1.1945e-09 1.3750e-04 1.9995e-01 0.0000e+00
793 0.0000e+00 4.6560e-04 1.3691e-04 1.1005e-09 1.3691e-04 2.0009e-01 0.0000e+00
794 0.0000e+00 4.8620e-04 1.3633e-04 1.0140e-09 1.3633e-04 2.0023e-01 0.0000e+00
795 0.0000e+00 4.6560e-04 1.3575e-04 9.3426e-10 1.3575e-04 2.0036e-01 0.0000e+00
796 0.0000e+00 4.2090e-04 1.3518e-04 8.6089e-10 1.3518e-04 2.0050e-01 0.0000e+00
797 0.0000e+00 3.4370e-04 1.3461e-04 7.9332e-10 1.3461e-04 2.0063e-01 0.0000e+00
798 0.0000e+00 2.4290e-04 1.3404e-04 7.3110e-10 1.3404e-04 2.0077e-01 0.0000e+00
799 0.0000e+00 1.1760e-04 1.3348e-04 6.7379e-10 1.3348e-04 2.0090e-01 0.0000e+00
800 0.0000e+00 0.0000e+00 1.3293e-04 2.5680e-10 1.3293e-04 2.0103e-01 0.0000e+00
801 0.0000e+00 0.0000e+00 1.3237e-04 2.3758e-10 1.3237e-04 2.0117e-01 0.0000e+00
802 0.0000e+00 0.0000e+00 1.3183e-04 2.1980e-10 1.3183e-04 2.0130e-01 0.0000e+00
803 0.0000e+00 0.0000e+00 1.3129e-04 2.0337e-10 1.3129e-04 2.0143e-01 0.0000e+00
804 0.0000e+00 0.0000e+00 1.3075e-04 1.8817e-10 1.3075e-04 2.0156e-01 0.0000e+00
805 0.0000e+00 0.0000e+00 1.3022e-04 1.7411e-10 1.3022e-04 2.0169e-01 0.0000e+00
806 0.0000e+00 0.0000e+00 1.2969e-04 1.6112e-10 1.2969e-04 2.0182e-01 0.0000e+00
807 0.0000e+00 0.0000e+00 1.2916e-04 1.4910e-10 1.2916e-04 2.0195e-01 0.0000e+00
808 0.0000e+00 0.0000e+00 1.2864e-04 1.3798e-10 1.2864e-04 2.0208e-01 0.0000e+00
809 0.0000e+00 0.0000e+00 1.2813e-04 1.2770e-10 1.2813e-04 2.0221e-01 0.0000e+00
810 0.0000e+00 0.0000e+00 1.2761e-04 2.9470e-11 1.2761e-04 2.0233e-01 0.0000e+00
811 0.0000e+00 0.0000e+00 1.2711e-04 2.7370e-11 1.2711e-04 2.0246e-01 0.0000e+00
812 0.0000e+00 0.0000e+00 1.2660e-04 2.5420e-11 1.2660e-04 2.0259e-01 0.0000e+00
813 0.0000e+00 3.0400e-05 1.2610e-04 2.3610e-11 1.2610e-04 2.0271e-01 0.0000e+00
814 0.0000e+00 5.8700e-05 1.2561e-04 2.1929e-11 1.2561e-04 2.0284e-01 0.0000e+00
815 0.0000e+00 8.3100e-05 1.2511e-04 2.0369e-11 1.2511e-04 2.0296e-01 0.0000e+00
816 0.0000e+00 1.0180e-04 1.2463e-04 1.8921e-11 1.2463e-04 2.0309e-01 0.0000e+00
817 0.0000e+00 1.1260e-04 1.2414e-04 1.7576e-11 1.2414e-04 2.0321e-01 0.0000e+00
818 0.0000e+00 1.1760e-04 1.2366e-04 1.6327e-11 1.2366e-04 2.0334e-01 0.0000e+00
819 0.0000e+00 1.1260e-04 1.2318e-04 0.0000e+00 1.2318e-04 2.0346e-01 0.0000e+00
820 0.0000e+00 1.0180e-04 1.2271e-04 0.0000e+00 1.2271e-04 2.0358e-01 0.0000e+00
821 0.0000e+00 8.3100e-05 1.2224e-04 0.0000e+00 1.2224e-04 2.0370e-01 0.0000e+00
822 0.0000e+00 5.8700e-05 1.2177e-04 0.0000e+00 1.2177e-04 2.0383e-01 0.0000e+00
823 0.0000e+00 2.8400e-05 1.2131e-04 0.0000e+00 1.2131e-04 2.0395e-01 0.0000e+00
824 0.0000e+00 0.0000e+00 1.2085e-04 0.0000e+00 1.2085e-04 2.0407e-01 0.0000e+00
825 0.0000e+00 0.0000e+00 1.2040e-04 0.0000e+00 1.2040e-04 2.0419e-01 0.0000e+00
826 0.0000e+00 0.0000e+00 1.1995e-04 0.0000e+00 1.1995e-04 2.0431e-01 0.0000e+00
827 0.0000e+00 0.0000e+00 1.1950e-04 0.0000e+00 1.1950e-04 2.0443e-01 0.0000e+00
828 0.0000e+00 0.0000e+00 1.1905e-04 0.0000e+00 1.1905e-04 2.0455e-01 0.0000e+00
829 0.0000e+00 0.0000e+00 1.1861e-04 0.0000e+00 1.1861e-04 2.0467e-01 0.0000e+00
830 0.0000e+00 0.0000e+00 1.1817e-04 0.0000e+00 1.1817e-04 2.0478e-01 0.0000e+00
831 0.0000e+00 0.0000e+00 1.1773e-04 0.0000e+00 1.1773e-04 2.0490e-01 0.0000e+00
832 0.0000e+00 0.0000e+00 1.1730e-04 0.0000e+00 1.1730e-04 2.0502e-01 0.0000e+00
833 0.0000e+00 0.0000e+00 1.1687e-04 0.0000e+00 1.1687e-04 2.0514e-01 0.0000e+00
834 0.0000e+00 0.0000e+00 1.1645e-04 0.0000e+00 1.1645e-04 2.0525e-01 0.0000e+00
835 0.0000e+00 0.0000e+00 1.1602e-04 0.0000e+00 1.1602e-04 2.0537e-01 0.0000e+00
836 0.0000e+00 0.0000e+00 1.1560e-04 0.0000e+00 1.1560e-04 2.0548e-01 0.0000e+00
837 0.0000e+00 6.6100e-05 1.1519e-04 0.0000e+00 1.1519e-04 2.0560e-01 0.0000e+00
838 0.0000e+00 1.2750e-04 1.1477e-04 0.0000e+00 1.1477e-04 2.0571e-01 0.0000e+00
839 0.0000e+00 1.8040e-04 1.1436e-04 0.0000e+00 1.1436e-04 2.0583e-01 0.0000e+00
840 0.0000e+00 2.2090e-04 1.1395e-04 0.0000e+00 1.1395e-04 2.0594e-01 0.0000e+00
841 0.0000e+00 2.4430e-04 1.1355e-04 0.0000e+00 1.1355e-04 2.0606e-01 0.0000e+00
842 0.0000e+00 2.5510e-04 1.1315e-04 0.0000e+00 1.1315e-04 2.0617e-01 0.0000e+00
843 0.0000e+00 2.4430e-04 1.1275e-04 0.0000e+00 1.1275e-04 2.0628e-01 0.0000e+00
844 0.0000e+00 2.2090e-04 1.1235e-04 0.0000e+00 1.1235e-04 2.0639e-01 0.0000e+00
845 0.0000e+00 1.8040e-04 1.1196e-04 0.0000e+00 1.1196e-04 2.0651e-01 0.0000e+00
846 0.0000e+00 1.2750e-04 1.1157e-04 0.0000e+00 1.1157e-04 2.0662e-01 0.0000e+00
847 0.0000e+00 6.1700e-05 1.1118e-04 0.0000e+00 1.1118e-04 2.0673e-01 0.0000e+00
848 0.0000e+00 0.0000e+00 1.1079e-04 0.0000e+00 1.1079e-04 2.0684e-01 0.0000e+00
849 0.0000e+00 0.0000e+00 1.1041e-04 0.0000e+00 1.1041e-04 2.0695e-01 0.0000e+00
850 0.0000e+00 0.0000e+00 1.1003e-04 0.0000e+00 1.1003e-04 2.0706e-01 0.0000e+00
851 0.0000e+00 0.0000e+00 1.0965e-04 0.0000e+00 1.0965e-04 2.0717e-01 0.0000e+00
852 0.0000e+00 0.0000e+00 1.0928e-04 0.0000e+00 1.0928e-04 2.0728e-01 0.0000e+00
853 0.0000e+00 0.0000e+00 1.0890e-04 0.0000e+00 1.0890e-04 2.0739e-01 0.0000e+00
854 0.0000e+00 0.0000e+00 1.0853e-04 0.0000e+00 1.0853e-04 2.0750e-01 0.0000e+00
855 0.0000e+00 0.0000e+00 1.0817e-04 0.0000e+00 1.0817e-04 2.0761e-01 0.0000e+00
856 0.0000e+00 0.0000e+00 1.0780e-04 0.0000e+00 1.0780e-04 2.0771e-01 0.0000e+00
857 0.0000e+00 0.0000e+00 1.0744e-04 0.0000e+00 1.0744e-04 2.0782e-01 0.0000e+00
858 0.0000e+00 0.0000e+00 1.0708e-04 0.0000e+00 1.0708e-04 2.0793e-01 0.0000e+00
859 0.0000e+00 0.0000e+00 1.0672e-04 0.0000e+00 1.0672e-04 2.0803e-01 0.0000e+00
860 0.0000e+00 0.0000e+00 1.0637e-04 0.0000e+00 1.0637e-04 2.0814e-01 0.0000e+00
861 0.0000e+00 9.7600e-05 1.0601e-04 0.0000e+00 1.0601e-04 2.0825e-01 0.0000e+00
862 0.0000e+00 1.8830e-04 1.0566e-04 0.0000e+00 1.0566e-04 2.0835e-01 0.0000e+00
863 0.0000e+00 2.6650e-04 1.0531e-04 0.0000e+00 1.0531e-04 2.0846e-01 0.0000e+00
864 0.0000e+00 3.2630e-04 1.0497e-04 0.0000e+00 1.0497e-04 2.0856e-01 0.0000e+00
865 0.0000e+00 3.6100e-04 1.0462e-04 0.0000e+00 1.0462e-04 2.0867e-01 0.0000e+00
866 0.0000e+00 3.7690e-04 1.0428e-04 0.0000e+00 1.0428e-04 2.0877e-01 0.0000e+00
867 0.0000e+00 3.6100e-04 1.0394e-04 0.0000e+00 1.0394e-04 2.0888e-01 0.0000e+00
868 0.0000e+00 3.2630e-04 1.0361e-04 0.0000e+00 1.0361e-04 2.0898e-01 0.0000e+00
869 0.0000e+00 2.6650e-04 1.0327e-04 0.0000e+00 1.0327e-04 2.0908e-01 0.0000e+00
870 0.0000e+00 1.8830e-04 1.0294e-04 0.0000e+00 1.0294e-04 2.0919e-01 0.0000e+00
871 0.0000e+00 9.1200e-05 1.0261e-04 0.0000e+00 1.0261e-04 2.0929e-01 0.0000e+00
872 0.0000e+00 0.0000e+00 1.0228e-04 0.0000e+00 1.0228e-04 2.0939e-01 0.0000e+00
873 0.0000e+00 0.0000e+00 1.0195e-04 0.0000e+00 1.0195e-04 2.0949e-01 0.0000e+00
874 0.0000e+00 0.0000e+00 1.0163e-04 0.0000e+00 1.0163e-04 2.0959e-01 0.0000e+00
875 0.0000e+00 0.0000e+00 1.0131e-04 0.0000e+00 1.0131e-04 2.0969e-01 0.0000e+00
876 0.0000e+00 0.0000e+00 1.0099e-04 0.0000e+00 1.0099e-04 2.0980e-01 0.0000e+00
877 0.0000e+00 0.0000e+00 1.0067e-04 0.0000e+00 1.0067e-04 2.0990e-01 0.0000e+00
878 0.0000e+00 0.0000e+00 1.0035e-04 0.0000e+00 1.0035e-04 2.1000e-01 0.0000e+00
879 0.0000e+00 0.0000e+00 1.0004e-04 0.0000e+00 1.0004e-04 2.1010e-01 0.0000e+00
880 0.0000e+00 0.0000e+00 9.9726e-05 0.0000e+00 9.9726e-05 2.1020e-01 0.0000e+00
881 0.0000e+00 0.0000e+00 9.9415e-05 0.0000e+00 9.9415e-05 2.1030e-01 0.0000e+00
882 0.0000e+00 0.0000e+00 9.9107e-05 0.0000e+00 9.9107e-05 2.1040e-01 0.0000e+00
883 0.0000e+00 0.0000e+00 9.8801e-05 0.0000e+00 9.8801e-05 2.1049e-01 0.0000e+00
884 0.0000e+00 0.0000e+00 9.8496e-05 0.0000e+00 9.8496e-05 2.1059e-01 0.0000e+00
885 0.0000e+00 6.4300e-05 9.8193e-05 0.0000e+00 9.8193e-05 2.1069e-01 0.0000e+00
886 0.0000e+00 1.2410e-04 9.7892e-05 0.0000e+00 9.7892e-05 2.1079e-01 0.0000e+00
887 0.0000e+00 1.7560e-04 9.7593e-05 0.0000e+00 9.7593e-05 2.1089e-01 0.0000e+00
888 0.0000e+00 2.1500e-04 9.7296e-05 0.0000e+00 9.7296e-05 2.1098e-01 0.0000e+00
889 0.0000e+00 2.3790e-04 9.7001e-05 0.0000e+00 9.7001e-05 2.1108e-01 0.0000e+00
890 0.0000e+00 2.4840e-04 9.6707e-05 0.0000e+00 9.6707e-05 2.1118e-01 0.0000e+00
891 0.0000e+00 2.3790e-04 9.6415e-05 0.0000e+00 9.6415e-05 2.1127e-01 0.0000e+00
892 0.0000e+00 2.1500e-04 9.6125e-05 0.0000e+00 9.6125e-05 2.1137e-01 0.0000e+00
893 0.0000e+00 1.7560e-04 9.5837e-05 0.0000e+00 9.5837e-05 2.1147e-01 0.0000e+00
894 0.0000e+00 1.2410e-04 9.5550e-05 0.0000e+00 9.5550e-05 2.1156e-01 0.0000e+00
895 0.0000e+00 6.0100e-05 9.5266e-05 0.0000e+00 9.5266e-05 2.1166e-01 0.0000e+00
896 0.0000e+00 0.0000e+00 9.4982e-05 0.0000e+00 9.4982e-05 2.1175e-01 0.0000e+00
897 0.0000e+00 0.0000e+00 9.4701e-05 0.0000e+00 9.4701e-05 2.1185e-01 0.0000e+00
898 0.0000e+00 0.0000e+00 9.4421e-05 0.0000e+00 9.4421e-05 2.1194e-01 0.0000e+00
899 0.0000e+00 0.0000e+00 9.4143e-05 0.0000e+00 9.4143e-05 2.1203e-01 0.0000e+00
900 0.0000e+00 0.0000e+00 9.3866e-05 0.0000e+00 9.3866e-05 2.1213e-01 0.0000e+00
901 0.0000e+00 0.0000e+00 9.3591e-05 0.0000e+00 9.3591e-05 2.1222e-01 0.0000e+00
902 0.0000e+00 0.0000e+00 9.3318e-05 0.0000e+00 9.3318e-05 2.1232e-01 0.0000e+00
903 0.0000e+00 0.0000e+00 9.3046e-05 0.0000e+00 9.3046e-05 2.1241e-01 0.0000e+00
904 0.0000e+00 0.0000e+00 9.2776e-05 0.0000e+00 9.2776e-05 2.1250e-01 0.0000e+00
905 0.0000e+00 0.0000e+00 9.2507e-05 0.0000e+00 9.2507e-05 2.1259e-01 0.0000e+00
906 0.0000e+00 0.0000e+00 9.2240e-05 0.0000e+00 9.2240e-05 2.1269e-01 0.0000e+00
907 0.0000e+00 0.0000e+00 9.1975e-05 0.0000e+00 9.1975e-05 2.1278e-01 0.0000e+00
908 0.0000e+00 0.0000e+00 9.1711e-05 0.0000e+00 9.1711e-05 2.1287e-01 0.0000e+00
909 0.0000e+00 8.0200e-05 9.1449e-05 0.0000e+00 9.1449e-05 2.1296e-01 0.0000e+00
910 0.0000e+00 1.5480e-04 9.1188e-05 0.0000e+00 9.1188e-05 2.1305e-01 0.0000e+00
911 0.0000e+00 2.1910e-04 9.0928e-05 0.0000e+00 9.0928e-05 2.1314e-01 0.0000e+00
912 0.0000e+00 2.6830e-04 9.0670e-05 0.0000e+00 9.0670e-05 2.1323e-01 0.0000e+00
913 0.0000e+00 2.9680e-04 9.0414e-05 0.0000e+00 9.0414e-05 2.1332e-01 0.0000e+00
914 0.0000e+00 3.0990e-04 9.0158e-05 0.0000e+00 9.0158e-05 2.1341e-01 0.0000e+00
915 0.0000e+00 2.9680e-04 8.9905e-05 0.0000e+00 8.9905e-05 2.1350e-01 0.0000e+00
916 0.0000e+00 2.6830e-04 8.9653e-05 0.0000e+00 8.9653e-05 2.1359e-01 0.0000e+00
917 0.0000e+00 2.1910e-04 8.9402e-05 0.0000e+00 8.9402e-05 2.1368e-01 0.0000e+00
918 0.0000e+00 1.5480e-04 8.9152e-05 0.0000e+00 8.9152e-05 2.1377e-01 0.0000e+00
919 0.0000e+00 7.5000e-05 8.8904e-05 0.0000e+00 8.8904e-05 2.1386e-01 0.0000e+00
920 0.0000e+00 0.0000e+00 8.8658e-05 0.0000e+00 8.8658e-05 2.1395e-01 0.0000e+00
921 0.0000e+00 0.0000e+00 8.8412e-05 0.0000e+00 8.8412e-05 2.1404e-01 0.0000e+00
922 0.0000e+00 0.0000e+00 8.8168e-05 0.0000e+00 8.8168e-05 2.1413e-01 0.0000e+00
923 0.0000e+00 0.0000e+00 8.7926e-05 0.0000e+00 8.7926e-05 2.1421e-01 0.0000e+00
924 0.0000e+00 0.0000e+00 8.7685e-05 0.0000e+00 8.7685e-05 2.1430e-01 0.0000e+00
925 0.0000e+00 0.0000e+00 8.7445e-05 0.0000e+00 8.7445e-05 2.1439e-01 0.0000e+00
926 0.0000e+00 0.0000e+00 8.7206e-05 0.0000e+00 8.7206e-05 2.1448e-01 0.0000e+00
927 0.0000e+00 0.0000e+00 8.6969e-05 0.0000e+00 8.6969e-05 2.1456e-01 0.0000e+00
928 0.0000e+00 0.0000e+00 8.6733e-05 0.0000e+00 8.6733e-05 2.1465e-01 0.0000e+00
929 0.0000e+00 0.0000e+00 8.6498e-05 0.0000e+00 8.6498e-05 2.1474e-01 0.0000e+00
930 0.0000e+00 0.0000e+00 8.6264e-05 0.0000e+00 8.6264e-05 2.1482e-01 0.0000e+00
931 0.0000e+00 0.0000e+00 8.6032e-05 0.0000e+00 8.6032e-05 2.1491e-01 0.0000e+00
932 0.0000e+00 0.0000e+00 8.5801e-05 0.0000e+00 8.5801e-05 2.1500e-01 0.0000e+00
933 0.0000e+00 9.6000e-05 8.5571e-05 0.0000e+00 8.5571e-05 2.1508e-01 0.0000e+00
934 0.0000e+00 1.8520e-04 8.5343e-05 0.0000e+00 8.5343e-05 2.1517e-01 0.0000e+00
935 0.0000e+00 2.6210e-04 8.5116e-05 0.0000e+00 8.5116e-05 2.1525e-01 0.0000e+00
936 0.0000e+00 3.2090e-04 8.4889e-05 0.0000e+00 8.4889e-05 2.1534e-01 0.0000e+00
937 0.0000e+00 3.5500e-04 8.4665e-05 0.0000e+00 8.4665e-05 2.1542e-01 0.0000e+00
938 0.0000e+00 3.7070e-04 8.4441e-05 0.0000e+00 8.4441e-05 2.1551e-01 0.0000e+00
939 0.0000e+00 3.5500e-04 8.4218e-05 0.0000e+00 8.4218e-05 2.1559e-01 0.0000e+00
940 0.0000e+00 3.2090e-04 8.3997e-05 0.0000e+00 8.3997e-05 2.1567e-01 0.0000e+00
941 0.0000e+00 2.6210e-04 8.3777e-05 0.0000e+00 8.3777e-05 2.1576e-01 0.0000e+00
942 0.0000e+00 1.8520e-04 8.3558e-05 0.0000e+00 8.3558e-05 2.1584e-01 0.0000e+00
943 0.0000e+00 8.9700e-05 8.3340e-05 0.0000e+00 8.3340e-05 2.1592e-01 0.0000e+00
944 0.0000e+00 0.0000e+00 8.3123e-05 0.0000e+00 8.3123e-05 2.1601e-01 0.0000e+00
945 0.0000e+00 0.0000e+00 8.2907e-05 0.0000e+00 8.2907e-05 2.1609e-01 0.0000e+00
946 0.0000e+00 0.0000e+00 8.2693e-05 0.0000e+00 8.2693e-05 2.1617e-01 0.0000e+00
947 0.0000e+00 0.0000e+00 8.2479e-05 0.0000e+00 8.2479e-05 2.1626e-01 0.0000e+00
948 0.0000e+00 0.0000e+00 8.2267e-05 0.0000e+00 8.2267e-05 2.1634e-01 0.0000e+00
949 0.0000e+00 0.0000e+00 8.2056e-05 0.0000e+00 8.2056e-05 2.1642e-01 0.0000e+00
950 0.0000e+00 0.0000e+00 8.1846e-05 0.0000e+00 8.1846e-05 2.1650e-01 0.0000e+00
Objective function values:
F1 2.059973e-06    NSE 0.64588   F2 3.352843e-02
Mean Obs Q 1.590065e-04   Variance Obs Q 6.123405e-09
    Error Variance 2.168393e-09

Water Balance for Subcatchment: Extracted study basin: Taegu Pyungkwang River

   SUMP       SUMAE      SUMQ       SUMRZ      SUMUZ      SBAR        BAL
1.890e-01  4.489e-02  1.195e-01  1.901e-02  0.000e+00  2.165e-01  1.244e-02
