Taegu Pyungkwang River Catchment: Calibration Data

Subcatchment : Extracted study basin: cat-12669

TL =     7.06
SUMAC =     1.00
SZQ =       0.12787
Subcatchment routing data:
Maximum Routing Delay       0.69444
Sum of Histogram ordinates:     1.0000
     1.00000 
Initial BAL             -0.26659
Initial SBAR             0.26459
Initial SR0              0.00200
it      p        ep       q(it)       quz      q       sbar       qof
1 0.0000e+00 6.1900e-05 3.2800e-05 0.0000e+00 3.2800e-05 2.6462e-01 0.0000e+00
2 0.0000e+00 6.4700e-05 3.2766e-05 0.0000e+00 3.2766e-05 2.6465e-01 0.0000e+00
3 1.0000e-03 6.1900e-05 3.2733e-05 0.0000e+00 3.2733e-05 2.6468e-01 0.0000e+00
4 1.0000e-03 5.6000e-05 3.2699e-05 0.0000e+00 3.2699e-05 2.6472e-01 0.0000e+00
5 1.0000e-03 4.5700e-05 3.5214e-05 6.5361e-05 3.2666e-05 2.6468e-01 2.5485e-06
6 5.0000e-04 3.2300e-05 3.4218e-05 9.4466e-05 3.2699e-05 2.6462e-01 1.5186e-06
7 5.0000e-04 1.5600e-05 3.4326e-05 1.2305e-04 3.2763e-05 2.6453e-01 1.5634e-06
8 0.0000e+00 0.0000e+00 3.2855e-05 1.0876e-04 3.2855e-05 2.6446e-01 0.0000e+00
9 5.0000e-04 0.0000e+00 3.4601e-05 1.3998e-04 3.2933e-05 2.6435e-01 1.6682e-06
10 5.0000e-04 0.0000e+00 3.4982e-05 1.6744e-04 3.3044e-05 2.6421e-01 1.9385e-06
11 0.0000e+00 0.0000e+00 3.3183e-05 1.4971e-04 3.3183e-05 2.6410e-01 0.0000e+00
12 0.0000e+00 0.0000e+00 3.3304e-05 1.3600e-04 3.3304e-05 2.6400e-01 0.0000e+00
13 1.0000e-03 0.0000e+00 3.8282e-05 2.0861e-04 3.3411e-05 2.6382e-01 4.8710e-06
14 5.0000e-04 0.0000e+00 3.6030e-05 2.2858e-04 3.3594e-05 2.6363e-01 2.4355e-06
15 5.0000e-04 0.0000e+00 3.6235e-05 2.4818e-04 3.3799e-05 2.6341e-01 2.4355e-06
16 1.0000e-03 0.0000e+00 3.8898e-05 3.0868e-04 3.4027e-05 2.6314e-01 4.8710e-06
17 0.0000e+00 0.0000e+00 3.4320e-05 2.7692e-04 3.4320e-05 2.6289e-01 0.0000e+00
18 0.0000e+00 0.0000e+00 3.4581e-05 2.5185e-04 3.4581e-05 2.6268e-01 0.0000e+00
19 0.0000e+00 0.0000e+00 3.4817e-05 2.2981e-04 3.4817e-05 2.6248e-01 0.0000e+00
20 0.0000e+00 0.0000e+00 3.5030e-05 2.1015e-04 3.5030e-05 2.6231e-01 0.0000e+00
21 0.0000e+00 1.8000e-05 3.5222e-05 1.9246e-04 3.5222e-05 2.6215e-01 0.0000e+00
22 0.0000e+00 3.4800e-05 3.5395e-05 1.7647e-04 3.5395e-05 2.6201e-01 0.0000e+00
23 0.0000e+00 4.9200e-05 3.5552e-05 1.6195e-04 3.5552e-05 2.6188e-01 0.0000e+00
24 3.0000e-03 6.0200e-05 4.9809e-05 3.9693e-04 3.5692e-05 2.6152e-01 1.4116e-05
25 2.0000e-03 6.6600e-05 4.5546e-05 5.1648e-04 3.6098e-05 2.6104e-01 9.4488e-06
26 5.5000e-03 6.9600e-05 6.3110e-05 9.2805e-04 3.6644e-05 2.6015e-01 2.6466e-05
27 6.0000e-03 6.6600e-05 6.6566e-05 1.3336e-03 3.7679e-05 2.5885e-01 2.8887e-05
28 1.0000e-03 6.0200e-05 4.3782e-05 1.2674e-03 3.9236e-05 2.5762e-01 4.5466e-06
29 2.5000e-03 4.9200e-05 5.2655e-05 1.3598e-03 4.0771e-05 2.5631e-01 1.1884e-05
30 0.0000e+00 3.4800e-05 4.2487e-05 1.2268e-03 4.2487e-05 2.5512e-01 0.0000e+00
31 0.0000e+00 1.6800e-05 4.4088e-05 1.1174e-03 4.4088e-05 2.5405e-01 0.0000e+00
32 1.0000e-03 0.0000e+00 4.9973e-05 1.1011e-03 4.5592e-05 2.5299e-01 4.3803e-06
33 5.0000e-04 0.0000e+00 4.9557e-05 1.0467e-03 4.7121e-05 2.5199e-01 2.4355e-06
34 0.0000e+00 0.0000e+00 4.8616e-05 9.5354e-04 4.8616e-05 2.5109e-01 0.0000e+00
35 0.0000e+00 0.0000e+00 5.0011e-05 8.7196e-04 5.0011e-05 2.5027e-01 0.0000e+00
36 0.0000e+00 0.0000e+00 5.1312e-05 7.9812e-04 5.1312e-05 2.4952e-01 0.0000e+00
37 0.0000e+00 0.0000e+00 5.2524e-05 7.3096e-04 5.2524e-05 2.4884e-01 0.0000e+00
38 0.0000e+00 0.0000e+00 5.3649e-05 6.6976e-04 5.3649e-05 2.4822e-01 0.0000e+00
39 0.0000e+00 0.0000e+00 5.4692e-05 6.1390e-04 5.4692e-05 2.4767e-01 0.0000e+00
40 0.0000e+00 0.0000e+00 5.5656e-05 5.6287e-04 5.5656e-05 2.4716e-01 0.0000e+00
41 0.0000e+00 0.0000e+00 5.6545e-05 5.1623e-04 5.6545e-05 2.4670e-01 0.0000e+00
42 0.0000e+00 0.0000e+00 5.7364e-05 4.7357e-04 5.7364e-05 2.4628e-01 0.0000e+00
43 0.0000e+00 0.0000e+00 5.8114e-05 4.3454e-04 5.8114e-05 2.4591e-01 0.0000e+00
44 0.0000e+00 0.0000e+00 5.8802e-05 3.9881e-04 5.8802e-05 2.4557e-01 0.0000e+00
45 0.0000e+00 3.3800e-05 5.9430e-05 3.6610e-04 5.9430e-05 2.4526e-01 0.0000e+00
46 1.0000e-03 6.5200e-05 6.7432e-05 4.2534e-04 6.0003e-05 2.4489e-01 7.4294e-06
47 0.0000e+00 9.2300e-05 6.0691e-05 3.8401e-04 6.0691e-05 2.4457e-01 0.0000e+00
48 5.0000e-04 1.1300e-04 6.3942e-05 3.8247e-04 6.1308e-05 2.4425e-01 2.6345e-06
49 0.0000e+00 1.2500e-04 6.1926e-05 3.4766e-04 6.1926e-05 2.4396e-01 0.0000e+00
50 1.0000e-03 1.3050e-04 6.8343e-05 3.8870e-04 6.2482e-05 2.4364e-01 5.8614e-06
51 2.5000e-03 1.2500e-04 8.1342e-05 5.7146e-04 6.3122e-05 2.4313e-01 1.8220e-05
52 3.0000e-03 1.1300e-04 8.6239e-05 7.7450e-04 6.4133e-05 2.4242e-01 2.2107e-05
53 2.5000e-03 9.2300e-05 8.3926e-05 9.0851e-04 6.5572e-05 2.4158e-01 1.8354e-05
54 3.0000e-03 6.5200e-05 8.9680e-05 1.0815e-03 6.7322e-05 2.4056e-01 2.2358e-05
55 2.5000e-03 3.1600e-05 8.8212e-05 1.1918e-03 6.9490e-05 2.3944e-01 1.8722e-05
56 2.0000e-03 0.0000e+00 8.7106e-05 1.2507e-03 7.1971e-05 2.3826e-01 1.5136e-05
57 1.0000e-03 0.0000e+00 8.2360e-05 1.2149e-03 7.4671e-05 2.3712e-01 7.6893e-06
58 1.0000e-03 0.0000e+00 8.5069e-05 1.1901e-03 7.7380e-05 2.3601e-01 7.6893e-06
59 0.0000e+00 0.0000e+00 8.0118e-05 1.0713e-03 8.0118e-05 2.3502e-01 0.0000e+00
60 5.0000e-04 0.0000e+00 8.6483e-05 1.0210e-03 8.2638e-05 2.3408e-01 3.8446e-06
61 5.0000e-04 0.0000e+00 8.8942e-05 9.7295e-04 8.5097e-05 2.3319e-01 3.8446e-06
62 0.0000e+00 0.0000e+00 8.7491e-05 8.7946e-04 8.7491e-05 2.3240e-01 0.0000e+00
63 0.0000e+00 0.0000e+00 8.9684e-05 7.9918e-04 8.9684e-05 2.3169e-01 0.0000e+00
64 0.0000e+00 0.0000e+00 9.1694e-05 7.2688e-04 9.1694e-05 2.3105e-01 0.0000e+00
65 0.0000e+00 0.0000e+00 9.3533e-05 6.6157e-04 9.3533e-05 2.3049e-01 0.0000e+00
66 0.0000e+00 0.0000e+00 9.5208e-05 6.0245e-04 9.5208e-05 2.2998e-01 0.0000e+00
67 0.0000e+00 0.0000e+00 9.6729e-05 5.4886e-04 9.6729e-05 2.2953e-01 0.0000e+00
68 0.0000e+00 0.0000e+00 9.8105e-05 5.0024e-04 9.8105e-05 2.2912e-01 0.0000e+00
69 0.0000e+00 4.1400e-05 9.9346e-05 4.5608e-04 9.9346e-05 2.2877e-01 0.0000e+00
70 0.0000e+00 7.9800e-05 1.0046e-04 4.1596e-04 1.0046e-04 2.2845e-01 0.0000e+00
71 0.0000e+00 1.1290e-04 1.0145e-04 3.7949e-04 1.0145e-04 2.2817e-01 0.0000e+00
72 0.0000e+00 1.3830e-04 1.0234e-04 3.4632e-04 1.0234e-04 2.2793e-01 0.0000e+00
73 0.0000e+00 1.5300e-04 1.0312e-04 3.1614e-04 1.0312e-04 2.2772e-01 0.0000e+00
74 0.0000e+00 1.5980e-04 1.0381e-04 2.8868e-04 1.0381e-04 2.2753e-01 0.0000e+00
75 0.0000e+00 1.5300e-04 1.0441e-04 2.6367e-04 1.0441e-04 2.2737e-01 0.0000e+00
76 0.0000e+00 1.3830e-04 1.0493e-04 2.4090e-04 1.0493e-04 2.2724e-01 0.0000e+00
77 0.0000e+00 1.1290e-04 1.0538e-04 2.2015e-04 1.0538e-04 2.2712e-01 0.0000e+00
78 0.0000e+00 7.9800e-05 1.0576e-04 2.0124e-04 1.0576e-04 2.2703e-01 0.0000e+00
79 0.0000e+00 3.8700e-05 1.0608e-04 1.8401e-04 1.0608e-04 2.2695e-01 0.0000e+00
80 0.0000e+00 0.0000e+00 1.0633e-04 1.6829e-04 1.0633e-04 2.2689e-01 0.0000e+00
81 0.0000e+00 0.0000e+00 1.0654e-04 1.5396e-04 1.0654e-04 2.2684e-01 0.0000e+00
82 0.0000e+00 0.0000e+00 1.0670e-04 1.4088e-04 1.0670e-04 2.2681e-01 0.0000e+00
83 0.0000e+00 0.0000e+00 1.0681e-04 1.2894e-04 1.0681e-04 2.2678e-01 0.0000e+00
84 0.0000e+00 0.0000e+00 1.0689e-04 1.1805e-04 1.0689e-04 2.2677e-01 0.0000e+00
85 0.0000e+00 0.0000e+00 1.0692e-04 1.0810e-04 1.0692e-04 2.2677e-01 0.0000e+00
86 0.0000e+00 0.0000e+00 1.0693e-04 9.9011e-05 1.0693e-04 2.2678e-01 0.0000e+00
87 0.0000e+00 0.0000e+00 1.0690e-04 9.0709e-05 1.0690e-04 2.2679e-01 0.0000e+00
88 0.0000e+00 0.0000e+00 1.0685e-04 8.3122e-05 1.0685e-04 2.2682e-01 0.0000e+00
89 0.0000e+00 0.0000e+00 1.0677e-04 7.6187e-05 1.0677e-04 2.2685e-01 0.0000e+00
90 0.0000e+00 0.0000e+00 1.0667e-04 6.9846e-05 1.0667e-04 2.2689e-01 0.0000e+00
91 0.0000e+00 0.0000e+00 1.0654e-04 6.4047e-05 1.0654e-04 2.2693e-01 0.0000e+00
92 0.0000e+00 0.0000e+00 1.0640e-04 5.8742e-05 1.0640e-04 2.2698e-01 0.0000e+00
93 0.0000e+00 1.9100e-05 1.0624e-04 5.3888e-05 1.0624e-04 2.2703e-01 0.0000e+00
94 0.0000e+00 3.6800e-05 1.0607e-04 4.9445e-05 1.0607e-04 2.2708e-01 0.0000e+00
95 0.0000e+00 5.2100e-05 1.0588e-04 4.5378e-05 1.0588e-04 2.2715e-01 0.0000e+00
96 0.0000e+00 6.3800e-05 1.0568e-04 4.1654e-05 1.0568e-04 2.2721e-01 0.0000e+00
97 5.0000e-04 7.0600e-05 1.0547e-04 3.8243e-05 1.0547e-04 2.2728e-01 0.0000e+00
98 5.0000e-04 7.3700e-05 1.0525e-04 3.5119e-05 1.0525e-04 2.2735e-01 0.0000e+00
99 0.0000e+00 7.0600e-05 1.0502e-04 3.2256e-05 1.0502e-04 2.2742e-01 0.0000e+00
100 0.0000e+00 6.3800e-05 1.0478e-04 2.9632e-05 1.0478e-04 2.2749e-01 0.0000e+00
101 0.0000e+00 5.2100e-05 1.0454e-04 2.7226e-05 1.0454e-04 2.2757e-01 0.0000e+00
102 0.0000e+00 3.6800e-05 1.0428e-04 2.5021e-05 1.0428e-04 2.2765e-01 0.0000e+00
103 0.0000e+00 1.7800e-05 1.0403e-04 2.2998e-05 1.0403e-04 2.2773e-01 0.0000e+00
104 0.0000e+00 0.0000e+00 1.0376e-04 2.1142e-05 1.0376e-04 2.2782e-01 0.0000e+00
105 0.0000e+00 0.0000e+00 1.0349e-04 1.9440e-05 1.0349e-04 2.2790e-01 0.0000e+00
106 0.0000e+00 0.0000e+00 1.0322e-04 1.7878e-05 1.0322e-04 2.2798e-01 0.0000e+00
107 0.0000e+00 0.0000e+00 1.0295e-04 1.6444e-05 1.0295e-04 2.2807e-01 0.0000e+00
108 0.0000e+00 0.0000e+00 1.0267e-04 1.5127e-05 1.0267e-04 2.2816e-01 0.0000e+00
109 0.0000e+00 0.0000e+00 1.0239e-04 1.3919e-05 1.0239e-04 2.2825e-01 0.0000e+00
110 0.0000e+00 0.0000e+00 1.0211e-04 1.2809e-05 1.0211e-04 2.2834e-01 0.0000e+00
111 5.0000e-04 0.0000e+00 1.0182e-04 1.1789e-05 1.0182e-04 2.2843e-01 0.0000e+00
112 0.0000e+00 0.0000e+00 1.0154e-04 1.0852e-05 1.0154e-04 2.2852e-01 0.0000e+00
113 0.0000e+00 0.0000e+00 1.0125e-04 9.9914e-06 1.0125e-04 2.2861e-01 0.0000e+00
114 0.0000e+00 0.0000e+00 1.0096e-04 9.2004e-06 1.0096e-04 2.2870e-01 0.0000e+00
115 0.0000e+00 0.0000e+00 1.0067e-04 8.4732e-06 1.0067e-04 2.2879e-01 0.0000e+00
116 0.0000e+00 0.0000e+00 1.0038e-04 7.8046e-06 1.0038e-04 2.2888e-01 0.0000e+00
117 0.0000e+00 1.0200e-05 1.0009e-04 7.1898e-06 1.0009e-04 2.2898e-01 0.0000e+00
118 0.0000e+00 1.9800e-05 9.9802e-05 6.6242e-06 9.9802e-05 2.2907e-01 0.0000e+00
119 0.0000e+00 2.8000e-05 9.9512e-05 6.1041e-06 9.9512e-05 2.2916e-01 0.0000e+00
120 0.0000e+00 3.4200e-05 9.9222e-05 5.6257e-06 9.9222e-05 2.2926e-01 0.0000e+00
121 0.0000e+00 3.7900e-05 9.8932e-05 5.1855e-06 9.8932e-05 2.2935e-01 0.0000e+00
122 0.0000e+00 3.9500e-05 9.8642e-05 4.7804e-06 9.8642e-05 2.2945e-01 0.0000e+00
123 0.0000e+00 3.7900e-05 9.8353e-05 4.4075e-06 9.8353e-05 2.2954e-01 0.0000e+00
124 0.0000e+00 3.4200e-05 9.8065e-05 4.0643e-06 9.8065e-05 2.2963e-01 0.0000e+00
125 0.0000e+00 2.8000e-05 9.7778e-05 3.7482e-06 9.7778e-05 2.2973e-01 0.0000e+00
126 0.0000e+00 1.9800e-05 9.7491e-05 3.4572e-06 9.7491e-05 2.2982e-01 0.0000e+00
127 0.0000e+00 9.6000e-06 9.7205e-05 3.1892e-06 9.7205e-05 2.2992e-01 0.0000e+00
128 0.0000e+00 0.0000e+00 9.6919e-05 2.9423e-06 9.6919e-05 2.3001e-01 0.0000e+00
129 0.0000e+00 0.0000e+00 9.6635e-05 2.7146e-06 9.6635e-05 2.3010e-01 0.0000e+00
130 0.0000e+00 0.0000e+00 9.6352e-05 2.5051e-06 9.6352e-05 2.3020e-01 0.0000e+00
131 0.0000e+00 0.0000e+00 9.6070e-05 2.3120e-06 9.6070e-05 2.3029e-01 0.0000e+00
132 0.0000e+00 0.0000e+00 9.5789e-05 2.1341e-06 9.5789e-05 2.3038e-01 0.0000e+00
133 0.0000e+00 0.0000e+00 9.5509e-05 1.9701e-06 9.5509e-05 2.3048e-01 0.0000e+00
134 0.0000e+00 0.0000e+00 9.5230e-05 1.8189e-06 9.5230e-05 2.3057e-01 0.0000e+00
135 0.0000e+00 0.0000e+00 9.4952e-05 1.6795e-06 9.4952e-05 2.3066e-01 0.0000e+00
136 0.0000e+00 0.0000e+00 9.4676e-05 1.5510e-06 9.4676e-05 2.3076e-01 0.0000e+00
137 0.0000e+00 0.0000e+00 9.4401e-05 1.4324e-06 9.4401e-05 2.3085e-01 0.0000e+00
138 0.0000e+00 0.0000e+00 9.4127e-05 1.3231e-06 9.4127e-05 2.3094e-01 0.0000e+00
139 0.0000e+00 0.0000e+00 9.3855e-05 1.2218e-06 9.3855e-05 2.3104e-01 0.0000e+00
140 0.0000e+00 0.0000e+00 9.3583e-05 1.1288e-06 9.3583e-05 2.3113e-01 0.0000e+00
141 5.0000e-04 4.1400e-05 9.3313e-05 1.0430e-06 9.3313e-05 2.3122e-01 0.0000e+00
142 0.0000e+00 7.9900e-05 9.3045e-05 9.6385e-07 9.3045e-05 2.3131e-01 0.0000e+00
143 0.0000e+00 1.1300e-04 9.2777e-05 8.9077e-07 9.2777e-05 2.3141e-01 0.0000e+00
144 0.0000e+00 1.3840e-04 9.2511e-05 8.2331e-07 9.2511e-05 2.3150e-01 0.0000e+00
145 0.0000e+00 1.5310e-04 9.2247e-05 7.6104e-07 9.2247e-05 2.3159e-01 0.0000e+00
146 0.0000e+00 1.5990e-04 9.1983e-05 7.0355e-07 9.1983e-05 2.3168e-01 0.0000e+00
147 0.0000e+00 1.5310e-04 9.1721e-05 6.5046e-07 9.1721e-05 2.3177e-01 0.0000e+00
148 0.0000e+00 1.3840e-04 9.1460e-05 6.0144e-07 9.1460e-05 2.3186e-01 0.0000e+00
149 0.0000e+00 1.1300e-04 9.1201e-05 5.5570e-07 9.1201e-05 2.3195e-01 0.0000e+00
150 0.0000e+00 7.9900e-05 9.0943e-05 5.1394e-07 9.0943e-05 2.3204e-01 0.0000e+00
151 0.0000e+00 3.8700e-05 9.0687e-05 4.7537e-07 9.0687e-05 2.3213e-01 0.0000e+00
152 0.0000e+00 0.0000e+00 9.0431e-05 4.3972e-07 9.0431e-05 2.3222e-01 0.0000e+00
153 0.0000e+00 0.0000e+00 9.0177e-05 4.0679e-07 9.0177e-05 2.3231e-01 0.0000e+00
154 0.0000e+00 0.0000e+00 8.9925e-05 3.7636e-07 8.9925e-05 2.3240e-01 0.0000e+00
155 0.0000e+00 0.0000e+00 8.9673e-05 3.4824e-07 8.9673e-05 2.3249e-01 0.0000e+00
156 0.0000e+00 0.0000e+00 8.9423e-05 3.2224e-07 8.9423e-05 2.3258e-01 0.0000e+00
157 0.0000e+00 0.0000e+00 8.9175e-05 2.9822e-07 8.9175e-05 2.3267e-01 0.0000e+00
158 0.0000e+00 0.0000e+00 8.8927e-05 2.7601e-07 8.8927e-05 2.3276e-01 0.0000e+00
159 0.0000e+00 0.0000e+00 8.8681e-05 2.5547e-07 8.8681e-05 2.3285e-01 0.0000e+00
160 0.0000e+00 0.0000e+00 8.8437e-05 2.3595e-07 8.8437e-05 2.3293e-01 0.0000e+00
161 0.0000e+00 0.0000e+00 8.8193e-05 2.1845e-07 8.8193e-05 2.3302e-01 0.0000e+00
162 0.0000e+00 0.0000e+00 8.7951e-05 2.0227e-07 8.7951e-05 2.3311e-01 0.0000e+00
163 0.0000e+00 0.0000e+00 8.7710e-05 1.8730e-07 8.7710e-05 2.3320e-01 0.0000e+00
164 0.0000e+00 0.0000e+00 8.7471e-05 1.7345e-07 8.7471e-05 2.3329e-01 0.0000e+00
165 0.0000e+00 1.7800e-05 8.7232e-05 1.6064e-07 8.7232e-05 2.3337e-01 0.0000e+00
166 0.0000e+00 3.4400e-05 8.6995e-05 1.4878e-07 8.6995e-05 2.3346e-01 0.0000e+00
167 0.0000e+00 4.8600e-05 8.6760e-05 1.3782e-07 8.6760e-05 2.3355e-01 0.0000e+00
168 0.0000e+00 5.9500e-05 8.6525e-05 1.2767e-07 8.6525e-05 2.3363e-01 0.0000e+00
169 0.0000e+00 6.5900e-05 8.6292e-05 1.1827e-07 8.6292e-05 2.3372e-01 0.0000e+00
170 0.0000e+00 6.8800e-05 8.6060e-05 1.0892e-07 8.6060e-05 2.3380e-01 0.0000e+00
171 0.0000e+00 6.5900e-05 8.5829e-05 1.0094e-07 8.5829e-05 2.3389e-01 0.0000e+00
172 0.0000e+00 5.9500e-05 8.5599e-05 9.3552e-08 8.5599e-05 2.3398e-01 0.0000e+00
173 0.0000e+00 4.8600e-05 8.5371e-05 8.6709e-08 8.5371e-05 2.3406e-01 0.0000e+00
174 0.0000e+00 3.4400e-05 8.5144e-05 8.0372e-08 8.5144e-05 2.3415e-01 0.0000e+00
175 0.0000e+00 1.6600e-05 8.4918e-05 7.4503e-08 8.4918e-05 2.3423e-01 0.0000e+00
176 0.0000e+00 0.0000e+00 8.4693e-05 6.9068e-08 8.4693e-05 2.3432e-01 0.0000e+00
177 0.0000e+00 0.0000e+00 8.4469e-05 6.4034e-08 8.4469e-05 2.3440e-01 0.0000e+00
178 0.0000e+00 0.0000e+00 8.4247e-05 5.9370e-08 8.4247e-05 2.3448e-01 0.0000e+00
179 0.0000e+00 0.0000e+00 8.4025e-05 5.5050e-08 8.4025e-05 2.3457e-01 0.0000e+00
180 0.0000e+00 0.0000e+00 8.3805e-05 5.1048e-08 8.3805e-05 2.3465e-01 0.0000e+00
181 0.0000e+00 0.0000e+00 8.3586e-05 4.6550e-08 8.3586e-05 2.3474e-01 0.0000e+00
182 0.0000e+00 0.0000e+00 8.3368e-05 4.3187e-08 8.3368e-05 2.3482e-01 0.0000e+00
183 0.0000e+00 0.0000e+00 8.3151e-05 4.0069e-08 8.3151e-05 2.3490e-01 0.0000e+00
184 0.0000e+00 0.0000e+00 8.2936e-05 3.7178e-08 8.2936e-05 2.3498e-01 0.0000e+00
185 0.0000e+00 0.0000e+00 8.2721e-05 3.4498e-08 8.2721e-05 2.3507e-01 0.0000e+00
186 0.0000e+00 0.0000e+00 8.2508e-05 3.2013e-08 8.2508e-05 2.3515e-01 0.0000e+00
187 0.0000e+00 0.0000e+00 8.2295e-05 2.9709e-08 8.2295e-05 2.3523e-01 0.0000e+00
188 0.0000e+00 0.0000e+00 8.2084e-05 2.7572e-08 8.2084e-05 2.3531e-01 0.0000e+00
189 0.0000e+00 4.5600e-05 8.1874e-05 2.5590e-08 8.1874e-05 2.3540e-01 0.0000e+00
190 5.0000e-04 8.7900e-05 8.1664e-05 2.3753e-08 8.1664e-05 2.3548e-01 0.0000e+00
191 0.0000e+00 1.2440e-04 8.1456e-05 2.0997e-08 8.1456e-05 2.3556e-01 0.0000e+00
192 0.0000e+00 1.5230e-04 8.1249e-05 1.9505e-08 8.1249e-05 2.3564e-01 0.0000e+00
193 0.0000e+00 1.6850e-04 8.1043e-05 1.8120e-08 8.1043e-05 2.3572e-01 0.0000e+00
194 0.0000e+00 1.7590e-04 8.0838e-05 1.6834e-08 8.0838e-05 2.3580e-01 0.0000e+00
195 0.0000e+00 1.6850e-04 8.0635e-05 1.5640e-08 8.0635e-05 2.3588e-01 0.0000e+00
196 0.0000e+00 1.5230e-04 8.0432e-05 1.4532e-08 8.0432e-05 2.3596e-01 0.0000e+00
197 0.0000e+00 1.2440e-04 8.0230e-05 1.3502e-08 8.0230e-05 2.3604e-01 0.0000e+00
198 0.0000e+00 8.7900e-05 8.0029e-05 1.2547e-08 8.0029e-05 2.3612e-01 0.0000e+00
199 0.0000e+00 4.2600e-05 7.9829e-05 1.1659e-08 7.9829e-05 2.3620e-01 0.0000e+00
200 0.0000e+00 0.0000e+00 7.9630e-05 1.0835e-08 7.9630e-05 2.3628e-01 0.0000e+00
201 0.0000e+00 0.0000e+00 7.9432e-05 1.0069e-08 7.9432e-05 2.3636e-01 0.0000e+00
202 0.0000e+00 0.0000e+00 7.9235e-05 8.2642e-09 7.9235e-05 2.3644e-01 0.0000e+00
203 0.0000e+00 0.0000e+00 7.9039e-05 7.6902e-09 7.9039e-05 2.3652e-01 0.0000e+00
204 0.0000e+00 0.0000e+00 7.8844e-05 7.1564e-09 7.8844e-05 2.3660e-01 0.0000e+00
205 0.0000e+00 0.0000e+00 7.8650e-05 6.6598e-09 7.8650e-05 2.3668e-01 0.0000e+00
206 0.0000e+00 0.0000e+00 7.8457e-05 6.1980e-09 7.8457e-05 2.3676e-01 0.0000e+00
207 0.0000e+00 0.0000e+00 7.8265e-05 5.7683e-09 7.8265e-05 2.3683e-01 0.0000e+00
208 0.0000e+00 0.0000e+00 7.8074e-05 5.3687e-09 7.8074e-05 2.3691e-01 0.0000e+00
209 0.0000e+00 0.0000e+00 7.7884e-05 4.9969e-09 7.7884e-05 2.3699e-01 0.0000e+00
210 0.0000e+00 0.0000e+00 7.7695e-05 4.6510e-09 7.7695e-05 2.3707e-01 0.0000e+00
211 0.0000e+00 0.0000e+00 7.7506e-05 4.3293e-09 7.7506e-05 2.3715e-01 0.0000e+00
212 0.0000e+00 0.0000e+00 7.7319e-05 2.9829e-09 7.7319e-05 2.3722e-01 0.0000e+00
213 0.0000e+00 4.9000e-05 7.7132e-05 2.7818e-09 7.7132e-05 2.3730e-01 0.0000e+00
214 0.0000e+00 9.4600e-05 7.6946e-05 2.5944e-09 7.6946e-05 2.3738e-01 0.0000e+00
215 0.0000e+00 1.3380e-04 7.6762e-05 2.4196e-09 7.6762e-05 2.3745e-01 0.0000e+00
216 0.0000e+00 1.6380e-04 7.6578e-05 2.2566e-09 7.6578e-05 2.3753e-01 0.0000e+00
217 0.0000e+00 1.8130e-04 7.6395e-05 2.1047e-09 7.6395e-05 2.3761e-01 0.0000e+00
218 0.0000e+00 1.8920e-04 7.6213e-05 1.9631e-09 7.6213e-05 2.3768e-01 0.0000e+00
219 0.0000e+00 1.8130e-04 7.6031e-05 1.8310e-09 7.6031e-05 2.3776e-01 0.0000e+00
220 0.0000e+00 1.6380e-04 7.5851e-05 1.7079e-09 7.5851e-05 2.3783e-01 0.0000e+00
221 0.0000e+00 1.3380e-04 7.5671e-05 1.5931e-09 7.5671e-05 2.3791e-01 0.0000e+00
222 0.0000e+00 9.4600e-05 7.5493e-05 1.4861e-09 7.5493e-05 2.3799e-01 0.0000e+00
223 0.0000e+00 4.5800e-05 7.5315e-05 7.0877e-10 7.5315e-05 2.3806e-01 0.0000e+00
224 0.0000e+00 0.0000e+00 7.5138e-05 6.6278e-10 7.5138e-05 2.3814e-01 0.0000e+00
225 0.0000e+00 0.0000e+00 7.4961e-05 6.1978e-10 7.4961e-05 2.3821e-01 0.0000e+00
226 0.0000e+00 0.0000e+00 7.4786e-05 5.7958e-10 7.4786e-05 2.3829e-01 0.0000e+00
227 0.0000e+00 0.0000e+00 7.4611e-05 5.4200e-10 7.4611e-05 2.3836e-01 0.0000e+00
228 0.0000e+00 0.0000e+00 7.4438e-05 5.0687e-10 7.4438e-05 2.3844e-01 0.0000e+00
229 0.0000e+00 0.0000e+00 7.4265e-05 4.7402e-10 7.4265e-05 2.3851e-01 0.0000e+00
230 0.0000e+00 0.0000e+00 7.4093e-05 4.4332e-10 7.4093e-05 2.3858e-01 0.0000e+00
231 0.0000e+00 0.0000e+00 7.3921e-05 4.1460e-10 7.3921e-05 2.3866e-01 0.0000e+00
232 0.0000e+00 0.0000e+00 7.3751e-05 3.8776e-10 7.3751e-05 2.3873e-01 0.0000e+00
233 0.0000e+00 0.0000e+00 7.3581e-05 3.6266e-10 7.3581e-05 2.3880e-01 0.0000e+00
234 0.0000e+00 0.0000e+00 7.3412e-05 8.6354e-11 7.3412e-05 2.3888e-01 0.0000e+00
235 0.0000e+00 0.0000e+00 7.3244e-05 8.0984e-11 7.3244e-05 2.3895e-01 0.0000e+00
236 0.0000e+00 0.0000e+00 7.3076e-05 7.5949e-11 7.3076e-05 2.3902e-01 0.0000e+00
237 0.0000e+00 5.1700e-05 7.2909e-05 7.1229e-11 7.2909e-05 2.3910e-01 0.0000e+00
238 0.0000e+00 9.9800e-05 7.2744e-05 6.6803e-11 7.2744e-05 2.3917e-01 0.0000e+00
239 0.0000e+00 1.4120e-04 7.2578e-05 6.2652e-11 7.2578e-05 2.3924e-01 0.0000e+00
240 0.0000e+00 1.7290e-04 7.2414e-05 5.8761e-11 7.2414e-05 2.3932e-01 0.0000e+00
241 5.0000e-04 1.9130e-04 7.2250e-05 5.5112e-11 7.2250e-05 2.3939e-01 0.0000e+00
242 1.0000e-03 1.9970e-04 7.2087e-05 5.1691e-11 7.2087e-05 2.3946e-01 0.0000e+00
243 0.0000e+00 1.9130e-04 7.1925e-05 4.8482e-11 7.1925e-05 2.3953e-01 0.0000e+00
244 0.0000e+00 1.7290e-04 7.1764e-05 0.0000e+00 7.1764e-05 2.3960e-01 0.0000e+00
245 0.0000e+00 1.4120e-04 7.1603e-05 0.0000e+00 7.1603e-05 2.3967e-01 0.0000e+00
246 0.0000e+00 9.9800e-05 7.1443e-05 0.0000e+00 7.1443e-05 2.3975e-01 0.0000e+00
247 0.0000e+00 4.8300e-05 7.1284e-05 0.0000e+00 7.1284e-05 2.3982e-01 0.0000e+00
248 0.0000e+00 0.0000e+00 7.1125e-05 0.0000e+00 7.1125e-05 2.3989e-01 0.0000e+00
249 0.0000e+00 0.0000e+00 7.0967e-05 0.0000e+00 7.0967e-05 2.3996e-01 0.0000e+00
250 0.0000e+00 0.0000e+00 7.0810e-05 0.0000e+00 7.0810e-05 2.4003e-01 0.0000e+00
251 0.0000e+00 0.0000e+00 7.0653e-05 0.0000e+00 7.0653e-05 2.4010e-01 0.0000e+00
252 0.0000e+00 0.0000e+00 7.0497e-05 0.0000e+00 7.0497e-05 2.4017e-01 0.0000e+00
253 1.0000e-03 0.0000e+00 7.0342e-05 0.0000e+00 7.0342e-05 2.4024e-01 0.0000e+00
254 0.0000e+00 0.0000e+00 7.0188e-05 0.0000e+00 7.0188e-05 2.4031e-01 0.0000e+00
255 0.0000e+00 0.0000e+00 7.0034e-05 0.0000e+00 7.0034e-05 2.4038e-01 0.0000e+00
256 0.0000e+00 0.0000e+00 6.9881e-05 0.0000e+00 6.9881e-05 2.4045e-01 0.0000e+00
257 0.0000e+00 0.0000e+00 6.9729e-05 0.0000e+00 6.9729e-05 2.4052e-01 0.0000e+00
258 0.0000e+00 0.0000e+00 6.9577e-05 0.0000e+00 6.9577e-05 2.4059e-01 0.0000e+00
259 0.0000e+00 0.0000e+00 6.9426e-05 0.0000e+00 6.9426e-05 2.4066e-01 0.0000e+00
260 0.0000e+00 0.0000e+00 6.9275e-05 0.0000e+00 6.9275e-05 2.4073e-01 0.0000e+00
261 0.0000e+00 7.5200e-05 6.9125e-05 0.0000e+00 6.9125e-05 2.4080e-01 0.0000e+00
262 1.0000e-03 1.4510e-04 6.8976e-05 0.0000e+00 6.8976e-05 2.4087e-01 0.0000e+00
263 0.0000e+00 2.0520e-04 6.8828e-05 0.0000e+00 6.8828e-05 2.4094e-01 0.0000e+00
264 0.0000e+00 2.5130e-04 6.8680e-05 0.0000e+00 6.8680e-05 2.4101e-01 0.0000e+00
265 0.0000e+00 2.7800e-04 6.8533e-05 0.0000e+00 6.8533e-05 2.4107e-01 0.0000e+00
266 0.0000e+00 2.9030e-04 6.8386e-05 0.0000e+00 6.8386e-05 2.4114e-01 0.0000e+00
267 0.0000e+00 2.7800e-04 6.8240e-05 0.0000e+00 6.8240e-05 2.4121e-01 0.0000e+00
268 0.0000e+00 2.5130e-04 6.8095e-05 0.0000e+00 6.8095e-05 2.4128e-01 0.0000e+00
269 0.0000e+00 2.0520e-04 6.7950e-05 0.0000e+00 6.7950e-05 2.4135e-01 0.0000e+00
270 0.0000e+00 1.4510e-04 6.7806e-05 0.0000e+00 6.7806e-05 2.4141e-01 0.0000e+00
271 0.0000e+00 7.0200e-05 6.7662e-05 0.0000e+00 6.7662e-05 2.4148e-01 0.0000e+00
272 0.0000e+00 0.0000e+00 6.7519e-05 0.0000e+00 6.7519e-05 2.4155e-01 0.0000e+00
273 0.0000e+00 0.0000e+00 6.7377e-05 0.0000e+00 6.7377e-05 2.4162e-01 0.0000e+00
274 0.0000e+00 0.0000e+00 6.7235e-05 0.0000e+00 6.7235e-05 2.4168e-01 0.0000e+00
275 0.0000e+00 0.0000e+00 6.7094e-05 0.0000e+00 6.7094e-05 2.4175e-01 0.0000e+00
276 0.0000e+00 0.0000e+00 6.6954e-05 0.0000e+00 6.6954e-05 2.4182e-01 0.0000e+00
277 0.0000e+00 0.0000e+00 6.6814e-05 0.0000e+00 6.6814e-05 2.4189e-01 0.0000e+00
278 0.0000e+00 0.0000e+00 6.6674e-05 0.0000e+00 6.6674e-05 2.4195e-01 0.0000e+00
279 0.0000e+00 0.0000e+00 6.6536e-05 0.0000e+00 6.6536e-05 2.4202e-01 0.0000e+00
280 0.0000e+00 0.0000e+00 6.6397e-05 0.0000e+00 6.6397e-05 2.4209e-01 0.0000e+00
281 0.0000e+00 0.0000e+00 6.6260e-05 0.0000e+00 6.6260e-05 2.4215e-01 0.0000e+00
282 0.0000e+00 0.0000e+00 6.6123e-05 0.0000e+00 6.6123e-05 2.4222e-01 0.0000e+00
283 1.0000e-03 0.0000e+00 6.5986e-05 0.0000e+00 6.5986e-05 2.4228e-01 0.0000e+00
284 5.0000e-04 0.0000e+00 6.5850e-05 0.0000e+00 6.5850e-05 2.4235e-01 0.0000e+00
285 2.5000e-03 2.4400e-05 6.6949e-05 1.5082e-05 6.5715e-05 2.4240e-01 1.2339e-06
286 6.0000e-03 4.7000e-05 1.1156e-04 5.7403e-04 6.5611e-05 2.4189e-01 4.5948e-05
287 4.0000e-03 6.6500e-05 9.7057e-05 8.5433e-04 6.6662e-05 2.4110e-01 3.0396e-05
288 1.5000e-03 8.1400e-05 7.9345e-05 8.7713e-04 6.8323e-05 2.4029e-01 1.1023e-05
289 0.0000e+00 9.0100e-05 7.0072e-05 7.7703e-04 7.0072e-05 2.3959e-01 0.0000e+00
290 0.0000e+00 9.4000e-05 7.1637e-05 6.9845e-04 7.1637e-05 2.3896e-01 0.0000e+00
291 5.0000e-04 9.0100e-05 7.4861e-05 6.5313e-04 7.3054e-05 2.3838e-01 1.8067e-06
292 0.0000e+00 8.1400e-05 7.4391e-05 5.8948e-04 7.4391e-05 2.3787e-01 0.0000e+00
293 0.0000e+00 6.6500e-05 7.5598e-05 5.3411e-04 7.5598e-05 2.3741e-01 0.0000e+00
294 1.5000e-03 4.7000e-05 8.6395e-05 6.0734e-04 7.6689e-05 2.3688e-01 9.7067e-06
295 1.0000e-03 2.2800e-05 8.5299e-05 6.3464e-04 7.7971e-05 2.3632e-01 7.3279e-06
296 0.0000e+00 0.0000e+00 7.9339e-05 5.6714e-04 7.9339e-05 2.3583e-01 0.0000e+00
297 0.0000e+00 0.0000e+00 8.0558e-05 5.1332e-04 8.0558e-05 2.3540e-01 0.0000e+00
298 0.0000e+00 0.0000e+00 8.1655e-05 4.6574e-04 8.1655e-05 2.3502e-01 0.0000e+00
299 0.0000e+00 0.0000e+00 8.2641e-05 4.2316e-04 8.2641e-05 2.3468e-01 0.0000e+00
300 0.0000e+00 0.0000e+00 8.3525e-05 3.8487e-04 8.3525e-05 2.3437e-01 0.0000e+00
301 0.0000e+00 0.0000e+00 8.4315e-05 3.5034e-04 8.4315e-05 2.3411e-01 0.0000e+00
302 0.0000e+00 0.0000e+00 8.5019e-05 3.1913e-04 8.5019e-05 2.3387e-01 0.0000e+00
303 0.0000e+00 0.0000e+00 8.5643e-05 2.9088e-04 8.5643e-05 2.3367e-01 0.0000e+00
304 0.0000e+00 0.0000e+00 8.6194e-05 2.6528e-04 8.6194e-05 2.3349e-01 0.0000e+00
305 0.0000e+00 0.0000e+00 8.6678e-05 2.4205e-04 8.6678e-05 2.3333e-01 0.0000e+00
306 0.0000e+00 0.0000e+00 8.7100e-05 2.2096e-04 8.7100e-05 2.3320e-01 0.0000e+00
307 0.0000e+00 0.0000e+00 8.7465e-05 2.0179e-04 8.7465e-05 2.3309e-01 0.0000e+00
308 0.0000e+00 0.0000e+00 8.7778e-05 1.8436e-04 8.7778e-05 2.3299e-01 0.0000e+00
309 0.0000e+00 2.8800e-05 8.8043e-05 1.6851e-04 8.8043e-05 2.3291e-01 0.0000e+00
310 5.0000e-04 5.5500e-05 9.1713e-05 1.9900e-04 8.8265e-05 2.3280e-01 3.4480e-06
311 0.0000e+00 7.8500e-05 8.8571e-05 1.7725e-04 8.8571e-05 2.3271e-01 0.0000e+00
312 0.0000e+00 9.6200e-05 8.8817e-05 1.6114e-04 8.8817e-05 2.3264e-01 0.0000e+00
313 0.0000e+00 1.0640e-04 8.9018e-05 1.4677e-04 8.9018e-05 2.3258e-01 0.0000e+00
314 0.0000e+00 1.1110e-04 8.9179e-05 1.3385e-04 8.9179e-05 2.3253e-01 0.0000e+00
315 0.0000e+00 1.0640e-04 8.9303e-05 1.2217e-04 8.9303e-05 2.3250e-01 0.0000e+00
316 0.0000e+00 9.6200e-05 8.9395e-05 1.1160e-04 8.9395e-05 2.3248e-01 0.0000e+00
317 5.0000e-04 7.8500e-05 8.9457e-05 1.0201e-04 8.9457e-05 2.3247e-01 0.0000e+00
318 1.0000e-03 5.5500e-05 9.5451e-05 1.7113e-04 8.9492e-05 2.3239e-01 5.9593e-06
319 5.0000e-04 2.6900e-05 9.3138e-05 1.9290e-04 8.9721e-05 2.3228e-01 3.4179e-06
320 0.0000e+00 0.0000e+00 9.0010e-05 1.6991e-04 9.0010e-05 2.3220e-01 0.0000e+00
321 0.0000e+00 0.0000e+00 9.0235e-05 1.5322e-04 9.0235e-05 2.3214e-01 0.0000e+00
322 1.0000e-03 0.0000e+00 9.7896e-05 2.3658e-04 9.0413e-05 2.3199e-01 7.4824e-06
323 1.0000e-03 0.0000e+00 9.8516e-05 3.0559e-04 9.0827e-05 2.3178e-01 7.6893e-06
324 0.0000e+00 0.0000e+00 9.1439e-05 2.6574e-04 9.1439e-05 2.3160e-01 0.0000e+00
325 0.0000e+00 0.0000e+00 9.1938e-05 2.3862e-04 9.1938e-05 2.3146e-01 0.0000e+00
326 0.0000e+00 0.0000e+00 9.2361e-05 2.1514e-04 9.2361e-05 2.3133e-01 0.0000e+00
327 0.0000e+00 0.0000e+00 9.2716e-05 1.9450e-04 9.2716e-05 2.3123e-01 0.0000e+00
328 0.0000e+00 0.0000e+00 9.3011e-05 1.7618e-04 9.3011e-05 2.3115e-01 0.0000e+00
329 0.0000e+00 0.0000e+00 9.3253e-05 1.5983e-04 9.3253e-05 2.3108e-01 0.0000e+00
330 0.0000e+00 0.0000e+00 9.3447e-05 1.4518e-04 9.3447e-05 2.3103e-01 0.0000e+00
331 0.0000e+00 0.0000e+00 9.3598e-05 1.3200e-04 9.3598e-05 2.3099e-01 0.0000e+00
332 0.0000e+00 0.0000e+00 9.3711e-05 1.2012e-04 9.3711e-05 2.3097e-01 0.0000e+00
333 0.0000e+00 1.1200e-05 9.3788e-05 1.0940e-04 9.3788e-05 2.3095e-01 0.0000e+00
334 0.0000e+00 2.1600e-05 9.3834e-05 9.9710e-05 9.3834e-05 2.3094e-01 0.0000e+00
335 0.0000e+00 3.0600e-05 9.3851e-05 9.0932e-05 9.3851e-05 2.3095e-01 0.0000e+00
336 0.0000e+00 3.7400e-05 9.3843e-05 8.2976e-05 9.3843e-05 2.3096e-01 0.0000e+00
337 0.0000e+00 4.1400e-05 9.3811e-05 7.5757e-05 9.3811e-05 2.3098e-01 0.0000e+00
338 5.0000e-04 4.3200e-05 9.7433e-05 1.0437e-04 9.3758e-05 2.3097e-01 3.6748e-06
339 5.0000e-04 4.1400e-05 9.8558e-05 1.3725e-04 9.3789e-05 2.3092e-01 4.7688e-06
340 1.5000e-03 3.7400e-05 1.0952e-04 2.6363e-04 9.3916e-05 2.3075e-01 1.5605e-05
341 1.5000e-03 3.0600e-05 1.1006e-04 3.7131e-04 9.4416e-05 2.3048e-01 1.5648e-05
342 1.0000e-03 2.1600e-05 1.0561e-04 4.1872e-04 9.5236e-05 2.3015e-01 1.0371e-05
343 5.0000e-04 1.0500e-05 1.0132e-04 4.1578e-04 9.6204e-05 2.2983e-01 5.1182e-06
344 1.0000e-03 0.0000e+00 1.0776e-04 4.6699e-04 9.7170e-05 2.2946e-01 1.0586e-05
345 5.0000e-04 0.0000e+00 1.0365e-04 4.6257e-04 9.8299e-05 2.2910e-01 5.3493e-06
346 0.0000e+00 0.0000e+00 9.9424e-05 4.1219e-04 9.9424e-05 2.2879e-01 0.0000e+00
347 0.0000e+00 0.0000e+00 1.0040e-04 3.7067e-04 1.0040e-04 2.2852e-01 0.0000e+00
348 0.0000e+00 0.0000e+00 1.0125e-04 3.3430e-04 1.0125e-04 2.2828e-01 0.0000e+00
349 0.0000e+00 0.0000e+00 1.0199e-04 3.0211e-04 1.0199e-04 2.2808e-01 0.0000e+00
350 0.0000e+00 0.0000e+00 1.0263e-04 2.7344e-04 1.0263e-04 2.2791e-01 0.0000e+00
351 0.0000e+00 0.0000e+00 1.0318e-04 2.4779e-04 1.0318e-04 2.2777e-01 0.0000e+00
352 0.0000e+00 0.0000e+00 1.0365e-04 2.2478e-04 1.0365e-04 2.2765e-01 0.0000e+00
353 5.0000e-04 0.0000e+00 1.0939e-04 2.5402e-04 1.0404e-04 2.2750e-01 5.3493e-06
354 0.0000e+00 0.0000e+00 1.0453e-04 2.2688e-04 1.0453e-04 2.2737e-01 0.0000e+00
355 0.0000e+00 0.0000e+00 1.0493e-04 2.0517e-04 1.0493e-04 2.2727e-01 0.0000e+00
356 0.0000e+00 0.0000e+00 1.0526e-04 1.8596e-04 1.0526e-04 2.2719e-01 0.0000e+00
357 0.0000e+00 7.2300e-05 1.0553e-04 1.6880e-04 1.0553e-04 2.2713e-01 0.0000e+00
358 0.0000e+00 1.3960e-04 1.0574e-04 1.5338e-04 1.0574e-04 2.2708e-01 0.0000e+00
359 0.0000e+00 1.9750e-04 1.0589e-04 1.3950e-04 1.0589e-04 2.2705e-01 0.0000e+00
360 0.0000e+00 2.4180e-04 1.0600e-04 1.2697e-04 1.0600e-04 2.2703e-01 0.0000e+00
361 0.0000e+00 2.6750e-04 1.0607e-04 1.1563e-04 1.0607e-04 2.2702e-01 0.0000e+00
362 0.0000e+00 2.7930e-04 1.0611e-04 1.0538e-04 1.0611e-04 2.2702e-01 0.0000e+00
363 0.0000e+00 2.6750e-04 1.0610e-04 9.6081e-05 1.0610e-04 2.2703e-01 0.0000e+00
364 0.0000e+00 2.4180e-04 1.0607e-04 8.7648e-05 1.0607e-04 2.2705e-01 0.0000e+00
365 0.0000e+00 1.9750e-04 1.0601e-04 7.9994e-05 1.0601e-04 2.2707e-01 0.0000e+00
366 0.0000e+00 1.3960e-04 1.0592e-04 7.3039e-05 1.0592e-04 2.2711e-01 0.0000e+00
367 0.0000e+00 6.7600e-05 1.0581e-04 6.6717e-05 1.0581e-04 2.2715e-01 0.0000e+00
368 0.0000e+00 0.0000e+00 1.0568e-04 6.0966e-05 1.0568e-04 2.2719e-01 0.0000e+00
369 0.0000e+00 0.0000e+00 1.0554e-04 5.5732e-05 1.0554e-04 2.2724e-01 0.0000e+00
370 0.0000e+00 0.0000e+00 1.0537e-04 5.0966e-05 1.0537e-04 2.2729e-01 0.0000e+00
371 0.0000e+00 0.0000e+00 1.0519e-04 4.6623e-05 1.0519e-04 2.2735e-01 0.0000e+00
372 0.0000e+00 0.0000e+00 1.0500e-04 4.2665e-05 1.0500e-04 2.2741e-01 0.0000e+00
373 5.0000e-04 0.0000e+00 1.0480e-04 3.9054e-05 1.0480e-04 2.2748e-01 0.0000e+00
374 7.5000e-03 0.0000e+00 1.6800e-04 6.2838e-04 1.0458e-04 2.2696e-01 6.3416e-05
375 4.5000e-03 0.0000e+00 1.5445e-04 9.7642e-04 1.0631e-04 2.2609e-01 4.8143e-05
376 2.5000e-03 0.0000e+00 1.3598e-04 1.0928e-03 1.0924e-04 2.2510e-01 2.6746e-05
377 5.0000e-04 0.0000e+00 1.1800e-04 1.0079e-03 1.1265e-04 2.2421e-01 5.3493e-06
378 0.0000e+00 0.0000e+00 1.1584e-04 8.9619e-04 1.1584e-04 2.2343e-01 0.0000e+00
379 0.0000e+00 0.0000e+00 1.1870e-04 8.0288e-04 1.1870e-04 2.2274e-01 0.0000e+00
380 0.0000e+00 0.0000e+00 1.2127e-04 7.2152e-04 1.2127e-04 2.2214e-01 0.0000e+00
381 0.0000e+00 1.7400e-05 1.2357e-04 6.4972e-04 1.2357e-04 2.2162e-01 0.0000e+00
382 0.0000e+00 3.3600e-05 1.2561e-04 5.8594e-04 1.2561e-04 2.2116e-01 0.0000e+00
383 1.0000e-03 4.7500e-05 1.3759e-04 6.2817e-04 1.2743e-04 2.2066e-01 1.0153e-05
384 1.0000e-03 5.8200e-05 1.3963e-04 6.5891e-04 1.2944e-04 2.2013e-01 1.0190e-05
385 0.0000e+00 6.4300e-05 1.3160e-04 5.8504e-04 1.3160e-04 2.1967e-01 0.0000e+00
386 5.0000e-04 6.7200e-05 1.3752e-04 5.6626e-04 1.3348e-04 2.1924e-01 4.0395e-06
387 0.0000e+00 6.4300e-05 1.3530e-04 5.0710e-04 1.3530e-04 2.1887e-01 0.0000e+00
388 0.0000e+00 5.8200e-05 1.3688e-04 4.5729e-04 1.3688e-04 2.1855e-01 0.0000e+00
389 0.0000e+00 4.7500e-05 1.3826e-04 4.1306e-04 1.3826e-04 2.1827e-01 0.0000e+00
390 5.0000e-04 3.3600e-05 1.4227e-04 4.0165e-04 1.3945e-04 2.1801e-01 2.8161e-06
391 0.0000e+00 1.6300e-05 1.4060e-04 3.6066e-04 1.4060e-04 2.1779e-01 0.0000e+00
392 5.0000e-04 0.0000e+00 1.4638e-04 3.7436e-04 1.4157e-04 2.1756e-01 4.8155e-06
393 5.0000e-04 0.0000e+00 1.4795e-04 3.8749e-04 1.4260e-04 2.1731e-01 5.3493e-06
394 0.0000e+00 0.0000e+00 1.4370e-04 3.4435e-04 1.4370e-04 2.1711e-01 0.0000e+00
395 0.0000e+00 0.0000e+00 1.4460e-04 3.1036e-04 1.4460e-04 2.1695e-01 0.0000e+00
396 0.0000e+00 0.0000e+00 1.4535e-04 2.8027e-04 1.4535e-04 2.1681e-01 0.0000e+00
397 0.0000e+00 0.0000e+00 1.4597e-04 2.5346e-04 1.4597e-04 2.1670e-01 0.0000e+00
398 0.0000e+00 0.0000e+00 1.4646e-04 2.2947e-04 1.4646e-04 2.1662e-01 0.0000e+00
399 0.0000e+00 0.0000e+00 1.4684e-04 2.0794e-04 1.4684e-04 2.1656e-01 0.0000e+00
400 0.0000e+00 0.0000e+00 1.4712e-04 1.8857e-04 1.4712e-04 2.1652e-01 0.0000e+00
401 0.0000e+00 0.0000e+00 1.4731e-04 1.7113e-04 1.4731e-04 2.1649e-01 0.0000e+00
402 1.0000e-03 0.0000e+00 1.5812e-04 2.6348e-04 1.4742e-04 2.1638e-01 1.0699e-05
403 0.0000e+00 0.0000e+00 1.4795e-04 2.2731e-04 1.4795e-04 2.1630e-01 0.0000e+00
404 0.0000e+00 0.0000e+00 1.4832e-04 2.0390e-04 1.4832e-04 2.1624e-01 0.0000e+00
405 5.0000e-04 2.4600e-05 1.5393e-04 2.3768e-04 1.4858e-04 2.1615e-01 5.3493e-06
406 5.0000e-04 4.7400e-05 1.5408e-04 2.6023e-04 1.4899e-04 2.1604e-01 5.0861e-06
407 0.0000e+00 6.7100e-05 1.4951e-04 2.2854e-04 1.4951e-04 2.1596e-01 0.0000e+00
408 5.0000e-04 8.2200e-05 1.5401e-04 2.4672e-04 1.4988e-04 2.1587e-01 4.1250e-06
409 0.0000e+00 9.0900e-05 1.5034e-04 2.1760e-04 1.5034e-04 2.1580e-01 0.0000e+00
410 0.0000e+00 9.5000e-05 1.5065e-04 1.9534e-04 1.5065e-04 2.1576e-01 0.0000e+00
411 0.0000e+00 9.0900e-05 1.5086e-04 1.7583e-04 1.5086e-04 2.1573e-01 0.0000e+00
412 0.0000e+00 8.2200e-05 1.5098e-04 1.5858e-04 1.5098e-04 2.1572e-01 0.0000e+00
413 0.0000e+00 6.7100e-05 1.5102e-04 1.4324e-04 1.5102e-04 2.1573e-01 0.0000e+00
414 0.0000e+00 4.7400e-05 1.5098e-04 1.2954e-04 1.5098e-04 2.1575e-01 0.0000e+00
415 0.0000e+00 2.3000e-05 1.5088e-04 1.1727e-04 1.5088e-04 2.1579e-01 0.0000e+00
416 0.0000e+00 0.0000e+00 1.5072e-04 1.0627e-04 1.5072e-04 2.1583e-01 0.0000e+00
417 0.0000e+00 0.0000e+00 1.5051e-04 9.6366e-05 1.5051e-04 2.1588e-01 0.0000e+00
418 0.0000e+00 0.0000e+00 1.5026e-04 8.7452e-05 1.5026e-04 2.1595e-01 0.0000e+00
419 0.0000e+00 0.0000e+00 1.4996e-04 7.9416e-05 1.4996e-04 2.1602e-01 0.0000e+00
420 0.0000e+00 0.0000e+00 1.4963e-04 7.2161e-05 1.4963e-04 2.1610e-01 0.0000e+00
421 0.0000e+00 0.0000e+00 1.4927e-04 6.5607e-05 1.4927e-04 2.1618e-01 0.0000e+00
422 0.0000e+00 0.0000e+00 1.4888e-04 5.9679e-05 1.4888e-04 2.1627e-01 0.0000e+00
423 0.0000e+00 0.0000e+00 1.4847e-04 5.4313e-05 1.4847e-04 2.1636e-01 0.0000e+00
424 0.0000e+00 0.0000e+00 1.4803e-04 4.9453e-05 1.4803e-04 2.1646e-01 0.0000e+00
425 0.0000e+00 0.0000e+00 1.4757e-04 4.5049e-05 1.4757e-04 2.1656e-01 0.0000e+00
426 0.0000e+00 0.0000e+00 1.4710e-04 4.1053e-05 1.4710e-04 2.1667e-01 0.0000e+00
427 5.0000e-04 0.0000e+00 1.4662e-04 3.7427e-05 1.4662e-04 2.1678e-01 0.0000e+00
428 2.0000e-03 0.0000e+00 1.6670e-04 2.4175e-04 1.4612e-04 2.1668e-01 2.0586e-05
429 3.0000e-03 3.2600e-05 1.8194e-04 5.1756e-04 1.4655e-04 2.1631e-01 3.5388e-05
430 2.0000e-03 6.2900e-05 1.6957e-04 6.4499e-04 1.4826e-04 2.1582e-01 2.1303e-05
431 1.0000e-03 8.9000e-05 1.6061e-04 6.5346e-04 1.5058e-04 2.1531e-01 1.0026e-05
432 0.0000e+00 1.0900e-04 1.5297e-04 5.6991e-04 1.5297e-04 2.1490e-01 0.0000e+00
433 5.0000e-04 1.2060e-04 1.5821e-04 5.3936e-04 1.5497e-04 2.1451e-01 3.2330e-06
434 0.0000e+00 1.2590e-04 1.5685e-04 4.7810e-04 1.5685e-04 2.1419e-01 0.0000e+00
435 0.0000e+00 1.2060e-04 1.5843e-04 4.2736e-04 1.5843e-04 2.1392e-01 0.0000e+00
436 0.0000e+00 1.0900e-04 1.5977e-04 3.8297e-04 1.5977e-04 2.1370e-01 0.0000e+00
437 3.5000e-03 8.9000e-05 2.0698e-04 6.6400e-04 1.6088e-04 2.1319e-01 4.6098e-05
438 0.0000e+00 6.2900e-05 1.6343e-04 5.7404e-04 1.6343e-04 2.1278e-01 0.0000e+00
439 0.0000e+00 3.0500e-05 1.6554e-04 5.1044e-04 1.6554e-04 2.1244e-01 0.0000e+00
440 0.0000e+00 0.0000e+00 1.6734e-04 4.5599e-04 1.6734e-04 2.1215e-01 0.0000e+00
441 0.0000e+00 0.0000e+00 1.6885e-04 4.0856e-04 1.6885e-04 2.1191e-01 0.0000e+00
442 0.0000e+00 0.0000e+00 1.7012e-04 3.6684e-04 1.7012e-04 2.1171e-01 0.0000e+00
443 0.0000e+00 0.0000e+00 1.7117e-04 3.2989e-04 1.7117e-04 2.1156e-01 0.0000e+00
444 5.0000e-04 0.0000e+00 1.7687e-04 3.3118e-04 1.7202e-04 2.1140e-01 4.8421e-06
445 0.0000e+00 0.0000e+00 1.7288e-04 2.9579e-04 1.7288e-04 2.1127e-01 0.0000e+00
446 0.0000e+00 0.0000e+00 1.7355e-04 2.6606e-04 1.7355e-04 2.1118e-01 0.0000e+00
447 0.0000e+00 0.0000e+00 1.7405e-04 2.3974e-04 1.7405e-04 2.1112e-01 0.0000e+00
448 0.0000e+00 0.0000e+00 1.7441e-04 2.1630e-04 1.7441e-04 2.1107e-01 0.0000e+00
449 0.0000e+00 0.0000e+00 1.7463e-04 1.9534e-04 1.7463e-04 2.1105e-01 0.0000e+00
450 0.0000e+00 0.0000e+00 1.7475e-04 1.7657e-04 1.7475e-04 2.1105e-01 0.0000e+00
451 0.0000e+00 0.0000e+00 1.7476e-04 1.5973e-04 1.7476e-04 2.1107e-01 0.0000e+00
452 5.0000e-04 0.0000e+00 1.8229e-04 1.9846e-04 1.7468e-04 2.1104e-01 7.6180e-06
453 0.0000e+00 2.2400e-05 1.7481e-04 1.7505e-04 1.7481e-04 2.1104e-01 0.0000e+00
454 0.0000e+00 4.3300e-05 1.7481e-04 1.5711e-04 1.7481e-04 2.1106e-01 0.0000e+00
455 0.0000e+00 6.1200e-05 1.7471e-04 1.4146e-04 1.7471e-04 2.1109e-01 0.0000e+00
456 0.0000e+00 7.5000e-05 1.7453e-04 1.2763e-04 1.7453e-04 2.1114e-01 0.0000e+00
457 0.0000e+00 8.3000e-05 1.7427e-04 1.1531e-04 1.7427e-04 2.1120e-01 0.0000e+00
458 0.0000e+00 8.6600e-05 1.7395e-04 1.0430e-04 1.7395e-04 2.1127e-01 0.0000e+00
459 0.0000e+00 8.3000e-05 1.7357e-04 9.4429e-05 1.7357e-04 2.1135e-01 0.0000e+00
460 0.0000e+00 7.5000e-05 1.7315e-04 8.5559e-05 1.7315e-04 2.1143e-01 0.0000e+00
461 0.0000e+00 6.1200e-05 1.7267e-04 7.7579e-05 1.7267e-04 2.1153e-01 0.0000e+00
462 0.0000e+00 4.3300e-05 1.7216e-04 7.0387e-05 1.7216e-04 2.1163e-01 0.0000e+00
463 0.0000e+00 2.1000e-05 1.7161e-04 6.3901e-05 1.7161e-04 2.1174e-01 0.0000e+00
464 0.0000e+00 0.0000e+00 1.7104e-04 5.8044e-05 1.7104e-04 2.1185e-01 0.0000e+00
465 1.0000e-03 0.0000e+00 1.7575e-04 9.0130e-05 1.7043e-04 2.1193e-01 5.3148e-06
466 5.0000e-04 0.0000e+00 1.7762e-04 1.3213e-04 1.7001e-04 2.1197e-01 7.6180e-06
467 0.0000e+00 0.0000e+00 1.6981e-04 1.1421e-04 1.6981e-04 2.1203e-01 0.0000e+00
468 0.0000e+00 0.0000e+00 1.6951e-04 1.0147e-04 1.6951e-04 2.1209e-01 0.0000e+00
469 5.0000e-04 0.0000e+00 1.7677e-04 1.4416e-04 1.6915e-04 2.1212e-01 7.6180e-06
470 0.0000e+00 0.0000e+00 1.6902e-04 1.2519e-04 1.6902e-04 2.1216e-01 0.0000e+00
471 0.0000e+00 0.0000e+00 1.6879e-04 1.1138e-04 1.6879e-04 2.1222e-01 0.0000e+00
472 5.0000e-04 0.0000e+00 1.7610e-04 1.5301e-04 1.6848e-04 2.1224e-01 7.6180e-06
473 5.0000e-04 0.0000e+00 1.7602e-04 1.8659e-04 1.6840e-04 2.1222e-01 7.6180e-06
474 0.0000e+00 0.0000e+00 1.6850e-04 1.6239e-04 1.6850e-04 2.1222e-01 0.0000e+00
475 0.0000e+00 0.0000e+00 1.6847e-04 1.4426e-04 1.6847e-04 2.1225e-01 0.0000e+00
476 0.0000e+00 0.0000e+00 1.6834e-04 1.2879e-04 1.6834e-04 2.1229e-01 0.0000e+00
477 0.0000e+00 9.2000e-06 1.6813e-04 1.1536e-04 1.6813e-04 2.1234e-01 0.0000e+00
478 0.0000e+00 1.7800e-05 1.6785e-04 1.0357e-04 1.6785e-04 2.1240e-01 0.0000e+00
479 0.0000e+00 2.5200e-05 1.6752e-04 9.3153e-05 1.6752e-04 2.1248e-01 0.0000e+00
480 0.0000e+00 3.0900e-05 1.6713e-04 8.3913e-05 1.6713e-04 2.1256e-01 0.0000e+00
481 0.0000e+00 3.4200e-05 1.6669e-04 7.5686e-05 1.6669e-04 2.1265e-01 0.0000e+00
482 5.0000e-04 3.5700e-05 1.7205e-04 1.0914e-04 1.6622e-04 2.1271e-01 5.8324e-06
483 2.5000e-03 3.4200e-05 2.0347e-04 3.5777e-04 1.6593e-04 2.1252e-01 3.7546e-05
484 1.0000e-03 3.0900e-05 1.8164e-04 4.0406e-04 1.6692e-04 2.1228e-01 1.4715e-05
485 0.0000e+00 2.5200e-05 1.6816e-04 3.4976e-04 1.6816e-04 2.1210e-01 0.0000e+00
486 1.0000e-03 1.7800e-05 1.8350e-04 4.1005e-04 1.6912e-04 2.1186e-01 1.4382e-05
487 0.0000e+00 8.6000e-06 1.7040e-04 3.5782e-04 1.7040e-04 2.1167e-01 0.0000e+00
488 0.0000e+00 0.0000e+00 1.7140e-04 3.1775e-04 1.7140e-04 2.1153e-01 0.0000e+00
489 0.0000e+00 0.0000e+00 1.7219e-04 2.8341e-04 1.7219e-04 2.1141e-01 0.0000e+00
490 0.0000e+00 0.0000e+00 1.7279e-04 2.5352e-04 1.7279e-04 2.1133e-01 0.0000e+00
491 0.0000e+00 0.0000e+00 1.7322e-04 2.2728e-04 1.7322e-04 2.1128e-01 0.0000e+00
492 0.0000e+00 0.0000e+00 1.7352e-04 2.0411e-04 1.7352e-04 2.1125e-01 0.0000e+00
493 0.0000e+00 0.0000e+00 1.7368e-04 1.8356e-04 1.7368e-04 2.1124e-01 0.0000e+00
494 0.0000e+00 0.0000e+00 1.7373e-04 1.6530e-04 1.7373e-04 2.1125e-01 0.0000e+00
495 0.0000e+00 0.0000e+00 1.7369e-04 1.4901e-04 1.7369e-04 2.1127e-01 0.0000e+00
496 0.0000e+00 0.0000e+00 1.7356e-04 1.3445e-04 1.7356e-04 2.1131e-01 0.0000e+00
497 0.0000e+00 0.0000e+00 1.7334e-04 1.2143e-04 1.7334e-04 2.1136e-01 0.0000e+00
498 0.0000e+00 0.0000e+00 1.7306e-04 1.0976e-04 1.7306e-04 2.1143e-01 0.0000e+00
499 0.0000e+00 0.0000e+00 1.7272e-04 9.9280e-05 1.7272e-04 2.1150e-01 0.0000e+00
500 0.0000e+00 0.0000e+00 1.7232e-04 8.9866e-05 1.7232e-04 2.1158e-01 0.0000e+00
501 0.0000e+00 6.3800e-05 1.7188e-04 8.1397e-05 1.7188e-04 2.1167e-01 0.0000e+00
502 0.0000e+00 1.2310e-04 1.7140e-04 7.3771e-05 1.7140e-04 2.1177e-01 0.0000e+00
503 0.0000e+00 1.7420e-04 1.7087e-04 6.6899e-05 1.7087e-04 2.1187e-01 0.0000e+00
504 0.0000e+00 2.1330e-04 1.7032e-04 6.0699e-05 1.7032e-04 2.1198e-01 0.0000e+00
505 0.0000e+00 2.3600e-04 1.6974e-04 5.5103e-05 1.6974e-04 2.1210e-01 0.0000e+00
506 0.0000e+00 2.4640e-04 1.6913e-04 5.0047e-05 1.6913e-04 2.1222e-01 0.0000e+00
507 0.0000e+00 2.3600e-04 1.6850e-04 4.5477e-05 1.6850e-04 2.1234e-01 0.0000e+00
508 0.0000e+00 2.1330e-04 1.6785e-04 4.1343e-05 1.6785e-04 2.1247e-01 0.0000e+00
509 0.0000e+00 1.7420e-04 1.6719e-04 3.7601e-05 1.6719e-04 2.1260e-01 0.0000e+00
510 0.0000e+00 1.2310e-04 1.6652e-04 3.4212e-05 1.6652e-04 2.1273e-01 0.0000e+00
511 0.0000e+00 5.9600e-05 1.6583e-04 3.1141e-05 1.6583e-04 2.1286e-01 0.0000e+00
512 0.0000e+00 0.0000e+00 1.6513e-04 2.8356e-05 1.6513e-04 2.1300e-01 0.0000e+00
513 0.0000e+00 0.0000e+00 1.6443e-04 2.5830e-05 1.6443e-04 2.1314e-01 0.0000e+00
514 0.0000e+00 0.0000e+00 1.6372e-04 2.3538e-05 1.6372e-04 2.1328e-01 0.0000e+00
515 0.0000e+00 0.0000e+00 1.6300e-04 2.1456e-05 1.6300e-04 2.1342e-01 0.0000e+00
516 0.0000e+00 0.0000e+00 1.6228e-04 1.9565e-05 1.6228e-04 2.1356e-01 0.0000e+00
517 0.0000e+00 0.0000e+00 1.6156e-04 1.7847e-05 1.6156e-04 2.1371e-01 0.0000e+00
518 0.0000e+00 0.0000e+00 1.6084e-04 1.6285e-05 1.6084e-04 2.1385e-01 0.0000e+00
519 0.0000e+00 0.0000e+00 1.6011e-04 1.4864e-05 1.6011e-04 2.1400e-01 0.0000e+00
520 0.0000e+00 0.0000e+00 1.5939e-04 1.3571e-05 1.5939e-04 2.1414e-01 0.0000e+00
521 0.0000e+00 0.0000e+00 1.5866e-04 1.2394e-05 1.5866e-04 2.1429e-01 0.0000e+00
522 0.0000e+00 0.0000e+00 1.5794e-04 1.1323e-05 1.5794e-04 2.1444e-01 0.0000e+00
523 0.0000e+00 0.0000e+00 1.5722e-04 1.0347e-05 1.5722e-04 2.1458e-01 0.0000e+00
524 0.0000e+00 0.0000e+00 1.5650e-04 9.4573e-06 1.5650e-04 2.1473e-01 0.0000e+00
525 0.0000e+00 4.1700e-05 1.5578e-04 8.6467e-06 1.5578e-04 2.1488e-01 0.0000e+00
526 0.0000e+00 8.0400e-05 1.5506e-04 7.9076e-06 1.5506e-04 2.1502e-01 0.0000e+00
527 0.0000e+00 1.1380e-04 1.5435e-04 7.2335e-06 1.5435e-04 2.1517e-01 0.0000e+00
528 0.0000e+00 1.3930e-04 1.5365e-04 6.6185e-06 1.5365e-04 2.1532e-01 0.0000e+00
529 0.0000e+00 1.5420e-04 1.5294e-04 6.0572e-06 1.5294e-04 2.1546e-01 0.0000e+00
530 0.0000e+00 1.6090e-04 1.5224e-04 5.5448e-06 1.5224e-04 2.1561e-01 0.0000e+00
531 0.0000e+00 1.5420e-04 1.5154e-04 5.0769e-06 1.5154e-04 2.1576e-01 0.0000e+00
532 0.0000e+00 1.3930e-04 1.5085e-04 4.6493e-06 1.5085e-04 2.1590e-01 0.0000e+00
533 0.0000e+00 1.1380e-04 1.5016e-04 4.2589e-06 1.5016e-04 2.1605e-01 0.0000e+00
534 0.0000e+00 8.0400e-05 1.4948e-04 3.9021e-06 1.4948e-04 2.1620e-01 0.0000e+00
535 0.0000e+00 3.8900e-05 1.4880e-04 3.5760e-06 1.4880e-04 2.1634e-01 0.0000e+00
536 0.0000e+00 0.0000e+00 1.4813e-04 3.2778e-06 1.4813e-04 2.1649e-01 0.0000e+00
537 0.0000e+00 0.0000e+00 1.4746e-04 3.0051e-06 1.4746e-04 2.1663e-01 0.0000e+00
538 0.0000e+00 0.0000e+00 1.4680e-04 2.7556e-06 1.4680e-04 2.1677e-01 0.0000e+00
539 0.0000e+00 0.0000e+00 1.4614e-04 2.5273e-06 1.4614e-04 2.1692e-01 0.0000e+00
540 0.0000e+00 0.0000e+00 1.4548e-04 2.3184e-06 1.4548e-04 2.1706e-01 0.0000e+00
541 0.0000e+00 0.0000e+00 1.4483e-04 2.1267e-06 1.4483e-04 2.1720e-01 0.0000e+00
542 0.0000e+00 0.0000e+00 1.4419e-04 1.9517e-06 1.4419e-04 2.1735e-01 0.0000e+00
543 0.0000e+00 0.0000e+00 1.4355e-04 1.7914e-06 1.4355e-04 2.1749e-01 0.0000e+00
544 0.0000e+00 0.0000e+00 1.4291e-04 1.6445e-06 1.4291e-04 2.1763e-01 0.0000e+00
545 0.0000e+00 0.0000e+00 1.4229e-04 1.5099e-06 1.4229e-04 2.1777e-01 0.0000e+00
546 0.0000e+00 0.0000e+00 1.4166e-04 1.3866e-06 1.4166e-04 2.1791e-01 0.0000e+00
547 0.0000e+00 0.0000e+00 1.4104e-04 1.2736e-06 1.4104e-04 2.1805e-01 0.0000e+00
548 0.0000e+00 0.0000e+00 1.4043e-04 1.1700e-06 1.4043e-04 2.1819e-01 0.0000e+00
549 0.0000e+00 2.0700e-05 1.3982e-04 1.0750e-06 1.3982e-04 2.1833e-01 0.0000e+00
550 0.0000e+00 4.0000e-05 1.3921e-04 9.8741e-07 1.3921e-04 2.1847e-01 0.0000e+00
551 0.0000e+00 5.6600e-05 1.3861e-04 9.0755e-07 1.3861e-04 2.1860e-01 0.0000e+00
552 1.0000e-03 6.9300e-05 1.3802e-04 8.3427e-07 1.3802e-04 2.1874e-01 0.0000e+00
553 1.0000e-03 7.6600e-05 1.3743e-04 7.6703e-07 1.3743e-04 2.1888e-01 0.0000e+00
554 2.0000e-03 8.0000e-05 1.4467e-04 7.8524e-05 1.3684e-04 2.1894e-01 7.8323e-06
555 1.5000e-03 7.6600e-05 1.5178e-04 2.1393e-04 1.3659e-04 2.1886e-01 1.5192e-05
556 0.0000e+00 6.9300e-05 1.3692e-04 1.7651e-04 1.3692e-04 2.1882e-01 0.0000e+00
557 5.0000e-04 5.6600e-05 1.4088e-04 1.9297e-04 1.3709e-04 2.1876e-01 3.7895e-06
558 0.0000e+00 4.0000e-05 1.3733e-04 1.6803e-04 1.3733e-04 2.1873e-01 0.0000e+00
559 0.0000e+00 1.9400e-05 1.3746e-04 1.4934e-04 1.3746e-04 2.1872e-01 0.0000e+00
560 0.0000e+00 0.0000e+00 1.3751e-04 1.3333e-04 1.3751e-04 2.1872e-01 0.0000e+00
561 0.0000e+00 0.0000e+00 1.3750e-04 1.1940e-04 1.3750e-04 2.1874e-01 0.0000e+00
562 0.0000e+00 0.0000e+00 1.3742e-04 1.0718e-04 1.3742e-04 2.1877e-01 0.0000e+00
563 0.0000e+00 0.0000e+00 1.3729e-04 9.6390e-05 1.3729e-04 2.1881e-01 0.0000e+00
564 0.0000e+00 0.0000e+00 1.3711e-04 8.6825e-05 1.3711e-04 2.1886e-01 0.0000e+00
565 5.0000e-04 0.0000e+00 1.4101e-04 1.1915e-04 1.3690e-04 2.1888e-01 4.1091e-06
566 0.0000e+00 0.0000e+00 1.3682e-04 1.0349e-04 1.3682e-04 2.1892e-01 0.0000e+00
567 0.0000e+00 0.0000e+00 1.3668e-04 9.2676e-05 1.3668e-04 2.1896e-01 0.0000e+00
568 0.0000e+00 0.0000e+00 1.3649e-04 8.3304e-05 1.3649e-04 2.1901e-01 0.0000e+00
569 0.0000e+00 0.0000e+00 1.3626e-04 7.5051e-05 1.3626e-04 2.1907e-01 0.0000e+00
570 0.0000e+00 0.0000e+00 1.3600e-04 6.7731e-05 1.3600e-04 2.1914e-01 0.0000e+00
571 0.0000e+00 0.0000e+00 1.3571e-04 6.1210e-05 1.3571e-04 2.1922e-01 0.0000e+00
572 0.0000e+00 0.0000e+00 1.3540e-04 5.5381e-05 1.3540e-04 2.1930e-01 0.0000e+00
573 3.0000e-03 3.0500e-05 1.6716e-04 3.6800e-04 1.3506e-04 2.1906e-01 3.2096e-05
574 1.0000e-03 5.8900e-05 1.4642e-04 4.0439e-04 1.3605e-04 2.1880e-01 1.0372e-05
575 2.5000e-03 8.3300e-05 1.6331e-04 6.0847e-04 1.3719e-04 2.1832e-01 2.6116e-05
576 3.5000e-03 1.0200e-04 1.7578e-04 8.8343e-04 1.3923e-04 2.1758e-01 3.6554e-05
577 1.5000e-03 1.1290e-04 1.5746e-04 9.0406e-04 1.4250e-04 2.1682e-01 1.4957e-05
578 0.0000e+00 1.1780e-04 1.4594e-04 7.8999e-04 1.4594e-04 2.1617e-01 0.0000e+00
579 0.0000e+00 1.1290e-04 1.4890e-04 7.0353e-04 1.4890e-04 2.1562e-01 0.0000e+00
580 0.0000e+00 1.0200e-04 1.5151e-04 6.2876e-04 1.5151e-04 2.1514e-01 0.0000e+00
581 0.0000e+00 8.3300e-05 1.5378e-04 5.6339e-04 1.5378e-04 2.1473e-01 0.0000e+00
582 0.0000e+00 5.8900e-05 1.5576e-04 5.0579e-04 1.5576e-04 2.1438e-01 0.0000e+00
583 0.0000e+00 2.8500e-05 1.5748e-04 4.5478e-04 1.5748e-04 2.1409e-01 0.0000e+00
584 0.0000e+00 0.0000e+00 1.5895e-04 4.0943e-04 1.5895e-04 2.1383e-01 0.0000e+00
585 0.0000e+00 0.0000e+00 1.6020e-04 3.6899e-04 1.6020e-04 2.1363e-01 0.0000e+00
586 0.0000e+00 0.0000e+00 1.6125e-04 3.3286e-04 1.6125e-04 2.1345e-01 0.0000e+00
587 0.0000e+00 0.0000e+00 1.6211e-04 3.0053e-04 1.6211e-04 2.1332e-01 0.0000e+00
588 0.0000e+00 0.0000e+00 1.6281e-04 2.7154e-04 1.6281e-04 2.1321e-01 0.0000e+00
589 5.0000e-04 0.0000e+00 1.6337e-04 2.4551e-04 1.6337e-04 2.1313e-01 0.0000e+00
590 0.0000e+00 0.0000e+00 1.6379e-04 2.2213e-04 1.6379e-04 2.1307e-01 0.0000e+00
591 0.0000e+00 0.0000e+00 1.6409e-04 2.0110e-04 1.6409e-04 2.1303e-01 0.0000e+00
592 5.0000e-04 0.0000e+00 1.7017e-04 2.2329e-04 1.6428e-04 2.1297e-01 5.8945e-06
593 0.0000e+00 0.0000e+00 1.6458e-04 1.9894e-04 1.6458e-04 2.1294e-01 0.0000e+00
594 1.0000e-03 0.0000e+00 1.7999e-04 2.8564e-04 1.6476e-04 2.1282e-01 1.5236e-05
595 0.0000e+00 0.0000e+00 1.6538e-04 2.4944e-04 1.6538e-04 2.1273e-01 0.0000e+00
596 0.0000e+00 0.0000e+00 1.6582e-04 2.2290e-04 1.6582e-04 2.1267e-01 0.0000e+00
597 0.0000e+00 6.2600e-05 1.6611e-04 2.0002e-04 1.6611e-04 2.1264e-01 0.0000e+00
598 0.0000e+00 1.2080e-04 1.6629e-04 1.7997e-04 1.6629e-04 2.1263e-01 0.0000e+00
599 0.0000e+00 1.7090e-04 1.6636e-04 1.6223e-04 1.6636e-04 2.1263e-01 0.0000e+00
600 0.0000e+00 2.0930e-04 1.6634e-04 1.4645e-04 1.6634e-04 2.1265e-01 0.0000e+00
601 0.0000e+00 2.3150e-04 1.6623e-04 1.3236e-04 1.6623e-04 2.1268e-01 0.0000e+00
602 0.0000e+00 2.4180e-04 1.6606e-04 1.1975e-04 1.6606e-04 2.1273e-01 0.0000e+00
603 0.0000e+00 2.3150e-04 1.6582e-04 1.0843e-04 1.6582e-04 2.1279e-01 0.0000e+00
604 0.0000e+00 2.0930e-04 1.6552e-04 9.8251e-05 1.6552e-04 2.1286e-01 0.0000e+00
605 0.0000e+00 1.7090e-04 1.6517e-04 8.9094e-05 1.6517e-04 2.1293e-01 0.0000e+00
606 0.0000e+00 1.2080e-04 1.6478e-04 8.0841e-05 1.6478e-04 2.1302e-01 0.0000e+00
607 0.0000e+00 5.8500e-05 1.6435e-04 7.3396e-05 1.6435e-04 2.1311e-01 0.0000e+00
608 0.0000e+00 0.0000e+00 1.6388e-04 6.6674e-05 1.6388e-04 2.1320e-01 0.0000e+00
609 0.0000e+00 0.0000e+00 1.6339e-04 6.0598e-05 1.6339e-04 2.1331e-01 0.0000e+00
610 0.0000e+00 0.0000e+00 1.6286e-04 5.5103e-05 1.6286e-04 2.1341e-01 0.0000e+00
611 0.0000e+00 0.0000e+00 1.6231e-04 5.0129e-05 1.6231e-04 2.1353e-01 0.0000e+00
612 0.0000e+00 0.0000e+00 1.6175e-04 4.5624e-05 1.6175e-04 2.1364e-01 0.0000e+00
613 0.0000e+00 0.0000e+00 1.6116e-04 4.1541e-05 1.6116e-04 2.1376e-01 0.0000e+00
614 0.0000e+00 0.0000e+00 1.6056e-04 3.7839e-05 1.6056e-04 2.1389e-01 0.0000e+00
615 0.0000e+00 0.0000e+00 1.5995e-04 3.4480e-05 1.5995e-04 2.1401e-01 0.0000e+00
616 0.0000e+00 0.0000e+00 1.5932e-04 3.1430e-05 1.5932e-04 2.1414e-01 0.0000e+00
617 0.0000e+00 0.0000e+00 1.5868e-04 2.8661e-05 1.5868e-04 2.1427e-01 0.0000e+00
618 0.0000e+00 0.0000e+00 1.5804e-04 2.6144e-05 1.5804e-04 2.1440e-01 0.0000e+00
619 0.0000e+00 0.0000e+00 1.5739e-04 2.3857e-05 1.5739e-04 2.1453e-01 0.0000e+00
620 0.0000e+00 0.0000e+00 1.5673e-04 2.1776e-05 1.5673e-04 2.1467e-01 0.0000e+00
621 0.0000e+00 1.4200e-05 1.5608e-04 1.9883e-05 1.5608e-04 2.1481e-01 0.0000e+00
622 0.0000e+00 2.7500e-05 1.5541e-04 1.8160e-05 1.5541e-04 2.1494e-01 0.0000e+00
623 0.0000e+00 3.8900e-05 1.5475e-04 1.6591e-05 1.5475e-04 2.1508e-01 0.0000e+00
624 1.0000e-03 4.7600e-05 1.5408e-04 1.5162e-05 1.5408e-04 2.1522e-01 0.0000e+00
625 1.0000e-03 5.2700e-05 1.5424e-04 2.2284e-05 1.5341e-04 2.1535e-01 8.2715e-07
626 3.0000e-03 5.5000e-05 1.9329e-04 3.3198e-04 1.5279e-04 2.1517e-01 4.0505e-05
627 2.0000e-03 5.2700e-05 1.7967e-04 4.7974e-04 1.5364e-04 2.1485e-01 2.6030e-05
628 1.5000e-03 4.7600e-05 1.7511e-04 5.6209e-04 1.5522e-04 2.1444e-01 1.9895e-05
629 3.5000e-03 3.8900e-05 2.0946e-04 8.4960e-04 1.5720e-04 2.1375e-01 5.2252e-05
630 4.0000e-03 2.7500e-05 2.2099e-04 1.1506e-03 1.6064e-04 2.1276e-01 6.0351e-05
631 5.0000e-03 1.3300e-05 2.4145e-04 1.5253e-03 1.6569e-04 2.1140e-01 7.5761e-05
632 0.0000e+00 0.0000e+00 1.7288e-04 1.3233e-03 1.7288e-04 2.1025e-01 0.0000e+00
633 0.0000e+00 0.0000e+00 1.7921e-04 1.1733e-03 1.7921e-04 2.0925e-01 0.0000e+00
634 1.0000e-03 0.0000e+00 1.9990e-04 1.1526e-03 1.8486e-04 2.0828e-01 1.5033e-05
635 2.5000e-03 0.0000e+00 2.2863e-04 1.2968e-03 1.9054e-04 2.0718e-01 3.8090e-05
636 3.5000e-03 0.0000e+00 2.5057e-04 1.5266e-03 1.9724e-04 2.0585e-01 5.3326e-05
637 3.0000e-03 0.0000e+00 2.5132e-04 1.6689e-03 2.0561e-04 2.0439e-01 4.5708e-05
638 0.0000e+00 0.0000e+00 2.1523e-04 1.4601e-03 2.1523e-04 2.0314e-01 0.0000e+00
639 5.0000e-04 0.0000e+00 2.3138e-04 1.3556e-03 2.2377e-04 2.0201e-01 7.6180e-06
640 0.0000e+00 0.0000e+00 2.3182e-04 1.2046e-03 2.3182e-04 2.0104e-01 0.0000e+00
641 5.0000e-04 0.0000e+00 2.4660e-04 1.1341e-03 2.3898e-04 2.0014e-01 7.6180e-06
642 0.0000e+00 0.0000e+00 2.4576e-04 1.0085e-03 2.4576e-04 1.9938e-01 0.0000e+00
643 5.0000e-04 0.0000e+00 2.5930e-04 9.6084e-04 2.5169e-04 1.9867e-01 7.6180e-06
644 0.0000e+00 0.0000e+00 2.5733e-04 8.5402e-04 2.5733e-04 1.9807e-01 0.0000e+00
645 0.0000e+00 1.6900e-05 2.6217e-04 7.6410e-04 2.6217e-04 1.9757e-01 0.0000e+00
646 0.0000e+00 3.2600e-05 2.6631e-04 6.8445e-04 2.6631e-04 1.9715e-01 0.0000e+00
647 0.0000e+00 4.6100e-05 2.6982e-04 6.1366e-04 2.6982e-04 1.9681e-01 0.0000e+00
648 0.0000e+00 5.6400e-05 2.7273e-04 5.5061e-04 2.7273e-04 1.9653e-01 0.0000e+00
649 0.0000e+00 6.2400e-05 2.7511e-04 4.9437e-04 2.7511e-04 1.9631e-01 0.0000e+00
650 0.0000e+00 6.5200e-05 2.7700e-04 4.4415e-04 2.7700e-04 1.9614e-01 0.0000e+00
651 0.0000e+00 6.2400e-05 2.7845e-04 3.9926e-04 2.7845e-04 1.9602e-01 0.0000e+00
652 0.0000e+00 5.6400e-05 2.7950e-04 3.5910e-04 2.7950e-04 1.9594e-01 0.0000e+00
653 0.0000e+00 4.6100e-05 2.8020e-04 3.2316e-04 2.8020e-04 1.9590e-01 0.0000e+00
654 0.0000e+00 3.2600e-05 2.8058e-04 2.9096e-04 2.8058e-04 1.9589e-01 0.0000e+00
655 0.0000e+00 1.5800e-05 2.8067e-04 2.6211e-04 2.8067e-04 1.9591e-01 0.0000e+00
656 0.0000e+00 0.0000e+00 2.8051e-04 2.3623e-04 2.8051e-04 1.9595e-01 0.0000e+00
657 0.0000e+00 0.0000e+00 2.8012e-04 2.1302e-04 2.8012e-04 1.9602e-01 0.0000e+00
658 0.0000e+00 0.0000e+00 2.7953e-04 1.9217e-04 2.7953e-04 1.9611e-01 0.0000e+00
659 0.0000e+00 0.0000e+00 2.7877e-04 1.7345e-04 2.7877e-04 1.9621e-01 0.0000e+00
660 0.0000e+00 0.0000e+00 2.7785e-04 1.5662e-04 2.7785e-04 1.9633e-01 0.0000e+00
661 0.0000e+00 0.0000e+00 2.7680e-04 1.4149e-04 2.7680e-04 1.9647e-01 0.0000e+00
662 0.0000e+00 0.0000e+00 2.7563e-04 1.2788e-04 2.7563e-04 1.9662e-01 0.0000e+00
663 0.0000e+00 0.0000e+00 2.7436e-04 1.1562e-04 2.7436e-04 1.9678e-01 0.0000e+00
664 0.0000e+00 0.0000e+00 2.7301e-04 1.0459e-04 2.7301e-04 1.9694e-01 0.0000e+00
665 0.0000e+00 0.0000e+00 2.7157e-04 9.4648e-05 2.7157e-04 1.9712e-01 0.0000e+00
666 5.0000e-04 0.0000e+00 2.7026e-04 8.6754e-05 2.7008e-04 1.9730e-01 1.8154e-07
667 0.0000e+00 0.0000e+00 2.6853e-04 7.8465e-05 2.6853e-04 1.9749e-01 0.0000e+00
668 5.0000e-04 0.0000e+00 2.7673e-04 1.2851e-04 2.6694e-04 1.9763e-01 9.7913e-06
669 5.0000e-04 1.5300e-05 2.7558e-04 1.6817e-04 2.6579e-04 1.9773e-01 9.7913e-06
670 0.0000e+00 2.9500e-05 2.6498e-04 1.4472e-04 2.6498e-04 1.9785e-01 0.0000e+00
671 1.0000e-03 4.1700e-05 2.8240e-04 2.3751e-04 2.6399e-04 1.9788e-01 1.8418e-05
672 0.0000e+00 5.1100e-05 2.6377e-04 2.0204e-04 2.6377e-04 1.9794e-01 0.0000e+00
673 0.0000e+00 5.6500e-05 2.6326e-04 1.7758e-04 2.6326e-04 1.9802e-01 0.0000e+00
674 0.0000e+00 5.9000e-05 2.6256e-04 1.5709e-04 2.6256e-04 1.9813e-01 0.0000e+00
675 5.0000e-04 5.6500e-05 2.6614e-04 1.7427e-04 2.6169e-04 1.9822e-01 4.4493e-06
676 5.0000e-04 5.1100e-05 2.6769e-04 2.0402e-04 2.6098e-04 1.9827e-01 6.7153e-06
677 0.0000e+00 4.1700e-05 2.6051e-04 1.7547e-04 2.6051e-04 1.9836e-01 0.0000e+00
678 0.0000e+00 2.9500e-05 2.5982e-04 1.5520e-04 2.5982e-04 1.9846e-01 0.0000e+00
679 1.0000e-03 1.4300e-05 2.7306e-04 2.4109e-04 2.5898e-04 1.9848e-01 1.4089e-05
680 1.0000e-03 0.0000e+00 2.7495e-04 3.1966e-04 2.5883e-04 1.9842e-01 1.6120e-05
681 0.0000e+00 0.0000e+00 2.5932e-04 2.7116e-04 2.5932e-04 1.9841e-01 0.0000e+00
682 0.0000e+00 0.0000e+00 2.5942e-04 2.3830e-04 2.5942e-04 1.9843e-01 0.0000e+00
683 0.0000e+00 0.0000e+00 2.5925e-04 2.1067e-04 2.5925e-04 1.9848e-01 0.0000e+00
684 0.0000e+00 0.0000e+00 2.5885e-04 1.8700e-04 2.5885e-04 1.9855e-01 0.0000e+00
685 0.0000e+00 0.0000e+00 2.5827e-04 1.6648e-04 2.5827e-04 1.9864e-01 0.0000e+00
686 0.0000e+00 0.0000e+00 2.5753e-04 1.4854e-04 2.5753e-04 1.9875e-01 0.0000e+00
687 0.0000e+00 0.0000e+00 2.5666e-04 1.3278e-04 2.5666e-04 1.9888e-01 0.0000e+00
688 0.0000e+00 0.0000e+00 2.5567e-04 1.1888e-04 2.5567e-04 1.9901e-01 0.0000e+00
689 0.0000e+00 0.0000e+00 2.5458e-04 1.0658e-04 2.5458e-04 1.9916e-01 0.0000e+00
690 0.0000e+00 0.0000e+00 2.5340e-04 9.5664e-05 2.5340e-04 1.9932e-01 0.0000e+00
691 0.0000e+00 0.0000e+00 2.5216e-04 8.5961e-05 2.5216e-04 1.9948e-01 0.0000e+00
692 0.0000e+00 0.0000e+00 2.5085e-04 7.7317e-05 2.5085e-04 1.9966e-01 0.0000e+00
693 0.0000e+00 5.6100e-05 2.4949e-04 6.9606e-05 2.4949e-04 1.9984e-01 0.0000e+00
694 0.0000e+00 1.0830e-04 2.4809e-04 6.2716e-05 2.4809e-04 2.0002e-01 0.0000e+00
695 0.0000e+00 1.5320e-04 2.4666e-04 5.6552e-05 2.4666e-04 2.0021e-01 0.0000e+00
696 0.0000e+00 1.8770e-04 2.4520e-04 5.1031e-05 2.4520e-04 2.0041e-01 0.0000e+00
697 0.0000e+00 2.0760e-04 2.4372e-04 4.6081e-05 2.4372e-04 2.0061e-01 0.0000e+00
698 0.0000e+00 2.1680e-04 2.4222e-04 4.1637e-05 2.4222e-04 2.0081e-01 0.0000e+00
699 0.0000e+00 2.0760e-04 2.4070e-04 3.7645e-05 2.4070e-04 2.0101e-01 0.0000e+00
700 5.0000e-04 1.8770e-04 2.3918e-04 3.4056e-05 2.3918e-04 2.0121e-01 0.0000e+00
701 0.0000e+00 1.5320e-04 2.3765e-04 3.0825e-05 2.3765e-04 2.0142e-01 0.0000e+00
702 0.0000e+00 1.0830e-04 2.3612e-04 2.7916e-05 2.3612e-04 2.0163e-01 0.0000e+00
703 0.0000e+00 5.2400e-05 2.3459e-04 2.5295e-05 2.3459e-04 2.0184e-01 0.0000e+00
704 0.0000e+00 0.0000e+00 2.3306e-04 2.2930e-05 2.3306e-04 2.0205e-01 0.0000e+00
705 0.0000e+00 0.0000e+00 2.3153e-04 2.0797e-05 2.3153e-04 2.0226e-01 0.0000e+00
706 0.0000e+00 0.0000e+00 2.3001e-04 1.8870e-05 2.3001e-04 2.0247e-01 0.0000e+00
707 0.0000e+00 0.0000e+00 2.2850e-04 1.7129e-05 2.2850e-04 2.0268e-01 0.0000e+00
708 0.0000e+00 0.0000e+00 2.2700e-04 1.5555e-05 2.2700e-04 2.0289e-01 0.0000e+00
709 0.0000e+00 0.0000e+00 2.2550e-04 1.4132e-05 2.2550e-04 2.0310e-01 0.0000e+00
710 0.0000e+00 0.0000e+00 2.2402e-04 1.2843e-05 2.2402e-04 2.0332e-01 0.0000e+00
711 0.0000e+00 0.0000e+00 2.2254e-04 1.1677e-05 2.2254e-04 2.0353e-01 0.0000e+00
712 0.0000e+00 0.0000e+00 2.2108e-04 1.0620e-05 2.2108e-04 2.0374e-01 0.0000e+00
713 0.0000e+00 0.0000e+00 2.1963e-04 9.6629e-06 2.1963e-04 2.0395e-01 0.0000e+00
714 0.0000e+00 0.0000e+00 2.1820e-04 8.7948e-06 2.1820e-04 2.0416e-01 0.0000e+00
715 0.0000e+00 0.0000e+00 2.1677e-04 8.0073e-06 2.1677e-04 2.0437e-01 0.0000e+00
716 0.0000e+00 0.0000e+00 2.1536e-04 7.2926e-06 2.1536e-04 2.0457e-01 0.0000e+00
717 0.0000e+00 8.5600e-05 2.1397e-04 6.6439e-06 2.1397e-04 2.0478e-01 0.0000e+00
718 0.0000e+00 1.6520e-04 2.1259e-04 6.0544e-06 2.1259e-04 2.0499e-01 0.0000e+00
719 0.0000e+00 2.3380e-04 2.1122e-04 5.5193e-06 2.1122e-04 2.0519e-01 0.0000e+00
720 0.0000e+00 2.8620e-04 2.0987e-04 5.0329e-06 2.0987e-04 2.0540e-01 0.0000e+00
721 0.0000e+00 3.1670e-04 2.0853e-04 4.5906e-06 2.0853e-04 2.0560e-01 0.0000e+00
722 0.0000e+00 3.3060e-04 2.0720e-04 4.1884e-06 2.0720e-04 2.0580e-01 0.0000e+00
723 0.0000e+00 3.1670e-04 2.0589e-04 3.8225e-06 2.0589e-04 2.0601e-01 0.0000e+00
724 0.0000e+00 2.8620e-04 2.0460e-04 3.4895e-06 2.0460e-04 2.0621e-01 0.0000e+00
725 0.0000e+00 2.3380e-04 2.0331e-04 3.1863e-06 2.0331e-04 2.0641e-01 0.0000e+00
726 0.0000e+00 1.6520e-04 2.0205e-04 2.9102e-06 2.0205e-04 2.0661e-01 0.0000e+00
727 0.0000e+00 8.0000e-05 2.0079e-04 2.6583e-06 2.0079e-04 2.0680e-01 0.0000e+00
728 0.0000e+00 0.0000e+00 1.9955e-04 2.4292e-06 1.9955e-04 2.0700e-01 0.0000e+00
729 0.0000e+00 0.0000e+00 1.9833e-04 2.2204e-06 1.9833e-04 2.0720e-01 0.0000e+00
730 0.0000e+00 0.0000e+00 1.9712e-04 2.0300e-06 1.9712e-04 2.0739e-01 0.0000e+00
731 0.0000e+00 0.0000e+00 1.9592e-04 1.8563e-06 1.9592e-04 2.0759e-01 0.0000e+00
732 0.0000e+00 0.0000e+00 1.9473e-04 1.6979e-06 1.9473e-04 2.0778e-01 0.0000e+00
733 0.0000e+00 0.0000e+00 1.9356e-04 1.5534e-06 1.9356e-04 2.0797e-01 0.0000e+00
734 0.0000e+00 0.0000e+00 1.9240e-04 1.4215e-06 1.9240e-04 2.0816e-01 0.0000e+00
735 0.0000e+00 0.0000e+00 1.9126e-04 1.3010e-06 1.9126e-04 2.0835e-01 0.0000e+00
736 0.0000e+00 0.0000e+00 1.9013e-04 1.1906e-06 1.9013e-04 2.0854e-01 0.0000e+00
737 0.0000e+00 0.0000e+00 1.8901e-04 1.0902e-06 1.8901e-04 2.0873e-01 0.0000e+00
738 0.0000e+00 0.0000e+00 1.8790e-04 9.9843e-07 1.8790e-04 2.0892e-01 0.0000e+00
739 0.0000e+00 0.0000e+00 1.8681e-04 9.1460e-07 1.8681e-04 2.0910e-01 0.0000e+00
740 0.0000e+00 0.0000e+00 1.8573e-04 8.3797e-07 1.8573e-04 2.0929e-01 0.0000e+00
741 0.0000e+00 7.4700e-05 1.8466e-04 7.6791e-07 1.8466e-04 2.0947e-01 0.0000e+00
742 0.0000e+00 1.4410e-04 1.8360e-04 7.0383e-07 1.8360e-04 2.0965e-01 0.0000e+00
743 0.0000e+00 2.0380e-04 1.8255e-04 6.4523e-07 1.8255e-04 2.0984e-01 0.0000e+00
744 0.0000e+00 2.4960e-04 1.8152e-04 5.9161e-07 1.8152e-04 2.1002e-01 0.0000e+00
745 0.0000e+00 2.7610e-04 1.8049e-04 5.4200e-07 1.8049e-04 2.1020e-01 0.0000e+00
746 0.0000e+00 2.8830e-04 1.7948e-04 4.9717e-07 1.7948e-04 2.1038e-01 0.0000e+00
747 0.0000e+00 2.7610e-04 1.7848e-04 4.5612e-07 1.7848e-04 2.1055e-01 0.0000e+00
748 0.0000e+00 2.4960e-04 1.7749e-04 4.1854e-07 1.7749e-04 2.1073e-01 0.0000e+00
749 0.0000e+00 2.0380e-04 1.7651e-04 3.8411e-07 1.7651e-04 2.1091e-01 0.0000e+00
750 0.0000e+00 1.4410e-04 1.7554e-04 3.5258e-07 1.7554e-04 2.1108e-01 0.0000e+00
751 0.0000e+00 6.9800e-05 1.7458e-04 3.2368e-07 1.7458e-04 2.1126e-01 0.0000e+00
752 0.0000e+00 0.0000e+00 1.7363e-04 2.9720e-07 1.7363e-04 2.1143e-01 0.0000e+00
753 0.0000e+00 0.0000e+00 1.7270e-04 2.7294e-07 1.7270e-04 2.1160e-01 0.0000e+00
754 0.0000e+00 0.0000e+00 1.7177e-04 2.5069e-07 1.7177e-04 2.1177e-01 0.0000e+00
755 0.0000e+00 0.0000e+00 1.7085e-04 2.2970e-07 1.7085e-04 2.1195e-01 0.0000e+00
756 0.0000e+00 0.0000e+00 1.6994e-04 2.1106e-07 1.6994e-04 2.1211e-01 0.0000e+00
757 0.0000e+00 0.0000e+00 1.6904e-04 1.9397e-07 1.6904e-04 2.1228e-01 0.0000e+00
758 0.0000e+00 0.0000e+00 1.6815e-04 1.7829e-07 1.6815e-04 2.1245e-01 0.0000e+00
759 0.0000e+00 0.0000e+00 1.6727e-04 1.6389e-07 1.6727e-04 2.1262e-01 0.0000e+00
760 0.0000e+00 0.0000e+00 1.6640e-04 1.5068e-07 1.6640e-04 2.1278e-01 0.0000e+00
761 0.0000e+00 0.0000e+00 1.6554e-04 1.3856e-07 1.6554e-04 2.1295e-01 0.0000e+00
762 0.0000e+00 0.0000e+00 1.6469e-04 1.2743e-07 1.6469e-04 2.1311e-01 0.0000e+00
763 0.0000e+00 0.0000e+00 1.6384e-04 1.1720e-07 1.6384e-04 2.1328e-01 0.0000e+00
764 0.0000e+00 0.0000e+00 1.6301e-04 1.0710e-07 1.6301e-04 2.1344e-01 0.0000e+00
765 0.0000e+00 9.6700e-05 1.6218e-04 9.8560e-08 1.6218e-04 2.1360e-01 0.0000e+00
766 0.0000e+00 1.8660e-04 1.6136e-04 9.0710e-08 1.6136e-04 2.1376e-01 0.0000e+00
767 0.0000e+00 2.6400e-04 1.6055e-04 8.3495e-08 1.6055e-04 2.1393e-01 0.0000e+00
768 0.0000e+00 3.2330e-04 1.5974e-04 7.6864e-08 1.5974e-04 2.1408e-01 0.0000e+00
769 0.0000e+00 3.5770e-04 1.5895e-04 7.0768e-08 1.5895e-04 2.1424e-01 0.0000e+00
770 0.0000e+00 3.7350e-04 1.5816e-04 6.5163e-08 1.5816e-04 2.1440e-01 0.0000e+00
771 0.0000e+00 3.5770e-04 1.5738e-04 6.0009e-08 1.5738e-04 2.1456e-01 0.0000e+00
772 0.0000e+00 3.2330e-04 1.5661e-04 5.5270e-08 1.5661e-04 2.1472e-01 0.0000e+00
773 0.0000e+00 2.6400e-04 1.5585e-04 4.9975e-08 1.5585e-04 2.1487e-01 0.0000e+00
774 0.0000e+00 1.8660e-04 1.5509e-04 4.6060e-08 1.5509e-04 2.1503e-01 0.0000e+00
775 0.0000e+00 9.0400e-05 1.5434e-04 4.2456e-08 1.5434e-04 2.1518e-01 0.0000e+00
776 0.0000e+00 0.0000e+00 1.5360e-04 3.9137e-08 1.5360e-04 2.1533e-01 0.0000e+00
777 0.0000e+00 0.0000e+00 1.5286e-04 3.6082e-08 1.5286e-04 2.1549e-01 0.0000e+00
778 0.0000e+00 0.0000e+00 1.5213e-04 3.3269e-08 1.5213e-04 2.1564e-01 0.0000e+00
779 0.0000e+00 0.0000e+00 1.5141e-04 3.0678e-08 1.5141e-04 2.1579e-01 0.0000e+00
780 0.0000e+00 0.0000e+00 1.5070e-04 2.8292e-08 1.5070e-04 2.1594e-01 0.0000e+00
781 0.0000e+00 0.0000e+00 1.4999e-04 2.6094e-08 1.4999e-04 2.1609e-01 0.0000e+00
782 0.0000e+00 0.0000e+00 1.4929e-04 2.4069e-08 1.4929e-04 2.1624e-01 0.0000e+00
783 0.0000e+00 0.0000e+00 1.4859e-04 2.1091e-08 1.4859e-04 2.1639e-01 0.0000e+00
784 0.0000e+00 0.0000e+00 1.4791e-04 1.9476e-08 1.4791e-04 2.1654e-01 0.0000e+00
785 0.0000e+00 0.0000e+00 1.4722e-04 1.7985e-08 1.4722e-04 2.1668e-01 0.0000e+00
786 0.0000e+00 0.0000e+00 1.4655e-04 1.6610e-08 1.4655e-04 2.1683e-01 0.0000e+00
787 0.0000e+00 0.0000e+00 1.4588e-04 1.5341e-08 1.4588e-04 2.1698e-01 0.0000e+00
788 0.0000e+00 0.0000e+00 1.4521e-04 1.4171e-08 1.4521e-04 2.1712e-01 0.0000e+00
789 0.0000e+00 1.2590e-04 1.4456e-04 1.3090e-08 1.4456e-04 2.1727e-01 0.0000e+00
790 0.0000e+00 2.4290e-04 1.4391e-04 1.2093e-08 1.4391e-04 2.1741e-01 0.0000e+00
791 0.0000e+00 3.4370e-04 1.4326e-04 1.1173e-08 1.4326e-04 2.1755e-01 0.0000e+00
792 0.0000e+00 4.2090e-04 1.4262e-04 9.0672e-09 1.4262e-04 2.1770e-01 0.0000e+00
793 0.0000e+00 4.6560e-04 1.4199e-04 8.3908e-09 1.4199e-04 2.1784e-01 0.0000e+00
794 0.0000e+00 4.8620e-04 1.4136e-04 7.7654e-09 1.4136e-04 2.1798e-01 0.0000e+00
795 0.0000e+00 4.6560e-04 1.4073e-04 7.1871e-09 1.4073e-04 2.1812e-01 0.0000e+00
796 0.0000e+00 4.2090e-04 1.4012e-04 6.6523e-09 1.4012e-04 2.1826e-01 0.0000e+00
797 0.0000e+00 3.4370e-04 1.3950e-04 6.1577e-09 1.3950e-04 2.1840e-01 0.0000e+00
798 0.0000e+00 2.4290e-04 1.3890e-04 5.7002e-09 1.3890e-04 2.1854e-01 0.0000e+00
799 0.0000e+00 1.1760e-04 1.3830e-04 5.2770e-09 1.3830e-04 2.1868e-01 0.0000e+00
800 0.0000e+00 0.0000e+00 1.3770e-04 4.8856e-09 1.3770e-04 2.1881e-01 0.0000e+00
801 0.0000e+00 0.0000e+00 1.3711e-04 4.5234e-09 1.3711e-04 2.1895e-01 0.0000e+00
802 0.0000e+00 0.0000e+00 1.3652e-04 3.0815e-09 1.3652e-04 2.1909e-01 0.0000e+00
803 0.0000e+00 0.0000e+00 1.3594e-04 2.8595e-09 1.3594e-04 2.1922e-01 0.0000e+00
804 0.0000e+00 0.0000e+00 1.3537e-04 2.6536e-09 1.3537e-04 2.1936e-01 0.0000e+00
805 0.0000e+00 0.0000e+00 1.3479e-04 2.4627e-09 1.3479e-04 2.1949e-01 0.0000e+00
806 0.0000e+00 0.0000e+00 1.3423e-04 2.2857e-09 1.3423e-04 2.1963e-01 0.0000e+00
807 0.0000e+00 0.0000e+00 1.3367e-04 2.1214e-09 1.3367e-04 2.1976e-01 0.0000e+00
808 0.0000e+00 0.0000e+00 1.3311e-04 1.9691e-09 1.3311e-04 2.1990e-01 0.0000e+00
809 0.0000e+00 0.0000e+00 1.3256e-04 1.8278e-09 1.3256e-04 2.2003e-01 0.0000e+00
810 0.0000e+00 0.0000e+00 1.3201e-04 1.6967e-09 1.3201e-04 2.2016e-01 0.0000e+00
811 0.0000e+00 0.0000e+00 1.3146e-04 1.5751e-09 1.3146e-04 2.2029e-01 0.0000e+00
812 0.0000e+00 0.0000e+00 1.3093e-04 7.4197e-10 1.3093e-04 2.2042e-01 0.0000e+00
813 0.0000e+00 3.0400e-05 1.3039e-04 6.9076e-10 1.3039e-04 2.2055e-01 0.0000e+00
814 0.0000e+00 5.8700e-05 1.2986e-04 6.4311e-10 1.2986e-04 2.2068e-01 0.0000e+00
815 0.0000e+00 8.3100e-05 1.2933e-04 5.9877e-10 1.2933e-04 2.2081e-01 0.0000e+00
816 0.0000e+00 1.0180e-04 1.2881e-04 5.5750e-10 1.2881e-04 2.2094e-01 0.0000e+00
817 0.0000e+00 1.1260e-04 1.2830e-04 5.1911e-10 1.2830e-04 2.2107e-01 0.0000e+00
818 0.0000e+00 1.1760e-04 1.2778e-04 4.8337e-10 1.2778e-04 2.2120e-01 0.0000e+00
819 0.0000e+00 1.1260e-04 1.2727e-04 4.5011e-10 1.2727e-04 2.2132e-01 0.0000e+00
820 0.0000e+00 1.0180e-04 1.2677e-04 4.1915e-10 1.2677e-04 2.2145e-01 0.0000e+00
821 0.0000e+00 8.3100e-05 1.2627e-04 3.9034e-10 1.2627e-04 2.2158e-01 0.0000e+00
822 0.0000e+00 5.8700e-05 1.2577e-04 9.1799e-11 1.2577e-04 2.2170e-01 0.0000e+00
823 0.0000e+00 2.8400e-05 1.2528e-04 8.5754e-11 1.2528e-04 2.2183e-01 0.0000e+00
824 0.0000e+00 0.0000e+00 1.2479e-04 8.0109e-11 1.2479e-04 2.2195e-01 0.0000e+00
825 0.0000e+00 0.0000e+00 1.2430e-04 7.4839e-11 1.2430e-04 2.2208e-01 0.0000e+00
826 0.0000e+00 0.0000e+00 1.2382e-04 6.9917e-11 1.2382e-04 2.2220e-01 0.0000e+00
827 0.0000e+00 0.0000e+00 1.2334e-04 6.5321e-11 1.2334e-04 2.2232e-01 0.0000e+00
828 0.0000e+00 0.0000e+00 1.2287e-04 6.1029e-11 1.2287e-04 2.2245e-01 0.0000e+00
829 0.0000e+00 0.0000e+00 1.2240e-04 5.7021e-11 1.2240e-04 2.2257e-01 0.0000e+00
830 0.0000e+00 0.0000e+00 1.2193e-04 5.3277e-11 1.2193e-04 2.2269e-01 0.0000e+00
831 0.0000e+00 0.0000e+00 1.2146e-04 4.9781e-11 1.2146e-04 2.2281e-01 0.0000e+00
832 0.0000e+00 0.0000e+00 1.2100e-04 0.0000e+00 1.2100e-04 2.2293e-01 0.0000e+00
833 0.0000e+00 0.0000e+00 1.2055e-04 0.0000e+00 1.2055e-04 2.2305e-01 0.0000e+00
834 0.0000e+00 0.0000e+00 1.2009e-04 0.0000e+00 1.2009e-04 2.2317e-01 0.0000e+00
835 0.0000e+00 0.0000e+00 1.1964e-04 0.0000e+00 1.1964e-04 2.2329e-01 0.0000e+00
836 0.0000e+00 0.0000e+00 1.1920e-04 0.0000e+00 1.1920e-04 2.2341e-01 0.0000e+00
837 0.0000e+00 6.6100e-05 1.1875e-04 0.0000e+00 1.1875e-04 2.2353e-01 0.0000e+00
838 0.0000e+00 1.2750e-04 1.1831e-04 0.0000e+00 1.1831e-04 2.2365e-01 0.0000e+00
839 0.0000e+00 1.8040e-04 1.1788e-04 0.0000e+00 1.1788e-04 2.2377e-01 0.0000e+00
840 0.0000e+00 2.2090e-04 1.1744e-04 0.0000e+00 1.1744e-04 2.2389e-01 0.0000e+00
841 0.0000e+00 2.4430e-04 1.1701e-04 0.0000e+00 1.1701e-04 2.2400e-01 0.0000e+00
842 0.0000e+00 2.5510e-04 1.1659e-04 0.0000e+00 1.1659e-04 2.2412e-01 0.0000e+00
843 0.0000e+00 2.4430e-04 1.1616e-04 0.0000e+00 1.1616e-04 2.2424e-01 0.0000e+00
844 0.0000e+00 2.2090e-04 1.1574e-04 0.0000e+00 1.1574e-04 2.2435e-01 0.0000e+00
845 0.0000e+00 1.8040e-04 1.1532e-04 0.0000e+00 1.1532e-04 2.2447e-01 0.0000e+00
846 0.0000e+00 1.2750e-04 1.1491e-04 0.0000e+00 1.1491e-04 2.2458e-01 0.0000e+00
847 0.0000e+00 6.1700e-05 1.1450e-04 0.0000e+00 1.1450e-04 2.2470e-01 0.0000e+00
848 0.0000e+00 0.0000e+00 1.1409e-04 0.0000e+00 1.1409e-04 2.2481e-01 0.0000e+00
849 0.0000e+00 0.0000e+00 1.1368e-04 0.0000e+00 1.1368e-04 2.2492e-01 0.0000e+00
850 0.0000e+00 0.0000e+00 1.1328e-04 0.0000e+00 1.1328e-04 2.2504e-01 0.0000e+00
851 0.0000e+00 0.0000e+00 1.1288e-04 0.0000e+00 1.1288e-04 2.2515e-01 0.0000e+00
852 0.0000e+00 0.0000e+00 1.1248e-04 0.0000e+00 1.1248e-04 2.2526e-01 0.0000e+00
853 0.0000e+00 0.0000e+00 1.1209e-04 0.0000e+00 1.1209e-04 2.2537e-01 0.0000e+00
854 0.0000e+00 0.0000e+00 1.1170e-04 0.0000e+00 1.1170e-04 2.2549e-01 0.0000e+00
855 0.0000e+00 0.0000e+00 1.1131e-04 0.0000e+00 1.1131e-04 2.2560e-01 0.0000e+00
856 0.0000e+00 0.0000e+00 1.1092e-04 0.0000e+00 1.1092e-04 2.2571e-01 0.0000e+00
857 0.0000e+00 0.0000e+00 1.1054e-04 0.0000e+00 1.1054e-04 2.2582e-01 0.0000e+00
858 0.0000e+00 0.0000e+00 1.1015e-04 0.0000e+00 1.1015e-04 2.2593e-01 0.0000e+00
859 0.0000e+00 0.0000e+00 1.0978e-04 0.0000e+00 1.0978e-04 2.2604e-01 0.0000e+00
860 0.0000e+00 0.0000e+00 1.0940e-04 0.0000e+00 1.0940e-04 2.2615e-01 0.0000e+00
861 0.0000e+00 9.7600e-05 1.0903e-04 0.0000e+00 1.0903e-04 2.2626e-01 0.0000e+00
862 0.0000e+00 1.8830e-04 1.0866e-04 0.0000e+00 1.0866e-04 2.2637e-01 0.0000e+00
863 0.0000e+00 2.6650e-04 1.0829e-04 0.0000e+00 1.0829e-04 2.2647e-01 0.0000e+00
864 0.0000e+00 3.2630e-04 1.0792e-04 0.0000e+00 1.0792e-04 2.2658e-01 0.0000e+00
865 0.0000e+00 3.6100e-04 1.0756e-04 0.0000e+00 1.0756e-04 2.2669e-01 0.0000e+00
866 0.0000e+00 3.7690e-04 1.0720e-04 0.0000e+00 1.0720e-04 2.2680e-01 0.0000e+00
867 0.0000e+00 3.6100e-04 1.0684e-04 0.0000e+00 1.0684e-04 2.2690e-01 0.0000e+00
868 0.0000e+00 3.2630e-04 1.0648e-04 0.0000e+00 1.0648e-04 2.2701e-01 0.0000e+00
869 0.0000e+00 2.6650e-04 1.0613e-04 0.0000e+00 1.0613e-04 2.2712e-01 0.0000e+00
870 0.0000e+00 1.8830e-04 1.0578e-04 0.0000e+00 1.0578e-04 2.2722e-01 0.0000e+00
871 0.0000e+00 9.1200e-05 1.0543e-04 0.0000e+00 1.0543e-04 2.2733e-01 0.0000e+00
872 0.0000e+00 0.0000e+00 1.0508e-04 0.0000e+00 1.0508e-04 2.2743e-01 0.0000e+00
873 0.0000e+00 0.0000e+00 1.0474e-04 0.0000e+00 1.0474e-04 2.2754e-01 0.0000e+00
874 0.0000e+00 0.0000e+00 1.0440e-04 0.0000e+00 1.0440e-04 2.2764e-01 0.0000e+00
875 0.0000e+00 0.0000e+00 1.0406e-04 0.0000e+00 1.0406e-04 2.2775e-01 0.0000e+00
876 0.0000e+00 0.0000e+00 1.0372e-04 0.0000e+00 1.0372e-04 2.2785e-01 0.0000e+00
877 0.0000e+00 0.0000e+00 1.0338e-04 0.0000e+00 1.0338e-04 2.2795e-01 0.0000e+00
878 0.0000e+00 0.0000e+00 1.0305e-04 0.0000e+00 1.0305e-04 2.2806e-01 0.0000e+00
879 0.0000e+00 0.0000e+00 1.0272e-04 0.0000e+00 1.0272e-04 2.2816e-01 0.0000e+00
880 0.0000e+00 0.0000e+00 1.0239e-04 0.0000e+00 1.0239e-04 2.2826e-01 0.0000e+00
881 0.0000e+00 0.0000e+00 1.0206e-04 0.0000e+00 1.0206e-04 2.2836e-01 0.0000e+00
882 0.0000e+00 0.0000e+00 1.0174e-04 0.0000e+00 1.0174e-04 2.2847e-01 0.0000e+00
883 0.0000e+00 0.0000e+00 1.0141e-04 0.0000e+00 1.0141e-04 2.2857e-01 0.0000e+00
884 0.0000e+00 0.0000e+00 1.0109e-04 0.0000e+00 1.0109e-04 2.2867e-01 0.0000e+00
885 0.0000e+00 6.4300e-05 1.0077e-04 0.0000e+00 1.0077e-04 2.2877e-01 0.0000e+00
886 0.0000e+00 1.2410e-04 1.0046e-04 0.0000e+00 1.0046e-04 2.2887e-01 0.0000e+00
887 0.0000e+00 1.7560e-04 1.0014e-04 0.0000e+00 1.0014e-04 2.2897e-01 0.0000e+00
888 0.0000e+00 2.1500e-04 9.9828e-05 0.0000e+00 9.9828e-05 2.2907e-01 0.0000e+00
889 0.0000e+00 2.3790e-04 9.9518e-05 0.0000e+00 9.9518e-05 2.2917e-01 0.0000e+00
890 0.0000e+00 2.4840e-04 9.9208e-05 0.0000e+00 9.9208e-05 2.2927e-01 0.0000e+00
891 0.0000e+00 2.3790e-04 9.8901e-05 0.0000e+00 9.8901e-05 2.2937e-01 0.0000e+00
892 0.0000e+00 2.1500e-04 9.8596e-05 0.0000e+00 9.8596e-05 2.2947e-01 0.0000e+00
893 0.0000e+00 1.7560e-04 9.8293e-05 0.0000e+00 9.8293e-05 2.2956e-01 0.0000e+00
894 0.0000e+00 1.2410e-04 9.7991e-05 0.0000e+00 9.7991e-05 2.2966e-01 0.0000e+00
895 0.0000e+00 6.0100e-05 9.7692e-05 0.0000e+00 9.7692e-05 2.2976e-01 0.0000e+00
896 0.0000e+00 0.0000e+00 9.7394e-05 0.0000e+00 9.7394e-05 2.2986e-01 0.0000e+00
897 0.0000e+00 0.0000e+00 9.7098e-05 0.0000e+00 9.7098e-05 2.2995e-01 0.0000e+00
898 0.0000e+00 0.0000e+00 9.6804e-05 0.0000e+00 9.6804e-05 2.3005e-01 0.0000e+00
899 0.0000e+00 0.0000e+00 9.6511e-05 0.0000e+00 9.6511e-05 2.3015e-01 0.0000e+00
900 0.0000e+00 0.0000e+00 9.6221e-05 0.0000e+00 9.6221e-05 2.3024e-01 0.0000e+00
901 0.0000e+00 0.0000e+00 9.5932e-05 0.0000e+00 9.5932e-05 2.3034e-01 0.0000e+00
902 0.0000e+00 0.0000e+00 9.5645e-05 0.0000e+00 9.5645e-05 2.3043e-01 0.0000e+00
903 0.0000e+00 0.0000e+00 9.5359e-05 0.0000e+00 9.5359e-05 2.3053e-01 0.0000e+00
904 0.0000e+00 0.0000e+00 9.5076e-05 0.0000e+00 9.5076e-05 2.3063e-01 0.0000e+00
905 0.0000e+00 0.0000e+00 9.4794e-05 0.0000e+00 9.4794e-05 2.3072e-01 0.0000e+00
906 0.0000e+00 0.0000e+00 9.4513e-05 0.0000e+00 9.4513e-05 2.3081e-01 0.0000e+00
907 0.0000e+00 0.0000e+00 9.4234e-05 0.0000e+00 9.4234e-05 2.3091e-01 0.0000e+00
908 0.0000e+00 0.0000e+00 9.3957e-05 0.0000e+00 9.3957e-05 2.3100e-01 0.0000e+00
909 0.0000e+00 8.0200e-05 9.3682e-05 0.0000e+00 9.3682e-05 2.3110e-01 0.0000e+00
910 0.0000e+00 1.5480e-04 9.3408e-05 0.0000e+00 9.3408e-05 2.3119e-01 0.0000e+00
911 0.0000e+00 2.1910e-04 9.3136e-05 0.0000e+00 9.3136e-05 2.3128e-01 0.0000e+00
912 0.0000e+00 2.6830e-04 9.2865e-05 0.0000e+00 9.2865e-05 2.3138e-01 0.0000e+00
913 0.0000e+00 2.9680e-04 9.2596e-05 0.0000e+00 9.2596e-05 2.3147e-01 0.0000e+00
914 0.0000e+00 3.0990e-04 9.2328e-05 0.0000e+00 9.2328e-05 2.3156e-01 0.0000e+00
915 0.0000e+00 2.9680e-04 9.2062e-05 0.0000e+00 9.2062e-05 2.3165e-01 0.0000e+00
916 0.0000e+00 2.6830e-04 9.1798e-05 0.0000e+00 9.1798e-05 2.3174e-01 0.0000e+00
917 0.0000e+00 2.1910e-04 9.1535e-05 0.0000e+00 9.1535e-05 2.3184e-01 0.0000e+00
918 0.0000e+00 1.5480e-04 9.1273e-05 0.0000e+00 9.1273e-05 2.3193e-01 0.0000e+00
919 0.0000e+00 7.5000e-05 9.1014e-05 0.0000e+00 9.1014e-05 2.3202e-01 0.0000e+00
920 0.0000e+00 0.0000e+00 9.0755e-05 0.0000e+00 9.0755e-05 2.3211e-01 0.0000e+00
921 0.0000e+00 0.0000e+00 9.0498e-05 0.0000e+00 9.0498e-05 2.3220e-01 0.0000e+00
922 0.0000e+00 0.0000e+00 9.0242e-05 0.0000e+00 9.0242e-05 2.3229e-01 0.0000e+00
923 0.0000e+00 0.0000e+00 8.9988e-05 0.0000e+00 8.9988e-05 2.3238e-01 0.0000e+00
924 0.0000e+00 0.0000e+00 8.9736e-05 0.0000e+00 8.9736e-05 2.3247e-01 0.0000e+00
925 0.0000e+00 0.0000e+00 8.9484e-05 0.0000e+00 8.9484e-05 2.3256e-01 0.0000e+00
926 0.0000e+00 0.0000e+00 8.9234e-05 0.0000e+00 8.9234e-05 2.3265e-01 0.0000e+00
927 0.0000e+00 0.0000e+00 8.8986e-05 0.0000e+00 8.8986e-05 2.3274e-01 0.0000e+00
928 0.0000e+00 0.0000e+00 8.8739e-05 0.0000e+00 8.8739e-05 2.3283e-01 0.0000e+00
929 0.0000e+00 0.0000e+00 8.8493e-05 0.0000e+00 8.8493e-05 2.3291e-01 0.0000e+00
930 0.0000e+00 0.0000e+00 8.8249e-05 0.0000e+00 8.8249e-05 2.3300e-01 0.0000e+00
931 0.0000e+00 0.0000e+00 8.8006e-05 0.0000e+00 8.8006e-05 2.3309e-01 0.0000e+00
932 0.0000e+00 0.0000e+00 8.7764e-05 0.0000e+00 8.7764e-05 2.3318e-01 0.0000e+00
933 0.0000e+00 9.6000e-05 8.7524e-05 0.0000e+00 8.7524e-05 2.3327e-01 0.0000e+00
934 0.0000e+00 1.8520e-04 8.7285e-05 0.0000e+00 8.7285e-05 2.3335e-01 0.0000e+00
935 0.0000e+00 2.6210e-04 8.7047e-05 0.0000e+00 8.7047e-05 2.3344e-01 0.0000e+00
936 0.0000e+00 3.2090e-04 8.6810e-05 0.0000e+00 8.6810e-05 2.3353e-01 0.0000e+00
937 0.0000e+00 3.5500e-04 8.6575e-05 0.0000e+00 8.6575e-05 2.3361e-01 0.0000e+00
938 0.0000e+00 3.7070e-04 8.6341e-05 0.0000e+00 8.6341e-05 2.3370e-01 0.0000e+00
939 0.0000e+00 3.5500e-04 8.6109e-05 0.0000e+00 8.6109e-05 2.3379e-01 0.0000e+00
940 0.0000e+00 3.2090e-04 8.5877e-05 0.0000e+00 8.5877e-05 2.3387e-01 0.0000e+00
941 0.0000e+00 2.6210e-04 8.5647e-05 0.0000e+00 8.5647e-05 2.3396e-01 0.0000e+00
942 0.0000e+00 1.8520e-04 8.5418e-05 0.0000e+00 8.5418e-05 2.3404e-01 0.0000e+00
943 0.0000e+00 8.9700e-05 8.5190e-05 0.0000e+00 8.5190e-05 2.3413e-01 0.0000e+00
944 0.0000e+00 0.0000e+00 8.4964e-05 0.0000e+00 8.4964e-05 2.3421e-01 0.0000e+00
945 0.0000e+00 0.0000e+00 8.4739e-05 0.0000e+00 8.4739e-05 2.3430e-01 0.0000e+00
946 0.0000e+00 0.0000e+00 8.4515e-05 0.0000e+00 8.4515e-05 2.3438e-01 0.0000e+00
947 0.0000e+00 0.0000e+00 8.4292e-05 0.0000e+00 8.4292e-05 2.3447e-01 0.0000e+00
948 0.0000e+00 0.0000e+00 8.4070e-05 0.0000e+00 8.4070e-05 2.3455e-01 0.0000e+00
949 0.0000e+00 0.0000e+00 8.3849e-05 0.0000e+00 8.3849e-05 2.3463e-01 0.0000e+00
950 0.0000e+00 0.0000e+00 8.3630e-05 0.0000e+00 8.3630e-05 2.3472e-01 0.0000e+00
Objective function values:
F1 1.596934e-06    NSE 0.72548   F2 2.918953e-02
Mean Obs Q 1.590065e-04   Variance Obs Q 6.123405e-09
    Error Variance 1.680983e-09

Water Balance for Subcatchment: Extracted study basin: Taegu Pyungkwang River

   SUMP       SUMAE      SUMQ       SUMRZ      SUMUZ      SBAR        BAL
1.890e-01  4.556e-02  1.235e-01  1.930e-02  0.000e+00  2.347e-01  7.371e-03
