Taegu Pyungkwang River Catchment: Calibration Data

Subcatchment : Extracted study basin: cat-1019

TL =     8.39
SUMAC =     1.00
SZQ =       0.03370
Subcatchment routing data:
Maximum Routing Delay       0.69444
Sum of Histogram ordinates:     1.0000
     1.00000 
Initial BAL             -0.22392
Initial SBAR             0.22192
Initial SR0              0.00200
it      p        ep       q(it)       quz      q       sbar       qof
1 0.0000e+00 6.1900e-05 3.2800e-05 0.0000e+00 3.2800e-05 2.2195e-01 0.0000e+00
2 0.0000e+00 6.4700e-05 3.2766e-05 0.0000e+00 3.2766e-05 2.2198e-01 0.0000e+00
3 1.0000e-03 6.1900e-05 3.2733e-05 0.0000e+00 3.2733e-05 2.2202e-01 0.0000e+00
4 1.0000e-03 5.6000e-05 3.2699e-05 0.0000e+00 3.2699e-05 2.2205e-01 0.0000e+00
5 1.0000e-03 4.5700e-05 3.7581e-05 7.8106e-05 3.2666e-05 2.2200e-01 4.9153e-06
6 5.0000e-04 3.2300e-05 3.5642e-05 1.1168e-04 3.2712e-05 2.2192e-01 2.9296e-06
7 5.0000e-04 1.5600e-05 3.5809e-05 1.4441e-04 3.2793e-05 2.2181e-01 3.0160e-06
8 0.0000e+00 0.0000e+00 3.2908e-05 1.2581e-04 3.2908e-05 2.2172e-01 0.0000e+00
9 5.0000e-04 0.0000e+00 3.6127e-05 1.6197e-04 3.3004e-05 2.2159e-01 3.1237e-06
10 5.0000e-04 0.0000e+00 3.6361e-05 1.9348e-04 3.3137e-05 2.2143e-01 3.2243e-06
11 0.0000e+00 0.0000e+00 3.3303e-05 1.7003e-04 3.3303e-05 2.2129e-01 0.0000e+00
12 0.0000e+00 0.0000e+00 3.3446e-05 1.5226e-04 3.3446e-05 2.2117e-01 0.0000e+00
13 1.0000e-03 0.0000e+00 4.0019e-05 2.3996e-04 3.3570e-05 2.2097e-01 6.4485e-06
14 5.0000e-04 0.0000e+00 3.7012e-05 2.6079e-04 3.3787e-05 2.2074e-01 3.2243e-06
15 5.0000e-04 0.0000e+00 3.7252e-05 2.8201e-04 3.4028e-05 2.2049e-01 3.2243e-06
16 1.0000e-03 0.0000e+00 4.0741e-05 3.5316e-04 3.4293e-05 2.2017e-01 6.4485e-06
17 0.0000e+00 0.0000e+00 3.4636e-05 3.1021e-04 3.4636e-05 2.1990e-01 0.0000e+00
18 0.0000e+00 0.0000e+00 3.4936e-05 2.7810e-04 3.4936e-05 2.1966e-01 0.0000e+00
19 0.0000e+00 0.0000e+00 3.5202e-05 2.5026e-04 3.5202e-05 2.1944e-01 0.0000e+00
20 0.0000e+00 0.0000e+00 3.5440e-05 2.2569e-04 3.5440e-05 2.1925e-01 0.0000e+00
21 0.0000e+00 1.8000e-05 3.5651e-05 2.0385e-04 3.5651e-05 2.1908e-01 0.0000e+00
22 0.0000e+00 3.4800e-05 3.5839e-05 1.8436e-04 3.5839e-05 2.1893e-01 0.0000e+00
23 0.0000e+00 4.9200e-05 3.6006e-05 1.6692e-04 3.6006e-05 2.1880e-01 0.0000e+00
24 3.0000e-03 6.0200e-05 5.4841e-05 4.5493e-04 3.6153e-05 2.1838e-01 1.8688e-05
25 2.0000e-03 6.6600e-05 4.9138e-05 5.9201e-04 3.6629e-05 2.1783e-01 1.2509e-05
26 5.5000e-03 6.9600e-05 7.3968e-05 1.0852e-03 3.7271e-05 2.1678e-01 3.6697e-05
27 6.0000e-03 6.6600e-05 8.3362e-05 1.5569e-03 3.8511e-05 2.1526e-01 4.4850e-05
28 1.0000e-03 6.0200e-05 4.6402e-05 1.4587e-03 4.0383e-05 2.1384e-01 6.0190e-06
29 2.5000e-03 4.9200e-05 6.3773e-05 1.5564e-03 4.2213e-05 2.1233e-01 2.1561e-05
30 0.0000e+00 3.4800e-05 4.4258e-05 1.3846e-03 4.4258e-05 2.1099e-01 0.0000e+00
31 0.0000e+00 1.6800e-05 4.6151e-05 1.2434e-03 4.6151e-05 2.0979e-01 0.0000e+00
32 1.0000e-03 0.0000e+00 5.6407e-05 1.2150e-03 4.7911e-05 2.0862e-01 8.4958e-06
33 5.0000e-04 0.0000e+00 5.4414e-05 1.1430e-03 4.9690e-05 2.0753e-01 4.7238e-06
34 0.0000e+00 0.0000e+00 5.1417e-05 1.0258e-03 5.1417e-05 2.0656e-01 0.0000e+00
35 0.0000e+00 0.0000e+00 5.3007e-05 9.2356e-04 5.3007e-05 2.0569e-01 0.0000e+00
36 0.0000e+00 0.0000e+00 5.4469e-05 8.3234e-04 5.4469e-05 2.0491e-01 0.0000e+00
37 0.0000e+00 0.0000e+00 5.5809e-05 7.5063e-04 5.5809e-05 2.0421e-01 0.0000e+00
38 0.0000e+00 0.0000e+00 5.7034e-05 6.7730e-04 5.7034e-05 2.0359e-01 0.0000e+00
39 0.0000e+00 0.0000e+00 5.8151e-05 6.1141e-04 5.8151e-05 2.0304e-01 0.0000e+00
40 0.0000e+00 0.0000e+00 5.9165e-05 5.5216e-04 5.9165e-05 2.0255e-01 0.0000e+00
41 0.0000e+00 0.0000e+00 6.0083e-05 4.9885e-04 6.0083e-05 2.0211e-01 0.0000e+00
42 0.0000e+00 0.0000e+00 6.0913e-05 4.5086e-04 6.0913e-05 2.0172e-01 0.0000e+00
43 0.0000e+00 0.0000e+00 6.1660e-05 4.0763e-04 6.1660e-05 2.0137e-01 0.0000e+00
44 0.0000e+00 0.0000e+00 6.2330e-05 3.6869e-04 6.2330e-05 2.0107e-01 0.0000e+00
45 0.0000e+00 3.3800e-05 6.2929e-05 3.3358e-04 6.2929e-05 2.0080e-01 0.0000e+00
46 1.0000e-03 6.5200e-05 7.2592e-05 4.1248e-04 6.3464e-05 2.0045e-01 9.1282e-06
47 0.0000e+00 9.2300e-05 6.4160e-05 3.6328e-04 6.4160e-05 2.0015e-01 0.0000e+00
48 5.0000e-04 1.1300e-04 6.7999e-05 3.6576e-04 6.4763e-05 1.9985e-01 3.2369e-06
49 0.0000e+00 1.2500e-04 6.5375e-05 3.2582e-04 6.5375e-05 1.9959e-01 0.0000e+00
50 1.0000e-03 1.3050e-04 7.3111e-05 3.8082e-04 6.5909e-05 1.9927e-01 7.2017e-06
51 2.5000e-03 1.2500e-04 9.0635e-05 6.0774e-04 6.6561e-05 1.9873e-01 2.4074e-05
52 3.0000e-03 1.1300e-04 1.0062e-04 8.5103e-04 6.7696e-05 1.9795e-01 3.2927e-05
53 2.5000e-03 9.2300e-05 9.8715e-05 1.0078e-03 6.9373e-05 1.9701e-01 2.9341e-05
54 3.0000e-03 6.5200e-05 1.1054e-04 1.2089e-03 7.1438e-05 1.9587e-01 3.9098e-05
55 2.5000e-03 3.1600e-05 1.0676e-04 1.3355e-03 7.4023e-05 1.9461e-01 3.2740e-05
56 2.0000e-03 0.0000e+00 1.0347e-04 1.3983e-03 7.6999e-05 1.9329e-01 2.6468e-05
57 1.0000e-03 0.0000e+00 9.3692e-05 1.3459e-03 8.0245e-05 1.9202e-01 1.3447e-05
58 1.0000e-03 0.0000e+00 9.6929e-05 1.3061e-03 8.3482e-05 1.9080e-01 1.3447e-05
59 0.0000e+00 0.0000e+00 8.6734e-05 1.1541e-03 8.6734e-05 1.8973e-01 0.0000e+00
60 5.0000e-04 0.0000e+00 9.6399e-05 1.0860e-03 8.9676e-05 1.8874e-01 6.7233e-06
61 5.0000e-04 0.0000e+00 9.9235e-05 1.0240e-03 9.2512e-05 1.8780e-01 6.7233e-06
62 0.0000e+00 0.0000e+00 9.5244e-05 9.0812e-04 9.5244e-05 1.8699e-01 0.0000e+00
63 0.0000e+00 0.0000e+00 9.7695e-05 8.0911e-04 9.7695e-05 1.8628e-01 0.0000e+00
64 0.0000e+00 0.0000e+00 9.9891e-05 7.2198e-04 9.9891e-05 1.8566e-01 0.0000e+00
65 0.0000e+00 0.0000e+00 1.0185e-04 6.4489e-04 1.0185e-04 1.8512e-01 0.0000e+00
66 0.0000e+00 0.0000e+00 1.0360e-04 5.7650e-04 1.0360e-04 1.8464e-01 0.0000e+00
67 0.0000e+00 0.0000e+00 1.0514e-04 5.1575e-04 1.0514e-04 1.8423e-01 0.0000e+00
68 0.0000e+00 0.0000e+00 1.0650e-04 4.6170e-04 1.0650e-04 1.8388e-01 0.0000e+00
69 0.0000e+00 4.1400e-05 1.0768e-04 4.1357e-04 1.0768e-04 1.8357e-01 0.0000e+00
70 0.0000e+00 7.9800e-05 1.0872e-04 3.7067e-04 1.0872e-04 1.8331e-01 0.0000e+00
71 0.0000e+00 1.1290e-04 1.0961e-04 3.3241e-04 1.0961e-04 1.8309e-01 0.0000e+00
72 0.0000e+00 1.3830e-04 1.1038e-04 2.9826e-04 1.1038e-04 1.8290e-01 0.0000e+00
73 0.0000e+00 1.5300e-04 1.1103e-04 2.6776e-04 1.1103e-04 1.8274e-01 0.0000e+00
74 0.0000e+00 1.5980e-04 1.1157e-04 2.4050e-04 1.1157e-04 1.8261e-01 0.0000e+00
75 0.0000e+00 1.5300e-04 1.1202e-04 2.1613e-04 1.1202e-04 1.8251e-01 0.0000e+00
76 0.0000e+00 1.3830e-04 1.1239e-04 1.9433e-04 1.1239e-04 1.8243e-01 0.0000e+00
77 0.0000e+00 1.1290e-04 1.1268e-04 1.7481e-04 1.1268e-04 1.8236e-01 0.0000e+00
78 0.0000e+00 7.9800e-05 1.1290e-04 1.5733e-04 1.1290e-04 1.8232e-01 0.0000e+00
79 0.0000e+00 3.8700e-05 1.1305e-04 1.4166e-04 1.1305e-04 1.8229e-01 0.0000e+00
80 0.0000e+00 0.0000e+00 1.1315e-04 1.2761e-04 1.1315e-04 1.8228e-01 0.0000e+00
81 0.0000e+00 0.0000e+00 1.1320e-04 1.1501e-04 1.1320e-04 1.8227e-01 0.0000e+00
82 0.0000e+00 0.0000e+00 1.1321e-04 1.0370e-04 1.1321e-04 1.8228e-01 0.0000e+00
83 0.0000e+00 0.0000e+00 1.1318e-04 9.3546e-05 1.1318e-04 1.8230e-01 0.0000e+00
84 0.0000e+00 0.0000e+00 1.1311e-04 8.4421e-05 1.1311e-04 1.8233e-01 0.0000e+00
85 0.0000e+00 0.0000e+00 1.1301e-04 7.6219e-05 1.1301e-04 1.8237e-01 0.0000e+00
86 0.0000e+00 0.0000e+00 1.1288e-04 6.8842e-05 1.1288e-04 1.8241e-01 0.0000e+00
87 0.0000e+00 0.0000e+00 1.1272e-04 6.2205e-05 1.1272e-04 1.8246e-01 0.0000e+00
88 0.0000e+00 0.0000e+00 1.1254e-04 5.6231e-05 1.1254e-04 1.8252e-01 0.0000e+00
89 0.0000e+00 0.0000e+00 1.1235e-04 5.0850e-05 1.1235e-04 1.8258e-01 0.0000e+00
90 0.0000e+00 0.0000e+00 1.1213e-04 4.6002e-05 1.1213e-04 1.8265e-01 0.0000e+00
91 0.0000e+00 0.0000e+00 1.1190e-04 4.1631e-05 1.1190e-04 1.8272e-01 0.0000e+00
92 0.0000e+00 0.0000e+00 1.1165e-04 3.7691e-05 1.1165e-04 1.8279e-01 0.0000e+00
93 0.0000e+00 1.9100e-05 1.1140e-04 3.4135e-05 1.1140e-04 1.8287e-01 0.0000e+00
94 0.0000e+00 3.6800e-05 1.1113e-04 3.0926e-05 1.1113e-04 1.8295e-01 0.0000e+00
95 0.0000e+00 5.2100e-05 1.1085e-04 2.8029e-05 1.1085e-04 1.8303e-01 0.0000e+00
96 0.0000e+00 6.3800e-05 1.1056e-04 2.5411e-05 1.1056e-04 1.8312e-01 0.0000e+00
97 5.0000e-04 7.0600e-05 1.1027e-04 2.3046e-05 1.1027e-04 1.8320e-01 0.0000e+00
98 5.0000e-04 7.3700e-05 1.0997e-04 2.0908e-05 1.0997e-04 1.8329e-01 0.0000e+00
99 0.0000e+00 7.0600e-05 1.0966e-04 1.8974e-05 1.0966e-04 1.8338e-01 0.0000e+00
100 0.0000e+00 6.3800e-05 1.0935e-04 1.7224e-05 1.0935e-04 1.8348e-01 0.0000e+00
101 0.0000e+00 5.2100e-05 1.0904e-04 1.5641e-05 1.0904e-04 1.8357e-01 0.0000e+00
102 0.0000e+00 3.6800e-05 1.0872e-04 1.4208e-05 1.0872e-04 1.8366e-01 0.0000e+00
103 0.0000e+00 1.7800e-05 1.0840e-04 1.2909e-05 1.0840e-04 1.8376e-01 0.0000e+00
104 0.0000e+00 0.0000e+00 1.0808e-04 1.1733e-05 1.0808e-04 1.8386e-01 0.0000e+00
105 0.0000e+00 0.0000e+00 1.0775e-04 1.0667e-05 1.0775e-04 1.8395e-01 0.0000e+00
106 0.0000e+00 0.0000e+00 1.0742e-04 9.7009e-06 1.0742e-04 1.8405e-01 0.0000e+00
107 0.0000e+00 0.0000e+00 1.0710e-04 8.8245e-06 1.0710e-04 1.8415e-01 0.0000e+00
108 0.0000e+00 0.0000e+00 1.0677e-04 8.0294e-06 1.0677e-04 1.8425e-01 0.0000e+00
109 0.0000e+00 0.0000e+00 1.0644e-04 7.3079e-06 1.0644e-04 1.8435e-01 0.0000e+00
110 0.0000e+00 0.0000e+00 1.0611e-04 6.6524e-06 1.0611e-04 1.8445e-01 0.0000e+00
111 5.0000e-04 0.0000e+00 1.0578e-04 6.0578e-06 1.0578e-04 1.8455e-01 0.0000e+00
112 0.0000e+00 0.0000e+00 1.0545e-04 5.5177e-06 1.0545e-04 1.8465e-01 0.0000e+00
113 0.0000e+00 0.0000e+00 1.0512e-04 5.0270e-06 1.0512e-04 1.8475e-01 0.0000e+00
114 0.0000e+00 0.0000e+00 1.0480e-04 4.5810e-06 1.0480e-04 1.8485e-01 0.0000e+00
115 0.0000e+00 0.0000e+00 1.0447e-04 4.1756e-06 1.0447e-04 1.8495e-01 0.0000e+00
116 0.0000e+00 0.0000e+00 1.0414e-04 3.8069e-06 1.0414e-04 1.8505e-01 0.0000e+00
117 0.0000e+00 1.0200e-05 1.0381e-04 3.4716e-06 1.0381e-04 1.8515e-01 0.0000e+00
118 0.0000e+00 1.9800e-05 1.0349e-04 3.1665e-06 1.0349e-04 1.8525e-01 0.0000e+00
119 0.0000e+00 2.8000e-05 1.0317e-04 2.8889e-06 1.0317e-04 1.8535e-01 0.0000e+00
120 0.0000e+00 3.4200e-05 1.0284e-04 2.6357e-06 1.0284e-04 1.8545e-01 0.0000e+00
121 0.0000e+00 3.7900e-05 1.0252e-04 2.4057e-06 1.0252e-04 1.8555e-01 0.0000e+00
122 0.0000e+00 3.9500e-05 1.0220e-04 2.1962e-06 1.0220e-04 1.8565e-01 0.0000e+00
123 0.0000e+00 3.7900e-05 1.0188e-04 2.0054e-06 1.0188e-04 1.8575e-01 0.0000e+00
124 0.0000e+00 3.4200e-05 1.0156e-04 1.8315e-06 1.0156e-04 1.8585e-01 0.0000e+00
125 0.0000e+00 2.8000e-05 1.0125e-04 1.6730e-06 1.0125e-04 1.8595e-01 0.0000e+00
126 0.0000e+00 1.9800e-05 1.0093e-04 1.5286e-06 1.0093e-04 1.8605e-01 0.0000e+00
127 0.0000e+00 9.6000e-06 1.0062e-04 1.3969e-06 1.0062e-04 1.8615e-01 0.0000e+00
128 0.0000e+00 0.0000e+00 1.0031e-04 1.2767e-06 1.0031e-04 1.8625e-01 0.0000e+00
129 0.0000e+00 0.0000e+00 1.0000e-04 1.1672e-06 1.0000e-04 1.8634e-01 0.0000e+00
130 0.0000e+00 0.0000e+00 9.9691e-05 1.0665e-06 9.9691e-05 1.8644e-01 0.0000e+00
131 0.0000e+00 0.0000e+00 9.9384e-05 9.7535e-07 9.9384e-05 1.8654e-01 0.0000e+00
132 0.0000e+00 0.0000e+00 9.9079e-05 8.9217e-07 9.9079e-05 1.8664e-01 0.0000e+00
133 0.0000e+00 0.0000e+00 9.8776e-05 8.1622e-07 9.8776e-05 1.8674e-01 0.0000e+00
134 0.0000e+00 0.0000e+00 9.8474e-05 7.4687e-07 9.8474e-05 1.8684e-01 0.0000e+00
135 0.0000e+00 0.0000e+00 9.8173e-05 6.8352e-07 9.8173e-05 1.8693e-01 0.0000e+00
136 0.0000e+00 0.0000e+00 9.7875e-05 6.2565e-07 9.7875e-05 1.8703e-01 0.0000e+00
137 0.0000e+00 0.0000e+00 9.7578e-05 5.7278e-07 9.7578e-05 1.8713e-01 0.0000e+00
138 0.0000e+00 0.0000e+00 9.7283e-05 5.2446e-07 9.7283e-05 1.8722e-01 0.0000e+00
139 0.0000e+00 0.0000e+00 9.6989e-05 4.8029e-07 9.6989e-05 1.8732e-01 0.0000e+00
140 0.0000e+00 0.0000e+00 9.6697e-05 4.3895e-07 9.6697e-05 1.8742e-01 0.0000e+00
141 5.0000e-04 4.1400e-05 9.6406e-05 4.0216e-07 9.6406e-05 1.8751e-01 0.0000e+00
142 0.0000e+00 7.9900e-05 9.6117e-05 3.6850e-07 9.6117e-05 1.8761e-01 0.0000e+00
143 0.0000e+00 1.1300e-04 9.5830e-05 3.3771e-07 9.5830e-05 1.8770e-01 0.0000e+00
144 0.0000e+00 1.3840e-04 9.5545e-05 3.0954e-07 9.5545e-05 1.8780e-01 0.0000e+00
145 0.0000e+00 1.5310e-04 9.5261e-05 2.8376e-07 9.5261e-05 1.8789e-01 0.0000e+00
146 0.0000e+00 1.5990e-04 9.4979e-05 2.6017e-07 9.4979e-05 1.8799e-01 0.0000e+00
147 0.0000e+00 1.5310e-04 9.4698e-05 2.3857e-07 9.4698e-05 1.8808e-01 0.0000e+00
148 0.0000e+00 1.3840e-04 9.4419e-05 2.1879e-07 9.4419e-05 1.8818e-01 0.0000e+00
149 0.0000e+00 1.1300e-04 9.4141e-05 2.0068e-07 9.4141e-05 1.8827e-01 0.0000e+00
150 0.0000e+00 7.9900e-05 9.3865e-05 1.8297e-07 9.3865e-05 1.8836e-01 0.0000e+00
151 0.0000e+00 3.8700e-05 9.3591e-05 1.6791e-07 9.3591e-05 1.8846e-01 0.0000e+00
152 0.0000e+00 0.0000e+00 9.3318e-05 1.5411e-07 9.3318e-05 1.8855e-01 0.0000e+00
153 0.0000e+00 0.0000e+00 9.3047e-05 1.4146e-07 9.3047e-05 1.8864e-01 0.0000e+00
154 0.0000e+00 0.0000e+00 9.2777e-05 1.2987e-07 9.2777e-05 1.8874e-01 0.0000e+00
155 0.0000e+00 0.0000e+00 9.2509e-05 1.1924e-07 9.2509e-05 1.8883e-01 0.0000e+00
156 0.0000e+00 0.0000e+00 9.2242e-05 1.0949e-07 9.2242e-05 1.8892e-01 0.0000e+00
157 0.0000e+00 0.0000e+00 9.1977e-05 1.0056e-07 9.1977e-05 1.8901e-01 0.0000e+00
158 0.0000e+00 0.0000e+00 9.1713e-05 9.2360e-08 9.1713e-05 1.8911e-01 0.0000e+00
159 0.0000e+00 0.0000e+00 9.1451e-05 8.4841e-08 9.1451e-05 1.8920e-01 0.0000e+00
160 0.0000e+00 0.0000e+00 9.1190e-05 7.6742e-08 9.1190e-05 1.8929e-01 0.0000e+00
161 0.0000e+00 0.0000e+00 9.0931e-05 7.0543e-08 9.0931e-05 1.8938e-01 0.0000e+00
162 0.0000e+00 0.0000e+00 9.0673e-05 6.4851e-08 9.0673e-05 1.8947e-01 0.0000e+00
163 0.0000e+00 0.0000e+00 9.0417e-05 5.9625e-08 9.0417e-05 1.8956e-01 0.0000e+00
164 0.0000e+00 0.0000e+00 9.0162e-05 5.4825e-08 9.0162e-05 1.8965e-01 0.0000e+00
165 0.0000e+00 1.7800e-05 8.9908e-05 5.0417e-08 8.9908e-05 1.8974e-01 0.0000e+00
166 0.0000e+00 3.4400e-05 8.9656e-05 4.6367e-08 8.9656e-05 1.8983e-01 0.0000e+00
167 0.0000e+00 4.8600e-05 8.9405e-05 4.2648e-08 8.9405e-05 1.8992e-01 0.0000e+00
168 0.0000e+00 5.9500e-05 8.9156e-05 3.9230e-08 8.9156e-05 1.9001e-01 0.0000e+00
169 0.0000e+00 6.5900e-05 8.8908e-05 3.6090e-08 8.8908e-05 1.9010e-01 0.0000e+00
170 0.0000e+00 6.8800e-05 8.8662e-05 3.3205e-08 8.8662e-05 1.9018e-01 0.0000e+00
171 0.0000e+00 6.5900e-05 8.8416e-05 2.9446e-08 8.8416e-05 1.9027e-01 0.0000e+00
172 0.0000e+00 5.9500e-05 8.8172e-05 2.7118e-08 8.8172e-05 1.9036e-01 0.0000e+00
173 0.0000e+00 4.8600e-05 8.7930e-05 2.4976e-08 8.7930e-05 1.9045e-01 0.0000e+00
174 0.0000e+00 3.4400e-05 8.7689e-05 2.3005e-08 8.7689e-05 1.9054e-01 0.0000e+00
175 0.0000e+00 1.6600e-05 8.7449e-05 2.1191e-08 8.7449e-05 1.9062e-01 0.0000e+00
176 0.0000e+00 0.0000e+00 8.7210e-05 1.9522e-08 8.7210e-05 1.9071e-01 0.0000e+00
177 0.0000e+00 0.0000e+00 8.6973e-05 1.7986e-08 8.6973e-05 1.9080e-01 0.0000e+00
178 0.0000e+00 0.0000e+00 8.6737e-05 1.6572e-08 8.6737e-05 1.9089e-01 0.0000e+00
179 0.0000e+00 0.0000e+00 8.6502e-05 1.5270e-08 8.6502e-05 1.9097e-01 0.0000e+00
180 0.0000e+00 0.0000e+00 8.6269e-05 1.4072e-08 8.6269e-05 1.9106e-01 0.0000e+00
181 0.0000e+00 0.0000e+00 8.6036e-05 1.1874e-08 8.6036e-05 1.9114e-01 0.0000e+00
182 0.0000e+00 0.0000e+00 8.5805e-05 1.0958e-08 8.5805e-05 1.9123e-01 0.0000e+00
183 0.0000e+00 0.0000e+00 8.5576e-05 1.0113e-08 8.5576e-05 1.9132e-01 0.0000e+00
184 0.0000e+00 0.0000e+00 8.5347e-05 9.3338e-09 8.5347e-05 1.9140e-01 0.0000e+00
185 0.0000e+00 0.0000e+00 8.5120e-05 8.6153e-09 8.5120e-05 1.9149e-01 0.0000e+00
186 0.0000e+00 0.0000e+00 8.4894e-05 7.9525e-09 8.4894e-05 1.9157e-01 0.0000e+00
187 0.0000e+00 0.0000e+00 8.4669e-05 7.3412e-09 8.4669e-05 1.9166e-01 0.0000e+00
188 0.0000e+00 0.0000e+00 8.4445e-05 6.7772e-09 8.4445e-05 1.9174e-01 0.0000e+00
189 0.0000e+00 4.5600e-05 8.4223e-05 6.2570e-09 8.4223e-05 1.9182e-01 0.0000e+00
190 5.0000e-04 8.7900e-05 8.4001e-05 5.7771e-09 8.4001e-05 1.9191e-01 0.0000e+00
191 0.0000e+00 1.2440e-04 8.3781e-05 4.3527e-09 8.3781e-05 1.9199e-01 0.0000e+00
192 0.0000e+00 1.5230e-04 8.3562e-05 4.0272e-09 8.3562e-05 1.9208e-01 0.0000e+00
193 0.0000e+00 1.6850e-04 8.3344e-05 3.7262e-09 8.3344e-05 1.9216e-01 0.0000e+00
194 0.0000e+00 1.7590e-04 8.3127e-05 3.4478e-09 8.3127e-05 1.9224e-01 0.0000e+00
195 0.0000e+00 1.6850e-04 8.2912e-05 3.1904e-09 8.2912e-05 1.9232e-01 0.0000e+00
196 0.0000e+00 1.5230e-04 8.2697e-05 2.9523e-09 8.2697e-05 1.9241e-01 0.0000e+00
197 0.0000e+00 1.2440e-04 8.2484e-05 2.7321e-09 8.2484e-05 1.9249e-01 0.0000e+00
198 0.0000e+00 8.7900e-05 8.2271e-05 2.5284e-09 8.2271e-05 1.9257e-01 0.0000e+00
199 0.0000e+00 4.2600e-05 8.2060e-05 2.3401e-09 8.2060e-05 1.9265e-01 0.0000e+00
200 0.0000e+00 0.0000e+00 8.1850e-05 2.1658e-09 8.1850e-05 1.9274e-01 0.0000e+00
201 0.0000e+00 0.0000e+00 8.1641e-05 2.0046e-09 8.1641e-05 1.9282e-01 0.0000e+00
202 0.0000e+00 0.0000e+00 8.1433e-05 1.2276e-09 8.1433e-05 1.9290e-01 0.0000e+00
203 0.0000e+00 0.0000e+00 8.1226e-05 1.1392e-09 8.1226e-05 1.9298e-01 0.0000e+00
204 0.0000e+00 0.0000e+00 8.1020e-05 1.0572e-09 8.1020e-05 1.9306e-01 0.0000e+00
205 0.0000e+00 0.0000e+00 8.0815e-05 9.8119e-10 8.0815e-05 1.9314e-01 0.0000e+00
206 0.0000e+00 0.0000e+00 8.0611e-05 9.1064e-10 8.0611e-05 1.9322e-01 0.0000e+00
207 0.0000e+00 0.0000e+00 8.0409e-05 8.4518e-10 8.0409e-05 1.9330e-01 0.0000e+00
208 0.0000e+00 0.0000e+00 8.0207e-05 7.8446e-10 8.0207e-05 1.9338e-01 0.0000e+00
209 0.0000e+00 0.0000e+00 8.0006e-05 7.2812e-10 8.0006e-05 1.9346e-01 0.0000e+00
210 0.0000e+00 0.0000e+00 7.9806e-05 6.7585e-10 7.9806e-05 1.9354e-01 0.0000e+00
211 0.0000e+00 0.0000e+00 7.9607e-05 6.2735e-10 7.9607e-05 1.9362e-01 0.0000e+00
212 0.0000e+00 0.0000e+00 7.9410e-05 2.6895e-10 7.9410e-05 1.9370e-01 0.0000e+00
213 0.0000e+00 4.9000e-05 7.9213e-05 2.5038e-10 7.9213e-05 1.9378e-01 0.0000e+00
214 0.0000e+00 9.4600e-05 7.9017e-05 2.3310e-10 7.9017e-05 1.9386e-01 0.0000e+00
215 0.0000e+00 1.3380e-04 7.8822e-05 2.1701e-10 7.8822e-05 1.9394e-01 0.0000e+00
216 0.0000e+00 1.6380e-04 7.8628e-05 2.0204e-10 7.8628e-05 1.9402e-01 0.0000e+00
217 0.0000e+00 1.8130e-04 7.8435e-05 1.8811e-10 7.8435e-05 1.9410e-01 0.0000e+00
218 0.0000e+00 1.8920e-04 7.8243e-05 1.7514e-10 7.8243e-05 1.9417e-01 0.0000e+00
219 0.0000e+00 1.8130e-04 7.8052e-05 1.6307e-10 7.8052e-05 1.9425e-01 0.0000e+00
220 0.0000e+00 1.6380e-04 7.7862e-05 1.5184e-10 7.7862e-05 1.9433e-01 0.0000e+00
221 0.0000e+00 1.3380e-04 7.7673e-05 1.4138e-10 7.7673e-05 1.9441e-01 0.0000e+00
222 0.0000e+00 9.4600e-05 7.7484e-05 2.8646e-11 7.7484e-05 1.9449e-01 0.0000e+00
223 0.0000e+00 4.5800e-05 7.7297e-05 2.6757e-11 7.7297e-05 1.9456e-01 0.0000e+00
224 0.0000e+00 0.0000e+00 7.7111e-05 2.4993e-11 7.7111e-05 1.9464e-01 0.0000e+00
225 0.0000e+00 0.0000e+00 7.6925e-05 2.3346e-11 7.6925e-05 1.9472e-01 0.0000e+00
226 0.0000e+00 0.0000e+00 7.6740e-05 2.1808e-11 7.6740e-05 1.9479e-01 0.0000e+00
227 0.0000e+00 0.0000e+00 7.6556e-05 2.0372e-11 7.6556e-05 1.9487e-01 0.0000e+00
228 0.0000e+00 0.0000e+00 7.6374e-05 1.9030e-11 7.6374e-05 1.9495e-01 0.0000e+00
229 0.0000e+00 0.0000e+00 7.6191e-05 1.7778e-11 7.6191e-05 1.9502e-01 0.0000e+00
230 0.0000e+00 0.0000e+00 7.6010e-05 1.6608e-11 7.6010e-05 1.9510e-01 0.0000e+00
231 0.0000e+00 0.0000e+00 7.5830e-05 1.5515e-11 7.5830e-05 1.9517e-01 0.0000e+00
232 0.0000e+00 0.0000e+00 7.5650e-05 1.4494e-11 7.5650e-05 1.9525e-01 0.0000e+00
233 0.0000e+00 0.0000e+00 7.5472e-05 0.0000e+00 7.5472e-05 1.9533e-01 0.0000e+00
234 0.0000e+00 0.0000e+00 7.5294e-05 0.0000e+00 7.5294e-05 1.9540e-01 0.0000e+00
235 0.0000e+00 0.0000e+00 7.5117e-05 0.0000e+00 7.5117e-05 1.9548e-01 0.0000e+00
236 0.0000e+00 0.0000e+00 7.4941e-05 0.0000e+00 7.4941e-05 1.9555e-01 0.0000e+00
237 0.0000e+00 5.1700e-05 7.4766e-05 0.0000e+00 7.4766e-05 1.9563e-01 0.0000e+00
238 0.0000e+00 9.9800e-05 7.4591e-05 0.0000e+00 7.4591e-05 1.9570e-01 0.0000e+00
239 0.0000e+00 1.4120e-04 7.4417e-05 0.0000e+00 7.4417e-05 1.9578e-01 0.0000e+00
240 0.0000e+00 1.7290e-04 7.4245e-05 0.0000e+00 7.4245e-05 1.9585e-01 0.0000e+00
241 5.0000e-04 1.9130e-04 7.4073e-05 0.0000e+00 7.4073e-05 1.9592e-01 0.0000e+00
242 1.0000e-03 1.9970e-04 7.3901e-05 0.0000e+00 7.3901e-05 1.9600e-01 0.0000e+00
243 0.0000e+00 1.9130e-04 7.3731e-05 0.0000e+00 7.3731e-05 1.9607e-01 0.0000e+00
244 0.0000e+00 1.7290e-04 7.3561e-05 0.0000e+00 7.3561e-05 1.9614e-01 0.0000e+00
245 0.0000e+00 1.4120e-04 7.3392e-05 0.0000e+00 7.3392e-05 1.9622e-01 0.0000e+00
246 0.0000e+00 9.9800e-05 7.3224e-05 0.0000e+00 7.3224e-05 1.9629e-01 0.0000e+00
247 0.0000e+00 4.8300e-05 7.3057e-05 0.0000e+00 7.3057e-05 1.9636e-01 0.0000e+00
248 0.0000e+00 0.0000e+00 7.2890e-05 0.0000e+00 7.2890e-05 1.9644e-01 0.0000e+00
249 0.0000e+00 0.0000e+00 7.2724e-05 0.0000e+00 7.2724e-05 1.9651e-01 0.0000e+00
250 0.0000e+00 0.0000e+00 7.2559e-05 0.0000e+00 7.2559e-05 1.9658e-01 0.0000e+00
251 0.0000e+00 0.0000e+00 7.2395e-05 0.0000e+00 7.2395e-05 1.9665e-01 0.0000e+00
252 0.0000e+00 0.0000e+00 7.2231e-05 0.0000e+00 7.2231e-05 1.9673e-01 0.0000e+00
253 1.0000e-03 0.0000e+00 7.2068e-05 0.0000e+00 7.2068e-05 1.9680e-01 0.0000e+00
254 0.0000e+00 0.0000e+00 7.1906e-05 0.0000e+00 7.1906e-05 1.9687e-01 0.0000e+00
255 0.0000e+00 0.0000e+00 7.1745e-05 0.0000e+00 7.1745e-05 1.9694e-01 0.0000e+00
256 0.0000e+00 0.0000e+00 7.1584e-05 0.0000e+00 7.1584e-05 1.9701e-01 0.0000e+00
257 0.0000e+00 0.0000e+00 7.1424e-05 0.0000e+00 7.1424e-05 1.9709e-01 0.0000e+00
258 0.0000e+00 0.0000e+00 7.1265e-05 0.0000e+00 7.1265e-05 1.9716e-01 0.0000e+00
259 0.0000e+00 0.0000e+00 7.1106e-05 0.0000e+00 7.1106e-05 1.9723e-01 0.0000e+00
260 0.0000e+00 0.0000e+00 7.0949e-05 0.0000e+00 7.0949e-05 1.9730e-01 0.0000e+00
261 0.0000e+00 7.5200e-05 7.0792e-05 0.0000e+00 7.0792e-05 1.9737e-01 0.0000e+00
262 1.0000e-03 1.4510e-04 7.0635e-05 0.0000e+00 7.0635e-05 1.9744e-01 0.0000e+00
263 0.0000e+00 2.0520e-04 7.0479e-05 0.0000e+00 7.0479e-05 1.9751e-01 0.0000e+00
264 0.0000e+00 2.5130e-04 7.0324e-05 0.0000e+00 7.0324e-05 1.9758e-01 0.0000e+00
265 0.0000e+00 2.7800e-04 7.0170e-05 0.0000e+00 7.0170e-05 1.9765e-01 0.0000e+00
266 0.0000e+00 2.9030e-04 7.0016e-05 0.0000e+00 7.0016e-05 1.9772e-01 0.0000e+00
267 0.0000e+00 2.7800e-04 6.9863e-05 0.0000e+00 6.9863e-05 1.9779e-01 0.0000e+00
268 0.0000e+00 2.5130e-04 6.9711e-05 0.0000e+00 6.9711e-05 1.9786e-01 0.0000e+00
269 0.0000e+00 2.0520e-04 6.9559e-05 0.0000e+00 6.9559e-05 1.9793e-01 0.0000e+00
270 0.0000e+00 1.4510e-04 6.9408e-05 0.0000e+00 6.9408e-05 1.9800e-01 0.0000e+00
271 0.0000e+00 7.0200e-05 6.9258e-05 0.0000e+00 6.9258e-05 1.9807e-01 0.0000e+00
272 0.0000e+00 0.0000e+00 6.9108e-05 0.0000e+00 6.9108e-05 1.9814e-01 0.0000e+00
273 0.0000e+00 0.0000e+00 6.8959e-05 0.0000e+00 6.8959e-05 1.9821e-01 0.0000e+00
274 0.0000e+00 0.0000e+00 6.8810e-05 0.0000e+00 6.8810e-05 1.9828e-01 0.0000e+00
275 0.0000e+00 0.0000e+00 6.8663e-05 0.0000e+00 6.8663e-05 1.9834e-01 0.0000e+00
276 0.0000e+00 0.0000e+00 6.8515e-05 0.0000e+00 6.8515e-05 1.9841e-01 0.0000e+00
277 0.0000e+00 0.0000e+00 6.8369e-05 0.0000e+00 6.8369e-05 1.9848e-01 0.0000e+00
278 0.0000e+00 0.0000e+00 6.8223e-05 0.0000e+00 6.8223e-05 1.9855e-01 0.0000e+00
279 0.0000e+00 0.0000e+00 6.8078e-05 0.0000e+00 6.8078e-05 1.9862e-01 0.0000e+00
280 0.0000e+00 0.0000e+00 6.7933e-05 0.0000e+00 6.7933e-05 1.9869e-01 0.0000e+00
281 0.0000e+00 0.0000e+00 6.7789e-05 0.0000e+00 6.7789e-05 1.9875e-01 0.0000e+00
282 0.0000e+00 0.0000e+00 6.7646e-05 0.0000e+00 6.7646e-05 1.9882e-01 0.0000e+00
283 1.0000e-03 0.0000e+00 6.7503e-05 0.0000e+00 6.7503e-05 1.9889e-01 0.0000e+00
284 5.0000e-04 0.0000e+00 6.7360e-05 0.0000e+00 6.7360e-05 1.9896e-01 0.0000e+00
285 2.5000e-03 2.4400e-05 6.8735e-05 1.8581e-05 6.7219e-05 1.9900e-01 1.5161e-06
286 6.0000e-03 4.7000e-05 1.4069e-04 6.9117e-04 6.7117e-05 1.9838e-01 7.3575e-05
287 4.0000e-03 6.6500e-05 1.1719e-04 1.0232e-03 6.8438e-05 1.9743e-01 4.8749e-05
288 1.5000e-03 8.1400e-05 8.9008e-05 1.0393e-03 7.0511e-05 1.9646e-01 1.8497e-05
289 0.0000e+00 9.0100e-05 7.2678e-05 9.0649e-04 7.2678e-05 1.9562e-01 0.0000e+00
290 0.0000e+00 9.4000e-05 7.4597e-05 7.9983e-04 7.4597e-05 1.9490e-01 0.0000e+00
291 5.0000e-04 9.0100e-05 7.9466e-05 7.3565e-04 7.6307e-05 1.9424e-01 3.1595e-06
292 0.0000e+00 8.1400e-05 7.7895e-05 6.5207e-04 7.7895e-05 1.9366e-01 0.0000e+00
293 0.0000e+00 6.6500e-05 7.9306e-05 5.8011e-04 7.9306e-05 1.9316e-01 0.0000e+00
294 1.5000e-03 4.7000e-05 9.7531e-05 6.6442e-04 8.0557e-05 1.9258e-01 1.6975e-05
295 1.0000e-03 2.2800e-05 9.4855e-05 6.9536e-04 8.2040e-05 1.9197e-01 1.2815e-05
296 0.0000e+00 0.0000e+00 8.3628e-05 6.1111e-04 8.3628e-05 1.9144e-01 0.0000e+00
297 0.0000e+00 0.0000e+00 8.5017e-05 5.4255e-04 8.5017e-05 1.9098e-01 0.0000e+00
298 0.0000e+00 0.0000e+00 8.6242e-05 4.8312e-04 8.6242e-05 1.9058e-01 0.0000e+00
299 0.0000e+00 0.0000e+00 8.7318e-05 4.3105e-04 8.7318e-05 1.9024e-01 0.0000e+00
300 0.0000e+00 0.0000e+00 8.8261e-05 3.8514e-04 8.8261e-05 1.8994e-01 0.0000e+00
301 0.0000e+00 0.0000e+00 8.9084e-05 3.4453e-04 8.9084e-05 1.8969e-01 0.0000e+00
302 0.0000e+00 0.0000e+00 8.9798e-05 3.0852e-04 8.9798e-05 1.8947e-01 0.0000e+00
303 0.0000e+00 0.0000e+00 9.0414e-05 2.7651e-04 9.0414e-05 1.8928e-01 0.0000e+00
304 0.0000e+00 0.0000e+00 9.0941e-05 2.4804e-04 9.0941e-05 1.8913e-01 0.0000e+00
305 0.0000e+00 0.0000e+00 9.1388e-05 2.2266e-04 9.1388e-05 1.8900e-01 0.0000e+00
306 0.0000e+00 0.0000e+00 9.1764e-05 2.0002e-04 9.1764e-05 1.8889e-01 0.0000e+00
307 0.0000e+00 0.0000e+00 9.2075e-05 1.7980e-04 9.2075e-05 1.8880e-01 0.0000e+00
308 0.0000e+00 0.0000e+00 9.2328e-05 1.6172e-04 9.2328e-05 1.8873e-01 0.0000e+00
309 0.0000e+00 2.8800e-05 9.2528e-05 1.4556e-04 9.2528e-05 1.8868e-01 0.0000e+00
310 5.0000e-04 5.5500e-05 9.8711e-05 1.8527e-04 9.2682e-05 1.8858e-01 6.0296e-06
311 0.0000e+00 7.8500e-05 9.2950e-05 1.6206e-04 9.2950e-05 1.8852e-01 0.0000e+00
312 0.0000e+00 9.6200e-05 9.3151e-05 1.4439e-04 9.3151e-05 1.8846e-01 0.0000e+00
313 0.0000e+00 1.0640e-04 9.3300e-05 1.2912e-04 9.3300e-05 1.8843e-01 0.0000e+00
314 0.0000e+00 1.1110e-04 9.3405e-05 1.1572e-04 9.3405e-05 1.8841e-01 0.0000e+00
315 0.0000e+00 1.0640e-04 9.3470e-05 1.0386e-04 9.3470e-05 1.8840e-01 0.0000e+00
316 0.0000e+00 9.6200e-05 9.3500e-05 9.3336e-05 9.3500e-05 1.8840e-01 0.0000e+00
317 5.0000e-04 7.8500e-05 9.3500e-05 8.3962e-05 9.3500e-05 1.8841e-01 0.0000e+00
318 1.0000e-03 5.5500e-05 1.0389e-04 1.6946e-04 9.3472e-05 1.8833e-01 1.0421e-05
319 5.0000e-04 2.6900e-05 9.9671e-05 1.9800e-04 9.3694e-05 1.8823e-01 5.9770e-06
320 0.0000e+00 0.0000e+00 9.4000e-05 1.7060e-04 9.4000e-05 1.8815e-01 0.0000e+00
321 0.0000e+00 0.0000e+00 9.4226e-05 1.5022e-04 9.4226e-05 1.8809e-01 0.0000e+00
322 1.0000e-03 0.0000e+00 1.0748e-04 2.5119e-04 9.4391e-05 1.8794e-01 1.3085e-05
323 1.0000e-03 0.0000e+00 1.0830e-04 3.3546e-04 9.4854e-05 1.8770e-01 1.3447e-05
324 0.0000e+00 0.0000e+00 9.5570e-05 2.8630e-04 9.5570e-05 1.8750e-01 0.0000e+00
325 0.0000e+00 0.0000e+00 9.6141e-05 2.5098e-04 9.6141e-05 1.8735e-01 0.0000e+00
326 0.0000e+00 0.0000e+00 9.6608e-05 2.2140e-04 9.6608e-05 1.8722e-01 0.0000e+00
327 0.0000e+00 0.0000e+00 9.6985e-05 1.9605e-04 9.6985e-05 1.8713e-01 0.0000e+00
328 0.0000e+00 0.0000e+00 9.7286e-05 1.7408e-04 9.7286e-05 1.8705e-01 0.0000e+00
329 0.0000e+00 0.0000e+00 9.7520e-05 1.5491e-04 9.7520e-05 1.8699e-01 0.0000e+00
330 0.0000e+00 0.0000e+00 9.7695e-05 1.3810e-04 9.7695e-05 1.8695e-01 0.0000e+00
331 0.0000e+00 0.0000e+00 9.7818e-05 1.2330e-04 9.7818e-05 1.8693e-01 0.0000e+00
332 0.0000e+00 0.0000e+00 9.7896e-05 1.1023e-04 9.7896e-05 1.8691e-01 0.0000e+00
333 0.0000e+00 1.1200e-05 9.7934e-05 9.8668e-05 9.7934e-05 1.8691e-01 0.0000e+00
334 0.0000e+00 2.1600e-05 9.7936e-05 8.8410e-05 9.7936e-05 1.8692e-01 0.0000e+00
335 0.0000e+00 3.0600e-05 9.7907e-05 7.9295e-05 9.7907e-05 1.8694e-01 0.0000e+00
336 0.0000e+00 3.7400e-05 9.7850e-05 7.1183e-05 9.7850e-05 1.8697e-01 0.0000e+00
337 0.0000e+00 4.1400e-05 9.7769e-05 6.3954e-05 9.7769e-05 1.8700e-01 0.0000e+00
338 5.0000e-04 4.3200e-05 1.0248e-04 1.0136e-04 9.7665e-05 1.8700e-01 4.8133e-06
339 5.0000e-04 4.1400e-05 1.0382e-04 1.4298e-04 9.7677e-05 1.8695e-01 6.1424e-06
340 1.5000e-03 3.7400e-05 1.1743e-04 3.0077e-04 9.7815e-05 1.8675e-01 1.9613e-05
341 1.5000e-03 3.0600e-05 1.1810e-04 4.3080e-04 9.8437e-05 1.8642e-01 1.9667e-05
342 1.0000e-03 2.1600e-05 1.1250e-04 4.8308e-04 9.9465e-05 1.8603e-01 1.3035e-05
343 5.0000e-04 1.0500e-05 1.0710e-04 4.7254e-04 1.0066e-04 1.8566e-01 6.4328e-06
344 1.0000e-03 0.0000e+00 1.1515e-04 5.3189e-04 1.0184e-04 1.8523e-01 1.3305e-05
345 5.0000e-04 0.0000e+00 1.0994e-04 5.1998e-04 1.0322e-04 1.8481e-01 6.7233e-06
346 0.0000e+00 0.0000e+00 1.0457e-04 4.5175e-04 1.0457e-04 1.8447e-01 0.0000e+00
347 0.0000e+00 0.0000e+00 1.0571e-04 3.9752e-04 1.0571e-04 1.8418e-01 0.0000e+00
348 0.0000e+00 0.0000e+00 1.0668e-04 3.5108e-04 1.0668e-04 1.8393e-01 0.0000e+00
349 0.0000e+00 0.0000e+00 1.0750e-04 3.1091e-04 1.0750e-04 1.8373e-01 0.0000e+00
350 0.0000e+00 0.0000e+00 1.0818e-04 2.7592e-04 1.0818e-04 1.8356e-01 0.0000e+00
351 0.0000e+00 0.0000e+00 1.0875e-04 2.4530e-04 1.0875e-04 1.8342e-01 0.0000e+00
352 0.0000e+00 0.0000e+00 1.0922e-04 2.1839e-04 1.0922e-04 1.8331e-01 0.0000e+00
353 5.0000e-04 0.0000e+00 1.1631e-04 2.5778e-04 1.0959e-04 1.8317e-01 6.7233e-06
354 0.0000e+00 0.0000e+00 1.1010e-04 2.2383e-04 1.1010e-04 1.8305e-01 0.0000e+00
355 0.0000e+00 0.0000e+00 1.1049e-04 1.9834e-04 1.1049e-04 1.8296e-01 0.0000e+00
356 0.0000e+00 0.0000e+00 1.1080e-04 1.7628e-04 1.1080e-04 1.8290e-01 0.0000e+00
357 0.0000e+00 7.2300e-05 1.1102e-04 1.5701e-04 1.1102e-04 1.8285e-01 0.0000e+00
358 0.0000e+00 1.3960e-04 1.1118e-04 1.4009e-04 1.1118e-04 1.8282e-01 0.0000e+00
359 0.0000e+00 1.9750e-04 1.1128e-04 1.2516e-04 1.1128e-04 1.8281e-01 0.0000e+00
360 0.0000e+00 2.4180e-04 1.1133e-04 1.1195e-04 1.1133e-04 1.8281e-01 0.0000e+00
361 0.0000e+00 2.6750e-04 1.1133e-04 1.0024e-04 1.1133e-04 1.8282e-01 0.0000e+00
362 0.0000e+00 2.7930e-04 1.1129e-04 8.9833e-05 1.1129e-04 1.8284e-01 0.0000e+00
363 0.0000e+00 2.6750e-04 1.1122e-04 8.0577e-05 1.1122e-04 1.8287e-01 0.0000e+00
364 0.0000e+00 2.4180e-04 1.1111e-04 7.2332e-05 1.1111e-04 1.8291e-01 0.0000e+00
365 0.0000e+00 1.9750e-04 1.1098e-04 6.4978e-05 1.1098e-04 1.8296e-01 0.0000e+00
366 0.0000e+00 1.3960e-04 1.1082e-04 5.8413e-05 1.1082e-04 1.8301e-01 0.0000e+00
367 0.0000e+00 6.7600e-05 1.1064e-04 5.2545e-05 1.1064e-04 1.8307e-01 0.0000e+00
368 0.0000e+00 0.0000e+00 1.1044e-04 4.7297e-05 1.1044e-04 1.8313e-01 0.0000e+00
369 0.0000e+00 0.0000e+00 1.1022e-04 4.2598e-05 1.1022e-04 1.8320e-01 0.0000e+00
370 0.0000e+00 0.0000e+00 1.0999e-04 3.8388e-05 1.0999e-04 1.8327e-01 0.0000e+00
371 0.0000e+00 0.0000e+00 1.0974e-04 3.4613e-05 1.0974e-04 1.8335e-01 0.0000e+00
372 0.0000e+00 0.0000e+00 1.0948e-04 3.1225e-05 1.0948e-04 1.8342e-01 0.0000e+00
373 5.0000e-04 0.0000e+00 1.0922e-04 2.8184e-05 1.0922e-04 1.8351e-01 0.0000e+00
374 7.5000e-03 0.0000e+00 2.0168e-04 7.6017e-04 1.0894e-04 1.8285e-01 9.2739e-05
375 4.5000e-03 0.0000e+00 1.8182e-04 1.1777e-03 1.1118e-04 1.8179e-01 7.0641e-05
376 2.5000e-03 0.0000e+00 1.5523e-04 1.3019e-03 1.1495e-04 1.8060e-01 4.0285e-05
377 5.0000e-04 0.0000e+00 1.2793e-04 1.1763e-03 1.1929e-04 1.7954e-01 8.6353e-06
378 0.0000e+00 0.0000e+00 1.2330e-04 1.0219e-03 1.2330e-04 1.7864e-01 0.0000e+00
379 0.0000e+00 0.0000e+00 1.2681e-04 8.9447e-04 1.2681e-04 1.7788e-01 0.0000e+00
380 0.0000e+00 0.0000e+00 1.2989e-04 7.8594e-04 1.2989e-04 1.7722e-01 0.0000e+00
381 0.0000e+00 1.7400e-05 1.3258e-04 6.9244e-04 1.3258e-04 1.7666e-01 0.0000e+00
382 0.0000e+00 3.3600e-05 1.3492e-04 6.1130e-04 1.3492e-04 1.7618e-01 0.0000e+00
383 1.0000e-03 4.7500e-05 1.5333e-04 6.6371e-04 1.3694e-04 1.7566e-01 1.6390e-05
384 1.0000e-03 5.8200e-05 1.5567e-04 7.0162e-04 1.3922e-04 1.7510e-01 1.6450e-05
385 0.0000e+00 6.4300e-05 1.4168e-04 6.0818e-04 1.4168e-04 1.7463e-01 0.0000e+00
386 5.0000e-04 6.7200e-05 1.5029e-04 5.8414e-04 1.4376e-04 1.7419e-01 6.5209e-06
387 0.0000e+00 6.4300e-05 1.4576e-04 5.1107e-04 1.4576e-04 1.7382e-01 0.0000e+00
388 0.0000e+00 5.8200e-05 1.4743e-04 4.5066e-04 1.4743e-04 1.7352e-01 0.0000e+00
389 0.0000e+00 4.7500e-05 1.4883e-04 3.9845e-04 1.4883e-04 1.7327e-01 0.0000e+00
390 5.0000e-04 3.3600e-05 1.5455e-04 3.8798e-04 1.5000e-04 1.7303e-01 4.5459e-06
391 0.0000e+00 1.6300e-05 1.5112e-04 3.4073e-04 1.5112e-04 1.7284e-01 0.0000e+00
392 5.0000e-04 0.0000e+00 1.5979e-04 3.6170e-04 1.5202e-04 1.7263e-01 7.7736e-06
393 5.0000e-04 0.0000e+00 1.6165e-04 3.8174e-04 1.5302e-04 1.7240e-01 8.6353e-06
394 0.0000e+00 0.0000e+00 1.5411e-04 3.3041e-04 1.5411e-04 1.7223e-01 0.0000e+00
395 0.0000e+00 0.0000e+00 1.5497e-04 2.9062e-04 1.5497e-04 1.7209e-01 0.0000e+00
396 0.0000e+00 0.0000e+00 1.5562e-04 2.5669e-04 1.5562e-04 1.7199e-01 0.0000e+00
397 0.0000e+00 0.0000e+00 1.5612e-04 2.2729e-04 1.5612e-04 1.7192e-01 0.0000e+00
398 0.0000e+00 0.0000e+00 1.5646e-04 2.0162e-04 1.5646e-04 1.7188e-01 0.0000e+00
399 0.0000e+00 0.0000e+00 1.5668e-04 1.7913e-04 1.5668e-04 1.7185e-01 0.0000e+00
400 0.0000e+00 0.0000e+00 1.5679e-04 1.5936e-04 1.5679e-04 1.7185e-01 0.0000e+00
401 0.0000e+00 0.0000e+00 1.5681e-04 1.4193e-04 1.5681e-04 1.7187e-01 0.0000e+00
402 1.0000e-03 0.0000e+00 1.7400e-04 2.6137e-04 1.5673e-04 1.7176e-01 1.7271e-05
403 0.0000e+00 0.0000e+00 1.5725e-04 2.1820e-04 1.5725e-04 1.7170e-01 0.0000e+00
404 0.0000e+00 0.0000e+00 1.5755e-04 1.9007e-04 1.5755e-04 1.7167e-01 0.0000e+00
405 5.0000e-04 2.4600e-05 1.6634e-04 2.3443e-04 1.5771e-04 1.7159e-01 8.6353e-06
406 5.0000e-04 4.7400e-05 1.6630e-04 2.6410e-04 1.5809e-04 1.7148e-01 8.2104e-06
407 0.0000e+00 6.7100e-05 1.5861e-04 2.2489e-04 1.5861e-04 1.7142e-01 0.0000e+00
408 5.0000e-04 8.2200e-05 1.6560e-04 2.4840e-04 1.5894e-04 1.7133e-01 6.6589e-06
409 0.0000e+00 9.0900e-05 1.5938e-04 2.1286e-04 1.5938e-04 1.7127e-01 0.0000e+00
410 0.0000e+00 9.5000e-05 1.5965e-04 1.8614e-04 1.5965e-04 1.7125e-01 0.0000e+00
411 0.0000e+00 9.0900e-05 1.5978e-04 1.6360e-04 1.5978e-04 1.7124e-01 0.0000e+00
412 0.0000e+00 8.2200e-05 1.5980e-04 1.4425e-04 1.5980e-04 1.7126e-01 0.0000e+00
413 0.0000e+00 6.7100e-05 1.5972e-04 1.2750e-04 1.5972e-04 1.7129e-01 0.0000e+00
414 0.0000e+00 4.7400e-05 1.5956e-04 1.1292e-04 1.5956e-04 1.7134e-01 0.0000e+00
415 0.0000e+00 2.3000e-05 1.5933e-04 1.0017e-04 1.5933e-04 1.7140e-01 0.0000e+00
416 0.0000e+00 0.0000e+00 1.5904e-04 8.8997e-05 1.5904e-04 1.7147e-01 0.0000e+00
417 0.0000e+00 0.0000e+00 1.5869e-04 7.9172e-05 1.5869e-04 1.7155e-01 0.0000e+00
418 0.0000e+00 0.0000e+00 1.5830e-04 7.0515e-05 1.5830e-04 1.7164e-01 0.0000e+00
419 0.0000e+00 0.0000e+00 1.5786e-04 6.2873e-05 1.5786e-04 1.7173e-01 0.0000e+00
420 0.0000e+00 0.0000e+00 1.5739e-04 5.6115e-05 1.5739e-04 1.7183e-01 0.0000e+00
421 0.0000e+00 0.0000e+00 1.5690e-04 5.0131e-05 1.5690e-04 1.7194e-01 0.0000e+00
422 0.0000e+00 0.0000e+00 1.5637e-04 4.4823e-05 1.5637e-04 1.7205e-01 0.0000e+00
423 0.0000e+00 0.0000e+00 1.5583e-04 4.0111e-05 1.5583e-04 1.7217e-01 0.0000e+00
424 0.0000e+00 0.0000e+00 1.5527e-04 3.5922e-05 1.5527e-04 1.7229e-01 0.0000e+00
425 0.0000e+00 0.0000e+00 1.5469e-04 3.2194e-05 1.5469e-04 1.7241e-01 0.0000e+00
426 0.0000e+00 0.0000e+00 1.5410e-04 2.8874e-05 1.5410e-04 1.7253e-01 0.0000e+00
427 5.0000e-04 0.0000e+00 1.5350e-04 2.5913e-05 1.5350e-04 1.7266e-01 0.0000e+00
428 2.0000e-03 0.0000e+00 1.8612e-04 2.8082e-04 1.5289e-04 1.7253e-01 3.3232e-05
429 3.0000e-03 3.2600e-05 2.0531e-04 6.2485e-04 1.5350e-04 1.7206e-01 5.1812e-05
430 2.0000e-03 6.2900e-05 1.8975e-04 7.7096e-04 1.5578e-04 1.7145e-01 3.3978e-05
431 1.0000e-03 8.9000e-05 1.7498e-04 7.6783e-04 1.5880e-04 1.7084e-01 1.6184e-05
432 0.0000e+00 1.0900e-04 1.6185e-04 6.5072e-04 1.6185e-04 1.7035e-01 0.0000e+00
433 5.0000e-04 1.2060e-04 1.6956e-04 6.0403e-04 1.6434e-04 1.6991e-01 5.2190e-06
434 0.0000e+00 1.2590e-04 1.6662e-04 5.2176e-04 1.6662e-04 1.6955e-01 0.0000e+00
435 0.0000e+00 1.2060e-04 1.6848e-04 4.5502e-04 1.6848e-04 1.6927e-01 0.0000e+00
436 0.0000e+00 1.0900e-04 1.6999e-04 3.9826e-04 1.6999e-04 1.6904e-01 0.0000e+00
437 3.5000e-03 8.9000e-05 2.2346e-04 7.6883e-04 1.7121e-04 1.6844e-01 5.2254e-05
438 0.0000e+00 6.2900e-05 1.7444e-04 6.3013e-04 1.7444e-04 1.6799e-01 0.0000e+00
439 0.0000e+00 3.0500e-05 1.7694e-04 5.4533e-04 1.7694e-04 1.6762e-01 0.0000e+00
440 0.0000e+00 0.0000e+00 1.7899e-04 4.7493e-04 1.7899e-04 1.6732e-01 0.0000e+00
441 0.0000e+00 0.0000e+00 1.8065e-04 4.1530e-04 1.8065e-04 1.6709e-01 0.0000e+00
442 0.0000e+00 0.0000e+00 1.8198e-04 3.6426e-04 1.8198e-04 1.6690e-01 0.0000e+00
443 0.0000e+00 0.0000e+00 1.8302e-04 3.2025e-04 1.8302e-04 1.6677e-01 0.0000e+00
444 5.0000e-04 0.0000e+00 1.8929e-04 3.2697e-04 1.8380e-04 1.6662e-01 5.4886e-06
445 0.0000e+00 0.0000e+00 1.8463e-04 2.8305e-04 1.8463e-04 1.6653e-01 0.0000e+00
446 0.0000e+00 0.0000e+00 1.8520e-04 2.4885e-04 1.8520e-04 1.6646e-01 0.0000e+00
447 0.0000e+00 0.0000e+00 1.8557e-04 2.1937e-04 1.8557e-04 1.6643e-01 0.0000e+00
448 0.0000e+00 0.0000e+00 1.8576e-04 1.9377e-04 1.8576e-04 1.6642e-01 0.0000e+00
449 0.0000e+00 0.0000e+00 1.8581e-04 1.7143e-04 1.8581e-04 1.6643e-01 0.0000e+00
450 0.0000e+00 0.0000e+00 1.8573e-04 1.5189e-04 1.8573e-04 1.6647e-01 0.0000e+00
451 0.0000e+00 0.0000e+00 1.8553e-04 1.3473e-04 1.8553e-04 1.6652e-01 0.0000e+00
452 5.0000e-04 0.0000e+00 1.9387e-04 1.9037e-04 1.8524e-04 1.6651e-01 8.6353e-06
453 0.0000e+00 2.2400e-05 1.8526e-04 1.6002e-04 1.8526e-04 1.6654e-01 0.0000e+00
454 0.0000e+00 4.3300e-05 1.8512e-04 1.3998e-04 1.8512e-04 1.6658e-01 0.0000e+00
455 0.0000e+00 6.1200e-05 1.8486e-04 1.2308e-04 1.8486e-04 1.6665e-01 0.0000e+00
456 0.0000e+00 7.5000e-05 1.8450e-04 1.0859e-04 1.8450e-04 1.6672e-01 0.0000e+00
457 0.0000e+00 8.3000e-05 1.8406e-04 9.6040e-05 1.8406e-04 1.6681e-01 0.0000e+00
458 0.0000e+00 8.6600e-05 1.8356e-04 8.5109e-05 1.8356e-04 1.6691e-01 0.0000e+00
459 0.0000e+00 8.3000e-05 1.8299e-04 7.5546e-05 1.8299e-04 1.6702e-01 0.0000e+00
460 0.0000e+00 7.5000e-05 1.8238e-04 6.7150e-05 1.8238e-04 1.6713e-01 0.0000e+00
461 0.0000e+00 6.1200e-05 1.8173e-04 5.9760e-05 1.8173e-04 1.6725e-01 0.0000e+00
462 0.0000e+00 4.3300e-05 1.8103e-04 5.3242e-05 1.8103e-04 1.6738e-01 0.0000e+00
463 0.0000e+00 2.1000e-05 1.8031e-04 4.7484e-05 1.8031e-04 1.6751e-01 0.0000e+00
464 0.0000e+00 0.0000e+00 1.7957e-04 4.2388e-05 1.7957e-04 1.6765e-01 0.0000e+00
465 1.0000e-03 0.0000e+00 1.8482e-04 8.6775e-05 1.7880e-04 1.6774e-01 6.0245e-06
466 5.0000e-04 0.0000e+00 1.8692e-04 1.4107e-04 1.7828e-04 1.6778e-01 8.6353e-06
467 0.0000e+00 0.0000e+00 1.7808e-04 1.1502e-04 1.7808e-04 1.6784e-01 0.0000e+00
468 0.0000e+00 0.0000e+00 1.7773e-04 9.9153e-05 1.7773e-04 1.6792e-01 0.0000e+00
469 5.0000e-04 0.0000e+00 1.8593e-04 1.5612e-04 1.7729e-04 1.6794e-01 8.6353e-06
470 0.0000e+00 0.0000e+00 1.7717e-04 1.2854e-04 1.7717e-04 1.6799e-01 0.0000e+00
471 0.0000e+00 0.0000e+00 1.7690e-04 1.1116e-04 1.7690e-04 1.6806e-01 0.0000e+00
472 5.0000e-04 0.0000e+00 1.8518e-04 1.6665e-04 1.7654e-04 1.6807e-01 8.6353e-06
473 5.0000e-04 0.0000e+00 1.8512e-04 2.0773e-04 1.7649e-04 1.6804e-01 8.6353e-06
474 0.0000e+00 0.0000e+00 1.7666e-04 1.7263e-04 1.7666e-04 1.6804e-01 0.0000e+00
475 0.0000e+00 0.0000e+00 1.7664e-04 1.4915e-04 1.7664e-04 1.6807e-01 0.0000e+00
476 0.0000e+00 0.0000e+00 1.7649e-04 1.2972e-04 1.7649e-04 1.6811e-01 0.0000e+00
477 0.0000e+00 9.2000e-06 1.7623e-04 1.1336e-04 1.7623e-04 1.6818e-01 0.0000e+00
478 0.0000e+00 1.7800e-05 1.7588e-04 9.9403e-05 1.7588e-04 1.6825e-01 0.0000e+00
479 0.0000e+00 2.5200e-05 1.7546e-04 8.7410e-05 1.7546e-04 1.6834e-01 0.0000e+00
480 0.0000e+00 3.0900e-05 1.7498e-04 7.7040e-05 1.7498e-04 1.6844e-01 0.0000e+00
481 0.0000e+00 3.4200e-05 1.7444e-04 6.8034e-05 1.7444e-04 1.6855e-01 0.0000e+00
482 5.0000e-04 3.5700e-05 1.8048e-04 1.1348e-04 1.7387e-04 1.6861e-01 6.6113e-06
483 2.5000e-03 3.4200e-05 2.1610e-04 4.3688e-04 1.7354e-04 1.6834e-01 4.2560e-05
484 1.0000e-03 3.0900e-05 1.9165e-04 4.7844e-04 1.7497e-04 1.6804e-01 1.6680e-05
485 0.0000e+00 2.5200e-05 1.7664e-04 3.9699e-04 1.7664e-04 1.6782e-01 0.0000e+00
486 1.0000e-03 1.7800e-05 1.9416e-04 4.7329e-04 1.7786e-04 1.6752e-01 1.6302e-05
487 0.0000e+00 8.6000e-06 1.7951e-04 3.9629e-04 1.7951e-04 1.6731e-01 0.0000e+00
488 0.0000e+00 0.0000e+00 1.8073e-04 3.4265e-04 1.8073e-04 1.6714e-01 0.0000e+00
489 0.0000e+00 0.0000e+00 1.8165e-04 2.9795e-04 1.8165e-04 1.6703e-01 0.0000e+00
490 0.0000e+00 0.0000e+00 1.8231e-04 2.6013e-04 1.8231e-04 1.6695e-01 0.0000e+00
491 0.0000e+00 0.0000e+00 1.8275e-04 2.2783e-04 1.8275e-04 1.6691e-01 0.0000e+00
492 0.0000e+00 0.0000e+00 1.8301e-04 2.0004e-04 1.8301e-04 1.6689e-01 0.0000e+00
493 0.0000e+00 0.0000e+00 1.8311e-04 1.7602e-04 1.8311e-04 1.6690e-01 0.0000e+00
494 0.0000e+00 0.0000e+00 1.8307e-04 1.5516e-04 1.8307e-04 1.6692e-01 0.0000e+00
495 0.0000e+00 0.0000e+00 1.8291e-04 1.3700e-04 1.8291e-04 1.6697e-01 0.0000e+00
496 0.0000e+00 0.0000e+00 1.8264e-04 1.2114e-04 1.8264e-04 1.6703e-01 0.0000e+00
497 0.0000e+00 0.0000e+00 1.8229e-04 1.0725e-04 1.8229e-04 1.6711e-01 0.0000e+00
498 0.0000e+00 0.0000e+00 1.8187e-04 9.5081e-05 1.8187e-04 1.6719e-01 0.0000e+00
499 0.0000e+00 0.0000e+00 1.8137e-04 8.4385e-05 1.8137e-04 1.6729e-01 0.0000e+00
500 0.0000e+00 0.0000e+00 1.8083e-04 7.4973e-05 1.8083e-04 1.6740e-01 0.0000e+00
501 0.0000e+00 6.3800e-05 1.8023e-04 6.6677e-05 1.8023e-04 1.6751e-01 0.0000e+00
502 0.0000e+00 1.2310e-04 1.7959e-04 5.9356e-05 1.7959e-04 1.6763e-01 0.0000e+00
503 0.0000e+00 1.7420e-04 1.7892e-04 5.2886e-05 1.7892e-04 1.6776e-01 0.0000e+00
504 0.0000e+00 2.1330e-04 1.7821e-04 4.7162e-05 1.7821e-04 1.6789e-01 0.0000e+00
505 0.0000e+00 2.3600e-04 1.7748e-04 4.2091e-05 1.7748e-04 1.6802e-01 0.0000e+00
506 0.0000e+00 2.4640e-04 1.7674e-04 3.7595e-05 1.7674e-04 1.6816e-01 0.0000e+00
507 0.0000e+00 2.3600e-04 1.7597e-04 3.3605e-05 1.7597e-04 1.6830e-01 0.0000e+00
508 0.0000e+00 2.1330e-04 1.7519e-04 3.0059e-05 1.7519e-04 1.6845e-01 0.0000e+00
509 0.0000e+00 1.7420e-04 1.7439e-04 2.6907e-05 1.7439e-04 1.6860e-01 0.0000e+00
510 0.0000e+00 1.2310e-04 1.7359e-04 2.4100e-05 1.7359e-04 1.6875e-01 0.0000e+00
511 0.0000e+00 5.9600e-05 1.7278e-04 2.1601e-05 1.7278e-04 1.6890e-01 0.0000e+00
512 0.0000e+00 0.0000e+00 1.7197e-04 1.9372e-05 1.7197e-04 1.6905e-01 0.0000e+00
513 0.0000e+00 0.0000e+00 1.7115e-04 1.7384e-05 1.7115e-04 1.6920e-01 0.0000e+00
514 0.0000e+00 0.0000e+00 1.7033e-04 1.5609e-05 1.7033e-04 1.6936e-01 0.0000e+00
515 0.0000e+00 0.0000e+00 1.6951e-04 1.4022e-05 1.6951e-04 1.6951e-01 0.0000e+00
516 0.0000e+00 0.0000e+00 1.6869e-04 1.2604e-05 1.6869e-04 1.6967e-01 0.0000e+00
517 0.0000e+00 0.0000e+00 1.6787e-04 1.1335e-05 1.6787e-04 1.6983e-01 0.0000e+00
518 0.0000e+00 0.0000e+00 1.6705e-04 1.0199e-05 1.6705e-04 1.6998e-01 0.0000e+00
519 0.0000e+00 0.0000e+00 1.6623e-04 9.1816e-06 1.6623e-04 1.7014e-01 0.0000e+00
520 0.0000e+00 0.0000e+00 1.6542e-04 8.2695e-06 1.6542e-04 1.7030e-01 0.0000e+00
521 0.0000e+00 0.0000e+00 1.6461e-04 7.4514e-06 1.6461e-04 1.7045e-01 0.0000e+00
522 0.0000e+00 0.0000e+00 1.6380e-04 6.7173e-06 1.6380e-04 1.7061e-01 0.0000e+00
523 0.0000e+00 0.0000e+00 1.6300e-04 6.0582e-06 1.6300e-04 1.7077e-01 0.0000e+00
524 0.0000e+00 0.0000e+00 1.6220e-04 5.4655e-06 1.6220e-04 1.7092e-01 0.0000e+00
525 0.0000e+00 4.1700e-05 1.6141e-04 4.9334e-06 1.6141e-04 1.7108e-01 0.0000e+00
526 0.0000e+00 8.0400e-05 1.6062e-04 4.4549e-06 1.6062e-04 1.7124e-01 0.0000e+00
527 0.0000e+00 1.1380e-04 1.5984e-04 4.0244e-06 1.5984e-04 1.7139e-01 0.0000e+00
528 0.0000e+00 1.3930e-04 1.5906e-04 3.6369e-06 1.5906e-04 1.7155e-01 0.0000e+00
529 0.0000e+00 1.5420e-04 1.5829e-04 3.2879e-06 1.5829e-04 1.7170e-01 0.0000e+00
530 0.0000e+00 1.6090e-04 1.5753e-04 2.9735e-06 1.5753e-04 1.7186e-01 0.0000e+00
531 0.0000e+00 1.5420e-04 1.5677e-04 2.6901e-06 1.5677e-04 1.7201e-01 0.0000e+00
532 0.0000e+00 1.3930e-04 1.5601e-04 2.4346e-06 1.5601e-04 1.7217e-01 0.0000e+00
533 0.0000e+00 1.1380e-04 1.5527e-04 2.2035e-06 1.5527e-04 1.7232e-01 0.0000e+00
534 0.0000e+00 8.0400e-05 1.5453e-04 1.9956e-06 1.5453e-04 1.7247e-01 0.0000e+00
535 0.0000e+00 3.8900e-05 1.5379e-04 1.8079e-06 1.5379e-04 1.7262e-01 0.0000e+00
536 0.0000e+00 0.0000e+00 1.5306e-04 1.6384e-06 1.5306e-04 1.7277e-01 0.0000e+00
537 0.0000e+00 0.0000e+00 1.5234e-04 1.4852e-06 1.5234e-04 1.7293e-01 0.0000e+00
538 0.0000e+00 0.0000e+00 1.5162e-04 1.3468e-06 1.5162e-04 1.7308e-01 0.0000e+00
539 0.0000e+00 0.0000e+00 1.5091e-04 1.2216e-06 1.5091e-04 1.7323e-01 0.0000e+00
540 0.0000e+00 0.0000e+00 1.5021e-04 1.1084e-06 1.5021e-04 1.7337e-01 0.0000e+00
541 0.0000e+00 0.0000e+00 1.4951e-04 1.0059e-06 1.4951e-04 1.7352e-01 0.0000e+00
542 0.0000e+00 0.0000e+00 1.4882e-04 9.1237e-07 1.4882e-04 1.7367e-01 0.0000e+00
543 0.0000e+00 0.0000e+00 1.4813e-04 8.2857e-07 1.4813e-04 1.7382e-01 0.0000e+00
544 0.0000e+00 0.0000e+00 1.4745e-04 7.5267e-07 1.4745e-04 1.7397e-01 0.0000e+00
545 0.0000e+00 0.0000e+00 1.4678e-04 6.8390e-07 1.4678e-04 1.7411e-01 0.0000e+00
546 0.0000e+00 0.0000e+00 1.4611e-04 6.2157e-07 1.4611e-04 1.7426e-01 0.0000e+00
547 0.0000e+00 0.0000e+00 1.4545e-04 5.6506e-07 1.4545e-04 1.7440e-01 0.0000e+00
548 0.0000e+00 0.0000e+00 1.4479e-04 5.1382e-07 1.4479e-04 1.7455e-01 0.0000e+00
549 0.0000e+00 2.0700e-05 1.4414e-04 4.6734e-07 1.4414e-04 1.7469e-01 0.0000e+00
550 0.0000e+00 4.0000e-05 1.4349e-04 4.2516e-07 1.4349e-04 1.7483e-01 0.0000e+00
551 0.0000e+00 5.6600e-05 1.4285e-04 3.8688e-07 1.4285e-04 1.7498e-01 0.0000e+00
552 1.0000e-03 6.9300e-05 1.4222e-04 3.5116e-07 1.4222e-04 1.7512e-01 0.0000e+00
553 1.0000e-03 7.6600e-05 1.4159e-04 3.1974e-07 1.4159e-04 1.7526e-01 0.0000e+00
554 2.0000e-03 8.0000e-05 1.5361e-04 9.6050e-05 1.4097e-04 1.7530e-01 1.2644e-05
555 1.5000e-03 7.6600e-05 1.6529e-04 2.6186e-04 1.4077e-04 1.7518e-01 2.4524e-05
556 0.0000e+00 6.9300e-05 1.4130e-04 2.1223e-04 1.4130e-04 1.7511e-01 0.0000e+00
557 5.0000e-04 5.6600e-05 1.4773e-04 2.2752e-04 1.4161e-04 1.7503e-01 6.1173e-06
558 0.0000e+00 4.0000e-05 1.4200e-04 1.9335e-04 1.4200e-04 1.7497e-01 0.0000e+00
559 0.0000e+00 1.9400e-05 1.4222e-04 1.6749e-04 1.4222e-04 1.7495e-01 0.0000e+00
560 0.0000e+00 0.0000e+00 1.4234e-04 1.4604e-04 1.4234e-04 1.7494e-01 0.0000e+00
561 0.0000e+00 0.0000e+00 1.4235e-04 1.2788e-04 1.4235e-04 1.7496e-01 0.0000e+00
562 0.0000e+00 0.0000e+00 1.4229e-04 1.1234e-04 1.4229e-04 1.7499e-01 0.0000e+00
563 0.0000e+00 0.0000e+00 1.4215e-04 9.8946e-05 1.4215e-04 1.7503e-01 0.0000e+00
564 0.0000e+00 0.0000e+00 1.4196e-04 8.7340e-05 1.4196e-04 1.7509e-01 0.0000e+00
565 5.0000e-04 0.0000e+00 1.4835e-04 1.2755e-04 1.4172e-04 1.7510e-01 6.6333e-06
566 0.0000e+00 0.0000e+00 1.4166e-04 1.0831e-04 1.4166e-04 1.7513e-01 0.0000e+00
567 0.0000e+00 0.0000e+00 1.4151e-04 9.4580e-05 1.4151e-04 1.7518e-01 0.0000e+00
568 0.0000e+00 0.0000e+00 1.4130e-04 8.3119e-05 1.4130e-04 1.7524e-01 0.0000e+00
569 0.0000e+00 0.0000e+00 1.4105e-04 7.3319e-05 1.4105e-04 1.7531e-01 0.0000e+00
570 0.0000e+00 0.0000e+00 1.4075e-04 6.4844e-05 1.4075e-04 1.7538e-01 0.0000e+00
571 0.0000e+00 0.0000e+00 1.4041e-04 5.7466e-05 1.4041e-04 1.7547e-01 0.0000e+00
572 0.0000e+00 0.0000e+00 1.4005e-04 5.1017e-05 1.4005e-04 1.7556e-01 0.0000e+00
573 3.0000e-03 3.0500e-05 1.9147e-04 4.3677e-04 1.3966e-04 1.7526e-01 5.1812e-05
574 1.0000e-03 5.8900e-05 1.5771e-04 4.7885e-04 1.4096e-04 1.7492e-01 1.6744e-05
575 2.5000e-03 8.3300e-05 1.8462e-04 7.2236e-04 1.4246e-04 1.7434e-01 4.2159e-05
576 3.5000e-03 1.0200e-04 2.0407e-04 1.0527e-03 1.4507e-04 1.7343e-01 5.9008e-05
577 1.5000e-03 1.1290e-04 1.7338e-04 1.0649e-03 1.4924e-04 1.7252e-01 2.4144e-05
578 0.0000e+00 1.1780e-04 1.5357e-04 9.0650e-04 1.5357e-04 1.7176e-01 0.0000e+00
579 0.0000e+00 1.1290e-04 1.5723e-04 7.8607e-04 1.5723e-04 1.7114e-01 0.0000e+00
580 0.0000e+00 1.0200e-04 1.6035e-04 6.8569e-04 1.6035e-04 1.7061e-01 0.0000e+00
581 0.0000e+00 8.3300e-05 1.6300e-04 6.0026e-04 1.6300e-04 1.7017e-01 0.0000e+00
582 0.0000e+00 5.8900e-05 1.6525e-04 5.2684e-04 1.6525e-04 1.6981e-01 0.0000e+00
583 0.0000e+00 2.8500e-05 1.6712e-04 4.6337e-04 1.6712e-04 1.6952e-01 0.0000e+00
584 0.0000e+00 0.0000e+00 1.6868e-04 4.0827e-04 1.6868e-04 1.6928e-01 0.0000e+00
585 0.0000e+00 0.0000e+00 1.6995e-04 3.6027e-04 1.6995e-04 1.6909e-01 0.0000e+00
586 0.0000e+00 0.0000e+00 1.7096e-04 3.1835e-04 1.7096e-04 1.6894e-01 0.0000e+00
587 0.0000e+00 0.0000e+00 1.7175e-04 2.8166e-04 1.7175e-04 1.6883e-01 0.0000e+00
588 0.0000e+00 0.0000e+00 1.7234e-04 2.4948e-04 1.7234e-04 1.6875e-01 0.0000e+00
589 5.0000e-04 0.0000e+00 1.7276e-04 2.2122e-04 1.7276e-04 1.6870e-01 0.0000e+00
590 0.0000e+00 0.0000e+00 1.7302e-04 1.9636e-04 1.7302e-04 1.6868e-01 0.0000e+00
591 0.0000e+00 0.0000e+00 1.7314e-04 1.7445e-04 1.7314e-04 1.6868e-01 0.0000e+00
592 5.0000e-04 0.0000e+00 1.7983e-04 2.0895e-04 1.7315e-04 1.6864e-01 6.6816e-06
593 0.0000e+00 0.0000e+00 1.7334e-04 1.7914e-04 1.7334e-04 1.6864e-01 0.0000e+00
594 1.0000e-03 0.0000e+00 1.9065e-04 2.9697e-04 1.7338e-04 1.6851e-01 1.7271e-05
595 0.0000e+00 0.0000e+00 1.7405e-04 2.4578e-04 1.7405e-04 1.6844e-01 0.0000e+00
596 0.0000e+00 0.0000e+00 1.7444e-04 2.1381e-04 1.7444e-04 1.6840e-01 0.0000e+00
597 0.0000e+00 6.2600e-05 1.7465e-04 1.8712e-04 1.7465e-04 1.6839e-01 0.0000e+00
598 0.0000e+00 1.2080e-04 1.7472e-04 1.6443e-04 1.7472e-04 1.6840e-01 0.0000e+00
599 0.0000e+00 1.7090e-04 1.7466e-04 1.4494e-04 1.7466e-04 1.6843e-01 0.0000e+00
600 0.0000e+00 2.0930e-04 1.7450e-04 1.2806e-04 1.7450e-04 1.6848e-01 0.0000e+00
601 0.0000e+00 2.3150e-04 1.7425e-04 1.1337e-04 1.7425e-04 1.6854e-01 0.0000e+00
602 0.0000e+00 2.4180e-04 1.7392e-04 1.0053e-04 1.7392e-04 1.6861e-01 0.0000e+00
603 0.0000e+00 2.3150e-04 1.7352e-04 8.9276e-05 1.7352e-04 1.6869e-01 0.0000e+00
604 0.0000e+00 2.0930e-04 1.7306e-04 7.9380e-05 1.7306e-04 1.6879e-01 0.0000e+00
605 0.0000e+00 1.7090e-04 1.7256e-04 7.0663e-05 1.7256e-04 1.6889e-01 0.0000e+00
606 0.0000e+00 1.2080e-04 1.7201e-04 6.2969e-05 1.7201e-04 1.6900e-01 0.0000e+00
607 0.0000e+00 5.8500e-05 1.7142e-04 5.6169e-05 1.7142e-04 1.6911e-01 0.0000e+00
608 0.0000e+00 0.0000e+00 1.7081e-04 5.0149e-05 1.7081e-04 1.6923e-01 0.0000e+00
609 0.0000e+00 0.0000e+00 1.7016e-04 4.4812e-05 1.7016e-04 1.6936e-01 0.0000e+00
610 0.0000e+00 0.0000e+00 1.6950e-04 4.0076e-05 1.6950e-04 1.6949e-01 0.0000e+00
611 0.0000e+00 0.0000e+00 1.6881e-04 3.5868e-05 1.6881e-04 1.6962e-01 0.0000e+00
612 0.0000e+00 0.0000e+00 1.6811e-04 3.2125e-05 1.6811e-04 1.6976e-01 0.0000e+00
613 0.0000e+00 0.0000e+00 1.6740e-04 2.8793e-05 1.6740e-04 1.6990e-01 0.0000e+00
614 0.0000e+00 0.0000e+00 1.6668e-04 2.5823e-05 1.6668e-04 1.7004e-01 0.0000e+00
615 0.0000e+00 0.0000e+00 1.6595e-04 2.3174e-05 1.6595e-04 1.7018e-01 0.0000e+00
616 0.0000e+00 0.0000e+00 1.6521e-04 2.0810e-05 1.6521e-04 1.7032e-01 0.0000e+00
617 0.0000e+00 0.0000e+00 1.6446e-04 1.8698e-05 1.6446e-04 1.7047e-01 0.0000e+00
618 0.0000e+00 0.0000e+00 1.6372e-04 1.6810e-05 1.6372e-04 1.7062e-01 0.0000e+00
619 0.0000e+00 0.0000e+00 1.6297e-04 1.5121e-05 1.6297e-04 1.7077e-01 0.0000e+00
620 0.0000e+00 0.0000e+00 1.6222e-04 1.3608e-05 1.6222e-04 1.7091e-01 0.0000e+00
621 0.0000e+00 1.4200e-05 1.6146e-04 1.2253e-05 1.6146e-04 1.7106e-01 0.0000e+00
622 0.0000e+00 2.7500e-05 1.6071e-04 1.1038e-05 1.6071e-04 1.7121e-01 0.0000e+00
623 0.0000e+00 3.8900e-05 1.5996e-04 9.9492e-06 1.5996e-04 1.7136e-01 0.0000e+00
624 1.0000e-03 4.7600e-05 1.5921e-04 8.9715e-06 1.5921e-04 1.7151e-01 0.0000e+00
625 1.0000e-03 5.2700e-05 1.5980e-04 1.8553e-05 1.5847e-04 1.7165e-01 1.3353e-06
626 3.0000e-03 5.5000e-05 2.0868e-04 4.1362e-04 1.5778e-04 1.7140e-01 5.0901e-05
627 2.0000e-03 5.2700e-05 1.9264e-04 5.8755e-04 1.5904e-04 1.7097e-01 3.3591e-05
628 1.5000e-03 4.7600e-05 1.8618e-04 6.7778e-04 1.6119e-04 1.7045e-01 2.4996e-05
629 3.5000e-03 3.8900e-05 2.2344e-04 1.0371e-03 1.6381e-04 1.6958e-01 5.9625e-05
630 4.0000e-03 2.7500e-05 2.3675e-04 1.4008e-03 1.6834e-04 1.6835e-01 6.8410e-05
631 5.0000e-03 1.3300e-05 2.6707e-04 1.8475e-03 1.7495e-04 1.6667e-01 9.2120e-05
632 0.0000e+00 0.0000e+00 1.8434e-04 1.5404e-03 1.8434e-04 1.6532e-01 0.0000e+00
633 0.0000e+00 0.0000e+00 1.9232e-04 1.3305e-03 1.9232e-04 1.6418e-01 0.0000e+00
634 1.0000e-03 0.0000e+00 2.2138e-04 1.2923e-03 1.9928e-04 1.6309e-01 2.2096e-05
635 2.5000e-03 0.0000e+00 2.6219e-04 1.4665e-03 2.0621e-04 1.6183e-01 5.5986e-05
636 3.5000e-03 0.0000e+00 2.9287e-04 1.7464e-03 2.1449e-04 1.6029e-01 7.8380e-05
637 3.0000e-03 0.0000e+00 2.9219e-04 1.9081e-03 2.2501e-04 1.5861e-01 6.7183e-05
638 0.0000e+00 0.0000e+00 2.3716e-04 1.6146e-03 2.3716e-04 1.5723e-01 0.0000e+00
639 5.0000e-04 0.0000e+00 2.5879e-04 1.4688e-03 2.4759e-04 1.5601e-01 1.1197e-05
640 0.0000e+00 0.0000e+00 2.5722e-04 1.2674e-03 2.5722e-04 1.5500e-01 0.0000e+00
641 5.0000e-04 0.0000e+00 2.7667e-04 1.1773e-03 2.6547e-04 1.5409e-01 1.1197e-05
642 0.0000e+00 0.0000e+00 2.7315e-04 1.0165e-03 2.7315e-04 1.5335e-01 0.0000e+00
643 5.0000e-04 0.0000e+00 2.9076e-04 9.6223e-04 2.7957e-04 1.5266e-01 1.1197e-05
644 0.0000e+00 0.0000e+00 2.8559e-04 8.2912e-04 2.8559e-04 1.5212e-01 0.0000e+00
645 0.0000e+00 1.6900e-05 2.9049e-04 7.2227e-04 2.9049e-04 1.5169e-01 0.0000e+00
646 0.0000e+00 3.2600e-05 2.9443e-04 6.3055e-04 2.9443e-04 1.5135e-01 0.0000e+00
647 0.0000e+00 4.6100e-05 2.9754e-04 5.5135e-04 2.9754e-04 1.5110e-01 0.0000e+00
648 0.0000e+00 5.6400e-05 2.9991e-04 4.8278e-04 2.9991e-04 1.5092e-01 0.0000e+00
649 0.0000e+00 6.2400e-05 3.0163e-04 4.2326e-04 3.0163e-04 1.5079e-01 0.0000e+00
650 0.0000e+00 6.5200e-05 3.0278e-04 3.7153e-04 3.0278e-04 1.5073e-01 0.0000e+00
651 0.0000e+00 6.2400e-05 3.0343e-04 3.2648e-04 3.0343e-04 1.5070e-01 0.0000e+00
652 0.0000e+00 5.6400e-05 3.0365e-04 2.8720e-04 3.0365e-04 1.5072e-01 0.0000e+00
653 0.0000e+00 4.6100e-05 3.0349e-04 2.5291e-04 3.0349e-04 1.5077e-01 0.0000e+00
654 0.0000e+00 3.2600e-05 3.0301e-04 2.2293e-04 3.0301e-04 1.5085e-01 0.0000e+00
655 0.0000e+00 1.5800e-05 3.0226e-04 1.9671e-04 3.0226e-04 1.5096e-01 0.0000e+00
656 0.0000e+00 0.0000e+00 3.0126e-04 1.7373e-04 3.0126e-04 1.5108e-01 0.0000e+00
657 0.0000e+00 0.0000e+00 3.0006e-04 1.5358e-04 3.0006e-04 1.5123e-01 0.0000e+00
658 0.0000e+00 0.0000e+00 2.9869e-04 1.3588e-04 2.9869e-04 1.5139e-01 0.0000e+00
659 0.0000e+00 0.0000e+00 2.9718e-04 1.2034e-04 2.9718e-04 1.5157e-01 0.0000e+00
660 0.0000e+00 0.0000e+00 2.9554e-04 1.0666e-04 2.9554e-04 1.5176e-01 0.0000e+00
661 0.0000e+00 0.0000e+00 2.9380e-04 9.4611e-05 2.9380e-04 1.5196e-01 0.0000e+00
662 0.0000e+00 0.0000e+00 2.9198e-04 8.3993e-05 2.9198e-04 1.5217e-01 0.0000e+00
663 0.0000e+00 0.0000e+00 2.9008e-04 7.4625e-05 2.9008e-04 1.5238e-01 0.0000e+00
664 0.0000e+00 0.0000e+00 2.8814e-04 6.6352e-05 2.8814e-04 1.5260e-01 0.0000e+00
665 0.0000e+00 0.0000e+00 2.8615e-04 5.9040e-05 2.8615e-04 1.5283e-01 0.0000e+00
666 5.0000e-04 0.0000e+00 2.8433e-04 5.4015e-05 2.8412e-04 1.5306e-01 2.0761e-07
667 0.0000e+00 0.0000e+00 2.8209e-04 4.7892e-05 2.8209e-04 1.5329e-01 0.0000e+00
668 5.0000e-04 0.0000e+00 2.9123e-04 1.2012e-04 2.8003e-04 1.5345e-01 1.1197e-05
669 5.0000e-04 1.5300e-05 2.8983e-04 1.7186e-04 2.7864e-04 1.5356e-01 1.1197e-05
670 0.0000e+00 2.9500e-05 2.7771e-04 1.3742e-04 2.7771e-04 1.5370e-01 0.0000e+00
671 1.0000e-03 4.1700e-05 2.9788e-04 2.6427e-04 2.7649e-04 1.5371e-01 2.1391e-05
672 0.0000e+00 5.1100e-05 2.7639e-04 2.0858e-04 2.7639e-04 1.5378e-01 0.0000e+00
673 0.0000e+00 5.6500e-05 2.7580e-04 1.7678e-04 2.7580e-04 1.5388e-01 0.0000e+00
674 0.0000e+00 5.9000e-05 2.7495e-04 1.5145e-04 2.7495e-04 1.5400e-01 0.0000e+00
675 5.0000e-04 5.6500e-05 2.8043e-04 1.7548e-04 2.7389e-04 1.5410e-01 6.5397e-06
676 5.0000e-04 5.1100e-05 2.8298e-04 2.1424e-04 2.7305e-04 1.5416e-01 9.9319e-06
677 0.0000e+00 4.1700e-05 2.7255e-04 1.7592e-04 2.7255e-04 1.5426e-01 0.0000e+00
678 0.0000e+00 2.9500e-05 2.7173e-04 1.5063e-04 2.7173e-04 1.5438e-01 0.0000e+00
679 1.0000e-03 1.4300e-05 2.9036e-04 2.6441e-04 2.7070e-04 1.5438e-01 1.9658e-05
680 1.0000e-03 0.0000e+00 2.9272e-04 3.6285e-04 2.7065e-04 1.5429e-01 2.2074e-05
681 0.0000e+00 0.0000e+00 2.7143e-04 2.9209e-04 2.7143e-04 1.5427e-01 0.0000e+00
682 0.0000e+00 0.0000e+00 2.7160e-04 2.4807e-04 2.7160e-04 1.5430e-01 0.0000e+00
683 0.0000e+00 0.0000e+00 2.7140e-04 2.1280e-04 2.7140e-04 1.5435e-01 0.0000e+00
684 0.0000e+00 0.0000e+00 2.7091e-04 1.8360e-04 2.7091e-04 1.5444e-01 0.0000e+00
685 0.0000e+00 0.0000e+00 2.7017e-04 1.5910e-04 2.7017e-04 1.5455e-01 0.0000e+00
686 0.0000e+00 0.0000e+00 2.6923e-04 1.3833e-04 2.6923e-04 1.5468e-01 0.0000e+00
687 0.0000e+00 0.0000e+00 2.6813e-04 1.2062e-04 2.6813e-04 1.5483e-01 0.0000e+00
688 0.0000e+00 0.0000e+00 2.6690e-04 1.0543e-04 2.6690e-04 1.5499e-01 0.0000e+00
689 0.0000e+00 0.0000e+00 2.6556e-04 9.2352e-05 2.6556e-04 1.5517e-01 0.0000e+00
690 0.0000e+00 0.0000e+00 2.6412e-04 8.1046e-05 2.6412e-04 1.5535e-01 0.0000e+00
691 0.0000e+00 0.0000e+00 2.6262e-04 7.1246e-05 2.6262e-04 1.5554e-01 0.0000e+00
692 0.0000e+00 0.0000e+00 2.6105e-04 6.2728e-05 2.6105e-04 1.5574e-01 0.0000e+00
693 0.0000e+00 5.6100e-05 2.5944e-04 5.5307e-05 2.5944e-04 1.5594e-01 0.0000e+00
694 0.0000e+00 1.0830e-04 2.5779e-04 4.8829e-05 2.5779e-04 1.5615e-01 0.0000e+00
695 0.0000e+00 1.5320e-04 2.5611e-04 4.3164e-05 2.5611e-04 1.5636e-01 0.0000e+00
696 0.0000e+00 1.8770e-04 2.5441e-04 3.8201e-05 2.5441e-04 1.5658e-01 0.0000e+00
697 0.0000e+00 2.0760e-04 2.5270e-04 3.3846e-05 2.5270e-04 1.5680e-01 0.0000e+00
698 0.0000e+00 2.1680e-04 2.5098e-04 3.0019e-05 2.5098e-04 1.5702e-01 0.0000e+00
699 0.0000e+00 2.0760e-04 2.4925e-04 2.6650e-05 2.4925e-04 1.5724e-01 0.0000e+00
700 5.0000e-04 1.8770e-04 2.4752e-04 2.3682e-05 2.4752e-04 1.5747e-01 0.0000e+00
701 0.0000e+00 1.5320e-04 2.4580e-04 2.1064e-05 2.4580e-04 1.5769e-01 0.0000e+00
702 0.0000e+00 1.0830e-04 2.4408e-04 1.8750e-05 2.4408e-04 1.5792e-01 0.0000e+00
703 0.0000e+00 5.2400e-05 2.4236e-04 1.6705e-05 2.4236e-04 1.5814e-01 0.0000e+00
704 0.0000e+00 0.0000e+00 2.4066e-04 1.4894e-05 2.4066e-04 1.5837e-01 0.0000e+00
705 0.0000e+00 0.0000e+00 2.3897e-04 1.3290e-05 2.3897e-04 1.5859e-01 0.0000e+00
706 0.0000e+00 0.0000e+00 2.3729e-04 1.1867e-05 2.3729e-04 1.5882e-01 0.0000e+00
707 0.0000e+00 0.0000e+00 2.3562e-04 1.0604e-05 2.3562e-04 1.5904e-01 0.0000e+00
708 0.0000e+00 0.0000e+00 2.3397e-04 9.4816e-06 2.3397e-04 1.5927e-01 0.0000e+00
709 0.0000e+00 0.0000e+00 2.3234e-04 8.4835e-06 2.3234e-04 1.5949e-01 0.0000e+00
710 0.0000e+00 0.0000e+00 2.3072e-04 7.5953e-06 2.3072e-04 1.5972e-01 0.0000e+00
711 0.0000e+00 0.0000e+00 2.2911e-04 6.8036e-06 2.2911e-04 1.5994e-01 0.0000e+00
712 0.0000e+00 0.0000e+00 2.2753e-04 6.0986e-06 2.2753e-04 1.6016e-01 0.0000e+00
713 0.0000e+00 0.0000e+00 2.2596e-04 5.4697e-06 2.2596e-04 1.6038e-01 0.0000e+00
714 0.0000e+00 0.0000e+00 2.2441e-04 4.9083e-06 2.2441e-04 1.6060e-01 0.0000e+00
715 0.0000e+00 0.0000e+00 2.2287e-04 4.4069e-06 2.2287e-04 1.6082e-01 0.0000e+00
716 0.0000e+00 0.0000e+00 2.2136e-04 3.9587e-06 2.2136e-04 1.6104e-01 0.0000e+00
717 0.0000e+00 8.5600e-05 2.1986e-04 3.5579e-06 2.1986e-04 1.6125e-01 0.0000e+00
718 0.0000e+00 1.6520e-04 2.1838e-04 3.1992e-06 2.1838e-04 1.6147e-01 0.0000e+00
719 0.0000e+00 2.3380e-04 2.1691e-04 2.8781e-06 2.1691e-04 1.6168e-01 0.0000e+00
720 0.0000e+00 2.8620e-04 2.1547e-04 2.5898e-06 2.1547e-04 1.6189e-01 0.0000e+00
721 0.0000e+00 3.1670e-04 2.1404e-04 2.3320e-06 2.1404e-04 1.6211e-01 0.0000e+00
722 0.0000e+00 3.3060e-04 2.1263e-04 2.1007e-06 2.1263e-04 1.6232e-01 0.0000e+00
723 0.0000e+00 3.1670e-04 2.1123e-04 1.8932e-06 2.1123e-04 1.6253e-01 0.0000e+00
724 0.0000e+00 2.8620e-04 2.0986e-04 1.7069e-06 2.0986e-04 1.6273e-01 0.0000e+00
725 0.0000e+00 2.3380e-04 2.0850e-04 1.5396e-06 2.0850e-04 1.6294e-01 0.0000e+00
726 0.0000e+00 1.6520e-04 2.0715e-04 1.3892e-06 2.0715e-04 1.6315e-01 0.0000e+00
727 0.0000e+00 8.0000e-05 2.0582e-04 1.2540e-06 2.0582e-04 1.6335e-01 0.0000e+00
728 0.0000e+00 0.0000e+00 2.0451e-04 1.1323e-06 2.0451e-04 1.6355e-01 0.0000e+00
729 0.0000e+00 0.0000e+00 2.0322e-04 1.0221e-06 2.0322e-04 1.6376e-01 0.0000e+00
730 0.0000e+00 0.0000e+00 2.0194e-04 9.2367e-07 2.0194e-04 1.6396e-01 0.0000e+00
731 0.0000e+00 0.0000e+00 2.0067e-04 8.3502e-07 2.0067e-04 1.6416e-01 0.0000e+00
732 0.0000e+00 0.0000e+00 1.9942e-04 7.5513e-07 1.9942e-04 1.6436e-01 0.0000e+00
733 0.0000e+00 0.0000e+00 1.9819e-04 6.8311e-07 1.9819e-04 1.6455e-01 0.0000e+00
734 0.0000e+00 0.0000e+00 1.9697e-04 6.1816e-07 1.9697e-04 1.6475e-01 0.0000e+00
735 0.0000e+00 0.0000e+00 1.9576e-04 5.5956e-07 1.9576e-04 1.6494e-01 0.0000e+00
736 0.0000e+00 0.0000e+00 1.9457e-04 5.0667e-07 1.9457e-04 1.6514e-01 0.0000e+00
737 0.0000e+00 0.0000e+00 1.9340e-04 4.5772e-07 1.9340e-04 1.6533e-01 0.0000e+00
738 0.0000e+00 0.0000e+00 1.9223e-04 4.1478e-07 1.9223e-04 1.6552e-01 0.0000e+00
739 0.0000e+00 0.0000e+00 1.9109e-04 3.7598e-07 1.9109e-04 1.6571e-01 0.0000e+00
740 0.0000e+00 0.0000e+00 1.8995e-04 3.4091e-07 1.8995e-04 1.6590e-01 0.0000e+00
741 0.0000e+00 7.4700e-05 1.8883e-04 3.0919e-07 1.8883e-04 1.6609e-01 0.0000e+00
742 0.0000e+00 1.4410e-04 1.8772e-04 2.8049e-07 1.8772e-04 1.6628e-01 0.0000e+00
743 0.0000e+00 2.0380e-04 1.8662e-04 2.5453e-07 1.8662e-04 1.6647e-01 0.0000e+00
744 0.0000e+00 2.4960e-04 1.8554e-04 2.3103e-07 1.8554e-04 1.6665e-01 0.0000e+00
745 0.0000e+00 2.7610e-04 1.8447e-04 2.0975e-07 1.8447e-04 1.6684e-01 0.0000e+00
746 0.0000e+00 2.8830e-04 1.8341e-04 1.8913e-07 1.8341e-04 1.6702e-01 0.0000e+00
747 0.0000e+00 2.7610e-04 1.8236e-04 1.7186e-07 1.8236e-04 1.6720e-01 0.0000e+00
748 0.0000e+00 2.4960e-04 1.8133e-04 1.5620e-07 1.8133e-04 1.6738e-01 0.0000e+00
749 0.0000e+00 2.0380e-04 1.8030e-04 1.4200e-07 1.8030e-04 1.6756e-01 0.0000e+00
750 0.0000e+00 1.4410e-04 1.7929e-04 1.2912e-07 1.7929e-04 1.6774e-01 0.0000e+00
751 0.0000e+00 6.9800e-05 1.7829e-04 1.1744e-07 1.7829e-04 1.6792e-01 0.0000e+00
752 0.0000e+00 0.0000e+00 1.7730e-04 1.0683e-07 1.7730e-04 1.6810e-01 0.0000e+00
753 0.0000e+00 0.0000e+00 1.7632e-04 9.7205e-08 1.7632e-04 1.6827e-01 0.0000e+00
754 0.0000e+00 0.0000e+00 1.7535e-04 8.8464e-08 1.7535e-04 1.6845e-01 0.0000e+00
755 0.0000e+00 0.0000e+00 1.7439e-04 8.0526e-08 1.7439e-04 1.6862e-01 0.0000e+00
756 0.0000e+00 0.0000e+00 1.7345e-04 7.2096e-08 1.7345e-04 1.6880e-01 0.0000e+00
757 0.0000e+00 0.0000e+00 1.7251e-04 6.5694e-08 1.7251e-04 1.6897e-01 0.0000e+00
758 0.0000e+00 0.0000e+00 1.7158e-04 5.9870e-08 1.7158e-04 1.6914e-01 0.0000e+00
759 0.0000e+00 0.0000e+00 1.7066e-04 5.4573e-08 1.7066e-04 1.6931e-01 0.0000e+00
760 0.0000e+00 0.0000e+00 1.6976e-04 4.9753e-08 1.6976e-04 1.6948e-01 0.0000e+00
761 0.0000e+00 0.0000e+00 1.6886e-04 4.5367e-08 1.6886e-04 1.6965e-01 0.0000e+00
762 0.0000e+00 0.0000e+00 1.6797e-04 4.1375e-08 1.6797e-04 1.6982e-01 0.0000e+00
763 0.0000e+00 0.0000e+00 1.6709e-04 3.7740e-08 1.6709e-04 1.6998e-01 0.0000e+00
764 0.0000e+00 0.0000e+00 1.6622e-04 3.4431e-08 1.6622e-04 1.7015e-01 0.0000e+00
765 0.0000e+00 9.6700e-05 1.6536e-04 3.0187e-08 1.6536e-04 1.7032e-01 0.0000e+00
766 0.0000e+00 1.8660e-04 1.6451e-04 2.7577e-08 1.6451e-04 1.7048e-01 0.0000e+00
767 0.0000e+00 2.6400e-04 1.6367e-04 2.5196e-08 1.6367e-04 1.7064e-01 0.0000e+00
768 0.0000e+00 3.2330e-04 1.6283e-04 2.3024e-08 1.6283e-04 1.7081e-01 0.0000e+00
769 0.0000e+00 3.5770e-04 1.6200e-04 2.1043e-08 1.6200e-04 1.7097e-01 0.0000e+00
770 0.0000e+00 3.7350e-04 1.6119e-04 1.9234e-08 1.6119e-04 1.7113e-01 0.0000e+00
771 0.0000e+00 3.5770e-04 1.6038e-04 1.7584e-08 1.6038e-04 1.7129e-01 0.0000e+00
772 0.0000e+00 3.2330e-04 1.5957e-04 1.6077e-08 1.5957e-04 1.7145e-01 0.0000e+00
773 0.0000e+00 2.6400e-04 1.5878e-04 1.4701e-08 1.5878e-04 1.7161e-01 0.0000e+00
774 0.0000e+00 1.8660e-04 1.5800e-04 1.2247e-08 1.5800e-04 1.7177e-01 0.0000e+00
775 0.0000e+00 9.0400e-05 1.5722e-04 1.1220e-08 1.5722e-04 1.7192e-01 0.0000e+00
776 0.0000e+00 0.0000e+00 1.5645e-04 1.0281e-08 1.5645e-04 1.7208e-01 0.0000e+00
777 0.0000e+00 0.0000e+00 1.5568e-04 9.4206e-09 1.5568e-04 1.7224e-01 0.0000e+00
778 0.0000e+00 0.0000e+00 1.5493e-04 8.6334e-09 1.5493e-04 1.7239e-01 0.0000e+00
779 0.0000e+00 0.0000e+00 1.5418e-04 7.9128e-09 1.5418e-04 1.7255e-01 0.0000e+00
780 0.0000e+00 0.0000e+00 1.5344e-04 7.2532e-09 1.5344e-04 1.7270e-01 0.0000e+00
781 0.0000e+00 0.0000e+00 1.5270e-04 6.6493e-09 1.5270e-04 1.7285e-01 0.0000e+00
782 0.0000e+00 0.0000e+00 1.5198e-04 6.0962e-09 1.5198e-04 1.7300e-01 0.0000e+00
783 0.0000e+00 0.0000e+00 1.5126e-04 4.5254e-09 1.5126e-04 1.7315e-01 0.0000e+00
784 0.0000e+00 0.0000e+00 1.5054e-04 4.1598e-09 1.5054e-04 1.7330e-01 0.0000e+00
785 0.0000e+00 0.0000e+00 1.4984e-04 3.8239e-09 1.4984e-04 1.7345e-01 0.0000e+00
786 0.0000e+00 0.0000e+00 1.4914e-04 3.5155e-09 1.4914e-04 1.7360e-01 0.0000e+00
787 0.0000e+00 0.0000e+00 1.4844e-04 3.2322e-09 1.4844e-04 1.7375e-01 0.0000e+00
788 0.0000e+00 0.0000e+00 1.4776e-04 2.9720e-09 1.4776e-04 1.7390e-01 0.0000e+00
789 0.0000e+00 1.2590e-04 1.4708e-04 2.7329e-09 1.4708e-04 1.7405e-01 0.0000e+00
790 0.0000e+00 2.4290e-04 1.4640e-04 2.5133e-09 1.4640e-04 1.7419e-01 0.0000e+00
791 0.0000e+00 3.4370e-04 1.4573e-04 2.3115e-09 1.4573e-04 1.7434e-01 0.0000e+00
792 0.0000e+00 4.2090e-04 1.4507e-04 2.1261e-09 1.4507e-04 1.7448e-01 0.0000e+00
793 0.0000e+00 4.6560e-04 1.4442e-04 1.2812e-09 1.4442e-04 1.7463e-01 0.0000e+00
794 0.0000e+00 4.8620e-04 1.4377e-04 1.1822e-09 1.4377e-04 1.7477e-01 0.0000e+00
795 0.0000e+00 4.6560e-04 1.4312e-04 1.0908e-09 1.4312e-04 1.7492e-01 0.0000e+00
796 0.0000e+00 4.2090e-04 1.4248e-04 1.0066e-09 1.4248e-04 1.7506e-01 0.0000e+00
797 0.0000e+00 3.4370e-04 1.4185e-04 9.2891e-10 1.4185e-04 1.7520e-01 0.0000e+00
798 0.0000e+00 2.4290e-04 1.4122e-04 8.5728e-10 1.4122e-04 1.7534e-01 0.0000e+00
799 0.0000e+00 1.1760e-04 1.4060e-04 7.9122e-10 1.4060e-04 1.7548e-01 0.0000e+00
800 0.0000e+00 0.0000e+00 1.3998e-04 7.3030e-10 1.3998e-04 1.7562e-01 0.0000e+00
801 0.0000e+00 0.0000e+00 1.3937e-04 6.7410e-10 1.3937e-04 1.7576e-01 0.0000e+00
802 0.0000e+00 0.0000e+00 1.3877e-04 2.8420e-10 1.3877e-04 1.7590e-01 0.0000e+00
803 0.0000e+00 0.0000e+00 1.3817e-04 2.6323e-10 1.3817e-04 1.7604e-01 0.0000e+00
804 0.0000e+00 0.0000e+00 1.3757e-04 2.4382e-10 1.3757e-04 1.7618e-01 0.0000e+00
805 0.0000e+00 0.0000e+00 1.3698e-04 2.2586e-10 1.3698e-04 1.7631e-01 0.0000e+00
806 0.0000e+00 0.0000e+00 1.3640e-04 2.0922e-10 1.3640e-04 1.7645e-01 0.0000e+00
807 0.0000e+00 0.0000e+00 1.3582e-04 1.9382e-10 1.3582e-04 1.7658e-01 0.0000e+00
808 0.0000e+00 0.0000e+00 1.3524e-04 1.7956e-10 1.3524e-04 1.7672e-01 0.0000e+00
809 0.0000e+00 0.0000e+00 1.3467e-04 1.6636e-10 1.3467e-04 1.7685e-01 0.0000e+00
810 0.0000e+00 0.0000e+00 1.3410e-04 1.5414e-10 1.3410e-04 1.7699e-01 0.0000e+00
811 0.0000e+00 0.0000e+00 1.3354e-04 1.4282e-10 1.3354e-04 1.7712e-01 0.0000e+00
812 0.0000e+00 0.0000e+00 1.3299e-04 2.8550e-11 1.3299e-04 1.7726e-01 0.0000e+00
813 0.0000e+00 3.0400e-05 1.3244e-04 2.6549e-11 1.3244e-04 1.7739e-01 0.0000e+00
814 0.0000e+00 5.8700e-05 1.3189e-04 2.4689e-11 1.3189e-04 1.7752e-01 0.0000e+00
815 0.0000e+00 8.3100e-05 1.3135e-04 2.2961e-11 1.3135e-04 1.7765e-01 0.0000e+00
816 0.0000e+00 1.0180e-04 1.3081e-04 2.1354e-11 1.3081e-04 1.7778e-01 0.0000e+00
817 0.0000e+00 1.1260e-04 1.3028e-04 1.9860e-11 1.3028e-04 1.7791e-01 0.0000e+00
818 0.0000e+00 1.1760e-04 1.2975e-04 1.8472e-11 1.2975e-04 1.7804e-01 0.0000e+00
819 0.0000e+00 1.1260e-04 1.2922e-04 1.7181e-11 1.2922e-04 1.7817e-01 0.0000e+00
820 0.0000e+00 1.0180e-04 1.2870e-04 1.5981e-11 1.2870e-04 1.7830e-01 0.0000e+00
821 0.0000e+00 8.3100e-05 1.2818e-04 0.0000e+00 1.2818e-04 1.7843e-01 0.0000e+00
822 0.0000e+00 5.8700e-05 1.2767e-04 0.0000e+00 1.2767e-04 1.7856e-01 0.0000e+00
823 0.0000e+00 2.8400e-05 1.2716e-04 0.0000e+00 1.2716e-04 1.7868e-01 0.0000e+00
824 0.0000e+00 0.0000e+00 1.2666e-04 0.0000e+00 1.2666e-04 1.7881e-01 0.0000e+00
825 0.0000e+00 0.0000e+00 1.2616e-04 0.0000e+00 1.2616e-04 1.7894e-01 0.0000e+00
826 0.0000e+00 0.0000e+00 1.2566e-04 0.0000e+00 1.2566e-04 1.7906e-01 0.0000e+00
827 0.0000e+00 0.0000e+00 1.2517e-04 0.0000e+00 1.2517e-04 1.7919e-01 0.0000e+00
828 0.0000e+00 0.0000e+00 1.2468e-04 0.0000e+00 1.2468e-04 1.7931e-01 0.0000e+00
829 0.0000e+00 0.0000e+00 1.2420e-04 0.0000e+00 1.2420e-04 1.7944e-01 0.0000e+00
830 0.0000e+00 0.0000e+00 1.2371e-04 0.0000e+00 1.2371e-04 1.7956e-01 0.0000e+00
831 0.0000e+00 0.0000e+00 1.2324e-04 0.0000e+00 1.2324e-04 1.7968e-01 0.0000e+00
832 0.0000e+00 0.0000e+00 1.2276e-04 0.0000e+00 1.2276e-04 1.7981e-01 0.0000e+00
833 0.0000e+00 0.0000e+00 1.2229e-04 0.0000e+00 1.2229e-04 1.7993e-01 0.0000e+00
834 0.0000e+00 0.0000e+00 1.2183e-04 0.0000e+00 1.2183e-04 1.8005e-01 0.0000e+00
835 0.0000e+00 0.0000e+00 1.2136e-04 0.0000e+00 1.2136e-04 1.8017e-01 0.0000e+00
836 0.0000e+00 0.0000e+00 1.2090e-04 0.0000e+00 1.2090e-04 1.8029e-01 0.0000e+00
837 0.0000e+00 6.6100e-05 1.2045e-04 0.0000e+00 1.2045e-04 1.8041e-01 0.0000e+00
838 0.0000e+00 1.2750e-04 1.2000e-04 0.0000e+00 1.2000e-04 1.8053e-01 0.0000e+00
839 0.0000e+00 1.8040e-04 1.1955e-04 0.0000e+00 1.1955e-04 1.8065e-01 0.0000e+00
840 0.0000e+00 2.2090e-04 1.1910e-04 0.0000e+00 1.1910e-04 1.8077e-01 0.0000e+00
841 0.0000e+00 2.4430e-04 1.1866e-04 0.0000e+00 1.1866e-04 1.8089e-01 0.0000e+00
842 0.0000e+00 2.5510e-04 1.1822e-04 0.0000e+00 1.1822e-04 1.8101e-01 0.0000e+00
843 0.0000e+00 2.4430e-04 1.1778e-04 0.0000e+00 1.1778e-04 1.8113e-01 0.0000e+00
844 0.0000e+00 2.2090e-04 1.1735e-04 0.0000e+00 1.1735e-04 1.8124e-01 0.0000e+00
845 0.0000e+00 1.8040e-04 1.1692e-04 0.0000e+00 1.1692e-04 1.8136e-01 0.0000e+00
846 0.0000e+00 1.2750e-04 1.1650e-04 0.0000e+00 1.1650e-04 1.8148e-01 0.0000e+00
847 0.0000e+00 6.1700e-05 1.1607e-04 0.0000e+00 1.1607e-04 1.8159e-01 0.0000e+00
848 0.0000e+00 0.0000e+00 1.1565e-04 0.0000e+00 1.1565e-04 1.8171e-01 0.0000e+00
849 0.0000e+00 0.0000e+00 1.1523e-04 0.0000e+00 1.1523e-04 1.8182e-01 0.0000e+00
850 0.0000e+00 0.0000e+00 1.1482e-04 0.0000e+00 1.1482e-04 1.8194e-01 0.0000e+00
851 0.0000e+00 0.0000e+00 1.1441e-04 0.0000e+00 1.1441e-04 1.8205e-01 0.0000e+00
852 0.0000e+00 0.0000e+00 1.1400e-04 0.0000e+00 1.1400e-04 1.8217e-01 0.0000e+00
853 0.0000e+00 0.0000e+00 1.1360e-04 0.0000e+00 1.1360e-04 1.8228e-01 0.0000e+00
854 0.0000e+00 0.0000e+00 1.1319e-04 0.0000e+00 1.1319e-04 1.8239e-01 0.0000e+00
855 0.0000e+00 0.0000e+00 1.1279e-04 0.0000e+00 1.1279e-04 1.8251e-01 0.0000e+00
856 0.0000e+00 0.0000e+00 1.1240e-04 0.0000e+00 1.1240e-04 1.8262e-01 0.0000e+00
857 0.0000e+00 0.0000e+00 1.1200e-04 0.0000e+00 1.1200e-04 1.8273e-01 0.0000e+00
858 0.0000e+00 0.0000e+00 1.1161e-04 0.0000e+00 1.1161e-04 1.8284e-01 0.0000e+00
859 0.0000e+00 0.0000e+00 1.1122e-04 0.0000e+00 1.1122e-04 1.8295e-01 0.0000e+00
860 0.0000e+00 0.0000e+00 1.1084e-04 0.0000e+00 1.1084e-04 1.8306e-01 0.0000e+00
861 0.0000e+00 9.7600e-05 1.1045e-04 0.0000e+00 1.1045e-04 1.8317e-01 0.0000e+00
862 0.0000e+00 1.8830e-04 1.1007e-04 0.0000e+00 1.1007e-04 1.8328e-01 0.0000e+00
863 0.0000e+00 2.6650e-04 1.0969e-04 0.0000e+00 1.0969e-04 1.8339e-01 0.0000e+00
864 0.0000e+00 3.2630e-04 1.0932e-04 0.0000e+00 1.0932e-04 1.8350e-01 0.0000e+00
865 0.0000e+00 3.6100e-04 1.0895e-04 0.0000e+00 1.0895e-04 1.8361e-01 0.0000e+00
866 0.0000e+00 3.7690e-04 1.0858e-04 0.0000e+00 1.0858e-04 1.8372e-01 0.0000e+00
867 0.0000e+00 3.6100e-04 1.0821e-04 0.0000e+00 1.0821e-04 1.8383e-01 0.0000e+00
868 0.0000e+00 3.2630e-04 1.0784e-04 0.0000e+00 1.0784e-04 1.8394e-01 0.0000e+00
869 0.0000e+00 2.6650e-04 1.0748e-04 0.0000e+00 1.0748e-04 1.8404e-01 0.0000e+00
870 0.0000e+00 1.8830e-04 1.0712e-04 0.0000e+00 1.0712e-04 1.8415e-01 0.0000e+00
871 0.0000e+00 9.1200e-05 1.0676e-04 0.0000e+00 1.0676e-04 1.8426e-01 0.0000e+00
872 0.0000e+00 0.0000e+00 1.0641e-04 0.0000e+00 1.0641e-04 1.8436e-01 0.0000e+00
873 0.0000e+00 0.0000e+00 1.0605e-04 0.0000e+00 1.0605e-04 1.8447e-01 0.0000e+00
874 0.0000e+00 0.0000e+00 1.0570e-04 0.0000e+00 1.0570e-04 1.8458e-01 0.0000e+00
875 0.0000e+00 0.0000e+00 1.0535e-04 0.0000e+00 1.0535e-04 1.8468e-01 0.0000e+00
876 0.0000e+00 0.0000e+00 1.0501e-04 0.0000e+00 1.0501e-04 1.8479e-01 0.0000e+00
877 0.0000e+00 0.0000e+00 1.0466e-04 0.0000e+00 1.0466e-04 1.8489e-01 0.0000e+00
878 0.0000e+00 0.0000e+00 1.0432e-04 0.0000e+00 1.0432e-04 1.8500e-01 0.0000e+00
879 0.0000e+00 0.0000e+00 1.0398e-04 0.0000e+00 1.0398e-04 1.8510e-01 0.0000e+00
880 0.0000e+00 0.0000e+00 1.0364e-04 0.0000e+00 1.0364e-04 1.8520e-01 0.0000e+00
881 0.0000e+00 0.0000e+00 1.0331e-04 0.0000e+00 1.0331e-04 1.8531e-01 0.0000e+00
882 0.0000e+00 0.0000e+00 1.0298e-04 0.0000e+00 1.0298e-04 1.8541e-01 0.0000e+00
883 0.0000e+00 0.0000e+00 1.0265e-04 0.0000e+00 1.0265e-04 1.8551e-01 0.0000e+00
884 0.0000e+00 0.0000e+00 1.0232e-04 0.0000e+00 1.0232e-04 1.8561e-01 0.0000e+00
885 0.0000e+00 6.4300e-05 1.0199e-04 0.0000e+00 1.0199e-04 1.8572e-01 0.0000e+00
886 0.0000e+00 1.2410e-04 1.0167e-04 0.0000e+00 1.0167e-04 1.8582e-01 0.0000e+00
887 0.0000e+00 1.7560e-04 1.0134e-04 0.0000e+00 1.0134e-04 1.8592e-01 0.0000e+00
888 0.0000e+00 2.1500e-04 1.0102e-04 0.0000e+00 1.0102e-04 1.8602e-01 0.0000e+00
889 0.0000e+00 2.3790e-04 1.0070e-04 0.0000e+00 1.0070e-04 1.8612e-01 0.0000e+00
890 0.0000e+00 2.4840e-04 1.0039e-04 0.0000e+00 1.0039e-04 1.8622e-01 0.0000e+00
891 0.0000e+00 2.3790e-04 1.0007e-04 0.0000e+00 1.0007e-04 1.8632e-01 0.0000e+00
892 0.0000e+00 2.1500e-04 9.9761e-05 0.0000e+00 9.9761e-05 1.8642e-01 0.0000e+00
893 0.0000e+00 1.7560e-04 9.9450e-05 0.0000e+00 9.9450e-05 1.8652e-01 0.0000e+00
894 0.0000e+00 1.2410e-04 9.9142e-05 0.0000e+00 9.9142e-05 1.8662e-01 0.0000e+00
895 0.0000e+00 6.0100e-05 9.8835e-05 0.0000e+00 9.8835e-05 1.8672e-01 0.0000e+00
896 0.0000e+00 0.0000e+00 9.8530e-05 0.0000e+00 9.8530e-05 1.8682e-01 0.0000e+00
897 0.0000e+00 0.0000e+00 9.8227e-05 0.0000e+00 9.8227e-05 1.8692e-01 0.0000e+00
898 0.0000e+00 0.0000e+00 9.7926e-05 0.0000e+00 9.7926e-05 1.8701e-01 0.0000e+00
899 0.0000e+00 0.0000e+00 9.7627e-05 0.0000e+00 9.7627e-05 1.8711e-01 0.0000e+00
900 0.0000e+00 0.0000e+00 9.7330e-05 0.0000e+00 9.7330e-05 1.8721e-01 0.0000e+00
901 0.0000e+00 0.0000e+00 9.7034e-05 0.0000e+00 9.7034e-05 1.8731e-01 0.0000e+00
902 0.0000e+00 0.0000e+00 9.6740e-05 0.0000e+00 9.6740e-05 1.8740e-01 0.0000e+00
903 0.0000e+00 0.0000e+00 9.6448e-05 0.0000e+00 9.6448e-05 1.8750e-01 0.0000e+00
904 0.0000e+00 0.0000e+00 9.6158e-05 0.0000e+00 9.6158e-05 1.8760e-01 0.0000e+00
905 0.0000e+00 0.0000e+00 9.5869e-05 0.0000e+00 9.5869e-05 1.8769e-01 0.0000e+00
906 0.0000e+00 0.0000e+00 9.5583e-05 0.0000e+00 9.5583e-05 1.8779e-01 0.0000e+00
907 0.0000e+00 0.0000e+00 9.5298e-05 0.0000e+00 9.5298e-05 1.8788e-01 0.0000e+00
908 0.0000e+00 0.0000e+00 9.5014e-05 0.0000e+00 9.5014e-05 1.8798e-01 0.0000e+00
909 0.0000e+00 8.0200e-05 9.4732e-05 0.0000e+00 9.4732e-05 1.8807e-01 0.0000e+00
910 0.0000e+00 1.5480e-04 9.4452e-05 0.0000e+00 9.4452e-05 1.8817e-01 0.0000e+00
911 0.0000e+00 2.1910e-04 9.4174e-05 0.0000e+00 9.4174e-05 1.8826e-01 0.0000e+00
912 0.0000e+00 2.6830e-04 9.3897e-05 0.0000e+00 9.3897e-05 1.8835e-01 0.0000e+00
913 0.0000e+00 2.9680e-04 9.3622e-05 0.0000e+00 9.3622e-05 1.8845e-01 0.0000e+00
914 0.0000e+00 3.0990e-04 9.3349e-05 0.0000e+00 9.3349e-05 1.8854e-01 0.0000e+00
915 0.0000e+00 2.9680e-04 9.3077e-05 0.0000e+00 9.3077e-05 1.8863e-01 0.0000e+00
916 0.0000e+00 2.6830e-04 9.2806e-05 0.0000e+00 9.2806e-05 1.8873e-01 0.0000e+00
917 0.0000e+00 2.1910e-04 9.2538e-05 0.0000e+00 9.2538e-05 1.8882e-01 0.0000e+00
918 0.0000e+00 1.5480e-04 9.2270e-05 0.0000e+00 9.2270e-05 1.8891e-01 0.0000e+00
919 0.0000e+00 7.5000e-05 9.2005e-05 0.0000e+00 9.2005e-05 1.8900e-01 0.0000e+00
920 0.0000e+00 0.0000e+00 9.1741e-05 0.0000e+00 9.1741e-05 1.8910e-01 0.0000e+00
921 0.0000e+00 0.0000e+00 9.1478e-05 0.0000e+00 9.1478e-05 1.8919e-01 0.0000e+00
922 0.0000e+00 0.0000e+00 9.1217e-05 0.0000e+00 9.1217e-05 1.8928e-01 0.0000e+00
923 0.0000e+00 0.0000e+00 9.0957e-05 0.0000e+00 9.0957e-05 1.8937e-01 0.0000e+00
924 0.0000e+00 0.0000e+00 9.0699e-05 0.0000e+00 9.0699e-05 1.8946e-01 0.0000e+00
925 0.0000e+00 0.0000e+00 9.0442e-05 0.0000e+00 9.0442e-05 1.8955e-01 0.0000e+00
926 0.0000e+00 0.0000e+00 9.0187e-05 0.0000e+00 9.0187e-05 1.8964e-01 0.0000e+00
927 0.0000e+00 0.0000e+00 8.9933e-05 0.0000e+00 8.9933e-05 1.8973e-01 0.0000e+00
928 0.0000e+00 0.0000e+00 8.9681e-05 0.0000e+00 8.9681e-05 1.8982e-01 0.0000e+00
929 0.0000e+00 0.0000e+00 8.9430e-05 0.0000e+00 8.9430e-05 1.8991e-01 0.0000e+00
930 0.0000e+00 0.0000e+00 8.9180e-05 0.0000e+00 8.9180e-05 1.9000e-01 0.0000e+00
931 0.0000e+00 0.0000e+00 8.8932e-05 0.0000e+00 8.8932e-05 1.9009e-01 0.0000e+00
932 0.0000e+00 0.0000e+00 8.8685e-05 0.0000e+00 8.8685e-05 1.9018e-01 0.0000e+00
933 0.0000e+00 9.6000e-05 8.8440e-05 0.0000e+00 8.8440e-05 1.9026e-01 0.0000e+00
934 0.0000e+00 1.8520e-04 8.8196e-05 0.0000e+00 8.8196e-05 1.9035e-01 0.0000e+00
935 0.0000e+00 2.6210e-04 8.7953e-05 0.0000e+00 8.7953e-05 1.9044e-01 0.0000e+00
936 0.0000e+00 3.2090e-04 8.7712e-05 0.0000e+00 8.7712e-05 1.9053e-01 0.0000e+00
937 0.0000e+00 3.5500e-04 8.7472e-05 0.0000e+00 8.7472e-05 1.9062e-01 0.0000e+00
938 0.0000e+00 3.7070e-04 8.7233e-05 0.0000e+00 8.7233e-05 1.9070e-01 0.0000e+00
939 0.0000e+00 3.5500e-04 8.6995e-05 0.0000e+00 8.6995e-05 1.9079e-01 0.0000e+00
940 0.0000e+00 3.2090e-04 8.6759e-05 0.0000e+00 8.6759e-05 1.9088e-01 0.0000e+00
941 0.0000e+00 2.6210e-04 8.6524e-05 0.0000e+00 8.6524e-05 1.9096e-01 0.0000e+00
942 0.0000e+00 1.8520e-04 8.6291e-05 0.0000e+00 8.6291e-05 1.9105e-01 0.0000e+00
943 0.0000e+00 8.9700e-05 8.6058e-05 0.0000e+00 8.6058e-05 1.9114e-01 0.0000e+00
944 0.0000e+00 0.0000e+00 8.5827e-05 0.0000e+00 8.5827e-05 1.9122e-01 0.0000e+00
945 0.0000e+00 0.0000e+00 8.5597e-05 0.0000e+00 8.5597e-05 1.9131e-01 0.0000e+00
946 0.0000e+00 0.0000e+00 8.5369e-05 0.0000e+00 8.5369e-05 1.9139e-01 0.0000e+00
947 0.0000e+00 0.0000e+00 8.5141e-05 0.0000e+00 8.5141e-05 1.9148e-01 0.0000e+00
948 0.0000e+00 0.0000e+00 8.4915e-05 0.0000e+00 8.4915e-05 1.9156e-01 0.0000e+00
949 0.0000e+00 0.0000e+00 8.4690e-05 0.0000e+00 8.4690e-05 1.9165e-01 0.0000e+00
950 0.0000e+00 0.0000e+00 8.4466e-05 0.0000e+00 8.4466e-05 1.9173e-01 0.0000e+00
Objective function values:
F1 1.265645e-06    NSE 0.78243   F2 2.585327e-02
Mean Obs Q 1.590065e-04   Variance Obs Q 6.123405e-09
    Error Variance 1.332258e-09

Water Balance for Subcatchment: Extracted study basin: Taegu Pyungkwang River

   SUMP       SUMAE      SUMQ       SUMRZ      SUMUZ      SBAR        BAL
1.890e-01  4.643e-02  1.292e-01  1.966e-02  0.000e+00  1.917e-01  8.881e-04
