Taegu Pyungkwang River Catchment: Calibration Data

Subcatchment : Extracted study basin: cat-12719

TL =     7.35
SUMAC =     1.00
SZQ =       0.09539
Subcatchment routing data:
Maximum Routing Delay       0.69444
Sum of Histogram ordinates:     1.0000
     1.00000 
Initial BAL             -0.25721
Initial SBAR             0.25521
Initial SR0              0.00200
it      p        ep       q(it)       quz      q       sbar       qof
1 0.0000e+00 6.1900e-05 3.2800e-05 0.0000e+00 3.2800e-05 2.5524e-01 0.0000e+00
2 0.0000e+00 6.4700e-05 3.2766e-05 0.0000e+00 3.2766e-05 2.5528e-01 0.0000e+00
3 1.0000e-03 6.1900e-05 3.2733e-05 0.0000e+00 3.2733e-05 2.5531e-01 0.0000e+00
4 1.0000e-03 5.6000e-05 3.2699e-05 0.0000e+00 3.2699e-05 2.5534e-01 0.0000e+00
5 1.0000e-03 4.5700e-05 3.7609e-05 6.4707e-05 3.2666e-05 2.5531e-01 4.9429e-06
6 5.0000e-04 3.2300e-05 3.5645e-05 9.4606e-05 3.2699e-05 2.5525e-01 2.9460e-06
7 5.0000e-04 1.5600e-05 3.5795e-05 1.2350e-04 3.2762e-05 2.5516e-01 3.0329e-06
8 0.0000e+00 0.0000e+00 3.2855e-05 1.0996e-04 3.2855e-05 2.5508e-01 0.0000e+00
9 5.0000e-04 0.0000e+00 3.6076e-05 1.4050e-04 3.2934e-05 2.5497e-01 3.1412e-06
10 5.0000e-04 0.0000e+00 3.6288e-05 1.6818e-04 3.3045e-05 2.5484e-01 3.2424e-06
11 0.0000e+00 0.0000e+00 3.3185e-05 1.5059e-04 3.3185e-05 2.5472e-01 0.0000e+00
12 0.0000e+00 0.0000e+00 3.3307e-05 1.3634e-04 3.3307e-05 2.5462e-01 0.0000e+00
13 1.0000e-03 0.0000e+00 3.9899e-05 2.0898e-04 3.3414e-05 2.5444e-01 6.4848e-06
14 5.0000e-04 0.0000e+00 3.6841e-05 2.2893e-04 3.3598e-05 2.5425e-01 3.2424e-06
15 5.0000e-04 0.0000e+00 3.7046e-05 2.4835e-04 3.3804e-05 2.5403e-01 3.2424e-06
16 1.0000e-03 0.0000e+00 4.0516e-05 3.0890e-04 3.4031e-05 2.5376e-01 6.4848e-06
17 0.0000e+00 0.0000e+00 3.4325e-05 2.7661e-04 3.4325e-05 2.5351e-01 0.0000e+00
18 0.0000e+00 0.0000e+00 3.4586e-05 2.5067e-04 3.4586e-05 2.5330e-01 0.0000e+00
19 0.0000e+00 0.0000e+00 3.4820e-05 2.2766e-04 3.4820e-05 2.5311e-01 0.0000e+00
20 0.0000e+00 0.0000e+00 3.5031e-05 2.0702e-04 3.5031e-05 2.5293e-01 0.0000e+00
21 0.0000e+00 1.8000e-05 3.5219e-05 1.8843e-04 3.5219e-05 2.5278e-01 0.0000e+00
22 0.0000e+00 3.4800e-05 3.5388e-05 1.7164e-04 3.5388e-05 2.5264e-01 0.0000e+00
23 0.0000e+00 4.9200e-05 3.5539e-05 1.5645e-04 3.5539e-05 2.5252e-01 0.0000e+00
24 3.0000e-03 6.0200e-05 5.6317e-05 3.9062e-04 3.5674e-05 2.5217e-01 2.0643e-05
25 2.0000e-03 6.6600e-05 4.9480e-05 5.1257e-04 3.6072e-05 2.5169e-01 1.3408e-05
26 5.5000e-03 6.9600e-05 7.9611e-05 9.2036e-04 3.6613e-05 2.5081e-01 4.2998e-05
27 6.0000e-03 6.6600e-05 8.6327e-05 1.3274e-03 3.7638e-05 2.4952e-01 4.8689e-05
28 1.0000e-03 6.0200e-05 4.6861e-05 1.2707e-03 3.9186e-05 2.4829e-01 7.6747e-06
29 2.5000e-03 4.9200e-05 6.0784e-05 1.3607e-03 4.0724e-05 2.4697e-01 2.0061e-05
30 0.0000e+00 3.4800e-05 4.2439e-05 1.2294e-03 4.2439e-05 2.4578e-01 0.0000e+00
31 0.0000e+00 1.6800e-05 4.4042e-05 1.1160e-03 4.4042e-05 2.4471e-01 0.0000e+00
32 1.0000e-03 0.0000e+00 5.2937e-05 1.0930e-03 4.5543e-05 2.4366e-01 7.3940e-06
33 5.0000e-04 0.0000e+00 5.1169e-05 1.0352e-03 4.7058e-05 2.4267e-01 4.1111e-06
34 0.0000e+00 0.0000e+00 4.8534e-05 9.3904e-04 4.8534e-05 2.4178e-01 0.0000e+00
35 0.0000e+00 0.0000e+00 4.9903e-05 8.5313e-04 4.9903e-05 2.4098e-01 0.0000e+00
36 0.0000e+00 0.0000e+00 5.1172e-05 7.7535e-04 5.1172e-05 2.4025e-01 0.0000e+00
37 0.0000e+00 0.0000e+00 5.2343e-05 7.0483e-04 5.2343e-05 2.3960e-01 0.0000e+00
38 0.0000e+00 0.0000e+00 5.3421e-05 6.4083e-04 5.3421e-05 2.3901e-01 0.0000e+00
39 0.0000e+00 0.0000e+00 5.4411e-05 5.8272e-04 5.4411e-05 2.3849e-01 0.0000e+00
40 0.0000e+00 0.0000e+00 5.5317e-05 5.2995e-04 5.5317e-05 2.3801e-01 0.0000e+00
41 0.0000e+00 0.0000e+00 5.6144e-05 4.8203e-04 5.6144e-05 2.3759e-01 0.0000e+00
42 0.0000e+00 0.0000e+00 5.6896e-05 4.3849e-04 5.6896e-05 2.3720e-01 0.0000e+00
43 0.0000e+00 0.0000e+00 5.7578e-05 3.9895e-04 5.7578e-05 2.3686e-01 0.0000e+00
44 0.0000e+00 0.0000e+00 5.8196e-05 3.6303e-04 5.8196e-05 2.3656e-01 0.0000e+00
45 0.0000e+00 3.3800e-05 5.8753e-05 3.3039e-04 5.8753e-05 2.3629e-01 0.0000e+00
46 1.0000e-03 6.5200e-05 6.7198e-05 3.9020e-04 5.9254e-05 2.3596e-01 7.9444e-06
47 0.0000e+00 9.2300e-05 5.9870e-05 3.5066e-04 5.9870e-05 2.3566e-01 0.0000e+00
48 5.0000e-04 1.1300e-04 6.3233e-05 3.4960e-04 6.0416e-05 2.3538e-01 2.8171e-06
49 0.0000e+00 1.2500e-04 6.0965e-05 3.1568e-04 6.0965e-05 2.3512e-01 0.0000e+00
50 1.0000e-03 1.3050e-04 6.7719e-05 3.5731e-04 6.1452e-05 2.3482e-01 6.2677e-06
51 2.5000e-03 1.2500e-04 8.1505e-05 5.4206e-04 6.2023e-05 2.3434e-01 1.9483e-05
52 3.0000e-03 1.1300e-04 8.6599e-05 7.4929e-04 6.2960e-05 2.3366e-01 2.3639e-05
53 2.5000e-03 9.2300e-05 8.3952e-05 8.8761e-04 6.4325e-05 2.3284e-01 1.9627e-05
54 3.0000e-03 6.5200e-05 9.1152e-05 1.0626e-03 6.6001e-05 2.3184e-01 2.5150e-05
55 2.5000e-03 3.1600e-05 9.0516e-05 1.1745e-03 6.8089e-05 2.3073e-01 2.2426e-05
56 2.0000e-03 0.0000e+00 9.0503e-05 1.2332e-03 7.0484e-05 2.2957e-01 2.0019e-05
57 1.0000e-03 0.0000e+00 8.3612e-05 1.1982e-03 7.3093e-05 2.2844e-01 1.0520e-05
58 1.0000e-03 0.0000e+00 8.6228e-05 1.1706e-03 7.5708e-05 2.2735e-01 1.0520e-05
59 0.0000e+00 0.0000e+00 7.8343e-05 1.0509e-03 7.8343e-05 2.2638e-01 0.0000e+00
60 5.0000e-04 0.0000e+00 8.6021e-05 9.9461e-04 8.0761e-05 2.2546e-01 5.2599e-06
61 5.0000e-04 0.0000e+00 8.8360e-05 9.4301e-04 8.3101e-05 2.2460e-01 5.2599e-06
62 0.0000e+00 0.0000e+00 8.5364e-05 8.4783e-04 8.5364e-05 2.2384e-01 0.0000e+00
63 0.0000e+00 0.0000e+00 8.7422e-05 7.6387e-04 8.7422e-05 2.2316e-01 0.0000e+00
64 0.0000e+00 0.0000e+00 8.9290e-05 6.8860e-04 8.9290e-05 2.2256e-01 0.0000e+00
65 0.0000e+00 0.0000e+00 9.0978e-05 6.2099e-04 9.0978e-05 2.2203e-01 0.0000e+00
66 0.0000e+00 0.0000e+00 9.2497e-05 5.6021e-04 9.2497e-05 2.2157e-01 0.0000e+00
67 0.0000e+00 0.0000e+00 9.3859e-05 5.0553e-04 9.3859e-05 2.2116e-01 0.0000e+00
68 0.0000e+00 0.0000e+00 9.5075e-05 4.5630e-04 9.5075e-05 2.2079e-01 0.0000e+00
69 0.0000e+00 4.1400e-05 9.6154e-05 4.1198e-04 9.6154e-05 2.2048e-01 0.0000e+00
70 0.0000e+00 7.9800e-05 9.7108e-05 3.7207e-04 9.7108e-05 2.2020e-01 0.0000e+00
71 0.0000e+00 1.1290e-04 9.7946e-05 3.3611e-04 9.7946e-05 2.1997e-01 0.0000e+00
72 0.0000e+00 1.3830e-04 9.8677e-05 3.0371e-04 9.8677e-05 2.1976e-01 0.0000e+00
73 0.0000e+00 1.5300e-04 9.9312e-05 2.7451e-04 9.9312e-05 2.1959e-01 0.0000e+00
74 0.0000e+00 1.5980e-04 9.9857e-05 2.4819e-04 9.9857e-05 2.1944e-01 0.0000e+00
75 0.0000e+00 1.5300e-04 1.0032e-04 2.2446e-04 1.0032e-04 2.1931e-01 0.0000e+00
76 0.0000e+00 1.3830e-04 1.0071e-04 2.0306e-04 1.0071e-04 2.1921e-01 0.0000e+00
77 0.0000e+00 1.1290e-04 1.0103e-04 1.8376e-04 1.0103e-04 2.1913e-01 0.0000e+00
78 0.0000e+00 7.9800e-05 1.0129e-04 1.6634e-04 1.0129e-04 2.1906e-01 0.0000e+00
79 0.0000e+00 3.8700e-05 1.0150e-04 1.5062e-04 1.0150e-04 2.1901e-01 0.0000e+00
80 0.0000e+00 0.0000e+00 1.0166e-04 1.3643e-04 1.0166e-04 2.1898e-01 0.0000e+00
81 0.0000e+00 0.0000e+00 1.0177e-04 1.2361e-04 1.0177e-04 2.1896e-01 0.0000e+00
82 0.0000e+00 0.0000e+00 1.0184e-04 1.1203e-04 1.0184e-04 2.1895e-01 0.0000e+00
83 0.0000e+00 0.0000e+00 1.0187e-04 1.0157e-04 1.0187e-04 2.1895e-01 0.0000e+00
84 0.0000e+00 0.0000e+00 1.0187e-04 9.2112e-05 1.0187e-04 2.1896e-01 0.0000e+00
85 0.0000e+00 0.0000e+00 1.0184e-04 8.3561e-05 1.0184e-04 2.1897e-01 0.0000e+00
86 0.0000e+00 0.0000e+00 1.0178e-04 7.5828e-05 1.0178e-04 2.1900e-01 0.0000e+00
87 0.0000e+00 0.0000e+00 1.0170e-04 6.8831e-05 1.0170e-04 2.1903e-01 0.0000e+00
88 0.0000e+00 0.0000e+00 1.0159e-04 6.2499e-05 1.0159e-04 2.1907e-01 0.0000e+00
89 0.0000e+00 0.0000e+00 1.0147e-04 5.6766e-05 1.0147e-04 2.1912e-01 0.0000e+00
90 0.0000e+00 0.0000e+00 1.0133e-04 5.1574e-05 1.0133e-04 2.1917e-01 0.0000e+00
91 0.0000e+00 0.0000e+00 1.0117e-04 4.6871e-05 1.0117e-04 2.1922e-01 0.0000e+00
92 0.0000e+00 0.0000e+00 1.0100e-04 4.2610e-05 1.0100e-04 2.1928e-01 0.0000e+00
93 0.0000e+00 1.9100e-05 1.0081e-04 3.8746e-05 1.0081e-04 2.1934e-01 0.0000e+00
94 0.0000e+00 3.6800e-05 1.0062e-04 3.5244e-05 1.0062e-04 2.1941e-01 0.0000e+00
95 0.0000e+00 5.2100e-05 1.0041e-04 3.2067e-05 1.0041e-04 2.1948e-01 0.0000e+00
96 0.0000e+00 6.3800e-05 1.0020e-04 2.9184e-05 1.0020e-04 2.1955e-01 0.0000e+00
97 5.0000e-04 7.0600e-05 9.9977e-05 2.6568e-05 9.9977e-05 2.1962e-01 0.0000e+00
98 5.0000e-04 7.3700e-05 9.9747e-05 2.4192e-05 9.9747e-05 2.1970e-01 0.0000e+00
99 0.0000e+00 7.0600e-05 9.9512e-05 2.2035e-05 9.9512e-05 2.1977e-01 0.0000e+00
100 0.0000e+00 6.3800e-05 9.9272e-05 2.0076e-05 9.9272e-05 2.1985e-01 0.0000e+00
101 0.0000e+00 5.2100e-05 9.9026e-05 1.8296e-05 9.9026e-05 2.1993e-01 0.0000e+00
102 0.0000e+00 3.6800e-05 9.8777e-05 1.6677e-05 9.8777e-05 2.2002e-01 0.0000e+00
103 0.0000e+00 1.7800e-05 9.8524e-05 1.5206e-05 9.8524e-05 2.2010e-01 0.0000e+00
104 0.0000e+00 0.0000e+00 9.8267e-05 1.3868e-05 9.8267e-05 2.2018e-01 0.0000e+00
105 0.0000e+00 0.0000e+00 9.8009e-05 1.2650e-05 9.8009e-05 2.2027e-01 0.0000e+00
106 0.0000e+00 0.0000e+00 9.7747e-05 1.1543e-05 9.7747e-05 2.2035e-01 0.0000e+00
107 0.0000e+00 0.0000e+00 9.7485e-05 1.0535e-05 9.7485e-05 2.2044e-01 0.0000e+00
108 0.0000e+00 0.0000e+00 9.7220e-05 9.6170e-06 9.7220e-05 2.2053e-01 0.0000e+00
109 0.0000e+00 0.0000e+00 9.6954e-05 8.7811e-06 9.6954e-05 2.2062e-01 0.0000e+00
110 0.0000e+00 0.0000e+00 9.6687e-05 8.0198e-06 9.6687e-05 2.2071e-01 0.0000e+00
111 5.0000e-04 0.0000e+00 9.6420e-05 7.3260e-06 9.6420e-05 2.2080e-01 0.0000e+00
112 0.0000e+00 0.0000e+00 9.6152e-05 6.6938e-06 9.6152e-05 2.2088e-01 0.0000e+00
113 0.0000e+00 0.0000e+00 9.5883e-05 6.1175e-06 9.5883e-05 2.2097e-01 0.0000e+00
114 0.0000e+00 0.0000e+00 9.5615e-05 5.5919e-06 9.5615e-05 2.2106e-01 0.0000e+00
115 0.0000e+00 0.0000e+00 9.5346e-05 5.1126e-06 9.5346e-05 2.2115e-01 0.0000e+00
116 0.0000e+00 0.0000e+00 9.5078e-05 4.6754e-06 9.5078e-05 2.2124e-01 0.0000e+00
117 0.0000e+00 1.0200e-05 9.4809e-05 4.2764e-06 9.4809e-05 2.2134e-01 0.0000e+00
118 0.0000e+00 1.9800e-05 9.4542e-05 3.9120e-06 9.4542e-05 2.2143e-01 0.0000e+00
119 0.0000e+00 2.8000e-05 9.4274e-05 3.5797e-06 9.4274e-05 2.2152e-01 0.0000e+00
120 0.0000e+00 3.4200e-05 9.4007e-05 3.2762e-06 9.4007e-05 2.2161e-01 0.0000e+00
121 0.0000e+00 3.7900e-05 9.3741e-05 2.9990e-06 9.3741e-05 2.2170e-01 0.0000e+00
122 0.0000e+00 3.9500e-05 9.3476e-05 2.7458e-06 9.3476e-05 2.2179e-01 0.0000e+00
123 0.0000e+00 3.7900e-05 9.3211e-05 2.5145e-06 9.3211e-05 2.2188e-01 0.0000e+00
124 0.0000e+00 3.4200e-05 9.2947e-05 2.3030e-06 9.2947e-05 2.2197e-01 0.0000e+00
125 0.0000e+00 2.8000e-05 9.2684e-05 2.1098e-06 9.2684e-05 2.2206e-01 0.0000e+00
126 0.0000e+00 1.9800e-05 9.2422e-05 1.9331e-06 9.2422e-05 2.2215e-01 0.0000e+00
127 0.0000e+00 9.6000e-06 9.2161e-05 1.7715e-06 9.2161e-05 2.2224e-01 0.0000e+00
128 0.0000e+00 0.0000e+00 9.1902e-05 1.6237e-06 9.1902e-05 2.2233e-01 0.0000e+00
129 0.0000e+00 0.0000e+00 9.1643e-05 1.4885e-06 9.1643e-05 2.2242e-01 0.0000e+00
130 0.0000e+00 0.0000e+00 9.1385e-05 1.3643e-06 9.1385e-05 2.2251e-01 0.0000e+00
131 0.0000e+00 0.0000e+00 9.1128e-05 1.2512e-06 9.1128e-05 2.2260e-01 0.0000e+00
132 0.0000e+00 0.0000e+00 9.0873e-05 1.1476e-06 9.0873e-05 2.2269e-01 0.0000e+00
133 0.0000e+00 0.0000e+00 9.0618e-05 1.0528e-06 9.0618e-05 2.2278e-01 0.0000e+00
134 0.0000e+00 0.0000e+00 9.0365e-05 9.6596e-07 9.0365e-05 2.2287e-01 0.0000e+00
135 0.0000e+00 0.0000e+00 9.0113e-05 8.8644e-07 9.0113e-05 2.2296e-01 0.0000e+00
136 0.0000e+00 0.0000e+00 8.9862e-05 8.1358e-07 8.9862e-05 2.2305e-01 0.0000e+00
137 0.0000e+00 0.0000e+00 8.9612e-05 7.4684e-07 8.9612e-05 2.2314e-01 0.0000e+00
138 0.0000e+00 0.0000e+00 8.9364e-05 6.8567e-07 8.9364e-05 2.2323e-01 0.0000e+00
139 0.0000e+00 0.0000e+00 8.9116e-05 6.2961e-07 8.9116e-05 2.2332e-01 0.0000e+00
140 0.0000e+00 0.0000e+00 8.8870e-05 5.7823e-07 8.8870e-05 2.2340e-01 0.0000e+00
141 5.0000e-04 4.1400e-05 8.8625e-05 5.3111e-07 8.8625e-05 2.2349e-01 0.0000e+00
142 0.0000e+00 7.9900e-05 8.8382e-05 4.8791e-07 8.8382e-05 2.2358e-01 0.0000e+00
143 0.0000e+00 1.1300e-04 8.8139e-05 4.4748e-07 8.8139e-05 2.2367e-01 0.0000e+00
144 0.0000e+00 1.3840e-04 8.7898e-05 4.1123e-07 8.7898e-05 2.2375e-01 0.0000e+00
145 0.0000e+00 1.5310e-04 8.7658e-05 3.7798e-07 8.7658e-05 2.2384e-01 0.0000e+00
146 0.0000e+00 1.5990e-04 8.7419e-05 3.4746e-07 8.7419e-05 2.2393e-01 0.0000e+00
147 0.0000e+00 1.5310e-04 8.7182e-05 3.1945e-07 8.7182e-05 2.2402e-01 0.0000e+00
148 0.0000e+00 1.3840e-04 8.6945e-05 2.9374e-07 8.6945e-05 2.2410e-01 0.0000e+00
149 0.0000e+00 1.1300e-04 8.6710e-05 2.7013e-07 8.6710e-05 2.2419e-01 0.0000e+00
150 0.0000e+00 7.9900e-05 8.6476e-05 2.4845e-07 8.6476e-05 2.2428e-01 0.0000e+00
151 0.0000e+00 3.8700e-05 8.6244e-05 2.2855e-07 8.6244e-05 2.2436e-01 0.0000e+00
152 0.0000e+00 0.0000e+00 8.6012e-05 2.1026e-07 8.6012e-05 2.2445e-01 0.0000e+00
153 0.0000e+00 0.0000e+00 8.5782e-05 1.9346e-07 8.5782e-05 2.2453e-01 0.0000e+00
154 0.0000e+00 0.0000e+00 8.5553e-05 1.7803e-07 8.5553e-05 2.2462e-01 0.0000e+00
155 0.0000e+00 0.0000e+00 8.5325e-05 1.6256e-07 8.5325e-05 2.2470e-01 0.0000e+00
156 0.0000e+00 0.0000e+00 8.5098e-05 1.4967e-07 8.5098e-05 2.2479e-01 0.0000e+00
157 0.0000e+00 0.0000e+00 8.4872e-05 1.3782e-07 8.4872e-05 2.2487e-01 0.0000e+00
158 0.0000e+00 0.0000e+00 8.4648e-05 1.2692e-07 8.4648e-05 2.2496e-01 0.0000e+00
159 0.0000e+00 0.0000e+00 8.4425e-05 1.1690e-07 8.4425e-05 2.2504e-01 0.0000e+00
160 0.0000e+00 0.0000e+00 8.4203e-05 1.0768e-07 8.4203e-05 2.2513e-01 0.0000e+00
161 0.0000e+00 0.0000e+00 8.3982e-05 9.9201e-08 8.3982e-05 2.2521e-01 0.0000e+00
162 0.0000e+00 0.0000e+00 8.3762e-05 9.1397e-08 8.3762e-05 2.2529e-01 0.0000e+00
163 0.0000e+00 0.0000e+00 8.3543e-05 8.4217e-08 8.3543e-05 2.2538e-01 0.0000e+00
164 0.0000e+00 0.0000e+00 8.3325e-05 7.7610e-08 8.3325e-05 2.2546e-01 0.0000e+00
165 0.0000e+00 1.7800e-05 8.3109e-05 7.1528e-08 8.3109e-05 2.2554e-01 0.0000e+00
166 0.0000e+00 3.4400e-05 8.2893e-05 6.5930e-08 8.2893e-05 2.2563e-01 0.0000e+00
167 0.0000e+00 4.8600e-05 8.2679e-05 6.0776e-08 8.2679e-05 2.2571e-01 0.0000e+00
168 0.0000e+00 5.9500e-05 8.2466e-05 5.4561e-08 8.2466e-05 2.2579e-01 0.0000e+00
169 0.0000e+00 6.5900e-05 8.2254e-05 5.0341e-08 8.2254e-05 2.2587e-01 0.0000e+00
170 0.0000e+00 6.8800e-05 8.2043e-05 4.6451e-08 8.2043e-05 2.2595e-01 0.0000e+00
171 0.0000e+00 6.5900e-05 8.1833e-05 4.2865e-08 8.1833e-05 2.2604e-01 0.0000e+00
172 0.0000e+00 5.9500e-05 8.1624e-05 3.9560e-08 8.1624e-05 2.2612e-01 0.0000e+00
173 0.0000e+00 4.8600e-05 8.1416e-05 3.6513e-08 8.1416e-05 2.2620e-01 0.0000e+00
174 0.0000e+00 3.4400e-05 8.1209e-05 3.3703e-08 8.1209e-05 2.2628e-01 0.0000e+00
175 0.0000e+00 1.6600e-05 8.1004e-05 3.1112e-08 8.1004e-05 2.2636e-01 0.0000e+00
176 0.0000e+00 0.0000e+00 8.0799e-05 2.8723e-08 8.0799e-05 2.2644e-01 0.0000e+00
177 0.0000e+00 0.0000e+00 8.0595e-05 2.6519e-08 8.0595e-05 2.2652e-01 0.0000e+00
178 0.0000e+00 0.0000e+00 8.0393e-05 2.4487e-08 8.0393e-05 2.2660e-01 0.0000e+00
179 0.0000e+00 0.0000e+00 8.0191e-05 2.2612e-08 8.0191e-05 2.2668e-01 0.0000e+00
180 0.0000e+00 0.0000e+00 7.9990e-05 2.0883e-08 7.9990e-05 2.2676e-01 0.0000e+00
181 0.0000e+00 0.0000e+00 7.9791e-05 1.7799e-08 7.9791e-05 2.2684e-01 0.0000e+00
182 0.0000e+00 0.0000e+00 7.9592e-05 1.6463e-08 7.9592e-05 2.2692e-01 0.0000e+00
183 0.0000e+00 0.0000e+00 7.9394e-05 1.5227e-08 7.9394e-05 2.2700e-01 0.0000e+00
184 0.0000e+00 0.0000e+00 7.9198e-05 1.4086e-08 7.9198e-05 2.2708e-01 0.0000e+00
185 0.0000e+00 0.0000e+00 7.9002e-05 1.3031e-08 7.9002e-05 2.2716e-01 0.0000e+00
186 0.0000e+00 0.0000e+00 7.8807e-05 1.2055e-08 7.8807e-05 2.2724e-01 0.0000e+00
187 0.0000e+00 0.0000e+00 7.8613e-05 1.1153e-08 7.8613e-05 2.2732e-01 0.0000e+00
188 0.0000e+00 0.0000e+00 7.8420e-05 1.0320e-08 7.8420e-05 2.2740e-01 0.0000e+00
189 0.0000e+00 4.5600e-05 7.8229e-05 9.5491e-09 7.8229e-05 2.2747e-01 0.0000e+00
190 5.0000e-04 8.7900e-05 7.8038e-05 8.8365e-09 7.8038e-05 2.2755e-01 0.0000e+00
191 0.0000e+00 1.2440e-04 7.7847e-05 8.1776e-09 7.7847e-05 2.2763e-01 0.0000e+00
192 0.0000e+00 1.5230e-04 7.7658e-05 7.5683e-09 7.7658e-05 2.2771e-01 0.0000e+00
193 0.0000e+00 1.6850e-04 7.7470e-05 7.0048e-09 7.7470e-05 2.2779e-01 0.0000e+00
194 0.0000e+00 1.7590e-04 7.7283e-05 5.2618e-09 7.7283e-05 2.2786e-01 0.0000e+00
195 0.0000e+00 1.6850e-04 7.7096e-05 4.8813e-09 7.7096e-05 2.2794e-01 0.0000e+00
196 0.0000e+00 1.5230e-04 7.6911e-05 4.5286e-09 7.6911e-05 2.2802e-01 0.0000e+00
197 0.0000e+00 1.2440e-04 7.6726e-05 4.2015e-09 7.6726e-05 2.2809e-01 0.0000e+00
198 0.0000e+00 8.7900e-05 7.6543e-05 3.8982e-09 7.6543e-05 2.2817e-01 0.0000e+00
199 0.0000e+00 4.2600e-05 7.6360e-05 3.6170e-09 7.6360e-05 2.2825e-01 0.0000e+00
200 0.0000e+00 0.0000e+00 7.6178e-05 3.3562e-09 7.6178e-05 2.2832e-01 0.0000e+00
201 0.0000e+00 0.0000e+00 7.5997e-05 3.1143e-09 7.5997e-05 2.2840e-01 0.0000e+00
202 0.0000e+00 0.0000e+00 7.5816e-05 2.8899e-09 7.5816e-05 2.2847e-01 0.0000e+00
203 0.0000e+00 0.0000e+00 7.5637e-05 2.6819e-09 7.5637e-05 2.2855e-01 0.0000e+00
204 0.0000e+00 0.0000e+00 7.5458e-05 2.4889e-09 7.5458e-05 2.2863e-01 0.0000e+00
205 0.0000e+00 0.0000e+00 7.5281e-05 2.3099e-09 7.5281e-05 2.2870e-01 0.0000e+00
206 0.0000e+00 0.0000e+00 7.5104e-05 2.1439e-09 7.5104e-05 2.2878e-01 0.0000e+00
207 0.0000e+00 0.0000e+00 7.4928e-05 1.2419e-09 7.4928e-05 2.2885e-01 0.0000e+00
208 0.0000e+00 0.0000e+00 7.4752e-05 1.1562e-09 7.4752e-05 2.2893e-01 0.0000e+00
209 0.0000e+00 0.0000e+00 7.4578e-05 1.0764e-09 7.4578e-05 2.2900e-01 0.0000e+00
210 0.0000e+00 0.0000e+00 7.4404e-05 1.0021e-09 7.4404e-05 2.2907e-01 0.0000e+00
211 0.0000e+00 0.0000e+00 7.4232e-05 9.3299e-10 7.4232e-05 2.2915e-01 0.0000e+00
212 0.0000e+00 0.0000e+00 7.4060e-05 8.6866e-10 7.4060e-05 2.2922e-01 0.0000e+00
213 0.0000e+00 4.9000e-05 7.3888e-05 8.0879e-10 7.3888e-05 2.2930e-01 0.0000e+00
214 0.0000e+00 9.4600e-05 7.3718e-05 7.5307e-10 7.3718e-05 2.2937e-01 0.0000e+00
215 0.0000e+00 1.3380e-04 7.3548e-05 7.0121e-10 7.3548e-05 2.2944e-01 0.0000e+00
216 0.0000e+00 1.6380e-04 7.3380e-05 6.5294e-10 7.3380e-05 2.2952e-01 0.0000e+00
217 0.0000e+00 1.8130e-04 7.3211e-05 6.0801e-10 7.3211e-05 2.2959e-01 0.0000e+00
218 0.0000e+00 1.8920e-04 7.3044e-05 5.6618e-10 7.3044e-05 2.2966e-01 0.0000e+00
219 0.0000e+00 1.8130e-04 7.2878e-05 5.2725e-10 7.2878e-05 2.2974e-01 0.0000e+00
220 0.0000e+00 1.6380e-04 7.2712e-05 1.7899e-10 7.2712e-05 2.2981e-01 0.0000e+00
221 0.0000e+00 1.3380e-04 7.2547e-05 1.6729e-10 7.2547e-05 2.2988e-01 0.0000e+00
222 0.0000e+00 9.4600e-05 7.2383e-05 1.5636e-10 7.2383e-05 2.2995e-01 0.0000e+00
223 0.0000e+00 4.5800e-05 7.2219e-05 1.4615e-10 7.2219e-05 2.3003e-01 0.0000e+00
224 0.0000e+00 0.0000e+00 7.2056e-05 1.3661e-10 7.2056e-05 2.3010e-01 0.0000e+00
225 0.0000e+00 0.0000e+00 7.1894e-05 1.2769e-10 7.1894e-05 2.3017e-01 0.0000e+00
226 0.0000e+00 0.0000e+00 7.1733e-05 1.1936e-10 7.1733e-05 2.3024e-01 0.0000e+00
227 0.0000e+00 0.0000e+00 7.1572e-05 1.1157e-10 7.1572e-05 2.3031e-01 0.0000e+00
228 0.0000e+00 0.0000e+00 7.1412e-05 1.0429e-10 7.1412e-05 2.3039e-01 0.0000e+00
229 0.0000e+00 0.0000e+00 7.1253e-05 9.7491e-11 7.1253e-05 2.3046e-01 0.0000e+00
230 0.0000e+00 0.0000e+00 7.1095e-05 9.1136e-11 7.1095e-05 2.3053e-01 0.0000e+00
231 0.0000e+00 0.0000e+00 7.0937e-05 8.5196e-11 7.0937e-05 2.3060e-01 0.0000e+00
232 0.0000e+00 0.0000e+00 7.0780e-05 7.9645e-11 7.0780e-05 2.3067e-01 0.0000e+00
233 0.0000e+00 0.0000e+00 7.0623e-05 1.0820e-11 7.0623e-05 2.3074e-01 0.0000e+00
234 0.0000e+00 0.0000e+00 7.0468e-05 1.0153e-11 7.0468e-05 2.3081e-01 0.0000e+00
235 0.0000e+00 0.0000e+00 7.0313e-05 9.5275e-12 7.0313e-05 2.3088e-01 0.0000e+00
236 0.0000e+00 0.0000e+00 7.0158e-05 8.9408e-12 7.0158e-05 2.3095e-01 0.0000e+00
237 0.0000e+00 5.1700e-05 7.0005e-05 8.3903e-12 7.0005e-05 2.3102e-01 0.0000e+00
238 0.0000e+00 9.9800e-05 6.9852e-05 7.8738e-12 6.9852e-05 2.3109e-01 0.0000e+00
239 0.0000e+00 1.4120e-04 6.9699e-05 7.3892e-12 6.9699e-05 2.3116e-01 0.0000e+00
240 0.0000e+00 1.7290e-04 6.9548e-05 6.9346e-12 6.9548e-05 2.3123e-01 0.0000e+00
241 5.0000e-04 1.9130e-04 6.9397e-05 6.5080e-12 6.9397e-05 2.3130e-01 0.0000e+00
242 1.0000e-03 1.9970e-04 6.9246e-05 6.1077e-12 6.9246e-05 2.3137e-01 0.0000e+00
243 0.0000e+00 1.9130e-04 6.9097e-05 5.7322e-12 6.9097e-05 2.3144e-01 0.0000e+00
244 0.0000e+00 1.7290e-04 6.8948e-05 5.3798e-12 6.8948e-05 2.3151e-01 0.0000e+00
245 0.0000e+00 1.4120e-04 6.8799e-05 5.0491e-12 6.8799e-05 2.3158e-01 0.0000e+00
246 0.0000e+00 9.9800e-05 6.8652e-05 4.7389e-12 6.8652e-05 2.3164e-01 0.0000e+00
247 0.0000e+00 4.8300e-05 6.8504e-05 0.0000e+00 6.8504e-05 2.3171e-01 0.0000e+00
248 0.0000e+00 0.0000e+00 6.8358e-05 0.0000e+00 6.8358e-05 2.3178e-01 0.0000e+00
249 0.0000e+00 0.0000e+00 6.8212e-05 0.0000e+00 6.8212e-05 2.3185e-01 0.0000e+00
250 0.0000e+00 0.0000e+00 6.8067e-05 0.0000e+00 6.8067e-05 2.3192e-01 0.0000e+00
251 0.0000e+00 0.0000e+00 6.7922e-05 0.0000e+00 6.7922e-05 2.3199e-01 0.0000e+00
252 0.0000e+00 0.0000e+00 6.7778e-05 0.0000e+00 6.7778e-05 2.3205e-01 0.0000e+00
253 1.0000e-03 0.0000e+00 6.7635e-05 0.0000e+00 6.7635e-05 2.3212e-01 0.0000e+00
254 0.0000e+00 0.0000e+00 6.7492e-05 0.0000e+00 6.7492e-05 2.3219e-01 0.0000e+00
255 0.0000e+00 0.0000e+00 6.7350e-05 0.0000e+00 6.7350e-05 2.3226e-01 0.0000e+00
256 0.0000e+00 0.0000e+00 6.7208e-05 0.0000e+00 6.7208e-05 2.3232e-01 0.0000e+00
257 0.0000e+00 0.0000e+00 6.7067e-05 0.0000e+00 6.7067e-05 2.3239e-01 0.0000e+00
258 0.0000e+00 0.0000e+00 6.6927e-05 0.0000e+00 6.6927e-05 2.3246e-01 0.0000e+00
259 0.0000e+00 0.0000e+00 6.6787e-05 0.0000e+00 6.6787e-05 2.3252e-01 0.0000e+00
260 0.0000e+00 0.0000e+00 6.6648e-05 0.0000e+00 6.6648e-05 2.3259e-01 0.0000e+00
261 0.0000e+00 7.5200e-05 6.6509e-05 0.0000e+00 6.6509e-05 2.3266e-01 0.0000e+00
262 1.0000e-03 1.4510e-04 6.6371e-05 0.0000e+00 6.6371e-05 2.3272e-01 0.0000e+00
263 0.0000e+00 2.0520e-04 6.6233e-05 0.0000e+00 6.6233e-05 2.3279e-01 0.0000e+00
264 0.0000e+00 2.5130e-04 6.6096e-05 0.0000e+00 6.6096e-05 2.3286e-01 0.0000e+00
265 0.0000e+00 2.7800e-04 6.5960e-05 0.0000e+00 6.5960e-05 2.3292e-01 0.0000e+00
266 0.0000e+00 2.9030e-04 6.5824e-05 0.0000e+00 6.5824e-05 2.3299e-01 0.0000e+00
267 0.0000e+00 2.7800e-04 6.5689e-05 0.0000e+00 6.5689e-05 2.3305e-01 0.0000e+00
268 0.0000e+00 2.5130e-04 6.5554e-05 0.0000e+00 6.5554e-05 2.3312e-01 0.0000e+00
269 0.0000e+00 2.0520e-04 6.5420e-05 0.0000e+00 6.5420e-05 2.3318e-01 0.0000e+00
270 0.0000e+00 1.4510e-04 6.5287e-05 0.0000e+00 6.5287e-05 2.3325e-01 0.0000e+00
271 0.0000e+00 7.0200e-05 6.5153e-05 0.0000e+00 6.5153e-05 2.3331e-01 0.0000e+00
272 0.0000e+00 0.0000e+00 6.5021e-05 0.0000e+00 6.5021e-05 2.3338e-01 0.0000e+00
273 0.0000e+00 0.0000e+00 6.4889e-05 0.0000e+00 6.4889e-05 2.3344e-01 0.0000e+00
274 0.0000e+00 0.0000e+00 6.4758e-05 0.0000e+00 6.4758e-05 2.3351e-01 0.0000e+00
275 0.0000e+00 0.0000e+00 6.4627e-05 0.0000e+00 6.4627e-05 2.3357e-01 0.0000e+00
276 0.0000e+00 0.0000e+00 6.4496e-05 0.0000e+00 6.4496e-05 2.3364e-01 0.0000e+00
277 0.0000e+00 0.0000e+00 6.4366e-05 0.0000e+00 6.4366e-05 2.3370e-01 0.0000e+00
278 0.0000e+00 0.0000e+00 6.4237e-05 0.0000e+00 6.4237e-05 2.3377e-01 0.0000e+00
279 0.0000e+00 0.0000e+00 6.4108e-05 0.0000e+00 6.4108e-05 2.3383e-01 0.0000e+00
280 0.0000e+00 0.0000e+00 6.3980e-05 0.0000e+00 6.3980e-05 2.3389e-01 0.0000e+00
281 0.0000e+00 0.0000e+00 6.3852e-05 0.0000e+00 6.3852e-05 2.3396e-01 0.0000e+00
282 0.0000e+00 0.0000e+00 6.3725e-05 0.0000e+00 6.3725e-05 2.3402e-01 0.0000e+00
283 1.0000e-03 0.0000e+00 6.3598e-05 0.0000e+00 6.3598e-05 2.3409e-01 0.0000e+00
284 5.0000e-04 0.0000e+00 6.3472e-05 0.0000e+00 6.3472e-05 2.3415e-01 0.0000e+00
285 2.5000e-03 2.4400e-05 6.4665e-05 1.5057e-05 6.3346e-05 2.3420e-01 1.3194e-06
286 6.0000e-03 4.7000e-05 1.1760e-04 5.6908e-04 6.3250e-05 2.3369e-01 5.4347e-05
287 4.0000e-03 6.6500e-05 9.8470e-05 8.6107e-04 6.4258e-05 2.3289e-01 3.4212e-05
288 1.5000e-03 8.1400e-05 7.7665e-05 8.9040e-04 6.5878e-05 2.3207e-01 1.1787e-05
289 0.0000e+00 9.0100e-05 6.7598e-05 7.9019e-04 6.7598e-05 2.3135e-01 0.0000e+00
290 0.0000e+00 9.4000e-05 6.9142e-05 7.0783e-04 6.9142e-05 2.3071e-01 0.0000e+00
291 5.0000e-04 9.0100e-05 7.2467e-05 6.5811e-04 7.0536e-05 2.3012e-01 1.9320e-06
292 0.0000e+00 8.1400e-05 7.1843e-05 5.9062e-04 7.1843e-05 2.2960e-01 0.0000e+00
293 0.0000e+00 6.6500e-05 7.3017e-05 5.3146e-04 7.3017e-05 2.2914e-01 0.0000e+00
294 1.5000e-03 4.7000e-05 8.7350e-05 5.9859e-04 7.4070e-05 2.2862e-01 1.3280e-05
295 1.0000e-03 2.2800e-05 8.5320e-05 6.2563e-04 7.5295e-05 2.2807e-01 1.0025e-05
296 0.0000e+00 0.0000e+00 7.6601e-05 5.5940e-04 7.6601e-05 2.2759e-01 0.0000e+00
297 0.0000e+00 0.0000e+00 7.7765e-05 5.0296e-04 7.7765e-05 2.2716e-01 0.0000e+00
298 0.0000e+00 0.0000e+00 7.8805e-05 4.5278e-04 7.8805e-05 2.2679e-01 0.0000e+00
299 0.0000e+00 0.0000e+00 7.9732e-05 4.0799e-04 7.9732e-05 2.2646e-01 0.0000e+00
300 0.0000e+00 0.0000e+00 8.0554e-05 3.6791e-04 8.0554e-05 2.2617e-01 0.0000e+00
301 0.0000e+00 0.0000e+00 8.1280e-05 3.3198e-04 8.1280e-05 2.2592e-01 0.0000e+00
302 0.0000e+00 0.0000e+00 8.1920e-05 2.9972e-04 8.1920e-05 2.2570e-01 0.0000e+00
303 0.0000e+00 0.0000e+00 8.2479e-05 2.7072e-04 8.2479e-05 2.2552e-01 0.0000e+00
304 0.0000e+00 0.0000e+00 8.2966e-05 2.4465e-04 8.2966e-05 2.2535e-01 0.0000e+00
305 0.0000e+00 0.0000e+00 8.3386e-05 2.2118e-04 8.3386e-05 2.2522e-01 0.0000e+00
306 0.0000e+00 0.0000e+00 8.3746e-05 2.0005e-04 8.3746e-05 2.2510e-01 0.0000e+00
307 0.0000e+00 0.0000e+00 8.4051e-05 1.8100e-04 8.4051e-05 2.2500e-01 0.0000e+00
308 0.0000e+00 0.0000e+00 8.4306e-05 1.6384e-04 8.4306e-05 2.2492e-01 0.0000e+00
309 0.0000e+00 2.8800e-05 8.4516e-05 1.4836e-04 8.4516e-05 2.2486e-01 0.0000e+00
310 5.0000e-04 5.5500e-05 8.9402e-05 1.7808e-04 8.4684e-05 2.2477e-01 4.7172e-06
311 0.0000e+00 7.8500e-05 8.4932e-05 1.5906e-04 8.4932e-05 2.2469e-01 0.0000e+00
312 0.0000e+00 9.6200e-05 8.5129e-05 1.4333e-04 8.5129e-05 2.2463e-01 0.0000e+00
313 0.0000e+00 1.0640e-04 8.5284e-05 1.2936e-04 8.5284e-05 2.2459e-01 0.0000e+00
314 0.0000e+00 1.1110e-04 8.5401e-05 1.1688e-04 8.5401e-05 2.2456e-01 0.0000e+00
315 0.0000e+00 1.0640e-04 8.5485e-05 1.0570e-04 8.5485e-05 2.2454e-01 0.0000e+00
316 0.0000e+00 9.6200e-05 8.5539e-05 9.5658e-05 8.5539e-05 2.2453e-01 0.0000e+00
317 5.0000e-04 7.8500e-05 8.5567e-05 8.6621e-05 8.5567e-05 2.2453e-01 0.0000e+00
318 1.0000e-03 5.5500e-05 9.3722e-05 1.5415e-04 8.5569e-05 2.2446e-01 8.1531e-06
319 5.0000e-04 2.6900e-05 9.0429e-05 1.7906e-04 8.5753e-05 2.2436e-01 4.6760e-06
320 0.0000e+00 0.0000e+00 8.6003e-05 1.5849e-04 8.6003e-05 2.2429e-01 0.0000e+00
321 0.0000e+00 0.0000e+00 8.6198e-05 1.4179e-04 8.6198e-05 2.2424e-01 0.0000e+00
322 1.0000e-03 0.0000e+00 9.6585e-05 2.2238e-04 8.6348e-05 2.2410e-01 1.0237e-05
323 1.0000e-03 0.0000e+00 9.7236e-05 2.9339e-04 8.6716e-05 2.2389e-01 1.0520e-05
324 0.0000e+00 0.0000e+00 8.7278e-05 2.5811e-04 8.7278e-05 2.2372e-01 0.0000e+00
325 0.0000e+00 0.0000e+00 8.7745e-05 2.3016e-04 8.7745e-05 2.2358e-01 0.0000e+00
326 0.0000e+00 0.0000e+00 8.8136e-05 2.0589e-04 8.8136e-05 2.2346e-01 0.0000e+00
327 0.0000e+00 0.0000e+00 8.8461e-05 1.8457e-04 8.8461e-05 2.2337e-01 0.0000e+00
328 0.0000e+00 0.0000e+00 8.8727e-05 1.6572e-04 8.8727e-05 2.2329e-01 0.0000e+00
329 0.0000e+00 0.0000e+00 8.8941e-05 1.4899e-04 8.8941e-05 2.2323e-01 0.0000e+00
330 0.0000e+00 0.0000e+00 8.9108e-05 1.3409e-04 8.9108e-05 2.2318e-01 0.0000e+00
331 0.0000e+00 0.0000e+00 8.9234e-05 1.2078e-04 8.9234e-05 2.2315e-01 0.0000e+00
332 0.0000e+00 0.0000e+00 8.9322e-05 1.0888e-04 8.9322e-05 2.2313e-01 0.0000e+00
333 0.0000e+00 1.1200e-05 8.9376e-05 9.8229e-05 8.9376e-05 2.2312e-01 0.0000e+00
334 0.0000e+00 2.1600e-05 8.9401e-05 8.8676e-05 8.9401e-05 2.2313e-01 0.0000e+00
335 0.0000e+00 3.0600e-05 8.9399e-05 8.0102e-05 8.9399e-05 2.2313e-01 0.0000e+00
336 0.0000e+00 3.7400e-05 8.9373e-05 7.2399e-05 8.9373e-05 2.2315e-01 0.0000e+00
337 0.0000e+00 4.1400e-05 8.9326e-05 6.5472e-05 8.9326e-05 2.2318e-01 0.0000e+00
338 5.0000e-04 4.3200e-05 9.3025e-05 9.4480e-05 8.9259e-05 2.2317e-01 3.7656e-06
339 5.0000e-04 4.1400e-05 9.4079e-05 1.2856e-04 8.9274e-05 2.2313e-01 4.8054e-06
340 1.5000e-03 3.7400e-05 1.0473e-04 2.5687e-04 8.9383e-05 2.2296e-01 1.5344e-05
341 1.5000e-03 3.0600e-05 1.0524e-04 3.6760e-04 8.9852e-05 2.2269e-01 1.5386e-05
342 1.0000e-03 2.1600e-05 1.0083e-04 4.1708e-04 9.0636e-05 2.2236e-01 1.0198e-05
343 5.0000e-04 1.0500e-05 9.6598e-05 4.1445e-04 9.1565e-05 2.2204e-01 5.0327e-06
344 1.0000e-03 0.0000e+00 1.0290e-04 4.6513e-04 9.2494e-05 2.2166e-01 1.0409e-05
345 5.0000e-04 0.0000e+00 9.8837e-05 4.6051e-04 9.3577e-05 2.2130e-01 5.2599e-06
346 0.0000e+00 0.0000e+00 9.4656e-05 4.0858e-04 9.4656e-05 2.2098e-01 0.0000e+00
347 0.0000e+00 0.0000e+00 9.5589e-05 3.6472e-04 9.5589e-05 2.2071e-01 0.0000e+00
348 0.0000e+00 0.0000e+00 9.6397e-05 3.2628e-04 9.6397e-05 2.2048e-01 0.0000e+00
349 0.0000e+00 0.0000e+00 9.7092e-05 2.9234e-04 9.7092e-05 2.2029e-01 0.0000e+00
350 0.0000e+00 0.0000e+00 9.7686e-05 2.6224e-04 9.7686e-05 2.2012e-01 0.0000e+00
351 0.0000e+00 0.0000e+00 9.8189e-05 2.3547e-04 9.8189e-05 2.1999e-01 0.0000e+00
352 0.0000e+00 0.0000e+00 9.8611e-05 2.1161e-04 9.8611e-05 2.1987e-01 0.0000e+00
353 5.0000e-04 0.0000e+00 1.0422e-04 2.4059e-04 9.8960e-05 2.1973e-01 5.2599e-06
354 0.0000e+00 0.0000e+00 9.9399e-05 2.1383e-04 9.9399e-05 2.1962e-01 0.0000e+00
355 0.0000e+00 0.0000e+00 9.9755e-05 1.9167e-04 9.9755e-05 2.1953e-01 0.0000e+00
356 0.0000e+00 0.0000e+00 1.0004e-04 1.7212e-04 1.0004e-04 2.1945e-01 0.0000e+00
357 0.0000e+00 7.2300e-05 1.0027e-04 1.5476e-04 1.0027e-04 2.1940e-01 0.0000e+00
358 0.0000e+00 1.3960e-04 1.0044e-04 1.3928e-04 1.0044e-04 2.1936e-01 0.0000e+00
359 0.0000e+00 1.9750e-04 1.0056e-04 1.2545e-04 1.0056e-04 2.1934e-01 0.0000e+00
360 0.0000e+00 2.4180e-04 1.0064e-04 1.1307e-04 1.0064e-04 2.1932e-01 0.0000e+00
361 0.0000e+00 2.6750e-04 1.0068e-04 1.0198e-04 1.0068e-04 2.1932e-01 0.0000e+00
362 0.0000e+00 2.7930e-04 1.0068e-04 9.2026e-05 1.0068e-04 2.1933e-01 0.0000e+00
363 0.0000e+00 2.6750e-04 1.0065e-04 8.3093e-05 1.0065e-04 2.1935e-01 0.0000e+00
364 0.0000e+00 2.4180e-04 1.0060e-04 7.5066e-05 1.0060e-04 2.1937e-01 0.0000e+00
365 0.0000e+00 1.9750e-04 1.0052e-04 6.7847e-05 1.0052e-04 2.1941e-01 0.0000e+00
366 0.0000e+00 1.3960e-04 1.0042e-04 6.1352e-05 1.0042e-04 2.1945e-01 0.0000e+00
367 0.0000e+00 6.7600e-05 1.0029e-04 5.5505e-05 1.0029e-04 2.1949e-01 0.0000e+00
368 0.0000e+00 0.0000e+00 1.0015e-04 5.0236e-05 1.0015e-04 2.1954e-01 0.0000e+00
369 0.0000e+00 0.0000e+00 9.9998e-05 4.5487e-05 9.9998e-05 2.1959e-01 0.0000e+00
370 0.0000e+00 0.0000e+00 9.9828e-05 4.1204e-05 9.9828e-05 2.1965e-01 0.0000e+00
371 0.0000e+00 0.0000e+00 9.9645e-05 3.7340e-05 9.9645e-05 2.1972e-01 0.0000e+00
372 0.0000e+00 0.0000e+00 9.9451e-05 3.3851e-05 9.9451e-05 2.1978e-01 0.0000e+00
373 5.0000e-04 0.0000e+00 9.9248e-05 3.0700e-05 9.9248e-05 2.1985e-01 0.0000e+00
374 7.5000e-03 0.0000e+00 1.6139e-04 6.2392e-04 9.9035e-05 2.1932e-01 6.2356e-05
375 4.5000e-03 0.0000e+00 1.4801e-04 9.8454e-04 1.0067e-04 2.1844e-01 4.7339e-05
376 2.5000e-03 0.0000e+00 1.2979e-04 1.1076e-03 1.0349e-04 2.1744e-01 2.6299e-05
377 5.0000e-04 0.0000e+00 1.1205e-04 1.0226e-03 1.0679e-04 2.1652e-01 5.2599e-06
378 0.0000e+00 0.0000e+00 1.0989e-04 9.0550e-04 1.0989e-04 2.1573e-01 0.0000e+00
379 0.0000e+00 0.0000e+00 1.1266e-04 8.0575e-04 1.1266e-04 2.1503e-01 0.0000e+00
380 0.0000e+00 0.0000e+00 1.1513e-04 7.1847e-04 1.1513e-04 2.1443e-01 0.0000e+00
381 0.0000e+00 1.7400e-05 1.1732e-04 6.4150e-04 1.1732e-04 2.1390e-01 0.0000e+00
382 0.0000e+00 3.3600e-05 1.1925e-04 5.7334e-04 1.1925e-04 2.1345e-01 0.0000e+00
383 1.0000e-03 4.7500e-05 1.3094e-04 6.1255e-04 1.2096e-04 2.1296e-01 9.9834e-06
384 1.0000e-03 5.8200e-05 1.3285e-04 6.4282e-04 1.2283e-04 2.1244e-01 1.0020e-05
385 0.0000e+00 6.4300e-05 1.2484e-04 5.6805e-04 1.2484e-04 2.1200e-01 0.0000e+00
386 5.0000e-04 6.7200e-05 1.3056e-04 5.4661e-04 1.2658e-04 2.1158e-01 3.9720e-06
387 0.0000e+00 6.4300e-05 1.2826e-04 4.8582e-04 1.2826e-04 2.1122e-01 0.0000e+00
388 0.0000e+00 5.8200e-05 1.2970e-04 4.3389e-04 1.2970e-04 2.1091e-01 0.0000e+00
389 0.0000e+00 4.7500e-05 1.3094e-04 3.8801e-04 1.3094e-04 2.1066e-01 0.0000e+00
390 5.0000e-04 3.3600e-05 1.3476e-04 3.7554e-04 1.3199e-04 2.1041e-01 2.7690e-06
391 0.0000e+00 1.6300e-05 1.3300e-04 3.3438e-04 1.3300e-04 2.1021e-01 0.0000e+00
392 5.0000e-04 0.0000e+00 1.3930e-04 3.4688e-04 1.3384e-04 2.1000e-01 5.4603e-06
393 5.0000e-04 0.0000e+00 1.4117e-04 3.6059e-04 1.3473e-04 2.0977e-01 6.4374e-06
394 0.0000e+00 0.0000e+00 1.3569e-04 3.1951e-04 1.3569e-04 2.0959e-01 0.0000e+00
395 0.0000e+00 0.0000e+00 1.3647e-04 2.8508e-04 1.3647e-04 2.0944e-01 0.0000e+00
396 0.0000e+00 0.0000e+00 1.3711e-04 2.5479e-04 1.3711e-04 2.0932e-01 0.0000e+00
397 0.0000e+00 0.0000e+00 1.3761e-04 2.2800e-04 1.3761e-04 2.0923e-01 0.0000e+00
398 0.0000e+00 0.0000e+00 1.3800e-04 2.0423e-04 1.3800e-04 2.0917e-01 0.0000e+00
399 0.0000e+00 0.0000e+00 1.3829e-04 1.8310e-04 1.3829e-04 2.0912e-01 0.0000e+00
400 0.0000e+00 0.0000e+00 1.3848e-04 1.6428e-04 1.3848e-04 2.0910e-01 0.0000e+00
401 0.0000e+00 0.0000e+00 1.3859e-04 1.4749e-04 1.3859e-04 2.0909e-01 0.0000e+00
402 1.0000e-03 0.0000e+00 1.5150e-04 2.3852e-04 1.3863e-04 2.0899e-01 1.2875e-05
403 0.0000e+00 0.0000e+00 1.3906e-04 2.0794e-04 1.3906e-04 2.0892e-01 0.0000e+00
404 0.0000e+00 0.0000e+00 1.3936e-04 1.8474e-04 1.3936e-04 2.0887e-01 0.0000e+00
405 5.0000e-04 2.4600e-05 1.4600e-04 2.1767e-04 1.3956e-04 2.0879e-01 6.4374e-06
406 5.0000e-04 4.7400e-05 1.4602e-04 2.4190e-04 1.3990e-04 2.0869e-01 6.1207e-06
407 0.0000e+00 6.7100e-05 1.4035e-04 2.1254e-04 1.4035e-04 2.0862e-01 0.0000e+00
408 5.0000e-04 8.2200e-05 1.4563e-04 2.2971e-04 1.4067e-04 2.0853e-01 4.9640e-06
409 0.0000e+00 9.0900e-05 1.4106e-04 2.0232e-04 1.4106e-04 2.0847e-01 0.0000e+00
410 0.0000e+00 9.5000e-05 1.4133e-04 1.7981e-04 1.4133e-04 2.0843e-01 0.0000e+00
411 0.0000e+00 9.0900e-05 1.4150e-04 1.6017e-04 1.4150e-04 2.0841e-01 0.0000e+00
412 0.0000e+00 8.2200e-05 1.4158e-04 1.4292e-04 1.4158e-04 2.0841e-01 0.0000e+00
413 0.0000e+00 6.7100e-05 1.4159e-04 1.2771e-04 1.4159e-04 2.0843e-01 0.0000e+00
414 0.0000e+00 4.7400e-05 1.4153e-04 1.1424e-04 1.4153e-04 2.0845e-01 0.0000e+00
415 0.0000e+00 2.3000e-05 1.4140e-04 1.0231e-04 1.4140e-04 2.0849e-01 0.0000e+00
416 0.0000e+00 0.0000e+00 1.4123e-04 9.1697e-05 1.4123e-04 2.0854e-01 0.0000e+00
417 0.0000e+00 0.0000e+00 1.4101e-04 8.2257e-05 1.4101e-04 2.0860e-01 0.0000e+00
418 0.0000e+00 0.0000e+00 1.4075e-04 7.3844e-05 1.4075e-04 2.0867e-01 0.0000e+00
419 0.0000e+00 0.0000e+00 1.4046e-04 6.6339e-05 1.4046e-04 2.0874e-01 0.0000e+00
420 0.0000e+00 0.0000e+00 1.4014e-04 5.9636e-05 1.4014e-04 2.0882e-01 0.0000e+00
421 0.0000e+00 0.0000e+00 1.3978e-04 5.3644e-05 1.3978e-04 2.0891e-01 0.0000e+00
422 0.0000e+00 0.0000e+00 1.3941e-04 4.8284e-05 1.3941e-04 2.0900e-01 0.0000e+00
423 0.0000e+00 0.0000e+00 1.3901e-04 4.3484e-05 1.3901e-04 2.0909e-01 0.0000e+00
424 0.0000e+00 0.0000e+00 1.3860e-04 3.9183e-05 1.3860e-04 2.0919e-01 0.0000e+00
425 0.0000e+00 0.0000e+00 1.3817e-04 3.5327e-05 1.3817e-04 2.0930e-01 0.0000e+00
426 0.0000e+00 0.0000e+00 1.3772e-04 3.1866e-05 1.3772e-04 2.0940e-01 0.0000e+00
427 5.0000e-04 0.0000e+00 1.3727e-04 2.8758e-05 1.3727e-04 2.0951e-01 0.0000e+00
428 2.0000e-03 0.0000e+00 1.6158e-04 2.2939e-04 1.3680e-04 2.0942e-01 2.4773e-05
429 3.0000e-03 3.2600e-05 1.7583e-04 5.1125e-04 1.3720e-04 2.0904e-01 3.8624e-05
430 2.0000e-03 6.2900e-05 1.6414e-04 6.4536e-04 1.3881e-04 2.0854e-01 2.5330e-05
431 1.0000e-03 8.9000e-05 1.5309e-04 6.5859e-04 1.4103e-04 2.0802e-01 1.2065e-05
432 0.0000e+00 1.0900e-04 1.4333e-04 5.7564e-04 1.4333e-04 2.0759e-01 0.0000e+00
433 5.0000e-04 1.2060e-04 1.4917e-04 5.4006e-04 1.4528e-04 2.0719e-01 3.8907e-06
434 0.0000e+00 1.2590e-04 1.4708e-04 4.7626e-04 1.4708e-04 2.0686e-01 0.0000e+00
435 0.0000e+00 1.2060e-04 1.4860e-04 4.2189e-04 1.4860e-04 2.0659e-01 0.0000e+00
436 0.0000e+00 1.0900e-04 1.4988e-04 3.7443e-04 1.4988e-04 2.0637e-01 0.0000e+00
437 3.5000e-03 8.9000e-05 1.8989e-04 6.5938e-04 1.5093e-04 2.0586e-01 3.8954e-05
438 0.0000e+00 6.2900e-05 1.5335e-04 5.6962e-04 1.5335e-04 2.0544e-01 0.0000e+00
439 0.0000e+00 3.0500e-05 1.5536e-04 5.0252e-04 1.5536e-04 2.0509e-01 0.0000e+00
440 0.0000e+00 0.0000e+00 1.5705e-04 4.4476e-04 1.5705e-04 2.0481e-01 0.0000e+00
441 0.0000e+00 0.0000e+00 1.5847e-04 3.9453e-04 1.5847e-04 2.0457e-01 0.0000e+00
442 0.0000e+00 0.0000e+00 1.5964e-04 3.5055e-04 1.5964e-04 2.0438e-01 0.0000e+00
443 0.0000e+00 0.0000e+00 1.6060e-04 3.1189e-04 1.6060e-04 2.0423e-01 0.0000e+00
444 5.0000e-04 0.0000e+00 1.6545e-04 3.1260e-04 1.6136e-04 2.0408e-01 4.0917e-06
445 0.0000e+00 0.0000e+00 1.6212e-04 2.7661e-04 1.6212e-04 2.0396e-01 0.0000e+00
446 0.0000e+00 0.0000e+00 1.6271e-04 2.4615e-04 1.6271e-04 2.0388e-01 0.0000e+00
447 0.0000e+00 0.0000e+00 1.6313e-04 2.1936e-04 1.6313e-04 2.0382e-01 0.0000e+00
448 0.0000e+00 0.0000e+00 1.6342e-04 1.9572e-04 1.6342e-04 2.0379e-01 0.0000e+00
449 0.0000e+00 0.0000e+00 1.6358e-04 1.7479e-04 1.6358e-04 2.0378e-01 0.0000e+00
450 0.0000e+00 0.0000e+00 1.6364e-04 1.5623e-04 1.6364e-04 2.0379e-01 0.0000e+00
451 0.0000e+00 0.0000e+00 1.6360e-04 1.3975e-04 1.6360e-04 2.0381e-01 0.0000e+00
452 5.0000e-04 0.0000e+00 1.6992e-04 1.8001e-04 1.6348e-04 2.0379e-01 6.4374e-06
453 0.0000e+00 2.2400e-05 1.6356e-04 1.5760e-04 1.6356e-04 2.0380e-01 0.0000e+00
454 0.0000e+00 4.3300e-05 1.6353e-04 1.3995e-04 1.6353e-04 2.0382e-01 0.0000e+00
455 0.0000e+00 6.1200e-05 1.6341e-04 1.2462e-04 1.6341e-04 2.0386e-01 0.0000e+00
456 0.0000e+00 7.5000e-05 1.6322e-04 1.1118e-04 1.6322e-04 2.0391e-01 0.0000e+00
457 0.0000e+00 8.3000e-05 1.6295e-04 9.9323e-05 1.6295e-04 2.0398e-01 0.0000e+00
458 0.0000e+00 8.6600e-05 1.6263e-04 8.8834e-05 1.6263e-04 2.0405e-01 0.0000e+00
459 0.0000e+00 8.3000e-05 1.6225e-04 7.9530e-05 1.6225e-04 2.0413e-01 0.0000e+00
460 0.0000e+00 7.5000e-05 1.6183e-04 7.1262e-05 1.6183e-04 2.0423e-01 0.0000e+00
461 0.0000e+00 6.1200e-05 1.6138e-04 6.3904e-05 1.6138e-04 2.0432e-01 0.0000e+00
462 0.0000e+00 4.3300e-05 1.6088e-04 5.7346e-05 1.6088e-04 2.0443e-01 0.0000e+00
463 0.0000e+00 2.1000e-05 1.6036e-04 5.1497e-05 1.6036e-04 2.0454e-01 0.0000e+00
464 0.0000e+00 0.0000e+00 1.5982e-04 4.6274e-05 1.5982e-04 2.0465e-01 0.0000e+00
465 1.0000e-03 0.0000e+00 1.6375e-04 7.9700e-05 1.5925e-04 2.0473e-01 4.4911e-06
466 5.0000e-04 0.0000e+00 1.6530e-04 1.2362e-04 1.5886e-04 2.0476e-01 6.4374e-06
467 0.0000e+00 0.0000e+00 1.5868e-04 1.0645e-04 1.5868e-04 2.0482e-01 0.0000e+00
468 0.0000e+00 0.0000e+00 1.5843e-04 9.3685e-05 1.5843e-04 2.0488e-01 0.0000e+00
469 5.0000e-04 0.0000e+00 1.6454e-04 1.3735e-04 1.5810e-04 2.0490e-01 6.4374e-06
470 0.0000e+00 0.0000e+00 1.5800e-04 1.1877e-04 1.5800e-04 2.0494e-01 0.0000e+00
471 0.0000e+00 0.0000e+00 1.5781e-04 1.0466e-04 1.5781e-04 2.0499e-01 0.0000e+00
472 5.0000e-04 0.0000e+00 1.6398e-04 1.4707e-04 1.5755e-04 2.0500e-01 6.4374e-06
473 5.0000e-04 0.0000e+00 1.6393e-04 1.8189e-04 1.5750e-04 2.0498e-01 6.4374e-06
474 0.0000e+00 0.0000e+00 1.5762e-04 1.5765e-04 1.5762e-04 2.0498e-01 0.0000e+00
475 0.0000e+00 0.0000e+00 1.5762e-04 1.3879e-04 1.5762e-04 2.0500e-01 0.0000e+00
476 0.0000e+00 0.0000e+00 1.5752e-04 1.2267e-04 1.5752e-04 2.0503e-01 0.0000e+00
477 0.0000e+00 9.2000e-06 1.5735e-04 1.0872e-04 1.5735e-04 2.0508e-01 0.0000e+00
478 0.0000e+00 1.7800e-05 1.5711e-04 9.6551e-05 1.5711e-04 2.0514e-01 0.0000e+00
479 0.0000e+00 2.5200e-05 1.5682e-04 8.5890e-05 1.5682e-04 2.0521e-01 0.0000e+00
480 0.0000e+00 3.0900e-05 1.5647e-04 7.6513e-05 1.5647e-04 2.0529e-01 0.0000e+00
481 0.0000e+00 3.4200e-05 1.5608e-04 6.8243e-05 1.5608e-04 2.0538e-01 0.0000e+00
482 5.0000e-04 3.5700e-05 1.6058e-04 1.0253e-04 1.5565e-04 2.0543e-01 4.9285e-06
483 2.5000e-03 3.4200e-05 1.8712e-04 3.5671e-04 1.5539e-04 2.0523e-01 3.1727e-05
484 1.0000e-03 3.0900e-05 1.6881e-04 4.0679e-04 1.5637e-04 2.0498e-01 1.2434e-05
485 0.0000e+00 2.5200e-05 1.5760e-04 3.5148e-04 1.5760e-04 2.0479e-01 0.0000e+00
486 1.0000e-03 1.7800e-05 1.7071e-04 4.1127e-04 1.5856e-04 2.0454e-01 1.2153e-05
487 0.0000e+00 8.6000e-06 1.5982e-04 3.5743e-04 1.5982e-04 2.0434e-01 0.0000e+00
488 0.0000e+00 0.0000e+00 1.6081e-04 3.1470e-04 1.6081e-04 2.0418e-01 0.0000e+00
489 0.0000e+00 0.0000e+00 1.6158e-04 2.7799e-04 1.6158e-04 2.0407e-01 0.0000e+00
490 0.0000e+00 0.0000e+00 1.6217e-04 2.4615e-04 1.6217e-04 2.0398e-01 0.0000e+00
491 0.0000e+00 0.0000e+00 1.6260e-04 2.1836e-04 1.6260e-04 2.0393e-01 0.0000e+00
492 0.0000e+00 0.0000e+00 1.6288e-04 1.9399e-04 1.6288e-04 2.0390e-01 0.0000e+00
493 0.0000e+00 0.0000e+00 1.6304e-04 1.7256e-04 1.6304e-04 2.0389e-01 0.0000e+00
494 0.0000e+00 0.0000e+00 1.6309e-04 1.5367e-04 1.6309e-04 2.0390e-01 0.0000e+00
495 0.0000e+00 0.0000e+00 1.6304e-04 1.3698e-04 1.6304e-04 2.0392e-01 0.0000e+00
496 0.0000e+00 0.0000e+00 1.6291e-04 1.2222e-04 1.6291e-04 2.0396e-01 0.0000e+00
497 0.0000e+00 0.0000e+00 1.6270e-04 1.0915e-04 1.6270e-04 2.0402e-01 0.0000e+00
498 0.0000e+00 0.0000e+00 1.6243e-04 9.7548e-05 1.6243e-04 2.0408e-01 0.0000e+00
499 0.0000e+00 0.0000e+00 1.6210e-04 8.7250e-05 1.6210e-04 2.0416e-01 0.0000e+00
500 0.0000e+00 0.0000e+00 1.6172e-04 7.8096e-05 1.6172e-04 2.0424e-01 0.0000e+00
501 0.0000e+00 6.3800e-05 1.6130e-04 6.9952e-05 1.6130e-04 2.0433e-01 0.0000e+00
502 0.0000e+00 1.2310e-04 1.6084e-04 6.2698e-05 1.6084e-04 2.0443e-01 0.0000e+00
503 0.0000e+00 1.7420e-04 1.6034e-04 5.6233e-05 1.6034e-04 2.0453e-01 0.0000e+00
504 0.0000e+00 2.1330e-04 1.5982e-04 5.0466e-05 1.5982e-04 2.0464e-01 0.0000e+00
505 0.0000e+00 2.3600e-04 1.5928e-04 4.5318e-05 1.5928e-04 2.0476e-01 0.0000e+00
506 0.0000e+00 2.4640e-04 1.5871e-04 4.0718e-05 1.5871e-04 2.0488e-01 0.0000e+00
507 0.0000e+00 2.3600e-04 1.5813e-04 3.6605e-05 1.5813e-04 2.0500e-01 0.0000e+00
508 0.0000e+00 2.1330e-04 1.5753e-04 3.2926e-05 1.5753e-04 2.0512e-01 0.0000e+00
509 0.0000e+00 1.7420e-04 1.5692e-04 2.9632e-05 1.5692e-04 2.0525e-01 0.0000e+00
510 0.0000e+00 1.2310e-04 1.5629e-04 2.6682e-05 1.5629e-04 2.0538e-01 0.0000e+00
511 0.0000e+00 5.9600e-05 1.5566e-04 2.4037e-05 1.5566e-04 2.0551e-01 0.0000e+00
512 0.0000e+00 0.0000e+00 1.5502e-04 2.1665e-05 1.5502e-04 2.0564e-01 0.0000e+00
513 0.0000e+00 0.0000e+00 1.5438e-04 1.9536e-05 1.5438e-04 2.0578e-01 0.0000e+00
514 0.0000e+00 0.0000e+00 1.5373e-04 1.7624e-05 1.5373e-04 2.0591e-01 0.0000e+00
515 0.0000e+00 0.0000e+00 1.5308e-04 1.5907e-05 1.5308e-04 2.0605e-01 0.0000e+00
516 0.0000e+00 0.0000e+00 1.5242e-04 1.4363e-05 1.5242e-04 2.0619e-01 0.0000e+00
517 0.0000e+00 0.0000e+00 1.5177e-04 1.2974e-05 1.5177e-04 2.0633e-01 0.0000e+00
518 0.0000e+00 0.0000e+00 1.5111e-04 1.1725e-05 1.5111e-04 2.0647e-01 0.0000e+00
519 0.0000e+00 0.0000e+00 1.5045e-04 1.0600e-05 1.5045e-04 2.0661e-01 0.0000e+00
520 0.0000e+00 0.0000e+00 1.4980e-04 9.5869e-06 1.4980e-04 2.0675e-01 0.0000e+00
521 0.0000e+00 0.0000e+00 1.4914e-04 8.6741e-06 1.4914e-04 2.0689e-01 0.0000e+00
522 0.0000e+00 0.0000e+00 1.4849e-04 7.8511e-06 1.4849e-04 2.0703e-01 0.0000e+00
523 0.0000e+00 0.0000e+00 1.4784e-04 7.1089e-06 1.4784e-04 2.0717e-01 0.0000e+00
524 0.0000e+00 0.0000e+00 1.4719e-04 6.4391e-06 1.4719e-04 2.0731e-01 0.0000e+00
525 0.0000e+00 4.1700e-05 1.4654e-04 5.8346e-06 1.4654e-04 2.0745e-01 0.0000e+00
526 0.0000e+00 8.0400e-05 1.4590e-04 5.2886e-06 1.4590e-04 2.0759e-01 0.0000e+00
527 0.0000e+00 1.1380e-04 1.4526e-04 4.7953e-06 1.4526e-04 2.0773e-01 0.0000e+00
528 0.0000e+00 1.3930e-04 1.4462e-04 4.3495e-06 1.4462e-04 2.0787e-01 0.0000e+00
529 0.0000e+00 1.5420e-04 1.4399e-04 3.9464e-06 1.4399e-04 2.0801e-01 0.0000e+00
530 0.0000e+00 1.6090e-04 1.4336e-04 3.5819e-06 1.4336e-04 2.0815e-01 0.0000e+00
531 0.0000e+00 1.5420e-04 1.4274e-04 3.2516e-06 1.4274e-04 2.0829e-01 0.0000e+00
532 0.0000e+00 1.3930e-04 1.4212e-04 2.9531e-06 1.4212e-04 2.0843e-01 0.0000e+00
533 0.0000e+00 1.1380e-04 1.4150e-04 2.6828e-06 1.4150e-04 2.0857e-01 0.0000e+00
534 0.0000e+00 8.0400e-05 1.4089e-04 2.4380e-06 1.4089e-04 2.0871e-01 0.0000e+00
535 0.0000e+00 3.8900e-05 1.4028e-04 2.2161e-06 1.4028e-04 2.0885e-01 0.0000e+00
536 0.0000e+00 0.0000e+00 1.3967e-04 2.0150e-06 1.3967e-04 2.0898e-01 0.0000e+00
537 0.0000e+00 0.0000e+00 1.3908e-04 1.8327e-06 1.3908e-04 2.0912e-01 0.0000e+00
538 0.0000e+00 0.0000e+00 1.3848e-04 1.6673e-06 1.3848e-04 2.0926e-01 0.0000e+00
539 0.0000e+00 0.0000e+00 1.3789e-04 1.5173e-06 1.3789e-04 2.0939e-01 0.0000e+00
540 0.0000e+00 0.0000e+00 1.3730e-04 1.3811e-06 1.3730e-04 2.0953e-01 0.0000e+00
541 0.0000e+00 0.0000e+00 1.3672e-04 1.2575e-06 1.3672e-04 2.0967e-01 0.0000e+00
542 0.0000e+00 0.0000e+00 1.3614e-04 1.1452e-06 1.3614e-04 2.0980e-01 0.0000e+00
543 0.0000e+00 0.0000e+00 1.3557e-04 1.0427e-06 1.3557e-04 2.0994e-01 0.0000e+00
544 0.0000e+00 0.0000e+00 1.3500e-04 9.5015e-07 1.3500e-04 2.1007e-01 0.0000e+00
545 0.0000e+00 0.0000e+00 1.3444e-04 8.6600e-07 1.3444e-04 2.1020e-01 0.0000e+00
546 0.0000e+00 0.0000e+00 1.3388e-04 7.8949e-07 1.3388e-04 2.1034e-01 0.0000e+00
547 0.0000e+00 0.0000e+00 1.3332e-04 7.1990e-07 1.3332e-04 2.1047e-01 0.0000e+00
548 0.0000e+00 0.0000e+00 1.3277e-04 6.5660e-07 1.3277e-04 2.1060e-01 0.0000e+00
549 0.0000e+00 2.0700e-05 1.3222e-04 5.9901e-07 1.3222e-04 2.1073e-01 0.0000e+00
550 0.0000e+00 4.0000e-05 1.3168e-04 5.4659e-07 1.3168e-04 2.1086e-01 0.0000e+00
551 0.0000e+00 5.6600e-05 1.3114e-04 4.9886e-07 1.3114e-04 2.1099e-01 0.0000e+00
552 1.0000e-03 6.9300e-05 1.3061e-04 4.5540e-07 1.3061e-04 2.1112e-01 0.0000e+00
553 1.0000e-03 7.6600e-05 1.3008e-04 4.1582e-07 1.3008e-04 2.1125e-01 0.0000e+00
554 2.0000e-03 8.0000e-05 1.3725e-04 7.8573e-05 1.2955e-04 2.1131e-01 7.7014e-06
555 1.5000e-03 7.6600e-05 1.4436e-04 2.1584e-04 1.2935e-04 2.1122e-01 1.5014e-05
556 0.0000e+00 6.9300e-05 1.2970e-04 1.8156e-04 1.2970e-04 2.1117e-01 0.0000e+00
557 5.0000e-04 5.6600e-05 1.3363e-04 1.9679e-04 1.2991e-04 2.1110e-01 3.7262e-06
558 0.0000e+00 4.0000e-05 1.3018e-04 1.7122e-04 1.3018e-04 2.1106e-01 0.0000e+00
559 0.0000e+00 1.9400e-05 1.3034e-04 1.5105e-04 1.3034e-04 2.1104e-01 0.0000e+00
560 0.0000e+00 0.0000e+00 1.3043e-04 1.3372e-04 1.3043e-04 2.1103e-01 0.0000e+00
561 0.0000e+00 0.0000e+00 1.3044e-04 1.1867e-04 1.3044e-04 2.1105e-01 0.0000e+00
562 0.0000e+00 0.0000e+00 1.3039e-04 1.0551e-04 1.3039e-04 2.1107e-01 0.0000e+00
563 0.0000e+00 0.0000e+00 1.3029e-04 9.3966e-05 1.3029e-04 2.1111e-01 0.0000e+00
564 0.0000e+00 0.0000e+00 1.3015e-04 8.3796e-05 1.3015e-04 2.1115e-01 0.0000e+00
565 5.0000e-04 0.0000e+00 1.3400e-04 1.1587e-04 1.2996e-04 2.1117e-01 4.0405e-06
566 0.0000e+00 0.0000e+00 1.2990e-04 1.0069e-04 1.2990e-04 2.1120e-01 0.0000e+00
567 0.0000e+00 0.0000e+00 1.2978e-04 8.9358e-05 1.2978e-04 2.1124e-01 0.0000e+00
568 0.0000e+00 0.0000e+00 1.2962e-04 7.9550e-05 1.2962e-04 2.1129e-01 0.0000e+00
569 0.0000e+00 0.0000e+00 1.2941e-04 7.0954e-05 1.2941e-04 2.1135e-01 0.0000e+00
570 0.0000e+00 0.0000e+00 1.2918e-04 6.3382e-05 1.2918e-04 2.1141e-01 0.0000e+00
571 0.0000e+00 0.0000e+00 1.2891e-04 5.6689e-05 1.2891e-04 2.1148e-01 0.0000e+00
572 0.0000e+00 0.0000e+00 1.2862e-04 5.0758e-05 1.2862e-04 2.1156e-01 0.0000e+00
573 3.0000e-03 3.0500e-05 1.6298e-04 3.6134e-04 1.2831e-04 2.1133e-01 3.4666e-05
574 1.0000e-03 5.8900e-05 1.3945e-04 4.0844e-04 1.2925e-04 2.1105e-01 1.0199e-05
575 2.5000e-03 8.3300e-05 1.5923e-04 6.1047e-04 1.3038e-04 2.1057e-01 2.8845e-05
576 3.5000e-03 1.0200e-04 1.7504e-04 8.8654e-04 1.3235e-04 2.0982e-01 4.2694e-05
577 1.5000e-03 1.1290e-04 1.5351e-04 9.1555e-04 1.3551e-04 2.0904e-01 1.7999e-05
578 0.0000e+00 1.1780e-04 1.3885e-04 8.0204e-04 1.3885e-04 2.0837e-01 0.0000e+00
579 0.0000e+00 1.1290e-04 1.4176e-04 7.0899e-04 1.4176e-04 2.0781e-01 0.0000e+00
580 0.0000e+00 1.0200e-04 1.4429e-04 6.2826e-04 1.4429e-04 2.0732e-01 0.0000e+00
581 0.0000e+00 8.3300e-05 1.4649e-04 5.5772e-04 1.4649e-04 2.0691e-01 0.0000e+00
582 0.0000e+00 5.8900e-05 1.4839e-04 4.9580e-04 1.4839e-04 2.0656e-01 0.0000e+00
583 0.0000e+00 2.8500e-05 1.5001e-04 4.4126e-04 1.5001e-04 2.0627e-01 0.0000e+00
584 0.0000e+00 0.0000e+00 1.5138e-04 3.9310e-04 1.5138e-04 2.0603e-01 0.0000e+00
585 0.0000e+00 0.0000e+00 1.5253e-04 3.5049e-04 1.5253e-04 2.0583e-01 0.0000e+00
586 0.0000e+00 0.0000e+00 1.5347e-04 3.1274e-04 1.5347e-04 2.0567e-01 0.0000e+00
587 0.0000e+00 0.0000e+00 1.5424e-04 2.7926e-04 1.5424e-04 2.0555e-01 0.0000e+00
588 0.0000e+00 0.0000e+00 1.5484e-04 2.4954e-04 1.5484e-04 2.0545e-01 0.0000e+00
589 5.0000e-04 0.0000e+00 1.5530e-04 2.2312e-04 1.5530e-04 2.0539e-01 0.0000e+00
590 0.0000e+00 0.0000e+00 1.5563e-04 1.9963e-04 1.5563e-04 2.0534e-01 0.0000e+00
591 0.0000e+00 0.0000e+00 1.5585e-04 1.7872e-04 1.5585e-04 2.0532e-01 0.0000e+00
592 5.0000e-04 0.0000e+00 1.6094e-04 2.0215e-04 1.5596e-04 2.0527e-01 4.9810e-06
593 0.0000e+00 0.0000e+00 1.5618e-04 1.7849e-04 1.5618e-04 2.0525e-01 0.0000e+00
594 1.0000e-03 0.0000e+00 1.6917e-04 2.6787e-04 1.5629e-04 2.0514e-01 1.2875e-05
595 0.0000e+00 0.0000e+00 1.5684e-04 2.3265e-04 1.5684e-04 2.0506e-01 0.0000e+00
596 0.0000e+00 0.0000e+00 1.5721e-04 2.0583e-04 1.5721e-04 2.0501e-01 0.0000e+00
597 0.0000e+00 6.2600e-05 1.5745e-04 1.8272e-04 1.5745e-04 2.0499e-01 0.0000e+00
598 0.0000e+00 1.2080e-04 1.5757e-04 1.6259e-04 1.5757e-04 2.0498e-01 0.0000e+00
599 0.0000e+00 1.7090e-04 1.5760e-04 1.4492e-04 1.5760e-04 2.0500e-01 0.0000e+00
600 0.0000e+00 2.0930e-04 1.5753e-04 1.2936e-04 1.5753e-04 2.0502e-01 0.0000e+00
601 0.0000e+00 2.3150e-04 1.5740e-04 1.1560e-04 1.5740e-04 2.0507e-01 0.0000e+00
602 0.0000e+00 2.4180e-04 1.5719e-04 1.0340e-04 1.5719e-04 2.0512e-01 0.0000e+00
603 0.0000e+00 2.3150e-04 1.5693e-04 9.2575e-05 1.5693e-04 2.0518e-01 0.0000e+00
604 0.0000e+00 2.0930e-04 1.5661e-04 8.2951e-05 1.5661e-04 2.0526e-01 0.0000e+00
605 0.0000e+00 1.7090e-04 1.5625e-04 7.4383e-05 1.5625e-04 2.0534e-01 0.0000e+00
606 0.0000e+00 1.2080e-04 1.5585e-04 6.6748e-05 1.5585e-04 2.0543e-01 0.0000e+00
607 0.0000e+00 5.8500e-05 1.5542e-04 5.9936e-05 1.5542e-04 2.0552e-01 0.0000e+00
608 0.0000e+00 0.0000e+00 1.5496e-04 5.3853e-05 1.5496e-04 2.0563e-01 0.0000e+00
609 0.0000e+00 0.0000e+00 1.5447e-04 4.8418e-05 1.5447e-04 2.0573e-01 0.0000e+00
610 0.0000e+00 0.0000e+00 1.5396e-04 4.3556e-05 1.5396e-04 2.0584e-01 0.0000e+00
611 0.0000e+00 0.0000e+00 1.5343e-04 3.9204e-05 1.5343e-04 2.0596e-01 0.0000e+00
612 0.0000e+00 0.0000e+00 1.5288e-04 3.5306e-05 1.5288e-04 2.0607e-01 0.0000e+00
613 0.0000e+00 0.0000e+00 1.5232e-04 3.1812e-05 1.5232e-04 2.0619e-01 0.0000e+00
614 0.0000e+00 0.0000e+00 1.5175e-04 2.8678e-05 1.5175e-04 2.0632e-01 0.0000e+00
615 0.0000e+00 0.0000e+00 1.5116e-04 2.5865e-05 1.5116e-04 2.0644e-01 0.0000e+00
616 0.0000e+00 0.0000e+00 1.5057e-04 2.3340e-05 1.5057e-04 2.0657e-01 0.0000e+00
617 0.0000e+00 0.0000e+00 1.4998e-04 2.1070e-05 1.4998e-04 2.0670e-01 0.0000e+00
618 0.0000e+00 0.0000e+00 1.4937e-04 1.9030e-05 1.4937e-04 2.0683e-01 0.0000e+00
619 0.0000e+00 0.0000e+00 1.4876e-04 1.7195e-05 1.4876e-04 2.0696e-01 0.0000e+00
620 0.0000e+00 0.0000e+00 1.4815e-04 1.5543e-05 1.4815e-04 2.0709e-01 0.0000e+00
621 0.0000e+00 1.4200e-05 1.4754e-04 1.4056e-05 1.4754e-04 2.0723e-01 0.0000e+00
622 0.0000e+00 2.7500e-05 1.4693e-04 1.2716e-05 1.4693e-04 2.0736e-01 0.0000e+00
623 0.0000e+00 3.8900e-05 1.4631e-04 1.1508e-05 1.4631e-04 2.0750e-01 0.0000e+00
624 1.0000e-03 4.7600e-05 1.4570e-04 1.0419e-05 1.4570e-04 2.0763e-01 0.0000e+00
625 1.0000e-03 5.2700e-05 1.4608e-04 1.7712e-05 1.4508e-04 2.0776e-01 9.9540e-07
626 3.0000e-03 5.5000e-05 1.8245e-04 3.3064e-04 1.4451e-04 2.0757e-01 3.7946e-05
627 2.0000e-03 5.2700e-05 1.7039e-04 4.8551e-04 1.4535e-04 2.0723e-01 2.5041e-05
628 1.5000e-03 4.7600e-05 1.6554e-04 5.7189e-04 1.4690e-04 2.0681e-01 1.8634e-05
629 3.5000e-03 3.8900e-05 1.9332e-04 8.6677e-04 1.4887e-04 2.0609e-01 4.4449e-05
630 4.0000e-03 2.7500e-05 2.0324e-04 1.1755e-03 1.5224e-04 2.0507e-01 5.0998e-05
631 5.0000e-03 1.3300e-05 2.2121e-04 1.5588e-03 1.5719e-04 2.0366e-01 6.4020e-05
632 0.0000e+00 0.0000e+00 1.6423e-04 1.3520e-03 1.6423e-04 2.0248e-01 0.0000e+00
633 0.0000e+00 0.0000e+00 1.7044e-04 1.1905e-03 1.7044e-04 2.0146e-01 0.0000e+00
634 1.0000e-03 0.0000e+00 1.8866e-04 1.1614e-03 1.7596e-04 2.0047e-01 1.2704e-05
635 2.5000e-03 0.0000e+00 2.1365e-04 1.3031e-03 1.8146e-04 1.9935e-01 3.2187e-05
636 3.5000e-03 0.0000e+00 2.3300e-04 1.5353e-03 1.8794e-04 1.9800e-01 4.5062e-05
637 3.0000e-03 0.0000e+00 2.3464e-04 1.6794e-03 1.9602e-04 1.9652e-01 3.8624e-05
638 0.0000e+00 0.0000e+00 2.0532e-04 1.4628e-03 2.0532e-04 1.9526e-01 0.0000e+00
639 5.0000e-04 0.0000e+00 2.1999e-04 1.3466e-03 2.1355e-04 1.9413e-01 6.4374e-06
640 0.0000e+00 0.0000e+00 2.2125e-04 1.1851e-03 2.2125e-04 1.9316e-01 0.0000e+00
641 5.0000e-04 0.0000e+00 2.3445e-04 1.1059e-03 2.2801e-04 1.9229e-01 6.4374e-06
642 0.0000e+00 0.0000e+00 2.3435e-04 9.7319e-04 2.3435e-04 1.9155e-01 0.0000e+00
643 5.0000e-04 0.0000e+00 2.4626e-04 9.2001e-04 2.3983e-04 1.9087e-01 6.4374e-06
644 0.0000e+00 0.0000e+00 2.4498e-04 8.0858e-04 2.4498e-04 1.9030e-01 0.0000e+00
645 0.0000e+00 1.6900e-05 2.4933e-04 7.1422e-04 2.4933e-04 1.8984e-01 0.0000e+00
646 0.0000e+00 3.2600e-05 2.5298e-04 6.3152e-04 2.5298e-04 1.8946e-01 0.0000e+00
647 0.0000e+00 4.6100e-05 2.5599e-04 5.5879e-04 2.5599e-04 1.8916e-01 0.0000e+00
648 0.0000e+00 5.6400e-05 2.5842e-04 4.9476e-04 2.5842e-04 1.8892e-01 0.0000e+00
649 0.0000e+00 6.2400e-05 2.6034e-04 4.3834e-04 2.6034e-04 1.8874e-01 0.0000e+00
650 0.0000e+00 6.5200e-05 2.6179e-04 3.8859e-04 2.6179e-04 1.8862e-01 0.0000e+00
651 0.0000e+00 6.2400e-05 2.6283e-04 3.4470e-04 2.6283e-04 1.8853e-01 0.0000e+00
652 0.0000e+00 5.6400e-05 2.6350e-04 3.0596e-04 2.6350e-04 1.8849e-01 0.0000e+00
653 0.0000e+00 4.6100e-05 2.6385e-04 2.7174e-04 2.6385e-04 1.8848e-01 0.0000e+00
654 0.0000e+00 3.2600e-05 2.6392e-04 2.4150e-04 2.6392e-04 1.8851e-01 0.0000e+00
655 0.0000e+00 1.5800e-05 2.6373e-04 2.1476e-04 2.6373e-04 1.8856e-01 0.0000e+00
656 0.0000e+00 0.0000e+00 2.6333e-04 1.9111e-04 2.6333e-04 1.8863e-01 0.0000e+00
657 0.0000e+00 0.0000e+00 2.6274e-04 1.7016e-04 2.6274e-04 1.8872e-01 0.0000e+00
658 0.0000e+00 0.0000e+00 2.6198e-04 1.5160e-04 2.6198e-04 1.8883e-01 0.0000e+00
659 0.0000e+00 0.0000e+00 2.6108e-04 1.3516e-04 2.6108e-04 1.8896e-01 0.0000e+00
660 0.0000e+00 0.0000e+00 2.6005e-04 1.2057e-04 2.6005e-04 1.8910e-01 0.0000e+00
661 0.0000e+00 0.0000e+00 2.5892e-04 1.0762e-04 2.5892e-04 1.8925e-01 0.0000e+00
662 0.0000e+00 0.0000e+00 2.5770e-04 9.6119e-05 2.5770e-04 1.8941e-01 0.0000e+00
663 0.0000e+00 0.0000e+00 2.5640e-04 8.5899e-05 2.5640e-04 1.8958e-01 0.0000e+00
664 0.0000e+00 0.0000e+00 2.5504e-04 7.6810e-05 2.5504e-04 1.8976e-01 0.0000e+00
665 0.0000e+00 0.0000e+00 2.5362e-04 6.8722e-05 2.5362e-04 1.8994e-01 0.0000e+00
666 5.0000e-04 0.0000e+00 2.5228e-04 6.2657e-05 2.5216e-04 1.9013e-01 1.1936e-07
667 0.0000e+00 0.0000e+00 2.5067e-04 5.5999e-05 2.5067e-04 1.9033e-01 0.0000e+00
668 5.0000e-04 0.0000e+00 2.5559e-04 1.1119e-04 2.4915e-04 1.9046e-01 6.4374e-06
669 5.0000e-04 1.5300e-05 2.5452e-04 1.5411e-04 2.4808e-04 1.9056e-01 6.4374e-06
670 0.0000e+00 2.9500e-05 2.4735e-04 1.2979e-04 2.4735e-04 1.9068e-01 0.0000e+00
671 1.0000e-03 4.1700e-05 2.5869e-04 2.2930e-04 2.4645e-04 1.9069e-01 1.2247e-05
672 0.0000e+00 5.1100e-05 2.4631e-04 1.9128e-04 2.4631e-04 1.9075e-01 0.0000e+00
673 0.0000e+00 5.6500e-05 2.4589e-04 1.6615e-04 2.4589e-04 1.9083e-01 0.0000e+00
674 0.0000e+00 5.9000e-05 2.4528e-04 1.4518e-04 2.4528e-04 1.9093e-01 0.0000e+00
675 5.0000e-04 5.6500e-05 2.4827e-04 1.6277e-04 2.4451e-04 1.9101e-01 3.7597e-06
676 5.0000e-04 5.1100e-05 2.4960e-04 1.9388e-04 2.4389e-04 1.9106e-01 5.7100e-06
677 0.0000e+00 4.1700e-05 2.4351e-04 1.6546e-04 2.4351e-04 1.9114e-01 0.0000e+00
678 0.0000e+00 2.9500e-05 2.4291e-04 1.4454e-04 2.4291e-04 1.9124e-01 0.0000e+00
679 1.0000e-03 1.4300e-05 2.5347e-04 2.3310e-04 2.4217e-04 1.9125e-01 1.1301e-05
680 1.0000e-03 0.0000e+00 2.5479e-04 3.1542e-04 2.4210e-04 1.9117e-01 1.2691e-05
681 0.0000e+00 0.0000e+00 2.4266e-04 2.6575e-04 2.4266e-04 1.9115e-01 0.0000e+00
682 0.0000e+00 0.0000e+00 2.4283e-04 2.3096e-04 2.4283e-04 1.9116e-01 0.0000e+00
683 0.0000e+00 0.0000e+00 2.4274e-04 2.0184e-04 2.4274e-04 1.9120e-01 0.0000e+00
684 0.0000e+00 0.0000e+00 2.4243e-04 1.7695e-04 2.4243e-04 1.9127e-01 0.0000e+00
685 0.0000e+00 0.0000e+00 2.4193e-04 1.5553e-04 2.4193e-04 1.9135e-01 0.0000e+00
686 0.0000e+00 0.0000e+00 2.4128e-04 1.3697e-04 2.4128e-04 1.9146e-01 0.0000e+00
687 0.0000e+00 0.0000e+00 2.4050e-04 1.2085e-04 2.4050e-04 1.9158e-01 0.0000e+00
688 0.0000e+00 0.0000e+00 2.3960e-04 1.0678e-04 2.3960e-04 1.9171e-01 0.0000e+00
689 0.0000e+00 0.0000e+00 2.3861e-04 9.4481e-05 2.3861e-04 1.9185e-01 0.0000e+00
690 0.0000e+00 0.0000e+00 2.3754e-04 8.3703e-05 2.3754e-04 1.9201e-01 0.0000e+00
691 0.0000e+00 0.0000e+00 2.3640e-04 7.4239e-05 2.3640e-04 1.9217e-01 0.0000e+00
692 0.0000e+00 0.0000e+00 2.3520e-04 6.5917e-05 2.3520e-04 1.9234e-01 0.0000e+00
693 0.0000e+00 5.6100e-05 2.3396e-04 5.8586e-05 2.3396e-04 1.9252e-01 0.0000e+00
694 0.0000e+00 1.0830e-04 2.3268e-04 5.2120e-05 2.3268e-04 1.9270e-01 0.0000e+00
695 0.0000e+00 1.5320e-04 2.3137e-04 4.6409e-05 2.3137e-04 1.9288e-01 0.0000e+00
696 0.0000e+00 1.8770e-04 2.3004e-04 4.1359e-05 2.3004e-04 1.9307e-01 0.0000e+00
697 0.0000e+00 2.0760e-04 2.2869e-04 3.6889e-05 2.2869e-04 1.9326e-01 0.0000e+00
698 0.0000e+00 2.1680e-04 2.2732e-04 3.2928e-05 2.2732e-04 1.9346e-01 0.0000e+00
699 0.0000e+00 2.0760e-04 2.2594e-04 2.9415e-05 2.2594e-04 1.9365e-01 0.0000e+00
700 5.0000e-04 1.8770e-04 2.2456e-04 2.6295e-05 2.2456e-04 1.9385e-01 0.0000e+00
701 0.0000e+00 1.5320e-04 2.2317e-04 2.3523e-05 2.2317e-04 1.9405e-01 0.0000e+00
702 0.0000e+00 1.0830e-04 2.2178e-04 2.1057e-05 2.2178e-04 1.9425e-01 0.0000e+00
703 0.0000e+00 5.2400e-05 2.2040e-04 1.8861e-05 2.2040e-04 1.9445e-01 0.0000e+00
704 0.0000e+00 0.0000e+00 2.1901e-04 1.6906e-05 2.1901e-04 1.9465e-01 0.0000e+00
705 0.0000e+00 0.0000e+00 2.1764e-04 1.5162e-05 2.1764e-04 1.9486e-01 0.0000e+00
706 0.0000e+00 0.0000e+00 2.1626e-04 1.3606e-05 2.1626e-04 1.9506e-01 0.0000e+00
707 0.0000e+00 0.0000e+00 2.1490e-04 1.2217e-05 2.1490e-04 1.9526e-01 0.0000e+00
708 0.0000e+00 0.0000e+00 2.1354e-04 1.0975e-05 2.1354e-04 1.9546e-01 0.0000e+00
709 0.0000e+00 0.0000e+00 2.1219e-04 9.8655e-06 2.1219e-04 1.9567e-01 0.0000e+00
710 0.0000e+00 0.0000e+00 2.1086e-04 8.8726e-06 2.1086e-04 1.9587e-01 0.0000e+00
711 0.0000e+00 0.0000e+00 2.0953e-04 7.9836e-06 2.0953e-04 1.9607e-01 0.0000e+00
712 0.0000e+00 0.0000e+00 2.0821e-04 7.1872e-06 2.0821e-04 1.9627e-01 0.0000e+00
713 0.0000e+00 0.0000e+00 2.0691e-04 6.4734e-06 2.0691e-04 1.9647e-01 0.0000e+00
714 0.0000e+00 0.0000e+00 2.0562e-04 5.8333e-06 2.0562e-04 1.9667e-01 0.0000e+00
715 0.0000e+00 0.0000e+00 2.0434e-04 5.2588e-06 2.0434e-04 1.9687e-01 0.0000e+00
716 0.0000e+00 0.0000e+00 2.0307e-04 4.7430e-06 2.0307e-04 1.9707e-01 0.0000e+00
717 0.0000e+00 8.5600e-05 2.0182e-04 4.2793e-06 2.0182e-04 1.9727e-01 0.0000e+00
718 0.0000e+00 1.6520e-04 2.0057e-04 3.8629e-06 2.0057e-04 1.9746e-01 0.0000e+00
719 0.0000e+00 2.3380e-04 1.9934e-04 3.4886e-06 1.9934e-04 1.9766e-01 0.0000e+00
720 0.0000e+00 2.8620e-04 1.9813e-04 3.1517e-06 1.9813e-04 1.9785e-01 0.0000e+00
721 0.0000e+00 3.1670e-04 1.9692e-04 2.8486e-06 1.9692e-04 1.9805e-01 0.0000e+00
722 0.0000e+00 3.3060e-04 1.9573e-04 2.5755e-06 1.9573e-04 1.9824e-01 0.0000e+00
723 0.0000e+00 3.1670e-04 1.9456e-04 2.3296e-06 1.9456e-04 1.9843e-01 0.0000e+00
724 0.0000e+00 2.8620e-04 1.9339e-04 2.1079e-06 1.9339e-04 1.9863e-01 0.0000e+00
725 0.0000e+00 2.3380e-04 1.9224e-04 1.9079e-06 1.9224e-04 1.9882e-01 0.0000e+00
726 0.0000e+00 1.6520e-04 1.9110e-04 1.7276e-06 1.9110e-04 1.9900e-01 0.0000e+00
727 0.0000e+00 8.0000e-05 1.8997e-04 1.5649e-06 1.8997e-04 1.9919e-01 0.0000e+00
728 0.0000e+00 0.0000e+00 1.8886e-04 1.4179e-06 1.8886e-04 1.9938e-01 0.0000e+00
729 0.0000e+00 0.0000e+00 1.8775e-04 1.2847e-06 1.8775e-04 1.9957e-01 0.0000e+00
730 0.0000e+00 0.0000e+00 1.8666e-04 1.1649e-06 1.8666e-04 1.9975e-01 0.0000e+00
731 0.0000e+00 0.0000e+00 1.8558e-04 1.0566e-06 1.8558e-04 1.9994e-01 0.0000e+00
732 0.0000e+00 0.0000e+00 1.8452e-04 9.5863e-07 1.8452e-04 2.0012e-01 0.0000e+00
733 0.0000e+00 0.0000e+00 1.8346e-04 8.7004e-07 1.8346e-04 2.0030e-01 0.0000e+00
734 0.0000e+00 0.0000e+00 1.8242e-04 7.8988e-07 1.8242e-04 2.0048e-01 0.0000e+00
735 0.0000e+00 0.0000e+00 1.8138e-04 7.1731e-07 1.8138e-04 2.0067e-01 0.0000e+00
736 0.0000e+00 0.0000e+00 1.8036e-04 6.5160e-07 1.8036e-04 2.0085e-01 0.0000e+00
737 0.0000e+00 0.0000e+00 1.7935e-04 5.9207e-07 1.7935e-04 2.0102e-01 0.0000e+00
738 0.0000e+00 0.0000e+00 1.7835e-04 5.3814e-07 1.7835e-04 2.0120e-01 0.0000e+00
739 0.0000e+00 0.0000e+00 1.7737e-04 4.8925e-07 1.7737e-04 2.0138e-01 0.0000e+00
740 0.0000e+00 0.0000e+00 1.7639e-04 4.4399e-07 1.7639e-04 2.0155e-01 0.0000e+00
741 0.0000e+00 7.4700e-05 1.7542e-04 4.0393e-07 1.7542e-04 2.0173e-01 0.0000e+00
742 0.0000e+00 1.4410e-04 1.7446e-04 3.6758e-07 1.7446e-04 2.0190e-01 0.0000e+00
743 0.0000e+00 2.0380e-04 1.7352e-04 3.3458e-07 1.7352e-04 2.0208e-01 0.0000e+00
744 0.0000e+00 2.4960e-04 1.7258e-04 3.0462e-07 1.7258e-04 2.0225e-01 0.0000e+00
745 0.0000e+00 2.7610e-04 1.7165e-04 2.7741e-07 1.7165e-04 2.0242e-01 0.0000e+00
746 0.0000e+00 2.8830e-04 1.7074e-04 2.5269e-07 1.7074e-04 2.0259e-01 0.0000e+00
747 0.0000e+00 2.7610e-04 1.6983e-04 2.3023e-07 1.6983e-04 2.0276e-01 0.0000e+00
748 0.0000e+00 2.4960e-04 1.6893e-04 2.0982e-07 1.6893e-04 2.0293e-01 0.0000e+00
749 0.0000e+00 2.0380e-04 1.6804e-04 1.9125e-07 1.6804e-04 2.0310e-01 0.0000e+00
750 0.0000e+00 1.4410e-04 1.6716e-04 1.7437e-07 1.6716e-04 2.0326e-01 0.0000e+00
751 0.0000e+00 6.9800e-05 1.6629e-04 1.5761e-07 1.6629e-04 2.0343e-01 0.0000e+00
752 0.0000e+00 0.0000e+00 1.6543e-04 1.4382e-07 1.6543e-04 2.0360e-01 0.0000e+00
753 0.0000e+00 0.0000e+00 1.6458e-04 1.3127e-07 1.6458e-04 2.0376e-01 0.0000e+00
754 0.0000e+00 0.0000e+00 1.6374e-04 1.1983e-07 1.6374e-04 2.0392e-01 0.0000e+00
755 0.0000e+00 0.0000e+00 1.6290e-04 1.0941e-07 1.6290e-04 2.0409e-01 0.0000e+00
756 0.0000e+00 0.0000e+00 1.6208e-04 9.9918e-08 1.6208e-04 2.0425e-01 0.0000e+00
757 0.0000e+00 0.0000e+00 1.6126e-04 9.1266e-08 1.6126e-04 2.0441e-01 0.0000e+00
758 0.0000e+00 0.0000e+00 1.6045e-04 8.3378e-08 1.6045e-04 2.0457e-01 0.0000e+00
759 0.0000e+00 0.0000e+00 1.5965e-04 7.6187e-08 1.5965e-04 2.0473e-01 0.0000e+00
760 0.0000e+00 0.0000e+00 1.5885e-04 6.9629e-08 1.5885e-04 2.0489e-01 0.0000e+00
761 0.0000e+00 0.0000e+00 1.5806e-04 6.3647e-08 1.5806e-04 2.0505e-01 0.0000e+00
762 0.0000e+00 0.0000e+00 1.5729e-04 5.6499e-08 1.5729e-04 2.0520e-01 0.0000e+00
763 0.0000e+00 0.0000e+00 1.5652e-04 5.1711e-08 1.5652e-04 2.0536e-01 0.0000e+00
764 0.0000e+00 0.0000e+00 1.5575e-04 4.7335e-08 1.5575e-04 2.0552e-01 0.0000e+00
765 0.0000e+00 9.6700e-05 1.5500e-04 4.3336e-08 1.5500e-04 2.0567e-01 0.0000e+00
766 0.0000e+00 1.8660e-04 1.5425e-04 3.9681e-08 1.5425e-04 2.0583e-01 0.0000e+00
767 0.0000e+00 2.6400e-04 1.5351e-04 3.6339e-08 1.5351e-04 2.0598e-01 0.0000e+00
768 0.0000e+00 3.2330e-04 1.5277e-04 3.3284e-08 1.5277e-04 2.0613e-01 0.0000e+00
769 0.0000e+00 3.5770e-04 1.5204e-04 3.0490e-08 1.5204e-04 2.0628e-01 0.0000e+00
770 0.0000e+00 3.7350e-04 1.5132e-04 2.7935e-08 1.5132e-04 2.0643e-01 0.0000e+00
771 0.0000e+00 3.5770e-04 1.5061e-04 2.5598e-08 1.5061e-04 2.0659e-01 0.0000e+00
772 0.0000e+00 3.2330e-04 1.4990e-04 2.3459e-08 1.4990e-04 2.0674e-01 0.0000e+00
773 0.0000e+00 2.6400e-04 1.4920e-04 2.1502e-08 1.4920e-04 2.0688e-01 0.0000e+00
774 0.0000e+00 1.8660e-04 1.4851e-04 1.8097e-08 1.4851e-04 2.0703e-01 0.0000e+00
775 0.0000e+00 9.0400e-05 1.4782e-04 1.6621e-08 1.4782e-04 2.0718e-01 0.0000e+00
776 0.0000e+00 0.0000e+00 1.4714e-04 1.5266e-08 1.4714e-04 2.0733e-01 0.0000e+00
777 0.0000e+00 0.0000e+00 1.4646e-04 1.4023e-08 1.4646e-04 2.0747e-01 0.0000e+00
778 0.0000e+00 0.0000e+00 1.4580e-04 1.2883e-08 1.4580e-04 2.0762e-01 0.0000e+00
779 0.0000e+00 0.0000e+00 1.4513e-04 1.1837e-08 1.4513e-04 2.0777e-01 0.0000e+00
780 0.0000e+00 0.0000e+00 1.4448e-04 1.0877e-08 1.4448e-04 2.0791e-01 0.0000e+00
781 0.0000e+00 0.0000e+00 1.4383e-04 9.9959e-09 1.4383e-04 2.0805e-01 0.0000e+00
782 0.0000e+00 0.0000e+00 1.4318e-04 9.1871e-09 1.4318e-04 2.0820e-01 0.0000e+00
783 0.0000e+00 0.0000e+00 1.4254e-04 8.4447e-09 1.4254e-04 2.0834e-01 0.0000e+00
784 0.0000e+00 0.0000e+00 1.4191e-04 7.7630e-09 1.4191e-04 2.0848e-01 0.0000e+00
785 0.0000e+00 0.0000e+00 1.4128e-04 7.1371e-09 1.4128e-04 2.0862e-01 0.0000e+00
786 0.0000e+00 0.0000e+00 1.4066e-04 5.2860e-09 1.4066e-04 2.0876e-01 0.0000e+00
787 0.0000e+00 0.0000e+00 1.4004e-04 4.8738e-09 1.4004e-04 2.0890e-01 0.0000e+00
788 0.0000e+00 0.0000e+00 1.3943e-04 4.4940e-09 1.3943e-04 2.0904e-01 0.0000e+00
789 0.0000e+00 1.2590e-04 1.3882e-04 4.1441e-09 1.3882e-04 2.0918e-01 0.0000e+00
790 0.0000e+00 2.4290e-04 1.3822e-04 3.8218e-09 1.3822e-04 2.0932e-01 0.0000e+00
791 0.0000e+00 3.4370e-04 1.3763e-04 3.5248e-09 1.3763e-04 2.0946e-01 0.0000e+00
792 0.0000e+00 4.2090e-04 1.3704e-04 3.2511e-09 1.3704e-04 2.0959e-01 0.0000e+00
793 0.0000e+00 4.6560e-04 1.3645e-04 2.9988e-09 1.3645e-04 2.0973e-01 0.0000e+00
794 0.0000e+00 4.8620e-04 1.3587e-04 2.7664e-09 1.3587e-04 2.0987e-01 0.0000e+00
795 0.0000e+00 4.6560e-04 1.3529e-04 2.5521e-09 1.3529e-04 2.1000e-01 0.0000e+00
796 0.0000e+00 4.2090e-04 1.3472e-04 2.3547e-09 1.3472e-04 2.1014e-01 0.0000e+00
797 0.0000e+00 3.4370e-04 1.3416e-04 2.1726e-09 1.3416e-04 2.1027e-01 0.0000e+00
798 0.0000e+00 2.4290e-04 1.3360e-04 1.2402e-09 1.3360e-04 2.1040e-01 0.0000e+00
799 0.0000e+00 1.1760e-04 1.3304e-04 1.1484e-09 1.3304e-04 2.1054e-01 0.0000e+00
800 0.0000e+00 0.0000e+00 1.3249e-04 1.0635e-09 1.3249e-04 2.1067e-01 0.0000e+00
801 0.0000e+00 0.0000e+00 1.3194e-04 9.8496e-10 1.3194e-04 2.1080e-01 0.0000e+00
802 0.0000e+00 0.0000e+00 1.3140e-04 9.1223e-10 1.3140e-04 2.1093e-01 0.0000e+00
803 0.0000e+00 0.0000e+00 1.3086e-04 8.4492e-10 1.3086e-04 2.1106e-01 0.0000e+00
804 0.0000e+00 0.0000e+00 1.3032e-04 7.8262e-10 1.3032e-04 2.1119e-01 0.0000e+00
805 0.0000e+00 0.0000e+00 1.2980e-04 7.2495e-10 1.2980e-04 2.1132e-01 0.0000e+00
806 0.0000e+00 0.0000e+00 1.2927e-04 6.7156e-10 1.2927e-04 2.1145e-01 0.0000e+00
807 0.0000e+00 0.0000e+00 1.2875e-04 6.2213e-10 1.2875e-04 2.1158e-01 0.0000e+00
808 0.0000e+00 0.0000e+00 1.2823e-04 5.7637e-10 1.2823e-04 2.1171e-01 0.0000e+00
809 0.0000e+00 0.0000e+00 1.2772e-04 5.3401e-10 1.2772e-04 2.1184e-01 0.0000e+00
810 0.0000e+00 0.0000e+00 1.2721e-04 1.7868e-10 1.2721e-04 2.1197e-01 0.0000e+00
811 0.0000e+00 0.0000e+00 1.2671e-04 1.6625e-10 1.2671e-04 2.1209e-01 0.0000e+00
812 0.0000e+00 0.0000e+00 1.2620e-04 1.5468e-10 1.2620e-04 2.1222e-01 0.0000e+00
813 0.0000e+00 3.0400e-05 1.2571e-04 1.4393e-10 1.2571e-04 2.1234e-01 0.0000e+00
814 0.0000e+00 5.8700e-05 1.2522e-04 1.3393e-10 1.2522e-04 2.1247e-01 0.0000e+00
815 0.0000e+00 8.3100e-05 1.2473e-04 1.2463e-10 1.2473e-04 2.1259e-01 0.0000e+00
816 0.0000e+00 1.0180e-04 1.2424e-04 1.1598e-10 1.2424e-04 2.1272e-01 0.0000e+00
817 0.0000e+00 1.1260e-04 1.2376e-04 1.0794e-10 1.2376e-04 2.1284e-01 0.0000e+00
818 0.0000e+00 1.1760e-04 1.2328e-04 1.0045e-10 1.2328e-04 2.1296e-01 0.0000e+00
819 0.0000e+00 1.1260e-04 1.2281e-04 9.3490e-11 1.2281e-04 2.1309e-01 0.0000e+00
820 0.0000e+00 1.0180e-04 1.2234e-04 8.7014e-11 1.2234e-04 2.1321e-01 0.0000e+00
821 0.0000e+00 8.3100e-05 1.2187e-04 8.0989e-11 1.2187e-04 2.1333e-01 0.0000e+00
822 0.0000e+00 5.8700e-05 1.2141e-04 1.0863e-11 1.2141e-04 2.1345e-01 0.0000e+00
823 0.0000e+00 2.8400e-05 1.2095e-04 1.0154e-11 1.2095e-04 2.1357e-01 0.0000e+00
824 0.0000e+00 0.0000e+00 1.2049e-04 9.4921e-12 1.2049e-04 2.1369e-01 0.0000e+00
825 0.0000e+00 0.0000e+00 1.2004e-04 8.8734e-12 1.2004e-04 2.1381e-01 0.0000e+00
826 0.0000e+00 0.0000e+00 1.1959e-04 8.2953e-12 1.1959e-04 2.1393e-01 0.0000e+00
827 0.0000e+00 0.0000e+00 1.1914e-04 7.7551e-12 1.1914e-04 2.1405e-01 0.0000e+00
828 0.0000e+00 0.0000e+00 1.1870e-04 7.2503e-12 1.1870e-04 2.1417e-01 0.0000e+00
829 0.0000e+00 0.0000e+00 1.1826e-04 6.7785e-12 1.1826e-04 2.1429e-01 0.0000e+00
830 0.0000e+00 0.0000e+00 1.1782e-04 6.3376e-12 1.1782e-04 2.1441e-01 0.0000e+00
831 0.0000e+00 0.0000e+00 1.1739e-04 5.9256e-12 1.1739e-04 2.1453e-01 0.0000e+00
832 0.0000e+00 0.0000e+00 1.1696e-04 5.5405e-12 1.1696e-04 2.1464e-01 0.0000e+00
833 0.0000e+00 0.0000e+00 1.1653e-04 5.1805e-12 1.1653e-04 2.1476e-01 0.0000e+00
834 0.0000e+00 0.0000e+00 1.1611e-04 0.0000e+00 1.1611e-04 2.1488e-01 0.0000e+00
835 0.0000e+00 0.0000e+00 1.1569e-04 0.0000e+00 1.1569e-04 2.1499e-01 0.0000e+00
836 0.0000e+00 0.0000e+00 1.1527e-04 0.0000e+00 1.1527e-04 2.1511e-01 0.0000e+00
837 0.0000e+00 6.6100e-05 1.1486e-04 0.0000e+00 1.1486e-04 2.1522e-01 0.0000e+00
838 0.0000e+00 1.2750e-04 1.1445e-04 0.0000e+00 1.1445e-04 2.1534e-01 0.0000e+00
839 0.0000e+00 1.8040e-04 1.1404e-04 0.0000e+00 1.1404e-04 2.1545e-01 0.0000e+00
840 0.0000e+00 2.2090e-04 1.1363e-04 0.0000e+00 1.1363e-04 2.1556e-01 0.0000e+00
841 0.0000e+00 2.4430e-04 1.1323e-04 0.0000e+00 1.1323e-04 2.1568e-01 0.0000e+00
842 0.0000e+00 2.5510e-04 1.1283e-04 0.0000e+00 1.1283e-04 2.1579e-01 0.0000e+00
843 0.0000e+00 2.4430e-04 1.1243e-04 0.0000e+00 1.1243e-04 2.1590e-01 0.0000e+00
844 0.0000e+00 2.2090e-04 1.1204e-04 0.0000e+00 1.1204e-04 2.1601e-01 0.0000e+00
845 0.0000e+00 1.8040e-04 1.1165e-04 0.0000e+00 1.1165e-04 2.1613e-01 0.0000e+00
846 0.0000e+00 1.2750e-04 1.1126e-04 0.0000e+00 1.1126e-04 2.1624e-01 0.0000e+00
847 0.0000e+00 6.1700e-05 1.1087e-04 0.0000e+00 1.1087e-04 2.1635e-01 0.0000e+00
848 0.0000e+00 0.0000e+00 1.1049e-04 0.0000e+00 1.1049e-04 2.1646e-01 0.0000e+00
849 0.0000e+00 0.0000e+00 1.1011e-04 0.0000e+00 1.1011e-04 2.1657e-01 0.0000e+00
850 0.0000e+00 0.0000e+00 1.0973e-04 0.0000e+00 1.0973e-04 2.1668e-01 0.0000e+00
851 0.0000e+00 0.0000e+00 1.0935e-04 0.0000e+00 1.0935e-04 2.1679e-01 0.0000e+00
852 0.0000e+00 0.0000e+00 1.0898e-04 0.0000e+00 1.0898e-04 2.1690e-01 0.0000e+00
853 0.0000e+00 0.0000e+00 1.0861e-04 0.0000e+00 1.0861e-04 2.1700e-01 0.0000e+00
854 0.0000e+00 0.0000e+00 1.0824e-04 0.0000e+00 1.0824e-04 2.1711e-01 0.0000e+00
855 0.0000e+00 0.0000e+00 1.0788e-04 0.0000e+00 1.0788e-04 2.1722e-01 0.0000e+00
856 0.0000e+00 0.0000e+00 1.0751e-04 0.0000e+00 1.0751e-04 2.1733e-01 0.0000e+00
857 0.0000e+00 0.0000e+00 1.0715e-04 0.0000e+00 1.0715e-04 2.1744e-01 0.0000e+00
858 0.0000e+00 0.0000e+00 1.0679e-04 0.0000e+00 1.0679e-04 2.1754e-01 0.0000e+00
859 0.0000e+00 0.0000e+00 1.0644e-04 0.0000e+00 1.0644e-04 2.1765e-01 0.0000e+00
860 0.0000e+00 0.0000e+00 1.0609e-04 0.0000e+00 1.0609e-04 2.1775e-01 0.0000e+00
861 0.0000e+00 9.7600e-05 1.0573e-04 0.0000e+00 1.0573e-04 2.1786e-01 0.0000e+00
862 0.0000e+00 1.8830e-04 1.0539e-04 0.0000e+00 1.0539e-04 2.1797e-01 0.0000e+00
863 0.0000e+00 2.6650e-04 1.0504e-04 0.0000e+00 1.0504e-04 2.1807e-01 0.0000e+00
864 0.0000e+00 3.2630e-04 1.0469e-04 0.0000e+00 1.0469e-04 2.1818e-01 0.0000e+00
865 0.0000e+00 3.6100e-04 1.0435e-04 0.0000e+00 1.0435e-04 2.1828e-01 0.0000e+00
866 0.0000e+00 3.7690e-04 1.0401e-04 0.0000e+00 1.0401e-04 2.1838e-01 0.0000e+00
867 0.0000e+00 3.6100e-04 1.0368e-04 0.0000e+00 1.0368e-04 2.1849e-01 0.0000e+00
868 0.0000e+00 3.2630e-04 1.0334e-04 0.0000e+00 1.0334e-04 2.1859e-01 0.0000e+00
869 0.0000e+00 2.6650e-04 1.0301e-04 0.0000e+00 1.0301e-04 2.1869e-01 0.0000e+00
870 0.0000e+00 1.8830e-04 1.0268e-04 0.0000e+00 1.0268e-04 2.1880e-01 0.0000e+00
871 0.0000e+00 9.1200e-05 1.0235e-04 0.0000e+00 1.0235e-04 2.1890e-01 0.0000e+00
872 0.0000e+00 0.0000e+00 1.0202e-04 0.0000e+00 1.0202e-04 2.1900e-01 0.0000e+00
873 0.0000e+00 0.0000e+00 1.0170e-04 0.0000e+00 1.0170e-04 2.1910e-01 0.0000e+00
874 0.0000e+00 0.0000e+00 1.0137e-04 0.0000e+00 1.0137e-04 2.1920e-01 0.0000e+00
875 0.0000e+00 0.0000e+00 1.0105e-04 0.0000e+00 1.0105e-04 2.1931e-01 0.0000e+00
876 0.0000e+00 0.0000e+00 1.0073e-04 0.0000e+00 1.0073e-04 2.1941e-01 0.0000e+00
877 0.0000e+00 0.0000e+00 1.0042e-04 0.0000e+00 1.0042e-04 2.1951e-01 0.0000e+00
878 0.0000e+00 0.0000e+00 1.0010e-04 0.0000e+00 1.0010e-04 2.1961e-01 0.0000e+00
879 0.0000e+00 0.0000e+00 9.9790e-05 0.0000e+00 9.9790e-05 2.1971e-01 0.0000e+00
880 0.0000e+00 0.0000e+00 9.9479e-05 0.0000e+00 9.9479e-05 2.1981e-01 0.0000e+00
881 0.0000e+00 0.0000e+00 9.9170e-05 0.0000e+00 9.9170e-05 2.1991e-01 0.0000e+00
882 0.0000e+00 0.0000e+00 9.8863e-05 0.0000e+00 9.8863e-05 2.2000e-01 0.0000e+00
883 0.0000e+00 0.0000e+00 9.8559e-05 0.0000e+00 9.8559e-05 2.2010e-01 0.0000e+00
884 0.0000e+00 0.0000e+00 9.8255e-05 0.0000e+00 9.8255e-05 2.2020e-01 0.0000e+00
885 0.0000e+00 6.4300e-05 9.7954e-05 0.0000e+00 9.7954e-05 2.2030e-01 0.0000e+00
886 0.0000e+00 1.2410e-04 9.7655e-05 0.0000e+00 9.7655e-05 2.2040e-01 0.0000e+00
887 0.0000e+00 1.7560e-04 9.7357e-05 0.0000e+00 9.7357e-05 2.2049e-01 0.0000e+00
888 0.0000e+00 2.1500e-04 9.7061e-05 0.0000e+00 9.7061e-05 2.2059e-01 0.0000e+00
889 0.0000e+00 2.3790e-04 9.6768e-05 0.0000e+00 9.6768e-05 2.2069e-01 0.0000e+00
890 0.0000e+00 2.4840e-04 9.6475e-05 0.0000e+00 9.6475e-05 2.2078e-01 0.0000e+00
891 0.0000e+00 2.3790e-04 9.6185e-05 0.0000e+00 9.6185e-05 2.2088e-01 0.0000e+00
892 0.0000e+00 2.1500e-04 9.5896e-05 0.0000e+00 9.5896e-05 2.2098e-01 0.0000e+00
893 0.0000e+00 1.7560e-04 9.5609e-05 0.0000e+00 9.5609e-05 2.2107e-01 0.0000e+00
894 0.0000e+00 1.2410e-04 9.5324e-05 0.0000e+00 9.5324e-05 2.2117e-01 0.0000e+00
895 0.0000e+00 6.0100e-05 9.5041e-05 0.0000e+00 9.5041e-05 2.2126e-01 0.0000e+00
896 0.0000e+00 0.0000e+00 9.4759e-05 0.0000e+00 9.4759e-05 2.2136e-01 0.0000e+00
897 0.0000e+00 0.0000e+00 9.4479e-05 0.0000e+00 9.4479e-05 2.2145e-01 0.0000e+00
898 0.0000e+00 0.0000e+00 9.4200e-05 0.0000e+00 9.4200e-05 2.2155e-01 0.0000e+00
899 0.0000e+00 0.0000e+00 9.3923e-05 0.0000e+00 9.3923e-05 2.2164e-01 0.0000e+00
900 0.0000e+00 0.0000e+00 9.3648e-05 0.0000e+00 9.3648e-05 2.2173e-01 0.0000e+00
901 0.0000e+00 0.0000e+00 9.3374e-05 0.0000e+00 9.3374e-05 2.2183e-01 0.0000e+00
902 0.0000e+00 0.0000e+00 9.3102e-05 0.0000e+00 9.3102e-05 2.2192e-01 0.0000e+00
903 0.0000e+00 0.0000e+00 9.2832e-05 0.0000e+00 9.2832e-05 2.2201e-01 0.0000e+00
904 0.0000e+00 0.0000e+00 9.2563e-05 0.0000e+00 9.2563e-05 2.2210e-01 0.0000e+00
905 0.0000e+00 0.0000e+00 9.2295e-05 0.0000e+00 9.2295e-05 2.2220e-01 0.0000e+00
906 0.0000e+00 0.0000e+00 9.2030e-05 0.0000e+00 9.2030e-05 2.2229e-01 0.0000e+00
907 0.0000e+00 0.0000e+00 9.1765e-05 0.0000e+00 9.1765e-05 2.2238e-01 0.0000e+00
908 0.0000e+00 0.0000e+00 9.1502e-05 0.0000e+00 9.1502e-05 2.2247e-01 0.0000e+00
909 0.0000e+00 8.0200e-05 9.1241e-05 0.0000e+00 9.1241e-05 2.2256e-01 0.0000e+00
910 0.0000e+00 1.5480e-04 9.0981e-05 0.0000e+00 9.0981e-05 2.2265e-01 0.0000e+00
911 0.0000e+00 2.1910e-04 9.0723e-05 0.0000e+00 9.0723e-05 2.2275e-01 0.0000e+00
912 0.0000e+00 2.6830e-04 9.0466e-05 0.0000e+00 9.0466e-05 2.2284e-01 0.0000e+00
913 0.0000e+00 2.9680e-04 9.0211e-05 0.0000e+00 9.0211e-05 2.2293e-01 0.0000e+00
914 0.0000e+00 3.0990e-04 8.9957e-05 0.0000e+00 8.9957e-05 2.2302e-01 0.0000e+00
915 0.0000e+00 2.9680e-04 8.9704e-05 0.0000e+00 8.9704e-05 2.2311e-01 0.0000e+00
916 0.0000e+00 2.6830e-04 8.9453e-05 0.0000e+00 8.9453e-05 2.2320e-01 0.0000e+00
917 0.0000e+00 2.1910e-04 8.9204e-05 0.0000e+00 8.9204e-05 2.2328e-01 0.0000e+00
918 0.0000e+00 1.5480e-04 8.8955e-05 0.0000e+00 8.8955e-05 2.2337e-01 0.0000e+00
919 0.0000e+00 7.5000e-05 8.8708e-05 0.0000e+00 8.8708e-05 2.2346e-01 0.0000e+00
920 0.0000e+00 0.0000e+00 8.8463e-05 0.0000e+00 8.8463e-05 2.2355e-01 0.0000e+00
921 0.0000e+00 0.0000e+00 8.8219e-05 0.0000e+00 8.8219e-05 2.2364e-01 0.0000e+00
922 0.0000e+00 0.0000e+00 8.7976e-05 0.0000e+00 8.7976e-05 2.2373e-01 0.0000e+00
923 0.0000e+00 0.0000e+00 8.7734e-05 0.0000e+00 8.7734e-05 2.2381e-01 0.0000e+00
924 0.0000e+00 0.0000e+00 8.7494e-05 0.0000e+00 8.7494e-05 2.2390e-01 0.0000e+00
925 0.0000e+00 0.0000e+00 8.7255e-05 0.0000e+00 8.7255e-05 2.2399e-01 0.0000e+00
926 0.0000e+00 0.0000e+00 8.7017e-05 0.0000e+00 8.7017e-05 2.2408e-01 0.0000e+00
927 0.0000e+00 0.0000e+00 8.6781e-05 0.0000e+00 8.6781e-05 2.2416e-01 0.0000e+00
928 0.0000e+00 0.0000e+00 8.6546e-05 0.0000e+00 8.6546e-05 2.2425e-01 0.0000e+00
929 0.0000e+00 0.0000e+00 8.6312e-05 0.0000e+00 8.6312e-05 2.2434e-01 0.0000e+00
930 0.0000e+00 0.0000e+00 8.6080e-05 0.0000e+00 8.6080e-05 2.2442e-01 0.0000e+00
931 0.0000e+00 0.0000e+00 8.5849e-05 0.0000e+00 8.5849e-05 2.2451e-01 0.0000e+00
932 0.0000e+00 0.0000e+00 8.5619e-05 0.0000e+00 8.5619e-05 2.2459e-01 0.0000e+00
933 0.0000e+00 9.6000e-05 8.5390e-05 0.0000e+00 8.5390e-05 2.2468e-01 0.0000e+00
934 0.0000e+00 1.8520e-04 8.5162e-05 0.0000e+00 8.5162e-05 2.2476e-01 0.0000e+00
935 0.0000e+00 2.6210e-04 8.4936e-05 0.0000e+00 8.4936e-05 2.2485e-01 0.0000e+00
936 0.0000e+00 3.2090e-04 8.4711e-05 0.0000e+00 8.4711e-05 2.2493e-01 0.0000e+00
937 0.0000e+00 3.5500e-04 8.4487e-05 0.0000e+00 8.4487e-05 2.2502e-01 0.0000e+00
938 0.0000e+00 3.7070e-04 8.4264e-05 0.0000e+00 8.4264e-05 2.2510e-01 0.0000e+00
939 0.0000e+00 3.5500e-04 8.4042e-05 0.0000e+00 8.4042e-05 2.2519e-01 0.0000e+00
940 0.0000e+00 3.2090e-04 8.3822e-05 0.0000e+00 8.3822e-05 2.2527e-01 0.0000e+00
941 0.0000e+00 2.6210e-04 8.3603e-05 0.0000e+00 8.3603e-05 2.2535e-01 0.0000e+00
942 0.0000e+00 1.8520e-04 8.3385e-05 0.0000e+00 8.3385e-05 2.2544e-01 0.0000e+00
943 0.0000e+00 8.9700e-05 8.3168e-05 0.0000e+00 8.3168e-05 2.2552e-01 0.0000e+00
944 0.0000e+00 0.0000e+00 8.2952e-05 0.0000e+00 8.2952e-05 2.2560e-01 0.0000e+00
945 0.0000e+00 0.0000e+00 8.2737e-05 0.0000e+00 8.2737e-05 2.2569e-01 0.0000e+00
946 0.0000e+00 0.0000e+00 8.2523e-05 0.0000e+00 8.2523e-05 2.2577e-01 0.0000e+00
947 0.0000e+00 0.0000e+00 8.2311e-05 0.0000e+00 8.2311e-05 2.2585e-01 0.0000e+00
948 0.0000e+00 0.0000e+00 8.2099e-05 0.0000e+00 8.2099e-05 2.2593e-01 0.0000e+00
949 0.0000e+00 0.0000e+00 8.1889e-05 0.0000e+00 8.1889e-05 2.2601e-01 0.0000e+00
950 0.0000e+00 0.0000e+00 8.1680e-05 0.0000e+00 8.1680e-05 2.2610e-01 0.0000e+00
Objective function values:
F1 2.171890e-06    NSE 0.62665   F2 3.451888e-02
Mean Obs Q 1.590065e-04   Variance Obs Q 6.123405e-09
    Error Variance 2.286200e-09

Water Balance for Subcatchment: Extracted study basin: Taegu Pyungkwang River

   SUMP       SUMAE      SUMQ       SUMRZ      SUMUZ      SBAR        BAL
1.890e-01  4.459e-02  1.176e-01  1.888e-02  0.000e+00  2.261e-01  1.463e-02
