Taegu Pyungkwang River Catchment: Calibration Data

Subcatchment : Extracted study basin: cat-10319

TL =     7.86
SUMAC =     1.00
SZQ =       0.05718
Subcatchment routing data:
Maximum Routing Delay       0.69444
Sum of Histogram ordinates:     1.0000
     1.00000 
Initial BAL             -0.24083
Initial SBAR             0.23883
Initial SR0              0.00200
it      p        ep       q(it)       quz      q       sbar       qof
1 0.0000e+00 6.1900e-05 3.2800e-05 0.0000e+00 3.2800e-05 2.3887e-01 0.0000e+00
2 0.0000e+00 6.4700e-05 3.2766e-05 0.0000e+00 3.2766e-05 2.3890e-01 0.0000e+00
3 1.0000e-03 6.1900e-05 3.2733e-05 0.0000e+00 3.2733e-05 2.3893e-01 0.0000e+00
4 1.0000e-03 5.6000e-05 3.2699e-05 0.0000e+00 3.2699e-05 2.3896e-01 0.0000e+00
5 1.0000e-03 4.5700e-05 4.0382e-05 6.9904e-05 3.2666e-05 2.3893e-01 7.7159e-06
6 5.0000e-04 3.2300e-05 3.7057e-05 1.0139e-04 3.2704e-05 2.3886e-01 4.3527e-06
7 5.0000e-04 1.5600e-05 3.7255e-05 1.3222e-04 3.2774e-05 2.3876e-01 4.4810e-06
8 0.0000e+00 0.0000e+00 3.2876e-05 1.1711e-04 3.2876e-05 2.3867e-01 0.0000e+00
9 5.0000e-04 0.0000e+00 3.7968e-05 1.5027e-04 3.2963e-05 2.3856e-01 5.0051e-06
10 5.0000e-04 0.0000e+00 3.8587e-05 1.7949e-04 3.3084e-05 2.3841e-01 5.5033e-06
11 0.0000e+00 0.0000e+00 3.3236e-05 1.6060e-04 3.3236e-05 2.3828e-01 0.0000e+00
12 0.0000e+00 0.0000e+00 3.3368e-05 1.4559e-04 3.3368e-05 2.3817e-01 0.0000e+00
13 1.0000e-03 0.0000e+00 4.5942e-05 2.2222e-04 3.3486e-05 2.3798e-01 1.2457e-05
14 5.0000e-04 0.0000e+00 3.9912e-05 2.4396e-04 3.3684e-05 2.3777e-01 6.2284e-06
15 5.0000e-04 0.0000e+00 4.0134e-05 2.6485e-04 3.3906e-05 2.3754e-01 6.2284e-06
16 1.0000e-03 0.0000e+00 4.6608e-05 3.2908e-04 3.4151e-05 2.3725e-01 1.2457e-05
17 0.0000e+00 0.0000e+00 3.4467e-05 2.9572e-04 3.4467e-05 2.3699e-01 0.0000e+00
18 0.0000e+00 0.0000e+00 3.4750e-05 2.6834e-04 3.4750e-05 2.3675e-01 0.0000e+00
19 0.0000e+00 0.0000e+00 3.5005e-05 2.4401e-04 3.5005e-05 2.3654e-01 0.0000e+00
20 0.0000e+00 0.0000e+00 3.5234e-05 2.2222e-04 3.5234e-05 2.3636e-01 0.0000e+00
21 0.0000e+00 1.8000e-05 3.5440e-05 2.0262e-04 3.5440e-05 2.3619e-01 0.0000e+00
22 0.0000e+00 3.4800e-05 3.5626e-05 1.8493e-04 3.5626e-05 2.3604e-01 0.0000e+00
23 0.0000e+00 4.9200e-05 3.5793e-05 1.6891e-04 3.5793e-05 2.3591e-01 0.0000e+00
24 3.0000e-03 6.0200e-05 7.2042e-05 4.1811e-04 3.5942e-05 2.3552e-01 3.6101e-05
25 2.0000e-03 6.6600e-05 6.0537e-05 5.4807e-04 3.6374e-05 2.3501e-01 2.4164e-05
26 5.5000e-03 6.9600e-05 1.0464e-04 9.8737e-04 3.6960e-05 2.3406e-01 6.7683e-05
27 6.0000e-03 6.6600e-05 1.1195e-04 1.4241e-03 3.8074e-05 2.3268e-01 7.3874e-05
28 1.0000e-03 6.0200e-05 5.1387e-05 1.3604e-03 3.9760e-05 2.3136e-01 1.1627e-05
29 2.5000e-03 4.9200e-05 7.1827e-05 1.4577e-03 4.1435e-05 2.2994e-01 3.0392e-05
30 0.0000e+00 3.4800e-05 4.3310e-05 1.3160e-03 4.3310e-05 2.2867e-01 0.0000e+00
31 0.0000e+00 1.6800e-05 4.5067e-05 1.1953e-03 4.5067e-05 2.2752e-01 0.0000e+00
32 1.0000e-03 0.0000e+00 5.7918e-05 1.1728e-03 4.6716e-05 2.2639e-01 1.1202e-05
33 5.0000e-04 0.0000e+00 5.4618e-05 1.1120e-03 4.8390e-05 2.2533e-01 6.2284e-06
34 0.0000e+00 0.0000e+00 5.0025e-05 1.0097e-03 5.0025e-05 2.2437e-01 0.0000e+00
35 0.0000e+00 0.0000e+00 5.1548e-05 9.1889e-04 5.1548e-05 2.2350e-01 0.0000e+00
36 0.0000e+00 0.0000e+00 5.2964e-05 8.3674e-04 5.2964e-05 2.2272e-01 0.0000e+00
37 0.0000e+00 0.0000e+00 5.4278e-05 7.6223e-04 5.4278e-05 2.2201e-01 0.0000e+00
38 0.0000e+00 0.0000e+00 5.5492e-05 6.9453e-04 5.5492e-05 2.2137e-01 0.0000e+00
39 0.0000e+00 0.0000e+00 5.6611e-05 6.3298e-04 5.6611e-05 2.2079e-01 0.0000e+00
40 0.0000e+00 0.0000e+00 5.7640e-05 5.7699e-04 5.7640e-05 2.2027e-01 0.0000e+00
41 0.0000e+00 0.0000e+00 5.8583e-05 5.2604e-04 5.8583e-05 2.1981e-01 0.0000e+00
42 0.0000e+00 0.0000e+00 5.9445e-05 4.7966e-04 5.9445e-05 2.1938e-01 0.0000e+00
43 0.0000e+00 0.0000e+00 6.0231e-05 4.3743e-04 6.0231e-05 2.1901e-01 0.0000e+00
44 0.0000e+00 0.0000e+00 6.0945e-05 3.9898e-04 6.0945e-05 2.1867e-01 0.0000e+00
45 0.0000e+00 3.3800e-05 6.1592e-05 3.6396e-04 6.1592e-05 2.1837e-01 0.0000e+00
46 1.0000e-03 6.5200e-05 7.6238e-05 4.2752e-04 6.2177e-05 2.1800e-01 1.4060e-05
47 0.0000e+00 9.2300e-05 6.2891e-05 3.8508e-04 6.2891e-05 2.1768e-01 0.0000e+00
48 5.0000e-04 1.1300e-04 6.8513e-05 3.8365e-04 6.3528e-05 2.1736e-01 4.9859e-06
49 0.0000e+00 1.2500e-04 6.4166e-05 3.4708e-04 6.4166e-05 2.1708e-01 0.0000e+00
50 1.0000e-03 1.3050e-04 7.5829e-05 3.9113e-04 6.4736e-05 2.1675e-01 1.1093e-05
51 2.5000e-03 1.2500e-04 9.9881e-05 5.8808e-04 6.5400e-05 2.1623e-01 3.4482e-05
52 3.0000e-03 1.1300e-04 1.0831e-04 8.0932e-04 6.6477e-05 2.1548e-01 4.1838e-05
53 2.5000e-03 9.2300e-05 1.0277e-04 9.5713e-04 6.8038e-05 2.1460e-01 3.4736e-05
54 3.0000e-03 6.5200e-05 1.1227e-04 1.1450e-03 6.9955e-05 2.1352e-01 4.2314e-05
55 2.5000e-03 3.1600e-05 1.0778e-04 1.2658e-03 7.2345e-05 2.1233e-01 3.5432e-05
56 2.0000e-03 0.0000e+00 1.0374e-04 1.3302e-03 7.5094e-05 2.1107e-01 2.8645e-05
57 1.0000e-03 0.0000e+00 9.2650e-05 1.2917e-03 7.8098e-05 2.0986e-01 1.4552e-05
58 1.0000e-03 0.0000e+00 9.5669e-05 1.2622e-03 8.1117e-05 2.0868e-01 1.4552e-05
59 0.0000e+00 0.0000e+00 8.4167e-05 1.1323e-03 8.4167e-05 2.0763e-01 0.0000e+00
60 5.0000e-04 0.0000e+00 9.4245e-05 1.0733e-03 8.6969e-05 2.0664e-01 7.2761e-06
61 5.0000e-04 0.0000e+00 9.6968e-05 1.0190e-03 8.9692e-05 2.0571e-01 7.2761e-06
62 0.0000e+00 0.0000e+00 9.2335e-05 9.1654e-04 9.2335e-05 2.0489e-01 0.0000e+00
63 0.0000e+00 0.0000e+00 9.4744e-05 8.2701e-04 9.4744e-05 2.0416e-01 0.0000e+00
64 0.0000e+00 0.0000e+00 9.6937e-05 7.4691e-04 9.6937e-05 2.0351e-01 0.0000e+00
65 0.0000e+00 0.0000e+00 9.8926e-05 6.7495e-04 9.8926e-05 2.0293e-01 0.0000e+00
66 0.0000e+00 0.0000e+00 1.0072e-04 6.1018e-04 1.0072e-04 2.0242e-01 0.0000e+00
67 0.0000e+00 0.0000e+00 1.0234e-04 5.5180e-04 1.0234e-04 2.0197e-01 0.0000e+00
68 0.0000e+00 0.0000e+00 1.0379e-04 4.9915e-04 1.0379e-04 2.0158e-01 0.0000e+00
69 0.0000e+00 4.1400e-05 1.0508e-04 4.5164e-04 1.0508e-04 2.0123e-01 0.0000e+00
70 0.0000e+00 7.9800e-05 1.0622e-04 4.0876e-04 1.0622e-04 2.0093e-01 0.0000e+00
71 0.0000e+00 1.1290e-04 1.0723e-04 3.7003e-04 1.0723e-04 2.0066e-01 0.0000e+00
72 0.0000e+00 1.3830e-04 1.0811e-04 3.3506e-04 1.0811e-04 2.0044e-01 0.0000e+00
73 0.0000e+00 1.5300e-04 1.0888e-04 3.0346e-04 1.0888e-04 2.0024e-01 0.0000e+00
74 0.0000e+00 1.5980e-04 1.0955e-04 2.7491e-04 1.0955e-04 2.0008e-01 0.0000e+00
75 0.0000e+00 1.5300e-04 1.1012e-04 2.4911e-04 1.1012e-04 1.9994e-01 0.0000e+00
76 0.0000e+00 1.3830e-04 1.1059e-04 2.2578e-04 1.1059e-04 1.9982e-01 0.0000e+00
77 0.0000e+00 1.1290e-04 1.1099e-04 2.0469e-04 1.1099e-04 1.9973e-01 0.0000e+00
78 0.0000e+00 7.9800e-05 1.1132e-04 1.8562e-04 1.1132e-04 1.9966e-01 0.0000e+00
79 0.0000e+00 3.8700e-05 1.1158e-04 1.6836e-04 1.1158e-04 1.9960e-01 0.0000e+00
80 0.0000e+00 0.0000e+00 1.1178e-04 1.5275e-04 1.1178e-04 1.9956e-01 0.0000e+00
81 0.0000e+00 0.0000e+00 1.1192e-04 1.3862e-04 1.1192e-04 1.9953e-01 0.0000e+00
82 0.0000e+00 0.0000e+00 1.1201e-04 1.2583e-04 1.1201e-04 1.9952e-01 0.0000e+00
83 0.0000e+00 0.0000e+00 1.1206e-04 1.1425e-04 1.1206e-04 1.9952e-01 0.0000e+00
84 0.0000e+00 0.0000e+00 1.1207e-04 1.0376e-04 1.1207e-04 1.9952e-01 0.0000e+00
85 0.0000e+00 0.0000e+00 1.1204e-04 9.4257e-05 1.1204e-04 1.9954e-01 0.0000e+00
86 0.0000e+00 0.0000e+00 1.1198e-04 8.5647e-05 1.1198e-04 1.9957e-01 0.0000e+00
87 0.0000e+00 0.0000e+00 1.1189e-04 7.7844e-05 1.1189e-04 1.9960e-01 0.0000e+00
88 0.0000e+00 0.0000e+00 1.1177e-04 7.0769e-05 1.1177e-04 1.9964e-01 0.0000e+00
89 0.0000e+00 0.0000e+00 1.1162e-04 6.4354e-05 1.1162e-04 1.9969e-01 0.0000e+00
90 0.0000e+00 0.0000e+00 1.1146e-04 5.8535e-05 1.1146e-04 1.9974e-01 0.0000e+00
91 0.0000e+00 0.0000e+00 1.1127e-04 5.3255e-05 1.1127e-04 1.9980e-01 0.0000e+00
92 0.0000e+00 0.0000e+00 1.1107e-04 4.8464e-05 1.1107e-04 1.9986e-01 0.0000e+00
93 0.0000e+00 1.9100e-05 1.1086e-04 4.4115e-05 1.1086e-04 1.9993e-01 0.0000e+00
94 0.0000e+00 3.6800e-05 1.1062e-04 4.0165e-05 1.1062e-04 2.0000e-01 0.0000e+00
95 0.0000e+00 5.2100e-05 1.1038e-04 3.6578e-05 1.1038e-04 2.0007e-01 0.0000e+00
96 0.0000e+00 6.3800e-05 1.1013e-04 3.3320e-05 1.1013e-04 2.0015e-01 0.0000e+00
97 5.0000e-04 7.0600e-05 1.0986e-04 3.0358e-05 1.0986e-04 2.0023e-01 0.0000e+00
98 5.0000e-04 7.3700e-05 1.0959e-04 2.7667e-05 1.0959e-04 2.0031e-01 0.0000e+00
99 0.0000e+00 7.0600e-05 1.0931e-04 2.5220e-05 1.0931e-04 2.0040e-01 0.0000e+00
100 0.0000e+00 6.3800e-05 1.0902e-04 2.2994e-05 1.0902e-04 2.0048e-01 0.0000e+00
101 0.0000e+00 5.2100e-05 1.0873e-04 2.0970e-05 1.0873e-04 2.0057e-01 0.0000e+00
102 0.0000e+00 3.6800e-05 1.0843e-04 1.9128e-05 1.0843e-04 2.0066e-01 0.0000e+00
103 0.0000e+00 1.7800e-05 1.0813e-04 1.7452e-05 1.0813e-04 2.0075e-01 0.0000e+00
104 0.0000e+00 0.0000e+00 1.0782e-04 1.5926e-05 1.0782e-04 2.0084e-01 0.0000e+00
105 0.0000e+00 0.0000e+00 1.0752e-04 1.4537e-05 1.0752e-04 2.0094e-01 0.0000e+00
106 0.0000e+00 0.0000e+00 1.0720e-04 1.3272e-05 1.0720e-04 2.0103e-01 0.0000e+00
107 0.0000e+00 0.0000e+00 1.0689e-04 1.2120e-05 1.0689e-04 2.0112e-01 0.0000e+00
108 0.0000e+00 0.0000e+00 1.0657e-04 1.1070e-05 1.0657e-04 2.0122e-01 0.0000e+00
109 0.0000e+00 0.0000e+00 1.0626e-04 1.0112e-05 1.0626e-04 2.0132e-01 0.0000e+00
110 0.0000e+00 0.0000e+00 1.0594e-04 9.2398e-06 1.0594e-04 2.0141e-01 0.0000e+00
111 5.0000e-04 0.0000e+00 1.0562e-04 8.4444e-06 1.0562e-04 2.0151e-01 0.0000e+00
112 0.0000e+00 0.0000e+00 1.0530e-04 7.7191e-06 1.0530e-04 2.0161e-01 0.0000e+00
113 0.0000e+00 0.0000e+00 1.0498e-04 7.0574e-06 1.0498e-04 2.0171e-01 0.0000e+00
114 0.0000e+00 0.0000e+00 1.0466e-04 6.4537e-06 1.0466e-04 2.0180e-01 0.0000e+00
115 0.0000e+00 0.0000e+00 1.0433e-04 5.9028e-06 1.0433e-04 2.0190e-01 0.0000e+00
116 0.0000e+00 0.0000e+00 1.0401e-04 5.4000e-06 1.0401e-04 2.0200e-01 0.0000e+00
117 0.0000e+00 1.0200e-05 1.0369e-04 4.9409e-06 1.0369e-04 2.0210e-01 0.0000e+00
118 0.0000e+00 1.9800e-05 1.0337e-04 4.5217e-06 1.0337e-04 2.0220e-01 0.0000e+00
119 0.0000e+00 2.8000e-05 1.0306e-04 4.1388e-06 1.0306e-04 2.0230e-01 0.0000e+00
120 0.0000e+00 3.4200e-05 1.0274e-04 3.7890e-06 1.0274e-04 2.0240e-01 0.0000e+00
121 0.0000e+00 3.7900e-05 1.0242e-04 3.4694e-06 1.0242e-04 2.0250e-01 0.0000e+00
122 0.0000e+00 3.9500e-05 1.0210e-04 3.1770e-06 1.0210e-04 2.0259e-01 0.0000e+00
123 0.0000e+00 3.7900e-05 1.0179e-04 2.9101e-06 1.0179e-04 2.0269e-01 0.0000e+00
124 0.0000e+00 3.4200e-05 1.0148e-04 2.6661e-06 1.0148e-04 2.0279e-01 0.0000e+00
125 0.0000e+00 2.8000e-05 1.0116e-04 2.4430e-06 1.0116e-04 2.0289e-01 0.0000e+00
126 0.0000e+00 1.9800e-05 1.0085e-04 2.2389e-06 1.0085e-04 2.0299e-01 0.0000e+00
127 0.0000e+00 9.6000e-06 1.0054e-04 2.0522e-06 1.0054e-04 2.0309e-01 0.0000e+00
128 0.0000e+00 0.0000e+00 1.0023e-04 1.8814e-06 1.0023e-04 2.0319e-01 0.0000e+00
129 0.0000e+00 0.0000e+00 9.9924e-05 1.7250e-06 9.9924e-05 2.0328e-01 0.0000e+00
130 0.0000e+00 0.0000e+00 9.9618e-05 1.5820e-06 9.9618e-05 2.0338e-01 0.0000e+00
131 0.0000e+00 0.0000e+00 9.9313e-05 1.4510e-06 9.9313e-05 2.0348e-01 0.0000e+00
132 0.0000e+00 0.0000e+00 9.9010e-05 1.3311e-06 9.9010e-05 2.0358e-01 0.0000e+00
133 0.0000e+00 0.0000e+00 9.8708e-05 1.2213e-06 9.8708e-05 2.0368e-01 0.0000e+00
134 0.0000e+00 0.0000e+00 9.8408e-05 1.1203e-06 9.8408e-05 2.0377e-01 0.0000e+00
135 0.0000e+00 0.0000e+00 9.8109e-05 1.0282e-06 9.8109e-05 2.0387e-01 0.0000e+00
136 0.0000e+00 0.0000e+00 9.7812e-05 9.4385e-07 9.7812e-05 2.0397e-01 0.0000e+00
137 0.0000e+00 0.0000e+00 9.7516e-05 8.6654e-07 9.7516e-05 2.0406e-01 0.0000e+00
138 0.0000e+00 0.0000e+00 9.7222e-05 7.9567e-07 9.7222e-05 2.0416e-01 0.0000e+00
139 0.0000e+00 0.0000e+00 9.6930e-05 7.3071e-07 9.6930e-05 2.0426e-01 0.0000e+00
140 0.0000e+00 0.0000e+00 9.6639e-05 6.7115e-07 9.6639e-05 2.0435e-01 0.0000e+00
141 5.0000e-04 4.1400e-05 9.6349e-05 6.1654e-07 9.6349e-05 2.0445e-01 0.0000e+00
142 0.0000e+00 7.9900e-05 9.6062e-05 5.6645e-07 9.6062e-05 2.0454e-01 0.0000e+00
143 0.0000e+00 1.1300e-04 9.5775e-05 5.2050e-07 9.5775e-05 2.0464e-01 0.0000e+00
144 0.0000e+00 1.3840e-04 9.5491e-05 4.7835e-07 9.5491e-05 2.0473e-01 0.0000e+00
145 0.0000e+00 1.5310e-04 9.5208e-05 4.3967e-07 9.5208e-05 2.0483e-01 0.0000e+00
146 0.0000e+00 1.5990e-04 9.4926e-05 4.0356e-07 9.4926e-05 2.0492e-01 0.0000e+00
147 0.0000e+00 1.5310e-04 9.4646e-05 3.7106e-07 9.4646e-05 2.0502e-01 0.0000e+00
148 0.0000e+00 1.3840e-04 9.4368e-05 3.4122e-07 9.4368e-05 2.0511e-01 0.0000e+00
149 0.0000e+00 1.1300e-04 9.4091e-05 3.1382e-07 9.4091e-05 2.0520e-01 0.0000e+00
150 0.0000e+00 7.9900e-05 9.3815e-05 2.8866e-07 9.3815e-05 2.0530e-01 0.0000e+00
151 0.0000e+00 3.8700e-05 9.3542e-05 2.6555e-07 9.3542e-05 2.0539e-01 0.0000e+00
152 0.0000e+00 0.0000e+00 9.3269e-05 2.4432e-07 9.3269e-05 2.0548e-01 0.0000e+00
153 0.0000e+00 0.0000e+00 9.2999e-05 2.2482e-07 9.2999e-05 2.0558e-01 0.0000e+00
154 0.0000e+00 0.0000e+00 9.2729e-05 2.0690e-07 9.2729e-05 2.0567e-01 0.0000e+00
155 0.0000e+00 0.0000e+00 9.2462e-05 1.9043e-07 9.2462e-05 2.0576e-01 0.0000e+00
156 0.0000e+00 0.0000e+00 9.2195e-05 1.7529e-07 9.2195e-05 2.0585e-01 0.0000e+00
157 0.0000e+00 0.0000e+00 9.1931e-05 1.6138e-07 9.1931e-05 2.0595e-01 0.0000e+00
158 0.0000e+00 0.0000e+00 9.1667e-05 1.4751e-07 9.1667e-05 2.0604e-01 0.0000e+00
159 0.0000e+00 0.0000e+00 9.1406e-05 1.3586e-07 9.1406e-05 2.0613e-01 0.0000e+00
160 0.0000e+00 0.0000e+00 9.1145e-05 1.2516e-07 9.1145e-05 2.0622e-01 0.0000e+00
161 0.0000e+00 0.0000e+00 9.0886e-05 1.1531e-07 9.0886e-05 2.0631e-01 0.0000e+00
162 0.0000e+00 0.0000e+00 9.0629e-05 1.0624e-07 9.0629e-05 2.0640e-01 0.0000e+00
163 0.0000e+00 0.0000e+00 9.0373e-05 9.7901e-08 9.0373e-05 2.0649e-01 0.0000e+00
164 0.0000e+00 0.0000e+00 9.0118e-05 9.0225e-08 9.0118e-05 2.0658e-01 0.0000e+00
165 0.0000e+00 1.7800e-05 8.9865e-05 8.3159e-08 8.9865e-05 2.0667e-01 0.0000e+00
166 0.0000e+00 3.4400e-05 8.9613e-05 7.6656e-08 8.9613e-05 2.0676e-01 0.0000e+00
167 0.0000e+00 4.8600e-05 8.9363e-05 7.0668e-08 8.9363e-05 2.0685e-01 0.0000e+00
168 0.0000e+00 5.9500e-05 8.9114e-05 6.5155e-08 8.9114e-05 2.0694e-01 0.0000e+00
169 0.0000e+00 6.5900e-05 8.8866e-05 6.0079e-08 8.8866e-05 2.0703e-01 0.0000e+00
170 0.0000e+00 6.8800e-05 8.8620e-05 5.3752e-08 8.8620e-05 2.0712e-01 0.0000e+00
171 0.0000e+00 6.5900e-05 8.8375e-05 4.9610e-08 8.8375e-05 2.0720e-01 0.0000e+00
172 0.0000e+00 5.9500e-05 8.8132e-05 4.5791e-08 8.8132e-05 2.0729e-01 0.0000e+00
173 0.0000e+00 4.8600e-05 8.7889e-05 4.2270e-08 8.7889e-05 2.0738e-01 0.0000e+00
174 0.0000e+00 3.4400e-05 8.7648e-05 3.9022e-08 8.7648e-05 2.0747e-01 0.0000e+00
175 0.0000e+00 1.6600e-05 8.7409e-05 3.6028e-08 8.7409e-05 2.0756e-01 0.0000e+00
176 0.0000e+00 0.0000e+00 8.7170e-05 3.3266e-08 8.7170e-05 2.0764e-01 0.0000e+00
177 0.0000e+00 0.0000e+00 8.6933e-05 3.0719e-08 8.6933e-05 2.0773e-01 0.0000e+00
178 0.0000e+00 0.0000e+00 8.6698e-05 2.8369e-08 8.6698e-05 2.0782e-01 0.0000e+00
179 0.0000e+00 0.0000e+00 8.6463e-05 2.6201e-08 8.6463e-05 2.0790e-01 0.0000e+00
180 0.0000e+00 0.0000e+00 8.6230e-05 2.4200e-08 8.6230e-05 2.0799e-01 0.0000e+00
181 0.0000e+00 0.0000e+00 8.5998e-05 2.2355e-08 8.5998e-05 2.0807e-01 0.0000e+00
182 0.0000e+00 0.0000e+00 8.5767e-05 2.0652e-08 8.5767e-05 2.0816e-01 0.0000e+00
183 0.0000e+00 0.0000e+00 8.5538e-05 1.7452e-08 8.5538e-05 2.0825e-01 0.0000e+00
184 0.0000e+00 0.0000e+00 8.5309e-05 1.6148e-08 8.5309e-05 2.0833e-01 0.0000e+00
185 0.0000e+00 0.0000e+00 8.5082e-05 1.4942e-08 8.5082e-05 2.0842e-01 0.0000e+00
186 0.0000e+00 0.0000e+00 8.4856e-05 1.3828e-08 8.4856e-05 2.0850e-01 0.0000e+00
187 0.0000e+00 0.0000e+00 8.4632e-05 1.2797e-08 8.4632e-05 2.0859e-01 0.0000e+00
188 0.0000e+00 0.0000e+00 8.4408e-05 1.1844e-08 8.4408e-05 2.0867e-01 0.0000e+00
189 0.0000e+00 4.5600e-05 8.4186e-05 1.0962e-08 8.4186e-05 2.0875e-01 0.0000e+00
190 5.0000e-04 8.7900e-05 8.3965e-05 1.0147e-08 8.3965e-05 2.0884e-01 0.0000e+00
191 0.0000e+00 1.2440e-04 8.3745e-05 9.3928e-09 8.3745e-05 2.0892e-01 0.0000e+00
192 0.0000e+00 1.5230e-04 8.3526e-05 8.6954e-09 8.3526e-05 2.0901e-01 0.0000e+00
193 0.0000e+00 1.6850e-04 8.3308e-05 8.0502e-09 8.3308e-05 2.0909e-01 0.0000e+00
194 0.0000e+00 1.7590e-04 8.3092e-05 7.4534e-09 8.3092e-05 2.0917e-01 0.0000e+00
195 0.0000e+00 1.6850e-04 8.2876e-05 5.5421e-09 8.2876e-05 2.0925e-01 0.0000e+00
196 0.0000e+00 1.5230e-04 8.2662e-05 5.1433e-09 8.2662e-05 2.0934e-01 0.0000e+00
197 0.0000e+00 1.2440e-04 8.2448e-05 4.7735e-09 8.2448e-05 2.0942e-01 0.0000e+00
198 0.0000e+00 8.7900e-05 8.2236e-05 4.4304e-09 8.2236e-05 2.0950e-01 0.0000e+00
199 0.0000e+00 4.2600e-05 8.2025e-05 4.1122e-09 8.2025e-05 2.0958e-01 0.0000e+00
200 0.0000e+00 0.0000e+00 8.1815e-05 3.8170e-09 8.1815e-05 2.0967e-01 0.0000e+00
201 0.0000e+00 0.0000e+00 8.1606e-05 3.5431e-09 8.1606e-05 2.0975e-01 0.0000e+00
202 0.0000e+00 0.0000e+00 8.1399e-05 3.2891e-09 8.1399e-05 2.0983e-01 0.0000e+00
203 0.0000e+00 0.0000e+00 8.1192e-05 3.0534e-09 8.1192e-05 2.0991e-01 0.0000e+00
204 0.0000e+00 0.0000e+00 8.0986e-05 2.8347e-09 8.0986e-05 2.0999e-01 0.0000e+00
205 0.0000e+00 0.0000e+00 8.0781e-05 2.6318e-09 8.0781e-05 2.1007e-01 0.0000e+00
206 0.0000e+00 0.0000e+00 8.0578e-05 2.4435e-09 8.0578e-05 2.1015e-01 0.0000e+00
207 0.0000e+00 0.0000e+00 8.0375e-05 2.2688e-09 8.0375e-05 2.1023e-01 0.0000e+00
208 0.0000e+00 0.0000e+00 8.0173e-05 1.3096e-09 8.0173e-05 2.1031e-01 0.0000e+00
209 0.0000e+00 0.0000e+00 7.9973e-05 1.2198e-09 7.9973e-05 2.1039e-01 0.0000e+00
210 0.0000e+00 0.0000e+00 7.9773e-05 1.1361e-09 7.9773e-05 2.1047e-01 0.0000e+00
211 0.0000e+00 0.0000e+00 7.9575e-05 1.0582e-09 7.9575e-05 2.1055e-01 0.0000e+00
212 0.0000e+00 0.0000e+00 7.9377e-05 9.8573e-10 7.9377e-05 2.1063e-01 0.0000e+00
213 0.0000e+00 4.9000e-05 7.9180e-05 9.1821e-10 7.9180e-05 2.1071e-01 0.0000e+00
214 0.0000e+00 9.4600e-05 7.8985e-05 8.5534e-10 7.8985e-05 2.1079e-01 0.0000e+00
215 0.0000e+00 1.3380e-04 7.8790e-05 7.9680e-10 7.8790e-05 2.1087e-01 0.0000e+00
216 0.0000e+00 1.6380e-04 7.8596e-05 7.4229e-10 7.8596e-05 2.1095e-01 0.0000e+00
217 0.0000e+00 1.8130e-04 7.8403e-05 6.9153e-10 7.8403e-05 2.1103e-01 0.0000e+00
218 0.0000e+00 1.8920e-04 7.8211e-05 6.4426e-10 7.8211e-05 2.1110e-01 0.0000e+00
219 0.0000e+00 1.8130e-04 7.8021e-05 6.0024e-10 7.8021e-05 2.1118e-01 0.0000e+00
220 0.0000e+00 1.6380e-04 7.7831e-05 2.3656e-10 7.7831e-05 2.1126e-01 0.0000e+00
221 0.0000e+00 1.3380e-04 7.7642e-05 2.2115e-10 7.7642e-05 2.1134e-01 0.0000e+00
222 0.0000e+00 9.4600e-05 7.7453e-05 2.0675e-10 7.7453e-05 2.1141e-01 0.0000e+00
223 0.0000e+00 4.5800e-05 7.7266e-05 1.9329e-10 7.7266e-05 2.1149e-01 0.0000e+00
224 0.0000e+00 0.0000e+00 7.7080e-05 1.8071e-10 7.7080e-05 2.1157e-01 0.0000e+00
225 0.0000e+00 0.0000e+00 7.6894e-05 1.6896e-10 7.6894e-05 2.1165e-01 0.0000e+00
226 0.0000e+00 0.0000e+00 7.6710e-05 1.5797e-10 7.6710e-05 2.1172e-01 0.0000e+00
227 0.0000e+00 0.0000e+00 7.6526e-05 1.4770e-10 7.6526e-05 2.1180e-01 0.0000e+00
228 0.0000e+00 0.0000e+00 7.6343e-05 1.3809e-10 7.6343e-05 2.1188e-01 0.0000e+00
229 0.0000e+00 0.0000e+00 7.6161e-05 1.2912e-10 7.6161e-05 2.1195e-01 0.0000e+00
230 0.0000e+00 0.0000e+00 7.5980e-05 1.2073e-10 7.5980e-05 2.1203e-01 0.0000e+00
231 0.0000e+00 0.0000e+00 7.5800e-05 1.1289e-10 7.5800e-05 2.1210e-01 0.0000e+00
232 0.0000e+00 0.0000e+00 7.5621e-05 1.0556e-10 7.5621e-05 2.1218e-01 0.0000e+00
233 0.0000e+00 0.0000e+00 7.5442e-05 2.3531e-11 7.5442e-05 2.1225e-01 0.0000e+00
234 0.0000e+00 0.0000e+00 7.5265e-05 2.2075e-11 7.5265e-05 2.1233e-01 0.0000e+00
235 0.0000e+00 0.0000e+00 7.5088e-05 2.0710e-11 7.5088e-05 2.1241e-01 0.0000e+00
236 0.0000e+00 0.0000e+00 7.4912e-05 1.9429e-11 7.4912e-05 2.1248e-01 0.0000e+00
237 0.0000e+00 5.1700e-05 7.4737e-05 1.8227e-11 7.4737e-05 2.1255e-01 0.0000e+00
238 0.0000e+00 9.9800e-05 7.4562e-05 1.7101e-11 7.4562e-05 2.1263e-01 0.0000e+00
239 0.0000e+00 1.4120e-04 7.4389e-05 1.6044e-11 7.4389e-05 2.1270e-01 0.0000e+00
240 0.0000e+00 1.7290e-04 7.4216e-05 1.5053e-11 7.4216e-05 2.1278e-01 0.0000e+00
241 5.0000e-04 1.9130e-04 7.4044e-05 1.4123e-11 7.4044e-05 2.1285e-01 0.0000e+00
242 1.0000e-03 1.9970e-04 7.3873e-05 1.3250e-11 7.3873e-05 2.1293e-01 0.0000e+00
243 0.0000e+00 1.9130e-04 7.3703e-05 1.2432e-11 7.3703e-05 2.1300e-01 0.0000e+00
244 0.0000e+00 1.7290e-04 7.3533e-05 1.1665e-11 7.3533e-05 2.1307e-01 0.0000e+00
245 0.0000e+00 1.4120e-04 7.3364e-05 0.0000e+00 7.3364e-05 2.1315e-01 0.0000e+00
246 0.0000e+00 9.9800e-05 7.3196e-05 0.0000e+00 7.3196e-05 2.1322e-01 0.0000e+00
247 0.0000e+00 4.8300e-05 7.3029e-05 0.0000e+00 7.3029e-05 2.1329e-01 0.0000e+00
248 0.0000e+00 0.0000e+00 7.2863e-05 0.0000e+00 7.2863e-05 2.1337e-01 0.0000e+00
249 0.0000e+00 0.0000e+00 7.2697e-05 0.0000e+00 7.2697e-05 2.1344e-01 0.0000e+00
250 0.0000e+00 0.0000e+00 7.2532e-05 0.0000e+00 7.2532e-05 2.1351e-01 0.0000e+00
251 0.0000e+00 0.0000e+00 7.2368e-05 0.0000e+00 7.2368e-05 2.1358e-01 0.0000e+00
252 0.0000e+00 0.0000e+00 7.2204e-05 0.0000e+00 7.2204e-05 2.1366e-01 0.0000e+00
253 1.0000e-03 0.0000e+00 7.2042e-05 0.0000e+00 7.2042e-05 2.1373e-01 0.0000e+00
254 0.0000e+00 0.0000e+00 7.1880e-05 0.0000e+00 7.1880e-05 2.1380e-01 0.0000e+00
255 0.0000e+00 0.0000e+00 7.1718e-05 0.0000e+00 7.1718e-05 2.1387e-01 0.0000e+00
256 0.0000e+00 0.0000e+00 7.1558e-05 0.0000e+00 7.1558e-05 2.1394e-01 0.0000e+00
257 0.0000e+00 0.0000e+00 7.1398e-05 0.0000e+00 7.1398e-05 2.1401e-01 0.0000e+00
258 0.0000e+00 0.0000e+00 7.1239e-05 0.0000e+00 7.1239e-05 2.1409e-01 0.0000e+00
259 0.0000e+00 0.0000e+00 7.1080e-05 0.0000e+00 7.1080e-05 2.1416e-01 0.0000e+00
260 0.0000e+00 0.0000e+00 7.0923e-05 0.0000e+00 7.0923e-05 2.1423e-01 0.0000e+00
261 0.0000e+00 7.5200e-05 7.0766e-05 0.0000e+00 7.0766e-05 2.1430e-01 0.0000e+00
262 1.0000e-03 1.4510e-04 7.0609e-05 0.0000e+00 7.0609e-05 2.1437e-01 0.0000e+00
263 0.0000e+00 2.0520e-04 7.0454e-05 0.0000e+00 7.0454e-05 2.1444e-01 0.0000e+00
264 0.0000e+00 2.5130e-04 7.0299e-05 0.0000e+00 7.0299e-05 2.1451e-01 0.0000e+00
265 0.0000e+00 2.7800e-04 7.0144e-05 0.0000e+00 7.0144e-05 2.1458e-01 0.0000e+00
266 0.0000e+00 2.9030e-04 6.9991e-05 0.0000e+00 6.9991e-05 2.1465e-01 0.0000e+00
267 0.0000e+00 2.7800e-04 6.9838e-05 0.0000e+00 6.9838e-05 2.1472e-01 0.0000e+00
268 0.0000e+00 2.5130e-04 6.9686e-05 0.0000e+00 6.9686e-05 2.1479e-01 0.0000e+00
269 0.0000e+00 2.0520e-04 6.9534e-05 0.0000e+00 6.9534e-05 2.1486e-01 0.0000e+00
270 0.0000e+00 1.4510e-04 6.9383e-05 0.0000e+00 6.9383e-05 2.1493e-01 0.0000e+00
271 0.0000e+00 7.0200e-05 6.9233e-05 0.0000e+00 6.9233e-05 2.1500e-01 0.0000e+00
272 0.0000e+00 0.0000e+00 6.9083e-05 0.0000e+00 6.9083e-05 2.1507e-01 0.0000e+00
273 0.0000e+00 0.0000e+00 6.8934e-05 0.0000e+00 6.8934e-05 2.1514e-01 0.0000e+00
274 0.0000e+00 0.0000e+00 6.8786e-05 0.0000e+00 6.8786e-05 2.1520e-01 0.0000e+00
275 0.0000e+00 0.0000e+00 6.8638e-05 0.0000e+00 6.8638e-05 2.1527e-01 0.0000e+00
276 0.0000e+00 0.0000e+00 6.8491e-05 0.0000e+00 6.8491e-05 2.1534e-01 0.0000e+00
277 0.0000e+00 0.0000e+00 6.8345e-05 0.0000e+00 6.8345e-05 2.1541e-01 0.0000e+00
278 0.0000e+00 0.0000e+00 6.8199e-05 0.0000e+00 6.8199e-05 2.1548e-01 0.0000e+00
279 0.0000e+00 0.0000e+00 6.8054e-05 0.0000e+00 6.8054e-05 2.1555e-01 0.0000e+00
280 0.0000e+00 0.0000e+00 6.7909e-05 0.0000e+00 6.7909e-05 2.1561e-01 0.0000e+00
281 0.0000e+00 0.0000e+00 6.7765e-05 0.0000e+00 6.7765e-05 2.1568e-01 0.0000e+00
282 0.0000e+00 0.0000e+00 6.7622e-05 0.0000e+00 6.7622e-05 2.1575e-01 0.0000e+00
283 1.0000e-03 0.0000e+00 6.7479e-05 0.0000e+00 6.7479e-05 2.1582e-01 0.0000e+00
284 5.0000e-04 0.0000e+00 6.7337e-05 0.0000e+00 6.7337e-05 2.1588e-01 0.0000e+00
285 2.5000e-03 2.4400e-05 6.9531e-05 1.6088e-05 6.7195e-05 2.1593e-01 2.3352e-06
286 6.0000e-03 4.7000e-05 1.5405e-04 6.1261e-04 6.7088e-05 2.1539e-01 8.6959e-05
287 4.0000e-03 6.6500e-05 1.2577e-04 9.2246e-04 6.8242e-05 2.1454e-01 5.7525e-05
288 1.5000e-03 8.1400e-05 9.0949e-05 9.5285e-04 7.0088e-05 2.1365e-01 2.0861e-05
289 0.0000e+00 9.0100e-05 7.2048e-05 8.4533e-04 7.2048e-05 2.1288e-01 0.0000e+00
290 0.0000e+00 9.4000e-05 7.3810e-05 7.5669e-04 7.3810e-05 2.1220e-01 0.0000e+00
291 5.0000e-04 9.0100e-05 7.8822e-05 7.0360e-04 7.5403e-05 2.1157e-01 3.4193e-06
292 0.0000e+00 8.1400e-05 7.6897e-05 6.3211e-04 7.6897e-05 2.1101e-01 0.0000e+00
293 0.0000e+00 6.6500e-05 7.8243e-05 5.6946e-04 7.8243e-05 2.1052e-01 0.0000e+00
294 1.5000e-03 4.7000e-05 9.7824e-05 6.4452e-04 7.9454e-05 2.0996e-01 1.8370e-05
295 1.0000e-03 2.2800e-05 9.4737e-05 6.7422e-04 8.0869e-05 2.0936e-01 1.3868e-05
296 0.0000e+00 0.0000e+00 8.2383e-05 6.0187e-04 8.2383e-05 2.0884e-01 0.0000e+00
297 0.0000e+00 0.0000e+00 8.3731e-05 5.4140e-04 8.3731e-05 2.0839e-01 0.0000e+00
298 0.0000e+00 0.0000e+00 8.4937e-05 4.8804e-04 8.4937e-05 2.0798e-01 0.0000e+00
299 0.0000e+00 0.0000e+00 8.6014e-05 4.4052e-04 8.6014e-05 2.0763e-01 0.0000e+00
300 0.0000e+00 0.0000e+00 8.6972e-05 3.9801e-04 8.6972e-05 2.0732e-01 0.0000e+00
301 0.0000e+00 0.0000e+00 8.7821e-05 3.5987e-04 8.7821e-05 2.0705e-01 0.0000e+00
302 0.0000e+00 0.0000e+00 8.8571e-05 3.2558e-04 8.8571e-05 2.0681e-01 0.0000e+00
303 0.0000e+00 0.0000e+00 8.9230e-05 2.9471e-04 8.9230e-05 2.0660e-01 0.0000e+00
304 0.0000e+00 0.0000e+00 8.9804e-05 2.6690e-04 8.9804e-05 2.0643e-01 0.0000e+00
305 0.0000e+00 0.0000e+00 9.0303e-05 2.4181e-04 9.0303e-05 2.0627e-01 0.0000e+00
306 0.0000e+00 0.0000e+00 9.0731e-05 2.1918e-04 9.0731e-05 2.0615e-01 0.0000e+00
307 0.0000e+00 0.0000e+00 9.1096e-05 1.9873e-04 9.1096e-05 2.0604e-01 0.0000e+00
308 0.0000e+00 0.0000e+00 9.1403e-05 1.8026e-04 9.1403e-05 2.0595e-01 0.0000e+00
309 0.0000e+00 2.8800e-05 9.1657e-05 1.6356e-04 9.1657e-05 2.0588e-01 0.0000e+00
310 5.0000e-04 5.5500e-05 9.8389e-05 1.9640e-04 9.1864e-05 2.0577e-01 6.5254e-06
311 0.0000e+00 7.8500e-05 9.2164e-05 1.7487e-04 9.2164e-05 2.0569e-01 0.0000e+00
312 0.0000e+00 9.6200e-05 9.2403e-05 1.5764e-04 9.2403e-05 2.0562e-01 0.0000e+00
313 0.0000e+00 1.0640e-04 9.2591e-05 1.4247e-04 9.2591e-05 2.0557e-01 0.0000e+00
314 0.0000e+00 1.1110e-04 9.2736e-05 1.2894e-04 9.2736e-05 2.0554e-01 0.0000e+00
315 0.0000e+00 1.0640e-04 9.2841e-05 1.1680e-04 9.2841e-05 2.0551e-01 0.0000e+00
316 0.0000e+00 9.6200e-05 9.2910e-05 1.0589e-04 9.2910e-05 2.0550e-01 0.0000e+00
317 5.0000e-04 7.8500e-05 9.2948e-05 9.6057e-05 9.2948e-05 2.0550e-01 0.0000e+00
318 1.0000e-03 5.5500e-05 1.0424e-04 1.7025e-04 9.2957e-05 2.0542e-01 1.1278e-05
319 5.0000e-04 2.6900e-05 9.9650e-05 1.9616e-04 9.3182e-05 2.0532e-01 6.4685e-06
320 0.0000e+00 0.0000e+00 9.3482e-05 1.7260e-04 9.3482e-05 2.0524e-01 0.0000e+00
321 0.0000e+00 0.0000e+00 9.3713e-05 1.5430e-04 9.3713e-05 2.0518e-01 0.0000e+00
322 1.0000e-03 0.0000e+00 1.0805e-04 2.4307e-04 9.3891e-05 2.0503e-01 1.4161e-05
323 1.0000e-03 0.0000e+00 1.0888e-04 3.1945e-04 9.4330e-05 2.0480e-01 1.4552e-05
324 0.0000e+00 0.0000e+00 9.4996e-05 2.7879e-04 9.4996e-05 2.0462e-01 0.0000e+00
325 0.0000e+00 0.0000e+00 9.5543e-05 2.4831e-04 9.5543e-05 2.0447e-01 0.0000e+00
326 0.0000e+00 0.0000e+00 9.6000e-05 2.2225e-04 9.6000e-05 2.0434e-01 0.0000e+00
327 0.0000e+00 0.0000e+00 9.6380e-05 1.9947e-04 9.6380e-05 2.0424e-01 0.0000e+00
328 0.0000e+00 0.0000e+00 9.6691e-05 1.7937e-04 9.6691e-05 2.0416e-01 0.0000e+00
329 0.0000e+00 0.0000e+00 9.6941e-05 1.6153e-04 9.6941e-05 2.0409e-01 0.0000e+00
330 0.0000e+00 0.0000e+00 9.7137e-05 1.4564e-04 9.7137e-05 2.0404e-01 0.0000e+00
331 0.0000e+00 0.0000e+00 9.7284e-05 1.3144e-04 9.7284e-05 2.0401e-01 0.0000e+00
332 0.0000e+00 0.0000e+00 9.7388e-05 1.1873e-04 9.7388e-05 2.0399e-01 0.0000e+00
333 0.0000e+00 1.1200e-05 9.7453e-05 1.0732e-04 9.7453e-05 2.0398e-01 0.0000e+00
334 0.0000e+00 2.1600e-05 9.7483e-05 9.7081e-05 9.7483e-05 2.0398e-01 0.0000e+00
335 0.0000e+00 3.0600e-05 9.7482e-05 8.7870e-05 9.7482e-05 2.0399e-01 0.0000e+00
336 0.0000e+00 3.7400e-05 9.7452e-05 7.9578e-05 9.7452e-05 2.0401e-01 0.0000e+00
337 0.0000e+00 4.1400e-05 9.7398e-05 7.2105e-05 9.7398e-05 2.0403e-01 0.0000e+00
338 5.0000e-04 4.3200e-05 1.0253e-04 1.0414e-04 9.7321e-05 2.0402e-01 5.2091e-06
339 5.0000e-04 4.1400e-05 1.0399e-04 1.4094e-04 9.7342e-05 2.0398e-01 6.6475e-06
340 1.5000e-03 3.7400e-05 1.1870e-04 2.8113e-04 9.7474e-05 2.0380e-01 2.1226e-05
341 1.5000e-03 3.0600e-05 1.1932e-04 3.9988e-04 9.8036e-05 2.0349e-01 2.1284e-05
342 1.0000e-03 2.1600e-05 1.1307e-04 4.5118e-04 9.8965e-05 2.0314e-01 1.4107e-05
343 5.0000e-04 1.0500e-05 1.0702e-04 4.4648e-04 1.0006e-04 2.0280e-01 6.9618e-06
344 1.0000e-03 0.0000e+00 1.1555e-04 5.0208e-04 1.0115e-04 2.0240e-01 1.4399e-05
345 5.0000e-04 0.0000e+00 1.0970e-04 4.9577e-04 1.0242e-04 2.0200e-01 7.2761e-06
346 0.0000e+00 0.0000e+00 1.0369e-04 4.3851e-04 1.0369e-04 2.0167e-01 0.0000e+00
347 0.0000e+00 0.0000e+00 1.0478e-04 3.9163e-04 1.0478e-04 2.0138e-01 0.0000e+00
348 0.0000e+00 0.0000e+00 1.0573e-04 3.5076e-04 1.0573e-04 2.0114e-01 0.0000e+00
349 0.0000e+00 0.0000e+00 1.0654e-04 3.1474e-04 1.0654e-04 2.0093e-01 0.0000e+00
350 0.0000e+00 0.0000e+00 1.0723e-04 2.8282e-04 1.0723e-04 2.0075e-01 0.0000e+00
351 0.0000e+00 0.0000e+00 1.0782e-04 2.5442e-04 1.0782e-04 2.0060e-01 0.0000e+00
352 0.0000e+00 0.0000e+00 1.0832e-04 2.2910e-04 1.0832e-04 2.0048e-01 0.0000e+00
353 5.0000e-04 0.0000e+00 1.1600e-04 2.6209e-04 1.0873e-04 2.0033e-01 7.2761e-06
354 0.0000e+00 0.0000e+00 1.0925e-04 2.3173e-04 1.0925e-04 2.0021e-01 0.0000e+00
355 0.0000e+00 0.0000e+00 1.0967e-04 2.0801e-04 1.0967e-04 2.0011e-01 0.0000e+00
356 0.0000e+00 0.0000e+00 1.1001e-04 1.8711e-04 1.1001e-04 2.0003e-01 0.0000e+00
357 0.0000e+00 7.2300e-05 1.1027e-04 1.6853e-04 1.1027e-04 1.9997e-01 0.0000e+00
358 0.0000e+00 1.3960e-04 1.1047e-04 1.5195e-04 1.1047e-04 1.9993e-01 0.0000e+00
359 0.0000e+00 1.9750e-04 1.1062e-04 1.3712e-04 1.1062e-04 1.9991e-01 0.0000e+00
360 0.0000e+00 2.4180e-04 1.1071e-04 1.2383e-04 1.1071e-04 1.9989e-01 0.0000e+00
361 0.0000e+00 2.6750e-04 1.1075e-04 1.1190e-04 1.1075e-04 1.9989e-01 0.0000e+00
362 0.0000e+00 2.7930e-04 1.1076e-04 1.0117e-04 1.1076e-04 1.9990e-01 0.0000e+00
363 0.0000e+00 2.6750e-04 1.1072e-04 9.1522e-05 1.1072e-04 1.9992e-01 0.0000e+00
364 0.0000e+00 2.4180e-04 1.1066e-04 8.2833e-05 1.1066e-04 1.9995e-01 0.0000e+00
365 0.0000e+00 1.9750e-04 1.1056e-04 7.5004e-05 1.1056e-04 1.9998e-01 0.0000e+00
366 0.0000e+00 1.3960e-04 1.1044e-04 6.7943e-05 1.1044e-04 2.0003e-01 0.0000e+00
367 0.0000e+00 6.7600e-05 1.1029e-04 6.1573e-05 1.1029e-04 2.0008e-01 0.0000e+00
368 0.0000e+00 0.0000e+00 1.1012e-04 5.5822e-05 1.1012e-04 2.0013e-01 0.0000e+00
369 0.0000e+00 0.0000e+00 1.0994e-04 5.0628e-05 1.0994e-04 2.0019e-01 0.0000e+00
370 0.0000e+00 0.0000e+00 1.0973e-04 4.5933e-05 1.0973e-04 2.0025e-01 0.0000e+00
371 0.0000e+00 0.0000e+00 1.0952e-04 4.1689e-05 1.0952e-04 2.0032e-01 0.0000e+00
372 0.0000e+00 0.0000e+00 1.0928e-04 3.7850e-05 1.0928e-04 2.0039e-01 0.0000e+00
373 5.0000e-04 0.0000e+00 1.0904e-04 3.4376e-05 1.0904e-04 2.0047e-01 0.0000e+00
374 7.5000e-03 0.0000e+00 2.1104e-04 6.7764e-04 1.0879e-04 1.9990e-01 1.0225e-04
375 4.5000e-03 0.0000e+00 1.8938e-04 1.0612e-03 1.1074e-04 1.9895e-01 7.8645e-05
376 2.5000e-03 0.0000e+00 1.5884e-04 1.1884e-03 1.1408e-04 1.9787e-01 4.4761e-05
377 5.0000e-04 0.0000e+00 1.2692e-04 1.0951e-03 1.1797e-04 1.9690e-01 8.9521e-06
378 0.0000e+00 0.0000e+00 1.2163e-04 9.6921e-04 1.2163e-04 1.9605e-01 0.0000e+00
379 0.0000e+00 0.0000e+00 1.2489e-04 8.6264e-04 1.2489e-04 1.9531e-01 0.0000e+00
380 0.0000e+00 0.0000e+00 1.2781e-04 7.6978e-04 1.2781e-04 1.9467e-01 0.0000e+00
381 0.0000e+00 1.7400e-05 1.3040e-04 6.8818e-04 1.3040e-04 1.9411e-01 0.0000e+00
382 0.0000e+00 3.3600e-05 1.3269e-04 6.1606e-04 1.3269e-04 1.9363e-01 0.0000e+00
383 1.0000e-03 4.7500e-05 1.5170e-04 6.5993e-04 1.3471e-04 1.9310e-01 1.6991e-05
384 1.0000e-03 5.8200e-05 1.5399e-04 6.9326e-04 1.3694e-04 1.9255e-01 1.7054e-05
385 0.0000e+00 6.4300e-05 1.3934e-04 6.1267e-04 1.3934e-04 1.9207e-01 0.0000e+00
386 5.0000e-04 6.7200e-05 1.4818e-04 5.9015e-04 1.4141e-04 1.9162e-01 6.7602e-06
387 0.0000e+00 6.4300e-05 1.4341e-04 5.2492e-04 1.4341e-04 1.9124e-01 0.0000e+00
388 0.0000e+00 5.8200e-05 1.4513e-04 4.6942e-04 1.4513e-04 1.9092e-01 0.0000e+00
389 0.0000e+00 4.7500e-05 1.4661e-04 4.2047e-04 1.4661e-04 1.9064e-01 0.0000e+00
390 5.0000e-04 3.3600e-05 1.5258e-04 4.0761e-04 1.4787e-04 1.9038e-01 4.7128e-06
391 0.0000e+00 1.6300e-05 1.4908e-04 3.6348e-04 1.4908e-04 1.9017e-01 0.0000e+00
392 5.0000e-04 0.0000e+00 1.5814e-04 3.7817e-04 1.5008e-04 1.8994e-01 8.0589e-06
393 5.0000e-04 0.0000e+00 1.6010e-04 3.9359e-04 1.5115e-04 1.8970e-01 8.9521e-06
394 0.0000e+00 0.0000e+00 1.5230e-04 3.4762e-04 1.5230e-04 1.8950e-01 0.0000e+00
395 0.0000e+00 0.0000e+00 1.5323e-04 3.1024e-04 1.5323e-04 1.8935e-01 0.0000e+00
396 0.0000e+00 0.0000e+00 1.5399e-04 2.7762e-04 1.5399e-04 1.8922e-01 0.0000e+00
397 0.0000e+00 0.0000e+00 1.5458e-04 2.4883e-04 1.5458e-04 1.8913e-01 0.0000e+00
398 0.0000e+00 0.0000e+00 1.5504e-04 2.2328e-04 1.5504e-04 1.8906e-01 0.0000e+00
399 0.0000e+00 0.0000e+00 1.5537e-04 2.0053e-04 1.5537e-04 1.8902e-01 0.0000e+00
400 0.0000e+00 0.0000e+00 1.5559e-04 1.8023e-04 1.5559e-04 1.8899e-01 0.0000e+00
401 0.0000e+00 0.0000e+00 1.5571e-04 1.6210e-04 1.5571e-04 1.8898e-01 0.0000e+00
402 1.0000e-03 0.0000e+00 1.7364e-04 2.6340e-04 1.5574e-04 1.8888e-01 1.7904e-05
403 0.0000e+00 0.0000e+00 1.5626e-04 2.2708e-04 1.5626e-04 1.8881e-01 0.0000e+00
404 0.0000e+00 0.0000e+00 1.5661e-04 2.0130e-04 1.5661e-04 1.8876e-01 0.0000e+00
405 5.0000e-04 2.4600e-05 1.6578e-04 2.3827e-04 1.5683e-04 1.8868e-01 8.9521e-06
406 5.0000e-04 4.7400e-05 1.6574e-04 2.6428e-04 1.5723e-04 1.8857e-01 8.5117e-06
407 0.0000e+00 6.7100e-05 1.5776e-04 2.3072e-04 1.5776e-04 1.8850e-01 0.0000e+00
408 5.0000e-04 8.2200e-05 1.6502e-04 2.5018e-04 1.5812e-04 1.8841e-01 6.9032e-06
409 0.0000e+00 9.0900e-05 1.5857e-04 2.1937e-04 1.5857e-04 1.8835e-01 0.0000e+00
410 0.0000e+00 9.5000e-05 1.5887e-04 1.9495e-04 1.5887e-04 1.8831e-01 0.0000e+00
411 0.0000e+00 9.0900e-05 1.5905e-04 1.7385e-04 1.5905e-04 1.8830e-01 0.0000e+00
412 0.0000e+00 8.2200e-05 1.5913e-04 1.5537e-04 1.5913e-04 1.8830e-01 0.0000e+00
413 0.0000e+00 6.7100e-05 1.5911e-04 1.3906e-04 1.5911e-04 1.8832e-01 0.0000e+00
414 0.0000e+00 4.7400e-05 1.5901e-04 1.2462e-04 1.5901e-04 1.8835e-01 0.0000e+00
415 0.0000e+00 2.3000e-05 1.5884e-04 1.1180e-04 1.5884e-04 1.8840e-01 0.0000e+00
416 0.0000e+00 0.0000e+00 1.5860e-04 1.0038e-04 1.5860e-04 1.8846e-01 0.0000e+00
417 0.0000e+00 0.0000e+00 1.5832e-04 9.0208e-05 1.5832e-04 1.8853e-01 0.0000e+00
418 0.0000e+00 0.0000e+00 1.5798e-04 8.1122e-05 1.5798e-04 1.8861e-01 0.0000e+00
419 0.0000e+00 0.0000e+00 1.5760e-04 7.3000e-05 1.5760e-04 1.8869e-01 0.0000e+00
420 0.0000e+00 0.0000e+00 1.5718e-04 6.5732e-05 1.5718e-04 1.8878e-01 0.0000e+00
421 0.0000e+00 0.0000e+00 1.5674e-04 5.9222e-05 1.5674e-04 1.8888e-01 0.0000e+00
422 0.0000e+00 0.0000e+00 1.5626e-04 5.3386e-05 1.5626e-04 1.8898e-01 0.0000e+00
423 0.0000e+00 0.0000e+00 1.5576e-04 4.8151e-05 1.5576e-04 1.8909e-01 0.0000e+00
424 0.0000e+00 0.0000e+00 1.5523e-04 4.3450e-05 1.5523e-04 1.8920e-01 0.0000e+00
425 0.0000e+00 0.0000e+00 1.5469e-04 3.9227e-05 1.5469e-04 1.8932e-01 0.0000e+00
426 0.0000e+00 0.0000e+00 1.5414e-04 3.5431e-05 1.5414e-04 1.8944e-01 0.0000e+00
427 5.0000e-04 0.0000e+00 1.5357e-04 3.2016e-05 1.5357e-04 1.8956e-01 0.0000e+00
428 2.0000e-03 0.0000e+00 1.8743e-04 2.5411e-04 1.5298e-04 1.8946e-01 3.4451e-05
429 3.0000e-03 3.2600e-05 2.0718e-04 5.6111e-04 1.5347e-04 1.8905e-01 5.3713e-05
430 2.0000e-03 6.2900e-05 1.9066e-04 7.0128e-04 1.5543e-04 1.8850e-01 3.5225e-05
431 1.0000e-03 8.9000e-05 1.7489e-04 7.1022e-04 1.5811e-04 1.8795e-01 1.6778e-05
432 0.0000e+00 1.0900e-04 1.6086e-04 6.1637e-04 1.6086e-04 1.8749e-01 0.0000e+00
433 5.0000e-04 1.2060e-04 1.6858e-04 5.7889e-04 1.6317e-04 1.8708e-01 5.4106e-06
434 0.0000e+00 1.2590e-04 1.6530e-04 5.0988e-04 1.6530e-04 1.8673e-01 0.0000e+00
435 0.0000e+00 1.2060e-04 1.6709e-04 4.5207e-04 1.6709e-04 1.8645e-01 0.0000e+00
436 0.0000e+00 1.0900e-04 1.6858e-04 4.0185e-04 1.6858e-04 1.8622e-01 0.0000e+00
437 3.5000e-03 8.9000e-05 2.2399e-04 7.2111e-04 1.6982e-04 1.8566e-01 5.4171e-05
438 0.0000e+00 6.2900e-05 1.7277e-04 6.1319e-04 1.7277e-04 1.8522e-01 0.0000e+00
439 0.0000e+00 3.0500e-05 1.7516e-04 5.3966e-04 1.7516e-04 1.8486e-01 0.0000e+00
440 0.0000e+00 0.0000e+00 1.7717e-04 4.7800e-04 1.7717e-04 1.8456e-01 0.0000e+00
441 0.0000e+00 0.0000e+00 1.7884e-04 4.2468e-04 1.7884e-04 1.8431e-01 0.0000e+00
442 0.0000e+00 0.0000e+00 1.8022e-04 3.7803e-04 1.8022e-04 1.8412e-01 0.0000e+00
443 0.0000e+00 0.0000e+00 1.8134e-04 3.3699e-04 1.8134e-04 1.8396e-01 0.0000e+00
444 5.0000e-04 0.0000e+00 1.8791e-04 3.3962e-04 1.8222e-04 1.8380e-01 5.6901e-06
445 0.0000e+00 0.0000e+00 1.8312e-04 2.9971e-04 1.8312e-04 1.8369e-01 0.0000e+00
446 0.0000e+00 0.0000e+00 1.8379e-04 2.6705e-04 1.8379e-04 1.8360e-01 0.0000e+00
447 0.0000e+00 0.0000e+00 1.8427e-04 2.3843e-04 1.8427e-04 1.8355e-01 0.0000e+00
448 0.0000e+00 0.0000e+00 1.8458e-04 2.1314e-04 1.8458e-04 1.8352e-01 0.0000e+00
449 0.0000e+00 0.0000e+00 1.8475e-04 1.9071e-04 1.8475e-04 1.8351e-01 0.0000e+00
450 0.0000e+00 0.0000e+00 1.8478e-04 1.7078e-04 1.8478e-04 1.8353e-01 0.0000e+00
451 0.0000e+00 0.0000e+00 1.8470e-04 1.5305e-04 1.8470e-04 1.8356e-01 0.0000e+00
452 5.0000e-04 0.0000e+00 1.9347e-04 1.9861e-04 1.8452e-04 1.8355e-01 8.9521e-06
453 0.0000e+00 2.2400e-05 1.8460e-04 1.7195e-04 1.8460e-04 1.8356e-01 0.0000e+00
454 0.0000e+00 4.3300e-05 1.8453e-04 1.5269e-04 1.8453e-04 1.8359e-01 0.0000e+00
455 0.0000e+00 6.1200e-05 1.8434e-04 1.3615e-04 1.8434e-04 1.8364e-01 0.0000e+00
456 0.0000e+00 7.5000e-05 1.8407e-04 1.2166e-04 1.8407e-04 1.8370e-01 0.0000e+00
457 0.0000e+00 8.3000e-05 1.8371e-04 1.0886e-04 1.8371e-04 1.8378e-01 0.0000e+00
458 0.0000e+00 8.6600e-05 1.8328e-04 9.7523e-05 1.8328e-04 1.8386e-01 0.0000e+00
459 0.0000e+00 8.3000e-05 1.8279e-04 8.7450e-05 1.8279e-04 1.8396e-01 0.0000e+00
460 0.0000e+00 7.5000e-05 1.8224e-04 7.8484e-05 1.8224e-04 1.8406e-01 0.0000e+00
461 0.0000e+00 6.1200e-05 1.8165e-04 7.0489e-05 1.8165e-04 1.8417e-01 0.0000e+00
462 0.0000e+00 4.3300e-05 1.8102e-04 6.3352e-05 1.8102e-04 1.8429e-01 0.0000e+00
463 0.0000e+00 2.1000e-05 1.8036e-04 5.6974e-05 1.8036e-04 1.8441e-01 0.0000e+00
464 0.0000e+00 0.0000e+00 1.7966e-04 5.1268e-05 1.7966e-04 1.8454e-01 0.0000e+00
465 1.0000e-03 0.0000e+00 1.8519e-04 8.8617e-05 1.7895e-04 1.8463e-01 6.2455e-06
466 5.0000e-04 0.0000e+00 1.8739e-04 1.3629e-04 1.7844e-04 1.8467e-01 8.9521e-06
467 0.0000e+00 0.0000e+00 1.7821e-04 1.1531e-04 1.7821e-04 1.8474e-01 0.0000e+00
468 0.0000e+00 0.0000e+00 1.7786e-04 1.0129e-04 1.7786e-04 1.8481e-01 0.0000e+00
469 5.0000e-04 0.0000e+00 1.8638e-04 1.5035e-04 1.7743e-04 1.8484e-01 8.9521e-06
470 0.0000e+00 0.0000e+00 1.7728e-04 1.2819e-04 1.7728e-04 1.8489e-01 0.0000e+00
471 0.0000e+00 0.0000e+00 1.7701e-04 1.1282e-04 1.7701e-04 1.8495e-01 0.0000e+00
472 5.0000e-04 0.0000e+00 1.8561e-04 1.6057e-04 1.7665e-04 1.8497e-01 8.9521e-06
473 5.0000e-04 0.0000e+00 1.8552e-04 1.9798e-04 1.7657e-04 1.8495e-01 8.9521e-06
474 0.0000e+00 0.0000e+00 1.7668e-04 1.6956e-04 1.7668e-04 1.8495e-01 0.0000e+00
475 0.0000e+00 0.0000e+00 1.7664e-04 1.4915e-04 1.7664e-04 1.8498e-01 0.0000e+00
476 0.0000e+00 0.0000e+00 1.7649e-04 1.3197e-04 1.7649e-04 1.8503e-01 0.0000e+00
477 0.0000e+00 9.2000e-06 1.7625e-04 1.1716e-04 1.7625e-04 1.8509e-01 0.0000e+00
478 0.0000e+00 1.7800e-05 1.7592e-04 1.0424e-04 1.7592e-04 1.8516e-01 0.0000e+00
479 0.0000e+00 2.5200e-05 1.7553e-04 9.2915e-05 1.7553e-04 1.8524e-01 0.0000e+00
480 0.0000e+00 3.0900e-05 1.7508e-04 8.2940e-05 1.7508e-04 1.8533e-01 0.0000e+00
481 0.0000e+00 3.4200e-05 1.7457e-04 7.4128e-05 1.7457e-04 1.8543e-01 0.0000e+00
482 5.0000e-04 3.5700e-05 1.8088e-04 1.1258e-04 1.7403e-04 1.8549e-01 6.8539e-06
483 2.5000e-03 3.4200e-05 2.1781e-04 3.9410e-04 1.7369e-04 1.8527e-01 4.4121e-05
484 1.0000e-03 3.0900e-05 1.9218e-04 4.4136e-04 1.7489e-04 1.8501e-01 1.7292e-05
485 0.0000e+00 2.5200e-05 1.7635e-04 3.7651e-04 1.7635e-04 1.8481e-01 0.0000e+00
486 1.0000e-03 1.7800e-05 1.9436e-04 4.4441e-04 1.7746e-04 1.8454e-01 1.6900e-05
487 0.0000e+00 8.6000e-06 1.7895e-04 3.8283e-04 1.7895e-04 1.8434e-01 0.0000e+00
488 0.0000e+00 0.0000e+00 1.8009e-04 3.3697e-04 1.8009e-04 1.8418e-01 0.0000e+00
489 0.0000e+00 0.0000e+00 1.8098e-04 2.9808e-04 1.8098e-04 1.8406e-01 0.0000e+00
490 0.0000e+00 0.0000e+00 1.8164e-04 2.6442e-04 1.8164e-04 1.8398e-01 0.0000e+00
491 0.0000e+00 0.0000e+00 1.8211e-04 2.3503e-04 1.8211e-04 1.8393e-01 0.0000e+00
492 0.0000e+00 0.0000e+00 1.8241e-04 2.0924e-04 1.8241e-04 1.8390e-01 0.0000e+00
493 0.0000e+00 0.0000e+00 1.8256e-04 1.8653e-04 1.8256e-04 1.8390e-01 0.0000e+00
494 0.0000e+00 0.0000e+00 1.8259e-04 1.6648e-04 1.8259e-04 1.8391e-01 0.0000e+00
495 0.0000e+00 0.0000e+00 1.8250e-04 1.4873e-04 1.8250e-04 1.8395e-01 0.0000e+00
496 0.0000e+00 0.0000e+00 1.8230e-04 1.3300e-04 1.8230e-04 1.8399e-01 0.0000e+00
497 0.0000e+00 0.0000e+00 1.8202e-04 1.1903e-04 1.8202e-04 1.8406e-01 0.0000e+00
498 0.0000e+00 0.0000e+00 1.8166e-04 1.0661e-04 1.8166e-04 1.8413e-01 0.0000e+00
499 0.0000e+00 0.0000e+00 1.8124e-04 9.5550e-05 1.8124e-04 1.8422e-01 0.0000e+00
500 0.0000e+00 0.0000e+00 1.8075e-04 8.5698e-05 1.8075e-04 1.8431e-01 0.0000e+00
501 0.0000e+00 6.3800e-05 1.8022e-04 7.6911e-05 1.8022e-04 1.8442e-01 0.0000e+00
502 0.0000e+00 1.2310e-04 1.7964e-04 6.9066e-05 1.7964e-04 1.8453e-01 0.0000e+00
503 0.0000e+00 1.7420e-04 1.7902e-04 6.2057e-05 1.7902e-04 1.8464e-01 0.0000e+00
504 0.0000e+00 2.1330e-04 1.7836e-04 5.5790e-05 1.7836e-04 1.8477e-01 0.0000e+00
505 0.0000e+00 2.3600e-04 1.7768e-04 5.0183e-05 1.7768e-04 1.8489e-01 0.0000e+00
506 0.0000e+00 2.4640e-04 1.7698e-04 4.5163e-05 1.7698e-04 1.8503e-01 0.0000e+00
507 0.0000e+00 2.3600e-04 1.7625e-04 4.0664e-05 1.7625e-04 1.8516e-01 0.0000e+00
508 0.0000e+00 2.1330e-04 1.7550e-04 3.6632e-05 1.7550e-04 1.8530e-01 0.0000e+00
509 0.0000e+00 1.7420e-04 1.7474e-04 3.3014e-05 1.7474e-04 1.8544e-01 0.0000e+00
510 0.0000e+00 1.2310e-04 1.7397e-04 2.9767e-05 1.7397e-04 1.8559e-01 0.0000e+00
511 0.0000e+00 5.9600e-05 1.7319e-04 2.6851e-05 1.7319e-04 1.8573e-01 0.0000e+00
512 0.0000e+00 0.0000e+00 1.7240e-04 2.4232e-05 1.7240e-04 1.8588e-01 0.0000e+00
513 0.0000e+00 0.0000e+00 1.7160e-04 2.1876e-05 1.7160e-04 1.8603e-01 0.0000e+00
514 0.0000e+00 0.0000e+00 1.7080e-04 1.9758e-05 1.7080e-04 1.8618e-01 0.0000e+00
515 0.0000e+00 0.0000e+00 1.7000e-04 1.7852e-05 1.7000e-04 1.8633e-01 0.0000e+00
516 0.0000e+00 0.0000e+00 1.6919e-04 1.6136e-05 1.6919e-04 1.8649e-01 0.0000e+00
517 0.0000e+00 0.0000e+00 1.6838e-04 1.4590e-05 1.6838e-04 1.8664e-01 0.0000e+00
518 0.0000e+00 0.0000e+00 1.6758e-04 1.3198e-05 1.6758e-04 1.8680e-01 0.0000e+00
519 0.0000e+00 0.0000e+00 1.6677e-04 1.1942e-05 1.6677e-04 1.8695e-01 0.0000e+00
520 0.0000e+00 0.0000e+00 1.6596e-04 1.0810e-05 1.6596e-04 1.8711e-01 0.0000e+00
521 0.0000e+00 0.0000e+00 1.6516e-04 9.7888e-06 1.6516e-04 1.8726e-01 0.0000e+00
522 0.0000e+00 0.0000e+00 1.6436e-04 8.8669e-06 1.6436e-04 1.8742e-01 0.0000e+00
523 0.0000e+00 0.0000e+00 1.6357e-04 8.0345e-06 1.6357e-04 1.8757e-01 0.0000e+00
524 0.0000e+00 0.0000e+00 1.6277e-04 7.2822e-06 1.6277e-04 1.8773e-01 0.0000e+00
525 0.0000e+00 4.1700e-05 1.6198e-04 6.6029e-06 1.6198e-04 1.8788e-01 0.0000e+00
526 0.0000e+00 8.0400e-05 1.6120e-04 5.9888e-06 1.6120e-04 1.8804e-01 0.0000e+00
527 0.0000e+00 1.1380e-04 1.6042e-04 5.4335e-06 1.6042e-04 1.8819e-01 0.0000e+00
528 0.0000e+00 1.3930e-04 1.5964e-04 4.9311e-06 1.5964e-04 1.8835e-01 0.0000e+00
529 0.0000e+00 1.5420e-04 1.5887e-04 4.4766e-06 1.5887e-04 1.8850e-01 0.0000e+00
530 0.0000e+00 1.6090e-04 1.5811e-04 4.0651e-06 1.5811e-04 1.8866e-01 0.0000e+00
531 0.0000e+00 1.5420e-04 1.5735e-04 3.6925e-06 1.5735e-04 1.8881e-01 0.0000e+00
532 0.0000e+00 1.3930e-04 1.5660e-04 3.3550e-06 1.5660e-04 1.8896e-01 0.0000e+00
533 0.0000e+00 1.1380e-04 1.5585e-04 3.0492e-06 1.5585e-04 1.8912e-01 0.0000e+00
534 0.0000e+00 8.0400e-05 1.5511e-04 2.7720e-06 1.5511e-04 1.8927e-01 0.0000e+00
535 0.0000e+00 3.8900e-05 1.5437e-04 2.5204e-06 1.5437e-04 1.8942e-01 0.0000e+00
536 0.0000e+00 0.0000e+00 1.5364e-04 2.2925e-06 1.5364e-04 1.8957e-01 0.0000e+00
537 0.0000e+00 0.0000e+00 1.5291e-04 2.0858e-06 1.5291e-04 1.8972e-01 0.0000e+00
538 0.0000e+00 0.0000e+00 1.5219e-04 1.8982e-06 1.5219e-04 1.8987e-01 0.0000e+00
539 0.0000e+00 0.0000e+00 1.5148e-04 1.7279e-06 1.5148e-04 1.9002e-01 0.0000e+00
540 0.0000e+00 0.0000e+00 1.5077e-04 1.5733e-06 1.5077e-04 1.9017e-01 0.0000e+00
541 0.0000e+00 0.0000e+00 1.5007e-04 1.4329e-06 1.5007e-04 1.9032e-01 0.0000e+00
542 0.0000e+00 0.0000e+00 1.4938e-04 1.3053e-06 1.4938e-04 1.9047e-01 0.0000e+00
543 0.0000e+00 0.0000e+00 1.4869e-04 1.1894e-06 1.4869e-04 1.9062e-01 0.0000e+00
544 0.0000e+00 0.0000e+00 1.4800e-04 1.0840e-06 1.4800e-04 1.9076e-01 0.0000e+00
545 0.0000e+00 0.0000e+00 1.4733e-04 9.8818e-07 1.4733e-04 1.9091e-01 0.0000e+00
546 0.0000e+00 0.0000e+00 1.4665e-04 9.0060e-07 1.4665e-04 1.9105e-01 0.0000e+00
547 0.0000e+00 0.0000e+00 1.4599e-04 8.2139e-07 1.4599e-04 1.9120e-01 0.0000e+00
548 0.0000e+00 0.0000e+00 1.4533e-04 7.4932e-07 1.4533e-04 1.9134e-01 0.0000e+00
549 0.0000e+00 2.0700e-05 1.4467e-04 6.8371e-07 1.4467e-04 1.9149e-01 0.0000e+00
550 0.0000e+00 4.0000e-05 1.4402e-04 6.2399e-07 1.4402e-04 1.9163e-01 0.0000e+00
551 0.0000e+00 5.6600e-05 1.4338e-04 5.6960e-07 1.4338e-04 1.9177e-01 0.0000e+00
552 1.0000e-03 6.9300e-05 1.4274e-04 5.2006e-07 1.4274e-04 1.9192e-01 0.0000e+00
553 1.0000e-03 7.6600e-05 1.4211e-04 4.7493e-07 1.4211e-04 1.9206e-01 0.0000e+00
554 2.0000e-03 8.0000e-05 1.5459e-04 8.4559e-05 1.4148e-04 1.9212e-01 1.3108e-05
555 1.5000e-03 7.6600e-05 1.6665e-04 2.3253e-04 1.4123e-04 1.9202e-01 2.5424e-05
556 0.0000e+00 6.9300e-05 1.4163e-04 1.9438e-04 1.4163e-04 1.9197e-01 0.0000e+00
557 5.0000e-04 5.6600e-05 1.4821e-04 2.1027e-04 1.4186e-04 1.9190e-01 6.3418e-06
558 0.0000e+00 4.0000e-05 1.4217e-04 1.8268e-04 1.4217e-04 1.9186e-01 0.0000e+00
559 0.0000e+00 1.9400e-05 1.4235e-04 1.6113e-04 1.4235e-04 1.9184e-01 0.0000e+00
560 0.0000e+00 0.0000e+00 1.4243e-04 1.4279e-04 1.4243e-04 1.9184e-01 0.0000e+00
561 0.0000e+00 0.0000e+00 1.4243e-04 1.2694e-04 1.4243e-04 1.9186e-01 0.0000e+00
562 0.0000e+00 0.0000e+00 1.4236e-04 1.1310e-04 1.4236e-04 1.9189e-01 0.0000e+00
563 0.0000e+00 0.0000e+00 1.4223e-04 1.0096e-04 1.4223e-04 1.9193e-01 0.0000e+00
564 0.0000e+00 0.0000e+00 1.4205e-04 9.0247e-05 1.4205e-04 1.9198e-01 0.0000e+00
565 5.0000e-04 0.0000e+00 1.4870e-04 1.2493e-04 1.4182e-04 1.9200e-01 6.8767e-06
566 0.0000e+00 0.0000e+00 1.4175e-04 1.0863e-04 1.4175e-04 1.9203e-01 0.0000e+00
567 0.0000e+00 0.0000e+00 1.4160e-04 9.6425e-05 1.4160e-04 1.9208e-01 0.0000e+00
568 0.0000e+00 0.0000e+00 1.4140e-04 8.5948e-05 1.4140e-04 1.9213e-01 0.0000e+00
569 0.0000e+00 0.0000e+00 1.4115e-04 7.6806e-05 1.4115e-04 1.9220e-01 0.0000e+00
570 0.0000e+00 0.0000e+00 1.4087e-04 6.8760e-05 1.4087e-04 1.9227e-01 0.0000e+00
571 0.0000e+00 0.0000e+00 1.4055e-04 6.1641e-05 1.4055e-04 1.9235e-01 0.0000e+00
572 0.0000e+00 0.0000e+00 1.4021e-04 5.5321e-05 1.4021e-04 1.9243e-01 0.0000e+00
573 3.0000e-03 3.0500e-05 1.9355e-04 3.9352e-04 1.3984e-04 1.9218e-01 5.3713e-05
574 1.0000e-03 5.8900e-05 1.5831e-04 4.3903e-04 1.4095e-04 1.9188e-01 1.7358e-05
575 2.5000e-03 8.3300e-05 1.8597e-04 6.5916e-04 1.4227e-04 1.9136e-01 4.3706e-05
576 3.5000e-03 1.0200e-04 2.0576e-04 9.5897e-04 1.4459e-04 1.9055e-01 6.1174e-05
577 1.5000e-03 1.1290e-04 1.7334e-04 9.8487e-04 1.4831e-04 1.8971e-01 2.5030e-05
578 0.0000e+00 1.1780e-04 1.5224e-04 8.5789e-04 1.5224e-04 1.8901e-01 0.0000e+00
579 0.0000e+00 1.1290e-04 1.5564e-04 7.5765e-04 1.5564e-04 1.8840e-01 0.0000e+00
580 0.0000e+00 1.0200e-04 1.5859e-04 6.7204e-04 1.5859e-04 1.8789e-01 0.0000e+00
581 0.0000e+00 8.3300e-05 1.6116e-04 5.9767e-04 1.6116e-04 1.8745e-01 0.0000e+00
582 0.0000e+00 5.8900e-05 1.6337e-04 5.3246e-04 1.6337e-04 1.8709e-01 0.0000e+00
583 0.0000e+00 2.8500e-05 1.6526e-04 4.7499e-04 1.6526e-04 1.8678e-01 0.0000e+00
584 0.0000e+00 0.0000e+00 1.6687e-04 4.2418e-04 1.6687e-04 1.8652e-01 0.0000e+00
585 0.0000e+00 0.0000e+00 1.6822e-04 3.7914e-04 1.6822e-04 1.8631e-01 0.0000e+00
586 0.0000e+00 0.0000e+00 1.6933e-04 3.3915e-04 1.6933e-04 1.8614e-01 0.0000e+00
587 0.0000e+00 0.0000e+00 1.7023e-04 3.0360e-04 1.7023e-04 1.8600e-01 0.0000e+00
588 0.0000e+00 0.0000e+00 1.7094e-04 2.7196e-04 1.7094e-04 1.8590e-01 0.0000e+00
589 5.0000e-04 0.0000e+00 1.7148e-04 2.4376e-04 1.7148e-04 1.8583e-01 0.0000e+00
590 0.0000e+00 0.0000e+00 1.7187e-04 2.1861e-04 1.7187e-04 1.8578e-01 0.0000e+00
591 0.0000e+00 0.0000e+00 1.7212e-04 1.9616e-04 1.7212e-04 1.8576e-01 0.0000e+00
592 5.0000e-04 0.0000e+00 1.7918e-04 2.2274e-04 1.7225e-04 1.8571e-01 6.9268e-06
593 0.0000e+00 0.0000e+00 1.7252e-04 1.9569e-04 1.7252e-04 1.8569e-01 0.0000e+00
594 1.0000e-03 0.0000e+00 1.9055e-04 2.9515e-04 1.7265e-04 1.8556e-01 1.7904e-05
595 0.0000e+00 0.0000e+00 1.7331e-04 2.5319e-04 1.7331e-04 1.8548e-01 0.0000e+00
596 0.0000e+00 0.0000e+00 1.7374e-04 2.2379e-04 1.7374e-04 1.8543e-01 0.0000e+00
597 0.0000e+00 6.2600e-05 1.7402e-04 1.9894e-04 1.7402e-04 1.8541e-01 0.0000e+00
598 0.0000e+00 1.2080e-04 1.7415e-04 1.7736e-04 1.7415e-04 1.8541e-01 0.0000e+00
599 0.0000e+00 1.7090e-04 1.7417e-04 1.5841e-04 1.7417e-04 1.8542e-01 0.0000e+00
600 0.0000e+00 2.0930e-04 1.7408e-04 1.4169e-04 1.7408e-04 1.8545e-01 0.0000e+00
601 0.0000e+00 2.3150e-04 1.7391e-04 1.2688e-04 1.7391e-04 1.8550e-01 0.0000e+00
602 0.0000e+00 2.4180e-04 1.7365e-04 1.1374e-04 1.7365e-04 1.8556e-01 0.0000e+00
603 0.0000e+00 2.3150e-04 1.7333e-04 1.0204e-04 1.7333e-04 1.8563e-01 0.0000e+00
604 0.0000e+00 2.0930e-04 1.7294e-04 9.1618e-05 1.7294e-04 1.8571e-01 0.0000e+00
605 0.0000e+00 1.7090e-04 1.7250e-04 8.2318e-05 1.7250e-04 1.8580e-01 0.0000e+00
606 0.0000e+00 1.2080e-04 1.7202e-04 7.4010e-05 1.7202e-04 1.8590e-01 0.0000e+00
607 0.0000e+00 5.8500e-05 1.7149e-04 6.6582e-05 1.7149e-04 1.8601e-01 0.0000e+00
608 0.0000e+00 0.0000e+00 1.7093e-04 5.9933e-05 1.7093e-04 1.8612e-01 0.0000e+00
609 0.0000e+00 0.0000e+00 1.7034e-04 5.3978e-05 1.7034e-04 1.8623e-01 0.0000e+00
610 0.0000e+00 0.0000e+00 1.6972e-04 4.8639e-05 1.6972e-04 1.8636e-01 0.0000e+00
611 0.0000e+00 0.0000e+00 1.6908e-04 4.3850e-05 1.6908e-04 1.8648e-01 0.0000e+00
612 0.0000e+00 0.0000e+00 1.6842e-04 3.9551e-05 1.6842e-04 1.8661e-01 0.0000e+00
613 0.0000e+00 0.0000e+00 1.6774e-04 3.5690e-05 1.6774e-04 1.8674e-01 0.0000e+00
614 0.0000e+00 0.0000e+00 1.6705e-04 3.2220e-05 1.6705e-04 1.8688e-01 0.0000e+00
615 0.0000e+00 0.0000e+00 1.6635e-04 2.9100e-05 1.6635e-04 1.8701e-01 0.0000e+00
616 0.0000e+00 0.0000e+00 1.6564e-04 2.6293e-05 1.6564e-04 1.8715e-01 0.0000e+00
617 0.0000e+00 0.0000e+00 1.6492e-04 2.3766e-05 1.6492e-04 1.8729e-01 0.0000e+00
618 0.0000e+00 0.0000e+00 1.6419e-04 2.1491e-05 1.6419e-04 1.8744e-01 0.0000e+00
619 0.0000e+00 0.0000e+00 1.6346e-04 1.9441e-05 1.6346e-04 1.8758e-01 0.0000e+00
620 0.0000e+00 0.0000e+00 1.6273e-04 1.7592e-05 1.6273e-04 1.8773e-01 0.0000e+00
621 0.0000e+00 1.4200e-05 1.6199e-04 1.5926e-05 1.6199e-04 1.8787e-01 0.0000e+00
622 0.0000e+00 2.7500e-05 1.6125e-04 1.4422e-05 1.6125e-04 1.8802e-01 0.0000e+00
623 0.0000e+00 3.8900e-05 1.6051e-04 1.3065e-05 1.6051e-04 1.8817e-01 0.0000e+00
624 1.0000e-03 4.7600e-05 1.5978e-04 1.1840e-05 1.5978e-04 1.8831e-01 0.0000e+00
625 1.0000e-03 5.2700e-05 1.6042e-04 1.9865e-05 1.5904e-04 1.8845e-01 1.3843e-06
626 3.0000e-03 5.5000e-05 2.1112e-04 3.6489e-04 1.5835e-04 1.8825e-01 5.2769e-05
627 2.0000e-03 5.2700e-05 1.9420e-04 5.2783e-04 1.5937e-04 1.8788e-01 3.4824e-05
628 1.5000e-03 4.7600e-05 1.8713e-04 6.1727e-04 1.6122e-04 1.8742e-01 2.5913e-05
629 3.5000e-03 3.8900e-05 2.2535e-04 9.3958e-04 1.6353e-04 1.8665e-01 6.1813e-05
630 4.0000e-03 2.7500e-05 2.3847e-04 1.2729e-03 1.6755e-04 1.8554e-01 7.0921e-05
631 5.0000e-03 1.3300e-05 2.6247e-04 1.6877e-03 1.7344e-04 1.8403e-01 8.9029e-05
632 0.0000e+00 0.0000e+00 1.8184e-04 1.4450e-03 1.8184e-04 1.8276e-01 0.0000e+00
633 0.0000e+00 0.0000e+00 1.8916e-04 1.2705e-03 1.8916e-04 1.8168e-01 0.0000e+00
634 1.0000e-03 0.0000e+00 2.1333e-04 1.2464e-03 1.9566e-04 1.8063e-01 1.7666e-05
635 2.5000e-03 0.0000e+00 2.5400e-04 1.4012e-03 2.0220e-04 1.7943e-01 5.1802e-05
636 3.5000e-03 0.0000e+00 2.8785e-04 1.6480e-03 2.0992e-04 1.7799e-01 7.7931e-05
637 3.0000e-03 0.0000e+00 2.8636e-04 1.8012e-03 2.1956e-04 1.7641e-01 6.6798e-05
638 0.0000e+00 0.0000e+00 2.3069e-04 1.5663e-03 2.3069e-04 1.7508e-01 0.0000e+00
639 5.0000e-04 0.0000e+00 2.5165e-04 1.4457e-03 2.4052e-04 1.7387e-01 1.1133e-05
640 0.0000e+00 0.0000e+00 2.4975e-04 1.2738e-03 2.4975e-04 1.7285e-01 0.0000e+00
641 5.0000e-04 0.0000e+00 2.6901e-04 1.1914e-03 2.5787e-04 1.7191e-01 1.1133e-05
642 0.0000e+00 0.0000e+00 2.6551e-04 1.0500e-03 2.6551e-04 1.7113e-01 0.0000e+00
643 5.0000e-04 0.0000e+00 2.8323e-04 9.9486e-04 2.7210e-04 1.7041e-01 1.1133e-05
644 0.0000e+00 0.0000e+00 2.7831e-04 8.7578e-04 2.7831e-04 1.6981e-01 0.0000e+00
645 0.0000e+00 1.6900e-05 2.8356e-04 7.7524e-04 2.8356e-04 1.6932e-01 0.0000e+00
646 0.0000e+00 3.2600e-05 2.8795e-04 6.8703e-04 2.8795e-04 1.6892e-01 0.0000e+00
647 0.0000e+00 4.6100e-05 2.9156e-04 6.0933e-04 2.9156e-04 1.6860e-01 0.0000e+00
648 0.0000e+00 5.6400e-05 2.9447e-04 5.4076e-04 2.9447e-04 1.6835e-01 0.0000e+00
649 0.0000e+00 6.2400e-05 2.9675e-04 4.8016e-04 2.9675e-04 1.6817e-01 0.0000e+00
650 0.0000e+00 6.5200e-05 2.9845e-04 4.2659e-04 2.9845e-04 1.6804e-01 0.0000e+00
651 0.0000e+00 6.2400e-05 2.9965e-04 3.7918e-04 2.9965e-04 1.6796e-01 0.0000e+00
652 0.0000e+00 5.6400e-05 3.0040e-04 3.3722e-04 3.0040e-04 1.6793e-01 0.0000e+00
653 0.0000e+00 4.6100e-05 3.0074e-04 3.0005e-04 3.0074e-04 1.6793e-01 0.0000e+00
654 0.0000e+00 3.2600e-05 3.0074e-04 2.6713e-04 3.0074e-04 1.6796e-01 0.0000e+00
655 0.0000e+00 1.5800e-05 3.0042e-04 2.3793e-04 3.0042e-04 1.6802e-01 0.0000e+00
656 0.0000e+00 0.0000e+00 2.9983e-04 2.1205e-04 2.9983e-04 1.6811e-01 0.0000e+00
657 0.0000e+00 0.0000e+00 2.9901e-04 1.8907e-04 2.9901e-04 1.6822e-01 0.0000e+00
658 0.0000e+00 0.0000e+00 2.9799e-04 1.6868e-04 2.9799e-04 1.6835e-01 0.0000e+00
659 0.0000e+00 0.0000e+00 2.9678e-04 1.5057e-04 2.9678e-04 1.6850e-01 0.0000e+00
660 0.0000e+00 0.0000e+00 2.9543e-04 1.3447e-04 2.9543e-04 1.6866e-01 0.0000e+00
661 0.0000e+00 0.0000e+00 2.9395e-04 1.2015e-04 2.9395e-04 1.6883e-01 0.0000e+00
662 0.0000e+00 0.0000e+00 2.9236e-04 1.0742e-04 2.9236e-04 1.6902e-01 0.0000e+00
663 0.0000e+00 0.0000e+00 2.9067e-04 9.6085e-05 2.9067e-04 1.6921e-01 0.0000e+00
664 0.0000e+00 0.0000e+00 2.8891e-04 8.5991e-05 2.8891e-04 1.6941e-01 0.0000e+00
665 0.0000e+00 0.0000e+00 2.8708e-04 7.6996e-05 2.8708e-04 1.6962e-01 0.0000e+00
666 5.0000e-04 0.0000e+00 2.8541e-04 7.0202e-05 2.8521e-04 1.6984e-01 2.0642e-07
667 0.0000e+00 0.0000e+00 2.8330e-04 6.2782e-05 2.8330e-04 1.7006e-01 0.0000e+00
668 5.0000e-04 0.0000e+00 2.9248e-04 1.2208e-04 2.8135e-04 1.7022e-01 1.1133e-05
669 5.0000e-04 1.5300e-05 2.9109e-04 1.6775e-04 2.7995e-04 1.7033e-01 1.1133e-05
670 0.0000e+00 2.9500e-05 2.7897e-04 1.4077e-04 2.7897e-04 1.7047e-01 0.0000e+00
671 1.0000e-03 4.1700e-05 2.9904e-04 2.4786e-04 2.7777e-04 1.7050e-01 2.1269e-05
672 0.0000e+00 5.1100e-05 2.7751e-04 2.0595e-04 2.7751e-04 1.7057e-01 0.0000e+00
673 0.0000e+00 5.6500e-05 2.7689e-04 1.7869e-04 2.7689e-04 1.7067e-01 0.0000e+00
674 0.0000e+00 5.9000e-05 2.7604e-04 1.5625e-04 2.7604e-04 1.7079e-01 0.0000e+00
675 5.0000e-04 5.6500e-05 2.8151e-04 1.7549e-04 2.7501e-04 1.7089e-01 6.5022e-06
676 5.0000e-04 5.1100e-05 2.8403e-04 2.0902e-04 2.7416e-04 1.7095e-01 9.8750e-06
677 0.0000e+00 4.1700e-05 2.7360e-04 1.7814e-04 2.7360e-04 1.7105e-01 0.0000e+00
678 0.0000e+00 2.9500e-05 2.7279e-04 1.5569e-04 2.7279e-04 1.7117e-01 0.0000e+00
679 1.0000e-03 1.4300e-05 2.9133e-04 2.5134e-04 2.7179e-04 1.7119e-01 1.9545e-05
680 1.0000e-03 0.0000e+00 2.9356e-04 3.3944e-04 2.7162e-04 1.7112e-01 2.1948e-05
681 0.0000e+00 0.0000e+00 2.7219e-04 2.8507e-04 2.7219e-04 1.7111e-01 0.0000e+00
682 0.0000e+00 0.0000e+00 2.7230e-04 2.4768e-04 2.7230e-04 1.7113e-01 0.0000e+00
683 0.0000e+00 0.0000e+00 2.7209e-04 2.1668e-04 2.7209e-04 1.7119e-01 0.0000e+00
684 0.0000e+00 0.0000e+00 2.7162e-04 1.9036e-04 2.7162e-04 1.7127e-01 0.0000e+00
685 0.0000e+00 0.0000e+00 2.7093e-04 1.6773e-04 2.7093e-04 1.7137e-01 0.0000e+00
686 0.0000e+00 0.0000e+00 2.7006e-04 1.4810e-04 2.7006e-04 1.7149e-01 0.0000e+00
687 0.0000e+00 0.0000e+00 2.6903e-04 1.3101e-04 2.6903e-04 1.7163e-01 0.0000e+00
688 0.0000e+00 0.0000e+00 2.6787e-04 1.1606e-04 2.6787e-04 1.7178e-01 0.0000e+00
689 0.0000e+00 0.0000e+00 2.6661e-04 1.0295e-04 2.6661e-04 1.7195e-01 0.0000e+00
690 0.0000e+00 0.0000e+00 2.6525e-04 9.1437e-05 2.6525e-04 1.7212e-01 0.0000e+00
691 0.0000e+00 0.0000e+00 2.6381e-04 8.1295e-05 2.6381e-04 1.7230e-01 0.0000e+00
692 0.0000e+00 0.0000e+00 2.6231e-04 7.2349e-05 2.6231e-04 1.7249e-01 0.0000e+00
693 0.0000e+00 5.6100e-05 2.6076e-04 6.4447e-05 2.6076e-04 1.7269e-01 0.0000e+00
694 0.0000e+00 1.0830e-04 2.5916e-04 5.7457e-05 2.5916e-04 1.7289e-01 0.0000e+00
695 0.0000e+00 1.5320e-04 2.5753e-04 5.1267e-05 2.5753e-04 1.7310e-01 0.0000e+00
696 0.0000e+00 1.8770e-04 2.5588e-04 4.5778e-05 2.5588e-04 1.7331e-01 0.0000e+00
697 0.0000e+00 2.0760e-04 2.5420e-04 4.0907e-05 2.5420e-04 1.7352e-01 0.0000e+00
698 0.0000e+00 2.1680e-04 2.5252e-04 3.6580e-05 2.5252e-04 1.7374e-01 0.0000e+00
699 0.0000e+00 2.0760e-04 2.5082e-04 3.2732e-05 2.5082e-04 1.7395e-01 0.0000e+00
700 5.0000e-04 1.8770e-04 2.4911e-04 2.9308e-05 2.4911e-04 1.7417e-01 0.0000e+00
701 0.0000e+00 1.5320e-04 2.4741e-04 2.6258e-05 2.4741e-04 1.7439e-01 0.0000e+00
702 0.0000e+00 1.0830e-04 2.4570e-04 2.3540e-05 2.4570e-04 1.7462e-01 0.0000e+00
703 0.0000e+00 5.2400e-05 2.4400e-04 2.1115e-05 2.4400e-04 1.7484e-01 0.0000e+00
704 0.0000e+00 0.0000e+00 2.4231e-04 1.8950e-05 2.4231e-04 1.7506e-01 0.0000e+00
705 0.0000e+00 0.0000e+00 2.4063e-04 1.7017e-05 2.4063e-04 1.7529e-01 0.0000e+00
706 0.0000e+00 0.0000e+00 2.3895e-04 1.5289e-05 2.3895e-04 1.7551e-01 0.0000e+00
707 0.0000e+00 0.0000e+00 2.3729e-04 1.3743e-05 2.3729e-04 1.7573e-01 0.0000e+00
708 0.0000e+00 0.0000e+00 2.3563e-04 1.2360e-05 2.3563e-04 1.7596e-01 0.0000e+00
709 0.0000e+00 0.0000e+00 2.3400e-04 1.1121e-05 2.3400e-04 1.7618e-01 0.0000e+00
710 0.0000e+00 0.0000e+00 2.3237e-04 1.0011e-05 2.3237e-04 1.7640e-01 0.0000e+00
711 0.0000e+00 0.0000e+00 2.3076e-04 9.0158e-06 2.3076e-04 1.7662e-01 0.0000e+00
712 0.0000e+00 0.0000e+00 2.2917e-04 8.1235e-06 2.2917e-04 1.7685e-01 0.0000e+00
713 0.0000e+00 0.0000e+00 2.2759e-04 7.3226e-06 2.2759e-04 1.7707e-01 0.0000e+00
714 0.0000e+00 0.0000e+00 2.2603e-04 6.6036e-06 2.2603e-04 1.7729e-01 0.0000e+00
715 0.0000e+00 0.0000e+00 2.2449e-04 5.9576e-06 2.2449e-04 1.7750e-01 0.0000e+00
716 0.0000e+00 0.0000e+00 2.2296e-04 5.3770e-06 2.2296e-04 1.7772e-01 0.0000e+00
717 0.0000e+00 8.5600e-05 2.2145e-04 4.8549e-06 2.2145e-04 1.7794e-01 0.0000e+00
718 0.0000e+00 1.6520e-04 2.1995e-04 4.3852e-06 2.1995e-04 1.7815e-01 0.0000e+00
719 0.0000e+00 2.3380e-04 2.1848e-04 3.9625e-06 2.1848e-04 1.7837e-01 0.0000e+00
720 0.0000e+00 2.8620e-04 2.1702e-04 3.5818e-06 2.1702e-04 1.7858e-01 0.0000e+00
721 0.0000e+00 3.1670e-04 2.1557e-04 3.2385e-06 2.1557e-04 1.7879e-01 0.0000e+00
722 0.0000e+00 3.3060e-04 2.1415e-04 2.9296e-06 2.1415e-04 1.7900e-01 0.0000e+00
723 0.0000e+00 3.1670e-04 2.1274e-04 2.6511e-06 2.1274e-04 1.7921e-01 0.0000e+00
724 0.0000e+00 2.8620e-04 2.1135e-04 2.3999e-06 2.1135e-04 1.7942e-01 0.0000e+00
725 0.0000e+00 2.3380e-04 2.0997e-04 2.1732e-06 2.0997e-04 1.7963e-01 0.0000e+00
726 0.0000e+00 1.6520e-04 2.0861e-04 1.9686e-06 2.0861e-04 1.7984e-01 0.0000e+00
727 0.0000e+00 8.0000e-05 2.0727e-04 1.7838e-06 2.0727e-04 1.8004e-01 0.0000e+00
728 0.0000e+00 0.0000e+00 2.0594e-04 1.6169e-06 2.0594e-04 1.8025e-01 0.0000e+00
729 0.0000e+00 0.0000e+00 2.0463e-04 1.4661e-06 2.0463e-04 1.8045e-01 0.0000e+00
730 0.0000e+00 0.0000e+00 2.0334e-04 1.3298e-06 2.0334e-04 1.8065e-01 0.0000e+00
731 0.0000e+00 0.0000e+00 2.0206e-04 1.2059e-06 2.0206e-04 1.8085e-01 0.0000e+00
732 0.0000e+00 0.0000e+00 2.0079e-04 1.0945e-06 2.0079e-04 1.8105e-01 0.0000e+00
733 0.0000e+00 0.0000e+00 1.9954e-04 9.9361e-07 1.9954e-04 1.8125e-01 0.0000e+00
734 0.0000e+00 0.0000e+00 1.9831e-04 9.0232e-07 1.9831e-04 1.8145e-01 0.0000e+00
735 0.0000e+00 0.0000e+00 1.9709e-04 8.1964e-07 1.9709e-04 1.8165e-01 0.0000e+00
736 0.0000e+00 0.0000e+00 1.9589e-04 7.4475e-07 1.9589e-04 1.8184e-01 0.0000e+00
737 0.0000e+00 0.0000e+00 1.9469e-04 6.7688e-07 1.9469e-04 1.8204e-01 0.0000e+00
738 0.0000e+00 0.0000e+00 1.9352e-04 6.1537e-07 1.9352e-04 1.8223e-01 0.0000e+00
739 0.0000e+00 0.0000e+00 1.9235e-04 5.5959e-07 1.9235e-04 1.8242e-01 0.0000e+00
740 0.0000e+00 0.0000e+00 1.9121e-04 5.0901e-07 1.9121e-04 1.8261e-01 0.0000e+00
741 0.0000e+00 7.4700e-05 1.9007e-04 4.6311e-07 1.9007e-04 1.8280e-01 0.0000e+00
742 0.0000e+00 1.4410e-04 1.8895e-04 4.2070e-07 1.8895e-04 1.8299e-01 0.0000e+00
743 0.0000e+00 2.0380e-04 1.8784e-04 3.8301e-07 1.8784e-04 1.8318e-01 0.0000e+00
744 0.0000e+00 2.4960e-04 1.8674e-04 3.4878e-07 1.8674e-04 1.8336e-01 0.0000e+00
745 0.0000e+00 2.7610e-04 1.8565e-04 3.1768e-07 1.8565e-04 1.8355e-01 0.0000e+00
746 0.0000e+00 2.8830e-04 1.8458e-04 2.8942e-07 1.8458e-04 1.8373e-01 0.0000e+00
747 0.0000e+00 2.7610e-04 1.8352e-04 2.6374e-07 1.8352e-04 1.8392e-01 0.0000e+00
748 0.0000e+00 2.4960e-04 1.8247e-04 2.4039e-07 1.8247e-04 1.8410e-01 0.0000e+00
749 0.0000e+00 2.0380e-04 1.8144e-04 2.1916e-07 1.8144e-04 1.8428e-01 0.0000e+00
750 0.0000e+00 1.4410e-04 1.8041e-04 1.9985e-07 1.8041e-04 1.8446e-01 0.0000e+00
751 0.0000e+00 6.9800e-05 1.7940e-04 1.8228e-07 1.7940e-04 1.8464e-01 0.0000e+00
752 0.0000e+00 0.0000e+00 1.7840e-04 1.6629e-07 1.7840e-04 1.8482e-01 0.0000e+00
753 0.0000e+00 0.0000e+00 1.7741e-04 1.5048e-07 1.7741e-04 1.8499e-01 0.0000e+00
754 0.0000e+00 0.0000e+00 1.7643e-04 1.3739e-07 1.7643e-04 1.8517e-01 0.0000e+00
755 0.0000e+00 0.0000e+00 1.7546e-04 1.2546e-07 1.7546e-04 1.8535e-01 0.0000e+00
756 0.0000e+00 0.0000e+00 1.7450e-04 1.1459e-07 1.7450e-04 1.8552e-01 0.0000e+00
757 0.0000e+00 0.0000e+00 1.7355e-04 1.0468e-07 1.7355e-04 1.8569e-01 0.0000e+00
758 0.0000e+00 0.0000e+00 1.7261e-04 9.5651e-08 1.7261e-04 1.8587e-01 0.0000e+00
759 0.0000e+00 0.0000e+00 1.7169e-04 8.7414e-08 1.7169e-04 1.8604e-01 0.0000e+00
760 0.0000e+00 0.0000e+00 1.7077e-04 7.9901e-08 1.7077e-04 1.8621e-01 0.0000e+00
761 0.0000e+00 0.0000e+00 1.6986e-04 7.3047e-08 1.6986e-04 1.8638e-01 0.0000e+00
762 0.0000e+00 0.0000e+00 1.6896e-04 6.6793e-08 1.6896e-04 1.8655e-01 0.0000e+00
763 0.0000e+00 0.0000e+00 1.6807e-04 6.1086e-08 1.6807e-04 1.8671e-01 0.0000e+00
764 0.0000e+00 0.0000e+00 1.6719e-04 5.4066e-08 1.6719e-04 1.8688e-01 0.0000e+00
765 0.0000e+00 9.6700e-05 1.6632e-04 4.9510e-08 1.6632e-04 1.8705e-01 0.0000e+00
766 0.0000e+00 1.8660e-04 1.6546e-04 4.5345e-08 1.6546e-04 1.8721e-01 0.0000e+00
767 0.0000e+00 2.6400e-04 1.6460e-04 4.1537e-08 1.6460e-04 1.8738e-01 0.0000e+00
768 0.0000e+00 3.2330e-04 1.6376e-04 3.8055e-08 1.6376e-04 1.8754e-01 0.0000e+00
769 0.0000e+00 3.5770e-04 1.6292e-04 3.4869e-08 1.6292e-04 1.8770e-01 0.0000e+00
770 0.0000e+00 3.7350e-04 1.6210e-04 3.1955e-08 1.6210e-04 1.8787e-01 0.0000e+00
771 0.0000e+00 3.5770e-04 1.6128e-04 2.9289e-08 1.6128e-04 1.8803e-01 0.0000e+00
772 0.0000e+00 3.2330e-04 1.6047e-04 2.6849e-08 1.6047e-04 1.8819e-01 0.0000e+00
773 0.0000e+00 2.6400e-04 1.5966e-04 2.4616e-08 1.5966e-04 1.8835e-01 0.0000e+00
774 0.0000e+00 1.8660e-04 1.5887e-04 2.2572e-08 1.5887e-04 1.8851e-01 0.0000e+00
775 0.0000e+00 9.0400e-05 1.5808e-04 1.8811e-08 1.5808e-04 1.8867e-01 0.0000e+00
776 0.0000e+00 0.0000e+00 1.5730e-04 1.7284e-08 1.5730e-04 1.8882e-01 0.0000e+00
777 0.0000e+00 0.0000e+00 1.5653e-04 1.5884e-08 1.5653e-04 1.8898e-01 0.0000e+00
778 0.0000e+00 0.0000e+00 1.5577e-04 1.4598e-08 1.5577e-04 1.8913e-01 0.0000e+00
779 0.0000e+00 0.0000e+00 1.5501e-04 1.3418e-08 1.5501e-04 1.8929e-01 0.0000e+00
780 0.0000e+00 0.0000e+00 1.5426e-04 1.2335e-08 1.5426e-04 1.8944e-01 0.0000e+00
781 0.0000e+00 0.0000e+00 1.5352e-04 1.1340e-08 1.5352e-04 1.8960e-01 0.0000e+00
782 0.0000e+00 0.0000e+00 1.5279e-04 1.0427e-08 1.5279e-04 1.8975e-01 0.0000e+00
783 0.0000e+00 0.0000e+00 1.5206e-04 9.5881e-09 1.5206e-04 1.8990e-01 0.0000e+00
784 0.0000e+00 0.0000e+00 1.5134e-04 8.8178e-09 1.5134e-04 1.9005e-01 0.0000e+00
785 0.0000e+00 0.0000e+00 1.5063e-04 8.1102e-09 1.5063e-04 1.9020e-01 0.0000e+00
786 0.0000e+00 0.0000e+00 1.4992e-04 7.4602e-09 1.4992e-04 1.9035e-01 0.0000e+00
787 0.0000e+00 0.0000e+00 1.4922e-04 5.4726e-09 1.4922e-04 1.9050e-01 0.0000e+00
788 0.0000e+00 0.0000e+00 1.4852e-04 5.0485e-09 1.4852e-04 1.9065e-01 0.0000e+00
789 0.0000e+00 1.2590e-04 1.4784e-04 4.6577e-09 1.4784e-04 1.9080e-01 0.0000e+00
790 0.0000e+00 2.4290e-04 1.4715e-04 4.2974e-09 1.4715e-04 1.9095e-01 0.0000e+00
791 0.0000e+00 3.4370e-04 1.4648e-04 3.9653e-09 1.4648e-04 1.9109e-01 0.0000e+00
792 0.0000e+00 4.2090e-04 1.4581e-04 3.6592e-09 1.4581e-04 1.9124e-01 0.0000e+00
793 0.0000e+00 4.6560e-04 1.4515e-04 3.3770e-09 1.4515e-04 1.9138e-01 0.0000e+00
794 0.0000e+00 4.8620e-04 1.4449e-04 3.1167e-09 1.4449e-04 1.9153e-01 0.0000e+00
795 0.0000e+00 4.6560e-04 1.4384e-04 2.8768e-09 1.4384e-04 1.9167e-01 0.0000e+00
796 0.0000e+00 4.2090e-04 1.4319e-04 2.6555e-09 1.4319e-04 1.9182e-01 0.0000e+00
797 0.0000e+00 3.4370e-04 1.4255e-04 2.4514e-09 1.4255e-04 1.9196e-01 0.0000e+00
798 0.0000e+00 2.4290e-04 1.4192e-04 1.3902e-09 1.4192e-04 1.9210e-01 0.0000e+00
799 0.0000e+00 1.1760e-04 1.4129e-04 1.2881e-09 1.4129e-04 1.9224e-01 0.0000e+00
800 0.0000e+00 0.0000e+00 1.4067e-04 1.1936e-09 1.4067e-04 1.9238e-01 0.0000e+00
801 0.0000e+00 0.0000e+00 1.4005e-04 1.1060e-09 1.4005e-04 1.9252e-01 0.0000e+00
802 0.0000e+00 0.0000e+00 1.3944e-04 1.0250e-09 1.3944e-04 1.9266e-01 0.0000e+00
803 0.0000e+00 0.0000e+00 1.3884e-04 9.4991e-10 1.3884e-04 1.9280e-01 0.0000e+00
804 0.0000e+00 0.0000e+00 1.3823e-04 8.8039e-10 1.3823e-04 1.9294e-01 0.0000e+00
805 0.0000e+00 0.0000e+00 1.3764e-04 8.1601e-10 1.3764e-04 1.9308e-01 0.0000e+00
806 0.0000e+00 0.0000e+00 1.3705e-04 7.5637e-10 1.3705e-04 1.9321e-01 0.0000e+00
807 0.0000e+00 0.0000e+00 1.3646e-04 7.0113e-10 1.3646e-04 1.9335e-01 0.0000e+00
808 0.0000e+00 0.0000e+00 1.3588e-04 6.4996e-10 1.3588e-04 1.9349e-01 0.0000e+00
809 0.0000e+00 0.0000e+00 1.3531e-04 2.5172e-10 1.3531e-04 1.9362e-01 0.0000e+00
810 0.0000e+00 0.0000e+00 1.3474e-04 2.3427e-10 1.3474e-04 1.9376e-01 0.0000e+00
811 0.0000e+00 0.0000e+00 1.3417e-04 2.1805e-10 1.3417e-04 1.9389e-01 0.0000e+00
812 0.0000e+00 0.0000e+00 1.3361e-04 2.0295e-10 1.3361e-04 1.9402e-01 0.0000e+00
813 0.0000e+00 3.0400e-05 1.3305e-04 1.8891e-10 1.3305e-04 1.9416e-01 0.0000e+00
814 0.0000e+00 5.8700e-05 1.3250e-04 1.7584e-10 1.3250e-04 1.9429e-01 0.0000e+00
815 0.0000e+00 8.3100e-05 1.3195e-04 1.6369e-10 1.3195e-04 1.9442e-01 0.0000e+00
816 0.0000e+00 1.0180e-04 1.3141e-04 1.5238e-10 1.3141e-04 1.9455e-01 0.0000e+00
817 0.0000e+00 1.1260e-04 1.3087e-04 1.4186e-10 1.3087e-04 1.9468e-01 0.0000e+00
818 0.0000e+00 1.1760e-04 1.3034e-04 1.3207e-10 1.3034e-04 1.9481e-01 0.0000e+00
819 0.0000e+00 1.1260e-04 1.2981e-04 1.2296e-10 1.2981e-04 1.9494e-01 0.0000e+00
820 0.0000e+00 1.0180e-04 1.2928e-04 1.1448e-10 1.2928e-04 1.9507e-01 0.0000e+00
821 0.0000e+00 8.3100e-05 1.2876e-04 2.5138e-11 1.2876e-04 1.9520e-01 0.0000e+00
822 0.0000e+00 5.8700e-05 1.2824e-04 2.3492e-11 1.2824e-04 1.9533e-01 0.0000e+00
823 0.0000e+00 2.8400e-05 1.2773e-04 2.1954e-11 1.2773e-04 1.9546e-01 0.0000e+00
824 0.0000e+00 0.0000e+00 1.2722e-04 2.0518e-11 1.2722e-04 1.9558e-01 0.0000e+00
825 0.0000e+00 0.0000e+00 1.2672e-04 1.9176e-11 1.2672e-04 1.9571e-01 0.0000e+00
826 0.0000e+00 0.0000e+00 1.2621e-04 1.7923e-11 1.2621e-04 1.9584e-01 0.0000e+00
827 0.0000e+00 0.0000e+00 1.2572e-04 1.6752e-11 1.2572e-04 1.9596e-01 0.0000e+00
828 0.0000e+00 0.0000e+00 1.2523e-04 1.5658e-11 1.2523e-04 1.9609e-01 0.0000e+00
829 0.0000e+00 0.0000e+00 1.2474e-04 1.4635e-11 1.2474e-04 1.9621e-01 0.0000e+00
830 0.0000e+00 0.0000e+00 1.2425e-04 1.3680e-11 1.2425e-04 1.9634e-01 0.0000e+00
831 0.0000e+00 0.0000e+00 1.2377e-04 1.2788e-11 1.2377e-04 1.9646e-01 0.0000e+00
832 0.0000e+00 0.0000e+00 1.2329e-04 1.1954e-11 1.2329e-04 1.9658e-01 0.0000e+00
833 0.0000e+00 0.0000e+00 1.2282e-04 0.0000e+00 1.2282e-04 1.9671e-01 0.0000e+00
834 0.0000e+00 0.0000e+00 1.2235e-04 0.0000e+00 1.2235e-04 1.9683e-01 0.0000e+00
835 0.0000e+00 0.0000e+00 1.2188e-04 0.0000e+00 1.2188e-04 1.9695e-01 0.0000e+00
836 0.0000e+00 0.0000e+00 1.2142e-04 0.0000e+00 1.2142e-04 1.9707e-01 0.0000e+00
837 0.0000e+00 6.6100e-05 1.2096e-04 0.0000e+00 1.2096e-04 1.9719e-01 0.0000e+00
838 0.0000e+00 1.2750e-04 1.2050e-04 0.0000e+00 1.2050e-04 1.9731e-01 0.0000e+00
839 0.0000e+00 1.8040e-04 1.2005e-04 0.0000e+00 1.2005e-04 1.9743e-01 0.0000e+00
840 0.0000e+00 2.2090e-04 1.1960e-04 0.0000e+00 1.1960e-04 1.9755e-01 0.0000e+00
841 0.0000e+00 2.4430e-04 1.1915e-04 0.0000e+00 1.1915e-04 1.9767e-01 0.0000e+00
842 0.0000e+00 2.5510e-04 1.1871e-04 0.0000e+00 1.1871e-04 1.9779e-01 0.0000e+00
843 0.0000e+00 2.4430e-04 1.1827e-04 0.0000e+00 1.1827e-04 1.9791e-01 0.0000e+00
844 0.0000e+00 2.2090e-04 1.1783e-04 0.0000e+00 1.1783e-04 1.9803e-01 0.0000e+00
845 0.0000e+00 1.8040e-04 1.1740e-04 0.0000e+00 1.1740e-04 1.9815e-01 0.0000e+00
846 0.0000e+00 1.2750e-04 1.1697e-04 0.0000e+00 1.1697e-04 1.9826e-01 0.0000e+00
847 0.0000e+00 6.1700e-05 1.1654e-04 0.0000e+00 1.1654e-04 1.9838e-01 0.0000e+00
848 0.0000e+00 0.0000e+00 1.1612e-04 0.0000e+00 1.1612e-04 1.9850e-01 0.0000e+00
849 0.0000e+00 0.0000e+00 1.1570e-04 0.0000e+00 1.1570e-04 1.9861e-01 0.0000e+00
850 0.0000e+00 0.0000e+00 1.1528e-04 0.0000e+00 1.1528e-04 1.9873e-01 0.0000e+00
851 0.0000e+00 0.0000e+00 1.1487e-04 0.0000e+00 1.1487e-04 1.9884e-01 0.0000e+00
852 0.0000e+00 0.0000e+00 1.1446e-04 0.0000e+00 1.1446e-04 1.9896e-01 0.0000e+00
853 0.0000e+00 0.0000e+00 1.1405e-04 0.0000e+00 1.1405e-04 1.9907e-01 0.0000e+00
854 0.0000e+00 0.0000e+00 1.1364e-04 0.0000e+00 1.1364e-04 1.9918e-01 0.0000e+00
855 0.0000e+00 0.0000e+00 1.1324e-04 0.0000e+00 1.1324e-04 1.9930e-01 0.0000e+00
856 0.0000e+00 0.0000e+00 1.1284e-04 0.0000e+00 1.1284e-04 1.9941e-01 0.0000e+00
857 0.0000e+00 0.0000e+00 1.1244e-04 0.0000e+00 1.1244e-04 1.9952e-01 0.0000e+00
858 0.0000e+00 0.0000e+00 1.1205e-04 0.0000e+00 1.1205e-04 1.9963e-01 0.0000e+00
859 0.0000e+00 0.0000e+00 1.1165e-04 0.0000e+00 1.1165e-04 1.9975e-01 0.0000e+00
860 0.0000e+00 0.0000e+00 1.1127e-04 0.0000e+00 1.1127e-04 1.9986e-01 0.0000e+00
861 0.0000e+00 9.7600e-05 1.1088e-04 0.0000e+00 1.1088e-04 1.9997e-01 0.0000e+00
862 0.0000e+00 1.8830e-04 1.1050e-04 0.0000e+00 1.1050e-04 2.0008e-01 0.0000e+00
863 0.0000e+00 2.6650e-04 1.1012e-04 0.0000e+00 1.1012e-04 2.0019e-01 0.0000e+00
864 0.0000e+00 3.2630e-04 1.0974e-04 0.0000e+00 1.0974e-04 2.0030e-01 0.0000e+00
865 0.0000e+00 3.6100e-04 1.0936e-04 0.0000e+00 1.0936e-04 2.0041e-01 0.0000e+00
866 0.0000e+00 3.7690e-04 1.0899e-04 0.0000e+00 1.0899e-04 2.0052e-01 0.0000e+00
867 0.0000e+00 3.6100e-04 1.0862e-04 0.0000e+00 1.0862e-04 2.0062e-01 0.0000e+00
868 0.0000e+00 3.2630e-04 1.0825e-04 0.0000e+00 1.0825e-04 2.0073e-01 0.0000e+00
869 0.0000e+00 2.6650e-04 1.0788e-04 0.0000e+00 1.0788e-04 2.0084e-01 0.0000e+00
870 0.0000e+00 1.8830e-04 1.0752e-04 0.0000e+00 1.0752e-04 2.0095e-01 0.0000e+00
871 0.0000e+00 9.1200e-05 1.0716e-04 0.0000e+00 1.0716e-04 2.0106e-01 0.0000e+00
872 0.0000e+00 0.0000e+00 1.0680e-04 0.0000e+00 1.0680e-04 2.0116e-01 0.0000e+00
873 0.0000e+00 0.0000e+00 1.0645e-04 0.0000e+00 1.0645e-04 2.0127e-01 0.0000e+00
874 0.0000e+00 0.0000e+00 1.0609e-04 0.0000e+00 1.0609e-04 2.0138e-01 0.0000e+00
875 0.0000e+00 0.0000e+00 1.0574e-04 0.0000e+00 1.0574e-04 2.0148e-01 0.0000e+00
876 0.0000e+00 0.0000e+00 1.0539e-04 0.0000e+00 1.0539e-04 2.0159e-01 0.0000e+00
877 0.0000e+00 0.0000e+00 1.0505e-04 0.0000e+00 1.0505e-04 2.0169e-01 0.0000e+00
878 0.0000e+00 0.0000e+00 1.0470e-04 0.0000e+00 1.0470e-04 2.0180e-01 0.0000e+00
879 0.0000e+00 0.0000e+00 1.0436e-04 0.0000e+00 1.0436e-04 2.0190e-01 0.0000e+00
880 0.0000e+00 0.0000e+00 1.0402e-04 0.0000e+00 1.0402e-04 2.0200e-01 0.0000e+00
881 0.0000e+00 0.0000e+00 1.0368e-04 0.0000e+00 1.0368e-04 2.0211e-01 0.0000e+00
882 0.0000e+00 0.0000e+00 1.0335e-04 0.0000e+00 1.0335e-04 2.0221e-01 0.0000e+00
883 0.0000e+00 0.0000e+00 1.0301e-04 0.0000e+00 1.0301e-04 2.0231e-01 0.0000e+00
884 0.0000e+00 0.0000e+00 1.0268e-04 0.0000e+00 1.0268e-04 2.0242e-01 0.0000e+00
885 0.0000e+00 6.4300e-05 1.0235e-04 0.0000e+00 1.0235e-04 2.0252e-01 0.0000e+00
886 0.0000e+00 1.2410e-04 1.0203e-04 0.0000e+00 1.0203e-04 2.0262e-01 0.0000e+00
887 0.0000e+00 1.7560e-04 1.0170e-04 0.0000e+00 1.0170e-04 2.0272e-01 0.0000e+00
888 0.0000e+00 2.1500e-04 1.0138e-04 0.0000e+00 1.0138e-04 2.0282e-01 0.0000e+00
889 0.0000e+00 2.3790e-04 1.0106e-04 0.0000e+00 1.0106e-04 2.0293e-01 0.0000e+00
890 0.0000e+00 2.4840e-04 1.0074e-04 0.0000e+00 1.0074e-04 2.0303e-01 0.0000e+00
891 0.0000e+00 2.3790e-04 1.0042e-04 0.0000e+00 1.0042e-04 2.0313e-01 0.0000e+00
892 0.0000e+00 2.1500e-04 1.0011e-04 0.0000e+00 1.0011e-04 2.0323e-01 0.0000e+00
893 0.0000e+00 1.7560e-04 9.9796e-05 0.0000e+00 9.9796e-05 2.0333e-01 0.0000e+00
894 0.0000e+00 1.2410e-04 9.9485e-05 0.0000e+00 9.9485e-05 2.0343e-01 0.0000e+00
895 0.0000e+00 6.0100e-05 9.9177e-05 0.0000e+00 9.9177e-05 2.0353e-01 0.0000e+00
896 0.0000e+00 0.0000e+00 9.8870e-05 0.0000e+00 9.8870e-05 2.0362e-01 0.0000e+00
897 0.0000e+00 0.0000e+00 9.8565e-05 0.0000e+00 9.8565e-05 2.0372e-01 0.0000e+00
898 0.0000e+00 0.0000e+00 9.8262e-05 0.0000e+00 9.8262e-05 2.0382e-01 0.0000e+00
899 0.0000e+00 0.0000e+00 9.7960e-05 0.0000e+00 9.7960e-05 2.0392e-01 0.0000e+00
900 0.0000e+00 0.0000e+00 9.7661e-05 0.0000e+00 9.7661e-05 2.0402e-01 0.0000e+00
901 0.0000e+00 0.0000e+00 9.7363e-05 0.0000e+00 9.7363e-05 2.0411e-01 0.0000e+00
902 0.0000e+00 0.0000e+00 9.7068e-05 0.0000e+00 9.7068e-05 2.0421e-01 0.0000e+00
903 0.0000e+00 0.0000e+00 9.6774e-05 0.0000e+00 9.6774e-05 2.0431e-01 0.0000e+00
904 0.0000e+00 0.0000e+00 9.6481e-05 0.0000e+00 9.6481e-05 2.0440e-01 0.0000e+00
905 0.0000e+00 0.0000e+00 9.6191e-05 0.0000e+00 9.6191e-05 2.0450e-01 0.0000e+00
906 0.0000e+00 0.0000e+00 9.5902e-05 0.0000e+00 9.5902e-05 2.0460e-01 0.0000e+00
907 0.0000e+00 0.0000e+00 9.5615e-05 0.0000e+00 9.5615e-05 2.0469e-01 0.0000e+00
908 0.0000e+00 0.0000e+00 9.5330e-05 0.0000e+00 9.5330e-05 2.0479e-01 0.0000e+00
909 0.0000e+00 8.0200e-05 9.5046e-05 0.0000e+00 9.5046e-05 2.0488e-01 0.0000e+00
910 0.0000e+00 1.5480e-04 9.4764e-05 0.0000e+00 9.4764e-05 2.0498e-01 0.0000e+00
911 0.0000e+00 2.1910e-04 9.4484e-05 0.0000e+00 9.4484e-05 2.0507e-01 0.0000e+00
912 0.0000e+00 2.6830e-04 9.4206e-05 0.0000e+00 9.4206e-05 2.0517e-01 0.0000e+00
913 0.0000e+00 2.9680e-04 9.3929e-05 0.0000e+00 9.3929e-05 2.0526e-01 0.0000e+00
914 0.0000e+00 3.0990e-04 9.3653e-05 0.0000e+00 9.3653e-05 2.0535e-01 0.0000e+00
915 0.0000e+00 2.9680e-04 9.3380e-05 0.0000e+00 9.3380e-05 2.0545e-01 0.0000e+00
916 0.0000e+00 2.6830e-04 9.3108e-05 0.0000e+00 9.3108e-05 2.0554e-01 0.0000e+00
917 0.0000e+00 2.1910e-04 9.2837e-05 0.0000e+00 9.2837e-05 2.0563e-01 0.0000e+00
918 0.0000e+00 1.5480e-04 9.2568e-05 0.0000e+00 9.2568e-05 2.0573e-01 0.0000e+00
919 0.0000e+00 7.5000e-05 9.2301e-05 0.0000e+00 9.2301e-05 2.0582e-01 0.0000e+00
920 0.0000e+00 0.0000e+00 9.2035e-05 0.0000e+00 9.2035e-05 2.0591e-01 0.0000e+00
921 0.0000e+00 0.0000e+00 9.1771e-05 0.0000e+00 9.1771e-05 2.0600e-01 0.0000e+00
922 0.0000e+00 0.0000e+00 9.1508e-05 0.0000e+00 9.1508e-05 2.0609e-01 0.0000e+00
923 0.0000e+00 0.0000e+00 9.1247e-05 0.0000e+00 9.1247e-05 2.0618e-01 0.0000e+00
924 0.0000e+00 0.0000e+00 9.0987e-05 0.0000e+00 9.0987e-05 2.0628e-01 0.0000e+00
925 0.0000e+00 0.0000e+00 9.0728e-05 0.0000e+00 9.0728e-05 2.0637e-01 0.0000e+00
926 0.0000e+00 0.0000e+00 9.0472e-05 0.0000e+00 9.0472e-05 2.0646e-01 0.0000e+00
927 0.0000e+00 0.0000e+00 9.0216e-05 0.0000e+00 9.0216e-05 2.0655e-01 0.0000e+00
928 0.0000e+00 0.0000e+00 8.9962e-05 0.0000e+00 8.9962e-05 2.0664e-01 0.0000e+00
929 0.0000e+00 0.0000e+00 8.9710e-05 0.0000e+00 8.9710e-05 2.0673e-01 0.0000e+00
930 0.0000e+00 0.0000e+00 8.9458e-05 0.0000e+00 8.9458e-05 2.0682e-01 0.0000e+00
931 0.0000e+00 0.0000e+00 8.9209e-05 0.0000e+00 8.9209e-05 2.0690e-01 0.0000e+00
932 0.0000e+00 0.0000e+00 8.8960e-05 0.0000e+00 8.8960e-05 2.0699e-01 0.0000e+00
933 0.0000e+00 9.6000e-05 8.8713e-05 0.0000e+00 8.8713e-05 2.0708e-01 0.0000e+00
934 0.0000e+00 1.8520e-04 8.8468e-05 0.0000e+00 8.8468e-05 2.0717e-01 0.0000e+00
935 0.0000e+00 2.6210e-04 8.8224e-05 0.0000e+00 8.8224e-05 2.0726e-01 0.0000e+00
936 0.0000e+00 3.2090e-04 8.7981e-05 0.0000e+00 8.7981e-05 2.0735e-01 0.0000e+00
937 0.0000e+00 3.5500e-04 8.7739e-05 0.0000e+00 8.7739e-05 2.0744e-01 0.0000e+00
938 0.0000e+00 3.7070e-04 8.7499e-05 0.0000e+00 8.7499e-05 2.0752e-01 0.0000e+00
939 0.0000e+00 3.5500e-04 8.7260e-05 0.0000e+00 8.7260e-05 2.0761e-01 0.0000e+00
940 0.0000e+00 3.2090e-04 8.7022e-05 0.0000e+00 8.7022e-05 2.0770e-01 0.0000e+00
941 0.0000e+00 2.6210e-04 8.6786e-05 0.0000e+00 8.6786e-05 2.0778e-01 0.0000e+00
942 0.0000e+00 1.8520e-04 8.6551e-05 0.0000e+00 8.6551e-05 2.0787e-01 0.0000e+00
943 0.0000e+00 8.9700e-05 8.6317e-05 0.0000e+00 8.6317e-05 2.0796e-01 0.0000e+00
944 0.0000e+00 0.0000e+00 8.6085e-05 0.0000e+00 8.6085e-05 2.0804e-01 0.0000e+00
945 0.0000e+00 0.0000e+00 8.5853e-05 0.0000e+00 8.5853e-05 2.0813e-01 0.0000e+00
946 0.0000e+00 0.0000e+00 8.5623e-05 0.0000e+00 8.5623e-05 2.0821e-01 0.0000e+00
947 0.0000e+00 0.0000e+00 8.5394e-05 0.0000e+00 8.5394e-05 2.0830e-01 0.0000e+00
948 0.0000e+00 0.0000e+00 8.5167e-05 0.0000e+00 8.5167e-05 2.0838e-01 0.0000e+00
949 0.0000e+00 0.0000e+00 8.4941e-05 0.0000e+00 8.4941e-05 2.0847e-01 0.0000e+00
950 0.0000e+00 0.0000e+00 8.4715e-05 0.0000e+00 8.4715e-05 2.0855e-01 0.0000e+00
Objective function values:
F1 1.250202e-06    NSE 0.78509   F2 2.576044e-02
Mean Obs Q 1.590065e-04   Variance Obs Q 6.123405e-09
    Error Variance 1.316002e-09

Water Balance for Subcatchment: Extracted study basin: Taegu Pyungkwang River

   SUMP       SUMAE      SUMQ       SUMRZ      SUMUZ      SBAR        BAL
1.890e-01  4.645e-02  1.292e-01  1.967e-02  0.000e+00  2.086e-01  6.989e-04
