Taegu Pyungkwang River Catchment: Calibration Data

Subcatchment : Extracted study basin: cat-1069

TL =     8.16
SUMAC =     1.00
SZQ =       0.04249
Subcatchment routing data:
Maximum Routing Delay       0.69444
Sum of Histogram ordinates:     1.0000
     1.00000 
Initial BAL             -0.23133
Initial SBAR             0.22933
Initial SR0              0.00200
it      p        ep       q(it)       quz      q       sbar       qof
1 0.0000e+00 6.1900e-05 3.2800e-05 0.0000e+00 3.2800e-05 2.2937e-01 0.0000e+00
2 0.0000e+00 6.4700e-05 3.2766e-05 0.0000e+00 3.2766e-05 2.2940e-01 0.0000e+00
3 1.0000e-03 6.1900e-05 3.2733e-05 0.0000e+00 3.2733e-05 2.2943e-01 0.0000e+00
4 1.0000e-03 5.6000e-05 3.2699e-05 0.0000e+00 3.2699e-05 2.2946e-01 0.0000e+00
5 1.0000e-03 4.5700e-05 4.1079e-05 7.1675e-05 3.2666e-05 2.2943e-01 8.4126e-06
6 5.0000e-04 3.2300e-05 3.7720e-05 1.0451e-04 3.2706e-05 2.2935e-01 5.0140e-06
7 5.0000e-04 1.5600e-05 3.7941e-05 1.3630e-04 3.2779e-05 2.2925e-01 5.1619e-06
8 0.0000e+00 0.0000e+00 3.2886e-05 1.2102e-04 3.2886e-05 2.2916e-01 0.0000e+00
9 5.0000e-04 0.0000e+00 3.8322e-05 1.5471e-04 3.2976e-05 2.2904e-01 5.3462e-06
10 5.0000e-04 0.0000e+00 3.8620e-05 1.8507e-04 3.3102e-05 2.2889e-01 5.5184e-06
11 0.0000e+00 0.0000e+00 3.3259e-05 1.6524e-04 3.3259e-05 2.2876e-01 0.0000e+00
12 0.0000e+00 0.0000e+00 3.3397e-05 1.4931e-04 3.3397e-05 2.2864e-01 0.0000e+00
13 1.0000e-03 0.0000e+00 4.4555e-05 2.2968e-04 3.3518e-05 2.2844e-01 1.1037e-05
14 5.0000e-04 0.0000e+00 3.9243e-05 2.5129e-04 3.3724e-05 2.2823e-01 5.5184e-06
15 5.0000e-04 0.0000e+00 3.9473e-05 2.7253e-04 3.3954e-05 2.2799e-01 5.5184e-06
16 1.0000e-03 0.0000e+00 4.5245e-05 3.3931e-04 3.4208e-05 2.2768e-01 1.1037e-05
17 0.0000e+00 0.0000e+00 3.4536e-05 3.0294e-04 3.4536e-05 2.2741e-01 0.0000e+00
18 0.0000e+00 0.0000e+00 3.4827e-05 2.7400e-04 3.4827e-05 2.2718e-01 0.0000e+00
19 0.0000e+00 0.0000e+00 3.5088e-05 2.4826e-04 3.5088e-05 2.2696e-01 0.0000e+00
20 0.0000e+00 0.0000e+00 3.5323e-05 2.2523e-04 3.5323e-05 2.2677e-01 0.0000e+00
21 0.0000e+00 1.8000e-05 3.5533e-05 2.0454e-04 3.5533e-05 2.2660e-01 0.0000e+00
22 0.0000e+00 3.4800e-05 3.5721e-05 1.8591e-04 3.5721e-05 2.2645e-01 0.0000e+00
23 0.0000e+00 4.9200e-05 3.5889e-05 1.6908e-04 3.5889e-05 2.2632e-01 0.0000e+00
24 3.0000e-03 6.0200e-05 6.8024e-05 4.3115e-04 3.6039e-05 2.2592e-01 3.1985e-05
25 2.0000e-03 6.6600e-05 5.7896e-05 5.6451e-04 3.6487e-05 2.2540e-01 2.1409e-05
26 5.5000e-03 6.9600e-05 1.0375e-04 1.0175e-03 3.7094e-05 2.2442e-01 6.6660e-05
27 6.0000e-03 6.6600e-05 1.1316e-04 1.4675e-03 3.8248e-05 2.2299e-01 7.4915e-05
28 1.0000e-03 6.0200e-05 5.2105e-05 1.4014e-03 3.9995e-05 2.2163e-01 1.2110e-05
29 2.5000e-03 4.9200e-05 7.3387e-05 1.4992e-03 4.1733e-05 2.2017e-01 3.1654e-05
30 0.0000e+00 3.4800e-05 4.3678e-05 1.3516e-03 4.3678e-05 2.1886e-01 0.0000e+00
31 0.0000e+00 1.6800e-05 4.5500e-05 1.2236e-03 4.5500e-05 2.1768e-01 0.0000e+00
32 1.0000e-03 0.0000e+00 5.8874e-05 1.1972e-03 4.7206e-05 2.1653e-01 1.1667e-05
33 5.0000e-04 0.0000e+00 5.5421e-05 1.1320e-03 4.8934e-05 2.1545e-01 6.4870e-06
34 0.0000e+00 0.0000e+00 5.0618e-05 1.0240e-03 5.0618e-05 2.1448e-01 0.0000e+00
35 0.0000e+00 0.0000e+00 5.2182e-05 9.2779e-04 5.2182e-05 2.1360e-01 0.0000e+00
36 0.0000e+00 0.0000e+00 5.3629e-05 8.4091e-04 5.3629e-05 2.1281e-01 0.0000e+00
37 0.0000e+00 0.0000e+00 5.4965e-05 7.6232e-04 5.4965e-05 2.1211e-01 0.0000e+00
38 0.0000e+00 0.0000e+00 5.6194e-05 6.9117e-04 5.6194e-05 2.1147e-01 0.0000e+00
39 0.0000e+00 0.0000e+00 5.7320e-05 6.2675e-04 5.7320e-05 2.1090e-01 0.0000e+00
40 0.0000e+00 0.0000e+00 5.8349e-05 5.6842e-04 5.8349e-05 2.1039e-01 0.0000e+00
41 0.0000e+00 0.0000e+00 5.9286e-05 5.1559e-04 5.9286e-05 2.0993e-01 0.0000e+00
42 0.0000e+00 0.0000e+00 6.0138e-05 4.6775e-04 6.0138e-05 2.0953e-01 0.0000e+00
43 0.0000e+00 0.0000e+00 6.0909e-05 4.2443e-04 6.0909e-05 2.0916e-01 0.0000e+00
44 0.0000e+00 0.0000e+00 6.1605e-05 3.8519e-04 6.1605e-05 2.0884e-01 0.0000e+00
45 0.0000e+00 3.3800e-05 6.2231e-05 3.4966e-04 6.2231e-05 2.0855e-01 0.0000e+00
46 1.0000e-03 6.5200e-05 7.6673e-05 4.1697e-04 6.2792e-05 2.0820e-01 1.3880e-05
47 0.0000e+00 9.2300e-05 6.3491e-05 3.7388e-04 6.3491e-05 2.0789e-01 0.0000e+00
48 5.0000e-04 1.1300e-04 6.9239e-05 3.7311e-04 6.4110e-05 2.0758e-01 5.1286e-06
49 0.0000e+00 1.2500e-04 6.4732e-05 3.3614e-04 6.4732e-05 2.0731e-01 0.0000e+00
50 1.0000e-03 1.3050e-04 7.6694e-05 3.8259e-04 6.5283e-05 2.0699e-01 1.1410e-05
51 2.5000e-03 1.2500e-04 1.0140e-04 5.8804e-04 6.5934e-05 2.0647e-01 3.5469e-05
52 3.0000e-03 1.1300e-04 1.1005e-04 8.1922e-04 6.7019e-05 2.0572e-01 4.3035e-05
53 2.5000e-03 9.2300e-05 1.0434e-04 9.7383e-04 6.8613e-05 2.0481e-01 3.5730e-05
54 3.0000e-03 6.5200e-05 1.1411e-04 1.1692e-03 7.0581e-05 2.0371e-01 4.3525e-05
55 2.5000e-03 3.1600e-05 1.0949e-04 1.2947e-03 7.3046e-05 2.0249e-01 3.6446e-05
56 2.0000e-03 0.0000e+00 1.0535e-04 1.3608e-03 7.5889e-05 2.0121e-01 2.9465e-05
57 1.0000e-03 0.0000e+00 9.3967e-05 1.3193e-03 7.8998e-05 1.9996e-01 1.4969e-05
58 1.0000e-03 0.0000e+00 9.7089e-05 1.2867e-03 8.2120e-05 1.9876e-01 1.4969e-05
59 0.0000e+00 0.0000e+00 8.5270e-05 1.1493e-03 8.5270e-05 1.9770e-01 0.0000e+00
60 5.0000e-04 0.0000e+00 9.5638e-05 1.0856e-03 8.8153e-05 1.9670e-01 7.4844e-06
61 5.0000e-04 0.0000e+00 9.8429e-05 1.0270e-03 9.0945e-05 1.9576e-01 7.4844e-06
62 0.0000e+00 0.0000e+00 9.3644e-05 9.1879e-04 9.3644e-05 1.9494e-01 0.0000e+00
63 0.0000e+00 0.0000e+00 9.6090e-05 8.2432e-04 9.6090e-05 1.9421e-01 0.0000e+00
64 0.0000e+00 0.0000e+00 9.8302e-05 7.3996e-04 9.8302e-05 1.9357e-01 0.0000e+00
65 0.0000e+00 0.0000e+00 1.0029e-04 6.6453e-04 1.0029e-04 1.9300e-01 0.0000e+00
66 0.0000e+00 0.0000e+00 1.0208e-04 5.9702e-04 1.0208e-04 1.9251e-01 0.0000e+00
67 0.0000e+00 0.0000e+00 1.0367e-04 5.3656e-04 1.0367e-04 1.9208e-01 0.0000e+00
68 0.0000e+00 0.0000e+00 1.0508e-04 4.8240e-04 1.0508e-04 1.9170e-01 0.0000e+00
69 0.0000e+00 4.1400e-05 1.0633e-04 4.3386e-04 1.0633e-04 1.9137e-01 0.0000e+00
70 0.0000e+00 7.9800e-05 1.0742e-04 3.9034e-04 1.0742e-04 1.9109e-01 0.0000e+00
71 0.0000e+00 1.1290e-04 1.0837e-04 3.5132e-04 1.0837e-04 1.9084e-01 0.0000e+00
72 0.0000e+00 1.3830e-04 1.0920e-04 3.1631e-04 1.0920e-04 1.9064e-01 0.0000e+00
73 0.0000e+00 1.5300e-04 1.0991e-04 2.8490e-04 1.0991e-04 1.9046e-01 0.0000e+00
74 0.0000e+00 1.5980e-04 1.1051e-04 2.5671e-04 1.1051e-04 1.9032e-01 0.0000e+00
75 0.0000e+00 1.5300e-04 1.1102e-04 2.3139e-04 1.1102e-04 1.9020e-01 0.0000e+00
76 0.0000e+00 1.3830e-04 1.1144e-04 2.0866e-04 1.1144e-04 1.9010e-01 0.0000e+00
77 0.0000e+00 1.1290e-04 1.1178e-04 1.8822e-04 1.1178e-04 1.9002e-01 0.0000e+00
78 0.0000e+00 7.9800e-05 1.1204e-04 1.6986e-04 1.1204e-04 1.8996e-01 0.0000e+00
79 0.0000e+00 3.8700e-05 1.1225e-04 1.5334e-04 1.1225e-04 1.8992e-01 0.0000e+00
80 0.0000e+00 0.0000e+00 1.1239e-04 1.3849e-04 1.1239e-04 1.8990e-01 0.0000e+00
81 0.0000e+00 0.0000e+00 1.1248e-04 1.2512e-04 1.1248e-04 1.8988e-01 0.0000e+00
82 0.0000e+00 0.0000e+00 1.1253e-04 1.1308e-04 1.1253e-04 1.8988e-01 0.0000e+00
83 0.0000e+00 0.0000e+00 1.1253e-04 1.0225e-04 1.1253e-04 1.8989e-01 0.0000e+00
84 0.0000e+00 0.0000e+00 1.1249e-04 9.2481e-05 1.1249e-04 1.8991e-01 0.0000e+00
85 0.0000e+00 0.0000e+00 1.1242e-04 8.3679e-05 1.1242e-04 1.8994e-01 0.0000e+00
86 0.0000e+00 0.0000e+00 1.1232e-04 7.5742e-05 1.1232e-04 1.8998e-01 0.0000e+00
87 0.0000e+00 0.0000e+00 1.1219e-04 6.8583e-05 1.1219e-04 1.9002e-01 0.0000e+00
88 0.0000e+00 0.0000e+00 1.1204e-04 6.2123e-05 1.1204e-04 1.9007e-01 0.0000e+00
89 0.0000e+00 0.0000e+00 1.1186e-04 5.6291e-05 1.1186e-04 1.9013e-01 0.0000e+00
90 0.0000e+00 0.0000e+00 1.1167e-04 5.1024e-05 1.1167e-04 1.9019e-01 0.0000e+00
91 0.0000e+00 0.0000e+00 1.1146e-04 4.6266e-05 1.1146e-04 1.9025e-01 0.0000e+00
92 0.0000e+00 0.0000e+00 1.1123e-04 4.1965e-05 1.1123e-04 1.9032e-01 0.0000e+00
93 0.0000e+00 1.9100e-05 1.1099e-04 3.8077e-05 1.1099e-04 1.9040e-01 0.0000e+00
94 0.0000e+00 3.6800e-05 1.1074e-04 3.4560e-05 1.1074e-04 1.9047e-01 0.0000e+00
95 0.0000e+00 5.2100e-05 1.1048e-04 3.1378e-05 1.1048e-04 1.9055e-01 0.0000e+00
96 0.0000e+00 6.3800e-05 1.1020e-04 2.8498e-05 1.1020e-04 1.9063e-01 0.0000e+00
97 5.0000e-04 7.0600e-05 1.0992e-04 2.5890e-05 1.0992e-04 1.9072e-01 0.0000e+00
98 5.0000e-04 7.3700e-05 1.0963e-04 2.3528e-05 1.0963e-04 1.9080e-01 0.0000e+00
99 0.0000e+00 7.0600e-05 1.0934e-04 2.1388e-05 1.0934e-04 1.9089e-01 0.0000e+00
100 0.0000e+00 6.3800e-05 1.0904e-04 1.9448e-05 1.0904e-04 1.9098e-01 0.0000e+00
101 0.0000e+00 5.2100e-05 1.0873e-04 1.7690e-05 1.0873e-04 1.9107e-01 0.0000e+00
102 0.0000e+00 3.6800e-05 1.0843e-04 1.6094e-05 1.0843e-04 1.9117e-01 0.0000e+00
103 0.0000e+00 1.7800e-05 1.0811e-04 1.4647e-05 1.0811e-04 1.9126e-01 0.0000e+00
104 0.0000e+00 0.0000e+00 1.0780e-04 1.3333e-05 1.0780e-04 1.9135e-01 0.0000e+00
105 0.0000e+00 0.0000e+00 1.0748e-04 1.2141e-05 1.0748e-04 1.9145e-01 0.0000e+00
106 0.0000e+00 0.0000e+00 1.0716e-04 1.1058e-05 1.0716e-04 1.9154e-01 0.0000e+00
107 0.0000e+00 0.0000e+00 1.0684e-04 1.0075e-05 1.0684e-04 1.9164e-01 0.0000e+00
108 0.0000e+00 0.0000e+00 1.0652e-04 9.1807e-06 1.0652e-04 1.9174e-01 0.0000e+00
109 0.0000e+00 0.0000e+00 1.0619e-04 8.3683e-06 1.0619e-04 1.9184e-01 0.0000e+00
110 0.0000e+00 0.0000e+00 1.0587e-04 7.6296e-06 1.0587e-04 1.9193e-01 0.0000e+00
111 5.0000e-04 0.0000e+00 1.0554e-04 6.9578e-06 1.0554e-04 1.9203e-01 0.0000e+00
112 0.0000e+00 0.0000e+00 1.0522e-04 6.3467e-06 1.0522e-04 1.9213e-01 0.0000e+00
113 0.0000e+00 0.0000e+00 1.0489e-04 5.7903e-06 1.0489e-04 1.9223e-01 0.0000e+00
114 0.0000e+00 0.0000e+00 1.0457e-04 5.2842e-06 1.0457e-04 1.9233e-01 0.0000e+00
115 0.0000e+00 0.0000e+00 1.0425e-04 4.8234e-06 1.0425e-04 1.9243e-01 0.0000e+00
116 0.0000e+00 0.0000e+00 1.0392e-04 4.4038e-06 1.0392e-04 1.9253e-01 0.0000e+00
117 0.0000e+00 1.0200e-05 1.0360e-04 4.0215e-06 1.0360e-04 1.9263e-01 0.0000e+00
118 0.0000e+00 1.9800e-05 1.0328e-04 3.6733e-06 1.0328e-04 1.9273e-01 0.0000e+00
119 0.0000e+00 2.8000e-05 1.0296e-04 3.3558e-06 1.0296e-04 1.9283e-01 0.0000e+00
120 0.0000e+00 3.4200e-05 1.0264e-04 3.0665e-06 1.0264e-04 1.9293e-01 0.0000e+00
121 0.0000e+00 3.7900e-05 1.0232e-04 2.8027e-06 1.0232e-04 1.9303e-01 0.0000e+00
122 0.0000e+00 3.9500e-05 1.0200e-04 2.5617e-06 1.0200e-04 1.9313e-01 0.0000e+00
123 0.0000e+00 3.7900e-05 1.0168e-04 2.3422e-06 1.0168e-04 1.9323e-01 0.0000e+00
124 0.0000e+00 3.4200e-05 1.0137e-04 2.1420e-06 1.0137e-04 1.9333e-01 0.0000e+00
125 0.0000e+00 2.8000e-05 1.0106e-04 1.9593e-06 1.0106e-04 1.9342e-01 0.0000e+00
126 0.0000e+00 1.9800e-05 1.0074e-04 1.7925e-06 1.0074e-04 1.9352e-01 0.0000e+00
127 0.0000e+00 9.6000e-06 1.0043e-04 1.6402e-06 1.0043e-04 1.9362e-01 0.0000e+00
128 0.0000e+00 0.0000e+00 1.0012e-04 1.5012e-06 1.0012e-04 1.9372e-01 0.0000e+00
129 0.0000e+00 0.0000e+00 9.9814e-05 1.3741e-06 9.9814e-05 1.9382e-01 0.0000e+00
130 0.0000e+00 0.0000e+00 9.9508e-05 1.2581e-06 9.9508e-05 1.9392e-01 0.0000e+00
131 0.0000e+00 0.0000e+00 9.9203e-05 1.1514e-06 9.9203e-05 1.9402e-01 0.0000e+00
132 0.0000e+00 0.0000e+00 9.8899e-05 1.0545e-06 9.8899e-05 1.9411e-01 0.0000e+00
133 0.0000e+00 0.0000e+00 9.8597e-05 9.6602e-07 9.8597e-05 1.9421e-01 0.0000e+00
134 0.0000e+00 0.0000e+00 9.8297e-05 8.8506e-07 9.8297e-05 1.9431e-01 0.0000e+00
135 0.0000e+00 0.0000e+00 9.7998e-05 8.1103e-07 9.7998e-05 1.9441e-01 0.0000e+00
136 0.0000e+00 0.0000e+00 9.7701e-05 7.4330e-07 9.7701e-05 1.9450e-01 0.0000e+00
137 0.0000e+00 0.0000e+00 9.7405e-05 6.8135e-07 9.7405e-05 1.9460e-01 0.0000e+00
138 0.0000e+00 0.0000e+00 9.7111e-05 6.2465e-07 9.7111e-05 1.9470e-01 0.0000e+00
139 0.0000e+00 0.0000e+00 9.6819e-05 5.7277e-07 9.6819e-05 1.9479e-01 0.0000e+00
140 0.0000e+00 0.0000e+00 9.6528e-05 5.2437e-07 9.6528e-05 1.9489e-01 0.0000e+00
141 5.0000e-04 4.1400e-05 9.6239e-05 4.8101e-07 9.6239e-05 1.9498e-01 0.0000e+00
142 0.0000e+00 7.9900e-05 9.5952e-05 4.4129e-07 9.5952e-05 1.9508e-01 0.0000e+00
143 0.0000e+00 1.1300e-04 9.5666e-05 4.0492e-07 9.5666e-05 1.9517e-01 0.0000e+00
144 0.0000e+00 1.3840e-04 9.5381e-05 3.7159e-07 9.5381e-05 1.9527e-01 0.0000e+00
145 0.0000e+00 1.5310e-04 9.5098e-05 3.4106e-07 9.5098e-05 1.9536e-01 0.0000e+00
146 0.0000e+00 1.5990e-04 9.4817e-05 3.1308e-07 9.4817e-05 1.9546e-01 0.0000e+00
147 0.0000e+00 1.5310e-04 9.4538e-05 2.8743e-07 9.4538e-05 1.9555e-01 0.0000e+00
148 0.0000e+00 1.3840e-04 9.4260e-05 2.6392e-07 9.4260e-05 1.9565e-01 0.0000e+00
149 0.0000e+00 1.1300e-04 9.3983e-05 2.4237e-07 9.3983e-05 1.9574e-01 0.0000e+00
150 0.0000e+00 7.9900e-05 9.3708e-05 2.2162e-07 9.3708e-05 1.9583e-01 0.0000e+00
151 0.0000e+00 3.8700e-05 9.3435e-05 2.0362e-07 9.3435e-05 1.9593e-01 0.0000e+00
152 0.0000e+00 0.0000e+00 9.3163e-05 1.8710e-07 9.3163e-05 1.9602e-01 0.0000e+00
153 0.0000e+00 0.0000e+00 9.2893e-05 1.7194e-07 9.2893e-05 1.9611e-01 0.0000e+00
154 0.0000e+00 0.0000e+00 9.2624e-05 1.5803e-07 9.2624e-05 1.9621e-01 0.0000e+00
155 0.0000e+00 0.0000e+00 9.2357e-05 1.4526e-07 9.2357e-05 1.9630e-01 0.0000e+00
156 0.0000e+00 0.0000e+00 9.2091e-05 1.3354e-07 9.2091e-05 1.9639e-01 0.0000e+00
157 0.0000e+00 0.0000e+00 9.1827e-05 1.2278e-07 9.1827e-05 1.9648e-01 0.0000e+00
158 0.0000e+00 0.0000e+00 9.1564e-05 1.1290e-07 9.1564e-05 1.9657e-01 0.0000e+00
159 0.0000e+00 0.0000e+00 9.1303e-05 1.0272e-07 9.1303e-05 1.9666e-01 0.0000e+00
160 0.0000e+00 0.0000e+00 9.1043e-05 9.4509e-08 9.1043e-05 1.9676e-01 0.0000e+00
161 0.0000e+00 0.0000e+00 9.0784e-05 8.6962e-08 9.0784e-05 1.9685e-01 0.0000e+00
162 0.0000e+00 0.0000e+00 9.0527e-05 8.0027e-08 9.0527e-05 1.9694e-01 0.0000e+00
163 0.0000e+00 0.0000e+00 9.0272e-05 7.3652e-08 9.0272e-05 1.9703e-01 0.0000e+00
164 0.0000e+00 0.0000e+00 9.0018e-05 6.7792e-08 9.0018e-05 1.9712e-01 0.0000e+00
165 0.0000e+00 1.7800e-05 8.9765e-05 6.2405e-08 8.9765e-05 1.9721e-01 0.0000e+00
166 0.0000e+00 3.4400e-05 8.9514e-05 5.7451e-08 8.9514e-05 1.9730e-01 0.0000e+00
167 0.0000e+00 4.8600e-05 8.9264e-05 5.2897e-08 8.9264e-05 1.9738e-01 0.0000e+00
168 0.0000e+00 5.9500e-05 8.9015e-05 4.8708e-08 8.9015e-05 1.9747e-01 0.0000e+00
169 0.0000e+00 6.5900e-05 8.8768e-05 4.3747e-08 8.8768e-05 1.9756e-01 0.0000e+00
170 0.0000e+00 6.8800e-05 8.8523e-05 4.0314e-08 8.8523e-05 1.9765e-01 0.0000e+00
171 0.0000e+00 6.5900e-05 8.8278e-05 3.7154e-08 8.8278e-05 1.9774e-01 0.0000e+00
172 0.0000e+00 5.9500e-05 8.8035e-05 3.4244e-08 8.8035e-05 1.9783e-01 0.0000e+00
173 0.0000e+00 4.8600e-05 8.7793e-05 3.1565e-08 8.7793e-05 1.9792e-01 0.0000e+00
174 0.0000e+00 3.4400e-05 8.7553e-05 2.9098e-08 8.7553e-05 1.9800e-01 0.0000e+00
175 0.0000e+00 1.6600e-05 8.7314e-05 2.6827e-08 8.7314e-05 1.9809e-01 0.0000e+00
176 0.0000e+00 0.0000e+00 8.7076e-05 2.4734e-08 8.7076e-05 1.9818e-01 0.0000e+00
177 0.0000e+00 0.0000e+00 8.6839e-05 2.2807e-08 8.6839e-05 1.9826e-01 0.0000e+00
178 0.0000e+00 0.0000e+00 8.6604e-05 2.1032e-08 8.6604e-05 1.9835e-01 0.0000e+00
179 0.0000e+00 0.0000e+00 8.6370e-05 1.8312e-08 8.6370e-05 1.9844e-01 0.0000e+00
180 0.0000e+00 0.0000e+00 8.6137e-05 1.6906e-08 8.6137e-05 1.9852e-01 0.0000e+00
181 0.0000e+00 0.0000e+00 8.5906e-05 1.5609e-08 8.5906e-05 1.9861e-01 0.0000e+00
182 0.0000e+00 0.0000e+00 8.5675e-05 1.4412e-08 8.5675e-05 1.9869e-01 0.0000e+00
183 0.0000e+00 0.0000e+00 8.5446e-05 1.3308e-08 8.5446e-05 1.9878e-01 0.0000e+00
184 0.0000e+00 0.0000e+00 8.5219e-05 1.2289e-08 8.5219e-05 1.9886e-01 0.0000e+00
185 0.0000e+00 0.0000e+00 8.4992e-05 1.1349e-08 8.4992e-05 1.9895e-01 0.0000e+00
186 0.0000e+00 0.0000e+00 8.4767e-05 1.0482e-08 8.4767e-05 1.9903e-01 0.0000e+00
187 0.0000e+00 0.0000e+00 8.4542e-05 9.6815e-09 8.4542e-05 1.9912e-01 0.0000e+00
188 0.0000e+00 0.0000e+00 8.4319e-05 7.8709e-09 8.4319e-05 1.9920e-01 0.0000e+00
189 0.0000e+00 4.5600e-05 8.4097e-05 7.2818e-09 8.4097e-05 1.9929e-01 0.0000e+00
190 5.0000e-04 8.7900e-05 8.3877e-05 6.7371e-09 8.3877e-05 1.9937e-01 0.0000e+00
191 0.0000e+00 1.2440e-04 8.3657e-05 6.2335e-09 8.3657e-05 1.9946e-01 0.0000e+00
192 0.0000e+00 1.5230e-04 8.3439e-05 5.7678e-09 8.3439e-05 1.9954e-01 0.0000e+00
193 0.0000e+00 1.6850e-04 8.3222e-05 5.3372e-09 8.3222e-05 1.9962e-01 0.0000e+00
194 0.0000e+00 1.7590e-04 8.3005e-05 4.9389e-09 8.3005e-05 1.9970e-01 0.0000e+00
195 0.0000e+00 1.6850e-04 8.2790e-05 4.5707e-09 8.2790e-05 1.9979e-01 0.0000e+00
196 0.0000e+00 1.5230e-04 8.2577e-05 4.2300e-09 8.2577e-05 1.9987e-01 0.0000e+00
197 0.0000e+00 1.2440e-04 8.2364e-05 3.9150e-09 8.2364e-05 1.9995e-01 0.0000e+00
198 0.0000e+00 8.7900e-05 8.2152e-05 2.8303e-09 8.2152e-05 2.0003e-01 0.0000e+00
199 0.0000e+00 4.2600e-05 8.1941e-05 2.6249e-09 8.1941e-05 2.0012e-01 0.0000e+00
200 0.0000e+00 0.0000e+00 8.1732e-05 2.4346e-09 8.1732e-05 2.0020e-01 0.0000e+00
201 0.0000e+00 0.0000e+00 8.1523e-05 2.2581e-09 8.1523e-05 2.0028e-01 0.0000e+00
202 0.0000e+00 0.0000e+00 8.1316e-05 2.0945e-09 8.1316e-05 2.0036e-01 0.0000e+00
203 0.0000e+00 0.0000e+00 8.1110e-05 1.9428e-09 8.1110e-05 2.0044e-01 0.0000e+00
204 0.0000e+00 0.0000e+00 8.0904e-05 1.8022e-09 8.0904e-05 2.0052e-01 0.0000e+00
205 0.0000e+00 0.0000e+00 8.0700e-05 1.6718e-09 8.0700e-05 2.0060e-01 0.0000e+00
206 0.0000e+00 0.0000e+00 8.0497e-05 1.5509e-09 8.0497e-05 2.0068e-01 0.0000e+00
207 0.0000e+00 0.0000e+00 8.0294e-05 1.4388e-09 8.0294e-05 2.0076e-01 0.0000e+00
208 0.0000e+00 0.0000e+00 8.0093e-05 8.6016e-10 8.0093e-05 2.0084e-01 0.0000e+00
209 0.0000e+00 0.0000e+00 7.9893e-05 7.9985e-10 7.9893e-05 2.0092e-01 0.0000e+00
210 0.0000e+00 0.0000e+00 7.9694e-05 7.4380e-10 7.9694e-05 2.0100e-01 0.0000e+00
211 0.0000e+00 0.0000e+00 7.9496e-05 6.9169e-10 7.9496e-05 2.0108e-01 0.0000e+00
212 0.0000e+00 0.0000e+00 7.9298e-05 6.4325e-10 7.9298e-05 2.0116e-01 0.0000e+00
213 0.0000e+00 4.9000e-05 7.9102e-05 5.9822e-10 7.9102e-05 2.0124e-01 0.0000e+00
214 0.0000e+00 9.4600e-05 7.8907e-05 5.5636e-10 7.8907e-05 2.0132e-01 0.0000e+00
215 0.0000e+00 1.3380e-04 7.8712e-05 5.1744e-10 7.8712e-05 2.0140e-01 0.0000e+00
216 0.0000e+00 1.6380e-04 7.8519e-05 4.8126e-10 7.8519e-05 2.0148e-01 0.0000e+00
217 0.0000e+00 1.8130e-04 7.8327e-05 1.9354e-10 7.8327e-05 2.0156e-01 0.0000e+00
218 0.0000e+00 1.8920e-04 7.8135e-05 1.8049e-10 7.8135e-05 2.0163e-01 0.0000e+00
219 0.0000e+00 1.8130e-04 7.7945e-05 1.6832e-10 7.7945e-05 2.0171e-01 0.0000e+00
220 0.0000e+00 1.6380e-04 7.7755e-05 1.5698e-10 7.7755e-05 2.0179e-01 0.0000e+00
221 0.0000e+00 1.3380e-04 7.7566e-05 1.4640e-10 7.7566e-05 2.0187e-01 0.0000e+00
222 0.0000e+00 9.4600e-05 7.7379e-05 1.3654e-10 7.7379e-05 2.0195e-01 0.0000e+00
223 0.0000e+00 4.5800e-05 7.7192e-05 1.2734e-10 7.7192e-05 2.0202e-01 0.0000e+00
224 0.0000e+00 0.0000e+00 7.7006e-05 1.1877e-10 7.7006e-05 2.0210e-01 0.0000e+00
225 0.0000e+00 0.0000e+00 7.6821e-05 1.1078e-10 7.6821e-05 2.0218e-01 0.0000e+00
226 0.0000e+00 0.0000e+00 7.6636e-05 1.0332e-10 7.6636e-05 2.0225e-01 0.0000e+00
227 0.0000e+00 0.0000e+00 7.6453e-05 1.8635e-11 7.6453e-05 2.0233e-01 0.0000e+00
228 0.0000e+00 0.0000e+00 7.6271e-05 1.7432e-11 7.6271e-05 2.0241e-01 0.0000e+00
229 0.0000e+00 0.0000e+00 7.6089e-05 1.6306e-11 7.6089e-05 2.0248e-01 0.0000e+00
230 0.0000e+00 0.0000e+00 7.5908e-05 1.5254e-11 7.5908e-05 2.0256e-01 0.0000e+00
231 0.0000e+00 0.0000e+00 7.5728e-05 1.4269e-11 7.5728e-05 2.0263e-01 0.0000e+00
232 0.0000e+00 0.0000e+00 7.5549e-05 1.3348e-11 7.5549e-05 2.0271e-01 0.0000e+00
233 0.0000e+00 0.0000e+00 7.5371e-05 1.2487e-11 7.5371e-05 2.0278e-01 0.0000e+00
234 0.0000e+00 0.0000e+00 7.5194e-05 1.1682e-11 7.5194e-05 2.0286e-01 0.0000e+00
235 0.0000e+00 0.0000e+00 7.5018e-05 1.0929e-11 7.5018e-05 2.0293e-01 0.0000e+00
236 0.0000e+00 0.0000e+00 7.4842e-05 1.0225e-11 7.4842e-05 2.0301e-01 0.0000e+00
237 0.0000e+00 5.1700e-05 7.4667e-05 0.0000e+00 7.4667e-05 2.0308e-01 0.0000e+00
238 0.0000e+00 9.9800e-05 7.4493e-05 0.0000e+00 7.4493e-05 2.0316e-01 0.0000e+00
239 0.0000e+00 1.4120e-04 7.4320e-05 0.0000e+00 7.4320e-05 2.0323e-01 0.0000e+00
240 0.0000e+00 1.7290e-04 7.4147e-05 0.0000e+00 7.4147e-05 2.0331e-01 0.0000e+00
241 5.0000e-04 1.9130e-04 7.3976e-05 0.0000e+00 7.3976e-05 2.0338e-01 0.0000e+00
242 1.0000e-03 1.9970e-04 7.3805e-05 0.0000e+00 7.3805e-05 2.0345e-01 0.0000e+00
243 0.0000e+00 1.9130e-04 7.3635e-05 0.0000e+00 7.3635e-05 2.0353e-01 0.0000e+00
244 0.0000e+00 1.7290e-04 7.3466e-05 0.0000e+00 7.3466e-05 2.0360e-01 0.0000e+00
245 0.0000e+00 1.4120e-04 7.3297e-05 0.0000e+00 7.3297e-05 2.0368e-01 0.0000e+00
246 0.0000e+00 9.9800e-05 7.3130e-05 0.0000e+00 7.3130e-05 2.0375e-01 0.0000e+00
247 0.0000e+00 4.8300e-05 7.2963e-05 0.0000e+00 7.2963e-05 2.0382e-01 0.0000e+00
248 0.0000e+00 0.0000e+00 7.2796e-05 0.0000e+00 7.2796e-05 2.0389e-01 0.0000e+00
249 0.0000e+00 0.0000e+00 7.2631e-05 0.0000e+00 7.2631e-05 2.0397e-01 0.0000e+00
250 0.0000e+00 0.0000e+00 7.2466e-05 0.0000e+00 7.2466e-05 2.0404e-01 0.0000e+00
251 0.0000e+00 0.0000e+00 7.2302e-05 0.0000e+00 7.2302e-05 2.0411e-01 0.0000e+00
252 0.0000e+00 0.0000e+00 7.2139e-05 0.0000e+00 7.2139e-05 2.0418e-01 0.0000e+00
253 1.0000e-03 0.0000e+00 7.1977e-05 0.0000e+00 7.1977e-05 2.0426e-01 0.0000e+00
254 0.0000e+00 0.0000e+00 7.1815e-05 0.0000e+00 7.1815e-05 2.0433e-01 0.0000e+00
255 0.0000e+00 0.0000e+00 7.1654e-05 0.0000e+00 7.1654e-05 2.0440e-01 0.0000e+00
256 0.0000e+00 0.0000e+00 7.1494e-05 0.0000e+00 7.1494e-05 2.0447e-01 0.0000e+00
257 0.0000e+00 0.0000e+00 7.1334e-05 0.0000e+00 7.1334e-05 2.0454e-01 0.0000e+00
258 0.0000e+00 0.0000e+00 7.1175e-05 0.0000e+00 7.1175e-05 2.0461e-01 0.0000e+00
259 0.0000e+00 0.0000e+00 7.1017e-05 0.0000e+00 7.1017e-05 2.0468e-01 0.0000e+00
260 0.0000e+00 0.0000e+00 7.0860e-05 0.0000e+00 7.0860e-05 2.0476e-01 0.0000e+00
261 0.0000e+00 7.5200e-05 7.0703e-05 0.0000e+00 7.0703e-05 2.0483e-01 0.0000e+00
262 1.0000e-03 1.4510e-04 7.0547e-05 0.0000e+00 7.0547e-05 2.0490e-01 0.0000e+00
263 0.0000e+00 2.0520e-04 7.0392e-05 0.0000e+00 7.0392e-05 2.0497e-01 0.0000e+00
264 0.0000e+00 2.5130e-04 7.0237e-05 0.0000e+00 7.0237e-05 2.0504e-01 0.0000e+00
265 0.0000e+00 2.7800e-04 7.0083e-05 0.0000e+00 7.0083e-05 2.0511e-01 0.0000e+00
266 0.0000e+00 2.9030e-04 6.9930e-05 0.0000e+00 6.9930e-05 2.0518e-01 0.0000e+00
267 0.0000e+00 2.7800e-04 6.9777e-05 0.0000e+00 6.9777e-05 2.0525e-01 0.0000e+00
268 0.0000e+00 2.5130e-04 6.9625e-05 0.0000e+00 6.9625e-05 2.0532e-01 0.0000e+00
269 0.0000e+00 2.0520e-04 6.9474e-05 0.0000e+00 6.9474e-05 2.0539e-01 0.0000e+00
270 0.0000e+00 1.4510e-04 6.9323e-05 0.0000e+00 6.9323e-05 2.0546e-01 0.0000e+00
271 0.0000e+00 7.0200e-05 6.9173e-05 0.0000e+00 6.9173e-05 2.0552e-01 0.0000e+00
272 0.0000e+00 0.0000e+00 6.9024e-05 0.0000e+00 6.9024e-05 2.0559e-01 0.0000e+00
273 0.0000e+00 0.0000e+00 6.8875e-05 0.0000e+00 6.8875e-05 2.0566e-01 0.0000e+00
274 0.0000e+00 0.0000e+00 6.8727e-05 0.0000e+00 6.8727e-05 2.0573e-01 0.0000e+00
275 0.0000e+00 0.0000e+00 6.8579e-05 0.0000e+00 6.8579e-05 2.0580e-01 0.0000e+00
276 0.0000e+00 0.0000e+00 6.8433e-05 0.0000e+00 6.8433e-05 2.0587e-01 0.0000e+00
277 0.0000e+00 0.0000e+00 6.8286e-05 0.0000e+00 6.8286e-05 2.0594e-01 0.0000e+00
278 0.0000e+00 0.0000e+00 6.8141e-05 0.0000e+00 6.8141e-05 2.0600e-01 0.0000e+00
279 0.0000e+00 0.0000e+00 6.7996e-05 0.0000e+00 6.7996e-05 2.0607e-01 0.0000e+00
280 0.0000e+00 0.0000e+00 6.7852e-05 0.0000e+00 6.7852e-05 2.0614e-01 0.0000e+00
281 0.0000e+00 0.0000e+00 6.7708e-05 0.0000e+00 6.7708e-05 2.0621e-01 0.0000e+00
282 0.0000e+00 0.0000e+00 6.7565e-05 0.0000e+00 6.7565e-05 2.0628e-01 0.0000e+00
283 1.0000e-03 0.0000e+00 6.7422e-05 0.0000e+00 6.7422e-05 2.0634e-01 0.0000e+00
284 5.0000e-04 0.0000e+00 6.7280e-05 0.0000e+00 6.7280e-05 2.0641e-01 0.0000e+00
285 2.5000e-03 2.4400e-05 6.9541e-05 1.6665e-05 6.7139e-05 2.0646e-01 2.4021e-06
286 6.0000e-03 4.7000e-05 1.5648e-04 6.3466e-04 6.7033e-05 2.0589e-01 8.9447e-05
287 4.0000e-03 6.6500e-05 1.2740e-04 9.5849e-04 6.8233e-05 2.0500e-01 5.9172e-05
288 1.5000e-03 8.1400e-05 9.1616e-05 9.9026e-04 7.0158e-05 2.0408e-01 2.1458e-05
289 0.0000e+00 9.0100e-05 7.2204e-05 8.7698e-04 7.2204e-05 2.0328e-01 0.0000e+00
290 0.0000e+00 9.4000e-05 7.4043e-05 7.8232e-04 7.4043e-05 2.0257e-01 0.0000e+00
291 5.0000e-04 9.0100e-05 7.9218e-05 7.2457e-04 7.5700e-05 2.0192e-01 3.5172e-06
292 0.0000e+00 8.1400e-05 7.7251e-05 6.4792e-04 7.7251e-05 2.0135e-01 0.0000e+00
293 0.0000e+00 6.6500e-05 7.8641e-05 5.8064e-04 7.8641e-05 2.0085e-01 0.0000e+00
294 1.5000e-03 4.7000e-05 9.8781e-05 6.5680e-04 7.9885e-05 2.0027e-01 1.8896e-05
295 1.0000e-03 2.2800e-05 9.5603e-05 6.8649e-04 8.1338e-05 1.9967e-01 1.4265e-05
296 0.0000e+00 0.0000e+00 8.2891e-05 6.1023e-04 8.2891e-05 1.9914e-01 0.0000e+00
297 0.0000e+00 0.0000e+00 8.4268e-05 5.4626e-04 8.4268e-05 1.9868e-01 0.0000e+00
298 0.0000e+00 0.0000e+00 8.5493e-05 4.8977e-04 8.5493e-05 1.9827e-01 0.0000e+00
299 0.0000e+00 0.0000e+00 8.6580e-05 4.3955e-04 8.6580e-05 1.9792e-01 0.0000e+00
300 0.0000e+00 0.0000e+00 8.7541e-05 3.9481e-04 8.7541e-05 1.9761e-01 0.0000e+00
301 0.0000e+00 0.0000e+00 8.8385e-05 3.5488e-04 8.8385e-05 1.9735e-01 0.0000e+00
302 0.0000e+00 0.0000e+00 8.9124e-05 3.1918e-04 8.9124e-05 1.9712e-01 0.0000e+00
303 0.0000e+00 0.0000e+00 8.9767e-05 2.8725e-04 8.9767e-05 1.9692e-01 0.0000e+00
304 0.0000e+00 0.0000e+00 9.0323e-05 2.5866e-04 9.0323e-05 1.9675e-01 0.0000e+00
305 0.0000e+00 0.0000e+00 9.0799e-05 2.3304e-04 9.0799e-05 1.9661e-01 0.0000e+00
306 0.0000e+00 0.0000e+00 9.1204e-05 2.1006e-04 9.1204e-05 1.9649e-01 0.0000e+00
307 0.0000e+00 0.0000e+00 9.1543e-05 1.8945e-04 9.1543e-05 1.9639e-01 0.0000e+00
308 0.0000e+00 0.0000e+00 9.1824e-05 1.7094e-04 9.1824e-05 1.9631e-01 0.0000e+00
309 0.0000e+00 2.8800e-05 9.2051e-05 1.5431e-04 9.2051e-05 1.9625e-01 0.0000e+00
310 5.0000e-04 5.5500e-05 9.8943e-05 1.8914e-04 9.2230e-05 1.9615e-01 6.7122e-06
311 0.0000e+00 7.8500e-05 9.2510e-05 1.6764e-04 9.2510e-05 1.9608e-01 0.0000e+00
312 0.0000e+00 9.6200e-05 9.2728e-05 1.5050e-04 9.2728e-05 1.9602e-01 0.0000e+00
313 0.0000e+00 1.0640e-04 9.2895e-05 1.3534e-04 9.2895e-05 1.9598e-01 0.0000e+00
314 0.0000e+00 1.1110e-04 9.3018e-05 1.2186e-04 9.3018e-05 1.9595e-01 0.0000e+00
315 0.0000e+00 1.0640e-04 9.3102e-05 1.0983e-04 9.3102e-05 1.9593e-01 0.0000e+00
316 0.0000e+00 9.6200e-05 9.3151e-05 9.9063e-05 9.3151e-05 1.9593e-01 0.0000e+00
317 5.0000e-04 7.8500e-05 9.3168e-05 8.9420e-05 9.3168e-05 1.9593e-01 0.0000e+00
318 1.0000e-03 5.5500e-05 1.0476e-04 1.6699e-04 9.3157e-05 1.9586e-01 1.1601e-05
319 5.0000e-04 2.6900e-05 1.0003e-04 1.9465e-04 9.3373e-05 1.9575e-01 6.6536e-06
320 0.0000e+00 0.0000e+00 9.3669e-05 1.7087e-04 9.3669e-05 1.9568e-01 0.0000e+00
321 0.0000e+00 0.0000e+00 9.3895e-05 1.5216e-04 9.3895e-05 1.9562e-01 0.0000e+00
322 1.0000e-03 0.0000e+00 1.0863e-04 2.4434e-04 9.4066e-05 1.9547e-01 1.4566e-05
323 1.0000e-03 0.0000e+00 1.0948e-04 3.2400e-04 9.4509e-05 1.9524e-01 1.4969e-05
324 0.0000e+00 0.0000e+00 9.5189e-05 2.8233e-04 9.5189e-05 1.9505e-01 0.0000e+00
325 0.0000e+00 0.0000e+00 9.5747e-05 2.5054e-04 9.5747e-05 1.9490e-01 0.0000e+00
326 0.0000e+00 0.0000e+00 9.6211e-05 2.2302e-04 9.6211e-05 1.9477e-01 0.0000e+00
327 0.0000e+00 0.0000e+00 9.6593e-05 1.9896e-04 9.6593e-05 1.9467e-01 0.0000e+00
328 0.0000e+00 0.0000e+00 9.6903e-05 1.7781e-04 9.6903e-05 1.9459e-01 0.0000e+00
329 0.0000e+00 0.0000e+00 9.7148e-05 1.5914e-04 9.7148e-05 1.9453e-01 0.0000e+00
330 0.0000e+00 0.0000e+00 9.7337e-05 1.4260e-04 9.7337e-05 1.9448e-01 0.0000e+00
331 0.0000e+00 0.0000e+00 9.7474e-05 1.2791e-04 9.7474e-05 1.9445e-01 0.0000e+00
332 0.0000e+00 0.0000e+00 9.7567e-05 1.1485e-04 9.7567e-05 1.9443e-01 0.0000e+00
333 0.0000e+00 1.1200e-05 9.7620e-05 1.0321e-04 9.7620e-05 1.9443e-01 0.0000e+00
334 0.0000e+00 2.1600e-05 9.7637e-05 9.2829e-05 9.7637e-05 1.9443e-01 0.0000e+00
335 0.0000e+00 3.0600e-05 9.7622e-05 8.3554e-05 9.7622e-05 1.9445e-01 0.0000e+00
336 0.0000e+00 3.7400e-05 9.7579e-05 7.5258e-05 9.7579e-05 1.9447e-01 0.0000e+00
337 0.0000e+00 4.1400e-05 9.7511e-05 6.7830e-05 9.7511e-05 1.9450e-01 0.0000e+00
338 5.0000e-04 4.3200e-05 1.0278e-04 1.0135e-04 9.7421e-05 1.9449e-01 5.3582e-06
339 5.0000e-04 4.1400e-05 1.0427e-04 1.4003e-04 9.7433e-05 1.9445e-01 6.8377e-06
340 1.5000e-03 3.7400e-05 1.1919e-04 2.8559e-04 9.7563e-05 1.9426e-01 2.1624e-05
341 1.5000e-03 3.0600e-05 1.2017e-04 4.0928e-04 9.8138e-05 1.9395e-01 2.2037e-05
342 1.0000e-03 2.1600e-05 1.1358e-04 4.6355e-04 9.9096e-05 1.9359e-01 1.4487e-05
343 5.0000e-04 1.0500e-05 1.0730e-04 4.5892e-04 1.0023e-04 1.9323e-01 7.0720e-06
344 1.0000e-03 0.0000e+00 1.1751e-04 5.1407e-04 1.0136e-04 1.9282e-01 1.6150e-05
345 5.0000e-04 0.0000e+00 1.1091e-04 5.0767e-04 1.0268e-04 1.9241e-01 8.2348e-06
346 0.0000e+00 0.0000e+00 1.0398e-04 4.4825e-04 1.0398e-04 1.9207e-01 0.0000e+00
347 0.0000e+00 0.0000e+00 1.0511e-04 3.9807e-04 1.0511e-04 1.9177e-01 0.0000e+00
348 0.0000e+00 0.0000e+00 1.0608e-04 3.5430e-04 1.0608e-04 1.9153e-01 0.0000e+00
349 0.0000e+00 0.0000e+00 1.0690e-04 3.1586e-04 1.0690e-04 1.9132e-01 0.0000e+00
350 0.0000e+00 0.0000e+00 1.0760e-04 2.8197e-04 1.0760e-04 1.9114e-01 0.0000e+00
351 0.0000e+00 0.0000e+00 1.0819e-04 2.5200e-04 1.0819e-04 1.9100e-01 0.0000e+00
352 0.0000e+00 0.0000e+00 1.0868e-04 2.2545e-04 1.0868e-04 1.9088e-01 0.0000e+00
353 5.0000e-04 0.0000e+00 1.1731e-04 2.5842e-04 1.0908e-04 1.9073e-01 8.2348e-06
354 0.0000e+00 0.0000e+00 1.0959e-04 2.2869e-04 1.0959e-04 1.9061e-01 0.0000e+00
355 0.0000e+00 0.0000e+00 1.0999e-04 2.0405e-04 1.0999e-04 1.9052e-01 0.0000e+00
356 0.0000e+00 0.0000e+00 1.1032e-04 1.8242e-04 1.1032e-04 1.9045e-01 0.0000e+00
357 0.0000e+00 7.2300e-05 1.1057e-04 1.6331e-04 1.1057e-04 1.9039e-01 0.0000e+00
358 0.0000e+00 1.3960e-04 1.1075e-04 1.4636e-04 1.1075e-04 1.9036e-01 0.0000e+00
359 0.0000e+00 1.9750e-04 1.1087e-04 1.3130e-04 1.1087e-04 1.9034e-01 0.0000e+00
360 0.0000e+00 2.4180e-04 1.1094e-04 1.1789e-04 1.1094e-04 1.9033e-01 0.0000e+00
361 0.0000e+00 2.6750e-04 1.1097e-04 1.0593e-04 1.1097e-04 1.9034e-01 0.0000e+00
362 0.0000e+00 2.7930e-04 1.1095e-04 9.5251e-05 1.1095e-04 1.9035e-01 0.0000e+00
363 0.0000e+00 2.6750e-04 1.1090e-04 8.5707e-05 1.1090e-04 1.9038e-01 0.0000e+00
364 0.0000e+00 2.4180e-04 1.1081e-04 7.7168e-05 1.1081e-04 1.9041e-01 0.0000e+00
365 0.0000e+00 1.9750e-04 1.1069e-04 6.9522e-05 1.1069e-04 1.9045e-01 0.0000e+00
366 0.0000e+00 1.3960e-04 1.1055e-04 6.2670e-05 1.1055e-04 1.9050e-01 0.0000e+00
367 0.0000e+00 6.7600e-05 1.1038e-04 5.6524e-05 1.1038e-04 1.9055e-01 0.0000e+00
368 0.0000e+00 0.0000e+00 1.1020e-04 5.1009e-05 1.1020e-04 1.9061e-01 0.0000e+00
369 0.0000e+00 0.0000e+00 1.0999e-04 4.6055e-05 1.0999e-04 1.9068e-01 0.0000e+00
370 0.0000e+00 0.0000e+00 1.0978e-04 4.1602e-05 1.0978e-04 1.9075e-01 0.0000e+00
371 0.0000e+00 0.0000e+00 1.0954e-04 3.7598e-05 1.0954e-04 1.9082e-01 0.0000e+00
372 0.0000e+00 0.0000e+00 1.0930e-04 3.3995e-05 1.0930e-04 1.9089e-01 0.0000e+00
373 5.0000e-04 0.0000e+00 1.0904e-04 3.0752e-05 1.0904e-04 1.9097e-01 0.0000e+00
374 7.5000e-03 0.0000e+00 2.0640e-04 6.9771e-04 1.0877e-04 1.9038e-01 9.7623e-05
375 4.5000e-03 0.0000e+00 1.8491e-04 1.1027e-03 1.1079e-04 1.8939e-01 7.4113e-05
376 2.5000e-03 0.0000e+00 1.5545e-04 1.2388e-03 1.1428e-04 1.8827e-01 4.1174e-05
377 5.0000e-04 0.0000e+00 1.2660e-04 1.1395e-03 1.1837e-04 1.8724e-01 8.2348e-06
378 0.0000e+00 0.0000e+00 1.2221e-04 1.0038e-03 1.2221e-04 1.8636e-01 0.0000e+00
379 0.0000e+00 0.0000e+00 1.2562e-04 8.8811e-04 1.2562e-04 1.8560e-01 0.0000e+00
380 0.0000e+00 0.0000e+00 1.2865e-04 7.8731e-04 1.2865e-04 1.8494e-01 0.0000e+00
381 0.0000e+00 1.7400e-05 1.3132e-04 6.9892e-04 1.3132e-04 1.8437e-01 0.0000e+00
382 0.0000e+00 3.3600e-05 1.3367e-04 6.2115e-04 1.3367e-04 1.8389e-01 0.0000e+00
383 1.0000e-03 4.7500e-05 1.5136e-04 6.6536e-04 1.3573e-04 1.8336e-01 1.5630e-05
384 1.0000e-03 5.8200e-05 1.5368e-04 6.9958e-04 1.3799e-04 1.8280e-01 1.5687e-05
385 0.0000e+00 6.4300e-05 1.4043e-04 6.1482e-04 1.4043e-04 1.8232e-01 0.0000e+00
386 5.0000e-04 6.7200e-05 1.4875e-04 5.9058e-04 1.4253e-04 1.8187e-01 6.2185e-06
387 0.0000e+00 6.4300e-05 1.4454e-04 5.2191e-04 1.4454e-04 1.8150e-01 0.0000e+00
388 0.0000e+00 5.8200e-05 1.4626e-04 4.6353e-04 1.4626e-04 1.8118e-01 0.0000e+00
389 0.0000e+00 4.7500e-05 1.4771e-04 4.1225e-04 1.4771e-04 1.8091e-01 0.0000e+00
390 5.0000e-04 3.3600e-05 1.5328e-04 3.9902e-04 1.4894e-04 1.8066e-01 4.3351e-06
391 0.0000e+00 1.6300e-05 1.5011e-04 3.5350e-04 1.5011e-04 1.8046e-01 0.0000e+00
392 5.0000e-04 0.0000e+00 1.5848e-04 3.6950e-04 1.5107e-04 1.8024e-01 7.4131e-06
393 5.0000e-04 0.0000e+00 1.6034e-04 3.8660e-04 1.5210e-04 1.8001e-01 8.2348e-06
394 0.0000e+00 0.0000e+00 1.5322e-04 3.3959e-04 1.5322e-04 1.7982e-01 0.0000e+00
395 0.0000e+00 0.0000e+00 1.5411e-04 3.0116e-04 1.5411e-04 1.7967e-01 0.0000e+00
396 0.0000e+00 0.0000e+00 1.5482e-04 2.6765e-04 1.5482e-04 1.7956e-01 0.0000e+00
397 0.0000e+00 0.0000e+00 1.5537e-04 2.3825e-04 1.5537e-04 1.7948e-01 0.0000e+00
398 0.0000e+00 0.0000e+00 1.5577e-04 2.1235e-04 1.5577e-04 1.7942e-01 0.0000e+00
399 0.0000e+00 0.0000e+00 1.5605e-04 1.8947e-04 1.5605e-04 1.7939e-01 0.0000e+00
400 0.0000e+00 0.0000e+00 1.5621e-04 1.6922e-04 1.5621e-04 1.7937e-01 0.0000e+00
401 0.0000e+00 0.0000e+00 1.5628e-04 1.5127e-04 1.5628e-04 1.7938e-01 0.0000e+00
402 1.0000e-03 0.0000e+00 1.7272e-04 2.5801e-04 1.5625e-04 1.7928e-01 1.6470e-05
403 0.0000e+00 0.0000e+00 1.5675e-04 2.2177e-04 1.5675e-04 1.7921e-01 0.0000e+00
404 0.0000e+00 0.0000e+00 1.5707e-04 1.9555e-04 1.5707e-04 1.7917e-01 0.0000e+00
405 5.0000e-04 2.4600e-05 1.6549e-04 2.3453e-04 1.5726e-04 1.7910e-01 8.2348e-06
406 5.0000e-04 4.7400e-05 1.6547e-04 2.6243e-04 1.5764e-04 1.7899e-01 7.8296e-06
407 0.0000e+00 6.7100e-05 1.5815e-04 2.2808e-04 1.5815e-04 1.7892e-01 0.0000e+00
408 5.0000e-04 8.2200e-05 1.6485e-04 2.4850e-04 1.5850e-04 1.7883e-01 6.3501e-06
409 0.0000e+00 9.0900e-05 1.5895e-04 2.1670e-04 1.5895e-04 1.7877e-01 0.0000e+00
410 0.0000e+00 9.5000e-05 1.5923e-04 1.9125e-04 1.5923e-04 1.7874e-01 0.0000e+00
411 0.0000e+00 9.0900e-05 1.5939e-04 1.6928e-04 1.5939e-04 1.7873e-01 0.0000e+00
412 0.0000e+00 8.2200e-05 1.5944e-04 1.5016e-04 1.5944e-04 1.7874e-01 0.0000e+00
413 0.0000e+00 6.7100e-05 1.5940e-04 1.3343e-04 1.5940e-04 1.7877e-01 0.0000e+00
414 0.0000e+00 4.7400e-05 1.5927e-04 1.1874e-04 1.5927e-04 1.7881e-01 0.0000e+00
415 0.0000e+00 2.3000e-05 1.5907e-04 1.0580e-04 1.5907e-04 1.7886e-01 0.0000e+00
416 0.0000e+00 0.0000e+00 1.5880e-04 9.4384e-05 1.5880e-04 1.7893e-01 0.0000e+00
417 0.0000e+00 0.0000e+00 1.5848e-04 8.4283e-05 1.5848e-04 1.7900e-01 0.0000e+00
418 0.0000e+00 0.0000e+00 1.5811e-04 7.5335e-05 1.5811e-04 1.7908e-01 0.0000e+00
419 0.0000e+00 0.0000e+00 1.5771e-04 6.7398e-05 1.5771e-04 1.7917e-01 0.0000e+00
420 0.0000e+00 0.0000e+00 1.5726e-04 6.0346e-05 1.5726e-04 1.7927e-01 0.0000e+00
421 0.0000e+00 0.0000e+00 1.5679e-04 5.4075e-05 1.5679e-04 1.7937e-01 0.0000e+00
422 0.0000e+00 0.0000e+00 1.5628e-04 4.8491e-05 1.5628e-04 1.7948e-01 0.0000e+00
423 0.0000e+00 0.0000e+00 1.5576e-04 4.3515e-05 1.5576e-04 1.7959e-01 0.0000e+00
424 0.0000e+00 0.0000e+00 1.5521e-04 3.9075e-05 1.5521e-04 1.7971e-01 0.0000e+00
425 0.0000e+00 0.0000e+00 1.5465e-04 3.5111e-05 1.5465e-04 1.7983e-01 0.0000e+00
426 0.0000e+00 0.0000e+00 1.5407e-04 3.1569e-05 1.5407e-04 1.7995e-01 0.0000e+00
427 5.0000e-04 0.0000e+00 1.5348e-04 2.8401e-05 1.5348e-04 1.8008e-01 0.0000e+00
428 2.0000e-03 0.0000e+00 1.8458e-04 2.6047e-04 1.5289e-04 1.7997e-01 3.1690e-05
429 3.0000e-03 3.2600e-05 2.0544e-04 5.7955e-04 1.5340e-04 1.7954e-01 5.2039e-05
430 2.0000e-03 6.2900e-05 1.8902e-04 7.2915e-04 1.5546e-04 1.7897e-01 3.3566e-05
431 1.0000e-03 8.9000e-05 1.7377e-04 7.3968e-04 1.5827e-04 1.7839e-01 1.5499e-05
432 0.0000e+00 1.0900e-04 1.6117e-04 6.3990e-04 1.6117e-04 1.7791e-01 0.0000e+00
433 5.0000e-04 1.2060e-04 1.6931e-04 5.9663e-04 1.6360e-04 1.7748e-01 5.7116e-06
434 0.0000e+00 1.2590e-04 1.6583e-04 5.2250e-04 1.6583e-04 1.7712e-01 0.0000e+00
435 0.0000e+00 1.2060e-04 1.6769e-04 4.5957e-04 1.6769e-04 1.7683e-01 0.0000e+00
436 0.0000e+00 1.0900e-04 1.6922e-04 4.0516e-04 1.6922e-04 1.7659e-01 0.0000e+00
437 3.5000e-03 8.9000e-05 2.2766e-04 7.2883e-04 1.7048e-04 1.7603e-01 5.7185e-05
438 0.0000e+00 6.2900e-05 1.7348e-04 6.2659e-04 1.7348e-04 1.7558e-01 0.0000e+00
439 0.0000e+00 3.0500e-05 1.7595e-04 5.4821e-04 1.7595e-04 1.7521e-01 0.0000e+00
440 0.0000e+00 0.0000e+00 1.7801e-04 4.8169e-04 1.7801e-04 1.7490e-01 0.0000e+00
441 0.0000e+00 0.0000e+00 1.7971e-04 4.2441e-04 1.7971e-04 1.7466e-01 0.0000e+00
442 0.0000e+00 0.0000e+00 1.8109e-04 3.7469e-04 1.8109e-04 1.7447e-01 0.0000e+00
443 0.0000e+00 0.0000e+00 1.8219e-04 3.3133e-04 1.8219e-04 1.7432e-01 0.0000e+00
444 5.0000e-04 0.0000e+00 1.8904e-04 3.3305e-04 1.8304e-04 1.7417e-01 6.0067e-06
445 0.0000e+00 0.0000e+00 1.8390e-04 2.9294e-04 1.8390e-04 1.7406e-01 0.0000e+00
446 0.0000e+00 0.0000e+00 1.8453e-04 2.5910e-04 1.8453e-04 1.7398e-01 0.0000e+00
447 0.0000e+00 0.0000e+00 1.8496e-04 2.2961e-04 1.8496e-04 1.7394e-01 0.0000e+00
448 0.0000e+00 0.0000e+00 1.8521e-04 2.0376e-04 1.8521e-04 1.7392e-01 0.0000e+00
449 0.0000e+00 0.0000e+00 1.8532e-04 1.8105e-04 1.8532e-04 1.7392e-01 0.0000e+00
450 0.0000e+00 0.0000e+00 1.8530e-04 1.6104e-04 1.8530e-04 1.7395e-01 0.0000e+00
451 0.0000e+00 0.0000e+00 1.8516e-04 1.4338e-04 1.8516e-04 1.7399e-01 0.0000e+00
452 5.0000e-04 0.0000e+00 1.9436e-04 1.9032e-04 1.8491e-04 1.7398e-01 9.4503e-06
453 0.0000e+00 2.2400e-05 1.8495e-04 1.6558e-04 1.8495e-04 1.7400e-01 0.0000e+00
454 0.0000e+00 4.3300e-05 1.8483e-04 1.4603e-04 1.8483e-04 1.7404e-01 0.0000e+00
455 0.0000e+00 6.1200e-05 1.8461e-04 1.2926e-04 1.8461e-04 1.7410e-01 0.0000e+00
456 0.0000e+00 7.5000e-05 1.8429e-04 1.1468e-04 1.8429e-04 1.7417e-01 0.0000e+00
457 0.0000e+00 8.3000e-05 1.8389e-04 1.0192e-04 1.8389e-04 1.7425e-01 0.0000e+00
458 0.0000e+00 8.6600e-05 1.8342e-04 9.0708e-05 1.8342e-04 1.7434e-01 0.0000e+00
459 0.0000e+00 8.3000e-05 1.8289e-04 8.0831e-05 1.8289e-04 1.7444e-01 0.0000e+00
460 0.0000e+00 7.5000e-05 1.8231e-04 7.2108e-05 1.8231e-04 1.7455e-01 0.0000e+00
461 0.0000e+00 6.1200e-05 1.8168e-04 6.4390e-05 1.8168e-04 1.7467e-01 0.0000e+00
462 0.0000e+00 4.3300e-05 1.8102e-04 5.7551e-05 1.8102e-04 1.7480e-01 0.0000e+00
463 0.0000e+00 2.1000e-05 1.8032e-04 5.1482e-05 1.8032e-04 1.7492e-01 0.0000e+00
464 0.0000e+00 0.0000e+00 1.7959e-04 4.6089e-05 1.7959e-04 1.7506e-01 0.0000e+00
465 1.0000e-03 0.0000e+00 1.8544e-04 8.4564e-05 1.7885e-04 1.7515e-01 6.5931e-06
466 5.0000e-04 0.0000e+00 1.8777e-04 1.3478e-04 1.7832e-04 1.7520e-01 9.4503e-06
467 0.0000e+00 0.0000e+00 1.7808e-04 1.1524e-04 1.7808e-04 1.7526e-01 0.0000e+00
468 0.0000e+00 0.0000e+00 1.7773e-04 1.0052e-04 1.7773e-04 1.7534e-01 0.0000e+00
469 5.0000e-04 0.0000e+00 1.8675e-04 1.5010e-04 1.7730e-04 1.7536e-01 9.4503e-06
470 0.0000e+00 0.0000e+00 1.7715e-04 1.2896e-04 1.7715e-04 1.7541e-01 0.0000e+00
471 0.0000e+00 0.0000e+00 1.7688e-04 1.1269e-04 1.7688e-04 1.7548e-01 0.0000e+00
472 5.0000e-04 0.0000e+00 1.8598e-04 1.6080e-04 1.7653e-04 1.7549e-01 9.4503e-06
473 5.0000e-04 0.0000e+00 1.8589e-04 2.0026e-04 1.7644e-04 1.7547e-01 9.4503e-06
474 0.0000e+00 0.0000e+00 1.7657e-04 1.7234e-04 1.7657e-04 1.7547e-01 0.0000e+00
475 0.0000e+00 0.0000e+00 1.7655e-04 1.5048e-04 1.7655e-04 1.7550e-01 0.0000e+00
476 0.0000e+00 0.0000e+00 1.7641e-04 1.3204e-04 1.7641e-04 1.7554e-01 0.0000e+00
477 0.0000e+00 9.2000e-06 1.7616e-04 1.1623e-04 1.7616e-04 1.7560e-01 0.0000e+00
478 0.0000e+00 1.7800e-05 1.7583e-04 1.0258e-04 1.7583e-04 1.7568e-01 0.0000e+00
479 0.0000e+00 2.5200e-05 1.7543e-04 9.0707e-05 1.7543e-04 1.7576e-01 0.0000e+00
480 0.0000e+00 3.0900e-05 1.7497e-04 8.0352e-05 1.7497e-04 1.7585e-01 0.0000e+00
481 0.0000e+00 3.4200e-05 1.7445e-04 7.1288e-05 1.7445e-04 1.7596e-01 0.0000e+00
482 5.0000e-04 3.5700e-05 1.8112e-04 1.1050e-04 1.7389e-04 1.7602e-01 7.2352e-06
483 2.5000e-03 3.4200e-05 2.2012e-04 3.9891e-04 1.7354e-04 1.7580e-01 4.6577e-05
484 1.0000e-03 3.0900e-05 1.9302e-04 4.5519e-04 1.7477e-04 1.7552e-01 1.8254e-05
485 0.0000e+00 2.5200e-05 1.7631e-04 3.9028e-04 1.7631e-04 1.7530e-01 0.0000e+00
486 1.0000e-03 1.7800e-05 1.9533e-04 4.5630e-04 1.7749e-04 1.7502e-01 1.7841e-05
487 0.0000e+00 8.6000e-06 1.7904e-04 3.9391e-04 1.7904e-04 1.7481e-01 0.0000e+00
488 0.0000e+00 0.0000e+00 1.8025e-04 3.4407e-04 1.8025e-04 1.7464e-01 0.0000e+00
489 0.0000e+00 0.0000e+00 1.8118e-04 3.0176e-04 1.8118e-04 1.7452e-01 0.0000e+00
490 0.0000e+00 0.0000e+00 1.8186e-04 2.6539e-04 1.8186e-04 1.7444e-01 0.0000e+00
491 0.0000e+00 0.0000e+00 1.8234e-04 2.3392e-04 1.8234e-04 1.7439e-01 0.0000e+00
492 0.0000e+00 0.0000e+00 1.8263e-04 2.0656e-04 1.8263e-04 1.7436e-01 0.0000e+00
493 0.0000e+00 0.0000e+00 1.8277e-04 1.8269e-04 1.8277e-04 1.7436e-01 0.0000e+00
494 0.0000e+00 0.0000e+00 1.8277e-04 1.6181e-04 1.8277e-04 1.7439e-01 0.0000e+00
495 0.0000e+00 0.0000e+00 1.8265e-04 1.4349e-04 1.8265e-04 1.7442e-01 0.0000e+00
496 0.0000e+00 0.0000e+00 1.8242e-04 1.2740e-04 1.8242e-04 1.7448e-01 0.0000e+00
497 0.0000e+00 0.0000e+00 1.8211e-04 1.1323e-04 1.8211e-04 1.7455e-01 0.0000e+00
498 0.0000e+00 0.0000e+00 1.8172e-04 1.0075e-04 1.8172e-04 1.7463e-01 0.0000e+00
499 0.0000e+00 0.0000e+00 1.8126e-04 8.9722e-05 1.8126e-04 1.7472e-01 0.0000e+00
500 0.0000e+00 0.0000e+00 1.8074e-04 7.9976e-05 1.8074e-04 1.7482e-01 0.0000e+00
501 0.0000e+00 6.3800e-05 1.8017e-04 7.1349e-05 1.8017e-04 1.7493e-01 0.0000e+00
502 0.0000e+00 1.2310e-04 1.7956e-04 6.3706e-05 1.7956e-04 1.7505e-01 0.0000e+00
503 0.0000e+00 1.7420e-04 1.7891e-04 5.6925e-05 1.7891e-04 1.7517e-01 0.0000e+00
504 0.0000e+00 2.1330e-04 1.7823e-04 5.0905e-05 1.7823e-04 1.7530e-01 0.0000e+00
505 0.0000e+00 2.3600e-04 1.7752e-04 4.5554e-05 1.7752e-04 1.7543e-01 0.0000e+00
506 0.0000e+00 2.4640e-04 1.7679e-04 4.0793e-05 1.7679e-04 1.7556e-01 0.0000e+00
507 0.0000e+00 2.3600e-04 1.7604e-04 3.6555e-05 1.7604e-04 1.7570e-01 0.0000e+00
508 0.0000e+00 2.1330e-04 1.7528e-04 3.2777e-05 1.7528e-04 1.7585e-01 0.0000e+00
509 0.0000e+00 1.7420e-04 1.7450e-04 2.9409e-05 1.7450e-04 1.7599e-01 0.0000e+00
510 0.0000e+00 1.2310e-04 1.7371e-04 2.6402e-05 1.7371e-04 1.7614e-01 0.0000e+00
511 0.0000e+00 5.9600e-05 1.7291e-04 2.3716e-05 1.7291e-04 1.7629e-01 0.0000e+00
512 0.0000e+00 0.0000e+00 1.7211e-04 2.1316e-05 1.7211e-04 1.7644e-01 0.0000e+00
513 0.0000e+00 0.0000e+00 1.7130e-04 1.9169e-05 1.7130e-04 1.7659e-01 0.0000e+00
514 0.0000e+00 0.0000e+00 1.7049e-04 1.7248e-05 1.7049e-04 1.7674e-01 0.0000e+00
515 0.0000e+00 0.0000e+00 1.6967e-04 1.5527e-05 1.6967e-04 1.7690e-01 0.0000e+00
516 0.0000e+00 0.0000e+00 1.6886e-04 1.3984e-05 1.6886e-04 1.7705e-01 0.0000e+00
517 0.0000e+00 0.0000e+00 1.6804e-04 1.2601e-05 1.6804e-04 1.7721e-01 0.0000e+00
518 0.0000e+00 0.0000e+00 1.6723e-04 1.1360e-05 1.6723e-04 1.7736e-01 0.0000e+00
519 0.0000e+00 0.0000e+00 1.6641e-04 1.0246e-05 1.6641e-04 1.7752e-01 0.0000e+00
520 0.0000e+00 0.0000e+00 1.6560e-04 9.2453e-06 1.6560e-04 1.7768e-01 0.0000e+00
521 0.0000e+00 0.0000e+00 1.6480e-04 8.3460e-06 1.6480e-04 1.7783e-01 0.0000e+00
522 0.0000e+00 0.0000e+00 1.6399e-04 7.5373e-06 1.6399e-04 1.7799e-01 0.0000e+00
523 0.0000e+00 0.0000e+00 1.6319e-04 6.8098e-06 1.6319e-04 1.7815e-01 0.0000e+00
524 0.0000e+00 0.0000e+00 1.6240e-04 6.1550e-06 1.6240e-04 1.7830e-01 0.0000e+00
525 0.0000e+00 4.1700e-05 1.6161e-04 5.5653e-06 1.6161e-04 1.7846e-01 0.0000e+00
526 0.0000e+00 8.0400e-05 1.6082e-04 5.0337e-06 1.6082e-04 1.7861e-01 0.0000e+00
527 0.0000e+00 1.1380e-04 1.6004e-04 4.5549e-06 1.6004e-04 1.7877e-01 0.0000e+00
528 0.0000e+00 1.3930e-04 1.5926e-04 4.1232e-06 1.5926e-04 1.7892e-01 0.0000e+00
529 0.0000e+00 1.5420e-04 1.5849e-04 3.7337e-06 1.5849e-04 1.7908e-01 0.0000e+00
530 0.0000e+00 1.6090e-04 1.5773e-04 3.3822e-06 1.5773e-04 1.7923e-01 0.0000e+00
531 0.0000e+00 1.5420e-04 1.5697e-04 3.0648e-06 1.5697e-04 1.7939e-01 0.0000e+00
532 0.0000e+00 1.3930e-04 1.5622e-04 2.7781e-06 1.5622e-04 1.7954e-01 0.0000e+00
533 0.0000e+00 1.1380e-04 1.5547e-04 2.5190e-06 1.5547e-04 1.7969e-01 0.0000e+00
534 0.0000e+00 8.0400e-05 1.5473e-04 2.2849e-06 1.5473e-04 1.7985e-01 0.0000e+00
535 0.0000e+00 3.8900e-05 1.5399e-04 2.0727e-06 1.5399e-04 1.8000e-01 0.0000e+00
536 0.0000e+00 0.0000e+00 1.5326e-04 1.8812e-06 1.5326e-04 1.8015e-01 0.0000e+00
537 0.0000e+00 0.0000e+00 1.5254e-04 1.7079e-06 1.5254e-04 1.8030e-01 0.0000e+00
538 0.0000e+00 0.0000e+00 1.5182e-04 1.5511e-06 1.5182e-04 1.8045e-01 0.0000e+00
539 0.0000e+00 0.0000e+00 1.5111e-04 1.4090e-06 1.5111e-04 1.8060e-01 0.0000e+00
540 0.0000e+00 0.0000e+00 1.5041e-04 1.2803e-06 1.5041e-04 1.8075e-01 0.0000e+00
541 0.0000e+00 0.0000e+00 1.4971e-04 1.1637e-06 1.4971e-04 1.8090e-01 0.0000e+00
542 0.0000e+00 0.0000e+00 1.4901e-04 1.0580e-06 1.4901e-04 1.8105e-01 0.0000e+00
543 0.0000e+00 0.0000e+00 1.4833e-04 9.6146e-07 1.4833e-04 1.8119e-01 0.0000e+00
544 0.0000e+00 0.0000e+00 1.4764e-04 8.7464e-07 1.4764e-04 1.8134e-01 0.0000e+00
545 0.0000e+00 0.0000e+00 1.4697e-04 7.9585e-07 1.4697e-04 1.8149e-01 0.0000e+00
546 0.0000e+00 0.0000e+00 1.4630e-04 7.2435e-07 1.4630e-04 1.8163e-01 0.0000e+00
547 0.0000e+00 0.0000e+00 1.4563e-04 6.5943e-07 1.4563e-04 1.8178e-01 0.0000e+00
548 0.0000e+00 0.0000e+00 1.4498e-04 6.0047e-07 1.4498e-04 1.8192e-01 0.0000e+00
549 0.0000e+00 2.0700e-05 1.4432e-04 5.4691e-07 1.4432e-04 1.8206e-01 0.0000e+00
550 0.0000e+00 4.0000e-05 1.4368e-04 4.9825e-07 1.4368e-04 1.8221e-01 0.0000e+00
551 0.0000e+00 5.6600e-05 1.4304e-04 4.5402e-07 1.4304e-04 1.8235e-01 0.0000e+00
552 1.0000e-03 6.9300e-05 1.4240e-04 4.1291e-07 1.4240e-04 1.8249e-01 0.0000e+00
553 1.0000e-03 7.6600e-05 1.4177e-04 3.7647e-07 1.4177e-04 1.8263e-01 0.0000e+00
554 2.0000e-03 8.0000e-05 1.5320e-04 8.8164e-05 1.4114e-04 1.8269e-01 1.2057e-05
555 1.5000e-03 7.6600e-05 1.6430e-04 2.4292e-04 1.4091e-04 1.8258e-01 2.3387e-05
556 0.0000e+00 6.9300e-05 1.4136e-04 2.0349e-04 1.4136e-04 1.8252e-01 0.0000e+00
557 5.0000e-04 5.6600e-05 1.4747e-04 2.1951e-04 1.4164e-04 1.8244e-01 5.8336e-06
558 0.0000e+00 4.0000e-05 1.4198e-04 1.8990e-04 1.4198e-04 1.8240e-01 0.0000e+00
559 0.0000e+00 1.9400e-05 1.4219e-04 1.6644e-04 1.4219e-04 1.8237e-01 0.0000e+00
560 0.0000e+00 0.0000e+00 1.4230e-04 1.4642e-04 1.4230e-04 1.8237e-01 0.0000e+00
561 0.0000e+00 0.0000e+00 1.4232e-04 1.2917e-04 1.4232e-04 1.8238e-01 0.0000e+00
562 0.0000e+00 0.0000e+00 1.4226e-04 1.1420e-04 1.4226e-04 1.8241e-01 0.0000e+00
563 0.0000e+00 0.0000e+00 1.4214e-04 1.0117e-04 1.4214e-04 1.8245e-01 0.0000e+00
564 0.0000e+00 0.0000e+00 1.4195e-04 8.9765e-05 1.4195e-04 1.8250e-01 0.0000e+00
565 5.0000e-04 0.0000e+00 1.4805e-04 1.2588e-04 1.4172e-04 1.8252e-01 6.3257e-06
566 0.0000e+00 0.0000e+00 1.4165e-04 1.0897e-04 1.4165e-04 1.8255e-01 0.0000e+00
567 0.0000e+00 0.0000e+00 1.4151e-04 9.6189e-05 1.4151e-04 1.8260e-01 0.0000e+00
568 0.0000e+00 0.0000e+00 1.4131e-04 8.5169e-05 1.4131e-04 1.8265e-01 0.0000e+00
569 0.0000e+00 0.0000e+00 1.4106e-04 7.5582e-05 1.4106e-04 1.8272e-01 0.0000e+00
570 0.0000e+00 0.0000e+00 1.4077e-04 6.7197e-05 1.4077e-04 1.8279e-01 0.0000e+00
571 0.0000e+00 0.0000e+00 1.4045e-04 5.9832e-05 1.4045e-04 1.8287e-01 0.0000e+00
572 0.0000e+00 0.0000e+00 1.4010e-04 5.3344e-05 1.4010e-04 1.8296e-01 0.0000e+00
573 3.0000e-03 3.0500e-05 1.8912e-04 4.0670e-04 1.3972e-04 1.8269e-01 4.9409e-05
574 1.0000e-03 5.8900e-05 1.5685e-04 4.5541e-04 1.4089e-04 1.8238e-01 1.5967e-05
575 2.5000e-03 8.3300e-05 1.8248e-04 6.8533e-04 1.4228e-04 1.8183e-01 4.0204e-05
576 3.5000e-03 1.0200e-04 2.0098e-04 9.9819e-04 1.4471e-04 1.8098e-01 5.6271e-05
577 1.5000e-03 1.1290e-04 1.7165e-04 1.0249e-03 1.4862e-04 1.8010e-01 2.3024e-05
578 0.0000e+00 1.1780e-04 1.5275e-04 8.9016e-04 1.5275e-04 1.7937e-01 0.0000e+00
579 0.0000e+00 1.1290e-04 1.5631e-04 7.8148e-04 1.5631e-04 1.7874e-01 0.0000e+00
580 0.0000e+00 1.0200e-04 1.5940e-04 6.8803e-04 1.5940e-04 1.7821e-01 0.0000e+00
581 0.0000e+00 8.3300e-05 1.6205e-04 6.0703e-04 1.6205e-04 1.7777e-01 0.0000e+00
582 0.0000e+00 5.8900e-05 1.6432e-04 5.3644e-04 1.6432e-04 1.7740e-01 0.0000e+00
583 0.0000e+00 2.8500e-05 1.6624e-04 4.7472e-04 1.6624e-04 1.7709e-01 0.0000e+00
584 0.0000e+00 0.0000e+00 1.6785e-04 4.2060e-04 1.6785e-04 1.7684e-01 0.0000e+00
585 0.0000e+00 0.0000e+00 1.6918e-04 3.7305e-04 1.6918e-04 1.7663e-01 0.0000e+00
586 0.0000e+00 0.0000e+00 1.7026e-04 3.3120e-04 1.7026e-04 1.7647e-01 0.0000e+00
587 0.0000e+00 0.0000e+00 1.7112e-04 2.9432e-04 1.7112e-04 1.7635e-01 0.0000e+00
588 0.0000e+00 0.0000e+00 1.7178e-04 2.6178e-04 1.7178e-04 1.7626e-01 0.0000e+00
589 5.0000e-04 0.0000e+00 1.7227e-04 2.3302e-04 1.7227e-04 1.7620e-01 0.0000e+00
590 0.0000e+00 0.0000e+00 1.7259e-04 2.0759e-04 1.7259e-04 1.7616e-01 0.0000e+00
591 0.0000e+00 0.0000e+00 1.7278e-04 1.8508e-04 1.7278e-04 1.7615e-01 0.0000e+00
592 5.0000e-04 0.0000e+00 1.8016e-04 2.1273e-04 1.7285e-04 1.7611e-01 7.3122e-06
593 0.0000e+00 0.0000e+00 1.7307e-04 1.8698e-04 1.7307e-04 1.7610e-01 0.0000e+00
594 1.0000e-03 0.0000e+00 1.9204e-04 2.8885e-04 1.7314e-04 1.7598e-01 1.8901e-05
595 0.0000e+00 0.0000e+00 1.7377e-04 2.4962e-04 1.7377e-04 1.7590e-01 0.0000e+00
596 0.0000e+00 0.0000e+00 1.7418e-04 2.1925e-04 1.7418e-04 1.7586e-01 0.0000e+00
597 0.0000e+00 6.2600e-05 1.7443e-04 1.9342e-04 1.7443e-04 1.7584e-01 0.0000e+00
598 0.0000e+00 1.2080e-04 1.7453e-04 1.7112e-04 1.7453e-04 1.7584e-01 0.0000e+00
599 0.0000e+00 1.7090e-04 1.7451e-04 1.5171e-04 1.7451e-04 1.7587e-01 0.0000e+00
600 0.0000e+00 2.0930e-04 1.7439e-04 1.3472e-04 1.7439e-04 1.7591e-01 0.0000e+00
601 0.0000e+00 2.3150e-04 1.7417e-04 1.1981e-04 1.7417e-04 1.7596e-01 0.0000e+00
602 0.0000e+00 2.4180e-04 1.7387e-04 1.0669e-04 1.7387e-04 1.7603e-01 0.0000e+00
603 0.0000e+00 2.3150e-04 1.7351e-04 9.5108e-05 1.7351e-04 1.7611e-01 0.0000e+00
604 0.0000e+00 2.0930e-04 1.7309e-04 8.4871e-05 1.7309e-04 1.7619e-01 0.0000e+00
605 0.0000e+00 1.7090e-04 1.7261e-04 7.5807e-05 1.7261e-04 1.7629e-01 0.0000e+00
606 0.0000e+00 1.2080e-04 1.7209e-04 6.7771e-05 1.7209e-04 1.7640e-01 0.0000e+00
607 0.0000e+00 5.8500e-05 1.7153e-04 6.0636e-05 1.7153e-04 1.7651e-01 0.0000e+00
608 0.0000e+00 0.0000e+00 1.7093e-04 5.4295e-05 1.7093e-04 1.7662e-01 0.0000e+00
609 0.0000e+00 0.0000e+00 1.7031e-04 4.8652e-05 1.7031e-04 1.7674e-01 0.0000e+00
610 0.0000e+00 0.0000e+00 1.6967e-04 4.3626e-05 1.6967e-04 1.7687e-01 0.0000e+00
611 0.0000e+00 0.0000e+00 1.6900e-04 3.9146e-05 1.6900e-04 1.7700e-01 0.0000e+00
612 0.0000e+00 0.0000e+00 1.6831e-04 3.5148e-05 1.6831e-04 1.7713e-01 0.0000e+00
613 0.0000e+00 0.0000e+00 1.6762e-04 3.1578e-05 1.6762e-04 1.7727e-01 0.0000e+00
614 0.0000e+00 0.0000e+00 1.6690e-04 2.8387e-05 1.6690e-04 1.7741e-01 0.0000e+00
615 0.0000e+00 0.0000e+00 1.6618e-04 2.5533e-05 1.6618e-04 1.7755e-01 0.0000e+00
616 0.0000e+00 0.0000e+00 1.6545e-04 2.2979e-05 1.6545e-04 1.7769e-01 0.0000e+00
617 0.0000e+00 0.0000e+00 1.6472e-04 2.0691e-05 1.6472e-04 1.7784e-01 0.0000e+00
618 0.0000e+00 0.0000e+00 1.6398e-04 1.8641e-05 1.6398e-04 1.7798e-01 0.0000e+00
619 0.0000e+00 0.0000e+00 1.6324e-04 1.6802e-05 1.6324e-04 1.7813e-01 0.0000e+00
620 0.0000e+00 0.0000e+00 1.6249e-04 1.5152e-05 1.6249e-04 1.7827e-01 0.0000e+00
621 0.0000e+00 1.4200e-05 1.6175e-04 1.3670e-05 1.6175e-04 1.7842e-01 0.0000e+00
622 0.0000e+00 2.7500e-05 1.6100e-04 1.2339e-05 1.6100e-04 1.7857e-01 0.0000e+00
623 0.0000e+00 3.8900e-05 1.6025e-04 1.1142e-05 1.6025e-04 1.7872e-01 0.0000e+00
624 1.0000e-03 4.7600e-05 1.5951e-04 1.0065e-05 1.5951e-04 1.7887e-01 0.0000e+00
625 1.0000e-03 5.2700e-05 1.6004e-04 1.8616e-05 1.5876e-04 1.7901e-01 1.2733e-06
626 3.0000e-03 5.5000e-05 2.1146e-04 3.7342e-04 1.5807e-04 1.7879e-01 5.3394e-05
627 2.0000e-03 5.2700e-05 1.9411e-04 5.4775e-04 1.5914e-04 1.7841e-01 3.4977e-05
628 1.5000e-03 4.7600e-05 1.8760e-04 6.4217e-04 1.6108e-04 1.7792e-01 2.6523e-05
629 3.5000e-03 3.8900e-05 2.2877e-04 9.7131e-04 1.6352e-04 1.7712e-01 6.5252e-05
630 4.0000e-03 2.7500e-05 2.4257e-04 1.3177e-03 1.6770e-04 1.7597e-01 7.4867e-05
631 5.0000e-03 1.3300e-05 2.6782e-04 1.7476e-03 1.7384e-04 1.7439e-01 9.3983e-05
632 0.0000e+00 0.0000e+00 1.8260e-04 1.5085e-03 1.8260e-04 1.7307e-01 0.0000e+00
633 0.0000e+00 0.0000e+00 1.9033e-04 1.3183e-03 1.9033e-04 1.7194e-01 0.0000e+00
634 1.0000e-03 0.0000e+00 2.1580e-04 1.2813e-03 1.9716e-04 1.7085e-01 1.8649e-05
635 2.5000e-03 0.0000e+00 2.5120e-04 1.4404e-03 2.0395e-04 1.6962e-01 4.7251e-05
636 3.5000e-03 0.0000e+00 2.7814e-04 1.7029e-03 2.1198e-04 1.6813e-01 6.6152e-05
637 3.0000e-03 0.0000e+00 2.7880e-04 1.8637e-03 2.2209e-04 1.6649e-01 5.6702e-05
638 0.0000e+00 0.0000e+00 2.3378e-04 1.6099e-03 2.3378e-04 1.6511e-01 0.0000e+00
639 5.0000e-04 0.0000e+00 2.5351e-04 1.4748e-03 2.4406e-04 1.6388e-01 9.4503e-06
640 0.0000e+00 0.0000e+00 2.5363e-04 1.2876e-03 2.5363e-04 1.6285e-01 0.0000e+00
641 5.0000e-04 0.0000e+00 2.7299e-04 1.1954e-03 2.6196e-04 1.6191e-01 1.1036e-05
642 0.0000e+00 0.0000e+00 2.6971e-04 1.0449e-03 2.6971e-04 1.6114e-01 0.0000e+00
643 5.0000e-04 0.0000e+00 2.8736e-04 9.8435e-04 2.7632e-04 1.6043e-01 1.1036e-05
644 0.0000e+00 0.0000e+00 2.8251e-04 8.5971e-04 2.8251e-04 1.5985e-01 0.0000e+00
645 0.0000e+00 1.6900e-05 2.8765e-04 7.5382e-04 2.8765e-04 1.5939e-01 0.0000e+00
646 0.0000e+00 3.2600e-05 2.9187e-04 6.6191e-04 2.9187e-04 1.5902e-01 0.0000e+00
647 0.0000e+00 4.6100e-05 2.9526e-04 5.8185e-04 2.9526e-04 1.5873e-01 0.0000e+00
648 0.0000e+00 5.6400e-05 2.9792e-04 5.1196e-04 2.9792e-04 1.5851e-01 0.0000e+00
649 0.0000e+00 6.2400e-05 2.9992e-04 4.5087e-04 2.9992e-04 1.5836e-01 0.0000e+00
650 0.0000e+00 6.5200e-05 3.0134e-04 3.9742e-04 3.0134e-04 1.5827e-01 0.0000e+00
651 0.0000e+00 6.2400e-05 3.0224e-04 3.5060e-04 3.0224e-04 1.5822e-01 0.0000e+00
652 0.0000e+00 5.6400e-05 3.0270e-04 3.0956e-04 3.0270e-04 1.5821e-01 0.0000e+00
653 0.0000e+00 4.6100e-05 3.0276e-04 2.7356e-04 3.0276e-04 1.5824e-01 0.0000e+00
654 0.0000e+00 3.2600e-05 3.0249e-04 2.4194e-04 3.0249e-04 1.5830e-01 0.0000e+00
655 0.0000e+00 1.5800e-05 3.0192e-04 2.1416e-04 3.0192e-04 1.5839e-01 0.0000e+00
656 0.0000e+00 0.0000e+00 3.0109e-04 1.8971e-04 3.0109e-04 1.5850e-01 0.0000e+00
657 0.0000e+00 0.0000e+00 3.0004e-04 1.6820e-04 3.0004e-04 1.5863e-01 0.0000e+00
658 0.0000e+00 0.0000e+00 2.9881e-04 1.4924e-04 2.9881e-04 1.5878e-01 0.0000e+00
659 0.0000e+00 0.0000e+00 2.9742e-04 1.3252e-04 2.9742e-04 1.5895e-01 0.0000e+00
660 0.0000e+00 0.0000e+00 2.9589e-04 1.1776e-04 2.9589e-04 1.5913e-01 0.0000e+00
661 0.0000e+00 0.0000e+00 2.9425e-04 1.0472e-04 2.9425e-04 1.5932e-01 0.0000e+00
662 0.0000e+00 0.0000e+00 2.9251e-04 9.3194e-05 2.9251e-04 1.5951e-01 0.0000e+00
663 0.0000e+00 0.0000e+00 2.9069e-04 8.2996e-05 2.9069e-04 1.5972e-01 0.0000e+00
664 0.0000e+00 0.0000e+00 2.8881e-04 7.3964e-05 2.8881e-04 1.5994e-01 0.0000e+00
665 0.0000e+00 0.0000e+00 2.8688e-04 6.5961e-05 2.8688e-04 1.6016e-01 0.0000e+00
666 5.0000e-04 0.0000e+00 2.8511e-04 6.0136e-05 2.8490e-04 1.6038e-01 2.0463e-07
667 0.0000e+00 0.0000e+00 2.8291e-04 5.3581e-05 2.8291e-04 1.6061e-01 0.0000e+00
668 5.0000e-04 0.0000e+00 2.9193e-04 1.1632e-04 2.8089e-04 1.6078e-01 1.1036e-05
669 5.0000e-04 1.5300e-05 2.9049e-04 1.6603e-04 2.7945e-04 1.6089e-01 1.1036e-05
670 0.0000e+00 2.9500e-05 2.7846e-04 1.3941e-04 2.7846e-04 1.6103e-01 0.0000e+00
671 1.0000e-03 4.1700e-05 2.9834e-04 2.5043e-04 2.7725e-04 1.6106e-01 2.1084e-05
672 0.0000e+00 5.1100e-05 2.7702e-04 2.0902e-04 2.7702e-04 1.6112e-01 0.0000e+00
673 0.0000e+00 5.6500e-05 2.7643e-04 1.7940e-04 2.7643e-04 1.6122e-01 0.0000e+00
674 0.0000e+00 5.9000e-05 2.7560e-04 1.5517e-04 2.7560e-04 1.6134e-01 0.0000e+00
675 5.0000e-04 5.6500e-05 2.8101e-04 1.7464e-04 2.7456e-04 1.6144e-01 6.4457e-06
676 5.0000e-04 5.1100e-05 2.8349e-04 2.1000e-04 2.7370e-04 1.6150e-01 9.7892e-06
677 0.0000e+00 4.1700e-05 2.7316e-04 1.7857e-04 2.7316e-04 1.6160e-01 0.0000e+00
678 0.0000e+00 2.9500e-05 2.7235e-04 1.5446e-04 2.7235e-04 1.6172e-01 0.0000e+00
679 1.0000e-03 1.4300e-05 2.9073e-04 2.5348e-04 2.7135e-04 1.6174e-01 1.9375e-05
680 1.0000e-03 0.0000e+00 2.9296e-04 3.4709e-04 2.7120e-04 1.6166e-01 2.1757e-05
681 0.0000e+00 0.0000e+00 2.7184e-04 2.9189e-04 2.7184e-04 1.6164e-01 0.0000e+00
682 0.0000e+00 0.0000e+00 2.7202e-04 2.5095e-04 2.7202e-04 1.6166e-01 0.0000e+00
683 0.0000e+00 0.0000e+00 2.7184e-04 2.1723e-04 2.7184e-04 1.6171e-01 0.0000e+00
684 0.0000e+00 0.0000e+00 2.7137e-04 1.8889e-04 2.7137e-04 1.6180e-01 0.0000e+00
685 0.0000e+00 0.0000e+00 2.7067e-04 1.6479e-04 2.7067e-04 1.6190e-01 0.0000e+00
686 0.0000e+00 0.0000e+00 2.6978e-04 1.4414e-04 2.6978e-04 1.6203e-01 0.0000e+00
687 0.0000e+00 0.0000e+00 2.6872e-04 1.2636e-04 2.6872e-04 1.6217e-01 0.0000e+00
688 0.0000e+00 0.0000e+00 2.6753e-04 1.1099e-04 2.6753e-04 1.6233e-01 0.0000e+00
689 0.0000e+00 0.0000e+00 2.6622e-04 9.7652e-05 2.6622e-04 1.6250e-01 0.0000e+00
690 0.0000e+00 0.0000e+00 2.6483e-04 8.6055e-05 2.6483e-04 1.6268e-01 0.0000e+00
691 0.0000e+00 0.0000e+00 2.6335e-04 7.5944e-05 2.6335e-04 1.6286e-01 0.0000e+00
692 0.0000e+00 0.0000e+00 2.6181e-04 6.7110e-05 2.6181e-04 1.6306e-01 0.0000e+00
693 0.0000e+00 5.6100e-05 2.6022e-04 5.9377e-05 2.6022e-04 1.6326e-01 0.0000e+00
694 0.0000e+00 1.0830e-04 2.5860e-04 5.2596e-05 2.5860e-04 1.6346e-01 0.0000e+00
695 0.0000e+00 1.5320e-04 2.5694e-04 4.6641e-05 2.5694e-04 1.6367e-01 0.0000e+00
696 0.0000e+00 1.8770e-04 2.5525e-04 4.1402e-05 2.5525e-04 1.6389e-01 0.0000e+00
697 0.0000e+00 2.0760e-04 2.5355e-04 3.6788e-05 2.5355e-04 1.6411e-01 0.0000e+00
698 0.0000e+00 2.1680e-04 2.5184e-04 3.2719e-05 2.5184e-04 1.6432e-01 0.0000e+00
699 0.0000e+00 2.0760e-04 2.5012e-04 2.9125e-05 2.5012e-04 1.6455e-01 0.0000e+00
700 5.0000e-04 1.8770e-04 2.4840e-04 2.5949e-05 2.4840e-04 1.6477e-01 0.0000e+00
701 0.0000e+00 1.5320e-04 2.4668e-04 2.3138e-05 2.4668e-04 1.6499e-01 0.0000e+00
702 0.0000e+00 1.0830e-04 2.4496e-04 2.0647e-05 2.4496e-04 1.6522e-01 0.0000e+00
703 0.0000e+00 5.2400e-05 2.4325e-04 1.8439e-05 2.4325e-04 1.6544e-01 0.0000e+00
704 0.0000e+00 0.0000e+00 2.4155e-04 1.6478e-05 2.4155e-04 1.6567e-01 0.0000e+00
705 0.0000e+00 0.0000e+00 2.3986e-04 1.4736e-05 2.3986e-04 1.6589e-01 0.0000e+00
706 0.0000e+00 0.0000e+00 2.3818e-04 1.3188e-05 2.3818e-04 1.6612e-01 0.0000e+00
707 0.0000e+00 0.0000e+00 2.3651e-04 1.1809e-05 2.3651e-04 1.6634e-01 0.0000e+00
708 0.0000e+00 0.0000e+00 2.3485e-04 1.0582e-05 2.3485e-04 1.6656e-01 0.0000e+00
709 0.0000e+00 0.0000e+00 2.3321e-04 9.4873e-06 2.3321e-04 1.6679e-01 0.0000e+00
710 0.0000e+00 0.0000e+00 2.3159e-04 8.5112e-06 2.3159e-04 1.6701e-01 0.0000e+00
711 0.0000e+00 0.0000e+00 2.2998e-04 7.6398e-06 2.2998e-04 1.6723e-01 0.0000e+00
712 0.0000e+00 0.0000e+00 2.2839e-04 6.8614e-06 2.2839e-04 1.6746e-01 0.0000e+00
713 0.0000e+00 0.0000e+00 2.2681e-04 6.1653e-06 2.2681e-04 1.6768e-01 0.0000e+00
714 0.0000e+00 0.0000e+00 2.2525e-04 5.5430e-06 2.2525e-04 1.6790e-01 0.0000e+00
715 0.0000e+00 0.0000e+00 2.2371e-04 4.9860e-06 2.2371e-04 1.6811e-01 0.0000e+00
716 0.0000e+00 0.0000e+00 2.2219e-04 4.4872e-06 2.2219e-04 1.6833e-01 0.0000e+00
717 0.0000e+00 8.5600e-05 2.2068e-04 4.0402e-06 2.2068e-04 1.6855e-01 0.0000e+00
718 0.0000e+00 1.6520e-04 2.1919e-04 3.6394e-06 2.1919e-04 1.6876e-01 0.0000e+00
719 0.0000e+00 2.3380e-04 2.1772e-04 3.2798e-06 2.1772e-04 1.6898e-01 0.0000e+00
720 0.0000e+00 2.8620e-04 2.1627e-04 2.9571e-06 2.1627e-04 1.6919e-01 0.0000e+00
721 0.0000e+00 3.1670e-04 2.1483e-04 2.6667e-06 2.1483e-04 1.6940e-01 0.0000e+00
722 0.0000e+00 3.3060e-04 2.1341e-04 2.4064e-06 2.1341e-04 1.6962e-01 0.0000e+00
723 0.0000e+00 3.1670e-04 2.1201e-04 2.1724e-06 2.1201e-04 1.6982e-01 0.0000e+00
724 0.0000e+00 2.8620e-04 2.1062e-04 1.9619e-06 2.1062e-04 1.7003e-01 0.0000e+00
725 0.0000e+00 2.3380e-04 2.0925e-04 1.7724e-06 2.0925e-04 1.7024e-01 0.0000e+00
726 0.0000e+00 1.6520e-04 2.0790e-04 1.6019e-06 2.0790e-04 1.7045e-01 0.0000e+00
727 0.0000e+00 8.0000e-05 2.0656e-04 1.4483e-06 2.0656e-04 1.7065e-01 0.0000e+00
728 0.0000e+00 0.0000e+00 2.0524e-04 1.3099e-06 2.0524e-04 1.7086e-01 0.0000e+00
729 0.0000e+00 0.0000e+00 2.0394e-04 1.1844e-06 2.0394e-04 1.7106e-01 0.0000e+00
730 0.0000e+00 0.0000e+00 2.0265e-04 1.0721e-06 2.0265e-04 1.7126e-01 0.0000e+00
731 0.0000e+00 0.0000e+00 2.0138e-04 9.7067e-07 2.0138e-04 1.7146e-01 0.0000e+00
732 0.0000e+00 0.0000e+00 2.0012e-04 8.7917e-07 2.0012e-04 1.7166e-01 0.0000e+00
733 0.0000e+00 0.0000e+00 1.9888e-04 7.9654e-07 1.9888e-04 1.7186e-01 0.0000e+00
734 0.0000e+00 0.0000e+00 1.9765e-04 7.2191e-07 1.9765e-04 1.7206e-01 0.0000e+00
735 0.0000e+00 0.0000e+00 1.9644e-04 6.5447e-07 1.9644e-04 1.7225e-01 0.0000e+00
736 0.0000e+00 0.0000e+00 1.9524e-04 5.9351e-07 1.9524e-04 1.7245e-01 0.0000e+00
737 0.0000e+00 0.0000e+00 1.9406e-04 5.3838e-07 1.9406e-04 1.7264e-01 0.0000e+00
738 0.0000e+00 0.0000e+00 1.9289e-04 4.8759e-07 1.9289e-04 1.7283e-01 0.0000e+00
739 0.0000e+00 0.0000e+00 1.9173e-04 4.4262e-07 1.9173e-04 1.7302e-01 0.0000e+00
740 0.0000e+00 0.0000e+00 1.9059e-04 4.0191e-07 1.9059e-04 1.7321e-01 0.0000e+00
741 0.0000e+00 7.4700e-05 1.8946e-04 3.6504e-07 1.8946e-04 1.7340e-01 0.0000e+00
742 0.0000e+00 1.4410e-04 1.8834e-04 3.3163e-07 1.8834e-04 1.7359e-01 0.0000e+00
743 0.0000e+00 2.0380e-04 1.8724e-04 3.0137e-07 1.8724e-04 1.7378e-01 0.0000e+00
744 0.0000e+00 2.4960e-04 1.8615e-04 2.7393e-07 1.8615e-04 1.7396e-01 0.0000e+00
745 0.0000e+00 2.7610e-04 1.8507e-04 2.4906e-07 1.8507e-04 1.7415e-01 0.0000e+00
746 0.0000e+00 2.8830e-04 1.8401e-04 2.2535e-07 1.8401e-04 1.7433e-01 0.0000e+00
747 0.0000e+00 2.7610e-04 1.8295e-04 2.0504e-07 1.8295e-04 1.7451e-01 0.0000e+00
748 0.0000e+00 2.4960e-04 1.8191e-04 1.8660e-07 1.8191e-04 1.7470e-01 0.0000e+00
749 0.0000e+00 2.0380e-04 1.8088e-04 1.6987e-07 1.8088e-04 1.7488e-01 0.0000e+00
750 0.0000e+00 1.4410e-04 1.7986e-04 1.5466e-07 1.7986e-04 1.7506e-01 0.0000e+00
751 0.0000e+00 6.9800e-05 1.7885e-04 1.4085e-07 1.7885e-04 1.7524e-01 0.0000e+00
752 0.0000e+00 0.0000e+00 1.7786e-04 1.2830e-07 1.7786e-04 1.7541e-01 0.0000e+00
753 0.0000e+00 0.0000e+00 1.7687e-04 1.1689e-07 1.7687e-04 1.7559e-01 0.0000e+00
754 0.0000e+00 0.0000e+00 1.7590e-04 1.0652e-07 1.7590e-04 1.7577e-01 0.0000e+00
755 0.0000e+00 0.0000e+00 1.7493e-04 9.5974e-08 1.7493e-04 1.7594e-01 0.0000e+00
756 0.0000e+00 0.0000e+00 1.7398e-04 8.7534e-08 1.7398e-04 1.7611e-01 0.0000e+00
757 0.0000e+00 0.0000e+00 1.7304e-04 7.9851e-08 1.7304e-04 1.7629e-01 0.0000e+00
758 0.0000e+00 0.0000e+00 1.7211e-04 7.2856e-08 1.7211e-04 1.7646e-01 0.0000e+00
759 0.0000e+00 0.0000e+00 1.7118e-04 6.6486e-08 1.7118e-04 1.7663e-01 0.0000e+00
760 0.0000e+00 0.0000e+00 1.7027e-04 6.0684e-08 1.7027e-04 1.7680e-01 0.0000e+00
761 0.0000e+00 0.0000e+00 1.6937e-04 5.5398e-08 1.6937e-04 1.7697e-01 0.0000e+00
762 0.0000e+00 0.0000e+00 1.6847e-04 5.0581e-08 1.6847e-04 1.7714e-01 0.0000e+00
763 0.0000e+00 0.0000e+00 1.6759e-04 4.4945e-08 1.6759e-04 1.7731e-01 0.0000e+00
764 0.0000e+00 0.0000e+00 1.6671e-04 4.1083e-08 1.6671e-04 1.7747e-01 0.0000e+00
765 0.0000e+00 9.6700e-05 1.6585e-04 3.7559e-08 1.6585e-04 1.7764e-01 0.0000e+00
766 0.0000e+00 1.8660e-04 1.6499e-04 3.4342e-08 1.6499e-04 1.7780e-01 0.0000e+00
767 0.0000e+00 2.6400e-04 1.6414e-04 3.1406e-08 1.6414e-04 1.7797e-01 0.0000e+00
768 0.0000e+00 3.2330e-04 1.6330e-04 2.8724e-08 1.6330e-04 1.7813e-01 0.0000e+00
769 0.0000e+00 3.5770e-04 1.6247e-04 2.6276e-08 1.6247e-04 1.7829e-01 0.0000e+00
770 0.0000e+00 3.7350e-04 1.6165e-04 2.4040e-08 1.6165e-04 1.7845e-01 0.0000e+00
771 0.0000e+00 3.5770e-04 1.6083e-04 2.1997e-08 1.6083e-04 1.7862e-01 0.0000e+00
772 0.0000e+00 3.2330e-04 1.6003e-04 1.8933e-08 1.6003e-04 1.7878e-01 0.0000e+00
773 0.0000e+00 2.6400e-04 1.5923e-04 1.7350e-08 1.5923e-04 1.7893e-01 0.0000e+00
774 0.0000e+00 1.8660e-04 1.5844e-04 1.5902e-08 1.5844e-04 1.7909e-01 0.0000e+00
775 0.0000e+00 9.0400e-05 1.5766e-04 1.4576e-08 1.5766e-04 1.7925e-01 0.0000e+00
776 0.0000e+00 0.0000e+00 1.5688e-04 1.3362e-08 1.5688e-04 1.7941e-01 0.0000e+00
777 0.0000e+00 0.0000e+00 1.5612e-04 1.2251e-08 1.5612e-04 1.7956e-01 0.0000e+00
778 0.0000e+00 0.0000e+00 1.5536e-04 1.1234e-08 1.5536e-04 1.7972e-01 0.0000e+00
779 0.0000e+00 0.0000e+00 1.5460e-04 1.0302e-08 1.5460e-04 1.7987e-01 0.0000e+00
780 0.0000e+00 0.0000e+00 1.5386e-04 8.2644e-09 1.5386e-04 1.8003e-01 0.0000e+00
781 0.0000e+00 0.0000e+00 1.5312e-04 7.5947e-09 1.5312e-04 1.8018e-01 0.0000e+00
782 0.0000e+00 0.0000e+00 1.5239e-04 6.9798e-09 1.5239e-04 1.8033e-01 0.0000e+00
783 0.0000e+00 0.0000e+00 1.5167e-04 6.4154e-09 1.5167e-04 1.8048e-01 0.0000e+00
784 0.0000e+00 0.0000e+00 1.5095e-04 5.8971e-09 1.5095e-04 1.8064e-01 0.0000e+00
785 0.0000e+00 0.0000e+00 1.5024e-04 5.4212e-09 1.5024e-04 1.8079e-01 0.0000e+00
786 0.0000e+00 0.0000e+00 1.4953e-04 4.9841e-09 1.4953e-04 1.8094e-01 0.0000e+00
787 0.0000e+00 0.0000e+00 1.4884e-04 4.5827e-09 1.4884e-04 1.8108e-01 0.0000e+00
788 0.0000e+00 0.0000e+00 1.4815e-04 4.2140e-09 1.4815e-04 1.8123e-01 0.0000e+00
789 0.0000e+00 1.2590e-04 1.4746e-04 3.0024e-09 1.4746e-04 1.8138e-01 0.0000e+00
790 0.0000e+00 2.4290e-04 1.4678e-04 2.7678e-09 1.4678e-04 1.8153e-01 0.0000e+00
791 0.0000e+00 3.4370e-04 1.4611e-04 2.5517e-09 1.4611e-04 1.8167e-01 0.0000e+00
792 0.0000e+00 4.2090e-04 1.4545e-04 2.3527e-09 1.4545e-04 1.8182e-01 0.0000e+00
793 0.0000e+00 4.6560e-04 1.4479e-04 2.1693e-09 1.4479e-04 1.8196e-01 0.0000e+00
794 0.0000e+00 4.8620e-04 1.4413e-04 2.0004e-09 1.4413e-04 1.8211e-01 0.0000e+00
795 0.0000e+00 4.6560e-04 1.4349e-04 1.8447e-09 1.4349e-04 1.8225e-01 0.0000e+00
796 0.0000e+00 4.2090e-04 1.4284e-04 1.7013e-09 1.4284e-04 1.8239e-01 0.0000e+00
797 0.0000e+00 3.4370e-04 1.4221e-04 1.5691e-09 1.4221e-04 1.8254e-01 0.0000e+00
798 0.0000e+00 2.4290e-04 1.4158e-04 9.2404e-10 1.4158e-04 1.8268e-01 0.0000e+00
799 0.0000e+00 1.1760e-04 1.4095e-04 8.5463e-10 1.4095e-04 1.8282e-01 0.0000e+00
800 0.0000e+00 0.0000e+00 1.4033e-04 7.9047e-10 1.4033e-04 1.8296e-01 0.0000e+00
801 0.0000e+00 0.0000e+00 1.3972e-04 7.3117e-10 1.3972e-04 1.8310e-01 0.0000e+00
802 0.0000e+00 0.0000e+00 1.3911e-04 6.7635e-10 1.3911e-04 1.8324e-01 0.0000e+00
803 0.0000e+00 0.0000e+00 1.3851e-04 6.2568e-10 1.3851e-04 1.8338e-01 0.0000e+00
804 0.0000e+00 0.0000e+00 1.3791e-04 5.7883e-10 1.3791e-04 1.8351e-01 0.0000e+00
805 0.0000e+00 0.0000e+00 1.3732e-04 5.3552e-10 1.3732e-04 1.8365e-01 0.0000e+00
806 0.0000e+00 0.0000e+00 1.3673e-04 4.9547e-10 1.3673e-04 1.8379e-01 0.0000e+00
807 0.0000e+00 0.0000e+00 1.3614e-04 1.9665e-10 1.3614e-04 1.8392e-01 0.0000e+00
808 0.0000e+00 0.0000e+00 1.3557e-04 1.8251e-10 1.3557e-04 1.8406e-01 0.0000e+00
809 0.0000e+00 0.0000e+00 1.3499e-04 1.6940e-10 1.3499e-04 1.8419e-01 0.0000e+00
810 0.0000e+00 0.0000e+00 1.3442e-04 1.5723e-10 1.3442e-04 1.8433e-01 0.0000e+00
811 0.0000e+00 0.0000e+00 1.3386e-04 1.4594e-10 1.3386e-04 1.8446e-01 0.0000e+00
812 0.0000e+00 0.0000e+00 1.3330e-04 1.3547e-10 1.3330e-04 1.8460e-01 0.0000e+00
813 0.0000e+00 3.0400e-05 1.3275e-04 1.2576e-10 1.3275e-04 1.8473e-01 0.0000e+00
814 0.0000e+00 5.8700e-05 1.3220e-04 1.1675e-10 1.3220e-04 1.8486e-01 0.0000e+00
815 0.0000e+00 8.3100e-05 1.3165e-04 1.0838e-10 1.3165e-04 1.8499e-01 0.0000e+00
816 0.0000e+00 1.0180e-04 1.3111e-04 1.9289e-11 1.3111e-04 1.8512e-01 0.0000e+00
817 0.0000e+00 1.1260e-04 1.3058e-04 1.7967e-11 1.3058e-04 1.8525e-01 0.0000e+00
818 0.0000e+00 1.1760e-04 1.3005e-04 1.6736e-11 1.3005e-04 1.8538e-01 0.0000e+00
819 0.0000e+00 1.1260e-04 1.2952e-04 1.5589e-11 1.2952e-04 1.8551e-01 0.0000e+00
820 0.0000e+00 1.0180e-04 1.2899e-04 1.4522e-11 1.2899e-04 1.8564e-01 0.0000e+00
821 0.0000e+00 8.3100e-05 1.2848e-04 1.3528e-11 1.2848e-04 1.8577e-01 0.0000e+00
822 0.0000e+00 5.8700e-05 1.2796e-04 1.2603e-11 1.2796e-04 1.8590e-01 0.0000e+00
823 0.0000e+00 2.8400e-05 1.2745e-04 1.1741e-11 1.2745e-04 1.8603e-01 0.0000e+00
824 0.0000e+00 0.0000e+00 1.2694e-04 1.0939e-11 1.2694e-04 1.8615e-01 0.0000e+00
825 0.0000e+00 0.0000e+00 1.2644e-04 0.0000e+00 1.2644e-04 1.8628e-01 0.0000e+00
826 0.0000e+00 0.0000e+00 1.2594e-04 0.0000e+00 1.2594e-04 1.8641e-01 0.0000e+00
827 0.0000e+00 0.0000e+00 1.2545e-04 0.0000e+00 1.2545e-04 1.8653e-01 0.0000e+00
828 0.0000e+00 0.0000e+00 1.2496e-04 0.0000e+00 1.2496e-04 1.8666e-01 0.0000e+00
829 0.0000e+00 0.0000e+00 1.2447e-04 0.0000e+00 1.2447e-04 1.8678e-01 0.0000e+00
830 0.0000e+00 0.0000e+00 1.2399e-04 0.0000e+00 1.2399e-04 1.8691e-01 0.0000e+00
831 0.0000e+00 0.0000e+00 1.2351e-04 0.0000e+00 1.2351e-04 1.8703e-01 0.0000e+00
832 0.0000e+00 0.0000e+00 1.2303e-04 0.0000e+00 1.2303e-04 1.8715e-01 0.0000e+00
833 0.0000e+00 0.0000e+00 1.2256e-04 0.0000e+00 1.2256e-04 1.8727e-01 0.0000e+00
834 0.0000e+00 0.0000e+00 1.2209e-04 0.0000e+00 1.2209e-04 1.8740e-01 0.0000e+00
835 0.0000e+00 0.0000e+00 1.2163e-04 0.0000e+00 1.2163e-04 1.8752e-01 0.0000e+00
836 0.0000e+00 0.0000e+00 1.2116e-04 0.0000e+00 1.2116e-04 1.8764e-01 0.0000e+00
837 0.0000e+00 6.6100e-05 1.2071e-04 0.0000e+00 1.2071e-04 1.8776e-01 0.0000e+00
838 0.0000e+00 1.2750e-04 1.2025e-04 0.0000e+00 1.2025e-04 1.8788e-01 0.0000e+00
839 0.0000e+00 1.8040e-04 1.1980e-04 0.0000e+00 1.1980e-04 1.8800e-01 0.0000e+00
840 0.0000e+00 2.2090e-04 1.1935e-04 0.0000e+00 1.1935e-04 1.8812e-01 0.0000e+00
841 0.0000e+00 2.4430e-04 1.1891e-04 0.0000e+00 1.1891e-04 1.8824e-01 0.0000e+00
842 0.0000e+00 2.5510e-04 1.1847e-04 0.0000e+00 1.1847e-04 1.8836e-01 0.0000e+00
843 0.0000e+00 2.4430e-04 1.1803e-04 0.0000e+00 1.1803e-04 1.8847e-01 0.0000e+00
844 0.0000e+00 2.2090e-04 1.1760e-04 0.0000e+00 1.1760e-04 1.8859e-01 0.0000e+00
845 0.0000e+00 1.8040e-04 1.1716e-04 0.0000e+00 1.1716e-04 1.8871e-01 0.0000e+00
846 0.0000e+00 1.2750e-04 1.1674e-04 0.0000e+00 1.1674e-04 1.8883e-01 0.0000e+00
847 0.0000e+00 6.1700e-05 1.1631e-04 0.0000e+00 1.1631e-04 1.8894e-01 0.0000e+00
848 0.0000e+00 0.0000e+00 1.1589e-04 0.0000e+00 1.1589e-04 1.8906e-01 0.0000e+00
849 0.0000e+00 0.0000e+00 1.1547e-04 0.0000e+00 1.1547e-04 1.8917e-01 0.0000e+00
850 0.0000e+00 0.0000e+00 1.1505e-04 0.0000e+00 1.1505e-04 1.8929e-01 0.0000e+00
851 0.0000e+00 0.0000e+00 1.1464e-04 0.0000e+00 1.1464e-04 1.8940e-01 0.0000e+00
852 0.0000e+00 0.0000e+00 1.1423e-04 0.0000e+00 1.1423e-04 1.8952e-01 0.0000e+00
853 0.0000e+00 0.0000e+00 1.1382e-04 0.0000e+00 1.1382e-04 1.8963e-01 0.0000e+00
854 0.0000e+00 0.0000e+00 1.1342e-04 0.0000e+00 1.1342e-04 1.8974e-01 0.0000e+00
855 0.0000e+00 0.0000e+00 1.1302e-04 0.0000e+00 1.1302e-04 1.8986e-01 0.0000e+00
856 0.0000e+00 0.0000e+00 1.1262e-04 0.0000e+00 1.1262e-04 1.8997e-01 0.0000e+00
857 0.0000e+00 0.0000e+00 1.1223e-04 0.0000e+00 1.1223e-04 1.9008e-01 0.0000e+00
858 0.0000e+00 0.0000e+00 1.1183e-04 0.0000e+00 1.1183e-04 1.9019e-01 0.0000e+00
859 0.0000e+00 0.0000e+00 1.1144e-04 0.0000e+00 1.1144e-04 1.9031e-01 0.0000e+00
860 0.0000e+00 0.0000e+00 1.1105e-04 0.0000e+00 1.1105e-04 1.9042e-01 0.0000e+00
861 0.0000e+00 9.7600e-05 1.1067e-04 0.0000e+00 1.1067e-04 1.9053e-01 0.0000e+00
862 0.0000e+00 1.8830e-04 1.1029e-04 0.0000e+00 1.1029e-04 1.9064e-01 0.0000e+00
863 0.0000e+00 2.6650e-04 1.0991e-04 0.0000e+00 1.0991e-04 1.9075e-01 0.0000e+00
864 0.0000e+00 3.2630e-04 1.0953e-04 0.0000e+00 1.0953e-04 1.9086e-01 0.0000e+00
865 0.0000e+00 3.6100e-04 1.0916e-04 0.0000e+00 1.0916e-04 1.9097e-01 0.0000e+00
866 0.0000e+00 3.7690e-04 1.0879e-04 0.0000e+00 1.0879e-04 1.9108e-01 0.0000e+00
867 0.0000e+00 3.6100e-04 1.0842e-04 0.0000e+00 1.0842e-04 1.9118e-01 0.0000e+00
868 0.0000e+00 3.2630e-04 1.0805e-04 0.0000e+00 1.0805e-04 1.9129e-01 0.0000e+00
869 0.0000e+00 2.6650e-04 1.0769e-04 0.0000e+00 1.0769e-04 1.9140e-01 0.0000e+00
870 0.0000e+00 1.8830e-04 1.0732e-04 0.0000e+00 1.0732e-04 1.9151e-01 0.0000e+00
871 0.0000e+00 9.1200e-05 1.0696e-04 0.0000e+00 1.0696e-04 1.9161e-01 0.0000e+00
872 0.0000e+00 0.0000e+00 1.0661e-04 0.0000e+00 1.0661e-04 1.9172e-01 0.0000e+00
873 0.0000e+00 0.0000e+00 1.0625e-04 0.0000e+00 1.0625e-04 1.9183e-01 0.0000e+00
874 0.0000e+00 0.0000e+00 1.0590e-04 0.0000e+00 1.0590e-04 1.9193e-01 0.0000e+00
875 0.0000e+00 0.0000e+00 1.0555e-04 0.0000e+00 1.0555e-04 1.9204e-01 0.0000e+00
876 0.0000e+00 0.0000e+00 1.0520e-04 0.0000e+00 1.0520e-04 1.9214e-01 0.0000e+00
877 0.0000e+00 0.0000e+00 1.0486e-04 0.0000e+00 1.0486e-04 1.9225e-01 0.0000e+00
878 0.0000e+00 0.0000e+00 1.0451e-04 0.0000e+00 1.0451e-04 1.9235e-01 0.0000e+00
879 0.0000e+00 0.0000e+00 1.0417e-04 0.0000e+00 1.0417e-04 1.9246e-01 0.0000e+00
880 0.0000e+00 0.0000e+00 1.0384e-04 0.0000e+00 1.0384e-04 1.9256e-01 0.0000e+00
881 0.0000e+00 0.0000e+00 1.0350e-04 0.0000e+00 1.0350e-04 1.9266e-01 0.0000e+00
882 0.0000e+00 0.0000e+00 1.0316e-04 0.0000e+00 1.0316e-04 1.9277e-01 0.0000e+00
883 0.0000e+00 0.0000e+00 1.0283e-04 0.0000e+00 1.0283e-04 1.9287e-01 0.0000e+00
884 0.0000e+00 0.0000e+00 1.0250e-04 0.0000e+00 1.0250e-04 1.9297e-01 0.0000e+00
885 0.0000e+00 6.4300e-05 1.0217e-04 0.0000e+00 1.0217e-04 1.9308e-01 0.0000e+00
886 0.0000e+00 1.2410e-04 1.0185e-04 0.0000e+00 1.0185e-04 1.9318e-01 0.0000e+00
887 0.0000e+00 1.7560e-04 1.0153e-04 0.0000e+00 1.0153e-04 1.9328e-01 0.0000e+00
888 0.0000e+00 2.1500e-04 1.0120e-04 0.0000e+00 1.0120e-04 1.9338e-01 0.0000e+00
889 0.0000e+00 2.3790e-04 1.0088e-04 0.0000e+00 1.0088e-04 1.9348e-01 0.0000e+00
890 0.0000e+00 2.4840e-04 1.0057e-04 0.0000e+00 1.0057e-04 1.9358e-01 0.0000e+00
891 0.0000e+00 2.3790e-04 1.0025e-04 0.0000e+00 1.0025e-04 1.9368e-01 0.0000e+00
892 0.0000e+00 2.1500e-04 9.9938e-05 0.0000e+00 9.9938e-05 1.9378e-01 0.0000e+00
893 0.0000e+00 1.7560e-04 9.9626e-05 0.0000e+00 9.9626e-05 1.9388e-01 0.0000e+00
894 0.0000e+00 1.2410e-04 9.9316e-05 0.0000e+00 9.9316e-05 1.9398e-01 0.0000e+00
895 0.0000e+00 6.0100e-05 9.9009e-05 0.0000e+00 9.9009e-05 1.9408e-01 0.0000e+00
896 0.0000e+00 0.0000e+00 9.8703e-05 0.0000e+00 9.8703e-05 1.9418e-01 0.0000e+00
897 0.0000e+00 0.0000e+00 9.8399e-05 0.0000e+00 9.8399e-05 1.9428e-01 0.0000e+00
898 0.0000e+00 0.0000e+00 9.8097e-05 0.0000e+00 9.8097e-05 1.9437e-01 0.0000e+00
899 0.0000e+00 0.0000e+00 9.7796e-05 0.0000e+00 9.7796e-05 1.9447e-01 0.0000e+00
900 0.0000e+00 0.0000e+00 9.7498e-05 0.0000e+00 9.7498e-05 1.9457e-01 0.0000e+00
901 0.0000e+00 0.0000e+00 9.7201e-05 0.0000e+00 9.7201e-05 1.9467e-01 0.0000e+00
902 0.0000e+00 0.0000e+00 9.6907e-05 0.0000e+00 9.6907e-05 1.9476e-01 0.0000e+00
903 0.0000e+00 0.0000e+00 9.6614e-05 0.0000e+00 9.6614e-05 1.9486e-01 0.0000e+00
904 0.0000e+00 0.0000e+00 9.6322e-05 0.0000e+00 9.6322e-05 1.9496e-01 0.0000e+00
905 0.0000e+00 0.0000e+00 9.6033e-05 0.0000e+00 9.6033e-05 1.9505e-01 0.0000e+00
906 0.0000e+00 0.0000e+00 9.5745e-05 0.0000e+00 9.5745e-05 1.9515e-01 0.0000e+00
907 0.0000e+00 0.0000e+00 9.5459e-05 0.0000e+00 9.5459e-05 1.9524e-01 0.0000e+00
908 0.0000e+00 0.0000e+00 9.5175e-05 0.0000e+00 9.5175e-05 1.9534e-01 0.0000e+00
909 0.0000e+00 8.0200e-05 9.4892e-05 0.0000e+00 9.4892e-05 1.9543e-01 0.0000e+00
910 0.0000e+00 1.5480e-04 9.4611e-05 0.0000e+00 9.4611e-05 1.9553e-01 0.0000e+00
911 0.0000e+00 2.1910e-04 9.4332e-05 0.0000e+00 9.4332e-05 1.9562e-01 0.0000e+00
912 0.0000e+00 2.6830e-04 9.4054e-05 0.0000e+00 9.4054e-05 1.9572e-01 0.0000e+00
913 0.0000e+00 2.9680e-04 9.3778e-05 0.0000e+00 9.3778e-05 1.9581e-01 0.0000e+00
914 0.0000e+00 3.0990e-04 9.3504e-05 0.0000e+00 9.3504e-05 1.9590e-01 0.0000e+00
915 0.0000e+00 2.9680e-04 9.3231e-05 0.0000e+00 9.3231e-05 1.9600e-01 0.0000e+00
916 0.0000e+00 2.6830e-04 9.2960e-05 0.0000e+00 9.2960e-05 1.9609e-01 0.0000e+00
917 0.0000e+00 2.1910e-04 9.2690e-05 0.0000e+00 9.2690e-05 1.9618e-01 0.0000e+00
918 0.0000e+00 1.5480e-04 9.2422e-05 0.0000e+00 9.2422e-05 1.9628e-01 0.0000e+00
919 0.0000e+00 7.5000e-05 9.2155e-05 0.0000e+00 9.2155e-05 1.9637e-01 0.0000e+00
920 0.0000e+00 0.0000e+00 9.1890e-05 0.0000e+00 9.1890e-05 1.9646e-01 0.0000e+00
921 0.0000e+00 0.0000e+00 9.1627e-05 0.0000e+00 9.1627e-05 1.9655e-01 0.0000e+00
922 0.0000e+00 0.0000e+00 9.1365e-05 0.0000e+00 9.1365e-05 1.9664e-01 0.0000e+00
923 0.0000e+00 0.0000e+00 9.1104e-05 0.0000e+00 9.1104e-05 1.9673e-01 0.0000e+00
924 0.0000e+00 0.0000e+00 9.0845e-05 0.0000e+00 9.0845e-05 1.9682e-01 0.0000e+00
925 0.0000e+00 0.0000e+00 9.0588e-05 0.0000e+00 9.0588e-05 1.9692e-01 0.0000e+00
926 0.0000e+00 0.0000e+00 9.0332e-05 0.0000e+00 9.0332e-05 1.9701e-01 0.0000e+00
927 0.0000e+00 0.0000e+00 9.0077e-05 0.0000e+00 9.0077e-05 1.9710e-01 0.0000e+00
928 0.0000e+00 0.0000e+00 8.9824e-05 0.0000e+00 8.9824e-05 1.9719e-01 0.0000e+00
929 0.0000e+00 0.0000e+00 8.9572e-05 0.0000e+00 8.9572e-05 1.9727e-01 0.0000e+00
930 0.0000e+00 0.0000e+00 8.9322e-05 0.0000e+00 8.9322e-05 1.9736e-01 0.0000e+00
931 0.0000e+00 0.0000e+00 8.9073e-05 0.0000e+00 8.9073e-05 1.9745e-01 0.0000e+00
932 0.0000e+00 0.0000e+00 8.8825e-05 0.0000e+00 8.8825e-05 1.9754e-01 0.0000e+00
933 0.0000e+00 9.6000e-05 8.8579e-05 0.0000e+00 8.8579e-05 1.9763e-01 0.0000e+00
934 0.0000e+00 1.8520e-04 8.8334e-05 0.0000e+00 8.8334e-05 1.9772e-01 0.0000e+00
935 0.0000e+00 2.6210e-04 8.8091e-05 0.0000e+00 8.8091e-05 1.9781e-01 0.0000e+00
936 0.0000e+00 3.2090e-04 8.7848e-05 0.0000e+00 8.7848e-05 1.9790e-01 0.0000e+00
937 0.0000e+00 3.5500e-04 8.7608e-05 0.0000e+00 8.7608e-05 1.9798e-01 0.0000e+00
938 0.0000e+00 3.7070e-04 8.7368e-05 0.0000e+00 8.7368e-05 1.9807e-01 0.0000e+00
939 0.0000e+00 3.5500e-04 8.7130e-05 0.0000e+00 8.7130e-05 1.9816e-01 0.0000e+00
940 0.0000e+00 3.2090e-04 8.6893e-05 0.0000e+00 8.6893e-05 1.9824e-01 0.0000e+00
941 0.0000e+00 2.6210e-04 8.6657e-05 0.0000e+00 8.6657e-05 1.9833e-01 0.0000e+00
942 0.0000e+00 1.8520e-04 8.6423e-05 0.0000e+00 8.6423e-05 1.9842e-01 0.0000e+00
943 0.0000e+00 8.9700e-05 8.6190e-05 0.0000e+00 8.6190e-05 1.9850e-01 0.0000e+00
944 0.0000e+00 0.0000e+00 8.5958e-05 0.0000e+00 8.5958e-05 1.9859e-01 0.0000e+00
945 0.0000e+00 0.0000e+00 8.5727e-05 0.0000e+00 8.5727e-05 1.9868e-01 0.0000e+00
946 0.0000e+00 0.0000e+00 8.5498e-05 0.0000e+00 8.5498e-05 1.9876e-01 0.0000e+00
947 0.0000e+00 0.0000e+00 8.5270e-05 0.0000e+00 8.5270e-05 1.9885e-01 0.0000e+00
948 0.0000e+00 0.0000e+00 8.5043e-05 0.0000e+00 8.5043e-05 1.9893e-01 0.0000e+00
949 0.0000e+00 0.0000e+00 8.4817e-05 0.0000e+00 8.4817e-05 1.9902e-01 0.0000e+00
950 0.0000e+00 0.0000e+00 8.4593e-05 0.0000e+00 8.4593e-05 1.9910e-01 0.0000e+00
Objective function values:
F1 1.260458e-06    NSE 0.78332   F2 2.588627e-02
Mean Obs Q 1.590065e-04   Variance Obs Q 6.123405e-09
    Error Variance 1.326798e-09

Water Balance for Subcatchment: Extracted study basin: Taegu Pyungkwang River

   SUMP       SUMAE      SUMQ       SUMRZ      SUMUZ      SBAR        BAL
1.890e-01  4.646e-02  1.293e-01  1.967e-02  0.000e+00  1.991e-01  7.152e-04
