Taegu Pyungkwang River Catchment: Calibration Data

Subcatchment : Extracted study basin: cat-10329

TL =     7.09
SUMAC =     1.00
SZQ =       0.12422
Subcatchment routing data:
Maximum Routing Delay       0.38822
Sum of Histogram ordinates:     1.0000
     1.00000 
Initial BAL             -0.26566
Initial SBAR             0.26366
Initial SR0              0.00200
it      p        ep       q(it)       quz      q       sbar       qof
1 0.0000e+00 6.1900e-05 3.2800e-05 0.0000e+00 3.2800e-05 2.6369e-01 0.0000e+00
2 0.0000e+00 6.4700e-05 3.2766e-05 0.0000e+00 3.2766e-05 2.6373e-01 0.0000e+00
3 1.0000e-03 6.1900e-05 3.2733e-05 0.0000e+00 3.2733e-05 2.6376e-01 0.0000e+00
4 1.0000e-03 5.6000e-05 3.2699e-05 0.0000e+00 3.2699e-05 2.6379e-01 0.0000e+00
5 1.0000e-03 4.5700e-05 3.4271e-05 6.5053e-05 3.2666e-05 2.6376e-01 1.6047e-06
6 5.0000e-04 3.2300e-05 3.3655e-05 9.4290e-05 3.2699e-05 2.6370e-01 9.5641e-07
7 5.0000e-04 1.5600e-05 3.3747e-05 1.2317e-04 3.2762e-05 2.6361e-01 9.8462e-07
8 0.0000e+00 0.0000e+00 3.2855e-05 1.0966e-04 3.2855e-05 2.6353e-01 0.0000e+00
9 5.0000e-04 0.0000e+00 3.3954e-05 1.4122e-04 3.2934e-05 2.6342e-01 1.0198e-06
10 5.0000e-04 0.0000e+00 3.4098e-05 1.6941e-04 3.3045e-05 2.6328e-01 1.0526e-06
11 0.0000e+00 0.0000e+00 3.3186e-05 1.5219e-04 3.3186e-05 2.6317e-01 0.0000e+00
12 0.0000e+00 0.0000e+00 3.3310e-05 1.3904e-04 3.3310e-05 2.6306e-01 0.0000e+00
13 1.0000e-03 0.0000e+00 3.5526e-05 2.1317e-04 3.3420e-05 2.6288e-01 2.1052e-06
14 5.0000e-04 0.0000e+00 3.4661e-05 2.3313e-04 3.3609e-05 2.6268e-01 1.0526e-06
15 5.0000e-04 0.0000e+00 3.4871e-05 2.5334e-04 3.3819e-05 2.6246e-01 1.0526e-06
16 1.0000e-03 0.0000e+00 3.6157e-05 3.1507e-04 3.4052e-05 2.6218e-01 2.1052e-06
17 0.0000e+00 0.0000e+00 3.4352e-05 2.8307e-04 3.4352e-05 2.6193e-01 0.0000e+00
18 0.0000e+00 0.0000e+00 3.4620e-05 2.5885e-04 3.4620e-05 2.6171e-01 0.0000e+00
19 0.0000e+00 0.0000e+00 3.4863e-05 2.3752e-04 3.4863e-05 2.6150e-01 0.0000e+00
20 0.0000e+00 0.0000e+00 3.5085e-05 2.1838e-04 3.5085e-05 2.6132e-01 0.0000e+00
21 0.0000e+00 1.8000e-05 3.5286e-05 2.0101e-04 3.5286e-05 2.6116e-01 0.0000e+00
22 0.0000e+00 3.4800e-05 3.5470e-05 1.8518e-04 3.5470e-05 2.6101e-01 0.0000e+00
23 0.0000e+00 4.9200e-05 3.5636e-05 1.7069e-04 3.5636e-05 2.6087e-01 0.0000e+00
24 3.0000e-03 6.0200e-05 4.1888e-05 4.0877e-04 3.5787e-05 2.6050e-01 6.1011e-06
25 2.0000e-03 6.6600e-05 4.0290e-05 5.2742e-04 3.6206e-05 2.6001e-01 4.0837e-06
26 5.5000e-03 6.9600e-05 4.8205e-05 9.4379e-04 3.6766e-05 2.5910e-01 1.1439e-05
27 6.0000e-03 6.6600e-05 5.0308e-05 1.3517e-03 3.7823e-05 2.5779e-01 1.2485e-05
28 1.0000e-03 6.0200e-05 4.1374e-05 1.2831e-03 3.9409e-05 2.5654e-01 1.9650e-06
29 2.5000e-03 4.9200e-05 4.6107e-05 1.3823e-03 4.0971e-05 2.5520e-01 5.1364e-06
30 0.0000e+00 3.4800e-05 4.2724e-05 1.2512e-03 4.2724e-05 2.5399e-01 0.0000e+00
31 0.0000e+00 1.6800e-05 4.4369e-05 1.1470e-03 4.4369e-05 2.5289e-01 0.0000e+00
32 1.0000e-03 0.0000e+00 4.7817e-05 1.1360e-03 4.5924e-05 2.5180e-01 1.8932e-06
33 5.0000e-04 0.0000e+00 4.8568e-05 1.0835e-03 4.7516e-05 2.5076e-01 1.0526e-06
34 0.0000e+00 0.0000e+00 4.9079e-05 9.9193e-04 4.9079e-05 2.4982e-01 0.0000e+00
35 0.0000e+00 0.0000e+00 5.0547e-05 9.1222e-04 5.0547e-05 2.4896e-01 0.0000e+00
36 0.0000e+00 0.0000e+00 5.1926e-05 8.3929e-04 5.1926e-05 2.4817e-01 0.0000e+00
37 0.0000e+00 0.0000e+00 5.3220e-05 7.7237e-04 5.3220e-05 2.4745e-01 0.0000e+00
38 0.0000e+00 0.0000e+00 5.4429e-05 7.1087e-04 5.4429e-05 2.4680e-01 0.0000e+00
39 0.0000e+00 0.0000e+00 5.5557e-05 6.5430e-04 5.5557e-05 2.4620e-01 0.0000e+00
40 0.0000e+00 0.0000e+00 5.6607e-05 6.0224e-04 5.6607e-05 2.4565e-01 0.0000e+00
41 0.0000e+00 0.0000e+00 5.7580e-05 5.5432e-04 5.7580e-05 2.4515e-01 0.0000e+00
42 0.0000e+00 0.0000e+00 5.8481e-05 5.1021e-04 5.8481e-05 2.4470e-01 0.0000e+00
43 0.0000e+00 0.0000e+00 5.9312e-05 4.6962e-04 5.9312e-05 2.4429e-01 0.0000e+00
44 0.0000e+00 0.0000e+00 6.0078e-05 4.3225e-04 6.0078e-05 2.4392e-01 0.0000e+00
45 0.0000e+00 3.3800e-05 6.0781e-05 3.9786e-04 6.0781e-05 2.4358e-01 0.0000e+00
46 1.0000e-03 6.5200e-05 6.6092e-05 4.5556e-04 6.1424e-05 2.4319e-01 4.6677e-06
47 0.0000e+00 9.2300e-05 6.2185e-05 4.1212e-04 6.2185e-05 2.4284e-01 0.0000e+00
48 5.0000e-04 1.1300e-04 6.4524e-05 4.0964e-04 6.2869e-05 2.4249e-01 1.6552e-06
49 0.0000e+00 1.2500e-04 6.3554e-05 3.7359e-04 6.3554e-05 2.4218e-01 0.0000e+00
50 1.0000e-03 1.3050e-04 6.7855e-05 4.1383e-04 6.4173e-05 2.4183e-01 3.6826e-06
51 2.5000e-03 1.2500e-04 7.6325e-05 5.9561e-04 6.4878e-05 2.4130e-01 1.1447e-05
52 3.0000e-03 1.1300e-04 7.9852e-05 7.9735e-04 6.5963e-05 2.4057e-01 1.3889e-05
53 2.5000e-03 9.2300e-05 7.9019e-05 9.3113e-04 6.7488e-05 2.3971e-01 1.1532e-05
54 3.0000e-03 6.5200e-05 8.3381e-05 1.1058e-03 6.9334e-05 2.3867e-01 1.4047e-05
55 2.5000e-03 3.1600e-05 8.3379e-05 1.2181e-03 7.1617e-05 2.3752e-01 1.1762e-05
56 2.0000e-03 0.0000e+00 8.3738e-05 1.2802e-03 7.4229e-05 2.3632e-01 9.5093e-06
57 1.0000e-03 0.0000e+00 8.1911e-05 1.2482e-03 7.7080e-05 2.3515e-01 4.8310e-06
58 1.0000e-03 0.0000e+00 8.4784e-05 1.2278e-03 7.9953e-05 2.3400e-01 4.8310e-06
59 0.0000e+00 0.0000e+00 8.2873e-05 1.1122e-03 8.2873e-05 2.3297e-01 0.0000e+00
60 5.0000e-04 0.0000e+00 8.7998e-05 1.0653e-03 8.5582e-05 2.3199e-01 2.4155e-06
61 5.0000e-04 0.0000e+00 9.2925e-05 1.0164e-03 8.8243e-05 2.3106e-01 4.6825e-06
62 0.0000e+00 0.0000e+00 9.0840e-05 9.2615e-04 9.0840e-05 2.3023e-01 0.0000e+00
63 0.0000e+00 0.0000e+00 9.3242e-05 8.4634e-04 9.3242e-05 2.2947e-01 0.0000e+00
64 0.0000e+00 0.0000e+00 9.5463e-05 7.7367e-04 9.5463e-05 2.2880e-01 0.0000e+00
65 0.0000e+00 0.0000e+00 9.7508e-05 7.0737e-04 9.7508e-05 2.2819e-01 0.0000e+00
66 0.0000e+00 0.0000e+00 9.9384e-05 6.4681e-04 9.9384e-05 2.2764e-01 0.0000e+00
67 0.0000e+00 0.0000e+00 1.0110e-04 5.9146e-04 1.0110e-04 2.2715e-01 0.0000e+00
68 0.0000e+00 0.0000e+00 1.0266e-04 5.4088e-04 1.0266e-04 2.2671e-01 0.0000e+00
69 0.0000e+00 4.1400e-05 1.0408e-04 4.9463e-04 1.0408e-04 2.2632e-01 0.0000e+00
70 0.0000e+00 7.9800e-05 1.0535e-04 4.5236e-04 1.0535e-04 2.2597e-01 0.0000e+00
71 0.0000e+00 1.1290e-04 1.0650e-04 4.1372e-04 1.0650e-04 2.2566e-01 0.0000e+00
72 0.0000e+00 1.3830e-04 1.0753e-04 3.7840e-04 1.0753e-04 2.2539e-01 0.0000e+00
73 0.0000e+00 1.5300e-04 1.0844e-04 3.4612e-04 1.0844e-04 2.2516e-01 0.0000e+00
74 0.0000e+00 1.5980e-04 1.0925e-04 3.1662e-04 1.0925e-04 2.2495e-01 0.0000e+00
75 0.0000e+00 1.5300e-04 1.0996e-04 2.8966e-04 1.0996e-04 2.2477e-01 0.0000e+00
76 0.0000e+00 1.3830e-04 1.1058e-04 2.6502e-04 1.1058e-04 2.2461e-01 0.0000e+00
77 0.0000e+00 1.1290e-04 1.1112e-04 2.4250e-04 1.1112e-04 2.2448e-01 0.0000e+00
78 0.0000e+00 7.9800e-05 1.1157e-04 2.2192e-04 1.1157e-04 2.2437e-01 0.0000e+00
79 0.0000e+00 3.8700e-05 1.1196e-04 2.0311e-04 1.1196e-04 2.2428e-01 0.0000e+00
80 0.0000e+00 0.0000e+00 1.1228e-04 1.8592e-04 1.1228e-04 2.2421e-01 0.0000e+00
81 0.0000e+00 0.0000e+00 1.1254e-04 1.7020e-04 1.1254e-04 2.2415e-01 0.0000e+00
82 0.0000e+00 0.0000e+00 1.1274e-04 1.5584e-04 1.1274e-04 2.2411e-01 0.0000e+00
83 0.0000e+00 0.0000e+00 1.1289e-04 1.4271e-04 1.1289e-04 2.2408e-01 0.0000e+00
84 0.0000e+00 0.0000e+00 1.1300e-04 1.3070e-04 1.1300e-04 2.2406e-01 0.0000e+00
85 0.0000e+00 0.0000e+00 1.1306e-04 1.1972e-04 1.1306e-04 2.2405e-01 0.0000e+00
86 0.0000e+00 0.0000e+00 1.1308e-04 1.0968e-04 1.1308e-04 2.2406e-01 0.0000e+00
87 0.0000e+00 0.0000e+00 1.1307e-04 1.0050e-04 1.1307e-04 2.2407e-01 0.0000e+00
88 0.0000e+00 0.0000e+00 1.1303e-04 9.2098e-05 1.1303e-04 2.2409e-01 0.0000e+00
89 0.0000e+00 0.0000e+00 1.1295e-04 8.4413e-05 1.1295e-04 2.2412e-01 0.0000e+00
90 0.0000e+00 0.0000e+00 1.1285e-04 7.7383e-05 1.1285e-04 2.2415e-01 0.0000e+00
91 0.0000e+00 0.0000e+00 1.1273e-04 7.0949e-05 1.1273e-04 2.2420e-01 0.0000e+00
92 0.0000e+00 0.0000e+00 1.1258e-04 6.5060e-05 1.1258e-04 2.2424e-01 0.0000e+00
93 0.0000e+00 1.9100e-05 1.1241e-04 5.9670e-05 1.1241e-04 2.2430e-01 0.0000e+00
94 0.0000e+00 3.6800e-05 1.1223e-04 5.4735e-05 1.1223e-04 2.2435e-01 0.0000e+00
95 0.0000e+00 5.2100e-05 1.1203e-04 5.0216e-05 1.1203e-04 2.2442e-01 0.0000e+00
96 0.0000e+00 6.3800e-05 1.1181e-04 4.6078e-05 1.1181e-04 2.2448e-01 0.0000e+00
97 5.0000e-04 7.0600e-05 1.1158e-04 4.2287e-05 1.1158e-04 2.2455e-01 0.0000e+00
98 5.0000e-04 7.3700e-05 1.1134e-04 3.8815e-05 1.1134e-04 2.2462e-01 0.0000e+00
99 0.0000e+00 7.0600e-05 1.1109e-04 3.5633e-05 1.1109e-04 2.2470e-01 0.0000e+00
100 0.0000e+00 6.3800e-05 1.1083e-04 3.2718e-05 1.1083e-04 2.2478e-01 0.0000e+00
101 0.0000e+00 5.2100e-05 1.1056e-04 3.0045e-05 1.1056e-04 2.2486e-01 0.0000e+00
102 0.0000e+00 3.6800e-05 1.1028e-04 2.7596e-05 1.1028e-04 2.2494e-01 0.0000e+00
103 0.0000e+00 1.7800e-05 1.0999e-04 2.5350e-05 1.0999e-04 2.2502e-01 0.0000e+00
104 0.0000e+00 0.0000e+00 1.0970e-04 2.3290e-05 1.0970e-04 2.2511e-01 0.0000e+00
105 0.0000e+00 0.0000e+00 1.0941e-04 2.1401e-05 1.0941e-04 2.2520e-01 0.0000e+00
106 0.0000e+00 0.0000e+00 1.0911e-04 1.9669e-05 1.0911e-04 2.2529e-01 0.0000e+00
107 0.0000e+00 0.0000e+00 1.0880e-04 1.8079e-05 1.0880e-04 2.2538e-01 0.0000e+00
108 0.0000e+00 0.0000e+00 1.0849e-04 1.6620e-05 1.0849e-04 2.2547e-01 0.0000e+00
109 0.0000e+00 0.0000e+00 1.0818e-04 1.5281e-05 1.0818e-04 2.2556e-01 0.0000e+00
110 0.0000e+00 0.0000e+00 1.0787e-04 1.4053e-05 1.0787e-04 2.2566e-01 0.0000e+00
111 5.0000e-04 0.0000e+00 1.0755e-04 1.2924e-05 1.0755e-04 2.2575e-01 0.0000e+00
112 0.0000e+00 0.0000e+00 1.0724e-04 1.1889e-05 1.0724e-04 2.2585e-01 0.0000e+00
113 0.0000e+00 0.0000e+00 1.0692e-04 1.0937e-05 1.0692e-04 2.2594e-01 0.0000e+00
114 0.0000e+00 0.0000e+00 1.0660e-04 1.0064e-05 1.0660e-04 2.2604e-01 0.0000e+00
115 0.0000e+00 0.0000e+00 1.0628e-04 9.2613e-06 1.0628e-04 2.2614e-01 0.0000e+00
116 0.0000e+00 0.0000e+00 1.0595e-04 8.5239e-06 1.0595e-04 2.2623e-01 0.0000e+00
117 0.0000e+00 1.0200e-05 1.0563e-04 7.8464e-06 1.0563e-04 2.2633e-01 0.0000e+00
118 0.0000e+00 1.9800e-05 1.0531e-04 7.2236e-06 1.0531e-04 2.2643e-01 0.0000e+00
119 0.0000e+00 2.8000e-05 1.0499e-04 6.6512e-06 1.0499e-04 2.2653e-01 0.0000e+00
120 0.0000e+00 3.4200e-05 1.0466e-04 6.1251e-06 1.0466e-04 2.2663e-01 0.0000e+00
121 0.0000e+00 3.7900e-05 1.0434e-04 5.6413e-06 1.0434e-04 2.2673e-01 0.0000e+00
122 0.0000e+00 3.9500e-05 1.0402e-04 5.1964e-06 1.0402e-04 2.2683e-01 0.0000e+00
123 0.0000e+00 3.7900e-05 1.0370e-04 4.7872e-06 1.0370e-04 2.2692e-01 0.0000e+00
124 0.0000e+00 3.4200e-05 1.0338e-04 4.4109e-06 1.0338e-04 2.2702e-01 0.0000e+00
125 0.0000e+00 2.8000e-05 1.0306e-04 4.0646e-06 1.0306e-04 2.2712e-01 0.0000e+00
126 0.0000e+00 1.9800e-05 1.0274e-04 3.7460e-06 1.0274e-04 2.2722e-01 0.0000e+00
127 0.0000e+00 9.6000e-06 1.0243e-04 3.4528e-06 1.0243e-04 2.2732e-01 0.0000e+00
128 0.0000e+00 0.0000e+00 1.0211e-04 3.1828e-06 1.0211e-04 2.2742e-01 0.0000e+00
129 0.0000e+00 0.0000e+00 1.0179e-04 2.9344e-06 1.0179e-04 2.2752e-01 0.0000e+00
130 0.0000e+00 0.0000e+00 1.0148e-04 2.7058e-06 1.0148e-04 2.2762e-01 0.0000e+00
131 0.0000e+00 0.0000e+00 1.0117e-04 2.4953e-06 1.0117e-04 2.2772e-01 0.0000e+00
132 0.0000e+00 0.0000e+00 1.0086e-04 2.3014e-06 1.0086e-04 2.2781e-01 0.0000e+00
133 0.0000e+00 0.0000e+00 1.0055e-04 2.1229e-06 1.0055e-04 2.2791e-01 0.0000e+00
134 0.0000e+00 0.0000e+00 1.0024e-04 1.9584e-06 1.0024e-04 2.2801e-01 0.0000e+00
135 0.0000e+00 0.0000e+00 9.9930e-05 1.8069e-06 9.9930e-05 2.2811e-01 0.0000e+00
136 0.0000e+00 0.0000e+00 9.9624e-05 1.6673e-06 9.9624e-05 2.2821e-01 0.0000e+00
137 0.0000e+00 0.0000e+00 9.9319e-05 1.5387e-06 9.9319e-05 2.2830e-01 0.0000e+00
138 0.0000e+00 0.0000e+00 9.9016e-05 1.4202e-06 9.9016e-05 2.2840e-01 0.0000e+00
139 0.0000e+00 0.0000e+00 9.8715e-05 1.3107e-06 9.8715e-05 2.2850e-01 0.0000e+00
140 0.0000e+00 0.0000e+00 9.8415e-05 1.2100e-06 9.8415e-05 2.2860e-01 0.0000e+00
141 5.0000e-04 4.1400e-05 9.8116e-05 1.1172e-06 9.8116e-05 2.2869e-01 0.0000e+00
142 0.0000e+00 7.9900e-05 9.7819e-05 1.0316e-06 9.7819e-05 2.2879e-01 0.0000e+00
143 0.0000e+00 1.1300e-04 9.7524e-05 9.5264e-07 9.7524e-05 2.2889e-01 0.0000e+00
144 0.0000e+00 1.3840e-04 9.7230e-05 8.7985e-07 9.7230e-05 2.2898e-01 0.0000e+00
145 0.0000e+00 1.5310e-04 9.6938e-05 8.1271e-07 9.6938e-05 2.2908e-01 0.0000e+00
146 0.0000e+00 1.5990e-04 9.6647e-05 7.5077e-07 9.6647e-05 2.2918e-01 0.0000e+00
147 0.0000e+00 1.5310e-04 9.6358e-05 6.9363e-07 9.6358e-05 2.2927e-01 0.0000e+00
148 0.0000e+00 1.3840e-04 9.6070e-05 6.4090e-07 9.6070e-05 2.2937e-01 0.0000e+00
149 0.0000e+00 1.1300e-04 9.5784e-05 5.9190e-07 9.5784e-05 2.2946e-01 0.0000e+00
150 0.0000e+00 7.9900e-05 9.5500e-05 5.4703e-07 9.5500e-05 2.2956e-01 0.0000e+00
151 0.0000e+00 3.8700e-05 9.5217e-05 5.0562e-07 9.5217e-05 2.2965e-01 0.0000e+00
152 0.0000e+00 0.0000e+00 9.4935e-05 4.6739e-07 9.4935e-05 2.2975e-01 0.0000e+00
153 0.0000e+00 0.0000e+00 9.4655e-05 4.3209e-07 9.4655e-05 2.2984e-01 0.0000e+00
154 0.0000e+00 0.0000e+00 9.4377e-05 3.9950e-07 9.4377e-05 2.2993e-01 0.0000e+00
155 0.0000e+00 0.0000e+00 9.4100e-05 3.6940e-07 9.4100e-05 2.3003e-01 0.0000e+00
156 0.0000e+00 0.0000e+00 9.3825e-05 3.4161e-07 9.3825e-05 2.3012e-01 0.0000e+00
157 0.0000e+00 0.0000e+00 9.3551e-05 3.1593e-07 9.3551e-05 2.3021e-01 0.0000e+00
158 0.0000e+00 0.0000e+00 9.3279e-05 2.9222e-07 9.3279e-05 2.3031e-01 0.0000e+00
159 0.0000e+00 0.0000e+00 9.3009e-05 2.7031e-07 9.3009e-05 2.3040e-01 0.0000e+00
160 0.0000e+00 0.0000e+00 9.2739e-05 2.4961e-07 9.2739e-05 2.3049e-01 0.0000e+00
161 0.0000e+00 0.0000e+00 9.2472e-05 2.3096e-07 9.2472e-05 2.3058e-01 0.0000e+00
162 0.0000e+00 0.0000e+00 9.2206e-05 2.1371e-07 9.2206e-05 2.3068e-01 0.0000e+00
163 0.0000e+00 0.0000e+00 9.1941e-05 1.9778e-07 9.1941e-05 2.3077e-01 0.0000e+00
164 0.0000e+00 0.0000e+00 9.1678e-05 1.8304e-07 9.1678e-05 2.3086e-01 0.0000e+00
165 0.0000e+00 1.7800e-05 9.1416e-05 1.6942e-07 9.1416e-05 2.3095e-01 0.0000e+00
166 0.0000e+00 3.4400e-05 9.1156e-05 1.5683e-07 9.1156e-05 2.3104e-01 0.0000e+00
167 0.0000e+00 4.8600e-05 9.0897e-05 1.4519e-07 9.0897e-05 2.3113e-01 0.0000e+00
168 0.0000e+00 5.9500e-05 9.0639e-05 1.3442e-07 9.0639e-05 2.3122e-01 0.0000e+00
169 0.0000e+00 6.5900e-05 9.0383e-05 1.2446e-07 9.0383e-05 2.3131e-01 0.0000e+00
170 0.0000e+00 6.8800e-05 9.0129e-05 1.1525e-07 9.0129e-05 2.3140e-01 0.0000e+00
171 0.0000e+00 6.5900e-05 8.9876e-05 1.0596e-07 8.9876e-05 2.3149e-01 0.0000e+00
172 0.0000e+00 5.9500e-05 8.9624e-05 9.8159e-08 8.9624e-05 2.3158e-01 0.0000e+00
173 0.0000e+00 4.8600e-05 8.9374e-05 9.0936e-08 8.9374e-05 2.3167e-01 0.0000e+00
174 0.0000e+00 3.4400e-05 8.9125e-05 8.4252e-08 8.9125e-05 2.3176e-01 0.0000e+00
175 0.0000e+00 1.6600e-05 8.8877e-05 7.8065e-08 8.8877e-05 2.3185e-01 0.0000e+00
176 0.0000e+00 0.0000e+00 8.8631e-05 7.2338e-08 8.8631e-05 2.3194e-01 0.0000e+00
177 0.0000e+00 0.0000e+00 8.8386e-05 6.7036e-08 8.8386e-05 2.3203e-01 0.0000e+00
178 0.0000e+00 0.0000e+00 8.8142e-05 6.2128e-08 8.8142e-05 2.3212e-01 0.0000e+00
179 0.0000e+00 0.0000e+00 8.7900e-05 5.7584e-08 8.7900e-05 2.3220e-01 0.0000e+00
180 0.0000e+00 0.0000e+00 8.7659e-05 5.3376e-08 8.7659e-05 2.3229e-01 0.0000e+00
181 0.0000e+00 0.0000e+00 8.7419e-05 4.9480e-08 8.7419e-05 2.3238e-01 0.0000e+00
182 0.0000e+00 0.0000e+00 8.7181e-05 4.4705e-08 8.7181e-05 2.3247e-01 0.0000e+00
183 0.0000e+00 0.0000e+00 8.6944e-05 4.1469e-08 8.6944e-05 2.3255e-01 0.0000e+00
184 0.0000e+00 0.0000e+00 8.6708e-05 3.8469e-08 8.6708e-05 2.3264e-01 0.0000e+00
185 0.0000e+00 0.0000e+00 8.6473e-05 3.5689e-08 8.6473e-05 2.3273e-01 0.0000e+00
186 0.0000e+00 0.0000e+00 8.6240e-05 3.3112e-08 8.6240e-05 2.3281e-01 0.0000e+00
187 0.0000e+00 0.0000e+00 8.6008e-05 3.0723e-08 8.6008e-05 2.3290e-01 0.0000e+00
188 0.0000e+00 0.0000e+00 8.5777e-05 2.8509e-08 8.5777e-05 2.3298e-01 0.0000e+00
189 0.0000e+00 4.5600e-05 8.5548e-05 2.6456e-08 8.5548e-05 2.3307e-01 0.0000e+00
190 5.0000e-04 8.7900e-05 8.5319e-05 2.4552e-08 8.5319e-05 2.3315e-01 0.0000e+00
191 0.0000e+00 1.2440e-04 8.5092e-05 2.2786e-08 8.5092e-05 2.3324e-01 0.0000e+00
192 0.0000e+00 1.5230e-04 8.4866e-05 2.1149e-08 8.4866e-05 2.3332e-01 0.0000e+00
193 0.0000e+00 1.6850e-04 8.4642e-05 1.8223e-08 8.4642e-05 2.3341e-01 0.0000e+00
194 0.0000e+00 1.7590e-04 8.4418e-05 1.6934e-08 8.4418e-05 2.3349e-01 0.0000e+00
195 0.0000e+00 1.6850e-04 8.4196e-05 1.5736e-08 8.4196e-05 2.3358e-01 0.0000e+00
196 0.0000e+00 1.5230e-04 8.3975e-05 1.4624e-08 8.3975e-05 2.3366e-01 0.0000e+00
197 0.0000e+00 1.2440e-04 8.3755e-05 1.3591e-08 8.3755e-05 2.3374e-01 0.0000e+00
198 0.0000e+00 8.7900e-05 8.3536e-05 1.2631e-08 8.3536e-05 2.3383e-01 0.0000e+00
199 0.0000e+00 4.2600e-05 8.3318e-05 1.1740e-08 8.3318e-05 2.3391e-01 0.0000e+00
200 0.0000e+00 0.0000e+00 8.3101e-05 1.0913e-08 8.3101e-05 2.3399e-01 0.0000e+00
201 0.0000e+00 0.0000e+00 8.2886e-05 1.0144e-08 8.2886e-05 2.3408e-01 0.0000e+00
202 0.0000e+00 0.0000e+00 8.2671e-05 9.4301e-09 8.2671e-05 2.3416e-01 0.0000e+00
203 0.0000e+00 0.0000e+00 8.2458e-05 7.3162e-09 8.2458e-05 2.3424e-01 0.0000e+00
204 0.0000e+00 0.0000e+00 8.2246e-05 6.8132e-09 8.2246e-05 2.3432e-01 0.0000e+00
205 0.0000e+00 0.0000e+00 8.2035e-05 6.3450e-09 8.2035e-05 2.3441e-01 0.0000e+00
206 0.0000e+00 0.0000e+00 8.1825e-05 5.9092e-09 8.1825e-05 2.3449e-01 0.0000e+00
207 0.0000e+00 0.0000e+00 8.1616e-05 5.5036e-09 8.1616e-05 2.3457e-01 0.0000e+00
208 0.0000e+00 0.0000e+00 8.1408e-05 5.1260e-09 8.1408e-05 2.3465e-01 0.0000e+00
209 0.0000e+00 0.0000e+00 8.1201e-05 4.7745e-09 8.1201e-05 2.3473e-01 0.0000e+00
210 0.0000e+00 0.0000e+00 8.0995e-05 4.4473e-09 8.0995e-05 2.3481e-01 0.0000e+00
211 0.0000e+00 0.0000e+00 8.0791e-05 4.1427e-09 8.0791e-05 2.3489e-01 0.0000e+00
212 0.0000e+00 0.0000e+00 8.0587e-05 3.8590e-09 8.0587e-05 2.3498e-01 0.0000e+00
213 0.0000e+00 4.9000e-05 8.0384e-05 3.5950e-09 8.0384e-05 2.3506e-01 0.0000e+00
214 0.0000e+00 9.4600e-05 8.0183e-05 2.3247e-09 8.0183e-05 2.3514e-01 0.0000e+00
215 0.0000e+00 1.3380e-04 7.9982e-05 2.1706e-09 7.9982e-05 2.3522e-01 0.0000e+00
216 0.0000e+00 1.6380e-04 7.9782e-05 2.0267e-09 7.9782e-05 2.3530e-01 0.0000e+00
217 0.0000e+00 1.8130e-04 7.9584e-05 1.8924e-09 7.9584e-05 2.3538e-01 0.0000e+00
218 0.0000e+00 1.8920e-04 7.9386e-05 1.7671e-09 7.9386e-05 2.3545e-01 0.0000e+00
219 0.0000e+00 1.8130e-04 7.9189e-05 1.6501e-09 7.9189e-05 2.3553e-01 0.0000e+00
220 0.0000e+00 1.6380e-04 7.8994e-05 1.5409e-09 7.8994e-05 2.3561e-01 0.0000e+00
221 0.0000e+00 1.3380e-04 7.8799e-05 1.4390e-09 7.8799e-05 2.3569e-01 0.0000e+00
222 0.0000e+00 9.4600e-05 7.8605e-05 1.3438e-09 7.8605e-05 2.3577e-01 0.0000e+00
223 0.0000e+00 4.5800e-05 7.8412e-05 1.2550e-09 7.8412e-05 2.3585e-01 0.0000e+00
224 0.0000e+00 0.0000e+00 7.8220e-05 1.1721e-09 7.8220e-05 2.3593e-01 0.0000e+00
225 0.0000e+00 0.0000e+00 7.8029e-05 5.6458e-10 7.8029e-05 2.3600e-01 0.0000e+00
226 0.0000e+00 0.0000e+00 7.7839e-05 5.2865e-10 7.7839e-05 2.3608e-01 0.0000e+00
227 0.0000e+00 0.0000e+00 7.7650e-05 4.9501e-10 7.7650e-05 2.3616e-01 0.0000e+00
228 0.0000e+00 0.0000e+00 7.7462e-05 4.6352e-10 7.7462e-05 2.3624e-01 0.0000e+00
229 0.0000e+00 0.0000e+00 7.7275e-05 4.3405e-10 7.7275e-05 2.3631e-01 0.0000e+00
230 0.0000e+00 0.0000e+00 7.7088e-05 4.0645e-10 7.7088e-05 2.3639e-01 0.0000e+00
231 0.0000e+00 0.0000e+00 7.6903e-05 3.8062e-10 7.6903e-05 2.3647e-01 0.0000e+00
232 0.0000e+00 0.0000e+00 7.6718e-05 3.5644e-10 7.6718e-05 2.3655e-01 0.0000e+00
233 0.0000e+00 0.0000e+00 7.6535e-05 3.3380e-10 7.6535e-05 2.3662e-01 0.0000e+00
234 0.0000e+00 0.0000e+00 7.6352e-05 3.1261e-10 7.6352e-05 2.3670e-01 0.0000e+00
235 0.0000e+00 0.0000e+00 7.6170e-05 2.9276e-10 7.6170e-05 2.3677e-01 0.0000e+00
236 0.0000e+00 0.0000e+00 7.5989e-05 8.8229e-11 7.5989e-05 2.3685e-01 0.0000e+00
237 0.0000e+00 5.1700e-05 7.5808e-05 8.2849e-11 7.5808e-05 2.3693e-01 0.0000e+00
238 0.0000e+00 9.9800e-05 7.5629e-05 7.7799e-11 7.5629e-05 2.3700e-01 0.0000e+00
239 0.0000e+00 1.4120e-04 7.5451e-05 7.3058e-11 7.5451e-05 2.3708e-01 0.0000e+00
240 0.0000e+00 1.7290e-04 7.5273e-05 6.8606e-11 7.5273e-05 2.3715e-01 0.0000e+00
241 5.0000e-04 1.9130e-04 7.5096e-05 6.4427e-11 7.5096e-05 2.3723e-01 0.0000e+00
242 1.0000e-03 1.9970e-04 7.4920e-05 6.0504e-11 7.4920e-05 2.3730e-01 0.0000e+00
243 0.0000e+00 1.9130e-04 7.4745e-05 5.6820e-11 7.4745e-05 2.3738e-01 0.0000e+00
244 0.0000e+00 1.7290e-04 7.4570e-05 5.3362e-11 7.4570e-05 2.3745e-01 0.0000e+00
245 0.0000e+00 1.4120e-04 7.4397e-05 5.0115e-11 7.4397e-05 2.3753e-01 0.0000e+00
246 0.0000e+00 9.9800e-05 7.4224e-05 4.7066e-11 7.4224e-05 2.3760e-01 0.0000e+00
247 0.0000e+00 4.8300e-05 7.4052e-05 4.2177e-12 7.4052e-05 2.3767e-01 0.0000e+00
248 0.0000e+00 0.0000e+00 7.3881e-05 3.9727e-12 7.3881e-05 2.3775e-01 0.0000e+00
249 0.0000e+00 0.0000e+00 7.3711e-05 3.7420e-12 7.3711e-05 2.3782e-01 0.0000e+00
250 0.0000e+00 0.0000e+00 7.3541e-05 3.5247e-12 7.3541e-05 2.3790e-01 0.0000e+00
251 0.0000e+00 0.0000e+00 7.3372e-05 3.3201e-12 7.3372e-05 2.3797e-01 0.0000e+00
252 0.0000e+00 0.0000e+00 7.3204e-05 3.1274e-12 7.3204e-05 2.3804e-01 0.0000e+00
253 1.0000e-03 0.0000e+00 7.3037e-05 2.9460e-12 7.3037e-05 2.3812e-01 0.0000e+00
254 0.0000e+00 0.0000e+00 7.2870e-05 2.7751e-12 7.2870e-05 2.3819e-01 0.0000e+00
255 0.0000e+00 0.0000e+00 7.2705e-05 2.6141e-12 7.2705e-05 2.3826e-01 0.0000e+00
256 0.0000e+00 0.0000e+00 7.2540e-05 2.4625e-12 7.2540e-05 2.3833e-01 0.0000e+00
257 0.0000e+00 0.0000e+00 7.2375e-05 2.3198e-12 7.2375e-05 2.3841e-01 0.0000e+00
258 0.0000e+00 0.0000e+00 7.2212e-05 2.1853e-12 7.2212e-05 2.3848e-01 0.0000e+00
259 0.0000e+00 0.0000e+00 7.2049e-05 0.0000e+00 7.2049e-05 2.3855e-01 0.0000e+00
260 0.0000e+00 0.0000e+00 7.1887e-05 0.0000e+00 7.1887e-05 2.3862e-01 0.0000e+00
261 0.0000e+00 7.5200e-05 7.1726e-05 0.0000e+00 7.1726e-05 2.3869e-01 0.0000e+00
262 1.0000e-03 1.4510e-04 7.1565e-05 0.0000e+00 7.1565e-05 2.3877e-01 0.0000e+00
263 0.0000e+00 2.0520e-04 7.1405e-05 0.0000e+00 7.1405e-05 2.3884e-01 0.0000e+00
264 0.0000e+00 2.5130e-04 7.1246e-05 0.0000e+00 7.1246e-05 2.3891e-01 0.0000e+00
265 0.0000e+00 2.7800e-04 7.1088e-05 0.0000e+00 7.1088e-05 2.3898e-01 0.0000e+00
266 0.0000e+00 2.9030e-04 7.0930e-05 0.0000e+00 7.0930e-05 2.3905e-01 0.0000e+00
267 0.0000e+00 2.7800e-04 7.0773e-05 0.0000e+00 7.0773e-05 2.3912e-01 0.0000e+00
268 0.0000e+00 2.5130e-04 7.0616e-05 0.0000e+00 7.0616e-05 2.3919e-01 0.0000e+00
269 0.0000e+00 2.0520e-04 7.0461e-05 0.0000e+00 7.0461e-05 2.3926e-01 0.0000e+00
270 0.0000e+00 1.4510e-04 7.0306e-05 0.0000e+00 7.0306e-05 2.3933e-01 0.0000e+00
271 0.0000e+00 7.0200e-05 7.0152e-05 0.0000e+00 7.0152e-05 2.3940e-01 0.0000e+00
272 0.0000e+00 0.0000e+00 6.9998e-05 0.0000e+00 6.9998e-05 2.3947e-01 0.0000e+00
273 0.0000e+00 0.0000e+00 6.9845e-05 0.0000e+00 6.9845e-05 2.3954e-01 0.0000e+00
274 0.0000e+00 0.0000e+00 6.9693e-05 0.0000e+00 6.9693e-05 2.3961e-01 0.0000e+00
275 0.0000e+00 0.0000e+00 6.9541e-05 0.0000e+00 6.9541e-05 2.3968e-01 0.0000e+00
276 0.0000e+00 0.0000e+00 6.9390e-05 0.0000e+00 6.9390e-05 2.3975e-01 0.0000e+00
277 0.0000e+00 0.0000e+00 6.9240e-05 0.0000e+00 6.9240e-05 2.3982e-01 0.0000e+00
278 0.0000e+00 0.0000e+00 6.9090e-05 0.0000e+00 6.9090e-05 2.3989e-01 0.0000e+00
279 0.0000e+00 0.0000e+00 6.8941e-05 0.0000e+00 6.8941e-05 2.3996e-01 0.0000e+00
280 0.0000e+00 0.0000e+00 6.8793e-05 0.0000e+00 6.8793e-05 2.4003e-01 0.0000e+00
281 0.0000e+00 0.0000e+00 6.8645e-05 0.0000e+00 6.8645e-05 2.4010e-01 0.0000e+00
282 0.0000e+00 0.0000e+00 6.8498e-05 0.0000e+00 6.8498e-05 2.4016e-01 0.0000e+00
283 1.0000e-03 0.0000e+00 6.8351e-05 0.0000e+00 6.8351e-05 2.4023e-01 0.0000e+00
284 5.0000e-04 0.0000e+00 6.8206e-05 0.0000e+00 6.8206e-05 2.4030e-01 0.0000e+00
285 2.5000e-03 2.4400e-05 6.8836e-05 1.5131e-05 6.8060e-05 2.4035e-01 7.7524e-07
286 6.0000e-03 4.7000e-05 9.6816e-05 5.7581e-04 6.7948e-05 2.3985e-01 2.8868e-05
287 4.0000e-03 6.6500e-05 8.8132e-05 8.5335e-04 6.9035e-05 2.3906e-01 1.9097e-05
288 1.5000e-03 8.1400e-05 7.7673e-05 8.7826e-04 7.0748e-05 2.3825e-01 6.9252e-06
289 0.0000e+00 9.0100e-05 7.2556e-05 7.8372e-04 7.2556e-05 2.3754e-01 0.0000e+00
290 0.0000e+00 9.4000e-05 7.4186e-05 7.1122e-04 7.4186e-05 2.3691e-01 0.0000e+00
291 5.0000e-04 9.0100e-05 7.6813e-05 6.7018e-04 7.5678e-05 2.3631e-01 1.1351e-06
292 0.0000e+00 8.1400e-05 7.7097e-05 6.0907e-04 7.7097e-05 2.3578e-01 0.0000e+00
293 0.0000e+00 6.6500e-05 7.8390e-05 5.5567e-04 7.8390e-05 2.3530e-01 0.0000e+00
294 1.5000e-03 4.7000e-05 8.5666e-05 6.3042e-04 7.9567e-05 2.3475e-01 6.0985e-06
295 1.0000e-03 2.2800e-05 8.5553e-05 6.5702e-04 8.0949e-05 2.3418e-01 4.6039e-06
296 0.0000e+00 0.0000e+00 8.2419e-05 5.9013e-04 8.2419e-05 2.3367e-01 0.0000e+00
297 0.0000e+00 0.0000e+00 8.3738e-05 5.3798e-04 8.3738e-05 2.3321e-01 0.0000e+00
298 0.0000e+00 0.0000e+00 8.4935e-05 4.9098e-04 8.4935e-05 2.3281e-01 0.0000e+00
299 0.0000e+00 0.0000e+00 8.6019e-05 4.4842e-04 8.6019e-05 2.3244e-01 0.0000e+00
300 0.0000e+00 0.0000e+00 8.6999e-05 4.0975e-04 8.6999e-05 2.3212e-01 0.0000e+00
301 0.0000e+00 0.0000e+00 8.7881e-05 3.7456e-04 8.7881e-05 2.3184e-01 0.0000e+00
302 0.0000e+00 0.0000e+00 8.8672e-05 3.4249e-04 8.8672e-05 2.3158e-01 0.0000e+00
303 0.0000e+00 0.0000e+00 8.9378e-05 3.1325e-04 8.9378e-05 2.3136e-01 0.0000e+00
304 0.0000e+00 0.0000e+00 9.0005e-05 2.8658e-04 9.0005e-05 2.3116e-01 0.0000e+00
305 0.0000e+00 0.0000e+00 9.0560e-05 2.6223e-04 9.0560e-05 2.3099e-01 0.0000e+00
306 0.0000e+00 0.0000e+00 9.1047e-05 2.4001e-04 9.1047e-05 2.3084e-01 0.0000e+00
307 0.0000e+00 0.0000e+00 9.1472e-05 2.1971e-04 9.1472e-05 2.3071e-01 0.0000e+00
308 0.0000e+00 0.0000e+00 9.1839e-05 2.0116e-04 9.1839e-05 2.3060e-01 0.0000e+00
309 0.0000e+00 2.8800e-05 9.2154e-05 1.8422e-04 9.2154e-05 2.3051e-01 0.0000e+00
310 5.0000e-04 5.5500e-05 9.6618e-05 2.1150e-04 9.2419e-05 2.3039e-01 4.1994e-06
311 0.0000e+00 7.8500e-05 9.2764e-05 1.9074e-04 9.2764e-05 2.3029e-01 0.0000e+00
312 0.0000e+00 9.6200e-05 9.3048e-05 1.7408e-04 9.3048e-05 2.3021e-01 0.0000e+00
313 0.0000e+00 1.0640e-04 9.3284e-05 1.5908e-04 9.3284e-05 2.3015e-01 0.0000e+00
314 0.0000e+00 1.1110e-04 9.3476e-05 1.4549e-04 9.3476e-05 2.3009e-01 0.0000e+00
315 0.0000e+00 1.0640e-04 9.3628e-05 1.3313e-04 9.3628e-05 2.3006e-01 0.0000e+00
316 0.0000e+00 9.6200e-05 9.3744e-05 1.2187e-04 9.3744e-05 2.3003e-01 0.0000e+00
317 5.0000e-04 7.8500e-05 9.3826e-05 1.1160e-04 9.3826e-05 2.3001e-01 0.0000e+00
318 1.0000e-03 5.5500e-05 1.0114e-04 1.7636e-04 9.3878e-05 2.2993e-01 7.2580e-06
319 5.0000e-04 2.6900e-05 9.8283e-05 1.9880e-04 9.4121e-05 2.2982e-01 4.1627e-06
320 0.0000e+00 0.0000e+00 9.4429e-05 1.7789e-04 9.4429e-05 2.2974e-01 0.0000e+00
321 0.0000e+00 0.0000e+00 9.4676e-05 1.6153e-04 9.4676e-05 2.2967e-01 0.0000e+00
322 1.0000e-03 0.0000e+00 1.0399e-04 2.4028e-04 9.4874e-05 2.2953e-01 9.1130e-06
323 1.0000e-03 0.0000e+00 1.0467e-04 3.0868e-04 9.5306e-05 2.2931e-01 9.3650e-06
324 0.0000e+00 0.0000e+00 9.5943e-05 2.7393e-04 9.5943e-05 2.2914e-01 0.0000e+00
325 0.0000e+00 0.0000e+00 9.6478e-05 2.4805e-04 9.6478e-05 2.2898e-01 0.0000e+00
326 0.0000e+00 0.0000e+00 9.6936e-05 2.2526e-04 9.6936e-05 2.2886e-01 0.0000e+00
327 0.0000e+00 0.0000e+00 9.7326e-05 2.0493e-04 9.7326e-05 2.2875e-01 0.0000e+00
328 0.0000e+00 0.0000e+00 9.7654e-05 1.8664e-04 9.7654e-05 2.2866e-01 0.0000e+00
329 0.0000e+00 0.0000e+00 9.7926e-05 1.7013e-04 9.7926e-05 2.2859e-01 0.0000e+00
330 0.0000e+00 0.0000e+00 9.8147e-05 1.5517e-04 9.8147e-05 2.2853e-01 0.0000e+00
331 0.0000e+00 0.0000e+00 9.8322e-05 1.4162e-04 9.8322e-05 2.2849e-01 0.0000e+00
332 0.0000e+00 0.0000e+00 9.8455e-05 1.2931e-04 9.8455e-05 2.2846e-01 0.0000e+00
333 0.0000e+00 1.1200e-05 9.8550e-05 1.1812e-04 9.8550e-05 2.2844e-01 0.0000e+00
334 0.0000e+00 2.1600e-05 9.8610e-05 1.0794e-04 9.8610e-05 2.2843e-01 0.0000e+00
335 0.0000e+00 3.0600e-05 9.8639e-05 9.8672e-05 9.8639e-05 2.2843e-01 0.0000e+00
336 0.0000e+00 3.7400e-05 9.8639e-05 9.0233e-05 9.8639e-05 2.2843e-01 0.0000e+00
337 0.0000e+00 4.1400e-05 9.8613e-05 8.2541e-05 9.8613e-05 2.2845e-01 0.0000e+00
338 5.0000e-04 4.3200e-05 1.0192e-04 1.1006e-04 9.8564e-05 2.2844e-01 3.3522e-06
339 5.0000e-04 4.1400e-05 1.0288e-04 1.4228e-04 9.8599e-05 2.2840e-01 4.2779e-06
340 1.5000e-03 3.7400e-05 1.1239e-04 2.6720e-04 9.8734e-05 2.2823e-01 1.3660e-05
341 1.5000e-03 3.0600e-05 1.1295e-04 3.7455e-04 9.9255e-05 2.2795e-01 1.3697e-05
342 1.0000e-03 2.1600e-05 1.0919e-04 4.2345e-04 1.0011e-04 2.2763e-01 9.0784e-06
343 5.0000e-04 1.0500e-05 1.0561e-04 4.2303e-04 1.0113e-04 2.2731e-01 4.4802e-06
344 1.0000e-03 0.0000e+00 1.1142e-04 4.7567e-04 1.0215e-04 2.2693e-01 9.2666e-06
345 5.0000e-04 0.0000e+00 1.0803e-04 4.7342e-04 1.0335e-04 2.2656e-01 4.6825e-06
346 0.0000e+00 0.0000e+00 1.0455e-04 4.2561e-04 1.0455e-04 2.2624e-01 0.0000e+00
347 0.0000e+00 0.0000e+00 1.0561e-04 3.8581e-04 1.0561e-04 2.2596e-01 0.0000e+00
348 0.0000e+00 0.0000e+00 1.0654e-04 3.5038e-04 1.0654e-04 2.2572e-01 0.0000e+00
349 0.0000e+00 0.0000e+00 1.0735e-04 3.1855e-04 1.0735e-04 2.2551e-01 0.0000e+00
350 0.0000e+00 0.0000e+00 1.0806e-04 2.8985e-04 1.0806e-04 2.2533e-01 0.0000e+00
351 0.0000e+00 0.0000e+00 1.0868e-04 2.6390e-04 1.0868e-04 2.2517e-01 0.0000e+00
352 0.0000e+00 0.0000e+00 1.0921e-04 2.4040e-04 1.0921e-04 2.2504e-01 0.0000e+00
353 5.0000e-04 0.0000e+00 1.1434e-04 2.6828e-04 1.0965e-04 2.2488e-01 4.6825e-06
354 0.0000e+00 0.0000e+00 1.1020e-04 2.4094e-04 1.1020e-04 2.2475e-01 0.0000e+00
355 0.0000e+00 0.0000e+00 1.1065e-04 2.1901e-04 1.1065e-04 2.2464e-01 0.0000e+00
356 0.0000e+00 0.0000e+00 1.1103e-04 1.9938e-04 1.1103e-04 2.2455e-01 0.0000e+00
357 0.0000e+00 7.2300e-05 1.1133e-04 1.8167e-04 1.1133e-04 2.2448e-01 0.0000e+00
358 0.0000e+00 1.3960e-04 1.1158e-04 1.6562e-04 1.1158e-04 2.2443e-01 0.0000e+00
359 0.0000e+00 1.9750e-04 1.1177e-04 1.5107e-04 1.1177e-04 2.2439e-01 0.0000e+00
360 0.0000e+00 2.4180e-04 1.1190e-04 1.3785e-04 1.1190e-04 2.2436e-01 0.0000e+00
361 0.0000e+00 2.6750e-04 1.1199e-04 1.2583e-04 1.1199e-04 2.2435e-01 0.0000e+00
362 0.0000e+00 2.7930e-04 1.1204e-04 1.1490e-04 1.1204e-04 2.2435e-01 0.0000e+00
363 0.0000e+00 2.6750e-04 1.1205e-04 1.0495e-04 1.1205e-04 2.2435e-01 0.0000e+00
364 0.0000e+00 2.4180e-04 1.1203e-04 9.5887e-05 1.1203e-04 2.2437e-01 0.0000e+00
365 0.0000e+00 1.9750e-04 1.1197e-04 8.7635e-05 1.1197e-04 2.2439e-01 0.0000e+00
366 0.0000e+00 1.3960e-04 1.1189e-04 8.0114e-05 1.1189e-04 2.2443e-01 0.0000e+00
367 0.0000e+00 6.7600e-05 1.1178e-04 7.3258e-05 1.1178e-04 2.2446e-01 0.0000e+00
368 0.0000e+00 0.0000e+00 1.1164e-04 6.7007e-05 1.1164e-04 2.2451e-01 0.0000e+00
369 0.0000e+00 0.0000e+00 1.1149e-04 6.1303e-05 1.1149e-04 2.2456e-01 0.0000e+00
370 0.0000e+00 0.0000e+00 1.1131e-04 5.6099e-05 1.1131e-04 2.2461e-01 0.0000e+00
371 0.0000e+00 0.0000e+00 1.1112e-04 5.1348e-05 1.1112e-04 2.2467e-01 0.0000e+00
372 0.0000e+00 0.0000e+00 1.1091e-04 4.7011e-05 1.1091e-04 2.2474e-01 0.0000e+00
373 5.0000e-04 0.0000e+00 1.1069e-04 4.3050e-05 1.1069e-04 2.2481e-01 0.0000e+00
374 7.5000e-03 0.0000e+00 1.6597e-04 6.2345e-04 1.1046e-04 2.2429e-01 5.5511e-05
375 4.5000e-03 0.0000e+00 1.5438e-04 9.7014e-04 1.1224e-04 2.2343e-01 4.2142e-05
376 2.5000e-03 0.0000e+00 1.3870e-04 1.0928e-03 1.1529e-04 2.2246e-01 2.3412e-05
377 5.0000e-04 0.0000e+00 1.2355e-04 1.0182e-03 1.1887e-04 2.2156e-01 4.6825e-06
378 0.0000e+00 0.0000e+00 1.2226e-04 9.1559e-04 1.2226e-04 2.2076e-01 0.0000e+00
379 0.0000e+00 0.0000e+00 1.2532e-04 8.2835e-04 1.2532e-04 2.2006e-01 0.0000e+00
380 0.0000e+00 0.0000e+00 1.2811e-04 7.5064e-04 1.2811e-04 2.1944e-01 0.0000e+00
381 0.0000e+00 1.7400e-05 1.3063e-04 6.8082e-04 1.3063e-04 2.1889e-01 0.0000e+00
382 0.0000e+00 3.3600e-05 1.3289e-04 6.1786e-04 1.3289e-04 2.1840e-01 0.0000e+00
383 1.0000e-03 4.7500e-05 1.4381e-04 6.5840e-04 1.3492e-04 2.1788e-01 8.8875e-06
384 1.0000e-03 5.8200e-05 1.4607e-04 6.8771e-04 1.3714e-04 2.1733e-01 8.9201e-06
385 0.0000e+00 6.4300e-05 1.3952e-04 6.1534e-04 1.3952e-04 2.1685e-01 0.0000e+00
386 5.0000e-04 6.7200e-05 1.4515e-04 5.9675e-04 1.4162e-04 2.1640e-01 3.5360e-06
387 0.0000e+00 6.4300e-05 1.4364e-04 5.3790e-04 1.4364e-04 2.1600e-01 0.0000e+00
388 0.0000e+00 5.8200e-05 1.4542e-04 4.8784e-04 1.4542e-04 2.1566e-01 0.0000e+00
389 0.0000e+00 4.7500e-05 1.4699e-04 4.4274e-04 1.4699e-04 2.1537e-01 0.0000e+00
390 5.0000e-04 3.3600e-05 1.5116e-04 4.2908e-04 1.4835e-04 2.1509e-01 2.8056e-06
391 0.0000e+00 1.6300e-05 1.4966e-04 3.8761e-04 1.4966e-04 2.1485e-01 0.0000e+00
392 5.0000e-04 0.0000e+00 1.5682e-04 3.9695e-04 1.5078e-04 2.1460e-01 6.0374e-06
393 5.0000e-04 0.0000e+00 1.5865e-04 4.0820e-04 1.5194e-04 2.1435e-01 6.7066e-06
394 0.0000e+00 0.0000e+00 1.5316e-04 3.6751e-04 1.5316e-04 2.1413e-01 0.0000e+00
395 0.0000e+00 0.0000e+00 1.5419e-04 3.3295e-04 1.5419e-04 2.1395e-01 0.0000e+00
396 0.0000e+00 0.0000e+00 1.5506e-04 3.0197e-04 1.5506e-04 2.1381e-01 0.0000e+00
397 0.0000e+00 0.0000e+00 1.5577e-04 2.7407e-04 1.5577e-04 2.1369e-01 0.0000e+00
398 0.0000e+00 0.0000e+00 1.5635e-04 2.4889e-04 1.5635e-04 2.1359e-01 0.0000e+00
399 0.0000e+00 0.0000e+00 1.5680e-04 2.2612e-04 1.5680e-04 2.1352e-01 0.0000e+00
400 0.0000e+00 0.0000e+00 1.5714e-04 2.0552e-04 1.5714e-04 2.1348e-01 0.0000e+00
401 0.0000e+00 0.0000e+00 1.5738e-04 1.8687e-04 1.5738e-04 2.1345e-01 0.0000e+00
402 1.0000e-03 0.0000e+00 1.7094e-04 2.7091e-04 1.5752e-04 2.1333e-01 1.3413e-05
403 0.0000e+00 0.0000e+00 1.5808e-04 2.4044e-04 1.5808e-04 2.1325e-01 0.0000e+00
404 0.0000e+00 0.0000e+00 1.5849e-04 2.1716e-04 1.5849e-04 2.1319e-01 0.0000e+00
405 5.0000e-04 2.4600e-05 1.6549e-04 2.4710e-04 1.5878e-04 2.1310e-01 6.7066e-06
406 5.0000e-04 4.7400e-05 1.6560e-04 2.6917e-04 1.5922e-04 2.1299e-01 6.3766e-06
407 0.0000e+00 6.7100e-05 1.5977e-04 2.4070e-04 1.5977e-04 2.1291e-01 0.0000e+00
408 5.0000e-04 8.2200e-05 1.6534e-04 2.5637e-04 1.6017e-04 2.1282e-01 5.1716e-06
409 0.0000e+00 9.0900e-05 1.6065e-04 2.2975e-04 1.6065e-04 2.1275e-01 0.0000e+00
410 0.0000e+00 9.5000e-05 1.6100e-04 2.0756e-04 1.6100e-04 2.1270e-01 0.0000e+00
411 0.0000e+00 9.0900e-05 1.6124e-04 1.8781e-04 1.6124e-04 2.1268e-01 0.0000e+00
412 0.0000e+00 8.2200e-05 1.6137e-04 1.7013e-04 1.6137e-04 2.1267e-01 0.0000e+00
413 0.0000e+00 6.7100e-05 1.6141e-04 1.5423e-04 1.6141e-04 2.1267e-01 0.0000e+00
414 0.0000e+00 4.7400e-05 1.6138e-04 1.3992e-04 1.6138e-04 2.1269e-01 0.0000e+00
415 0.0000e+00 2.3000e-05 1.6127e-04 1.2701e-04 1.6127e-04 2.1273e-01 0.0000e+00
416 0.0000e+00 0.0000e+00 1.6110e-04 1.1535e-04 1.6110e-04 2.1277e-01 0.0000e+00
417 0.0000e+00 0.0000e+00 1.6087e-04 1.0481e-04 1.6087e-04 2.1283e-01 0.0000e+00
418 0.0000e+00 0.0000e+00 1.6059e-04 9.5277e-05 1.6059e-04 2.1290e-01 0.0000e+00
419 0.0000e+00 0.0000e+00 1.6026e-04 8.6646e-05 1.6026e-04 2.1297e-01 0.0000e+00
420 0.0000e+00 0.0000e+00 1.5989e-04 7.8826e-05 1.5989e-04 2.1305e-01 0.0000e+00
421 0.0000e+00 0.0000e+00 1.5949e-04 7.1739e-05 1.5949e-04 2.1314e-01 0.0000e+00
422 0.0000e+00 0.0000e+00 1.5905e-04 6.5312e-05 1.5905e-04 2.1323e-01 0.0000e+00
423 0.0000e+00 0.0000e+00 1.5858e-04 5.9480e-05 1.5858e-04 2.1333e-01 0.0000e+00
424 0.0000e+00 0.0000e+00 1.5809e-04 5.4187e-05 1.5809e-04 2.1344e-01 0.0000e+00
425 0.0000e+00 0.0000e+00 1.5758e-04 4.9380e-05 1.5758e-04 2.1354e-01 0.0000e+00
426 0.0000e+00 0.0000e+00 1.5705e-04 4.5014e-05 1.5705e-04 2.1366e-01 0.0000e+00
427 5.0000e-04 0.0000e+00 1.5650e-04 4.1045e-05 1.5650e-04 2.1377e-01 0.0000e+00
428 2.0000e-03 0.0000e+00 1.8175e-04 2.3132e-04 1.5594e-04 2.1370e-01 2.5809e-05
429 3.0000e-03 3.2600e-05 1.9654e-04 5.0131e-04 1.5630e-04 2.1335e-01 4.0240e-05
430 2.0000e-03 6.2900e-05 1.8439e-04 6.3412e-04 1.5800e-04 2.1287e-01 2.6389e-05
431 1.0000e-03 8.9000e-05 1.7294e-04 6.5380e-04 1.6037e-04 2.1238e-01 1.2569e-05
432 0.0000e+00 1.0900e-04 1.6286e-04 5.8189e-04 1.6286e-04 2.1196e-01 0.0000e+00
433 5.0000e-04 1.2060e-04 1.6906e-04 5.5344e-04 1.6501e-04 2.1157e-01 4.0534e-06
434 0.0000e+00 1.2590e-04 1.6702e-04 4.9675e-04 1.6702e-04 2.1124e-01 0.0000e+00
435 0.0000e+00 1.2060e-04 1.6875e-04 4.4765e-04 1.6875e-04 2.1097e-01 0.0000e+00
436 0.0000e+00 1.0900e-04 1.7023e-04 4.0394e-04 1.7023e-04 2.1073e-01 0.0000e+00
437 3.5000e-03 8.9000e-05 2.1206e-04 6.7514e-04 1.7148e-04 2.1023e-01 4.0583e-05
438 0.0000e+00 6.2900e-05 1.7420e-04 5.9327e-04 1.7420e-04 2.0981e-01 0.0000e+00
439 0.0000e+00 3.0500e-05 1.7649e-04 5.3292e-04 1.7649e-04 2.0945e-01 0.0000e+00
440 0.0000e+00 0.0000e+00 1.7847e-04 4.8000e-04 1.7847e-04 2.0915e-01 0.0000e+00
441 0.0000e+00 0.0000e+00 1.8016e-04 4.3300e-04 1.8016e-04 2.0890e-01 0.0000e+00
442 0.0000e+00 0.0000e+00 1.8159e-04 3.9101e-04 1.8159e-04 2.0869e-01 0.0000e+00
443 0.0000e+00 0.0000e+00 1.8278e-04 3.5336e-04 1.8278e-04 2.0852e-01 0.0000e+00
444 5.0000e-04 0.0000e+00 1.8802e-04 3.5256e-04 1.8376e-04 2.0835e-01 4.2628e-06
445 0.0000e+00 0.0000e+00 1.8473e-04 3.1697e-04 1.8473e-04 2.0822e-01 0.0000e+00
446 0.0000e+00 0.0000e+00 1.8549e-04 2.8643e-04 1.8549e-04 2.0812e-01 0.0000e+00
447 0.0000e+00 0.0000e+00 1.8608e-04 2.5909e-04 1.8608e-04 2.0804e-01 0.0000e+00
448 0.0000e+00 0.0000e+00 1.8650e-04 2.3450e-04 1.8650e-04 2.0799e-01 0.0000e+00
449 0.0000e+00 0.0000e+00 1.8678e-04 2.1237e-04 1.8678e-04 2.0797e-01 0.0000e+00
450 0.0000e+00 0.0000e+00 1.8693e-04 1.9241e-04 1.8693e-04 2.0796e-01 0.0000e+00
451 0.0000e+00 0.0000e+00 1.8697e-04 1.7440e-04 1.8697e-04 2.0798e-01 0.0000e+00
452 5.0000e-04 0.0000e+00 1.9360e-04 2.1028e-04 1.8689e-04 2.0795e-01 6.7066e-06
453 0.0000e+00 2.2400e-05 1.8703e-04 1.8733e-04 1.8703e-04 2.0795e-01 0.0000e+00
454 0.0000e+00 4.3300e-05 1.8703e-04 1.6907e-04 1.8703e-04 2.0797e-01 0.0000e+00
455 0.0000e+00 6.1200e-05 1.8693e-04 1.5287e-04 1.8693e-04 2.0800e-01 0.0000e+00
456 0.0000e+00 7.5000e-05 1.8673e-04 1.3838e-04 1.8673e-04 2.0805e-01 0.0000e+00
457 0.0000e+00 8.3000e-05 1.8645e-04 1.2535e-04 1.8645e-04 2.0811e-01 0.0000e+00
458 0.0000e+00 8.6600e-05 1.8609e-04 1.1363e-04 1.8609e-04 2.0819e-01 0.0000e+00
459 0.0000e+00 8.3000e-05 1.8567e-04 1.0306e-04 1.8567e-04 2.0827e-01 0.0000e+00
460 0.0000e+00 7.5000e-05 1.8519e-04 9.3515e-05 1.8519e-04 2.0836e-01 0.0000e+00
461 0.0000e+00 6.1200e-05 1.8466e-04 8.4895e-05 1.8466e-04 2.0846e-01 0.0000e+00
462 0.0000e+00 4.3300e-05 1.8409e-04 7.7101e-05 1.8409e-04 2.0857e-01 0.0000e+00
463 0.0000e+00 2.1000e-05 1.8347e-04 7.0050e-05 1.8347e-04 2.0868e-01 0.0000e+00
464 0.0000e+00 0.0000e+00 1.8282e-04 6.3667e-05 1.8282e-04 2.0880e-01 0.0000e+00
465 1.0000e-03 0.0000e+00 1.8682e-04 9.4080e-05 1.8214e-04 2.0889e-01 4.6789e-06
466 5.0000e-04 0.0000e+00 1.8835e-04 1.3497e-04 1.8164e-04 2.0893e-01 6.7066e-06
467 0.0000e+00 0.0000e+00 1.8138e-04 1.1859e-04 1.8138e-04 2.0900e-01 0.0000e+00
468 0.0000e+00 0.0000e+00 1.8102e-04 1.0642e-04 1.8102e-04 2.0907e-01 0.0000e+00
469 5.0000e-04 0.0000e+00 1.8731e-04 1.4761e-04 1.8060e-04 2.0911e-01 6.7066e-06
470 0.0000e+00 0.0000e+00 1.8041e-04 1.3011e-04 1.8041e-04 2.0916e-01 0.0000e+00
471 0.0000e+00 0.0000e+00 1.8013e-04 1.1683e-04 1.8013e-04 2.0922e-01 0.0000e+00
472 5.0000e-04 0.0000e+00 1.8648e-04 1.5695e-04 1.7977e-04 2.0924e-01 6.7066e-06
473 5.0000e-04 0.0000e+00 1.8635e-04 1.9028e-04 1.7965e-04 2.0923e-01 6.7066e-06
474 0.0000e+00 0.0000e+00 1.7971e-04 1.6808e-04 1.7971e-04 2.0924e-01 0.0000e+00
475 0.0000e+00 0.0000e+00 1.7964e-04 1.5079e-04 1.7964e-04 2.0927e-01 0.0000e+00
476 0.0000e+00 0.0000e+00 1.7948e-04 1.3567e-04 1.7948e-04 2.0932e-01 0.0000e+00
477 0.0000e+00 9.2000e-06 1.7923e-04 1.2229e-04 1.7923e-04 2.0937e-01 0.0000e+00
478 0.0000e+00 1.7800e-05 1.7891e-04 1.1038e-04 1.7891e-04 2.0944e-01 0.0000e+00
479 0.0000e+00 2.5200e-05 1.7853e-04 9.9731e-05 1.7853e-04 2.0952e-01 0.0000e+00
480 0.0000e+00 3.0900e-05 1.7809e-04 9.0188e-05 1.7809e-04 2.0961e-01 0.0000e+00
481 0.0000e+00 3.4200e-05 1.7760e-04 8.1619e-05 1.7760e-04 2.0970e-01 0.0000e+00
482 5.0000e-04 3.5700e-05 1.8221e-04 1.1342e-04 1.7707e-04 2.0977e-01 5.1346e-06
483 2.5000e-03 3.4200e-05 2.0977e-04 3.5449e-04 1.7672e-04 2.0959e-01 3.3054e-05
484 1.0000e-03 3.0900e-05 1.9066e-04 4.0480e-04 1.7770e-04 2.0936e-01 1.2954e-05
485 0.0000e+00 2.5200e-05 1.7897e-04 3.5655e-04 1.7897e-04 2.0918e-01 0.0000e+00
486 1.0000e-03 1.7800e-05 1.9263e-04 4.1667e-04 1.7997e-04 2.0895e-01 1.2661e-05
487 0.0000e+00 8.6000e-06 1.8130e-04 3.6893e-04 1.8130e-04 2.0876e-01 0.0000e+00
488 0.0000e+00 0.0000e+00 1.8237e-04 3.3095e-04 1.8237e-04 2.0861e-01 0.0000e+00
489 0.0000e+00 0.0000e+00 1.8322e-04 2.9762e-04 1.8322e-04 2.0850e-01 0.0000e+00
490 0.0000e+00 0.0000e+00 1.8387e-04 2.6808e-04 1.8387e-04 2.0841e-01 0.0000e+00
491 0.0000e+00 0.0000e+00 1.8436e-04 2.4174e-04 1.8436e-04 2.0836e-01 0.0000e+00
492 0.0000e+00 0.0000e+00 1.8469e-04 2.1820e-04 1.8469e-04 2.0832e-01 0.0000e+00
493 0.0000e+00 0.0000e+00 1.8488e-04 1.9710e-04 1.8488e-04 2.0831e-01 0.0000e+00
494 0.0000e+00 0.0000e+00 1.8495e-04 1.7816e-04 1.8495e-04 2.0832e-01 0.0000e+00
495 0.0000e+00 0.0000e+00 1.8491e-04 1.6115e-04 1.8491e-04 2.0834e-01 0.0000e+00
496 0.0000e+00 0.0000e+00 1.8478e-04 1.4584e-04 1.8478e-04 2.0838e-01 0.0000e+00
497 0.0000e+00 0.0000e+00 1.8455e-04 1.3205e-04 1.8455e-04 2.0843e-01 0.0000e+00
498 0.0000e+00 0.0000e+00 1.8425e-04 1.1963e-04 1.8425e-04 2.0850e-01 0.0000e+00
499 0.0000e+00 0.0000e+00 1.8388e-04 1.0842e-04 1.8388e-04 2.0857e-01 0.0000e+00
500 0.0000e+00 0.0000e+00 1.8344e-04 9.8309e-05 1.8344e-04 2.0866e-01 0.0000e+00
501 0.0000e+00 6.3800e-05 1.8296e-04 8.9176e-05 1.8296e-04 2.0875e-01 0.0000e+00
502 0.0000e+00 1.2310e-04 1.8242e-04 8.0924e-05 1.8242e-04 2.0885e-01 0.0000e+00
503 0.0000e+00 1.7420e-04 1.8184e-04 7.3464e-05 1.8184e-04 2.0896e-01 0.0000e+00
504 0.0000e+00 2.1330e-04 1.8123e-04 6.6716e-05 1.8123e-04 2.0908e-01 0.0000e+00
505 0.0000e+00 2.3600e-04 1.8058e-04 6.0610e-05 1.8058e-04 2.0920e-01 0.0000e+00
506 0.0000e+00 2.4640e-04 1.7991e-04 5.5082e-05 1.7991e-04 2.0932e-01 0.0000e+00
507 0.0000e+00 2.3600e-04 1.7921e-04 5.0075e-05 1.7921e-04 2.0945e-01 0.0000e+00
508 0.0000e+00 2.1330e-04 1.7848e-04 4.5538e-05 1.7848e-04 2.0958e-01 0.0000e+00
509 0.0000e+00 1.7420e-04 1.7774e-04 4.1426e-05 1.7774e-04 2.0972e-01 0.0000e+00
510 0.0000e+00 1.2310e-04 1.7699e-04 3.7697e-05 1.7699e-04 2.0986e-01 0.0000e+00
511 0.0000e+00 5.9600e-05 1.7622e-04 3.4314e-05 1.7622e-04 2.1000e-01 0.0000e+00
512 0.0000e+00 0.0000e+00 1.7544e-04 3.1244e-05 1.7544e-04 2.1014e-01 0.0000e+00
513 0.0000e+00 0.0000e+00 1.7465e-04 2.8457e-05 1.7465e-04 2.1029e-01 0.0000e+00
514 0.0000e+00 0.0000e+00 1.7386e-04 2.5926e-05 1.7386e-04 2.1044e-01 0.0000e+00
515 0.0000e+00 0.0000e+00 1.7305e-04 2.3627e-05 1.7305e-04 2.1059e-01 0.0000e+00
516 0.0000e+00 0.0000e+00 1.7225e-04 2.1538e-05 1.7225e-04 2.1074e-01 0.0000e+00
517 0.0000e+00 0.0000e+00 1.7144e-04 1.9639e-05 1.7144e-04 2.1089e-01 0.0000e+00
518 0.0000e+00 0.0000e+00 1.7063e-04 1.7912e-05 1.7063e-04 2.1104e-01 0.0000e+00
519 0.0000e+00 0.0000e+00 1.6981e-04 1.6341e-05 1.6981e-04 2.1120e-01 0.0000e+00
520 0.0000e+00 0.0000e+00 1.6900e-04 1.4912e-05 1.6900e-04 2.1135e-01 0.0000e+00
521 0.0000e+00 0.0000e+00 1.6819e-04 1.3611e-05 1.6819e-04 2.1150e-01 0.0000e+00
522 0.0000e+00 0.0000e+00 1.6738e-04 1.2426e-05 1.6738e-04 2.1166e-01 0.0000e+00
523 0.0000e+00 0.0000e+00 1.6657e-04 1.1348e-05 1.6657e-04 2.1182e-01 0.0000e+00
524 0.0000e+00 0.0000e+00 1.6576e-04 1.0366e-05 1.6576e-04 2.1197e-01 0.0000e+00
525 0.0000e+00 4.1700e-05 1.6496e-04 9.4706e-06 1.6496e-04 2.1213e-01 0.0000e+00
526 0.0000e+00 8.0400e-05 1.6416e-04 8.6548e-06 1.6416e-04 2.1228e-01 0.0000e+00
527 0.0000e+00 1.1380e-04 1.6337e-04 7.9111e-06 1.6337e-04 2.1244e-01 0.0000e+00
528 0.0000e+00 1.3930e-04 1.6257e-04 7.2329e-06 1.6257e-04 2.1259e-01 0.0000e+00
529 0.0000e+00 1.5420e-04 1.6179e-04 6.6143e-06 1.6179e-04 2.1275e-01 0.0000e+00
530 0.0000e+00 1.6090e-04 1.6100e-04 6.0499e-06 1.6100e-04 2.1290e-01 0.0000e+00
531 0.0000e+00 1.5420e-04 1.6023e-04 5.5347e-06 1.6023e-04 2.1306e-01 0.0000e+00
532 0.0000e+00 1.3930e-04 1.5945e-04 5.0646e-06 1.5945e-04 2.1321e-01 0.0000e+00
533 0.0000e+00 1.1380e-04 1.5869e-04 4.6354e-06 1.5869e-04 2.1337e-01 0.0000e+00
534 0.0000e+00 8.0400e-05 1.5792e-04 4.2435e-06 1.5792e-04 2.1352e-01 0.0000e+00
535 0.0000e+00 3.8900e-05 1.5717e-04 3.8854e-06 1.5717e-04 2.1367e-01 0.0000e+00
536 0.0000e+00 0.0000e+00 1.5642e-04 3.5583e-06 1.5642e-04 2.1383e-01 0.0000e+00
537 0.0000e+00 0.0000e+00 1.5567e-04 3.2594e-06 1.5567e-04 2.1398e-01 0.0000e+00
538 0.0000e+00 0.0000e+00 1.5493e-04 2.9861e-06 1.5493e-04 2.1413e-01 0.0000e+00
539 0.0000e+00 0.0000e+00 1.5420e-04 2.7363e-06 1.5420e-04 2.1428e-01 0.0000e+00
540 0.0000e+00 0.0000e+00 1.5347e-04 2.5079e-06 1.5347e-04 2.1443e-01 0.0000e+00
541 0.0000e+00 0.0000e+00 1.5275e-04 2.2987e-06 1.5275e-04 2.1458e-01 0.0000e+00
542 0.0000e+00 0.0000e+00 1.5203e-04 2.1076e-06 1.5203e-04 2.1473e-01 0.0000e+00
543 0.0000e+00 0.0000e+00 1.5132e-04 1.9327e-06 1.5132e-04 2.1488e-01 0.0000e+00
544 0.0000e+00 0.0000e+00 1.5062e-04 1.7727e-06 1.5062e-04 2.1503e-01 0.0000e+00
545 0.0000e+00 0.0000e+00 1.4992e-04 1.6262e-06 1.4992e-04 2.1518e-01 0.0000e+00
546 0.0000e+00 0.0000e+00 1.4922e-04 1.4920e-06 1.4922e-04 2.1533e-01 0.0000e+00
547 0.0000e+00 0.0000e+00 1.4854e-04 1.3692e-06 1.4854e-04 2.1547e-01 0.0000e+00
548 0.0000e+00 0.0000e+00 1.4785e-04 1.2567e-06 1.4785e-04 2.1562e-01 0.0000e+00
549 0.0000e+00 2.0700e-05 1.4718e-04 1.1536e-06 1.4718e-04 2.1577e-01 0.0000e+00
550 0.0000e+00 4.0000e-05 1.4651e-04 1.0589e-06 1.4651e-04 2.1591e-01 0.0000e+00
551 0.0000e+00 5.6600e-05 1.4584e-04 9.7235e-07 1.4584e-04 2.1606e-01 0.0000e+00
552 1.0000e-03 6.9300e-05 1.4519e-04 8.9305e-07 1.4519e-04 2.1620e-01 0.0000e+00
553 1.0000e-03 7.6600e-05 1.4453e-04 8.2035e-07 1.4453e-04 2.1634e-01 0.0000e+00
554 2.0000e-03 8.0000e-05 1.5074e-04 7.6744e-05 1.4388e-04 2.1641e-01 6.8560e-06
555 1.5000e-03 7.6600e-05 1.5764e-04 2.0909e-04 1.4358e-04 2.1635e-01 1.4059e-05
556 0.0000e+00 6.9300e-05 1.4388e-04 1.7609e-04 1.4388e-04 2.1631e-01 0.0000e+00
557 5.0000e-04 5.6600e-05 1.4734e-04 1.9414e-04 1.4402e-04 2.1626e-01 3.3171e-06
558 0.0000e+00 4.0000e-05 1.4425e-04 1.7124e-04 1.4425e-04 2.1624e-01 0.0000e+00
559 0.0000e+00 1.9400e-05 1.4437e-04 1.5388e-04 1.4437e-04 2.1623e-01 0.0000e+00
560 0.0000e+00 0.0000e+00 1.4441e-04 1.3861e-04 1.4441e-04 2.1623e-01 0.0000e+00
561 0.0000e+00 0.0000e+00 1.4439e-04 1.2508e-04 1.4439e-04 2.1625e-01 0.0000e+00
562 0.0000e+00 0.0000e+00 1.4430e-04 1.1302e-04 1.4430e-04 2.1628e-01 0.0000e+00
563 0.0000e+00 0.0000e+00 1.4416e-04 1.0223e-04 1.4416e-04 2.1633e-01 0.0000e+00
564 0.0000e+00 0.0000e+00 1.4397e-04 9.2552e-05 1.4397e-04 2.1638e-01 0.0000e+00
565 5.0000e-04 0.0000e+00 1.4734e-04 1.2372e-04 1.4374e-04 2.1640e-01 3.5969e-06
566 0.0000e+00 0.0000e+00 1.4365e-04 1.0854e-04 1.4365e-04 2.1643e-01 0.0000e+00
567 0.0000e+00 0.0000e+00 1.4349e-04 9.7992e-05 1.4349e-04 2.1648e-01 0.0000e+00
568 0.0000e+00 0.0000e+00 1.4329e-04 8.8628e-05 1.4329e-04 2.1653e-01 0.0000e+00
569 0.0000e+00 0.0000e+00 1.4304e-04 8.0263e-05 1.4304e-04 2.1660e-01 0.0000e+00
570 0.0000e+00 0.0000e+00 1.4276e-04 7.2759e-05 1.4276e-04 2.1667e-01 0.0000e+00
571 0.0000e+00 0.0000e+00 1.4245e-04 6.6010e-05 1.4245e-04 2.1674e-01 0.0000e+00
572 0.0000e+00 0.0000e+00 1.4211e-04 5.9927e-05 1.4211e-04 2.1682e-01 0.0000e+00
573 3.0000e-03 3.0500e-05 1.7532e-04 3.5894e-04 1.4175e-04 2.1661e-01 3.3573e-05
574 1.0000e-03 5.8900e-05 1.5179e-04 4.0369e-04 1.4271e-04 2.1635e-01 9.0793e-06
575 2.5000e-03 8.3300e-05 1.7190e-04 6.0145e-04 1.4388e-04 2.1589e-01 2.8025e-05
576 3.5000e-03 1.0200e-04 1.8893e-04 8.6856e-04 1.4595e-04 2.1517e-01 4.2976e-05
577 1.5000e-03 1.1290e-04 1.6804e-04 9.0319e-04 1.4929e-04 2.1441e-01 1.8752e-05
578 0.0000e+00 1.1780e-04 1.5284e-04 8.0603e-04 1.5284e-04 2.1376e-01 0.0000e+00
579 0.0000e+00 1.1290e-04 1.5600e-04 7.2564e-04 1.5600e-04 2.1319e-01 0.0000e+00
580 0.0000e+00 1.0200e-04 1.5880e-04 6.5452e-04 1.5880e-04 2.1269e-01 0.0000e+00
581 0.0000e+00 8.3300e-05 1.6128e-04 5.9111e-04 1.6128e-04 2.1226e-01 0.0000e+00
582 0.0000e+00 5.8900e-05 1.6346e-04 5.3432e-04 1.6346e-04 2.1189e-01 0.0000e+00
583 0.0000e+00 2.8500e-05 1.6536e-04 4.8331e-04 1.6536e-04 2.1157e-01 0.0000e+00
584 0.0000e+00 0.0000e+00 1.6701e-04 4.3741e-04 1.6701e-04 2.1130e-01 0.0000e+00
585 0.0000e+00 0.0000e+00 1.6843e-04 3.9605e-04 1.6843e-04 2.1108e-01 0.0000e+00
586 0.0000e+00 0.0000e+00 1.6963e-04 3.5876e-04 1.6963e-04 2.1089e-01 0.0000e+00
587 0.0000e+00 0.0000e+00 1.7064e-04 3.2510e-04 1.7064e-04 2.1073e-01 0.0000e+00
588 0.0000e+00 0.0000e+00 1.7147e-04 2.9470e-04 1.7147e-04 2.1061e-01 0.0000e+00
589 5.0000e-04 0.0000e+00 1.7213e-04 2.6724e-04 1.7213e-04 2.1051e-01 0.0000e+00
590 0.0000e+00 0.0000e+00 1.7264e-04 2.4241e-04 1.7264e-04 2.1045e-01 0.0000e+00
591 0.0000e+00 0.0000e+00 1.7302e-04 2.1997e-04 1.7302e-04 2.1040e-01 0.0000e+00
592 5.0000e-04 0.0000e+00 1.7846e-04 2.3941e-04 1.7327e-04 2.1033e-01 5.1893e-06
593 0.0000e+00 0.0000e+00 1.7363e-04 2.1490e-04 1.7363e-04 2.1029e-01 0.0000e+00
594 1.0000e-03 0.0000e+00 1.8727e-04 2.9734e-04 1.7385e-04 2.1017e-01 1.3413e-05
595 0.0000e+00 0.0000e+00 1.7453e-04 2.6325e-04 1.7453e-04 2.1008e-01 0.0000e+00
596 0.0000e+00 0.0000e+00 1.7501e-04 2.3715e-04 1.7501e-04 2.1002e-01 0.0000e+00
597 0.0000e+00 6.2600e-05 1.7535e-04 2.1414e-04 1.7535e-04 2.0998e-01 0.0000e+00
598 0.0000e+00 1.2080e-04 1.7556e-04 1.9364e-04 1.7556e-04 2.0996e-01 0.0000e+00
599 0.0000e+00 1.7090e-04 1.7566e-04 1.7528e-04 1.7566e-04 2.0996e-01 0.0000e+00
600 0.0000e+00 2.0930e-04 1.7566e-04 1.5879e-04 1.7566e-04 2.0998e-01 0.0000e+00
601 0.0000e+00 2.3150e-04 1.7557e-04 1.4394e-04 1.7557e-04 2.1001e-01 0.0000e+00
602 0.0000e+00 2.4180e-04 1.7539e-04 1.3055e-04 1.7539e-04 2.1005e-01 0.0000e+00
603 0.0000e+00 2.3150e-04 1.7515e-04 1.1846e-04 1.7515e-04 2.1011e-01 0.0000e+00
604 0.0000e+00 2.0930e-04 1.7484e-04 1.0755e-04 1.7484e-04 2.1018e-01 0.0000e+00
605 0.0000e+00 1.7090e-04 1.7447e-04 9.7677e-05 1.7447e-04 2.1025e-01 0.0000e+00
606 0.0000e+00 1.2080e-04 1.7405e-04 8.8749e-05 1.7405e-04 2.1034e-01 0.0000e+00
607 0.0000e+00 5.8500e-05 1.7359e-04 8.0667e-05 1.7359e-04 2.1043e-01 0.0000e+00
608 0.0000e+00 0.0000e+00 1.7309e-04 7.3349e-05 1.7309e-04 2.1053e-01 0.0000e+00
609 0.0000e+00 0.0000e+00 1.7255e-04 6.6717e-05 1.7255e-04 2.1064e-01 0.0000e+00
610 0.0000e+00 0.0000e+00 1.7198e-04 6.0705e-05 1.7198e-04 2.1075e-01 0.0000e+00
611 0.0000e+00 0.0000e+00 1.7138e-04 5.5253e-05 1.7138e-04 2.1087e-01 0.0000e+00
612 0.0000e+00 0.0000e+00 1.7076e-04 5.0306e-05 1.7076e-04 2.1099e-01 0.0000e+00
613 0.0000e+00 0.0000e+00 1.7012e-04 4.5816e-05 1.7012e-04 2.1111e-01 0.0000e+00
614 0.0000e+00 0.0000e+00 1.6946e-04 4.1739e-05 1.6946e-04 2.1124e-01 0.0000e+00
615 0.0000e+00 0.0000e+00 1.6878e-04 3.8036e-05 1.6878e-04 2.1137e-01 0.0000e+00
616 0.0000e+00 0.0000e+00 1.6810e-04 3.4672e-05 1.6810e-04 2.1150e-01 0.0000e+00
617 0.0000e+00 0.0000e+00 1.6740e-04 3.1613e-05 1.6740e-04 2.1164e-01 0.0000e+00
618 0.0000e+00 0.0000e+00 1.6669e-04 2.8833e-05 1.6669e-04 2.1178e-01 0.0000e+00
619 0.0000e+00 0.0000e+00 1.6597e-04 2.6303e-05 1.6597e-04 2.1192e-01 0.0000e+00
620 0.0000e+00 0.0000e+00 1.6525e-04 2.4002e-05 1.6525e-04 2.1206e-01 0.0000e+00
621 0.0000e+00 1.4200e-05 1.6452e-04 2.1908e-05 1.6452e-04 2.1220e-01 0.0000e+00
622 0.0000e+00 2.7500e-05 1.6379e-04 2.0002e-05 1.6379e-04 2.1234e-01 0.0000e+00
623 0.0000e+00 3.8900e-05 1.6305e-04 1.8266e-05 1.6305e-04 2.1249e-01 0.0000e+00
624 1.0000e-03 4.7600e-05 1.6232e-04 1.6684e-05 1.6232e-04 2.1263e-01 0.0000e+00
625 1.0000e-03 5.2700e-05 1.6262e-04 2.3085e-05 1.6158e-04 2.1277e-01 1.0370e-06
626 3.0000e-03 5.5000e-05 2.0042e-04 3.1926e-04 1.6088e-04 2.1261e-01 3.9533e-05
627 2.0000e-03 5.2700e-05 1.8777e-04 4.6944e-04 1.6168e-04 2.1231e-01 2.6089e-05
628 1.5000e-03 4.7600e-05 1.8266e-04 5.5735e-04 1.6324e-04 2.1191e-01 1.9413e-05
629 3.5000e-03 3.8900e-05 2.1157e-04 8.4348e-04 1.6527e-04 2.1123e-01 4.6308e-05
630 4.0000e-03 2.7500e-05 2.2194e-04 1.1453e-03 1.6881e-04 2.1026e-01 5.3131e-05
631 5.0000e-03 1.3300e-05 2.4073e-04 1.5206e-03 1.7404e-04 2.0891e-01 6.6697e-05
632 0.0000e+00 0.0000e+00 1.8152e-04 1.3428e-03 1.8152e-04 2.0775e-01 0.0000e+00
633 0.0000e+00 0.0000e+00 1.8823e-04 1.2058e-03 1.8823e-04 2.0673e-01 0.0000e+00
634 1.0000e-03 0.0000e+00 2.0754e-04 1.1889e-03 1.9431e-04 2.0574e-01 1.3235e-05
635 2.5000e-03 0.0000e+00 2.3397e-04 1.3302e-03 2.0044e-04 2.0461e-01 3.3533e-05
636 3.5000e-03 0.0000e+00 2.5459e-04 1.5569e-03 2.0764e-04 2.0326e-01 4.6946e-05
637 3.0000e-03 0.0000e+00 2.5683e-04 1.7032e-03 2.1659e-04 2.0177e-01 4.0240e-05
638 0.0000e+00 0.0000e+00 2.2689e-04 1.5134e-03 2.2689e-04 2.0048e-01 0.0000e+00
639 5.0000e-04 0.0000e+00 2.4290e-04 1.4153e-03 2.3619e-04 1.9931e-01 6.7066e-06
640 0.0000e+00 0.0000e+00 2.4506e-04 1.2702e-03 2.4506e-04 1.9828e-01 0.0000e+00
641 5.0000e-04 0.0000e+00 2.6144e-04 1.1972e-03 2.5304e-04 1.9734e-01 8.4091e-06
642 0.0000e+00 0.0000e+00 2.6061e-04 1.0753e-03 2.6061e-04 1.9652e-01 0.0000e+00
643 5.0000e-04 0.0000e+00 2.7610e-04 1.0218e-03 2.6733e-04 1.9577e-01 8.7712e-06
644 0.0000e+00 0.0000e+00 2.7371e-04 9.1730e-04 2.7371e-04 1.9512e-01 0.0000e+00
645 0.0000e+00 1.6900e-05 2.7927e-04 8.2511e-04 2.7927e-04 1.9458e-01 0.0000e+00
646 0.0000e+00 3.2600e-05 2.8408e-04 7.4242e-04 2.8408e-04 1.9412e-01 0.0000e+00
647 0.0000e+00 4.6100e-05 2.8817e-04 6.6817e-04 2.8817e-04 1.9374e-01 0.0000e+00
648 0.0000e+00 5.6400e-05 2.9162e-04 6.0145e-04 2.9162e-04 1.9343e-01 0.0000e+00
649 0.0000e+00 6.2400e-05 2.9445e-04 5.4149e-04 2.9445e-04 1.9318e-01 0.0000e+00
650 0.0000e+00 6.5200e-05 2.9674e-04 4.8760e-04 2.9674e-04 1.9299e-01 0.0000e+00
651 0.0000e+00 6.2400e-05 2.9851e-04 4.3916e-04 2.9851e-04 1.9285e-01 0.0000e+00
652 0.0000e+00 5.6400e-05 2.9983e-04 3.9561e-04 2.9983e-04 1.9276e-01 0.0000e+00
653 0.0000e+00 4.6100e-05 3.0072e-04 3.5647e-04 3.0072e-04 1.9270e-01 0.0000e+00
654 0.0000e+00 3.2600e-05 3.0125e-04 3.2128e-04 3.0125e-04 1.9268e-01 0.0000e+00
655 0.0000e+00 1.5800e-05 3.0144e-04 2.8964e-04 3.0144e-04 1.9269e-01 0.0000e+00
656 0.0000e+00 0.0000e+00 3.0133e-04 2.6118e-04 3.0133e-04 1.9273e-01 0.0000e+00
657 0.0000e+00 0.0000e+00 3.0095e-04 2.3560e-04 3.0095e-04 1.9280e-01 0.0000e+00
658 0.0000e+00 0.0000e+00 3.0033e-04 2.1258e-04 3.0033e-04 1.9288e-01 0.0000e+00
659 0.0000e+00 0.0000e+00 2.9951e-04 1.9187e-04 2.9951e-04 1.9299e-01 0.0000e+00
660 0.0000e+00 0.0000e+00 2.9851e-04 1.7323e-04 2.9851e-04 1.9312e-01 0.0000e+00
661 0.0000e+00 0.0000e+00 2.9734e-04 1.5646e-04 2.9734e-04 1.9326e-01 0.0000e+00
662 0.0000e+00 0.0000e+00 2.9603e-04 1.4135e-04 2.9603e-04 1.9341e-01 0.0000e+00
663 0.0000e+00 0.0000e+00 2.9461e-04 1.2775e-04 2.9461e-04 1.9358e-01 0.0000e+00
664 0.0000e+00 0.0000e+00 2.9307e-04 1.1549e-04 2.9307e-04 1.9376e-01 0.0000e+00
665 0.0000e+00 0.0000e+00 2.9145e-04 1.0444e-04 2.9145e-04 1.9394e-01 0.0000e+00
666 5.0000e-04 0.0000e+00 2.8992e-04 9.5506e-05 2.8975e-04 1.9414e-01 1.6263e-07
667 0.0000e+00 0.0000e+00 2.8800e-04 8.6365e-05 2.8800e-04 1.9434e-01 0.0000e+00
668 5.0000e-04 0.0000e+00 2.9496e-04 1.3311e-04 2.8619e-04 1.9449e-01 8.7712e-06
669 5.0000e-04 1.5300e-05 2.9360e-04 1.7199e-04 2.8483e-04 1.9461e-01 8.7712e-06
670 0.0000e+00 2.9500e-05 2.8382e-04 1.5109e-04 2.8382e-04 1.9474e-01 0.0000e+00
671 1.0000e-03 4.1700e-05 2.9940e-04 2.3940e-04 2.8265e-04 1.9478e-01 1.6757e-05
672 0.0000e+00 5.1100e-05 2.8227e-04 2.0895e-04 2.8227e-04 1.9486e-01 0.0000e+00
673 0.0000e+00 5.6500e-05 2.8162e-04 1.8575e-04 2.8162e-04 1.9495e-01 0.0000e+00
674 0.0000e+00 5.9000e-05 2.8078e-04 1.6575e-04 2.8078e-04 1.9507e-01 0.0000e+00
675 5.0000e-04 5.6500e-05 2.8489e-04 1.8020e-04 2.7977e-04 1.9517e-01 5.1228e-06
676 5.0000e-04 5.1100e-05 2.8668e-04 2.0833e-04 2.7890e-04 1.9524e-01 7.7801e-06
677 0.0000e+00 4.1700e-05 2.7829e-04 1.8392e-04 2.7829e-04 1.9533e-01 0.0000e+00
678 0.0000e+00 2.9500e-05 2.7747e-04 1.6409e-04 2.7747e-04 1.9544e-01 0.0000e+00
679 1.0000e-03 1.4300e-05 2.9188e-04 2.4258e-04 2.7649e-04 1.9548e-01 1.5399e-05
680 1.0000e-03 0.0000e+00 2.9348e-04 3.2013e-04 2.7619e-04 1.9543e-01 1.7292e-05
681 0.0000e+00 0.0000e+00 2.7657e-04 2.8038e-04 2.7657e-04 1.9543e-01 0.0000e+00
682 0.0000e+00 0.0000e+00 2.7661e-04 2.4924e-04 2.7661e-04 1.9546e-01 0.0000e+00
683 0.0000e+00 0.0000e+00 2.7637e-04 2.2233e-04 2.7637e-04 1.9551e-01 0.0000e+00
684 0.0000e+00 0.0000e+00 2.7590e-04 1.9876e-04 2.7590e-04 1.9559e-01 0.0000e+00
685 0.0000e+00 0.0000e+00 2.7524e-04 1.7799e-04 2.7524e-04 1.9569e-01 0.0000e+00
686 0.0000e+00 0.0000e+00 2.7440e-04 1.5959e-04 2.7440e-04 1.9580e-01 0.0000e+00
687 0.0000e+00 0.0000e+00 2.7342e-04 1.4325e-04 2.7342e-04 1.9593e-01 0.0000e+00
688 0.0000e+00 0.0000e+00 2.7231e-04 1.2871e-04 2.7231e-04 1.9607e-01 0.0000e+00
689 0.0000e+00 0.0000e+00 2.7109e-04 1.1573e-04 2.7109e-04 1.9623e-01 0.0000e+00
690 0.0000e+00 0.0000e+00 2.6978e-04 1.0414e-04 2.6978e-04 1.9640e-01 0.0000e+00
691 0.0000e+00 0.0000e+00 2.6839e-04 9.3780e-05 2.6839e-04 1.9657e-01 0.0000e+00
692 0.0000e+00 0.0000e+00 2.6692e-04 8.4502e-05 2.6692e-04 1.9675e-01 0.0000e+00
693 0.0000e+00 5.6100e-05 2.6541e-04 7.6189e-05 2.6541e-04 1.9694e-01 0.0000e+00
694 0.0000e+00 1.0830e-04 2.6384e-04 6.8732e-05 2.6384e-04 1.9714e-01 0.0000e+00
695 0.0000e+00 1.5320e-04 2.6224e-04 6.2039e-05 2.6224e-04 1.9734e-01 0.0000e+00
696 0.0000e+00 1.8770e-04 2.6060e-04 5.6027e-05 2.6060e-04 1.9754e-01 0.0000e+00
697 0.0000e+00 2.0760e-04 2.5894e-04 5.0622e-05 2.5894e-04 1.9775e-01 0.0000e+00
698 0.0000e+00 2.1680e-04 2.5726e-04 4.5761e-05 2.5726e-04 1.9796e-01 0.0000e+00
699 0.0000e+00 2.0760e-04 2.5557e-04 4.1385e-05 2.5557e-04 1.9818e-01 0.0000e+00
700 5.0000e-04 1.8770e-04 2.5386e-04 3.7445e-05 2.5386e-04 1.9839e-01 0.0000e+00
701 0.0000e+00 1.5320e-04 2.5215e-04 3.3895e-05 2.5215e-04 1.9861e-01 0.0000e+00
702 0.0000e+00 1.0830e-04 2.5044e-04 3.0694e-05 2.5044e-04 1.9883e-01 0.0000e+00
703 0.0000e+00 5.2400e-05 2.4872e-04 2.7807e-05 2.4872e-04 1.9905e-01 0.0000e+00
704 0.0000e+00 0.0000e+00 2.4701e-04 2.5201e-05 2.4701e-04 1.9927e-01 0.0000e+00
705 0.0000e+00 0.0000e+00 2.4531e-04 2.2848e-05 2.4531e-04 1.9950e-01 0.0000e+00
706 0.0000e+00 0.0000e+00 2.4361e-04 2.0723e-05 2.4361e-04 1.9972e-01 0.0000e+00
707 0.0000e+00 0.0000e+00 2.4192e-04 1.8802e-05 2.4192e-04 1.9994e-01 0.0000e+00
708 0.0000e+00 0.0000e+00 2.4024e-04 1.7065e-05 2.4024e-04 2.0016e-01 0.0000e+00
709 0.0000e+00 0.0000e+00 2.3857e-04 1.5495e-05 2.3857e-04 2.0039e-01 0.0000e+00
710 0.0000e+00 0.0000e+00 2.3691e-04 1.4073e-05 2.3691e-04 2.0061e-01 0.0000e+00
711 0.0000e+00 0.0000e+00 2.3526e-04 1.2787e-05 2.3526e-04 2.0083e-01 0.0000e+00
712 0.0000e+00 0.0000e+00 2.3363e-04 1.1621e-05 2.3363e-04 2.0106e-01 0.0000e+00
713 0.0000e+00 0.0000e+00 2.3202e-04 1.0566e-05 2.3202e-04 2.0128e-01 0.0000e+00
714 0.0000e+00 0.0000e+00 2.3042e-04 9.6088e-06 2.3042e-04 2.0150e-01 0.0000e+00
715 0.0000e+00 0.0000e+00 2.2883e-04 8.7413e-06 2.2883e-04 2.0172e-01 0.0000e+00
716 0.0000e+00 0.0000e+00 2.2727e-04 7.9546e-06 2.2727e-04 2.0194e-01 0.0000e+00
717 0.0000e+00 8.5600e-05 2.2571e-04 7.2406e-06 2.2571e-04 2.0216e-01 0.0000e+00
718 0.0000e+00 1.6520e-04 2.2418e-04 6.5928e-06 2.2418e-04 2.0237e-01 0.0000e+00
719 0.0000e+00 2.3380e-04 2.2266e-04 6.0047e-06 2.2266e-04 2.0259e-01 0.0000e+00
720 0.0000e+00 2.8620e-04 2.2116e-04 5.4705e-06 2.2116e-04 2.0281e-01 0.0000e+00
721 0.0000e+00 3.1670e-04 2.1967e-04 4.9853e-06 2.1967e-04 2.0302e-01 0.0000e+00
722 0.0000e+00 3.3060e-04 2.1820e-04 4.5443e-06 2.1820e-04 2.0323e-01 0.0000e+00
723 0.0000e+00 3.1670e-04 2.1675e-04 4.1434e-06 2.1675e-04 2.0345e-01 0.0000e+00
724 0.0000e+00 2.8620e-04 2.1531e-04 3.7789e-06 2.1531e-04 2.0366e-01 0.0000e+00
725 0.0000e+00 2.3380e-04 2.1390e-04 3.4473e-06 2.1390e-04 2.0387e-01 0.0000e+00
726 0.0000e+00 1.6520e-04 2.1249e-04 3.1456e-06 2.1249e-04 2.0408e-01 0.0000e+00
727 0.0000e+00 8.0000e-05 2.1111e-04 2.8708e-06 2.1111e-04 2.0429e-01 0.0000e+00
728 0.0000e+00 0.0000e+00 2.0974e-04 2.6209e-06 2.0974e-04 2.0449e-01 0.0000e+00
729 0.0000e+00 0.0000e+00 2.0839e-04 2.3933e-06 2.0839e-04 2.0470e-01 0.0000e+00
730 0.0000e+00 0.0000e+00 2.0705e-04 2.1860e-06 2.0705e-04 2.0490e-01 0.0000e+00
731 0.0000e+00 0.0000e+00 2.0573e-04 1.9971e-06 2.0573e-04 2.0511e-01 0.0000e+00
732 0.0000e+00 0.0000e+00 2.0442e-04 1.8250e-06 2.0442e-04 2.0531e-01 0.0000e+00
733 0.0000e+00 0.0000e+00 2.0313e-04 1.6680e-06 2.0313e-04 2.0551e-01 0.0000e+00
734 0.0000e+00 0.0000e+00 2.0186e-04 1.5249e-06 2.0186e-04 2.0571e-01 0.0000e+00
735 0.0000e+00 0.0000e+00 2.0060e-04 1.3944e-06 2.0060e-04 2.0591e-01 0.0000e+00
736 0.0000e+00 0.0000e+00 1.9935e-04 1.2750e-06 1.9935e-04 2.0611e-01 0.0000e+00
737 0.0000e+00 0.0000e+00 1.9812e-04 1.1664e-06 1.9812e-04 2.0631e-01 0.0000e+00
738 0.0000e+00 0.0000e+00 1.9691e-04 1.0673e-06 1.9691e-04 2.0650e-01 0.0000e+00
739 0.0000e+00 0.0000e+00 1.9571e-04 9.7680e-07 1.9571e-04 2.0670e-01 0.0000e+00
740 0.0000e+00 0.0000e+00 1.9452e-04 8.9415e-07 1.9452e-04 2.0689e-01 0.0000e+00
741 0.0000e+00 7.4700e-05 1.9334e-04 8.1866e-07 1.9334e-04 2.0708e-01 0.0000e+00
742 0.0000e+00 1.4410e-04 1.9218e-04 7.4969e-07 1.9218e-04 2.0727e-01 0.0000e+00
743 0.0000e+00 2.0380e-04 1.9104e-04 6.8667e-07 1.9104e-04 2.0746e-01 0.0000e+00
744 0.0000e+00 2.4960e-04 1.8991e-04 6.2906e-07 1.8991e-04 2.0765e-01 0.0000e+00
745 0.0000e+00 2.7610e-04 1.8879e-04 5.7601e-07 1.8879e-04 2.0784e-01 0.0000e+00
746 0.0000e+00 2.8830e-04 1.8768e-04 5.2791e-07 1.8768e-04 2.0803e-01 0.0000e+00
747 0.0000e+00 2.7610e-04 1.8658e-04 4.8392e-07 1.8658e-04 2.0822e-01 0.0000e+00
748 0.0000e+00 2.4960e-04 1.8550e-04 4.4367e-07 1.8550e-04 2.0840e-01 0.0000e+00
749 0.0000e+00 2.0380e-04 1.8443e-04 4.0684e-07 1.8443e-04 2.0858e-01 0.0000e+00
750 0.0000e+00 1.4410e-04 1.8337e-04 3.7314e-07 1.8337e-04 2.0877e-01 0.0000e+00
751 0.0000e+00 6.9800e-05 1.8233e-04 3.4229e-07 1.8233e-04 2.0895e-01 0.0000e+00
752 0.0000e+00 0.0000e+00 1.8129e-04 3.1405e-07 1.8129e-04 2.0913e-01 0.0000e+00
753 0.0000e+00 0.0000e+00 1.8027e-04 2.8818e-07 1.8027e-04 2.0931e-01 0.0000e+00
754 0.0000e+00 0.0000e+00 1.7926e-04 2.6449e-07 1.7926e-04 2.0949e-01 0.0000e+00
755 0.0000e+00 0.0000e+00 1.7826e-04 2.4229e-07 1.7826e-04 2.0967e-01 0.0000e+00
756 0.0000e+00 0.0000e+00 1.7727e-04 2.2247e-07 1.7727e-04 2.0984e-01 0.0000e+00
757 0.0000e+00 0.0000e+00 1.7629e-04 2.0430e-07 1.7629e-04 2.1002e-01 0.0000e+00
758 0.0000e+00 0.0000e+00 1.7533e-04 1.8765e-07 1.7533e-04 2.1020e-01 0.0000e+00
759 0.0000e+00 0.0000e+00 1.7437e-04 1.7238e-07 1.7437e-04 2.1037e-01 0.0000e+00
760 0.0000e+00 0.0000e+00 1.7342e-04 1.5837e-07 1.7342e-04 2.1054e-01 0.0000e+00
761 0.0000e+00 0.0000e+00 1.7249e-04 1.4553e-07 1.7249e-04 2.1072e-01 0.0000e+00
762 0.0000e+00 0.0000e+00 1.7156e-04 1.3375e-07 1.7156e-04 2.1089e-01 0.0000e+00
763 0.0000e+00 0.0000e+00 1.7064e-04 1.2294e-07 1.7064e-04 2.1106e-01 0.0000e+00
764 0.0000e+00 0.0000e+00 1.6974e-04 1.1302e-07 1.6974e-04 2.1123e-01 0.0000e+00
765 0.0000e+00 9.6700e-05 1.6884e-04 1.0310e-07 1.6884e-04 2.1140e-01 0.0000e+00
766 0.0000e+00 1.8660e-04 1.6795e-04 9.4835e-08 1.6795e-04 2.1156e-01 0.0000e+00
767 0.0000e+00 2.6400e-04 1.6707e-04 8.7245e-08 1.6707e-04 2.1173e-01 0.0000e+00
768 0.0000e+00 3.2330e-04 1.6620e-04 8.0273e-08 1.6620e-04 2.1190e-01 0.0000e+00
769 0.0000e+00 3.5770e-04 1.6534e-04 7.3869e-08 1.6534e-04 2.1206e-01 0.0000e+00
770 0.0000e+00 3.7350e-04 1.6449e-04 6.7984e-08 1.6449e-04 2.1223e-01 0.0000e+00
771 0.0000e+00 3.5770e-04 1.6365e-04 6.2577e-08 1.6365e-04 2.1239e-01 0.0000e+00
772 0.0000e+00 3.2330e-04 1.6281e-04 5.7607e-08 1.6281e-04 2.1255e-01 0.0000e+00
773 0.0000e+00 2.6400e-04 1.6199e-04 5.3039e-08 1.6199e-04 2.1271e-01 0.0000e+00
774 0.0000e+00 1.8660e-04 1.6117e-04 4.7485e-08 1.6117e-04 2.1288e-01 0.0000e+00
775 0.0000e+00 9.0400e-05 1.6036e-04 4.3760e-08 1.6036e-04 2.1304e-01 0.0000e+00
776 0.0000e+00 0.0000e+00 1.5956e-04 4.0331e-08 1.5956e-04 2.1320e-01 0.0000e+00
777 0.0000e+00 0.0000e+00 1.5877e-04 3.7175e-08 1.5877e-04 2.1335e-01 0.0000e+00
778 0.0000e+00 0.0000e+00 1.5798e-04 3.4270e-08 1.5798e-04 2.1351e-01 0.0000e+00
779 0.0000e+00 0.0000e+00 1.5720e-04 3.1595e-08 1.5720e-04 2.1367e-01 0.0000e+00
780 0.0000e+00 0.0000e+00 1.5643e-04 2.9133e-08 1.5643e-04 2.1383e-01 0.0000e+00
781 0.0000e+00 0.0000e+00 1.5567e-04 2.6865e-08 1.5567e-04 2.1398e-01 0.0000e+00
782 0.0000e+00 0.0000e+00 1.5491e-04 2.4776e-08 1.5491e-04 2.1414e-01 0.0000e+00
783 0.0000e+00 0.0000e+00 1.5417e-04 2.2853e-08 1.5417e-04 2.1429e-01 0.0000e+00
784 0.0000e+00 0.0000e+00 1.5343e-04 1.9480e-08 1.5343e-04 2.1444e-01 0.0000e+00
785 0.0000e+00 0.0000e+00 1.5269e-04 1.7994e-08 1.5269e-04 2.1460e-01 0.0000e+00
786 0.0000e+00 0.0000e+00 1.5196e-04 1.6623e-08 1.5196e-04 2.1475e-01 0.0000e+00
787 0.0000e+00 0.0000e+00 1.5124e-04 1.5357e-08 1.5124e-04 2.1490e-01 0.0000e+00
788 0.0000e+00 0.0000e+00 1.5053e-04 1.4190e-08 1.5053e-04 2.1505e-01 0.0000e+00
789 0.0000e+00 1.2590e-04 1.4983e-04 1.3112e-08 1.4983e-04 2.1520e-01 0.0000e+00
790 0.0000e+00 2.4290e-04 1.4913e-04 1.2117e-08 1.4913e-04 2.1535e-01 0.0000e+00
791 0.0000e+00 3.4370e-04 1.4843e-04 1.1198e-08 1.4843e-04 2.1550e-01 0.0000e+00
792 0.0000e+00 4.2090e-04 1.4775e-04 1.0351e-08 1.4775e-04 2.1565e-01 0.0000e+00
793 0.0000e+00 4.6560e-04 1.4706e-04 9.5677e-09 1.4706e-04 2.1579e-01 0.0000e+00
794 0.0000e+00 4.8620e-04 1.4639e-04 7.3412e-09 1.4639e-04 2.1594e-01 0.0000e+00
795 0.0000e+00 4.6560e-04 1.4572e-04 6.8004e-09 1.4572e-04 2.1608e-01 0.0000e+00
796 0.0000e+00 4.2090e-04 1.4506e-04 6.2999e-09 1.4506e-04 2.1623e-01 0.0000e+00
797 0.0000e+00 3.4370e-04 1.4440e-04 5.8367e-09 1.4440e-04 2.1637e-01 0.0000e+00
798 0.0000e+00 2.4290e-04 1.4375e-04 5.4078e-09 1.4375e-04 2.1652e-01 0.0000e+00
799 0.0000e+00 1.1760e-04 1.4311e-04 5.0108e-09 1.4311e-04 2.1666e-01 0.0000e+00
800 0.0000e+00 0.0000e+00 1.4247e-04 4.6433e-09 1.4247e-04 2.1680e-01 0.0000e+00
801 0.0000e+00 0.0000e+00 1.4184e-04 4.3030e-09 1.4184e-04 2.1695e-01 0.0000e+00
802 0.0000e+00 0.0000e+00 1.4121e-04 3.9879e-09 1.4121e-04 2.1709e-01 0.0000e+00
803 0.0000e+00 0.0000e+00 1.4059e-04 3.6961e-09 1.4059e-04 2.1723e-01 0.0000e+00
804 0.0000e+00 0.0000e+00 1.3997e-04 2.3618e-09 1.3997e-04 2.1737e-01 0.0000e+00
805 0.0000e+00 0.0000e+00 1.3936e-04 2.1948e-09 1.3936e-04 2.1751e-01 0.0000e+00
806 0.0000e+00 0.0000e+00 1.3876e-04 2.0398e-09 1.3876e-04 2.1765e-01 0.0000e+00
807 0.0000e+00 0.0000e+00 1.3816e-04 1.8958e-09 1.3816e-04 2.1778e-01 0.0000e+00
808 0.0000e+00 0.0000e+00 1.3756e-04 1.7620e-09 1.3756e-04 2.1792e-01 0.0000e+00
809 0.0000e+00 0.0000e+00 1.3697e-04 1.6378e-09 1.3697e-04 2.1806e-01 0.0000e+00
810 0.0000e+00 0.0000e+00 1.3639e-04 1.5224e-09 1.3639e-04 2.1819e-01 0.0000e+00
811 0.0000e+00 0.0000e+00 1.3581e-04 1.4152e-09 1.3581e-04 2.1833e-01 0.0000e+00
812 0.0000e+00 0.0000e+00 1.3523e-04 1.3156e-09 1.3523e-04 2.1847e-01 0.0000e+00
813 0.0000e+00 3.0400e-05 1.3466e-04 1.2231e-09 1.3466e-04 2.1860e-01 0.0000e+00
814 0.0000e+00 5.8700e-05 1.3410e-04 5.8210e-10 1.3410e-04 2.1873e-01 0.0000e+00
815 0.0000e+00 8.3100e-05 1.3353e-04 5.4278e-10 1.3353e-04 2.1887e-01 0.0000e+00
816 0.0000e+00 1.0180e-04 1.3298e-04 5.0614e-10 1.3298e-04 2.1900e-01 0.0000e+00
817 0.0000e+00 1.1260e-04 1.3243e-04 4.7200e-10 1.3243e-04 2.1913e-01 0.0000e+00
818 0.0000e+00 1.1760e-04 1.3188e-04 4.4017e-10 1.3188e-04 2.1926e-01 0.0000e+00
819 0.0000e+00 1.1260e-04 1.3134e-04 4.1050e-10 1.3134e-04 2.1940e-01 0.0000e+00
820 0.0000e+00 1.0180e-04 1.3080e-04 3.8285e-10 1.3080e-04 2.1953e-01 0.0000e+00
821 0.0000e+00 8.3100e-05 1.3027e-04 3.5708e-10 1.3027e-04 2.1966e-01 0.0000e+00
822 0.0000e+00 5.8700e-05 1.2974e-04 3.3305e-10 1.2974e-04 2.1979e-01 0.0000e+00
823 0.0000e+00 2.8400e-05 1.2921e-04 3.1065e-10 1.2921e-04 2.1992e-01 0.0000e+00
824 0.0000e+00 0.0000e+00 1.2869e-04 9.2545e-11 1.2869e-04 2.2004e-01 0.0000e+00
825 0.0000e+00 0.0000e+00 1.2817e-04 8.6583e-11 1.2817e-04 2.2017e-01 0.0000e+00
826 0.0000e+00 0.0000e+00 1.2766e-04 8.1007e-11 1.2766e-04 2.2030e-01 0.0000e+00
827 0.0000e+00 0.0000e+00 1.2715e-04 7.5793e-11 1.2715e-04 2.2043e-01 0.0000e+00
828 0.0000e+00 0.0000e+00 1.2665e-04 7.0917e-11 1.2665e-04 2.2055e-01 0.0000e+00
829 0.0000e+00 0.0000e+00 1.2615e-04 6.6356e-11 1.2615e-04 2.2068e-01 0.0000e+00
830 0.0000e+00 0.0000e+00 1.2565e-04 6.2091e-11 1.2565e-04 2.2081e-01 0.0000e+00
831 0.0000e+00 0.0000e+00 1.2516e-04 5.8101e-11 1.2516e-04 2.2093e-01 0.0000e+00
832 0.0000e+00 0.0000e+00 1.2467e-04 5.4369e-11 1.2467e-04 2.2106e-01 0.0000e+00
833 0.0000e+00 0.0000e+00 1.2419e-04 5.0879e-11 1.2419e-04 2.2118e-01 0.0000e+00
834 0.0000e+00 0.0000e+00 1.2371e-04 4.7614e-11 1.2371e-04 2.2130e-01 0.0000e+00
835 0.0000e+00 0.0000e+00 1.2323e-04 4.2313e-12 1.2323e-04 2.2143e-01 0.0000e+00
836 0.0000e+00 0.0000e+00 1.2276e-04 3.9728e-12 1.2276e-04 2.2155e-01 0.0000e+00
837 0.0000e+00 6.6100e-05 1.2229e-04 3.7301e-12 1.2229e-04 2.2167e-01 0.0000e+00
838 0.0000e+00 1.2750e-04 1.2182e-04 3.5024e-12 1.2182e-04 2.2179e-01 0.0000e+00
839 0.0000e+00 1.8040e-04 1.2136e-04 3.2887e-12 1.2136e-04 2.2192e-01 0.0000e+00
840 0.0000e+00 2.2090e-04 1.2090e-04 3.0880e-12 1.2090e-04 2.2204e-01 0.0000e+00
841 0.0000e+00 2.4430e-04 1.2044e-04 2.8997e-12 1.2044e-04 2.2216e-01 0.0000e+00
842 0.0000e+00 2.5510e-04 1.1999e-04 2.7229e-12 1.1999e-04 2.2228e-01 0.0000e+00
843 0.0000e+00 2.4430e-04 1.1954e-04 2.5570e-12 1.1954e-04 2.2240e-01 0.0000e+00
844 0.0000e+00 2.2090e-04 1.1909e-04 2.4013e-12 1.1909e-04 2.2252e-01 0.0000e+00
845 0.0000e+00 1.8040e-04 1.1865e-04 0.0000e+00 1.1865e-04 2.2263e-01 0.0000e+00
846 0.0000e+00 1.2750e-04 1.1821e-04 0.0000e+00 1.1821e-04 2.2275e-01 0.0000e+00
847 0.0000e+00 6.1700e-05 1.1778e-04 0.0000e+00 1.1778e-04 2.2287e-01 0.0000e+00
848 0.0000e+00 0.0000e+00 1.1734e-04 0.0000e+00 1.1734e-04 2.2299e-01 0.0000e+00
849 0.0000e+00 0.0000e+00 1.1691e-04 0.0000e+00 1.1691e-04 2.2310e-01 0.0000e+00
850 0.0000e+00 0.0000e+00 1.1649e-04 0.0000e+00 1.1649e-04 2.2322e-01 0.0000e+00
851 0.0000e+00 0.0000e+00 1.1606e-04 0.0000e+00 1.1606e-04 2.2334e-01 0.0000e+00
852 0.0000e+00 0.0000e+00 1.1564e-04 0.0000e+00 1.1564e-04 2.2345e-01 0.0000e+00
853 0.0000e+00 0.0000e+00 1.1523e-04 0.0000e+00 1.1523e-04 2.2357e-01 0.0000e+00
854 0.0000e+00 0.0000e+00 1.1481e-04 0.0000e+00 1.1481e-04 2.2368e-01 0.0000e+00
855 0.0000e+00 0.0000e+00 1.1440e-04 0.0000e+00 1.1440e-04 2.2380e-01 0.0000e+00
856 0.0000e+00 0.0000e+00 1.1399e-04 0.0000e+00 1.1399e-04 2.2391e-01 0.0000e+00
857 0.0000e+00 0.0000e+00 1.1359e-04 0.0000e+00 1.1359e-04 2.2402e-01 0.0000e+00
858 0.0000e+00 0.0000e+00 1.1319e-04 0.0000e+00 1.1319e-04 2.2414e-01 0.0000e+00
859 0.0000e+00 0.0000e+00 1.1279e-04 0.0000e+00 1.1279e-04 2.2425e-01 0.0000e+00
860 0.0000e+00 0.0000e+00 1.1239e-04 0.0000e+00 1.1239e-04 2.2436e-01 0.0000e+00
861 0.0000e+00 9.7600e-05 1.1200e-04 0.0000e+00 1.1200e-04 2.2447e-01 0.0000e+00
862 0.0000e+00 1.8830e-04 1.1160e-04 0.0000e+00 1.1160e-04 2.2459e-01 0.0000e+00
863 0.0000e+00 2.6650e-04 1.1122e-04 0.0000e+00 1.1122e-04 2.2470e-01 0.0000e+00
864 0.0000e+00 3.2630e-04 1.1083e-04 0.0000e+00 1.1083e-04 2.2481e-01 0.0000e+00
865 0.0000e+00 3.6100e-04 1.1045e-04 0.0000e+00 1.1045e-04 2.2492e-01 0.0000e+00
866 0.0000e+00 3.7690e-04 1.1007e-04 0.0000e+00 1.1007e-04 2.2503e-01 0.0000e+00
867 0.0000e+00 3.6100e-04 1.0969e-04 0.0000e+00 1.0969e-04 2.2514e-01 0.0000e+00
868 0.0000e+00 3.2630e-04 1.0931e-04 0.0000e+00 1.0931e-04 2.2525e-01 0.0000e+00
869 0.0000e+00 2.6650e-04 1.0894e-04 0.0000e+00 1.0894e-04 2.2536e-01 0.0000e+00
870 0.0000e+00 1.8830e-04 1.0857e-04 0.0000e+00 1.0857e-04 2.2547e-01 0.0000e+00
871 0.0000e+00 9.1200e-05 1.0820e-04 0.0000e+00 1.0820e-04 2.2557e-01 0.0000e+00
872 0.0000e+00 0.0000e+00 1.0784e-04 0.0000e+00 1.0784e-04 2.2568e-01 0.0000e+00
873 0.0000e+00 0.0000e+00 1.0747e-04 0.0000e+00 1.0747e-04 2.2579e-01 0.0000e+00
874 0.0000e+00 0.0000e+00 1.0711e-04 0.0000e+00 1.0711e-04 2.2590e-01 0.0000e+00
875 0.0000e+00 0.0000e+00 1.0676e-04 0.0000e+00 1.0676e-04 2.2600e-01 0.0000e+00
876 0.0000e+00 0.0000e+00 1.0640e-04 0.0000e+00 1.0640e-04 2.2611e-01 0.0000e+00
877 0.0000e+00 0.0000e+00 1.0605e-04 0.0000e+00 1.0605e-04 2.2622e-01 0.0000e+00
878 0.0000e+00 0.0000e+00 1.0570e-04 0.0000e+00 1.0570e-04 2.2632e-01 0.0000e+00
879 0.0000e+00 0.0000e+00 1.0535e-04 0.0000e+00 1.0535e-04 2.2643e-01 0.0000e+00
880 0.0000e+00 0.0000e+00 1.0500e-04 0.0000e+00 1.0500e-04 2.2653e-01 0.0000e+00
881 0.0000e+00 0.0000e+00 1.0466e-04 0.0000e+00 1.0466e-04 2.2664e-01 0.0000e+00
882 0.0000e+00 0.0000e+00 1.0432e-04 0.0000e+00 1.0432e-04 2.2674e-01 0.0000e+00
883 0.0000e+00 0.0000e+00 1.0398e-04 0.0000e+00 1.0398e-04 2.2684e-01 0.0000e+00
884 0.0000e+00 0.0000e+00 1.0364e-04 0.0000e+00 1.0364e-04 2.2695e-01 0.0000e+00
885 0.0000e+00 6.4300e-05 1.0330e-04 0.0000e+00 1.0330e-04 2.2705e-01 0.0000e+00
886 0.0000e+00 1.2410e-04 1.0297e-04 0.0000e+00 1.0297e-04 2.2715e-01 0.0000e+00
887 0.0000e+00 1.7560e-04 1.0264e-04 0.0000e+00 1.0264e-04 2.2726e-01 0.0000e+00
888 0.0000e+00 2.1500e-04 1.0231e-04 0.0000e+00 1.0231e-04 2.2736e-01 0.0000e+00
889 0.0000e+00 2.3790e-04 1.0198e-04 0.0000e+00 1.0198e-04 2.2746e-01 0.0000e+00
890 0.0000e+00 2.4840e-04 1.0166e-04 0.0000e+00 1.0166e-04 2.2756e-01 0.0000e+00
891 0.0000e+00 2.3790e-04 1.0134e-04 0.0000e+00 1.0134e-04 2.2766e-01 0.0000e+00
892 0.0000e+00 2.1500e-04 1.0102e-04 0.0000e+00 1.0102e-04 2.2777e-01 0.0000e+00
893 0.0000e+00 1.7560e-04 1.0070e-04 0.0000e+00 1.0070e-04 2.2787e-01 0.0000e+00
894 0.0000e+00 1.2410e-04 1.0038e-04 0.0000e+00 1.0038e-04 2.2797e-01 0.0000e+00
895 0.0000e+00 6.0100e-05 1.0007e-04 0.0000e+00 1.0007e-04 2.2807e-01 0.0000e+00
896 0.0000e+00 0.0000e+00 9.9755e-05 0.0000e+00 9.9755e-05 2.2817e-01 0.0000e+00
897 0.0000e+00 0.0000e+00 9.9445e-05 0.0000e+00 9.9445e-05 2.2827e-01 0.0000e+00
898 0.0000e+00 0.0000e+00 9.9136e-05 0.0000e+00 9.9136e-05 2.2836e-01 0.0000e+00
899 0.0000e+00 0.0000e+00 9.8830e-05 0.0000e+00 9.8830e-05 2.2846e-01 0.0000e+00
900 0.0000e+00 0.0000e+00 9.8525e-05 0.0000e+00 9.8525e-05 2.2856e-01 0.0000e+00
901 0.0000e+00 0.0000e+00 9.8222e-05 0.0000e+00 9.8222e-05 2.2866e-01 0.0000e+00
902 0.0000e+00 0.0000e+00 9.7921e-05 0.0000e+00 9.7921e-05 2.2876e-01 0.0000e+00
903 0.0000e+00 0.0000e+00 9.7622e-05 0.0000e+00 9.7622e-05 2.2886e-01 0.0000e+00
904 0.0000e+00 0.0000e+00 9.7324e-05 0.0000e+00 9.7324e-05 2.2895e-01 0.0000e+00
905 0.0000e+00 0.0000e+00 9.7029e-05 0.0000e+00 9.7029e-05 2.2905e-01 0.0000e+00
906 0.0000e+00 0.0000e+00 9.6735e-05 0.0000e+00 9.6735e-05 2.2915e-01 0.0000e+00
907 0.0000e+00 0.0000e+00 9.6443e-05 0.0000e+00 9.6443e-05 2.2924e-01 0.0000e+00
908 0.0000e+00 0.0000e+00 9.6153e-05 0.0000e+00 9.6153e-05 2.2934e-01 0.0000e+00
909 0.0000e+00 8.0200e-05 9.5864e-05 0.0000e+00 9.5864e-05 2.2944e-01 0.0000e+00
910 0.0000e+00 1.5480e-04 9.5578e-05 0.0000e+00 9.5578e-05 2.2953e-01 0.0000e+00
911 0.0000e+00 2.1910e-04 9.5293e-05 0.0000e+00 9.5293e-05 2.2963e-01 0.0000e+00
912 0.0000e+00 2.6830e-04 9.5009e-05 0.0000e+00 9.5009e-05 2.2972e-01 0.0000e+00
913 0.0000e+00 2.9680e-04 9.4728e-05 0.0000e+00 9.4728e-05 2.2982e-01 0.0000e+00
914 0.0000e+00 3.0990e-04 9.4448e-05 0.0000e+00 9.4448e-05 2.2991e-01 0.0000e+00
915 0.0000e+00 2.9680e-04 9.4169e-05 0.0000e+00 9.4169e-05 2.3000e-01 0.0000e+00
916 0.0000e+00 2.6830e-04 9.3893e-05 0.0000e+00 9.3893e-05 2.3010e-01 0.0000e+00
917 0.0000e+00 2.1910e-04 9.3617e-05 0.0000e+00 9.3617e-05 2.3019e-01 0.0000e+00
918 0.0000e+00 1.5480e-04 9.3344e-05 0.0000e+00 9.3344e-05 2.3029e-01 0.0000e+00
919 0.0000e+00 7.5000e-05 9.3072e-05 0.0000e+00 9.3072e-05 2.3038e-01 0.0000e+00
920 0.0000e+00 0.0000e+00 9.2802e-05 0.0000e+00 9.2802e-05 2.3047e-01 0.0000e+00
921 0.0000e+00 0.0000e+00 9.2533e-05 0.0000e+00 9.2533e-05 2.3056e-01 0.0000e+00
922 0.0000e+00 0.0000e+00 9.2266e-05 0.0000e+00 9.2266e-05 2.3066e-01 0.0000e+00
923 0.0000e+00 0.0000e+00 9.2000e-05 0.0000e+00 9.2000e-05 2.3075e-01 0.0000e+00
924 0.0000e+00 0.0000e+00 9.1736e-05 0.0000e+00 9.1736e-05 2.3084e-01 0.0000e+00
925 0.0000e+00 0.0000e+00 9.1474e-05 0.0000e+00 9.1474e-05 2.3093e-01 0.0000e+00
926 0.0000e+00 0.0000e+00 9.1212e-05 0.0000e+00 9.1212e-05 2.3102e-01 0.0000e+00
927 0.0000e+00 0.0000e+00 9.0953e-05 0.0000e+00 9.0953e-05 2.3111e-01 0.0000e+00
928 0.0000e+00 0.0000e+00 9.0695e-05 0.0000e+00 9.0695e-05 2.3120e-01 0.0000e+00
929 0.0000e+00 0.0000e+00 9.0438e-05 0.0000e+00 9.0438e-05 2.3129e-01 0.0000e+00
930 0.0000e+00 0.0000e+00 9.0183e-05 0.0000e+00 9.0183e-05 2.3138e-01 0.0000e+00
931 0.0000e+00 0.0000e+00 8.9929e-05 0.0000e+00 8.9929e-05 2.3147e-01 0.0000e+00
932 0.0000e+00 0.0000e+00 8.9677e-05 0.0000e+00 8.9677e-05 2.3156e-01 0.0000e+00
933 0.0000e+00 9.6000e-05 8.9426e-05 0.0000e+00 8.9426e-05 2.3165e-01 0.0000e+00
934 0.0000e+00 1.8520e-04 8.9176e-05 0.0000e+00 8.9176e-05 2.3174e-01 0.0000e+00
935 0.0000e+00 2.6210e-04 8.8928e-05 0.0000e+00 8.8928e-05 2.3183e-01 0.0000e+00
936 0.0000e+00 3.2090e-04 8.8681e-05 0.0000e+00 8.8681e-05 2.3192e-01 0.0000e+00
937 0.0000e+00 3.5500e-04 8.8436e-05 0.0000e+00 8.8436e-05 2.3201e-01 0.0000e+00
938 0.0000e+00 3.7070e-04 8.8192e-05 0.0000e+00 8.8192e-05 2.3210e-01 0.0000e+00
939 0.0000e+00 3.5500e-04 8.7949e-05 0.0000e+00 8.7949e-05 2.3219e-01 0.0000e+00
940 0.0000e+00 3.2090e-04 8.7707e-05 0.0000e+00 8.7707e-05 2.3227e-01 0.0000e+00
941 0.0000e+00 2.6210e-04 8.7467e-05 0.0000e+00 8.7467e-05 2.3236e-01 0.0000e+00
942 0.0000e+00 1.8520e-04 8.7229e-05 0.0000e+00 8.7229e-05 2.3245e-01 0.0000e+00
943 0.0000e+00 8.9700e-05 8.6991e-05 0.0000e+00 8.6991e-05 2.3253e-01 0.0000e+00
944 0.0000e+00 0.0000e+00 8.6755e-05 0.0000e+00 8.6755e-05 2.3262e-01 0.0000e+00
945 0.0000e+00 0.0000e+00 8.6520e-05 0.0000e+00 8.6520e-05 2.3271e-01 0.0000e+00
946 0.0000e+00 0.0000e+00 8.6287e-05 0.0000e+00 8.6287e-05 2.3279e-01 0.0000e+00
947 0.0000e+00 0.0000e+00 8.6054e-05 0.0000e+00 8.6054e-05 2.3288e-01 0.0000e+00
948 0.0000e+00 0.0000e+00 8.5823e-05 0.0000e+00 8.5823e-05 2.3297e-01 0.0000e+00
949 0.0000e+00 0.0000e+00 8.5593e-05 0.0000e+00 8.5593e-05 2.3305e-01 0.0000e+00
950 0.0000e+00 0.0000e+00 8.5365e-05 0.0000e+00 8.5365e-05 2.3314e-01 0.0000e+00
Objective function values:
F1 1.129837e-06    NSE 0.80578   F2 2.432105e-02
Mean Obs Q 1.590065e-04   Variance Obs Q 6.123405e-09
    Error Variance 1.189303e-09

Water Balance for Subcatchment: Extracted study basin: Taegu Pyungkwang River

   SUMP       SUMAE      SUMQ       SUMRZ      SUMUZ      SBAR        BAL
1.890e-01  4.654e-02  1.295e-01  1.971e-02  0.000e+00  2.331e-01  1.213e-04
