1 0.000033 0.000033
2 0.000032 0.000033
3 0.000033 0.000033
4 0.000033 0.000033
5 0.000035 0.000038
6 0.000036 0.000036
7 0.000036 0.000036
8 0.000036 0.000033
9 0.000035 0.000036
10 0.000035 0.000036
11 0.000036 0.000033
12 0.000035 0.000033
13 0.000035 0.000040
14 0.000036 0.000037
15 0.000037 0.000037
16 0.000037 0.000041
17 0.000037 0.000034
18 0.000037 0.000035
19 0.000036 0.000035
20 0.000035 0.000035
21 0.000035 0.000035
22 0.000034 0.000035
23 0.000034 0.000036
24 0.000036 0.000056
25 0.000042 0.000049
26 0.000058 0.000082
27 0.000086 0.000090
28 0.000105 0.000048
29 0.000091 0.000063
30 0.000076 0.000043
31 0.000064 0.000044
32 0.000056 0.000054
33 0.000054 0.000052
34 0.000052 0.000049
35 0.000050 0.000050
36 0.000049 0.000051
37 0.000048 0.000053
38 0.000048 0.000054
39 0.000048 0.000055
40 0.000048 0.000056
41 0.000047 0.000056
42 0.000046 0.000057
43 0.000046 0.000058
44 0.000046 0.000059
45 0.000046 0.000059
46 0.000048 0.000068
47 0.000049 0.000060
48 0.000049 0.000064
49 0.000049 0.000061
50 0.000049 0.000069
51 0.000053 0.000088
52 0.000063 0.000097
53 0.000079 0.000094
54 0.000090 0.000102
55 0.000098 0.000099
56 0.000103 0.000095
57 0.000103 0.000086
58 0.000095 0.000089
59 0.000086 0.000079
60 0.000082 0.000088
61 0.000082 0.000090
62 0.000082 0.000086
63 0.000084 0.000088
64 0.000087 0.000090
65 0.000090 0.000092
66 0.000093 0.000094
67 0.000097 0.000095
68 0.000101 0.000096
69 0.000105 0.000097
70 0.000108 0.000098
71 0.000110 0.000099
72 0.000112 0.000100
73 0.000115 0.000101
74 0.000116 0.000101
75 0.000117 0.000102
76 0.000118 0.000102
77 0.000121 0.000103
78 0.000122 0.000103
79 0.000122 0.000103
80 0.000123 0.000103
81 0.000123 0.000103
82 0.000123 0.000104
83 0.000124 0.000104
84 0.000127 0.000104
85 0.000127 0.000104
86 0.000128 0.000104
87 0.000128 0.000103
88 0.000128 0.000103
89 0.000128 0.000103
90 0.000130 0.000103
91 0.000130 0.000103
92 0.000131 0.000103
93 0.000133 0.000103
94 0.000134 0.000102
95 0.000134 0.000102
96 0.000135 0.000102
97 0.000136 0.000102
98 0.000139 0.000102
99 0.000140 0.000101
100 0.000140 0.000101
101 0.000140 0.000101
102 0.000140 0.000101
103 0.000140 0.000100
104 0.000140 0.000100
105 0.000140 0.000100
106 0.000140 0.000099
107 0.000140 0.000099
108 0.000141 0.000099
109 0.000141 0.000099
110 0.000141 0.000098
111 0.000141 0.000098
112 0.000140 0.000098
113 0.000141 0.000098
114 0.000141 0.000097
115 0.000141 0.000097
116 0.000141 0.000097
117 0.000141 0.000096
118 0.000140 0.000096
119 0.000140 0.000096
120 0.000140 0.000096
121 0.000139 0.000095
122 0.000140 0.000095
123 0.000140 0.000095
124 0.000140 0.000095
125 0.000140 0.000094
126 0.000140 0.000094
127 0.000140 0.000094
128 0.000139 0.000093
129 0.000138 0.000093
130 0.000138 0.000093
131 0.000137 0.000093
132 0.000136 0.000092
133 0.000136 0.000092
134 0.000136 0.000092
135 0.000135 0.000092
136 0.000135 0.000091
137 0.000135 0.000091
138 0.000134 0.000091
139 0.000134 0.000091
140 0.000133 0.000090
141 0.000133 0.000090
142 0.000133 0.000090
143 0.000131 0.000090
144 0.000130 0.000089
145 0.000130 0.000089
146 0.000130 0.000089
147 0.000129 0.000089
148 0.000128 0.000088
149 0.000128 0.000088
150 0.000128 0.000088
151 0.000128 0.000088
152 0.000127 0.000087
153 0.000127 0.000087
154 0.000127 0.000087
155 0.000126 0.000087
156 0.000125 0.000086
157 0.000123 0.000086
158 0.000123 0.000086
159 0.000122 0.000086
160 0.000122 0.000086
161 0.000122 0.000085
162 0.000122 0.000085
163 0.000122 0.000085
164 0.000122 0.000085
165 0.000122 0.000084
166 0.000122 0.000084
167 0.000122 0.000084
168 0.000121 0.000084
169 0.000119 0.000084
170 0.000120 0.000083
171 0.000119 0.000083
172 0.000118 0.000083
173 0.000118 0.000083
174 0.000117 0.000082
175 0.000117 0.000082
176 0.000117 0.000082
177 0.000116 0.000082
178 0.000116 0.000082
179 0.000116 0.000081
180 0.000114 0.000081
181 0.000113 0.000081
182 0.000112 0.000081
183 0.000112 0.000081
184 0.000112 0.000080
185 0.000112 0.000080
186 0.000112 0.000080
187 0.000112 0.000080
188 0.000112 0.000080
189 0.000111 0.000079
190 0.000108 0.000079
191 0.000109 0.000079
192 0.000108 0.000079
193 0.000109 0.000079
194 0.000108 0.000078
195 0.000108 0.000078
196 0.000108 0.000078
197 0.000108 0.000078
198 0.000108 0.000078
199 0.000107 0.000077
200 0.000107 0.000077
201 0.000106 0.000077
202 0.000105 0.000077
203 0.000104 0.000077
204 0.000103 0.000077
205 0.000104 0.000076
206 0.000103 0.000076
207 0.000103 0.000076
208 0.000102 0.000076
209 0.000102 0.000076
210 0.000102 0.000075
211 0.000102 0.000075
212 0.000102 0.000075
213 0.000102 0.000075
214 0.000101 0.000075
215 0.000099 0.000075
216 0.000099 0.000074
217 0.000099 0.000074
218 0.000099 0.000074
219 0.000099 0.000074
220 0.000098 0.000074
221 0.000098 0.000074
222 0.000098 0.000073
223 0.000098 0.000073
224 0.000098 0.000073
225 0.000097 0.000073
226 0.000095 0.000073
227 0.000095 0.000073
228 0.000094 0.000072
229 0.000094 0.000072
230 0.000094 0.000072
231 0.000094 0.000072
232 0.000093 0.000072
233 0.000093 0.000072
234 0.000093 0.000071
235 0.000093 0.000071
236 0.000093 0.000071
237 0.000093 0.000071
238 0.000093 0.000071
239 0.000092 0.000071
240 0.000094 0.000070
241 0.000094 0.000070
242 0.000094 0.000070
243 0.000093 0.000070
244 0.000093 0.000070
245 0.000092 0.000070
246 0.000090 0.000070
247 0.000090 0.000069
248 0.000090 0.000069
249 0.000090 0.000069
250 0.000090 0.000069
251 0.000090 0.000069
252 0.000090 0.000069
253 0.000090 0.000068
254 0.000090 0.000068
255 0.000090 0.000068
256 0.000090 0.000068
257 0.000089 0.000068
258 0.000087 0.000068
259 0.000086 0.000068
260 0.000086 0.000067
261 0.000086 0.000067
262 0.000085 0.000067
263 0.000086 0.000067
264 0.000086 0.000067
265 0.000085 0.000067
266 0.000083 0.000067
267 0.000083 0.000066
268 0.000081 0.000066
269 0.000080 0.000066
270 0.000080 0.000066
271 0.000080 0.000066
272 0.000080 0.000066
273 0.000080 0.000066
274 0.000080 0.000066
275 0.000080 0.000065
276 0.000080 0.000065
277 0.000080 0.000065
278 0.000080 0.000065
279 0.000080 0.000065
280 0.000080 0.000065
281 0.000080 0.000065
282 0.000080 0.000064
283 0.000080 0.000064
284 0.000081 0.000064
285 0.000084 0.000066
286 0.000102 0.000136
287 0.000134 0.000113
288 0.000135 0.000084
289 0.000117 0.000068
290 0.000101 0.000070
291 0.000094 0.000074
292 0.000090 0.000073
293 0.000088 0.000074
294 0.000089 0.000090
295 0.000095 0.000088
296 0.000097 0.000078
297 0.000093 0.000079
298 0.000089 0.000080
299 0.000088 0.000081
300 0.000088 0.000082
301 0.000088 0.000082
302 0.000088 0.000083
303 0.000087 0.000084
304 0.000087 0.000084
305 0.000087 0.000084
306 0.000087 0.000085
307 0.000087 0.000085
308 0.000087 0.000085
309 0.000086 0.000086
310 0.000086 0.000091
311 0.000085 0.000086
312 0.000086 0.000086
313 0.000087 0.000086
314 0.000088 0.000087
315 0.000088 0.000087
316 0.000089 0.000087
317 0.000089 0.000087
318 0.000092 0.000096
319 0.000093 0.000092
320 0.000092 0.000087
321 0.000092 0.000087
322 0.000093 0.000100
323 0.000093 0.000100
324 0.000094 0.000089
325 0.000094 0.000089
326 0.000093 0.000089
327 0.000092 0.000090
328 0.000091 0.000090
329 0.000090 0.000090
330 0.000090 0.000090
331 0.000090 0.000091
332 0.000090 0.000091
333 0.000090 0.000091
334 0.000090 0.000091
335 0.000090 0.000091
336 0.000090 0.000091
337 0.000090 0.000091
338 0.000090 0.000095
339 0.000092 0.000096
340 0.000094 0.000109
341 0.000098 0.000109
342 0.000102 0.000104
343 0.000103 0.000099
344 0.000102 0.000106
345 0.000102 0.000101
346 0.000101 0.000096
347 0.000098 0.000097
348 0.000098 0.000098
349 0.000096 0.000099
350 0.000095 0.000099
351 0.000094 0.000100
352 0.000094 0.000100
353 0.000094 0.000107
354 0.000094 0.000101
355 0.000094 0.000101
356 0.000094 0.000102
357 0.000094 0.000102
358 0.000094 0.000102
359 0.000095 0.000102
360 0.000097 0.000102
361 0.000097 0.000102
362 0.000097 0.000102
363 0.000097 0.000102
364 0.000097 0.000102
365 0.000097 0.000102
366 0.000098 0.000102
367 0.000099 0.000102
368 0.000099 0.000102
369 0.000099 0.000102
370 0.000100 0.000102
371 0.000101 0.000101
372 0.000100 0.000101
373 0.000100 0.000101
374 0.000113 0.000185
375 0.000162 0.000167
376 0.000177 0.000141
377 0.000153 0.000117
378 0.000133 0.000112
379 0.000123 0.000115
380 0.000122 0.000117
381 0.000122 0.000119
382 0.000123 0.000121
383 0.000125 0.000138
384 0.000130 0.000140
385 0.000133 0.000127
386 0.000132 0.000135
387 0.000132 0.000130
388 0.000132 0.000132
389 0.000132 0.000133
390 0.000132 0.000138
391 0.000134 0.000135
392 0.000137 0.000143
393 0.000140 0.000145
394 0.000141 0.000138
395 0.000141 0.000139
396 0.000141 0.000140
397 0.000144 0.000140
398 0.000145 0.000141
399 0.000147 0.000141
400 0.000149 0.000141
401 0.000151 0.000141
402 0.000154 0.000157
403 0.000156 0.000142
404 0.000158 0.000142
405 0.000159 0.000150
406 0.000162 0.000150
407 0.000164 0.000143
408 0.000165 0.000150
409 0.000166 0.000144
410 0.000168 0.000144
411 0.000169 0.000144
412 0.000169 0.000144
413 0.000170 0.000144
414 0.000171 0.000144
415 0.000172 0.000144
416 0.000175 0.000144
417 0.000176 0.000144
418 0.000177 0.000144
419 0.000177 0.000143
420 0.000178 0.000143
421 0.000179 0.000143
422 0.000180 0.000142
423 0.000181 0.000142
424 0.000182 0.000141
425 0.000183 0.000141
426 0.000183 0.000141
427 0.000185 0.000140
428 0.000191 0.000170
429 0.000208 0.000187
430 0.000219 0.000173
431 0.000218 0.000159
432 0.000208 0.000146
433 0.000203 0.000153
434 0.000201 0.000150
435 0.000198 0.000152
436 0.000197 0.000153
437 0.000211 0.000202
438 0.000212 0.000156
439 0.000205 0.000158
440 0.000202 0.000160
441 0.000200 0.000162
442 0.000200 0.000163
443 0.000200 0.000164
444 0.000201 0.000170
445 0.000201 0.000165
446 0.000201 0.000166
447 0.000201 0.000166
448 0.000201 0.000167
449 0.000202 0.000167
450 0.000202 0.000167
451 0.000202 0.000167
452 0.000202 0.000175
453 0.000203 0.000167
454 0.000203 0.000167
455 0.000203 0.000167
456 0.000204 0.000167
457 0.000204 0.000166
458 0.000204 0.000166
459 0.000204 0.000166
460 0.000205 0.000165
461 0.000205 0.000165
462 0.000205 0.000164
463 0.000206 0.000164
464 0.000207 0.000163
465 0.000208 0.000168
466 0.000212 0.000170
467 0.000213 0.000162
468 0.000211 0.000162
469 0.000212 0.000169
470 0.000212 0.000161
471 0.000212 0.000161
472 0.000212 0.000169
473 0.000216 0.000169
474 0.000216 0.000161
475 0.000215 0.000161
476 0.000215 0.000161
477 0.000215 0.000161
478 0.000215 0.000160
479 0.000215 0.000160
480 0.000215 0.000160
481 0.000215 0.000159
482 0.000214 0.000165
483 0.000219 0.000197
484 0.000233 0.000175
485 0.000229 0.000161
486 0.000220 0.000177
487 0.000219 0.000163
488 0.000218 0.000164
489 0.000217 0.000165
490 0.000217 0.000165
491 0.000216 0.000166
492 0.000216 0.000166
493 0.000215 0.000166
494 0.000214 0.000166
495 0.000212 0.000166
496 0.000212 0.000166
497 0.000212 0.000166
498 0.000211 0.000166
499 0.000210 0.000165
500 0.000210 0.000165
501 0.000210 0.000164
502 0.000209 0.000164
503 0.000209 0.000163
504 0.000209 0.000163
505 0.000209 0.000162
506 0.000208 0.000162
507 0.000208 0.000161
508 0.000206 0.000161
509 0.000205 0.000160
510 0.000205 0.000159
511 0.000205 0.000159
512 0.000205 0.000158
513 0.000204 0.000157
514 0.000203 0.000157
515 0.000203 0.000156
516 0.000202 0.000155
517 0.000202 0.000155
518 0.000201 0.000154
519 0.000200 0.000153
520 0.000198 0.000153
521 0.000198 0.000152
522 0.000197 0.000151
523 0.000197 0.000151
524 0.000197 0.000150
525 0.000196 0.000149
526 0.000196 0.000149
527 0.000195 0.000148
528 0.000195 0.000147
529 0.000195 0.000147
530 0.000194 0.000146
531 0.000195 0.000145
532 0.000193 0.000145
533 0.000193 0.000144
534 0.000192 0.000143
535 0.000191 0.000143
536 0.000190 0.000142
537 0.000190 0.000142
538 0.000190 0.000141
539 0.000190 0.000140
540 0.000189 0.000140
541 0.000189 0.000139
542 0.000188 0.000139
543 0.000188 0.000138
544 0.000187 0.000137
545 0.000186 0.000137
546 0.000186 0.000136
547 0.000186 0.000136
548 0.000184 0.000135
549 0.000183 0.000134
550 0.000183 0.000134
551 0.000183 0.000133
552 0.000185 0.000133
553 0.000188 0.000132
554 0.000194 0.000143
555 0.000201 0.000154
556 0.000196 0.000132
557 0.000190 0.000138
558 0.000188 0.000132
559 0.000185 0.000132
560 0.000183 0.000133
561 0.000182 0.000133
562 0.000181 0.000132
563 0.000181 0.000132
564 0.000180 0.000132
565 0.000179 0.000138
566 0.000179 0.000132
567 0.000178 0.000132
568 0.000177 0.000132
569 0.000177 0.000131
570 0.000177 0.000131
571 0.000177 0.000131
572 0.000177 0.000131
573 0.000182 0.000178
574 0.000193 0.000147
575 0.000193 0.000171
576 0.000213 0.000188
577 0.000228 0.000160
578 0.000209 0.000141
579 0.000194 0.000144
580 0.000188 0.000146
581 0.000185 0.000149
582 0.000183 0.000151
583 0.000182 0.000152
584 0.000181 0.000154
585 0.000181 0.000155
586 0.000180 0.000156
587 0.000179 0.000157
588 0.000179 0.000157
589 0.000180 0.000158
590 0.000179 0.000158
591 0.000178 0.000158
592 0.000178 0.000165
593 0.000179 0.000159
594 0.000179 0.000175
595 0.000181 0.000159
596 0.000179 0.000160
597 0.000177 0.000160
598 0.000177 0.000160
599 0.000177 0.000160
600 0.000177 0.000160
601 0.000177 0.000160
602 0.000176 0.000160
603 0.000176 0.000160
604 0.000176 0.000159
605 0.000175 0.000159
606 0.000174 0.000158
607 0.000174 0.000158
608 0.000173 0.000158
609 0.000171 0.000157
610 0.000171 0.000157
611 0.000171 0.000156
612 0.000171 0.000155
613 0.000171 0.000155
614 0.000171 0.000154
615 0.000171 0.000154
616 0.000171 0.000153
617 0.000171 0.000152
618 0.000171 0.000152
619 0.000171 0.000151
620 0.000171 0.000151
621 0.000171 0.000150
622 0.000171 0.000149
623 0.000171 0.000149
624 0.000174 0.000148
625 0.000178 0.000149
626 0.000188 0.000193
627 0.000201 0.000178
628 0.000204 0.000172
629 0.000212 0.000206
630 0.000245 0.000217
631 0.000291 0.000242
632 0.000297 0.000167
633 0.000235 0.000173
634 0.000218 0.000196
635 0.000219 0.000235
636 0.000249 0.000262
637 0.000289 0.000260
638 0.000287 0.000208
639 0.000260 0.000227
640 0.000253 0.000224
641 0.000255 0.000241
642 0.000265 0.000238
643 0.000271 0.000254
644 0.000278 0.000249
645 0.000286 0.000253
646 0.000296 0.000257
647 0.000303 0.000260
648 0.000311 0.000263
649 0.000317 0.000265
650 0.000324 0.000266
651 0.000331 0.000267
652 0.000338 0.000268
653 0.000343 0.000269
654 0.000349 0.000269
655 0.000352 0.000269
656 0.000356 0.000268
657 0.000361 0.000268
658 0.000366 0.000267
659 0.000370 0.000266
660 0.000372 0.000265
661 0.000376 0.000264
662 0.000379 0.000263
663 0.000381 0.000262
664 0.000384 0.000260
665 0.000387 0.000259
666 0.000388 0.000257
667 0.000389 0.000256
668 0.000391 0.000264
669 0.000392 0.000263
670 0.000394 0.000252
671 0.000394 0.000271
672 0.000397 0.000251
673 0.000393 0.000251
674 0.000391 0.000250
675 0.000391 0.000255
676 0.000391 0.000258
677 0.000390 0.000248
678 0.000388 0.000248
679 0.000391 0.000265
680 0.000397 0.000267
681 0.000391 0.000247
682 0.000386 0.000247
683 0.000381 0.000247
684 0.000379 0.000247
685 0.000376 0.000246
686 0.000373 0.000246
687 0.000371 0.000245
688 0.000370 0.000244
689 0.000368 0.000243
690 0.000364 0.000242
691 0.000361 0.000241
692 0.000359 0.000239
693 0.000355 0.000238
694 0.000352 0.000237
695 0.000352 0.000236
696 0.000351 0.000234
697 0.000349 0.000233
698 0.000347 0.000231
699 0.000343 0.000230
700 0.000340 0.000229
701 0.000337 0.000227
702 0.000332 0.000226
703 0.000334 0.000224
704 0.000332 0.000223
705 0.000329 0.000221
706 0.000327 0.000220
707 0.000325 0.000219
708 0.000322 0.000217
709 0.000320 0.000216
710 0.000319 0.000214
711 0.000317 0.000213
712 0.000314 0.000212
713 0.000311 0.000210
714 0.000309 0.000209
715 0.000307 0.000208
716 0.000302 0.000206
717 0.000301 0.000205
718 0.000299 0.000204
719 0.000297 0.000203
720 0.000294 0.000201
721 0.000291 0.000200
722 0.000289 0.000199
723 0.000286 0.000198
724 0.000284 0.000196
725 0.000282 0.000195
726 0.000281 0.000194
727 0.000278 0.000193
728 0.000276 0.000192
729 0.000274 0.000191
730 0.000271 0.000189
731 0.000268 0.000188
732 0.000267 0.000187
733 0.000266 0.000186
734 0.000265 0.000185
735 0.000263 0.000184
736 0.000260 0.000183
737 0.000259 0.000182
738 0.000257 0.000181
739 0.000255 0.000180
740 0.000253 0.000179
741 0.000251 0.000178
742 0.000249 0.000177
743 0.000248 0.000176
744 0.000247 0.000175
745 0.000246 0.000174
746 0.000244 0.000173
747 0.000241 0.000172
748 0.000237 0.000171
749 0.000236 0.000170
750 0.000235 0.000169
751 0.000234 0.000169
752 0.000233 0.000168
753 0.000232 0.000167
754 0.000231 0.000166
755 0.000228 0.000165
756 0.000227 0.000164
757 0.000226 0.000163
758 0.000224 0.000163
759 0.000223 0.000162
760 0.000222 0.000161
761 0.000220 0.000160
762 0.000218 0.000159
763 0.000218 0.000159
764 0.000218 0.000158
765 0.000216 0.000157
766 0.000214 0.000156
767 0.000212 0.000155
768 0.000210 0.000155
769 0.000209 0.000154
770 0.000208 0.000153
771 0.000207 0.000152
772 0.000205 0.000152
773 0.000204 0.000151
774 0.000202 0.000150
775 0.000201 0.000150
776 0.000198 0.000149
777 0.000197 0.000148
778 0.000196 0.000148
779 0.000195 0.000147
780 0.000195 0.000146
781 0.000193 0.000146
782 0.000191 0.000145
783 0.000190 0.000144
784 0.000189 0.000144
785 0.000188 0.000143
786 0.000187 0.000142
787 0.000185 0.000142
788 0.000183 0.000141
789 0.000182 0.000140
790 0.000181 0.000140
791 0.000180 0.000139
792 0.000178 0.000139
793 0.000177 0.000138
794 0.000177 0.000137
795 0.000176 0.000137
796 0.000175 0.000136
797 0.000172 0.000136
798 0.000171 0.000135
799 0.000170 0.000134
800 0.000169 0.000134
801 0.000169 0.000133
802 0.000169 0.000133
803 0.000169 0.000132
804 0.000167 0.000132
805 0.000165 0.000131
806 0.000164 0.000131
807 0.000164 0.000130
808 0.000163 0.000130
809 0.000162 0.000129
810 0.000162 0.000129
811 0.000161 0.000128
812 0.000159 0.000127
813 0.000158 0.000127
814 0.000157 0.000126
815 0.000157 0.000126
816 0.000156 0.000125
817 0.000156 0.000125
818 0.000156 0.000125
819 0.000156 0.000124
820 0.000153 0.000124
821 0.000153 0.000123
822 0.000152 0.000123
823 0.000151 0.000122
824 0.000150 0.000122
825 0.000149 0.000121
826 0.000147 0.000121
827 0.000147 0.000120
828 0.000147 0.000120
829 0.000146 0.000119
830 0.000145 0.000119
831 0.000145 0.000119
832 0.000144 0.000118
833 0.000142 0.000118
834 0.000141 0.000117
835 0.000141 0.000117
836 0.000143 0.000116
837 0.000141 0.000116
838 0.000140 0.000116
839 0.000140 0.000115
840 0.000139 0.000115
841 0.000139 0.000114
842 0.000138 0.000114
843 0.000135 0.000113
844 0.000135 0.000113
845 0.000134 0.000113
846 0.000134 0.000112
847 0.000132 0.000112
848 0.000132 0.000111
849 0.000132 0.000111
850 0.000132 0.000111
851 0.000132 0.000110
852 0.000131 0.000110
853 0.000129 0.000110
854 0.000128 0.000109
855 0.000127 0.000109
856 0.000127 0.000108
857 0.000126 0.000108
858 0.000125 0.000108
859 0.000123 0.000107
860 0.000123 0.000107
861 0.000123 0.000107
862 0.000123 0.000106
863 0.000123 0.000106
864 0.000123 0.000106
865 0.000122 0.000105
866 0.000121 0.000105
867 0.000121 0.000105
868 0.000119 0.000104
869 0.000118 0.000104
870 0.000118 0.000104
871 0.000118 0.000103
872 0.000118 0.000103
873 0.000117 0.000103
874 0.000117 0.000102
875 0.000116 0.000102
876 0.000114 0.000102
877 0.000113 0.000101
878 0.000113 0.000101
879 0.000113 0.000101
880 0.000113 0.000100
881 0.000113 0.000100
882 0.000112 0.000100
883 0.000111 0.000099
884 0.000111 0.000099
885 0.000111 0.000099
886 0.000111 0.000098
887 0.000111 0.000098
888 0.000110 0.000098
889 0.000109 0.000098
890 0.000108 0.000097
891 0.000107 0.000097
892 0.000107 0.000097
893 0.000106 0.000096
894 0.000106 0.000096
895 0.000106 0.000096
896 0.000105 0.000095
897 0.000105 0.000095
898 0.000104 0.000095
899 0.000103 0.000095
900 0.000103 0.000094
901 0.000103 0.000094
902 0.000103 0.000094
903 0.000103 0.000094
904 0.000103 0.000093
905 0.000102 0.000093
906 0.000102 0.000093
907 0.000102 0.000092
908 0.000102 0.000092
909 0.000102 0.000092
910 0.000101 0.000092
911 0.000101 0.000091
912 0.000100 0.000091
913 0.000101 0.000091
914 0.000100 0.000091
915 0.000099 0.000090
916 0.000099 0.000090
917 0.000099 0.000090
918 0.000099 0.000090
919 0.000098 0.000089
920 0.000098 0.000089
921 0.000097 0.000089
922 0.000097 0.000089
923 0.000096 0.000088
924 0.000096 0.000088
925 0.000096 0.000088
926 0.000099 0.000088
927 0.000097 0.000087
928 0.000094 0.000087
929 0.000094 0.000087
930 0.000094 0.000087
931 0.000093 0.000086
932 0.000093 0.000086
933 0.000093 0.000086
934 0.000093 0.000086
935 0.000093 0.000086
936 0.000093 0.000085
937 0.000093 0.000085
938 0.000093 0.000085
939 0.000093 0.000085
940 0.000093 0.000084
941 0.000093 0.000084
942 0.000093 0.000084
943 0.000093 0.000084
944 0.000093 0.000084
945 0.000093 0.000083
946 0.000093 0.000083
947 0.000092 0.000083
948 0.000090 0.000083
949 0.000093 0.000082
950 0.000093 0.000082
