Taegu Pyungkwang River Catchment: Calibration Data

Subcatchment : Extracted study basin: cat-13759

TL =     8.36
SUMAC =     1.00
SZQ =       0.03479
Subcatchment routing data:
Maximum Routing Delay       0.69444
Sum of Histogram ordinates:     1.0000
     1.00000 
Initial BAL             -0.22493
Initial SBAR             0.22293
Initial SR0              0.00200
it      p        ep       q(it)       quz      q       sbar       qof
1 0.0000e+00 6.1900e-05 3.2800e-05 0.0000e+00 3.2800e-05 2.2297e-01 0.0000e+00
2 0.0000e+00 6.4700e-05 3.2766e-05 0.0000e+00 3.2766e-05 2.2300e-01 0.0000e+00
3 1.0000e-03 6.1900e-05 3.2733e-05 0.0000e+00 3.2733e-05 2.2303e-01 0.0000e+00
4 1.0000e-03 5.6000e-05 3.2699e-05 0.0000e+00 3.2699e-05 2.2306e-01 0.0000e+00
5 1.0000e-03 4.5700e-05 4.4552e-05 7.8905e-05 3.2666e-05 2.2302e-01 1.1886e-05
6 5.0000e-04 3.2300e-05 3.9797e-05 1.1020e-04 3.2713e-05 2.2294e-01 7.0840e-06
7 5.0000e-04 1.5600e-05 4.0086e-05 1.4197e-04 3.2793e-05 2.2283e-01 7.2930e-06
8 0.0000e+00 0.0000e+00 3.2905e-05 1.2208e-04 3.2905e-05 2.2274e-01 0.0000e+00
9 5.0000e-04 0.0000e+00 4.0550e-05 1.5934e-04 3.2996e-05 2.2262e-01 7.5534e-06
10 5.0000e-04 0.0000e+00 4.0924e-05 1.9019e-04 3.3127e-05 2.2246e-01 7.7966e-06
11 0.0000e+00 0.0000e+00 3.3290e-05 1.6552e-04 3.3290e-05 2.2233e-01 0.0000e+00
12 0.0000e+00 0.0000e+00 3.3428e-05 1.4851e-04 3.3428e-05 2.2221e-01 0.0000e+00
13 1.0000e-03 0.0000e+00 4.9141e-05 2.3809e-04 3.3548e-05 2.2201e-01 1.5593e-05
14 5.0000e-04 0.0000e+00 4.1560e-05 2.5630e-04 3.3763e-05 2.2178e-01 7.7966e-06
15 5.0000e-04 0.0000e+00 4.1796e-05 2.7702e-04 3.3999e-05 2.2154e-01 7.7966e-06
16 1.0000e-03 0.0000e+00 4.9851e-05 3.4844e-04 3.4258e-05 2.2123e-01 1.5593e-05
17 0.0000e+00 0.0000e+00 3.4596e-05 3.0259e-04 3.4596e-05 2.2096e-01 0.0000e+00
18 0.0000e+00 0.0000e+00 3.4887e-05 2.7194e-04 3.4887e-05 2.2072e-01 0.0000e+00
19 0.0000e+00 0.0000e+00 3.5147e-05 2.4539e-04 3.5147e-05 2.2051e-01 0.0000e+00
20 0.0000e+00 0.0000e+00 3.5378e-05 2.2191e-04 3.5378e-05 2.2033e-01 0.0000e+00
21 0.0000e+00 1.8000e-05 3.5585e-05 2.0099e-04 3.5585e-05 2.2016e-01 0.0000e+00
22 0.0000e+00 3.4800e-05 3.5769e-05 1.8226e-04 3.5769e-05 2.2001e-01 0.0000e+00
23 0.0000e+00 4.9200e-05 3.5934e-05 1.6545e-04 3.5934e-05 2.1988e-01 0.0000e+00
24 3.0000e-03 6.0200e-05 8.8825e-05 4.5063e-04 3.6079e-05 2.1947e-01 5.2746e-05
25 2.0000e-03 6.6600e-05 7.1564e-05 5.8046e-04 3.6550e-05 2.1893e-01 3.5014e-05
26 5.5000e-03 6.9600e-05 1.4808e-04 1.0577e-03 3.7176e-05 2.1790e-01 1.1091e-04
27 6.0000e-03 6.6600e-05 1.6216e-04 1.5163e-03 3.8381e-05 2.1643e-01 1.2377e-04
28 1.0000e-03 6.0200e-05 5.9676e-05 1.4157e-03 4.0195e-05 2.1505e-01 1.9481e-05
29 2.5000e-03 4.9200e-05 9.2882e-05 1.5180e-03 4.1961e-05 2.1358e-01 5.0922e-05
30 0.0000e+00 3.4800e-05 4.3941e-05 1.3479e-03 4.3941e-05 2.1227e-01 0.0000e+00
31 0.0000e+00 1.6800e-05 4.5769e-05 1.2138e-03 4.5769e-05 2.1110e-01 0.0000e+00
32 1.0000e-03 0.0000e+00 6.6239e-05 1.1913e-03 4.7470e-05 2.0996e-01 1.8769e-05
33 5.0000e-04 0.0000e+00 5.9634e-05 1.1220e-03 4.9198e-05 2.0889e-01 1.0436e-05
34 0.0000e+00 0.0000e+00 5.0875e-05 1.0084e-03 5.0875e-05 2.0793e-01 0.0000e+00
35 0.0000e+00 0.0000e+00 5.2421e-05 9.1074e-04 5.2421e-05 2.0707e-01 0.0000e+00
36 0.0000e+00 0.0000e+00 5.3846e-05 8.2333e-04 5.3846e-05 2.0630e-01 0.0000e+00
37 0.0000e+00 0.0000e+00 5.5156e-05 7.4476e-04 5.5156e-05 2.0561e-01 0.0000e+00
38 0.0000e+00 0.0000e+00 5.6358e-05 6.7398e-04 5.6358e-05 2.0499e-01 0.0000e+00
39 0.0000e+00 0.0000e+00 5.7456e-05 6.1016e-04 5.7456e-05 2.0444e-01 0.0000e+00
40 0.0000e+00 0.0000e+00 5.8457e-05 5.5259e-04 5.8457e-05 2.0395e-01 0.0000e+00
41 0.0000e+00 0.0000e+00 5.9367e-05 5.0063e-04 5.9367e-05 2.0351e-01 0.0000e+00
42 0.0000e+00 0.0000e+00 6.0191e-05 4.5371e-04 6.0191e-05 2.0311e-01 0.0000e+00
43 0.0000e+00 0.0000e+00 6.0936e-05 4.1133e-04 6.0936e-05 2.0276e-01 0.0000e+00
44 0.0000e+00 0.0000e+00 6.1607e-05 3.7304e-04 6.1607e-05 2.0245e-01 0.0000e+00
45 0.0000e+00 3.3800e-05 6.2209e-05 3.3844e-04 6.2209e-05 2.0217e-01 0.0000e+00
46 1.0000e-03 6.5200e-05 8.2914e-05 4.1725e-04 6.2749e-05 2.0182e-01 2.0166e-05
47 0.0000e+00 9.2300e-05 6.3448e-05 3.6488e-04 6.3448e-05 2.0152e-01 0.0000e+00
48 5.0000e-04 1.1300e-04 7.1199e-05 3.6839e-04 6.4048e-05 2.0121e-01 7.1509e-06
49 0.0000e+00 1.2500e-04 6.4660e-05 3.2804e-04 6.4660e-05 2.0095e-01 0.0000e+00
50 1.0000e-03 1.3050e-04 8.0855e-05 3.8333e-04 6.5194e-05 2.0063e-01 1.5661e-05
51 2.5000e-03 1.2500e-04 1.2495e-04 5.9556e-04 6.5846e-05 2.0010e-01 5.9102e-05
52 3.0000e-03 1.1300e-04 1.4143e-04 8.2791e-04 6.6945e-05 1.9934e-01 7.4484e-05
53 2.5000e-03 9.2300e-05 1.3040e-04 9.8059e-04 6.8556e-05 1.9843e-01 6.1841e-05
54 3.0000e-03 6.5200e-05 1.4587e-04 1.1779e-03 7.0538e-05 1.9732e-01 7.5331e-05
55 2.5000e-03 3.1600e-05 1.3610e-04 1.3002e-03 7.3022e-05 1.9610e-01 6.3080e-05
56 2.0000e-03 0.0000e+00 1.2687e-04 1.3622e-03 7.5876e-05 1.9481e-01 5.0996e-05
57 1.0000e-03 0.0000e+00 1.0490e-04 1.3136e-03 7.8989e-05 1.9357e-01 2.5907e-05
58 1.0000e-03 0.0000e+00 1.0800e-04 1.2781e-03 8.2096e-05 1.9238e-01 2.5907e-05
59 0.0000e+00 0.0000e+00 8.5222e-05 1.1336e-03 8.5222e-05 1.9133e-01 0.0000e+00
60 5.0000e-04 0.0000e+00 1.0101e-04 1.0702e-03 8.8060e-05 1.9035e-01 1.2954e-05
61 5.0000e-04 0.0000e+00 1.0376e-04 1.0110e-03 9.0805e-05 1.8943e-01 1.2954e-05
62 0.0000e+00 0.0000e+00 9.3454e-05 8.9992e-04 9.3454e-05 1.8862e-01 0.0000e+00
63 0.0000e+00 0.0000e+00 9.5839e-05 8.0504e-04 9.5839e-05 1.8791e-01 0.0000e+00
64 0.0000e+00 0.0000e+00 9.7987e-05 7.2101e-04 9.7987e-05 1.8729e-01 0.0000e+00
65 0.0000e+00 0.0000e+00 9.9913e-05 6.4630e-04 9.9913e-05 1.8674e-01 0.0000e+00
66 0.0000e+00 0.0000e+00 1.0163e-04 5.7976e-04 1.0163e-04 1.8626e-01 0.0000e+00
67 0.0000e+00 0.0000e+00 1.0316e-04 5.2041e-04 1.0316e-04 1.8585e-01 0.0000e+00
68 0.0000e+00 0.0000e+00 1.0452e-04 4.6743e-04 1.0452e-04 1.8548e-01 0.0000e+00
69 0.0000e+00 4.1400e-05 1.0571e-04 4.2009e-04 1.0571e-04 1.8517e-01 0.0000e+00
70 0.0000e+00 7.9800e-05 1.0675e-04 3.7776e-04 1.0675e-04 1.8490e-01 0.0000e+00
71 0.0000e+00 1.1290e-04 1.0766e-04 3.3989e-04 1.0766e-04 1.8467e-01 0.0000e+00
72 0.0000e+00 1.3830e-04 1.0845e-04 3.0597e-04 1.0845e-04 1.8447e-01 0.0000e+00
73 0.0000e+00 1.5300e-04 1.0912e-04 2.7558e-04 1.0912e-04 1.8430e-01 0.0000e+00
74 0.0000e+00 1.5980e-04 1.0969e-04 2.4834e-04 1.0969e-04 1.8416e-01 0.0000e+00
75 0.0000e+00 1.5300e-04 1.1016e-04 2.2390e-04 1.1016e-04 1.8405e-01 0.0000e+00
76 0.0000e+00 1.3830e-04 1.1055e-04 2.0196e-04 1.1055e-04 1.8396e-01 0.0000e+00
77 0.0000e+00 1.1290e-04 1.1087e-04 1.8226e-04 1.1087e-04 1.8389e-01 0.0000e+00
78 0.0000e+00 7.9800e-05 1.1112e-04 1.6455e-04 1.1112e-04 1.8383e-01 0.0000e+00
79 0.0000e+00 3.8700e-05 1.1130e-04 1.4864e-04 1.1130e-04 1.8380e-01 0.0000e+00
80 0.0000e+00 0.0000e+00 1.1143e-04 1.3432e-04 1.1143e-04 1.8377e-01 0.0000e+00
81 0.0000e+00 0.0000e+00 1.1151e-04 1.2143e-04 1.1151e-04 1.8376e-01 0.0000e+00
82 0.0000e+00 0.0000e+00 1.1155e-04 1.0982e-04 1.1155e-04 1.8377e-01 0.0000e+00
83 0.0000e+00 0.0000e+00 1.1154e-04 9.9367e-05 1.1154e-04 1.8378e-01 0.0000e+00
84 0.0000e+00 0.0000e+00 1.1150e-04 8.9942e-05 1.1150e-04 1.8380e-01 0.0000e+00
85 0.0000e+00 0.0000e+00 1.1143e-04 8.1443e-05 1.1143e-04 1.8383e-01 0.0000e+00
86 0.0000e+00 0.0000e+00 1.1132e-04 7.3776e-05 1.1132e-04 1.8387e-01 0.0000e+00
87 0.0000e+00 0.0000e+00 1.1119e-04 6.6855e-05 1.1119e-04 1.8391e-01 0.0000e+00
88 0.0000e+00 0.0000e+00 1.1104e-04 6.0606e-05 1.1104e-04 1.8396e-01 0.0000e+00
89 0.0000e+00 0.0000e+00 1.1086e-04 5.4960e-05 1.1086e-04 1.8402e-01 0.0000e+00
90 0.0000e+00 0.0000e+00 1.1067e-04 4.9858e-05 1.1067e-04 1.8408e-01 0.0000e+00
91 0.0000e+00 0.0000e+00 1.1046e-04 4.5245e-05 1.1046e-04 1.8414e-01 0.0000e+00
92 0.0000e+00 0.0000e+00 1.1023e-04 4.1072e-05 1.1023e-04 1.8421e-01 0.0000e+00
93 0.0000e+00 1.9100e-05 1.1000e-04 3.7297e-05 1.1000e-04 1.8429e-01 0.0000e+00
94 0.0000e+00 3.6800e-05 1.0975e-04 3.3879e-05 1.0975e-04 1.8436e-01 0.0000e+00
95 0.0000e+00 5.2100e-05 1.0949e-04 3.0784e-05 1.0949e-04 1.8444e-01 0.0000e+00
96 0.0000e+00 6.3800e-05 1.0922e-04 2.7980e-05 1.0922e-04 1.8452e-01 0.0000e+00
97 5.0000e-04 7.0600e-05 1.0894e-04 2.5440e-05 1.0894e-04 1.8460e-01 0.0000e+00
98 5.0000e-04 7.3700e-05 1.0866e-04 2.3137e-05 1.0866e-04 1.8469e-01 0.0000e+00
99 0.0000e+00 7.0600e-05 1.0837e-04 2.1048e-05 1.0837e-04 1.8478e-01 0.0000e+00
100 0.0000e+00 6.3800e-05 1.0807e-04 1.9154e-05 1.0807e-04 1.8487e-01 0.0000e+00
101 0.0000e+00 5.2100e-05 1.0777e-04 1.7435e-05 1.0777e-04 1.8496e-01 0.0000e+00
102 0.0000e+00 3.6800e-05 1.0747e-04 1.5874e-05 1.0747e-04 1.8505e-01 0.0000e+00
103 0.0000e+00 1.7800e-05 1.0716e-04 1.4457e-05 1.0716e-04 1.8514e-01 0.0000e+00
104 0.0000e+00 0.0000e+00 1.0685e-04 1.3170e-05 1.0685e-04 1.8523e-01 0.0000e+00
105 0.0000e+00 0.0000e+00 1.0654e-04 1.2001e-05 1.0654e-04 1.8533e-01 0.0000e+00
106 0.0000e+00 0.0000e+00 1.0622e-04 1.0938e-05 1.0622e-04 1.8542e-01 0.0000e+00
107 0.0000e+00 0.0000e+00 1.0591e-04 9.9713e-06 1.0591e-04 1.8552e-01 0.0000e+00
108 0.0000e+00 0.0000e+00 1.0559e-04 9.0928e-06 1.0559e-04 1.8562e-01 0.0000e+00
109 0.0000e+00 0.0000e+00 1.0527e-04 8.2937e-06 1.0527e-04 1.8571e-01 0.0000e+00
110 0.0000e+00 0.0000e+00 1.0495e-04 7.5666e-06 1.0495e-04 1.8581e-01 0.0000e+00
111 5.0000e-04 0.0000e+00 1.0463e-04 6.9048e-06 1.0463e-04 1.8591e-01 0.0000e+00
112 0.0000e+00 0.0000e+00 1.0432e-04 6.3023e-06 1.0432e-04 1.8601e-01 0.0000e+00
113 0.0000e+00 0.0000e+00 1.0400e-04 5.7536e-06 1.0400e-04 1.8611e-01 0.0000e+00
114 0.0000e+00 0.0000e+00 1.0368e-04 5.2539e-06 1.0368e-04 1.8620e-01 0.0000e+00
115 0.0000e+00 0.0000e+00 1.0336e-04 4.7987e-06 1.0336e-04 1.8630e-01 0.0000e+00
116 0.0000e+00 0.0000e+00 1.0304e-04 4.3838e-06 1.0304e-04 1.8640e-01 0.0000e+00
117 0.0000e+00 1.0200e-05 1.0272e-04 4.0056e-06 1.0272e-04 1.8650e-01 0.0000e+00
118 0.0000e+00 1.9800e-05 1.0241e-04 3.6601e-06 1.0241e-04 1.8660e-01 0.0000e+00
119 0.0000e+00 2.8000e-05 1.0209e-04 3.3458e-06 1.0209e-04 1.8670e-01 0.0000e+00
120 0.0000e+00 3.4200e-05 1.0178e-04 3.0591e-06 1.0178e-04 1.8680e-01 0.0000e+00
121 0.0000e+00 3.7900e-05 1.0146e-04 2.7974e-06 1.0146e-04 1.8689e-01 0.0000e+00
122 0.0000e+00 3.9500e-05 1.0115e-04 2.5587e-06 1.0115e-04 1.8699e-01 0.0000e+00
123 0.0000e+00 3.7900e-05 1.0084e-04 2.3408e-06 1.0084e-04 1.8709e-01 0.0000e+00
124 0.0000e+00 3.4200e-05 1.0053e-04 2.1418e-06 1.0053e-04 1.8719e-01 0.0000e+00
125 0.0000e+00 2.8000e-05 1.0022e-04 1.9601e-06 1.0022e-04 1.8729e-01 0.0000e+00
126 0.0000e+00 1.9800e-05 9.9915e-05 1.7941e-06 9.9915e-05 1.8739e-01 0.0000e+00
127 0.0000e+00 9.6000e-06 9.9609e-05 1.6425e-06 9.9609e-05 1.8748e-01 0.0000e+00
128 0.0000e+00 0.0000e+00 9.9305e-05 1.5040e-06 9.9305e-05 1.8758e-01 0.0000e+00
129 0.0000e+00 0.0000e+00 9.9002e-05 1.3766e-06 9.9002e-05 1.8768e-01 0.0000e+00
130 0.0000e+00 0.0000e+00 9.8700e-05 1.2610e-06 9.8700e-05 1.8778e-01 0.0000e+00
131 0.0000e+00 0.0000e+00 9.8400e-05 1.1553e-06 9.8400e-05 1.8787e-01 0.0000e+00
132 0.0000e+00 0.0000e+00 9.8101e-05 1.0586e-06 9.8101e-05 1.8797e-01 0.0000e+00
133 0.0000e+00 0.0000e+00 9.7804e-05 9.7017e-07 9.7804e-05 1.8807e-01 0.0000e+00
134 0.0000e+00 0.0000e+00 9.7509e-05 8.8927e-07 9.7509e-05 1.8817e-01 0.0000e+00
135 0.0000e+00 0.0000e+00 9.7215e-05 8.1524e-07 9.7215e-05 1.8826e-01 0.0000e+00
136 0.0000e+00 0.0000e+00 9.6922e-05 7.4750e-07 9.6922e-05 1.8836e-01 0.0000e+00
137 0.0000e+00 0.0000e+00 9.6632e-05 6.8549e-07 9.6632e-05 1.8845e-01 0.0000e+00
138 0.0000e+00 0.0000e+00 9.6342e-05 6.2872e-07 9.6342e-05 1.8855e-01 0.0000e+00
139 0.0000e+00 0.0000e+00 9.6055e-05 5.7674e-07 9.6055e-05 1.8864e-01 0.0000e+00
140 0.0000e+00 0.0000e+00 9.5768e-05 5.2914e-07 9.5768e-05 1.8874e-01 0.0000e+00
141 5.0000e-04 4.1400e-05 9.5484e-05 4.8479e-07 9.5484e-05 1.8884e-01 0.0000e+00
142 0.0000e+00 7.9900e-05 9.5201e-05 4.4495e-07 9.5201e-05 1.8893e-01 0.0000e+00
143 0.0000e+00 1.1300e-04 9.4919e-05 4.0843e-07 9.4919e-05 1.8902e-01 0.0000e+00
144 0.0000e+00 1.3840e-04 9.4639e-05 3.7497e-07 9.4639e-05 1.8912e-01 0.0000e+00
145 0.0000e+00 1.5310e-04 9.4361e-05 3.4429e-07 9.4361e-05 1.8921e-01 0.0000e+00
146 0.0000e+00 1.5990e-04 9.4084e-05 3.1617e-07 9.4084e-05 1.8931e-01 0.0000e+00
147 0.0000e+00 1.5310e-04 9.3809e-05 2.9038e-07 9.3809e-05 1.8940e-01 0.0000e+00
148 0.0000e+00 1.3840e-04 9.3535e-05 2.6673e-07 9.3535e-05 1.8949e-01 0.0000e+00
149 0.0000e+00 1.1300e-04 9.3263e-05 2.4505e-07 9.3263e-05 1.8959e-01 0.0000e+00
150 0.0000e+00 7.9900e-05 9.2992e-05 2.2515e-07 9.2992e-05 1.8968e-01 0.0000e+00
151 0.0000e+00 3.8700e-05 9.2723e-05 2.0689e-07 9.2723e-05 1.8977e-01 0.0000e+00
152 0.0000e+00 0.0000e+00 9.2455e-05 1.8923e-07 9.2455e-05 1.8986e-01 0.0000e+00
153 0.0000e+00 0.0000e+00 9.2189e-05 1.7396e-07 9.2189e-05 1.8996e-01 0.0000e+00
154 0.0000e+00 0.0000e+00 9.1924e-05 1.5995e-07 9.1924e-05 1.9005e-01 0.0000e+00
155 0.0000e+00 0.0000e+00 9.1661e-05 1.4708e-07 9.1661e-05 1.9014e-01 0.0000e+00
156 0.0000e+00 0.0000e+00 9.1399e-05 1.3526e-07 9.1399e-05 1.9023e-01 0.0000e+00
157 0.0000e+00 0.0000e+00 9.1139e-05 1.2441e-07 9.1139e-05 1.9032e-01 0.0000e+00
158 0.0000e+00 0.0000e+00 9.0880e-05 1.1444e-07 9.0880e-05 1.9041e-01 0.0000e+00
159 0.0000e+00 0.0000e+00 9.0623e-05 1.0528e-07 9.0623e-05 1.9050e-01 0.0000e+00
160 0.0000e+00 0.0000e+00 9.0367e-05 9.6870e-08 9.0367e-05 1.9059e-01 0.0000e+00
161 0.0000e+00 0.0000e+00 9.0112e-05 8.9138e-08 9.0112e-05 1.9068e-01 0.0000e+00
162 0.0000e+00 0.0000e+00 8.9859e-05 8.2033e-08 8.9859e-05 1.9077e-01 0.0000e+00
163 0.0000e+00 0.0000e+00 8.9607e-05 7.4188e-08 8.9607e-05 1.9086e-01 0.0000e+00
164 0.0000e+00 0.0000e+00 8.9357e-05 6.8323e-08 8.9357e-05 1.9095e-01 0.0000e+00
165 0.0000e+00 1.7800e-05 8.9108e-05 6.2927e-08 8.9108e-05 1.9104e-01 0.0000e+00
166 0.0000e+00 3.4400e-05 8.8860e-05 5.7964e-08 8.8860e-05 1.9113e-01 0.0000e+00
167 0.0000e+00 4.8600e-05 8.8614e-05 5.3396e-08 8.8614e-05 1.9122e-01 0.0000e+00
168 0.0000e+00 5.9500e-05 8.8369e-05 4.9193e-08 8.8369e-05 1.9131e-01 0.0000e+00
169 0.0000e+00 6.5900e-05 8.8126e-05 4.5326e-08 8.8126e-05 1.9139e-01 0.0000e+00
170 0.0000e+00 6.8800e-05 8.7884e-05 4.1766e-08 8.7884e-05 1.9148e-01 0.0000e+00
171 0.0000e+00 6.5900e-05 8.7643e-05 3.8489e-08 8.7643e-05 1.9157e-01 0.0000e+00
172 0.0000e+00 5.9500e-05 8.7403e-05 3.5473e-08 8.7403e-05 1.9166e-01 0.0000e+00
173 0.0000e+00 4.8600e-05 8.7165e-05 3.2696e-08 8.7165e-05 1.9174e-01 0.0000e+00
174 0.0000e+00 3.4400e-05 8.6928e-05 3.0139e-08 8.6928e-05 1.9183e-01 0.0000e+00
175 0.0000e+00 1.6600e-05 8.6692e-05 2.6370e-08 8.6692e-05 1.9192e-01 0.0000e+00
176 0.0000e+00 0.0000e+00 8.6457e-05 2.4336e-08 8.6457e-05 1.9200e-01 0.0000e+00
177 0.0000e+00 0.0000e+00 8.6224e-05 2.2462e-08 8.6224e-05 1.9209e-01 0.0000e+00
178 0.0000e+00 0.0000e+00 8.5992e-05 2.0733e-08 8.5992e-05 1.9218e-01 0.0000e+00
179 0.0000e+00 0.0000e+00 8.5762e-05 1.9138e-08 8.5762e-05 1.9226e-01 0.0000e+00
180 0.0000e+00 0.0000e+00 8.5532e-05 1.7668e-08 8.5532e-05 1.9235e-01 0.0000e+00
181 0.0000e+00 0.0000e+00 8.5304e-05 1.6311e-08 8.5304e-05 1.9243e-01 0.0000e+00
182 0.0000e+00 0.0000e+00 8.5077e-05 1.5060e-08 8.5077e-05 1.9252e-01 0.0000e+00
183 0.0000e+00 0.0000e+00 8.4851e-05 1.3906e-08 8.4851e-05 1.9260e-01 0.0000e+00
184 0.0000e+00 0.0000e+00 8.4626e-05 1.2841e-08 8.4626e-05 1.9269e-01 0.0000e+00
185 0.0000e+00 0.0000e+00 8.4403e-05 1.1858e-08 8.4403e-05 1.9277e-01 0.0000e+00
186 0.0000e+00 0.0000e+00 8.4181e-05 1.0952e-08 8.4181e-05 1.9286e-01 0.0000e+00
187 0.0000e+00 0.0000e+00 8.3959e-05 8.9141e-09 8.3959e-05 1.9294e-01 0.0000e+00
188 0.0000e+00 0.0000e+00 8.3739e-05 8.2470e-09 8.3739e-05 1.9302e-01 0.0000e+00
189 0.0000e+00 4.5600e-05 8.3521e-05 7.6302e-09 8.3521e-05 1.9311e-01 0.0000e+00
190 5.0000e-04 8.7900e-05 8.3303e-05 7.0599e-09 8.3303e-05 1.9319e-01 0.0000e+00
191 0.0000e+00 1.2440e-04 8.3086e-05 6.5326e-09 8.3086e-05 1.9327e-01 0.0000e+00
192 0.0000e+00 1.5230e-04 8.2871e-05 6.0449e-09 8.2871e-05 1.9336e-01 0.0000e+00
193 0.0000e+00 1.6850e-04 8.2657e-05 5.5940e-09 8.2657e-05 1.9344e-01 0.0000e+00
194 0.0000e+00 1.7590e-04 8.2443e-05 5.1769e-09 8.2443e-05 1.9352e-01 0.0000e+00
195 0.0000e+00 1.6850e-04 8.2231e-05 4.7912e-09 8.2231e-05 1.9360e-01 0.0000e+00
196 0.0000e+00 1.5230e-04 8.2020e-05 4.4344e-09 8.2020e-05 1.9369e-01 0.0000e+00
197 0.0000e+00 1.2440e-04 8.1810e-05 4.1044e-09 8.1810e-05 1.9377e-01 0.0000e+00
198 0.0000e+00 8.7900e-05 8.1601e-05 2.8482e-09 8.1601e-05 1.9385e-01 0.0000e+00
199 0.0000e+00 4.2600e-05 8.1394e-05 2.6426e-09 8.1394e-05 1.9393e-01 0.0000e+00
200 0.0000e+00 0.0000e+00 8.1187e-05 2.4518e-09 8.1187e-05 1.9401e-01 0.0000e+00
201 0.0000e+00 0.0000e+00 8.0981e-05 2.2749e-09 8.0981e-05 1.9409e-01 0.0000e+00
202 0.0000e+00 0.0000e+00 8.0776e-05 2.1109e-09 8.0776e-05 1.9417e-01 0.0000e+00
203 0.0000e+00 0.0000e+00 8.0573e-05 1.9587e-09 8.0573e-05 1.9425e-01 0.0000e+00
204 0.0000e+00 0.0000e+00 8.0370e-05 1.8176e-09 8.0370e-05 1.9433e-01 0.0000e+00
205 0.0000e+00 0.0000e+00 8.0169e-05 1.6867e-09 8.0169e-05 1.9441e-01 0.0000e+00
206 0.0000e+00 0.0000e+00 7.9968e-05 1.5653e-09 7.9968e-05 1.9449e-01 0.0000e+00
207 0.0000e+00 0.0000e+00 7.9768e-05 1.4526e-09 7.9768e-05 1.9457e-01 0.0000e+00
208 0.0000e+00 0.0000e+00 7.9570e-05 1.3482e-09 7.9570e-05 1.9465e-01 0.0000e+00
209 0.0000e+00 0.0000e+00 7.9372e-05 1.2513e-09 7.9372e-05 1.9473e-01 0.0000e+00
210 0.0000e+00 0.0000e+00 7.9176e-05 6.1514e-10 7.9176e-05 1.9481e-01 0.0000e+00
211 0.0000e+00 0.0000e+00 7.8980e-05 5.7262e-10 7.8980e-05 1.9489e-01 0.0000e+00
212 0.0000e+00 0.0000e+00 7.8785e-05 5.3305e-10 7.8785e-05 1.9497e-01 0.0000e+00
213 0.0000e+00 4.9000e-05 7.8592e-05 4.9623e-10 7.8592e-05 1.9505e-01 0.0000e+00
214 0.0000e+00 9.4600e-05 7.8399e-05 4.6196e-10 7.8399e-05 1.9513e-01 0.0000e+00
215 0.0000e+00 1.3380e-04 7.8207e-05 4.3007e-10 7.8207e-05 1.9521e-01 0.0000e+00
216 0.0000e+00 1.6380e-04 7.8016e-05 4.0039e-10 7.8016e-05 1.9528e-01 0.0000e+00
217 0.0000e+00 1.8130e-04 7.7826e-05 3.7277e-10 7.7826e-05 1.9536e-01 0.0000e+00
218 0.0000e+00 1.8920e-04 7.7637e-05 3.4706e-10 7.7637e-05 1.9544e-01 0.0000e+00
219 0.0000e+00 1.8130e-04 7.7449e-05 3.2314e-10 7.7449e-05 1.9552e-01 0.0000e+00
220 0.0000e+00 1.6380e-04 7.7262e-05 3.0087e-10 7.7262e-05 1.9559e-01 0.0000e+00
221 0.0000e+00 1.3380e-04 7.7075e-05 2.8014e-10 7.7075e-05 1.9567e-01 0.0000e+00
222 0.0000e+00 9.4600e-05 7.6890e-05 6.3493e-11 7.6890e-05 1.9575e-01 0.0000e+00
223 0.0000e+00 4.5800e-05 7.6705e-05 5.9322e-11 7.6705e-05 1.9582e-01 0.0000e+00
224 0.0000e+00 0.0000e+00 7.6522e-05 5.5425e-11 7.6522e-05 1.9590e-01 0.0000e+00
225 0.0000e+00 0.0000e+00 7.6339e-05 5.1786e-11 7.6339e-05 1.9598e-01 0.0000e+00
226 0.0000e+00 0.0000e+00 7.6157e-05 4.8387e-11 7.6157e-05 1.9605e-01 0.0000e+00
227 0.0000e+00 0.0000e+00 7.5976e-05 4.5211e-11 7.5976e-05 1.9613e-01 0.0000e+00
228 0.0000e+00 0.0000e+00 7.5796e-05 4.2245e-11 7.5796e-05 1.9621e-01 0.0000e+00
229 0.0000e+00 0.0000e+00 7.5617e-05 3.9473e-11 7.5617e-05 1.9628e-01 0.0000e+00
230 0.0000e+00 0.0000e+00 7.5438e-05 3.6885e-11 7.5438e-05 1.9636e-01 0.0000e+00
231 0.0000e+00 0.0000e+00 7.5260e-05 3.4467e-11 7.5260e-05 1.9643e-01 0.0000e+00
232 0.0000e+00 0.0000e+00 7.5084e-05 3.2207e-11 7.5084e-05 1.9651e-01 0.0000e+00
233 0.0000e+00 0.0000e+00 7.4908e-05 3.0097e-11 7.4908e-05 1.9658e-01 0.0000e+00
234 0.0000e+00 0.0000e+00 7.4733e-05 0.0000e+00 7.4733e-05 1.9666e-01 0.0000e+00
235 0.0000e+00 0.0000e+00 7.4558e-05 0.0000e+00 7.4558e-05 1.9673e-01 0.0000e+00
236 0.0000e+00 0.0000e+00 7.4385e-05 0.0000e+00 7.4385e-05 1.9681e-01 0.0000e+00
237 0.0000e+00 5.1700e-05 7.4212e-05 0.0000e+00 7.4212e-05 1.9688e-01 0.0000e+00
238 0.0000e+00 9.9800e-05 7.4040e-05 0.0000e+00 7.4040e-05 1.9695e-01 0.0000e+00
239 0.0000e+00 1.4120e-04 7.3869e-05 0.0000e+00 7.3869e-05 1.9703e-01 0.0000e+00
240 0.0000e+00 1.7290e-04 7.3699e-05 0.0000e+00 7.3699e-05 1.9710e-01 0.0000e+00
241 5.0000e-04 1.9130e-04 7.3529e-05 0.0000e+00 7.3529e-05 1.9717e-01 0.0000e+00
242 1.0000e-03 1.9970e-04 7.3360e-05 0.0000e+00 7.3360e-05 1.9725e-01 0.0000e+00
243 0.0000e+00 1.9130e-04 7.3192e-05 0.0000e+00 7.3192e-05 1.9732e-01 0.0000e+00
244 0.0000e+00 1.7290e-04 7.3025e-05 0.0000e+00 7.3025e-05 1.9739e-01 0.0000e+00
245 0.0000e+00 1.4120e-04 7.2859e-05 0.0000e+00 7.2859e-05 1.9747e-01 0.0000e+00
246 0.0000e+00 9.9800e-05 7.2693e-05 0.0000e+00 7.2693e-05 1.9754e-01 0.0000e+00
247 0.0000e+00 4.8300e-05 7.2528e-05 0.0000e+00 7.2528e-05 1.9761e-01 0.0000e+00
248 0.0000e+00 0.0000e+00 7.2364e-05 0.0000e+00 7.2364e-05 1.9768e-01 0.0000e+00
249 0.0000e+00 0.0000e+00 7.2200e-05 0.0000e+00 7.2200e-05 1.9776e-01 0.0000e+00
250 0.0000e+00 0.0000e+00 7.2038e-05 0.0000e+00 7.2038e-05 1.9783e-01 0.0000e+00
251 0.0000e+00 0.0000e+00 7.1876e-05 0.0000e+00 7.1876e-05 1.9790e-01 0.0000e+00
252 0.0000e+00 0.0000e+00 7.1714e-05 0.0000e+00 7.1714e-05 1.9797e-01 0.0000e+00
253 1.0000e-03 0.0000e+00 7.1554e-05 0.0000e+00 7.1554e-05 1.9804e-01 0.0000e+00
254 0.0000e+00 0.0000e+00 7.1394e-05 0.0000e+00 7.1394e-05 1.9812e-01 0.0000e+00
255 0.0000e+00 0.0000e+00 7.1235e-05 0.0000e+00 7.1235e-05 1.9819e-01 0.0000e+00
256 0.0000e+00 0.0000e+00 7.1077e-05 0.0000e+00 7.1077e-05 1.9826e-01 0.0000e+00
257 0.0000e+00 0.0000e+00 7.0919e-05 0.0000e+00 7.0919e-05 1.9833e-01 0.0000e+00
258 0.0000e+00 0.0000e+00 7.0762e-05 0.0000e+00 7.0762e-05 1.9840e-01 0.0000e+00
259 0.0000e+00 0.0000e+00 7.0606e-05 0.0000e+00 7.0606e-05 1.9847e-01 0.0000e+00
260 0.0000e+00 0.0000e+00 7.0450e-05 0.0000e+00 7.0450e-05 1.9854e-01 0.0000e+00
261 0.0000e+00 7.5200e-05 7.0295e-05 0.0000e+00 7.0295e-05 1.9861e-01 0.0000e+00
262 1.0000e-03 1.4510e-04 7.0141e-05 0.0000e+00 7.0141e-05 1.9868e-01 0.0000e+00
263 0.0000e+00 2.0520e-04 6.9987e-05 0.0000e+00 6.9987e-05 1.9875e-01 0.0000e+00
264 0.0000e+00 2.5130e-04 6.9834e-05 0.0000e+00 6.9834e-05 1.9882e-01 0.0000e+00
265 0.0000e+00 2.7800e-04 6.9682e-05 0.0000e+00 6.9682e-05 1.9889e-01 0.0000e+00
266 0.0000e+00 2.9030e-04 6.9530e-05 0.0000e+00 6.9530e-05 1.9896e-01 0.0000e+00
267 0.0000e+00 2.7800e-04 6.9380e-05 0.0000e+00 6.9380e-05 1.9903e-01 0.0000e+00
268 0.0000e+00 2.5130e-04 6.9229e-05 0.0000e+00 6.9229e-05 1.9910e-01 0.0000e+00
269 0.0000e+00 2.0520e-04 6.9080e-05 0.0000e+00 6.9080e-05 1.9917e-01 0.0000e+00
270 0.0000e+00 1.4510e-04 6.8931e-05 0.0000e+00 6.8931e-05 1.9924e-01 0.0000e+00
271 0.0000e+00 7.0200e-05 6.8782e-05 0.0000e+00 6.8782e-05 1.9931e-01 0.0000e+00
272 0.0000e+00 0.0000e+00 6.8635e-05 0.0000e+00 6.8635e-05 1.9937e-01 0.0000e+00
273 0.0000e+00 0.0000e+00 6.8488e-05 0.0000e+00 6.8488e-05 1.9944e-01 0.0000e+00
274 0.0000e+00 0.0000e+00 6.8341e-05 0.0000e+00 6.8341e-05 1.9951e-01 0.0000e+00
275 0.0000e+00 0.0000e+00 6.8195e-05 0.0000e+00 6.8195e-05 1.9958e-01 0.0000e+00
276 0.0000e+00 0.0000e+00 6.8050e-05 0.0000e+00 6.8050e-05 1.9965e-01 0.0000e+00
277 0.0000e+00 0.0000e+00 6.7906e-05 0.0000e+00 6.7906e-05 1.9971e-01 0.0000e+00
278 0.0000e+00 0.0000e+00 6.7762e-05 0.0000e+00 6.7762e-05 1.9978e-01 0.0000e+00
279 0.0000e+00 0.0000e+00 6.7618e-05 0.0000e+00 6.7618e-05 1.9985e-01 0.0000e+00
280 0.0000e+00 0.0000e+00 6.7476e-05 0.0000e+00 6.7476e-05 1.9992e-01 0.0000e+00
281 0.0000e+00 0.0000e+00 6.7334e-05 0.0000e+00 6.7334e-05 1.9999e-01 0.0000e+00
282 0.0000e+00 0.0000e+00 6.7192e-05 0.0000e+00 6.7192e-05 2.0005e-01 0.0000e+00
283 1.0000e-03 0.0000e+00 6.7051e-05 0.0000e+00 6.7051e-05 2.0012e-01 0.0000e+00
284 5.0000e-04 0.0000e+00 6.6911e-05 0.0000e+00 6.6911e-05 2.0019e-01 0.0000e+00
285 2.5000e-03 2.4400e-05 7.0928e-05 1.7462e-05 6.6771e-05 2.0024e-01 4.1574e-06
286 6.0000e-03 4.7000e-05 2.2145e-04 6.6445e-04 6.6668e-05 1.9964e-01 1.5478e-04
287 4.0000e-03 6.6500e-05 1.7034e-04 9.8081e-04 6.7925e-05 1.9872e-01 1.0241e-04
288 1.5000e-03 8.1400e-05 1.0703e-04 9.9916e-04 6.9891e-05 1.9780e-01 3.7138e-05
289 0.0000e+00 9.0100e-05 7.1950e-05 8.7527e-04 7.1950e-05 1.9699e-01 0.0000e+00
290 0.0000e+00 9.4000e-05 7.3779e-05 7.7677e-04 7.3779e-05 1.9629e-01 0.0000e+00
291 5.0000e-04 9.0100e-05 8.1506e-05 7.1761e-04 7.5418e-05 1.9565e-01 6.0874e-06
292 0.0000e+00 8.1400e-05 7.6947e-05 6.3837e-04 7.6947e-05 1.9509e-01 0.0000e+00
293 0.0000e+00 6.6500e-05 7.8309e-05 5.7012e-04 7.8309e-05 1.9459e-01 0.0000e+00
294 1.5000e-03 4.7000e-05 1.1223e-04 6.5224e-04 7.9522e-05 1.9402e-01 3.2705e-05
295 1.0000e-03 2.2800e-05 1.0565e-04 6.8124e-04 8.0958e-05 1.9342e-01 2.4690e-05
296 0.0000e+00 0.0000e+00 8.2491e-05 6.0023e-04 8.2491e-05 1.9290e-01 0.0000e+00
297 0.0000e+00 0.0000e+00 8.3836e-05 5.3537e-04 8.3836e-05 1.9245e-01 0.0000e+00
298 0.0000e+00 0.0000e+00 8.5028e-05 4.7862e-04 8.5028e-05 1.9206e-01 0.0000e+00
299 0.0000e+00 0.0000e+00 8.6080e-05 4.2856e-04 8.6080e-05 1.9172e-01 0.0000e+00
300 0.0000e+00 0.0000e+00 8.7006e-05 3.8422e-04 8.7006e-05 1.9142e-01 0.0000e+00
301 0.0000e+00 0.0000e+00 8.7818e-05 3.4483e-04 8.7818e-05 1.9116e-01 0.0000e+00
302 0.0000e+00 0.0000e+00 8.8526e-05 3.0977e-04 8.8526e-05 1.9094e-01 0.0000e+00
303 0.0000e+00 0.0000e+00 8.9140e-05 2.7850e-04 8.9140e-05 1.9075e-01 0.0000e+00
304 0.0000e+00 0.0000e+00 8.9669e-05 2.5059e-04 8.9669e-05 1.9059e-01 0.0000e+00
305 0.0000e+00 0.0000e+00 9.0121e-05 2.2564e-04 9.0121e-05 1.9045e-01 0.0000e+00
306 0.0000e+00 0.0000e+00 9.0504e-05 2.0332e-04 9.0504e-05 1.9034e-01 0.0000e+00
307 0.0000e+00 0.0000e+00 9.0824e-05 1.8332e-04 9.0824e-05 1.9025e-01 0.0000e+00
308 0.0000e+00 0.0000e+00 9.1086e-05 1.6539e-04 9.1086e-05 1.9017e-01 0.0000e+00
309 0.0000e+00 2.8800e-05 9.1298e-05 1.4931e-04 9.1298e-05 1.9012e-01 0.0000e+00
310 5.0000e-04 5.5500e-05 1.0308e-04 1.8697e-04 9.1464e-05 1.9002e-01 1.1617e-05
311 0.0000e+00 7.8500e-05 9.1737e-05 1.6396e-04 9.1737e-05 1.8995e-01 0.0000e+00
312 0.0000e+00 9.6200e-05 9.1945e-05 1.4682e-04 9.1945e-05 1.8989e-01 0.0000e+00
313 0.0000e+00 1.0640e-04 9.2102e-05 1.3184e-04 9.2102e-05 1.8985e-01 0.0000e+00
314 0.0000e+00 1.1110e-04 9.2217e-05 1.1860e-04 9.2217e-05 1.8983e-01 0.0000e+00
315 0.0000e+00 1.0640e-04 9.2293e-05 1.0683e-04 9.2293e-05 1.8981e-01 0.0000e+00
316 0.0000e+00 9.6200e-05 9.2335e-05 9.6321e-05 9.2335e-05 1.8981e-01 0.0000e+00
317 5.0000e-04 7.8500e-05 9.2346e-05 8.6927e-05 9.2346e-05 1.8981e-01 0.0000e+00
318 1.0000e-03 5.5500e-05 1.1241e-04 1.6876e-04 9.2331e-05 1.8974e-01 2.0079e-05
319 5.0000e-04 2.6900e-05 1.0407e-04 1.9554e-04 9.2551e-05 1.8964e-01 1.1516e-05
320 0.0000e+00 0.0000e+00 9.2850e-05 1.6927e-04 9.2850e-05 1.8956e-01 0.0000e+00
321 0.0000e+00 0.0000e+00 9.3072e-05 1.4999e-04 9.3072e-05 1.8950e-01 0.0000e+00
322 1.0000e-03 0.0000e+00 1.1845e-04 2.4708e-04 9.3237e-05 1.8935e-01 2.5211e-05
323 1.0000e-03 0.0000e+00 1.1959e-04 3.2761e-04 9.3687e-05 1.8911e-01 2.5907e-05
324 0.0000e+00 0.0000e+00 9.4374e-05 2.8056e-04 9.4374e-05 1.8893e-01 0.0000e+00
325 0.0000e+00 0.0000e+00 9.4925e-05 2.4750e-04 9.4925e-05 1.8878e-01 0.0000e+00
326 0.0000e+00 0.0000e+00 9.5379e-05 2.1944e-04 9.5379e-05 1.8865e-01 0.0000e+00
327 0.0000e+00 0.0000e+00 9.5749e-05 1.9516e-04 9.5749e-05 1.8855e-01 0.0000e+00
328 0.0000e+00 0.0000e+00 9.6047e-05 1.7397e-04 9.6047e-05 1.8847e-01 0.0000e+00
329 0.0000e+00 0.0000e+00 9.6281e-05 1.5538e-04 9.6281e-05 1.8842e-01 0.0000e+00
330 0.0000e+00 0.0000e+00 9.6459e-05 1.3899e-04 9.6459e-05 1.8837e-01 0.0000e+00
331 0.0000e+00 0.0000e+00 9.6587e-05 1.2451e-04 9.6587e-05 1.8834e-01 0.0000e+00
332 0.0000e+00 0.0000e+00 9.6672e-05 1.1168e-04 9.6672e-05 1.8833e-01 0.0000e+00
333 0.0000e+00 1.1200e-05 9.6717e-05 1.0028e-04 9.6717e-05 1.8833e-01 0.0000e+00
334 0.0000e+00 2.1600e-05 9.6728e-05 9.0142e-05 9.6728e-05 1.8833e-01 0.0000e+00
335 0.0000e+00 3.0600e-05 9.6708e-05 8.1103e-05 9.6708e-05 1.8835e-01 0.0000e+00
336 0.0000e+00 3.7400e-05 9.6661e-05 7.3034e-05 9.6661e-05 1.8837e-01 0.0000e+00
337 0.0000e+00 4.1400e-05 9.6589e-05 6.5821e-05 9.6589e-05 1.8840e-01 0.0000e+00
338 5.0000e-04 4.3200e-05 1.0577e-04 1.0147e-04 9.6497e-05 1.8840e-01 9.2737e-06
339 5.0000e-04 4.1400e-05 1.0835e-04 1.4112e-04 9.6512e-05 1.8835e-01 1.1835e-05
340 1.5000e-03 3.7400e-05 1.3443e-04 2.9254e-04 9.6646e-05 1.8816e-01 3.7789e-05
341 1.5000e-03 3.0600e-05 1.3513e-04 4.1728e-04 9.7240e-05 1.8784e-01 3.7892e-05
342 1.0000e-03 2.1600e-05 1.2333e-04 4.6819e-04 9.8217e-05 1.8747e-01 2.5115e-05
343 5.0000e-04 1.0500e-05 1.1175e-04 4.5937e-04 9.9359e-05 1.8711e-01 1.2394e-05
344 1.0000e-03 0.0000e+00 1.2612e-04 5.1752e-04 1.0048e-04 1.8669e-01 2.5635e-05
345 5.0000e-04 0.0000e+00 1.1476e-04 5.0702e-04 1.0180e-04 1.8628e-01 1.2954e-05
346 0.0000e+00 0.0000e+00 1.0310e-04 4.4267e-04 1.0310e-04 1.8595e-01 0.0000e+00
347 0.0000e+00 0.0000e+00 1.0420e-04 3.9141e-04 1.0420e-04 1.8566e-01 0.0000e+00
348 0.0000e+00 0.0000e+00 1.0514e-04 3.4718e-04 1.0514e-04 1.8542e-01 0.0000e+00
349 0.0000e+00 0.0000e+00 1.0594e-04 3.0865e-04 1.0594e-04 1.8521e-01 0.0000e+00
350 0.0000e+00 0.0000e+00 1.0661e-04 2.7490e-04 1.0661e-04 1.8504e-01 0.0000e+00
351 0.0000e+00 0.0000e+00 1.0717e-04 2.4522e-04 1.0717e-04 1.8491e-01 0.0000e+00
352 0.0000e+00 0.0000e+00 1.0764e-04 2.1906e-04 1.0764e-04 1.8480e-01 0.0000e+00
353 5.0000e-04 0.0000e+00 1.2096e-04 2.5638e-04 1.0801e-04 1.8465e-01 1.2954e-05
354 0.0000e+00 0.0000e+00 1.0851e-04 2.2338e-04 1.0851e-04 1.8453e-01 0.0000e+00
355 0.0000e+00 0.0000e+00 1.0890e-04 1.9888e-04 1.0890e-04 1.8444e-01 0.0000e+00
356 0.0000e+00 0.0000e+00 1.0921e-04 1.7751e-04 1.0921e-04 1.8437e-01 0.0000e+00
357 0.0000e+00 7.2300e-05 1.0944e-04 1.5871e-04 1.0944e-04 1.8432e-01 0.0000e+00
358 0.0000e+00 1.3960e-04 1.0961e-04 1.4211e-04 1.0961e-04 1.8429e-01 0.0000e+00
359 0.0000e+00 1.9750e-04 1.0972e-04 1.2740e-04 1.0972e-04 1.8427e-01 0.0000e+00
360 0.0000e+00 2.4180e-04 1.0978e-04 1.1434e-04 1.0978e-04 1.8427e-01 0.0000e+00
361 0.0000e+00 2.6750e-04 1.0980e-04 1.0272e-04 1.0980e-04 1.8428e-01 0.0000e+00
362 0.0000e+00 2.7930e-04 1.0977e-04 9.2358e-05 1.0977e-04 1.8429e-01 0.0000e+00
363 0.0000e+00 2.6750e-04 1.0971e-04 8.3111e-05 1.0971e-04 1.8432e-01 0.0000e+00
364 0.0000e+00 2.4180e-04 1.0962e-04 7.4847e-05 1.0962e-04 1.8436e-01 0.0000e+00
365 0.0000e+00 1.9750e-04 1.0950e-04 6.7452e-05 1.0950e-04 1.8440e-01 0.0000e+00
366 0.0000e+00 1.3960e-04 1.0936e-04 6.0829e-05 1.0936e-04 1.8445e-01 0.0000e+00
367 0.0000e+00 6.7600e-05 1.0920e-04 5.4890e-05 1.0920e-04 1.8450e-01 0.0000e+00
368 0.0000e+00 0.0000e+00 1.0901e-04 4.9561e-05 1.0901e-04 1.8456e-01 0.0000e+00
369 0.0000e+00 0.0000e+00 1.0881e-04 4.4774e-05 1.0881e-04 1.8462e-01 0.0000e+00
370 0.0000e+00 0.0000e+00 1.0859e-04 4.0471e-05 1.0859e-04 1.8469e-01 0.0000e+00
371 0.0000e+00 0.0000e+00 1.0836e-04 3.6601e-05 1.0836e-04 1.8476e-01 0.0000e+00
372 0.0000e+00 0.0000e+00 1.0812e-04 3.3117e-05 1.0812e-04 1.8484e-01 0.0000e+00
373 5.0000e-04 0.0000e+00 1.0786e-04 2.9980e-05 1.0786e-04 1.8492e-01 0.0000e+00
374 7.5000e-03 0.0000e+00 2.8377e-04 7.2479e-04 1.0760e-04 1.8430e-01 1.7617e-04
375 4.5000e-03 0.0000e+00 2.4292e-04 1.1268e-03 1.0970e-04 1.8328e-01 1.3322e-04
376 2.5000e-03 0.0000e+00 1.8719e-04 1.2511e-03 1.1324e-04 1.8214e-01 7.3954e-05
377 5.0000e-04 0.0000e+00 1.3274e-04 1.1369e-03 1.1734e-04 1.8113e-01 1.5400e-05
378 0.0000e+00 0.0000e+00 1.2114e-04 9.9471e-04 1.2114e-04 1.8025e-01 0.0000e+00
379 0.0000e+00 0.0000e+00 1.2449e-04 8.7560e-04 1.2449e-04 1.7950e-01 0.0000e+00
380 0.0000e+00 0.0000e+00 1.2745e-04 7.7283e-04 1.2745e-04 1.7886e-01 0.0000e+00
381 0.0000e+00 1.7400e-05 1.3004e-04 6.8359e-04 1.3004e-04 1.7830e-01 0.0000e+00
382 0.0000e+00 3.3600e-05 1.3231e-04 6.0573e-04 1.3231e-04 1.7783e-01 0.0000e+00
383 1.0000e-03 4.7500e-05 1.6526e-04 6.5218e-04 1.3428e-04 1.7731e-01 3.0974e-05
384 1.0000e-03 5.8200e-05 1.6756e-04 6.8768e-04 1.3647e-04 1.7676e-01 3.1087e-05
385 0.0000e+00 6.4300e-05 1.3885e-04 6.0180e-04 1.3885e-04 1.7630e-01 0.0000e+00
386 5.0000e-04 6.7200e-05 1.5319e-04 5.7790e-04 1.4087e-04 1.7586e-01 1.2323e-05
387 0.0000e+00 6.4300e-05 1.4281e-04 5.0905e-04 1.4281e-04 1.7549e-01 0.0000e+00
388 0.0000e+00 5.8200e-05 1.4445e-04 4.5095e-04 1.4445e-04 1.7519e-01 0.0000e+00
389 0.0000e+00 4.7500e-05 1.4584e-04 4.0034e-04 1.4584e-04 1.7493e-01 0.0000e+00
390 5.0000e-04 3.3600e-05 1.5560e-04 3.8848e-04 1.4700e-04 1.7469e-01 8.5909e-06
391 0.0000e+00 1.6300e-05 1.4812e-04 3.4350e-04 1.4812e-04 1.7450e-01 0.0000e+00
392 5.0000e-04 0.0000e+00 1.6372e-04 3.6111e-04 1.4903e-04 1.7428e-01 1.4691e-05
393 5.0000e-04 0.0000e+00 1.6634e-04 3.7938e-04 1.5002e-04 1.7405e-01 1.6319e-05
394 0.0000e+00 0.0000e+00 1.5110e-04 3.3196e-04 1.5110e-04 1.7387e-01 0.0000e+00
395 0.0000e+00 0.0000e+00 1.5195e-04 2.9357e-04 1.5195e-04 1.7373e-01 0.0000e+00
396 0.0000e+00 0.0000e+00 1.5263e-04 2.6045e-04 1.5263e-04 1.7362e-01 0.0000e+00
397 0.0000e+00 0.0000e+00 1.5314e-04 2.3157e-04 1.5314e-04 1.7354e-01 0.0000e+00
398 0.0000e+00 0.0000e+00 1.5352e-04 2.0624e-04 1.5352e-04 1.7349e-01 0.0000e+00
399 0.0000e+00 0.0000e+00 1.5377e-04 1.8394e-04 1.5377e-04 1.7346e-01 0.0000e+00
400 0.0000e+00 0.0000e+00 1.5392e-04 1.6426e-04 1.5392e-04 1.7345e-01 0.0000e+00
401 0.0000e+00 0.0000e+00 1.5396e-04 1.4684e-04 1.5396e-04 1.7346e-01 0.0000e+00
402 1.0000e-03 0.0000e+00 1.8657e-04 2.5627e-04 1.5393e-04 1.7336e-01 3.2638e-05
403 0.0000e+00 0.0000e+00 1.5442e-04 2.1887e-04 1.5442e-04 1.7329e-01 0.0000e+00
404 0.0000e+00 0.0000e+00 1.5473e-04 1.9205e-04 1.5473e-04 1.7325e-01 0.0000e+00
405 5.0000e-04 2.4600e-05 1.7123e-04 2.3203e-04 1.5492e-04 1.7318e-01 1.6319e-05
406 5.0000e-04 4.7400e-05 1.7081e-04 2.6027e-04 1.5529e-04 1.7307e-01 1.5516e-05
407 0.0000e+00 6.7100e-05 1.5580e-04 2.2482e-04 1.5580e-04 1.7300e-01 0.0000e+00
408 5.0000e-04 8.2200e-05 1.6872e-04 2.4562e-04 1.5614e-04 1.7291e-01 1.2584e-05
409 0.0000e+00 9.0900e-05 1.5657e-04 2.1309e-04 1.5657e-04 1.7286e-01 0.0000e+00
410 0.0000e+00 9.5000e-05 1.5685e-04 1.8736e-04 1.5685e-04 1.7283e-01 0.0000e+00
411 0.0000e+00 9.0900e-05 1.5700e-04 1.6541e-04 1.5700e-04 1.7282e-01 0.0000e+00
412 0.0000e+00 8.2200e-05 1.5704e-04 1.4646e-04 1.5704e-04 1.7283e-01 0.0000e+00
413 0.0000e+00 6.7100e-05 1.5699e-04 1.2997e-04 1.5699e-04 1.7286e-01 0.0000e+00
414 0.0000e+00 4.7400e-05 1.5686e-04 1.1556e-04 1.5686e-04 1.7290e-01 0.0000e+00
415 0.0000e+00 2.3000e-05 1.5665e-04 1.0291e-04 1.5665e-04 1.7295e-01 0.0000e+00
416 0.0000e+00 0.0000e+00 1.5639e-04 9.1778e-05 1.5639e-04 1.7302e-01 0.0000e+00
417 0.0000e+00 0.0000e+00 1.5608e-04 8.1954e-05 1.5608e-04 1.7309e-01 0.0000e+00
418 0.0000e+00 0.0000e+00 1.5571e-04 7.3265e-05 1.5571e-04 1.7317e-01 0.0000e+00
419 0.0000e+00 0.0000e+00 1.5531e-04 6.5567e-05 1.5531e-04 1.7326e-01 0.0000e+00
420 0.0000e+00 0.0000e+00 1.5488e-04 5.8734e-05 1.5488e-04 1.7336e-01 0.0000e+00
421 0.0000e+00 0.0000e+00 1.5441e-04 5.2660e-05 1.5441e-04 1.7346e-01 0.0000e+00
422 0.0000e+00 0.0000e+00 1.5392e-04 4.7254e-05 1.5392e-04 1.7357e-01 0.0000e+00
423 0.0000e+00 0.0000e+00 1.5341e-04 4.2435e-05 1.5341e-04 1.7368e-01 0.0000e+00
424 0.0000e+00 0.0000e+00 1.5288e-04 3.8136e-05 1.5288e-04 1.7379e-01 0.0000e+00
425 0.0000e+00 0.0000e+00 1.5233e-04 3.4296e-05 1.5233e-04 1.7391e-01 0.0000e+00
426 0.0000e+00 0.0000e+00 1.5177e-04 3.0863e-05 1.5177e-04 1.7403e-01 0.0000e+00
427 5.0000e-04 0.0000e+00 1.5120e-04 2.7791e-05 1.5120e-04 1.7415e-01 0.0000e+00
428 2.0000e-03 0.0000e+00 2.1342e-04 2.6400e-04 1.5062e-04 1.7404e-01 6.2801e-05
429 3.0000e-03 3.2600e-05 2.4907e-04 5.8939e-04 1.5115e-04 1.7360e-01 9.7913e-05
430 2.0000e-03 6.2900e-05 2.1745e-04 7.3537e-04 1.5324e-04 1.7302e-01 6.4211e-05
431 1.0000e-03 8.9000e-05 1.8664e-04 7.3985e-04 1.5605e-04 1.7244e-01 3.0585e-05
432 0.0000e+00 1.0900e-04 1.5892e-04 6.3449e-04 1.5892e-04 1.7196e-01 0.0000e+00
433 5.0000e-04 1.2060e-04 1.7117e-04 5.8983e-04 1.6130e-04 1.7153e-01 9.8629e-06
434 0.0000e+00 1.2590e-04 1.6348e-04 5.1306e-04 1.6348e-04 1.7118e-01 0.0000e+00
435 0.0000e+00 1.2060e-04 1.6527e-04 4.4937e-04 1.6527e-04 1.7090e-01 0.0000e+00
436 0.0000e+00 1.0900e-04 1.6675e-04 3.9487e-04 1.6675e-04 1.7067e-01 0.0000e+00
437 3.5000e-03 8.9000e-05 2.6669e-04 7.3434e-04 1.6794e-04 1.7011e-01 9.8749e-05
438 0.0000e+00 6.2900e-05 1.7094e-04 6.1871e-04 1.7094e-04 1.6966e-01 0.0000e+00
439 0.0000e+00 3.0500e-05 1.7335e-04 5.3791e-04 1.7335e-04 1.6929e-01 0.0000e+00
440 0.0000e+00 0.0000e+00 1.7533e-04 4.7069e-04 1.7533e-04 1.6900e-01 0.0000e+00
441 0.0000e+00 0.0000e+00 1.7696e-04 4.1343e-04 1.7696e-04 1.6876e-01 0.0000e+00
442 0.0000e+00 0.0000e+00 1.7827e-04 3.6414e-04 1.7827e-04 1.6857e-01 0.0000e+00
443 0.0000e+00 0.0000e+00 1.7931e-04 3.2144e-04 1.7931e-04 1.6843e-01 0.0000e+00
444 5.0000e-04 0.0000e+00 1.9048e-04 3.2567e-04 1.8011e-04 1.6829e-01 1.0372e-05
445 0.0000e+00 0.0000e+00 1.8093e-04 2.8477e-04 1.8093e-04 1.6818e-01 0.0000e+00
446 0.0000e+00 0.0000e+00 1.8152e-04 2.5146e-04 1.8152e-04 1.6811e-01 0.0000e+00
447 0.0000e+00 0.0000e+00 1.8192e-04 2.2263e-04 1.8192e-04 1.6807e-01 0.0000e+00
448 0.0000e+00 0.0000e+00 1.8215e-04 1.9747e-04 1.8215e-04 1.6806e-01 0.0000e+00
449 0.0000e+00 0.0000e+00 1.8223e-04 1.7542e-04 1.8223e-04 1.6806e-01 0.0000e+00
450 0.0000e+00 0.0000e+00 1.8220e-04 1.5604e-04 1.8220e-04 1.6809e-01 0.0000e+00
451 0.0000e+00 0.0000e+00 1.8205e-04 1.3897e-04 1.8205e-04 1.6813e-01 0.0000e+00
452 5.0000e-04 0.0000e+00 1.9812e-04 1.8918e-04 1.8180e-04 1.6813e-01 1.6319e-05
453 0.0000e+00 2.2400e-05 1.8184e-04 1.6232e-04 1.8184e-04 1.6815e-01 0.0000e+00
454 0.0000e+00 4.3300e-05 1.8173e-04 1.4277e-04 1.8173e-04 1.6818e-01 0.0000e+00
455 0.0000e+00 6.1200e-05 1.8151e-04 1.2616e-04 1.8151e-04 1.6824e-01 0.0000e+00
456 0.0000e+00 7.5000e-05 1.8120e-04 1.1181e-04 1.8120e-04 1.6831e-01 0.0000e+00
457 0.0000e+00 8.3000e-05 1.8081e-04 9.9311e-05 1.8081e-04 1.6839e-01 0.0000e+00
458 0.0000e+00 8.6600e-05 1.8035e-04 8.8366e-05 1.8035e-04 1.6848e-01 0.0000e+00
459 0.0000e+00 8.3000e-05 1.7983e-04 7.8747e-05 1.7983e-04 1.6858e-01 0.0000e+00
460 0.0000e+00 7.5000e-05 1.7926e-04 7.0267e-05 1.7926e-04 1.6869e-01 0.0000e+00
461 0.0000e+00 6.1200e-05 1.7865e-04 6.2774e-05 1.7865e-04 1.6881e-01 0.0000e+00
462 0.0000e+00 4.3300e-05 1.7801e-04 5.6139e-05 1.7801e-04 1.6893e-01 0.0000e+00
463 0.0000e+00 2.1000e-05 1.7733e-04 5.0253e-05 1.7733e-04 1.6906e-01 0.0000e+00
464 0.0000e+00 0.0000e+00 1.7663e-04 4.5024e-05 1.7663e-04 1.6919e-01 0.0000e+00
465 1.0000e-03 0.0000e+00 1.8729e-04 8.5492e-05 1.7590e-04 1.6928e-01 1.1385e-05
466 5.0000e-04 0.0000e+00 1.9172e-04 1.3676e-04 1.7540e-04 1.6932e-01 1.6319e-05
467 0.0000e+00 0.0000e+00 1.7519e-04 1.1453e-04 1.7519e-04 1.6938e-01 0.0000e+00
468 0.0000e+00 0.0000e+00 1.7486e-04 9.9288e-05 1.7486e-04 1.6945e-01 0.0000e+00
469 5.0000e-04 0.0000e+00 1.9077e-04 1.5129e-04 1.7445e-04 1.6948e-01 1.6319e-05
470 0.0000e+00 0.0000e+00 1.7432e-04 1.2763e-04 1.7432e-04 1.6952e-01 0.0000e+00
471 0.0000e+00 0.0000e+00 1.7407e-04 1.1091e-04 1.7407e-04 1.6959e-01 0.0000e+00
472 5.0000e-04 0.0000e+00 1.9004e-04 1.6149e-04 1.7373e-04 1.6960e-01 1.6319e-05
473 5.0000e-04 0.0000e+00 1.8998e-04 2.0114e-04 1.7366e-04 1.6957e-01 1.6319e-05
474 0.0000e+00 0.0000e+00 1.7381e-04 1.7038e-04 1.7381e-04 1.6958e-01 0.0000e+00
475 0.0000e+00 0.0000e+00 1.7379e-04 1.4792e-04 1.7379e-04 1.6960e-01 0.0000e+00
476 0.0000e+00 0.0000e+00 1.7365e-04 1.2928e-04 1.7365e-04 1.6965e-01 0.0000e+00
477 0.0000e+00 9.2000e-06 1.7341e-04 1.1346e-04 1.7341e-04 1.6971e-01 0.0000e+00
478 0.0000e+00 1.7800e-05 1.7308e-04 9.9904e-05 1.7308e-04 1.6978e-01 0.0000e+00
479 0.0000e+00 2.5200e-05 1.7269e-04 8.8200e-05 1.7269e-04 1.6986e-01 0.0000e+00
480 0.0000e+00 3.0900e-05 1.7223e-04 7.8042e-05 1.7223e-04 1.6996e-01 0.0000e+00
481 0.0000e+00 3.4200e-05 1.7173e-04 6.9187e-05 1.7173e-04 1.7006e-01 0.0000e+00
482 5.0000e-04 3.5700e-05 1.8367e-04 1.1059e-04 1.7118e-04 1.7012e-01 1.2494e-05
483 2.5000e-03 3.4200e-05 2.5128e-04 4.1014e-04 1.7085e-04 1.6988e-01 8.0429e-05
484 1.0000e-03 3.0900e-05 2.0366e-04 4.5964e-04 1.7214e-04 1.6959e-01 3.1522e-05
485 0.0000e+00 2.5200e-05 1.7369e-04 3.8767e-04 1.7369e-04 1.6938e-01 0.0000e+00
486 1.0000e-03 1.7800e-05 2.0566e-04 4.5669e-04 1.7485e-04 1.6910e-01 3.0807e-05
487 0.0000e+00 8.6000e-06 1.7640e-04 3.8877e-04 1.7640e-04 1.6889e-01 0.0000e+00
488 0.0000e+00 0.0000e+00 1.7758e-04 3.3766e-04 1.7758e-04 1.6873e-01 0.0000e+00
489 0.0000e+00 0.0000e+00 1.7847e-04 2.9491e-04 1.7847e-04 1.6861e-01 0.0000e+00
490 0.0000e+00 0.0000e+00 1.7912e-04 2.5855e-04 1.7912e-04 1.6853e-01 0.0000e+00
491 0.0000e+00 0.0000e+00 1.7956e-04 2.2734e-04 1.7956e-04 1.6848e-01 0.0000e+00
492 0.0000e+00 0.0000e+00 1.7983e-04 2.0039e-04 1.7983e-04 1.6846e-01 0.0000e+00
493 0.0000e+00 0.0000e+00 1.7995e-04 1.7700e-04 1.7995e-04 1.6846e-01 0.0000e+00
494 0.0000e+00 0.0000e+00 1.7993e-04 1.5664e-04 1.7993e-04 1.6849e-01 0.0000e+00
495 0.0000e+00 0.0000e+00 1.7980e-04 1.3884e-04 1.7980e-04 1.6853e-01 0.0000e+00
496 0.0000e+00 0.0000e+00 1.7957e-04 1.2325e-04 1.7957e-04 1.6859e-01 0.0000e+00
497 0.0000e+00 0.0000e+00 1.7925e-04 1.0955e-04 1.7925e-04 1.6865e-01 0.0000e+00
498 0.0000e+00 0.0000e+00 1.7886e-04 9.7496e-05 1.7886e-04 1.6874e-01 0.0000e+00
499 0.0000e+00 0.0000e+00 1.7841e-04 8.6865e-05 1.7841e-04 1.6883e-01 0.0000e+00
500 0.0000e+00 0.0000e+00 1.7790e-04 7.7474e-05 1.7790e-04 1.6893e-01 0.0000e+00
501 0.0000e+00 6.3800e-05 1.7734e-04 6.9165e-05 1.7734e-04 1.6904e-01 0.0000e+00
502 0.0000e+00 1.2310e-04 1.7674e-04 6.1804e-05 1.7674e-04 1.6915e-01 0.0000e+00
503 0.0000e+00 1.7420e-04 1.7611e-04 5.5273e-05 1.7611e-04 1.6927e-01 0.0000e+00
504 0.0000e+00 2.1330e-04 1.7545e-04 4.9473e-05 1.7545e-04 1.6940e-01 0.0000e+00
505 0.0000e+00 2.3600e-04 1.7476e-04 4.4315e-05 1.7476e-04 1.6953e-01 0.0000e+00
506 0.0000e+00 2.4640e-04 1.7405e-04 3.9724e-05 1.7405e-04 1.6966e-01 0.0000e+00
507 0.0000e+00 2.3600e-04 1.7332e-04 3.5633e-05 1.7332e-04 1.6980e-01 0.0000e+00
508 0.0000e+00 2.1330e-04 1.7257e-04 3.1985e-05 1.7257e-04 1.6994e-01 0.0000e+00
509 0.0000e+00 1.7420e-04 1.7182e-04 2.8728e-05 1.7182e-04 1.7008e-01 0.0000e+00
510 0.0000e+00 1.2310e-04 1.7105e-04 2.5819e-05 1.7105e-04 1.7023e-01 0.0000e+00
511 0.0000e+00 5.9600e-05 1.7027e-04 2.3217e-05 1.7027e-04 1.7038e-01 0.0000e+00
512 0.0000e+00 0.0000e+00 1.6949e-04 2.0890e-05 1.6949e-04 1.7053e-01 0.0000e+00
513 0.0000e+00 0.0000e+00 1.6871e-04 1.8806e-05 1.6871e-04 1.7068e-01 0.0000e+00
514 0.0000e+00 0.0000e+00 1.6792e-04 1.6938e-05 1.6792e-04 1.7083e-01 0.0000e+00
515 0.0000e+00 0.0000e+00 1.6713e-04 1.5264e-05 1.6713e-04 1.7098e-01 0.0000e+00
516 0.0000e+00 0.0000e+00 1.6634e-04 1.3762e-05 1.6634e-04 1.7113e-01 0.0000e+00
517 0.0000e+00 0.0000e+00 1.6555e-04 1.2414e-05 1.6555e-04 1.7128e-01 0.0000e+00
518 0.0000e+00 0.0000e+00 1.6476e-04 1.1203e-05 1.6476e-04 1.7144e-01 0.0000e+00
519 0.0000e+00 0.0000e+00 1.6397e-04 1.0114e-05 1.6397e-04 1.7159e-01 0.0000e+00
520 0.0000e+00 0.0000e+00 1.6318e-04 9.1352e-06 1.6318e-04 1.7175e-01 0.0000e+00
521 0.0000e+00 0.0000e+00 1.6240e-04 8.2538e-06 1.6240e-04 1.7190e-01 0.0000e+00
522 0.0000e+00 0.0000e+00 1.6162e-04 7.4612e-06 1.6162e-04 1.7205e-01 0.0000e+00
523 0.0000e+00 0.0000e+00 1.6084e-04 6.7474e-06 1.6084e-04 1.7221e-01 0.0000e+00
524 0.0000e+00 0.0000e+00 1.6007e-04 6.1042e-06 1.6007e-04 1.7236e-01 0.0000e+00
525 0.0000e+00 4.1700e-05 1.5930e-04 5.5243e-06 1.5930e-04 1.7252e-01 0.0000e+00
526 0.0000e+00 8.0400e-05 1.5854e-04 5.0014e-06 1.5854e-04 1.7267e-01 0.0000e+00
527 0.0000e+00 1.1380e-04 1.5778e-04 4.5295e-06 1.5778e-04 1.7282e-01 0.0000e+00
528 0.0000e+00 1.3930e-04 1.5702e-04 4.1036e-06 1.5702e-04 1.7297e-01 0.0000e+00
529 0.0000e+00 1.5420e-04 1.5628e-04 3.7190e-06 1.5628e-04 1.7313e-01 0.0000e+00
530 0.0000e+00 1.6090e-04 1.5553e-04 3.3716e-06 1.5553e-04 1.7328e-01 0.0000e+00
531 0.0000e+00 1.5420e-04 1.5479e-04 3.0568e-06 1.5479e-04 1.7343e-01 0.0000e+00
532 0.0000e+00 1.3930e-04 1.5406e-04 2.7731e-06 1.5406e-04 1.7358e-01 0.0000e+00
533 0.0000e+00 1.1380e-04 1.5334e-04 2.5165e-06 1.5334e-04 1.7373e-01 0.0000e+00
534 0.0000e+00 8.0400e-05 1.5261e-04 2.2843e-06 1.5261e-04 1.7388e-01 0.0000e+00
535 0.0000e+00 3.8900e-05 1.5190e-04 2.0742e-06 1.5190e-04 1.7403e-01 0.0000e+00
536 0.0000e+00 0.0000e+00 1.5119e-04 1.8839e-06 1.5119e-04 1.7418e-01 0.0000e+00
537 0.0000e+00 0.0000e+00 1.5049e-04 1.7116e-06 1.5049e-04 1.7433e-01 0.0000e+00
538 0.0000e+00 0.0000e+00 1.4979e-04 1.5554e-06 1.4979e-04 1.7448e-01 0.0000e+00
539 0.0000e+00 0.0000e+00 1.4910e-04 1.4139e-06 1.4910e-04 1.7463e-01 0.0000e+00
540 0.0000e+00 0.0000e+00 1.4841e-04 1.2857e-06 1.4841e-04 1.7477e-01 0.0000e+00
541 0.0000e+00 0.0000e+00 1.4773e-04 1.1693e-06 1.4773e-04 1.7492e-01 0.0000e+00
542 0.0000e+00 0.0000e+00 1.4705e-04 1.0630e-06 1.4705e-04 1.7507e-01 0.0000e+00
543 0.0000e+00 0.0000e+00 1.4638e-04 9.6738e-07 1.4638e-04 1.7521e-01 0.0000e+00
544 0.0000e+00 0.0000e+00 1.4572e-04 8.8056e-07 1.4572e-04 1.7536e-01 0.0000e+00
545 0.0000e+00 0.0000e+00 1.4506e-04 8.0173e-07 1.4506e-04 1.7550e-01 0.0000e+00
546 0.0000e+00 0.0000e+00 1.4441e-04 7.3013e-07 1.4441e-04 1.7565e-01 0.0000e+00
547 0.0000e+00 0.0000e+00 1.4376e-04 6.6508e-07 1.4376e-04 1.7579e-01 0.0000e+00
548 0.0000e+00 0.0000e+00 1.4312e-04 6.0597e-07 1.4312e-04 1.7593e-01 0.0000e+00
549 0.0000e+00 2.0700e-05 1.4249e-04 5.5223e-07 1.4249e-04 1.7607e-01 0.0000e+00
550 0.0000e+00 4.0000e-05 1.4185e-04 5.0337e-07 1.4185e-04 1.7621e-01 0.0000e+00
551 0.0000e+00 5.6600e-05 1.4123e-04 4.5894e-07 1.4123e-04 1.7636e-01 0.0000e+00
552 1.0000e-03 6.9300e-05 1.4061e-04 4.1765e-07 1.4061e-04 1.7650e-01 0.0000e+00
553 1.0000e-03 7.6600e-05 1.3999e-04 3.8100e-07 1.3999e-04 1.7664e-01 0.0000e+00
554 2.0000e-03 8.0000e-05 1.6328e-04 8.9552e-05 1.3939e-04 1.7668e-01 2.3894e-05
555 1.5000e-03 7.6600e-05 1.8551e-04 2.4608e-04 1.3917e-04 1.7658e-01 4.6346e-05
556 0.0000e+00 6.9300e-05 1.3963e-04 2.0419e-04 1.3963e-04 1.7651e-01 0.0000e+00
557 5.0000e-04 5.6600e-05 1.5148e-04 2.1913e-04 1.3992e-04 1.7643e-01 1.1560e-05
558 0.0000e+00 4.0000e-05 1.4026e-04 1.8819e-04 1.4026e-04 1.7639e-01 0.0000e+00
559 0.0000e+00 1.9400e-05 1.4047e-04 1.6394e-04 1.4047e-04 1.7636e-01 0.0000e+00
560 0.0000e+00 0.0000e+00 1.4058e-04 1.4355e-04 1.4058e-04 1.7636e-01 0.0000e+00
561 0.0000e+00 0.0000e+00 1.4059e-04 1.2618e-04 1.4059e-04 1.7637e-01 0.0000e+00
562 0.0000e+00 0.0000e+00 1.4053e-04 1.1124e-04 1.4053e-04 1.7640e-01 0.0000e+00
563 0.0000e+00 0.0000e+00 1.4040e-04 9.8320e-05 1.4040e-04 1.7645e-01 0.0000e+00
564 0.0000e+00 0.0000e+00 1.4021e-04 8.7086e-05 1.4021e-04 1.7650e-01 0.0000e+00
565 5.0000e-04 0.0000e+00 1.5252e-04 1.2413e-04 1.3998e-04 1.7651e-01 1.2536e-05
566 0.0000e+00 0.0000e+00 1.3991e-04 1.0694e-04 1.3991e-04 1.7655e-01 0.0000e+00
567 0.0000e+00 0.0000e+00 1.3977e-04 9.3989e-05 1.3977e-04 1.7659e-01 0.0000e+00
568 0.0000e+00 0.0000e+00 1.3957e-04 8.2981e-05 1.3957e-04 1.7665e-01 0.0000e+00
569 0.0000e+00 0.0000e+00 1.3932e-04 7.3490e-05 1.3932e-04 1.7672e-01 0.0000e+00
570 0.0000e+00 0.0000e+00 1.3903e-04 6.5240e-05 1.3903e-04 1.7679e-01 0.0000e+00
571 0.0000e+00 0.0000e+00 1.3871e-04 5.8029e-05 1.3871e-04 1.7687e-01 0.0000e+00
572 0.0000e+00 0.0000e+00 1.3836e-04 5.1700e-05 1.3836e-04 1.7696e-01 0.0000e+00
573 3.0000e-03 3.0500e-05 2.3590e-04 4.1080e-04 1.3799e-04 1.7668e-01 9.7913e-05
574 1.0000e-03 5.8900e-05 1.7081e-04 4.5792e-04 1.3917e-04 1.7637e-01 3.1642e-05
575 2.5000e-03 8.3300e-05 2.2024e-04 6.8857e-04 1.4057e-04 1.7582e-01 7.9672e-05
576 3.5000e-03 1.0200e-04 2.5451e-04 1.0029e-03 1.4299e-04 1.7496e-01 1.1151e-04
577 1.5000e-03 1.1290e-04 1.9252e-04 1.0246e-03 1.4689e-04 1.7408e-01 4.5628e-05
578 0.0000e+00 1.1780e-04 1.5097e-04 8.8257e-04 1.5097e-04 1.7335e-01 0.0000e+00
579 0.0000e+00 1.1290e-04 1.5446e-04 7.6982e-04 1.5446e-04 1.7273e-01 0.0000e+00
580 0.0000e+00 1.0200e-04 1.5746e-04 6.7449e-04 1.5746e-04 1.7222e-01 0.0000e+00
581 0.0000e+00 8.3300e-05 1.6003e-04 5.9282e-04 1.6003e-04 1.7178e-01 0.0000e+00
582 0.0000e+00 5.8900e-05 1.6221e-04 5.2230e-04 1.6221e-04 1.7142e-01 0.0000e+00
583 0.0000e+00 2.8500e-05 1.6404e-04 4.6110e-04 1.6404e-04 1.7113e-01 0.0000e+00
584 0.0000e+00 0.0000e+00 1.6557e-04 4.0778e-04 1.6557e-04 1.7088e-01 0.0000e+00
585 0.0000e+00 0.0000e+00 1.6683e-04 3.6119e-04 1.6683e-04 1.7069e-01 0.0000e+00
586 0.0000e+00 0.0000e+00 1.6785e-04 3.2036e-04 1.6785e-04 1.7054e-01 0.0000e+00
587 0.0000e+00 0.0000e+00 1.6865e-04 2.8451e-04 1.6865e-04 1.7042e-01 0.0000e+00
588 0.0000e+00 0.0000e+00 1.6926e-04 2.5297e-04 1.6926e-04 1.7034e-01 0.0000e+00
589 5.0000e-04 0.0000e+00 1.6970e-04 2.2517e-04 1.6970e-04 1.7028e-01 0.0000e+00
590 0.0000e+00 0.0000e+00 1.7000e-04 2.0063e-04 1.7000e-04 1.7025e-01 0.0000e+00
591 0.0000e+00 0.0000e+00 1.7016e-04 1.7893e-04 1.7016e-04 1.7024e-01 0.0000e+00
592 5.0000e-04 0.0000e+00 1.8283e-04 2.0931e-04 1.7021e-04 1.7020e-01 1.2627e-05
593 0.0000e+00 0.0000e+00 1.7042e-04 1.8240e-04 1.7042e-04 1.7019e-01 0.0000e+00
594 1.0000e-03 0.0000e+00 2.0312e-04 2.8966e-04 1.7048e-04 1.7007e-01 3.2638e-05
595 0.0000e+00 0.0000e+00 1.7112e-04 2.4606e-04 1.7112e-04 1.7000e-01 0.0000e+00
596 0.0000e+00 0.0000e+00 1.7152e-04 2.1507e-04 1.7152e-04 1.6995e-01 0.0000e+00
597 0.0000e+00 6.2600e-05 1.7175e-04 1.8916e-04 1.7175e-04 1.6994e-01 0.0000e+00
598 0.0000e+00 1.2080e-04 1.7184e-04 1.6699e-04 1.7184e-04 1.6994e-01 0.0000e+00
599 0.0000e+00 1.7090e-04 1.7182e-04 1.4782e-04 1.7182e-04 1.6996e-01 0.0000e+00
600 0.0000e+00 2.0930e-04 1.7169e-04 1.3114e-04 1.7169e-04 1.7001e-01 0.0000e+00
601 0.0000e+00 2.3150e-04 1.7147e-04 1.1656e-04 1.7147e-04 1.7006e-01 0.0000e+00
602 0.0000e+00 2.4180e-04 1.7118e-04 1.0376e-04 1.7118e-04 1.7013e-01 0.0000e+00
603 0.0000e+00 2.3150e-04 1.7082e-04 9.2491e-05 1.7082e-04 1.7021e-01 0.0000e+00
604 0.0000e+00 2.0930e-04 1.7040e-04 8.2551e-05 1.7040e-04 1.7029e-01 0.0000e+00
605 0.0000e+00 1.7090e-04 1.6993e-04 7.3762e-05 1.6993e-04 1.7039e-01 0.0000e+00
606 0.0000e+00 1.2080e-04 1.6942e-04 6.5975e-05 1.6942e-04 1.7049e-01 0.0000e+00
607 0.0000e+00 5.8500e-05 1.6888e-04 5.9066e-05 1.6888e-04 1.7060e-01 0.0000e+00
608 0.0000e+00 0.0000e+00 1.6830e-04 5.2926e-05 1.6830e-04 1.7072e-01 0.0000e+00
609 0.0000e+00 0.0000e+00 1.6769e-04 4.7462e-05 1.6769e-04 1.7084e-01 0.0000e+00
610 0.0000e+00 0.0000e+00 1.6706e-04 4.2595e-05 1.6706e-04 1.7096e-01 0.0000e+00
611 0.0000e+00 0.0000e+00 1.6641e-04 3.8255e-05 1.6641e-04 1.7109e-01 0.0000e+00
612 0.0000e+00 0.0000e+00 1.6575e-04 3.4380e-05 1.6575e-04 1.7122e-01 0.0000e+00
613 0.0000e+00 0.0000e+00 1.6507e-04 3.0917e-05 1.6507e-04 1.7136e-01 0.0000e+00
614 0.0000e+00 0.0000e+00 1.6438e-04 2.7820e-05 1.6438e-04 1.7149e-01 0.0000e+00
615 0.0000e+00 0.0000e+00 1.6368e-04 2.5047e-05 1.6368e-04 1.7163e-01 0.0000e+00
616 0.0000e+00 0.0000e+00 1.6297e-04 2.2564e-05 1.6297e-04 1.7177e-01 0.0000e+00
617 0.0000e+00 0.0000e+00 1.6226e-04 2.0337e-05 1.6226e-04 1.7191e-01 0.0000e+00
618 0.0000e+00 0.0000e+00 1.6154e-04 1.8340e-05 1.6154e-04 1.7206e-01 0.0000e+00
619 0.0000e+00 0.0000e+00 1.6082e-04 1.6547e-05 1.6082e-04 1.7220e-01 0.0000e+00
620 0.0000e+00 0.0000e+00 1.6010e-04 1.4936e-05 1.6010e-04 1.7235e-01 0.0000e+00
621 0.0000e+00 1.4200e-05 1.5937e-04 1.3489e-05 1.5937e-04 1.7249e-01 0.0000e+00
622 0.0000e+00 2.7500e-05 1.5865e-04 1.2187e-05 1.5865e-04 1.7264e-01 0.0000e+00
623 0.0000e+00 3.8900e-05 1.5792e-04 1.1015e-05 1.5792e-04 1.7279e-01 0.0000e+00
624 1.0000e-03 4.7600e-05 1.5720e-04 9.9603e-06 1.5720e-04 1.7293e-01 0.0000e+00
625 1.0000e-03 5.2700e-05 1.5900e-04 1.8705e-05 1.5648e-04 1.7307e-01 2.5234e-06
626 3.0000e-03 5.5000e-05 2.5200e-04 3.8514e-04 1.5580e-04 1.7284e-01 9.6193e-05
627 2.0000e-03 5.2700e-05 2.2041e-04 5.5694e-04 1.5692e-04 1.7244e-01 6.3480e-05
628 1.5000e-03 4.7600e-05 2.0614e-04 6.4817e-04 1.5890e-04 1.7195e-01 4.7237e-05
629 3.5000e-03 3.8900e-05 2.7403e-04 9.8570e-04 1.6135e-04 1.7113e-01 1.1268e-04
630 4.0000e-03 2.7500e-05 2.9484e-04 1.3341e-03 1.6556e-04 1.6996e-01 1.2928e-04
631 5.0000e-03 1.3300e-05 3.3401e-04 1.7675e-03 1.7171e-04 1.6836e-01 1.6229e-04
632 0.0000e+00 0.0000e+00 1.8050e-04 1.4984e-03 1.8050e-04 1.6705e-01 0.0000e+00
633 0.0000e+00 0.0000e+00 1.8808e-04 1.2997e-03 1.8808e-04 1.6593e-01 0.0000e+00
634 1.0000e-03 0.0000e+00 2.2694e-04 1.2647e-03 1.9473e-04 1.6486e-01 3.2204e-05
635 2.5000e-03 0.0000e+00 2.9007e-04 1.4259e-03 2.0135e-04 1.6364e-01 8.8717e-05
636 3.5000e-03 0.0000e+00 3.4090e-04 1.6851e-03 2.0921e-04 1.6216e-01 1.3169e-04
637 3.0000e-03 0.0000e+00 3.3196e-04 1.8442e-03 2.1908e-04 1.6054e-01 1.1288e-04
638 0.0000e+00 0.0000e+00 2.3050e-04 1.5830e-03 2.3050e-04 1.5919e-01 0.0000e+00
639 5.0000e-04 0.0000e+00 2.5926e-04 1.4441e-03 2.4045e-04 1.5798e-01 1.8813e-05
640 0.0000e+00 0.0000e+00 2.4967e-04 1.2547e-03 2.4967e-04 1.5698e-01 0.0000e+00
641 5.0000e-04 0.0000e+00 2.7644e-04 1.1649e-03 2.5763e-04 1.5607e-01 1.8813e-05
642 0.0000e+00 0.0000e+00 2.6504e-04 1.0138e-03 2.6504e-04 1.5532e-01 0.0000e+00
643 5.0000e-04 0.0000e+00 2.9013e-04 9.5736e-04 2.7131e-04 1.5464e-01 1.8813e-05
644 0.0000e+00 0.0000e+00 2.7719e-04 8.3284e-04 2.7719e-04 1.5408e-01 0.0000e+00
645 0.0000e+00 1.6900e-05 2.8205e-04 7.2899e-04 2.8205e-04 1.5363e-01 0.0000e+00
646 0.0000e+00 3.2600e-05 2.8602e-04 6.3953e-04 2.8602e-04 1.5328e-01 0.0000e+00
647 0.0000e+00 4.6100e-05 2.8919e-04 5.6200e-04 2.8919e-04 1.5301e-01 0.0000e+00
648 0.0000e+00 5.6400e-05 2.9167e-04 4.9456e-04 2.9167e-04 1.5280e-01 0.0000e+00
649 0.0000e+00 6.2400e-05 2.9352e-04 4.3575e-04 2.9352e-04 1.5266e-01 0.0000e+00
650 0.0000e+00 6.5200e-05 2.9483e-04 3.8438e-04 2.9483e-04 1.5257e-01 0.0000e+00
651 0.0000e+00 6.2400e-05 2.9566e-04 3.3943e-04 2.9566e-04 1.5253e-01 0.0000e+00
652 0.0000e+00 5.6400e-05 2.9606e-04 3.0004e-04 2.9606e-04 1.5252e-01 0.0000e+00
653 0.0000e+00 4.6100e-05 2.9610e-04 2.6547e-04 2.9610e-04 1.5256e-01 0.0000e+00
654 0.0000e+00 3.2600e-05 2.9582e-04 2.3511e-04 2.9582e-04 1.5262e-01 0.0000e+00
655 0.0000e+00 1.5800e-05 2.9526e-04 2.0840e-04 2.9526e-04 1.5270e-01 0.0000e+00
656 0.0000e+00 0.0000e+00 2.9446e-04 1.8488e-04 2.9446e-04 1.5281e-01 0.0000e+00
657 0.0000e+00 0.0000e+00 2.9345e-04 1.6415e-04 2.9345e-04 1.5294e-01 0.0000e+00
658 0.0000e+00 0.0000e+00 2.9227e-04 1.4587e-04 2.9227e-04 1.5309e-01 0.0000e+00
659 0.0000e+00 0.0000e+00 2.9093e-04 1.2972e-04 2.9093e-04 1.5325e-01 0.0000e+00
660 0.0000e+00 0.0000e+00 2.8947e-04 1.1544e-04 2.8947e-04 1.5342e-01 0.0000e+00
661 0.0000e+00 0.0000e+00 2.8790e-04 1.0281e-04 2.8790e-04 1.5361e-01 0.0000e+00
662 0.0000e+00 0.0000e+00 2.8624e-04 9.1628e-05 2.8624e-04 1.5380e-01 0.0000e+00
663 0.0000e+00 0.0000e+00 2.8450e-04 8.1717e-05 2.8450e-04 1.5401e-01 0.0000e+00
664 0.0000e+00 0.0000e+00 2.8271e-04 7.2926e-05 2.8271e-04 1.5422e-01 0.0000e+00
665 0.0000e+00 0.0000e+00 2.8086e-04 6.5124e-05 2.8086e-04 1.5443e-01 0.0000e+00
666 5.0000e-04 0.0000e+00 2.7932e-04 5.9514e-05 2.7897e-04 1.5465e-01 3.4881e-07
667 0.0000e+00 0.0000e+00 2.7707e-04 5.3053e-05 2.7707e-04 1.5487e-01 0.0000e+00
668 5.0000e-04 0.0000e+00 2.9395e-04 1.1835e-04 2.7513e-04 1.5503e-01 1.8813e-05
669 5.0000e-04 1.5300e-05 2.9260e-04 1.6828e-04 2.7379e-04 1.5514e-01 1.8813e-05
670 0.0000e+00 2.9500e-05 2.7289e-04 1.3882e-04 2.7289e-04 1.5527e-01 0.0000e+00
671 1.0000e-03 4.1700e-05 3.0769e-04 2.5368e-04 2.7175e-04 1.5529e-01 3.5940e-05
672 0.0000e+00 5.1100e-05 2.7159e-04 2.0761e-04 2.7159e-04 1.5535e-01 0.0000e+00
673 0.0000e+00 5.6500e-05 2.7105e-04 1.7673e-04 2.7105e-04 1.5545e-01 0.0000e+00
674 0.0000e+00 5.9000e-05 2.7025e-04 1.5206e-04 2.7025e-04 1.5557e-01 0.0000e+00
675 5.0000e-04 5.6500e-05 2.8024e-04 1.7288e-04 2.6926e-04 1.5566e-01 1.0987e-05
676 5.0000e-04 5.1100e-05 2.8513e-04 2.0920e-04 2.6845e-04 1.5572e-01 1.6687e-05
677 0.0000e+00 4.1700e-05 2.6795e-04 1.7563e-04 2.6795e-04 1.5581e-01 0.0000e+00
678 0.0000e+00 2.9500e-05 2.6718e-04 1.5109e-04 2.6718e-04 1.5593e-01 0.0000e+00
679 1.0000e-03 1.4300e-05 2.9924e-04 2.5432e-04 2.6621e-04 1.5594e-01 3.3027e-05
680 1.0000e-03 0.0000e+00 3.0320e-04 3.4893e-04 2.6611e-04 1.5586e-01 3.7087e-05
681 0.0000e+00 0.0000e+00 2.6680e-04 2.8851e-04 2.6680e-04 1.5584e-01 0.0000e+00
682 0.0000e+00 0.0000e+00 2.6698e-04 2.4617e-04 2.6698e-04 1.5586e-01 0.0000e+00
683 0.0000e+00 0.0000e+00 2.6681e-04 2.1204e-04 2.6681e-04 1.5591e-01 0.0000e+00
684 0.0000e+00 0.0000e+00 2.6635e-04 1.8375e-04 2.6635e-04 1.5600e-01 0.0000e+00
685 0.0000e+00 0.0000e+00 2.6567e-04 1.5995e-04 2.6567e-04 1.5610e-01 0.0000e+00
686 0.0000e+00 0.0000e+00 2.6479e-04 1.3971e-04 2.6479e-04 1.5623e-01 0.0000e+00
687 0.0000e+00 0.0000e+00 2.6376e-04 1.2238e-04 2.6376e-04 1.5637e-01 0.0000e+00
688 0.0000e+00 0.0000e+00 2.6259e-04 1.0746e-04 2.6259e-04 1.5652e-01 0.0000e+00
689 0.0000e+00 0.0000e+00 2.6132e-04 9.4564e-05 2.6132e-04 1.5669e-01 0.0000e+00
690 0.0000e+00 0.0000e+00 2.5997e-04 8.3368e-05 2.5997e-04 1.5687e-01 0.0000e+00
691 0.0000e+00 0.0000e+00 2.5853e-04 7.3621e-05 2.5853e-04 1.5705e-01 0.0000e+00
692 0.0000e+00 0.0000e+00 2.5705e-04 6.5111e-05 2.5705e-04 1.5724e-01 0.0000e+00
693 0.0000e+00 5.6100e-05 2.5551e-04 5.7664e-05 2.5551e-04 1.5744e-01 0.0000e+00
694 0.0000e+00 1.0830e-04 2.5393e-04 5.1134e-05 2.5393e-04 1.5764e-01 0.0000e+00
695 0.0000e+00 1.5320e-04 2.5233e-04 4.5397e-05 2.5233e-04 1.5785e-01 0.0000e+00
696 0.0000e+00 1.8770e-04 2.5070e-04 4.0347e-05 2.5070e-04 1.5806e-01 0.0000e+00
697 0.0000e+00 2.0760e-04 2.4906e-04 3.5895e-05 2.4906e-04 1.5827e-01 0.0000e+00
698 0.0000e+00 2.1680e-04 2.4741e-04 3.1965e-05 2.4741e-04 1.5849e-01 0.0000e+00
699 0.0000e+00 2.0760e-04 2.4575e-04 2.8492e-05 2.4575e-04 1.5871e-01 0.0000e+00
700 5.0000e-04 1.8770e-04 2.4408e-04 2.5417e-05 2.4408e-04 1.5893e-01 0.0000e+00
701 0.0000e+00 1.5320e-04 2.4242e-04 2.2693e-05 2.4242e-04 1.5914e-01 0.0000e+00
702 0.0000e+00 1.0830e-04 2.4076e-04 2.0277e-05 2.4076e-04 1.5937e-01 0.0000e+00
703 0.0000e+00 5.2400e-05 2.3911e-04 1.8131e-05 2.3911e-04 1.5959e-01 0.0000e+00
704 0.0000e+00 0.0000e+00 2.3746e-04 1.6224e-05 2.3746e-04 1.5981e-01 0.0000e+00
705 0.0000e+00 0.0000e+00 2.3583e-04 1.4527e-05 2.3583e-04 1.6003e-01 0.0000e+00
706 0.0000e+00 0.0000e+00 2.3420e-04 1.3016e-05 2.3420e-04 1.6025e-01 0.0000e+00
707 0.0000e+00 0.0000e+00 2.3259e-04 1.1670e-05 2.3259e-04 1.6047e-01 0.0000e+00
708 0.0000e+00 0.0000e+00 2.3099e-04 1.0468e-05 2.3099e-04 1.6069e-01 0.0000e+00
709 0.0000e+00 0.0000e+00 2.2940e-04 9.3963e-06 2.2940e-04 1.6091e-01 0.0000e+00
710 0.0000e+00 0.0000e+00 2.2783e-04 8.4391e-06 2.2783e-04 1.6113e-01 0.0000e+00
711 0.0000e+00 0.0000e+00 2.2627e-04 7.5834e-06 2.2627e-04 1.6135e-01 0.0000e+00
712 0.0000e+00 0.0000e+00 2.2473e-04 6.8181e-06 2.2473e-04 1.6157e-01 0.0000e+00
713 0.0000e+00 0.0000e+00 2.2321e-04 6.1332e-06 2.2321e-04 1.6178e-01 0.0000e+00
714 0.0000e+00 0.0000e+00 2.2170e-04 5.5197e-06 2.2170e-04 1.6200e-01 0.0000e+00
715 0.0000e+00 0.0000e+00 2.2021e-04 4.9700e-06 2.2021e-04 1.6222e-01 0.0000e+00
716 0.0000e+00 0.0000e+00 2.1873e-04 4.4771e-06 2.1873e-04 1.6243e-01 0.0000e+00
717 0.0000e+00 8.5600e-05 2.1727e-04 4.0349e-06 2.1727e-04 1.6264e-01 0.0000e+00
718 0.0000e+00 1.6520e-04 2.1583e-04 3.6372e-06 2.1583e-04 1.6286e-01 0.0000e+00
719 0.0000e+00 2.3380e-04 2.1440e-04 3.2809e-06 2.1440e-04 1.6307e-01 0.0000e+00
720 0.0000e+00 2.8620e-04 2.1299e-04 2.9608e-06 2.1299e-04 1.6328e-01 0.0000e+00
721 0.0000e+00 3.1670e-04 2.1160e-04 2.6729e-06 2.1160e-04 1.6349e-01 0.0000e+00
722 0.0000e+00 3.3060e-04 2.1022e-04 2.4140e-06 2.1022e-04 1.6369e-01 0.0000e+00
723 0.0000e+00 3.1670e-04 2.0886e-04 2.1810e-06 2.0886e-04 1.6390e-01 0.0000e+00
724 0.0000e+00 2.8620e-04 2.0752e-04 1.9712e-06 2.0752e-04 1.6411e-01 0.0000e+00
725 0.0000e+00 2.3380e-04 2.0619e-04 1.7823e-06 2.0619e-04 1.6431e-01 0.0000e+00
726 0.0000e+00 1.6520e-04 2.0487e-04 1.6120e-06 2.0487e-04 1.6451e-01 0.0000e+00
727 0.0000e+00 8.0000e-05 2.0358e-04 1.4586e-06 2.0358e-04 1.6472e-01 0.0000e+00
728 0.0000e+00 0.0000e+00 2.0229e-04 1.3193e-06 2.0229e-04 1.6492e-01 0.0000e+00
729 0.0000e+00 0.0000e+00 2.0103e-04 1.1946e-06 2.0103e-04 1.6512e-01 0.0000e+00
730 0.0000e+00 0.0000e+00 1.9978e-04 1.0820e-06 1.9978e-04 1.6532e-01 0.0000e+00
731 0.0000e+00 0.0000e+00 1.9854e-04 9.8036e-07 1.9854e-04 1.6551e-01 0.0000e+00
732 0.0000e+00 0.0000e+00 1.9732e-04 8.8853e-07 1.9732e-04 1.6571e-01 0.0000e+00
733 0.0000e+00 0.0000e+00 1.9611e-04 8.0556e-07 1.9611e-04 1.6590e-01 0.0000e+00
734 0.0000e+00 0.0000e+00 1.9492e-04 7.3055e-07 1.9492e-04 1.6610e-01 0.0000e+00
735 0.0000e+00 0.0000e+00 1.9374e-04 6.6272e-07 1.9374e-04 1.6629e-01 0.0000e+00
736 0.0000e+00 0.0000e+00 1.9257e-04 6.0137e-07 1.9257e-04 1.6648e-01 0.0000e+00
737 0.0000e+00 0.0000e+00 1.9142e-04 5.4585e-07 1.9142e-04 1.6667e-01 0.0000e+00
738 0.0000e+00 0.0000e+00 1.9028e-04 4.9468e-07 1.9028e-04 1.6686e-01 0.0000e+00
739 0.0000e+00 0.0000e+00 1.8916e-04 4.4932e-07 1.8916e-04 1.6705e-01 0.0000e+00
740 0.0000e+00 0.0000e+00 1.8805e-04 4.0822e-07 1.8805e-04 1.6724e-01 0.0000e+00
741 0.0000e+00 7.4700e-05 1.8695e-04 3.7098e-07 1.8695e-04 1.6743e-01 0.0000e+00
742 0.0000e+00 1.4410e-04 1.8586e-04 3.3723e-07 1.8586e-04 1.6761e-01 0.0000e+00
743 0.0000e+00 2.0380e-04 1.8478e-04 3.0662e-07 1.8478e-04 1.6780e-01 0.0000e+00
744 0.0000e+00 2.4960e-04 1.8372e-04 2.7886e-07 1.8372e-04 1.6798e-01 0.0000e+00
745 0.0000e+00 2.7610e-04 1.8267e-04 2.5367e-07 1.8267e-04 1.6816e-01 0.0000e+00
746 0.0000e+00 2.8830e-04 1.8163e-04 2.3081e-07 1.8163e-04 1.6834e-01 0.0000e+00
747 0.0000e+00 2.7610e-04 1.8061e-04 2.1007e-07 1.8061e-04 1.6852e-01 0.0000e+00
748 0.0000e+00 2.4960e-04 1.7959e-04 1.9017e-07 1.7959e-04 1.6870e-01 0.0000e+00
749 0.0000e+00 2.0380e-04 1.7859e-04 1.7320e-07 1.7859e-04 1.6888e-01 0.0000e+00
750 0.0000e+00 1.4410e-04 1.7759e-04 1.5779e-07 1.7759e-04 1.6906e-01 0.0000e+00
751 0.0000e+00 6.9800e-05 1.7661e-04 1.4377e-07 1.7661e-04 1.6924e-01 0.0000e+00
752 0.0000e+00 0.0000e+00 1.7564e-04 1.3103e-07 1.7564e-04 1.6941e-01 0.0000e+00
753 0.0000e+00 0.0000e+00 1.7468e-04 1.1944e-07 1.7468e-04 1.6959e-01 0.0000e+00
754 0.0000e+00 0.0000e+00 1.7373e-04 1.0890e-07 1.7373e-04 1.6976e-01 0.0000e+00
755 0.0000e+00 0.0000e+00 1.7279e-04 9.9305e-08 1.7279e-04 1.6993e-01 0.0000e+00
756 0.0000e+00 0.0000e+00 1.7186e-04 9.0577e-08 1.7186e-04 1.7010e-01 0.0000e+00
757 0.0000e+00 0.0000e+00 1.7094e-04 8.2632e-08 1.7094e-04 1.7028e-01 0.0000e+00
758 0.0000e+00 0.0000e+00 1.7003e-04 7.3948e-08 1.7003e-04 1.7045e-01 0.0000e+00
759 0.0000e+00 0.0000e+00 1.6913e-04 6.7532e-08 1.6913e-04 1.7061e-01 0.0000e+00
760 0.0000e+00 0.0000e+00 1.6824e-04 6.1684e-08 1.6824e-04 1.7078e-01 0.0000e+00
761 0.0000e+00 0.0000e+00 1.6736e-04 5.6351e-08 1.6736e-04 1.7095e-01 0.0000e+00
762 0.0000e+00 0.0000e+00 1.6648e-04 5.1488e-08 1.6648e-04 1.7112e-01 0.0000e+00
763 0.0000e+00 0.0000e+00 1.6562e-04 4.7052e-08 1.6562e-04 1.7128e-01 0.0000e+00
764 0.0000e+00 0.0000e+00 1.6477e-04 4.3006e-08 1.6477e-04 1.7145e-01 0.0000e+00
765 0.0000e+00 9.6700e-05 1.6392e-04 3.9313e-08 1.6392e-04 1.7161e-01 0.0000e+00
766 0.0000e+00 1.8660e-04 1.6308e-04 3.5944e-08 1.6308e-04 1.7177e-01 0.0000e+00
767 0.0000e+00 2.6400e-04 1.6225e-04 3.2869e-08 1.6225e-04 1.7194e-01 0.0000e+00
768 0.0000e+00 3.2330e-04 1.6143e-04 3.0061e-08 1.6143e-04 1.7210e-01 0.0000e+00
769 0.0000e+00 3.5770e-04 1.6062e-04 2.6003e-08 1.6062e-04 1.7226e-01 0.0000e+00
770 0.0000e+00 3.7350e-04 1.5982e-04 2.3820e-08 1.5982e-04 1.7242e-01 0.0000e+00
771 0.0000e+00 3.5770e-04 1.5902e-04 2.1823e-08 1.5902e-04 1.7258e-01 0.0000e+00
772 0.0000e+00 3.2330e-04 1.5823e-04 1.9995e-08 1.5823e-04 1.7273e-01 0.0000e+00
773 0.0000e+00 2.6400e-04 1.5745e-04 1.8324e-08 1.5745e-04 1.7289e-01 0.0000e+00
774 0.0000e+00 1.8660e-04 1.5668e-04 1.6793e-08 1.5668e-04 1.7305e-01 0.0000e+00
775 0.0000e+00 9.0400e-05 1.5591e-04 1.5393e-08 1.5591e-04 1.7320e-01 0.0000e+00
776 0.0000e+00 0.0000e+00 1.5516e-04 1.4111e-08 1.5516e-04 1.7336e-01 0.0000e+00
777 0.0000e+00 0.0000e+00 1.5441e-04 1.2937e-08 1.5441e-04 1.7351e-01 0.0000e+00
778 0.0000e+00 0.0000e+00 1.5366e-04 1.1863e-08 1.5366e-04 1.7367e-01 0.0000e+00
779 0.0000e+00 0.0000e+00 1.5293e-04 9.5170e-09 1.5293e-04 1.7382e-01 0.0000e+00
780 0.0000e+00 0.0000e+00 1.5220e-04 8.7460e-09 1.5220e-04 1.7397e-01 0.0000e+00
781 0.0000e+00 0.0000e+00 1.5148e-04 8.0382e-09 1.5148e-04 1.7412e-01 0.0000e+00
782 0.0000e+00 0.0000e+00 1.5076e-04 7.3883e-09 1.5076e-04 1.7428e-01 0.0000e+00
783 0.0000e+00 0.0000e+00 1.5005e-04 6.7916e-09 1.5005e-04 1.7443e-01 0.0000e+00
784 0.0000e+00 0.0000e+00 1.4935e-04 6.2436e-09 1.4935e-04 1.7457e-01 0.0000e+00
785 0.0000e+00 0.0000e+00 1.4865e-04 5.7404e-09 1.4865e-04 1.7472e-01 0.0000e+00
786 0.0000e+00 0.0000e+00 1.4797e-04 5.2782e-09 1.4797e-04 1.7487e-01 0.0000e+00
787 0.0000e+00 0.0000e+00 1.4728e-04 4.8536e-09 1.4728e-04 1.7502e-01 0.0000e+00
788 0.0000e+00 0.0000e+00 1.4661e-04 4.4636e-09 1.4661e-04 1.7517e-01 0.0000e+00
789 0.0000e+00 1.2590e-04 1.4594e-04 4.1053e-09 1.4594e-04 1.7531e-01 0.0000e+00
790 0.0000e+00 2.4290e-04 1.4527e-04 2.8102e-09 1.4527e-04 1.7546e-01 0.0000e+00
791 0.0000e+00 3.4370e-04 1.4461e-04 2.5920e-09 1.4461e-04 1.7560e-01 0.0000e+00
792 0.0000e+00 4.2090e-04 1.4396e-04 2.3910e-09 1.4396e-04 1.7575e-01 0.0000e+00
793 0.0000e+00 4.6560e-04 1.4332e-04 2.2057e-09 1.4332e-04 1.7589e-01 0.0000e+00
794 0.0000e+00 4.8620e-04 1.4268e-04 2.0348e-09 1.4268e-04 1.7603e-01 0.0000e+00
795 0.0000e+00 4.6560e-04 1.4204e-04 1.8774e-09 1.4204e-04 1.7617e-01 0.0000e+00
796 0.0000e+00 4.2090e-04 1.4141e-04 1.7322e-09 1.4141e-04 1.7631e-01 0.0000e+00
797 0.0000e+00 3.4370e-04 1.4079e-04 1.5983e-09 1.4079e-04 1.7646e-01 0.0000e+00
798 0.0000e+00 2.4290e-04 1.4017e-04 1.4749e-09 1.4017e-04 1.7660e-01 0.0000e+00
799 0.0000e+00 1.1760e-04 1.3956e-04 1.3611e-09 1.3956e-04 1.7674e-01 0.0000e+00
800 0.0000e+00 0.0000e+00 1.3895e-04 6.5742e-10 1.3895e-04 1.7687e-01 0.0000e+00
801 0.0000e+00 0.0000e+00 1.3835e-04 6.0882e-10 1.3835e-04 1.7701e-01 0.0000e+00
802 0.0000e+00 0.0000e+00 1.3775e-04 5.6385e-10 1.3775e-04 1.7715e-01 0.0000e+00
803 0.0000e+00 0.0000e+00 1.3716e-04 5.2223e-10 1.3716e-04 1.7729e-01 0.0000e+00
804 0.0000e+00 0.0000e+00 1.3657e-04 4.8370e-10 1.3657e-04 1.7742e-01 0.0000e+00
805 0.0000e+00 0.0000e+00 1.3599e-04 4.4803e-10 1.3599e-04 1.7756e-01 0.0000e+00
806 0.0000e+00 0.0000e+00 1.3541e-04 4.1501e-10 1.3541e-04 1.7770e-01 0.0000e+00
807 0.0000e+00 0.0000e+00 1.3484e-04 3.8445e-10 1.3484e-04 1.7783e-01 0.0000e+00
808 0.0000e+00 0.0000e+00 1.3428e-04 3.5615e-10 1.3428e-04 1.7796e-01 0.0000e+00
809 0.0000e+00 0.0000e+00 1.3371e-04 3.2995e-10 1.3371e-04 1.7810e-01 0.0000e+00
810 0.0000e+00 0.0000e+00 1.3316e-04 3.0569e-10 1.3316e-04 1.7823e-01 0.0000e+00
811 0.0000e+00 0.0000e+00 1.3260e-04 6.8043e-11 1.3260e-04 1.7836e-01 0.0000e+00
812 0.0000e+00 0.0000e+00 1.3205e-04 6.3290e-11 1.3205e-04 1.7850e-01 0.0000e+00
813 0.0000e+00 3.0400e-05 1.3151e-04 5.8871e-11 1.3151e-04 1.7863e-01 0.0000e+00
814 0.0000e+00 5.8700e-05 1.3097e-04 5.4763e-11 1.3097e-04 1.7876e-01 0.0000e+00
815 0.0000e+00 8.3100e-05 1.3044e-04 5.0943e-11 1.3044e-04 1.7889e-01 0.0000e+00
816 0.0000e+00 1.0180e-04 1.2991e-04 4.7391e-11 1.2991e-04 1.7902e-01 0.0000e+00
817 0.0000e+00 1.1260e-04 1.2938e-04 4.4089e-11 1.2938e-04 1.7915e-01 0.0000e+00
818 0.0000e+00 1.1760e-04 1.2886e-04 4.1018e-11 1.2886e-04 1.7928e-01 0.0000e+00
819 0.0000e+00 1.1260e-04 1.2834e-04 3.8162e-11 1.2834e-04 1.7941e-01 0.0000e+00
820 0.0000e+00 1.0180e-04 1.2783e-04 3.5507e-11 1.2783e-04 1.7953e-01 0.0000e+00
821 0.0000e+00 8.3100e-05 1.2732e-04 3.3037e-11 1.2732e-04 1.7966e-01 0.0000e+00
822 0.0000e+00 5.8700e-05 1.2681e-04 0.0000e+00 1.2681e-04 1.7979e-01 0.0000e+00
823 0.0000e+00 2.8400e-05 1.2631e-04 0.0000e+00 1.2631e-04 1.7991e-01 0.0000e+00
824 0.0000e+00 0.0000e+00 1.2581e-04 0.0000e+00 1.2581e-04 1.8004e-01 0.0000e+00
825 0.0000e+00 0.0000e+00 1.2532e-04 0.0000e+00 1.2532e-04 1.8016e-01 0.0000e+00
826 0.0000e+00 0.0000e+00 1.2483e-04 0.0000e+00 1.2483e-04 1.8029e-01 0.0000e+00
827 0.0000e+00 0.0000e+00 1.2434e-04 0.0000e+00 1.2434e-04 1.8041e-01 0.0000e+00
828 0.0000e+00 0.0000e+00 1.2386e-04 0.0000e+00 1.2386e-04 1.8054e-01 0.0000e+00
829 0.0000e+00 0.0000e+00 1.2338e-04 0.0000e+00 1.2338e-04 1.8066e-01 0.0000e+00
830 0.0000e+00 0.0000e+00 1.2291e-04 0.0000e+00 1.2291e-04 1.8078e-01 0.0000e+00
831 0.0000e+00 0.0000e+00 1.2244e-04 0.0000e+00 1.2244e-04 1.8091e-01 0.0000e+00
832 0.0000e+00 0.0000e+00 1.2197e-04 0.0000e+00 1.2197e-04 1.8103e-01 0.0000e+00
833 0.0000e+00 0.0000e+00 1.2150e-04 0.0000e+00 1.2150e-04 1.8115e-01 0.0000e+00
834 0.0000e+00 0.0000e+00 1.2104e-04 0.0000e+00 1.2104e-04 1.8127e-01 0.0000e+00
835 0.0000e+00 0.0000e+00 1.2059e-04 0.0000e+00 1.2059e-04 1.8139e-01 0.0000e+00
836 0.0000e+00 0.0000e+00 1.2013e-04 0.0000e+00 1.2013e-04 1.8151e-01 0.0000e+00
837 0.0000e+00 6.6100e-05 1.1968e-04 0.0000e+00 1.1968e-04 1.8163e-01 0.0000e+00
838 0.0000e+00 1.2750e-04 1.1924e-04 0.0000e+00 1.1924e-04 1.8175e-01 0.0000e+00
839 0.0000e+00 1.8040e-04 1.1879e-04 0.0000e+00 1.1879e-04 1.8187e-01 0.0000e+00
840 0.0000e+00 2.2090e-04 1.1835e-04 0.0000e+00 1.1835e-04 1.8199e-01 0.0000e+00
841 0.0000e+00 2.4430e-04 1.1792e-04 0.0000e+00 1.1792e-04 1.8211e-01 0.0000e+00
842 0.0000e+00 2.5510e-04 1.1748e-04 0.0000e+00 1.1748e-04 1.8222e-01 0.0000e+00
843 0.0000e+00 2.4430e-04 1.1705e-04 0.0000e+00 1.1705e-04 1.8234e-01 0.0000e+00
844 0.0000e+00 2.2090e-04 1.1662e-04 0.0000e+00 1.1662e-04 1.8246e-01 0.0000e+00
845 0.0000e+00 1.8040e-04 1.1620e-04 0.0000e+00 1.1620e-04 1.8257e-01 0.0000e+00
846 0.0000e+00 1.2750e-04 1.1578e-04 0.0000e+00 1.1578e-04 1.8269e-01 0.0000e+00
847 0.0000e+00 6.1700e-05 1.1536e-04 0.0000e+00 1.1536e-04 1.8280e-01 0.0000e+00
848 0.0000e+00 0.0000e+00 1.1495e-04 0.0000e+00 1.1495e-04 1.8292e-01 0.0000e+00
849 0.0000e+00 0.0000e+00 1.1453e-04 0.0000e+00 1.1453e-04 1.8303e-01 0.0000e+00
850 0.0000e+00 0.0000e+00 1.1412e-04 0.0000e+00 1.1412e-04 1.8315e-01 0.0000e+00
851 0.0000e+00 0.0000e+00 1.1372e-04 0.0000e+00 1.1372e-04 1.8326e-01 0.0000e+00
852 0.0000e+00 0.0000e+00 1.1331e-04 0.0000e+00 1.1331e-04 1.8337e-01 0.0000e+00
853 0.0000e+00 0.0000e+00 1.1291e-04 0.0000e+00 1.1291e-04 1.8349e-01 0.0000e+00
854 0.0000e+00 0.0000e+00 1.1252e-04 0.0000e+00 1.1252e-04 1.8360e-01 0.0000e+00
855 0.0000e+00 0.0000e+00 1.1212e-04 0.0000e+00 1.1212e-04 1.8371e-01 0.0000e+00
856 0.0000e+00 0.0000e+00 1.1173e-04 0.0000e+00 1.1173e-04 1.8382e-01 0.0000e+00
857 0.0000e+00 0.0000e+00 1.1134e-04 0.0000e+00 1.1134e-04 1.8394e-01 0.0000e+00
858 0.0000e+00 0.0000e+00 1.1095e-04 0.0000e+00 1.1095e-04 1.8405e-01 0.0000e+00
859 0.0000e+00 0.0000e+00 1.1057e-04 0.0000e+00 1.1057e-04 1.8416e-01 0.0000e+00
860 0.0000e+00 0.0000e+00 1.1019e-04 0.0000e+00 1.1019e-04 1.8427e-01 0.0000e+00
861 0.0000e+00 9.7600e-05 1.0981e-04 0.0000e+00 1.0981e-04 1.8438e-01 0.0000e+00
862 0.0000e+00 1.8830e-04 1.0943e-04 0.0000e+00 1.0943e-04 1.8449e-01 0.0000e+00
863 0.0000e+00 2.6650e-04 1.0906e-04 0.0000e+00 1.0906e-04 1.8460e-01 0.0000e+00
864 0.0000e+00 3.2630e-04 1.0869e-04 0.0000e+00 1.0869e-04 1.8470e-01 0.0000e+00
865 0.0000e+00 3.6100e-04 1.0832e-04 0.0000e+00 1.0832e-04 1.8481e-01 0.0000e+00
866 0.0000e+00 3.7690e-04 1.0795e-04 0.0000e+00 1.0795e-04 1.8492e-01 0.0000e+00
867 0.0000e+00 3.6100e-04 1.0759e-04 0.0000e+00 1.0759e-04 1.8503e-01 0.0000e+00
868 0.0000e+00 3.2630e-04 1.0723e-04 0.0000e+00 1.0723e-04 1.8514e-01 0.0000e+00
869 0.0000e+00 2.6650e-04 1.0687e-04 0.0000e+00 1.0687e-04 1.8524e-01 0.0000e+00
870 0.0000e+00 1.8830e-04 1.0651e-04 0.0000e+00 1.0651e-04 1.8535e-01 0.0000e+00
871 0.0000e+00 9.1200e-05 1.0616e-04 0.0000e+00 1.0616e-04 1.8545e-01 0.0000e+00
872 0.0000e+00 0.0000e+00 1.0581e-04 0.0000e+00 1.0581e-04 1.8556e-01 0.0000e+00
873 0.0000e+00 0.0000e+00 1.0546e-04 0.0000e+00 1.0546e-04 1.8567e-01 0.0000e+00
874 0.0000e+00 0.0000e+00 1.0511e-04 0.0000e+00 1.0511e-04 1.8577e-01 0.0000e+00
875 0.0000e+00 0.0000e+00 1.0477e-04 0.0000e+00 1.0477e-04 1.8588e-01 0.0000e+00
876 0.0000e+00 0.0000e+00 1.0442e-04 0.0000e+00 1.0442e-04 1.8598e-01 0.0000e+00
877 0.0000e+00 0.0000e+00 1.0408e-04 0.0000e+00 1.0408e-04 1.8608e-01 0.0000e+00
878 0.0000e+00 0.0000e+00 1.0375e-04 0.0000e+00 1.0375e-04 1.8619e-01 0.0000e+00
879 0.0000e+00 0.0000e+00 1.0341e-04 0.0000e+00 1.0341e-04 1.8629e-01 0.0000e+00
880 0.0000e+00 0.0000e+00 1.0308e-04 0.0000e+00 1.0308e-04 1.8639e-01 0.0000e+00
881 0.0000e+00 0.0000e+00 1.0275e-04 0.0000e+00 1.0275e-04 1.8650e-01 0.0000e+00
882 0.0000e+00 0.0000e+00 1.0242e-04 0.0000e+00 1.0242e-04 1.8660e-01 0.0000e+00
883 0.0000e+00 0.0000e+00 1.0209e-04 0.0000e+00 1.0209e-04 1.8670e-01 0.0000e+00
884 0.0000e+00 0.0000e+00 1.0176e-04 0.0000e+00 1.0176e-04 1.8680e-01 0.0000e+00
885 0.0000e+00 6.4300e-05 1.0144e-04 0.0000e+00 1.0144e-04 1.8691e-01 0.0000e+00
886 0.0000e+00 1.2410e-04 1.0112e-04 0.0000e+00 1.0112e-04 1.8701e-01 0.0000e+00
887 0.0000e+00 1.7560e-04 1.0080e-04 0.0000e+00 1.0080e-04 1.8711e-01 0.0000e+00
888 0.0000e+00 2.1500e-04 1.0048e-04 0.0000e+00 1.0048e-04 1.8721e-01 0.0000e+00
889 0.0000e+00 2.3790e-04 1.0017e-04 0.0000e+00 1.0017e-04 1.8731e-01 0.0000e+00
890 0.0000e+00 2.4840e-04 9.9855e-05 0.0000e+00 9.9855e-05 1.8741e-01 0.0000e+00
891 0.0000e+00 2.3790e-04 9.9544e-05 0.0000e+00 9.9544e-05 1.8751e-01 0.0000e+00
892 0.0000e+00 2.1500e-04 9.9235e-05 0.0000e+00 9.9235e-05 1.8761e-01 0.0000e+00
893 0.0000e+00 1.7560e-04 9.8928e-05 0.0000e+00 9.8928e-05 1.8771e-01 0.0000e+00
894 0.0000e+00 1.2410e-04 9.8622e-05 0.0000e+00 9.8622e-05 1.8780e-01 0.0000e+00
895 0.0000e+00 6.0100e-05 9.8319e-05 0.0000e+00 9.8319e-05 1.8790e-01 0.0000e+00
896 0.0000e+00 0.0000e+00 9.8017e-05 0.0000e+00 9.8017e-05 1.8800e-01 0.0000e+00
897 0.0000e+00 0.0000e+00 9.7718e-05 0.0000e+00 9.7718e-05 1.8810e-01 0.0000e+00
898 0.0000e+00 0.0000e+00 9.7420e-05 0.0000e+00 9.7420e-05 1.8820e-01 0.0000e+00
899 0.0000e+00 0.0000e+00 9.7124e-05 0.0000e+00 9.7124e-05 1.8829e-01 0.0000e+00
900 0.0000e+00 0.0000e+00 9.6829e-05 0.0000e+00 9.6829e-05 1.8839e-01 0.0000e+00
901 0.0000e+00 0.0000e+00 9.6537e-05 0.0000e+00 9.6537e-05 1.8849e-01 0.0000e+00
902 0.0000e+00 0.0000e+00 9.6246e-05 0.0000e+00 9.6246e-05 1.8858e-01 0.0000e+00
903 0.0000e+00 0.0000e+00 9.5957e-05 0.0000e+00 9.5957e-05 1.8868e-01 0.0000e+00
904 0.0000e+00 0.0000e+00 9.5670e-05 0.0000e+00 9.5670e-05 1.8877e-01 0.0000e+00
905 0.0000e+00 0.0000e+00 9.5384e-05 0.0000e+00 9.5384e-05 1.8887e-01 0.0000e+00
906 0.0000e+00 0.0000e+00 9.5100e-05 0.0000e+00 9.5100e-05 1.8896e-01 0.0000e+00
907 0.0000e+00 0.0000e+00 9.4818e-05 0.0000e+00 9.4818e-05 1.8906e-01 0.0000e+00
908 0.0000e+00 0.0000e+00 9.4537e-05 0.0000e+00 9.4537e-05 1.8915e-01 0.0000e+00
909 0.0000e+00 8.0200e-05 9.4258e-05 0.0000e+00 9.4258e-05 1.8925e-01 0.0000e+00
910 0.0000e+00 1.5480e-04 9.3981e-05 0.0000e+00 9.3981e-05 1.8934e-01 0.0000e+00
911 0.0000e+00 2.1910e-04 9.3706e-05 0.0000e+00 9.3706e-05 1.8944e-01 0.0000e+00
912 0.0000e+00 2.6830e-04 9.3432e-05 0.0000e+00 9.3432e-05 1.8953e-01 0.0000e+00
913 0.0000e+00 2.9680e-04 9.3159e-05 0.0000e+00 9.3159e-05 1.8962e-01 0.0000e+00
914 0.0000e+00 3.0990e-04 9.2888e-05 0.0000e+00 9.2888e-05 1.8971e-01 0.0000e+00
915 0.0000e+00 2.9680e-04 9.2619e-05 0.0000e+00 9.2619e-05 1.8981e-01 0.0000e+00
916 0.0000e+00 2.6830e-04 9.2351e-05 0.0000e+00 9.2351e-05 1.8990e-01 0.0000e+00
917 0.0000e+00 2.1910e-04 9.2085e-05 0.0000e+00 9.2085e-05 1.8999e-01 0.0000e+00
918 0.0000e+00 1.5480e-04 9.1821e-05 0.0000e+00 9.1821e-05 1.9008e-01 0.0000e+00
919 0.0000e+00 7.5000e-05 9.1558e-05 0.0000e+00 9.1558e-05 1.9018e-01 0.0000e+00
920 0.0000e+00 0.0000e+00 9.1296e-05 0.0000e+00 9.1296e-05 1.9027e-01 0.0000e+00
921 0.0000e+00 0.0000e+00 9.1036e-05 0.0000e+00 9.1036e-05 1.9036e-01 0.0000e+00
922 0.0000e+00 0.0000e+00 9.0777e-05 0.0000e+00 9.0777e-05 1.9045e-01 0.0000e+00
923 0.0000e+00 0.0000e+00 9.0520e-05 0.0000e+00 9.0520e-05 1.9054e-01 0.0000e+00
924 0.0000e+00 0.0000e+00 9.0264e-05 0.0000e+00 9.0264e-05 1.9063e-01 0.0000e+00
925 0.0000e+00 0.0000e+00 9.0010e-05 0.0000e+00 9.0010e-05 1.9072e-01 0.0000e+00
926 0.0000e+00 0.0000e+00 8.9757e-05 0.0000e+00 8.9757e-05 1.9081e-01 0.0000e+00
927 0.0000e+00 0.0000e+00 8.9506e-05 0.0000e+00 8.9506e-05 1.9090e-01 0.0000e+00
928 0.0000e+00 0.0000e+00 8.9256e-05 0.0000e+00 8.9256e-05 1.9099e-01 0.0000e+00
929 0.0000e+00 0.0000e+00 8.9007e-05 0.0000e+00 8.9007e-05 1.9108e-01 0.0000e+00
930 0.0000e+00 0.0000e+00 8.8760e-05 0.0000e+00 8.8760e-05 1.9117e-01 0.0000e+00
931 0.0000e+00 0.0000e+00 8.8514e-05 0.0000e+00 8.8514e-05 1.9125e-01 0.0000e+00
932 0.0000e+00 0.0000e+00 8.8270e-05 0.0000e+00 8.8270e-05 1.9134e-01 0.0000e+00
933 0.0000e+00 9.6000e-05 8.8027e-05 0.0000e+00 8.8027e-05 1.9143e-01 0.0000e+00
934 0.0000e+00 1.8520e-04 8.7785e-05 0.0000e+00 8.7785e-05 1.9152e-01 0.0000e+00
935 0.0000e+00 2.6210e-04 8.7544e-05 0.0000e+00 8.7544e-05 1.9161e-01 0.0000e+00
936 0.0000e+00 3.2090e-04 8.7305e-05 0.0000e+00 8.7305e-05 1.9169e-01 0.0000e+00
937 0.0000e+00 3.5500e-04 8.7067e-05 0.0000e+00 8.7067e-05 1.9178e-01 0.0000e+00
938 0.0000e+00 3.7070e-04 8.6831e-05 0.0000e+00 8.6831e-05 1.9187e-01 0.0000e+00
939 0.0000e+00 3.5500e-04 8.6595e-05 0.0000e+00 8.6595e-05 1.9195e-01 0.0000e+00
940 0.0000e+00 3.2090e-04 8.6361e-05 0.0000e+00 8.6361e-05 1.9204e-01 0.0000e+00
941 0.0000e+00 2.6210e-04 8.6129e-05 0.0000e+00 8.6129e-05 1.9213e-01 0.0000e+00
942 0.0000e+00 1.8520e-04 8.5897e-05 0.0000e+00 8.5897e-05 1.9221e-01 0.0000e+00
943 0.0000e+00 8.9700e-05 8.5667e-05 0.0000e+00 8.5667e-05 1.9230e-01 0.0000e+00
944 0.0000e+00 0.0000e+00 8.5438e-05 0.0000e+00 8.5438e-05 1.9238e-01 0.0000e+00
945 0.0000e+00 0.0000e+00 8.5210e-05 0.0000e+00 8.5210e-05 1.9247e-01 0.0000e+00
946 0.0000e+00 0.0000e+00 8.4983e-05 0.0000e+00 8.4983e-05 1.9255e-01 0.0000e+00
947 0.0000e+00 0.0000e+00 8.4758e-05 0.0000e+00 8.4758e-05 1.9264e-01 0.0000e+00
948 0.0000e+00 0.0000e+00 8.4534e-05 0.0000e+00 8.4534e-05 1.9272e-01 0.0000e+00
949 0.0000e+00 0.0000e+00 8.4311e-05 0.0000e+00 8.4311e-05 1.9281e-01 0.0000e+00
950 0.0000e+00 0.0000e+00 8.4089e-05 0.0000e+00 8.4089e-05 1.9289e-01 0.0000e+00
Objective function values:
F1 1.464889e-06    NSE 0.74818   F2 2.810364e-02
Mean Obs Q 1.590065e-04   Variance Obs Q 6.123405e-09
    Error Variance 1.541988e-09

Water Balance for Subcatchment: Extracted study basin: Taegu Pyungkwang River

   SUMP       SUMAE      SUMQ       SUMRZ      SUMUZ      SBAR        BAL
1.890e-01  4.650e-02  1.297e-01  1.969e-02  0.000e+00  1.929e-01  4.280e-04
