Taegu Pyungkwang River Catchment: Calibration Data

Subcatchment : Extracted study basin: cat-13829

TL =     8.25
SUMAC =     1.00
SZQ =       0.03885
Subcatchment routing data:
Maximum Routing Delay       0.69444
Sum of Histogram ordinates:     1.0000
     1.00000 
Initial BAL             -0.22847
Initial SBAR             0.22647
Initial SR0              0.00200
it      p        ep       q(it)       quz      q       sbar       qof
1 0.0000e+00 6.1900e-05 3.2800e-05 0.0000e+00 3.2800e-05 2.2650e-01 0.0000e+00
2 0.0000e+00 6.4700e-05 3.2766e-05 0.0000e+00 3.2766e-05 2.2653e-01 0.0000e+00
3 1.0000e-03 6.1900e-05 3.2733e-05 0.0000e+00 3.2733e-05 2.2657e-01 0.0000e+00
4 1.0000e-03 5.6000e-05 3.2699e-05 0.0000e+00 3.2699e-05 2.2660e-01 0.0000e+00
5 1.0000e-03 4.5700e-05 4.5071e-05 8.1326e-05 3.2666e-05 2.2655e-01 1.2405e-05
6 5.0000e-04 3.2300e-05 4.0109e-05 1.1111e-04 3.2716e-05 2.2647e-01 7.3933e-06
7 5.0000e-04 1.5600e-05 4.0407e-05 1.4226e-04 3.2796e-05 2.2636e-01 7.6113e-06
8 0.0000e+00 0.0000e+00 3.2908e-05 1.2011e-04 3.2908e-05 2.2628e-01 0.0000e+00
9 5.0000e-04 0.0000e+00 4.0881e-05 1.5842e-04 3.2998e-05 2.2615e-01 7.8831e-06
10 5.0000e-04 0.0000e+00 4.1265e-05 1.8880e-04 3.3128e-05 2.2600e-01 8.1370e-06
11 0.0000e+00 0.0000e+00 3.3289e-05 1.6202e-04 3.3289e-05 2.2587e-01 0.0000e+00
12 0.0000e+00 0.0000e+00 3.3423e-05 1.4469e-04 3.3423e-05 2.2576e-01 0.0000e+00
13 1.0000e-03 0.0000e+00 5.1316e-05 2.3539e-04 3.3540e-05 2.2555e-01 1.7776e-05
14 5.0000e-04 0.0000e+00 4.2053e-05 2.5316e-04 3.3752e-05 2.2533e-01 8.3005e-06
15 5.0000e-04 0.0000e+00 4.3414e-05 2.7213e-04 3.3984e-05 2.2510e-01 9.4298e-06
16 1.0000e-03 0.0000e+00 5.5267e-05 3.4074e-04 3.4238e-05 2.2479e-01 2.1029e-05
17 0.0000e+00 0.0000e+00 3.4568e-05 2.9624e-04 3.4568e-05 2.2453e-01 0.0000e+00
18 0.0000e+00 0.0000e+00 3.4852e-05 2.6488e-04 3.4852e-05 2.2430e-01 0.0000e+00
19 0.0000e+00 0.0000e+00 3.5103e-05 2.3823e-04 3.5103e-05 2.2409e-01 0.0000e+00
20 0.0000e+00 0.0000e+00 3.5326e-05 2.1505e-04 3.5326e-05 2.2391e-01 0.0000e+00
21 0.0000e+00 1.8000e-05 3.5525e-05 1.9459e-04 3.5525e-05 2.2376e-01 0.0000e+00
22 0.0000e+00 3.4800e-05 3.5702e-05 1.7639e-04 3.5702e-05 2.2361e-01 0.0000e+00
23 0.0000e+00 4.9200e-05 3.5860e-05 1.6012e-04 3.5860e-05 2.2349e-01 0.0000e+00
24 3.0000e-03 6.0200e-05 9.6943e-05 4.4628e-04 3.5999e-05 2.2308e-01 6.0943e-05
25 2.0000e-03 6.6600e-05 7.7256e-05 5.7601e-04 3.6464e-05 2.2254e-01 4.0792e-05
26 5.5000e-03 6.9600e-05 1.5134e-04 1.0624e-03 3.7084e-05 2.2152e-01 1.1426e-04
27 6.0000e-03 6.6600e-05 1.6300e-04 1.5220e-03 3.8291e-05 2.2003e-01 1.2471e-04
28 1.0000e-03 6.0200e-05 5.9737e-05 1.3995e-03 4.0108e-05 2.1867e-01 1.9628e-05
29 2.5000e-03 4.9200e-05 9.3156e-05 1.4977e-03 4.1849e-05 2.1722e-01 5.1307e-05
30 0.0000e+00 3.4800e-05 4.3797e-05 1.3150e-03 4.3797e-05 2.1595e-01 0.0000e+00
31 0.0000e+00 1.6800e-05 4.5572e-05 1.1781e-03 4.5572e-05 2.1481e-01 0.0000e+00
32 1.0000e-03 0.0000e+00 6.6124e-05 1.1603e-03 4.7214e-05 2.1370e-01 1.8911e-05
33 5.0000e-04 0.0000e+00 5.9399e-05 1.0904e-03 4.8885e-05 2.1266e-01 1.0515e-05
34 0.0000e+00 0.0000e+00 5.0502e-05 9.7563e-04 5.0502e-05 2.1173e-01 0.0000e+00
35 0.0000e+00 0.0000e+00 5.1983e-05 8.8042e-04 5.1983e-05 2.1090e-01 0.0000e+00
36 0.0000e+00 0.0000e+00 5.3347e-05 7.9569e-04 5.3347e-05 2.1016e-01 0.0000e+00
37 0.0000e+00 0.0000e+00 5.4599e-05 7.1988e-04 5.4599e-05 2.0950e-01 0.0000e+00
38 0.0000e+00 0.0000e+00 5.5746e-05 6.5180e-04 5.5746e-05 2.0890e-01 0.0000e+00
39 0.0000e+00 0.0000e+00 5.6794e-05 5.9054e-04 5.6794e-05 2.0837e-01 0.0000e+00
40 0.0000e+00 0.0000e+00 5.7749e-05 5.3532e-04 5.7749e-05 2.0789e-01 0.0000e+00
41 0.0000e+00 0.0000e+00 5.8617e-05 4.8549e-04 5.8617e-05 2.0746e-01 0.0000e+00
42 0.0000e+00 0.0000e+00 5.9404e-05 4.4048e-04 5.9404e-05 2.0708e-01 0.0000e+00
43 0.0000e+00 0.0000e+00 6.0116e-05 3.9981e-04 6.0116e-05 2.0674e-01 0.0000e+00
44 0.0000e+00 0.0000e+00 6.0758e-05 3.6302e-04 6.0758e-05 2.0644e-01 0.0000e+00
45 0.0000e+00 3.3800e-05 6.1334e-05 3.2973e-04 6.1334e-05 2.0617e-01 0.0000e+00
46 1.0000e-03 6.5200e-05 8.8563e-05 4.0793e-04 6.1851e-05 2.0583e-01 2.6712e-05
47 0.0000e+00 9.2300e-05 6.2523e-05 3.5750e-04 6.2523e-05 2.0553e-01 0.0000e+00
48 5.0000e-04 1.1300e-04 7.2575e-05 3.6017e-04 6.3102e-05 2.0523e-01 9.4723e-06
49 0.0000e+00 1.2500e-04 6.3691e-05 3.2063e-04 6.3691e-05 2.0498e-01 0.0000e+00
50 1.0000e-03 1.3050e-04 8.5279e-05 3.7524e-04 6.4204e-05 2.0467e-01 2.1074e-05
51 2.5000e-03 1.2500e-04 1.3034e-04 5.9741e-04 6.4831e-05 2.0413e-01 6.5508e-05
52 3.0000e-03 1.1300e-04 1.4540e-04 8.3279e-04 6.5919e-05 2.0337e-01 7.9484e-05
53 2.5000e-03 9.2300e-05 1.3351e-04 9.7829e-04 6.7518e-05 2.0246e-01 6.5992e-05
54 3.0000e-03 6.5200e-05 1.4986e-04 1.1731e-03 6.9468e-05 2.0135e-01 8.0388e-05
55 2.5000e-03 3.1600e-05 1.3922e-04 1.2875e-03 7.1905e-05 2.0014e-01 6.7314e-05
56 2.0000e-03 0.0000e+00 1.2911e-04 1.3416e-03 7.4689e-05 1.9887e-01 5.4419e-05
57 1.0000e-03 0.0000e+00 1.0535e-04 1.2830e-03 7.7706e-05 1.9766e-01 2.7647e-05
58 1.0000e-03 0.0000e+00 1.0833e-04 1.2464e-03 8.0688e-05 1.9650e-01 2.7647e-05
59 0.0000e+00 0.0000e+00 8.3682e-05 1.0947e-03 8.3682e-05 1.9549e-01 0.0000e+00
60 5.0000e-04 0.0000e+00 1.0019e-04 1.0382e-03 8.6368e-05 1.9454e-01 1.3823e-05
61 5.0000e-04 0.0000e+00 1.0280e-04 9.8159e-04 8.8976e-05 1.9364e-01 1.3823e-05
62 0.0000e+00 0.0000e+00 9.1492e-05 8.6946e-04 9.1492e-05 1.9286e-01 0.0000e+00
63 0.0000e+00 0.0000e+00 9.3744e-05 7.7816e-04 9.3744e-05 1.9218e-01 0.0000e+00
64 0.0000e+00 0.0000e+00 9.5771e-05 6.9762e-04 9.5771e-05 1.9158e-01 0.0000e+00
65 0.0000e+00 0.0000e+00 9.7589e-05 6.2618e-04 9.7589e-05 1.9105e-01 0.0000e+00
66 0.0000e+00 0.0000e+00 9.9214e-05 5.6258e-04 9.9214e-05 1.9059e-01 0.0000e+00
67 0.0000e+00 0.0000e+00 1.0066e-04 5.0583e-04 1.0066e-04 1.9018e-01 0.0000e+00
68 0.0000e+00 0.0000e+00 1.0194e-04 4.5510e-04 1.0194e-04 1.8983e-01 0.0000e+00
69 0.0000e+00 4.1400e-05 1.0308e-04 4.0970e-04 1.0308e-04 1.8952e-01 0.0000e+00
70 0.0000e+00 7.9800e-05 1.0407e-04 3.6903e-04 1.0407e-04 1.8926e-01 0.0000e+00
71 0.0000e+00 1.1290e-04 1.0493e-04 3.3256e-04 1.0493e-04 1.8903e-01 0.0000e+00
72 0.0000e+00 1.3830e-04 1.0568e-04 2.9984e-04 1.0568e-04 1.8883e-01 0.0000e+00
73 0.0000e+00 1.5300e-04 1.0633e-04 2.7047e-04 1.0633e-04 1.8867e-01 0.0000e+00
74 0.0000e+00 1.5980e-04 1.0687e-04 2.4408e-04 1.0687e-04 1.8853e-01 0.0000e+00
75 0.0000e+00 1.5300e-04 1.0733e-04 2.2036e-04 1.0733e-04 1.8842e-01 0.0000e+00
76 0.0000e+00 1.3830e-04 1.0771e-04 1.9903e-04 1.0771e-04 1.8833e-01 0.0000e+00
77 0.0000e+00 1.1290e-04 1.0802e-04 1.7983e-04 1.0802e-04 1.8826e-01 0.0000e+00
78 0.0000e+00 7.9800e-05 1.0826e-04 1.6256e-04 1.0826e-04 1.8820e-01 0.0000e+00
79 0.0000e+00 3.8700e-05 1.0845e-04 1.4699e-04 1.0845e-04 1.8816e-01 0.0000e+00
80 0.0000e+00 0.0000e+00 1.0858e-04 1.3297e-04 1.0858e-04 1.8814e-01 0.0000e+00
81 0.0000e+00 0.0000e+00 1.0866e-04 1.2033e-04 1.0866e-04 1.8813e-01 0.0000e+00
82 0.0000e+00 0.0000e+00 1.0870e-04 1.0893e-04 1.0870e-04 1.8813e-01 0.0000e+00
83 0.0000e+00 0.0000e+00 1.0870e-04 9.8649e-05 1.0870e-04 1.8814e-01 0.0000e+00
84 0.0000e+00 0.0000e+00 1.0867e-04 8.9366e-05 1.0867e-04 1.8816e-01 0.0000e+00
85 0.0000e+00 0.0000e+00 1.0860e-04 8.0985e-05 1.0860e-04 1.8818e-01 0.0000e+00
86 0.0000e+00 0.0000e+00 1.0851e-04 7.3414e-05 1.0851e-04 1.8822e-01 0.0000e+00
87 0.0000e+00 0.0000e+00 1.0839e-04 6.6572e-05 1.0839e-04 1.8826e-01 0.0000e+00
88 0.0000e+00 0.0000e+00 1.0825e-04 6.0388e-05 1.0825e-04 1.8831e-01 0.0000e+00
89 0.0000e+00 0.0000e+00 1.0808e-04 5.4795e-05 1.0808e-04 1.8836e-01 0.0000e+00
90 0.0000e+00 0.0000e+00 1.0790e-04 4.9736e-05 1.0790e-04 1.8842e-01 0.0000e+00
91 0.0000e+00 0.0000e+00 1.0771e-04 4.5157e-05 1.0771e-04 1.8848e-01 0.0000e+00
92 0.0000e+00 0.0000e+00 1.0750e-04 4.1012e-05 1.0750e-04 1.8855e-01 0.0000e+00
93 0.0000e+00 1.9100e-05 1.0727e-04 3.7258e-05 1.0727e-04 1.8862e-01 0.0000e+00
94 0.0000e+00 3.6800e-05 1.0704e-04 3.3857e-05 1.0704e-04 1.8869e-01 0.0000e+00
95 0.0000e+00 5.2100e-05 1.0680e-04 3.0775e-05 1.0680e-04 1.8877e-01 0.0000e+00
96 0.0000e+00 6.3800e-05 1.0654e-04 2.7982e-05 1.0654e-04 1.8885e-01 0.0000e+00
97 5.0000e-04 7.0600e-05 1.0628e-04 2.5449e-05 1.0628e-04 1.8893e-01 0.0000e+00
98 5.0000e-04 7.3700e-05 1.0601e-04 2.3151e-05 1.0601e-04 1.8901e-01 0.0000e+00
99 0.0000e+00 7.0600e-05 1.0574e-04 2.1066e-05 1.0574e-04 1.8910e-01 0.0000e+00
100 0.0000e+00 6.3800e-05 1.0546e-04 1.9174e-05 1.0546e-04 1.8918e-01 0.0000e+00
101 0.0000e+00 5.2100e-05 1.0518e-04 1.7456e-05 1.0518e-04 1.8927e-01 0.0000e+00
102 0.0000e+00 3.6800e-05 1.0489e-04 1.5895e-05 1.0489e-04 1.8936e-01 0.0000e+00
103 0.0000e+00 1.7800e-05 1.0460e-04 1.4478e-05 1.0460e-04 1.8945e-01 0.0000e+00
104 0.0000e+00 0.0000e+00 1.0430e-04 1.3190e-05 1.0430e-04 1.8954e-01 0.0000e+00
105 0.0000e+00 0.0000e+00 1.0401e-04 1.2019e-05 1.0401e-04 1.8963e-01 0.0000e+00
106 0.0000e+00 0.0000e+00 1.0371e-04 1.0955e-05 1.0371e-04 1.8973e-01 0.0000e+00
107 0.0000e+00 0.0000e+00 1.0341e-04 9.9877e-06 1.0341e-04 1.8982e-01 0.0000e+00
108 0.0000e+00 0.0000e+00 1.0311e-04 9.1075e-06 1.0311e-04 1.8991e-01 0.0000e+00
109 0.0000e+00 0.0000e+00 1.0280e-04 8.3066e-06 1.0280e-04 1.9001e-01 0.0000e+00
110 0.0000e+00 0.0000e+00 1.0250e-04 7.5778e-06 1.0250e-04 1.9010e-01 0.0000e+00
111 5.0000e-04 0.0000e+00 1.0220e-04 6.9143e-06 1.0220e-04 1.9020e-01 0.0000e+00
112 0.0000e+00 0.0000e+00 1.0189e-04 6.3102e-06 1.0189e-04 1.9029e-01 0.0000e+00
113 0.0000e+00 0.0000e+00 1.0159e-04 5.7600e-06 1.0159e-04 1.9039e-01 0.0000e+00
114 0.0000e+00 0.0000e+00 1.0128e-04 5.2584e-06 1.0128e-04 1.9048e-01 0.0000e+00
115 0.0000e+00 0.0000e+00 1.0098e-04 4.8019e-06 1.0098e-04 1.9058e-01 0.0000e+00
116 0.0000e+00 0.0000e+00 1.0068e-04 4.3858e-06 1.0068e-04 1.9068e-01 0.0000e+00
117 0.0000e+00 1.0200e-05 1.0038e-04 4.0065e-06 1.0038e-04 1.9077e-01 0.0000e+00
118 0.0000e+00 1.9800e-05 1.0007e-04 3.6607e-06 1.0007e-04 1.9087e-01 0.0000e+00
119 0.0000e+00 2.8000e-05 9.9773e-05 3.3453e-06 9.9773e-05 1.9097e-01 0.0000e+00
120 0.0000e+00 3.4200e-05 9.9472e-05 3.0577e-06 9.9472e-05 1.9106e-01 0.0000e+00
121 0.0000e+00 3.7900e-05 9.9173e-05 2.7953e-06 9.9173e-05 1.9116e-01 0.0000e+00
122 0.0000e+00 3.9500e-05 9.8875e-05 2.5558e-06 9.8875e-05 1.9126e-01 0.0000e+00
123 0.0000e+00 3.7900e-05 9.8578e-05 2.3373e-06 9.8578e-05 1.9135e-01 0.0000e+00
124 0.0000e+00 3.4200e-05 9.8282e-05 2.1373e-06 9.8282e-05 1.9145e-01 0.0000e+00
125 0.0000e+00 2.8000e-05 9.7987e-05 1.9552e-06 9.7987e-05 1.9154e-01 0.0000e+00
126 0.0000e+00 1.9800e-05 9.7693e-05 1.7889e-06 9.7693e-05 1.9164e-01 0.0000e+00
127 0.0000e+00 9.6000e-06 9.7401e-05 1.6371e-06 9.7401e-05 1.9174e-01 0.0000e+00
128 0.0000e+00 0.0000e+00 9.7110e-05 1.4983e-06 9.7110e-05 1.9183e-01 0.0000e+00
129 0.0000e+00 0.0000e+00 9.6820e-05 1.3716e-06 9.6820e-05 1.9193e-01 0.0000e+00
130 0.0000e+00 0.0000e+00 9.6532e-05 1.2557e-06 9.6532e-05 1.9202e-01 0.0000e+00
131 0.0000e+00 0.0000e+00 9.6245e-05 1.1498e-06 9.6245e-05 1.9212e-01 0.0000e+00
132 0.0000e+00 0.0000e+00 9.5959e-05 1.0530e-06 9.5959e-05 1.9221e-01 0.0000e+00
133 0.0000e+00 0.0000e+00 9.5675e-05 9.6453e-07 9.5675e-05 1.9231e-01 0.0000e+00
134 0.0000e+00 0.0000e+00 9.5392e-05 8.8302e-07 9.5392e-05 1.9240e-01 0.0000e+00
135 0.0000e+00 0.0000e+00 9.5111e-05 8.0907e-07 9.5111e-05 1.9250e-01 0.0000e+00
136 0.0000e+00 0.0000e+00 9.4831e-05 7.4142e-07 9.4831e-05 1.9259e-01 0.0000e+00
137 0.0000e+00 0.0000e+00 9.4553e-05 6.7952e-07 9.4553e-05 1.9268e-01 0.0000e+00
138 0.0000e+00 0.0000e+00 9.4276e-05 6.2287e-07 9.4276e-05 1.9278e-01 0.0000e+00
139 0.0000e+00 0.0000e+00 9.4000e-05 5.7102e-07 9.4000e-05 1.9287e-01 0.0000e+00
140 0.0000e+00 0.0000e+00 9.3726e-05 5.2356e-07 9.3726e-05 1.9296e-01 0.0000e+00
141 5.0000e-04 4.1400e-05 9.3454e-05 4.8011e-07 9.3454e-05 1.9306e-01 0.0000e+00
142 0.0000e+00 7.9900e-05 9.3182e-05 4.4032e-07 9.3182e-05 1.9315e-01 0.0000e+00
143 0.0000e+00 1.1300e-04 9.2913e-05 4.0388e-07 9.2913e-05 1.9324e-01 0.0000e+00
144 0.0000e+00 1.3840e-04 9.2645e-05 3.6989e-07 9.2645e-05 1.9333e-01 0.0000e+00
145 0.0000e+00 1.5310e-04 9.2378e-05 3.3939e-07 9.2378e-05 1.9343e-01 0.0000e+00
146 0.0000e+00 1.5990e-04 9.2112e-05 3.1145e-07 9.2112e-05 1.9352e-01 0.0000e+00
147 0.0000e+00 1.5310e-04 9.1849e-05 2.8584e-07 9.1849e-05 1.9361e-01 0.0000e+00
148 0.0000e+00 1.3840e-04 9.1586e-05 2.6237e-07 9.1586e-05 1.9370e-01 0.0000e+00
149 0.0000e+00 1.1300e-04 9.1325e-05 2.4085e-07 9.1325e-05 1.9379e-01 0.0000e+00
150 0.0000e+00 7.9900e-05 9.1066e-05 2.2113e-07 9.1066e-05 1.9388e-01 0.0000e+00
151 0.0000e+00 3.8700e-05 9.0807e-05 2.0304e-07 9.0807e-05 1.9397e-01 0.0000e+00
152 0.0000e+00 0.0000e+00 9.0551e-05 1.8646e-07 9.0551e-05 1.9406e-01 0.0000e+00
153 0.0000e+00 0.0000e+00 9.0295e-05 1.7125e-07 9.0295e-05 1.9415e-01 0.0000e+00
154 0.0000e+00 0.0000e+00 9.0041e-05 1.5652e-07 9.0041e-05 1.9424e-01 0.0000e+00
155 0.0000e+00 0.0000e+00 8.9789e-05 1.4381e-07 8.9789e-05 1.9433e-01 0.0000e+00
156 0.0000e+00 0.0000e+00 8.9538e-05 1.3214e-07 8.9538e-05 1.9442e-01 0.0000e+00
157 0.0000e+00 0.0000e+00 8.9288e-05 1.2144e-07 8.9288e-05 1.9451e-01 0.0000e+00
158 0.0000e+00 0.0000e+00 8.9039e-05 1.1161e-07 8.9039e-05 1.9460e-01 0.0000e+00
159 0.0000e+00 0.0000e+00 8.8792e-05 1.0259e-07 8.8792e-05 1.9469e-01 0.0000e+00
160 0.0000e+00 0.0000e+00 8.8546e-05 9.4311e-08 8.8546e-05 1.9478e-01 0.0000e+00
161 0.0000e+00 0.0000e+00 8.8302e-05 8.6706e-08 8.8302e-05 1.9487e-01 0.0000e+00
162 0.0000e+00 0.0000e+00 8.8059e-05 7.9723e-08 8.8059e-05 1.9495e-01 0.0000e+00
163 0.0000e+00 0.0000e+00 8.7817e-05 7.3309e-08 8.7817e-05 1.9504e-01 0.0000e+00
164 0.0000e+00 0.0000e+00 8.7577e-05 6.6495e-08 8.7577e-05 1.9513e-01 0.0000e+00
165 0.0000e+00 1.7800e-05 8.7338e-05 6.1181e-08 8.7338e-05 1.9522e-01 0.0000e+00
166 0.0000e+00 3.4400e-05 8.7100e-05 5.6296e-08 8.7100e-05 1.9530e-01 0.0000e+00
167 0.0000e+00 4.8600e-05 8.6863e-05 5.1806e-08 8.6863e-05 1.9539e-01 0.0000e+00
168 0.0000e+00 5.9500e-05 8.6628e-05 4.7678e-08 8.6628e-05 1.9548e-01 0.0000e+00
169 0.0000e+00 6.5900e-05 8.6394e-05 4.3883e-08 8.6394e-05 1.9556e-01 0.0000e+00
170 0.0000e+00 6.8800e-05 8.6161e-05 4.0393e-08 8.6161e-05 1.9565e-01 0.0000e+00
171 0.0000e+00 6.5900e-05 8.5929e-05 3.7184e-08 8.5929e-05 1.9574e-01 0.0000e+00
172 0.0000e+00 5.9500e-05 8.5699e-05 3.4233e-08 8.5699e-05 1.9582e-01 0.0000e+00
173 0.0000e+00 4.8600e-05 8.5470e-05 3.1519e-08 8.5470e-05 1.9591e-01 0.0000e+00
174 0.0000e+00 3.4400e-05 8.5242e-05 2.7991e-08 8.5242e-05 1.9599e-01 0.0000e+00
175 0.0000e+00 1.6600e-05 8.5015e-05 2.5794e-08 8.5015e-05 1.9608e-01 0.0000e+00
176 0.0000e+00 0.0000e+00 8.4790e-05 2.3772e-08 8.4790e-05 1.9616e-01 0.0000e+00
177 0.0000e+00 0.0000e+00 8.4565e-05 2.1909e-08 8.4565e-05 1.9625e-01 0.0000e+00
178 0.0000e+00 0.0000e+00 8.4342e-05 2.0194e-08 8.4342e-05 1.9633e-01 0.0000e+00
179 0.0000e+00 0.0000e+00 8.4120e-05 1.8614e-08 8.4120e-05 1.9641e-01 0.0000e+00
180 0.0000e+00 0.0000e+00 8.3900e-05 1.7159e-08 8.3900e-05 1.9650e-01 0.0000e+00
181 0.0000e+00 0.0000e+00 8.3680e-05 1.5819e-08 8.3680e-05 1.9658e-01 0.0000e+00
182 0.0000e+00 0.0000e+00 8.3461e-05 1.4585e-08 8.3461e-05 1.9667e-01 0.0000e+00
183 0.0000e+00 0.0000e+00 8.3244e-05 1.3448e-08 8.3244e-05 1.9675e-01 0.0000e+00
184 0.0000e+00 0.0000e+00 8.3028e-05 1.1230e-08 8.3028e-05 1.9683e-01 0.0000e+00
185 0.0000e+00 0.0000e+00 8.2813e-05 1.0369e-08 8.2813e-05 1.9691e-01 0.0000e+00
186 0.0000e+00 0.0000e+00 8.2599e-05 9.5750e-09 8.2599e-05 1.9700e-01 0.0000e+00
187 0.0000e+00 0.0000e+00 8.2386e-05 8.8421e-09 8.2386e-05 1.9708e-01 0.0000e+00
188 0.0000e+00 0.0000e+00 8.2174e-05 8.1658e-09 8.2174e-05 1.9716e-01 0.0000e+00
189 0.0000e+00 4.5600e-05 8.1963e-05 7.5416e-09 8.1963e-05 1.9724e-01 0.0000e+00
190 5.0000e-04 8.7900e-05 8.1754e-05 6.9656e-09 8.1754e-05 1.9733e-01 0.0000e+00
191 0.0000e+00 1.2440e-04 8.1545e-05 6.4338e-09 8.1545e-05 1.9741e-01 0.0000e+00
192 0.0000e+00 1.5230e-04 8.1338e-05 5.9430e-09 8.1338e-05 1.9749e-01 0.0000e+00
193 0.0000e+00 1.6850e-04 8.1131e-05 5.4899e-09 8.1131e-05 1.9757e-01 0.0000e+00
194 0.0000e+00 1.7590e-04 8.0926e-05 3.9951e-09 8.0926e-05 1.9765e-01 0.0000e+00
195 0.0000e+00 1.6850e-04 8.0721e-05 3.6985e-09 8.0721e-05 1.9773e-01 0.0000e+00
196 0.0000e+00 1.5230e-04 8.0518e-05 3.4240e-09 8.0518e-05 1.9781e-01 0.0000e+00
197 0.0000e+00 1.2440e-04 8.0316e-05 3.1701e-09 8.0316e-05 1.9789e-01 0.0000e+00
198 0.0000e+00 8.7900e-05 8.0114e-05 2.9350e-09 8.0114e-05 1.9797e-01 0.0000e+00
199 0.0000e+00 4.2600e-05 7.9914e-05 2.7176e-09 7.9914e-05 1.9805e-01 0.0000e+00
200 0.0000e+00 0.0000e+00 7.9715e-05 2.5163e-09 7.9715e-05 1.9813e-01 0.0000e+00
201 0.0000e+00 0.0000e+00 7.9516e-05 2.3300e-09 7.9516e-05 1.9821e-01 0.0000e+00
202 0.0000e+00 0.0000e+00 7.9319e-05 2.1576e-09 7.9319e-05 1.9829e-01 0.0000e+00
203 0.0000e+00 0.0000e+00 7.9123e-05 1.9980e-09 7.9123e-05 1.9837e-01 0.0000e+00
204 0.0000e+00 0.0000e+00 7.8927e-05 1.1517e-09 7.8927e-05 1.9845e-01 0.0000e+00
205 0.0000e+00 0.0000e+00 7.8733e-05 1.0693e-09 7.8733e-05 1.9853e-01 0.0000e+00
206 0.0000e+00 0.0000e+00 7.8539e-05 9.9288e-10 7.8539e-05 1.9861e-01 0.0000e+00
207 0.0000e+00 0.0000e+00 7.8347e-05 9.2193e-10 7.8347e-05 1.9868e-01 0.0000e+00
208 0.0000e+00 0.0000e+00 7.8155e-05 8.5608e-10 7.8155e-05 1.9876e-01 0.0000e+00
209 0.0000e+00 0.0000e+00 7.7965e-05 7.9495e-10 7.7965e-05 1.9884e-01 0.0000e+00
210 0.0000e+00 0.0000e+00 7.7775e-05 7.3821e-10 7.7775e-05 1.9892e-01 0.0000e+00
211 0.0000e+00 0.0000e+00 7.7586e-05 6.8554e-10 7.7586e-05 1.9900e-01 0.0000e+00
212 0.0000e+00 0.0000e+00 7.7398e-05 6.3665e-10 7.7398e-05 1.9907e-01 0.0000e+00
213 0.0000e+00 4.9000e-05 7.7211e-05 5.9126e-10 7.7211e-05 1.9915e-01 0.0000e+00
214 0.0000e+00 9.4600e-05 7.7025e-05 2.2346e-10 7.7025e-05 1.9923e-01 0.0000e+00
215 0.0000e+00 1.3380e-04 7.6840e-05 2.0814e-10 7.6840e-05 1.9930e-01 0.0000e+00
216 0.0000e+00 1.6380e-04 7.6656e-05 1.9388e-10 7.6656e-05 1.9938e-01 0.0000e+00
217 0.0000e+00 1.8130e-04 7.6472e-05 1.8059e-10 7.6472e-05 1.9946e-01 0.0000e+00
218 0.0000e+00 1.8920e-04 7.6290e-05 1.6822e-10 7.6290e-05 1.9953e-01 0.0000e+00
219 0.0000e+00 1.8130e-04 7.6108e-05 1.5671e-10 7.6108e-05 1.9961e-01 0.0000e+00
220 0.0000e+00 1.6380e-04 7.5927e-05 1.4598e-10 7.5927e-05 1.9969e-01 0.0000e+00
221 0.0000e+00 1.3380e-04 7.5747e-05 1.3599e-10 7.5747e-05 1.9976e-01 0.0000e+00
222 0.0000e+00 9.4600e-05 7.5568e-05 1.2669e-10 7.5568e-05 1.9984e-01 0.0000e+00
223 0.0000e+00 4.5800e-05 7.5390e-05 1.1802e-10 7.5390e-05 1.9991e-01 0.0000e+00
224 0.0000e+00 0.0000e+00 7.5213e-05 1.7686e-11 7.5213e-05 1.9999e-01 0.0000e+00
225 0.0000e+00 0.0000e+00 7.5036e-05 1.6530e-11 7.5036e-05 2.0006e-01 0.0000e+00
226 0.0000e+00 0.0000e+00 7.4860e-05 1.5450e-11 7.4860e-05 2.0014e-01 0.0000e+00
227 0.0000e+00 0.0000e+00 7.4685e-05 1.4440e-11 7.4685e-05 2.0021e-01 0.0000e+00
228 0.0000e+00 0.0000e+00 7.4511e-05 1.3497e-11 7.4511e-05 2.0029e-01 0.0000e+00
229 0.0000e+00 0.0000e+00 7.4338e-05 1.2615e-11 7.4338e-05 2.0036e-01 0.0000e+00
230 0.0000e+00 0.0000e+00 7.4165e-05 1.1792e-11 7.4165e-05 2.0044e-01 0.0000e+00
231 0.0000e+00 0.0000e+00 7.3994e-05 1.1022e-11 7.3994e-05 2.0051e-01 0.0000e+00
232 0.0000e+00 0.0000e+00 7.3823e-05 1.0303e-11 7.3823e-05 2.0058e-01 0.0000e+00
233 0.0000e+00 0.0000e+00 7.3653e-05 9.6307e-12 7.3653e-05 2.0066e-01 0.0000e+00
234 0.0000e+00 0.0000e+00 7.3483e-05 9.0025e-12 7.3483e-05 2.0073e-01 0.0000e+00
235 0.0000e+00 0.0000e+00 7.3315e-05 0.0000e+00 7.3315e-05 2.0080e-01 0.0000e+00
236 0.0000e+00 0.0000e+00 7.3147e-05 0.0000e+00 7.3147e-05 2.0088e-01 0.0000e+00
237 0.0000e+00 5.1700e-05 7.2980e-05 0.0000e+00 7.2980e-05 2.0095e-01 0.0000e+00
238 0.0000e+00 9.9800e-05 7.2814e-05 0.0000e+00 7.2814e-05 2.0102e-01 0.0000e+00
239 0.0000e+00 1.4120e-04 7.2648e-05 0.0000e+00 7.2648e-05 2.0110e-01 0.0000e+00
240 0.0000e+00 1.7290e-04 7.2484e-05 0.0000e+00 7.2484e-05 2.0117e-01 0.0000e+00
241 5.0000e-04 1.9130e-04 7.2320e-05 0.0000e+00 7.2320e-05 2.0124e-01 0.0000e+00
242 1.0000e-03 1.9970e-04 7.2156e-05 0.0000e+00 7.2156e-05 2.0131e-01 0.0000e+00
243 0.0000e+00 1.9130e-04 7.1994e-05 0.0000e+00 7.1994e-05 2.0138e-01 0.0000e+00
244 0.0000e+00 1.7290e-04 7.1832e-05 0.0000e+00 7.1832e-05 2.0146e-01 0.0000e+00
245 0.0000e+00 1.4120e-04 7.1671e-05 0.0000e+00 7.1671e-05 2.0153e-01 0.0000e+00
246 0.0000e+00 9.9800e-05 7.1511e-05 0.0000e+00 7.1511e-05 2.0160e-01 0.0000e+00
247 0.0000e+00 4.8300e-05 7.1351e-05 0.0000e+00 7.1351e-05 2.0167e-01 0.0000e+00
248 0.0000e+00 0.0000e+00 7.1192e-05 0.0000e+00 7.1192e-05 2.0174e-01 0.0000e+00
249 0.0000e+00 0.0000e+00 7.1034e-05 0.0000e+00 7.1034e-05 2.0181e-01 0.0000e+00
250 0.0000e+00 0.0000e+00 7.0876e-05 0.0000e+00 7.0876e-05 2.0188e-01 0.0000e+00
251 0.0000e+00 0.0000e+00 7.0720e-05 0.0000e+00 7.0720e-05 2.0195e-01 0.0000e+00
252 0.0000e+00 0.0000e+00 7.0563e-05 0.0000e+00 7.0563e-05 2.0202e-01 0.0000e+00
253 1.0000e-03 0.0000e+00 7.0408e-05 0.0000e+00 7.0408e-05 2.0210e-01 0.0000e+00
254 0.0000e+00 0.0000e+00 7.0253e-05 0.0000e+00 7.0253e-05 2.0217e-01 0.0000e+00
255 0.0000e+00 0.0000e+00 7.0099e-05 0.0000e+00 7.0099e-05 2.0224e-01 0.0000e+00
256 0.0000e+00 0.0000e+00 6.9946e-05 0.0000e+00 6.9946e-05 2.0231e-01 0.0000e+00
257 0.0000e+00 0.0000e+00 6.9793e-05 0.0000e+00 6.9793e-05 2.0238e-01 0.0000e+00
258 0.0000e+00 0.0000e+00 6.9641e-05 0.0000e+00 6.9641e-05 2.0245e-01 0.0000e+00
259 0.0000e+00 0.0000e+00 6.9490e-05 0.0000e+00 6.9490e-05 2.0251e-01 0.0000e+00
260 0.0000e+00 0.0000e+00 6.9339e-05 0.0000e+00 6.9339e-05 2.0258e-01 0.0000e+00
261 0.0000e+00 7.5200e-05 6.9189e-05 0.0000e+00 6.9189e-05 2.0265e-01 0.0000e+00
262 1.0000e-03 1.4510e-04 6.9039e-05 0.0000e+00 6.9039e-05 2.0272e-01 0.0000e+00
263 0.0000e+00 2.0520e-04 6.8891e-05 0.0000e+00 6.8891e-05 2.0279e-01 0.0000e+00
264 0.0000e+00 2.5130e-04 6.8742e-05 0.0000e+00 6.8742e-05 2.0286e-01 0.0000e+00
265 0.0000e+00 2.7800e-04 6.8595e-05 0.0000e+00 6.8595e-05 2.0293e-01 0.0000e+00
266 0.0000e+00 2.9030e-04 6.8448e-05 0.0000e+00 6.8448e-05 2.0300e-01 0.0000e+00
267 0.0000e+00 2.7800e-04 6.8302e-05 0.0000e+00 6.8302e-05 2.0307e-01 0.0000e+00
268 0.0000e+00 2.5130e-04 6.8156e-05 0.0000e+00 6.8156e-05 2.0313e-01 0.0000e+00
269 0.0000e+00 2.0520e-04 6.8011e-05 0.0000e+00 6.8011e-05 2.0320e-01 0.0000e+00
270 0.0000e+00 1.4510e-04 6.7867e-05 0.0000e+00 6.7867e-05 2.0327e-01 0.0000e+00
271 0.0000e+00 7.0200e-05 6.7723e-05 0.0000e+00 6.7723e-05 2.0334e-01 0.0000e+00
272 0.0000e+00 0.0000e+00 6.7580e-05 0.0000e+00 6.7580e-05 2.0340e-01 0.0000e+00
273 0.0000e+00 0.0000e+00 6.7437e-05 0.0000e+00 6.7437e-05 2.0347e-01 0.0000e+00
274 0.0000e+00 0.0000e+00 6.7295e-05 0.0000e+00 6.7295e-05 2.0354e-01 0.0000e+00
275 0.0000e+00 0.0000e+00 6.7154e-05 0.0000e+00 6.7154e-05 2.0361e-01 0.0000e+00
276 0.0000e+00 0.0000e+00 6.7013e-05 0.0000e+00 6.7013e-05 2.0367e-01 0.0000e+00
277 0.0000e+00 0.0000e+00 6.6873e-05 0.0000e+00 6.6873e-05 2.0374e-01 0.0000e+00
278 0.0000e+00 0.0000e+00 6.6733e-05 0.0000e+00 6.6733e-05 2.0381e-01 0.0000e+00
279 0.0000e+00 0.0000e+00 6.6594e-05 0.0000e+00 6.6594e-05 2.0387e-01 0.0000e+00
280 0.0000e+00 0.0000e+00 6.6456e-05 0.0000e+00 6.6456e-05 2.0394e-01 0.0000e+00
281 0.0000e+00 0.0000e+00 6.6318e-05 0.0000e+00 6.6318e-05 2.0401e-01 0.0000e+00
282 0.0000e+00 0.0000e+00 6.6181e-05 0.0000e+00 6.6181e-05 2.0407e-01 0.0000e+00
283 1.0000e-03 0.0000e+00 6.6044e-05 0.0000e+00 6.6044e-05 2.0414e-01 0.0000e+00
284 5.0000e-04 0.0000e+00 6.5908e-05 0.0000e+00 6.5908e-05 2.0420e-01 0.0000e+00
285 2.5000e-03 2.4400e-05 7.0209e-05 1.8268e-05 6.5772e-05 2.0425e-01 4.4365e-06
286 6.0000e-03 4.7000e-05 2.3088e-04 6.9418e-04 6.5675e-05 2.0362e-01 1.6520e-04
287 4.0000e-03 6.6500e-05 1.7626e-04 9.9514e-04 6.6977e-05 2.0270e-01 1.0929e-04
288 1.5000e-03 8.1400e-05 1.0858e-04 9.8954e-04 6.8948e-05 2.0177e-01 3.9631e-05
289 0.0000e+00 9.0100e-05 7.0961e-05 8.5011e-04 7.0961e-05 2.0100e-01 0.0000e+00
290 0.0000e+00 9.4000e-05 7.2710e-05 7.4975e-04 7.2710e-05 2.0032e-01 0.0000e+00
291 5.0000e-04 9.0100e-05 8.0761e-05 6.9342e-04 7.4264e-05 1.9970e-01 6.4961e-06
292 0.0000e+00 8.1400e-05 7.5715e-05 6.1466e-04 7.5715e-05 1.9916e-01 0.0000e+00
293 0.0000e+00 6.6500e-05 7.7001e-05 5.4876e-04 7.7001e-05 1.9869e-01 0.0000e+00
294 1.5000e-03 4.7000e-05 1.1305e-04 6.4173e-04 7.8145e-05 1.9813e-01 3.4900e-05
295 1.0000e-03 2.2800e-05 1.0588e-04 6.6852e-04 7.9533e-05 1.9754e-01 2.6347e-05
296 0.0000e+00 0.0000e+00 8.1011e-05 5.8031e-04 8.1011e-05 1.9704e-01 0.0000e+00
297 0.0000e+00 0.0000e+00 8.2285e-05 5.1718e-04 8.2285e-05 1.9660e-01 0.0000e+00
298 0.0000e+00 0.0000e+00 8.3411e-05 4.6246e-04 8.3411e-05 1.9622e-01 0.0000e+00
299 0.0000e+00 0.0000e+00 8.4405e-05 4.1442e-04 8.4405e-05 1.9589e-01 0.0000e+00
300 0.0000e+00 0.0000e+00 8.5280e-05 3.7197e-04 8.5280e-05 1.9561e-01 0.0000e+00
301 0.0000e+00 0.0000e+00 8.6047e-05 3.3430e-04 8.6047e-05 1.9536e-01 0.0000e+00
302 0.0000e+00 0.0000e+00 8.6717e-05 3.0076e-04 8.6717e-05 1.9514e-01 0.0000e+00
303 0.0000e+00 0.0000e+00 8.7299e-05 2.7083e-04 8.7299e-05 1.9496e-01 0.0000e+00
304 0.0000e+00 0.0000e+00 8.7801e-05 2.4407e-04 8.7801e-05 1.9480e-01 0.0000e+00
305 0.0000e+00 0.0000e+00 8.8231e-05 2.2011e-04 8.8231e-05 1.9467e-01 0.0000e+00
306 0.0000e+00 0.0000e+00 8.8596e-05 1.9863e-04 8.8596e-05 1.9456e-01 0.0000e+00
307 0.0000e+00 0.0000e+00 8.8901e-05 1.7936e-04 8.8901e-05 1.9447e-01 0.0000e+00
308 0.0000e+00 0.0000e+00 8.9152e-05 1.6205e-04 8.9152e-05 1.9440e-01 0.0000e+00
309 0.0000e+00 2.8800e-05 8.9356e-05 1.4649e-04 8.9356e-05 1.9434e-01 0.0000e+00
310 5.0000e-04 5.5500e-05 1.0191e-04 1.8771e-04 8.9515e-05 1.9424e-01 1.2397e-05
311 0.0000e+00 7.8500e-05 8.9790e-05 1.6079e-04 8.9790e-05 1.9417e-01 0.0000e+00
312 0.0000e+00 9.6200e-05 8.9990e-05 1.4388e-04 8.9990e-05 1.9412e-01 0.0000e+00
313 0.0000e+00 1.0640e-04 9.0142e-05 1.2921e-04 9.0142e-05 1.9408e-01 0.0000e+00
314 0.0000e+00 1.1110e-04 9.0252e-05 1.1630e-04 9.0252e-05 1.9405e-01 0.0000e+00
315 0.0000e+00 1.0640e-04 9.0325e-05 1.0485e-04 9.0325e-05 1.9404e-01 0.0000e+00
316 0.0000e+00 9.6200e-05 9.0366e-05 9.4639e-05 9.0366e-05 1.9403e-01 0.0000e+00
317 5.0000e-04 7.8500e-05 9.0378e-05 8.5505e-05 9.0378e-05 1.9404e-01 0.0000e+00
318 1.0000e-03 5.5500e-05 1.1279e-04 1.7133e-04 9.0365e-05 1.9396e-01 2.2422e-05
319 5.0000e-04 2.6900e-05 1.0288e-04 1.9560e-04 9.0593e-05 1.9385e-01 1.2289e-05
320 0.0000e+00 0.0000e+00 9.0891e-05 1.6507e-04 9.0891e-05 1.9378e-01 0.0000e+00
321 0.0000e+00 0.0000e+00 9.1102e-05 1.4589e-04 9.1102e-05 1.9372e-01 0.0000e+00
322 1.0000e-03 0.0000e+00 1.2262e-04 2.4464e-04 9.1258e-05 1.9357e-01 3.1358e-05
323 1.0000e-03 0.0000e+00 1.2504e-04 3.2190e-04 9.1697e-05 1.9334e-01 3.3347e-05
324 0.0000e+00 0.0000e+00 9.2359e-05 2.7228e-04 9.2359e-05 1.9316e-01 0.0000e+00
325 0.0000e+00 0.0000e+00 9.2879e-05 2.3946e-04 9.2879e-05 1.9301e-01 0.0000e+00
326 0.0000e+00 0.0000e+00 9.3306e-05 2.1207e-04 9.3306e-05 1.9290e-01 0.0000e+00
327 0.0000e+00 0.0000e+00 9.3653e-05 1.8865e-04 9.3653e-05 1.9280e-01 0.0000e+00
328 0.0000e+00 0.0000e+00 9.3931e-05 1.6833e-04 9.3931e-05 1.9273e-01 0.0000e+00
329 0.0000e+00 0.0000e+00 9.4150e-05 1.5055e-04 9.4150e-05 1.9267e-01 0.0000e+00
330 0.0000e+00 0.0000e+00 9.4316e-05 1.3488e-04 9.4316e-05 1.9263e-01 0.0000e+00
331 0.0000e+00 0.0000e+00 9.4436e-05 1.2103e-04 9.4436e-05 1.9260e-01 0.0000e+00
332 0.0000e+00 0.0000e+00 9.4514e-05 1.0874e-04 9.4514e-05 1.9259e-01 0.0000e+00
333 0.0000e+00 1.1200e-05 9.4556e-05 9.7807e-05 9.4556e-05 1.9259e-01 0.0000e+00
334 0.0000e+00 2.1600e-05 9.4566e-05 8.8060e-05 9.4566e-05 1.9259e-01 0.0000e+00
335 0.0000e+00 3.0600e-05 9.4547e-05 7.9355e-05 9.4547e-05 1.9261e-01 0.0000e+00
336 0.0000e+00 3.7400e-05 9.4502e-05 7.1568e-05 9.4502e-05 1.9263e-01 0.0000e+00
337 0.0000e+00 4.1400e-05 9.4434e-05 6.4593e-05 9.4434e-05 1.9266e-01 0.0000e+00
338 5.0000e-04 4.3200e-05 1.0651e-04 1.0026e-04 9.4346e-05 1.9265e-01 1.2160e-05
339 5.0000e-04 4.1400e-05 1.0988e-04 1.3909e-04 9.4363e-05 1.9261e-01 1.5517e-05
340 1.5000e-03 3.7400e-05 1.4404e-04 2.8885e-04 9.4495e-05 1.9241e-01 4.9548e-05
341 1.5000e-03 3.0600e-05 1.4476e-04 4.0980e-04 9.5071e-05 1.9210e-01 4.9684e-05
342 1.0000e-03 2.1600e-05 1.2894e-04 4.5694e-04 9.6011e-05 1.9174e-01 3.2930e-05
343 5.0000e-04 1.0500e-05 1.1335e-04 4.4580e-04 9.7100e-05 1.9139e-01 1.6251e-05
344 1.0000e-03 0.0000e+00 1.3178e-04 5.0290e-04 9.8164e-05 1.9099e-01 3.3613e-05
345 5.0000e-04 0.0000e+00 1.1640e-04 4.9109e-04 9.9413e-05 1.9059e-01 1.6985e-05
346 0.0000e+00 0.0000e+00 1.0064e-04 4.2679e-04 1.0064e-04 1.9027e-01 0.0000e+00
347 0.0000e+00 0.0000e+00 1.0167e-04 3.7695e-04 1.0167e-04 1.8999e-01 0.0000e+00
348 0.0000e+00 0.0000e+00 1.0255e-04 3.3449e-04 1.0255e-04 1.8976e-01 0.0000e+00
349 0.0000e+00 0.0000e+00 1.0329e-04 2.9773e-04 1.0329e-04 1.8957e-01 0.0000e+00
350 0.0000e+00 0.0000e+00 1.0392e-04 2.6561e-04 1.0392e-04 1.8940e-01 0.0000e+00
351 0.0000e+00 0.0000e+00 1.0445e-04 2.3738e-04 1.0445e-04 1.8927e-01 0.0000e+00
352 0.0000e+00 0.0000e+00 1.0488e-04 2.1246e-04 1.0488e-04 1.8916e-01 0.0000e+00
353 5.0000e-04 0.0000e+00 1.2222e-04 2.5056e-04 1.0524e-04 1.8902e-01 1.6985e-05
354 0.0000e+00 0.0000e+00 1.0572e-04 2.1747e-04 1.0572e-04 1.8891e-01 0.0000e+00
355 0.0000e+00 0.0000e+00 1.0609e-04 1.9345e-04 1.0609e-04 1.8882e-01 0.0000e+00
356 0.0000e+00 0.0000e+00 1.0638e-04 1.7279e-04 1.0638e-04 1.8875e-01 0.0000e+00
357 0.0000e+00 7.2300e-05 1.0660e-04 1.5470e-04 1.0660e-04 1.8870e-01 0.0000e+00
358 0.0000e+00 1.3960e-04 1.0676e-04 1.3873e-04 1.0676e-04 1.8867e-01 0.0000e+00
359 0.0000e+00 1.9750e-04 1.0686e-04 1.2458e-04 1.0686e-04 1.8866e-01 0.0000e+00
360 0.0000e+00 2.4180e-04 1.0692e-04 1.1199e-04 1.0692e-04 1.8865e-01 0.0000e+00
361 0.0000e+00 2.6750e-04 1.0694e-04 1.0076e-04 1.0694e-04 1.8866e-01 0.0000e+00
362 0.0000e+00 2.7930e-04 1.0692e-04 9.0739e-05 1.0692e-04 1.8867e-01 0.0000e+00
363 0.0000e+00 2.6750e-04 1.0687e-04 8.1775e-05 1.0687e-04 1.8870e-01 0.0000e+00
364 0.0000e+00 2.4180e-04 1.0678e-04 7.3746e-05 1.0678e-04 1.8873e-01 0.0000e+00
365 0.0000e+00 1.9750e-04 1.0667e-04 6.6549e-05 1.0667e-04 1.8877e-01 0.0000e+00
366 0.0000e+00 1.3960e-04 1.0654e-04 6.0089e-05 1.0654e-04 1.8882e-01 0.0000e+00
367 0.0000e+00 6.7600e-05 1.0638e-04 5.4287e-05 1.0638e-04 1.8887e-01 0.0000e+00
368 0.0000e+00 0.0000e+00 1.0621e-04 4.9071e-05 1.0621e-04 1.8893e-01 0.0000e+00
369 0.0000e+00 0.0000e+00 1.0602e-04 4.4379e-05 1.0602e-04 1.8899e-01 0.0000e+00
370 0.0000e+00 0.0000e+00 1.0582e-04 4.0154e-05 1.0582e-04 1.8905e-01 0.0000e+00
371 0.0000e+00 0.0000e+00 1.0560e-04 3.6348e-05 1.0560e-04 1.8912e-01 0.0000e+00
372 0.0000e+00 0.0000e+00 1.0537e-04 3.2918e-05 1.0537e-04 1.8920e-01 0.0000e+00
373 5.0000e-04 0.0000e+00 1.0513e-04 2.9823e-05 1.0513e-04 1.8927e-01 0.0000e+00
374 7.5000e-03 0.0000e+00 3.0624e-04 7.3967e-04 1.0489e-04 1.8864e-01 2.0136e-04
375 4.5000e-03 0.0000e+00 2.5985e-04 1.1226e-03 1.0699e-04 1.8762e-01 1.5286e-04
376 2.5000e-03 0.0000e+00 1.9536e-04 1.2277e-03 1.1044e-04 1.8650e-01 8.4924e-05
377 5.0000e-04 0.0000e+00 1.3135e-04 1.1000e-03 1.1436e-04 1.8552e-01 1.6985e-05
378 0.0000e+00 0.0000e+00 1.1794e-04 9.5473e-04 1.1794e-04 1.8468e-01 0.0000e+00
379 0.0000e+00 0.0000e+00 1.2106e-04 8.3934e-04 1.2106e-04 1.8396e-01 0.0000e+00
380 0.0000e+00 0.0000e+00 1.2381e-04 7.4138e-04 1.2381e-04 1.8334e-01 0.0000e+00
381 0.0000e+00 1.7400e-05 1.2622e-04 6.5682e-04 1.2622e-04 1.8281e-01 0.0000e+00
382 0.0000e+00 3.3600e-05 1.2833e-04 5.8319e-04 1.2833e-04 1.8236e-01 0.0000e+00
383 1.0000e-03 4.7500e-05 1.6241e-04 6.3994e-04 1.3017e-04 1.8185e-01 3.2238e-05
384 1.0000e-03 5.8200e-05 1.6462e-04 6.7508e-04 1.3226e-04 1.8131e-01 3.2356e-05
385 0.0000e+00 6.4300e-05 1.3452e-04 5.8130e-04 1.3452e-04 1.8086e-01 0.0000e+00
386 5.0000e-04 6.7200e-05 1.4924e-04 5.6310e-04 1.3642e-04 1.8043e-01 1.2826e-05
387 0.0000e+00 6.4300e-05 1.3825e-04 4.9276e-04 1.3825e-04 1.8008e-01 0.0000e+00
388 0.0000e+00 5.8200e-05 1.3979e-04 4.3727e-04 1.3979e-04 1.7978e-01 0.0000e+00
389 0.0000e+00 4.7500e-05 1.4109e-04 3.8896e-04 1.4109e-04 1.7953e-01 0.0000e+00
390 5.0000e-04 3.3600e-05 1.5113e-04 3.8096e-04 1.4219e-04 1.7929e-01 8.9415e-06
391 0.0000e+00 1.6300e-05 1.4325e-04 3.3471e-04 1.4325e-04 1.7910e-01 0.0000e+00
392 5.0000e-04 0.0000e+00 1.5940e-04 3.5701e-04 1.4411e-04 1.7889e-01 1.5290e-05
393 5.0000e-04 0.0000e+00 1.6206e-04 3.7502e-04 1.4508e-04 1.7866e-01 1.6985e-05
394 0.0000e+00 0.0000e+00 1.4612e-04 3.2323e-04 1.4612e-04 1.7848e-01 0.0000e+00
395 0.0000e+00 0.0000e+00 1.4693e-04 2.8618e-04 1.4693e-04 1.7834e-01 0.0000e+00
396 0.0000e+00 0.0000e+00 1.4757e-04 2.5430e-04 1.4757e-04 1.7824e-01 0.0000e+00
397 0.0000e+00 0.0000e+00 1.4807e-04 2.2653e-04 1.4807e-04 1.7816e-01 0.0000e+00
398 0.0000e+00 0.0000e+00 1.4843e-04 2.0216e-04 1.4843e-04 1.7811e-01 0.0000e+00
399 0.0000e+00 0.0000e+00 1.4868e-04 1.8066e-04 1.4868e-04 1.7807e-01 0.0000e+00
400 0.0000e+00 0.0000e+00 1.4883e-04 1.6164e-04 1.4883e-04 1.7806e-01 0.0000e+00
401 0.0000e+00 0.0000e+00 1.4889e-04 1.4476e-04 1.4889e-04 1.7806e-01 0.0000e+00
402 1.0000e-03 0.0000e+00 1.8820e-04 2.5693e-04 1.4887e-04 1.7796e-01 3.9330e-05
403 0.0000e+00 0.0000e+00 1.4937e-04 2.1332e-04 1.4937e-04 1.7789e-01 0.0000e+00
404 0.0000e+00 0.0000e+00 1.4967e-04 1.8716e-04 1.4967e-04 1.7786e-01 0.0000e+00
405 5.0000e-04 2.4600e-05 1.6958e-04 2.2895e-04 1.4985e-04 1.7778e-01 1.9732e-05
406 5.0000e-04 4.7400e-05 1.6955e-04 2.5516e-04 1.5022e-04 1.7767e-01 1.9334e-05
407 0.0000e+00 6.7100e-05 1.5071e-04 2.1802e-04 1.5071e-04 1.7760e-01 0.0000e+00
408 5.0000e-04 8.2200e-05 1.6747e-04 2.3944e-04 1.5103e-04 1.7752e-01 1.6443e-05
409 0.0000e+00 9.0900e-05 1.5145e-04 2.0656e-04 1.5145e-04 1.7746e-01 0.0000e+00
410 0.0000e+00 9.5000e-05 1.5171e-04 1.8184e-04 1.5171e-04 1.7743e-01 0.0000e+00
411 0.0000e+00 9.0900e-05 1.5185e-04 1.6084e-04 1.5185e-04 1.7742e-01 0.0000e+00
412 0.0000e+00 8.2200e-05 1.5189e-04 1.4273e-04 1.5189e-04 1.7743e-01 0.0000e+00
413 0.0000e+00 6.7100e-05 1.5185e-04 1.2695e-04 1.5185e-04 1.7746e-01 0.0000e+00
414 0.0000e+00 4.7400e-05 1.5173e-04 1.1313e-04 1.5173e-04 1.7749e-01 0.0000e+00
415 0.0000e+00 2.3000e-05 1.5155e-04 1.0097e-04 1.5155e-04 1.7754e-01 0.0000e+00
416 0.0000e+00 0.0000e+00 1.5131e-04 9.0229e-05 1.5131e-04 1.7761e-01 0.0000e+00
417 0.0000e+00 0.0000e+00 1.5102e-04 8.0727e-05 1.5102e-04 1.7768e-01 0.0000e+00
418 0.0000e+00 0.0000e+00 1.5069e-04 7.2300e-05 1.5069e-04 1.7775e-01 0.0000e+00
419 0.0000e+00 0.0000e+00 1.5032e-04 6.4813e-05 1.5032e-04 1.7784e-01 0.0000e+00
420 0.0000e+00 0.0000e+00 1.4992e-04 5.8151e-05 1.4992e-04 1.7793e-01 0.0000e+00
421 0.0000e+00 0.0000e+00 1.4949e-04 5.2214e-05 1.4949e-04 1.7803e-01 0.0000e+00
422 0.0000e+00 0.0000e+00 1.4904e-04 4.6918e-05 1.4904e-04 1.7813e-01 0.0000e+00
423 0.0000e+00 0.0000e+00 1.4856e-04 4.2187e-05 1.4856e-04 1.7824e-01 0.0000e+00
424 0.0000e+00 0.0000e+00 1.4807e-04 3.7958e-05 1.4807e-04 1.7835e-01 0.0000e+00
425 0.0000e+00 0.0000e+00 1.4756e-04 3.4174e-05 1.4756e-04 1.7846e-01 0.0000e+00
426 0.0000e+00 0.0000e+00 1.4704e-04 3.0785e-05 1.4704e-04 1.7858e-01 0.0000e+00
427 5.0000e-04 0.0000e+00 1.4650e-04 2.7747e-05 1.4650e-04 1.7870e-01 0.0000e+00
428 2.0000e-03 0.0000e+00 2.1951e-04 2.7058e-04 1.4596e-04 1.7857e-01 7.3546e-05
429 3.0000e-03 3.2600e-05 2.6698e-04 5.8602e-04 1.4653e-04 1.7813e-01 1.2045e-04
430 2.0000e-03 6.2900e-05 2.2859e-04 7.1736e-04 1.4856e-04 1.7756e-01 8.0035e-05
431 1.0000e-03 8.9000e-05 1.9119e-04 7.1248e-04 1.5122e-04 1.7700e-01 3.9964e-05
432 0.0000e+00 1.0900e-04 1.5390e-04 6.0689e-04 1.5390e-04 1.7655e-01 0.0000e+00
433 5.0000e-04 1.2060e-04 1.6898e-04 5.6565e-04 1.5609e-04 1.7614e-01 1.2888e-05
434 0.0000e+00 1.2590e-04 1.5810e-04 4.9159e-04 1.5810e-04 1.7581e-01 0.0000e+00
435 0.0000e+00 1.2060e-04 1.5976e-04 4.3145e-04 1.5976e-04 1.7553e-01 0.0000e+00
436 0.0000e+00 1.0900e-04 1.6112e-04 3.8012e-04 1.6112e-04 1.7531e-01 0.0000e+00
437 3.5000e-03 8.9000e-05 2.9126e-04 7.1934e-04 1.6223e-04 1.7476e-01 1.2903e-04
438 0.0000e+00 6.2900e-05 1.6508e-04 5.9566e-04 1.6508e-04 1.7433e-01 0.0000e+00
439 0.0000e+00 3.0500e-05 1.6731e-04 5.1757e-04 1.6731e-04 1.7398e-01 0.0000e+00
440 0.0000e+00 0.0000e+00 1.6915e-04 4.5346e-04 1.6915e-04 1.7369e-01 0.0000e+00
441 0.0000e+00 0.0000e+00 1.7066e-04 3.9922e-04 1.7066e-04 1.7346e-01 0.0000e+00
442 0.0000e+00 0.0000e+00 1.7189e-04 3.5258e-04 1.7189e-04 1.7328e-01 0.0000e+00
443 0.0000e+00 0.0000e+00 1.7286e-04 3.1211e-04 1.7286e-04 1.7314e-01 0.0000e+00
444 5.0000e-04 0.0000e+00 1.8717e-04 3.1784e-04 1.7361e-04 1.7300e-01 1.3553e-05
445 0.0000e+00 0.0000e+00 1.7440e-04 2.7737e-04 1.7440e-04 1.7290e-01 0.0000e+00
446 0.0000e+00 0.0000e+00 1.7496e-04 2.4536e-04 1.7496e-04 1.7283e-01 0.0000e+00
447 0.0000e+00 0.0000e+00 1.7535e-04 2.1770e-04 1.7535e-04 1.7278e-01 0.0000e+00
448 0.0000e+00 0.0000e+00 1.7558e-04 1.9354e-04 1.7558e-04 1.7277e-01 0.0000e+00
449 0.0000e+00 0.0000e+00 1.7568e-04 1.7232e-04 1.7568e-04 1.7277e-01 0.0000e+00
450 0.0000e+00 0.0000e+00 1.7566e-04 1.5361e-04 1.7566e-04 1.7279e-01 0.0000e+00
451 0.0000e+00 0.0000e+00 1.7554e-04 1.3709e-04 1.7554e-04 1.7283e-01 0.0000e+00
452 5.0000e-04 0.0000e+00 1.9665e-04 1.8720e-04 1.7533e-04 1.7282e-01 2.1323e-05
453 0.0000e+00 2.2400e-05 1.7539e-04 1.5901e-04 1.7539e-04 1.7283e-01 0.0000e+00
454 0.0000e+00 4.3300e-05 1.7530e-04 1.3985e-04 1.7530e-04 1.7287e-01 0.0000e+00
455 0.0000e+00 6.1200e-05 1.7511e-04 1.2377e-04 1.7511e-04 1.7292e-01 0.0000e+00
456 0.0000e+00 7.5000e-05 1.7483e-04 1.0991e-04 1.7483e-04 1.7299e-01 0.0000e+00
457 0.0000e+00 8.3000e-05 1.7447e-04 9.7828e-05 1.7447e-04 1.7306e-01 0.0000e+00
458 0.0000e+00 8.6600e-05 1.7406e-04 8.7224e-05 1.7406e-04 1.7315e-01 0.0000e+00
459 0.0000e+00 8.3000e-05 1.7358e-04 7.7880e-05 1.7358e-04 1.7325e-01 0.0000e+00
460 0.0000e+00 7.5000e-05 1.7307e-04 6.9620e-05 1.7307e-04 1.7335e-01 0.0000e+00
461 0.0000e+00 6.1200e-05 1.7251e-04 6.2300e-05 1.7251e-04 1.7346e-01 0.0000e+00
462 0.0000e+00 4.3300e-05 1.7191e-04 5.5802e-05 1.7191e-04 1.7358e-01 0.0000e+00
463 0.0000e+00 2.1000e-05 1.7129e-04 5.0024e-05 1.7129e-04 1.7370e-01 0.0000e+00
464 0.0000e+00 0.0000e+00 1.7064e-04 4.4879e-05 1.7064e-04 1.7382e-01 0.0000e+00
465 1.0000e-03 0.0000e+00 1.8485e-04 8.5071e-05 1.6997e-04 1.7391e-01 1.4876e-05
466 5.0000e-04 0.0000e+00 1.9085e-04 1.3471e-04 1.6952e-04 1.7394e-01 2.1323e-05
467 0.0000e+00 0.0000e+00 1.6934e-04 1.1092e-04 1.6934e-04 1.7400e-01 0.0000e+00
468 0.0000e+00 0.0000e+00 1.6903e-04 9.6039e-05 1.6903e-04 1.7407e-01 0.0000e+00
469 5.0000e-04 0.0000e+00 1.8997e-04 1.4807e-04 1.6865e-04 1.7409e-01 2.1323e-05
470 0.0000e+00 0.0000e+00 1.6854e-04 1.2322e-04 1.6854e-04 1.7414e-01 0.0000e+00
471 0.0000e+00 0.0000e+00 1.6830e-04 1.0707e-04 1.6830e-04 1.7420e-01 0.0000e+00
472 5.0000e-04 0.0000e+00 1.8930e-04 1.5781e-04 1.6798e-04 1.7421e-01 2.1323e-05
473 5.0000e-04 0.0000e+00 1.8925e-04 1.9587e-04 1.6792e-04 1.7418e-01 2.1323e-05
474 0.0000e+00 0.0000e+00 1.6807e-04 1.6405e-04 1.6807e-04 1.7419e-01 0.0000e+00
475 0.0000e+00 0.0000e+00 1.6805e-04 1.4243e-04 1.6805e-04 1.7421e-01 0.0000e+00
476 0.0000e+00 0.0000e+00 1.6791e-04 1.2470e-04 1.6791e-04 1.7426e-01 0.0000e+00
477 0.0000e+00 9.2000e-06 1.6769e-04 1.0972e-04 1.6769e-04 1.7431e-01 0.0000e+00
478 0.0000e+00 1.7800e-05 1.6738e-04 9.6882e-05 1.6738e-04 1.7438e-01 0.0000e+00
479 0.0000e+00 2.5200e-05 1.6702e-04 8.5770e-05 1.6702e-04 1.7447e-01 0.0000e+00
480 0.0000e+00 3.0900e-05 1.6659e-04 7.6094e-05 1.6659e-04 1.7456e-01 0.0000e+00
481 0.0000e+00 3.4200e-05 1.6612e-04 6.7631e-05 1.6612e-04 1.7465e-01 0.0000e+00
482 5.0000e-04 3.5700e-05 1.8194e-04 1.0899e-04 1.6561e-04 1.7471e-01 1.6325e-05
483 2.5000e-03 3.4200e-05 2.7041e-04 4.0522e-04 1.6532e-04 1.7447e-01 1.0509e-04
484 1.0000e-03 3.0900e-05 2.0775e-04 4.4570e-04 1.6656e-04 1.7419e-01 4.1188e-05
485 0.0000e+00 2.5200e-05 1.6802e-04 3.7146e-04 1.6802e-04 1.7399e-01 0.0000e+00
486 1.0000e-03 1.7800e-05 2.0935e-04 4.4150e-04 1.6909e-04 1.7372e-01 4.0255e-05
487 0.0000e+00 8.6000e-06 1.7054e-04 3.7261e-04 1.7054e-04 1.7351e-01 0.0000e+00
488 0.0000e+00 0.0000e+00 1.7162e-04 3.2388e-04 1.7162e-04 1.7336e-01 0.0000e+00
489 0.0000e+00 0.0000e+00 1.7244e-04 2.8350e-04 1.7244e-04 1.7325e-01 0.0000e+00
490 0.0000e+00 0.0000e+00 1.7304e-04 2.4925e-04 1.7304e-04 1.7317e-01 0.0000e+00
491 0.0000e+00 0.0000e+00 1.7345e-04 2.1982e-04 1.7345e-04 1.7313e-01 0.0000e+00
492 0.0000e+00 0.0000e+00 1.7370e-04 1.9434e-04 1.7370e-04 1.7311e-01 0.0000e+00
493 0.0000e+00 0.0000e+00 1.7381e-04 1.7215e-04 1.7381e-04 1.7311e-01 0.0000e+00
494 0.0000e+00 0.0000e+00 1.7380e-04 1.5276e-04 1.7380e-04 1.7313e-01 0.0000e+00
495 0.0000e+00 0.0000e+00 1.7369e-04 1.3575e-04 1.7369e-04 1.7317e-01 0.0000e+00
496 0.0000e+00 0.0000e+00 1.7348e-04 1.2079e-04 1.7348e-04 1.7322e-01 0.0000e+00
497 0.0000e+00 0.0000e+00 1.7320e-04 1.0760e-04 1.7320e-04 1.7329e-01 0.0000e+00
498 0.0000e+00 0.0000e+00 1.7284e-04 9.5962e-05 1.7284e-04 1.7336e-01 0.0000e+00
499 0.0000e+00 0.0000e+00 1.7243e-04 8.5665e-05 1.7243e-04 1.7345e-01 0.0000e+00
500 0.0000e+00 0.0000e+00 1.7196e-04 7.6542e-05 1.7196e-04 1.7355e-01 0.0000e+00
501 0.0000e+00 6.3800e-05 1.7145e-04 6.8449e-05 1.7145e-04 1.7365e-01 0.0000e+00
502 0.0000e+00 1.2310e-04 1.7090e-04 6.1261e-05 1.7090e-04 1.7376e-01 0.0000e+00
503 0.0000e+00 1.7420e-04 1.7032e-04 5.4869e-05 1.7032e-04 1.7387e-01 0.0000e+00
504 0.0000e+00 2.1330e-04 1.6970e-04 4.9179e-05 1.6970e-04 1.7399e-01 0.0000e+00
505 0.0000e+00 2.3600e-04 1.6906e-04 4.4109e-05 1.6906e-04 1.7412e-01 0.0000e+00
506 0.0000e+00 2.4640e-04 1.6841e-04 3.9588e-05 1.6841e-04 1.7425e-01 0.0000e+00
507 0.0000e+00 2.3600e-04 1.6773e-04 3.5551e-05 1.6773e-04 1.7438e-01 0.0000e+00
508 0.0000e+00 2.1330e-04 1.6704e-04 3.1945e-05 1.6704e-04 1.7451e-01 0.0000e+00
509 0.0000e+00 1.7420e-04 1.6633e-04 2.8721e-05 1.6633e-04 1.7465e-01 0.0000e+00
510 0.0000e+00 1.2310e-04 1.6562e-04 2.5836e-05 1.6562e-04 1.7479e-01 0.0000e+00
511 0.0000e+00 5.9600e-05 1.6490e-04 2.3253e-05 1.6490e-04 1.7493e-01 0.0000e+00
512 0.0000e+00 0.0000e+00 1.6417e-04 2.0939e-05 1.6417e-04 1.7508e-01 0.0000e+00
513 0.0000e+00 0.0000e+00 1.6344e-04 1.8864e-05 1.6344e-04 1.7522e-01 0.0000e+00
514 0.0000e+00 0.0000e+00 1.6270e-04 1.7002e-05 1.6270e-04 1.7537e-01 0.0000e+00
515 0.0000e+00 0.0000e+00 1.6196e-04 1.5332e-05 1.6196e-04 1.7551e-01 0.0000e+00
516 0.0000e+00 0.0000e+00 1.6122e-04 1.3831e-05 1.6122e-04 1.7566e-01 0.0000e+00
517 0.0000e+00 0.0000e+00 1.6048e-04 1.2483e-05 1.6048e-04 1.7581e-01 0.0000e+00
518 0.0000e+00 0.0000e+00 1.5974e-04 1.1270e-05 1.5974e-04 1.7596e-01 0.0000e+00
519 0.0000e+00 0.0000e+00 1.5900e-04 1.0179e-05 1.5900e-04 1.7611e-01 0.0000e+00
520 0.0000e+00 0.0000e+00 1.5826e-04 9.1980e-06 1.5826e-04 1.7626e-01 0.0000e+00
521 0.0000e+00 0.0000e+00 1.5753e-04 8.3144e-06 1.5753e-04 1.7641e-01 0.0000e+00
522 0.0000e+00 0.0000e+00 1.5679e-04 7.5183e-06 1.5679e-04 1.7655e-01 0.0000e+00
523 0.0000e+00 0.0000e+00 1.5606e-04 6.8009e-06 1.5606e-04 1.7670e-01 0.0000e+00
524 0.0000e+00 0.0000e+00 1.5534e-04 6.1541e-06 1.5534e-04 1.7685e-01 0.0000e+00
525 0.0000e+00 4.1700e-05 1.5461e-04 5.5706e-06 1.5461e-04 1.7700e-01 0.0000e+00
526 0.0000e+00 8.0400e-05 1.5390e-04 5.0441e-06 1.5390e-04 1.7715e-01 0.0000e+00
527 0.0000e+00 1.1380e-04 1.5318e-04 4.5689e-06 1.5318e-04 1.7730e-01 0.0000e+00
528 0.0000e+00 1.3930e-04 1.5247e-04 4.1392e-06 1.5247e-04 1.7745e-01 0.0000e+00
529 0.0000e+00 1.5420e-04 1.5177e-04 3.7516e-06 1.5177e-04 1.7760e-01 0.0000e+00
530 0.0000e+00 1.6090e-04 1.5107e-04 3.4013e-06 1.5107e-04 1.7774e-01 0.0000e+00
531 0.0000e+00 1.5420e-04 1.5037e-04 3.0846e-06 1.5037e-04 1.7789e-01 0.0000e+00
532 0.0000e+00 1.3930e-04 1.4968e-04 2.7982e-06 1.4968e-04 1.7804e-01 0.0000e+00
533 0.0000e+00 1.1380e-04 1.4900e-04 2.5391e-06 1.4900e-04 1.7818e-01 0.0000e+00
534 0.0000e+00 8.0400e-05 1.4832e-04 2.3046e-06 1.4832e-04 1.7833e-01 0.0000e+00
535 0.0000e+00 3.8900e-05 1.4764e-04 2.0923e-06 1.4764e-04 1.7848e-01 0.0000e+00
536 0.0000e+00 0.0000e+00 1.4697e-04 1.9001e-06 1.4697e-04 1.7862e-01 0.0000e+00
537 0.0000e+00 0.0000e+00 1.4631e-04 1.7254e-06 1.4631e-04 1.7877e-01 0.0000e+00
538 0.0000e+00 0.0000e+00 1.4565e-04 1.5677e-06 1.4565e-04 1.7891e-01 0.0000e+00
539 0.0000e+00 0.0000e+00 1.4499e-04 1.4248e-06 1.4499e-04 1.7905e-01 0.0000e+00
540 0.0000e+00 0.0000e+00 1.4434e-04 1.2952e-06 1.4434e-04 1.7920e-01 0.0000e+00
541 0.0000e+00 0.0000e+00 1.4370e-04 1.1777e-06 1.4370e-04 1.7934e-01 0.0000e+00
542 0.0000e+00 0.0000e+00 1.4306e-04 1.0711e-06 1.4306e-04 1.7948e-01 0.0000e+00
543 0.0000e+00 0.0000e+00 1.4243e-04 9.7438e-07 1.4243e-04 1.7962e-01 0.0000e+00
544 0.0000e+00 0.0000e+00 1.4180e-04 8.8658e-07 1.4180e-04 1.7976e-01 0.0000e+00
545 0.0000e+00 0.0000e+00 1.4118e-04 8.0688e-07 1.4118e-04 1.7990e-01 0.0000e+00
546 0.0000e+00 0.0000e+00 1.4056e-04 7.3385e-07 1.4056e-04 1.8004e-01 0.0000e+00
547 0.0000e+00 0.0000e+00 1.3994e-04 6.6821e-07 1.3994e-04 1.8018e-01 0.0000e+00
548 0.0000e+00 0.0000e+00 1.3934e-04 6.0856e-07 1.3934e-04 1.8032e-01 0.0000e+00
549 0.0000e+00 2.0700e-05 1.3873e-04 5.5435e-07 1.3873e-04 1.8046e-01 0.0000e+00
550 0.0000e+00 4.0000e-05 1.3814e-04 5.0507e-07 1.3814e-04 1.8060e-01 0.0000e+00
551 0.0000e+00 5.6600e-05 1.3754e-04 4.6027e-07 1.3754e-04 1.8073e-01 0.0000e+00
552 1.0000e-03 6.9300e-05 1.3696e-04 4.1952e-07 1.3696e-04 1.8087e-01 0.0000e+00
553 1.0000e-03 7.6600e-05 1.3637e-04 3.8245e-07 1.3637e-04 1.8101e-01 0.0000e+00
554 2.0000e-03 8.0000e-05 1.6066e-04 9.4886e-05 1.3579e-04 1.8105e-01 2.4869e-05
555 1.5000e-03 7.6600e-05 1.8386e-04 2.5346e-04 1.3562e-04 1.8093e-01 4.8237e-05
556 0.0000e+00 6.9300e-05 1.3612e-04 1.9569e-04 1.3612e-04 1.8087e-01 0.0000e+00
557 5.0000e-04 5.6600e-05 1.4841e-04 2.1402e-04 1.3637e-04 1.8079e-01 1.2032e-05
558 0.0000e+00 4.0000e-05 1.3671e-04 1.8003e-04 1.3671e-04 1.8075e-01 0.0000e+00
559 0.0000e+00 1.9400e-05 1.3689e-04 1.5690e-04 1.3689e-04 1.8073e-01 0.0000e+00
560 0.0000e+00 0.0000e+00 1.3698e-04 1.3759e-04 1.3698e-04 1.8073e-01 0.0000e+00
561 0.0000e+00 0.0000e+00 1.3698e-04 1.2119e-04 1.3698e-04 1.8074e-01 0.0000e+00
562 0.0000e+00 0.0000e+00 1.3691e-04 1.0710e-04 1.3691e-04 1.8077e-01 0.0000e+00
563 0.0000e+00 0.0000e+00 1.3678e-04 9.4897e-05 1.3678e-04 1.8082e-01 0.0000e+00
564 0.0000e+00 0.0000e+00 1.3661e-04 8.4264e-05 1.3661e-04 1.8087e-01 0.0000e+00
565 5.0000e-04 0.0000e+00 1.4943e-04 1.2460e-04 1.3638e-04 1.8088e-01 1.3047e-05
566 0.0000e+00 0.0000e+00 1.3633e-04 1.0347e-04 1.3633e-04 1.8091e-01 0.0000e+00
567 0.0000e+00 0.0000e+00 1.3619e-04 9.0990e-05 1.3619e-04 1.8096e-01 0.0000e+00
568 0.0000e+00 0.0000e+00 1.3600e-04 8.0438e-05 1.3600e-04 1.8101e-01 0.0000e+00
569 0.0000e+00 0.0000e+00 1.3576e-04 7.1363e-05 1.3576e-04 1.8108e-01 0.0000e+00
570 0.0000e+00 0.0000e+00 1.3549e-04 6.3476e-05 1.3549e-04 1.8115e-01 0.0000e+00
571 0.0000e+00 0.0000e+00 1.3519e-04 5.6574e-05 1.3519e-04 1.8123e-01 0.0000e+00
572 0.0000e+00 0.0000e+00 1.3485e-04 5.0505e-05 1.3485e-04 1.8131e-01 0.0000e+00
573 3.0000e-03 3.0500e-05 2.3641e-04 4.3172e-04 1.3450e-04 1.8102e-01 1.0191e-04
574 1.0000e-03 5.8900e-05 1.6869e-04 4.5207e-04 1.3575e-04 1.8070e-01 3.2934e-05
575 2.5000e-03 8.3300e-05 2.2003e-04 6.9067e-04 1.3710e-04 1.8015e-01 8.2924e-05
576 3.5000e-03 1.0200e-04 2.6475e-04 9.9652e-04 1.3950e-04 1.7929e-01 1.2525e-04
577 1.5000e-03 1.1290e-04 1.9077e-04 9.9947e-04 1.4328e-04 1.7843e-01 4.7490e-05
578 0.0000e+00 1.1780e-04 1.4717e-04 8.4527e-04 1.4717e-04 1.7773e-01 0.0000e+00
579 0.0000e+00 1.1290e-04 1.5041e-04 7.3714e-04 1.5041e-04 1.7715e-01 0.0000e+00
580 0.0000e+00 1.0200e-04 1.5320e-04 6.4661e-04 1.5320e-04 1.7665e-01 0.0000e+00
581 0.0000e+00 8.3300e-05 1.5558e-04 5.6947e-04 1.5558e-04 1.7624e-01 0.0000e+00
582 0.0000e+00 5.8900e-05 1.5760e-04 5.0297e-04 1.5760e-04 1.7589e-01 0.0000e+00
583 0.0000e+00 2.8500e-05 1.5931e-04 4.4521e-04 1.5931e-04 1.7561e-01 0.0000e+00
584 0.0000e+00 0.0000e+00 1.6074e-04 3.9479e-04 1.6074e-04 1.7538e-01 0.0000e+00
585 0.0000e+00 0.0000e+00 1.6192e-04 3.5060e-04 1.6192e-04 1.7519e-01 0.0000e+00
586 0.0000e+00 0.0000e+00 1.6288e-04 3.1175e-04 1.6288e-04 1.7504e-01 0.0000e+00
587 0.0000e+00 0.0000e+00 1.6364e-04 2.7753e-04 1.6364e-04 1.7492e-01 0.0000e+00
588 0.0000e+00 0.0000e+00 1.6422e-04 2.4733e-04 1.6422e-04 1.7484e-01 0.0000e+00
589 5.0000e-04 0.0000e+00 1.6465e-04 2.2062e-04 1.6465e-04 1.7478e-01 0.0000e+00
590 0.0000e+00 0.0000e+00 1.6494e-04 1.9697e-04 1.6494e-04 1.7475e-01 0.0000e+00
591 0.0000e+00 0.0000e+00 1.6510e-04 1.7600e-04 1.6510e-04 1.7474e-01 0.0000e+00
592 5.0000e-04 0.0000e+00 1.8166e-04 2.0666e-04 1.6516e-04 1.7470e-01 1.6499e-05
593 0.0000e+00 0.0000e+00 1.6537e-04 1.7889e-04 1.6537e-04 1.7469e-01 0.0000e+00
594 1.0000e-03 0.0000e+00 2.0809e-04 2.8583e-04 1.6544e-04 1.7457e-01 4.2647e-05
595 0.0000e+00 0.0000e+00 1.6607e-04 2.3926e-04 1.6607e-04 1.7449e-01 0.0000e+00
596 0.0000e+00 0.0000e+00 1.6645e-04 2.0903e-04 1.6645e-04 1.7445e-01 0.0000e+00
597 0.0000e+00 6.2600e-05 1.6667e-04 1.8406e-04 1.6667e-04 1.7443e-01 0.0000e+00
598 0.0000e+00 1.2080e-04 1.6676e-04 1.6281e-04 1.6676e-04 1.7444e-01 0.0000e+00
599 0.0000e+00 1.7090e-04 1.6674e-04 1.4444e-04 1.6674e-04 1.7446e-01 0.0000e+00
600 0.0000e+00 2.0930e-04 1.6662e-04 1.2843e-04 1.6662e-04 1.7450e-01 0.0000e+00
601 0.0000e+00 2.3150e-04 1.6642e-04 1.1439e-04 1.6642e-04 1.7455e-01 0.0000e+00
602 0.0000e+00 2.4180e-04 1.6615e-04 1.0204e-04 1.6615e-04 1.7461e-01 0.0000e+00
603 0.0000e+00 2.3150e-04 1.6582e-04 9.1138e-05 1.6582e-04 1.7469e-01 0.0000e+00
604 0.0000e+00 2.0930e-04 1.6543e-04 8.1490e-05 1.6543e-04 1.7477e-01 0.0000e+00
605 0.0000e+00 1.7090e-04 1.6500e-04 7.2935e-05 1.6500e-04 1.7486e-01 0.0000e+00
606 0.0000e+00 1.2080e-04 1.6453e-04 6.5337e-05 1.6453e-04 1.7496e-01 0.0000e+00
607 0.0000e+00 5.8500e-05 1.6402e-04 5.8579e-05 1.6402e-04 1.7507e-01 0.0000e+00
608 0.0000e+00 0.0000e+00 1.6348e-04 5.2559e-05 1.6348e-04 1.7518e-01 0.0000e+00
609 0.0000e+00 0.0000e+00 1.6291e-04 4.7192e-05 1.6291e-04 1.7530e-01 0.0000e+00
610 0.0000e+00 0.0000e+00 1.6232e-04 4.2401e-05 1.6232e-04 1.7542e-01 0.0000e+00
611 0.0000e+00 0.0000e+00 1.6172e-04 3.8120e-05 1.6172e-04 1.7554e-01 0.0000e+00
612 0.0000e+00 0.0000e+00 1.6109e-04 3.4292e-05 1.6109e-04 1.7567e-01 0.0000e+00
613 0.0000e+00 0.0000e+00 1.6046e-04 3.0866e-05 1.6046e-04 1.7580e-01 0.0000e+00
614 0.0000e+00 0.0000e+00 1.5981e-04 2.7797e-05 1.5981e-04 1.7593e-01 0.0000e+00
615 0.0000e+00 0.0000e+00 1.5915e-04 2.5046e-05 1.5915e-04 1.7606e-01 0.0000e+00
616 0.0000e+00 0.0000e+00 1.5849e-04 2.2579e-05 1.5849e-04 1.7620e-01 0.0000e+00
617 0.0000e+00 0.0000e+00 1.5781e-04 2.0364e-05 1.5781e-04 1.7633e-01 0.0000e+00
618 0.0000e+00 0.0000e+00 1.5714e-04 1.8375e-05 1.5714e-04 1.7647e-01 0.0000e+00
619 0.0000e+00 0.0000e+00 1.5646e-04 1.6587e-05 1.5646e-04 1.7661e-01 0.0000e+00
620 0.0000e+00 0.0000e+00 1.5577e-04 1.4980e-05 1.5577e-04 1.7675e-01 0.0000e+00
621 0.0000e+00 1.4200e-05 1.5509e-04 1.3534e-05 1.5509e-04 1.7690e-01 0.0000e+00
622 0.0000e+00 2.7500e-05 1.5441e-04 1.2232e-05 1.5441e-04 1.7704e-01 0.0000e+00
623 0.0000e+00 3.8900e-05 1.5372e-04 1.1060e-05 1.5372e-04 1.7718e-01 0.0000e+00
624 1.0000e-03 4.7600e-05 1.5304e-04 1.0004e-05 1.5304e-04 1.7732e-01 0.0000e+00
625 1.0000e-03 5.2700e-05 1.5565e-04 1.8693e-05 1.5236e-04 1.7746e-01 3.2972e-06
626 3.0000e-03 5.5000e-05 2.7741e-04 3.8281e-04 1.5172e-04 1.7723e-01 1.2569e-04
627 2.0000e-03 5.2700e-05 2.3577e-04 5.4301e-04 1.5282e-04 1.7684e-01 8.2947e-05
628 1.5000e-03 4.7600e-05 2.1642e-04 6.2730e-04 1.5469e-04 1.7636e-01 6.1722e-05
629 3.5000e-03 3.8900e-05 3.0423e-04 9.5920e-04 1.5700e-04 1.7556e-01 1.4723e-04
630 4.0000e-03 2.7500e-05 3.2991e-04 1.2953e-03 1.6098e-04 1.7443e-01 1.6893e-04
631 5.0000e-03 1.3300e-05 3.7885e-04 1.7145e-03 1.6679e-04 1.7288e-01 2.1206e-04
632 0.0000e+00 0.0000e+00 1.7506e-04 1.4329e-03 1.7506e-04 1.7162e-01 0.0000e+00
633 0.0000e+00 0.0000e+00 1.8207e-04 1.2412e-03 1.8207e-04 1.7056e-01 0.0000e+00
634 1.0000e-03 0.0000e+00 2.3028e-04 1.2139e-03 1.8820e-04 1.6954e-01 4.2079e-05
635 2.5000e-03 0.0000e+00 3.0095e-04 1.3838e-03 1.9433e-04 1.6835e-01 1.0662e-04
636 3.5000e-03 0.0000e+00 3.5095e-04 1.6476e-03 2.0169e-04 1.6690e-01 1.4926e-04
637 3.0000e-03 0.0000e+00 3.3895e-04 1.7956e-03 2.1101e-04 1.6532e-01 1.2794e-04
638 0.0000e+00 0.0000e+00 2.2172e-04 1.5142e-03 2.2172e-04 1.6402e-01 0.0000e+00
639 5.0000e-04 0.0000e+00 2.5219e-04 1.3893e-03 2.3086e-04 1.6287e-01 2.1323e-05
640 0.0000e+00 0.0000e+00 2.3937e-04 1.2060e-03 2.3937e-04 1.6190e-01 0.0000e+00
641 5.0000e-04 0.0000e+00 2.7147e-04 1.1246e-03 2.4671e-04 1.6102e-01 2.4752e-05
642 0.0000e+00 0.0000e+00 2.5358e-04 9.8004e-04 2.5358e-04 1.6029e-01 0.0000e+00
643 5.0000e-04 0.0000e+00 2.8462e-04 9.2886e-04 2.5940e-04 1.5963e-01 2.5220e-05
644 0.0000e+00 0.0000e+00 2.6488e-04 8.0912e-04 2.6488e-04 1.5908e-01 0.0000e+00
645 0.0000e+00 1.6900e-05 2.6943e-04 7.1066e-04 2.6943e-04 1.5864e-01 0.0000e+00
646 0.0000e+00 3.2600e-05 2.7317e-04 6.2551e-04 2.7317e-04 1.5829e-01 0.0000e+00
647 0.0000e+00 4.6100e-05 2.7619e-04 5.5139e-04 2.7619e-04 1.5801e-01 0.0000e+00
648 0.0000e+00 5.6400e-05 2.7858e-04 4.8665e-04 2.7858e-04 1.5780e-01 0.0000e+00
649 0.0000e+00 6.2400e-05 2.8039e-04 4.2996e-04 2.8039e-04 1.5765e-01 0.0000e+00
650 0.0000e+00 6.5200e-05 2.8171e-04 3.8024e-04 2.8171e-04 1.5756e-01 0.0000e+00
651 0.0000e+00 6.2400e-05 2.8258e-04 3.3656e-04 2.8258e-04 1.5750e-01 0.0000e+00
652 0.0000e+00 5.6400e-05 2.8305e-04 2.9815e-04 2.8305e-04 1.5749e-01 0.0000e+00
653 0.0000e+00 4.6100e-05 2.8319e-04 2.6434e-04 2.8319e-04 1.5751e-01 0.0000e+00
654 0.0000e+00 3.2600e-05 2.8302e-04 2.3454e-04 2.8302e-04 1.5755e-01 0.0000e+00
655 0.0000e+00 1.5800e-05 2.8259e-04 2.0826e-04 2.8259e-04 1.5763e-01 0.0000e+00
656 0.0000e+00 0.0000e+00 2.8194e-04 1.8506e-04 2.8194e-04 1.5773e-01 0.0000e+00
657 0.0000e+00 0.0000e+00 2.8108e-04 1.6456e-04 2.8108e-04 1.5784e-01 0.0000e+00
658 0.0000e+00 0.0000e+00 2.8006e-04 1.4643e-04 2.8006e-04 1.5798e-01 0.0000e+00
659 0.0000e+00 0.0000e+00 2.7890e-04 1.3039e-04 2.7890e-04 1.5812e-01 0.0000e+00
660 0.0000e+00 0.0000e+00 2.7760e-04 1.1618e-04 2.7760e-04 1.5829e-01 0.0000e+00
661 0.0000e+00 0.0000e+00 2.7621e-04 1.0359e-04 2.7621e-04 1.5846e-01 0.0000e+00
662 0.0000e+00 0.0000e+00 2.7472e-04 9.2416e-05 2.7472e-04 1.5864e-01 0.0000e+00
663 0.0000e+00 0.0000e+00 2.7316e-04 8.2499e-05 2.7316e-04 1.5883e-01 0.0000e+00
664 0.0000e+00 0.0000e+00 2.7154e-04 7.3689e-05 2.7154e-04 1.5903e-01 0.0000e+00
665 0.0000e+00 0.0000e+00 2.6986e-04 6.5858e-05 2.6986e-04 1.5923e-01 0.0000e+00
666 5.0000e-04 0.0000e+00 2.6862e-04 6.0176e-05 2.6815e-04 1.5944e-01 4.6762e-07
667 0.0000e+00 0.0000e+00 2.6641e-04 5.3657e-05 2.6641e-04 1.5965e-01 0.0000e+00
668 5.0000e-04 0.0000e+00 2.8987e-04 1.1693e-04 2.6465e-04 1.5980e-01 2.5220e-05
669 5.0000e-04 1.5300e-05 2.8865e-04 1.6373e-04 2.6343e-04 1.5990e-01 2.5220e-05
670 0.0000e+00 2.9500e-05 2.6261e-04 1.3376e-04 2.6261e-04 1.6003e-01 0.0000e+00
671 1.0000e-03 4.1700e-05 3.0974e-04 2.4601e-04 2.6155e-04 1.6005e-01 4.8181e-05
672 0.0000e+00 5.1100e-05 2.6143e-04 1.9869e-04 2.6143e-04 1.6011e-01 0.0000e+00
673 0.0000e+00 5.6500e-05 2.6091e-04 1.6978e-04 2.6091e-04 1.6020e-01 0.0000e+00
674 0.0000e+00 5.9000e-05 2.6017e-04 1.4670e-04 2.6017e-04 1.6031e-01 0.0000e+00
675 5.0000e-04 5.6500e-05 2.7398e-04 1.6764e-04 2.5925e-04 1.6040e-01 1.4730e-05
676 5.0000e-04 5.1100e-05 2.8088e-04 2.0254e-04 2.5851e-04 1.6046e-01 2.2370e-05
677 0.0000e+00 4.1700e-05 2.5806e-04 1.6908e-04 2.5806e-04 1.6055e-01 0.0000e+00
678 0.0000e+00 2.9500e-05 2.5734e-04 1.4599e-04 2.5734e-04 1.6066e-01 0.0000e+00
679 1.0000e-03 1.4300e-05 3.0073e-04 2.4701e-04 2.5645e-04 1.6067e-01 4.4277e-05
680 1.0000e-03 0.0000e+00 3.0609e-04 3.3670e-04 2.5637e-04 1.6059e-01 4.9719e-05
681 0.0000e+00 0.0000e+00 2.5702e-04 2.7580e-04 2.5702e-04 1.6057e-01 0.0000e+00
682 0.0000e+00 0.0000e+00 2.5717e-04 2.3618e-04 2.5717e-04 1.6059e-01 0.0000e+00
683 0.0000e+00 0.0000e+00 2.5700e-04 2.0426e-04 2.5700e-04 1.6065e-01 0.0000e+00
684 0.0000e+00 0.0000e+00 2.5658e-04 1.7774e-04 2.5658e-04 1.6072e-01 0.0000e+00
685 0.0000e+00 0.0000e+00 2.5594e-04 1.5532e-04 2.5594e-04 1.6082e-01 0.0000e+00
686 0.0000e+00 0.0000e+00 2.5514e-04 1.3616e-04 2.5514e-04 1.6094e-01 0.0000e+00
687 0.0000e+00 0.0000e+00 2.5419e-04 1.1966e-04 2.5419e-04 1.6108e-01 0.0000e+00
688 0.0000e+00 0.0000e+00 2.5313e-04 1.0539e-04 2.5313e-04 1.6123e-01 0.0000e+00
689 0.0000e+00 0.0000e+00 2.5196e-04 9.2996e-05 2.5196e-04 1.6138e-01 0.0000e+00
690 0.0000e+00 0.0000e+00 2.5071e-04 8.2190e-05 2.5071e-04 1.6155e-01 0.0000e+00
691 0.0000e+00 0.0000e+00 2.4940e-04 7.2746e-05 2.4940e-04 1.6173e-01 0.0000e+00
692 0.0000e+00 0.0000e+00 2.4802e-04 6.4471e-05 2.4802e-04 1.6191e-01 0.0000e+00
693 0.0000e+00 5.6100e-05 2.4661e-04 5.7207e-05 2.4661e-04 1.6210e-01 0.0000e+00
694 0.0000e+00 1.0830e-04 2.4515e-04 5.0818e-05 2.4515e-04 1.6230e-01 0.0000e+00
695 0.0000e+00 1.5320e-04 2.4367e-04 4.5189e-05 2.4367e-04 1.6250e-01 0.0000e+00
696 0.0000e+00 1.8770e-04 2.4216e-04 4.0222e-05 2.4216e-04 1.6270e-01 0.0000e+00
697 0.0000e+00 2.0760e-04 2.4064e-04 3.5833e-05 2.4064e-04 1.6290e-01 0.0000e+00
698 0.0000e+00 2.1680e-04 2.3910e-04 3.1950e-05 2.3910e-04 1.6311e-01 0.0000e+00
699 0.0000e+00 2.0760e-04 2.3756e-04 2.8512e-05 2.3756e-04 1.6332e-01 0.0000e+00
700 5.0000e-04 1.8770e-04 2.3601e-04 2.5463e-05 2.3601e-04 1.6353e-01 0.0000e+00
701 0.0000e+00 1.5320e-04 2.3446e-04 2.2756e-05 2.3446e-04 1.6374e-01 0.0000e+00
702 0.0000e+00 1.0830e-04 2.3292e-04 2.0351e-05 2.3292e-04 1.6395e-01 0.0000e+00
703 0.0000e+00 5.2400e-05 2.3137e-04 1.8213e-05 2.3137e-04 1.6417e-01 0.0000e+00
704 0.0000e+00 0.0000e+00 2.2984e-04 1.6309e-05 2.2984e-04 1.6438e-01 0.0000e+00
705 0.0000e+00 0.0000e+00 2.2831e-04 1.4614e-05 2.2831e-04 1.6459e-01 0.0000e+00
706 0.0000e+00 0.0000e+00 2.2679e-04 1.3102e-05 2.2679e-04 1.6481e-01 0.0000e+00
707 0.0000e+00 0.0000e+00 2.2528e-04 1.1753e-05 2.2528e-04 1.6502e-01 0.0000e+00
708 0.0000e+00 0.0000e+00 2.2378e-04 1.0549e-05 2.2378e-04 1.6523e-01 0.0000e+00
709 0.0000e+00 0.0000e+00 2.2230e-04 9.4732e-06 2.2230e-04 1.6545e-01 0.0000e+00
710 0.0000e+00 0.0000e+00 2.2082e-04 8.5115e-06 2.2082e-04 1.6566e-01 0.0000e+00
711 0.0000e+00 0.0000e+00 2.1936e-04 7.6511e-06 2.1936e-04 1.6587e-01 0.0000e+00
712 0.0000e+00 0.0000e+00 2.1792e-04 6.8810e-06 2.1792e-04 1.6608e-01 0.0000e+00
713 0.0000e+00 0.0000e+00 2.1648e-04 6.1912e-06 2.1648e-04 1.6629e-01 0.0000e+00
714 0.0000e+00 0.0000e+00 2.1507e-04 5.5730e-06 2.1507e-04 1.6650e-01 0.0000e+00
715 0.0000e+00 0.0000e+00 2.1366e-04 5.0183e-06 2.1366e-04 1.6671e-01 0.0000e+00
716 0.0000e+00 0.0000e+00 2.1227e-04 4.5212e-06 2.1227e-04 1.6692e-01 0.0000e+00
717 0.0000e+00 8.5600e-05 2.1090e-04 4.0750e-06 2.1090e-04 1.6713e-01 0.0000e+00
718 0.0000e+00 1.6520e-04 2.0954e-04 3.6743e-06 2.0954e-04 1.6733e-01 0.0000e+00
719 0.0000e+00 2.3380e-04 2.0820e-04 3.3142e-06 2.0820e-04 1.6754e-01 0.0000e+00
720 0.0000e+00 2.8620e-04 2.0687e-04 2.9906e-06 2.0687e-04 1.6774e-01 0.0000e+00
721 0.0000e+00 3.1670e-04 2.0556e-04 2.6996e-06 2.0556e-04 1.6794e-01 0.0000e+00
722 0.0000e+00 3.3060e-04 2.0426e-04 2.4377e-06 2.0426e-04 1.6814e-01 0.0000e+00
723 0.0000e+00 3.1670e-04 2.0297e-04 2.2014e-06 2.0297e-04 1.6835e-01 0.0000e+00
724 0.0000e+00 2.8620e-04 2.0170e-04 1.9893e-06 2.0170e-04 1.6854e-01 0.0000e+00
725 0.0000e+00 2.3380e-04 2.0045e-04 1.7983e-06 2.0045e-04 1.6874e-01 0.0000e+00
726 0.0000e+00 1.6520e-04 1.9921e-04 1.6261e-06 1.9921e-04 1.6894e-01 0.0000e+00
727 0.0000e+00 8.0000e-05 1.9798e-04 1.4709e-06 1.9798e-04 1.6914e-01 0.0000e+00
728 0.0000e+00 0.0000e+00 1.9677e-04 1.3309e-06 1.9677e-04 1.6933e-01 0.0000e+00
729 0.0000e+00 0.0000e+00 1.9557e-04 1.2046e-06 1.9557e-04 1.6953e-01 0.0000e+00
730 0.0000e+00 0.0000e+00 1.9439e-04 1.0906e-06 1.9439e-04 1.6972e-01 0.0000e+00
731 0.0000e+00 0.0000e+00 1.9322e-04 9.8767e-07 1.9322e-04 1.6991e-01 0.0000e+00
732 0.0000e+00 0.0000e+00 1.9206e-04 8.9403e-07 1.9206e-04 1.7010e-01 0.0000e+00
733 0.0000e+00 0.0000e+00 1.9091e-04 8.1018e-07 1.9091e-04 1.7029e-01 0.0000e+00
734 0.0000e+00 0.0000e+00 1.8978e-04 7.3439e-07 1.8978e-04 1.7048e-01 0.0000e+00
735 0.0000e+00 0.0000e+00 1.8867e-04 6.6587e-07 1.8867e-04 1.7067e-01 0.0000e+00
736 0.0000e+00 0.0000e+00 1.8756e-04 6.0390e-07 1.8756e-04 1.7086e-01 0.0000e+00
737 0.0000e+00 0.0000e+00 1.8647e-04 5.4785e-07 1.8647e-04 1.7104e-01 0.0000e+00
738 0.0000e+00 0.0000e+00 1.8539e-04 4.9712e-07 1.8539e-04 1.7123e-01 0.0000e+00
739 0.0000e+00 0.0000e+00 1.8432e-04 4.5120e-07 1.8432e-04 1.7141e-01 0.0000e+00
740 0.0000e+00 0.0000e+00 1.8326e-04 4.0962e-07 1.8326e-04 1.7160e-01 0.0000e+00
741 0.0000e+00 7.4700e-05 1.8222e-04 3.7124e-07 1.8222e-04 1.7178e-01 0.0000e+00
742 0.0000e+00 1.4410e-04 1.8119e-04 3.3723e-07 1.8119e-04 1.7196e-01 0.0000e+00
743 0.0000e+00 2.0380e-04 1.8017e-04 3.0641e-07 1.8017e-04 1.7214e-01 0.0000e+00
744 0.0000e+00 2.4960e-04 1.7916e-04 2.7847e-07 1.7916e-04 1.7232e-01 0.0000e+00
745 0.0000e+00 2.7610e-04 1.7816e-04 2.5313e-07 1.7816e-04 1.7250e-01 0.0000e+00
746 0.0000e+00 2.8830e-04 1.7717e-04 2.3015e-07 1.7717e-04 1.7267e-01 0.0000e+00
747 0.0000e+00 2.7610e-04 1.7619e-04 2.0930e-07 1.7619e-04 1.7285e-01 0.0000e+00
748 0.0000e+00 2.4960e-04 1.7523e-04 1.9038e-07 1.7523e-04 1.7302e-01 0.0000e+00
749 0.0000e+00 2.0380e-04 1.7427e-04 1.7320e-07 1.7427e-04 1.7320e-01 0.0000e+00
750 0.0000e+00 1.4410e-04 1.7333e-04 1.5673e-07 1.7333e-04 1.7337e-01 0.0000e+00
751 0.0000e+00 6.9800e-05 1.7239e-04 1.4268e-07 1.7239e-04 1.7354e-01 0.0000e+00
752 0.0000e+00 0.0000e+00 1.7146e-04 1.2992e-07 1.7146e-04 1.7371e-01 0.0000e+00
753 0.0000e+00 0.0000e+00 1.7055e-04 1.1833e-07 1.7055e-04 1.7388e-01 0.0000e+00
754 0.0000e+00 0.0000e+00 1.6964e-04 1.0778e-07 1.6964e-04 1.7405e-01 0.0000e+00
755 0.0000e+00 0.0000e+00 1.6875e-04 9.8200e-08 1.6875e-04 1.7422e-01 0.0000e+00
756 0.0000e+00 0.0000e+00 1.6786e-04 8.9484e-08 1.6786e-04 1.7439e-01 0.0000e+00
757 0.0000e+00 0.0000e+00 1.6698e-04 8.1556e-08 1.6698e-04 1.7456e-01 0.0000e+00
758 0.0000e+00 0.0000e+00 1.6611e-04 7.4344e-08 1.6611e-04 1.7472e-01 0.0000e+00
759 0.0000e+00 0.0000e+00 1.6525e-04 6.6760e-08 1.6525e-04 1.7489e-01 0.0000e+00
760 0.0000e+00 0.0000e+00 1.6440e-04 6.0908e-08 1.6440e-04 1.7505e-01 0.0000e+00
761 0.0000e+00 0.0000e+00 1.6356e-04 5.5578e-08 1.6356e-04 1.7522e-01 0.0000e+00
762 0.0000e+00 0.0000e+00 1.6273e-04 5.0722e-08 1.6273e-04 1.7538e-01 0.0000e+00
763 0.0000e+00 0.0000e+00 1.6190e-04 4.6298e-08 1.6190e-04 1.7554e-01 0.0000e+00
764 0.0000e+00 0.0000e+00 1.6108e-04 4.2266e-08 1.6108e-04 1.7570e-01 0.0000e+00
765 0.0000e+00 9.6700e-05 1.6028e-04 3.8591e-08 1.6028e-04 1.7586e-01 0.0000e+00
766 0.0000e+00 1.8660e-04 1.5948e-04 3.5240e-08 1.5948e-04 1.7602e-01 0.0000e+00
767 0.0000e+00 2.6400e-04 1.5868e-04 3.2186e-08 1.5868e-04 1.7618e-01 0.0000e+00
768 0.0000e+00 3.2330e-04 1.5790e-04 2.8281e-08 1.5790e-04 1.7634e-01 0.0000e+00
769 0.0000e+00 3.5770e-04 1.5712e-04 2.5860e-08 1.5712e-04 1.7650e-01 0.0000e+00
770 0.0000e+00 3.7350e-04 1.5635e-04 2.3650e-08 1.5635e-04 1.7665e-01 0.0000e+00
771 0.0000e+00 3.5770e-04 1.5559e-04 2.1631e-08 1.5559e-04 1.7681e-01 0.0000e+00
772 0.0000e+00 3.2330e-04 1.5484e-04 1.9787e-08 1.5484e-04 1.7696e-01 0.0000e+00
773 0.0000e+00 2.6400e-04 1.5409e-04 1.8102e-08 1.5409e-04 1.7712e-01 0.0000e+00
774 0.0000e+00 1.8660e-04 1.5335e-04 1.6563e-08 1.5335e-04 1.7727e-01 0.0000e+00
775 0.0000e+00 9.0400e-05 1.5261e-04 1.5157e-08 1.5261e-04 1.7742e-01 0.0000e+00
776 0.0000e+00 0.0000e+00 1.5189e-04 1.3872e-08 1.5189e-04 1.7757e-01 0.0000e+00
777 0.0000e+00 0.0000e+00 1.5117e-04 1.1441e-08 1.5117e-04 1.7772e-01 0.0000e+00
778 0.0000e+00 0.0000e+00 1.5046e-04 1.0491e-08 1.5046e-04 1.7788e-01 0.0000e+00
779 0.0000e+00 0.0000e+00 1.4975e-04 9.6196e-09 1.4975e-04 1.7803e-01 0.0000e+00
780 0.0000e+00 0.0000e+00 1.4905e-04 8.8218e-09 1.4905e-04 1.7817e-01 0.0000e+00
781 0.0000e+00 0.0000e+00 1.4836e-04 8.0910e-09 1.4836e-04 1.7832e-01 0.0000e+00
782 0.0000e+00 0.0000e+00 1.4767e-04 7.4215e-09 1.4767e-04 1.7847e-01 0.0000e+00
783 0.0000e+00 0.0000e+00 1.4699e-04 6.8080e-09 1.4699e-04 1.7862e-01 0.0000e+00
784 0.0000e+00 0.0000e+00 1.4632e-04 6.2458e-09 1.4632e-04 1.7876e-01 0.0000e+00
785 0.0000e+00 0.0000e+00 1.4565e-04 5.7305e-09 1.4565e-04 1.7891e-01 0.0000e+00
786 0.0000e+00 0.0000e+00 1.4499e-04 4.1097e-09 1.4499e-04 1.7905e-01 0.0000e+00
787 0.0000e+00 0.0000e+00 1.4434e-04 3.7806e-09 1.4434e-04 1.7920e-01 0.0000e+00
788 0.0000e+00 0.0000e+00 1.4369e-04 3.4782e-09 1.4369e-04 1.7934e-01 0.0000e+00
789 0.0000e+00 1.2590e-04 1.4304e-04 3.2001e-09 1.4304e-04 1.7949e-01 0.0000e+00
790 0.0000e+00 2.4290e-04 1.4240e-04 2.9446e-09 1.4240e-04 1.7963e-01 0.0000e+00
791 0.0000e+00 3.4370e-04 1.4177e-04 2.7096e-09 1.4177e-04 1.7977e-01 0.0000e+00
792 0.0000e+00 4.2090e-04 1.4115e-04 2.4935e-09 1.4115e-04 1.7991e-01 0.0000e+00
793 0.0000e+00 4.6560e-04 1.4052e-04 2.2949e-09 1.4052e-04 1.8005e-01 0.0000e+00
794 0.0000e+00 4.8620e-04 1.3991e-04 2.1122e-09 1.3991e-04 1.8019e-01 0.0000e+00
795 0.0000e+00 4.6560e-04 1.3930e-04 1.1982e-09 1.3930e-04 1.8033e-01 0.0000e+00
796 0.0000e+00 4.2090e-04 1.3869e-04 1.1063e-09 1.3869e-04 1.8047e-01 0.0000e+00
797 0.0000e+00 3.4370e-04 1.3809e-04 1.0215e-09 1.3809e-04 1.8061e-01 0.0000e+00
798 0.0000e+00 2.4290e-04 1.3750e-04 9.4324e-10 1.3750e-04 1.8074e-01 0.0000e+00
799 0.0000e+00 1.1760e-04 1.3691e-04 8.7103e-10 1.3691e-04 1.8088e-01 0.0000e+00
800 0.0000e+00 0.0000e+00 1.3632e-04 8.0439e-10 1.3632e-04 1.8102e-01 0.0000e+00
801 0.0000e+00 0.0000e+00 1.3575e-04 7.4290e-10 1.3575e-04 1.8115e-01 0.0000e+00
802 0.0000e+00 0.0000e+00 1.3517e-04 6.8614e-10 1.3517e-04 1.8129e-01 0.0000e+00
803 0.0000e+00 0.0000e+00 1.3460e-04 6.3375e-10 1.3460e-04 1.8142e-01 0.0000e+00
804 0.0000e+00 0.0000e+00 1.3404e-04 2.3558e-10 1.3404e-04 1.8156e-01 0.0000e+00
805 0.0000e+00 0.0000e+00 1.3348e-04 2.1834e-10 1.3348e-04 1.8169e-01 0.0000e+00
806 0.0000e+00 0.0000e+00 1.3292e-04 2.0238e-10 1.3292e-04 1.8182e-01 0.0000e+00
807 0.0000e+00 0.0000e+00 1.3237e-04 1.8758e-10 1.3237e-04 1.8196e-01 0.0000e+00
808 0.0000e+00 0.0000e+00 1.3182e-04 1.7388e-10 1.3182e-04 1.8209e-01 0.0000e+00
809 0.0000e+00 0.0000e+00 1.3128e-04 1.6118e-10 1.3128e-04 1.8222e-01 0.0000e+00
810 0.0000e+00 0.0000e+00 1.3074e-04 1.4942e-10 1.3074e-04 1.8235e-01 0.0000e+00
811 0.0000e+00 0.0000e+00 1.3021e-04 1.3852e-10 1.3021e-04 1.8248e-01 0.0000e+00
812 0.0000e+00 0.0000e+00 1.2968e-04 1.2843e-10 1.2968e-04 1.8261e-01 0.0000e+00
813 0.0000e+00 3.0400e-05 1.2916e-04 1.1907e-10 1.2916e-04 1.8274e-01 0.0000e+00
814 0.0000e+00 5.8700e-05 1.2864e-04 1.7605e-11 1.2864e-04 1.8287e-01 0.0000e+00
815 0.0000e+00 8.3100e-05 1.2812e-04 1.6383e-11 1.2812e-04 1.8300e-01 0.0000e+00
816 0.0000e+00 1.0180e-04 1.2761e-04 1.5246e-11 1.2761e-04 1.8312e-01 0.0000e+00
817 0.0000e+00 1.1260e-04 1.2710e-04 1.4189e-11 1.2710e-04 1.8325e-01 0.0000e+00
818 0.0000e+00 1.1760e-04 1.2660e-04 1.3205e-11 1.2660e-04 1.8338e-01 0.0000e+00
819 0.0000e+00 1.1260e-04 1.2610e-04 1.2290e-11 1.2610e-04 1.8350e-01 0.0000e+00
820 0.0000e+00 1.0180e-04 1.2560e-04 1.1439e-11 1.2560e-04 1.8363e-01 0.0000e+00
821 0.0000e+00 8.3100e-05 1.2511e-04 1.0647e-11 1.2511e-04 1.8375e-01 0.0000e+00
822 0.0000e+00 5.8700e-05 1.2462e-04 9.9105e-12 1.2462e-04 1.8388e-01 0.0000e+00
823 0.0000e+00 2.8400e-05 1.2414e-04 0.0000e+00 1.2414e-04 1.8400e-01 0.0000e+00
824 0.0000e+00 0.0000e+00 1.2366e-04 0.0000e+00 1.2366e-04 1.8413e-01 0.0000e+00
825 0.0000e+00 0.0000e+00 1.2318e-04 0.0000e+00 1.2318e-04 1.8425e-01 0.0000e+00
826 0.0000e+00 0.0000e+00 1.2271e-04 0.0000e+00 1.2271e-04 1.8437e-01 0.0000e+00
827 0.0000e+00 0.0000e+00 1.2224e-04 0.0000e+00 1.2224e-04 1.8449e-01 0.0000e+00
828 0.0000e+00 0.0000e+00 1.2177e-04 0.0000e+00 1.2177e-04 1.8462e-01 0.0000e+00
829 0.0000e+00 0.0000e+00 1.2131e-04 0.0000e+00 1.2131e-04 1.8474e-01 0.0000e+00
830 0.0000e+00 0.0000e+00 1.2085e-04 0.0000e+00 1.2085e-04 1.8486e-01 0.0000e+00
831 0.0000e+00 0.0000e+00 1.2039e-04 0.0000e+00 1.2039e-04 1.8498e-01 0.0000e+00
832 0.0000e+00 0.0000e+00 1.1994e-04 0.0000e+00 1.1994e-04 1.8510e-01 0.0000e+00
833 0.0000e+00 0.0000e+00 1.1949e-04 0.0000e+00 1.1949e-04 1.8522e-01 0.0000e+00
834 0.0000e+00 0.0000e+00 1.1905e-04 0.0000e+00 1.1905e-04 1.8534e-01 0.0000e+00
835 0.0000e+00 0.0000e+00 1.1860e-04 0.0000e+00 1.1860e-04 1.8546e-01 0.0000e+00
836 0.0000e+00 0.0000e+00 1.1817e-04 0.0000e+00 1.1817e-04 1.8557e-01 0.0000e+00
837 0.0000e+00 6.6100e-05 1.1773e-04 0.0000e+00 1.1773e-04 1.8569e-01 0.0000e+00
838 0.0000e+00 1.2750e-04 1.1730e-04 0.0000e+00 1.1730e-04 1.8581e-01 0.0000e+00
839 0.0000e+00 1.8040e-04 1.1687e-04 0.0000e+00 1.1687e-04 1.8593e-01 0.0000e+00
840 0.0000e+00 2.2090e-04 1.1644e-04 0.0000e+00 1.1644e-04 1.8604e-01 0.0000e+00
841 0.0000e+00 2.4430e-04 1.1602e-04 0.0000e+00 1.1602e-04 1.8616e-01 0.0000e+00
842 0.0000e+00 2.5510e-04 1.1560e-04 0.0000e+00 1.1560e-04 1.8627e-01 0.0000e+00
843 0.0000e+00 2.4430e-04 1.1518e-04 0.0000e+00 1.1518e-04 1.8639e-01 0.0000e+00
844 0.0000e+00 2.2090e-04 1.1477e-04 0.0000e+00 1.1477e-04 1.8650e-01 0.0000e+00
845 0.0000e+00 1.8040e-04 1.1436e-04 0.0000e+00 1.1436e-04 1.8662e-01 0.0000e+00
846 0.0000e+00 1.2750e-04 1.1395e-04 0.0000e+00 1.1395e-04 1.8673e-01 0.0000e+00
847 0.0000e+00 6.1700e-05 1.1355e-04 0.0000e+00 1.1355e-04 1.8685e-01 0.0000e+00
848 0.0000e+00 0.0000e+00 1.1314e-04 0.0000e+00 1.1314e-04 1.8696e-01 0.0000e+00
849 0.0000e+00 0.0000e+00 1.1274e-04 0.0000e+00 1.1274e-04 1.8707e-01 0.0000e+00
850 0.0000e+00 0.0000e+00 1.1235e-04 0.0000e+00 1.1235e-04 1.8718e-01 0.0000e+00
851 0.0000e+00 0.0000e+00 1.1195e-04 0.0000e+00 1.1195e-04 1.8730e-01 0.0000e+00
852 0.0000e+00 0.0000e+00 1.1156e-04 0.0000e+00 1.1156e-04 1.8741e-01 0.0000e+00
853 0.0000e+00 0.0000e+00 1.1117e-04 0.0000e+00 1.1117e-04 1.8752e-01 0.0000e+00
854 0.0000e+00 0.0000e+00 1.1079e-04 0.0000e+00 1.1079e-04 1.8763e-01 0.0000e+00
855 0.0000e+00 0.0000e+00 1.1041e-04 0.0000e+00 1.1041e-04 1.8774e-01 0.0000e+00
856 0.0000e+00 0.0000e+00 1.1003e-04 0.0000e+00 1.1003e-04 1.8785e-01 0.0000e+00
857 0.0000e+00 0.0000e+00 1.0965e-04 0.0000e+00 1.0965e-04 1.8796e-01 0.0000e+00
858 0.0000e+00 0.0000e+00 1.0927e-04 0.0000e+00 1.0927e-04 1.8807e-01 0.0000e+00
859 0.0000e+00 0.0000e+00 1.0890e-04 0.0000e+00 1.0890e-04 1.8818e-01 0.0000e+00
860 0.0000e+00 0.0000e+00 1.0853e-04 0.0000e+00 1.0853e-04 1.8829e-01 0.0000e+00
861 0.0000e+00 9.7600e-05 1.0816e-04 0.0000e+00 1.0816e-04 1.8839e-01 0.0000e+00
862 0.0000e+00 1.8830e-04 1.0780e-04 0.0000e+00 1.0780e-04 1.8850e-01 0.0000e+00
863 0.0000e+00 2.6650e-04 1.0744e-04 0.0000e+00 1.0744e-04 1.8861e-01 0.0000e+00
864 0.0000e+00 3.2630e-04 1.0708e-04 0.0000e+00 1.0708e-04 1.8872e-01 0.0000e+00
865 0.0000e+00 3.6100e-04 1.0672e-04 0.0000e+00 1.0672e-04 1.8882e-01 0.0000e+00
866 0.0000e+00 3.7690e-04 1.0636e-04 0.0000e+00 1.0636e-04 1.8893e-01 0.0000e+00
867 0.0000e+00 3.6100e-04 1.0601e-04 0.0000e+00 1.0601e-04 1.8904e-01 0.0000e+00
868 0.0000e+00 3.2630e-04 1.0566e-04 0.0000e+00 1.0566e-04 1.8914e-01 0.0000e+00
869 0.0000e+00 2.6650e-04 1.0531e-04 0.0000e+00 1.0531e-04 1.8925e-01 0.0000e+00
870 0.0000e+00 1.8830e-04 1.0496e-04 0.0000e+00 1.0496e-04 1.8935e-01 0.0000e+00
871 0.0000e+00 9.1200e-05 1.0462e-04 0.0000e+00 1.0462e-04 1.8946e-01 0.0000e+00
872 0.0000e+00 0.0000e+00 1.0428e-04 0.0000e+00 1.0428e-04 1.8956e-01 0.0000e+00
873 0.0000e+00 0.0000e+00 1.0394e-04 0.0000e+00 1.0394e-04 1.8966e-01 0.0000e+00
874 0.0000e+00 0.0000e+00 1.0360e-04 0.0000e+00 1.0360e-04 1.8977e-01 0.0000e+00
875 0.0000e+00 0.0000e+00 1.0327e-04 0.0000e+00 1.0327e-04 1.8987e-01 0.0000e+00
876 0.0000e+00 0.0000e+00 1.0294e-04 0.0000e+00 1.0294e-04 1.8997e-01 0.0000e+00
877 0.0000e+00 0.0000e+00 1.0260e-04 0.0000e+00 1.0260e-04 1.9008e-01 0.0000e+00
878 0.0000e+00 0.0000e+00 1.0228e-04 0.0000e+00 1.0228e-04 1.9018e-01 0.0000e+00
879 0.0000e+00 0.0000e+00 1.0195e-04 0.0000e+00 1.0195e-04 1.9028e-01 0.0000e+00
880 0.0000e+00 0.0000e+00 1.0163e-04 0.0000e+00 1.0163e-04 1.9038e-01 0.0000e+00
881 0.0000e+00 0.0000e+00 1.0130e-04 0.0000e+00 1.0130e-04 1.9048e-01 0.0000e+00
882 0.0000e+00 0.0000e+00 1.0098e-04 0.0000e+00 1.0098e-04 1.9059e-01 0.0000e+00
883 0.0000e+00 0.0000e+00 1.0067e-04 0.0000e+00 1.0067e-04 1.9069e-01 0.0000e+00
884 0.0000e+00 0.0000e+00 1.0035e-04 0.0000e+00 1.0035e-04 1.9079e-01 0.0000e+00
885 0.0000e+00 6.4300e-05 1.0003e-04 0.0000e+00 1.0003e-04 1.9089e-01 0.0000e+00
886 0.0000e+00 1.2410e-04 9.9723e-05 0.0000e+00 9.9723e-05 1.9099e-01 0.0000e+00
887 0.0000e+00 1.7560e-04 9.9412e-05 0.0000e+00 9.9412e-05 1.9109e-01 0.0000e+00
888 0.0000e+00 2.1500e-04 9.9104e-05 0.0000e+00 9.9104e-05 1.9118e-01 0.0000e+00
889 0.0000e+00 2.3790e-04 9.8797e-05 0.0000e+00 9.8797e-05 1.9128e-01 0.0000e+00
890 0.0000e+00 2.4840e-04 9.8493e-05 0.0000e+00 9.8493e-05 1.9138e-01 0.0000e+00
891 0.0000e+00 2.3790e-04 9.8190e-05 0.0000e+00 9.8190e-05 1.9148e-01 0.0000e+00
892 0.0000e+00 2.1500e-04 9.7889e-05 0.0000e+00 9.7889e-05 1.9158e-01 0.0000e+00
893 0.0000e+00 1.7560e-04 9.7590e-05 0.0000e+00 9.7590e-05 1.9168e-01 0.0000e+00
894 0.0000e+00 1.2410e-04 9.7293e-05 0.0000e+00 9.7293e-05 1.9177e-01 0.0000e+00
895 0.0000e+00 6.0100e-05 9.6998e-05 0.0000e+00 9.6998e-05 1.9187e-01 0.0000e+00
896 0.0000e+00 0.0000e+00 9.6704e-05 0.0000e+00 9.6704e-05 1.9197e-01 0.0000e+00
897 0.0000e+00 0.0000e+00 9.6413e-05 0.0000e+00 9.6413e-05 1.9206e-01 0.0000e+00
898 0.0000e+00 0.0000e+00 9.6122e-05 0.0000e+00 9.6122e-05 1.9216e-01 0.0000e+00
899 0.0000e+00 0.0000e+00 9.5834e-05 0.0000e+00 9.5834e-05 1.9225e-01 0.0000e+00
900 0.0000e+00 0.0000e+00 9.5548e-05 0.0000e+00 9.5548e-05 1.9235e-01 0.0000e+00
901 0.0000e+00 0.0000e+00 9.5263e-05 0.0000e+00 9.5263e-05 1.9245e-01 0.0000e+00
902 0.0000e+00 0.0000e+00 9.4980e-05 0.0000e+00 9.4980e-05 1.9254e-01 0.0000e+00
903 0.0000e+00 0.0000e+00 9.4698e-05 0.0000e+00 9.4698e-05 1.9264e-01 0.0000e+00
904 0.0000e+00 0.0000e+00 9.4418e-05 0.0000e+00 9.4418e-05 1.9273e-01 0.0000e+00
905 0.0000e+00 0.0000e+00 9.4140e-05 0.0000e+00 9.4140e-05 1.9282e-01 0.0000e+00
906 0.0000e+00 0.0000e+00 9.3864e-05 0.0000e+00 9.3864e-05 1.9292e-01 0.0000e+00
907 0.0000e+00 0.0000e+00 9.3589e-05 0.0000e+00 9.3589e-05 1.9301e-01 0.0000e+00
908 0.0000e+00 0.0000e+00 9.3315e-05 0.0000e+00 9.3315e-05 1.9310e-01 0.0000e+00
909 0.0000e+00 8.0200e-05 9.3044e-05 0.0000e+00 9.3044e-05 1.9320e-01 0.0000e+00
910 0.0000e+00 1.5480e-04 9.2773e-05 0.0000e+00 9.2773e-05 1.9329e-01 0.0000e+00
911 0.0000e+00 2.1910e-04 9.2505e-05 0.0000e+00 9.2505e-05 1.9338e-01 0.0000e+00
912 0.0000e+00 2.6830e-04 9.2238e-05 0.0000e+00 9.2238e-05 1.9348e-01 0.0000e+00
913 0.0000e+00 2.9680e-04 9.1972e-05 0.0000e+00 9.1972e-05 1.9357e-01 0.0000e+00
914 0.0000e+00 3.0990e-04 9.1708e-05 0.0000e+00 9.1708e-05 1.9366e-01 0.0000e+00
915 0.0000e+00 2.9680e-04 9.1446e-05 0.0000e+00 9.1446e-05 1.9375e-01 0.0000e+00
916 0.0000e+00 2.6830e-04 9.1185e-05 0.0000e+00 9.1185e-05 1.9384e-01 0.0000e+00
917 0.0000e+00 2.1910e-04 9.0926e-05 0.0000e+00 9.0926e-05 1.9393e-01 0.0000e+00
918 0.0000e+00 1.5480e-04 9.0668e-05 0.0000e+00 9.0668e-05 1.9402e-01 0.0000e+00
919 0.0000e+00 7.5000e-05 9.0411e-05 0.0000e+00 9.0411e-05 1.9411e-01 0.0000e+00
920 0.0000e+00 0.0000e+00 9.0156e-05 0.0000e+00 9.0156e-05 1.9420e-01 0.0000e+00
921 0.0000e+00 0.0000e+00 8.9902e-05 0.0000e+00 8.9902e-05 1.9429e-01 0.0000e+00
922 0.0000e+00 0.0000e+00 8.9650e-05 0.0000e+00 8.9650e-05 1.9438e-01 0.0000e+00
923 0.0000e+00 0.0000e+00 8.9399e-05 0.0000e+00 8.9399e-05 1.9447e-01 0.0000e+00
924 0.0000e+00 0.0000e+00 8.9150e-05 0.0000e+00 8.9150e-05 1.9456e-01 0.0000e+00
925 0.0000e+00 0.0000e+00 8.8902e-05 0.0000e+00 8.8902e-05 1.9465e-01 0.0000e+00
926 0.0000e+00 0.0000e+00 8.8655e-05 0.0000e+00 8.8655e-05 1.9474e-01 0.0000e+00
927 0.0000e+00 0.0000e+00 8.8410e-05 0.0000e+00 8.8410e-05 1.9483e-01 0.0000e+00
928 0.0000e+00 0.0000e+00 8.8166e-05 0.0000e+00 8.8166e-05 1.9492e-01 0.0000e+00
929 0.0000e+00 0.0000e+00 8.7923e-05 0.0000e+00 8.7923e-05 1.9500e-01 0.0000e+00
930 0.0000e+00 0.0000e+00 8.7682e-05 0.0000e+00 8.7682e-05 1.9509e-01 0.0000e+00
931 0.0000e+00 0.0000e+00 8.7442e-05 0.0000e+00 8.7442e-05 1.9518e-01 0.0000e+00
932 0.0000e+00 0.0000e+00 8.7204e-05 0.0000e+00 8.7204e-05 1.9527e-01 0.0000e+00
933 0.0000e+00 9.6000e-05 8.6966e-05 0.0000e+00 8.6966e-05 1.9535e-01 0.0000e+00
934 0.0000e+00 1.8520e-04 8.6730e-05 0.0000e+00 8.6730e-05 1.9544e-01 0.0000e+00
935 0.0000e+00 2.6210e-04 8.6496e-05 0.0000e+00 8.6496e-05 1.9553e-01 0.0000e+00
936 0.0000e+00 3.2090e-04 8.6262e-05 0.0000e+00 8.6262e-05 1.9561e-01 0.0000e+00
937 0.0000e+00 3.5500e-04 8.6030e-05 0.0000e+00 8.6030e-05 1.9570e-01 0.0000e+00
938 0.0000e+00 3.7070e-04 8.5799e-05 0.0000e+00 8.5799e-05 1.9578e-01 0.0000e+00
939 0.0000e+00 3.5500e-04 8.5569e-05 0.0000e+00 8.5569e-05 1.9587e-01 0.0000e+00
940 0.0000e+00 3.2090e-04 8.5341e-05 0.0000e+00 8.5341e-05 1.9596e-01 0.0000e+00
941 0.0000e+00 2.6210e-04 8.5113e-05 0.0000e+00 8.5113e-05 1.9604e-01 0.0000e+00
942 0.0000e+00 1.8520e-04 8.4887e-05 0.0000e+00 8.4887e-05 1.9613e-01 0.0000e+00
943 0.0000e+00 8.9700e-05 8.4662e-05 0.0000e+00 8.4662e-05 1.9621e-01 0.0000e+00
944 0.0000e+00 0.0000e+00 8.4439e-05 0.0000e+00 8.4439e-05 1.9629e-01 0.0000e+00
945 0.0000e+00 0.0000e+00 8.4216e-05 0.0000e+00 8.4216e-05 1.9638e-01 0.0000e+00
946 0.0000e+00 0.0000e+00 8.3995e-05 0.0000e+00 8.3995e-05 1.9646e-01 0.0000e+00
947 0.0000e+00 0.0000e+00 8.3775e-05 0.0000e+00 8.3775e-05 1.9655e-01 0.0000e+00
948 0.0000e+00 0.0000e+00 8.3556e-05 0.0000e+00 8.3556e-05 1.9663e-01 0.0000e+00
949 0.0000e+00 0.0000e+00 8.3338e-05 0.0000e+00 8.3338e-05 1.9671e-01 0.0000e+00
950 0.0000e+00 0.0000e+00 8.3121e-05 0.0000e+00 8.3121e-05 1.9680e-01 0.0000e+00
Objective function values:
F1 1.765594e-06    NSE 0.69649   F2 3.098259e-02
Mean Obs Q 1.590065e-04   Variance Obs Q 6.123405e-09
    Error Variance 1.858520e-09

Water Balance for Subcatchment: Extracted study basin: Taegu Pyungkwang River

   SUMP       SUMAE      SUMQ       SUMRZ      SUMUZ      SBAR        BAL
1.890e-01  4.608e-02  1.272e-01  1.951e-02  0.000e+00  1.968e-01  3.547e-03
