Taegu Pyungkwang River Catchment: Calibration Data

Subcatchment : Extracted study basin: cat-13849

TL =     9.30
SUMAC =     1.00
SZQ =       0.01352
Subcatchment routing data:
Maximum Routing Delay       0.69444
Sum of Histogram ordinates:     1.0000
     1.00000 
Initial BAL             -0.19468
Initial SBAR             0.19268
Initial SR0              0.00200
it      p        ep       q(it)       quz      q       sbar       qof
1 0.0000e+00 6.1900e-05 3.2800e-05 0.0000e+00 3.2800e-05 1.9271e-01 0.0000e+00
2 0.0000e+00 6.4700e-05 3.2766e-05 0.0000e+00 3.2766e-05 1.9274e-01 0.0000e+00
3 1.0000e-03 6.1900e-05 3.2733e-05 0.0000e+00 3.2733e-05 1.9278e-01 0.0000e+00
4 1.0000e-03 5.6000e-05 3.2699e-05 0.0000e+00 3.2699e-05 1.9281e-01 0.0000e+00
5 1.0000e-03 4.5700e-05 4.8108e-05 9.5613e-05 3.2666e-05 1.9275e-01 1.5442e-05
6 5.0000e-04 3.2300e-05 4.1934e-05 1.2980e-04 3.2730e-05 1.9265e-01 9.2037e-06
7 5.0000e-04 1.5600e-05 4.2305e-05 1.6406e-04 3.2830e-05 1.9252e-01 9.4752e-06
8 0.0000e+00 0.0000e+00 3.2965e-05 1.3529e-04 3.2965e-05 1.9241e-01 0.0000e+00
9 5.0000e-04 0.0000e+00 4.2884e-05 1.7790e-04 3.3070e-05 1.9227e-01 9.8135e-06
10 5.0000e-04 0.0000e+00 4.3350e-05 2.1153e-04 3.3220e-05 1.9209e-01 1.0130e-05
11 0.0000e+00 0.0000e+00 3.3406e-05 1.7709e-04 3.3406e-05 1.9195e-01 0.0000e+00
12 0.0000e+00 0.0000e+00 3.3556e-05 1.5409e-04 3.3556e-05 1.9183e-01 0.0000e+00
13 1.0000e-03 0.0000e+00 5.3942e-05 2.6177e-04 3.3683e-05 1.9160e-01 2.0259e-05
14 5.0000e-04 0.0000e+00 4.4053e-05 2.7858e-04 3.3924e-05 1.9135e-01 1.0130e-05
15 5.0000e-04 0.0000e+00 4.4314e-05 2.9867e-04 3.4184e-05 1.9109e-01 1.0130e-05
16 1.0000e-03 0.0000e+00 5.7838e-05 3.7764e-04 3.4468e-05 1.9075e-01 2.3371e-05
17 0.0000e+00 0.0000e+00 3.4839e-05 3.1756e-04 3.4839e-05 1.9046e-01 0.0000e+00
18 0.0000e+00 0.0000e+00 3.5149e-05 2.7663e-04 3.5149e-05 1.9022e-01 0.0000e+00
19 0.0000e+00 0.0000e+00 3.5415e-05 2.4299e-04 3.5415e-05 1.9001e-01 0.0000e+00
20 0.0000e+00 0.0000e+00 3.5645e-05 2.1435e-04 3.5645e-05 1.8984e-01 0.0000e+00
21 0.0000e+00 1.8000e-05 3.5845e-05 1.8965e-04 3.5845e-05 1.8968e-01 0.0000e+00
22 0.0000e+00 3.4800e-05 3.6018e-05 1.6817e-04 3.6018e-05 1.8955e-01 0.0000e+00
23 0.0000e+00 4.9200e-05 3.6167e-05 1.4941e-04 3.6167e-05 1.8944e-01 0.0000e+00
24 3.0000e-03 6.0200e-05 1.2004e-04 4.8608e-04 3.6295e-05 1.8899e-01 8.3747e-05
25 2.0000e-03 6.6600e-05 9.2864e-05 6.3611e-04 3.6809e-05 1.8839e-01 5.6056e-05
26 5.5000e-03 6.9600e-05 1.9452e-04 1.2020e-03 3.7505e-05 1.8722e-01 1.5701e-04
27 6.0000e-03 6.6600e-05 2.1027e-04 1.7323e-03 3.8894e-05 1.8553e-01 1.7137e-04
28 1.0000e-03 6.0200e-05 6.7981e-05 1.5594e-03 4.1008e-05 1.8401e-01 2.6973e-05
29 2.5000e-03 4.9200e-05 1.1351e-04 1.6572e-03 4.3001e-05 1.8240e-01 7.0504e-05
30 0.0000e+00 3.4800e-05 4.5226e-05 1.4181e-03 4.5226e-05 1.8102e-01 0.0000e+00
31 0.0000e+00 1.6800e-05 4.7208e-05 1.2395e-03 4.7208e-05 1.7983e-01 0.0000e+00
32 1.0000e-03 0.0000e+00 7.4987e-05 1.2060e-03 4.9000e-05 1.7868e-01 2.5987e-05
33 5.0000e-04 0.0000e+00 6.5253e-05 1.1140e-03 5.0804e-05 1.7761e-01 1.4449e-05
34 0.0000e+00 0.0000e+00 5.2521e-05 9.7119e-04 5.2521e-05 1.7669e-01 0.0000e+00
35 0.0000e+00 0.0000e+00 5.4050e-05 8.5382e-04 5.4050e-05 1.7589e-01 0.0000e+00
36 0.0000e+00 0.0000e+00 5.5418e-05 7.5233e-04 5.5418e-05 1.7520e-01 0.0000e+00
37 0.0000e+00 0.0000e+00 5.6638e-05 6.6399e-04 5.6638e-05 1.7459e-01 0.0000e+00
38 0.0000e+00 0.0000e+00 5.7724e-05 5.8676e-04 5.7724e-05 1.7406e-01 0.0000e+00
39 0.0000e+00 0.0000e+00 5.8686e-05 5.1905e-04 5.8686e-05 1.7360e-01 0.0000e+00
40 0.0000e+00 0.0000e+00 5.9536e-05 4.5955e-04 5.9536e-05 1.7320e-01 0.0000e+00
41 0.0000e+00 0.0000e+00 6.0285e-05 4.0720e-04 6.0285e-05 1.7285e-01 0.0000e+00
42 0.0000e+00 0.0000e+00 6.0942e-05 3.6108e-04 6.0942e-05 1.7255e-01 0.0000e+00
43 0.0000e+00 0.0000e+00 6.1517e-05 3.2041e-04 6.1517e-05 1.7229e-01 0.0000e+00
44 0.0000e+00 0.0000e+00 6.2016e-05 2.8451e-04 6.2016e-05 1.7207e-01 0.0000e+00
45 0.0000e+00 3.3800e-05 6.2449e-05 2.5280e-04 6.2449e-05 1.7188e-01 0.0000e+00
46 1.0000e-03 6.5200e-05 9.0742e-05 3.6156e-04 6.2822e-05 1.7158e-01 2.7921e-05
47 0.0000e+00 9.2300e-05 6.3411e-05 3.0044e-04 6.3411e-05 1.7135e-01 0.0000e+00
48 5.0000e-04 1.1300e-04 7.3783e-05 3.1056e-04 6.3882e-05 1.7110e-01 9.9009e-06
49 0.0000e+00 1.2500e-04 6.4377e-05 2.6562e-04 6.4377e-05 1.7090e-01 0.0000e+00
50 1.0000e-03 1.3050e-04 8.6811e-05 3.4141e-04 6.4783e-05 1.7062e-01 2.2028e-05
51 2.5000e-03 1.2500e-04 1.3382e-04 6.2360e-04 6.5345e-05 1.7006e-01 6.8473e-05
52 3.0000e-03 1.1300e-04 1.4958e-04 9.0921e-04 6.6495e-05 1.6922e-01 8.3081e-05
53 2.5000e-03 9.2300e-05 1.3725e-04 1.0727e-03 6.8270e-05 1.6822e-01 6.8979e-05
54 3.0000e-03 6.5200e-05 1.6672e-04 1.2838e-03 7.0446e-05 1.6700e-01 9.6278e-05
55 2.5000e-03 3.1600e-05 1.6605e-04 1.3941e-03 7.3169e-05 1.6568e-01 9.2885e-05
56 2.0000e-03 0.0000e+00 1.5566e-04 1.4380e-03 7.6252e-05 1.6432e-01 7.9407e-05
57 1.0000e-03 0.0000e+00 1.1991e-04 1.3515e-03 7.9567e-05 1.6305e-01 4.0341e-05
58 1.0000e-03 0.0000e+00 1.2313e-04 1.2920e-03 8.2794e-05 1.6184e-01 4.0341e-05
59 0.0000e+00 0.0000e+00 8.5982e-05 1.0983e-03 8.5982e-05 1.6083e-01 0.0000e+00
60 5.0000e-04 0.0000e+00 1.0892e-04 1.0234e-03 8.8746e-05 1.5989e-01 2.0171e-05
61 5.0000e-04 0.0000e+00 1.1155e-04 9.5217e-04 9.1376e-05 1.5903e-01 2.0171e-05
62 0.0000e+00 0.0000e+00 9.3867e-05 8.1638e-04 9.3867e-05 1.5831e-01 0.0000e+00
63 0.0000e+00 0.0000e+00 9.6011e-05 7.0859e-04 9.6011e-05 1.5770e-01 0.0000e+00
64 0.0000e+00 0.0000e+00 9.7866e-05 6.1658e-04 9.7866e-05 1.5718e-01 0.0000e+00
65 0.0000e+00 0.0000e+00 9.9466e-05 5.3759e-04 9.9466e-05 1.5674e-01 0.0000e+00
66 0.0000e+00 0.0000e+00 1.0084e-04 4.6949e-04 1.0084e-04 1.5637e-01 0.0000e+00
67 0.0000e+00 0.0000e+00 1.0201e-04 4.1059e-04 1.0201e-04 1.5606e-01 0.0000e+00
68 0.0000e+00 0.0000e+00 1.0299e-04 3.5953e-04 1.0299e-04 1.5580e-01 0.0000e+00
69 0.0000e+00 4.1400e-05 1.0382e-04 3.1517e-04 1.0382e-04 1.5559e-01 0.0000e+00
70 0.0000e+00 7.9800e-05 1.0451e-04 2.7656e-04 1.0451e-04 1.5542e-01 0.0000e+00
71 0.0000e+00 1.1290e-04 1.0507e-04 2.4293e-04 1.0507e-04 1.5528e-01 0.0000e+00
72 0.0000e+00 1.3830e-04 1.0553e-04 2.1359e-04 1.0553e-04 1.5518e-01 0.0000e+00
73 0.0000e+00 1.5300e-04 1.0588e-04 1.8796e-04 1.0588e-04 1.5509e-01 0.0000e+00
74 0.0000e+00 1.5980e-04 1.0616e-04 1.6555e-04 1.0616e-04 1.5503e-01 0.0000e+00
75 0.0000e+00 1.5300e-04 1.0635e-04 1.4594e-04 1.0635e-04 1.5499e-01 0.0000e+00
76 0.0000e+00 1.3830e-04 1.0649e-04 1.2876e-04 1.0649e-04 1.5497e-01 0.0000e+00
77 0.0000e+00 1.1290e-04 1.0656e-04 1.1369e-04 1.0656e-04 1.5497e-01 0.0000e+00
78 0.0000e+00 7.9800e-05 1.0658e-04 1.0046e-04 1.0658e-04 1.5497e-01 0.0000e+00
79 0.0000e+00 3.8700e-05 1.0656e-04 8.8842e-05 1.0656e-04 1.5499e-01 0.0000e+00
80 0.0000e+00 0.0000e+00 1.0650e-04 7.8623e-05 1.0650e-04 1.5502e-01 0.0000e+00
81 0.0000e+00 0.0000e+00 1.0641e-04 6.9630e-05 1.0641e-04 1.5505e-01 0.0000e+00
82 0.0000e+00 0.0000e+00 1.0629e-04 6.1708e-05 1.0629e-04 1.5510e-01 0.0000e+00
83 0.0000e+00 0.0000e+00 1.0614e-04 5.4725e-05 1.0614e-04 1.5515e-01 0.0000e+00
84 0.0000e+00 0.0000e+00 1.0597e-04 4.8565e-05 1.0597e-04 1.5521e-01 0.0000e+00
85 0.0000e+00 0.0000e+00 1.0578e-04 4.3126e-05 1.0578e-04 1.5527e-01 0.0000e+00
86 0.0000e+00 0.0000e+00 1.0557e-04 3.8320e-05 1.0557e-04 1.5534e-01 0.0000e+00
87 0.0000e+00 0.0000e+00 1.0535e-04 3.4070e-05 1.0535e-04 1.5541e-01 0.0000e+00
88 0.0000e+00 0.0000e+00 1.0512e-04 3.0311e-05 1.0512e-04 1.5548e-01 0.0000e+00
89 0.0000e+00 0.0000e+00 1.0487e-04 2.6982e-05 1.0487e-04 1.5556e-01 0.0000e+00
90 0.0000e+00 0.0000e+00 1.0462e-04 2.4032e-05 1.0462e-04 1.5564e-01 0.0000e+00
91 0.0000e+00 0.0000e+00 1.0435e-04 2.1417e-05 1.0435e-04 1.5572e-01 0.0000e+00
92 0.0000e+00 0.0000e+00 1.0408e-04 1.9097e-05 1.0408e-04 1.5581e-01 0.0000e+00
93 0.0000e+00 1.9100e-05 1.0381e-04 1.7038e-05 1.0381e-04 1.5590e-01 0.0000e+00
94 0.0000e+00 3.6800e-05 1.0353e-04 1.5208e-05 1.0353e-04 1.5598e-01 0.0000e+00
95 0.0000e+00 5.2100e-05 1.0324e-04 1.3582e-05 1.0324e-04 1.5607e-01 0.0000e+00
96 0.0000e+00 6.3800e-05 1.0295e-04 1.2136e-05 1.0295e-04 1.5616e-01 0.0000e+00
97 5.0000e-04 7.0600e-05 1.0266e-04 1.0849e-05 1.0266e-04 1.5626e-01 0.0000e+00
98 5.0000e-04 7.3700e-05 1.0237e-04 9.7030e-06 1.0237e-04 1.5635e-01 0.0000e+00
99 0.0000e+00 7.0600e-05 1.0207e-04 8.6823e-06 1.0207e-04 1.5644e-01 0.0000e+00
100 0.0000e+00 6.3800e-05 1.0177e-04 7.7725e-06 1.0177e-04 1.5654e-01 0.0000e+00
101 0.0000e+00 5.2100e-05 1.0147e-04 6.9601e-06 1.0147e-04 1.5663e-01 0.0000e+00
102 0.0000e+00 3.6800e-05 1.0118e-04 6.2365e-06 1.0118e-04 1.5673e-01 0.0000e+00
103 0.0000e+00 1.7800e-05 1.0088e-04 5.5905e-06 1.0088e-04 1.5682e-01 0.0000e+00
104 0.0000e+00 0.0000e+00 1.0058e-04 5.0135e-06 1.0058e-04 1.5692e-01 0.0000e+00
105 0.0000e+00 0.0000e+00 1.0028e-04 4.4979e-06 1.0028e-04 1.5701e-01 0.0000e+00
106 0.0000e+00 0.0000e+00 9.9976e-05 4.0370e-06 9.9976e-05 1.5711e-01 0.0000e+00
107 0.0000e+00 0.0000e+00 9.9677e-05 3.6248e-06 9.9677e-05 1.5720e-01 0.0000e+00
108 0.0000e+00 0.0000e+00 9.9378e-05 3.2559e-06 9.9378e-05 1.5730e-01 0.0000e+00
109 0.0000e+00 0.0000e+00 9.9080e-05 2.9257e-06 9.9080e-05 1.5740e-01 0.0000e+00
110 0.0000e+00 0.0000e+00 9.8783e-05 2.6299e-06 9.8783e-05 1.5749e-01 0.0000e+00
111 5.0000e-04 0.0000e+00 9.8487e-05 2.3650e-06 9.8487e-05 1.5759e-01 0.0000e+00
112 0.0000e+00 0.0000e+00 9.8191e-05 2.1275e-06 9.8191e-05 1.5769e-01 0.0000e+00
113 0.0000e+00 0.0000e+00 9.7897e-05 1.9145e-06 9.7897e-05 1.5778e-01 0.0000e+00
114 0.0000e+00 0.0000e+00 9.7604e-05 1.7235e-06 9.7604e-05 1.5788e-01 0.0000e+00
115 0.0000e+00 0.0000e+00 9.7312e-05 1.5520e-06 9.7312e-05 1.5797e-01 0.0000e+00
116 0.0000e+00 0.0000e+00 9.7021e-05 1.3967e-06 9.7021e-05 1.5807e-01 0.0000e+00
117 0.0000e+00 1.0200e-05 9.6731e-05 1.2587e-06 9.6731e-05 1.5816e-01 0.0000e+00
118 0.0000e+00 1.9800e-05 9.6443e-05 1.1348e-06 9.6443e-05 1.5826e-01 0.0000e+00
119 0.0000e+00 2.8000e-05 9.6156e-05 1.0233e-06 9.6156e-05 1.5835e-01 0.0000e+00
120 0.0000e+00 3.4200e-05 9.5871e-05 9.2310e-07 9.5871e-05 1.5845e-01 0.0000e+00
121 0.0000e+00 3.7900e-05 9.5587e-05 8.3296e-07 9.5587e-05 1.5854e-01 0.0000e+00
122 0.0000e+00 3.9500e-05 9.5304e-05 7.5184e-07 9.5304e-05 1.5864e-01 0.0000e+00
123 0.0000e+00 3.7900e-05 9.5023e-05 6.7883e-07 9.5023e-05 1.5873e-01 0.0000e+00
124 0.0000e+00 3.4200e-05 9.4743e-05 6.1309e-07 9.4743e-05 1.5883e-01 0.0000e+00
125 0.0000e+00 2.8000e-05 9.4465e-05 5.5388e-07 9.4465e-05 1.5892e-01 0.0000e+00
126 0.0000e+00 1.9800e-05 9.4188e-05 5.0053e-07 9.4188e-05 1.5902e-01 0.0000e+00
127 0.0000e+00 9.6000e-06 9.3913e-05 4.5244e-07 9.3913e-05 1.5911e-01 0.0000e+00
128 0.0000e+00 0.0000e+00 9.3639e-05 4.0909e-07 9.3639e-05 1.5920e-01 0.0000e+00
129 0.0000e+00 0.0000e+00 9.3367e-05 3.7000e-07 9.3367e-05 1.5929e-01 0.0000e+00
130 0.0000e+00 0.0000e+00 9.3096e-05 3.3473e-07 9.3096e-05 1.5939e-01 0.0000e+00
131 0.0000e+00 0.0000e+00 9.2826e-05 3.0106e-07 9.2826e-05 1.5948e-01 0.0000e+00
132 0.0000e+00 0.0000e+00 9.2558e-05 2.7261e-07 9.2558e-05 1.5957e-01 0.0000e+00
133 0.0000e+00 0.0000e+00 9.2292e-05 2.4690e-07 9.2292e-05 1.5966e-01 0.0000e+00
134 0.0000e+00 0.0000e+00 9.2027e-05 2.2367e-07 9.2027e-05 1.5976e-01 0.0000e+00
135 0.0000e+00 0.0000e+00 9.1763e-05 2.0268e-07 9.1763e-05 1.5985e-01 0.0000e+00
136 0.0000e+00 0.0000e+00 9.1501e-05 1.8370e-07 9.1501e-05 1.5994e-01 0.0000e+00
137 0.0000e+00 0.0000e+00 9.1240e-05 1.6653e-07 9.1240e-05 1.6003e-01 0.0000e+00
138 0.0000e+00 0.0000e+00 9.0981e-05 1.5100e-07 9.0981e-05 1.6012e-01 0.0000e+00
139 0.0000e+00 0.0000e+00 9.0723e-05 1.3696e-07 9.0723e-05 1.6021e-01 0.0000e+00
140 0.0000e+00 0.0000e+00 9.0466e-05 1.2424e-07 9.0466e-05 1.6030e-01 0.0000e+00
141 5.0000e-04 4.1400e-05 9.0211e-05 1.1274e-07 9.0211e-05 1.6039e-01 0.0000e+00
142 0.0000e+00 7.9900e-05 8.9958e-05 1.0232e-07 8.9958e-05 1.6048e-01 0.0000e+00
143 0.0000e+00 1.1300e-04 8.9705e-05 9.2881e-08 8.9705e-05 1.6057e-01 0.0000e+00
144 0.0000e+00 1.3840e-04 8.9455e-05 8.4334e-08 8.9455e-05 1.6066e-01 0.0000e+00
145 0.0000e+00 1.5310e-04 8.9205e-05 7.6589e-08 8.9205e-05 1.6075e-01 0.0000e+00
146 0.0000e+00 1.5990e-04 8.8957e-05 6.7449e-08 8.8957e-05 1.6084e-01 0.0000e+00
147 0.0000e+00 1.5310e-04 8.8710e-05 6.1351e-08 8.8710e-05 1.6093e-01 0.0000e+00
148 0.0000e+00 1.3840e-04 8.8465e-05 5.5814e-08 8.8465e-05 1.6102e-01 0.0000e+00
149 0.0000e+00 1.1300e-04 8.8221e-05 5.0785e-08 8.8221e-05 1.6110e-01 0.0000e+00
150 0.0000e+00 7.9900e-05 8.7978e-05 4.6217e-08 8.7978e-05 1.6119e-01 0.0000e+00
151 0.0000e+00 3.8700e-05 8.7737e-05 4.2067e-08 8.7737e-05 1.6128e-01 0.0000e+00
152 0.0000e+00 0.0000e+00 8.7496e-05 3.8296e-08 8.7496e-05 1.6137e-01 0.0000e+00
153 0.0000e+00 0.0000e+00 8.7258e-05 3.4868e-08 8.7258e-05 1.6145e-01 0.0000e+00
154 0.0000e+00 0.0000e+00 8.7020e-05 3.1753e-08 8.7020e-05 1.6154e-01 0.0000e+00
155 0.0000e+00 0.0000e+00 8.6784e-05 2.8921e-08 8.6784e-05 1.6163e-01 0.0000e+00
156 0.0000e+00 0.0000e+00 8.6549e-05 2.6346e-08 8.6549e-05 1.6171e-01 0.0000e+00
157 0.0000e+00 0.0000e+00 8.6315e-05 2.4004e-08 8.6315e-05 1.6180e-01 0.0000e+00
158 0.0000e+00 0.0000e+00 8.6083e-05 2.1873e-08 8.6083e-05 1.6189e-01 0.0000e+00
159 0.0000e+00 0.0000e+00 8.5852e-05 1.9935e-08 8.5852e-05 1.6197e-01 0.0000e+00
160 0.0000e+00 0.0000e+00 8.5622e-05 1.8172e-08 8.5622e-05 1.6206e-01 0.0000e+00
161 0.0000e+00 0.0000e+00 8.5393e-05 1.4759e-08 8.5393e-05 1.6214e-01 0.0000e+00
162 0.0000e+00 0.0000e+00 8.5165e-05 1.3492e-08 8.5165e-05 1.6223e-01 0.0000e+00
163 0.0000e+00 0.0000e+00 8.4939e-05 1.2336e-08 8.4939e-05 1.6231e-01 0.0000e+00
164 0.0000e+00 0.0000e+00 8.4714e-05 1.1280e-08 8.4714e-05 1.6240e-01 0.0000e+00
165 0.0000e+00 1.7800e-05 8.4490e-05 1.0316e-08 8.4490e-05 1.6248e-01 0.0000e+00
166 0.0000e+00 3.4400e-05 8.4267e-05 9.4346e-09 8.4267e-05 1.6257e-01 0.0000e+00
167 0.0000e+00 4.8600e-05 8.4046e-05 8.6297e-09 8.4046e-05 1.6265e-01 0.0000e+00
168 0.0000e+00 5.9500e-05 8.3825e-05 7.8943e-09 8.3825e-05 1.6274e-01 0.0000e+00
169 0.0000e+00 6.5900e-05 8.3606e-05 7.2223e-09 8.3606e-05 1.6282e-01 0.0000e+00
170 0.0000e+00 6.8800e-05 8.3388e-05 6.6083e-09 8.3388e-05 1.6290e-01 0.0000e+00
171 0.0000e+00 6.5900e-05 8.3171e-05 6.0470e-09 8.3171e-05 1.6299e-01 0.0000e+00
172 0.0000e+00 5.9500e-05 8.2955e-05 5.5340e-09 8.2955e-05 1.6307e-01 0.0000e+00
173 0.0000e+00 4.8600e-05 8.2740e-05 5.0651e-09 8.2740e-05 1.6315e-01 0.0000e+00
174 0.0000e+00 3.4400e-05 8.2527e-05 4.6364e-09 8.2527e-05 1.6323e-01 0.0000e+00
175 0.0000e+00 1.6600e-05 8.2314e-05 4.2444e-09 8.2314e-05 1.6332e-01 0.0000e+00
176 0.0000e+00 0.0000e+00 8.2103e-05 2.8576e-09 8.2103e-05 1.6340e-01 0.0000e+00
177 0.0000e+00 0.0000e+00 8.1892e-05 2.6272e-09 8.1892e-05 1.6348e-01 0.0000e+00
178 0.0000e+00 0.0000e+00 8.1683e-05 2.4156e-09 8.1683e-05 1.6356e-01 0.0000e+00
179 0.0000e+00 0.0000e+00 8.1475e-05 2.2212e-09 8.1475e-05 1.6364e-01 0.0000e+00
180 0.0000e+00 0.0000e+00 8.1267e-05 2.0425e-09 8.1267e-05 1.6372e-01 0.0000e+00
181 0.0000e+00 0.0000e+00 8.1061e-05 1.8783e-09 8.1061e-05 1.6381e-01 0.0000e+00
182 0.0000e+00 0.0000e+00 8.0856e-05 1.7275e-09 8.0856e-05 1.6389e-01 0.0000e+00
183 0.0000e+00 0.0000e+00 8.0652e-05 1.5888e-09 8.0652e-05 1.6397e-01 0.0000e+00
184 0.0000e+00 0.0000e+00 8.0449e-05 1.4614e-09 8.0449e-05 1.6405e-01 0.0000e+00
185 0.0000e+00 0.0000e+00 8.0247e-05 1.3442e-09 8.0247e-05 1.6413e-01 0.0000e+00
186 0.0000e+00 0.0000e+00 8.0046e-05 1.2365e-09 8.0046e-05 1.6421e-01 0.0000e+00
187 0.0000e+00 0.0000e+00 7.9846e-05 1.1376e-09 7.9846e-05 1.6429e-01 0.0000e+00
188 0.0000e+00 0.0000e+00 7.9647e-05 1.0466e-09 7.9647e-05 1.6437e-01 0.0000e+00
189 0.0000e+00 4.5600e-05 7.9449e-05 9.6291e-10 7.9449e-05 1.6445e-01 0.0000e+00
190 5.0000e-04 8.7900e-05 7.9252e-05 8.8600e-10 7.9252e-05 1.6453e-01 0.0000e+00
191 0.0000e+00 1.2440e-04 7.9056e-05 4.2521e-10 7.9056e-05 1.6460e-01 0.0000e+00
192 0.0000e+00 1.5230e-04 7.8861e-05 3.9323e-10 7.8861e-05 1.6468e-01 0.0000e+00
193 0.0000e+00 1.6850e-04 7.8667e-05 3.6367e-10 7.8667e-05 1.6476e-01 0.0000e+00
194 0.0000e+00 1.7590e-04 7.8474e-05 3.3634e-10 7.8474e-05 1.6484e-01 0.0000e+00
195 0.0000e+00 1.6850e-04 7.8282e-05 3.1108e-10 7.8282e-05 1.6492e-01 0.0000e+00
196 0.0000e+00 1.5230e-04 7.8090e-05 2.8772e-10 7.8090e-05 1.6500e-01 0.0000e+00
197 0.0000e+00 1.2440e-04 7.7900e-05 2.6613e-10 7.7900e-05 1.6508e-01 0.0000e+00
198 0.0000e+00 8.7900e-05 7.7711e-05 2.4616e-10 7.7711e-05 1.6515e-01 0.0000e+00
199 0.0000e+00 4.2600e-05 7.7522e-05 2.2770e-10 7.7522e-05 1.6523e-01 0.0000e+00
200 0.0000e+00 0.0000e+00 7.7335e-05 2.1064e-10 7.7335e-05 1.6531e-01 0.0000e+00
201 0.0000e+00 0.0000e+00 7.7148e-05 1.9486e-10 7.7148e-05 1.6538e-01 0.0000e+00
202 0.0000e+00 0.0000e+00 7.6962e-05 1.8026e-10 7.6962e-05 1.6546e-01 0.0000e+00
203 0.0000e+00 0.0000e+00 7.6777e-05 1.6677e-10 7.6777e-05 1.6554e-01 0.0000e+00
204 0.0000e+00 0.0000e+00 7.6593e-05 1.5429e-10 7.6593e-05 1.6562e-01 0.0000e+00
205 0.0000e+00 0.0000e+00 7.6410e-05 1.4275e-10 7.6410e-05 1.6569e-01 0.0000e+00
206 0.0000e+00 0.0000e+00 7.6228e-05 3.8966e-11 7.6228e-05 1.6577e-01 0.0000e+00
207 0.0000e+00 0.0000e+00 7.6047e-05 3.6230e-11 7.6047e-05 1.6584e-01 0.0000e+00
208 0.0000e+00 0.0000e+00 7.5866e-05 3.3687e-11 7.5866e-05 1.6592e-01 0.0000e+00
209 0.0000e+00 0.0000e+00 7.5686e-05 3.1322e-11 7.5686e-05 1.6600e-01 0.0000e+00
210 0.0000e+00 0.0000e+00 7.5508e-05 2.9125e-11 7.5508e-05 1.6607e-01 0.0000e+00
211 0.0000e+00 0.0000e+00 7.5330e-05 2.7082e-11 7.5330e-05 1.6615e-01 0.0000e+00
212 0.0000e+00 0.0000e+00 7.5153e-05 2.5183e-11 7.5153e-05 1.6622e-01 0.0000e+00
213 0.0000e+00 4.9000e-05 7.4976e-05 2.3417e-11 7.4976e-05 1.6630e-01 0.0000e+00
214 0.0000e+00 9.4600e-05 7.4801e-05 2.1776e-11 7.4801e-05 1.6637e-01 0.0000e+00
215 0.0000e+00 1.3380e-04 7.4626e-05 2.0250e-11 7.4626e-05 1.6645e-01 0.0000e+00
216 0.0000e+00 1.6380e-04 7.4452e-05 1.8832e-11 7.4452e-05 1.6652e-01 0.0000e+00
217 0.0000e+00 1.8130e-04 7.4279e-05 1.7513e-11 7.4279e-05 1.6659e-01 0.0000e+00
218 0.0000e+00 1.8920e-04 7.4107e-05 1.6287e-11 7.4107e-05 1.6667e-01 0.0000e+00
219 0.0000e+00 1.8130e-04 7.3936e-05 1.5147e-11 7.3936e-05 1.6674e-01 0.0000e+00
220 0.0000e+00 1.6380e-04 7.3765e-05 1.4087e-11 7.3765e-05 1.6682e-01 0.0000e+00
221 0.0000e+00 1.3380e-04 7.3595e-05 1.3101e-11 7.3595e-05 1.6689e-01 0.0000e+00
222 0.0000e+00 9.4600e-05 7.3426e-05 0.0000e+00 7.3426e-05 1.6696e-01 0.0000e+00
223 0.0000e+00 4.5800e-05 7.3258e-05 0.0000e+00 7.3258e-05 1.6704e-01 0.0000e+00
224 0.0000e+00 0.0000e+00 7.3090e-05 0.0000e+00 7.3090e-05 1.6711e-01 0.0000e+00
225 0.0000e+00 0.0000e+00 7.2924e-05 0.0000e+00 7.2924e-05 1.6718e-01 0.0000e+00
226 0.0000e+00 0.0000e+00 7.2758e-05 0.0000e+00 7.2758e-05 1.6726e-01 0.0000e+00
227 0.0000e+00 0.0000e+00 7.2592e-05 0.0000e+00 7.2592e-05 1.6733e-01 0.0000e+00
228 0.0000e+00 0.0000e+00 7.2428e-05 0.0000e+00 7.2428e-05 1.6740e-01 0.0000e+00
229 0.0000e+00 0.0000e+00 7.2264e-05 0.0000e+00 7.2264e-05 1.6747e-01 0.0000e+00
230 0.0000e+00 0.0000e+00 7.2101e-05 0.0000e+00 7.2101e-05 1.6754e-01 0.0000e+00
231 0.0000e+00 0.0000e+00 7.1939e-05 0.0000e+00 7.1939e-05 1.6762e-01 0.0000e+00
232 0.0000e+00 0.0000e+00 7.1777e-05 0.0000e+00 7.1777e-05 1.6769e-01 0.0000e+00
233 0.0000e+00 0.0000e+00 7.1616e-05 0.0000e+00 7.1616e-05 1.6776e-01 0.0000e+00
234 0.0000e+00 0.0000e+00 7.1456e-05 0.0000e+00 7.1456e-05 1.6783e-01 0.0000e+00
235 0.0000e+00 0.0000e+00 7.1297e-05 0.0000e+00 7.1297e-05 1.6790e-01 0.0000e+00
236 0.0000e+00 0.0000e+00 7.1138e-05 0.0000e+00 7.1138e-05 1.6797e-01 0.0000e+00
237 0.0000e+00 5.1700e-05 7.0980e-05 0.0000e+00 7.0980e-05 1.6804e-01 0.0000e+00
238 0.0000e+00 9.9800e-05 7.0823e-05 0.0000e+00 7.0823e-05 1.6812e-01 0.0000e+00
239 0.0000e+00 1.4120e-04 7.0667e-05 0.0000e+00 7.0667e-05 1.6819e-01 0.0000e+00
240 0.0000e+00 1.7290e-04 7.0511e-05 0.0000e+00 7.0511e-05 1.6826e-01 0.0000e+00
241 5.0000e-04 1.9130e-04 7.0355e-05 0.0000e+00 7.0355e-05 1.6833e-01 0.0000e+00
242 1.0000e-03 1.9970e-04 7.0201e-05 0.0000e+00 7.0201e-05 1.6840e-01 0.0000e+00
243 0.0000e+00 1.9130e-04 7.0047e-05 0.0000e+00 7.0047e-05 1.6847e-01 0.0000e+00
244 0.0000e+00 1.7290e-04 6.9894e-05 0.0000e+00 6.9894e-05 1.6854e-01 0.0000e+00
245 0.0000e+00 1.4120e-04 6.9741e-05 0.0000e+00 6.9741e-05 1.6861e-01 0.0000e+00
246 0.0000e+00 9.9800e-05 6.9590e-05 0.0000e+00 6.9590e-05 1.6868e-01 0.0000e+00
247 0.0000e+00 4.8300e-05 6.9438e-05 0.0000e+00 6.9438e-05 1.6875e-01 0.0000e+00
248 0.0000e+00 0.0000e+00 6.9288e-05 0.0000e+00 6.9288e-05 1.6882e-01 0.0000e+00
249 0.0000e+00 0.0000e+00 6.9138e-05 0.0000e+00 6.9138e-05 1.6888e-01 0.0000e+00
250 0.0000e+00 0.0000e+00 6.8989e-05 0.0000e+00 6.8989e-05 1.6895e-01 0.0000e+00
251 0.0000e+00 0.0000e+00 6.8840e-05 0.0000e+00 6.8840e-05 1.6902e-01 0.0000e+00
252 0.0000e+00 0.0000e+00 6.8692e-05 0.0000e+00 6.8692e-05 1.6909e-01 0.0000e+00
253 1.0000e-03 0.0000e+00 6.8545e-05 0.0000e+00 6.8545e-05 1.6916e-01 0.0000e+00
254 0.0000e+00 0.0000e+00 6.8398e-05 0.0000e+00 6.8398e-05 1.6923e-01 0.0000e+00
255 0.0000e+00 0.0000e+00 6.8252e-05 0.0000e+00 6.8252e-05 1.6930e-01 0.0000e+00
256 0.0000e+00 0.0000e+00 6.8107e-05 0.0000e+00 6.8107e-05 1.6936e-01 0.0000e+00
257 0.0000e+00 0.0000e+00 6.7962e-05 0.0000e+00 6.7962e-05 1.6943e-01 0.0000e+00
258 0.0000e+00 0.0000e+00 6.7818e-05 0.0000e+00 6.7818e-05 1.6950e-01 0.0000e+00
259 0.0000e+00 0.0000e+00 6.7674e-05 0.0000e+00 6.7674e-05 1.6957e-01 0.0000e+00
260 0.0000e+00 0.0000e+00 6.7531e-05 0.0000e+00 6.7531e-05 1.6964e-01 0.0000e+00
261 0.0000e+00 7.5200e-05 6.7389e-05 0.0000e+00 6.7389e-05 1.6970e-01 0.0000e+00
262 1.0000e-03 1.4510e-04 6.7247e-05 0.0000e+00 6.7247e-05 1.6977e-01 0.0000e+00
263 0.0000e+00 2.0520e-04 6.7106e-05 0.0000e+00 6.7106e-05 1.6984e-01 0.0000e+00
264 0.0000e+00 2.5130e-04 6.6965e-05 0.0000e+00 6.6965e-05 1.6990e-01 0.0000e+00
265 0.0000e+00 2.7800e-04 6.6825e-05 0.0000e+00 6.6825e-05 1.6997e-01 0.0000e+00
266 0.0000e+00 2.9030e-04 6.6686e-05 0.0000e+00 6.6686e-05 1.7004e-01 0.0000e+00
267 0.0000e+00 2.7800e-04 6.6547e-05 0.0000e+00 6.6547e-05 1.7010e-01 0.0000e+00
268 0.0000e+00 2.5130e-04 6.6409e-05 0.0000e+00 6.6409e-05 1.7017e-01 0.0000e+00
269 0.0000e+00 2.0520e-04 6.6271e-05 0.0000e+00 6.6271e-05 1.7024e-01 0.0000e+00
270 0.0000e+00 1.4510e-04 6.6134e-05 0.0000e+00 6.6134e-05 1.7030e-01 0.0000e+00
271 0.0000e+00 7.0200e-05 6.5998e-05 0.0000e+00 6.5998e-05 1.7037e-01 0.0000e+00
272 0.0000e+00 0.0000e+00 6.5862e-05 0.0000e+00 6.5862e-05 1.7043e-01 0.0000e+00
273 0.0000e+00 0.0000e+00 6.5726e-05 0.0000e+00 6.5726e-05 1.7050e-01 0.0000e+00
274 0.0000e+00 0.0000e+00 6.5591e-05 0.0000e+00 6.5591e-05 1.7057e-01 0.0000e+00
275 0.0000e+00 0.0000e+00 6.5457e-05 0.0000e+00 6.5457e-05 1.7063e-01 0.0000e+00
276 0.0000e+00 0.0000e+00 6.5323e-05 0.0000e+00 6.5323e-05 1.7070e-01 0.0000e+00
277 0.0000e+00 0.0000e+00 6.5190e-05 0.0000e+00 6.5190e-05 1.7076e-01 0.0000e+00
278 0.0000e+00 0.0000e+00 6.5057e-05 0.0000e+00 6.5057e-05 1.7083e-01 0.0000e+00
279 0.0000e+00 0.0000e+00 6.4925e-05 0.0000e+00 6.4925e-05 1.7089e-01 0.0000e+00
280 0.0000e+00 0.0000e+00 6.4794e-05 0.0000e+00 6.4794e-05 1.7096e-01 0.0000e+00
281 0.0000e+00 0.0000e+00 6.4663e-05 0.0000e+00 6.4663e-05 1.7102e-01 0.0000e+00
282 0.0000e+00 0.0000e+00 6.4532e-05 0.0000e+00 6.4532e-05 1.7109e-01 0.0000e+00
283 1.0000e-03 0.0000e+00 6.4402e-05 0.0000e+00 6.4402e-05 1.7115e-01 0.0000e+00
284 5.0000e-04 0.0000e+00 6.4273e-05 0.0000e+00 6.4273e-05 1.7121e-01 0.0000e+00
285 2.5000e-03 2.4400e-05 6.8781e-05 2.2862e-05 6.4144e-05 1.7126e-01 4.6373e-06
286 6.0000e-03 4.7000e-05 2.4480e-04 8.5259e-04 6.4061e-05 1.7047e-01 1.8074e-04
287 4.0000e-03 6.6500e-05 1.7500e-04 1.2049e-03 6.5659e-05 1.6933e-01 1.0934e-04
288 1.5000e-03 8.1400e-05 1.0946e-04 1.1581e-03 6.8039e-05 1.6824e-01 4.1425e-05
289 0.0000e+00 9.0100e-05 7.0396e-05 9.5422e-04 7.0396e-05 1.6735e-01 0.0000e+00
290 0.0000e+00 9.4000e-05 7.2368e-05 8.1412e-04 7.2368e-05 1.6661e-01 0.0000e+00
291 5.0000e-04 9.0100e-05 8.3240e-05 7.3401e-04 7.4065e-05 1.6595e-01 9.1752e-06
292 0.0000e+00 8.1400e-05 7.5608e-05 6.3234e-04 7.5608e-05 1.6540e-01 0.0000e+00
293 0.0000e+00 6.6500e-05 7.6935e-05 5.4852e-04 7.6935e-05 1.6492e-01 0.0000e+00
294 1.5000e-03 4.7000e-05 1.2900e-04 6.5496e-04 7.8077e-05 1.6435e-01 5.0926e-05
295 1.0000e-03 2.2800e-05 1.1794e-04 6.8574e-04 7.9498e-05 1.6374e-01 3.8445e-05
296 0.0000e+00 0.0000e+00 8.1018e-05 5.7734e-04 8.1018e-05 1.6324e-01 0.0000e+00
297 0.0000e+00 0.0000e+00 8.2284e-05 4.9861e-04 8.2284e-05 1.6283e-01 0.0000e+00
298 0.0000e+00 0.0000e+00 8.3362e-05 4.3310e-04 8.3362e-05 1.6248e-01 0.0000e+00
299 0.0000e+00 0.0000e+00 8.4278e-05 3.7737e-04 8.4278e-05 1.6219e-01 0.0000e+00
300 0.0000e+00 0.0000e+00 8.5054e-05 3.2959e-04 8.5054e-05 1.6194e-01 0.0000e+00
301 0.0000e+00 0.0000e+00 8.5706e-05 2.8844e-04 8.5706e-05 1.6174e-01 0.0000e+00
302 0.0000e+00 0.0000e+00 8.6251e-05 2.5286e-04 8.6251e-05 1.6157e-01 0.0000e+00
303 0.0000e+00 0.0000e+00 8.6701e-05 2.2199e-04 8.6701e-05 1.6144e-01 0.0000e+00
304 0.0000e+00 0.0000e+00 8.7068e-05 1.9514e-04 8.7068e-05 1.6133e-01 0.0000e+00
305 0.0000e+00 0.0000e+00 8.7363e-05 1.7174e-04 8.7363e-05 1.6124e-01 0.0000e+00
306 0.0000e+00 0.0000e+00 8.7593e-05 1.5132e-04 8.7593e-05 1.6118e-01 0.0000e+00
307 0.0000e+00 0.0000e+00 8.7768e-05 1.3346e-04 8.7768e-05 1.6113e-01 0.0000e+00
308 0.0000e+00 0.0000e+00 8.7893e-05 1.1782e-04 8.7893e-05 1.6110e-01 0.0000e+00
309 0.0000e+00 2.8800e-05 8.7976e-05 1.0411e-04 8.7976e-05 1.6109e-01 0.0000e+00
310 5.0000e-04 5.5500e-05 1.0611e-04 1.5782e-04 8.8020e-05 1.6102e-01 1.8089e-05
311 0.0000e+00 7.8500e-05 8.8212e-05 1.2913e-04 8.8212e-05 1.6098e-01 0.0000e+00
312 0.0000e+00 9.6200e-05 8.8325e-05 1.1196e-04 8.8325e-05 1.6095e-01 0.0000e+00
313 0.0000e+00 1.0640e-04 8.8390e-05 9.7609e-05 8.8390e-05 1.6095e-01 0.0000e+00
314 0.0000e+00 1.1110e-04 8.8416e-05 8.5430e-05 8.8416e-05 1.6095e-01 0.0000e+00
315 0.0000e+00 1.0640e-04 8.8408e-05 7.4992e-05 8.8408e-05 1.6096e-01 0.0000e+00
316 0.0000e+00 9.6200e-05 8.8371e-05 6.5982e-05 8.8371e-05 1.6098e-01 0.0000e+00
317 5.0000e-04 7.8500e-05 8.8309e-05 5.8163e-05 8.8309e-05 1.6101e-01 0.0000e+00
318 1.0000e-03 5.5500e-05 1.1949e-04 1.6506e-04 8.8226e-05 1.6094e-01 3.1265e-05
319 5.0000e-04 2.6900e-05 1.0637e-04 1.9301e-04 8.8438e-05 1.6083e-01 1.7932e-05
320 0.0000e+00 0.0000e+00 8.8727e-05 1.5622e-04 8.8727e-05 1.6077e-01 0.0000e+00
321 0.0000e+00 0.0000e+00 8.8915e-05 1.3316e-04 8.8915e-05 1.6072e-01 0.0000e+00
322 1.0000e-03 0.0000e+00 1.2829e-04 2.5755e-04 8.9038e-05 1.6055e-01 3.9256e-05
323 1.0000e-03 0.0000e+00 1.2985e-04 3.4990e-04 8.9508e-05 1.6029e-01 4.0341e-05
324 0.0000e+00 0.0000e+00 9.0239e-05 2.7932e-04 9.0239e-05 1.6010e-01 0.0000e+00
325 0.0000e+00 0.0000e+00 9.0774e-05 2.3719e-04 9.0774e-05 1.5996e-01 0.0000e+00
326 0.0000e+00 0.0000e+00 9.1190e-05 2.0308e-04 9.1190e-05 1.5984e-01 0.0000e+00
327 0.0000e+00 0.0000e+00 9.1509e-05 1.7494e-04 9.1509e-05 1.5976e-01 0.0000e+00
328 0.0000e+00 0.0000e+00 9.1748e-05 1.5140e-04 9.1748e-05 1.5970e-01 0.0000e+00
329 0.0000e+00 0.0000e+00 9.1920e-05 1.3149e-04 9.1920e-05 1.5966e-01 0.0000e+00
330 0.0000e+00 0.0000e+00 9.2033e-05 1.1453e-04 9.2033e-05 1.5964e-01 0.0000e+00
331 0.0000e+00 0.0000e+00 9.2098e-05 9.9994e-05 9.2098e-05 1.5963e-01 0.0000e+00
332 0.0000e+00 0.0000e+00 9.2121e-05 8.7480e-05 9.2121e-05 1.5964e-01 0.0000e+00
333 0.0000e+00 1.1200e-05 9.2107e-05 7.6668e-05 9.2107e-05 1.5965e-01 0.0000e+00
334 0.0000e+00 2.1600e-05 9.2063e-05 6.7298e-05 9.2063e-05 1.5968e-01 0.0000e+00
335 0.0000e+00 3.0600e-05 9.1992e-05 5.9157e-05 9.1992e-05 1.5971e-01 0.0000e+00
336 0.0000e+00 3.7400e-05 9.1897e-05 5.2070e-05 9.1897e-05 1.5975e-01 0.0000e+00
337 0.0000e+00 4.1400e-05 9.1783e-05 4.5887e-05 9.1783e-05 1.5979e-01 0.0000e+00
338 5.0000e-04 4.3200e-05 1.0609e-04 9.3518e-05 9.1652e-05 1.5979e-01 1.4440e-05
339 5.0000e-04 4.1400e-05 1.1008e-04 1.4170e-04 9.1657e-05 1.5974e-01 1.8428e-05
340 1.5000e-03 3.7400e-05 1.5064e-04 3.2853e-04 9.1800e-05 1.5951e-01 5.8842e-05
341 1.5000e-03 3.0600e-05 1.5148e-04 4.6911e-04 9.2482e-05 1.5913e-01 5.9003e-05
342 1.0000e-03 2.1600e-05 1.3268e-04 5.1403e-04 9.3577e-05 1.5871e-01 3.9107e-05
343 5.0000e-04 1.0500e-05 1.1411e-04 4.8802e-04 9.4815e-05 1.5832e-01 1.9299e-05
344 1.0000e-03 0.0000e+00 1.3590e-04 5.5299e-04 9.5987e-05 1.5786e-01 3.9918e-05
345 5.0000e-04 0.0000e+00 1.1754e-04 5.2713e-04 9.7367e-05 1.5743e-01 2.0171e-05
346 0.0000e+00 0.0000e+00 9.8684e-05 4.3906e-04 9.8684e-05 1.5709e-01 0.0000e+00
347 0.0000e+00 0.0000e+00 9.9739e-05 3.7494e-04 9.9739e-05 1.5681e-01 0.0000e+00
348 0.0000e+00 0.0000e+00 1.0060e-04 3.2215e-04 1.0060e-04 1.5659e-01 0.0000e+00
349 0.0000e+00 0.0000e+00 1.0130e-04 2.7805e-04 1.0130e-04 1.5642e-01 0.0000e+00
350 0.0000e+00 0.0000e+00 1.0186e-04 2.4081e-04 1.0186e-04 1.5628e-01 0.0000e+00
351 0.0000e+00 0.0000e+00 1.0230e-04 2.0913e-04 1.0230e-04 1.5617e-01 0.0000e+00
352 0.0000e+00 0.0000e+00 1.0265e-04 1.8203e-04 1.0265e-04 1.5609e-01 0.0000e+00
353 5.0000e-04 0.0000e+00 1.2307e-04 2.3516e-04 1.0290e-04 1.5596e-01 2.0171e-05
354 0.0000e+00 0.0000e+00 1.0333e-04 1.9335e-04 1.0333e-04 1.5587e-01 0.0000e+00
355 0.0000e+00 0.0000e+00 1.0362e-04 1.6649e-04 1.0362e-04 1.5581e-01 0.0000e+00
356 0.0000e+00 0.0000e+00 1.0382e-04 1.4420e-04 1.0382e-04 1.5576e-01 0.0000e+00
357 0.0000e+00 7.2300e-05 1.0395e-04 1.2540e-04 1.0395e-04 1.5574e-01 0.0000e+00
358 0.0000e+00 1.3960e-04 1.0402e-04 1.0937e-04 1.0402e-04 1.5574e-01 0.0000e+00
359 0.0000e+00 1.9750e-04 1.0404e-04 9.5609e-05 1.0404e-04 1.5575e-01 0.0000e+00
360 0.0000e+00 2.4180e-04 1.0401e-04 8.3737e-05 1.0401e-04 1.5577e-01 0.0000e+00
361 0.0000e+00 2.6750e-04 1.0395e-04 7.3457e-05 1.0395e-04 1.5580e-01 0.0000e+00
362 0.0000e+00 2.7930e-04 1.0385e-04 6.4531e-05 1.0385e-04 1.5584e-01 0.0000e+00
363 0.0000e+00 2.6750e-04 1.0372e-04 5.6762e-05 1.0372e-04 1.5588e-01 0.0000e+00
364 0.0000e+00 2.4180e-04 1.0357e-04 4.9986e-05 1.0357e-04 1.5594e-01 0.0000e+00
365 0.0000e+00 1.9750e-04 1.0339e-04 4.4069e-05 1.0339e-04 1.5600e-01 0.0000e+00
366 0.0000e+00 1.3960e-04 1.0320e-04 3.8892e-05 1.0320e-04 1.5606e-01 0.0000e+00
367 0.0000e+00 6.7600e-05 1.0300e-04 3.4356e-05 1.0300e-04 1.5613e-01 0.0000e+00
368 0.0000e+00 0.0000e+00 1.0278e-04 3.0377e-05 1.0278e-04 1.5620e-01 0.0000e+00
369 0.0000e+00 0.0000e+00 1.0254e-04 2.6882e-05 1.0254e-04 1.5628e-01 0.0000e+00
370 0.0000e+00 0.0000e+00 1.0230e-04 2.3808e-05 1.0230e-04 1.5636e-01 0.0000e+00
371 0.0000e+00 0.0000e+00 1.0205e-04 2.1103e-05 1.0205e-04 1.5644e-01 0.0000e+00
372 0.0000e+00 0.0000e+00 1.0179e-04 1.8720e-05 1.0179e-04 1.5652e-01 0.0000e+00
373 5.0000e-04 0.0000e+00 1.0153e-04 1.6618e-05 1.0153e-04 1.5660e-01 0.0000e+00
374 7.5000e-03 0.0000e+00 3.4038e-04 9.1661e-04 1.0126e-04 1.5579e-01 2.3912e-04
375 4.5000e-03 0.0000e+00 2.8541e-04 1.3520e-03 1.0387e-04 1.5454e-01 1.8153e-04
376 2.5000e-03 0.0000e+00 2.0886e-04 1.4367e-03 1.0800e-04 1.5321e-01 1.0085e-04
377 5.0000e-04 0.0000e+00 1.3275e-04 1.2360e-03 1.1258e-04 1.5209e-01 2.0171e-05
378 0.0000e+00 0.0000e+00 1.1661e-04 1.0299e-03 1.1661e-04 1.5118e-01 0.0000e+00
379 0.0000e+00 0.0000e+00 1.1998e-04 8.7265e-04 1.1998e-04 1.5042e-01 0.0000e+00
380 0.0000e+00 0.0000e+00 1.2284e-04 7.4441e-04 1.2284e-04 1.4980e-01 0.0000e+00
381 0.0000e+00 1.7400e-05 1.2525e-04 6.3796e-04 1.2525e-04 1.4929e-01 0.0000e+00
382 0.0000e+00 3.3600e-05 1.2727e-04 5.4857e-04 1.2727e-04 1.4887e-01 0.0000e+00
383 1.0000e-03 4.7500e-05 1.6724e-04 6.2807e-04 1.2896e-04 1.4837e-01 3.8284e-05
384 1.0000e-03 5.8200e-05 1.6941e-04 6.7330e-04 1.3098e-04 1.4783e-01 3.8425e-05
385 0.0000e+00 6.4300e-05 1.3322e-04 5.5064e-04 1.3322e-04 1.4741e-01 0.0000e+00
386 5.0000e-04 6.7200e-05 1.5020e-04 5.3117e-04 1.3497e-04 1.4701e-01 1.5232e-05
387 0.0000e+00 6.4300e-05 1.3665e-04 4.4501e-04 1.3665e-04 1.4670e-01 0.0000e+00
388 0.0000e+00 5.8200e-05 1.3798e-04 3.8115e-04 1.3798e-04 1.4646e-01 0.0000e+00
389 0.0000e+00 4.7500e-05 1.3903e-04 3.2816e-04 1.3903e-04 1.4627e-01 0.0000e+00
390 5.0000e-04 3.3600e-05 1.5047e-04 3.2768e-04 1.3985e-04 1.4608e-01 1.0619e-05
391 0.0000e+00 1.6300e-05 1.4068e-04 2.7562e-04 1.4068e-04 1.4595e-01 0.0000e+00
392 5.0000e-04 0.0000e+00 1.5943e-04 3.1323e-04 1.4127e-04 1.4578e-01 1.8158e-05
393 5.0000e-04 0.0000e+00 1.6220e-04 3.4141e-04 1.4203e-04 1.4558e-01 2.0171e-05
394 0.0000e+00 0.0000e+00 1.4292e-04 2.7723e-04 1.4292e-04 1.4544e-01 0.0000e+00
395 0.0000e+00 0.0000e+00 1.4352e-04 2.3581e-04 1.4352e-04 1.4535e-01 0.0000e+00
396 0.0000e+00 0.0000e+00 1.4394e-04 2.0241e-04 1.4394e-04 1.4529e-01 0.0000e+00
397 0.0000e+00 0.0000e+00 1.4420e-04 1.7458e-04 1.4420e-04 1.4526e-01 0.0000e+00
398 0.0000e+00 0.0000e+00 1.4434e-04 1.5106e-04 1.4434e-04 1.4526e-01 0.0000e+00
399 0.0000e+00 0.0000e+00 1.4437e-04 1.3104e-04 1.4437e-04 1.4527e-01 0.0000e+00
400 0.0000e+00 0.0000e+00 1.4431e-04 1.1392e-04 1.4431e-04 1.4530e-01 0.0000e+00
401 0.0000e+00 0.0000e+00 1.4417e-04 9.9212e-05 1.4417e-04 1.4534e-01 0.0000e+00
402 1.0000e-03 0.0000e+00 1.8431e-04 2.5628e-04 1.4397e-04 1.4523e-01 4.0341e-05
403 0.0000e+00 0.0000e+00 1.4447e-04 1.9029e-04 1.4447e-04 1.4519e-01 0.0000e+00
404 0.0000e+00 0.0000e+00 1.4468e-04 1.5858e-04 1.4468e-04 1.4517e-01 0.0000e+00
405 5.0000e-04 2.4600e-05 1.6491e-04 2.1960e-04 1.4474e-04 1.4510e-01 2.0171e-05
406 5.0000e-04 4.7400e-05 1.6426e-04 2.5346e-04 1.4508e-04 1.4499e-01 1.9178e-05
407 0.0000e+00 6.7100e-05 1.4557e-04 1.9992e-04 1.4557e-04 1.4493e-01 0.0000e+00
408 5.0000e-04 8.2200e-05 1.6138e-04 2.3364e-04 1.4582e-04 1.4485e-01 1.5554e-05
409 0.0000e+00 9.0900e-05 1.4622e-04 1.8705e-04 1.4622e-04 1.4481e-01 0.0000e+00
410 0.0000e+00 9.5000e-05 1.4641e-04 1.5788e-04 1.4641e-04 1.4479e-01 0.0000e+00
411 0.0000e+00 9.0900e-05 1.4646e-04 1.3462e-04 1.4646e-04 1.4481e-01 0.0000e+00
412 0.0000e+00 8.2200e-05 1.4641e-04 1.1543e-04 1.4641e-04 1.4484e-01 0.0000e+00
413 0.0000e+00 6.7100e-05 1.4627e-04 9.9361e-05 1.4627e-04 1.4488e-01 0.0000e+00
414 0.0000e+00 4.7400e-05 1.4605e-04 8.5793e-05 1.4605e-04 1.4494e-01 0.0000e+00
415 0.0000e+00 2.3000e-05 1.4578e-04 7.4271e-05 1.4578e-04 1.4502e-01 0.0000e+00
416 0.0000e+00 0.0000e+00 1.4545e-04 6.4442e-05 1.4545e-04 1.4510e-01 0.0000e+00
417 0.0000e+00 0.0000e+00 1.4508e-04 5.6026e-05 1.4508e-04 1.4519e-01 0.0000e+00
418 0.0000e+00 0.0000e+00 1.4468e-04 4.8797e-05 1.4468e-04 1.4528e-01 0.0000e+00
419 0.0000e+00 0.0000e+00 1.4425e-04 4.2570e-05 1.4425e-04 1.4538e-01 0.0000e+00
420 0.0000e+00 0.0000e+00 1.4379e-04 3.7194e-05 1.4379e-04 1.4549e-01 0.0000e+00
421 0.0000e+00 0.0000e+00 1.4331e-04 3.2543e-05 1.4331e-04 1.4560e-01 0.0000e+00
422 0.0000e+00 0.0000e+00 1.4282e-04 2.8510e-05 1.4282e-04 1.4572e-01 0.0000e+00
423 0.0000e+00 0.0000e+00 1.4231e-04 2.5008e-05 1.4231e-04 1.4583e-01 0.0000e+00
424 0.0000e+00 0.0000e+00 1.4179e-04 2.1961e-05 1.4179e-04 1.4595e-01 0.0000e+00
425 0.0000e+00 0.0000e+00 1.4126e-04 1.9306e-05 1.4126e-04 1.4607e-01 0.0000e+00
426 0.0000e+00 0.0000e+00 1.4072e-04 1.6989e-05 1.4072e-04 1.4620e-01 0.0000e+00
427 5.0000e-04 0.0000e+00 1.4018e-04 1.4966e-05 1.4018e-04 1.4632e-01 0.0000e+00
428 2.0000e-03 0.0000e+00 2.1725e-04 3.3628e-04 1.3963e-04 1.4613e-01 7.7623e-05
429 3.0000e-03 3.2600e-05 2.6151e-04 7.3649e-04 1.4049e-04 1.4553e-01 1.2102e-04
430 2.0000e-03 6.2900e-05 2.2250e-04 8.6646e-04 1.4313e-04 1.4481e-01 7.9367e-05
431 1.0000e-03 8.9000e-05 1.8421e-04 8.2325e-04 1.4640e-04 1.4413e-01 3.7804e-05
432 0.0000e+00 1.0900e-04 1.4953e-04 6.5635e-04 1.4953e-04 1.4362e-01 0.0000e+00
433 5.0000e-04 1.2060e-04 1.6411e-04 5.9963e-04 1.5192e-04 1.4318e-01 1.2191e-05
434 0.0000e+00 1.2590e-04 1.5406e-04 4.9664e-04 1.5406e-04 1.4283e-01 0.0000e+00
435 0.0000e+00 1.2060e-04 1.5572e-04 4.1998e-04 1.5572e-04 1.4257e-01 0.0000e+00
436 0.0000e+00 1.0900e-04 1.5701e-04 3.5726e-04 1.5701e-04 1.4237e-01 0.0000e+00
437 3.5000e-03 8.9000e-05 3.3435e-04 7.8451e-04 1.5799e-04 1.4174e-01 1.7635e-04
438 0.0000e+00 6.2900e-05 1.6112e-04 6.1272e-04 1.6112e-04 1.4129e-01 0.0000e+00
439 0.0000e+00 3.0500e-05 1.6341e-04 5.0800e-04 1.6341e-04 1.4095e-01 0.0000e+00
440 0.0000e+00 0.0000e+00 1.6518e-04 4.2844e-04 1.6518e-04 1.4068e-01 0.0000e+00
441 0.0000e+00 0.0000e+00 1.6654e-04 3.6379e-04 1.6654e-04 1.4049e-01 0.0000e+00
442 0.0000e+00 0.0000e+00 1.6757e-04 3.1024e-04 1.6757e-04 1.4034e-01 0.0000e+00
443 0.0000e+00 0.0000e+00 1.6832e-04 2.6550e-04 1.6832e-04 1.4025e-01 0.0000e+00
444 5.0000e-04 0.0000e+00 1.8736e-04 2.7977e-04 1.6883e-04 1.4013e-01 1.8524e-05
445 0.0000e+00 0.0000e+00 1.6942e-04 2.3273e-04 1.6942e-04 1.4007e-01 0.0000e+00
446 0.0000e+00 0.0000e+00 1.6975e-04 1.9877e-04 1.6975e-04 1.4004e-01 0.0000e+00
447 0.0000e+00 0.0000e+00 1.6991e-04 1.7068e-04 1.6991e-04 1.4004e-01 0.0000e+00
448 0.0000e+00 0.0000e+00 1.6991e-04 1.4702e-04 1.6991e-04 1.4006e-01 0.0000e+00
449 0.0000e+00 0.0000e+00 1.6979e-04 1.2695e-04 1.6979e-04 1.4011e-01 0.0000e+00
450 0.0000e+00 0.0000e+00 1.6956e-04 1.0986e-04 1.6956e-04 1.4017e-01 0.0000e+00
451 0.0000e+00 0.0000e+00 1.6925e-04 9.5256e-05 1.6925e-04 1.4024e-01 0.0000e+00
452 5.0000e-04 0.0000e+00 1.9800e-04 1.6439e-04 1.6886e-04 1.4025e-01 2.9144e-05
453 0.0000e+00 2.2400e-05 1.6883e-04 1.2950e-04 1.6883e-04 1.4028e-01 0.0000e+00
454 0.0000e+00 4.3300e-05 1.6863e-04 1.0923e-04 1.6863e-04 1.4034e-01 0.0000e+00
455 0.0000e+00 6.1200e-05 1.6831e-04 9.3197e-05 1.6831e-04 1.4042e-01 0.0000e+00
456 0.0000e+00 7.5000e-05 1.6792e-04 7.9945e-05 1.6792e-04 1.4051e-01 0.0000e+00
457 0.0000e+00 8.3000e-05 1.6746e-04 6.8853e-05 1.6746e-04 1.4061e-01 0.0000e+00
458 0.0000e+00 8.6600e-05 1.6694e-04 5.9490e-05 1.6694e-04 1.4071e-01 0.0000e+00
459 0.0000e+00 8.3000e-05 1.6638e-04 5.1539e-05 1.6638e-04 1.4083e-01 0.0000e+00
460 0.0000e+00 7.5000e-05 1.6579e-04 4.4753e-05 1.6579e-04 1.4095e-01 0.0000e+00
461 0.0000e+00 6.1200e-05 1.6516e-04 3.8938e-05 1.6516e-04 1.4108e-01 0.0000e+00
462 0.0000e+00 4.3300e-05 1.6451e-04 3.3938e-05 1.6451e-04 1.4121e-01 0.0000e+00
463 0.0000e+00 2.1000e-05 1.6384e-04 2.9628e-05 1.6384e-04 1.4134e-01 0.0000e+00
464 0.0000e+00 0.0000e+00 1.6315e-04 2.5902e-05 1.6315e-04 1.4148e-01 0.0000e+00
465 1.0000e-03 0.0000e+00 1.8279e-04 7.8636e-05 1.6246e-04 1.4156e-01 2.0332e-05
466 5.0000e-04 0.0000e+00 1.9118e-04 1.4013e-04 1.6203e-04 1.4158e-01 2.9144e-05
467 0.0000e+00 0.0000e+00 1.6192e-04 1.0736e-04 1.6192e-04 1.4164e-01 0.0000e+00
468 0.0000e+00 0.0000e+00 1.6164e-04 8.8474e-05 1.6164e-04 1.4171e-01 0.0000e+00
469 5.0000e-04 0.0000e+00 1.9042e-04 1.5421e-04 1.6128e-04 1.4172e-01 2.9144e-05
470 0.0000e+00 0.0000e+00 1.6124e-04 1.2047e-04 1.6124e-04 1.4176e-01 0.0000e+00
471 0.0000e+00 0.0000e+00 1.6103e-04 9.9933e-05 1.6103e-04 1.4182e-01 0.0000e+00
472 5.0000e-04 0.0000e+00 1.8987e-04 1.6403e-04 1.6073e-04 1.4182e-01 2.9144e-05
473 5.0000e-04 0.0000e+00 1.8989e-04 2.0892e-04 1.6074e-04 1.4177e-01 2.9144e-05
474 0.0000e+00 0.0000e+00 1.6099e-04 1.6504e-04 1.6099e-04 1.4176e-01 0.0000e+00
475 0.0000e+00 0.0000e+00 1.6101e-04 1.3711e-04 1.6101e-04 1.4179e-01 0.0000e+00
476 0.0000e+00 0.0000e+00 1.6089e-04 1.1552e-04 1.6089e-04 1.4183e-01 0.0000e+00
477 0.0000e+00 9.2000e-06 1.6066e-04 9.8009e-05 1.6066e-04 1.4190e-01 0.0000e+00
478 0.0000e+00 1.7800e-05 1.6034e-04 8.3566e-05 1.6034e-04 1.4197e-01 0.0000e+00
479 0.0000e+00 2.5200e-05 1.5996e-04 7.1536e-05 1.5996e-04 1.4206e-01 0.0000e+00
480 0.0000e+00 3.0900e-05 1.5952e-04 6.1442e-05 1.5952e-04 1.4216e-01 0.0000e+00
481 0.0000e+00 3.4200e-05 1.5903e-04 5.2923e-05 1.5903e-04 1.4227e-01 0.0000e+00
482 5.0000e-04 3.5700e-05 1.8082e-04 1.0644e-04 1.5850e-04 1.4232e-01 2.2313e-05
483 2.5000e-03 3.4200e-05 3.0188e-04 4.7435e-04 1.5825e-04 1.4200e-01 1.4364e-04
484 1.0000e-03 3.0900e-05 2.1611e-04 5.0833e-04 1.5982e-04 1.4165e-01 5.6294e-05
485 0.0000e+00 2.5200e-05 1.6157e-04 4.0042e-04 1.6157e-04 1.4141e-01 0.0000e+00
486 1.0000e-03 1.7800e-05 2.1780e-04 4.8232e-04 1.6278e-04 1.4109e-01 5.5018e-05
487 0.0000e+00 8.6000e-06 1.6441e-04 3.8658e-04 1.6441e-04 1.4087e-01 0.0000e+00
488 0.0000e+00 0.0000e+00 1.6556e-04 3.2238e-04 1.6556e-04 1.4072e-01 0.0000e+00
489 0.0000e+00 0.0000e+00 1.6637e-04 2.7185e-04 1.6637e-04 1.4061e-01 0.0000e+00
490 0.0000e+00 0.0000e+00 1.6692e-04 2.3057e-04 1.6692e-04 1.4055e-01 0.0000e+00
491 0.0000e+00 0.0000e+00 1.6725e-04 1.9642e-04 1.6725e-04 1.4052e-01 0.0000e+00
492 0.0000e+00 0.0000e+00 1.6740e-04 1.6793e-04 1.6740e-04 1.4052e-01 0.0000e+00
493 0.0000e+00 0.0000e+00 1.6741e-04 1.4401e-04 1.6741e-04 1.4054e-01 0.0000e+00
494 0.0000e+00 0.0000e+00 1.6728e-04 1.2382e-04 1.6728e-04 1.4058e-01 0.0000e+00
495 0.0000e+00 0.0000e+00 1.6706e-04 1.0672e-04 1.6706e-04 1.4064e-01 0.0000e+00
496 0.0000e+00 0.0000e+00 1.6674e-04 9.2168e-05 1.6674e-04 1.4072e-01 0.0000e+00
497 0.0000e+00 0.0000e+00 1.6635e-04 7.9755e-05 1.6635e-04 1.4081e-01 0.0000e+00
498 0.0000e+00 0.0000e+00 1.6591e-04 6.9135e-05 1.6591e-04 1.4090e-01 0.0000e+00
499 0.0000e+00 0.0000e+00 1.6540e-04 6.0026e-05 1.6540e-04 1.4101e-01 0.0000e+00
500 0.0000e+00 0.0000e+00 1.6486e-04 5.2197e-05 1.6486e-04 1.4112e-01 0.0000e+00
501 0.0000e+00 6.3800e-05 1.6428e-04 4.5454e-05 1.6428e-04 1.4124e-01 0.0000e+00
502 0.0000e+00 1.2310e-04 1.6367e-04 3.9635e-05 1.6367e-04 1.4136e-01 0.0000e+00
503 0.0000e+00 1.7420e-04 1.6304e-04 3.4605e-05 1.6304e-04 1.4149e-01 0.0000e+00
504 0.0000e+00 2.1330e-04 1.6239e-04 3.0249e-05 1.6239e-04 1.4162e-01 0.0000e+00
505 0.0000e+00 2.3600e-04 1.6172e-04 2.6473e-05 1.6172e-04 1.4176e-01 0.0000e+00
506 0.0000e+00 2.4640e-04 1.6103e-04 2.3194e-05 1.6103e-04 1.4190e-01 0.0000e+00
507 0.0000e+00 2.3600e-04 1.6034e-04 2.0342e-05 1.6034e-04 1.4204e-01 0.0000e+00
508 0.0000e+00 2.1330e-04 1.5964e-04 1.7859e-05 1.5964e-04 1.4218e-01 0.0000e+00
509 0.0000e+00 1.7420e-04 1.5894e-04 1.5694e-05 1.5894e-04 1.4232e-01 0.0000e+00
510 0.0000e+00 1.2310e-04 1.5823e-04 1.3805e-05 1.5823e-04 1.4247e-01 0.0000e+00
511 0.0000e+00 5.9600e-05 1.5751e-04 1.2153e-05 1.5751e-04 1.4261e-01 0.0000e+00
512 0.0000e+00 0.0000e+00 1.5680e-04 1.0709e-05 1.5680e-04 1.4276e-01 0.0000e+00
513 0.0000e+00 0.0000e+00 1.5609e-04 9.4440e-06 1.5609e-04 1.4290e-01 0.0000e+00
514 0.0000e+00 0.0000e+00 1.5537e-04 8.3352e-06 1.5537e-04 1.4305e-01 0.0000e+00
515 0.0000e+00 0.0000e+00 1.5466e-04 7.3624e-06 1.5466e-04 1.4320e-01 0.0000e+00
516 0.0000e+00 0.0000e+00 1.5395e-04 6.5080e-06 1.5395e-04 1.4335e-01 0.0000e+00
517 0.0000e+00 0.0000e+00 1.5324e-04 5.7559e-06 1.5324e-04 1.4349e-01 0.0000e+00
518 0.0000e+00 0.0000e+00 1.5254e-04 5.0955e-06 1.5254e-04 1.4364e-01 0.0000e+00
519 0.0000e+00 0.0000e+00 1.5184e-04 4.5139e-06 1.5184e-04 1.4379e-01 0.0000e+00
520 0.0000e+00 0.0000e+00 1.5114e-04 4.0014e-06 1.5114e-04 1.4394e-01 0.0000e+00
521 0.0000e+00 0.0000e+00 1.5045e-04 3.5494e-06 1.5045e-04 1.4408e-01 0.0000e+00
522 0.0000e+00 0.0000e+00 1.4976e-04 3.1504e-06 1.4976e-04 1.4423e-01 0.0000e+00
523 0.0000e+00 0.0000e+00 1.4907e-04 2.7980e-06 1.4907e-04 1.4438e-01 0.0000e+00
524 0.0000e+00 0.0000e+00 1.4839e-04 2.4865e-06 1.4839e-04 1.4452e-01 0.0000e+00
525 0.0000e+00 4.1700e-05 1.4772e-04 2.2110e-06 1.4772e-04 1.4467e-01 0.0000e+00
526 0.0000e+00 8.0400e-05 1.4705e-04 1.9671e-06 1.4705e-04 1.4481e-01 0.0000e+00
527 0.0000e+00 1.1380e-04 1.4638e-04 1.7511e-06 1.4638e-04 1.4496e-01 0.0000e+00
528 0.0000e+00 1.3930e-04 1.4572e-04 1.5597e-06 1.4572e-04 1.4510e-01 0.0000e+00
529 0.0000e+00 1.5420e-04 1.4507e-04 1.3899e-06 1.4507e-04 1.4524e-01 0.0000e+00
530 0.0000e+00 1.6090e-04 1.4442e-04 1.2376e-06 1.4442e-04 1.4539e-01 0.0000e+00
531 0.0000e+00 1.5420e-04 1.4377e-04 1.1042e-06 1.4377e-04 1.4553e-01 0.0000e+00
532 0.0000e+00 1.3930e-04 1.4313e-04 9.8567e-07 1.4313e-04 1.4567e-01 0.0000e+00
533 0.0000e+00 1.1380e-04 1.4250e-04 8.8026e-07 1.4250e-04 1.4581e-01 0.0000e+00
534 0.0000e+00 8.0400e-05 1.4187e-04 7.8649e-07 1.4187e-04 1.4595e-01 0.0000e+00
535 0.0000e+00 3.8900e-05 1.4125e-04 7.0303e-07 1.4125e-04 1.4610e-01 0.0000e+00
536 0.0000e+00 0.0000e+00 1.4063e-04 6.2870e-07 1.4063e-04 1.4624e-01 0.0000e+00
537 0.0000e+00 0.0000e+00 1.4001e-04 5.6249e-07 1.4001e-04 1.4637e-01 0.0000e+00
538 0.0000e+00 0.0000e+00 1.3940e-04 5.0346e-07 1.3940e-04 1.4651e-01 0.0000e+00
539 0.0000e+00 0.0000e+00 1.3880e-04 4.5082e-07 1.3880e-04 1.4665e-01 0.0000e+00
540 0.0000e+00 0.0000e+00 1.3820e-04 4.0385e-07 1.3820e-04 1.4679e-01 0.0000e+00
541 0.0000e+00 0.0000e+00 1.3761e-04 3.6193e-07 1.3761e-04 1.4693e-01 0.0000e+00
542 0.0000e+00 0.0000e+00 1.3702e-04 3.2448e-07 1.3702e-04 1.4706e-01 0.0000e+00
543 0.0000e+00 0.0000e+00 1.3643e-04 2.9103e-07 1.3643e-04 1.4720e-01 0.0000e+00
544 0.0000e+00 0.0000e+00 1.3585e-04 2.5914e-07 1.3585e-04 1.4734e-01 0.0000e+00
545 0.0000e+00 0.0000e+00 1.3528e-04 2.3272e-07 1.3528e-04 1.4747e-01 0.0000e+00
546 0.0000e+00 0.0000e+00 1.3471e-04 2.0907e-07 1.3471e-04 1.4761e-01 0.0000e+00
547 0.0000e+00 0.0000e+00 1.3415e-04 1.8788e-07 1.3415e-04 1.4774e-01 0.0000e+00
548 0.0000e+00 0.0000e+00 1.3359e-04 1.6890e-07 1.3359e-04 1.4787e-01 0.0000e+00
549 0.0000e+00 2.0700e-05 1.3303e-04 1.5189e-07 1.3303e-04 1.4801e-01 0.0000e+00
550 0.0000e+00 4.0000e-05 1.3248e-04 1.3663e-07 1.3248e-04 1.4814e-01 0.0000e+00
551 0.0000e+00 5.6600e-05 1.3193e-04 1.2295e-07 1.3193e-04 1.4827e-01 0.0000e+00
552 1.0000e-03 6.9300e-05 1.3139e-04 1.1067e-07 1.3139e-04 1.4840e-01 0.0000e+00
553 1.0000e-03 7.6600e-05 1.3085e-04 9.9651e-08 1.3085e-04 1.4853e-01 0.0000e+00
554 2.0000e-03 8.0000e-05 1.5985e-04 1.2019e-04 1.3032e-04 1.4854e-01 2.9533e-05
555 1.5000e-03 7.6600e-05 1.8756e-04 3.1586e-04 1.3028e-04 1.4836e-01 5.7284e-05
556 0.0000e+00 6.9300e-05 1.3103e-04 2.2832e-04 1.3103e-04 1.4826e-01 0.0000e+00
557 5.0000e-04 5.6600e-05 1.4572e-04 2.4470e-04 1.3143e-04 1.4815e-01 1.4289e-05
558 0.0000e+00 4.0000e-05 1.3190e-04 1.9575e-04 1.3190e-04 1.4808e-01 0.0000e+00
559 0.0000e+00 1.9400e-05 1.3216e-04 1.6385e-04 1.3216e-04 1.4805e-01 0.0000e+00
560 0.0000e+00 0.0000e+00 1.3229e-04 1.3864e-04 1.3229e-04 1.4804e-01 0.0000e+00
561 0.0000e+00 0.0000e+00 1.3232e-04 1.1810e-04 1.3232e-04 1.4806e-01 0.0000e+00
562 0.0000e+00 0.0000e+00 1.3226e-04 1.0107e-04 1.3226e-04 1.4809e-01 0.0000e+00
563 0.0000e+00 0.0000e+00 1.3213e-04 8.6816e-05 1.3213e-04 1.4813e-01 0.0000e+00
564 0.0000e+00 0.0000e+00 1.3195e-04 7.4798e-05 1.3195e-04 1.4819e-01 0.0000e+00
565 5.0000e-04 0.0000e+00 1.4720e-04 1.2784e-04 1.3171e-04 1.4820e-01 1.5494e-05
566 0.0000e+00 0.0000e+00 1.3169e-04 9.9494e-05 1.3169e-04 1.4823e-01 0.0000e+00
567 0.0000e+00 0.0000e+00 1.3156e-04 8.3806e-05 1.3156e-04 1.4828e-01 0.0000e+00
568 0.0000e+00 0.0000e+00 1.3137e-04 7.1479e-05 1.3137e-04 1.4834e-01 0.0000e+00
569 0.0000e+00 0.0000e+00 1.3112e-04 6.1385e-05 1.3112e-04 1.4841e-01 0.0000e+00
570 0.0000e+00 0.0000e+00 1.3083e-04 5.2947e-05 1.3083e-04 1.4848e-01 0.0000e+00
571 0.0000e+00 0.0000e+00 1.3052e-04 4.5816e-05 1.3052e-04 1.4857e-01 0.0000e+00
572 0.0000e+00 0.0000e+00 1.3017e-04 3.9748e-05 1.3017e-04 1.4866e-01 0.0000e+00
573 3.0000e-03 3.0500e-05 2.5083e-04 5.2606e-04 1.2980e-04 1.4826e-01 1.2102e-04
574 1.0000e-03 5.8900e-05 1.7053e-04 5.3033e-04 1.3142e-04 1.4786e-01 3.9111e-05
575 2.5000e-03 8.3300e-05 2.3155e-04 8.1653e-04 1.3307e-04 1.4718e-01 9.8477e-05
576 3.5000e-03 1.0200e-04 2.7378e-04 1.1908e-03 1.3594e-04 1.4612e-01 1.3783e-04
577 1.5000e-03 1.1290e-04 1.9690e-04 1.1457e-03 1.4050e-04 1.4512e-01 5.6397e-05
578 0.0000e+00 1.1780e-04 1.4498e-04 9.1671e-04 1.4498e-04 1.4435e-01 0.0000e+00
579 0.0000e+00 1.1290e-04 1.4852e-04 7.6617e-04 1.4852e-04 1.4373e-01 0.0000e+00
580 0.0000e+00 1.0200e-04 1.5142e-04 6.4746e-04 1.5142e-04 1.4323e-01 0.0000e+00
581 0.0000e+00 8.3300e-05 1.5378e-04 5.5039e-04 1.5378e-04 1.4284e-01 0.0000e+00
582 0.0000e+00 5.8900e-05 1.5570e-04 4.6971e-04 1.5570e-04 1.4252e-01 0.0000e+00
583 0.0000e+00 2.8500e-05 1.5723e-04 4.0209e-04 1.5723e-04 1.4228e-01 0.0000e+00
584 0.0000e+00 0.0000e+00 1.5844e-04 3.4509e-04 1.5844e-04 1.4209e-01 0.0000e+00
585 0.0000e+00 0.0000e+00 1.5937e-04 2.9686e-04 1.5937e-04 1.4195e-01 0.0000e+00
586 0.0000e+00 0.0000e+00 1.6005e-04 2.5590e-04 1.6005e-04 1.4186e-01 0.0000e+00
587 0.0000e+00 0.0000e+00 1.6053e-04 2.2100e-04 1.6053e-04 1.4180e-01 0.0000e+00
588 0.0000e+00 0.0000e+00 1.6084e-04 1.9120e-04 1.6084e-04 1.4177e-01 0.0000e+00
589 5.0000e-04 0.0000e+00 1.6099e-04 1.6568e-04 1.6099e-04 1.4176e-01 0.0000e+00
590 0.0000e+00 0.0000e+00 1.6101e-04 1.4378e-04 1.6101e-04 1.4178e-01 0.0000e+00
591 0.0000e+00 0.0000e+00 1.6093e-04 1.2495e-04 1.6093e-04 1.4182e-01 0.0000e+00
592 5.0000e-04 0.0000e+00 1.8330e-04 1.7051e-04 1.6075e-04 1.4181e-01 2.2550e-05
593 0.0000e+00 0.0000e+00 1.6080e-04 1.3934e-04 1.6080e-04 1.4183e-01 0.0000e+00
594 1.0000e-03 0.0000e+00 2.1898e-04 2.7822e-04 1.6069e-04 1.4171e-01 5.8287e-05
595 0.0000e+00 0.0000e+00 1.6128e-04 2.1733e-04 1.6128e-04 1.4165e-01 0.0000e+00
596 0.0000e+00 0.0000e+00 1.6156e-04 1.8101e-04 1.6156e-04 1.4163e-01 0.0000e+00
597 0.0000e+00 6.2600e-05 1.6166e-04 1.5326e-04 1.6166e-04 1.4164e-01 0.0000e+00
598 0.0000e+00 1.2080e-04 1.6162e-04 1.3068e-04 1.6162e-04 1.4167e-01 0.0000e+00
599 0.0000e+00 1.7090e-04 1.6146e-04 1.1197e-04 1.6146e-04 1.4172e-01 0.0000e+00
600 0.0000e+00 2.0930e-04 1.6121e-04 9.6297e-05 1.6121e-04 1.4179e-01 0.0000e+00
601 0.0000e+00 2.3150e-04 1.6089e-04 8.3076e-05 1.6089e-04 1.4187e-01 0.0000e+00
602 0.0000e+00 2.4180e-04 1.6049e-04 7.1860e-05 1.6049e-04 1.4196e-01 0.0000e+00
603 0.0000e+00 2.3150e-04 1.6005e-04 6.2301e-05 1.6005e-04 1.4205e-01 0.0000e+00
604 0.0000e+00 2.0930e-04 1.5956e-04 5.4123e-05 1.5956e-04 1.4216e-01 0.0000e+00
605 0.0000e+00 1.7090e-04 1.5904e-04 4.7104e-05 1.5904e-04 1.4227e-01 0.0000e+00
606 0.0000e+00 1.2080e-04 1.5848e-04 4.1062e-05 1.5848e-04 1.4239e-01 0.0000e+00
607 0.0000e+00 5.8500e-05 1.5790e-04 3.5850e-05 1.5790e-04 1.4251e-01 0.0000e+00
608 0.0000e+00 0.0000e+00 1.5730e-04 3.1343e-05 1.5730e-04 1.4264e-01 0.0000e+00
609 0.0000e+00 0.0000e+00 1.5668e-04 2.7438e-05 1.5668e-04 1.4276e-01 0.0000e+00
610 0.0000e+00 0.0000e+00 1.5605e-04 2.4050e-05 1.5605e-04 1.4290e-01 0.0000e+00
611 0.0000e+00 0.0000e+00 1.5541e-04 2.1102e-05 1.5541e-04 1.4303e-01 0.0000e+00
612 0.0000e+00 0.0000e+00 1.5476e-04 1.8538e-05 1.5476e-04 1.4317e-01 0.0000e+00
613 0.0000e+00 0.0000e+00 1.5410e-04 1.6302e-05 1.5410e-04 1.4331e-01 0.0000e+00
614 0.0000e+00 0.0000e+00 1.5344e-04 1.4350e-05 1.5344e-04 1.4344e-01 0.0000e+00
615 0.0000e+00 0.0000e+00 1.5277e-04 1.2644e-05 1.5277e-04 1.4358e-01 0.0000e+00
616 0.0000e+00 0.0000e+00 1.5211e-04 1.1151e-05 1.5211e-04 1.4373e-01 0.0000e+00
617 0.0000e+00 0.0000e+00 1.5144e-04 9.8422e-06 1.5144e-04 1.4387e-01 0.0000e+00
618 0.0000e+00 0.0000e+00 1.5077e-04 8.6946e-06 1.5077e-04 1.4401e-01 0.0000e+00
619 0.0000e+00 0.0000e+00 1.5010e-04 7.6869e-06 1.5010e-04 1.4415e-01 0.0000e+00
620 0.0000e+00 0.0000e+00 1.4943e-04 6.8013e-06 1.4943e-04 1.4429e-01 0.0000e+00
621 0.0000e+00 1.4200e-05 1.4877e-04 6.0222e-06 1.4877e-04 1.4444e-01 0.0000e+00
622 0.0000e+00 2.7500e-05 1.4811e-04 5.3362e-06 1.4811e-04 1.4458e-01 0.0000e+00
623 0.0000e+00 3.8900e-05 1.4745e-04 4.7304e-06 1.4745e-04 1.4472e-01 0.0000e+00
624 1.0000e-03 4.7600e-05 1.4679e-04 4.1976e-06 1.4679e-04 1.4486e-01 0.0000e+00
625 1.0000e-03 5.2700e-05 1.4926e-04 1.6921e-05 1.4614e-04 1.4499e-01 3.1189e-06
626 3.0000e-03 5.5000e-05 2.7283e-04 5.0315e-04 1.4555e-04 1.4464e-01 1.2728e-04
627 2.0000e-03 5.2700e-05 2.2297e-04 6.8170e-04 1.4719e-04 1.4410e-01 7.5787e-05
628 1.5000e-03 4.7600e-05 2.0679e-04 7.5501e-04 1.4967e-04 1.4350e-01 5.7128e-05
629 3.5000e-03 3.8900e-05 3.3825e-04 1.1357e-03 1.5252e-04 1.4251e-01 1.8572e-04
630 4.0000e-03 2.7500e-05 3.8816e-04 1.5116e-03 1.5728e-04 1.4116e-01 2.3088e-04
631 5.0000e-03 1.3300e-05 4.5392e-04 1.9975e-03 1.6408e-04 1.3933e-01 2.8983e-04
632 0.0000e+00 0.0000e+00 1.7376e-04 1.5792e-03 1.7376e-04 1.3792e-01 0.0000e+00
633 0.0000e+00 0.0000e+00 1.8156e-04 1.3106e-03 1.8156e-04 1.3679e-01 0.0000e+00
634 1.0000e-03 0.0000e+00 2.4559e-04 1.2686e-03 1.8808e-04 1.3571e-01 5.7512e-05
635 2.5000e-03 0.0000e+00 3.4026e-04 1.4742e-03 1.9454e-04 1.3443e-01 1.4572e-04
636 3.5000e-03 0.0000e+00 4.0648e-04 1.7871e-03 2.0248e-04 1.3285e-01 2.0401e-04
637 3.0000e-03 0.0000e+00 3.8762e-04 1.9407e-03 2.1275e-04 1.3112e-01 1.7486e-04
638 0.0000e+00 0.0000e+00 2.2456e-04 1.5460e-03 2.2456e-04 1.2980e-01 0.0000e+00
639 5.0000e-04 0.0000e+00 2.6317e-04 1.3778e-03 2.3403e-04 1.2865e-01 2.9144e-05
640 0.0000e+00 0.0000e+00 2.4254e-04 1.1397e-03 2.4254e-04 1.2776e-01 0.0000e+00
641 5.0000e-04 0.0000e+00 2.7858e-04 1.0488e-03 2.4944e-04 1.2696e-01 2.9144e-05
642 0.0000e+00 0.0000e+00 2.5575e-04 8.6785e-04 2.5575e-04 1.2634e-01 0.0000e+00
643 5.0000e-04 0.0000e+00 2.8983e-04 8.2445e-04 2.6069e-04 1.2578e-01 2.9144e-05
644 0.0000e+00 0.0000e+00 2.6532e-04 6.7952e-04 2.6532e-04 1.2537e-01 0.0000e+00
645 0.0000e+00 1.6900e-05 2.6878e-04 5.7234e-04 2.6878e-04 1.2506e-01 0.0000e+00
646 0.0000e+00 3.2600e-05 2.7134e-04 4.8425e-04 2.7134e-04 1.2485e-01 0.0000e+00
647 0.0000e+00 4.6100e-05 2.7315e-04 4.1105e-04 2.7315e-04 1.2471e-01 0.0000e+00
648 0.0000e+00 5.6400e-05 2.7433e-04 3.4981e-04 2.7433e-04 1.2464e-01 0.0000e+00
649 0.0000e+00 6.2400e-05 2.7498e-04 2.9836e-04 2.7498e-04 1.2461e-01 0.0000e+00
650 0.0000e+00 6.5200e-05 2.7518e-04 2.5499e-04 2.7518e-04 1.2463e-01 0.0000e+00
651 0.0000e+00 6.2400e-05 2.7500e-04 2.1835e-04 2.7500e-04 1.2469e-01 0.0000e+00
652 0.0000e+00 5.6400e-05 2.7452e-04 1.8731e-04 2.7452e-04 1.2478e-01 0.0000e+00
653 0.0000e+00 4.6100e-05 2.7377e-04 1.6095e-04 2.7377e-04 1.2489e-01 0.0000e+00
654 0.0000e+00 3.2600e-05 2.7281e-04 1.3853e-04 2.7281e-04 1.2502e-01 0.0000e+00
655 0.0000e+00 1.5800e-05 2.7166e-04 1.1942e-04 2.7166e-04 1.2518e-01 0.0000e+00
656 0.0000e+00 0.0000e+00 2.7038e-04 1.0311e-04 2.7038e-04 1.2534e-01 0.0000e+00
657 0.0000e+00 0.0000e+00 2.6897e-04 8.9146e-05 2.6897e-04 1.2552e-01 0.0000e+00
658 0.0000e+00 0.0000e+00 2.6746e-04 7.7183e-05 2.6746e-04 1.2571e-01 0.0000e+00
659 0.0000e+00 0.0000e+00 2.6587e-04 6.6915e-05 2.6587e-04 1.2591e-01 0.0000e+00
660 0.0000e+00 0.0000e+00 2.6423e-04 5.8088e-05 2.6423e-04 1.2612e-01 0.0000e+00
661 0.0000e+00 0.0000e+00 2.6253e-04 5.0488e-05 2.6253e-04 1.2633e-01 0.0000e+00
662 0.0000e+00 0.0000e+00 2.6079e-04 4.3935e-05 2.6079e-04 1.2655e-01 0.0000e+00
663 0.0000e+00 0.0000e+00 2.5903e-04 3.8276e-05 2.5903e-04 1.2677e-01 0.0000e+00
664 0.0000e+00 0.0000e+00 2.5725e-04 3.3382e-05 2.5725e-04 1.2699e-01 0.0000e+00
665 0.0000e+00 0.0000e+00 2.5546e-04 2.9147e-05 2.5546e-04 1.2722e-01 0.0000e+00
666 5.0000e-04 0.0000e+00 2.5420e-04 2.7202e-05 2.5366e-04 1.2745e-01 5.4037e-07
667 0.0000e+00 0.0000e+00 2.5187e-04 2.3421e-05 2.5187e-04 1.2767e-01 0.0000e+00
668 5.0000e-04 0.0000e+00 2.7922e-04 1.1307e-04 2.5008e-04 1.2781e-01 2.9144e-05
669 5.0000e-04 1.5300e-05 2.7815e-04 1.7131e-04 2.4901e-04 1.2789e-01 2.9144e-05
670 0.0000e+00 2.9500e-05 2.4841e-04 1.2468e-04 2.4841e-04 1.2801e-01 0.0000e+00
671 1.0000e-03 4.1700e-05 3.0312e-04 2.7709e-04 2.4745e-04 1.2798e-01 5.5677e-05
672 0.0000e+00 5.1100e-05 2.4768e-04 1.9942e-04 2.4768e-04 1.2803e-01 0.0000e+00
673 0.0000e+00 5.6500e-05 2.4730e-04 1.6109e-04 2.4730e-04 1.2812e-01 0.0000e+00
674 0.0000e+00 5.9000e-05 2.4664e-04 1.3242e-04 2.4664e-04 1.2823e-01 0.0000e+00
675 5.0000e-04 5.6500e-05 2.6278e-04 1.6387e-04 2.4576e-04 1.2831e-01 1.7021e-05
676 5.0000e-04 5.1100e-05 2.7098e-04 2.0938e-04 2.4513e-04 1.2835e-01 2.5850e-05
677 0.0000e+00 4.1700e-05 2.4486e-04 1.5977e-04 2.4486e-04 1.2843e-01 0.0000e+00
678 0.0000e+00 2.9500e-05 2.4421e-04 1.3119e-04 2.4421e-04 1.2855e-01 0.0000e+00
679 1.0000e-03 1.4300e-05 2.9451e-04 2.7029e-04 2.4335e-04 1.2852e-01 5.1164e-05
680 1.0000e-03 0.0000e+00 3.0101e-04 3.7936e-04 2.4355e-04 1.2838e-01 5.7454e-05
681 0.0000e+00 0.0000e+00 2.4459e-04 2.8195e-04 2.4459e-04 1.2835e-01 0.0000e+00
682 0.0000e+00 0.0000e+00 2.4487e-04 2.2911e-04 2.4487e-04 1.2836e-01 0.0000e+00
683 0.0000e+00 0.0000e+00 2.4475e-04 1.8904e-04 2.4475e-04 1.2842e-01 0.0000e+00
684 0.0000e+00 0.0000e+00 2.4433e-04 1.5753e-04 2.4433e-04 1.2851e-01 0.0000e+00
685 0.0000e+00 0.0000e+00 2.4366e-04 1.3219e-04 2.4366e-04 1.2862e-01 0.0000e+00
686 0.0000e+00 0.0000e+00 2.4282e-04 1.1150e-04 2.4282e-04 1.2875e-01 0.0000e+00
687 0.0000e+00 0.0000e+00 2.4182e-04 9.4435e-05 2.4182e-04 1.2890e-01 0.0000e+00
688 0.0000e+00 0.0000e+00 2.4071e-04 8.0264e-05 2.4071e-04 1.2906e-01 0.0000e+00
689 0.0000e+00 0.0000e+00 2.3951e-04 6.8427e-05 2.3951e-04 1.2923e-01 0.0000e+00
690 0.0000e+00 0.0000e+00 2.3823e-04 5.8494e-05 2.3823e-04 1.2941e-01 0.0000e+00
691 0.0000e+00 0.0000e+00 2.3690e-04 5.0124e-05 2.3690e-04 1.2959e-01 0.0000e+00
692 0.0000e+00 0.0000e+00 2.3552e-04 4.3050e-05 2.3552e-04 1.2979e-01 0.0000e+00
693 0.0000e+00 5.6100e-05 2.3411e-04 3.7050e-05 2.3411e-04 1.2998e-01 0.0000e+00
694 0.0000e+00 1.0830e-04 2.3267e-04 3.1947e-05 2.3267e-04 1.3018e-01 0.0000e+00
695 0.0000e+00 1.5320e-04 2.3121e-04 2.7597e-05 2.3121e-04 1.3039e-01 0.0000e+00
696 0.0000e+00 1.8770e-04 2.2975e-04 2.3878e-05 2.2975e-04 1.3059e-01 0.0000e+00
697 0.0000e+00 2.0760e-04 2.2827e-04 2.0693e-05 2.2827e-04 1.3080e-01 0.0000e+00
698 0.0000e+00 2.1680e-04 2.2680e-04 1.7960e-05 2.2680e-04 1.3101e-01 0.0000e+00
699 0.0000e+00 2.0760e-04 2.2532e-04 1.5609e-05 2.2532e-04 1.3122e-01 0.0000e+00
700 5.0000e-04 1.8770e-04 2.2385e-04 1.3585e-05 2.2385e-04 1.3143e-01 0.0000e+00
701 0.0000e+00 1.5320e-04 2.2238e-04 1.1838e-05 2.2238e-04 1.3164e-01 0.0000e+00
702 0.0000e+00 1.0830e-04 2.2093e-04 1.0328e-05 2.2093e-04 1.3185e-01 0.0000e+00
703 0.0000e+00 5.2400e-05 2.1948e-04 9.0214e-06 2.1948e-04 1.3206e-01 0.0000e+00
704 0.0000e+00 0.0000e+00 2.1804e-04 7.8876e-06 2.1804e-04 1.3227e-01 0.0000e+00
705 0.0000e+00 0.0000e+00 2.1661e-04 6.9049e-06 2.1661e-04 1.3248e-01 0.0000e+00
706 0.0000e+00 0.0000e+00 2.1520e-04 6.0509e-06 2.1520e-04 1.3269e-01 0.0000e+00
707 0.0000e+00 0.0000e+00 2.1379e-04 5.3077e-06 2.1379e-04 1.3290e-01 0.0000e+00
708 0.0000e+00 0.0000e+00 2.1241e-04 4.6602e-06 2.1241e-04 1.3311e-01 0.0000e+00
709 0.0000e+00 0.0000e+00 2.1103e-04 4.0954e-06 2.1103e-04 1.3331e-01 0.0000e+00
710 0.0000e+00 0.0000e+00 2.0967e-04 3.6023e-06 2.0967e-04 1.3352e-01 0.0000e+00
711 0.0000e+00 0.0000e+00 2.0833e-04 3.1713e-06 2.0833e-04 1.3372e-01 0.0000e+00
712 0.0000e+00 0.0000e+00 2.0699e-04 2.7942e-06 2.0699e-04 1.3393e-01 0.0000e+00
713 0.0000e+00 0.0000e+00 2.0568e-04 2.4639e-06 2.0568e-04 1.3413e-01 0.0000e+00
714 0.0000e+00 0.0000e+00 2.0438e-04 2.1743e-06 2.0438e-04 1.3433e-01 0.0000e+00
715 0.0000e+00 0.0000e+00 2.0309e-04 1.9202e-06 2.0309e-04 1.3454e-01 0.0000e+00
716 0.0000e+00 0.0000e+00 2.0182e-04 1.6971e-06 2.0182e-04 1.3474e-01 0.0000e+00
717 0.0000e+00 8.5600e-05 2.0056e-04 1.4993e-06 2.0056e-04 1.3493e-01 0.0000e+00
718 0.0000e+00 1.6520e-04 1.9931e-04 1.3272e-06 1.9931e-04 1.3513e-01 0.0000e+00
719 0.0000e+00 2.3380e-04 1.9808e-04 1.1755e-06 1.9808e-04 1.3533e-01 0.0000e+00
720 0.0000e+00 2.8620e-04 1.9687e-04 1.0419e-06 1.9687e-04 1.3553e-01 0.0000e+00
721 0.0000e+00 3.1670e-04 1.9567e-04 9.2406e-07 1.9567e-04 1.3572e-01 0.0000e+00
722 0.0000e+00 3.3060e-04 1.9448e-04 8.2004e-07 1.9448e-04 1.3591e-01 0.0000e+00
723 0.0000e+00 3.1670e-04 1.9331e-04 7.2817e-07 1.9331e-04 1.3611e-01 0.0000e+00
724 0.0000e+00 2.8620e-04 1.9215e-04 6.4697e-07 1.9215e-04 1.3630e-01 0.0000e+00
725 0.0000e+00 2.3380e-04 1.9100e-04 5.7516e-07 1.9100e-04 1.3649e-01 0.0000e+00
726 0.0000e+00 1.6520e-04 1.8987e-04 5.1160e-07 1.8987e-04 1.3668e-01 0.0000e+00
727 0.0000e+00 8.0000e-05 1.8875e-04 4.5532e-07 1.8875e-04 1.3687e-01 0.0000e+00
728 0.0000e+00 0.0000e+00 1.8764e-04 4.0545e-07 1.8764e-04 1.3705e-01 0.0000e+00
729 0.0000e+00 0.0000e+00 1.8655e-04 3.6123e-07 1.8655e-04 1.3724e-01 0.0000e+00
730 0.0000e+00 0.0000e+00 1.8546e-04 3.1978e-07 1.8546e-04 1.3742e-01 0.0000e+00
731 0.0000e+00 0.0000e+00 1.8439e-04 2.8535e-07 1.8439e-04 1.3761e-01 0.0000e+00
732 0.0000e+00 0.0000e+00 1.8334e-04 2.5474e-07 1.8334e-04 1.3779e-01 0.0000e+00
733 0.0000e+00 0.0000e+00 1.8229e-04 2.2752e-07 1.8229e-04 1.3797e-01 0.0000e+00
734 0.0000e+00 0.0000e+00 1.8126e-04 2.0329e-07 1.8126e-04 1.3815e-01 0.0000e+00
735 0.0000e+00 0.0000e+00 1.8023e-04 1.8173e-07 1.8023e-04 1.3833e-01 0.0000e+00
736 0.0000e+00 0.0000e+00 1.7922e-04 1.6252e-07 1.7922e-04 1.3851e-01 0.0000e+00
737 0.0000e+00 0.0000e+00 1.7822e-04 1.4541e-07 1.7822e-04 1.3869e-01 0.0000e+00
738 0.0000e+00 0.0000e+00 1.7723e-04 1.3015e-07 1.7723e-04 1.3887e-01 0.0000e+00
739 0.0000e+00 0.0000e+00 1.7625e-04 1.1654e-07 1.7625e-04 1.3905e-01 0.0000e+00
740 0.0000e+00 0.0000e+00 1.7529e-04 1.0439e-07 1.7529e-04 1.3922e-01 0.0000e+00
741 0.0000e+00 7.4700e-05 1.7433e-04 9.3549e-08 1.7433e-04 1.3939e-01 0.0000e+00
742 0.0000e+00 1.4410e-04 1.7338e-04 8.3866e-08 1.7338e-04 1.3957e-01 0.0000e+00
743 0.0000e+00 2.0380e-04 1.7245e-04 7.2623e-08 1.7245e-04 1.3974e-01 0.0000e+00
744 0.0000e+00 2.4960e-04 1.7152e-04 6.5262e-08 1.7152e-04 1.3991e-01 0.0000e+00
745 0.0000e+00 2.7610e-04 1.7060e-04 5.8664e-08 1.7060e-04 1.4008e-01 0.0000e+00
746 0.0000e+00 2.8830e-04 1.6970e-04 5.2750e-08 1.6970e-04 1.4025e-01 0.0000e+00
747 0.0000e+00 2.7610e-04 1.6880e-04 4.7446e-08 1.6880e-04 1.4042e-01 0.0000e+00
748 0.0000e+00 2.4960e-04 1.6791e-04 4.2688e-08 1.6791e-04 1.4059e-01 0.0000e+00
749 0.0000e+00 2.0380e-04 1.6703e-04 3.8419e-08 1.6703e-04 1.4076e-01 0.0000e+00
750 0.0000e+00 1.4410e-04 1.6616e-04 3.4586e-08 1.6616e-04 1.4092e-01 0.0000e+00
751 0.0000e+00 6.9800e-05 1.6530e-04 3.1145e-08 1.6530e-04 1.4109e-01 0.0000e+00
752 0.0000e+00 0.0000e+00 1.6445e-04 2.8054e-08 1.6445e-04 1.4125e-01 0.0000e+00
753 0.0000e+00 0.0000e+00 1.6361e-04 2.5278e-08 1.6361e-04 1.4142e-01 0.0000e+00
754 0.0000e+00 0.0000e+00 1.6277e-04 2.2782e-08 1.6277e-04 1.4158e-01 0.0000e+00
755 0.0000e+00 0.0000e+00 1.6195e-04 2.0538e-08 1.6195e-04 1.4174e-01 0.0000e+00
756 0.0000e+00 0.0000e+00 1.6113e-04 1.6302e-08 1.6113e-04 1.4190e-01 0.0000e+00
757 0.0000e+00 0.0000e+00 1.6032e-04 1.4756e-08 1.6032e-04 1.4206e-01 0.0000e+00
758 0.0000e+00 0.0000e+00 1.5952e-04 1.3359e-08 1.5952e-04 1.4222e-01 0.0000e+00
759 0.0000e+00 0.0000e+00 1.5873e-04 1.2097e-08 1.5873e-04 1.4238e-01 0.0000e+00
760 0.0000e+00 0.0000e+00 1.5794e-04 1.0956e-08 1.5794e-04 1.4254e-01 0.0000e+00
761 0.0000e+00 0.0000e+00 1.5717e-04 9.9240e-09 1.5717e-04 1.4269e-01 0.0000e+00
762 0.0000e+00 0.0000e+00 1.5640e-04 8.9912e-09 1.5640e-04 1.4285e-01 0.0000e+00
763 0.0000e+00 0.0000e+00 1.5563e-04 8.1475e-09 1.5563e-04 1.4301e-01 0.0000e+00
764 0.0000e+00 0.0000e+00 1.5488e-04 7.3844e-09 1.5488e-04 1.4316e-01 0.0000e+00
765 0.0000e+00 9.6700e-05 1.5413e-04 6.6939e-09 1.5413e-04 1.4332e-01 0.0000e+00
766 0.0000e+00 1.8660e-04 1.5339e-04 6.0691e-09 1.5339e-04 1.4347e-01 0.0000e+00
767 0.0000e+00 2.6400e-04 1.5266e-04 5.5036e-09 1.5266e-04 1.4362e-01 0.0000e+00
768 0.0000e+00 3.2330e-04 1.5193e-04 4.9916e-09 1.5193e-04 1.4377e-01 0.0000e+00
769 0.0000e+00 3.5770e-04 1.5121e-04 4.5281e-09 1.5121e-04 1.4392e-01 0.0000e+00
770 0.0000e+00 3.7350e-04 1.5050e-04 2.9693e-09 1.5050e-04 1.4408e-01 0.0000e+00
771 0.0000e+00 3.5770e-04 1.4979e-04 2.7083e-09 1.4979e-04 1.4422e-01 0.0000e+00
772 0.0000e+00 3.2330e-04 1.4909e-04 2.4706e-09 1.4909e-04 1.4437e-01 0.0000e+00
773 0.0000e+00 2.6400e-04 1.4840e-04 2.2539e-09 1.4840e-04 1.4452e-01 0.0000e+00
774 0.0000e+00 1.8660e-04 1.4771e-04 2.0565e-09 1.4771e-04 1.4467e-01 0.0000e+00
775 0.0000e+00 9.0400e-05 1.4703e-04 1.8766e-09 1.4703e-04 1.4482e-01 0.0000e+00
776 0.0000e+00 0.0000e+00 1.4636e-04 1.7126e-09 1.4636e-04 1.4496e-01 0.0000e+00
777 0.0000e+00 0.0000e+00 1.4569e-04 1.5631e-09 1.4569e-04 1.4511e-01 0.0000e+00
778 0.0000e+00 0.0000e+00 1.4503e-04 1.4268e-09 1.4503e-04 1.4525e-01 0.0000e+00
779 0.0000e+00 0.0000e+00 1.4437e-04 1.3025e-09 1.4437e-04 1.4540e-01 0.0000e+00
780 0.0000e+00 0.0000e+00 1.4372e-04 1.1892e-09 1.4372e-04 1.4554e-01 0.0000e+00
781 0.0000e+00 0.0000e+00 1.4308e-04 1.0859e-09 1.4308e-04 1.4569e-01 0.0000e+00
782 0.0000e+00 0.0000e+00 1.4244e-04 9.9159e-10 1.4244e-04 1.4583e-01 0.0000e+00
783 0.0000e+00 0.0000e+00 1.4181e-04 9.0561e-10 1.4181e-04 1.4597e-01 0.0000e+00
784 0.0000e+00 0.0000e+00 1.4118e-04 4.2342e-10 1.4118e-04 1.4611e-01 0.0000e+00
785 0.0000e+00 0.0000e+00 1.4056e-04 3.8908e-10 1.4056e-04 1.4625e-01 0.0000e+00
786 0.0000e+00 0.0000e+00 1.3994e-04 3.5754e-10 1.3994e-04 1.4639e-01 0.0000e+00
787 0.0000e+00 0.0000e+00 1.3933e-04 3.2858e-10 1.3933e-04 1.4653e-01 0.0000e+00
788 0.0000e+00 0.0000e+00 1.3873e-04 3.0199e-10 1.3873e-04 1.4667e-01 0.0000e+00
789 0.0000e+00 1.2590e-04 1.3813e-04 2.7757e-10 1.3813e-04 1.4681e-01 0.0000e+00
790 0.0000e+00 2.4290e-04 1.3753e-04 2.5514e-10 1.3753e-04 1.4695e-01 0.0000e+00
791 0.0000e+00 3.4370e-04 1.3694e-04 2.3453e-10 1.3694e-04 1.4708e-01 0.0000e+00
792 0.0000e+00 4.2090e-04 1.3636e-04 2.1561e-10 1.3636e-04 1.4722e-01 0.0000e+00
793 0.0000e+00 4.6560e-04 1.3578e-04 1.9822e-10 1.3578e-04 1.4735e-01 0.0000e+00
794 0.0000e+00 4.8620e-04 1.3520e-04 1.8225e-10 1.3520e-04 1.4749e-01 0.0000e+00
795 0.0000e+00 4.6560e-04 1.3463e-04 1.6758e-10 1.3463e-04 1.4762e-01 0.0000e+00
796 0.0000e+00 4.2090e-04 1.3407e-04 1.5409e-10 1.3407e-04 1.4776e-01 0.0000e+00
797 0.0000e+00 3.4370e-04 1.3351e-04 4.0919e-11 1.3351e-04 1.4789e-01 0.0000e+00
798 0.0000e+00 2.4290e-04 1.3295e-04 3.7845e-11 1.3295e-04 1.4802e-01 0.0000e+00
799 0.0000e+00 1.1760e-04 1.3240e-04 3.5004e-11 1.3240e-04 1.4816e-01 0.0000e+00
800 0.0000e+00 0.0000e+00 1.3185e-04 3.2377e-11 1.3185e-04 1.4829e-01 0.0000e+00
801 0.0000e+00 0.0000e+00 1.3131e-04 2.9949e-11 1.3131e-04 1.4842e-01 0.0000e+00
802 0.0000e+00 0.0000e+00 1.3077e-04 2.7704e-11 1.3077e-04 1.4855e-01 0.0000e+00
803 0.0000e+00 0.0000e+00 1.3024e-04 2.5628e-11 1.3024e-04 1.4868e-01 0.0000e+00
804 0.0000e+00 0.0000e+00 1.2971e-04 2.3709e-11 1.2971e-04 1.4881e-01 0.0000e+00
805 0.0000e+00 0.0000e+00 1.2919e-04 2.1934e-11 1.2919e-04 1.4894e-01 0.0000e+00
806 0.0000e+00 0.0000e+00 1.2867e-04 2.0294e-11 1.2867e-04 1.4907e-01 0.0000e+00
807 0.0000e+00 0.0000e+00 1.2815e-04 1.8776e-11 1.2815e-04 1.4920e-01 0.0000e+00
808 0.0000e+00 0.0000e+00 1.2764e-04 1.7373e-11 1.2764e-04 1.4932e-01 0.0000e+00
809 0.0000e+00 0.0000e+00 1.2713e-04 1.6075e-11 1.2713e-04 1.4945e-01 0.0000e+00
810 0.0000e+00 0.0000e+00 1.2662e-04 1.4875e-11 1.2662e-04 1.4958e-01 0.0000e+00
811 0.0000e+00 0.0000e+00 1.2612e-04 1.3765e-11 1.2612e-04 1.4970e-01 0.0000e+00
812 0.0000e+00 0.0000e+00 1.2563e-04 0.0000e+00 1.2563e-04 1.4983e-01 0.0000e+00
813 0.0000e+00 3.0400e-05 1.2514e-04 0.0000e+00 1.2514e-04 1.4996e-01 0.0000e+00
814 0.0000e+00 5.8700e-05 1.2465e-04 0.0000e+00 1.2465e-04 1.5008e-01 0.0000e+00
815 0.0000e+00 8.3100e-05 1.2416e-04 0.0000e+00 1.2416e-04 1.5020e-01 0.0000e+00
816 0.0000e+00 1.0180e-04 1.2368e-04 0.0000e+00 1.2368e-04 1.5033e-01 0.0000e+00
817 0.0000e+00 1.1260e-04 1.2321e-04 0.0000e+00 1.2321e-04 1.5045e-01 0.0000e+00
818 0.0000e+00 1.1760e-04 1.2273e-04 0.0000e+00 1.2273e-04 1.5057e-01 0.0000e+00
819 0.0000e+00 1.1260e-04 1.2226e-04 0.0000e+00 1.2226e-04 1.5070e-01 0.0000e+00
820 0.0000e+00 1.0180e-04 1.2180e-04 0.0000e+00 1.2180e-04 1.5082e-01 0.0000e+00
821 0.0000e+00 8.3100e-05 1.2133e-04 0.0000e+00 1.2133e-04 1.5094e-01 0.0000e+00
822 0.0000e+00 5.8700e-05 1.2087e-04 0.0000e+00 1.2087e-04 1.5106e-01 0.0000e+00
823 0.0000e+00 2.8400e-05 1.2042e-04 0.0000e+00 1.2042e-04 1.5118e-01 0.0000e+00
824 0.0000e+00 0.0000e+00 1.1997e-04 0.0000e+00 1.1997e-04 1.5130e-01 0.0000e+00
825 0.0000e+00 0.0000e+00 1.1952e-04 0.0000e+00 1.1952e-04 1.5142e-01 0.0000e+00
826 0.0000e+00 0.0000e+00 1.1907e-04 0.0000e+00 1.1907e-04 1.5154e-01 0.0000e+00
827 0.0000e+00 0.0000e+00 1.1863e-04 0.0000e+00 1.1863e-04 1.5166e-01 0.0000e+00
828 0.0000e+00 0.0000e+00 1.1819e-04 0.0000e+00 1.1819e-04 1.5178e-01 0.0000e+00
829 0.0000e+00 0.0000e+00 1.1775e-04 0.0000e+00 1.1775e-04 1.5189e-01 0.0000e+00
830 0.0000e+00 0.0000e+00 1.1732e-04 0.0000e+00 1.1732e-04 1.5201e-01 0.0000e+00
831 0.0000e+00 0.0000e+00 1.1689e-04 0.0000e+00 1.1689e-04 1.5213e-01 0.0000e+00
832 0.0000e+00 0.0000e+00 1.1647e-04 0.0000e+00 1.1647e-04 1.5224e-01 0.0000e+00
833 0.0000e+00 0.0000e+00 1.1604e-04 0.0000e+00 1.1604e-04 1.5236e-01 0.0000e+00
834 0.0000e+00 0.0000e+00 1.1562e-04 0.0000e+00 1.1562e-04 1.5248e-01 0.0000e+00
835 0.0000e+00 0.0000e+00 1.1521e-04 0.0000e+00 1.1521e-04 1.5259e-01 0.0000e+00
836 0.0000e+00 0.0000e+00 1.1479e-04 0.0000e+00 1.1479e-04 1.5271e-01 0.0000e+00
837 0.0000e+00 6.6100e-05 1.1438e-04 0.0000e+00 1.1438e-04 1.5282e-01 0.0000e+00
838 0.0000e+00 1.2750e-04 1.1397e-04 0.0000e+00 1.1397e-04 1.5293e-01 0.0000e+00
839 0.0000e+00 1.8040e-04 1.1357e-04 0.0000e+00 1.1357e-04 1.5305e-01 0.0000e+00
840 0.0000e+00 2.2090e-04 1.1317e-04 0.0000e+00 1.1317e-04 1.5316e-01 0.0000e+00
841 0.0000e+00 2.4430e-04 1.1277e-04 0.0000e+00 1.1277e-04 1.5327e-01 0.0000e+00
842 0.0000e+00 2.5510e-04 1.1237e-04 0.0000e+00 1.1237e-04 1.5339e-01 0.0000e+00
843 0.0000e+00 2.4430e-04 1.1198e-04 0.0000e+00 1.1198e-04 1.5350e-01 0.0000e+00
844 0.0000e+00 2.2090e-04 1.1158e-04 0.0000e+00 1.1158e-04 1.5361e-01 0.0000e+00
845 0.0000e+00 1.8040e-04 1.1120e-04 0.0000e+00 1.1120e-04 1.5372e-01 0.0000e+00
846 0.0000e+00 1.2750e-04 1.1081e-04 0.0000e+00 1.1081e-04 1.5383e-01 0.0000e+00
847 0.0000e+00 6.1700e-05 1.1043e-04 0.0000e+00 1.1043e-04 1.5394e-01 0.0000e+00
848 0.0000e+00 0.0000e+00 1.1005e-04 0.0000e+00 1.1005e-04 1.5405e-01 0.0000e+00
849 0.0000e+00 0.0000e+00 1.0967e-04 0.0000e+00 1.0967e-04 1.5416e-01 0.0000e+00
850 0.0000e+00 0.0000e+00 1.0929e-04 0.0000e+00 1.0929e-04 1.5427e-01 0.0000e+00
851 0.0000e+00 0.0000e+00 1.0892e-04 0.0000e+00 1.0892e-04 1.5438e-01 0.0000e+00
852 0.0000e+00 0.0000e+00 1.0855e-04 0.0000e+00 1.0855e-04 1.5449e-01 0.0000e+00
853 0.0000e+00 0.0000e+00 1.0818e-04 0.0000e+00 1.0818e-04 1.5460e-01 0.0000e+00
854 0.0000e+00 0.0000e+00 1.0782e-04 0.0000e+00 1.0782e-04 1.5470e-01 0.0000e+00
855 0.0000e+00 0.0000e+00 1.0746e-04 0.0000e+00 1.0746e-04 1.5481e-01 0.0000e+00
856 0.0000e+00 0.0000e+00 1.0710e-04 0.0000e+00 1.0710e-04 1.5492e-01 0.0000e+00
857 0.0000e+00 0.0000e+00 1.0674e-04 0.0000e+00 1.0674e-04 1.5503e-01 0.0000e+00
858 0.0000e+00 0.0000e+00 1.0638e-04 0.0000e+00 1.0638e-04 1.5513e-01 0.0000e+00
859 0.0000e+00 0.0000e+00 1.0603e-04 0.0000e+00 1.0603e-04 1.5524e-01 0.0000e+00
860 0.0000e+00 0.0000e+00 1.0568e-04 0.0000e+00 1.0568e-04 1.5534e-01 0.0000e+00
861 0.0000e+00 9.7600e-05 1.0533e-04 0.0000e+00 1.0533e-04 1.5545e-01 0.0000e+00
862 0.0000e+00 1.8830e-04 1.0498e-04 0.0000e+00 1.0498e-04 1.5555e-01 0.0000e+00
863 0.0000e+00 2.6650e-04 1.0464e-04 0.0000e+00 1.0464e-04 1.5566e-01 0.0000e+00
864 0.0000e+00 3.2630e-04 1.0430e-04 0.0000e+00 1.0430e-04 1.5576e-01 0.0000e+00
865 0.0000e+00 3.6100e-04 1.0396e-04 0.0000e+00 1.0396e-04 1.5587e-01 0.0000e+00
866 0.0000e+00 3.7690e-04 1.0362e-04 0.0000e+00 1.0362e-04 1.5597e-01 0.0000e+00
867 0.0000e+00 3.6100e-04 1.0329e-04 0.0000e+00 1.0329e-04 1.5607e-01 0.0000e+00
868 0.0000e+00 3.2630e-04 1.0295e-04 0.0000e+00 1.0295e-04 1.5618e-01 0.0000e+00
869 0.0000e+00 2.6650e-04 1.0262e-04 0.0000e+00 1.0262e-04 1.5628e-01 0.0000e+00
870 0.0000e+00 1.8830e-04 1.0229e-04 0.0000e+00 1.0229e-04 1.5638e-01 0.0000e+00
871 0.0000e+00 9.1200e-05 1.0197e-04 0.0000e+00 1.0197e-04 1.5648e-01 0.0000e+00
872 0.0000e+00 0.0000e+00 1.0164e-04 0.0000e+00 1.0164e-04 1.5659e-01 0.0000e+00
873 0.0000e+00 0.0000e+00 1.0132e-04 0.0000e+00 1.0132e-04 1.5669e-01 0.0000e+00
874 0.0000e+00 0.0000e+00 1.0100e-04 0.0000e+00 1.0100e-04 1.5679e-01 0.0000e+00
875 0.0000e+00 0.0000e+00 1.0068e-04 0.0000e+00 1.0068e-04 1.5689e-01 0.0000e+00
876 0.0000e+00 0.0000e+00 1.0037e-04 0.0000e+00 1.0037e-04 1.5699e-01 0.0000e+00
877 0.0000e+00 0.0000e+00 1.0005e-04 0.0000e+00 1.0005e-04 1.5709e-01 0.0000e+00
878 0.0000e+00 0.0000e+00 9.9740e-05 0.0000e+00 9.9740e-05 1.5719e-01 0.0000e+00
879 0.0000e+00 0.0000e+00 9.9429e-05 0.0000e+00 9.9429e-05 1.5729e-01 0.0000e+00
880 0.0000e+00 0.0000e+00 9.9121e-05 0.0000e+00 9.9121e-05 1.5739e-01 0.0000e+00
881 0.0000e+00 0.0000e+00 9.8814e-05 0.0000e+00 9.8814e-05 1.5749e-01 0.0000e+00
882 0.0000e+00 0.0000e+00 9.8510e-05 0.0000e+00 9.8510e-05 1.5758e-01 0.0000e+00
883 0.0000e+00 0.0000e+00 9.8207e-05 0.0000e+00 9.8207e-05 1.5768e-01 0.0000e+00
884 0.0000e+00 0.0000e+00 9.7906e-05 0.0000e+00 9.7906e-05 1.5778e-01 0.0000e+00
885 0.0000e+00 6.4300e-05 9.7607e-05 0.0000e+00 9.7607e-05 1.5788e-01 0.0000e+00
886 0.0000e+00 1.2410e-04 9.7310e-05 0.0000e+00 9.7310e-05 1.5798e-01 0.0000e+00
887 0.0000e+00 1.7560e-04 9.7014e-05 0.0000e+00 9.7014e-05 1.5807e-01 0.0000e+00
888 0.0000e+00 2.1500e-04 9.6721e-05 0.0000e+00 9.6721e-05 1.5817e-01 0.0000e+00
889 0.0000e+00 2.3790e-04 9.6429e-05 0.0000e+00 9.6429e-05 1.5827e-01 0.0000e+00
890 0.0000e+00 2.4840e-04 9.6139e-05 0.0000e+00 9.6139e-05 1.5836e-01 0.0000e+00
891 0.0000e+00 2.3790e-04 9.5850e-05 0.0000e+00 9.5850e-05 1.5846e-01 0.0000e+00
892 0.0000e+00 2.1500e-04 9.5563e-05 0.0000e+00 9.5563e-05 1.5855e-01 0.0000e+00
893 0.0000e+00 1.7560e-04 9.5278e-05 0.0000e+00 9.5278e-05 1.5865e-01 0.0000e+00
894 0.0000e+00 1.2410e-04 9.4995e-05 0.0000e+00 9.4995e-05 1.5874e-01 0.0000e+00
895 0.0000e+00 6.0100e-05 9.4714e-05 0.0000e+00 9.4714e-05 1.5884e-01 0.0000e+00
896 0.0000e+00 0.0000e+00 9.4434e-05 0.0000e+00 9.4434e-05 1.5893e-01 0.0000e+00
897 0.0000e+00 0.0000e+00 9.4155e-05 0.0000e+00 9.4155e-05 1.5903e-01 0.0000e+00
898 0.0000e+00 0.0000e+00 9.3879e-05 0.0000e+00 9.3879e-05 1.5912e-01 0.0000e+00
899 0.0000e+00 0.0000e+00 9.3604e-05 0.0000e+00 9.3604e-05 1.5921e-01 0.0000e+00
900 0.0000e+00 0.0000e+00 9.3330e-05 0.0000e+00 9.3330e-05 1.5931e-01 0.0000e+00
901 0.0000e+00 0.0000e+00 9.3059e-05 0.0000e+00 9.3059e-05 1.5940e-01 0.0000e+00
902 0.0000e+00 0.0000e+00 9.2788e-05 0.0000e+00 9.2788e-05 1.5949e-01 0.0000e+00
903 0.0000e+00 0.0000e+00 9.2520e-05 0.0000e+00 9.2520e-05 1.5959e-01 0.0000e+00
904 0.0000e+00 0.0000e+00 9.2253e-05 0.0000e+00 9.2253e-05 1.5968e-01 0.0000e+00
905 0.0000e+00 0.0000e+00 9.1987e-05 0.0000e+00 9.1987e-05 1.5977e-01 0.0000e+00
906 0.0000e+00 0.0000e+00 9.1723e-05 0.0000e+00 9.1723e-05 1.5986e-01 0.0000e+00
907 0.0000e+00 0.0000e+00 9.1460e-05 0.0000e+00 9.1460e-05 1.5995e-01 0.0000e+00
908 0.0000e+00 0.0000e+00 9.1199e-05 0.0000e+00 9.1199e-05 1.6004e-01 0.0000e+00
909 0.0000e+00 8.0200e-05 9.0940e-05 0.0000e+00 9.0940e-05 1.6014e-01 0.0000e+00
910 0.0000e+00 1.5480e-04 9.0682e-05 0.0000e+00 9.0682e-05 1.6023e-01 0.0000e+00
911 0.0000e+00 2.1910e-04 9.0425e-05 0.0000e+00 9.0425e-05 1.6032e-01 0.0000e+00
912 0.0000e+00 2.6830e-04 9.0170e-05 0.0000e+00 9.0170e-05 1.6041e-01 0.0000e+00
913 0.0000e+00 2.9680e-04 8.9916e-05 0.0000e+00 8.9916e-05 1.6050e-01 0.0000e+00
914 0.0000e+00 3.0990e-04 8.9664e-05 0.0000e+00 8.9664e-05 1.6059e-01 0.0000e+00
915 0.0000e+00 2.9680e-04 8.9413e-05 0.0000e+00 8.9413e-05 1.6068e-01 0.0000e+00
916 0.0000e+00 2.6830e-04 8.9164e-05 0.0000e+00 8.9164e-05 1.6076e-01 0.0000e+00
917 0.0000e+00 2.1910e-04 8.8916e-05 0.0000e+00 8.8916e-05 1.6085e-01 0.0000e+00
918 0.0000e+00 1.5480e-04 8.8669e-05 0.0000e+00 8.8669e-05 1.6094e-01 0.0000e+00
919 0.0000e+00 7.5000e-05 8.8423e-05 0.0000e+00 8.8423e-05 1.6103e-01 0.0000e+00
920 0.0000e+00 0.0000e+00 8.8179e-05 0.0000e+00 8.8179e-05 1.6112e-01 0.0000e+00
921 0.0000e+00 0.0000e+00 8.7937e-05 0.0000e+00 8.7937e-05 1.6121e-01 0.0000e+00
922 0.0000e+00 0.0000e+00 8.7695e-05 0.0000e+00 8.7695e-05 1.6129e-01 0.0000e+00
923 0.0000e+00 0.0000e+00 8.7455e-05 0.0000e+00 8.7455e-05 1.6138e-01 0.0000e+00
924 0.0000e+00 0.0000e+00 8.7217e-05 0.0000e+00 8.7217e-05 1.6147e-01 0.0000e+00
925 0.0000e+00 0.0000e+00 8.6979e-05 0.0000e+00 8.6979e-05 1.6156e-01 0.0000e+00
926 0.0000e+00 0.0000e+00 8.6743e-05 0.0000e+00 8.6743e-05 1.6164e-01 0.0000e+00
927 0.0000e+00 0.0000e+00 8.6508e-05 0.0000e+00 8.6508e-05 1.6173e-01 0.0000e+00
928 0.0000e+00 0.0000e+00 8.6275e-05 0.0000e+00 8.6275e-05 1.6182e-01 0.0000e+00
929 0.0000e+00 0.0000e+00 8.6043e-05 0.0000e+00 8.6043e-05 1.6190e-01 0.0000e+00
930 0.0000e+00 0.0000e+00 8.5812e-05 0.0000e+00 8.5812e-05 1.6199e-01 0.0000e+00
931 0.0000e+00 0.0000e+00 8.5582e-05 0.0000e+00 8.5582e-05 1.6207e-01 0.0000e+00
932 0.0000e+00 0.0000e+00 8.5353e-05 0.0000e+00 8.5353e-05 1.6216e-01 0.0000e+00
933 0.0000e+00 9.6000e-05 8.5126e-05 0.0000e+00 8.5126e-05 1.6224e-01 0.0000e+00
934 0.0000e+00 1.8520e-04 8.4900e-05 0.0000e+00 8.4900e-05 1.6233e-01 0.0000e+00
935 0.0000e+00 2.6210e-04 8.4675e-05 0.0000e+00 8.4675e-05 1.6241e-01 0.0000e+00
936 0.0000e+00 3.2090e-04 8.4451e-05 0.0000e+00 8.4451e-05 1.6250e-01 0.0000e+00
937 0.0000e+00 3.5500e-04 8.4228e-05 0.0000e+00 8.4228e-05 1.6258e-01 0.0000e+00
938 0.0000e+00 3.7070e-04 8.4007e-05 0.0000e+00 8.4007e-05 1.6267e-01 0.0000e+00
939 0.0000e+00 3.5500e-04 8.3787e-05 0.0000e+00 8.3787e-05 1.6275e-01 0.0000e+00
940 0.0000e+00 3.2090e-04 8.3568e-05 0.0000e+00 8.3568e-05 1.6283e-01 0.0000e+00
941 0.0000e+00 2.6210e-04 8.3350e-05 0.0000e+00 8.3350e-05 1.6292e-01 0.0000e+00
942 0.0000e+00 1.8520e-04 8.3133e-05 0.0000e+00 8.3133e-05 1.6300e-01 0.0000e+00
943 0.0000e+00 8.9700e-05 8.2917e-05 0.0000e+00 8.2917e-05 1.6308e-01 0.0000e+00
944 0.0000e+00 0.0000e+00 8.2703e-05 0.0000e+00 8.2703e-05 1.6317e-01 0.0000e+00
945 0.0000e+00 0.0000e+00 8.2489e-05 0.0000e+00 8.2489e-05 1.6325e-01 0.0000e+00
946 0.0000e+00 0.0000e+00 8.2277e-05 0.0000e+00 8.2277e-05 1.6333e-01 0.0000e+00
947 0.0000e+00 0.0000e+00 8.2066e-05 0.0000e+00 8.2066e-05 1.6341e-01 0.0000e+00
948 0.0000e+00 0.0000e+00 8.1855e-05 0.0000e+00 8.1855e-05 1.6349e-01 0.0000e+00
949 0.0000e+00 0.0000e+00 8.1646e-05 0.0000e+00 8.1646e-05 1.6358e-01 0.0000e+00
950 0.0000e+00 0.0000e+00 8.1438e-05 0.0000e+00 8.1438e-05 1.6366e-01 0.0000e+00
Objective function values:
F1 2.298890e-06    NSE 0.60481   F2 3.521575e-02
Mean Obs Q 1.590065e-04   Variance Obs Q 6.123405e-09
    Error Variance 2.419884e-09

Water Balance for Subcatchment: Extracted study basin: Taegu Pyungkwang River

   SUMP       SUMAE      SUMQ       SUMRZ      SUMUZ      SBAR        BAL
1.890e-01  4.556e-02  1.245e-01  1.930e-02  0.000e+00  1.637e-01  7.167e-03
