Taegu Pyungkwang River Catchment: Calibration Data

Subcatchment : Extracted study basin: cat-10549

TL =     7.85
SUMAC =     1.00
SZQ =       0.05765
Subcatchment routing data:
Maximum Routing Delay       0.69444
Sum of Histogram ordinates:     1.0000
     1.00000 
Initial BAL             -0.24109
Initial SBAR             0.23909
Initial SR0              0.00200
it      p        ep       q(it)       quz      q       sbar       qof
1 0.0000e+00 6.1900e-05 3.2800e-05 0.0000e+00 3.2800e-05 2.3913e-01 0.0000e+00
2 0.0000e+00 6.4700e-05 3.2766e-05 0.0000e+00 3.2766e-05 2.3916e-01 0.0000e+00
3 1.0000e-03 6.1900e-05 3.2733e-05 0.0000e+00 3.2733e-05 2.3919e-01 0.0000e+00
4 1.0000e-03 5.6000e-05 3.2699e-05 0.0000e+00 3.2699e-05 2.3922e-01 0.0000e+00
5 1.0000e-03 4.5700e-05 4.0385e-05 6.9548e-05 3.2666e-05 2.3919e-01 7.7187e-06
6 5.0000e-04 3.2300e-05 3.7304e-05 1.0167e-04 3.2704e-05 2.3912e-01 4.6005e-06
7 5.0000e-04 1.5600e-05 3.7510e-05 1.3203e-04 3.2774e-05 2.3902e-01 4.7362e-06
8 0.0000e+00 0.0000e+00 3.2876e-05 1.1652e-04 3.2876e-05 2.3894e-01 0.0000e+00
9 5.0000e-04 0.0000e+00 3.7867e-05 1.4822e-04 3.2962e-05 2.3882e-01 4.9053e-06
10 5.0000e-04 0.0000e+00 3.8144e-05 1.7716e-04 3.3081e-05 2.3868e-01 5.0632e-06
11 0.0000e+00 0.0000e+00 3.3230e-05 1.5720e-04 3.3230e-05 2.3855e-01 0.0000e+00
12 0.0000e+00 0.0000e+00 3.3359e-05 1.4067e-04 3.3359e-05 2.3845e-01 0.0000e+00
13 1.0000e-03 0.0000e+00 4.3598e-05 2.1792e-04 3.3471e-05 2.3826e-01 1.0126e-05
14 5.0000e-04 0.0000e+00 3.8728e-05 2.3879e-04 3.3665e-05 2.3806e-01 5.0632e-06
15 5.0000e-04 0.0000e+00 3.8945e-05 2.5835e-04 3.3881e-05 2.3783e-01 5.0632e-06
16 1.0000e-03 0.0000e+00 4.4246e-05 3.2210e-04 3.4120e-05 2.3754e-01 1.0126e-05
17 0.0000e+00 0.0000e+00 3.4428e-05 2.8593e-04 3.4428e-05 2.3729e-01 0.0000e+00
18 0.0000e+00 0.0000e+00 3.4700e-05 2.5606e-04 3.4700e-05 2.3707e-01 0.0000e+00
19 0.0000e+00 0.0000e+00 3.4941e-05 2.2996e-04 3.4941e-05 2.3688e-01 0.0000e+00
20 0.0000e+00 0.0000e+00 3.5154e-05 2.0688e-04 3.5154e-05 2.3670e-01 0.0000e+00
21 0.0000e+00 1.8000e-05 3.5344e-05 1.8636e-04 3.5344e-05 2.3655e-01 0.0000e+00
22 0.0000e+00 3.4800e-05 3.5511e-05 1.6805e-04 3.5511e-05 2.3642e-01 0.0000e+00
23 0.0000e+00 4.9200e-05 3.5658e-05 1.5167e-04 3.5658e-05 2.3630e-01 0.0000e+00
24 3.0000e-03 6.0200e-05 6.5135e-05 4.0621e-04 3.5788e-05 2.3593e-01 2.9347e-05
25 2.0000e-03 6.6600e-05 5.5848e-05 5.3686e-04 3.6204e-05 2.3543e-01 1.9643e-05
26 5.5000e-03 6.9600e-05 9.1796e-05 9.8164e-04 3.6775e-05 2.3449e-01 5.5021e-05
27 6.0000e-03 6.6600e-05 9.7931e-05 1.4205e-03 3.7877e-05 2.3311e-01 6.0054e-05
28 1.0000e-03 6.0200e-05 4.9002e-05 1.3430e-03 3.9550e-05 2.3180e-01 9.4521e-06
29 2.5000e-03 4.9200e-05 6.5901e-05 1.4315e-03 4.1194e-05 2.3041e-01 2.4707e-05
30 0.0000e+00 3.4800e-05 4.3023e-05 1.2755e-03 4.3023e-05 2.2918e-01 0.0000e+00
31 0.0000e+00 1.6800e-05 4.4712e-05 1.1436e-03 4.4712e-05 2.2808e-01 0.0000e+00
32 1.0000e-03 0.0000e+00 5.5381e-05 1.1151e-03 4.6274e-05 2.2701e-01 9.1064e-06
33 5.0000e-04 0.0000e+00 5.2909e-05 1.0473e-03 4.7846e-05 2.2601e-01 5.0632e-06
34 0.0000e+00 0.0000e+00 4.9364e-05 9.3823e-04 4.9364e-05 2.2512e-01 0.0000e+00
35 0.0000e+00 0.0000e+00 5.0755e-05 8.4268e-04 5.0755e-05 2.2433e-01 0.0000e+00
36 0.0000e+00 0.0000e+00 5.2026e-05 7.5726e-04 5.2026e-05 2.2363e-01 0.0000e+00
37 0.0000e+00 0.0000e+00 5.3186e-05 6.8076e-04 5.3186e-05 2.2300e-01 0.0000e+00
38 0.0000e+00 0.0000e+00 5.4239e-05 6.1216e-04 5.4239e-05 2.2244e-01 0.0000e+00
39 0.0000e+00 0.0000e+00 5.5193e-05 5.5061e-04 5.5193e-05 2.2195e-01 0.0000e+00
40 0.0000e+00 0.0000e+00 5.6054e-05 4.9537e-04 5.6054e-05 2.2151e-01 0.0000e+00
41 0.0000e+00 0.0000e+00 5.6829e-05 4.4579e-04 5.6829e-05 2.2112e-01 0.0000e+00
42 0.0000e+00 0.0000e+00 5.7524e-05 4.0127e-04 5.7524e-05 2.2077e-01 0.0000e+00
43 0.0000e+00 0.0000e+00 5.8145e-05 3.6129e-04 5.8145e-05 2.2047e-01 0.0000e+00
44 0.0000e+00 0.0000e+00 5.8699e-05 3.2539e-04 5.8699e-05 2.2020e-01 0.0000e+00
45 0.0000e+00 3.3800e-05 5.9190e-05 2.9315e-04 5.9190e-05 2.1997e-01 0.0000e+00
46 1.0000e-03 6.5200e-05 7.0871e-05 3.6292e-04 5.9624e-05 2.1967e-01 1.1247e-05
47 0.0000e+00 9.2300e-05 6.0192e-05 3.2118e-04 6.0192e-05 2.1941e-01 0.0000e+00
48 5.0000e-04 1.1300e-04 6.4673e-05 3.2263e-04 6.0685e-05 2.1914e-01 3.9883e-06
49 0.0000e+00 1.2500e-04 6.1184e-05 2.8741e-04 6.1184e-05 2.1892e-01 0.0000e+00
50 1.0000e-03 1.3050e-04 7.0491e-05 3.3598e-04 6.1618e-05 2.1864e-01 8.8735e-06
51 2.5000e-03 1.2500e-04 8.9731e-05 5.4129e-04 6.2148e-05 2.1816e-01 2.7583e-05
52 3.0000e-03 1.1300e-04 9.6553e-05 7.6780e-04 6.3086e-05 2.1746e-01 3.3467e-05
53 2.5000e-03 9.2300e-05 9.2277e-05 9.1521e-04 6.4491e-05 2.1661e-01 2.7786e-05
54 3.0000e-03 6.5200e-05 1.0008e-04 1.1033e-03 6.6228e-05 2.1557e-01 3.3848e-05
55 2.5000e-03 3.1600e-05 9.6752e-05 1.2200e-03 6.8409e-05 2.1442e-01 2.8343e-05
56 2.0000e-03 0.0000e+00 9.3830e-05 1.2779e-03 7.0916e-05 2.1321e-01 2.2914e-05
57 1.0000e-03 0.0000e+00 8.5283e-05 1.2295e-03 7.3642e-05 2.1206e-01 1.1641e-05
58 1.0000e-03 0.0000e+00 8.7991e-05 1.1930e-03 7.6350e-05 2.1094e-01 1.1641e-05
59 0.0000e+00 0.0000e+00 7.9062e-05 1.0529e-03 7.9062e-05 2.0997e-01 0.0000e+00
60 5.0000e-04 0.0000e+00 8.7325e-05 9.9018e-04 8.1505e-05 2.0906e-01 5.8204e-06
61 5.0000e-04 0.0000e+00 8.9673e-05 9.3204e-04 8.3852e-05 2.0821e-01 5.8204e-06
62 0.0000e+00 0.0000e+00 8.6105e-05 8.2486e-04 8.6105e-05 2.0747e-01 0.0000e+00
63 0.0000e+00 0.0000e+00 8.8115e-05 7.3323e-04 8.8115e-05 2.0683e-01 0.0000e+00
64 0.0000e+00 0.0000e+00 8.9910e-05 6.5233e-04 8.9910e-05 2.0626e-01 0.0000e+00
65 0.0000e+00 0.0000e+00 9.1504e-05 5.8073e-04 9.1504e-05 2.0577e-01 0.0000e+00
66 0.0000e+00 0.0000e+00 9.2914e-05 5.1726e-04 9.2914e-05 2.0535e-01 0.0000e+00
67 0.0000e+00 0.0000e+00 9.4154e-05 4.6095e-04 9.4154e-05 2.0498e-01 0.0000e+00
68 0.0000e+00 0.0000e+00 9.5240e-05 4.1098e-04 9.5240e-05 2.0467e-01 0.0000e+00
69 0.0000e+00 4.1400e-05 9.6184e-05 3.6659e-04 9.6184e-05 2.0440e-01 0.0000e+00
70 0.0000e+00 7.9800e-05 9.7000e-05 3.2716e-04 9.7000e-05 2.0417e-01 0.0000e+00
71 0.0000e+00 1.1290e-04 9.7700e-05 2.9211e-04 9.7700e-05 2.0397e-01 0.0000e+00
72 0.0000e+00 1.3830e-04 9.8296e-05 2.6095e-04 9.8296e-05 2.0381e-01 0.0000e+00
73 0.0000e+00 1.5300e-04 9.8797e-05 2.3323e-04 9.8797e-05 2.0367e-01 0.0000e+00
74 0.0000e+00 1.5980e-04 9.9213e-05 2.0856e-04 9.9213e-05 2.0357e-01 0.0000e+00
75 0.0000e+00 1.5300e-04 9.9552e-05 1.8659e-04 9.9552e-05 2.0348e-01 0.0000e+00
76 0.0000e+00 1.3830e-04 9.9823e-05 1.6702e-04 9.9823e-05 2.0341e-01 0.0000e+00
77 0.0000e+00 1.1290e-04 1.0003e-04 1.4958e-04 1.0003e-04 2.0336e-01 0.0000e+00
78 0.0000e+00 7.9800e-05 1.0019e-04 1.3403e-04 1.0019e-04 2.0333e-01 0.0000e+00
79 0.0000e+00 3.8700e-05 1.0029e-04 1.2015e-04 1.0029e-04 2.0331e-01 0.0000e+00
80 0.0000e+00 0.0000e+00 1.0036e-04 1.0777e-04 1.0036e-04 2.0330e-01 0.0000e+00
81 0.0000e+00 0.0000e+00 1.0038e-04 9.6707e-05 1.0038e-04 2.0330e-01 0.0000e+00
82 0.0000e+00 0.0000e+00 1.0037e-04 8.6825e-05 1.0037e-04 2.0332e-01 0.0000e+00
83 0.0000e+00 0.0000e+00 1.0033e-04 7.7991e-05 1.0033e-04 2.0334e-01 0.0000e+00
84 0.0000e+00 0.0000e+00 1.0026e-04 7.0089e-05 1.0026e-04 2.0337e-01 0.0000e+00
85 0.0000e+00 0.0000e+00 1.0016e-04 6.3018e-05 1.0016e-04 2.0341e-01 0.0000e+00
86 0.0000e+00 0.0000e+00 1.0004e-04 5.6687e-05 1.0004e-04 2.0345e-01 0.0000e+00
87 0.0000e+00 0.0000e+00 9.9909e-05 5.1016e-05 9.9909e-05 2.0350e-01 0.0000e+00
88 0.0000e+00 0.0000e+00 9.9757e-05 4.5933e-05 9.9757e-05 2.0355e-01 0.0000e+00
89 0.0000e+00 0.0000e+00 9.9589e-05 4.1376e-05 9.9589e-05 2.0361e-01 0.0000e+00
90 0.0000e+00 0.0000e+00 9.9408e-05 3.7287e-05 9.9408e-05 2.0367e-01 0.0000e+00
91 0.0000e+00 0.0000e+00 9.9216e-05 3.3617e-05 9.9216e-05 2.0374e-01 0.0000e+00
92 0.0000e+00 0.0000e+00 9.9012e-05 3.0321e-05 9.9012e-05 2.0381e-01 0.0000e+00
93 0.0000e+00 1.9100e-05 9.8800e-05 2.7360e-05 9.8800e-05 2.0388e-01 0.0000e+00
94 0.0000e+00 3.6800e-05 9.8580e-05 2.4698e-05 9.8580e-05 2.0395e-01 0.0000e+00
95 0.0000e+00 5.2100e-05 9.8352e-05 2.2305e-05 9.8352e-05 2.0403e-01 0.0000e+00
96 0.0000e+00 6.3800e-05 9.8119e-05 2.0151e-05 9.8119e-05 2.0411e-01 0.0000e+00
97 5.0000e-04 7.0600e-05 9.7880e-05 1.8213e-05 9.7880e-05 2.0419e-01 0.0000e+00
98 5.0000e-04 7.3700e-05 9.7637e-05 1.6468e-05 9.7637e-05 2.0427e-01 0.0000e+00
99 0.0000e+00 7.0600e-05 9.7389e-05 1.4895e-05 9.7389e-05 2.0435e-01 0.0000e+00
100 0.0000e+00 6.3800e-05 9.7139e-05 1.3478e-05 9.7139e-05 2.0443e-01 0.0000e+00
101 0.0000e+00 5.2100e-05 9.6885e-05 1.2201e-05 9.6885e-05 2.0452e-01 0.0000e+00
102 0.0000e+00 3.6800e-05 9.6629e-05 1.1048e-05 9.6629e-05 2.0460e-01 0.0000e+00
103 0.0000e+00 1.7800e-05 9.6371e-05 1.0008e-05 9.6371e-05 2.0469e-01 0.0000e+00
104 0.0000e+00 0.0000e+00 9.6111e-05 9.0689e-06 9.6111e-05 2.0478e-01 0.0000e+00
105 0.0000e+00 0.0000e+00 9.5850e-05 8.2206e-06 9.5850e-05 2.0487e-01 0.0000e+00
106 0.0000e+00 0.0000e+00 9.5588e-05 7.4545e-06 9.5588e-05 2.0495e-01 0.0000e+00
107 0.0000e+00 0.0000e+00 9.5325e-05 6.7620e-06 9.5325e-05 2.0504e-01 0.0000e+00
108 0.0000e+00 0.0000e+00 9.5062e-05 6.1359e-06 9.5062e-05 2.0513e-01 0.0000e+00
109 0.0000e+00 0.0000e+00 9.4798e-05 5.5696e-06 9.4798e-05 2.0522e-01 0.0000e+00
110 0.0000e+00 0.0000e+00 9.4534e-05 5.0572e-06 9.4534e-05 2.0531e-01 0.0000e+00
111 5.0000e-04 0.0000e+00 9.4270e-05 4.5933e-06 9.4270e-05 2.0540e-01 0.0000e+00
112 0.0000e+00 0.0000e+00 9.4006e-05 4.1733e-06 9.4006e-05 2.0549e-01 0.0000e+00
113 0.0000e+00 0.0000e+00 9.3743e-05 3.7929e-06 9.3743e-05 2.0558e-01 0.0000e+00
114 0.0000e+00 0.0000e+00 9.3479e-05 3.4477e-06 9.3479e-05 2.0567e-01 0.0000e+00
115 0.0000e+00 0.0000e+00 9.3217e-05 3.1353e-06 9.3217e-05 2.0576e-01 0.0000e+00
116 0.0000e+00 0.0000e+00 9.2955e-05 2.8521e-06 9.2955e-05 2.0585e-01 0.0000e+00
117 0.0000e+00 1.0200e-05 9.2693e-05 2.5951e-06 9.2693e-05 2.0594e-01 0.0000e+00
118 0.0000e+00 1.9800e-05 9.2433e-05 2.3620e-06 9.2433e-05 2.0603e-01 0.0000e+00
119 0.0000e+00 2.8000e-05 9.2173e-05 2.1504e-06 9.2173e-05 2.0612e-01 0.0000e+00
120 0.0000e+00 3.4200e-05 9.1914e-05 1.9583e-06 9.1914e-05 2.0621e-01 0.0000e+00
121 0.0000e+00 3.7900e-05 9.1656e-05 1.7838e-06 9.1656e-05 2.0630e-01 0.0000e+00
122 0.0000e+00 3.9500e-05 9.1399e-05 1.6253e-06 9.1399e-05 2.0639e-01 0.0000e+00
123 0.0000e+00 3.7900e-05 9.1143e-05 1.4813e-06 9.1143e-05 2.0648e-01 0.0000e+00
124 0.0000e+00 3.4200e-05 9.0888e-05 1.3498e-06 9.0888e-05 2.0657e-01 0.0000e+00
125 0.0000e+00 2.8000e-05 9.0634e-05 1.2308e-06 9.0634e-05 2.0666e-01 0.0000e+00
126 0.0000e+00 1.9800e-05 9.0381e-05 1.1226e-06 9.0381e-05 2.0675e-01 0.0000e+00
127 0.0000e+00 9.6000e-06 9.0129e-05 1.0242e-06 9.0129e-05 2.0684e-01 0.0000e+00
128 0.0000e+00 0.0000e+00 8.9879e-05 9.3460e-07 8.9879e-05 2.0693e-01 0.0000e+00
129 0.0000e+00 0.0000e+00 8.9629e-05 8.5305e-07 8.9629e-05 2.0701e-01 0.0000e+00
130 0.0000e+00 0.0000e+00 8.9381e-05 7.7880e-07 8.9381e-05 2.0710e-01 0.0000e+00
131 0.0000e+00 0.0000e+00 8.9134e-05 7.1117e-07 8.9134e-05 2.0719e-01 0.0000e+00
132 0.0000e+00 0.0000e+00 8.8888e-05 6.4956e-07 8.8888e-05 2.0728e-01 0.0000e+00
133 0.0000e+00 0.0000e+00 8.8643e-05 5.9251e-07 8.8643e-05 2.0737e-01 0.0000e+00
134 0.0000e+00 0.0000e+00 8.8399e-05 5.4147e-07 8.8399e-05 2.0746e-01 0.0000e+00
135 0.0000e+00 0.0000e+00 8.8157e-05 4.9492e-07 8.8157e-05 2.0754e-01 0.0000e+00
136 0.0000e+00 0.0000e+00 8.7916e-05 4.5248e-07 8.7916e-05 2.0763e-01 0.0000e+00
137 0.0000e+00 0.0000e+00 8.7676e-05 4.1375e-07 8.7676e-05 2.0772e-01 0.0000e+00
138 0.0000e+00 0.0000e+00 8.7437e-05 3.7842e-07 8.7437e-05 2.0781e-01 0.0000e+00
139 0.0000e+00 0.0000e+00 8.7200e-05 3.4617e-07 8.7200e-05 2.0789e-01 0.0000e+00
140 0.0000e+00 0.0000e+00 8.6963e-05 3.1673e-07 8.6963e-05 2.0798e-01 0.0000e+00
141 5.0000e-04 4.1400e-05 8.6728e-05 2.8985e-07 8.6728e-05 2.0806e-01 0.0000e+00
142 0.0000e+00 7.9900e-05 8.6494e-05 2.6531e-07 8.6494e-05 2.0815e-01 0.0000e+00
143 0.0000e+00 1.1300e-04 8.6261e-05 2.4174e-07 8.6261e-05 2.0824e-01 0.0000e+00
144 0.0000e+00 1.3840e-04 8.6030e-05 2.2140e-07 8.6030e-05 2.0832e-01 0.0000e+00
145 0.0000e+00 1.5310e-04 8.5799e-05 2.0281e-07 8.5799e-05 2.0841e-01 0.0000e+00
146 0.0000e+00 1.5990e-04 8.5570e-05 1.8581e-07 8.5570e-05 2.0849e-01 0.0000e+00
147 0.0000e+00 1.5310e-04 8.5342e-05 1.7026e-07 8.5342e-05 2.0858e-01 0.0000e+00
148 0.0000e+00 1.3840e-04 8.5115e-05 1.5604e-07 8.5115e-05 2.0866e-01 0.0000e+00
149 0.0000e+00 1.1300e-04 8.4890e-05 1.4303e-07 8.4890e-05 2.0875e-01 0.0000e+00
150 0.0000e+00 7.9900e-05 8.4665e-05 1.3113e-07 8.4665e-05 2.0883e-01 0.0000e+00
151 0.0000e+00 3.8700e-05 8.4442e-05 1.2024e-07 8.4442e-05 2.0892e-01 0.0000e+00
152 0.0000e+00 0.0000e+00 8.4220e-05 1.1027e-07 8.4220e-05 2.0900e-01 0.0000e+00
153 0.0000e+00 0.0000e+00 8.3999e-05 9.9699e-08 8.3999e-05 2.0909e-01 0.0000e+00
154 0.0000e+00 0.0000e+00 8.3779e-05 9.1509e-08 8.3779e-05 2.0917e-01 0.0000e+00
155 0.0000e+00 0.0000e+00 8.3560e-05 8.4003e-08 8.3560e-05 2.0925e-01 0.0000e+00
156 0.0000e+00 0.0000e+00 8.3342e-05 7.7123e-08 8.3342e-05 2.0934e-01 0.0000e+00
157 0.0000e+00 0.0000e+00 8.3126e-05 7.0816e-08 8.3126e-05 2.0942e-01 0.0000e+00
158 0.0000e+00 0.0000e+00 8.2910e-05 6.5034e-08 8.2910e-05 2.0950e-01 0.0000e+00
159 0.0000e+00 0.0000e+00 8.2696e-05 5.9732e-08 8.2696e-05 2.0958e-01 0.0000e+00
160 0.0000e+00 0.0000e+00 8.2482e-05 5.4869e-08 8.2482e-05 2.0967e-01 0.0000e+00
161 0.0000e+00 0.0000e+00 8.2270e-05 5.0408e-08 8.2270e-05 2.0975e-01 0.0000e+00
162 0.0000e+00 0.0000e+00 8.2059e-05 4.6317e-08 8.2059e-05 2.0983e-01 0.0000e+00
163 0.0000e+00 0.0000e+00 8.1849e-05 4.1159e-08 8.1849e-05 2.0991e-01 0.0000e+00
164 0.0000e+00 0.0000e+00 8.1640e-05 3.7862e-08 8.1640e-05 2.0999e-01 0.0000e+00
165 0.0000e+00 1.7800e-05 8.1432e-05 3.4833e-08 8.1432e-05 2.1008e-01 0.0000e+00
166 0.0000e+00 3.4400e-05 8.1225e-05 3.2049e-08 8.1225e-05 2.1016e-01 0.0000e+00
167 0.0000e+00 4.8600e-05 8.1019e-05 2.9491e-08 8.1019e-05 2.1024e-01 0.0000e+00
168 0.0000e+00 5.9500e-05 8.0815e-05 2.7140e-08 8.0815e-05 2.1032e-01 0.0000e+00
169 0.0000e+00 6.5900e-05 8.0611e-05 2.4979e-08 8.0611e-05 2.1040e-01 0.0000e+00
170 0.0000e+00 6.8800e-05 8.0408e-05 2.2992e-08 8.0408e-05 2.1048e-01 0.0000e+00
171 0.0000e+00 6.5900e-05 8.0206e-05 2.1165e-08 8.0206e-05 2.1056e-01 0.0000e+00
172 0.0000e+00 5.9500e-05 8.0006e-05 1.9486e-08 8.0006e-05 2.1064e-01 0.0000e+00
173 0.0000e+00 4.8600e-05 7.9806e-05 1.6928e-08 7.9806e-05 2.1072e-01 0.0000e+00
174 0.0000e+00 3.4400e-05 7.9607e-05 1.5606e-08 7.9607e-05 2.1080e-01 0.0000e+00
175 0.0000e+00 1.6600e-05 7.9409e-05 1.4388e-08 7.9409e-05 2.1088e-01 0.0000e+00
176 0.0000e+00 0.0000e+00 7.9213e-05 1.3267e-08 7.9213e-05 2.1096e-01 0.0000e+00
177 0.0000e+00 0.0000e+00 7.9017e-05 1.2233e-08 7.9017e-05 2.1104e-01 0.0000e+00
178 0.0000e+00 0.0000e+00 7.8822e-05 1.1281e-08 7.8822e-05 2.1112e-01 0.0000e+00
179 0.0000e+00 0.0000e+00 7.8628e-05 1.0404e-08 7.8628e-05 2.1119e-01 0.0000e+00
180 0.0000e+00 0.0000e+00 7.8435e-05 9.5957e-09 7.8435e-05 2.1127e-01 0.0000e+00
181 0.0000e+00 0.0000e+00 7.8243e-05 8.8509e-09 7.8243e-05 2.1135e-01 0.0000e+00
182 0.0000e+00 0.0000e+00 7.8052e-05 8.1645e-09 7.8052e-05 2.1143e-01 0.0000e+00
183 0.0000e+00 0.0000e+00 7.7862e-05 6.8124e-09 7.7862e-05 2.1151e-01 0.0000e+00
184 0.0000e+00 0.0000e+00 7.7673e-05 6.2940e-09 7.7673e-05 2.1158e-01 0.0000e+00
185 0.0000e+00 0.0000e+00 7.7485e-05 5.8153e-09 7.7485e-05 2.1166e-01 0.0000e+00
186 0.0000e+00 0.0000e+00 7.7297e-05 5.3734e-09 7.7297e-05 2.1174e-01 0.0000e+00
187 0.0000e+00 0.0000e+00 7.7111e-05 4.9653e-09 7.7111e-05 2.1182e-01 0.0000e+00
188 0.0000e+00 0.0000e+00 7.6925e-05 4.5885e-09 7.6925e-05 2.1189e-01 0.0000e+00
189 0.0000e+00 4.5600e-05 7.6740e-05 4.2405e-09 7.6740e-05 2.1197e-01 0.0000e+00
190 5.0000e-04 8.7900e-05 7.6557e-05 3.9191e-09 7.6557e-05 2.1205e-01 0.0000e+00
191 0.0000e+00 1.2440e-04 7.6374e-05 3.6223e-09 7.6374e-05 2.1212e-01 0.0000e+00
192 0.0000e+00 1.5230e-04 7.6192e-05 3.3482e-09 7.6192e-05 2.1220e-01 0.0000e+00
193 0.0000e+00 1.6850e-04 7.6010e-05 2.5611e-09 7.6010e-05 2.1228e-01 0.0000e+00
194 0.0000e+00 1.7590e-04 7.5830e-05 2.3719e-09 7.5830e-05 2.1235e-01 0.0000e+00
195 0.0000e+00 1.6850e-04 7.5651e-05 2.1967e-09 7.5651e-05 2.1243e-01 0.0000e+00
196 0.0000e+00 1.5230e-04 7.5472e-05 2.0345e-09 7.5472e-05 2.1250e-01 0.0000e+00
197 0.0000e+00 1.2440e-04 7.5294e-05 1.8844e-09 7.5294e-05 2.1258e-01 0.0000e+00
198 0.0000e+00 8.7900e-05 7.5117e-05 1.7454e-09 7.5117e-05 2.1265e-01 0.0000e+00
199 0.0000e+00 4.2600e-05 7.4941e-05 1.6168e-09 7.4941e-05 2.1273e-01 0.0000e+00
200 0.0000e+00 0.0000e+00 7.4766e-05 1.4977e-09 7.4766e-05 2.1280e-01 0.0000e+00
201 0.0000e+00 0.0000e+00 7.4591e-05 1.3874e-09 7.4591e-05 2.1288e-01 0.0000e+00
202 0.0000e+00 0.0000e+00 7.4418e-05 1.2853e-09 7.4418e-05 2.1295e-01 0.0000e+00
203 0.0000e+00 0.0000e+00 7.4245e-05 8.2579e-10 7.4245e-05 2.1303e-01 0.0000e+00
204 0.0000e+00 0.0000e+00 7.4073e-05 7.6681e-10 7.4073e-05 2.1310e-01 0.0000e+00
205 0.0000e+00 0.0000e+00 7.3902e-05 7.1207e-10 7.3902e-05 2.1317e-01 0.0000e+00
206 0.0000e+00 0.0000e+00 7.3731e-05 6.6126e-10 7.3731e-05 2.1325e-01 0.0000e+00
207 0.0000e+00 0.0000e+00 7.3561e-05 6.1409e-10 7.3561e-05 2.1332e-01 0.0000e+00
208 0.0000e+00 0.0000e+00 7.3392e-05 5.7030e-10 7.3392e-05 2.1339e-01 0.0000e+00
209 0.0000e+00 0.0000e+00 7.3224e-05 5.2965e-10 7.3224e-05 2.1347e-01 0.0000e+00
210 0.0000e+00 0.0000e+00 7.3057e-05 4.9191e-10 7.3057e-05 2.1354e-01 0.0000e+00
211 0.0000e+00 0.0000e+00 7.2890e-05 4.5687e-10 7.2890e-05 2.1361e-01 0.0000e+00
212 0.0000e+00 0.0000e+00 7.2725e-05 4.2434e-10 7.2725e-05 2.1369e-01 0.0000e+00
213 0.0000e+00 4.9000e-05 7.2559e-05 1.9250e-10 7.2559e-05 2.1376e-01 0.0000e+00
214 0.0000e+00 9.4600e-05 7.2395e-05 1.7929e-10 7.2395e-05 2.1383e-01 0.0000e+00
215 0.0000e+00 1.3380e-04 7.2231e-05 1.6699e-10 7.2231e-05 2.1390e-01 0.0000e+00
216 0.0000e+00 1.6380e-04 7.2069e-05 1.5554e-10 7.2069e-05 2.1398e-01 0.0000e+00
217 0.0000e+00 1.8130e-04 7.1907e-05 1.4488e-10 7.1907e-05 2.1405e-01 0.0000e+00
218 0.0000e+00 1.8920e-04 7.1745e-05 1.3495e-10 7.1745e-05 2.1412e-01 0.0000e+00
219 0.0000e+00 1.8130e-04 7.1584e-05 1.2570e-10 7.1584e-05 2.1419e-01 0.0000e+00
220 0.0000e+00 1.6380e-04 7.1424e-05 1.1709e-10 7.1424e-05 2.1426e-01 0.0000e+00
221 0.0000e+00 1.3380e-04 7.1265e-05 1.0907e-10 7.1265e-05 2.1433e-01 0.0000e+00
222 0.0000e+00 9.4600e-05 7.1107e-05 1.0161e-10 7.1107e-05 2.1440e-01 0.0000e+00
223 0.0000e+00 4.5800e-05 7.0949e-05 2.5397e-11 7.0949e-05 2.1448e-01 0.0000e+00
224 0.0000e+00 0.0000e+00 7.0792e-05 2.3726e-11 7.0792e-05 2.1455e-01 0.0000e+00
225 0.0000e+00 0.0000e+00 7.0635e-05 2.2165e-11 7.0635e-05 2.1462e-01 0.0000e+00
226 0.0000e+00 0.0000e+00 7.0480e-05 2.0707e-11 7.0480e-05 2.1469e-01 0.0000e+00
227 0.0000e+00 0.0000e+00 7.0325e-05 1.9346e-11 7.0325e-05 2.1476e-01 0.0000e+00
228 0.0000e+00 0.0000e+00 7.0170e-05 1.8074e-11 7.0170e-05 2.1483e-01 0.0000e+00
229 0.0000e+00 0.0000e+00 7.0016e-05 1.6886e-11 7.0016e-05 2.1490e-01 0.0000e+00
230 0.0000e+00 0.0000e+00 6.9863e-05 1.5777e-11 6.9863e-05 2.1497e-01 0.0000e+00
231 0.0000e+00 0.0000e+00 6.9711e-05 1.4741e-11 6.9711e-05 2.1504e-01 0.0000e+00
232 0.0000e+00 0.0000e+00 6.9559e-05 1.3773e-11 6.9559e-05 2.1511e-01 0.0000e+00
233 0.0000e+00 0.0000e+00 6.9408e-05 1.2868e-11 6.9408e-05 2.1518e-01 0.0000e+00
234 0.0000e+00 0.0000e+00 6.9258e-05 0.0000e+00 6.9258e-05 2.1525e-01 0.0000e+00
235 0.0000e+00 0.0000e+00 6.9108e-05 0.0000e+00 6.9108e-05 2.1532e-01 0.0000e+00
236 0.0000e+00 0.0000e+00 6.8959e-05 0.0000e+00 6.8959e-05 2.1538e-01 0.0000e+00
237 0.0000e+00 5.1700e-05 6.8811e-05 0.0000e+00 6.8811e-05 2.1545e-01 0.0000e+00
238 0.0000e+00 9.9800e-05 6.8663e-05 0.0000e+00 6.8663e-05 2.1552e-01 0.0000e+00
239 0.0000e+00 1.4120e-04 6.8516e-05 0.0000e+00 6.8516e-05 2.1559e-01 0.0000e+00
240 0.0000e+00 1.7290e-04 6.8369e-05 0.0000e+00 6.8369e-05 2.1566e-01 0.0000e+00
241 5.0000e-04 1.9130e-04 6.8223e-05 0.0000e+00 6.8223e-05 2.1573e-01 0.0000e+00
242 1.0000e-03 1.9970e-04 6.8078e-05 0.0000e+00 6.8078e-05 2.1579e-01 0.0000e+00
243 0.0000e+00 1.9130e-04 6.7933e-05 0.0000e+00 6.7933e-05 2.1586e-01 0.0000e+00
244 0.0000e+00 1.7290e-04 6.7789e-05 0.0000e+00 6.7789e-05 2.1593e-01 0.0000e+00
245 0.0000e+00 1.4120e-04 6.7646e-05 0.0000e+00 6.7646e-05 2.1600e-01 0.0000e+00
246 0.0000e+00 9.9800e-05 6.7503e-05 0.0000e+00 6.7503e-05 2.1607e-01 0.0000e+00
247 0.0000e+00 4.8300e-05 6.7361e-05 0.0000e+00 6.7361e-05 2.1613e-01 0.0000e+00
248 0.0000e+00 0.0000e+00 6.7219e-05 0.0000e+00 6.7219e-05 2.1620e-01 0.0000e+00
249 0.0000e+00 0.0000e+00 6.7078e-05 0.0000e+00 6.7078e-05 2.1627e-01 0.0000e+00
250 0.0000e+00 0.0000e+00 6.6937e-05 0.0000e+00 6.6937e-05 2.1633e-01 0.0000e+00
251 0.0000e+00 0.0000e+00 6.6798e-05 0.0000e+00 6.6798e-05 2.1640e-01 0.0000e+00
252 0.0000e+00 0.0000e+00 6.6658e-05 0.0000e+00 6.6658e-05 2.1647e-01 0.0000e+00
253 1.0000e-03 0.0000e+00 6.6520e-05 0.0000e+00 6.6520e-05 2.1653e-01 0.0000e+00
254 0.0000e+00 0.0000e+00 6.6381e-05 0.0000e+00 6.6381e-05 2.1660e-01 0.0000e+00
255 0.0000e+00 0.0000e+00 6.6244e-05 0.0000e+00 6.6244e-05 2.1667e-01 0.0000e+00
256 0.0000e+00 0.0000e+00 6.6107e-05 0.0000e+00 6.6107e-05 2.1673e-01 0.0000e+00
257 0.0000e+00 0.0000e+00 6.5970e-05 0.0000e+00 6.5970e-05 2.1680e-01 0.0000e+00
258 0.0000e+00 0.0000e+00 6.5835e-05 0.0000e+00 6.5835e-05 2.1686e-01 0.0000e+00
259 0.0000e+00 0.0000e+00 6.5699e-05 0.0000e+00 6.5699e-05 2.1693e-01 0.0000e+00
260 0.0000e+00 0.0000e+00 6.5565e-05 0.0000e+00 6.5565e-05 2.1700e-01 0.0000e+00
261 0.0000e+00 7.5200e-05 6.5430e-05 0.0000e+00 6.5430e-05 2.1706e-01 0.0000e+00
262 1.0000e-03 1.4510e-04 6.5297e-05 0.0000e+00 6.5297e-05 2.1713e-01 0.0000e+00
263 0.0000e+00 2.0520e-04 6.5164e-05 0.0000e+00 6.5164e-05 2.1719e-01 0.0000e+00
264 0.0000e+00 2.5130e-04 6.5031e-05 0.0000e+00 6.5031e-05 2.1726e-01 0.0000e+00
265 0.0000e+00 2.7800e-04 6.4899e-05 0.0000e+00 6.4899e-05 2.1732e-01 0.0000e+00
266 0.0000e+00 2.9030e-04 6.4768e-05 0.0000e+00 6.4768e-05 2.1739e-01 0.0000e+00
267 0.0000e+00 2.7800e-04 6.4637e-05 0.0000e+00 6.4637e-05 2.1745e-01 0.0000e+00
268 0.0000e+00 2.5130e-04 6.4506e-05 0.0000e+00 6.4506e-05 2.1752e-01 0.0000e+00
269 0.0000e+00 2.0520e-04 6.4376e-05 0.0000e+00 6.4376e-05 2.1758e-01 0.0000e+00
270 0.0000e+00 1.4510e-04 6.4247e-05 0.0000e+00 6.4247e-05 2.1764e-01 0.0000e+00
271 0.0000e+00 7.0200e-05 6.4118e-05 0.0000e+00 6.4118e-05 2.1771e-01 0.0000e+00
272 0.0000e+00 0.0000e+00 6.3990e-05 0.0000e+00 6.3990e-05 2.1777e-01 0.0000e+00
273 0.0000e+00 0.0000e+00 6.3862e-05 0.0000e+00 6.3862e-05 2.1784e-01 0.0000e+00
274 0.0000e+00 0.0000e+00 6.3735e-05 0.0000e+00 6.3735e-05 2.1790e-01 0.0000e+00
275 0.0000e+00 0.0000e+00 6.3608e-05 0.0000e+00 6.3608e-05 2.1796e-01 0.0000e+00
276 0.0000e+00 0.0000e+00 6.3481e-05 0.0000e+00 6.3481e-05 2.1803e-01 0.0000e+00
277 0.0000e+00 0.0000e+00 6.3356e-05 0.0000e+00 6.3356e-05 2.1809e-01 0.0000e+00
278 0.0000e+00 0.0000e+00 6.3230e-05 0.0000e+00 6.3230e-05 2.1815e-01 0.0000e+00
279 0.0000e+00 0.0000e+00 6.3105e-05 0.0000e+00 6.3105e-05 2.1822e-01 0.0000e+00
280 0.0000e+00 0.0000e+00 6.2981e-05 0.0000e+00 6.2981e-05 2.1828e-01 0.0000e+00
281 0.0000e+00 0.0000e+00 6.2857e-05 0.0000e+00 6.2857e-05 2.1834e-01 0.0000e+00
282 0.0000e+00 0.0000e+00 6.2734e-05 0.0000e+00 6.2734e-05 2.1841e-01 0.0000e+00
283 1.0000e-03 0.0000e+00 6.2611e-05 0.0000e+00 6.2611e-05 2.1847e-01 0.0000e+00
284 5.0000e-04 0.0000e+00 6.2489e-05 0.0000e+00 6.2489e-05 2.1853e-01 0.0000e+00
285 2.5000e-03 2.4400e-05 6.4235e-05 1.6566e-05 6.2367e-05 2.1858e-01 1.8680e-06
286 6.0000e-03 4.7000e-05 1.3184e-04 6.3050e-04 6.2278e-05 2.1801e-01 6.9560e-05
287 4.0000e-03 6.6500e-05 1.0941e-04 9.3846e-04 6.3393e-05 2.1713e-01 4.6016e-05
288 1.5000e-03 8.1400e-05 8.1838e-05 9.5652e-04 6.5151e-05 2.1624e-01 1.6687e-05
289 0.0000e+00 9.0100e-05 6.6991e-05 8.3543e-04 6.6991e-05 2.1547e-01 0.0000e+00
290 0.0000e+00 9.4000e-05 6.8619e-05 7.3782e-04 6.8619e-05 2.1480e-01 0.0000e+00
291 5.0000e-04 9.0100e-05 7.2805e-05 6.7868e-04 7.0069e-05 2.1420e-01 2.7352e-06
292 0.0000e+00 8.1400e-05 7.1415e-05 6.0104e-04 7.1415e-05 2.1367e-01 0.0000e+00
293 0.0000e+00 6.6500e-05 7.2607e-05 5.3395e-04 7.2607e-05 2.1320e-01 0.0000e+00
294 1.5000e-03 4.7000e-05 8.8356e-05 6.1059e-04 7.3661e-05 2.1267e-01 1.4695e-05
295 1.0000e-03 2.2800e-05 8.6001e-05 6.3741e-04 7.4907e-05 2.1210e-01 1.1094e-05
296 0.0000e+00 0.0000e+00 7.6236e-05 5.5904e-04 7.6236e-05 2.1162e-01 0.0000e+00
297 0.0000e+00 0.0000e+00 7.7395e-05 4.9597e-04 7.7395e-05 2.1120e-01 0.0000e+00
298 0.0000e+00 0.0000e+00 7.8414e-05 4.4079e-04 7.8414e-05 2.1084e-01 0.0000e+00
299 0.0000e+00 0.0000e+00 7.9307e-05 3.9224e-04 7.9307e-05 2.1053e-01 0.0000e+00
300 0.0000e+00 0.0000e+00 8.0086e-05 3.4939e-04 8.0086e-05 2.1026e-01 0.0000e+00
301 0.0000e+00 0.0000e+00 8.0763e-05 3.1149e-04 8.0763e-05 2.1003e-01 0.0000e+00
302 0.0000e+00 0.0000e+00 8.1347e-05 2.7791e-04 8.1347e-05 2.0983e-01 0.0000e+00
303 0.0000e+00 0.0000e+00 8.1849e-05 2.4813e-04 8.1849e-05 2.0967e-01 0.0000e+00
304 0.0000e+00 0.0000e+00 8.2275e-05 2.2169e-04 8.2275e-05 2.0953e-01 0.0000e+00
305 0.0000e+00 0.0000e+00 8.2634e-05 1.9819e-04 8.2634e-05 2.0941e-01 0.0000e+00
306 0.0000e+00 0.0000e+00 8.2933e-05 1.7729e-04 8.2933e-05 2.0932e-01 0.0000e+00
307 0.0000e+00 0.0000e+00 8.3178e-05 1.5869e-04 8.3178e-05 2.0924e-01 0.0000e+00
308 0.0000e+00 0.0000e+00 8.3375e-05 1.4212e-04 8.3375e-05 2.0918e-01 0.0000e+00
309 0.0000e+00 2.8800e-05 8.3528e-05 1.2735e-04 8.3528e-05 2.0914e-01 0.0000e+00
310 5.0000e-04 5.5500e-05 8.8862e-05 1.6372e-04 8.3642e-05 2.0906e-01 5.2199e-06
311 0.0000e+00 7.8500e-05 8.3852e-05 1.4266e-04 8.3852e-05 2.0900e-01 0.0000e+00
312 0.0000e+00 9.6200e-05 8.4006e-05 1.2688e-04 8.4006e-05 2.0896e-01 0.0000e+00
313 0.0000e+00 1.0640e-04 8.4119e-05 1.1313e-04 8.4119e-05 2.0893e-01 0.0000e+00
314 0.0000e+00 1.1110e-04 8.4195e-05 1.0104e-04 8.4195e-05 2.0891e-01 0.0000e+00
315 0.0000e+00 1.0640e-04 8.4239e-05 9.0349e-05 8.4239e-05 2.0890e-01 0.0000e+00
316 0.0000e+00 9.6200e-05 8.4255e-05 8.0875e-05 8.4255e-05 2.0891e-01 0.0000e+00
317 5.0000e-04 7.8500e-05 8.4246e-05 7.2460e-05 8.4246e-05 2.0892e-01 0.0000e+00
318 1.0000e-03 5.5500e-05 9.3399e-05 1.5026e-04 8.4215e-05 2.0885e-01 9.1837e-06
319 5.0000e-04 2.6900e-05 8.9564e-05 1.7706e-04 8.4389e-05 2.0876e-01 5.1743e-06
320 0.0000e+00 0.0000e+00 8.4634e-05 1.5268e-04 8.4634e-05 2.0869e-01 0.0000e+00
321 0.0000e+00 0.0000e+00 8.4814e-05 1.3452e-04 8.4814e-05 2.0864e-01 0.0000e+00
322 1.0000e-03 0.0000e+00 9.7565e-05 2.2526e-04 8.4946e-05 2.0850e-01 1.2619e-05
323 1.0000e-03 0.0000e+00 9.8667e-05 3.0203e-04 8.5319e-05 2.0829e-01 1.3348e-05
324 0.0000e+00 0.0000e+00 8.5899e-05 2.5989e-04 8.5899e-05 2.0811e-01 0.0000e+00
325 0.0000e+00 0.0000e+00 8.6368e-05 2.2818e-04 8.6368e-05 2.0797e-01 0.0000e+00
326 0.0000e+00 0.0000e+00 8.6751e-05 2.0119e-04 8.6751e-05 2.0786e-01 0.0000e+00
327 0.0000e+00 0.0000e+00 8.7062e-05 1.7789e-04 8.7062e-05 2.0776e-01 0.0000e+00
328 0.0000e+00 0.0000e+00 8.7309e-05 1.5760e-04 8.7309e-05 2.0769e-01 0.0000e+00
329 0.0000e+00 0.0000e+00 8.7501e-05 1.3986e-04 8.7501e-05 2.0764e-01 0.0000e+00
330 0.0000e+00 0.0000e+00 8.7645e-05 1.2428e-04 8.7645e-05 2.0761e-01 0.0000e+00
331 0.0000e+00 0.0000e+00 8.7745e-05 1.1057e-04 8.7745e-05 2.0758e-01 0.0000e+00
332 0.0000e+00 0.0000e+00 8.7808e-05 9.8481e-05 8.7808e-05 2.0757e-01 0.0000e+00
333 0.0000e+00 1.1200e-05 8.7837e-05 8.7801e-05 8.7837e-05 2.0757e-01 0.0000e+00
334 0.0000e+00 2.1600e-05 8.7837e-05 7.8352e-05 8.7837e-05 2.0758e-01 0.0000e+00
335 0.0000e+00 3.0600e-05 8.7811e-05 6.9980e-05 8.7811e-05 2.0760e-01 0.0000e+00
336 0.0000e+00 3.7400e-05 8.7762e-05 6.2554e-05 8.7762e-05 2.0762e-01 0.0000e+00
337 0.0000e+00 4.1400e-05 8.7693e-05 5.5959e-05 8.7693e-05 2.0766e-01 0.0000e+00
338 5.0000e-04 4.3200e-05 9.2538e-05 8.9191e-05 8.7606e-05 2.0765e-01 4.9321e-06
339 5.0000e-04 4.1400e-05 9.3904e-05 1.2708e-04 8.7610e-05 2.0762e-01 6.2940e-06
340 1.5000e-03 3.7400e-05 1.0782e-04 2.6883e-04 8.7718e-05 2.0743e-01 2.0097e-05
341 1.5000e-03 3.0600e-05 1.0837e-04 3.8818e-04 8.8216e-05 2.0713e-01 2.0152e-05
342 1.0000e-03 2.1600e-05 1.0240e-04 4.3831e-04 8.9047e-05 2.0678e-01 1.3357e-05
343 5.0000e-04 1.0500e-05 9.6616e-05 4.3103e-04 9.0024e-05 2.0644e-01 6.5916e-06
344 1.0000e-03 0.0000e+00 1.0462e-04 4.8420e-04 9.0989e-05 2.0605e-01 1.3634e-05
345 5.0000e-04 0.0000e+00 9.9003e-05 4.7510e-04 9.2114e-05 2.0567e-01 6.8892e-06
346 0.0000e+00 0.0000e+00 9.3223e-05 4.1449e-04 9.3223e-05 2.0535e-01 0.0000e+00
347 0.0000e+00 0.0000e+00 9.4163e-05 3.6462e-04 9.4163e-05 2.0508e-01 0.0000e+00
348 0.0000e+00 0.0000e+00 9.4963e-05 3.2164e-04 9.4963e-05 2.0485e-01 0.0000e+00
349 0.0000e+00 0.0000e+00 9.5638e-05 2.8427e-04 9.5638e-05 2.0466e-01 0.0000e+00
350 0.0000e+00 0.0000e+00 9.6203e-05 2.5162e-04 9.6203e-05 2.0451e-01 0.0000e+00
351 0.0000e+00 0.0000e+00 9.6671e-05 2.2300e-04 9.6671e-05 2.0438e-01 0.0000e+00
352 0.0000e+00 0.0000e+00 9.7054e-05 1.9786e-04 9.7054e-05 2.0428e-01 0.0000e+00
353 5.0000e-04 0.0000e+00 1.0425e-04 2.3170e-04 9.7360e-05 2.0414e-01 6.8892e-06
354 0.0000e+00 0.0000e+00 9.7770e-05 2.0218e-04 9.7770e-05 2.0404e-01 0.0000e+00
355 0.0000e+00 0.0000e+00 9.8089e-05 1.7872e-04 9.8089e-05 2.0396e-01 0.0000e+00
356 0.0000e+00 0.0000e+00 9.8337e-05 1.5840e-04 9.8337e-05 2.0390e-01 0.0000e+00
357 0.0000e+00 7.2300e-05 9.8521e-05 1.4063e-04 9.8521e-05 2.0386e-01 0.0000e+00
358 0.0000e+00 1.3960e-04 9.8651e-05 1.2502e-04 9.8651e-05 2.0383e-01 0.0000e+00
359 0.0000e+00 1.9750e-04 9.8732e-05 1.1126e-04 9.8732e-05 2.0382e-01 0.0000e+00
360 0.0000e+00 2.4180e-04 9.8771e-05 9.9118e-05 9.8771e-05 2.0382e-01 0.0000e+00
361 0.0000e+00 2.6750e-04 9.8772e-05 8.8379e-05 9.8772e-05 2.0383e-01 0.0000e+00
362 0.0000e+00 2.7930e-04 9.8740e-05 7.8869e-05 9.8740e-05 2.0385e-01 0.0000e+00
363 0.0000e+00 2.6750e-04 9.8679e-05 7.0439e-05 9.8679e-05 2.0388e-01 0.0000e+00
364 0.0000e+00 2.4180e-04 9.8592e-05 6.2957e-05 9.8592e-05 2.0391e-01 0.0000e+00
365 0.0000e+00 1.9750e-04 9.8482e-05 5.6310e-05 9.8482e-05 2.0395e-01 0.0000e+00
366 0.0000e+00 1.3960e-04 9.8352e-05 5.0399e-05 9.8352e-05 2.0400e-01 0.0000e+00
367 0.0000e+00 6.7600e-05 9.8205e-05 4.5139e-05 9.8205e-05 2.0405e-01 0.0000e+00
368 0.0000e+00 0.0000e+00 9.8042e-05 4.0454e-05 9.8042e-05 2.0411e-01 0.0000e+00
369 0.0000e+00 0.0000e+00 9.7866e-05 3.6277e-05 9.7866e-05 2.0417e-01 0.0000e+00
370 0.0000e+00 0.0000e+00 9.7678e-05 3.2551e-05 9.7678e-05 2.0424e-01 0.0000e+00
371 0.0000e+00 0.0000e+00 9.7479e-05 2.9225e-05 9.7479e-05 2.0431e-01 0.0000e+00
372 0.0000e+00 0.0000e+00 9.7272e-05 2.6253e-05 9.7272e-05 2.0438e-01 0.0000e+00
373 5.0000e-04 0.0000e+00 9.7056e-05 2.3597e-05 9.7056e-05 2.0445e-01 0.0000e+00
374 7.5000e-03 0.0000e+00 1.7851e-04 6.8376e-04 9.6833e-05 2.0386e-01 8.1672e-05
375 4.5000e-03 0.0000e+00 1.6063e-04 1.0696e-03 9.8626e-05 2.0289e-01 6.2003e-05
376 2.5000e-03 0.0000e+00 1.3611e-04 1.1894e-03 1.0166e-04 2.0181e-01 3.4446e-05
377 5.0000e-04 0.0000e+00 1.1207e-04 1.0800e-03 1.0518e-04 2.0083e-01 6.8892e-06
378 0.0000e+00 0.0000e+00 1.0843e-04 9.4072e-04 1.0843e-04 2.0000e-01 0.0000e+00
379 0.0000e+00 0.0000e+00 1.1129e-04 8.2449e-04 1.1129e-04 1.9929e-01 0.0000e+00
380 0.0000e+00 0.0000e+00 1.1380e-04 7.2431e-04 1.1380e-04 1.9868e-01 0.0000e+00
381 0.0000e+00 1.7400e-05 1.1599e-04 6.3727e-04 1.1599e-04 1.9815e-01 0.0000e+00
382 0.0000e+00 3.3600e-05 1.1790e-04 5.6135e-04 1.1790e-04 1.9771e-01 0.0000e+00
383 1.0000e-03 4.7500e-05 1.3262e-04 6.0690e-04 1.1954e-04 1.9722e-01 1.3076e-05
384 1.0000e-03 5.8200e-05 1.3450e-04 6.3971e-04 1.2138e-04 1.9670e-01 1.3124e-05
385 0.0000e+00 6.4300e-05 1.2336e-04 5.5419e-04 1.2336e-04 1.9627e-01 0.0000e+00
386 5.0000e-04 6.7200e-05 1.3023e-04 5.3192e-04 1.2503e-04 1.9587e-01 5.2024e-06
387 0.0000e+00 6.4300e-05 1.2663e-04 4.6464e-04 1.2663e-04 1.9553e-01 0.0000e+00
388 0.0000e+00 5.8200e-05 1.2797e-04 4.0896e-04 1.2797e-04 1.9525e-01 0.0000e+00
389 0.0000e+00 4.7500e-05 1.2910e-04 3.6051e-04 1.2910e-04 1.9502e-01 0.0000e+00
390 5.0000e-04 3.3600e-05 1.3367e-04 3.4990e-04 1.3004e-04 1.9480e-01 3.6268e-06
391 0.0000e+00 1.6300e-05 1.3094e-04 3.0642e-04 1.3094e-04 1.9462e-01 0.0000e+00
392 5.0000e-04 0.0000e+00 1.3786e-04 3.2473e-04 1.3166e-04 1.9443e-01 6.2018e-06
393 5.0000e-04 0.0000e+00 1.3934e-04 3.4257e-04 1.3245e-04 1.9422e-01 6.8892e-06
394 0.0000e+00 0.0000e+00 1.3333e-04 2.9654e-04 1.3333e-04 1.9405e-01 0.0000e+00
395 0.0000e+00 0.0000e+00 1.3401e-04 2.6056e-04 1.3401e-04 1.9393e-01 0.0000e+00
396 0.0000e+00 0.0000e+00 1.3454e-04 2.2950e-04 1.3454e-04 1.9383e-01 0.0000e+00
397 0.0000e+00 0.0000e+00 1.3494e-04 2.0252e-04 1.3494e-04 1.9377e-01 0.0000e+00
398 0.0000e+00 0.0000e+00 1.3522e-04 1.7897e-04 1.3522e-04 1.9372e-01 0.0000e+00
399 0.0000e+00 0.0000e+00 1.3541e-04 1.5837e-04 1.3541e-04 1.9370e-01 0.0000e+00
400 0.0000e+00 0.0000e+00 1.3551e-04 1.4029e-04 1.3551e-04 1.9369e-01 0.0000e+00
401 0.0000e+00 0.0000e+00 1.3553e-04 1.2441e-04 1.3553e-04 1.9371e-01 0.0000e+00
402 1.0000e-03 0.0000e+00 1.4926e-04 2.3190e-04 1.3548e-04 1.9361e-01 1.3778e-05
403 0.0000e+00 0.0000e+00 1.3589e-04 1.9432e-04 1.3589e-04 1.9355e-01 0.0000e+00
404 0.0000e+00 0.0000e+00 1.3614e-04 1.6964e-04 1.3614e-04 1.9352e-01 0.0000e+00
405 5.0000e-04 2.4600e-05 1.4317e-04 2.0956e-04 1.3628e-04 1.9344e-01 6.8892e-06
406 5.0000e-04 4.7400e-05 1.4314e-04 2.3682e-04 1.3659e-04 1.9334e-01 6.5503e-06
407 0.0000e+00 6.7100e-05 1.3702e-04 2.0235e-04 1.3702e-04 1.9328e-01 0.0000e+00
408 5.0000e-04 8.2200e-05 1.4261e-04 2.2360e-04 1.3730e-04 1.9319e-01 5.3125e-06
409 0.0000e+00 9.0900e-05 1.3767e-04 1.9193e-04 1.3767e-04 1.9314e-01 0.0000e+00
410 0.0000e+00 9.5000e-05 1.3790e-04 1.6776e-04 1.3790e-04 1.9311e-01 0.0000e+00
411 0.0000e+00 9.0900e-05 1.3803e-04 1.4711e-04 1.3803e-04 1.9310e-01 0.0000e+00
412 0.0000e+00 8.2200e-05 1.3807e-04 1.2932e-04 1.3807e-04 1.9311e-01 0.0000e+00
413 0.0000e+00 6.7100e-05 1.3803e-04 1.1389e-04 1.3803e-04 1.9313e-01 0.0000e+00
414 0.0000e+00 4.7400e-05 1.3793e-04 1.0048e-04 1.3793e-04 1.9317e-01 0.0000e+00
415 0.0000e+00 2.3000e-05 1.3777e-04 8.8767e-05 1.3777e-04 1.9322e-01 0.0000e+00
416 0.0000e+00 0.0000e+00 1.3756e-04 7.8526e-05 1.3756e-04 1.9328e-01 0.0000e+00
417 0.0000e+00 0.0000e+00 1.3730e-04 6.9551e-05 1.3730e-04 1.9334e-01 0.0000e+00
418 0.0000e+00 0.0000e+00 1.3701e-04 6.1670e-05 1.3701e-04 1.9342e-01 0.0000e+00
419 0.0000e+00 0.0000e+00 1.3669e-04 5.4740e-05 1.3669e-04 1.9350e-01 0.0000e+00
420 0.0000e+00 0.0000e+00 1.3634e-04 4.8636e-05 1.3634e-04 1.9359e-01 0.0000e+00
421 0.0000e+00 0.0000e+00 1.3597e-04 4.3253e-05 1.3597e-04 1.9368e-01 0.0000e+00
422 0.0000e+00 0.0000e+00 1.3558e-04 3.8501e-05 1.3558e-04 1.9378e-01 0.0000e+00
423 0.0000e+00 0.0000e+00 1.3516e-04 3.4299e-05 1.3516e-04 1.9388e-01 0.0000e+00
424 0.0000e+00 0.0000e+00 1.3474e-04 3.0581e-05 1.3474e-04 1.9398e-01 0.0000e+00
425 0.0000e+00 0.0000e+00 1.3430e-04 2.7287e-05 1.3430e-04 1.9409e-01 0.0000e+00
426 0.0000e+00 0.0000e+00 1.3385e-04 2.4366e-05 1.3385e-04 1.9420e-01 0.0000e+00
427 5.0000e-04 0.0000e+00 1.3340e-04 2.1774e-05 1.3340e-04 1.9431e-01 0.0000e+00
428 2.0000e-03 0.0000e+00 1.5989e-04 2.5140e-04 1.3293e-04 1.9419e-01 2.6963e-05
429 3.0000e-03 3.2600e-05 1.7945e-04 5.5996e-04 1.3342e-04 1.9377e-01 4.6027e-05
430 2.0000e-03 6.2900e-05 1.6495e-04 6.9843e-04 1.3521e-04 1.9320e-01 2.9734e-05
431 1.0000e-03 8.9000e-05 1.5160e-04 7.0170e-04 1.3762e-04 1.9264e-01 1.3988e-05
432 0.0000e+00 1.0900e-04 1.4006e-04 5.9967e-04 1.4006e-04 1.9218e-01 0.0000e+00
433 5.0000e-04 1.2060e-04 1.4732e-04 5.5580e-04 1.4209e-04 1.9177e-01 5.2316e-06
434 0.0000e+00 1.2590e-04 1.4394e-04 4.8162e-04 1.4394e-04 1.9143e-01 0.0000e+00
435 0.0000e+00 1.2060e-04 1.4547e-04 4.1966e-04 1.4547e-04 1.9116e-01 0.0000e+00
436 0.0000e+00 1.0900e-04 1.4672e-04 3.6655e-04 1.4672e-04 1.9094e-01 0.0000e+00
437 3.5000e-03 8.9000e-05 2.0011e-04 6.8511e-04 1.4773e-04 1.9040e-01 5.2379e-05
438 0.0000e+00 6.2900e-05 1.5023e-04 5.7789e-04 1.5023e-04 1.8997e-01 0.0000e+00
439 0.0000e+00 3.0500e-05 1.5225e-04 5.0059e-04 1.5225e-04 1.8962e-01 0.0000e+00
440 0.0000e+00 0.0000e+00 1.5392e-04 4.3562e-04 1.5392e-04 1.8934e-01 0.0000e+00
441 0.0000e+00 0.0000e+00 1.5528e-04 3.8020e-04 1.5528e-04 1.8912e-01 0.0000e+00
442 0.0000e+00 0.0000e+00 1.5637e-04 3.3255e-04 1.5637e-04 1.8894e-01 0.0000e+00
443 0.0000e+00 0.0000e+00 1.5724e-04 2.9138e-04 1.5724e-04 1.8881e-01 0.0000e+00
444 5.0000e-04 0.0000e+00 1.6340e-04 2.9462e-04 1.5790e-04 1.8867e-01 5.5018e-06
445 0.0000e+00 0.0000e+00 1.5857e-04 2.5609e-04 1.5857e-04 1.8857e-01 0.0000e+00
446 0.0000e+00 0.0000e+00 1.5906e-04 2.2442e-04 1.5906e-04 1.8851e-01 0.0000e+00
447 0.0000e+00 0.0000e+00 1.5938e-04 1.9709e-04 1.5938e-04 1.8847e-01 0.0000e+00
448 0.0000e+00 0.0000e+00 1.5957e-04 1.7338e-04 1.5957e-04 1.8845e-01 0.0000e+00
449 0.0000e+00 0.0000e+00 1.5964e-04 1.5274e-04 1.5964e-04 1.8846e-01 0.0000e+00
450 0.0000e+00 0.0000e+00 1.5961e-04 1.3472e-04 1.5961e-04 1.8849e-01 0.0000e+00
451 0.0000e+00 0.0000e+00 1.5948e-04 1.1896e-04 1.5948e-04 1.8853e-01 0.0000e+00
452 5.0000e-04 0.0000e+00 1.6794e-04 1.6652e-04 1.5928e-04 1.8852e-01 8.6560e-06
453 0.0000e+00 2.2400e-05 1.5932e-04 1.4241e-04 1.5932e-04 1.8854e-01 0.0000e+00
454 0.0000e+00 4.3300e-05 1.5923e-04 1.2436e-04 1.5923e-04 1.8857e-01 0.0000e+00
455 0.0000e+00 6.1200e-05 1.5906e-04 1.0905e-04 1.5906e-04 1.8862e-01 0.0000e+00
456 0.0000e+00 7.5000e-05 1.5881e-04 9.5874e-05 1.5881e-04 1.8868e-01 0.0000e+00
457 0.0000e+00 8.3000e-05 1.5850e-04 8.4462e-05 1.5850e-04 1.8876e-01 0.0000e+00
458 0.0000e+00 8.6600e-05 1.5813e-04 7.4532e-05 1.5813e-04 1.8884e-01 0.0000e+00
459 0.0000e+00 8.3000e-05 1.5772e-04 6.5864e-05 1.5772e-04 1.8893e-01 0.0000e+00
460 0.0000e+00 7.5000e-05 1.5727e-04 5.8280e-05 1.5727e-04 1.8903e-01 0.0000e+00
461 0.0000e+00 6.1200e-05 1.5678e-04 5.1630e-05 1.5678e-04 1.8914e-01 0.0000e+00
462 0.0000e+00 4.3300e-05 1.5627e-04 4.5789e-05 1.5627e-04 1.8925e-01 0.0000e+00
463 0.0000e+00 2.1000e-05 1.5573e-04 4.0649e-05 1.5573e-04 1.8936e-01 0.0000e+00
464 0.0000e+00 0.0000e+00 1.5517e-04 3.6122e-05 1.5517e-04 1.8948e-01 0.0000e+00
465 1.0000e-03 0.0000e+00 1.6063e-04 7.4615e-05 1.5459e-04 1.8956e-01 6.0389e-06
466 5.0000e-04 0.0000e+00 1.6286e-04 1.2370e-04 1.5421e-04 1.8959e-01 8.6560e-06
467 0.0000e+00 0.0000e+00 1.5406e-04 1.0368e-04 1.5406e-04 1.8964e-01 0.0000e+00
468 0.0000e+00 0.0000e+00 1.5382e-04 8.9464e-05 1.5382e-04 1.8971e-01 0.0000e+00
469 5.0000e-04 0.0000e+00 1.6216e-04 1.3849e-04 1.5351e-04 1.8972e-01 8.6560e-06
470 0.0000e+00 0.0000e+00 1.5344e-04 1.1683e-04 1.5344e-04 1.8976e-01 0.0000e+00
471 0.0000e+00 0.0000e+00 1.5326e-04 1.0103e-04 1.5326e-04 1.8981e-01 0.0000e+00
472 5.0000e-04 0.0000e+00 1.6167e-04 1.4858e-04 1.5301e-04 1.8982e-01 8.6560e-06
473 5.0000e-04 0.0000e+00 1.6165e-04 1.8643e-04 1.5299e-04 1.8978e-01 8.6560e-06
474 0.0000e+00 0.0000e+00 1.5315e-04 1.5788e-04 1.5315e-04 1.8978e-01 0.0000e+00
475 0.0000e+00 0.0000e+00 1.5317e-04 1.3645e-04 1.5317e-04 1.8979e-01 0.0000e+00
476 0.0000e+00 0.0000e+00 1.5309e-04 1.1855e-04 1.5309e-04 1.8983e-01 0.0000e+00
477 0.0000e+00 9.2000e-06 1.5293e-04 1.0335e-04 1.5293e-04 1.8988e-01 0.0000e+00
478 0.0000e+00 1.7800e-05 1.5269e-04 9.0347e-05 1.5269e-04 1.8994e-01 0.0000e+00
479 0.0000e+00 2.5200e-05 1.5239e-04 7.9154e-05 1.5239e-04 1.9001e-01 0.0000e+00
480 0.0000e+00 3.0900e-05 1.5204e-04 6.9480e-05 1.5204e-04 1.9010e-01 0.0000e+00
481 0.0000e+00 3.4200e-05 1.5165e-04 6.1091e-05 1.5165e-04 1.9019e-01 0.0000e+00
482 5.0000e-04 3.5700e-05 1.5785e-04 1.0016e-04 1.5122e-04 1.9024e-01 6.6271e-06
483 2.5000e-03 3.4200e-05 1.9365e-04 3.8326e-04 1.5098e-04 1.9001e-01 4.2662e-05
484 1.0000e-03 3.0900e-05 1.6880e-04 4.3253e-04 1.5208e-04 1.8973e-01 1.6720e-05
485 0.0000e+00 2.5200e-05 1.5342e-04 3.6536e-04 1.5342e-04 1.8951e-01 0.0000e+00
486 1.0000e-03 1.7800e-05 1.7078e-04 4.2948e-04 1.5444e-04 1.8924e-01 1.6341e-05
487 0.0000e+00 8.6000e-06 1.5577e-04 3.6537e-04 1.5577e-04 1.8903e-01 0.0000e+00
488 0.0000e+00 0.0000e+00 1.5680e-04 3.1595e-04 1.5680e-04 1.8887e-01 0.0000e+00
489 0.0000e+00 0.0000e+00 1.5758e-04 2.7439e-04 1.5758e-04 1.8875e-01 0.0000e+00
490 0.0000e+00 0.0000e+00 1.5816e-04 2.3900e-04 1.5816e-04 1.8867e-01 0.0000e+00
491 0.0000e+00 0.0000e+00 1.5856e-04 2.0866e-04 1.5856e-04 1.8862e-01 0.0000e+00
492 0.0000e+00 0.0000e+00 1.5880e-04 1.8254e-04 1.5880e-04 1.8860e-01 0.0000e+00
493 0.0000e+00 0.0000e+00 1.5892e-04 1.5996e-04 1.5892e-04 1.8860e-01 0.0000e+00
494 0.0000e+00 0.0000e+00 1.5893e-04 1.4039e-04 1.5893e-04 1.8862e-01 0.0000e+00
495 0.0000e+00 0.0000e+00 1.5884e-04 1.2339e-04 1.5884e-04 1.8865e-01 0.0000e+00
496 0.0000e+00 0.0000e+00 1.5866e-04 1.0860e-04 1.5866e-04 1.8870e-01 0.0000e+00
497 0.0000e+00 0.0000e+00 1.5841e-04 9.5693e-05 1.5841e-04 1.8876e-01 0.0000e+00
498 0.0000e+00 0.0000e+00 1.5810e-04 8.4421e-05 1.5810e-04 1.8884e-01 0.0000e+00
499 0.0000e+00 0.0000e+00 1.5774e-04 7.4559e-05 1.5774e-04 1.8892e-01 0.0000e+00
500 0.0000e+00 0.0000e+00 1.5733e-04 6.5918e-05 1.5733e-04 1.8901e-01 0.0000e+00
501 0.0000e+00 6.3800e-05 1.5688e-04 5.8337e-05 1.5688e-04 1.8911e-01 0.0000e+00
502 0.0000e+00 1.2310e-04 1.5640e-04 5.1677e-05 1.5640e-04 1.8922e-01 0.0000e+00
503 0.0000e+00 1.7420e-04 1.5589e-04 4.5820e-05 1.5589e-04 1.8933e-01 0.0000e+00
504 0.0000e+00 2.1330e-04 1.5535e-04 4.0663e-05 1.5535e-04 1.8944e-01 0.0000e+00
505 0.0000e+00 2.3600e-04 1.5480e-04 3.6117e-05 1.5480e-04 1.8956e-01 0.0000e+00
506 0.0000e+00 2.4640e-04 1.5422e-04 3.2105e-05 1.5422e-04 1.8968e-01 0.0000e+00
507 0.0000e+00 2.3600e-04 1.5364e-04 2.8562e-05 1.5364e-04 1.8981e-01 0.0000e+00
508 0.0000e+00 2.1330e-04 1.5304e-04 2.5430e-05 1.5304e-04 1.8993e-01 0.0000e+00
509 0.0000e+00 1.7420e-04 1.5243e-04 2.2658e-05 1.5243e-04 1.9006e-01 0.0000e+00
510 0.0000e+00 1.2310e-04 1.5181e-04 2.0202e-05 1.5181e-04 1.9019e-01 0.0000e+00
511 0.0000e+00 5.9600e-05 1.5119e-04 1.8026e-05 1.5119e-04 1.9033e-01 0.0000e+00
512 0.0000e+00 0.0000e+00 1.5056e-04 1.6095e-05 1.5056e-04 1.9046e-01 0.0000e+00
513 0.0000e+00 0.0000e+00 1.4993e-04 1.4380e-05 1.4993e-04 1.9060e-01 0.0000e+00
514 0.0000e+00 0.0000e+00 1.4929e-04 1.2857e-05 1.4929e-04 1.9073e-01 0.0000e+00
515 0.0000e+00 0.0000e+00 1.4866e-04 1.1502e-05 1.4866e-04 1.9087e-01 0.0000e+00
516 0.0000e+00 0.0000e+00 1.4802e-04 1.0296e-05 1.4802e-04 1.9101e-01 0.0000e+00
517 0.0000e+00 0.0000e+00 1.4739e-04 9.2221e-06 1.4739e-04 1.9115e-01 0.0000e+00
518 0.0000e+00 0.0000e+00 1.4675e-04 8.2651e-06 1.4675e-04 1.9129e-01 0.0000e+00
519 0.0000e+00 0.0000e+00 1.4612e-04 7.4115e-06 1.4612e-04 1.9142e-01 0.0000e+00
520 0.0000e+00 0.0000e+00 1.4549e-04 6.6495e-06 1.4549e-04 1.9156e-01 0.0000e+00
521 0.0000e+00 0.0000e+00 1.4486e-04 5.9694e-06 1.4486e-04 1.9170e-01 0.0000e+00
522 0.0000e+00 0.0000e+00 1.4423e-04 5.3617e-06 1.4423e-04 1.9184e-01 0.0000e+00
523 0.0000e+00 0.0000e+00 1.4360e-04 4.8183e-06 1.4360e-04 1.9198e-01 0.0000e+00
524 0.0000e+00 0.0000e+00 1.4298e-04 4.3322e-06 1.4298e-04 1.9212e-01 0.0000e+00
525 0.0000e+00 4.1700e-05 1.4237e-04 3.8970e-06 1.4237e-04 1.9226e-01 0.0000e+00
526 0.0000e+00 8.0400e-05 1.4175e-04 3.5073e-06 1.4175e-04 1.9240e-01 0.0000e+00
527 0.0000e+00 1.1380e-04 1.4114e-04 3.1580e-06 1.4114e-04 1.9253e-01 0.0000e+00
528 0.0000e+00 1.3930e-04 1.4053e-04 2.8443e-06 1.4053e-04 1.9267e-01 0.0000e+00
529 0.0000e+00 1.5420e-04 1.3993e-04 2.5635e-06 1.3993e-04 1.9281e-01 0.0000e+00
530 0.0000e+00 1.6090e-04 1.3933e-04 2.3113e-06 1.3933e-04 1.9295e-01 0.0000e+00
531 0.0000e+00 1.5420e-04 1.3873e-04 2.0849e-06 1.3873e-04 1.9308e-01 0.0000e+00
532 0.0000e+00 1.3930e-04 1.3814e-04 1.8815e-06 1.3814e-04 1.9322e-01 0.0000e+00
533 0.0000e+00 1.1380e-04 1.3756e-04 1.6986e-06 1.3756e-04 1.9335e-01 0.0000e+00
534 0.0000e+00 8.0400e-05 1.3697e-04 1.5341e-06 1.3697e-04 1.9349e-01 0.0000e+00
535 0.0000e+00 3.8900e-05 1.3639e-04 1.3861e-06 1.3639e-04 1.9362e-01 0.0000e+00
536 0.0000e+00 0.0000e+00 1.3582e-04 1.2528e-06 1.3582e-04 1.9376e-01 0.0000e+00
537 0.0000e+00 0.0000e+00 1.3525e-04 1.1322e-06 1.3525e-04 1.9389e-01 0.0000e+00
538 0.0000e+00 0.0000e+00 1.3468e-04 1.0242e-06 1.3468e-04 1.9403e-01 0.0000e+00
539 0.0000e+00 0.0000e+00 1.3412e-04 9.2681e-07 1.3412e-04 1.9416e-01 0.0000e+00
540 0.0000e+00 0.0000e+00 1.3357e-04 8.3901e-07 1.3357e-04 1.9429e-01 0.0000e+00
541 0.0000e+00 0.0000e+00 1.3301e-04 7.5979e-07 1.3301e-04 1.9443e-01 0.0000e+00
542 0.0000e+00 0.0000e+00 1.3246e-04 6.8828e-07 1.3246e-04 1.9456e-01 0.0000e+00
543 0.0000e+00 0.0000e+00 1.3192e-04 6.2372e-07 1.3192e-04 1.9469e-01 0.0000e+00
544 0.0000e+00 0.0000e+00 1.3138e-04 5.6540e-07 1.3138e-04 1.9482e-01 0.0000e+00
545 0.0000e+00 0.0000e+00 1.3084e-04 5.1270e-07 1.3084e-04 1.9495e-01 0.0000e+00
546 0.0000e+00 0.0000e+00 1.3031e-04 4.6415e-07 1.3031e-04 1.9508e-01 0.0000e+00
547 0.0000e+00 0.0000e+00 1.2978e-04 4.2121e-07 1.2978e-04 1.9521e-01 0.0000e+00
548 0.0000e+00 0.0000e+00 1.2926e-04 3.8236e-07 1.2926e-04 1.9534e-01 0.0000e+00
549 0.0000e+00 2.0700e-05 1.2874e-04 3.4720e-07 1.2874e-04 1.9547e-01 0.0000e+00
550 0.0000e+00 4.0000e-05 1.2823e-04 3.1536e-07 1.2823e-04 1.9559e-01 0.0000e+00
551 0.0000e+00 5.6600e-05 1.2771e-04 2.8652e-07 1.2771e-04 1.9572e-01 0.0000e+00
552 1.0000e-03 6.9300e-05 1.2721e-04 2.6040e-07 1.2721e-04 1.9585e-01 0.0000e+00
553 1.0000e-03 7.6600e-05 1.2670e-04 2.3672e-07 1.2670e-04 1.9597e-01 0.0000e+00
554 2.0000e-03 8.0000e-05 1.3629e-04 8.7709e-05 1.2620e-04 1.9601e-01 1.0087e-05
555 1.5000e-03 7.6600e-05 1.4562e-04 2.3934e-04 1.2605e-04 1.9590e-01 1.9565e-05
556 0.0000e+00 6.9300e-05 1.2650e-04 1.9477e-04 1.2650e-04 1.9583e-01 0.0000e+00
557 5.0000e-04 5.6600e-05 1.3165e-04 2.1004e-04 1.2677e-04 1.9575e-01 4.8804e-06
558 0.0000e+00 4.0000e-05 1.2710e-04 1.7893e-04 1.2710e-04 1.9570e-01 0.0000e+00
559 0.0000e+00 1.9400e-05 1.2731e-04 1.5528e-04 1.2731e-04 1.9567e-01 0.0000e+00
560 0.0000e+00 0.0000e+00 1.2742e-04 1.3529e-04 1.2742e-04 1.9566e-01 0.0000e+00
561 0.0000e+00 0.0000e+00 1.2745e-04 1.1821e-04 1.2745e-04 1.9567e-01 0.0000e+00
562 0.0000e+00 0.0000e+00 1.2741e-04 1.0354e-04 1.2741e-04 1.9569e-01 0.0000e+00
563 0.0000e+00 0.0000e+00 1.2732e-04 9.0879e-05 1.2732e-04 1.9573e-01 0.0000e+00
564 0.0000e+00 0.0000e+00 1.2717e-04 7.9904e-05 1.2717e-04 1.9578e-01 0.0000e+00
565 5.0000e-04 0.0000e+00 1.3228e-04 1.1633e-04 1.2698e-04 1.9579e-01 5.2921e-06
566 0.0000e+00 0.0000e+00 1.2694e-04 9.8566e-05 1.2694e-04 1.9582e-01 0.0000e+00
567 0.0000e+00 0.0000e+00 1.2683e-04 8.6143e-05 1.2683e-04 1.9586e-01 0.0000e+00
568 0.0000e+00 0.0000e+00 1.2667e-04 7.5545e-05 1.2667e-04 1.9591e-01 0.0000e+00
569 0.0000e+00 0.0000e+00 1.2647e-04 6.6420e-05 1.2647e-04 1.9597e-01 0.0000e+00
570 0.0000e+00 0.0000e+00 1.2623e-04 5.8515e-05 1.2623e-04 1.9604e-01 0.0000e+00
571 0.0000e+00 0.0000e+00 1.2596e-04 5.1638e-05 1.2596e-04 1.9611e-01 0.0000e+00
572 0.0000e+00 0.0000e+00 1.2567e-04 4.5636e-05 1.2567e-04 1.9619e-01 0.0000e+00
573 3.0000e-03 3.0500e-05 1.6669e-04 3.9838e-04 1.2536e-04 1.9592e-01 4.1335e-05
574 1.0000e-03 5.8900e-05 1.3979e-04 4.3678e-04 1.2643e-04 1.9561e-01 1.3358e-05
575 2.5000e-03 8.3300e-05 1.6130e-04 6.6184e-04 1.2766e-04 1.9507e-01 3.3635e-05
576 3.5000e-03 1.0200e-04 1.7979e-04 9.6114e-04 1.2981e-04 1.9424e-01 4.9980e-05
577 1.5000e-03 1.1290e-04 1.5249e-04 9.7784e-04 1.3323e-04 1.9340e-01 1.9262e-05
578 0.0000e+00 1.1780e-04 1.3679e-04 8.3657e-04 1.3679e-04 1.9270e-01 0.0000e+00
579 0.0000e+00 1.1290e-04 1.3981e-04 7.2692e-04 1.3981e-04 1.9211e-01 0.0000e+00
580 0.0000e+00 1.0200e-04 1.4240e-04 6.3357e-04 1.4240e-04 1.9162e-01 0.0000e+00
581 0.0000e+00 8.3300e-05 1.4461e-04 5.5344e-04 1.4461e-04 1.9121e-01 0.0000e+00
582 0.0000e+00 5.8900e-05 1.4647e-04 4.8430e-04 1.4647e-04 1.9087e-01 0.0000e+00
583 0.0000e+00 2.8500e-05 1.4802e-04 4.2442e-04 1.4802e-04 1.9060e-01 0.0000e+00
584 0.0000e+00 0.0000e+00 1.4930e-04 3.7244e-04 1.4930e-04 1.9037e-01 0.0000e+00
585 0.0000e+00 0.0000e+00 1.5035e-04 3.2721e-04 1.5035e-04 1.9020e-01 0.0000e+00
586 0.0000e+00 0.0000e+00 1.5118e-04 2.8780e-04 1.5118e-04 1.9006e-01 0.0000e+00
587 0.0000e+00 0.0000e+00 1.5183e-04 2.5341e-04 1.5183e-04 1.8996e-01 0.0000e+00
588 0.0000e+00 0.0000e+00 1.5231e-04 2.2336e-04 1.5231e-04 1.8989e-01 0.0000e+00
589 5.0000e-04 0.0000e+00 1.5265e-04 1.9706e-04 1.5265e-04 1.8984e-01 0.0000e+00
590 0.0000e+00 0.0000e+00 1.5286e-04 1.7403e-04 1.5286e-04 1.8982e-01 0.0000e+00
591 0.0000e+00 0.0000e+00 1.5296e-04 1.5383e-04 1.5296e-04 1.8982e-01 0.0000e+00
592 5.0000e-04 0.0000e+00 1.5967e-04 1.8309e-04 1.5297e-04 1.8979e-01 6.6976e-06
593 0.0000e+00 0.0000e+00 1.5311e-04 1.5847e-04 1.5311e-04 1.8978e-01 0.0000e+00
594 1.0000e-03 0.0000e+00 1.7045e-04 2.6063e-04 1.5314e-04 1.8968e-01 1.7312e-05
595 0.0000e+00 0.0000e+00 1.5365e-04 2.2070e-04 1.5365e-04 1.8961e-01 0.0000e+00
596 0.0000e+00 0.0000e+00 1.5397e-04 1.9172e-04 1.5397e-04 1.8957e-01 0.0000e+00
597 0.0000e+00 6.2600e-05 1.5416e-04 1.6738e-04 1.5416e-04 1.8956e-01 0.0000e+00
598 0.0000e+00 1.2080e-04 1.5422e-04 1.4660e-04 1.5422e-04 1.8957e-01 0.0000e+00
599 0.0000e+00 1.7090e-04 1.5418e-04 1.2871e-04 1.5418e-04 1.8959e-01 0.0000e+00
600 0.0000e+00 2.0930e-04 1.5406e-04 1.1322e-04 1.5406e-04 1.8963e-01 0.0000e+00
601 0.0000e+00 2.3150e-04 1.5386e-04 9.9765e-05 1.5386e-04 1.8969e-01 0.0000e+00
602 0.0000e+00 2.4180e-04 1.5360e-04 8.8036e-05 1.5360e-04 1.8975e-01 0.0000e+00
603 0.0000e+00 2.3150e-04 1.5329e-04 7.7790e-05 1.5329e-04 1.8983e-01 0.0000e+00
604 0.0000e+00 2.0930e-04 1.5293e-04 6.8820e-05 1.5293e-04 1.8991e-01 0.0000e+00
605 0.0000e+00 1.7090e-04 1.5253e-04 6.0954e-05 1.5253e-04 1.9000e-01 0.0000e+00
606 0.0000e+00 1.2080e-04 1.5209e-04 5.4044e-05 1.5209e-04 1.9010e-01 0.0000e+00
607 0.0000e+00 5.8500e-05 1.5163e-04 4.7965e-05 1.5163e-04 1.9021e-01 0.0000e+00
608 0.0000e+00 0.0000e+00 1.5114e-04 4.2610e-05 1.5114e-04 1.9031e-01 0.0000e+00
609 0.0000e+00 0.0000e+00 1.5062e-04 3.7887e-05 1.5062e-04 1.9043e-01 0.0000e+00
610 0.0000e+00 0.0000e+00 1.5009e-04 3.3717e-05 1.5009e-04 1.9054e-01 0.0000e+00
611 0.0000e+00 0.0000e+00 1.4955e-04 3.0030e-05 1.4955e-04 1.9066e-01 0.0000e+00
612 0.0000e+00 0.0000e+00 1.4899e-04 2.6768e-05 1.4899e-04 1.9079e-01 0.0000e+00
613 0.0000e+00 0.0000e+00 1.4842e-04 2.3878e-05 1.4842e-04 1.9091e-01 0.0000e+00
614 0.0000e+00 0.0000e+00 1.4785e-04 2.1316e-05 1.4785e-04 1.9104e-01 0.0000e+00
615 0.0000e+00 0.0000e+00 1.4726e-04 1.9042e-05 1.4726e-04 1.9116e-01 0.0000e+00
616 0.0000e+00 0.0000e+00 1.4668e-04 1.7023e-05 1.4668e-04 1.9129e-01 0.0000e+00
617 0.0000e+00 0.0000e+00 1.4608e-04 1.5228e-05 1.4608e-04 1.9142e-01 0.0000e+00
618 0.0000e+00 0.0000e+00 1.4549e-04 1.3630e-05 1.4549e-04 1.9156e-01 0.0000e+00
619 0.0000e+00 0.0000e+00 1.4489e-04 1.2208e-05 1.4489e-04 1.9169e-01 0.0000e+00
620 0.0000e+00 0.0000e+00 1.4429e-04 1.0941e-05 1.4429e-04 1.9182e-01 0.0000e+00
621 0.0000e+00 1.4200e-05 1.4369e-04 9.8118e-06 1.4369e-04 1.9196e-01 0.0000e+00
622 0.0000e+00 2.7500e-05 1.4309e-04 8.8039e-06 1.4309e-04 1.9209e-01 0.0000e+00
623 0.0000e+00 3.8900e-05 1.4249e-04 7.9039e-06 1.4249e-04 1.9223e-01 0.0000e+00
624 1.0000e-03 4.7600e-05 1.4189e-04 7.0998e-06 1.4189e-04 1.9236e-01 0.0000e+00
625 1.0000e-03 5.2700e-05 1.4263e-04 1.5589e-05 1.4129e-04 1.9249e-01 1.3385e-06
626 3.0000e-03 5.5000e-05 1.9176e-04 3.6391e-04 1.4074e-04 1.9226e-01 5.1024e-05
627 2.0000e-03 5.2700e-05 1.7540e-04 5.2882e-04 1.4173e-04 1.9188e-01 3.3672e-05
628 1.5000e-03 4.7600e-05 1.6851e-04 6.1640e-04 1.4345e-04 1.9140e-01 2.5056e-05
629 3.5000e-03 3.8900e-05 2.0535e-04 9.3675e-04 1.4559e-04 1.9061e-01 5.9768e-05
630 4.0000e-03 2.7500e-05 2.1781e-04 1.2679e-03 1.4923e-04 1.8949e-01 6.8574e-05
631 5.0000e-03 1.3300e-05 2.4062e-04 1.6791e-03 1.5454e-04 1.8797e-01 8.6084e-05
632 0.0000e+00 0.0000e+00 1.6208e-04 1.4249e-03 1.6208e-04 1.8671e-01 0.0000e+00
633 0.0000e+00 0.0000e+00 1.6860e-04 1.2319e-03 1.6860e-04 1.8564e-01 0.0000e+00
634 1.0000e-03 0.0000e+00 1.9138e-04 1.1928e-03 1.7430e-04 1.8462e-01 1.7082e-05
635 2.5000e-03 0.0000e+00 2.2322e-04 1.3464e-03 1.7994e-04 1.8346e-01 4.3280e-05
636 3.5000e-03 0.0000e+00 2.4721e-04 1.5983e-03 1.8662e-04 1.8205e-01 6.0592e-05
637 3.0000e-03 0.0000e+00 2.4697e-04 1.7464e-03 1.9503e-04 1.8049e-01 5.1936e-05
638 0.0000e+00 0.0000e+00 2.0472e-04 1.4852e-03 2.0472e-04 1.7921e-01 0.0000e+00
639 5.0000e-04 0.0000e+00 2.2174e-04 1.3504e-03 2.1308e-04 1.7808e-01 8.6560e-06
640 0.0000e+00 0.0000e+00 2.2079e-04 1.1647e-03 2.2079e-04 1.7713e-01 0.0000e+00
641 5.0000e-04 0.0000e+00 2.3698e-04 1.0758e-03 2.2740e-04 1.7628e-01 9.5774e-06
642 0.0000e+00 0.0000e+00 2.3351e-04 9.2846e-04 2.3351e-04 1.7559e-01 0.0000e+00
643 5.0000e-04 0.0000e+00 2.4931e-04 8.7148e-04 2.3864e-04 1.7496e-01 1.0675e-05
644 0.0000e+00 0.0000e+00 2.4340e-04 7.5232e-04 2.4340e-04 1.7445e-01 0.0000e+00
645 0.0000e+00 1.6900e-05 2.4730e-04 6.5252e-04 2.4730e-04 1.7404e-01 0.0000e+00
646 0.0000e+00 3.2600e-05 2.5045e-04 5.6689e-04 2.5045e-04 1.7373e-01 0.0000e+00
647 0.0000e+00 4.6100e-05 2.5294e-04 4.9316e-04 2.5294e-04 1.7349e-01 0.0000e+00
648 0.0000e+00 5.6400e-05 2.5485e-04 4.2954e-04 2.5485e-04 1.7331e-01 0.0000e+00
649 0.0000e+00 6.2400e-05 2.5624e-04 3.7456e-04 2.5624e-04 1.7319e-01 0.0000e+00
650 0.0000e+00 6.5200e-05 2.5719e-04 3.2699e-04 2.5719e-04 1.7312e-01 0.0000e+00
651 0.0000e+00 6.2400e-05 2.5776e-04 2.8578e-04 2.5776e-04 1.7310e-01 0.0000e+00
652 0.0000e+00 5.6400e-05 2.5798e-04 2.5003e-04 2.5798e-04 1.7310e-01 0.0000e+00
653 0.0000e+00 4.6100e-05 2.5792e-04 2.1898e-04 2.5792e-04 1.7314e-01 0.0000e+00
654 0.0000e+00 3.2600e-05 2.5760e-04 1.9200e-04 2.5760e-04 1.7321e-01 0.0000e+00
655 0.0000e+00 1.5800e-05 2.5708e-04 1.6851e-04 2.5708e-04 1.7330e-01 0.0000e+00
656 0.0000e+00 0.0000e+00 2.5637e-04 1.4805e-04 2.5637e-04 1.7340e-01 0.0000e+00
657 0.0000e+00 0.0000e+00 2.5550e-04 1.3020e-04 2.5550e-04 1.7353e-01 0.0000e+00
658 0.0000e+00 0.0000e+00 2.5450e-04 1.1462e-04 2.5450e-04 1.7367e-01 0.0000e+00
659 0.0000e+00 0.0000e+00 2.5339e-04 1.0100e-04 2.5339e-04 1.7382e-01 0.0000e+00
660 0.0000e+00 0.0000e+00 2.5219e-04 8.9084e-05 2.5219e-04 1.7399e-01 0.0000e+00
661 0.0000e+00 0.0000e+00 2.5090e-04 7.8646e-05 2.5090e-04 1.7416e-01 0.0000e+00
662 0.0000e+00 0.0000e+00 2.4956e-04 6.9494e-05 2.4956e-04 1.7434e-01 0.0000e+00
663 0.0000e+00 0.0000e+00 2.4816e-04 6.1461e-05 2.4816e-04 1.7452e-01 0.0000e+00
664 0.0000e+00 0.0000e+00 2.4671e-04 5.4404e-05 2.4671e-04 1.7472e-01 0.0000e+00
665 0.0000e+00 0.0000e+00 2.4524e-04 4.8198e-05 2.4524e-04 1.7491e-01 0.0000e+00
666 5.0000e-04 0.0000e+00 2.4393e-04 4.3972e-05 2.4373e-04 1.7511e-01 1.9793e-07
667 0.0000e+00 0.0000e+00 2.4221e-04 3.8899e-05 2.4221e-04 1.7532e-01 0.0000e+00
668 5.0000e-04 0.0000e+00 2.5135e-04 1.0098e-04 2.4068e-04 1.7546e-01 1.0675e-05
669 5.0000e-04 1.5300e-05 2.5031e-04 1.4963e-04 2.3963e-04 1.7555e-01 1.0675e-05
670 0.0000e+00 2.9500e-05 2.3896e-04 1.2372e-04 2.3896e-04 1.7566e-01 0.0000e+00
671 1.0000e-03 4.1700e-05 2.5849e-04 2.3183e-04 2.3810e-04 1.7567e-01 2.0393e-05
672 0.0000e+00 5.1100e-05 2.3805e-04 1.9062e-04 2.3805e-04 1.7572e-01 0.0000e+00
673 0.0000e+00 5.6500e-05 2.3770e-04 1.6165e-04 2.3770e-04 1.7579e-01 0.0000e+00
674 0.0000e+00 5.9000e-05 2.3714e-04 1.3813e-04 2.3714e-04 1.7589e-01 0.0000e+00
675 5.0000e-04 5.6500e-05 2.4264e-04 1.5730e-04 2.3640e-04 1.7597e-01 6.2346e-06
676 5.0000e-04 5.1100e-05 2.4529e-04 1.9165e-04 2.3582e-04 1.7601e-01 9.4686e-06
677 0.0000e+00 4.1700e-05 2.3549e-04 1.6075e-04 2.3549e-04 1.7609e-01 0.0000e+00
678 0.0000e+00 2.9500e-05 2.3494e-04 1.3744e-04 2.3494e-04 1.7619e-01 0.0000e+00
679 1.0000e-03 1.4300e-05 2.5297e-04 2.3402e-04 2.3423e-04 1.7619e-01 1.8741e-05
680 1.0000e-03 0.0000e+00 2.5527e-04 3.2418e-04 2.3423e-04 1.7610e-01 2.1044e-05
681 0.0000e+00 0.0000e+00 2.3489e-04 2.6892e-04 2.3489e-04 1.7606e-01 0.0000e+00
682 0.0000e+00 0.0000e+00 2.3514e-04 2.2854e-04 2.3514e-04 1.7607e-01 0.0000e+00
683 0.0000e+00 0.0000e+00 2.3509e-04 1.9553e-04 2.3509e-04 1.7611e-01 0.0000e+00
684 0.0000e+00 0.0000e+00 2.3480e-04 1.6807e-04 2.3480e-04 1.7617e-01 0.0000e+00
685 0.0000e+00 0.0000e+00 2.3431e-04 1.4499e-04 2.3431e-04 1.7626e-01 0.0000e+00
686 0.0000e+00 0.0000e+00 2.3366e-04 1.2545e-04 2.3366e-04 1.7637e-01 0.0000e+00
687 0.0000e+00 0.0000e+00 2.3287e-04 1.0881e-04 2.3287e-04 1.7650e-01 0.0000e+00
688 0.0000e+00 0.0000e+00 2.3197e-04 9.4584e-05 2.3197e-04 1.7663e-01 0.0000e+00
689 0.0000e+00 0.0000e+00 2.3097e-04 8.2383e-05 2.3097e-04 1.7678e-01 0.0000e+00
690 0.0000e+00 0.0000e+00 2.2990e-04 7.1886e-05 2.2990e-04 1.7694e-01 0.0000e+00
691 0.0000e+00 0.0000e+00 2.2877e-04 6.2831e-05 2.2877e-04 1.7711e-01 0.0000e+00
692 0.0000e+00 0.0000e+00 2.2759e-04 5.5001e-05 2.2759e-04 1.7728e-01 0.0000e+00
693 0.0000e+00 5.6100e-05 2.2636e-04 4.8217e-05 2.2636e-04 1.7746e-01 0.0000e+00
694 0.0000e+00 1.0830e-04 2.2511e-04 4.2328e-05 2.2511e-04 1.7764e-01 0.0000e+00
695 0.0000e+00 1.5320e-04 2.2382e-04 3.7206e-05 2.2382e-04 1.7783e-01 0.0000e+00
696 0.0000e+00 1.8770e-04 2.2252e-04 3.2744e-05 2.2252e-04 1.7802e-01 0.0000e+00
697 0.0000e+00 2.0760e-04 2.2121e-04 2.8851e-05 2.2121e-04 1.7821e-01 0.0000e+00
698 0.0000e+00 2.1680e-04 2.1988e-04 2.5449e-05 2.1988e-04 1.7840e-01 0.0000e+00
699 0.0000e+00 2.0760e-04 2.1855e-04 2.2472e-05 2.1855e-04 1.7860e-01 0.0000e+00
700 5.0000e-04 1.8770e-04 2.1721e-04 1.9864e-05 2.1721e-04 1.7880e-01 0.0000e+00
701 0.0000e+00 1.5320e-04 2.1588e-04 1.7576e-05 2.1588e-04 1.7899e-01 0.0000e+00
702 0.0000e+00 1.0830e-04 2.1455e-04 1.5567e-05 2.1455e-04 1.7919e-01 0.0000e+00
703 0.0000e+00 5.2400e-05 2.1322e-04 1.3800e-05 2.1322e-04 1.7939e-01 0.0000e+00
704 0.0000e+00 0.0000e+00 2.1189e-04 1.2244e-05 2.1189e-04 1.7959e-01 0.0000e+00
705 0.0000e+00 0.0000e+00 2.1057e-04 1.0873e-05 2.1057e-04 1.7979e-01 0.0000e+00
706 0.0000e+00 0.0000e+00 2.0926e-04 9.6627e-06 2.0926e-04 1.7999e-01 0.0000e+00
707 0.0000e+00 0.0000e+00 2.0796e-04 8.5948e-06 2.0796e-04 1.8019e-01 0.0000e+00
708 0.0000e+00 0.0000e+00 2.0667e-04 7.6508e-06 2.0667e-04 1.8039e-01 0.0000e+00
709 0.0000e+00 0.0000e+00 2.0539e-04 6.8157e-06 2.0539e-04 1.8059e-01 0.0000e+00
710 0.0000e+00 0.0000e+00 2.0412e-04 6.0761e-06 2.0412e-04 1.8079e-01 0.0000e+00
711 0.0000e+00 0.0000e+00 2.0286e-04 5.4206e-06 2.0286e-04 1.8098e-01 0.0000e+00
712 0.0000e+00 0.0000e+00 2.0161e-04 4.8392e-06 2.0161e-04 1.8118e-01 0.0000e+00
713 0.0000e+00 0.0000e+00 2.0038e-04 4.3230e-06 2.0038e-04 1.8138e-01 0.0000e+00
714 0.0000e+00 0.0000e+00 1.9915e-04 3.8644e-06 1.9915e-04 1.8157e-01 0.0000e+00
715 0.0000e+00 0.0000e+00 1.9794e-04 3.4561e-06 1.9794e-04 1.8177e-01 0.0000e+00
716 0.0000e+00 0.0000e+00 1.9674e-04 3.0934e-06 1.9674e-04 1.8196e-01 0.0000e+00
717 0.0000e+00 8.5600e-05 1.9555e-04 2.7704e-06 1.9555e-04 1.8215e-01 0.0000e+00
718 0.0000e+00 1.6520e-04 1.9438e-04 2.4826e-06 1.9438e-04 1.8235e-01 0.0000e+00
719 0.0000e+00 2.3380e-04 1.9322e-04 2.2260e-06 1.9322e-04 1.8254e-01 0.0000e+00
720 0.0000e+00 2.8620e-04 1.9207e-04 1.9970e-06 1.9207e-04 1.8273e-01 0.0000e+00
721 0.0000e+00 3.1670e-04 1.9093e-04 1.7925e-06 1.9093e-04 1.8292e-01 0.0000e+00
722 0.0000e+00 3.3060e-04 1.8980e-04 1.6098e-06 1.8980e-04 1.8310e-01 0.0000e+00
723 0.0000e+00 3.1670e-04 1.8869e-04 1.4457e-06 1.8869e-04 1.8329e-01 0.0000e+00
724 0.0000e+00 2.8620e-04 1.8759e-04 1.2998e-06 1.8759e-04 1.8348e-01 0.0000e+00
725 0.0000e+00 2.3380e-04 1.8650e-04 1.1691e-06 1.8650e-04 1.8366e-01 0.0000e+00
726 0.0000e+00 1.6520e-04 1.8542e-04 1.0521e-06 1.8542e-04 1.8385e-01 0.0000e+00
727 0.0000e+00 8.0000e-05 1.8436e-04 9.4725e-07 1.8436e-04 1.8403e-01 0.0000e+00
728 0.0000e+00 0.0000e+00 1.8331e-04 8.5323e-07 1.8331e-04 1.8421e-01 0.0000e+00
729 0.0000e+00 0.0000e+00 1.8226e-04 7.6889e-07 1.8226e-04 1.8439e-01 0.0000e+00
730 0.0000e+00 0.0000e+00 1.8123e-04 6.9318e-07 1.8123e-04 1.8458e-01 0.0000e+00
731 0.0000e+00 0.0000e+00 1.8021e-04 6.2520e-07 1.8021e-04 1.8475e-01 0.0000e+00
732 0.0000e+00 0.0000e+00 1.7920e-04 5.6314e-07 1.7920e-04 1.8493e-01 0.0000e+00
733 0.0000e+00 0.0000e+00 1.7821e-04 5.0840e-07 1.7821e-04 1.8511e-01 0.0000e+00
734 0.0000e+00 0.0000e+00 1.7722e-04 4.5917e-07 1.7722e-04 1.8529e-01 0.0000e+00
735 0.0000e+00 0.0000e+00 1.7624e-04 4.1486e-07 1.7624e-04 1.8546e-01 0.0000e+00
736 0.0000e+00 0.0000e+00 1.7528e-04 3.7496e-07 1.7528e-04 1.8564e-01 0.0000e+00
737 0.0000e+00 0.0000e+00 1.7432e-04 3.3903e-07 1.7432e-04 1.8581e-01 0.0000e+00
738 0.0000e+00 0.0000e+00 1.7338e-04 3.0665e-07 1.7338e-04 1.8599e-01 0.0000e+00
739 0.0000e+00 0.0000e+00 1.7244e-04 2.7746e-07 1.7244e-04 1.8616e-01 0.0000e+00
740 0.0000e+00 0.0000e+00 1.7152e-04 2.5114e-07 1.7152e-04 1.8633e-01 0.0000e+00
741 0.0000e+00 7.4700e-05 1.7060e-04 2.2620e-07 1.7060e-04 1.8650e-01 0.0000e+00
742 0.0000e+00 1.4410e-04 1.6970e-04 2.0495e-07 1.6970e-04 1.8667e-01 0.0000e+00
743 0.0000e+00 2.0380e-04 1.6880e-04 1.8575e-07 1.6880e-04 1.8684e-01 0.0000e+00
744 0.0000e+00 2.4960e-04 1.6791e-04 1.6840e-07 1.6791e-04 1.8701e-01 0.0000e+00
745 0.0000e+00 2.7610e-04 1.6703e-04 1.5272e-07 1.6703e-04 1.8717e-01 0.0000e+00
746 0.0000e+00 2.8830e-04 1.6617e-04 1.3853e-07 1.6617e-04 1.8734e-01 0.0000e+00
747 0.0000e+00 2.7610e-04 1.6531e-04 1.2571e-07 1.6531e-04 1.8750e-01 0.0000e+00
748 0.0000e+00 2.4960e-04 1.6445e-04 1.1410e-07 1.6445e-04 1.8767e-01 0.0000e+00
749 0.0000e+00 2.0380e-04 1.6361e-04 1.0191e-07 1.6361e-04 1.8783e-01 0.0000e+00
750 0.0000e+00 1.4410e-04 1.6278e-04 9.2617e-08 1.6278e-04 1.8799e-01 0.0000e+00
751 0.0000e+00 6.9800e-05 1.6195e-04 8.4195e-08 1.6195e-04 1.8816e-01 0.0000e+00
752 0.0000e+00 0.0000e+00 1.6114e-04 7.6557e-08 1.6114e-04 1.8832e-01 0.0000e+00
753 0.0000e+00 0.0000e+00 1.6033e-04 6.9629e-08 1.6033e-04 1.8848e-01 0.0000e+00
754 0.0000e+00 0.0000e+00 1.5953e-04 6.3343e-08 1.5953e-04 1.8864e-01 0.0000e+00
755 0.0000e+00 0.0000e+00 1.5873e-04 5.7637e-08 1.5873e-04 1.8880e-01 0.0000e+00
756 0.0000e+00 0.0000e+00 1.5795e-04 5.2457e-08 1.5795e-04 1.8895e-01 0.0000e+00
757 0.0000e+00 0.0000e+00 1.5717e-04 4.7754e-08 1.5717e-04 1.8911e-01 0.0000e+00
758 0.0000e+00 0.0000e+00 1.5640e-04 4.1895e-08 1.5640e-04 1.8927e-01 0.0000e+00
759 0.0000e+00 0.0000e+00 1.5564e-04 3.8202e-08 1.5564e-04 1.8942e-01 0.0000e+00
760 0.0000e+00 0.0000e+00 1.5488e-04 3.4841e-08 1.5488e-04 1.8958e-01 0.0000e+00
761 0.0000e+00 0.0000e+00 1.5414e-04 3.1782e-08 1.5414e-04 1.8973e-01 0.0000e+00
762 0.0000e+00 0.0000e+00 1.5339e-04 2.8996e-08 1.5339e-04 1.8988e-01 0.0000e+00
763 0.0000e+00 0.0000e+00 1.5266e-04 2.6459e-08 1.5266e-04 1.9004e-01 0.0000e+00
764 0.0000e+00 0.0000e+00 1.5193e-04 2.4149e-08 1.5193e-04 1.9019e-01 0.0000e+00
765 0.0000e+00 9.6700e-05 1.5122e-04 2.2043e-08 1.5122e-04 1.9034e-01 0.0000e+00
766 0.0000e+00 1.8660e-04 1.5050e-04 2.0125e-08 1.5050e-04 1.9049e-01 0.0000e+00
767 0.0000e+00 2.6400e-04 1.4980e-04 1.7259e-08 1.4980e-04 1.9064e-01 0.0000e+00
768 0.0000e+00 3.2330e-04 1.4910e-04 1.5786e-08 1.4910e-04 1.9079e-01 0.0000e+00
769 0.0000e+00 3.5770e-04 1.4840e-04 1.4441e-08 1.4840e-04 1.9094e-01 0.0000e+00
770 0.0000e+00 3.7350e-04 1.4772e-04 1.3212e-08 1.4772e-04 1.9109e-01 0.0000e+00
771 0.0000e+00 3.5770e-04 1.4704e-04 1.2089e-08 1.4704e-04 1.9123e-01 0.0000e+00
772 0.0000e+00 3.2330e-04 1.4636e-04 1.1063e-08 1.4636e-04 1.9138e-01 0.0000e+00
773 0.0000e+00 2.6400e-04 1.4570e-04 1.0126e-08 1.4570e-04 1.9152e-01 0.0000e+00
774 0.0000e+00 1.8660e-04 1.4503e-04 9.2688e-09 1.4503e-04 1.9167e-01 0.0000e+00
775 0.0000e+00 9.0400e-05 1.4438e-04 8.4856e-09 1.4438e-04 1.9181e-01 0.0000e+00
776 0.0000e+00 0.0000e+00 1.4373e-04 6.9874e-09 1.4373e-04 1.9196e-01 0.0000e+00
777 0.0000e+00 0.0000e+00 1.4308e-04 6.4099e-09 1.4308e-04 1.9210e-01 0.0000e+00
778 0.0000e+00 0.0000e+00 1.4245e-04 5.8807e-09 1.4245e-04 1.9224e-01 0.0000e+00
779 0.0000e+00 0.0000e+00 1.4181e-04 5.3958e-09 1.4181e-04 1.9239e-01 0.0000e+00
780 0.0000e+00 0.0000e+00 1.4119e-04 4.9513e-09 1.4119e-04 1.9253e-01 0.0000e+00
781 0.0000e+00 0.0000e+00 1.4056e-04 4.5439e-09 1.4056e-04 1.9267e-01 0.0000e+00
782 0.0000e+00 0.0000e+00 1.3995e-04 4.1704e-09 1.3995e-04 1.9281e-01 0.0000e+00
783 0.0000e+00 0.0000e+00 1.3934e-04 3.8280e-09 1.3934e-04 1.9295e-01 0.0000e+00
784 0.0000e+00 0.0000e+00 1.3873e-04 3.5140e-09 1.3873e-04 1.9308e-01 0.0000e+00
785 0.0000e+00 0.0000e+00 1.3813e-04 2.6506e-09 1.3813e-04 1.9322e-01 0.0000e+00
786 0.0000e+00 0.0000e+00 1.3754e-04 2.4390e-09 1.3754e-04 1.9336e-01 0.0000e+00
787 0.0000e+00 0.0000e+00 1.3695e-04 2.2445e-09 1.3695e-04 1.9350e-01 0.0000e+00
788 0.0000e+00 0.0000e+00 1.3636e-04 2.0656e-09 1.3636e-04 1.9363e-01 0.0000e+00
789 0.0000e+00 1.2590e-04 1.3578e-04 1.9012e-09 1.3578e-04 1.9377e-01 0.0000e+00
790 0.0000e+00 2.4290e-04 1.3521e-04 1.7500e-09 1.3521e-04 1.9390e-01 0.0000e+00
791 0.0000e+00 3.4370e-04 1.3464e-04 1.6109e-09 1.3464e-04 1.9404e-01 0.0000e+00
792 0.0000e+00 4.2090e-04 1.3407e-04 1.4829e-09 1.3407e-04 1.9417e-01 0.0000e+00
793 0.0000e+00 4.6560e-04 1.3351e-04 1.3653e-09 1.3351e-04 1.9431e-01 0.0000e+00
794 0.0000e+00 4.8620e-04 1.3296e-04 8.6409e-10 1.3296e-04 1.9444e-01 0.0000e+00
795 0.0000e+00 4.6560e-04 1.3240e-04 7.9778e-10 1.3240e-04 1.9457e-01 0.0000e+00
796 0.0000e+00 4.2090e-04 1.3186e-04 7.3659e-10 1.3186e-04 1.9470e-01 0.0000e+00
797 0.0000e+00 3.4370e-04 1.3132e-04 6.8014e-10 1.3132e-04 1.9484e-01 0.0000e+00
798 0.0000e+00 2.4290e-04 1.3078e-04 6.2805e-10 1.3078e-04 1.9497e-01 0.0000e+00
799 0.0000e+00 1.1760e-04 1.3024e-04 5.7998e-10 1.3024e-04 1.9510e-01 0.0000e+00
800 0.0000e+00 0.0000e+00 1.2972e-04 5.3562e-10 1.2972e-04 1.9523e-01 0.0000e+00
801 0.0000e+00 0.0000e+00 1.2919e-04 4.9467e-10 1.2919e-04 1.9536e-01 0.0000e+00
802 0.0000e+00 0.0000e+00 1.2867e-04 4.5689e-10 1.2867e-04 1.9548e-01 0.0000e+00
803 0.0000e+00 0.0000e+00 1.2815e-04 2.0396e-10 1.2815e-04 1.9561e-01 0.0000e+00
804 0.0000e+00 0.0000e+00 1.2764e-04 1.8900e-10 1.2764e-04 1.9574e-01 0.0000e+00
805 0.0000e+00 0.0000e+00 1.2713e-04 1.7514e-10 1.2713e-04 1.9587e-01 0.0000e+00
806 0.0000e+00 0.0000e+00 1.2663e-04 1.6230e-10 1.2663e-04 1.9599e-01 0.0000e+00
807 0.0000e+00 0.0000e+00 1.2613e-04 1.5041e-10 1.2613e-04 1.9612e-01 0.0000e+00
808 0.0000e+00 0.0000e+00 1.2563e-04 1.3940e-10 1.2563e-04 1.9625e-01 0.0000e+00
809 0.0000e+00 0.0000e+00 1.2514e-04 1.2920e-10 1.2514e-04 1.9637e-01 0.0000e+00
810 0.0000e+00 0.0000e+00 1.2465e-04 1.1975e-10 1.2465e-04 1.9650e-01 0.0000e+00
811 0.0000e+00 0.0000e+00 1.2417e-04 1.1100e-10 1.2417e-04 1.9662e-01 0.0000e+00
812 0.0000e+00 0.0000e+00 1.2369e-04 1.0289e-10 1.2369e-04 1.9674e-01 0.0000e+00
813 0.0000e+00 3.0400e-05 1.2321e-04 2.5400e-11 1.2321e-04 1.9687e-01 0.0000e+00
814 0.0000e+00 5.8700e-05 1.2274e-04 2.3622e-11 1.2274e-04 1.9699e-01 0.0000e+00
815 0.0000e+00 8.3100e-05 1.2227e-04 2.1969e-11 1.2227e-04 1.9711e-01 0.0000e+00
816 0.0000e+00 1.0180e-04 1.2180e-04 2.0432e-11 1.2180e-04 1.9723e-01 0.0000e+00
817 0.0000e+00 1.1260e-04 1.2134e-04 1.9004e-11 1.2134e-04 1.9735e-01 0.0000e+00
818 0.0000e+00 1.1760e-04 1.2088e-04 1.7676e-11 1.2088e-04 1.9748e-01 0.0000e+00
819 0.0000e+00 1.1260e-04 1.2042e-04 1.6441e-11 1.2042e-04 1.9760e-01 0.0000e+00
820 0.0000e+00 1.0180e-04 1.1997e-04 1.5293e-11 1.1997e-04 1.9772e-01 0.0000e+00
821 0.0000e+00 8.3100e-05 1.1952e-04 1.4226e-11 1.1952e-04 1.9784e-01 0.0000e+00
822 0.0000e+00 5.8700e-05 1.1908e-04 0.0000e+00 1.1908e-04 1.9795e-01 0.0000e+00
823 0.0000e+00 2.8400e-05 1.1863e-04 0.0000e+00 1.1863e-04 1.9807e-01 0.0000e+00
824 0.0000e+00 0.0000e+00 1.1819e-04 0.0000e+00 1.1819e-04 1.9819e-01 0.0000e+00
825 0.0000e+00 0.0000e+00 1.1776e-04 0.0000e+00 1.1776e-04 1.9831e-01 0.0000e+00
826 0.0000e+00 0.0000e+00 1.1733e-04 0.0000e+00 1.1733e-04 1.9843e-01 0.0000e+00
827 0.0000e+00 0.0000e+00 1.1690e-04 0.0000e+00 1.1690e-04 1.9854e-01 0.0000e+00
828 0.0000e+00 0.0000e+00 1.1647e-04 0.0000e+00 1.1647e-04 1.9866e-01 0.0000e+00
829 0.0000e+00 0.0000e+00 1.1605e-04 0.0000e+00 1.1605e-04 1.9878e-01 0.0000e+00
830 0.0000e+00 0.0000e+00 1.1563e-04 0.0000e+00 1.1563e-04 1.9889e-01 0.0000e+00
831 0.0000e+00 0.0000e+00 1.1521e-04 0.0000e+00 1.1521e-04 1.9901e-01 0.0000e+00
832 0.0000e+00 0.0000e+00 1.1480e-04 0.0000e+00 1.1480e-04 1.9912e-01 0.0000e+00
833 0.0000e+00 0.0000e+00 1.1438e-04 0.0000e+00 1.1438e-04 1.9924e-01 0.0000e+00
834 0.0000e+00 0.0000e+00 1.1398e-04 0.0000e+00 1.1398e-04 1.9935e-01 0.0000e+00
835 0.0000e+00 0.0000e+00 1.1357e-04 0.0000e+00 1.1357e-04 1.9946e-01 0.0000e+00
836 0.0000e+00 0.0000e+00 1.1317e-04 0.0000e+00 1.1317e-04 1.9958e-01 0.0000e+00
837 0.0000e+00 6.6100e-05 1.1277e-04 0.0000e+00 1.1277e-04 1.9969e-01 0.0000e+00
838 0.0000e+00 1.2750e-04 1.1237e-04 0.0000e+00 1.1237e-04 1.9980e-01 0.0000e+00
839 0.0000e+00 1.8040e-04 1.1198e-04 0.0000e+00 1.1198e-04 1.9991e-01 0.0000e+00
840 0.0000e+00 2.2090e-04 1.1159e-04 0.0000e+00 1.1159e-04 2.0003e-01 0.0000e+00
841 0.0000e+00 2.4430e-04 1.1120e-04 0.0000e+00 1.1120e-04 2.0014e-01 0.0000e+00
842 0.0000e+00 2.5510e-04 1.1081e-04 0.0000e+00 1.1081e-04 2.0025e-01 0.0000e+00
843 0.0000e+00 2.4430e-04 1.1043e-04 0.0000e+00 1.1043e-04 2.0036e-01 0.0000e+00
844 0.0000e+00 2.2090e-04 1.1005e-04 0.0000e+00 1.1005e-04 2.0047e-01 0.0000e+00
845 0.0000e+00 1.8040e-04 1.0967e-04 0.0000e+00 1.0967e-04 2.0058e-01 0.0000e+00
846 0.0000e+00 1.2750e-04 1.0930e-04 0.0000e+00 1.0930e-04 2.0069e-01 0.0000e+00
847 0.0000e+00 6.1700e-05 1.0892e-04 0.0000e+00 1.0892e-04 2.0080e-01 0.0000e+00
848 0.0000e+00 0.0000e+00 1.0855e-04 0.0000e+00 1.0855e-04 2.0090e-01 0.0000e+00
849 0.0000e+00 0.0000e+00 1.0819e-04 0.0000e+00 1.0819e-04 2.0101e-01 0.0000e+00
850 0.0000e+00 0.0000e+00 1.0782e-04 0.0000e+00 1.0782e-04 2.0112e-01 0.0000e+00
851 0.0000e+00 0.0000e+00 1.0746e-04 0.0000e+00 1.0746e-04 2.0123e-01 0.0000e+00
852 0.0000e+00 0.0000e+00 1.0710e-04 0.0000e+00 1.0710e-04 2.0133e-01 0.0000e+00
853 0.0000e+00 0.0000e+00 1.0674e-04 0.0000e+00 1.0674e-04 2.0144e-01 0.0000e+00
854 0.0000e+00 0.0000e+00 1.0639e-04 0.0000e+00 1.0639e-04 2.0155e-01 0.0000e+00
855 0.0000e+00 0.0000e+00 1.0603e-04 0.0000e+00 1.0603e-04 2.0165e-01 0.0000e+00
856 0.0000e+00 0.0000e+00 1.0568e-04 0.0000e+00 1.0568e-04 2.0176e-01 0.0000e+00
857 0.0000e+00 0.0000e+00 1.0533e-04 0.0000e+00 1.0533e-04 2.0186e-01 0.0000e+00
858 0.0000e+00 0.0000e+00 1.0499e-04 0.0000e+00 1.0499e-04 2.0197e-01 0.0000e+00
859 0.0000e+00 0.0000e+00 1.0464e-04 0.0000e+00 1.0464e-04 2.0207e-01 0.0000e+00
860 0.0000e+00 0.0000e+00 1.0430e-04 0.0000e+00 1.0430e-04 2.0218e-01 0.0000e+00
861 0.0000e+00 9.7600e-05 1.0396e-04 0.0000e+00 1.0396e-04 2.0228e-01 0.0000e+00
862 0.0000e+00 1.8830e-04 1.0362e-04 0.0000e+00 1.0362e-04 2.0239e-01 0.0000e+00
863 0.0000e+00 2.6650e-04 1.0329e-04 0.0000e+00 1.0329e-04 2.0249e-01 0.0000e+00
864 0.0000e+00 3.2630e-04 1.0296e-04 0.0000e+00 1.0296e-04 2.0259e-01 0.0000e+00
865 0.0000e+00 3.6100e-04 1.0263e-04 0.0000e+00 1.0263e-04 2.0270e-01 0.0000e+00
866 0.0000e+00 3.7690e-04 1.0230e-04 0.0000e+00 1.0230e-04 2.0280e-01 0.0000e+00
867 0.0000e+00 3.6100e-04 1.0197e-04 0.0000e+00 1.0197e-04 2.0290e-01 0.0000e+00
868 0.0000e+00 3.2630e-04 1.0165e-04 0.0000e+00 1.0165e-04 2.0300e-01 0.0000e+00
869 0.0000e+00 2.6650e-04 1.0132e-04 0.0000e+00 1.0132e-04 2.0310e-01 0.0000e+00
870 0.0000e+00 1.8830e-04 1.0100e-04 0.0000e+00 1.0100e-04 2.0320e-01 0.0000e+00
871 0.0000e+00 9.1200e-05 1.0069e-04 0.0000e+00 1.0069e-04 2.0330e-01 0.0000e+00
872 0.0000e+00 0.0000e+00 1.0037e-04 0.0000e+00 1.0037e-04 2.0340e-01 0.0000e+00
873 0.0000e+00 0.0000e+00 1.0005e-04 0.0000e+00 1.0005e-04 2.0350e-01 0.0000e+00
874 0.0000e+00 0.0000e+00 9.9743e-05 0.0000e+00 9.9743e-05 2.0360e-01 0.0000e+00
875 0.0000e+00 0.0000e+00 9.9432e-05 0.0000e+00 9.9432e-05 2.0370e-01 0.0000e+00
876 0.0000e+00 0.0000e+00 9.9124e-05 0.0000e+00 9.9124e-05 2.0380e-01 0.0000e+00
877 0.0000e+00 0.0000e+00 9.8817e-05 0.0000e+00 9.8817e-05 2.0390e-01 0.0000e+00
878 0.0000e+00 0.0000e+00 9.8512e-05 0.0000e+00 9.8512e-05 2.0400e-01 0.0000e+00
879 0.0000e+00 0.0000e+00 9.8210e-05 0.0000e+00 9.8210e-05 2.0410e-01 0.0000e+00
880 0.0000e+00 0.0000e+00 9.7909e-05 0.0000e+00 9.7909e-05 2.0420e-01 0.0000e+00
881 0.0000e+00 0.0000e+00 9.7610e-05 0.0000e+00 9.7610e-05 2.0429e-01 0.0000e+00
882 0.0000e+00 0.0000e+00 9.7312e-05 0.0000e+00 9.7312e-05 2.0439e-01 0.0000e+00
883 0.0000e+00 0.0000e+00 9.7017e-05 0.0000e+00 9.7017e-05 2.0449e-01 0.0000e+00
884 0.0000e+00 0.0000e+00 9.6723e-05 0.0000e+00 9.6723e-05 2.0458e-01 0.0000e+00
885 0.0000e+00 6.4300e-05 9.6431e-05 0.0000e+00 9.6431e-05 2.0468e-01 0.0000e+00
886 0.0000e+00 1.2410e-04 9.6141e-05 0.0000e+00 9.6141e-05 2.0478e-01 0.0000e+00
887 0.0000e+00 1.7560e-04 9.5853e-05 0.0000e+00 9.5853e-05 2.0487e-01 0.0000e+00
888 0.0000e+00 2.1500e-04 9.5566e-05 0.0000e+00 9.5566e-05 2.0497e-01 0.0000e+00
889 0.0000e+00 2.3790e-04 9.5281e-05 0.0000e+00 9.5281e-05 2.0506e-01 0.0000e+00
890 0.0000e+00 2.4840e-04 9.4998e-05 0.0000e+00 9.4998e-05 2.0516e-01 0.0000e+00
891 0.0000e+00 2.3790e-04 9.4716e-05 0.0000e+00 9.4716e-05 2.0525e-01 0.0000e+00
892 0.0000e+00 2.1500e-04 9.4436e-05 0.0000e+00 9.4436e-05 2.0535e-01 0.0000e+00
893 0.0000e+00 1.7560e-04 9.4158e-05 0.0000e+00 9.4158e-05 2.0544e-01 0.0000e+00
894 0.0000e+00 1.2410e-04 9.3881e-05 0.0000e+00 9.3881e-05 2.0554e-01 0.0000e+00
895 0.0000e+00 6.0100e-05 9.3606e-05 0.0000e+00 9.3606e-05 2.0563e-01 0.0000e+00
896 0.0000e+00 0.0000e+00 9.3333e-05 0.0000e+00 9.3333e-05 2.0572e-01 0.0000e+00
897 0.0000e+00 0.0000e+00 9.3061e-05 0.0000e+00 9.3061e-05 2.0582e-01 0.0000e+00
898 0.0000e+00 0.0000e+00 9.2791e-05 0.0000e+00 9.2791e-05 2.0591e-01 0.0000e+00
899 0.0000e+00 0.0000e+00 9.2522e-05 0.0000e+00 9.2522e-05 2.0600e-01 0.0000e+00
900 0.0000e+00 0.0000e+00 9.2255e-05 0.0000e+00 9.2255e-05 2.0609e-01 0.0000e+00
901 0.0000e+00 0.0000e+00 9.1989e-05 0.0000e+00 9.1989e-05 2.0619e-01 0.0000e+00
902 0.0000e+00 0.0000e+00 9.1725e-05 0.0000e+00 9.1725e-05 2.0628e-01 0.0000e+00
903 0.0000e+00 0.0000e+00 9.1463e-05 0.0000e+00 9.1463e-05 2.0637e-01 0.0000e+00
904 0.0000e+00 0.0000e+00 9.1202e-05 0.0000e+00 9.1202e-05 2.0646e-01 0.0000e+00
905 0.0000e+00 0.0000e+00 9.0942e-05 0.0000e+00 9.0942e-05 2.0655e-01 0.0000e+00
906 0.0000e+00 0.0000e+00 9.0684e-05 0.0000e+00 9.0684e-05 2.0664e-01 0.0000e+00
907 0.0000e+00 0.0000e+00 9.0427e-05 0.0000e+00 9.0427e-05 2.0673e-01 0.0000e+00
908 0.0000e+00 0.0000e+00 9.0172e-05 0.0000e+00 9.0172e-05 2.0682e-01 0.0000e+00
909 0.0000e+00 8.0200e-05 8.9919e-05 0.0000e+00 8.9919e-05 2.0691e-01 0.0000e+00
910 0.0000e+00 1.5480e-04 8.9666e-05 0.0000e+00 8.9666e-05 2.0700e-01 0.0000e+00
911 0.0000e+00 2.1910e-04 8.9415e-05 0.0000e+00 8.9415e-05 2.0709e-01 0.0000e+00
912 0.0000e+00 2.6830e-04 8.9166e-05 0.0000e+00 8.9166e-05 2.0718e-01 0.0000e+00
913 0.0000e+00 2.9680e-04 8.8918e-05 0.0000e+00 8.8918e-05 2.0727e-01 0.0000e+00
914 0.0000e+00 3.0990e-04 8.8671e-05 0.0000e+00 8.8671e-05 2.0736e-01 0.0000e+00
915 0.0000e+00 2.9680e-04 8.8426e-05 0.0000e+00 8.8426e-05 2.0745e-01 0.0000e+00
916 0.0000e+00 2.6830e-04 8.8182e-05 0.0000e+00 8.8182e-05 2.0753e-01 0.0000e+00
917 0.0000e+00 2.1910e-04 8.7939e-05 0.0000e+00 8.7939e-05 2.0762e-01 0.0000e+00
918 0.0000e+00 1.5480e-04 8.7698e-05 0.0000e+00 8.7698e-05 2.0771e-01 0.0000e+00
919 0.0000e+00 7.5000e-05 8.7458e-05 0.0000e+00 8.7458e-05 2.0780e-01 0.0000e+00
920 0.0000e+00 0.0000e+00 8.7219e-05 0.0000e+00 8.7219e-05 2.0789e-01 0.0000e+00
921 0.0000e+00 0.0000e+00 8.6982e-05 0.0000e+00 8.6982e-05 2.0797e-01 0.0000e+00
922 0.0000e+00 0.0000e+00 8.6745e-05 0.0000e+00 8.6745e-05 2.0806e-01 0.0000e+00
923 0.0000e+00 0.0000e+00 8.6511e-05 0.0000e+00 8.6511e-05 2.0815e-01 0.0000e+00
924 0.0000e+00 0.0000e+00 8.6277e-05 0.0000e+00 8.6277e-05 2.0823e-01 0.0000e+00
925 0.0000e+00 0.0000e+00 8.6045e-05 0.0000e+00 8.6045e-05 2.0832e-01 0.0000e+00
926 0.0000e+00 0.0000e+00 8.5814e-05 0.0000e+00 8.5814e-05 2.0840e-01 0.0000e+00
927 0.0000e+00 0.0000e+00 8.5584e-05 0.0000e+00 8.5584e-05 2.0849e-01 0.0000e+00
928 0.0000e+00 0.0000e+00 8.5355e-05 0.0000e+00 8.5355e-05 2.0857e-01 0.0000e+00
929 0.0000e+00 0.0000e+00 8.5128e-05 0.0000e+00 8.5128e-05 2.0866e-01 0.0000e+00
930 0.0000e+00 0.0000e+00 8.4902e-05 0.0000e+00 8.4902e-05 2.0874e-01 0.0000e+00
931 0.0000e+00 0.0000e+00 8.4677e-05 0.0000e+00 8.4677e-05 2.0883e-01 0.0000e+00
932 0.0000e+00 0.0000e+00 8.4453e-05 0.0000e+00 8.4453e-05 2.0891e-01 0.0000e+00
933 0.0000e+00 9.6000e-05 8.4230e-05 0.0000e+00 8.4230e-05 2.0900e-01 0.0000e+00
934 0.0000e+00 1.8520e-04 8.4009e-05 0.0000e+00 8.4009e-05 2.0908e-01 0.0000e+00
935 0.0000e+00 2.6210e-04 8.3789e-05 0.0000e+00 8.3789e-05 2.0917e-01 0.0000e+00
936 0.0000e+00 3.2090e-04 8.3570e-05 0.0000e+00 8.3570e-05 2.0925e-01 0.0000e+00
937 0.0000e+00 3.5500e-04 8.3352e-05 0.0000e+00 8.3352e-05 2.0933e-01 0.0000e+00
938 0.0000e+00 3.7070e-04 8.3135e-05 0.0000e+00 8.3135e-05 2.0942e-01 0.0000e+00
939 0.0000e+00 3.5500e-04 8.2919e-05 0.0000e+00 8.2919e-05 2.0950e-01 0.0000e+00
940 0.0000e+00 3.2090e-04 8.2705e-05 0.0000e+00 8.2705e-05 2.0958e-01 0.0000e+00
941 0.0000e+00 2.6210e-04 8.2491e-05 0.0000e+00 8.2491e-05 2.0966e-01 0.0000e+00
942 0.0000e+00 1.8520e-04 8.2279e-05 0.0000e+00 8.2279e-05 2.0975e-01 0.0000e+00
943 0.0000e+00 8.9700e-05 8.2067e-05 0.0000e+00 8.2067e-05 2.0983e-01 0.0000e+00
944 0.0000e+00 0.0000e+00 8.1857e-05 0.0000e+00 8.1857e-05 2.0991e-01 0.0000e+00
945 0.0000e+00 0.0000e+00 8.1648e-05 0.0000e+00 8.1648e-05 2.0999e-01 0.0000e+00
946 0.0000e+00 0.0000e+00 8.1440e-05 0.0000e+00 8.1440e-05 2.1007e-01 0.0000e+00
947 0.0000e+00 0.0000e+00 8.1233e-05 0.0000e+00 8.1233e-05 2.1015e-01 0.0000e+00
948 0.0000e+00 0.0000e+00 8.1027e-05 0.0000e+00 8.1027e-05 2.1024e-01 0.0000e+00
949 0.0000e+00 0.0000e+00 8.0822e-05 0.0000e+00 8.0822e-05 2.1032e-01 0.0000e+00
950 0.0000e+00 0.0000e+00 8.0618e-05 0.0000e+00 8.0618e-05 2.1040e-01 0.0000e+00
Objective function values:
F1 2.434690e-06    NSE 0.58147   F2 3.672192e-02
Mean Obs Q 1.590065e-04   Variance Obs Q 6.123405e-09
    Error Variance 2.562832e-09

Water Balance for Subcatchment: Extracted study basin: Taegu Pyungkwang River

   SUMP       SUMAE      SUMQ       SUMRZ      SUMUZ      SBAR        BAL
1.890e-01  4.425e-02  1.156e-01  1.874e-02  0.000e+00  2.104e-01  1.718e-02
