Taegu Pyungkwang River Catchment: Calibration Data

Subcatchment : Extracted study basin: cat-1279

TL =     7.56
SUMAC =     1.00
SZQ =       0.07744
Subcatchment routing data:
Maximum Routing Delay       0.69444
Sum of Histogram ordinates:     1.0000
     1.00000 
Initial BAL             -0.25054
Initial SBAR             0.24854
Initial SR0              0.00200
it      p        ep       q(it)       quz      q       sbar       qof
1 0.0000e+00 6.1900e-05 3.2800e-05 0.0000e+00 3.2800e-05 2.4857e-01 0.0000e+00
2 0.0000e+00 6.4700e-05 3.2766e-05 0.0000e+00 3.2766e-05 2.4861e-01 0.0000e+00
3 1.0000e-03 6.1900e-05 3.2733e-05 0.0000e+00 3.2733e-05 2.4864e-01 0.0000e+00
4 1.0000e-03 5.6000e-05 3.2699e-05 0.0000e+00 3.2699e-05 2.4867e-01 0.0000e+00
5 1.0000e-03 4.5700e-05 3.4704e-05 7.0386e-05 3.2666e-05 2.4863e-01 2.0380e-06
6 5.0000e-04 3.2300e-05 3.3919e-05 1.0068e-04 3.2705e-05 2.4857e-01 1.2147e-06
7 5.0000e-04 1.5600e-05 3.4025e-05 1.3074e-04 3.2774e-05 2.4847e-01 1.2505e-06
8 0.0000e+00 0.0000e+00 3.2875e-05 1.1488e-04 3.2875e-05 2.4839e-01 0.0000e+00
9 5.0000e-04 0.0000e+00 3.4254e-05 1.4859e-04 3.2959e-05 2.4827e-01 1.2952e-06
10 5.0000e-04 0.0000e+00 3.4415e-05 1.7802e-04 3.3078e-05 2.4813e-01 1.3369e-06
11 0.0000e+00 0.0000e+00 3.3228e-05 1.5813e-04 3.3228e-05 2.4800e-01 0.0000e+00
12 0.0000e+00 0.0000e+00 3.3358e-05 1.4348e-04 3.3358e-05 2.4789e-01 0.0000e+00
13 1.0000e-03 0.0000e+00 3.6147e-05 2.2358e-04 3.3473e-05 2.4770e-01 2.6737e-06
14 5.0000e-04 0.0000e+00 3.5010e-05 2.4332e-04 3.3673e-05 2.4749e-01 1.3369e-06
15 5.0000e-04 0.0000e+00 3.5231e-05 2.6381e-04 3.3894e-05 2.4726e-01 1.3369e-06
16 1.0000e-03 0.0000e+00 3.6812e-05 3.2936e-04 3.4139e-05 2.4697e-01 2.6737e-06
17 0.0000e+00 0.0000e+00 3.4455e-05 2.9244e-04 3.4455e-05 2.4671e-01 0.0000e+00
18 0.0000e+00 0.0000e+00 3.4734e-05 2.6558e-04 3.4734e-05 2.4648e-01 0.0000e+00
19 0.0000e+00 0.0000e+00 3.4985e-05 2.4230e-04 3.4985e-05 2.4627e-01 0.0000e+00
20 0.0000e+00 0.0000e+00 3.5213e-05 2.2157e-04 3.5213e-05 2.4608e-01 0.0000e+00
21 0.0000e+00 1.8000e-05 3.5418e-05 2.0289e-04 3.5418e-05 2.4592e-01 0.0000e+00
22 0.0000e+00 3.4800e-05 3.5604e-05 1.8595e-04 3.5604e-05 2.4576e-01 0.0000e+00
23 0.0000e+00 4.9200e-05 3.5772e-05 1.7054e-04 3.5772e-05 2.4563e-01 0.0000e+00
24 3.0000e-03 6.0200e-05 4.3672e-05 4.2928e-04 3.5923e-05 2.4524e-01 7.7487e-06
25 2.0000e-03 6.6600e-05 4.1554e-05 5.5270e-04 3.6367e-05 2.4472e-01 5.1865e-06
26 5.5000e-03 6.9600e-05 5.1486e-05 1.0001e-03 3.6959e-05 2.4376e-01 1.4528e-05
27 6.0000e-03 6.6600e-05 5.3944e-05 1.4316e-03 3.8088e-05 2.4236e-01 1.5856e-05
28 1.0000e-03 6.0200e-05 4.2279e-05 1.3415e-03 3.9783e-05 2.4106e-01 2.4957e-06
29 2.5000e-03 4.9200e-05 4.7958e-05 1.4444e-03 4.1435e-05 2.3966e-01 6.5234e-06
30 0.0000e+00 3.4800e-05 4.3292e-05 1.2937e-03 4.3292e-05 2.3841e-01 0.0000e+00
31 0.0000e+00 1.6800e-05 4.5017e-05 1.1789e-03 4.5017e-05 2.3727e-01 0.0000e+00
32 1.0000e-03 0.0000e+00 4.9045e-05 1.1671e-03 4.6641e-05 2.3615e-01 2.4044e-06
33 5.0000e-04 0.0000e+00 4.9640e-05 1.1075e-03 4.8303e-05 2.3510e-01 1.3369e-06
34 0.0000e+00 0.0000e+00 4.9928e-05 1.0069e-03 4.9928e-05 2.3414e-01 0.0000e+00
35 0.0000e+00 0.0000e+00 5.1444e-05 9.2072e-04 5.1444e-05 2.3327e-01 0.0000e+00
36 0.0000e+00 0.0000e+00 5.2861e-05 8.4235e-04 5.2861e-05 2.3248e-01 0.0000e+00
37 0.0000e+00 0.0000e+00 5.4181e-05 7.7087e-04 5.4181e-05 2.3176e-01 0.0000e+00
38 0.0000e+00 0.0000e+00 5.5408e-05 7.0554e-04 5.5408e-05 2.3111e-01 0.0000e+00
39 0.0000e+00 0.0000e+00 5.6546e-05 6.4578e-04 5.6546e-05 2.3052e-01 0.0000e+00
40 0.0000e+00 0.0000e+00 5.7596e-05 5.9110e-04 5.7596e-05 2.2999e-01 0.0000e+00
41 0.0000e+00 0.0000e+00 5.8565e-05 5.4106e-04 5.8565e-05 2.2951e-01 0.0000e+00
42 0.0000e+00 0.0000e+00 5.9454e-05 4.9526e-04 5.9454e-05 2.2907e-01 0.0000e+00
43 0.0000e+00 0.0000e+00 6.0270e-05 4.5335e-04 6.0270e-05 2.2868e-01 0.0000e+00
44 0.0000e+00 0.0000e+00 6.1015e-05 4.1500e-04 6.1015e-05 2.2832e-01 0.0000e+00
45 0.0000e+00 3.3800e-05 6.1693e-05 3.7991e-04 6.1693e-05 2.2801e-01 0.0000e+00
46 1.0000e-03 6.5200e-05 6.7627e-05 4.4540e-04 6.2310e-05 2.2762e-01 5.3175e-06
47 0.0000e+00 9.2300e-05 6.3060e-05 3.9771e-04 6.3060e-05 2.2729e-01 0.0000e+00
48 5.0000e-04 1.1300e-04 6.5609e-05 3.9710e-04 6.3723e-05 2.2696e-01 1.8856e-06
49 0.0000e+00 1.2500e-04 6.4391e-05 3.5895e-04 6.4391e-05 2.2666e-01 0.0000e+00
50 1.0000e-03 1.3050e-04 6.9181e-05 4.0504e-04 6.4986e-05 2.2632e-01 4.1952e-06
51 2.5000e-03 1.2500e-04 7.8721e-05 6.0368e-04 6.5680e-05 2.2578e-01 1.3041e-05
52 3.0000e-03 1.1300e-04 8.2616e-05 8.1936e-04 6.6794e-05 2.2503e-01 1.5823e-05
53 2.5000e-03 9.2300e-05 8.1520e-05 9.5873e-04 6.8383e-05 2.2414e-01 1.3137e-05
54 3.0000e-03 6.5200e-05 8.6315e-05 1.1440e-03 7.0313e-05 2.2307e-01 1.6003e-05
55 2.5000e-03 3.1600e-05 8.6112e-05 1.2591e-03 7.2712e-05 2.2188e-01 1.3400e-05
56 2.0000e-03 0.0000e+00 8.6291e-05 1.3204e-03 7.5458e-05 2.2063e-01 1.0833e-05
57 1.0000e-03 0.0000e+00 8.3955e-05 1.2797e-03 7.8452e-05 2.1943e-01 5.5035e-06
58 1.0000e-03 0.0000e+00 8.6956e-05 1.2554e-03 8.1453e-05 2.1826e-01 5.5035e-06
59 0.0000e+00 0.0000e+00 8.4497e-05 1.1271e-03 8.4497e-05 2.1722e-01 0.0000e+00
60 5.0000e-04 0.0000e+00 9.3034e-05 1.0735e-03 8.7295e-05 2.1623e-01 5.7387e-06
61 5.0000e-04 0.0000e+00 9.5766e-05 1.0224e-03 9.0027e-05 2.1530e-01 5.7387e-06
62 0.0000e+00 0.0000e+00 9.2689e-05 9.2474e-04 9.2689e-05 2.1447e-01 0.0000e+00
63 0.0000e+00 0.0000e+00 9.5131e-05 8.3934e-04 9.5131e-05 2.1372e-01 0.0000e+00
64 0.0000e+00 0.0000e+00 9.7369e-05 7.6215e-04 9.7369e-05 2.1306e-01 0.0000e+00
65 0.0000e+00 0.0000e+00 9.9413e-05 6.9221e-04 9.9413e-05 2.1246e-01 0.0000e+00
66 0.0000e+00 0.0000e+00 1.0127e-04 6.2877e-04 1.0127e-04 2.1194e-01 0.0000e+00
67 0.0000e+00 0.0000e+00 1.0295e-04 5.7119e-04 1.0295e-04 2.1147e-01 0.0000e+00
68 0.0000e+00 0.0000e+00 1.0447e-04 5.1893e-04 1.0447e-04 2.1105e-01 0.0000e+00
69 0.0000e+00 4.1400e-05 1.0583e-04 4.7150e-04 1.0583e-04 2.1069e-01 0.0000e+00
70 0.0000e+00 7.9800e-05 1.0705e-04 4.2844e-04 1.0705e-04 2.1037e-01 0.0000e+00
71 0.0000e+00 1.1290e-04 1.0813e-04 3.8936e-04 1.0813e-04 2.1009e-01 0.0000e+00
72 0.0000e+00 1.3830e-04 1.0909e-04 3.5389e-04 1.0909e-04 2.0984e-01 0.0000e+00
73 0.0000e+00 1.5300e-04 1.0992e-04 3.2169e-04 1.0992e-04 2.0963e-01 0.0000e+00
74 0.0000e+00 1.5980e-04 1.1065e-04 2.9246e-04 1.1065e-04 2.0945e-01 0.0000e+00
75 0.0000e+00 1.5300e-04 1.1128e-04 2.6593e-04 1.1128e-04 2.0929e-01 0.0000e+00
76 0.0000e+00 1.3830e-04 1.1182e-04 2.4185e-04 1.1182e-04 2.0916e-01 0.0000e+00
77 0.0000e+00 1.1290e-04 1.1228e-04 2.1998e-04 1.1228e-04 2.0906e-01 0.0000e+00
78 0.0000e+00 7.9800e-05 1.1266e-04 2.0013e-04 1.1266e-04 2.0897e-01 0.0000e+00
79 0.0000e+00 3.8700e-05 1.1296e-04 1.8210e-04 1.1296e-04 2.0890e-01 0.0000e+00
80 0.0000e+00 0.0000e+00 1.1321e-04 1.6573e-04 1.1321e-04 2.0885e-01 0.0000e+00
81 0.0000e+00 0.0000e+00 1.1340e-04 1.5086e-04 1.1340e-04 2.0881e-01 0.0000e+00
82 0.0000e+00 0.0000e+00 1.1353e-04 1.3735e-04 1.1353e-04 2.0878e-01 0.0000e+00
83 0.0000e+00 0.0000e+00 1.1361e-04 1.2507e-04 1.1361e-04 2.0877e-01 0.0000e+00
84 0.0000e+00 0.0000e+00 1.1365e-04 1.1392e-04 1.1365e-04 2.0877e-01 0.0000e+00
85 0.0000e+00 0.0000e+00 1.1365e-04 1.0378e-04 1.1365e-04 2.0878e-01 0.0000e+00
86 0.0000e+00 0.0000e+00 1.1362e-04 9.4565e-05 1.1362e-04 2.0880e-01 0.0000e+00
87 0.0000e+00 0.0000e+00 1.1355e-04 8.6185e-05 1.1355e-04 2.0883e-01 0.0000e+00
88 0.0000e+00 0.0000e+00 1.1345e-04 7.8564e-05 1.1345e-04 2.0886e-01 0.0000e+00
89 0.0000e+00 0.0000e+00 1.1333e-04 7.1631e-05 1.1333e-04 2.0891e-01 0.0000e+00
90 0.0000e+00 0.0000e+00 1.1318e-04 6.5324e-05 1.1318e-04 2.0895e-01 0.0000e+00
91 0.0000e+00 0.0000e+00 1.1301e-04 5.9585e-05 1.1301e-04 2.0901e-01 0.0000e+00
92 0.0000e+00 0.0000e+00 1.1283e-04 5.4361e-05 1.1283e-04 2.0907e-01 0.0000e+00
93 0.0000e+00 1.9100e-05 1.1262e-04 4.9606e-05 1.1262e-04 2.0913e-01 0.0000e+00
94 0.0000e+00 3.6800e-05 1.1240e-04 4.5275e-05 1.1240e-04 2.0920e-01 0.0000e+00
95 0.0000e+00 5.2100e-05 1.1216e-04 4.1331e-05 1.1216e-04 2.0927e-01 0.0000e+00
96 0.0000e+00 6.3800e-05 1.1191e-04 3.7738e-05 1.1191e-04 2.0934e-01 0.0000e+00
97 5.0000e-04 7.0600e-05 1.1166e-04 3.4465e-05 1.1166e-04 2.0942e-01 0.0000e+00
98 5.0000e-04 7.3700e-05 1.1139e-04 3.1481e-05 1.1139e-04 2.0950e-01 0.0000e+00
99 0.0000e+00 7.0600e-05 1.1111e-04 2.8762e-05 1.1111e-04 2.0958e-01 0.0000e+00
100 0.0000e+00 6.3800e-05 1.1082e-04 2.6282e-05 1.1082e-04 2.0966e-01 0.0000e+00
101 0.0000e+00 5.2100e-05 1.1053e-04 2.4021e-05 1.1053e-04 2.0975e-01 0.0000e+00
102 0.0000e+00 3.6800e-05 1.1023e-04 2.1959e-05 1.1023e-04 2.0984e-01 0.0000e+00
103 0.0000e+00 1.7800e-05 1.0993e-04 2.0077e-05 1.0993e-04 2.0993e-01 0.0000e+00
104 0.0000e+00 0.0000e+00 1.0962e-04 1.8360e-05 1.0962e-04 2.1002e-01 0.0000e+00
105 0.0000e+00 0.0000e+00 1.0931e-04 1.6793e-05 1.0931e-04 2.1011e-01 0.0000e+00
106 0.0000e+00 0.0000e+00 1.0899e-04 1.5363e-05 1.0899e-04 2.1021e-01 0.0000e+00
107 0.0000e+00 0.0000e+00 1.0867e-04 1.4057e-05 1.0867e-04 2.1030e-01 0.0000e+00
108 0.0000e+00 0.0000e+00 1.0835e-04 1.2864e-05 1.0835e-04 2.1040e-01 0.0000e+00
109 0.0000e+00 0.0000e+00 1.0803e-04 1.1775e-05 1.0803e-04 2.1049e-01 0.0000e+00
110 0.0000e+00 0.0000e+00 1.0771e-04 1.0779e-05 1.0771e-04 2.1059e-01 0.0000e+00
111 5.0000e-04 0.0000e+00 1.0738e-04 9.8697e-06 1.0738e-04 2.1069e-01 0.0000e+00
112 0.0000e+00 0.0000e+00 1.0705e-04 9.0385e-06 1.0705e-04 2.1079e-01 0.0000e+00
113 0.0000e+00 0.0000e+00 1.0673e-04 8.2786e-06 1.0673e-04 2.1088e-01 0.0000e+00
114 0.0000e+00 0.0000e+00 1.0640e-04 7.5838e-06 1.0640e-04 2.1098e-01 0.0000e+00
115 0.0000e+00 0.0000e+00 1.0607e-04 6.9485e-06 1.0607e-04 2.1108e-01 0.0000e+00
116 0.0000e+00 0.0000e+00 1.0574e-04 6.3675e-06 1.0574e-04 2.1118e-01 0.0000e+00
117 0.0000e+00 1.0200e-05 1.0541e-04 5.8360e-06 1.0541e-04 2.1128e-01 0.0000e+00
118 0.0000e+00 1.9800e-05 1.0509e-04 5.3497e-06 1.0509e-04 2.1138e-01 0.0000e+00
119 0.0000e+00 2.8000e-05 1.0476e-04 4.9047e-06 1.0476e-04 2.1148e-01 0.0000e+00
120 0.0000e+00 3.4200e-05 1.0443e-04 4.4974e-06 1.0443e-04 2.1158e-01 0.0000e+00
121 0.0000e+00 3.7900e-05 1.0411e-04 4.1246e-06 1.0411e-04 2.1168e-01 0.0000e+00
122 0.0000e+00 3.9500e-05 1.0378e-04 3.7832e-06 1.0378e-04 2.1178e-01 0.0000e+00
123 0.0000e+00 3.7900e-05 1.0346e-04 3.4706e-06 1.0346e-04 2.1188e-01 0.0000e+00
124 0.0000e+00 3.4200e-05 1.0314e-04 3.1841e-06 1.0314e-04 2.1198e-01 0.0000e+00
125 0.0000e+00 2.8000e-05 1.0281e-04 2.9218e-06 1.0281e-04 2.1208e-01 0.0000e+00
126 0.0000e+00 1.9800e-05 1.0249e-04 2.6816e-06 1.0249e-04 2.1218e-01 0.0000e+00
127 0.0000e+00 9.6000e-06 1.0218e-04 2.4614e-06 1.0218e-04 2.1228e-01 0.0000e+00
128 0.0000e+00 0.0000e+00 1.0186e-04 2.2597e-06 1.0186e-04 2.1238e-01 0.0000e+00
129 0.0000e+00 0.0000e+00 1.0154e-04 2.0747e-06 1.0154e-04 2.1248e-01 0.0000e+00
130 0.0000e+00 0.0000e+00 1.0123e-04 1.9052e-06 1.0123e-04 2.1258e-01 0.0000e+00
131 0.0000e+00 0.0000e+00 1.0091e-04 1.7498e-06 1.0091e-04 2.1268e-01 0.0000e+00
132 0.0000e+00 0.0000e+00 1.0060e-04 1.6072e-06 1.0060e-04 2.1278e-01 0.0000e+00
133 0.0000e+00 0.0000e+00 1.0029e-04 1.4765e-06 1.0029e-04 2.1288e-01 0.0000e+00
134 0.0000e+00 0.0000e+00 9.9980e-05 1.3562e-06 9.9980e-05 2.1297e-01 0.0000e+00
135 0.0000e+00 0.0000e+00 9.9672e-05 1.2463e-06 9.9672e-05 2.1307e-01 0.0000e+00
136 0.0000e+00 0.0000e+00 9.9366e-05 1.1453e-06 9.9366e-05 2.1317e-01 0.0000e+00
137 0.0000e+00 0.0000e+00 9.9061e-05 1.0527e-06 9.9061e-05 2.1327e-01 0.0000e+00
138 0.0000e+00 0.0000e+00 9.8758e-05 9.6772e-07 9.8758e-05 2.1337e-01 0.0000e+00
139 0.0000e+00 0.0000e+00 9.8457e-05 8.8969e-07 9.8457e-05 2.1346e-01 0.0000e+00
140 0.0000e+00 0.0000e+00 9.8157e-05 8.1805e-07 9.8157e-05 2.1356e-01 0.0000e+00
141 5.0000e-04 4.1400e-05 9.7859e-05 7.5227e-07 9.7859e-05 2.1366e-01 0.0000e+00
142 0.0000e+00 7.9900e-05 9.7563e-05 6.9186e-07 9.7563e-05 2.1376e-01 0.0000e+00
143 0.0000e+00 1.1300e-04 9.7268e-05 6.3638e-07 9.7268e-05 2.1385e-01 0.0000e+00
144 0.0000e+00 1.3840e-04 9.6975e-05 5.8498e-07 9.6975e-05 2.1395e-01 0.0000e+00
145 0.0000e+00 1.5310e-04 9.6683e-05 5.3822e-07 9.6683e-05 2.1404e-01 0.0000e+00
146 0.0000e+00 1.5990e-04 9.6393e-05 4.9525e-07 9.6393e-05 2.1414e-01 0.0000e+00
147 0.0000e+00 1.5310e-04 9.6104e-05 4.5576e-07 9.6104e-05 2.1424e-01 0.0000e+00
148 0.0000e+00 1.3840e-04 9.5818e-05 4.1947e-07 9.5818e-05 2.1433e-01 0.0000e+00
149 0.0000e+00 1.1300e-04 9.5532e-05 3.8611e-07 9.5532e-05 2.1443e-01 0.0000e+00
150 0.0000e+00 7.9900e-05 9.5249e-05 3.5544e-07 9.5249e-05 2.1452e-01 0.0000e+00
151 0.0000e+00 3.8700e-05 9.4967e-05 3.2725e-07 9.4967e-05 2.1462e-01 0.0000e+00
152 0.0000e+00 0.0000e+00 9.4686e-05 3.0132e-07 9.4686e-05 2.1471e-01 0.0000e+00
153 0.0000e+00 0.0000e+00 9.4407e-05 2.7748e-07 9.4407e-05 2.1480e-01 0.0000e+00
154 0.0000e+00 0.0000e+00 9.4130e-05 2.5493e-07 9.4130e-05 2.1490e-01 0.0000e+00
155 0.0000e+00 0.0000e+00 9.3854e-05 2.3483e-07 9.3854e-05 2.1499e-01 0.0000e+00
156 0.0000e+00 0.0000e+00 9.3580e-05 2.1633e-07 9.3580e-05 2.1509e-01 0.0000e+00
157 0.0000e+00 0.0000e+00 9.3308e-05 1.9931e-07 9.3308e-05 2.1518e-01 0.0000e+00
158 0.0000e+00 0.0000e+00 9.3036e-05 1.8365e-07 9.3036e-05 2.1527e-01 0.0000e+00
159 0.0000e+00 0.0000e+00 9.2767e-05 1.6924e-07 9.2767e-05 2.1536e-01 0.0000e+00
160 0.0000e+00 0.0000e+00 9.2499e-05 1.5597e-07 9.2499e-05 2.1546e-01 0.0000e+00
161 0.0000e+00 0.0000e+00 9.2232e-05 1.4376e-07 9.2232e-05 2.1555e-01 0.0000e+00
162 0.0000e+00 0.0000e+00 9.1967e-05 1.3251e-07 9.1967e-05 2.1564e-01 0.0000e+00
163 0.0000e+00 0.0000e+00 9.1704e-05 1.2216e-07 9.1704e-05 2.1573e-01 0.0000e+00
164 0.0000e+00 0.0000e+00 9.1442e-05 1.1179e-07 9.1442e-05 2.1582e-01 0.0000e+00
165 0.0000e+00 1.7800e-05 9.1181e-05 1.0310e-07 9.1181e-05 2.1591e-01 0.0000e+00
166 0.0000e+00 3.4400e-05 9.0922e-05 9.5089e-08 9.0922e-05 2.1600e-01 0.0000e+00
167 0.0000e+00 4.8600e-05 9.0664e-05 8.7711e-08 9.0664e-05 2.1610e-01 0.0000e+00
168 0.0000e+00 5.9500e-05 9.0408e-05 8.0911e-08 9.0408e-05 2.1619e-01 0.0000e+00
169 0.0000e+00 6.5900e-05 9.0153e-05 7.4646e-08 9.0153e-05 2.1628e-01 0.0000e+00
170 0.0000e+00 6.8800e-05 8.9900e-05 6.8871e-08 8.9900e-05 2.1637e-01 0.0000e+00
171 0.0000e+00 6.5900e-05 8.9648e-05 6.3549e-08 8.9648e-05 2.1646e-01 0.0000e+00
172 0.0000e+00 5.9500e-05 8.9397e-05 5.8642e-08 8.9397e-05 2.1654e-01 0.0000e+00
173 0.0000e+00 4.8600e-05 8.9148e-05 5.4119e-08 8.9148e-05 2.1663e-01 0.0000e+00
174 0.0000e+00 3.4400e-05 8.8900e-05 4.8748e-08 8.8900e-05 2.1672e-01 0.0000e+00
175 0.0000e+00 1.6600e-05 8.8653e-05 4.5019e-08 8.8653e-05 2.1681e-01 0.0000e+00
176 0.0000e+00 0.0000e+00 8.8408e-05 4.1578e-08 8.8408e-05 2.1690e-01 0.0000e+00
177 0.0000e+00 0.0000e+00 8.8164e-05 3.8402e-08 8.8164e-05 2.1699e-01 0.0000e+00
178 0.0000e+00 0.0000e+00 8.7922e-05 3.5472e-08 8.7922e-05 2.1708e-01 0.0000e+00
179 0.0000e+00 0.0000e+00 8.7681e-05 3.2768e-08 8.7681e-05 2.1716e-01 0.0000e+00
180 0.0000e+00 0.0000e+00 8.7441e-05 3.0271e-08 8.7441e-05 2.1725e-01 0.0000e+00
181 0.0000e+00 0.0000e+00 8.7203e-05 2.7968e-08 8.7203e-05 2.1734e-01 0.0000e+00
182 0.0000e+00 0.0000e+00 8.6965e-05 2.5841e-08 8.6965e-05 2.1742e-01 0.0000e+00
183 0.0000e+00 0.0000e+00 8.6729e-05 2.3877e-08 8.6729e-05 2.1751e-01 0.0000e+00
184 0.0000e+00 0.0000e+00 8.6495e-05 2.2065e-08 8.6495e-05 2.1760e-01 0.0000e+00
185 0.0000e+00 0.0000e+00 8.6261e-05 1.8999e-08 8.6261e-05 2.1768e-01 0.0000e+00
186 0.0000e+00 0.0000e+00 8.6029e-05 1.7577e-08 8.6029e-05 2.1777e-01 0.0000e+00
187 0.0000e+00 0.0000e+00 8.5798e-05 1.6263e-08 8.5798e-05 2.1786e-01 0.0000e+00
188 0.0000e+00 0.0000e+00 8.5568e-05 1.5047e-08 8.5568e-05 2.1794e-01 0.0000e+00
189 0.0000e+00 4.5600e-05 8.5340e-05 1.3923e-08 8.5340e-05 2.1803e-01 0.0000e+00
190 5.0000e-04 8.7900e-05 8.5113e-05 1.2884e-08 8.5113e-05 2.1811e-01 0.0000e+00
191 0.0000e+00 1.2440e-04 8.4887e-05 1.1923e-08 8.4887e-05 2.1820e-01 0.0000e+00
192 0.0000e+00 1.5230e-04 8.4662e-05 1.1035e-08 8.4662e-05 2.1828e-01 0.0000e+00
193 0.0000e+00 1.6850e-04 8.4438e-05 1.0213e-08 8.4438e-05 2.1837e-01 0.0000e+00
194 0.0000e+00 1.7590e-04 8.4216e-05 9.4527e-09 8.4216e-05 2.1845e-01 0.0000e+00
195 0.0000e+00 1.6850e-04 8.3994e-05 7.4111e-09 8.3994e-05 2.1853e-01 0.0000e+00
196 0.0000e+00 1.5230e-04 8.3774e-05 6.8712e-09 8.3774e-05 2.1862e-01 0.0000e+00
197 0.0000e+00 1.2440e-04 8.3555e-05 6.3709e-09 8.3555e-05 2.1870e-01 0.0000e+00
198 0.0000e+00 8.7900e-05 8.3337e-05 5.9072e-09 8.3337e-05 2.1878e-01 0.0000e+00
199 0.0000e+00 4.2600e-05 8.3121e-05 5.4775e-09 8.3121e-05 2.1887e-01 0.0000e+00
200 0.0000e+00 0.0000e+00 8.2905e-05 5.0793e-09 8.2905e-05 2.1895e-01 0.0000e+00
201 0.0000e+00 0.0000e+00 8.2691e-05 4.7102e-09 8.2691e-05 2.1903e-01 0.0000e+00
202 0.0000e+00 0.0000e+00 8.2477e-05 4.3682e-09 8.2477e-05 2.1912e-01 0.0000e+00
203 0.0000e+00 0.0000e+00 8.2265e-05 4.0511e-09 8.2265e-05 2.1920e-01 0.0000e+00
204 0.0000e+00 0.0000e+00 8.2054e-05 3.7572e-09 8.2054e-05 2.1928e-01 0.0000e+00
205 0.0000e+00 0.0000e+00 8.1843e-05 2.4162e-09 8.1843e-05 2.1936e-01 0.0000e+00
206 0.0000e+00 0.0000e+00 8.1634e-05 2.2460e-09 8.1634e-05 2.1944e-01 0.0000e+00
207 0.0000e+00 0.0000e+00 8.1426e-05 2.0879e-09 8.1426e-05 2.1953e-01 0.0000e+00
208 0.0000e+00 0.0000e+00 8.1220e-05 1.9410e-09 8.1220e-05 2.1961e-01 0.0000e+00
209 0.0000e+00 0.0000e+00 8.1014e-05 1.8044e-09 8.1014e-05 2.1969e-01 0.0000e+00
210 0.0000e+00 0.0000e+00 8.0809e-05 1.6776e-09 8.0809e-05 2.1977e-01 0.0000e+00
211 0.0000e+00 0.0000e+00 8.0605e-05 1.5597e-09 8.0605e-05 2.1985e-01 0.0000e+00
212 0.0000e+00 0.0000e+00 8.0402e-05 1.4501e-09 8.0402e-05 2.1993e-01 0.0000e+00
213 0.0000e+00 4.9000e-05 8.0200e-05 1.3482e-09 8.0200e-05 2.2001e-01 0.0000e+00
214 0.0000e+00 9.4600e-05 8.0000e-05 1.2536e-09 8.0000e-05 2.2009e-01 0.0000e+00
215 0.0000e+00 1.3380e-04 7.9800e-05 1.1656e-09 7.9800e-05 2.2017e-01 0.0000e+00
216 0.0000e+00 1.6380e-04 7.9601e-05 4.9866e-10 7.9601e-05 2.2025e-01 0.0000e+00
217 0.0000e+00 1.8130e-04 7.9403e-05 4.6499e-10 7.9403e-05 2.2033e-01 0.0000e+00
218 0.0000e+00 1.8920e-04 7.9207e-05 4.3361e-10 7.9207e-05 2.2041e-01 0.0000e+00
219 0.0000e+00 1.8130e-04 7.9011e-05 4.0435e-10 7.9011e-05 2.2049e-01 0.0000e+00
220 0.0000e+00 1.6380e-04 7.8816e-05 3.7707e-10 7.8816e-05 2.2057e-01 0.0000e+00
221 0.0000e+00 1.3380e-04 7.8622e-05 3.5164e-10 7.8622e-05 2.2064e-01 0.0000e+00
222 0.0000e+00 9.4600e-05 7.8429e-05 3.2794e-10 7.8429e-05 2.2072e-01 0.0000e+00
223 0.0000e+00 4.5800e-05 7.8237e-05 3.0584e-10 7.8237e-05 2.2080e-01 0.0000e+00
224 0.0000e+00 0.0000e+00 7.8046e-05 2.8523e-10 7.8046e-05 2.2088e-01 0.0000e+00
225 0.0000e+00 0.0000e+00 7.7856e-05 2.6602e-10 7.7856e-05 2.2096e-01 0.0000e+00
226 0.0000e+00 0.0000e+00 7.7667e-05 5.9135e-11 7.7667e-05 2.2103e-01 0.0000e+00
227 0.0000e+00 0.0000e+00 7.7479e-05 5.5315e-11 7.7479e-05 2.2111e-01 0.0000e+00
228 0.0000e+00 0.0000e+00 7.7291e-05 5.1743e-11 7.7291e-05 2.2119e-01 0.0000e+00
229 0.0000e+00 0.0000e+00 7.7105e-05 4.8402e-11 7.7105e-05 2.2127e-01 0.0000e+00
230 0.0000e+00 0.0000e+00 7.6919e-05 4.5277e-11 7.6919e-05 2.2134e-01 0.0000e+00
231 0.0000e+00 0.0000e+00 7.6735e-05 4.2355e-11 7.6735e-05 2.2142e-01 0.0000e+00
232 0.0000e+00 0.0000e+00 7.6551e-05 3.9622e-11 7.6551e-05 2.2150e-01 0.0000e+00
233 0.0000e+00 0.0000e+00 7.6368e-05 3.7067e-11 7.6368e-05 2.2157e-01 0.0000e+00
234 0.0000e+00 0.0000e+00 7.6186e-05 3.4676e-11 7.6186e-05 2.2165e-01 0.0000e+00
235 0.0000e+00 0.0000e+00 7.6005e-05 3.2441e-11 7.6005e-05 2.2172e-01 0.0000e+00
236 0.0000e+00 0.0000e+00 7.5824e-05 3.0350e-11 7.5824e-05 2.2180e-01 0.0000e+00
237 0.0000e+00 5.1700e-05 7.5645e-05 0.0000e+00 7.5645e-05 2.2188e-01 0.0000e+00
238 0.0000e+00 9.9800e-05 7.5466e-05 0.0000e+00 7.5466e-05 2.2195e-01 0.0000e+00
239 0.0000e+00 1.4120e-04 7.5289e-05 0.0000e+00 7.5289e-05 2.2203e-01 0.0000e+00
240 0.0000e+00 1.7290e-04 7.5112e-05 0.0000e+00 7.5112e-05 2.2210e-01 0.0000e+00
241 5.0000e-04 1.9130e-04 7.4935e-05 0.0000e+00 7.4935e-05 2.2218e-01 0.0000e+00
242 1.0000e-03 1.9970e-04 7.4760e-05 0.0000e+00 7.4760e-05 2.2225e-01 0.0000e+00
243 0.0000e+00 1.9130e-04 7.4586e-05 0.0000e+00 7.4586e-05 2.2233e-01 0.0000e+00
244 0.0000e+00 1.7290e-04 7.4412e-05 0.0000e+00 7.4412e-05 2.2240e-01 0.0000e+00
245 0.0000e+00 1.4120e-04 7.4239e-05 0.0000e+00 7.4239e-05 2.2247e-01 0.0000e+00
246 0.0000e+00 9.9800e-05 7.4067e-05 0.0000e+00 7.4067e-05 2.2255e-01 0.0000e+00
247 0.0000e+00 4.8300e-05 7.3896e-05 0.0000e+00 7.3896e-05 2.2262e-01 0.0000e+00
248 0.0000e+00 0.0000e+00 7.3726e-05 0.0000e+00 7.3726e-05 2.2270e-01 0.0000e+00
249 0.0000e+00 0.0000e+00 7.3556e-05 0.0000e+00 7.3556e-05 2.2277e-01 0.0000e+00
250 0.0000e+00 0.0000e+00 7.3387e-05 0.0000e+00 7.3387e-05 2.2284e-01 0.0000e+00
251 0.0000e+00 0.0000e+00 7.3219e-05 0.0000e+00 7.3219e-05 2.2292e-01 0.0000e+00
252 0.0000e+00 0.0000e+00 7.3052e-05 0.0000e+00 7.3052e-05 2.2299e-01 0.0000e+00
253 1.0000e-03 0.0000e+00 7.2885e-05 0.0000e+00 7.2885e-05 2.2306e-01 0.0000e+00
254 0.0000e+00 0.0000e+00 7.2719e-05 0.0000e+00 7.2719e-05 2.2314e-01 0.0000e+00
255 0.0000e+00 0.0000e+00 7.2554e-05 0.0000e+00 7.2554e-05 2.2321e-01 0.0000e+00
256 0.0000e+00 0.0000e+00 7.2390e-05 0.0000e+00 7.2390e-05 2.2328e-01 0.0000e+00
257 0.0000e+00 0.0000e+00 7.2226e-05 0.0000e+00 7.2226e-05 2.2335e-01 0.0000e+00
258 0.0000e+00 0.0000e+00 7.2063e-05 0.0000e+00 7.2063e-05 2.2342e-01 0.0000e+00
259 0.0000e+00 0.0000e+00 7.1901e-05 0.0000e+00 7.1901e-05 2.2350e-01 0.0000e+00
260 0.0000e+00 0.0000e+00 7.1740e-05 0.0000e+00 7.1740e-05 2.2357e-01 0.0000e+00
261 0.0000e+00 7.5200e-05 7.1579e-05 0.0000e+00 7.1579e-05 2.2364e-01 0.0000e+00
262 1.0000e-03 1.4510e-04 7.1419e-05 0.0000e+00 7.1419e-05 2.2371e-01 0.0000e+00
263 0.0000e+00 2.0520e-04 7.1260e-05 0.0000e+00 7.1260e-05 2.2378e-01 0.0000e+00
264 0.0000e+00 2.5130e-04 7.1102e-05 0.0000e+00 7.1102e-05 2.2385e-01 0.0000e+00
265 0.0000e+00 2.7800e-04 7.0944e-05 0.0000e+00 7.0944e-05 2.2392e-01 0.0000e+00
266 0.0000e+00 2.9030e-04 7.0787e-05 0.0000e+00 7.0787e-05 2.2400e-01 0.0000e+00
267 0.0000e+00 2.7800e-04 7.0630e-05 0.0000e+00 7.0630e-05 2.2407e-01 0.0000e+00
268 0.0000e+00 2.5130e-04 7.0475e-05 0.0000e+00 7.0475e-05 2.2414e-01 0.0000e+00
269 0.0000e+00 2.0520e-04 7.0320e-05 0.0000e+00 7.0320e-05 2.2421e-01 0.0000e+00
270 0.0000e+00 1.4510e-04 7.0165e-05 0.0000e+00 7.0165e-05 2.2428e-01 0.0000e+00
271 0.0000e+00 7.0200e-05 7.0011e-05 0.0000e+00 7.0011e-05 2.2435e-01 0.0000e+00
272 0.0000e+00 0.0000e+00 6.9858e-05 0.0000e+00 6.9858e-05 2.2442e-01 0.0000e+00
273 0.0000e+00 0.0000e+00 6.9706e-05 0.0000e+00 6.9706e-05 2.2449e-01 0.0000e+00
274 0.0000e+00 0.0000e+00 6.9554e-05 0.0000e+00 6.9554e-05 2.2456e-01 0.0000e+00
275 0.0000e+00 0.0000e+00 6.9403e-05 0.0000e+00 6.9403e-05 2.2463e-01 0.0000e+00
276 0.0000e+00 0.0000e+00 6.9253e-05 0.0000e+00 6.9253e-05 2.2469e-01 0.0000e+00
277 0.0000e+00 0.0000e+00 6.9103e-05 0.0000e+00 6.9103e-05 2.2476e-01 0.0000e+00
278 0.0000e+00 0.0000e+00 6.8954e-05 0.0000e+00 6.8954e-05 2.2483e-01 0.0000e+00
279 0.0000e+00 0.0000e+00 6.8806e-05 0.0000e+00 6.8806e-05 2.2490e-01 0.0000e+00
280 0.0000e+00 0.0000e+00 6.8658e-05 0.0000e+00 6.8658e-05 2.2497e-01 0.0000e+00
281 0.0000e+00 0.0000e+00 6.8511e-05 0.0000e+00 6.8511e-05 2.2504e-01 0.0000e+00
282 0.0000e+00 0.0000e+00 6.8364e-05 0.0000e+00 6.8364e-05 2.2511e-01 0.0000e+00
283 1.0000e-03 0.0000e+00 6.8218e-05 0.0000e+00 6.8218e-05 2.2518e-01 0.0000e+00
284 5.0000e-04 0.0000e+00 6.8073e-05 0.0000e+00 6.8073e-05 2.2524e-01 0.0000e+00
285 2.5000e-03 2.4400e-05 6.8812e-05 1.6507e-05 6.7929e-05 2.2529e-01 8.8316e-07
286 6.0000e-03 4.7000e-05 1.0071e-04 6.2767e-04 6.7819e-05 2.2474e-01 3.2887e-05
287 4.0000e-03 6.6500e-05 9.0772e-05 9.1348e-04 6.9016e-05 2.2389e-01 2.1755e-05
288 1.5000e-03 8.1400e-05 7.8751e-05 9.2804e-04 7.0862e-05 2.2303e-01 7.8893e-06
289 0.0000e+00 9.0100e-05 7.2786e-05 8.1912e-04 7.2786e-05 2.2229e-01 0.0000e+00
290 0.0000e+00 9.4000e-05 7.4503e-05 7.3886e-04 7.4503e-05 2.2162e-01 0.0000e+00
291 5.0000e-04 9.0100e-05 7.7359e-05 6.9324e-04 7.6066e-05 2.2101e-01 1.2931e-06
292 0.0000e+00 8.1400e-05 7.7548e-05 6.2528e-04 7.7548e-05 2.2046e-01 0.0000e+00
293 0.0000e+00 6.6500e-05 7.8886e-05 5.6687e-04 7.8886e-05 2.1997e-01 0.0000e+00
294 1.5000e-03 4.7000e-05 8.7046e-05 6.4861e-04 8.0099e-05 2.1940e-01 6.9475e-06
295 1.0000e-03 2.2800e-05 8.6779e-05 6.7473e-04 8.1534e-05 2.1881e-01 5.2448e-06
296 0.0000e+00 0.0000e+00 8.3060e-05 5.9950e-04 8.3060e-05 2.1829e-01 0.0000e+00
297 0.0000e+00 0.0000e+00 8.4411e-05 5.4285e-04 8.4411e-05 2.1783e-01 0.0000e+00
298 0.0000e+00 0.0000e+00 8.5629e-05 4.9221e-04 8.5629e-05 2.1743e-01 0.0000e+00
299 0.0000e+00 0.0000e+00 8.6724e-05 4.4666e-04 8.6724e-05 2.1707e-01 0.0000e+00
300 0.0000e+00 0.0000e+00 8.7705e-05 4.0556e-04 8.7705e-05 2.1675e-01 0.0000e+00
301 0.0000e+00 0.0000e+00 8.8581e-05 3.6840e-04 8.8581e-05 2.1647e-01 0.0000e+00
302 0.0000e+00 0.0000e+00 8.9359e-05 3.3477e-04 8.9359e-05 2.1622e-01 0.0000e+00
303 0.0000e+00 0.0000e+00 9.0047e-05 3.0431e-04 9.0047e-05 2.1601e-01 0.0000e+00
304 0.0000e+00 0.0000e+00 9.0651e-05 2.7670e-04 9.0651e-05 2.1582e-01 0.0000e+00
305 0.0000e+00 0.0000e+00 9.1180e-05 2.5167e-04 9.1180e-05 2.1566e-01 0.0000e+00
306 0.0000e+00 0.0000e+00 9.1639e-05 2.2896e-04 9.1639e-05 2.1553e-01 0.0000e+00
307 0.0000e+00 0.0000e+00 9.2033e-05 2.0836e-04 9.2033e-05 2.1541e-01 0.0000e+00
308 0.0000e+00 0.0000e+00 9.2368e-05 1.8966e-04 9.2368e-05 2.1531e-01 0.0000e+00
309 0.0000e+00 2.8800e-05 9.2649e-05 1.7268e-04 9.2649e-05 2.1523e-01 0.0000e+00
310 5.0000e-04 5.5500e-05 9.8028e-05 2.0332e-04 9.2881e-05 2.1512e-01 5.1467e-06
311 0.0000e+00 7.8500e-05 9.3202e-05 1.8151e-04 9.3202e-05 2.1503e-01 0.0000e+00
312 0.0000e+00 9.6200e-05 9.3460e-05 1.6456e-04 9.3460e-05 2.1496e-01 0.0000e+00
313 0.0000e+00 1.0640e-04 9.3668e-05 1.4945e-04 9.3668e-05 2.1491e-01 0.0000e+00
314 0.0000e+00 1.1110e-04 9.3831e-05 1.3585e-04 9.3831e-05 2.1486e-01 0.0000e+00
315 0.0000e+00 1.0640e-04 9.3954e-05 1.2357e-04 9.3954e-05 2.1483e-01 0.0000e+00
316 0.0000e+00 9.6200e-05 9.4041e-05 1.1246e-04 9.4041e-05 2.1482e-01 0.0000e+00
317 5.0000e-04 7.8500e-05 9.4095e-05 1.0239e-04 9.4095e-05 2.1481e-01 0.0000e+00
318 1.0000e-03 5.5500e-05 1.0302e-04 1.7306e-04 9.4120e-05 2.1473e-01 8.8953e-06
319 5.0000e-04 2.6900e-05 9.9454e-05 1.9696e-04 9.4352e-05 2.1463e-01 5.1017e-06
320 0.0000e+00 0.0000e+00 9.4655e-05 1.7430e-04 9.4655e-05 2.1455e-01 0.0000e+00
321 0.0000e+00 0.0000e+00 9.4891e-05 1.5709e-04 9.4891e-05 2.1448e-01 0.0000e+00
322 1.0000e-03 0.0000e+00 1.0624e-04 2.4239e-04 9.5076e-05 2.1434e-01 1.1169e-05
323 1.0000e-03 0.0000e+00 1.0699e-04 3.1512e-04 9.5515e-05 2.1412e-01 1.1477e-05
324 0.0000e+00 0.0000e+00 9.6172e-05 2.7631e-04 9.6172e-05 2.1394e-01 0.0000e+00
325 0.0000e+00 0.0000e+00 9.6715e-05 2.4829e-04 9.6715e-05 2.1379e-01 0.0000e+00
326 0.0000e+00 0.0000e+00 9.7174e-05 2.2388e-04 9.7174e-05 2.1366e-01 0.0000e+00
327 0.0000e+00 0.0000e+00 9.7560e-05 2.0226e-04 9.7560e-05 2.1355e-01 0.0000e+00
328 0.0000e+00 0.0000e+00 9.7880e-05 1.8295e-04 9.7880e-05 2.1347e-01 0.0000e+00
329 0.0000e+00 0.0000e+00 9.8140e-05 1.6564e-04 9.8140e-05 2.1340e-01 0.0000e+00
330 0.0000e+00 0.0000e+00 9.8347e-05 1.5009e-04 9.8347e-05 2.1335e-01 0.0000e+00
331 0.0000e+00 0.0000e+00 9.8507e-05 1.3608e-04 9.8507e-05 2.1331e-01 0.0000e+00
332 0.0000e+00 0.0000e+00 9.8622e-05 1.2346e-04 9.8622e-05 2.1329e-01 0.0000e+00
333 0.0000e+00 1.1200e-05 9.8699e-05 1.1207e-04 9.8699e-05 2.1327e-01 0.0000e+00
334 0.0000e+00 2.1600e-05 9.8740e-05 1.0177e-04 9.8740e-05 2.1327e-01 0.0000e+00
335 0.0000e+00 3.0600e-05 9.8750e-05 9.2468e-05 9.8750e-05 2.1328e-01 0.0000e+00
336 0.0000e+00 3.7400e-05 9.8730e-05 8.4049e-05 9.8730e-05 2.1329e-01 0.0000e+00
337 0.0000e+00 4.1400e-05 9.8685e-05 7.6428e-05 9.8685e-05 2.1331e-01 0.0000e+00
338 5.0000e-04 4.3200e-05 1.0272e-04 1.0672e-04 9.8616e-05 2.1331e-01 4.1084e-06
339 5.0000e-04 4.1400e-05 1.0388e-04 1.4147e-04 9.8641e-05 2.1326e-01 5.2429e-06
340 1.5000e-03 3.7400e-05 1.1551e-04 2.7573e-04 9.8773e-05 2.1309e-01 1.6741e-05
341 1.5000e-03 3.0600e-05 1.1611e-04 3.8933e-04 9.9321e-05 2.1280e-01 1.6787e-05
342 1.0000e-03 2.1600e-05 1.1135e-04 4.3939e-04 1.0023e-04 2.1246e-01 1.1126e-05
343 5.0000e-04 1.0500e-05 1.0678e-04 4.3670e-04 1.0129e-04 2.1212e-01 5.4908e-06
344 1.0000e-03 0.0000e+00 1.1372e-04 4.9192e-04 1.0236e-04 2.1173e-01 1.1357e-05
345 5.0000e-04 0.0000e+00 1.0935e-04 4.8729e-04 1.0361e-04 2.1135e-01 5.7387e-06
346 0.0000e+00 0.0000e+00 1.0486e-04 4.3421e-04 1.0486e-04 2.1102e-01 0.0000e+00
347 0.0000e+00 0.0000e+00 1.0595e-04 3.9076e-04 1.0595e-04 2.1073e-01 0.0000e+00
348 0.0000e+00 0.0000e+00 1.0690e-04 3.5236e-04 1.0690e-04 2.1049e-01 0.0000e+00
349 0.0000e+00 0.0000e+00 1.0772e-04 3.1812e-04 1.0772e-04 2.1028e-01 0.0000e+00
350 0.0000e+00 0.0000e+00 1.0843e-04 2.8746e-04 1.0843e-04 2.1010e-01 0.0000e+00
351 0.0000e+00 0.0000e+00 1.0904e-04 2.5993e-04 1.0904e-04 2.0995e-01 0.0000e+00
352 0.0000e+00 0.0000e+00 1.0955e-04 2.3519e-04 1.0955e-04 2.0982e-01 0.0000e+00
353 5.0000e-04 0.0000e+00 1.1572e-04 2.6603e-04 1.0998e-04 2.0967e-01 5.7387e-06
354 0.0000e+00 0.0000e+00 1.1052e-04 2.3641e-04 1.1052e-04 2.0954e-01 0.0000e+00
355 0.0000e+00 0.0000e+00 1.1096e-04 2.1340e-04 1.1096e-04 2.0944e-01 0.0000e+00
356 0.0000e+00 0.0000e+00 1.1131e-04 1.9298e-04 1.1131e-04 2.0936e-01 0.0000e+00
357 0.0000e+00 7.2300e-05 1.1160e-04 1.7467e-04 1.1160e-04 2.0929e-01 0.0000e+00
358 0.0000e+00 1.3960e-04 1.1182e-04 1.5820e-04 1.1182e-04 2.0925e-01 0.0000e+00
359 0.0000e+00 1.9750e-04 1.1198e-04 1.4337e-04 1.1198e-04 2.0922e-01 0.0000e+00
360 0.0000e+00 2.4180e-04 1.1209e-04 1.3000e-04 1.1209e-04 2.0920e-01 0.0000e+00
361 0.0000e+00 2.6750e-04 1.1215e-04 1.1792e-04 1.1215e-04 2.0919e-01 0.0000e+00
362 0.0000e+00 2.7930e-04 1.1217e-04 1.0702e-04 1.1217e-04 2.0920e-01 0.0000e+00
363 0.0000e+00 2.6750e-04 1.1216e-04 9.7159e-05 1.1216e-04 2.0921e-01 0.0000e+00
364 0.0000e+00 2.4180e-04 1.1210e-04 8.8242e-05 1.1210e-04 2.0924e-01 0.0000e+00
365 0.0000e+00 1.9750e-04 1.1202e-04 8.0172e-05 1.1202e-04 2.0927e-01 0.0000e+00
366 0.0000e+00 1.3960e-04 1.1191e-04 7.2865e-05 1.1191e-04 2.0931e-01 0.0000e+00
367 0.0000e+00 6.7600e-05 1.1177e-04 6.6246e-05 1.1177e-04 2.0935e-01 0.0000e+00
368 0.0000e+00 0.0000e+00 1.1161e-04 6.0248e-05 1.1161e-04 2.0940e-01 0.0000e+00
369 0.0000e+00 0.0000e+00 1.1143e-04 5.4811e-05 1.1143e-04 2.0946e-01 0.0000e+00
370 0.0000e+00 0.0000e+00 1.1124e-04 4.9879e-05 1.1124e-04 2.0952e-01 0.0000e+00
371 0.0000e+00 0.0000e+00 1.1102e-04 4.5405e-05 1.1102e-04 2.0959e-01 0.0000e+00
372 0.0000e+00 0.0000e+00 1.1080e-04 4.1344e-05 1.1080e-04 2.0966e-01 0.0000e+00
373 5.0000e-04 0.0000e+00 1.1056e-04 3.7656e-05 1.1056e-04 2.0973e-01 0.0000e+00
374 7.5000e-03 0.0000e+00 1.7834e-04 6.6433e-04 1.1030e-04 2.0918e-01 6.8033e-05
375 4.5000e-03 0.0000e+00 1.6388e-04 1.0286e-03 1.1223e-04 2.0826e-01 5.1649e-05
376 2.5000e-03 0.0000e+00 1.4418e-04 1.1513e-03 1.1549e-04 2.0722e-01 2.8694e-05
377 5.0000e-04 0.0000e+00 1.2503e-04 1.0635e-03 1.1929e-04 2.0628e-01 5.7387e-06
378 0.0000e+00 0.0000e+00 1.2286e-04 9.4872e-04 1.2286e-04 2.0545e-01 0.0000e+00
379 0.0000e+00 0.0000e+00 1.2607e-04 8.5210e-04 1.2607e-04 2.0473e-01 0.0000e+00
380 0.0000e+00 0.0000e+00 1.2897e-04 7.6638e-04 1.2897e-04 2.0409e-01 0.0000e+00
381 0.0000e+00 1.7400e-05 1.3156e-04 6.8990e-04 1.3156e-04 2.0353e-01 0.0000e+00
382 0.0000e+00 3.3600e-05 1.3388e-04 6.2145e-04 1.3388e-04 2.0304e-01 0.0000e+00
383 1.0000e-03 4.7500e-05 1.4759e-04 6.6497e-04 1.3593e-04 2.0252e-01 1.1659e-05
384 1.0000e-03 5.8200e-05 1.5263e-04 6.9281e-04 1.3820e-04 2.0196e-01 1.4435e-05
385 0.0000e+00 6.4300e-05 1.4062e-04 6.1674e-04 1.4062e-04 2.0149e-01 0.0000e+00
386 5.0000e-04 6.7200e-05 1.4917e-04 5.9478e-04 1.4272e-04 2.0103e-01 6.4506e-06
387 0.0000e+00 6.4300e-05 1.4475e-04 5.3330e-04 1.4475e-04 2.0064e-01 0.0000e+00
388 0.0000e+00 5.8200e-05 1.4652e-04 4.7999e-04 1.4652e-04 2.0031e-01 0.0000e+00
389 0.0000e+00 4.7500e-05 1.4806e-04 4.3237e-04 1.4806e-04 2.0003e-01 0.0000e+00
390 5.0000e-04 3.3600e-05 1.5388e-04 4.1801e-04 1.4938e-04 1.9976e-01 4.4969e-06
391 0.0000e+00 1.6300e-05 1.5064e-04 3.7532e-04 1.5064e-04 1.9953e-01 0.0000e+00
392 5.0000e-04 0.0000e+00 1.5939e-04 3.8671e-04 1.5170e-04 1.9930e-01 7.6898e-06
393 5.0000e-04 0.0000e+00 1.6136e-04 3.9981e-04 1.5282e-04 1.9905e-01 8.5421e-06
394 0.0000e+00 0.0000e+00 1.5400e-04 3.5675e-04 1.5400e-04 1.9885e-01 0.0000e+00
395 0.0000e+00 0.0000e+00 1.5498e-04 3.2068e-04 1.5498e-04 1.9868e-01 0.0000e+00
396 0.0000e+00 0.0000e+00 1.5578e-04 2.8866e-04 1.5578e-04 1.9855e-01 0.0000e+00
397 0.0000e+00 0.0000e+00 1.5643e-04 2.6008e-04 1.5643e-04 1.9845e-01 0.0000e+00
398 0.0000e+00 0.0000e+00 1.5694e-04 2.3449e-04 1.5694e-04 1.9837e-01 0.0000e+00
399 0.0000e+00 0.0000e+00 1.5732e-04 2.1155e-04 1.5732e-04 1.9831e-01 0.0000e+00
400 0.0000e+00 0.0000e+00 1.5759e-04 1.9095e-04 1.5759e-04 1.9828e-01 0.0000e+00
401 0.0000e+00 0.0000e+00 1.5775e-04 1.7244e-04 1.5775e-04 1.9827e-01 0.0000e+00
402 1.0000e-03 0.0000e+00 1.7491e-04 2.6442e-04 1.5782e-04 1.9816e-01 1.7084e-05
403 0.0000e+00 0.0000e+00 1.5835e-04 2.3195e-04 1.5835e-04 1.9809e-01 0.0000e+00
404 0.0000e+00 0.0000e+00 1.5872e-04 2.0770e-04 1.5872e-04 1.9804e-01 0.0000e+00
405 5.0000e-04 2.4600e-05 1.6750e-04 2.4089e-04 1.5896e-04 1.9796e-01 8.5421e-06
406 5.0000e-04 4.7400e-05 1.6749e-04 2.6508e-04 1.5937e-04 1.9785e-01 8.1218e-06
407 0.0000e+00 6.7100e-05 1.5989e-04 2.3465e-04 1.5989e-04 1.9778e-01 0.0000e+00
408 5.0000e-04 8.2200e-05 1.6685e-04 2.5208e-04 1.6027e-04 1.9768e-01 6.5871e-06
409 0.0000e+00 9.0900e-05 1.6073e-04 2.2371e-04 1.6073e-04 1.9762e-01 0.0000e+00
410 0.0000e+00 9.5000e-05 1.6104e-04 2.0043e-04 1.6104e-04 1.9758e-01 0.0000e+00
411 0.0000e+00 9.0900e-05 1.6124e-04 1.7992e-04 1.6124e-04 1.9756e-01 0.0000e+00
412 0.0000e+00 8.2200e-05 1.6134e-04 1.6172e-04 1.6134e-04 1.9756e-01 0.0000e+00
413 0.0000e+00 6.7100e-05 1.6134e-04 1.4551e-04 1.6134e-04 1.9758e-01 0.0000e+00
414 0.0000e+00 4.7400e-05 1.6126e-04 1.3104e-04 1.6126e-04 1.9761e-01 0.0000e+00
415 0.0000e+00 2.3000e-05 1.6111e-04 1.1809e-04 1.6111e-04 1.9765e-01 0.0000e+00
416 0.0000e+00 0.0000e+00 1.6089e-04 1.0650e-04 1.6089e-04 1.9771e-01 0.0000e+00
417 0.0000e+00 0.0000e+00 1.6062e-04 9.6098e-05 1.6062e-04 1.9777e-01 0.0000e+00
418 0.0000e+00 0.0000e+00 1.6029e-04 8.6763e-05 1.6029e-04 1.9784e-01 0.0000e+00
419 0.0000e+00 0.0000e+00 1.5993e-04 7.8377e-05 1.5993e-04 1.9792e-01 0.0000e+00
420 0.0000e+00 0.0000e+00 1.5952e-04 7.0836e-05 1.5952e-04 1.9801e-01 0.0000e+00
421 0.0000e+00 0.0000e+00 1.5908e-04 6.4051e-05 1.5908e-04 1.9811e-01 0.0000e+00
422 0.0000e+00 0.0000e+00 1.5861e-04 5.7942e-05 1.5861e-04 1.9821e-01 0.0000e+00
423 0.0000e+00 0.0000e+00 1.5811e-04 5.2439e-05 1.5811e-04 1.9831e-01 0.0000e+00
424 0.0000e+00 0.0000e+00 1.5759e-04 4.7477e-05 1.5759e-04 1.9842e-01 0.0000e+00
425 0.0000e+00 0.0000e+00 1.5705e-04 4.3003e-05 1.5705e-04 1.9854e-01 0.0000e+00
426 0.0000e+00 0.0000e+00 1.5649e-04 3.8965e-05 1.5649e-04 1.9866e-01 0.0000e+00
427 5.0000e-04 0.0000e+00 1.5591e-04 3.5319e-05 1.5591e-04 1.9878e-01 0.0000e+00
428 2.0000e-03 0.0000e+00 1.8820e-04 2.4037e-04 1.5533e-04 1.9869e-01 3.2873e-05
429 3.0000e-03 3.2600e-05 2.0699e-04 5.2888e-04 1.5574e-04 1.9832e-01 5.1253e-05
430 2.0000e-03 6.2900e-05 1.9118e-04 6.6758e-04 1.5757e-04 1.9781e-01 3.3612e-05
431 1.0000e-03 8.9000e-05 1.7611e-04 6.8430e-04 1.6010e-04 1.9728e-01 1.6010e-05
432 0.0000e+00 1.0900e-04 1.6274e-04 6.0320e-04 1.6274e-04 1.9684e-01 0.0000e+00
433 5.0000e-04 1.2060e-04 1.7016e-04 5.7025e-04 1.6500e-04 1.9644e-01 5.1628e-06
434 0.0000e+00 1.2590e-04 1.6710e-04 5.0735e-04 1.6710e-04 1.9610e-01 0.0000e+00
435 0.0000e+00 1.2060e-04 1.6889e-04 4.5340e-04 1.6889e-04 1.9581e-01 0.0000e+00
436 0.0000e+00 1.0900e-04 1.7040e-04 4.0578e-04 1.7040e-04 1.9558e-01 0.0000e+00
437 3.5000e-03 8.9000e-05 2.2334e-04 6.9793e-04 1.7165e-04 1.9505e-01 5.1690e-05
438 0.0000e+00 6.2900e-05 1.7450e-04 6.0603e-04 1.7450e-04 1.9462e-01 0.0000e+00
439 0.0000e+00 3.0500e-05 1.7687e-04 5.3955e-04 1.7687e-04 1.9426e-01 0.0000e+00
440 0.0000e+00 0.0000e+00 1.7888e-04 4.8190e-04 1.7888e-04 1.9396e-01 0.0000e+00
441 0.0000e+00 0.0000e+00 1.8059e-04 4.3114e-04 1.8059e-04 1.9370e-01 0.0000e+00
442 0.0000e+00 0.0000e+00 1.8201e-04 3.8618e-04 1.8201e-04 1.9350e-01 0.0000e+00
443 0.0000e+00 0.0000e+00 1.8317e-04 3.4621e-04 1.8317e-04 1.9334e-01 0.0000e+00
444 5.0000e-04 0.0000e+00 1.8954e-04 3.4628e-04 1.8411e-04 1.9318e-01 5.4294e-06
445 0.0000e+00 0.0000e+00 1.8504e-04 3.0849e-04 1.8504e-04 1.9305e-01 0.0000e+00
446 0.0000e+00 0.0000e+00 1.8576e-04 2.7658e-04 1.8576e-04 1.9296e-01 0.0000e+00
447 0.0000e+00 0.0000e+00 1.8629e-04 2.4826e-04 1.8629e-04 1.9290e-01 0.0000e+00
448 0.0000e+00 0.0000e+00 1.8665e-04 2.2301e-04 1.8665e-04 1.9286e-01 0.0000e+00
449 0.0000e+00 0.0000e+00 1.8686e-04 2.0047e-04 1.8686e-04 1.9285e-01 0.0000e+00
450 0.0000e+00 0.0000e+00 1.8694e-04 1.8032e-04 1.8694e-04 1.9286e-01 0.0000e+00
451 0.0000e+00 0.0000e+00 1.8690e-04 1.6228e-04 1.8690e-04 1.9288e-01 0.0000e+00
452 5.0000e-04 0.0000e+00 1.9530e-04 2.0238e-04 1.8676e-04 1.9286e-01 8.5421e-06
453 0.0000e+00 2.2400e-05 1.8685e-04 1.7822e-04 1.8685e-04 1.9287e-01 0.0000e+00
454 0.0000e+00 4.3300e-05 1.8680e-04 1.5955e-04 1.8680e-04 1.9290e-01 0.0000e+00
455 0.0000e+00 6.1200e-05 1.8664e-04 1.4315e-04 1.8664e-04 1.9294e-01 0.0000e+00
456 0.0000e+00 7.5000e-05 1.8638e-04 1.2860e-04 1.8638e-04 1.9300e-01 0.0000e+00
457 0.0000e+00 8.3000e-05 1.8605e-04 1.1564e-04 1.8605e-04 1.9307e-01 0.0000e+00
458 0.0000e+00 8.6600e-05 1.8564e-04 1.0407e-04 1.8564e-04 1.9315e-01 0.0000e+00
459 0.0000e+00 8.3000e-05 1.8517e-04 9.3724e-05 1.8517e-04 1.9325e-01 0.0000e+00
460 0.0000e+00 7.5000e-05 1.8464e-04 8.4461e-05 1.8464e-04 1.9335e-01 0.0000e+00
461 0.0000e+00 6.1200e-05 1.8406e-04 7.6157e-05 1.8406e-04 1.9345e-01 0.0000e+00
462 0.0000e+00 4.3300e-05 1.8344e-04 6.8706e-05 1.8344e-04 1.9357e-01 0.0000e+00
463 0.0000e+00 2.1000e-05 1.8278e-04 6.2016e-05 1.8278e-04 1.9369e-01 0.0000e+00
464 0.0000e+00 0.0000e+00 1.8210e-04 5.6004e-05 1.8210e-04 1.9382e-01 0.0000e+00
465 1.0000e-03 0.0000e+00 1.8734e-04 8.9602e-05 1.8138e-04 1.9391e-01 5.9595e-06
466 5.0000e-04 0.0000e+00 1.8940e-04 1.3395e-04 1.8086e-04 1.9395e-01 8.5421e-06
467 0.0000e+00 0.0000e+00 1.8060e-04 1.1610e-04 1.8060e-04 1.9402e-01 0.0000e+00
468 0.0000e+00 0.0000e+00 1.8023e-04 1.0322e-04 1.8023e-04 1.9410e-01 0.0000e+00
469 5.0000e-04 0.0000e+00 1.8834e-04 1.4794e-04 1.7980e-04 1.9413e-01 8.5421e-06
470 0.0000e+00 0.0000e+00 1.7962e-04 1.2876e-04 1.7962e-04 1.9418e-01 0.0000e+00
471 0.0000e+00 0.0000e+00 1.7933e-04 1.1456e-04 1.7933e-04 1.9424e-01 0.0000e+00
472 5.0000e-04 0.0000e+00 1.8751e-04 1.5802e-04 1.7897e-04 1.9426e-01 8.5421e-06
473 5.0000e-04 0.0000e+00 1.8740e-04 1.9354e-04 1.7885e-04 1.9425e-01 8.5421e-06
474 0.0000e+00 0.0000e+00 1.7894e-04 1.6898e-04 1.7894e-04 1.9426e-01 0.0000e+00
475 0.0000e+00 0.0000e+00 1.7888e-04 1.5024e-04 1.7888e-04 1.9429e-01 0.0000e+00
476 0.0000e+00 0.0000e+00 1.7872e-04 1.3402e-04 1.7872e-04 1.9433e-01 0.0000e+00
477 0.0000e+00 9.2000e-06 1.7847e-04 1.1979e-04 1.7847e-04 1.9439e-01 0.0000e+00
478 0.0000e+00 1.7800e-05 1.7814e-04 1.0724e-04 1.7814e-04 1.9446e-01 0.0000e+00
479 0.0000e+00 2.5200e-05 1.7775e-04 9.6123e-05 1.7775e-04 1.9454e-01 0.0000e+00
480 0.0000e+00 3.0900e-05 1.7730e-04 8.6250e-05 1.7730e-04 1.9463e-01 0.0000e+00
481 0.0000e+00 3.4200e-05 1.7679e-04 7.7465e-05 1.7679e-04 1.9473e-01 0.0000e+00
482 5.0000e-04 3.5700e-05 1.8279e-04 1.1217e-04 1.7625e-04 1.9480e-01 6.5399e-06
483 2.5000e-03 3.4200e-05 2.1799e-04 3.7174e-04 1.7589e-04 1.9460e-01 4.2101e-05
484 1.0000e-03 3.0900e-05 1.9347e-04 4.2289e-04 1.7697e-04 1.9436e-01 1.6500e-05
485 0.0000e+00 2.5200e-05 1.7834e-04 3.6838e-04 1.7834e-04 1.9417e-01 0.0000e+00
486 1.0000e-03 1.7800e-05 1.9553e-04 4.3188e-04 1.7940e-04 1.9391e-01 1.6126e-05
487 0.0000e+00 8.6000e-06 1.8082e-04 3.7834e-04 1.8082e-04 1.9372e-01 0.0000e+00
488 0.0000e+00 0.0000e+00 1.8194e-04 3.3640e-04 1.8194e-04 1.9356e-01 0.0000e+00
489 0.0000e+00 0.0000e+00 1.8282e-04 2.9994e-04 1.8282e-04 1.9344e-01 0.0000e+00
490 0.0000e+00 0.0000e+00 1.8349e-04 2.6790e-04 1.8349e-04 1.9336e-01 0.0000e+00
491 0.0000e+00 0.0000e+00 1.8398e-04 2.3960e-04 1.8398e-04 1.9330e-01 0.0000e+00
492 0.0000e+00 0.0000e+00 1.8430e-04 2.1453e-04 1.8430e-04 1.9327e-01 0.0000e+00
493 0.0000e+00 0.0000e+00 1.8447e-04 1.9227e-04 1.8447e-04 1.9327e-01 0.0000e+00
494 0.0000e+00 0.0000e+00 1.8452e-04 1.7246e-04 1.8452e-04 1.9328e-01 0.0000e+00
495 0.0000e+00 0.0000e+00 1.8445e-04 1.5481e-04 1.8445e-04 1.9331e-01 0.0000e+00
496 0.0000e+00 0.0000e+00 1.8428e-04 1.3907e-04 1.8428e-04 1.9335e-01 0.0000e+00
497 0.0000e+00 0.0000e+00 1.8402e-04 1.2501e-04 1.8402e-04 1.9341e-01 0.0000e+00
498 0.0000e+00 0.0000e+00 1.8368e-04 1.1244e-04 1.8368e-04 1.9348e-01 0.0000e+00
499 0.0000e+00 0.0000e+00 1.8327e-04 1.0119e-04 1.8327e-04 1.9357e-01 0.0000e+00
500 0.0000e+00 0.0000e+00 1.8280e-04 9.1120e-05 1.8280e-04 1.9366e-01 0.0000e+00
501 0.0000e+00 6.3800e-05 1.8228e-04 8.2094e-05 1.8228e-04 1.9376e-01 0.0000e+00
502 0.0000e+00 1.2310e-04 1.8171e-04 7.4000e-05 1.8171e-04 1.9387e-01 0.0000e+00
503 0.0000e+00 1.7420e-04 1.8110e-04 6.6737e-05 1.8110e-04 1.9398e-01 0.0000e+00
504 0.0000e+00 2.1330e-04 1.8045e-04 6.0214e-05 1.8045e-04 1.9410e-01 0.0000e+00
505 0.0000e+00 2.3600e-04 1.7977e-04 5.4354e-05 1.7977e-04 1.9423e-01 0.0000e+00
506 0.0000e+00 2.4640e-04 1.7907e-04 4.9086e-05 1.7907e-04 1.9436e-01 0.0000e+00
507 0.0000e+00 2.3600e-04 1.7834e-04 4.4347e-05 1.7834e-04 1.9449e-01 0.0000e+00
508 0.0000e+00 2.1330e-04 1.7760e-04 4.0082e-05 1.7760e-04 1.9463e-01 0.0000e+00
509 0.0000e+00 1.7420e-04 1.7684e-04 3.6242e-05 1.7684e-04 1.9477e-01 0.0000e+00
510 0.0000e+00 1.2310e-04 1.7606e-04 3.2782e-05 1.7606e-04 1.9491e-01 0.0000e+00
511 0.0000e+00 5.9600e-05 1.7527e-04 2.9665e-05 1.7527e-04 1.9506e-01 0.0000e+00
512 0.0000e+00 0.0000e+00 1.7448e-04 2.6853e-05 1.7448e-04 1.9520e-01 0.0000e+00
513 0.0000e+00 0.0000e+00 1.7368e-04 2.4317e-05 1.7368e-04 1.9535e-01 0.0000e+00
514 0.0000e+00 0.0000e+00 1.7287e-04 2.2028e-05 1.7287e-04 1.9550e-01 0.0000e+00
515 0.0000e+00 0.0000e+00 1.7205e-04 1.9961e-05 1.7205e-04 1.9566e-01 0.0000e+00
516 0.0000e+00 0.0000e+00 1.7124e-04 1.8095e-05 1.7124e-04 1.9581e-01 0.0000e+00
517 0.0000e+00 0.0000e+00 1.7042e-04 1.6408e-05 1.7042e-04 1.9596e-01 0.0000e+00
518 0.0000e+00 0.0000e+00 1.6960e-04 1.4883e-05 1.6960e-04 1.9612e-01 0.0000e+00
519 0.0000e+00 0.0000e+00 1.6878e-04 1.3504e-05 1.6878e-04 1.9627e-01 0.0000e+00
520 0.0000e+00 0.0000e+00 1.6797e-04 1.2257e-05 1.6797e-04 1.9643e-01 0.0000e+00
521 0.0000e+00 0.0000e+00 1.6715e-04 1.1128e-05 1.6715e-04 1.9659e-01 0.0000e+00
522 0.0000e+00 0.0000e+00 1.6634e-04 1.0106e-05 1.6634e-04 1.9674e-01 0.0000e+00
523 0.0000e+00 0.0000e+00 1.6553e-04 9.1811e-06 1.6553e-04 1.9690e-01 0.0000e+00
524 0.0000e+00 0.0000e+00 1.6472e-04 8.3428e-06 1.6472e-04 1.9705e-01 0.0000e+00
525 0.0000e+00 4.1700e-05 1.6392e-04 7.5831e-06 1.6392e-04 1.9721e-01 0.0000e+00
526 0.0000e+00 8.0400e-05 1.6312e-04 6.8945e-06 1.6312e-04 1.9737e-01 0.0000e+00
527 0.0000e+00 1.1380e-04 1.6233e-04 6.2699e-06 1.6233e-04 1.9752e-01 0.0000e+00
528 0.0000e+00 1.3930e-04 1.6154e-04 5.7036e-06 1.6154e-04 1.9768e-01 0.0000e+00
529 0.0000e+00 1.5420e-04 1.6075e-04 5.1898e-06 1.6075e-04 1.9783e-01 0.0000e+00
530 0.0000e+00 1.6090e-04 1.5997e-04 4.7234e-06 1.5997e-04 1.9799e-01 0.0000e+00
531 0.0000e+00 1.5420e-04 1.5920e-04 4.3000e-06 1.5920e-04 1.9814e-01 0.0000e+00
532 0.0000e+00 1.3930e-04 1.5843e-04 3.9155e-06 1.5843e-04 1.9830e-01 0.0000e+00
533 0.0000e+00 1.1380e-04 1.5767e-04 3.5662e-06 1.5767e-04 1.9845e-01 0.0000e+00
534 0.0000e+00 8.0400e-05 1.5691e-04 3.2489e-06 1.5691e-04 1.9861e-01 0.0000e+00
535 0.0000e+00 3.8900e-05 1.5616e-04 2.9605e-06 1.5616e-04 1.9876e-01 0.0000e+00
536 0.0000e+00 0.0000e+00 1.5541e-04 2.6980e-06 1.5541e-04 1.9891e-01 0.0000e+00
537 0.0000e+00 0.0000e+00 1.5467e-04 2.4596e-06 1.5467e-04 1.9906e-01 0.0000e+00
538 0.0000e+00 0.0000e+00 1.5394e-04 2.2428e-06 1.5394e-04 1.9922e-01 0.0000e+00
539 0.0000e+00 0.0000e+00 1.5321e-04 2.0455e-06 1.5321e-04 1.9937e-01 0.0000e+00
540 0.0000e+00 0.0000e+00 1.5249e-04 1.8660e-06 1.5249e-04 1.9952e-01 0.0000e+00
541 0.0000e+00 0.0000e+00 1.5177e-04 1.7025e-06 1.5177e-04 1.9967e-01 0.0000e+00
542 0.0000e+00 0.0000e+00 1.5106e-04 1.5538e-06 1.5106e-04 1.9982e-01 0.0000e+00
543 0.0000e+00 0.0000e+00 1.5036e-04 1.4183e-06 1.5036e-04 1.9997e-01 0.0000e+00
544 0.0000e+00 0.0000e+00 1.4966e-04 1.2948e-06 1.4966e-04 2.0012e-01 0.0000e+00
545 0.0000e+00 0.0000e+00 1.4897e-04 1.1820e-06 1.4897e-04 2.0026e-01 0.0000e+00
546 0.0000e+00 0.0000e+00 1.4828e-04 1.0796e-06 1.4828e-04 2.0041e-01 0.0000e+00
547 0.0000e+00 0.0000e+00 1.4760e-04 9.8624e-07 1.4760e-04 2.0056e-01 0.0000e+00
548 0.0000e+00 0.0000e+00 1.4692e-04 9.0113e-07 1.4692e-04 2.0070e-01 0.0000e+00
549 0.0000e+00 2.0700e-05 1.4626e-04 8.2351e-07 1.4626e-04 2.0085e-01 0.0000e+00
550 0.0000e+00 4.0000e-05 1.4559e-04 7.5272e-07 1.4559e-04 2.0099e-01 0.0000e+00
551 0.0000e+00 5.6600e-05 1.4494e-04 6.8814e-07 1.4494e-04 2.0114e-01 0.0000e+00
552 1.0000e-03 6.9300e-05 1.4428e-04 6.2921e-07 1.4428e-04 2.0128e-01 0.0000e+00
553 1.0000e-03 7.6600e-05 1.4364e-04 5.7543e-07 1.4364e-04 2.0142e-01 0.0000e+00
554 2.0000e-03 8.0000e-05 1.5550e-04 7.8521e-05 1.4300e-04 2.0149e-01 1.2507e-05
555 1.5000e-03 7.6600e-05 1.6697e-04 2.1737e-04 1.4271e-04 2.0141e-01 2.4260e-05
556 0.0000e+00 6.9300e-05 1.4304e-04 1.8595e-04 1.4304e-04 2.0137e-01 0.0000e+00
557 5.0000e-04 5.6600e-05 1.4929e-04 2.0242e-04 1.4323e-04 2.0131e-01 6.0513e-06
558 0.0000e+00 4.0000e-05 1.4350e-04 1.7836e-04 1.4350e-04 2.0128e-01 0.0000e+00
559 0.0000e+00 1.9400e-05 1.4366e-04 1.5894e-04 1.4366e-04 2.0126e-01 0.0000e+00
560 0.0000e+00 0.0000e+00 1.4372e-04 1.4202e-04 1.4372e-04 2.0126e-01 0.0000e+00
561 0.0000e+00 0.0000e+00 1.4372e-04 1.2715e-04 1.4372e-04 2.0128e-01 0.0000e+00
562 0.0000e+00 0.0000e+00 1.4364e-04 1.1401e-04 1.4364e-04 2.0131e-01 0.0000e+00
563 0.0000e+00 0.0000e+00 1.4351e-04 1.0235e-04 1.4351e-04 2.0135e-01 0.0000e+00
564 0.0000e+00 0.0000e+00 1.4332e-04 9.1985e-05 1.4332e-04 2.0140e-01 0.0000e+00
565 5.0000e-04 0.0000e+00 1.4966e-04 1.2367e-04 1.4309e-04 2.0142e-01 6.5618e-06
566 0.0000e+00 0.0000e+00 1.4301e-04 1.0897e-04 1.4301e-04 2.0146e-01 0.0000e+00
567 0.0000e+00 0.0000e+00 1.4286e-04 9.7591e-05 1.4286e-04 2.0150e-01 0.0000e+00
568 0.0000e+00 0.0000e+00 1.4265e-04 8.7597e-05 1.4265e-04 2.0156e-01 0.0000e+00
569 0.0000e+00 0.0000e+00 1.4241e-04 7.8747e-05 1.4241e-04 2.0162e-01 0.0000e+00
570 0.0000e+00 0.0000e+00 1.4213e-04 7.0874e-05 1.4213e-04 2.0169e-01 0.0000e+00
571 0.0000e+00 0.0000e+00 1.4181e-04 6.3849e-05 1.4181e-04 2.0177e-01 0.0000e+00
572 0.0000e+00 0.0000e+00 1.4146e-04 5.7567e-05 1.4146e-04 2.0185e-01 0.0000e+00
573 3.0000e-03 3.0500e-05 1.9235e-04 3.7073e-04 1.4109e-04 2.0162e-01 5.1253e-05
574 1.0000e-03 5.8900e-05 1.5867e-04 4.1918e-04 1.4211e-04 2.0135e-01 1.6563e-05
575 2.5000e-03 8.3300e-05 1.8505e-04 6.2791e-04 1.4335e-04 2.0086e-01 4.1704e-05
576 3.5000e-03 1.0200e-04 2.0391e-04 9.1282e-04 1.4553e-04 2.0009e-01 5.8372e-05
577 1.5000e-03 1.1290e-04 1.7295e-04 9.4747e-04 1.4907e-04 1.9930e-01 2.3884e-05
578 0.0000e+00 1.1780e-04 1.5283e-04 8.3783e-04 1.5283e-04 1.9861e-01 0.0000e+00
579 0.0000e+00 1.1290e-04 1.5614e-04 7.4799e-04 1.5614e-04 1.9802e-01 0.0000e+00
580 0.0000e+00 1.0200e-04 1.5905e-04 6.6922e-04 1.5905e-04 1.9751e-01 0.0000e+00
581 0.0000e+00 8.3300e-05 1.6161e-04 5.9956e-04 1.6161e-04 1.9707e-01 0.0000e+00
582 0.0000e+00 5.8900e-05 1.6384e-04 5.3768e-04 1.6384e-04 1.9670e-01 0.0000e+00
583 0.0000e+00 2.8500e-05 1.6576e-04 4.8256e-04 1.6576e-04 1.9638e-01 0.0000e+00
584 0.0000e+00 0.0000e+00 1.6741e-04 4.3337e-04 1.6741e-04 1.9611e-01 0.0000e+00
585 0.0000e+00 0.0000e+00 1.6881e-04 3.8942e-04 1.6881e-04 1.9589e-01 0.0000e+00
586 0.0000e+00 0.0000e+00 1.6998e-04 3.5011e-04 1.6998e-04 1.9571e-01 0.0000e+00
587 0.0000e+00 0.0000e+00 1.7093e-04 3.1492e-04 1.7093e-04 1.9557e-01 0.0000e+00
588 0.0000e+00 0.0000e+00 1.7171e-04 2.8340e-04 1.7171e-04 1.9546e-01 0.0000e+00
589 5.0000e-04 0.0000e+00 1.7231e-04 2.5515e-04 1.7231e-04 1.9537e-01 0.0000e+00
590 0.0000e+00 0.0000e+00 1.7275e-04 2.2982e-04 1.7275e-04 1.9532e-01 0.0000e+00
591 0.0000e+00 0.0000e+00 1.7306e-04 2.0709e-04 1.7306e-04 1.9528e-01 0.0000e+00
592 5.0000e-04 0.0000e+00 1.7985e-04 2.2952e-04 1.7324e-04 1.9523e-01 6.6095e-06
593 0.0000e+00 0.0000e+00 1.7355e-04 2.0406e-04 1.7355e-04 1.9520e-01 0.0000e+00
594 1.0000e-03 0.0000e+00 1.9080e-04 2.9409e-04 1.7372e-04 1.9508e-01 1.7084e-05
595 0.0000e+00 0.0000e+00 1.7437e-04 2.5727e-04 1.7437e-04 1.9499e-01 0.0000e+00
596 0.0000e+00 0.0000e+00 1.7482e-04 2.2976e-04 1.7482e-04 1.9494e-01 0.0000e+00
597 0.0000e+00 6.2600e-05 1.7512e-04 2.0580e-04 1.7512e-04 1.9491e-01 0.0000e+00
598 0.0000e+00 1.2080e-04 1.7529e-04 1.8464e-04 1.7529e-04 1.9490e-01 0.0000e+00
599 0.0000e+00 1.7090e-04 1.7534e-04 1.6586e-04 1.7534e-04 1.9491e-01 0.0000e+00
600 0.0000e+00 2.0930e-04 1.7529e-04 1.4913e-04 1.7529e-04 1.9493e-01 0.0000e+00
601 0.0000e+00 2.3150e-04 1.7515e-04 1.3420e-04 1.7515e-04 1.9498e-01 0.0000e+00
602 0.0000e+00 2.4180e-04 1.7492e-04 1.2085e-04 1.7492e-04 1.9503e-01 0.0000e+00
603 0.0000e+00 2.3150e-04 1.7463e-04 1.0889e-04 1.7463e-04 1.9509e-01 0.0000e+00
604 0.0000e+00 2.0930e-04 1.7427e-04 9.8182e-05 1.7427e-04 1.9517e-01 0.0000e+00
605 0.0000e+00 1.7090e-04 1.7386e-04 8.8572e-05 1.7386e-04 1.9526e-01 0.0000e+00
606 0.0000e+00 1.2080e-04 1.7339e-04 7.9945e-05 1.7339e-04 1.9535e-01 0.0000e+00
607 0.0000e+00 5.8500e-05 1.7289e-04 7.2193e-05 1.7289e-04 1.9545e-01 0.0000e+00
608 0.0000e+00 0.0000e+00 1.7234e-04 6.5223e-05 1.7234e-04 1.9556e-01 0.0000e+00
609 0.0000e+00 0.0000e+00 1.7177e-04 5.8952e-05 1.7177e-04 1.9567e-01 0.0000e+00
610 0.0000e+00 0.0000e+00 1.7116e-04 5.3307e-05 1.7116e-04 1.9579e-01 0.0000e+00
611 0.0000e+00 0.0000e+00 1.7053e-04 4.8222e-05 1.7053e-04 1.9591e-01 0.0000e+00
612 0.0000e+00 0.0000e+00 1.6988e-04 4.3640e-05 1.6988e-04 1.9604e-01 0.0000e+00
613 0.0000e+00 0.0000e+00 1.6921e-04 3.9508e-05 1.6921e-04 1.9617e-01 0.0000e+00
614 0.0000e+00 0.0000e+00 1.6853e-04 3.5781e-05 1.6853e-04 1.9630e-01 0.0000e+00
615 0.0000e+00 0.0000e+00 1.6783e-04 3.2418e-05 1.6783e-04 1.9643e-01 0.0000e+00
616 0.0000e+00 0.0000e+00 1.6712e-04 2.9380e-05 1.6712e-04 1.9657e-01 0.0000e+00
617 0.0000e+00 0.0000e+00 1.6641e-04 2.6637e-05 1.6641e-04 1.9671e-01 0.0000e+00
618 0.0000e+00 0.0000e+00 1.6568e-04 2.4158e-05 1.6568e-04 1.9685e-01 0.0000e+00
619 0.0000e+00 0.0000e+00 1.6495e-04 2.1916e-05 1.6495e-04 1.9700e-01 0.0000e+00
620 0.0000e+00 0.0000e+00 1.6421e-04 1.9889e-05 1.6421e-04 1.9714e-01 0.0000e+00
621 0.0000e+00 1.4200e-05 1.6347e-04 1.8055e-05 1.6347e-04 1.9729e-01 0.0000e+00
622 0.0000e+00 2.7500e-05 1.6273e-04 1.6396e-05 1.6273e-04 1.9743e-01 0.0000e+00
623 0.0000e+00 3.8900e-05 1.6199e-04 1.4893e-05 1.6199e-04 1.9758e-01 0.0000e+00
624 1.0000e-03 4.7600e-05 1.6125e-04 1.3532e-05 1.6125e-04 1.9773e-01 0.0000e+00
625 1.0000e-03 5.2700e-05 1.6183e-04 2.0725e-05 1.6051e-04 1.9787e-01 1.3209e-06
626 3.0000e-03 5.5000e-05 2.1016e-04 3.3918e-04 1.5981e-04 1.9769e-01 5.0352e-05
627 2.0000e-03 5.2700e-05 1.9393e-04 4.9741e-04 1.6070e-04 1.9735e-01 3.3229e-05
628 1.5000e-03 4.7600e-05 1.8713e-04 5.8804e-04 1.6240e-04 1.9693e-01 2.4726e-05
629 3.5000e-03 3.8900e-05 2.2356e-04 8.9187e-04 1.6458e-04 1.9620e-01 5.8982e-05
630 4.0000e-03 2.7500e-05 2.3603e-04 1.2104e-03 1.6836e-04 1.9516e-01 6.7672e-05
631 5.0000e-03 1.3300e-05 2.5889e-04 1.6065e-03 1.7393e-04 1.9372e-01 8.4951e-05
632 0.0000e+00 0.0000e+00 1.8190e-04 1.4040e-03 1.8190e-04 1.9250e-01 0.0000e+00
633 0.0000e+00 0.0000e+00 1.8898e-04 1.2498e-03 1.8898e-04 1.9144e-01 0.0000e+00
634 1.0000e-03 0.0000e+00 2.1221e-04 1.2275e-03 1.9535e-04 1.9041e-01 1.6857e-05
635 2.5000e-03 0.0000e+00 2.4446e-04 1.3763e-03 2.0175e-04 1.8923e-01 4.2711e-05
636 3.5000e-03 0.0000e+00 2.7058e-04 1.6148e-03 2.0930e-04 1.8783e-01 6.1286e-05
637 3.0000e-03 0.0000e+00 2.7465e-04 1.7615e-03 2.1869e-04 1.8629e-01 5.5961e-05
638 0.0000e+00 0.0000e+00 2.2950e-04 1.5531e-03 2.2950e-04 1.8496e-01 0.0000e+00
639 5.0000e-04 0.0000e+00 2.4967e-04 1.4411e-03 2.3919e-04 1.8376e-01 1.0481e-05
640 0.0000e+00 0.0000e+00 2.4834e-04 1.2828e-03 2.4834e-04 1.8273e-01 0.0000e+00
641 5.0000e-04 0.0000e+00 2.6698e-04 1.2021e-03 2.5650e-04 1.8178e-01 1.0481e-05
642 0.0000e+00 0.0000e+00 2.6419e-04 1.0697e-03 2.6419e-04 1.8097e-01 0.0000e+00
643 5.0000e-04 0.0000e+00 2.8141e-04 1.0127e-03 2.7093e-04 1.8023e-01 1.0481e-05
644 0.0000e+00 0.0000e+00 2.7728e-04 9.0032e-04 2.7728e-04 1.7961e-01 0.0000e+00
645 0.0000e+00 1.6900e-05 2.8273e-04 8.0238e-04 2.8273e-04 1.7909e-01 0.0000e+00
646 0.0000e+00 3.2600e-05 2.8736e-04 7.1549e-04 2.8736e-04 1.7866e-01 0.0000e+00
647 0.0000e+00 4.6100e-05 2.9123e-04 6.3824e-04 2.9123e-04 1.7832e-01 0.0000e+00
648 0.0000e+00 5.6400e-05 2.9441e-04 5.6952e-04 2.9441e-04 1.7804e-01 0.0000e+00
649 0.0000e+00 6.2400e-05 2.9695e-04 5.0837e-04 2.9695e-04 1.7783e-01 0.0000e+00
650 0.0000e+00 6.5200e-05 2.9892e-04 4.5394e-04 2.9892e-04 1.7767e-01 0.0000e+00
651 0.0000e+00 6.2400e-05 3.0037e-04 4.0547e-04 3.0037e-04 1.7757e-01 0.0000e+00
652 0.0000e+00 5.6400e-05 3.0136e-04 3.6231e-04 3.0136e-04 1.7751e-01 0.0000e+00
653 0.0000e+00 4.6100e-05 3.0193e-04 3.2387e-04 3.0193e-04 1.7749e-01 0.0000e+00
654 0.0000e+00 3.2600e-05 3.0214e-04 2.8962e-04 3.0214e-04 1.7750e-01 0.0000e+00
655 0.0000e+00 1.5800e-05 3.0202e-04 2.5910e-04 3.0202e-04 1.7754e-01 0.0000e+00
656 0.0000e+00 0.0000e+00 3.0162e-04 2.3189e-04 3.0162e-04 1.7761e-01 0.0000e+00
657 0.0000e+00 0.0000e+00 3.0096e-04 2.0762e-04 3.0096e-04 1.7770e-01 0.0000e+00
658 0.0000e+00 0.0000e+00 3.0008e-04 1.8598e-04 3.0008e-04 1.7782e-01 0.0000e+00
659 0.0000e+00 0.0000e+00 2.9901e-04 1.6666e-04 2.9901e-04 1.7795e-01 0.0000e+00
660 0.0000e+00 0.0000e+00 2.9778e-04 1.4942e-04 2.9778e-04 1.7810e-01 0.0000e+00
661 0.0000e+00 0.0000e+00 2.9640e-04 1.3401e-04 2.9640e-04 1.7826e-01 0.0000e+00
662 0.0000e+00 0.0000e+00 2.9490e-04 1.2025e-04 2.9490e-04 1.7844e-01 0.0000e+00
663 0.0000e+00 0.0000e+00 2.9330e-04 1.0795e-04 2.9330e-04 1.7862e-01 0.0000e+00
664 0.0000e+00 0.0000e+00 2.9160e-04 9.6948e-05 2.9160e-04 1.7882e-01 0.0000e+00
665 0.0000e+00 0.0000e+00 2.8984e-04 8.7106e-05 2.8984e-04 1.7902e-01 0.0000e+00
666 5.0000e-04 0.0000e+00 2.8820e-04 7.9402e-05 2.8800e-04 1.7923e-01 1.9434e-07
667 0.0000e+00 0.0000e+00 2.8613e-04 7.1324e-05 2.8613e-04 1.7944e-01 0.0000e+00
668 5.0000e-04 0.0000e+00 2.9470e-04 1.2366e-04 2.8422e-04 1.7960e-01 1.0481e-05
669 5.0000e-04 1.5300e-05 2.9328e-04 1.6656e-04 2.8280e-04 1.7972e-01 1.0481e-05
670 0.0000e+00 2.9500e-05 2.8177e-04 1.4415e-04 2.8177e-04 1.7986e-01 0.0000e+00
671 1.0000e-03 4.1700e-05 3.0059e-04 2.4043e-04 2.8056e-04 1.7990e-01 2.0023e-05
672 0.0000e+00 5.1100e-05 2.8021e-04 2.0678e-04 2.8021e-04 1.7997e-01 0.0000e+00
673 0.0000e+00 5.6500e-05 2.7957e-04 1.8169e-04 2.7957e-04 1.8007e-01 0.0000e+00
674 0.0000e+00 5.9000e-05 2.7871e-04 1.6042e-04 2.7871e-04 1.8019e-01 0.0000e+00
675 5.0000e-04 5.6500e-05 2.8381e-04 1.7663e-04 2.7769e-04 1.8029e-01 6.1215e-06
676 5.0000e-04 5.1100e-05 2.8611e-04 2.0731e-04 2.7681e-04 1.8036e-01 9.2967e-06
677 0.0000e+00 4.1700e-05 2.7621e-04 1.8073e-04 2.7621e-04 1.8045e-01 0.0000e+00
678 0.0000e+00 2.9500e-05 2.7539e-04 1.5955e-04 2.7539e-04 1.8057e-01 0.0000e+00
679 1.0000e-03 1.4300e-05 2.9279e-04 2.4499e-04 2.7439e-04 1.8060e-01 1.8401e-05
680 1.0000e-03 0.0000e+00 2.9480e-04 3.2823e-04 2.7414e-04 1.8054e-01 2.0662e-05
681 0.0000e+00 0.0000e+00 2.7460e-04 2.8370e-04 2.7460e-04 1.8053e-01 0.0000e+00
682 0.0000e+00 0.0000e+00 2.7468e-04 2.4942e-04 2.7468e-04 1.8056e-01 0.0000e+00
683 0.0000e+00 0.0000e+00 2.7446e-04 2.2022e-04 2.7446e-04 1.8061e-01 0.0000e+00
684 0.0000e+00 0.0000e+00 2.7400e-04 1.9496e-04 2.7400e-04 1.8069e-01 0.0000e+00
685 0.0000e+00 0.0000e+00 2.7332e-04 1.7294e-04 2.7332e-04 1.8079e-01 0.0000e+00
686 0.0000e+00 0.0000e+00 2.7247e-04 1.5365e-04 2.7247e-04 1.8091e-01 0.0000e+00
687 0.0000e+00 0.0000e+00 2.7146e-04 1.3670e-04 2.7146e-04 1.8105e-01 0.0000e+00
688 0.0000e+00 0.0000e+00 2.7032e-04 1.2176e-04 2.7032e-04 1.8120e-01 0.0000e+00
689 0.0000e+00 0.0000e+00 2.6907e-04 1.0856e-04 2.6907e-04 1.8136e-01 0.0000e+00
690 0.0000e+00 0.0000e+00 2.6772e-04 9.6892e-05 2.6772e-04 1.8153e-01 0.0000e+00
691 0.0000e+00 0.0000e+00 2.6629e-04 8.6552e-05 2.6629e-04 1.8171e-01 0.0000e+00
692 0.0000e+00 0.0000e+00 2.6480e-04 7.7378e-05 2.6480e-04 1.8189e-01 0.0000e+00
693 0.0000e+00 5.6100e-05 2.6326e-04 6.9231e-05 2.6326e-04 1.8209e-01 0.0000e+00
694 0.0000e+00 1.0830e-04 2.6166e-04 6.1986e-05 2.6166e-04 1.8229e-01 0.0000e+00
695 0.0000e+00 1.5320e-04 2.6004e-04 5.5538e-05 2.6004e-04 1.8249e-01 0.0000e+00
696 0.0000e+00 1.8770e-04 2.5838e-04 4.9793e-05 2.5838e-04 1.8270e-01 0.0000e+00
697 0.0000e+00 2.0760e-04 2.5670e-04 4.4670e-05 2.5670e-04 1.8291e-01 0.0000e+00
698 0.0000e+00 2.1680e-04 2.5501e-04 4.0099e-05 2.5501e-04 1.8313e-01 0.0000e+00
699 0.0000e+00 2.0760e-04 2.5330e-04 3.6016e-05 2.5330e-04 1.8335e-01 0.0000e+00
700 5.0000e-04 1.8770e-04 2.5159e-04 3.2367e-05 2.5159e-04 1.8356e-01 0.0000e+00
701 0.0000e+00 1.5320e-04 2.4987e-04 2.9103e-05 2.4987e-04 1.8379e-01 0.0000e+00
702 0.0000e+00 1.0830e-04 2.4815e-04 2.6182e-05 2.4815e-04 1.8401e-01 0.0000e+00
703 0.0000e+00 5.2400e-05 2.4643e-04 2.3566e-05 2.4643e-04 1.8423e-01 0.0000e+00
704 0.0000e+00 0.0000e+00 2.4472e-04 2.1221e-05 2.4472e-04 1.8445e-01 0.0000e+00
705 0.0000e+00 0.0000e+00 2.4302e-04 1.9119e-05 2.4302e-04 1.8468e-01 0.0000e+00
706 0.0000e+00 0.0000e+00 2.4133e-04 1.7233e-05 2.4133e-04 1.8490e-01 0.0000e+00
707 0.0000e+00 0.0000e+00 2.3964e-04 1.5540e-05 2.3964e-04 1.8513e-01 0.0000e+00
708 0.0000e+00 0.0000e+00 2.3797e-04 1.4019e-05 2.3797e-04 1.8535e-01 0.0000e+00
709 0.0000e+00 0.0000e+00 2.3631e-04 1.2652e-05 2.3631e-04 1.8557e-01 0.0000e+00
710 0.0000e+00 0.0000e+00 2.3466e-04 1.1424e-05 2.3466e-04 1.8580e-01 0.0000e+00
711 0.0000e+00 0.0000e+00 2.3303e-04 1.0318e-05 2.3303e-04 1.8602e-01 0.0000e+00
712 0.0000e+00 0.0000e+00 2.3142e-04 9.3235e-06 2.3142e-04 1.8624e-01 0.0000e+00
713 0.0000e+00 0.0000e+00 2.2982e-04 8.4279e-06 2.2982e-04 1.8646e-01 0.0000e+00
714 0.0000e+00 0.0000e+00 2.2823e-04 7.6209e-06 2.2823e-04 1.8668e-01 0.0000e+00
715 0.0000e+00 0.0000e+00 2.2666e-04 6.8939e-06 2.2666e-04 1.8690e-01 0.0000e+00
716 0.0000e+00 0.0000e+00 2.2511e-04 6.2384e-06 2.2511e-04 1.8712e-01 0.0000e+00
717 0.0000e+00 8.5600e-05 2.2358e-04 5.6472e-06 2.2358e-04 1.8734e-01 0.0000e+00
718 0.0000e+00 1.6520e-04 2.2206e-04 5.1138e-06 2.2206e-04 1.8756e-01 0.0000e+00
719 0.0000e+00 2.3380e-04 2.2056e-04 4.6322e-06 2.2056e-04 1.8777e-01 0.0000e+00
720 0.0000e+00 2.8620e-04 2.1908e-04 4.1974e-06 2.1908e-04 1.8799e-01 0.0000e+00
721 0.0000e+00 3.1670e-04 2.1761e-04 3.8046e-06 2.1761e-04 1.8820e-01 0.0000e+00
722 0.0000e+00 3.3060e-04 2.1616e-04 3.4496e-06 2.1616e-04 1.8841e-01 0.0000e+00
723 0.0000e+00 3.1670e-04 2.1473e-04 3.1284e-06 2.1473e-04 1.8863e-01 0.0000e+00
724 0.0000e+00 2.8620e-04 2.1331e-04 2.8383e-06 2.1331e-04 1.8884e-01 0.0000e+00
725 0.0000e+00 2.3380e-04 2.1192e-04 2.5758e-06 2.1192e-04 1.8905e-01 0.0000e+00
726 0.0000e+00 1.6520e-04 2.1053e-04 2.3382e-06 2.1053e-04 1.8925e-01 0.0000e+00
727 0.0000e+00 8.0000e-05 2.0917e-04 2.1232e-06 2.0917e-04 1.8946e-01 0.0000e+00
728 0.0000e+00 0.0000e+00 2.0782e-04 1.9284e-06 2.0782e-04 1.8967e-01 0.0000e+00
729 0.0000e+00 0.0000e+00 2.0649e-04 1.7520e-06 2.0649e-04 1.8987e-01 0.0000e+00
730 0.0000e+00 0.0000e+00 2.0517e-04 1.5922e-06 2.0517e-04 1.9007e-01 0.0000e+00
731 0.0000e+00 0.0000e+00 2.0387e-04 1.4473e-06 2.0387e-04 1.9028e-01 0.0000e+00
732 0.0000e+00 0.0000e+00 2.0258e-04 1.3156e-06 2.0258e-04 1.9048e-01 0.0000e+00
733 0.0000e+00 0.0000e+00 2.0131e-04 1.1965e-06 2.0131e-04 1.9068e-01 0.0000e+00
734 0.0000e+00 0.0000e+00 2.0006e-04 1.0885e-06 2.0006e-04 1.9088e-01 0.0000e+00
735 0.0000e+00 0.0000e+00 1.9882e-04 9.9043e-07 1.9882e-04 1.9108e-01 0.0000e+00
736 0.0000e+00 0.0000e+00 1.9759e-04 9.0143e-07 1.9759e-04 1.9127e-01 0.0000e+00
737 0.0000e+00 0.0000e+00 1.9638e-04 8.2063e-07 1.9638e-04 1.9147e-01 0.0000e+00
738 0.0000e+00 0.0000e+00 1.9519e-04 7.4725e-07 1.9519e-04 1.9166e-01 0.0000e+00
739 0.0000e+00 0.0000e+00 1.9400e-04 6.8058e-07 1.9400e-04 1.9186e-01 0.0000e+00
740 0.0000e+00 0.0000e+00 1.9283e-04 6.2000e-07 1.9283e-04 1.9205e-01 0.0000e+00
741 0.0000e+00 7.4700e-05 1.9168e-04 5.6445e-07 1.9168e-04 1.9224e-01 0.0000e+00
742 0.0000e+00 1.4410e-04 1.9054e-04 5.1446e-07 1.9054e-04 1.9243e-01 0.0000e+00
743 0.0000e+00 2.0380e-04 1.8941e-04 4.6899e-07 1.8941e-04 1.9262e-01 0.0000e+00
744 0.0000e+00 2.4960e-04 1.8830e-04 4.2764e-07 1.8830e-04 1.9281e-01 0.0000e+00
745 0.0000e+00 2.7610e-04 1.8719e-04 3.9001e-07 1.8719e-04 1.9299e-01 0.0000e+00
746 0.0000e+00 2.8830e-04 1.8610e-04 3.5576e-07 1.8610e-04 1.9318e-01 0.0000e+00
747 0.0000e+00 2.7610e-04 1.8503e-04 3.2459e-07 1.8503e-04 1.9336e-01 0.0000e+00
748 0.0000e+00 2.4960e-04 1.8396e-04 2.9621e-07 1.8396e-04 1.9355e-01 0.0000e+00
749 0.0000e+00 2.0380e-04 1.8291e-04 2.7036e-07 1.8291e-04 1.9373e-01 0.0000e+00
750 0.0000e+00 1.4410e-04 1.8187e-04 2.4614e-07 1.8187e-04 1.9391e-01 0.0000e+00
751 0.0000e+00 6.9800e-05 1.8084e-04 2.2478e-07 1.8084e-04 1.9409e-01 0.0000e+00
752 0.0000e+00 0.0000e+00 1.7982e-04 2.0530e-07 1.7982e-04 1.9427e-01 0.0000e+00
753 0.0000e+00 0.0000e+00 1.7881e-04 1.8755e-07 1.7881e-04 1.9445e-01 0.0000e+00
754 0.0000e+00 0.0000e+00 1.7782e-04 1.7136e-07 1.7782e-04 1.9463e-01 0.0000e+00
755 0.0000e+00 0.0000e+00 1.7683e-04 1.5660e-07 1.7683e-04 1.9480e-01 0.0000e+00
756 0.0000e+00 0.0000e+00 1.7586e-04 1.4314e-07 1.7586e-04 1.9498e-01 0.0000e+00
757 0.0000e+00 0.0000e+00 1.7490e-04 1.3085e-07 1.7490e-04 1.9515e-01 0.0000e+00
758 0.0000e+00 0.0000e+00 1.7394e-04 1.1964e-07 1.7394e-04 1.9533e-01 0.0000e+00
759 0.0000e+00 0.0000e+00 1.7300e-04 1.0852e-07 1.7300e-04 1.9550e-01 0.0000e+00
760 0.0000e+00 0.0000e+00 1.7207e-04 9.9283e-08 1.7207e-04 1.9567e-01 0.0000e+00
761 0.0000e+00 0.0000e+00 1.7115e-04 9.0847e-08 1.7115e-04 1.9584e-01 0.0000e+00
762 0.0000e+00 0.0000e+00 1.7024e-04 8.3141e-08 1.7024e-04 1.9601e-01 0.0000e+00
763 0.0000e+00 0.0000e+00 1.6933e-04 7.6101e-08 1.6933e-04 1.9618e-01 0.0000e+00
764 0.0000e+00 0.0000e+00 1.6844e-04 6.9667e-08 1.6844e-04 1.9635e-01 0.0000e+00
765 0.0000e+00 9.6700e-05 1.6756e-04 6.3786e-08 1.6756e-04 1.9652e-01 0.0000e+00
766 0.0000e+00 1.8660e-04 1.6668e-04 5.8410e-08 1.6668e-04 1.9669e-01 0.0000e+00
767 0.0000e+00 2.6400e-04 1.6582e-04 5.3496e-08 1.6582e-04 1.9685e-01 0.0000e+00
768 0.0000e+00 3.2330e-04 1.6496e-04 4.7740e-08 1.6496e-04 1.9702e-01 0.0000e+00
769 0.0000e+00 3.5770e-04 1.6411e-04 4.3764e-08 1.6411e-04 1.9718e-01 0.0000e+00
770 0.0000e+00 3.7350e-04 1.6327e-04 4.0124e-08 1.6327e-04 1.9734e-01 0.0000e+00
771 0.0000e+00 3.5770e-04 1.6244e-04 3.6792e-08 1.6244e-04 1.9751e-01 0.0000e+00
772 0.0000e+00 3.2330e-04 1.6162e-04 3.3741e-08 1.6162e-04 1.9767e-01 0.0000e+00
773 0.0000e+00 2.6400e-04 1.6080e-04 3.0946e-08 1.6080e-04 1.9783e-01 0.0000e+00
774 0.0000e+00 1.8660e-04 1.6000e-04 2.8387e-08 1.6000e-04 1.9799e-01 0.0000e+00
775 0.0000e+00 9.0400e-05 1.5920e-04 2.6042e-08 1.5920e-04 1.9815e-01 0.0000e+00
776 0.0000e+00 0.0000e+00 1.5841e-04 2.3894e-08 1.5841e-04 1.9831e-01 0.0000e+00
777 0.0000e+00 0.0000e+00 1.5763e-04 2.0334e-08 1.5763e-04 1.9846e-01 0.0000e+00
778 0.0000e+00 0.0000e+00 1.5685e-04 1.8685e-08 1.5685e-04 1.9862e-01 0.0000e+00
779 0.0000e+00 0.0000e+00 1.5609e-04 1.7172e-08 1.5609e-04 1.9878e-01 0.0000e+00
780 0.0000e+00 0.0000e+00 1.5533e-04 1.5783e-08 1.5533e-04 1.9893e-01 0.0000e+00
781 0.0000e+00 0.0000e+00 1.5458e-04 1.4507e-08 1.5458e-04 1.9909e-01 0.0000e+00
782 0.0000e+00 0.0000e+00 1.5383e-04 1.3336e-08 1.5383e-04 1.9924e-01 0.0000e+00
783 0.0000e+00 0.0000e+00 1.5309e-04 1.2261e-08 1.5309e-04 1.9939e-01 0.0000e+00
784 0.0000e+00 0.0000e+00 1.5236e-04 1.1273e-08 1.5236e-04 1.9955e-01 0.0000e+00
785 0.0000e+00 0.0000e+00 1.5164e-04 1.0366e-08 1.5164e-04 1.9970e-01 0.0000e+00
786 0.0000e+00 0.0000e+00 1.5092e-04 9.5329e-09 1.5092e-04 1.9985e-01 0.0000e+00
787 0.0000e+00 0.0000e+00 1.5021e-04 7.3874e-09 1.5021e-04 2.0000e-01 0.0000e+00
788 0.0000e+00 0.0000e+00 1.4951e-04 6.8079e-09 1.4951e-04 2.0015e-01 0.0000e+00
789 0.0000e+00 1.2590e-04 1.4881e-04 6.2743e-09 1.4881e-04 2.0030e-01 0.0000e+00
790 0.0000e+00 2.4290e-04 1.4812e-04 5.7830e-09 1.4812e-04 2.0045e-01 0.0000e+00
791 0.0000e+00 3.4370e-04 1.4744e-04 5.3305e-09 1.4744e-04 2.0059e-01 0.0000e+00
792 0.0000e+00 4.2090e-04 1.4676e-04 4.9138e-09 1.4676e-04 2.0074e-01 0.0000e+00
793 0.0000e+00 4.6560e-04 1.4609e-04 4.5300e-09 1.4609e-04 2.0089e-01 0.0000e+00
794 0.0000e+00 4.8620e-04 1.4542e-04 4.1765e-09 1.4542e-04 2.0103e-01 0.0000e+00
795 0.0000e+00 4.6560e-04 1.4476e-04 3.8509e-09 1.4476e-04 2.0118e-01 0.0000e+00
796 0.0000e+00 4.2090e-04 1.4411e-04 2.4441e-09 1.4411e-04 2.0132e-01 0.0000e+00
797 0.0000e+00 3.4370e-04 1.4346e-04 2.2597e-09 1.4346e-04 2.0146e-01 0.0000e+00
798 0.0000e+00 2.4290e-04 1.4282e-04 2.0893e-09 1.4282e-04 2.0161e-01 0.0000e+00
799 0.0000e+00 1.1760e-04 1.4218e-04 1.9319e-09 1.4218e-04 2.0175e-01 0.0000e+00
800 0.0000e+00 0.0000e+00 1.4155e-04 1.7864e-09 1.4155e-04 2.0189e-01 0.0000e+00
801 0.0000e+00 0.0000e+00 1.4093e-04 1.6520e-09 1.4093e-04 2.0203e-01 0.0000e+00
802 0.0000e+00 0.0000e+00 1.4031e-04 1.5278e-09 1.4031e-04 2.0217e-01 0.0000e+00
803 0.0000e+00 0.0000e+00 1.3970e-04 1.4130e-09 1.3970e-04 2.0231e-01 0.0000e+00
804 0.0000e+00 0.0000e+00 1.3909e-04 1.3069e-09 1.3909e-04 2.0245e-01 0.0000e+00
805 0.0000e+00 0.0000e+00 1.3848e-04 1.2088e-09 1.3848e-04 2.0259e-01 0.0000e+00
806 0.0000e+00 0.0000e+00 1.3789e-04 5.0988e-10 1.3789e-04 2.0273e-01 0.0000e+00
807 0.0000e+00 0.0000e+00 1.3729e-04 4.7319e-10 1.3729e-04 2.0286e-01 0.0000e+00
808 0.0000e+00 0.0000e+00 1.3671e-04 4.3915e-10 1.3671e-04 2.0300e-01 0.0000e+00
809 0.0000e+00 0.0000e+00 1.3612e-04 4.0758e-10 1.3612e-04 2.0314e-01 0.0000e+00
810 0.0000e+00 0.0000e+00 1.3555e-04 3.7830e-10 1.3555e-04 2.0327e-01 0.0000e+00
811 0.0000e+00 0.0000e+00 1.3497e-04 3.5114e-10 1.3497e-04 2.0341e-01 0.0000e+00
812 0.0000e+00 0.0000e+00 1.3440e-04 3.2594e-10 1.3440e-04 2.0354e-01 0.0000e+00
813 0.0000e+00 3.0400e-05 1.3384e-04 3.0256e-10 1.3384e-04 2.0368e-01 0.0000e+00
814 0.0000e+00 5.8700e-05 1.3328e-04 2.8087e-10 1.3328e-04 2.0381e-01 0.0000e+00
815 0.0000e+00 8.3100e-05 1.3273e-04 6.1573e-11 1.3273e-04 2.0394e-01 0.0000e+00
816 0.0000e+00 1.0180e-04 1.3218e-04 5.7352e-11 1.3218e-04 2.0407e-01 0.0000e+00
817 0.0000e+00 1.1260e-04 1.3163e-04 5.3422e-11 1.3163e-04 2.0420e-01 0.0000e+00
818 0.0000e+00 1.1760e-04 1.3109e-04 4.9764e-11 1.3109e-04 2.0434e-01 0.0000e+00
819 0.0000e+00 1.1260e-04 1.3056e-04 4.6357e-11 1.3056e-04 2.0447e-01 0.0000e+00
820 0.0000e+00 1.0180e-04 1.3003e-04 4.3186e-11 1.3003e-04 2.0460e-01 0.0000e+00
821 0.0000e+00 8.3100e-05 1.2950e-04 4.0232e-11 1.2950e-04 2.0473e-01 0.0000e+00
822 0.0000e+00 5.8700e-05 1.2898e-04 3.7482e-11 1.2898e-04 2.0485e-01 0.0000e+00
823 0.0000e+00 2.8400e-05 1.2846e-04 3.4921e-11 1.2846e-04 2.0498e-01 0.0000e+00
824 0.0000e+00 0.0000e+00 1.2794e-04 3.2536e-11 1.2794e-04 2.0511e-01 0.0000e+00
825 0.0000e+00 0.0000e+00 1.2743e-04 0.0000e+00 1.2743e-04 2.0524e-01 0.0000e+00
826 0.0000e+00 0.0000e+00 1.2693e-04 0.0000e+00 1.2693e-04 2.0537e-01 0.0000e+00
827 0.0000e+00 0.0000e+00 1.2642e-04 0.0000e+00 1.2642e-04 2.0549e-01 0.0000e+00
828 0.0000e+00 0.0000e+00 1.2592e-04 0.0000e+00 1.2592e-04 2.0562e-01 0.0000e+00
829 0.0000e+00 0.0000e+00 1.2543e-04 0.0000e+00 1.2543e-04 2.0574e-01 0.0000e+00
830 0.0000e+00 0.0000e+00 1.2494e-04 0.0000e+00 1.2494e-04 2.0587e-01 0.0000e+00
831 0.0000e+00 0.0000e+00 1.2445e-04 0.0000e+00 1.2445e-04 2.0599e-01 0.0000e+00
832 0.0000e+00 0.0000e+00 1.2397e-04 0.0000e+00 1.2397e-04 2.0612e-01 0.0000e+00
833 0.0000e+00 0.0000e+00 1.2349e-04 0.0000e+00 1.2349e-04 2.0624e-01 0.0000e+00
834 0.0000e+00 0.0000e+00 1.2301e-04 0.0000e+00 1.2301e-04 2.0636e-01 0.0000e+00
835 0.0000e+00 0.0000e+00 1.2254e-04 0.0000e+00 1.2254e-04 2.0649e-01 0.0000e+00
836 0.0000e+00 0.0000e+00 1.2207e-04 0.0000e+00 1.2207e-04 2.0661e-01 0.0000e+00
837 0.0000e+00 6.6100e-05 1.2161e-04 0.0000e+00 1.2161e-04 2.0673e-01 0.0000e+00
838 0.0000e+00 1.2750e-04 1.2115e-04 0.0000e+00 1.2115e-04 2.0685e-01 0.0000e+00
839 0.0000e+00 1.8040e-04 1.2069e-04 0.0000e+00 1.2069e-04 2.0697e-01 0.0000e+00
840 0.0000e+00 2.2090e-04 1.2024e-04 0.0000e+00 1.2024e-04 2.0709e-01 0.0000e+00
841 0.0000e+00 2.4430e-04 1.1979e-04 0.0000e+00 1.1979e-04 2.0721e-01 0.0000e+00
842 0.0000e+00 2.5510e-04 1.1934e-04 0.0000e+00 1.1934e-04 2.0733e-01 0.0000e+00
843 0.0000e+00 2.4430e-04 1.1889e-04 0.0000e+00 1.1889e-04 2.0745e-01 0.0000e+00
844 0.0000e+00 2.2090e-04 1.1845e-04 0.0000e+00 1.1845e-04 2.0757e-01 0.0000e+00
845 0.0000e+00 1.8040e-04 1.1801e-04 0.0000e+00 1.1801e-04 2.0769e-01 0.0000e+00
846 0.0000e+00 1.2750e-04 1.1758e-04 0.0000e+00 1.1758e-04 2.0780e-01 0.0000e+00
847 0.0000e+00 6.1700e-05 1.1715e-04 0.0000e+00 1.1715e-04 2.0792e-01 0.0000e+00
848 0.0000e+00 0.0000e+00 1.1672e-04 0.0000e+00 1.1672e-04 2.0804e-01 0.0000e+00
849 0.0000e+00 0.0000e+00 1.1630e-04 0.0000e+00 1.1630e-04 2.0815e-01 0.0000e+00
850 0.0000e+00 0.0000e+00 1.1587e-04 0.0000e+00 1.1587e-04 2.0827e-01 0.0000e+00
851 0.0000e+00 0.0000e+00 1.1546e-04 0.0000e+00 1.1546e-04 2.0839e-01 0.0000e+00
852 0.0000e+00 0.0000e+00 1.1504e-04 0.0000e+00 1.1504e-04 2.0850e-01 0.0000e+00
853 0.0000e+00 0.0000e+00 1.1463e-04 0.0000e+00 1.1463e-04 2.0861e-01 0.0000e+00
854 0.0000e+00 0.0000e+00 1.1422e-04 0.0000e+00 1.1422e-04 2.0873e-01 0.0000e+00
855 0.0000e+00 0.0000e+00 1.1381e-04 0.0000e+00 1.1381e-04 2.0884e-01 0.0000e+00
856 0.0000e+00 0.0000e+00 1.1341e-04 0.0000e+00 1.1341e-04 2.0896e-01 0.0000e+00
857 0.0000e+00 0.0000e+00 1.1300e-04 0.0000e+00 1.1300e-04 2.0907e-01 0.0000e+00
858 0.0000e+00 0.0000e+00 1.1261e-04 0.0000e+00 1.1261e-04 2.0918e-01 0.0000e+00
859 0.0000e+00 0.0000e+00 1.1221e-04 0.0000e+00 1.1221e-04 2.0929e-01 0.0000e+00
860 0.0000e+00 0.0000e+00 1.1182e-04 0.0000e+00 1.1182e-04 2.0941e-01 0.0000e+00
861 0.0000e+00 9.7600e-05 1.1143e-04 0.0000e+00 1.1143e-04 2.0952e-01 0.0000e+00
862 0.0000e+00 1.8830e-04 1.1104e-04 0.0000e+00 1.1104e-04 2.0963e-01 0.0000e+00
863 0.0000e+00 2.6650e-04 1.1066e-04 0.0000e+00 1.1066e-04 2.0974e-01 0.0000e+00
864 0.0000e+00 3.2630e-04 1.1027e-04 0.0000e+00 1.1027e-04 2.0985e-01 0.0000e+00
865 0.0000e+00 3.6100e-04 1.0989e-04 0.0000e+00 1.0989e-04 2.0996e-01 0.0000e+00
866 0.0000e+00 3.7690e-04 1.0952e-04 0.0000e+00 1.0952e-04 2.1007e-01 0.0000e+00
867 0.0000e+00 3.6100e-04 1.0914e-04 0.0000e+00 1.0914e-04 2.1018e-01 0.0000e+00
868 0.0000e+00 3.2630e-04 1.0877e-04 0.0000e+00 1.0877e-04 2.1029e-01 0.0000e+00
869 0.0000e+00 2.6650e-04 1.0840e-04 0.0000e+00 1.0840e-04 2.1040e-01 0.0000e+00
870 0.0000e+00 1.8830e-04 1.0804e-04 0.0000e+00 1.0804e-04 2.1050e-01 0.0000e+00
871 0.0000e+00 9.1200e-05 1.0767e-04 0.0000e+00 1.0767e-04 2.1061e-01 0.0000e+00
872 0.0000e+00 0.0000e+00 1.0731e-04 0.0000e+00 1.0731e-04 2.1072e-01 0.0000e+00
873 0.0000e+00 0.0000e+00 1.0695e-04 0.0000e+00 1.0695e-04 2.1083e-01 0.0000e+00
874 0.0000e+00 0.0000e+00 1.0659e-04 0.0000e+00 1.0659e-04 2.1093e-01 0.0000e+00
875 0.0000e+00 0.0000e+00 1.0624e-04 0.0000e+00 1.0624e-04 2.1104e-01 0.0000e+00
876 0.0000e+00 0.0000e+00 1.0589e-04 0.0000e+00 1.0589e-04 2.1114e-01 0.0000e+00
877 0.0000e+00 0.0000e+00 1.0554e-04 0.0000e+00 1.0554e-04 2.1125e-01 0.0000e+00
878 0.0000e+00 0.0000e+00 1.0519e-04 0.0000e+00 1.0519e-04 2.1135e-01 0.0000e+00
879 0.0000e+00 0.0000e+00 1.0485e-04 0.0000e+00 1.0485e-04 2.1146e-01 0.0000e+00
880 0.0000e+00 0.0000e+00 1.0450e-04 0.0000e+00 1.0450e-04 2.1156e-01 0.0000e+00
881 0.0000e+00 0.0000e+00 1.0416e-04 0.0000e+00 1.0416e-04 2.1167e-01 0.0000e+00
882 0.0000e+00 0.0000e+00 1.0382e-04 0.0000e+00 1.0382e-04 2.1177e-01 0.0000e+00
883 0.0000e+00 0.0000e+00 1.0349e-04 0.0000e+00 1.0349e-04 2.1188e-01 0.0000e+00
884 0.0000e+00 0.0000e+00 1.0315e-04 0.0000e+00 1.0315e-04 2.1198e-01 0.0000e+00
885 0.0000e+00 6.4300e-05 1.0282e-04 0.0000e+00 1.0282e-04 2.1208e-01 0.0000e+00
886 0.0000e+00 1.2410e-04 1.0249e-04 0.0000e+00 1.0249e-04 2.1218e-01 0.0000e+00
887 0.0000e+00 1.7560e-04 1.0216e-04 0.0000e+00 1.0216e-04 2.1229e-01 0.0000e+00
888 0.0000e+00 2.1500e-04 1.0184e-04 0.0000e+00 1.0184e-04 2.1239e-01 0.0000e+00
889 0.0000e+00 2.3790e-04 1.0151e-04 0.0000e+00 1.0151e-04 2.1249e-01 0.0000e+00
890 0.0000e+00 2.4840e-04 1.0119e-04 0.0000e+00 1.0119e-04 2.1259e-01 0.0000e+00
891 0.0000e+00 2.3790e-04 1.0087e-04 0.0000e+00 1.0087e-04 2.1269e-01 0.0000e+00
892 0.0000e+00 2.1500e-04 1.0056e-04 0.0000e+00 1.0056e-04 2.1279e-01 0.0000e+00
893 0.0000e+00 1.7560e-04 1.0024e-04 0.0000e+00 1.0024e-04 2.1289e-01 0.0000e+00
894 0.0000e+00 1.2410e-04 9.9926e-05 0.0000e+00 9.9926e-05 2.1299e-01 0.0000e+00
895 0.0000e+00 6.0100e-05 9.9615e-05 0.0000e+00 9.9615e-05 2.1309e-01 0.0000e+00
896 0.0000e+00 0.0000e+00 9.9305e-05 0.0000e+00 9.9305e-05 2.1319e-01 0.0000e+00
897 0.0000e+00 0.0000e+00 9.8998e-05 0.0000e+00 9.8998e-05 2.1329e-01 0.0000e+00
898 0.0000e+00 0.0000e+00 9.8692e-05 0.0000e+00 9.8692e-05 2.1339e-01 0.0000e+00
899 0.0000e+00 0.0000e+00 9.8388e-05 0.0000e+00 9.8388e-05 2.1349e-01 0.0000e+00
900 0.0000e+00 0.0000e+00 9.8086e-05 0.0000e+00 9.8086e-05 2.1359e-01 0.0000e+00
901 0.0000e+00 0.0000e+00 9.7786e-05 0.0000e+00 9.7786e-05 2.1368e-01 0.0000e+00
902 0.0000e+00 0.0000e+00 9.7487e-05 0.0000e+00 9.7487e-05 2.1378e-01 0.0000e+00
903 0.0000e+00 0.0000e+00 9.7191e-05 0.0000e+00 9.7191e-05 2.1388e-01 0.0000e+00
904 0.0000e+00 0.0000e+00 9.6896e-05 0.0000e+00 9.6896e-05 2.1397e-01 0.0000e+00
905 0.0000e+00 0.0000e+00 9.6603e-05 0.0000e+00 9.6603e-05 2.1407e-01 0.0000e+00
906 0.0000e+00 0.0000e+00 9.6312e-05 0.0000e+00 9.6312e-05 2.1417e-01 0.0000e+00
907 0.0000e+00 0.0000e+00 9.6022e-05 0.0000e+00 9.6022e-05 2.1426e-01 0.0000e+00
908 0.0000e+00 0.0000e+00 9.5735e-05 0.0000e+00 9.5735e-05 2.1436e-01 0.0000e+00
909 0.0000e+00 8.0200e-05 9.5449e-05 0.0000e+00 9.5449e-05 2.1445e-01 0.0000e+00
910 0.0000e+00 1.5480e-04 9.5164e-05 0.0000e+00 9.5164e-05 2.1455e-01 0.0000e+00
911 0.0000e+00 2.1910e-04 9.4882e-05 0.0000e+00 9.4882e-05 2.1464e-01 0.0000e+00
912 0.0000e+00 2.6830e-04 9.4601e-05 0.0000e+00 9.4601e-05 2.1474e-01 0.0000e+00
913 0.0000e+00 2.9680e-04 9.4322e-05 0.0000e+00 9.4322e-05 2.1483e-01 0.0000e+00
914 0.0000e+00 3.0990e-04 9.4044e-05 0.0000e+00 9.4044e-05 2.1493e-01 0.0000e+00
915 0.0000e+00 2.9680e-04 9.3768e-05 0.0000e+00 9.3768e-05 2.1502e-01 0.0000e+00
916 0.0000e+00 2.6830e-04 9.3494e-05 0.0000e+00 9.3494e-05 2.1511e-01 0.0000e+00
917 0.0000e+00 2.1910e-04 9.3221e-05 0.0000e+00 9.3221e-05 2.1521e-01 0.0000e+00
918 0.0000e+00 1.5480e-04 9.2950e-05 0.0000e+00 9.2950e-05 2.1530e-01 0.0000e+00
919 0.0000e+00 7.5000e-05 9.2680e-05 0.0000e+00 9.2680e-05 2.1539e-01 0.0000e+00
920 0.0000e+00 0.0000e+00 9.2412e-05 0.0000e+00 9.2412e-05 2.1549e-01 0.0000e+00
921 0.0000e+00 0.0000e+00 9.2146e-05 0.0000e+00 9.2146e-05 2.1558e-01 0.0000e+00
922 0.0000e+00 0.0000e+00 9.1881e-05 0.0000e+00 9.1881e-05 2.1567e-01 0.0000e+00
923 0.0000e+00 0.0000e+00 9.1617e-05 0.0000e+00 9.1617e-05 2.1576e-01 0.0000e+00
924 0.0000e+00 0.0000e+00 9.1355e-05 0.0000e+00 9.1355e-05 2.1585e-01 0.0000e+00
925 0.0000e+00 0.0000e+00 9.1095e-05 0.0000e+00 9.1095e-05 2.1594e-01 0.0000e+00
926 0.0000e+00 0.0000e+00 9.0836e-05 0.0000e+00 9.0836e-05 2.1604e-01 0.0000e+00
927 0.0000e+00 0.0000e+00 9.0578e-05 0.0000e+00 9.0578e-05 2.1613e-01 0.0000e+00
928 0.0000e+00 0.0000e+00 9.0322e-05 0.0000e+00 9.0322e-05 2.1622e-01 0.0000e+00
929 0.0000e+00 0.0000e+00 9.0068e-05 0.0000e+00 9.0068e-05 2.1631e-01 0.0000e+00
930 0.0000e+00 0.0000e+00 8.9815e-05 0.0000e+00 8.9815e-05 2.1640e-01 0.0000e+00
931 0.0000e+00 0.0000e+00 8.9563e-05 0.0000e+00 8.9563e-05 2.1649e-01 0.0000e+00
932 0.0000e+00 0.0000e+00 8.9313e-05 0.0000e+00 8.9313e-05 2.1657e-01 0.0000e+00
933 0.0000e+00 9.6000e-05 8.9064e-05 0.0000e+00 8.9064e-05 2.1666e-01 0.0000e+00
934 0.0000e+00 1.8520e-04 8.8816e-05 0.0000e+00 8.8816e-05 2.1675e-01 0.0000e+00
935 0.0000e+00 2.6210e-04 8.8570e-05 0.0000e+00 8.8570e-05 2.1684e-01 0.0000e+00
936 0.0000e+00 3.2090e-04 8.8325e-05 0.0000e+00 8.8325e-05 2.1693e-01 0.0000e+00
937 0.0000e+00 3.5500e-04 8.8082e-05 0.0000e+00 8.8082e-05 2.1702e-01 0.0000e+00
938 0.0000e+00 3.7070e-04 8.7840e-05 0.0000e+00 8.7840e-05 2.1711e-01 0.0000e+00
939 0.0000e+00 3.5500e-04 8.7599e-05 0.0000e+00 8.7599e-05 2.1719e-01 0.0000e+00
940 0.0000e+00 3.2090e-04 8.7359e-05 0.0000e+00 8.7359e-05 2.1728e-01 0.0000e+00
941 0.0000e+00 2.6210e-04 8.7121e-05 0.0000e+00 8.7121e-05 2.1737e-01 0.0000e+00
942 0.0000e+00 1.8520e-04 8.6884e-05 0.0000e+00 8.6884e-05 2.1745e-01 0.0000e+00
943 0.0000e+00 8.9700e-05 8.6649e-05 0.0000e+00 8.6649e-05 2.1754e-01 0.0000e+00
944 0.0000e+00 0.0000e+00 8.6414e-05 0.0000e+00 8.6414e-05 2.1763e-01 0.0000e+00
945 0.0000e+00 0.0000e+00 8.6181e-05 0.0000e+00 8.6181e-05 2.1771e-01 0.0000e+00
946 0.0000e+00 0.0000e+00 8.5950e-05 0.0000e+00 8.5950e-05 2.1780e-01 0.0000e+00
947 0.0000e+00 0.0000e+00 8.5719e-05 0.0000e+00 8.5719e-05 2.1789e-01 0.0000e+00
948 0.0000e+00 0.0000e+00 8.5490e-05 0.0000e+00 8.5490e-05 2.1797e-01 0.0000e+00
949 0.0000e+00 0.0000e+00 8.5262e-05 0.0000e+00 8.5262e-05 2.1806e-01 0.0000e+00
950 0.0000e+00 0.0000e+00 8.5035e-05 0.0000e+00 8.5035e-05 2.1814e-01 0.0000e+00
Objective function values:
F1 1.165082e-06    NSE 0.79972   F2 2.468041e-02
Mean Obs Q 1.590065e-04   Variance Obs Q 6.123405e-09
    Error Variance 1.226402e-09

Water Balance for Subcatchment: Extracted study basin: Taegu Pyungkwang River

   SUMP       SUMAE      SUMQ       SUMRZ      SUMUZ      SBAR        BAL
1.890e-01  4.654e-02  1.296e-01  1.971e-02  0.000e+00  2.181e-01  1.424e-04
