Taegu Pyungkwang River Catchment: Calibration Data

Subcatchment : Extracted study basin: cat-11119

TL =     7.61
SUMAC =     1.00
SZQ =       0.07373
Subcatchment routing data:
Maximum Routing Delay       0.69444
Sum of Histogram ordinates:     1.0000
     1.00000 
Initial BAL             -0.24897
Initial SBAR             0.24697
Initial SR0              0.00200
it      p        ep       q(it)       quz      q       sbar       qof
1 0.0000e+00 6.1900e-05 3.2800e-05 0.0000e+00 3.2800e-05 2.4700e-01 0.0000e+00
2 0.0000e+00 6.4700e-05 3.2766e-05 0.0000e+00 3.2766e-05 2.4703e-01 0.0000e+00
3 1.0000e-03 6.1900e-05 3.2733e-05 0.0000e+00 3.2733e-05 2.4707e-01 0.0000e+00
4 1.0000e-03 5.6000e-05 3.2699e-05 0.0000e+00 3.2699e-05 2.4710e-01 0.0000e+00
5 1.0000e-03 4.5700e-05 4.0567e-05 6.9520e-05 3.2666e-05 2.4706e-01 7.9014e-06
6 5.0000e-04 3.2300e-05 3.6999e-05 9.9994e-05 3.2704e-05 2.4700e-01 4.2955e-06
7 5.0000e-04 1.5600e-05 3.7280e-05 1.2954e-04 3.2772e-05 2.4690e-01 4.5079e-06
8 0.0000e+00 0.0000e+00 3.2872e-05 1.1335e-04 3.2872e-05 2.4682e-01 0.0000e+00
9 5.0000e-04 0.0000e+00 3.8291e-05 1.4597e-04 3.2955e-05 2.4671e-01 5.3360e-06
10 5.0000e-04 0.0000e+00 3.8998e-05 1.7419e-04 3.3071e-05 2.4656e-01 5.9272e-06
11 0.0000e+00 0.0000e+00 3.3217e-05 1.5480e-04 3.3217e-05 2.4644e-01 0.0000e+00
12 0.0000e+00 0.0000e+00 3.3344e-05 1.3981e-04 3.3344e-05 2.4634e-01 0.0000e+00
13 1.0000e-03 0.0000e+00 4.6204e-05 2.1612e-04 3.3455e-05 2.4615e-01 1.2749e-05
14 5.0000e-04 0.0000e+00 4.0021e-05 2.3625e-04 3.3646e-05 2.4595e-01 6.3745e-06
15 5.0000e-04 0.0000e+00 4.0235e-05 2.5612e-04 3.3860e-05 2.4573e-01 6.3745e-06
16 1.0000e-03 0.0000e+00 4.6845e-05 3.1925e-04 3.4096e-05 2.4544e-01 1.2749e-05
17 0.0000e+00 0.0000e+00 3.4401e-05 2.8430e-04 3.4401e-05 2.4519e-01 0.0000e+00
18 0.0000e+00 0.0000e+00 3.4671e-05 2.5718e-04 3.4671e-05 2.4497e-01 0.0000e+00
19 0.0000e+00 0.0000e+00 3.4913e-05 2.3328e-04 3.4913e-05 2.4477e-01 0.0000e+00
20 0.0000e+00 0.0000e+00 3.5130e-05 2.1199e-04 3.5130e-05 2.4460e-01 0.0000e+00
21 0.0000e+00 1.8000e-05 3.5325e-05 1.9293e-04 3.5325e-05 2.4444e-01 0.0000e+00
22 0.0000e+00 3.4800e-05 3.5499e-05 1.7578e-04 3.5499e-05 2.4430e-01 0.0000e+00
23 0.0000e+00 4.9200e-05 3.5655e-05 1.6030e-04 3.5655e-05 2.4417e-01 0.0000e+00
24 3.0000e-03 6.0200e-05 7.2742e-05 4.0897e-04 3.5794e-05 2.4380e-01 3.6947e-05
25 2.0000e-03 6.6600e-05 6.0945e-05 5.3307e-04 3.6214e-05 2.4330e-01 2.4731e-05
26 5.5000e-03 6.9600e-05 1.0605e-04 9.6684e-04 3.6781e-05 2.4237e-01 6.9270e-05
27 6.0000e-03 6.6600e-05 1.1347e-04 1.3910e-03 3.7865e-05 2.4102e-01 7.5607e-05
28 1.0000e-03 6.0200e-05 5.1401e-05 1.3154e-03 3.9501e-05 2.3974e-01 1.1900e-05
29 2.5000e-03 4.9200e-05 7.2213e-05 1.4099e-03 4.1108e-05 2.3838e-01 3.1105e-05
30 0.0000e+00 3.4800e-05 4.2904e-05 1.2642e-03 4.2904e-05 2.3715e-01 0.0000e+00
31 0.0000e+00 1.6800e-05 4.4573e-05 1.1447e-03 4.4573e-05 2.3605e-01 0.0000e+00
32 1.0000e-03 0.0000e+00 5.7597e-05 1.1237e-03 4.6132e-05 2.3498e-01 1.1465e-05
33 5.0000e-04 0.0000e+00 5.4087e-05 1.0631e-03 4.7712e-05 2.3396e-01 6.3745e-06
34 0.0000e+00 0.0000e+00 4.9251e-05 9.6210e-04 4.9251e-05 2.3305e-01 0.0000e+00
35 0.0000e+00 0.0000e+00 5.0676e-05 8.7369e-04 5.0676e-05 2.3222e-01 0.0000e+00
36 0.0000e+00 0.0000e+00 5.1996e-05 7.9412e-04 5.1996e-05 2.3148e-01 0.0000e+00
37 0.0000e+00 0.0000e+00 5.3216e-05 7.2223e-04 5.3216e-05 2.3081e-01 0.0000e+00
38 0.0000e+00 0.0000e+00 5.4340e-05 6.5714e-04 5.4340e-05 2.3021e-01 0.0000e+00
39 0.0000e+00 0.0000e+00 5.5374e-05 5.9813e-04 5.5374e-05 2.2967e-01 0.0000e+00
40 0.0000e+00 0.0000e+00 5.6321e-05 5.4460e-04 5.6321e-05 2.2918e-01 0.0000e+00
41 0.0000e+00 0.0000e+00 5.7187e-05 4.9600e-04 5.7187e-05 2.2874e-01 0.0000e+00
42 0.0000e+00 0.0000e+00 5.7976e-05 4.5186e-04 5.7976e-05 2.2835e-01 0.0000e+00
43 0.0000e+00 0.0000e+00 5.8694e-05 4.1177e-04 5.8694e-05 2.2799e-01 0.0000e+00
44 0.0000e+00 0.0000e+00 5.9346e-05 3.7532e-04 5.9346e-05 2.2768e-01 0.0000e+00
45 0.0000e+00 3.3800e-05 5.9935e-05 3.4220e-04 5.9935e-05 2.2740e-01 0.0000e+00
46 1.0000e-03 6.5200e-05 7.2784e-05 4.0916e-04 6.0466e-05 2.2705e-01 1.2318e-05
47 0.0000e+00 9.2300e-05 6.1128e-05 3.6421e-04 6.1128e-05 2.2674e-01 0.0000e+00
48 5.0000e-04 1.1300e-04 6.6078e-05 3.6467e-04 6.1710e-05 2.2644e-01 4.3681e-06
49 0.0000e+00 1.2500e-04 6.2297e-05 3.2810e-04 6.2297e-05 2.2618e-01 0.0000e+00
50 1.0000e-03 1.3050e-04 7.2598e-05 3.7479e-04 6.2816e-05 2.2586e-01 9.7817e-06
51 2.5000e-03 1.2500e-04 1.0141e-04 5.6641e-04 6.3432e-05 2.2536e-01 3.7983e-05
52 3.0000e-03 1.1300e-04 1.1257e-04 7.7957e-04 6.4437e-05 2.2465e-01 4.8131e-05
53 2.5000e-03 9.2300e-05 1.0585e-04 9.2119e-04 6.5893e-05 2.2379e-01 3.9961e-05
54 3.0000e-03 6.5200e-05 1.1636e-04 1.1022e-03 6.7678e-05 2.2276e-01 4.8679e-05
55 2.5000e-03 3.1600e-05 1.1066e-04 1.2167e-03 6.9902e-05 2.2161e-01 4.0762e-05
56 2.0000e-03 0.0000e+00 1.0541e-04 1.2767e-03 7.2452e-05 2.2040e-01 3.2954e-05
57 1.0000e-03 0.0000e+00 9.1972e-05 1.2367e-03 7.5231e-05 2.1924e-01 1.6741e-05
58 1.0000e-03 0.0000e+00 9.4753e-05 1.2071e-03 7.8011e-05 2.1811e-01 1.6741e-05
59 0.0000e+00 0.0000e+00 8.0813e-05 1.0793e-03 8.0813e-05 2.1712e-01 0.0000e+00
60 5.0000e-04 0.0000e+00 9.1745e-05 1.0225e-03 8.3375e-05 2.1618e-01 8.3706e-06
61 5.0000e-04 0.0000e+00 9.4228e-05 9.6975e-04 8.5858e-05 2.1529e-01 8.3706e-06
62 0.0000e+00 0.0000e+00 8.8262e-05 8.7019e-04 8.8262e-05 2.1451e-01 0.0000e+00
63 0.0000e+00 0.0000e+00 9.0446e-05 7.8400e-04 9.0446e-05 2.1382e-01 0.0000e+00
64 0.0000e+00 0.0000e+00 9.2427e-05 7.0712e-04 9.2427e-05 2.1320e-01 0.0000e+00
65 0.0000e+00 0.0000e+00 9.4220e-05 6.3828e-04 9.4220e-05 2.1266e-01 0.0000e+00
66 0.0000e+00 0.0000e+00 9.5835e-05 5.7649e-04 9.5835e-05 2.1218e-01 0.0000e+00
67 0.0000e+00 0.0000e+00 9.7286e-05 5.2095e-04 9.7286e-05 2.1175e-01 0.0000e+00
68 0.0000e+00 0.0000e+00 9.8582e-05 4.7098e-04 9.8582e-05 2.1138e-01 0.0000e+00
69 0.0000e+00 4.1400e-05 9.9736e-05 4.2599e-04 9.9736e-05 2.1106e-01 0.0000e+00
70 0.0000e+00 7.9800e-05 1.0076e-04 3.8545e-04 1.0076e-04 2.1077e-01 0.0000e+00
71 0.0000e+00 1.1290e-04 1.0166e-04 3.4891e-04 1.0166e-04 2.1052e-01 0.0000e+00
72 0.0000e+00 1.3830e-04 1.0245e-04 3.1595e-04 1.0245e-04 2.1031e-01 0.0000e+00
73 0.0000e+00 1.5300e-04 1.0313e-04 2.8621e-04 1.0313e-04 2.1013e-01 0.0000e+00
74 0.0000e+00 1.5980e-04 1.0372e-04 2.5936e-04 1.0372e-04 2.0997e-01 0.0000e+00
75 0.0000e+00 1.5300e-04 1.0423e-04 2.3511e-04 1.0423e-04 2.0984e-01 0.0000e+00
76 0.0000e+00 1.3830e-04 1.0466e-04 2.1321e-04 1.0466e-04 2.0973e-01 0.0000e+00
77 0.0000e+00 1.1290e-04 1.0501e-04 1.9342e-04 1.0501e-04 2.0964e-01 0.0000e+00
78 0.0000e+00 7.9800e-05 1.0530e-04 1.7552e-04 1.0530e-04 2.0957e-01 0.0000e+00
79 0.0000e+00 3.8700e-05 1.0554e-04 1.5933e-04 1.0554e-04 2.0952e-01 0.0000e+00
80 0.0000e+00 0.0000e+00 1.0571e-04 1.4469e-04 1.0571e-04 2.0948e-01 0.0000e+00
81 0.0000e+00 0.0000e+00 1.0584e-04 1.3143e-04 1.0584e-04 2.0945e-01 0.0000e+00
82 0.0000e+00 0.0000e+00 1.0593e-04 1.1943e-04 1.0593e-04 2.0944e-01 0.0000e+00
83 0.0000e+00 0.0000e+00 1.0597e-04 1.0856e-04 1.0597e-04 2.0944e-01 0.0000e+00
84 0.0000e+00 0.0000e+00 1.0598e-04 9.8714e-05 1.0598e-04 2.0945e-01 0.0000e+00
85 0.0000e+00 0.0000e+00 1.0596e-04 8.9788e-05 1.0596e-04 2.0946e-01 0.0000e+00
86 0.0000e+00 0.0000e+00 1.0590e-04 8.1694e-05 1.0590e-04 2.0949e-01 0.0000e+00
87 0.0000e+00 0.0000e+00 1.0582e-04 7.4353e-05 1.0582e-04 2.0952e-01 0.0000e+00
88 0.0000e+00 0.0000e+00 1.0572e-04 6.7693e-05 1.0572e-04 2.0956e-01 0.0000e+00
89 0.0000e+00 0.0000e+00 1.0559e-04 6.1648e-05 1.0559e-04 2.0960e-01 0.0000e+00
90 0.0000e+00 0.0000e+00 1.0545e-04 5.6160e-05 1.0545e-04 2.0965e-01 0.0000e+00
91 0.0000e+00 0.0000e+00 1.0529e-04 5.1175e-05 1.0529e-04 2.0970e-01 0.0000e+00
92 0.0000e+00 0.0000e+00 1.0511e-04 4.6646e-05 1.0511e-04 2.0976e-01 0.0000e+00
93 0.0000e+00 1.9100e-05 1.0492e-04 4.2530e-05 1.0492e-04 2.0982e-01 0.0000e+00
94 0.0000e+00 3.6800e-05 1.0471e-04 3.8789e-05 1.0471e-04 2.0989e-01 0.0000e+00
95 0.0000e+00 5.2100e-05 1.0450e-04 3.5386e-05 1.0450e-04 2.0996e-01 0.0000e+00
96 0.0000e+00 6.3800e-05 1.0427e-04 3.2291e-05 1.0427e-04 2.1003e-01 0.0000e+00
97 5.0000e-04 7.0600e-05 1.0404e-04 2.9475e-05 1.0404e-04 2.1011e-01 0.0000e+00
98 5.0000e-04 7.3700e-05 1.0379e-04 2.6911e-05 1.0379e-04 2.1018e-01 0.0000e+00
99 0.0000e+00 7.0600e-05 1.0354e-04 2.4577e-05 1.0354e-04 2.1026e-01 0.0000e+00
100 0.0000e+00 6.3800e-05 1.0329e-04 2.2451e-05 1.0329e-04 2.1034e-01 0.0000e+00
101 0.0000e+00 5.2100e-05 1.0303e-04 2.0514e-05 1.0303e-04 2.1042e-01 0.0000e+00
102 0.0000e+00 3.6800e-05 1.0276e-04 1.8749e-05 1.0276e-04 2.1051e-01 0.0000e+00
103 0.0000e+00 1.7800e-05 1.0249e-04 1.7140e-05 1.0249e-04 2.1059e-01 0.0000e+00
104 0.0000e+00 0.0000e+00 1.0222e-04 1.5673e-05 1.0222e-04 2.1068e-01 0.0000e+00
105 0.0000e+00 0.0000e+00 1.0195e-04 1.4335e-05 1.0195e-04 2.1077e-01 0.0000e+00
106 0.0000e+00 0.0000e+00 1.0167e-04 1.3115e-05 1.0167e-04 2.1086e-01 0.0000e+00
107 0.0000e+00 0.0000e+00 1.0139e-04 1.2001e-05 1.0139e-04 2.1095e-01 0.0000e+00
108 0.0000e+00 0.0000e+00 1.0110e-04 1.0984e-05 1.0110e-04 2.1104e-01 0.0000e+00
109 0.0000e+00 0.0000e+00 1.0082e-04 1.0056e-05 1.0082e-04 2.1113e-01 0.0000e+00
110 0.0000e+00 0.0000e+00 1.0053e-04 9.2078e-06 1.0053e-04 2.1122e-01 0.0000e+00
111 5.0000e-04 0.0000e+00 1.0025e-04 8.4333e-06 1.0025e-04 2.1131e-01 0.0000e+00
112 0.0000e+00 0.0000e+00 9.9959e-05 7.7257e-06 9.9959e-05 2.1140e-01 0.0000e+00
113 0.0000e+00 0.0000e+00 9.9671e-05 7.0789e-06 9.9671e-05 2.1149e-01 0.0000e+00
114 0.0000e+00 0.0000e+00 9.9383e-05 6.4877e-06 9.9383e-05 2.1159e-01 0.0000e+00
115 0.0000e+00 0.0000e+00 9.9095e-05 5.9471e-06 9.9095e-05 2.1168e-01 0.0000e+00
116 0.0000e+00 0.0000e+00 9.8807e-05 5.4526e-06 9.8807e-05 2.1177e-01 0.0000e+00
117 0.0000e+00 1.0200e-05 9.8519e-05 5.0003e-06 9.8519e-05 2.1187e-01 0.0000e+00
118 0.0000e+00 1.9800e-05 9.8232e-05 4.5860e-06 9.8232e-05 2.1196e-01 0.0000e+00
119 0.0000e+00 2.8000e-05 9.7945e-05 4.2072e-06 9.7945e-05 2.1206e-01 0.0000e+00
120 0.0000e+00 3.4200e-05 9.7658e-05 3.8605e-06 9.7658e-05 2.1215e-01 0.0000e+00
121 0.0000e+00 3.7900e-05 9.7372e-05 3.5431e-06 9.7372e-05 2.1224e-01 0.0000e+00
122 0.0000e+00 3.9500e-05 9.7087e-05 3.2523e-06 9.7087e-05 2.1234e-01 0.0000e+00
123 0.0000e+00 3.7900e-05 9.6803e-05 2.9860e-06 9.6803e-05 2.1243e-01 0.0000e+00
124 0.0000e+00 3.4200e-05 9.6520e-05 2.7419e-06 9.6520e-05 2.1252e-01 0.0000e+00
125 0.0000e+00 2.8000e-05 9.6237e-05 2.5183e-06 9.6237e-05 2.1262e-01 0.0000e+00
126 0.0000e+00 1.9800e-05 9.5956e-05 2.3133e-06 9.5956e-05 2.1271e-01 0.0000e+00
127 0.0000e+00 9.6000e-06 9.5675e-05 2.1254e-06 9.5675e-05 2.1281e-01 0.0000e+00
128 0.0000e+00 0.0000e+00 9.5396e-05 1.9531e-06 9.5396e-05 2.1290e-01 0.0000e+00
129 0.0000e+00 0.0000e+00 9.5118e-05 1.7951e-06 9.5118e-05 2.1299e-01 0.0000e+00
130 0.0000e+00 0.0000e+00 9.4841e-05 1.6501e-06 9.4841e-05 2.1308e-01 0.0000e+00
131 0.0000e+00 0.0000e+00 9.4565e-05 1.5166e-06 9.4565e-05 2.1318e-01 0.0000e+00
132 0.0000e+00 0.0000e+00 9.4291e-05 1.3946e-06 9.4291e-05 2.1327e-01 0.0000e+00
133 0.0000e+00 0.0000e+00 9.4017e-05 1.2827e-06 9.4017e-05 2.1336e-01 0.0000e+00
134 0.0000e+00 0.0000e+00 9.3745e-05 1.1799e-06 9.3745e-05 2.1346e-01 0.0000e+00
135 0.0000e+00 0.0000e+00 9.3474e-05 1.0855e-06 9.3474e-05 2.1355e-01 0.0000e+00
136 0.0000e+00 0.0000e+00 9.3205e-05 9.9885e-07 9.3205e-05 2.1364e-01 0.0000e+00
137 0.0000e+00 0.0000e+00 9.2937e-05 9.1924e-07 9.2937e-05 2.1373e-01 0.0000e+00
138 0.0000e+00 0.0000e+00 9.2670e-05 8.4611e-07 9.2670e-05 2.1382e-01 0.0000e+00
139 0.0000e+00 0.0000e+00 9.2404e-05 7.7891e-07 9.2404e-05 2.1392e-01 0.0000e+00
140 0.0000e+00 0.0000e+00 9.2140e-05 7.1716e-07 9.2140e-05 2.1401e-01 0.0000e+00
141 5.0000e-04 4.1400e-05 9.1877e-05 6.6040e-07 9.1877e-05 2.1410e-01 0.0000e+00
142 0.0000e+00 7.9900e-05 9.1616e-05 6.0822e-07 9.1616e-05 2.1419e-01 0.0000e+00
143 0.0000e+00 1.1300e-04 9.1356e-05 5.6024e-07 9.1356e-05 2.1428e-01 0.0000e+00
144 0.0000e+00 1.3840e-04 9.1097e-05 5.1540e-07 9.1097e-05 2.1437e-01 0.0000e+00
145 0.0000e+00 1.5310e-04 9.0839e-05 4.7492e-07 9.0839e-05 2.1446e-01 0.0000e+00
146 0.0000e+00 1.5990e-04 9.0583e-05 4.3767e-07 9.0583e-05 2.1455e-01 0.0000e+00
147 0.0000e+00 1.5310e-04 9.0328e-05 4.0340e-07 9.0328e-05 2.1464e-01 0.0000e+00
148 0.0000e+00 1.3840e-04 9.0075e-05 3.7187e-07 9.0075e-05 2.1473e-01 0.0000e+00
149 0.0000e+00 1.1300e-04 8.9823e-05 3.4284e-07 8.9823e-05 2.1482e-01 0.0000e+00
150 0.0000e+00 7.9900e-05 8.9572e-05 3.1612e-07 8.9572e-05 2.1491e-01 0.0000e+00
151 0.0000e+00 3.8700e-05 8.9322e-05 2.9153e-07 8.9322e-05 2.1500e-01 0.0000e+00
152 0.0000e+00 0.0000e+00 8.9074e-05 2.6888e-07 8.9074e-05 2.1509e-01 0.0000e+00
153 0.0000e+00 0.0000e+00 8.8827e-05 2.4802e-07 8.8827e-05 2.1518e-01 0.0000e+00
154 0.0000e+00 0.0000e+00 8.8582e-05 2.2881e-07 8.8582e-05 2.1526e-01 0.0000e+00
155 0.0000e+00 0.0000e+00 8.8338e-05 2.1111e-07 8.8338e-05 2.1535e-01 0.0000e+00
156 0.0000e+00 0.0000e+00 8.8095e-05 1.9480e-07 8.8095e-05 2.1544e-01 0.0000e+00
157 0.0000e+00 0.0000e+00 8.7853e-05 1.7866e-07 8.7853e-05 2.1553e-01 0.0000e+00
158 0.0000e+00 0.0000e+00 8.7613e-05 1.6494e-07 8.7613e-05 2.1562e-01 0.0000e+00
159 0.0000e+00 0.0000e+00 8.7374e-05 1.5230e-07 8.7374e-05 2.1570e-01 0.0000e+00
160 0.0000e+00 0.0000e+00 8.7136e-05 1.4063e-07 8.7136e-05 2.1579e-01 0.0000e+00
161 0.0000e+00 0.0000e+00 8.6899e-05 1.2988e-07 8.6899e-05 2.1588e-01 0.0000e+00
162 0.0000e+00 0.0000e+00 8.6664e-05 1.1996e-07 8.6664e-05 2.1596e-01 0.0000e+00
163 0.0000e+00 0.0000e+00 8.6430e-05 1.1081e-07 8.6430e-05 2.1605e-01 0.0000e+00
164 0.0000e+00 0.0000e+00 8.6197e-05 1.0237e-07 8.6197e-05 2.1614e-01 0.0000e+00
165 0.0000e+00 1.7800e-05 8.5965e-05 9.4578e-08 8.5965e-05 2.1622e-01 0.0000e+00
166 0.0000e+00 3.4400e-05 8.5735e-05 8.7392e-08 8.5735e-05 2.1631e-01 0.0000e+00
167 0.0000e+00 4.8600e-05 8.5506e-05 8.0760e-08 8.5506e-05 2.1639e-01 0.0000e+00
168 0.0000e+00 5.9500e-05 8.5278e-05 7.4639e-08 8.5278e-05 2.1648e-01 0.0000e+00
169 0.0000e+00 6.5900e-05 8.5051e-05 6.8990e-08 8.5051e-05 2.1656e-01 0.0000e+00
170 0.0000e+00 6.8800e-05 8.4825e-05 6.2284e-08 8.4825e-05 2.1665e-01 0.0000e+00
171 0.0000e+00 6.5900e-05 8.4601e-05 5.7617e-08 8.4601e-05 2.1673e-01 0.0000e+00
172 0.0000e+00 5.9500e-05 8.4378e-05 5.3304e-08 8.4378e-05 2.1682e-01 0.0000e+00
173 0.0000e+00 4.8600e-05 8.4156e-05 4.9318e-08 8.4156e-05 2.1690e-01 0.0000e+00
174 0.0000e+00 3.4400e-05 8.3935e-05 4.5635e-08 8.3935e-05 2.1698e-01 0.0000e+00
175 0.0000e+00 1.6600e-05 8.3715e-05 4.2230e-08 8.3715e-05 2.1707e-01 0.0000e+00
176 0.0000e+00 0.0000e+00 8.3497e-05 3.9082e-08 8.3497e-05 2.1715e-01 0.0000e+00
177 0.0000e+00 0.0000e+00 8.3279e-05 3.6172e-08 8.3279e-05 2.1724e-01 0.0000e+00
178 0.0000e+00 0.0000e+00 8.3063e-05 3.3482e-08 8.3063e-05 2.1732e-01 0.0000e+00
179 0.0000e+00 0.0000e+00 8.2847e-05 3.0994e-08 8.2847e-05 2.1740e-01 0.0000e+00
180 0.0000e+00 0.0000e+00 8.2633e-05 2.8694e-08 8.2633e-05 2.1748e-01 0.0000e+00
181 0.0000e+00 0.0000e+00 8.2420e-05 2.6566e-08 8.2420e-05 2.1757e-01 0.0000e+00
182 0.0000e+00 0.0000e+00 8.2208e-05 2.4599e-08 8.2208e-05 2.1765e-01 0.0000e+00
183 0.0000e+00 0.0000e+00 8.1998e-05 2.2778e-08 8.1998e-05 2.1773e-01 0.0000e+00
184 0.0000e+00 0.0000e+00 8.1788e-05 1.9666e-08 8.1788e-05 2.1781e-01 0.0000e+00
185 0.0000e+00 0.0000e+00 8.1579e-05 1.8237e-08 8.1579e-05 2.1789e-01 0.0000e+00
186 0.0000e+00 0.0000e+00 8.1371e-05 1.6912e-08 8.1371e-05 2.1797e-01 0.0000e+00
187 0.0000e+00 0.0000e+00 8.1165e-05 1.5684e-08 8.1165e-05 2.1806e-01 0.0000e+00
188 0.0000e+00 0.0000e+00 8.0959e-05 1.4546e-08 8.0959e-05 2.1814e-01 0.0000e+00
189 0.0000e+00 4.5600e-05 8.0755e-05 1.3492e-08 8.0755e-05 2.1822e-01 0.0000e+00
190 5.0000e-04 8.7900e-05 8.0551e-05 1.2515e-08 8.0551e-05 2.1830e-01 0.0000e+00
191 0.0000e+00 1.2440e-04 8.0349e-05 1.1609e-08 8.0349e-05 2.1838e-01 0.0000e+00
192 0.0000e+00 1.5230e-04 8.0147e-05 1.0770e-08 8.0147e-05 2.1846e-01 0.0000e+00
193 0.0000e+00 1.6850e-04 7.9947e-05 9.9915e-09 7.9947e-05 2.1854e-01 0.0000e+00
194 0.0000e+00 1.7590e-04 7.9747e-05 9.2702e-09 7.9747e-05 2.1862e-01 0.0000e+00
195 0.0000e+00 1.6850e-04 7.9549e-05 8.6014e-09 7.9549e-05 2.1870e-01 0.0000e+00
196 0.0000e+00 1.5230e-04 7.9351e-05 7.9814e-09 7.9351e-05 2.1878e-01 0.0000e+00
197 0.0000e+00 1.2440e-04 7.9155e-05 6.1912e-09 7.9155e-05 2.1886e-01 0.0000e+00
198 0.0000e+00 8.7900e-05 7.8959e-05 5.7570e-09 7.8959e-05 2.1894e-01 0.0000e+00
199 0.0000e+00 4.2600e-05 7.8765e-05 5.3535e-09 7.8765e-05 2.1901e-01 0.0000e+00
200 0.0000e+00 0.0000e+00 7.8571e-05 4.9785e-09 7.8571e-05 2.1909e-01 0.0000e+00
201 0.0000e+00 0.0000e+00 7.8378e-05 4.6299e-09 7.8378e-05 2.1917e-01 0.0000e+00
202 0.0000e+00 0.0000e+00 7.8187e-05 4.3060e-09 7.8187e-05 2.1925e-01 0.0000e+00
203 0.0000e+00 0.0000e+00 7.7996e-05 4.0048e-09 7.7996e-05 2.1933e-01 0.0000e+00
204 0.0000e+00 0.0000e+00 7.7806e-05 3.7249e-09 7.7806e-05 2.1941e-01 0.0000e+00
205 0.0000e+00 0.0000e+00 7.7617e-05 3.4647e-09 7.7617e-05 2.1948e-01 0.0000e+00
206 0.0000e+00 0.0000e+00 7.7429e-05 3.2228e-09 7.7429e-05 2.1956e-01 0.0000e+00
207 0.0000e+00 0.0000e+00 7.7242e-05 2.9979e-09 7.7242e-05 2.1964e-01 0.0000e+00
208 0.0000e+00 0.0000e+00 7.7056e-05 2.7888e-09 7.7056e-05 2.1971e-01 0.0000e+00
209 0.0000e+00 0.0000e+00 7.6870e-05 2.5944e-09 7.6870e-05 2.1979e-01 0.0000e+00
210 0.0000e+00 0.0000e+00 7.6686e-05 2.4137e-09 7.6686e-05 2.1987e-01 0.0000e+00
211 0.0000e+00 0.0000e+00 7.6502e-05 1.4932e-09 7.6502e-05 2.1994e-01 0.0000e+00
212 0.0000e+00 0.0000e+00 7.6320e-05 1.3930e-09 7.6320e-05 2.2002e-01 0.0000e+00
213 0.0000e+00 4.9000e-05 7.6138e-05 1.2997e-09 7.6138e-05 2.2010e-01 0.0000e+00
214 0.0000e+00 9.4600e-05 7.5957e-05 1.2126e-09 7.5957e-05 2.2017e-01 0.0000e+00
215 0.0000e+00 1.3380e-04 7.5777e-05 1.1314e-09 7.5777e-05 2.2025e-01 0.0000e+00
216 0.0000e+00 1.6380e-04 7.5598e-05 1.0556e-09 7.5598e-05 2.2032e-01 0.0000e+00
217 0.0000e+00 1.8130e-04 7.5419e-05 9.8500e-10 7.5419e-05 2.2040e-01 0.0000e+00
218 0.0000e+00 1.8920e-04 7.5242e-05 9.1910e-10 7.5242e-05 2.2047e-01 0.0000e+00
219 0.0000e+00 1.8130e-04 7.5065e-05 8.5764e-10 7.5065e-05 2.2055e-01 0.0000e+00
220 0.0000e+00 1.6380e-04 7.4889e-05 8.0032e-10 7.4889e-05 2.2062e-01 0.0000e+00
221 0.0000e+00 1.3380e-04 7.4714e-05 7.4684e-10 7.4714e-05 2.2070e-01 0.0000e+00
222 0.0000e+00 9.4600e-05 7.4540e-05 6.9695e-10 7.4540e-05 2.2077e-01 0.0000e+00
223 0.0000e+00 4.5800e-05 7.4366e-05 6.5042e-10 7.4366e-05 2.2085e-01 0.0000e+00
224 0.0000e+00 0.0000e+00 7.4194e-05 2.5667e-10 7.4194e-05 2.2092e-01 0.0000e+00
225 0.0000e+00 0.0000e+00 7.4022e-05 2.4033e-10 7.4022e-05 2.2100e-01 0.0000e+00
226 0.0000e+00 0.0000e+00 7.3851e-05 2.2503e-10 7.3851e-05 2.2107e-01 0.0000e+00
227 0.0000e+00 0.0000e+00 7.3681e-05 2.1071e-10 7.3681e-05 2.2114e-01 0.0000e+00
228 0.0000e+00 0.0000e+00 7.3511e-05 1.9731e-10 7.3511e-05 2.2122e-01 0.0000e+00
229 0.0000e+00 0.0000e+00 7.3343e-05 1.8476e-10 7.3343e-05 2.2129e-01 0.0000e+00
230 0.0000e+00 0.0000e+00 7.3175e-05 1.7301e-10 7.3175e-05 2.2136e-01 0.0000e+00
231 0.0000e+00 0.0000e+00 7.3008e-05 1.6201e-10 7.3008e-05 2.2144e-01 0.0000e+00
232 0.0000e+00 0.0000e+00 7.2841e-05 1.5172e-10 7.2841e-05 2.2151e-01 0.0000e+00
233 0.0000e+00 0.0000e+00 7.2676e-05 1.4208e-10 7.2676e-05 2.2158e-01 0.0000e+00
234 0.0000e+00 0.0000e+00 7.2511e-05 1.3306e-10 7.2511e-05 2.2166e-01 0.0000e+00
235 0.0000e+00 0.0000e+00 7.2347e-05 1.2461e-10 7.2347e-05 2.2173e-01 0.0000e+00
236 0.0000e+00 0.0000e+00 7.2183e-05 1.1670e-10 7.2183e-05 2.2180e-01 0.0000e+00
237 0.0000e+00 5.1700e-05 7.2021e-05 1.0929e-10 7.2021e-05 2.2187e-01 0.0000e+00
238 0.0000e+00 9.9800e-05 7.1859e-05 1.6411e-11 7.1859e-05 2.2194e-01 0.0000e+00
239 0.0000e+00 1.4120e-04 7.1698e-05 1.5425e-11 7.1698e-05 2.2202e-01 0.0000e+00
240 0.0000e+00 1.7290e-04 7.1537e-05 1.4500e-11 7.1537e-05 2.2209e-01 0.0000e+00
241 5.0000e-04 1.9130e-04 7.1377e-05 1.3630e-11 7.1377e-05 2.2216e-01 0.0000e+00
242 1.0000e-03 1.9970e-04 7.1218e-05 1.2812e-11 7.1218e-05 2.2223e-01 0.0000e+00
243 0.0000e+00 1.9130e-04 7.1060e-05 1.2044e-11 7.1060e-05 2.2230e-01 0.0000e+00
244 0.0000e+00 1.7290e-04 7.0902e-05 1.1322e-11 7.0902e-05 2.2237e-01 0.0000e+00
245 0.0000e+00 1.4120e-04 7.0745e-05 1.0643e-11 7.0745e-05 2.2244e-01 0.0000e+00
246 0.0000e+00 9.9800e-05 7.0589e-05 1.0005e-11 7.0589e-05 2.2251e-01 0.0000e+00
247 0.0000e+00 4.8300e-05 7.0434e-05 9.4057e-12 7.0434e-05 2.2258e-01 0.0000e+00
248 0.0000e+00 0.0000e+00 7.0279e-05 8.8422e-12 7.0279e-05 2.2265e-01 0.0000e+00
249 0.0000e+00 0.0000e+00 7.0125e-05 8.3127e-12 7.0125e-05 2.2272e-01 0.0000e+00
250 0.0000e+00 0.0000e+00 6.9971e-05 7.8149e-12 6.9971e-05 2.2279e-01 0.0000e+00
251 0.0000e+00 0.0000e+00 6.9818e-05 7.3470e-12 6.9818e-05 2.2286e-01 0.0000e+00
252 0.0000e+00 0.0000e+00 6.9666e-05 0.0000e+00 6.9666e-05 2.2293e-01 0.0000e+00
253 1.0000e-03 0.0000e+00 6.9515e-05 0.0000e+00 6.9515e-05 2.2300e-01 0.0000e+00
254 0.0000e+00 0.0000e+00 6.9364e-05 0.0000e+00 6.9364e-05 2.2307e-01 0.0000e+00
255 0.0000e+00 0.0000e+00 6.9214e-05 0.0000e+00 6.9214e-05 2.2314e-01 0.0000e+00
256 0.0000e+00 0.0000e+00 6.9064e-05 0.0000e+00 6.9064e-05 2.2321e-01 0.0000e+00
257 0.0000e+00 0.0000e+00 6.8915e-05 0.0000e+00 6.8915e-05 2.2328e-01 0.0000e+00
258 0.0000e+00 0.0000e+00 6.8767e-05 0.0000e+00 6.8767e-05 2.2335e-01 0.0000e+00
259 0.0000e+00 0.0000e+00 6.8619e-05 0.0000e+00 6.8619e-05 2.2342e-01 0.0000e+00
260 0.0000e+00 0.0000e+00 6.8472e-05 0.0000e+00 6.8472e-05 2.2349e-01 0.0000e+00
261 0.0000e+00 7.5200e-05 6.8326e-05 0.0000e+00 6.8326e-05 2.2355e-01 0.0000e+00
262 1.0000e-03 1.4510e-04 6.8180e-05 0.0000e+00 6.8180e-05 2.2362e-01 0.0000e+00
263 0.0000e+00 2.0520e-04 6.8035e-05 0.0000e+00 6.8035e-05 2.2369e-01 0.0000e+00
264 0.0000e+00 2.5130e-04 6.7891e-05 0.0000e+00 6.7891e-05 2.2376e-01 0.0000e+00
265 0.0000e+00 2.7800e-04 6.7747e-05 0.0000e+00 6.7747e-05 2.2383e-01 0.0000e+00
266 0.0000e+00 2.9030e-04 6.7603e-05 0.0000e+00 6.7603e-05 2.2389e-01 0.0000e+00
267 0.0000e+00 2.7800e-04 6.7461e-05 0.0000e+00 6.7461e-05 2.2396e-01 0.0000e+00
268 0.0000e+00 2.5130e-04 6.7319e-05 0.0000e+00 6.7319e-05 2.2403e-01 0.0000e+00
269 0.0000e+00 2.0520e-04 6.7177e-05 0.0000e+00 6.7177e-05 2.2409e-01 0.0000e+00
270 0.0000e+00 1.4510e-04 6.7036e-05 0.0000e+00 6.7036e-05 2.2416e-01 0.0000e+00
271 0.0000e+00 7.0200e-05 6.6896e-05 0.0000e+00 6.6896e-05 2.2423e-01 0.0000e+00
272 0.0000e+00 0.0000e+00 6.6756e-05 0.0000e+00 6.6756e-05 2.2430e-01 0.0000e+00
273 0.0000e+00 0.0000e+00 6.6617e-05 0.0000e+00 6.6617e-05 2.2436e-01 0.0000e+00
274 0.0000e+00 0.0000e+00 6.6479e-05 0.0000e+00 6.6479e-05 2.2443e-01 0.0000e+00
275 0.0000e+00 0.0000e+00 6.6341e-05 0.0000e+00 6.6341e-05 2.2449e-01 0.0000e+00
276 0.0000e+00 0.0000e+00 6.6203e-05 0.0000e+00 6.6203e-05 2.2456e-01 0.0000e+00
277 0.0000e+00 0.0000e+00 6.6066e-05 0.0000e+00 6.6066e-05 2.2463e-01 0.0000e+00
278 0.0000e+00 0.0000e+00 6.5930e-05 0.0000e+00 6.5930e-05 2.2469e-01 0.0000e+00
279 0.0000e+00 0.0000e+00 6.5795e-05 0.0000e+00 6.5795e-05 2.2476e-01 0.0000e+00
280 0.0000e+00 0.0000e+00 6.5659e-05 0.0000e+00 6.5659e-05 2.2482e-01 0.0000e+00
281 0.0000e+00 0.0000e+00 6.5525e-05 0.0000e+00 6.5525e-05 2.2489e-01 0.0000e+00
282 0.0000e+00 0.0000e+00 6.5391e-05 0.0000e+00 6.5391e-05 2.2496e-01 0.0000e+00
283 1.0000e-03 0.0000e+00 6.5257e-05 0.0000e+00 6.5257e-05 2.2502e-01 0.0000e+00
284 5.0000e-04 0.0000e+00 6.5124e-05 0.0000e+00 6.5124e-05 2.2509e-01 0.0000e+00
285 2.5000e-03 2.4400e-05 6.7678e-05 1.5765e-05 6.4992e-05 2.2514e-01 2.6865e-06
286 6.0000e-03 4.7000e-05 1.6493e-04 6.0007e-04 6.4892e-05 2.2460e-01 1.0004e-04
287 4.0000e-03 6.6500e-05 1.3216e-04 8.9611e-04 6.5986e-05 2.2377e-01 6.6178e-05
288 1.5000e-03 8.1400e-05 9.1719e-05 9.1923e-04 6.7721e-05 2.2292e-01 2.3999e-05
289 0.0000e+00 9.0100e-05 6.9547e-05 8.1153e-04 6.9547e-05 2.2218e-01 0.0000e+00
290 0.0000e+00 9.4000e-05 7.1178e-05 7.2484e-04 7.1178e-05 2.2152e-01 0.0000e+00
291 5.0000e-04 9.0100e-05 7.6581e-05 6.7303e-04 7.2647e-05 2.2092e-01 3.9337e-06
292 0.0000e+00 8.1400e-05 7.4023e-05 6.0296e-04 7.4023e-05 2.2039e-01 0.0000e+00
293 0.0000e+00 6.6500e-05 7.5257e-05 5.4212e-04 7.5257e-05 2.1993e-01 0.0000e+00
294 1.5000e-03 4.7000e-05 9.7496e-05 6.1629e-04 7.6363e-05 2.1939e-01 2.1134e-05
295 1.0000e-03 2.2800e-05 9.3617e-05 6.4417e-04 7.7662e-05 2.1882e-01 1.5954e-05
296 0.0000e+00 0.0000e+00 7.9049e-05 5.7276e-04 7.9049e-05 2.1833e-01 0.0000e+00
297 0.0000e+00 0.0000e+00 8.0278e-05 5.1437e-04 8.0278e-05 2.1789e-01 0.0000e+00
298 0.0000e+00 0.0000e+00 8.1375e-05 4.6293e-04 8.1375e-05 2.1751e-01 0.0000e+00
299 0.0000e+00 0.0000e+00 8.2351e-05 4.1726e-04 8.2351e-05 2.1718e-01 0.0000e+00
300 0.0000e+00 0.0000e+00 8.3217e-05 3.7653e-04 8.3217e-05 2.1688e-01 0.0000e+00
301 0.0000e+00 0.0000e+00 8.3983e-05 3.4010e-04 8.3983e-05 2.1663e-01 0.0000e+00
302 0.0000e+00 0.0000e+00 8.4658e-05 3.0743e-04 8.4658e-05 2.1640e-01 0.0000e+00
303 0.0000e+00 0.0000e+00 8.5250e-05 2.7809e-04 8.5250e-05 2.1621e-01 0.0000e+00
304 0.0000e+00 0.0000e+00 8.5765e-05 2.5171e-04 8.5765e-05 2.1604e-01 0.0000e+00
305 0.0000e+00 0.0000e+00 8.6211e-05 2.2796e-04 8.6211e-05 2.1590e-01 0.0000e+00
306 0.0000e+00 0.0000e+00 8.6594e-05 2.0656e-04 8.6594e-05 2.1578e-01 0.0000e+00
307 0.0000e+00 0.0000e+00 8.6919e-05 1.8726e-04 8.6919e-05 2.1568e-01 0.0000e+00
308 0.0000e+00 0.0000e+00 8.7192e-05 1.6985e-04 8.7192e-05 2.1560e-01 0.0000e+00
309 0.0000e+00 2.8800e-05 8.7417e-05 1.5413e-04 8.7417e-05 2.1553e-01 0.0000e+00
310 5.0000e-04 5.5500e-05 9.5107e-05 1.8674e-04 8.7600e-05 2.1543e-01 7.5070e-06
311 0.0000e+00 7.8500e-05 8.7872e-05 1.6568e-04 8.7872e-05 2.1536e-01 0.0000e+00
312 0.0000e+00 9.6200e-05 8.8086e-05 1.4930e-04 8.8086e-05 2.1530e-01 0.0000e+00
313 0.0000e+00 1.0640e-04 8.8254e-05 1.3487e-04 8.8254e-05 2.1525e-01 0.0000e+00
314 0.0000e+00 1.1110e-04 8.8383e-05 1.2204e-04 8.8383e-05 2.1521e-01 0.0000e+00
315 0.0000e+00 1.0640e-04 8.8476e-05 1.1055e-04 8.8476e-05 2.1519e-01 0.0000e+00
316 0.0000e+00 9.6200e-05 8.8537e-05 1.0023e-04 8.8537e-05 2.1518e-01 0.0000e+00
317 5.0000e-04 7.8500e-05 8.8569e-05 9.0947e-05 8.8569e-05 2.1518e-01 0.0000e+00
318 1.0000e-03 5.5500e-05 1.0155e-04 1.6368e-04 8.8576e-05 2.1510e-01 1.2975e-05
319 5.0000e-04 2.6900e-05 9.6226e-05 1.8833e-04 8.8784e-05 2.1500e-01 7.4415e-06
320 0.0000e+00 0.0000e+00 8.9061e-05 1.6501e-04 8.9061e-05 2.1493e-01 0.0000e+00
321 0.0000e+00 0.0000e+00 8.9272e-05 1.4730e-04 8.9272e-05 2.1487e-01 0.0000e+00
322 1.0000e-03 0.0000e+00 1.0573e-04 2.3411e-04 8.9434e-05 2.1473e-01 1.6291e-05
323 1.0000e-03 0.0000e+00 1.0658e-04 3.0773e-04 8.9840e-05 2.1451e-01 1.6741e-05
324 0.0000e+00 0.0000e+00 9.0453e-05 2.6705e-04 9.0453e-05 2.1433e-01 0.0000e+00
325 0.0000e+00 0.0000e+00 9.0954e-05 2.3736e-04 9.0954e-05 2.1418e-01 0.0000e+00
326 0.0000e+00 0.0000e+00 9.1371e-05 2.1203e-04 9.1371e-05 2.1406e-01 0.0000e+00
327 0.0000e+00 0.0000e+00 9.1716e-05 1.9000e-04 9.1716e-05 2.1397e-01 0.0000e+00
328 0.0000e+00 0.0000e+00 9.1998e-05 1.7064e-04 9.1998e-05 2.1389e-01 0.0000e+00
329 0.0000e+00 0.0000e+00 9.2225e-05 1.5351e-04 9.2225e-05 2.1383e-01 0.0000e+00
330 0.0000e+00 0.0000e+00 9.2401e-05 1.3829e-04 9.2401e-05 2.1378e-01 0.0000e+00
331 0.0000e+00 0.0000e+00 9.2534e-05 1.2472e-04 9.2534e-05 2.1375e-01 0.0000e+00
332 0.0000e+00 0.0000e+00 9.2627e-05 1.1260e-04 9.2627e-05 2.1373e-01 0.0000e+00
333 0.0000e+00 1.1200e-05 9.2685e-05 1.0175e-04 9.2685e-05 2.1372e-01 0.0000e+00
334 0.0000e+00 2.1600e-05 9.2711e-05 9.2023e-05 9.2711e-05 2.1372e-01 0.0000e+00
335 0.0000e+00 3.0600e-05 9.2709e-05 8.3287e-05 9.2709e-05 2.1373e-01 0.0000e+00
336 0.0000e+00 3.7400e-05 9.2682e-05 7.5431e-05 9.2682e-05 2.1375e-01 0.0000e+00
337 0.0000e+00 4.1400e-05 9.2632e-05 6.8360e-05 9.2632e-05 2.1377e-01 0.0000e+00
338 5.0000e-04 4.3200e-05 9.8554e-05 9.9805e-05 9.2562e-05 2.1376e-01 5.9926e-06
339 5.0000e-04 4.1400e-05 1.0023e-04 1.3552e-04 9.2583e-05 2.1372e-01 7.6474e-06
340 1.5000e-03 3.7400e-05 1.1713e-04 2.7191e-04 9.2707e-05 2.1354e-01 2.4419e-05
341 1.5000e-03 3.0600e-05 1.1771e-04 3.8628e-04 9.3228e-05 2.1325e-01 2.4486e-05
342 1.0000e-03 2.1600e-05 1.1031e-04 4.3471e-04 9.4085e-05 2.1291e-01 1.6229e-05
343 5.0000e-04 1.0500e-05 1.0310e-04 4.2894e-04 9.5092e-05 2.1257e-01 8.0090e-06
344 1.0000e-03 0.0000e+00 1.1266e-04 4.8244e-04 9.6090e-05 2.1219e-01 1.6565e-05
345 5.0000e-04 0.0000e+00 1.0563e-04 4.7529e-04 9.7257e-05 2.1181e-01 8.3706e-06
346 0.0000e+00 0.0000e+00 9.8412e-05 4.1898e-04 9.8412e-05 2.1149e-01 0.0000e+00
347 0.0000e+00 0.0000e+00 9.9403e-05 3.7330e-04 9.9403e-05 2.1121e-01 0.0000e+00
348 0.0000e+00 0.0000e+00 1.0026e-04 3.3372e-04 1.0026e-04 2.1098e-01 0.0000e+00
349 0.0000e+00 0.0000e+00 1.0099e-04 2.9899e-04 1.0099e-04 2.1078e-01 0.0000e+00
350 0.0000e+00 0.0000e+00 1.0162e-04 2.6832e-04 1.0162e-04 2.1062e-01 0.0000e+00
351 0.0000e+00 0.0000e+00 1.0215e-04 2.4112e-04 1.0215e-04 2.1048e-01 0.0000e+00
352 0.0000e+00 0.0000e+00 1.0259e-04 2.1693e-04 1.0259e-04 2.1036e-01 0.0000e+00
353 5.0000e-04 0.0000e+00 1.1133e-04 2.4946e-04 1.0296e-04 2.1022e-01 8.3706e-06
354 0.0000e+00 0.0000e+00 1.0343e-04 2.2010e-04 1.0343e-04 2.1010e-01 0.0000e+00
355 0.0000e+00 0.0000e+00 1.0381e-04 1.9723e-04 1.0381e-04 2.1001e-01 0.0000e+00
356 0.0000e+00 0.0000e+00 1.0412e-04 1.7725e-04 1.0412e-04 2.0993e-01 0.0000e+00
357 0.0000e+00 7.2300e-05 1.0435e-04 1.5957e-04 1.0435e-04 2.0988e-01 0.0000e+00
358 0.0000e+00 1.3960e-04 1.0453e-04 1.4382e-04 1.0453e-04 2.0984e-01 0.0000e+00
359 0.0000e+00 1.9750e-04 1.0466e-04 1.2976e-04 1.0466e-04 2.0981e-01 0.0000e+00
360 0.0000e+00 2.4180e-04 1.0474e-04 1.1717e-04 1.0474e-04 2.0980e-01 0.0000e+00
361 0.0000e+00 2.6750e-04 1.0478e-04 1.0589e-04 1.0478e-04 2.0980e-01 0.0000e+00
362 0.0000e+00 2.7930e-04 1.0479e-04 9.5762e-05 1.0479e-04 2.0981e-01 0.0000e+00
363 0.0000e+00 2.6750e-04 1.0476e-04 8.6656e-05 1.0476e-04 2.0983e-01 0.0000e+00
364 0.0000e+00 2.4180e-04 1.0470e-04 7.8464e-05 1.0470e-04 2.0985e-01 0.0000e+00
365 0.0000e+00 1.9750e-04 1.0461e-04 7.1086e-05 1.0461e-04 2.0989e-01 0.0000e+00
366 0.0000e+00 1.3960e-04 1.0450e-04 6.4436e-05 1.0450e-04 2.0993e-01 0.0000e+00
367 0.0000e+00 6.7600e-05 1.0437e-04 5.8437e-05 1.0437e-04 2.0997e-01 0.0000e+00
368 0.0000e+00 0.0000e+00 1.0422e-04 5.3022e-05 1.0422e-04 2.1002e-01 0.0000e+00
369 0.0000e+00 0.0000e+00 1.0406e-04 4.8131e-05 1.0406e-04 2.1008e-01 0.0000e+00
370 0.0000e+00 0.0000e+00 1.0388e-04 4.3711e-05 1.0388e-04 2.1014e-01 0.0000e+00
371 0.0000e+00 0.0000e+00 1.0368e-04 3.9713e-05 1.0368e-04 2.1020e-01 0.0000e+00
372 0.0000e+00 0.0000e+00 1.0347e-04 3.6096e-05 1.0347e-04 2.1027e-01 0.0000e+00
373 5.0000e-04 0.0000e+00 1.0326e-04 3.2821e-05 1.0326e-04 2.1034e-01 0.0000e+00
374 7.5000e-03 0.0000e+00 2.0226e-04 6.7134e-04 1.0303e-04 2.0977e-01 9.9234e-05
375 4.5000e-03 0.0000e+00 1.8021e-04 1.0389e-03 1.0487e-04 2.0884e-01 7.5336e-05
376 2.5000e-03 0.0000e+00 1.4983e-04 1.1543e-03 1.0798e-04 2.0779e-01 4.1853e-05
377 5.0000e-04 0.0000e+00 1.1994e-04 1.0534e-03 1.1157e-04 2.0685e-01 8.3706e-06
378 0.0000e+00 0.0000e+00 1.1490e-04 9.2713e-04 1.1490e-04 2.0604e-01 0.0000e+00
379 0.0000e+00 0.0000e+00 1.1786e-04 8.2301e-04 1.1786e-04 2.0533e-01 0.0000e+00
380 0.0000e+00 0.0000e+00 1.2048e-04 7.3290e-04 1.2048e-04 2.0472e-01 0.0000e+00
381 0.0000e+00 1.7400e-05 1.2281e-04 6.5396e-04 1.2281e-04 2.0419e-01 0.0000e+00
382 0.0000e+00 3.3600e-05 1.2487e-04 5.8444e-04 1.2487e-04 2.0373e-01 0.0000e+00
383 1.0000e-03 4.7500e-05 1.4717e-04 6.2678e-04 1.2667e-04 2.0323e-01 2.0498e-05
384 1.0000e-03 5.8200e-05 1.4924e-04 6.5881e-04 1.2867e-04 2.0270e-01 2.0573e-05
385 0.0000e+00 6.4300e-05 1.3082e-04 5.8104e-04 1.3082e-04 2.0225e-01 0.0000e+00
386 5.0000e-04 6.7200e-05 1.4083e-04 5.5996e-04 1.3267e-04 2.0182e-01 8.1552e-06
387 0.0000e+00 6.4300e-05 1.3445e-04 4.9737e-04 1.3445e-04 2.0146e-01 0.0000e+00
388 0.0000e+00 5.8200e-05 1.3599e-04 4.4443e-04 1.3599e-04 2.0115e-01 0.0000e+00
389 0.0000e+00 4.7500e-05 1.3730e-04 3.9777e-04 1.3730e-04 2.0089e-01 0.0000e+00
390 5.0000e-04 3.3600e-05 1.4411e-04 3.8584e-04 1.3843e-04 2.0064e-01 5.6853e-06
391 0.0000e+00 1.6300e-05 1.3950e-04 3.4379e-04 1.3950e-04 2.0044e-01 0.0000e+00
392 5.0000e-04 0.0000e+00 1.5012e-04 3.5843e-04 1.4039e-04 2.0022e-01 9.7220e-06
393 5.0000e-04 0.0000e+00 1.5215e-04 3.7354e-04 1.4135e-04 1.9999e-01 1.0800e-05
394 0.0000e+00 0.0000e+00 1.4238e-04 3.2969e-04 1.4238e-04 1.9980e-01 0.0000e+00
395 0.0000e+00 0.0000e+00 1.4322e-04 2.9422e-04 1.4322e-04 1.9965e-01 0.0000e+00
396 0.0000e+00 0.0000e+00 1.4390e-04 2.6318e-04 1.4390e-04 1.9953e-01 0.0000e+00
397 0.0000e+00 0.0000e+00 1.4443e-04 2.3582e-04 1.4443e-04 1.9944e-01 0.0000e+00
398 0.0000e+00 0.0000e+00 1.4485e-04 2.1159e-04 1.4485e-04 1.9937e-01 0.0000e+00
399 0.0000e+00 0.0000e+00 1.4515e-04 1.9006e-04 1.4515e-04 1.9933e-01 0.0000e+00
400 0.0000e+00 0.0000e+00 1.4535e-04 1.7088e-04 1.4535e-04 1.9930e-01 0.0000e+00
401 0.0000e+00 0.0000e+00 1.4547e-04 1.5377e-04 1.4547e-04 1.9929e-01 0.0000e+00
402 1.0000e-03 0.0000e+00 1.6711e-04 2.5129e-04 1.4551e-04 1.9919e-01 2.1599e-05
403 0.0000e+00 0.0000e+00 1.4599e-04 2.1646e-04 1.4599e-04 1.9912e-01 0.0000e+00
404 0.0000e+00 0.0000e+00 1.4631e-04 1.9203e-04 1.4631e-04 1.9907e-01 0.0000e+00
405 5.0000e-04 2.4600e-05 1.5732e-04 2.2756e-04 1.4652e-04 1.9899e-01 1.0800e-05
406 5.0000e-04 4.7400e-05 1.5716e-04 2.5247e-04 1.4689e-04 1.9889e-01 1.0268e-05
407 0.0000e+00 6.7100e-05 1.4738e-04 2.2029e-04 1.4738e-04 1.9881e-01 0.0000e+00
408 5.0000e-04 8.2200e-05 1.5604e-04 2.3902e-04 1.4771e-04 1.9872e-01 8.3278e-06
409 0.0000e+00 9.0900e-05 1.4814e-04 2.0936e-04 1.4814e-04 1.9866e-01 0.0000e+00
410 0.0000e+00 9.5000e-05 1.4842e-04 1.8595e-04 1.4842e-04 1.9862e-01 0.0000e+00
411 0.0000e+00 9.0900e-05 1.4859e-04 1.6570e-04 1.4859e-04 1.9861e-01 0.0000e+00
412 0.0000e+00 8.2200e-05 1.4867e-04 1.4799e-04 1.4867e-04 1.9861e-01 0.0000e+00
413 0.0000e+00 6.7100e-05 1.4867e-04 1.3242e-04 1.4867e-04 1.9862e-01 0.0000e+00
414 0.0000e+00 4.7400e-05 1.4859e-04 1.1867e-04 1.4859e-04 1.9865e-01 0.0000e+00
415 0.0000e+00 2.3000e-05 1.4846e-04 1.0647e-04 1.4846e-04 1.9870e-01 0.0000e+00
416 0.0000e+00 0.0000e+00 1.4826e-04 9.5637e-05 1.4826e-04 1.9875e-01 0.0000e+00
417 0.0000e+00 0.0000e+00 1.4802e-04 8.5987e-05 1.4802e-04 1.9881e-01 0.0000e+00
418 0.0000e+00 0.0000e+00 1.4773e-04 7.7379e-05 1.4773e-04 1.9888e-01 0.0000e+00
419 0.0000e+00 0.0000e+00 1.4741e-04 6.9689e-05 1.4741e-04 1.9896e-01 0.0000e+00
420 0.0000e+00 0.0000e+00 1.4705e-04 6.2810e-05 1.4705e-04 1.9904e-01 0.0000e+00
421 0.0000e+00 0.0000e+00 1.4666e-04 5.6650e-05 1.4666e-04 1.9913e-01 0.0000e+00
422 0.0000e+00 0.0000e+00 1.4625e-04 5.1127e-05 1.4625e-04 1.9923e-01 0.0000e+00
423 0.0000e+00 0.0000e+00 1.4582e-04 4.6171e-05 1.4582e-04 1.9933e-01 0.0000e+00
424 0.0000e+00 0.0000e+00 1.4536e-04 4.1720e-05 1.4536e-04 1.9943e-01 0.0000e+00
425 0.0000e+00 0.0000e+00 1.4489e-04 3.7719e-05 1.4489e-04 1.9954e-01 0.0000e+00
426 0.0000e+00 0.0000e+00 1.4441e-04 3.4120e-05 1.4441e-04 1.9965e-01 0.0000e+00
427 5.0000e-04 0.0000e+00 1.4391e-04 3.0881e-05 1.4391e-04 1.9976e-01 0.0000e+00
428 2.0000e-03 0.0000e+00 1.8496e-04 2.4435e-04 1.4340e-04 1.9966e-01 4.1560e-05
429 3.0000e-03 3.2600e-05 2.0865e-04 5.3882e-04 1.4386e-04 1.9927e-01 6.4797e-05
430 2.0000e-03 6.2900e-05 1.8814e-04 6.7272e-04 1.4564e-04 1.9874e-01 4.2494e-05
431 1.0000e-03 8.9000e-05 1.6830e-04 6.8076e-04 1.4806e-04 1.9821e-01 2.0240e-05
432 0.0000e+00 1.0900e-04 1.5055e-04 5.8989e-04 1.5055e-04 1.9777e-01 0.0000e+00
433 5.0000e-04 1.2060e-04 1.5916e-04 5.5299e-04 1.5263e-04 1.9737e-01 6.5271e-06
434 0.0000e+00 1.2590e-04 1.5455e-04 4.8589e-04 1.5455e-04 1.9703e-01 0.0000e+00
435 0.0000e+00 1.2060e-04 1.5616e-04 4.2991e-04 1.5616e-04 1.9676e-01 0.0000e+00
436 0.0000e+00 1.0900e-04 1.5750e-04 3.8145e-04 1.5750e-04 1.9654e-01 0.0000e+00
437 3.5000e-03 8.9000e-05 2.2396e-04 6.8720e-04 1.5861e-04 1.9601e-01 6.5350e-05
438 0.0000e+00 6.2900e-05 1.6125e-04 5.8437e-04 1.6125e-04 1.9558e-01 0.0000e+00
439 0.0000e+00 3.0500e-05 1.6339e-04 5.1388e-04 1.6339e-04 1.9523e-01 0.0000e+00
440 0.0000e+00 0.0000e+00 1.6519e-04 4.5420e-04 1.6519e-04 1.9495e-01 0.0000e+00
441 0.0000e+00 0.0000e+00 1.6669e-04 4.0281e-04 1.6669e-04 1.9471e-01 0.0000e+00
442 0.0000e+00 0.0000e+00 1.6793e-04 3.5809e-04 1.6793e-04 1.9452e-01 0.0000e+00
443 0.0000e+00 0.0000e+00 1.6893e-04 3.1892e-04 1.6893e-04 1.9437e-01 0.0000e+00
444 5.0000e-04 0.0000e+00 1.7659e-04 3.2159e-04 1.6972e-04 1.9422e-01 6.8643e-06
445 0.0000e+00 0.0000e+00 1.7053e-04 2.8389e-04 1.7053e-04 1.9410e-01 0.0000e+00
446 0.0000e+00 0.0000e+00 1.7113e-04 2.5285e-04 1.7113e-04 1.9402e-01 0.0000e+00
447 0.0000e+00 0.0000e+00 1.7157e-04 2.2567e-04 1.7157e-04 1.9397e-01 0.0000e+00
448 0.0000e+00 0.0000e+00 1.7186e-04 2.0171e-04 1.7186e-04 1.9394e-01 0.0000e+00
449 0.0000e+00 0.0000e+00 1.7202e-04 1.8052e-04 1.7202e-04 1.9393e-01 0.0000e+00
450 0.0000e+00 0.0000e+00 1.7207e-04 1.6171e-04 1.7207e-04 1.9394e-01 0.0000e+00
451 0.0000e+00 0.0000e+00 1.7201e-04 1.4500e-04 1.7201e-04 1.9397e-01 0.0000e+00
452 5.0000e-04 0.0000e+00 1.8267e-04 1.8873e-04 1.7187e-04 1.9395e-01 1.0800e-05
453 0.0000e+00 2.2400e-05 1.7196e-04 1.6385e-04 1.7196e-04 1.9396e-01 0.0000e+00
454 0.0000e+00 4.3300e-05 1.7191e-04 1.4546e-04 1.7191e-04 1.9398e-01 0.0000e+00
455 0.0000e+00 6.1200e-05 1.7177e-04 1.2964e-04 1.7177e-04 1.9403e-01 0.0000e+00
456 0.0000e+00 7.5000e-05 1.7155e-04 1.1583e-04 1.7155e-04 1.9408e-01 0.0000e+00
457 0.0000e+00 8.3000e-05 1.7125e-04 1.0368e-04 1.7125e-04 1.9415e-01 0.0000e+00
458 0.0000e+00 8.6600e-05 1.7089e-04 9.2932e-05 1.7089e-04 1.9423e-01 0.0000e+00
459 0.0000e+00 8.3000e-05 1.7047e-04 8.3396e-05 1.7047e-04 1.9432e-01 0.0000e+00
460 0.0000e+00 7.5000e-05 1.7001e-04 7.4913e-05 1.7001e-04 1.9441e-01 0.0000e+00
461 0.0000e+00 6.1200e-05 1.6950e-04 6.7352e-05 1.6950e-04 1.9451e-01 0.0000e+00
462 0.0000e+00 4.3300e-05 1.6896e-04 6.0605e-05 1.6896e-04 1.9462e-01 0.0000e+00
463 0.0000e+00 2.1000e-05 1.6839e-04 5.4573e-05 1.6839e-04 1.9473e-01 0.0000e+00
464 0.0000e+00 0.0000e+00 1.6779e-04 4.9176e-05 1.6779e-04 1.9485e-01 0.0000e+00
465 1.0000e-03 0.0000e+00 1.7471e-04 8.4961e-05 1.6717e-04 1.9494e-01 7.5344e-06
466 5.0000e-04 0.0000e+00 1.7754e-04 1.3080e-04 1.6674e-04 1.9497e-01 1.0800e-05
467 0.0000e+00 0.0000e+00 1.6656e-04 1.1093e-04 1.6656e-04 1.9503e-01 0.0000e+00
468 0.0000e+00 0.0000e+00 1.6627e-04 9.7315e-05 1.6627e-04 1.9510e-01 0.0000e+00
469 5.0000e-04 0.0000e+00 1.7671e-04 1.4407e-04 1.6591e-04 1.9512e-01 1.0800e-05
470 0.0000e+00 0.0000e+00 1.6580e-04 1.2297e-04 1.6580e-04 1.9516e-01 0.0000e+00
471 0.0000e+00 0.0000e+00 1.6557e-04 1.0809e-04 1.6557e-04 1.9522e-01 0.0000e+00
472 5.0000e-04 0.0000e+00 1.7608e-04 1.5363e-04 1.6528e-04 1.9523e-01 1.0800e-05
473 5.0000e-04 0.0000e+00 1.7602e-04 1.8956e-04 1.6522e-04 1.9521e-01 1.0800e-05
474 0.0000e+00 0.0000e+00 1.6534e-04 1.6242e-04 1.6534e-04 1.9521e-01 0.0000e+00
475 0.0000e+00 0.0000e+00 1.6533e-04 1.4261e-04 1.6533e-04 1.9523e-01 0.0000e+00
476 0.0000e+00 0.0000e+00 1.6521e-04 1.2592e-04 1.6521e-04 1.9527e-01 0.0000e+00
477 0.0000e+00 9.2000e-06 1.6501e-04 1.1161e-04 1.6501e-04 1.9532e-01 0.0000e+00
478 0.0000e+00 1.7800e-05 1.6473e-04 9.9198e-05 1.6473e-04 1.9539e-01 0.0000e+00
479 0.0000e+00 2.5200e-05 1.6440e-04 8.8355e-05 1.6440e-04 1.9547e-01 0.0000e+00
480 0.0000e+00 3.0900e-05 1.6401e-04 7.8836e-05 1.6401e-04 1.9555e-01 0.0000e+00
481 0.0000e+00 3.4200e-05 1.6357e-04 7.0448e-05 1.6357e-04 1.9564e-01 0.0000e+00
482 5.0000e-04 3.5700e-05 1.7136e-04 1.0735e-04 1.6309e-04 1.9570e-01 8.2682e-06
483 2.5000e-03 3.4200e-05 2.1604e-04 3.7731e-04 1.6281e-04 1.9548e-01 5.3226e-05
484 1.0000e-03 3.0900e-05 1.8477e-04 4.2330e-04 1.6391e-04 1.9523e-01 2.0860e-05
485 0.0000e+00 2.5200e-05 1.6524e-04 3.6108e-04 1.6524e-04 1.9503e-01 0.0000e+00
486 1.0000e-03 1.7800e-05 1.8664e-04 4.2514e-04 1.6625e-04 1.9477e-01 2.0388e-05
487 0.0000e+00 8.6000e-06 1.6760e-04 3.6579e-04 1.6760e-04 1.9457e-01 0.0000e+00
488 0.0000e+00 0.0000e+00 1.6865e-04 3.2123e-04 1.6865e-04 1.9442e-01 0.0000e+00
489 0.0000e+00 0.0000e+00 1.6945e-04 2.8347e-04 1.6945e-04 1.9431e-01 0.0000e+00
490 0.0000e+00 0.0000e+00 1.7006e-04 2.5098e-04 1.7006e-04 1.9423e-01 0.0000e+00
491 0.0000e+00 0.0000e+00 1.7049e-04 2.2277e-04 1.7049e-04 1.9417e-01 0.0000e+00
492 0.0000e+00 0.0000e+00 1.7077e-04 1.9812e-04 1.7077e-04 1.9415e-01 0.0000e+00
493 0.0000e+00 0.0000e+00 1.7091e-04 1.7649e-04 1.7091e-04 1.9414e-01 0.0000e+00
494 0.0000e+00 0.0000e+00 1.7094e-04 1.5744e-04 1.7094e-04 1.9415e-01 0.0000e+00
495 0.0000e+00 0.0000e+00 1.7087e-04 1.4063e-04 1.7087e-04 1.9418e-01 0.0000e+00
496 0.0000e+00 0.0000e+00 1.7071e-04 1.2575e-04 1.7071e-04 1.9423e-01 0.0000e+00
497 0.0000e+00 0.0000e+00 1.7047e-04 1.1256e-04 1.7047e-04 1.9429e-01 0.0000e+00
498 0.0000e+00 0.0000e+00 1.7016e-04 1.0085e-04 1.7016e-04 1.9436e-01 0.0000e+00
499 0.0000e+00 0.0000e+00 1.6979e-04 9.0431e-05 1.6979e-04 1.9444e-01 0.0000e+00
500 0.0000e+00 0.0000e+00 1.6937e-04 8.1159e-05 1.6937e-04 1.9452e-01 0.0000e+00
501 0.0000e+00 6.3800e-05 1.6891e-04 7.2893e-05 1.6891e-04 1.9462e-01 0.0000e+00
502 0.0000e+00 1.2310e-04 1.6840e-04 6.5516e-05 1.6840e-04 1.9472e-01 0.0000e+00
503 0.0000e+00 1.7420e-04 1.6786e-04 5.8927e-05 1.6786e-04 1.9483e-01 0.0000e+00
504 0.0000e+00 2.1330e-04 1.6729e-04 5.3035e-05 1.6729e-04 1.9495e-01 0.0000e+00
505 0.0000e+00 2.3600e-04 1.6669e-04 4.7762e-05 1.6669e-04 1.9506e-01 0.0000e+00
506 0.0000e+00 2.4640e-04 1.6607e-04 4.3039e-05 1.6607e-04 1.9519e-01 0.0000e+00
507 0.0000e+00 2.3600e-04 1.6544e-04 3.8806e-05 1.6544e-04 1.9531e-01 0.0000e+00
508 0.0000e+00 2.1330e-04 1.6478e-04 3.5008e-05 1.6478e-04 1.9544e-01 0.0000e+00
509 0.0000e+00 1.7420e-04 1.6412e-04 3.1599e-05 1.6412e-04 1.9558e-01 0.0000e+00
510 0.0000e+00 1.2310e-04 1.6344e-04 2.8537e-05 1.6344e-04 1.9571e-01 0.0000e+00
511 0.0000e+00 5.9600e-05 1.6275e-04 2.5785e-05 1.6275e-04 1.9585e-01 0.0000e+00
512 0.0000e+00 0.0000e+00 1.6206e-04 2.3309e-05 1.6206e-04 1.9599e-01 0.0000e+00
513 0.0000e+00 0.0000e+00 1.6135e-04 2.1081e-05 1.6135e-04 1.9613e-01 0.0000e+00
514 0.0000e+00 0.0000e+00 1.6065e-04 1.9075e-05 1.6065e-04 1.9627e-01 0.0000e+00
515 0.0000e+00 0.0000e+00 1.5994e-04 1.7267e-05 1.5994e-04 1.9641e-01 0.0000e+00
516 0.0000e+00 0.0000e+00 1.5923e-04 1.5637e-05 1.5923e-04 1.9656e-01 0.0000e+00
517 0.0000e+00 0.0000e+00 1.5851e-04 1.4168e-05 1.5851e-04 1.9670e-01 0.0000e+00
518 0.0000e+00 0.0000e+00 1.5780e-04 1.2841e-05 1.5780e-04 1.9684e-01 0.0000e+00
519 0.0000e+00 0.0000e+00 1.5709e-04 1.1643e-05 1.5709e-04 1.9699e-01 0.0000e+00
520 0.0000e+00 0.0000e+00 1.5638e-04 1.0562e-05 1.5638e-04 1.9714e-01 0.0000e+00
521 0.0000e+00 0.0000e+00 1.5566e-04 9.5843e-06 1.5566e-04 1.9728e-01 0.0000e+00
522 0.0000e+00 0.0000e+00 1.5496e-04 8.7005e-06 1.5496e-04 1.9743e-01 0.0000e+00
523 0.0000e+00 0.0000e+00 1.5425e-04 7.9011e-06 1.5425e-04 1.9757e-01 0.0000e+00
524 0.0000e+00 0.0000e+00 1.5355e-04 7.1777e-06 1.5355e-04 1.9772e-01 0.0000e+00
525 0.0000e+00 4.1700e-05 1.5284e-04 6.5228e-06 1.5284e-04 1.9787e-01 0.0000e+00
526 0.0000e+00 8.0400e-05 1.5215e-04 5.9297e-06 1.5215e-04 1.9801e-01 0.0000e+00
527 0.0000e+00 1.1380e-04 1.5145e-04 5.3923e-06 1.5145e-04 1.9816e-01 0.0000e+00
528 0.0000e+00 1.3930e-04 1.5076e-04 4.9052e-06 1.5076e-04 1.9831e-01 0.0000e+00
529 0.0000e+00 1.5420e-04 1.5008e-04 4.4636e-06 1.5008e-04 1.9845e-01 0.0000e+00
530 0.0000e+00 1.6090e-04 1.4940e-04 4.0629e-06 1.4940e-04 1.9860e-01 0.0000e+00
531 0.0000e+00 1.5420e-04 1.4872e-04 3.6989e-06 1.4872e-04 1.9874e-01 0.0000e+00
532 0.0000e+00 1.3930e-04 1.4805e-04 3.3691e-06 1.4805e-04 1.9889e-01 0.0000e+00
533 0.0000e+00 1.1380e-04 1.4738e-04 3.0695e-06 1.4738e-04 1.9903e-01 0.0000e+00
534 0.0000e+00 8.0400e-05 1.4672e-04 2.7974e-06 1.4672e-04 1.9917e-01 0.0000e+00
535 0.0000e+00 3.8900e-05 1.4606e-04 2.5501e-06 1.4606e-04 1.9932e-01 0.0000e+00
536 0.0000e+00 0.0000e+00 1.4540e-04 2.3254e-06 1.4540e-04 1.9946e-01 0.0000e+00
537 0.0000e+00 0.0000e+00 1.4476e-04 2.1210e-06 1.4476e-04 1.9960e-01 0.0000e+00
538 0.0000e+00 0.0000e+00 1.4411e-04 1.9351e-06 1.4411e-04 1.9975e-01 0.0000e+00
539 0.0000e+00 0.0000e+00 1.4347e-04 1.7660e-06 1.4347e-04 1.9989e-01 0.0000e+00
540 0.0000e+00 0.0000e+00 1.4284e-04 1.6121e-06 1.4284e-04 2.0003e-01 0.0000e+00
541 0.0000e+00 0.0000e+00 1.4221e-04 1.4719e-06 1.4221e-04 2.0017e-01 0.0000e+00
542 0.0000e+00 0.0000e+00 1.4159e-04 1.3443e-06 1.4159e-04 2.0031e-01 0.0000e+00
543 0.0000e+00 0.0000e+00 1.4097e-04 1.2275e-06 1.4097e-04 2.0045e-01 0.0000e+00
544 0.0000e+00 0.0000e+00 1.4035e-04 1.1217e-06 1.4035e-04 2.0059e-01 0.0000e+00
545 0.0000e+00 0.0000e+00 1.3974e-04 1.0252e-06 1.3974e-04 2.0073e-01 0.0000e+00
546 0.0000e+00 0.0000e+00 1.3914e-04 9.3729e-07 1.3914e-04 2.0087e-01 0.0000e+00
547 0.0000e+00 0.0000e+00 1.3854e-04 8.5708e-07 1.3854e-04 2.0100e-01 0.0000e+00
548 0.0000e+00 0.0000e+00 1.3794e-04 7.8392e-07 1.3794e-04 2.0114e-01 0.0000e+00
549 0.0000e+00 2.0700e-05 1.3735e-04 7.1716e-07 1.3735e-04 2.0128e-01 0.0000e+00
550 0.0000e+00 4.0000e-05 1.3677e-04 6.5624e-07 1.3677e-04 2.0141e-01 0.0000e+00
551 0.0000e+00 5.6600e-05 1.3619e-04 6.0062e-07 1.3619e-04 2.0155e-01 0.0000e+00
552 1.0000e-03 6.9300e-05 1.3561e-04 5.4983e-07 1.3561e-04 2.0168e-01 0.0000e+00
553 1.0000e-03 7.6600e-05 1.3504e-04 5.0344e-07 1.3504e-04 2.0182e-01 0.0000e+00
554 2.0000e-03 8.0000e-05 1.5029e-04 8.1657e-05 1.3448e-04 2.0187e-01 1.5812e-05
555 1.5000e-03 7.6600e-05 1.6492e-04 2.2403e-04 1.3425e-04 2.0178e-01 3.0671e-05
556 0.0000e+00 6.9300e-05 1.3463e-04 1.8640e-04 1.3463e-04 2.0173e-01 0.0000e+00
557 5.0000e-04 5.6600e-05 1.4250e-04 2.0185e-04 1.3485e-04 2.0166e-01 7.6505e-06
558 0.0000e+00 4.0000e-05 1.3513e-04 1.7480e-04 1.3513e-04 2.0162e-01 0.0000e+00
559 0.0000e+00 1.9400e-05 1.3530e-04 1.5385e-04 1.3530e-04 2.0160e-01 0.0000e+00
560 0.0000e+00 0.0000e+00 1.3538e-04 1.3601e-04 1.3538e-04 2.0160e-01 0.0000e+00
561 0.0000e+00 0.0000e+00 1.3538e-04 1.2063e-04 1.3538e-04 2.0162e-01 0.0000e+00
562 0.0000e+00 0.0000e+00 1.3532e-04 1.0728e-04 1.3532e-04 2.0165e-01 0.0000e+00
563 0.0000e+00 0.0000e+00 1.3520e-04 9.5600e-05 1.3520e-04 2.0169e-01 0.0000e+00
564 0.0000e+00 0.0000e+00 1.3503e-04 8.5345e-05 1.3503e-04 2.0174e-01 0.0000e+00
565 5.0000e-04 0.0000e+00 1.4312e-04 1.1893e-04 1.3482e-04 2.0175e-01 8.2958e-06
566 0.0000e+00 0.0000e+00 1.3476e-04 1.0307e-04 1.3476e-04 2.0178e-01 0.0000e+00
567 0.0000e+00 0.0000e+00 1.3462e-04 9.1454e-05 1.3462e-04 2.0183e-01 0.0000e+00
568 0.0000e+00 0.0000e+00 1.3444e-04 8.1427e-05 1.3444e-04 2.0188e-01 0.0000e+00
569 0.0000e+00 0.0000e+00 1.3422e-04 7.2684e-05 1.3422e-04 2.0194e-01 0.0000e+00
570 0.0000e+00 0.0000e+00 1.3396e-04 6.5008e-05 1.3396e-04 2.0201e-01 0.0000e+00
571 0.0000e+00 0.0000e+00 1.3367e-04 5.8236e-05 1.3367e-04 2.0209e-01 0.0000e+00
572 0.0000e+00 0.0000e+00 1.3336e-04 5.2239e-05 1.3336e-04 2.0217e-01 0.0000e+00
573 3.0000e-03 3.0500e-05 1.9782e-04 3.7888e-04 1.3302e-04 2.0192e-01 6.4797e-05
574 1.0000e-03 5.8900e-05 1.5499e-04 4.2092e-04 1.3405e-04 2.0163e-01 2.0940e-05
575 2.5000e-03 8.3300e-05 1.8798e-04 6.3321e-04 1.3525e-04 2.0114e-01 5.2725e-05
576 3.5000e-03 1.0200e-04 2.1117e-04 9.2085e-04 1.3737e-04 2.0035e-01 7.3797e-05
577 1.5000e-03 1.1290e-04 1.7097e-04 9.4368e-04 1.4078e-04 1.9955e-01 3.0195e-05
578 0.0000e+00 1.1780e-04 1.4436e-04 8.2037e-04 1.4436e-04 1.9887e-01 0.0000e+00
579 0.0000e+00 1.1290e-04 1.4744e-04 7.2305e-04 1.4744e-04 1.9830e-01 0.0000e+00
580 0.0000e+00 1.0200e-04 1.5011e-04 6.3969e-04 1.5011e-04 1.9781e-01 0.0000e+00
581 0.0000e+00 8.3300e-05 1.5243e-04 5.6753e-04 1.5243e-04 1.9739e-01 0.0000e+00
582 0.0000e+00 5.8900e-05 1.5442e-04 5.0458e-04 1.5442e-04 1.9704e-01 0.0000e+00
583 0.0000e+00 2.8500e-05 1.5612e-04 4.4938e-04 1.5612e-04 1.9675e-01 0.0000e+00
584 0.0000e+00 0.0000e+00 1.5755e-04 4.0078e-04 1.5755e-04 1.9651e-01 0.0000e+00
585 0.0000e+00 0.0000e+00 1.5876e-04 3.5786e-04 1.5876e-04 1.9631e-01 0.0000e+00
586 0.0000e+00 0.0000e+00 1.5975e-04 3.1988e-04 1.5975e-04 1.9615e-01 0.0000e+00
587 0.0000e+00 0.0000e+00 1.6055e-04 2.8620e-04 1.6055e-04 1.9602e-01 0.0000e+00
588 0.0000e+00 0.0000e+00 1.6118e-04 2.5628e-04 1.6118e-04 1.9593e-01 0.0000e+00
589 5.0000e-04 0.0000e+00 1.6166e-04 2.2969e-04 1.6166e-04 1.9586e-01 0.0000e+00
590 0.0000e+00 0.0000e+00 1.6200e-04 2.0600e-04 1.6200e-04 1.9581e-01 0.0000e+00
591 0.0000e+00 0.0000e+00 1.6223e-04 1.8490e-04 1.6223e-04 1.9579e-01 0.0000e+00
592 5.0000e-04 0.0000e+00 1.7070e-04 2.1080e-04 1.6234e-04 1.9574e-01 8.3562e-06
593 0.0000e+00 0.0000e+00 1.6259e-04 1.8531e-04 1.6259e-04 1.9572e-01 0.0000e+00
594 1.0000e-03 0.0000e+00 1.8430e-04 2.8104e-04 1.6270e-04 1.9560e-01 2.1599e-05
595 0.0000e+00 0.0000e+00 1.6331e-04 2.4119e-04 1.6331e-04 1.9552e-01 0.0000e+00
596 0.0000e+00 0.0000e+00 1.6370e-04 2.1305e-04 1.6370e-04 1.9547e-01 0.0000e+00
597 0.0000e+00 6.2600e-05 1.6396e-04 1.8913e-04 1.6396e-04 1.9545e-01 0.0000e+00
598 0.0000e+00 1.2080e-04 1.6409e-04 1.6843e-04 1.6409e-04 1.9545e-01 0.0000e+00
599 0.0000e+00 1.7090e-04 1.6411e-04 1.5035e-04 1.6411e-04 1.9546e-01 0.0000e+00
600 0.0000e+00 2.0930e-04 1.6404e-04 1.3444e-04 1.6404e-04 1.9549e-01 0.0000e+00
601 0.0000e+00 2.3150e-04 1.6389e-04 1.2039e-04 1.6389e-04 1.9553e-01 0.0000e+00
602 0.0000e+00 2.4180e-04 1.6366e-04 1.0794e-04 1.6366e-04 1.9559e-01 0.0000e+00
603 0.0000e+00 2.3150e-04 1.6338e-04 9.6878e-05 1.6338e-04 1.9565e-01 0.0000e+00
604 0.0000e+00 2.0930e-04 1.6304e-04 8.7032e-05 1.6304e-04 1.9573e-01 0.0000e+00
605 0.0000e+00 1.7090e-04 1.6265e-04 7.8253e-05 1.6265e-04 1.9581e-01 0.0000e+00
606 0.0000e+00 1.2080e-04 1.6222e-04 7.0415e-05 1.6222e-04 1.9591e-01 0.0000e+00
607 0.0000e+00 5.8500e-05 1.6176e-04 6.3409e-05 1.6176e-04 1.9601e-01 0.0000e+00
608 0.0000e+00 0.0000e+00 1.6126e-04 5.7139e-05 1.6126e-04 1.9611e-01 0.0000e+00
609 0.0000e+00 0.0000e+00 1.6074e-04 5.1522e-05 1.6074e-04 1.9622e-01 0.0000e+00
610 0.0000e+00 0.0000e+00 1.6019e-04 4.6486e-05 1.6019e-04 1.9633e-01 0.0000e+00
611 0.0000e+00 0.0000e+00 1.5962e-04 4.1966e-05 1.5962e-04 1.9645e-01 0.0000e+00
612 0.0000e+00 0.0000e+00 1.5904e-04 3.7907e-05 1.5904e-04 1.9657e-01 0.0000e+00
613 0.0000e+00 0.0000e+00 1.5844e-04 3.4259e-05 1.5844e-04 1.9670e-01 0.0000e+00
614 0.0000e+00 0.0000e+00 1.5782e-04 3.0977e-05 1.5782e-04 1.9682e-01 0.0000e+00
615 0.0000e+00 0.0000e+00 1.5720e-04 2.8024e-05 1.5720e-04 1.9695e-01 0.0000e+00
616 0.0000e+00 0.0000e+00 1.5657e-04 2.5364e-05 1.5657e-04 1.9708e-01 0.0000e+00
617 0.0000e+00 0.0000e+00 1.5592e-04 2.2967e-05 1.5592e-04 1.9722e-01 0.0000e+00
618 0.0000e+00 0.0000e+00 1.5528e-04 2.0807e-05 1.5528e-04 1.9735e-01 0.0000e+00
619 0.0000e+00 0.0000e+00 1.5463e-04 1.8857e-05 1.5463e-04 1.9749e-01 0.0000e+00
620 0.0000e+00 0.0000e+00 1.5397e-04 1.7097e-05 1.5397e-04 1.9762e-01 0.0000e+00
621 0.0000e+00 1.4200e-05 1.5332e-04 1.5508e-05 1.5332e-04 1.9776e-01 0.0000e+00
622 0.0000e+00 2.7500e-05 1.5266e-04 1.4072e-05 1.5266e-04 1.9790e-01 0.0000e+00
623 0.0000e+00 3.8900e-05 1.5200e-04 1.2774e-05 1.5200e-04 1.9804e-01 0.0000e+00
624 1.0000e-03 4.7600e-05 1.5134e-04 1.1600e-05 1.5134e-04 1.9818e-01 0.0000e+00
625 1.0000e-03 5.2700e-05 1.5235e-04 1.9328e-05 1.5068e-04 1.9831e-01 1.6699e-06
626 3.0000e-03 5.5000e-05 2.1372e-04 3.5147e-04 1.5006e-04 1.9811e-01 6.3659e-05
627 2.0000e-03 5.2700e-05 1.9302e-04 5.0757e-04 1.5101e-04 1.9775e-01 4.2010e-05
628 1.5000e-03 4.7600e-05 1.8396e-04 5.9323e-04 1.5270e-04 1.9731e-01 3.1260e-05
629 3.5000e-03 3.8900e-05 2.2938e-04 9.0237e-04 1.5482e-04 1.9656e-01 7.4568e-05
630 4.0000e-03 2.7500e-05 2.4403e-04 1.2213e-03 1.5848e-04 1.9550e-01 8.5556e-05
631 5.0000e-03 1.3300e-05 2.7123e-04 1.6182e-03 1.6383e-04 1.9405e-01 1.0740e-04
632 0.0000e+00 0.0000e+00 1.7145e-04 1.3842e-03 1.7145e-04 1.9283e-01 0.0000e+00
633 0.0000e+00 0.0000e+00 1.7807e-04 1.2137e-03 1.7807e-04 1.9180e-01 0.0000e+00
634 1.0000e-03 0.0000e+00 2.0524e-04 1.1869e-03 1.8392e-04 1.9079e-01 2.1312e-05
635 2.5000e-03 0.0000e+00 2.4378e-04 1.3401e-03 1.8978e-04 1.8964e-01 5.3998e-05
636 3.5000e-03 0.0000e+00 2.7232e-04 1.5849e-03 1.9673e-04 1.8826e-01 7.5597e-05
637 3.0000e-03 0.0000e+00 2.7025e-04 1.7315e-03 2.0545e-04 1.8673e-01 6.4797e-05
638 0.0000e+00 0.0000e+00 2.1548e-04 1.4931e-03 2.1548e-04 1.8545e-01 0.0000e+00
639 5.0000e-04 0.0000e+00 2.3506e-04 1.3747e-03 2.2426e-04 1.8430e-01 1.0800e-05
640 0.0000e+00 0.0000e+00 2.3247e-04 1.2067e-03 2.3247e-04 1.8333e-01 0.0000e+00
641 5.0000e-04 0.0000e+00 2.5275e-04 1.1273e-03 2.3966e-04 1.8244e-01 1.3089e-05
642 0.0000e+00 0.0000e+00 2.4640e-04 9.9198e-04 2.4640e-04 1.8169e-01 0.0000e+00
643 5.0000e-04 0.0000e+00 2.6599e-04 9.3931e-04 2.5221e-04 1.8101e-01 1.3781e-05
644 0.0000e+00 0.0000e+00 2.5768e-04 8.2632e-04 2.5768e-04 1.8044e-01 0.0000e+00
645 0.0000e+00 1.6900e-05 2.6230e-04 7.3111e-04 2.6230e-04 1.7997e-01 0.0000e+00
646 0.0000e+00 3.2600e-05 2.6617e-04 6.4771e-04 2.6617e-04 1.7959e-01 0.0000e+00
647 0.0000e+00 4.6100e-05 2.6936e-04 5.7444e-04 2.6936e-04 1.7928e-01 0.0000e+00
648 0.0000e+00 5.6400e-05 2.7194e-04 5.0993e-04 2.7194e-04 1.7905e-01 0.0000e+00
649 0.0000e+00 6.2400e-05 2.7397e-04 4.5305e-04 2.7397e-04 1.7887e-01 0.0000e+00
650 0.0000e+00 6.5200e-05 2.7551e-04 4.0282e-04 2.7551e-04 1.7874e-01 0.0000e+00
651 0.0000e+00 6.2400e-05 2.7661e-04 3.5842e-04 2.7661e-04 1.7866e-01 0.0000e+00
652 0.0000e+00 5.6400e-05 2.7732e-04 3.1915e-04 2.7732e-04 1.7862e-01 0.0000e+00
653 0.0000e+00 4.6100e-05 2.7768e-04 2.8438e-04 2.7768e-04 1.7861e-01 0.0000e+00
654 0.0000e+00 3.2600e-05 2.7774e-04 2.5356e-04 2.7774e-04 1.7863e-01 0.0000e+00
655 0.0000e+00 1.5800e-05 2.7753e-04 2.2624e-04 2.7753e-04 1.7868e-01 0.0000e+00
656 0.0000e+00 0.0000e+00 2.7708e-04 2.0199e-04 2.7708e-04 1.7876e-01 0.0000e+00
657 0.0000e+00 0.0000e+00 2.7643e-04 1.8046e-04 2.7643e-04 1.7886e-01 0.0000e+00
658 0.0000e+00 0.0000e+00 2.7561e-04 1.6133e-04 2.7561e-04 1.7897e-01 0.0000e+00
659 0.0000e+00 0.0000e+00 2.7462e-04 1.4431e-04 2.7462e-04 1.7910e-01 0.0000e+00
660 0.0000e+00 0.0000e+00 2.7351e-04 1.2917e-04 2.7351e-04 1.7924e-01 0.0000e+00
661 0.0000e+00 0.0000e+00 2.7228e-04 1.1569e-04 2.7228e-04 1.7940e-01 0.0000e+00
662 0.0000e+00 0.0000e+00 2.7095e-04 1.0368e-04 2.7095e-04 1.7957e-01 0.0000e+00
663 0.0000e+00 0.0000e+00 2.6954e-04 9.2965e-05 2.6954e-04 1.7974e-01 0.0000e+00
664 0.0000e+00 0.0000e+00 2.6805e-04 8.3408e-05 2.6805e-04 1.7993e-01 0.0000e+00
665 0.0000e+00 0.0000e+00 2.6651e-04 7.4877e-05 2.6651e-04 1.8012e-01 0.0000e+00
666 5.0000e-04 0.0000e+00 2.6517e-04 6.8421e-05 2.6492e-04 1.8032e-01 2.5552e-07
667 0.0000e+00 0.0000e+00 2.6330e-04 6.1359e-05 2.6330e-04 1.8052e-01 0.0000e+00
668 5.0000e-04 0.0000e+00 2.7542e-04 1.1785e-04 2.6164e-04 1.8066e-01 1.3781e-05
669 5.0000e-04 1.5300e-05 2.7425e-04 1.6158e-04 2.6047e-04 1.8076e-01 1.3781e-05
670 0.0000e+00 2.9500e-05 2.5966e-04 1.3599e-04 2.5966e-04 1.8089e-01 0.0000e+00
671 1.0000e-03 4.1700e-05 2.8499e-04 2.3788e-04 2.5866e-04 1.8091e-01 2.6327e-05
672 0.0000e+00 5.1100e-05 2.5849e-04 1.9798e-04 2.5849e-04 1.8097e-01 0.0000e+00
673 0.0000e+00 5.6500e-05 2.5801e-04 1.7170e-04 2.5801e-04 1.8105e-01 0.0000e+00
674 0.0000e+00 5.9000e-05 2.5731e-04 1.4990e-04 2.5731e-04 1.8116e-01 0.0000e+00
675 5.0000e-04 5.6500e-05 2.6450e-04 1.6796e-04 2.5645e-04 1.8125e-01 8.0487e-06
676 5.0000e-04 5.1100e-05 2.6796e-04 1.9987e-04 2.5574e-04 1.8130e-01 1.2224e-05
677 0.0000e+00 4.1700e-05 2.5529e-04 1.7044e-04 2.5529e-04 1.8139e-01 0.0000e+00
678 0.0000e+00 2.9500e-05 2.5462e-04 1.4888e-04 2.5462e-04 1.8150e-01 0.0000e+00
679 1.0000e-03 1.4300e-05 2.7797e-04 2.3999e-04 2.5378e-04 1.8151e-01 2.4194e-05
680 1.0000e-03 0.0000e+00 2.8084e-04 3.2420e-04 2.5367e-04 1.8144e-01 2.7168e-05
681 0.0000e+00 0.0000e+00 2.5423e-04 2.7248e-04 2.5423e-04 1.8142e-01 0.0000e+00
682 0.0000e+00 0.0000e+00 2.5437e-04 2.3650e-04 2.5437e-04 1.8144e-01 0.0000e+00
683 0.0000e+00 0.0000e+00 2.5423e-04 2.0651e-04 2.5423e-04 1.8149e-01 0.0000e+00
684 0.0000e+00 0.0000e+00 2.5385e-04 1.8111e-04 2.5385e-04 1.8156e-01 0.0000e+00
685 0.0000e+00 0.0000e+00 2.5328e-04 1.5938e-04 2.5328e-04 1.8165e-01 0.0000e+00
686 0.0000e+00 0.0000e+00 2.5253e-04 1.4063e-04 2.5253e-04 1.8176e-01 0.0000e+00
687 0.0000e+00 0.0000e+00 2.5165e-04 1.2435e-04 2.5165e-04 1.8189e-01 0.0000e+00
688 0.0000e+00 0.0000e+00 2.5065e-04 1.1016e-04 2.5065e-04 1.8203e-01 0.0000e+00
689 0.0000e+00 0.0000e+00 2.4956e-04 9.7745e-05 2.4956e-04 1.8218e-01 0.0000e+00
690 0.0000e+00 0.0000e+00 2.4837e-04 8.6853e-05 2.4837e-04 1.8235e-01 0.0000e+00
691 0.0000e+00 0.0000e+00 2.4712e-04 7.7274e-05 2.4712e-04 1.8252e-01 0.0000e+00
692 0.0000e+00 0.0000e+00 2.4582e-04 6.8831e-05 2.4582e-04 1.8269e-01 0.0000e+00
693 0.0000e+00 5.6100e-05 2.4446e-04 6.1378e-05 2.4446e-04 1.8288e-01 0.0000e+00
694 0.0000e+00 1.0830e-04 2.4307e-04 5.4786e-05 2.4307e-04 1.8306e-01 0.0000e+00
695 0.0000e+00 1.5320e-04 2.4164e-04 4.8948e-05 2.4164e-04 1.8326e-01 0.0000e+00
696 0.0000e+00 1.8770e-04 2.4019e-04 4.3772e-05 2.4019e-04 1.8345e-01 0.0000e+00
697 0.0000e+00 2.0760e-04 2.3872e-04 3.9175e-05 2.3872e-04 1.8365e-01 0.0000e+00
698 0.0000e+00 2.1680e-04 2.3724e-04 3.5090e-05 2.3724e-04 1.8385e-01 0.0000e+00
699 0.0000e+00 2.0760e-04 2.3574e-04 3.1454e-05 2.3574e-04 1.8406e-01 0.0000e+00
700 5.0000e-04 1.8770e-04 2.3424e-04 2.8215e-05 2.3424e-04 1.8427e-01 0.0000e+00
701 0.0000e+00 1.5320e-04 2.3274e-04 2.5328e-05 2.3274e-04 1.8447e-01 0.0000e+00
702 0.0000e+00 1.0830e-04 2.3123e-04 2.2751e-05 2.3123e-04 1.8468e-01 0.0000e+00
703 0.0000e+00 5.2400e-05 2.2973e-04 2.0450e-05 2.2973e-04 1.8489e-01 0.0000e+00
704 0.0000e+00 0.0000e+00 2.2823e-04 1.8393e-05 2.2823e-04 1.8510e-01 0.0000e+00
705 0.0000e+00 0.0000e+00 2.2674e-04 1.6552e-05 2.2674e-04 1.8531e-01 0.0000e+00
706 0.0000e+00 0.0000e+00 2.2526e-04 1.4904e-05 2.2526e-04 1.8552e-01 0.0000e+00
707 0.0000e+00 0.0000e+00 2.2378e-04 1.3428e-05 2.2378e-04 1.8573e-01 0.0000e+00
708 0.0000e+00 0.0000e+00 2.2232e-04 1.2105e-05 2.2232e-04 1.8594e-01 0.0000e+00
709 0.0000e+00 0.0000e+00 2.2086e-04 1.0918e-05 2.2086e-04 1.8615e-01 0.0000e+00
710 0.0000e+00 0.0000e+00 2.1942e-04 9.8524e-06 2.1942e-04 1.8636e-01 0.0000e+00
711 0.0000e+00 0.0000e+00 2.1798e-04 8.8952e-06 2.1798e-04 1.8657e-01 0.0000e+00
712 0.0000e+00 0.0000e+00 2.1656e-04 8.0348e-06 2.1656e-04 1.8678e-01 0.0000e+00
713 0.0000e+00 0.0000e+00 2.1516e-04 7.2611e-06 2.1516e-04 1.8699e-01 0.0000e+00
714 0.0000e+00 0.0000e+00 2.1376e-04 6.5649e-06 2.1376e-04 1.8719e-01 0.0000e+00
715 0.0000e+00 0.0000e+00 2.1239e-04 5.9381e-06 2.1239e-04 1.8740e-01 0.0000e+00
716 0.0000e+00 0.0000e+00 2.1102e-04 5.3734e-06 2.1102e-04 1.8761e-01 0.0000e+00
717 0.0000e+00 8.5600e-05 2.0967e-04 4.8640e-06 2.0967e-04 1.8781e-01 0.0000e+00
718 0.0000e+00 1.6520e-04 2.0833e-04 4.4052e-06 2.0833e-04 1.8801e-01 0.0000e+00
719 0.0000e+00 2.3380e-04 2.0701e-04 3.9914e-06 2.0701e-04 1.8822e-01 0.0000e+00
720 0.0000e+00 2.8620e-04 2.0570e-04 3.6178e-06 2.0570e-04 1.8842e-01 0.0000e+00
721 0.0000e+00 3.1670e-04 2.0440e-04 3.2805e-06 2.0440e-04 1.8862e-01 0.0000e+00
722 0.0000e+00 3.3060e-04 2.0312e-04 2.9757e-06 2.0312e-04 1.8882e-01 0.0000e+00
723 0.0000e+00 3.1670e-04 2.0186e-04 2.7003e-06 2.0186e-04 1.8902e-01 0.0000e+00
724 0.0000e+00 2.8620e-04 2.0060e-04 2.4512e-06 2.0060e-04 1.8922e-01 0.0000e+00
725 0.0000e+00 2.3380e-04 1.9936e-04 2.2259e-06 1.9936e-04 1.8942e-01 0.0000e+00
726 0.0000e+00 1.6520e-04 1.9814e-04 2.0220e-06 1.9814e-04 1.8961e-01 0.0000e+00
727 0.0000e+00 8.0000e-05 1.9693e-04 1.8374e-06 1.9693e-04 1.8981e-01 0.0000e+00
728 0.0000e+00 0.0000e+00 1.9573e-04 1.6702e-06 1.9573e-04 1.9000e-01 0.0000e+00
729 0.0000e+00 0.0000e+00 1.9455e-04 1.5181e-06 1.9455e-04 1.9019e-01 0.0000e+00
730 0.0000e+00 0.0000e+00 1.9338e-04 1.3809e-06 1.9338e-04 1.9039e-01 0.0000e+00
731 0.0000e+00 0.0000e+00 1.9222e-04 1.2565e-06 1.9222e-04 1.9058e-01 0.0000e+00
732 0.0000e+00 0.0000e+00 1.9108e-04 1.1436e-06 1.9108e-04 1.9077e-01 0.0000e+00
733 0.0000e+00 0.0000e+00 1.8995e-04 1.0412e-06 1.8995e-04 1.9096e-01 0.0000e+00
734 0.0000e+00 0.0000e+00 1.8883e-04 9.4825e-07 1.8883e-04 1.9114e-01 0.0000e+00
735 0.0000e+00 0.0000e+00 1.8772e-04 8.6384e-07 1.8772e-04 1.9133e-01 0.0000e+00
736 0.0000e+00 0.0000e+00 1.8663e-04 7.8717e-07 1.8663e-04 1.9152e-01 0.0000e+00
737 0.0000e+00 0.0000e+00 1.8555e-04 7.1751e-07 1.8555e-04 1.9170e-01 0.0000e+00
738 0.0000e+00 0.0000e+00 1.8448e-04 6.5419e-07 1.8448e-04 1.9188e-01 0.0000e+00
739 0.0000e+00 0.0000e+00 1.8343e-04 5.9662e-07 1.8343e-04 1.9207e-01 0.0000e+00
740 0.0000e+00 0.0000e+00 1.8238e-04 5.4426e-07 1.8238e-04 1.9225e-01 0.0000e+00
741 0.0000e+00 7.4700e-05 1.8135e-04 4.9580e-07 1.8135e-04 1.9243e-01 0.0000e+00
742 0.0000e+00 1.4410e-04 1.8032e-04 4.5258e-07 1.8032e-04 1.9261e-01 0.0000e+00
743 0.0000e+00 2.0380e-04 1.7931e-04 4.1322e-07 1.7931e-04 1.9279e-01 0.0000e+00
744 0.0000e+00 2.4960e-04 1.7831e-04 3.7737e-07 1.7831e-04 1.9297e-01 0.0000e+00
745 0.0000e+00 2.7610e-04 1.7733e-04 3.4472e-07 1.7733e-04 1.9314e-01 0.0000e+00
746 0.0000e+00 2.8830e-04 1.7635e-04 3.1497e-07 1.7635e-04 1.9332e-01 0.0000e+00
747 0.0000e+00 2.7610e-04 1.7538e-04 2.8785e-07 1.7538e-04 1.9349e-01 0.0000e+00
748 0.0000e+00 2.4960e-04 1.7442e-04 2.6313e-07 1.7442e-04 1.9367e-01 0.0000e+00
749 0.0000e+00 2.0380e-04 1.7348e-04 2.4058e-07 1.7348e-04 1.9384e-01 0.0000e+00
750 0.0000e+00 1.4410e-04 1.7254e-04 2.2002e-07 1.7254e-04 1.9401e-01 0.0000e+00
751 0.0000e+00 6.9800e-05 1.7161e-04 2.0126e-07 1.7161e-04 1.9419e-01 0.0000e+00
752 0.0000e+00 0.0000e+00 1.7070e-04 1.8279e-07 1.7070e-04 1.9436e-01 0.0000e+00
753 0.0000e+00 0.0000e+00 1.6979e-04 1.6734e-07 1.6979e-04 1.9453e-01 0.0000e+00
754 0.0000e+00 0.0000e+00 1.6889e-04 1.5321e-07 1.6889e-04 1.9469e-01 0.0000e+00
755 0.0000e+00 0.0000e+00 1.6800e-04 1.4031e-07 1.6800e-04 1.9486e-01 0.0000e+00
756 0.0000e+00 0.0000e+00 1.6712e-04 1.2852e-07 1.6712e-04 1.9503e-01 0.0000e+00
757 0.0000e+00 0.0000e+00 1.6625e-04 1.1774e-07 1.6625e-04 1.9520e-01 0.0000e+00
758 0.0000e+00 0.0000e+00 1.6539e-04 1.0788e-07 1.6539e-04 1.9536e-01 0.0000e+00
759 0.0000e+00 0.0000e+00 1.6454e-04 9.8873e-08 1.6454e-04 1.9553e-01 0.0000e+00
760 0.0000e+00 0.0000e+00 1.6370e-04 9.0631e-08 1.6370e-04 1.9569e-01 0.0000e+00
761 0.0000e+00 0.0000e+00 1.6286e-04 8.3091e-08 1.6286e-04 1.9585e-01 0.0000e+00
762 0.0000e+00 0.0000e+00 1.6204e-04 7.6193e-08 1.6204e-04 1.9601e-01 0.0000e+00
763 0.0000e+00 0.0000e+00 1.6122e-04 6.9879e-08 1.6122e-04 1.9617e-01 0.0000e+00
764 0.0000e+00 0.0000e+00 1.6041e-04 6.2443e-08 1.6041e-04 1.9634e-01 0.0000e+00
765 0.0000e+00 9.6700e-05 1.5961e-04 5.7335e-08 1.5961e-04 1.9649e-01 0.0000e+00
766 0.0000e+00 1.8660e-04 1.5881e-04 5.2653e-08 1.5881e-04 1.9665e-01 0.0000e+00
767 0.0000e+00 2.6400e-04 1.5803e-04 4.8361e-08 1.5803e-04 1.9681e-01 0.0000e+00
768 0.0000e+00 3.2330e-04 1.5725e-04 4.4425e-08 1.5725e-04 1.9697e-01 0.0000e+00
769 0.0000e+00 3.5770e-04 1.5648e-04 4.0815e-08 1.5648e-04 1.9713e-01 0.0000e+00
770 0.0000e+00 3.7350e-04 1.5572e-04 3.7504e-08 1.5572e-04 1.9728e-01 0.0000e+00
771 0.0000e+00 3.5770e-04 1.5496e-04 3.4466e-08 1.5496e-04 1.9744e-01 0.0000e+00
772 0.0000e+00 3.2330e-04 1.5421e-04 3.1679e-08 1.5421e-04 1.9759e-01 0.0000e+00
773 0.0000e+00 2.6400e-04 1.5347e-04 2.9122e-08 1.5347e-04 1.9774e-01 0.0000e+00
774 0.0000e+00 1.8660e-04 1.5274e-04 2.6774e-08 1.5274e-04 1.9790e-01 0.0000e+00
775 0.0000e+00 9.0400e-05 1.5201e-04 2.4619e-08 1.5201e-04 1.9805e-01 0.0000e+00
776 0.0000e+00 0.0000e+00 1.5129e-04 2.0985e-08 1.5129e-04 1.9820e-01 0.0000e+00
777 0.0000e+00 0.0000e+00 1.5058e-04 1.9332e-08 1.5058e-04 1.9835e-01 0.0000e+00
778 0.0000e+00 0.0000e+00 1.4987e-04 1.7810e-08 1.4987e-04 1.9850e-01 0.0000e+00
779 0.0000e+00 0.0000e+00 1.4917e-04 1.6410e-08 1.4917e-04 1.9865e-01 0.0000e+00
780 0.0000e+00 0.0000e+00 1.4847e-04 1.5122e-08 1.4847e-04 1.9880e-01 0.0000e+00
781 0.0000e+00 0.0000e+00 1.4779e-04 1.3936e-08 1.4779e-04 1.9895e-01 0.0000e+00
782 0.0000e+00 0.0000e+00 1.4711e-04 1.2844e-08 1.4711e-04 1.9909e-01 0.0000e+00
783 0.0000e+00 0.0000e+00 1.4643e-04 1.1840e-08 1.4643e-04 1.9924e-01 0.0000e+00
784 0.0000e+00 0.0000e+00 1.4576e-04 1.0915e-08 1.4576e-04 1.9938e-01 0.0000e+00
785 0.0000e+00 0.0000e+00 1.4510e-04 1.0063e-08 1.4510e-04 1.9953e-01 0.0000e+00
786 0.0000e+00 0.0000e+00 1.4444e-04 9.2787e-09 1.4444e-04 1.9967e-01 0.0000e+00
787 0.0000e+00 0.0000e+00 1.4379e-04 8.5563e-09 1.4379e-04 1.9982e-01 0.0000e+00
788 0.0000e+00 0.0000e+00 1.4315e-04 7.8910e-09 1.4315e-04 1.9996e-01 0.0000e+00
789 0.0000e+00 1.2590e-04 1.4251e-04 6.0465e-09 1.4251e-04 2.0010e-01 0.0000e+00
790 0.0000e+00 2.4290e-04 1.4188e-04 5.5907e-09 1.4188e-04 2.0025e-01 0.0000e+00
791 0.0000e+00 3.4370e-04 1.4125e-04 5.1697e-09 1.4125e-04 2.0039e-01 0.0000e+00
792 0.0000e+00 4.2090e-04 1.4063e-04 4.7807e-09 1.4063e-04 2.0053e-01 0.0000e+00
793 0.0000e+00 4.6560e-04 1.4001e-04 4.4213e-09 1.4001e-04 2.0067e-01 0.0000e+00
794 0.0000e+00 4.8620e-04 1.3940e-04 4.0892e-09 1.3940e-04 2.0081e-01 0.0000e+00
795 0.0000e+00 4.6560e-04 1.3879e-04 3.7823e-09 1.3879e-04 2.0095e-01 0.0000e+00
796 0.0000e+00 4.2090e-04 1.3819e-04 3.4987e-09 1.3819e-04 2.0108e-01 0.0000e+00
797 0.0000e+00 3.4370e-04 1.3760e-04 3.2366e-09 1.3760e-04 2.0122e-01 0.0000e+00
798 0.0000e+00 2.4290e-04 1.3701e-04 2.9944e-09 1.3701e-04 2.0136e-01 0.0000e+00
799 0.0000e+00 1.1760e-04 1.3642e-04 2.7704e-09 1.3642e-04 2.0149e-01 0.0000e+00
800 0.0000e+00 0.0000e+00 1.3584e-04 2.5634e-09 1.3584e-04 2.0163e-01 0.0000e+00
801 0.0000e+00 0.0000e+00 1.3527e-04 1.5613e-09 1.3527e-04 2.0177e-01 0.0000e+00
802 0.0000e+00 0.0000e+00 1.3470e-04 1.4494e-09 1.3470e-04 2.0190e-01 0.0000e+00
803 0.0000e+00 0.0000e+00 1.3413e-04 1.3456e-09 1.3413e-04 2.0203e-01 0.0000e+00
804 0.0000e+00 0.0000e+00 1.3357e-04 1.2494e-09 1.3357e-04 2.0217e-01 0.0000e+00
805 0.0000e+00 0.0000e+00 1.3301e-04 1.1600e-09 1.3301e-04 2.0230e-01 0.0000e+00
806 0.0000e+00 0.0000e+00 1.3246e-04 1.0772e-09 1.3246e-04 2.0243e-01 0.0000e+00
807 0.0000e+00 0.0000e+00 1.3191e-04 1.0002e-09 1.3191e-04 2.0257e-01 0.0000e+00
808 0.0000e+00 0.0000e+00 1.3137e-04 9.2886e-10 1.3137e-04 2.0270e-01 0.0000e+00
809 0.0000e+00 0.0000e+00 1.3083e-04 8.6262e-10 1.3083e-04 2.0283e-01 0.0000e+00
810 0.0000e+00 0.0000e+00 1.3030e-04 8.0115e-10 1.3030e-04 2.0296e-01 0.0000e+00
811 0.0000e+00 0.0000e+00 1.2977e-04 7.4409e-10 1.2977e-04 2.0309e-01 0.0000e+00
812 0.0000e+00 0.0000e+00 1.2924e-04 6.9112e-10 1.2924e-04 2.0322e-01 0.0000e+00
813 0.0000e+00 3.0400e-05 1.2872e-04 2.6851e-10 1.2872e-04 2.0335e-01 0.0000e+00
814 0.0000e+00 5.8700e-05 1.2821e-04 2.5035e-10 1.2821e-04 2.0347e-01 0.0000e+00
815 0.0000e+00 8.3100e-05 1.2769e-04 2.3343e-10 1.2769e-04 2.0360e-01 0.0000e+00
816 0.0000e+00 1.0180e-04 1.2719e-04 2.1766e-10 1.2719e-04 2.0373e-01 0.0000e+00
817 0.0000e+00 1.1260e-04 1.2668e-04 2.0296e-10 1.2668e-04 2.0386e-01 0.0000e+00
818 0.0000e+00 1.1760e-04 1.2618e-04 1.8927e-10 1.2618e-04 2.0398e-01 0.0000e+00
819 0.0000e+00 1.1260e-04 1.2568e-04 1.7650e-10 1.2568e-04 2.0411e-01 0.0000e+00
820 0.0000e+00 1.0180e-04 1.2519e-04 1.6460e-10 1.2519e-04 2.0423e-01 0.0000e+00
821 0.0000e+00 8.3100e-05 1.2470e-04 1.5351e-10 1.2470e-04 2.0436e-01 0.0000e+00
822 0.0000e+00 5.8700e-05 1.2422e-04 1.4317e-10 1.2422e-04 2.0448e-01 0.0000e+00
823 0.0000e+00 2.8400e-05 1.2374e-04 1.3353e-10 1.2374e-04 2.0461e-01 0.0000e+00
824 0.0000e+00 0.0000e+00 1.2326e-04 1.2454e-10 1.2326e-04 2.0473e-01 0.0000e+00
825 0.0000e+00 0.0000e+00 1.2278e-04 1.1617e-10 1.2278e-04 2.0485e-01 0.0000e+00
826 0.0000e+00 0.0000e+00 1.2231e-04 1.7194e-11 1.2231e-04 2.0497e-01 0.0000e+00
827 0.0000e+00 0.0000e+00 1.2185e-04 1.6104e-11 1.2185e-04 2.0510e-01 0.0000e+00
828 0.0000e+00 0.0000e+00 1.2138e-04 1.5083e-11 1.2138e-04 2.0522e-01 0.0000e+00
829 0.0000e+00 0.0000e+00 1.2093e-04 1.4128e-11 1.2093e-04 2.0534e-01 0.0000e+00
830 0.0000e+00 0.0000e+00 1.2047e-04 1.3234e-11 1.2047e-04 2.0546e-01 0.0000e+00
831 0.0000e+00 0.0000e+00 1.2002e-04 1.2396e-11 1.2002e-04 2.0558e-01 0.0000e+00
832 0.0000e+00 0.0000e+00 1.1957e-04 1.1612e-11 1.1957e-04 2.0570e-01 0.0000e+00
833 0.0000e+00 0.0000e+00 1.1912e-04 1.0877e-11 1.1912e-04 2.0582e-01 0.0000e+00
834 0.0000e+00 0.0000e+00 1.1868e-04 1.0190e-11 1.1868e-04 2.0594e-01 0.0000e+00
835 0.0000e+00 0.0000e+00 1.1824e-04 9.5459e-12 1.1824e-04 2.0605e-01 0.0000e+00
836 0.0000e+00 0.0000e+00 1.1780e-04 8.9430e-12 1.1780e-04 2.0617e-01 0.0000e+00
837 0.0000e+00 6.6100e-05 1.1737e-04 8.3783e-12 1.1737e-04 2.0629e-01 0.0000e+00
838 0.0000e+00 1.2750e-04 1.1694e-04 7.8495e-12 1.1694e-04 2.0641e-01 0.0000e+00
839 0.0000e+00 1.8040e-04 1.1651e-04 0.0000e+00 1.1651e-04 2.0652e-01 0.0000e+00
840 0.0000e+00 2.2090e-04 1.1609e-04 0.0000e+00 1.1609e-04 2.0664e-01 0.0000e+00
841 0.0000e+00 2.4430e-04 1.1567e-04 0.0000e+00 1.1567e-04 2.0675e-01 0.0000e+00
842 0.0000e+00 2.5510e-04 1.1525e-04 0.0000e+00 1.1525e-04 2.0687e-01 0.0000e+00
843 0.0000e+00 2.4430e-04 1.1484e-04 0.0000e+00 1.1484e-04 2.0698e-01 0.0000e+00
844 0.0000e+00 2.2090e-04 1.1443e-04 0.0000e+00 1.1443e-04 2.0710e-01 0.0000e+00
845 0.0000e+00 1.8040e-04 1.1402e-04 0.0000e+00 1.1402e-04 2.0721e-01 0.0000e+00
846 0.0000e+00 1.2750e-04 1.1361e-04 0.0000e+00 1.1361e-04 2.0733e-01 0.0000e+00
847 0.0000e+00 6.1700e-05 1.1321e-04 0.0000e+00 1.1321e-04 2.0744e-01 0.0000e+00
848 0.0000e+00 0.0000e+00 1.1281e-04 0.0000e+00 1.1281e-04 2.0755e-01 0.0000e+00
849 0.0000e+00 0.0000e+00 1.1241e-04 0.0000e+00 1.1241e-04 2.0766e-01 0.0000e+00
850 0.0000e+00 0.0000e+00 1.1202e-04 0.0000e+00 1.1202e-04 2.0778e-01 0.0000e+00
851 0.0000e+00 0.0000e+00 1.1163e-04 0.0000e+00 1.1163e-04 2.0789e-01 0.0000e+00
852 0.0000e+00 0.0000e+00 1.1124e-04 0.0000e+00 1.1124e-04 2.0800e-01 0.0000e+00
853 0.0000e+00 0.0000e+00 1.1085e-04 0.0000e+00 1.1085e-04 2.0811e-01 0.0000e+00
854 0.0000e+00 0.0000e+00 1.1047e-04 0.0000e+00 1.1047e-04 2.0822e-01 0.0000e+00
855 0.0000e+00 0.0000e+00 1.1009e-04 0.0000e+00 1.1009e-04 2.0833e-01 0.0000e+00
856 0.0000e+00 0.0000e+00 1.0971e-04 0.0000e+00 1.0971e-04 2.0844e-01 0.0000e+00
857 0.0000e+00 0.0000e+00 1.0934e-04 0.0000e+00 1.0934e-04 2.0855e-01 0.0000e+00
858 0.0000e+00 0.0000e+00 1.0896e-04 0.0000e+00 1.0896e-04 2.0866e-01 0.0000e+00
859 0.0000e+00 0.0000e+00 1.0859e-04 0.0000e+00 1.0859e-04 2.0877e-01 0.0000e+00
860 0.0000e+00 0.0000e+00 1.0822e-04 0.0000e+00 1.0822e-04 2.0888e-01 0.0000e+00
861 0.0000e+00 9.7600e-05 1.0786e-04 0.0000e+00 1.0786e-04 2.0898e-01 0.0000e+00
862 0.0000e+00 1.8830e-04 1.0750e-04 0.0000e+00 1.0750e-04 2.0909e-01 0.0000e+00
863 0.0000e+00 2.6650e-04 1.0714e-04 0.0000e+00 1.0714e-04 2.0920e-01 0.0000e+00
864 0.0000e+00 3.2630e-04 1.0678e-04 0.0000e+00 1.0678e-04 2.0931e-01 0.0000e+00
865 0.0000e+00 3.6100e-04 1.0642e-04 0.0000e+00 1.0642e-04 2.0941e-01 0.0000e+00
866 0.0000e+00 3.7690e-04 1.0607e-04 0.0000e+00 1.0607e-04 2.0952e-01 0.0000e+00
867 0.0000e+00 3.6100e-04 1.0572e-04 0.0000e+00 1.0572e-04 2.0962e-01 0.0000e+00
868 0.0000e+00 3.2630e-04 1.0537e-04 0.0000e+00 1.0537e-04 2.0973e-01 0.0000e+00
869 0.0000e+00 2.6650e-04 1.0502e-04 0.0000e+00 1.0502e-04 2.0983e-01 0.0000e+00
870 0.0000e+00 1.8830e-04 1.0468e-04 0.0000e+00 1.0468e-04 2.0994e-01 0.0000e+00
871 0.0000e+00 9.1200e-05 1.0434e-04 0.0000e+00 1.0434e-04 2.1004e-01 0.0000e+00
872 0.0000e+00 0.0000e+00 1.0400e-04 0.0000e+00 1.0400e-04 2.1015e-01 0.0000e+00
873 0.0000e+00 0.0000e+00 1.0366e-04 0.0000e+00 1.0366e-04 2.1025e-01 0.0000e+00
874 0.0000e+00 0.0000e+00 1.0332e-04 0.0000e+00 1.0332e-04 2.1035e-01 0.0000e+00
875 0.0000e+00 0.0000e+00 1.0299e-04 0.0000e+00 1.0299e-04 2.1046e-01 0.0000e+00
876 0.0000e+00 0.0000e+00 1.0266e-04 0.0000e+00 1.0266e-04 2.1056e-01 0.0000e+00
877 0.0000e+00 0.0000e+00 1.0233e-04 0.0000e+00 1.0233e-04 2.1066e-01 0.0000e+00
878 0.0000e+00 0.0000e+00 1.0200e-04 0.0000e+00 1.0200e-04 2.1076e-01 0.0000e+00
879 0.0000e+00 0.0000e+00 1.0168e-04 0.0000e+00 1.0168e-04 2.1087e-01 0.0000e+00
880 0.0000e+00 0.0000e+00 1.0136e-04 0.0000e+00 1.0136e-04 2.1097e-01 0.0000e+00
881 0.0000e+00 0.0000e+00 1.0104e-04 0.0000e+00 1.0104e-04 2.1107e-01 0.0000e+00
882 0.0000e+00 0.0000e+00 1.0072e-04 0.0000e+00 1.0072e-04 2.1117e-01 0.0000e+00
883 0.0000e+00 0.0000e+00 1.0040e-04 0.0000e+00 1.0040e-04 2.1127e-01 0.0000e+00
884 0.0000e+00 0.0000e+00 1.0009e-04 0.0000e+00 1.0009e-04 2.1137e-01 0.0000e+00
885 0.0000e+00 6.4300e-05 9.9775e-05 0.0000e+00 9.9775e-05 2.1147e-01 0.0000e+00
886 0.0000e+00 1.2410e-04 9.9464e-05 0.0000e+00 9.9464e-05 2.1157e-01 0.0000e+00
887 0.0000e+00 1.7560e-04 9.9155e-05 0.0000e+00 9.9155e-05 2.1167e-01 0.0000e+00
888 0.0000e+00 2.1500e-04 9.8849e-05 0.0000e+00 9.8849e-05 2.1177e-01 0.0000e+00
889 0.0000e+00 2.3790e-04 9.8544e-05 0.0000e+00 9.8544e-05 2.1186e-01 0.0000e+00
890 0.0000e+00 2.4840e-04 9.8241e-05 0.0000e+00 9.8241e-05 2.1196e-01 0.0000e+00
891 0.0000e+00 2.3790e-04 9.7940e-05 0.0000e+00 9.7940e-05 2.1206e-01 0.0000e+00
892 0.0000e+00 2.1500e-04 9.7640e-05 0.0000e+00 9.7640e-05 2.1216e-01 0.0000e+00
893 0.0000e+00 1.7560e-04 9.7343e-05 0.0000e+00 9.7343e-05 2.1226e-01 0.0000e+00
894 0.0000e+00 1.2410e-04 9.7047e-05 0.0000e+00 9.7047e-05 2.1235e-01 0.0000e+00
895 0.0000e+00 6.0100e-05 9.6753e-05 0.0000e+00 9.6753e-05 2.1245e-01 0.0000e+00
896 0.0000e+00 0.0000e+00 9.6461e-05 0.0000e+00 9.6461e-05 2.1255e-01 0.0000e+00
897 0.0000e+00 0.0000e+00 9.6171e-05 0.0000e+00 9.6171e-05 2.1264e-01 0.0000e+00
898 0.0000e+00 0.0000e+00 9.5882e-05 0.0000e+00 9.5882e-05 2.1274e-01 0.0000e+00
899 0.0000e+00 0.0000e+00 9.5595e-05 0.0000e+00 9.5595e-05 2.1283e-01 0.0000e+00
900 0.0000e+00 0.0000e+00 9.5310e-05 0.0000e+00 9.5310e-05 2.1293e-01 0.0000e+00
901 0.0000e+00 0.0000e+00 9.5027e-05 0.0000e+00 9.5027e-05 2.1302e-01 0.0000e+00
902 0.0000e+00 0.0000e+00 9.4745e-05 0.0000e+00 9.4745e-05 2.1312e-01 0.0000e+00
903 0.0000e+00 0.0000e+00 9.4465e-05 0.0000e+00 9.4465e-05 2.1321e-01 0.0000e+00
904 0.0000e+00 0.0000e+00 9.4186e-05 0.0000e+00 9.4186e-05 2.1331e-01 0.0000e+00
905 0.0000e+00 0.0000e+00 9.3910e-05 0.0000e+00 9.3910e-05 2.1340e-01 0.0000e+00
906 0.0000e+00 0.0000e+00 9.3634e-05 0.0000e+00 9.3634e-05 2.1350e-01 0.0000e+00
907 0.0000e+00 0.0000e+00 9.3361e-05 0.0000e+00 9.3361e-05 2.1359e-01 0.0000e+00
908 0.0000e+00 0.0000e+00 9.3089e-05 0.0000e+00 9.3089e-05 2.1368e-01 0.0000e+00
909 0.0000e+00 8.0200e-05 9.2818e-05 0.0000e+00 9.2818e-05 2.1377e-01 0.0000e+00
910 0.0000e+00 1.5480e-04 9.2550e-05 0.0000e+00 9.2550e-05 2.1387e-01 0.0000e+00
911 0.0000e+00 2.1910e-04 9.2282e-05 0.0000e+00 9.2282e-05 2.1396e-01 0.0000e+00
912 0.0000e+00 2.6830e-04 9.2017e-05 0.0000e+00 9.2017e-05 2.1405e-01 0.0000e+00
913 0.0000e+00 2.9680e-04 9.1752e-05 0.0000e+00 9.1752e-05 2.1414e-01 0.0000e+00
914 0.0000e+00 3.0990e-04 9.1490e-05 0.0000e+00 9.1490e-05 2.1423e-01 0.0000e+00
915 0.0000e+00 2.9680e-04 9.1228e-05 0.0000e+00 9.1228e-05 2.1433e-01 0.0000e+00
916 0.0000e+00 2.6830e-04 9.0969e-05 0.0000e+00 9.0969e-05 2.1442e-01 0.0000e+00
917 0.0000e+00 2.1910e-04 9.0711e-05 0.0000e+00 9.0711e-05 2.1451e-01 0.0000e+00
918 0.0000e+00 1.5480e-04 9.0454e-05 0.0000e+00 9.0454e-05 2.1460e-01 0.0000e+00
919 0.0000e+00 7.5000e-05 9.0198e-05 0.0000e+00 9.0198e-05 2.1469e-01 0.0000e+00
920 0.0000e+00 0.0000e+00 8.9945e-05 0.0000e+00 8.9945e-05 2.1478e-01 0.0000e+00
921 0.0000e+00 0.0000e+00 8.9692e-05 0.0000e+00 8.9692e-05 2.1487e-01 0.0000e+00
922 0.0000e+00 0.0000e+00 8.9441e-05 0.0000e+00 8.9441e-05 2.1496e-01 0.0000e+00
923 0.0000e+00 0.0000e+00 8.9191e-05 0.0000e+00 8.9191e-05 2.1505e-01 0.0000e+00
924 0.0000e+00 0.0000e+00 8.8943e-05 0.0000e+00 8.8943e-05 2.1514e-01 0.0000e+00
925 0.0000e+00 0.0000e+00 8.8696e-05 0.0000e+00 8.8696e-05 2.1522e-01 0.0000e+00
926 0.0000e+00 0.0000e+00 8.8451e-05 0.0000e+00 8.8451e-05 2.1531e-01 0.0000e+00
927 0.0000e+00 0.0000e+00 8.8207e-05 0.0000e+00 8.8207e-05 2.1540e-01 0.0000e+00
928 0.0000e+00 0.0000e+00 8.7964e-05 0.0000e+00 8.7964e-05 2.1549e-01 0.0000e+00
929 0.0000e+00 0.0000e+00 8.7722e-05 0.0000e+00 8.7722e-05 2.1558e-01 0.0000e+00
930 0.0000e+00 0.0000e+00 8.7482e-05 0.0000e+00 8.7482e-05 2.1566e-01 0.0000e+00
931 0.0000e+00 0.0000e+00 8.7243e-05 0.0000e+00 8.7243e-05 2.1575e-01 0.0000e+00
932 0.0000e+00 0.0000e+00 8.7006e-05 0.0000e+00 8.7006e-05 2.1584e-01 0.0000e+00
933 0.0000e+00 9.6000e-05 8.6770e-05 0.0000e+00 8.6770e-05 2.1592e-01 0.0000e+00
934 0.0000e+00 1.8520e-04 8.6535e-05 0.0000e+00 8.6535e-05 2.1601e-01 0.0000e+00
935 0.0000e+00 2.6210e-04 8.6301e-05 0.0000e+00 8.6301e-05 2.1610e-01 0.0000e+00
936 0.0000e+00 3.2090e-04 8.6069e-05 0.0000e+00 8.6069e-05 2.1618e-01 0.0000e+00
937 0.0000e+00 3.5500e-04 8.5837e-05 0.0000e+00 8.5837e-05 2.1627e-01 0.0000e+00
938 0.0000e+00 3.7070e-04 8.5607e-05 0.0000e+00 8.5607e-05 2.1636e-01 0.0000e+00
939 0.0000e+00 3.5500e-04 8.5379e-05 0.0000e+00 8.5379e-05 2.1644e-01 0.0000e+00
940 0.0000e+00 3.2090e-04 8.5151e-05 0.0000e+00 8.5151e-05 2.1653e-01 0.0000e+00
941 0.0000e+00 2.6210e-04 8.4925e-05 0.0000e+00 8.4925e-05 2.1661e-01 0.0000e+00
942 0.0000e+00 1.8520e-04 8.4700e-05 0.0000e+00 8.4700e-05 2.1670e-01 0.0000e+00
943 0.0000e+00 8.9700e-05 8.4476e-05 0.0000e+00 8.4476e-05 2.1678e-01 0.0000e+00
944 0.0000e+00 0.0000e+00 8.4253e-05 0.0000e+00 8.4253e-05 2.1686e-01 0.0000e+00
945 0.0000e+00 0.0000e+00 8.4032e-05 0.0000e+00 8.4032e-05 2.1695e-01 0.0000e+00
946 0.0000e+00 0.0000e+00 8.3811e-05 0.0000e+00 8.3811e-05 2.1703e-01 0.0000e+00
947 0.0000e+00 0.0000e+00 8.3592e-05 0.0000e+00 8.3592e-05 2.1712e-01 0.0000e+00
948 0.0000e+00 0.0000e+00 8.3374e-05 0.0000e+00 8.3374e-05 2.1720e-01 0.0000e+00
949 0.0000e+00 0.0000e+00 8.3157e-05 0.0000e+00 8.3157e-05 2.1728e-01 0.0000e+00
950 0.0000e+00 0.0000e+00 8.2941e-05 0.0000e+00 8.2941e-05 2.1736e-01 0.0000e+00
Objective function values:
F1 1.739332e-06    NSE 0.70100   F2 3.063751e-02
Mean Obs Q 1.590065e-04   Variance Obs Q 6.123405e-09
    Error Variance 1.830875e-09

Water Balance for Subcatchment: Extracted study basin: Taegu Pyungkwang River

   SUMP       SUMAE      SUMQ       SUMRZ      SUMUZ      SBAR        BAL
1.890e-01  4.547e-02  1.232e-01  1.926e-02  0.000e+00  2.174e-01  8.026e-03
