Taegu Pyungkwang River Catchment: Calibration Data

Subcatchment : Extracted study basin: cat-10619

TL =     8.78
SUMAC =     1.00
SZQ =       0.02273
Subcatchment routing data:
Maximum Routing Delay       0.69444
Sum of Histogram ordinates:     1.0000
     1.00000 
Initial BAL             -0.21132
Initial SBAR             0.20932
Initial SR0              0.00200
it      p        ep       q(it)       quz      q       sbar       qof
1 0.0000e+00 6.1900e-05 3.2800e-05 0.0000e+00 3.2800e-05 2.0935e-01 0.0000e+00
2 0.0000e+00 6.4700e-05 3.2766e-05 0.0000e+00 3.2766e-05 2.0938e-01 0.0000e+00
3 1.0000e-03 6.1900e-05 3.2733e-05 0.0000e+00 3.2733e-05 2.0941e-01 0.0000e+00
4 1.0000e-03 5.6000e-05 3.2699e-05 0.0000e+00 3.2699e-05 2.0945e-01 0.0000e+00
5 1.0000e-03 4.5700e-05 4.6917e-05 9.0453e-05 3.2666e-05 2.0939e-01 1.4251e-05
6 5.0000e-04 3.2300e-05 4.1219e-05 1.2217e-04 3.2725e-05 2.0930e-01 8.4938e-06
7 5.0000e-04 1.5600e-05 4.1561e-05 1.5478e-04 3.2817e-05 2.0918e-01 8.7443e-06
8 0.0000e+00 0.0000e+00 3.2942e-05 1.2800e-04 3.2942e-05 2.0908e-01 0.0000e+00
9 5.0000e-04 0.0000e+00 4.2097e-05 1.6935e-04 3.3040e-05 2.0895e-01 9.0566e-06
10 5.0000e-04 0.0000e+00 4.2529e-05 2.0165e-04 3.3181e-05 2.0878e-01 9.3482e-06
11 0.0000e+00 0.0000e+00 3.3356e-05 1.6980e-04 3.3356e-05 2.0864e-01 0.0000e+00
12 0.0000e+00 0.0000e+00 3.3499e-05 1.4931e-04 3.3499e-05 2.0853e-01 0.0000e+00
13 1.0000e-03 0.0000e+00 5.2317e-05 2.5207e-04 3.3620e-05 2.0831e-01 1.8696e-05
14 5.0000e-04 0.0000e+00 4.3199e-05 2.6805e-04 3.3850e-05 2.0807e-01 9.3482e-06
15 5.0000e-04 0.0000e+00 4.3447e-05 2.8798e-04 3.4099e-05 2.0782e-01 9.3482e-06
16 1.0000e-03 0.0000e+00 5.3067e-05 3.6641e-04 3.4371e-05 2.0749e-01 1.8696e-05
17 0.0000e+00 0.0000e+00 3.4729e-05 3.0775e-04 3.4729e-05 2.0721e-01 0.0000e+00
18 0.0000e+00 0.0000e+00 3.5027e-05 2.7099e-04 3.5027e-05 2.0698e-01 0.0000e+00
19 0.0000e+00 0.0000e+00 3.5286e-05 2.4081e-04 3.5286e-05 2.0677e-01 0.0000e+00
20 0.0000e+00 0.0000e+00 3.5513e-05 2.1505e-04 3.5513e-05 2.0659e-01 0.0000e+00
21 0.0000e+00 1.8000e-05 3.5713e-05 1.9266e-04 3.5713e-05 2.0644e-01 0.0000e+00
22 0.0000e+00 3.4800e-05 3.5889e-05 1.7303e-04 3.5889e-05 2.0630e-01 0.0000e+00
23 0.0000e+00 4.9200e-05 3.6043e-05 1.5570e-04 3.6043e-05 2.0618e-01 0.0000e+00
24 3.0000e-03 6.0200e-05 1.2005e-04 4.6550e-04 3.6178e-05 2.0575e-01 8.3874e-05
25 2.0000e-03 6.6600e-05 9.3012e-05 6.0795e-04 3.6667e-05 2.0518e-01 5.6345e-05
26 5.5000e-03 6.9600e-05 1.9515e-04 1.1313e-03 3.7327e-05 2.0408e-01 1.5782e-04
27 6.0000e-03 6.6600e-05 2.1089e-04 1.6284e-03 3.8625e-05 2.0249e-01 1.7226e-04
28 1.0000e-03 6.0200e-05 6.7705e-05 1.4838e-03 4.0593e-05 2.0105e-01 2.7112e-05
29 2.5000e-03 4.9200e-05 1.1333e-04 1.5774e-03 4.2465e-05 1.9952e-01 7.0869e-05
30 0.0000e+00 3.4800e-05 4.4552e-05 1.3642e-03 4.4552e-05 1.9820e-01 0.0000e+00
31 0.0000e+00 1.6800e-05 4.6427e-05 1.2072e-03 4.6427e-05 1.9704e-01 0.0000e+00
32 1.0000e-03 0.0000e+00 7.4263e-05 1.1833e-03 4.8143e-05 1.9590e-01 2.6121e-05
33 5.0000e-04 0.0000e+00 6.4404e-05 1.1024e-03 4.9881e-05 1.9485e-01 1.4523e-05
34 0.0000e+00 0.0000e+00 5.1549e-05 9.7465e-04 5.1549e-05 1.9393e-01 0.0000e+00
35 0.0000e+00 0.0000e+00 5.3058e-05 8.6950e-04 5.3058e-05 1.9311e-01 0.0000e+00
36 0.0000e+00 0.0000e+00 5.4429e-05 7.7745e-04 5.4429e-05 1.9239e-01 0.0000e+00
37 0.0000e+00 0.0000e+00 5.5672e-05 6.9637e-04 5.5672e-05 1.9175e-01 0.0000e+00
38 0.0000e+00 0.0000e+00 5.6798e-05 6.2464e-04 5.6798e-05 1.9118e-01 0.0000e+00
39 0.0000e+00 0.0000e+00 5.7815e-05 5.6095e-04 5.7815e-05 1.9067e-01 0.0000e+00
40 0.0000e+00 0.0000e+00 5.8731e-05 5.0427e-04 5.8731e-05 1.9023e-01 0.0000e+00
41 0.0000e+00 0.0000e+00 5.9555e-05 4.5371e-04 5.9555e-05 1.8983e-01 0.0000e+00
42 0.0000e+00 0.0000e+00 6.0293e-05 4.0855e-04 6.0293e-05 1.8949e-01 0.0000e+00
43 0.0000e+00 0.0000e+00 6.0953e-05 3.6815e-04 6.0953e-05 1.8918e-01 0.0000e+00
44 0.0000e+00 0.0000e+00 6.1541e-05 3.3197e-04 6.1541e-05 1.8891e-01 0.0000e+00
45 0.0000e+00 3.3800e-05 6.2063e-05 2.9953e-04 6.2063e-05 1.8867e-01 0.0000e+00
46 1.0000e-03 6.5200e-05 9.0590e-05 3.9606e-04 6.2525e-05 1.8834e-01 2.8065e-05
47 0.0000e+00 9.2300e-05 6.3180e-05 3.3716e-04 6.3180e-05 1.8806e-01 0.0000e+00
48 5.0000e-04 1.1300e-04 7.3676e-05 3.4438e-04 6.3724e-05 1.8778e-01 9.9521e-06
49 0.0000e+00 1.2500e-04 6.4285e-05 3.0074e-04 6.4285e-05 1.8755e-01 0.0000e+00
50 1.0000e-03 1.3050e-04 8.6904e-05 3.6805e-04 6.4762e-05 1.8724e-01 2.2142e-05
51 2.5000e-03 1.2500e-04 1.3421e-04 6.2516e-04 6.5378e-05 1.8668e-01 6.8827e-05
52 3.0000e-03 1.1300e-04 1.5004e-04 8.8720e-04 6.6532e-05 1.8586e-01 8.3510e-05
53 2.5000e-03 9.2300e-05 1.3760e-04 1.0398e-03 6.8261e-05 1.8489e-01 6.9335e-05
54 3.0000e-03 6.5200e-05 1.5482e-04 1.2508e-03 7.0365e-05 1.8371e-01 8.4460e-05
55 2.5000e-03 3.1600e-05 1.4373e-04 1.3652e-03 7.3009e-05 1.8242e-01 7.0724e-05
56 2.0000e-03 0.0000e+00 1.3319e-04 1.4117e-03 7.6018e-05 1.8108e-01 5.7176e-05
57 1.0000e-03 0.0000e+00 1.0830e-04 1.3299e-03 7.9258e-05 1.7983e-01 2.9047e-05
58 1.0000e-03 0.0000e+00 1.2531e-04 1.2669e-03 8.2417e-05 1.7865e-01 4.2893e-05
59 0.0000e+00 0.0000e+00 8.5524e-05 1.0996e-03 8.5524e-05 1.7763e-01 0.0000e+00
60 5.0000e-04 0.0000e+00 1.0972e-04 1.0307e-03 8.8278e-05 1.7669e-01 2.1447e-05
61 5.0000e-04 0.0000e+00 1.1236e-04 9.6861e-04 9.0916e-05 1.7581e-01 2.1447e-05
62 0.0000e+00 0.0000e+00 9.3444e-05 8.4737e-04 9.3444e-05 1.7506e-01 0.0000e+00
63 0.0000e+00 0.0000e+00 9.5672e-05 7.4855e-04 9.5672e-05 1.7441e-01 0.0000e+00
64 0.0000e+00 0.0000e+00 9.7644e-05 6.6352e-04 9.7644e-05 1.7384e-01 0.0000e+00
65 0.0000e+00 0.0000e+00 9.9386e-05 5.8935e-04 9.9386e-05 1.7335e-01 0.0000e+00
66 0.0000e+00 0.0000e+00 1.0092e-04 5.2432e-04 1.0092e-04 1.7293e-01 0.0000e+00
67 0.0000e+00 0.0000e+00 1.0226e-04 4.6711e-04 1.0226e-04 1.7256e-01 0.0000e+00
68 0.0000e+00 0.0000e+00 1.0344e-04 4.1664e-04 1.0344e-04 1.7225e-01 0.0000e+00
69 0.0000e+00 4.1400e-05 1.0445e-04 3.7203e-04 1.0445e-04 1.7198e-01 0.0000e+00
70 0.0000e+00 7.9800e-05 1.0533e-04 3.3251e-04 1.0533e-04 1.7175e-01 0.0000e+00
71 0.0000e+00 1.1290e-04 1.0608e-04 2.9746e-04 1.0608e-04 1.7156e-01 0.0000e+00
72 0.0000e+00 1.3830e-04 1.0672e-04 2.6632e-04 1.0672e-04 1.7140e-01 0.0000e+00
73 0.0000e+00 1.5300e-04 1.0725e-04 2.3863e-04 1.0725e-04 1.7127e-01 0.0000e+00
74 0.0000e+00 1.5980e-04 1.0769e-04 2.1397e-04 1.0769e-04 1.7117e-01 0.0000e+00
75 0.0000e+00 1.5300e-04 1.0805e-04 1.9199e-04 1.0805e-04 1.7108e-01 0.0000e+00
76 0.0000e+00 1.3830e-04 1.0833e-04 1.7238e-04 1.0833e-04 1.7102e-01 0.0000e+00
77 0.0000e+00 1.1290e-04 1.0855e-04 1.5488e-04 1.0855e-04 1.7097e-01 0.0000e+00
78 0.0000e+00 7.9800e-05 1.0871e-04 1.3923e-04 1.0871e-04 1.7094e-01 0.0000e+00
79 0.0000e+00 3.8700e-05 1.0881e-04 1.2524e-04 1.0881e-04 1.7092e-01 0.0000e+00
80 0.0000e+00 0.0000e+00 1.0887e-04 1.1272e-04 1.0887e-04 1.7092e-01 0.0000e+00
81 0.0000e+00 0.0000e+00 1.0888e-04 1.0151e-04 1.0888e-04 1.7093e-01 0.0000e+00
82 0.0000e+00 0.0000e+00 1.0886e-04 9.1458e-05 1.0886e-04 1.7095e-01 0.0000e+00
83 0.0000e+00 0.0000e+00 1.0880e-04 8.2446e-05 1.0880e-04 1.7097e-01 0.0000e+00
84 0.0000e+00 0.0000e+00 1.0871e-04 7.4358e-05 1.0871e-04 1.7101e-01 0.0000e+00
85 0.0000e+00 0.0000e+00 1.0859e-04 6.7097e-05 1.0859e-04 1.7105e-01 0.0000e+00
86 0.0000e+00 0.0000e+00 1.0845e-04 6.0572e-05 1.0845e-04 1.7110e-01 0.0000e+00
87 0.0000e+00 0.0000e+00 1.0829e-04 5.4708e-05 1.0829e-04 1.7115e-01 0.0000e+00
88 0.0000e+00 0.0000e+00 1.0811e-04 4.9433e-05 1.0811e-04 1.7121e-01 0.0000e+00
89 0.0000e+00 0.0000e+00 1.0791e-04 4.4686e-05 1.0791e-04 1.7127e-01 0.0000e+00
90 0.0000e+00 0.0000e+00 1.0770e-04 4.0412e-05 1.0770e-04 1.7134e-01 0.0000e+00
91 0.0000e+00 0.0000e+00 1.0747e-04 3.6562e-05 1.0747e-04 1.7141e-01 0.0000e+00
92 0.0000e+00 0.0000e+00 1.0723e-04 3.3092e-05 1.0723e-04 1.7148e-01 0.0000e+00
93 0.0000e+00 1.9100e-05 1.0698e-04 2.9962e-05 1.0698e-04 1.7156e-01 0.0000e+00
94 0.0000e+00 3.6800e-05 1.0673e-04 2.7140e-05 1.0673e-04 1.7164e-01 0.0000e+00
95 0.0000e+00 5.2100e-05 1.0646e-04 2.4593e-05 1.0646e-04 1.7172e-01 0.0000e+00
96 0.0000e+00 6.3800e-05 1.0619e-04 2.2293e-05 1.0619e-04 1.7181e-01 0.0000e+00
97 5.0000e-04 7.0600e-05 1.0591e-04 2.0215e-05 1.0591e-04 1.7189e-01 0.0000e+00
98 5.0000e-04 7.3700e-05 1.0563e-04 1.8337e-05 1.0563e-04 1.7198e-01 0.0000e+00
99 0.0000e+00 7.0600e-05 1.0534e-04 1.6640e-05 1.0534e-04 1.7207e-01 0.0000e+00
100 0.0000e+00 6.3800e-05 1.0505e-04 1.5105e-05 1.0505e-04 1.7216e-01 0.0000e+00
101 0.0000e+00 5.2100e-05 1.0475e-04 1.3715e-05 1.0475e-04 1.7225e-01 0.0000e+00
102 0.0000e+00 3.6800e-05 1.0446e-04 1.2458e-05 1.0446e-04 1.7234e-01 0.0000e+00
103 0.0000e+00 1.7800e-05 1.0416e-04 1.1320e-05 1.0416e-04 1.7243e-01 0.0000e+00
104 0.0000e+00 0.0000e+00 1.0385e-04 1.0289e-05 1.0385e-04 1.7253e-01 0.0000e+00
105 0.0000e+00 0.0000e+00 1.0355e-04 9.3541e-06 1.0355e-04 1.7262e-01 0.0000e+00
106 0.0000e+00 0.0000e+00 1.0325e-04 8.5071e-06 1.0325e-04 1.7272e-01 0.0000e+00
107 0.0000e+00 0.0000e+00 1.0294e-04 7.7391e-06 1.0294e-04 1.7281e-01 0.0000e+00
108 0.0000e+00 0.0000e+00 1.0264e-04 7.0424e-06 1.0264e-04 1.7291e-01 0.0000e+00
109 0.0000e+00 0.0000e+00 1.0233e-04 6.4094e-06 1.0233e-04 1.7300e-01 0.0000e+00
110 0.0000e+00 0.0000e+00 1.0202e-04 5.8358e-06 1.0202e-04 1.7310e-01 0.0000e+00
111 5.0000e-04 0.0000e+00 1.0172e-04 5.3150e-06 1.0172e-04 1.7320e-01 0.0000e+00
112 0.0000e+00 0.0000e+00 1.0141e-04 4.8420e-06 1.0141e-04 1.7329e-01 0.0000e+00
113 0.0000e+00 0.0000e+00 1.0111e-04 4.4122e-06 1.0111e-04 1.7339e-01 0.0000e+00
114 0.0000e+00 0.0000e+00 1.0080e-04 4.0216e-06 1.0080e-04 1.7349e-01 0.0000e+00
115 0.0000e+00 0.0000e+00 1.0050e-04 3.6665e-06 1.0050e-04 1.7358e-01 0.0000e+00
116 0.0000e+00 0.0000e+00 1.0019e-04 3.3437e-06 1.0019e-04 1.7368e-01 0.0000e+00
117 0.0000e+00 1.0200e-05 9.9890e-05 3.0500e-06 9.9890e-05 1.7378e-01 0.0000e+00
118 0.0000e+00 1.9800e-05 9.9588e-05 2.7827e-06 9.9588e-05 1.7387e-01 0.0000e+00
119 0.0000e+00 2.8000e-05 9.9288e-05 2.5395e-06 9.9288e-05 1.7397e-01 0.0000e+00
120 0.0000e+00 3.4200e-05 9.8988e-05 2.3181e-06 9.8988e-05 1.7407e-01 0.0000e+00
121 0.0000e+00 3.7900e-05 9.8689e-05 2.1165e-06 9.8689e-05 1.7416e-01 0.0000e+00
122 0.0000e+00 3.9500e-05 9.8392e-05 1.9329e-06 9.8392e-05 1.7426e-01 0.0000e+00
123 0.0000e+00 3.7900e-05 9.8096e-05 1.7656e-06 9.8096e-05 1.7436e-01 0.0000e+00
124 0.0000e+00 3.4200e-05 9.7801e-05 1.6131e-06 9.7801e-05 1.7445e-01 0.0000e+00
125 0.0000e+00 2.8000e-05 9.7507e-05 1.4732e-06 9.7507e-05 1.7455e-01 0.0000e+00
126 0.0000e+00 1.9800e-05 9.7215e-05 1.3466e-06 9.7215e-05 1.7464e-01 0.0000e+00
127 0.0000e+00 9.6000e-06 9.6924e-05 1.2312e-06 9.6924e-05 1.7474e-01 0.0000e+00
128 0.0000e+00 0.0000e+00 9.6635e-05 1.1259e-06 9.6635e-05 1.7483e-01 0.0000e+00
129 0.0000e+00 0.0000e+00 9.6347e-05 1.0298e-06 9.6347e-05 1.7493e-01 0.0000e+00
130 0.0000e+00 0.0000e+00 9.6060e-05 9.4216e-07 9.6060e-05 1.7503e-01 0.0000e+00
131 0.0000e+00 0.0000e+00 9.5775e-05 8.6211e-07 9.5775e-05 1.7512e-01 0.0000e+00
132 0.0000e+00 0.0000e+00 9.5492e-05 7.8901e-07 9.5492e-05 1.7521e-01 0.0000e+00
133 0.0000e+00 0.0000e+00 9.5209e-05 7.2225e-07 9.5209e-05 1.7531e-01 0.0000e+00
134 0.0000e+00 0.0000e+00 9.4929e-05 6.6127e-07 9.4929e-05 1.7540e-01 0.0000e+00
135 0.0000e+00 0.0000e+00 9.4649e-05 6.0556e-07 9.4649e-05 1.7550e-01 0.0000e+00
136 0.0000e+00 0.0000e+00 9.4372e-05 5.5464e-07 9.4372e-05 1.7559e-01 0.0000e+00
137 0.0000e+00 0.0000e+00 9.4095e-05 5.0809e-07 9.4095e-05 1.7569e-01 0.0000e+00
138 0.0000e+00 0.0000e+00 9.3821e-05 4.6554e-07 9.3821e-05 1.7578e-01 0.0000e+00
139 0.0000e+00 0.0000e+00 9.3547e-05 4.2663e-07 9.3547e-05 1.7587e-01 0.0000e+00
140 0.0000e+00 0.0000e+00 9.3276e-05 3.9104e-07 9.3276e-05 1.7596e-01 0.0000e+00
141 5.0000e-04 4.1400e-05 9.3005e-05 3.5720e-07 9.3005e-05 1.7606e-01 0.0000e+00
142 0.0000e+00 7.9900e-05 9.2736e-05 3.2758e-07 9.2736e-05 1.7615e-01 0.0000e+00
143 0.0000e+00 1.1300e-04 9.2469e-05 3.0047e-07 9.2469e-05 1.7624e-01 0.0000e+00
144 0.0000e+00 1.3840e-04 9.2203e-05 2.7564e-07 9.2203e-05 1.7633e-01 0.0000e+00
145 0.0000e+00 1.5310e-04 9.1938e-05 2.5291e-07 9.1938e-05 1.7643e-01 0.0000e+00
146 0.0000e+00 1.5990e-04 9.1675e-05 2.3209e-07 9.1675e-05 1.7652e-01 0.0000e+00
147 0.0000e+00 1.5310e-04 9.1414e-05 2.1301e-07 9.1414e-05 1.7661e-01 0.0000e+00
148 0.0000e+00 1.3840e-04 9.1154e-05 1.9554e-07 9.1154e-05 1.7670e-01 0.0000e+00
149 0.0000e+00 1.1300e-04 9.0895e-05 1.7953e-07 9.0895e-05 1.7679e-01 0.0000e+00
150 0.0000e+00 7.9900e-05 9.0638e-05 1.6485e-07 9.0638e-05 1.7688e-01 0.0000e+00
151 0.0000e+00 3.8700e-05 9.0382e-05 1.5140e-07 9.0382e-05 1.7697e-01 0.0000e+00
152 0.0000e+00 0.0000e+00 9.0127e-05 1.3906e-07 9.0127e-05 1.7706e-01 0.0000e+00
153 0.0000e+00 0.0000e+00 8.9874e-05 1.2775e-07 8.9874e-05 1.7715e-01 0.0000e+00
154 0.0000e+00 0.0000e+00 8.9622e-05 1.1738e-07 8.9622e-05 1.7724e-01 0.0000e+00
155 0.0000e+00 0.0000e+00 8.9372e-05 1.0786e-07 8.9372e-05 1.7733e-01 0.0000e+00
156 0.0000e+00 0.0000e+00 8.9123e-05 9.9133e-08 8.9123e-05 1.7742e-01 0.0000e+00
157 0.0000e+00 0.0000e+00 8.8876e-05 8.9364e-08 8.8876e-05 1.7751e-01 0.0000e+00
158 0.0000e+00 0.0000e+00 8.8629e-05 8.2209e-08 8.8629e-05 1.7760e-01 0.0000e+00
159 0.0000e+00 0.0000e+00 8.8384e-05 7.5636e-08 8.8384e-05 1.7768e-01 0.0000e+00
160 0.0000e+00 0.0000e+00 8.8141e-05 6.9597e-08 8.8141e-05 1.7777e-01 0.0000e+00
161 0.0000e+00 0.0000e+00 8.7899e-05 6.4048e-08 8.7899e-05 1.7786e-01 0.0000e+00
162 0.0000e+00 0.0000e+00 8.7658e-05 5.8949e-08 8.7658e-05 1.7795e-01 0.0000e+00
163 0.0000e+00 0.0000e+00 8.7418e-05 5.4262e-08 8.7418e-05 1.7803e-01 0.0000e+00
164 0.0000e+00 0.0000e+00 8.7180e-05 4.9954e-08 8.7180e-05 1.7812e-01 0.0000e+00
165 0.0000e+00 1.7800e-05 8.6943e-05 4.5993e-08 8.6943e-05 1.7821e-01 0.0000e+00
166 0.0000e+00 3.4400e-05 8.6707e-05 4.2351e-08 8.6707e-05 1.7830e-01 0.0000e+00
167 0.0000e+00 4.8600e-05 8.6472e-05 3.9002e-08 8.6472e-05 1.7838e-01 0.0000e+00
168 0.0000e+00 5.9500e-05 8.6239e-05 3.5922e-08 8.6239e-05 1.7847e-01 0.0000e+00
169 0.0000e+00 6.5900e-05 8.6007e-05 3.3089e-08 8.6007e-05 1.7855e-01 0.0000e+00
170 0.0000e+00 6.8800e-05 8.5776e-05 3.0483e-08 8.5776e-05 1.7864e-01 0.0000e+00
171 0.0000e+00 6.5900e-05 8.5547e-05 2.8086e-08 8.5547e-05 1.7872e-01 0.0000e+00
172 0.0000e+00 5.9500e-05 8.5318e-05 2.5880e-08 8.5318e-05 1.7881e-01 0.0000e+00
173 0.0000e+00 4.8600e-05 8.5091e-05 2.3850e-08 8.5091e-05 1.7890e-01 0.0000e+00
174 0.0000e+00 3.4400e-05 8.4865e-05 2.0187e-08 8.4865e-05 1.7898e-01 0.0000e+00
175 0.0000e+00 1.6600e-05 8.4641e-05 1.8640e-08 8.4641e-05 1.7906e-01 0.0000e+00
176 0.0000e+00 0.0000e+00 8.4417e-05 1.7213e-08 8.4417e-05 1.7915e-01 0.0000e+00
177 0.0000e+00 0.0000e+00 8.4195e-05 1.5897e-08 8.4195e-05 1.7923e-01 0.0000e+00
178 0.0000e+00 0.0000e+00 8.3974e-05 1.4682e-08 8.3974e-05 1.7932e-01 0.0000e+00
179 0.0000e+00 0.0000e+00 8.3754e-05 1.3561e-08 8.3754e-05 1.7940e-01 0.0000e+00
180 0.0000e+00 0.0000e+00 8.3535e-05 1.2527e-08 8.3535e-05 1.7948e-01 0.0000e+00
181 0.0000e+00 0.0000e+00 8.3317e-05 1.1573e-08 8.3317e-05 1.7957e-01 0.0000e+00
182 0.0000e+00 0.0000e+00 8.3100e-05 1.0692e-08 8.3100e-05 1.7965e-01 0.0000e+00
183 0.0000e+00 0.0000e+00 8.2885e-05 9.8788e-09 8.2885e-05 1.7973e-01 0.0000e+00
184 0.0000e+00 0.0000e+00 8.2670e-05 9.1283e-09 8.2670e-05 1.7982e-01 0.0000e+00
185 0.0000e+00 0.0000e+00 8.2457e-05 8.4355e-09 8.2457e-05 1.7990e-01 0.0000e+00
186 0.0000e+00 0.0000e+00 8.2245e-05 7.7959e-09 8.2245e-05 1.7998e-01 0.0000e+00
187 0.0000e+00 0.0000e+00 8.2034e-05 7.2053e-09 8.2034e-05 1.8006e-01 0.0000e+00
188 0.0000e+00 0.0000e+00 8.1824e-05 6.6600e-09 8.1824e-05 1.8015e-01 0.0000e+00
189 0.0000e+00 4.5600e-05 8.1615e-05 6.1564e-09 8.1615e-05 1.8023e-01 0.0000e+00
190 5.0000e-04 8.7900e-05 8.1407e-05 5.6914e-09 8.1407e-05 1.8031e-01 0.0000e+00
191 0.0000e+00 1.2440e-04 8.1200e-05 4.0192e-09 8.1200e-05 1.8039e-01 0.0000e+00
192 0.0000e+00 1.5230e-04 8.0995e-05 3.7281e-09 8.0995e-05 1.8047e-01 0.0000e+00
193 0.0000e+00 1.6850e-04 8.0790e-05 3.4582e-09 8.0790e-05 1.8055e-01 0.0000e+00
194 0.0000e+00 1.7590e-04 8.0586e-05 3.2080e-09 8.0586e-05 1.8063e-01 0.0000e+00
195 0.0000e+00 1.6850e-04 8.0383e-05 2.9761e-09 8.0383e-05 1.8071e-01 0.0000e+00
196 0.0000e+00 1.5230e-04 8.0182e-05 2.7611e-09 8.0182e-05 1.8079e-01 0.0000e+00
197 0.0000e+00 1.2440e-04 7.9981e-05 2.5617e-09 7.9981e-05 1.8087e-01 0.0000e+00
198 0.0000e+00 8.7900e-05 7.9781e-05 2.3768e-09 7.9781e-05 1.8095e-01 0.0000e+00
199 0.0000e+00 4.2600e-05 7.9583e-05 2.2054e-09 7.9583e-05 1.8103e-01 0.0000e+00
200 0.0000e+00 0.0000e+00 7.9385e-05 2.0464e-09 7.9385e-05 1.8111e-01 0.0000e+00
201 0.0000e+00 0.0000e+00 7.9188e-05 1.8990e-09 7.9188e-05 1.8119e-01 0.0000e+00
202 0.0000e+00 0.0000e+00 7.8993e-05 1.7622e-09 7.8993e-05 1.8127e-01 0.0000e+00
203 0.0000e+00 0.0000e+00 7.8798e-05 1.6354e-09 7.8798e-05 1.8135e-01 0.0000e+00
204 0.0000e+00 0.0000e+00 7.8604e-05 1.5178e-09 7.8604e-05 1.8143e-01 0.0000e+00
205 0.0000e+00 0.0000e+00 7.8411e-05 1.4087e-09 7.8411e-05 1.8150e-01 0.0000e+00
206 0.0000e+00 0.0000e+00 7.8219e-05 1.3075e-09 7.8219e-05 1.8158e-01 0.0000e+00
207 0.0000e+00 0.0000e+00 7.8028e-05 6.4976e-10 7.8028e-05 1.8166e-01 0.0000e+00
208 0.0000e+00 0.0000e+00 7.7838e-05 6.0561e-10 7.7838e-05 1.8174e-01 0.0000e+00
209 0.0000e+00 0.0000e+00 7.7649e-05 5.6448e-10 7.7649e-05 1.8182e-01 0.0000e+00
210 0.0000e+00 0.0000e+00 7.7461e-05 5.2616e-10 7.7461e-05 1.8189e-01 0.0000e+00
211 0.0000e+00 0.0000e+00 7.7274e-05 4.9045e-10 7.7274e-05 1.8197e-01 0.0000e+00
212 0.0000e+00 0.0000e+00 7.7087e-05 4.5718e-10 7.7087e-05 1.8205e-01 0.0000e+00
213 0.0000e+00 4.9000e-05 7.6902e-05 4.2617e-10 7.6902e-05 1.8213e-01 0.0000e+00
214 0.0000e+00 9.4600e-05 7.6717e-05 3.9728e-10 7.6717e-05 1.8220e-01 0.0000e+00
215 0.0000e+00 1.3380e-04 7.6534e-05 3.7036e-10 7.6534e-05 1.8228e-01 0.0000e+00
216 0.0000e+00 1.6380e-04 7.6351e-05 3.4527e-10 7.6351e-05 1.8235e-01 0.0000e+00
217 0.0000e+00 1.8130e-04 7.6169e-05 3.2189e-10 7.6169e-05 1.8243e-01 0.0000e+00
218 0.0000e+00 1.8920e-04 7.5988e-05 3.0010e-10 7.5988e-05 1.8251e-01 0.0000e+00
219 0.0000e+00 1.8130e-04 7.5808e-05 2.7979e-10 7.5808e-05 1.8258e-01 0.0000e+00
220 0.0000e+00 1.6380e-04 7.5628e-05 2.6086e-10 7.5628e-05 1.8266e-01 0.0000e+00
221 0.0000e+00 1.3380e-04 7.5450e-05 2.4322e-10 7.5450e-05 1.8273e-01 0.0000e+00
222 0.0000e+00 9.4600e-05 7.5272e-05 2.2678e-10 7.5272e-05 1.8281e-01 0.0000e+00
223 0.0000e+00 4.5800e-05 7.5095e-05 2.1146e-10 7.5095e-05 1.8288e-01 0.0000e+00
224 0.0000e+00 0.0000e+00 7.4919e-05 4.8818e-11 7.4919e-05 1.8296e-01 0.0000e+00
225 0.0000e+00 0.0000e+00 7.4744e-05 4.5730e-11 7.4744e-05 1.8303e-01 0.0000e+00
226 0.0000e+00 0.0000e+00 7.4570e-05 4.2839e-11 7.4570e-05 1.8311e-01 0.0000e+00
227 0.0000e+00 0.0000e+00 7.4396e-05 4.0131e-11 7.4396e-05 1.8318e-01 0.0000e+00
228 0.0000e+00 0.0000e+00 7.4223e-05 3.7595e-11 7.4223e-05 1.8326e-01 0.0000e+00
229 0.0000e+00 0.0000e+00 7.4051e-05 3.5219e-11 7.4051e-05 1.8333e-01 0.0000e+00
230 0.0000e+00 0.0000e+00 7.3880e-05 3.2995e-11 7.3880e-05 1.8341e-01 0.0000e+00
231 0.0000e+00 0.0000e+00 7.3710e-05 3.0911e-11 7.3710e-05 1.8348e-01 0.0000e+00
232 0.0000e+00 0.0000e+00 7.3540e-05 2.8959e-11 7.3540e-05 1.8355e-01 0.0000e+00
233 0.0000e+00 0.0000e+00 7.3371e-05 2.7131e-11 7.3371e-05 1.8363e-01 0.0000e+00
234 0.0000e+00 0.0000e+00 7.3203e-05 2.5419e-11 7.3203e-05 1.8370e-01 0.0000e+00
235 0.0000e+00 0.0000e+00 7.3036e-05 2.3815e-11 7.3036e-05 1.8377e-01 0.0000e+00
236 0.0000e+00 0.0000e+00 7.2870e-05 2.2313e-11 7.2870e-05 1.8384e-01 0.0000e+00
237 0.0000e+00 5.1700e-05 7.2704e-05 2.0906e-11 7.2704e-05 1.8392e-01 0.0000e+00
238 0.0000e+00 9.9800e-05 7.2539e-05 1.9588e-11 7.2539e-05 1.8399e-01 0.0000e+00
239 0.0000e+00 1.4120e-04 7.2375e-05 1.8353e-11 7.2375e-05 1.8406e-01 0.0000e+00
240 0.0000e+00 1.7290e-04 7.2211e-05 1.7197e-11 7.2211e-05 1.8413e-01 0.0000e+00
241 5.0000e-04 1.9130e-04 7.2048e-05 0.0000e+00 7.2048e-05 1.8421e-01 0.0000e+00
242 1.0000e-03 1.9970e-04 7.1886e-05 0.0000e+00 7.1886e-05 1.8428e-01 0.0000e+00
243 0.0000e+00 1.9130e-04 7.1725e-05 0.0000e+00 7.1725e-05 1.8435e-01 0.0000e+00
244 0.0000e+00 1.7290e-04 7.1564e-05 0.0000e+00 7.1564e-05 1.8442e-01 0.0000e+00
245 0.0000e+00 1.4120e-04 7.1405e-05 0.0000e+00 7.1405e-05 1.8449e-01 0.0000e+00
246 0.0000e+00 9.9800e-05 7.1245e-05 0.0000e+00 7.1245e-05 1.8456e-01 0.0000e+00
247 0.0000e+00 4.8300e-05 7.1087e-05 0.0000e+00 7.1087e-05 1.8464e-01 0.0000e+00
248 0.0000e+00 0.0000e+00 7.0929e-05 0.0000e+00 7.0929e-05 1.8471e-01 0.0000e+00
249 0.0000e+00 0.0000e+00 7.0772e-05 0.0000e+00 7.0772e-05 1.8478e-01 0.0000e+00
250 0.0000e+00 0.0000e+00 7.0616e-05 0.0000e+00 7.0616e-05 1.8485e-01 0.0000e+00
251 0.0000e+00 0.0000e+00 7.0460e-05 0.0000e+00 7.0460e-05 1.8492e-01 0.0000e+00
252 0.0000e+00 0.0000e+00 7.0305e-05 0.0000e+00 7.0305e-05 1.8499e-01 0.0000e+00
253 1.0000e-03 0.0000e+00 7.0151e-05 0.0000e+00 7.0151e-05 1.8506e-01 0.0000e+00
254 0.0000e+00 0.0000e+00 6.9997e-05 0.0000e+00 6.9997e-05 1.8513e-01 0.0000e+00
255 0.0000e+00 0.0000e+00 6.9844e-05 0.0000e+00 6.9844e-05 1.8520e-01 0.0000e+00
256 0.0000e+00 0.0000e+00 6.9692e-05 0.0000e+00 6.9692e-05 1.8527e-01 0.0000e+00
257 0.0000e+00 0.0000e+00 6.9540e-05 0.0000e+00 6.9540e-05 1.8534e-01 0.0000e+00
258 0.0000e+00 0.0000e+00 6.9389e-05 0.0000e+00 6.9389e-05 1.8541e-01 0.0000e+00
259 0.0000e+00 0.0000e+00 6.9239e-05 0.0000e+00 6.9239e-05 1.8548e-01 0.0000e+00
260 0.0000e+00 0.0000e+00 6.9089e-05 0.0000e+00 6.9089e-05 1.8555e-01 0.0000e+00
261 0.0000e+00 7.5200e-05 6.8940e-05 0.0000e+00 6.8940e-05 1.8561e-01 0.0000e+00
262 1.0000e-03 1.4510e-04 6.8792e-05 0.0000e+00 6.8792e-05 1.8568e-01 0.0000e+00
263 0.0000e+00 2.0520e-04 6.8644e-05 0.0000e+00 6.8644e-05 1.8575e-01 0.0000e+00
264 0.0000e+00 2.5130e-04 6.8497e-05 0.0000e+00 6.8497e-05 1.8582e-01 0.0000e+00
265 0.0000e+00 2.7800e-04 6.8351e-05 0.0000e+00 6.8351e-05 1.8589e-01 0.0000e+00
266 0.0000e+00 2.9030e-04 6.8205e-05 0.0000e+00 6.8205e-05 1.8596e-01 0.0000e+00
267 0.0000e+00 2.7800e-04 6.8060e-05 0.0000e+00 6.8060e-05 1.8603e-01 0.0000e+00
268 0.0000e+00 2.5130e-04 6.7915e-05 0.0000e+00 6.7915e-05 1.8609e-01 0.0000e+00
269 0.0000e+00 2.0520e-04 6.7771e-05 0.0000e+00 6.7771e-05 1.8616e-01 0.0000e+00
270 0.0000e+00 1.4510e-04 6.7628e-05 0.0000e+00 6.7628e-05 1.8623e-01 0.0000e+00
271 0.0000e+00 7.0200e-05 6.7485e-05 0.0000e+00 6.7485e-05 1.8630e-01 0.0000e+00
272 0.0000e+00 0.0000e+00 6.7343e-05 0.0000e+00 6.7343e-05 1.8636e-01 0.0000e+00
273 0.0000e+00 0.0000e+00 6.7201e-05 0.0000e+00 6.7201e-05 1.8643e-01 0.0000e+00
274 0.0000e+00 0.0000e+00 6.7060e-05 0.0000e+00 6.7060e-05 1.8650e-01 0.0000e+00
275 0.0000e+00 0.0000e+00 6.6920e-05 0.0000e+00 6.6920e-05 1.8656e-01 0.0000e+00
276 0.0000e+00 0.0000e+00 6.6780e-05 0.0000e+00 6.6780e-05 1.8663e-01 0.0000e+00
277 0.0000e+00 0.0000e+00 6.6641e-05 0.0000e+00 6.6641e-05 1.8670e-01 0.0000e+00
278 0.0000e+00 0.0000e+00 6.6502e-05 0.0000e+00 6.6502e-05 1.8676e-01 0.0000e+00
279 0.0000e+00 0.0000e+00 6.6364e-05 0.0000e+00 6.6364e-05 1.8683e-01 0.0000e+00
280 0.0000e+00 0.0000e+00 6.6227e-05 0.0000e+00 6.6227e-05 1.8690e-01 0.0000e+00
281 0.0000e+00 0.0000e+00 6.6090e-05 0.0000e+00 6.6090e-05 1.8696e-01 0.0000e+00
282 0.0000e+00 0.0000e+00 6.5953e-05 0.0000e+00 6.5953e-05 1.8703e-01 0.0000e+00
283 1.0000e-03 0.0000e+00 6.5818e-05 0.0000e+00 6.5818e-05 1.8709e-01 0.0000e+00
284 5.0000e-04 0.0000e+00 6.5682e-05 0.0000e+00 6.5682e-05 1.8716e-01 0.0000e+00
285 2.5000e-03 2.4400e-05 7.0209e-05 2.1122e-05 6.5548e-05 1.8720e-01 4.6612e-06
286 6.0000e-03 4.7000e-05 2.3903e-04 8.0171e-04 6.5457e-05 1.8647e-01 1.7357e-04
287 4.0000e-03 6.6500e-05 1.8180e-04 1.1154e-03 6.6980e-05 1.8542e-01 1.1482e-04
288 1.5000e-03 8.1400e-05 1.1085e-04 1.0795e-03 6.9211e-05 1.8441e-01 4.1639e-05
289 0.0000e+00 9.0100e-05 7.1431e-05 9.0089e-04 7.1431e-05 1.8358e-01 0.0000e+00
290 0.0000e+00 9.4000e-05 7.3307e-05 7.7863e-04 7.3307e-05 1.8288e-01 0.0000e+00
291 5.0000e-04 9.0100e-05 8.1766e-05 7.1198e-04 7.4941e-05 1.8224e-01 6.8251e-06
292 0.0000e+00 8.1400e-05 7.6448e-05 6.2064e-04 7.6448e-05 1.8169e-01 0.0000e+00
293 0.0000e+00 6.6500e-05 7.7759e-05 5.4666e-04 7.7759e-05 1.8123e-01 0.0000e+00
294 1.5000e-03 4.7000e-05 1.1557e-04 6.5847e-04 7.8907e-05 1.8065e-01 3.6668e-05
295 1.0000e-03 2.2800e-05 1.1081e-04 6.8331e-04 8.0349e-05 1.8004e-01 3.0457e-05
296 0.0000e+00 0.0000e+00 8.1877e-05 5.8077e-04 8.1877e-05 1.7954e-01 0.0000e+00
297 0.0000e+00 0.0000e+00 8.3163e-05 5.0892e-04 8.3163e-05 1.7912e-01 0.0000e+00
298 0.0000e+00 0.0000e+00 8.4277e-05 4.4925e-04 8.4277e-05 1.7875e-01 0.0000e+00
299 0.0000e+00 0.0000e+00 8.5244e-05 3.9811e-04 8.5244e-05 1.7844e-01 0.0000e+00
300 0.0000e+00 0.0000e+00 8.6082e-05 3.5370e-04 8.6082e-05 1.7817e-01 0.0000e+00
301 0.0000e+00 0.0000e+00 8.6804e-05 3.1487e-04 8.6804e-05 1.7794e-01 0.0000e+00
302 0.0000e+00 0.0000e+00 8.7425e-05 2.8077e-04 8.7425e-05 1.7775e-01 0.0000e+00
303 0.0000e+00 0.0000e+00 8.7955e-05 2.5072e-04 8.7955e-05 1.7759e-01 0.0000e+00
304 0.0000e+00 0.0000e+00 8.8404e-05 2.2418e-04 8.8404e-05 1.7745e-01 0.0000e+00
305 0.0000e+00 0.0000e+00 8.8780e-05 2.0066e-04 8.8780e-05 1.7734e-01 0.0000e+00
306 0.0000e+00 0.0000e+00 8.9091e-05 1.7980e-04 8.9091e-05 1.7725e-01 0.0000e+00
307 0.0000e+00 0.0000e+00 8.9343e-05 1.6126e-04 8.9343e-05 1.7718e-01 0.0000e+00
308 0.0000e+00 0.0000e+00 8.9544e-05 1.4475e-04 8.9544e-05 1.7712e-01 0.0000e+00
309 0.0000e+00 2.8800e-05 8.9699e-05 1.3004e-04 8.9699e-05 1.7708e-01 0.0000e+00
310 5.0000e-04 5.5500e-05 1.0905e-04 1.7573e-04 8.9812e-05 1.7700e-01 1.9234e-05
311 0.0000e+00 7.8500e-05 9.0054e-05 1.4974e-04 9.0054e-05 1.7694e-01 0.0000e+00
312 0.0000e+00 9.6200e-05 9.0222e-05 1.3196e-04 9.0222e-05 1.7690e-01 0.0000e+00
313 0.0000e+00 1.0640e-04 9.0340e-05 1.1729e-04 9.0340e-05 1.7687e-01 0.0000e+00
314 0.0000e+00 1.1110e-04 9.0416e-05 1.0463e-04 9.0416e-05 1.7685e-01 0.0000e+00
315 0.0000e+00 1.0640e-04 9.0456e-05 9.3559e-05 9.0456e-05 1.7685e-01 0.0000e+00
316 0.0000e+00 9.6200e-05 9.0465e-05 8.3813e-05 9.0465e-05 1.7686e-01 0.0000e+00
317 5.0000e-04 7.8500e-05 9.0446e-05 7.5196e-05 9.0446e-05 1.7687e-01 0.0000e+00
318 1.0000e-03 5.5500e-05 1.2365e-04 1.6946e-04 9.0403e-05 1.7679e-01 3.3243e-05
319 5.0000e-04 2.6900e-05 1.0969e-04 1.9623e-04 9.0626e-05 1.7669e-01 1.9066e-05
320 0.0000e+00 0.0000e+00 9.0926e-05 1.6326e-04 9.0926e-05 1.7662e-01 0.0000e+00
321 0.0000e+00 0.0000e+00 9.1132e-05 1.4150e-04 9.1132e-05 1.7657e-01 0.0000e+00
322 1.0000e-03 0.0000e+00 1.3301e-04 2.5251e-04 9.1275e-05 1.7640e-01 4.1739e-05
323 1.0000e-03 0.0000e+00 1.3463e-04 3.3841e-04 9.1736e-05 1.7616e-01 4.2893e-05
324 0.0000e+00 0.0000e+00 9.2446e-05 2.7741e-04 9.2446e-05 1.7597e-01 0.0000e+00
325 0.0000e+00 0.0000e+00 9.2982e-05 2.3896e-04 9.2982e-05 1.7583e-01 0.0000e+00
326 0.0000e+00 0.0000e+00 9.3407e-05 2.0847e-04 9.3407e-05 1.7571e-01 0.0000e+00
327 0.0000e+00 0.0000e+00 9.3744e-05 1.8297e-04 9.3744e-05 1.7562e-01 0.0000e+00
328 0.0000e+00 0.0000e+00 9.4005e-05 1.6127e-04 9.4005e-05 1.7555e-01 0.0000e+00
329 0.0000e+00 0.0000e+00 9.4203e-05 1.4263e-04 9.4203e-05 1.7551e-01 0.0000e+00
330 0.0000e+00 0.0000e+00 9.4346e-05 1.2650e-04 9.4346e-05 1.7547e-01 0.0000e+00
331 0.0000e+00 0.0000e+00 9.4441e-05 1.1244e-04 9.4441e-05 1.7546e-01 0.0000e+00
332 0.0000e+00 0.0000e+00 9.4494e-05 1.0015e-04 9.4494e-05 1.7545e-01 0.0000e+00
333 0.0000e+00 1.1200e-05 9.4511e-05 8.9346e-05 9.4511e-05 1.7546e-01 0.0000e+00
334 0.0000e+00 2.1600e-05 9.4495e-05 7.9828e-05 9.4495e-05 1.7547e-01 0.0000e+00
335 0.0000e+00 3.0600e-05 9.4452e-05 7.1417e-05 9.4452e-05 1.7549e-01 0.0000e+00
336 0.0000e+00 3.7400e-05 9.4384e-05 6.3968e-05 9.4384e-05 1.7552e-01 0.0000e+00
337 0.0000e+00 4.1400e-05 9.4294e-05 5.7357e-05 9.4294e-05 1.7556e-01 0.0000e+00
338 5.0000e-04 4.3200e-05 1.0954e-04 9.9334e-05 9.4186e-05 1.7556e-01 1.5354e-05
339 5.0000e-04 4.1400e-05 1.1379e-04 1.4282e-04 9.4201e-05 1.7551e-01 1.9594e-05
340 1.5000e-03 3.7400e-05 1.5691e-04 3.1183e-04 9.4344e-05 1.7529e-01 6.2564e-05
341 1.5000e-03 3.0600e-05 1.5772e-04 4.4221e-04 9.4987e-05 1.7494e-01 6.2736e-05
342 1.0000e-03 2.1600e-05 1.3760e-04 4.8648e-04 9.6024e-05 1.7455e-01 4.1581e-05
343 5.0000e-04 1.0500e-05 1.1772e-04 4.6629e-04 9.7203e-05 1.7418e-01 2.0520e-05
344 1.0000e-03 0.0000e+00 1.4077e-04 5.2834e-04 9.8330e-05 1.7375e-01 4.2443e-05
345 5.0000e-04 0.0000e+00 1.2111e-04 5.0815e-04 9.9660e-05 1.7334e-01 2.1447e-05
346 0.0000e+00 0.0000e+00 1.0094e-04 4.3092e-04 1.0094e-04 1.7301e-01 0.0000e+00
347 0.0000e+00 0.0000e+00 1.0199e-04 3.7509e-04 1.0199e-04 1.7274e-01 0.0000e+00
348 0.0000e+00 0.0000e+00 1.0286e-04 3.2826e-04 1.0286e-04 1.7252e-01 0.0000e+00
349 0.0000e+00 0.0000e+00 1.0359e-04 2.8850e-04 1.0359e-04 1.7233e-01 0.0000e+00
350 0.0000e+00 0.0000e+00 1.0419e-04 2.5442e-04 1.0419e-04 1.7218e-01 0.0000e+00
351 0.0000e+00 0.0000e+00 1.0468e-04 2.2498e-04 1.0468e-04 1.7206e-01 0.0000e+00
352 0.0000e+00 0.0000e+00 1.0507e-04 1.9941e-04 1.0507e-04 1.7197e-01 0.0000e+00
353 5.0000e-04 0.0000e+00 1.2683e-04 2.4647e-04 1.0538e-04 1.7183e-01 2.1447e-05
354 0.0000e+00 0.0000e+00 1.0585e-04 2.0745e-04 1.0585e-04 1.7172e-01 0.0000e+00
355 0.0000e+00 0.0000e+00 1.0619e-04 1.8252e-04 1.0619e-04 1.7165e-01 0.0000e+00
356 0.0000e+00 0.0000e+00 1.0644e-04 1.6127e-04 1.0644e-04 1.7159e-01 0.0000e+00
357 0.0000e+00 7.2300e-05 1.0662e-04 1.4295e-04 1.0662e-04 1.7156e-01 0.0000e+00
358 0.0000e+00 1.3960e-04 1.0674e-04 1.2704e-04 1.0674e-04 1.7154e-01 0.0000e+00
359 0.0000e+00 1.9750e-04 1.0681e-04 1.1312e-04 1.0681e-04 1.7153e-01 0.0000e+00
360 0.0000e+00 2.4180e-04 1.0683e-04 1.0090e-04 1.0683e-04 1.7154e-01 0.0000e+00
361 0.0000e+00 2.6750e-04 1.0681e-04 9.0129e-05 1.0681e-04 1.7155e-01 0.0000e+00
362 0.0000e+00 2.7930e-04 1.0676e-04 8.0608e-05 1.0676e-04 1.7158e-01 0.0000e+00
363 0.0000e+00 2.6750e-04 1.0667e-04 7.2173e-05 1.0667e-04 1.7161e-01 0.0000e+00
364 0.0000e+00 2.4180e-04 1.0655e-04 6.4685e-05 1.0655e-04 1.7165e-01 0.0000e+00
365 0.0000e+00 1.9750e-04 1.0641e-04 5.8028e-05 1.0641e-04 1.7170e-01 0.0000e+00
366 0.0000e+00 1.3960e-04 1.0625e-04 5.2100e-05 1.0625e-04 1.7176e-01 0.0000e+00
367 0.0000e+00 6.7600e-05 1.0607e-04 4.6814e-05 1.0607e-04 1.7182e-01 0.0000e+00
368 0.0000e+00 0.0000e+00 1.0588e-04 4.2095e-05 1.0588e-04 1.7188e-01 0.0000e+00
369 0.0000e+00 0.0000e+00 1.0567e-04 3.7879e-05 1.0567e-04 1.7195e-01 0.0000e+00
370 0.0000e+00 0.0000e+00 1.0544e-04 3.4107e-05 1.0544e-04 1.7202e-01 0.0000e+00
371 0.0000e+00 0.0000e+00 1.0521e-04 3.0731e-05 1.0521e-04 1.7209e-01 0.0000e+00
372 0.0000e+00 0.0000e+00 1.0496e-04 2.7705e-05 1.0496e-04 1.7217e-01 0.0000e+00
373 5.0000e-04 0.0000e+00 1.0471e-04 2.4991e-05 1.0471e-04 1.7225e-01 0.0000e+00
374 7.5000e-03 0.0000e+00 3.5870e-04 8.4337e-04 1.0445e-04 1.7151e-01 2.5425e-04
375 4.5000e-03 0.0000e+00 2.9991e-04 1.2400e-03 1.0689e-04 1.7038e-01 1.9302e-04
376 2.5000e-03 0.0000e+00 2.1798e-04 1.3271e-03 1.1074e-04 1.6916e-01 1.0723e-04
377 5.0000e-04 0.0000e+00 1.3648e-04 1.1591e-03 1.1503e-04 1.6812e-01 2.1447e-05
378 0.0000e+00 0.0000e+00 1.1885e-04 9.8476e-04 1.1885e-04 1.6725e-01 0.0000e+00
379 0.0000e+00 0.0000e+00 1.2211e-04 8.5018e-04 1.2211e-04 1.6652e-01 0.0000e+00
380 0.0000e+00 0.0000e+00 1.2492e-04 7.3864e-04 1.2492e-04 1.6591e-01 0.0000e+00
381 0.0000e+00 1.7400e-05 1.2734e-04 6.4486e-04 1.2734e-04 1.6539e-01 0.0000e+00
382 0.0000e+00 3.3600e-05 1.2941e-04 5.6512e-04 1.2941e-04 1.6496e-01 0.0000e+00
383 1.0000e-03 4.7500e-05 1.7189e-04 6.3584e-04 1.3119e-04 1.6445e-01 4.0706e-05
384 1.0000e-03 5.8200e-05 1.7413e-04 6.7670e-04 1.3327e-04 1.6391e-01 4.0856e-05
385 0.0000e+00 6.4300e-05 1.3556e-04 5.6830e-04 1.3556e-04 1.6348e-01 0.0000e+00
386 5.0000e-04 6.7200e-05 1.5360e-04 5.5059e-04 1.3740e-04 1.6306e-01 1.6195e-05
387 0.0000e+00 6.4300e-05 1.3919e-04 4.7253e-04 1.3919e-04 1.6273e-01 0.0000e+00
388 0.0000e+00 5.8200e-05 1.4064e-04 4.1351e-04 1.4064e-04 1.6246e-01 0.0000e+00
389 0.0000e+00 4.7500e-05 1.4185e-04 3.6347e-04 1.4185e-04 1.6224e-01 0.0000e+00
390 5.0000e-04 3.3600e-05 1.5413e-04 3.6000e-04 1.4283e-04 1.6202e-01 1.1290e-05
391 0.0000e+00 1.6300e-05 1.4381e-04 3.1094e-04 1.4381e-04 1.6185e-01 0.0000e+00
392 5.0000e-04 0.0000e+00 1.6387e-04 3.4153e-04 1.4456e-04 1.6165e-01 1.9307e-05
393 5.0000e-04 0.0000e+00 1.6690e-04 3.6465e-04 1.4545e-04 1.6143e-01 2.1447e-05
394 0.0000e+00 0.0000e+00 1.4645e-04 3.0600e-04 1.4645e-04 1.6128e-01 0.0000e+00
395 0.0000e+00 0.0000e+00 1.4718e-04 2.6659e-04 1.4718e-04 1.6116e-01 0.0000e+00
396 0.0000e+00 0.0000e+00 1.4774e-04 2.3387e-04 1.4774e-04 1.6107e-01 0.0000e+00
397 0.0000e+00 0.0000e+00 1.4813e-04 2.0608e-04 1.4813e-04 1.6101e-01 0.0000e+00
398 0.0000e+00 0.0000e+00 1.4840e-04 1.8215e-04 1.4840e-04 1.6098e-01 0.0000e+00
399 0.0000e+00 0.0000e+00 1.4856e-04 1.6136e-04 1.4856e-04 1.6097e-01 0.0000e+00
400 0.0000e+00 0.0000e+00 1.4862e-04 1.4321e-04 1.4862e-04 1.6097e-01 0.0000e+00
401 0.0000e+00 0.0000e+00 1.4859e-04 1.2730e-04 1.4859e-04 1.6099e-01 0.0000e+00
402 1.0000e-03 0.0000e+00 1.9139e-04 2.6512e-04 1.4849e-04 1.6088e-01 4.2893e-05
403 0.0000e+00 0.0000e+00 1.4904e-04 2.0645e-04 1.4904e-04 1.6082e-01 0.0000e+00
404 0.0000e+00 0.0000e+00 1.4930e-04 1.7696e-04 1.4930e-04 1.6079e-01 0.0000e+00
405 5.0000e-04 2.4600e-05 1.7088e-04 2.2973e-04 1.4943e-04 1.6071e-01 2.1447e-05
406 5.0000e-04 4.7400e-05 1.7020e-04 2.5967e-04 1.4981e-04 1.6060e-01 2.0391e-05
407 0.0000e+00 6.7100e-05 1.5032e-04 2.1204e-04 1.5032e-04 1.6054e-01 0.0000e+00
408 5.0000e-04 8.2200e-05 1.6715e-04 2.4125e-04 1.5061e-04 1.6045e-01 1.6538e-05
409 0.0000e+00 9.0900e-05 1.5104e-04 1.9942e-04 1.5104e-04 1.6040e-01 0.0000e+00
410 0.0000e+00 9.5000e-05 1.5127e-04 1.7239e-04 1.5127e-04 1.6038e-01 0.0000e+00
411 0.0000e+00 9.0900e-05 1.5137e-04 1.5030e-04 1.5137e-04 1.6038e-01 0.0000e+00
412 0.0000e+00 8.2200e-05 1.5136e-04 1.3176e-04 1.5136e-04 1.6040e-01 0.0000e+00
413 0.0000e+00 6.7100e-05 1.5127e-04 1.1595e-04 1.5127e-04 1.6043e-01 0.0000e+00
414 0.0000e+00 4.7400e-05 1.5110e-04 1.0232e-04 1.5110e-04 1.6048e-01 0.0000e+00
415 0.0000e+00 2.3000e-05 1.5087e-04 9.0513e-05 1.5087e-04 1.6054e-01 0.0000e+00
416 0.0000e+00 0.0000e+00 1.5059e-04 8.0221e-05 1.5059e-04 1.6061e-01 0.0000e+00
417 0.0000e+00 0.0000e+00 1.5026e-04 7.1220e-05 1.5026e-04 1.6069e-01 0.0000e+00
418 0.0000e+00 0.0000e+00 1.4989e-04 6.3323e-05 1.4989e-04 1.6078e-01 0.0000e+00
419 0.0000e+00 0.0000e+00 1.4948e-04 5.6378e-05 1.4948e-04 1.6087e-01 0.0000e+00
420 0.0000e+00 0.0000e+00 1.4905e-04 5.0256e-05 1.4905e-04 1.6097e-01 0.0000e+00
421 0.0000e+00 0.0000e+00 1.4859e-04 4.4848e-05 1.4859e-04 1.6108e-01 0.0000e+00
422 0.0000e+00 0.0000e+00 1.4811e-04 4.0063e-05 1.4811e-04 1.6118e-01 0.0000e+00
423 0.0000e+00 0.0000e+00 1.4761e-04 3.5823e-05 1.4761e-04 1.6129e-01 0.0000e+00
424 0.0000e+00 0.0000e+00 1.4709e-04 3.2060e-05 1.4709e-04 1.6141e-01 0.0000e+00
425 0.0000e+00 0.0000e+00 1.4657e-04 2.8716e-05 1.4657e-04 1.6153e-01 0.0000e+00
426 0.0000e+00 0.0000e+00 1.4603e-04 2.5741e-05 1.4603e-04 1.6165e-01 0.0000e+00
427 5.0000e-04 0.0000e+00 1.4548e-04 2.3091e-05 1.4548e-04 1.6177e-01 0.0000e+00
428 2.0000e-03 0.0000e+00 2.2746e-04 3.1077e-04 1.4493e-04 1.6160e-01 8.2534e-05
429 3.0000e-03 3.2600e-05 2.7436e-04 6.7370e-04 1.4568e-04 1.6108e-01 1.2868e-04
430 2.0000e-03 6.2900e-05 2.3249e-04 7.9902e-04 1.4810e-04 1.6043e-01 8.4388e-05
431 1.0000e-03 8.9000e-05 1.9134e-04 7.6972e-04 1.5115e-04 1.5981e-01 4.0195e-05
432 0.0000e+00 1.0900e-04 1.5410e-04 6.2750e-04 1.5410e-04 1.5933e-01 0.0000e+00
433 5.0000e-04 1.2060e-04 1.6935e-04 5.7978e-04 1.5639e-04 1.5891e-01 1.2962e-05
434 0.0000e+00 1.2590e-04 1.5847e-04 4.9060e-04 1.5847e-04 1.5858e-01 0.0000e+00
435 0.0000e+00 1.2060e-04 1.6013e-04 4.2341e-04 1.6013e-04 1.5831e-01 0.0000e+00
436 0.0000e+00 1.0900e-04 1.6145e-04 3.6774e-04 1.6145e-04 1.5811e-01 0.0000e+00
437 3.5000e-03 8.9000e-05 2.9227e-04 7.9288e-04 1.6250e-04 1.5748e-01 1.2978e-04
438 0.0000e+00 6.2900e-05 1.6573e-04 6.0583e-04 1.6573e-04 1.5704e-01 0.0000e+00
439 0.0000e+00 3.0500e-05 1.6802e-04 5.1286e-04 1.6802e-04 1.5669e-01 0.0000e+00
440 0.0000e+00 0.0000e+00 1.6984e-04 4.4100e-04 1.6984e-04 1.5642e-01 0.0000e+00
441 0.0000e+00 0.0000e+00 1.7129e-04 3.8249e-04 1.7129e-04 1.5621e-01 0.0000e+00
442 0.0000e+00 0.0000e+00 1.7242e-04 3.3348e-04 1.7242e-04 1.5605e-01 0.0000e+00
443 0.0000e+00 0.0000e+00 1.7329e-04 2.9181e-04 1.7329e-04 1.5593e-01 0.0000e+00
444 5.0000e-04 0.0000e+00 1.8757e-04 3.0676e-04 1.7394e-04 1.5580e-01 1.3632e-05
445 0.0000e+00 0.0000e+00 1.7466e-04 2.5944e-04 1.7466e-04 1.5571e-01 0.0000e+00
446 0.0000e+00 0.0000e+00 1.7512e-04 2.2639e-04 1.7512e-04 1.5566e-01 0.0000e+00
447 0.0000e+00 0.0000e+00 1.7540e-04 1.9867e-04 1.7540e-04 1.5564e-01 0.0000e+00
448 0.0000e+00 0.0000e+00 1.7553e-04 1.7493e-04 1.7553e-04 1.5564e-01 0.0000e+00
449 0.0000e+00 0.0000e+00 1.7553e-04 1.5439e-04 1.7553e-04 1.5566e-01 0.0000e+00
450 0.0000e+00 0.0000e+00 1.7541e-04 1.3651e-04 1.7541e-04 1.5570e-01 0.0000e+00
451 0.0000e+00 0.0000e+00 1.7520e-04 1.2089e-04 1.7520e-04 1.5575e-01 0.0000e+00
452 5.0000e-04 0.0000e+00 1.9635e-04 1.8712e-04 1.7490e-04 1.5574e-01 2.1447e-05
453 0.0000e+00 2.2400e-05 1.7497e-04 1.4894e-04 1.7497e-04 1.5577e-01 0.0000e+00
454 0.0000e+00 4.3300e-05 1.7483e-04 1.2839e-04 1.7483e-04 1.5581e-01 0.0000e+00
455 0.0000e+00 6.1200e-05 1.7457e-04 1.1205e-04 1.7457e-04 1.5588e-01 0.0000e+00
456 0.0000e+00 7.5000e-05 1.7423e-04 9.8405e-05 1.7423e-04 1.5595e-01 0.0000e+00
457 0.0000e+00 8.3000e-05 1.7382e-04 8.6744e-05 1.7382e-04 1.5604e-01 0.0000e+00
458 0.0000e+00 8.6600e-05 1.7335e-04 7.6670e-05 1.7335e-04 1.5614e-01 0.0000e+00
459 0.0000e+00 8.3000e-05 1.7282e-04 6.7909e-05 1.7282e-04 1.5624e-01 0.0000e+00
460 0.0000e+00 7.5000e-05 1.7226e-04 6.0258e-05 1.7226e-04 1.5635e-01 0.0000e+00
461 0.0000e+00 6.1200e-05 1.7166e-04 5.3550e-05 1.7166e-04 1.5647e-01 0.0000e+00
462 0.0000e+00 4.3300e-05 1.7102e-04 4.7654e-05 1.7102e-04 1.5660e-01 0.0000e+00
463 0.0000e+00 2.1000e-05 1.7037e-04 4.2458e-05 1.7037e-04 1.5672e-01 0.0000e+00
464 0.0000e+00 0.0000e+00 1.6969e-04 3.7870e-05 1.6969e-04 1.5685e-01 0.0000e+00
465 1.0000e-03 0.0000e+00 1.8395e-04 8.8929e-05 1.6899e-04 1.5693e-01 1.4962e-05
466 5.0000e-04 0.0000e+00 1.9001e-04 1.4647e-04 1.6857e-04 1.5696e-01 2.1447e-05
467 0.0000e+00 0.0000e+00 1.6845e-04 1.1097e-04 1.6845e-04 1.5701e-01 0.0000e+00
468 0.0000e+00 0.0000e+00 1.6815e-04 9.3407e-05 1.6815e-04 1.5709e-01 0.0000e+00
469 5.0000e-04 0.0000e+00 1.8920e-04 1.5895e-04 1.6776e-04 1.5710e-01 2.1447e-05
470 0.0000e+00 0.0000e+00 1.6771e-04 1.2295e-04 1.6771e-04 1.5714e-01 0.0000e+00
471 0.0000e+00 0.0000e+00 1.6748e-04 1.0423e-04 1.6748e-04 1.5721e-01 0.0000e+00
472 5.0000e-04 0.0000e+00 1.8859e-04 1.6845e-04 1.6714e-04 1.5720e-01 2.1447e-05
473 5.0000e-04 0.0000e+00 1.8860e-04 2.1012e-04 1.6715e-04 1.5716e-01 2.1447e-05
474 0.0000e+00 0.0000e+00 1.6738e-04 1.6521e-04 1.6738e-04 1.5716e-01 0.0000e+00
475 0.0000e+00 0.0000e+00 1.6737e-04 1.4001e-04 1.6737e-04 1.5719e-01 0.0000e+00
476 0.0000e+00 0.0000e+00 1.6722e-04 1.2043e-04 1.6722e-04 1.5724e-01 0.0000e+00
477 0.0000e+00 9.2000e-06 1.6698e-04 1.0445e-04 1.6698e-04 1.5730e-01 0.0000e+00
478 0.0000e+00 1.7800e-05 1.6665e-04 9.1073e-05 1.6665e-04 1.5738e-01 0.0000e+00
479 0.0000e+00 2.5200e-05 1.6626e-04 7.9724e-05 1.6626e-04 1.5746e-01 0.0000e+00
480 0.0000e+00 3.0900e-05 1.6581e-04 7.0005e-05 1.6581e-04 1.5756e-01 0.0000e+00
481 0.0000e+00 3.4200e-05 1.6531e-04 6.1628e-05 1.6531e-04 1.5766e-01 0.0000e+00
482 5.0000e-04 3.5700e-05 1.8120e-04 1.1437e-04 1.6478e-04 1.5771e-01 1.6420e-05
483 2.5000e-03 3.4200e-05 2.7022e-04 4.7494e-04 1.6452e-04 1.5740e-01 1.0570e-04
484 1.0000e-03 3.0900e-05 2.0755e-04 4.9159e-04 1.6612e-04 1.5708e-01 4.1426e-05
485 0.0000e+00 2.5200e-05 1.6782e-04 3.8532e-04 1.6782e-04 1.5686e-01 0.0000e+00
486 1.0000e-03 1.7800e-05 2.0945e-04 4.7279e-04 1.6897e-04 1.5656e-01 4.0488e-05
487 0.0000e+00 8.6000e-06 1.7058e-04 3.7805e-04 1.7058e-04 1.5635e-01 0.0000e+00
488 0.0000e+00 0.0000e+00 1.7169e-04 3.2140e-04 1.7169e-04 1.5620e-01 0.0000e+00
489 0.0000e+00 0.0000e+00 1.7249e-04 2.7660e-04 1.7249e-04 1.5609e-01 0.0000e+00
490 0.0000e+00 0.0000e+00 1.7305e-04 2.3974e-04 1.7305e-04 1.5603e-01 0.0000e+00
491 0.0000e+00 0.0000e+00 1.7342e-04 2.0877e-04 1.7342e-04 1.5599e-01 0.0000e+00
492 0.0000e+00 0.0000e+00 1.7361e-04 1.8246e-04 1.7361e-04 1.5598e-01 0.0000e+00
493 0.0000e+00 0.0000e+00 1.7366e-04 1.5993e-04 1.7366e-04 1.5600e-01 0.0000e+00
494 0.0000e+00 0.0000e+00 1.7358e-04 1.4052e-04 1.7358e-04 1.5603e-01 0.0000e+00
495 0.0000e+00 0.0000e+00 1.7340e-04 1.2373e-04 1.7340e-04 1.5608e-01 0.0000e+00
496 0.0000e+00 0.0000e+00 1.7313e-04 1.0916e-04 1.7313e-04 1.5614e-01 0.0000e+00
497 0.0000e+00 0.0000e+00 1.7279e-04 9.6460e-05 1.7279e-04 1.5622e-01 0.0000e+00
498 0.0000e+00 0.0000e+00 1.7238e-04 8.5369e-05 1.7238e-04 1.5631e-01 0.0000e+00
499 0.0000e+00 0.0000e+00 1.7191e-04 7.5658e-05 1.7191e-04 1.5640e-01 0.0000e+00
500 0.0000e+00 0.0000e+00 1.7139e-04 6.7136e-05 1.7139e-04 1.5651e-01 0.0000e+00
501 0.0000e+00 6.3800e-05 1.7083e-04 5.9643e-05 1.7083e-04 1.5662e-01 0.0000e+00
502 0.0000e+00 1.2310e-04 1.7024e-04 5.3045e-05 1.7024e-04 1.5674e-01 0.0000e+00
503 0.0000e+00 1.7420e-04 1.6962e-04 4.7225e-05 1.6962e-04 1.5686e-01 0.0000e+00
504 0.0000e+00 2.1330e-04 1.6897e-04 4.2083e-05 1.6897e-04 1.5699e-01 0.0000e+00
505 0.0000e+00 2.3600e-04 1.6830e-04 3.7536e-05 1.6830e-04 1.5712e-01 0.0000e+00
506 0.0000e+00 2.4640e-04 1.6762e-04 3.3508e-05 1.6762e-04 1.5725e-01 0.0000e+00
507 0.0000e+00 2.3600e-04 1.6692e-04 2.9937e-05 1.6692e-04 1.5739e-01 0.0000e+00
508 0.0000e+00 2.1330e-04 1.6620e-04 2.6767e-05 1.6620e-04 1.5753e-01 0.0000e+00
509 0.0000e+00 1.7420e-04 1.6548e-04 2.3949e-05 1.6548e-04 1.5767e-01 0.0000e+00
510 0.0000e+00 1.2310e-04 1.6475e-04 2.1445e-05 1.6475e-04 1.5781e-01 0.0000e+00
511 0.0000e+00 5.9600e-05 1.6401e-04 1.9215e-05 1.6401e-04 1.5796e-01 0.0000e+00
512 0.0000e+00 0.0000e+00 1.6327e-04 1.7228e-05 1.6327e-04 1.5810e-01 0.0000e+00
513 0.0000e+00 0.0000e+00 1.6253e-04 1.5457e-05 1.6253e-04 1.5825e-01 0.0000e+00
514 0.0000e+00 0.0000e+00 1.6178e-04 1.3876e-05 1.6178e-04 1.5840e-01 0.0000e+00
515 0.0000e+00 0.0000e+00 1.6104e-04 1.2463e-05 1.6104e-04 1.5855e-01 0.0000e+00
516 0.0000e+00 0.0000e+00 1.6029e-04 1.1201e-05 1.6029e-04 1.5869e-01 0.0000e+00
517 0.0000e+00 0.0000e+00 1.5955e-04 1.0073e-05 1.5955e-04 1.5884e-01 0.0000e+00
518 0.0000e+00 0.0000e+00 1.5880e-04 9.0625e-06 1.5880e-04 1.5899e-01 0.0000e+00
519 0.0000e+00 0.0000e+00 1.5806e-04 8.1578e-06 1.5806e-04 1.5914e-01 0.0000e+00
520 0.0000e+00 0.0000e+00 1.5732e-04 7.3470e-06 1.5732e-04 1.5929e-01 0.0000e+00
521 0.0000e+00 0.0000e+00 1.5659e-04 6.6201e-06 1.5659e-04 1.5944e-01 0.0000e+00
522 0.0000e+00 0.0000e+00 1.5586e-04 5.9679e-06 1.5586e-04 1.5959e-01 0.0000e+00
523 0.0000e+00 0.0000e+00 1.5513e-04 5.3813e-06 1.5513e-04 1.5974e-01 0.0000e+00
524 0.0000e+00 0.0000e+00 1.5440e-04 4.8556e-06 1.5440e-04 1.5989e-01 0.0000e+00
525 0.0000e+00 4.1700e-05 1.5368e-04 4.3832e-06 1.5368e-04 1.6004e-01 0.0000e+00
526 0.0000e+00 8.0400e-05 1.5297e-04 3.9585e-06 1.5297e-04 1.6019e-01 0.0000e+00
527 0.0000e+00 1.1380e-04 1.5226e-04 3.5763e-06 1.5226e-04 1.6034e-01 0.0000e+00
528 0.0000e+00 1.3930e-04 1.5155e-04 3.2324e-06 1.5155e-04 1.6049e-01 0.0000e+00
529 0.0000e+00 1.5420e-04 1.5085e-04 2.9227e-06 1.5085e-04 1.6064e-01 0.0000e+00
530 0.0000e+00 1.6090e-04 1.5015e-04 2.6436e-06 1.5015e-04 1.6078e-01 0.0000e+00
531 0.0000e+00 1.5420e-04 1.4946e-04 2.3921e-06 1.4946e-04 1.6093e-01 0.0000e+00
532 0.0000e+00 1.3930e-04 1.4878e-04 2.1654e-06 1.4878e-04 1.6108e-01 0.0000e+00
533 0.0000e+00 1.1380e-04 1.4810e-04 1.9608e-06 1.4810e-04 1.6122e-01 0.0000e+00
534 0.0000e+00 8.0400e-05 1.4742e-04 1.7762e-06 1.4742e-04 1.6137e-01 0.0000e+00
535 0.0000e+00 3.8900e-05 1.4675e-04 1.6095e-06 1.4675e-04 1.6151e-01 0.0000e+00
536 0.0000e+00 0.0000e+00 1.4609e-04 1.4590e-06 1.4609e-04 1.6166e-01 0.0000e+00
537 0.0000e+00 0.0000e+00 1.4543e-04 1.3230e-06 1.4543e-04 1.6180e-01 0.0000e+00
538 0.0000e+00 0.0000e+00 1.4478e-04 1.1989e-06 1.4478e-04 1.6195e-01 0.0000e+00
539 0.0000e+00 0.0000e+00 1.4413e-04 1.0879e-06 1.4413e-04 1.6209e-01 0.0000e+00
540 0.0000e+00 0.0000e+00 1.4349e-04 9.8753e-07 1.4349e-04 1.6223e-01 0.0000e+00
541 0.0000e+00 0.0000e+00 1.4285e-04 8.9667e-07 1.4285e-04 1.6237e-01 0.0000e+00
542 0.0000e+00 0.0000e+00 1.4222e-04 8.1441e-07 1.4222e-04 1.6252e-01 0.0000e+00
543 0.0000e+00 0.0000e+00 1.4159e-04 7.3992e-07 1.4159e-04 1.6266e-01 0.0000e+00
544 0.0000e+00 0.0000e+00 1.4097e-04 6.7243e-07 1.4097e-04 1.6280e-01 0.0000e+00
545 0.0000e+00 0.0000e+00 1.4035e-04 6.1127e-07 1.4035e-04 1.6294e-01 0.0000e+00
546 0.0000e+00 0.0000e+00 1.3974e-04 5.5583e-07 1.3974e-04 1.6308e-01 0.0000e+00
547 0.0000e+00 0.0000e+00 1.3913e-04 5.0556e-07 1.3913e-04 1.6321e-01 0.0000e+00
548 0.0000e+00 0.0000e+00 1.3853e-04 4.5996e-07 1.3853e-04 1.6335e-01 0.0000e+00
549 0.0000e+00 2.0700e-05 1.3794e-04 4.1858e-07 1.3794e-04 1.6349e-01 0.0000e+00
550 0.0000e+00 4.0000e-05 1.3734e-04 3.8103e-07 1.3734e-04 1.6363e-01 0.0000e+00
551 0.0000e+00 5.6600e-05 1.3676e-04 3.4693e-07 1.3676e-04 1.6376e-01 0.0000e+00
552 1.0000e-03 6.9300e-05 1.3618e-04 3.1597e-07 1.3618e-04 1.6390e-01 0.0000e+00
553 1.0000e-03 7.6600e-05 1.3560e-04 2.8650e-07 1.3560e-04 1.6403e-01 0.0000e+00
554 2.0000e-03 8.0000e-05 1.6643e-04 1.0844e-04 1.3503e-04 1.6406e-01 3.1402e-05
555 1.5000e-03 7.6600e-05 1.9582e-04 2.8599e-04 1.3491e-04 1.6391e-01 6.0908e-05
556 0.0000e+00 6.9300e-05 1.3555e-04 2.1084e-04 1.3555e-04 1.6383e-01 0.0000e+00
557 5.0000e-04 5.6600e-05 1.5107e-04 2.2836e-04 1.3587e-04 1.6374e-01 1.5193e-05
558 0.0000e+00 4.0000e-05 1.3627e-04 1.8627e-04 1.3627e-04 1.6369e-01 0.0000e+00
559 0.0000e+00 1.9400e-05 1.3648e-04 1.5892e-04 1.3648e-04 1.6367e-01 0.0000e+00
560 0.0000e+00 0.0000e+00 1.3657e-04 1.3698e-04 1.3657e-04 1.6367e-01 0.0000e+00
561 0.0000e+00 0.0000e+00 1.3658e-04 1.1890e-04 1.3658e-04 1.6369e-01 0.0000e+00
562 0.0000e+00 0.0000e+00 1.3650e-04 1.0374e-04 1.3650e-04 1.6372e-01 0.0000e+00
563 0.0000e+00 0.0000e+00 1.3636e-04 9.0862e-05 1.3636e-04 1.6377e-01 0.0000e+00
564 0.0000e+00 0.0000e+00 1.3617e-04 7.9831e-05 1.3617e-04 1.6382e-01 0.0000e+00
565 5.0000e-04 0.0000e+00 1.5240e-04 1.2718e-04 1.3593e-04 1.6383e-01 1.6475e-05
566 0.0000e+00 0.0000e+00 1.3589e-04 1.0200e-04 1.3589e-04 1.6386e-01 0.0000e+00
567 0.0000e+00 0.0000e+00 1.3575e-04 8.8003e-05 1.3575e-04 1.6391e-01 0.0000e+00
568 0.0000e+00 0.0000e+00 1.3554e-04 7.6637e-05 1.3554e-04 1.6397e-01 0.0000e+00
569 0.0000e+00 0.0000e+00 1.3530e-04 6.7148e-05 1.3530e-04 1.6404e-01 0.0000e+00
570 0.0000e+00 0.0000e+00 1.3501e-04 5.9083e-05 1.3501e-04 1.6411e-01 0.0000e+00
571 0.0000e+00 0.0000e+00 1.3469e-04 5.2150e-05 1.3469e-04 1.6420e-01 0.0000e+00
572 0.0000e+00 0.0000e+00 1.3434e-04 4.6143e-05 1.3434e-04 1.6429e-01 0.0000e+00
573 3.0000e-03 3.0500e-05 2.6265e-04 4.8328e-04 1.3397e-04 1.6394e-01 1.2868e-04
574 1.0000e-03 5.8900e-05 1.7703e-04 4.9173e-04 1.3544e-04 1.6358e-01 4.1585e-05
575 2.5000e-03 8.3300e-05 2.4166e-04 7.5479e-04 1.3696e-04 1.6296e-01 1.0471e-04
576 3.5000e-03 1.0200e-04 2.8618e-04 1.0979e-03 1.3963e-04 1.6200e-01 1.4655e-04
577 1.5000e-03 1.1290e-04 2.0384e-04 1.0690e-03 1.4387e-04 1.6108e-01 5.9965e-05
578 0.0000e+00 1.1780e-04 1.4809e-04 8.7520e-04 1.4809e-04 1.6035e-01 0.0000e+00
579 0.0000e+00 1.1290e-04 1.5150e-04 7.4591e-04 1.5150e-04 1.5976e-01 0.0000e+00
580 0.0000e+00 1.0200e-04 1.5434e-04 6.4240e-04 1.5434e-04 1.5927e-01 0.0000e+00
581 0.0000e+00 8.3300e-05 1.5671e-04 5.5708e-04 1.5671e-04 1.5887e-01 0.0000e+00
582 0.0000e+00 5.8900e-05 1.5868e-04 4.8539e-04 1.5868e-04 1.5854e-01 0.0000e+00
583 0.0000e+00 2.8500e-05 1.6031e-04 4.2442e-04 1.6031e-04 1.5828e-01 0.0000e+00
584 0.0000e+00 0.0000e+00 1.6164e-04 3.7213e-04 1.6164e-04 1.5807e-01 0.0000e+00
585 0.0000e+00 0.0000e+00 1.6270e-04 3.2703e-04 1.6270e-04 1.5790e-01 0.0000e+00
586 0.0000e+00 0.0000e+00 1.6354e-04 2.8797e-04 1.6354e-04 1.5778e-01 0.0000e+00
587 0.0000e+00 0.0000e+00 1.6418e-04 2.5402e-04 1.6418e-04 1.5769e-01 0.0000e+00
588 0.0000e+00 0.0000e+00 1.6464e-04 2.2442e-04 1.6464e-04 1.5763e-01 0.0000e+00
589 5.0000e-04 0.0000e+00 1.6495e-04 1.9856e-04 1.6495e-04 1.5760e-01 0.0000e+00
590 0.0000e+00 0.0000e+00 1.6512e-04 1.7591e-04 1.6512e-04 1.5758e-01 0.0000e+00
591 0.0000e+00 0.0000e+00 1.6518e-04 1.5603e-04 1.6518e-04 1.5759e-01 0.0000e+00
592 5.0000e-04 0.0000e+00 1.8173e-04 1.9922e-04 1.6513e-04 1.5756e-01 1.6594e-05
593 0.0000e+00 0.0000e+00 1.6531e-04 1.6451e-04 1.6531e-04 1.5756e-01 0.0000e+00
594 1.0000e-03 0.0000e+00 2.0820e-04 3.0026e-04 1.6530e-04 1.5743e-01 4.2893e-05
595 0.0000e+00 0.0000e+00 1.6600e-04 2.3302e-04 1.6600e-04 1.5736e-01 0.0000e+00
596 0.0000e+00 0.0000e+00 1.6635e-04 1.9871e-04 1.6635e-04 1.5733e-01 0.0000e+00
597 0.0000e+00 6.2600e-05 1.6652e-04 1.7201e-04 1.6652e-04 1.5732e-01 0.0000e+00
598 0.0000e+00 1.2080e-04 1.6655e-04 1.5011e-04 1.6655e-04 1.5734e-01 0.0000e+00
599 0.0000e+00 1.7090e-04 1.6646e-04 1.3164e-04 1.6646e-04 1.5737e-01 0.0000e+00
600 0.0000e+00 2.0930e-04 1.6628e-04 1.1585e-04 1.6628e-04 1.5742e-01 0.0000e+00
601 0.0000e+00 2.3150e-04 1.6602e-04 1.0223e-04 1.6602e-04 1.5749e-01 0.0000e+00
602 0.0000e+00 2.4180e-04 1.6569e-04 9.0408e-05 1.6569e-04 1.5756e-01 0.0000e+00
603 0.0000e+00 2.3150e-04 1.6530e-04 8.0102e-05 1.6530e-04 1.5765e-01 0.0000e+00
604 0.0000e+00 2.0930e-04 1.6486e-04 7.1088e-05 1.6486e-04 1.5774e-01 0.0000e+00
605 0.0000e+00 1.7090e-04 1.6438e-04 6.3179e-05 1.6438e-04 1.5784e-01 0.0000e+00
606 0.0000e+00 1.2080e-04 1.6386e-04 5.6223e-05 1.6386e-04 1.5795e-01 0.0000e+00
607 0.0000e+00 5.8500e-05 1.6331e-04 5.0092e-05 1.6331e-04 1.5806e-01 0.0000e+00
608 0.0000e+00 0.0000e+00 1.6273e-04 4.4677e-05 1.6273e-04 1.5818e-01 0.0000e+00
609 0.0000e+00 0.0000e+00 1.6213e-04 3.9888e-05 1.6213e-04 1.5830e-01 0.0000e+00
610 0.0000e+00 0.0000e+00 1.6151e-04 3.5645e-05 1.6151e-04 1.5843e-01 0.0000e+00
611 0.0000e+00 0.0000e+00 1.6088e-04 3.1880e-05 1.6088e-04 1.5856e-01 0.0000e+00
612 0.0000e+00 0.0000e+00 1.6023e-04 2.8537e-05 1.6023e-04 1.5869e-01 0.0000e+00
613 0.0000e+00 0.0000e+00 1.5957e-04 2.5564e-05 1.5957e-04 1.5882e-01 0.0000e+00
614 0.0000e+00 0.0000e+00 1.5891e-04 2.2917e-05 1.5891e-04 1.5896e-01 0.0000e+00
615 0.0000e+00 0.0000e+00 1.5823e-04 2.0558e-05 1.5823e-04 1.5910e-01 0.0000e+00
616 0.0000e+00 0.0000e+00 1.5755e-04 1.8454e-05 1.5755e-04 1.5924e-01 0.0000e+00
617 0.0000e+00 0.0000e+00 1.5687e-04 1.6576e-05 1.5687e-04 1.5938e-01 0.0000e+00
618 0.0000e+00 0.0000e+00 1.5618e-04 1.4899e-05 1.5618e-04 1.5952e-01 0.0000e+00
619 0.0000e+00 0.0000e+00 1.5550e-04 1.3399e-05 1.5550e-04 1.5966e-01 0.0000e+00
620 0.0000e+00 0.0000e+00 1.5481e-04 1.2056e-05 1.5481e-04 1.5980e-01 0.0000e+00
621 0.0000e+00 1.4200e-05 1.5412e-04 1.0854e-05 1.5412e-04 1.5995e-01 0.0000e+00
622 0.0000e+00 2.7500e-05 1.5343e-04 9.7773e-06 1.5343e-04 1.6009e-01 0.0000e+00
623 0.0000e+00 3.8900e-05 1.5274e-04 8.8116e-06 1.5274e-04 1.6023e-01 0.0000e+00
624 1.0000e-03 4.7600e-05 1.5206e-04 7.9451e-06 1.5206e-04 1.6038e-01 0.0000e+00
625 1.0000e-03 5.2700e-05 1.5469e-04 1.8971e-05 1.5137e-04 1.6051e-01 3.3162e-06
626 3.0000e-03 5.5000e-05 2.7717e-04 4.6404e-04 1.5075e-04 1.6020e-01 1.2642e-04
627 2.0000e-03 5.2700e-05 2.3566e-04 6.2185e-04 1.5223e-04 1.5973e-01 8.3427e-05
628 1.5000e-03 4.7600e-05 2.1656e-04 6.9670e-04 1.5448e-04 1.5918e-01 6.2079e-05
629 3.5000e-03 3.8900e-05 3.0521e-04 1.0837e-03 1.5712e-04 1.5826e-01 1.4808e-04
630 4.0000e-03 2.7500e-05 3.3164e-04 1.4522e-03 1.6174e-04 1.5697e-01 1.6990e-04
631 5.0000e-03 1.3300e-05 4.1212e-04 1.8840e-03 1.6839e-04 1.5525e-01 2.4372e-04
632 0.0000e+00 0.0000e+00 1.7767e-04 1.4990e-03 1.7767e-04 1.5393e-01 0.0000e+00
633 0.0000e+00 0.0000e+00 1.8516e-04 1.2632e-03 1.8516e-04 1.5285e-01 0.0000e+00
634 1.0000e-03 0.0000e+00 2.5345e-04 1.2250e-03 1.9150e-04 1.5182e-01 6.1953e-05
635 2.5000e-03 0.0000e+00 3.5476e-04 1.4114e-03 1.9779e-04 1.5061e-01 1.5697e-04
636 3.5000e-03 0.0000e+00 4.2519e-04 1.7000e-03 2.0543e-04 1.4911e-01 2.1976e-04
637 3.0000e-03 0.0000e+00 4.0362e-04 1.8520e-03 2.1525e-04 1.4747e-01 1.8836e-04
638 0.0000e+00 0.0000e+00 2.2655e-04 1.5148e-03 2.2655e-04 1.4619e-01 0.0000e+00
639 5.0000e-04 0.0000e+00 2.6725e-04 1.3729e-03 2.3586e-04 1.4505e-01 3.1394e-05
640 0.0000e+00 0.0000e+00 2.4439e-04 1.1681e-03 2.4439e-04 1.4413e-01 0.0000e+00
641 5.0000e-04 0.0000e+00 2.8294e-04 1.0888e-03 2.5155e-04 1.4329e-01 3.1394e-05
642 0.0000e+00 0.0000e+00 2.5821e-04 9.2751e-04 2.5821e-04 1.4262e-01 0.0000e+00
643 5.0000e-04 0.0000e+00 2.9507e-04 8.8511e-04 2.6367e-04 1.4200e-01 3.1394e-05
644 0.0000e+00 0.0000e+00 2.6884e-04 7.5276e-04 2.6884e-04 1.4151e-01 0.0000e+00
645 0.0000e+00 1.6900e-05 2.7294e-04 6.5256e-04 2.7294e-04 1.4113e-01 0.0000e+00
646 0.0000e+00 3.2600e-05 2.7620e-04 5.6751e-04 2.7620e-04 1.4084e-01 0.0000e+00
647 0.0000e+00 4.6100e-05 2.7872e-04 4.9480e-04 2.7872e-04 1.4063e-01 0.0000e+00
648 0.0000e+00 5.6400e-05 2.8061e-04 4.3231e-04 2.8061e-04 1.4047e-01 0.0000e+00
649 0.0000e+00 6.2400e-05 2.8194e-04 3.7838e-04 2.8194e-04 1.4038e-01 0.0000e+00
650 0.0000e+00 6.5200e-05 2.8280e-04 3.3170e-04 2.8280e-04 1.4033e-01 0.0000e+00
651 0.0000e+00 6.2400e-05 2.8323e-04 2.9119e-04 2.8323e-04 1.4032e-01 0.0000e+00
652 0.0000e+00 5.6400e-05 2.8330e-04 2.5597e-04 2.8330e-04 1.4035e-01 0.0000e+00
653 0.0000e+00 4.6100e-05 2.8306e-04 2.2528e-04 2.8306e-04 1.4041e-01 0.0000e+00
654 0.0000e+00 3.2600e-05 2.8255e-04 1.9850e-04 2.8255e-04 1.4049e-01 0.0000e+00
655 0.0000e+00 1.5800e-05 2.8180e-04 1.7510e-04 2.8180e-04 1.4060e-01 0.0000e+00
656 0.0000e+00 0.0000e+00 2.8087e-04 1.5461e-04 2.8087e-04 1.4072e-01 0.0000e+00
657 0.0000e+00 0.0000e+00 2.7976e-04 1.3666e-04 2.7976e-04 1.4087e-01 0.0000e+00
658 0.0000e+00 0.0000e+00 2.7851e-04 1.2091e-04 2.7851e-04 1.4102e-01 0.0000e+00
659 0.0000e+00 0.0000e+00 2.7714e-04 1.0708e-04 2.7714e-04 1.4119e-01 0.0000e+00
660 0.0000e+00 0.0000e+00 2.7568e-04 9.4913e-05 2.7568e-04 1.4138e-01 0.0000e+00
661 0.0000e+00 0.0000e+00 2.7412e-04 8.4202e-05 2.7412e-04 1.4157e-01 0.0000e+00
662 0.0000e+00 0.0000e+00 2.7250e-04 7.4762e-05 2.7250e-04 1.4176e-01 0.0000e+00
663 0.0000e+00 0.0000e+00 2.7082e-04 6.6434e-05 2.7082e-04 1.4197e-01 0.0000e+00
664 0.0000e+00 0.0000e+00 2.6910e-04 5.9081e-05 2.6910e-04 1.4218e-01 0.0000e+00
665 0.0000e+00 0.0000e+00 2.6734e-04 5.2581e-05 2.6734e-04 1.4239e-01 0.0000e+00
666 5.0000e-04 0.0000e+00 2.6613e-04 4.8359e-05 2.6555e-04 1.4261e-01 5.8209e-07
667 0.0000e+00 0.0000e+00 2.6375e-04 4.2758e-05 2.6375e-04 1.4283e-01 0.0000e+00
668 5.0000e-04 0.0000e+00 2.9333e-04 1.2017e-04 2.6194e-04 1.4297e-01 3.1394e-05
669 5.0000e-04 1.5300e-05 2.9217e-04 1.7075e-04 2.6078e-04 1.4306e-01 3.1394e-05
670 0.0000e+00 2.9500e-05 2.6005e-04 1.2988e-04 2.6005e-04 1.4319e-01 0.0000e+00
671 1.0000e-03 4.1700e-05 3.1897e-04 2.6545e-04 2.5899e-04 1.4319e-01 5.9976e-05
672 0.0000e+00 5.1100e-05 2.5904e-04 1.9752e-04 2.5904e-04 1.4325e-01 0.0000e+00
673 0.0000e+00 5.6500e-05 2.5855e-04 1.6534e-04 2.5855e-04 1.4334e-01 0.0000e+00
674 0.0000e+00 5.9000e-05 2.5779e-04 1.4015e-04 2.5779e-04 1.4346e-01 0.0000e+00
675 5.0000e-04 5.6500e-05 2.7518e-04 1.6758e-04 2.5685e-04 1.4355e-01 1.8336e-05
676 5.0000e-04 5.1100e-05 2.8398e-04 2.0759e-04 2.5613e-04 1.4360e-01 2.7846e-05
677 0.0000e+00 4.1700e-05 2.5574e-04 1.6406e-04 2.5574e-04 1.4369e-01 0.0000e+00
678 0.0000e+00 2.9500e-05 2.5501e-04 1.3922e-04 2.5501e-04 1.4380e-01 0.0000e+00
679 1.0000e-03 1.4300e-05 3.0921e-04 2.6219e-04 2.5409e-04 1.4380e-01 5.5115e-05
680 1.0000e-03 0.0000e+00 3.1605e-04 3.5928e-04 2.5416e-04 1.4369e-01 6.1890e-05
681 0.0000e+00 0.0000e+00 2.5499e-04 2.7561e-04 2.5499e-04 1.4367e-01 0.0000e+00
682 0.0000e+00 0.0000e+00 2.5516e-04 2.3149e-04 2.5516e-04 1.4369e-01 0.0000e+00
683 0.0000e+00 0.0000e+00 2.5497e-04 1.9660e-04 2.5497e-04 1.4375e-01 0.0000e+00
684 0.0000e+00 0.0000e+00 2.5450e-04 1.6836e-04 2.5450e-04 1.4384e-01 0.0000e+00
685 0.0000e+00 0.0000e+00 2.5382e-04 1.4507e-04 2.5382e-04 1.4395e-01 0.0000e+00
686 0.0000e+00 0.0000e+00 2.5296e-04 1.2560e-04 2.5296e-04 1.4407e-01 0.0000e+00
687 0.0000e+00 0.0000e+00 2.5195e-04 1.0917e-04 2.5195e-04 1.4422e-01 0.0000e+00
688 0.0000e+00 0.0000e+00 2.5083e-04 9.5178e-05 2.5083e-04 1.4437e-01 0.0000e+00
689 0.0000e+00 0.0000e+00 2.4961e-04 8.3201e-05 2.4961e-04 1.4454e-01 0.0000e+00
690 0.0000e+00 0.0000e+00 2.4832e-04 7.2898e-05 2.4832e-04 1.4471e-01 0.0000e+00
691 0.0000e+00 0.0000e+00 2.4696e-04 6.3999e-05 2.4696e-04 1.4490e-01 0.0000e+00
692 0.0000e+00 0.0000e+00 2.4555e-04 5.6287e-05 2.4555e-04 1.4509e-01 0.0000e+00
693 0.0000e+00 5.6100e-05 2.4411e-04 4.9585e-05 2.4411e-04 1.4528e-01 0.0000e+00
694 0.0000e+00 1.0830e-04 2.4263e-04 4.3746e-05 2.4263e-04 1.4548e-01 0.0000e+00
695 0.0000e+00 1.5320e-04 2.4112e-04 3.8648e-05 2.4112e-04 1.4568e-01 0.0000e+00
696 0.0000e+00 1.8770e-04 2.3960e-04 3.4186e-05 2.3960e-04 1.4589e-01 0.0000e+00
697 0.0000e+00 2.0760e-04 2.3807e-04 3.0277e-05 2.3807e-04 1.4610e-01 0.0000e+00
698 0.0000e+00 2.1680e-04 2.3653e-04 2.6844e-05 2.3653e-04 1.4631e-01 0.0000e+00
699 0.0000e+00 2.0760e-04 2.3498e-04 2.3826e-05 2.3498e-04 1.4652e-01 0.0000e+00
700 5.0000e-04 1.8770e-04 2.3344e-04 2.1168e-05 2.3344e-04 1.4673e-01 0.0000e+00
701 0.0000e+00 1.5320e-04 2.3189e-04 1.8824e-05 2.3189e-04 1.4694e-01 0.0000e+00
702 0.0000e+00 1.0830e-04 2.3036e-04 1.6755e-05 2.3036e-04 1.4716e-01 0.0000e+00
703 0.0000e+00 5.2400e-05 2.2882e-04 1.4926e-05 2.2882e-04 1.4737e-01 0.0000e+00
704 0.0000e+00 0.0000e+00 2.2730e-04 1.3308e-05 2.2730e-04 1.4758e-01 0.0000e+00
705 0.0000e+00 0.0000e+00 2.2578e-04 1.1874e-05 2.2578e-04 1.4780e-01 0.0000e+00
706 0.0000e+00 0.0000e+00 2.2428e-04 1.0603e-05 2.2428e-04 1.4801e-01 0.0000e+00
707 0.0000e+00 0.0000e+00 2.2279e-04 9.4743e-06 2.2279e-04 1.4822e-01 0.0000e+00
708 0.0000e+00 0.0000e+00 2.2131e-04 8.4719e-06 2.2131e-04 1.4844e-01 0.0000e+00
709 0.0000e+00 0.0000e+00 2.1984e-04 7.5807e-06 2.1984e-04 1.4865e-01 0.0000e+00
710 0.0000e+00 0.0000e+00 2.1839e-04 6.7865e-06 2.1839e-04 1.4886e-01 0.0000e+00
711 0.0000e+00 0.0000e+00 2.1695e-04 6.0805e-06 2.1695e-04 1.4907e-01 0.0000e+00
712 0.0000e+00 0.0000e+00 2.1552e-04 5.4512e-06 2.1552e-04 1.4928e-01 0.0000e+00
713 0.0000e+00 0.0000e+00 2.1411e-04 4.8899e-06 2.1411e-04 1.4949e-01 0.0000e+00
714 0.0000e+00 0.0000e+00 2.1272e-04 4.3889e-06 2.1272e-04 1.4970e-01 0.0000e+00
715 0.0000e+00 0.0000e+00 2.1134e-04 3.9414e-06 2.1134e-04 1.4991e-01 0.0000e+00
716 0.0000e+00 0.0000e+00 2.0997e-04 3.5414e-06 2.0997e-04 1.5011e-01 0.0000e+00
717 0.0000e+00 8.5600e-05 2.0862e-04 3.1837e-06 2.0862e-04 1.5032e-01 0.0000e+00
718 0.0000e+00 1.6520e-04 2.0729e-04 2.8635e-06 2.0729e-04 1.5052e-01 0.0000e+00
719 0.0000e+00 2.3380e-04 2.0597e-04 2.5769e-06 2.0597e-04 1.5073e-01 0.0000e+00
720 0.0000e+00 2.8620e-04 2.0466e-04 2.3200e-06 2.0466e-04 1.5093e-01 0.0000e+00
721 0.0000e+00 3.1670e-04 2.0337e-04 2.0897e-06 2.0337e-04 1.5113e-01 0.0000e+00
722 0.0000e+00 3.3060e-04 2.0210e-04 1.8832e-06 2.0210e-04 1.5133e-01 0.0000e+00
723 0.0000e+00 3.1670e-04 2.0084e-04 1.6978e-06 2.0084e-04 1.5153e-01 0.0000e+00
724 0.0000e+00 2.8620e-04 1.9959e-04 1.5300e-06 1.9959e-04 1.5173e-01 0.0000e+00
725 0.0000e+00 2.3380e-04 1.9836e-04 1.3807e-06 1.9836e-04 1.5192e-01 0.0000e+00
726 0.0000e+00 1.6520e-04 1.9714e-04 1.2465e-06 1.9714e-04 1.5212e-01 0.0000e+00
727 0.0000e+00 8.0000e-05 1.9594e-04 1.1258e-06 1.9594e-04 1.5231e-01 0.0000e+00
728 0.0000e+00 0.0000e+00 1.9475e-04 1.0172e-06 1.9475e-04 1.5251e-01 0.0000e+00
729 0.0000e+00 0.0000e+00 1.9357e-04 9.1937e-07 1.9357e-04 1.5270e-01 0.0000e+00
730 0.0000e+00 0.0000e+00 1.9241e-04 8.3130e-07 1.9241e-04 1.5289e-01 0.0000e+00
731 0.0000e+00 0.0000e+00 1.9126e-04 7.5194e-07 1.9126e-04 1.5308e-01 0.0000e+00
732 0.0000e+00 0.0000e+00 1.9013e-04 6.8040e-07 1.9013e-04 1.5327e-01 0.0000e+00
733 0.0000e+00 0.0000e+00 1.8900e-04 6.1589e-07 1.8900e-04 1.5346e-01 0.0000e+00
734 0.0000e+00 0.0000e+00 1.8790e-04 5.5769e-07 1.8790e-04 1.5365e-01 0.0000e+00
735 0.0000e+00 0.0000e+00 1.8680e-04 5.0517e-07 1.8680e-04 1.5383e-01 0.0000e+00
736 0.0000e+00 0.0000e+00 1.8571e-04 4.5775e-07 1.8571e-04 1.5402e-01 0.0000e+00
737 0.0000e+00 0.0000e+00 1.8464e-04 4.1491e-07 1.8464e-04 1.5420e-01 0.0000e+00
738 0.0000e+00 0.0000e+00 1.8358e-04 3.7621e-07 1.8358e-04 1.5439e-01 0.0000e+00
739 0.0000e+00 0.0000e+00 1.8253e-04 3.3981e-07 1.8253e-04 1.5457e-01 0.0000e+00
740 0.0000e+00 0.0000e+00 1.8150e-04 3.0840e-07 1.8150e-04 1.5475e-01 0.0000e+00
741 0.0000e+00 7.4700e-05 1.8047e-04 2.7997e-07 1.8047e-04 1.5493e-01 0.0000e+00
742 0.0000e+00 1.4410e-04 1.7946e-04 2.5424e-07 1.7946e-04 1.5511e-01 0.0000e+00
743 0.0000e+00 2.0380e-04 1.7846e-04 2.3093e-07 1.7846e-04 1.5529e-01 0.0000e+00
744 0.0000e+00 2.4960e-04 1.7747e-04 2.0983e-07 1.7747e-04 1.5547e-01 0.0000e+00
745 0.0000e+00 2.7610e-04 1.7649e-04 1.9070e-07 1.7649e-04 1.5564e-01 0.0000e+00
746 0.0000e+00 2.8830e-04 1.7552e-04 1.7337e-07 1.7552e-04 1.5582e-01 0.0000e+00
747 0.0000e+00 2.7610e-04 1.7456e-04 1.5765e-07 1.7456e-04 1.5599e-01 0.0000e+00
748 0.0000e+00 2.4960e-04 1.7361e-04 1.4340e-07 1.7361e-04 1.5617e-01 0.0000e+00
749 0.0000e+00 2.0380e-04 1.7267e-04 1.3047e-07 1.7267e-04 1.5634e-01 0.0000e+00
750 0.0000e+00 1.4410e-04 1.7174e-04 1.1873e-07 1.7174e-04 1.5651e-01 0.0000e+00
751 0.0000e+00 6.9800e-05 1.7082e-04 1.0808e-07 1.7082e-04 1.5668e-01 0.0000e+00
752 0.0000e+00 0.0000e+00 1.6991e-04 9.8412e-08 1.6991e-04 1.5685e-01 0.0000e+00
753 0.0000e+00 0.0000e+00 1.6901e-04 8.7675e-08 1.6901e-04 1.5702e-01 0.0000e+00
754 0.0000e+00 0.0000e+00 1.6812e-04 7.9942e-08 1.6812e-04 1.5719e-01 0.0000e+00
755 0.0000e+00 0.0000e+00 1.6724e-04 7.2907e-08 1.6724e-04 1.5735e-01 0.0000e+00
756 0.0000e+00 0.0000e+00 1.6637e-04 6.6504e-08 1.6637e-04 1.5752e-01 0.0000e+00
757 0.0000e+00 0.0000e+00 1.6551e-04 6.0676e-08 1.6551e-04 1.5769e-01 0.0000e+00
758 0.0000e+00 0.0000e+00 1.6466e-04 5.5370e-08 1.6466e-04 1.5785e-01 0.0000e+00
759 0.0000e+00 0.0000e+00 1.6381e-04 5.0538e-08 1.6381e-04 1.5801e-01 0.0000e+00
760 0.0000e+00 0.0000e+00 1.6298e-04 4.6138e-08 1.6298e-04 1.5818e-01 0.0000e+00
761 0.0000e+00 0.0000e+00 1.6215e-04 4.2128e-08 1.6215e-04 1.5834e-01 0.0000e+00
762 0.0000e+00 0.0000e+00 1.6133e-04 3.8475e-08 1.6133e-04 1.5850e-01 0.0000e+00
763 0.0000e+00 0.0000e+00 1.6052e-04 3.5145e-08 1.6052e-04 1.5866e-01 0.0000e+00
764 0.0000e+00 0.0000e+00 1.5971e-04 3.2110e-08 1.5971e-04 1.5882e-01 0.0000e+00
765 0.0000e+00 9.6700e-05 1.5892e-04 2.9343e-08 1.5892e-04 1.5898e-01 0.0000e+00
766 0.0000e+00 1.8660e-04 1.5813e-04 2.6819e-08 1.5813e-04 1.5914e-01 0.0000e+00
767 0.0000e+00 2.6400e-04 1.5735e-04 2.4517e-08 1.5735e-04 1.5930e-01 0.0000e+00
768 0.0000e+00 3.2330e-04 1.5658e-04 2.0431e-08 1.5658e-04 1.5945e-01 0.0000e+00
769 0.0000e+00 3.5770e-04 1.5582e-04 1.8726e-08 1.5582e-04 1.5961e-01 0.0000e+00
770 0.0000e+00 3.7350e-04 1.5506e-04 1.7166e-08 1.5506e-04 1.5976e-01 0.0000e+00
771 0.0000e+00 3.5770e-04 1.5431e-04 1.5737e-08 1.5431e-04 1.5992e-01 0.0000e+00
772 0.0000e+00 3.2330e-04 1.5357e-04 1.4430e-08 1.5357e-04 1.6007e-01 0.0000e+00
773 0.0000e+00 2.6400e-04 1.5283e-04 1.3233e-08 1.5283e-04 1.6022e-01 0.0000e+00
774 0.0000e+00 1.8660e-04 1.5211e-04 1.2137e-08 1.5211e-04 1.6038e-01 0.0000e+00
775 0.0000e+00 9.0400e-05 1.5138e-04 1.1133e-08 1.5138e-04 1.6053e-01 0.0000e+00
776 0.0000e+00 0.0000e+00 1.5067e-04 1.0213e-08 1.5067e-04 1.6068e-01 0.0000e+00
777 0.0000e+00 0.0000e+00 1.4996e-04 9.3708e-09 1.4996e-04 1.6083e-01 0.0000e+00
778 0.0000e+00 0.0000e+00 1.4926e-04 8.5990e-09 1.4926e-04 1.6098e-01 0.0000e+00
779 0.0000e+00 0.0000e+00 1.4857e-04 7.8918e-09 1.4857e-04 1.6112e-01 0.0000e+00
780 0.0000e+00 0.0000e+00 1.4788e-04 7.2437e-09 1.4788e-04 1.6127e-01 0.0000e+00
781 0.0000e+00 0.0000e+00 1.4720e-04 6.6497e-09 1.4720e-04 1.6142e-01 0.0000e+00
782 0.0000e+00 0.0000e+00 1.4652e-04 6.1052e-09 1.4652e-04 1.6157e-01 0.0000e+00
783 0.0000e+00 0.0000e+00 1.4585e-04 4.2178e-09 1.4585e-04 1.6171e-01 0.0000e+00
784 0.0000e+00 0.0000e+00 1.4519e-04 3.8886e-09 1.4519e-04 1.6186e-01 0.0000e+00
785 0.0000e+00 0.0000e+00 1.4453e-04 3.5853e-09 1.4453e-04 1.6200e-01 0.0000e+00
786 0.0000e+00 0.0000e+00 1.4388e-04 3.3060e-09 1.4388e-04 1.6215e-01 0.0000e+00
787 0.0000e+00 0.0000e+00 1.4323e-04 3.0487e-09 1.4323e-04 1.6229e-01 0.0000e+00
788 0.0000e+00 0.0000e+00 1.4259e-04 2.8116e-09 1.4259e-04 1.6243e-01 0.0000e+00
789 0.0000e+00 1.2590e-04 1.4196e-04 2.5932e-09 1.4196e-04 1.6257e-01 0.0000e+00
790 0.0000e+00 2.4290e-04 1.4133e-04 2.3919e-09 1.4133e-04 1.6272e-01 0.0000e+00
791 0.0000e+00 3.4370e-04 1.4071e-04 2.2064e-09 1.4071e-04 1.6286e-01 0.0000e+00
792 0.0000e+00 4.2090e-04 1.4009e-04 2.0355e-09 1.4009e-04 1.6300e-01 0.0000e+00
793 0.0000e+00 4.6560e-04 1.3948e-04 1.8779e-09 1.3948e-04 1.6314e-01 0.0000e+00
794 0.0000e+00 4.8620e-04 1.3887e-04 1.7327e-09 1.3887e-04 1.6327e-01 0.0000e+00
795 0.0000e+00 4.6560e-04 1.3827e-04 1.5989e-09 1.3827e-04 1.6341e-01 0.0000e+00
796 0.0000e+00 4.2090e-04 1.3768e-04 1.4755e-09 1.3768e-04 1.6355e-01 0.0000e+00
797 0.0000e+00 3.4370e-04 1.3709e-04 1.3617e-09 1.3709e-04 1.6369e-01 0.0000e+00
798 0.0000e+00 2.4290e-04 1.3650e-04 6.6202e-10 1.3650e-04 1.6382e-01 0.0000e+00
799 0.0000e+00 1.1760e-04 1.3592e-04 6.1399e-10 1.3592e-04 1.6396e-01 0.0000e+00
800 0.0000e+00 0.0000e+00 1.3534e-04 5.6947e-10 1.3534e-04 1.6410e-01 0.0000e+00
801 0.0000e+00 0.0000e+00 1.3477e-04 5.2821e-10 1.3477e-04 1.6423e-01 0.0000e+00
802 0.0000e+00 0.0000e+00 1.3420e-04 4.8996e-10 1.3420e-04 1.6436e-01 0.0000e+00
803 0.0000e+00 0.0000e+00 1.3364e-04 4.5450e-10 1.3364e-04 1.6450e-01 0.0000e+00
804 0.0000e+00 0.0000e+00 1.3309e-04 4.2163e-10 1.3309e-04 1.6463e-01 0.0000e+00
805 0.0000e+00 0.0000e+00 1.3253e-04 3.9115e-10 1.3253e-04 1.6476e-01 0.0000e+00
806 0.0000e+00 0.0000e+00 1.3199e-04 3.6290e-10 1.3199e-04 1.6490e-01 0.0000e+00
807 0.0000e+00 0.0000e+00 1.3144e-04 3.3670e-10 1.3144e-04 1.6503e-01 0.0000e+00
808 0.0000e+00 0.0000e+00 1.3090e-04 3.1241e-10 1.3090e-04 1.6516e-01 0.0000e+00
809 0.0000e+00 0.0000e+00 1.3037e-04 2.8988e-10 1.3037e-04 1.6529e-01 0.0000e+00
810 0.0000e+00 0.0000e+00 1.2984e-04 2.6899e-10 1.2984e-04 1.6542e-01 0.0000e+00
811 0.0000e+00 0.0000e+00 1.2931e-04 2.4962e-10 1.2931e-04 1.6555e-01 0.0000e+00
812 0.0000e+00 0.0000e+00 1.2879e-04 2.3165e-10 1.2879e-04 1.6568e-01 0.0000e+00
813 0.0000e+00 3.0400e-05 1.2827e-04 2.1499e-10 1.2827e-04 1.6580e-01 0.0000e+00
814 0.0000e+00 5.8700e-05 1.2776e-04 4.8712e-11 1.2776e-04 1.6593e-01 0.0000e+00
815 0.0000e+00 8.3100e-05 1.2725e-04 4.5448e-11 1.2725e-04 1.6606e-01 0.0000e+00
816 0.0000e+00 1.0180e-04 1.2675e-04 4.2404e-11 1.2675e-04 1.6619e-01 0.0000e+00
817 0.0000e+00 1.1260e-04 1.2625e-04 3.9565e-11 1.2625e-04 1.6631e-01 0.0000e+00
818 0.0000e+00 1.1760e-04 1.2575e-04 3.6918e-11 1.2575e-04 1.6644e-01 0.0000e+00
819 0.0000e+00 1.1260e-04 1.2526e-04 3.4448e-11 1.2526e-04 1.6656e-01 0.0000e+00
820 0.0000e+00 1.0180e-04 1.2477e-04 3.2145e-11 1.2477e-04 1.6669e-01 0.0000e+00
821 0.0000e+00 8.3100e-05 1.2428e-04 2.9997e-11 1.2428e-04 1.6681e-01 0.0000e+00
822 0.0000e+00 5.8700e-05 1.2380e-04 2.7993e-11 1.2380e-04 1.6694e-01 0.0000e+00
823 0.0000e+00 2.8400e-05 1.2332e-04 2.6124e-11 1.2332e-04 1.6706e-01 0.0000e+00
824 0.0000e+00 0.0000e+00 1.2285e-04 2.4381e-11 1.2285e-04 1.6718e-01 0.0000e+00
825 0.0000e+00 0.0000e+00 1.2238e-04 2.2754e-11 1.2238e-04 1.6730e-01 0.0000e+00
826 0.0000e+00 0.0000e+00 1.2191e-04 2.1237e-11 1.2191e-04 1.6743e-01 0.0000e+00
827 0.0000e+00 0.0000e+00 1.2145e-04 1.9821e-11 1.2145e-04 1.6755e-01 0.0000e+00
828 0.0000e+00 0.0000e+00 1.2099e-04 1.8501e-11 1.2099e-04 1.6767e-01 0.0000e+00
829 0.0000e+00 0.0000e+00 1.2053e-04 1.7269e-11 1.2053e-04 1.6779e-01 0.0000e+00
830 0.0000e+00 0.0000e+00 1.2008e-04 0.0000e+00 1.2008e-04 1.6791e-01 0.0000e+00
831 0.0000e+00 0.0000e+00 1.1963e-04 0.0000e+00 1.1963e-04 1.6803e-01 0.0000e+00
832 0.0000e+00 0.0000e+00 1.1918e-04 0.0000e+00 1.1918e-04 1.6815e-01 0.0000e+00
833 0.0000e+00 0.0000e+00 1.1874e-04 0.0000e+00 1.1874e-04 1.6827e-01 0.0000e+00
834 0.0000e+00 0.0000e+00 1.1830e-04 0.0000e+00 1.1830e-04 1.6839e-01 0.0000e+00
835 0.0000e+00 0.0000e+00 1.1786e-04 0.0000e+00 1.1786e-04 1.6850e-01 0.0000e+00
836 0.0000e+00 0.0000e+00 1.1743e-04 0.0000e+00 1.1743e-04 1.6862e-01 0.0000e+00
837 0.0000e+00 6.6100e-05 1.1700e-04 0.0000e+00 1.1700e-04 1.6874e-01 0.0000e+00
838 0.0000e+00 1.2750e-04 1.1657e-04 0.0000e+00 1.1657e-04 1.6885e-01 0.0000e+00
839 0.0000e+00 1.8040e-04 1.1615e-04 0.0000e+00 1.1615e-04 1.6897e-01 0.0000e+00
840 0.0000e+00 2.2090e-04 1.1573e-04 0.0000e+00 1.1573e-04 1.6909e-01 0.0000e+00
841 0.0000e+00 2.4430e-04 1.1531e-04 0.0000e+00 1.1531e-04 1.6920e-01 0.0000e+00
842 0.0000e+00 2.5510e-04 1.1489e-04 0.0000e+00 1.1489e-04 1.6932e-01 0.0000e+00
843 0.0000e+00 2.4430e-04 1.1448e-04 0.0000e+00 1.1448e-04 1.6943e-01 0.0000e+00
844 0.0000e+00 2.2090e-04 1.1407e-04 0.0000e+00 1.1407e-04 1.6954e-01 0.0000e+00
845 0.0000e+00 1.8040e-04 1.1367e-04 0.0000e+00 1.1367e-04 1.6966e-01 0.0000e+00
846 0.0000e+00 1.2750e-04 1.1326e-04 0.0000e+00 1.1326e-04 1.6977e-01 0.0000e+00
847 0.0000e+00 6.1700e-05 1.1286e-04 0.0000e+00 1.1286e-04 1.6988e-01 0.0000e+00
848 0.0000e+00 0.0000e+00 1.1247e-04 0.0000e+00 1.1247e-04 1.7000e-01 0.0000e+00
849 0.0000e+00 0.0000e+00 1.1207e-04 0.0000e+00 1.1207e-04 1.7011e-01 0.0000e+00
850 0.0000e+00 0.0000e+00 1.1168e-04 0.0000e+00 1.1168e-04 1.7022e-01 0.0000e+00
851 0.0000e+00 0.0000e+00 1.1129e-04 0.0000e+00 1.1129e-04 1.7033e-01 0.0000e+00
852 0.0000e+00 0.0000e+00 1.1090e-04 0.0000e+00 1.1090e-04 1.7044e-01 0.0000e+00
853 0.0000e+00 0.0000e+00 1.1052e-04 0.0000e+00 1.1052e-04 1.7055e-01 0.0000e+00
854 0.0000e+00 0.0000e+00 1.1014e-04 0.0000e+00 1.1014e-04 1.7066e-01 0.0000e+00
855 0.0000e+00 0.0000e+00 1.0976e-04 0.0000e+00 1.0976e-04 1.7077e-01 0.0000e+00
856 0.0000e+00 0.0000e+00 1.0939e-04 0.0000e+00 1.0939e-04 1.7088e-01 0.0000e+00
857 0.0000e+00 0.0000e+00 1.0901e-04 0.0000e+00 1.0901e-04 1.7099e-01 0.0000e+00
858 0.0000e+00 0.0000e+00 1.0864e-04 0.0000e+00 1.0864e-04 1.7110e-01 0.0000e+00
859 0.0000e+00 0.0000e+00 1.0827e-04 0.0000e+00 1.0827e-04 1.7121e-01 0.0000e+00
860 0.0000e+00 0.0000e+00 1.0791e-04 0.0000e+00 1.0791e-04 1.7132e-01 0.0000e+00
861 0.0000e+00 9.7600e-05 1.0754e-04 0.0000e+00 1.0754e-04 1.7142e-01 0.0000e+00
862 0.0000e+00 1.8830e-04 1.0718e-04 0.0000e+00 1.0718e-04 1.7153e-01 0.0000e+00
863 0.0000e+00 2.6650e-04 1.0682e-04 0.0000e+00 1.0682e-04 1.7164e-01 0.0000e+00
864 0.0000e+00 3.2630e-04 1.0647e-04 0.0000e+00 1.0647e-04 1.7174e-01 0.0000e+00
865 0.0000e+00 3.6100e-04 1.0611e-04 0.0000e+00 1.0611e-04 1.7185e-01 0.0000e+00
866 0.0000e+00 3.7690e-04 1.0576e-04 0.0000e+00 1.0576e-04 1.7196e-01 0.0000e+00
867 0.0000e+00 3.6100e-04 1.0541e-04 0.0000e+00 1.0541e-04 1.7206e-01 0.0000e+00
868 0.0000e+00 3.2630e-04 1.0507e-04 0.0000e+00 1.0507e-04 1.7217e-01 0.0000e+00
869 0.0000e+00 2.6650e-04 1.0472e-04 0.0000e+00 1.0472e-04 1.7227e-01 0.0000e+00
870 0.0000e+00 1.8830e-04 1.0438e-04 0.0000e+00 1.0438e-04 1.7238e-01 0.0000e+00
871 0.0000e+00 9.1200e-05 1.0404e-04 0.0000e+00 1.0404e-04 1.7248e-01 0.0000e+00
872 0.0000e+00 0.0000e+00 1.0370e-04 0.0000e+00 1.0370e-04 1.7258e-01 0.0000e+00
873 0.0000e+00 0.0000e+00 1.0337e-04 0.0000e+00 1.0337e-04 1.7269e-01 0.0000e+00
874 0.0000e+00 0.0000e+00 1.0303e-04 0.0000e+00 1.0303e-04 1.7279e-01 0.0000e+00
875 0.0000e+00 0.0000e+00 1.0270e-04 0.0000e+00 1.0270e-04 1.7289e-01 0.0000e+00
876 0.0000e+00 0.0000e+00 1.0237e-04 0.0000e+00 1.0237e-04 1.7300e-01 0.0000e+00
877 0.0000e+00 0.0000e+00 1.0205e-04 0.0000e+00 1.0205e-04 1.7310e-01 0.0000e+00
878 0.0000e+00 0.0000e+00 1.0172e-04 0.0000e+00 1.0172e-04 1.7320e-01 0.0000e+00
879 0.0000e+00 0.0000e+00 1.0140e-04 0.0000e+00 1.0140e-04 1.7330e-01 0.0000e+00
880 0.0000e+00 0.0000e+00 1.0108e-04 0.0000e+00 1.0108e-04 1.7340e-01 0.0000e+00
881 0.0000e+00 0.0000e+00 1.0076e-04 0.0000e+00 1.0076e-04 1.7350e-01 0.0000e+00
882 0.0000e+00 0.0000e+00 1.0044e-04 0.0000e+00 1.0044e-04 1.7360e-01 0.0000e+00
883 0.0000e+00 0.0000e+00 1.0013e-04 0.0000e+00 1.0013e-04 1.7370e-01 0.0000e+00
884 0.0000e+00 0.0000e+00 9.9816e-05 0.0000e+00 9.9816e-05 1.7380e-01 0.0000e+00
885 0.0000e+00 6.4300e-05 9.9505e-05 0.0000e+00 9.9505e-05 1.7390e-01 0.0000e+00
886 0.0000e+00 1.2410e-04 9.9196e-05 0.0000e+00 9.9196e-05 1.7400e-01 0.0000e+00
887 0.0000e+00 1.7560e-04 9.8889e-05 0.0000e+00 9.8889e-05 1.7410e-01 0.0000e+00
888 0.0000e+00 2.1500e-04 9.8584e-05 0.0000e+00 9.8584e-05 1.7420e-01 0.0000e+00
889 0.0000e+00 2.3790e-04 9.8281e-05 0.0000e+00 9.8281e-05 1.7430e-01 0.0000e+00
890 0.0000e+00 2.4840e-04 9.7979e-05 0.0000e+00 9.7979e-05 1.7440e-01 0.0000e+00
891 0.0000e+00 2.3790e-04 9.7680e-05 0.0000e+00 9.7680e-05 1.7449e-01 0.0000e+00
892 0.0000e+00 2.1500e-04 9.7382e-05 0.0000e+00 9.7382e-05 1.7459e-01 0.0000e+00
893 0.0000e+00 1.7560e-04 9.7086e-05 0.0000e+00 9.7086e-05 1.7469e-01 0.0000e+00
894 0.0000e+00 1.2410e-04 9.6792e-05 0.0000e+00 9.6792e-05 1.7478e-01 0.0000e+00
895 0.0000e+00 6.0100e-05 9.6500e-05 0.0000e+00 9.6500e-05 1.7488e-01 0.0000e+00
896 0.0000e+00 0.0000e+00 9.6209e-05 0.0000e+00 9.6209e-05 1.7498e-01 0.0000e+00
897 0.0000e+00 0.0000e+00 9.5920e-05 0.0000e+00 9.5920e-05 1.7507e-01 0.0000e+00
898 0.0000e+00 0.0000e+00 9.5633e-05 0.0000e+00 9.5633e-05 1.7517e-01 0.0000e+00
899 0.0000e+00 0.0000e+00 9.5348e-05 0.0000e+00 9.5348e-05 1.7526e-01 0.0000e+00
900 0.0000e+00 0.0000e+00 9.5064e-05 0.0000e+00 9.5064e-05 1.7536e-01 0.0000e+00
901 0.0000e+00 0.0000e+00 9.4782e-05 0.0000e+00 9.4782e-05 1.7545e-01 0.0000e+00
902 0.0000e+00 0.0000e+00 9.4502e-05 0.0000e+00 9.4502e-05 1.7555e-01 0.0000e+00
903 0.0000e+00 0.0000e+00 9.4223e-05 0.0000e+00 9.4223e-05 1.7564e-01 0.0000e+00
904 0.0000e+00 0.0000e+00 9.3946e-05 0.0000e+00 9.3946e-05 1.7574e-01 0.0000e+00
905 0.0000e+00 0.0000e+00 9.3671e-05 0.0000e+00 9.3671e-05 1.7583e-01 0.0000e+00
906 0.0000e+00 0.0000e+00 9.3397e-05 0.0000e+00 9.3397e-05 1.7592e-01 0.0000e+00
907 0.0000e+00 0.0000e+00 9.3125e-05 0.0000e+00 9.3125e-05 1.7602e-01 0.0000e+00
908 0.0000e+00 0.0000e+00 9.2854e-05 0.0000e+00 9.2854e-05 1.7611e-01 0.0000e+00
909 0.0000e+00 8.0200e-05 9.2585e-05 0.0000e+00 9.2585e-05 1.7620e-01 0.0000e+00
910 0.0000e+00 1.5480e-04 9.2318e-05 0.0000e+00 9.2318e-05 1.7629e-01 0.0000e+00
911 0.0000e+00 2.1910e-04 9.2052e-05 0.0000e+00 9.2052e-05 1.7639e-01 0.0000e+00
912 0.0000e+00 2.6830e-04 9.1787e-05 0.0000e+00 9.1787e-05 1.7648e-01 0.0000e+00
913 0.0000e+00 2.9680e-04 9.1524e-05 0.0000e+00 9.1524e-05 1.7657e-01 0.0000e+00
914 0.0000e+00 3.0990e-04 9.1263e-05 0.0000e+00 9.1263e-05 1.7666e-01 0.0000e+00
915 0.0000e+00 2.9680e-04 9.1003e-05 0.0000e+00 9.1003e-05 1.7675e-01 0.0000e+00
916 0.0000e+00 2.6830e-04 9.0745e-05 0.0000e+00 9.0745e-05 1.7684e-01 0.0000e+00
917 0.0000e+00 2.1910e-04 9.0488e-05 0.0000e+00 9.0488e-05 1.7693e-01 0.0000e+00
918 0.0000e+00 1.5480e-04 9.0232e-05 0.0000e+00 9.0232e-05 1.7702e-01 0.0000e+00
919 0.0000e+00 7.5000e-05 8.9978e-05 0.0000e+00 8.9978e-05 1.7711e-01 0.0000e+00
920 0.0000e+00 0.0000e+00 8.9725e-05 0.0000e+00 8.9725e-05 1.7720e-01 0.0000e+00
921 0.0000e+00 0.0000e+00 8.9474e-05 0.0000e+00 8.9474e-05 1.7729e-01 0.0000e+00
922 0.0000e+00 0.0000e+00 8.9224e-05 0.0000e+00 8.9224e-05 1.7738e-01 0.0000e+00
923 0.0000e+00 0.0000e+00 8.8976e-05 0.0000e+00 8.8976e-05 1.7747e-01 0.0000e+00
924 0.0000e+00 0.0000e+00 8.8729e-05 0.0000e+00 8.8729e-05 1.7756e-01 0.0000e+00
925 0.0000e+00 0.0000e+00 8.8483e-05 0.0000e+00 8.8483e-05 1.7765e-01 0.0000e+00
926 0.0000e+00 0.0000e+00 8.8239e-05 0.0000e+00 8.8239e-05 1.7774e-01 0.0000e+00
927 0.0000e+00 0.0000e+00 8.7996e-05 0.0000e+00 8.7996e-05 1.7782e-01 0.0000e+00
928 0.0000e+00 0.0000e+00 8.7754e-05 0.0000e+00 8.7754e-05 1.7791e-01 0.0000e+00
929 0.0000e+00 0.0000e+00 8.7514e-05 0.0000e+00 8.7514e-05 1.7800e-01 0.0000e+00
930 0.0000e+00 0.0000e+00 8.7275e-05 0.0000e+00 8.7275e-05 1.7809e-01 0.0000e+00
931 0.0000e+00 0.0000e+00 8.7037e-05 0.0000e+00 8.7037e-05 1.7817e-01 0.0000e+00
932 0.0000e+00 0.0000e+00 8.6801e-05 0.0000e+00 8.6801e-05 1.7826e-01 0.0000e+00
933 0.0000e+00 9.6000e-05 8.6566e-05 0.0000e+00 8.6566e-05 1.7835e-01 0.0000e+00
934 0.0000e+00 1.8520e-04 8.6332e-05 0.0000e+00 8.6332e-05 1.7843e-01 0.0000e+00
935 0.0000e+00 2.6210e-04 8.6099e-05 0.0000e+00 8.6099e-05 1.7852e-01 0.0000e+00
936 0.0000e+00 3.2090e-04 8.5868e-05 0.0000e+00 8.5868e-05 1.7861e-01 0.0000e+00
937 0.0000e+00 3.5500e-04 8.5638e-05 0.0000e+00 8.5638e-05 1.7869e-01 0.0000e+00
938 0.0000e+00 3.7070e-04 8.5409e-05 0.0000e+00 8.5409e-05 1.7878e-01 0.0000e+00
939 0.0000e+00 3.5500e-04 8.5181e-05 0.0000e+00 8.5181e-05 1.7886e-01 0.0000e+00
940 0.0000e+00 3.2090e-04 8.4955e-05 0.0000e+00 8.4955e-05 1.7895e-01 0.0000e+00
941 0.0000e+00 2.6210e-04 8.4730e-05 0.0000e+00 8.4730e-05 1.7903e-01 0.0000e+00
942 0.0000e+00 1.8520e-04 8.4505e-05 0.0000e+00 8.4505e-05 1.7912e-01 0.0000e+00
943 0.0000e+00 8.9700e-05 8.4283e-05 0.0000e+00 8.4283e-05 1.7920e-01 0.0000e+00
944 0.0000e+00 0.0000e+00 8.4061e-05 0.0000e+00 8.4061e-05 1.7928e-01 0.0000e+00
945 0.0000e+00 0.0000e+00 8.3840e-05 0.0000e+00 8.3840e-05 1.7937e-01 0.0000e+00
946 0.0000e+00 0.0000e+00 8.3621e-05 0.0000e+00 8.3621e-05 1.7945e-01 0.0000e+00
947 0.0000e+00 0.0000e+00 8.3403e-05 0.0000e+00 8.3403e-05 1.7954e-01 0.0000e+00
948 0.0000e+00 0.0000e+00 8.3186e-05 0.0000e+00 8.3186e-05 1.7962e-01 0.0000e+00
949 0.0000e+00 0.0000e+00 8.2970e-05 0.0000e+00 8.2970e-05 1.7970e-01 0.0000e+00
950 0.0000e+00 0.0000e+00 8.2755e-05 0.0000e+00 8.2755e-05 1.7978e-01 0.0000e+00
Objective function values:
F1 1.950382e-06    NSE 0.66472   F2 3.225360e-02
Mean Obs Q 1.590065e-04   Variance Obs Q 6.123405e-09
    Error Variance 2.053033e-09

Water Balance for Subcatchment: Extracted study basin: Taegu Pyungkwang River

   SUMP       SUMAE      SUMQ       SUMRZ      SUMUZ      SBAR        BAL
1.890e-01  4.611e-02  1.278e-01  1.953e-02  0.000e+00  1.798e-01  3.074e-03
