1 0.000033 0.000033
2 0.000032 0.000033
3 0.000033 0.000033
4 0.000033 0.000033
5 0.000035 0.000033
6 0.000036 0.000033
7 0.000036 0.000033
8 0.000036 0.000033
9 0.000035 0.000033
10 0.000035 0.000033
11 0.000036 0.000033
12 0.000035 0.000033
13 0.000035 0.000034
14 0.000036 0.000034
15 0.000037 0.000034
16 0.000037 0.000034
17 0.000037 0.000034
18 0.000037 0.000034
19 0.000036 0.000035
20 0.000035 0.000035
21 0.000035 0.000035
22 0.000034 0.000035
23 0.000034 0.000035
24 0.000036 0.000038
25 0.000042 0.000037
26 0.000058 0.000042
27 0.000086 0.000043
28 0.000105 0.000040
29 0.000091 0.000043
30 0.000076 0.000042
31 0.000064 0.000043
32 0.000056 0.000046
33 0.000054 0.000047
34 0.000052 0.000048
35 0.000050 0.000049
36 0.000049 0.000050
37 0.000048 0.000051
38 0.000048 0.000052
39 0.000048 0.000053
40 0.000048 0.000054
41 0.000047 0.000055
42 0.000046 0.000056
43 0.000046 0.000057
44 0.000046 0.000057
45 0.000046 0.000058
46 0.000048 0.000059
47 0.000049 0.000059
48 0.000049 0.000060
49 0.000049 0.000060
50 0.000049 0.000062
51 0.000053 0.000064
52 0.000063 0.000066
53 0.000079 0.000066
54 0.000090 0.000069
55 0.000098 0.000070
56 0.000103 0.000072
57 0.000103 0.000073
58 0.000095 0.000075
59 0.000086 0.000077
60 0.000082 0.000080
61 0.000082 0.000082
62 0.000082 0.000084
63 0.000084 0.000086
64 0.000087 0.000087
65 0.000090 0.000089
66 0.000093 0.000091
67 0.000097 0.000092
68 0.000101 0.000093
69 0.000105 0.000095
70 0.000108 0.000096
71 0.000110 0.000097
72 0.000112 0.000097
73 0.000115 0.000098
74 0.000116 0.000099
75 0.000117 0.000099
76 0.000118 0.000100
77 0.000121 0.000100
78 0.000122 0.000101
79 0.000122 0.000101
80 0.000123 0.000101
81 0.000123 0.000102
82 0.000123 0.000102
83 0.000124 0.000102
84 0.000127 0.000102
85 0.000127 0.000102
86 0.000128 0.000102
87 0.000128 0.000102
88 0.000128 0.000102
89 0.000128 0.000102
90 0.000130 0.000102
91 0.000130 0.000102
92 0.000131 0.000102
93 0.000133 0.000101
94 0.000134 0.000101
95 0.000134 0.000101
96 0.000135 0.000101
97 0.000136 0.000101
98 0.000139 0.000100
99 0.000140 0.000100
100 0.000140 0.000100
101 0.000140 0.000100
102 0.000140 0.000100
103 0.000140 0.000099
104 0.000140 0.000099
105 0.000140 0.000099
106 0.000140 0.000099
107 0.000140 0.000098
108 0.000141 0.000098
109 0.000141 0.000098
110 0.000141 0.000098
111 0.000141 0.000097
112 0.000140 0.000097
113 0.000141 0.000097
114 0.000141 0.000097
115 0.000141 0.000096
116 0.000141 0.000096
117 0.000141 0.000096
118 0.000140 0.000096
119 0.000140 0.000095
120 0.000140 0.000095
121 0.000139 0.000095
122 0.000140 0.000094
123 0.000140 0.000094
124 0.000140 0.000094
125 0.000140 0.000094
126 0.000140 0.000093
127 0.000140 0.000093
128 0.000139 0.000093
129 0.000138 0.000093
130 0.000138 0.000092
131 0.000137 0.000092
132 0.000136 0.000092
133 0.000136 0.000092
134 0.000136 0.000091
135 0.000135 0.000091
136 0.000135 0.000091
137 0.000135 0.000091
138 0.000134 0.000090
139 0.000134 0.000090
140 0.000133 0.000090
141 0.000133 0.000090
142 0.000133 0.000089
143 0.000131 0.000089
144 0.000130 0.000089
145 0.000130 0.000089
146 0.000130 0.000088
147 0.000129 0.000088
148 0.000128 0.000088
149 0.000128 0.000088
150 0.000128 0.000087
151 0.000128 0.000087
152 0.000127 0.000087
153 0.000127 0.000087
154 0.000127 0.000086
155 0.000126 0.000086
156 0.000125 0.000086
157 0.000123 0.000086
158 0.000123 0.000086
159 0.000122 0.000085
160 0.000122 0.000085
161 0.000122 0.000085
162 0.000122 0.000085
163 0.000122 0.000084
164 0.000122 0.000084
165 0.000122 0.000084
166 0.000122 0.000084
167 0.000122 0.000084
168 0.000121 0.000083
169 0.000119 0.000083
170 0.000120 0.000083
171 0.000119 0.000083
172 0.000118 0.000082
173 0.000118 0.000082
174 0.000117 0.000082
175 0.000117 0.000082
176 0.000117 0.000082
177 0.000116 0.000081
178 0.000116 0.000081
179 0.000116 0.000081
180 0.000114 0.000081
181 0.000113 0.000081
182 0.000112 0.000080
183 0.000112 0.000080
184 0.000112 0.000080
185 0.000112 0.000080
186 0.000112 0.000080
187 0.000112 0.000079
188 0.000112 0.000079
189 0.000111 0.000079
190 0.000108 0.000079
191 0.000109 0.000079
192 0.000108 0.000078
193 0.000109 0.000078
194 0.000108 0.000078
195 0.000108 0.000078
196 0.000108 0.000078
197 0.000108 0.000077
198 0.000108 0.000077
199 0.000107 0.000077
200 0.000107 0.000077
201 0.000106 0.000077
202 0.000105 0.000077
203 0.000104 0.000076
204 0.000103 0.000076
205 0.000104 0.000076
206 0.000103 0.000076
207 0.000103 0.000076
208 0.000102 0.000075
209 0.000102 0.000075
210 0.000102 0.000075
211 0.000102 0.000075
212 0.000102 0.000075
213 0.000102 0.000075
214 0.000101 0.000074
215 0.000099 0.000074
216 0.000099 0.000074
217 0.000099 0.000074
218 0.000099 0.000074
219 0.000099 0.000074
220 0.000098 0.000073
221 0.000098 0.000073
222 0.000098 0.000073
223 0.000098 0.000073
224 0.000098 0.000073
225 0.000097 0.000073
226 0.000095 0.000072
227 0.000095 0.000072
228 0.000094 0.000072
229 0.000094 0.000072
230 0.000094 0.000072
231 0.000094 0.000072
232 0.000093 0.000071
233 0.000093 0.000071
234 0.000093 0.000071
235 0.000093 0.000071
236 0.000093 0.000071
237 0.000093 0.000071
238 0.000093 0.000070
239 0.000092 0.000070
240 0.000094 0.000070
241 0.000094 0.000070
242 0.000094 0.000070
243 0.000093 0.000070
244 0.000093 0.000070
245 0.000092 0.000069
246 0.000090 0.000069
247 0.000090 0.000069
248 0.000090 0.000069
249 0.000090 0.000069
250 0.000090 0.000069
251 0.000090 0.000068
252 0.000090 0.000068
253 0.000090 0.000068
254 0.000090 0.000068
255 0.000090 0.000068
256 0.000090 0.000068
257 0.000089 0.000068
258 0.000087 0.000067
259 0.000086 0.000067
260 0.000086 0.000067
261 0.000086 0.000067
262 0.000085 0.000067
263 0.000086 0.000067
264 0.000086 0.000067
265 0.000085 0.000066
266 0.000083 0.000066
267 0.000083 0.000066
268 0.000081 0.000066
269 0.000080 0.000066
270 0.000080 0.000066
271 0.000080 0.000066
272 0.000080 0.000066
273 0.000080 0.000065
274 0.000080 0.000065
275 0.000080 0.000065
276 0.000080 0.000065
277 0.000080 0.000065
278 0.000080 0.000065
279 0.000080 0.000065
280 0.000080 0.000064
281 0.000080 0.000064
282 0.000080 0.000064
283 0.000080 0.000064
284 0.000081 0.000064
285 0.000084 0.000064
286 0.000102 0.000071
287 0.000134 0.000069
288 0.000135 0.000068
289 0.000117 0.000068
290 0.000101 0.000069
291 0.000094 0.000071
292 0.000090 0.000072
293 0.000088 0.000073
294 0.000089 0.000075
295 0.000095 0.000076
296 0.000097 0.000076
297 0.000093 0.000077
298 0.000089 0.000078
299 0.000088 0.000079
300 0.000088 0.000080
301 0.000088 0.000081
302 0.000088 0.000082
303 0.000087 0.000082
304 0.000087 0.000083
305 0.000087 0.000083
306 0.000087 0.000084
307 0.000087 0.000084
308 0.000087 0.000084
309 0.000086 0.000084
310 0.000086 0.000085
311 0.000085 0.000085
312 0.000086 0.000085
313 0.000087 0.000085
314 0.000088 0.000086
315 0.000088 0.000086
316 0.000089 0.000086
317 0.000089 0.000086
318 0.000092 0.000087
319 0.000093 0.000087
320 0.000092 0.000086
321 0.000092 0.000087
322 0.000093 0.000088
323 0.000093 0.000088
324 0.000094 0.000088
325 0.000094 0.000088
326 0.000093 0.000088
327 0.000092 0.000089
328 0.000091 0.000089
329 0.000090 0.000089
330 0.000090 0.000089
331 0.000090 0.000090
332 0.000090 0.000090
333 0.000090 0.000090
334 0.000090 0.000090
335 0.000090 0.000090
336 0.000090 0.000090
337 0.000090 0.000090
338 0.000090 0.000090
339 0.000092 0.000090
340 0.000094 0.000093
341 0.000098 0.000093
342 0.000102 0.000093
343 0.000103 0.000093
344 0.000102 0.000095
345 0.000102 0.000095
346 0.000101 0.000095
347 0.000098 0.000096
348 0.000098 0.000097
349 0.000096 0.000097
350 0.000095 0.000098
351 0.000094 0.000098
352 0.000094 0.000099
353 0.000094 0.000101
354 0.000094 0.000100
355 0.000094 0.000100
356 0.000094 0.000100
357 0.000094 0.000101
358 0.000094 0.000101
359 0.000095 0.000101
360 0.000097 0.000101
361 0.000097 0.000101
362 0.000097 0.000101
363 0.000097 0.000101
364 0.000097 0.000101
365 0.000097 0.000101
366 0.000098 0.000101
367 0.000099 0.000101
368 0.000099 0.000101
369 0.000099 0.000101
370 0.000100 0.000101
371 0.000101 0.000101
372 0.000100 0.000100
373 0.000100 0.000100
374 0.000113 0.000115
375 0.000162 0.000113
376 0.000177 0.000110
377 0.000153 0.000108
378 0.000133 0.000110
379 0.000123 0.000113
380 0.000122 0.000115
381 0.000122 0.000117
382 0.000123 0.000119
383 0.000125 0.000123
384 0.000130 0.000125
385 0.000133 0.000124
386 0.000132 0.000127
387 0.000132 0.000128
388 0.000132 0.000129
389 0.000132 0.000131
390 0.000132 0.000132
391 0.000134 0.000133
392 0.000137 0.000135
393 0.000140 0.000136
394 0.000141 0.000136
395 0.000141 0.000137
396 0.000141 0.000137
397 0.000144 0.000138
398 0.000145 0.000138
399 0.000147 0.000139
400 0.000149 0.000139
401 0.000151 0.000139
402 0.000154 0.000142
403 0.000156 0.000140
404 0.000158 0.000140
405 0.000159 0.000142
406 0.000162 0.000142
407 0.000164 0.000141
408 0.000165 0.000143
409 0.000166 0.000142
410 0.000168 0.000142
411 0.000169 0.000143
412 0.000169 0.000143
413 0.000170 0.000143
414 0.000171 0.000143
415 0.000172 0.000143
416 0.000175 0.000143
417 0.000176 0.000142
418 0.000177 0.000142
419 0.000177 0.000142
420 0.000178 0.000142
421 0.000179 0.000141
422 0.000180 0.000141
423 0.000181 0.000141
424 0.000182 0.000140
425 0.000183 0.000140
426 0.000183 0.000140
427 0.000185 0.000139
428 0.000191 0.000143
429 0.000208 0.000148
430 0.000219 0.000146
431 0.000218 0.000145
432 0.000208 0.000145
433 0.000203 0.000147
434 0.000201 0.000148
435 0.000198 0.000150
436 0.000197 0.000151
437 0.000211 0.000162
438 0.000212 0.000154
439 0.000205 0.000156
440 0.000202 0.000158
441 0.000200 0.000159
442 0.000200 0.000160
443 0.000200 0.000161
444 0.000201 0.000163
445 0.000201 0.000163
446 0.000201 0.000164
447 0.000201 0.000164
448 0.000201 0.000165
449 0.000202 0.000165
450 0.000202 0.000165
451 0.000202 0.000165
452 0.000202 0.000167
453 0.000203 0.000165
454 0.000203 0.000165
455 0.000203 0.000165
456 0.000204 0.000165
457 0.000204 0.000165
458 0.000204 0.000165
459 0.000204 0.000164
460 0.000205 0.000164
461 0.000205 0.000163
462 0.000205 0.000163
463 0.000206 0.000163
464 0.000207 0.000162
465 0.000208 0.000163
466 0.000212 0.000163
467 0.000213 0.000161
468 0.000211 0.000161
469 0.000212 0.000162
470 0.000212 0.000160
471 0.000212 0.000160
472 0.000212 0.000162
473 0.000216 0.000161
474 0.000216 0.000160
475 0.000215 0.000160
476 0.000215 0.000160
477 0.000215 0.000160
478 0.000215 0.000159
479 0.000215 0.000159
480 0.000215 0.000159
481 0.000215 0.000158
482 0.000214 0.000159
483 0.000219 0.000166
484 0.000233 0.000162
485 0.000229 0.000160
486 0.000220 0.000164
487 0.000219 0.000162
488 0.000218 0.000163
489 0.000217 0.000163
490 0.000217 0.000164
491 0.000216 0.000164
492 0.000216 0.000165
493 0.000215 0.000165
494 0.000214 0.000165
495 0.000212 0.000165
496 0.000212 0.000165
497 0.000212 0.000165
498 0.000211 0.000164
499 0.000210 0.000164
500 0.000210 0.000164
501 0.000210 0.000163
502 0.000209 0.000163
503 0.000209 0.000162
504 0.000209 0.000162
505 0.000209 0.000161
506 0.000208 0.000161
507 0.000208 0.000160
508 0.000206 0.000160
509 0.000205 0.000159
510 0.000205 0.000159
511 0.000205 0.000158
512 0.000205 0.000157
513 0.000204 0.000157
514 0.000203 0.000156
515 0.000203 0.000155
516 0.000202 0.000155
517 0.000202 0.000154
518 0.000201 0.000153
519 0.000200 0.000153
520 0.000198 0.000152
521 0.000198 0.000152
522 0.000197 0.000151
523 0.000197 0.000150
524 0.000197 0.000150
525 0.000196 0.000149
526 0.000196 0.000148
527 0.000195 0.000148
528 0.000195 0.000147
529 0.000195 0.000146
530 0.000194 0.000146
531 0.000195 0.000145
532 0.000193 0.000144
533 0.000193 0.000144
534 0.000192 0.000143
535 0.000191 0.000143
536 0.000190 0.000142
537 0.000190 0.000141
538 0.000190 0.000141
539 0.000190 0.000140
540 0.000189 0.000139
541 0.000189 0.000139
542 0.000188 0.000138
543 0.000188 0.000138
544 0.000187 0.000137
545 0.000186 0.000137
546 0.000186 0.000136
547 0.000186 0.000135
548 0.000184 0.000135
549 0.000183 0.000134
550 0.000183 0.000134
551 0.000183 0.000133
552 0.000185 0.000133
553 0.000188 0.000132
554 0.000194 0.000133
555 0.000201 0.000135
556 0.000196 0.000132
557 0.000190 0.000133
558 0.000188 0.000132
559 0.000185 0.000132
560 0.000183 0.000132
561 0.000182 0.000132
562 0.000181 0.000132
563 0.000181 0.000132
564 0.000180 0.000132
565 0.000179 0.000132
566 0.000179 0.000131
567 0.000178 0.000131
568 0.000177 0.000131
569 0.000177 0.000131
570 0.000177 0.000131
571 0.000177 0.000130
572 0.000177 0.000130
573 0.000182 0.000137
574 0.000193 0.000133
575 0.000193 0.000138
576 0.000213 0.000142
577 0.000228 0.000140
578 0.000209 0.000139
579 0.000194 0.000142
580 0.000188 0.000145
581 0.000185 0.000147
582 0.000183 0.000149
583 0.000182 0.000150
584 0.000181 0.000152
585 0.000181 0.000153
586 0.000180 0.000154
587 0.000179 0.000155
588 0.000179 0.000155
589 0.000180 0.000156
590 0.000179 0.000156
591 0.000178 0.000157
592 0.000178 0.000158
593 0.000179 0.000157
594 0.000179 0.000161
595 0.000181 0.000158
596 0.000179 0.000158
597 0.000177 0.000159
598 0.000177 0.000159
599 0.000177 0.000159
600 0.000177 0.000159
601 0.000177 0.000159
602 0.000176 0.000159
603 0.000176 0.000158
604 0.000176 0.000158
605 0.000175 0.000158
606 0.000174 0.000158
607 0.000174 0.000157
608 0.000173 0.000157
609 0.000171 0.000156
610 0.000171 0.000156
611 0.000171 0.000155
612 0.000171 0.000155
613 0.000171 0.000154
614 0.000171 0.000154
615 0.000171 0.000153
616 0.000171 0.000153
617 0.000171 0.000152
618 0.000171 0.000151
619 0.000171 0.000151
620 0.000171 0.000150
621 0.000171 0.000150
622 0.000171 0.000149
623 0.000171 0.000148
624 0.000174 0.000148
625 0.000178 0.000147
626 0.000188 0.000157
627 0.000201 0.000154
628 0.000204 0.000154
629 0.000212 0.000163
630 0.000245 0.000167
631 0.000291 0.000175
632 0.000297 0.000165
633 0.000235 0.000170
634 0.000218 0.000179
635 0.000219 0.000189
636 0.000249 0.000199
637 0.000289 0.000205
638 0.000287 0.000203
639 0.000260 0.000213
640 0.000253 0.000218
641 0.000255 0.000227
642 0.000265 0.000231
643 0.000271 0.000239
644 0.000278 0.000242
645 0.000286 0.000246
646 0.000296 0.000250
647 0.000303 0.000254
648 0.000311 0.000257
649 0.000317 0.000259
650 0.000324 0.000261
651 0.000331 0.000262
652 0.000338 0.000263
653 0.000343 0.000264
654 0.000349 0.000265
655 0.000352 0.000265
656 0.000356 0.000265
657 0.000361 0.000265
658 0.000366 0.000264
659 0.000370 0.000264
660 0.000372 0.000263
661 0.000376 0.000262
662 0.000379 0.000261
663 0.000381 0.000260
664 0.000384 0.000259
665 0.000387 0.000257
666 0.000388 0.000256
667 0.000389 0.000255
668 0.000391 0.000256
669 0.000392 0.000255
670 0.000394 0.000252
671 0.000394 0.000256
672 0.000397 0.000250
673 0.000393 0.000250
674 0.000391 0.000249
675 0.000391 0.000250
676 0.000391 0.000250
677 0.000390 0.000248
678 0.000388 0.000247
679 0.000391 0.000251
680 0.000397 0.000252
681 0.000391 0.000247
682 0.000386 0.000247
683 0.000381 0.000247
684 0.000379 0.000246
685 0.000376 0.000246
686 0.000373 0.000245
687 0.000371 0.000244
688 0.000370 0.000244
689 0.000368 0.000243
690 0.000364 0.000242
691 0.000361 0.000240
692 0.000359 0.000239
693 0.000355 0.000238
694 0.000352 0.000237
695 0.000352 0.000236
696 0.000351 0.000234
697 0.000349 0.000233
698 0.000347 0.000231
699 0.000343 0.000230
700 0.000340 0.000229
701 0.000337 0.000227
702 0.000332 0.000226
703 0.000334 0.000225
704 0.000332 0.000223
705 0.000329 0.000222
706 0.000327 0.000220
707 0.000325 0.000219
708 0.000322 0.000218
709 0.000320 0.000216
710 0.000319 0.000215
711 0.000317 0.000214
712 0.000314 0.000212
713 0.000311 0.000211
714 0.000309 0.000210
715 0.000307 0.000208
716 0.000302 0.000207
717 0.000301 0.000206
718 0.000299 0.000204
719 0.000297 0.000203
720 0.000294 0.000202
721 0.000291 0.000201
722 0.000289 0.000199
723 0.000286 0.000198
724 0.000284 0.000197
725 0.000282 0.000196
726 0.000281 0.000195
727 0.000278 0.000193
728 0.000276 0.000192
729 0.000274 0.000191
730 0.000271 0.000190
731 0.000268 0.000189
732 0.000267 0.000188
733 0.000266 0.000187
734 0.000265 0.000186
735 0.000263 0.000185
736 0.000260 0.000184
737 0.000259 0.000182
738 0.000257 0.000181
739 0.000255 0.000180
740 0.000253 0.000179
741 0.000251 0.000178
742 0.000249 0.000177
743 0.000248 0.000176
744 0.000247 0.000175
745 0.000246 0.000175
746 0.000244 0.000174
747 0.000241 0.000173
748 0.000237 0.000172
749 0.000236 0.000171
750 0.000235 0.000170
751 0.000234 0.000169
752 0.000233 0.000168
753 0.000232 0.000167
754 0.000231 0.000166
755 0.000228 0.000165
756 0.000227 0.000165
757 0.000226 0.000164
758 0.000224 0.000163
759 0.000223 0.000162
760 0.000222 0.000161
761 0.000220 0.000160
762 0.000218 0.000160
763 0.000218 0.000159
764 0.000218 0.000158
765 0.000216 0.000157
766 0.000214 0.000157
767 0.000212 0.000156
768 0.000210 0.000155
769 0.000209 0.000154
770 0.000208 0.000154
771 0.000207 0.000153
772 0.000205 0.000152
773 0.000204 0.000151
774 0.000202 0.000151
775 0.000201 0.000150
776 0.000198 0.000149
777 0.000197 0.000149
778 0.000196 0.000148
779 0.000195 0.000147
780 0.000195 0.000147
781 0.000193 0.000146
782 0.000191 0.000145
783 0.000190 0.000145
784 0.000189 0.000144
785 0.000188 0.000143
786 0.000187 0.000143
787 0.000185 0.000142
788 0.000183 0.000141
789 0.000182 0.000141
790 0.000181 0.000140
791 0.000180 0.000139
792 0.000178 0.000139
793 0.000177 0.000138
794 0.000177 0.000138
795 0.000176 0.000137
796 0.000175 0.000136
797 0.000172 0.000136
798 0.000171 0.000135
799 0.000170 0.000135
800 0.000169 0.000134
801 0.000169 0.000134
802 0.000169 0.000133
803 0.000169 0.000133
804 0.000167 0.000132
805 0.000165 0.000131
806 0.000164 0.000131
807 0.000164 0.000130
808 0.000163 0.000130
809 0.000162 0.000129
810 0.000162 0.000129
811 0.000161 0.000128
812 0.000159 0.000128
813 0.000158 0.000127
814 0.000157 0.000127
815 0.000157 0.000126
816 0.000156 0.000126
817 0.000156 0.000125
818 0.000156 0.000125
819 0.000156 0.000124
820 0.000153 0.000124
821 0.000153 0.000123
822 0.000152 0.000123
823 0.000151 0.000122
824 0.000150 0.000122
825 0.000149 0.000121
826 0.000147 0.000121
827 0.000147 0.000121
828 0.000147 0.000120
829 0.000146 0.000120
830 0.000145 0.000119
831 0.000145 0.000119
832 0.000144 0.000118
833 0.000142 0.000118
834 0.000141 0.000117
835 0.000141 0.000117
836 0.000143 0.000117
837 0.000141 0.000116
838 0.000140 0.000116
839 0.000140 0.000115
840 0.000139 0.000115
841 0.000139 0.000114
842 0.000138 0.000114
843 0.000135 0.000114
844 0.000135 0.000113
845 0.000134 0.000113
846 0.000134 0.000112
847 0.000132 0.000112
848 0.000132 0.000112
849 0.000132 0.000111
850 0.000132 0.000111
851 0.000132 0.000111
852 0.000131 0.000110
853 0.000129 0.000110
854 0.000128 0.000109
855 0.000127 0.000109
856 0.000127 0.000109
857 0.000126 0.000108
858 0.000125 0.000108
859 0.000123 0.000108
860 0.000123 0.000107
861 0.000123 0.000107
862 0.000123 0.000106
863 0.000123 0.000106
864 0.000123 0.000106
865 0.000122 0.000105
866 0.000121 0.000105
867 0.000121 0.000105
868 0.000119 0.000104
869 0.000118 0.000104
870 0.000118 0.000104
871 0.000118 0.000103
872 0.000118 0.000103
873 0.000117 0.000103
874 0.000117 0.000102
875 0.000116 0.000102
876 0.000114 0.000102
877 0.000113 0.000101
878 0.000113 0.000101
879 0.000113 0.000101
880 0.000113 0.000100
881 0.000113 0.000100
882 0.000112 0.000100
883 0.000111 0.000099
884 0.000111 0.000099
885 0.000111 0.000099
886 0.000111 0.000099
887 0.000111 0.000098
888 0.000110 0.000098
889 0.000109 0.000098
890 0.000108 0.000097
891 0.000107 0.000097
892 0.000107 0.000097
893 0.000106 0.000096
894 0.000106 0.000096
895 0.000106 0.000096
896 0.000105 0.000096
897 0.000105 0.000095
898 0.000104 0.000095
899 0.000103 0.000095
900 0.000103 0.000094
901 0.000103 0.000094
902 0.000103 0.000094
903 0.000103 0.000094
904 0.000103 0.000093
905 0.000102 0.000093
906 0.000102 0.000093
907 0.000102 0.000093
908 0.000102 0.000092
909 0.000102 0.000092
910 0.000101 0.000092
911 0.000101 0.000092
912 0.000100 0.000091
913 0.000101 0.000091
914 0.000100 0.000091
915 0.000099 0.000090
916 0.000099 0.000090
917 0.000099 0.000090
918 0.000099 0.000090
919 0.000098 0.000089
920 0.000098 0.000089
921 0.000097 0.000089
922 0.000097 0.000089
923 0.000096 0.000088
924 0.000096 0.000088
925 0.000096 0.000088
926 0.000099 0.000088
927 0.000097 0.000088
928 0.000094 0.000087
929 0.000094 0.000087
930 0.000094 0.000087
931 0.000093 0.000087
932 0.000093 0.000086
933 0.000093 0.000086
934 0.000093 0.000086
935 0.000093 0.000086
936 0.000093 0.000085
937 0.000093 0.000085
938 0.000093 0.000085
939 0.000093 0.000085
940 0.000093 0.000085
941 0.000093 0.000084
942 0.000093 0.000084
943 0.000093 0.000084
944 0.000093 0.000084
945 0.000093 0.000083
946 0.000093 0.000083
947 0.000092 0.000083
948 0.000090 0.000083
949 0.000093 0.000083
950 0.000093 0.000082
