Taegu Pyungkwang River Catchment: Calibration Data

Subcatchment : Extracted study basin: cat-13639

TL =     6.20
SUMAC =     1.00
SZQ =       0.30029
Subcatchment routing data:
Maximum Routing Delay       0.69444
Sum of Histogram ordinates:     1.0000
     1.00000 
Initial BAL             -0.29391
Initial SBAR             0.29191
Initial SR0              0.00200
it      p        ep       q(it)       quz      q       sbar       qof
1 0.0000e+00 6.1900e-05 3.2800e-05 0.0000e+00 3.2800e-05 2.9194e-01 0.0000e+00
2 0.0000e+00 6.4700e-05 3.2766e-05 0.0000e+00 3.2766e-05 2.9197e-01 0.0000e+00
3 1.0000e-03 6.1900e-05 3.2733e-05 0.0000e+00 3.2733e-05 2.9200e-01 0.0000e+00
4 1.0000e-03 5.6000e-05 3.2699e-05 0.0000e+00 3.2699e-05 2.9204e-01 0.0000e+00
5 1.0000e-03 4.5700e-05 3.7220e-05 5.9211e-05 3.2666e-05 2.9201e-01 4.5538e-06
6 5.0000e-04 3.2300e-05 3.5407e-05 8.3414e-05 3.2693e-05 2.9196e-01 2.7141e-06
7 5.0000e-04 1.5600e-05 3.5539e-05 1.0725e-04 3.2745e-05 2.9189e-01 2.7942e-06
8 0.0000e+00 0.0000e+00 3.2821e-05 9.2146e-05 3.2821e-05 2.9183e-01 0.0000e+00
9 5.0000e-04 0.0000e+00 3.5776e-05 1.1929e-04 3.2882e-05 2.9174e-01 2.8939e-06
10 5.0000e-04 0.0000e+00 3.5958e-05 1.4227e-04 3.2971e-05 2.9163e-01 2.9871e-06
11 0.0000e+00 0.0000e+00 3.3084e-05 1.2353e-04 3.3084e-05 2.9154e-01 0.0000e+00
12 0.0000e+00 0.0000e+00 3.3178e-05 1.0989e-04 3.3178e-05 2.9146e-01 0.0000e+00
13 1.0000e-03 0.0000e+00 3.9231e-05 1.7625e-04 3.3257e-05 2.9132e-01 5.9742e-06
14 5.0000e-04 0.0000e+00 3.6393e-05 1.9043e-04 3.3406e-05 2.9116e-01 2.9871e-06
15 5.0000e-04 0.0000e+00 3.6558e-05 2.0547e-04 3.3570e-05 2.9099e-01 2.9871e-06
16 1.0000e-03 0.0000e+00 3.9726e-05 2.5830e-04 3.3751e-05 2.9077e-01 5.9742e-06
17 0.0000e+00 0.0000e+00 3.3989e-05 2.2405e-04 3.3989e-05 2.9058e-01 0.0000e+00
18 0.0000e+00 0.0000e+00 3.4191e-05 1.9958e-04 3.4191e-05 2.9041e-01 0.0000e+00
19 0.0000e+00 0.0000e+00 3.4369e-05 1.7859e-04 3.4369e-05 2.9027e-01 0.0000e+00
20 0.0000e+00 0.0000e+00 3.4524e-05 1.6022e-04 3.4524e-05 2.9014e-01 0.0000e+00
21 0.0000e+00 1.8000e-05 3.4660e-05 1.4403e-04 3.4660e-05 2.9003e-01 0.0000e+00
22 0.0000e+00 3.4800e-05 3.4778e-05 1.2967e-04 3.4778e-05 2.8994e-01 0.0000e+00
23 0.0000e+00 4.9200e-05 3.4882e-05 1.1689e-04 3.4882e-05 2.8986e-01 0.0000e+00
24 3.0000e-03 6.0200e-05 5.3302e-05 3.3255e-04 3.4971e-05 2.8956e-01 1.8331e-05
25 2.0000e-03 6.6600e-05 4.6887e-05 4.3333e-04 3.5298e-05 2.8916e-01 1.1589e-05
26 5.5000e-03 6.9600e-05 7.7969e-05 7.9244e-04 3.5740e-05 2.8840e-01 4.2230e-05
27 6.0000e-03 6.6600e-05 8.5343e-05 1.1372e-03 3.6595e-05 2.8730e-01 4.8748e-05
28 1.0000e-03 6.0200e-05 4.5917e-05 1.0564e-03 3.7875e-05 2.8628e-01 8.0417e-06
29 2.5000e-03 4.9200e-05 6.0120e-05 1.1254e-03 3.9100e-05 2.8520e-01 2.1020e-05
30 0.0000e+00 3.4800e-05 4.0450e-05 9.9262e-04 4.0450e-05 2.8425e-01 0.0000e+00
31 0.0000e+00 1.6800e-05 4.1672e-05 8.8569e-04 4.1672e-05 2.8340e-01 0.0000e+00
32 1.0000e-03 0.0000e+00 5.0534e-05 8.6381e-04 4.2786e-05 2.8258e-01 7.7476e-06
33 5.0000e-04 0.0000e+00 4.8206e-05 8.0928e-04 4.3898e-05 2.8181e-01 4.3077e-06
34 0.0000e+00 0.0000e+00 4.4961e-05 7.2232e-04 4.4961e-05 2.8114e-01 0.0000e+00
35 0.0000e+00 0.0000e+00 4.5922e-05 6.4752e-04 4.5922e-05 2.8054e-01 0.0000e+00
36 0.0000e+00 0.0000e+00 4.6794e-05 5.8129e-04 4.6794e-05 2.8000e-01 0.0000e+00
37 0.0000e+00 0.0000e+00 4.7582e-05 5.2237e-04 4.7582e-05 2.7953e-01 0.0000e+00
38 0.0000e+00 0.0000e+00 4.8293e-05 4.6982e-04 4.8293e-05 2.7911e-01 0.0000e+00
39 0.0000e+00 0.0000e+00 4.8934e-05 4.2284e-04 4.8934e-05 2.7873e-01 0.0000e+00
40 0.0000e+00 0.0000e+00 4.9509e-05 3.8080e-04 4.9509e-05 2.7840e-01 0.0000e+00
41 0.0000e+00 0.0000e+00 5.0024e-05 3.4312e-04 5.0024e-05 2.7811e-01 0.0000e+00
42 0.0000e+00 0.0000e+00 5.0484e-05 3.0933e-04 5.0484e-05 2.7785e-01 0.0000e+00
43 0.0000e+00 0.0000e+00 5.0894e-05 2.7900e-04 5.0894e-05 2.7762e-01 0.0000e+00
44 0.0000e+00 0.0000e+00 5.1258e-05 2.5176e-04 5.1258e-05 2.7742e-01 0.0000e+00
45 0.0000e+00 3.3800e-05 5.1581e-05 2.2728e-04 5.1581e-05 2.7724e-01 0.0000e+00
46 1.0000e-03 6.5200e-05 6.0189e-05 2.8549e-04 5.1865e-05 2.7701e-01 8.3243e-06
47 0.0000e+00 9.2300e-05 5.2245e-05 2.5036e-04 5.2245e-05 2.7681e-01 0.0000e+00
48 5.0000e-04 1.1300e-04 5.5521e-05 2.5253e-04 5.2569e-05 2.7661e-01 2.9518e-06
49 0.0000e+00 1.2500e-04 5.2899e-05 2.2415e-04 5.2899e-05 2.7644e-01 0.0000e+00
50 1.0000e-03 1.3050e-04 5.9750e-05 2.6456e-04 5.3182e-05 2.7623e-01 6.5674e-06
51 2.5000e-03 1.2500e-04 7.3949e-05 4.3007e-04 5.3535e-05 2.7585e-01 2.0414e-05
52 3.0000e-03 1.1300e-04 7.8938e-05 6.0816e-04 5.4168e-05 2.7530e-01 2.4770e-05
53 2.5000e-03 9.2300e-05 7.5680e-05 7.2021e-04 5.5114e-05 2.7463e-01 2.0565e-05
54 3.0000e-03 6.5200e-05 8.1323e-05 8.6628e-04 5.6272e-05 2.7382e-01 2.5051e-05
55 2.5000e-03 3.1600e-05 7.8692e-05 9.5334e-04 5.7715e-05 2.7293e-01 2.0977e-05
56 2.0000e-03 0.0000e+00 7.6311e-05 9.9432e-04 5.9353e-05 2.7199e-01 1.6959e-05
57 1.0000e-03 0.0000e+00 6.9728e-05 9.5145e-04 6.1112e-05 2.7110e-01 8.6155e-06
58 1.0000e-03 0.0000e+00 7.1452e-05 9.2169e-04 6.2837e-05 2.7024e-01 8.6155e-06
59 0.0000e+00 0.0000e+00 6.4546e-05 8.0922e-04 6.4546e-05 2.6950e-01 0.0000e+00
60 5.0000e-04 0.0000e+00 7.0373e-05 7.6256e-04 6.6066e-05 2.6880e-01 4.3077e-06
61 5.0000e-04 0.0000e+00 7.3745e-05 7.1651e-04 6.7519e-05 2.6815e-01 6.2255e-06
62 0.0000e+00 0.0000e+00 6.8903e-05 6.3475e-04 6.8903e-05 2.6759e-01 0.0000e+00
63 0.0000e+00 0.0000e+00 7.0132e-05 5.6519e-04 7.0132e-05 2.6709e-01 0.0000e+00
64 0.0000e+00 0.0000e+00 7.1225e-05 5.0405e-04 7.1225e-05 2.6666e-01 0.0000e+00
65 0.0000e+00 0.0000e+00 7.2195e-05 4.5007e-04 7.2195e-05 2.6628e-01 0.0000e+00
66 0.0000e+00 0.0000e+00 7.3053e-05 4.0228e-04 7.3053e-05 2.6595e-01 0.0000e+00
67 0.0000e+00 0.0000e+00 7.3808e-05 3.5986e-04 7.3808e-05 2.6567e-01 0.0000e+00
68 0.0000e+00 0.0000e+00 7.4471e-05 3.2216e-04 7.4471e-05 2.6542e-01 0.0000e+00
69 0.0000e+00 4.1400e-05 7.5050e-05 2.8860e-04 7.5050e-05 2.6521e-01 0.0000e+00
70 0.0000e+00 7.9800e-05 7.5552e-05 2.5871e-04 7.5552e-05 2.6502e-01 0.0000e+00
71 0.0000e+00 1.1290e-04 7.5986e-05 2.3204e-04 7.5986e-05 2.6487e-01 0.0000e+00
72 0.0000e+00 1.3830e-04 7.6357e-05 2.0825e-04 7.6357e-05 2.6473e-01 0.0000e+00
73 0.0000e+00 1.5300e-04 7.6673e-05 1.8700e-04 7.6673e-05 2.6462e-01 0.0000e+00
74 0.0000e+00 1.5980e-04 7.6937e-05 1.6800e-04 7.6937e-05 2.6453e-01 0.0000e+00
75 0.0000e+00 1.5300e-04 7.7157e-05 1.5101e-04 7.7157e-05 2.6446e-01 0.0000e+00
76 0.0000e+00 1.3830e-04 7.7335e-05 1.3581e-04 7.7335e-05 2.6440e-01 0.0000e+00
77 0.0000e+00 1.1290e-04 7.7476e-05 1.2220e-04 7.7476e-05 2.6436e-01 0.0000e+00
78 0.0000e+00 7.9800e-05 7.7585e-05 1.1000e-04 7.7585e-05 2.6432e-01 0.0000e+00
79 0.0000e+00 3.8700e-05 7.7663e-05 9.9070e-05 7.7663e-05 2.6430e-01 0.0000e+00
80 0.0000e+00 0.0000e+00 7.7715e-05 8.9264e-05 7.7715e-05 2.6429e-01 0.0000e+00
81 0.0000e+00 0.0000e+00 7.7743e-05 8.0464e-05 7.7743e-05 2.6429e-01 0.0000e+00
82 0.0000e+00 0.0000e+00 7.7750e-05 7.2563e-05 7.7750e-05 2.6429e-01 0.0000e+00
83 0.0000e+00 0.0000e+00 7.7738e-05 6.5465e-05 7.7738e-05 2.6431e-01 0.0000e+00
84 0.0000e+00 0.0000e+00 7.7708e-05 5.9087e-05 7.7708e-05 2.6432e-01 0.0000e+00
85 0.0000e+00 0.0000e+00 7.7662e-05 5.3351e-05 7.7662e-05 2.6435e-01 0.0000e+00
86 0.0000e+00 0.0000e+00 7.7604e-05 4.8191e-05 7.7604e-05 2.6438e-01 0.0000e+00
87 0.0000e+00 0.0000e+00 7.7532e-05 4.3548e-05 7.7532e-05 2.6441e-01 0.0000e+00
88 0.0000e+00 0.0000e+00 7.7450e-05 3.9366e-05 7.7450e-05 2.6445e-01 0.0000e+00
89 0.0000e+00 0.0000e+00 7.7358e-05 3.5600e-05 7.7358e-05 2.6449e-01 0.0000e+00
90 0.0000e+00 0.0000e+00 7.7257e-05 3.2206e-05 7.7257e-05 2.6454e-01 0.0000e+00
91 0.0000e+00 0.0000e+00 7.7148e-05 2.9145e-05 7.7148e-05 2.6458e-01 0.0000e+00
92 0.0000e+00 0.0000e+00 7.7033e-05 2.6385e-05 7.7033e-05 2.6464e-01 0.0000e+00
93 0.0000e+00 1.9100e-05 7.6911e-05 2.3894e-05 7.6911e-05 2.6469e-01 0.0000e+00
94 0.0000e+00 3.6800e-05 7.6783e-05 2.1646e-05 7.6783e-05 2.6474e-01 0.0000e+00
95 0.0000e+00 5.2100e-05 7.6651e-05 1.9616e-05 7.6651e-05 2.6480e-01 0.0000e+00
96 0.0000e+00 6.3800e-05 7.6515e-05 1.7782e-05 7.6515e-05 2.6486e-01 0.0000e+00
97 5.0000e-04 7.0600e-05 7.6374e-05 1.6125e-05 7.6374e-05 2.6492e-01 0.0000e+00
98 5.0000e-04 7.3700e-05 7.6231e-05 1.4627e-05 7.6231e-05 2.6498e-01 0.0000e+00
99 0.0000e+00 7.0600e-05 7.6084e-05 1.3272e-05 7.6084e-05 2.6504e-01 0.0000e+00
100 0.0000e+00 6.3800e-05 7.5935e-05 1.2046e-05 7.5935e-05 2.6511e-01 0.0000e+00
101 0.0000e+00 5.2100e-05 7.5784e-05 1.0936e-05 7.5784e-05 2.6517e-01 0.0000e+00
102 0.0000e+00 3.6800e-05 7.5630e-05 9.9321e-06 7.5630e-05 2.6524e-01 0.0000e+00
103 0.0000e+00 1.7800e-05 7.5475e-05 9.0225e-06 7.5475e-05 2.6530e-01 0.0000e+00
104 0.0000e+00 0.0000e+00 7.5318e-05 8.1982e-06 7.5318e-05 2.6537e-01 0.0000e+00
105 0.0000e+00 0.0000e+00 7.5161e-05 7.4516e-06 7.5161e-05 2.6544e-01 0.0000e+00
106 0.0000e+00 0.0000e+00 7.5002e-05 6.7748e-06 7.5002e-05 2.6551e-01 0.0000e+00
107 0.0000e+00 0.0000e+00 7.4842e-05 6.1611e-06 7.4842e-05 2.6558e-01 0.0000e+00
108 0.0000e+00 0.0000e+00 7.4682e-05 5.6044e-06 7.4682e-05 2.6565e-01 0.0000e+00
109 0.0000e+00 0.0000e+00 7.4521e-05 5.0994e-06 7.4521e-05 2.6572e-01 0.0000e+00
110 0.0000e+00 0.0000e+00 7.4359e-05 4.6410e-06 7.4359e-05 2.6578e-01 0.0000e+00
111 5.0000e-04 0.0000e+00 7.4197e-05 4.2249e-06 7.4197e-05 2.6585e-01 0.0000e+00
112 0.0000e+00 0.0000e+00 7.4035e-05 3.8470e-06 7.4035e-05 2.6592e-01 0.0000e+00
113 0.0000e+00 0.0000e+00 7.3873e-05 3.5037e-06 7.3873e-05 2.6600e-01 0.0000e+00
114 0.0000e+00 0.0000e+00 7.3711e-05 3.1918e-06 7.3711e-05 2.6607e-01 0.0000e+00
115 0.0000e+00 0.0000e+00 7.3548e-05 2.9084e-06 7.3548e-05 2.6614e-01 0.0000e+00
116 0.0000e+00 0.0000e+00 7.3386e-05 2.6504e-06 7.3386e-05 2.6621e-01 0.0000e+00
117 0.0000e+00 1.0200e-05 7.3224e-05 2.4161e-06 7.3224e-05 2.6628e-01 0.0000e+00
118 0.0000e+00 1.9800e-05 7.3062e-05 2.2031e-06 7.3062e-05 2.6635e-01 0.0000e+00
119 0.0000e+00 2.8000e-05 7.2901e-05 2.0093e-06 7.2901e-05 2.6642e-01 0.0000e+00
120 0.0000e+00 3.4200e-05 7.2739e-05 1.8329e-06 7.2739e-05 2.6649e-01 0.0000e+00
121 0.0000e+00 3.7900e-05 7.2578e-05 1.6723e-06 7.2578e-05 2.6656e-01 0.0000e+00
122 0.0000e+00 3.9500e-05 7.2418e-05 1.5262e-06 7.2418e-05 2.6663e-01 0.0000e+00
123 0.0000e+00 3.7900e-05 7.2257e-05 1.3931e-06 7.2257e-05 2.6670e-01 0.0000e+00
124 0.0000e+00 3.4200e-05 7.2098e-05 1.2718e-06 7.2098e-05 2.6677e-01 0.0000e+00
125 0.0000e+00 2.8000e-05 7.1938e-05 1.1614e-06 7.1938e-05 2.6684e-01 0.0000e+00
126 0.0000e+00 1.9800e-05 7.1779e-05 1.0607e-06 7.1779e-05 2.6692e-01 0.0000e+00
127 0.0000e+00 9.6000e-06 7.1621e-05 9.6837e-07 7.1621e-05 2.6699e-01 0.0000e+00
128 0.0000e+00 0.0000e+00 7.1463e-05 8.8482e-07 7.1463e-05 2.6706e-01 0.0000e+00
129 0.0000e+00 0.0000e+00 7.1305e-05 8.0862e-07 7.1305e-05 2.6713e-01 0.0000e+00
130 0.0000e+00 0.0000e+00 7.1149e-05 7.3913e-07 7.1149e-05 2.6720e-01 0.0000e+00
131 0.0000e+00 0.0000e+00 7.0992e-05 6.7572e-07 7.0992e-05 2.6727e-01 0.0000e+00
132 0.0000e+00 0.0000e+00 7.0836e-05 6.1787e-07 7.0836e-05 2.6734e-01 0.0000e+00
133 0.0000e+00 0.0000e+00 7.0681e-05 5.6507e-07 7.0681e-05 2.6741e-01 0.0000e+00
134 0.0000e+00 0.0000e+00 7.0526e-05 5.1687e-07 7.0526e-05 2.6748e-01 0.0000e+00
135 0.0000e+00 0.0000e+00 7.0372e-05 4.7286e-07 7.0372e-05 2.6755e-01 0.0000e+00
136 0.0000e+00 0.0000e+00 7.0219e-05 4.3267e-07 7.0219e-05 2.6762e-01 0.0000e+00
137 0.0000e+00 0.0000e+00 7.0066e-05 3.9597e-07 7.0066e-05 2.6769e-01 0.0000e+00
138 0.0000e+00 0.0000e+00 6.9913e-05 3.6244e-07 6.9913e-05 2.6776e-01 0.0000e+00
139 0.0000e+00 0.0000e+00 6.9762e-05 3.3110e-07 6.9762e-05 2.6783e-01 0.0000e+00
140 0.0000e+00 0.0000e+00 6.9610e-05 3.0320e-07 6.9610e-05 2.6790e-01 0.0000e+00
141 5.0000e-04 4.1400e-05 6.9460e-05 2.7769e-07 6.9460e-05 2.6797e-01 0.0000e+00
142 0.0000e+00 7.9900e-05 6.9310e-05 2.5436e-07 6.9310e-05 2.6803e-01 0.0000e+00
143 0.0000e+00 1.1300e-04 6.9160e-05 2.3303e-07 6.9160e-05 2.6810e-01 0.0000e+00
144 0.0000e+00 1.3840e-04 6.9012e-05 2.1352e-07 6.9012e-05 2.6817e-01 0.0000e+00
145 0.0000e+00 1.5310e-04 6.8863e-05 1.9568e-07 6.8863e-05 2.6824e-01 0.0000e+00
146 0.0000e+00 1.5990e-04 6.8716e-05 1.7935e-07 6.8716e-05 2.6831e-01 0.0000e+00
147 0.0000e+00 1.5310e-04 6.8569e-05 1.6440e-07 6.8569e-05 2.6838e-01 0.0000e+00
148 0.0000e+00 1.3840e-04 6.8422e-05 1.5073e-07 6.8422e-05 2.6845e-01 0.0000e+00
149 0.0000e+00 1.1300e-04 6.8276e-05 1.3821e-07 6.8276e-05 2.6851e-01 0.0000e+00
150 0.0000e+00 7.9900e-05 6.8131e-05 1.2675e-07 6.8131e-05 2.6858e-01 0.0000e+00
151 0.0000e+00 3.8700e-05 6.7987e-05 1.1541e-07 6.7987e-05 2.6865e-01 0.0000e+00
152 0.0000e+00 0.0000e+00 6.7843e-05 1.0590e-07 6.7843e-05 2.6872e-01 0.0000e+00
153 0.0000e+00 0.0000e+00 6.7699e-05 9.7183e-08 6.7699e-05 2.6879e-01 0.0000e+00
154 0.0000e+00 0.0000e+00 6.7556e-05 8.9197e-08 6.7556e-05 2.6885e-01 0.0000e+00
155 0.0000e+00 0.0000e+00 6.7414e-05 8.1877e-08 6.7414e-05 2.6892e-01 0.0000e+00
156 0.0000e+00 0.0000e+00 6.7272e-05 7.5168e-08 6.7272e-05 2.6899e-01 0.0000e+00
157 0.0000e+00 0.0000e+00 6.7131e-05 6.9017e-08 6.7131e-05 2.6905e-01 0.0000e+00
158 0.0000e+00 0.0000e+00 6.6991e-05 6.3376e-08 6.6991e-05 2.6912e-01 0.0000e+00
159 0.0000e+00 0.0000e+00 6.6851e-05 5.8204e-08 6.6851e-05 2.6919e-01 0.0000e+00
160 0.0000e+00 0.0000e+00 6.6711e-05 5.3460e-08 6.6711e-05 2.6925e-01 0.0000e+00
161 0.0000e+00 0.0000e+00 6.6572e-05 4.9109e-08 6.6572e-05 2.6932e-01 0.0000e+00
162 0.0000e+00 0.0000e+00 6.6434e-05 4.4005e-08 6.6434e-05 2.6939e-01 0.0000e+00
163 0.0000e+00 0.0000e+00 6.6296e-05 4.0461e-08 6.6296e-05 2.6945e-01 0.0000e+00
164 0.0000e+00 0.0000e+00 6.6159e-05 3.7206e-08 6.6159e-05 2.6952e-01 0.0000e+00
165 0.0000e+00 1.7800e-05 6.6023e-05 3.4217e-08 6.6023e-05 2.6959e-01 0.0000e+00
166 0.0000e+00 3.4400e-05 6.5887e-05 3.1470e-08 6.5887e-05 2.6965e-01 0.0000e+00
167 0.0000e+00 4.8600e-05 6.5751e-05 2.8947e-08 6.5751e-05 2.6972e-01 0.0000e+00
168 0.0000e+00 5.9500e-05 6.5616e-05 2.6629e-08 6.5616e-05 2.6978e-01 0.0000e+00
169 0.0000e+00 6.5900e-05 6.5482e-05 2.4499e-08 6.5482e-05 2.6985e-01 0.0000e+00
170 0.0000e+00 6.8800e-05 6.5348e-05 2.2541e-08 6.5348e-05 2.6991e-01 0.0000e+00
171 0.0000e+00 6.5900e-05 6.5215e-05 2.0742e-08 6.5215e-05 2.6998e-01 0.0000e+00
172 0.0000e+00 5.9500e-05 6.5082e-05 1.9088e-08 6.5082e-05 2.7004e-01 0.0000e+00
173 0.0000e+00 4.8600e-05 6.4950e-05 1.7568e-08 6.4950e-05 2.7011e-01 0.0000e+00
174 0.0000e+00 3.4400e-05 6.4818e-05 1.5072e-08 6.4818e-05 2.7017e-01 0.0000e+00
175 0.0000e+00 1.6600e-05 6.4687e-05 1.3893e-08 6.4687e-05 2.7024e-01 0.0000e+00
176 0.0000e+00 0.0000e+00 6.4557e-05 1.2807e-08 6.4557e-05 2.7030e-01 0.0000e+00
177 0.0000e+00 0.0000e+00 6.4427e-05 1.1806e-08 6.4427e-05 2.7037e-01 0.0000e+00
178 0.0000e+00 0.0000e+00 6.4297e-05 1.0885e-08 6.4297e-05 2.7043e-01 0.0000e+00
179 0.0000e+00 0.0000e+00 6.4168e-05 1.0036e-08 6.4168e-05 2.7050e-01 0.0000e+00
180 0.0000e+00 0.0000e+00 6.4039e-05 9.2542e-09 6.4039e-05 2.7056e-01 0.0000e+00
181 0.0000e+00 0.0000e+00 6.3911e-05 8.5337e-09 6.3911e-05 2.7062e-01 0.0000e+00
182 0.0000e+00 0.0000e+00 6.3784e-05 7.8699e-09 6.3784e-05 2.7069e-01 0.0000e+00
183 0.0000e+00 0.0000e+00 6.3657e-05 7.2583e-09 6.3657e-05 2.7075e-01 0.0000e+00
184 0.0000e+00 0.0000e+00 6.3530e-05 6.6946e-09 6.3530e-05 2.7081e-01 0.0000e+00
185 0.0000e+00 0.0000e+00 6.3404e-05 6.1752e-09 6.3404e-05 2.7088e-01 0.0000e+00
186 0.0000e+00 0.0000e+00 6.3279e-05 4.8279e-09 6.3279e-05 2.7094e-01 0.0000e+00
187 0.0000e+00 0.0000e+00 6.3154e-05 4.4632e-09 6.3154e-05 2.7100e-01 0.0000e+00
188 0.0000e+00 0.0000e+00 6.3029e-05 4.1263e-09 6.3029e-05 2.7107e-01 0.0000e+00
189 0.0000e+00 4.5600e-05 6.2905e-05 3.8149e-09 6.2905e-05 2.7113e-01 0.0000e+00
190 5.0000e-04 8.7900e-05 6.2782e-05 3.5272e-09 6.2782e-05 2.7119e-01 0.0000e+00
191 0.0000e+00 1.2440e-04 6.2659e-05 3.2614e-09 6.2659e-05 2.7126e-01 0.0000e+00
192 0.0000e+00 1.5230e-04 6.2536e-05 3.0157e-09 6.2536e-05 2.7132e-01 0.0000e+00
193 0.0000e+00 1.6850e-04 6.2414e-05 2.7887e-09 6.2414e-05 2.7138e-01 0.0000e+00
194 0.0000e+00 1.7590e-04 6.2293e-05 2.5789e-09 6.2293e-05 2.7144e-01 0.0000e+00
195 0.0000e+00 1.6850e-04 6.2171e-05 2.3850e-09 6.2171e-05 2.7151e-01 0.0000e+00
196 0.0000e+00 1.5230e-04 6.2051e-05 2.2057e-09 6.2051e-05 2.7157e-01 0.0000e+00
197 0.0000e+00 1.2440e-04 6.1931e-05 2.0401e-09 6.1931e-05 2.7163e-01 0.0000e+00
198 0.0000e+00 8.7900e-05 6.1811e-05 1.3398e-09 6.1811e-05 2.7169e-01 0.0000e+00
199 0.0000e+00 4.2600e-05 6.1692e-05 1.2427e-09 6.1692e-05 2.7175e-01 0.0000e+00
200 0.0000e+00 0.0000e+00 6.1573e-05 1.1526e-09 6.1573e-05 2.7181e-01 0.0000e+00
201 0.0000e+00 0.0000e+00 6.1454e-05 1.0691e-09 6.1454e-05 2.7188e-01 0.0000e+00
202 0.0000e+00 0.0000e+00 6.1337e-05 9.9170e-10 6.1337e-05 2.7194e-01 0.0000e+00
203 0.0000e+00 0.0000e+00 6.1219e-05 9.1991e-10 6.1219e-05 2.7200e-01 0.0000e+00
204 0.0000e+00 0.0000e+00 6.1102e-05 8.5334e-10 6.1102e-05 2.7206e-01 0.0000e+00
205 0.0000e+00 0.0000e+00 6.0986e-05 7.9162e-10 6.0986e-05 2.7212e-01 0.0000e+00
206 0.0000e+00 0.0000e+00 6.0869e-05 7.3438e-10 6.0869e-05 2.7218e-01 0.0000e+00
207 0.0000e+00 0.0000e+00 6.0754e-05 6.8130e-10 6.0754e-05 2.7224e-01 0.0000e+00
208 0.0000e+00 0.0000e+00 6.0639e-05 6.3207e-10 6.0639e-05 2.7230e-01 0.0000e+00
209 0.0000e+00 0.0000e+00 6.0524e-05 5.8642e-10 6.0524e-05 2.7236e-01 0.0000e+00
210 0.0000e+00 0.0000e+00 6.0409e-05 2.7620e-10 6.0409e-05 2.7242e-01 0.0000e+00
211 0.0000e+00 0.0000e+00 6.0295e-05 2.5709e-10 6.0295e-05 2.7248e-01 0.0000e+00
212 0.0000e+00 0.0000e+00 6.0182e-05 2.3931e-10 6.0182e-05 2.7254e-01 0.0000e+00
213 0.0000e+00 4.9000e-05 6.0069e-05 2.2276e-10 6.0069e-05 2.7260e-01 0.0000e+00
214 0.0000e+00 9.4600e-05 5.9956e-05 2.0736e-10 5.9956e-05 2.7266e-01 0.0000e+00
215 0.0000e+00 1.3380e-04 5.9844e-05 1.9303e-10 5.9844e-05 2.7272e-01 0.0000e+00
216 0.0000e+00 1.6380e-04 5.9732e-05 1.7969e-10 5.9732e-05 2.7278e-01 0.0000e+00
217 0.0000e+00 1.8130e-04 5.9621e-05 1.6728e-10 5.9621e-05 2.7284e-01 0.0000e+00
218 0.0000e+00 1.8920e-04 5.9510e-05 1.5573e-10 5.9510e-05 2.7290e-01 0.0000e+00
219 0.0000e+00 1.8130e-04 5.9399e-05 1.4498e-10 5.9399e-05 2.7296e-01 0.0000e+00
220 0.0000e+00 1.6380e-04 5.9289e-05 1.3497e-10 5.9289e-05 2.7302e-01 0.0000e+00
221 0.0000e+00 1.3380e-04 5.9179e-05 1.2566e-10 5.9179e-05 2.7308e-01 0.0000e+00
222 0.0000e+00 9.4600e-05 5.9070e-05 3.0906e-11 5.9070e-05 2.7314e-01 0.0000e+00
223 0.0000e+00 4.5800e-05 5.8961e-05 2.8873e-11 5.8961e-05 2.7320e-01 0.0000e+00
224 0.0000e+00 0.0000e+00 5.8852e-05 2.6974e-11 5.8852e-05 2.7326e-01 0.0000e+00
225 0.0000e+00 0.0000e+00 5.8744e-05 2.5200e-11 5.8744e-05 2.7332e-01 0.0000e+00
226 0.0000e+00 0.0000e+00 5.8637e-05 2.3543e-11 5.8637e-05 2.7338e-01 0.0000e+00
227 0.0000e+00 0.0000e+00 5.8529e-05 2.1996e-11 5.8529e-05 2.7343e-01 0.0000e+00
228 0.0000e+00 0.0000e+00 5.8422e-05 2.0550e-11 5.8422e-05 2.7349e-01 0.0000e+00
229 0.0000e+00 0.0000e+00 5.8316e-05 1.9200e-11 5.8316e-05 2.7355e-01 0.0000e+00
230 0.0000e+00 0.0000e+00 5.8210e-05 1.7938e-11 5.8210e-05 2.7361e-01 0.0000e+00
231 0.0000e+00 0.0000e+00 5.8104e-05 1.6760e-11 5.8104e-05 2.7367e-01 0.0000e+00
232 0.0000e+00 0.0000e+00 5.7998e-05 1.5659e-11 5.7998e-05 2.7372e-01 0.0000e+00
233 0.0000e+00 0.0000e+00 5.7893e-05 1.4631e-11 5.7893e-05 2.7378e-01 0.0000e+00
234 0.0000e+00 0.0000e+00 5.7789e-05 0.0000e+00 5.7789e-05 2.7384e-01 0.0000e+00
235 0.0000e+00 0.0000e+00 5.7684e-05 0.0000e+00 5.7684e-05 2.7390e-01 0.0000e+00
236 0.0000e+00 0.0000e+00 5.7581e-05 0.0000e+00 5.7581e-05 2.7396e-01 0.0000e+00
237 0.0000e+00 5.1700e-05 5.7477e-05 0.0000e+00 5.7477e-05 2.7401e-01 0.0000e+00
238 0.0000e+00 9.9800e-05 5.7374e-05 0.0000e+00 5.7374e-05 2.7407e-01 0.0000e+00
239 0.0000e+00 1.4120e-04 5.7271e-05 0.0000e+00 5.7271e-05 2.7413e-01 0.0000e+00
240 0.0000e+00 1.7290e-04 5.7169e-05 0.0000e+00 5.7169e-05 2.7419e-01 0.0000e+00
241 5.0000e-04 1.9130e-04 5.7067e-05 0.0000e+00 5.7067e-05 2.7424e-01 0.0000e+00
242 1.0000e-03 1.9970e-04 5.6965e-05 0.0000e+00 5.6965e-05 2.7430e-01 0.0000e+00
243 0.0000e+00 1.9130e-04 5.6864e-05 0.0000e+00 5.6864e-05 2.7436e-01 0.0000e+00
244 0.0000e+00 1.7290e-04 5.6763e-05 0.0000e+00 5.6763e-05 2.7441e-01 0.0000e+00
245 0.0000e+00 1.4120e-04 5.6662e-05 0.0000e+00 5.6662e-05 2.7447e-01 0.0000e+00
246 0.0000e+00 9.9800e-05 5.6562e-05 0.0000e+00 5.6562e-05 2.7453e-01 0.0000e+00
247 0.0000e+00 4.8300e-05 5.6462e-05 0.0000e+00 5.6462e-05 2.7458e-01 0.0000e+00
248 0.0000e+00 0.0000e+00 5.6362e-05 0.0000e+00 5.6362e-05 2.7464e-01 0.0000e+00
249 0.0000e+00 0.0000e+00 5.6263e-05 0.0000e+00 5.6263e-05 2.7469e-01 0.0000e+00
250 0.0000e+00 0.0000e+00 5.6164e-05 0.0000e+00 5.6164e-05 2.7475e-01 0.0000e+00
251 0.0000e+00 0.0000e+00 5.6066e-05 0.0000e+00 5.6066e-05 2.7481e-01 0.0000e+00
252 0.0000e+00 0.0000e+00 5.5968e-05 0.0000e+00 5.5968e-05 2.7486e-01 0.0000e+00
253 1.0000e-03 0.0000e+00 5.5870e-05 0.0000e+00 5.5870e-05 2.7492e-01 0.0000e+00
254 0.0000e+00 0.0000e+00 5.5773e-05 0.0000e+00 5.5773e-05 2.7497e-01 0.0000e+00
255 0.0000e+00 0.0000e+00 5.5675e-05 0.0000e+00 5.5675e-05 2.7503e-01 0.0000e+00
256 0.0000e+00 0.0000e+00 5.5579e-05 0.0000e+00 5.5579e-05 2.7509e-01 0.0000e+00
257 0.0000e+00 0.0000e+00 5.5482e-05 0.0000e+00 5.5482e-05 2.7514e-01 0.0000e+00
258 0.0000e+00 0.0000e+00 5.5386e-05 0.0000e+00 5.5386e-05 2.7520e-01 0.0000e+00
259 0.0000e+00 0.0000e+00 5.5290e-05 0.0000e+00 5.5290e-05 2.7525e-01 0.0000e+00
260 0.0000e+00 0.0000e+00 5.5195e-05 0.0000e+00 5.5195e-05 2.7531e-01 0.0000e+00
261 0.0000e+00 7.5200e-05 5.5100e-05 0.0000e+00 5.5100e-05 2.7536e-01 0.0000e+00
262 1.0000e-03 1.4510e-04 5.5005e-05 0.0000e+00 5.5005e-05 2.7542e-01 0.0000e+00
263 0.0000e+00 2.0520e-04 5.4910e-05 0.0000e+00 5.4910e-05 2.7547e-01 0.0000e+00
264 0.0000e+00 2.5130e-04 5.4816e-05 0.0000e+00 5.4816e-05 2.7553e-01 0.0000e+00
265 0.0000e+00 2.7800e-04 5.4722e-05 0.0000e+00 5.4722e-05 2.7558e-01 0.0000e+00
266 0.0000e+00 2.9030e-04 5.4629e-05 0.0000e+00 5.4629e-05 2.7564e-01 0.0000e+00
267 0.0000e+00 2.7800e-04 5.4536e-05 0.0000e+00 5.4536e-05 2.7569e-01 0.0000e+00
268 0.0000e+00 2.5130e-04 5.4443e-05 0.0000e+00 5.4443e-05 2.7575e-01 0.0000e+00
269 0.0000e+00 2.0520e-04 5.4350e-05 0.0000e+00 5.4350e-05 2.7580e-01 0.0000e+00
270 0.0000e+00 1.4510e-04 5.4258e-05 0.0000e+00 5.4258e-05 2.7585e-01 0.0000e+00
271 0.0000e+00 7.0200e-05 5.4166e-05 0.0000e+00 5.4166e-05 2.7591e-01 0.0000e+00
272 0.0000e+00 0.0000e+00 5.4075e-05 0.0000e+00 5.4075e-05 2.7596e-01 0.0000e+00
273 0.0000e+00 0.0000e+00 5.3983e-05 0.0000e+00 5.3983e-05 2.7602e-01 0.0000e+00
274 0.0000e+00 0.0000e+00 5.3892e-05 0.0000e+00 5.3892e-05 2.7607e-01 0.0000e+00
275 0.0000e+00 0.0000e+00 5.3802e-05 0.0000e+00 5.3802e-05 2.7612e-01 0.0000e+00
276 0.0000e+00 0.0000e+00 5.3711e-05 0.0000e+00 5.3711e-05 2.7618e-01 0.0000e+00
277 0.0000e+00 0.0000e+00 5.3621e-05 0.0000e+00 5.3621e-05 2.7623e-01 0.0000e+00
278 0.0000e+00 0.0000e+00 5.3531e-05 0.0000e+00 5.3531e-05 2.7628e-01 0.0000e+00
279 0.0000e+00 0.0000e+00 5.3442e-05 0.0000e+00 5.3442e-05 2.7634e-01 0.0000e+00
280 0.0000e+00 0.0000e+00 5.3353e-05 0.0000e+00 5.3353e-05 2.7639e-01 0.0000e+00
281 0.0000e+00 0.0000e+00 5.3264e-05 0.0000e+00 5.3264e-05 2.7645e-01 0.0000e+00
282 0.0000e+00 0.0000e+00 5.3175e-05 0.0000e+00 5.3175e-05 2.7650e-01 0.0000e+00
283 1.0000e-03 0.0000e+00 5.3087e-05 0.0000e+00 5.3087e-05 2.7655e-01 0.0000e+00
284 5.0000e-04 0.0000e+00 5.2999e-05 0.0000e+00 5.2999e-05 2.7660e-01 0.0000e+00
285 2.5000e-03 2.4400e-05 5.4294e-05 1.3388e-05 5.2911e-05 2.7664e-01 1.3825e-06
286 6.0000e-03 4.7000e-05 1.0433e-04 5.0915e-04 5.2846e-05 2.7619e-01 5.1483e-05
287 4.0000e-03 6.6500e-05 8.7662e-05 7.4268e-04 5.3605e-05 2.7550e-01 3.4057e-05
288 1.5000e-03 8.1400e-05 6.7122e-05 7.4592e-04 5.4772e-05 2.7481e-01 1.2350e-05
289 0.0000e+00 9.0100e-05 5.5968e-05 6.4422e-04 5.5968e-05 2.7422e-01 0.0000e+00
290 0.0000e+00 9.4000e-05 5.7006e-05 5.6670e-04 5.7006e-05 2.7371e-01 0.0000e+00
291 5.0000e-04 9.0100e-05 5.9946e-05 5.2126e-04 5.7921e-05 2.7325e-01 2.0244e-06
292 0.0000e+00 8.1400e-05 5.8766e-05 4.6078e-04 5.8766e-05 2.7284e-01 0.0000e+00
293 0.0000e+00 6.6500e-05 5.9509e-05 4.0946e-04 5.9509e-05 2.7249e-01 0.0000e+00
294 1.5000e-03 4.7000e-05 7.1039e-05 4.7345e-04 6.0163e-05 2.7208e-01 1.0876e-05
295 1.0000e-03 2.2800e-05 6.9156e-05 4.9414e-04 6.0945e-05 2.7165e-01 8.2106e-06
296 0.0000e+00 0.0000e+00 6.1776e-05 4.3086e-04 6.1776e-05 2.7128e-01 0.0000e+00
297 0.0000e+00 0.0000e+00 6.2493e-05 3.8223e-04 6.2493e-05 2.7096e-01 0.0000e+00
298 0.0000e+00 0.0000e+00 6.3120e-05 3.4020e-04 6.3120e-05 2.7068e-01 0.0000e+00
299 0.0000e+00 0.0000e+00 6.3669e-05 3.0341e-04 6.3669e-05 2.7044e-01 0.0000e+00
300 0.0000e+00 0.0000e+00 6.4148e-05 2.7100e-04 6.4148e-05 2.7024e-01 0.0000e+00
301 0.0000e+00 0.0000e+00 6.4564e-05 2.4236e-04 6.4564e-05 2.7006e-01 0.0000e+00
302 0.0000e+00 0.0000e+00 6.4924e-05 2.1698e-04 6.4924e-05 2.6991e-01 0.0000e+00
303 0.0000e+00 0.0000e+00 6.5233e-05 1.9444e-04 6.5233e-05 2.6978e-01 0.0000e+00
304 0.0000e+00 0.0000e+00 6.5497e-05 1.7438e-04 6.5497e-05 2.6967e-01 0.0000e+00
305 0.0000e+00 0.0000e+00 6.5720e-05 1.5651e-04 6.5720e-05 2.6958e-01 0.0000e+00
306 0.0000e+00 0.0000e+00 6.5907e-05 1.4057e-04 6.5907e-05 2.6950e-01 0.0000e+00
307 0.0000e+00 0.0000e+00 6.6061e-05 1.2634e-04 6.6061e-05 2.6944e-01 0.0000e+00
308 0.0000e+00 0.0000e+00 6.6185e-05 1.1361e-04 6.6185e-05 2.6939e-01 0.0000e+00
309 0.0000e+00 2.8800e-05 6.6283e-05 1.0223e-04 6.6283e-05 2.6936e-01 0.0000e+00
310 5.0000e-04 5.5500e-05 7.0221e-05 1.3170e-04 6.6358e-05 2.6929e-01 3.8633e-06
311 0.0000e+00 7.8500e-05 6.6494e-05 1.1379e-04 6.6494e-05 2.6925e-01 0.0000e+00
312 0.0000e+00 9.6200e-05 6.6592e-05 1.0146e-04 6.6592e-05 2.6921e-01 0.0000e+00
313 0.0000e+00 1.0640e-04 6.6664e-05 9.0735e-05 6.6664e-05 2.6919e-01 0.0000e+00
314 0.0000e+00 1.1110e-04 6.6715e-05 8.1308e-05 6.6715e-05 2.6917e-01 0.0000e+00
315 0.0000e+00 1.0640e-04 6.6745e-05 7.2971e-05 6.6745e-05 2.6917e-01 0.0000e+00
316 0.0000e+00 9.6200e-05 6.6758e-05 6.5569e-05 6.6758e-05 2.6917e-01 0.0000e+00
317 5.0000e-04 7.8500e-05 6.6756e-05 5.8976e-05 6.6756e-05 2.6917e-01 0.0000e+00
318 1.0000e-03 5.5500e-05 7.5016e-05 1.2018e-04 6.6739e-05 2.6912e-01 8.2767e-06
319 5.0000e-04 2.6900e-05 7.1221e-05 1.4006e-04 6.6851e-05 2.6905e-01 4.3697e-06
320 0.0000e+00 0.0000e+00 6.7004e-05 1.1998e-04 6.7004e-05 2.6899e-01 0.0000e+00
321 0.0000e+00 0.0000e+00 6.7115e-05 1.0578e-04 6.7115e-05 2.6896e-01 0.0000e+00
322 1.0000e-03 0.0000e+00 7.8790e-05 1.7695e-04 6.7196e-05 2.6885e-01 1.1594e-05
323 1.0000e-03 0.0000e+00 7.9784e-05 2.3566e-04 6.7427e-05 2.6868e-01 1.2357e-05
324 0.0000e+00 0.0000e+00 6.7782e-05 2.0149e-04 6.7782e-05 2.6854e-01 0.0000e+00
325 0.0000e+00 0.0000e+00 6.8066e-05 1.7691e-04 6.8066e-05 2.6844e-01 0.0000e+00
326 0.0000e+00 0.0000e+00 6.8298e-05 1.5616e-04 6.8298e-05 2.6835e-01 0.0000e+00
327 0.0000e+00 0.0000e+00 6.8486e-05 1.3837e-04 6.8486e-05 2.6828e-01 0.0000e+00
328 0.0000e+00 0.0000e+00 6.8636e-05 1.2294e-04 6.8636e-05 2.6822e-01 0.0000e+00
329 0.0000e+00 0.0000e+00 6.8752e-05 1.0947e-04 6.8752e-05 2.6818e-01 0.0000e+00
330 0.0000e+00 0.0000e+00 6.8840e-05 9.7647e-05 6.8840e-05 2.6815e-01 0.0000e+00
331 0.0000e+00 0.0000e+00 6.8902e-05 8.7227e-05 6.8902e-05 2.6814e-01 0.0000e+00
332 0.0000e+00 0.0000e+00 6.8941e-05 7.8018e-05 6.8941e-05 2.6813e-01 0.0000e+00
333 0.0000e+00 1.1200e-05 6.8961e-05 6.9858e-05 6.8961e-05 2.6813e-01 0.0000e+00
334 0.0000e+00 2.1600e-05 6.8963e-05 6.2614e-05 6.8963e-05 2.6813e-01 0.0000e+00
335 0.0000e+00 3.0600e-05 6.8949e-05 5.6172e-05 6.8949e-05 2.6815e-01 0.0000e+00
336 0.0000e+00 3.7400e-05 6.8922e-05 5.0434e-05 6.8922e-05 2.6816e-01 0.0000e+00
337 0.0000e+00 4.1400e-05 6.8882e-05 4.5318e-05 6.8882e-05 2.6819e-01 0.0000e+00
338 5.0000e-04 4.3200e-05 7.3288e-05 7.1352e-05 6.8831e-05 2.6818e-01 4.4569e-06
339 5.0000e-04 4.1400e-05 7.4524e-05 1.0049e-04 6.8836e-05 2.6815e-01 5.6876e-06
340 1.5000e-03 3.7400e-05 8.7066e-05 2.1076e-04 6.8905e-05 2.6801e-01 1.8161e-05
341 1.5000e-03 3.0600e-05 8.7422e-05 3.0200e-04 6.9211e-05 2.6778e-01 1.8211e-05
342 1.0000e-03 2.1600e-05 8.1786e-05 3.3908e-04 6.9716e-05 2.6751e-01 1.2070e-05
343 5.0000e-04 1.0500e-05 7.6262e-05 3.3216e-04 7.0305e-05 2.6725e-01 5.9566e-06
344 1.0000e-03 0.0000e+00 8.3203e-05 3.7345e-04 7.0883e-05 2.6694e-01 1.2320e-05
345 5.0000e-04 0.0000e+00 7.7782e-05 3.6554e-04 7.1556e-05 2.6665e-01 6.2255e-06
346 0.0000e+00 0.0000e+00 7.2217e-05 3.1833e-04 7.2217e-05 2.6640e-01 0.0000e+00
347 0.0000e+00 0.0000e+00 7.2774e-05 2.8039e-04 7.2774e-05 2.6620e-01 0.0000e+00
348 0.0000e+00 0.0000e+00 7.3248e-05 2.4791e-04 7.3248e-05 2.6602e-01 0.0000e+00
349 0.0000e+00 0.0000e+00 7.3649e-05 2.1981e-04 7.3649e-05 2.6588e-01 0.0000e+00
350 0.0000e+00 0.0000e+00 7.3986e-05 1.9530e-04 7.3986e-05 2.6575e-01 0.0000e+00
351 0.0000e+00 0.0000e+00 7.4267e-05 1.7383e-04 7.4267e-05 2.6566e-01 0.0000e+00
352 0.0000e+00 0.0000e+00 7.4499e-05 1.5493e-04 7.4499e-05 2.6557e-01 0.0000e+00
353 5.0000e-04 0.0000e+00 8.0912e-05 1.8182e-04 7.4686e-05 2.6547e-01 6.2255e-06
354 0.0000e+00 0.0000e+00 7.4937e-05 1.5860e-04 7.4937e-05 2.6538e-01 0.0000e+00
355 0.0000e+00 0.0000e+00 7.5133e-05 1.4068e-04 7.5133e-05 2.6532e-01 0.0000e+00
356 0.0000e+00 0.0000e+00 7.5287e-05 1.2518e-04 7.5287e-05 2.6527e-01 0.0000e+00
357 0.0000e+00 7.2300e-05 7.5404e-05 1.1162e-04 7.5404e-05 2.6523e-01 0.0000e+00
358 0.0000e+00 1.3960e-04 7.5490e-05 9.9689e-05 7.5490e-05 2.6521e-01 0.0000e+00
359 0.0000e+00 1.9750e-04 7.5547e-05 8.9149e-05 7.5547e-05 2.6519e-01 0.0000e+00
360 0.0000e+00 2.4180e-04 7.5579e-05 7.9810e-05 7.5579e-05 2.6519e-01 0.0000e+00
361 0.0000e+00 2.6750e-04 7.5589e-05 7.1518e-05 7.5589e-05 2.6519e-01 0.0000e+00
362 0.0000e+00 2.7930e-04 7.5579e-05 6.4142e-05 7.5579e-05 2.6521e-01 0.0000e+00
363 0.0000e+00 2.6750e-04 7.5552e-05 5.7571e-05 7.5552e-05 2.6522e-01 0.0000e+00
364 0.0000e+00 2.4180e-04 7.5510e-05 5.1711e-05 7.5510e-05 2.6525e-01 0.0000e+00
365 0.0000e+00 1.9750e-04 7.5454e-05 4.6480e-05 7.5454e-05 2.6528e-01 0.0000e+00
366 0.0000e+00 1.3960e-04 7.5385e-05 4.1803e-05 7.5385e-05 2.6531e-01 0.0000e+00
367 0.0000e+00 6.7600e-05 7.5306e-05 3.7621e-05 7.5306e-05 2.6535e-01 0.0000e+00
368 0.0000e+00 0.0000e+00 7.5218e-05 3.3876e-05 7.5218e-05 2.6539e-01 0.0000e+00
369 0.0000e+00 0.0000e+00 7.5121e-05 3.0520e-05 7.5121e-05 2.6543e-01 0.0000e+00
370 0.0000e+00 0.0000e+00 7.5016e-05 2.7512e-05 7.5016e-05 2.6548e-01 0.0000e+00
371 0.0000e+00 0.0000e+00 7.4905e-05 2.4812e-05 7.4905e-05 2.6553e-01 0.0000e+00
372 0.0000e+00 0.0000e+00 7.4788e-05 2.2388e-05 7.4788e-05 2.6558e-01 0.0000e+00
373 5.0000e-04 0.0000e+00 7.4665e-05 2.0211e-05 7.4665e-05 2.6564e-01 0.0000e+00
374 7.5000e-03 0.0000e+00 1.4834e-04 5.3436e-04 7.4538e-05 2.6518e-01 7.3803e-05
375 4.5000e-03 0.0000e+00 1.3165e-04 8.2617e-04 7.5617e-05 2.6443e-01 5.6029e-05
376 2.5000e-03 0.0000e+00 1.0854e-04 9.1212e-04 7.7412e-05 2.6359e-01 3.1127e-05
377 5.0000e-04 0.0000e+00 8.5683e-05 8.2344e-04 7.9457e-05 2.6285e-01 6.2255e-06
378 0.0000e+00 0.0000e+00 8.1326e-05 7.1550e-04 8.1326e-05 2.6221e-01 0.0000e+00
379 0.0000e+00 0.0000e+00 8.2954e-05 6.2734e-04 8.2954e-05 2.6167e-01 0.0000e+00
380 0.0000e+00 0.0000e+00 8.4378e-05 5.5233e-04 8.4378e-05 2.6120e-01 0.0000e+00
381 0.0000e+00 1.7400e-05 8.5620e-05 4.8770e-04 8.5620e-05 2.6080e-01 0.0000e+00
382 0.0000e+00 3.3600e-05 8.6703e-05 4.3154e-04 8.6703e-05 2.6046e-01 0.0000e+00
383 1.0000e-03 4.7500e-05 9.9459e-05 4.6847e-04 8.7642e-05 2.6007e-01 1.1816e-05
384 1.0000e-03 5.8200e-05 1.0055e-04 4.9450e-04 8.8692e-05 2.5967e-01 1.1860e-05
385 0.0000e+00 6.4300e-05 8.9824e-05 4.2917e-04 8.9824e-05 2.5933e-01 0.0000e+00
386 5.0000e-04 6.7200e-05 9.5482e-05 4.1275e-04 9.0781e-05 2.5901e-01 4.7012e-06
387 0.0000e+00 6.4300e-05 9.1699e-05 3.6195e-04 9.1699e-05 2.5874e-01 0.0000e+00
388 0.0000e+00 5.8200e-05 9.2477e-05 3.2009e-04 9.2477e-05 2.5851e-01 0.0000e+00
389 0.0000e+00 4.7500e-05 9.3137e-05 2.8381e-04 9.3137e-05 2.5832e-01 0.0000e+00
390 5.0000e-04 3.3600e-05 9.6971e-05 2.7635e-04 9.3694e-05 2.5814e-01 3.2773e-06
391 0.0000e+00 1.6300e-05 9.4230e-05 2.4333e-04 9.4230e-05 2.5799e-01 0.0000e+00
392 5.0000e-04 0.0000e+00 1.0027e-04 2.5758e-04 9.4670e-05 2.5782e-01 5.6043e-06
393 5.0000e-04 0.0000e+00 1.0138e-04 2.7110e-04 9.5153e-05 2.5765e-01 6.2255e-06
394 0.0000e+00 0.0000e+00 9.5678e-05 2.3536e-04 9.5678e-05 2.5751e-01 0.0000e+00
395 0.0000e+00 0.0000e+00 9.6097e-05 2.0772e-04 9.6097e-05 2.5740e-01 0.0000e+00
396 0.0000e+00 0.0000e+00 9.6432e-05 1.8406e-04 9.6432e-05 2.5731e-01 0.0000e+00
397 0.0000e+00 0.0000e+00 9.6697e-05 1.6348e-04 9.6697e-05 2.5724e-01 0.0000e+00
398 0.0000e+00 0.0000e+00 9.6899e-05 1.4544e-04 9.6899e-05 2.5719e-01 0.0000e+00
399 0.0000e+00 0.0000e+00 9.7046e-05 1.2958e-04 9.7046e-05 2.5716e-01 0.0000e+00
400 0.0000e+00 0.0000e+00 9.7145e-05 1.1557e-04 9.7145e-05 2.5714e-01 0.0000e+00
401 0.0000e+00 0.0000e+00 9.7201e-05 1.0319e-04 9.7201e-05 2.5714e-01 0.0000e+00
402 1.0000e-03 0.0000e+00 1.0967e-04 1.8535e-04 9.7219e-05 2.5705e-01 1.2451e-05
403 0.0000e+00 0.0000e+00 9.7487e-05 1.5531e-04 9.7487e-05 2.5699e-01 0.0000e+00
404 0.0000e+00 0.0000e+00 9.7663e-05 1.3583e-04 9.7663e-05 2.5695e-01 0.0000e+00
405 5.0000e-04 2.4600e-05 1.0401e-04 1.6636e-04 9.7780e-05 2.5688e-01 6.2255e-06
406 5.0000e-04 4.7400e-05 1.0391e-04 1.8677e-04 9.7989e-05 2.5680e-01 5.9192e-06
407 0.0000e+00 6.7100e-05 9.8262e-05 1.5970e-04 9.8262e-05 2.5673e-01 0.0000e+00
408 5.0000e-04 8.2200e-05 1.0325e-04 1.7595e-04 9.8451e-05 2.5666e-01 4.8006e-06
409 0.0000e+00 9.0900e-05 9.8689e-05 1.5142e-04 9.8689e-05 2.5660e-01 0.0000e+00
410 0.0000e+00 9.5000e-05 9.8852e-05 1.3296e-04 9.8852e-05 2.5657e-01 0.0000e+00
411 0.0000e+00 9.0900e-05 9.8957e-05 1.1732e-04 9.8957e-05 2.5655e-01 0.0000e+00
412 0.0000e+00 8.2200e-05 9.9014e-05 1.0383e-04 9.9014e-05 2.5655e-01 0.0000e+00
413 0.0000e+00 6.7100e-05 9.9029e-05 9.2084e-05 9.9029e-05 2.5655e-01 0.0000e+00
414 0.0000e+00 4.7400e-05 9.9008e-05 8.1812e-05 9.9008e-05 2.5657e-01 0.0000e+00
415 0.0000e+00 2.3000e-05 9.8954e-05 7.2793e-05 9.8954e-05 2.5660e-01 0.0000e+00
416 0.0000e+00 0.0000e+00 9.8874e-05 6.4851e-05 9.8874e-05 2.5663e-01 0.0000e+00
417 0.0000e+00 0.0000e+00 9.8769e-05 5.7842e-05 9.8769e-05 2.5667e-01 0.0000e+00
418 0.0000e+00 0.0000e+00 9.8642e-05 5.1643e-05 9.8642e-05 2.5672e-01 0.0000e+00
419 0.0000e+00 0.0000e+00 9.8498e-05 4.6151e-05 9.8498e-05 2.5677e-01 0.0000e+00
420 0.0000e+00 0.0000e+00 9.8337e-05 4.1280e-05 9.8337e-05 2.5683e-01 0.0000e+00
421 0.0000e+00 0.0000e+00 9.8161e-05 3.6952e-05 9.8161e-05 2.5689e-01 0.0000e+00
422 0.0000e+00 0.0000e+00 9.7974e-05 3.3104e-05 9.7974e-05 2.5695e-01 0.0000e+00
423 0.0000e+00 0.0000e+00 9.7775e-05 2.9677e-05 9.7775e-05 2.5702e-01 0.0000e+00
424 0.0000e+00 0.0000e+00 9.7568e-05 2.6623e-05 9.7568e-05 2.5709e-01 0.0000e+00
425 0.0000e+00 0.0000e+00 9.7351e-05 2.3899e-05 9.7351e-05 2.5717e-01 0.0000e+00
426 0.0000e+00 0.0000e+00 9.7128e-05 2.1467e-05 9.7128e-05 2.5724e-01 0.0000e+00
427 5.0000e-04 0.0000e+00 9.6899e-05 1.9294e-05 9.6899e-05 2.5732e-01 0.0000e+00
428 2.0000e-03 0.0000e+00 1.2062e-04 1.9629e-04 9.6664e-05 2.5722e-01 2.3958e-05
429 3.0000e-03 3.2600e-05 1.3432e-04 4.3482e-04 9.6966e-05 2.5688e-01 3.7353e-05
430 2.0000e-03 6.2900e-05 1.2249e-04 5.3582e-04 9.7995e-05 2.5644e-01 2.4496e-05
431 1.0000e-03 8.9000e-05 1.1101e-04 5.3412e-04 9.9345e-05 2.5601e-01 1.1668e-05
432 0.0000e+00 1.0900e-04 1.0070e-04 4.5414e-04 1.0070e-04 2.5566e-01 0.0000e+00
433 5.0000e-04 1.2060e-04 1.0558e-04 4.2287e-04 1.0182e-04 2.5534e-01 3.7626e-06
434 0.0000e+00 1.2590e-04 1.0285e-04 3.6685e-04 1.0285e-04 2.5507e-01 0.0000e+00
435 0.0000e+00 1.2060e-04 1.0370e-04 3.2129e-04 1.0370e-04 2.5485e-01 0.0000e+00
436 0.0000e+00 1.0900e-04 1.0441e-04 2.8238e-04 1.0441e-04 2.5468e-01 0.0000e+00
437 3.5000e-03 8.9000e-05 1.4266e-04 5.3687e-04 1.0499e-04 2.5424e-01 3.7672e-05
438 0.0000e+00 6.2900e-05 1.0642e-04 4.4274e-04 1.0642e-04 2.5391e-01 0.0000e+00
439 0.0000e+00 3.0500e-05 1.0754e-04 3.8419e-04 1.0754e-04 2.5363e-01 0.0000e+00
440 0.0000e+00 0.0000e+00 1.0848e-04 3.3617e-04 1.0848e-04 2.5340e-01 0.0000e+00
441 0.0000e+00 0.0000e+00 1.0925e-04 2.9534e-04 1.0925e-04 2.5322e-01 0.0000e+00
442 0.0000e+00 0.0000e+00 1.0989e-04 2.6017e-04 1.0989e-04 2.5307e-01 0.0000e+00
443 0.0000e+00 0.0000e+00 1.1040e-04 2.2968e-04 1.1040e-04 2.5295e-01 0.0000e+00
444 5.0000e-04 0.0000e+00 1.1477e-04 2.3387e-04 1.1082e-04 2.5282e-01 3.9570e-06
445 0.0000e+00 0.0000e+00 1.1124e-04 2.0337e-04 1.1124e-04 2.5273e-01 0.0000e+00
446 0.0000e+00 0.0000e+00 1.1156e-04 1.7950e-04 1.1156e-04 2.5266e-01 0.0000e+00
447 0.0000e+00 0.0000e+00 1.1180e-04 1.5886e-04 1.1180e-04 2.5262e-01 0.0000e+00
448 0.0000e+00 0.0000e+00 1.1197e-04 1.4084e-04 1.1197e-04 2.5259e-01 0.0000e+00
449 0.0000e+00 0.0000e+00 1.1207e-04 1.2504e-04 1.1207e-04 2.5258e-01 0.0000e+00
450 0.0000e+00 0.0000e+00 1.1211e-04 1.1114e-04 1.1211e-04 2.5258e-01 0.0000e+00
451 0.0000e+00 0.0000e+00 1.1211e-04 9.8897e-05 1.1211e-04 2.5259e-01 0.0000e+00
452 5.0000e-04 0.0000e+00 1.1829e-04 1.3664e-04 1.1206e-04 2.5257e-01 6.2255e-06
453 0.0000e+00 2.2400e-05 1.1215e-04 1.1544e-04 1.1215e-04 2.5256e-01 0.0000e+00
454 0.0000e+00 4.3300e-05 1.1216e-04 1.0145e-04 1.1216e-04 2.5257e-01 0.0000e+00
455 0.0000e+00 6.1200e-05 1.1212e-04 8.9615e-05 1.1212e-04 2.5260e-01 0.0000e+00
456 0.0000e+00 7.5000e-05 1.1204e-04 7.9383e-05 1.1204e-04 2.5263e-01 0.0000e+00
457 0.0000e+00 8.3000e-05 1.1193e-04 7.0465e-05 1.1193e-04 2.5267e-01 0.0000e+00
458 0.0000e+00 8.6600e-05 1.1178e-04 6.2653e-05 1.1178e-04 2.5272e-01 0.0000e+00
459 0.0000e+00 8.3000e-05 1.1161e-04 5.5784e-05 1.1161e-04 2.5277e-01 0.0000e+00
460 0.0000e+00 7.5000e-05 1.1142e-04 4.9727e-05 1.1142e-04 2.5284e-01 0.0000e+00
461 0.0000e+00 6.1200e-05 1.1120e-04 4.4374e-05 1.1120e-04 2.5290e-01 0.0000e+00
462 0.0000e+00 4.3300e-05 1.1097e-04 3.9634e-05 1.1097e-04 2.5297e-01 0.0000e+00
463 0.0000e+00 2.1000e-05 1.1073e-04 3.5431e-05 1.1073e-04 2.5305e-01 0.0000e+00
464 0.0000e+00 0.0000e+00 1.1046e-04 3.1699e-05 1.1046e-04 2.5313e-01 0.0000e+00
465 1.0000e-03 0.0000e+00 1.1454e-04 6.2082e-05 1.1019e-04 2.5318e-01 4.3433e-06
466 5.0000e-04 0.0000e+00 1.1625e-04 9.9409e-05 1.1003e-04 2.5319e-01 6.2255e-06
467 0.0000e+00 0.0000e+00 1.0999e-04 8.1478e-05 1.0999e-04 2.5322e-01 0.0000e+00
468 0.0000e+00 0.0000e+00 1.0989e-04 7.0581e-05 1.0989e-04 2.5326e-01 0.0000e+00
469 5.0000e-04 0.0000e+00 1.1598e-04 1.0993e-04 1.0976e-04 2.5325e-01 6.2255e-06
470 0.0000e+00 0.0000e+00 1.0976e-04 9.1021e-05 1.0976e-04 2.5327e-01 0.0000e+00
471 0.0000e+00 0.0000e+00 1.0969e-04 7.9053e-05 1.0969e-04 2.5330e-01 0.0000e+00
472 5.0000e-04 0.0000e+00 1.1582e-04 1.1740e-04 1.0959e-04 2.5330e-01 6.2255e-06
473 5.0000e-04 0.0000e+00 1.1584e-04 1.4587e-04 1.0962e-04 2.5326e-01 6.2255e-06
474 0.0000e+00 0.0000e+00 1.0974e-04 1.2176e-04 1.0974e-04 2.5325e-01 0.0000e+00
475 0.0000e+00 0.0000e+00 1.0978e-04 1.0568e-04 1.0978e-04 2.5325e-01 0.0000e+00
476 0.0000e+00 0.0000e+00 1.0977e-04 9.2385e-05 1.0977e-04 2.5327e-01 0.0000e+00
477 0.0000e+00 9.2000e-06 1.0971e-04 8.1097e-05 1.0971e-04 2.5330e-01 0.0000e+00
478 0.0000e+00 1.7800e-05 1.0961e-04 7.1406e-05 1.0961e-04 2.5334e-01 0.0000e+00
479 0.0000e+00 2.5200e-05 1.0948e-04 6.3025e-05 1.0948e-04 2.5338e-01 0.0000e+00
480 0.0000e+00 3.0900e-05 1.0932e-04 5.5739e-05 1.0932e-04 2.5344e-01 0.0000e+00
481 0.0000e+00 3.4200e-05 1.0914e-04 4.9379e-05 1.0914e-04 2.5350e-01 0.0000e+00
482 5.0000e-04 3.5700e-05 1.1370e-04 8.0663e-05 1.0893e-04 2.5352e-01 4.7663e-06
483 2.5000e-03 3.4200e-05 1.3952e-04 3.0427e-04 1.0884e-04 2.5333e-01 3.0683e-05
484 1.0000e-03 3.0900e-05 1.2153e-04 3.3343e-04 1.0950e-04 2.5311e-01 1.2025e-05
485 0.0000e+00 2.5200e-05 1.1027e-04 2.7735e-04 1.1027e-04 2.5294e-01 0.0000e+00
486 1.0000e-03 1.7800e-05 1.2260e-04 3.3077e-04 1.1085e-04 2.5272e-01 1.1753e-05
487 0.0000e+00 8.6000e-06 1.1162e-04 2.7814e-04 1.1162e-04 2.5255e-01 0.0000e+00
488 0.0000e+00 0.0000e+00 1.1220e-04 2.4156e-04 1.1220e-04 2.5242e-01 0.0000e+00
489 0.0000e+00 0.0000e+00 1.1265e-04 2.1105e-04 1.1265e-04 2.5232e-01 0.0000e+00
490 0.0000e+00 0.0000e+00 1.1300e-04 1.8508e-04 1.1300e-04 2.5225e-01 0.0000e+00
491 0.0000e+00 0.0000e+00 1.1325e-04 1.6275e-04 1.1325e-04 2.5220e-01 0.0000e+00
492 0.0000e+00 0.0000e+00 1.1343e-04 1.4344e-04 1.1343e-04 2.5217e-01 0.0000e+00
493 0.0000e+00 0.0000e+00 1.1354e-04 1.2666e-04 1.1354e-04 2.5216e-01 0.0000e+00
494 0.0000e+00 0.0000e+00 1.1358e-04 1.1202e-04 1.1358e-04 2.5216e-01 0.0000e+00
495 0.0000e+00 0.0000e+00 1.1358e-04 9.9215e-05 1.1358e-04 2.5218e-01 0.0000e+00
496 0.0000e+00 0.0000e+00 1.1353e-04 8.7985e-05 1.1353e-04 2.5220e-01 0.0000e+00
497 0.0000e+00 0.0000e+00 1.1344e-04 7.8116e-05 1.1344e-04 2.5224e-01 0.0000e+00
498 0.0000e+00 0.0000e+00 1.1331e-04 6.9428e-05 1.1331e-04 2.5228e-01 0.0000e+00
499 0.0000e+00 0.0000e+00 1.1315e-04 6.1768e-05 1.1315e-04 2.5233e-01 0.0000e+00
500 0.0000e+00 0.0000e+00 1.1297e-04 5.5003e-05 1.1297e-04 2.5239e-01 0.0000e+00
501 0.0000e+00 6.3800e-05 1.1277e-04 4.9023e-05 1.1277e-04 2.5245e-01 0.0000e+00
502 0.0000e+00 1.2310e-04 1.1254e-04 4.3729e-05 1.1254e-04 2.5252e-01 0.0000e+00
503 0.0000e+00 1.7420e-04 1.1230e-04 3.9037e-05 1.1230e-04 2.5260e-01 0.0000e+00
504 0.0000e+00 2.1330e-04 1.1205e-04 3.4875e-05 1.1205e-04 2.5267e-01 0.0000e+00
505 0.0000e+00 2.3600e-04 1.1178e-04 3.1179e-05 1.1178e-04 2.5275e-01 0.0000e+00
506 0.0000e+00 2.4640e-04 1.1149e-04 2.7893e-05 1.1149e-04 2.5284e-01 0.0000e+00
507 0.0000e+00 2.3600e-04 1.1120e-04 2.4971e-05 1.1120e-04 2.5292e-01 0.0000e+00
508 0.0000e+00 2.1330e-04 1.1090e-04 2.2368e-05 1.1090e-04 2.5301e-01 0.0000e+00
509 0.0000e+00 1.7420e-04 1.1060e-04 2.0049e-05 1.1060e-04 2.5310e-01 0.0000e+00
510 0.0000e+00 1.2310e-04 1.1029e-04 1.7981e-05 1.1029e-04 2.5319e-01 0.0000e+00
511 0.0000e+00 5.9600e-05 1.0997e-04 1.6135e-05 1.0997e-04 2.5329e-01 0.0000e+00
512 0.0000e+00 0.0000e+00 1.0965e-04 1.4487e-05 1.0965e-04 2.5338e-01 0.0000e+00
513 0.0000e+00 0.0000e+00 1.0932e-04 1.3014e-05 1.0932e-04 2.5348e-01 0.0000e+00
514 0.0000e+00 0.0000e+00 1.0899e-04 1.1697e-05 1.0899e-04 2.5358e-01 0.0000e+00
515 0.0000e+00 0.0000e+00 1.0866e-04 1.0518e-05 1.0866e-04 2.5367e-01 0.0000e+00
516 0.0000e+00 0.0000e+00 1.0833e-04 9.4625e-06 1.0833e-04 2.5377e-01 0.0000e+00
517 0.0000e+00 0.0000e+00 1.0799e-04 8.5170e-06 1.0799e-04 2.5387e-01 0.0000e+00
518 0.0000e+00 0.0000e+00 1.0766e-04 7.6695e-06 1.0766e-04 2.5397e-01 0.0000e+00
519 0.0000e+00 0.0000e+00 1.0732e-04 6.9094e-06 1.0732e-04 2.5407e-01 0.0000e+00
520 0.0000e+00 0.0000e+00 1.0699e-04 6.2273e-06 1.0699e-04 2.5417e-01 0.0000e+00
521 0.0000e+00 0.0000e+00 1.0665e-04 5.6146e-06 1.0665e-04 2.5428e-01 0.0000e+00
522 0.0000e+00 0.0000e+00 1.0631e-04 5.0646e-06 1.0631e-04 2.5438e-01 0.0000e+00
523 0.0000e+00 0.0000e+00 1.0598e-04 4.5702e-06 1.0598e-04 2.5448e-01 0.0000e+00
524 0.0000e+00 0.0000e+00 1.0564e-04 4.1257e-06 1.0564e-04 2.5458e-01 0.0000e+00
525 0.0000e+00 4.1700e-05 1.0531e-04 3.7259e-06 1.0531e-04 2.5468e-01 0.0000e+00
526 0.0000e+00 8.0400e-05 1.0497e-04 3.3660e-06 1.0497e-04 2.5478e-01 0.0000e+00
527 0.0000e+00 1.1380e-04 1.0464e-04 3.0420e-06 1.0464e-04 2.5488e-01 0.0000e+00
528 0.0000e+00 1.3930e-04 1.0431e-04 2.7502e-06 1.0431e-04 2.5499e-01 0.0000e+00
529 0.0000e+00 1.5420e-04 1.0398e-04 2.4872e-06 1.0398e-04 2.5509e-01 0.0000e+00
530 0.0000e+00 1.6090e-04 1.0365e-04 2.2502e-06 1.0365e-04 2.5519e-01 0.0000e+00
531 0.0000e+00 1.5420e-04 1.0332e-04 2.0360e-06 1.0332e-04 2.5529e-01 0.0000e+00
532 0.0000e+00 1.3930e-04 1.0300e-04 1.8432e-06 1.0300e-04 2.5539e-01 0.0000e+00
533 0.0000e+00 1.1380e-04 1.0267e-04 1.6692e-06 1.0267e-04 2.5549e-01 0.0000e+00
534 0.0000e+00 8.0400e-05 1.0235e-04 1.5120e-06 1.0235e-04 2.5559e-01 0.0000e+00
535 0.0000e+00 3.8900e-05 1.0203e-04 1.3701e-06 1.0203e-04 2.5569e-01 0.0000e+00
536 0.0000e+00 0.0000e+00 1.0170e-04 1.2419e-06 1.0170e-04 2.5579e-01 0.0000e+00
537 0.0000e+00 0.0000e+00 1.0139e-04 1.1260e-06 1.0139e-04 2.5589e-01 0.0000e+00
538 0.0000e+00 0.0000e+00 1.0107e-04 1.0212e-06 1.0107e-04 2.5599e-01 0.0000e+00
539 0.0000e+00 0.0000e+00 1.0075e-04 9.2647e-07 1.0075e-04 2.5609e-01 0.0000e+00
540 0.0000e+00 0.0000e+00 1.0044e-04 8.4073e-07 1.0044e-04 2.5619e-01 0.0000e+00
541 0.0000e+00 0.0000e+00 1.0013e-04 7.6314e-07 1.0013e-04 2.5629e-01 0.0000e+00
542 0.0000e+00 0.0000e+00 9.9817e-05 6.9233e-07 9.9817e-05 2.5639e-01 0.0000e+00
543 0.0000e+00 0.0000e+00 9.9508e-05 6.2880e-07 9.9508e-05 2.5649e-01 0.0000e+00
544 0.0000e+00 0.0000e+00 9.9201e-05 5.7126e-07 9.9201e-05 2.5659e-01 0.0000e+00
545 0.0000e+00 0.0000e+00 9.8896e-05 5.1910e-07 9.8896e-05 2.5669e-01 0.0000e+00
546 0.0000e+00 0.0000e+00 9.8593e-05 4.7183e-07 9.8593e-05 2.5679e-01 0.0000e+00
547 0.0000e+00 0.0000e+00 9.8291e-05 4.2897e-07 9.8291e-05 2.5688e-01 0.0000e+00
548 0.0000e+00 0.0000e+00 9.7991e-05 3.9009e-07 9.7991e-05 2.5698e-01 0.0000e+00
549 0.0000e+00 2.0700e-05 9.7692e-05 3.5482e-07 9.7692e-05 2.5708e-01 0.0000e+00
550 0.0000e+00 4.0000e-05 9.7395e-05 3.2281e-07 9.7395e-05 2.5718e-01 0.0000e+00
551 0.0000e+00 5.6600e-05 9.7100e-05 2.9376e-07 9.7100e-05 2.5727e-01 0.0000e+00
552 1.0000e-03 6.9300e-05 9.6807e-05 2.6660e-07 9.6807e-05 2.5737e-01 0.0000e+00
553 1.0000e-03 7.6600e-05 9.6516e-05 2.4276e-07 9.6516e-05 2.5747e-01 0.0000e+00
554 2.0000e-03 8.0000e-05 1.0534e-04 6.8215e-05 9.6226e-05 2.5749e-01 9.1153e-06
555 1.5000e-03 7.6600e-05 1.1382e-04 1.8523e-04 9.6141e-05 2.5740e-01 1.7680e-05
556 0.0000e+00 6.9300e-05 9.6409e-05 1.4869e-04 9.6409e-05 2.5735e-01 0.0000e+00
557 5.0000e-04 5.6600e-05 1.0098e-04 1.6012e-04 9.6567e-05 2.5729e-01 4.4102e-06
558 0.0000e+00 4.0000e-05 9.6759e-05 1.3598e-04 9.6759e-05 2.5725e-01 0.0000e+00
559 0.0000e+00 1.9400e-05 9.6878e-05 1.1809e-04 9.6878e-05 2.5723e-01 0.0000e+00
560 0.0000e+00 0.0000e+00 9.6942e-05 1.0321e-04 9.6942e-05 2.5722e-01 0.0000e+00
561 0.0000e+00 0.0000e+00 9.6961e-05 9.0581e-05 9.6961e-05 2.5723e-01 0.0000e+00
562 0.0000e+00 0.0000e+00 9.6942e-05 7.9734e-05 9.6942e-05 2.5725e-01 0.0000e+00
563 0.0000e+00 0.0000e+00 9.6889e-05 7.0354e-05 9.6889e-05 2.5727e-01 0.0000e+00
564 0.0000e+00 0.0000e+00 9.6809e-05 6.2202e-05 9.6809e-05 2.5731e-01 0.0000e+00
565 5.0000e-04 0.0000e+00 1.0149e-04 9.0810e-05 9.6705e-05 2.5731e-01 4.7822e-06
566 0.0000e+00 0.0000e+00 9.6687e-05 7.6791e-05 9.6687e-05 2.5733e-01 0.0000e+00
567 0.0000e+00 0.0000e+00 9.6627e-05 6.7168e-05 9.6627e-05 2.5736e-01 0.0000e+00
568 0.0000e+00 0.0000e+00 9.6538e-05 5.9133e-05 9.6538e-05 2.5740e-01 0.0000e+00
569 0.0000e+00 0.0000e+00 9.6425e-05 5.2244e-05 9.6425e-05 2.5744e-01 0.0000e+00
570 0.0000e+00 0.0000e+00 9.6292e-05 4.6270e-05 9.6292e-05 2.5749e-01 0.0000e+00
571 0.0000e+00 0.0000e+00 9.6141e-05 4.1057e-05 9.6141e-05 2.5755e-01 0.0000e+00
572 0.0000e+00 0.0000e+00 9.5976e-05 3.6488e-05 9.5976e-05 2.5761e-01 0.0000e+00
573 3.0000e-03 3.0500e-05 1.3315e-04 3.1076e-04 9.5798e-05 2.5739e-01 3.7353e-05
574 1.0000e-03 5.8900e-05 1.0851e-04 3.3725e-04 9.6444e-05 2.5715e-01 1.2071e-05
575 2.5000e-03 8.3300e-05 1.2757e-04 5.0972e-04 9.7172e-05 2.5674e-01 3.0394e-05
576 3.5000e-03 1.0200e-04 1.4097e-04 7.4183e-04 9.8433e-05 2.5610e-01 4.2541e-05
577 1.5000e-03 1.1290e-04 1.1784e-04 7.4721e-04 1.0043e-04 2.5545e-01 1.7406e-05
578 0.0000e+00 1.1780e-04 1.0248e-04 6.3526e-04 1.0248e-04 2.5492e-01 0.0000e+00
579 0.0000e+00 1.1290e-04 1.0420e-04 5.5200e-04 1.0420e-04 2.5447e-01 0.0000e+00
580 0.0000e+00 1.0200e-04 1.0567e-04 4.8264e-04 1.0567e-04 2.5409e-01 0.0000e+00
581 0.0000e+00 8.3300e-05 1.0692e-04 4.2352e-04 1.0692e-04 2.5378e-01 0.0000e+00
582 0.0000e+00 5.8900e-05 1.0799e-04 3.7260e-04 1.0799e-04 2.5351e-01 0.0000e+00
583 0.0000e+00 2.8500e-05 1.0888e-04 3.2848e-04 1.0888e-04 2.5329e-01 0.0000e+00
584 0.0000e+00 0.0000e+00 1.0963e-04 2.9007e-04 1.0963e-04 2.5311e-01 0.0000e+00
585 0.0000e+00 0.0000e+00 1.1025e-04 2.5653e-04 1.1025e-04 2.5296e-01 0.0000e+00
586 0.0000e+00 0.0000e+00 1.1076e-04 2.2717e-04 1.1076e-04 2.5285e-01 0.0000e+00
587 0.0000e+00 0.0000e+00 1.1116e-04 2.0139e-04 1.1116e-04 2.5276e-01 0.0000e+00
588 0.0000e+00 0.0000e+00 1.1148e-04 1.7874e-04 1.1148e-04 2.5269e-01 0.0000e+00
589 5.0000e-04 0.0000e+00 1.1171e-04 1.5878e-04 1.1171e-04 2.5264e-01 0.0000e+00
590 0.0000e+00 0.0000e+00 1.1188e-04 1.4119e-04 1.1188e-04 2.5261e-01 0.0000e+00
591 0.0000e+00 0.0000e+00 1.1198e-04 1.2565e-04 1.1198e-04 2.5260e-01 0.0000e+00
592 5.0000e-04 0.0000e+00 1.1684e-04 1.4948e-04 1.1203e-04 2.5256e-01 4.8170e-06
593 0.0000e+00 0.0000e+00 1.1216e-04 1.2833e-04 1.1216e-04 2.5255e-01 0.0000e+00
594 1.0000e-03 0.0000e+00 1.2466e-04 2.1045e-04 1.1221e-04 2.5245e-01 1.2451e-05
595 0.0000e+00 0.0000e+00 1.1256e-04 1.7427e-04 1.1256e-04 2.5239e-01 0.0000e+00
596 0.0000e+00 0.0000e+00 1.1278e-04 1.5200e-04 1.1278e-04 2.5235e-01 0.0000e+00
597 0.0000e+00 6.2600e-05 1.1291e-04 1.3348e-04 1.1291e-04 2.5233e-01 0.0000e+00
598 0.0000e+00 1.2080e-04 1.1299e-04 1.1765e-04 1.1299e-04 2.5232e-01 0.0000e+00
599 0.0000e+00 1.7090e-04 1.1300e-04 1.0398e-04 1.1300e-04 2.5233e-01 0.0000e+00
600 0.0000e+00 2.0930e-04 1.1297e-04 9.2095e-05 1.1297e-04 2.5235e-01 0.0000e+00
601 0.0000e+00 2.3150e-04 1.1290e-04 8.1710e-05 1.1290e-04 2.5238e-01 0.0000e+00
602 0.0000e+00 2.4180e-04 1.1279e-04 7.2602e-05 1.1279e-04 2.5242e-01 0.0000e+00
603 0.0000e+00 2.3150e-04 1.1265e-04 6.4592e-05 1.1265e-04 2.5247e-01 0.0000e+00
604 0.0000e+00 2.0930e-04 1.1248e-04 5.7530e-05 1.1248e-04 2.5253e-01 0.0000e+00
605 0.0000e+00 1.7090e-04 1.1228e-04 5.1292e-05 1.1228e-04 2.5259e-01 0.0000e+00
606 0.0000e+00 1.2080e-04 1.1207e-04 4.5773e-05 1.1207e-04 2.5265e-01 0.0000e+00
607 0.0000e+00 5.8500e-05 1.1184e-04 4.0884e-05 1.1184e-04 2.5273e-01 0.0000e+00
608 0.0000e+00 0.0000e+00 1.1159e-04 3.6546e-05 1.1159e-04 2.5280e-01 0.0000e+00
609 0.0000e+00 0.0000e+00 1.1133e-04 3.2694e-05 1.1133e-04 2.5288e-01 0.0000e+00
610 0.0000e+00 0.0000e+00 1.1106e-04 2.9269e-05 1.1106e-04 2.5296e-01 0.0000e+00
611 0.0000e+00 0.0000e+00 1.1077e-04 2.6220e-05 1.1077e-04 2.5305e-01 0.0000e+00
612 0.0000e+00 0.0000e+00 1.1048e-04 2.3505e-05 1.1048e-04 2.5313e-01 0.0000e+00
613 0.0000e+00 0.0000e+00 1.1018e-04 2.1083e-05 1.1018e-04 2.5322e-01 0.0000e+00
614 0.0000e+00 0.0000e+00 1.0987e-04 1.8923e-05 1.0987e-04 2.5331e-01 0.0000e+00
615 0.0000e+00 0.0000e+00 1.0956e-04 1.6993e-05 1.0956e-04 2.5340e-01 0.0000e+00
616 0.0000e+00 0.0000e+00 1.0925e-04 1.5269e-05 1.0925e-04 2.5350e-01 0.0000e+00
617 0.0000e+00 0.0000e+00 1.0893e-04 1.3727e-05 1.0893e-04 2.5359e-01 0.0000e+00
618 0.0000e+00 0.0000e+00 1.0860e-04 1.2347e-05 1.0860e-04 2.5369e-01 0.0000e+00
619 0.0000e+00 0.0000e+00 1.0828e-04 1.1111e-05 1.0828e-04 2.5379e-01 0.0000e+00
620 0.0000e+00 0.0000e+00 1.0795e-04 1.0004e-05 1.0795e-04 2.5389e-01 0.0000e+00
621 0.0000e+00 1.4200e-05 1.0762e-04 9.0111e-06 1.0762e-04 2.5398e-01 0.0000e+00
622 0.0000e+00 2.7500e-05 1.0729e-04 8.1205e-06 1.0729e-04 2.5408e-01 0.0000e+00
623 0.0000e+00 3.8900e-05 1.0695e-04 7.3212e-06 1.0695e-04 2.5418e-01 0.0000e+00
624 1.0000e-03 4.7600e-05 1.0662e-04 6.6033e-06 1.0662e-04 2.5428e-01 0.0000e+00
625 1.0000e-03 5.2700e-05 1.0725e-04 1.3346e-05 1.0629e-04 2.5438e-01 9.6264e-07
626 3.0000e-03 5.5000e-05 1.4268e-04 2.9245e-04 1.0598e-04 2.5419e-01 3.6697e-05
627 2.0000e-03 5.2700e-05 1.3082e-04 4.1246e-04 1.0660e-04 2.5388e-01 2.4217e-05
628 1.5000e-03 4.7600e-05 1.2564e-04 4.7505e-04 1.0762e-04 2.5352e-01 1.8020e-05
629 3.5000e-03 3.8900e-05 1.5185e-04 7.2789e-04 1.0887e-04 2.5290e-01 4.2986e-05
630 4.0000e-03 2.7500e-05 1.6473e-04 9.7630e-04 1.1099e-04 2.5203e-01 5.3739e-05
631 5.0000e-03 1.3300e-05 1.8936e-04 1.2833e-03 1.1404e-04 2.5086e-01 7.5322e-05
632 0.0000e+00 0.0000e+00 1.1828e-04 1.0729e-03 1.1828e-04 2.4991e-01 0.0000e+00
633 0.0000e+00 0.0000e+00 1.2186e-04 9.2879e-04 1.2186e-04 2.4910e-01 0.0000e+00
634 1.0000e-03 0.0000e+00 1.4187e-04 9.0318e-04 1.2497e-04 2.4832e-01 1.6897e-05
635 2.5000e-03 0.0000e+00 1.7086e-04 1.0220e-03 1.2805e-04 2.4743e-01 4.2813e-05
636 3.5000e-03 0.0000e+00 1.9162e-04 1.2123e-03 1.3168e-04 2.4635e-01 5.9938e-05
637 3.0000e-03 0.0000e+00 1.8758e-04 1.3219e-03 1.3620e-04 2.4516e-01 5.1376e-05
638 0.0000e+00 0.0000e+00 1.4134e-04 1.1248e-03 1.4134e-04 2.4418e-01 0.0000e+00
639 5.0000e-04 0.0000e+00 1.5431e-04 1.0265e-03 1.4575e-04 2.4330e-01 8.5626e-06
640 0.0000e+00 0.0000e+00 1.4982e-04 8.9069e-04 1.4982e-04 2.4256e-01 0.0000e+00
641 5.0000e-04 0.0000e+00 1.6189e-04 8.2847e-04 1.5333e-04 2.4188e-01 8.5626e-06
642 0.0000e+00 0.0000e+00 1.5660e-04 7.2020e-04 1.5660e-04 2.4132e-01 0.0000e+00
643 5.0000e-04 0.0000e+00 1.6794e-04 6.8145e-04 1.5938e-04 2.4080e-01 8.5626e-06
644 0.0000e+00 0.0000e+00 1.6200e-04 5.9209e-04 1.6200e-04 2.4037e-01 0.0000e+00
645 0.0000e+00 1.6900e-05 1.6419e-04 5.1865e-04 1.6419e-04 2.4001e-01 0.0000e+00
646 0.0000e+00 3.2600e-05 1.6602e-04 4.5533e-04 1.6602e-04 2.3972e-01 0.0000e+00
647 0.0000e+00 4.6100e-05 1.6753e-04 4.0035e-04 1.6753e-04 2.3949e-01 0.0000e+00
648 0.0000e+00 5.6400e-05 1.6875e-04 3.5245e-04 1.6875e-04 2.3931e-01 0.0000e+00
649 0.0000e+00 6.2400e-05 1.6973e-04 3.1062e-04 1.6973e-04 2.3917e-01 0.0000e+00
650 0.0000e+00 6.5200e-05 1.7047e-04 2.7402e-04 1.7047e-04 2.3906e-01 0.0000e+00
651 0.0000e+00 6.2400e-05 1.7103e-04 2.4197e-04 1.7103e-04 2.3899e-01 0.0000e+00
652 0.0000e+00 5.6400e-05 1.7141e-04 2.1386e-04 1.7141e-04 2.3895e-01 0.0000e+00
653 0.0000e+00 4.6100e-05 1.7163e-04 1.8918e-04 1.7163e-04 2.3893e-01 0.0000e+00
654 0.0000e+00 3.2600e-05 1.7173e-04 1.6749e-04 1.7173e-04 2.3894e-01 0.0000e+00
655 0.0000e+00 1.5800e-05 1.7171e-04 1.4840e-04 1.7171e-04 2.3896e-01 0.0000e+00
656 0.0000e+00 0.0000e+00 1.7158e-04 1.3160e-04 1.7158e-04 2.3900e-01 0.0000e+00
657 0.0000e+00 0.0000e+00 1.7137e-04 1.1678e-04 1.7137e-04 2.3905e-01 0.0000e+00
658 0.0000e+00 0.0000e+00 1.7107e-04 1.0371e-04 1.7107e-04 2.3912e-01 0.0000e+00
659 0.0000e+00 0.0000e+00 1.7071e-04 9.2170e-05 1.7071e-04 2.3920e-01 0.0000e+00
660 0.0000e+00 0.0000e+00 1.7030e-04 8.1971e-05 1.7030e-04 2.3929e-01 0.0000e+00
661 0.0000e+00 0.0000e+00 1.6983e-04 7.2950e-05 1.6983e-04 2.3938e-01 0.0000e+00
662 0.0000e+00 0.0000e+00 1.6931e-04 6.4965e-05 1.6931e-04 2.3949e-01 0.0000e+00
663 0.0000e+00 0.0000e+00 1.6876e-04 5.7891e-05 1.6876e-04 2.3960e-01 0.0000e+00
664 0.0000e+00 0.0000e+00 1.6818e-04 5.1620e-05 1.6818e-04 2.3972e-01 0.0000e+00
665 0.0000e+00 0.0000e+00 1.6757e-04 4.6057e-05 1.6757e-04 2.3984e-01 0.0000e+00
666 5.0000e-04 0.0000e+00 1.6709e-04 4.2077e-05 1.6693e-04 2.3996e-01 1.5876e-07
667 0.0000e+00 0.0000e+00 1.6628e-04 3.7453e-05 1.6628e-04 2.4009e-01 0.0000e+00
668 5.0000e-04 0.0000e+00 1.7418e-04 8.5077e-05 1.6561e-04 2.4017e-01 8.5626e-06
669 5.0000e-04 1.5300e-05 1.7376e-04 1.2049e-04 1.6520e-04 2.4022e-01 8.5626e-06
670 0.0000e+00 2.9500e-05 1.6497e-04 9.8335e-05 1.6497e-04 2.4028e-01 0.0000e+00
671 1.0000e-03 4.1700e-05 1.8098e-04 1.8273e-04 1.6462e-04 2.4026e-01 1.6358e-05
672 0.0000e+00 5.1100e-05 1.6472e-04 1.4752e-04 1.6472e-04 2.4028e-01 0.0000e+00
673 0.0000e+00 5.6500e-05 1.6463e-04 1.2589e-04 1.6463e-04 2.4032e-01 0.0000e+00
674 0.0000e+00 5.9000e-05 1.6443e-04 1.0863e-04 1.6443e-04 2.4038e-01 0.0000e+00
675 5.0000e-04 5.6500e-05 1.6914e-04 1.2439e-04 1.6414e-04 2.4042e-01 5.0010e-06
676 5.0000e-04 5.1100e-05 1.7153e-04 1.5066e-04 1.6394e-04 2.4043e-01 7.5950e-06
677 0.0000e+00 4.1700e-05 1.6387e-04 1.2553e-04 1.6387e-04 2.4047e-01 0.0000e+00
678 0.0000e+00 2.9500e-05 1.6367e-04 1.0816e-04 1.6367e-04 2.4052e-01 0.0000e+00
679 1.0000e-03 1.4300e-05 1.7842e-04 1.8421e-04 1.6339e-04 2.4050e-01 1.5032e-05
680 1.0000e-03 0.0000e+00 1.8038e-04 2.5178e-04 1.6350e-04 2.4041e-01 1.6880e-05
681 0.0000e+00 0.0000e+00 1.6395e-04 2.0588e-04 1.6395e-04 2.4037e-01 0.0000e+00
682 0.0000e+00 0.0000e+00 1.6416e-04 1.7598e-04 1.6416e-04 2.4036e-01 0.0000e+00
683 0.0000e+00 0.0000e+00 1.6422e-04 1.5192e-04 1.6422e-04 2.4037e-01 0.0000e+00
684 0.0000e+00 0.0000e+00 1.6416e-04 1.3188e-04 1.6416e-04 2.4041e-01 0.0000e+00
685 0.0000e+00 0.0000e+00 1.6400e-04 1.1492e-04 1.6400e-04 2.4045e-01 0.0000e+00
686 0.0000e+00 0.0000e+00 1.6374e-04 1.0043e-04 1.6374e-04 2.4052e-01 0.0000e+00
687 0.0000e+00 0.0000e+00 1.6342e-04 8.7973e-05 1.6342e-04 2.4059e-01 0.0000e+00
688 0.0000e+00 0.0000e+00 1.6304e-04 7.7217e-05 1.6304e-04 2.4068e-01 0.0000e+00
689 0.0000e+00 0.0000e+00 1.6260e-04 6.7897e-05 1.6260e-04 2.4077e-01 0.0000e+00
690 0.0000e+00 0.0000e+00 1.6212e-04 5.9797e-05 1.6212e-04 2.4088e-01 0.0000e+00
691 0.0000e+00 0.0000e+00 1.6160e-04 5.2738e-05 1.6160e-04 2.4098e-01 0.0000e+00
692 0.0000e+00 0.0000e+00 1.6105e-04 4.6575e-05 1.6105e-04 2.4110e-01 0.0000e+00
693 0.0000e+00 5.6100e-05 1.6048e-04 4.1182e-05 1.6048e-04 2.4122e-01 0.0000e+00
694 0.0000e+00 1.0830e-04 1.5988e-04 3.6454e-05 1.5988e-04 2.4134e-01 0.0000e+00
695 0.0000e+00 1.5320e-04 1.5926e-04 3.2304e-05 1.5926e-04 2.4147e-01 0.0000e+00
696 0.0000e+00 1.8770e-04 1.5863e-04 2.8655e-05 1.5863e-04 2.4160e-01 0.0000e+00
697 0.0000e+00 2.0760e-04 1.5799e-04 2.5442e-05 1.5799e-04 2.4173e-01 0.0000e+00
698 0.0000e+00 2.1680e-04 1.5734e-04 2.2609e-05 1.5734e-04 2.4187e-01 0.0000e+00
699 0.0000e+00 2.0760e-04 1.5668e-04 2.0110e-05 1.5668e-04 2.4200e-01 0.0000e+00
700 5.0000e-04 1.8770e-04 1.5601e-04 1.7901e-05 1.5601e-04 2.4214e-01 0.0000e+00
701 0.0000e+00 1.5320e-04 1.5534e-04 1.5947e-05 1.5534e-04 2.4228e-01 0.0000e+00
702 0.0000e+00 1.0830e-04 1.5466e-04 1.4217e-05 1.5466e-04 2.4242e-01 0.0000e+00
703 0.0000e+00 5.2400e-05 1.5399e-04 1.2684e-05 1.5399e-04 2.4256e-01 0.0000e+00
704 0.0000e+00 0.0000e+00 1.5331e-04 1.1324e-05 1.5331e-04 2.4270e-01 0.0000e+00
705 0.0000e+00 0.0000e+00 1.5263e-04 1.0116e-05 1.5263e-04 2.4285e-01 0.0000e+00
706 0.0000e+00 0.0000e+00 1.5195e-04 9.0432e-06 1.5195e-04 2.4299e-01 0.0000e+00
707 0.0000e+00 0.0000e+00 1.5127e-04 8.0890e-06 1.5127e-04 2.4313e-01 0.0000e+00
708 0.0000e+00 0.0000e+00 1.5060e-04 7.2395e-06 1.5060e-04 2.4328e-01 0.0000e+00
709 0.0000e+00 0.0000e+00 1.4992e-04 6.4833e-06 1.4992e-04 2.4342e-01 0.0000e+00
710 0.0000e+00 0.0000e+00 1.4925e-04 5.8093e-06 1.4925e-04 2.4356e-01 0.0000e+00
711 0.0000e+00 0.0000e+00 1.4859e-04 5.2081e-06 1.4859e-04 2.4371e-01 0.0000e+00
712 0.0000e+00 0.0000e+00 1.4792e-04 4.6716e-06 1.4792e-04 2.4385e-01 0.0000e+00
713 0.0000e+00 0.0000e+00 1.4726e-04 4.1926e-06 1.4726e-04 2.4399e-01 0.0000e+00
714 0.0000e+00 0.0000e+00 1.4660e-04 3.7645e-06 1.4660e-04 2.4414e-01 0.0000e+00
715 0.0000e+00 0.0000e+00 1.4595e-04 3.3817e-06 1.4595e-04 2.4428e-01 0.0000e+00
716 0.0000e+00 0.0000e+00 1.4530e-04 3.0393e-06 1.4530e-04 2.4442e-01 0.0000e+00
717 0.0000e+00 8.5600e-05 1.4466e-04 2.7328e-06 1.4466e-04 2.4456e-01 0.0000e+00
718 0.0000e+00 1.6520e-04 1.4402e-04 2.4579e-06 1.4402e-04 2.4470e-01 0.0000e+00
719 0.0000e+00 2.3380e-04 1.4338e-04 2.2120e-06 1.4338e-04 2.4484e-01 0.0000e+00
720 0.0000e+00 2.8620e-04 1.4275e-04 1.9916e-06 1.4275e-04 2.4499e-01 0.0000e+00
721 0.0000e+00 3.1670e-04 1.4212e-04 1.7938e-06 1.4212e-04 2.4513e-01 0.0000e+00
722 0.0000e+00 3.3060e-04 1.4150e-04 1.6164e-06 1.4150e-04 2.4527e-01 0.0000e+00
723 0.0000e+00 3.1670e-04 1.4089e-04 1.4571e-06 1.4089e-04 2.4541e-01 0.0000e+00
724 0.0000e+00 2.8620e-04 1.4027e-04 1.3139e-06 1.4027e-04 2.4554e-01 0.0000e+00
725 0.0000e+00 2.3380e-04 1.3967e-04 1.1853e-06 1.3967e-04 2.4568e-01 0.0000e+00
726 0.0000e+00 1.6520e-04 1.3906e-04 1.0697e-06 1.3906e-04 2.4582e-01 0.0000e+00
727 0.0000e+00 8.0000e-05 1.3846e-04 9.6569e-07 1.3846e-04 2.4596e-01 0.0000e+00
728 0.0000e+00 0.0000e+00 1.3787e-04 8.7146e-07 1.3787e-04 2.4610e-01 0.0000e+00
729 0.0000e+00 0.0000e+00 1.3728e-04 7.8734e-07 1.3728e-04 2.4623e-01 0.0000e+00
730 0.0000e+00 0.0000e+00 1.3670e-04 7.1157e-07 1.3670e-04 2.4637e-01 0.0000e+00
731 0.0000e+00 0.0000e+00 1.3612e-04 6.4330e-07 1.3612e-04 2.4650e-01 0.0000e+00
732 0.0000e+00 0.0000e+00 1.3554e-04 5.8177e-07 1.3554e-04 2.4664e-01 0.0000e+00
733 0.0000e+00 0.0000e+00 1.3497e-04 5.2629e-07 1.3497e-04 2.4677e-01 0.0000e+00
734 0.0000e+00 0.0000e+00 1.3441e-04 4.7624e-07 1.3441e-04 2.4691e-01 0.0000e+00
735 0.0000e+00 0.0000e+00 1.3384e-04 4.3109e-07 1.3384e-04 2.4704e-01 0.0000e+00
736 0.0000e+00 0.0000e+00 1.3329e-04 3.9033e-07 1.3329e-04 2.4717e-01 0.0000e+00
737 0.0000e+00 0.0000e+00 1.3274e-04 3.5354e-07 1.3274e-04 2.4731e-01 0.0000e+00
738 0.0000e+00 0.0000e+00 1.3219e-04 3.1946e-07 1.3219e-04 2.4744e-01 0.0000e+00
739 0.0000e+00 0.0000e+00 1.3164e-04 2.8956e-07 1.3164e-04 2.4757e-01 0.0000e+00
740 0.0000e+00 0.0000e+00 1.3110e-04 2.6253e-07 1.3110e-04 2.4770e-01 0.0000e+00
741 0.0000e+00 7.4700e-05 1.3057e-04 2.3809e-07 1.3057e-04 2.4783e-01 0.0000e+00
742 0.0000e+00 1.4410e-04 1.3004e-04 2.1597e-07 1.3004e-04 2.4796e-01 0.0000e+00
743 0.0000e+00 2.0380e-04 1.2951e-04 1.9597e-07 1.2951e-04 2.4809e-01 0.0000e+00
744 0.0000e+00 2.4960e-04 1.2899e-04 1.7786e-07 1.2899e-04 2.4822e-01 0.0000e+00
745 0.0000e+00 2.7610e-04 1.2847e-04 1.6146e-07 1.2847e-04 2.4835e-01 0.0000e+00
746 0.0000e+00 2.8830e-04 1.2796e-04 1.4661e-07 1.2796e-04 2.4847e-01 0.0000e+00
747 0.0000e+00 2.7610e-04 1.2745e-04 1.3316e-07 1.2745e-04 2.4860e-01 0.0000e+00
748 0.0000e+00 2.4960e-04 1.2694e-04 1.1990e-07 1.2694e-04 2.4873e-01 0.0000e+00
749 0.0000e+00 2.0380e-04 1.2644e-04 1.0900e-07 1.2644e-04 2.4885e-01 0.0000e+00
750 0.0000e+00 1.4410e-04 1.2594e-04 9.9107e-08 1.2594e-04 2.4898e-01 0.0000e+00
751 0.0000e+00 6.9800e-05 1.2545e-04 9.0135e-08 1.2545e-04 2.4911e-01 0.0000e+00
752 0.0000e+00 0.0000e+00 1.2496e-04 8.1992e-08 1.2496e-04 2.4923e-01 0.0000e+00
753 0.0000e+00 0.0000e+00 1.2447e-04 7.4600e-08 1.2447e-04 2.4935e-01 0.0000e+00
754 0.0000e+00 0.0000e+00 1.2399e-04 6.7889e-08 1.2399e-04 2.4948e-01 0.0000e+00
755 0.0000e+00 0.0000e+00 1.2351e-04 6.1793e-08 1.2351e-04 2.4960e-01 0.0000e+00
756 0.0000e+00 0.0000e+00 1.2303e-04 5.6257e-08 1.2303e-04 2.4972e-01 0.0000e+00
757 0.0000e+00 0.0000e+00 1.2256e-04 5.1226e-08 1.2256e-04 2.4985e-01 0.0000e+00
758 0.0000e+00 0.0000e+00 1.2209e-04 4.6655e-08 1.2209e-04 2.4997e-01 0.0000e+00
759 0.0000e+00 0.0000e+00 1.2163e-04 4.1333e-08 1.2163e-04 2.5009e-01 0.0000e+00
760 0.0000e+00 0.0000e+00 1.2117e-04 3.7694e-08 1.2117e-04 2.5021e-01 0.0000e+00
761 0.0000e+00 0.0000e+00 1.2071e-04 3.4381e-08 1.2071e-04 2.5033e-01 0.0000e+00
762 0.0000e+00 0.0000e+00 1.2025e-04 3.1364e-08 1.2025e-04 2.5045e-01 0.0000e+00
763 0.0000e+00 0.0000e+00 1.1980e-04 2.8617e-08 1.1980e-04 2.5057e-01 0.0000e+00
764 0.0000e+00 0.0000e+00 1.1936e-04 2.6114e-08 1.1936e-04 2.5069e-01 0.0000e+00
765 0.0000e+00 9.6700e-05 1.1891e-04 2.3834e-08 1.1891e-04 2.5081e-01 0.0000e+00
766 0.0000e+00 1.8660e-04 1.1847e-04 2.1756e-08 1.1847e-04 2.5093e-01 0.0000e+00
767 0.0000e+00 2.6400e-04 1.1803e-04 1.9863e-08 1.1803e-04 2.5105e-01 0.0000e+00
768 0.0000e+00 3.2330e-04 1.1760e-04 1.8137e-08 1.1760e-04 2.5117e-01 0.0000e+00
769 0.0000e+00 3.5770e-04 1.1717e-04 1.5334e-08 1.1717e-04 2.5128e-01 0.0000e+00
770 0.0000e+00 3.7350e-04 1.1674e-04 1.4030e-08 1.1674e-04 2.5140e-01 0.0000e+00
771 0.0000e+00 3.5770e-04 1.1631e-04 1.2839e-08 1.1631e-04 2.5152e-01 0.0000e+00
772 0.0000e+00 3.2330e-04 1.1589e-04 1.1750e-08 1.1589e-04 2.5163e-01 0.0000e+00
773 0.0000e+00 2.6400e-04 1.1547e-04 1.0754e-08 1.1547e-04 2.5175e-01 0.0000e+00
774 0.0000e+00 1.8660e-04 1.1506e-04 9.8445e-09 1.1506e-04 2.5186e-01 0.0000e+00
775 0.0000e+00 9.0400e-05 1.1464e-04 9.0126e-09 1.1464e-04 2.5198e-01 0.0000e+00
776 0.0000e+00 0.0000e+00 1.1423e-04 8.2520e-09 1.1423e-04 2.5209e-01 0.0000e+00
777 0.0000e+00 0.0000e+00 1.1383e-04 7.5564e-09 1.1383e-04 2.5220e-01 0.0000e+00
778 0.0000e+00 0.0000e+00 1.1342e-04 6.9202e-09 1.1342e-04 2.5232e-01 0.0000e+00
779 0.0000e+00 0.0000e+00 1.1302e-04 6.3383e-09 1.1302e-04 2.5243e-01 0.0000e+00
780 0.0000e+00 0.0000e+00 1.1262e-04 4.8729e-09 1.1262e-04 2.5254e-01 0.0000e+00
781 0.0000e+00 0.0000e+00 1.1223e-04 4.4756e-09 1.1223e-04 2.5266e-01 0.0000e+00
782 0.0000e+00 0.0000e+00 1.1183e-04 4.1110e-09 1.1183e-04 2.5277e-01 0.0000e+00
783 0.0000e+00 0.0000e+00 1.1144e-04 3.7764e-09 1.1144e-04 2.5288e-01 0.0000e+00
784 0.0000e+00 0.0000e+00 1.1106e-04 3.4693e-09 1.1106e-04 2.5299e-01 0.0000e+00
785 0.0000e+00 0.0000e+00 1.1067e-04 3.1874e-09 1.1067e-04 2.5310e-01 0.0000e+00
786 0.0000e+00 0.0000e+00 1.1029e-04 2.9287e-09 1.1029e-04 2.5321e-01 0.0000e+00
787 0.0000e+00 0.0000e+00 1.0991e-04 2.6911e-09 1.0991e-04 2.5332e-01 0.0000e+00
788 0.0000e+00 0.0000e+00 1.0953e-04 2.4731e-09 1.0953e-04 2.5343e-01 0.0000e+00
789 0.0000e+00 1.2590e-04 1.0916e-04 2.2728e-09 1.0916e-04 2.5354e-01 0.0000e+00
790 0.0000e+00 2.4290e-04 1.0879e-04 2.0890e-09 1.0879e-04 2.5365e-01 0.0000e+00
791 0.0000e+00 3.4370e-04 1.0842e-04 1.3475e-09 1.0842e-04 2.5376e-01 0.0000e+00
792 0.0000e+00 4.2090e-04 1.0805e-04 1.2427e-09 1.0805e-04 2.5386e-01 0.0000e+00
793 0.0000e+00 4.6560e-04 1.0769e-04 1.1461e-09 1.0769e-04 2.5397e-01 0.0000e+00
794 0.0000e+00 4.8620e-04 1.0733e-04 1.0571e-09 1.0733e-04 2.5408e-01 0.0000e+00
795 0.0000e+00 4.6560e-04 1.0697e-04 9.7501e-10 1.0697e-04 2.5419e-01 0.0000e+00
796 0.0000e+00 4.2090e-04 1.0661e-04 8.9936e-10 1.0661e-04 2.5429e-01 0.0000e+00
797 0.0000e+00 3.4370e-04 1.0625e-04 8.2963e-10 1.0625e-04 2.5440e-01 0.0000e+00
798 0.0000e+00 2.4290e-04 1.0590e-04 7.6534e-10 1.0590e-04 2.5451e-01 0.0000e+00
799 0.0000e+00 1.1760e-04 1.0555e-04 7.0607e-10 1.0555e-04 2.5461e-01 0.0000e+00
800 0.0000e+00 0.0000e+00 1.0520e-04 6.5143e-10 1.0520e-04 2.5472e-01 0.0000e+00
801 0.0000e+00 0.0000e+00 1.0486e-04 6.0104e-10 1.0486e-04 2.5482e-01 0.0000e+00
802 0.0000e+00 0.0000e+00 1.0452e-04 2.7797e-10 1.0452e-04 2.5493e-01 0.0000e+00
803 0.0000e+00 0.0000e+00 1.0418e-04 2.5745e-10 1.0418e-04 2.5503e-01 0.0000e+00
804 0.0000e+00 0.0000e+00 1.0384e-04 2.3846e-10 1.0384e-04 2.5513e-01 0.0000e+00
805 0.0000e+00 0.0000e+00 1.0350e-04 2.2087e-10 1.0350e-04 2.5524e-01 0.0000e+00
806 0.0000e+00 0.0000e+00 1.0317e-04 2.0459e-10 1.0317e-04 2.5534e-01 0.0000e+00
807 0.0000e+00 0.0000e+00 1.0283e-04 1.8952e-10 1.0283e-04 2.5544e-01 0.0000e+00
808 0.0000e+00 0.0000e+00 1.0250e-04 1.7556e-10 1.0250e-04 2.5555e-01 0.0000e+00
809 0.0000e+00 0.0000e+00 1.0218e-04 1.6264e-10 1.0218e-04 2.5565e-01 0.0000e+00
810 0.0000e+00 0.0000e+00 1.0185e-04 1.5067e-10 1.0185e-04 2.5575e-01 0.0000e+00
811 0.0000e+00 0.0000e+00 1.0153e-04 1.3959e-10 1.0153e-04 2.5585e-01 0.0000e+00
812 0.0000e+00 0.0000e+00 1.0121e-04 1.2933e-10 1.0121e-04 2.5595e-01 0.0000e+00
813 0.0000e+00 3.0400e-05 1.0089e-04 3.1267e-11 1.0089e-04 2.5605e-01 0.0000e+00
814 0.0000e+00 5.8700e-05 1.0057e-04 2.9083e-11 1.0057e-04 2.5615e-01 0.0000e+00
815 0.0000e+00 8.3100e-05 1.0025e-04 2.7053e-11 1.0025e-04 2.5625e-01 0.0000e+00
816 0.0000e+00 1.0180e-04 9.9939e-05 2.5165e-11 9.9939e-05 2.5635e-01 0.0000e+00
817 0.0000e+00 1.1260e-04 9.9628e-05 2.3409e-11 9.9628e-05 2.5645e-01 0.0000e+00
818 0.0000e+00 1.1760e-04 9.9318e-05 2.1777e-11 9.9318e-05 2.5655e-01 0.0000e+00
819 0.0000e+00 1.1260e-04 9.9010e-05 2.0259e-11 9.9010e-05 2.5665e-01 0.0000e+00
820 0.0000e+00 1.0180e-04 9.8704e-05 1.8847e-11 9.8704e-05 2.5675e-01 0.0000e+00
821 0.0000e+00 8.3100e-05 9.8400e-05 1.7534e-11 9.8400e-05 2.5685e-01 0.0000e+00
822 0.0000e+00 5.8700e-05 9.8098e-05 1.6313e-11 9.8098e-05 2.5695e-01 0.0000e+00
823 0.0000e+00 2.8400e-05 9.7798e-05 1.5177e-11 9.7798e-05 2.5704e-01 0.0000e+00
824 0.0000e+00 0.0000e+00 9.7500e-05 0.0000e+00 9.7500e-05 2.5714e-01 0.0000e+00
825 0.0000e+00 0.0000e+00 9.7203e-05 0.0000e+00 9.7203e-05 2.5724e-01 0.0000e+00
826 0.0000e+00 0.0000e+00 9.6908e-05 0.0000e+00 9.6908e-05 2.5734e-01 0.0000e+00
827 0.0000e+00 0.0000e+00 9.6615e-05 0.0000e+00 9.6615e-05 2.5743e-01 0.0000e+00
828 0.0000e+00 0.0000e+00 9.6324e-05 0.0000e+00 9.6324e-05 2.5753e-01 0.0000e+00
829 0.0000e+00 0.0000e+00 9.6034e-05 0.0000e+00 9.6034e-05 2.5763e-01 0.0000e+00
830 0.0000e+00 0.0000e+00 9.5747e-05 0.0000e+00 9.5747e-05 2.5772e-01 0.0000e+00
831 0.0000e+00 0.0000e+00 9.5461e-05 0.0000e+00 9.5461e-05 2.5782e-01 0.0000e+00
832 0.0000e+00 0.0000e+00 9.5176e-05 0.0000e+00 9.5176e-05 2.5791e-01 0.0000e+00
833 0.0000e+00 0.0000e+00 9.4894e-05 0.0000e+00 9.4894e-05 2.5801e-01 0.0000e+00
834 0.0000e+00 0.0000e+00 9.4613e-05 0.0000e+00 9.4613e-05 2.5810e-01 0.0000e+00
835 0.0000e+00 0.0000e+00 9.4333e-05 0.0000e+00 9.4333e-05 2.5820e-01 0.0000e+00
836 0.0000e+00 0.0000e+00 9.4056e-05 0.0000e+00 9.4056e-05 2.5829e-01 0.0000e+00
837 0.0000e+00 6.6100e-05 9.3780e-05 0.0000e+00 9.3780e-05 2.5838e-01 0.0000e+00
838 0.0000e+00 1.2750e-04 9.3505e-05 0.0000e+00 9.3505e-05 2.5848e-01 0.0000e+00
839 0.0000e+00 1.8040e-04 9.3232e-05 0.0000e+00 9.3232e-05 2.5857e-01 0.0000e+00
840 0.0000e+00 2.2090e-04 9.2961e-05 0.0000e+00 9.2961e-05 2.5866e-01 0.0000e+00
841 0.0000e+00 2.4430e-04 9.2691e-05 0.0000e+00 9.2691e-05 2.5876e-01 0.0000e+00
842 0.0000e+00 2.5510e-04 9.2423e-05 0.0000e+00 9.2423e-05 2.5885e-01 0.0000e+00
843 0.0000e+00 2.4430e-04 9.2157e-05 0.0000e+00 9.2157e-05 2.5894e-01 0.0000e+00
844 0.0000e+00 2.2090e-04 9.1892e-05 0.0000e+00 9.1892e-05 2.5903e-01 0.0000e+00
845 0.0000e+00 1.8040e-04 9.1628e-05 0.0000e+00 9.1628e-05 2.5912e-01 0.0000e+00
846 0.0000e+00 1.2750e-04 9.1366e-05 0.0000e+00 9.1366e-05 2.5922e-01 0.0000e+00
847 0.0000e+00 6.1700e-05 9.1106e-05 0.0000e+00 9.1106e-05 2.5931e-01 0.0000e+00
848 0.0000e+00 0.0000e+00 9.0847e-05 0.0000e+00 9.0847e-05 2.5940e-01 0.0000e+00
849 0.0000e+00 0.0000e+00 9.0589e-05 0.0000e+00 9.0589e-05 2.5949e-01 0.0000e+00
850 0.0000e+00 0.0000e+00 9.0333e-05 0.0000e+00 9.0333e-05 2.5958e-01 0.0000e+00
851 0.0000e+00 0.0000e+00 9.0078e-05 0.0000e+00 9.0078e-05 2.5967e-01 0.0000e+00
852 0.0000e+00 0.0000e+00 8.9825e-05 0.0000e+00 8.9825e-05 2.5976e-01 0.0000e+00
853 0.0000e+00 0.0000e+00 8.9573e-05 0.0000e+00 8.9573e-05 2.5985e-01 0.0000e+00
854 0.0000e+00 0.0000e+00 8.9323e-05 0.0000e+00 8.9323e-05 2.5994e-01 0.0000e+00
855 0.0000e+00 0.0000e+00 8.9074e-05 0.0000e+00 8.9074e-05 2.6003e-01 0.0000e+00
856 0.0000e+00 0.0000e+00 8.8826e-05 0.0000e+00 8.8826e-05 2.6011e-01 0.0000e+00
857 0.0000e+00 0.0000e+00 8.8580e-05 0.0000e+00 8.8580e-05 2.6020e-01 0.0000e+00
858 0.0000e+00 0.0000e+00 8.8335e-05 0.0000e+00 8.8335e-05 2.6029e-01 0.0000e+00
859 0.0000e+00 0.0000e+00 8.8092e-05 0.0000e+00 8.8092e-05 2.6038e-01 0.0000e+00
860 0.0000e+00 0.0000e+00 8.7850e-05 0.0000e+00 8.7850e-05 2.6047e-01 0.0000e+00
861 0.0000e+00 9.7600e-05 8.7609e-05 0.0000e+00 8.7609e-05 2.6056e-01 0.0000e+00
862 0.0000e+00 1.8830e-04 8.7369e-05 0.0000e+00 8.7369e-05 2.6064e-01 0.0000e+00
863 0.0000e+00 2.6650e-04 8.7131e-05 0.0000e+00 8.7131e-05 2.6073e-01 0.0000e+00
864 0.0000e+00 3.2630e-04 8.6894e-05 0.0000e+00 8.6894e-05 2.6082e-01 0.0000e+00
865 0.0000e+00 3.6100e-04 8.6659e-05 0.0000e+00 8.6659e-05 2.6090e-01 0.0000e+00
866 0.0000e+00 3.7690e-04 8.6424e-05 0.0000e+00 8.6424e-05 2.6099e-01 0.0000e+00
867 0.0000e+00 3.6100e-04 8.6191e-05 0.0000e+00 8.6191e-05 2.6108e-01 0.0000e+00
868 0.0000e+00 3.2630e-04 8.5959e-05 0.0000e+00 8.5959e-05 2.6116e-01 0.0000e+00
869 0.0000e+00 2.6650e-04 8.5729e-05 0.0000e+00 8.5729e-05 2.6125e-01 0.0000e+00
870 0.0000e+00 1.8830e-04 8.5499e-05 0.0000e+00 8.5499e-05 2.6133e-01 0.0000e+00
871 0.0000e+00 9.1200e-05 8.5271e-05 0.0000e+00 8.5271e-05 2.6142e-01 0.0000e+00
872 0.0000e+00 0.0000e+00 8.5044e-05 0.0000e+00 8.5044e-05 2.6150e-01 0.0000e+00
873 0.0000e+00 0.0000e+00 8.4819e-05 0.0000e+00 8.4819e-05 2.6159e-01 0.0000e+00
874 0.0000e+00 0.0000e+00 8.4594e-05 0.0000e+00 8.4594e-05 2.6167e-01 0.0000e+00
875 0.0000e+00 0.0000e+00 8.4371e-05 0.0000e+00 8.4371e-05 2.6176e-01 0.0000e+00
876 0.0000e+00 0.0000e+00 8.4149e-05 0.0000e+00 8.4149e-05 2.6184e-01 0.0000e+00
877 0.0000e+00 0.0000e+00 8.3928e-05 0.0000e+00 8.3928e-05 2.6193e-01 0.0000e+00
878 0.0000e+00 0.0000e+00 8.3708e-05 0.0000e+00 8.3708e-05 2.6201e-01 0.0000e+00
879 0.0000e+00 0.0000e+00 8.3489e-05 0.0000e+00 8.3489e-05 2.6209e-01 0.0000e+00
880 0.0000e+00 0.0000e+00 8.3271e-05 0.0000e+00 8.3271e-05 2.6218e-01 0.0000e+00
881 0.0000e+00 0.0000e+00 8.3055e-05 0.0000e+00 8.3055e-05 2.6226e-01 0.0000e+00
882 0.0000e+00 0.0000e+00 8.2840e-05 0.0000e+00 8.2840e-05 2.6234e-01 0.0000e+00
883 0.0000e+00 0.0000e+00 8.2626e-05 0.0000e+00 8.2626e-05 2.6242e-01 0.0000e+00
884 0.0000e+00 0.0000e+00 8.2413e-05 0.0000e+00 8.2413e-05 2.6251e-01 0.0000e+00
885 0.0000e+00 6.4300e-05 8.2201e-05 0.0000e+00 8.2201e-05 2.6259e-01 0.0000e+00
886 0.0000e+00 1.2410e-04 8.1990e-05 0.0000e+00 8.1990e-05 2.6267e-01 0.0000e+00
887 0.0000e+00 1.7560e-04 8.1780e-05 0.0000e+00 8.1780e-05 2.6275e-01 0.0000e+00
888 0.0000e+00 2.1500e-04 8.1571e-05 0.0000e+00 8.1571e-05 2.6283e-01 0.0000e+00
889 0.0000e+00 2.3790e-04 8.1363e-05 0.0000e+00 8.1363e-05 2.6292e-01 0.0000e+00
890 0.0000e+00 2.4840e-04 8.1157e-05 0.0000e+00 8.1157e-05 2.6300e-01 0.0000e+00
891 0.0000e+00 2.3790e-04 8.0951e-05 0.0000e+00 8.0951e-05 2.6308e-01 0.0000e+00
892 0.0000e+00 2.1500e-04 8.0747e-05 0.0000e+00 8.0747e-05 2.6316e-01 0.0000e+00
893 0.0000e+00 1.7560e-04 8.0543e-05 0.0000e+00 8.0543e-05 2.6324e-01 0.0000e+00
894 0.0000e+00 1.2410e-04 8.0341e-05 0.0000e+00 8.0341e-05 2.6332e-01 0.0000e+00
895 0.0000e+00 6.0100e-05 8.0139e-05 0.0000e+00 8.0139e-05 2.6340e-01 0.0000e+00
896 0.0000e+00 0.0000e+00 7.9939e-05 0.0000e+00 7.9939e-05 2.6348e-01 0.0000e+00
897 0.0000e+00 0.0000e+00 7.9739e-05 0.0000e+00 7.9739e-05 2.6356e-01 0.0000e+00
898 0.0000e+00 0.0000e+00 7.9541e-05 0.0000e+00 7.9541e-05 2.6364e-01 0.0000e+00
899 0.0000e+00 0.0000e+00 7.9344e-05 0.0000e+00 7.9344e-05 2.6372e-01 0.0000e+00
900 0.0000e+00 0.0000e+00 7.9147e-05 0.0000e+00 7.9147e-05 2.6380e-01 0.0000e+00
901 0.0000e+00 0.0000e+00 7.8952e-05 0.0000e+00 7.8952e-05 2.6388e-01 0.0000e+00
902 0.0000e+00 0.0000e+00 7.8757e-05 0.0000e+00 7.8757e-05 2.6396e-01 0.0000e+00
903 0.0000e+00 0.0000e+00 7.8563e-05 0.0000e+00 7.8563e-05 2.6403e-01 0.0000e+00
904 0.0000e+00 0.0000e+00 7.8371e-05 0.0000e+00 7.8371e-05 2.6411e-01 0.0000e+00
905 0.0000e+00 0.0000e+00 7.8179e-05 0.0000e+00 7.8179e-05 2.6419e-01 0.0000e+00
906 0.0000e+00 0.0000e+00 7.7988e-05 0.0000e+00 7.7988e-05 2.6427e-01 0.0000e+00
907 0.0000e+00 0.0000e+00 7.7798e-05 0.0000e+00 7.7798e-05 2.6435e-01 0.0000e+00
908 0.0000e+00 0.0000e+00 7.7610e-05 0.0000e+00 7.7610e-05 2.6442e-01 0.0000e+00
909 0.0000e+00 8.0200e-05 7.7422e-05 0.0000e+00 7.7422e-05 2.6450e-01 0.0000e+00
910 0.0000e+00 1.5480e-04 7.7234e-05 0.0000e+00 7.7234e-05 2.6458e-01 0.0000e+00
911 0.0000e+00 2.1910e-04 7.7048e-05 0.0000e+00 7.7048e-05 2.6466e-01 0.0000e+00
912 0.0000e+00 2.6830e-04 7.6863e-05 0.0000e+00 7.6863e-05 2.6473e-01 0.0000e+00
913 0.0000e+00 2.9680e-04 7.6679e-05 0.0000e+00 7.6679e-05 2.6481e-01 0.0000e+00
914 0.0000e+00 3.0990e-04 7.6495e-05 0.0000e+00 7.6495e-05 2.6489e-01 0.0000e+00
915 0.0000e+00 2.9680e-04 7.6312e-05 0.0000e+00 7.6312e-05 2.6496e-01 0.0000e+00
916 0.0000e+00 2.6830e-04 7.6131e-05 0.0000e+00 7.6131e-05 2.6504e-01 0.0000e+00
917 0.0000e+00 2.1910e-04 7.5950e-05 0.0000e+00 7.5950e-05 2.6511e-01 0.0000e+00
918 0.0000e+00 1.5480e-04 7.5770e-05 0.0000e+00 7.5770e-05 2.6519e-01 0.0000e+00
919 0.0000e+00 7.5000e-05 7.5590e-05 0.0000e+00 7.5590e-05 2.6527e-01 0.0000e+00
920 0.0000e+00 0.0000e+00 7.5412e-05 0.0000e+00 7.5412e-05 2.6534e-01 0.0000e+00
921 0.0000e+00 0.0000e+00 7.5235e-05 0.0000e+00 7.5235e-05 2.6542e-01 0.0000e+00
922 0.0000e+00 0.0000e+00 7.5058e-05 0.0000e+00 7.5058e-05 2.6549e-01 0.0000e+00
923 0.0000e+00 0.0000e+00 7.4882e-05 0.0000e+00 7.4882e-05 2.6557e-01 0.0000e+00
924 0.0000e+00 0.0000e+00 7.4707e-05 0.0000e+00 7.4707e-05 2.6564e-01 0.0000e+00
925 0.0000e+00 0.0000e+00 7.4533e-05 0.0000e+00 7.4533e-05 2.6571e-01 0.0000e+00
926 0.0000e+00 0.0000e+00 7.4359e-05 0.0000e+00 7.4359e-05 2.6579e-01 0.0000e+00
927 0.0000e+00 0.0000e+00 7.4187e-05 0.0000e+00 7.4187e-05 2.6586e-01 0.0000e+00
928 0.0000e+00 0.0000e+00 7.4015e-05 0.0000e+00 7.4015e-05 2.6594e-01 0.0000e+00
929 0.0000e+00 0.0000e+00 7.3844e-05 0.0000e+00 7.3844e-05 2.6601e-01 0.0000e+00
930 0.0000e+00 0.0000e+00 7.3674e-05 0.0000e+00 7.3674e-05 2.6608e-01 0.0000e+00
931 0.0000e+00 0.0000e+00 7.3504e-05 0.0000e+00 7.3504e-05 2.6616e-01 0.0000e+00
932 0.0000e+00 0.0000e+00 7.3336e-05 0.0000e+00 7.3336e-05 2.6623e-01 0.0000e+00
933 0.0000e+00 9.6000e-05 7.3168e-05 0.0000e+00 7.3168e-05 2.6630e-01 0.0000e+00
934 0.0000e+00 1.8520e-04 7.3001e-05 0.0000e+00 7.3001e-05 2.6638e-01 0.0000e+00
935 0.0000e+00 2.6210e-04 7.2834e-05 0.0000e+00 7.2834e-05 2.6645e-01 0.0000e+00
936 0.0000e+00 3.2090e-04 7.2669e-05 0.0000e+00 7.2669e-05 2.6652e-01 0.0000e+00
937 0.0000e+00 3.5500e-04 7.2504e-05 0.0000e+00 7.2504e-05 2.6660e-01 0.0000e+00
938 0.0000e+00 3.7070e-04 7.2340e-05 0.0000e+00 7.2340e-05 2.6667e-01 0.0000e+00
939 0.0000e+00 3.5500e-04 7.2177e-05 0.0000e+00 7.2177e-05 2.6674e-01 0.0000e+00
940 0.0000e+00 3.2090e-04 7.2014e-05 0.0000e+00 7.2014e-05 2.6681e-01 0.0000e+00
941 0.0000e+00 2.6210e-04 7.1852e-05 0.0000e+00 7.1852e-05 2.6688e-01 0.0000e+00
942 0.0000e+00 1.8520e-04 7.1691e-05 0.0000e+00 7.1691e-05 2.6696e-01 0.0000e+00
943 0.0000e+00 8.9700e-05 7.1531e-05 0.0000e+00 7.1531e-05 2.6703e-01 0.0000e+00
944 0.0000e+00 0.0000e+00 7.1371e-05 0.0000e+00 7.1371e-05 2.6710e-01 0.0000e+00
945 0.0000e+00 0.0000e+00 7.1212e-05 0.0000e+00 7.1212e-05 2.6717e-01 0.0000e+00
946 0.0000e+00 0.0000e+00 7.1054e-05 0.0000e+00 7.1054e-05 2.6724e-01 0.0000e+00
947 0.0000e+00 0.0000e+00 7.0896e-05 0.0000e+00 7.0896e-05 2.6731e-01 0.0000e+00
948 0.0000e+00 0.0000e+00 7.0739e-05 0.0000e+00 7.0739e-05 2.6738e-01 0.0000e+00
949 0.0000e+00 0.0000e+00 7.0583e-05 0.0000e+00 7.0583e-05 2.6745e-01 0.0000e+00
950 0.0000e+00 0.0000e+00 7.0427e-05 0.0000e+00 7.0427e-05 2.6752e-01 0.0000e+00
Objective function values:
F1 6.376399e-06    NSE -0.09612   F2 6.279008e-02
Mean Obs Q 1.590065e-04   Variance Obs Q 6.123405e-09
    Error Variance 6.711999e-09

Water Balance for Subcatchment: Extracted study basin: Taegu Pyungkwang River

   SUMP       SUMAE      SUMQ       SUMRZ      SUMUZ      SBAR        BAL
1.890e-01  3.970e-02  8.865e-02  1.681e-02  0.000e+00  2.675e-01  5.108e-02
