Taegu Pyungkwang River Catchment: Calibration Data

Subcatchment : Extracted study basin: cat-10029

TL =     8.49
SUMAC =     1.00
SZQ =       0.03039
Subcatchment routing data:
Maximum Routing Delay       0.69444
Sum of Histogram ordinates:     1.0000
     1.00000 
Initial BAL             -0.22061
Initial SBAR             0.21861
Initial SR0              0.00200
it      p        ep       q(it)       quz      q       sbar       qof
1 0.0000e+00 6.1900e-05 3.2800e-05 0.0000e+00 3.2800e-05 2.1864e-01 0.0000e+00
2 0.0000e+00 6.4700e-05 3.2766e-05 0.0000e+00 3.2766e-05 2.1867e-01 0.0000e+00
3 1.0000e-03 6.1900e-05 3.2733e-05 0.0000e+00 3.2733e-05 2.1870e-01 0.0000e+00
4 1.0000e-03 5.6000e-05 3.2699e-05 0.0000e+00 3.2699e-05 2.1874e-01 0.0000e+00
5 1.0000e-03 4.5700e-05 4.3760e-05 7.8448e-05 3.2666e-05 2.1869e-01 1.1094e-05
6 5.0000e-04 3.2300e-05 3.9325e-05 1.1196e-04 3.2713e-05 2.1861e-01 6.6123e-06
7 5.0000e-04 1.5600e-05 3.9601e-05 1.4434e-04 3.2794e-05 2.1850e-01 6.8074e-06
8 0.0000e+00 0.0000e+00 3.2908e-05 1.2509e-04 3.2908e-05 2.1841e-01 0.0000e+00
9 5.0000e-04 0.0000e+00 4.0054e-05 1.6095e-04 3.3003e-05 2.1828e-01 7.0504e-06
10 5.0000e-04 0.0000e+00 4.0413e-05 1.9225e-04 3.3136e-05 2.1812e-01 7.2775e-06
11 0.0000e+00 0.0000e+00 3.3301e-05 1.6823e-04 3.3301e-05 2.1799e-01 0.0000e+00
12 0.0000e+00 0.0000e+00 3.3441e-05 1.4997e-04 3.3441e-05 2.1787e-01 0.0000e+00
13 1.0000e-03 0.0000e+00 4.8118e-05 2.3789e-04 3.3563e-05 2.1767e-01 1.4555e-05
14 5.0000e-04 0.0000e+00 4.1056e-05 2.5853e-04 3.3778e-05 2.1744e-01 7.2775e-06
15 5.0000e-04 0.0000e+00 4.1294e-05 2.7923e-04 3.4017e-05 2.1720e-01 7.2775e-06
16 1.0000e-03 0.0000e+00 4.8833e-05 3.5010e-04 3.4278e-05 2.1688e-01 1.4555e-05
17 0.0000e+00 0.0000e+00 3.4618e-05 3.0629e-04 3.4618e-05 2.1661e-01 0.0000e+00
18 0.0000e+00 0.0000e+00 3.4913e-05 2.7333e-04 3.4913e-05 2.1637e-01 0.0000e+00
19 0.0000e+00 0.0000e+00 3.5174e-05 2.4510e-04 3.5174e-05 2.1616e-01 0.0000e+00
20 0.0000e+00 0.0000e+00 3.5406e-05 2.2041e-04 3.5406e-05 2.1597e-01 0.0000e+00
21 0.0000e+00 1.8000e-05 3.5611e-05 1.9860e-04 3.5611e-05 2.1581e-01 0.0000e+00
22 0.0000e+00 3.4800e-05 3.5793e-05 1.7921e-04 3.5793e-05 2.1567e-01 0.0000e+00
23 0.0000e+00 4.9200e-05 3.5954e-05 1.6191e-04 3.5954e-05 2.1554e-01 0.0000e+00
24 3.0000e-03 6.0200e-05 7.8277e-05 4.5144e-04 3.6096e-05 2.1513e-01 4.2181e-05
25 2.0000e-03 6.6600e-05 6.4801e-05 5.8896e-04 3.6567e-05 2.1457e-01 2.8234e-05
26 5.5000e-03 6.9600e-05 1.1698e-04 1.0828e-03 3.7204e-05 2.1353e-01 7.9772e-05
27 6.0000e-03 6.6600e-05 1.3122e-04 1.5548e-03 3.8440e-05 2.1201e-01 9.2780e-05
28 1.0000e-03 6.0200e-05 5.3891e-05 1.4503e-03 4.0305e-05 2.1060e-01 1.3586e-05
29 2.5000e-03 4.9200e-05 8.3697e-05 1.5431e-03 4.2121e-05 2.0910e-01 4.1577e-05
30 0.0000e+00 3.4800e-05 4.4143e-05 1.3644e-03 4.4143e-05 2.0778e-01 0.0000e+00
31 0.0000e+00 1.6800e-05 4.6003e-05 1.2205e-03 4.6003e-05 2.0661e-01 0.0000e+00
32 1.0000e-03 0.0000e+00 6.3862e-05 1.1924e-03 4.7723e-05 2.0546e-01 1.6139e-05
33 5.0000e-04 0.0000e+00 5.8434e-05 1.1191e-03 4.9461e-05 2.0439e-01 8.9735e-06
34 0.0000e+00 0.0000e+00 5.1142e-05 1.0009e-03 5.1142e-05 2.0344e-01 0.0000e+00
35 0.0000e+00 0.0000e+00 5.2682e-05 8.9875e-04 5.2682e-05 2.0260e-01 0.0000e+00
36 0.0000e+00 0.0000e+00 5.4094e-05 8.0801e-04 5.4094e-05 2.0184e-01 0.0000e+00
37 0.0000e+00 0.0000e+00 5.5383e-05 7.2705e-04 5.5383e-05 2.0117e-01 0.0000e+00
38 0.0000e+00 0.0000e+00 5.6558e-05 6.5462e-04 5.6558e-05 2.0057e-01 0.0000e+00
39 0.0000e+00 0.0000e+00 5.7625e-05 5.8971e-04 5.7625e-05 2.0004e-01 0.0000e+00
40 0.0000e+00 0.0000e+00 5.8591e-05 5.3148e-04 5.8591e-05 1.9957e-01 0.0000e+00
41 0.0000e+00 0.0000e+00 5.9464e-05 4.7920e-04 5.9464e-05 1.9915e-01 0.0000e+00
42 0.0000e+00 0.0000e+00 6.0249e-05 4.3222e-04 6.0249e-05 1.9878e-01 0.0000e+00
43 0.0000e+00 0.0000e+00 6.0953e-05 3.8999e-04 6.0953e-05 1.9845e-01 0.0000e+00
44 0.0000e+00 0.0000e+00 6.1583e-05 3.5202e-04 6.1583e-05 1.9816e-01 0.0000e+00
45 0.0000e+00 3.3800e-05 6.2145e-05 3.1784e-04 6.2145e-05 1.9790e-01 0.0000e+00
46 1.0000e-03 6.5200e-05 7.9984e-05 3.9887e-04 6.2643e-05 1.9757e-01 1.7340e-05
47 0.0000e+00 9.2300e-05 6.3305e-05 3.4932e-04 6.3305e-05 1.9728e-01 0.0000e+00
48 5.0000e-04 1.1300e-04 7.0022e-05 3.5219e-04 6.3873e-05 1.9699e-01 6.1490e-06
49 0.0000e+00 1.2500e-04 6.4451e-05 3.1230e-04 6.4451e-05 1.9674e-01 0.0000e+00
50 1.0000e-03 1.3050e-04 7.8633e-05 3.6875e-04 6.4952e-05 1.9644e-01 1.3681e-05
51 2.5000e-03 1.2500e-04 1.0810e-04 5.9976e-04 6.5572e-05 1.9590e-01 4.2525e-05
52 3.0000e-03 1.1300e-04 1.1827e-04 8.4766e-04 6.6676e-05 1.9512e-01 5.1598e-05
53 2.5000e-03 9.2300e-05 1.1116e-04 1.0031e-03 6.8323e-05 1.9419e-01 4.2839e-05
54 3.0000e-03 6.5200e-05 1.2253e-04 1.2072e-03 7.0348e-05 1.9305e-01 5.2184e-05
55 2.5000e-03 3.1600e-05 1.1659e-04 1.3287e-03 7.2892e-05 1.9180e-01 4.3697e-05
56 2.0000e-03 0.0000e+00 1.1114e-04 1.3859e-03 7.5810e-05 1.9049e-01 3.5327e-05
57 1.0000e-03 0.0000e+00 9.7196e-05 1.3243e-03 7.8978e-05 1.8924e-01 1.8218e-05
58 1.0000e-03 0.0000e+00 1.0581e-04 1.2785e-03 8.2112e-05 1.8804e-01 2.3694e-05
59 0.0000e+00 0.0000e+00 8.5240e-05 1.1241e-03 8.5240e-05 1.8701e-01 0.0000e+00
60 5.0000e-04 0.0000e+00 9.9900e-05 1.0577e-03 8.8053e-05 1.8604e-01 1.1847e-05
61 5.0000e-04 0.0000e+00 1.0261e-04 9.9596e-04 9.0762e-05 1.8513e-01 1.1847e-05
62 0.0000e+00 0.0000e+00 9.3366e-05 8.8010e-04 9.3366e-05 1.8434e-01 0.0000e+00
63 0.0000e+00 0.0000e+00 9.5690e-05 7.8236e-04 9.5690e-05 1.8366e-01 0.0000e+00
64 0.0000e+00 0.0000e+00 9.7765e-05 6.9649e-04 9.7765e-05 1.8306e-01 0.0000e+00
65 0.0000e+00 0.0000e+00 9.9612e-05 6.2073e-04 9.9612e-05 1.8254e-01 0.0000e+00
66 0.0000e+00 0.0000e+00 1.0125e-04 5.5370e-04 1.0125e-04 1.8209e-01 0.0000e+00
67 0.0000e+00 0.0000e+00 1.0269e-04 4.9426e-04 1.0269e-04 1.8169e-01 0.0000e+00
68 0.0000e+00 0.0000e+00 1.0395e-04 4.4149e-04 1.0395e-04 1.8136e-01 0.0000e+00
69 0.0000e+00 4.1400e-05 1.0506e-04 3.9459e-04 1.0506e-04 1.8107e-01 0.0000e+00
70 0.0000e+00 7.9800e-05 1.0601e-04 3.5287e-04 1.0601e-04 1.8082e-01 0.0000e+00
71 0.0000e+00 1.1290e-04 1.0683e-04 3.1573e-04 1.0683e-04 1.8061e-01 0.0000e+00
72 0.0000e+00 1.3830e-04 1.0753e-04 2.8264e-04 1.0753e-04 1.8044e-01 0.0000e+00
73 0.0000e+00 1.5300e-04 1.0812e-04 2.5315e-04 1.0812e-04 1.8029e-01 0.0000e+00
74 0.0000e+00 1.5980e-04 1.0861e-04 2.2685e-04 1.0861e-04 1.8017e-01 0.0000e+00
75 0.0000e+00 1.5300e-04 1.0901e-04 2.0337e-04 1.0901e-04 1.8008e-01 0.0000e+00
76 0.0000e+00 1.3830e-04 1.0934e-04 1.8241e-04 1.0934e-04 1.8001e-01 0.0000e+00
77 0.0000e+00 1.1290e-04 1.0959e-04 1.6369e-04 1.0959e-04 1.7995e-01 0.0000e+00
78 0.0000e+00 7.9800e-05 1.0977e-04 1.4696e-04 1.0977e-04 1.7991e-01 0.0000e+00
79 0.0000e+00 3.8700e-05 1.0990e-04 1.3199e-04 1.0990e-04 1.7989e-01 0.0000e+00
80 0.0000e+00 0.0000e+00 1.0997e-04 1.1860e-04 1.0997e-04 1.7988e-01 0.0000e+00
81 0.0000e+00 0.0000e+00 1.1000e-04 1.0662e-04 1.1000e-04 1.7989e-01 0.0000e+00
82 0.0000e+00 0.0000e+00 1.0999e-04 9.5887e-05 1.0999e-04 1.7990e-01 0.0000e+00
83 0.0000e+00 0.0000e+00 1.0994e-04 8.6270e-05 1.0994e-04 1.7992e-01 0.0000e+00
84 0.0000e+00 0.0000e+00 1.0986e-04 7.7650e-05 1.0986e-04 1.7996e-01 0.0000e+00
85 0.0000e+00 0.0000e+00 1.0975e-04 6.9919e-05 1.0975e-04 1.8000e-01 0.0000e+00
86 0.0000e+00 0.0000e+00 1.0962e-04 6.2983e-05 1.0962e-04 1.8004e-01 0.0000e+00
87 0.0000e+00 0.0000e+00 1.0946e-04 5.6757e-05 1.0946e-04 1.8010e-01 0.0000e+00
88 0.0000e+00 0.0000e+00 1.0928e-04 5.1166e-05 1.0928e-04 1.8015e-01 0.0000e+00
89 0.0000e+00 0.0000e+00 1.0908e-04 4.6142e-05 1.0908e-04 1.8022e-01 0.0000e+00
90 0.0000e+00 0.0000e+00 1.0886e-04 4.1627e-05 1.0886e-04 1.8028e-01 0.0000e+00
91 0.0000e+00 0.0000e+00 1.0864e-04 3.7568e-05 1.0864e-04 1.8036e-01 0.0000e+00
92 0.0000e+00 0.0000e+00 1.0839e-04 3.3916e-05 1.0839e-04 1.8043e-01 0.0000e+00
93 0.0000e+00 1.9100e-05 1.0814e-04 3.0630e-05 1.0814e-04 1.8051e-01 0.0000e+00
94 0.0000e+00 3.6800e-05 1.0788e-04 2.7671e-05 1.0788e-04 1.8059e-01 0.0000e+00
95 0.0000e+00 5.2100e-05 1.0761e-04 2.5006e-05 1.0761e-04 1.8067e-01 0.0000e+00
96 0.0000e+00 6.3800e-05 1.0733e-04 2.2606e-05 1.0733e-04 1.8075e-01 0.0000e+00
97 5.0000e-04 7.0600e-05 1.0705e-04 2.0443e-05 1.0705e-04 1.8084e-01 0.0000e+00
98 5.0000e-04 7.3700e-05 1.0676e-04 1.8492e-05 1.0676e-04 1.8093e-01 0.0000e+00
99 0.0000e+00 7.0600e-05 1.0647e-04 1.6733e-05 1.0647e-04 1.8102e-01 0.0000e+00
100 0.0000e+00 6.3800e-05 1.0617e-04 1.5145e-05 1.0617e-04 1.8111e-01 0.0000e+00
101 0.0000e+00 5.2100e-05 1.0587e-04 1.3713e-05 1.0587e-04 1.8120e-01 0.0000e+00
102 0.0000e+00 3.6800e-05 1.0556e-04 1.2419e-05 1.0556e-04 1.8130e-01 0.0000e+00
103 0.0000e+00 1.7800e-05 1.0526e-04 1.1251e-05 1.0526e-04 1.8139e-01 0.0000e+00
104 0.0000e+00 0.0000e+00 1.0495e-04 1.0195e-05 1.0495e-04 1.8148e-01 0.0000e+00
105 0.0000e+00 0.0000e+00 1.0464e-04 9.2414e-06 1.0464e-04 1.8158e-01 0.0000e+00
106 0.0000e+00 0.0000e+00 1.0432e-04 8.3790e-06 1.0432e-04 1.8168e-01 0.0000e+00
107 0.0000e+00 0.0000e+00 1.0401e-04 7.5986e-06 1.0401e-04 1.8177e-01 0.0000e+00
108 0.0000e+00 0.0000e+00 1.0370e-04 6.8932e-06 1.0370e-04 1.8187e-01 0.0000e+00
109 0.0000e+00 0.0000e+00 1.0339e-04 6.2549e-06 1.0339e-04 1.8197e-01 0.0000e+00
110 0.0000e+00 0.0000e+00 1.0307e-04 5.6771e-06 1.0307e-04 1.8206e-01 0.0000e+00
111 5.0000e-04 0.0000e+00 1.0276e-04 5.1540e-06 1.0276e-04 1.8216e-01 0.0000e+00
112 0.0000e+00 0.0000e+00 1.0245e-04 4.6802e-06 1.0245e-04 1.8226e-01 0.0000e+00
113 0.0000e+00 0.0000e+00 1.0213e-04 4.2510e-06 1.0213e-04 1.8236e-01 0.0000e+00
114 0.0000e+00 0.0000e+00 1.0182e-04 3.8621e-06 1.0182e-04 1.8245e-01 0.0000e+00
115 0.0000e+00 0.0000e+00 1.0151e-04 3.5096e-06 1.0151e-04 1.8255e-01 0.0000e+00
116 0.0000e+00 0.0000e+00 1.0120e-04 3.1900e-06 1.0120e-04 1.8265e-01 0.0000e+00
117 0.0000e+00 1.0200e-05 1.0089e-04 2.9001e-06 1.0089e-04 1.8275e-01 0.0000e+00
118 0.0000e+00 1.9800e-05 1.0058e-04 2.6372e-06 1.0058e-04 1.8285e-01 0.0000e+00
119 0.0000e+00 2.8000e-05 1.0028e-04 2.3979e-06 1.0028e-04 1.8294e-01 0.0000e+00
120 0.0000e+00 3.4200e-05 9.9969e-05 2.1815e-06 9.9969e-05 1.8304e-01 0.0000e+00
121 0.0000e+00 3.7900e-05 9.9664e-05 1.9851e-06 9.9664e-05 1.8314e-01 0.0000e+00
122 0.0000e+00 3.9500e-05 9.9360e-05 1.8067e-06 9.9360e-05 1.8324e-01 0.0000e+00
123 0.0000e+00 3.7900e-05 9.9058e-05 1.6447e-06 9.9058e-05 1.8333e-01 0.0000e+00
124 0.0000e+00 3.4200e-05 9.8757e-05 1.4975e-06 9.8757e-05 1.8343e-01 0.0000e+00
125 0.0000e+00 2.8000e-05 9.8457e-05 1.3638e-06 9.8457e-05 1.8353e-01 0.0000e+00
126 0.0000e+00 1.9800e-05 9.8159e-05 1.2422e-06 9.8159e-05 1.8363e-01 0.0000e+00
127 0.0000e+00 9.6000e-06 9.7862e-05 1.1317e-06 9.7862e-05 1.8372e-01 0.0000e+00
128 0.0000e+00 0.0000e+00 9.7566e-05 1.0312e-06 9.7566e-05 1.8382e-01 0.0000e+00
129 0.0000e+00 0.0000e+00 9.7272e-05 9.3986e-07 9.7272e-05 1.8392e-01 0.0000e+00
130 0.0000e+00 0.0000e+00 9.6980e-05 8.5674e-07 9.6980e-05 1.8401e-01 0.0000e+00
131 0.0000e+00 0.0000e+00 9.6689e-05 7.8111e-07 9.6689e-05 1.8411e-01 0.0000e+00
132 0.0000e+00 0.0000e+00 9.6400e-05 7.1144e-07 9.6400e-05 1.8420e-01 0.0000e+00
133 0.0000e+00 0.0000e+00 9.6112e-05 6.4892e-07 9.6112e-05 1.8430e-01 0.0000e+00
134 0.0000e+00 0.0000e+00 9.5826e-05 5.9200e-07 9.5826e-05 1.8439e-01 0.0000e+00
135 0.0000e+00 0.0000e+00 9.5541e-05 5.4016e-07 9.5541e-05 1.8449e-01 0.0000e+00
136 0.0000e+00 0.0000e+00 9.5258e-05 4.9295e-07 9.5258e-05 1.8458e-01 0.0000e+00
137 0.0000e+00 0.0000e+00 9.4976e-05 4.4993e-07 9.4976e-05 1.8468e-01 0.0000e+00
138 0.0000e+00 0.0000e+00 9.4696e-05 4.1074e-07 9.4696e-05 1.8477e-01 0.0000e+00
139 0.0000e+00 0.0000e+00 9.4417e-05 3.7502e-07 9.4417e-05 1.8487e-01 0.0000e+00
140 0.0000e+00 0.0000e+00 9.4140e-05 3.4246e-07 9.4140e-05 1.8496e-01 0.0000e+00
141 5.0000e-04 4.1400e-05 9.3865e-05 3.1278e-07 9.3865e-05 1.8505e-01 0.0000e+00
142 0.0000e+00 7.9900e-05 9.3591e-05 2.8571e-07 9.3591e-05 1.8515e-01 0.0000e+00
143 0.0000e+00 1.1300e-04 9.3318e-05 2.6103e-07 9.3318e-05 1.8524e-01 0.0000e+00
144 0.0000e+00 1.3840e-04 9.3047e-05 2.3727e-07 9.3047e-05 1.8533e-01 0.0000e+00
145 0.0000e+00 1.5310e-04 9.2778e-05 2.1689e-07 9.2778e-05 1.8543e-01 0.0000e+00
146 0.0000e+00 1.5990e-04 9.2510e-05 1.9828e-07 9.2510e-05 1.8552e-01 0.0000e+00
147 0.0000e+00 1.5310e-04 9.2243e-05 1.8130e-07 9.2243e-05 1.8561e-01 0.0000e+00
148 0.0000e+00 1.3840e-04 9.1978e-05 1.6580e-07 9.1978e-05 1.8570e-01 0.0000e+00
149 0.0000e+00 1.1300e-04 9.1715e-05 1.5164e-07 9.1715e-05 1.8579e-01 0.0000e+00
150 0.0000e+00 7.9900e-05 9.1453e-05 1.3871e-07 9.1453e-05 1.8588e-01 0.0000e+00
151 0.0000e+00 3.8700e-05 9.1192e-05 1.2690e-07 9.1192e-05 1.8598e-01 0.0000e+00
152 0.0000e+00 0.0000e+00 9.0933e-05 1.1611e-07 9.0933e-05 1.8607e-01 0.0000e+00
153 0.0000e+00 0.0000e+00 9.0675e-05 1.0625e-07 9.0675e-05 1.8616e-01 0.0000e+00
154 0.0000e+00 0.0000e+00 9.0419e-05 9.7245e-08 9.0419e-05 1.8625e-01 0.0000e+00
155 0.0000e+00 0.0000e+00 9.0164e-05 8.9011e-08 9.0164e-05 1.8634e-01 0.0000e+00
156 0.0000e+00 0.0000e+00 8.9911e-05 8.1486e-08 8.9911e-05 1.8643e-01 0.0000e+00
157 0.0000e+00 0.0000e+00 8.9659e-05 7.2957e-08 8.9659e-05 1.8652e-01 0.0000e+00
158 0.0000e+00 0.0000e+00 8.9408e-05 6.6849e-08 8.9408e-05 1.8661e-01 0.0000e+00
159 0.0000e+00 0.0000e+00 8.9159e-05 6.1260e-08 8.9159e-05 1.8670e-01 0.0000e+00
160 0.0000e+00 0.0000e+00 8.8911e-05 5.6144e-08 8.8911e-05 1.8678e-01 0.0000e+00
161 0.0000e+00 0.0000e+00 8.8664e-05 5.1461e-08 8.8664e-05 1.8687e-01 0.0000e+00
162 0.0000e+00 0.0000e+00 8.8419e-05 4.7173e-08 8.8419e-05 1.8696e-01 0.0000e+00
163 0.0000e+00 0.0000e+00 8.8175e-05 4.3247e-08 8.8175e-05 1.8705e-01 0.0000e+00
164 0.0000e+00 0.0000e+00 8.7933e-05 3.9652e-08 8.7933e-05 1.8714e-01 0.0000e+00
165 0.0000e+00 1.7800e-05 8.7692e-05 3.6359e-08 8.7692e-05 1.8723e-01 0.0000e+00
166 0.0000e+00 3.4400e-05 8.7452e-05 3.3343e-08 8.7452e-05 1.8731e-01 0.0000e+00
167 0.0000e+00 4.8600e-05 8.7213e-05 3.0581e-08 8.7213e-05 1.8740e-01 0.0000e+00
168 0.0000e+00 5.9500e-05 8.6976e-05 2.8050e-08 8.6976e-05 1.8749e-01 0.0000e+00
169 0.0000e+00 6.5900e-05 8.6740e-05 2.5732e-08 8.6740e-05 1.8757e-01 0.0000e+00
170 0.0000e+00 6.8800e-05 8.6505e-05 2.1842e-08 8.6505e-05 1.8766e-01 0.0000e+00
171 0.0000e+00 6.5900e-05 8.6272e-05 2.0070e-08 8.6272e-05 1.8775e-01 0.0000e+00
172 0.0000e+00 5.9500e-05 8.6039e-05 1.8443e-08 8.6039e-05 1.8783e-01 0.0000e+00
173 0.0000e+00 4.8600e-05 8.5808e-05 1.6949e-08 8.5808e-05 1.8792e-01 0.0000e+00
174 0.0000e+00 3.4400e-05 8.5579e-05 1.5577e-08 8.5579e-05 1.8800e-01 0.0000e+00
175 0.0000e+00 1.6600e-05 8.5350e-05 1.4318e-08 8.5350e-05 1.8809e-01 0.0000e+00
176 0.0000e+00 0.0000e+00 8.5123e-05 1.3161e-08 8.5123e-05 1.8817e-01 0.0000e+00
177 0.0000e+00 0.0000e+00 8.4897e-05 1.2099e-08 8.4897e-05 1.8826e-01 0.0000e+00
178 0.0000e+00 0.0000e+00 8.4672e-05 1.1123e-08 8.4672e-05 1.8834e-01 0.0000e+00
179 0.0000e+00 0.0000e+00 8.4448e-05 1.0226e-08 8.4448e-05 1.8843e-01 0.0000e+00
180 0.0000e+00 0.0000e+00 8.4226e-05 9.4029e-09 8.4226e-05 1.8851e-01 0.0000e+00
181 0.0000e+00 0.0000e+00 8.4004e-05 8.6463e-09 8.4004e-05 1.8860e-01 0.0000e+00
182 0.0000e+00 0.0000e+00 8.3784e-05 7.9512e-09 8.3784e-05 1.8868e-01 0.0000e+00
183 0.0000e+00 0.0000e+00 8.3565e-05 5.9099e-09 8.3565e-05 1.8876e-01 0.0000e+00
184 0.0000e+00 0.0000e+00 8.3347e-05 5.4487e-09 8.3347e-05 1.8885e-01 0.0000e+00
185 0.0000e+00 0.0000e+00 8.3130e-05 5.0238e-09 8.3130e-05 1.8893e-01 0.0000e+00
186 0.0000e+00 0.0000e+00 8.2915e-05 4.6322e-09 8.2915e-05 1.8901e-01 0.0000e+00
187 0.0000e+00 0.0000e+00 8.2700e-05 4.2713e-09 8.2700e-05 1.8910e-01 0.0000e+00
188 0.0000e+00 0.0000e+00 8.2487e-05 3.9388e-09 8.2487e-05 1.8918e-01 0.0000e+00
189 0.0000e+00 4.5600e-05 8.2274e-05 3.6323e-09 8.2274e-05 1.8926e-01 0.0000e+00
190 5.0000e-04 8.7900e-05 8.2063e-05 3.3498e-09 8.2063e-05 1.8934e-01 0.0000e+00
191 0.0000e+00 1.2440e-04 8.1853e-05 3.0894e-09 8.1853e-05 1.8942e-01 0.0000e+00
192 0.0000e+00 1.5230e-04 8.1644e-05 2.8494e-09 8.1644e-05 1.8951e-01 0.0000e+00
193 0.0000e+00 1.6850e-04 8.1436e-05 2.6282e-09 8.1436e-05 1.8959e-01 0.0000e+00
194 0.0000e+00 1.7590e-04 8.1229e-05 2.4243e-09 8.1229e-05 1.8967e-01 0.0000e+00
195 0.0000e+00 1.6850e-04 8.1023e-05 2.2362e-09 8.1023e-05 1.8975e-01 0.0000e+00
196 0.0000e+00 1.5230e-04 8.0818e-05 1.1985e-09 8.0818e-05 1.8983e-01 0.0000e+00
197 0.0000e+00 1.2440e-04 8.0614e-05 1.1094e-09 8.0614e-05 1.8991e-01 0.0000e+00
198 0.0000e+00 8.7900e-05 8.0411e-05 1.0270e-09 8.0411e-05 1.8999e-01 0.0000e+00
199 0.0000e+00 4.2600e-05 8.0209e-05 9.5066e-10 8.0209e-05 1.9007e-01 0.0000e+00
200 0.0000e+00 0.0000e+00 8.0009e-05 8.8007e-10 8.0009e-05 1.9015e-01 0.0000e+00
201 0.0000e+00 0.0000e+00 7.9809e-05 8.1473e-10 7.9809e-05 1.9023e-01 0.0000e+00
202 0.0000e+00 0.0000e+00 7.9610e-05 7.5428e-10 7.9610e-05 1.9031e-01 0.0000e+00
203 0.0000e+00 0.0000e+00 7.9412e-05 6.9832e-10 7.9412e-05 1.9039e-01 0.0000e+00
204 0.0000e+00 0.0000e+00 7.9215e-05 6.4654e-10 7.9215e-05 1.9047e-01 0.0000e+00
205 0.0000e+00 0.0000e+00 7.9020e-05 5.9862e-10 7.9020e-05 1.9055e-01 0.0000e+00
206 0.0000e+00 0.0000e+00 7.8825e-05 5.5426e-10 7.8825e-05 1.9063e-01 0.0000e+00
207 0.0000e+00 0.0000e+00 7.8631e-05 5.1321e-10 7.8631e-05 1.9071e-01 0.0000e+00
208 0.0000e+00 0.0000e+00 7.8438e-05 4.7521e-10 7.8438e-05 1.9078e-01 0.0000e+00
209 0.0000e+00 0.0000e+00 7.8246e-05 1.0085e-10 7.8246e-05 1.9086e-01 0.0000e+00
210 0.0000e+00 0.0000e+00 7.8055e-05 9.3801e-11 7.8055e-05 1.9094e-01 0.0000e+00
211 0.0000e+00 0.0000e+00 7.7865e-05 8.7250e-11 7.7865e-05 1.9102e-01 0.0000e+00
212 0.0000e+00 0.0000e+00 7.7675e-05 8.1158e-11 7.7675e-05 1.9110e-01 0.0000e+00
213 0.0000e+00 4.9000e-05 7.7487e-05 7.5493e-11 7.7487e-05 1.9117e-01 0.0000e+00
214 0.0000e+00 9.4600e-05 7.7300e-05 7.0225e-11 7.7300e-05 1.9125e-01 0.0000e+00
215 0.0000e+00 1.3380e-04 7.7113e-05 6.5325e-11 7.7113e-05 1.9133e-01 0.0000e+00
216 0.0000e+00 1.6380e-04 7.6927e-05 6.0769e-11 7.6927e-05 1.9141e-01 0.0000e+00
217 0.0000e+00 1.8130e-04 7.6743e-05 5.6532e-11 7.6743e-05 1.9148e-01 0.0000e+00
218 0.0000e+00 1.8920e-04 7.6559e-05 5.2591e-11 7.6559e-05 1.9156e-01 0.0000e+00
219 0.0000e+00 1.8130e-04 7.6376e-05 4.8927e-11 7.6376e-05 1.9163e-01 0.0000e+00
220 0.0000e+00 1.6380e-04 7.6194e-05 4.5518e-11 7.6194e-05 1.9171e-01 0.0000e+00
221 0.0000e+00 1.3380e-04 7.6013e-05 4.2348e-11 7.6013e-05 1.9179e-01 0.0000e+00
222 0.0000e+00 9.4600e-05 7.5832e-05 3.9399e-11 7.5832e-05 1.9186e-01 0.0000e+00
223 0.0000e+00 4.5800e-05 7.5653e-05 0.0000e+00 7.5653e-05 1.9194e-01 0.0000e+00
224 0.0000e+00 0.0000e+00 7.5474e-05 0.0000e+00 7.5474e-05 1.9201e-01 0.0000e+00
225 0.0000e+00 0.0000e+00 7.5296e-05 0.0000e+00 7.5296e-05 1.9209e-01 0.0000e+00
226 0.0000e+00 0.0000e+00 7.5119e-05 0.0000e+00 7.5119e-05 1.9216e-01 0.0000e+00
227 0.0000e+00 0.0000e+00 7.4943e-05 0.0000e+00 7.4943e-05 1.9224e-01 0.0000e+00
228 0.0000e+00 0.0000e+00 7.4768e-05 0.0000e+00 7.4768e-05 1.9231e-01 0.0000e+00
229 0.0000e+00 0.0000e+00 7.4594e-05 0.0000e+00 7.4594e-05 1.9239e-01 0.0000e+00
230 0.0000e+00 0.0000e+00 7.4420e-05 0.0000e+00 7.4420e-05 1.9246e-01 0.0000e+00
231 0.0000e+00 0.0000e+00 7.4247e-05 0.0000e+00 7.4247e-05 1.9254e-01 0.0000e+00
232 0.0000e+00 0.0000e+00 7.4075e-05 0.0000e+00 7.4075e-05 1.9261e-01 0.0000e+00
233 0.0000e+00 0.0000e+00 7.3904e-05 0.0000e+00 7.3904e-05 1.9269e-01 0.0000e+00
234 0.0000e+00 0.0000e+00 7.3733e-05 0.0000e+00 7.3733e-05 1.9276e-01 0.0000e+00
235 0.0000e+00 0.0000e+00 7.3563e-05 0.0000e+00 7.3563e-05 1.9283e-01 0.0000e+00
236 0.0000e+00 0.0000e+00 7.3395e-05 0.0000e+00 7.3395e-05 1.9291e-01 0.0000e+00
237 0.0000e+00 5.1700e-05 7.3226e-05 0.0000e+00 7.3226e-05 1.9298e-01 0.0000e+00
238 0.0000e+00 9.9800e-05 7.3059e-05 0.0000e+00 7.3059e-05 1.9305e-01 0.0000e+00
239 0.0000e+00 1.4120e-04 7.2892e-05 0.0000e+00 7.2892e-05 1.9313e-01 0.0000e+00
240 0.0000e+00 1.7290e-04 7.2727e-05 0.0000e+00 7.2727e-05 1.9320e-01 0.0000e+00
241 5.0000e-04 1.9130e-04 7.2561e-05 0.0000e+00 7.2561e-05 1.9327e-01 0.0000e+00
242 1.0000e-03 1.9970e-04 7.2397e-05 0.0000e+00 7.2397e-05 1.9334e-01 0.0000e+00
243 0.0000e+00 1.9130e-04 7.2234e-05 0.0000e+00 7.2234e-05 1.9342e-01 0.0000e+00
244 0.0000e+00 1.7290e-04 7.2071e-05 0.0000e+00 7.2071e-05 1.9349e-01 0.0000e+00
245 0.0000e+00 1.4120e-04 7.1908e-05 0.0000e+00 7.1908e-05 1.9356e-01 0.0000e+00
246 0.0000e+00 9.9800e-05 7.1747e-05 0.0000e+00 7.1747e-05 1.9363e-01 0.0000e+00
247 0.0000e+00 4.8300e-05 7.1586e-05 0.0000e+00 7.1586e-05 1.9370e-01 0.0000e+00
248 0.0000e+00 0.0000e+00 7.1426e-05 0.0000e+00 7.1426e-05 1.9377e-01 0.0000e+00
249 0.0000e+00 0.0000e+00 7.1267e-05 0.0000e+00 7.1267e-05 1.9385e-01 0.0000e+00
250 0.0000e+00 0.0000e+00 7.1109e-05 0.0000e+00 7.1109e-05 1.9392e-01 0.0000e+00
251 0.0000e+00 0.0000e+00 7.0951e-05 0.0000e+00 7.0951e-05 1.9399e-01 0.0000e+00
252 0.0000e+00 0.0000e+00 7.0794e-05 0.0000e+00 7.0794e-05 1.9406e-01 0.0000e+00
253 1.0000e-03 0.0000e+00 7.0637e-05 0.0000e+00 7.0637e-05 1.9413e-01 0.0000e+00
254 0.0000e+00 0.0000e+00 7.0481e-05 0.0000e+00 7.0481e-05 1.9420e-01 0.0000e+00
255 0.0000e+00 0.0000e+00 7.0326e-05 0.0000e+00 7.0326e-05 1.9427e-01 0.0000e+00
256 0.0000e+00 0.0000e+00 7.0172e-05 0.0000e+00 7.0172e-05 1.9434e-01 0.0000e+00
257 0.0000e+00 0.0000e+00 7.0018e-05 0.0000e+00 7.0018e-05 1.9441e-01 0.0000e+00
258 0.0000e+00 0.0000e+00 6.9865e-05 0.0000e+00 6.9865e-05 1.9448e-01 0.0000e+00
259 0.0000e+00 0.0000e+00 6.9713e-05 0.0000e+00 6.9713e-05 1.9455e-01 0.0000e+00
260 0.0000e+00 0.0000e+00 6.9561e-05 0.0000e+00 6.9561e-05 1.9462e-01 0.0000e+00
261 0.0000e+00 7.5200e-05 6.9410e-05 0.0000e+00 6.9410e-05 1.9469e-01 0.0000e+00
262 1.0000e-03 1.4510e-04 6.9260e-05 0.0000e+00 6.9260e-05 1.9476e-01 0.0000e+00
263 0.0000e+00 2.0520e-04 6.9110e-05 0.0000e+00 6.9110e-05 1.9483e-01 0.0000e+00
264 0.0000e+00 2.5130e-04 6.8961e-05 0.0000e+00 6.8961e-05 1.9490e-01 0.0000e+00
265 0.0000e+00 2.7800e-04 6.8812e-05 0.0000e+00 6.8812e-05 1.9496e-01 0.0000e+00
266 0.0000e+00 2.9030e-04 6.8665e-05 0.0000e+00 6.8665e-05 1.9503e-01 0.0000e+00
267 0.0000e+00 2.7800e-04 6.8517e-05 0.0000e+00 6.8517e-05 1.9510e-01 0.0000e+00
268 0.0000e+00 2.5130e-04 6.8371e-05 0.0000e+00 6.8371e-05 1.9517e-01 0.0000e+00
269 0.0000e+00 2.0520e-04 6.8225e-05 0.0000e+00 6.8225e-05 1.9524e-01 0.0000e+00
270 0.0000e+00 1.4510e-04 6.8080e-05 0.0000e+00 6.8080e-05 1.9531e-01 0.0000e+00
271 0.0000e+00 7.0200e-05 6.7935e-05 0.0000e+00 6.7935e-05 1.9537e-01 0.0000e+00
272 0.0000e+00 0.0000e+00 6.7791e-05 0.0000e+00 6.7791e-05 1.9544e-01 0.0000e+00
273 0.0000e+00 0.0000e+00 6.7647e-05 0.0000e+00 6.7647e-05 1.9551e-01 0.0000e+00
274 0.0000e+00 0.0000e+00 6.7505e-05 0.0000e+00 6.7505e-05 1.9558e-01 0.0000e+00
275 0.0000e+00 0.0000e+00 6.7362e-05 0.0000e+00 6.7362e-05 1.9564e-01 0.0000e+00
276 0.0000e+00 0.0000e+00 6.7221e-05 0.0000e+00 6.7221e-05 1.9571e-01 0.0000e+00
277 0.0000e+00 0.0000e+00 6.7080e-05 0.0000e+00 6.7080e-05 1.9578e-01 0.0000e+00
278 0.0000e+00 0.0000e+00 6.6939e-05 0.0000e+00 6.6939e-05 1.9585e-01 0.0000e+00
279 0.0000e+00 0.0000e+00 6.6799e-05 0.0000e+00 6.6799e-05 1.9591e-01 0.0000e+00
280 0.0000e+00 0.0000e+00 6.6660e-05 0.0000e+00 6.6660e-05 1.9598e-01 0.0000e+00
281 0.0000e+00 0.0000e+00 6.6521e-05 0.0000e+00 6.6521e-05 1.9605e-01 0.0000e+00
282 0.0000e+00 0.0000e+00 6.6383e-05 0.0000e+00 6.6383e-05 1.9611e-01 0.0000e+00
283 1.0000e-03 0.0000e+00 6.6246e-05 0.0000e+00 6.6246e-05 1.9618e-01 0.0000e+00
284 5.0000e-04 0.0000e+00 6.6109e-05 0.0000e+00 6.6109e-05 1.9624e-01 0.0000e+00
285 2.5000e-03 2.4400e-05 6.8852e-05 1.8804e-05 6.5972e-05 1.9629e-01 2.8800e-06
286 6.0000e-03 4.7000e-05 1.7312e-04 7.1494e-04 6.5875e-05 1.9564e-01 1.0724e-04
287 4.0000e-03 6.6500e-05 1.3817e-04 1.0385e-03 6.7225e-05 1.9467e-01 7.0944e-05
288 1.5000e-03 8.1400e-05 9.5023e-05 1.0393e-03 6.9296e-05 1.9370e-01 2.5727e-05
289 0.0000e+00 9.0100e-05 7.1429e-05 8.9433e-04 7.1429e-05 1.9288e-01 0.0000e+00
290 0.0000e+00 9.4000e-05 7.3290e-05 7.8548e-04 7.3290e-05 1.9217e-01 0.0000e+00
291 5.0000e-04 9.0100e-05 7.9156e-05 7.2245e-04 7.4939e-05 1.9152e-01 4.2170e-06
292 0.0000e+00 8.1400e-05 7.6471e-05 6.3756e-04 7.6471e-05 1.9096e-01 0.0000e+00
293 0.0000e+00 6.6500e-05 7.7824e-05 5.6588e-04 7.7824e-05 1.9047e-01 0.0000e+00
294 1.5000e-03 4.7000e-05 1.0356e-04 6.5661e-04 7.9020e-05 1.8989e-01 2.4539e-05
295 1.0000e-03 2.2800e-05 1.0123e-04 6.8351e-04 8.0459e-05 1.8929e-01 2.0773e-05
296 0.0000e+00 0.0000e+00 8.1990e-05 5.9574e-04 8.1990e-05 1.8878e-01 0.0000e+00
297 0.0000e+00 0.0000e+00 8.3317e-05 5.2775e-04 8.3317e-05 1.8833e-01 0.0000e+00
298 0.0000e+00 0.0000e+00 8.4482e-05 4.6894e-04 8.4482e-05 1.8795e-01 0.0000e+00
299 0.0000e+00 0.0000e+00 8.5503e-05 4.1750e-04 8.5503e-05 1.8761e-01 0.0000e+00
300 0.0000e+00 0.0000e+00 8.6395e-05 3.7226e-04 8.6395e-05 1.8733e-01 0.0000e+00
301 0.0000e+00 0.0000e+00 8.7170e-05 3.3233e-04 8.7170e-05 1.8708e-01 0.0000e+00
302 0.0000e+00 0.0000e+00 8.7840e-05 2.9699e-04 8.7840e-05 1.8687e-01 0.0000e+00
303 0.0000e+00 0.0000e+00 8.8416e-05 2.6565e-04 8.8416e-05 1.8670e-01 0.0000e+00
304 0.0000e+00 0.0000e+00 8.8907e-05 2.3780e-04 8.8907e-05 1.8655e-01 0.0000e+00
305 0.0000e+00 0.0000e+00 8.9322e-05 2.1303e-04 8.9322e-05 1.8642e-01 0.0000e+00
306 0.0000e+00 0.0000e+00 8.9668e-05 1.9097e-04 8.9668e-05 1.8632e-01 0.0000e+00
307 0.0000e+00 0.0000e+00 8.9952e-05 1.7130e-04 8.9952e-05 1.8624e-01 0.0000e+00
308 0.0000e+00 0.0000e+00 9.0181e-05 1.5375e-04 9.0181e-05 1.8618e-01 0.0000e+00
309 0.0000e+00 2.8800e-05 9.0361e-05 1.3808e-04 9.0361e-05 1.8613e-01 0.0000e+00
310 5.0000e-04 5.5500e-05 1.0112e-04 1.7869e-04 9.0495e-05 1.8604e-01 1.0625e-05
311 0.0000e+00 7.8500e-05 9.0745e-05 1.5490e-04 9.0745e-05 1.8598e-01 0.0000e+00
312 0.0000e+00 9.6200e-05 9.0927e-05 1.3767e-04 9.0927e-05 1.8593e-01 0.0000e+00
313 0.0000e+00 1.0640e-04 9.1060e-05 1.2277e-04 9.1060e-05 1.8590e-01 0.0000e+00
314 0.0000e+00 1.1110e-04 9.1150e-05 1.0973e-04 9.1150e-05 1.8588e-01 0.0000e+00
315 0.0000e+00 1.0640e-04 9.1203e-05 9.8240e-05 9.1203e-05 1.8587e-01 0.0000e+00
316 0.0000e+00 9.6200e-05 9.1223e-05 8.8068e-05 9.1223e-05 1.8588e-01 0.0000e+00
317 5.0000e-04 7.8500e-05 9.1214e-05 7.9032e-05 9.1214e-05 1.8589e-01 0.0000e+00
318 1.0000e-03 5.5500e-05 1.0954e-04 1.6555e-04 9.1180e-05 1.8581e-01 1.8363e-05
319 5.0000e-04 2.6900e-05 1.0192e-04 1.9306e-04 9.1392e-05 1.8571e-01 1.0532e-05
320 0.0000e+00 0.0000e+00 9.1683e-05 1.6498e-04 9.1683e-05 1.8564e-01 0.0000e+00
321 0.0000e+00 0.0000e+00 9.1893e-05 1.4483e-04 9.1893e-05 1.8559e-01 0.0000e+00
322 1.0000e-03 0.0000e+00 1.1510e-04 2.4685e-04 9.2045e-05 1.8543e-01 2.3057e-05
323 1.0000e-03 0.0000e+00 1.1619e-04 3.3012e-04 9.2491e-05 1.8519e-01 2.3694e-05
324 0.0000e+00 0.0000e+00 9.3181e-05 2.7913e-04 9.3181e-05 1.8501e-01 0.0000e+00
325 0.0000e+00 0.0000e+00 9.3724e-05 2.4400e-04 9.3724e-05 1.8486e-01 0.0000e+00
326 0.0000e+00 0.0000e+00 9.4165e-05 2.1461e-04 9.4165e-05 1.8474e-01 0.0000e+00
327 0.0000e+00 0.0000e+00 9.4520e-05 1.8955e-04 9.4520e-05 1.8464e-01 0.0000e+00
328 0.0000e+00 0.0000e+00 9.4801e-05 1.6792e-04 9.4801e-05 1.8457e-01 0.0000e+00
329 0.0000e+00 0.0000e+00 9.5018e-05 1.4911e-04 9.5018e-05 1.8452e-01 0.0000e+00
330 0.0000e+00 0.0000e+00 9.5179e-05 1.3264e-04 9.5179e-05 1.8448e-01 0.0000e+00
331 0.0000e+00 0.0000e+00 9.5290e-05 1.1818e-04 9.5290e-05 1.8446e-01 0.0000e+00
332 0.0000e+00 0.0000e+00 9.5359e-05 1.0543e-04 9.5359e-05 1.8445e-01 0.0000e+00
333 0.0000e+00 1.1200e-05 9.5389e-05 9.4161e-05 9.5389e-05 1.8445e-01 0.0000e+00
334 0.0000e+00 2.1600e-05 9.5385e-05 8.4186e-05 9.5385e-05 1.8446e-01 0.0000e+00
335 0.0000e+00 3.0600e-05 9.5351e-05 7.5339e-05 9.5351e-05 1.8448e-01 0.0000e+00
336 0.0000e+00 3.7400e-05 9.5292e-05 6.7480e-05 9.5292e-05 1.8451e-01 0.0000e+00
337 0.0000e+00 4.1400e-05 9.5209e-05 6.0489e-05 9.5209e-05 1.8454e-01 0.0000e+00
338 5.0000e-04 4.3200e-05 1.0359e-04 9.8368e-05 9.5106e-05 1.8454e-01 8.4814e-06
339 5.0000e-04 4.1400e-05 1.0594e-04 1.3984e-04 9.5116e-05 1.8449e-01 1.0823e-05
340 1.5000e-03 3.7400e-05 1.2981e-04 2.9794e-04 9.5249e-05 1.8429e-01 3.4560e-05
341 1.5000e-03 3.0600e-05 1.3051e-04 4.2632e-04 9.5854e-05 1.8396e-01 3.4655e-05
342 1.0000e-03 2.1600e-05 1.1982e-04 4.7651e-04 9.6849e-05 1.8358e-01 2.2969e-05
343 5.0000e-04 1.0500e-05 1.0934e-04 4.6439e-04 9.8005e-05 1.8321e-01 1.1335e-05
344 1.0000e-03 0.0000e+00 1.2258e-04 5.2333e-04 9.9133e-05 1.8279e-01 2.3445e-05
345 5.0000e-04 0.0000e+00 1.1230e-04 5.1019e-04 1.0046e-04 1.8238e-01 1.1847e-05
346 0.0000e+00 0.0000e+00 1.0175e-04 4.4126e-04 1.0175e-04 1.8204e-01 0.0000e+00
347 0.0000e+00 0.0000e+00 1.0284e-04 3.8714e-04 1.0284e-04 1.8176e-01 0.0000e+00
348 0.0000e+00 0.0000e+00 1.0375e-04 3.4111e-04 1.0375e-04 1.8152e-01 0.0000e+00
349 0.0000e+00 0.0000e+00 1.0453e-04 3.0146e-04 1.0453e-04 1.8132e-01 0.0000e+00
350 0.0000e+00 0.0000e+00 1.0517e-04 2.6700e-04 1.0517e-04 1.8116e-01 0.0000e+00
351 0.0000e+00 0.0000e+00 1.0570e-04 2.3690e-04 1.0570e-04 1.8103e-01 0.0000e+00
352 0.0000e+00 0.0000e+00 1.0614e-04 2.1050e-04 1.0614e-04 1.8092e-01 0.0000e+00
353 5.0000e-04 0.0000e+00 1.1833e-04 2.5060e-04 1.0649e-04 1.8078e-01 1.1847e-05
354 0.0000e+00 0.0000e+00 1.0697e-04 2.1642e-04 1.0697e-04 1.8067e-01 0.0000e+00
355 0.0000e+00 0.0000e+00 1.0733e-04 1.9112e-04 1.0733e-04 1.8059e-01 0.0000e+00
356 0.0000e+00 0.0000e+00 1.0761e-04 1.6943e-04 1.0761e-04 1.8052e-01 0.0000e+00
357 0.0000e+00 7.2300e-05 1.0782e-04 1.5057e-04 1.0782e-04 1.8048e-01 0.0000e+00
358 0.0000e+00 1.3960e-04 1.0797e-04 1.3404e-04 1.0797e-04 1.8046e-01 0.0000e+00
359 0.0000e+00 1.9750e-04 1.0805e-04 1.1949e-04 1.0805e-04 1.8044e-01 0.0000e+00
360 0.0000e+00 2.4180e-04 1.0809e-04 1.0665e-04 1.0809e-04 1.8045e-01 0.0000e+00
361 0.0000e+00 2.6750e-04 1.0809e-04 9.5274e-05 1.0809e-04 1.8046e-01 0.0000e+00
362 0.0000e+00 2.7930e-04 1.0804e-04 8.5191e-05 1.0804e-04 1.8048e-01 0.0000e+00
363 0.0000e+00 2.6750e-04 1.0797e-04 7.6238e-05 1.0797e-04 1.8051e-01 0.0000e+00
364 0.0000e+00 2.4180e-04 1.0786e-04 6.8277e-05 1.0786e-04 1.8055e-01 0.0000e+00
365 0.0000e+00 1.9750e-04 1.0773e-04 6.1191e-05 1.0773e-04 1.8060e-01 0.0000e+00
366 0.0000e+00 1.3960e-04 1.0757e-04 5.4876e-05 1.0757e-04 1.8065e-01 0.0000e+00
367 0.0000e+00 6.7600e-05 1.0739e-04 4.9244e-05 1.0739e-04 1.8071e-01 0.0000e+00
368 0.0000e+00 0.0000e+00 1.0720e-04 4.4216e-05 1.0720e-04 1.8077e-01 0.0000e+00
369 0.0000e+00 0.0000e+00 1.0699e-04 3.9724e-05 1.0699e-04 1.8084e-01 0.0000e+00
370 0.0000e+00 0.0000e+00 1.0676e-04 3.5708e-05 1.0676e-04 1.8091e-01 0.0000e+00
371 0.0000e+00 0.0000e+00 1.0653e-04 3.2114e-05 1.0653e-04 1.8099e-01 0.0000e+00
372 0.0000e+00 0.0000e+00 1.0628e-04 2.8897e-05 1.0628e-04 1.8106e-01 0.0000e+00
373 5.0000e-04 0.0000e+00 1.0602e-04 2.6014e-05 1.0602e-04 1.8114e-01 0.0000e+00
374 7.5000e-03 0.0000e+00 2.4620e-04 7.7278e-04 1.0576e-04 1.8048e-01 1.4045e-04
375 4.5000e-03 0.0000e+00 2.1461e-04 1.1821e-03 1.0799e-04 1.7940e-01 1.0662e-04
376 2.5000e-03 0.0000e+00 1.7091e-04 1.2954e-03 1.1167e-04 1.7822e-01 5.9235e-05
377 5.0000e-04 0.0000e+00 1.2773e-04 1.1592e-03 1.1588e-04 1.7717e-01 1.1847e-05
378 0.0000e+00 0.0000e+00 1.1972e-04 1.0008e-03 1.1972e-04 1.7629e-01 0.0000e+00
379 0.0000e+00 0.0000e+00 1.2306e-04 8.7361e-04 1.2306e-04 1.7554e-01 0.0000e+00
380 0.0000e+00 0.0000e+00 1.2598e-04 7.6606e-04 1.2598e-04 1.7490e-01 0.0000e+00
381 0.0000e+00 1.7400e-05 1.2853e-04 6.7366e-04 1.2853e-04 1.7436e-01 0.0000e+00
382 0.0000e+00 3.3600e-05 1.3074e-04 5.9361e-04 1.3074e-04 1.7390e-01 0.0000e+00
383 1.0000e-03 4.7500e-05 1.5513e-04 6.5144e-04 1.3264e-04 1.7338e-01 2.2486e-05
384 1.0000e-03 5.8200e-05 1.5738e-04 6.8906e-04 1.3481e-04 1.7282e-01 2.2569e-05
385 0.0000e+00 6.4300e-05 1.3716e-04 5.9044e-04 1.3716e-04 1.7237e-01 0.0000e+00
386 5.0000e-04 6.7200e-05 1.4807e-04 5.6899e-04 1.3912e-04 1.7194e-01 8.9463e-06
387 0.0000e+00 6.4300e-05 1.4100e-04 4.9455e-04 1.4100e-04 1.7159e-01 0.0000e+00
388 0.0000e+00 5.8200e-05 1.4257e-04 4.3511e-04 1.4257e-04 1.7129e-01 0.0000e+00
389 0.0000e+00 4.7500e-05 1.4388e-04 3.8391e-04 1.4388e-04 1.7105e-01 0.0000e+00
390 5.0000e-04 3.3600e-05 1.5120e-04 3.7568e-04 1.4496e-04 1.7082e-01 6.2367e-06
391 0.0000e+00 1.6300e-05 1.4601e-04 3.2749e-04 1.4601e-04 1.7064e-01 0.0000e+00
392 5.0000e-04 0.0000e+00 1.5751e-04 3.5159e-04 1.4684e-04 1.7044e-01 1.0665e-05
393 5.0000e-04 0.0000e+00 1.5963e-04 3.7183e-04 1.4778e-04 1.7021e-01 1.1847e-05
394 0.0000e+00 0.0000e+00 1.4882e-04 3.1779e-04 1.4882e-04 1.7004e-01 0.0000e+00
395 0.0000e+00 0.0000e+00 1.4961e-04 2.7893e-04 1.4961e-04 1.6991e-01 0.0000e+00
396 0.0000e+00 0.0000e+00 1.5022e-04 2.4581e-04 1.5022e-04 1.6982e-01 0.0000e+00
397 0.0000e+00 0.0000e+00 1.5067e-04 2.1714e-04 1.5067e-04 1.6975e-01 0.0000e+00
398 0.0000e+00 0.0000e+00 1.5098e-04 1.9216e-04 1.5098e-04 1.6971e-01 0.0000e+00
399 0.0000e+00 0.0000e+00 1.5117e-04 1.7031e-04 1.5117e-04 1.6969e-01 0.0000e+00
400 0.0000e+00 0.0000e+00 1.5126e-04 1.5114e-04 1.5126e-04 1.6969e-01 0.0000e+00
401 0.0000e+00 0.0000e+00 1.5126e-04 1.3427e-04 1.5126e-04 1.6971e-01 0.0000e+00
402 1.0000e-03 0.0000e+00 1.7794e-04 2.5586e-04 1.5118e-04 1.6960e-01 2.6753e-05
403 0.0000e+00 0.0000e+00 1.5168e-04 2.0934e-04 1.5168e-04 1.6955e-01 0.0000e+00
404 0.0000e+00 0.0000e+00 1.5195e-04 1.8209e-04 1.5195e-04 1.6952e-01 0.0000e+00
405 5.0000e-04 2.4600e-05 1.6478e-04 2.2853e-04 1.5209e-04 1.6944e-01 1.2684e-05
406 5.0000e-04 4.7400e-05 1.6502e-04 2.5704e-04 1.5246e-04 1.6933e-01 1.2563e-05
407 0.0000e+00 6.7100e-05 1.5296e-04 2.1651e-04 1.5296e-04 1.6927e-01 0.0000e+00
408 5.0000e-04 8.2200e-05 1.6444e-04 2.4067e-04 1.5326e-04 1.6918e-01 1.1174e-05
409 0.0000e+00 9.0900e-05 1.5368e-04 2.0491e-04 1.5368e-04 1.6913e-01 0.0000e+00
410 0.0000e+00 9.5000e-05 1.5393e-04 1.7889e-04 1.5393e-04 1.6911e-01 0.0000e+00
411 0.0000e+00 9.0900e-05 1.5405e-04 1.5687e-04 1.5405e-04 1.6910e-01 0.0000e+00
412 0.0000e+00 8.2200e-05 1.5406e-04 1.3798e-04 1.5406e-04 1.6912e-01 0.0000e+00
413 0.0000e+00 6.7100e-05 1.5398e-04 1.2166e-04 1.5398e-04 1.6915e-01 0.0000e+00
414 0.0000e+00 4.7400e-05 1.5383e-04 1.0748e-04 1.5383e-04 1.6920e-01 0.0000e+00
415 0.0000e+00 2.3000e-05 1.5361e-04 9.5111e-05 1.5361e-04 1.6926e-01 0.0000e+00
416 0.0000e+00 0.0000e+00 1.5332e-04 8.4287e-05 1.5332e-04 1.6933e-01 0.0000e+00
417 0.0000e+00 0.0000e+00 1.5299e-04 7.4790e-05 1.5299e-04 1.6941e-01 0.0000e+00
418 0.0000e+00 0.0000e+00 1.5262e-04 6.6439e-05 1.5262e-04 1.6949e-01 0.0000e+00
419 0.0000e+00 0.0000e+00 1.5221e-04 5.9083e-05 1.5221e-04 1.6958e-01 0.0000e+00
420 0.0000e+00 0.0000e+00 1.5177e-04 5.2591e-05 1.5177e-04 1.6968e-01 0.0000e+00
421 0.0000e+00 0.0000e+00 1.5130e-04 4.6855e-05 1.5130e-04 1.6979e-01 0.0000e+00
422 0.0000e+00 0.0000e+00 1.5081e-04 4.1780e-05 1.5081e-04 1.6990e-01 0.0000e+00
423 0.0000e+00 0.0000e+00 1.5029e-04 3.7283e-05 1.5029e-04 1.7001e-01 0.0000e+00
424 0.0000e+00 0.0000e+00 1.4976e-04 3.3296e-05 1.4976e-04 1.7013e-01 0.0000e+00
425 0.0000e+00 0.0000e+00 1.4922e-04 2.9756e-05 1.4922e-04 1.7025e-01 0.0000e+00
426 0.0000e+00 0.0000e+00 1.4866e-04 2.6610e-05 1.4866e-04 1.7037e-01 0.0000e+00
427 5.0000e-04 0.0000e+00 1.4810e-04 2.3812e-05 1.4810e-04 1.7049e-01 0.0000e+00
428 2.0000e-03 0.0000e+00 1.9663e-04 2.8389e-04 1.4752e-04 1.7036e-01 4.9103e-05
429 3.0000e-03 3.2600e-05 2.3222e-04 6.2017e-04 1.4815e-04 1.6988e-01 8.4068e-05
430 2.0000e-03 6.2900e-05 2.0600e-04 7.5999e-04 1.5035e-04 1.6927e-01 5.5648e-05
431 1.0000e-03 8.9000e-05 1.8172e-04 7.5192e-04 1.5325e-04 1.6868e-01 2.8475e-05
432 0.0000e+00 1.0900e-04 1.5614e-04 6.3574e-04 1.5614e-04 1.6820e-01 0.0000e+00
433 5.0000e-04 1.2060e-04 1.6799e-04 5.8978e-04 1.5850e-04 1.6776e-01 9.4948e-06
434 0.0000e+00 1.2590e-04 1.6065e-04 5.0849e-04 1.6065e-04 1.6742e-01 0.0000e+00
435 0.0000e+00 1.2060e-04 1.6240e-04 4.4274e-04 1.6240e-04 1.6714e-01 0.0000e+00
436 0.0000e+00 1.0900e-04 1.6383e-04 3.8678e-04 1.6383e-04 1.6691e-01 0.0000e+00
437 3.5000e-03 8.9000e-05 2.6004e-04 7.4870e-04 1.6498e-04 1.6633e-01 9.5063e-05
438 0.0000e+00 6.2900e-05 1.6802e-04 6.1402e-04 1.6802e-04 1.6588e-01 0.0000e+00
439 0.0000e+00 3.0500e-05 1.7037e-04 5.3066e-04 1.7037e-04 1.6552e-01 0.0000e+00
440 0.0000e+00 0.0000e+00 1.7230e-04 4.6120e-04 1.7230e-04 1.6523e-01 0.0000e+00
441 0.0000e+00 0.0000e+00 1.7387e-04 4.0246e-04 1.7387e-04 1.6501e-01 0.0000e+00
442 0.0000e+00 0.0000e+00 1.7511e-04 3.5227e-04 1.7511e-04 1.6483e-01 0.0000e+00
443 0.0000e+00 0.0000e+00 1.7608e-04 3.0906e-04 1.7608e-04 1.6470e-01 0.0000e+00
444 5.0000e-04 0.0000e+00 1.8680e-04 3.1548e-04 1.7682e-04 1.6456e-01 9.9853e-06
445 0.0000e+00 0.0000e+00 1.7759e-04 2.7271e-04 1.7759e-04 1.6446e-01 0.0000e+00
446 0.0000e+00 0.0000e+00 1.7811e-04 2.3922e-04 1.7811e-04 1.6440e-01 0.0000e+00
447 0.0000e+00 0.0000e+00 1.7845e-04 2.1039e-04 1.7845e-04 1.6437e-01 0.0000e+00
448 0.0000e+00 0.0000e+00 1.7863e-04 1.8540e-04 1.7863e-04 1.6436e-01 0.0000e+00
449 0.0000e+00 0.0000e+00 1.7867e-04 1.6364e-04 1.7867e-04 1.6438e-01 0.0000e+00
450 0.0000e+00 0.0000e+00 1.7859e-04 1.4463e-04 1.7859e-04 1.6441e-01 0.0000e+00
451 0.0000e+00 0.0000e+00 1.7840e-04 1.2798e-04 1.7840e-04 1.6446e-01 0.0000e+00
452 5.0000e-04 0.0000e+00 1.9383e-04 1.8242e-04 1.7812e-04 1.6446e-01 1.5710e-05
453 0.0000e+00 2.2400e-05 1.7814e-04 1.5322e-04 1.7814e-04 1.6448e-01 0.0000e+00
454 0.0000e+00 4.3300e-05 1.7800e-04 1.3368e-04 1.7800e-04 1.6453e-01 0.0000e+00
455 0.0000e+00 6.1200e-05 1.7775e-04 1.1721e-04 1.7775e-04 1.6459e-01 0.0000e+00
456 0.0000e+00 7.5000e-05 1.7742e-04 1.0313e-04 1.7742e-04 1.6466e-01 0.0000e+00
457 0.0000e+00 8.3000e-05 1.7701e-04 9.0968e-05 1.7701e-04 1.6475e-01 0.0000e+00
458 0.0000e+00 8.6600e-05 1.7653e-04 8.0397e-05 1.7653e-04 1.6484e-01 0.0000e+00
459 0.0000e+00 8.3000e-05 1.7600e-04 7.1168e-05 1.7600e-04 1.6495e-01 0.0000e+00
460 0.0000e+00 7.5000e-05 1.7543e-04 6.3084e-05 1.7543e-04 1.6506e-01 0.0000e+00
461 0.0000e+00 6.1200e-05 1.7481e-04 5.5985e-05 1.7481e-04 1.6518e-01 0.0000e+00
462 0.0000e+00 4.3300e-05 1.7416e-04 4.9739e-05 1.7416e-04 1.6530e-01 0.0000e+00
463 0.0000e+00 2.1000e-05 1.7349e-04 4.4232e-05 1.7349e-04 1.6543e-01 0.0000e+00
464 0.0000e+00 0.0000e+00 1.7279e-04 3.9370e-05 1.7279e-04 1.6557e-01 0.0000e+00
465 1.0000e-03 0.0000e+00 1.8303e-04 8.2828e-05 1.7207e-04 1.6566e-01 1.0960e-05
466 5.0000e-04 0.0000e+00 1.8730e-04 1.3618e-04 1.7159e-04 1.6569e-01 1.5710e-05
467 0.0000e+00 0.0000e+00 1.7140e-04 1.1107e-04 1.7140e-04 1.6575e-01 0.0000e+00
468 0.0000e+00 0.0000e+00 1.7108e-04 9.5489e-05 1.7108e-04 1.6583e-01 0.0000e+00
469 5.0000e-04 0.0000e+00 1.8638e-04 1.5107e-04 1.7067e-04 1.6585e-01 1.5710e-05
470 0.0000e+00 0.0000e+00 1.7057e-04 1.2443e-04 1.7057e-04 1.6589e-01 0.0000e+00
471 0.0000e+00 0.0000e+00 1.7032e-04 1.0735e-04 1.7032e-04 1.6596e-01 0.0000e+00
472 5.0000e-04 0.0000e+00 1.8570e-04 1.6147e-04 1.6999e-04 1.6596e-01 1.5710e-05
473 5.0000e-04 0.0000e+00 1.8565e-04 2.0186e-04 1.6994e-04 1.6593e-01 1.5710e-05
474 0.0000e+00 0.0000e+00 1.7011e-04 1.6775e-04 1.7011e-04 1.6594e-01 0.0000e+00
475 0.0000e+00 0.0000e+00 1.7010e-04 1.4463e-04 1.7010e-04 1.6596e-01 0.0000e+00
476 0.0000e+00 0.0000e+00 1.6997e-04 1.2551e-04 1.6997e-04 1.6601e-01 0.0000e+00
477 0.0000e+00 9.2000e-06 1.6973e-04 1.0943e-04 1.6973e-04 1.6607e-01 0.0000e+00
478 0.0000e+00 1.7800e-05 1.6941e-04 9.5743e-05 1.6941e-04 1.6614e-01 0.0000e+00
479 0.0000e+00 2.5200e-05 1.6902e-04 8.4002e-05 1.6902e-04 1.6622e-01 0.0000e+00
480 0.0000e+00 3.0900e-05 1.6857e-04 7.3867e-05 1.6857e-04 1.6632e-01 0.0000e+00
481 0.0000e+00 3.4200e-05 1.6807e-04 6.5080e-05 1.6807e-04 1.6642e-01 0.0000e+00
482 5.0000e-04 3.5700e-05 1.7956e-04 1.0949e-04 1.6753e-04 1.6648e-01 1.2028e-05
483 2.5000e-03 3.4200e-05 2.4466e-04 4.2564e-04 1.6723e-04 1.6622e-01 7.7427e-05
484 1.0000e-03 3.0900e-05 1.9893e-04 4.6766e-04 1.6859e-04 1.6592e-01 3.0345e-05
485 0.0000e+00 2.5200e-05 1.7017e-04 3.8807e-04 1.7017e-04 1.6570e-01 0.0000e+00
486 1.0000e-03 1.7800e-05 2.0099e-04 4.6190e-04 1.7133e-04 1.6541e-01 2.9657e-05
487 0.0000e+00 8.6000e-06 1.7290e-04 3.8674e-04 1.7290e-04 1.6520e-01 0.0000e+00
488 0.0000e+00 0.0000e+00 1.7405e-04 3.3374e-04 1.7405e-04 1.6504e-01 0.0000e+00
489 0.0000e+00 0.0000e+00 1.7493e-04 2.8962e-04 1.7493e-04 1.6493e-01 0.0000e+00
490 0.0000e+00 0.0000e+00 1.7555e-04 2.5236e-04 1.7555e-04 1.6485e-01 0.0000e+00
491 0.0000e+00 0.0000e+00 1.7598e-04 2.2058e-04 1.7598e-04 1.6480e-01 0.0000e+00
492 0.0000e+00 0.0000e+00 1.7622e-04 1.9328e-04 1.7622e-04 1.6479e-01 0.0000e+00
493 0.0000e+00 0.0000e+00 1.7631e-04 1.6971e-04 1.7631e-04 1.6479e-01 0.0000e+00
494 0.0000e+00 0.0000e+00 1.7628e-04 1.4928e-04 1.7628e-04 1.6482e-01 0.0000e+00
495 0.0000e+00 0.0000e+00 1.7613e-04 1.3151e-04 1.7613e-04 1.6487e-01 0.0000e+00
496 0.0000e+00 0.0000e+00 1.7588e-04 1.1602e-04 1.7588e-04 1.6493e-01 0.0000e+00
497 0.0000e+00 0.0000e+00 1.7556e-04 1.0249e-04 1.7556e-04 1.6500e-01 0.0000e+00
498 0.0000e+00 0.0000e+00 1.7515e-04 9.0639e-05 1.7515e-04 1.6508e-01 0.0000e+00
499 0.0000e+00 0.0000e+00 1.7469e-04 8.0247e-05 1.7469e-04 1.6518e-01 0.0000e+00
500 0.0000e+00 0.0000e+00 1.7418e-04 7.1119e-05 1.7418e-04 1.6528e-01 0.0000e+00
501 0.0000e+00 6.3800e-05 1.7362e-04 6.3090e-05 1.7362e-04 1.6539e-01 0.0000e+00
502 0.0000e+00 1.2310e-04 1.7302e-04 5.6017e-05 1.7302e-04 1.6551e-01 0.0000e+00
503 0.0000e+00 1.7420e-04 1.7239e-04 4.9780e-05 1.7239e-04 1.6563e-01 0.0000e+00
504 0.0000e+00 2.1330e-04 1.7173e-04 4.4273e-05 1.7173e-04 1.6576e-01 0.0000e+00
505 0.0000e+00 2.3600e-04 1.7105e-04 3.9406e-05 1.7105e-04 1.6589e-01 0.0000e+00
506 0.0000e+00 2.4640e-04 1.7034e-04 3.5099e-05 1.7034e-04 1.6602e-01 0.0000e+00
507 0.0000e+00 2.3600e-04 1.6963e-04 3.1285e-05 1.6963e-04 1.6616e-01 0.0000e+00
508 0.0000e+00 2.1330e-04 1.6889e-04 2.7905e-05 1.6889e-04 1.6630e-01 0.0000e+00
509 0.0000e+00 1.7420e-04 1.6815e-04 2.4906e-05 1.6815e-04 1.6645e-01 0.0000e+00
510 0.0000e+00 1.2310e-04 1.6740e-04 2.2243e-05 1.6740e-04 1.6659e-01 0.0000e+00
511 0.0000e+00 5.9600e-05 1.6664e-04 1.9877e-05 1.6664e-04 1.6674e-01 0.0000e+00
512 0.0000e+00 0.0000e+00 1.6588e-04 1.7773e-05 1.6588e-04 1.6689e-01 0.0000e+00
513 0.0000e+00 0.0000e+00 1.6511e-04 1.5900e-05 1.6511e-04 1.6704e-01 0.0000e+00
514 0.0000e+00 0.0000e+00 1.6435e-04 1.4233e-05 1.6435e-04 1.6719e-01 0.0000e+00
515 0.0000e+00 0.0000e+00 1.6358e-04 1.2747e-05 1.6358e-04 1.6734e-01 0.0000e+00
516 0.0000e+00 0.0000e+00 1.6281e-04 1.1422e-05 1.6281e-04 1.6749e-01 0.0000e+00
517 0.0000e+00 0.0000e+00 1.6204e-04 1.0240e-05 1.6204e-04 1.6764e-01 0.0000e+00
518 0.0000e+00 0.0000e+00 1.6127e-04 9.1850e-06 1.6127e-04 1.6779e-01 0.0000e+00
519 0.0000e+00 0.0000e+00 1.6051e-04 8.2423e-06 1.6051e-04 1.6795e-01 0.0000e+00
520 0.0000e+00 0.0000e+00 1.5975e-04 7.3997e-06 1.5975e-04 1.6810e-01 0.0000e+00
521 0.0000e+00 0.0000e+00 1.5899e-04 6.6456e-06 1.5899e-04 1.6825e-01 0.0000e+00
522 0.0000e+00 0.0000e+00 1.5823e-04 5.9716e-06 1.5823e-04 1.6840e-01 0.0000e+00
523 0.0000e+00 0.0000e+00 1.5748e-04 5.3682e-06 1.5748e-04 1.6855e-01 0.0000e+00
524 0.0000e+00 0.0000e+00 1.5673e-04 4.8277e-06 1.5673e-04 1.6871e-01 0.0000e+00
525 0.0000e+00 4.1700e-05 1.5599e-04 4.3434e-06 1.5599e-04 1.6886e-01 0.0000e+00
526 0.0000e+00 8.0400e-05 1.5525e-04 3.9092e-06 1.5525e-04 1.6901e-01 0.0000e+00
527 0.0000e+00 1.1380e-04 1.5452e-04 3.5198e-06 1.5452e-04 1.6916e-01 0.0000e+00
528 0.0000e+00 1.3930e-04 1.5379e-04 3.1703e-06 1.5379e-04 1.6931e-01 0.0000e+00
529 0.0000e+00 1.5420e-04 1.5307e-04 2.8566e-06 1.5307e-04 1.6946e-01 0.0000e+00
530 0.0000e+00 1.6090e-04 1.5236e-04 2.5748e-06 1.5236e-04 1.6961e-01 0.0000e+00
531 0.0000e+00 1.5420e-04 1.5164e-04 2.3217e-06 1.5164e-04 1.6976e-01 0.0000e+00
532 0.0000e+00 1.3930e-04 1.5094e-04 2.0941e-06 1.5094e-04 1.6991e-01 0.0000e+00
533 0.0000e+00 1.1380e-04 1.5024e-04 1.8888e-06 1.5024e-04 1.7006e-01 0.0000e+00
534 0.0000e+00 8.0400e-05 1.4954e-04 1.7049e-06 1.4954e-04 1.7021e-01 0.0000e+00
535 0.0000e+00 3.8900e-05 1.4885e-04 1.5394e-06 1.4885e-04 1.7035e-01 0.0000e+00
536 0.0000e+00 0.0000e+00 1.4817e-04 1.3903e-06 1.4817e-04 1.7050e-01 0.0000e+00
537 0.0000e+00 0.0000e+00 1.4749e-04 1.2561e-06 1.4749e-04 1.7065e-01 0.0000e+00
538 0.0000e+00 0.0000e+00 1.4682e-04 1.1352e-06 1.4682e-04 1.7079e-01 0.0000e+00
539 0.0000e+00 0.0000e+00 1.4615e-04 1.0263e-06 1.4615e-04 1.7094e-01 0.0000e+00
540 0.0000e+00 0.0000e+00 1.4549e-04 9.2802e-07 1.4549e-04 1.7108e-01 0.0000e+00
541 0.0000e+00 0.0000e+00 1.4483e-04 8.3942e-07 1.4483e-04 1.7122e-01 0.0000e+00
542 0.0000e+00 0.0000e+00 1.4418e-04 7.5949e-07 1.4418e-04 1.7137e-01 0.0000e+00
543 0.0000e+00 0.0000e+00 1.4354e-04 6.8737e-07 1.4354e-04 1.7151e-01 0.0000e+00
544 0.0000e+00 0.0000e+00 1.4290e-04 6.2127e-07 1.4290e-04 1.7165e-01 0.0000e+00
545 0.0000e+00 0.0000e+00 1.4227e-04 5.6264e-07 1.4227e-04 1.7180e-01 0.0000e+00
546 0.0000e+00 0.0000e+00 1.4164e-04 5.0967e-07 1.4164e-04 1.7194e-01 0.0000e+00
547 0.0000e+00 0.0000e+00 1.4101e-04 4.6181e-07 1.4101e-04 1.7208e-01 0.0000e+00
548 0.0000e+00 0.0000e+00 1.4040e-04 4.1854e-07 1.4040e-04 1.7222e-01 0.0000e+00
549 0.0000e+00 2.0700e-05 1.3978e-04 3.7942e-07 1.3978e-04 1.7236e-01 0.0000e+00
550 0.0000e+00 4.0000e-05 1.3918e-04 3.4404e-07 1.3918e-04 1.7249e-01 0.0000e+00
551 0.0000e+00 5.6600e-05 1.3857e-04 3.1203e-07 1.3857e-04 1.7263e-01 0.0000e+00
552 1.0000e-03 6.9300e-05 1.3798e-04 2.8306e-07 1.3798e-04 1.7277e-01 0.0000e+00
553 1.0000e-03 7.6600e-05 1.3738e-04 2.5685e-07 1.3738e-04 1.7291e-01 0.0000e+00
554 2.0000e-03 8.0000e-05 1.5414e-04 9.9520e-05 1.3680e-04 1.7295e-01 1.7346e-05
555 1.5000e-03 7.6600e-05 1.7028e-04 2.6753e-04 1.3664e-04 1.7281e-01 3.3645e-05
556 0.0000e+00 6.9300e-05 1.3720e-04 2.0877e-04 1.3720e-04 1.7274e-01 0.0000e+00
557 5.0000e-04 5.6600e-05 1.4590e-04 2.2563e-04 1.3750e-04 1.7265e-01 8.3926e-06
558 0.0000e+00 4.0000e-05 1.3788e-04 1.8944e-04 1.3788e-04 1.7260e-01 0.0000e+00
559 0.0000e+00 1.9400e-05 1.3811e-04 1.6375e-04 1.3811e-04 1.7258e-01 0.0000e+00
560 0.0000e+00 0.0000e+00 1.3822e-04 1.4252e-04 1.3822e-04 1.7257e-01 0.0000e+00
561 0.0000e+00 0.0000e+00 1.3824e-04 1.2458e-04 1.3824e-04 1.7259e-01 0.0000e+00
562 0.0000e+00 0.0000e+00 1.3818e-04 1.0923e-04 1.3818e-04 1.7262e-01 0.0000e+00
563 0.0000e+00 0.0000e+00 1.3805e-04 9.6025e-05 1.3805e-04 1.7266e-01 0.0000e+00
564 0.0000e+00 0.0000e+00 1.3787e-04 8.4594e-05 1.3787e-04 1.7271e-01 0.0000e+00
565 5.0000e-04 0.0000e+00 1.4674e-04 1.2685e-04 1.3764e-04 1.7272e-01 9.1005e-06
566 0.0000e+00 0.0000e+00 1.3759e-04 1.0530e-04 1.3759e-04 1.7275e-01 0.0000e+00
567 0.0000e+00 0.0000e+00 1.3746e-04 9.1660e-05 1.3746e-04 1.7280e-01 0.0000e+00
568 0.0000e+00 0.0000e+00 1.3726e-04 8.0387e-05 1.3726e-04 1.7286e-01 0.0000e+00
569 0.0000e+00 0.0000e+00 1.3702e-04 7.0762e-05 1.3702e-04 1.7292e-01 0.0000e+00
570 0.0000e+00 0.0000e+00 1.3673e-04 6.2447e-05 1.3673e-04 1.7300e-01 0.0000e+00
571 0.0000e+00 0.0000e+00 1.3641e-04 5.5221e-05 1.3641e-04 1.7308e-01 0.0000e+00
572 0.0000e+00 0.0000e+00 1.3607e-04 4.8914e-05 1.3607e-04 1.7317e-01 0.0000e+00
573 3.0000e-03 3.0500e-05 2.0678e-04 4.4927e-04 1.3570e-04 1.7285e-01 7.1082e-05
574 1.0000e-03 5.8900e-05 1.6001e-04 4.7731e-04 1.3704e-04 1.7251e-01 2.2971e-05
575 2.5000e-03 8.3300e-05 1.9634e-04 7.2619e-04 1.3850e-04 1.7192e-01 5.7839e-05
576 3.5000e-03 1.0200e-04 2.2486e-04 1.0531e-03 1.4107e-04 1.7101e-01 8.3789e-05
577 1.5000e-03 1.1290e-04 1.7827e-04 1.0549e-03 1.4515e-04 1.7010e-01 3.3124e-05
578 0.0000e+00 1.1780e-04 1.4933e-04 8.8711e-04 1.4933e-04 1.6936e-01 0.0000e+00
579 0.0000e+00 1.1290e-04 1.5281e-04 7.6792e-04 1.5281e-04 1.6875e-01 0.0000e+00
580 0.0000e+00 1.0200e-04 1.5578e-04 6.6868e-04 1.5578e-04 1.6824e-01 0.0000e+00
581 0.0000e+00 8.3300e-05 1.5830e-04 5.8421e-04 1.5830e-04 1.6781e-01 0.0000e+00
582 0.0000e+00 5.8900e-05 1.6042e-04 5.1170e-04 1.6042e-04 1.6746e-01 0.0000e+00
583 0.0000e+00 2.8500e-05 1.6219e-04 4.4912e-04 1.6219e-04 1.6717e-01 0.0000e+00
584 0.0000e+00 0.0000e+00 1.6365e-04 3.9487e-04 1.6365e-04 1.6694e-01 0.0000e+00
585 0.0000e+00 0.0000e+00 1.6484e-04 3.4770e-04 1.6484e-04 1.6676e-01 0.0000e+00
586 0.0000e+00 0.0000e+00 1.6578e-04 3.0657e-04 1.6578e-04 1.6662e-01 0.0000e+00
587 0.0000e+00 0.0000e+00 1.6651e-04 2.7063e-04 1.6651e-04 1.6651e-01 0.0000e+00
588 0.0000e+00 0.0000e+00 1.6705e-04 2.3916e-04 1.6705e-04 1.6644e-01 0.0000e+00
589 5.0000e-04 0.0000e+00 1.6743e-04 2.1157e-04 1.6743e-04 1.6640e-01 0.0000e+00
590 0.0000e+00 0.0000e+00 1.6766e-04 1.8734e-04 1.6766e-04 1.6638e-01 0.0000e+00
591 0.0000e+00 0.0000e+00 1.6777e-04 1.6604e-04 1.6777e-04 1.6638e-01 0.0000e+00
592 5.0000e-04 0.0000e+00 1.7991e-04 1.9992e-04 1.6776e-04 1.6635e-01 1.2156e-05
593 0.0000e+00 0.0000e+00 1.6793e-04 1.7113e-04 1.6793e-04 1.6634e-01 0.0000e+00
594 1.0000e-03 0.0000e+00 1.9936e-04 2.8645e-04 1.6794e-04 1.6623e-01 3.1419e-05
595 0.0000e+00 0.0000e+00 1.6857e-04 2.3703e-04 1.6857e-04 1.6616e-01 0.0000e+00
596 0.0000e+00 0.0000e+00 1.6893e-04 2.0563e-04 1.6893e-04 1.6612e-01 0.0000e+00
597 0.0000e+00 6.2600e-05 1.6912e-04 1.7947e-04 1.6912e-04 1.6611e-01 0.0000e+00
598 0.0000e+00 1.2080e-04 1.6917e-04 1.5729e-04 1.6917e-04 1.6612e-01 0.0000e+00
599 0.0000e+00 1.7090e-04 1.6911e-04 1.3828e-04 1.6911e-04 1.6615e-01 0.0000e+00
600 0.0000e+00 2.0930e-04 1.6895e-04 1.2185e-04 1.6895e-04 1.6620e-01 0.0000e+00
601 0.0000e+00 2.3150e-04 1.6870e-04 1.0759e-04 1.6870e-04 1.6626e-01 0.0000e+00
602 0.0000e+00 2.4180e-04 1.6838e-04 9.5148e-05 1.6838e-04 1.6633e-01 0.0000e+00
603 0.0000e+00 2.3150e-04 1.6799e-04 8.4264e-05 1.6799e-04 1.6642e-01 0.0000e+00
604 0.0000e+00 2.0930e-04 1.6755e-04 7.4718e-05 1.6755e-04 1.6651e-01 0.0000e+00
605 0.0000e+00 1.7090e-04 1.6707e-04 6.6327e-05 1.6707e-04 1.6661e-01 0.0000e+00
606 0.0000e+00 1.2080e-04 1.6654e-04 5.8940e-05 1.6654e-04 1.6672e-01 0.0000e+00
607 0.0000e+00 5.8500e-05 1.6599e-04 5.2424e-05 1.6599e-04 1.6683e-01 0.0000e+00
608 0.0000e+00 0.0000e+00 1.6540e-04 4.6670e-05 1.6540e-04 1.6695e-01 0.0000e+00
609 0.0000e+00 0.0000e+00 1.6478e-04 4.1582e-05 1.6478e-04 1.6707e-01 0.0000e+00
610 0.0000e+00 0.0000e+00 1.6415e-04 3.7077e-05 1.6415e-04 1.6720e-01 0.0000e+00
611 0.0000e+00 0.0000e+00 1.6350e-04 3.3085e-05 1.6350e-04 1.6733e-01 0.0000e+00
612 0.0000e+00 0.0000e+00 1.6284e-04 2.9543e-05 1.6284e-04 1.6747e-01 0.0000e+00
613 0.0000e+00 0.0000e+00 1.6216e-04 2.6397e-05 1.6216e-04 1.6760e-01 0.0000e+00
614 0.0000e+00 0.0000e+00 1.6147e-04 2.3602e-05 1.6147e-04 1.6774e-01 0.0000e+00
615 0.0000e+00 0.0000e+00 1.6078e-04 2.1116e-05 1.6078e-04 1.6788e-01 0.0000e+00
616 0.0000e+00 0.0000e+00 1.6008e-04 1.8902e-05 1.6008e-04 1.6802e-01 0.0000e+00
617 0.0000e+00 0.0000e+00 1.5937e-04 1.6929e-05 1.5937e-04 1.6816e-01 0.0000e+00
618 0.0000e+00 0.0000e+00 1.5867e-04 1.5172e-05 1.5867e-04 1.6831e-01 0.0000e+00
619 0.0000e+00 0.0000e+00 1.5796e-04 1.3603e-05 1.5796e-04 1.6845e-01 0.0000e+00
620 0.0000e+00 0.0000e+00 1.5724e-04 1.2203e-05 1.5724e-04 1.6860e-01 0.0000e+00
621 0.0000e+00 1.4200e-05 1.5653e-04 1.0953e-05 1.5653e-04 1.6874e-01 0.0000e+00
622 0.0000e+00 2.7500e-05 1.5582e-04 9.8351e-06 1.5582e-04 1.6889e-01 0.0000e+00
623 0.0000e+00 3.8900e-05 1.5511e-04 8.8354e-06 1.5511e-04 1.6903e-01 0.0000e+00
624 1.0000e-03 4.7600e-05 1.5441e-04 7.9409e-06 1.5441e-04 1.6918e-01 0.0000e+00
625 1.0000e-03 5.2700e-05 1.5597e-04 1.7565e-05 1.5370e-04 1.6932e-01 2.2707e-06
626 3.0000e-03 5.5000e-05 2.4433e-04 4.0685e-04 1.5305e-04 1.6906e-01 9.1283e-05
627 2.0000e-03 5.2700e-05 2.1538e-04 5.7543e-04 1.5427e-04 1.6864e-01 6.1111e-05
628 1.5000e-03 4.7600e-05 2.0178e-04 6.6391e-04 1.5631e-04 1.6813e-01 4.5473e-05
629 3.5000e-03 3.8900e-05 2.6728e-04 1.0163e-03 1.5881e-04 1.6728e-01 1.0847e-04
630 4.0000e-03 2.7500e-05 2.8758e-04 1.3711e-03 1.6312e-04 1.6607e-01 1.2446e-04
631 5.0000e-03 1.3300e-05 3.2563e-04 1.8147e-03 1.6940e-04 1.6442e-01 1.5623e-04
632 0.0000e+00 0.0000e+00 1.7834e-04 1.5094e-03 1.7834e-04 1.6309e-01 0.0000e+00
633 0.0000e+00 0.0000e+00 1.8591e-04 1.3011e-03 1.8591e-04 1.6198e-01 0.0000e+00
634 1.0000e-03 0.0000e+00 2.2351e-04 1.2657e-03 1.9250e-04 1.6090e-01 3.1002e-05
635 2.5000e-03 0.0000e+00 2.7762e-04 1.4416e-03 1.9907e-04 1.5966e-01 7.8549e-05
636 3.5000e-03 0.0000e+00 3.1692e-04 1.7198e-03 2.0695e-04 1.5815e-01 1.0997e-04
637 3.0000e-03 0.0000e+00 3.1123e-04 1.8760e-03 2.1697e-04 1.5649e-01 9.4258e-05
638 0.0000e+00 0.0000e+00 2.2852e-04 1.5753e-03 2.2852e-04 1.5514e-01 0.0000e+00
639 5.0000e-04 0.0000e+00 2.5405e-04 1.4321e-03 2.3834e-04 1.5395e-01 1.5710e-05
640 0.0000e+00 0.0000e+00 2.4740e-04 1.2314e-03 2.4740e-04 1.5296e-01 0.0000e+00
641 5.0000e-04 0.0000e+00 2.7083e-04 1.1440e-03 2.5512e-04 1.5207e-01 1.5710e-05
642 0.0000e+00 0.0000e+00 2.6231e-04 9.8413e-04 2.6231e-04 1.5135e-01 0.0000e+00
643 5.0000e-04 0.0000e+00 2.8401e-04 9.3236e-04 2.6830e-04 1.5069e-01 1.5710e-05
644 0.0000e+00 0.0000e+00 2.7392e-04 8.0014e-04 2.7392e-04 1.5016e-01 0.0000e+00
645 0.0000e+00 1.6900e-05 2.7846e-04 6.9511e-04 2.7846e-04 1.4975e-01 0.0000e+00
646 0.0000e+00 3.2600e-05 2.8211e-04 6.0533e-04 2.8211e-04 1.4942e-01 0.0000e+00
647 0.0000e+00 4.6100e-05 2.8498e-04 5.2796e-04 2.8498e-04 1.4918e-01 0.0000e+00
648 0.0000e+00 5.6400e-05 2.8715e-04 4.6109e-04 2.8715e-04 1.4901e-01 0.0000e+00
649 0.0000e+00 6.2400e-05 2.8871e-04 4.0316e-04 2.8871e-04 1.4889e-01 0.0000e+00
650 0.0000e+00 6.5200e-05 2.8975e-04 3.5290e-04 2.8975e-04 1.4883e-01 0.0000e+00
651 0.0000e+00 6.2400e-05 2.9032e-04 3.0922e-04 2.9032e-04 1.4881e-01 0.0000e+00
652 0.0000e+00 5.6400e-05 2.9049e-04 2.7123e-04 2.9049e-04 1.4883e-01 0.0000e+00
653 0.0000e+00 4.6100e-05 2.9032e-04 2.3813e-04 2.9032e-04 1.4888e-01 0.0000e+00
654 0.0000e+00 3.2600e-05 2.8984e-04 2.0927e-04 2.8984e-04 1.4896e-01 0.0000e+00
655 0.0000e+00 1.5800e-05 2.8912e-04 1.8408e-04 2.8912e-04 1.4907e-01 0.0000e+00
656 0.0000e+00 0.0000e+00 2.8817e-04 1.6206e-04 2.8817e-04 1.4919e-01 0.0000e+00
657 0.0000e+00 0.0000e+00 2.8703e-04 1.4280e-04 2.8703e-04 1.4934e-01 0.0000e+00
658 0.0000e+00 0.0000e+00 2.8574e-04 1.2593e-04 2.8574e-04 1.4950e-01 0.0000e+00
659 0.0000e+00 0.0000e+00 2.8432e-04 1.1115e-04 2.8432e-04 1.4967e-01 0.0000e+00
660 0.0000e+00 0.0000e+00 2.8279e-04 9.8183e-05 2.8279e-04 1.4985e-01 0.0000e+00
661 0.0000e+00 0.0000e+00 2.8116e-04 8.6795e-05 2.8116e-04 1.5005e-01 0.0000e+00
662 0.0000e+00 0.0000e+00 2.7946e-04 7.6787e-05 2.7946e-04 1.5025e-01 0.0000e+00
663 0.0000e+00 0.0000e+00 2.7769e-04 6.7983e-05 2.7769e-04 1.5046e-01 0.0000e+00
664 0.0000e+00 0.0000e+00 2.7588e-04 6.0232e-05 2.7588e-04 1.5068e-01 0.0000e+00
665 0.0000e+00 0.0000e+00 2.7403e-04 5.3403e-05 2.7403e-04 1.5090e-01 0.0000e+00
666 5.0000e-04 0.0000e+00 2.7243e-04 4.8830e-05 2.7214e-04 1.5112e-01 2.9128e-07
667 0.0000e+00 0.0000e+00 2.7025e-04 4.3098e-05 2.7025e-04 1.5135e-01 0.0000e+00
668 5.0000e-04 0.0000e+00 2.8405e-04 1.1604e-04 2.6834e-04 1.5150e-01 1.5710e-05
669 5.0000e-04 1.5300e-05 2.8277e-04 1.6732e-04 2.6706e-04 1.5160e-01 1.5710e-05
670 0.0000e+00 2.9500e-05 2.6623e-04 1.3190e-04 2.6623e-04 1.5173e-01 0.0000e+00
671 1.0000e-03 4.1700e-05 2.9513e-04 2.5971e-04 2.6512e-04 1.5174e-01 3.0012e-05
672 0.0000e+00 5.1100e-05 2.6507e-04 2.0217e-04 2.6507e-04 1.5180e-01 0.0000e+00
673 0.0000e+00 5.6500e-05 2.6455e-04 1.7055e-04 2.6455e-04 1.5190e-01 0.0000e+00
674 0.0000e+00 5.9000e-05 2.6378e-04 1.4572e-04 2.6378e-04 1.5201e-01 0.0000e+00
675 5.0000e-04 5.6500e-05 2.7198e-04 1.7045e-04 2.6281e-04 1.5211e-01 9.1752e-06
676 5.0000e-04 5.1100e-05 2.7598e-04 2.0926e-04 2.6205e-04 1.5216e-01 1.3935e-05
677 0.0000e+00 4.1700e-05 2.6162e-04 1.7015e-04 2.6162e-04 1.5225e-01 0.0000e+00
678 0.0000e+00 2.9500e-05 2.6087e-04 1.4516e-04 2.6087e-04 1.5237e-01 0.0000e+00
679 1.0000e-03 1.4300e-05 2.8751e-04 2.6009e-04 2.5993e-04 1.5237e-01 2.7580e-05
680 1.0000e-03 0.0000e+00 2.9090e-04 3.5754e-04 2.5993e-04 1.5227e-01 3.0970e-05
681 0.0000e+00 0.0000e+00 2.6072e-04 2.8449e-04 2.6072e-04 1.5225e-01 0.0000e+00
682 0.0000e+00 0.0000e+00 2.6092e-04 2.4074e-04 2.6092e-04 1.5227e-01 0.0000e+00
683 0.0000e+00 0.0000e+00 2.6075e-04 2.0602e-04 2.6075e-04 1.5232e-01 0.0000e+00
684 0.0000e+00 0.0000e+00 2.6031e-04 1.7736e-04 2.6031e-04 1.5240e-01 0.0000e+00
685 0.0000e+00 0.0000e+00 2.5963e-04 1.5332e-04 2.5963e-04 1.5251e-01 0.0000e+00
686 0.0000e+00 0.0000e+00 2.5877e-04 1.3298e-04 2.5877e-04 1.5264e-01 0.0000e+00
687 0.0000e+00 0.0000e+00 2.5776e-04 1.1566e-04 2.5776e-04 1.5278e-01 0.0000e+00
688 0.0000e+00 0.0000e+00 2.5661e-04 1.0083e-04 2.5661e-04 1.5293e-01 0.0000e+00
689 0.0000e+00 0.0000e+00 2.5537e-04 8.8079e-05 2.5537e-04 1.5310e-01 0.0000e+00
690 0.0000e+00 0.0000e+00 2.5404e-04 7.7082e-05 2.5404e-04 1.5328e-01 0.0000e+00
691 0.0000e+00 0.0000e+00 2.5264e-04 6.7569e-05 2.5264e-04 1.5346e-01 0.0000e+00
692 0.0000e+00 0.0000e+00 2.5118e-04 5.9318e-05 2.5118e-04 1.5365e-01 0.0000e+00
693 0.0000e+00 5.6100e-05 2.4968e-04 5.2146e-05 2.4968e-04 1.5385e-01 0.0000e+00
694 0.0000e+00 1.0830e-04 2.4814e-04 4.5900e-05 2.4814e-04 1.5405e-01 0.0000e+00
695 0.0000e+00 1.5320e-04 2.4658e-04 4.0450e-05 2.4658e-04 1.5426e-01 0.0000e+00
696 0.0000e+00 1.8770e-04 2.4499e-04 3.5686e-05 2.4499e-04 1.5447e-01 0.0000e+00
697 0.0000e+00 2.0760e-04 2.4340e-04 3.1516e-05 2.4340e-04 1.5468e-01 0.0000e+00
698 0.0000e+00 2.1680e-04 2.4179e-04 2.7862e-05 2.4179e-04 1.5490e-01 0.0000e+00
699 0.0000e+00 2.0760e-04 2.4018e-04 2.4654e-05 2.4018e-04 1.5511e-01 0.0000e+00
700 5.0000e-04 1.8770e-04 2.3857e-04 2.1835e-05 2.3857e-04 1.5533e-01 0.0000e+00
701 0.0000e+00 1.5320e-04 2.3696e-04 1.9355e-05 2.3696e-04 1.5555e-01 0.0000e+00
702 0.0000e+00 1.0830e-04 2.3535e-04 1.7171e-05 2.3535e-04 1.5576e-01 0.0000e+00
703 0.0000e+00 5.2400e-05 2.3375e-04 1.5245e-05 2.3375e-04 1.5598e-01 0.0000e+00
704 0.0000e+00 0.0000e+00 2.3216e-04 1.3545e-05 2.3216e-04 1.5620e-01 0.0000e+00
705 0.0000e+00 0.0000e+00 2.3058e-04 1.2043e-05 2.3058e-04 1.5642e-01 0.0000e+00
706 0.0000e+00 0.0000e+00 2.2901e-04 1.0716e-05 2.2901e-04 1.5664e-01 0.0000e+00
707 0.0000e+00 0.0000e+00 2.2745e-04 9.5407e-06 2.2745e-04 1.5686e-01 0.0000e+00
708 0.0000e+00 0.0000e+00 2.2591e-04 8.4994e-06 2.2591e-04 1.5707e-01 0.0000e+00
709 0.0000e+00 0.0000e+00 2.2438e-04 7.5772e-06 2.2438e-04 1.5729e-01 0.0000e+00
710 0.0000e+00 0.0000e+00 2.2287e-04 6.7592e-06 2.2287e-04 1.5751e-01 0.0000e+00
711 0.0000e+00 0.0000e+00 2.2137e-04 6.0329e-06 2.2137e-04 1.5772e-01 0.0000e+00
712 0.0000e+00 0.0000e+00 2.1988e-04 5.3878e-06 2.1988e-04 1.5794e-01 0.0000e+00
713 0.0000e+00 0.0000e+00 2.1841e-04 4.8143e-06 2.1841e-04 1.5815e-01 0.0000e+00
714 0.0000e+00 0.0000e+00 2.1696e-04 4.3041e-06 2.1696e-04 1.5836e-01 0.0000e+00
715 0.0000e+00 0.0000e+00 2.1552e-04 3.8500e-06 2.1552e-04 1.5857e-01 0.0000e+00
716 0.0000e+00 0.0000e+00 2.1410e-04 3.4455e-06 2.1410e-04 1.5878e-01 0.0000e+00
717 0.0000e+00 8.5600e-05 2.1270e-04 3.0851e-06 2.1270e-04 1.5899e-01 0.0000e+00
718 0.0000e+00 1.6520e-04 2.1131e-04 2.7637e-06 2.1131e-04 1.5920e-01 0.0000e+00
719 0.0000e+00 2.3380e-04 2.0994e-04 2.4760e-06 2.0994e-04 1.5941e-01 0.0000e+00
720 0.0000e+00 2.8620e-04 2.0858e-04 2.2202e-06 2.0858e-04 1.5962e-01 0.0000e+00
721 0.0000e+00 3.1670e-04 2.0724e-04 1.9917e-06 2.0724e-04 1.5982e-01 0.0000e+00
722 0.0000e+00 3.3060e-04 2.0591e-04 1.7875e-06 2.0591e-04 1.6003e-01 0.0000e+00
723 0.0000e+00 3.1670e-04 2.0460e-04 1.6049e-06 2.0460e-04 1.6023e-01 0.0000e+00
724 0.0000e+00 2.8620e-04 2.0331e-04 1.4415e-06 2.0331e-04 1.6043e-01 0.0000e+00
725 0.0000e+00 2.3380e-04 2.0203e-04 1.2953e-06 2.0203e-04 1.6063e-01 0.0000e+00
726 0.0000e+00 1.6520e-04 2.0077e-04 1.1644e-06 2.0077e-04 1.6083e-01 0.0000e+00
727 0.0000e+00 8.0000e-05 1.9952e-04 1.0471e-06 1.9952e-04 1.6103e-01 0.0000e+00
728 0.0000e+00 0.0000e+00 1.9829e-04 9.4195e-07 1.9829e-04 1.6123e-01 0.0000e+00
729 0.0000e+00 0.0000e+00 1.9707e-04 8.4769e-07 1.9707e-04 1.6142e-01 0.0000e+00
730 0.0000e+00 0.0000e+00 1.9586e-04 7.6205e-07 1.9586e-04 1.6162e-01 0.0000e+00
731 0.0000e+00 0.0000e+00 1.9467e-04 6.8637e-07 1.9467e-04 1.6181e-01 0.0000e+00
732 0.0000e+00 0.0000e+00 1.9350e-04 6.1842e-07 1.9350e-04 1.6200e-01 0.0000e+00
733 0.0000e+00 0.0000e+00 1.9233e-04 5.5738e-07 1.9233e-04 1.6220e-01 0.0000e+00
734 0.0000e+00 0.0000e+00 1.9118e-04 5.0252e-07 1.9118e-04 1.6239e-01 0.0000e+00
735 0.0000e+00 0.0000e+00 1.9005e-04 4.5321e-07 1.9005e-04 1.6258e-01 0.0000e+00
736 0.0000e+00 0.0000e+00 1.8892e-04 4.0887e-07 1.8892e-04 1.6277e-01 0.0000e+00
737 0.0000e+00 0.0000e+00 1.8782e-04 3.6898e-07 1.8782e-04 1.6295e-01 0.0000e+00
738 0.0000e+00 0.0000e+00 1.8672e-04 3.3308e-07 1.8672e-04 1.6314e-01 0.0000e+00
739 0.0000e+00 0.0000e+00 1.8563e-04 3.0077e-07 1.8563e-04 1.6332e-01 0.0000e+00
740 0.0000e+00 0.0000e+00 1.8456e-04 2.7167e-07 1.8456e-04 1.6351e-01 0.0000e+00
741 0.0000e+00 7.4700e-05 1.8350e-04 2.4398e-07 1.8350e-04 1.6369e-01 0.0000e+00
742 0.0000e+00 1.4410e-04 1.8245e-04 2.2057e-07 1.8245e-04 1.6387e-01 0.0000e+00
743 0.0000e+00 2.0380e-04 1.8142e-04 1.9947e-07 1.8142e-04 1.6406e-01 0.0000e+00
744 0.0000e+00 2.4960e-04 1.8039e-04 1.8043e-07 1.8039e-04 1.6424e-01 0.0000e+00
745 0.0000e+00 2.7610e-04 1.7938e-04 1.6324e-07 1.7938e-04 1.6441e-01 0.0000e+00
746 0.0000e+00 2.8830e-04 1.7838e-04 1.4774e-07 1.7838e-04 1.6459e-01 0.0000e+00
747 0.0000e+00 2.7610e-04 1.7739e-04 1.3374e-07 1.7739e-04 1.6477e-01 0.0000e+00
748 0.0000e+00 2.4960e-04 1.7641e-04 1.2109e-07 1.7641e-04 1.6495e-01 0.0000e+00
749 0.0000e+00 2.0380e-04 1.7544e-04 1.0967e-07 1.7544e-04 1.6512e-01 0.0000e+00
750 0.0000e+00 1.4410e-04 1.7448e-04 9.9347e-08 1.7448e-04 1.6530e-01 0.0000e+00
751 0.0000e+00 6.9800e-05 1.7353e-04 9.0018e-08 1.7353e-04 1.6547e-01 0.0000e+00
752 0.0000e+00 0.0000e+00 1.7259e-04 8.1584e-08 1.7259e-04 1.6564e-01 0.0000e+00
753 0.0000e+00 0.0000e+00 1.7167e-04 7.2174e-08 1.7167e-04 1.6581e-01 0.0000e+00
754 0.0000e+00 0.0000e+00 1.7075e-04 6.5500e-08 1.7075e-04 1.6598e-01 0.0000e+00
755 0.0000e+00 0.0000e+00 1.6984e-04 5.9455e-08 1.6984e-04 1.6615e-01 0.0000e+00
756 0.0000e+00 0.0000e+00 1.6894e-04 5.3978e-08 1.6894e-04 1.6632e-01 0.0000e+00
757 0.0000e+00 0.0000e+00 1.6805e-04 4.9015e-08 1.6805e-04 1.6649e-01 0.0000e+00
758 0.0000e+00 0.0000e+00 1.6717e-04 4.4516e-08 1.6717e-04 1.6666e-01 0.0000e+00
759 0.0000e+00 0.0000e+00 1.6630e-04 4.0438e-08 1.6630e-04 1.6682e-01 0.0000e+00
760 0.0000e+00 0.0000e+00 1.6544e-04 3.6741e-08 1.6544e-04 1.6699e-01 0.0000e+00
761 0.0000e+00 0.0000e+00 1.6459e-04 3.3387e-08 1.6459e-04 1.6715e-01 0.0000e+00
762 0.0000e+00 0.0000e+00 1.6374e-04 3.0345e-08 1.6374e-04 1.6732e-01 0.0000e+00
763 0.0000e+00 0.0000e+00 1.6291e-04 2.7585e-08 1.6291e-04 1.6748e-01 0.0000e+00
764 0.0000e+00 0.0000e+00 1.6208e-04 2.3064e-08 1.6208e-04 1.6764e-01 0.0000e+00
765 0.0000e+00 9.6700e-05 1.6126e-04 2.1014e-08 1.6126e-04 1.6780e-01 0.0000e+00
766 0.0000e+00 1.8660e-04 1.6045e-04 1.9148e-08 1.6045e-04 1.6796e-01 0.0000e+00
767 0.0000e+00 2.6400e-04 1.5965e-04 1.7451e-08 1.5965e-04 1.6812e-01 0.0000e+00
768 0.0000e+00 3.2330e-04 1.5885e-04 1.5906e-08 1.5885e-04 1.6828e-01 0.0000e+00
769 0.0000e+00 3.5770e-04 1.5807e-04 1.4500e-08 1.5807e-04 1.6844e-01 0.0000e+00
770 0.0000e+00 3.7350e-04 1.5729e-04 1.3220e-08 1.5729e-04 1.6860e-01 0.0000e+00
771 0.0000e+00 3.5770e-04 1.5652e-04 1.2054e-08 1.5652e-04 1.6876e-01 0.0000e+00
772 0.0000e+00 3.2330e-04 1.5575e-04 1.0993e-08 1.5575e-04 1.6891e-01 0.0000e+00
773 0.0000e+00 2.6400e-04 1.5500e-04 1.0026e-08 1.5500e-04 1.6907e-01 0.0000e+00
774 0.0000e+00 1.8660e-04 1.5425e-04 9.1459e-09 1.5425e-04 1.6922e-01 0.0000e+00
775 0.0000e+00 9.0400e-05 1.5351e-04 8.3438e-09 1.5351e-04 1.6937e-01 0.0000e+00
776 0.0000e+00 0.0000e+00 1.5277e-04 6.0958e-09 1.5277e-04 1.6953e-01 0.0000e+00
777 0.0000e+00 0.0000e+00 1.5204e-04 5.5792e-09 1.5204e-04 1.6968e-01 0.0000e+00
778 0.0000e+00 0.0000e+00 1.5132e-04 5.1068e-09 1.5132e-04 1.6983e-01 0.0000e+00
779 0.0000e+00 0.0000e+00 1.5061e-04 4.6749e-09 1.5061e-04 1.6998e-01 0.0000e+00
780 0.0000e+00 0.0000e+00 1.4990e-04 4.2799e-09 1.4990e-04 1.7013e-01 0.0000e+00
781 0.0000e+00 0.0000e+00 1.4920e-04 3.9186e-09 1.4920e-04 1.7028e-01 0.0000e+00
782 0.0000e+00 0.0000e+00 1.4851e-04 3.5881e-09 1.4851e-04 1.7043e-01 0.0000e+00
783 0.0000e+00 0.0000e+00 1.4782e-04 3.2858e-09 1.4782e-04 1.7058e-01 0.0000e+00
784 0.0000e+00 0.0000e+00 1.4714e-04 3.0092e-09 1.4714e-04 1.7072e-01 0.0000e+00
785 0.0000e+00 0.0000e+00 1.4646e-04 2.7561e-09 1.4646e-04 1.7087e-01 0.0000e+00
786 0.0000e+00 0.0000e+00 1.4580e-04 2.5245e-09 1.4580e-04 1.7102e-01 0.0000e+00
787 0.0000e+00 0.0000e+00 1.4513e-04 2.3126e-09 1.4513e-04 1.7116e-01 0.0000e+00
788 0.0000e+00 0.0000e+00 1.4448e-04 1.2163e-09 1.4448e-04 1.7130e-01 0.0000e+00
789 0.0000e+00 1.2590e-04 1.4383e-04 1.1189e-09 1.4383e-04 1.7145e-01 0.0000e+00
790 0.0000e+00 2.4290e-04 1.4318e-04 1.0293e-09 1.4318e-04 1.7159e-01 0.0000e+00
791 0.0000e+00 3.4370e-04 1.4254e-04 9.4696e-10 1.4254e-04 1.7173e-01 0.0000e+00
792 0.0000e+00 4.2090e-04 1.4191e-04 8.7126e-10 1.4191e-04 1.7188e-01 0.0000e+00
793 0.0000e+00 4.6560e-04 1.4128e-04 8.0166e-10 1.4128e-04 1.7202e-01 0.0000e+00
794 0.0000e+00 4.8620e-04 1.4066e-04 7.3766e-10 1.4066e-04 1.7216e-01 0.0000e+00
795 0.0000e+00 4.6560e-04 1.4004e-04 6.7881e-10 1.4004e-04 1.7230e-01 0.0000e+00
796 0.0000e+00 4.2090e-04 1.3943e-04 6.2470e-10 1.3943e-04 1.7244e-01 0.0000e+00
797 0.0000e+00 3.4370e-04 1.3882e-04 5.7493e-10 1.3882e-04 1.7258e-01 0.0000e+00
798 0.0000e+00 2.4290e-04 1.3822e-04 5.2915e-10 1.3822e-04 1.7271e-01 0.0000e+00
799 0.0000e+00 1.1760e-04 1.3763e-04 4.8705e-10 1.3763e-04 1.7285e-01 0.0000e+00
800 0.0000e+00 0.0000e+00 1.3704e-04 1.0128e-10 1.3704e-04 1.7299e-01 0.0000e+00
801 0.0000e+00 0.0000e+00 1.3645e-04 9.3710e-11 1.3645e-04 1.7313e-01 0.0000e+00
802 0.0000e+00 0.0000e+00 1.3587e-04 8.6712e-11 1.3587e-04 1.7326e-01 0.0000e+00
803 0.0000e+00 0.0000e+00 1.3529e-04 8.0240e-11 1.3529e-04 1.7340e-01 0.0000e+00
804 0.0000e+00 0.0000e+00 1.3472e-04 7.4255e-11 1.3472e-04 1.7353e-01 0.0000e+00
805 0.0000e+00 0.0000e+00 1.3416e-04 6.8719e-11 1.3416e-04 1.7367e-01 0.0000e+00
806 0.0000e+00 0.0000e+00 1.3360e-04 6.3598e-11 1.3360e-04 1.7380e-01 0.0000e+00
807 0.0000e+00 0.0000e+00 1.3304e-04 5.8862e-11 1.3304e-04 1.7393e-01 0.0000e+00
808 0.0000e+00 0.0000e+00 1.3249e-04 5.4480e-11 1.3249e-04 1.7406e-01 0.0000e+00
809 0.0000e+00 0.0000e+00 1.3194e-04 5.0427e-11 1.3194e-04 1.7420e-01 0.0000e+00
810 0.0000e+00 0.0000e+00 1.3140e-04 4.6677e-11 1.3140e-04 1.7433e-01 0.0000e+00
811 0.0000e+00 0.0000e+00 1.3086e-04 4.3208e-11 1.3086e-04 1.7446e-01 0.0000e+00
812 0.0000e+00 0.0000e+00 1.3032e-04 0.0000e+00 1.3032e-04 1.7459e-01 0.0000e+00
813 0.0000e+00 3.0400e-05 1.2979e-04 0.0000e+00 1.2979e-04 1.7472e-01 0.0000e+00
814 0.0000e+00 5.8700e-05 1.2927e-04 0.0000e+00 1.2927e-04 1.7485e-01 0.0000e+00
815 0.0000e+00 8.3100e-05 1.2875e-04 0.0000e+00 1.2875e-04 1.7498e-01 0.0000e+00
816 0.0000e+00 1.0180e-04 1.2823e-04 0.0000e+00 1.2823e-04 1.7511e-01 0.0000e+00
817 0.0000e+00 1.1260e-04 1.2772e-04 0.0000e+00 1.2772e-04 1.7523e-01 0.0000e+00
818 0.0000e+00 1.1760e-04 1.2721e-04 0.0000e+00 1.2721e-04 1.7536e-01 0.0000e+00
819 0.0000e+00 1.1260e-04 1.2670e-04 0.0000e+00 1.2670e-04 1.7549e-01 0.0000e+00
820 0.0000e+00 1.0180e-04 1.2620e-04 0.0000e+00 1.2620e-04 1.7561e-01 0.0000e+00
821 0.0000e+00 8.3100e-05 1.2571e-04 0.0000e+00 1.2571e-04 1.7574e-01 0.0000e+00
822 0.0000e+00 5.8700e-05 1.2521e-04 0.0000e+00 1.2521e-04 1.7586e-01 0.0000e+00
823 0.0000e+00 2.8400e-05 1.2473e-04 0.0000e+00 1.2473e-04 1.7599e-01 0.0000e+00
824 0.0000e+00 0.0000e+00 1.2424e-04 0.0000e+00 1.2424e-04 1.7611e-01 0.0000e+00
825 0.0000e+00 0.0000e+00 1.2376e-04 0.0000e+00 1.2376e-04 1.7624e-01 0.0000e+00
826 0.0000e+00 0.0000e+00 1.2328e-04 0.0000e+00 1.2328e-04 1.7636e-01 0.0000e+00
827 0.0000e+00 0.0000e+00 1.2281e-04 0.0000e+00 1.2281e-04 1.7648e-01 0.0000e+00
828 0.0000e+00 0.0000e+00 1.2234e-04 0.0000e+00 1.2234e-04 1.7661e-01 0.0000e+00
829 0.0000e+00 0.0000e+00 1.2187e-04 0.0000e+00 1.2187e-04 1.7673e-01 0.0000e+00
830 0.0000e+00 0.0000e+00 1.2141e-04 0.0000e+00 1.2141e-04 1.7685e-01 0.0000e+00
831 0.0000e+00 0.0000e+00 1.2095e-04 0.0000e+00 1.2095e-04 1.7697e-01 0.0000e+00
832 0.0000e+00 0.0000e+00 1.2049e-04 0.0000e+00 1.2049e-04 1.7709e-01 0.0000e+00
833 0.0000e+00 0.0000e+00 1.2004e-04 0.0000e+00 1.2004e-04 1.7721e-01 0.0000e+00
834 0.0000e+00 0.0000e+00 1.1959e-04 0.0000e+00 1.1959e-04 1.7733e-01 0.0000e+00
835 0.0000e+00 0.0000e+00 1.1914e-04 0.0000e+00 1.1914e-04 1.7745e-01 0.0000e+00
836 0.0000e+00 0.0000e+00 1.1870e-04 0.0000e+00 1.1870e-04 1.7757e-01 0.0000e+00
837 0.0000e+00 6.6100e-05 1.1826e-04 0.0000e+00 1.1826e-04 1.7769e-01 0.0000e+00
838 0.0000e+00 1.2750e-04 1.1782e-04 0.0000e+00 1.1782e-04 1.7780e-01 0.0000e+00
839 0.0000e+00 1.8040e-04 1.1739e-04 0.0000e+00 1.1739e-04 1.7792e-01 0.0000e+00
840 0.0000e+00 2.2090e-04 1.1696e-04 0.0000e+00 1.1696e-04 1.7804e-01 0.0000e+00
841 0.0000e+00 2.4430e-04 1.1653e-04 0.0000e+00 1.1653e-04 1.7815e-01 0.0000e+00
842 0.0000e+00 2.5510e-04 1.1611e-04 0.0000e+00 1.1611e-04 1.7827e-01 0.0000e+00
843 0.0000e+00 2.4430e-04 1.1569e-04 0.0000e+00 1.1569e-04 1.7839e-01 0.0000e+00
844 0.0000e+00 2.2090e-04 1.1527e-04 0.0000e+00 1.1527e-04 1.7850e-01 0.0000e+00
845 0.0000e+00 1.8040e-04 1.1486e-04 0.0000e+00 1.1486e-04 1.7862e-01 0.0000e+00
846 0.0000e+00 1.2750e-04 1.1445e-04 0.0000e+00 1.1445e-04 1.7873e-01 0.0000e+00
847 0.0000e+00 6.1700e-05 1.1404e-04 0.0000e+00 1.1404e-04 1.7884e-01 0.0000e+00
848 0.0000e+00 0.0000e+00 1.1363e-04 0.0000e+00 1.1363e-04 1.7896e-01 0.0000e+00
849 0.0000e+00 0.0000e+00 1.1323e-04 0.0000e+00 1.1323e-04 1.7907e-01 0.0000e+00
850 0.0000e+00 0.0000e+00 1.1283e-04 0.0000e+00 1.1283e-04 1.7918e-01 0.0000e+00
851 0.0000e+00 0.0000e+00 1.1243e-04 0.0000e+00 1.1243e-04 1.7930e-01 0.0000e+00
852 0.0000e+00 0.0000e+00 1.1204e-04 0.0000e+00 1.1204e-04 1.7941e-01 0.0000e+00
853 0.0000e+00 0.0000e+00 1.1165e-04 0.0000e+00 1.1165e-04 1.7952e-01 0.0000e+00
854 0.0000e+00 0.0000e+00 1.1126e-04 0.0000e+00 1.1126e-04 1.7963e-01 0.0000e+00
855 0.0000e+00 0.0000e+00 1.1087e-04 0.0000e+00 1.1087e-04 1.7974e-01 0.0000e+00
856 0.0000e+00 0.0000e+00 1.1049e-04 0.0000e+00 1.1049e-04 1.7985e-01 0.0000e+00
857 0.0000e+00 0.0000e+00 1.1011e-04 0.0000e+00 1.1011e-04 1.7996e-01 0.0000e+00
858 0.0000e+00 0.0000e+00 1.0973e-04 0.0000e+00 1.0973e-04 1.8007e-01 0.0000e+00
859 0.0000e+00 0.0000e+00 1.0935e-04 0.0000e+00 1.0935e-04 1.8018e-01 0.0000e+00
860 0.0000e+00 0.0000e+00 1.0898e-04 0.0000e+00 1.0898e-04 1.8029e-01 0.0000e+00
861 0.0000e+00 9.7600e-05 1.0861e-04 0.0000e+00 1.0861e-04 1.8040e-01 0.0000e+00
862 0.0000e+00 1.8830e-04 1.0824e-04 0.0000e+00 1.0824e-04 1.8051e-01 0.0000e+00
863 0.0000e+00 2.6650e-04 1.0788e-04 0.0000e+00 1.0788e-04 1.8062e-01 0.0000e+00
864 0.0000e+00 3.2630e-04 1.0751e-04 0.0000e+00 1.0751e-04 1.8072e-01 0.0000e+00
865 0.0000e+00 3.6100e-04 1.0715e-04 0.0000e+00 1.0715e-04 1.8083e-01 0.0000e+00
866 0.0000e+00 3.7690e-04 1.0679e-04 0.0000e+00 1.0679e-04 1.8094e-01 0.0000e+00
867 0.0000e+00 3.6100e-04 1.0644e-04 0.0000e+00 1.0644e-04 1.8104e-01 0.0000e+00
868 0.0000e+00 3.2630e-04 1.0609e-04 0.0000e+00 1.0609e-04 1.8115e-01 0.0000e+00
869 0.0000e+00 2.6650e-04 1.0573e-04 0.0000e+00 1.0573e-04 1.8126e-01 0.0000e+00
870 0.0000e+00 1.8830e-04 1.0539e-04 0.0000e+00 1.0539e-04 1.8136e-01 0.0000e+00
871 0.0000e+00 9.1200e-05 1.0504e-04 0.0000e+00 1.0504e-04 1.8147e-01 0.0000e+00
872 0.0000e+00 0.0000e+00 1.0469e-04 0.0000e+00 1.0469e-04 1.8157e-01 0.0000e+00
873 0.0000e+00 0.0000e+00 1.0435e-04 0.0000e+00 1.0435e-04 1.8168e-01 0.0000e+00
874 0.0000e+00 0.0000e+00 1.0401e-04 0.0000e+00 1.0401e-04 1.8178e-01 0.0000e+00
875 0.0000e+00 0.0000e+00 1.0368e-04 0.0000e+00 1.0368e-04 1.8188e-01 0.0000e+00
876 0.0000e+00 0.0000e+00 1.0334e-04 0.0000e+00 1.0334e-04 1.8199e-01 0.0000e+00
877 0.0000e+00 0.0000e+00 1.0301e-04 0.0000e+00 1.0301e-04 1.8209e-01 0.0000e+00
878 0.0000e+00 0.0000e+00 1.0268e-04 0.0000e+00 1.0268e-04 1.8219e-01 0.0000e+00
879 0.0000e+00 0.0000e+00 1.0235e-04 0.0000e+00 1.0235e-04 1.8229e-01 0.0000e+00
880 0.0000e+00 0.0000e+00 1.0202e-04 0.0000e+00 1.0202e-04 1.8240e-01 0.0000e+00
881 0.0000e+00 0.0000e+00 1.0170e-04 0.0000e+00 1.0170e-04 1.8250e-01 0.0000e+00
882 0.0000e+00 0.0000e+00 1.0137e-04 0.0000e+00 1.0137e-04 1.8260e-01 0.0000e+00
883 0.0000e+00 0.0000e+00 1.0105e-04 0.0000e+00 1.0105e-04 1.8270e-01 0.0000e+00
884 0.0000e+00 0.0000e+00 1.0073e-04 0.0000e+00 1.0073e-04 1.8280e-01 0.0000e+00
885 0.0000e+00 6.4300e-05 1.0042e-04 0.0000e+00 1.0042e-04 1.8290e-01 0.0000e+00
886 0.0000e+00 1.2410e-04 1.0010e-04 0.0000e+00 1.0010e-04 1.8300e-01 0.0000e+00
887 0.0000e+00 1.7560e-04 9.9789e-05 0.0000e+00 9.9789e-05 1.8310e-01 0.0000e+00
888 0.0000e+00 2.1500e-04 9.9479e-05 0.0000e+00 9.9479e-05 1.8320e-01 0.0000e+00
889 0.0000e+00 2.3790e-04 9.9170e-05 0.0000e+00 9.9170e-05 1.8330e-01 0.0000e+00
890 0.0000e+00 2.4840e-04 9.8863e-05 0.0000e+00 9.8863e-05 1.8340e-01 0.0000e+00
891 0.0000e+00 2.3790e-04 9.8558e-05 0.0000e+00 9.8558e-05 1.8350e-01 0.0000e+00
892 0.0000e+00 2.1500e-04 9.8255e-05 0.0000e+00 9.8255e-05 1.8360e-01 0.0000e+00
893 0.0000e+00 1.7560e-04 9.7954e-05 0.0000e+00 9.7954e-05 1.8369e-01 0.0000e+00
894 0.0000e+00 1.2410e-04 9.7654e-05 0.0000e+00 9.7654e-05 1.8379e-01 0.0000e+00
895 0.0000e+00 6.0100e-05 9.7357e-05 0.0000e+00 9.7357e-05 1.8389e-01 0.0000e+00
896 0.0000e+00 0.0000e+00 9.7061e-05 0.0000e+00 9.7061e-05 1.8399e-01 0.0000e+00
897 0.0000e+00 0.0000e+00 9.6767e-05 0.0000e+00 9.6767e-05 1.8408e-01 0.0000e+00
898 0.0000e+00 0.0000e+00 9.6475e-05 0.0000e+00 9.6475e-05 1.8418e-01 0.0000e+00
899 0.0000e+00 0.0000e+00 9.6185e-05 0.0000e+00 9.6185e-05 1.8428e-01 0.0000e+00
900 0.0000e+00 0.0000e+00 9.5896e-05 0.0000e+00 9.5896e-05 1.8437e-01 0.0000e+00
901 0.0000e+00 0.0000e+00 9.5609e-05 0.0000e+00 9.5609e-05 1.8447e-01 0.0000e+00
902 0.0000e+00 0.0000e+00 9.5324e-05 0.0000e+00 9.5324e-05 1.8456e-01 0.0000e+00
903 0.0000e+00 0.0000e+00 9.5040e-05 0.0000e+00 9.5040e-05 1.8466e-01 0.0000e+00
904 0.0000e+00 0.0000e+00 9.4758e-05 0.0000e+00 9.4758e-05 1.8475e-01 0.0000e+00
905 0.0000e+00 0.0000e+00 9.4478e-05 0.0000e+00 9.4478e-05 1.8485e-01 0.0000e+00
906 0.0000e+00 0.0000e+00 9.4200e-05 0.0000e+00 9.4200e-05 1.8494e-01 0.0000e+00
907 0.0000e+00 0.0000e+00 9.3923e-05 0.0000e+00 9.3923e-05 1.8503e-01 0.0000e+00
908 0.0000e+00 0.0000e+00 9.3647e-05 0.0000e+00 9.3647e-05 1.8513e-01 0.0000e+00
909 0.0000e+00 8.0200e-05 9.3374e-05 0.0000e+00 9.3374e-05 1.8522e-01 0.0000e+00
910 0.0000e+00 1.5480e-04 9.3102e-05 0.0000e+00 9.3102e-05 1.8531e-01 0.0000e+00
911 0.0000e+00 2.1910e-04 9.2831e-05 0.0000e+00 9.2831e-05 1.8541e-01 0.0000e+00
912 0.0000e+00 2.6830e-04 9.2562e-05 0.0000e+00 9.2562e-05 1.8550e-01 0.0000e+00
913 0.0000e+00 2.9680e-04 9.2295e-05 0.0000e+00 9.2295e-05 1.8559e-01 0.0000e+00
914 0.0000e+00 3.0990e-04 9.2029e-05 0.0000e+00 9.2029e-05 1.8568e-01 0.0000e+00
915 0.0000e+00 2.9680e-04 9.1765e-05 0.0000e+00 9.1765e-05 1.8578e-01 0.0000e+00
916 0.0000e+00 2.6830e-04 9.1502e-05 0.0000e+00 9.1502e-05 1.8587e-01 0.0000e+00
917 0.0000e+00 2.1910e-04 9.1241e-05 0.0000e+00 9.1241e-05 1.8596e-01 0.0000e+00
918 0.0000e+00 1.5480e-04 9.0981e-05 0.0000e+00 9.0981e-05 1.8605e-01 0.0000e+00
919 0.0000e+00 7.5000e-05 9.0723e-05 0.0000e+00 9.0723e-05 1.8614e-01 0.0000e+00
920 0.0000e+00 0.0000e+00 9.0466e-05 0.0000e+00 9.0466e-05 1.8623e-01 0.0000e+00
921 0.0000e+00 0.0000e+00 9.0210e-05 0.0000e+00 9.0210e-05 1.8632e-01 0.0000e+00
922 0.0000e+00 0.0000e+00 8.9957e-05 0.0000e+00 8.9957e-05 1.8641e-01 0.0000e+00
923 0.0000e+00 0.0000e+00 8.9704e-05 0.0000e+00 8.9704e-05 1.8650e-01 0.0000e+00
924 0.0000e+00 0.0000e+00 8.9453e-05 0.0000e+00 8.9453e-05 1.8659e-01 0.0000e+00
925 0.0000e+00 0.0000e+00 8.9203e-05 0.0000e+00 8.9203e-05 1.8668e-01 0.0000e+00
926 0.0000e+00 0.0000e+00 8.8955e-05 0.0000e+00 8.8955e-05 1.8677e-01 0.0000e+00
927 0.0000e+00 0.0000e+00 8.8708e-05 0.0000e+00 8.8708e-05 1.8686e-01 0.0000e+00
928 0.0000e+00 0.0000e+00 8.8462e-05 0.0000e+00 8.8462e-05 1.8695e-01 0.0000e+00
929 0.0000e+00 0.0000e+00 8.8218e-05 0.0000e+00 8.8218e-05 1.8703e-01 0.0000e+00
930 0.0000e+00 0.0000e+00 8.7975e-05 0.0000e+00 8.7975e-05 1.8712e-01 0.0000e+00
931 0.0000e+00 0.0000e+00 8.7734e-05 0.0000e+00 8.7734e-05 1.8721e-01 0.0000e+00
932 0.0000e+00 0.0000e+00 8.7494e-05 0.0000e+00 8.7494e-05 1.8730e-01 0.0000e+00
933 0.0000e+00 9.6000e-05 8.7255e-05 0.0000e+00 8.7255e-05 1.8738e-01 0.0000e+00
934 0.0000e+00 1.8520e-04 8.7017e-05 0.0000e+00 8.7017e-05 1.8747e-01 0.0000e+00
935 0.0000e+00 2.6210e-04 8.6781e-05 0.0000e+00 8.6781e-05 1.8756e-01 0.0000e+00
936 0.0000e+00 3.2090e-04 8.6546e-05 0.0000e+00 8.6546e-05 1.8764e-01 0.0000e+00
937 0.0000e+00 3.5500e-04 8.6312e-05 0.0000e+00 8.6312e-05 1.8773e-01 0.0000e+00
938 0.0000e+00 3.7070e-04 8.6079e-05 0.0000e+00 8.6079e-05 1.8782e-01 0.0000e+00
939 0.0000e+00 3.5500e-04 8.5848e-05 0.0000e+00 8.5848e-05 1.8790e-01 0.0000e+00
940 0.0000e+00 3.2090e-04 8.5618e-05 0.0000e+00 8.5618e-05 1.8799e-01 0.0000e+00
941 0.0000e+00 2.6210e-04 8.5389e-05 0.0000e+00 8.5389e-05 1.8807e-01 0.0000e+00
942 0.0000e+00 1.8520e-04 8.5162e-05 0.0000e+00 8.5162e-05 1.8816e-01 0.0000e+00
943 0.0000e+00 8.9700e-05 8.4936e-05 0.0000e+00 8.4936e-05 1.8824e-01 0.0000e+00
944 0.0000e+00 0.0000e+00 8.4710e-05 0.0000e+00 8.4710e-05 1.8833e-01 0.0000e+00
945 0.0000e+00 0.0000e+00 8.4486e-05 0.0000e+00 8.4486e-05 1.8841e-01 0.0000e+00
946 0.0000e+00 0.0000e+00 8.4264e-05 0.0000e+00 8.4264e-05 1.8850e-01 0.0000e+00
947 0.0000e+00 0.0000e+00 8.4042e-05 0.0000e+00 8.4042e-05 1.8858e-01 0.0000e+00
948 0.0000e+00 0.0000e+00 8.3822e-05 0.0000e+00 8.3822e-05 1.8867e-01 0.0000e+00
949 0.0000e+00 0.0000e+00 8.3602e-05 0.0000e+00 8.3602e-05 1.8875e-01 0.0000e+00
950 0.0000e+00 0.0000e+00 8.3384e-05 0.0000e+00 8.3384e-05 1.8883e-01 0.0000e+00
Objective function values:
F1 1.573476e-06    NSE 0.72951   F2 2.918640e-02
Mean Obs Q 1.590065e-04   Variance Obs Q 6.123405e-09
    Error Variance 1.656291e-09

Water Balance for Subcatchment: Extracted study basin: Taegu Pyungkwang River

   SUMP       SUMAE      SUMQ       SUMRZ      SUMUZ      SBAR        BAL
1.890e-01  4.604e-02  1.269e-01  1.950e-02  0.000e+00  1.888e-01  3.768e-03
