Taegu Pyungkwang River Catchment: Calibration Data

Subcatchment : Extracted study basin: cat-12469

TL =     8.84
SUMAC =     1.00
SZQ =       0.02143
Subcatchment routing data:
Maximum Routing Delay       0.69444
Sum of Histogram ordinates:     1.0000
     1.00000 
Initial BAL             -0.20943
Initial SBAR             0.20743
Initial SR0              0.00200
it      p        ep       q(it)       quz      q       sbar       qof
1 0.0000e+00 6.1900e-05 3.2800e-05 0.0000e+00 3.2800e-05 2.0747e-01 0.0000e+00
2 0.0000e+00 6.4700e-05 3.2766e-05 0.0000e+00 3.2766e-05 2.0750e-01 0.0000e+00
3 1.0000e-03 6.1900e-05 3.2733e-05 0.0000e+00 3.2733e-05 2.0753e-01 0.0000e+00
4 1.0000e-03 5.6000e-05 3.2699e-05 0.0000e+00 3.2699e-05 2.0756e-01 0.0000e+00
5 1.0000e-03 4.5700e-05 3.8190e-05 8.1694e-05 3.2666e-05 2.0752e-01 5.5243e-06
6 5.0000e-04 3.2300e-05 3.6009e-05 1.1838e-04 3.2716e-05 2.0743e-01 3.2925e-06
7 5.0000e-04 1.5600e-05 3.6193e-05 1.5297e-04 3.2804e-05 2.0731e-01 3.3897e-06
8 0.0000e+00 0.0000e+00 3.2927e-05 1.3343e-04 3.2927e-05 2.0721e-01 0.0000e+00
9 5.0000e-04 0.0000e+00 3.6541e-05 1.6986e-04 3.3031e-05 2.0707e-01 3.5107e-06
10 5.0000e-04 0.0000e+00 3.6796e-05 2.0259e-04 3.3172e-05 2.0690e-01 3.6237e-06
11 0.0000e+00 0.0000e+00 3.3348e-05 1.7774e-04 3.3348e-05 2.0676e-01 0.0000e+00
12 0.0000e+00 0.0000e+00 3.3499e-05 1.5750e-04 3.3499e-05 2.0663e-01 0.0000e+00
13 1.0000e-03 0.0000e+00 4.0877e-05 2.4777e-04 3.3629e-05 2.0642e-01 7.2475e-06
14 5.0000e-04 0.0000e+00 3.7479e-05 2.7066e-04 3.3855e-05 2.0618e-01 3.6237e-06
15 5.0000e-04 0.0000e+00 3.7730e-05 2.9228e-04 3.4107e-05 2.0593e-01 3.6237e-06
16 1.0000e-03 0.0000e+00 4.1630e-05 3.6582e-04 3.4383e-05 2.0559e-01 7.2475e-06
17 0.0000e+00 0.0000e+00 3.4741e-05 3.2110e-04 3.4741e-05 2.0531e-01 0.0000e+00
18 0.0000e+00 0.0000e+00 3.5053e-05 2.8481e-04 3.5053e-05 2.0506e-01 0.0000e+00
19 0.0000e+00 0.0000e+00 3.5328e-05 2.5332e-04 3.5328e-05 2.0484e-01 0.0000e+00
20 0.0000e+00 0.0000e+00 3.5569e-05 2.2580e-04 3.5569e-05 2.0465e-01 0.0000e+00
21 0.0000e+00 1.8000e-05 3.5781e-05 2.0164e-04 3.5781e-05 2.0448e-01 0.0000e+00
22 0.0000e+00 3.4800e-05 3.5967e-05 1.8033e-04 3.5967e-05 2.0434e-01 0.0000e+00
23 0.0000e+00 4.9200e-05 3.6130e-05 1.6150e-04 3.6130e-05 2.0421e-01 0.0000e+00
24 3.0000e-03 6.0200e-05 5.7275e-05 4.6205e-04 3.6272e-05 2.0379e-01 2.1004e-05
25 2.0000e-03 6.6600e-05 5.0816e-05 6.1305e-04 3.6758e-05 2.0321e-01 1.4059e-05
26 5.5000e-03 6.9600e-05 7.6804e-05 1.1341e-03 3.7426e-05 2.0212e-01 3.9379e-05
27 6.0000e-03 6.6600e-05 8.1711e-05 1.6439e-03 3.8730e-05 2.0051e-01 4.2981e-05
28 1.0000e-03 6.0200e-05 4.7487e-05 1.5412e-03 4.0723e-05 1.9901e-01 6.7648e-06
29 2.5000e-03 4.9200e-05 6.0360e-05 1.6370e-03 4.2678e-05 1.9742e-01 1.7682e-05
30 0.0000e+00 3.4800e-05 4.4858e-05 1.4427e-03 4.4858e-05 1.9602e-01 0.0000e+00
31 0.0000e+00 1.6800e-05 4.6861e-05 1.2791e-03 4.6861e-05 1.9479e-01 0.0000e+00
32 1.0000e-03 0.0000e+00 5.5218e-05 1.2408e-03 4.8700e-05 1.9359e-01 6.5174e-06
33 5.0000e-04 0.0000e+00 5.4173e-05 1.1575e-03 5.0549e-05 1.9249e-01 3.6237e-06
34 0.0000e+00 0.0000e+00 5.2328e-05 1.0257e-03 5.2328e-05 1.9151e-01 0.0000e+00
35 0.0000e+00 0.0000e+00 5.3944e-05 9.1155e-04 5.3944e-05 1.9066e-01 0.0000e+00
36 0.0000e+00 0.0000e+00 5.5409e-05 8.1102e-04 5.5409e-05 1.8990e-01 0.0000e+00
37 0.0000e+00 0.0000e+00 5.6733e-05 7.2221e-04 5.6733e-05 1.8923e-01 0.0000e+00
38 0.0000e+00 0.0000e+00 5.7926e-05 6.4362e-04 5.7926e-05 1.8865e-01 0.0000e+00
39 0.0000e+00 0.0000e+00 5.8996e-05 5.7399e-04 5.8996e-05 1.8813e-01 0.0000e+00
40 0.0000e+00 0.0000e+00 5.9953e-05 5.1224e-04 5.9953e-05 1.8768e-01 0.0000e+00
41 0.0000e+00 0.0000e+00 6.0806e-05 4.5743e-04 6.0806e-05 1.8728e-01 0.0000e+00
42 0.0000e+00 0.0000e+00 6.1564e-05 4.0874e-04 6.1564e-05 1.8694e-01 0.0000e+00
43 0.0000e+00 0.0000e+00 6.2236e-05 3.6547e-04 6.2236e-05 1.8663e-01 0.0000e+00
44 0.0000e+00 0.0000e+00 6.2829e-05 3.2699e-04 6.2829e-05 1.8637e-01 0.0000e+00
45 0.0000e+00 3.3800e-05 6.3349e-05 2.9273e-04 6.3349e-05 1.8614e-01 0.0000e+00
46 1.0000e-03 6.5200e-05 7.3050e-05 3.8056e-04 6.3805e-05 1.8582e-01 9.2446e-06
47 0.0000e+00 9.2300e-05 6.4440e-05 3.3290e-04 6.4440e-05 1.8556e-01 0.0000e+00
48 5.0000e-04 1.1300e-04 6.8261e-05 3.3725e-04 6.4983e-05 1.8528e-01 3.2782e-06
49 0.0000e+00 1.2500e-04 6.5538e-05 2.9708e-04 6.5538e-05 1.8505e-01 0.0000e+00
50 1.0000e-03 1.3050e-04 7.3307e-05 3.5768e-04 6.6014e-05 1.8476e-01 7.2935e-06
51 2.5000e-03 1.2500e-04 8.9290e-05 6.0518e-04 6.6618e-05 1.8422e-01 2.2671e-05
52 3.0000e-03 1.1300e-04 9.5257e-05 8.7485e-04 6.7749e-05 1.8341e-01 2.7508e-05
53 2.5000e-03 9.2300e-05 9.2318e-05 1.0465e-03 6.9479e-05 1.8244e-01 2.2839e-05
54 3.0000e-03 6.5200e-05 9.9454e-05 1.2655e-03 7.1634e-05 1.8124e-01 2.7821e-05
55 2.5000e-03 3.1600e-05 9.7653e-05 1.3970e-03 7.4356e-05 1.7992e-01 2.3296e-05
56 2.0000e-03 0.0000e+00 9.6328e-05 1.4571e-03 7.7494e-05 1.7854e-01 1.8834e-05
57 1.0000e-03 0.0000e+00 9.0476e-05 1.3891e-03 8.0908e-05 1.7723e-01 9.5680e-06
58 1.0000e-03 0.0000e+00 9.3853e-05 1.3370e-03 8.4285e-05 1.7598e-01 9.5680e-06
59 0.0000e+00 0.0000e+00 8.7650e-05 1.1613e-03 8.7650e-05 1.7491e-01 0.0000e+00
60 5.0000e-04 0.0000e+00 9.5424e-05 1.0823e-03 9.0640e-05 1.7392e-01 4.7840e-06
61 5.0000e-04 0.0000e+00 9.8277e-05 1.0118e-03 9.3493e-05 1.7300e-01 4.7840e-06
62 0.0000e+00 0.0000e+00 9.6215e-05 8.8242e-04 9.6215e-05 1.7221e-01 0.0000e+00
63 0.0000e+00 0.0000e+00 9.8608e-05 7.7361e-04 9.8608e-05 1.7154e-01 0.0000e+00
64 0.0000e+00 0.0000e+00 1.0071e-04 6.7970e-04 1.0071e-04 1.7096e-01 0.0000e+00
65 0.0000e+00 0.0000e+00 1.0255e-04 5.9816e-04 1.0255e-04 1.7046e-01 0.0000e+00
66 0.0000e+00 0.0000e+00 1.0415e-04 5.2711e-04 1.0415e-04 1.7004e-01 0.0000e+00
67 0.0000e+00 0.0000e+00 1.0554e-04 4.6507e-04 1.0554e-04 1.6968e-01 0.0000e+00
68 0.0000e+00 0.0000e+00 1.0673e-04 4.1078e-04 1.0673e-04 1.6937e-01 0.0000e+00
69 0.0000e+00 4.1400e-05 1.0775e-04 3.6320e-04 1.0775e-04 1.6912e-01 0.0000e+00
70 0.0000e+00 7.9800e-05 1.0861e-04 3.2146e-04 1.0861e-04 1.6891e-01 0.0000e+00
71 0.0000e+00 1.1290e-04 1.0934e-04 2.8479e-04 1.0934e-04 1.6873e-01 0.0000e+00
72 0.0000e+00 1.3830e-04 1.0994e-04 2.5254e-04 1.0994e-04 1.6859e-01 0.0000e+00
73 0.0000e+00 1.5300e-04 1.1043e-04 2.2414e-04 1.1043e-04 1.6847e-01 0.0000e+00
74 0.0000e+00 1.5980e-04 1.1082e-04 1.9911e-04 1.1082e-04 1.6839e-01 0.0000e+00
75 0.0000e+00 1.5300e-04 1.1113e-04 1.7702e-04 1.1113e-04 1.6832e-01 0.0000e+00
76 0.0000e+00 1.3830e-04 1.1136e-04 1.5751e-04 1.1136e-04 1.6827e-01 0.0000e+00
77 0.0000e+00 1.1290e-04 1.1152e-04 1.4027e-04 1.1152e-04 1.6825e-01 0.0000e+00
78 0.0000e+00 7.9800e-05 1.1162e-04 1.2501e-04 1.1162e-04 1.6823e-01 0.0000e+00
79 0.0000e+00 3.8700e-05 1.1166e-04 1.1149e-04 1.1166e-04 1.6823e-01 0.0000e+00
80 0.0000e+00 0.0000e+00 1.1166e-04 9.9514e-05 1.1166e-04 1.6824e-01 0.0000e+00
81 0.0000e+00 0.0000e+00 1.1162e-04 8.8887e-05 1.1162e-04 1.6827e-01 0.0000e+00
82 0.0000e+00 0.0000e+00 1.1154e-04 7.9450e-05 1.1154e-04 1.6830e-01 0.0000e+00
83 0.0000e+00 0.0000e+00 1.1143e-04 7.1065e-05 1.1143e-04 1.6834e-01 0.0000e+00
84 0.0000e+00 0.0000e+00 1.1129e-04 6.3607e-05 1.1129e-04 1.6839e-01 0.0000e+00
85 0.0000e+00 0.0000e+00 1.1112e-04 5.6969e-05 1.1112e-04 1.6844e-01 0.0000e+00
86 0.0000e+00 0.0000e+00 1.1094e-04 5.1056e-05 1.1094e-04 1.6850e-01 0.0000e+00
87 0.0000e+00 0.0000e+00 1.1073e-04 4.5786e-05 1.1073e-04 1.6857e-01 0.0000e+00
88 0.0000e+00 0.0000e+00 1.1050e-04 4.1084e-05 1.1050e-04 1.6864e-01 0.0000e+00
89 0.0000e+00 0.0000e+00 1.1026e-04 3.6887e-05 1.1026e-04 1.6871e-01 0.0000e+00
90 0.0000e+00 0.0000e+00 1.1001e-04 3.3138e-05 1.1001e-04 1.6879e-01 0.0000e+00
91 0.0000e+00 0.0000e+00 1.0975e-04 2.9786e-05 1.0975e-04 1.6887e-01 0.0000e+00
92 0.0000e+00 0.0000e+00 1.0947e-04 2.6788e-05 1.0947e-04 1.6895e-01 0.0000e+00
93 0.0000e+00 1.9100e-05 1.0919e-04 2.4105e-05 1.0919e-04 1.6903e-01 0.0000e+00
94 0.0000e+00 3.6800e-05 1.0890e-04 2.1702e-05 1.0890e-04 1.6912e-01 0.0000e+00
95 0.0000e+00 5.2100e-05 1.0860e-04 1.9548e-05 1.0860e-04 1.6921e-01 0.0000e+00
96 0.0000e+00 6.3800e-05 1.0830e-04 1.7617e-05 1.0830e-04 1.6930e-01 0.0000e+00
97 5.0000e-04 7.0600e-05 1.0800e-04 1.5884e-05 1.0800e-04 1.6939e-01 0.0000e+00
98 5.0000e-04 7.3700e-05 1.0769e-04 1.4329e-05 1.0769e-04 1.6949e-01 0.0000e+00
99 0.0000e+00 7.0600e-05 1.0737e-04 1.2932e-05 1.0737e-04 1.6958e-01 0.0000e+00
100 0.0000e+00 6.3800e-05 1.0706e-04 1.1676e-05 1.0706e-04 1.6968e-01 0.0000e+00
101 0.0000e+00 5.2100e-05 1.0674e-04 1.0547e-05 1.0674e-04 1.6977e-01 0.0000e+00
102 0.0000e+00 3.6800e-05 1.0642e-04 9.5310e-06 1.0642e-04 1.6987e-01 0.0000e+00
103 0.0000e+00 1.7800e-05 1.0609e-04 8.6166e-06 1.0609e-04 1.6997e-01 0.0000e+00
104 0.0000e+00 0.0000e+00 1.0577e-04 7.7931e-06 1.0577e-04 1.7006e-01 0.0000e+00
105 0.0000e+00 0.0000e+00 1.0545e-04 7.0503e-06 1.0545e-04 1.7016e-01 0.0000e+00
106 0.0000e+00 0.0000e+00 1.0513e-04 6.3817e-06 1.0513e-04 1.7026e-01 0.0000e+00
107 0.0000e+00 0.0000e+00 1.0480e-04 5.7787e-06 1.0480e-04 1.7036e-01 0.0000e+00
108 0.0000e+00 0.0000e+00 1.0448e-04 5.2346e-06 1.0448e-04 1.7046e-01 0.0000e+00
109 0.0000e+00 0.0000e+00 1.0415e-04 4.7435e-06 1.0415e-04 1.7056e-01 0.0000e+00
110 0.0000e+00 0.0000e+00 1.0383e-04 4.3000e-06 1.0383e-04 1.7066e-01 0.0000e+00
111 5.0000e-04 0.0000e+00 1.0351e-04 3.8994e-06 1.0351e-04 1.7076e-01 0.0000e+00
112 0.0000e+00 0.0000e+00 1.0319e-04 3.5373e-06 1.0319e-04 1.7086e-01 0.0000e+00
113 0.0000e+00 0.0000e+00 1.0287e-04 3.2099e-06 1.0287e-04 1.7096e-01 0.0000e+00
114 0.0000e+00 0.0000e+00 1.0255e-04 2.9138e-06 1.0255e-04 1.7106e-01 0.0000e+00
115 0.0000e+00 0.0000e+00 1.0223e-04 2.6458e-06 1.0223e-04 1.7116e-01 0.0000e+00
116 0.0000e+00 0.0000e+00 1.0191e-04 2.4032e-06 1.0191e-04 1.7126e-01 0.0000e+00
117 0.0000e+00 1.0200e-05 1.0159e-04 2.1836e-06 1.0159e-04 1.7136e-01 0.0000e+00
118 0.0000e+00 1.9800e-05 1.0128e-04 1.9833e-06 1.0128e-04 1.7146e-01 0.0000e+00
119 0.0000e+00 2.8000e-05 1.0096e-04 1.8033e-06 1.0096e-04 1.7155e-01 0.0000e+00
120 0.0000e+00 3.4200e-05 1.0065e-04 1.6400e-06 1.0065e-04 1.7165e-01 0.0000e+00
121 0.0000e+00 3.7900e-05 1.0034e-04 1.4920e-06 1.0034e-04 1.7175e-01 0.0000e+00
122 0.0000e+00 3.9500e-05 1.0003e-04 1.3577e-06 1.0003e-04 1.7185e-01 0.0000e+00
123 0.0000e+00 3.7900e-05 9.9724e-05 1.2358e-06 9.9724e-05 1.7195e-01 0.0000e+00
124 0.0000e+00 3.4200e-05 9.9417e-05 1.1252e-06 9.9417e-05 1.7205e-01 0.0000e+00
125 0.0000e+00 2.8000e-05 9.9112e-05 1.0247e-06 9.9112e-05 1.7215e-01 0.0000e+00
126 0.0000e+00 1.9800e-05 9.8809e-05 9.3349e-07 9.8809e-05 1.7224e-01 0.0000e+00
127 0.0000e+00 9.6000e-06 9.8507e-05 8.5058e-07 9.8507e-05 1.7234e-01 0.0000e+00
128 0.0000e+00 0.0000e+00 9.8207e-05 7.7524e-07 9.8207e-05 1.7244e-01 0.0000e+00
129 0.0000e+00 0.0000e+00 9.7908e-05 7.0674e-07 9.7908e-05 1.7254e-01 0.0000e+00
130 0.0000e+00 0.0000e+00 9.7611e-05 6.4445e-07 9.7611e-05 1.7263e-01 0.0000e+00
131 0.0000e+00 0.0000e+00 9.7316e-05 5.8779e-07 9.7316e-05 1.7273e-01 0.0000e+00
132 0.0000e+00 0.0000e+00 9.7022e-05 5.3459e-07 9.7022e-05 1.7283e-01 0.0000e+00
133 0.0000e+00 0.0000e+00 9.6730e-05 4.8791e-07 9.6730e-05 1.7292e-01 0.0000e+00
134 0.0000e+00 0.0000e+00 9.6440e-05 4.4541e-07 9.6440e-05 1.7302e-01 0.0000e+00
135 0.0000e+00 0.0000e+00 9.6151e-05 4.0669e-07 9.6151e-05 1.7311e-01 0.0000e+00
136 0.0000e+00 0.0000e+00 9.5864e-05 3.7142e-07 9.5864e-05 1.7321e-01 0.0000e+00
137 0.0000e+00 0.0000e+00 9.5578e-05 3.3928e-07 9.5578e-05 1.7330e-01 0.0000e+00
138 0.0000e+00 0.0000e+00 9.5294e-05 3.0998e-07 9.5294e-05 1.7340e-01 0.0000e+00
139 0.0000e+00 0.0000e+00 9.5012e-05 2.8327e-07 9.5012e-05 1.7349e-01 0.0000e+00
140 0.0000e+00 0.0000e+00 9.4731e-05 2.5892e-07 9.4731e-05 1.7359e-01 0.0000e+00
141 5.0000e-04 4.1400e-05 9.4451e-05 2.3670e-07 9.4451e-05 1.7368e-01 0.0000e+00
142 0.0000e+00 7.9900e-05 9.4174e-05 2.1643e-07 9.4174e-05 1.7378e-01 0.0000e+00
143 0.0000e+00 1.1300e-04 9.3898e-05 1.9794e-07 9.3898e-05 1.7387e-01 0.0000e+00
144 0.0000e+00 1.3840e-04 9.3623e-05 1.8106e-07 9.3623e-05 1.7396e-01 0.0000e+00
145 0.0000e+00 1.5310e-04 9.3350e-05 1.6367e-07 9.3350e-05 1.7406e-01 0.0000e+00
146 0.0000e+00 1.5990e-04 9.3079e-05 1.4985e-07 9.3079e-05 1.7415e-01 0.0000e+00
147 0.0000e+00 1.5310e-04 9.2809e-05 1.3721e-07 9.2809e-05 1.7424e-01 0.0000e+00
148 0.0000e+00 1.3840e-04 9.2540e-05 1.2566e-07 9.2540e-05 1.7434e-01 0.0000e+00
149 0.0000e+00 1.1300e-04 9.2274e-05 1.1510e-07 9.2274e-05 1.7443e-01 0.0000e+00
150 0.0000e+00 7.9900e-05 9.2008e-05 1.0545e-07 9.2008e-05 1.7452e-01 0.0000e+00
151 0.0000e+00 3.8700e-05 9.1744e-05 9.6618e-08 9.1744e-05 1.7461e-01 0.0000e+00
152 0.0000e+00 0.0000e+00 9.1482e-05 8.8541e-08 9.1482e-05 1.7470e-01 0.0000e+00
153 0.0000e+00 0.0000e+00 9.1221e-05 8.1151e-08 9.1221e-05 1.7479e-01 0.0000e+00
154 0.0000e+00 0.0000e+00 9.0962e-05 7.4389e-08 9.0962e-05 1.7488e-01 0.0000e+00
155 0.0000e+00 0.0000e+00 9.0704e-05 6.8201e-08 9.0704e-05 1.7498e-01 0.0000e+00
156 0.0000e+00 0.0000e+00 9.0447e-05 6.2537e-08 9.0447e-05 1.7507e-01 0.0000e+00
157 0.0000e+00 0.0000e+00 9.0192e-05 5.7351e-08 9.0192e-05 1.7516e-01 0.0000e+00
158 0.0000e+00 0.0000e+00 8.9938e-05 5.2603e-08 8.9938e-05 1.7525e-01 0.0000e+00
159 0.0000e+00 0.0000e+00 8.9686e-05 4.6606e-08 8.9686e-05 1.7534e-01 0.0000e+00
160 0.0000e+00 0.0000e+00 8.9435e-05 4.2803e-08 8.9435e-05 1.7542e-01 0.0000e+00
161 0.0000e+00 0.0000e+00 8.9186e-05 3.9316e-08 8.9186e-05 1.7551e-01 0.0000e+00
162 0.0000e+00 0.0000e+00 8.8938e-05 3.6116e-08 8.8938e-05 1.7560e-01 0.0000e+00
163 0.0000e+00 0.0000e+00 8.8691e-05 3.3181e-08 8.8691e-05 1.7569e-01 0.0000e+00
164 0.0000e+00 0.0000e+00 8.8445e-05 3.0487e-08 8.8445e-05 1.7578e-01 0.0000e+00
165 0.0000e+00 1.7800e-05 8.8201e-05 2.8016e-08 8.8201e-05 1.7587e-01 0.0000e+00
166 0.0000e+00 3.4400e-05 8.7959e-05 2.5747e-08 8.7959e-05 1.7596e-01 0.0000e+00
167 0.0000e+00 4.8600e-05 8.7717e-05 2.3665e-08 8.7717e-05 1.7604e-01 0.0000e+00
168 0.0000e+00 5.9500e-05 8.7477e-05 2.1753e-08 8.7477e-05 1.7613e-01 0.0000e+00
169 0.0000e+00 6.5900e-05 8.7238e-05 1.9998e-08 8.7238e-05 1.7622e-01 0.0000e+00
170 0.0000e+00 6.8800e-05 8.7001e-05 1.8387e-08 8.7001e-05 1.7631e-01 0.0000e+00
171 0.0000e+00 6.5900e-05 8.6765e-05 1.6907e-08 8.6765e-05 1.7639e-01 0.0000e+00
172 0.0000e+00 5.9500e-05 8.6530e-05 1.5548e-08 8.6530e-05 1.7648e-01 0.0000e+00
173 0.0000e+00 4.8600e-05 8.6296e-05 1.3043e-08 8.6296e-05 1.7656e-01 0.0000e+00
174 0.0000e+00 3.4400e-05 8.6064e-05 1.2018e-08 8.6064e-05 1.7665e-01 0.0000e+00
175 0.0000e+00 1.6600e-05 8.5833e-05 1.1074e-08 8.5833e-05 1.7674e-01 0.0000e+00
176 0.0000e+00 0.0000e+00 8.5603e-05 1.0206e-08 8.5603e-05 1.7682e-01 0.0000e+00
177 0.0000e+00 0.0000e+00 8.5374e-05 9.4058e-09 8.5374e-05 1.7691e-01 0.0000e+00
178 0.0000e+00 0.0000e+00 8.5147e-05 8.6693e-09 8.5147e-05 1.7699e-01 0.0000e+00
179 0.0000e+00 0.0000e+00 8.4921e-05 7.9910e-09 8.4921e-05 1.7708e-01 0.0000e+00
180 0.0000e+00 0.0000e+00 8.4696e-05 7.3664e-09 8.4696e-05 1.7716e-01 0.0000e+00
181 0.0000e+00 0.0000e+00 8.4472e-05 6.7911e-09 8.4472e-05 1.7725e-01 0.0000e+00
182 0.0000e+00 0.0000e+00 8.4249e-05 6.2612e-09 8.4249e-05 1.7733e-01 0.0000e+00
183 0.0000e+00 0.0000e+00 8.4028e-05 5.7731e-09 8.4028e-05 1.7742e-01 0.0000e+00
184 0.0000e+00 0.0000e+00 8.3807e-05 5.3234e-09 8.3807e-05 1.7750e-01 0.0000e+00
185 0.0000e+00 0.0000e+00 8.3588e-05 4.9091e-09 8.3588e-05 1.7758e-01 0.0000e+00
186 0.0000e+00 0.0000e+00 8.3370e-05 4.5273e-09 8.3370e-05 1.7767e-01 0.0000e+00
187 0.0000e+00 0.0000e+00 8.3153e-05 3.3391e-09 8.3153e-05 1.7775e-01 0.0000e+00
188 0.0000e+00 0.0000e+00 8.2937e-05 3.0878e-09 8.2937e-05 1.7783e-01 0.0000e+00
189 0.0000e+00 4.5600e-05 8.2723e-05 2.8556e-09 8.2723e-05 1.7791e-01 0.0000e+00
190 5.0000e-04 8.7900e-05 8.2509e-05 2.6410e-09 8.2509e-05 1.7800e-01 0.0000e+00
191 0.0000e+00 1.2440e-04 8.2297e-05 2.4427e-09 8.2297e-05 1.7808e-01 0.0000e+00
192 0.0000e+00 1.5230e-04 8.2085e-05 2.2593e-09 8.2085e-05 1.7816e-01 0.0000e+00
193 0.0000e+00 1.6850e-04 8.1875e-05 2.0898e-09 8.1875e-05 1.7824e-01 0.0000e+00
194 0.0000e+00 1.7590e-04 8.1666e-05 1.9331e-09 8.1666e-05 1.7832e-01 0.0000e+00
195 0.0000e+00 1.6850e-04 8.1458e-05 1.7883e-09 8.1458e-05 1.7841e-01 0.0000e+00
196 0.0000e+00 1.5230e-04 8.1251e-05 1.6543e-09 8.1251e-05 1.7849e-01 0.0000e+00
197 0.0000e+00 1.2440e-04 8.1044e-05 1.5305e-09 8.1044e-05 1.7857e-01 0.0000e+00
198 0.0000e+00 8.7900e-05 8.0839e-05 1.4160e-09 8.0839e-05 1.7865e-01 0.0000e+00
199 0.0000e+00 4.2600e-05 8.0636e-05 1.3102e-09 8.0636e-05 1.7873e-01 0.0000e+00
200 0.0000e+00 0.0000e+00 8.0433e-05 1.2123e-09 8.0433e-05 1.7881e-01 0.0000e+00
201 0.0000e+00 0.0000e+00 8.0231e-05 6.6454e-10 8.0231e-05 1.7889e-01 0.0000e+00
202 0.0000e+00 0.0000e+00 8.0030e-05 6.1705e-10 8.0030e-05 1.7897e-01 0.0000e+00
203 0.0000e+00 0.0000e+00 7.9830e-05 5.7297e-10 7.9830e-05 1.7905e-01 0.0000e+00
204 0.0000e+00 0.0000e+00 7.9631e-05 5.3205e-10 7.9631e-05 1.7913e-01 0.0000e+00
205 0.0000e+00 0.0000e+00 7.9433e-05 4.9407e-10 7.9433e-05 1.7921e-01 0.0000e+00
206 0.0000e+00 0.0000e+00 7.9236e-05 4.5882e-10 7.9236e-05 1.7929e-01 0.0000e+00
207 0.0000e+00 0.0000e+00 7.9040e-05 4.2609e-10 7.9040e-05 1.7937e-01 0.0000e+00
208 0.0000e+00 0.0000e+00 7.8845e-05 3.9571e-10 7.8845e-05 1.7945e-01 0.0000e+00
209 0.0000e+00 0.0000e+00 7.8651e-05 3.6751e-10 7.8651e-05 1.7953e-01 0.0000e+00
210 0.0000e+00 0.0000e+00 7.8458e-05 3.4132e-10 7.8458e-05 1.7960e-01 0.0000e+00
211 0.0000e+00 0.0000e+00 7.8266e-05 3.1701e-10 7.8266e-05 1.7968e-01 0.0000e+00
212 0.0000e+00 0.0000e+00 7.8075e-05 2.9444e-10 7.8075e-05 1.7976e-01 0.0000e+00
213 0.0000e+00 4.9000e-05 7.7885e-05 2.7349e-10 7.7885e-05 1.7984e-01 0.0000e+00
214 0.0000e+00 9.4600e-05 7.7695e-05 2.5403e-10 7.7695e-05 1.7992e-01 0.0000e+00
215 0.0000e+00 1.3380e-04 7.7507e-05 6.9206e-11 7.7507e-05 1.7999e-01 0.0000e+00
216 0.0000e+00 1.6380e-04 7.7319e-05 6.4547e-11 7.7319e-05 1.8007e-01 0.0000e+00
217 0.0000e+00 1.8130e-04 7.7133e-05 6.0202e-11 7.7133e-05 1.8015e-01 0.0000e+00
218 0.0000e+00 1.8920e-04 7.6947e-05 5.6151e-11 7.6947e-05 1.8022e-01 0.0000e+00
219 0.0000e+00 1.8130e-04 7.6762e-05 5.2374e-11 7.6762e-05 1.8030e-01 0.0000e+00
220 0.0000e+00 1.6380e-04 7.6578e-05 4.8852e-11 7.6578e-05 1.8038e-01 0.0000e+00
221 0.0000e+00 1.3380e-04 7.6395e-05 4.5567e-11 7.6395e-05 1.8045e-01 0.0000e+00
222 0.0000e+00 9.4600e-05 7.6213e-05 4.2504e-11 7.6213e-05 1.8053e-01 0.0000e+00
223 0.0000e+00 4.5800e-05 7.6032e-05 3.9648e-11 7.6032e-05 1.8061e-01 0.0000e+00
224 0.0000e+00 0.0000e+00 7.5851e-05 3.6984e-11 7.5851e-05 1.8068e-01 0.0000e+00
225 0.0000e+00 0.0000e+00 7.5672e-05 3.4500e-11 7.5672e-05 1.8076e-01 0.0000e+00
226 0.0000e+00 0.0000e+00 7.5493e-05 3.2184e-11 7.5493e-05 1.8083e-01 0.0000e+00
227 0.0000e+00 0.0000e+00 7.5315e-05 3.0023e-11 7.5315e-05 1.8091e-01 0.0000e+00
228 0.0000e+00 0.0000e+00 7.5138e-05 2.8008e-11 7.5138e-05 1.8098e-01 0.0000e+00
229 0.0000e+00 0.0000e+00 7.4962e-05 0.0000e+00 7.4962e-05 1.8106e-01 0.0000e+00
230 0.0000e+00 0.0000e+00 7.4786e-05 0.0000e+00 7.4786e-05 1.8113e-01 0.0000e+00
231 0.0000e+00 0.0000e+00 7.4612e-05 0.0000e+00 7.4612e-05 1.8121e-01 0.0000e+00
232 0.0000e+00 0.0000e+00 7.4438e-05 0.0000e+00 7.4438e-05 1.8128e-01 0.0000e+00
233 0.0000e+00 0.0000e+00 7.4265e-05 0.0000e+00 7.4265e-05 1.8136e-01 0.0000e+00
234 0.0000e+00 0.0000e+00 7.4093e-05 0.0000e+00 7.4093e-05 1.8143e-01 0.0000e+00
235 0.0000e+00 0.0000e+00 7.3922e-05 0.0000e+00 7.3922e-05 1.8151e-01 0.0000e+00
236 0.0000e+00 0.0000e+00 7.3751e-05 0.0000e+00 7.3751e-05 1.8158e-01 0.0000e+00
237 0.0000e+00 5.1700e-05 7.3581e-05 0.0000e+00 7.3581e-05 1.8165e-01 0.0000e+00
238 0.0000e+00 9.9800e-05 7.3412e-05 0.0000e+00 7.3412e-05 1.8173e-01 0.0000e+00
239 0.0000e+00 1.4120e-04 7.3244e-05 0.0000e+00 7.3244e-05 1.8180e-01 0.0000e+00
240 0.0000e+00 1.7290e-04 7.3077e-05 0.0000e+00 7.3077e-05 1.8187e-01 0.0000e+00
241 5.0000e-04 1.9130e-04 7.2910e-05 0.0000e+00 7.2910e-05 1.8195e-01 0.0000e+00
242 1.0000e-03 1.9970e-04 7.2744e-05 0.0000e+00 7.2744e-05 1.8202e-01 0.0000e+00
243 0.0000e+00 1.9130e-04 7.2579e-05 0.0000e+00 7.2579e-05 1.8209e-01 0.0000e+00
244 0.0000e+00 1.7290e-04 7.2414e-05 0.0000e+00 7.2414e-05 1.8216e-01 0.0000e+00
245 0.0000e+00 1.4120e-04 7.2251e-05 0.0000e+00 7.2251e-05 1.8224e-01 0.0000e+00
246 0.0000e+00 9.9800e-05 7.2088e-05 0.0000e+00 7.2088e-05 1.8231e-01 0.0000e+00
247 0.0000e+00 4.8300e-05 7.1926e-05 0.0000e+00 7.1926e-05 1.8238e-01 0.0000e+00
248 0.0000e+00 0.0000e+00 7.1764e-05 0.0000e+00 7.1764e-05 1.8245e-01 0.0000e+00
249 0.0000e+00 0.0000e+00 7.1603e-05 0.0000e+00 7.1603e-05 1.8252e-01 0.0000e+00
250 0.0000e+00 0.0000e+00 7.1443e-05 0.0000e+00 7.1443e-05 1.8259e-01 0.0000e+00
251 0.0000e+00 0.0000e+00 7.1284e-05 0.0000e+00 7.1284e-05 1.8267e-01 0.0000e+00
252 0.0000e+00 0.0000e+00 7.1125e-05 0.0000e+00 7.1125e-05 1.8274e-01 0.0000e+00
253 1.0000e-03 0.0000e+00 7.0967e-05 0.0000e+00 7.0967e-05 1.8281e-01 0.0000e+00
254 0.0000e+00 0.0000e+00 7.0810e-05 0.0000e+00 7.0810e-05 1.8288e-01 0.0000e+00
255 0.0000e+00 0.0000e+00 7.0654e-05 0.0000e+00 7.0654e-05 1.8295e-01 0.0000e+00
256 0.0000e+00 0.0000e+00 7.0498e-05 0.0000e+00 7.0498e-05 1.8302e-01 0.0000e+00
257 0.0000e+00 0.0000e+00 7.0343e-05 0.0000e+00 7.0343e-05 1.8309e-01 0.0000e+00
258 0.0000e+00 0.0000e+00 7.0188e-05 0.0000e+00 7.0188e-05 1.8316e-01 0.0000e+00
259 0.0000e+00 0.0000e+00 7.0034e-05 0.0000e+00 7.0034e-05 1.8323e-01 0.0000e+00
260 0.0000e+00 0.0000e+00 6.9881e-05 0.0000e+00 6.9881e-05 1.8330e-01 0.0000e+00
261 0.0000e+00 7.5200e-05 6.9729e-05 0.0000e+00 6.9729e-05 1.8337e-01 0.0000e+00
262 1.0000e-03 1.4510e-04 6.9577e-05 0.0000e+00 6.9577e-05 1.8344e-01 0.0000e+00
263 0.0000e+00 2.0520e-04 6.9426e-05 0.0000e+00 6.9426e-05 1.8351e-01 0.0000e+00
264 0.0000e+00 2.5130e-04 6.9276e-05 0.0000e+00 6.9276e-05 1.8358e-01 0.0000e+00
265 0.0000e+00 2.7800e-04 6.9126e-05 0.0000e+00 6.9126e-05 1.8365e-01 0.0000e+00
266 0.0000e+00 2.9030e-04 6.8977e-05 0.0000e+00 6.8977e-05 1.8372e-01 0.0000e+00
267 0.0000e+00 2.7800e-04 6.8828e-05 0.0000e+00 6.8828e-05 1.8378e-01 0.0000e+00
268 0.0000e+00 2.5130e-04 6.8680e-05 0.0000e+00 6.8680e-05 1.8385e-01 0.0000e+00
269 0.0000e+00 2.0520e-04 6.8533e-05 0.0000e+00 6.8533e-05 1.8392e-01 0.0000e+00
270 0.0000e+00 1.4510e-04 6.8386e-05 0.0000e+00 6.8386e-05 1.8399e-01 0.0000e+00
271 0.0000e+00 7.0200e-05 6.8240e-05 0.0000e+00 6.8240e-05 1.8406e-01 0.0000e+00
272 0.0000e+00 0.0000e+00 6.8095e-05 0.0000e+00 6.8095e-05 1.8413e-01 0.0000e+00
273 0.0000e+00 0.0000e+00 6.7950e-05 0.0000e+00 6.7950e-05 1.8419e-01 0.0000e+00
274 0.0000e+00 0.0000e+00 6.7806e-05 0.0000e+00 6.7806e-05 1.8426e-01 0.0000e+00
275 0.0000e+00 0.0000e+00 6.7663e-05 0.0000e+00 6.7663e-05 1.8433e-01 0.0000e+00
276 0.0000e+00 0.0000e+00 6.7520e-05 0.0000e+00 6.7520e-05 1.8440e-01 0.0000e+00
277 0.0000e+00 0.0000e+00 6.7377e-05 0.0000e+00 6.7377e-05 1.8447e-01 0.0000e+00
278 0.0000e+00 0.0000e+00 6.7236e-05 0.0000e+00 6.7236e-05 1.8453e-01 0.0000e+00
279 0.0000e+00 0.0000e+00 6.7094e-05 0.0000e+00 6.7094e-05 1.8460e-01 0.0000e+00
280 0.0000e+00 0.0000e+00 6.6954e-05 0.0000e+00 6.6954e-05 1.8467e-01 0.0000e+00
281 0.0000e+00 0.0000e+00 6.6814e-05 0.0000e+00 6.6814e-05 1.8473e-01 0.0000e+00
282 0.0000e+00 0.0000e+00 6.6675e-05 0.0000e+00 6.6675e-05 1.8480e-01 0.0000e+00
283 1.0000e-03 0.0000e+00 6.6536e-05 0.0000e+00 6.6536e-05 1.8487e-01 0.0000e+00
284 5.0000e-04 0.0000e+00 6.6398e-05 0.0000e+00 6.6398e-05 1.8493e-01 0.0000e+00
285 2.5000e-03 2.4400e-05 6.7795e-05 1.9832e-05 6.6260e-05 1.8498e-01 1.5354e-06
286 6.0000e-03 4.7000e-05 1.2334e-04 7.5455e-04 6.6164e-05 1.8429e-01 5.7174e-05
287 4.0000e-03 6.6500e-05 1.0542e-04 1.1143e-03 6.7603e-05 1.8324e-01 3.7822e-05
288 1.5000e-03 8.1400e-05 8.3566e-05 1.1234e-03 6.9851e-05 1.8219e-01 1.3716e-05
289 0.0000e+00 9.0100e-05 7.2188e-05 9.6526e-04 7.2188e-05 1.8130e-01 0.0000e+00
290 0.0000e+00 9.4000e-05 7.4231e-05 8.3803e-04 7.4231e-05 1.8053e-01 0.0000e+00
291 5.0000e-04 9.0100e-05 7.8273e-05 7.6059e-04 7.6025e-05 1.7985e-01 2.2482e-06
292 0.0000e+00 8.1400e-05 7.7668e-05 6.6361e-04 7.7668e-05 1.7926e-01 0.0000e+00
293 0.0000e+00 6.6500e-05 7.9104e-05 5.8140e-04 7.9104e-05 1.7876e-01 0.0000e+00
294 1.5000e-03 4.7000e-05 9.2434e-05 6.7411e-04 8.0355e-05 1.7817e-01 1.2078e-05
295 1.0000e-03 2.2800e-05 9.0978e-05 7.0670e-04 8.1860e-05 1.7754e-01 9.1183e-06
296 0.0000e+00 0.0000e+00 8.3474e-05 6.1088e-04 8.3474e-05 1.7701e-01 0.0000e+00
297 0.0000e+00 0.0000e+00 8.4861e-05 5.3372e-04 8.4861e-05 1.7657e-01 0.0000e+00
298 0.0000e+00 0.0000e+00 8.6060e-05 4.6800e-04 8.6060e-05 1.7618e-01 0.0000e+00
299 0.0000e+00 0.0000e+00 8.7094e-05 4.1146e-04 8.7094e-05 1.7586e-01 0.0000e+00
300 0.0000e+00 0.0000e+00 8.7981e-05 3.6249e-04 8.7981e-05 1.7559e-01 0.0000e+00
301 0.0000e+00 0.0000e+00 8.8739e-05 3.1990e-04 8.8739e-05 1.7535e-01 0.0000e+00
302 0.0000e+00 0.0000e+00 8.9382e-05 2.8273e-04 8.9382e-05 1.7516e-01 0.0000e+00
303 0.0000e+00 0.0000e+00 8.9924e-05 2.5021e-04 8.9924e-05 1.7500e-01 0.0000e+00
304 0.0000e+00 0.0000e+00 9.0375e-05 2.2171e-04 9.0375e-05 1.7487e-01 0.0000e+00
305 0.0000e+00 0.0000e+00 9.0747e-05 1.9667e-04 9.0747e-05 1.7476e-01 0.0000e+00
306 0.0000e+00 0.0000e+00 9.1048e-05 1.7465e-04 9.1048e-05 1.7468e-01 0.0000e+00
307 0.0000e+00 0.0000e+00 9.1286e-05 1.5524e-04 9.1286e-05 1.7462e-01 0.0000e+00
308 0.0000e+00 0.0000e+00 9.1469e-05 1.3813e-04 9.1469e-05 1.7457e-01 0.0000e+00
309 0.0000e+00 2.8800e-05 9.1602e-05 1.2302e-04 9.1602e-05 1.7454e-01 0.0000e+00
310 5.0000e-04 5.5500e-05 9.5983e-05 1.6981e-04 9.1692e-05 1.7446e-01 4.2904e-06
311 0.0000e+00 7.8500e-05 9.1916e-05 1.4591e-04 9.1916e-05 1.7441e-01 0.0000e+00
312 0.0000e+00 9.6200e-05 9.2072e-05 1.2792e-04 9.2072e-05 1.7437e-01 0.0000e+00
313 0.0000e+00 1.0640e-04 9.2175e-05 1.1274e-04 9.2175e-05 1.7435e-01 0.0000e+00
314 0.0000e+00 1.1110e-04 9.2234e-05 9.9692e-05 9.2234e-05 1.7434e-01 0.0000e+00
315 0.0000e+00 1.0640e-04 9.2256e-05 8.8365e-05 9.2256e-05 1.7435e-01 0.0000e+00
316 0.0000e+00 9.6200e-05 9.2244e-05 7.8473e-05 9.2244e-05 1.7436e-01 0.0000e+00
317 5.0000e-04 7.8500e-05 9.2205e-05 6.9798e-05 9.2205e-05 1.7438e-01 0.0000e+00
318 1.0000e-03 5.5500e-05 9.9555e-05 1.6628e-04 9.2140e-05 1.7431e-01 7.4154e-06
319 5.0000e-04 2.6900e-05 9.6607e-05 1.9836e-04 9.2354e-05 1.7420e-01 4.2530e-06
320 0.0000e+00 0.0000e+00 9.2660e-05 1.6739e-04 9.2660e-05 1.7413e-01 0.0000e+00
321 0.0000e+00 0.0000e+00 9.2877e-05 1.4448e-04 9.2877e-05 1.7408e-01 0.0000e+00
322 1.0000e-03 0.0000e+00 1.0234e-04 2.5674e-04 9.3027e-05 1.7391e-01 9.3106e-06
323 1.0000e-03 0.0000e+00 1.0307e-04 3.4946e-04 9.3504e-05 1.7366e-01 9.5680e-06
324 0.0000e+00 0.0000e+00 9.4255e-05 2.9255e-04 9.4255e-05 1.7346e-01 0.0000e+00
325 0.0000e+00 0.0000e+00 9.4841e-05 2.5131e-04 9.4841e-05 1.7330e-01 0.0000e+00
326 0.0000e+00 0.0000e+00 9.5306e-05 2.1765e-04 9.5306e-05 1.7318e-01 0.0000e+00
327 0.0000e+00 0.0000e+00 9.5671e-05 1.8949e-04 9.5671e-05 1.7308e-01 0.0000e+00
328 0.0000e+00 0.0000e+00 9.5952e-05 1.6560e-04 9.5952e-05 1.7301e-01 0.0000e+00
329 0.0000e+00 0.0000e+00 9.6161e-05 1.4515e-04 9.6161e-05 1.7297e-01 0.0000e+00
330 0.0000e+00 0.0000e+00 9.6308e-05 1.2754e-04 9.6308e-05 1.7293e-01 0.0000e+00
331 0.0000e+00 0.0000e+00 9.6402e-05 1.1231e-04 9.6402e-05 1.7292e-01 0.0000e+00
332 0.0000e+00 0.0000e+00 9.6450e-05 9.9080e-05 9.6450e-05 1.7292e-01 0.0000e+00
333 0.0000e+00 1.1200e-05 9.6458e-05 8.7558e-05 9.6458e-05 1.7293e-01 0.0000e+00
334 0.0000e+00 2.1600e-05 9.6431e-05 7.7494e-05 9.6431e-05 1.7294e-01 0.0000e+00
335 0.0000e+00 3.0600e-05 9.6374e-05 6.8683e-05 9.6374e-05 1.7297e-01 0.0000e+00
336 0.0000e+00 3.7400e-05 9.6291e-05 6.0952e-05 9.6291e-05 1.7301e-01 0.0000e+00
337 0.0000e+00 4.1400e-05 9.6184e-05 5.4157e-05 9.6184e-05 1.7305e-01 0.0000e+00
338 5.0000e-04 4.3200e-05 9.9483e-05 9.6823e-05 9.6058e-05 1.7305e-01 3.4249e-06
339 5.0000e-04 4.1400e-05 1.0043e-04 1.4361e-04 9.6060e-05 1.7300e-01 4.3707e-06
340 1.5000e-03 3.7400e-05 1.1016e-04 3.1840e-04 9.6203e-05 1.7278e-01 1.3956e-05
341 1.5000e-03 3.0600e-05 1.1087e-04 4.6046e-04 9.6874e-05 1.7242e-01 1.3994e-05
342 1.0000e-03 2.1600e-05 1.0726e-04 5.1395e-04 9.7981e-05 1.7200e-01 9.2752e-06
343 5.0000e-04 1.0500e-05 1.0384e-04 4.9685e-04 9.9263e-05 1.7160e-01 4.5773e-06
344 1.0000e-03 0.0000e+00 1.0997e-04 5.5807e-04 1.0050e-04 1.7114e-01 9.4675e-06
345 5.0000e-04 0.0000e+00 1.0673e-04 5.4061e-04 1.0195e-04 1.7071e-01 4.7840e-06
346 0.0000e+00 0.0000e+00 1.0336e-04 4.6066e-04 1.0336e-04 1.7035e-01 0.0000e+00
347 0.0000e+00 0.0000e+00 1.0452e-04 3.9773e-04 1.0452e-04 1.7005e-01 0.0000e+00
348 0.0000e+00 0.0000e+00 1.0548e-04 3.4525e-04 1.0548e-04 1.6981e-01 0.0000e+00
349 0.0000e+00 0.0000e+00 1.0627e-04 3.0080e-04 1.0627e-04 1.6962e-01 0.0000e+00
350 0.0000e+00 0.0000e+00 1.0692e-04 2.6282e-04 1.0692e-04 1.6946e-01 0.0000e+00
351 0.0000e+00 0.0000e+00 1.0744e-04 2.3018e-04 1.0744e-04 1.6934e-01 0.0000e+00
352 0.0000e+00 0.0000e+00 1.0786e-04 2.0202e-04 1.0786e-04 1.6925e-01 0.0000e+00
353 5.0000e-04 0.0000e+00 1.1296e-04 2.4800e-04 1.0817e-04 1.6911e-01 4.7840e-06
354 0.0000e+00 0.0000e+00 1.0865e-04 2.1143e-04 1.0865e-04 1.6901e-01 0.0000e+00
355 0.0000e+00 0.0000e+00 1.0900e-04 1.8405e-04 1.0900e-04 1.6893e-01 0.0000e+00
356 0.0000e+00 0.0000e+00 1.0925e-04 1.6108e-04 1.0925e-04 1.6888e-01 0.0000e+00
357 0.0000e+00 7.2300e-05 1.0943e-04 1.4143e-04 1.0943e-04 1.6885e-01 0.0000e+00
358 0.0000e+00 1.3960e-04 1.0954e-04 1.2448e-04 1.0954e-04 1.6883e-01 0.0000e+00
359 0.0000e+00 1.9750e-04 1.0959e-04 1.0977e-04 1.0959e-04 1.6883e-01 0.0000e+00
360 0.0000e+00 2.4180e-04 1.0959e-04 9.6960e-05 1.0959e-04 1.6884e-01 0.0000e+00
361 0.0000e+00 2.6750e-04 1.0955e-04 8.5779e-05 1.0955e-04 1.6887e-01 0.0000e+00
362 0.0000e+00 2.7930e-04 1.0947e-04 7.5991e-05 1.0947e-04 1.6890e-01 0.0000e+00
363 0.0000e+00 2.6750e-04 1.0935e-04 6.7405e-05 1.0935e-04 1.6894e-01 0.0000e+00
364 0.0000e+00 2.4180e-04 1.0921e-04 5.9859e-05 1.0921e-04 1.6899e-01 0.0000e+00
365 0.0000e+00 1.9750e-04 1.0904e-04 5.3216e-05 1.0904e-04 1.6905e-01 0.0000e+00
366 0.0000e+00 1.3960e-04 1.0885e-04 4.7358e-05 1.0885e-04 1.6911e-01 0.0000e+00
367 0.0000e+00 6.7600e-05 1.0864e-04 4.2187e-05 1.0864e-04 1.6918e-01 0.0000e+00
368 0.0000e+00 0.0000e+00 1.0842e-04 3.7614e-05 1.0842e-04 1.6925e-01 0.0000e+00
369 0.0000e+00 0.0000e+00 1.0818e-04 3.3566e-05 1.0818e-04 1.6932e-01 0.0000e+00
370 0.0000e+00 0.0000e+00 1.0793e-04 2.9980e-05 1.0793e-04 1.6940e-01 0.0000e+00
371 0.0000e+00 0.0000e+00 1.0766e-04 2.6798e-05 1.0766e-04 1.6948e-01 0.0000e+00
372 0.0000e+00 0.0000e+00 1.0739e-04 2.3973e-05 1.0739e-04 1.6956e-01 0.0000e+00
373 5.0000e-04 0.0000e+00 1.0711e-04 2.1461e-05 1.0711e-04 1.6965e-01 0.0000e+00
374 7.5000e-03 0.0000e+00 1.7593e-04 8.4145e-04 1.0683e-04 1.6891e-01 6.9106e-05
375 4.5000e-03 0.0000e+00 1.6076e-04 1.2999e-03 1.0931e-04 1.6772e-01 5.1452e-05
376 2.5000e-03 0.0000e+00 1.4119e-04 1.4198e-03 1.1345e-04 1.6642e-01 2.7744e-05
377 5.0000e-04 0.0000e+00 1.2295e-04 1.2567e-03 1.1818e-04 1.6528e-01 4.7714e-06
378 0.0000e+00 0.0000e+00 1.2246e-04 1.0670e-03 1.2246e-04 1.6433e-01 0.0000e+00
379 0.0000e+00 0.0000e+00 1.2613e-04 9.1592e-04 1.2613e-04 1.6354e-01 0.0000e+00
380 0.0000e+00 0.0000e+00 1.2928e-04 7.8985e-04 1.2928e-04 1.6288e-01 0.0000e+00
381 0.0000e+00 1.7400e-05 1.3197e-04 6.8335e-04 1.3197e-04 1.6233e-01 0.0000e+00
382 0.0000e+00 3.3600e-05 1.3427e-04 5.9283e-04 1.3427e-04 1.6187e-01 0.0000e+00
383 1.0000e-03 4.7500e-05 1.5104e-04 6.5513e-04 1.3621e-04 1.6136e-01 1.4839e-05
384 1.0000e-03 5.8200e-05 1.5333e-04 6.9791e-04 1.3843e-04 1.6080e-01 1.4894e-05
385 0.0000e+00 6.4300e-05 1.4087e-04 5.9120e-04 1.4087e-04 1.6035e-01 0.0000e+00
386 5.0000e-04 6.7200e-05 1.4877e-04 5.6643e-04 1.4287e-04 1.5992e-01 5.9040e-06
387 0.0000e+00 6.4300e-05 1.4477e-04 4.8539e-04 1.4477e-04 1.5958e-01 0.0000e+00
388 0.0000e+00 5.8200e-05 1.4632e-04 4.2050e-04 1.4632e-04 1.5931e-01 0.0000e+00
389 0.0000e+00 4.7500e-05 1.4758e-04 3.6556e-04 1.4758e-04 1.5909e-01 0.0000e+00
390 5.0000e-04 3.3600e-05 1.5271e-04 3.5836e-04 1.4859e-04 1.5888e-01 4.1159e-06
391 0.0000e+00 1.6300e-05 1.4957e-04 3.0874e-04 1.4957e-04 1.5872e-01 0.0000e+00
392 5.0000e-04 0.0000e+00 1.5735e-04 3.3697e-04 1.5031e-04 1.5853e-01 7.0383e-06
393 5.0000e-04 0.0000e+00 1.5901e-04 3.6252e-04 1.5119e-04 1.5832e-01 7.8184e-06
394 0.0000e+00 0.0000e+00 1.5220e-04 3.0638e-04 1.5220e-04 1.5817e-01 0.0000e+00
395 0.0000e+00 0.0000e+00 1.5293e-04 2.6439e-04 1.5293e-04 1.5806e-01 0.0000e+00
396 0.0000e+00 0.0000e+00 1.5346e-04 2.2941e-04 1.5346e-04 1.5798e-01 0.0000e+00
397 0.0000e+00 0.0000e+00 1.5383e-04 1.9983e-04 1.5383e-04 1.5793e-01 0.0000e+00
398 0.0000e+00 0.0000e+00 1.5405e-04 1.7459e-04 1.5405e-04 1.5791e-01 0.0000e+00
399 0.0000e+00 0.0000e+00 1.5415e-04 1.5291e-04 1.5415e-04 1.5792e-01 0.0000e+00
400 0.0000e+00 0.0000e+00 1.5414e-04 1.3419e-04 1.5414e-04 1.5794e-01 0.0000e+00
401 0.0000e+00 0.0000e+00 1.5405e-04 1.1798e-04 1.5405e-04 1.5797e-01 0.0000e+00
402 1.0000e-03 0.0000e+00 1.6951e-04 2.5614e-04 1.5387e-04 1.5787e-01 1.5637e-05
403 0.0000e+00 0.0000e+00 1.5437e-04 2.0710e-04 1.5437e-04 1.5782e-01 0.0000e+00
404 0.0000e+00 0.0000e+00 1.5462e-04 1.7632e-04 1.5462e-04 1.5779e-01 0.0000e+00
405 5.0000e-04 2.4600e-05 1.6254e-04 2.2781e-04 1.5473e-04 1.5772e-01 7.8184e-06
406 5.0000e-04 4.7400e-05 1.6251e-04 2.6148e-04 1.5508e-04 1.5762e-01 7.4337e-06
407 0.0000e+00 6.7100e-05 1.5560e-04 2.1675e-04 1.5560e-04 1.5755e-01 0.0000e+00
408 5.0000e-04 8.2200e-05 1.6192e-04 2.4384e-04 1.5589e-04 1.5747e-01 6.0290e-06
409 0.0000e+00 9.0900e-05 1.5632e-04 2.0366e-04 1.5632e-04 1.5742e-01 0.0000e+00
410 0.0000e+00 9.5000e-05 1.5655e-04 1.7436e-04 1.5655e-04 1.5740e-01 0.0000e+00
411 0.0000e+00 9.0900e-05 1.5664e-04 1.5028e-04 1.5664e-04 1.5741e-01 0.0000e+00
412 0.0000e+00 8.2200e-05 1.5661e-04 1.3016e-04 1.5661e-04 1.5743e-01 0.0000e+00
413 0.0000e+00 6.7100e-05 1.5648e-04 1.1316e-04 1.5648e-04 1.5748e-01 0.0000e+00
414 0.0000e+00 4.7400e-05 1.5627e-04 9.8665e-05 1.5627e-04 1.5753e-01 0.0000e+00
415 0.0000e+00 2.3000e-05 1.5599e-04 8.6247e-05 1.5599e-04 1.5760e-01 0.0000e+00
416 0.0000e+00 0.0000e+00 1.5565e-04 7.5559e-05 1.5565e-04 1.5768e-01 0.0000e+00
417 0.0000e+00 0.0000e+00 1.5526e-04 6.6324e-05 1.5526e-04 1.5777e-01 0.0000e+00
418 0.0000e+00 0.0000e+00 1.5483e-04 5.8321e-05 1.5483e-04 1.5787e-01 0.0000e+00
419 0.0000e+00 0.0000e+00 1.5436e-04 5.1366e-05 1.5436e-04 1.5797e-01 0.0000e+00
420 0.0000e+00 0.0000e+00 1.5387e-04 4.5310e-05 1.5387e-04 1.5808e-01 0.0000e+00
421 0.0000e+00 0.0000e+00 1.5334e-04 4.0022e-05 1.5334e-04 1.5819e-01 0.0000e+00
422 0.0000e+00 0.0000e+00 1.5280e-04 3.5398e-05 1.5280e-04 1.5831e-01 0.0000e+00
423 0.0000e+00 0.0000e+00 1.5224e-04 3.1347e-05 1.5224e-04 1.5843e-01 0.0000e+00
424 0.0000e+00 0.0000e+00 1.5167e-04 2.7791e-05 1.5167e-04 1.5856e-01 0.0000e+00
425 0.0000e+00 0.0000e+00 1.5108e-04 2.4665e-05 1.5108e-04 1.5868e-01 0.0000e+00
426 0.0000e+00 0.0000e+00 1.5049e-04 2.1914e-05 1.5049e-04 1.5881e-01 0.0000e+00
427 5.0000e-04 0.0000e+00 1.4988e-04 1.9489e-05 1.4988e-04 1.5894e-01 0.0000e+00
428 2.0000e-03 0.0000e+00 1.7936e-04 3.0777e-04 1.4927e-04 1.5878e-01 3.0088e-05
429 3.0000e-03 3.2600e-05 1.9693e-04 6.8990e-04 1.5002e-04 1.5824e-01 4.6910e-05
430 2.0000e-03 6.2900e-05 1.8333e-04 8.4224e-04 1.5257e-04 1.5755e-01 3.0764e-05
431 1.0000e-03 8.9000e-05 1.7054e-04 8.2560e-04 1.5589e-04 1.5688e-01 1.4653e-05
432 0.0000e+00 1.0900e-04 1.5919e-04 6.8237e-04 1.5919e-04 1.5636e-01 0.0000e+00
433 5.0000e-04 1.2060e-04 1.6654e-04 6.2304e-04 1.6181e-04 1.5590e-01 4.7253e-06
434 0.0000e+00 1.2590e-04 1.6416e-04 5.2610e-04 1.6416e-04 1.5554e-01 0.0000e+00
435 0.0000e+00 1.2060e-04 1.6603e-04 4.4936e-04 1.6603e-04 1.5526e-01 0.0000e+00
436 0.0000e+00 1.0900e-04 1.6751e-04 3.8575e-04 1.6751e-04 1.5504e-01 0.0000e+00
437 3.5000e-03 8.9000e-05 2.1596e-04 8.0590e-04 1.6865e-04 1.5440e-01 4.7310e-05
438 0.0000e+00 6.2900e-05 1.7204e-04 6.4463e-04 1.7204e-04 1.5393e-01 0.0000e+00
439 0.0000e+00 3.0500e-05 1.7460e-04 5.4304e-04 1.7460e-04 1.5356e-01 0.0000e+00
440 0.0000e+00 0.0000e+00 1.7663e-04 4.6222e-04 1.7663e-04 1.5327e-01 0.0000e+00
441 0.0000e+00 0.0000e+00 1.7821e-04 3.9607e-04 1.7821e-04 1.5306e-01 0.0000e+00
442 0.0000e+00 0.0000e+00 1.7943e-04 3.4096e-04 1.7943e-04 1.5289e-01 0.0000e+00
443 0.0000e+00 0.0000e+00 1.8033e-04 2.9455e-04 1.8033e-04 1.5278e-01 0.0000e+00
444 5.0000e-04 0.0000e+00 1.8595e-04 3.0604e-04 1.8098e-04 1.5265e-01 4.9694e-06
445 0.0000e+00 0.0000e+00 1.8169e-04 2.5938e-04 1.8169e-04 1.5258e-01 0.0000e+00
446 0.0000e+00 0.0000e+00 1.8213e-04 2.2375e-04 1.8213e-04 1.5253e-01 0.0000e+00
447 0.0000e+00 0.0000e+00 1.8237e-04 1.9394e-04 1.8237e-04 1.5252e-01 0.0000e+00
448 0.0000e+00 0.0000e+00 1.8243e-04 1.6865e-04 1.8243e-04 1.5254e-01 0.0000e+00
449 0.0000e+00 0.0000e+00 1.8235e-04 1.4703e-04 1.8235e-04 1.5257e-01 0.0000e+00
450 0.0000e+00 0.0000e+00 1.8215e-04 1.2846e-04 1.8215e-04 1.5263e-01 0.0000e+00
451 0.0000e+00 0.0000e+00 1.8185e-04 1.1244e-04 1.8185e-04 1.5270e-01 0.0000e+00
452 5.0000e-04 0.0000e+00 1.8927e-04 1.7866e-04 1.8145e-04 1.5270e-01 7.8184e-06
453 0.0000e+00 2.2400e-05 1.8144e-04 1.4586e-04 1.8144e-04 1.5273e-01 0.0000e+00
454 0.0000e+00 4.3300e-05 1.8124e-04 1.2451e-04 1.8124e-04 1.5279e-01 0.0000e+00
455 0.0000e+00 6.1200e-05 1.8092e-04 1.0732e-04 1.8092e-04 1.5286e-01 0.0000e+00
456 0.0000e+00 7.5000e-05 1.8050e-04 9.3060e-05 1.8050e-04 1.5295e-01 0.0000e+00
457 0.0000e+00 8.3000e-05 1.8001e-04 8.1016e-05 1.8001e-04 1.5305e-01 0.0000e+00
458 0.0000e+00 8.6600e-05 1.7945e-04 7.0747e-05 1.7945e-04 1.5316e-01 0.0000e+00
459 0.0000e+00 8.3000e-05 1.7884e-04 6.1934e-05 1.7884e-04 1.5328e-01 0.0000e+00
460 0.0000e+00 7.5000e-05 1.7819e-04 5.4335e-05 1.7819e-04 1.5340e-01 0.0000e+00
461 0.0000e+00 6.1200e-05 1.7750e-04 4.7758e-05 1.7750e-04 1.5353e-01 0.0000e+00
462 0.0000e+00 4.3300e-05 1.7678e-04 4.2050e-05 1.7678e-04 1.5366e-01 0.0000e+00
463 0.0000e+00 2.1000e-05 1.7604e-04 3.7081e-05 1.7604e-04 1.5380e-01 0.0000e+00
464 0.0000e+00 0.0000e+00 1.7528e-04 3.2745e-05 1.7528e-04 1.5395e-01 0.0000e+00
465 1.0000e-03 0.0000e+00 1.7995e-04 8.4126e-05 1.7450e-04 1.5404e-01 5.4546e-06
466 5.0000e-04 0.0000e+00 1.8183e-04 1.4569e-04 1.7401e-04 1.5406e-01 7.8184e-06
467 0.0000e+00 0.0000e+00 1.7385e-04 1.1515e-04 1.7385e-04 1.5412e-01 0.0000e+00
468 0.0000e+00 0.0000e+00 1.7353e-04 9.6301e-05 1.7353e-04 1.5420e-01 0.0000e+00
469 5.0000e-04 0.0000e+00 1.8093e-04 1.6055e-04 1.7312e-04 1.5421e-01 7.8184e-06
470 0.0000e+00 0.0000e+00 1.7305e-04 1.2870e-04 1.7305e-04 1.5426e-01 0.0000e+00
471 0.0000e+00 0.0000e+00 1.7281e-04 1.0828e-04 1.7281e-04 1.5432e-01 0.0000e+00
472 5.0000e-04 0.0000e+00 1.8028e-04 1.7094e-04 1.7246e-04 1.5432e-01 7.8184e-06
473 5.0000e-04 0.0000e+00 1.8027e-04 2.1659e-04 1.7245e-04 1.5428e-01 7.8184e-06
474 0.0000e+00 0.0000e+00 1.7269e-04 1.7508e-04 1.7269e-04 1.5428e-01 0.0000e+00
475 0.0000e+00 0.0000e+00 1.7270e-04 1.4728e-04 1.7270e-04 1.5430e-01 0.0000e+00
476 0.0000e+00 0.0000e+00 1.7257e-04 1.2525e-04 1.7257e-04 1.5435e-01 0.0000e+00
477 0.0000e+00 9.2000e-06 1.7231e-04 1.0728e-04 1.7231e-04 1.5442e-01 0.0000e+00
478 0.0000e+00 1.7800e-05 1.7196e-04 9.2354e-05 1.7196e-04 1.5449e-01 0.0000e+00
479 0.0000e+00 2.5200e-05 1.7153e-04 7.9819e-05 1.7153e-04 1.5459e-01 0.0000e+00
480 0.0000e+00 3.0900e-05 1.7104e-04 6.9211e-05 1.7104e-04 1.5469e-01 0.0000e+00
481 0.0000e+00 3.4200e-05 1.7050e-04 6.0179e-05 1.7050e-04 1.5480e-01 0.0000e+00
482 5.0000e-04 3.5700e-05 1.7590e-04 1.1250e-04 1.6991e-04 1.5486e-01 5.9858e-06
483 2.5000e-03 3.4200e-05 2.0814e-04 4.7701e-04 1.6961e-04 1.5455e-01 3.8534e-05
484 1.0000e-03 3.0900e-05 1.8635e-04 5.1860e-04 1.7125e-04 1.5420e-01 1.5102e-05
485 0.0000e+00 2.5200e-05 1.7311e-04 4.1781e-04 1.7311e-04 1.5396e-01 0.0000e+00
486 1.0000e-03 1.7800e-05 1.8920e-04 4.9836e-04 1.7444e-04 1.5363e-01 1.4760e-05
487 0.0000e+00 8.6000e-06 1.7622e-04 4.0694e-04 1.7622e-04 1.5340e-01 0.0000e+00
488 0.0000e+00 0.0000e+00 1.7749e-04 3.4313e-04 1.7749e-04 1.5324e-01 0.0000e+00
489 0.0000e+00 0.0000e+00 1.7841e-04 2.9193e-04 1.7841e-04 1.5312e-01 0.0000e+00
490 0.0000e+00 0.0000e+00 1.7905e-04 2.4988e-04 1.7905e-04 1.5305e-01 0.0000e+00
491 0.0000e+00 0.0000e+00 1.7945e-04 2.1485e-04 1.7945e-04 1.5302e-01 0.0000e+00
492 0.0000e+00 0.0000e+00 1.7964e-04 1.8538e-04 1.7964e-04 1.5301e-01 0.0000e+00
493 0.0000e+00 0.0000e+00 1.7968e-04 1.6043e-04 1.7968e-04 1.5303e-01 0.0000e+00
494 0.0000e+00 0.0000e+00 1.7957e-04 1.3920e-04 1.7957e-04 1.5307e-01 0.0000e+00
495 0.0000e+00 0.0000e+00 1.7934e-04 1.2106e-04 1.7934e-04 1.5313e-01 0.0000e+00
496 0.0000e+00 0.0000e+00 1.7902e-04 1.0551e-04 1.7902e-04 1.5320e-01 0.0000e+00
497 0.0000e+00 0.0000e+00 1.7860e-04 9.2129e-05 1.7860e-04 1.5329e-01 0.0000e+00
498 0.0000e+00 0.0000e+00 1.7812e-04 8.0592e-05 1.7812e-04 1.5339e-01 0.0000e+00
499 0.0000e+00 0.0000e+00 1.7758e-04 7.0617e-05 1.7758e-04 1.5349e-01 0.0000e+00
500 0.0000e+00 0.0000e+00 1.7699e-04 6.1973e-05 1.7699e-04 1.5361e-01 0.0000e+00
501 0.0000e+00 6.3800e-05 1.7635e-04 5.4466e-05 1.7635e-04 1.5373e-01 0.0000e+00
502 0.0000e+00 1.2310e-04 1.7568e-04 4.7935e-05 1.7568e-04 1.5386e-01 0.0000e+00
503 0.0000e+00 1.7420e-04 1.7498e-04 4.2241e-05 1.7498e-04 1.5399e-01 0.0000e+00
504 0.0000e+00 2.1330e-04 1.7426e-04 3.7271e-05 1.7426e-04 1.5413e-01 0.0000e+00
505 0.0000e+00 2.3600e-04 1.7351e-04 3.2923e-05 1.7351e-04 1.5427e-01 0.0000e+00
506 0.0000e+00 2.4640e-04 1.7275e-04 2.9116e-05 1.7275e-04 1.5441e-01 0.0000e+00
507 0.0000e+00 2.3600e-04 1.7198e-04 2.5775e-05 1.7198e-04 1.5456e-01 0.0000e+00
508 0.0000e+00 2.1330e-04 1.7120e-04 2.2843e-05 1.7120e-04 1.5471e-01 0.0000e+00
509 0.0000e+00 1.7420e-04 1.7040e-04 2.0264e-05 1.7040e-04 1.5486e-01 0.0000e+00
510 0.0000e+00 1.2310e-04 1.6961e-04 1.7993e-05 1.6961e-04 1.5501e-01 0.0000e+00
511 0.0000e+00 5.9600e-05 1.6880e-04 1.5991e-05 1.6880e-04 1.5516e-01 0.0000e+00
512 0.0000e+00 0.0000e+00 1.6800e-04 1.4224e-05 1.6800e-04 1.5531e-01 0.0000e+00
513 0.0000e+00 0.0000e+00 1.6719e-04 1.2663e-05 1.6719e-04 1.5547e-01 0.0000e+00
514 0.0000e+00 0.0000e+00 1.6639e-04 1.1283e-05 1.6639e-04 1.5562e-01 0.0000e+00
515 0.0000e+00 0.0000e+00 1.6558e-04 1.0061e-05 1.6558e-04 1.5578e-01 0.0000e+00
516 0.0000e+00 0.0000e+00 1.6478e-04 8.9778e-06 1.6478e-04 1.5594e-01 0.0000e+00
517 0.0000e+00 0.0000e+00 1.6398e-04 8.0173e-06 1.6398e-04 1.5609e-01 0.0000e+00
518 0.0000e+00 0.0000e+00 1.6318e-04 7.1646e-06 1.6318e-04 1.5625e-01 0.0000e+00
519 0.0000e+00 0.0000e+00 1.6239e-04 6.4070e-06 1.6239e-04 1.5640e-01 0.0000e+00
520 0.0000e+00 0.0000e+00 1.6160e-04 5.7324e-06 1.6160e-04 1.5656e-01 0.0000e+00
521 0.0000e+00 0.0000e+00 1.6082e-04 5.1331e-06 1.6082e-04 1.5672e-01 0.0000e+00
522 0.0000e+00 0.0000e+00 1.6004e-04 4.5993e-06 1.6004e-04 1.5687e-01 0.0000e+00
523 0.0000e+00 0.0000e+00 1.5926e-04 4.1235e-06 1.5926e-04 1.5703e-01 0.0000e+00
524 0.0000e+00 0.0000e+00 1.5849e-04 3.6991e-06 1.5849e-04 1.5718e-01 0.0000e+00
525 0.0000e+00 4.1700e-05 1.5772e-04 3.3202e-06 1.5772e-04 1.5733e-01 0.0000e+00
526 0.0000e+00 8.0400e-05 1.5697e-04 2.9818e-06 1.5697e-04 1.5749e-01 0.0000e+00
527 0.0000e+00 1.1380e-04 1.5621e-04 2.6794e-06 1.5621e-04 1.5764e-01 0.0000e+00
528 0.0000e+00 1.3930e-04 1.5546e-04 2.4088e-06 1.5546e-04 1.5780e-01 0.0000e+00
529 0.0000e+00 1.5420e-04 1.5472e-04 2.1667e-06 1.5472e-04 1.5795e-01 0.0000e+00
530 0.0000e+00 1.6090e-04 1.5399e-04 1.9499e-06 1.5399e-04 1.5810e-01 0.0000e+00
531 0.0000e+00 1.5420e-04 1.5326e-04 1.7557e-06 1.5326e-04 1.5825e-01 0.0000e+00
532 0.0000e+00 1.3930e-04 1.5253e-04 1.5802e-06 1.5253e-04 1.5840e-01 0.0000e+00
533 0.0000e+00 1.1380e-04 1.5181e-04 1.4242e-06 1.5181e-04 1.5855e-01 0.0000e+00
534 0.0000e+00 8.0400e-05 1.5110e-04 1.2842e-06 1.5110e-04 1.5870e-01 0.0000e+00
535 0.0000e+00 3.8900e-05 1.5040e-04 1.1584e-06 1.5040e-04 1.5885e-01 0.0000e+00
536 0.0000e+00 0.0000e+00 1.4970e-04 1.0454e-06 1.4970e-04 1.5900e-01 0.0000e+00
537 0.0000e+00 0.0000e+00 1.4900e-04 9.4386e-07 1.4900e-04 1.5915e-01 0.0000e+00
538 0.0000e+00 0.0000e+00 1.4832e-04 8.5249e-07 1.4832e-04 1.5930e-01 0.0000e+00
539 0.0000e+00 0.0000e+00 1.4763e-04 7.7027e-07 1.4763e-04 1.5944e-01 0.0000e+00
540 0.0000e+00 0.0000e+00 1.4696e-04 6.9624e-07 1.4696e-04 1.5959e-01 0.0000e+00
541 0.0000e+00 0.0000e+00 1.4629e-04 6.2957e-07 1.4629e-04 1.5973e-01 0.0000e+00
542 0.0000e+00 0.0000e+00 1.4562e-04 5.6949e-07 1.4562e-04 1.5988e-01 0.0000e+00
543 0.0000e+00 0.0000e+00 1.4496e-04 5.1534e-07 1.4496e-04 1.6002e-01 0.0000e+00
544 0.0000e+00 0.0000e+00 1.4431e-04 4.6455e-07 1.4431e-04 1.6017e-01 0.0000e+00
545 0.0000e+00 0.0000e+00 1.4366e-04 4.2079e-07 1.4366e-04 1.6031e-01 0.0000e+00
546 0.0000e+00 0.0000e+00 1.4302e-04 3.8128e-07 1.4302e-04 1.6045e-01 0.0000e+00
547 0.0000e+00 0.0000e+00 1.4239e-04 3.4559e-07 1.4239e-04 1.6060e-01 0.0000e+00
548 0.0000e+00 0.0000e+00 1.4176e-04 3.1333e-07 1.4176e-04 1.6074e-01 0.0000e+00
549 0.0000e+00 2.0700e-05 1.4113e-04 2.8417e-07 1.4113e-04 1.6088e-01 0.0000e+00
550 0.0000e+00 4.0000e-05 1.4051e-04 2.5781e-07 1.4051e-04 1.6102e-01 0.0000e+00
551 0.0000e+00 5.6600e-05 1.3990e-04 2.3395e-07 1.3990e-04 1.6116e-01 0.0000e+00
552 1.0000e-03 6.9300e-05 1.3929e-04 2.1237e-07 1.3929e-04 1.6130e-01 0.0000e+00
553 1.0000e-03 7.6600e-05 1.3868e-04 1.9283e-07 1.3868e-04 1.6144e-01 0.0000e+00
554 2.0000e-03 8.0000e-05 1.4953e-04 1.0829e-04 1.3808e-04 1.6147e-01 1.1448e-05
555 1.5000e-03 7.6600e-05 1.6016e-04 2.9260e-04 1.3796e-04 1.6131e-01 2.2204e-05
556 0.0000e+00 6.9300e-05 1.3862e-04 2.2994e-04 1.3862e-04 1.6122e-01 0.0000e+00
557 5.0000e-04 5.6600e-05 1.4456e-04 2.4458e-04 1.3902e-04 1.6111e-01 5.5386e-06
558 0.0000e+00 4.0000e-05 1.3948e-04 2.0265e-04 1.3948e-04 1.6105e-01 0.0000e+00
559 0.0000e+00 1.9400e-05 1.3976e-04 1.7191e-04 1.3976e-04 1.6102e-01 0.0000e+00
560 0.0000e+00 0.0000e+00 1.3990e-04 1.4692e-04 1.3990e-04 1.6101e-01 0.0000e+00
561 0.0000e+00 0.0000e+00 1.3993e-04 1.2626e-04 1.3993e-04 1.6103e-01 0.0000e+00
562 0.0000e+00 0.0000e+00 1.3987e-04 1.0898e-04 1.3987e-04 1.6106e-01 0.0000e+00
563 0.0000e+00 0.0000e+00 1.3973e-04 9.4402e-05 1.3973e-04 1.6110e-01 0.0000e+00
564 0.0000e+00 0.0000e+00 1.3953e-04 8.2019e-05 1.3953e-04 1.6116e-01 0.0000e+00
565 5.0000e-04 0.0000e+00 1.4529e-04 1.2830e-04 1.3928e-04 1.6117e-01 6.0058e-06
566 0.0000e+00 0.0000e+00 1.3924e-04 1.0591e-04 1.3924e-04 1.6120e-01 0.0000e+00
567 0.0000e+00 0.0000e+00 1.3909e-04 9.0780e-05 1.3909e-04 1.6125e-01 0.0000e+00
568 0.0000e+00 0.0000e+00 1.3888e-04 7.8337e-05 1.3888e-04 1.6131e-01 0.0000e+00
569 0.0000e+00 0.0000e+00 1.3862e-04 6.7932e-05 1.3862e-04 1.6138e-01 0.0000e+00
570 0.0000e+00 0.0000e+00 1.3831e-04 5.9131e-05 1.3831e-04 1.6146e-01 0.0000e+00
571 0.0000e+00 0.0000e+00 1.3797e-04 5.1625e-05 1.3797e-04 1.6155e-01 0.0000e+00
572 0.0000e+00 0.0000e+00 1.3760e-04 4.5185e-05 1.3760e-04 1.6164e-01 0.0000e+00
573 3.0000e-03 3.0500e-05 1.8411e-04 4.8189e-04 1.3720e-04 1.6130e-01 4.6910e-05
574 1.0000e-03 5.8900e-05 1.5385e-04 5.1820e-04 1.3869e-04 1.6092e-01 1.5160e-05
575 2.5000e-03 8.3300e-05 1.7851e-04 7.8663e-04 1.4034e-04 1.6027e-01 3.8171e-05
576 3.5000e-03 1.0200e-04 1.9663e-04 1.1473e-03 1.4321e-04 1.5927e-01 5.3426e-05
577 1.5000e-03 1.1290e-04 1.6963e-04 1.1429e-03 1.4777e-04 1.5827e-01 2.1860e-05
578 0.0000e+00 1.1780e-04 1.5244e-04 9.5005e-04 1.5244e-04 1.5747e-01 0.0000e+00
579 0.0000e+00 1.1290e-04 1.5629e-04 8.0578e-04 1.5629e-04 1.5682e-01 0.0000e+00
580 0.0000e+00 1.0200e-04 1.5949e-04 6.8796e-04 1.5949e-04 1.5630e-01 0.0000e+00
581 0.0000e+00 8.3300e-05 1.6215e-04 5.9028e-04 1.6215e-04 1.5587e-01 0.0000e+00
582 0.0000e+00 5.8900e-05 1.6433e-04 5.0841e-04 1.6433e-04 1.5552e-01 0.0000e+00
583 0.0000e+00 2.8500e-05 1.6611e-04 4.3924e-04 1.6611e-04 1.5525e-01 0.0000e+00
584 0.0000e+00 0.0000e+00 1.6753e-04 3.8046e-04 1.6753e-04 1.5504e-01 0.0000e+00
585 0.0000e+00 0.0000e+00 1.6865e-04 3.3029e-04 1.6865e-04 1.5488e-01 0.0000e+00
586 0.0000e+00 0.0000e+00 1.6950e-04 2.8731e-04 1.6950e-04 1.5476e-01 0.0000e+00
587 0.0000e+00 0.0000e+00 1.7013e-04 2.5040e-04 1.7013e-04 1.5468e-01 0.0000e+00
588 0.0000e+00 0.0000e+00 1.7056e-04 2.1861e-04 1.7056e-04 1.5463e-01 0.0000e+00
589 5.0000e-04 0.0000e+00 1.7081e-04 1.9116e-04 1.7081e-04 1.5461e-01 0.0000e+00
590 0.0000e+00 0.0000e+00 1.7092e-04 1.6741e-04 1.7092e-04 1.5461e-01 0.0000e+00
591 0.0000e+00 0.0000e+00 1.7090e-04 1.4683e-04 1.7090e-04 1.5464e-01 0.0000e+00
592 5.0000e-04 0.0000e+00 1.7682e-04 1.8973e-04 1.7077e-04 1.5462e-01 6.0495e-06
593 0.0000e+00 0.0000e+00 1.7087e-04 1.5885e-04 1.7087e-04 1.5463e-01 0.0000e+00
594 1.0000e-03 0.0000e+00 1.8645e-04 2.9421e-04 1.7081e-04 1.5451e-01 1.5637e-05
595 0.0000e+00 0.0000e+00 1.7147e-04 2.3672e-04 1.7147e-04 1.5444e-01 0.0000e+00
596 0.0000e+00 0.0000e+00 1.7182e-04 2.0037e-04 1.7182e-04 1.5441e-01 0.0000e+00
597 0.0000e+00 6.2600e-05 1.7197e-04 1.7148e-04 1.7197e-04 1.5441e-01 0.0000e+00
598 0.0000e+00 1.2080e-04 1.7197e-04 1.4778e-04 1.7197e-04 1.5444e-01 0.0000e+00
599 0.0000e+00 1.7090e-04 1.7184e-04 1.2798e-04 1.7184e-04 1.5448e-01 0.0000e+00
600 0.0000e+00 2.0930e-04 1.7161e-04 1.1123e-04 1.7161e-04 1.5454e-01 0.0000e+00
601 0.0000e+00 2.3150e-04 1.7128e-04 9.6966e-05 1.7128e-04 1.5462e-01 0.0000e+00
602 0.0000e+00 2.4180e-04 1.7088e-04 8.4739e-05 1.7088e-04 1.5470e-01 0.0000e+00
603 0.0000e+00 2.3150e-04 1.7043e-04 7.4215e-05 1.7043e-04 1.5480e-01 0.0000e+00
604 0.0000e+00 2.0930e-04 1.6991e-04 6.5124e-05 1.6991e-04 1.5490e-01 0.0000e+00
605 0.0000e+00 1.7090e-04 1.6936e-04 5.7248e-05 1.6936e-04 1.5502e-01 0.0000e+00
606 0.0000e+00 1.2080e-04 1.6877e-04 5.0406e-05 1.6877e-04 1.5513e-01 0.0000e+00
607 0.0000e+00 5.8500e-05 1.6814e-04 4.4447e-05 1.6814e-04 1.5526e-01 0.0000e+00
608 0.0000e+00 0.0000e+00 1.6749e-04 3.9247e-05 1.6749e-04 1.5539e-01 0.0000e+00
609 0.0000e+00 0.0000e+00 1.6682e-04 3.4700e-05 1.6682e-04 1.5552e-01 0.0000e+00
610 0.0000e+00 0.0000e+00 1.6614e-04 3.0717e-05 1.6614e-04 1.5565e-01 0.0000e+00
611 0.0000e+00 0.0000e+00 1.6544e-04 2.7222e-05 1.6544e-04 1.5579e-01 0.0000e+00
612 0.0000e+00 0.0000e+00 1.6472e-04 2.4151e-05 1.6472e-04 1.5593e-01 0.0000e+00
613 0.0000e+00 0.0000e+00 1.6400e-04 2.1449e-05 1.6400e-04 1.5607e-01 0.0000e+00
614 0.0000e+00 0.0000e+00 1.6327e-04 1.9068e-05 1.6327e-04 1.5622e-01 0.0000e+00
615 0.0000e+00 0.0000e+00 1.6254e-04 1.6965e-05 1.6254e-04 1.5636e-01 0.0000e+00
616 0.0000e+00 0.0000e+00 1.6180e-04 1.5110e-05 1.6180e-04 1.5651e-01 0.0000e+00
617 0.0000e+00 0.0000e+00 1.6106e-04 1.3468e-05 1.6106e-04 1.5666e-01 0.0000e+00
618 0.0000e+00 0.0000e+00 1.6032e-04 1.2015e-05 1.6032e-04 1.5681e-01 0.0000e+00
619 0.0000e+00 0.0000e+00 1.5958e-04 1.0727e-05 1.5958e-04 1.5696e-01 0.0000e+00
620 0.0000e+00 0.0000e+00 1.5884e-04 9.5845e-06 1.5884e-04 1.5710e-01 0.0000e+00
621 0.0000e+00 1.4200e-05 1.5810e-04 8.5698e-06 1.5810e-04 1.5725e-01 0.0000e+00
622 0.0000e+00 2.7500e-05 1.5736e-04 7.6679e-06 1.5736e-04 1.5740e-01 0.0000e+00
623 0.0000e+00 3.8900e-05 1.5663e-04 6.8657e-06 1.5663e-04 1.5755e-01 0.0000e+00
624 1.0000e-03 4.7600e-05 1.5589e-04 6.1514e-06 1.5589e-04 1.5770e-01 0.0000e+00
625 1.0000e-03 5.2700e-05 1.5638e-04 1.7315e-05 1.5517e-04 1.5784e-01 1.2089e-06
626 3.0000e-03 5.5000e-05 2.0059e-04 4.6314e-04 1.5450e-04 1.5753e-01 4.6086e-05
627 2.0000e-03 5.2700e-05 1.8641e-04 6.5014e-04 1.5600e-04 1.5704e-01 3.0413e-05
628 1.5000e-03 4.7600e-05 1.8106e-04 7.4057e-04 1.5842e-04 1.5646e-01 2.2631e-05
629 3.5000e-03 3.8900e-05 2.1532e-04 1.1347e-03 1.6133e-04 1.5548e-01 5.3984e-05
630 4.0000e-03 2.7500e-05 2.2825e-04 1.5290e-03 1.6632e-04 1.5412e-01 6.1939e-05
631 5.0000e-03 1.3300e-05 2.5130e-04 2.0218e-03 1.7355e-04 1.5227e-01 7.7754e-05
632 0.0000e+00 0.0000e+00 1.8387e-04 1.6396e-03 1.8387e-04 1.5082e-01 0.0000e+00
633 0.0000e+00 0.0000e+00 1.9243e-04 1.3769e-03 1.9243e-04 1.4963e-01 0.0000e+00
634 1.0000e-03 0.0000e+00 2.1511e-04 1.3295e-03 1.9968e-04 1.4850e-01 1.5429e-05
635 2.5000e-03 0.0000e+00 2.4595e-04 1.5331e-03 2.0686e-04 1.4718e-01 3.9092e-05
636 3.5000e-03 0.0000e+00 2.6692e-04 1.8480e-03 2.1561e-04 1.4554e-01 5.1307e-05
637 3.0000e-03 0.0000e+00 2.8511e-04 2.0038e-03 2.2690e-04 1.4377e-01 5.8209e-05
638 0.0000e+00 0.0000e+00 2.3985e-04 1.6362e-03 2.3985e-04 1.4237e-01 0.0000e+00
639 5.0000e-04 0.0000e+00 2.6317e-04 1.4622e-03 2.5055e-04 1.4116e-01 1.2620e-05
640 0.0000e+00 0.0000e+00 2.6022e-04 1.2295e-03 2.6022e-04 1.4019e-01 0.0000e+00
641 5.0000e-04 0.0000e+00 2.8084e-04 1.1318e-03 2.6822e-04 1.3933e-01 1.2620e-05
642 0.0000e+00 0.0000e+00 2.7556e-04 9.5246e-04 2.7556e-04 1.3865e-01 0.0000e+00
643 5.0000e-04 0.0000e+00 2.9407e-04 9.0003e-04 2.8145e-04 1.3803e-01 1.2620e-05
644 0.0000e+00 0.0000e+00 2.8694e-04 7.5614e-04 2.8694e-04 1.3756e-01 0.0000e+00
645 0.0000e+00 1.6900e-05 2.9118e-04 6.4484e-04 2.9118e-04 1.3721e-01 0.0000e+00
646 0.0000e+00 3.2600e-05 2.9442e-04 5.5182e-04 2.9442e-04 1.3695e-01 0.0000e+00
647 0.0000e+00 4.6100e-05 2.9680e-04 4.7358e-04 2.9680e-04 1.3677e-01 0.0000e+00
648 0.0000e+00 5.6400e-05 2.9844e-04 4.0744e-04 2.9844e-04 1.3666e-01 0.0000e+00
649 0.0000e+00 6.2400e-05 2.9946e-04 3.5132e-04 2.9946e-04 1.3661e-01 0.0000e+00
650 0.0000e+00 6.5200e-05 2.9994e-04 3.0355e-04 2.9994e-04 1.3661e-01 0.0000e+00
651 0.0000e+00 6.2400e-05 2.9998e-04 2.6278e-04 2.9998e-04 1.3665e-01 0.0000e+00
652 0.0000e+00 5.6400e-05 2.9963e-04 2.2790e-04 2.9963e-04 1.3672e-01 0.0000e+00
653 0.0000e+00 4.6100e-05 2.9896e-04 1.9798e-04 2.9896e-04 1.3682e-01 0.0000e+00
654 0.0000e+00 3.2600e-05 2.9802e-04 1.7228e-04 2.9802e-04 1.3694e-01 0.0000e+00
655 0.0000e+00 1.5800e-05 2.9685e-04 1.5015e-04 2.9685e-04 1.3709e-01 0.0000e+00
656 0.0000e+00 0.0000e+00 2.9549e-04 1.3106e-04 2.9549e-04 1.3726e-01 0.0000e+00
657 0.0000e+00 0.0000e+00 2.9398e-04 1.1456e-04 2.9398e-04 1.3744e-01 0.0000e+00
658 0.0000e+00 0.0000e+00 2.9233e-04 1.0028e-04 2.9233e-04 1.3763e-01 0.0000e+00
659 0.0000e+00 0.0000e+00 2.9058e-04 8.7898e-05 2.9058e-04 1.3783e-01 0.0000e+00
660 0.0000e+00 0.0000e+00 2.8875e-04 7.7142e-05 2.8875e-04 1.3804e-01 0.0000e+00
661 0.0000e+00 0.0000e+00 2.8685e-04 6.7785e-05 2.8685e-04 1.3826e-01 0.0000e+00
662 0.0000e+00 0.0000e+00 2.8489e-04 5.9635e-05 2.8489e-04 1.3849e-01 0.0000e+00
663 0.0000e+00 0.0000e+00 2.8289e-04 5.2524e-05 2.8289e-04 1.3872e-01 0.0000e+00
664 0.0000e+00 0.0000e+00 2.8086e-04 4.6312e-05 2.8086e-04 1.3895e-01 0.0000e+00
665 0.0000e+00 0.0000e+00 2.7881e-04 4.0878e-05 2.7881e-04 1.3919e-01 0.0000e+00
666 5.0000e-04 0.0000e+00 2.7698e-04 3.7755e-05 2.7674e-04 1.3943e-01 2.3399e-07
667 0.0000e+00 0.0000e+00 2.7469e-04 3.3091e-05 2.7469e-04 1.3967e-01 0.0000e+00
668 5.0000e-04 0.0000e+00 2.8524e-04 1.1710e-04 2.7262e-04 1.3982e-01 1.2620e-05
669 5.0000e-04 1.5300e-05 2.8392e-04 1.7527e-04 2.7130e-04 1.3992e-01 1.2620e-05
670 0.0000e+00 2.9500e-05 2.7048e-04 1.3431e-04 2.7048e-04 1.4006e-01 0.0000e+00
671 1.0000e-03 4.1700e-05 2.9345e-04 2.7816e-04 2.6934e-04 1.4005e-01 2.4109e-05
672 0.0000e+00 5.1100e-05 2.6941e-04 2.1053e-04 2.6941e-04 1.4011e-01 0.0000e+00
673 0.0000e+00 5.6500e-05 2.6892e-04 1.7345e-04 2.6892e-04 1.4020e-01 0.0000e+00
674 0.0000e+00 5.9000e-05 2.6811e-04 1.4462e-04 2.6811e-04 1.4033e-01 0.0000e+00
675 5.0000e-04 5.6500e-05 2.7445e-04 1.7270e-04 2.6708e-04 1.4042e-01 7.3705e-06
676 5.0000e-04 5.1100e-05 2.7749e-04 2.1643e-04 2.6629e-04 1.4047e-01 1.1194e-05
677 0.0000e+00 4.1700e-05 2.6588e-04 1.7145e-04 2.6588e-04 1.4056e-01 0.0000e+00
678 0.0000e+00 2.9500e-05 2.6510e-04 1.4315e-04 2.6510e-04 1.4069e-01 0.0000e+00
679 1.0000e-03 1.4300e-05 2.8624e-04 2.7347e-04 2.6409e-04 1.4068e-01 2.2155e-05
680 1.0000e-03 0.0000e+00 2.8904e-04 3.8189e-04 2.6417e-04 1.4056e-01 2.4879e-05
681 0.0000e+00 0.0000e+00 2.6514e-04 2.9607e-04 2.6514e-04 1.4053e-01 0.0000e+00
682 0.0000e+00 0.0000e+00 2.6540e-04 2.4497e-04 2.6540e-04 1.4055e-01 0.0000e+00
683 0.0000e+00 0.0000e+00 2.6523e-04 2.0483e-04 2.6523e-04 1.4061e-01 0.0000e+00
684 0.0000e+00 0.0000e+00 2.6473e-04 1.7264e-04 2.6473e-04 1.4070e-01 0.0000e+00
685 0.0000e+00 0.0000e+00 2.6397e-04 1.4642e-04 2.6397e-04 1.4082e-01 0.0000e+00
686 0.0000e+00 0.0000e+00 2.6300e-04 1.2480e-04 2.6300e-04 1.4096e-01 0.0000e+00
687 0.0000e+00 0.0000e+00 2.6186e-04 1.0682e-04 2.6186e-04 1.4111e-01 0.0000e+00
688 0.0000e+00 0.0000e+00 2.6060e-04 9.1751e-05 2.6060e-04 1.4128e-01 0.0000e+00
689 0.0000e+00 0.0000e+00 2.5923e-04 7.9052e-05 2.5923e-04 1.4146e-01 0.0000e+00
690 0.0000e+00 0.0000e+00 2.5777e-04 6.8298e-05 2.5777e-04 1.4165e-01 0.0000e+00
691 0.0000e+00 0.0000e+00 2.5625e-04 5.9154e-05 2.5625e-04 1.4185e-01 0.0000e+00
692 0.0000e+00 0.0000e+00 2.5468e-04 5.1350e-05 2.5468e-04 1.4205e-01 0.0000e+00
693 0.0000e+00 5.6100e-05 2.5306e-04 4.4668e-05 2.5306e-04 1.4226e-01 0.0000e+00
694 0.0000e+00 1.0830e-04 2.5142e-04 3.8931e-05 2.5142e-04 1.4247e-01 0.0000e+00
695 0.0000e+00 1.5320e-04 2.4976e-04 3.3992e-05 2.4976e-04 1.4269e-01 0.0000e+00
696 0.0000e+00 1.8770e-04 2.4808e-04 2.9730e-05 2.4808e-04 1.4291e-01 0.0000e+00
697 0.0000e+00 2.0760e-04 2.4639e-04 2.6044e-05 2.4639e-04 1.4313e-01 0.0000e+00
698 0.0000e+00 2.1680e-04 2.4470e-04 2.2849e-05 2.4470e-04 1.4335e-01 0.0000e+00
699 0.0000e+00 2.0760e-04 2.4301e-04 2.0074e-05 2.4301e-04 1.4357e-01 0.0000e+00
700 5.0000e-04 1.8770e-04 2.4132e-04 1.7660e-05 2.4132e-04 1.4379e-01 0.0000e+00
701 0.0000e+00 1.5320e-04 2.3964e-04 1.5556e-05 2.3964e-04 1.4402e-01 0.0000e+00
702 0.0000e+00 1.0830e-04 2.3797e-04 1.3720e-05 2.3797e-04 1.4424e-01 0.0000e+00
703 0.0000e+00 5.2400e-05 2.3631e-04 1.2114e-05 2.3631e-04 1.4447e-01 0.0000e+00
704 0.0000e+00 0.0000e+00 2.3466e-04 1.0708e-05 2.3466e-04 1.4469e-01 0.0000e+00
705 0.0000e+00 0.0000e+00 2.3302e-04 9.4752e-06 2.3302e-04 1.4491e-01 0.0000e+00
706 0.0000e+00 0.0000e+00 2.3140e-04 8.3915e-06 2.3140e-04 1.4514e-01 0.0000e+00
707 0.0000e+00 0.0000e+00 2.2979e-04 7.4405e-06 2.2979e-04 1.4536e-01 0.0000e+00
708 0.0000e+00 0.0000e+00 2.2820e-04 6.6034e-06 2.2820e-04 1.4558e-01 0.0000e+00
709 0.0000e+00 0.0000e+00 2.2663e-04 5.8657e-06 2.2663e-04 1.4580e-01 0.0000e+00
710 0.0000e+00 0.0000e+00 2.2507e-04 5.2149e-06 2.2507e-04 1.4602e-01 0.0000e+00
711 0.0000e+00 0.0000e+00 2.2353e-04 4.6401e-06 2.2353e-04 1.4624e-01 0.0000e+00
712 0.0000e+00 0.0000e+00 2.2200e-04 4.1321e-06 2.2200e-04 1.4646e-01 0.0000e+00
713 0.0000e+00 0.0000e+00 2.2050e-04 3.6824e-06 2.2050e-04 1.4668e-01 0.0000e+00
714 0.0000e+00 0.0000e+00 2.1901e-04 3.2842e-06 2.1901e-04 1.4689e-01 0.0000e+00
715 0.0000e+00 0.0000e+00 2.1754e-04 2.9312e-06 2.1754e-04 1.4711e-01 0.0000e+00
716 0.0000e+00 0.0000e+00 2.1608e-04 2.6179e-06 2.1608e-04 1.4732e-01 0.0000e+00
717 0.0000e+00 8.5600e-05 2.1465e-04 2.3397e-06 2.1465e-04 1.4753e-01 0.0000e+00
718 0.0000e+00 1.6520e-04 2.1323e-04 2.0908e-06 2.1323e-04 1.4774e-01 0.0000e+00
719 0.0000e+00 2.3380e-04 2.1182e-04 1.8712e-06 2.1182e-04 1.4795e-01 0.0000e+00
720 0.0000e+00 2.8620e-04 2.1044e-04 1.6757e-06 2.1044e-04 1.4816e-01 0.0000e+00
721 0.0000e+00 3.1670e-04 2.0907e-04 1.5015e-06 2.0907e-04 1.4837e-01 0.0000e+00
722 0.0000e+00 3.3060e-04 2.0772e-04 1.3462e-06 2.0772e-04 1.4858e-01 0.0000e+00
723 0.0000e+00 3.1670e-04 2.0638e-04 1.2076e-06 2.0638e-04 1.4878e-01 0.0000e+00
724 0.0000e+00 2.8620e-04 2.0506e-04 1.0839e-06 2.0506e-04 1.4899e-01 0.0000e+00
725 0.0000e+00 2.3380e-04 2.0376e-04 9.7336e-07 2.0376e-04 1.4919e-01 0.0000e+00
726 0.0000e+00 1.6520e-04 2.0247e-04 8.7455e-07 2.0247e-04 1.4939e-01 0.0000e+00
727 0.0000e+00 8.0000e-05 2.0120e-04 7.8616e-07 2.0120e-04 1.4959e-01 0.0000e+00
728 0.0000e+00 0.0000e+00 1.9995e-04 7.0705e-07 1.9995e-04 1.4979e-01 0.0000e+00
729 0.0000e+00 0.0000e+00 1.9871e-04 6.3621e-07 1.9871e-04 1.4999e-01 0.0000e+00
730 0.0000e+00 0.0000e+00 1.9748e-04 5.7057e-07 1.9748e-04 1.5018e-01 0.0000e+00
731 0.0000e+00 0.0000e+00 1.9627e-04 5.1404e-07 1.9627e-04 1.5038e-01 0.0000e+00
732 0.0000e+00 0.0000e+00 1.9507e-04 4.6330e-07 1.9507e-04 1.5057e-01 0.0000e+00
733 0.0000e+00 0.0000e+00 1.9389e-04 4.1774e-07 1.9389e-04 1.5077e-01 0.0000e+00
734 0.0000e+00 0.0000e+00 1.9272e-04 3.7681e-07 1.9272e-04 1.5096e-01 0.0000e+00
735 0.0000e+00 0.0000e+00 1.9157e-04 3.4002e-07 1.9157e-04 1.5115e-01 0.0000e+00
736 0.0000e+00 0.0000e+00 1.9042e-04 3.0695e-07 1.9042e-04 1.5134e-01 0.0000e+00
737 0.0000e+00 0.0000e+00 1.8930e-04 2.7720e-07 1.8930e-04 1.5153e-01 0.0000e+00
738 0.0000e+00 0.0000e+00 1.8818e-04 2.5042e-07 1.8818e-04 1.5172e-01 0.0000e+00
739 0.0000e+00 0.0000e+00 1.8708e-04 2.2631e-07 1.8708e-04 1.5191e-01 0.0000e+00
740 0.0000e+00 0.0000e+00 1.8599e-04 2.0460e-07 1.8599e-04 1.5209e-01 0.0000e+00
741 0.0000e+00 7.4700e-05 1.8491e-04 1.8503e-07 1.8491e-04 1.5228e-01 0.0000e+00
742 0.0000e+00 1.4410e-04 1.8385e-04 1.6510e-07 1.8385e-04 1.5246e-01 0.0000e+00
743 0.0000e+00 2.0380e-04 1.8280e-04 1.4953e-07 1.8280e-04 1.5264e-01 0.0000e+00
744 0.0000e+00 2.4960e-04 1.8176e-04 1.3547e-07 1.8176e-04 1.5282e-01 0.0000e+00
745 0.0000e+00 2.7610e-04 1.8073e-04 1.2276e-07 1.8073e-04 1.5300e-01 0.0000e+00
746 0.0000e+00 2.8830e-04 1.7971e-04 1.1128e-07 1.7971e-04 1.5318e-01 0.0000e+00
747 0.0000e+00 2.7610e-04 1.7870e-04 1.0090e-07 1.7870e-04 1.5336e-01 0.0000e+00
748 0.0000e+00 2.4960e-04 1.7771e-04 9.1509e-08 1.7771e-04 1.5354e-01 0.0000e+00
749 0.0000e+00 2.0380e-04 1.7673e-04 8.3018e-08 1.7673e-04 1.5372e-01 0.0000e+00
750 0.0000e+00 1.4410e-04 1.7575e-04 7.5335e-08 1.7575e-04 1.5389e-01 0.0000e+00
751 0.0000e+00 6.9800e-05 1.7479e-04 6.8381e-08 1.7479e-04 1.5407e-01 0.0000e+00
752 0.0000e+00 0.0000e+00 1.7384e-04 6.2085e-08 1.7384e-04 1.5424e-01 0.0000e+00
753 0.0000e+00 0.0000e+00 1.7290e-04 5.6384e-08 1.7290e-04 1.5441e-01 0.0000e+00
754 0.0000e+00 0.0000e+00 1.7197e-04 5.1219e-08 1.7197e-04 1.5459e-01 0.0000e+00
755 0.0000e+00 0.0000e+00 1.7105e-04 4.4806e-08 1.7105e-04 1.5476e-01 0.0000e+00
756 0.0000e+00 0.0000e+00 1.7013e-04 4.0778e-08 1.7013e-04 1.5493e-01 0.0000e+00
757 0.0000e+00 0.0000e+00 1.6923e-04 3.7119e-08 1.6923e-04 1.5510e-01 0.0000e+00
758 0.0000e+00 0.0000e+00 1.6834e-04 3.3795e-08 1.6834e-04 1.5526e-01 0.0000e+00
759 0.0000e+00 0.0000e+00 1.6746e-04 3.0774e-08 1.6746e-04 1.5543e-01 0.0000e+00
760 0.0000e+00 0.0000e+00 1.6658e-04 2.8029e-08 1.6658e-04 1.5560e-01 0.0000e+00
761 0.0000e+00 0.0000e+00 1.6572e-04 2.5534e-08 1.6572e-04 1.5576e-01 0.0000e+00
762 0.0000e+00 0.0000e+00 1.6486e-04 2.3265e-08 1.6486e-04 1.5593e-01 0.0000e+00
763 0.0000e+00 0.0000e+00 1.6401e-04 2.1202e-08 1.6401e-04 1.5609e-01 0.0000e+00
764 0.0000e+00 0.0000e+00 1.6318e-04 1.9326e-08 1.6318e-04 1.5626e-01 0.0000e+00
765 0.0000e+00 9.6700e-05 1.6235e-04 1.7618e-08 1.6235e-04 1.5642e-01 0.0000e+00
766 0.0000e+00 1.8660e-04 1.6152e-04 1.6065e-08 1.6152e-04 1.5658e-01 0.0000e+00
767 0.0000e+00 2.6400e-04 1.6071e-04 1.3269e-08 1.6071e-04 1.5674e-01 0.0000e+00
768 0.0000e+00 3.2330e-04 1.5991e-04 1.2131e-08 1.5991e-04 1.5690e-01 0.0000e+00
769 0.0000e+00 3.5770e-04 1.5911e-04 1.1091e-08 1.5911e-04 1.5706e-01 0.0000e+00
770 0.0000e+00 3.7350e-04 1.5832e-04 1.0142e-08 1.5832e-04 1.5722e-01 0.0000e+00
771 0.0000e+00 3.5770e-04 1.5754e-04 9.2759e-09 1.5754e-04 1.5738e-01 0.0000e+00
772 0.0000e+00 3.2330e-04 1.5677e-04 8.4844e-09 1.5677e-04 1.5753e-01 0.0000e+00
773 0.0000e+00 2.6400e-04 1.5600e-04 7.7616e-09 1.5600e-04 1.5769e-01 0.0000e+00
774 0.0000e+00 1.8660e-04 1.5524e-04 7.1012e-09 1.5524e-04 1.5784e-01 0.0000e+00
775 0.0000e+00 9.0400e-05 1.5449e-04 6.4978e-09 1.5449e-04 1.5800e-01 0.0000e+00
776 0.0000e+00 0.0000e+00 1.5375e-04 5.9464e-09 1.5375e-04 1.5815e-01 0.0000e+00
777 0.0000e+00 0.0000e+00 1.5301e-04 5.4426e-09 1.5301e-04 1.5830e-01 0.0000e+00
778 0.0000e+00 0.0000e+00 1.5228e-04 4.9820e-09 1.5228e-04 1.5846e-01 0.0000e+00
779 0.0000e+00 0.0000e+00 1.5156e-04 3.6023e-09 1.5156e-04 1.5861e-01 0.0000e+00
780 0.0000e+00 0.0000e+00 1.5084e-04 3.3088e-09 1.5084e-04 1.5876e-01 0.0000e+00
781 0.0000e+00 0.0000e+00 1.5013e-04 3.0395e-09 1.5013e-04 1.5891e-01 0.0000e+00
782 0.0000e+00 0.0000e+00 1.4943e-04 2.7924e-09 1.4943e-04 1.5906e-01 0.0000e+00
783 0.0000e+00 0.0000e+00 1.4873e-04 2.5655e-09 1.4873e-04 1.5921e-01 0.0000e+00
784 0.0000e+00 0.0000e+00 1.4804e-04 2.3573e-09 1.4804e-04 1.5936e-01 0.0000e+00
785 0.0000e+00 0.0000e+00 1.4736e-04 2.1662e-09 1.4736e-04 1.5950e-01 0.0000e+00
786 0.0000e+00 0.0000e+00 1.4668e-04 1.9907e-09 1.4668e-04 1.5965e-01 0.0000e+00
787 0.0000e+00 0.0000e+00 1.4601e-04 1.8296e-09 1.4601e-04 1.5980e-01 0.0000e+00
788 0.0000e+00 0.0000e+00 1.4535e-04 1.6817e-09 1.4535e-04 1.5994e-01 0.0000e+00
789 0.0000e+00 1.2590e-04 1.4469e-04 1.5459e-09 1.4469e-04 1.6009e-01 0.0000e+00
790 0.0000e+00 2.4290e-04 1.4403e-04 1.4211e-09 1.4403e-04 1.6023e-01 0.0000e+00
791 0.0000e+00 3.4370e-04 1.4339e-04 1.3065e-09 1.4339e-04 1.6037e-01 0.0000e+00
792 0.0000e+00 4.2090e-04 1.4275e-04 7.0133e-10 1.4275e-04 1.6052e-01 0.0000e+00
793 0.0000e+00 4.6560e-04 1.4211e-04 6.4751e-10 1.4211e-04 1.6066e-01 0.0000e+00
794 0.0000e+00 4.8620e-04 1.4148e-04 5.9785e-10 1.4148e-04 1.6080e-01 0.0000e+00
795 0.0000e+00 4.6560e-04 1.4086e-04 5.5203e-10 1.4086e-04 1.6094e-01 0.0000e+00
796 0.0000e+00 4.2090e-04 1.4024e-04 5.0975e-10 1.4024e-04 1.6108e-01 0.0000e+00
797 0.0000e+00 3.4370e-04 1.3963e-04 4.7074e-10 1.3963e-04 1.6122e-01 0.0000e+00
798 0.0000e+00 2.4290e-04 1.3902e-04 4.3473e-10 1.3902e-04 1.6136e-01 0.0000e+00
799 0.0000e+00 1.1760e-04 1.3842e-04 4.0151e-10 1.3842e-04 1.6150e-01 0.0000e+00
800 0.0000e+00 0.0000e+00 1.3782e-04 3.7084e-10 1.3782e-04 1.6164e-01 0.0000e+00
801 0.0000e+00 0.0000e+00 1.3723e-04 3.4253e-10 1.3723e-04 1.6177e-01 0.0000e+00
802 0.0000e+00 0.0000e+00 1.3664e-04 3.1640e-10 1.3664e-04 1.6191e-01 0.0000e+00
803 0.0000e+00 0.0000e+00 1.3606e-04 2.9228e-10 1.3606e-04 1.6205e-01 0.0000e+00
804 0.0000e+00 0.0000e+00 1.3548e-04 2.7001e-10 1.3548e-04 1.6218e-01 0.0000e+00
805 0.0000e+00 0.0000e+00 1.3491e-04 7.2050e-11 1.3491e-04 1.6232e-01 0.0000e+00
806 0.0000e+00 0.0000e+00 1.3434e-04 6.6879e-11 1.3434e-04 1.6245e-01 0.0000e+00
807 0.0000e+00 0.0000e+00 1.3378e-04 6.2082e-11 1.3378e-04 1.6258e-01 0.0000e+00
808 0.0000e+00 0.0000e+00 1.3322e-04 5.7630e-11 1.3322e-04 1.6272e-01 0.0000e+00
809 0.0000e+00 0.0000e+00 1.3266e-04 5.3500e-11 1.3266e-04 1.6285e-01 0.0000e+00
810 0.0000e+00 0.0000e+00 1.3212e-04 4.9668e-11 1.3212e-04 1.6298e-01 0.0000e+00
811 0.0000e+00 0.0000e+00 1.3157e-04 4.6113e-11 1.3157e-04 1.6311e-01 0.0000e+00
812 0.0000e+00 0.0000e+00 1.3103e-04 4.2813e-11 1.3103e-04 1.6324e-01 0.0000e+00
813 0.0000e+00 3.0400e-05 1.3050e-04 3.9751e-11 1.3050e-04 1.6338e-01 0.0000e+00
814 0.0000e+00 5.8700e-05 1.2997e-04 3.6909e-11 1.2997e-04 1.6351e-01 0.0000e+00
815 0.0000e+00 8.3100e-05 1.2944e-04 3.4272e-11 1.2944e-04 1.6363e-01 0.0000e+00
816 0.0000e+00 1.0180e-04 1.2892e-04 3.1824e-11 1.2892e-04 1.6376e-01 0.0000e+00
817 0.0000e+00 1.1260e-04 1.2840e-04 2.9553e-11 1.2840e-04 1.6389e-01 0.0000e+00
818 0.0000e+00 1.1760e-04 1.2788e-04 0.0000e+00 1.2788e-04 1.6402e-01 0.0000e+00
819 0.0000e+00 1.1260e-04 1.2737e-04 0.0000e+00 1.2737e-04 1.6415e-01 0.0000e+00
820 0.0000e+00 1.0180e-04 1.2687e-04 0.0000e+00 1.2687e-04 1.6427e-01 0.0000e+00
821 0.0000e+00 8.3100e-05 1.2637e-04 0.0000e+00 1.2637e-04 1.6440e-01 0.0000e+00
822 0.0000e+00 5.8700e-05 1.2587e-04 0.0000e+00 1.2587e-04 1.6453e-01 0.0000e+00
823 0.0000e+00 2.8400e-05 1.2537e-04 0.0000e+00 1.2537e-04 1.6465e-01 0.0000e+00
824 0.0000e+00 0.0000e+00 1.2488e-04 0.0000e+00 1.2488e-04 1.6478e-01 0.0000e+00
825 0.0000e+00 0.0000e+00 1.2440e-04 0.0000e+00 1.2440e-04 1.6490e-01 0.0000e+00
826 0.0000e+00 0.0000e+00 1.2391e-04 0.0000e+00 1.2391e-04 1.6502e-01 0.0000e+00
827 0.0000e+00 0.0000e+00 1.2344e-04 0.0000e+00 1.2344e-04 1.6515e-01 0.0000e+00
828 0.0000e+00 0.0000e+00 1.2296e-04 0.0000e+00 1.2296e-04 1.6527e-01 0.0000e+00
829 0.0000e+00 0.0000e+00 1.2249e-04 0.0000e+00 1.2249e-04 1.6539e-01 0.0000e+00
830 0.0000e+00 0.0000e+00 1.2202e-04 0.0000e+00 1.2202e-04 1.6552e-01 0.0000e+00
831 0.0000e+00 0.0000e+00 1.2156e-04 0.0000e+00 1.2156e-04 1.6564e-01 0.0000e+00
832 0.0000e+00 0.0000e+00 1.2110e-04 0.0000e+00 1.2110e-04 1.6576e-01 0.0000e+00
833 0.0000e+00 0.0000e+00 1.2064e-04 0.0000e+00 1.2064e-04 1.6588e-01 0.0000e+00
834 0.0000e+00 0.0000e+00 1.2018e-04 0.0000e+00 1.2018e-04 1.6600e-01 0.0000e+00
835 0.0000e+00 0.0000e+00 1.1973e-04 0.0000e+00 1.1973e-04 1.6612e-01 0.0000e+00
836 0.0000e+00 0.0000e+00 1.1929e-04 0.0000e+00 1.1929e-04 1.6624e-01 0.0000e+00
837 0.0000e+00 6.6100e-05 1.1884e-04 0.0000e+00 1.1884e-04 1.6636e-01 0.0000e+00
838 0.0000e+00 1.2750e-04 1.1840e-04 0.0000e+00 1.1840e-04 1.6648e-01 0.0000e+00
839 0.0000e+00 1.8040e-04 1.1796e-04 0.0000e+00 1.1796e-04 1.6659e-01 0.0000e+00
840 0.0000e+00 2.2090e-04 1.1753e-04 0.0000e+00 1.1753e-04 1.6671e-01 0.0000e+00
841 0.0000e+00 2.4430e-04 1.1710e-04 0.0000e+00 1.1710e-04 1.6683e-01 0.0000e+00
842 0.0000e+00 2.5510e-04 1.1667e-04 0.0000e+00 1.1667e-04 1.6694e-01 0.0000e+00
843 0.0000e+00 2.4430e-04 1.1625e-04 0.0000e+00 1.1625e-04 1.6706e-01 0.0000e+00
844 0.0000e+00 2.2090e-04 1.1583e-04 0.0000e+00 1.1583e-04 1.6718e-01 0.0000e+00
845 0.0000e+00 1.8040e-04 1.1541e-04 0.0000e+00 1.1541e-04 1.6729e-01 0.0000e+00
846 0.0000e+00 1.2750e-04 1.1499e-04 0.0000e+00 1.1499e-04 1.6741e-01 0.0000e+00
847 0.0000e+00 6.1700e-05 1.1458e-04 0.0000e+00 1.1458e-04 1.6752e-01 0.0000e+00
848 0.0000e+00 0.0000e+00 1.1417e-04 0.0000e+00 1.1417e-04 1.6764e-01 0.0000e+00
849 0.0000e+00 0.0000e+00 1.1376e-04 0.0000e+00 1.1376e-04 1.6775e-01 0.0000e+00
850 0.0000e+00 0.0000e+00 1.1336e-04 0.0000e+00 1.1336e-04 1.6786e-01 0.0000e+00
851 0.0000e+00 0.0000e+00 1.1296e-04 0.0000e+00 1.1296e-04 1.6798e-01 0.0000e+00
852 0.0000e+00 0.0000e+00 1.1256e-04 0.0000e+00 1.1256e-04 1.6809e-01 0.0000e+00
853 0.0000e+00 0.0000e+00 1.1217e-04 0.0000e+00 1.1217e-04 1.6820e-01 0.0000e+00
854 0.0000e+00 0.0000e+00 1.1177e-04 0.0000e+00 1.1177e-04 1.6831e-01 0.0000e+00
855 0.0000e+00 0.0000e+00 1.1138e-04 0.0000e+00 1.1138e-04 1.6842e-01 0.0000e+00
856 0.0000e+00 0.0000e+00 1.1100e-04 0.0000e+00 1.1100e-04 1.6853e-01 0.0000e+00
857 0.0000e+00 0.0000e+00 1.1061e-04 0.0000e+00 1.1061e-04 1.6865e-01 0.0000e+00
858 0.0000e+00 0.0000e+00 1.1023e-04 0.0000e+00 1.1023e-04 1.6876e-01 0.0000e+00
859 0.0000e+00 0.0000e+00 1.0985e-04 0.0000e+00 1.0985e-04 1.6887e-01 0.0000e+00
860 0.0000e+00 0.0000e+00 1.0947e-04 0.0000e+00 1.0947e-04 1.6897e-01 0.0000e+00
861 0.0000e+00 9.7600e-05 1.0910e-04 0.0000e+00 1.0910e-04 1.6908e-01 0.0000e+00
862 0.0000e+00 1.8830e-04 1.0873e-04 0.0000e+00 1.0873e-04 1.6919e-01 0.0000e+00
863 0.0000e+00 2.6650e-04 1.0836e-04 0.0000e+00 1.0836e-04 1.6930e-01 0.0000e+00
864 0.0000e+00 3.2630e-04 1.0799e-04 0.0000e+00 1.0799e-04 1.6941e-01 0.0000e+00
865 0.0000e+00 3.6100e-04 1.0763e-04 0.0000e+00 1.0763e-04 1.6952e-01 0.0000e+00
866 0.0000e+00 3.7690e-04 1.0727e-04 0.0000e+00 1.0727e-04 1.6962e-01 0.0000e+00
867 0.0000e+00 3.6100e-04 1.0691e-04 0.0000e+00 1.0691e-04 1.6973e-01 0.0000e+00
868 0.0000e+00 3.2630e-04 1.0655e-04 0.0000e+00 1.0655e-04 1.6984e-01 0.0000e+00
869 0.0000e+00 2.6650e-04 1.0620e-04 0.0000e+00 1.0620e-04 1.6994e-01 0.0000e+00
870 0.0000e+00 1.8830e-04 1.0585e-04 0.0000e+00 1.0585e-04 1.7005e-01 0.0000e+00
871 0.0000e+00 9.1200e-05 1.0550e-04 0.0000e+00 1.0550e-04 1.7016e-01 0.0000e+00
872 0.0000e+00 0.0000e+00 1.0515e-04 0.0000e+00 1.0515e-04 1.7026e-01 0.0000e+00
873 0.0000e+00 0.0000e+00 1.0481e-04 0.0000e+00 1.0481e-04 1.7037e-01 0.0000e+00
874 0.0000e+00 0.0000e+00 1.0446e-04 0.0000e+00 1.0446e-04 1.7047e-01 0.0000e+00
875 0.0000e+00 0.0000e+00 1.0412e-04 0.0000e+00 1.0412e-04 1.7057e-01 0.0000e+00
876 0.0000e+00 0.0000e+00 1.0378e-04 0.0000e+00 1.0378e-04 1.7068e-01 0.0000e+00
877 0.0000e+00 0.0000e+00 1.0345e-04 0.0000e+00 1.0345e-04 1.7078e-01 0.0000e+00
878 0.0000e+00 0.0000e+00 1.0311e-04 0.0000e+00 1.0311e-04 1.7088e-01 0.0000e+00
879 0.0000e+00 0.0000e+00 1.0278e-04 0.0000e+00 1.0278e-04 1.7099e-01 0.0000e+00
880 0.0000e+00 0.0000e+00 1.0245e-04 0.0000e+00 1.0245e-04 1.7109e-01 0.0000e+00
881 0.0000e+00 0.0000e+00 1.0213e-04 0.0000e+00 1.0213e-04 1.7119e-01 0.0000e+00
882 0.0000e+00 0.0000e+00 1.0180e-04 0.0000e+00 1.0180e-04 1.7129e-01 0.0000e+00
883 0.0000e+00 0.0000e+00 1.0148e-04 0.0000e+00 1.0148e-04 1.7139e-01 0.0000e+00
884 0.0000e+00 0.0000e+00 1.0116e-04 0.0000e+00 1.0116e-04 1.7150e-01 0.0000e+00
885 0.0000e+00 6.4300e-05 1.0084e-04 0.0000e+00 1.0084e-04 1.7160e-01 0.0000e+00
886 0.0000e+00 1.2410e-04 1.0052e-04 0.0000e+00 1.0052e-04 1.7170e-01 0.0000e+00
887 0.0000e+00 1.7560e-04 1.0020e-04 0.0000e+00 1.0020e-04 1.7180e-01 0.0000e+00
888 0.0000e+00 2.1500e-04 9.9890e-05 0.0000e+00 9.9890e-05 1.7190e-01 0.0000e+00
889 0.0000e+00 2.3790e-04 9.9579e-05 0.0000e+00 9.9579e-05 1.7200e-01 0.0000e+00
890 0.0000e+00 2.4840e-04 9.9270e-05 0.0000e+00 9.9270e-05 1.7210e-01 0.0000e+00
891 0.0000e+00 2.3790e-04 9.8962e-05 0.0000e+00 9.8962e-05 1.7220e-01 0.0000e+00
892 0.0000e+00 2.1500e-04 9.8656e-05 0.0000e+00 9.8656e-05 1.7229e-01 0.0000e+00
893 0.0000e+00 1.7560e-04 9.8353e-05 0.0000e+00 9.8353e-05 1.7239e-01 0.0000e+00
894 0.0000e+00 1.2410e-04 9.8051e-05 0.0000e+00 9.8051e-05 1.7249e-01 0.0000e+00
895 0.0000e+00 6.0100e-05 9.7751e-05 0.0000e+00 9.7751e-05 1.7259e-01 0.0000e+00
896 0.0000e+00 0.0000e+00 9.7453e-05 0.0000e+00 9.7453e-05 1.7269e-01 0.0000e+00
897 0.0000e+00 0.0000e+00 9.7157e-05 0.0000e+00 9.7157e-05 1.7278e-01 0.0000e+00
898 0.0000e+00 0.0000e+00 9.6862e-05 0.0000e+00 9.6862e-05 1.7288e-01 0.0000e+00
899 0.0000e+00 0.0000e+00 9.6569e-05 0.0000e+00 9.6569e-05 1.7298e-01 0.0000e+00
900 0.0000e+00 0.0000e+00 9.6278e-05 0.0000e+00 9.6278e-05 1.7307e-01 0.0000e+00
901 0.0000e+00 0.0000e+00 9.5989e-05 0.0000e+00 9.5989e-05 1.7317e-01 0.0000e+00
902 0.0000e+00 0.0000e+00 9.5702e-05 0.0000e+00 9.5702e-05 1.7326e-01 0.0000e+00
903 0.0000e+00 0.0000e+00 9.5416e-05 0.0000e+00 9.5416e-05 1.7336e-01 0.0000e+00
904 0.0000e+00 0.0000e+00 9.5132e-05 0.0000e+00 9.5132e-05 1.7345e-01 0.0000e+00
905 0.0000e+00 0.0000e+00 9.4849e-05 0.0000e+00 9.4849e-05 1.7355e-01 0.0000e+00
906 0.0000e+00 0.0000e+00 9.4569e-05 0.0000e+00 9.4569e-05 1.7364e-01 0.0000e+00
907 0.0000e+00 0.0000e+00 9.4289e-05 0.0000e+00 9.4289e-05 1.7374e-01 0.0000e+00
908 0.0000e+00 0.0000e+00 9.4012e-05 0.0000e+00 9.4012e-05 1.7383e-01 0.0000e+00
909 0.0000e+00 8.0200e-05 9.3736e-05 0.0000e+00 9.3736e-05 1.7393e-01 0.0000e+00
910 0.0000e+00 1.5480e-04 9.3462e-05 0.0000e+00 9.3462e-05 1.7402e-01 0.0000e+00
911 0.0000e+00 2.1910e-04 9.3189e-05 0.0000e+00 9.3189e-05 1.7411e-01 0.0000e+00
912 0.0000e+00 2.6830e-04 9.2919e-05 0.0000e+00 9.2919e-05 1.7421e-01 0.0000e+00
913 0.0000e+00 2.9680e-04 9.2649e-05 0.0000e+00 9.2649e-05 1.7430e-01 0.0000e+00
914 0.0000e+00 3.0990e-04 9.2381e-05 0.0000e+00 9.2381e-05 1.7439e-01 0.0000e+00
915 0.0000e+00 2.9680e-04 9.2115e-05 0.0000e+00 9.2115e-05 1.7448e-01 0.0000e+00
916 0.0000e+00 2.6830e-04 9.1850e-05 0.0000e+00 9.1850e-05 1.7457e-01 0.0000e+00
917 0.0000e+00 2.1910e-04 9.1587e-05 0.0000e+00 9.1587e-05 1.7467e-01 0.0000e+00
918 0.0000e+00 1.5480e-04 9.1325e-05 0.0000e+00 9.1325e-05 1.7476e-01 0.0000e+00
919 0.0000e+00 7.5000e-05 9.1065e-05 0.0000e+00 9.1065e-05 1.7485e-01 0.0000e+00
920 0.0000e+00 0.0000e+00 9.0806e-05 0.0000e+00 9.0806e-05 1.7494e-01 0.0000e+00
921 0.0000e+00 0.0000e+00 9.0549e-05 0.0000e+00 9.0549e-05 1.7503e-01 0.0000e+00
922 0.0000e+00 0.0000e+00 9.0293e-05 0.0000e+00 9.0293e-05 1.7512e-01 0.0000e+00
923 0.0000e+00 0.0000e+00 9.0038e-05 0.0000e+00 9.0038e-05 1.7521e-01 0.0000e+00
924 0.0000e+00 0.0000e+00 8.9786e-05 0.0000e+00 8.9786e-05 1.7530e-01 0.0000e+00
925 0.0000e+00 0.0000e+00 8.9534e-05 0.0000e+00 8.9534e-05 1.7539e-01 0.0000e+00
926 0.0000e+00 0.0000e+00 8.9284e-05 0.0000e+00 8.9284e-05 1.7548e-01 0.0000e+00
927 0.0000e+00 0.0000e+00 8.9035e-05 0.0000e+00 8.9035e-05 1.7557e-01 0.0000e+00
928 0.0000e+00 0.0000e+00 8.8788e-05 0.0000e+00 8.8788e-05 1.7566e-01 0.0000e+00
929 0.0000e+00 0.0000e+00 8.8542e-05 0.0000e+00 8.8542e-05 1.7575e-01 0.0000e+00
930 0.0000e+00 0.0000e+00 8.8297e-05 0.0000e+00 8.8297e-05 1.7583e-01 0.0000e+00
931 0.0000e+00 0.0000e+00 8.8054e-05 0.0000e+00 8.8054e-05 1.7592e-01 0.0000e+00
932 0.0000e+00 0.0000e+00 8.7812e-05 0.0000e+00 8.7812e-05 1.7601e-01 0.0000e+00
933 0.0000e+00 9.6000e-05 8.7571e-05 0.0000e+00 8.7571e-05 1.7610e-01 0.0000e+00
934 0.0000e+00 1.8520e-04 8.7332e-05 0.0000e+00 8.7332e-05 1.7618e-01 0.0000e+00
935 0.0000e+00 2.6210e-04 8.7094e-05 0.0000e+00 8.7094e-05 1.7627e-01 0.0000e+00
936 0.0000e+00 3.2090e-04 8.6857e-05 0.0000e+00 8.6857e-05 1.7636e-01 0.0000e+00
937 0.0000e+00 3.5500e-04 8.6622e-05 0.0000e+00 8.6622e-05 1.7644e-01 0.0000e+00
938 0.0000e+00 3.7070e-04 8.6387e-05 0.0000e+00 8.6387e-05 1.7653e-01 0.0000e+00
939 0.0000e+00 3.5500e-04 8.6155e-05 0.0000e+00 8.6155e-05 1.7662e-01 0.0000e+00
940 0.0000e+00 3.2090e-04 8.5923e-05 0.0000e+00 8.5923e-05 1.7670e-01 0.0000e+00
941 0.0000e+00 2.6210e-04 8.5692e-05 0.0000e+00 8.5692e-05 1.7679e-01 0.0000e+00
942 0.0000e+00 1.8520e-04 8.5463e-05 0.0000e+00 8.5463e-05 1.7687e-01 0.0000e+00
943 0.0000e+00 8.9700e-05 8.5235e-05 0.0000e+00 8.5235e-05 1.7696e-01 0.0000e+00
944 0.0000e+00 0.0000e+00 8.5009e-05 0.0000e+00 8.5009e-05 1.7704e-01 0.0000e+00
945 0.0000e+00 0.0000e+00 8.4783e-05 0.0000e+00 8.4783e-05 1.7713e-01 0.0000e+00
946 0.0000e+00 0.0000e+00 8.4559e-05 0.0000e+00 8.4559e-05 1.7721e-01 0.0000e+00
947 0.0000e+00 0.0000e+00 8.4336e-05 0.0000e+00 8.4336e-05 1.7730e-01 0.0000e+00
948 0.0000e+00 0.0000e+00 8.4114e-05 0.0000e+00 8.4114e-05 1.7738e-01 0.0000e+00
949 0.0000e+00 0.0000e+00 8.3893e-05 0.0000e+00 8.3893e-05 1.7747e-01 0.0000e+00
950 0.0000e+00 0.0000e+00 8.3673e-05 0.0000e+00 8.3673e-05 1.7755e-01 0.0000e+00
Objective function values:
F1 1.431284e-06    NSE 0.75396   F2 2.757189e-02
Mean Obs Q 1.590065e-04   Variance Obs Q 6.123405e-09
    Error Variance 1.506615e-09

Water Balance for Subcatchment: Extracted study basin: Taegu Pyungkwang River

   SUMP       SUMAE      SUMQ       SUMRZ      SUMUZ      SBAR        BAL
1.890e-01  4.601e-02  1.268e-01  1.949e-02  0.000e+00  1.775e-01  3.836e-03
