Taegu Pyungkwang River Catchment: Calibration Data

Subcatchment : Extracted study basin: cat-10269

TL =     7.51
SUMAC =     1.00
SZQ =       0.08102
Subcatchment routing data:
Maximum Routing Delay       0.69444
Sum of Histogram ordinates:     1.0000
     1.00000 
Initial BAL             -0.25198
Initial SBAR             0.24998
Initial SR0              0.00200
it      p        ep       q(it)       quz      q       sbar       qof
1 0.0000e+00 6.1900e-05 3.2800e-05 0.0000e+00 3.2800e-05 2.5002e-01 0.0000e+00
2 0.0000e+00 6.4700e-05 3.2766e-05 0.0000e+00 3.2766e-05 2.5005e-01 0.0000e+00
3 1.0000e-03 6.1900e-05 3.2733e-05 0.0000e+00 3.2733e-05 2.5008e-01 0.0000e+00
4 1.0000e-03 5.6000e-05 3.2699e-05 0.0000e+00 3.2699e-05 2.5011e-01 0.0000e+00
5 1.0000e-03 4.5700e-05 3.8500e-05 6.6154e-05 3.2666e-05 2.5008e-01 5.8343e-06
6 5.0000e-04 3.2300e-05 3.6178e-05 9.7171e-05 3.2700e-05 2.5002e-01 3.4773e-06
7 5.0000e-04 1.5600e-05 3.6346e-05 1.2704e-04 3.2766e-05 2.4992e-01 3.5799e-06
8 0.0000e+00 0.0000e+00 3.2863e-05 1.1358e-04 3.2863e-05 2.4984e-01 0.0000e+00
9 5.0000e-04 0.0000e+00 3.6654e-05 1.4496e-04 3.2946e-05 2.4973e-01 3.7077e-06
10 5.0000e-04 0.0000e+00 3.6888e-05 1.7374e-04 3.3061e-05 2.4959e-01 3.8271e-06
11 0.0000e+00 0.0000e+00 3.3207e-05 1.5628e-04 3.3207e-05 2.4947e-01 0.0000e+00
12 0.0000e+00 0.0000e+00 3.3335e-05 1.4198e-04 3.3335e-05 2.4936e-01 0.0000e+00
13 1.0000e-03 0.0000e+00 4.1103e-05 2.1649e-04 3.3448e-05 2.4917e-01 7.6542e-06
14 5.0000e-04 0.0000e+00 3.7467e-05 2.3775e-04 3.3640e-05 2.4897e-01 3.8271e-06
15 5.0000e-04 0.0000e+00 3.7683e-05 2.5818e-04 3.3855e-05 2.4875e-01 3.8271e-06
16 1.0000e-03 0.0000e+00 4.1748e-05 3.2068e-04 3.4094e-05 2.4846e-01 7.6542e-06
17 0.0000e+00 0.0000e+00 3.4400e-05 2.8863e-04 3.4400e-05 2.4820e-01 0.0000e+00
18 0.0000e+00 0.0000e+00 3.4675e-05 2.6247e-04 3.4675e-05 2.4798e-01 0.0000e+00
19 0.0000e+00 0.0000e+00 3.4922e-05 2.3932e-04 3.4922e-05 2.4777e-01 0.0000e+00
20 0.0000e+00 0.0000e+00 3.5146e-05 2.1859e-04 3.5146e-05 2.4759e-01 0.0000e+00
21 0.0000e+00 1.8000e-05 3.5348e-05 1.9989e-04 3.5348e-05 2.4742e-01 0.0000e+00
22 0.0000e+00 3.4800e-05 3.5531e-05 1.8297e-04 3.5531e-05 2.4728e-01 0.0000e+00
23 0.0000e+00 4.9200e-05 3.5695e-05 1.6761e-04 3.5695e-05 2.4715e-01 0.0000e+00
24 3.0000e-03 6.0200e-05 5.8025e-05 4.0924e-04 3.5842e-05 2.4677e-01 2.2183e-05
25 2.0000e-03 6.6600e-05 5.1110e-05 5.3490e-04 3.6263e-05 2.4627e-01 1.4848e-05
26 5.5000e-03 6.9600e-05 7.8421e-05 9.6058e-04 3.6832e-05 2.4535e-01 4.1589e-05
27 6.0000e-03 6.6600e-05 8.3304e-05 1.3835e-03 3.7911e-05 2.4400e-01 4.5393e-05
28 1.0000e-03 6.0200e-05 4.6684e-05 1.3213e-03 3.9539e-05 2.4272e-01 7.1445e-06
29 2.5000e-03 4.9200e-05 5.9830e-05 1.4171e-03 4.1155e-05 2.4135e-01 1.8675e-05
30 0.0000e+00 3.4800e-05 4.2963e-05 1.2813e-03 4.2963e-05 2.4011e-01 0.0000e+00
31 0.0000e+00 1.6800e-05 4.4658e-05 1.1669e-03 4.4658e-05 2.3899e-01 0.0000e+00
32 1.0000e-03 0.0000e+00 5.3135e-05 1.1479e-03 4.6252e-05 2.3788e-01 6.8832e-06
33 5.0000e-04 0.0000e+00 5.1936e-05 1.0902e-03 4.7872e-05 2.3684e-01 4.0641e-06
34 0.0000e+00 0.0000e+00 4.9457e-05 9.9269e-04 4.9457e-05 2.3590e-01 0.0000e+00
35 0.0000e+00 0.0000e+00 5.0937e-05 9.0640e-04 5.0937e-05 2.3504e-01 0.0000e+00
36 0.0000e+00 0.0000e+00 5.2317e-05 8.2808e-04 5.2317e-05 2.3427e-01 0.0000e+00
37 0.0000e+00 0.0000e+00 5.3601e-05 7.5680e-04 5.3601e-05 2.3356e-01 0.0000e+00
38 0.0000e+00 0.0000e+00 5.4791e-05 6.9186e-04 5.4791e-05 2.3293e-01 0.0000e+00
39 0.0000e+00 0.0000e+00 5.5893e-05 6.3262e-04 5.5893e-05 2.3235e-01 0.0000e+00
40 0.0000e+00 0.0000e+00 5.6910e-05 5.7857e-04 5.6910e-05 2.3183e-01 0.0000e+00
41 0.0000e+00 0.0000e+00 5.7845e-05 5.2921e-04 5.7845e-05 2.3136e-01 0.0000e+00
42 0.0000e+00 0.0000e+00 5.8703e-05 4.8414e-04 5.8703e-05 2.3093e-01 0.0000e+00
43 0.0000e+00 0.0000e+00 5.9489e-05 4.4297e-04 5.9489e-05 2.3055e-01 0.0000e+00
44 0.0000e+00 0.0000e+00 6.0206e-05 4.0535e-04 6.0206e-05 2.3020e-01 0.0000e+00
45 0.0000e+00 3.3800e-05 6.0859e-05 3.7098e-04 6.0859e-05 2.2989e-01 0.0000e+00
46 1.0000e-03 6.5200e-05 7.1025e-05 4.3203e-04 6.1452e-05 2.2952e-01 9.5729e-06
47 0.0000e+00 9.2300e-05 6.2168e-05 3.8996e-04 6.2168e-05 2.2919e-01 0.0000e+00
48 5.0000e-04 1.1300e-04 6.6202e-05 3.8816e-04 6.2808e-05 2.2887e-01 3.3946e-06
49 0.0000e+00 1.2500e-04 6.3450e-05 3.5220e-04 6.3450e-05 2.2858e-01 0.0000e+00
50 1.0000e-03 1.3050e-04 7.1577e-05 3.9451e-04 6.4025e-05 2.2825e-01 7.5525e-06
51 2.5000e-03 1.2500e-04 8.8166e-05 5.8457e-04 6.4689e-05 2.2773e-01 2.3476e-05
52 3.0000e-03 1.1300e-04 9.4234e-05 7.9752e-04 6.5749e-05 2.2700e-01 2.8485e-05
53 2.5000e-03 9.2300e-05 9.0919e-05 9.3946e-04 6.7270e-05 2.2613e-01 2.3650e-05
54 3.0000e-03 6.5200e-05 9.7937e-05 1.1210e-03 6.9128e-05 2.2507e-01 2.8809e-05
55 2.5000e-03 3.1600e-05 9.5562e-05 1.2378e-03 7.1439e-05 2.2391e-01 2.4123e-05
56 2.0000e-03 0.0000e+00 9.3593e-05 1.3006e-03 7.4090e-05 2.2268e-01 1.9502e-05
57 1.0000e-03 0.0000e+00 8.6893e-05 1.2644e-03 7.6985e-05 2.2149e-01 9.9077e-06
58 1.0000e-03 0.0000e+00 8.9803e-05 1.2377e-03 7.9896e-05 2.2034e-01 9.9077e-06
59 0.0000e+00 0.0000e+00 8.2839e-05 1.1136e-03 8.2839e-05 2.1931e-01 0.0000e+00
60 5.0000e-04 0.0000e+00 9.0505e-05 1.0589e-03 8.5551e-05 2.1833e-01 4.9539e-06
61 5.0000e-04 0.0000e+00 9.3147e-05 1.0076e-03 8.8193e-05 2.1741e-01 4.9539e-06
62 0.0000e+00 0.0000e+00 9.0764e-05 9.0928e-04 9.0764e-05 2.1659e-01 0.0000e+00
63 0.0000e+00 0.0000e+00 9.3115e-05 8.2391e-04 9.3115e-05 2.1586e-01 0.0000e+00
64 0.0000e+00 0.0000e+00 9.5266e-05 7.4715e-04 9.5266e-05 2.1521e-01 0.0000e+00
65 0.0000e+00 0.0000e+00 9.7227e-05 6.7788e-04 9.7227e-05 2.1463e-01 0.0000e+00
66 0.0000e+00 0.0000e+00 9.9007e-05 6.1527e-04 9.9007e-05 2.1411e-01 0.0000e+00
67 0.0000e+00 0.0000e+00 1.0062e-04 5.5862e-04 1.0062e-04 2.1366e-01 0.0000e+00
68 0.0000e+00 0.0000e+00 1.0207e-04 5.0732e-04 1.0207e-04 2.1325e-01 0.0000e+00
69 0.0000e+00 4.1400e-05 1.0337e-04 4.6085e-04 1.0337e-04 2.1289e-01 0.0000e+00
70 0.0000e+00 7.9800e-05 1.0453e-04 4.1872e-04 1.0453e-04 2.1258e-01 0.0000e+00
71 0.0000e+00 1.1290e-04 1.0556e-04 3.8053e-04 1.0556e-04 2.1230e-01 0.0000e+00
72 0.0000e+00 1.3830e-04 1.0647e-04 3.4590e-04 1.0647e-04 2.1207e-01 0.0000e+00
73 0.0000e+00 1.5300e-04 1.0727e-04 3.1448e-04 1.0727e-04 2.1186e-01 0.0000e+00
74 0.0000e+00 1.5980e-04 1.0797e-04 2.8598e-04 1.0797e-04 2.1168e-01 0.0000e+00
75 0.0000e+00 1.5300e-04 1.0857e-04 2.6012e-04 1.0857e-04 2.1153e-01 0.0000e+00
76 0.0000e+00 1.3830e-04 1.0909e-04 2.3665e-04 1.0909e-04 2.1140e-01 0.0000e+00
77 0.0000e+00 1.1290e-04 1.0952e-04 2.1534e-04 1.0952e-04 2.1130e-01 0.0000e+00
78 0.0000e+00 7.9800e-05 1.0988e-04 1.9599e-04 1.0988e-04 2.1121e-01 0.0000e+00
79 0.0000e+00 3.8700e-05 1.1018e-04 1.7842e-04 1.1018e-04 2.1114e-01 0.0000e+00
80 0.0000e+00 0.0000e+00 1.1042e-04 1.6246e-04 1.1042e-04 2.1109e-01 0.0000e+00
81 0.0000e+00 0.0000e+00 1.1060e-04 1.4796e-04 1.1060e-04 2.1105e-01 0.0000e+00
82 0.0000e+00 0.0000e+00 1.1073e-04 1.3478e-04 1.1073e-04 2.1103e-01 0.0000e+00
83 0.0000e+00 0.0000e+00 1.1081e-04 1.2281e-04 1.1081e-04 2.1102e-01 0.0000e+00
84 0.0000e+00 0.0000e+00 1.1085e-04 1.1192e-04 1.1085e-04 2.1101e-01 0.0000e+00
85 0.0000e+00 0.0000e+00 1.1085e-04 1.0202e-04 1.1085e-04 2.1102e-01 0.0000e+00
86 0.0000e+00 0.0000e+00 1.1082e-04 9.3019e-05 1.1082e-04 2.1104e-01 0.0000e+00
87 0.0000e+00 0.0000e+00 1.1076e-04 8.4830e-05 1.1076e-04 2.1107e-01 0.0000e+00
88 0.0000e+00 0.0000e+00 1.1067e-04 7.7378e-05 1.1067e-04 2.1110e-01 0.0000e+00
89 0.0000e+00 0.0000e+00 1.1056e-04 7.0597e-05 1.1056e-04 2.1114e-01 0.0000e+00
90 0.0000e+00 0.0000e+00 1.1042e-04 6.4424e-05 1.1042e-04 2.1119e-01 0.0000e+00
91 0.0000e+00 0.0000e+00 1.1026e-04 5.8804e-05 1.1026e-04 2.1124e-01 0.0000e+00
92 0.0000e+00 0.0000e+00 1.1008e-04 5.3685e-05 1.1008e-04 2.1129e-01 0.0000e+00
93 0.0000e+00 1.9100e-05 1.0989e-04 4.9023e-05 1.0989e-04 2.1135e-01 0.0000e+00
94 0.0000e+00 3.6800e-05 1.0968e-04 4.4775e-05 1.0968e-04 2.1142e-01 0.0000e+00
95 0.0000e+00 5.2100e-05 1.0946e-04 4.0904e-05 1.0946e-04 2.1149e-01 0.0000e+00
96 0.0000e+00 6.3800e-05 1.0922e-04 3.7375e-05 1.0922e-04 2.1156e-01 0.0000e+00
97 5.0000e-04 7.0600e-05 1.0898e-04 3.4158e-05 1.0898e-04 2.1164e-01 0.0000e+00
98 5.0000e-04 7.3700e-05 1.0872e-04 3.1224e-05 1.0872e-04 2.1171e-01 0.0000e+00
99 0.0000e+00 7.0600e-05 1.0846e-04 2.8548e-05 1.0846e-04 2.1179e-01 0.0000e+00
100 0.0000e+00 6.3800e-05 1.0819e-04 2.6107e-05 1.0819e-04 2.1187e-01 0.0000e+00
101 0.0000e+00 5.2100e-05 1.0791e-04 2.3879e-05 1.0791e-04 2.1196e-01 0.0000e+00
102 0.0000e+00 3.6800e-05 1.0763e-04 2.1846e-05 1.0763e-04 2.1204e-01 0.0000e+00
103 0.0000e+00 1.7800e-05 1.0734e-04 1.9990e-05 1.0734e-04 2.1213e-01 0.0000e+00
104 0.0000e+00 0.0000e+00 1.0705e-04 1.8295e-05 1.0705e-04 2.1222e-01 0.0000e+00
105 0.0000e+00 0.0000e+00 1.0675e-04 1.6747e-05 1.0675e-04 2.1231e-01 0.0000e+00
106 0.0000e+00 0.0000e+00 1.0645e-04 1.5333e-05 1.0645e-04 2.1240e-01 0.0000e+00
107 0.0000e+00 0.0000e+00 1.0615e-04 1.4040e-05 1.0615e-04 2.1249e-01 0.0000e+00
108 0.0000e+00 0.0000e+00 1.0585e-04 1.2859e-05 1.0585e-04 2.1259e-01 0.0000e+00
109 0.0000e+00 0.0000e+00 1.0554e-04 1.1780e-05 1.0554e-04 2.1268e-01 0.0000e+00
110 0.0000e+00 0.0000e+00 1.0523e-04 1.0793e-05 1.0523e-04 2.1277e-01 0.0000e+00
111 5.0000e-04 0.0000e+00 1.0492e-04 9.8911e-06 1.0492e-04 2.1287e-01 0.0000e+00
112 0.0000e+00 0.0000e+00 1.0461e-04 9.0659e-06 1.0461e-04 2.1297e-01 0.0000e+00
113 0.0000e+00 0.0000e+00 1.0430e-04 8.3109e-06 1.0430e-04 2.1306e-01 0.0000e+00
114 0.0000e+00 0.0000e+00 1.0398e-04 7.6202e-06 1.0398e-04 2.1316e-01 0.0000e+00
115 0.0000e+00 0.0000e+00 1.0367e-04 6.9881e-06 1.0367e-04 2.1325e-01 0.0000e+00
116 0.0000e+00 0.0000e+00 1.0336e-04 6.4095e-06 1.0336e-04 2.1335e-01 0.0000e+00
117 0.0000e+00 1.0200e-05 1.0305e-04 5.8798e-06 1.0305e-04 2.1345e-01 0.0000e+00
118 0.0000e+00 1.9800e-05 1.0273e-04 5.3948e-06 1.0273e-04 2.1355e-01 0.0000e+00
119 0.0000e+00 2.8000e-05 1.0242e-04 4.9506e-06 1.0242e-04 2.1364e-01 0.0000e+00
120 0.0000e+00 3.4200e-05 1.0211e-04 4.5437e-06 1.0211e-04 2.1374e-01 0.0000e+00
121 0.0000e+00 3.7900e-05 1.0180e-04 4.1706e-06 1.0180e-04 2.1384e-01 0.0000e+00
122 0.0000e+00 3.9500e-05 1.0149e-04 3.8291e-06 1.0149e-04 2.1394e-01 0.0000e+00
123 0.0000e+00 3.7900e-05 1.0118e-04 3.5161e-06 1.0118e-04 2.1403e-01 0.0000e+00
124 0.0000e+00 3.4200e-05 1.0087e-04 3.2292e-06 1.0087e-04 2.1413e-01 0.0000e+00
125 0.0000e+00 2.8000e-05 1.0056e-04 2.9661e-06 1.0056e-04 2.1423e-01 0.0000e+00
126 0.0000e+00 1.9800e-05 1.0026e-04 2.7249e-06 1.0026e-04 2.1433e-01 0.0000e+00
127 0.0000e+00 9.6000e-06 9.9953e-05 2.5037e-06 9.9953e-05 2.1442e-01 0.0000e+00
128 0.0000e+00 0.0000e+00 9.9649e-05 2.3008e-06 9.9649e-05 2.1452e-01 0.0000e+00
129 0.0000e+00 0.0000e+00 9.9346e-05 2.1147e-06 9.9346e-05 2.1462e-01 0.0000e+00
130 0.0000e+00 0.0000e+00 9.9045e-05 1.9439e-06 9.9045e-05 2.1472e-01 0.0000e+00
131 0.0000e+00 0.0000e+00 9.8745e-05 1.7871e-06 9.8745e-05 2.1481e-01 0.0000e+00
132 0.0000e+00 0.0000e+00 9.8446e-05 1.6433e-06 9.8446e-05 2.1491e-01 0.0000e+00
133 0.0000e+00 0.0000e+00 9.8149e-05 1.5108e-06 9.8149e-05 2.1501e-01 0.0000e+00
134 0.0000e+00 0.0000e+00 9.7853e-05 1.3896e-06 9.7853e-05 2.1510e-01 0.0000e+00
135 0.0000e+00 0.0000e+00 9.7558e-05 1.2783e-06 9.7558e-05 2.1520e-01 0.0000e+00
136 0.0000e+00 0.0000e+00 9.7265e-05 1.1761e-06 9.7265e-05 2.1530e-01 0.0000e+00
137 0.0000e+00 0.0000e+00 9.6974e-05 1.0822e-06 9.6974e-05 2.1539e-01 0.0000e+00
138 0.0000e+00 0.0000e+00 9.6683e-05 9.9587e-07 9.6683e-05 2.1549e-01 0.0000e+00
139 0.0000e+00 0.0000e+00 9.6395e-05 9.1660e-07 9.6395e-05 2.1558e-01 0.0000e+00
140 0.0000e+00 0.0000e+00 9.6108e-05 8.4375e-07 9.6108e-05 2.1568e-01 0.0000e+00
141 5.0000e-04 4.1400e-05 9.5822e-05 7.7678e-07 9.5822e-05 2.1577e-01 0.0000e+00
142 0.0000e+00 7.9900e-05 9.5538e-05 7.1523e-07 9.5538e-05 2.1587e-01 0.0000e+00
143 0.0000e+00 1.1300e-04 9.5255e-05 6.5864e-07 9.5255e-05 2.1596e-01 0.0000e+00
144 0.0000e+00 1.3840e-04 9.4974e-05 6.0660e-07 9.4974e-05 2.1606e-01 0.0000e+00
145 0.0000e+00 1.5310e-04 9.4694e-05 5.5875e-07 9.4694e-05 2.1615e-01 0.0000e+00
146 0.0000e+00 1.5990e-04 9.4416e-05 5.1426e-07 9.4416e-05 2.1624e-01 0.0000e+00
147 0.0000e+00 1.5310e-04 9.4139e-05 4.7383e-07 9.4139e-05 2.1634e-01 0.0000e+00
148 0.0000e+00 1.3840e-04 9.3864e-05 4.3663e-07 9.3864e-05 2.1643e-01 0.0000e+00
149 0.0000e+00 1.1300e-04 9.3591e-05 4.0240e-07 9.3591e-05 2.1652e-01 0.0000e+00
150 0.0000e+00 7.9900e-05 9.3318e-05 3.7089e-07 9.3318e-05 2.1662e-01 0.0000e+00
151 0.0000e+00 3.8700e-05 9.3048e-05 3.4190e-07 9.3048e-05 2.1671e-01 0.0000e+00
152 0.0000e+00 0.0000e+00 9.2779e-05 3.1521e-07 9.2779e-05 2.1680e-01 0.0000e+00
153 0.0000e+00 0.0000e+00 9.2511e-05 2.9063e-07 9.2511e-05 2.1689e-01 0.0000e+00
154 0.0000e+00 0.0000e+00 9.2245e-05 2.6800e-07 9.2245e-05 2.1699e-01 0.0000e+00
155 0.0000e+00 0.0000e+00 9.1980e-05 2.4716e-07 9.1980e-05 2.1708e-01 0.0000e+00
156 0.0000e+00 0.0000e+00 9.1717e-05 2.2797e-07 9.1717e-05 2.1717e-01 0.0000e+00
157 0.0000e+00 0.0000e+00 9.1455e-05 2.1029e-07 9.1455e-05 2.1726e-01 0.0000e+00
158 0.0000e+00 0.0000e+00 9.1194e-05 1.9311e-07 9.1194e-05 2.1735e-01 0.0000e+00
159 0.0000e+00 0.0000e+00 9.0935e-05 1.7821e-07 9.0935e-05 2.1744e-01 0.0000e+00
160 0.0000e+00 0.0000e+00 9.0678e-05 1.6447e-07 9.0678e-05 2.1753e-01 0.0000e+00
161 0.0000e+00 0.0000e+00 9.0422e-05 1.5180e-07 9.0422e-05 2.1762e-01 0.0000e+00
162 0.0000e+00 0.0000e+00 9.0167e-05 1.4013e-07 9.0167e-05 2.1771e-01 0.0000e+00
163 0.0000e+00 0.0000e+00 8.9914e-05 1.2937e-07 8.9914e-05 2.1780e-01 0.0000e+00
164 0.0000e+00 0.0000e+00 8.9662e-05 1.1944e-07 8.9662e-05 2.1789e-01 0.0000e+00
165 0.0000e+00 1.7800e-05 8.9411e-05 1.1029e-07 8.9411e-05 2.1798e-01 0.0000e+00
166 0.0000e+00 3.4400e-05 8.9162e-05 1.0185e-07 8.9162e-05 2.1807e-01 0.0000e+00
167 0.0000e+00 4.8600e-05 8.8914e-05 9.4063e-08 8.8914e-05 2.1816e-01 0.0000e+00
168 0.0000e+00 5.9500e-05 8.8668e-05 8.6882e-08 8.8668e-05 2.1825e-01 0.0000e+00
169 0.0000e+00 6.5900e-05 8.8423e-05 8.0256e-08 8.8423e-05 2.1834e-01 0.0000e+00
170 0.0000e+00 6.8800e-05 8.8179e-05 7.4143e-08 8.8179e-05 2.1843e-01 0.0000e+00
171 0.0000e+00 6.5900e-05 8.7937e-05 6.7072e-08 8.7937e-05 2.1851e-01 0.0000e+00
172 0.0000e+00 5.9500e-05 8.7695e-05 6.2007e-08 8.7695e-05 2.1860e-01 0.0000e+00
173 0.0000e+00 4.8600e-05 8.7456e-05 5.7330e-08 8.7456e-05 2.1869e-01 0.0000e+00
174 0.0000e+00 3.4400e-05 8.7217e-05 5.3010e-08 8.7217e-05 2.1878e-01 0.0000e+00
175 0.0000e+00 1.6600e-05 8.6980e-05 4.9019e-08 8.6980e-05 2.1886e-01 0.0000e+00
176 0.0000e+00 0.0000e+00 8.6744e-05 4.5333e-08 8.6744e-05 2.1895e-01 0.0000e+00
177 0.0000e+00 0.0000e+00 8.6509e-05 4.1927e-08 8.6509e-05 2.1904e-01 0.0000e+00
178 0.0000e+00 0.0000e+00 8.6276e-05 3.8780e-08 8.6276e-05 2.1912e-01 0.0000e+00
179 0.0000e+00 0.0000e+00 8.6044e-05 3.5873e-08 8.6044e-05 2.1921e-01 0.0000e+00
180 0.0000e+00 0.0000e+00 8.5813e-05 3.3186e-08 8.5813e-05 2.1929e-01 0.0000e+00
181 0.0000e+00 0.0000e+00 8.5583e-05 3.0703e-08 8.5583e-05 2.1938e-01 0.0000e+00
182 0.0000e+00 0.0000e+00 8.5354e-05 2.8408e-08 8.5354e-05 2.1946e-01 0.0000e+00
183 0.0000e+00 0.0000e+00 8.5127e-05 2.6286e-08 8.5127e-05 2.1955e-01 0.0000e+00
184 0.0000e+00 0.0000e+00 8.4901e-05 2.2589e-08 8.4901e-05 2.1963e-01 0.0000e+00
185 0.0000e+00 0.0000e+00 8.4676e-05 2.0930e-08 8.4676e-05 2.1972e-01 0.0000e+00
186 0.0000e+00 0.0000e+00 8.4452e-05 1.9395e-08 8.4452e-05 2.1980e-01 0.0000e+00
187 0.0000e+00 0.0000e+00 8.4230e-05 1.7973e-08 8.4230e-05 2.1989e-01 0.0000e+00
188 0.0000e+00 0.0000e+00 8.4008e-05 1.6657e-08 8.4008e-05 2.1997e-01 0.0000e+00
189 0.0000e+00 4.5600e-05 8.3788e-05 1.5438e-08 8.3788e-05 2.2006e-01 0.0000e+00
190 5.0000e-04 8.7900e-05 8.3569e-05 1.4309e-08 8.3569e-05 2.2014e-01 0.0000e+00
191 0.0000e+00 1.2440e-04 8.3351e-05 1.3263e-08 8.3351e-05 2.2022e-01 0.0000e+00
192 0.0000e+00 1.5230e-04 8.3134e-05 1.2295e-08 8.3134e-05 2.2031e-01 0.0000e+00
193 0.0000e+00 1.6850e-04 8.2919e-05 1.1398e-08 8.2919e-05 2.2039e-01 0.0000e+00
194 0.0000e+00 1.7590e-04 8.2704e-05 1.0567e-08 8.2704e-05 2.2047e-01 0.0000e+00
195 0.0000e+00 1.6850e-04 8.2491e-05 9.7973e-09 8.2491e-05 2.2055e-01 0.0000e+00
196 0.0000e+00 1.5230e-04 8.2278e-05 9.0841e-09 8.2278e-05 2.2064e-01 0.0000e+00
197 0.0000e+00 1.2440e-04 8.2067e-05 6.8923e-09 8.2067e-05 2.2072e-01 0.0000e+00
198 0.0000e+00 8.7900e-05 8.1857e-05 6.4046e-09 8.1857e-05 2.2080e-01 0.0000e+00
199 0.0000e+00 4.2600e-05 8.1648e-05 5.9517e-09 8.1648e-05 2.2088e-01 0.0000e+00
200 0.0000e+00 0.0000e+00 8.1440e-05 5.5311e-09 8.1440e-05 2.2096e-01 0.0000e+00
201 0.0000e+00 0.0000e+00 8.1233e-05 5.1404e-09 8.1233e-05 2.2104e-01 0.0000e+00
202 0.0000e+00 0.0000e+00 8.1027e-05 4.7775e-09 8.1027e-05 2.2113e-01 0.0000e+00
203 0.0000e+00 0.0000e+00 8.0822e-05 4.4404e-09 8.0822e-05 2.2121e-01 0.0000e+00
204 0.0000e+00 0.0000e+00 8.0618e-05 4.1273e-09 8.0618e-05 2.2129e-01 0.0000e+00
205 0.0000e+00 0.0000e+00 8.0415e-05 3.8364e-09 8.0415e-05 2.2137e-01 0.0000e+00
206 0.0000e+00 0.0000e+00 8.0214e-05 3.5662e-09 8.0214e-05 2.2145e-01 0.0000e+00
207 0.0000e+00 0.0000e+00 8.0013e-05 3.3151e-09 8.0013e-05 2.2153e-01 0.0000e+00
208 0.0000e+00 0.0000e+00 7.9813e-05 3.0818e-09 7.9813e-05 2.2161e-01 0.0000e+00
209 0.0000e+00 0.0000e+00 7.9614e-05 2.8651e-09 7.9614e-05 2.2169e-01 0.0000e+00
210 0.0000e+00 0.0000e+00 7.9416e-05 1.7031e-09 7.9416e-05 2.2177e-01 0.0000e+00
211 0.0000e+00 0.0000e+00 7.9219e-05 1.5879e-09 7.9219e-05 2.2185e-01 0.0000e+00
212 0.0000e+00 0.0000e+00 7.9024e-05 1.4805e-09 7.9024e-05 2.2192e-01 0.0000e+00
213 0.0000e+00 4.9000e-05 7.8829e-05 1.3805e-09 7.8829e-05 2.2200e-01 0.0000e+00
214 0.0000e+00 9.4600e-05 7.8635e-05 1.2872e-09 7.8635e-05 2.2208e-01 0.0000e+00
215 0.0000e+00 1.3380e-04 7.8442e-05 1.2003e-09 7.8442e-05 2.2216e-01 0.0000e+00
216 0.0000e+00 1.6380e-04 7.8250e-05 1.1193e-09 7.8250e-05 2.2224e-01 0.0000e+00
217 0.0000e+00 1.8130e-04 7.8059e-05 1.0437e-09 7.8059e-05 2.2232e-01 0.0000e+00
218 0.0000e+00 1.8920e-04 7.7868e-05 9.7335e-10 7.7868e-05 2.2239e-01 0.0000e+00
219 0.0000e+00 1.8130e-04 7.7679e-05 9.0772e-10 7.7679e-05 2.2247e-01 0.0000e+00
220 0.0000e+00 1.6380e-04 7.7491e-05 8.4654e-10 7.7491e-05 2.2255e-01 0.0000e+00
221 0.0000e+00 1.3380e-04 7.7303e-05 7.8950e-10 7.7303e-05 2.2263e-01 0.0000e+00
222 0.0000e+00 9.4600e-05 7.7117e-05 7.3633e-10 7.7117e-05 2.2270e-01 0.0000e+00
223 0.0000e+00 4.5800e-05 7.6931e-05 2.7922e-10 7.6931e-05 2.2278e-01 0.0000e+00
224 0.0000e+00 0.0000e+00 7.6747e-05 2.6127e-10 7.6747e-05 2.2286e-01 0.0000e+00
225 0.0000e+00 0.0000e+00 7.6563e-05 2.4448e-10 7.6563e-05 2.2293e-01 0.0000e+00
226 0.0000e+00 0.0000e+00 7.6380e-05 2.2878e-10 7.6380e-05 2.2301e-01 0.0000e+00
227 0.0000e+00 0.0000e+00 7.6198e-05 2.1409e-10 7.6198e-05 2.2309e-01 0.0000e+00
228 0.0000e+00 0.0000e+00 7.6016e-05 2.0035e-10 7.6016e-05 2.2316e-01 0.0000e+00
229 0.0000e+00 0.0000e+00 7.5836e-05 1.8749e-10 7.5836e-05 2.2324e-01 0.0000e+00
230 0.0000e+00 0.0000e+00 7.5657e-05 1.7546e-10 7.5657e-05 2.2331e-01 0.0000e+00
231 0.0000e+00 0.0000e+00 7.5478e-05 1.6420e-10 7.5478e-05 2.2339e-01 0.0000e+00
232 0.0000e+00 0.0000e+00 7.5300e-05 1.5367e-10 7.5300e-05 2.2347e-01 0.0000e+00
233 0.0000e+00 0.0000e+00 7.5123e-05 1.4382e-10 7.5123e-05 2.2354e-01 0.0000e+00
234 0.0000e+00 0.0000e+00 7.4947e-05 1.3461e-10 7.4947e-05 2.2362e-01 0.0000e+00
235 0.0000e+00 0.0000e+00 7.4772e-05 1.2598e-10 7.4772e-05 2.2369e-01 0.0000e+00
236 0.0000e+00 0.0000e+00 7.4597e-05 1.7349e-11 7.4597e-05 2.2376e-01 0.0000e+00
237 0.0000e+00 5.1700e-05 7.4423e-05 1.6297e-11 7.4423e-05 2.2384e-01 0.0000e+00
238 0.0000e+00 9.9800e-05 7.4250e-05 1.5308e-11 7.4250e-05 2.2391e-01 0.0000e+00
239 0.0000e+00 1.4120e-04 7.4078e-05 1.4380e-11 7.4078e-05 2.2399e-01 0.0000e+00
240 0.0000e+00 1.7290e-04 7.3907e-05 1.3509e-11 7.3907e-05 2.2406e-01 0.0000e+00
241 5.0000e-04 1.9130e-04 7.3737e-05 1.2690e-11 7.3737e-05 2.2413e-01 0.0000e+00
242 1.0000e-03 1.9970e-04 7.3567e-05 1.1921e-11 7.3567e-05 2.2421e-01 0.0000e+00
243 0.0000e+00 1.9130e-04 7.3398e-05 1.1199e-11 7.3398e-05 2.2428e-01 0.0000e+00
244 0.0000e+00 1.7290e-04 7.3230e-05 1.0521e-11 7.3230e-05 2.2436e-01 0.0000e+00
245 0.0000e+00 1.4120e-04 7.3062e-05 9.8838e-12 7.3062e-05 2.2443e-01 0.0000e+00
246 0.0000e+00 9.9800e-05 7.2896e-05 9.2855e-12 7.2896e-05 2.2450e-01 0.0000e+00
247 0.0000e+00 4.8300e-05 7.2730e-05 8.7236e-12 7.2730e-05 2.2457e-01 0.0000e+00
248 0.0000e+00 0.0000e+00 7.2565e-05 8.1958e-12 7.2565e-05 2.2465e-01 0.0000e+00
249 0.0000e+00 0.0000e+00 7.2400e-05 7.7000e-12 7.2400e-05 2.2472e-01 0.0000e+00
250 0.0000e+00 0.0000e+00 7.2237e-05 0.0000e+00 7.2237e-05 2.2479e-01 0.0000e+00
251 0.0000e+00 0.0000e+00 7.2074e-05 0.0000e+00 7.2074e-05 2.2486e-01 0.0000e+00
252 0.0000e+00 0.0000e+00 7.1912e-05 0.0000e+00 7.1912e-05 2.2493e-01 0.0000e+00
253 1.0000e-03 0.0000e+00 7.1750e-05 0.0000e+00 7.1750e-05 2.2501e-01 0.0000e+00
254 0.0000e+00 0.0000e+00 7.1590e-05 0.0000e+00 7.1590e-05 2.2508e-01 0.0000e+00
255 0.0000e+00 0.0000e+00 7.1430e-05 0.0000e+00 7.1430e-05 2.2515e-01 0.0000e+00
256 0.0000e+00 0.0000e+00 7.1270e-05 0.0000e+00 7.1270e-05 2.2522e-01 0.0000e+00
257 0.0000e+00 0.0000e+00 7.1112e-05 0.0000e+00 7.1112e-05 2.2529e-01 0.0000e+00
258 0.0000e+00 0.0000e+00 7.0954e-05 0.0000e+00 7.0954e-05 2.2536e-01 0.0000e+00
259 0.0000e+00 0.0000e+00 7.0797e-05 0.0000e+00 7.0797e-05 2.2543e-01 0.0000e+00
260 0.0000e+00 0.0000e+00 7.0640e-05 0.0000e+00 7.0640e-05 2.2550e-01 0.0000e+00
261 0.0000e+00 7.5200e-05 7.0485e-05 0.0000e+00 7.0485e-05 2.2558e-01 0.0000e+00
262 1.0000e-03 1.4510e-04 7.0330e-05 0.0000e+00 7.0330e-05 2.2565e-01 0.0000e+00
263 0.0000e+00 2.0520e-04 7.0175e-05 0.0000e+00 7.0175e-05 2.2572e-01 0.0000e+00
264 0.0000e+00 2.5130e-04 7.0021e-05 0.0000e+00 7.0021e-05 2.2579e-01 0.0000e+00
265 0.0000e+00 2.7800e-04 6.9868e-05 0.0000e+00 6.9868e-05 2.2586e-01 0.0000e+00
266 0.0000e+00 2.9030e-04 6.9716e-05 0.0000e+00 6.9716e-05 2.2593e-01 0.0000e+00
267 0.0000e+00 2.7800e-04 6.9564e-05 0.0000e+00 6.9564e-05 2.2599e-01 0.0000e+00
268 0.0000e+00 2.5130e-04 6.9413e-05 0.0000e+00 6.9413e-05 2.2606e-01 0.0000e+00
269 0.0000e+00 2.0520e-04 6.9263e-05 0.0000e+00 6.9263e-05 2.2613e-01 0.0000e+00
270 0.0000e+00 1.4510e-04 6.9113e-05 0.0000e+00 6.9113e-05 2.2620e-01 0.0000e+00
271 0.0000e+00 7.0200e-05 6.8964e-05 0.0000e+00 6.8964e-05 2.2627e-01 0.0000e+00
272 0.0000e+00 0.0000e+00 6.8815e-05 0.0000e+00 6.8815e-05 2.2634e-01 0.0000e+00
273 0.0000e+00 0.0000e+00 6.8668e-05 0.0000e+00 6.8668e-05 2.2641e-01 0.0000e+00
274 0.0000e+00 0.0000e+00 6.8520e-05 0.0000e+00 6.8520e-05 2.2648e-01 0.0000e+00
275 0.0000e+00 0.0000e+00 6.8374e-05 0.0000e+00 6.8374e-05 2.2655e-01 0.0000e+00
276 0.0000e+00 0.0000e+00 6.8228e-05 0.0000e+00 6.8228e-05 2.2661e-01 0.0000e+00
277 0.0000e+00 0.0000e+00 6.8083e-05 0.0000e+00 6.8083e-05 2.2668e-01 0.0000e+00
278 0.0000e+00 0.0000e+00 6.7938e-05 0.0000e+00 6.7938e-05 2.2675e-01 0.0000e+00
279 0.0000e+00 0.0000e+00 6.7794e-05 0.0000e+00 6.7794e-05 2.2682e-01 0.0000e+00
280 0.0000e+00 0.0000e+00 6.7650e-05 0.0000e+00 6.7650e-05 2.2689e-01 0.0000e+00
281 0.0000e+00 0.0000e+00 6.7508e-05 0.0000e+00 6.7508e-05 2.2695e-01 0.0000e+00
282 0.0000e+00 0.0000e+00 6.7365e-05 0.0000e+00 6.7365e-05 2.2702e-01 0.0000e+00
283 1.0000e-03 0.0000e+00 6.7224e-05 0.0000e+00 6.7224e-05 2.2709e-01 0.0000e+00
284 5.0000e-04 0.0000e+00 6.7083e-05 0.0000e+00 6.7083e-05 2.2715e-01 0.0000e+00
285 2.5000e-03 2.4400e-05 6.8532e-05 1.5607e-05 6.6942e-05 2.2721e-01 1.5899e-06
286 6.0000e-03 4.7000e-05 1.2604e-04 5.9424e-04 6.6835e-05 2.2668e-01 5.9205e-05
287 4.0000e-03 6.6500e-05 1.0711e-04 8.9163e-04 6.7945e-05 2.2585e-01 3.9165e-05
288 1.5000e-03 8.1400e-05 8.3920e-05 9.1999e-04 6.9717e-05 2.2500e-01 1.4203e-05
289 0.0000e+00 9.0100e-05 7.1594e-05 8.1716e-04 7.1594e-05 2.2426e-01 0.0000e+00
290 0.0000e+00 9.4000e-05 7.3282e-05 7.3397e-04 7.3282e-05 2.2360e-01 0.0000e+00
291 5.0000e-04 9.0100e-05 7.7139e-05 6.8500e-04 7.4811e-05 2.2299e-01 2.3280e-06
292 0.0000e+00 8.1400e-05 7.6251e-05 6.1752e-04 7.6251e-05 2.2245e-01 0.0000e+00
293 0.0000e+00 6.6500e-05 7.7552e-05 5.5841e-04 7.7552e-05 2.2197e-01 0.0000e+00
294 1.5000e-03 4.7000e-05 9.1233e-05 6.3253e-04 7.8726e-05 2.2141e-01 1.2507e-05
295 1.0000e-03 2.2800e-05 8.9542e-05 6.6126e-04 8.0100e-05 2.2083e-01 9.4421e-06
296 0.0000e+00 0.0000e+00 8.1568e-05 5.9142e-04 8.1568e-05 2.2032e-01 0.0000e+00
297 0.0000e+00 0.0000e+00 8.2878e-05 5.3409e-04 8.2878e-05 2.1987e-01 0.0000e+00
298 0.0000e+00 0.0000e+00 8.4055e-05 4.8338e-04 8.4055e-05 2.1947e-01 0.0000e+00
299 0.0000e+00 0.0000e+00 8.5111e-05 4.3801e-04 8.5111e-05 2.1912e-01 0.0000e+00
300 0.0000e+00 0.0000e+00 8.6054e-05 3.9725e-04 8.6054e-05 2.1881e-01 0.0000e+00
301 0.0000e+00 0.0000e+00 8.6895e-05 3.6053e-04 8.6895e-05 2.1853e-01 0.0000e+00
302 0.0000e+00 0.0000e+00 8.7641e-05 3.2740e-04 8.7641e-05 2.1829e-01 0.0000e+00
303 0.0000e+00 0.0000e+00 8.8301e-05 2.9746e-04 8.8301e-05 2.1808e-01 0.0000e+00
304 0.0000e+00 0.0000e+00 8.8880e-05 2.7038e-04 8.8880e-05 2.1790e-01 0.0000e+00
305 0.0000e+00 0.0000e+00 8.9385e-05 2.4587e-04 8.9385e-05 2.1775e-01 0.0000e+00
306 0.0000e+00 0.0000e+00 8.9823e-05 2.2366e-04 8.9823e-05 2.1761e-01 0.0000e+00
307 0.0000e+00 0.0000e+00 9.0200e-05 2.0353e-04 9.0200e-05 2.1750e-01 0.0000e+00
308 0.0000e+00 0.0000e+00 9.0520e-05 1.8528e-04 9.0520e-05 2.1740e-01 0.0000e+00
309 0.0000e+00 2.8800e-05 9.0788e-05 1.6871e-04 9.0788e-05 2.1733e-01 0.0000e+00
310 5.0000e-04 5.5500e-05 9.6244e-05 1.9922e-04 9.1010e-05 2.1722e-01 5.2339e-06
311 0.0000e+00 7.8500e-05 9.1318e-05 1.7833e-04 9.1318e-05 2.1713e-01 0.0000e+00
312 0.0000e+00 9.6200e-05 9.1567e-05 1.6156e-04 9.1567e-05 2.1706e-01 0.0000e+00
313 0.0000e+00 1.0640e-04 9.1767e-05 1.4661e-04 9.1767e-05 2.1701e-01 0.0000e+00
314 0.0000e+00 1.1110e-04 9.1924e-05 1.3320e-04 9.1924e-05 2.1696e-01 0.0000e+00
315 0.0000e+00 1.0640e-04 9.2043e-05 1.2111e-04 9.2043e-05 2.1694e-01 0.0000e+00
316 0.0000e+00 9.6200e-05 9.2127e-05 1.1020e-04 9.2127e-05 2.1692e-01 0.0000e+00
317 5.0000e-04 7.8500e-05 9.2179e-05 1.0033e-04 9.2179e-05 2.1691e-01 0.0000e+00
318 1.0000e-03 5.5500e-05 1.0176e-04 1.6984e-04 9.2202e-05 2.1683e-01 9.5547e-06
319 5.0000e-04 2.6900e-05 9.7906e-05 1.9455e-04 9.2426e-05 2.1673e-01 5.4799e-06
320 0.0000e+00 0.0000e+00 9.2722e-05 1.7265e-04 9.2722e-05 2.1665e-01 0.0000e+00
321 0.0000e+00 0.0000e+00 9.2954e-05 1.5526e-04 9.2954e-05 2.1659e-01 0.0000e+00
322 1.0000e-03 0.0000e+00 1.0513e-04 2.3872e-04 9.3135e-05 2.1644e-01 1.1997e-05
323 1.0000e-03 0.0000e+00 1.0589e-04 3.1144e-04 9.3559e-05 2.1622e-01 1.2328e-05
324 0.0000e+00 0.0000e+00 9.4199e-05 2.7424e-04 9.4199e-05 2.1604e-01 0.0000e+00
325 0.0000e+00 0.0000e+00 9.4730e-05 2.4575e-04 9.4730e-05 2.1589e-01 0.0000e+00
326 0.0000e+00 0.0000e+00 9.5178e-05 2.2096e-04 9.5178e-05 2.1577e-01 0.0000e+00
327 0.0000e+00 0.0000e+00 9.5553e-05 1.9916e-04 9.5553e-05 2.1566e-01 0.0000e+00
328 0.0000e+00 0.0000e+00 9.5863e-05 1.7984e-04 9.5863e-05 2.1558e-01 0.0000e+00
329 0.0000e+00 0.0000e+00 9.6115e-05 1.6261e-04 9.6115e-05 2.1551e-01 0.0000e+00
330 0.0000e+00 0.0000e+00 9.6315e-05 1.4720e-04 9.6315e-05 2.1546e-01 0.0000e+00
331 0.0000e+00 0.0000e+00 9.6468e-05 1.3338e-04 9.6468e-05 2.1543e-01 0.0000e+00
332 0.0000e+00 0.0000e+00 9.6579e-05 1.2095e-04 9.6579e-05 2.1540e-01 0.0000e+00
333 0.0000e+00 1.1200e-05 9.6653e-05 1.0975e-04 9.6653e-05 2.1539e-01 0.0000e+00
334 0.0000e+00 2.1600e-05 9.6693e-05 9.9658e-05 9.6693e-05 2.1539e-01 0.0000e+00
335 0.0000e+00 3.0600e-05 9.6702e-05 9.0542e-05 9.6702e-05 2.1539e-01 0.0000e+00
336 0.0000e+00 3.7400e-05 9.6683e-05 8.2302e-05 9.6683e-05 2.1541e-01 0.0000e+00
337 0.0000e+00 4.1400e-05 9.6639e-05 7.4848e-05 9.6639e-05 2.1543e-01 0.0000e+00
338 5.0000e-04 4.3200e-05 1.0099e-04 1.0466e-04 9.6574e-05 2.1542e-01 4.4130e-06
339 5.0000e-04 4.1400e-05 1.0223e-04 1.3943e-04 9.6598e-05 2.1538e-01 5.6315e-06
340 1.5000e-03 3.7400e-05 1.1471e-04 2.7198e-04 9.6727e-05 2.1520e-01 1.7982e-05
341 1.5000e-03 3.0600e-05 1.1529e-04 3.8564e-04 9.7259e-05 2.1491e-01 1.8031e-05
342 1.0000e-03 2.1600e-05 1.1009e-04 4.3623e-04 9.8139e-05 2.1457e-01 1.1951e-05
343 5.0000e-04 1.0500e-05 1.0508e-04 4.3361e-04 9.9181e-05 2.1424e-01 5.8978e-06
344 1.0000e-03 0.0000e+00 1.1242e-04 4.8692e-04 1.0022e-04 2.1385e-01 1.2199e-05
345 5.0000e-04 0.0000e+00 1.0761e-04 4.8249e-04 1.0144e-04 2.1347e-01 6.1641e-06
346 0.0000e+00 0.0000e+00 1.0266e-04 4.2956e-04 1.0266e-04 2.1315e-01 0.0000e+00
347 0.0000e+00 0.0000e+00 1.0371e-04 3.8540e-04 1.0371e-04 2.1286e-01 0.0000e+00
348 0.0000e+00 0.0000e+00 1.0463e-04 3.4664e-04 1.0463e-04 2.1262e-01 0.0000e+00
349 0.0000e+00 0.0000e+00 1.0542e-04 3.1236e-04 1.0542e-04 2.1241e-01 0.0000e+00
350 0.0000e+00 0.0000e+00 1.0611e-04 2.8185e-04 1.0611e-04 2.1224e-01 0.0000e+00
351 0.0000e+00 0.0000e+00 1.0669e-04 2.5459e-04 1.0669e-04 2.1209e-01 0.0000e+00
352 0.0000e+00 0.0000e+00 1.0719e-04 2.3019e-04 1.0719e-04 2.1197e-01 0.0000e+00
353 5.0000e-04 0.0000e+00 1.1376e-04 2.6044e-04 1.0760e-04 2.1182e-01 6.1641e-06
354 0.0000e+00 0.0000e+00 1.0811e-04 2.3232e-04 1.0811e-04 2.1169e-01 0.0000e+00
355 0.0000e+00 0.0000e+00 1.0853e-04 2.0943e-04 1.0853e-04 2.1159e-01 0.0000e+00
356 0.0000e+00 0.0000e+00 1.0888e-04 1.8916e-04 1.0888e-04 2.1151e-01 0.0000e+00
357 0.0000e+00 7.2300e-05 1.0915e-04 1.7107e-04 1.0915e-04 2.1145e-01 0.0000e+00
358 0.0000e+00 1.3960e-04 1.0936e-04 1.5487e-04 1.0936e-04 2.1140e-01 0.0000e+00
359 0.0000e+00 1.9750e-04 1.0952e-04 1.4031e-04 1.0952e-04 2.1137e-01 0.0000e+00
360 0.0000e+00 2.4180e-04 1.0962e-04 1.2721e-04 1.0962e-04 2.1135e-01 0.0000e+00
361 0.0000e+00 2.6750e-04 1.0968e-04 1.1540e-04 1.0968e-04 2.1135e-01 0.0000e+00
362 0.0000e+00 2.7930e-04 1.0970e-04 1.0474e-04 1.0970e-04 2.1135e-01 0.0000e+00
363 0.0000e+00 2.6750e-04 1.0968e-04 9.5104e-05 1.0968e-04 2.1137e-01 0.0000e+00
364 0.0000e+00 2.4180e-04 1.0963e-04 8.6398e-05 1.0963e-04 2.1139e-01 0.0000e+00
365 0.0000e+00 1.9750e-04 1.0956e-04 7.8521e-05 1.0956e-04 2.1142e-01 0.0000e+00
366 0.0000e+00 1.3960e-04 1.0945e-04 7.1391e-05 1.0945e-04 2.1146e-01 0.0000e+00
367 0.0000e+00 6.7600e-05 1.0932e-04 6.4932e-05 1.0932e-04 2.1150e-01 0.0000e+00
368 0.0000e+00 0.0000e+00 1.0917e-04 5.9079e-05 1.0917e-04 2.1155e-01 0.0000e+00
369 0.0000e+00 0.0000e+00 1.0900e-04 5.3772e-05 1.0900e-04 2.1161e-01 0.0000e+00
370 0.0000e+00 0.0000e+00 1.0881e-04 4.8957e-05 1.0881e-04 2.1167e-01 0.0000e+00
371 0.0000e+00 0.0000e+00 1.0861e-04 4.4588e-05 1.0861e-04 2.1173e-01 0.0000e+00
372 0.0000e+00 0.0000e+00 1.0839e-04 4.0622e-05 1.0839e-04 2.1180e-01 0.0000e+00
373 5.0000e-04 0.0000e+00 1.0816e-04 3.7019e-05 1.0816e-04 2.1187e-01 0.0000e+00
374 7.5000e-03 0.0000e+00 1.8099e-04 6.5247e-04 1.0792e-04 2.1133e-01 7.3076e-05
375 4.5000e-03 0.0000e+00 1.6525e-04 1.0216e-03 1.0977e-04 2.1042e-01 5.5477e-05
376 2.5000e-03 0.0000e+00 1.4376e-04 1.1473e-03 1.1294e-04 2.0938e-01 3.0821e-05
377 5.0000e-04 0.0000e+00 1.2282e-04 1.0598e-03 1.1665e-04 2.0844e-01 6.1641e-06
378 0.0000e+00 0.0000e+00 1.2014e-04 9.4144e-04 1.2014e-04 2.0762e-01 0.0000e+00
379 0.0000e+00 0.0000e+00 1.2327e-04 8.4153e-04 1.2327e-04 2.0690e-01 0.0000e+00
380 0.0000e+00 0.0000e+00 1.2607e-04 7.5433e-04 1.2607e-04 2.0627e-01 0.0000e+00
381 0.0000e+00 1.7400e-05 1.2857e-04 6.7741e-04 1.2857e-04 2.0572e-01 0.0000e+00
382 0.0000e+00 3.3600e-05 1.3079e-04 6.0913e-04 1.3079e-04 2.0524e-01 0.0000e+00
383 1.0000e-03 4.7500e-05 1.4446e-04 6.5179e-04 1.3276e-04 2.0473e-01 1.1700e-05
384 1.0000e-03 5.8200e-05 1.4667e-04 6.8397e-04 1.3493e-04 2.0418e-01 1.1743e-05
385 0.0000e+00 6.4300e-05 1.3726e-04 6.0684e-04 1.3726e-04 2.0371e-01 0.0000e+00
386 5.0000e-04 6.7200e-05 1.4395e-04 5.8569e-04 1.3929e-04 2.0326e-01 4.6548e-06
387 0.0000e+00 6.4300e-05 1.4125e-04 5.2329e-04 1.4125e-04 2.0288e-01 0.0000e+00
388 0.0000e+00 5.8200e-05 1.4295e-04 4.7014e-04 1.4295e-04 2.0255e-01 0.0000e+00
389 0.0000e+00 4.7500e-05 1.4442e-04 4.2307e-04 1.4442e-04 2.0227e-01 0.0000e+00
390 5.0000e-04 3.3600e-05 1.4892e-04 4.1044e-04 1.4568e-04 2.0201e-01 3.2450e-06
391 0.0000e+00 1.6300e-05 1.4689e-04 3.6757e-04 1.4689e-04 2.0179e-01 0.0000e+00
392 5.0000e-04 0.0000e+00 1.5346e-04 3.8126e-04 1.4791e-04 2.0155e-01 5.5491e-06
393 5.0000e-04 0.0000e+00 1.5515e-04 3.9543e-04 1.4899e-04 2.0131e-01 6.1641e-06
394 0.0000e+00 0.0000e+00 1.5014e-04 3.5072e-04 1.5014e-04 2.0111e-01 0.0000e+00
395 0.0000e+00 0.0000e+00 1.5108e-04 3.1459e-04 1.5108e-04 2.0094e-01 0.0000e+00
396 0.0000e+00 0.0000e+00 1.5186e-04 2.8289e-04 1.5186e-04 2.0081e-01 0.0000e+00
397 0.0000e+00 0.0000e+00 1.5248e-04 2.5473e-04 1.5248e-04 2.0071e-01 0.0000e+00
398 0.0000e+00 0.0000e+00 1.5297e-04 2.2961e-04 1.5297e-04 2.0063e-01 0.0000e+00
399 0.0000e+00 0.0000e+00 1.5334e-04 2.0713e-04 1.5334e-04 2.0058e-01 0.0000e+00
400 0.0000e+00 0.0000e+00 1.5359e-04 1.8698e-04 1.5359e-04 2.0055e-01 0.0000e+00
401 0.0000e+00 0.0000e+00 1.5375e-04 1.6889e-04 1.5375e-04 2.0053e-01 0.0000e+00
402 1.0000e-03 0.0000e+00 1.6616e-04 2.6559e-04 1.5383e-04 2.0042e-01 1.2328e-05
403 0.0000e+00 0.0000e+00 1.5437e-04 2.2956e-04 1.5437e-04 2.0034e-01 0.0000e+00
404 0.0000e+00 0.0000e+00 1.5473e-04 2.0470e-04 1.5473e-04 2.0029e-01 0.0000e+00
405 5.0000e-04 2.4600e-05 1.6113e-04 2.4004e-04 1.5497e-04 2.0021e-01 6.1641e-06
406 5.0000e-04 4.7400e-05 1.6124e-04 2.6446e-04 1.5538e-04 2.0010e-01 5.8609e-06
407 0.0000e+00 6.7100e-05 1.5591e-04 2.3184e-04 1.5591e-04 2.0002e-01 0.0000e+00
408 5.0000e-04 8.2200e-05 1.6104e-04 2.5061e-04 1.5628e-04 1.9993e-01 4.7533e-06
409 0.0000e+00 9.0900e-05 1.5675e-04 2.2067e-04 1.5675e-04 1.9987e-01 0.0000e+00
410 0.0000e+00 9.5000e-05 1.5706e-04 1.9718e-04 1.5706e-04 1.9983e-01 0.0000e+00
411 0.0000e+00 9.0900e-05 1.5726e-04 1.7675e-04 1.5726e-04 1.9981e-01 0.0000e+00
412 0.0000e+00 8.2200e-05 1.5735e-04 1.5872e-04 1.5735e-04 1.9980e-01 0.0000e+00
413 0.0000e+00 6.7100e-05 1.5736e-04 1.4274e-04 1.5736e-04 1.9982e-01 0.0000e+00
414 0.0000e+00 4.7400e-05 1.5729e-04 1.2850e-04 1.5729e-04 1.9985e-01 0.0000e+00
415 0.0000e+00 2.3000e-05 1.5715e-04 1.1580e-04 1.5715e-04 1.9989e-01 0.0000e+00
416 0.0000e+00 0.0000e+00 1.5694e-04 1.0444e-04 1.5694e-04 1.9994e-01 0.0000e+00
417 0.0000e+00 0.0000e+00 1.5668e-04 9.4263e-05 1.5668e-04 2.0000e-01 0.0000e+00
418 0.0000e+00 0.0000e+00 1.5638e-04 8.5134e-05 1.5638e-04 2.0008e-01 0.0000e+00
419 0.0000e+00 0.0000e+00 1.5603e-04 7.6935e-05 1.5603e-04 2.0015e-01 0.0000e+00
420 0.0000e+00 0.0000e+00 1.5565e-04 6.9565e-05 1.5565e-04 2.0024e-01 0.0000e+00
421 0.0000e+00 0.0000e+00 1.5523e-04 6.2934e-05 1.5523e-04 2.0033e-01 0.0000e+00
422 0.0000e+00 0.0000e+00 1.5478e-04 5.6964e-05 1.5478e-04 2.0043e-01 0.0000e+00
423 0.0000e+00 0.0000e+00 1.5431e-04 5.1583e-05 1.5431e-04 2.0053e-01 0.0000e+00
424 0.0000e+00 0.0000e+00 1.5381e-04 4.6732e-05 1.5381e-04 2.0064e-01 0.0000e+00
425 0.0000e+00 0.0000e+00 1.5330e-04 4.2355e-05 1.5330e-04 2.0075e-01 0.0000e+00
426 0.0000e+00 0.0000e+00 1.5277e-04 3.8404e-05 1.5277e-04 2.0087e-01 0.0000e+00
427 5.0000e-04 0.0000e+00 1.5222e-04 3.4835e-05 1.5222e-04 2.0098e-01 0.0000e+00
428 2.0000e-03 0.0000e+00 1.7539e-04 2.4819e-04 1.5167e-04 2.0089e-01 2.3722e-05
429 3.0000e-03 3.2600e-05 1.8911e-04 5.4240e-04 1.5213e-04 2.0050e-01 3.6985e-05
430 2.0000e-03 6.2900e-05 1.7825e-04 6.7655e-04 1.5399e-04 1.9997e-01 2.4255e-05
431 1.0000e-03 8.9000e-05 1.6808e-04 6.8624e-04 1.5653e-04 1.9944e-01 1.1553e-05
432 0.0000e+00 1.0900e-04 1.5914e-04 5.9809e-04 1.5914e-04 1.9901e-01 0.0000e+00
433 5.0000e-04 1.2060e-04 1.6506e-04 5.6446e-04 1.6134e-04 1.9860e-01 3.7255e-06
434 0.0000e+00 1.2590e-04 1.6338e-04 4.9946e-04 1.6338e-04 1.9827e-01 0.0000e+00
435 0.0000e+00 1.2060e-04 1.6511e-04 4.4510e-04 1.6511e-04 1.9799e-01 0.0000e+00
436 0.0000e+00 1.0900e-04 1.6656e-04 3.9760e-04 1.6656e-04 1.9775e-01 0.0000e+00
437 3.5000e-03 8.9000e-05 2.1624e-04 6.9669e-04 1.6777e-04 1.9723e-01 4.8475e-05
438 0.0000e+00 6.2900e-05 1.7056e-04 5.9892e-04 1.7056e-04 1.9680e-01 0.0000e+00
439 0.0000e+00 3.0500e-05 1.7286e-04 5.3106e-04 1.7286e-04 1.9644e-01 0.0000e+00
440 0.0000e+00 0.0000e+00 1.7481e-04 4.7307e-04 1.7481e-04 1.9614e-01 0.0000e+00
441 0.0000e+00 0.0000e+00 1.7644e-04 4.2242e-04 1.7644e-04 1.9590e-01 0.0000e+00
442 0.0000e+00 0.0000e+00 1.7781e-04 3.7786e-04 1.7781e-04 1.9570e-01 0.0000e+00
443 0.0000e+00 0.0000e+00 1.7892e-04 3.3846e-04 1.7892e-04 1.9554e-01 0.0000e+00
444 5.0000e-04 0.0000e+00 1.8533e-04 3.3960e-04 1.7981e-04 1.9538e-01 5.5125e-06
445 0.0000e+00 0.0000e+00 1.8071e-04 3.0200e-04 1.8071e-04 1.9525e-01 0.0000e+00
446 0.0000e+00 0.0000e+00 1.8140e-04 2.7057e-04 1.8140e-04 1.9517e-01 0.0000e+00
447 0.0000e+00 0.0000e+00 1.8191e-04 2.4275e-04 1.8191e-04 1.9510e-01 0.0000e+00
448 0.0000e+00 0.0000e+00 1.8225e-04 2.1802e-04 1.8225e-04 1.9507e-01 0.0000e+00
449 0.0000e+00 0.0000e+00 1.8246e-04 1.9599e-04 1.8246e-04 1.9506e-01 0.0000e+00
450 0.0000e+00 0.0000e+00 1.8253e-04 1.7631e-04 1.8253e-04 1.9506e-01 0.0000e+00
451 0.0000e+00 0.0000e+00 1.8250e-04 1.5872e-04 1.8250e-04 1.9509e-01 0.0000e+00
452 5.0000e-04 0.0000e+00 1.9104e-04 1.9991e-04 1.8236e-04 1.9507e-01 8.6727e-06
453 0.0000e+00 2.2400e-05 1.8246e-04 1.7539e-04 1.8246e-04 1.9507e-01 0.0000e+00
454 0.0000e+00 4.3300e-05 1.8242e-04 1.5679e-04 1.8242e-04 1.9510e-01 0.0000e+00
455 0.0000e+00 6.1200e-05 1.8228e-04 1.4052e-04 1.8228e-04 1.9514e-01 0.0000e+00
456 0.0000e+00 7.5000e-05 1.8204e-04 1.2616e-04 1.8204e-04 1.9520e-01 0.0000e+00
457 0.0000e+00 8.3000e-05 1.8172e-04 1.1342e-04 1.8172e-04 1.9527e-01 0.0000e+00
458 0.0000e+00 8.6600e-05 1.8133e-04 1.0208e-04 1.8133e-04 1.9535e-01 0.0000e+00
459 0.0000e+00 8.3000e-05 1.8089e-04 9.1946e-05 1.8089e-04 1.9543e-01 0.0000e+00
460 0.0000e+00 7.5000e-05 1.8038e-04 8.2884e-05 1.8038e-04 1.9553e-01 0.0000e+00
461 0.0000e+00 6.1200e-05 1.7983e-04 7.4765e-05 1.7983e-04 1.9564e-01 0.0000e+00
462 0.0000e+00 4.3300e-05 1.7925e-04 6.7483e-05 1.7925e-04 1.9575e-01 0.0000e+00
463 0.0000e+00 2.1000e-05 1.7862e-04 6.0944e-05 1.7862e-04 1.9587e-01 0.0000e+00
464 0.0000e+00 0.0000e+00 1.7796e-04 5.5067e-05 1.7796e-04 1.9599e-01 0.0000e+00
465 1.0000e-03 0.0000e+00 1.8333e-04 8.9280e-05 1.7728e-04 1.9608e-01 6.0506e-06
466 5.0000e-04 0.0000e+00 1.8547e-04 1.3390e-04 1.7680e-04 1.9612e-01 8.6727e-06
467 0.0000e+00 0.0000e+00 1.7656e-04 1.1521e-04 1.7656e-04 1.9618e-01 0.0000e+00
468 0.0000e+00 0.0000e+00 1.7622e-04 1.0208e-04 1.7622e-04 1.9626e-01 0.0000e+00
469 5.0000e-04 0.0000e+00 1.8449e-04 1.4737e-04 1.7581e-04 1.9628e-01 8.6727e-06
470 0.0000e+00 0.0000e+00 1.7566e-04 1.2738e-04 1.7566e-04 1.9633e-01 0.0000e+00
471 0.0000e+00 0.0000e+00 1.7539e-04 1.1301e-04 1.7539e-04 1.9639e-01 0.0000e+00
472 5.0000e-04 0.0000e+00 1.8372e-04 1.5712e-04 1.7505e-04 1.9641e-01 8.6727e-06
473 5.0000e-04 0.0000e+00 1.8363e-04 1.9258e-04 1.7495e-04 1.9640e-01 8.6727e-06
474 0.0000e+00 0.0000e+00 1.7505e-04 1.6709e-04 1.7505e-04 1.9640e-01 0.0000e+00
475 0.0000e+00 0.0000e+00 1.7501e-04 1.4808e-04 1.7501e-04 1.9643e-01 0.0000e+00
476 0.0000e+00 0.0000e+00 1.7486e-04 1.3175e-04 1.7486e-04 1.9647e-01 0.0000e+00
477 0.0000e+00 9.2000e-06 1.7462e-04 1.1755e-04 1.7462e-04 1.9653e-01 0.0000e+00
478 0.0000e+00 1.7800e-05 1.7431e-04 1.0511e-04 1.7431e-04 1.9660e-01 0.0000e+00
479 0.0000e+00 2.5200e-05 1.7393e-04 9.4144e-05 1.7393e-04 1.9668e-01 0.0000e+00
480 0.0000e+00 3.0900e-05 1.7350e-04 8.4439e-05 1.7350e-04 1.9677e-01 0.0000e+00
481 0.0000e+00 3.4200e-05 1.7302e-04 7.5823e-05 1.7302e-04 1.9687e-01 0.0000e+00
482 5.0000e-04 3.5700e-05 1.7913e-04 1.1124e-04 1.7249e-04 1.9693e-01 6.6400e-06
483 2.5000e-03 3.4200e-05 2.1491e-04 3.7381e-04 1.7216e-04 1.9673e-01 4.2745e-05
484 1.0000e-03 3.0900e-05 1.9001e-04 4.2264e-04 1.7325e-04 1.9648e-01 1.6752e-05
485 0.0000e+00 2.5200e-05 1.7461e-04 3.6544e-04 1.7461e-04 1.9628e-01 0.0000e+00
486 1.0000e-03 1.7800e-05 1.9203e-04 4.2921e-04 1.7565e-04 1.9603e-01 1.6373e-05
487 0.0000e+00 8.6000e-06 1.7705e-04 3.7355e-04 1.7705e-04 1.9583e-01 0.0000e+00
488 0.0000e+00 0.0000e+00 1.7814e-04 3.3104e-04 1.7814e-04 1.9568e-01 0.0000e+00
489 0.0000e+00 0.0000e+00 1.7899e-04 2.9437e-04 1.7899e-04 1.9557e-01 0.0000e+00
490 0.0000e+00 0.0000e+00 1.7964e-04 2.6242e-04 1.7964e-04 1.9548e-01 0.0000e+00
491 0.0000e+00 0.0000e+00 1.8011e-04 2.3440e-04 1.8011e-04 1.9543e-01 0.0000e+00
492 0.0000e+00 0.0000e+00 1.8041e-04 2.0969e-04 1.8041e-04 1.9540e-01 0.0000e+00
493 0.0000e+00 0.0000e+00 1.8058e-04 1.8783e-04 1.8058e-04 1.9539e-01 0.0000e+00
494 0.0000e+00 0.0000e+00 1.8062e-04 1.6844e-04 1.8062e-04 1.9541e-01 0.0000e+00
495 0.0000e+00 0.0000e+00 1.8055e-04 1.5119e-04 1.8055e-04 1.9543e-01 0.0000e+00
496 0.0000e+00 0.0000e+00 1.8038e-04 1.3582e-04 1.8038e-04 1.9548e-01 0.0000e+00
497 0.0000e+00 0.0000e+00 1.8013e-04 1.2211e-04 1.8013e-04 1.9554e-01 0.0000e+00
498 0.0000e+00 0.0000e+00 1.7981e-04 1.0986e-04 1.7981e-04 1.9561e-01 0.0000e+00
499 0.0000e+00 0.0000e+00 1.7941e-04 9.8900e-05 1.7941e-04 1.9569e-01 0.0000e+00
500 0.0000e+00 0.0000e+00 1.7896e-04 8.9091e-05 1.7896e-04 1.9578e-01 0.0000e+00
501 0.0000e+00 6.3800e-05 1.7846e-04 8.0302e-05 1.7846e-04 1.9588e-01 0.0000e+00
502 0.0000e+00 1.2310e-04 1.7791e-04 7.2420e-05 1.7791e-04 1.9598e-01 0.0000e+00
503 0.0000e+00 1.7420e-04 1.7733e-04 6.5345e-05 1.7733e-04 1.9609e-01 0.0000e+00
504 0.0000e+00 2.1330e-04 1.7671e-04 5.8991e-05 1.7671e-04 1.9621e-01 0.0000e+00
505 0.0000e+00 2.3600e-04 1.7606e-04 5.3280e-05 1.7606e-04 1.9633e-01 0.0000e+00
506 0.0000e+00 2.4640e-04 1.7539e-04 4.8145e-05 1.7539e-04 1.9646e-01 0.0000e+00
507 0.0000e+00 2.3600e-04 1.7469e-04 4.3523e-05 1.7469e-04 1.9659e-01 0.0000e+00
508 0.0000e+00 2.1330e-04 1.7398e-04 3.9362e-05 1.7398e-04 1.9673e-01 0.0000e+00
509 0.0000e+00 1.7420e-04 1.7325e-04 3.5614e-05 1.7325e-04 1.9686e-01 0.0000e+00
510 0.0000e+00 1.2310e-04 1.7250e-04 3.2236e-05 1.7250e-04 1.9700e-01 0.0000e+00
511 0.0000e+00 5.9600e-05 1.7175e-04 2.9189e-05 1.7175e-04 1.9715e-01 0.0000e+00
512 0.0000e+00 0.0000e+00 1.7098e-04 2.6440e-05 1.7098e-04 1.9729e-01 0.0000e+00
513 0.0000e+00 0.0000e+00 1.7021e-04 2.3960e-05 1.7021e-04 1.9744e-01 0.0000e+00
514 0.0000e+00 0.0000e+00 1.6944e-04 2.1719e-05 1.6944e-04 1.9759e-01 0.0000e+00
515 0.0000e+00 0.0000e+00 1.6866e-04 1.9696e-05 1.6866e-04 1.9773e-01 0.0000e+00
516 0.0000e+00 0.0000e+00 1.6787e-04 1.7867e-05 1.6787e-04 1.9788e-01 0.0000e+00
517 0.0000e+00 0.0000e+00 1.6709e-04 1.6213e-05 1.6709e-04 1.9804e-01 0.0000e+00
518 0.0000e+00 0.0000e+00 1.6630e-04 1.4717e-05 1.6630e-04 1.9819e-01 0.0000e+00
519 0.0000e+00 0.0000e+00 1.6552e-04 1.3363e-05 1.6552e-04 1.9834e-01 0.0000e+00
520 0.0000e+00 0.0000e+00 1.6473e-04 1.2138e-05 1.6473e-04 1.9849e-01 0.0000e+00
521 0.0000e+00 0.0000e+00 1.6395e-04 1.1029e-05 1.6395e-04 1.9864e-01 0.0000e+00
522 0.0000e+00 0.0000e+00 1.6317e-04 1.0023e-05 1.6317e-04 1.9880e-01 0.0000e+00
523 0.0000e+00 0.0000e+00 1.6239e-04 9.1126e-06 1.6239e-04 1.9895e-01 0.0000e+00
524 0.0000e+00 0.0000e+00 1.6161e-04 8.2871e-06 1.6161e-04 1.9910e-01 0.0000e+00
525 0.0000e+00 4.1700e-05 1.6084e-04 7.5385e-06 1.6084e-04 1.9926e-01 0.0000e+00
526 0.0000e+00 8.0400e-05 1.6007e-04 6.8594e-06 1.6007e-04 1.9941e-01 0.0000e+00
527 0.0000e+00 1.1380e-04 1.5931e-04 6.2433e-06 1.5931e-04 1.9956e-01 0.0000e+00
528 0.0000e+00 1.3930e-04 1.5855e-04 5.6840e-06 1.5855e-04 1.9972e-01 0.0000e+00
529 0.0000e+00 1.5420e-04 1.5779e-04 5.1762e-06 1.5779e-04 1.9987e-01 0.0000e+00
530 0.0000e+00 1.6090e-04 1.5704e-04 4.7150e-06 1.5704e-04 2.0002e-01 0.0000e+00
531 0.0000e+00 1.5420e-04 1.5629e-04 4.2960e-06 1.5629e-04 2.0017e-01 0.0000e+00
532 0.0000e+00 1.3930e-04 1.5555e-04 3.9152e-06 1.5555e-04 2.0033e-01 0.0000e+00
533 0.0000e+00 1.1380e-04 1.5482e-04 3.5691e-06 1.5482e-04 2.0048e-01 0.0000e+00
534 0.0000e+00 8.0400e-05 1.5409e-04 3.2540e-06 1.5409e-04 2.0063e-01 0.0000e+00
535 0.0000e+00 3.8900e-05 1.5336e-04 2.9678e-06 1.5336e-04 2.0078e-01 0.0000e+00
536 0.0000e+00 0.0000e+00 1.5264e-04 2.7074e-06 1.5264e-04 2.0093e-01 0.0000e+00
537 0.0000e+00 0.0000e+00 1.5193e-04 2.4704e-06 1.5193e-04 2.0108e-01 0.0000e+00
538 0.0000e+00 0.0000e+00 1.5122e-04 2.2547e-06 1.5122e-04 2.0123e-01 0.0000e+00
539 0.0000e+00 0.0000e+00 1.5052e-04 2.0583e-06 1.5052e-04 2.0137e-01 0.0000e+00
540 0.0000e+00 0.0000e+00 1.4982e-04 1.8794e-06 1.4982e-04 2.0152e-01 0.0000e+00
541 0.0000e+00 0.0000e+00 1.4913e-04 1.7165e-06 1.4913e-04 2.0167e-01 0.0000e+00
542 0.0000e+00 0.0000e+00 1.4845e-04 1.5680e-06 1.4845e-04 2.0182e-01 0.0000e+00
543 0.0000e+00 0.0000e+00 1.4777e-04 1.4327e-06 1.4777e-04 2.0196e-01 0.0000e+00
544 0.0000e+00 0.0000e+00 1.4709e-04 1.3093e-06 1.4709e-04 2.0211e-01 0.0000e+00
545 0.0000e+00 0.0000e+00 1.4642e-04 1.1964e-06 1.4642e-04 2.0225e-01 0.0000e+00
546 0.0000e+00 0.0000e+00 1.4576e-04 1.0938e-06 1.4576e-04 2.0240e-01 0.0000e+00
547 0.0000e+00 0.0000e+00 1.4510e-04 1.0003e-06 1.4510e-04 2.0254e-01 0.0000e+00
548 0.0000e+00 0.0000e+00 1.4445e-04 9.1490e-07 1.4445e-04 2.0269e-01 0.0000e+00
549 0.0000e+00 2.0700e-05 1.4380e-04 8.3698e-07 1.4380e-04 2.0283e-01 0.0000e+00
550 0.0000e+00 4.0000e-05 1.4316e-04 7.6584e-07 1.4316e-04 2.0297e-01 0.0000e+00
551 0.0000e+00 5.6600e-05 1.4253e-04 7.0089e-07 1.4253e-04 2.0311e-01 0.0000e+00
552 1.0000e-03 6.9300e-05 1.4190e-04 6.4156e-07 1.4190e-04 2.0325e-01 0.0000e+00
553 1.0000e-03 7.6600e-05 1.4127e-04 5.8737e-07 1.4127e-04 2.0340e-01 0.0000e+00
554 2.0000e-03 8.0000e-05 1.4968e-04 8.1462e-05 1.4065e-04 2.0345e-01 9.0254e-06
555 1.5000e-03 7.6600e-05 1.5790e-04 2.2362e-04 1.4039e-04 2.0337e-01 1.7506e-05
556 0.0000e+00 6.9300e-05 1.4076e-04 1.8684e-04 1.4076e-04 2.0333e-01 0.0000e+00
557 5.0000e-04 5.6600e-05 1.4533e-04 2.0291e-04 1.4096e-04 2.0326e-01 4.3667e-06
558 0.0000e+00 4.0000e-05 1.4123e-04 1.7697e-04 1.4123e-04 2.0323e-01 0.0000e+00
559 0.0000e+00 1.9400e-05 1.4139e-04 1.5687e-04 1.4139e-04 2.0321e-01 0.0000e+00
560 0.0000e+00 0.0000e+00 1.4146e-04 1.3969e-04 1.4146e-04 2.0321e-01 0.0000e+00
561 0.0000e+00 0.0000e+00 1.4145e-04 1.2477e-04 1.4145e-04 2.0323e-01 0.0000e+00
562 0.0000e+00 0.0000e+00 1.4138e-04 1.1167e-04 1.4138e-04 2.0326e-01 0.0000e+00
563 0.0000e+00 0.0000e+00 1.4125e-04 1.0012e-04 1.4125e-04 2.0330e-01 0.0000e+00
564 0.0000e+00 0.0000e+00 1.4107e-04 8.9893e-05 1.4107e-04 2.0335e-01 0.0000e+00
565 5.0000e-04 0.0000e+00 1.4558e-04 1.2328e-04 1.4084e-04 2.0337e-01 4.7351e-06
566 0.0000e+00 0.0000e+00 1.4076e-04 1.0749e-04 1.4076e-04 2.0340e-01 0.0000e+00
567 0.0000e+00 0.0000e+00 1.4062e-04 9.5854e-05 1.4062e-04 2.0345e-01 0.0000e+00
568 0.0000e+00 0.0000e+00 1.4042e-04 8.5850e-05 1.4042e-04 2.0350e-01 0.0000e+00
569 0.0000e+00 0.0000e+00 1.4018e-04 7.7073e-05 1.4018e-04 2.0357e-01 0.0000e+00
570 0.0000e+00 0.0000e+00 1.3991e-04 6.9305e-05 1.3991e-04 2.0364e-01 0.0000e+00
571 0.0000e+00 0.0000e+00 1.3960e-04 6.2398e-05 1.3960e-04 2.0371e-01 0.0000e+00
572 0.0000e+00 0.0000e+00 1.3926e-04 5.6238e-05 1.3926e-04 2.0380e-01 0.0000e+00
573 3.0000e-03 3.0500e-05 1.7589e-04 3.8138e-04 1.3890e-04 2.0355e-01 3.6985e-05
574 1.0000e-03 5.8900e-05 1.5191e-04 4.2441e-04 1.3996e-04 2.0327e-01 1.1952e-05
575 2.5000e-03 8.3300e-05 1.7130e-04 6.3679e-04 1.4121e-04 2.0277e-01 3.0094e-05
576 3.5000e-03 1.0200e-04 1.8553e-04 9.2571e-04 1.4341e-04 2.0199e-01 4.2122e-05
577 1.5000e-03 1.1290e-04 1.6419e-04 9.5141e-04 1.4696e-04 2.0119e-01 1.7235e-05
578 0.0000e+00 1.1780e-04 1.5070e-04 8.3164e-04 1.5070e-04 2.0051e-01 0.0000e+00
579 0.0000e+00 1.1290e-04 1.5394e-04 7.3829e-04 1.5394e-04 1.9992e-01 0.0000e+00
580 0.0000e+00 1.0200e-04 1.5678e-04 6.5821e-04 1.5678e-04 1.9942e-01 0.0000e+00
581 0.0000e+00 8.3300e-05 1.5925e-04 5.8820e-04 1.5925e-04 1.9899e-01 0.0000e+00
582 0.0000e+00 5.8900e-05 1.6140e-04 5.2649e-04 1.6140e-04 1.9863e-01 0.0000e+00
583 0.0000e+00 2.8500e-05 1.6326e-04 4.7186e-04 1.6326e-04 1.9832e-01 0.0000e+00
584 0.0000e+00 0.0000e+00 1.6484e-04 4.2333e-04 1.6484e-04 1.9806e-01 0.0000e+00
585 0.0000e+00 0.0000e+00 1.6618e-04 3.8012e-04 1.6618e-04 1.9785e-01 0.0000e+00
586 0.0000e+00 0.0000e+00 1.6729e-04 3.4159e-04 1.6729e-04 1.9767e-01 0.0000e+00
587 0.0000e+00 0.0000e+00 1.6820e-04 3.0717e-04 1.6820e-04 1.9753e-01 0.0000e+00
588 0.0000e+00 0.0000e+00 1.6894e-04 2.7639e-04 1.6894e-04 1.9743e-01 0.0000e+00
589 5.0000e-04 0.0000e+00 1.6950e-04 2.4884e-04 1.6950e-04 1.9735e-01 0.0000e+00
590 0.0000e+00 0.0000e+00 1.6992e-04 2.2415e-04 1.6992e-04 1.9729e-01 0.0000e+00
591 0.0000e+00 0.0000e+00 1.7021e-04 2.0202e-04 1.7021e-04 1.9726e-01 0.0000e+00
592 5.0000e-04 0.0000e+00 1.7555e-04 2.2674e-04 1.7038e-04 1.9720e-01 5.1691e-06
593 0.0000e+00 0.0000e+00 1.7068e-04 2.0004e-04 1.7068e-04 1.9717e-01 0.0000e+00
594 1.0000e-03 0.0000e+00 1.8707e-04 2.9260e-04 1.7084e-04 1.9705e-01 1.6231e-05
595 0.0000e+00 0.0000e+00 1.7149e-04 2.5377e-04 1.7149e-04 1.9697e-01 0.0000e+00
596 0.0000e+00 0.0000e+00 1.7193e-04 2.2601e-04 1.7193e-04 1.9692e-01 0.0000e+00
597 0.0000e+00 6.2600e-05 1.7222e-04 2.0203e-04 1.7222e-04 1.9689e-01 0.0000e+00
598 0.0000e+00 1.2080e-04 1.7238e-04 1.8101e-04 1.7238e-04 1.9688e-01 0.0000e+00
599 0.0000e+00 1.7090e-04 1.7243e-04 1.6245e-04 1.7243e-04 1.9689e-01 0.0000e+00
600 0.0000e+00 2.0930e-04 1.7238e-04 1.4598e-04 1.7238e-04 1.9691e-01 0.0000e+00
601 0.0000e+00 2.3150e-04 1.7223e-04 1.3133e-04 1.7223e-04 1.9695e-01 0.0000e+00
602 0.0000e+00 2.4180e-04 1.7201e-04 1.1825e-04 1.7201e-04 1.9701e-01 0.0000e+00
603 0.0000e+00 2.3150e-04 1.7172e-04 1.0656e-04 1.7172e-04 1.9707e-01 0.0000e+00
604 0.0000e+00 2.0930e-04 1.7138e-04 9.6096e-05 1.7138e-04 1.9715e-01 0.0000e+00
605 0.0000e+00 1.7090e-04 1.7097e-04 8.6713e-05 1.7097e-04 1.9723e-01 0.0000e+00
606 0.0000e+00 1.2080e-04 1.7052e-04 7.8292e-05 1.7052e-04 1.9733e-01 0.0000e+00
607 0.0000e+00 5.8500e-05 1.7003e-04 7.0728e-05 1.7003e-04 1.9742e-01 0.0000e+00
608 0.0000e+00 0.0000e+00 1.6951e-04 6.3927e-05 1.6951e-04 1.9753e-01 0.0000e+00
609 0.0000e+00 0.0000e+00 1.6895e-04 5.7808e-05 1.6895e-04 1.9764e-01 0.0000e+00
610 0.0000e+00 0.0000e+00 1.6836e-04 5.2299e-05 1.6836e-04 1.9776e-01 0.0000e+00
611 0.0000e+00 0.0000e+00 1.6775e-04 4.7336e-05 1.6775e-04 1.9788e-01 0.0000e+00
612 0.0000e+00 0.0000e+00 1.6712e-04 4.2862e-05 1.6712e-04 1.9800e-01 0.0000e+00
613 0.0000e+00 0.0000e+00 1.6647e-04 3.8827e-05 1.6647e-04 1.9813e-01 0.0000e+00
614 0.0000e+00 0.0000e+00 1.6581e-04 3.5185e-05 1.6581e-04 1.9826e-01 0.0000e+00
615 0.0000e+00 0.0000e+00 1.6514e-04 3.1897e-05 1.6514e-04 1.9839e-01 0.0000e+00
616 0.0000e+00 0.0000e+00 1.6445e-04 2.8926e-05 1.6445e-04 1.9853e-01 0.0000e+00
617 0.0000e+00 0.0000e+00 1.6375e-04 2.6242e-05 1.6375e-04 1.9867e-01 0.0000e+00
618 0.0000e+00 0.0000e+00 1.6305e-04 2.3815e-05 1.6305e-04 1.9881e-01 0.0000e+00
619 0.0000e+00 0.0000e+00 1.6234e-04 2.1620e-05 1.6234e-04 1.9895e-01 0.0000e+00
620 0.0000e+00 0.0000e+00 1.6163e-04 1.9634e-05 1.6163e-04 1.9909e-01 0.0000e+00
621 0.0000e+00 1.4200e-05 1.6092e-04 1.7836e-05 1.6092e-04 1.9923e-01 0.0000e+00
622 0.0000e+00 2.7500e-05 1.6020e-04 1.6207e-05 1.6020e-04 1.9938e-01 0.0000e+00
623 0.0000e+00 3.8900e-05 1.5948e-04 1.4732e-05 1.5948e-04 1.9952e-01 0.0000e+00
624 1.0000e-03 4.7600e-05 1.5876e-04 1.3396e-05 1.5876e-04 1.9967e-01 0.0000e+00
625 1.0000e-03 5.2700e-05 1.5899e-04 2.0977e-05 1.5804e-04 1.9980e-01 9.5315e-07
626 3.0000e-03 5.5000e-05 1.9429e-04 3.5263e-04 1.5736e-04 1.9961e-01 3.6921e-05
627 2.0000e-03 5.2700e-05 1.8231e-04 5.0796e-04 1.5833e-04 1.9926e-01 2.3978e-05
628 1.5000e-03 4.7600e-05 1.7791e-04 5.9453e-04 1.6007e-04 1.9882e-01 1.7843e-05
629 3.5000e-03 3.8900e-05 2.1281e-04 9.0015e-04 1.6226e-04 1.9809e-01 5.0557e-05
630 4.0000e-03 2.7500e-05 2.2909e-04 1.2160e-03 1.6604e-04 1.9704e-01 6.3054e-05
631 5.0000e-03 1.3300e-05 2.5740e-04 1.6078e-03 1.7158e-04 1.9560e-01 8.5824e-05
632 0.0000e+00 0.0000e+00 1.7946e-04 1.3930e-03 1.7946e-04 1.9439e-01 0.0000e+00
633 0.0000e+00 0.0000e+00 1.8639e-04 1.2342e-03 1.8639e-04 1.9334e-01 0.0000e+00
634 1.0000e-03 0.0000e+00 2.0971e-04 1.2107e-03 1.9260e-04 1.9232e-01 1.7115e-05
635 2.5000e-03 0.0000e+00 2.4219e-04 1.3609e-03 1.9882e-04 1.9116e-01 4.3364e-05
636 3.5000e-03 0.0000e+00 2.6688e-04 1.6021e-03 2.0618e-04 1.8976e-01 6.0709e-05
637 3.0000e-03 0.0000e+00 2.6741e-04 1.7518e-03 2.1537e-04 1.8823e-01 5.2036e-05
638 0.0000e+00 0.0000e+00 2.2596e-04 1.5316e-03 2.2596e-04 1.8692e-01 0.0000e+00
639 5.0000e-04 0.0000e+00 2.4404e-04 1.4186e-03 2.3537e-04 1.8574e-01 8.6727e-06
640 0.0000e+00 0.0000e+00 2.4424e-04 1.2567e-03 2.4424e-04 1.8472e-01 0.0000e+00
641 5.0000e-04 0.0000e+00 2.6076e-04 1.1794e-03 2.5209e-04 1.8380e-01 8.6727e-06
642 0.0000e+00 0.0000e+00 2.5950e-04 1.0454e-03 2.5950e-04 1.8301e-01 0.0000e+00
643 5.0000e-04 0.0000e+00 2.7463e-04 9.9289e-04 2.6595e-04 1.8228e-01 8.6727e-06
644 0.0000e+00 0.0000e+00 2.7206e-04 8.7917e-04 2.7206e-04 1.8168e-01 0.0000e+00
645 0.0000e+00 1.6900e-05 2.7727e-04 7.8269e-04 2.7727e-04 1.8117e-01 0.0000e+00
646 0.0000e+00 3.2600e-05 2.8169e-04 6.9761e-04 2.8169e-04 1.8076e-01 0.0000e+00
647 0.0000e+00 4.6100e-05 2.8537e-04 6.2221e-04 2.8537e-04 1.8042e-01 0.0000e+00
648 0.0000e+00 5.6400e-05 2.8839e-04 5.5527e-04 2.8839e-04 1.8015e-01 0.0000e+00
649 0.0000e+00 6.2400e-05 2.9081e-04 4.9577e-04 2.9081e-04 1.7995e-01 0.0000e+00
650 0.0000e+00 6.5200e-05 2.9268e-04 4.4284e-04 2.9268e-04 1.7980e-01 0.0000e+00
651 0.0000e+00 6.2400e-05 2.9405e-04 3.9575e-04 2.9405e-04 1.7970e-01 0.0000e+00
652 0.0000e+00 5.6400e-05 2.9499e-04 3.5381e-04 2.9499e-04 1.7964e-01 0.0000e+00
653 0.0000e+00 4.6100e-05 2.9553e-04 3.1646e-04 2.9553e-04 1.7962e-01 0.0000e+00
654 0.0000e+00 3.2600e-05 2.9573e-04 2.8318e-04 2.9573e-04 1.7963e-01 0.0000e+00
655 0.0000e+00 1.5800e-05 2.9561e-04 2.5351e-04 2.9561e-04 1.7967e-01 0.0000e+00
656 0.0000e+00 0.0000e+00 2.9522e-04 2.2705e-04 2.9522e-04 1.7974e-01 0.0000e+00
657 0.0000e+00 0.0000e+00 2.9459e-04 2.0344e-04 2.9459e-04 1.7983e-01 0.0000e+00
658 0.0000e+00 0.0000e+00 2.9375e-04 1.8237e-04 2.9375e-04 1.7994e-01 0.0000e+00
659 0.0000e+00 0.0000e+00 2.9273e-04 1.6355e-04 2.9273e-04 1.8007e-01 0.0000e+00
660 0.0000e+00 0.0000e+00 2.9155e-04 1.4674e-04 2.9155e-04 1.8021e-01 0.0000e+00
661 0.0000e+00 0.0000e+00 2.9024e-04 1.3172e-04 2.9024e-04 1.8037e-01 0.0000e+00
662 0.0000e+00 0.0000e+00 2.8880e-04 1.1829e-04 2.8880e-04 1.8054e-01 0.0000e+00
663 0.0000e+00 0.0000e+00 2.8727e-04 1.0628e-04 2.8727e-04 1.8072e-01 0.0000e+00
664 0.0000e+00 0.0000e+00 2.8565e-04 9.5525e-05 2.8565e-04 1.8091e-01 0.0000e+00
665 0.0000e+00 0.0000e+00 2.8396e-04 8.5898e-05 2.8396e-04 1.8111e-01 0.0000e+00
666 5.0000e-04 0.0000e+00 2.8237e-04 7.8446e-05 2.8220e-04 1.8132e-01 1.6081e-07
667 0.0000e+00 0.0000e+00 2.8041e-04 7.0465e-05 2.8041e-04 1.8153e-01 0.0000e+00
668 5.0000e-04 0.0000e+00 2.8725e-04 1.2630e-04 2.7858e-04 1.8168e-01 8.6727e-06
669 5.0000e-04 1.5300e-05 2.8593e-04 1.6925e-04 2.7726e-04 1.8179e-01 8.6727e-06
670 0.0000e+00 2.9500e-05 2.7632e-04 1.4307e-04 2.7632e-04 1.8192e-01 0.0000e+00
671 1.0000e-03 4.1700e-05 2.9174e-04 2.4521e-04 2.7517e-04 1.8195e-01 1.6569e-05
672 0.0000e+00 5.1100e-05 2.7492e-04 2.0505e-04 2.7492e-04 1.8202e-01 0.0000e+00
673 0.0000e+00 5.6500e-05 2.7432e-04 1.7911e-04 2.7432e-04 1.8212e-01 0.0000e+00
674 0.0000e+00 5.9000e-05 2.7350e-04 1.5768e-04 2.7350e-04 1.8223e-01 0.0000e+00
675 5.0000e-04 5.6500e-05 2.7758e-04 1.7593e-04 2.7251e-04 1.8233e-01 5.0653e-06
676 5.0000e-04 5.1100e-05 2.7939e-04 2.0778e-04 2.7169e-04 1.8239e-01 7.6927e-06
677 0.0000e+00 4.1700e-05 2.7115e-04 1.7819e-04 2.7115e-04 1.8248e-01 0.0000e+00
678 0.0000e+00 2.9500e-05 2.7036e-04 1.5672e-04 2.7036e-04 1.8260e-01 0.0000e+00
679 1.0000e-03 1.4300e-05 2.8463e-04 2.4802e-04 2.6941e-04 1.8262e-01 1.5226e-05
680 1.0000e-03 0.0000e+00 2.8632e-04 3.3218e-04 2.6923e-04 1.8256e-01 1.7097e-05
681 0.0000e+00 0.0000e+00 2.6976e-04 2.8054e-04 2.6976e-04 1.8255e-01 0.0000e+00
682 0.0000e+00 0.0000e+00 2.6985e-04 2.4526e-04 2.6985e-04 1.8257e-01 0.0000e+00
683 0.0000e+00 0.0000e+00 2.6964e-04 2.1594e-04 2.6964e-04 1.8262e-01 0.0000e+00
684 0.0000e+00 0.0000e+00 2.6919e-04 1.9086e-04 2.6919e-04 1.8270e-01 0.0000e+00
685 0.0000e+00 0.0000e+00 2.6853e-04 1.6914e-04 2.6853e-04 1.8280e-01 0.0000e+00
686 0.0000e+00 0.0000e+00 2.6770e-04 1.5019e-04 2.6770e-04 1.8292e-01 0.0000e+00
687 0.0000e+00 0.0000e+00 2.6672e-04 1.3359e-04 2.6672e-04 1.8305e-01 0.0000e+00
688 0.0000e+00 0.0000e+00 2.6561e-04 1.1899e-04 2.6561e-04 1.8320e-01 0.0000e+00
689 0.0000e+00 0.0000e+00 2.6439e-04 1.0611e-04 2.6439e-04 1.8336e-01 0.0000e+00
690 0.0000e+00 0.0000e+00 2.6309e-04 9.4732e-05 2.6309e-04 1.8353e-01 0.0000e+00
691 0.0000e+00 0.0000e+00 2.6171e-04 8.4656e-05 2.6171e-04 1.8370e-01 0.0000e+00
692 0.0000e+00 0.0000e+00 2.6027e-04 7.5719e-05 2.6027e-04 1.8389e-01 0.0000e+00
693 0.0000e+00 5.6100e-05 2.5877e-04 6.7782e-05 2.5877e-04 1.8408e-01 0.0000e+00
694 0.0000e+00 1.0830e-04 2.5723e-04 6.0724e-05 2.5723e-04 1.8427e-01 0.0000e+00
695 0.0000e+00 1.5320e-04 2.5565e-04 5.4440e-05 2.5565e-04 1.8448e-01 0.0000e+00
696 0.0000e+00 1.8770e-04 2.5405e-04 4.8841e-05 2.5405e-04 1.8468e-01 0.0000e+00
697 0.0000e+00 2.0760e-04 2.5243e-04 4.3845e-05 2.5243e-04 1.8489e-01 0.0000e+00
698 0.0000e+00 2.1680e-04 2.5079e-04 3.9385e-05 2.5079e-04 1.8510e-01 0.0000e+00
699 0.0000e+00 2.0760e-04 2.4914e-04 3.5400e-05 2.4914e-04 1.8531e-01 0.0000e+00
700 5.0000e-04 1.8770e-04 2.4748e-04 3.1836e-05 2.4748e-04 1.8553e-01 0.0000e+00
701 0.0000e+00 1.5320e-04 2.4582e-04 2.8647e-05 2.4582e-04 1.8575e-01 0.0000e+00
702 0.0000e+00 1.0830e-04 2.4415e-04 2.5790e-05 2.4415e-04 1.8597e-01 0.0000e+00
703 0.0000e+00 5.2400e-05 2.4249e-04 2.3231e-05 2.4249e-04 1.8619e-01 0.0000e+00
704 0.0000e+00 0.0000e+00 2.4084e-04 2.0936e-05 2.4084e-04 1.8641e-01 0.0000e+00
705 0.0000e+00 0.0000e+00 2.3919e-04 1.8876e-05 2.3919e-04 1.8663e-01 0.0000e+00
706 0.0000e+00 0.0000e+00 2.3755e-04 1.7028e-05 2.3755e-04 1.8685e-01 0.0000e+00
707 0.0000e+00 0.0000e+00 2.3592e-04 1.5367e-05 2.3592e-04 1.8707e-01 0.0000e+00
708 0.0000e+00 0.0000e+00 2.3429e-04 1.3874e-05 2.3429e-04 1.8729e-01 0.0000e+00
709 0.0000e+00 0.0000e+00 2.3269e-04 1.2531e-05 2.3269e-04 1.8751e-01 0.0000e+00
710 0.0000e+00 0.0000e+00 2.3109e-04 1.1324e-05 2.3109e-04 1.8773e-01 0.0000e+00
711 0.0000e+00 0.0000e+00 2.2951e-04 1.0237e-05 2.2951e-04 1.8795e-01 0.0000e+00
712 0.0000e+00 0.0000e+00 2.2794e-04 9.2577e-06 2.2794e-04 1.8816e-01 0.0000e+00
713 0.0000e+00 0.0000e+00 2.2639e-04 8.3755e-06 2.2639e-04 1.8838e-01 0.0000e+00
714 0.0000e+00 0.0000e+00 2.2485e-04 7.5803e-06 2.2485e-04 1.8860e-01 0.0000e+00
715 0.0000e+00 0.0000e+00 2.2333e-04 6.8631e-06 2.2333e-04 1.8882e-01 0.0000e+00
716 0.0000e+00 0.0000e+00 2.2183e-04 6.2161e-06 2.2183e-04 1.8903e-01 0.0000e+00
717 0.0000e+00 8.5600e-05 2.2034e-04 5.6320e-06 2.2034e-04 1.8925e-01 0.0000e+00
718 0.0000e+00 1.6520e-04 2.1886e-04 5.1046e-06 2.1886e-04 1.8946e-01 0.0000e+00
719 0.0000e+00 2.3380e-04 2.1741e-04 4.6282e-06 2.1741e-04 1.8967e-01 0.0000e+00
720 0.0000e+00 2.8620e-04 2.1596e-04 4.1973e-06 2.1596e-04 1.8989e-01 0.0000e+00
721 0.0000e+00 3.1670e-04 2.1454e-04 3.8081e-06 2.1454e-04 1.9010e-01 0.0000e+00
722 0.0000e+00 3.3060e-04 2.1313e-04 3.4561e-06 2.1313e-04 1.9031e-01 0.0000e+00
723 0.0000e+00 3.1670e-04 2.1174e-04 3.1377e-06 2.1174e-04 1.9051e-01 0.0000e+00
724 0.0000e+00 2.8620e-04 2.1036e-04 2.8495e-06 2.1036e-04 1.9072e-01 0.0000e+00
725 0.0000e+00 2.3380e-04 2.0900e-04 2.5885e-06 2.0900e-04 1.9093e-01 0.0000e+00
726 0.0000e+00 1.6520e-04 2.0766e-04 2.3521e-06 2.0766e-04 1.9113e-01 0.0000e+00
727 0.0000e+00 8.0000e-05 2.0633e-04 2.1380e-06 2.0633e-04 1.9134e-01 0.0000e+00
728 0.0000e+00 0.0000e+00 2.0502e-04 1.9439e-06 2.0502e-04 1.9154e-01 0.0000e+00
729 0.0000e+00 0.0000e+00 2.0372e-04 1.7679e-06 2.0372e-04 1.9174e-01 0.0000e+00
730 0.0000e+00 0.0000e+00 2.0244e-04 1.6083e-06 2.0244e-04 1.9194e-01 0.0000e+00
731 0.0000e+00 0.0000e+00 2.0117e-04 1.4631e-06 2.0117e-04 1.9214e-01 0.0000e+00
732 0.0000e+00 0.0000e+00 1.9992e-04 1.3318e-06 1.9992e-04 1.9234e-01 0.0000e+00
733 0.0000e+00 0.0000e+00 1.9869e-04 1.2126e-06 1.9869e-04 1.9254e-01 0.0000e+00
734 0.0000e+00 0.0000e+00 1.9746e-04 1.1044e-06 1.9746e-04 1.9274e-01 0.0000e+00
735 0.0000e+00 0.0000e+00 1.9626e-04 1.0060e-06 1.9626e-04 1.9293e-01 0.0000e+00
736 0.0000e+00 0.0000e+00 1.9506e-04 9.1669e-07 1.9506e-04 1.9313e-01 0.0000e+00
737 0.0000e+00 0.0000e+00 1.9388e-04 8.3549e-07 1.9388e-04 1.9332e-01 0.0000e+00
738 0.0000e+00 0.0000e+00 1.9272e-04 7.6167e-07 1.9272e-04 1.9351e-01 0.0000e+00
739 0.0000e+00 0.0000e+00 1.9156e-04 6.9454e-07 1.9156e-04 1.9370e-01 0.0000e+00
740 0.0000e+00 0.0000e+00 1.9042e-04 6.3347e-07 1.9042e-04 1.9389e-01 0.0000e+00
741 0.0000e+00 7.4700e-05 1.8930e-04 5.7791e-07 1.8930e-04 1.9408e-01 0.0000e+00
742 0.0000e+00 1.4410e-04 1.8819e-04 5.2677e-07 1.8819e-04 1.9427e-01 0.0000e+00
743 0.0000e+00 2.0380e-04 1.8708e-04 4.8082e-07 1.8708e-04 1.9445e-01 0.0000e+00
744 0.0000e+00 2.4960e-04 1.8600e-04 4.3898e-07 1.8600e-04 1.9464e-01 0.0000e+00
745 0.0000e+00 2.7610e-04 1.8492e-04 4.0087e-07 1.8492e-04 1.9482e-01 0.0000e+00
746 0.0000e+00 2.8830e-04 1.8386e-04 3.6614e-07 1.8386e-04 1.9501e-01 0.0000e+00
747 0.0000e+00 2.7610e-04 1.8281e-04 3.3450e-07 1.8281e-04 1.9519e-01 0.0000e+00
748 0.0000e+00 2.4960e-04 1.8177e-04 3.0565e-07 1.8177e-04 1.9537e-01 0.0000e+00
749 0.0000e+00 2.0380e-04 1.8074e-04 2.7935e-07 1.8074e-04 1.9555e-01 0.0000e+00
750 0.0000e+00 1.4410e-04 1.7972e-04 2.5537e-07 1.7972e-04 1.9573e-01 0.0000e+00
751 0.0000e+00 6.9800e-05 1.7872e-04 2.3349e-07 1.7872e-04 1.9591e-01 0.0000e+00
752 0.0000e+00 0.0000e+00 1.7772e-04 2.1353e-07 1.7772e-04 1.9609e-01 0.0000e+00
753 0.0000e+00 0.0000e+00 1.7674e-04 1.9531e-07 1.7674e-04 1.9626e-01 0.0000e+00
754 0.0000e+00 0.0000e+00 1.7577e-04 1.7778e-07 1.7577e-04 1.9644e-01 0.0000e+00
755 0.0000e+00 0.0000e+00 1.7481e-04 1.6272e-07 1.7481e-04 1.9661e-01 0.0000e+00
756 0.0000e+00 0.0000e+00 1.7386e-04 1.4895e-07 1.7386e-04 1.9679e-01 0.0000e+00
757 0.0000e+00 0.0000e+00 1.7291e-04 1.3638e-07 1.7291e-04 1.9696e-01 0.0000e+00
758 0.0000e+00 0.0000e+00 1.7198e-04 1.2489e-07 1.7198e-04 1.9713e-01 0.0000e+00
759 0.0000e+00 0.0000e+00 1.7106e-04 1.1439e-07 1.7106e-04 1.9730e-01 0.0000e+00
760 0.0000e+00 0.0000e+00 1.7015e-04 1.0478e-07 1.7015e-04 1.9747e-01 0.0000e+00
761 0.0000e+00 0.0000e+00 1.6925e-04 9.6006e-08 1.6925e-04 1.9764e-01 0.0000e+00
762 0.0000e+00 0.0000e+00 1.6836e-04 8.7978e-08 1.6836e-04 1.9781e-01 0.0000e+00
763 0.0000e+00 0.0000e+00 1.6747e-04 8.0635e-08 1.6747e-04 1.9798e-01 0.0000e+00
764 0.0000e+00 0.0000e+00 1.6660e-04 7.3918e-08 1.6660e-04 1.9814e-01 0.0000e+00
765 0.0000e+00 9.6700e-05 1.6574e-04 6.6231e-08 1.6574e-04 1.9831e-01 0.0000e+00
766 0.0000e+00 1.8660e-04 1.6488e-04 6.0774e-08 1.6488e-04 1.9848e-01 0.0000e+00
767 0.0000e+00 2.6400e-04 1.6403e-04 5.5775e-08 1.6403e-04 1.9864e-01 0.0000e+00
768 0.0000e+00 3.2330e-04 1.6319e-04 5.1195e-08 1.6319e-04 1.9880e-01 0.0000e+00
769 0.0000e+00 3.5770e-04 1.6236e-04 4.6997e-08 1.6236e-04 1.9896e-01 0.0000e+00
770 0.0000e+00 3.7350e-04 1.6154e-04 4.3150e-08 1.6154e-04 1.9913e-01 0.0000e+00
771 0.0000e+00 3.5770e-04 1.6073e-04 3.9623e-08 1.6073e-04 1.9929e-01 0.0000e+00
772 0.0000e+00 3.2330e-04 1.5992e-04 3.6390e-08 1.5992e-04 1.9945e-01 0.0000e+00
773 0.0000e+00 2.6400e-04 1.5913e-04 3.3424e-08 1.5913e-04 1.9961e-01 0.0000e+00
774 0.0000e+00 1.8660e-04 1.5834e-04 3.0705e-08 1.5834e-04 1.9976e-01 0.0000e+00
775 0.0000e+00 9.0400e-05 1.5756e-04 2.8211e-08 1.5756e-04 1.9992e-01 0.0000e+00
776 0.0000e+00 0.0000e+00 1.5678e-04 2.5923e-08 1.5678e-04 2.0008e-01 0.0000e+00
777 0.0000e+00 0.0000e+00 1.5602e-04 2.2036e-08 1.5602e-04 2.0023e-01 0.0000e+00
778 0.0000e+00 0.0000e+00 1.5526e-04 2.0285e-08 1.5526e-04 2.0039e-01 0.0000e+00
779 0.0000e+00 0.0000e+00 1.5451e-04 1.8674e-08 1.5451e-04 2.0054e-01 0.0000e+00
780 0.0000e+00 0.0000e+00 1.5376e-04 1.7194e-08 1.5376e-04 2.0070e-01 0.0000e+00
781 0.0000e+00 0.0000e+00 1.5303e-04 1.5832e-08 1.5303e-04 2.0085e-01 0.0000e+00
782 0.0000e+00 0.0000e+00 1.5230e-04 1.4580e-08 1.5230e-04 2.0100e-01 0.0000e+00
783 0.0000e+00 0.0000e+00 1.5157e-04 1.3428e-08 1.5157e-04 2.0115e-01 0.0000e+00
784 0.0000e+00 0.0000e+00 1.5086e-04 1.2368e-08 1.5086e-04 2.0131e-01 0.0000e+00
785 0.0000e+00 0.0000e+00 1.5015e-04 1.1393e-08 1.5015e-04 2.0146e-01 0.0000e+00
786 0.0000e+00 0.0000e+00 1.4944e-04 1.0497e-08 1.4944e-04 2.0161e-01 0.0000e+00
787 0.0000e+00 0.0000e+00 1.4875e-04 9.6712e-09 1.4875e-04 2.0175e-01 0.0000e+00
788 0.0000e+00 0.0000e+00 1.4806e-04 7.2306e-09 1.4806e-04 2.0190e-01 0.0000e+00
789 0.0000e+00 1.2590e-04 1.4737e-04 6.6801e-09 1.4737e-04 2.0205e-01 0.0000e+00
790 0.0000e+00 2.4290e-04 1.4670e-04 6.1720e-09 1.4670e-04 2.0220e-01 0.0000e+00
791 0.0000e+00 3.4370e-04 1.4603e-04 5.7029e-09 1.4603e-04 2.0234e-01 0.0000e+00
792 0.0000e+00 4.2090e-04 1.4536e-04 5.2699e-09 1.4536e-04 2.0249e-01 0.0000e+00
793 0.0000e+00 4.6560e-04 1.4470e-04 4.8701e-09 1.4470e-04 2.0263e-01 0.0000e+00
794 0.0000e+00 4.8620e-04 1.4405e-04 4.5010e-09 1.4405e-04 2.0278e-01 0.0000e+00
795 0.0000e+00 4.6560e-04 1.4340e-04 4.1601e-09 1.4340e-04 2.0292e-01 0.0000e+00
796 0.0000e+00 4.2090e-04 1.4276e-04 3.8454e-09 1.4276e-04 2.0306e-01 0.0000e+00
797 0.0000e+00 3.4370e-04 1.4213e-04 3.5547e-09 1.4213e-04 2.0320e-01 0.0000e+00
798 0.0000e+00 2.4290e-04 1.4150e-04 3.2862e-09 1.4150e-04 2.0335e-01 0.0000e+00
799 0.0000e+00 1.1760e-04 1.4087e-04 3.0382e-09 1.4087e-04 2.0349e-01 0.0000e+00
800 0.0000e+00 0.0000e+00 1.4025e-04 1.7778e-09 1.4025e-04 2.0363e-01 0.0000e+00
801 0.0000e+00 0.0000e+00 1.3964e-04 1.6492e-09 1.3964e-04 2.0377e-01 0.0000e+00
802 0.0000e+00 0.0000e+00 1.3903e-04 1.5301e-09 1.3903e-04 2.0391e-01 0.0000e+00
803 0.0000e+00 0.0000e+00 1.3843e-04 1.4196e-09 1.3843e-04 2.0404e-01 0.0000e+00
804 0.0000e+00 0.0000e+00 1.3783e-04 1.3172e-09 1.3783e-04 2.0418e-01 0.0000e+00
805 0.0000e+00 0.0000e+00 1.3724e-04 1.2222e-09 1.3724e-04 2.0432e-01 0.0000e+00
806 0.0000e+00 0.0000e+00 1.3665e-04 1.1341e-09 1.3665e-04 2.0446e-01 0.0000e+00
807 0.0000e+00 0.0000e+00 1.3607e-04 1.0525e-09 1.3607e-04 2.0459e-01 0.0000e+00
808 0.0000e+00 0.0000e+00 1.3549e-04 9.7674e-10 1.3549e-04 2.0473e-01 0.0000e+00
809 0.0000e+00 0.0000e+00 1.3492e-04 9.0650e-10 1.3492e-04 2.0486e-01 0.0000e+00
810 0.0000e+00 0.0000e+00 1.3435e-04 8.4135e-10 1.3435e-04 2.0500e-01 0.0000e+00
811 0.0000e+00 0.0000e+00 1.3379e-04 7.8092e-10 1.3379e-04 2.0513e-01 0.0000e+00
812 0.0000e+00 0.0000e+00 1.3323e-04 2.9161e-10 1.3323e-04 2.0526e-01 0.0000e+00
813 0.0000e+00 3.0400e-05 1.3268e-04 2.7170e-10 1.3268e-04 2.0540e-01 0.0000e+00
814 0.0000e+00 5.8700e-05 1.3213e-04 2.5315e-10 1.3213e-04 2.0553e-01 0.0000e+00
815 0.0000e+00 8.3100e-05 1.3158e-04 2.3588e-10 1.3158e-04 2.0566e-01 0.0000e+00
816 0.0000e+00 1.0180e-04 1.3104e-04 2.1980e-10 1.3104e-04 2.0579e-01 0.0000e+00
817 0.0000e+00 1.1260e-04 1.3051e-04 2.0482e-10 1.3051e-04 2.0592e-01 0.0000e+00
818 0.0000e+00 1.1760e-04 1.2998e-04 1.9087e-10 1.2998e-04 2.0605e-01 0.0000e+00
819 0.0000e+00 1.1260e-04 1.2945e-04 1.7787e-10 1.2945e-04 2.0618e-01 0.0000e+00
820 0.0000e+00 1.0180e-04 1.2893e-04 1.6577e-10 1.2893e-04 2.0631e-01 0.0000e+00
821 0.0000e+00 8.3100e-05 1.2841e-04 1.5450e-10 1.2841e-04 2.0644e-01 0.0000e+00
822 0.0000e+00 5.8700e-05 1.2790e-04 1.4399e-10 1.2790e-04 2.0657e-01 0.0000e+00
823 0.0000e+00 2.8400e-05 1.2739e-04 1.3421e-10 1.2739e-04 2.0669e-01 0.0000e+00
824 0.0000e+00 0.0000e+00 1.2688e-04 1.8214e-11 1.2688e-04 2.0682e-01 0.0000e+00
825 0.0000e+00 0.0000e+00 1.2638e-04 1.7046e-11 1.2638e-04 2.0695e-01 0.0000e+00
826 0.0000e+00 0.0000e+00 1.2588e-04 1.5954e-11 1.2588e-04 2.0707e-01 0.0000e+00
827 0.0000e+00 0.0000e+00 1.2538e-04 1.4932e-11 1.2538e-04 2.0720e-01 0.0000e+00
828 0.0000e+00 0.0000e+00 1.2489e-04 1.3977e-11 1.2489e-04 2.0732e-01 0.0000e+00
829 0.0000e+00 0.0000e+00 1.2441e-04 1.3082e-11 1.2441e-04 2.0745e-01 0.0000e+00
830 0.0000e+00 0.0000e+00 1.2393e-04 1.2245e-11 1.2393e-04 2.0757e-01 0.0000e+00
831 0.0000e+00 0.0000e+00 1.2345e-04 1.1463e-11 1.2345e-04 2.0769e-01 0.0000e+00
832 0.0000e+00 0.0000e+00 1.2297e-04 1.0730e-11 1.2297e-04 2.0782e-01 0.0000e+00
833 0.0000e+00 0.0000e+00 1.2250e-04 1.0045e-11 1.2250e-04 2.0794e-01 0.0000e+00
834 0.0000e+00 0.0000e+00 1.2203e-04 9.4031e-12 1.2203e-04 2.0806e-01 0.0000e+00
835 0.0000e+00 0.0000e+00 1.2157e-04 8.8029e-12 1.2157e-04 2.0818e-01 0.0000e+00
836 0.0000e+00 0.0000e+00 1.2111e-04 8.2412e-12 1.2111e-04 2.0830e-01 0.0000e+00
837 0.0000e+00 6.6100e-05 1.2065e-04 0.0000e+00 1.2065e-04 2.0843e-01 0.0000e+00
838 0.0000e+00 1.2750e-04 1.2019e-04 0.0000e+00 1.2019e-04 2.0855e-01 0.0000e+00
839 0.0000e+00 1.8040e-04 1.1974e-04 0.0000e+00 1.1974e-04 2.0867e-01 0.0000e+00
840 0.0000e+00 2.2090e-04 1.1930e-04 0.0000e+00 1.1930e-04 2.0878e-01 0.0000e+00
841 0.0000e+00 2.4430e-04 1.1885e-04 0.0000e+00 1.1885e-04 2.0890e-01 0.0000e+00
842 0.0000e+00 2.5510e-04 1.1841e-04 0.0000e+00 1.1841e-04 2.0902e-01 0.0000e+00
843 0.0000e+00 2.4430e-04 1.1797e-04 0.0000e+00 1.1797e-04 2.0914e-01 0.0000e+00
844 0.0000e+00 2.2090e-04 1.1754e-04 0.0000e+00 1.1754e-04 2.0926e-01 0.0000e+00
845 0.0000e+00 1.8040e-04 1.1711e-04 0.0000e+00 1.1711e-04 2.0937e-01 0.0000e+00
846 0.0000e+00 1.2750e-04 1.1668e-04 0.0000e+00 1.1668e-04 2.0949e-01 0.0000e+00
847 0.0000e+00 6.1700e-05 1.1626e-04 0.0000e+00 1.1626e-04 2.0961e-01 0.0000e+00
848 0.0000e+00 0.0000e+00 1.1584e-04 0.0000e+00 1.1584e-04 2.0972e-01 0.0000e+00
849 0.0000e+00 0.0000e+00 1.1542e-04 0.0000e+00 1.1542e-04 2.0984e-01 0.0000e+00
850 0.0000e+00 0.0000e+00 1.1500e-04 0.0000e+00 1.1500e-04 2.0995e-01 0.0000e+00
851 0.0000e+00 0.0000e+00 1.1459e-04 0.0000e+00 1.1459e-04 2.1007e-01 0.0000e+00
852 0.0000e+00 0.0000e+00 1.1418e-04 0.0000e+00 1.1418e-04 2.1018e-01 0.0000e+00
853 0.0000e+00 0.0000e+00 1.1377e-04 0.0000e+00 1.1377e-04 2.1030e-01 0.0000e+00
854 0.0000e+00 0.0000e+00 1.1337e-04 0.0000e+00 1.1337e-04 2.1041e-01 0.0000e+00
855 0.0000e+00 0.0000e+00 1.1297e-04 0.0000e+00 1.1297e-04 2.1052e-01 0.0000e+00
856 0.0000e+00 0.0000e+00 1.1257e-04 0.0000e+00 1.1257e-04 2.1064e-01 0.0000e+00
857 0.0000e+00 0.0000e+00 1.1217e-04 0.0000e+00 1.1217e-04 2.1075e-01 0.0000e+00
858 0.0000e+00 0.0000e+00 1.1178e-04 0.0000e+00 1.1178e-04 2.1086e-01 0.0000e+00
859 0.0000e+00 0.0000e+00 1.1139e-04 0.0000e+00 1.1139e-04 2.1097e-01 0.0000e+00
860 0.0000e+00 0.0000e+00 1.1101e-04 0.0000e+00 1.1101e-04 2.1108e-01 0.0000e+00
861 0.0000e+00 9.7600e-05 1.1062e-04 0.0000e+00 1.1062e-04 2.1119e-01 0.0000e+00
862 0.0000e+00 1.8830e-04 1.1024e-04 0.0000e+00 1.1024e-04 2.1130e-01 0.0000e+00
863 0.0000e+00 2.6650e-04 1.0986e-04 0.0000e+00 1.0986e-04 2.1141e-01 0.0000e+00
864 0.0000e+00 3.2630e-04 1.0948e-04 0.0000e+00 1.0948e-04 2.1152e-01 0.0000e+00
865 0.0000e+00 3.6100e-04 1.0911e-04 0.0000e+00 1.0911e-04 2.1163e-01 0.0000e+00
866 0.0000e+00 3.7690e-04 1.0874e-04 0.0000e+00 1.0874e-04 2.1174e-01 0.0000e+00
867 0.0000e+00 3.6100e-04 1.0837e-04 0.0000e+00 1.0837e-04 2.1185e-01 0.0000e+00
868 0.0000e+00 3.2630e-04 1.0800e-04 0.0000e+00 1.0800e-04 2.1196e-01 0.0000e+00
869 0.0000e+00 2.6650e-04 1.0764e-04 0.0000e+00 1.0764e-04 2.1206e-01 0.0000e+00
870 0.0000e+00 1.8830e-04 1.0728e-04 0.0000e+00 1.0728e-04 2.1217e-01 0.0000e+00
871 0.0000e+00 9.1200e-05 1.0692e-04 0.0000e+00 1.0692e-04 2.1228e-01 0.0000e+00
872 0.0000e+00 0.0000e+00 1.0656e-04 0.0000e+00 1.0656e-04 2.1238e-01 0.0000e+00
873 0.0000e+00 0.0000e+00 1.0621e-04 0.0000e+00 1.0621e-04 2.1249e-01 0.0000e+00
874 0.0000e+00 0.0000e+00 1.0586e-04 0.0000e+00 1.0586e-04 2.1260e-01 0.0000e+00
875 0.0000e+00 0.0000e+00 1.0551e-04 0.0000e+00 1.0551e-04 2.1270e-01 0.0000e+00
876 0.0000e+00 0.0000e+00 1.0516e-04 0.0000e+00 1.0516e-04 2.1281e-01 0.0000e+00
877 0.0000e+00 0.0000e+00 1.0481e-04 0.0000e+00 1.0481e-04 2.1291e-01 0.0000e+00
878 0.0000e+00 0.0000e+00 1.0447e-04 0.0000e+00 1.0447e-04 2.1302e-01 0.0000e+00
879 0.0000e+00 0.0000e+00 1.0413e-04 0.0000e+00 1.0413e-04 2.1312e-01 0.0000e+00
880 0.0000e+00 0.0000e+00 1.0379e-04 0.0000e+00 1.0379e-04 2.1322e-01 0.0000e+00
881 0.0000e+00 0.0000e+00 1.0346e-04 0.0000e+00 1.0346e-04 2.1333e-01 0.0000e+00
882 0.0000e+00 0.0000e+00 1.0312e-04 0.0000e+00 1.0312e-04 2.1343e-01 0.0000e+00
883 0.0000e+00 0.0000e+00 1.0279e-04 0.0000e+00 1.0279e-04 2.1353e-01 0.0000e+00
884 0.0000e+00 0.0000e+00 1.0246e-04 0.0000e+00 1.0246e-04 2.1364e-01 0.0000e+00
885 0.0000e+00 6.4300e-05 1.0213e-04 0.0000e+00 1.0213e-04 2.1374e-01 0.0000e+00
886 0.0000e+00 1.2410e-04 1.0181e-04 0.0000e+00 1.0181e-04 2.1384e-01 0.0000e+00
887 0.0000e+00 1.7560e-04 1.0148e-04 0.0000e+00 1.0148e-04 2.1394e-01 0.0000e+00
888 0.0000e+00 2.1500e-04 1.0116e-04 0.0000e+00 1.0116e-04 2.1404e-01 0.0000e+00
889 0.0000e+00 2.3790e-04 1.0084e-04 0.0000e+00 1.0084e-04 2.1414e-01 0.0000e+00
890 0.0000e+00 2.4840e-04 1.0053e-04 0.0000e+00 1.0053e-04 2.1424e-01 0.0000e+00
891 0.0000e+00 2.3790e-04 1.0021e-04 0.0000e+00 1.0021e-04 2.1434e-01 0.0000e+00
892 0.0000e+00 2.1500e-04 9.9898e-05 0.0000e+00 9.9898e-05 2.1444e-01 0.0000e+00
893 0.0000e+00 1.7560e-04 9.9586e-05 0.0000e+00 9.9586e-05 2.1454e-01 0.0000e+00
894 0.0000e+00 1.2410e-04 9.9277e-05 0.0000e+00 9.9277e-05 2.1464e-01 0.0000e+00
895 0.0000e+00 6.0100e-05 9.8969e-05 0.0000e+00 9.8969e-05 2.1474e-01 0.0000e+00
896 0.0000e+00 0.0000e+00 9.8664e-05 0.0000e+00 9.8664e-05 2.1484e-01 0.0000e+00
897 0.0000e+00 0.0000e+00 9.8360e-05 0.0000e+00 9.8360e-05 2.1494e-01 0.0000e+00
898 0.0000e+00 0.0000e+00 9.8058e-05 0.0000e+00 9.8058e-05 2.1504e-01 0.0000e+00
899 0.0000e+00 0.0000e+00 9.7758e-05 0.0000e+00 9.7758e-05 2.1514e-01 0.0000e+00
900 0.0000e+00 0.0000e+00 9.7460e-05 0.0000e+00 9.7460e-05 2.1523e-01 0.0000e+00
901 0.0000e+00 0.0000e+00 9.7164e-05 0.0000e+00 9.7164e-05 2.1533e-01 0.0000e+00
902 0.0000e+00 0.0000e+00 9.6869e-05 0.0000e+00 9.6869e-05 2.1543e-01 0.0000e+00
903 0.0000e+00 0.0000e+00 9.6576e-05 0.0000e+00 9.6576e-05 2.1552e-01 0.0000e+00
904 0.0000e+00 0.0000e+00 9.6285e-05 0.0000e+00 9.6285e-05 2.1562e-01 0.0000e+00
905 0.0000e+00 0.0000e+00 9.5996e-05 0.0000e+00 9.5996e-05 2.1572e-01 0.0000e+00
906 0.0000e+00 0.0000e+00 9.5708e-05 0.0000e+00 9.5708e-05 2.1581e-01 0.0000e+00
907 0.0000e+00 0.0000e+00 9.5423e-05 0.0000e+00 9.5423e-05 2.1591e-01 0.0000e+00
908 0.0000e+00 0.0000e+00 9.5138e-05 0.0000e+00 9.5138e-05 2.1600e-01 0.0000e+00
909 0.0000e+00 8.0200e-05 9.4856e-05 0.0000e+00 9.4856e-05 2.1610e-01 0.0000e+00
910 0.0000e+00 1.5480e-04 9.4575e-05 0.0000e+00 9.4575e-05 2.1619e-01 0.0000e+00
911 0.0000e+00 2.1910e-04 9.4296e-05 0.0000e+00 9.4296e-05 2.1629e-01 0.0000e+00
912 0.0000e+00 2.6830e-04 9.4019e-05 0.0000e+00 9.4019e-05 2.1638e-01 0.0000e+00
913 0.0000e+00 2.9680e-04 9.3743e-05 0.0000e+00 9.3743e-05 2.1647e-01 0.0000e+00
914 0.0000e+00 3.0990e-04 9.3469e-05 0.0000e+00 9.3469e-05 2.1657e-01 0.0000e+00
915 0.0000e+00 2.9680e-04 9.3196e-05 0.0000e+00 9.3196e-05 2.1666e-01 0.0000e+00
916 0.0000e+00 2.6830e-04 9.2925e-05 0.0000e+00 9.2925e-05 2.1675e-01 0.0000e+00
917 0.0000e+00 2.1910e-04 9.2655e-05 0.0000e+00 9.2655e-05 2.1685e-01 0.0000e+00
918 0.0000e+00 1.5480e-04 9.2388e-05 0.0000e+00 9.2388e-05 2.1694e-01 0.0000e+00
919 0.0000e+00 7.5000e-05 9.2121e-05 0.0000e+00 9.2121e-05 2.1703e-01 0.0000e+00
920 0.0000e+00 0.0000e+00 9.1856e-05 0.0000e+00 9.1856e-05 2.1712e-01 0.0000e+00
921 0.0000e+00 0.0000e+00 9.1593e-05 0.0000e+00 9.1593e-05 2.1721e-01 0.0000e+00
922 0.0000e+00 0.0000e+00 9.1331e-05 0.0000e+00 9.1331e-05 2.1730e-01 0.0000e+00
923 0.0000e+00 0.0000e+00 9.1071e-05 0.0000e+00 9.1071e-05 2.1740e-01 0.0000e+00
924 0.0000e+00 0.0000e+00 9.0812e-05 0.0000e+00 9.0812e-05 2.1749e-01 0.0000e+00
925 0.0000e+00 0.0000e+00 9.0555e-05 0.0000e+00 9.0555e-05 2.1758e-01 0.0000e+00
926 0.0000e+00 0.0000e+00 9.0299e-05 0.0000e+00 9.0299e-05 2.1767e-01 0.0000e+00
927 0.0000e+00 0.0000e+00 9.0045e-05 0.0000e+00 9.0045e-05 2.1776e-01 0.0000e+00
928 0.0000e+00 0.0000e+00 8.9792e-05 0.0000e+00 8.9792e-05 2.1785e-01 0.0000e+00
929 0.0000e+00 0.0000e+00 8.9540e-05 0.0000e+00 8.9540e-05 2.1794e-01 0.0000e+00
930 0.0000e+00 0.0000e+00 8.9290e-05 0.0000e+00 8.9290e-05 2.1803e-01 0.0000e+00
931 0.0000e+00 0.0000e+00 8.9041e-05 0.0000e+00 8.9041e-05 2.1812e-01 0.0000e+00
932 0.0000e+00 0.0000e+00 8.8794e-05 0.0000e+00 8.8794e-05 2.1820e-01 0.0000e+00
933 0.0000e+00 9.6000e-05 8.8547e-05 0.0000e+00 8.8547e-05 2.1829e-01 0.0000e+00
934 0.0000e+00 1.8520e-04 8.8303e-05 0.0000e+00 8.8303e-05 2.1838e-01 0.0000e+00
935 0.0000e+00 2.6210e-04 8.8059e-05 0.0000e+00 8.8059e-05 2.1847e-01 0.0000e+00
936 0.0000e+00 3.2090e-04 8.7817e-05 0.0000e+00 8.7817e-05 2.1856e-01 0.0000e+00
937 0.0000e+00 3.5500e-04 8.7577e-05 0.0000e+00 8.7577e-05 2.1864e-01 0.0000e+00
938 0.0000e+00 3.7070e-04 8.7337e-05 0.0000e+00 8.7337e-05 2.1873e-01 0.0000e+00
939 0.0000e+00 3.5500e-04 8.7099e-05 0.0000e+00 8.7099e-05 2.1882e-01 0.0000e+00
940 0.0000e+00 3.2090e-04 8.6863e-05 0.0000e+00 8.6863e-05 2.1891e-01 0.0000e+00
941 0.0000e+00 2.6210e-04 8.6627e-05 0.0000e+00 8.6627e-05 2.1899e-01 0.0000e+00
942 0.0000e+00 1.8520e-04 8.6393e-05 0.0000e+00 8.6393e-05 2.1908e-01 0.0000e+00
943 0.0000e+00 8.9700e-05 8.6160e-05 0.0000e+00 8.6160e-05 2.1916e-01 0.0000e+00
944 0.0000e+00 0.0000e+00 8.5928e-05 0.0000e+00 8.5928e-05 2.1925e-01 0.0000e+00
945 0.0000e+00 0.0000e+00 8.5698e-05 0.0000e+00 8.5698e-05 2.1934e-01 0.0000e+00
946 0.0000e+00 0.0000e+00 8.5469e-05 0.0000e+00 8.5469e-05 2.1942e-01 0.0000e+00
947 0.0000e+00 0.0000e+00 8.5241e-05 0.0000e+00 8.5241e-05 2.1951e-01 0.0000e+00
948 0.0000e+00 0.0000e+00 8.5014e-05 0.0000e+00 8.5014e-05 2.1959e-01 0.0000e+00
949 0.0000e+00 0.0000e+00 8.4788e-05 0.0000e+00 8.4788e-05 2.1968e-01 0.0000e+00
950 0.0000e+00 0.0000e+00 8.4564e-05 0.0000e+00 8.4564e-05 2.1976e-01 0.0000e+00
Objective function values:
F1 1.305151e-06    NSE 0.77564   F2 2.628624e-02
Mean Obs Q 1.590065e-04   Variance Obs Q 6.123405e-09
    Error Variance 1.373843e-09

Water Balance for Subcatchment: Extracted study basin: Taegu Pyungkwang River

   SUMP       SUMAE      SUMQ       SUMRZ      SUMUZ      SBAR        BAL
1.890e-01  4.620e-02  1.276e-01  1.957e-02  0.000e+00  2.198e-01  2.563e-03
