Taegu Pyungkwang River Catchment: Calibration Data

Subcatchment : Extracted study basin: cat-10219

TL =     8.29
SUMAC =     1.00
SZQ =       0.03737
Subcatchment routing data:
Maximum Routing Delay       0.69444
Sum of Histogram ordinates:     1.0000
     1.00000 
Initial BAL             -0.22722
Initial SBAR             0.22522
Initial SR0              0.00200
it      p        ep       q(it)       quz      q       sbar       qof
1 0.0000e+00 6.1900e-05 3.2800e-05 0.0000e+00 3.2800e-05 2.2526e-01 0.0000e+00
2 0.0000e+00 6.4700e-05 3.2766e-05 0.0000e+00 3.2766e-05 2.2529e-01 0.0000e+00
3 1.0000e-03 6.1900e-05 3.2733e-05 0.0000e+00 3.2733e-05 2.2532e-01 0.0000e+00
4 1.0000e-03 5.6000e-05 3.2699e-05 0.0000e+00 3.2699e-05 2.2535e-01 0.0000e+00
5 1.0000e-03 4.5700e-05 4.2399e-05 7.5781e-05 3.2666e-05 2.2531e-01 9.7330e-06
6 5.0000e-04 3.2300e-05 3.8511e-05 1.0898e-04 3.2710e-05 2.2524e-01 5.8010e-06
7 5.0000e-04 1.5600e-05 3.8760e-05 1.4101e-04 3.2788e-05 2.2513e-01 5.9721e-06
8 0.0000e+00 0.0000e+00 3.2899e-05 1.2312e-04 3.2899e-05 2.2504e-01 0.0000e+00
9 5.0000e-04 0.0000e+00 3.9177e-05 1.5790e-04 3.2992e-05 2.2491e-01 6.1853e-06
10 5.0000e-04 0.0000e+00 3.9506e-05 1.8861e-04 3.3121e-05 2.2476e-01 6.3845e-06
11 0.0000e+00 0.0000e+00 3.3282e-05 1.6605e-04 3.3282e-05 2.2462e-01 0.0000e+00
12 0.0000e+00 0.0000e+00 3.3421e-05 1.4850e-04 3.3421e-05 2.2451e-01 0.0000e+00
13 1.0000e-03 0.0000e+00 4.6310e-05 2.3324e-04 3.3541e-05 2.2431e-01 1.2769e-05
14 5.0000e-04 0.0000e+00 4.0136e-05 2.5417e-04 3.3751e-05 2.2409e-01 6.3845e-06
15 5.0000e-04 0.0000e+00 4.0369e-05 2.7489e-04 3.3984e-05 2.2385e-01 6.3845e-06
16 1.0000e-03 0.0000e+00 4.7010e-05 3.4387e-04 3.4241e-05 2.2354e-01 1.2769e-05
17 0.0000e+00 0.0000e+00 3.4574e-05 3.0280e-04 3.4574e-05 2.2327e-01 0.0000e+00
18 0.0000e+00 0.0000e+00 3.4865e-05 2.7108e-04 3.4865e-05 2.2303e-01 0.0000e+00
19 0.0000e+00 0.0000e+00 3.5124e-05 2.4358e-04 3.5124e-05 2.2283e-01 0.0000e+00
20 0.0000e+00 0.0000e+00 3.5353e-05 2.1942e-04 3.5353e-05 2.2264e-01 0.0000e+00
21 0.0000e+00 1.8000e-05 3.5557e-05 1.9803e-04 3.5557e-05 2.2248e-01 0.0000e+00
22 0.0000e+00 3.4800e-05 3.5738e-05 1.7899e-04 3.5738e-05 2.2234e-01 0.0000e+00
23 0.0000e+00 4.9200e-05 3.5898e-05 1.6198e-04 3.5898e-05 2.2221e-01 0.0000e+00
24 3.0000e-03 6.0200e-05 7.3046e-05 4.4053e-04 3.6040e-05 2.2180e-01 3.7005e-05
25 2.0000e-03 6.6600e-05 6.1268e-05 5.7683e-04 3.6499e-05 2.2126e-01 2.4769e-05
26 5.5000e-03 6.9600e-05 1.0650e-04 1.0584e-03 3.7120e-05 2.2024e-01 6.9379e-05
27 6.0000e-03 6.6600e-05 1.1405e-04 1.5257e-03 3.8324e-05 2.1876e-01 7.5725e-05
28 1.0000e-03 6.0200e-05 5.2066e-05 1.4279e-03 4.0147e-05 2.1737e-01 1.1919e-05
29 2.5000e-03 4.9200e-05 7.3080e-05 1.5243e-03 4.1927e-05 2.1589e-01 3.1154e-05
30 0.0000e+00 3.4800e-05 4.3914e-05 1.3508e-03 4.3914e-05 2.1458e-01 0.0000e+00
31 0.0000e+00 1.6800e-05 4.5745e-05 1.2102e-03 4.5745e-05 2.1341e-01 0.0000e+00
32 1.0000e-03 0.0000e+00 5.8923e-05 1.1840e-03 4.7440e-05 2.1228e-01 1.1483e-05
33 5.0000e-04 0.0000e+00 5.5540e-05 1.1125e-03 4.9156e-05 2.1121e-01 6.3845e-06
34 0.0000e+00 0.0000e+00 5.0816e-05 9.9619e-04 5.0816e-05 2.1027e-01 0.0000e+00
35 0.0000e+00 0.0000e+00 5.2340e-05 8.9626e-04 5.2340e-05 2.0943e-01 0.0000e+00
36 0.0000e+00 0.0000e+00 5.3739e-05 8.0730e-04 5.3739e-05 2.0867e-01 0.0000e+00
37 0.0000e+00 0.0000e+00 5.5019e-05 7.2777e-04 5.5019e-05 2.0800e-01 0.0000e+00
38 0.0000e+00 0.0000e+00 5.6188e-05 6.5651e-04 5.6188e-05 2.0740e-01 0.0000e+00
39 0.0000e+00 0.0000e+00 5.7252e-05 5.9256e-04 5.7252e-05 2.0686e-01 0.0000e+00
40 0.0000e+00 0.0000e+00 5.8218e-05 5.3512e-04 5.8218e-05 2.0639e-01 0.0000e+00
41 0.0000e+00 0.0000e+00 5.9092e-05 4.8347e-04 5.9092e-05 2.0596e-01 0.0000e+00
42 0.0000e+00 0.0000e+00 5.9881e-05 4.3699e-04 5.9881e-05 2.0558e-01 0.0000e+00
43 0.0000e+00 0.0000e+00 6.0591e-05 3.9514e-04 6.0591e-05 2.0525e-01 0.0000e+00
44 0.0000e+00 0.0000e+00 6.1228e-05 3.5745e-04 6.1228e-05 2.0495e-01 0.0000e+00
45 0.0000e+00 3.3800e-05 6.1797e-05 3.2347e-04 6.1797e-05 2.0469e-01 0.0000e+00
46 1.0000e-03 6.5200e-05 7.8246e-05 3.9978e-04 6.2305e-05 2.0435e-01 1.5941e-05
47 0.0000e+00 9.2300e-05 6.2965e-05 3.5346e-04 6.2965e-05 2.0406e-01 0.0000e+00
48 5.0000e-04 1.1300e-04 6.9192e-05 3.5525e-04 6.3539e-05 2.0377e-01 5.6529e-06
49 0.0000e+00 1.2500e-04 6.4121e-05 3.1676e-04 6.4121e-05 2.0352e-01 0.0000e+00
50 1.0000e-03 1.3050e-04 7.7206e-05 3.6964e-04 6.4629e-05 2.0321e-01 1.2577e-05
51 2.5000e-03 1.2500e-04 1.0434e-04 5.9120e-04 6.5248e-05 2.0269e-01 3.9094e-05
52 3.0000e-03 1.1300e-04 1.1376e-04 8.3287e-04 6.6330e-05 2.0192e-01 4.7435e-05
53 2.5000e-03 9.2300e-05 1.0732e-04 9.8752e-04 6.7938e-05 2.0100e-01 3.9383e-05
54 3.0000e-03 6.5200e-05 1.1789e-04 1.1871e-03 6.9918e-05 1.9989e-01 4.7974e-05
55 2.5000e-03 3.1600e-05 1.1257e-04 1.3088e-03 7.2403e-05 1.9865e-01 4.0172e-05
56 2.0000e-03 0.0000e+00 1.0773e-04 1.3677e-03 7.5255e-05 1.9736e-01 3.2477e-05
57 1.0000e-03 0.0000e+00 9.4856e-05 1.3125e-03 7.8357e-05 1.9612e-01 1.6499e-05
58 1.0000e-03 0.0000e+00 9.7936e-05 1.2726e-03 8.1437e-05 1.9493e-01 1.6499e-05
59 0.0000e+00 0.0000e+00 8.4526e-05 1.1205e-03 8.4526e-05 1.9390e-01 0.0000e+00
60 5.0000e-04 0.0000e+00 9.5557e-05 1.0557e-03 8.7307e-05 1.9293e-01 8.2495e-06
61 5.0000e-04 0.0000e+00 9.8239e-05 9.9548e-04 8.9990e-05 1.9202e-01 8.2495e-06
62 0.0000e+00 0.0000e+00 9.2573e-05 8.8084e-04 9.2573e-05 1.9123e-01 0.0000e+00
63 0.0000e+00 0.0000e+00 9.4881e-05 7.8477e-04 9.4881e-05 1.9054e-01 0.0000e+00
64 0.0000e+00 0.0000e+00 9.6949e-05 7.0030e-04 9.6949e-05 1.8994e-01 0.0000e+00
65 0.0000e+00 0.0000e+00 9.8794e-05 6.2564e-04 9.8794e-05 1.8941e-01 0.0000e+00
66 0.0000e+00 0.0000e+00 1.0043e-04 5.5947e-04 1.0043e-04 1.8895e-01 0.0000e+00
67 0.0000e+00 0.0000e+00 1.0189e-04 5.0070e-04 1.0189e-04 1.8856e-01 0.0000e+00
68 0.0000e+00 0.0000e+00 1.0316e-04 4.4842e-04 1.0316e-04 1.8821e-01 0.0000e+00
69 0.0000e+00 4.1400e-05 1.0428e-04 4.0187e-04 1.0428e-04 1.8791e-01 0.0000e+00
70 0.0000e+00 7.9800e-05 1.0526e-04 3.6037e-04 1.0526e-04 1.8766e-01 0.0000e+00
71 0.0000e+00 1.1290e-04 1.0610e-04 3.2334e-04 1.0610e-04 1.8744e-01 0.0000e+00
72 0.0000e+00 1.3830e-04 1.0682e-04 2.9028e-04 1.0682e-04 1.8726e-01 0.0000e+00
73 0.0000e+00 1.5300e-04 1.0744e-04 2.6075e-04 1.0744e-04 1.8710e-01 0.0000e+00
74 0.0000e+00 1.5980e-04 1.0795e-04 2.3434e-04 1.0795e-04 1.8698e-01 0.0000e+00
75 0.0000e+00 1.5300e-04 1.0838e-04 2.1072e-04 1.0838e-04 1.8687e-01 0.0000e+00
76 0.0000e+00 1.3830e-04 1.0873e-04 1.8957e-04 1.0873e-04 1.8679e-01 0.0000e+00
77 0.0000e+00 1.1290e-04 1.0900e-04 1.7064e-04 1.0900e-04 1.8673e-01 0.0000e+00
78 0.0000e+00 7.9800e-05 1.0921e-04 1.5367e-04 1.0921e-04 1.8669e-01 0.0000e+00
79 0.0000e+00 3.8700e-05 1.0936e-04 1.3845e-04 1.0936e-04 1.8666e-01 0.0000e+00
80 0.0000e+00 0.0000e+00 1.0946e-04 1.2480e-04 1.0946e-04 1.8664e-01 0.0000e+00
81 0.0000e+00 0.0000e+00 1.0952e-04 1.1255e-04 1.0952e-04 1.8664e-01 0.0000e+00
82 0.0000e+00 0.0000e+00 1.0953e-04 1.0155e-04 1.0953e-04 1.8665e-01 0.0000e+00
83 0.0000e+00 0.0000e+00 1.0950e-04 9.1660e-05 1.0950e-04 1.8667e-01 0.0000e+00
84 0.0000e+00 0.0000e+00 1.0944e-04 8.2774e-05 1.0944e-04 1.8669e-01 0.0000e+00
85 0.0000e+00 0.0000e+00 1.0935e-04 7.4781e-05 1.0935e-04 1.8673e-01 0.0000e+00
86 0.0000e+00 0.0000e+00 1.0923e-04 6.7590e-05 1.0923e-04 1.8677e-01 0.0000e+00
87 0.0000e+00 0.0000e+00 1.0909e-04 6.1115e-05 1.0909e-04 1.8682e-01 0.0000e+00
88 0.0000e+00 0.0000e+00 1.0892e-04 5.5284e-05 1.0892e-04 1.8687e-01 0.0000e+00
89 0.0000e+00 0.0000e+00 1.0874e-04 5.0030e-05 1.0874e-04 1.8693e-01 0.0000e+00
90 0.0000e+00 0.0000e+00 1.0854e-04 4.5293e-05 1.0854e-04 1.8699e-01 0.0000e+00
91 0.0000e+00 0.0000e+00 1.0833e-04 4.1020e-05 1.0833e-04 1.8706e-01 0.0000e+00
92 0.0000e+00 0.0000e+00 1.0810e-04 3.7165e-05 1.0810e-04 1.8713e-01 0.0000e+00
93 0.0000e+00 1.9100e-05 1.0786e-04 3.3685e-05 1.0786e-04 1.8720e-01 0.0000e+00
94 0.0000e+00 3.6800e-05 1.0761e-04 3.0542e-05 1.0761e-04 1.8728e-01 0.0000e+00
95 0.0000e+00 5.2100e-05 1.0735e-04 2.7703e-05 1.0735e-04 1.8736e-01 0.0000e+00
96 0.0000e+00 6.3800e-05 1.0708e-04 2.5136e-05 1.0708e-04 1.8744e-01 0.0000e+00
97 5.0000e-04 7.0600e-05 1.0681e-04 2.2816e-05 1.0681e-04 1.8753e-01 0.0000e+00
98 5.0000e-04 7.3700e-05 1.0653e-04 2.0717e-05 1.0653e-04 1.8761e-01 0.0000e+00
99 0.0000e+00 7.0600e-05 1.0624e-04 1.8817e-05 1.0624e-04 1.8770e-01 0.0000e+00
100 0.0000e+00 6.3800e-05 1.0596e-04 1.7098e-05 1.0596e-04 1.8779e-01 0.0000e+00
101 0.0000e+00 5.2100e-05 1.0566e-04 1.5540e-05 1.0566e-04 1.8788e-01 0.0000e+00
102 0.0000e+00 3.6800e-05 1.0536e-04 1.4129e-05 1.0536e-04 1.8797e-01 0.0000e+00
103 0.0000e+00 1.7800e-05 1.0506e-04 1.2851e-05 1.0506e-04 1.8806e-01 0.0000e+00
104 0.0000e+00 0.0000e+00 1.0476e-04 1.1691e-05 1.0476e-04 1.8816e-01 0.0000e+00
105 0.0000e+00 0.0000e+00 1.0446e-04 1.0639e-05 1.0446e-04 1.8825e-01 0.0000e+00
106 0.0000e+00 0.0000e+00 1.0415e-04 9.6855e-06 1.0415e-04 1.8834e-01 0.0000e+00
107 0.0000e+00 0.0000e+00 1.0384e-04 8.8198e-06 1.0384e-04 1.8844e-01 0.0000e+00
108 0.0000e+00 0.0000e+00 1.0354e-04 8.0338e-06 1.0354e-04 1.8854e-01 0.0000e+00
109 0.0000e+00 0.0000e+00 1.0323e-04 7.3200e-06 1.0323e-04 1.8863e-01 0.0000e+00
110 0.0000e+00 0.0000e+00 1.0292e-04 6.6715e-06 1.0292e-04 1.8873e-01 0.0000e+00
111 5.0000e-04 0.0000e+00 1.0261e-04 6.0821e-06 1.0261e-04 1.8882e-01 0.0000e+00
112 0.0000e+00 0.0000e+00 1.0230e-04 5.5464e-06 1.0230e-04 1.8892e-01 0.0000e+00
113 0.0000e+00 0.0000e+00 1.0199e-04 5.0592e-06 1.0199e-04 1.8902e-01 0.0000e+00
114 0.0000e+00 0.0000e+00 1.0168e-04 4.6160e-06 1.0168e-04 1.8911e-01 0.0000e+00
115 0.0000e+00 0.0000e+00 1.0138e-04 4.2128e-06 1.0138e-04 1.8921e-01 0.0000e+00
116 0.0000e+00 0.0000e+00 1.0107e-04 3.8453e-06 1.0107e-04 1.8931e-01 0.0000e+00
117 0.0000e+00 1.0200e-05 1.0076e-04 3.5112e-06 1.0076e-04 1.8941e-01 0.0000e+00
118 0.0000e+00 1.9800e-05 1.0046e-04 3.2070e-06 1.0046e-04 1.8950e-01 0.0000e+00
119 0.0000e+00 2.8000e-05 1.0015e-04 2.9299e-06 1.0015e-04 1.8960e-01 0.0000e+00
120 0.0000e+00 3.4200e-05 9.9848e-05 2.6773e-06 9.9848e-05 1.8970e-01 0.0000e+00
121 0.0000e+00 3.7900e-05 9.9545e-05 2.4471e-06 9.9545e-05 1.8980e-01 0.0000e+00
122 0.0000e+00 3.9500e-05 9.9243e-05 2.2373e-06 9.9243e-05 1.8989e-01 0.0000e+00
123 0.0000e+00 3.7900e-05 9.8943e-05 2.0459e-06 9.8943e-05 1.8999e-01 0.0000e+00
124 0.0000e+00 3.4200e-05 9.8644e-05 1.8713e-06 9.8644e-05 1.9009e-01 0.0000e+00
125 0.0000e+00 2.8000e-05 9.8346e-05 1.7120e-06 9.8346e-05 1.9018e-01 0.0000e+00
126 0.0000e+00 1.9800e-05 9.8049e-05 1.5666e-06 9.8049e-05 1.9028e-01 0.0000e+00
127 0.0000e+00 9.6000e-06 9.7754e-05 1.4331e-06 9.7754e-05 1.9038e-01 0.0000e+00
128 0.0000e+00 0.0000e+00 9.7460e-05 1.3121e-06 9.7460e-05 1.9047e-01 0.0000e+00
129 0.0000e+00 0.0000e+00 9.7168e-05 1.2015e-06 9.7168e-05 1.9057e-01 0.0000e+00
130 0.0000e+00 0.0000e+00 9.6877e-05 1.1004e-06 9.6877e-05 1.9066e-01 0.0000e+00
131 0.0000e+00 0.0000e+00 9.6587e-05 1.0081e-06 9.6587e-05 1.9076e-01 0.0000e+00
132 0.0000e+00 0.0000e+00 9.6299e-05 9.2371e-07 9.6299e-05 1.9085e-01 0.0000e+00
133 0.0000e+00 0.0000e+00 9.6013e-05 8.4655e-07 9.6013e-05 1.9095e-01 0.0000e+00
134 0.0000e+00 0.0000e+00 9.5728e-05 7.7599e-07 9.5728e-05 1.9104e-01 0.0000e+00
135 0.0000e+00 0.0000e+00 9.5444e-05 7.1145e-07 9.5444e-05 1.9114e-01 0.0000e+00
136 0.0000e+00 0.0000e+00 9.5162e-05 6.5241e-07 9.5162e-05 1.9123e-01 0.0000e+00
137 0.0000e+00 0.0000e+00 9.4881e-05 5.9838e-07 9.4881e-05 1.9133e-01 0.0000e+00
138 0.0000e+00 0.0000e+00 9.4602e-05 5.4893e-07 9.4602e-05 1.9142e-01 0.0000e+00
139 0.0000e+00 0.0000e+00 9.4325e-05 5.0273e-07 9.4325e-05 1.9152e-01 0.0000e+00
140 0.0000e+00 0.0000e+00 9.4048e-05 4.6141e-07 9.4048e-05 1.9161e-01 0.0000e+00
141 5.0000e-04 4.1400e-05 9.3774e-05 4.2356e-07 9.3774e-05 1.9170e-01 0.0000e+00
142 0.0000e+00 7.9900e-05 9.3501e-05 3.8888e-07 9.3501e-05 1.9180e-01 0.0000e+00
143 0.0000e+00 1.1300e-04 9.3229e-05 3.5710e-07 9.3229e-05 1.9189e-01 0.0000e+00
144 0.0000e+00 1.3840e-04 9.2959e-05 3.2798e-07 9.2959e-05 1.9198e-01 0.0000e+00
145 0.0000e+00 1.5310e-04 9.2690e-05 3.0128e-07 9.2690e-05 1.9207e-01 0.0000e+00
146 0.0000e+00 1.5990e-04 9.2423e-05 2.7681e-07 9.2423e-05 1.9217e-01 0.0000e+00
147 0.0000e+00 1.5310e-04 9.2157e-05 2.5436e-07 9.2157e-05 1.9226e-01 0.0000e+00
148 0.0000e+00 1.3840e-04 9.1893e-05 2.3378e-07 9.1893e-05 1.9235e-01 0.0000e+00
149 0.0000e+00 1.1300e-04 9.1630e-05 2.1489e-07 9.1630e-05 1.9244e-01 0.0000e+00
150 0.0000e+00 7.9900e-05 9.1369e-05 1.9757e-07 9.1369e-05 1.9253e-01 0.0000e+00
151 0.0000e+00 3.8700e-05 9.1109e-05 1.8048e-07 9.1109e-05 1.9262e-01 0.0000e+00
152 0.0000e+00 0.0000e+00 9.0850e-05 1.6603e-07 9.0850e-05 1.9271e-01 0.0000e+00
153 0.0000e+00 0.0000e+00 9.0593e-05 1.5275e-07 9.0593e-05 1.9280e-01 0.0000e+00
154 0.0000e+00 0.0000e+00 9.0337e-05 1.4056e-07 9.0337e-05 1.9289e-01 0.0000e+00
155 0.0000e+00 0.0000e+00 9.0083e-05 1.2936e-07 9.0083e-05 1.9298e-01 0.0000e+00
156 0.0000e+00 0.0000e+00 8.9830e-05 1.1907e-07 8.9830e-05 1.9307e-01 0.0000e+00
157 0.0000e+00 0.0000e+00 8.9579e-05 1.0961e-07 8.9579e-05 1.9316e-01 0.0000e+00
158 0.0000e+00 0.0000e+00 8.9329e-05 1.0092e-07 8.9329e-05 1.9325e-01 0.0000e+00
159 0.0000e+00 0.0000e+00 8.9080e-05 9.2931e-08 8.9080e-05 1.9334e-01 0.0000e+00
160 0.0000e+00 0.0000e+00 8.8832e-05 8.5587e-08 8.8832e-05 1.9343e-01 0.0000e+00
161 0.0000e+00 0.0000e+00 8.8586e-05 7.8833e-08 8.8586e-05 1.9352e-01 0.0000e+00
162 0.0000e+00 0.0000e+00 8.8342e-05 7.1088e-08 8.8342e-05 1.9361e-01 0.0000e+00
163 0.0000e+00 0.0000e+00 8.8098e-05 6.5539e-08 8.8098e-05 1.9369e-01 0.0000e+00
164 0.0000e+00 0.0000e+00 8.7856e-05 6.0429e-08 8.7856e-05 1.9378e-01 0.0000e+00
165 0.0000e+00 1.7800e-05 8.7616e-05 5.5725e-08 8.7616e-05 1.9387e-01 0.0000e+00
166 0.0000e+00 3.4400e-05 8.7376e-05 5.1393e-08 8.7376e-05 1.9396e-01 0.0000e+00
167 0.0000e+00 4.8600e-05 8.7138e-05 4.7402e-08 8.7138e-05 1.9404e-01 0.0000e+00
168 0.0000e+00 5.9500e-05 8.6901e-05 4.3727e-08 8.6901e-05 1.9413e-01 0.0000e+00
169 0.0000e+00 6.5900e-05 8.6666e-05 4.0341e-08 8.6666e-05 1.9422e-01 0.0000e+00
170 0.0000e+00 6.8800e-05 8.6431e-05 3.7222e-08 8.6431e-05 1.9430e-01 0.0000e+00
171 0.0000e+00 6.5900e-05 8.6198e-05 3.4348e-08 8.6198e-05 1.9439e-01 0.0000e+00
172 0.0000e+00 5.9500e-05 8.5967e-05 3.1699e-08 8.5967e-05 1.9448e-01 0.0000e+00
173 0.0000e+00 4.8600e-05 8.5736e-05 2.9258e-08 8.5736e-05 1.9456e-01 0.0000e+00
174 0.0000e+00 3.4400e-05 8.5507e-05 2.5552e-08 8.5507e-05 1.9465e-01 0.0000e+00
175 0.0000e+00 1.6600e-05 8.5279e-05 2.3617e-08 8.5279e-05 1.9473e-01 0.0000e+00
176 0.0000e+00 0.0000e+00 8.5052e-05 2.1831e-08 8.5052e-05 1.9482e-01 0.0000e+00
177 0.0000e+00 0.0000e+00 8.4826e-05 2.0181e-08 8.4826e-05 1.9490e-01 0.0000e+00
178 0.0000e+00 0.0000e+00 8.4602e-05 1.8658e-08 8.4602e-05 1.9499e-01 0.0000e+00
179 0.0000e+00 0.0000e+00 8.4378e-05 1.7251e-08 8.4378e-05 1.9507e-01 0.0000e+00
180 0.0000e+00 0.0000e+00 8.4156e-05 1.5952e-08 8.4156e-05 1.9516e-01 0.0000e+00
181 0.0000e+00 0.0000e+00 8.3935e-05 1.4751e-08 8.3935e-05 1.9524e-01 0.0000e+00
182 0.0000e+00 0.0000e+00 8.3715e-05 1.3643e-08 8.3715e-05 1.9532e-01 0.0000e+00
183 0.0000e+00 0.0000e+00 8.3497e-05 1.2618e-08 8.3497e-05 1.9541e-01 0.0000e+00
184 0.0000e+00 0.0000e+00 8.3279e-05 1.1672e-08 8.3279e-05 1.9549e-01 0.0000e+00
185 0.0000e+00 0.0000e+00 8.3063e-05 1.0797e-08 8.3063e-05 1.9557e-01 0.0000e+00
186 0.0000e+00 0.0000e+00 8.2847e-05 8.8646e-09 8.2847e-05 1.9566e-01 0.0000e+00
187 0.0000e+00 0.0000e+00 8.2633e-05 8.2162e-09 8.2633e-05 1.9574e-01 0.0000e+00
188 0.0000e+00 0.0000e+00 8.2420e-05 7.6157e-09 8.2420e-05 1.9582e-01 0.0000e+00
189 0.0000e+00 4.5600e-05 8.2208e-05 7.0595e-09 8.2208e-05 1.9590e-01 0.0000e+00
190 5.0000e-04 8.7900e-05 8.1997e-05 6.5444e-09 8.1997e-05 1.9599e-01 0.0000e+00
191 0.0000e+00 1.2440e-04 8.1787e-05 6.0672e-09 8.1787e-05 1.9607e-01 0.0000e+00
192 0.0000e+00 1.5230e-04 8.1579e-05 5.6251e-09 8.1579e-05 1.9615e-01 0.0000e+00
193 0.0000e+00 1.6850e-04 8.1371e-05 5.2156e-09 8.1371e-05 1.9623e-01 0.0000e+00
194 0.0000e+00 1.7590e-04 8.1164e-05 4.8361e-09 8.1164e-05 1.9631e-01 0.0000e+00
195 0.0000e+00 1.6850e-04 8.0959e-05 4.4846e-09 8.0959e-05 1.9639e-01 0.0000e+00
196 0.0000e+00 1.5230e-04 8.0754e-05 4.1588e-09 8.0754e-05 1.9647e-01 0.0000e+00
197 0.0000e+00 1.2440e-04 8.0551e-05 3.8569e-09 8.0551e-05 1.9655e-01 0.0000e+00
198 0.0000e+00 8.7900e-05 8.0348e-05 2.8648e-09 8.0348e-05 1.9663e-01 0.0000e+00
199 0.0000e+00 4.2600e-05 8.0147e-05 2.6631e-09 8.0147e-05 1.9671e-01 0.0000e+00
200 0.0000e+00 0.0000e+00 7.9946e-05 2.4756e-09 7.9946e-05 1.9679e-01 0.0000e+00
201 0.0000e+00 0.0000e+00 7.9747e-05 2.3015e-09 7.9747e-05 1.9687e-01 0.0000e+00
202 0.0000e+00 0.0000e+00 7.9548e-05 2.1397e-09 7.9548e-05 1.9695e-01 0.0000e+00
203 0.0000e+00 0.0000e+00 7.9351e-05 1.9894e-09 7.9351e-05 1.9703e-01 0.0000e+00
204 0.0000e+00 0.0000e+00 7.9154e-05 1.8497e-09 7.9154e-05 1.9711e-01 0.0000e+00
205 0.0000e+00 0.0000e+00 7.8959e-05 1.7199e-09 7.8959e-05 1.9719e-01 0.0000e+00
206 0.0000e+00 0.0000e+00 7.8764e-05 1.5992e-09 7.8764e-05 1.9727e-01 0.0000e+00
207 0.0000e+00 0.0000e+00 7.8570e-05 1.4871e-09 7.8570e-05 1.9735e-01 0.0000e+00
208 0.0000e+00 0.0000e+00 7.8378e-05 1.3829e-09 7.8378e-05 1.9743e-01 0.0000e+00
209 0.0000e+00 0.0000e+00 7.8186e-05 1.2861e-09 7.8186e-05 1.9750e-01 0.0000e+00
210 0.0000e+00 0.0000e+00 7.7995e-05 8.0638e-10 7.7995e-05 1.9758e-01 0.0000e+00
211 0.0000e+00 0.0000e+00 7.7805e-05 7.5187e-10 7.7805e-05 1.9766e-01 0.0000e+00
212 0.0000e+00 0.0000e+00 7.7616e-05 7.0107e-10 7.7616e-05 1.9774e-01 0.0000e+00
213 0.0000e+00 4.9000e-05 7.7428e-05 6.5372e-10 7.7428e-05 1.9782e-01 0.0000e+00
214 0.0000e+00 9.4600e-05 7.7241e-05 6.0958e-10 7.7241e-05 1.9789e-01 0.0000e+00
215 0.0000e+00 1.3380e-04 7.7055e-05 5.6845e-10 7.7055e-05 1.9797e-01 0.0000e+00
216 0.0000e+00 1.6380e-04 7.6870e-05 5.3010e-10 7.6870e-05 1.9805e-01 0.0000e+00
217 0.0000e+00 1.8130e-04 7.6685e-05 4.9435e-10 7.6685e-05 1.9812e-01 0.0000e+00
218 0.0000e+00 1.8920e-04 7.6502e-05 4.6103e-10 7.6502e-05 1.9820e-01 0.0000e+00
219 0.0000e+00 1.8130e-04 7.6319e-05 4.2997e-10 7.6319e-05 1.9828e-01 0.0000e+00
220 0.0000e+00 1.6380e-04 7.6137e-05 4.0101e-10 7.6137e-05 1.9835e-01 0.0000e+00
221 0.0000e+00 1.3380e-04 7.5956e-05 3.7401e-10 7.5956e-05 1.9843e-01 0.0000e+00
222 0.0000e+00 9.4600e-05 7.5776e-05 1.6531e-10 7.5776e-05 1.9850e-01 0.0000e+00
223 0.0000e+00 4.5800e-05 7.5597e-05 1.5464e-10 7.5597e-05 1.9858e-01 0.0000e+00
224 0.0000e+00 0.0000e+00 7.5419e-05 1.4467e-10 7.5419e-05 1.9866e-01 0.0000e+00
225 0.0000e+00 0.0000e+00 7.5241e-05 1.3534e-10 7.5241e-05 1.9873e-01 0.0000e+00
226 0.0000e+00 0.0000e+00 7.5064e-05 1.2661e-10 7.5064e-05 1.9881e-01 0.0000e+00
227 0.0000e+00 0.0000e+00 7.4888e-05 1.1845e-10 7.4888e-05 1.9888e-01 0.0000e+00
228 0.0000e+00 0.0000e+00 7.4713e-05 1.1082e-10 7.4713e-05 1.9895e-01 0.0000e+00
229 0.0000e+00 0.0000e+00 7.4539e-05 1.0368e-10 7.4539e-05 1.9903e-01 0.0000e+00
230 0.0000e+00 0.0000e+00 7.4366e-05 9.7000e-11 7.4366e-05 1.9910e-01 0.0000e+00
231 0.0000e+00 0.0000e+00 7.4193e-05 9.0755e-11 7.4193e-05 1.9918e-01 0.0000e+00
232 0.0000e+00 0.0000e+00 7.4021e-05 8.4913e-11 7.4021e-05 1.9925e-01 0.0000e+00
233 0.0000e+00 0.0000e+00 7.3850e-05 7.9449e-11 7.3850e-05 1.9933e-01 0.0000e+00
234 0.0000e+00 0.0000e+00 7.3680e-05 1.9634e-11 7.3680e-05 1.9940e-01 0.0000e+00
235 0.0000e+00 0.0000e+00 7.3511e-05 1.8426e-11 7.3511e-05 1.9947e-01 0.0000e+00
236 0.0000e+00 0.0000e+00 7.3342e-05 1.7292e-11 7.3342e-05 1.9955e-01 0.0000e+00
237 0.0000e+00 5.1700e-05 7.3174e-05 1.6228e-11 7.3174e-05 1.9962e-01 0.0000e+00
238 0.0000e+00 9.9800e-05 7.3007e-05 1.5230e-11 7.3007e-05 1.9969e-01 0.0000e+00
239 0.0000e+00 1.4120e-04 7.2841e-05 1.4293e-11 7.2841e-05 1.9977e-01 0.0000e+00
240 0.0000e+00 1.7290e-04 7.2675e-05 1.3414e-11 7.2675e-05 1.9984e-01 0.0000e+00
241 5.0000e-04 1.9130e-04 7.2510e-05 1.2590e-11 7.2510e-05 1.9991e-01 0.0000e+00
242 1.0000e-03 1.9970e-04 7.2346e-05 1.1816e-11 7.2346e-05 1.9998e-01 0.0000e+00
243 0.0000e+00 1.9130e-04 7.2183e-05 1.1090e-11 7.2183e-05 2.0006e-01 0.0000e+00
244 0.0000e+00 1.7290e-04 7.2020e-05 1.0409e-11 7.2020e-05 2.0013e-01 0.0000e+00
245 0.0000e+00 1.4120e-04 7.1858e-05 9.7694e-12 7.1858e-05 2.0020e-01 0.0000e+00
246 0.0000e+00 9.9800e-05 7.1697e-05 0.0000e+00 7.1697e-05 2.0027e-01 0.0000e+00
247 0.0000e+00 4.8300e-05 7.1536e-05 0.0000e+00 7.1536e-05 2.0034e-01 0.0000e+00
248 0.0000e+00 0.0000e+00 7.1377e-05 0.0000e+00 7.1377e-05 2.0041e-01 0.0000e+00
249 0.0000e+00 0.0000e+00 7.1218e-05 0.0000e+00 7.1218e-05 2.0048e-01 0.0000e+00
250 0.0000e+00 0.0000e+00 7.1059e-05 0.0000e+00 7.1059e-05 2.0056e-01 0.0000e+00
251 0.0000e+00 0.0000e+00 7.0902e-05 0.0000e+00 7.0902e-05 2.0063e-01 0.0000e+00
252 0.0000e+00 0.0000e+00 7.0745e-05 0.0000e+00 7.0745e-05 2.0070e-01 0.0000e+00
253 1.0000e-03 0.0000e+00 7.0588e-05 0.0000e+00 7.0588e-05 2.0077e-01 0.0000e+00
254 0.0000e+00 0.0000e+00 7.0433e-05 0.0000e+00 7.0433e-05 2.0084e-01 0.0000e+00
255 0.0000e+00 0.0000e+00 7.0278e-05 0.0000e+00 7.0278e-05 2.0091e-01 0.0000e+00
256 0.0000e+00 0.0000e+00 7.0124e-05 0.0000e+00 7.0124e-05 2.0098e-01 0.0000e+00
257 0.0000e+00 0.0000e+00 6.9970e-05 0.0000e+00 6.9970e-05 2.0105e-01 0.0000e+00
258 0.0000e+00 0.0000e+00 6.9818e-05 0.0000e+00 6.9818e-05 2.0112e-01 0.0000e+00
259 0.0000e+00 0.0000e+00 6.9665e-05 0.0000e+00 6.9665e-05 2.0119e-01 0.0000e+00
260 0.0000e+00 0.0000e+00 6.9514e-05 0.0000e+00 6.9514e-05 2.0126e-01 0.0000e+00
261 0.0000e+00 7.5200e-05 6.9363e-05 0.0000e+00 6.9363e-05 2.0133e-01 0.0000e+00
262 1.0000e-03 1.4510e-04 6.9213e-05 0.0000e+00 6.9213e-05 2.0140e-01 0.0000e+00
263 0.0000e+00 2.0520e-04 6.9063e-05 0.0000e+00 6.9063e-05 2.0147e-01 0.0000e+00
264 0.0000e+00 2.5130e-04 6.8914e-05 0.0000e+00 6.8914e-05 2.0153e-01 0.0000e+00
265 0.0000e+00 2.7800e-04 6.8766e-05 0.0000e+00 6.8766e-05 2.0160e-01 0.0000e+00
266 0.0000e+00 2.9030e-04 6.8619e-05 0.0000e+00 6.8619e-05 2.0167e-01 0.0000e+00
267 0.0000e+00 2.7800e-04 6.8472e-05 0.0000e+00 6.8472e-05 2.0174e-01 0.0000e+00
268 0.0000e+00 2.5130e-04 6.8325e-05 0.0000e+00 6.8325e-05 2.0181e-01 0.0000e+00
269 0.0000e+00 2.0520e-04 6.8180e-05 0.0000e+00 6.8180e-05 2.0188e-01 0.0000e+00
270 0.0000e+00 1.4510e-04 6.8034e-05 0.0000e+00 6.8034e-05 2.0194e-01 0.0000e+00
271 0.0000e+00 7.0200e-05 6.7890e-05 0.0000e+00 6.7890e-05 2.0201e-01 0.0000e+00
272 0.0000e+00 0.0000e+00 6.7746e-05 0.0000e+00 6.7746e-05 2.0208e-01 0.0000e+00
273 0.0000e+00 0.0000e+00 6.7603e-05 0.0000e+00 6.7603e-05 2.0215e-01 0.0000e+00
274 0.0000e+00 0.0000e+00 6.7460e-05 0.0000e+00 6.7460e-05 2.0222e-01 0.0000e+00
275 0.0000e+00 0.0000e+00 6.7318e-05 0.0000e+00 6.7318e-05 2.0228e-01 0.0000e+00
276 0.0000e+00 0.0000e+00 6.7177e-05 0.0000e+00 6.7177e-05 2.0235e-01 0.0000e+00
277 0.0000e+00 0.0000e+00 6.7036e-05 0.0000e+00 6.7036e-05 2.0242e-01 0.0000e+00
278 0.0000e+00 0.0000e+00 6.6895e-05 0.0000e+00 6.6895e-05 2.0248e-01 0.0000e+00
279 0.0000e+00 0.0000e+00 6.6756e-05 0.0000e+00 6.6756e-05 2.0255e-01 0.0000e+00
280 0.0000e+00 0.0000e+00 6.6617e-05 0.0000e+00 6.6617e-05 2.0262e-01 0.0000e+00
281 0.0000e+00 0.0000e+00 6.6478e-05 0.0000e+00 6.6478e-05 2.0268e-01 0.0000e+00
282 0.0000e+00 0.0000e+00 6.6340e-05 0.0000e+00 6.6340e-05 2.0275e-01 0.0000e+00
283 1.0000e-03 0.0000e+00 6.6203e-05 0.0000e+00 6.6203e-05 2.0282e-01 0.0000e+00
284 5.0000e-04 0.0000e+00 6.6066e-05 0.0000e+00 6.6066e-05 2.0288e-01 0.0000e+00
285 2.5000e-03 2.4400e-05 6.8577e-05 1.7991e-05 6.5930e-05 2.0293e-01 2.6476e-06
286 6.0000e-03 4.7000e-05 1.6442e-04 6.8441e-04 6.5831e-05 2.0231e-01 9.8592e-05
287 4.0000e-03 6.6500e-05 1.3234e-04 1.0082e-03 6.7116e-05 2.0137e-01 6.5221e-05
288 1.5000e-03 8.1400e-05 9.2770e-05 1.0191e-03 6.9119e-05 2.0042e-01 2.3651e-05
289 0.0000e+00 9.0100e-05 7.1202e-05 8.8347e-04 7.1202e-05 1.9961e-01 0.0000e+00
290 0.0000e+00 9.4000e-05 7.3032e-05 7.7745e-04 7.3032e-05 1.9890e-01 0.0000e+00
291 5.0000e-04 9.0100e-05 7.8534e-05 7.1499e-04 7.4658e-05 1.9826e-01 3.8768e-06
292 0.0000e+00 8.1400e-05 7.6167e-05 6.3276e-04 7.6167e-05 1.9771e-01 0.0000e+00
293 0.0000e+00 6.6500e-05 7.7503e-05 5.6260e-04 7.7503e-05 1.9722e-01 0.0000e+00
294 1.5000e-03 4.7000e-05 9.9515e-05 6.4910e-04 7.8687e-05 1.9665e-01 2.0828e-05
295 1.0000e-03 2.2800e-05 9.5826e-05 6.7891e-04 8.0102e-05 1.9605e-01 1.5724e-05
296 0.0000e+00 0.0000e+00 8.1615e-05 5.9355e-04 8.1615e-05 1.9554e-01 0.0000e+00
297 0.0000e+00 0.0000e+00 8.2931e-05 5.2645e-04 8.2931e-05 1.9510e-01 0.0000e+00
298 0.0000e+00 0.0000e+00 8.4089e-05 4.6867e-04 8.4089e-05 1.9471e-01 0.0000e+00
299 0.0000e+00 0.0000e+00 8.5105e-05 4.1813e-04 8.5105e-05 1.9438e-01 0.0000e+00
300 0.0000e+00 0.0000e+00 8.5996e-05 3.7363e-04 8.5996e-05 1.9409e-01 0.0000e+00
301 0.0000e+00 0.0000e+00 8.6772e-05 3.3429e-04 8.6772e-05 1.9384e-01 0.0000e+00
302 0.0000e+00 0.0000e+00 8.7446e-05 2.9943e-04 8.7446e-05 1.9363e-01 0.0000e+00
303 0.0000e+00 0.0000e+00 8.8027e-05 2.6845e-04 8.8027e-05 1.9345e-01 0.0000e+00
304 0.0000e+00 0.0000e+00 8.8525e-05 2.4089e-04 8.8525e-05 1.9330e-01 0.0000e+00
305 0.0000e+00 0.0000e+00 8.8947e-05 2.1632e-04 8.8947e-05 1.9317e-01 0.0000e+00
306 0.0000e+00 0.0000e+00 8.9302e-05 1.9440e-04 8.9302e-05 1.9307e-01 0.0000e+00
307 0.0000e+00 0.0000e+00 8.9596e-05 1.7483e-04 8.9596e-05 1.9298e-01 0.0000e+00
308 0.0000e+00 0.0000e+00 8.9835e-05 1.5732e-04 8.9835e-05 1.9291e-01 0.0000e+00
309 0.0000e+00 2.8800e-05 9.0025e-05 1.4165e-04 9.0025e-05 1.9286e-01 0.0000e+00
310 5.0000e-04 5.5500e-05 9.7568e-05 1.8212e-04 9.0170e-05 1.9277e-01 7.3984e-06
311 0.0000e+00 7.8500e-05 9.0429e-05 1.5778e-04 9.0429e-05 1.9270e-01 0.0000e+00
312 0.0000e+00 9.6200e-05 9.0620e-05 1.4061e-04 9.0620e-05 1.9265e-01 0.0000e+00
313 0.0000e+00 1.0640e-04 9.0762e-05 1.2575e-04 9.0762e-05 1.9262e-01 0.0000e+00
314 0.0000e+00 1.1110e-04 9.0861e-05 1.1272e-04 9.0861e-05 1.9260e-01 0.0000e+00
315 0.0000e+00 1.0640e-04 9.0923e-05 1.0120e-04 9.0923e-05 1.9259e-01 0.0000e+00
316 0.0000e+00 9.6200e-05 9.0952e-05 9.0973e-05 9.0952e-05 1.9259e-01 0.0000e+00
317 5.0000e-04 7.8500e-05 9.0952e-05 8.1871e-05 9.0952e-05 1.9260e-01 0.0000e+00
318 1.0000e-03 5.5500e-05 1.0371e-04 1.6818e-04 9.0926e-05 1.9252e-01 1.2787e-05
319 5.0000e-04 2.6900e-05 9.8480e-05 1.9456e-04 9.1146e-05 1.9242e-01 7.3338e-06
320 0.0000e+00 0.0000e+00 9.1441e-05 1.6607e-04 9.1441e-05 1.9234e-01 0.0000e+00
321 0.0000e+00 0.0000e+00 9.1655e-05 1.4621e-04 9.1655e-05 1.9229e-01 0.0000e+00
322 1.0000e-03 0.0000e+00 1.0787e-04 2.4835e-04 9.1811e-05 1.9213e-01 1.6055e-05
323 1.0000e-03 0.0000e+00 1.0876e-04 3.3030e-04 9.2261e-05 1.9189e-01 1.6499e-05
324 0.0000e+00 0.0000e+00 9.2950e-05 2.7828e-04 9.2950e-05 1.9171e-01 0.0000e+00
325 0.0000e+00 0.0000e+00 9.3490e-05 2.4396e-04 9.3490e-05 1.9156e-01 0.0000e+00
326 0.0000e+00 0.0000e+00 9.3931e-05 2.1510e-04 9.3931e-05 1.9143e-01 0.0000e+00
327 0.0000e+00 0.0000e+00 9.4287e-05 1.9043e-04 9.4287e-05 1.9134e-01 0.0000e+00
328 0.0000e+00 0.0000e+00 9.4571e-05 1.6909e-04 9.4571e-05 1.9126e-01 0.0000e+00
329 0.0000e+00 0.0000e+00 9.4791e-05 1.5050e-04 9.4791e-05 1.9121e-01 0.0000e+00
330 0.0000e+00 0.0000e+00 9.4957e-05 1.3421e-04 9.4957e-05 1.9117e-01 0.0000e+00
331 0.0000e+00 0.0000e+00 9.5073e-05 1.1988e-04 9.5073e-05 1.9114e-01 0.0000e+00
332 0.0000e+00 0.0000e+00 9.5147e-05 1.0722e-04 9.5147e-05 1.9113e-01 0.0000e+00
333 0.0000e+00 1.1200e-05 9.5183e-05 9.6015e-05 9.5183e-05 1.9113e-01 0.0000e+00
334 0.0000e+00 2.1600e-05 9.5185e-05 8.6075e-05 9.5185e-05 1.9114e-01 0.0000e+00
335 0.0000e+00 3.0600e-05 9.5158e-05 7.7240e-05 9.5158e-05 1.9116e-01 0.0000e+00
336 0.0000e+00 3.7400e-05 9.5105e-05 6.9374e-05 9.5105e-05 1.9118e-01 0.0000e+00
337 0.0000e+00 4.1400e-05 9.5028e-05 6.2362e-05 9.5028e-05 1.9122e-01 0.0000e+00
338 5.0000e-04 4.3200e-05 1.0084e-04 1.0019e-04 9.4931e-05 1.9121e-01 5.9059e-06
339 5.0000e-04 4.1400e-05 1.0248e-04 1.4105e-04 9.4947e-05 1.9117e-01 7.5368e-06
340 1.5000e-03 3.7400e-05 1.2410e-04 2.9426e-04 9.5084e-05 1.9097e-01 2.9020e-05
341 1.5000e-03 3.0600e-05 1.2579e-04 4.1974e-04 9.5678e-05 1.9064e-01 3.0108e-05
342 1.0000e-03 2.1600e-05 1.1739e-04 4.6955e-04 9.6651e-05 1.9027e-01 2.0741e-05
343 5.0000e-04 1.0500e-05 1.0802e-04 4.5920e-04 9.7784e-05 1.8991e-01 1.0236e-05
344 1.0000e-03 0.0000e+00 1.2007e-04 5.1646e-04 9.8895e-05 1.8949e-01 2.1171e-05
345 5.0000e-04 0.0000e+00 1.1089e-04 5.0492e-04 1.0019e-04 1.8909e-01 1.0698e-05
346 0.0000e+00 0.0000e+00 1.0147e-04 4.3867e-04 1.0147e-04 1.8875e-01 0.0000e+00
347 0.0000e+00 0.0000e+00 1.0254e-04 3.8573e-04 1.0254e-04 1.8846e-01 0.0000e+00
348 0.0000e+00 0.0000e+00 1.0346e-04 3.4059e-04 1.0346e-04 1.8823e-01 0.0000e+00
349 0.0000e+00 0.0000e+00 1.0423e-04 3.0164e-04 1.0423e-04 1.8803e-01 0.0000e+00
350 0.0000e+00 0.0000e+00 1.0487e-04 2.6776e-04 1.0487e-04 1.8787e-01 0.0000e+00
351 0.0000e+00 0.0000e+00 1.0541e-04 2.3813e-04 1.0541e-04 1.8773e-01 0.0000e+00
352 0.0000e+00 0.0000e+00 1.0584e-04 2.1210e-04 1.0584e-04 1.8763e-01 0.0000e+00
353 5.0000e-04 0.0000e+00 1.1689e-04 2.5028e-04 1.0620e-04 1.8748e-01 1.0698e-05
354 0.0000e+00 0.0000e+00 1.0667e-04 2.1774e-04 1.0667e-04 1.8737e-01 0.0000e+00
355 0.0000e+00 0.0000e+00 1.0705e-04 1.9286e-04 1.0705e-04 1.8729e-01 0.0000e+00
356 0.0000e+00 0.0000e+00 1.0733e-04 1.7142e-04 1.0733e-04 1.8722e-01 0.0000e+00
357 0.0000e+00 7.2300e-05 1.0755e-04 1.5274e-04 1.0755e-04 1.8718e-01 0.0000e+00
358 0.0000e+00 1.3960e-04 1.0770e-04 1.3633e-04 1.0770e-04 1.8715e-01 0.0000e+00
359 0.0000e+00 1.9750e-04 1.0780e-04 1.2186e-04 1.0780e-04 1.8714e-01 0.0000e+00
360 0.0000e+00 2.4180e-04 1.0784e-04 1.0906e-04 1.0784e-04 1.8713e-01 0.0000e+00
361 0.0000e+00 2.6750e-04 1.0785e-04 9.7701e-05 1.0785e-04 1.8714e-01 0.0000e+00
362 0.0000e+00 2.7930e-04 1.0781e-04 8.7609e-05 1.0781e-04 1.8716e-01 0.0000e+00
363 0.0000e+00 2.6750e-04 1.0775e-04 7.8627e-05 1.0775e-04 1.8719e-01 0.0000e+00
364 0.0000e+00 2.4180e-04 1.0765e-04 7.0623e-05 1.0765e-04 1.8723e-01 0.0000e+00
365 0.0000e+00 1.9750e-04 1.0752e-04 6.3480e-05 1.0752e-04 1.8727e-01 0.0000e+00
366 0.0000e+00 1.3960e-04 1.0738e-04 5.7100e-05 1.0738e-04 1.8733e-01 0.0000e+00
367 0.0000e+00 6.7600e-05 1.0721e-04 5.1395e-05 1.0721e-04 1.8738e-01 0.0000e+00
368 0.0000e+00 0.0000e+00 1.0702e-04 4.6289e-05 1.0702e-04 1.8744e-01 0.0000e+00
369 0.0000e+00 0.0000e+00 1.0682e-04 4.1715e-05 1.0682e-04 1.8751e-01 0.0000e+00
370 0.0000e+00 0.0000e+00 1.0660e-04 3.7615e-05 1.0660e-04 1.8758e-01 0.0000e+00
371 0.0000e+00 0.0000e+00 1.0637e-04 3.3936e-05 1.0637e-04 1.8765e-01 0.0000e+00
372 0.0000e+00 0.0000e+00 1.0613e-04 3.0634e-05 1.0613e-04 1.8772e-01 0.0000e+00
373 5.0000e-04 0.0000e+00 1.0588e-04 2.7668e-05 1.0588e-04 1.8780e-01 0.0000e+00
374 7.5000e-03 0.0000e+00 2.3244e-04 7.4849e-04 1.0562e-04 1.8716e-01 1.2682e-04
375 4.5000e-03 0.0000e+00 2.0404e-04 1.1543e-03 1.0776e-04 1.8611e-01 9.6279e-05
376 2.5000e-03 0.0000e+00 1.6484e-04 1.2718e-03 1.1135e-04 1.8495e-01 5.3488e-05
377 5.0000e-04 0.0000e+00 1.2616e-04 1.1444e-03 1.1546e-04 1.8392e-01 1.0698e-05
378 0.0000e+00 0.0000e+00 1.1923e-04 9.9117e-04 1.1923e-04 1.8305e-01 0.0000e+00
379 0.0000e+00 0.0000e+00 1.2253e-04 8.6678e-04 1.2253e-04 1.8231e-01 0.0000e+00
380 0.0000e+00 0.0000e+00 1.2541e-04 7.6143e-04 1.2541e-04 1.8167e-01 0.0000e+00
381 0.0000e+00 1.7400e-05 1.2793e-04 6.7093e-04 1.2793e-04 1.8113e-01 0.0000e+00
382 0.0000e+00 3.3600e-05 1.3012e-04 5.9251e-04 1.3012e-04 1.8067e-01 0.0000e+00
383 1.0000e-03 4.7500e-05 1.5231e-04 6.4692e-04 1.3201e-04 1.8015e-01 2.0304e-05
384 1.0000e-03 5.8200e-05 1.5453e-04 6.8425e-04 1.3415e-04 1.7960e-01 2.0379e-05
385 0.0000e+00 6.4300e-05 1.3648e-04 5.9043e-04 1.3648e-04 1.7915e-01 0.0000e+00
386 5.0000e-04 6.7200e-05 1.4650e-04 5.6824e-04 1.3843e-04 1.7872e-01 8.0783e-06
387 0.0000e+00 6.4300e-05 1.4030e-04 4.9622e-04 1.4030e-04 1.7836e-01 0.0000e+00
388 0.0000e+00 5.8200e-05 1.4187e-04 4.3766e-04 1.4187e-04 1.7806e-01 0.0000e+00
389 0.0000e+00 4.7500e-05 1.4319e-04 3.8717e-04 1.4319e-04 1.7782e-01 0.0000e+00
390 5.0000e-04 3.3600e-05 1.4991e-04 3.7810e-04 1.4428e-04 1.7759e-01 5.6317e-06
391 0.0000e+00 1.6300e-05 1.4534e-04 3.3145e-04 1.4534e-04 1.7740e-01 0.0000e+00
392 5.0000e-04 0.0000e+00 1.5582e-04 3.5345e-04 1.4619e-04 1.7719e-01 9.6303e-06
393 5.0000e-04 0.0000e+00 1.5783e-04 3.7318e-04 1.4714e-04 1.7697e-01 1.0698e-05
394 0.0000e+00 0.0000e+00 1.4818e-04 3.2153e-04 1.4818e-04 1.7679e-01 0.0000e+00
395 0.0000e+00 0.0000e+00 1.4898e-04 2.8285e-04 1.4898e-04 1.7666e-01 0.0000e+00
396 0.0000e+00 0.0000e+00 1.4961e-04 2.4996e-04 1.4961e-04 1.7656e-01 0.0000e+00
397 0.0000e+00 0.0000e+00 1.5008e-04 2.2148e-04 1.5008e-04 1.7649e-01 0.0000e+00
398 0.0000e+00 0.0000e+00 1.5041e-04 1.9661e-04 1.5041e-04 1.7644e-01 0.0000e+00
399 0.0000e+00 0.0000e+00 1.5063e-04 1.7481e-04 1.5063e-04 1.7642e-01 0.0000e+00
400 0.0000e+00 0.0000e+00 1.5075e-04 1.5563e-04 1.5075e-04 1.7641e-01 0.0000e+00
401 0.0000e+00 0.0000e+00 1.5077e-04 1.3872e-04 1.5077e-04 1.7643e-01 0.0000e+00
402 1.0000e-03 0.0000e+00 1.7211e-04 2.5828e-04 1.5071e-04 1.7632e-01 2.1395e-05
403 0.0000e+00 0.0000e+00 1.5122e-04 2.1268e-04 1.5122e-04 1.7626e-01 0.0000e+00
404 0.0000e+00 0.0000e+00 1.5151e-04 1.8516e-04 1.5151e-04 1.7622e-01 0.0000e+00
405 5.0000e-04 2.4600e-05 1.6237e-04 2.3004e-04 1.5167e-04 1.7614e-01 1.0698e-05
406 5.0000e-04 4.7400e-05 1.6221e-04 2.5873e-04 1.5204e-04 1.7604e-01 1.0171e-05
407 0.0000e+00 6.7100e-05 1.5255e-04 2.1882e-04 1.5255e-04 1.7597e-01 0.0000e+00
408 5.0000e-04 8.2200e-05 1.6111e-04 2.4300e-04 1.5287e-04 1.7588e-01 8.2492e-06
409 0.0000e+00 9.0900e-05 1.5330e-04 2.0709e-04 1.5330e-04 1.7583e-01 0.0000e+00
410 0.0000e+00 9.5000e-05 1.5355e-04 1.8113e-04 1.5355e-04 1.7580e-01 0.0000e+00
411 0.0000e+00 9.0900e-05 1.5369e-04 1.5930e-04 1.5369e-04 1.7579e-01 0.0000e+00
412 0.0000e+00 8.2200e-05 1.5371e-04 1.4056e-04 1.5371e-04 1.7581e-01 0.0000e+00
413 0.0000e+00 6.7100e-05 1.5365e-04 1.2433e-04 1.5365e-04 1.7584e-01 0.0000e+00
414 0.0000e+00 4.7400e-05 1.5351e-04 1.1020e-04 1.5351e-04 1.7588e-01 0.0000e+00
415 0.0000e+00 2.3000e-05 1.5330e-04 9.7844e-05 1.5330e-04 1.7594e-01 0.0000e+00
416 0.0000e+00 0.0000e+00 1.5304e-04 8.7002e-05 1.5304e-04 1.7600e-01 0.0000e+00
417 0.0000e+00 0.0000e+00 1.5272e-04 7.7464e-05 1.5272e-04 1.7608e-01 0.0000e+00
418 0.0000e+00 0.0000e+00 1.5236e-04 6.9053e-05 1.5236e-04 1.7616e-01 0.0000e+00
419 0.0000e+00 0.0000e+00 1.5197e-04 6.1622e-05 1.5197e-04 1.7625e-01 0.0000e+00
420 0.0000e+00 0.0000e+00 1.5154e-04 5.5046e-05 1.5154e-04 1.7635e-01 0.0000e+00
421 0.0000e+00 0.0000e+00 1.5108e-04 4.9218e-05 1.5108e-04 1.7645e-01 0.0000e+00
422 0.0000e+00 0.0000e+00 1.5060e-04 4.4045e-05 1.5060e-04 1.7656e-01 0.0000e+00
423 0.0000e+00 0.0000e+00 1.5010e-04 3.9449e-05 1.5010e-04 1.7667e-01 0.0000e+00
424 0.0000e+00 0.0000e+00 1.4958e-04 3.5359e-05 1.4958e-04 1.7678e-01 0.0000e+00
425 0.0000e+00 0.0000e+00 1.4905e-04 3.1717e-05 1.4905e-04 1.7690e-01 0.0000e+00
426 0.0000e+00 0.0000e+00 1.4850e-04 2.8471e-05 1.4850e-04 1.7702e-01 0.0000e+00
427 5.0000e-04 0.0000e+00 1.4795e-04 2.5574e-05 1.4795e-04 1.7714e-01 0.0000e+00
428 2.0000e-03 0.0000e+00 1.8855e-04 2.8002e-04 1.4738e-04 1.7701e-01 4.1168e-05
429 3.0000e-03 3.2600e-05 2.1218e-04 6.1797e-04 1.4800e-04 1.7654e-01 6.4186e-05
430 2.0000e-03 6.2900e-05 1.9228e-04 7.5567e-04 1.5019e-04 1.7593e-01 4.2093e-05
431 1.0000e-03 8.9000e-05 1.7310e-04 7.4806e-04 1.5305e-04 1.7534e-01 2.0050e-05
432 0.0000e+00 1.0900e-04 1.5593e-04 6.3040e-04 1.5593e-04 1.7486e-01 0.0000e+00
433 5.0000e-04 1.2060e-04 1.6472e-04 5.8626e-04 1.5826e-04 1.7443e-01 6.4655e-06
434 0.0000e+00 1.2590e-04 1.6039e-04 5.0545e-04 1.6039e-04 1.7409e-01 0.0000e+00
435 0.0000e+00 1.2060e-04 1.6213e-04 4.4095e-04 1.6213e-04 1.7381e-01 0.0000e+00
436 0.0000e+00 1.0900e-04 1.6354e-04 3.8615e-04 1.6354e-04 1.7359e-01 0.0000e+00
437 3.5000e-03 8.9000e-05 2.3736e-04 7.4880e-04 1.6469e-04 1.7300e-01 7.2670e-05
438 0.0000e+00 6.2900e-05 1.6772e-04 6.1062e-04 1.6772e-04 1.7256e-01 0.0000e+00
439 0.0000e+00 3.0500e-05 1.7006e-04 5.2870e-04 1.7006e-04 1.7220e-01 0.0000e+00
440 0.0000e+00 0.0000e+00 1.7197e-04 4.6063e-04 1.7197e-04 1.7191e-01 0.0000e+00
441 0.0000e+00 0.0000e+00 1.7353e-04 4.0302e-04 1.7353e-04 1.7168e-01 0.0000e+00
442 0.0000e+00 0.0000e+00 1.7478e-04 3.5372e-04 1.7478e-04 1.7151e-01 0.0000e+00
443 0.0000e+00 0.0000e+00 1.7576e-04 3.1122e-04 1.7576e-04 1.7137e-01 0.0000e+00
444 5.0000e-04 0.0000e+00 1.8528e-04 3.1717e-04 1.7651e-04 1.7123e-01 8.7750e-06
445 0.0000e+00 0.0000e+00 1.7728e-04 2.7531e-04 1.7728e-04 1.7113e-01 0.0000e+00
446 0.0000e+00 0.0000e+00 1.7783e-04 2.4224e-04 1.7783e-04 1.7107e-01 0.0000e+00
447 0.0000e+00 0.0000e+00 1.7819e-04 2.1370e-04 1.7819e-04 1.7103e-01 0.0000e+00
448 0.0000e+00 0.0000e+00 1.7838e-04 1.8891e-04 1.7838e-04 1.7102e-01 0.0000e+00
449 0.0000e+00 0.0000e+00 1.7844e-04 1.6728e-04 1.7844e-04 1.7103e-01 0.0000e+00
450 0.0000e+00 0.0000e+00 1.7838e-04 1.4833e-04 1.7838e-04 1.7106e-01 0.0000e+00
451 0.0000e+00 0.0000e+00 1.7821e-04 1.3169e-04 1.7821e-04 1.7111e-01 0.0000e+00
452 5.0000e-04 0.0000e+00 1.9176e-04 1.8452e-04 1.7795e-04 1.7110e-01 1.3806e-05
453 0.0000e+00 2.2400e-05 1.7799e-04 1.5604e-04 1.7799e-04 1.7112e-01 0.0000e+00
454 0.0000e+00 4.3300e-05 1.7787e-04 1.3660e-04 1.7787e-04 1.7117e-01 0.0000e+00
455 0.0000e+00 6.1200e-05 1.7764e-04 1.2019e-04 1.7764e-04 1.7122e-01 0.0000e+00
456 0.0000e+00 7.5000e-05 1.7732e-04 1.0611e-04 1.7732e-04 1.7129e-01 0.0000e+00
457 0.0000e+00 8.3000e-05 1.7693e-04 9.3929e-05 1.7693e-04 1.7138e-01 0.0000e+00
458 0.0000e+00 8.6600e-05 1.7647e-04 8.3309e-05 1.7647e-04 1.7147e-01 0.0000e+00
459 0.0000e+00 8.3000e-05 1.7596e-04 7.4012e-05 1.7596e-04 1.7157e-01 0.0000e+00
460 0.0000e+00 7.5000e-05 1.7540e-04 6.5844e-05 1.7540e-04 1.7168e-01 0.0000e+00
461 0.0000e+00 6.1200e-05 1.7480e-04 5.8649e-05 1.7480e-04 1.7180e-01 0.0000e+00
462 0.0000e+00 4.3300e-05 1.7416e-04 5.2299e-05 1.7416e-04 1.7192e-01 0.0000e+00
463 0.0000e+00 2.1000e-05 1.7350e-04 4.6683e-05 1.7350e-04 1.7205e-01 0.0000e+00
464 0.0000e+00 0.0000e+00 1.7282e-04 4.1710e-05 1.7282e-04 1.7218e-01 0.0000e+00
465 1.0000e-03 0.0000e+00 1.8089e-04 8.4719e-05 1.7211e-04 1.7226e-01 8.7854e-06
466 5.0000e-04 0.0000e+00 1.8398e-04 1.3749e-04 1.7164e-04 1.7230e-01 1.2338e-05
467 0.0000e+00 0.0000e+00 1.7146e-04 1.1188e-04 1.7146e-04 1.7236e-01 0.0000e+00
468 0.0000e+00 0.0000e+00 1.7114e-04 9.6490e-05 1.7114e-04 1.7243e-01 0.0000e+00
469 5.0000e-04 0.0000e+00 1.8188e-04 1.5300e-04 1.7074e-04 1.7245e-01 1.1142e-05
470 0.0000e+00 0.0000e+00 1.7064e-04 1.2489e-04 1.7064e-04 1.7250e-01 0.0000e+00
471 0.0000e+00 0.0000e+00 1.7040e-04 1.0805e-04 1.7040e-04 1.7256e-01 0.0000e+00
472 5.0000e-04 0.0000e+00 1.8077e-04 1.6393e-04 1.7007e-04 1.7257e-01 1.0698e-05
473 5.0000e-04 0.0000e+00 1.8073e-04 2.0370e-04 1.7004e-04 1.7253e-01 1.0698e-05
474 0.0000e+00 0.0000e+00 1.7021e-04 1.6753e-04 1.7021e-04 1.7253e-01 0.0000e+00
475 0.0000e+00 0.0000e+00 1.7020e-04 1.4481e-04 1.7020e-04 1.7256e-01 0.0000e+00
476 0.0000e+00 0.0000e+00 1.7007e-04 1.2601e-04 1.7007e-04 1.7260e-01 0.0000e+00
477 0.0000e+00 9.2000e-06 1.6983e-04 1.1018e-04 1.6983e-04 1.7266e-01 0.0000e+00
478 0.0000e+00 1.7800e-05 1.6952e-04 9.6683e-05 1.6952e-04 1.7274e-01 0.0000e+00
479 0.0000e+00 2.5200e-05 1.6913e-04 8.5085e-05 1.6913e-04 1.7282e-01 0.0000e+00
480 0.0000e+00 3.0900e-05 1.6869e-04 7.5053e-05 1.6869e-04 1.7291e-01 0.0000e+00
481 0.0000e+00 3.4200e-05 1.6819e-04 6.6334e-05 1.6819e-04 1.7302e-01 0.0000e+00
482 5.0000e-04 3.5700e-05 1.7585e-04 1.1200e-04 1.6766e-04 1.7307e-01 8.1902e-06
483 2.5000e-03 3.4200e-05 2.2821e-04 4.2517e-04 1.6737e-04 1.7281e-01 6.0844e-05
484 1.0000e-03 3.0900e-05 1.9002e-04 4.6649e-04 1.6872e-04 1.7252e-01 2.1301e-05
485 0.0000e+00 2.5200e-05 1.7030e-04 3.8466e-04 1.7030e-04 1.7230e-01 0.0000e+00
486 1.0000e-03 1.7800e-05 1.9578e-04 4.5826e-04 1.7144e-04 1.7201e-01 2.4336e-05
487 0.0000e+00 8.6000e-06 1.7299e-04 3.8395e-04 1.7299e-04 1.7180e-01 0.0000e+00
488 0.0000e+00 0.0000e+00 1.7413e-04 3.3208e-04 1.7413e-04 1.7165e-01 0.0000e+00
489 0.0000e+00 0.0000e+00 1.7499e-04 2.8887e-04 1.7499e-04 1.7153e-01 0.0000e+00
490 0.0000e+00 0.0000e+00 1.7562e-04 2.5235e-04 1.7562e-04 1.7145e-01 0.0000e+00
491 0.0000e+00 0.0000e+00 1.7604e-04 2.2116e-04 1.7604e-04 1.7141e-01 0.0000e+00
492 0.0000e+00 0.0000e+00 1.7629e-04 1.9433e-04 1.7629e-04 1.7139e-01 0.0000e+00
493 0.0000e+00 0.0000e+00 1.7639e-04 1.7113e-04 1.7639e-04 1.7140e-01 0.0000e+00
494 0.0000e+00 0.0000e+00 1.7636e-04 1.5097e-04 1.7636e-04 1.7142e-01 0.0000e+00
495 0.0000e+00 0.0000e+00 1.7622e-04 1.3341e-04 1.7622e-04 1.7147e-01 0.0000e+00
496 0.0000e+00 0.0000e+00 1.7598e-04 1.1806e-04 1.7598e-04 1.7152e-01 0.0000e+00
497 0.0000e+00 0.0000e+00 1.7566e-04 1.0461e-04 1.7566e-04 1.7159e-01 0.0000e+00
498 0.0000e+00 0.0000e+00 1.7527e-04 9.2810e-05 1.7527e-04 1.7168e-01 0.0000e+00
499 0.0000e+00 0.0000e+00 1.7482e-04 8.2434e-05 1.7482e-04 1.7177e-01 0.0000e+00
500 0.0000e+00 0.0000e+00 1.7432e-04 7.3296e-05 1.7432e-04 1.7187e-01 0.0000e+00
501 0.0000e+00 6.3800e-05 1.7377e-04 6.5236e-05 1.7377e-04 1.7198e-01 0.0000e+00
502 0.0000e+00 1.2310e-04 1.7318e-04 5.8117e-05 1.7318e-04 1.7209e-01 0.0000e+00
503 0.0000e+00 1.7420e-04 1.7256e-04 5.1821e-05 1.7256e-04 1.7221e-01 0.0000e+00
504 0.0000e+00 2.1330e-04 1.7191e-04 4.6246e-05 1.7191e-04 1.7234e-01 0.0000e+00
505 0.0000e+00 2.3600e-04 1.7124e-04 4.1305e-05 1.7124e-04 1.7247e-01 0.0000e+00
506 0.0000e+00 2.4640e-04 1.7054e-04 3.6920e-05 1.7054e-04 1.7260e-01 0.0000e+00
507 0.0000e+00 2.3600e-04 1.6983e-04 3.3026e-05 1.6983e-04 1.7274e-01 0.0000e+00
508 0.0000e+00 2.1330e-04 1.6911e-04 2.9563e-05 1.6911e-04 1.7288e-01 0.0000e+00
509 0.0000e+00 1.7420e-04 1.6837e-04 2.6482e-05 1.6837e-04 1.7302e-01 0.0000e+00
510 0.0000e+00 1.2310e-04 1.6763e-04 2.3738e-05 1.6763e-04 1.7317e-01 0.0000e+00
511 0.0000e+00 5.9600e-05 1.6687e-04 2.1292e-05 1.6687e-04 1.7331e-01 0.0000e+00
512 0.0000e+00 0.0000e+00 1.6612e-04 1.9110e-05 1.6612e-04 1.7346e-01 0.0000e+00
513 0.0000e+00 0.0000e+00 1.6535e-04 1.7162e-05 1.6535e-04 1.7361e-01 0.0000e+00
514 0.0000e+00 0.0000e+00 1.6459e-04 1.5422e-05 1.6459e-04 1.7376e-01 0.0000e+00
515 0.0000e+00 0.0000e+00 1.6383e-04 1.3866e-05 1.6383e-04 1.7391e-01 0.0000e+00
516 0.0000e+00 0.0000e+00 1.6306e-04 1.2474e-05 1.6306e-04 1.7406e-01 0.0000e+00
517 0.0000e+00 0.0000e+00 1.6229e-04 1.1227e-05 1.6229e-04 1.7421e-01 0.0000e+00
518 0.0000e+00 0.0000e+00 1.6153e-04 1.0111e-05 1.6153e-04 1.7436e-01 0.0000e+00
519 0.0000e+00 0.0000e+00 1.6077e-04 9.1094e-06 1.6077e-04 1.7451e-01 0.0000e+00
520 0.0000e+00 0.0000e+00 1.6001e-04 8.2120e-06 1.6001e-04 1.7466e-01 0.0000e+00
521 0.0000e+00 0.0000e+00 1.5925e-04 7.4065e-06 1.5925e-04 1.7481e-01 0.0000e+00
522 0.0000e+00 0.0000e+00 1.5850e-04 6.6831e-06 1.5850e-04 1.7497e-01 0.0000e+00
523 0.0000e+00 0.0000e+00 1.5775e-04 6.0332e-06 1.5775e-04 1.7512e-01 0.0000e+00
524 0.0000e+00 0.0000e+00 1.5700e-04 5.4489e-06 1.5700e-04 1.7527e-01 0.0000e+00
525 0.0000e+00 4.1700e-05 1.5626e-04 4.9234e-06 1.5626e-04 1.7542e-01 0.0000e+00
526 0.0000e+00 8.0400e-05 1.5552e-04 4.4505e-06 1.5552e-04 1.7557e-01 0.0000e+00
527 0.0000e+00 1.1380e-04 1.5479e-04 4.0247e-06 1.5479e-04 1.7572e-01 0.0000e+00
528 0.0000e+00 1.3930e-04 1.5406e-04 3.6412e-06 1.5406e-04 1.7587e-01 0.0000e+00
529 0.0000e+00 1.5420e-04 1.5334e-04 3.2955e-06 1.5334e-04 1.7602e-01 0.0000e+00
530 0.0000e+00 1.6090e-04 1.5262e-04 2.9832e-06 1.5262e-04 1.7617e-01 0.0000e+00
531 0.0000e+00 1.5420e-04 1.5191e-04 2.7022e-06 1.5191e-04 1.7632e-01 0.0000e+00
532 0.0000e+00 1.3930e-04 1.5120e-04 2.4485e-06 1.5120e-04 1.7647e-01 0.0000e+00
533 0.0000e+00 1.1380e-04 1.5050e-04 2.2195e-06 1.5050e-04 1.7662e-01 0.0000e+00
534 0.0000e+00 8.0400e-05 1.4981e-04 2.0127e-06 1.4981e-04 1.7677e-01 0.0000e+00
535 0.0000e+00 3.8900e-05 1.4911e-04 1.8257e-06 1.4911e-04 1.7691e-01 0.0000e+00
536 0.0000e+00 0.0000e+00 1.4843e-04 1.6567e-06 1.4843e-04 1.7706e-01 0.0000e+00
537 0.0000e+00 0.0000e+00 1.4775e-04 1.5039e-06 1.4775e-04 1.7721e-01 0.0000e+00
538 0.0000e+00 0.0000e+00 1.4708e-04 1.3656e-06 1.4708e-04 1.7735e-01 0.0000e+00
539 0.0000e+00 0.0000e+00 1.4641e-04 1.2405e-06 1.4641e-04 1.7750e-01 0.0000e+00
540 0.0000e+00 0.0000e+00 1.4575e-04 1.1264e-06 1.4575e-04 1.7764e-01 0.0000e+00
541 0.0000e+00 0.0000e+00 1.4509e-04 1.0239e-06 1.4509e-04 1.7779e-01 0.0000e+00
542 0.0000e+00 0.0000e+00 1.4444e-04 9.3098e-07 1.4444e-04 1.7793e-01 0.0000e+00
543 0.0000e+00 0.0000e+00 1.4379e-04 8.4678e-07 1.4379e-04 1.7807e-01 0.0000e+00
544 0.0000e+00 0.0000e+00 1.4315e-04 7.7042e-07 1.4315e-04 1.7822e-01 0.0000e+00
545 0.0000e+00 0.0000e+00 1.4251e-04 7.0116e-07 1.4251e-04 1.7836e-01 0.0000e+00
546 0.0000e+00 0.0000e+00 1.4188e-04 6.3831e-07 1.4188e-04 1.7850e-01 0.0000e+00
547 0.0000e+00 0.0000e+00 1.4126e-04 5.8126e-07 1.4126e-04 1.7864e-01 0.0000e+00
548 0.0000e+00 0.0000e+00 1.4064e-04 5.2946e-07 1.4064e-04 1.7878e-01 0.0000e+00
549 0.0000e+00 2.0700e-05 1.4003e-04 4.8241e-07 1.4003e-04 1.7892e-01 0.0000e+00
550 0.0000e+00 4.0000e-05 1.3942e-04 4.3966e-07 1.3942e-04 1.7906e-01 0.0000e+00
551 0.0000e+00 5.6600e-05 1.3881e-04 3.9983e-07 1.3881e-04 1.7920e-01 0.0000e+00
552 1.0000e-03 6.9300e-05 1.3821e-04 3.6465e-07 1.3821e-04 1.7933e-01 0.0000e+00
553 1.0000e-03 7.6600e-05 1.3762e-04 3.3265e-07 1.3762e-04 1.7947e-01 0.0000e+00
554 2.0000e-03 8.0000e-05 1.5269e-04 9.6001e-05 1.3703e-04 1.7951e-01 1.5663e-05
555 1.5000e-03 7.6600e-05 1.6724e-04 2.5973e-04 1.3685e-04 1.7939e-01 3.0381e-05
556 0.0000e+00 6.9300e-05 1.3738e-04 2.0636e-04 1.3738e-04 1.7932e-01 0.0000e+00
557 5.0000e-04 5.6600e-05 1.4526e-04 2.2198e-04 1.3768e-04 1.7924e-01 7.5783e-06
558 0.0000e+00 4.0000e-05 1.3804e-04 1.8749e-04 1.3804e-04 1.7919e-01 0.0000e+00
559 0.0000e+00 1.9400e-05 1.3825e-04 1.6229e-04 1.3825e-04 1.7916e-01 0.0000e+00
560 0.0000e+00 0.0000e+00 1.3836e-04 1.4149e-04 1.3836e-04 1.7916e-01 0.0000e+00
561 0.0000e+00 0.0000e+00 1.3837e-04 1.2392e-04 1.3837e-04 1.7917e-01 0.0000e+00
562 0.0000e+00 0.0000e+00 1.3831e-04 1.0890e-04 1.3831e-04 1.7920e-01 0.0000e+00
563 0.0000e+00 0.0000e+00 1.3818e-04 9.5955e-05 1.3818e-04 1.7925e-01 0.0000e+00
564 0.0000e+00 0.0000e+00 1.3800e-04 8.4738e-05 1.3800e-04 1.7930e-01 0.0000e+00
565 5.0000e-04 0.0000e+00 1.4599e-04 1.2526e-04 1.3777e-04 1.7931e-01 8.2176e-06
566 0.0000e+00 0.0000e+00 1.3772e-04 1.0527e-04 1.3772e-04 1.7934e-01 0.0000e+00
567 0.0000e+00 0.0000e+00 1.3758e-04 9.1837e-05 1.3758e-04 1.7939e-01 0.0000e+00
568 0.0000e+00 0.0000e+00 1.3738e-04 8.0711e-05 1.3738e-04 1.7945e-01 0.0000e+00
569 0.0000e+00 0.0000e+00 1.3714e-04 7.1216e-05 1.3714e-04 1.7951e-01 0.0000e+00
570 0.0000e+00 0.0000e+00 1.3685e-04 6.3010e-05 1.3685e-04 1.7959e-01 0.0000e+00
571 0.0000e+00 0.0000e+00 1.3654e-04 5.5866e-05 1.3654e-04 1.7967e-01 0.0000e+00
572 0.0000e+00 0.0000e+00 1.3620e-04 4.9621e-05 1.3620e-04 1.7975e-01 0.0000e+00
573 3.0000e-03 3.0500e-05 2.0001e-04 4.3530e-04 1.3583e-04 1.7945e-01 6.4186e-05
574 1.0000e-03 5.8900e-05 1.5785e-04 4.6946e-04 1.3710e-04 1.7912e-01 2.0743e-05
575 2.5000e-03 8.3300e-05 1.9076e-04 7.1061e-04 1.3854e-04 1.7855e-01 5.2228e-05
576 3.5000e-03 1.0200e-04 2.1414e-04 1.0352e-03 1.4103e-04 1.7765e-01 7.3101e-05
577 1.5000e-03 1.1290e-04 1.7494e-04 1.0392e-03 1.4503e-04 1.7676e-01 2.9911e-05
578 0.0000e+00 1.1780e-04 1.4914e-04 8.7886e-04 1.4914e-04 1.7603e-01 0.0000e+00
579 0.0000e+00 1.1290e-04 1.5258e-04 7.6144e-04 1.5258e-04 1.7542e-01 0.0000e+00
580 0.0000e+00 1.0200e-04 1.5551e-04 6.6416e-04 1.5551e-04 1.7491e-01 0.0000e+00
581 0.0000e+00 8.3300e-05 1.5800e-04 5.8152e-04 1.5800e-04 1.7449e-01 0.0000e+00
582 0.0000e+00 5.8900e-05 1.6011e-04 5.1056e-04 1.6011e-04 1.7414e-01 0.0000e+00
583 0.0000e+00 2.8500e-05 1.6187e-04 4.4925e-04 1.6187e-04 1.7385e-01 0.0000e+00
584 0.0000e+00 0.0000e+00 1.6333e-04 3.9604e-04 1.6333e-04 1.7362e-01 0.0000e+00
585 0.0000e+00 0.0000e+00 1.6452e-04 3.4968e-04 1.6452e-04 1.7343e-01 0.0000e+00
586 0.0000e+00 0.0000e+00 1.6548e-04 3.0919e-04 1.6548e-04 1.7329e-01 0.0000e+00
587 0.0000e+00 0.0000e+00 1.6622e-04 2.7373e-04 1.6622e-04 1.7318e-01 0.0000e+00
588 0.0000e+00 0.0000e+00 1.6678e-04 2.4261e-04 1.6678e-04 1.7311e-01 0.0000e+00
589 5.0000e-04 0.0000e+00 1.6718e-04 2.1527e-04 1.6718e-04 1.7306e-01 0.0000e+00
590 0.0000e+00 0.0000e+00 1.6743e-04 1.9120e-04 1.6743e-04 1.7304e-01 0.0000e+00
591 0.0000e+00 0.0000e+00 1.6755e-04 1.6998e-04 1.6755e-04 1.7303e-01 0.0000e+00
592 5.0000e-04 0.0000e+00 1.7584e-04 2.0509e-04 1.6757e-04 1.7300e-01 8.2774e-06
593 0.0000e+00 0.0000e+00 1.6776e-04 1.7449e-04 1.6776e-04 1.7299e-01 0.0000e+00
594 1.0000e-03 0.0000e+00 1.8880e-04 2.9257e-04 1.6780e-04 1.7286e-01 2.0999e-05
595 0.0000e+00 0.0000e+00 1.6845e-04 2.3896e-04 1.6845e-04 1.7279e-01 0.0000e+00
596 0.0000e+00 0.0000e+00 1.6883e-04 2.0793e-04 1.6883e-04 1.7275e-01 0.0000e+00
597 0.0000e+00 6.2600e-05 1.6903e-04 1.8203e-04 1.6903e-04 1.7274e-01 0.0000e+00
598 0.0000e+00 1.2080e-04 1.6910e-04 1.6004e-04 1.6910e-04 1.7275e-01 0.0000e+00
599 0.0000e+00 1.7090e-04 1.6905e-04 1.4115e-04 1.6905e-04 1.7278e-01 0.0000e+00
600 0.0000e+00 2.0930e-04 1.6891e-04 1.2479e-04 1.6891e-04 1.7282e-01 0.0000e+00
601 0.0000e+00 2.3150e-04 1.6867e-04 1.1055e-04 1.6867e-04 1.7288e-01 0.0000e+00
602 0.0000e+00 2.4180e-04 1.6837e-04 9.8098e-05 1.6837e-04 1.7295e-01 0.0000e+00
603 0.0000e+00 2.3150e-04 1.6800e-04 8.7175e-05 1.6800e-04 1.7303e-01 0.0000e+00
604 0.0000e+00 2.0930e-04 1.6757e-04 7.7568e-05 1.6757e-04 1.7312e-01 0.0000e+00
605 0.0000e+00 1.7090e-04 1.6710e-04 6.9100e-05 1.6710e-04 1.7322e-01 0.0000e+00
606 0.0000e+00 1.2080e-04 1.6659e-04 6.1622e-05 1.6659e-04 1.7332e-01 0.0000e+00
607 0.0000e+00 5.8500e-05 1.6605e-04 5.5007e-05 1.6605e-04 1.7344e-01 0.0000e+00
608 0.0000e+00 0.0000e+00 1.6547e-04 4.9147e-05 1.6547e-04 1.7355e-01 0.0000e+00
609 0.0000e+00 0.0000e+00 1.6487e-04 4.3950e-05 1.6487e-04 1.7367e-01 0.0000e+00
610 0.0000e+00 0.0000e+00 1.6425e-04 3.9334e-05 1.6425e-04 1.7380e-01 0.0000e+00
611 0.0000e+00 0.0000e+00 1.6361e-04 3.5230e-05 1.6361e-04 1.7393e-01 0.0000e+00
612 0.0000e+00 0.0000e+00 1.6295e-04 3.1577e-05 1.6295e-04 1.7406e-01 0.0000e+00
613 0.0000e+00 0.0000e+00 1.6229e-04 2.8323e-05 1.6229e-04 1.7419e-01 0.0000e+00
614 0.0000e+00 0.0000e+00 1.6161e-04 2.5422e-05 1.6161e-04 1.7433e-01 0.0000e+00
615 0.0000e+00 0.0000e+00 1.6092e-04 2.2832e-05 1.6092e-04 1.7447e-01 0.0000e+00
616 0.0000e+00 0.0000e+00 1.6023e-04 2.0518e-05 1.6023e-04 1.7461e-01 0.0000e+00
617 0.0000e+00 0.0000e+00 1.5953e-04 1.8451e-05 1.5953e-04 1.7475e-01 0.0000e+00
618 0.0000e+00 0.0000e+00 1.5883e-04 1.6601e-05 1.5883e-04 1.7489e-01 0.0000e+00
619 0.0000e+00 0.0000e+00 1.5813e-04 1.4946e-05 1.5813e-04 1.7503e-01 0.0000e+00
620 0.0000e+00 0.0000e+00 1.5742e-04 1.3462e-05 1.5742e-04 1.7518e-01 0.0000e+00
621 0.0000e+00 1.4200e-05 1.5671e-04 1.2133e-05 1.5671e-04 1.7532e-01 0.0000e+00
622 0.0000e+00 2.7500e-05 1.5601e-04 1.0940e-05 1.5601e-04 1.7547e-01 0.0000e+00
623 0.0000e+00 3.8900e-05 1.5530e-04 9.8693e-06 1.5530e-04 1.7561e-01 0.0000e+00
624 1.0000e-03 4.7600e-05 1.5460e-04 8.9078e-06 1.5460e-04 1.7576e-01 0.0000e+00
625 1.0000e-03 5.2700e-05 1.5555e-04 1.8512e-05 1.5389e-04 1.7589e-01 1.6542e-06
626 3.0000e-03 5.5000e-05 2.1630e-04 4.1368e-04 1.5324e-04 1.7563e-01 6.3058e-05
627 2.0000e-03 5.2700e-05 1.9611e-04 5.7848e-04 1.5450e-04 1.7521e-01 4.1614e-05
628 1.5000e-03 4.7600e-05 1.8752e-04 6.6351e-04 1.5656e-04 1.7470e-01 3.0965e-05
629 3.5000e-03 3.8900e-05 2.3560e-04 1.0153e-03 1.5906e-04 1.7384e-01 7.6547e-05
630 4.0000e-03 2.7500e-05 2.6005e-04 1.3618e-03 1.6337e-04 1.7265e-01 9.6677e-05
631 5.0000e-03 1.3300e-05 3.0272e-04 1.7908e-03 1.6961e-04 1.7103e-01 1.3312e-04
632 0.0000e+00 0.0000e+00 1.7842e-04 1.4915e-03 1.7842e-04 1.6971e-01 0.0000e+00
633 0.0000e+00 0.0000e+00 1.8589e-04 1.2878e-03 1.8589e-04 1.6861e-01 0.0000e+00
634 1.0000e-03 0.0000e+00 2.1965e-04 1.2533e-03 1.9241e-04 1.6755e-01 2.7244e-05
635 2.5000e-03 0.0000e+00 2.6792e-04 1.4260e-03 1.9889e-04 1.6632e-01 6.9028e-05
636 3.5000e-03 0.0000e+00 3.0331e-04 1.6997e-03 2.0667e-04 1.6483e-01 9.6640e-05
637 3.0000e-03 0.0000e+00 2.9937e-04 1.8549e-03 2.1654e-04 1.6319e-01 8.2834e-05
638 0.0000e+00 0.0000e+00 2.2791e-04 1.5633e-03 2.2791e-04 1.6186e-01 0.0000e+00
639 5.0000e-04 0.0000e+00 2.5143e-04 1.4233e-03 2.3762e-04 1.6067e-01 1.3806e-05
640 0.0000e+00 0.0000e+00 2.4659e-04 1.2275e-03 2.4659e-04 1.5969e-01 0.0000e+00
641 5.0000e-04 0.0000e+00 2.6807e-04 1.1419e-03 2.5427e-04 1.5880e-01 1.3806e-05
642 0.0000e+00 0.0000e+00 2.6142e-04 9.8580e-04 2.6142e-04 1.5808e-01 0.0000e+00
643 5.0000e-04 0.0000e+00 2.8121e-04 9.3471e-04 2.6741e-04 1.5741e-01 1.3806e-05
644 0.0000e+00 0.0000e+00 2.7304e-04 8.0543e-04 2.7304e-04 1.5688e-01 0.0000e+00
645 0.0000e+00 1.6900e-05 2.7762e-04 7.0209e-04 2.7762e-04 1.5645e-01 0.0000e+00
646 0.0000e+00 3.2600e-05 2.8133e-04 6.1358e-04 2.8133e-04 1.5612e-01 0.0000e+00
647 0.0000e+00 4.6100e-05 2.8426e-04 5.3712e-04 2.8426e-04 1.5587e-01 0.0000e+00
648 0.0000e+00 5.6400e-05 2.8652e-04 4.7085e-04 2.8652e-04 1.5568e-01 0.0000e+00
649 0.0000e+00 6.2400e-05 2.8818e-04 4.1326e-04 2.8818e-04 1.5556e-01 0.0000e+00
650 0.0000e+00 6.5200e-05 2.8930e-04 3.6314e-04 2.8930e-04 1.5548e-01 0.0000e+00
651 0.0000e+00 6.2400e-05 2.8997e-04 3.1946e-04 2.8997e-04 1.5545e-01 0.0000e+00
652 0.0000e+00 5.6400e-05 2.9024e-04 2.8132e-04 2.9024e-04 1.5546e-01 0.0000e+00
653 0.0000e+00 4.6100e-05 2.9016e-04 2.4799e-04 2.9016e-04 1.5551e-01 0.0000e+00
654 0.0000e+00 3.2600e-05 2.8978e-04 2.1883e-04 2.8978e-04 1.5558e-01 0.0000e+00
655 0.0000e+00 1.5800e-05 2.8913e-04 1.9328e-04 2.8913e-04 1.5567e-01 0.0000e+00
656 0.0000e+00 0.0000e+00 2.8827e-04 1.7087e-04 2.8827e-04 1.5579e-01 0.0000e+00
657 0.0000e+00 0.0000e+00 2.8721e-04 1.5120e-04 2.8721e-04 1.5593e-01 0.0000e+00
658 0.0000e+00 0.0000e+00 2.8600e-04 1.3392e-04 2.8600e-04 1.5608e-01 0.0000e+00
659 0.0000e+00 0.0000e+00 2.8464e-04 1.1871e-04 2.8464e-04 1.5624e-01 0.0000e+00
660 0.0000e+00 0.0000e+00 2.8317e-04 1.0532e-04 2.8317e-04 1.5642e-01 0.0000e+00
661 0.0000e+00 0.0000e+00 2.8160e-04 9.3522e-05 2.8160e-04 1.5661e-01 0.0000e+00
662 0.0000e+00 0.0000e+00 2.7995e-04 8.3111e-05 2.7995e-04 1.5681e-01 0.0000e+00
663 0.0000e+00 0.0000e+00 2.7823e-04 7.3917e-05 2.7823e-04 1.5701e-01 0.0000e+00
664 0.0000e+00 0.0000e+00 2.7646e-04 6.5790e-05 2.7646e-04 1.5722e-01 0.0000e+00
665 0.0000e+00 0.0000e+00 2.7465e-04 5.8602e-05 2.7465e-04 1.5744e-01 0.0000e+00
666 5.0000e-04 0.0000e+00 2.7305e-04 5.3655e-05 2.7280e-04 1.5766e-01 2.5598e-07
667 0.0000e+00 0.0000e+00 2.7094e-04 4.7615e-05 2.7094e-04 1.5788e-01 0.0000e+00
668 5.0000e-04 0.0000e+00 2.8286e-04 1.1857e-04 2.6905e-04 1.5803e-01 1.3806e-05
669 5.0000e-04 1.5300e-05 2.8160e-04 1.6873e-04 2.6779e-04 1.5813e-01 1.3806e-05
670 0.0000e+00 2.9500e-05 2.6696e-04 1.3408e-04 2.6696e-04 1.5826e-01 0.0000e+00
671 1.0000e-03 4.1700e-05 2.9223e-04 2.5879e-04 2.6586e-04 1.5827e-01 2.6375e-05
672 0.0000e+00 5.1100e-05 2.6580e-04 2.0295e-04 2.6580e-04 1.5833e-01 0.0000e+00
673 0.0000e+00 5.6500e-05 2.6528e-04 1.7175e-04 2.6528e-04 1.5843e-01 0.0000e+00
674 0.0000e+00 5.9000e-05 2.6450e-04 1.4726e-04 2.6450e-04 1.5854e-01 0.0000e+00
675 5.0000e-04 5.6500e-05 2.7160e-04 1.7128e-04 2.6353e-04 1.5864e-01 8.0631e-06
676 5.0000e-04 5.1100e-05 2.7502e-04 2.0928e-04 2.6278e-04 1.5869e-01 1.2246e-05
677 0.0000e+00 4.1700e-05 2.6234e-04 1.7115e-04 2.6234e-04 1.5878e-01 0.0000e+00
678 0.0000e+00 2.9500e-05 2.6159e-04 1.4650e-04 2.6159e-04 1.5890e-01 0.0000e+00
679 1.0000e-03 1.4300e-05 2.8489e-04 2.5876e-04 2.6065e-04 1.5890e-01 2.4237e-05
680 1.0000e-03 0.0000e+00 2.8785e-04 3.5457e-04 2.6064e-04 1.5880e-01 2.7216e-05
681 0.0000e+00 0.0000e+00 2.6140e-04 2.8363e-04 2.6140e-04 1.5878e-01 0.0000e+00
682 0.0000e+00 0.0000e+00 2.6158e-04 2.4065e-04 2.6158e-04 1.5880e-01 0.0000e+00
683 0.0000e+00 0.0000e+00 2.6141e-04 2.0656e-04 2.6141e-04 1.5886e-01 0.0000e+00
684 0.0000e+00 0.0000e+00 2.6097e-04 1.7841e-04 2.6097e-04 1.5894e-01 0.0000e+00
685 0.0000e+00 0.0000e+00 2.6029e-04 1.5477e-04 2.6029e-04 1.5905e-01 0.0000e+00
686 0.0000e+00 0.0000e+00 2.5944e-04 1.3472e-04 2.5944e-04 1.5917e-01 0.0000e+00
687 0.0000e+00 0.0000e+00 2.5843e-04 1.1759e-04 2.5843e-04 1.5931e-01 0.0000e+00
688 0.0000e+00 0.0000e+00 2.5729e-04 1.0289e-04 2.5729e-04 1.5947e-01 0.0000e+00
689 0.0000e+00 0.0000e+00 2.5605e-04 9.0220e-05 2.5605e-04 1.5963e-01 0.0000e+00
690 0.0000e+00 0.0000e+00 2.5473e-04 7.9255e-05 2.5473e-04 1.5981e-01 0.0000e+00
691 0.0000e+00 0.0000e+00 2.5334e-04 6.9739e-05 2.5334e-04 1.5999e-01 0.0000e+00
692 0.0000e+00 0.0000e+00 2.5189e-04 6.1461e-05 2.5189e-04 1.6018e-01 0.0000e+00
693 0.0000e+00 5.6100e-05 2.5039e-04 5.4242e-05 2.5039e-04 1.6038e-01 0.0000e+00
694 0.0000e+00 1.0830e-04 2.4886e-04 4.7933e-05 2.4886e-04 1.6058e-01 0.0000e+00
695 0.0000e+00 1.5320e-04 2.4731e-04 4.2411e-05 2.4731e-04 1.6078e-01 0.0000e+00
696 0.0000e+00 1.8770e-04 2.4573e-04 3.7568e-05 2.4573e-04 1.6099e-01 0.0000e+00
697 0.0000e+00 2.0760e-04 2.4413e-04 3.3315e-05 2.4413e-04 1.6120e-01 0.0000e+00
698 0.0000e+00 2.1680e-04 2.4253e-04 2.9574e-05 2.4253e-04 1.6141e-01 0.0000e+00
699 0.0000e+00 2.0760e-04 2.4092e-04 2.6280e-05 2.4092e-04 1.6163e-01 0.0000e+00
700 5.0000e-04 1.8770e-04 2.3931e-04 2.3374e-05 2.3931e-04 1.6184e-01 0.0000e+00
701 0.0000e+00 1.5320e-04 2.3770e-04 2.0808e-05 2.3770e-04 1.6206e-01 0.0000e+00
702 0.0000e+00 1.0830e-04 2.3610e-04 1.8540e-05 2.3610e-04 1.6228e-01 0.0000e+00
703 0.0000e+00 5.2400e-05 2.3450e-04 1.6533e-05 2.3450e-04 1.6250e-01 0.0000e+00
704 0.0000e+00 0.0000e+00 2.3290e-04 1.4755e-05 2.3290e-04 1.6272e-01 0.0000e+00
705 0.0000e+00 0.0000e+00 2.3132e-04 1.3178e-05 2.3132e-04 1.6293e-01 0.0000e+00
706 0.0000e+00 0.0000e+00 2.2975e-04 1.1778e-05 2.2975e-04 1.6315e-01 0.0000e+00
707 0.0000e+00 0.0000e+00 2.2819e-04 1.0535e-05 2.2819e-04 1.6337e-01 0.0000e+00
708 0.0000e+00 0.0000e+00 2.2664e-04 9.4296e-06 2.2664e-04 1.6359e-01 0.0000e+00
709 0.0000e+00 0.0000e+00 2.2511e-04 8.4458e-06 2.2511e-04 1.6380e-01 0.0000e+00
710 0.0000e+00 0.0000e+00 2.2359e-04 7.5696e-06 2.2359e-04 1.6402e-01 0.0000e+00
711 0.0000e+00 0.0000e+00 2.2209e-04 6.7886e-06 2.2209e-04 1.6423e-01 0.0000e+00
712 0.0000e+00 0.0000e+00 2.2060e-04 6.0919e-06 2.2060e-04 1.6445e-01 0.0000e+00
713 0.0000e+00 0.0000e+00 2.1912e-04 5.4699e-06 2.1912e-04 1.6466e-01 0.0000e+00
714 0.0000e+00 0.0000e+00 2.1767e-04 4.9143e-06 2.1767e-04 1.6488e-01 0.0000e+00
715 0.0000e+00 0.0000e+00 2.1622e-04 4.4176e-06 2.1622e-04 1.6509e-01 0.0000e+00
716 0.0000e+00 0.0000e+00 2.1480e-04 3.9726e-06 2.1480e-04 1.6530e-01 0.0000e+00
717 0.0000e+00 8.5600e-05 2.1339e-04 3.5751e-06 2.1339e-04 1.6551e-01 0.0000e+00
718 0.0000e+00 1.6520e-04 2.1199e-04 3.2190e-06 2.1199e-04 1.6572e-01 0.0000e+00
719 0.0000e+00 2.3380e-04 2.1061e-04 2.8998e-06 2.1061e-04 1.6592e-01 0.0000e+00
720 0.0000e+00 2.8620e-04 2.0925e-04 2.6136e-06 2.0925e-04 1.6613e-01 0.0000e+00
721 0.0000e+00 3.1670e-04 2.0790e-04 2.3568e-06 2.0790e-04 1.6634e-01 0.0000e+00
722 0.0000e+00 3.3060e-04 2.0657e-04 2.1262e-06 2.0657e-04 1.6654e-01 0.0000e+00
723 0.0000e+00 3.1670e-04 2.0526e-04 1.9190e-06 2.0526e-04 1.6674e-01 0.0000e+00
724 0.0000e+00 2.8620e-04 2.0396e-04 1.7328e-06 2.0396e-04 1.6695e-01 0.0000e+00
725 0.0000e+00 2.3380e-04 2.0267e-04 1.5654e-06 2.0267e-04 1.6715e-01 0.0000e+00
726 0.0000e+00 1.6520e-04 2.0140e-04 1.4139e-06 2.0140e-04 1.6735e-01 0.0000e+00
727 0.0000e+00 8.0000e-05 2.0015e-04 1.2784e-06 2.0015e-04 1.6755e-01 0.0000e+00
728 0.0000e+00 0.0000e+00 1.9891e-04 1.1564e-06 1.9891e-04 1.6774e-01 0.0000e+00
729 0.0000e+00 0.0000e+00 1.9768e-04 1.0465e-06 1.9768e-04 1.6794e-01 0.0000e+00
730 0.0000e+00 0.0000e+00 1.9647e-04 9.4740e-07 1.9647e-04 1.6814e-01 0.0000e+00
731 0.0000e+00 0.0000e+00 1.9528e-04 8.5801e-07 1.9528e-04 1.6833e-01 0.0000e+00
732 0.0000e+00 0.0000e+00 1.9409e-04 7.7734e-07 1.9409e-04 1.6852e-01 0.0000e+00
733 0.0000e+00 0.0000e+00 1.9292e-04 7.0452e-07 1.9292e-04 1.6872e-01 0.0000e+00
734 0.0000e+00 0.0000e+00 1.9177e-04 6.3875e-07 1.9177e-04 1.6891e-01 0.0000e+00
735 0.0000e+00 0.0000e+00 1.9063e-04 5.7933e-07 1.9063e-04 1.6910e-01 0.0000e+00
736 0.0000e+00 0.0000e+00 1.8950e-04 5.2563e-07 1.8950e-04 1.6929e-01 0.0000e+00
737 0.0000e+00 0.0000e+00 1.8838e-04 4.7604e-07 1.8838e-04 1.6947e-01 0.0000e+00
738 0.0000e+00 0.0000e+00 1.8728e-04 4.3228e-07 1.8728e-04 1.6966e-01 0.0000e+00
739 0.0000e+00 0.0000e+00 1.8619e-04 3.9266e-07 1.8619e-04 1.6985e-01 0.0000e+00
740 0.0000e+00 0.0000e+00 1.8511e-04 3.5678e-07 1.8511e-04 1.7003e-01 0.0000e+00
741 0.0000e+00 7.4700e-05 1.8404e-04 3.2429e-07 1.8404e-04 1.7022e-01 0.0000e+00
742 0.0000e+00 1.4410e-04 1.8299e-04 2.9484e-07 1.8299e-04 1.7040e-01 0.0000e+00
743 0.0000e+00 2.0380e-04 1.8195e-04 2.6815e-07 1.8195e-04 1.7058e-01 0.0000e+00
744 0.0000e+00 2.4960e-04 1.8092e-04 2.4395e-07 1.8092e-04 1.7076e-01 0.0000e+00
745 0.0000e+00 2.7610e-04 1.7990e-04 2.2200e-07 1.7990e-04 1.7094e-01 0.0000e+00
746 0.0000e+00 2.8830e-04 1.7889e-04 2.0208e-07 1.7889e-04 1.7112e-01 0.0000e+00
747 0.0000e+00 2.7610e-04 1.7790e-04 1.8261e-07 1.7790e-04 1.7130e-01 0.0000e+00
748 0.0000e+00 2.4960e-04 1.7691e-04 1.6638e-07 1.7691e-04 1.7147e-01 0.0000e+00
749 0.0000e+00 2.0380e-04 1.7594e-04 1.5164e-07 1.7594e-04 1.7165e-01 0.0000e+00
750 0.0000e+00 1.4410e-04 1.7497e-04 1.3824e-07 1.7497e-04 1.7182e-01 0.0000e+00
751 0.0000e+00 6.9800e-05 1.7402e-04 1.2605e-07 1.7402e-04 1.7200e-01 0.0000e+00
752 0.0000e+00 0.0000e+00 1.7308e-04 1.1497e-07 1.7308e-04 1.7217e-01 0.0000e+00
753 0.0000e+00 0.0000e+00 1.7214e-04 1.0489e-07 1.7214e-04 1.7234e-01 0.0000e+00
754 0.0000e+00 0.0000e+00 1.7122e-04 9.5711e-08 1.7122e-04 1.7251e-01 0.0000e+00
755 0.0000e+00 0.0000e+00 1.7031e-04 8.7360e-08 1.7031e-04 1.7268e-01 0.0000e+00
756 0.0000e+00 0.0000e+00 1.6940e-04 7.9756e-08 1.6940e-04 1.7285e-01 0.0000e+00
757 0.0000e+00 0.0000e+00 1.6851e-04 7.1106e-08 1.6851e-04 1.7302e-01 0.0000e+00
758 0.0000e+00 0.0000e+00 1.6763e-04 6.5004e-08 1.6763e-04 1.7319e-01 0.0000e+00
759 0.0000e+00 0.0000e+00 1.6675e-04 5.9437e-08 1.6675e-04 1.7336e-01 0.0000e+00
760 0.0000e+00 0.0000e+00 1.6588e-04 5.4357e-08 1.6588e-04 1.7352e-01 0.0000e+00
761 0.0000e+00 0.0000e+00 1.6503e-04 4.9722e-08 1.6503e-04 1.7369e-01 0.0000e+00
762 0.0000e+00 0.0000e+00 1.6418e-04 4.5490e-08 1.6418e-04 1.7385e-01 0.0000e+00
763 0.0000e+00 0.0000e+00 1.6334e-04 4.1627e-08 1.6334e-04 1.7401e-01 0.0000e+00
764 0.0000e+00 0.0000e+00 1.6251e-04 3.8099e-08 1.6251e-04 1.7418e-01 0.0000e+00
765 0.0000e+00 9.6700e-05 1.6168e-04 3.4877e-08 1.6168e-04 1.7434e-01 0.0000e+00
766 0.0000e+00 1.8660e-04 1.6087e-04 3.1933e-08 1.6087e-04 1.7450e-01 0.0000e+00
767 0.0000e+00 2.6400e-04 1.6006e-04 2.9243e-08 1.6006e-04 1.7466e-01 0.0000e+00
768 0.0000e+00 3.2330e-04 1.5926e-04 2.5227e-08 1.5926e-04 1.7482e-01 0.0000e+00
769 0.0000e+00 3.5770e-04 1.5847e-04 2.3145e-08 1.5847e-04 1.7498e-01 0.0000e+00
770 0.0000e+00 3.7350e-04 1.5769e-04 2.1238e-08 1.5769e-04 1.7513e-01 0.0000e+00
771 0.0000e+00 3.5770e-04 1.5692e-04 1.9491e-08 1.5692e-04 1.7529e-01 0.0000e+00
772 0.0000e+00 3.2330e-04 1.5615e-04 1.7891e-08 1.5615e-04 1.7545e-01 0.0000e+00
773 0.0000e+00 2.6400e-04 1.5539e-04 1.6424e-08 1.5539e-04 1.7560e-01 0.0000e+00
774 0.0000e+00 1.8660e-04 1.5464e-04 1.5080e-08 1.5464e-04 1.7576e-01 0.0000e+00
775 0.0000e+00 9.0400e-05 1.5389e-04 1.3847e-08 1.5389e-04 1.7591e-01 0.0000e+00
776 0.0000e+00 0.0000e+00 1.5315e-04 1.2717e-08 1.5315e-04 1.7606e-01 0.0000e+00
777 0.0000e+00 0.0000e+00 1.5242e-04 1.1681e-08 1.5242e-04 1.7622e-01 0.0000e+00
778 0.0000e+00 0.0000e+00 1.5170e-04 1.0731e-08 1.5170e-04 1.7637e-01 0.0000e+00
779 0.0000e+00 0.0000e+00 1.5098e-04 8.6946e-09 1.5098e-04 1.7652e-01 0.0000e+00
780 0.0000e+00 0.0000e+00 1.5027e-04 8.0070e-09 1.5027e-04 1.7667e-01 0.0000e+00
781 0.0000e+00 0.0000e+00 1.4956e-04 7.3745e-09 1.4956e-04 1.7682e-01 0.0000e+00
782 0.0000e+00 0.0000e+00 1.4887e-04 6.7926e-09 1.4887e-04 1.7697e-01 0.0000e+00
783 0.0000e+00 0.0000e+00 1.4818e-04 6.2573e-09 1.4818e-04 1.7712e-01 0.0000e+00
784 0.0000e+00 0.0000e+00 1.4749e-04 5.7648e-09 1.4749e-04 1.7726e-01 0.0000e+00
785 0.0000e+00 0.0000e+00 1.4681e-04 5.3116e-09 1.4681e-04 1.7741e-01 0.0000e+00
786 0.0000e+00 0.0000e+00 1.4614e-04 4.8945e-09 1.4614e-04 1.7756e-01 0.0000e+00
787 0.0000e+00 0.0000e+00 1.4548e-04 4.5106e-09 1.4548e-04 1.7770e-01 0.0000e+00
788 0.0000e+00 0.0000e+00 1.4482e-04 4.1572e-09 1.4482e-04 1.7785e-01 0.0000e+00
789 0.0000e+00 1.2590e-04 1.4416e-04 3.8319e-09 1.4416e-04 1.7799e-01 0.0000e+00
790 0.0000e+00 2.4290e-04 1.4351e-04 2.8082e-09 1.4351e-04 1.7814e-01 0.0000e+00
791 0.0000e+00 3.4370e-04 1.4287e-04 2.5958e-09 1.4287e-04 1.7828e-01 0.0000e+00
792 0.0000e+00 4.2090e-04 1.4224e-04 2.3996e-09 1.4224e-04 1.7842e-01 0.0000e+00
793 0.0000e+00 4.6560e-04 1.4160e-04 2.2185e-09 1.4160e-04 1.7856e-01 0.0000e+00
794 0.0000e+00 4.8620e-04 1.4098e-04 2.0511e-09 1.4098e-04 1.7870e-01 0.0000e+00
795 0.0000e+00 4.6560e-04 1.4036e-04 1.8965e-09 1.4036e-04 1.7884e-01 0.0000e+00
796 0.0000e+00 4.2090e-04 1.3975e-04 1.7537e-09 1.3975e-04 1.7898e-01 0.0000e+00
797 0.0000e+00 3.4370e-04 1.3914e-04 1.6218e-09 1.3914e-04 1.7912e-01 0.0000e+00
798 0.0000e+00 2.4290e-04 1.3853e-04 1.4999e-09 1.3853e-04 1.7926e-01 0.0000e+00
799 0.0000e+00 1.1760e-04 1.3793e-04 1.3872e-09 1.3793e-04 1.7940e-01 0.0000e+00
800 0.0000e+00 0.0000e+00 1.3734e-04 8.5593e-10 1.3734e-04 1.7954e-01 0.0000e+00
801 0.0000e+00 0.0000e+00 1.3675e-04 7.9411e-10 1.3675e-04 1.7967e-01 0.0000e+00
802 0.0000e+00 0.0000e+00 1.3617e-04 7.3679e-10 1.3617e-04 1.7981e-01 0.0000e+00
803 0.0000e+00 0.0000e+00 1.3559e-04 6.8364e-10 1.3559e-04 1.7994e-01 0.0000e+00
804 0.0000e+00 0.0000e+00 1.3502e-04 6.3436e-10 1.3502e-04 1.8008e-01 0.0000e+00
805 0.0000e+00 0.0000e+00 1.3445e-04 5.8867e-10 1.3445e-04 1.8021e-01 0.0000e+00
806 0.0000e+00 0.0000e+00 1.3389e-04 5.4629e-10 1.3389e-04 1.8035e-01 0.0000e+00
807 0.0000e+00 0.0000e+00 1.3333e-04 5.0699e-10 1.3333e-04 1.8048e-01 0.0000e+00
808 0.0000e+00 0.0000e+00 1.3277e-04 4.7054e-10 1.3277e-04 1.8061e-01 0.0000e+00
809 0.0000e+00 0.0000e+00 1.3222e-04 4.3673e-10 1.3222e-04 1.8075e-01 0.0000e+00
810 0.0000e+00 0.0000e+00 1.3168e-04 4.0537e-10 1.3168e-04 1.8088e-01 0.0000e+00
811 0.0000e+00 0.0000e+00 1.3114e-04 3.7629e-10 1.3114e-04 1.8101e-01 0.0000e+00
812 0.0000e+00 0.0000e+00 1.3060e-04 1.6420e-10 1.3060e-04 1.8114e-01 0.0000e+00
813 0.0000e+00 3.0400e-05 1.3007e-04 1.5295e-10 1.3007e-04 1.8127e-01 0.0000e+00
814 0.0000e+00 5.8700e-05 1.2954e-04 1.4247e-10 1.2954e-04 1.8140e-01 0.0000e+00
815 0.0000e+00 8.3100e-05 1.2902e-04 1.3271e-10 1.2902e-04 1.8153e-01 0.0000e+00
816 0.0000e+00 1.0180e-04 1.2850e-04 1.2363e-10 1.2850e-04 1.8166e-01 0.0000e+00
817 0.0000e+00 1.1260e-04 1.2798e-04 1.1517e-10 1.2798e-04 1.8178e-01 0.0000e+00
818 0.0000e+00 1.1760e-04 1.2747e-04 1.0730e-10 1.2747e-04 1.8191e-01 0.0000e+00
819 0.0000e+00 1.1260e-04 1.2697e-04 9.9964e-11 1.2697e-04 1.8204e-01 0.0000e+00
820 0.0000e+00 1.0180e-04 1.2646e-04 9.3136e-11 1.2646e-04 1.8217e-01 0.0000e+00
821 0.0000e+00 8.3100e-05 1.2596e-04 8.6778e-11 1.2596e-04 1.8229e-01 0.0000e+00
822 0.0000e+00 5.8700e-05 1.2547e-04 8.0857e-11 1.2547e-04 1.8242e-01 0.0000e+00
823 0.0000e+00 2.8400e-05 1.2498e-04 1.9754e-11 1.2498e-04 1.8254e-01 0.0000e+00
824 0.0000e+00 0.0000e+00 1.2449e-04 1.8469e-11 1.2449e-04 1.8267e-01 0.0000e+00
825 0.0000e+00 0.0000e+00 1.2401e-04 1.7267e-11 1.2401e-04 1.8279e-01 0.0000e+00
826 0.0000e+00 0.0000e+00 1.2353e-04 1.6144e-11 1.2353e-04 1.8291e-01 0.0000e+00
827 0.0000e+00 0.0000e+00 1.2305e-04 1.5095e-11 1.2305e-04 1.8304e-01 0.0000e+00
828 0.0000e+00 0.0000e+00 1.2258e-04 1.4114e-11 1.2258e-04 1.8316e-01 0.0000e+00
829 0.0000e+00 0.0000e+00 1.2211e-04 1.3198e-11 1.2211e-04 1.8328e-01 0.0000e+00
830 0.0000e+00 0.0000e+00 1.2165e-04 1.2341e-11 1.2165e-04 1.8340e-01 0.0000e+00
831 0.0000e+00 0.0000e+00 1.2118e-04 1.1540e-11 1.2118e-04 1.8352e-01 0.0000e+00
832 0.0000e+00 0.0000e+00 1.2073e-04 1.0792e-11 1.2073e-04 1.8365e-01 0.0000e+00
833 0.0000e+00 0.0000e+00 1.2027e-04 1.0092e-11 1.2027e-04 1.8377e-01 0.0000e+00
834 0.0000e+00 0.0000e+00 1.1982e-04 0.0000e+00 1.1982e-04 1.8389e-01 0.0000e+00
835 0.0000e+00 0.0000e+00 1.1937e-04 0.0000e+00 1.1937e-04 1.8400e-01 0.0000e+00
836 0.0000e+00 0.0000e+00 1.1893e-04 0.0000e+00 1.1893e-04 1.8412e-01 0.0000e+00
837 0.0000e+00 6.6100e-05 1.1849e-04 0.0000e+00 1.1849e-04 1.8424e-01 0.0000e+00
838 0.0000e+00 1.2750e-04 1.1805e-04 0.0000e+00 1.1805e-04 1.8436e-01 0.0000e+00
839 0.0000e+00 1.8040e-04 1.1761e-04 0.0000e+00 1.1761e-04 1.8448e-01 0.0000e+00
840 0.0000e+00 2.2090e-04 1.1718e-04 0.0000e+00 1.1718e-04 1.8459e-01 0.0000e+00
841 0.0000e+00 2.4430e-04 1.1676e-04 0.0000e+00 1.1676e-04 1.8471e-01 0.0000e+00
842 0.0000e+00 2.5510e-04 1.1633e-04 0.0000e+00 1.1633e-04 1.8483e-01 0.0000e+00
843 0.0000e+00 2.4430e-04 1.1591e-04 0.0000e+00 1.1591e-04 1.8494e-01 0.0000e+00
844 0.0000e+00 2.2090e-04 1.1549e-04 0.0000e+00 1.1549e-04 1.8506e-01 0.0000e+00
845 0.0000e+00 1.8040e-04 1.1507e-04 0.0000e+00 1.1507e-04 1.8517e-01 0.0000e+00
846 0.0000e+00 1.2750e-04 1.1466e-04 0.0000e+00 1.1466e-04 1.8529e-01 0.0000e+00
847 0.0000e+00 6.1700e-05 1.1425e-04 0.0000e+00 1.1425e-04 1.8540e-01 0.0000e+00
848 0.0000e+00 0.0000e+00 1.1384e-04 0.0000e+00 1.1384e-04 1.8552e-01 0.0000e+00
849 0.0000e+00 0.0000e+00 1.1344e-04 0.0000e+00 1.1344e-04 1.8563e-01 0.0000e+00
850 0.0000e+00 0.0000e+00 1.1304e-04 0.0000e+00 1.1304e-04 1.8574e-01 0.0000e+00
851 0.0000e+00 0.0000e+00 1.1264e-04 0.0000e+00 1.1264e-04 1.8586e-01 0.0000e+00
852 0.0000e+00 0.0000e+00 1.1224e-04 0.0000e+00 1.1224e-04 1.8597e-01 0.0000e+00
853 0.0000e+00 0.0000e+00 1.1185e-04 0.0000e+00 1.1185e-04 1.8608e-01 0.0000e+00
854 0.0000e+00 0.0000e+00 1.1146e-04 0.0000e+00 1.1146e-04 1.8619e-01 0.0000e+00
855 0.0000e+00 0.0000e+00 1.1107e-04 0.0000e+00 1.1107e-04 1.8630e-01 0.0000e+00
856 0.0000e+00 0.0000e+00 1.1069e-04 0.0000e+00 1.1069e-04 1.8641e-01 0.0000e+00
857 0.0000e+00 0.0000e+00 1.1030e-04 0.0000e+00 1.1030e-04 1.8652e-01 0.0000e+00
858 0.0000e+00 0.0000e+00 1.0992e-04 0.0000e+00 1.0992e-04 1.8663e-01 0.0000e+00
859 0.0000e+00 0.0000e+00 1.0955e-04 0.0000e+00 1.0955e-04 1.8674e-01 0.0000e+00
860 0.0000e+00 0.0000e+00 1.0917e-04 0.0000e+00 1.0917e-04 1.8685e-01 0.0000e+00
861 0.0000e+00 9.7600e-05 1.0880e-04 0.0000e+00 1.0880e-04 1.8696e-01 0.0000e+00
862 0.0000e+00 1.8830e-04 1.0843e-04 0.0000e+00 1.0843e-04 1.8707e-01 0.0000e+00
863 0.0000e+00 2.6650e-04 1.0807e-04 0.0000e+00 1.0807e-04 1.8718e-01 0.0000e+00
864 0.0000e+00 3.2630e-04 1.0770e-04 0.0000e+00 1.0770e-04 1.8729e-01 0.0000e+00
865 0.0000e+00 3.6100e-04 1.0734e-04 0.0000e+00 1.0734e-04 1.8739e-01 0.0000e+00
866 0.0000e+00 3.7690e-04 1.0698e-04 0.0000e+00 1.0698e-04 1.8750e-01 0.0000e+00
867 0.0000e+00 3.6100e-04 1.0662e-04 0.0000e+00 1.0662e-04 1.8761e-01 0.0000e+00
868 0.0000e+00 3.2630e-04 1.0627e-04 0.0000e+00 1.0627e-04 1.8771e-01 0.0000e+00
869 0.0000e+00 2.6650e-04 1.0592e-04 0.0000e+00 1.0592e-04 1.8782e-01 0.0000e+00
870 0.0000e+00 1.8830e-04 1.0557e-04 0.0000e+00 1.0557e-04 1.8792e-01 0.0000e+00
871 0.0000e+00 9.1200e-05 1.0522e-04 0.0000e+00 1.0522e-04 1.8803e-01 0.0000e+00
872 0.0000e+00 0.0000e+00 1.0487e-04 0.0000e+00 1.0487e-04 1.8813e-01 0.0000e+00
873 0.0000e+00 0.0000e+00 1.0453e-04 0.0000e+00 1.0453e-04 1.8824e-01 0.0000e+00
874 0.0000e+00 0.0000e+00 1.0419e-04 0.0000e+00 1.0419e-04 1.8834e-01 0.0000e+00
875 0.0000e+00 0.0000e+00 1.0385e-04 0.0000e+00 1.0385e-04 1.8845e-01 0.0000e+00
876 0.0000e+00 0.0000e+00 1.0351e-04 0.0000e+00 1.0351e-04 1.8855e-01 0.0000e+00
877 0.0000e+00 0.0000e+00 1.0318e-04 0.0000e+00 1.0318e-04 1.8865e-01 0.0000e+00
878 0.0000e+00 0.0000e+00 1.0285e-04 0.0000e+00 1.0285e-04 1.8876e-01 0.0000e+00
879 0.0000e+00 0.0000e+00 1.0252e-04 0.0000e+00 1.0252e-04 1.8886e-01 0.0000e+00
880 0.0000e+00 0.0000e+00 1.0219e-04 0.0000e+00 1.0219e-04 1.8896e-01 0.0000e+00
881 0.0000e+00 0.0000e+00 1.0186e-04 0.0000e+00 1.0186e-04 1.8906e-01 0.0000e+00
882 0.0000e+00 0.0000e+00 1.0154e-04 0.0000e+00 1.0154e-04 1.8916e-01 0.0000e+00
883 0.0000e+00 0.0000e+00 1.0122e-04 0.0000e+00 1.0122e-04 1.8927e-01 0.0000e+00
884 0.0000e+00 0.0000e+00 1.0090e-04 0.0000e+00 1.0090e-04 1.8937e-01 0.0000e+00
885 0.0000e+00 6.4300e-05 1.0058e-04 0.0000e+00 1.0058e-04 1.8947e-01 0.0000e+00
886 0.0000e+00 1.2410e-04 1.0026e-04 0.0000e+00 1.0026e-04 1.8957e-01 0.0000e+00
887 0.0000e+00 1.7560e-04 9.9951e-05 0.0000e+00 9.9951e-05 1.8967e-01 0.0000e+00
888 0.0000e+00 2.1500e-04 9.9640e-05 0.0000e+00 9.9640e-05 1.8977e-01 0.0000e+00
889 0.0000e+00 2.3790e-04 9.9330e-05 0.0000e+00 9.9330e-05 1.8987e-01 0.0000e+00
890 0.0000e+00 2.4840e-04 9.9022e-05 0.0000e+00 9.9022e-05 1.8997e-01 0.0000e+00
891 0.0000e+00 2.3790e-04 9.8716e-05 0.0000e+00 9.8716e-05 1.9006e-01 0.0000e+00
892 0.0000e+00 2.1500e-04 9.8412e-05 0.0000e+00 9.8412e-05 1.9016e-01 0.0000e+00
893 0.0000e+00 1.7560e-04 9.8110e-05 0.0000e+00 9.8110e-05 1.9026e-01 0.0000e+00
894 0.0000e+00 1.2410e-04 9.7809e-05 0.0000e+00 9.7809e-05 1.9036e-01 0.0000e+00
895 0.0000e+00 6.0100e-05 9.7511e-05 0.0000e+00 9.7511e-05 1.9046e-01 0.0000e+00
896 0.0000e+00 0.0000e+00 9.7214e-05 0.0000e+00 9.7214e-05 1.9055e-01 0.0000e+00
897 0.0000e+00 0.0000e+00 9.6919e-05 0.0000e+00 9.6919e-05 1.9065e-01 0.0000e+00
898 0.0000e+00 0.0000e+00 9.6626e-05 0.0000e+00 9.6626e-05 1.9075e-01 0.0000e+00
899 0.0000e+00 0.0000e+00 9.6335e-05 0.0000e+00 9.6335e-05 1.9084e-01 0.0000e+00
900 0.0000e+00 0.0000e+00 9.6045e-05 0.0000e+00 9.6045e-05 1.9094e-01 0.0000e+00
901 0.0000e+00 0.0000e+00 9.5758e-05 0.0000e+00 9.5758e-05 1.9103e-01 0.0000e+00
902 0.0000e+00 0.0000e+00 9.5471e-05 0.0000e+00 9.5471e-05 1.9113e-01 0.0000e+00
903 0.0000e+00 0.0000e+00 9.5187e-05 0.0000e+00 9.5187e-05 1.9123e-01 0.0000e+00
904 0.0000e+00 0.0000e+00 9.4904e-05 0.0000e+00 9.4904e-05 1.9132e-01 0.0000e+00
905 0.0000e+00 0.0000e+00 9.4623e-05 0.0000e+00 9.4623e-05 1.9142e-01 0.0000e+00
906 0.0000e+00 0.0000e+00 9.4344e-05 0.0000e+00 9.4344e-05 1.9151e-01 0.0000e+00
907 0.0000e+00 0.0000e+00 9.4066e-05 0.0000e+00 9.4066e-05 1.9160e-01 0.0000e+00
908 0.0000e+00 0.0000e+00 9.3790e-05 0.0000e+00 9.3790e-05 1.9170e-01 0.0000e+00
909 0.0000e+00 8.0200e-05 9.3516e-05 0.0000e+00 9.3516e-05 1.9179e-01 0.0000e+00
910 0.0000e+00 1.5480e-04 9.3243e-05 0.0000e+00 9.3243e-05 1.9188e-01 0.0000e+00
911 0.0000e+00 2.1910e-04 9.2971e-05 0.0000e+00 9.2971e-05 1.9198e-01 0.0000e+00
912 0.0000e+00 2.6830e-04 9.2702e-05 0.0000e+00 9.2702e-05 1.9207e-01 0.0000e+00
913 0.0000e+00 2.9680e-04 9.2433e-05 0.0000e+00 9.2433e-05 1.9216e-01 0.0000e+00
914 0.0000e+00 3.0990e-04 9.2167e-05 0.0000e+00 9.2167e-05 1.9225e-01 0.0000e+00
915 0.0000e+00 2.9680e-04 9.1902e-05 0.0000e+00 9.1902e-05 1.9235e-01 0.0000e+00
916 0.0000e+00 2.6830e-04 9.1638e-05 0.0000e+00 9.1638e-05 1.9244e-01 0.0000e+00
917 0.0000e+00 2.1910e-04 9.1376e-05 0.0000e+00 9.1376e-05 1.9253e-01 0.0000e+00
918 0.0000e+00 1.5480e-04 9.1116e-05 0.0000e+00 9.1116e-05 1.9262e-01 0.0000e+00
919 0.0000e+00 7.5000e-05 9.0857e-05 0.0000e+00 9.0857e-05 1.9271e-01 0.0000e+00
920 0.0000e+00 0.0000e+00 9.0599e-05 0.0000e+00 9.0599e-05 1.9280e-01 0.0000e+00
921 0.0000e+00 0.0000e+00 9.0343e-05 0.0000e+00 9.0343e-05 1.9289e-01 0.0000e+00
922 0.0000e+00 0.0000e+00 9.0088e-05 0.0000e+00 9.0088e-05 1.9298e-01 0.0000e+00
923 0.0000e+00 0.0000e+00 8.9835e-05 0.0000e+00 8.9835e-05 1.9307e-01 0.0000e+00
924 0.0000e+00 0.0000e+00 8.9583e-05 0.0000e+00 8.9583e-05 1.9316e-01 0.0000e+00
925 0.0000e+00 0.0000e+00 8.9333e-05 0.0000e+00 8.9333e-05 1.9325e-01 0.0000e+00
926 0.0000e+00 0.0000e+00 8.9084e-05 0.0000e+00 8.9084e-05 1.9334e-01 0.0000e+00
927 0.0000e+00 0.0000e+00 8.8836e-05 0.0000e+00 8.8836e-05 1.9343e-01 0.0000e+00
928 0.0000e+00 0.0000e+00 8.8590e-05 0.0000e+00 8.8590e-05 1.9352e-01 0.0000e+00
929 0.0000e+00 0.0000e+00 8.8345e-05 0.0000e+00 8.8345e-05 1.9361e-01 0.0000e+00
930 0.0000e+00 0.0000e+00 8.8101e-05 0.0000e+00 8.8101e-05 1.9369e-01 0.0000e+00
931 0.0000e+00 0.0000e+00 8.7859e-05 0.0000e+00 8.7859e-05 1.9378e-01 0.0000e+00
932 0.0000e+00 0.0000e+00 8.7618e-05 0.0000e+00 8.7618e-05 1.9387e-01 0.0000e+00
933 0.0000e+00 9.6000e-05 8.7378e-05 0.0000e+00 8.7378e-05 1.9396e-01 0.0000e+00
934 0.0000e+00 1.8520e-04 8.7140e-05 0.0000e+00 8.7140e-05 1.9404e-01 0.0000e+00
935 0.0000e+00 2.6210e-04 8.6903e-05 0.0000e+00 8.6903e-05 1.9413e-01 0.0000e+00
936 0.0000e+00 3.2090e-04 8.6667e-05 0.0000e+00 8.6667e-05 1.9422e-01 0.0000e+00
937 0.0000e+00 3.5500e-04 8.6433e-05 0.0000e+00 8.6433e-05 1.9430e-01 0.0000e+00
938 0.0000e+00 3.7070e-04 8.6200e-05 0.0000e+00 8.6200e-05 1.9439e-01 0.0000e+00
939 0.0000e+00 3.5500e-04 8.5968e-05 0.0000e+00 8.5968e-05 1.9448e-01 0.0000e+00
940 0.0000e+00 3.2090e-04 8.5737e-05 0.0000e+00 8.5737e-05 1.9456e-01 0.0000e+00
941 0.0000e+00 2.6210e-04 8.5508e-05 0.0000e+00 8.5508e-05 1.9465e-01 0.0000e+00
942 0.0000e+00 1.8520e-04 8.5280e-05 0.0000e+00 8.5280e-05 1.9473e-01 0.0000e+00
943 0.0000e+00 8.9700e-05 8.5053e-05 0.0000e+00 8.5053e-05 1.9482e-01 0.0000e+00
944 0.0000e+00 0.0000e+00 8.4827e-05 0.0000e+00 8.4827e-05 1.9490e-01 0.0000e+00
945 0.0000e+00 0.0000e+00 8.4603e-05 0.0000e+00 8.4603e-05 1.9499e-01 0.0000e+00
946 0.0000e+00 0.0000e+00 8.4379e-05 0.0000e+00 8.4379e-05 1.9507e-01 0.0000e+00
947 0.0000e+00 0.0000e+00 8.4157e-05 0.0000e+00 8.4157e-05 1.9516e-01 0.0000e+00
948 0.0000e+00 0.0000e+00 8.3936e-05 0.0000e+00 8.3936e-05 1.9524e-01 0.0000e+00
949 0.0000e+00 0.0000e+00 8.3716e-05 0.0000e+00 8.3716e-05 1.9532e-01 0.0000e+00
950 0.0000e+00 0.0000e+00 8.3497e-05 0.0000e+00 8.3497e-05 1.9541e-01 0.0000e+00
Objective function values:
F1 1.540656e-06    NSE 0.73516   F2 2.874952e-02
Mean Obs Q 1.590065e-04   Variance Obs Q 6.123405e-09
    Error Variance 1.621743e-09

Water Balance for Subcatchment: Extracted study basin: Taegu Pyungkwang River

   SUMP       SUMAE      SUMQ       SUMRZ      SUMUZ      SBAR        BAL
1.890e-01  4.596e-02  1.263e-01  1.946e-02  0.000e+00  1.954e-01  4.382e-03
