Taegu Pyungkwang River Catchment: Calibration Data

Subcatchment : Extracted study basin: cat-10079

TL =     8.11
SUMAC =     1.00
SZQ =       0.04464
Subcatchment routing data:
Maximum Routing Delay       0.69444
Sum of Histogram ordinates:     1.0000
     1.00000 
Initial BAL             -0.23291
Initial SBAR             0.23091
Initial SR0              0.00200
it      p        ep       q(it)       quz      q       sbar       qof
1 0.0000e+00 6.1900e-05 3.2800e-05 0.0000e+00 3.2800e-05 2.3094e-01 0.0000e+00
2 0.0000e+00 6.4700e-05 3.2766e-05 0.0000e+00 3.2766e-05 2.3097e-01 0.0000e+00
3 1.0000e-03 6.1900e-05 3.2733e-05 0.0000e+00 3.2733e-05 2.3101e-01 0.0000e+00
4 1.0000e-03 5.6000e-05 3.2699e-05 0.0000e+00 3.2699e-05 2.3104e-01 0.0000e+00
5 1.0000e-03 4.5700e-05 3.9040e-05 7.3581e-05 3.2666e-05 2.3100e-01 6.3740e-06
6 5.0000e-04 3.2300e-05 3.6507e-05 1.0637e-04 3.2708e-05 2.3092e-01 3.7990e-06
7 5.0000e-04 1.5600e-05 3.6694e-05 1.3788e-04 3.2783e-05 2.3082e-01 3.9110e-06
8 0.0000e+00 0.0000e+00 3.2891e-05 1.2096e-04 3.2891e-05 2.3073e-01 0.0000e+00
9 5.0000e-04 0.0000e+00 3.7032e-05 1.5483e-04 3.2982e-05 2.3061e-01 4.0507e-06
10 5.0000e-04 0.0000e+00 3.7289e-05 1.8503e-04 3.3107e-05 2.3046e-01 4.1811e-06
11 0.0000e+00 0.0000e+00 3.3265e-05 1.6351e-04 3.3265e-05 2.3033e-01 0.0000e+00
12 0.0000e+00 0.0000e+00 3.3401e-05 1.4648e-04 3.3401e-05 2.3021e-01 0.0000e+00
13 1.0000e-03 0.0000e+00 4.1881e-05 2.2870e-04 3.3519e-05 2.3002e-01 8.3623e-06
14 5.0000e-04 0.0000e+00 3.7905e-05 2.4963e-04 3.3724e-05 2.2980e-01 4.1811e-06
15 5.0000e-04 0.0000e+00 3.8133e-05 2.7007e-04 3.3952e-05 2.2957e-01 4.1811e-06
16 1.0000e-03 0.0000e+00 4.2566e-05 3.3737e-04 3.4204e-05 2.2926e-01 8.3623e-06
17 0.0000e+00 0.0000e+00 3.4529e-05 2.9816e-04 3.4529e-05 2.2900e-01 0.0000e+00
18 0.0000e+00 0.0000e+00 3.4815e-05 2.6735e-04 3.4815e-05 2.2877e-01 0.0000e+00
19 0.0000e+00 0.0000e+00 3.5069e-05 2.4053e-04 3.5069e-05 2.2856e-01 0.0000e+00
20 0.0000e+00 0.0000e+00 3.5295e-05 2.1685e-04 3.5295e-05 2.2838e-01 0.0000e+00
21 0.0000e+00 1.8000e-05 3.5496e-05 1.9579e-04 3.5496e-05 2.2822e-01 0.0000e+00
22 0.0000e+00 3.4800e-05 3.5674e-05 1.7699e-04 3.5674e-05 2.2808e-01 0.0000e+00
23 0.0000e+00 4.9200e-05 3.5832e-05 1.6014e-04 3.5832e-05 2.2795e-01 0.0000e+00
24 3.0000e-03 6.0200e-05 6.0206e-05 4.3019e-04 3.5971e-05 2.2756e-01 2.4234e-05
25 2.0000e-03 6.6600e-05 5.2638e-05 5.6414e-04 3.6417e-05 2.2703e-01 1.6221e-05
26 5.5000e-03 6.9600e-05 8.2458e-05 1.0329e-03 3.7023e-05 2.2604e-01 4.5436e-05
27 6.0000e-03 6.6600e-05 8.7785e-05 1.4903e-03 3.8193e-05 2.2458e-01 4.9592e-05
28 1.0000e-03 6.0200e-05 4.7771e-05 1.4000e-03 3.9966e-05 2.2322e-01 7.8053e-06
29 2.5000e-03 4.9200e-05 6.2104e-05 1.4957e-03 4.1701e-05 2.2177e-01 2.0402e-05
30 0.0000e+00 3.4800e-05 4.3640e-05 1.3296e-03 4.3640e-05 2.2048e-01 0.0000e+00
31 0.0000e+00 1.6800e-05 4.5429e-05 1.1939e-03 4.5429e-05 2.1934e-01 0.0000e+00
32 1.0000e-03 0.0000e+00 5.4609e-05 1.1681e-03 4.7089e-05 2.1822e-01 7.5199e-06
33 5.0000e-04 0.0000e+00 5.4219e-05 1.0965e-03 4.8768e-05 2.1717e-01 5.4509e-06
34 0.0000e+00 0.0000e+00 5.0391e-05 9.8454e-04 5.0391e-05 2.1623e-01 0.0000e+00
35 0.0000e+00 0.0000e+00 5.1884e-05 8.8639e-04 5.1884e-05 2.1540e-01 0.0000e+00
36 0.0000e+00 0.0000e+00 5.3255e-05 7.9855e-04 5.3255e-05 2.1465e-01 0.0000e+00
37 0.0000e+00 0.0000e+00 5.4510e-05 7.1978e-04 5.4510e-05 2.1399e-01 0.0000e+00
38 0.0000e+00 0.0000e+00 5.5655e-05 6.4904e-04 5.5655e-05 2.1339e-01 0.0000e+00
39 0.0000e+00 0.0000e+00 5.6697e-05 5.8545e-04 5.6697e-05 2.1287e-01 0.0000e+00
40 0.0000e+00 0.0000e+00 5.7641e-05 5.2827e-04 5.7641e-05 2.1240e-01 0.0000e+00
41 0.0000e+00 0.0000e+00 5.8495e-05 4.7683e-04 5.8495e-05 2.1198e-01 0.0000e+00
42 0.0000e+00 0.0000e+00 5.9265e-05 4.3052e-04 5.9265e-05 2.1161e-01 0.0000e+00
43 0.0000e+00 0.0000e+00 5.9956e-05 3.8883e-04 5.9956e-05 2.1128e-01 0.0000e+00
44 0.0000e+00 0.0000e+00 6.0576e-05 3.5129e-04 6.0576e-05 2.1099e-01 0.0000e+00
45 0.0000e+00 3.3800e-05 6.1129e-05 3.1747e-04 6.1129e-05 2.1073e-01 0.0000e+00
46 1.0000e-03 6.5200e-05 7.2293e-05 3.9069e-04 6.1620e-05 2.1040e-01 1.0673e-05
47 0.0000e+00 9.2300e-05 6.2257e-05 3.4583e-04 6.2257e-05 2.1012e-01 0.0000e+00
48 5.0000e-04 1.1300e-04 6.6596e-05 3.4729e-04 6.2811e-05 2.0983e-01 3.7847e-06
49 0.0000e+00 1.2500e-04 6.3372e-05 3.0987e-04 6.3372e-05 2.0959e-01 0.0000e+00
50 1.0000e-03 1.3050e-04 7.2283e-05 3.6081e-04 6.3862e-05 2.0929e-01 8.4204e-06
51 2.5000e-03 1.2500e-04 9.0632e-05 5.7572e-04 6.4458e-05 2.0878e-01 2.6174e-05
52 3.0000e-03 1.1300e-04 9.7254e-05 8.1151e-04 6.5496e-05 2.0803e-01 3.1758e-05
53 2.5000e-03 9.2300e-05 9.3408e-05 9.6400e-04 6.7041e-05 2.0714e-01 2.6367e-05
54 3.0000e-03 6.5200e-05 1.0107e-04 1.1601e-03 6.8946e-05 2.0604e-01 3.2119e-05
55 2.5000e-03 3.1600e-05 9.8233e-05 1.2810e-03 7.1338e-05 2.0483e-01 2.6895e-05
56 2.0000e-03 0.0000e+00 9.5830e-05 1.3410e-03 7.4086e-05 2.0357e-01 2.1743e-05
57 1.0000e-03 0.0000e+00 8.8124e-05 1.2899e-03 7.7078e-05 2.0235e-01 1.1046e-05
58 1.0000e-03 0.0000e+00 9.1102e-05 1.2525e-03 8.0056e-05 2.0118e-01 1.1046e-05
59 0.0000e+00 0.0000e+00 8.3043e-05 1.1059e-03 8.3043e-05 2.0016e-01 0.0000e+00
60 5.0000e-04 0.0000e+00 9.1264e-05 1.0421e-03 8.5740e-05 1.9920e-01 5.5231e-06
61 5.0000e-04 0.0000e+00 9.5776e-05 9.8049e-04 8.8342e-05 1.9831e-01 7.4344e-06
62 0.0000e+00 0.0000e+00 9.0839e-05 8.7062e-04 9.0839e-05 1.9753e-01 0.0000e+00
63 0.0000e+00 0.0000e+00 9.3080e-05 7.7587e-04 9.3080e-05 1.9685e-01 0.0000e+00
64 0.0000e+00 0.0000e+00 9.5087e-05 6.9214e-04 9.5087e-05 1.9625e-01 0.0000e+00
65 0.0000e+00 0.0000e+00 9.6878e-05 6.1793e-04 9.6878e-05 1.9573e-01 0.0000e+00
66 0.0000e+00 0.0000e+00 9.8469e-05 5.5206e-04 9.8469e-05 1.9528e-01 0.0000e+00
67 0.0000e+00 0.0000e+00 9.9874e-05 4.9350e-04 9.9874e-05 1.9488e-01 0.0000e+00
68 0.0000e+00 0.0000e+00 1.0111e-04 4.4139e-04 1.0111e-04 1.9454e-01 0.0000e+00
69 0.0000e+00 4.1400e-05 1.0219e-04 3.9500e-04 1.0219e-04 1.9425e-01 0.0000e+00
70 0.0000e+00 7.9800e-05 1.0313e-04 3.5366e-04 1.0313e-04 1.9400e-01 0.0000e+00
71 0.0000e+00 1.1290e-04 1.0394e-04 3.1681e-04 1.0394e-04 1.9379e-01 0.0000e+00
72 0.0000e+00 1.3830e-04 1.0464e-04 2.8394e-04 1.0464e-04 1.9361e-01 0.0000e+00
73 0.0000e+00 1.5300e-04 1.0522e-04 2.5460e-04 1.0522e-04 1.9346e-01 0.0000e+00
74 0.0000e+00 1.5980e-04 1.0572e-04 2.2841e-04 1.0572e-04 1.9333e-01 0.0000e+00
75 0.0000e+00 1.5300e-04 1.0612e-04 2.0501e-04 1.0612e-04 1.9324e-01 0.0000e+00
76 0.0000e+00 1.3830e-04 1.0645e-04 1.8410e-04 1.0645e-04 1.9316e-01 0.0000e+00
77 0.0000e+00 1.1290e-04 1.0671e-04 1.6540e-04 1.0671e-04 1.9310e-01 0.0000e+00
78 0.0000e+00 7.9800e-05 1.0690e-04 1.4866e-04 1.0690e-04 1.9306e-01 0.0000e+00
79 0.0000e+00 3.8700e-05 1.0704e-04 1.3369e-04 1.0704e-04 1.9303e-01 0.0000e+00
80 0.0000e+00 0.0000e+00 1.0713e-04 1.2028e-04 1.0713e-04 1.9302e-01 0.0000e+00
81 0.0000e+00 0.0000e+00 1.0718e-04 1.0826e-04 1.0718e-04 1.9302e-01 0.0000e+00
82 0.0000e+00 0.0000e+00 1.0718e-04 9.7485e-05 1.0718e-04 1.9303e-01 0.0000e+00
83 0.0000e+00 0.0000e+00 1.0715e-04 8.7823e-05 1.0715e-04 1.9305e-01 0.0000e+00
84 0.0000e+00 0.0000e+00 1.0708e-04 7.9153e-05 1.0708e-04 1.9307e-01 0.0000e+00
85 0.0000e+00 0.0000e+00 1.0699e-04 7.1371e-05 1.0699e-04 1.9311e-01 0.0000e+00
86 0.0000e+00 0.0000e+00 1.0687e-04 6.4380e-05 1.0687e-04 1.9315e-01 0.0000e+00
87 0.0000e+00 0.0000e+00 1.0673e-04 5.8099e-05 1.0673e-04 1.9320e-01 0.0000e+00
88 0.0000e+00 0.0000e+00 1.0657e-04 5.2452e-05 1.0657e-04 1.9325e-01 0.0000e+00
89 0.0000e+00 0.0000e+00 1.0639e-04 4.7373e-05 1.0639e-04 1.9331e-01 0.0000e+00
90 0.0000e+00 0.0000e+00 1.0619e-04 4.2803e-05 1.0619e-04 1.9338e-01 0.0000e+00
91 0.0000e+00 0.0000e+00 1.0598e-04 3.8689e-05 1.0598e-04 1.9344e-01 0.0000e+00
92 0.0000e+00 0.0000e+00 1.0576e-04 3.4984e-05 1.0576e-04 1.9352e-01 0.0000e+00
93 0.0000e+00 1.9100e-05 1.0552e-04 3.1646e-05 1.0552e-04 1.9359e-01 0.0000e+00
94 0.0000e+00 3.6800e-05 1.0528e-04 2.8637e-05 1.0528e-04 1.9367e-01 0.0000e+00
95 0.0000e+00 5.2100e-05 1.0503e-04 2.5923e-05 1.0503e-04 1.9374e-01 0.0000e+00
96 0.0000e+00 6.3800e-05 1.0477e-04 2.3476e-05 1.0477e-04 1.9383e-01 0.0000e+00
97 5.0000e-04 7.0600e-05 1.0450e-04 2.1266e-05 1.0450e-04 1.9391e-01 0.0000e+00
98 5.0000e-04 7.3700e-05 1.0423e-04 1.9272e-05 1.0423e-04 1.9399e-01 0.0000e+00
99 0.0000e+00 7.0600e-05 1.0396e-04 1.7470e-05 1.0396e-04 1.9408e-01 0.0000e+00
100 0.0000e+00 6.3800e-05 1.0368e-04 1.5842e-05 1.0368e-04 1.9417e-01 0.0000e+00
101 0.0000e+00 5.2100e-05 1.0339e-04 1.4371e-05 1.0339e-04 1.9426e-01 0.0000e+00
102 0.0000e+00 3.6800e-05 1.0310e-04 1.3040e-05 1.0310e-04 1.9435e-01 0.0000e+00
103 0.0000e+00 1.7800e-05 1.0281e-04 1.1836e-05 1.0281e-04 1.9444e-01 0.0000e+00
104 0.0000e+00 0.0000e+00 1.0252e-04 1.0747e-05 1.0252e-04 1.9453e-01 0.0000e+00
105 0.0000e+00 0.0000e+00 1.0223e-04 9.7612e-06 1.0223e-04 1.9462e-01 0.0000e+00
106 0.0000e+00 0.0000e+00 1.0193e-04 8.8684e-06 1.0193e-04 1.9472e-01 0.0000e+00
107 0.0000e+00 0.0000e+00 1.0164e-04 8.0597e-06 1.0164e-04 1.9481e-01 0.0000e+00
108 0.0000e+00 0.0000e+00 1.0134e-04 7.3268e-06 1.0134e-04 1.9490e-01 0.0000e+00
109 0.0000e+00 0.0000e+00 1.0104e-04 6.6625e-06 1.0104e-04 1.9500e-01 0.0000e+00
110 0.0000e+00 0.0000e+00 1.0075e-04 6.0602e-06 1.0075e-04 1.9509e-01 0.0000e+00
111 5.0000e-04 0.0000e+00 1.0045e-04 5.5138e-06 1.0045e-04 1.9519e-01 0.0000e+00
112 0.0000e+00 0.0000e+00 1.0015e-04 5.0181e-06 1.0015e-04 1.9528e-01 0.0000e+00
113 0.0000e+00 0.0000e+00 9.9854e-05 4.5681e-06 9.9854e-05 1.9538e-01 0.0000e+00
114 0.0000e+00 0.0000e+00 9.9557e-05 4.1591e-06 9.9557e-05 1.9547e-01 0.0000e+00
115 0.0000e+00 0.0000e+00 9.9261e-05 3.7882e-06 9.9261e-05 1.9557e-01 0.0000e+00
116 0.0000e+00 0.0000e+00 9.8965e-05 3.4512e-06 9.8965e-05 1.9566e-01 0.0000e+00
117 0.0000e+00 1.0200e-05 9.8670e-05 3.1451e-06 9.8670e-05 1.9576e-01 0.0000e+00
118 0.0000e+00 1.9800e-05 9.8376e-05 2.8668e-06 9.8376e-05 1.9586e-01 0.0000e+00
119 0.0000e+00 2.8000e-05 9.8083e-05 2.6137e-06 9.8083e-05 1.9595e-01 0.0000e+00
120 0.0000e+00 3.4200e-05 9.7791e-05 2.3836e-06 9.7791e-05 1.9605e-01 0.0000e+00
121 0.0000e+00 3.7900e-05 9.7500e-05 2.1742e-06 9.7500e-05 1.9614e-01 0.0000e+00
122 0.0000e+00 3.9500e-05 9.7210e-05 1.9837e-06 9.7210e-05 1.9624e-01 0.0000e+00
123 0.0000e+00 3.7900e-05 9.6921e-05 1.8103e-06 9.6921e-05 1.9633e-01 0.0000e+00
124 0.0000e+00 3.4200e-05 9.6633e-05 1.6524e-06 9.6633e-05 1.9643e-01 0.0000e+00
125 0.0000e+00 2.8000e-05 9.6347e-05 1.5086e-06 9.6347e-05 1.9652e-01 0.0000e+00
126 0.0000e+00 1.9800e-05 9.6062e-05 1.3770e-06 9.6062e-05 1.9662e-01 0.0000e+00
127 0.0000e+00 9.6000e-06 9.5778e-05 1.2578e-06 9.5778e-05 1.9671e-01 0.0000e+00
128 0.0000e+00 0.0000e+00 9.5495e-05 1.1491e-06 9.5495e-05 1.9681e-01 0.0000e+00
129 0.0000e+00 0.0000e+00 9.5214e-05 1.0501e-06 9.5214e-05 1.9690e-01 0.0000e+00
130 0.0000e+00 0.0000e+00 9.4934e-05 9.5978e-07 9.4934e-05 1.9699e-01 0.0000e+00
131 0.0000e+00 0.0000e+00 9.4656e-05 8.7741e-07 9.4656e-05 1.9709e-01 0.0000e+00
132 0.0000e+00 0.0000e+00 9.4379e-05 8.0227e-07 9.4379e-05 1.9718e-01 0.0000e+00
133 0.0000e+00 0.0000e+00 9.4103e-05 7.3370e-07 9.4103e-05 1.9727e-01 0.0000e+00
134 0.0000e+00 0.0000e+00 9.3829e-05 6.7113e-07 9.3829e-05 1.9737e-01 0.0000e+00
135 0.0000e+00 0.0000e+00 9.3556e-05 6.1401e-07 9.3556e-05 1.9746e-01 0.0000e+00
136 0.0000e+00 0.0000e+00 9.3285e-05 5.6186e-07 9.3285e-05 1.9755e-01 0.0000e+00
137 0.0000e+00 0.0000e+00 9.3015e-05 5.1324e-07 9.3015e-05 1.9765e-01 0.0000e+00
138 0.0000e+00 0.0000e+00 9.2747e-05 4.6987e-07 9.2747e-05 1.9774e-01 0.0000e+00
139 0.0000e+00 0.0000e+00 9.2480e-05 4.3024e-07 9.2480e-05 1.9783e-01 0.0000e+00
140 0.0000e+00 0.0000e+00 9.2214e-05 3.9403e-07 9.2214e-05 1.9792e-01 0.0000e+00
141 5.0000e-04 4.1400e-05 9.1950e-05 3.6092e-07 9.1950e-05 1.9801e-01 0.0000e+00
142 0.0000e+00 7.9900e-05 9.1687e-05 3.3065e-07 9.1687e-05 1.9810e-01 0.0000e+00
143 0.0000e+00 1.1300e-04 9.1426e-05 3.0297e-07 9.1426e-05 1.9820e-01 0.0000e+00
144 0.0000e+00 1.3840e-04 9.1166e-05 2.7766e-07 9.1166e-05 1.9829e-01 0.0000e+00
145 0.0000e+00 1.5310e-04 9.0907e-05 2.5450e-07 9.0907e-05 1.9838e-01 0.0000e+00
146 0.0000e+00 1.5990e-04 9.0650e-05 2.3331e-07 9.0650e-05 1.9847e-01 0.0000e+00
147 0.0000e+00 1.5310e-04 9.0394e-05 2.1392e-07 9.0394e-05 1.9856e-01 0.0000e+00
148 0.0000e+00 1.3840e-04 9.0140e-05 1.9617e-07 9.0140e-05 1.9865e-01 0.0000e+00
149 0.0000e+00 1.1300e-04 8.9887e-05 1.7866e-07 8.9887e-05 1.9874e-01 0.0000e+00
150 0.0000e+00 7.9900e-05 8.9635e-05 1.6393e-07 8.9635e-05 1.9883e-01 0.0000e+00
151 0.0000e+00 3.8700e-05 8.9385e-05 1.5044e-07 8.9385e-05 1.9892e-01 0.0000e+00
152 0.0000e+00 0.0000e+00 8.9136e-05 1.3808e-07 8.9136e-05 1.9901e-01 0.0000e+00
153 0.0000e+00 0.0000e+00 8.8888e-05 1.2676e-07 8.8888e-05 1.9909e-01 0.0000e+00
154 0.0000e+00 0.0000e+00 8.8642e-05 1.1638e-07 8.8642e-05 1.9918e-01 0.0000e+00
155 0.0000e+00 0.0000e+00 8.8397e-05 1.0686e-07 8.8397e-05 1.9927e-01 0.0000e+00
156 0.0000e+00 0.0000e+00 8.8154e-05 9.8136e-08 8.8154e-05 1.9936e-01 0.0000e+00
157 0.0000e+00 0.0000e+00 8.7911e-05 9.0135e-08 8.7911e-05 1.9945e-01 0.0000e+00
158 0.0000e+00 0.0000e+00 8.7671e-05 8.2798e-08 8.7671e-05 1.9953e-01 0.0000e+00
159 0.0000e+00 0.0000e+00 8.7431e-05 7.6068e-08 8.7431e-05 1.9962e-01 0.0000e+00
160 0.0000e+00 0.0000e+00 8.7193e-05 6.9895e-08 8.7193e-05 1.9971e-01 0.0000e+00
161 0.0000e+00 0.0000e+00 8.6956e-05 6.2744e-08 8.6956e-05 1.9980e-01 0.0000e+00
162 0.0000e+00 0.0000e+00 8.6720e-05 5.7706e-08 8.6720e-05 1.9988e-01 0.0000e+00
163 0.0000e+00 0.0000e+00 8.6485e-05 5.3079e-08 8.6485e-05 1.9997e-01 0.0000e+00
164 0.0000e+00 0.0000e+00 8.6252e-05 4.8828e-08 8.6252e-05 2.0006e-01 0.0000e+00
165 0.0000e+00 1.7800e-05 8.6020e-05 4.4922e-08 8.6020e-05 2.0014e-01 0.0000e+00
166 0.0000e+00 3.4400e-05 8.5789e-05 4.1333e-08 8.5789e-05 2.0023e-01 0.0000e+00
167 0.0000e+00 4.8600e-05 8.5559e-05 3.8035e-08 8.5559e-05 2.0031e-01 0.0000e+00
168 0.0000e+00 5.9500e-05 8.5331e-05 3.5004e-08 8.5331e-05 2.0040e-01 0.0000e+00
169 0.0000e+00 6.5900e-05 8.5104e-05 3.2218e-08 8.5104e-05 2.0048e-01 0.0000e+00
170 0.0000e+00 6.8800e-05 8.4878e-05 2.9656e-08 8.4878e-05 2.0057e-01 0.0000e+00
171 0.0000e+00 6.5900e-05 8.4653e-05 2.7301e-08 8.4653e-05 2.0065e-01 0.0000e+00
172 0.0000e+00 5.9500e-05 8.4430e-05 2.3650e-08 8.4430e-05 2.0074e-01 0.0000e+00
173 0.0000e+00 4.8600e-05 8.4207e-05 2.1803e-08 8.4207e-05 2.0082e-01 0.0000e+00
174 0.0000e+00 3.4400e-05 8.3986e-05 2.0102e-08 8.3986e-05 2.0090e-01 0.0000e+00
175 0.0000e+00 1.6600e-05 8.3766e-05 1.8536e-08 8.3766e-05 2.0099e-01 0.0000e+00
176 0.0000e+00 0.0000e+00 8.3547e-05 1.7093e-08 8.3547e-05 2.0107e-01 0.0000e+00
177 0.0000e+00 0.0000e+00 8.3329e-05 1.5763e-08 8.3329e-05 2.0116e-01 0.0000e+00
178 0.0000e+00 0.0000e+00 8.3113e-05 1.4538e-08 8.3113e-05 2.0124e-01 0.0000e+00
179 0.0000e+00 0.0000e+00 8.2897e-05 1.3409e-08 8.2897e-05 2.0132e-01 0.0000e+00
180 0.0000e+00 0.0000e+00 8.2683e-05 1.2369e-08 8.2683e-05 2.0140e-01 0.0000e+00
181 0.0000e+00 0.0000e+00 8.2469e-05 1.1411e-08 8.2469e-05 2.0149e-01 0.0000e+00
182 0.0000e+00 0.0000e+00 8.2257e-05 1.0527e-08 8.2257e-05 2.0157e-01 0.0000e+00
183 0.0000e+00 0.0000e+00 8.2046e-05 9.7127e-09 8.2046e-05 2.0165e-01 0.0000e+00
184 0.0000e+00 0.0000e+00 8.1836e-05 7.8709e-09 8.1836e-05 2.0173e-01 0.0000e+00
185 0.0000e+00 0.0000e+00 8.1627e-05 7.2760e-09 8.1627e-05 2.0181e-01 0.0000e+00
186 0.0000e+00 0.0000e+00 8.1419e-05 6.7264e-09 8.1419e-05 2.0190e-01 0.0000e+00
187 0.0000e+00 0.0000e+00 8.1212e-05 6.2186e-09 8.1212e-05 2.0198e-01 0.0000e+00
188 0.0000e+00 0.0000e+00 8.1006e-05 5.7495e-09 8.1006e-05 2.0206e-01 0.0000e+00
189 0.0000e+00 4.5600e-05 8.0801e-05 5.3160e-09 8.0801e-05 2.0214e-01 0.0000e+00
190 5.0000e-04 8.7900e-05 8.0598e-05 4.9155e-09 8.0598e-05 2.0222e-01 0.0000e+00
191 0.0000e+00 1.2440e-04 8.0395e-05 4.5455e-09 8.0395e-05 2.0230e-01 0.0000e+00
192 0.0000e+00 1.5230e-04 8.0193e-05 4.2035e-09 8.0193e-05 2.0238e-01 0.0000e+00
193 0.0000e+00 1.6850e-04 7.9992e-05 3.8874e-09 7.9992e-05 2.0246e-01 0.0000e+00
194 0.0000e+00 1.7590e-04 7.9793e-05 3.5953e-09 7.9793e-05 2.0254e-01 0.0000e+00
195 0.0000e+00 1.6850e-04 7.9594e-05 3.3253e-09 7.9594e-05 2.0262e-01 0.0000e+00
196 0.0000e+00 1.5230e-04 7.9396e-05 2.3305e-09 7.9396e-05 2.0270e-01 0.0000e+00
197 0.0000e+00 1.2440e-04 7.9200e-05 2.1608e-09 7.9200e-05 2.0278e-01 0.0000e+00
198 0.0000e+00 8.7900e-05 7.9004e-05 2.0036e-09 7.9004e-05 2.0286e-01 0.0000e+00
199 0.0000e+00 4.2600e-05 7.8809e-05 1.8579e-09 7.8809e-05 2.0294e-01 0.0000e+00
200 0.0000e+00 0.0000e+00 7.8615e-05 1.7229e-09 7.8615e-05 2.0301e-01 0.0000e+00
201 0.0000e+00 0.0000e+00 7.8422e-05 1.5977e-09 7.8422e-05 2.0309e-01 0.0000e+00
202 0.0000e+00 0.0000e+00 7.8230e-05 1.4817e-09 7.8230e-05 2.0317e-01 0.0000e+00
203 0.0000e+00 0.0000e+00 7.8039e-05 1.3741e-09 7.8039e-05 2.0325e-01 0.0000e+00
204 0.0000e+00 0.0000e+00 7.7849e-05 1.2744e-09 7.7849e-05 2.0333e-01 0.0000e+00
205 0.0000e+00 0.0000e+00 7.7660e-05 1.1820e-09 7.7660e-05 2.0340e-01 0.0000e+00
206 0.0000e+00 0.0000e+00 7.7472e-05 1.0963e-09 7.7472e-05 2.0348e-01 0.0000e+00
207 0.0000e+00 0.0000e+00 7.7285e-05 1.0169e-09 7.7285e-05 2.0356e-01 0.0000e+00
208 0.0000e+00 0.0000e+00 7.7098e-05 5.2642e-10 7.7098e-05 2.0364e-01 0.0000e+00
209 0.0000e+00 0.0000e+00 7.6913e-05 4.8975e-10 7.6913e-05 2.0371e-01 0.0000e+00
210 0.0000e+00 0.0000e+00 7.6728e-05 4.5565e-10 7.6728e-05 2.0379e-01 0.0000e+00
211 0.0000e+00 0.0000e+00 7.6544e-05 4.2393e-10 7.6544e-05 2.0387e-01 0.0000e+00
212 0.0000e+00 0.0000e+00 7.6361e-05 3.9443e-10 7.6361e-05 2.0394e-01 0.0000e+00
213 0.0000e+00 4.9000e-05 7.6179e-05 3.6700e-10 7.6179e-05 2.0402e-01 0.0000e+00
214 0.0000e+00 9.4600e-05 7.5998e-05 3.4148e-10 7.5998e-05 2.0409e-01 0.0000e+00
215 0.0000e+00 1.3380e-04 7.5818e-05 3.1774e-10 7.5818e-05 2.0417e-01 0.0000e+00
216 0.0000e+00 1.6380e-04 7.5638e-05 2.9566e-10 7.5638e-05 2.0425e-01 0.0000e+00
217 0.0000e+00 1.8130e-04 7.5460e-05 2.7512e-10 7.5460e-05 2.0432e-01 0.0000e+00
218 0.0000e+00 1.8920e-04 7.5282e-05 2.5601e-10 7.5282e-05 2.0440e-01 0.0000e+00
219 0.0000e+00 1.8130e-04 7.5105e-05 2.3824e-10 7.5105e-05 2.0447e-01 0.0000e+00
220 0.0000e+00 1.6380e-04 7.4929e-05 6.3015e-11 7.4929e-05 2.0455e-01 0.0000e+00
221 0.0000e+00 1.3380e-04 7.4754e-05 5.8839e-11 7.4754e-05 2.0462e-01 0.0000e+00
222 0.0000e+00 9.4600e-05 7.4580e-05 5.4941e-11 7.4580e-05 2.0470e-01 0.0000e+00
223 0.0000e+00 4.5800e-05 7.4406e-05 5.1301e-11 7.4406e-05 2.0477e-01 0.0000e+00
224 0.0000e+00 0.0000e+00 7.4233e-05 4.7904e-11 7.4233e-05 2.0485e-01 0.0000e+00
225 0.0000e+00 0.0000e+00 7.4061e-05 4.4733e-11 7.4061e-05 2.0492e-01 0.0000e+00
226 0.0000e+00 0.0000e+00 7.3890e-05 4.1772e-11 7.3890e-05 2.0499e-01 0.0000e+00
227 0.0000e+00 0.0000e+00 7.3719e-05 3.9008e-11 7.3719e-05 2.0507e-01 0.0000e+00
228 0.0000e+00 0.0000e+00 7.3550e-05 3.6427e-11 7.3550e-05 2.0514e-01 0.0000e+00
229 0.0000e+00 0.0000e+00 7.3381e-05 3.4018e-11 7.3381e-05 2.0521e-01 0.0000e+00
230 0.0000e+00 0.0000e+00 7.3213e-05 3.1769e-11 7.3213e-05 2.0529e-01 0.0000e+00
231 0.0000e+00 0.0000e+00 7.3046e-05 2.9668e-11 7.3046e-05 2.0536e-01 0.0000e+00
232 0.0000e+00 0.0000e+00 7.2879e-05 0.0000e+00 7.2879e-05 2.0543e-01 0.0000e+00
233 0.0000e+00 0.0000e+00 7.2713e-05 0.0000e+00 7.2713e-05 2.0551e-01 0.0000e+00
234 0.0000e+00 0.0000e+00 7.2548e-05 0.0000e+00 7.2548e-05 2.0558e-01 0.0000e+00
235 0.0000e+00 0.0000e+00 7.2384e-05 0.0000e+00 7.2384e-05 2.0565e-01 0.0000e+00
236 0.0000e+00 0.0000e+00 7.2220e-05 0.0000e+00 7.2220e-05 2.0572e-01 0.0000e+00
237 0.0000e+00 5.1700e-05 7.2058e-05 0.0000e+00 7.2058e-05 2.0579e-01 0.0000e+00
238 0.0000e+00 9.9800e-05 7.1895e-05 0.0000e+00 7.1895e-05 2.0587e-01 0.0000e+00
239 0.0000e+00 1.4120e-04 7.1734e-05 0.0000e+00 7.1734e-05 2.0594e-01 0.0000e+00
240 0.0000e+00 1.7290e-04 7.1573e-05 0.0000e+00 7.1573e-05 2.0601e-01 0.0000e+00
241 5.0000e-04 1.9130e-04 7.1414e-05 0.0000e+00 7.1414e-05 2.0608e-01 0.0000e+00
242 1.0000e-03 1.9970e-04 7.1254e-05 0.0000e+00 7.1254e-05 2.0615e-01 0.0000e+00
243 0.0000e+00 1.9130e-04 7.1096e-05 0.0000e+00 7.1096e-05 2.0622e-01 0.0000e+00
244 0.0000e+00 1.7290e-04 7.0938e-05 0.0000e+00 7.0938e-05 2.0629e-01 0.0000e+00
245 0.0000e+00 1.4120e-04 7.0781e-05 0.0000e+00 7.0781e-05 2.0637e-01 0.0000e+00
246 0.0000e+00 9.9800e-05 7.0625e-05 0.0000e+00 7.0625e-05 2.0644e-01 0.0000e+00
247 0.0000e+00 4.8300e-05 7.0469e-05 0.0000e+00 7.0469e-05 2.0651e-01 0.0000e+00
248 0.0000e+00 0.0000e+00 7.0314e-05 0.0000e+00 7.0314e-05 2.0658e-01 0.0000e+00
249 0.0000e+00 0.0000e+00 7.0160e-05 0.0000e+00 7.0160e-05 2.0665e-01 0.0000e+00
250 0.0000e+00 0.0000e+00 7.0006e-05 0.0000e+00 7.0006e-05 2.0672e-01 0.0000e+00
251 0.0000e+00 0.0000e+00 6.9853e-05 0.0000e+00 6.9853e-05 2.0679e-01 0.0000e+00
252 0.0000e+00 0.0000e+00 6.9701e-05 0.0000e+00 6.9701e-05 2.0686e-01 0.0000e+00
253 1.0000e-03 0.0000e+00 6.9549e-05 0.0000e+00 6.9549e-05 2.0693e-01 0.0000e+00
254 0.0000e+00 0.0000e+00 6.9398e-05 0.0000e+00 6.9398e-05 2.0700e-01 0.0000e+00
255 0.0000e+00 0.0000e+00 6.9248e-05 0.0000e+00 6.9248e-05 2.0706e-01 0.0000e+00
256 0.0000e+00 0.0000e+00 6.9098e-05 0.0000e+00 6.9098e-05 2.0713e-01 0.0000e+00
257 0.0000e+00 0.0000e+00 6.8949e-05 0.0000e+00 6.8949e-05 2.0720e-01 0.0000e+00
258 0.0000e+00 0.0000e+00 6.8801e-05 0.0000e+00 6.8801e-05 2.0727e-01 0.0000e+00
259 0.0000e+00 0.0000e+00 6.8653e-05 0.0000e+00 6.8653e-05 2.0734e-01 0.0000e+00
260 0.0000e+00 0.0000e+00 6.8506e-05 0.0000e+00 6.8506e-05 2.0741e-01 0.0000e+00
261 0.0000e+00 7.5200e-05 6.8359e-05 0.0000e+00 6.8359e-05 2.0748e-01 0.0000e+00
262 1.0000e-03 1.4510e-04 6.8213e-05 0.0000e+00 6.8213e-05 2.0755e-01 0.0000e+00
263 0.0000e+00 2.0520e-04 6.8068e-05 0.0000e+00 6.8068e-05 2.0761e-01 0.0000e+00
264 0.0000e+00 2.5130e-04 6.7923e-05 0.0000e+00 6.7923e-05 2.0768e-01 0.0000e+00
265 0.0000e+00 2.7800e-04 6.7779e-05 0.0000e+00 6.7779e-05 2.0775e-01 0.0000e+00
266 0.0000e+00 2.9030e-04 6.7636e-05 0.0000e+00 6.7636e-05 2.0782e-01 0.0000e+00
267 0.0000e+00 2.7800e-04 6.7493e-05 0.0000e+00 6.7493e-05 2.0788e-01 0.0000e+00
268 0.0000e+00 2.5130e-04 6.7351e-05 0.0000e+00 6.7351e-05 2.0795e-01 0.0000e+00
269 0.0000e+00 2.0520e-04 6.7209e-05 0.0000e+00 6.7209e-05 2.0802e-01 0.0000e+00
270 0.0000e+00 1.4510e-04 6.7068e-05 0.0000e+00 6.7068e-05 2.0809e-01 0.0000e+00
271 0.0000e+00 7.0200e-05 6.6928e-05 0.0000e+00 6.6928e-05 2.0815e-01 0.0000e+00
272 0.0000e+00 0.0000e+00 6.6788e-05 0.0000e+00 6.6788e-05 2.0822e-01 0.0000e+00
273 0.0000e+00 0.0000e+00 6.6649e-05 0.0000e+00 6.6649e-05 2.0829e-01 0.0000e+00
274 0.0000e+00 0.0000e+00 6.6510e-05 0.0000e+00 6.6510e-05 2.0835e-01 0.0000e+00
275 0.0000e+00 0.0000e+00 6.6372e-05 0.0000e+00 6.6372e-05 2.0842e-01 0.0000e+00
276 0.0000e+00 0.0000e+00 6.6235e-05 0.0000e+00 6.6235e-05 2.0849e-01 0.0000e+00
277 0.0000e+00 0.0000e+00 6.6098e-05 0.0000e+00 6.6098e-05 2.0855e-01 0.0000e+00
278 0.0000e+00 0.0000e+00 6.5961e-05 0.0000e+00 6.5961e-05 2.0862e-01 0.0000e+00
279 0.0000e+00 0.0000e+00 6.5825e-05 0.0000e+00 6.5825e-05 2.0868e-01 0.0000e+00
280 0.0000e+00 0.0000e+00 6.5690e-05 0.0000e+00 6.5690e-05 2.0875e-01 0.0000e+00
281 0.0000e+00 0.0000e+00 6.5555e-05 0.0000e+00 6.5555e-05 2.0881e-01 0.0000e+00
282 0.0000e+00 0.0000e+00 6.5421e-05 0.0000e+00 6.5421e-05 2.0888e-01 0.0000e+00
283 1.0000e-03 0.0000e+00 6.5288e-05 0.0000e+00 6.5288e-05 2.0895e-01 0.0000e+00
284 5.0000e-04 0.0000e+00 6.5155e-05 0.0000e+00 6.5155e-05 2.0901e-01 0.0000e+00
285 2.5000e-03 2.4400e-05 6.6795e-05 1.7426e-05 6.5022e-05 2.0906e-01 1.7726e-06
286 6.0000e-03 4.7000e-05 1.3093e-04 6.6306e-04 6.4925e-05 2.0846e-01 6.6008e-05
287 4.0000e-03 6.6500e-05 1.0982e-04 9.8123e-04 6.6150e-05 2.0754e-01 4.3666e-05
288 1.5000e-03 8.1400e-05 8.3904e-05 9.9702e-04 6.8069e-05 2.0662e-01 1.5835e-05
289 0.0000e+00 9.0100e-05 7.0074e-05 8.6931e-04 7.0074e-05 2.0582e-01 0.0000e+00
290 0.0000e+00 9.4000e-05 7.1847e-05 7.6805e-04 7.1847e-05 2.0512e-01 0.0000e+00
291 5.0000e-04 9.0100e-05 7.6022e-05 7.0752e-04 7.3427e-05 2.0449e-01 2.5955e-06
292 0.0000e+00 8.1400e-05 7.4896e-05 6.2730e-04 7.4896e-05 2.0393e-01 0.0000e+00
293 0.0000e+00 6.6500e-05 7.6200e-05 5.5831e-04 7.6200e-05 2.0345e-01 0.0000e+00
294 1.5000e-03 4.7000e-05 9.1302e-05 6.4051e-04 7.7357e-05 2.0289e-01 1.3945e-05
295 1.0000e-03 2.2800e-05 8.9258e-05 6.6895e-04 7.8731e-05 2.0230e-01 1.0527e-05
296 0.0000e+00 0.0000e+00 8.0196e-05 5.8661e-04 8.0196e-05 2.0179e-01 0.0000e+00
297 0.0000e+00 0.0000e+00 8.1475e-05 5.2123e-04 8.1475e-05 2.0135e-01 0.0000e+00
298 0.0000e+00 0.0000e+00 8.2603e-05 4.6428e-04 8.2603e-05 2.0097e-01 0.0000e+00
299 0.0000e+00 0.0000e+00 8.3594e-05 4.1417e-04 8.3594e-05 2.0064e-01 0.0000e+00
300 0.0000e+00 0.0000e+00 8.4462e-05 3.6991e-04 8.4462e-05 2.0035e-01 0.0000e+00
301 0.0000e+00 0.0000e+00 8.5219e-05 3.3072e-04 8.5219e-05 2.0011e-01 0.0000e+00
302 0.0000e+00 0.0000e+00 8.5875e-05 2.9593e-04 8.5875e-05 1.9990e-01 0.0000e+00
303 0.0000e+00 0.0000e+00 8.6441e-05 2.6501e-04 8.6441e-05 1.9972e-01 0.0000e+00
304 0.0000e+00 0.0000e+00 8.6924e-05 2.3750e-04 8.6924e-05 1.9957e-01 0.0000e+00
305 0.0000e+00 0.0000e+00 8.7334e-05 2.1298e-04 8.7334e-05 1.9944e-01 0.0000e+00
306 0.0000e+00 0.0000e+00 8.7678e-05 1.9112e-04 8.7678e-05 1.9934e-01 0.0000e+00
307 0.0000e+00 0.0000e+00 8.7962e-05 1.7161e-04 8.7962e-05 1.9926e-01 0.0000e+00
308 0.0000e+00 0.0000e+00 8.8192e-05 1.5418e-04 8.8192e-05 1.9919e-01 0.0000e+00
309 0.0000e+00 2.8800e-05 8.8374e-05 1.3859e-04 8.8374e-05 1.9914e-01 0.0000e+00
310 5.0000e-04 5.5500e-05 9.5180e-05 1.7535e-04 8.8513e-05 1.9905e-01 6.6674e-06
311 0.0000e+00 7.8500e-05 8.8753e-05 1.5401e-04 8.8753e-05 1.9899e-01 0.0000e+00
312 0.0000e+00 9.6200e-05 8.8934e-05 1.3734e-04 8.8934e-05 1.9894e-01 0.0000e+00
313 0.0000e+00 1.0640e-04 8.9069e-05 1.2277e-04 8.9069e-05 1.9891e-01 0.0000e+00
314 0.0000e+00 1.1110e-04 8.9163e-05 1.0995e-04 8.9163e-05 1.9889e-01 0.0000e+00
315 0.0000e+00 1.0640e-04 8.9221e-05 9.8603e-05 8.9221e-05 1.9888e-01 0.0000e+00
316 0.0000e+00 9.6200e-05 8.9247e-05 8.8524e-05 8.9247e-05 1.9888e-01 0.0000e+00
317 5.0000e-04 7.8500e-05 8.9245e-05 7.9550e-05 8.9245e-05 1.9889e-01 0.0000e+00
318 1.0000e-03 5.5500e-05 1.0074e-04 1.5931e-04 8.9218e-05 1.9882e-01 1.1524e-05
319 5.0000e-04 2.6900e-05 9.6023e-05 1.8712e-04 8.9414e-05 1.9872e-01 6.6092e-06
320 0.0000e+00 0.0000e+00 8.9687e-05 1.6235e-04 8.9687e-05 1.9865e-01 0.0000e+00
321 0.0000e+00 0.0000e+00 8.9891e-05 1.4327e-04 8.9891e-05 1.9859e-01 0.0000e+00
322 1.0000e-03 0.0000e+00 1.0451e-04 2.3738e-04 9.0041e-05 1.9845e-01 1.4469e-05
323 1.0000e-03 0.0000e+00 1.0533e-04 3.1751e-04 9.0457e-05 1.9822e-01 1.4869e-05
324 0.0000e+00 0.0000e+00 9.1101e-05 2.7335e-04 9.1101e-05 1.9804e-01 0.0000e+00
325 0.0000e+00 0.0000e+00 9.1621e-05 2.4029e-04 9.1621e-05 1.9789e-01 0.0000e+00
326 0.0000e+00 0.0000e+00 9.2048e-05 2.1218e-04 9.2048e-05 1.9777e-01 0.0000e+00
327 0.0000e+00 0.0000e+00 9.2394e-05 1.8796e-04 9.2394e-05 1.9767e-01 0.0000e+00
328 0.0000e+00 0.0000e+00 9.2670e-05 1.6691e-04 9.2670e-05 1.9760e-01 0.0000e+00
329 0.0000e+00 0.0000e+00 9.2885e-05 1.4850e-04 9.2885e-05 1.9754e-01 0.0000e+00
330 0.0000e+00 0.0000e+00 9.3047e-05 1.3232e-04 9.3047e-05 1.9750e-01 0.0000e+00
331 0.0000e+00 0.0000e+00 9.3161e-05 1.1807e-04 9.3161e-05 1.9748e-01 0.0000e+00
332 0.0000e+00 0.0000e+00 9.3234e-05 1.0547e-04 9.3234e-05 1.9747e-01 0.0000e+00
333 0.0000e+00 1.1200e-05 9.3270e-05 9.4325e-05 9.3270e-05 1.9746e-01 0.0000e+00
334 0.0000e+00 2.1600e-05 9.3273e-05 8.4436e-05 9.3273e-05 1.9747e-01 0.0000e+00
335 0.0000e+00 3.0600e-05 9.3247e-05 7.5651e-05 9.3247e-05 1.9749e-01 0.0000e+00
336 0.0000e+00 3.7400e-05 9.3196e-05 6.7837e-05 9.3196e-05 1.9752e-01 0.0000e+00
337 0.0000e+00 4.1400e-05 9.3122e-05 6.0878e-05 9.3122e-05 1.9755e-01 0.0000e+00
338 5.0000e-04 4.3200e-05 9.8350e-05 9.5585e-05 9.3028e-05 1.9755e-01 5.3224e-06
339 5.0000e-04 4.1400e-05 9.9827e-05 1.3497e-04 9.3035e-05 1.9750e-01 6.7921e-06
340 1.5000e-03 3.7400e-05 1.1484e-04 2.8301e-04 9.3157e-05 1.9731e-01 2.1688e-05
341 1.5000e-03 3.0600e-05 1.1546e-04 4.0711e-04 9.3712e-05 1.9700e-01 2.1747e-05
342 1.0000e-03 2.1600e-05 1.0905e-04 4.5886e-04 9.4634e-05 1.9664e-01 1.4414e-05
343 5.0000e-04 1.0500e-05 1.0283e-04 4.5090e-04 9.5717e-05 1.9628e-01 7.1132e-06
344 1.0000e-03 0.0000e+00 1.1150e-04 5.0659e-04 9.6786e-05 1.9587e-01 1.4713e-05
345 5.0000e-04 0.0000e+00 1.0547e-04 4.9695e-04 9.8033e-05 1.9547e-01 7.4344e-06
346 0.0000e+00 0.0000e+00 9.9263e-05 4.3373e-04 9.9263e-05 1.9514e-01 0.0000e+00
347 0.0000e+00 0.0000e+00 1.0031e-04 3.8206e-04 1.0031e-04 1.9486e-01 0.0000e+00
348 0.0000e+00 0.0000e+00 1.0119e-04 3.3763e-04 1.0119e-04 1.9462e-01 0.0000e+00
349 0.0000e+00 0.0000e+00 1.0194e-04 2.9906e-04 1.0194e-04 1.9442e-01 0.0000e+00
350 0.0000e+00 0.0000e+00 1.0257e-04 2.6538e-04 1.0257e-04 1.9426e-01 0.0000e+00
351 0.0000e+00 0.0000e+00 1.0310e-04 2.3585e-04 1.0310e-04 1.9413e-01 0.0000e+00
352 0.0000e+00 0.0000e+00 1.0352e-04 2.0987e-04 1.0352e-04 1.9402e-01 0.0000e+00
353 5.0000e-04 0.0000e+00 1.1130e-04 2.4557e-04 1.0387e-04 1.9388e-01 7.4344e-06
354 0.0000e+00 0.0000e+00 1.0433e-04 2.1460e-04 1.0433e-04 1.9377e-01 0.0000e+00
355 0.0000e+00 0.0000e+00 1.0469e-04 1.9014e-04 1.0469e-04 1.9368e-01 0.0000e+00
356 0.0000e+00 0.0000e+00 1.0497e-04 1.6895e-04 1.0497e-04 1.9362e-01 0.0000e+00
357 0.0000e+00 7.2300e-05 1.0518e-04 1.5041e-04 1.0518e-04 1.9357e-01 0.0000e+00
358 0.0000e+00 1.3960e-04 1.0533e-04 1.3411e-04 1.0533e-04 1.9355e-01 0.0000e+00
359 0.0000e+00 1.9750e-04 1.0542e-04 1.1972e-04 1.0542e-04 1.9353e-01 0.0000e+00
360 0.0000e+00 2.4180e-04 1.0547e-04 1.0698e-04 1.0547e-04 1.9353e-01 0.0000e+00
361 0.0000e+00 2.6750e-04 1.0548e-04 9.5688e-05 1.0548e-04 1.9354e-01 0.0000e+00
362 0.0000e+00 2.7930e-04 1.0544e-04 8.5662e-05 1.0544e-04 1.9356e-01 0.0000e+00
363 0.0000e+00 2.6750e-04 1.0538e-04 7.6748e-05 1.0538e-04 1.9359e-01 0.0000e+00
364 0.0000e+00 2.4180e-04 1.0528e-04 6.8813e-05 1.0528e-04 1.9362e-01 0.0000e+00
365 0.0000e+00 1.9750e-04 1.0516e-04 6.1741e-05 1.0516e-04 1.9367e-01 0.0000e+00
366 0.0000e+00 1.3960e-04 1.0502e-04 5.5434e-05 1.0502e-04 1.9372e-01 0.0000e+00
367 0.0000e+00 6.7600e-05 1.0486e-04 4.9802e-05 1.0486e-04 1.9377e-01 0.0000e+00
368 0.0000e+00 0.0000e+00 1.0468e-04 4.4770e-05 1.0468e-04 1.9383e-01 0.0000e+00
369 0.0000e+00 0.0000e+00 1.0448e-04 4.0270e-05 1.0448e-04 1.9390e-01 0.0000e+00
370 0.0000e+00 0.0000e+00 1.0427e-04 3.6242e-05 1.0427e-04 1.9396e-01 0.0000e+00
371 0.0000e+00 0.0000e+00 1.0405e-04 3.2635e-05 1.0405e-04 1.9404e-01 0.0000e+00
372 0.0000e+00 0.0000e+00 1.0382e-04 2.9403e-05 1.0382e-04 1.9411e-01 0.0000e+00
373 5.0000e-04 0.0000e+00 1.0358e-04 2.6504e-05 1.0358e-04 1.9419e-01 0.0000e+00
374 7.5000e-03 0.0000e+00 1.9147e-04 7.1784e-04 1.0333e-04 1.9357e-01 8.8135e-05
375 4.5000e-03 0.0000e+00 1.7224e-04 1.1191e-03 1.0533e-04 1.9256e-01 6.6910e-05
376 2.5000e-03 0.0000e+00 1.4590e-04 1.2423e-03 1.0872e-04 1.9143e-01 3.7172e-05
377 5.0000e-04 0.0000e+00 1.2008e-04 1.1266e-03 1.1264e-04 1.9041e-01 7.4344e-06
378 0.0000e+00 0.0000e+00 1.1627e-04 9.8082e-04 1.1627e-04 1.8955e-01 0.0000e+00
379 0.0000e+00 0.0000e+00 1.1946e-04 8.6009e-04 1.1946e-04 1.8881e-01 0.0000e+00
380 0.0000e+00 0.0000e+00 1.2225e-04 7.5662e-04 1.2225e-04 1.8817e-01 0.0000e+00
381 0.0000e+00 1.7400e-05 1.2470e-04 6.6704e-04 1.2470e-04 1.8763e-01 0.0000e+00
382 0.0000e+00 3.3600e-05 1.2683e-04 5.8900e-04 1.2683e-04 1.8717e-01 0.0000e+00
383 1.0000e-03 4.7500e-05 1.4279e-04 6.3814e-04 1.2868e-04 1.8666e-01 1.4111e-05
384 1.0000e-03 5.8200e-05 1.4490e-04 6.7346e-04 1.3074e-04 1.8612e-01 1.4163e-05
385 0.0000e+00 6.4300e-05 1.3298e-04 5.8408e-04 1.3298e-04 1.8566e-01 0.0000e+00
386 5.0000e-04 6.7200e-05 1.4048e-04 5.6107e-04 1.3487e-04 1.8524e-01 5.6141e-06
387 0.0000e+00 6.4300e-05 1.3667e-04 4.9106e-04 1.3667e-04 1.8488e-01 0.0000e+00
388 0.0000e+00 5.8200e-05 1.3820e-04 4.3315e-04 1.3820e-04 1.8459e-01 0.0000e+00
389 0.0000e+00 4.7500e-05 1.3948e-04 3.8291e-04 1.3948e-04 1.8435e-01 0.0000e+00
390 5.0000e-04 3.3600e-05 1.4445e-04 3.7237e-04 1.4054e-04 1.8411e-01 3.9138e-06
391 0.0000e+00 1.6300e-05 1.4156e-04 3.2684e-04 1.4156e-04 1.8393e-01 0.0000e+00
392 5.0000e-04 0.0000e+00 1.4908e-04 3.4646e-04 1.4238e-04 1.8372e-01 6.6926e-06
393 5.0000e-04 0.0000e+00 1.5073e-04 3.6513e-04 1.4330e-04 1.8350e-01 7.4344e-06
394 0.0000e+00 0.0000e+00 1.4429e-04 3.1616e-04 1.4429e-04 1.8333e-01 0.0000e+00
395 0.0000e+00 0.0000e+00 1.4507e-04 2.7836e-04 1.4507e-04 1.8320e-01 0.0000e+00
396 0.0000e+00 0.0000e+00 1.4567e-04 2.4586e-04 1.4567e-04 1.8310e-01 0.0000e+00
397 0.0000e+00 0.0000e+00 1.4613e-04 2.1760e-04 1.4613e-04 1.8303e-01 0.0000e+00
398 0.0000e+00 0.0000e+00 1.4646e-04 1.9290e-04 1.4646e-04 1.8298e-01 0.0000e+00
399 0.0000e+00 0.0000e+00 1.4667e-04 1.7124e-04 1.4667e-04 1.8295e-01 0.0000e+00
400 0.0000e+00 0.0000e+00 1.4678e-04 1.5219e-04 1.4678e-04 1.8295e-01 0.0000e+00
401 0.0000e+00 0.0000e+00 1.4681e-04 1.3540e-04 1.4681e-04 1.8296e-01 0.0000e+00
402 1.0000e-03 0.0000e+00 1.6162e-04 2.4890e-04 1.4676e-04 1.8286e-01 1.4869e-05
403 0.0000e+00 0.0000e+00 1.4723e-04 2.0760e-04 1.4723e-04 1.8280e-01 0.0000e+00
404 0.0000e+00 0.0000e+00 1.4750e-04 1.8147e-04 1.4750e-04 1.8276e-01 0.0000e+00
405 5.0000e-04 2.4600e-05 1.5509e-04 2.2375e-04 1.4766e-04 1.8269e-01 7.4344e-06
406 5.0000e-04 4.7400e-05 1.5508e-04 2.5186e-04 1.4801e-04 1.8258e-01 7.0686e-06
407 0.0000e+00 6.7100e-05 1.4849e-04 2.1478e-04 1.4849e-04 1.8252e-01 0.0000e+00
408 5.0000e-04 8.2200e-05 1.5453e-04 2.3749e-04 1.4880e-04 1.8243e-01 5.7329e-06
409 0.0000e+00 9.0900e-05 1.4921e-04 2.0358e-04 1.4921e-04 1.8238e-01 0.0000e+00
410 0.0000e+00 9.5000e-05 1.4947e-04 1.7834e-04 1.4947e-04 1.8235e-01 0.0000e+00
411 0.0000e+00 9.0900e-05 1.4960e-04 1.5679e-04 1.4960e-04 1.8234e-01 0.0000e+00
412 0.0000e+00 8.2200e-05 1.4964e-04 1.3822e-04 1.4964e-04 1.8235e-01 0.0000e+00
413 0.0000e+00 6.7100e-05 1.4958e-04 1.2210e-04 1.4958e-04 1.8238e-01 0.0000e+00
414 0.0000e+00 4.7400e-05 1.4945e-04 1.0806e-04 1.4945e-04 1.8242e-01 0.0000e+00
415 0.0000e+00 2.3000e-05 1.4926e-04 9.5786e-05 1.4926e-04 1.8247e-01 0.0000e+00
416 0.0000e+00 0.0000e+00 1.4901e-04 8.5018e-05 1.4901e-04 1.8254e-01 0.0000e+00
417 0.0000e+00 0.0000e+00 1.4871e-04 7.5553e-05 1.4871e-04 1.8261e-01 0.0000e+00
418 0.0000e+00 0.0000e+00 1.4837e-04 6.7217e-05 1.4837e-04 1.8269e-01 0.0000e+00
419 0.0000e+00 0.0000e+00 1.4800e-04 5.9862e-05 1.4800e-04 1.8278e-01 0.0000e+00
420 0.0000e+00 0.0000e+00 1.4759e-04 5.3363e-05 1.4759e-04 1.8287e-01 0.0000e+00
421 0.0000e+00 0.0000e+00 1.4716e-04 4.7614e-05 1.4716e-04 1.8297e-01 0.0000e+00
422 0.0000e+00 0.0000e+00 1.4670e-04 4.2519e-05 1.4670e-04 1.8308e-01 0.0000e+00
423 0.0000e+00 0.0000e+00 1.4622e-04 3.8001e-05 1.4622e-04 1.8319e-01 0.0000e+00
424 0.0000e+00 0.0000e+00 1.4573e-04 3.3988e-05 1.4573e-04 1.8330e-01 0.0000e+00
425 0.0000e+00 0.0000e+00 1.4522e-04 3.0422e-05 1.4522e-04 1.8341e-01 0.0000e+00
426 0.0000e+00 0.0000e+00 1.4470e-04 2.7249e-05 1.4470e-04 1.8353e-01 0.0000e+00
427 5.0000e-04 0.0000e+00 1.4417e-04 2.4423e-05 1.4417e-04 1.8365e-01 0.0000e+00
428 2.0000e-03 0.0000e+00 1.7224e-04 2.6725e-04 1.4363e-04 1.8353e-01 2.8610e-05
429 3.0000e-03 3.2600e-05 1.9032e-04 5.9289e-04 1.4419e-04 1.8308e-01 4.6131e-05
430 2.0000e-03 6.2900e-05 1.7548e-04 7.3483e-04 1.4623e-04 1.8249e-01 2.9253e-05
431 1.0000e-03 8.9000e-05 1.6287e-04 7.3397e-04 1.4894e-04 1.8190e-01 1.3934e-05
432 0.0000e+00 1.0900e-04 1.5169e-04 6.2436e-04 1.5169e-04 1.8143e-01 0.0000e+00
433 5.0000e-04 1.2060e-04 1.5844e-04 5.8088e-04 1.5394e-04 1.8100e-01 4.4933e-06
434 0.0000e+00 1.2590e-04 1.5601e-04 5.0252e-04 1.5601e-04 1.8066e-01 0.0000e+00
435 0.0000e+00 1.2060e-04 1.5771e-04 4.3874e-04 1.5771e-04 1.8038e-01 0.0000e+00
436 0.0000e+00 1.0900e-04 1.5910e-04 3.8415e-04 1.5910e-04 1.8015e-01 0.0000e+00
437 3.5000e-03 8.9000e-05 2.1985e-04 7.2037e-04 1.6023e-04 1.7959e-01 5.9629e-05
438 0.0000e+00 6.2900e-05 1.6305e-04 6.0479e-04 1.6305e-04 1.7915e-01 0.0000e+00
439 0.0000e+00 3.0500e-05 1.6532e-04 5.2462e-04 1.6532e-04 1.7879e-01 0.0000e+00
440 0.0000e+00 0.0000e+00 1.6719e-04 4.5734e-04 1.6719e-04 1.7850e-01 0.0000e+00
441 0.0000e+00 0.0000e+00 1.6871e-04 4.0009e-04 1.6871e-04 1.7827e-01 0.0000e+00
442 0.0000e+00 0.0000e+00 1.6993e-04 3.5092e-04 1.6993e-04 1.7809e-01 0.0000e+00
443 0.0000e+00 0.0000e+00 1.7090e-04 3.0842e-04 1.7090e-04 1.7795e-01 0.0000e+00
444 5.0000e-04 0.0000e+00 1.7790e-04 3.1249e-04 1.7163e-04 1.7781e-01 6.2634e-06
445 0.0000e+00 0.0000e+00 1.7239e-04 2.7207e-04 1.7239e-04 1.7771e-01 0.0000e+00
446 0.0000e+00 0.0000e+00 1.7293e-04 2.3914e-04 1.7293e-04 1.7764e-01 0.0000e+00
447 0.0000e+00 0.0000e+00 1.7329e-04 2.1068e-04 1.7329e-04 1.7761e-01 0.0000e+00
448 0.0000e+00 0.0000e+00 1.7349e-04 1.8595e-04 1.7349e-04 1.7759e-01 0.0000e+00
449 0.0000e+00 0.0000e+00 1.7356e-04 1.6437e-04 1.7356e-04 1.7760e-01 0.0000e+00
450 0.0000e+00 0.0000e+00 1.7351e-04 1.4547e-04 1.7351e-04 1.7763e-01 0.0000e+00
451 0.0000e+00 0.0000e+00 1.7336e-04 1.2890e-04 1.7336e-04 1.7767e-01 0.0000e+00
452 5.0000e-04 0.0000e+00 1.8297e-04 1.7891e-04 1.7312e-04 1.7767e-01 9.8541e-06
453 0.0000e+00 2.2400e-05 1.7315e-04 1.5285e-04 1.7315e-04 1.7769e-01 0.0000e+00
454 0.0000e+00 4.3300e-05 1.7304e-04 1.3378e-04 1.7304e-04 1.7773e-01 0.0000e+00
455 0.0000e+00 6.1200e-05 1.7282e-04 1.1762e-04 1.7282e-04 1.7778e-01 0.0000e+00
456 0.0000e+00 7.5000e-05 1.7253e-04 1.0372e-04 1.7253e-04 1.7785e-01 0.0000e+00
457 0.0000e+00 8.3000e-05 1.7216e-04 9.1664e-05 1.7216e-04 1.7793e-01 0.0000e+00
458 0.0000e+00 8.6600e-05 1.7172e-04 8.1156e-05 1.7172e-04 1.7802e-01 0.0000e+00
459 0.0000e+00 8.3000e-05 1.7124e-04 7.1961e-05 1.7124e-04 1.7812e-01 0.0000e+00
460 0.0000e+00 7.5000e-05 1.7071e-04 6.3890e-05 1.7071e-04 1.7823e-01 0.0000e+00
461 0.0000e+00 6.1200e-05 1.7014e-04 5.6791e-05 1.7014e-04 1.7834e-01 0.0000e+00
462 0.0000e+00 4.3300e-05 1.6954e-04 5.0533e-05 1.6954e-04 1.7846e-01 0.0000e+00
463 0.0000e+00 2.1000e-05 1.6891e-04 4.5010e-05 1.6891e-04 1.7859e-01 0.0000e+00
464 0.0000e+00 0.0000e+00 1.6826e-04 4.0127e-05 1.6826e-04 1.7871e-01 0.0000e+00
465 1.0000e-03 0.0000e+00 1.7446e-04 8.0484e-05 1.6758e-04 1.7880e-01 6.8748e-06
466 5.0000e-04 0.0000e+00 1.7698e-04 1.3155e-04 1.6713e-04 1.7884e-01 9.8541e-06
467 0.0000e+00 0.0000e+00 1.6694e-04 1.0980e-04 1.6694e-04 1.7889e-01 0.0000e+00
468 0.0000e+00 0.0000e+00 1.6664e-04 9.4843e-05 1.6664e-04 1.7897e-01 0.0000e+00
469 5.0000e-04 0.0000e+00 1.7612e-04 1.4643e-04 1.6627e-04 1.7899e-01 9.8541e-06
470 0.0000e+00 0.0000e+00 1.6617e-04 1.2310e-04 1.6617e-04 1.7903e-01 0.0000e+00
471 0.0000e+00 0.0000e+00 1.6594e-04 1.0662e-04 1.6594e-04 1.7909e-01 0.0000e+00
472 5.0000e-04 0.0000e+00 1.7549e-04 1.5675e-04 1.6564e-04 1.7910e-01 9.8541e-06
473 5.0000e-04 0.0000e+00 1.7544e-04 1.9607e-04 1.6559e-04 1.7907e-01 9.8541e-06
474 0.0000e+00 0.0000e+00 1.6575e-04 1.6563e-04 1.6575e-04 1.7907e-01 0.0000e+00
475 0.0000e+00 0.0000e+00 1.6575e-04 1.4334e-04 1.6575e-04 1.7909e-01 0.0000e+00
476 0.0000e+00 0.0000e+00 1.6563e-04 1.2478e-04 1.6563e-04 1.7913e-01 0.0000e+00
477 0.0000e+00 9.2000e-06 1.6542e-04 1.0906e-04 1.6542e-04 1.7919e-01 0.0000e+00
478 0.0000e+00 1.7800e-05 1.6513e-04 9.5620e-05 1.6513e-04 1.7926e-01 0.0000e+00
479 0.0000e+00 2.5200e-05 1.6477e-04 8.4044e-05 1.6477e-04 1.7934e-01 0.0000e+00
480 0.0000e+00 3.0900e-05 1.6436e-04 7.4022e-05 1.6436e-04 1.7943e-01 0.0000e+00
481 0.0000e+00 3.4200e-05 1.6389e-04 6.5313e-05 1.6389e-04 1.7953e-01 0.0000e+00
482 5.0000e-04 3.5700e-05 1.7093e-04 1.0644e-04 1.6339e-04 1.7958e-01 7.5445e-06
483 2.5000e-03 3.4200e-05 2.1167e-04 4.0349e-04 1.6310e-04 1.7934e-01 4.8567e-05
484 1.0000e-03 3.0900e-05 1.8336e-04 4.5238e-04 1.6433e-04 1.7905e-01 1.9034e-05
485 0.0000e+00 2.5200e-05 1.6581e-04 3.8102e-04 1.6581e-04 1.7884e-01 0.0000e+00
486 1.0000e-03 1.7800e-05 1.8554e-04 4.4896e-04 1.6693e-04 1.7856e-01 1.8603e-05
487 0.0000e+00 8.6000e-06 1.6841e-04 3.8116e-04 1.6841e-04 1.7834e-01 0.0000e+00
488 0.0000e+00 0.0000e+00 1.6953e-04 3.3008e-04 1.6953e-04 1.7818e-01 0.0000e+00
489 0.0000e+00 0.0000e+00 1.7039e-04 2.8724e-04 1.7039e-04 1.7807e-01 0.0000e+00
490 0.0000e+00 0.0000e+00 1.7101e-04 2.5086e-04 1.7101e-04 1.7799e-01 0.0000e+00
491 0.0000e+00 0.0000e+00 1.7144e-04 2.1968e-04 1.7144e-04 1.7794e-01 0.0000e+00
492 0.0000e+00 0.0000e+00 1.7170e-04 1.9280e-04 1.7170e-04 1.7792e-01 0.0000e+00
493 0.0000e+00 0.0000e+00 1.7181e-04 1.6953e-04 1.7181e-04 1.7792e-01 0.0000e+00
494 0.0000e+00 0.0000e+00 1.7180e-04 1.4932e-04 1.7180e-04 1.7794e-01 0.0000e+00
495 0.0000e+00 0.0000e+00 1.7168e-04 1.3171e-04 1.7168e-04 1.7798e-01 0.0000e+00
496 0.0000e+00 0.0000e+00 1.7146e-04 1.1634e-04 1.7146e-04 1.7804e-01 0.0000e+00
497 0.0000e+00 0.0000e+00 1.7117e-04 1.0289e-04 1.7117e-04 1.7811e-01 0.0000e+00
498 0.0000e+00 0.0000e+00 1.7080e-04 9.1099e-05 1.7080e-04 1.7819e-01 0.0000e+00
499 0.0000e+00 0.0000e+00 1.7038e-04 8.0748e-05 1.7038e-04 1.7827e-01 0.0000e+00
500 0.0000e+00 0.0000e+00 1.6990e-04 7.1646e-05 1.6990e-04 1.7837e-01 0.0000e+00
501 0.0000e+00 6.3800e-05 1.6938e-04 6.3632e-05 1.6938e-04 1.7848e-01 0.0000e+00
502 0.0000e+00 1.2310e-04 1.6882e-04 5.6566e-05 1.6882e-04 1.7859e-01 0.0000e+00
503 0.0000e+00 1.7420e-04 1.6823e-04 5.0330e-05 1.6823e-04 1.7871e-01 0.0000e+00
504 0.0000e+00 2.1330e-04 1.6761e-04 4.4818e-05 1.6761e-04 1.7883e-01 0.0000e+00
505 0.0000e+00 2.3600e-04 1.6697e-04 3.9942e-05 1.6697e-04 1.7896e-01 0.0000e+00
506 0.0000e+00 2.4640e-04 1.6631e-04 3.5625e-05 1.6631e-04 1.7909e-01 0.0000e+00
507 0.0000e+00 2.3600e-04 1.6563e-04 3.1797e-05 1.6563e-04 1.7922e-01 0.0000e+00
508 0.0000e+00 2.1330e-04 1.6494e-04 2.8401e-05 1.6494e-04 1.7936e-01 0.0000e+00
509 0.0000e+00 1.7420e-04 1.6424e-04 2.5385e-05 1.6424e-04 1.7950e-01 0.0000e+00
510 0.0000e+00 1.2310e-04 1.6353e-04 2.2705e-05 1.6353e-04 1.7964e-01 0.0000e+00
511 0.0000e+00 5.9600e-05 1.6281e-04 2.0321e-05 1.6281e-04 1.7978e-01 0.0000e+00
512 0.0000e+00 0.0000e+00 1.6208e-04 1.8199e-05 1.6208e-04 1.7993e-01 0.0000e+00
513 0.0000e+00 0.0000e+00 1.6136e-04 1.6308e-05 1.6136e-04 1.8007e-01 0.0000e+00
514 0.0000e+00 0.0000e+00 1.6063e-04 1.4622e-05 1.6063e-04 1.8022e-01 0.0000e+00
515 0.0000e+00 0.0000e+00 1.5990e-04 1.3118e-05 1.5990e-04 1.8036e-01 0.0000e+00
516 0.0000e+00 0.0000e+00 1.5916e-04 1.1775e-05 1.5916e-04 1.8051e-01 0.0000e+00
517 0.0000e+00 0.0000e+00 1.5843e-04 1.0576e-05 1.5843e-04 1.8066e-01 0.0000e+00
518 0.0000e+00 0.0000e+00 1.5770e-04 9.5028e-06 1.5770e-04 1.8081e-01 0.0000e+00
519 0.0000e+00 0.0000e+00 1.5697e-04 8.5436e-06 1.5697e-04 1.8096e-01 0.0000e+00
520 0.0000e+00 0.0000e+00 1.5625e-04 7.6850e-06 1.5625e-04 1.8110e-01 0.0000e+00
521 0.0000e+00 0.0000e+00 1.5552e-04 6.9161e-06 1.5552e-04 1.8125e-01 0.0000e+00
522 0.0000e+00 0.0000e+00 1.5480e-04 6.2270e-06 1.5480e-04 1.8140e-01 0.0000e+00
523 0.0000e+00 0.0000e+00 1.5409e-04 5.6092e-06 1.5409e-04 1.8155e-01 0.0000e+00
524 0.0000e+00 0.0000e+00 1.5337e-04 5.0550e-06 1.5337e-04 1.8170e-01 0.0000e+00
525 0.0000e+00 4.1700e-05 1.5266e-04 4.5575e-06 1.5266e-04 1.8185e-01 0.0000e+00
526 0.0000e+00 8.0400e-05 1.5196e-04 4.1108e-06 1.5196e-04 1.8199e-01 0.0000e+00
527 0.0000e+00 1.1380e-04 1.5126e-04 3.7094e-06 1.5126e-04 1.8214e-01 0.0000e+00
528 0.0000e+00 1.3930e-04 1.5056e-04 3.3479e-06 1.5056e-04 1.8229e-01 0.0000e+00
529 0.0000e+00 1.5420e-04 1.4987e-04 3.0236e-06 1.4987e-04 1.8244e-01 0.0000e+00
530 0.0000e+00 1.6090e-04 1.4918e-04 2.7317e-06 1.4918e-04 1.8258e-01 0.0000e+00
531 0.0000e+00 1.5420e-04 1.4850e-04 2.4689e-06 1.4850e-04 1.8273e-01 0.0000e+00
532 0.0000e+00 1.3930e-04 1.4783e-04 2.2323e-06 1.4783e-04 1.8287e-01 0.0000e+00
533 0.0000e+00 1.1380e-04 1.4716e-04 2.0190e-06 1.4716e-04 1.8302e-01 0.0000e+00
534 0.0000e+00 8.0400e-05 1.4649e-04 1.8268e-06 1.4649e-04 1.8316e-01 0.0000e+00
535 0.0000e+00 3.8900e-05 1.4583e-04 1.6535e-06 1.4583e-04 1.8331e-01 0.0000e+00
536 0.0000e+00 0.0000e+00 1.4517e-04 1.4972e-06 1.4517e-04 1.8345e-01 0.0000e+00
537 0.0000e+00 0.0000e+00 1.4452e-04 1.3561e-06 1.4452e-04 1.8359e-01 0.0000e+00
538 0.0000e+00 0.0000e+00 1.4388e-04 1.2287e-06 1.4388e-04 1.8374e-01 0.0000e+00
539 0.0000e+00 0.0000e+00 1.4324e-04 1.1129e-06 1.4324e-04 1.8388e-01 0.0000e+00
540 0.0000e+00 0.0000e+00 1.4260e-04 1.0090e-06 1.4260e-04 1.8402e-01 0.0000e+00
541 0.0000e+00 0.0000e+00 1.4197e-04 9.1517e-07 1.4197e-04 1.8416e-01 0.0000e+00
542 0.0000e+00 0.0000e+00 1.4135e-04 8.3029e-07 1.4135e-04 1.8430e-01 0.0000e+00
543 0.0000e+00 0.0000e+00 1.4073e-04 7.5351e-07 1.4073e-04 1.8444e-01 0.0000e+00
544 0.0000e+00 0.0000e+00 1.4012e-04 6.8403e-07 1.4012e-04 1.8458e-01 0.0000e+00
545 0.0000e+00 0.0000e+00 1.3951e-04 6.2114e-07 1.3951e-04 1.8472e-01 0.0000e+00
546 0.0000e+00 0.0000e+00 1.3890e-04 5.6419e-07 1.3890e-04 1.8486e-01 0.0000e+00
547 0.0000e+00 0.0000e+00 1.3830e-04 5.1261e-07 1.3830e-04 1.8500e-01 0.0000e+00
548 0.0000e+00 0.0000e+00 1.3771e-04 4.6587e-07 1.3771e-04 1.8513e-01 0.0000e+00
549 0.0000e+00 2.0700e-05 1.3712e-04 4.2243e-07 1.3712e-04 1.8527e-01 0.0000e+00
550 0.0000e+00 4.0000e-05 1.3654e-04 3.8419e-07 1.3654e-04 1.8541e-01 0.0000e+00
551 0.0000e+00 5.6600e-05 1.3596e-04 3.4949e-07 1.3596e-04 1.8554e-01 0.0000e+00
552 1.0000e-03 6.9300e-05 1.3538e-04 3.1801e-07 1.3538e-04 1.8568e-01 0.0000e+00
553 1.0000e-03 7.6600e-05 1.3481e-04 2.8943e-07 1.3481e-04 1.8581e-01 0.0000e+00
554 2.0000e-03 8.0000e-05 1.4513e-04 9.1838e-05 1.3425e-04 1.8585e-01 1.0885e-05
555 1.5000e-03 7.6600e-05 1.5518e-04 2.5029e-04 1.3407e-04 1.8574e-01 2.1114e-05
556 0.0000e+00 6.9300e-05 1.3456e-04 2.0292e-04 1.3456e-04 1.8567e-01 0.0000e+00
557 5.0000e-04 5.6600e-05 1.4011e-04 2.1838e-04 1.3484e-04 1.8559e-01 5.2666e-06
558 0.0000e+00 4.0000e-05 1.3520e-04 1.8595e-04 1.3520e-04 1.8554e-01 0.0000e+00
559 0.0000e+00 1.9400e-05 1.3541e-04 1.6143e-04 1.3541e-04 1.8551e-01 0.0000e+00
560 0.0000e+00 0.0000e+00 1.3552e-04 1.4091e-04 1.3552e-04 1.8550e-01 0.0000e+00
561 0.0000e+00 0.0000e+00 1.3554e-04 1.2343e-04 1.3554e-04 1.8552e-01 0.0000e+00
562 0.0000e+00 0.0000e+00 1.3549e-04 1.0842e-04 1.3549e-04 1.8554e-01 0.0000e+00
563 0.0000e+00 0.0000e+00 1.3538e-04 9.5454e-05 1.3538e-04 1.8558e-01 0.0000e+00
564 0.0000e+00 0.0000e+00 1.3521e-04 8.4203e-05 1.3521e-04 1.8563e-01 0.0000e+00
565 5.0000e-04 0.0000e+00 1.4070e-04 1.2252e-04 1.3499e-04 1.8565e-01 5.7108e-06
566 0.0000e+00 0.0000e+00 1.3494e-04 1.0393e-04 1.3494e-04 1.8568e-01 0.0000e+00
567 0.0000e+00 0.0000e+00 1.3481e-04 9.0875e-05 1.3481e-04 1.8572e-01 0.0000e+00
568 0.0000e+00 0.0000e+00 1.3462e-04 7.9895e-05 1.3462e-04 1.8578e-01 0.0000e+00
569 0.0000e+00 0.0000e+00 1.3439e-04 7.0455e-05 1.3439e-04 1.8584e-01 0.0000e+00
570 0.0000e+00 0.0000e+00 1.3413e-04 6.2270e-05 1.3413e-04 1.8591e-01 0.0000e+00
571 0.0000e+00 0.0000e+00 1.3383e-04 5.5138e-05 1.3383e-04 1.8599e-01 0.0000e+00
572 0.0000e+00 0.0000e+00 1.3350e-04 4.8899e-05 1.3350e-04 1.8608e-01 0.0000e+00
573 3.0000e-03 3.0500e-05 1.7775e-04 4.1783e-04 1.3314e-04 1.8579e-01 4.4606e-05
574 1.0000e-03 5.8900e-05 1.4875e-04 4.5745e-04 1.3433e-04 1.8547e-01 1.4415e-05
575 2.5000e-03 8.3300e-05 1.7199e-04 6.9149e-04 1.3570e-04 1.8491e-01 3.6296e-05
576 3.5000e-03 1.0200e-04 1.8888e-04 1.0078e-03 1.3808e-04 1.8404e-01 5.0802e-05
577 1.5000e-03 1.1290e-04 1.6267e-04 1.0199e-03 1.4188e-04 1.8316e-01 2.0787e-05
578 0.0000e+00 1.1780e-04 1.4583e-04 8.7044e-04 1.4583e-04 1.8244e-01 0.0000e+00
579 0.0000e+00 1.1290e-04 1.4917e-04 7.5688e-04 1.4917e-04 1.8183e-01 0.0000e+00
580 0.0000e+00 1.0200e-04 1.5203e-04 6.6099e-04 1.5203e-04 1.8132e-01 0.0000e+00
581 0.0000e+00 8.3300e-05 1.5446e-04 5.7885e-04 1.5446e-04 1.8090e-01 0.0000e+00
582 0.0000e+00 5.8900e-05 1.5653e-04 5.0801e-04 1.5653e-04 1.8055e-01 0.0000e+00
583 0.0000e+00 2.8500e-05 1.5825e-04 4.4664e-04 1.5825e-04 1.8026e-01 0.0000e+00
584 0.0000e+00 0.0000e+00 1.5969e-04 3.9328e-04 1.5969e-04 1.8003e-01 0.0000e+00
585 0.0000e+00 0.0000e+00 1.6086e-04 3.4676e-04 1.6086e-04 1.7984e-01 0.0000e+00
586 0.0000e+00 0.0000e+00 1.6179e-04 3.0612e-04 1.6179e-04 1.7969e-01 0.0000e+00
587 0.0000e+00 0.0000e+00 1.6253e-04 2.7054e-04 1.6253e-04 1.7959e-01 0.0000e+00
588 0.0000e+00 0.0000e+00 1.6307e-04 2.3935e-04 1.6307e-04 1.7951e-01 0.0000e+00
589 5.0000e-04 0.0000e+00 1.6346e-04 2.1197e-04 1.6346e-04 1.7946e-01 0.0000e+00
590 0.0000e+00 0.0000e+00 1.6371e-04 1.8789e-04 1.6371e-04 1.7944e-01 0.0000e+00
591 0.0000e+00 0.0000e+00 1.6384e-04 1.6670e-04 1.6384e-04 1.7944e-01 0.0000e+00
592 5.0000e-04 0.0000e+00 1.7148e-04 1.9731e-04 1.6385e-04 1.7940e-01 7.6247e-06
593 0.0000e+00 0.0000e+00 1.6402e-04 1.7094e-04 1.6402e-04 1.7939e-01 0.0000e+00
594 1.0000e-03 0.0000e+00 1.8377e-04 2.7795e-04 1.6406e-04 1.7928e-01 1.9708e-05
595 0.0000e+00 0.0000e+00 1.6464e-04 2.3484e-04 1.6464e-04 1.7921e-01 0.0000e+00
596 0.0000e+00 0.0000e+00 1.6500e-04 2.0445e-04 1.6500e-04 1.7917e-01 0.0000e+00
597 0.0000e+00 6.2600e-05 1.6521e-04 1.7895e-04 1.6521e-04 1.7916e-01 0.0000e+00
598 0.0000e+00 1.2080e-04 1.6528e-04 1.5721e-04 1.6528e-04 1.7917e-01 0.0000e+00
599 0.0000e+00 1.7090e-04 1.6524e-04 1.3849e-04 1.6524e-04 1.7919e-01 0.0000e+00
600 0.0000e+00 2.0930e-04 1.6510e-04 1.2225e-04 1.6510e-04 1.7924e-01 0.0000e+00
601 0.0000e+00 2.3150e-04 1.6488e-04 1.0811e-04 1.6488e-04 1.7929e-01 0.0000e+00
602 0.0000e+00 2.4180e-04 1.6459e-04 9.5755e-05 1.6459e-04 1.7936e-01 0.0000e+00
603 0.0000e+00 2.3150e-04 1.6423e-04 8.4923e-05 1.6423e-04 1.7944e-01 0.0000e+00
604 0.0000e+00 2.0930e-04 1.6383e-04 7.5408e-05 1.6383e-04 1.7953e-01 0.0000e+00
605 0.0000e+00 1.7090e-04 1.6337e-04 6.7032e-05 1.6337e-04 1.7962e-01 0.0000e+00
606 0.0000e+00 1.2080e-04 1.6288e-04 5.9648e-05 1.6288e-04 1.7973e-01 0.0000e+00
607 0.0000e+00 5.8500e-05 1.6236e-04 5.3128e-05 1.6236e-04 1.7984e-01 0.0000e+00
608 0.0000e+00 0.0000e+00 1.6180e-04 4.7363e-05 1.6180e-04 1.7995e-01 0.0000e+00
609 0.0000e+00 0.0000e+00 1.6123e-04 4.2260e-05 1.6123e-04 1.8007e-01 0.0000e+00
610 0.0000e+00 0.0000e+00 1.6063e-04 3.7737e-05 1.6063e-04 1.8019e-01 0.0000e+00
611 0.0000e+00 0.0000e+00 1.6001e-04 3.3723e-05 1.6001e-04 1.8032e-01 0.0000e+00
612 0.0000e+00 0.0000e+00 1.5938e-04 3.0159e-05 1.5938e-04 1.8045e-01 0.0000e+00
613 0.0000e+00 0.0000e+00 1.5874e-04 2.6990e-05 1.5874e-04 1.8058e-01 0.0000e+00
614 0.0000e+00 0.0000e+00 1.5809e-04 2.4170e-05 1.5809e-04 1.8071e-01 0.0000e+00
615 0.0000e+00 0.0000e+00 1.5743e-04 2.1659e-05 1.5743e-04 1.8085e-01 0.0000e+00
616 0.0000e+00 0.0000e+00 1.5676e-04 1.9421e-05 1.5676e-04 1.8099e-01 0.0000e+00
617 0.0000e+00 0.0000e+00 1.5609e-04 1.7425e-05 1.5609e-04 1.8113e-01 0.0000e+00
618 0.0000e+00 0.0000e+00 1.5541e-04 1.5643e-05 1.5541e-04 1.8127e-01 0.0000e+00
619 0.0000e+00 0.0000e+00 1.5474e-04 1.4051e-05 1.5474e-04 1.8141e-01 0.0000e+00
620 0.0000e+00 0.0000e+00 1.5406e-04 1.2628e-05 1.5406e-04 1.8155e-01 0.0000e+00
621 0.0000e+00 1.4200e-05 1.5338e-04 1.1355e-05 1.5338e-04 1.8169e-01 0.0000e+00
622 0.0000e+00 2.7500e-05 1.5270e-04 1.0216e-05 1.5270e-04 1.8183e-01 0.0000e+00
623 0.0000e+00 3.8900e-05 1.5202e-04 9.1955e-06 1.5202e-04 1.8198e-01 0.0000e+00
624 1.0000e-03 4.7600e-05 1.5134e-04 8.2805e-06 1.5134e-04 1.8212e-01 0.0000e+00
625 1.0000e-03 5.2700e-05 1.5182e-04 1.7456e-05 1.5067e-04 1.8225e-01 1.1496e-06
626 3.0000e-03 5.5000e-05 2.0156e-04 3.8777e-04 1.5004e-04 1.8201e-01 5.1515e-05
627 2.0000e-03 5.2700e-05 1.8412e-04 5.5611e-04 1.5116e-04 1.8161e-01 3.2960e-05
628 1.5000e-03 4.7600e-05 1.7828e-04 6.4446e-04 1.5309e-04 1.8112e-01 2.5193e-05
629 3.5000e-03 3.8900e-05 2.2264e-04 9.7729e-04 1.5546e-04 1.8030e-01 6.7188e-05
630 4.0000e-03 2.7500e-05 2.3757e-04 1.3209e-03 1.5950e-04 1.7913e-01 7.8067e-05
631 5.0000e-03 1.3300e-05 2.6340e-04 1.7495e-03 1.6540e-04 1.7755e-01 9.7999e-05
632 0.0000e+00 0.0000e+00 1.7379e-04 1.4804e-03 1.7379e-04 1.7624e-01 0.0000e+00
633 0.0000e+00 0.0000e+00 1.8103e-04 1.2811e-03 1.8103e-04 1.7514e-01 0.0000e+00
634 1.0000e-03 0.0000e+00 2.0681e-04 1.2432e-03 1.8736e-04 1.7409e-01 1.9446e-05
635 2.5000e-03 0.0000e+00 2.4292e-04 1.4066e-03 1.9365e-04 1.7287e-01 4.9271e-05
636 3.5000e-03 0.0000e+00 2.7011e-04 1.6718e-03 2.0113e-04 1.7140e-01 6.8979e-05
637 3.0000e-03 0.0000e+00 2.6972e-04 1.8269e-03 2.1059e-04 1.6979e-01 5.9125e-05
638 0.0000e+00 0.0000e+00 2.2150e-04 1.5529e-03 2.2150e-04 1.6846e-01 0.0000e+00
639 5.0000e-04 0.0000e+00 2.4076e-04 1.4133e-03 2.3091e-04 1.6727e-01 9.8541e-06
640 0.0000e+00 0.0000e+00 2.3960e-04 1.2213e-03 2.3960e-04 1.6629e-01 0.0000e+00
641 5.0000e-04 0.0000e+00 2.5692e-04 1.1330e-03 2.4707e-04 1.6541e-01 9.8541e-06
642 0.0000e+00 0.0000e+00 2.5400e-04 9.7926e-04 2.5400e-04 1.6468e-01 0.0000e+00
643 5.0000e-04 0.0000e+00 2.6968e-04 9.2489e-04 2.5983e-04 1.6402e-01 9.8541e-06
644 0.0000e+00 0.0000e+00 2.6528e-04 7.9789e-04 2.6528e-04 1.6348e-01 0.0000e+00
645 0.0000e+00 1.6900e-05 2.6973e-04 6.9477e-04 2.6973e-04 1.6306e-01 0.0000e+00
646 0.0000e+00 3.2600e-05 2.7334e-04 6.0608e-04 2.7334e-04 1.6273e-01 0.0000e+00
647 0.0000e+00 4.6100e-05 2.7620e-04 5.2944e-04 2.7620e-04 1.6247e-01 0.0000e+00
648 0.0000e+00 5.6400e-05 2.7839e-04 4.6306e-04 2.7839e-04 1.6229e-01 0.0000e+00
649 0.0000e+00 6.2400e-05 2.8000e-04 4.0548e-04 2.8000e-04 1.6216e-01 0.0000e+00
650 0.0000e+00 6.5200e-05 2.8110e-04 3.5544e-04 2.8110e-04 1.6209e-01 0.0000e+00
651 0.0000e+00 6.2400e-05 2.8176e-04 3.1191e-04 2.8176e-04 1.6206e-01 0.0000e+00
652 0.0000e+00 5.6400e-05 2.8202e-04 2.7399e-04 2.8202e-04 1.6207e-01 0.0000e+00
653 0.0000e+00 4.6100e-05 2.8195e-04 2.4092e-04 2.8195e-04 1.6211e-01 0.0000e+00
654 0.0000e+00 3.2600e-05 2.8159e-04 2.1205e-04 2.8159e-04 1.6218e-01 0.0000e+00
655 0.0000e+00 1.5800e-05 2.8098e-04 1.8682e-04 2.8098e-04 1.6227e-01 0.0000e+00
656 0.0000e+00 0.0000e+00 2.8015e-04 1.6474e-04 2.8015e-04 1.6239e-01 0.0000e+00
657 0.0000e+00 0.0000e+00 2.7915e-04 1.4541e-04 2.7915e-04 1.6252e-01 0.0000e+00
658 0.0000e+00 0.0000e+00 2.7798e-04 1.2846e-04 2.7798e-04 1.6267e-01 0.0000e+00
659 0.0000e+00 0.0000e+00 2.7669e-04 1.1359e-04 2.7669e-04 1.6283e-01 0.0000e+00
660 0.0000e+00 0.0000e+00 2.7528e-04 1.0053e-04 2.7528e-04 1.6301e-01 0.0000e+00
661 0.0000e+00 0.0000e+00 2.7378e-04 8.9038e-05 2.7378e-04 1.6319e-01 0.0000e+00
662 0.0000e+00 0.0000e+00 2.7220e-04 7.8928e-05 2.7220e-04 1.6339e-01 0.0000e+00
663 0.0000e+00 0.0000e+00 2.7056e-04 7.0022e-05 2.7056e-04 1.6359e-01 0.0000e+00
664 0.0000e+00 0.0000e+00 2.6887e-04 6.2169e-05 2.6887e-04 1.6379e-01 0.0000e+00
665 0.0000e+00 0.0000e+00 2.6714e-04 5.5239e-05 2.6714e-04 1.6400e-01 0.0000e+00
666 5.0000e-04 0.0000e+00 2.6556e-04 5.0474e-05 2.6538e-04 1.6422e-01 1.8271e-07
667 0.0000e+00 0.0000e+00 2.6360e-04 4.4711e-05 2.6360e-04 1.6444e-01 0.0000e+00
668 5.0000e-04 0.0000e+00 2.7166e-04 1.1259e-04 2.6181e-04 1.6459e-01 9.8541e-06
669 5.0000e-04 1.5300e-05 2.7044e-04 1.6230e-04 2.6059e-04 1.6469e-01 9.8541e-06
670 0.0000e+00 2.9500e-05 2.5979e-04 1.3104e-04 2.5979e-04 1.6481e-01 0.0000e+00
671 1.0000e-03 4.1700e-05 2.7757e-04 2.5034e-04 2.5875e-04 1.6482e-01 1.8826e-05
672 0.0000e+00 5.1100e-05 2.5868e-04 1.9978e-04 2.5868e-04 1.6488e-01 0.0000e+00
673 0.0000e+00 5.6500e-05 2.5820e-04 1.6979e-04 2.5820e-04 1.6497e-01 0.0000e+00
674 0.0000e+00 5.9000e-05 2.5749e-04 1.4561e-04 2.5749e-04 1.6508e-01 0.0000e+00
675 5.0000e-04 5.6500e-05 2.6235e-04 1.6780e-04 2.5659e-04 1.6517e-01 5.7553e-06
676 5.0000e-04 5.1100e-05 2.6462e-04 2.0447e-04 2.5588e-04 1.6522e-01 8.7406e-06
677 0.0000e+00 4.1700e-05 2.5547e-04 1.6897e-04 2.5547e-04 1.6531e-01 0.0000e+00
678 0.0000e+00 2.9500e-05 2.5478e-04 1.4488e-04 2.5478e-04 1.6542e-01 0.0000e+00
679 1.0000e-03 1.4300e-05 2.7121e-04 2.5159e-04 2.5391e-04 1.6542e-01 1.7300e-05
680 1.0000e-03 0.0000e+00 2.7331e-04 3.4558e-04 2.5389e-04 1.6533e-01 1.9426e-05
681 0.0000e+00 0.0000e+00 2.5462e-04 2.8068e-04 2.5462e-04 1.6530e-01 0.0000e+00
682 0.0000e+00 0.0000e+00 2.5482e-04 2.3898e-04 2.5482e-04 1.6532e-01 0.0000e+00
683 0.0000e+00 0.0000e+00 2.5470e-04 2.0517e-04 2.5470e-04 1.6537e-01 0.0000e+00
684 0.0000e+00 0.0000e+00 2.5430e-04 1.7702e-04 2.5430e-04 1.6545e-01 0.0000e+00
685 0.0000e+00 0.0000e+00 2.5369e-04 1.5332e-04 2.5369e-04 1.6555e-01 0.0000e+00
686 0.0000e+00 0.0000e+00 2.5290e-04 1.3320e-04 2.5290e-04 1.6567e-01 0.0000e+00
687 0.0000e+00 0.0000e+00 2.5195e-04 1.1602e-04 2.5195e-04 1.6580e-01 0.0000e+00
688 0.0000e+00 0.0000e+00 2.5088e-04 1.0128e-04 2.5088e-04 1.6595e-01 0.0000e+00
689 0.0000e+00 0.0000e+00 2.4971e-04 8.8594e-05 2.4971e-04 1.6611e-01 0.0000e+00
690 0.0000e+00 0.0000e+00 2.4846e-04 7.7635e-05 2.4846e-04 1.6628e-01 0.0000e+00
691 0.0000e+00 0.0000e+00 2.4714e-04 6.8143e-05 2.4714e-04 1.6646e-01 0.0000e+00
692 0.0000e+00 0.0000e+00 2.4576e-04 5.9901e-05 2.4576e-04 1.6665e-01 0.0000e+00
693 0.0000e+00 5.6100e-05 2.4434e-04 5.2730e-05 2.4434e-04 1.6684e-01 0.0000e+00
694 0.0000e+00 1.0830e-04 2.4288e-04 4.6478e-05 2.4288e-04 1.6704e-01 0.0000e+00
695 0.0000e+00 1.5320e-04 2.4139e-04 4.1017e-05 2.4139e-04 1.6724e-01 0.0000e+00
696 0.0000e+00 1.8770e-04 2.3988e-04 3.6240e-05 2.3988e-04 1.6744e-01 0.0000e+00
697 0.0000e+00 2.0760e-04 2.3836e-04 3.2054e-05 2.3836e-04 1.6765e-01 0.0000e+00
698 0.0000e+00 2.1680e-04 2.3683e-04 2.8382e-05 2.3683e-04 1.6786e-01 0.0000e+00
699 0.0000e+00 2.0760e-04 2.3529e-04 2.5155e-05 2.3529e-04 1.6807e-01 0.0000e+00
700 5.0000e-04 1.8770e-04 2.3375e-04 2.2316e-05 2.3375e-04 1.6828e-01 0.0000e+00
701 0.0000e+00 1.5320e-04 2.3221e-04 1.9815e-05 2.3221e-04 1.6849e-01 0.0000e+00
702 0.0000e+00 1.0830e-04 2.3068e-04 1.7610e-05 2.3068e-04 1.6870e-01 0.0000e+00
703 0.0000e+00 5.2400e-05 2.2915e-04 1.5664e-05 2.2915e-04 1.6892e-01 0.0000e+00
704 0.0000e+00 0.0000e+00 2.2762e-04 1.3944e-05 2.2762e-04 1.6913e-01 0.0000e+00
705 0.0000e+00 0.0000e+00 2.2611e-04 1.2421e-05 2.2611e-04 1.6934e-01 0.0000e+00
706 0.0000e+00 0.0000e+00 2.2460e-04 1.1074e-05 2.2460e-04 1.6956e-01 0.0000e+00
707 0.0000e+00 0.0000e+00 2.2311e-04 9.8804e-06 2.2311e-04 1.6977e-01 0.0000e+00
708 0.0000e+00 0.0000e+00 2.2163e-04 8.8213e-06 2.2163e-04 1.6998e-01 0.0000e+00
709 0.0000e+00 0.0000e+00 2.2016e-04 7.8811e-06 2.2016e-04 1.7019e-01 0.0000e+00
710 0.0000e+00 0.0000e+00 2.1870e-04 7.0457e-06 2.1870e-04 1.7041e-01 0.0000e+00
711 0.0000e+00 0.0000e+00 2.1726e-04 6.3029e-06 2.1726e-04 1.7062e-01 0.0000e+00
712 0.0000e+00 0.0000e+00 2.1583e-04 5.6419e-06 2.1583e-04 1.7083e-01 0.0000e+00
713 0.0000e+00 0.0000e+00 2.1442e-04 5.0532e-06 2.1442e-04 1.7104e-01 0.0000e+00
714 0.0000e+00 0.0000e+00 2.1302e-04 4.5285e-06 2.1302e-04 1.7125e-01 0.0000e+00
715 0.0000e+00 0.0000e+00 2.1164e-04 4.0601e-06 2.1164e-04 1.7145e-01 0.0000e+00
716 0.0000e+00 0.0000e+00 2.1027e-04 3.6427e-06 2.1027e-04 1.7166e-01 0.0000e+00
717 0.0000e+00 8.5600e-05 2.0892e-04 3.2700e-06 2.0892e-04 1.7187e-01 0.0000e+00
718 0.0000e+00 1.6520e-04 2.0758e-04 2.9369e-06 2.0758e-04 1.7207e-01 0.0000e+00
719 0.0000e+00 2.3380e-04 2.0626e-04 2.6391e-06 2.0626e-04 1.7227e-01 0.0000e+00
720 0.0000e+00 2.8620e-04 2.0495e-04 2.3727e-06 2.0495e-04 1.7248e-01 0.0000e+00
721 0.0000e+00 3.1670e-04 2.0365e-04 2.1342e-06 2.0365e-04 1.7268e-01 0.0000e+00
722 0.0000e+00 3.3060e-04 2.0238e-04 1.9206e-06 2.0238e-04 1.7288e-01 0.0000e+00
723 0.0000e+00 3.1670e-04 2.0111e-04 1.7291e-06 2.0111e-04 1.7308e-01 0.0000e+00
724 0.0000e+00 2.8620e-04 1.9986e-04 1.5574e-06 1.9986e-04 1.7328e-01 0.0000e+00
725 0.0000e+00 2.3380e-04 1.9863e-04 1.4026e-06 1.9863e-04 1.7347e-01 0.0000e+00
726 0.0000e+00 1.6520e-04 1.9741e-04 1.2646e-06 1.9741e-04 1.7367e-01 0.0000e+00
727 0.0000e+00 8.0000e-05 1.9620e-04 1.1405e-06 1.9620e-04 1.7386e-01 0.0000e+00
728 0.0000e+00 0.0000e+00 1.9501e-04 1.0291e-06 1.9501e-04 1.7406e-01 0.0000e+00
729 0.0000e+00 0.0000e+00 1.9383e-04 9.2893e-07 1.9383e-04 1.7425e-01 0.0000e+00
730 0.0000e+00 0.0000e+00 1.9266e-04 8.3883e-07 1.9266e-04 1.7444e-01 0.0000e+00
731 0.0000e+00 0.0000e+00 1.9151e-04 7.5776e-07 1.9151e-04 1.7463e-01 0.0000e+00
732 0.0000e+00 0.0000e+00 1.9038e-04 6.8478e-07 1.9038e-04 1.7482e-01 0.0000e+00
733 0.0000e+00 0.0000e+00 1.8925e-04 6.1906e-07 1.8925e-04 1.7501e-01 0.0000e+00
734 0.0000e+00 0.0000e+00 1.8814e-04 5.5984e-07 1.8814e-04 1.7520e-01 0.0000e+00
735 0.0000e+00 0.0000e+00 1.8704e-04 5.0534e-07 1.8704e-04 1.7539e-01 0.0000e+00
736 0.0000e+00 0.0000e+00 1.8595e-04 4.5740e-07 1.8595e-04 1.7557e-01 0.0000e+00
737 0.0000e+00 0.0000e+00 1.8488e-04 4.1414e-07 1.8488e-04 1.7576e-01 0.0000e+00
738 0.0000e+00 0.0000e+00 1.8381e-04 3.7509e-07 1.8381e-04 1.7594e-01 0.0000e+00
739 0.0000e+00 0.0000e+00 1.8276e-04 3.3984e-07 1.8276e-04 1.7612e-01 0.0000e+00
740 0.0000e+00 0.0000e+00 1.8172e-04 3.0799e-07 1.8172e-04 1.7630e-01 0.0000e+00
741 0.0000e+00 7.4700e-05 1.8070e-04 2.7921e-07 1.8070e-04 1.7648e-01 0.0000e+00
742 0.0000e+00 1.4410e-04 1.7968e-04 2.5320e-07 1.7968e-04 1.7666e-01 0.0000e+00
743 0.0000e+00 2.0380e-04 1.7868e-04 2.2968e-07 1.7868e-04 1.7684e-01 0.0000e+00
744 0.0000e+00 2.4960e-04 1.7768e-04 2.0841e-07 1.7768e-04 1.7702e-01 0.0000e+00
745 0.0000e+00 2.7610e-04 1.7670e-04 1.8760e-07 1.7670e-04 1.7720e-01 0.0000e+00
746 0.0000e+00 2.8830e-04 1.7573e-04 1.7039e-07 1.7573e-04 1.7737e-01 0.0000e+00
747 0.0000e+00 2.7610e-04 1.7477e-04 1.5480e-07 1.7477e-04 1.7755e-01 0.0000e+00
748 0.0000e+00 2.4960e-04 1.7382e-04 1.4067e-07 1.7382e-04 1.7772e-01 0.0000e+00
749 0.0000e+00 2.0380e-04 1.7287e-04 1.2787e-07 1.7287e-04 1.7789e-01 0.0000e+00
750 0.0000e+00 1.4410e-04 1.7194e-04 1.1626e-07 1.7194e-04 1.7806e-01 0.0000e+00
751 0.0000e+00 6.9800e-05 1.7102e-04 1.0573e-07 1.7102e-04 1.7823e-01 0.0000e+00
752 0.0000e+00 0.0000e+00 1.7011e-04 9.6174e-08 1.7011e-04 1.7840e-01 0.0000e+00
753 0.0000e+00 0.0000e+00 1.6921e-04 8.7504e-08 1.6921e-04 1.7857e-01 0.0000e+00
754 0.0000e+00 0.0000e+00 1.6832e-04 7.9635e-08 1.6832e-04 1.7874e-01 0.0000e+00
755 0.0000e+00 0.0000e+00 1.6744e-04 7.2490e-08 1.6744e-04 1.7891e-01 0.0000e+00
756 0.0000e+00 0.0000e+00 1.6656e-04 6.4296e-08 1.6656e-04 1.7908e-01 0.0000e+00
757 0.0000e+00 0.0000e+00 1.6570e-04 5.8609e-08 1.6570e-04 1.7924e-01 0.0000e+00
758 0.0000e+00 0.0000e+00 1.6484e-04 5.3435e-08 1.6484e-04 1.7941e-01 0.0000e+00
759 0.0000e+00 0.0000e+00 1.6400e-04 4.8728e-08 1.6400e-04 1.7957e-01 0.0000e+00
760 0.0000e+00 0.0000e+00 1.6316e-04 4.4443e-08 1.6316e-04 1.7973e-01 0.0000e+00
761 0.0000e+00 0.0000e+00 1.6233e-04 4.0542e-08 1.6233e-04 1.7990e-01 0.0000e+00
762 0.0000e+00 0.0000e+00 1.6151e-04 3.6991e-08 1.6151e-04 1.8006e-01 0.0000e+00
763 0.0000e+00 0.0000e+00 1.6069e-04 3.3757e-08 1.6069e-04 1.8022e-01 0.0000e+00
764 0.0000e+00 0.0000e+00 1.5989e-04 3.0811e-08 1.5989e-04 1.8038e-01 0.0000e+00
765 0.0000e+00 9.6700e-05 1.5909e-04 2.8127e-08 1.5909e-04 1.8054e-01 0.0000e+00
766 0.0000e+00 1.8660e-04 1.5830e-04 2.4044e-08 1.5830e-04 1.8070e-01 0.0000e+00
767 0.0000e+00 2.6400e-04 1.5752e-04 2.1992e-08 1.5752e-04 1.8085e-01 0.0000e+00
768 0.0000e+00 3.2330e-04 1.5675e-04 2.0119e-08 1.5675e-04 1.8101e-01 0.0000e+00
769 0.0000e+00 3.5770e-04 1.5598e-04 1.8408e-08 1.5598e-04 1.8117e-01 0.0000e+00
770 0.0000e+00 3.7350e-04 1.5523e-04 1.6844e-08 1.5523e-04 1.8132e-01 0.0000e+00
771 0.0000e+00 3.5770e-04 1.5447e-04 1.5416e-08 1.5447e-04 1.8148e-01 0.0000e+00
772 0.0000e+00 3.2330e-04 1.5373e-04 1.4110e-08 1.5373e-04 1.8163e-01 0.0000e+00
773 0.0000e+00 2.6400e-04 1.5299e-04 1.2917e-08 1.5299e-04 1.8178e-01 0.0000e+00
774 0.0000e+00 1.8660e-04 1.5226e-04 1.1826e-08 1.5226e-04 1.8193e-01 0.0000e+00
775 0.0000e+00 9.0400e-05 1.5154e-04 1.0829e-08 1.5154e-04 1.8209e-01 0.0000e+00
776 0.0000e+00 0.0000e+00 1.5083e-04 9.9170e-09 1.5083e-04 1.8224e-01 0.0000e+00
777 0.0000e+00 0.0000e+00 1.5012e-04 7.9250e-09 1.5012e-04 1.8239e-01 0.0000e+00
778 0.0000e+00 0.0000e+00 1.4941e-04 7.2754e-09 1.4941e-04 1.8254e-01 0.0000e+00
779 0.0000e+00 0.0000e+00 1.4872e-04 6.6797e-09 1.4872e-04 1.8268e-01 0.0000e+00
780 0.0000e+00 0.0000e+00 1.4803e-04 6.1334e-09 1.4803e-04 1.8283e-01 0.0000e+00
781 0.0000e+00 0.0000e+00 1.4735e-04 5.6322e-09 1.4735e-04 1.8298e-01 0.0000e+00
782 0.0000e+00 0.0000e+00 1.4667e-04 5.1726e-09 1.4667e-04 1.8313e-01 0.0000e+00
783 0.0000e+00 0.0000e+00 1.4600e-04 4.7509e-09 1.4600e-04 1.8327e-01 0.0000e+00
784 0.0000e+00 0.0000e+00 1.4533e-04 4.3639e-09 1.4533e-04 1.8342e-01 0.0000e+00
785 0.0000e+00 0.0000e+00 1.4467e-04 4.0089e-09 1.4467e-04 1.8356e-01 0.0000e+00
786 0.0000e+00 0.0000e+00 1.4402e-04 3.6831e-09 1.4402e-04 1.8371e-01 0.0000e+00
787 0.0000e+00 0.0000e+00 1.4338e-04 3.3841e-09 1.4338e-04 1.8385e-01 0.0000e+00
788 0.0000e+00 0.0000e+00 1.4273e-04 2.3368e-09 1.4273e-04 1.8399e-01 0.0000e+00
789 0.0000e+00 1.2590e-04 1.4210e-04 2.1536e-09 1.4210e-04 1.8413e-01 0.0000e+00
790 0.0000e+00 2.4290e-04 1.4147e-04 1.9849e-09 1.4147e-04 1.8428e-01 0.0000e+00
791 0.0000e+00 3.4370e-04 1.4085e-04 1.8296e-09 1.4085e-04 1.8442e-01 0.0000e+00
792 0.0000e+00 4.2090e-04 1.4023e-04 1.6865e-09 1.4023e-04 1.8456e-01 0.0000e+00
793 0.0000e+00 4.6560e-04 1.3961e-04 1.5547e-09 1.3961e-04 1.8470e-01 0.0000e+00
794 0.0000e+00 4.8620e-04 1.3901e-04 1.4333e-09 1.3901e-04 1.8484e-01 0.0000e+00
795 0.0000e+00 4.6560e-04 1.3840e-04 1.3214e-09 1.3840e-04 1.8497e-01 0.0000e+00
796 0.0000e+00 4.2090e-04 1.3781e-04 1.2184e-09 1.3781e-04 1.8511e-01 0.0000e+00
797 0.0000e+00 3.4370e-04 1.3721e-04 1.1235e-09 1.3721e-04 1.8525e-01 0.0000e+00
798 0.0000e+00 2.4290e-04 1.3663e-04 1.0360e-09 1.3663e-04 1.8539e-01 0.0000e+00
799 0.0000e+00 1.1760e-04 1.3604e-04 5.2824e-10 1.3604e-04 1.8552e-01 0.0000e+00
800 0.0000e+00 0.0000e+00 1.3547e-04 4.8885e-10 1.3547e-04 1.8566e-01 0.0000e+00
801 0.0000e+00 0.0000e+00 1.3490e-04 4.5242e-10 1.3490e-04 1.8579e-01 0.0000e+00
802 0.0000e+00 0.0000e+00 1.3433e-04 4.1873e-10 1.3433e-04 1.8593e-01 0.0000e+00
803 0.0000e+00 0.0000e+00 1.3377e-04 3.8756e-10 1.3377e-04 1.8606e-01 0.0000e+00
804 0.0000e+00 0.0000e+00 1.3321e-04 3.5873e-10 1.3321e-04 1.8619e-01 0.0000e+00
805 0.0000e+00 0.0000e+00 1.3265e-04 3.3206e-10 1.3265e-04 1.8633e-01 0.0000e+00
806 0.0000e+00 0.0000e+00 1.3210e-04 3.0739e-10 1.3210e-04 1.8646e-01 0.0000e+00
807 0.0000e+00 0.0000e+00 1.3156e-04 2.8456e-10 1.3156e-04 1.8659e-01 0.0000e+00
808 0.0000e+00 0.0000e+00 1.3102e-04 2.6345e-10 1.3102e-04 1.8672e-01 0.0000e+00
809 0.0000e+00 0.0000e+00 1.3049e-04 2.4391e-10 1.3049e-04 1.8685e-01 0.0000e+00
810 0.0000e+00 0.0000e+00 1.2995e-04 6.3562e-11 1.2995e-04 1.8698e-01 0.0000e+00
811 0.0000e+00 0.0000e+00 1.2943e-04 5.9078e-11 1.2943e-04 1.8711e-01 0.0000e+00
812 0.0000e+00 0.0000e+00 1.2891e-04 5.4912e-11 1.2891e-04 1.8724e-01 0.0000e+00
813 0.0000e+00 3.0400e-05 1.2839e-04 5.1042e-11 1.2839e-04 1.8737e-01 0.0000e+00
814 0.0000e+00 5.8700e-05 1.2787e-04 4.7447e-11 1.2787e-04 1.8750e-01 0.0000e+00
815 0.0000e+00 8.3100e-05 1.2736e-04 4.4106e-11 1.2736e-04 1.8762e-01 0.0000e+00
816 0.0000e+00 1.0180e-04 1.2686e-04 4.1002e-11 1.2686e-04 1.8775e-01 0.0000e+00
817 0.0000e+00 1.1260e-04 1.2636e-04 3.8118e-11 1.2636e-04 1.8788e-01 0.0000e+00
818 0.0000e+00 1.1760e-04 1.2586e-04 3.5438e-11 1.2586e-04 1.8800e-01 0.0000e+00
819 0.0000e+00 1.1260e-04 1.2536e-04 3.2947e-11 1.2536e-04 1.8813e-01 0.0000e+00
820 0.0000e+00 1.0180e-04 1.2487e-04 3.0633e-11 1.2487e-04 1.8825e-01 0.0000e+00
821 0.0000e+00 8.3100e-05 1.2439e-04 0.0000e+00 1.2439e-04 1.8838e-01 0.0000e+00
822 0.0000e+00 5.8700e-05 1.2390e-04 0.0000e+00 1.2390e-04 1.8850e-01 0.0000e+00
823 0.0000e+00 2.8400e-05 1.2343e-04 0.0000e+00 1.2343e-04 1.8862e-01 0.0000e+00
824 0.0000e+00 0.0000e+00 1.2295e-04 0.0000e+00 1.2295e-04 1.8875e-01 0.0000e+00
825 0.0000e+00 0.0000e+00 1.2248e-04 0.0000e+00 1.2248e-04 1.8887e-01 0.0000e+00
826 0.0000e+00 0.0000e+00 1.2201e-04 0.0000e+00 1.2201e-04 1.8899e-01 0.0000e+00
827 0.0000e+00 0.0000e+00 1.2155e-04 0.0000e+00 1.2155e-04 1.8911e-01 0.0000e+00
828 0.0000e+00 0.0000e+00 1.2109e-04 0.0000e+00 1.2109e-04 1.8923e-01 0.0000e+00
829 0.0000e+00 0.0000e+00 1.2063e-04 0.0000e+00 1.2063e-04 1.8936e-01 0.0000e+00
830 0.0000e+00 0.0000e+00 1.2017e-04 0.0000e+00 1.2017e-04 1.8948e-01 0.0000e+00
831 0.0000e+00 0.0000e+00 1.1972e-04 0.0000e+00 1.1972e-04 1.8960e-01 0.0000e+00
832 0.0000e+00 0.0000e+00 1.1928e-04 0.0000e+00 1.1928e-04 1.8971e-01 0.0000e+00
833 0.0000e+00 0.0000e+00 1.1883e-04 0.0000e+00 1.1883e-04 1.8983e-01 0.0000e+00
834 0.0000e+00 0.0000e+00 1.1839e-04 0.0000e+00 1.1839e-04 1.8995e-01 0.0000e+00
835 0.0000e+00 0.0000e+00 1.1796e-04 0.0000e+00 1.1796e-04 1.9007e-01 0.0000e+00
836 0.0000e+00 0.0000e+00 1.1752e-04 0.0000e+00 1.1752e-04 1.9019e-01 0.0000e+00
837 0.0000e+00 6.6100e-05 1.1709e-04 0.0000e+00 1.1709e-04 1.9030e-01 0.0000e+00
838 0.0000e+00 1.2750e-04 1.1666e-04 0.0000e+00 1.1666e-04 1.9042e-01 0.0000e+00
839 0.0000e+00 1.8040e-04 1.1624e-04 0.0000e+00 1.1624e-04 1.9054e-01 0.0000e+00
840 0.0000e+00 2.2090e-04 1.1582e-04 0.0000e+00 1.1582e-04 1.9065e-01 0.0000e+00
841 0.0000e+00 2.4430e-04 1.1540e-04 0.0000e+00 1.1540e-04 1.9077e-01 0.0000e+00
842 0.0000e+00 2.5510e-04 1.1498e-04 0.0000e+00 1.1498e-04 1.9088e-01 0.0000e+00
843 0.0000e+00 2.4430e-04 1.1457e-04 0.0000e+00 1.1457e-04 1.9100e-01 0.0000e+00
844 0.0000e+00 2.2090e-04 1.1416e-04 0.0000e+00 1.1416e-04 1.9111e-01 0.0000e+00
845 0.0000e+00 1.8040e-04 1.1375e-04 0.0000e+00 1.1375e-04 1.9123e-01 0.0000e+00
846 0.0000e+00 1.2750e-04 1.1335e-04 0.0000e+00 1.1335e-04 1.9134e-01 0.0000e+00
847 0.0000e+00 6.1700e-05 1.1295e-04 0.0000e+00 1.1295e-04 1.9145e-01 0.0000e+00
848 0.0000e+00 0.0000e+00 1.1255e-04 0.0000e+00 1.1255e-04 1.9156e-01 0.0000e+00
849 0.0000e+00 0.0000e+00 1.1216e-04 0.0000e+00 1.1216e-04 1.9168e-01 0.0000e+00
850 0.0000e+00 0.0000e+00 1.1176e-04 0.0000e+00 1.1176e-04 1.9179e-01 0.0000e+00
851 0.0000e+00 0.0000e+00 1.1138e-04 0.0000e+00 1.1138e-04 1.9190e-01 0.0000e+00
852 0.0000e+00 0.0000e+00 1.1099e-04 0.0000e+00 1.1099e-04 1.9201e-01 0.0000e+00
853 0.0000e+00 0.0000e+00 1.1060e-04 0.0000e+00 1.1060e-04 1.9212e-01 0.0000e+00
854 0.0000e+00 0.0000e+00 1.1022e-04 0.0000e+00 1.1022e-04 1.9223e-01 0.0000e+00
855 0.0000e+00 0.0000e+00 1.0984e-04 0.0000e+00 1.0984e-04 1.9234e-01 0.0000e+00
856 0.0000e+00 0.0000e+00 1.0947e-04 0.0000e+00 1.0947e-04 1.9245e-01 0.0000e+00
857 0.0000e+00 0.0000e+00 1.0909e-04 0.0000e+00 1.0909e-04 1.9256e-01 0.0000e+00
858 0.0000e+00 0.0000e+00 1.0872e-04 0.0000e+00 1.0872e-04 1.9267e-01 0.0000e+00
859 0.0000e+00 0.0000e+00 1.0835e-04 0.0000e+00 1.0835e-04 1.9278e-01 0.0000e+00
860 0.0000e+00 0.0000e+00 1.0799e-04 0.0000e+00 1.0799e-04 1.9289e-01 0.0000e+00
861 0.0000e+00 9.7600e-05 1.0762e-04 0.0000e+00 1.0762e-04 1.9299e-01 0.0000e+00
862 0.0000e+00 1.8830e-04 1.0726e-04 0.0000e+00 1.0726e-04 1.9310e-01 0.0000e+00
863 0.0000e+00 2.6650e-04 1.0690e-04 0.0000e+00 1.0690e-04 1.9321e-01 0.0000e+00
864 0.0000e+00 3.2630e-04 1.0655e-04 0.0000e+00 1.0655e-04 1.9331e-01 0.0000e+00
865 0.0000e+00 3.6100e-04 1.0619e-04 0.0000e+00 1.0619e-04 1.9342e-01 0.0000e+00
866 0.0000e+00 3.7690e-04 1.0584e-04 0.0000e+00 1.0584e-04 1.9353e-01 0.0000e+00
867 0.0000e+00 3.6100e-04 1.0549e-04 0.0000e+00 1.0549e-04 1.9363e-01 0.0000e+00
868 0.0000e+00 3.2630e-04 1.0514e-04 0.0000e+00 1.0514e-04 1.9374e-01 0.0000e+00
869 0.0000e+00 2.6650e-04 1.0480e-04 0.0000e+00 1.0480e-04 1.9384e-01 0.0000e+00
870 0.0000e+00 1.8830e-04 1.0446e-04 0.0000e+00 1.0446e-04 1.9395e-01 0.0000e+00
871 0.0000e+00 9.1200e-05 1.0412e-04 0.0000e+00 1.0412e-04 1.9405e-01 0.0000e+00
872 0.0000e+00 0.0000e+00 1.0378e-04 0.0000e+00 1.0378e-04 1.9415e-01 0.0000e+00
873 0.0000e+00 0.0000e+00 1.0344e-04 0.0000e+00 1.0344e-04 1.9426e-01 0.0000e+00
874 0.0000e+00 0.0000e+00 1.0311e-04 0.0000e+00 1.0311e-04 1.9436e-01 0.0000e+00
875 0.0000e+00 0.0000e+00 1.0278e-04 0.0000e+00 1.0278e-04 1.9446e-01 0.0000e+00
876 0.0000e+00 0.0000e+00 1.0245e-04 0.0000e+00 1.0245e-04 1.9457e-01 0.0000e+00
877 0.0000e+00 0.0000e+00 1.0212e-04 0.0000e+00 1.0212e-04 1.9467e-01 0.0000e+00
878 0.0000e+00 0.0000e+00 1.0179e-04 0.0000e+00 1.0179e-04 1.9477e-01 0.0000e+00
879 0.0000e+00 0.0000e+00 1.0147e-04 0.0000e+00 1.0147e-04 1.9487e-01 0.0000e+00
880 0.0000e+00 0.0000e+00 1.0115e-04 0.0000e+00 1.0115e-04 1.9497e-01 0.0000e+00
881 0.0000e+00 0.0000e+00 1.0083e-04 0.0000e+00 1.0083e-04 1.9507e-01 0.0000e+00
882 0.0000e+00 0.0000e+00 1.0051e-04 0.0000e+00 1.0051e-04 1.9517e-01 0.0000e+00
883 0.0000e+00 0.0000e+00 1.0020e-04 0.0000e+00 1.0020e-04 1.9527e-01 0.0000e+00
884 0.0000e+00 0.0000e+00 9.9884e-05 0.0000e+00 9.9884e-05 1.9537e-01 0.0000e+00
885 0.0000e+00 6.4300e-05 9.9573e-05 0.0000e+00 9.9573e-05 1.9547e-01 0.0000e+00
886 0.0000e+00 1.2410e-04 9.9263e-05 0.0000e+00 9.9263e-05 1.9557e-01 0.0000e+00
887 0.0000e+00 1.7560e-04 9.8956e-05 0.0000e+00 9.8956e-05 1.9567e-01 0.0000e+00
888 0.0000e+00 2.1500e-04 9.8650e-05 0.0000e+00 9.8650e-05 1.9577e-01 0.0000e+00
889 0.0000e+00 2.3790e-04 9.8347e-05 0.0000e+00 9.8347e-05 1.9587e-01 0.0000e+00
890 0.0000e+00 2.4840e-04 9.8045e-05 0.0000e+00 9.8045e-05 1.9597e-01 0.0000e+00
891 0.0000e+00 2.3790e-04 9.7745e-05 0.0000e+00 9.7745e-05 1.9606e-01 0.0000e+00
892 0.0000e+00 2.1500e-04 9.7447e-05 0.0000e+00 9.7447e-05 1.9616e-01 0.0000e+00
893 0.0000e+00 1.7560e-04 9.7151e-05 0.0000e+00 9.7151e-05 1.9626e-01 0.0000e+00
894 0.0000e+00 1.2410e-04 9.6856e-05 0.0000e+00 9.6856e-05 1.9636e-01 0.0000e+00
895 0.0000e+00 6.0100e-05 9.6563e-05 0.0000e+00 9.6563e-05 1.9645e-01 0.0000e+00
896 0.0000e+00 0.0000e+00 9.6272e-05 0.0000e+00 9.6272e-05 1.9655e-01 0.0000e+00
897 0.0000e+00 0.0000e+00 9.5983e-05 0.0000e+00 9.5983e-05 1.9664e-01 0.0000e+00
898 0.0000e+00 0.0000e+00 9.5696e-05 0.0000e+00 9.5696e-05 1.9674e-01 0.0000e+00
899 0.0000e+00 0.0000e+00 9.5410e-05 0.0000e+00 9.5410e-05 1.9684e-01 0.0000e+00
900 0.0000e+00 0.0000e+00 9.5126e-05 0.0000e+00 9.5126e-05 1.9693e-01 0.0000e+00
901 0.0000e+00 0.0000e+00 9.4844e-05 0.0000e+00 9.4844e-05 1.9703e-01 0.0000e+00
902 0.0000e+00 0.0000e+00 9.4563e-05 0.0000e+00 9.4563e-05 1.9712e-01 0.0000e+00
903 0.0000e+00 0.0000e+00 9.4284e-05 0.0000e+00 9.4284e-05 1.9721e-01 0.0000e+00
904 0.0000e+00 0.0000e+00 9.4007e-05 0.0000e+00 9.4007e-05 1.9731e-01 0.0000e+00
905 0.0000e+00 0.0000e+00 9.3731e-05 0.0000e+00 9.3731e-05 1.9740e-01 0.0000e+00
906 0.0000e+00 0.0000e+00 9.3457e-05 0.0000e+00 9.3457e-05 1.9750e-01 0.0000e+00
907 0.0000e+00 0.0000e+00 9.3184e-05 0.0000e+00 9.3184e-05 1.9759e-01 0.0000e+00
908 0.0000e+00 0.0000e+00 9.2913e-05 0.0000e+00 9.2913e-05 1.9768e-01 0.0000e+00
909 0.0000e+00 8.0200e-05 9.2644e-05 0.0000e+00 9.2644e-05 1.9777e-01 0.0000e+00
910 0.0000e+00 1.5480e-04 9.2376e-05 0.0000e+00 9.2376e-05 1.9787e-01 0.0000e+00
911 0.0000e+00 2.1910e-04 9.2110e-05 0.0000e+00 9.2110e-05 1.9796e-01 0.0000e+00
912 0.0000e+00 2.6830e-04 9.1845e-05 0.0000e+00 9.1845e-05 1.9805e-01 0.0000e+00
913 0.0000e+00 2.9680e-04 9.1582e-05 0.0000e+00 9.1582e-05 1.9814e-01 0.0000e+00
914 0.0000e+00 3.0990e-04 9.1320e-05 0.0000e+00 9.1320e-05 1.9823e-01 0.0000e+00
915 0.0000e+00 2.9680e-04 9.1060e-05 0.0000e+00 9.1060e-05 1.9832e-01 0.0000e+00
916 0.0000e+00 2.6830e-04 9.0801e-05 0.0000e+00 9.0801e-05 1.9841e-01 0.0000e+00
917 0.0000e+00 2.1910e-04 9.0544e-05 0.0000e+00 9.0544e-05 1.9851e-01 0.0000e+00
918 0.0000e+00 1.5480e-04 9.0288e-05 0.0000e+00 9.0288e-05 1.9860e-01 0.0000e+00
919 0.0000e+00 7.5000e-05 9.0033e-05 0.0000e+00 9.0033e-05 1.9869e-01 0.0000e+00
920 0.0000e+00 0.0000e+00 8.9780e-05 0.0000e+00 8.9780e-05 1.9878e-01 0.0000e+00
921 0.0000e+00 0.0000e+00 8.9529e-05 0.0000e+00 8.9529e-05 1.9887e-01 0.0000e+00
922 0.0000e+00 0.0000e+00 8.9279e-05 0.0000e+00 8.9279e-05 1.9895e-01 0.0000e+00
923 0.0000e+00 0.0000e+00 8.9030e-05 0.0000e+00 8.9030e-05 1.9904e-01 0.0000e+00
924 0.0000e+00 0.0000e+00 8.8783e-05 0.0000e+00 8.8783e-05 1.9913e-01 0.0000e+00
925 0.0000e+00 0.0000e+00 8.8537e-05 0.0000e+00 8.8537e-05 1.9922e-01 0.0000e+00
926 0.0000e+00 0.0000e+00 8.8292e-05 0.0000e+00 8.8292e-05 1.9931e-01 0.0000e+00
927 0.0000e+00 0.0000e+00 8.8049e-05 0.0000e+00 8.8049e-05 1.9940e-01 0.0000e+00
928 0.0000e+00 0.0000e+00 8.7807e-05 0.0000e+00 8.7807e-05 1.9948e-01 0.0000e+00
929 0.0000e+00 0.0000e+00 8.7566e-05 0.0000e+00 8.7566e-05 1.9957e-01 0.0000e+00
930 0.0000e+00 0.0000e+00 8.7327e-05 0.0000e+00 8.7327e-05 1.9966e-01 0.0000e+00
931 0.0000e+00 0.0000e+00 8.7089e-05 0.0000e+00 8.7089e-05 1.9975e-01 0.0000e+00
932 0.0000e+00 0.0000e+00 8.6852e-05 0.0000e+00 8.6852e-05 1.9983e-01 0.0000e+00
933 0.0000e+00 9.6000e-05 8.6617e-05 0.0000e+00 8.6617e-05 1.9992e-01 0.0000e+00
934 0.0000e+00 1.8520e-04 8.6383e-05 0.0000e+00 8.6383e-05 2.0001e-01 0.0000e+00
935 0.0000e+00 2.6210e-04 8.6150e-05 0.0000e+00 8.6150e-05 2.0009e-01 0.0000e+00
936 0.0000e+00 3.2090e-04 8.5918e-05 0.0000e+00 8.5918e-05 2.0018e-01 0.0000e+00
937 0.0000e+00 3.5500e-04 8.5688e-05 0.0000e+00 8.5688e-05 2.0026e-01 0.0000e+00
938 0.0000e+00 3.7070e-04 8.5459e-05 0.0000e+00 8.5459e-05 2.0035e-01 0.0000e+00
939 0.0000e+00 3.5500e-04 8.5231e-05 0.0000e+00 8.5231e-05 2.0044e-01 0.0000e+00
940 0.0000e+00 3.2090e-04 8.5004e-05 0.0000e+00 8.5004e-05 2.0052e-01 0.0000e+00
941 0.0000e+00 2.6210e-04 8.4779e-05 0.0000e+00 8.4779e-05 2.0060e-01 0.0000e+00
942 0.0000e+00 1.8520e-04 8.4554e-05 0.0000e+00 8.4554e-05 2.0069e-01 0.0000e+00
943 0.0000e+00 8.9700e-05 8.4331e-05 0.0000e+00 8.4331e-05 2.0077e-01 0.0000e+00
944 0.0000e+00 0.0000e+00 8.4109e-05 0.0000e+00 8.4109e-05 2.0086e-01 0.0000e+00
945 0.0000e+00 0.0000e+00 8.3888e-05 0.0000e+00 8.3888e-05 2.0094e-01 0.0000e+00
946 0.0000e+00 0.0000e+00 8.3669e-05 0.0000e+00 8.3669e-05 2.0103e-01 0.0000e+00
947 0.0000e+00 0.0000e+00 8.3450e-05 0.0000e+00 8.3450e-05 2.0111e-01 0.0000e+00
948 0.0000e+00 0.0000e+00 8.3233e-05 0.0000e+00 8.3233e-05 2.0119e-01 0.0000e+00
949 0.0000e+00 0.0000e+00 8.3017e-05 0.0000e+00 8.3017e-05 2.0128e-01 0.0000e+00
950 0.0000e+00 0.0000e+00 8.2802e-05 0.0000e+00 8.2802e-05 2.0136e-01 0.0000e+00
Objective function values:
F1 1.733029e-06    NSE 0.70209   F2 3.047057e-02
Mean Obs Q 1.590065e-04   Variance Obs Q 6.123405e-09
    Error Variance 1.824241e-09

Water Balance for Subcatchment: Extracted study basin: Taegu Pyungkwang River

   SUMP       SUMAE      SUMQ       SUMRZ      SUMUZ      SBAR        BAL
1.890e-01  4.543e-02  1.229e-01  1.924e-02  0.000e+00  2.014e-01  8.337e-03
