Taegu Pyungkwang River Catchment: Calibration Data

Subcatchment : Extracted study basin: cat-12439

TL =     8.02
SUMAC =     1.00
SZQ =       0.04898
Subcatchment routing data:
Maximum Routing Delay       0.69444
Sum of Histogram ordinates:     1.0000
     1.00000 
Initial BAL             -0.23588
Initial SBAR             0.23388
Initial SR0              0.00200
it      p        ep       q(it)       quz      q       sbar       qof
1 0.0000e+00 6.1900e-05 3.2800e-05 0.0000e+00 3.2800e-05 2.3391e-01 0.0000e+00
2 0.0000e+00 6.4700e-05 3.2766e-05 0.0000e+00 3.2766e-05 2.3395e-01 0.0000e+00
3 1.0000e-03 6.1900e-05 3.2733e-05 0.0000e+00 3.2733e-05 2.3398e-01 0.0000e+00
4 1.0000e-03 5.6000e-05 3.2699e-05 0.0000e+00 3.2699e-05 2.3401e-01 0.0000e+00
5 1.0000e-03 4.5700e-05 4.5394e-05 7.5117e-05 3.2666e-05 2.3397e-01 1.2728e-05
6 5.0000e-04 3.2300e-05 4.0295e-05 1.0604e-04 3.2709e-05 2.3390e-01 7.5860e-06
7 5.0000e-04 1.5600e-05 4.0594e-05 1.3653e-04 3.2784e-05 2.3379e-01 7.8098e-06
8 0.0000e+00 0.0000e+00 3.2891e-05 1.1765e-04 3.2891e-05 2.3371e-01 0.0000e+00
9 5.0000e-04 0.0000e+00 4.1067e-05 1.5234e-04 3.2978e-05 2.3359e-01 8.0887e-06
10 5.0000e-04 0.0000e+00 4.1451e-05 1.8191e-04 3.3101e-05 2.3344e-01 8.3492e-06
11 0.0000e+00 0.0000e+00 3.3256e-05 1.5862e-04 3.3256e-05 2.3331e-01 0.0000e+00
12 0.0000e+00 0.0000e+00 3.3386e-05 1.4165e-04 3.3386e-05 2.3321e-01 0.0000e+00
13 1.0000e-03 0.0000e+00 5.0198e-05 2.2625e-04 3.3499e-05 2.3301e-01 1.6698e-05
14 5.0000e-04 0.0000e+00 4.2051e-05 2.4494e-04 3.3702e-05 2.3280e-01 8.3492e-06
15 5.0000e-04 0.0000e+00 4.2274e-05 2.6460e-04 3.3925e-05 2.3257e-01 8.3492e-06
16 1.0000e-03 0.0000e+00 5.0869e-05 3.3228e-04 3.4170e-05 2.3227e-01 1.6698e-05
17 0.0000e+00 0.0000e+00 3.4490e-05 2.8960e-04 3.4490e-05 2.3202e-01 0.0000e+00
18 0.0000e+00 0.0000e+00 3.4766e-05 2.5892e-04 3.4766e-05 2.3179e-01 0.0000e+00
19 0.0000e+00 0.0000e+00 3.5011e-05 2.3271e-04 3.5011e-05 2.3160e-01 0.0000e+00
20 0.0000e+00 0.0000e+00 3.5228e-05 2.0985e-04 3.5228e-05 2.3142e-01 0.0000e+00
21 0.0000e+00 1.8000e-05 3.5420e-05 1.8965e-04 3.5420e-05 2.3127e-01 0.0000e+00
22 0.0000e+00 3.4800e-05 3.5591e-05 1.7168e-04 3.5591e-05 2.3113e-01 0.0000e+00
23 0.0000e+00 4.9200e-05 3.5743e-05 1.5562e-04 3.5743e-05 2.3101e-01 0.0000e+00
24 3.0000e-03 6.0200e-05 8.4270e-05 4.3260e-04 3.5877e-05 2.3061e-01 4.8393e-05
25 2.0000e-03 6.6600e-05 6.8716e-05 5.6026e-04 3.6325e-05 2.3009e-01 3.2391e-05
26 5.5000e-03 6.9600e-05 1.2765e-04 1.0327e-03 3.6924e-05 2.2909e-01 9.0729e-05
27 6.0000e-03 6.6600e-05 1.3712e-04 1.4816e-03 3.8092e-05 2.2765e-01 9.9028e-05
28 1.0000e-03 6.0200e-05 5.5436e-05 1.3677e-03 3.9849e-05 2.2632e-01 1.5586e-05
29 2.5000e-03 4.9200e-05 8.2278e-05 1.4626e-03 4.1538e-05 2.2490e-01 4.0741e-05
30 0.0000e+00 3.4800e-05 4.3424e-05 1.2867e-03 4.3424e-05 2.2366e-01 0.0000e+00
31 0.0000e+00 1.6800e-05 4.5144e-05 1.1524e-03 4.5144e-05 2.2255e-01 0.0000e+00
32 1.0000e-03 0.0000e+00 6.6283e-05 1.1278e-03 4.6734e-05 2.2147e-01 1.9549e-05
33 5.0000e-04 0.0000e+00 5.9209e-05 1.0611e-03 4.8339e-05 2.2046e-01 1.0870e-05
34 0.0000e+00 0.0000e+00 4.9894e-05 9.5155e-04 4.9894e-05 2.1956e-01 0.0000e+00
35 0.0000e+00 0.0000e+00 5.1320e-05 8.5750e-04 5.1320e-05 2.1875e-01 0.0000e+00
36 0.0000e+00 0.0000e+00 5.2629e-05 7.7387e-04 5.2629e-05 2.1803e-01 0.0000e+00
37 0.0000e+00 0.0000e+00 5.3829e-05 6.9906e-04 5.3829e-05 2.1738e-01 0.0000e+00
38 0.0000e+00 0.0000e+00 5.4925e-05 6.3195e-04 5.4925e-05 2.1681e-01 0.0000e+00
39 0.0000e+00 0.0000e+00 5.5924e-05 5.7164e-04 5.5924e-05 2.1629e-01 0.0000e+00
40 0.0000e+00 0.0000e+00 5.6833e-05 5.1738e-04 5.6833e-05 2.1583e-01 0.0000e+00
41 0.0000e+00 0.0000e+00 5.7657e-05 4.6849e-04 5.7657e-05 2.1542e-01 0.0000e+00
42 0.0000e+00 0.0000e+00 5.8402e-05 4.2441e-04 5.8402e-05 2.1505e-01 0.0000e+00
43 0.0000e+00 0.0000e+00 5.9074e-05 3.8464e-04 5.9074e-05 2.1473e-01 0.0000e+00
44 0.0000e+00 0.0000e+00 5.9678e-05 3.4873e-04 5.9678e-05 2.1444e-01 0.0000e+00
45 0.0000e+00 3.3800e-05 6.0219e-05 3.1630e-04 6.0219e-05 2.1418e-01 0.0000e+00
46 1.0000e-03 6.5200e-05 8.1707e-05 3.9157e-04 6.0703e-05 2.1385e-01 2.1004e-05
47 0.0000e+00 9.2300e-05 6.1334e-05 3.4388e-04 6.1334e-05 2.1357e-01 0.0000e+00
48 5.0000e-04 1.1300e-04 6.9326e-05 3.4647e-04 6.1878e-05 2.1328e-01 7.4483e-06
49 0.0000e+00 1.2500e-04 6.2431e-05 3.0852e-04 6.2431e-05 2.1304e-01 0.0000e+00
50 1.0000e-03 1.3050e-04 7.9484e-05 3.6094e-04 6.2913e-05 2.1274e-01 1.6571e-05
51 2.5000e-03 1.2500e-04 1.1501e-04 5.7580e-04 6.3501e-05 2.1223e-01 5.1511e-05
52 3.0000e-03 1.1300e-04 1.2703e-04 8.0565e-04 6.4526e-05 2.1149e-01 6.2500e-05
53 2.5000e-03 9.2300e-05 1.1793e-04 9.4974e-04 6.6038e-05 2.1060e-01 5.1891e-05
54 3.0000e-03 6.5200e-05 1.3110e-04 1.1400e-03 6.7887e-05 2.0953e-01 6.3211e-05
55 2.5000e-03 3.1600e-05 1.2313e-04 1.2533e-03 7.0200e-05 2.0835e-01 5.2930e-05
56 2.0000e-03 0.0000e+00 1.1564e-04 1.3074e-03 7.2844e-05 2.0711e-01 4.2791e-05
57 1.0000e-03 0.0000e+00 9.7448e-05 1.2523e-03 7.5709e-05 2.0594e-01 2.1739e-05
58 1.0000e-03 0.0000e+00 1.0028e-04 1.2153e-03 7.8545e-05 2.0480e-01 2.1739e-05
59 0.0000e+00 0.0000e+00 8.1385e-05 1.0692e-03 8.1385e-05 2.0381e-01 0.0000e+00
60 5.0000e-04 0.0000e+00 9.4806e-05 1.0105e-03 8.3936e-05 2.0289e-01 1.0870e-05
61 5.0000e-04 0.0000e+00 9.7272e-05 9.5465e-04 8.6402e-05 2.0202e-01 1.0870e-05
62 0.0000e+00 0.0000e+00 8.8779e-05 8.4561e-04 8.8779e-05 2.0126e-01 0.0000e+00
63 0.0000e+00 0.0000e+00 9.0903e-05 7.5533e-04 9.0903e-05 2.0060e-01 0.0000e+00
64 0.0000e+00 0.0000e+00 9.2811e-05 6.7607e-04 9.2811e-05 2.0001e-01 0.0000e+00
65 0.0000e+00 0.0000e+00 9.4518e-05 6.0587e-04 9.4518e-05 1.9950e-01 0.0000e+00
66 0.0000e+00 0.0000e+00 9.6040e-05 5.4345e-04 9.6040e-05 1.9905e-01 0.0000e+00
67 0.0000e+00 0.0000e+00 9.7393e-05 4.8785e-04 9.7393e-05 1.9866e-01 0.0000e+00
68 0.0000e+00 0.0000e+00 9.8588e-05 4.3824e-04 9.8588e-05 1.9832e-01 0.0000e+00
69 0.0000e+00 4.1400e-05 9.9640e-05 3.9393e-04 9.9640e-05 1.9803e-01 0.0000e+00
70 0.0000e+00 7.9800e-05 1.0056e-04 3.5430e-04 1.0056e-04 1.9778e-01 0.0000e+00
71 0.0000e+00 1.1290e-04 1.0136e-04 3.1884e-04 1.0136e-04 1.9756e-01 0.0000e+00
72 0.0000e+00 1.3830e-04 1.0205e-04 2.8708e-04 1.0205e-04 1.9737e-01 0.0000e+00
73 0.0000e+00 1.5300e-04 1.0264e-04 2.5862e-04 1.0264e-04 1.9722e-01 0.0000e+00
74 0.0000e+00 1.5980e-04 1.0315e-04 2.3309e-04 1.0315e-04 1.9709e-01 0.0000e+00
75 0.0000e+00 1.5300e-04 1.0357e-04 2.1019e-04 1.0357e-04 1.9698e-01 0.0000e+00
76 0.0000e+00 1.3830e-04 1.0391e-04 1.8962e-04 1.0391e-04 1.9690e-01 0.0000e+00
77 0.0000e+00 1.1290e-04 1.0419e-04 1.7115e-04 1.0419e-04 1.9683e-01 0.0000e+00
78 0.0000e+00 7.9800e-05 1.0441e-04 1.5454e-04 1.0441e-04 1.9678e-01 0.0000e+00
79 0.0000e+00 3.8700e-05 1.0457e-04 1.3960e-04 1.0457e-04 1.9674e-01 0.0000e+00
80 0.0000e+00 0.0000e+00 1.0469e-04 1.2617e-04 1.0469e-04 1.9672e-01 0.0000e+00
81 0.0000e+00 0.0000e+00 1.0476e-04 1.1407e-04 1.0476e-04 1.9671e-01 0.0000e+00
82 0.0000e+00 0.0000e+00 1.0479e-04 1.0318e-04 1.0479e-04 1.9671e-01 0.0000e+00
83 0.0000e+00 0.0000e+00 1.0478e-04 9.3361e-05 1.0478e-04 1.9673e-01 0.0000e+00
84 0.0000e+00 0.0000e+00 1.0474e-04 8.4511e-05 1.0474e-04 1.9675e-01 0.0000e+00
85 0.0000e+00 0.0000e+00 1.0468e-04 7.6530e-05 1.0468e-04 1.9677e-01 0.0000e+00
86 0.0000e+00 0.0000e+00 1.0459e-04 6.9329e-05 1.0459e-04 1.9681e-01 0.0000e+00
87 0.0000e+00 0.0000e+00 1.0447e-04 6.2828e-05 1.0447e-04 1.9685e-01 0.0000e+00
88 0.0000e+00 0.0000e+00 1.0434e-04 5.6958e-05 1.0434e-04 1.9690e-01 0.0000e+00
89 0.0000e+00 0.0000e+00 1.0418e-04 5.1654e-05 1.0418e-04 1.9695e-01 0.0000e+00
90 0.0000e+00 0.0000e+00 1.0401e-04 4.6861e-05 1.0401e-04 1.9701e-01 0.0000e+00
91 0.0000e+00 0.0000e+00 1.0382e-04 4.2526e-05 1.0382e-04 1.9707e-01 0.0000e+00
92 0.0000e+00 0.0000e+00 1.0363e-04 3.8606e-05 1.0363e-04 1.9713e-01 0.0000e+00
93 0.0000e+00 1.9100e-05 1.0342e-04 3.5058e-05 1.0342e-04 1.9720e-01 0.0000e+00
94 0.0000e+00 3.6800e-05 1.0319e-04 3.1847e-05 1.0319e-04 1.9727e-01 0.0000e+00
95 0.0000e+00 5.2100e-05 1.0296e-04 2.8939e-05 1.0296e-04 1.9735e-01 0.0000e+00
96 0.0000e+00 6.3800e-05 1.0273e-04 2.6305e-05 1.0273e-04 1.9742e-01 0.0000e+00
97 5.0000e-04 7.0600e-05 1.0248e-04 2.3917e-05 1.0248e-04 1.9750e-01 0.0000e+00
98 5.0000e-04 7.3700e-05 1.0223e-04 2.1753e-05 1.0223e-04 1.9758e-01 0.0000e+00
99 0.0000e+00 7.0600e-05 1.0197e-04 1.9790e-05 1.0197e-04 1.9767e-01 0.0000e+00
100 0.0000e+00 6.3800e-05 1.0171e-04 1.8010e-05 1.0171e-04 1.9775e-01 0.0000e+00
101 0.0000e+00 5.2100e-05 1.0145e-04 1.6394e-05 1.0145e-04 1.9783e-01 0.0000e+00
102 0.0000e+00 3.6800e-05 1.0118e-04 1.4927e-05 1.0118e-04 1.9792e-01 0.0000e+00
103 0.0000e+00 1.7800e-05 1.0091e-04 1.3596e-05 1.0091e-04 1.9801e-01 0.0000e+00
104 0.0000e+00 0.0000e+00 1.0063e-04 1.2385e-05 1.0063e-04 1.9810e-01 0.0000e+00
105 0.0000e+00 0.0000e+00 1.0035e-04 1.1286e-05 1.0035e-04 1.9819e-01 0.0000e+00
106 0.0000e+00 0.0000e+00 1.0007e-04 1.0288e-05 1.0007e-04 1.9828e-01 0.0000e+00
107 0.0000e+00 0.0000e+00 9.9794e-05 9.3794e-06 9.9794e-05 1.9837e-01 0.0000e+00
108 0.0000e+00 0.0000e+00 9.9512e-05 8.5535e-06 9.9512e-05 1.9846e-01 0.0000e+00
109 0.0000e+00 0.0000e+00 9.9230e-05 7.8022e-06 9.9230e-05 1.9855e-01 0.0000e+00
110 0.0000e+00 0.0000e+00 9.8947e-05 7.1186e-06 9.8947e-05 1.9864e-01 0.0000e+00
111 5.0000e-04 0.0000e+00 9.8663e-05 6.4964e-06 9.8663e-05 1.9873e-01 0.0000e+00
112 0.0000e+00 0.0000e+00 9.8379e-05 5.9299e-06 9.8379e-05 1.9882e-01 0.0000e+00
113 0.0000e+00 0.0000e+00 9.8095e-05 5.4141e-06 9.8095e-05 1.9892e-01 0.0000e+00
114 0.0000e+00 0.0000e+00 9.7812e-05 4.9442e-06 9.7812e-05 1.9901e-01 0.0000e+00
115 0.0000e+00 0.0000e+00 9.7528e-05 4.5161e-06 9.7528e-05 1.9910e-01 0.0000e+00
116 0.0000e+00 0.0000e+00 9.7245e-05 4.1259e-06 9.7245e-05 1.9920e-01 0.0000e+00
117 0.0000e+00 1.0200e-05 9.6963e-05 3.7703e-06 9.6963e-05 1.9929e-01 0.0000e+00
118 0.0000e+00 1.9800e-05 9.6681e-05 3.4453e-06 9.6681e-05 1.9938e-01 0.0000e+00
119 0.0000e+00 2.8000e-05 9.6399e-05 3.1497e-06 9.6399e-05 1.9948e-01 0.0000e+00
120 0.0000e+00 3.4200e-05 9.6119e-05 2.8800e-06 9.6119e-05 1.9957e-01 0.0000e+00
121 0.0000e+00 3.7900e-05 9.5839e-05 2.6339e-06 9.5839e-05 1.9966e-01 0.0000e+00
122 0.0000e+00 3.9500e-05 9.5561e-05 2.4093e-06 9.5561e-05 1.9976e-01 0.0000e+00
123 0.0000e+00 3.7900e-05 9.5283e-05 2.2043e-06 9.5283e-05 1.9985e-01 0.0000e+00
124 0.0000e+00 3.4200e-05 9.5006e-05 2.0171e-06 9.5006e-05 1.9994e-01 0.0000e+00
125 0.0000e+00 2.8000e-05 9.4730e-05 1.8462e-06 9.4730e-05 2.0003e-01 0.0000e+00
126 0.0000e+00 1.9800e-05 9.4456e-05 1.6900e-06 9.4456e-05 2.0013e-01 0.0000e+00
127 0.0000e+00 9.6000e-06 9.4182e-05 1.5473e-06 9.4182e-05 2.0022e-01 0.0000e+00
128 0.0000e+00 0.0000e+00 9.3910e-05 1.4170e-06 9.3910e-05 2.0031e-01 0.0000e+00
129 0.0000e+00 0.0000e+00 9.3639e-05 1.2978e-06 9.3639e-05 2.0040e-01 0.0000e+00
130 0.0000e+00 0.0000e+00 9.3369e-05 1.1889e-06 9.3369e-05 2.0050e-01 0.0000e+00
131 0.0000e+00 0.0000e+00 9.3101e-05 1.0893e-06 9.3101e-05 2.0059e-01 0.0000e+00
132 0.0000e+00 0.0000e+00 9.2833e-05 9.9728e-07 9.2833e-05 2.0068e-01 0.0000e+00
133 0.0000e+00 0.0000e+00 9.2567e-05 9.1409e-07 9.2567e-05 2.0077e-01 0.0000e+00
134 0.0000e+00 0.0000e+00 9.2303e-05 8.3797e-07 9.2303e-05 2.0086e-01 0.0000e+00
135 0.0000e+00 0.0000e+00 9.2039e-05 7.6831e-07 9.2039e-05 2.0095e-01 0.0000e+00
136 0.0000e+00 0.0000e+00 9.1777e-05 7.0455e-07 9.1777e-05 2.0105e-01 0.0000e+00
137 0.0000e+00 0.0000e+00 9.1516e-05 6.4619e-07 9.1516e-05 2.0114e-01 0.0000e+00
138 0.0000e+00 0.0000e+00 9.1257e-05 5.9275e-07 9.1257e-05 2.0123e-01 0.0000e+00
139 0.0000e+00 0.0000e+00 9.0998e-05 5.4381e-07 9.0998e-05 2.0132e-01 0.0000e+00
140 0.0000e+00 0.0000e+00 9.0742e-05 4.9898e-07 9.0742e-05 2.0141e-01 0.0000e+00
141 5.0000e-04 4.1400e-05 9.0486e-05 4.5792e-07 9.0486e-05 2.0150e-01 0.0000e+00
142 0.0000e+00 7.9900e-05 9.0232e-05 4.2030e-07 9.0232e-05 2.0159e-01 0.0000e+00
143 0.0000e+00 1.1300e-04 8.9979e-05 3.8583e-07 8.9979e-05 2.0168e-01 0.0000e+00
144 0.0000e+00 1.3840e-04 8.9727e-05 3.5423e-07 8.9727e-05 2.0177e-01 0.0000e+00
145 0.0000e+00 1.5310e-04 8.9477e-05 3.2527e-07 8.9477e-05 2.0186e-01 0.0000e+00
146 0.0000e+00 1.5990e-04 8.9228e-05 2.9871e-07 8.9228e-05 2.0194e-01 0.0000e+00
147 0.0000e+00 1.5310e-04 8.8981e-05 2.7329e-07 8.8981e-05 2.0203e-01 0.0000e+00
148 0.0000e+00 1.3840e-04 8.8734e-05 2.5109e-07 8.8734e-05 2.0212e-01 0.0000e+00
149 0.0000e+00 1.1300e-04 8.8489e-05 2.3073e-07 8.8489e-05 2.0221e-01 0.0000e+00
150 0.0000e+00 7.9900e-05 8.8245e-05 2.1204e-07 8.8245e-05 2.0230e-01 0.0000e+00
151 0.0000e+00 3.8700e-05 8.8003e-05 1.9490e-07 8.8003e-05 2.0239e-01 0.0000e+00
152 0.0000e+00 0.0000e+00 8.7762e-05 1.7916e-07 8.7762e-05 2.0247e-01 0.0000e+00
153 0.0000e+00 0.0000e+00 8.7522e-05 1.6471e-07 8.7522e-05 2.0256e-01 0.0000e+00
154 0.0000e+00 0.0000e+00 8.7283e-05 1.5145e-07 8.7283e-05 2.0265e-01 0.0000e+00
155 0.0000e+00 0.0000e+00 8.7046e-05 1.3927e-07 8.7046e-05 2.0274e-01 0.0000e+00
156 0.0000e+00 0.0000e+00 8.6810e-05 1.2808e-07 8.6810e-05 2.0282e-01 0.0000e+00
157 0.0000e+00 0.0000e+00 8.6575e-05 1.1781e-07 8.6575e-05 2.0291e-01 0.0000e+00
158 0.0000e+00 0.0000e+00 8.6342e-05 1.0837e-07 8.6342e-05 2.0299e-01 0.0000e+00
159 0.0000e+00 0.0000e+00 8.6109e-05 9.9705e-08 8.6109e-05 2.0308e-01 0.0000e+00
160 0.0000e+00 0.0000e+00 8.5878e-05 9.1741e-08 8.5878e-05 2.0317e-01 0.0000e+00
161 0.0000e+00 0.0000e+00 8.5648e-05 8.2958e-08 8.5648e-05 2.0325e-01 0.0000e+00
162 0.0000e+00 0.0000e+00 8.5419e-05 7.6389e-08 8.5419e-05 2.0334e-01 0.0000e+00
163 0.0000e+00 0.0000e+00 8.5192e-05 7.0348e-08 8.5192e-05 2.0342e-01 0.0000e+00
164 0.0000e+00 0.0000e+00 8.4966e-05 6.4790e-08 8.4966e-05 2.0351e-01 0.0000e+00
165 0.0000e+00 1.7800e-05 8.4741e-05 5.9677e-08 8.4741e-05 2.0359e-01 0.0000e+00
166 0.0000e+00 3.4400e-05 8.4517e-05 5.4973e-08 8.4517e-05 2.0368e-01 0.0000e+00
167 0.0000e+00 4.8600e-05 8.4294e-05 5.0645e-08 8.4294e-05 2.0376e-01 0.0000e+00
168 0.0000e+00 5.9500e-05 8.4072e-05 4.6661e-08 8.4072e-05 2.0384e-01 0.0000e+00
169 0.0000e+00 6.5900e-05 8.3852e-05 4.2996e-08 8.3852e-05 2.0393e-01 0.0000e+00
170 0.0000e+00 6.8800e-05 8.3632e-05 3.9621e-08 8.3632e-05 2.0401e-01 0.0000e+00
171 0.0000e+00 6.5900e-05 8.3414e-05 3.6516e-08 8.3414e-05 2.0410e-01 0.0000e+00
172 0.0000e+00 5.9500e-05 8.3197e-05 3.3656e-08 8.3197e-05 2.0418e-01 0.0000e+00
173 0.0000e+00 4.8600e-05 8.2981e-05 3.1024e-08 8.2981e-05 2.0426e-01 0.0000e+00
174 0.0000e+00 3.4400e-05 8.2766e-05 2.8600e-08 8.2766e-05 2.0434e-01 0.0000e+00
175 0.0000e+00 1.6600e-05 8.2553e-05 2.6367e-08 8.2553e-05 2.0443e-01 0.0000e+00
176 0.0000e+00 0.0000e+00 8.2340e-05 2.2769e-08 8.2340e-05 2.0451e-01 0.0000e+00
177 0.0000e+00 0.0000e+00 8.2128e-05 2.1022e-08 8.2128e-05 2.0459e-01 0.0000e+00
178 0.0000e+00 0.0000e+00 8.1918e-05 1.9410e-08 8.1918e-05 2.0467e-01 0.0000e+00
179 0.0000e+00 0.0000e+00 8.1709e-05 1.7923e-08 8.1709e-05 2.0475e-01 0.0000e+00
180 0.0000e+00 0.0000e+00 8.1500e-05 1.6551e-08 8.1500e-05 2.0484e-01 0.0000e+00
181 0.0000e+00 0.0000e+00 8.1293e-05 1.5286e-08 8.1293e-05 2.0492e-01 0.0000e+00
182 0.0000e+00 0.0000e+00 8.1087e-05 1.4117e-08 8.1087e-05 2.0500e-01 0.0000e+00
183 0.0000e+00 0.0000e+00 8.0882e-05 1.3040e-08 8.0882e-05 2.0508e-01 0.0000e+00
184 0.0000e+00 0.0000e+00 8.0678e-05 1.2045e-08 8.0678e-05 2.0516e-01 0.0000e+00
185 0.0000e+00 0.0000e+00 8.0474e-05 1.1127e-08 8.0474e-05 2.0524e-01 0.0000e+00
186 0.0000e+00 0.0000e+00 8.0272e-05 1.0279e-08 8.0272e-05 2.0532e-01 0.0000e+00
187 0.0000e+00 0.0000e+00 8.0071e-05 9.4967e-09 8.0071e-05 2.0540e-01 0.0000e+00
188 0.0000e+00 0.0000e+00 7.9871e-05 8.7745e-09 7.9871e-05 2.0548e-01 0.0000e+00
189 0.0000e+00 4.5600e-05 7.9672e-05 8.1077e-09 7.9672e-05 2.0556e-01 0.0000e+00
190 5.0000e-04 8.7900e-05 7.9474e-05 6.0744e-09 7.9474e-05 2.0564e-01 0.0000e+00
191 0.0000e+00 1.2440e-04 7.9277e-05 5.6268e-09 7.9277e-05 2.0572e-01 0.0000e+00
192 0.0000e+00 1.5230e-04 7.9081e-05 5.2125e-09 7.9081e-05 2.0580e-01 0.0000e+00
193 0.0000e+00 1.6850e-04 7.8886e-05 4.8288e-09 7.8886e-05 2.0588e-01 0.0000e+00
194 0.0000e+00 1.7590e-04 7.8691e-05 4.4736e-09 7.8691e-05 2.0596e-01 0.0000e+00
195 0.0000e+00 1.6850e-04 7.8498e-05 4.1447e-09 7.8498e-05 2.0603e-01 0.0000e+00
196 0.0000e+00 1.5230e-04 7.8306e-05 3.8401e-09 7.8306e-05 2.0611e-01 0.0000e+00
197 0.0000e+00 1.2440e-04 7.8114e-05 3.5581e-09 7.8114e-05 2.0619e-01 0.0000e+00
198 0.0000e+00 8.7900e-05 7.7924e-05 3.2969e-09 7.7924e-05 2.0627e-01 0.0000e+00
199 0.0000e+00 4.2600e-05 7.7734e-05 3.0550e-09 7.7734e-05 2.0635e-01 0.0000e+00
200 0.0000e+00 0.0000e+00 7.7546e-05 2.8310e-09 7.7546e-05 2.0642e-01 0.0000e+00
201 0.0000e+00 0.0000e+00 7.7358e-05 2.6235e-09 7.7358e-05 2.0650e-01 0.0000e+00
202 0.0000e+00 0.0000e+00 7.7171e-05 2.4314e-09 7.7171e-05 2.0658e-01 0.0000e+00
203 0.0000e+00 0.0000e+00 7.6985e-05 2.2534e-09 7.6985e-05 2.0666e-01 0.0000e+00
204 0.0000e+00 0.0000e+00 7.6800e-05 2.0885e-09 7.6800e-05 2.0673e-01 0.0000e+00
205 0.0000e+00 0.0000e+00 7.6616e-05 1.0904e-09 7.6616e-05 2.0681e-01 0.0000e+00
206 0.0000e+00 0.0000e+00 7.6433e-05 1.0143e-09 7.6433e-05 2.0689e-01 0.0000e+00
207 0.0000e+00 0.0000e+00 7.6251e-05 9.4347e-10 7.6251e-05 2.0696e-01 0.0000e+00
208 0.0000e+00 0.0000e+00 7.6069e-05 8.7763e-10 7.6069e-05 2.0704e-01 0.0000e+00
209 0.0000e+00 0.0000e+00 7.5889e-05 8.1640e-10 7.5889e-05 2.0711e-01 0.0000e+00
210 0.0000e+00 0.0000e+00 7.5709e-05 7.5947e-10 7.5709e-05 2.0719e-01 0.0000e+00
211 0.0000e+00 0.0000e+00 7.5530e-05 7.0652e-10 7.5530e-05 2.0726e-01 0.0000e+00
212 0.0000e+00 0.0000e+00 7.5352e-05 6.5728e-10 7.5352e-05 2.0734e-01 0.0000e+00
213 0.0000e+00 4.9000e-05 7.5175e-05 6.1149e-10 7.5175e-05 2.0742e-01 0.0000e+00
214 0.0000e+00 9.4600e-05 7.4998e-05 5.6891e-10 7.4998e-05 2.0749e-01 0.0000e+00
215 0.0000e+00 1.3380e-04 7.4823e-05 5.2930e-10 7.4823e-05 2.0757e-01 0.0000e+00
216 0.0000e+00 1.6380e-04 7.4648e-05 4.9247e-10 7.4648e-05 2.0764e-01 0.0000e+00
217 0.0000e+00 1.8130e-04 7.4474e-05 4.5821e-10 7.4474e-05 2.0771e-01 0.0000e+00
218 0.0000e+00 1.8920e-04 7.4301e-05 4.2634e-10 7.4301e-05 2.0779e-01 0.0000e+00
219 0.0000e+00 1.8130e-04 7.4129e-05 3.9670e-10 7.4129e-05 2.0786e-01 0.0000e+00
220 0.0000e+00 1.6380e-04 7.3957e-05 8.6288e-11 7.3957e-05 2.0794e-01 0.0000e+00
221 0.0000e+00 1.3380e-04 7.3786e-05 8.0644e-11 7.3786e-05 2.0801e-01 0.0000e+00
222 0.0000e+00 9.4600e-05 7.3617e-05 7.5370e-11 7.3617e-05 2.0808e-01 0.0000e+00
223 0.0000e+00 4.5800e-05 7.3447e-05 7.0442e-11 7.3447e-05 2.0816e-01 0.0000e+00
224 0.0000e+00 0.0000e+00 7.3279e-05 6.5838e-11 7.3279e-05 2.0823e-01 0.0000e+00
225 0.0000e+00 0.0000e+00 7.3111e-05 6.1535e-11 7.3111e-05 2.0830e-01 0.0000e+00
226 0.0000e+00 0.0000e+00 7.2945e-05 5.7515e-11 7.2945e-05 2.0838e-01 0.0000e+00
227 0.0000e+00 0.0000e+00 7.2778e-05 5.3759e-11 7.2778e-05 2.0845e-01 0.0000e+00
228 0.0000e+00 0.0000e+00 7.2613e-05 5.0248e-11 7.2613e-05 2.0852e-01 0.0000e+00
229 0.0000e+00 0.0000e+00 7.2448e-05 4.6968e-11 7.2448e-05 2.0859e-01 0.0000e+00
230 0.0000e+00 0.0000e+00 7.2285e-05 4.3902e-11 7.2285e-05 2.0867e-01 0.0000e+00
231 0.0000e+00 0.0000e+00 7.2122e-05 4.1038e-11 7.2122e-05 2.0874e-01 0.0000e+00
232 0.0000e+00 0.0000e+00 7.1959e-05 3.8361e-11 7.1959e-05 2.0881e-01 0.0000e+00
233 0.0000e+00 0.0000e+00 7.1798e-05 3.5859e-11 7.1798e-05 2.0888e-01 0.0000e+00
234 0.0000e+00 0.0000e+00 7.1637e-05 3.3521e-11 7.1637e-05 2.0895e-01 0.0000e+00
235 0.0000e+00 0.0000e+00 7.1476e-05 0.0000e+00 7.1476e-05 2.0903e-01 0.0000e+00
236 0.0000e+00 0.0000e+00 7.1317e-05 0.0000e+00 7.1317e-05 2.0910e-01 0.0000e+00
237 0.0000e+00 5.1700e-05 7.1158e-05 0.0000e+00 7.1158e-05 2.0917e-01 0.0000e+00
238 0.0000e+00 9.9800e-05 7.1000e-05 0.0000e+00 7.1000e-05 2.0924e-01 0.0000e+00
239 0.0000e+00 1.4120e-04 7.0843e-05 0.0000e+00 7.0843e-05 2.0931e-01 0.0000e+00
240 0.0000e+00 1.7290e-04 7.0686e-05 0.0000e+00 7.0686e-05 2.0938e-01 0.0000e+00
241 5.0000e-04 1.9130e-04 7.0530e-05 0.0000e+00 7.0530e-05 2.0945e-01 0.0000e+00
242 1.0000e-03 1.9970e-04 7.0375e-05 0.0000e+00 7.0375e-05 2.0952e-01 0.0000e+00
243 0.0000e+00 1.9130e-04 7.0220e-05 0.0000e+00 7.0220e-05 2.0959e-01 0.0000e+00
244 0.0000e+00 1.7290e-04 7.0066e-05 0.0000e+00 7.0066e-05 2.0966e-01 0.0000e+00
245 0.0000e+00 1.4120e-04 6.9913e-05 0.0000e+00 6.9913e-05 2.0973e-01 0.0000e+00
246 0.0000e+00 9.9800e-05 6.9761e-05 0.0000e+00 6.9761e-05 2.0980e-01 0.0000e+00
247 0.0000e+00 4.8300e-05 6.9609e-05 0.0000e+00 6.9609e-05 2.0987e-01 0.0000e+00
248 0.0000e+00 0.0000e+00 6.9457e-05 0.0000e+00 6.9457e-05 2.0994e-01 0.0000e+00
249 0.0000e+00 0.0000e+00 6.9307e-05 0.0000e+00 6.9307e-05 2.1001e-01 0.0000e+00
250 0.0000e+00 0.0000e+00 6.9157e-05 0.0000e+00 6.9157e-05 2.1008e-01 0.0000e+00
251 0.0000e+00 0.0000e+00 6.9008e-05 0.0000e+00 6.9008e-05 2.1015e-01 0.0000e+00
252 0.0000e+00 0.0000e+00 6.8859e-05 0.0000e+00 6.8859e-05 2.1022e-01 0.0000e+00
253 1.0000e-03 0.0000e+00 6.8711e-05 0.0000e+00 6.8711e-05 2.1029e-01 0.0000e+00
254 0.0000e+00 0.0000e+00 6.8563e-05 0.0000e+00 6.8563e-05 2.1035e-01 0.0000e+00
255 0.0000e+00 0.0000e+00 6.8417e-05 0.0000e+00 6.8417e-05 2.1042e-01 0.0000e+00
256 0.0000e+00 0.0000e+00 6.8271e-05 0.0000e+00 6.8271e-05 2.1049e-01 0.0000e+00
257 0.0000e+00 0.0000e+00 6.8125e-05 0.0000e+00 6.8125e-05 2.1056e-01 0.0000e+00
258 0.0000e+00 0.0000e+00 6.7980e-05 0.0000e+00 6.7980e-05 2.1063e-01 0.0000e+00
259 0.0000e+00 0.0000e+00 6.7836e-05 0.0000e+00 6.7836e-05 2.1070e-01 0.0000e+00
260 0.0000e+00 0.0000e+00 6.7692e-05 0.0000e+00 6.7692e-05 2.1076e-01 0.0000e+00
261 0.0000e+00 7.5200e-05 6.7549e-05 0.0000e+00 6.7549e-05 2.1083e-01 0.0000e+00
262 1.0000e-03 1.4510e-04 6.7407e-05 0.0000e+00 6.7407e-05 2.1090e-01 0.0000e+00
263 0.0000e+00 2.0520e-04 6.7265e-05 0.0000e+00 6.7265e-05 2.1097e-01 0.0000e+00
264 0.0000e+00 2.5130e-04 6.7124e-05 0.0000e+00 6.7124e-05 2.1103e-01 0.0000e+00
265 0.0000e+00 2.7800e-04 6.6983e-05 0.0000e+00 6.6983e-05 2.1110e-01 0.0000e+00
266 0.0000e+00 2.9030e-04 6.6843e-05 0.0000e+00 6.6843e-05 2.1117e-01 0.0000e+00
267 0.0000e+00 2.7800e-04 6.6704e-05 0.0000e+00 6.6704e-05 2.1123e-01 0.0000e+00
268 0.0000e+00 2.5130e-04 6.6565e-05 0.0000e+00 6.6565e-05 2.1130e-01 0.0000e+00
269 0.0000e+00 2.0520e-04 6.6426e-05 0.0000e+00 6.6426e-05 2.1137e-01 0.0000e+00
270 0.0000e+00 1.4510e-04 6.6289e-05 0.0000e+00 6.6289e-05 2.1143e-01 0.0000e+00
271 0.0000e+00 7.0200e-05 6.6151e-05 0.0000e+00 6.6151e-05 2.1150e-01 0.0000e+00
272 0.0000e+00 0.0000e+00 6.6015e-05 0.0000e+00 6.6015e-05 2.1156e-01 0.0000e+00
273 0.0000e+00 0.0000e+00 6.5879e-05 0.0000e+00 6.5879e-05 2.1163e-01 0.0000e+00
274 0.0000e+00 0.0000e+00 6.5743e-05 0.0000e+00 6.5743e-05 2.1170e-01 0.0000e+00
275 0.0000e+00 0.0000e+00 6.5608e-05 0.0000e+00 6.5608e-05 2.1176e-01 0.0000e+00
276 0.0000e+00 0.0000e+00 6.5474e-05 0.0000e+00 6.5474e-05 2.1183e-01 0.0000e+00
277 0.0000e+00 0.0000e+00 6.5340e-05 0.0000e+00 6.5340e-05 2.1189e-01 0.0000e+00
278 0.0000e+00 0.0000e+00 6.5207e-05 0.0000e+00 6.5207e-05 2.1196e-01 0.0000e+00
279 0.0000e+00 0.0000e+00 6.5074e-05 0.0000e+00 6.5074e-05 2.1202e-01 0.0000e+00
280 0.0000e+00 0.0000e+00 6.4942e-05 0.0000e+00 6.4942e-05 2.1209e-01 0.0000e+00
281 0.0000e+00 0.0000e+00 6.4810e-05 0.0000e+00 6.4810e-05 2.1215e-01 0.0000e+00
282 0.0000e+00 0.0000e+00 6.4679e-05 0.0000e+00 6.4679e-05 2.1222e-01 0.0000e+00
283 1.0000e-03 0.0000e+00 6.4549e-05 0.0000e+00 6.4549e-05 2.1228e-01 0.0000e+00
284 5.0000e-04 0.0000e+00 6.4418e-05 0.0000e+00 6.4418e-05 2.1235e-01 0.0000e+00
285 2.5000e-03 2.4400e-05 6.7777e-05 1.7589e-05 6.4289e-05 2.1239e-01 3.4885e-06
286 6.0000e-03 4.7000e-05 1.9410e-04 6.6865e-04 6.4195e-05 2.1179e-01 1.2990e-04
287 4.0000e-03 6.6500e-05 1.5135e-04 9.6717e-04 6.5419e-05 2.1089e-01 8.5935e-05
288 1.5000e-03 8.1400e-05 9.8452e-05 9.6844e-04 6.7289e-05 2.0999e-01 3.1163e-05
289 0.0000e+00 9.0100e-05 6.9211e-05 8.3552e-04 6.9211e-05 2.0922e-01 0.0000e+00
290 0.0000e+00 9.4000e-05 7.0888e-05 7.3617e-04 7.0888e-05 2.0855e-01 0.0000e+00
291 5.0000e-04 9.0100e-05 7.7486e-05 6.7903e-04 7.2378e-05 2.0795e-01 5.1080e-06
292 0.0000e+00 8.1400e-05 7.3763e-05 6.0160e-04 7.3763e-05 2.0742e-01 0.0000e+00
293 0.0000e+00 6.6500e-05 7.4990e-05 5.3626e-04 7.4990e-05 2.0696e-01 0.0000e+00
294 1.5000e-03 4.7000e-05 1.0352e-04 6.2303e-04 7.6078e-05 2.0641e-01 2.7443e-05
295 1.0000e-03 2.2800e-05 9.8107e-05 6.5067e-04 7.7390e-05 2.0584e-01 2.0717e-05
296 0.0000e+00 0.0000e+00 7.8789e-05 5.6717e-04 7.8789e-05 2.0535e-01 0.0000e+00
297 0.0000e+00 0.0000e+00 8.0000e-05 5.0409e-04 8.0000e-05 2.0493e-01 0.0000e+00
298 0.0000e+00 0.0000e+00 8.1068e-05 4.4990e-04 8.1068e-05 2.0456e-01 0.0000e+00
299 0.0000e+00 0.0000e+00 8.2008e-05 4.0252e-04 8.2008e-05 2.0424e-01 0.0000e+00
300 0.0000e+00 0.0000e+00 8.2833e-05 3.6073e-04 8.2833e-05 2.0396e-01 0.0000e+00
301 0.0000e+00 0.0000e+00 8.3556e-05 3.2368e-04 8.3556e-05 2.0372e-01 0.0000e+00
302 0.0000e+00 0.0000e+00 8.4185e-05 2.9075e-04 8.4185e-05 2.0351e-01 0.0000e+00
303 0.0000e+00 0.0000e+00 8.4730e-05 2.6141e-04 8.4730e-05 2.0333e-01 0.0000e+00
304 0.0000e+00 0.0000e+00 8.5199e-05 2.3523e-04 8.5199e-05 2.0318e-01 0.0000e+00
305 0.0000e+00 0.0000e+00 8.5600e-05 2.1183e-04 8.5600e-05 2.0306e-01 0.0000e+00
306 0.0000e+00 0.0000e+00 8.5938e-05 1.9088e-04 8.5938e-05 2.0295e-01 0.0000e+00
307 0.0000e+00 0.0000e+00 8.6220e-05 1.7212e-04 8.6220e-05 2.0287e-01 0.0000e+00
308 0.0000e+00 0.0000e+00 8.6452e-05 1.5530e-04 8.6452e-05 2.0280e-01 0.0000e+00
309 0.0000e+00 2.8800e-05 8.6638e-05 1.4021e-04 8.6638e-05 2.0275e-01 0.0000e+00
310 5.0000e-04 5.5500e-05 9.6531e-05 1.7954e-04 8.6783e-05 2.0265e-01 9.7481e-06
311 0.0000e+00 7.8500e-05 8.7035e-05 1.5490e-04 8.7035e-05 2.0258e-01 0.0000e+00
312 0.0000e+00 9.6200e-05 8.7220e-05 1.3822e-04 8.7220e-05 2.0253e-01 0.0000e+00
313 0.0000e+00 1.0640e-04 8.7359e-05 1.2396e-04 8.7359e-05 2.0250e-01 0.0000e+00
314 0.0000e+00 1.1110e-04 8.7459e-05 1.1144e-04 8.7459e-05 2.0247e-01 0.0000e+00
315 0.0000e+00 1.0640e-04 8.7525e-05 1.0035e-04 8.7525e-05 2.0246e-01 0.0000e+00
316 0.0000e+00 9.6200e-05 8.7560e-05 9.0462e-05 8.7560e-05 2.0246e-01 0.0000e+00
317 5.0000e-04 7.8500e-05 8.7568e-05 8.1633e-05 8.7568e-05 2.0246e-01 0.0000e+00
318 1.0000e-03 5.5500e-05 1.0440e-04 1.6536e-04 8.7551e-05 2.0239e-01 1.6848e-05
319 5.0000e-04 2.6900e-05 9.7428e-05 1.8915e-04 8.7765e-05 2.0228e-01 9.6630e-06
320 0.0000e+00 0.0000e+00 8.8043e-05 1.6042e-04 8.8043e-05 2.0221e-01 0.0000e+00
321 0.0000e+00 0.0000e+00 8.8242e-05 1.4140e-04 8.8242e-05 2.0216e-01 0.0000e+00
322 1.0000e-03 0.0000e+00 1.0954e-04 2.4096e-04 8.8389e-05 2.0201e-01 2.1154e-05
323 1.0000e-03 0.0000e+00 1.1055e-04 3.1866e-04 8.8812e-05 2.0178e-01 2.1739e-05
324 0.0000e+00 0.0000e+00 8.9452e-05 2.6616e-04 8.9452e-05 2.0160e-01 0.0000e+00
325 0.0000e+00 0.0000e+00 8.9947e-05 2.3340e-04 8.9947e-05 2.0146e-01 0.0000e+00
326 0.0000e+00 0.0000e+00 9.0351e-05 2.0646e-04 9.0351e-05 2.0134e-01 0.0000e+00
327 0.0000e+00 0.0000e+00 9.0680e-05 1.8342e-04 9.0680e-05 2.0125e-01 0.0000e+00
328 0.0000e+00 0.0000e+00 9.0943e-05 1.6342e-04 9.0943e-05 2.0117e-01 0.0000e+00
329 0.0000e+00 0.0000e+00 9.1149e-05 1.4593e-04 9.1149e-05 2.0112e-01 0.0000e+00
330 0.0000e+00 0.0000e+00 9.1305e-05 1.3054e-04 9.1305e-05 2.0108e-01 0.0000e+00
331 0.0000e+00 0.0000e+00 9.1417e-05 1.1695e-04 9.1417e-05 2.0105e-01 0.0000e+00
332 0.0000e+00 0.0000e+00 9.1490e-05 1.0492e-04 9.1490e-05 2.0104e-01 0.0000e+00
333 0.0000e+00 1.1200e-05 9.1529e-05 9.4229e-05 9.1529e-05 2.0104e-01 0.0000e+00
334 0.0000e+00 2.1600e-05 9.1536e-05 8.4717e-05 9.1536e-05 2.0105e-01 0.0000e+00
335 0.0000e+00 3.0600e-05 9.1517e-05 7.6237e-05 9.1517e-05 2.0106e-01 0.0000e+00
336 0.0000e+00 3.7400e-05 9.1473e-05 6.8665e-05 9.1473e-05 2.0108e-01 0.0000e+00
337 0.0000e+00 4.1400e-05 9.1408e-05 6.1893e-05 9.1408e-05 2.0111e-01 0.0000e+00
338 5.0000e-04 4.3200e-05 9.9105e-05 9.8658e-05 9.1324e-05 2.0111e-01 7.7816e-06
339 5.0000e-04 4.1400e-05 1.0128e-04 1.3745e-04 9.1345e-05 2.0106e-01 9.9304e-06
340 1.5000e-03 3.7400e-05 1.2665e-04 2.8560e-04 9.1476e-05 2.0087e-01 3.5173e-05
341 1.5000e-03 3.0600e-05 1.2898e-04 4.0330e-04 9.2033e-05 2.0055e-01 3.6950e-05
342 1.0000e-03 2.1600e-05 1.1780e-04 4.4867e-04 9.2933e-05 2.0020e-01 2.4871e-05
343 5.0000e-04 1.0500e-05 1.0721e-04 4.3619e-04 9.3971e-05 1.9986e-01 1.3238e-05
344 1.0000e-03 0.0000e+00 1.2455e-04 4.8964e-04 9.4982e-05 1.9946e-01 2.9567e-05
345 5.0000e-04 0.0000e+00 1.1110e-04 4.7931e-04 9.6161e-05 1.9908e-01 1.4940e-05
346 0.0000e+00 0.0000e+00 9.7319e-05 4.1718e-04 9.7319e-05 1.9876e-01 0.0000e+00
347 0.0000e+00 0.0000e+00 9.8296e-05 3.6803e-04 9.8296e-05 1.9849e-01 0.0000e+00
348 0.0000e+00 0.0000e+00 9.9128e-05 3.2616e-04 9.9128e-05 1.9826e-01 0.0000e+00
349 0.0000e+00 0.0000e+00 9.9834e-05 2.8986e-04 9.9834e-05 1.9807e-01 0.0000e+00
350 0.0000e+00 0.0000e+00 1.0043e-04 2.5816e-04 1.0043e-04 1.9791e-01 0.0000e+00
351 0.0000e+00 0.0000e+00 1.0093e-04 2.3033e-04 1.0093e-04 1.9778e-01 0.0000e+00
352 0.0000e+00 0.0000e+00 1.0133e-04 2.0581e-04 1.0133e-04 1.9768e-01 0.0000e+00
353 5.0000e-04 0.0000e+00 1.1661e-04 2.4209e-04 1.0167e-04 1.9754e-01 1.4940e-05
354 0.0000e+00 0.0000e+00 1.0211e-04 2.1048e-04 1.0211e-04 1.9743e-01 0.0000e+00
355 0.0000e+00 0.0000e+00 1.0246e-04 1.8718e-04 1.0246e-04 1.9735e-01 0.0000e+00
356 0.0000e+00 0.0000e+00 1.0273e-04 1.6701e-04 1.0273e-04 1.9728e-01 0.0000e+00
357 0.0000e+00 7.2300e-05 1.0294e-04 1.4931e-04 1.0294e-04 1.9724e-01 0.0000e+00
358 0.0000e+00 1.3960e-04 1.0309e-04 1.3370e-04 1.0309e-04 1.9721e-01 0.0000e+00
359 0.0000e+00 1.9750e-04 1.0319e-04 1.1988e-04 1.0319e-04 1.9719e-01 0.0000e+00
360 0.0000e+00 2.4180e-04 1.0324e-04 1.0761e-04 1.0324e-04 1.9718e-01 0.0000e+00
361 0.0000e+00 2.6750e-04 1.0325e-04 9.6693e-05 1.0325e-04 1.9719e-01 0.0000e+00
362 0.0000e+00 2.7930e-04 1.0323e-04 8.6960e-05 1.0323e-04 1.9721e-01 0.0000e+00
363 0.0000e+00 2.6750e-04 1.0318e-04 7.8269e-05 1.0318e-04 1.9723e-01 0.0000e+00
364 0.0000e+00 2.4180e-04 1.0310e-04 7.0499e-05 1.0310e-04 1.9726e-01 0.0000e+00
365 0.0000e+00 1.9750e-04 1.0299e-04 6.3545e-05 1.0299e-04 1.9730e-01 0.0000e+00
366 0.0000e+00 1.3960e-04 1.0287e-04 5.7313e-05 1.0287e-04 1.9735e-01 0.0000e+00
367 0.0000e+00 6.7600e-05 1.0272e-04 5.1723e-05 1.0272e-04 1.9740e-01 0.0000e+00
368 0.0000e+00 0.0000e+00 1.0256e-04 4.6706e-05 1.0256e-04 1.9746e-01 0.0000e+00
369 0.0000e+00 0.0000e+00 1.0238e-04 4.2199e-05 1.0238e-04 1.9752e-01 0.0000e+00
370 0.0000e+00 0.0000e+00 1.0219e-04 3.8147e-05 1.0219e-04 1.9758e-01 0.0000e+00
371 0.0000e+00 0.0000e+00 1.0198e-04 3.4501e-05 1.0198e-04 1.9765e-01 0.0000e+00
372 0.0000e+00 0.0000e+00 1.0177e-04 3.1219e-05 1.0177e-04 1.9772e-01 0.0000e+00
373 5.0000e-04 0.0000e+00 1.0154e-04 2.8262e-05 1.0154e-04 1.9779e-01 0.0000e+00
374 7.5000e-03 0.0000e+00 2.7843e-04 7.1171e-04 1.0131e-04 1.9718e-01 1.7712e-04
375 4.5000e-03 0.0000e+00 2.3772e-04 1.0886e-03 1.0326e-04 1.9620e-01 1.3446e-04
376 2.5000e-03 0.0000e+00 1.8119e-04 1.1946e-03 1.0649e-04 1.9511e-01 7.4702e-05
377 5.0000e-04 0.0000e+00 1.2511e-04 1.0757e-03 1.1017e-04 1.9414e-01 1.4940e-05
378 0.0000e+00 0.0000e+00 1.1355e-04 9.3590e-04 1.1355e-04 1.9332e-01 0.0000e+00
379 0.0000e+00 0.0000e+00 1.1650e-04 8.2214e-04 1.1650e-04 1.9261e-01 0.0000e+00
380 0.0000e+00 0.0000e+00 1.1910e-04 7.2494e-04 1.1910e-04 1.9201e-01 0.0000e+00
381 0.0000e+00 1.7400e-05 1.2138e-04 6.4108e-04 1.2138e-04 1.9149e-01 0.0000e+00
382 0.0000e+00 3.3600e-05 1.2337e-04 5.6819e-04 1.2337e-04 1.9104e-01 0.0000e+00
383 1.0000e-03 4.7500e-05 1.5345e-04 6.1998e-04 1.2509e-04 1.9055e-01 2.8357e-05
384 1.0000e-03 5.8200e-05 1.5550e-04 6.5440e-04 1.2704e-04 1.9002e-01 2.8461e-05
385 0.0000e+00 6.4300e-05 1.2915e-04 5.6627e-04 1.2915e-04 1.8959e-01 0.0000e+00
386 5.0000e-04 6.7200e-05 1.4221e-04 5.4637e-04 1.3093e-04 1.8917e-01 1.1282e-05
387 0.0000e+00 6.4300e-05 1.3264e-04 4.7871e-04 1.3264e-04 1.8882e-01 0.0000e+00
388 0.0000e+00 5.8200e-05 1.3408e-04 4.2398e-04 1.3408e-04 1.8853e-01 0.0000e+00
389 0.0000e+00 4.7500e-05 1.3530e-04 3.7648e-04 1.3530e-04 1.8829e-01 0.0000e+00
390 5.0000e-04 3.3600e-05 1.4419e-04 3.6764e-04 1.3633e-04 1.8806e-01 7.8652e-06
391 0.0000e+00 1.6300e-05 1.3732e-04 3.2349e-04 1.3732e-04 1.8788e-01 0.0000e+00
392 5.0000e-04 0.0000e+00 1.5157e-04 3.4371e-04 1.3812e-04 1.8767e-01 1.3450e-05
393 5.0000e-04 0.0000e+00 1.5395e-04 3.6158e-04 1.3901e-04 1.8745e-01 1.4940e-05
394 0.0000e+00 0.0000e+00 1.3998e-04 3.1295e-04 1.3998e-04 1.8727e-01 0.0000e+00
395 0.0000e+00 0.0000e+00 1.4074e-04 2.7652e-04 1.4074e-04 1.8714e-01 0.0000e+00
396 0.0000e+00 0.0000e+00 1.4133e-04 2.4530e-04 1.4133e-04 1.8703e-01 0.0000e+00
397 0.0000e+00 0.0000e+00 1.4179e-04 2.1817e-04 1.4179e-04 1.8696e-01 0.0000e+00
398 0.0000e+00 0.0000e+00 1.4213e-04 1.9441e-04 1.4213e-04 1.8691e-01 0.0000e+00
399 0.0000e+00 0.0000e+00 1.4237e-04 1.7349e-04 1.4237e-04 1.8687e-01 0.0000e+00
400 0.0000e+00 0.0000e+00 1.4250e-04 1.5502e-04 1.4250e-04 1.8686e-01 0.0000e+00
401 0.0000e+00 0.0000e+00 1.4256e-04 1.3865e-04 1.4256e-04 1.8687e-01 0.0000e+00
402 1.0000e-03 0.0000e+00 1.7242e-04 2.4979e-04 1.4254e-04 1.8676e-01 2.9881e-05
403 0.0000e+00 0.0000e+00 1.4302e-04 2.0692e-04 1.4302e-04 1.8669e-01 0.0000e+00
404 0.0000e+00 0.0000e+00 1.4331e-04 1.8108e-04 1.4331e-04 1.8666e-01 0.0000e+00
405 5.0000e-04 2.4600e-05 1.5842e-04 2.2260e-04 1.4348e-04 1.8658e-01 1.4940e-05
406 5.0000e-04 4.7400e-05 1.5804e-04 2.4919e-04 1.4383e-04 1.8647e-01 1.4205e-05
407 0.0000e+00 6.7100e-05 1.4431e-04 2.1191e-04 1.4431e-04 1.8640e-01 0.0000e+00
408 5.0000e-04 8.2200e-05 1.5613e-04 2.3432e-04 1.4461e-04 1.8632e-01 1.1521e-05
409 0.0000e+00 9.0900e-05 1.4502e-04 2.0069e-04 1.4502e-04 1.8626e-01 0.0000e+00
410 0.0000e+00 9.5000e-05 1.4527e-04 1.7631e-04 1.4527e-04 1.8623e-01 0.0000e+00
411 0.0000e+00 9.0900e-05 1.4541e-04 1.5568e-04 1.4541e-04 1.8622e-01 0.0000e+00
412 0.0000e+00 8.2200e-05 1.4546e-04 1.3792e-04 1.4546e-04 1.8623e-01 0.0000e+00
413 0.0000e+00 6.7100e-05 1.4542e-04 1.2249e-04 1.4542e-04 1.8625e-01 0.0000e+00
414 0.0000e+00 4.7400e-05 1.4532e-04 1.0899e-04 1.4532e-04 1.8628e-01 0.0000e+00
415 0.0000e+00 2.3000e-05 1.4515e-04 9.7129e-05 1.4515e-04 1.8633e-01 0.0000e+00
416 0.0000e+00 0.0000e+00 1.4494e-04 8.6681e-05 1.4494e-04 1.8639e-01 0.0000e+00
417 0.0000e+00 0.0000e+00 1.4467e-04 7.7450e-05 1.4467e-04 1.8646e-01 0.0000e+00
418 0.0000e+00 0.0000e+00 1.4437e-04 6.9278e-05 1.4437e-04 1.8653e-01 0.0000e+00
419 0.0000e+00 0.0000e+00 1.4403e-04 6.2030e-05 1.4403e-04 1.8662e-01 0.0000e+00
420 0.0000e+00 0.0000e+00 1.4366e-04 5.5592e-05 1.4366e-04 1.8670e-01 0.0000e+00
421 0.0000e+00 0.0000e+00 1.4327e-04 4.9863e-05 1.4327e-04 1.8680e-01 0.0000e+00
422 0.0000e+00 0.0000e+00 1.4285e-04 4.4761e-05 1.4285e-04 1.8690e-01 0.0000e+00
423 0.0000e+00 0.0000e+00 1.4241e-04 4.0211e-05 1.4241e-04 1.8700e-01 0.0000e+00
424 0.0000e+00 0.0000e+00 1.4196e-04 3.6148e-05 1.4196e-04 1.8710e-01 0.0000e+00
425 0.0000e+00 0.0000e+00 1.4149e-04 3.2518e-05 1.4149e-04 1.8721e-01 0.0000e+00
426 0.0000e+00 0.0000e+00 1.4101e-04 2.9270e-05 1.4101e-04 1.8732e-01 0.0000e+00
427 5.0000e-04 0.0000e+00 1.4052e-04 2.6363e-05 1.4052e-04 1.8744e-01 0.0000e+00
428 2.0000e-03 0.0000e+00 1.9751e-04 2.6444e-04 1.4002e-04 1.8731e-01 5.7496e-05
429 3.0000e-03 3.2600e-05 2.3020e-04 5.8057e-04 1.4056e-04 1.8687e-01 8.9642e-05
430 2.0000e-03 6.2900e-05 2.0130e-04 7.0995e-04 1.4251e-04 1.8631e-01 5.8787e-05
431 1.0000e-03 8.9000e-05 1.7306e-04 7.0444e-04 1.4506e-04 1.8575e-01 2.8001e-05
432 0.0000e+00 1.0900e-04 1.4762e-04 5.9605e-04 1.4762e-04 1.8530e-01 0.0000e+00
433 5.0000e-04 1.2060e-04 1.5873e-04 5.5558e-04 1.4970e-04 1.8489e-01 9.0297e-06
434 0.0000e+00 1.2590e-04 1.5161e-04 4.8106e-04 1.5161e-04 1.8456e-01 0.0000e+00
435 0.0000e+00 1.2060e-04 1.5318e-04 4.2138e-04 1.5318e-04 1.8429e-01 0.0000e+00
436 0.0000e+00 1.0900e-04 1.5447e-04 3.7055e-04 1.5447e-04 1.8408e-01 0.0000e+00
437 3.5000e-03 8.9000e-05 2.4592e-04 7.1570e-04 1.5551e-04 1.8352e-01 9.0407e-05
438 0.0000e+00 6.2900e-05 1.5826e-04 5.8334e-04 1.5826e-04 1.8309e-01 0.0000e+00
439 0.0000e+00 3.0500e-05 1.6038e-04 5.0541e-04 1.6038e-04 1.8275e-01 0.0000e+00
440 0.0000e+00 0.0000e+00 1.6212e-04 4.4189e-04 1.6212e-04 1.8247e-01 0.0000e+00
441 0.0000e+00 0.0000e+00 1.6354e-04 3.8831e-04 1.6354e-04 1.8224e-01 0.0000e+00
442 0.0000e+00 0.0000e+00 1.6469e-04 3.4232e-04 1.6469e-04 1.8207e-01 0.0000e+00
443 0.0000e+00 0.0000e+00 1.6561e-04 3.0248e-04 1.6561e-04 1.8193e-01 0.0000e+00
444 5.0000e-04 0.0000e+00 1.7582e-04 3.0940e-04 1.6632e-04 1.8179e-01 9.4962e-06
445 0.0000e+00 0.0000e+00 1.6706e-04 2.6853e-04 1.6706e-04 1.8168e-01 0.0000e+00
446 0.0000e+00 0.0000e+00 1.6759e-04 2.3707e-04 1.6759e-04 1.8162e-01 0.0000e+00
447 0.0000e+00 0.0000e+00 1.6796e-04 2.0999e-04 1.6796e-04 1.8157e-01 0.0000e+00
448 0.0000e+00 0.0000e+00 1.6818e-04 1.8639e-04 1.6818e-04 1.8156e-01 0.0000e+00
449 0.0000e+00 0.0000e+00 1.6828e-04 1.6569e-04 1.6828e-04 1.8156e-01 0.0000e+00
450 0.0000e+00 0.0000e+00 1.6826e-04 1.4749e-04 1.6826e-04 1.8158e-01 0.0000e+00
451 0.0000e+00 0.0000e+00 1.6815e-04 1.3143e-04 1.6815e-04 1.8162e-01 0.0000e+00
452 5.0000e-04 0.0000e+00 1.8290e-04 1.8291e-04 1.6796e-04 1.8160e-01 1.4940e-05
453 0.0000e+00 2.2400e-05 1.6804e-04 1.5357e-04 1.6804e-04 1.8161e-01 0.0000e+00
454 0.0000e+00 4.3300e-05 1.6796e-04 1.3476e-04 1.6796e-04 1.8165e-01 0.0000e+00
455 0.0000e+00 6.1200e-05 1.6779e-04 1.1907e-04 1.6779e-04 1.8170e-01 0.0000e+00
456 0.0000e+00 7.5000e-05 1.6753e-04 1.0558e-04 1.6753e-04 1.8176e-01 0.0000e+00
457 0.0000e+00 8.3000e-05 1.6721e-04 9.3845e-05 1.6721e-04 1.8183e-01 0.0000e+00
458 0.0000e+00 8.6600e-05 1.6683e-04 8.3561e-05 1.6683e-04 1.8192e-01 0.0000e+00
459 0.0000e+00 8.3000e-05 1.6639e-04 7.4512e-05 1.6639e-04 1.8201e-01 0.0000e+00
460 0.0000e+00 7.5000e-05 1.6592e-04 6.6527e-05 1.6592e-04 1.8211e-01 0.0000e+00
461 0.0000e+00 6.1200e-05 1.6540e-04 5.9464e-05 1.6540e-04 1.8221e-01 0.0000e+00
462 0.0000e+00 4.3300e-05 1.6485e-04 5.3203e-05 1.6485e-04 1.8232e-01 0.0000e+00
463 0.0000e+00 2.1000e-05 1.6428e-04 4.7646e-05 1.6428e-04 1.8244e-01 0.0000e+00
464 0.0000e+00 0.0000e+00 1.6368e-04 4.2704e-05 1.6368e-04 1.8256e-01 0.0000e+00
465 1.0000e-03 0.0000e+00 1.7349e-04 8.3735e-05 1.6306e-04 1.8264e-01 1.0423e-05
466 5.0000e-04 0.0000e+00 1.7760e-04 1.3339e-04 1.6266e-04 1.8267e-01 1.4940e-05
467 0.0000e+00 0.0000e+00 1.6251e-04 1.0817e-04 1.6251e-04 1.8272e-01 0.0000e+00
468 0.0000e+00 0.0000e+00 1.6224e-04 9.3400e-05 1.6224e-04 1.8279e-01 0.0000e+00
469 5.0000e-04 0.0000e+00 1.7683e-04 1.4655e-04 1.6189e-04 1.8281e-01 1.4940e-05
470 0.0000e+00 0.0000e+00 1.6181e-04 1.2030e-04 1.6181e-04 1.8285e-01 0.0000e+00
471 0.0000e+00 0.0000e+00 1.6160e-04 1.0427e-04 1.6160e-04 1.8291e-01 0.0000e+00
472 5.0000e-04 0.0000e+00 1.7625e-04 1.5612e-04 1.6131e-04 1.8291e-01 1.4940e-05
473 5.0000e-04 0.0000e+00 1.7623e-04 1.9374e-04 1.6129e-04 1.8288e-01 1.4940e-05
474 0.0000e+00 0.0000e+00 1.6145e-04 1.6046e-04 1.6145e-04 1.8288e-01 0.0000e+00
475 0.0000e+00 0.0000e+00 1.6144e-04 1.3896e-04 1.6144e-04 1.8290e-01 0.0000e+00
476 0.0000e+00 0.0000e+00 1.6133e-04 1.2142e-04 1.6133e-04 1.8294e-01 0.0000e+00
477 0.0000e+00 9.2000e-06 1.6113e-04 1.0665e-04 1.6113e-04 1.8300e-01 0.0000e+00
478 0.0000e+00 1.7800e-05 1.6086e-04 9.3997e-05 1.6086e-04 1.8307e-01 0.0000e+00
479 0.0000e+00 2.5200e-05 1.6052e-04 8.3067e-05 1.6052e-04 1.8314e-01 0.0000e+00
480 0.0000e+00 3.0900e-05 1.6013e-04 7.3566e-05 1.6013e-04 1.8323e-01 0.0000e+00
481 0.0000e+00 3.4200e-05 1.5970e-04 6.5272e-05 1.5970e-04 1.8332e-01 0.0000e+00
482 5.0000e-04 3.5700e-05 1.7067e-04 1.0753e-04 1.5923e-04 1.8338e-01 1.1438e-05
483 2.5000e-03 3.4200e-05 2.3261e-04 4.0745e-04 1.5897e-04 1.8313e-01 7.3635e-05
484 1.0000e-03 3.0900e-05 1.8907e-04 4.4219e-04 1.6021e-04 1.8284e-01 2.8859e-05
485 0.0000e+00 2.5200e-05 1.6163e-04 3.6478e-04 1.6163e-04 1.8264e-01 0.0000e+00
486 1.0000e-03 1.7800e-05 1.9086e-04 4.3677e-04 1.6266e-04 1.8237e-01 2.8205e-05
487 0.0000e+00 8.6000e-06 1.6406e-04 3.6518e-04 1.6406e-04 1.8217e-01 0.0000e+00
488 0.0000e+00 0.0000e+00 1.6509e-04 3.1667e-04 1.6509e-04 1.8201e-01 0.0000e+00
489 0.0000e+00 0.0000e+00 1.6588e-04 2.7664e-04 1.6588e-04 1.8190e-01 0.0000e+00
490 0.0000e+00 0.0000e+00 1.6645e-04 2.4274e-04 1.6645e-04 1.8183e-01 0.0000e+00
491 0.0000e+00 0.0000e+00 1.6685e-04 2.1366e-04 1.6685e-04 1.8178e-01 0.0000e+00
492 0.0000e+00 0.0000e+00 1.6709e-04 1.8853e-04 1.6709e-04 1.8176e-01 0.0000e+00
493 0.0000e+00 0.0000e+00 1.6720e-04 1.6668e-04 1.6720e-04 1.8176e-01 0.0000e+00
494 0.0000e+00 0.0000e+00 1.6720e-04 1.4763e-04 1.6720e-04 1.8178e-01 0.0000e+00
495 0.0000e+00 0.0000e+00 1.6710e-04 1.3095e-04 1.6710e-04 1.8182e-01 0.0000e+00
496 0.0000e+00 0.0000e+00 1.6691e-04 1.1632e-04 1.6691e-04 1.8187e-01 0.0000e+00
497 0.0000e+00 0.0000e+00 1.6665e-04 1.0346e-04 1.6665e-04 1.8193e-01 0.0000e+00
498 0.0000e+00 0.0000e+00 1.6632e-04 9.2121e-05 1.6632e-04 1.8200e-01 0.0000e+00
499 0.0000e+00 0.0000e+00 1.6593e-04 8.2113e-05 1.6593e-04 1.8209e-01 0.0000e+00
500 0.0000e+00 0.0000e+00 1.6550e-04 7.3265e-05 1.6550e-04 1.8218e-01 0.0000e+00
501 0.0000e+00 6.3800e-05 1.6502e-04 6.5430e-05 1.6502e-04 1.8228e-01 0.0000e+00
502 0.0000e+00 1.2310e-04 1.6451e-04 5.8485e-05 1.6451e-04 1.8239e-01 0.0000e+00
503 0.0000e+00 1.7420e-04 1.6397e-04 5.2319e-05 1.6397e-04 1.8250e-01 0.0000e+00
504 0.0000e+00 2.1330e-04 1.6339e-04 4.6840e-05 1.6339e-04 1.8261e-01 0.0000e+00
505 0.0000e+00 2.3600e-04 1.6280e-04 4.1965e-05 1.6280e-04 1.8273e-01 0.0000e+00
506 0.0000e+00 2.4640e-04 1.6219e-04 3.7624e-05 1.6219e-04 1.8286e-01 0.0000e+00
507 0.0000e+00 2.3600e-04 1.6156e-04 3.3755e-05 1.6156e-04 1.8299e-01 0.0000e+00
508 0.0000e+00 2.1330e-04 1.6091e-04 3.0304e-05 1.6091e-04 1.8312e-01 0.0000e+00
509 0.0000e+00 1.7420e-04 1.6026e-04 2.7222e-05 1.6026e-04 1.8325e-01 0.0000e+00
510 0.0000e+00 1.2310e-04 1.5959e-04 2.4468e-05 1.5959e-04 1.8339e-01 0.0000e+00
511 0.0000e+00 5.9600e-05 1.5892e-04 2.2006e-05 1.5892e-04 1.8352e-01 0.0000e+00
512 0.0000e+00 0.0000e+00 1.5824e-04 1.9802e-05 1.5824e-04 1.8366e-01 0.0000e+00
513 0.0000e+00 0.0000e+00 1.5756e-04 1.7828e-05 1.5756e-04 1.8380e-01 0.0000e+00
514 0.0000e+00 0.0000e+00 1.5687e-04 1.6060e-05 1.5687e-04 1.8394e-01 0.0000e+00
515 0.0000e+00 0.0000e+00 1.5618e-04 1.4474e-05 1.5618e-04 1.8408e-01 0.0000e+00
516 0.0000e+00 0.0000e+00 1.5549e-04 1.3051e-05 1.5549e-04 1.8423e-01 0.0000e+00
517 0.0000e+00 0.0000e+00 1.5480e-04 1.1773e-05 1.5480e-04 1.8437e-01 0.0000e+00
518 0.0000e+00 0.0000e+00 1.5411e-04 1.0625e-05 1.5411e-04 1.8451e-01 0.0000e+00
519 0.0000e+00 0.0000e+00 1.5342e-04 9.5929e-06 1.5342e-04 1.8466e-01 0.0000e+00
520 0.0000e+00 0.0000e+00 1.5273e-04 8.6654e-06 1.5273e-04 1.8480e-01 0.0000e+00
521 0.0000e+00 0.0000e+00 1.5205e-04 7.8307e-06 1.5205e-04 1.8494e-01 0.0000e+00
522 0.0000e+00 0.0000e+00 1.5136e-04 7.0793e-06 1.5136e-04 1.8509e-01 0.0000e+00
523 0.0000e+00 0.0000e+00 1.5068e-04 6.4025e-06 1.5068e-04 1.8523e-01 0.0000e+00
524 0.0000e+00 0.0000e+00 1.5001e-04 5.7927e-06 1.5001e-04 1.8538e-01 0.0000e+00
525 0.0000e+00 4.1700e-05 1.4933e-04 5.2429e-06 1.4933e-04 1.8552e-01 0.0000e+00
526 0.0000e+00 8.0400e-05 1.4866e-04 4.7470e-06 1.4866e-04 1.8566e-01 0.0000e+00
527 0.0000e+00 1.1380e-04 1.4799e-04 4.2995e-06 1.4799e-04 1.8581e-01 0.0000e+00
528 0.0000e+00 1.3930e-04 1.4733e-04 3.8956e-06 1.4733e-04 1.8595e-01 0.0000e+00
529 0.0000e+00 1.5420e-04 1.4667e-04 3.5308e-06 1.4667e-04 1.8610e-01 0.0000e+00
530 0.0000e+00 1.6090e-04 1.4602e-04 3.2013e-06 1.4602e-04 1.8624e-01 0.0000e+00
531 0.0000e+00 1.5420e-04 1.4537e-04 2.9034e-06 1.4537e-04 1.8638e-01 0.0000e+00
532 0.0000e+00 1.3930e-04 1.4472e-04 2.6335e-06 1.4472e-04 1.8652e-01 0.0000e+00
533 0.0000e+00 1.1380e-04 1.4408e-04 2.3900e-06 1.4408e-04 1.8666e-01 0.0000e+00
534 0.0000e+00 8.0400e-05 1.4344e-04 2.1697e-06 1.4344e-04 1.8681e-01 0.0000e+00
535 0.0000e+00 3.8900e-05 1.4281e-04 1.9703e-06 1.4281e-04 1.8695e-01 0.0000e+00
536 0.0000e+00 0.0000e+00 1.4218e-04 1.7898e-06 1.4218e-04 1.8709e-01 0.0000e+00
537 0.0000e+00 0.0000e+00 1.4156e-04 1.6262e-06 1.4156e-04 1.8723e-01 0.0000e+00
538 0.0000e+00 0.0000e+00 1.4094e-04 1.4781e-06 1.4094e-04 1.8737e-01 0.0000e+00
539 0.0000e+00 0.0000e+00 1.4033e-04 1.3437e-06 1.4033e-04 1.8751e-01 0.0000e+00
540 0.0000e+00 0.0000e+00 1.3972e-04 1.2220e-06 1.3972e-04 1.8764e-01 0.0000e+00
541 0.0000e+00 0.0000e+00 1.3912e-04 1.1115e-06 1.3912e-04 1.8778e-01 0.0000e+00
542 0.0000e+00 0.0000e+00 1.3852e-04 1.0113e-06 1.3852e-04 1.8792e-01 0.0000e+00
543 0.0000e+00 0.0000e+00 1.3793e-04 9.2038e-07 1.3793e-04 1.8806e-01 0.0000e+00
544 0.0000e+00 0.0000e+00 1.3734e-04 8.3783e-07 1.3734e-04 1.8819e-01 0.0000e+00
545 0.0000e+00 0.0000e+00 1.3675e-04 7.6198e-07 1.3675e-04 1.8833e-01 0.0000e+00
546 0.0000e+00 0.0000e+00 1.3617e-04 6.9404e-07 1.3617e-04 1.8846e-01 0.0000e+00
547 0.0000e+00 0.0000e+00 1.3560e-04 6.3231e-07 1.3560e-04 1.8860e-01 0.0000e+00
548 0.0000e+00 0.0000e+00 1.3503e-04 5.7620e-07 1.3503e-04 1.8873e-01 0.0000e+00
549 0.0000e+00 2.0700e-05 1.3446e-04 5.2518e-07 1.3446e-04 1.8887e-01 0.0000e+00
550 0.0000e+00 4.0000e-05 1.3390e-04 4.7879e-07 1.3390e-04 1.8900e-01 0.0000e+00
551 0.0000e+00 5.6600e-05 1.3334e-04 4.3659e-07 1.3334e-04 1.8913e-01 0.0000e+00
552 1.0000e-03 6.9300e-05 1.3279e-04 3.9820e-07 1.3279e-04 1.8927e-01 0.0000e+00
553 1.0000e-03 7.6600e-05 1.3224e-04 3.6326e-07 1.3224e-04 1.8940e-01 0.0000e+00
554 2.0000e-03 8.0000e-05 1.5357e-04 9.0531e-05 1.3170e-04 1.8944e-01 2.1875e-05
555 1.5000e-03 7.6600e-05 1.7396e-04 2.4429e-04 1.3153e-04 1.8933e-01 4.2430e-05
556 0.0000e+00 6.9300e-05 1.3199e-04 1.9337e-04 1.3199e-04 1.8927e-01 0.0000e+00
557 5.0000e-04 5.6600e-05 1.4283e-04 2.0934e-04 1.3225e-04 1.8919e-01 1.0584e-05
558 0.0000e+00 4.0000e-05 1.3256e-04 1.7707e-04 1.3256e-04 1.8914e-01 0.0000e+00
559 0.0000e+00 1.9400e-05 1.3275e-04 1.5392e-04 1.3275e-04 1.8912e-01 0.0000e+00
560 0.0000e+00 0.0000e+00 1.3284e-04 1.3469e-04 1.3284e-04 1.8912e-01 0.0000e+00
561 0.0000e+00 0.0000e+00 1.3284e-04 1.1839e-04 1.3284e-04 1.8913e-01 0.0000e+00
562 0.0000e+00 0.0000e+00 1.3278e-04 1.0442e-04 1.3278e-04 1.8916e-01 0.0000e+00
563 0.0000e+00 0.0000e+00 1.3267e-04 9.2336e-05 1.3267e-04 1.8920e-01 0.0000e+00
564 0.0000e+00 0.0000e+00 1.3250e-04 8.1830e-05 1.3250e-04 1.8925e-01 0.0000e+00
565 5.0000e-04 0.0000e+00 1.4377e-04 1.2003e-04 1.3229e-04 1.8927e-01 1.1477e-05
566 0.0000e+00 0.0000e+00 1.3224e-04 1.0090e-04 1.3224e-04 1.8930e-01 0.0000e+00
567 0.0000e+00 0.0000e+00 1.3211e-04 8.8493e-05 1.3211e-04 1.8934e-01 0.0000e+00
568 0.0000e+00 0.0000e+00 1.3193e-04 7.8056e-05 1.3193e-04 1.8940e-01 0.0000e+00
569 0.0000e+00 0.0000e+00 1.3171e-04 6.9112e-05 1.3171e-04 1.8946e-01 0.0000e+00
570 0.0000e+00 0.0000e+00 1.3145e-04 6.1360e-05 1.3145e-04 1.8953e-01 0.0000e+00
571 0.0000e+00 0.0000e+00 1.3116e-04 5.4590e-05 1.3116e-04 1.8960e-01 0.0000e+00
572 0.0000e+00 0.0000e+00 1.3085e-04 4.8650e-05 1.3085e-04 1.8969e-01 0.0000e+00
573 3.0000e-03 3.0500e-05 2.2016e-04 4.1224e-04 1.3051e-04 1.8941e-01 8.9642e-05
574 1.0000e-03 5.8900e-05 1.6064e-04 4.4169e-04 1.3167e-04 1.8910e-01 2.8969e-05
575 2.5000e-03 8.3300e-05 2.0589e-04 6.7018e-04 1.3295e-04 1.8856e-01 7.2942e-05
576 3.5000e-03 1.0200e-04 2.3729e-04 9.7497e-04 1.3520e-04 1.8772e-01 1.0209e-04
577 1.5000e-03 1.1290e-04 1.8057e-04 9.7860e-04 1.3880e-04 1.8688e-01 4.1773e-05
578 0.0000e+00 1.1780e-04 1.4249e-04 8.3069e-04 1.4249e-04 1.8619e-01 0.0000e+00
579 0.0000e+00 1.1290e-04 1.4558e-04 7.2251e-04 1.4558e-04 1.8561e-01 0.0000e+00
580 0.0000e+00 1.0200e-04 1.4823e-04 6.3237e-04 1.4823e-04 1.8513e-01 0.0000e+00
581 0.0000e+00 8.3300e-05 1.5049e-04 5.5578e-04 1.5049e-04 1.8472e-01 0.0000e+00
582 0.0000e+00 5.8900e-05 1.5241e-04 4.8988e-04 1.5241e-04 1.8439e-01 0.0000e+00
583 0.0000e+00 2.8500e-05 1.5403e-04 4.3275e-04 1.5403e-04 1.8411e-01 0.0000e+00
584 0.0000e+00 0.0000e+00 1.5537e-04 3.8297e-04 1.5537e-04 1.8388e-01 0.0000e+00
585 0.0000e+00 0.0000e+00 1.5648e-04 3.3943e-04 1.5648e-04 1.8370e-01 0.0000e+00
586 0.0000e+00 0.0000e+00 1.5738e-04 3.0124e-04 1.5738e-04 1.8355e-01 0.0000e+00
587 0.0000e+00 0.0000e+00 1.5809e-04 2.6768e-04 1.5809e-04 1.8344e-01 0.0000e+00
588 0.0000e+00 0.0000e+00 1.5863e-04 2.3811e-04 1.5863e-04 1.8336e-01 0.0000e+00
589 5.0000e-04 0.0000e+00 1.5903e-04 2.1204e-04 1.5903e-04 1.8331e-01 0.0000e+00
590 0.0000e+00 0.0000e+00 1.5929e-04 1.8899e-04 1.5929e-04 1.8328e-01 0.0000e+00
591 0.0000e+00 0.0000e+00 1.5944e-04 1.6861e-04 1.5944e-04 1.8327e-01 0.0000e+00
592 5.0000e-04 0.0000e+00 1.7104e-04 2.0062e-04 1.5948e-04 1.8323e-01 1.1560e-05
593 0.0000e+00 0.0000e+00 1.5969e-04 1.7212e-04 1.5969e-04 1.8322e-01 0.0000e+00
594 1.0000e-03 0.0000e+00 1.8963e-04 2.8157e-04 1.5975e-04 1.8310e-01 2.9881e-05
595 0.0000e+00 0.0000e+00 1.6036e-04 2.3224e-04 1.6036e-04 1.8303e-01 0.0000e+00
596 0.0000e+00 0.0000e+00 1.6072e-04 2.0232e-04 1.6072e-04 1.8298e-01 0.0000e+00
597 0.0000e+00 6.2600e-05 1.6093e-04 1.7779e-04 1.6093e-04 1.8297e-01 0.0000e+00
598 0.0000e+00 1.2080e-04 1.6101e-04 1.5698e-04 1.6101e-04 1.8297e-01 0.0000e+00
599 0.0000e+00 1.7090e-04 1.6099e-04 1.3903e-04 1.6099e-04 1.8299e-01 0.0000e+00
600 0.0000e+00 2.0930e-04 1.6088e-04 1.2341e-04 1.6088e-04 1.8303e-01 0.0000e+00
601 0.0000e+00 2.3150e-04 1.6070e-04 1.0974e-04 1.6070e-04 1.8308e-01 0.0000e+00
602 0.0000e+00 2.4180e-04 1.6044e-04 9.7735e-05 1.6044e-04 1.8314e-01 0.0000e+00
603 0.0000e+00 2.3150e-04 1.6013e-04 8.7161e-05 1.6013e-04 1.8322e-01 0.0000e+00
604 0.0000e+00 2.0930e-04 1.5976e-04 7.7822e-05 1.5976e-04 1.8330e-01 0.0000e+00
605 0.0000e+00 1.7090e-04 1.5935e-04 6.9557e-05 1.5935e-04 1.8339e-01 0.0000e+00
606 0.0000e+00 1.2080e-04 1.5891e-04 6.2231e-05 1.5891e-04 1.8349e-01 0.0000e+00
607 0.0000e+00 5.8500e-05 1.5843e-04 5.5727e-05 1.5843e-04 1.8359e-01 0.0000e+00
608 0.0000e+00 0.0000e+00 1.5792e-04 4.9943e-05 1.5792e-04 1.8370e-01 0.0000e+00
609 0.0000e+00 0.0000e+00 1.5739e-04 4.4795e-05 1.5739e-04 1.8381e-01 0.0000e+00
610 0.0000e+00 0.0000e+00 1.5683e-04 4.0207e-05 1.5683e-04 1.8392e-01 0.0000e+00
611 0.0000e+00 0.0000e+00 1.5626e-04 3.6114e-05 1.5626e-04 1.8405e-01 0.0000e+00
612 0.0000e+00 0.0000e+00 1.5568e-04 3.2459e-05 1.5568e-04 1.8417e-01 0.0000e+00
613 0.0000e+00 0.0000e+00 1.5508e-04 2.9192e-05 1.5508e-04 1.8429e-01 0.0000e+00
614 0.0000e+00 0.0000e+00 1.5447e-04 2.6268e-05 1.5447e-04 1.8442e-01 0.0000e+00
615 0.0000e+00 0.0000e+00 1.5385e-04 2.3652e-05 1.5385e-04 1.8455e-01 0.0000e+00
616 0.0000e+00 0.0000e+00 1.5323e-04 2.1308e-05 1.5323e-04 1.8468e-01 0.0000e+00
617 0.0000e+00 0.0000e+00 1.5260e-04 1.9206e-05 1.5260e-04 1.8482e-01 0.0000e+00
618 0.0000e+00 0.0000e+00 1.5196e-04 1.7321e-05 1.5196e-04 1.8495e-01 0.0000e+00
619 0.0000e+00 0.0000e+00 1.5133e-04 1.5628e-05 1.5133e-04 1.8509e-01 0.0000e+00
620 0.0000e+00 0.0000e+00 1.5068e-04 1.4107e-05 1.5068e-04 1.8522e-01 0.0000e+00
621 0.0000e+00 1.4200e-05 1.5004e-04 1.2740e-05 1.5004e-04 1.8536e-01 0.0000e+00
622 0.0000e+00 2.7500e-05 1.4940e-04 1.1511e-05 1.4940e-04 1.8550e-01 0.0000e+00
623 0.0000e+00 3.8900e-05 1.4876e-04 1.0404e-05 1.4876e-04 1.8564e-01 0.0000e+00
624 1.0000e-03 4.7600e-05 1.4812e-04 9.4082e-06 1.4812e-04 1.8578e-01 0.0000e+00
625 1.0000e-03 5.2700e-05 1.4979e-04 1.8310e-05 1.4748e-04 1.8591e-01 2.3102e-06
626 3.0000e-03 5.5000e-05 2.3495e-04 3.8831e-04 1.4688e-04 1.8566e-01 8.8067e-05
627 2.0000e-03 5.2700e-05 2.0611e-04 5.4336e-04 1.4799e-04 1.8527e-01 5.8118e-05
628 1.5000e-03 4.7600e-05 1.9308e-04 6.2412e-04 1.4983e-04 1.8480e-01 4.3246e-05
629 3.5000e-03 3.8900e-05 2.5523e-04 9.5840e-04 1.5207e-04 1.8399e-01 1.0316e-04
630 4.0000e-03 2.7500e-05 2.7431e-04 1.2918e-03 1.5595e-04 1.8285e-01 1.1836e-04
631 5.0000e-03 1.3300e-05 3.1017e-04 1.7087e-03 1.6159e-04 1.8131e-01 1.4858e-04
632 0.0000e+00 0.0000e+00 1.6959e-04 1.4101e-03 1.6959e-04 1.8007e-01 0.0000e+00
633 0.0000e+00 0.0000e+00 1.7629e-04 1.2178e-03 1.7629e-04 1.7902e-01 0.0000e+00
634 1.0000e-03 0.0000e+00 2.1161e-04 1.1934e-03 1.8213e-04 1.7801e-01 2.9483e-05
635 2.5000e-03 0.0000e+00 2.7729e-04 1.3507e-03 1.8797e-04 1.7685e-01 8.9320e-05
636 3.5000e-03 0.0000e+00 3.3401e-04 1.5946e-03 1.9493e-04 1.7545e-01 1.3908e-04
637 3.0000e-03 0.0000e+00 3.2286e-04 1.7420e-03 2.0365e-04 1.7391e-01 1.1921e-04
638 0.0000e+00 0.0000e+00 2.1367e-04 1.4801e-03 2.1367e-04 1.7265e-01 0.0000e+00
639 5.0000e-04 0.0000e+00 2.4217e-04 1.3532e-03 2.2230e-04 1.7151e-01 1.9869e-05
640 0.0000e+00 0.0000e+00 2.3030e-04 1.1747e-03 2.3030e-04 1.7057e-01 0.0000e+00
641 5.0000e-04 0.0000e+00 2.5706e-04 1.0946e-03 2.3719e-04 1.6971e-01 1.9869e-05
642 0.0000e+00 0.0000e+00 2.4364e-04 9.5101e-04 2.4364e-04 1.6901e-01 0.0000e+00
643 5.0000e-04 0.0000e+00 2.6895e-04 9.0144e-04 2.4908e-04 1.6835e-01 1.9869e-05
644 0.0000e+00 0.0000e+00 2.5421e-04 7.8260e-04 2.5421e-04 1.6782e-01 0.0000e+00
645 0.0000e+00 1.6900e-05 2.5844e-04 6.8602e-04 2.5844e-04 1.6740e-01 0.0000e+00
646 0.0000e+00 3.2600e-05 2.6192e-04 6.0254e-04 2.6192e-04 1.6706e-01 0.0000e+00
647 0.0000e+00 4.6100e-05 2.6472e-04 5.3005e-04 2.6472e-04 1.6679e-01 0.0000e+00
648 0.0000e+00 5.6400e-05 2.6693e-04 4.6691e-04 2.6693e-04 1.6659e-01 0.0000e+00
649 0.0000e+00 6.2400e-05 2.6860e-04 4.1176e-04 2.6860e-04 1.6645e-01 0.0000e+00
650 0.0000e+00 6.5200e-05 2.6980e-04 3.6352e-04 2.6980e-04 1.6635e-01 0.0000e+00
651 0.0000e+00 6.2400e-05 2.7060e-04 3.2125e-04 2.7060e-04 1.6630e-01 0.0000e+00
652 0.0000e+00 5.6400e-05 2.7102e-04 2.8416e-04 2.7102e-04 1.6629e-01 0.0000e+00
653 0.0000e+00 4.6100e-05 2.7114e-04 2.5159e-04 2.7114e-04 1.6631e-01 0.0000e+00
654 0.0000e+00 3.2600e-05 2.7097e-04 2.2294e-04 2.7097e-04 1.6636e-01 0.0000e+00
655 0.0000e+00 1.5800e-05 2.7056e-04 1.9772e-04 2.7056e-04 1.6643e-01 0.0000e+00
656 0.0000e+00 0.0000e+00 2.6995e-04 1.7550e-04 2.6995e-04 1.6653e-01 0.0000e+00
657 0.0000e+00 0.0000e+00 2.6915e-04 1.5590e-04 2.6915e-04 1.6664e-01 0.0000e+00
658 0.0000e+00 0.0000e+00 2.6820e-04 1.3859e-04 2.6820e-04 1.6677e-01 0.0000e+00
659 0.0000e+00 0.0000e+00 2.6712e-04 1.2330e-04 2.6712e-04 1.6691e-01 0.0000e+00
660 0.0000e+00 0.0000e+00 2.6592e-04 1.0978e-04 2.6592e-04 1.6707e-01 0.0000e+00
661 0.0000e+00 0.0000e+00 2.6463e-04 9.7811e-05 2.6463e-04 1.6724e-01 0.0000e+00
662 0.0000e+00 0.0000e+00 2.6325e-04 8.7206e-05 2.6325e-04 1.6741e-01 0.0000e+00
663 0.0000e+00 0.0000e+00 2.6181e-04 7.7803e-05 2.6181e-04 1.6760e-01 0.0000e+00
664 0.0000e+00 0.0000e+00 2.6030e-04 6.9460e-05 2.6030e-04 1.6779e-01 0.0000e+00
665 0.0000e+00 0.0000e+00 2.5876e-04 6.2052e-05 2.5876e-04 1.6798e-01 0.0000e+00
666 5.0000e-04 0.0000e+00 2.5754e-04 5.6746e-05 2.5717e-04 1.6818e-01 3.6839e-07
667 0.0000e+00 0.0000e+00 2.5557e-04 5.0561e-05 2.5557e-04 1.6839e-01 0.0000e+00
668 5.0000e-04 0.0000e+00 2.7380e-04 1.1392e-04 2.5393e-04 1.6853e-01 1.9869e-05
669 5.0000e-04 1.5300e-05 2.7269e-04 1.6014e-04 2.5282e-04 1.6862e-01 1.9869e-05
670 0.0000e+00 2.9500e-05 2.5209e-04 1.2999e-04 2.5209e-04 1.6874e-01 0.0000e+00
671 1.0000e-03 4.1700e-05 2.8909e-04 2.4237e-04 2.5113e-04 1.6875e-01 3.7958e-05
672 0.0000e+00 5.1100e-05 2.5106e-04 1.9395e-04 2.5106e-04 1.6881e-01 0.0000e+00
673 0.0000e+00 5.6500e-05 2.5062e-04 1.6569e-04 2.5062e-04 1.6889e-01 0.0000e+00
674 0.0000e+00 5.9000e-05 2.4995e-04 1.4285e-04 2.4995e-04 1.6900e-01 0.0000e+00
675 5.0000e-04 5.6500e-05 2.6072e-04 1.6389e-04 2.4912e-04 1.6909e-01 1.1604e-05
676 5.0000e-04 5.1100e-05 2.6608e-04 1.9843e-04 2.4846e-04 1.6914e-01 1.7624e-05
677 0.0000e+00 4.1700e-05 2.4807e-04 1.6467e-04 2.4807e-04 1.6922e-01 0.0000e+00
678 0.0000e+00 2.9500e-05 2.4742e-04 1.4204e-04 2.4742e-04 1.6932e-01 0.0000e+00
679 1.0000e-03 1.4300e-05 2.8149e-04 2.4307e-04 2.4661e-04 1.6933e-01 3.4881e-05
680 1.0000e-03 0.0000e+00 2.8575e-04 3.3140e-04 2.4658e-04 1.6924e-01 3.9169e-05
681 0.0000e+00 0.0000e+00 2.4724e-04 2.6963e-04 2.4724e-04 1.6922e-01 0.0000e+00
682 0.0000e+00 0.0000e+00 2.4741e-04 2.3077e-04 2.4741e-04 1.6924e-01 0.0000e+00
683 0.0000e+00 0.0000e+00 2.4728e-04 1.9913e-04 2.4728e-04 1.6929e-01 0.0000e+00
684 0.0000e+00 0.0000e+00 2.4691e-04 1.7283e-04 2.4691e-04 1.6936e-01 0.0000e+00
685 0.0000e+00 0.0000e+00 2.4634e-04 1.5065e-04 2.4634e-04 1.6946e-01 0.0000e+00
686 0.0000e+00 0.0000e+00 2.4560e-04 1.3176e-04 2.4560e-04 1.6957e-01 0.0000e+00
687 0.0000e+00 0.0000e+00 2.4473e-04 1.1555e-04 2.4473e-04 1.6970e-01 0.0000e+00
688 0.0000e+00 0.0000e+00 2.4374e-04 1.0156e-04 2.4374e-04 1.6984e-01 0.0000e+00
689 0.0000e+00 0.0000e+00 2.4266e-04 8.9441e-05 2.4266e-04 1.6999e-01 0.0000e+00
690 0.0000e+00 0.0000e+00 2.4150e-04 7.8906e-05 2.4150e-04 1.7016e-01 0.0000e+00
691 0.0000e+00 0.0000e+00 2.4028e-04 6.9720e-05 2.4028e-04 1.7033e-01 0.0000e+00
692 0.0000e+00 0.0000e+00 2.3900e-04 6.1691e-05 2.3900e-04 1.7050e-01 0.0000e+00
693 0.0000e+00 5.6100e-05 2.3768e-04 5.4658e-05 2.3768e-04 1.7069e-01 0.0000e+00
694 0.0000e+00 1.0830e-04 2.3633e-04 4.8484e-05 2.3633e-04 1.7088e-01 0.0000e+00
695 0.0000e+00 1.5320e-04 2.3494e-04 4.3057e-05 2.3494e-04 1.7107e-01 0.0000e+00
696 0.0000e+00 1.8770e-04 2.3354e-04 3.8277e-05 2.3354e-04 1.7126e-01 0.0000e+00
697 0.0000e+00 2.0760e-04 2.3212e-04 3.4061e-05 2.3212e-04 1.7146e-01 0.0000e+00
698 0.0000e+00 2.1680e-04 2.3069e-04 3.0338e-05 2.3069e-04 1.7166e-01 0.0000e+00
699 0.0000e+00 2.0760e-04 2.2925e-04 2.7046e-05 2.2925e-04 1.7186e-01 0.0000e+00
700 5.0000e-04 1.8770e-04 2.2780e-04 2.4131e-05 2.2780e-04 1.7207e-01 0.0000e+00
701 0.0000e+00 1.5320e-04 2.2636e-04 2.1548e-05 2.2636e-04 1.7227e-01 0.0000e+00
702 0.0000e+00 1.0830e-04 2.2491e-04 1.9255e-05 2.2491e-04 1.7248e-01 0.0000e+00
703 0.0000e+00 5.2400e-05 2.2347e-04 1.7220e-05 2.2347e-04 1.7268e-01 0.0000e+00
704 0.0000e+00 0.0000e+00 2.2204e-04 1.5410e-05 2.2204e-04 1.7289e-01 0.0000e+00
705 0.0000e+00 0.0000e+00 2.2061e-04 1.3799e-05 2.2061e-04 1.7310e-01 0.0000e+00
706 0.0000e+00 0.0000e+00 2.1919e-04 1.2365e-05 2.1919e-04 1.7330e-01 0.0000e+00
707 0.0000e+00 0.0000e+00 2.1777e-04 1.1087e-05 2.1777e-04 1.7351e-01 0.0000e+00
708 0.0000e+00 0.0000e+00 2.1637e-04 9.9468e-06 2.1637e-04 1.7372e-01 0.0000e+00
709 0.0000e+00 0.0000e+00 2.1498e-04 8.9292e-06 2.1498e-04 1.7392e-01 0.0000e+00
710 0.0000e+00 0.0000e+00 2.1360e-04 8.0202e-06 2.1360e-04 1.7413e-01 0.0000e+00
711 0.0000e+00 0.0000e+00 2.1223e-04 7.2076e-06 2.1223e-04 1.7433e-01 0.0000e+00
712 0.0000e+00 0.0000e+00 2.1088e-04 6.4808e-06 2.1088e-04 1.7454e-01 0.0000e+00
713 0.0000e+00 0.0000e+00 2.0953e-04 5.8302e-06 2.0953e-04 1.7474e-01 0.0000e+00
714 0.0000e+00 0.0000e+00 2.0820e-04 5.2475e-06 2.0820e-04 1.7494e-01 0.0000e+00
715 0.0000e+00 0.0000e+00 2.0689e-04 4.7253e-06 2.0689e-04 1.7515e-01 0.0000e+00
716 0.0000e+00 0.0000e+00 2.0559e-04 4.2570e-06 2.0559e-04 1.7535e-01 0.0000e+00
717 0.0000e+00 8.5600e-05 2.0430e-04 3.8369e-06 2.0430e-04 1.7555e-01 0.0000e+00
718 0.0000e+00 1.6520e-04 2.0302e-04 3.4590e-06 2.0302e-04 1.7575e-01 0.0000e+00
719 0.0000e+00 2.3380e-04 2.0176e-04 3.1204e-06 2.0176e-04 1.7595e-01 0.0000e+00
720 0.0000e+00 2.8620e-04 2.0051e-04 2.8162e-06 2.0051e-04 1.7614e-01 0.0000e+00
721 0.0000e+00 3.1670e-04 1.9927e-04 2.5426e-06 1.9927e-04 1.7634e-01 0.0000e+00
722 0.0000e+00 3.3060e-04 1.9805e-04 2.2966e-06 1.9805e-04 1.7654e-01 0.0000e+00
723 0.0000e+00 3.1670e-04 1.9685e-04 2.0751e-06 1.9685e-04 1.7673e-01 0.0000e+00
724 0.0000e+00 2.8620e-04 1.9565e-04 1.8757e-06 1.9565e-04 1.7693e-01 0.0000e+00
725 0.0000e+00 2.3380e-04 1.9447e-04 1.6961e-06 1.9447e-04 1.7712e-01 0.0000e+00
726 0.0000e+00 1.6520e-04 1.9330e-04 1.5342e-06 1.9330e-04 1.7731e-01 0.0000e+00
727 0.0000e+00 8.0000e-05 1.9215e-04 1.3883e-06 1.9215e-04 1.7750e-01 0.0000e+00
728 0.0000e+00 0.0000e+00 1.9100e-04 1.2567e-06 1.9100e-04 1.7769e-01 0.0000e+00
729 0.0000e+00 0.0000e+00 1.8988e-04 1.1379e-06 1.8988e-04 1.7788e-01 0.0000e+00
730 0.0000e+00 0.0000e+00 1.8876e-04 1.0307e-06 1.8876e-04 1.7807e-01 0.0000e+00
731 0.0000e+00 0.0000e+00 1.8765e-04 9.3299e-07 1.8765e-04 1.7825e-01 0.0000e+00
732 0.0000e+00 0.0000e+00 1.8656e-04 8.4572e-07 1.8656e-04 1.7844e-01 0.0000e+00
733 0.0000e+00 0.0000e+00 1.8548e-04 7.6685e-07 1.8548e-04 1.7862e-01 0.0000e+00
734 0.0000e+00 0.0000e+00 1.8442e-04 6.9555e-07 1.8442e-04 1.7881e-01 0.0000e+00
735 0.0000e+00 0.0000e+00 1.8336e-04 6.3106e-07 1.8336e-04 1.7899e-01 0.0000e+00
736 0.0000e+00 0.0000e+00 1.8232e-04 5.7271e-07 1.8232e-04 1.7917e-01 0.0000e+00
737 0.0000e+00 0.0000e+00 1.8128e-04 5.1991e-07 1.8128e-04 1.7935e-01 0.0000e+00
738 0.0000e+00 0.0000e+00 1.8026e-04 4.7210e-07 1.8026e-04 1.7953e-01 0.0000e+00
739 0.0000e+00 0.0000e+00 1.7925e-04 4.2881e-07 1.7925e-04 1.7971e-01 0.0000e+00
740 0.0000e+00 0.0000e+00 1.7825e-04 3.8959e-07 1.7825e-04 1.7989e-01 0.0000e+00
741 0.0000e+00 7.4700e-05 1.7727e-04 3.5406e-07 1.7727e-04 1.8007e-01 0.0000e+00
742 0.0000e+00 1.4410e-04 1.7629e-04 3.2184e-07 1.7629e-04 1.8024e-01 0.0000e+00
743 0.0000e+00 2.0380e-04 1.7532e-04 2.9264e-07 1.7532e-04 1.8042e-01 0.0000e+00
744 0.0000e+00 2.4960e-04 1.7437e-04 2.6495e-07 1.7437e-04 1.8059e-01 0.0000e+00
745 0.0000e+00 2.7610e-04 1.7342e-04 2.4109e-07 1.7342e-04 1.8076e-01 0.0000e+00
746 0.0000e+00 2.8830e-04 1.7248e-04 2.1943e-07 1.7248e-04 1.8094e-01 0.0000e+00
747 0.0000e+00 2.7610e-04 1.7156e-04 1.9976e-07 1.7156e-04 1.8111e-01 0.0000e+00
748 0.0000e+00 2.4960e-04 1.7064e-04 1.8190e-07 1.7064e-04 1.8128e-01 0.0000e+00
749 0.0000e+00 2.0380e-04 1.6973e-04 1.6566e-07 1.6973e-04 1.8145e-01 0.0000e+00
750 0.0000e+00 1.4410e-04 1.6884e-04 1.5091e-07 1.6884e-04 1.8162e-01 0.0000e+00
751 0.0000e+00 6.9800e-05 1.6795e-04 1.3751e-07 1.6795e-04 1.8178e-01 0.0000e+00
752 0.0000e+00 0.0000e+00 1.6707e-04 1.2532e-07 1.6707e-04 1.8195e-01 0.0000e+00
753 0.0000e+00 0.0000e+00 1.6620e-04 1.1423e-07 1.6620e-04 1.8212e-01 0.0000e+00
754 0.0000e+00 0.0000e+00 1.6534e-04 1.0415e-07 1.6534e-04 1.8228e-01 0.0000e+00
755 0.0000e+00 0.0000e+00 1.6449e-04 9.4977e-08 1.6449e-04 1.8245e-01 0.0000e+00
756 0.0000e+00 0.0000e+00 1.6365e-04 8.4934e-08 1.6365e-04 1.8261e-01 0.0000e+00
757 0.0000e+00 0.0000e+00 1.6281e-04 7.7541e-08 1.6281e-04 1.8277e-01 0.0000e+00
758 0.0000e+00 0.0000e+00 1.6199e-04 7.0803e-08 1.6199e-04 1.8294e-01 0.0000e+00
759 0.0000e+00 0.0000e+00 1.6117e-04 6.4662e-08 1.6117e-04 1.8310e-01 0.0000e+00
760 0.0000e+00 0.0000e+00 1.6036e-04 5.9064e-08 1.6036e-04 1.8326e-01 0.0000e+00
761 0.0000e+00 0.0000e+00 1.5956e-04 5.3960e-08 1.5956e-04 1.8342e-01 0.0000e+00
762 0.0000e+00 0.0000e+00 1.5877e-04 4.9304e-08 1.5877e-04 1.8358e-01 0.0000e+00
763 0.0000e+00 0.0000e+00 1.5798e-04 4.5058e-08 1.5798e-04 1.8373e-01 0.0000e+00
764 0.0000e+00 0.0000e+00 1.5720e-04 4.1184e-08 1.5720e-04 1.8389e-01 0.0000e+00
765 0.0000e+00 9.6700e-05 1.5643e-04 3.7649e-08 1.5643e-04 1.8405e-01 0.0000e+00
766 0.0000e+00 1.8660e-04 1.5567e-04 3.4424e-08 1.5567e-04 1.8420e-01 0.0000e+00
767 0.0000e+00 2.6400e-04 1.5491e-04 3.1479e-08 1.5491e-04 1.8436e-01 0.0000e+00
768 0.0000e+00 3.2330e-04 1.5417e-04 2.8791e-08 1.5417e-04 1.8451e-01 0.0000e+00
769 0.0000e+00 3.5770e-04 1.5342e-04 2.4514e-08 1.5342e-04 1.8466e-01 0.0000e+00
770 0.0000e+00 3.7350e-04 1.5269e-04 2.2464e-08 1.5269e-04 1.8482e-01 0.0000e+00
771 0.0000e+00 3.5770e-04 1.5196e-04 2.0588e-08 1.5196e-04 1.8497e-01 0.0000e+00
772 0.0000e+00 3.2330e-04 1.5124e-04 1.8871e-08 1.5124e-04 1.8512e-01 0.0000e+00
773 0.0000e+00 2.6400e-04 1.5053e-04 1.7300e-08 1.5053e-04 1.8527e-01 0.0000e+00
774 0.0000e+00 1.8660e-04 1.4983e-04 1.5861e-08 1.4983e-04 1.8542e-01 0.0000e+00
775 0.0000e+00 9.0400e-05 1.4913e-04 1.4543e-08 1.4913e-04 1.8557e-01 0.0000e+00
776 0.0000e+00 0.0000e+00 1.4843e-04 1.3336e-08 1.4843e-04 1.8572e-01 0.0000e+00
777 0.0000e+00 0.0000e+00 1.4775e-04 1.2231e-08 1.4775e-04 1.8587e-01 0.0000e+00
778 0.0000e+00 0.0000e+00 1.4706e-04 1.1219e-08 1.4706e-04 1.8601e-01 0.0000e+00
779 0.0000e+00 0.0000e+00 1.4639e-04 1.0291e-08 1.4639e-04 1.8616e-01 0.0000e+00
780 0.0000e+00 0.0000e+00 1.4572e-04 9.4419e-09 1.4572e-04 1.8631e-01 0.0000e+00
781 0.0000e+00 0.0000e+00 1.4506e-04 8.6634e-09 1.4506e-04 1.8645e-01 0.0000e+00
782 0.0000e+00 0.0000e+00 1.4440e-04 7.9500e-09 1.4440e-04 1.8660e-01 0.0000e+00
783 0.0000e+00 0.0000e+00 1.4375e-04 5.8718e-09 1.4375e-04 1.8674e-01 0.0000e+00
784 0.0000e+00 0.0000e+00 1.4311e-04 5.4049e-09 1.4311e-04 1.8688e-01 0.0000e+00
785 0.0000e+00 0.0000e+00 1.4247e-04 4.9754e-09 1.4247e-04 1.8702e-01 0.0000e+00
786 0.0000e+00 0.0000e+00 1.4184e-04 4.5805e-09 1.4184e-04 1.8717e-01 0.0000e+00
787 0.0000e+00 0.0000e+00 1.4121e-04 4.2172e-09 1.4121e-04 1.8731e-01 0.0000e+00
788 0.0000e+00 0.0000e+00 1.4059e-04 3.8831e-09 1.4059e-04 1.8745e-01 0.0000e+00
789 0.0000e+00 1.2590e-04 1.3997e-04 3.5756e-09 1.3997e-04 1.8759e-01 0.0000e+00
790 0.0000e+00 2.4290e-04 1.3936e-04 3.2928e-09 1.3936e-04 1.8773e-01 0.0000e+00
791 0.0000e+00 3.4370e-04 1.3876e-04 3.0326e-09 1.3876e-04 1.8787e-01 0.0000e+00
792 0.0000e+00 4.2090e-04 1.3816e-04 2.7931e-09 1.3816e-04 1.8800e-01 0.0000e+00
793 0.0000e+00 4.6560e-04 1.3756e-04 2.5728e-09 1.3756e-04 1.8814e-01 0.0000e+00
794 0.0000e+00 4.8620e-04 1.3697e-04 2.3700e-09 1.3697e-04 1.8828e-01 0.0000e+00
795 0.0000e+00 4.6560e-04 1.3639e-04 2.1833e-09 1.3639e-04 1.8842e-01 0.0000e+00
796 0.0000e+00 4.2090e-04 1.3581e-04 1.1185e-09 1.3581e-04 1.8855e-01 0.0000e+00
797 0.0000e+00 3.4370e-04 1.3523e-04 1.0349e-09 1.3523e-04 1.8869e-01 0.0000e+00
798 0.0000e+00 2.4290e-04 1.3466e-04 9.5747e-10 1.3466e-04 1.8882e-01 0.0000e+00
799 0.0000e+00 1.1760e-04 1.3410e-04 8.8592e-10 1.3410e-04 1.8895e-01 0.0000e+00
800 0.0000e+00 0.0000e+00 1.3353e-04 8.1976e-10 1.3353e-04 1.8909e-01 0.0000e+00
801 0.0000e+00 0.0000e+00 1.3298e-04 7.5858e-10 1.3298e-04 1.8922e-01 0.0000e+00
802 0.0000e+00 0.0000e+00 1.3243e-04 7.0199e-10 1.3243e-04 1.8935e-01 0.0000e+00
803 0.0000e+00 0.0000e+00 1.3188e-04 6.4966e-10 1.3188e-04 1.8949e-01 0.0000e+00
804 0.0000e+00 0.0000e+00 1.3134e-04 6.0127e-10 1.3134e-04 1.8962e-01 0.0000e+00
805 0.0000e+00 0.0000e+00 1.3080e-04 5.5650e-10 1.3080e-04 1.8975e-01 0.0000e+00
806 0.0000e+00 0.0000e+00 1.3027e-04 5.1509e-10 1.3027e-04 1.8988e-01 0.0000e+00
807 0.0000e+00 0.0000e+00 1.2974e-04 4.7679e-10 1.2974e-04 1.9001e-01 0.0000e+00
808 0.0000e+00 0.0000e+00 1.2921e-04 4.4135e-10 1.2921e-04 1.9014e-01 0.0000e+00
809 0.0000e+00 0.0000e+00 1.2869e-04 4.0857e-10 1.2869e-04 1.9027e-01 0.0000e+00
810 0.0000e+00 0.0000e+00 1.2817e-04 8.7245e-11 1.2817e-04 1.9039e-01 0.0000e+00
811 0.0000e+00 0.0000e+00 1.2766e-04 8.1175e-11 1.2766e-04 1.9052e-01 0.0000e+00
812 0.0000e+00 0.0000e+00 1.2715e-04 7.5531e-11 1.2715e-04 1.9065e-01 0.0000e+00
813 0.0000e+00 3.0400e-05 1.2665e-04 7.0282e-11 1.2665e-04 1.9078e-01 0.0000e+00
814 0.0000e+00 5.8700e-05 1.2615e-04 6.5399e-11 1.2615e-04 1.9090e-01 0.0000e+00
815 0.0000e+00 8.3100e-05 1.2565e-04 6.0858e-11 1.2565e-04 1.9103e-01 0.0000e+00
816 0.0000e+00 1.0180e-04 1.2516e-04 5.6634e-11 1.2516e-04 1.9115e-01 0.0000e+00
817 0.0000e+00 1.1260e-04 1.2467e-04 5.2705e-11 1.2467e-04 1.9128e-01 0.0000e+00
818 0.0000e+00 1.1760e-04 1.2419e-04 4.9051e-11 1.2419e-04 1.9140e-01 0.0000e+00
819 0.0000e+00 1.1260e-04 1.2371e-04 4.5651e-11 1.2371e-04 1.9152e-01 0.0000e+00
820 0.0000e+00 1.0180e-04 1.2323e-04 4.2488e-11 1.2323e-04 1.9165e-01 0.0000e+00
821 0.0000e+00 8.3100e-05 1.2276e-04 3.9546e-11 1.2276e-04 1.9177e-01 0.0000e+00
822 0.0000e+00 5.8700e-05 1.2229e-04 3.6809e-11 1.2229e-04 1.9189e-01 0.0000e+00
823 0.0000e+00 2.8400e-05 1.2182e-04 0.0000e+00 1.2182e-04 1.9202e-01 0.0000e+00
824 0.0000e+00 0.0000e+00 1.2136e-04 0.0000e+00 1.2136e-04 1.9214e-01 0.0000e+00
825 0.0000e+00 0.0000e+00 1.2090e-04 0.0000e+00 1.2090e-04 1.9226e-01 0.0000e+00
826 0.0000e+00 0.0000e+00 1.2044e-04 0.0000e+00 1.2044e-04 1.9238e-01 0.0000e+00
827 0.0000e+00 0.0000e+00 1.1999e-04 0.0000e+00 1.1999e-04 1.9250e-01 0.0000e+00
828 0.0000e+00 0.0000e+00 1.1954e-04 0.0000e+00 1.1954e-04 1.9262e-01 0.0000e+00
829 0.0000e+00 0.0000e+00 1.1909e-04 0.0000e+00 1.1909e-04 1.9274e-01 0.0000e+00
830 0.0000e+00 0.0000e+00 1.1865e-04 0.0000e+00 1.1865e-04 1.9285e-01 0.0000e+00
831 0.0000e+00 0.0000e+00 1.1821e-04 0.0000e+00 1.1821e-04 1.9297e-01 0.0000e+00
832 0.0000e+00 0.0000e+00 1.1778e-04 0.0000e+00 1.1778e-04 1.9309e-01 0.0000e+00
833 0.0000e+00 0.0000e+00 1.1734e-04 0.0000e+00 1.1734e-04 1.9321e-01 0.0000e+00
834 0.0000e+00 0.0000e+00 1.1691e-04 0.0000e+00 1.1691e-04 1.9333e-01 0.0000e+00
835 0.0000e+00 0.0000e+00 1.1649e-04 0.0000e+00 1.1649e-04 1.9344e-01 0.0000e+00
836 0.0000e+00 0.0000e+00 1.1606e-04 0.0000e+00 1.1606e-04 1.9356e-01 0.0000e+00
837 0.0000e+00 6.6100e-05 1.1564e-04 0.0000e+00 1.1564e-04 1.9367e-01 0.0000e+00
838 0.0000e+00 1.2750e-04 1.1523e-04 0.0000e+00 1.1523e-04 1.9379e-01 0.0000e+00
839 0.0000e+00 1.8040e-04 1.1481e-04 0.0000e+00 1.1481e-04 1.9390e-01 0.0000e+00
840 0.0000e+00 2.2090e-04 1.1440e-04 0.0000e+00 1.1440e-04 1.9402e-01 0.0000e+00
841 0.0000e+00 2.4430e-04 1.1399e-04 0.0000e+00 1.1399e-04 1.9413e-01 0.0000e+00
842 0.0000e+00 2.5510e-04 1.1359e-04 0.0000e+00 1.1359e-04 1.9425e-01 0.0000e+00
843 0.0000e+00 2.4430e-04 1.1319e-04 0.0000e+00 1.1319e-04 1.9436e-01 0.0000e+00
844 0.0000e+00 2.2090e-04 1.1279e-04 0.0000e+00 1.1279e-04 1.9447e-01 0.0000e+00
845 0.0000e+00 1.8040e-04 1.1239e-04 0.0000e+00 1.1239e-04 1.9458e-01 0.0000e+00
846 0.0000e+00 1.2750e-04 1.1200e-04 0.0000e+00 1.1200e-04 1.9470e-01 0.0000e+00
847 0.0000e+00 6.1700e-05 1.1160e-04 0.0000e+00 1.1160e-04 1.9481e-01 0.0000e+00
848 0.0000e+00 0.0000e+00 1.1122e-04 0.0000e+00 1.1122e-04 1.9492e-01 0.0000e+00
849 0.0000e+00 0.0000e+00 1.1083e-04 0.0000e+00 1.1083e-04 1.9503e-01 0.0000e+00
850 0.0000e+00 0.0000e+00 1.1045e-04 0.0000e+00 1.1045e-04 1.9514e-01 0.0000e+00
851 0.0000e+00 0.0000e+00 1.1007e-04 0.0000e+00 1.1007e-04 1.9525e-01 0.0000e+00
852 0.0000e+00 0.0000e+00 1.0969e-04 0.0000e+00 1.0969e-04 1.9536e-01 0.0000e+00
853 0.0000e+00 0.0000e+00 1.0931e-04 0.0000e+00 1.0931e-04 1.9547e-01 0.0000e+00
854 0.0000e+00 0.0000e+00 1.0894e-04 0.0000e+00 1.0894e-04 1.9558e-01 0.0000e+00
855 0.0000e+00 0.0000e+00 1.0857e-04 0.0000e+00 1.0857e-04 1.9569e-01 0.0000e+00
856 0.0000e+00 0.0000e+00 1.0820e-04 0.0000e+00 1.0820e-04 1.9579e-01 0.0000e+00
857 0.0000e+00 0.0000e+00 1.0784e-04 0.0000e+00 1.0784e-04 1.9590e-01 0.0000e+00
858 0.0000e+00 0.0000e+00 1.0747e-04 0.0000e+00 1.0747e-04 1.9601e-01 0.0000e+00
859 0.0000e+00 0.0000e+00 1.0711e-04 0.0000e+00 1.0711e-04 1.9612e-01 0.0000e+00
860 0.0000e+00 0.0000e+00 1.0676e-04 0.0000e+00 1.0676e-04 1.9622e-01 0.0000e+00
861 0.0000e+00 9.7600e-05 1.0640e-04 0.0000e+00 1.0640e-04 1.9633e-01 0.0000e+00
862 0.0000e+00 1.8830e-04 1.0605e-04 0.0000e+00 1.0605e-04 1.9644e-01 0.0000e+00
863 0.0000e+00 2.6650e-04 1.0570e-04 0.0000e+00 1.0570e-04 1.9654e-01 0.0000e+00
864 0.0000e+00 3.2630e-04 1.0535e-04 0.0000e+00 1.0535e-04 1.9665e-01 0.0000e+00
865 0.0000e+00 3.6100e-04 1.0500e-04 0.0000e+00 1.0500e-04 1.9675e-01 0.0000e+00
866 0.0000e+00 3.7690e-04 1.0466e-04 0.0000e+00 1.0466e-04 1.9686e-01 0.0000e+00
867 0.0000e+00 3.6100e-04 1.0432e-04 0.0000e+00 1.0432e-04 1.9696e-01 0.0000e+00
868 0.0000e+00 3.2630e-04 1.0398e-04 0.0000e+00 1.0398e-04 1.9707e-01 0.0000e+00
869 0.0000e+00 2.6650e-04 1.0364e-04 0.0000e+00 1.0364e-04 1.9717e-01 0.0000e+00
870 0.0000e+00 1.8830e-04 1.0330e-04 0.0000e+00 1.0330e-04 1.9727e-01 0.0000e+00
871 0.0000e+00 9.1200e-05 1.0297e-04 0.0000e+00 1.0297e-04 1.9738e-01 0.0000e+00
872 0.0000e+00 0.0000e+00 1.0264e-04 0.0000e+00 1.0264e-04 1.9748e-01 0.0000e+00
873 0.0000e+00 0.0000e+00 1.0231e-04 0.0000e+00 1.0231e-04 1.9758e-01 0.0000e+00
874 0.0000e+00 0.0000e+00 1.0198e-04 0.0000e+00 1.0198e-04 1.9768e-01 0.0000e+00
875 0.0000e+00 0.0000e+00 1.0166e-04 0.0000e+00 1.0166e-04 1.9778e-01 0.0000e+00
876 0.0000e+00 0.0000e+00 1.0134e-04 0.0000e+00 1.0134e-04 1.9789e-01 0.0000e+00
877 0.0000e+00 0.0000e+00 1.0102e-04 0.0000e+00 1.0102e-04 1.9799e-01 0.0000e+00
878 0.0000e+00 0.0000e+00 1.0070e-04 0.0000e+00 1.0070e-04 1.9809e-01 0.0000e+00
879 0.0000e+00 0.0000e+00 1.0038e-04 0.0000e+00 1.0038e-04 1.9819e-01 0.0000e+00
880 0.0000e+00 0.0000e+00 1.0007e-04 0.0000e+00 1.0007e-04 1.9829e-01 0.0000e+00
881 0.0000e+00 0.0000e+00 9.9755e-05 0.0000e+00 9.9755e-05 1.9839e-01 0.0000e+00
882 0.0000e+00 0.0000e+00 9.9445e-05 0.0000e+00 9.9445e-05 1.9849e-01 0.0000e+00
883 0.0000e+00 0.0000e+00 9.9136e-05 0.0000e+00 9.9136e-05 1.9859e-01 0.0000e+00
884 0.0000e+00 0.0000e+00 9.8830e-05 0.0000e+00 9.8830e-05 1.9868e-01 0.0000e+00
885 0.0000e+00 6.4300e-05 9.8525e-05 0.0000e+00 9.8525e-05 1.9878e-01 0.0000e+00
886 0.0000e+00 1.2410e-04 9.8222e-05 0.0000e+00 9.8222e-05 1.9888e-01 0.0000e+00
887 0.0000e+00 1.7560e-04 9.7921e-05 0.0000e+00 9.7921e-05 1.9898e-01 0.0000e+00
888 0.0000e+00 2.1500e-04 9.7622e-05 0.0000e+00 9.7622e-05 1.9908e-01 0.0000e+00
889 0.0000e+00 2.3790e-04 9.7324e-05 0.0000e+00 9.7324e-05 1.9917e-01 0.0000e+00
890 0.0000e+00 2.4840e-04 9.7029e-05 0.0000e+00 9.7029e-05 1.9927e-01 0.0000e+00
891 0.0000e+00 2.3790e-04 9.6735e-05 0.0000e+00 9.6735e-05 1.9937e-01 0.0000e+00
892 0.0000e+00 2.1500e-04 9.6443e-05 0.0000e+00 9.6443e-05 1.9946e-01 0.0000e+00
893 0.0000e+00 1.7560e-04 9.6153e-05 0.0000e+00 9.6153e-05 1.9956e-01 0.0000e+00
894 0.0000e+00 1.2410e-04 9.5864e-05 0.0000e+00 9.5864e-05 1.9966e-01 0.0000e+00
895 0.0000e+00 6.0100e-05 9.5578e-05 0.0000e+00 9.5578e-05 1.9975e-01 0.0000e+00
896 0.0000e+00 0.0000e+00 9.5293e-05 0.0000e+00 9.5293e-05 1.9985e-01 0.0000e+00
897 0.0000e+00 0.0000e+00 9.5009e-05 0.0000e+00 9.5009e-05 1.9994e-01 0.0000e+00
898 0.0000e+00 0.0000e+00 9.4728e-05 0.0000e+00 9.4728e-05 2.0004e-01 0.0000e+00
899 0.0000e+00 0.0000e+00 9.4448e-05 0.0000e+00 9.4448e-05 2.0013e-01 0.0000e+00
900 0.0000e+00 0.0000e+00 9.4169e-05 0.0000e+00 9.4169e-05 2.0023e-01 0.0000e+00
901 0.0000e+00 0.0000e+00 9.3893e-05 0.0000e+00 9.3893e-05 2.0032e-01 0.0000e+00
902 0.0000e+00 0.0000e+00 9.3617e-05 0.0000e+00 9.3617e-05 2.0041e-01 0.0000e+00
903 0.0000e+00 0.0000e+00 9.3344e-05 0.0000e+00 9.3344e-05 2.0051e-01 0.0000e+00
904 0.0000e+00 0.0000e+00 9.3072e-05 0.0000e+00 9.3072e-05 2.0060e-01 0.0000e+00
905 0.0000e+00 0.0000e+00 9.2802e-05 0.0000e+00 9.2802e-05 2.0069e-01 0.0000e+00
906 0.0000e+00 0.0000e+00 9.2533e-05 0.0000e+00 9.2533e-05 2.0078e-01 0.0000e+00
907 0.0000e+00 0.0000e+00 9.2266e-05 0.0000e+00 9.2266e-05 2.0088e-01 0.0000e+00
908 0.0000e+00 0.0000e+00 9.2000e-05 0.0000e+00 9.2000e-05 2.0097e-01 0.0000e+00
909 0.0000e+00 8.0200e-05 9.1736e-05 0.0000e+00 9.1736e-05 2.0106e-01 0.0000e+00
910 0.0000e+00 1.5480e-04 9.1473e-05 0.0000e+00 9.1473e-05 2.0115e-01 0.0000e+00
911 0.0000e+00 2.1910e-04 9.1212e-05 0.0000e+00 9.1212e-05 2.0124e-01 0.0000e+00
912 0.0000e+00 2.6830e-04 9.0953e-05 0.0000e+00 9.0953e-05 2.0133e-01 0.0000e+00
913 0.0000e+00 2.9680e-04 9.0695e-05 0.0000e+00 9.0695e-05 2.0143e-01 0.0000e+00
914 0.0000e+00 3.0990e-04 9.0438e-05 0.0000e+00 9.0438e-05 2.0152e-01 0.0000e+00
915 0.0000e+00 2.9680e-04 9.0183e-05 0.0000e+00 9.0183e-05 2.0161e-01 0.0000e+00
916 0.0000e+00 2.6830e-04 8.9929e-05 0.0000e+00 8.9929e-05 2.0170e-01 0.0000e+00
917 0.0000e+00 2.1910e-04 8.9677e-05 0.0000e+00 8.9677e-05 2.0179e-01 0.0000e+00
918 0.0000e+00 1.5480e-04 8.9426e-05 0.0000e+00 8.9426e-05 2.0187e-01 0.0000e+00
919 0.0000e+00 7.5000e-05 8.9176e-05 0.0000e+00 8.9176e-05 2.0196e-01 0.0000e+00
920 0.0000e+00 0.0000e+00 8.8928e-05 0.0000e+00 8.8928e-05 2.0205e-01 0.0000e+00
921 0.0000e+00 0.0000e+00 8.8681e-05 0.0000e+00 8.8681e-05 2.0214e-01 0.0000e+00
922 0.0000e+00 0.0000e+00 8.8436e-05 0.0000e+00 8.8436e-05 2.0223e-01 0.0000e+00
923 0.0000e+00 0.0000e+00 8.8192e-05 0.0000e+00 8.8192e-05 2.0232e-01 0.0000e+00
924 0.0000e+00 0.0000e+00 8.7949e-05 0.0000e+00 8.7949e-05 2.0241e-01 0.0000e+00
925 0.0000e+00 0.0000e+00 8.7707e-05 0.0000e+00 8.7707e-05 2.0249e-01 0.0000e+00
926 0.0000e+00 0.0000e+00 8.7467e-05 0.0000e+00 8.7467e-05 2.0258e-01 0.0000e+00
927 0.0000e+00 0.0000e+00 8.7229e-05 0.0000e+00 8.7229e-05 2.0267e-01 0.0000e+00
928 0.0000e+00 0.0000e+00 8.6991e-05 0.0000e+00 8.6991e-05 2.0276e-01 0.0000e+00
929 0.0000e+00 0.0000e+00 8.6755e-05 0.0000e+00 8.6755e-05 2.0284e-01 0.0000e+00
930 0.0000e+00 0.0000e+00 8.6520e-05 0.0000e+00 8.6520e-05 2.0293e-01 0.0000e+00
931 0.0000e+00 0.0000e+00 8.6287e-05 0.0000e+00 8.6287e-05 2.0302e-01 0.0000e+00
932 0.0000e+00 0.0000e+00 8.6054e-05 0.0000e+00 8.6054e-05 2.0310e-01 0.0000e+00
933 0.0000e+00 9.6000e-05 8.5823e-05 0.0000e+00 8.5823e-05 2.0319e-01 0.0000e+00
934 0.0000e+00 1.8520e-04 8.5593e-05 0.0000e+00 8.5593e-05 2.0327e-01 0.0000e+00
935 0.0000e+00 2.6210e-04 8.5365e-05 0.0000e+00 8.5365e-05 2.0336e-01 0.0000e+00
936 0.0000e+00 3.2090e-04 8.5137e-05 0.0000e+00 8.5137e-05 2.0344e-01 0.0000e+00
937 0.0000e+00 3.5500e-04 8.4911e-05 0.0000e+00 8.4911e-05 2.0353e-01 0.0000e+00
938 0.0000e+00 3.7070e-04 8.4686e-05 0.0000e+00 8.4686e-05 2.0361e-01 0.0000e+00
939 0.0000e+00 3.5500e-04 8.4462e-05 0.0000e+00 8.4462e-05 2.0370e-01 0.0000e+00
940 0.0000e+00 3.2090e-04 8.4239e-05 0.0000e+00 8.4239e-05 2.0378e-01 0.0000e+00
941 0.0000e+00 2.6210e-04 8.4018e-05 0.0000e+00 8.4018e-05 2.0387e-01 0.0000e+00
942 0.0000e+00 1.8520e-04 8.3798e-05 0.0000e+00 8.3798e-05 2.0395e-01 0.0000e+00
943 0.0000e+00 8.9700e-05 8.3579e-05 0.0000e+00 8.3579e-05 2.0403e-01 0.0000e+00
944 0.0000e+00 0.0000e+00 8.3361e-05 0.0000e+00 8.3361e-05 2.0412e-01 0.0000e+00
945 0.0000e+00 0.0000e+00 8.3144e-05 0.0000e+00 8.3144e-05 2.0420e-01 0.0000e+00
946 0.0000e+00 0.0000e+00 8.2928e-05 0.0000e+00 8.2928e-05 2.0428e-01 0.0000e+00
947 0.0000e+00 0.0000e+00 8.2713e-05 0.0000e+00 8.2713e-05 2.0436e-01 0.0000e+00
948 0.0000e+00 0.0000e+00 8.2500e-05 0.0000e+00 8.2500e-05 2.0445e-01 0.0000e+00
949 0.0000e+00 0.0000e+00 8.2287e-05 0.0000e+00 8.2287e-05 2.0453e-01 0.0000e+00
950 0.0000e+00 0.0000e+00 8.2076e-05 0.0000e+00 8.2076e-05 2.0461e-01 0.0000e+00
Objective function values:
F1 1.996823e-06    NSE 0.65674   F2 3.308370e-02
Mean Obs Q 1.590065e-04   Variance Obs Q 6.123405e-09
    Error Variance 2.101919e-09

Water Balance for Subcatchment: Extracted study basin: Taegu Pyungkwang River

   SUMP       SUMAE      SUMQ       SUMRZ      SUMUZ      SBAR        BAL
1.890e-01  4.529e-02  1.223e-01  1.918e-02  0.000e+00  2.046e-01  9.312e-03
