Taegu Pyungkwang River Catchment: Calibration Data

Subcatchment : Extracted study basin: cat-13689

TL =     7.78
SUMAC =     1.00
SZQ =       0.06175
Subcatchment routing data:
Maximum Routing Delay       0.69444
Sum of Histogram ordinates:     1.0000
     1.00000 
Initial BAL             -0.24329
Initial SBAR             0.24129
Initial SR0              0.00200
it      p        ep       q(it)       quz      q       sbar       qof
1 0.0000e+00 6.1900e-05 3.2800e-05 0.0000e+00 3.2800e-05 2.4133e-01 0.0000e+00
2 0.0000e+00 6.4700e-05 3.2766e-05 0.0000e+00 3.2766e-05 2.4136e-01 0.0000e+00
3 1.0000e-03 6.1900e-05 3.2733e-05 0.0000e+00 3.2733e-05 2.4139e-01 0.0000e+00
4 1.0000e-03 5.6000e-05 3.2699e-05 0.0000e+00 3.2699e-05 2.4143e-01 0.0000e+00
5 1.0000e-03 4.5700e-05 4.4155e-05 7.1234e-05 3.2666e-05 2.4139e-01 1.1489e-05
6 5.0000e-04 3.2300e-05 3.9553e-05 1.0180e-04 3.2705e-05 2.4132e-01 6.8475e-06
7 5.0000e-04 1.5600e-05 3.9826e-05 1.3179e-04 3.2776e-05 2.4122e-01 7.0495e-06
8 0.0000e+00 0.0000e+00 3.2878e-05 1.1492e-04 3.2878e-05 2.4114e-01 0.0000e+00
9 5.0000e-04 0.0000e+00 4.0263e-05 1.4807e-04 3.2962e-05 2.4102e-01 7.3012e-06
10 5.0000e-04 0.0000e+00 4.0617e-05 1.7687e-04 3.3081e-05 2.4088e-01 7.5364e-06
11 0.0000e+00 0.0000e+00 3.3230e-05 1.5572e-04 3.3230e-05 2.4076e-01 0.0000e+00
12 0.0000e+00 0.0000e+00 3.3357e-05 1.3979e-04 3.3357e-05 2.4065e-01 0.0000e+00
13 1.0000e-03 0.0000e+00 4.8541e-05 2.1987e-04 3.3468e-05 2.4046e-01 1.5073e-05
14 5.0000e-04 0.0000e+00 4.1200e-05 2.3902e-04 3.3664e-05 2.4026e-01 7.5364e-06
15 5.0000e-04 0.0000e+00 4.1417e-05 2.5872e-04 3.3881e-05 2.4003e-01 7.5364e-06
16 1.0000e-03 0.0000e+00 4.9192e-05 3.2377e-04 3.4120e-05 2.3974e-01 1.5073e-05
17 0.0000e+00 0.0000e+00 3.4430e-05 2.8506e-04 3.4430e-05 2.3949e-01 0.0000e+00
18 0.0000e+00 0.0000e+00 3.4700e-05 2.5621e-04 3.4700e-05 2.3927e-01 0.0000e+00
19 0.0000e+00 0.0000e+00 3.4942e-05 2.3111e-04 3.4942e-05 2.3907e-01 0.0000e+00
20 0.0000e+00 0.0000e+00 3.5156e-05 2.0902e-04 3.5156e-05 2.3890e-01 0.0000e+00
21 0.0000e+00 1.8000e-05 3.5348e-05 1.8942e-04 3.5348e-05 2.3875e-01 0.0000e+00
22 0.0000e+00 3.4800e-05 3.5519e-05 1.7193e-04 3.5519e-05 2.3861e-01 0.0000e+00
23 0.0000e+00 4.9200e-05 3.5670e-05 1.5625e-04 3.5670e-05 2.3849e-01 0.0000e+00
24 3.0000e-03 6.0200e-05 7.9487e-05 4.1775e-04 3.5805e-05 2.3811e-01 4.3682e-05
25 2.0000e-03 6.6600e-05 6.5473e-05 5.4336e-04 3.6235e-05 2.3760e-01 2.9238e-05
26 5.5000e-03 6.9600e-05 1.1871e-04 9.9428e-04 3.6814e-05 2.3664e-01 8.1896e-05
27 6.0000e-03 6.6600e-05 1.2732e-04 1.4289e-03 3.7932e-05 2.3525e-01 8.9387e-05
28 1.0000e-03 6.0200e-05 5.3686e-05 1.3354e-03 3.9617e-05 2.3396e-01 1.4069e-05
29 2.5000e-03 4.9200e-05 7.8029e-05 1.4285e-03 4.1254e-05 2.3257e-01 3.6774e-05
30 0.0000e+00 3.4800e-05 4.3082e-05 1.2681e-03 4.3082e-05 2.3134e-01 0.0000e+00
31 0.0000e+00 1.6800e-05 4.4763e-05 1.1403e-03 4.4763e-05 2.3025e-01 0.0000e+00
32 1.0000e-03 0.0000e+00 5.9876e-05 1.1185e-03 4.6322e-05 2.2918e-01 1.3554e-05
33 5.0000e-04 0.0000e+00 5.5437e-05 1.0541e-03 4.7900e-05 2.2817e-01 7.5364e-06
34 0.0000e+00 0.0000e+00 4.9430e-05 9.4803e-04 4.9430e-05 2.2727e-01 0.0000e+00
35 0.0000e+00 0.0000e+00 5.0838e-05 8.5678e-04 5.0838e-05 2.2647e-01 0.0000e+00
36 0.0000e+00 0.0000e+00 5.2135e-05 7.7549e-04 5.2135e-05 2.2574e-01 0.0000e+00
37 0.0000e+00 0.0000e+00 5.3327e-05 7.0260e-04 5.3327e-05 2.2509e-01 0.0000e+00
38 0.0000e+00 0.0000e+00 5.4420e-05 6.3704e-04 5.4420e-05 2.2451e-01 0.0000e+00
39 0.0000e+00 0.0000e+00 5.5420e-05 5.7793e-04 5.5420e-05 2.2399e-01 0.0000e+00
40 0.0000e+00 0.0000e+00 5.6332e-05 5.2458e-04 5.6332e-05 2.2352e-01 0.0000e+00
41 0.0000e+00 0.0000e+00 5.7162e-05 4.7637e-04 5.7162e-05 2.2310e-01 0.0000e+00
42 0.0000e+00 0.0000e+00 5.7916e-05 4.3277e-04 5.7916e-05 2.2273e-01 0.0000e+00
43 0.0000e+00 0.0000e+00 5.8599e-05 3.9332e-04 5.8599e-05 2.2239e-01 0.0000e+00
44 0.0000e+00 0.0000e+00 5.9215e-05 3.5759e-04 5.9215e-05 2.2209e-01 0.0000e+00
45 0.0000e+00 3.3800e-05 5.9770e-05 3.2523e-04 5.9770e-05 2.2183e-01 0.0000e+00
46 1.0000e-03 6.5200e-05 7.6765e-05 3.9669e-04 6.0267e-05 2.2149e-01 1.6497e-05
47 0.0000e+00 9.2300e-05 6.0904e-05 3.5076e-04 6.0904e-05 2.2120e-01 0.0000e+00
48 5.0000e-04 1.1300e-04 6.8351e-05 3.5127e-04 6.1459e-05 2.2091e-01 6.8927e-06
49 0.0000e+00 1.2500e-04 6.2018e-05 3.1512e-04 6.2018e-05 2.2066e-01 0.0000e+00
50 1.0000e-03 1.3050e-04 7.7846e-05 3.6294e-04 6.2510e-05 2.2036e-01 1.5335e-05
51 2.5000e-03 1.2500e-04 1.1077e-04 5.6615e-04 6.3100e-05 2.1985e-01 4.7669e-05
52 3.0000e-03 1.1300e-04 1.2194e-04 7.8798e-04 6.4100e-05 2.1913e-01 5.7838e-05
53 2.5000e-03 9.2300e-05 1.1359e-04 9.3006e-04 6.5566e-05 2.1827e-01 4.8021e-05
54 3.0000e-03 6.5200e-05 1.2586e-04 1.1148e-03 6.7362e-05 2.1722e-01 5.8496e-05
55 2.5000e-03 3.1600e-05 1.1859e-04 1.2266e-03 6.9603e-05 2.1606e-01 4.8983e-05
56 2.0000e-03 0.0000e+00 1.1177e-04 1.2826e-03 7.2165e-05 2.1485e-01 3.9600e-05
57 1.0000e-03 0.0000e+00 9.5065e-05 1.2344e-03 7.4947e-05 2.1369e-01 2.0118e-05
58 1.0000e-03 0.0000e+00 9.7831e-05 1.2010e-03 7.7713e-05 2.1257e-01 2.0118e-05
59 0.0000e+00 0.0000e+00 8.0489e-05 1.0640e-03 8.0489e-05 2.1159e-01 0.0000e+00
60 5.0000e-04 0.0000e+00 9.3060e-05 1.0065e-03 8.3001e-05 2.1066e-01 1.0059e-05
61 5.0000e-04 0.0000e+00 9.5490e-05 9.5227e-04 8.5432e-05 2.0979e-01 1.0059e-05
62 0.0000e+00 0.0000e+00 8.7777e-05 8.4855e-04 8.7777e-05 2.0903e-01 0.0000e+00
63 0.0000e+00 0.0000e+00 8.9889e-05 7.6092e-04 8.9889e-05 2.0836e-01 0.0000e+00
64 0.0000e+00 0.0000e+00 9.1794e-05 6.8345e-04 9.1794e-05 2.0777e-01 0.0000e+00
65 0.0000e+00 0.0000e+00 9.3507e-05 6.1459e-04 9.3507e-05 2.0725e-01 0.0000e+00
66 0.0000e+00 0.0000e+00 9.5042e-05 5.5318e-04 9.5042e-05 2.0679e-01 0.0000e+00
67 0.0000e+00 0.0000e+00 9.6413e-05 4.9828e-04 9.6413e-05 2.0639e-01 0.0000e+00
68 0.0000e+00 0.0000e+00 9.7631e-05 4.4912e-04 9.7631e-05 2.0604e-01 0.0000e+00
69 0.0000e+00 4.1400e-05 9.8709e-05 4.0504e-04 9.8709e-05 2.0573e-01 0.0000e+00
70 0.0000e+00 7.9800e-05 9.9659e-05 3.6549e-04 9.9659e-05 2.0547e-01 0.0000e+00
71 0.0000e+00 1.1290e-04 1.0049e-04 3.2997e-04 1.0049e-04 2.0524e-01 0.0000e+00
72 0.0000e+00 1.3830e-04 1.0121e-04 2.9805e-04 1.0121e-04 2.0504e-01 0.0000e+00
73 0.0000e+00 1.5300e-04 1.0184e-04 2.6933e-04 1.0184e-04 2.0487e-01 0.0000e+00
74 0.0000e+00 1.5980e-04 1.0237e-04 2.4349e-04 1.0237e-04 2.0473e-01 0.0000e+00
75 0.0000e+00 1.5300e-04 1.0282e-04 2.2023e-04 1.0282e-04 2.0461e-01 0.0000e+00
76 0.0000e+00 1.3830e-04 1.0320e-04 1.9927e-04 1.0320e-04 2.0452e-01 0.0000e+00
77 0.0000e+00 1.1290e-04 1.0351e-04 1.8037e-04 1.0351e-04 2.0444e-01 0.0000e+00
78 0.0000e+00 7.9800e-05 1.0376e-04 1.6334e-04 1.0376e-04 2.0438e-01 0.0000e+00
79 0.0000e+00 3.8700e-05 1.0396e-04 1.4796e-04 1.0396e-04 2.0434e-01 0.0000e+00
80 0.0000e+00 0.0000e+00 1.0410e-04 1.3409e-04 1.0410e-04 2.0431e-01 0.0000e+00
81 0.0000e+00 0.0000e+00 1.0420e-04 1.2156e-04 1.0420e-04 2.0429e-01 0.0000e+00
82 0.0000e+00 0.0000e+00 1.0425e-04 1.1024e-04 1.0425e-04 2.0428e-01 0.0000e+00
83 0.0000e+00 0.0000e+00 1.0427e-04 1.0001e-04 1.0427e-04 2.0429e-01 0.0000e+00
84 0.0000e+00 0.0000e+00 1.0426e-04 9.0756e-05 1.0426e-04 2.0430e-01 0.0000e+00
85 0.0000e+00 0.0000e+00 1.0421e-04 8.2389e-05 1.0421e-04 2.0432e-01 0.0000e+00
86 0.0000e+00 0.0000e+00 1.0414e-04 7.4817e-05 1.0414e-04 2.0435e-01 0.0000e+00
87 0.0000e+00 0.0000e+00 1.0405e-04 6.7964e-05 1.0405e-04 2.0439e-01 0.0000e+00
88 0.0000e+00 0.0000e+00 1.0393e-04 6.1757e-05 1.0393e-04 2.0443e-01 0.0000e+00
89 0.0000e+00 0.0000e+00 1.0379e-04 5.6135e-05 1.0379e-04 2.0448e-01 0.0000e+00
90 0.0000e+00 0.0000e+00 1.0364e-04 5.1039e-05 1.0364e-04 2.0453e-01 0.0000e+00
91 0.0000e+00 0.0000e+00 1.0347e-04 4.6420e-05 1.0347e-04 2.0459e-01 0.0000e+00
92 0.0000e+00 0.0000e+00 1.0328e-04 4.2232e-05 1.0328e-04 2.0465e-01 0.0000e+00
93 0.0000e+00 1.9100e-05 1.0309e-04 3.8432e-05 1.0309e-04 2.0471e-01 0.0000e+00
94 0.0000e+00 3.6800e-05 1.0288e-04 3.4983e-05 1.0288e-04 2.0478e-01 0.0000e+00
95 0.0000e+00 5.2100e-05 1.0266e-04 3.1853e-05 1.0266e-04 2.0485e-01 0.0000e+00
96 0.0000e+00 6.3800e-05 1.0243e-04 2.9011e-05 1.0243e-04 2.0493e-01 0.0000e+00
97 5.0000e-04 7.0600e-05 1.0220e-04 2.6429e-05 1.0220e-04 2.0500e-01 0.0000e+00
98 5.0000e-04 7.3700e-05 1.0196e-04 2.4083e-05 1.0196e-04 2.0508e-01 0.0000e+00
99 0.0000e+00 7.0600e-05 1.0171e-04 2.1951e-05 1.0171e-04 2.0516e-01 0.0000e+00
100 0.0000e+00 6.3800e-05 1.0146e-04 2.0013e-05 1.0146e-04 2.0524e-01 0.0000e+00
101 0.0000e+00 5.2100e-05 1.0120e-04 1.8250e-05 1.0120e-04 2.0532e-01 0.0000e+00
102 0.0000e+00 3.6800e-05 1.0094e-04 1.6647e-05 1.0094e-04 2.0541e-01 0.0000e+00
103 0.0000e+00 1.7800e-05 1.0067e-04 1.5188e-05 1.0067e-04 2.0549e-01 0.0000e+00
104 0.0000e+00 0.0000e+00 1.0040e-04 1.3860e-05 1.0040e-04 2.0558e-01 0.0000e+00
105 0.0000e+00 0.0000e+00 1.0013e-04 1.2651e-05 1.0013e-04 2.0567e-01 0.0000e+00
106 0.0000e+00 0.0000e+00 9.9859e-05 1.1550e-05 9.9859e-05 2.0576e-01 0.0000e+00
107 0.0000e+00 0.0000e+00 9.9584e-05 1.0548e-05 9.9584e-05 2.0585e-01 0.0000e+00
108 0.0000e+00 0.0000e+00 9.9307e-05 9.6339e-06 9.9307e-05 2.0594e-01 0.0000e+00
109 0.0000e+00 0.0000e+00 9.9029e-05 8.8012e-06 9.9029e-05 2.0603e-01 0.0000e+00
110 0.0000e+00 0.0000e+00 9.8750e-05 8.0416e-06 9.8750e-05 2.0612e-01 0.0000e+00
111 5.0000e-04 0.0000e+00 9.8471e-05 7.3497e-06 9.8471e-05 2.0621e-01 0.0000e+00
112 0.0000e+00 0.0000e+00 9.8191e-05 6.7187e-06 9.8191e-05 2.0630e-01 0.0000e+00
113 0.0000e+00 0.0000e+00 9.7910e-05 6.1430e-06 9.7910e-05 2.0639e-01 0.0000e+00
114 0.0000e+00 0.0000e+00 9.7630e-05 5.6178e-06 9.7630e-05 2.0648e-01 0.0000e+00
115 0.0000e+00 0.0000e+00 9.7350e-05 5.1384e-06 9.7350e-05 2.0658e-01 0.0000e+00
116 0.0000e+00 0.0000e+00 9.7069e-05 4.7009e-06 9.7069e-05 2.0667e-01 0.0000e+00
117 0.0000e+00 1.0200e-05 9.6790e-05 4.3014e-06 9.6790e-05 2.0676e-01 0.0000e+00
118 0.0000e+00 1.9800e-05 9.6510e-05 3.9365e-06 9.6510e-05 2.0685e-01 0.0000e+00
119 0.0000e+00 2.8000e-05 9.6232e-05 3.6033e-06 9.6232e-05 2.0695e-01 0.0000e+00
120 0.0000e+00 3.4200e-05 9.5953e-05 3.2989e-06 9.5953e-05 2.0704e-01 0.0000e+00
121 0.0000e+00 3.7900e-05 9.5676e-05 3.0207e-06 9.5676e-05 2.0713e-01 0.0000e+00
122 0.0000e+00 3.9500e-05 9.5399e-05 2.7664e-06 9.5399e-05 2.0722e-01 0.0000e+00
123 0.0000e+00 3.7900e-05 9.5124e-05 2.5340e-06 9.5124e-05 2.0732e-01 0.0000e+00
124 0.0000e+00 3.4200e-05 9.4849e-05 2.3215e-06 9.4849e-05 2.0741e-01 0.0000e+00
125 0.0000e+00 2.8000e-05 9.4575e-05 2.1266e-06 9.4575e-05 2.0750e-01 0.0000e+00
126 0.0000e+00 1.9800e-05 9.4302e-05 1.9489e-06 9.4302e-05 2.0759e-01 0.0000e+00
127 0.0000e+00 9.6000e-06 9.4030e-05 1.7864e-06 9.4030e-05 2.0769e-01 0.0000e+00
128 0.0000e+00 0.0000e+00 9.3760e-05 1.6377e-06 9.3760e-05 2.0778e-01 0.0000e+00
129 0.0000e+00 0.0000e+00 9.3490e-05 1.5016e-06 9.3490e-05 2.0787e-01 0.0000e+00
130 0.0000e+00 0.0000e+00 9.3222e-05 1.3770e-06 9.3222e-05 2.0796e-01 0.0000e+00
131 0.0000e+00 0.0000e+00 9.2955e-05 1.2629e-06 9.2955e-05 2.0805e-01 0.0000e+00
132 0.0000e+00 0.0000e+00 9.2689e-05 1.1585e-06 9.2689e-05 2.0814e-01 0.0000e+00
133 0.0000e+00 0.0000e+00 9.2424e-05 1.0628e-06 9.2424e-05 2.0824e-01 0.0000e+00
134 0.0000e+00 0.0000e+00 9.2160e-05 9.7524e-07 9.2160e-05 2.0833e-01 0.0000e+00
135 0.0000e+00 0.0000e+00 9.1898e-05 8.9499e-07 9.1898e-05 2.0842e-01 0.0000e+00
136 0.0000e+00 0.0000e+00 9.1637e-05 8.2145e-07 9.1637e-05 2.0851e-01 0.0000e+00
137 0.0000e+00 0.0000e+00 9.1377e-05 7.5407e-07 9.1377e-05 2.0860e-01 0.0000e+00
138 0.0000e+00 0.0000e+00 9.1119e-05 6.9230e-07 9.1119e-05 2.0869e-01 0.0000e+00
139 0.0000e+00 0.0000e+00 9.0862e-05 6.3491e-07 9.0862e-05 2.0878e-01 0.0000e+00
140 0.0000e+00 0.0000e+00 9.0606e-05 5.8311e-07 9.0606e-05 2.0887e-01 0.0000e+00
141 5.0000e-04 4.1400e-05 9.0352e-05 5.3560e-07 9.0352e-05 2.0896e-01 0.0000e+00
142 0.0000e+00 7.9900e-05 9.0098e-05 4.9203e-07 9.0098e-05 2.0905e-01 0.0000e+00
143 0.0000e+00 1.1300e-04 8.9846e-05 4.5206e-07 8.9846e-05 2.0914e-01 0.0000e+00
144 0.0000e+00 1.3840e-04 8.9596e-05 4.1539e-07 8.9596e-05 2.0923e-01 0.0000e+00
145 0.0000e+00 1.5310e-04 8.9346e-05 3.8174e-07 8.9346e-05 2.0932e-01 0.0000e+00
146 0.0000e+00 1.5990e-04 8.9098e-05 3.5086e-07 8.9098e-05 2.0941e-01 0.0000e+00
147 0.0000e+00 1.5310e-04 8.8852e-05 3.2252e-07 8.8852e-05 2.0949e-01 0.0000e+00
148 0.0000e+00 1.3840e-04 8.8606e-05 2.9650e-07 8.8606e-05 2.0958e-01 0.0000e+00
149 0.0000e+00 1.1300e-04 8.8362e-05 2.7262e-07 8.8362e-05 2.0967e-01 0.0000e+00
150 0.0000e+00 7.9900e-05 8.8119e-05 2.5069e-07 8.8119e-05 2.0976e-01 0.0000e+00
151 0.0000e+00 3.8700e-05 8.7877e-05 2.3055e-07 8.7877e-05 2.0985e-01 0.0000e+00
152 0.0000e+00 0.0000e+00 8.7637e-05 2.1205e-07 8.7637e-05 2.0993e-01 0.0000e+00
153 0.0000e+00 0.0000e+00 8.7398e-05 1.9395e-07 8.7398e-05 2.1002e-01 0.0000e+00
154 0.0000e+00 0.0000e+00 8.7160e-05 1.7847e-07 8.7160e-05 2.1011e-01 0.0000e+00
155 0.0000e+00 0.0000e+00 8.6923e-05 1.6424e-07 8.6923e-05 2.1019e-01 0.0000e+00
156 0.0000e+00 0.0000e+00 8.6688e-05 1.5117e-07 8.6688e-05 2.1028e-01 0.0000e+00
157 0.0000e+00 0.0000e+00 8.6454e-05 1.3914e-07 8.6454e-05 2.1037e-01 0.0000e+00
158 0.0000e+00 0.0000e+00 8.6221e-05 1.2809e-07 8.6221e-05 2.1045e-01 0.0000e+00
159 0.0000e+00 0.0000e+00 8.5989e-05 1.1793e-07 8.5989e-05 2.1054e-01 0.0000e+00
160 0.0000e+00 0.0000e+00 8.5759e-05 1.0858e-07 8.5759e-05 2.1063e-01 0.0000e+00
161 0.0000e+00 0.0000e+00 8.5530e-05 9.9990e-08 8.5530e-05 2.1071e-01 0.0000e+00
162 0.0000e+00 0.0000e+00 8.5302e-05 9.2085e-08 8.5302e-05 2.1080e-01 0.0000e+00
163 0.0000e+00 0.0000e+00 8.5075e-05 8.4814e-08 8.5075e-05 2.1088e-01 0.0000e+00
164 0.0000e+00 0.0000e+00 8.4849e-05 7.8124e-08 8.4849e-05 2.1097e-01 0.0000e+00
165 0.0000e+00 1.7800e-05 8.4625e-05 7.1969e-08 8.4625e-05 2.1105e-01 0.0000e+00
166 0.0000e+00 3.4400e-05 8.4401e-05 6.6306e-08 8.4401e-05 2.1113e-01 0.0000e+00
167 0.0000e+00 4.8600e-05 8.4179e-05 6.1094e-08 8.4179e-05 2.1122e-01 0.0000e+00
168 0.0000e+00 5.9500e-05 8.3958e-05 5.4895e-08 8.3958e-05 2.1130e-01 0.0000e+00
169 0.0000e+00 6.5900e-05 8.3738e-05 5.0621e-08 8.3738e-05 2.1139e-01 0.0000e+00
170 0.0000e+00 6.8800e-05 8.3520e-05 4.6684e-08 8.3520e-05 2.1147e-01 0.0000e+00
171 0.0000e+00 6.5900e-05 8.3302e-05 4.3057e-08 8.3302e-05 2.1155e-01 0.0000e+00
172 0.0000e+00 5.9500e-05 8.3086e-05 3.9715e-08 8.3086e-05 2.1164e-01 0.0000e+00
173 0.0000e+00 4.8600e-05 8.2870e-05 3.6635e-08 8.2870e-05 2.1172e-01 0.0000e+00
174 0.0000e+00 3.4400e-05 8.2656e-05 3.3796e-08 8.2656e-05 2.1180e-01 0.0000e+00
175 0.0000e+00 1.6600e-05 8.2443e-05 3.1180e-08 8.2443e-05 2.1188e-01 0.0000e+00
176 0.0000e+00 0.0000e+00 8.2231e-05 2.8769e-08 8.2231e-05 2.1197e-01 0.0000e+00
177 0.0000e+00 0.0000e+00 8.2020e-05 2.6546e-08 8.2020e-05 2.1205e-01 0.0000e+00
178 0.0000e+00 0.0000e+00 8.1810e-05 2.4497e-08 8.1810e-05 2.1213e-01 0.0000e+00
179 0.0000e+00 0.0000e+00 8.1601e-05 2.2607e-08 8.1601e-05 2.1221e-01 0.0000e+00
180 0.0000e+00 0.0000e+00 8.1394e-05 2.0865e-08 8.1394e-05 2.1229e-01 0.0000e+00
181 0.0000e+00 0.0000e+00 8.1187e-05 1.9259e-08 8.1187e-05 2.1237e-01 0.0000e+00
182 0.0000e+00 0.0000e+00 8.0981e-05 1.7778e-08 8.0981e-05 2.1245e-01 0.0000e+00
183 0.0000e+00 0.0000e+00 8.0777e-05 1.4844e-08 8.0777e-05 2.1254e-01 0.0000e+00
184 0.0000e+00 0.0000e+00 8.0573e-05 1.3725e-08 8.0573e-05 2.1262e-01 0.0000e+00
185 0.0000e+00 0.0000e+00 8.0370e-05 1.2691e-08 8.0370e-05 2.1270e-01 0.0000e+00
186 0.0000e+00 0.0000e+00 8.0169e-05 1.1736e-08 8.0169e-05 2.1278e-01 0.0000e+00
187 0.0000e+00 0.0000e+00 7.9968e-05 1.0853e-08 7.9968e-05 2.1286e-01 0.0000e+00
188 0.0000e+00 0.0000e+00 7.9769e-05 1.0037e-08 7.9769e-05 2.1294e-01 0.0000e+00
189 0.0000e+00 4.5600e-05 7.9570e-05 9.2835e-09 7.9570e-05 2.1302e-01 0.0000e+00
190 5.0000e-04 8.7900e-05 7.9372e-05 8.5866e-09 7.9372e-05 2.1310e-01 0.0000e+00
191 0.0000e+00 1.2440e-04 7.9176e-05 7.9425e-09 7.9176e-05 2.1317e-01 0.0000e+00
192 0.0000e+00 1.5230e-04 7.8980e-05 7.3470e-09 7.8980e-05 2.1325e-01 0.0000e+00
193 0.0000e+00 1.6850e-04 7.8786e-05 6.7966e-09 7.8786e-05 2.1333e-01 0.0000e+00
194 0.0000e+00 1.7590e-04 7.8592e-05 6.2877e-09 7.8592e-05 2.1341e-01 0.0000e+00
195 0.0000e+00 1.6850e-04 7.8399e-05 5.8173e-09 7.8399e-05 2.1349e-01 0.0000e+00
196 0.0000e+00 1.5230e-04 7.8207e-05 5.3823e-09 7.8207e-05 2.1357e-01 0.0000e+00
197 0.0000e+00 1.2440e-04 7.8016e-05 3.5412e-09 7.8016e-05 2.1365e-01 0.0000e+00
198 0.0000e+00 8.7900e-05 7.7826e-05 3.2862e-09 7.7826e-05 2.1372e-01 0.0000e+00
199 0.0000e+00 4.2600e-05 7.7637e-05 3.0497e-09 7.7637e-05 2.1380e-01 0.0000e+00
200 0.0000e+00 0.0000e+00 7.7449e-05 2.8303e-09 7.7449e-05 2.1388e-01 0.0000e+00
201 0.0000e+00 0.0000e+00 7.7262e-05 2.6268e-09 7.7262e-05 2.1396e-01 0.0000e+00
202 0.0000e+00 0.0000e+00 7.7076e-05 2.4380e-09 7.7076e-05 2.1403e-01 0.0000e+00
203 0.0000e+00 0.0000e+00 7.6890e-05 2.2628e-09 7.6890e-05 2.1411e-01 0.0000e+00
204 0.0000e+00 0.0000e+00 7.6706e-05 2.1003e-09 7.6706e-05 2.1419e-01 0.0000e+00
205 0.0000e+00 0.0000e+00 7.6522e-05 1.9495e-09 7.6522e-05 2.1426e-01 0.0000e+00
206 0.0000e+00 0.0000e+00 7.6339e-05 1.8096e-09 7.6339e-05 2.1434e-01 0.0000e+00
207 0.0000e+00 0.0000e+00 7.6157e-05 1.6798e-09 7.6157e-05 2.1442e-01 0.0000e+00
208 0.0000e+00 0.0000e+00 7.5976e-05 1.5594e-09 7.5976e-05 2.1449e-01 0.0000e+00
209 0.0000e+00 0.0000e+00 7.5796e-05 1.4476e-09 7.5796e-05 2.1457e-01 0.0000e+00
210 0.0000e+00 0.0000e+00 7.5617e-05 1.3439e-09 7.5617e-05 2.1464e-01 0.0000e+00
211 0.0000e+00 0.0000e+00 7.5438e-05 1.2477e-09 7.5438e-05 2.1472e-01 0.0000e+00
212 0.0000e+00 0.0000e+00 7.5261e-05 4.5040e-10 7.5261e-05 2.1479e-01 0.0000e+00
213 0.0000e+00 4.9000e-05 7.5084e-05 4.1988e-10 7.5084e-05 2.1487e-01 0.0000e+00
214 0.0000e+00 9.4600e-05 7.4908e-05 3.9144e-10 7.4908e-05 2.1494e-01 0.0000e+00
215 0.0000e+00 1.3380e-04 7.4733e-05 3.6493e-10 7.4733e-05 2.1502e-01 0.0000e+00
216 0.0000e+00 1.6380e-04 7.4559e-05 3.4022e-10 7.4559e-05 2.1509e-01 0.0000e+00
217 0.0000e+00 1.8130e-04 7.4385e-05 3.1720e-10 7.4385e-05 2.1517e-01 0.0000e+00
218 0.0000e+00 1.8920e-04 7.4212e-05 2.9573e-10 7.4212e-05 2.1524e-01 0.0000e+00
219 0.0000e+00 1.8130e-04 7.4040e-05 2.7573e-10 7.4040e-05 2.1532e-01 0.0000e+00
220 0.0000e+00 1.6380e-04 7.3869e-05 2.5708e-10 7.3869e-05 2.1539e-01 0.0000e+00
221 0.0000e+00 1.3380e-04 7.3699e-05 2.3970e-10 7.3699e-05 2.1546e-01 0.0000e+00
222 0.0000e+00 9.4600e-05 7.3529e-05 2.2350e-10 7.3529e-05 2.1554e-01 0.0000e+00
223 0.0000e+00 4.5800e-05 7.3361e-05 2.0840e-10 7.3361e-05 2.1561e-01 0.0000e+00
224 0.0000e+00 0.0000e+00 7.3193e-05 1.9433e-10 7.3193e-05 2.1568e-01 0.0000e+00
225 0.0000e+00 0.0000e+00 7.3025e-05 1.8120e-10 7.3025e-05 2.1576e-01 0.0000e+00
226 0.0000e+00 0.0000e+00 7.2859e-05 1.6897e-10 7.2859e-05 2.1583e-01 0.0000e+00
227 0.0000e+00 0.0000e+00 7.2693e-05 1.2941e-11 7.2693e-05 2.1590e-01 0.0000e+00
228 0.0000e+00 0.0000e+00 7.2528e-05 1.2126e-11 7.2528e-05 2.1597e-01 0.0000e+00
229 0.0000e+00 0.0000e+00 7.2364e-05 1.1363e-11 7.2364e-05 2.1605e-01 0.0000e+00
230 0.0000e+00 0.0000e+00 7.2201e-05 1.0648e-11 7.2201e-05 2.1612e-01 0.0000e+00
231 0.0000e+00 0.0000e+00 7.2038e-05 9.9784e-12 7.2038e-05 2.1619e-01 0.0000e+00
232 0.0000e+00 0.0000e+00 7.1876e-05 9.3509e-12 7.1876e-05 2.1626e-01 0.0000e+00
233 0.0000e+00 0.0000e+00 7.1715e-05 8.7630e-12 7.1715e-05 2.1633e-01 0.0000e+00
234 0.0000e+00 0.0000e+00 7.1554e-05 8.2122e-12 7.1554e-05 2.1641e-01 0.0000e+00
235 0.0000e+00 0.0000e+00 7.1394e-05 7.6961e-12 7.1394e-05 2.1648e-01 0.0000e+00
236 0.0000e+00 0.0000e+00 7.1235e-05 7.2126e-12 7.1235e-05 2.1655e-01 0.0000e+00
237 0.0000e+00 5.1700e-05 7.1077e-05 6.7595e-12 7.1077e-05 2.1662e-01 0.0000e+00
238 0.0000e+00 9.9800e-05 7.0919e-05 6.3350e-12 7.0919e-05 2.1669e-01 0.0000e+00
239 0.0000e+00 1.4120e-04 7.0762e-05 5.9373e-12 7.0762e-05 2.1676e-01 0.0000e+00
240 0.0000e+00 1.7290e-04 7.0606e-05 5.5646e-12 7.0606e-05 2.1683e-01 0.0000e+00
241 5.0000e-04 1.9130e-04 7.0450e-05 5.2154e-12 7.0450e-05 2.1690e-01 0.0000e+00
242 1.0000e-03 1.9970e-04 7.0295e-05 0.0000e+00 7.0295e-05 2.1697e-01 0.0000e+00
243 0.0000e+00 1.9130e-04 7.0141e-05 0.0000e+00 7.0141e-05 2.1704e-01 0.0000e+00
244 0.0000e+00 1.7290e-04 6.9988e-05 0.0000e+00 6.9988e-05 2.1711e-01 0.0000e+00
245 0.0000e+00 1.4120e-04 6.9835e-05 0.0000e+00 6.9835e-05 2.1718e-01 0.0000e+00
246 0.0000e+00 9.9800e-05 6.9682e-05 0.0000e+00 6.9682e-05 2.1725e-01 0.0000e+00
247 0.0000e+00 4.8300e-05 6.9531e-05 0.0000e+00 6.9531e-05 2.1732e-01 0.0000e+00
248 0.0000e+00 0.0000e+00 6.9380e-05 0.0000e+00 6.9380e-05 2.1739e-01 0.0000e+00
249 0.0000e+00 0.0000e+00 6.9230e-05 0.0000e+00 6.9230e-05 2.1746e-01 0.0000e+00
250 0.0000e+00 0.0000e+00 6.9080e-05 0.0000e+00 6.9080e-05 2.1753e-01 0.0000e+00
251 0.0000e+00 0.0000e+00 6.8931e-05 0.0000e+00 6.8931e-05 2.1760e-01 0.0000e+00
252 0.0000e+00 0.0000e+00 6.8783e-05 0.0000e+00 6.8783e-05 2.1767e-01 0.0000e+00
253 1.0000e-03 0.0000e+00 6.8635e-05 0.0000e+00 6.8635e-05 2.1774e-01 0.0000e+00
254 0.0000e+00 0.0000e+00 6.8488e-05 0.0000e+00 6.8488e-05 2.1780e-01 0.0000e+00
255 0.0000e+00 0.0000e+00 6.8342e-05 0.0000e+00 6.8342e-05 2.1787e-01 0.0000e+00
256 0.0000e+00 0.0000e+00 6.8196e-05 0.0000e+00 6.8196e-05 2.1794e-01 0.0000e+00
257 0.0000e+00 0.0000e+00 6.8051e-05 0.0000e+00 6.8051e-05 2.1801e-01 0.0000e+00
258 0.0000e+00 0.0000e+00 6.7906e-05 0.0000e+00 6.7906e-05 2.1808e-01 0.0000e+00
259 0.0000e+00 0.0000e+00 6.7762e-05 0.0000e+00 6.7762e-05 2.1814e-01 0.0000e+00
260 0.0000e+00 0.0000e+00 6.7619e-05 0.0000e+00 6.7619e-05 2.1821e-01 0.0000e+00
261 0.0000e+00 7.5200e-05 6.7476e-05 0.0000e+00 6.7476e-05 2.1828e-01 0.0000e+00
262 1.0000e-03 1.4510e-04 6.7334e-05 0.0000e+00 6.7334e-05 2.1835e-01 0.0000e+00
263 0.0000e+00 2.0520e-04 6.7192e-05 0.0000e+00 6.7192e-05 2.1841e-01 0.0000e+00
264 0.0000e+00 2.5130e-04 6.7051e-05 0.0000e+00 6.7051e-05 2.1848e-01 0.0000e+00
265 0.0000e+00 2.7800e-04 6.6911e-05 0.0000e+00 6.6911e-05 2.1855e-01 0.0000e+00
266 0.0000e+00 2.9030e-04 6.6771e-05 0.0000e+00 6.6771e-05 2.1861e-01 0.0000e+00
267 0.0000e+00 2.7800e-04 6.6632e-05 0.0000e+00 6.6632e-05 2.1868e-01 0.0000e+00
268 0.0000e+00 2.5130e-04 6.6494e-05 0.0000e+00 6.6494e-05 2.1875e-01 0.0000e+00
269 0.0000e+00 2.0520e-04 6.6355e-05 0.0000e+00 6.6355e-05 2.1881e-01 0.0000e+00
270 0.0000e+00 1.4510e-04 6.6218e-05 0.0000e+00 6.6218e-05 2.1888e-01 0.0000e+00
271 0.0000e+00 7.0200e-05 6.6081e-05 0.0000e+00 6.6081e-05 2.1895e-01 0.0000e+00
272 0.0000e+00 0.0000e+00 6.5945e-05 0.0000e+00 6.5945e-05 2.1901e-01 0.0000e+00
273 0.0000e+00 0.0000e+00 6.5809e-05 0.0000e+00 6.5809e-05 2.1908e-01 0.0000e+00
274 0.0000e+00 0.0000e+00 6.5674e-05 0.0000e+00 6.5674e-05 2.1914e-01 0.0000e+00
275 0.0000e+00 0.0000e+00 6.5539e-05 0.0000e+00 6.5539e-05 2.1921e-01 0.0000e+00
276 0.0000e+00 0.0000e+00 6.5405e-05 0.0000e+00 6.5405e-05 2.1927e-01 0.0000e+00
277 0.0000e+00 0.0000e+00 6.5272e-05 0.0000e+00 6.5272e-05 2.1934e-01 0.0000e+00
278 0.0000e+00 0.0000e+00 6.5139e-05 0.0000e+00 6.5139e-05 2.1941e-01 0.0000e+00
279 0.0000e+00 0.0000e+00 6.5006e-05 0.0000e+00 6.5006e-05 2.1947e-01 0.0000e+00
280 0.0000e+00 0.0000e+00 6.4874e-05 0.0000e+00 6.4874e-05 2.1954e-01 0.0000e+00
281 0.0000e+00 0.0000e+00 6.4743e-05 0.0000e+00 6.4743e-05 2.1960e-01 0.0000e+00
282 0.0000e+00 0.0000e+00 6.4612e-05 0.0000e+00 6.4612e-05 2.1966e-01 0.0000e+00
283 1.0000e-03 0.0000e+00 6.4482e-05 0.0000e+00 6.4482e-05 2.1973e-01 0.0000e+00
284 5.0000e-04 0.0000e+00 6.4352e-05 0.0000e+00 6.4352e-05 2.1979e-01 0.0000e+00
285 2.5000e-03 2.4400e-05 6.7451e-05 1.6610e-05 6.4223e-05 2.1984e-01 3.2283e-06
286 6.0000e-03 4.7000e-05 1.8434e-04 6.3176e-04 6.4127e-05 2.1927e-01 1.2022e-04
287 4.0000e-03 6.6500e-05 1.4480e-04 9.2877e-04 6.5275e-05 2.1841e-01 7.9525e-05
288 1.5000e-03 8.1400e-05 9.5899e-05 9.3916e-04 6.7060e-05 2.1754e-01 2.8839e-05
289 0.0000e+00 9.0100e-05 6.8913e-05 8.1741e-04 6.8913e-05 2.1679e-01 0.0000e+00
290 0.0000e+00 9.4000e-05 7.0544e-05 7.2458e-04 7.0544e-05 2.1614e-01 0.0000e+00
291 5.0000e-04 9.0100e-05 7.6727e-05 6.7008e-04 7.2000e-05 2.1554e-01 4.7270e-06
292 0.0000e+00 8.1400e-05 7.3359e-05 5.9625e-04 7.3359e-05 2.1501e-01 0.0000e+00
293 0.0000e+00 6.6500e-05 7.4567e-05 5.3339e-04 7.4567e-05 2.1456e-01 0.0000e+00
294 1.5000e-03 4.7000e-05 1.0104e-04 6.1396e-04 7.5644e-05 2.1402e-01 2.5396e-05
295 1.0000e-03 2.2800e-05 9.6100e-05 6.4133e-04 7.6927e-05 2.1345e-01 1.9172e-05
296 0.0000e+00 0.0000e+00 7.8296e-05 5.6408e-04 7.8296e-05 2.1297e-01 0.0000e+00
297 0.0000e+00 0.0000e+00 7.9494e-05 5.0385e-04 7.9494e-05 2.1254e-01 0.0000e+00
298 0.0000e+00 0.0000e+00 8.0555e-05 4.5135e-04 8.0555e-05 2.1217e-01 0.0000e+00
299 0.0000e+00 0.0000e+00 8.1494e-05 4.0516e-04 8.1494e-05 2.1185e-01 0.0000e+00
300 0.0000e+00 0.0000e+00 8.2322e-05 3.6427e-04 8.2322e-05 2.1157e-01 0.0000e+00
301 0.0000e+00 0.0000e+00 8.3051e-05 3.2792e-04 8.3051e-05 2.1132e-01 0.0000e+00
302 0.0000e+00 0.0000e+00 8.3689e-05 2.9550e-04 8.3689e-05 2.1111e-01 0.0000e+00
303 0.0000e+00 0.0000e+00 8.4245e-05 2.6653e-04 8.4245e-05 2.1093e-01 0.0000e+00
304 0.0000e+00 0.0000e+00 8.4726e-05 2.4058e-04 8.4726e-05 2.1077e-01 0.0000e+00
305 0.0000e+00 0.0000e+00 8.5140e-05 2.1731e-04 8.5140e-05 2.1064e-01 0.0000e+00
306 0.0000e+00 0.0000e+00 8.5492e-05 1.9642e-04 8.5492e-05 2.1053e-01 0.0000e+00
307 0.0000e+00 0.0000e+00 8.5789e-05 1.7765e-04 8.5789e-05 2.1044e-01 0.0000e+00
308 0.0000e+00 0.0000e+00 8.6036e-05 1.6076e-04 8.6036e-05 2.1036e-01 0.0000e+00
309 0.0000e+00 2.8800e-05 8.6237e-05 1.4555e-04 8.6237e-05 2.1030e-01 0.0000e+00
310 5.0000e-04 5.5500e-05 9.5418e-05 1.8150e-04 8.6397e-05 2.1021e-01 9.0211e-06
311 0.0000e+00 7.8500e-05 8.6654e-05 1.5883e-04 8.6654e-05 2.1014e-01 0.0000e+00
312 0.0000e+00 9.6200e-05 8.6850e-05 1.4244e-04 8.6850e-05 2.1008e-01 0.0000e+00
313 0.0000e+00 1.0640e-04 8.7001e-05 1.2818e-04 8.7001e-05 2.1004e-01 0.0000e+00
314 0.0000e+00 1.1110e-04 8.7113e-05 1.1559e-04 8.7113e-05 2.1001e-01 0.0000e+00
315 0.0000e+00 1.0640e-04 8.7190e-05 1.0440e-04 8.7190e-05 2.0999e-01 0.0000e+00
316 0.0000e+00 9.6200e-05 8.7237e-05 9.4396e-05 8.7237e-05 2.0999e-01 0.0000e+00
317 5.0000e-04 7.8500e-05 8.7257e-05 8.5432e-05 8.7257e-05 2.0999e-01 0.0000e+00
318 1.0000e-03 5.5500e-05 1.0284e-04 1.6338e-04 8.7252e-05 2.0991e-01 1.5592e-05
319 5.0000e-04 2.6900e-05 9.6402e-05 1.8753e-04 8.7459e-05 2.0981e-01 8.9423e-06
320 0.0000e+00 0.0000e+00 8.7733e-05 1.6162e-04 8.7733e-05 2.0974e-01 0.0000e+00
321 0.0000e+00 0.0000e+00 8.7936e-05 1.4321e-04 8.7936e-05 2.0968e-01 0.0000e+00
322 1.0000e-03 0.0000e+00 1.0766e-04 2.3587e-04 8.8088e-05 2.0953e-01 1.9577e-05
323 1.0000e-03 0.0000e+00 1.0861e-04 3.1117e-04 8.8496e-05 2.0931e-01 2.0118e-05
324 0.0000e+00 0.0000e+00 8.9114e-05 2.6479e-04 8.9114e-05 2.0914e-01 0.0000e+00
325 0.0000e+00 0.0000e+00 8.9604e-05 2.3348e-04 8.9604e-05 2.0899e-01 0.0000e+00
326 0.0000e+00 0.0000e+00 9.0008e-05 2.0725e-04 9.0008e-05 2.0887e-01 0.0000e+00
327 0.0000e+00 0.0000e+00 9.0339e-05 1.8474e-04 9.0339e-05 2.0878e-01 0.0000e+00
328 0.0000e+00 0.0000e+00 9.0605e-05 1.6518e-04 9.0605e-05 2.0871e-01 0.0000e+00
329 0.0000e+00 0.0000e+00 9.0817e-05 1.4801e-04 9.0817e-05 2.0865e-01 0.0000e+00
330 0.0000e+00 0.0000e+00 9.0979e-05 1.3285e-04 9.0979e-05 2.0861e-01 0.0000e+00
331 0.0000e+00 0.0000e+00 9.1098e-05 1.1943e-04 9.1098e-05 2.0858e-01 0.0000e+00
332 0.0000e+00 0.0000e+00 9.1179e-05 1.0749e-04 9.1179e-05 2.0856e-01 0.0000e+00
333 0.0000e+00 1.1200e-05 9.1226e-05 9.6851e-05 9.1226e-05 2.0856e-01 0.0000e+00
334 0.0000e+00 2.1600e-05 9.1242e-05 8.7349e-05 9.1242e-05 2.0856e-01 0.0000e+00
335 0.0000e+00 3.0600e-05 9.1231e-05 7.8849e-05 9.1231e-05 2.0857e-01 0.0000e+00
336 0.0000e+00 3.7400e-05 9.1195e-05 7.1232e-05 9.1195e-05 2.0859e-01 0.0000e+00
337 0.0000e+00 4.1400e-05 9.1138e-05 6.4399e-05 9.1138e-05 2.0862e-01 0.0000e+00
338 5.0000e-04 4.3200e-05 9.8264e-05 9.8368e-05 9.1062e-05 2.0861e-01 7.2013e-06
339 5.0000e-04 4.1400e-05 1.0027e-04 1.3553e-04 9.1083e-05 2.0857e-01 9.1898e-06
340 1.5000e-03 3.7400e-05 1.2055e-04 2.7893e-04 9.1210e-05 2.0838e-01 2.9344e-05
341 1.5000e-03 3.0600e-05 1.2117e-04 3.9527e-04 9.1746e-05 2.0808e-01 2.9424e-05
342 1.0000e-03 2.1600e-05 1.1212e-04 4.4118e-04 9.2621e-05 2.0773e-01 1.9502e-05
343 5.0000e-04 1.0500e-05 1.0326e-04 4.3123e-04 9.3635e-05 2.0739e-01 9.6243e-06
344 1.0000e-03 0.0000e+00 1.1453e-04 4.8626e-04 9.4628e-05 2.0700e-01 1.9906e-05
345 5.0000e-04 0.0000e+00 1.0585e-04 4.7557e-04 9.5793e-05 2.0662e-01 1.0059e-05
346 0.0000e+00 0.0000e+00 9.6937e-05 4.1450e-04 9.6937e-05 2.0630e-01 0.0000e+00
347 0.0000e+00 0.0000e+00 9.7904e-05 3.6690e-04 9.7904e-05 2.0603e-01 0.0000e+00
348 0.0000e+00 0.0000e+00 9.8730e-05 3.2625e-04 9.8730e-05 2.0580e-01 0.0000e+00
349 0.0000e+00 0.0000e+00 9.9435e-05 2.9097e-04 9.9435e-05 2.0561e-01 0.0000e+00
350 0.0000e+00 0.0000e+00 1.0003e-04 2.6008e-04 1.0003e-04 2.0545e-01 0.0000e+00
351 0.0000e+00 0.0000e+00 1.0053e-04 2.3287e-04 1.0053e-04 2.0532e-01 0.0000e+00
352 0.0000e+00 0.0000e+00 1.0095e-04 2.0880e-04 1.0095e-04 2.0521e-01 0.0000e+00
353 5.0000e-04 0.0000e+00 1.1135e-04 2.4492e-04 1.0129e-04 2.0507e-01 1.0059e-05
354 0.0000e+00 0.0000e+00 1.0175e-04 2.1334e-04 1.0175e-04 2.0496e-01 0.0000e+00
355 0.0000e+00 0.0000e+00 1.0210e-04 1.9019e-04 1.0210e-04 2.0487e-01 0.0000e+00
356 0.0000e+00 0.0000e+00 1.0238e-04 1.7021e-04 1.0238e-04 2.0480e-01 0.0000e+00
357 0.0000e+00 7.2300e-05 1.0260e-04 1.5268e-04 1.0260e-04 2.0475e-01 0.0000e+00
358 0.0000e+00 1.3960e-04 1.0276e-04 1.3719e-04 1.0276e-04 2.0472e-01 0.0000e+00
359 0.0000e+00 1.9750e-04 1.0287e-04 1.2342e-04 1.0287e-04 2.0470e-01 0.0000e+00
360 0.0000e+00 2.4180e-04 1.0294e-04 1.1115e-04 1.0294e-04 2.0469e-01 0.0000e+00
361 0.0000e+00 2.6750e-04 1.0296e-04 1.0018e-04 1.0296e-04 2.0469e-01 0.0000e+00
362 0.0000e+00 2.7930e-04 1.0296e-04 9.0379e-05 1.0296e-04 2.0470e-01 0.0000e+00
363 0.0000e+00 2.6750e-04 1.0291e-04 8.1593e-05 1.0291e-04 2.0473e-01 0.0000e+00
364 0.0000e+00 2.4180e-04 1.0285e-04 7.3711e-05 1.0285e-04 2.0475e-01 0.0000e+00
365 0.0000e+00 1.9750e-04 1.0275e-04 6.6633e-05 1.0275e-04 2.0479e-01 0.0000e+00
366 0.0000e+00 1.3960e-04 1.0264e-04 6.0269e-05 1.0264e-04 2.0483e-01 0.0000e+00
367 0.0000e+00 6.7600e-05 1.0250e-04 5.4544e-05 1.0250e-04 2.0488e-01 0.0000e+00
368 0.0000e+00 0.0000e+00 1.0235e-04 4.9388e-05 1.0235e-04 2.0493e-01 0.0000e+00
369 0.0000e+00 0.0000e+00 1.0218e-04 4.4741e-05 1.0218e-04 2.0499e-01 0.0000e+00
370 0.0000e+00 0.0000e+00 1.0199e-04 4.0551e-05 1.0199e-04 2.0505e-01 0.0000e+00
371 0.0000e+00 0.0000e+00 1.0180e-04 3.6770e-05 1.0180e-04 2.0512e-01 0.0000e+00
372 0.0000e+00 0.0000e+00 1.0159e-04 3.3355e-05 1.0159e-04 2.0519e-01 0.0000e+00
373 5.0000e-04 0.0000e+00 1.0138e-04 3.0271e-05 1.0138e-04 2.0526e-01 0.0000e+00
374 7.5000e-03 0.0000e+00 2.2040e-04 7.0851e-04 1.0115e-04 2.0465e-01 1.1925e-04
375 4.5000e-03 0.0000e+00 1.9362e-04 1.0775e-03 1.0309e-04 2.0368e-01 9.0530e-05
376 2.5000e-03 0.0000e+00 1.5657e-04 1.1810e-03 1.0628e-04 2.0260e-01 5.0294e-05
377 5.0000e-04 0.0000e+00 1.1997e-04 1.0614e-03 1.0991e-04 2.0165e-01 1.0059e-05
378 0.0000e+00 0.0000e+00 1.1322e-04 9.2366e-04 1.1322e-04 2.0084e-01 0.0000e+00
379 0.0000e+00 0.0000e+00 1.1613e-04 8.1384e-04 1.1613e-04 2.0014e-01 0.0000e+00
380 0.0000e+00 0.0000e+00 1.1869e-04 7.2049e-04 1.1869e-04 1.9954e-01 0.0000e+00
381 0.0000e+00 1.7400e-05 1.2094e-04 6.3970e-04 1.2094e-04 1.9902e-01 0.0000e+00
382 0.0000e+00 3.3600e-05 1.2292e-04 5.6917e-04 1.2292e-04 1.9857e-01 0.0000e+00
383 1.0000e-03 4.7500e-05 1.4736e-04 6.1861e-04 1.2464e-04 1.9808e-01 2.2719e-05
384 1.0000e-03 5.8200e-05 1.5291e-04 6.4923e-04 1.2658e-04 1.9756e-01 2.6325e-05
385 0.0000e+00 6.4300e-05 1.2867e-04 5.6761e-04 1.2867e-04 1.9712e-01 0.0000e+00
386 5.0000e-04 6.7200e-05 1.4088e-04 5.4660e-04 1.3044e-04 1.9670e-01 1.0435e-05
387 0.0000e+00 6.4300e-05 1.3215e-04 4.8240e-04 1.3215e-04 1.9635e-01 0.0000e+00
388 0.0000e+00 5.8200e-05 1.3361e-04 4.2900e-04 1.3361e-04 1.9606e-01 0.0000e+00
389 0.0000e+00 4.7500e-05 1.3485e-04 3.8249e-04 1.3485e-04 1.9581e-01 0.0000e+00
390 5.0000e-04 3.3600e-05 1.4317e-04 3.7243e-04 1.3589e-04 1.9557e-01 7.2748e-06
391 0.0000e+00 1.6300e-05 1.3690e-04 3.2976e-04 1.3690e-04 1.9538e-01 0.0000e+00
392 5.0000e-04 0.0000e+00 1.5017e-04 3.4736e-04 1.3773e-04 1.9517e-01 1.2440e-05
393 5.0000e-04 0.0000e+00 1.5245e-04 3.6380e-04 1.3863e-04 1.9494e-01 1.3819e-05
394 0.0000e+00 0.0000e+00 1.3961e-04 3.1767e-04 1.3961e-04 1.9477e-01 0.0000e+00
395 0.0000e+00 0.0000e+00 1.4039e-04 2.8225e-04 1.4039e-04 1.9462e-01 0.0000e+00
396 0.0000e+00 0.0000e+00 1.4102e-04 2.5149e-04 1.4102e-04 1.9451e-01 0.0000e+00
397 0.0000e+00 0.0000e+00 1.4150e-04 2.2456e-04 1.4150e-04 1.9443e-01 0.0000e+00
398 0.0000e+00 0.0000e+00 1.4187e-04 2.0084e-04 1.4187e-04 1.9437e-01 0.0000e+00
399 0.0000e+00 0.0000e+00 1.4213e-04 1.7986e-04 1.4213e-04 1.9433e-01 0.0000e+00
400 0.0000e+00 0.0000e+00 1.4230e-04 1.6126e-04 1.4230e-04 1.9432e-01 0.0000e+00
401 0.0000e+00 0.0000e+00 1.4238e-04 1.4473e-04 1.4238e-04 1.9431e-01 0.0000e+00
402 1.0000e-03 0.0000e+00 1.7003e-04 2.4879e-04 1.4240e-04 1.9421e-01 2.7638e-05
403 0.0000e+00 0.0000e+00 1.4287e-04 2.0928e-04 1.4287e-04 1.9414e-01 0.0000e+00
404 0.0000e+00 0.0000e+00 1.4317e-04 1.8468e-04 1.4317e-04 1.9410e-01 0.0000e+00
405 5.0000e-04 2.4600e-05 1.5717e-04 2.2321e-04 1.4335e-04 1.9402e-01 1.3819e-05
406 5.0000e-04 4.7400e-05 1.5685e-04 2.4850e-04 1.4371e-04 1.9391e-01 1.3139e-05
407 0.0000e+00 6.7100e-05 1.4418e-04 2.1373e-04 1.4418e-04 1.9384e-01 0.0000e+00
408 5.0000e-04 8.2200e-05 1.5515e-04 2.3449e-04 1.4450e-04 1.9375e-01 1.0656e-05
409 0.0000e+00 9.0900e-05 1.4490e-04 2.0276e-04 1.4490e-04 1.9370e-01 0.0000e+00
410 0.0000e+00 9.5000e-05 1.4516e-04 1.7918e-04 1.4516e-04 1.9366e-01 0.0000e+00
411 0.0000e+00 9.0900e-05 1.4532e-04 1.5894e-04 1.4532e-04 1.9365e-01 0.0000e+00
412 0.0000e+00 8.2200e-05 1.4538e-04 1.4138e-04 1.4538e-04 1.9365e-01 0.0000e+00
413 0.0000e+00 6.7100e-05 1.4536e-04 1.2604e-04 1.4536e-04 1.9367e-01 0.0000e+00
414 0.0000e+00 4.7400e-05 1.4527e-04 1.1257e-04 1.4527e-04 1.9371e-01 0.0000e+00
415 0.0000e+00 2.3000e-05 1.4513e-04 1.0068e-04 1.4513e-04 1.9375e-01 0.0000e+00
416 0.0000e+00 0.0000e+00 1.4492e-04 9.0171e-05 1.4492e-04 1.9380e-01 0.0000e+00
417 0.0000e+00 0.0000e+00 1.4468e-04 8.0847e-05 1.4468e-04 1.9387e-01 0.0000e+00
418 0.0000e+00 0.0000e+00 1.4439e-04 7.2561e-05 1.4439e-04 1.9394e-01 0.0000e+00
419 0.0000e+00 0.0000e+00 1.4407e-04 6.5183e-05 1.4407e-04 1.9402e-01 0.0000e+00
420 0.0000e+00 0.0000e+00 1.4371e-04 5.8605e-05 1.4371e-04 1.9410e-01 0.0000e+00
421 0.0000e+00 0.0000e+00 1.4333e-04 5.2730e-05 1.4333e-04 1.9419e-01 0.0000e+00
422 0.0000e+00 0.0000e+00 1.4292e-04 4.7478e-05 1.4292e-04 1.9429e-01 0.0000e+00
423 0.0000e+00 0.0000e+00 1.4250e-04 4.2779e-05 1.4250e-04 1.9439e-01 0.0000e+00
424 0.0000e+00 0.0000e+00 1.4205e-04 3.8568e-05 1.4205e-04 1.9449e-01 0.0000e+00
425 0.0000e+00 0.0000e+00 1.4160e-04 3.4793e-05 1.4160e-04 1.9460e-01 0.0000e+00
426 0.0000e+00 0.0000e+00 1.4112e-04 3.1405e-05 1.4112e-04 1.9471e-01 0.0000e+00
427 5.0000e-04 0.0000e+00 1.4064e-04 2.8362e-05 1.4064e-04 1.9482e-01 0.0000e+00
428 2.0000e-03 0.0000e+00 1.9333e-04 2.5338e-04 1.4015e-04 1.9471e-01 5.3180e-05
429 3.0000e-03 3.2600e-05 2.2356e-04 5.5578e-04 1.4065e-04 1.9429e-01 8.2914e-05
430 2.0000e-03 6.2900e-05 1.9686e-04 6.8473e-04 1.4248e-04 1.9375e-01 5.4375e-05
431 1.0000e-03 8.9000e-05 1.7082e-04 6.8535e-04 1.4492e-04 1.9321e-01 2.5900e-05
432 0.0000e+00 1.0900e-04 1.4738e-04 5.8627e-04 1.4738e-04 1.9277e-01 0.0000e+00
433 5.0000e-04 1.2060e-04 1.5777e-04 5.4827e-04 1.4942e-04 1.9237e-01 8.3520e-06
434 0.0000e+00 1.2590e-04 1.5129e-04 4.7770e-04 1.5129e-04 1.9205e-01 0.0000e+00
435 0.0000e+00 1.2060e-04 1.5285e-04 4.2040e-04 1.5285e-04 1.9178e-01 0.0000e+00
436 0.0000e+00 1.0900e-04 1.5413e-04 3.7123e-04 1.5413e-04 1.9156e-01 0.0000e+00
437 3.5000e-03 8.9000e-05 2.3880e-04 6.9510e-04 1.5518e-04 1.9102e-01 8.3621e-05
438 0.0000e+00 6.2900e-05 1.5782e-04 5.7642e-04 1.5782e-04 1.9060e-01 0.0000e+00
439 0.0000e+00 3.0500e-05 1.5990e-04 5.0381e-04 1.5990e-04 1.9026e-01 0.0000e+00
440 0.0000e+00 0.0000e+00 1.6162e-04 4.4281e-04 1.6162e-04 1.8998e-01 0.0000e+00
441 0.0000e+00 0.0000e+00 1.6305e-04 3.9078e-04 1.6305e-04 1.8975e-01 0.0000e+00
442 0.0000e+00 0.0000e+00 1.6421e-04 3.4589e-04 1.6421e-04 1.8957e-01 0.0000e+00
443 0.0000e+00 0.0000e+00 1.6515e-04 3.0686e-04 1.6515e-04 1.8943e-01 0.0000e+00
444 5.0000e-04 0.0000e+00 1.7467e-04 3.1183e-04 1.6588e-04 1.8928e-01 8.7835e-06
445 0.0000e+00 0.0000e+00 1.6664e-04 2.7292e-04 1.6664e-04 1.8918e-01 0.0000e+00
446 0.0000e+00 0.0000e+00 1.6720e-04 2.4215e-04 1.6720e-04 1.8910e-01 0.0000e+00
447 0.0000e+00 0.0000e+00 1.6759e-04 2.1537e-04 1.6759e-04 1.8905e-01 0.0000e+00
448 0.0000e+00 0.0000e+00 1.6784e-04 1.9190e-04 1.6784e-04 1.8903e-01 0.0000e+00
449 0.0000e+00 0.0000e+00 1.6796e-04 1.7123e-04 1.6796e-04 1.8903e-01 0.0000e+00
450 0.0000e+00 0.0000e+00 1.6798e-04 1.5298e-04 1.6798e-04 1.8904e-01 0.0000e+00
451 0.0000e+00 0.0000e+00 1.6790e-04 1.3681e-04 1.6790e-04 1.8907e-01 0.0000e+00
452 5.0000e-04 0.0000e+00 1.8156e-04 1.8414e-04 1.6774e-04 1.8906e-01 1.3819e-05
453 0.0000e+00 2.2400e-05 1.6783e-04 1.5714e-04 1.6783e-04 1.8907e-01 0.0000e+00
454 0.0000e+00 4.3300e-05 1.6777e-04 1.3883e-04 1.6777e-04 1.8909e-01 0.0000e+00
455 0.0000e+00 6.1200e-05 1.6762e-04 1.2320e-04 1.6762e-04 1.8914e-01 0.0000e+00
456 0.0000e+00 7.5000e-05 1.6739e-04 1.0967e-04 1.6739e-04 1.8920e-01 0.0000e+00
457 0.0000e+00 8.3000e-05 1.6708e-04 9.7834e-05 1.6708e-04 1.8927e-01 0.0000e+00
458 0.0000e+00 8.6600e-05 1.6672e-04 8.7427e-05 1.6672e-04 1.8935e-01 0.0000e+00
459 0.0000e+00 8.3000e-05 1.6631e-04 7.8235e-05 1.6631e-04 1.8943e-01 0.0000e+00
460 0.0000e+00 7.5000e-05 1.6585e-04 7.0090e-05 1.6585e-04 1.8953e-01 0.0000e+00
461 0.0000e+00 6.1200e-05 1.6536e-04 6.2858e-05 1.6536e-04 1.8963e-01 0.0000e+00
462 0.0000e+00 4.3300e-05 1.6483e-04 5.6422e-05 1.6483e-04 1.8974e-01 0.0000e+00
463 0.0000e+00 2.1000e-05 1.6427e-04 5.0687e-05 1.6427e-04 1.8985e-01 0.0000e+00
464 0.0000e+00 0.0000e+00 1.6369e-04 4.5569e-05 1.6369e-04 1.8997e-01 0.0000e+00
465 1.0000e-03 0.0000e+00 1.7273e-04 8.3736e-05 1.6309e-04 1.9005e-01 9.6409e-06
466 5.0000e-04 0.0000e+00 1.7650e-04 1.3102e-04 1.6268e-04 1.9008e-01 1.3819e-05
467 0.0000e+00 0.0000e+00 1.6252e-04 1.0847e-04 1.6252e-04 1.9014e-01 0.0000e+00
468 0.0000e+00 0.0000e+00 1.6225e-04 9.4485e-05 1.6225e-04 1.9020e-01 0.0000e+00
469 5.0000e-04 0.0000e+00 1.7572e-04 1.4409e-04 1.6190e-04 1.9022e-01 1.3819e-05
470 0.0000e+00 0.0000e+00 1.6181e-04 1.2030e-04 1.6181e-04 1.9026e-01 0.0000e+00
471 0.0000e+00 0.0000e+00 1.6160e-04 1.0507e-04 1.6160e-04 1.9032e-01 0.0000e+00
472 5.0000e-04 0.0000e+00 1.7514e-04 1.5347e-04 1.6132e-04 1.9033e-01 1.3819e-05
473 5.0000e-04 0.0000e+00 1.7510e-04 1.8976e-04 1.6128e-04 1.9030e-01 1.3819e-05
474 0.0000e+00 0.0000e+00 1.6142e-04 1.5964e-04 1.6142e-04 1.9030e-01 0.0000e+00
475 0.0000e+00 0.0000e+00 1.6141e-04 1.3926e-04 1.6141e-04 1.9032e-01 0.0000e+00
476 0.0000e+00 0.0000e+00 1.6130e-04 1.2226e-04 1.6130e-04 1.9036e-01 0.0000e+00
477 0.0000e+00 9.2000e-06 1.6111e-04 1.0783e-04 1.6111e-04 1.9042e-01 0.0000e+00
478 0.0000e+00 1.7800e-05 1.6084e-04 9.5422e-05 1.6084e-04 1.9048e-01 0.0000e+00
479 0.0000e+00 2.5200e-05 1.6051e-04 8.4663e-05 1.6051e-04 1.9056e-01 0.0000e+00
480 0.0000e+00 3.0900e-05 1.6013e-04 7.5276e-05 1.6013e-04 1.9064e-01 0.0000e+00
481 0.0000e+00 3.4200e-05 1.5970e-04 6.7048e-05 1.5970e-04 1.9073e-01 0.0000e+00
482 5.0000e-04 3.5700e-05 1.6982e-04 1.0645e-04 1.5924e-04 1.9079e-01 1.0580e-05
483 2.5000e-03 3.4200e-05 2.2709e-04 3.8952e-04 1.5898e-04 1.9056e-01 6.8108e-05
484 1.0000e-03 3.0900e-05 1.8682e-04 4.2836e-04 1.6013e-04 1.9029e-01 2.6693e-05
485 0.0000e+00 2.5200e-05 1.6148e-04 3.5913e-04 1.6148e-04 1.9009e-01 0.0000e+00
486 1.0000e-03 1.7800e-05 1.8857e-04 4.2693e-04 1.6248e-04 1.8983e-01 2.6088e-05
487 0.0000e+00 8.6000e-06 1.6383e-04 3.6133e-04 1.6383e-04 1.8963e-01 0.0000e+00
488 0.0000e+00 0.0000e+00 1.6484e-04 3.1529e-04 1.6484e-04 1.8948e-01 0.0000e+00
489 0.0000e+00 0.0000e+00 1.6562e-04 2.7667e-04 1.6562e-04 1.8937e-01 0.0000e+00
490 0.0000e+00 0.0000e+00 1.6619e-04 2.4377e-04 1.6619e-04 1.8929e-01 0.0000e+00
491 0.0000e+00 0.0000e+00 1.6660e-04 2.1544e-04 1.6660e-04 1.8924e-01 0.0000e+00
492 0.0000e+00 0.0000e+00 1.6685e-04 1.9087e-04 1.6685e-04 1.8922e-01 0.0000e+00
493 0.0000e+00 0.0000e+00 1.6698e-04 1.6943e-04 1.6698e-04 1.8921e-01 0.0000e+00
494 0.0000e+00 0.0000e+00 1.6699e-04 1.5066e-04 1.6699e-04 1.8923e-01 0.0000e+00
495 0.0000e+00 0.0000e+00 1.6690e-04 1.3416e-04 1.6690e-04 1.8926e-01 0.0000e+00
496 0.0000e+00 0.0000e+00 1.6673e-04 1.1963e-04 1.6673e-04 1.8931e-01 0.0000e+00
497 0.0000e+00 0.0000e+00 1.6649e-04 1.0679e-04 1.6649e-04 1.8937e-01 0.0000e+00
498 0.0000e+00 0.0000e+00 1.6618e-04 9.5432e-05 1.6618e-04 1.8944e-01 0.0000e+00
499 0.0000e+00 0.0000e+00 1.6581e-04 8.5366e-05 1.6581e-04 1.8952e-01 0.0000e+00
500 0.0000e+00 0.0000e+00 1.6539e-04 7.6430e-05 1.6539e-04 1.8961e-01 0.0000e+00
501 0.0000e+00 6.3800e-05 1.6494e-04 6.8488e-05 1.6494e-04 1.8971e-01 0.0000e+00
502 0.0000e+00 1.2310e-04 1.6444e-04 6.1419e-05 1.6444e-04 1.8981e-01 0.0000e+00
503 0.0000e+00 1.7420e-04 1.6391e-04 5.5121e-05 1.6391e-04 1.8992e-01 0.0000e+00
504 0.0000e+00 2.1330e-04 1.6335e-04 4.9503e-05 1.6335e-04 1.9003e-01 0.0000e+00
505 0.0000e+00 2.3600e-04 1.6277e-04 4.4488e-05 1.6277e-04 1.9015e-01 0.0000e+00
506 0.0000e+00 2.4640e-04 1.6217e-04 4.0005e-05 1.6217e-04 1.9027e-01 0.0000e+00
507 0.0000e+00 2.3600e-04 1.6156e-04 3.5996e-05 1.6156e-04 1.9040e-01 0.0000e+00
508 0.0000e+00 2.1330e-04 1.6092e-04 3.2408e-05 1.6092e-04 1.9053e-01 0.0000e+00
509 0.0000e+00 1.7420e-04 1.6028e-04 2.9193e-05 1.6028e-04 1.9066e-01 0.0000e+00
510 0.0000e+00 1.2310e-04 1.5962e-04 2.6311e-05 1.5962e-04 1.9079e-01 0.0000e+00
511 0.0000e+00 5.9600e-05 1.5896e-04 2.3726e-05 1.5896e-04 1.9093e-01 0.0000e+00
512 0.0000e+00 0.0000e+00 1.5829e-04 2.1404e-05 1.5829e-04 1.9106e-01 0.0000e+00
513 0.0000e+00 0.0000e+00 1.5761e-04 1.9320e-05 1.5761e-04 1.9120e-01 0.0000e+00
514 0.0000e+00 0.0000e+00 1.5693e-04 1.7446e-05 1.5693e-04 1.9134e-01 0.0000e+00
515 0.0000e+00 0.0000e+00 1.5625e-04 1.5761e-05 1.5625e-04 1.9148e-01 0.0000e+00
516 0.0000e+00 0.0000e+00 1.5557e-04 1.4245e-05 1.5557e-04 1.9162e-01 0.0000e+00
517 0.0000e+00 0.0000e+00 1.5488e-04 1.2880e-05 1.5488e-04 1.9177e-01 0.0000e+00
518 0.0000e+00 0.0000e+00 1.5420e-04 1.1651e-05 1.5420e-04 1.9191e-01 0.0000e+00
519 0.0000e+00 0.0000e+00 1.5351e-04 1.0543e-05 1.5351e-04 1.9205e-01 0.0000e+00
520 0.0000e+00 0.0000e+00 1.5283e-04 9.5435e-06 1.5283e-04 1.9219e-01 0.0000e+00
521 0.0000e+00 0.0000e+00 1.5214e-04 8.6423e-06 1.5214e-04 1.9234e-01 0.0000e+00
522 0.0000e+00 0.0000e+00 1.5146e-04 7.8290e-06 1.5146e-04 1.9248e-01 0.0000e+00
523 0.0000e+00 0.0000e+00 1.5078e-04 7.0947e-06 1.5078e-04 1.9263e-01 0.0000e+00
524 0.0000e+00 0.0000e+00 1.5011e-04 6.4315e-06 1.5011e-04 1.9277e-01 0.0000e+00
525 0.0000e+00 4.1700e-05 1.4944e-04 5.8317e-06 1.4944e-04 1.9291e-01 0.0000e+00
526 0.0000e+00 8.0400e-05 1.4877e-04 5.2900e-06 1.4877e-04 1.9306e-01 0.0000e+00
527 0.0000e+00 1.1380e-04 1.4810e-04 4.8002e-06 1.4810e-04 1.9320e-01 0.0000e+00
528 0.0000e+00 1.3930e-04 1.4744e-04 4.3571e-06 1.4744e-04 1.9334e-01 0.0000e+00
529 0.0000e+00 1.5420e-04 1.4678e-04 3.9561e-06 1.4678e-04 1.9349e-01 0.0000e+00
530 0.0000e+00 1.6090e-04 1.4613e-04 3.5930e-06 1.4613e-04 1.9363e-01 0.0000e+00
531 0.0000e+00 1.5420e-04 1.4548e-04 3.2642e-06 1.4548e-04 1.9377e-01 0.0000e+00
532 0.0000e+00 1.3930e-04 1.4483e-04 2.9664e-06 1.4483e-04 1.9391e-01 0.0000e+00
533 0.0000e+00 1.1380e-04 1.4419e-04 2.6964e-06 1.4419e-04 1.9405e-01 0.0000e+00
534 0.0000e+00 8.0400e-05 1.4356e-04 2.4517e-06 1.4356e-04 1.9419e-01 0.0000e+00
535 0.0000e+00 3.8900e-05 1.4292e-04 2.2298e-06 1.4292e-04 1.9434e-01 0.0000e+00
536 0.0000e+00 0.0000e+00 1.4230e-04 2.0285e-06 1.4230e-04 1.9448e-01 0.0000e+00
537 0.0000e+00 0.0000e+00 1.4168e-04 1.8458e-06 1.4168e-04 1.9462e-01 0.0000e+00
538 0.0000e+00 0.0000e+00 1.4106e-04 1.6794e-06 1.4106e-04 1.9475e-01 0.0000e+00
539 0.0000e+00 0.0000e+00 1.4044e-04 1.5290e-06 1.4044e-04 1.9489e-01 0.0000e+00
540 0.0000e+00 0.0000e+00 1.3984e-04 1.3924e-06 1.3984e-04 1.9503e-01 0.0000e+00
541 0.0000e+00 0.0000e+00 1.3923e-04 1.2683e-06 1.3923e-04 1.9517e-01 0.0000e+00
542 0.0000e+00 0.0000e+00 1.3863e-04 1.1555e-06 1.3863e-04 1.9531e-01 0.0000e+00
543 0.0000e+00 0.0000e+00 1.3804e-04 1.0530e-06 1.3804e-04 1.9544e-01 0.0000e+00
544 0.0000e+00 0.0000e+00 1.3745e-04 9.5978e-07 1.3745e-04 1.9558e-01 0.0000e+00
545 0.0000e+00 0.0000e+00 1.3686e-04 8.7502e-07 1.3686e-04 1.9572e-01 0.0000e+00
546 0.0000e+00 0.0000e+00 1.3628e-04 7.9792e-07 1.3628e-04 1.9585e-01 0.0000e+00
547 0.0000e+00 0.0000e+00 1.3571e-04 7.2776e-07 1.3571e-04 1.9599e-01 0.0000e+00
548 0.0000e+00 0.0000e+00 1.3514e-04 6.6392e-07 1.3514e-04 1.9612e-01 0.0000e+00
549 0.0000e+00 2.0700e-05 1.3457e-04 6.0579e-07 1.3457e-04 1.9626e-01 0.0000e+00
550 0.0000e+00 4.0000e-05 1.3401e-04 5.5287e-07 1.3401e-04 1.9639e-01 0.0000e+00
551 0.0000e+00 5.6600e-05 1.3345e-04 5.0386e-07 1.3345e-04 1.9652e-01 0.0000e+00
552 1.0000e-03 6.9300e-05 1.3290e-04 4.6008e-07 1.3290e-04 1.9665e-01 0.0000e+00
553 1.0000e-03 7.6600e-05 1.3235e-04 4.2017e-07 1.3235e-04 1.9679e-01 0.0000e+00
554 2.0000e-03 8.0000e-05 1.5204e-04 8.5281e-05 1.3180e-04 1.9683e-01 2.0234e-05
555 1.5000e-03 7.6600e-05 1.7086e-04 2.3218e-04 1.3161e-04 1.9673e-01 3.9246e-05
556 0.0000e+00 6.9300e-05 1.3203e-04 1.8854e-04 1.3203e-04 1.9668e-01 0.0000e+00
557 5.0000e-04 5.6600e-05 1.4205e-04 2.0346e-04 1.3226e-04 1.9660e-01 9.7895e-06
558 0.0000e+00 4.0000e-05 1.3255e-04 1.7414e-04 1.3255e-04 1.9656e-01 0.0000e+00
559 0.0000e+00 1.9400e-05 1.3273e-04 1.5212e-04 1.3273e-04 1.9654e-01 0.0000e+00
560 0.0000e+00 0.0000e+00 1.3281e-04 1.3372e-04 1.3281e-04 1.9654e-01 0.0000e+00
561 0.0000e+00 0.0000e+00 1.3281e-04 1.1803e-04 1.3281e-04 1.9656e-01 0.0000e+00
562 0.0000e+00 0.0000e+00 1.3275e-04 1.0450e-04 1.3275e-04 1.9659e-01 0.0000e+00
563 0.0000e+00 0.0000e+00 1.3263e-04 9.2759e-05 1.3263e-04 1.9663e-01 0.0000e+00
564 0.0000e+00 0.0000e+00 1.3247e-04 8.2510e-05 1.3247e-04 1.9668e-01 0.0000e+00
565 5.0000e-04 0.0000e+00 1.4288e-04 1.1812e-04 1.3226e-04 1.9669e-01 1.0615e-05
566 0.0000e+00 0.0000e+00 1.3220e-04 1.0093e-04 1.3220e-04 1.9672e-01 0.0000e+00
567 0.0000e+00 0.0000e+00 1.3207e-04 8.8910e-05 1.3207e-04 1.9676e-01 0.0000e+00
568 0.0000e+00 0.0000e+00 1.3190e-04 7.8804e-05 1.3190e-04 1.9682e-01 0.0000e+00
569 0.0000e+00 0.0000e+00 1.3168e-04 7.0067e-05 1.3168e-04 1.9688e-01 0.0000e+00
570 0.0000e+00 0.0000e+00 1.3142e-04 6.2445e-05 1.3142e-04 1.9695e-01 0.0000e+00
571 0.0000e+00 0.0000e+00 1.3114e-04 5.5757e-05 1.3114e-04 1.9702e-01 0.0000e+00
572 0.0000e+00 0.0000e+00 1.3083e-04 4.9865e-05 1.3083e-04 1.9710e-01 0.0000e+00
573 3.0000e-03 3.0500e-05 2.1342e-04 3.9141e-04 1.3050e-04 1.9684e-01 8.2914e-05
574 1.0000e-03 5.8900e-05 1.5836e-04 4.2851e-04 1.3157e-04 1.9655e-01 2.6795e-05
575 2.5000e-03 8.3300e-05 2.0026e-04 6.4583e-04 1.3280e-04 1.9603e-01 6.7467e-05
576 3.5000e-03 1.0200e-04 2.2937e-04 9.4016e-04 1.3494e-04 1.9523e-01 9.4431e-05
577 1.5000e-03 1.1290e-04 1.7702e-04 9.5240e-04 1.3838e-04 1.9441e-01 3.8638e-05
578 0.0000e+00 1.1780e-04 1.4195e-04 8.1606e-04 1.4195e-04 1.9374e-01 0.0000e+00
579 0.0000e+00 1.1290e-04 1.4497e-04 7.1452e-04 1.4497e-04 1.9317e-01 0.0000e+00
580 0.0000e+00 1.0200e-04 1.4757e-04 6.2851e-04 1.4757e-04 1.9269e-01 0.0000e+00
581 0.0000e+00 8.3300e-05 1.4981e-04 5.5473e-04 1.4981e-04 1.9228e-01 0.0000e+00
582 0.0000e+00 5.8900e-05 1.5171e-04 4.9092e-04 1.5171e-04 1.9195e-01 0.0000e+00
583 0.0000e+00 2.8500e-05 1.5333e-04 4.3539e-04 1.5333e-04 1.9166e-01 0.0000e+00
584 0.0000e+00 0.0000e+00 1.5469e-04 3.8683e-04 1.5469e-04 1.9143e-01 0.0000e+00
585 0.0000e+00 0.0000e+00 1.5581e-04 3.4420e-04 1.5581e-04 1.9124e-01 0.0000e+00
586 0.0000e+00 0.0000e+00 1.5673e-04 3.0667e-04 1.5673e-04 1.9109e-01 0.0000e+00
587 0.0000e+00 0.0000e+00 1.5747e-04 2.7354e-04 1.5747e-04 1.9098e-01 0.0000e+00
588 0.0000e+00 0.0000e+00 1.5804e-04 2.4425e-04 1.5804e-04 1.9089e-01 0.0000e+00
589 5.0000e-04 0.0000e+00 1.5847e-04 2.1831e-04 1.5847e-04 1.9083e-01 0.0000e+00
590 0.0000e+00 0.0000e+00 1.5877e-04 1.9529e-04 1.5877e-04 1.9079e-01 0.0000e+00
591 0.0000e+00 0.0000e+00 1.5895e-04 1.7484e-04 1.5895e-04 1.9078e-01 0.0000e+00
592 5.0000e-04 0.0000e+00 1.6972e-04 2.0378e-04 1.5903e-04 1.9073e-01 1.0693e-05
593 0.0000e+00 0.0000e+00 1.5925e-04 1.7686e-04 1.5925e-04 1.9072e-01 0.0000e+00
594 1.0000e-03 0.0000e+00 1.8697e-04 2.7903e-04 1.5934e-04 1.9060e-01 2.7638e-05
595 0.0000e+00 0.0000e+00 1.5993e-04 2.3424e-04 1.5993e-04 1.9052e-01 0.0000e+00
596 0.0000e+00 0.0000e+00 1.6031e-04 2.0571e-04 1.6031e-04 1.9048e-01 0.0000e+00
597 0.0000e+00 6.2600e-05 1.6053e-04 1.8167e-04 1.6053e-04 1.9046e-01 0.0000e+00
598 0.0000e+00 1.2080e-04 1.6064e-04 1.6106e-04 1.6064e-04 1.9046e-01 0.0000e+00
599 0.0000e+00 1.7090e-04 1.6064e-04 1.4320e-04 1.6064e-04 1.9047e-01 0.0000e+00
600 0.0000e+00 2.0930e-04 1.6055e-04 1.2760e-04 1.6055e-04 1.9051e-01 0.0000e+00
601 0.0000e+00 2.3150e-04 1.6039e-04 1.1390e-04 1.6039e-04 1.9055e-01 0.0000e+00
602 0.0000e+00 2.4180e-04 1.6016e-04 1.0181e-04 1.6016e-04 1.9061e-01 0.0000e+00
603 0.0000e+00 2.3150e-04 1.5986e-04 9.1120e-05 1.5986e-04 1.9068e-01 0.0000e+00
604 0.0000e+00 2.0930e-04 1.5952e-04 8.1640e-05 1.5952e-04 1.9076e-01 0.0000e+00
605 0.0000e+00 1.7090e-04 1.5913e-04 7.3218e-05 1.5913e-04 1.9084e-01 0.0000e+00
606 0.0000e+00 1.2080e-04 1.5871e-04 6.5722e-05 1.5871e-04 1.9094e-01 0.0000e+00
607 0.0000e+00 5.8500e-05 1.5825e-04 5.9041e-05 1.5825e-04 1.9104e-01 0.0000e+00
608 0.0000e+00 0.0000e+00 1.5776e-04 5.3079e-05 1.5776e-04 1.9114e-01 0.0000e+00
609 0.0000e+00 0.0000e+00 1.5724e-04 4.7752e-05 1.5724e-04 1.9125e-01 0.0000e+00
610 0.0000e+00 0.0000e+00 1.5670e-04 4.2988e-05 1.5670e-04 1.9136e-01 0.0000e+00
611 0.0000e+00 0.0000e+00 1.5615e-04 3.8723e-05 1.5615e-04 1.9148e-01 0.0000e+00
612 0.0000e+00 0.0000e+00 1.5558e-04 3.4902e-05 1.5558e-04 1.9160e-01 0.0000e+00
613 0.0000e+00 0.0000e+00 1.5499e-04 3.1475e-05 1.5499e-04 1.9172e-01 0.0000e+00
614 0.0000e+00 0.0000e+00 1.5439e-04 2.8399e-05 1.5439e-04 1.9185e-01 0.0000e+00
615 0.0000e+00 0.0000e+00 1.5379e-04 2.5637e-05 1.5379e-04 1.9198e-01 0.0000e+00
616 0.0000e+00 0.0000e+00 1.5317e-04 2.3155e-05 1.5317e-04 1.9211e-01 0.0000e+00
617 0.0000e+00 0.0000e+00 1.5255e-04 2.0923e-05 1.5255e-04 1.9224e-01 0.0000e+00
618 0.0000e+00 0.0000e+00 1.5192e-04 1.8914e-05 1.5192e-04 1.9237e-01 0.0000e+00
619 0.0000e+00 0.0000e+00 1.5129e-04 1.7105e-05 1.5129e-04 1.9251e-01 0.0000e+00
620 0.0000e+00 0.0000e+00 1.5066e-04 1.5476e-05 1.5066e-04 1.9264e-01 0.0000e+00
621 0.0000e+00 1.4200e-05 1.5003e-04 1.4008e-05 1.5003e-04 1.9278e-01 0.0000e+00
622 0.0000e+00 2.7500e-05 1.4939e-04 1.2684e-05 1.4939e-04 1.9292e-01 0.0000e+00
623 0.0000e+00 3.8900e-05 1.4875e-04 1.1489e-05 1.4875e-04 1.9305e-01 0.0000e+00
624 1.0000e-03 4.7600e-05 1.4812e-04 1.0411e-05 1.4812e-04 1.9319e-01 0.0000e+00
625 1.0000e-03 5.2700e-05 1.4962e-04 1.8693e-05 1.4748e-04 1.9332e-01 2.1368e-06
626 3.0000e-03 5.5000e-05 2.2835e-04 3.6824e-04 1.4689e-04 1.9310e-01 8.1457e-05
627 2.0000e-03 5.2700e-05 2.0166e-04 5.2069e-04 1.4791e-04 1.9273e-01 5.3756e-05
628 1.5000e-03 4.7600e-05 1.8964e-04 6.0286e-04 1.4964e-04 1.9227e-01 4.0000e-05
629 3.5000e-03 3.8900e-05 2.4719e-04 9.2262e-04 1.5177e-04 1.9150e-01 9.5417e-05
630 4.0000e-03 2.7500e-05 2.6495e-04 1.2449e-03 1.5548e-04 1.9041e-01 1.0948e-04
631 5.0000e-03 1.3300e-05 2.9829e-04 1.6475e-03 1.6086e-04 1.8893e-01 1.3743e-04
632 0.0000e+00 0.0000e+00 1.6851e-04 1.3814e-03 1.6851e-04 1.8771e-01 0.0000e+00
633 0.0000e+00 0.0000e+00 1.7502e-04 1.2025e-03 1.7502e-04 1.8668e-01 0.0000e+00
634 1.0000e-03 0.0000e+00 2.0800e-04 1.1763e-03 1.8073e-04 1.8569e-01 2.7270e-05
635 2.5000e-03 0.0000e+00 2.5553e-04 1.3371e-03 1.8644e-04 1.8454e-01 6.9095e-05
636 3.5000e-03 0.0000e+00 2.9000e-04 1.5887e-03 1.9327e-04 1.8314e-01 9.6733e-05
637 3.0000e-03 0.0000e+00 2.8479e-04 1.7326e-03 2.0188e-04 1.8161e-01 8.2914e-05
638 0.0000e+00 0.0000e+00 2.1177e-04 1.4724e-03 2.1177e-04 1.8035e-01 0.0000e+00
639 5.0000e-04 0.0000e+00 2.3410e-04 1.3503e-03 2.2028e-04 1.7922e-01 1.3819e-05
640 0.0000e+00 0.0000e+00 2.2820e-04 1.1760e-03 2.2820e-04 1.7827e-01 0.0000e+00
641 5.0000e-04 0.0000e+00 2.4888e-04 1.1001e-03 2.3506e-04 1.7741e-01 1.3819e-05
642 0.0000e+00 0.0000e+00 2.4150e-04 9.5943e-04 2.4150e-04 1.7669e-01 0.0000e+00
643 5.0000e-04 0.0000e+00 2.6080e-04 9.1271e-04 2.4698e-04 1.7603e-01 1.3819e-05
644 0.0000e+00 0.0000e+00 2.5217e-04 7.9493e-04 2.5217e-04 1.7548e-01 0.0000e+00
645 0.0000e+00 1.6900e-05 2.5648e-04 6.9992e-04 2.5648e-04 1.7504e-01 0.0000e+00
646 0.0000e+00 3.2600e-05 2.6006e-04 6.1772e-04 2.6006e-04 1.7468e-01 0.0000e+00
647 0.0000e+00 4.6100e-05 2.6299e-04 5.4598e-04 2.6299e-04 1.7440e-01 0.0000e+00
648 0.0000e+00 5.6400e-05 2.6532e-04 4.8313e-04 2.6532e-04 1.7418e-01 0.0000e+00
649 0.0000e+00 6.2400e-05 2.6713e-04 4.2796e-04 2.6713e-04 1.7402e-01 0.0000e+00
650 0.0000e+00 6.5200e-05 2.6848e-04 3.7945e-04 2.6848e-04 1.7391e-01 0.0000e+00
651 0.0000e+00 6.2400e-05 2.6941e-04 3.3673e-04 2.6941e-04 1.7384e-01 0.0000e+00
652 0.0000e+00 5.6400e-05 2.6998e-04 2.9906e-04 2.6998e-04 1.7381e-01 0.0000e+00
653 0.0000e+00 4.6100e-05 2.7023e-04 2.6582e-04 2.7023e-04 1.7382e-01 0.0000e+00
654 0.0000e+00 3.2600e-05 2.7019e-04 2.3645e-04 2.7019e-04 1.7385e-01 0.0000e+00
655 0.0000e+00 1.5800e-05 2.6990e-04 2.1048e-04 2.6990e-04 1.7391e-01 0.0000e+00
656 0.0000e+00 0.0000e+00 2.6940e-04 1.8750e-04 2.6940e-04 1.7399e-01 0.0000e+00
657 0.0000e+00 0.0000e+00 2.6871e-04 1.6714e-04 2.6871e-04 1.7409e-01 0.0000e+00
658 0.0000e+00 0.0000e+00 2.6786e-04 1.4909e-04 2.6786e-04 1.7421e-01 0.0000e+00
659 0.0000e+00 0.0000e+00 2.6687e-04 1.3307e-04 2.6687e-04 1.7435e-01 0.0000e+00
660 0.0000e+00 0.0000e+00 2.6576e-04 1.1885e-04 2.6576e-04 1.7449e-01 0.0000e+00
661 0.0000e+00 0.0000e+00 2.6454e-04 1.0622e-04 2.6454e-04 1.7465e-01 0.0000e+00
662 0.0000e+00 0.0000e+00 2.6323e-04 9.4982e-05 2.6323e-04 1.7482e-01 0.0000e+00
663 0.0000e+00 0.0000e+00 2.6185e-04 8.4985e-05 2.6185e-04 1.7500e-01 0.0000e+00
664 0.0000e+00 0.0000e+00 2.6041e-04 7.6084e-05 2.6041e-04 1.7518e-01 0.0000e+00
665 0.0000e+00 0.0000e+00 2.5891e-04 6.8153e-05 2.5891e-04 1.7537e-01 0.0000e+00
666 5.0000e-04 0.0000e+00 2.5763e-04 6.2369e-05 2.5738e-04 1.7557e-01 2.5622e-07
667 0.0000e+00 0.0000e+00 2.5581e-04 5.5701e-05 2.5581e-04 1.7577e-01 0.0000e+00
668 5.0000e-04 0.0000e+00 2.6804e-04 1.1910e-04 2.5422e-04 1.7590e-01 1.3819e-05
669 5.0000e-04 1.5300e-05 2.6696e-04 1.6388e-04 2.5315e-04 1.7599e-01 1.3819e-05
670 0.0000e+00 2.9500e-05 2.5244e-04 1.3204e-04 2.5244e-04 1.7611e-01 0.0000e+00
671 1.0000e-03 4.1700e-05 2.7789e-04 2.4534e-04 2.5149e-04 1.7612e-01 2.6400e-05
672 0.0000e+00 5.1100e-05 2.5144e-04 1.9456e-04 2.5144e-04 1.7617e-01 0.0000e+00
673 0.0000e+00 5.6500e-05 2.5100e-04 1.6663e-04 2.5100e-04 1.7626e-01 0.0000e+00
674 0.0000e+00 5.9000e-05 2.5034e-04 1.4450e-04 2.5034e-04 1.7636e-01 0.0000e+00
675 5.0000e-04 5.6500e-05 2.5758e-04 1.6626e-04 2.4951e-04 1.7645e-01 8.0709e-06
676 5.0000e-04 5.1100e-05 2.6112e-04 2.0065e-04 2.4886e-04 1.7650e-01 1.2257e-05
677 0.0000e+00 4.1700e-05 2.4849e-04 1.6593e-04 2.4849e-04 1.7658e-01 0.0000e+00
678 0.0000e+00 2.9500e-05 2.4785e-04 1.4361e-04 2.4785e-04 1.7668e-01 0.0000e+00
679 1.0000e-03 1.4300e-05 2.7130e-04 2.4570e-04 2.4704e-04 1.7668e-01 2.4261e-05
680 1.0000e-03 0.0000e+00 2.7427e-04 3.3282e-04 2.4703e-04 1.7660e-01 2.7243e-05
681 0.0000e+00 0.0000e+00 2.4769e-04 2.6881e-04 2.4769e-04 1.7658e-01 0.0000e+00
682 0.0000e+00 0.0000e+00 2.4786e-04 2.3064e-04 2.4786e-04 1.7659e-01 0.0000e+00
683 0.0000e+00 0.0000e+00 2.4772e-04 2.0011e-04 2.4772e-04 1.7664e-01 0.0000e+00
684 0.0000e+00 0.0000e+00 2.4736e-04 1.7463e-04 2.4736e-04 1.7671e-01 0.0000e+00
685 0.0000e+00 0.0000e+00 2.4679e-04 1.5299e-04 2.4679e-04 1.7681e-01 0.0000e+00
686 0.0000e+00 0.0000e+00 2.4607e-04 1.3445e-04 2.4607e-04 1.7692e-01 0.0000e+00
687 0.0000e+00 0.0000e+00 2.4521e-04 1.1844e-04 2.4521e-04 1.7705e-01 0.0000e+00
688 0.0000e+00 0.0000e+00 2.4425e-04 1.0457e-04 2.4425e-04 1.7719e-01 0.0000e+00
689 0.0000e+00 0.0000e+00 2.4318e-04 9.2485e-05 2.4318e-04 1.7734e-01 0.0000e+00
690 0.0000e+00 0.0000e+00 2.4204e-04 8.1931e-05 2.4204e-04 1.7750e-01 0.0000e+00
691 0.0000e+00 0.0000e+00 2.4083e-04 7.2686e-05 2.4083e-04 1.7767e-01 0.0000e+00
692 0.0000e+00 0.0000e+00 2.3957e-04 6.4568e-05 2.3957e-04 1.7784e-01 0.0000e+00
693 0.0000e+00 5.6100e-05 2.3826e-04 5.7425e-05 2.3826e-04 1.7802e-01 0.0000e+00
694 0.0000e+00 1.0830e-04 2.3692e-04 5.1127e-05 2.3692e-04 1.7821e-01 0.0000e+00
695 0.0000e+00 1.5320e-04 2.3555e-04 4.5566e-05 2.3555e-04 1.7840e-01 0.0000e+00
696 0.0000e+00 1.8770e-04 2.3415e-04 4.0648e-05 2.3415e-04 1.7859e-01 0.0000e+00
697 0.0000e+00 2.0760e-04 2.3274e-04 3.6293e-05 2.3274e-04 1.7879e-01 0.0000e+00
698 0.0000e+00 2.1680e-04 2.3132e-04 3.2432e-05 2.3132e-04 1.7899e-01 0.0000e+00
699 0.0000e+00 2.0760e-04 2.2988e-04 2.9003e-05 2.2988e-04 1.7919e-01 0.0000e+00
700 5.0000e-04 1.8770e-04 2.2845e-04 2.5957e-05 2.2845e-04 1.7939e-01 0.0000e+00
701 0.0000e+00 1.5320e-04 2.2700e-04 2.3248e-05 2.2700e-04 1.7959e-01 0.0000e+00
702 0.0000e+00 1.0830e-04 2.2556e-04 2.0835e-05 2.2556e-04 1.7980e-01 0.0000e+00
703 0.0000e+00 5.2400e-05 2.2413e-04 1.8684e-05 2.2413e-04 1.8000e-01 0.0000e+00
704 0.0000e+00 0.0000e+00 2.2269e-04 1.6766e-05 2.2269e-04 1.8021e-01 0.0000e+00
705 0.0000e+00 0.0000e+00 2.2126e-04 1.5054e-05 2.2126e-04 1.8042e-01 0.0000e+00
706 0.0000e+00 0.0000e+00 2.1984e-04 1.3525e-05 2.1984e-04 1.8062e-01 0.0000e+00
707 0.0000e+00 0.0000e+00 2.1843e-04 1.2157e-05 2.1843e-04 1.8083e-01 0.0000e+00
708 0.0000e+00 0.0000e+00 2.1703e-04 1.0934e-05 2.1703e-04 1.8103e-01 0.0000e+00
709 0.0000e+00 0.0000e+00 2.1563e-04 9.8385e-06 2.1563e-04 1.8124e-01 0.0000e+00
710 0.0000e+00 0.0000e+00 2.1425e-04 8.8573e-06 2.1425e-04 1.8145e-01 0.0000e+00
711 0.0000e+00 0.0000e+00 2.1288e-04 7.9771e-06 2.1288e-04 1.8165e-01 0.0000e+00
712 0.0000e+00 0.0000e+00 2.1152e-04 7.1885e-06 2.1152e-04 1.8185e-01 0.0000e+00
713 0.0000e+00 0.0000e+00 2.1017e-04 6.4807e-06 2.1017e-04 1.8206e-01 0.0000e+00
714 0.0000e+00 0.0000e+00 2.0884e-04 5.8452e-06 2.0884e-04 1.8226e-01 0.0000e+00
715 0.0000e+00 0.0000e+00 2.0752e-04 5.2742e-06 2.0752e-04 1.8246e-01 0.0000e+00
716 0.0000e+00 0.0000e+00 2.0621e-04 4.7609e-06 2.0621e-04 1.8267e-01 0.0000e+00
717 0.0000e+00 8.5600e-05 2.0492e-04 4.2994e-06 2.0492e-04 1.8287e-01 0.0000e+00
718 0.0000e+00 1.6520e-04 2.0364e-04 3.8840e-06 2.0364e-04 1.8307e-01 0.0000e+00
719 0.0000e+00 2.3380e-04 2.0237e-04 3.5102e-06 2.0237e-04 1.8326e-01 0.0000e+00
720 0.0000e+00 2.8620e-04 2.0112e-04 3.1735e-06 2.0112e-04 1.8346e-01 0.0000e+00
721 0.0000e+00 3.1670e-04 1.9988e-04 2.8702e-06 1.9988e-04 1.8366e-01 0.0000e+00
722 0.0000e+00 3.3060e-04 1.9865e-04 2.5967e-06 1.9865e-04 1.8386e-01 0.0000e+00
723 0.0000e+00 3.1670e-04 1.9744e-04 2.3501e-06 1.9744e-04 1.8405e-01 0.0000e+00
724 0.0000e+00 2.8620e-04 1.9624e-04 2.1270e-06 1.9624e-04 1.8424e-01 0.0000e+00
725 0.0000e+00 2.3380e-04 1.9505e-04 1.9264e-06 1.9505e-04 1.8444e-01 0.0000e+00
726 0.0000e+00 1.6520e-04 1.9388e-04 1.7453e-06 1.9388e-04 1.8463e-01 0.0000e+00
727 0.0000e+00 8.0000e-05 1.9272e-04 1.5816e-06 1.9272e-04 1.8482e-01 0.0000e+00
728 0.0000e+00 0.0000e+00 1.9157e-04 1.4338e-06 1.9157e-04 1.8501e-01 0.0000e+00
729 0.0000e+00 0.0000e+00 1.9043e-04 1.3002e-06 1.9043e-04 1.8520e-01 0.0000e+00
730 0.0000e+00 0.0000e+00 1.8931e-04 1.1794e-06 1.8931e-04 1.8539e-01 0.0000e+00
731 0.0000e+00 0.0000e+00 1.8820e-04 1.0701e-06 1.8820e-04 1.8558e-01 0.0000e+00
732 0.0000e+00 0.0000e+00 1.8710e-04 9.7122e-07 1.8710e-04 1.8576e-01 0.0000e+00
733 0.0000e+00 0.0000e+00 1.8602e-04 8.8172e-07 1.8602e-04 1.8595e-01 0.0000e+00
734 0.0000e+00 0.0000e+00 1.8495e-04 8.0069e-07 1.8495e-04 1.8613e-01 0.0000e+00
735 0.0000e+00 0.0000e+00 1.8388e-04 7.2730e-07 1.8388e-04 1.8631e-01 0.0000e+00
736 0.0000e+00 0.0000e+00 1.8283e-04 6.5981e-07 1.8283e-04 1.8650e-01 0.0000e+00
737 0.0000e+00 0.0000e+00 1.8180e-04 5.9971e-07 1.8180e-04 1.8668e-01 0.0000e+00
738 0.0000e+00 0.0000e+00 1.8077e-04 5.4523e-07 1.8077e-04 1.8686e-01 0.0000e+00
739 0.0000e+00 0.0000e+00 1.7976e-04 4.9581e-07 1.7976e-04 1.8704e-01 0.0000e+00
740 0.0000e+00 0.0000e+00 1.7875e-04 4.5098e-07 1.7875e-04 1.8722e-01 0.0000e+00
741 0.0000e+00 7.4700e-05 1.7776e-04 4.1030e-07 1.7776e-04 1.8739e-01 0.0000e+00
742 0.0000e+00 1.4410e-04 1.7678e-04 3.7338e-07 1.7678e-04 1.8757e-01 0.0000e+00
743 0.0000e+00 2.0380e-04 1.7580e-04 3.3986e-07 1.7580e-04 1.8774e-01 0.0000e+00
744 0.0000e+00 2.4960e-04 1.7484e-04 3.0941e-07 1.7484e-04 1.8792e-01 0.0000e+00
745 0.0000e+00 2.7610e-04 1.7389e-04 2.8176e-07 1.7389e-04 1.8809e-01 0.0000e+00
746 0.0000e+00 2.8830e-04 1.7295e-04 2.5664e-07 1.7295e-04 1.8827e-01 0.0000e+00
747 0.0000e+00 2.7610e-04 1.7202e-04 2.3380e-07 1.7202e-04 1.8844e-01 0.0000e+00
748 0.0000e+00 2.4960e-04 1.7110e-04 2.1304e-07 1.7110e-04 1.8861e-01 0.0000e+00
749 0.0000e+00 2.0380e-04 1.7019e-04 1.9290e-07 1.7019e-04 1.8878e-01 0.0000e+00
750 0.0000e+00 1.4410e-04 1.6929e-04 1.7590e-07 1.6929e-04 1.8895e-01 0.0000e+00
751 0.0000e+00 6.9800e-05 1.6839e-04 1.6044e-07 1.6839e-04 1.8912e-01 0.0000e+00
752 0.0000e+00 0.0000e+00 1.6751e-04 1.4635e-07 1.6751e-04 1.8928e-01 0.0000e+00
753 0.0000e+00 0.0000e+00 1.6664e-04 1.3353e-07 1.6664e-04 1.8945e-01 0.0000e+00
754 0.0000e+00 0.0000e+00 1.6577e-04 1.2186e-07 1.6577e-04 1.8961e-01 0.0000e+00
755 0.0000e+00 0.0000e+00 1.6492e-04 1.1122e-07 1.6492e-04 1.8978e-01 0.0000e+00
756 0.0000e+00 0.0000e+00 1.6407e-04 1.0154e-07 1.6407e-04 1.8994e-01 0.0000e+00
757 0.0000e+00 0.0000e+00 1.6323e-04 9.2710e-08 1.6323e-04 1.9011e-01 0.0000e+00
758 0.0000e+00 0.0000e+00 1.6240e-04 8.4665e-08 1.6240e-04 1.9027e-01 0.0000e+00
759 0.0000e+00 0.0000e+00 1.6158e-04 7.7331e-08 1.6158e-04 1.9043e-01 0.0000e+00
760 0.0000e+00 0.0000e+00 1.6076e-04 7.0645e-08 1.6076e-04 1.9059e-01 0.0000e+00
761 0.0000e+00 0.0000e+00 1.5996e-04 6.4548e-08 1.5996e-04 1.9075e-01 0.0000e+00
762 0.0000e+00 0.0000e+00 1.5916e-04 5.7357e-08 1.5916e-04 1.9091e-01 0.0000e+00
763 0.0000e+00 0.0000e+00 1.5837e-04 5.2469e-08 1.5837e-04 1.9107e-01 0.0000e+00
764 0.0000e+00 0.0000e+00 1.5759e-04 4.8004e-08 1.5759e-04 1.9123e-01 0.0000e+00
765 0.0000e+00 9.6700e-05 1.5682e-04 4.3925e-08 1.5682e-04 1.9138e-01 0.0000e+00
766 0.0000e+00 1.8660e-04 1.5605e-04 4.0199e-08 1.5605e-04 1.9154e-01 0.0000e+00
767 0.0000e+00 2.6400e-04 1.5529e-04 3.6793e-08 1.5529e-04 1.9169e-01 0.0000e+00
768 0.0000e+00 3.2330e-04 1.5454e-04 3.3681e-08 1.5454e-04 1.9185e-01 0.0000e+00
769 0.0000e+00 3.5770e-04 1.5380e-04 3.0836e-08 1.5380e-04 1.9200e-01 0.0000e+00
770 0.0000e+00 3.7350e-04 1.5306e-04 2.8236e-08 1.5306e-04 1.9216e-01 0.0000e+00
771 0.0000e+00 3.5770e-04 1.5233e-04 2.5858e-08 1.5233e-04 1.9231e-01 0.0000e+00
772 0.0000e+00 3.2330e-04 1.5161e-04 2.3683e-08 1.5161e-04 1.9246e-01 0.0000e+00
773 0.0000e+00 2.6400e-04 1.5089e-04 2.1694e-08 1.5089e-04 1.9261e-01 0.0000e+00
774 0.0000e+00 1.8660e-04 1.5018e-04 1.9875e-08 1.5018e-04 1.9276e-01 0.0000e+00
775 0.0000e+00 9.0400e-05 1.4948e-04 1.8211e-08 1.4948e-04 1.9291e-01 0.0000e+00
776 0.0000e+00 0.0000e+00 1.4878e-04 1.5009e-08 1.4878e-04 1.9306e-01 0.0000e+00
777 0.0000e+00 0.0000e+00 1.4809e-04 1.3782e-08 1.4809e-04 1.9321e-01 0.0000e+00
778 0.0000e+00 0.0000e+00 1.4741e-04 1.2656e-08 1.4741e-04 1.9335e-01 0.0000e+00
779 0.0000e+00 0.0000e+00 1.4673e-04 1.1624e-08 1.4673e-04 1.9350e-01 0.0000e+00
780 0.0000e+00 0.0000e+00 1.4606e-04 1.0676e-08 1.4606e-04 1.9365e-01 0.0000e+00
781 0.0000e+00 0.0000e+00 1.4539e-04 9.8072e-09 1.4539e-04 1.9379e-01 0.0000e+00
782 0.0000e+00 0.0000e+00 1.4473e-04 9.0096e-09 1.4473e-04 1.9394e-01 0.0000e+00
783 0.0000e+00 0.0000e+00 1.4408e-04 8.2778e-09 1.4408e-04 1.9408e-01 0.0000e+00
784 0.0000e+00 0.0000e+00 1.4343e-04 7.6061e-09 1.4343e-04 1.9422e-01 0.0000e+00
785 0.0000e+00 0.0000e+00 1.4279e-04 6.9895e-09 1.4279e-04 1.9437e-01 0.0000e+00
786 0.0000e+00 0.0000e+00 1.4216e-04 6.4235e-09 1.4216e-04 1.9451e-01 0.0000e+00
787 0.0000e+00 0.0000e+00 1.4153e-04 5.9039e-09 1.4153e-04 1.9465e-01 0.0000e+00
788 0.0000e+00 0.0000e+00 1.4090e-04 5.4268e-09 1.4090e-04 1.9479e-01 0.0000e+00
789 0.0000e+00 1.2590e-04 1.4028e-04 3.5144e-09 1.4028e-04 1.9493e-01 0.0000e+00
790 0.0000e+00 2.4290e-04 1.3967e-04 3.2421e-09 1.3967e-04 1.9507e-01 0.0000e+00
791 0.0000e+00 3.4370e-04 1.3906e-04 2.9910e-09 1.3906e-04 1.9521e-01 0.0000e+00
792 0.0000e+00 4.2090e-04 1.3846e-04 2.7596e-09 1.3846e-04 1.9535e-01 0.0000e+00
793 0.0000e+00 4.6560e-04 1.3786e-04 2.5463e-09 1.3786e-04 1.9549e-01 0.0000e+00
794 0.0000e+00 4.8620e-04 1.3727e-04 2.3496e-09 1.3727e-04 1.9562e-01 0.0000e+00
795 0.0000e+00 4.6560e-04 1.3668e-04 2.1682e-09 1.3668e-04 1.9576e-01 0.0000e+00
796 0.0000e+00 4.2090e-04 1.3610e-04 2.0010e-09 1.3610e-04 1.9590e-01 0.0000e+00
797 0.0000e+00 3.4370e-04 1.3552e-04 1.8467e-09 1.3552e-04 1.9603e-01 0.0000e+00
798 0.0000e+00 2.4290e-04 1.3495e-04 1.7045e-09 1.3495e-04 1.9617e-01 0.0000e+00
799 0.0000e+00 1.1760e-04 1.3438e-04 1.5733e-09 1.3438e-04 1.9630e-01 0.0000e+00
800 0.0000e+00 0.0000e+00 1.3382e-04 1.4523e-09 1.3382e-04 1.9644e-01 0.0000e+00
801 0.0000e+00 0.0000e+00 1.3326e-04 1.3406e-09 1.3326e-04 1.9657e-01 0.0000e+00
802 0.0000e+00 0.0000e+00 1.3270e-04 4.7387e-10 1.3270e-04 1.9670e-01 0.0000e+00
803 0.0000e+00 0.0000e+00 1.3215e-04 4.3957e-10 1.3215e-04 1.9683e-01 0.0000e+00
804 0.0000e+00 0.0000e+00 1.3161e-04 4.0777e-10 1.3161e-04 1.9697e-01 0.0000e+00
805 0.0000e+00 0.0000e+00 1.3107e-04 3.7828e-10 1.3107e-04 1.9710e-01 0.0000e+00
806 0.0000e+00 0.0000e+00 1.3053e-04 3.5094e-10 1.3053e-04 1.9723e-01 0.0000e+00
807 0.0000e+00 0.0000e+00 1.3000e-04 3.2560e-10 1.3000e-04 1.9736e-01 0.0000e+00
808 0.0000e+00 0.0000e+00 1.2948e-04 3.0209e-10 1.2948e-04 1.9749e-01 0.0000e+00
809 0.0000e+00 0.0000e+00 1.2895e-04 2.8029e-10 1.2895e-04 1.9762e-01 0.0000e+00
810 0.0000e+00 0.0000e+00 1.2843e-04 2.6008e-10 1.2843e-04 1.9774e-01 0.0000e+00
811 0.0000e+00 0.0000e+00 1.2792e-04 2.4133e-10 1.2792e-04 1.9787e-01 0.0000e+00
812 0.0000e+00 0.0000e+00 1.2741e-04 2.2395e-10 1.2741e-04 1.9800e-01 0.0000e+00
813 0.0000e+00 3.0400e-05 1.2690e-04 2.0782e-10 1.2690e-04 1.9813e-01 0.0000e+00
814 0.0000e+00 5.8700e-05 1.2640e-04 1.9287e-10 1.2640e-04 1.9825e-01 0.0000e+00
815 0.0000e+00 8.3100e-05 1.2590e-04 1.7899e-10 1.2590e-04 1.9838e-01 0.0000e+00
816 0.0000e+00 1.0180e-04 1.2541e-04 1.3435e-11 1.2541e-04 1.9850e-01 0.0000e+00
817 0.0000e+00 1.1260e-04 1.2492e-04 1.2538e-11 1.2492e-04 1.9863e-01 0.0000e+00
818 0.0000e+00 1.1760e-04 1.2443e-04 1.1702e-11 1.2443e-04 1.9875e-01 0.0000e+00
819 0.0000e+00 1.1260e-04 1.2395e-04 1.0921e-11 1.2395e-04 1.9888e-01 0.0000e+00
820 0.0000e+00 1.0180e-04 1.2347e-04 1.0193e-11 1.2347e-04 1.9900e-01 0.0000e+00
821 0.0000e+00 8.3100e-05 1.2299e-04 9.5139e-12 1.2299e-04 1.9912e-01 0.0000e+00
822 0.0000e+00 5.8700e-05 1.2252e-04 8.8802e-12 1.2252e-04 1.9925e-01 0.0000e+00
823 0.0000e+00 2.8400e-05 1.2205e-04 8.2890e-12 1.2205e-04 1.9937e-01 0.0000e+00
824 0.0000e+00 0.0000e+00 1.2159e-04 7.7373e-12 1.2159e-04 1.9949e-01 0.0000e+00
825 0.0000e+00 0.0000e+00 1.2113e-04 7.2226e-12 1.2113e-04 1.9961e-01 0.0000e+00
826 0.0000e+00 0.0000e+00 1.2067e-04 6.7424e-12 1.2067e-04 1.9973e-01 0.0000e+00
827 0.0000e+00 0.0000e+00 1.2022e-04 6.2942e-12 1.2022e-04 1.9985e-01 0.0000e+00
828 0.0000e+00 0.0000e+00 1.1976e-04 5.8761e-12 1.1976e-04 1.9997e-01 0.0000e+00
829 0.0000e+00 0.0000e+00 1.1932e-04 5.4858e-12 1.1932e-04 2.0009e-01 0.0000e+00
830 0.0000e+00 0.0000e+00 1.1887e-04 0.0000e+00 1.1887e-04 2.0021e-01 0.0000e+00
831 0.0000e+00 0.0000e+00 1.1843e-04 0.0000e+00 1.1843e-04 2.0033e-01 0.0000e+00
832 0.0000e+00 0.0000e+00 1.1799e-04 0.0000e+00 1.1799e-04 2.0045e-01 0.0000e+00
833 0.0000e+00 0.0000e+00 1.1756e-04 0.0000e+00 1.1756e-04 2.0056e-01 0.0000e+00
834 0.0000e+00 0.0000e+00 1.1713e-04 0.0000e+00 1.1713e-04 2.0068e-01 0.0000e+00
835 0.0000e+00 0.0000e+00 1.1670e-04 0.0000e+00 1.1670e-04 2.0080e-01 0.0000e+00
836 0.0000e+00 0.0000e+00 1.1628e-04 0.0000e+00 1.1628e-04 2.0091e-01 0.0000e+00
837 0.0000e+00 6.6100e-05 1.1585e-04 0.0000e+00 1.1585e-04 2.0103e-01 0.0000e+00
838 0.0000e+00 1.2750e-04 1.1544e-04 0.0000e+00 1.1544e-04 2.0115e-01 0.0000e+00
839 0.0000e+00 1.8040e-04 1.1502e-04 0.0000e+00 1.1502e-04 2.0126e-01 0.0000e+00
840 0.0000e+00 2.2090e-04 1.1461e-04 0.0000e+00 1.1461e-04 2.0137e-01 0.0000e+00
841 0.0000e+00 2.4430e-04 1.1420e-04 0.0000e+00 1.1420e-04 2.0149e-01 0.0000e+00
842 0.0000e+00 2.5510e-04 1.1379e-04 0.0000e+00 1.1379e-04 2.0160e-01 0.0000e+00
843 0.0000e+00 2.4430e-04 1.1339e-04 0.0000e+00 1.1339e-04 2.0172e-01 0.0000e+00
844 0.0000e+00 2.2090e-04 1.1299e-04 0.0000e+00 1.1299e-04 2.0183e-01 0.0000e+00
845 0.0000e+00 1.8040e-04 1.1259e-04 0.0000e+00 1.1259e-04 2.0194e-01 0.0000e+00
846 0.0000e+00 1.2750e-04 1.1219e-04 0.0000e+00 1.1219e-04 2.0205e-01 0.0000e+00
847 0.0000e+00 6.1700e-05 1.1180e-04 0.0000e+00 1.1180e-04 2.0217e-01 0.0000e+00
848 0.0000e+00 0.0000e+00 1.1141e-04 0.0000e+00 1.1141e-04 2.0228e-01 0.0000e+00
849 0.0000e+00 0.0000e+00 1.1102e-04 0.0000e+00 1.1102e-04 2.0239e-01 0.0000e+00
850 0.0000e+00 0.0000e+00 1.1064e-04 0.0000e+00 1.1064e-04 2.0250e-01 0.0000e+00
851 0.0000e+00 0.0000e+00 1.1026e-04 0.0000e+00 1.1026e-04 2.0261e-01 0.0000e+00
852 0.0000e+00 0.0000e+00 1.0988e-04 0.0000e+00 1.0988e-04 2.0272e-01 0.0000e+00
853 0.0000e+00 0.0000e+00 1.0950e-04 0.0000e+00 1.0950e-04 2.0283e-01 0.0000e+00
854 0.0000e+00 0.0000e+00 1.0913e-04 0.0000e+00 1.0913e-04 2.0294e-01 0.0000e+00
855 0.0000e+00 0.0000e+00 1.0876e-04 0.0000e+00 1.0876e-04 2.0305e-01 0.0000e+00
856 0.0000e+00 0.0000e+00 1.0839e-04 0.0000e+00 1.0839e-04 2.0315e-01 0.0000e+00
857 0.0000e+00 0.0000e+00 1.0802e-04 0.0000e+00 1.0802e-04 2.0326e-01 0.0000e+00
858 0.0000e+00 0.0000e+00 1.0766e-04 0.0000e+00 1.0766e-04 2.0337e-01 0.0000e+00
859 0.0000e+00 0.0000e+00 1.0729e-04 0.0000e+00 1.0729e-04 2.0348e-01 0.0000e+00
860 0.0000e+00 0.0000e+00 1.0693e-04 0.0000e+00 1.0693e-04 2.0358e-01 0.0000e+00
861 0.0000e+00 9.7600e-05 1.0658e-04 0.0000e+00 1.0658e-04 2.0369e-01 0.0000e+00
862 0.0000e+00 1.8830e-04 1.0622e-04 0.0000e+00 1.0622e-04 2.0380e-01 0.0000e+00
863 0.0000e+00 2.6650e-04 1.0587e-04 0.0000e+00 1.0587e-04 2.0390e-01 0.0000e+00
864 0.0000e+00 3.2630e-04 1.0552e-04 0.0000e+00 1.0552e-04 2.0401e-01 0.0000e+00
865 0.0000e+00 3.6100e-04 1.0517e-04 0.0000e+00 1.0517e-04 2.0411e-01 0.0000e+00
866 0.0000e+00 3.7690e-04 1.0483e-04 0.0000e+00 1.0483e-04 2.0422e-01 0.0000e+00
867 0.0000e+00 3.6100e-04 1.0449e-04 0.0000e+00 1.0449e-04 2.0432e-01 0.0000e+00
868 0.0000e+00 3.2630e-04 1.0415e-04 0.0000e+00 1.0415e-04 2.0443e-01 0.0000e+00
869 0.0000e+00 2.6650e-04 1.0381e-04 0.0000e+00 1.0381e-04 2.0453e-01 0.0000e+00
870 0.0000e+00 1.8830e-04 1.0347e-04 0.0000e+00 1.0347e-04 2.0463e-01 0.0000e+00
871 0.0000e+00 9.1200e-05 1.0314e-04 0.0000e+00 1.0314e-04 2.0474e-01 0.0000e+00
872 0.0000e+00 0.0000e+00 1.0281e-04 0.0000e+00 1.0281e-04 2.0484e-01 0.0000e+00
873 0.0000e+00 0.0000e+00 1.0248e-04 0.0000e+00 1.0248e-04 2.0494e-01 0.0000e+00
874 0.0000e+00 0.0000e+00 1.0215e-04 0.0000e+00 1.0215e-04 2.0505e-01 0.0000e+00
875 0.0000e+00 0.0000e+00 1.0182e-04 0.0000e+00 1.0182e-04 2.0515e-01 0.0000e+00
876 0.0000e+00 0.0000e+00 1.0150e-04 0.0000e+00 1.0150e-04 2.0525e-01 0.0000e+00
877 0.0000e+00 0.0000e+00 1.0118e-04 0.0000e+00 1.0118e-04 2.0535e-01 0.0000e+00
878 0.0000e+00 0.0000e+00 1.0086e-04 0.0000e+00 1.0086e-04 2.0545e-01 0.0000e+00
879 0.0000e+00 0.0000e+00 1.0054e-04 0.0000e+00 1.0054e-04 2.0555e-01 0.0000e+00
880 0.0000e+00 0.0000e+00 1.0023e-04 0.0000e+00 1.0023e-04 2.0565e-01 0.0000e+00
881 0.0000e+00 0.0000e+00 9.9912e-05 0.0000e+00 9.9912e-05 2.0575e-01 0.0000e+00
882 0.0000e+00 0.0000e+00 9.9601e-05 0.0000e+00 9.9601e-05 2.0585e-01 0.0000e+00
883 0.0000e+00 0.0000e+00 9.9291e-05 0.0000e+00 9.9291e-05 2.0595e-01 0.0000e+00
884 0.0000e+00 0.0000e+00 9.8984e-05 0.0000e+00 9.8984e-05 2.0605e-01 0.0000e+00
885 0.0000e+00 6.4300e-05 9.8678e-05 0.0000e+00 9.8678e-05 2.0615e-01 0.0000e+00
886 0.0000e+00 1.2410e-04 9.8374e-05 0.0000e+00 9.8374e-05 2.0625e-01 0.0000e+00
887 0.0000e+00 1.7560e-04 9.8072e-05 0.0000e+00 9.8072e-05 2.0634e-01 0.0000e+00
888 0.0000e+00 2.1500e-04 9.7772e-05 0.0000e+00 9.7772e-05 2.0644e-01 0.0000e+00
889 0.0000e+00 2.3790e-04 9.7474e-05 0.0000e+00 9.7474e-05 2.0654e-01 0.0000e+00
890 0.0000e+00 2.4840e-04 9.7177e-05 0.0000e+00 9.7177e-05 2.0664e-01 0.0000e+00
891 0.0000e+00 2.3790e-04 9.6883e-05 0.0000e+00 9.6883e-05 2.0673e-01 0.0000e+00
892 0.0000e+00 2.1500e-04 9.6590e-05 0.0000e+00 9.6590e-05 2.0683e-01 0.0000e+00
893 0.0000e+00 1.7560e-04 9.6299e-05 0.0000e+00 9.6299e-05 2.0693e-01 0.0000e+00
894 0.0000e+00 1.2410e-04 9.6009e-05 0.0000e+00 9.6009e-05 2.0702e-01 0.0000e+00
895 0.0000e+00 6.0100e-05 9.5722e-05 0.0000e+00 9.5722e-05 2.0712e-01 0.0000e+00
896 0.0000e+00 0.0000e+00 9.5436e-05 0.0000e+00 9.5436e-05 2.0721e-01 0.0000e+00
897 0.0000e+00 0.0000e+00 9.5151e-05 0.0000e+00 9.5151e-05 2.0731e-01 0.0000e+00
898 0.0000e+00 0.0000e+00 9.4869e-05 0.0000e+00 9.4869e-05 2.0740e-01 0.0000e+00
899 0.0000e+00 0.0000e+00 9.4588e-05 0.0000e+00 9.4588e-05 2.0750e-01 0.0000e+00
900 0.0000e+00 0.0000e+00 9.4309e-05 0.0000e+00 9.4309e-05 2.0759e-01 0.0000e+00
901 0.0000e+00 0.0000e+00 9.4031e-05 0.0000e+00 9.4031e-05 2.0769e-01 0.0000e+00
902 0.0000e+00 0.0000e+00 9.3755e-05 0.0000e+00 9.3755e-05 2.0778e-01 0.0000e+00
903 0.0000e+00 0.0000e+00 9.3481e-05 0.0000e+00 9.3481e-05 2.0787e-01 0.0000e+00
904 0.0000e+00 0.0000e+00 9.3209e-05 0.0000e+00 9.3209e-05 2.0797e-01 0.0000e+00
905 0.0000e+00 0.0000e+00 9.2937e-05 0.0000e+00 9.2937e-05 2.0806e-01 0.0000e+00
906 0.0000e+00 0.0000e+00 9.2668e-05 0.0000e+00 9.2668e-05 2.0815e-01 0.0000e+00
907 0.0000e+00 0.0000e+00 9.2400e-05 0.0000e+00 9.2400e-05 2.0825e-01 0.0000e+00
908 0.0000e+00 0.0000e+00 9.2134e-05 0.0000e+00 9.2134e-05 2.0834e-01 0.0000e+00
909 0.0000e+00 8.0200e-05 9.1869e-05 0.0000e+00 9.1869e-05 2.0843e-01 0.0000e+00
910 0.0000e+00 1.5480e-04 9.1605e-05 0.0000e+00 9.1605e-05 2.0852e-01 0.0000e+00
911 0.0000e+00 2.1910e-04 9.1343e-05 0.0000e+00 9.1343e-05 2.0861e-01 0.0000e+00
912 0.0000e+00 2.6830e-04 9.1083e-05 0.0000e+00 9.1083e-05 2.0870e-01 0.0000e+00
913 0.0000e+00 2.9680e-04 9.0824e-05 0.0000e+00 9.0824e-05 2.0879e-01 0.0000e+00
914 0.0000e+00 3.0990e-04 9.0567e-05 0.0000e+00 9.0567e-05 2.0888e-01 0.0000e+00
915 0.0000e+00 2.9680e-04 9.0311e-05 0.0000e+00 9.0311e-05 2.0897e-01 0.0000e+00
916 0.0000e+00 2.6830e-04 9.0056e-05 0.0000e+00 9.0056e-05 2.0906e-01 0.0000e+00
917 0.0000e+00 2.1910e-04 8.9803e-05 0.0000e+00 8.9803e-05 2.0915e-01 0.0000e+00
918 0.0000e+00 1.5480e-04 8.9551e-05 0.0000e+00 8.9551e-05 2.0924e-01 0.0000e+00
919 0.0000e+00 7.5000e-05 8.9301e-05 0.0000e+00 8.9301e-05 2.0933e-01 0.0000e+00
920 0.0000e+00 0.0000e+00 8.9052e-05 0.0000e+00 8.9052e-05 2.0942e-01 0.0000e+00
921 0.0000e+00 0.0000e+00 8.8805e-05 0.0000e+00 8.8805e-05 2.0951e-01 0.0000e+00
922 0.0000e+00 0.0000e+00 8.8559e-05 0.0000e+00 8.8559e-05 2.0960e-01 0.0000e+00
923 0.0000e+00 0.0000e+00 8.8314e-05 0.0000e+00 8.8314e-05 2.0969e-01 0.0000e+00
924 0.0000e+00 0.0000e+00 8.8071e-05 0.0000e+00 8.8071e-05 2.0978e-01 0.0000e+00
925 0.0000e+00 0.0000e+00 8.7829e-05 0.0000e+00 8.7829e-05 2.0986e-01 0.0000e+00
926 0.0000e+00 0.0000e+00 8.7588e-05 0.0000e+00 8.7588e-05 2.0995e-01 0.0000e+00
927 0.0000e+00 0.0000e+00 8.7348e-05 0.0000e+00 8.7348e-05 2.1004e-01 0.0000e+00
928 0.0000e+00 0.0000e+00 8.7110e-05 0.0000e+00 8.7110e-05 2.1013e-01 0.0000e+00
929 0.0000e+00 0.0000e+00 8.6874e-05 0.0000e+00 8.6874e-05 2.1021e-01 0.0000e+00
930 0.0000e+00 0.0000e+00 8.6638e-05 0.0000e+00 8.6638e-05 2.1030e-01 0.0000e+00
931 0.0000e+00 0.0000e+00 8.6404e-05 0.0000e+00 8.6404e-05 2.1039e-01 0.0000e+00
932 0.0000e+00 0.0000e+00 8.6171e-05 0.0000e+00 8.6171e-05 2.1047e-01 0.0000e+00
933 0.0000e+00 9.6000e-05 8.5939e-05 0.0000e+00 8.5939e-05 2.1056e-01 0.0000e+00
934 0.0000e+00 1.8520e-04 8.5709e-05 0.0000e+00 8.5709e-05 2.1064e-01 0.0000e+00
935 0.0000e+00 2.6210e-04 8.5479e-05 0.0000e+00 8.5479e-05 2.1073e-01 0.0000e+00
936 0.0000e+00 3.2090e-04 8.5251e-05 0.0000e+00 8.5251e-05 2.1081e-01 0.0000e+00
937 0.0000e+00 3.5500e-04 8.5024e-05 0.0000e+00 8.5024e-05 2.1090e-01 0.0000e+00
938 0.0000e+00 3.7070e-04 8.4799e-05 0.0000e+00 8.4799e-05 2.1098e-01 0.0000e+00
939 0.0000e+00 3.5500e-04 8.4574e-05 0.0000e+00 8.4574e-05 2.1107e-01 0.0000e+00
940 0.0000e+00 3.2090e-04 8.4351e-05 0.0000e+00 8.4351e-05 2.1115e-01 0.0000e+00
941 0.0000e+00 2.6210e-04 8.4129e-05 0.0000e+00 8.4129e-05 2.1124e-01 0.0000e+00
942 0.0000e+00 1.8520e-04 8.3908e-05 0.0000e+00 8.3908e-05 2.1132e-01 0.0000e+00
943 0.0000e+00 8.9700e-05 8.3689e-05 0.0000e+00 8.3689e-05 2.1141e-01 0.0000e+00
944 0.0000e+00 0.0000e+00 8.3470e-05 0.0000e+00 8.3470e-05 2.1149e-01 0.0000e+00
945 0.0000e+00 0.0000e+00 8.3253e-05 0.0000e+00 8.3253e-05 2.1157e-01 0.0000e+00
946 0.0000e+00 0.0000e+00 8.3036e-05 0.0000e+00 8.3036e-05 2.1165e-01 0.0000e+00
947 0.0000e+00 0.0000e+00 8.2821e-05 0.0000e+00 8.2821e-05 2.1174e-01 0.0000e+00
948 0.0000e+00 0.0000e+00 8.2607e-05 0.0000e+00 8.2607e-05 2.1182e-01 0.0000e+00
949 0.0000e+00 0.0000e+00 8.2394e-05 0.0000e+00 8.2394e-05 2.1190e-01 0.0000e+00
950 0.0000e+00 0.0000e+00 8.2182e-05 0.0000e+00 8.2182e-05 2.1198e-01 0.0000e+00
Objective function values:
F1 1.964767e-06    NSE 0.66225   F2 3.276686e-02
Mean Obs Q 1.590065e-04   Variance Obs Q 6.123405e-09
    Error Variance 2.068176e-09

Water Balance for Subcatchment: Extracted study basin: Taegu Pyungkwang River

   SUMP       SUMAE      SUMQ       SUMRZ      SUMUZ      SBAR        BAL
1.890e-01  4.520e-02  1.216e-01  1.914e-02  0.000e+00  2.120e-01  1.000e-02
