Taegu Pyungkwang River Catchment: Calibration Data

Subcatchment : Extracted study basin: cat-10499

TL =     7.81
SUMAC =     1.00
SZQ =       0.06015
Subcatchment routing data:
Maximum Routing Delay       0.69444
Sum of Histogram ordinates:     1.0000
     1.00000 
Initial BAL             -0.24246
Initial SBAR             0.24046
Initial SR0              0.00200
it      p        ep       q(it)       quz      q       sbar       qof
1 0.0000e+00 6.1900e-05 3.2800e-05 0.0000e+00 3.2800e-05 2.4049e-01 0.0000e+00
2 0.0000e+00 6.4700e-05 3.2766e-05 0.0000e+00 3.2766e-05 2.4052e-01 0.0000e+00
3 1.0000e-03 6.1900e-05 3.2733e-05 0.0000e+00 3.2733e-05 2.4055e-01 0.0000e+00
4 1.0000e-03 5.6000e-05 3.2699e-05 0.0000e+00 3.2699e-05 2.4059e-01 0.0000e+00
5 1.0000e-03 4.5700e-05 3.7327e-05 6.9959e-05 3.2666e-05 2.4055e-01 4.6611e-06
6 5.0000e-04 3.2300e-05 3.5482e-05 1.0208e-04 3.2704e-05 2.4048e-01 2.7780e-06
7 5.0000e-04 1.5600e-05 3.5635e-05 1.3280e-04 3.2775e-05 2.4038e-01 2.8600e-06
8 0.0000e+00 0.0000e+00 3.2878e-05 1.1755e-04 3.2878e-05 2.4030e-01 0.0000e+00
9 5.0000e-04 0.0000e+00 3.5927e-05 1.5004e-04 3.2965e-05 2.4018e-01 2.9621e-06
10 5.0000e-04 0.0000e+00 3.6143e-05 1.7954e-04 3.3086e-05 2.4003e-01 3.0575e-06
11 0.0000e+00 0.0000e+00 3.3237e-05 1.5996e-04 3.3237e-05 2.3990e-01 0.0000e+00
12 0.0000e+00 0.0000e+00 3.3369e-05 1.4406e-04 3.3369e-05 2.3979e-01 0.0000e+00
13 1.0000e-03 0.0000e+00 3.9600e-05 2.2237e-04 3.3485e-05 2.3961e-01 6.1150e-06
14 5.0000e-04 0.0000e+00 3.6741e-05 2.4359e-04 3.3683e-05 2.3940e-01 3.0575e-06
15 5.0000e-04 0.0000e+00 3.6962e-05 2.6393e-04 3.3905e-05 2.3917e-01 3.0575e-06
16 1.0000e-03 0.0000e+00 4.0264e-05 3.2878e-04 3.4149e-05 2.3887e-01 6.1150e-06
17 0.0000e+00 0.0000e+00 3.4465e-05 2.9306e-04 3.4465e-05 2.3861e-01 0.0000e+00
18 0.0000e+00 0.0000e+00 3.4745e-05 2.6419e-04 3.4745e-05 2.3838e-01 0.0000e+00
19 0.0000e+00 0.0000e+00 3.4995e-05 2.3890e-04 3.4995e-05 2.3818e-01 0.0000e+00
20 0.0000e+00 0.0000e+00 3.5219e-05 2.1646e-04 3.5219e-05 2.3800e-01 0.0000e+00
21 0.0000e+00 1.8000e-05 3.5419e-05 1.9640e-04 3.5419e-05 2.3784e-01 0.0000e+00
22 0.0000e+00 3.4800e-05 3.5597e-05 1.7840e-04 3.5597e-05 2.3769e-01 0.0000e+00
23 0.0000e+00 4.9200e-05 3.5757e-05 1.6220e-04 3.5757e-05 2.3757e-01 0.0000e+00
24 3.0000e-03 6.0200e-05 5.3620e-05 4.1840e-04 3.5898e-05 2.3718e-01 1.7722e-05
25 2.0000e-03 6.6600e-05 4.8192e-05 5.4900e-04 3.6330e-05 2.3667e-01 1.1862e-05
26 5.5000e-03 6.9600e-05 7.0142e-05 9.9700e-04 3.6916e-05 2.3571e-01 3.3225e-05
27 6.0000e-03 6.6600e-05 7.4305e-05 1.4385e-03 3.8041e-05 2.3431e-01 3.6264e-05
28 1.0000e-03 6.0200e-05 4.5450e-05 1.3622e-03 3.9743e-05 2.3299e-01 5.7077e-06
29 2.5000e-03 4.9200e-05 5.6339e-05 1.4567e-03 4.1419e-05 2.3157e-01 1.4919e-05
30 0.0000e+00 3.4800e-05 4.3292e-05 1.3044e-03 4.3292e-05 2.3031e-01 0.0000e+00
31 0.0000e+00 1.6800e-05 4.5033e-05 1.1776e-03 4.5033e-05 2.2918e-01 0.0000e+00
32 1.0000e-03 0.0000e+00 5.2154e-05 1.1539e-03 4.6655e-05 2.2807e-01 5.4990e-06
33 5.0000e-04 0.0000e+00 5.1355e-05 1.0891e-03 4.8298e-05 2.2703e-01 3.0575e-06
34 0.0000e+00 0.0000e+00 4.9894e-05 9.8275e-04 4.9894e-05 2.2610e-01 0.0000e+00
35 0.0000e+00 0.0000e+00 5.1370e-05 8.8961e-04 5.1370e-05 2.2526e-01 0.0000e+00
36 0.0000e+00 0.0000e+00 5.2734e-05 8.0584e-04 5.2734e-05 2.2451e-01 0.0000e+00
37 0.0000e+00 0.0000e+00 5.3989e-05 7.3032e-04 5.3989e-05 2.2383e-01 0.0000e+00
38 0.0000e+00 0.0000e+00 5.5143e-05 6.6213e-04 5.5143e-05 2.2322e-01 0.0000e+00
39 0.0000e+00 0.0000e+00 5.6199e-05 6.0050e-04 5.6199e-05 2.2268e-01 0.0000e+00
40 0.0000e+00 0.0000e+00 5.7163e-05 5.4476e-04 5.7163e-05 2.2219e-01 0.0000e+00
41 0.0000e+00 0.0000e+00 5.8040e-05 4.9432e-04 5.8040e-05 2.2176e-01 0.0000e+00
42 0.0000e+00 0.0000e+00 5.8837e-05 4.4867e-04 5.8837e-05 2.2137e-01 0.0000e+00
43 0.0000e+00 0.0000e+00 5.9558e-05 4.0734e-04 5.9558e-05 2.2102e-01 0.0000e+00
44 0.0000e+00 0.0000e+00 6.0209e-05 3.6990e-04 6.0209e-05 2.2071e-01 0.0000e+00
45 0.0000e+00 3.3800e-05 6.0795e-05 3.3599e-04 6.0795e-05 2.2043e-01 0.0000e+00
46 1.0000e-03 6.5200e-05 6.9251e-05 4.0405e-04 6.1320e-05 2.2009e-01 7.9311e-06
47 0.0000e+00 9.2300e-05 6.1980e-05 3.6053e-04 6.1980e-05 2.1979e-01 0.0000e+00
48 5.0000e-04 1.1300e-04 6.5373e-05 3.6062e-04 6.2561e-05 2.1949e-01 2.8124e-06
49 0.0000e+00 1.2500e-04 6.3146e-05 3.2395e-04 6.3146e-05 2.1923e-01 0.0000e+00
50 1.0000e-03 1.3050e-04 6.9920e-05 3.7126e-04 6.3663e-05 2.1893e-01 6.2572e-06
51 2.5000e-03 1.2500e-04 8.3728e-05 5.7547e-04 6.4278e-05 2.1842e-01 1.9450e-05
52 3.0000e-03 1.1300e-04 8.8912e-05 8.0125e-04 6.5313e-05 2.1768e-01 2.3599e-05
53 2.5000e-03 9.2300e-05 8.6426e-05 9.4885e-04 6.6832e-05 2.1680e-01 1.9594e-05
54 3.0000e-03 6.5200e-05 9.2568e-05 1.1383e-03 6.8700e-05 2.1573e-01 2.3868e-05
55 2.5000e-03 3.1600e-05 9.1021e-05 1.2570e-03 7.1035e-05 2.1454e-01 1.9986e-05
56 2.0000e-03 0.0000e+00 8.9875e-05 1.3177e-03 7.3717e-05 2.1330e-01 1.6158e-05
57 1.0000e-03 0.0000e+00 8.4848e-05 1.2725e-03 7.6639e-05 2.1210e-01 8.2085e-06
58 1.0000e-03 0.0000e+00 8.7766e-05 1.2395e-03 7.9557e-05 2.1094e-01 8.2085e-06
59 0.0000e+00 0.0000e+00 8.2494e-05 1.1023e-03 8.2494e-05 2.0992e-01 0.0000e+00
60 5.0000e-04 0.0000e+00 8.9822e-05 1.0418e-03 8.5166e-05 2.0897e-01 4.6561e-06
61 5.0000e-04 0.0000e+00 9.3157e-05 9.8490e-04 8.7750e-05 2.0807e-01 5.4073e-06
62 0.0000e+00 0.0000e+00 9.0245e-05 8.8055e-04 9.0245e-05 2.0728e-01 0.0000e+00
63 0.0000e+00 0.0000e+00 9.2502e-05 7.8989e-04 9.2502e-05 2.0658e-01 0.0000e+00
64 0.0000e+00 0.0000e+00 9.4540e-05 7.0927e-04 9.4540e-05 2.0597e-01 0.0000e+00
65 0.0000e+00 0.0000e+00 9.6373e-05 6.3735e-04 9.6373e-05 2.0542e-01 0.0000e+00
66 0.0000e+00 0.0000e+00 9.8016e-05 5.7306e-04 9.8016e-05 2.0495e-01 0.0000e+00
67 0.0000e+00 0.0000e+00 9.9482e-05 5.1551e-04 9.9482e-05 2.0453e-01 0.0000e+00
68 0.0000e+00 0.0000e+00 1.0078e-04 4.6395e-04 1.0078e-04 2.0417e-01 0.0000e+00
69 0.0000e+00 4.1400e-05 1.0193e-04 4.1772e-04 1.0193e-04 2.0385e-01 0.0000e+00
70 0.0000e+00 7.9800e-05 1.0295e-04 3.7625e-04 1.0295e-04 2.0358e-01 0.0000e+00
71 0.0000e+00 1.1290e-04 1.0383e-04 3.3903e-04 1.0383e-04 2.0335e-01 0.0000e+00
72 0.0000e+00 1.3830e-04 1.0459e-04 3.0560e-04 1.0459e-04 2.0315e-01 0.0000e+00
73 0.0000e+00 1.5300e-04 1.0525e-04 2.7557e-04 1.0525e-04 2.0298e-01 0.0000e+00
74 0.0000e+00 1.5980e-04 1.0582e-04 2.4859e-04 1.0582e-04 2.0283e-01 0.0000e+00
75 0.0000e+00 1.5300e-04 1.0629e-04 2.2433e-04 1.0629e-04 2.0271e-01 0.0000e+00
76 0.0000e+00 1.3830e-04 1.0668e-04 2.0251e-04 1.0668e-04 2.0262e-01 0.0000e+00
77 0.0000e+00 1.1290e-04 1.0700e-04 1.8288e-04 1.0700e-04 2.0254e-01 0.0000e+00
78 0.0000e+00 7.9800e-05 1.0726e-04 1.6521e-04 1.0726e-04 2.0248e-01 0.0000e+00
79 0.0000e+00 3.8700e-05 1.0745e-04 1.4930e-04 1.0745e-04 2.0244e-01 0.0000e+00
80 0.0000e+00 0.0000e+00 1.0759e-04 1.3497e-04 1.0759e-04 2.0242e-01 0.0000e+00
81 0.0000e+00 0.0000e+00 1.0768e-04 1.2206e-04 1.0768e-04 2.0240e-01 0.0000e+00
82 0.0000e+00 0.0000e+00 1.0773e-04 1.1043e-04 1.0773e-04 2.0240e-01 0.0000e+00
83 0.0000e+00 0.0000e+00 1.0774e-04 9.9932e-05 1.0774e-04 2.0241e-01 0.0000e+00
84 0.0000e+00 0.0000e+00 1.0771e-04 9.0466e-05 1.0771e-04 2.0242e-01 0.0000e+00
85 0.0000e+00 0.0000e+00 1.0766e-04 8.1925e-05 1.0766e-04 2.0245e-01 0.0000e+00
86 0.0000e+00 0.0000e+00 1.0757e-04 7.4215e-05 1.0757e-04 2.0248e-01 0.0000e+00
87 0.0000e+00 0.0000e+00 1.0746e-04 6.7252e-05 1.0746e-04 2.0252e-01 0.0000e+00
88 0.0000e+00 0.0000e+00 1.0732e-04 6.0962e-05 1.0732e-04 2.0257e-01 0.0000e+00
89 0.0000e+00 0.0000e+00 1.0717e-04 5.5279e-05 1.0717e-04 2.0262e-01 0.0000e+00
90 0.0000e+00 0.0000e+00 1.0699e-04 5.0141e-05 1.0699e-04 2.0268e-01 0.0000e+00
91 0.0000e+00 0.0000e+00 1.0680e-04 4.5495e-05 1.0680e-04 2.0274e-01 0.0000e+00
92 0.0000e+00 0.0000e+00 1.0660e-04 4.1293e-05 1.0660e-04 2.0280e-01 0.0000e+00
93 0.0000e+00 1.9100e-05 1.0638e-04 3.7490e-05 1.0638e-04 2.0287e-01 0.0000e+00
94 0.0000e+00 3.6800e-05 1.0615e-04 3.4047e-05 1.0615e-04 2.0295e-01 0.0000e+00
95 0.0000e+00 5.2100e-05 1.0591e-04 3.0930e-05 1.0591e-04 2.0302e-01 0.0000e+00
96 0.0000e+00 6.3800e-05 1.0567e-04 2.8106e-05 1.0567e-04 2.0310e-01 0.0000e+00
97 5.0000e-04 7.0600e-05 1.0541e-04 2.5547e-05 1.0541e-04 2.0318e-01 0.0000e+00
98 5.0000e-04 7.3700e-05 1.0515e-04 2.3228e-05 1.0515e-04 2.0326e-01 0.0000e+00
99 0.0000e+00 7.0600e-05 1.0488e-04 2.1126e-05 1.0488e-04 2.0334e-01 0.0000e+00
100 0.0000e+00 6.3800e-05 1.0460e-04 1.9219e-05 1.0460e-04 2.0343e-01 0.0000e+00
101 0.0000e+00 5.2100e-05 1.0433e-04 1.7488e-05 1.0433e-04 2.0352e-01 0.0000e+00
102 0.0000e+00 3.6800e-05 1.0404e-04 1.5918e-05 1.0404e-04 2.0360e-01 0.0000e+00
103 0.0000e+00 1.7800e-05 1.0376e-04 1.4493e-05 1.0376e-04 2.0369e-01 0.0000e+00
104 0.0000e+00 0.0000e+00 1.0347e-04 1.3199e-05 1.0347e-04 2.0378e-01 0.0000e+00
105 0.0000e+00 0.0000e+00 1.0318e-04 1.2023e-05 1.0318e-04 2.0387e-01 0.0000e+00
106 0.0000e+00 0.0000e+00 1.0288e-04 1.0955e-05 1.0288e-04 2.0397e-01 0.0000e+00
107 0.0000e+00 0.0000e+00 1.0259e-04 9.9841e-06 1.0259e-04 2.0406e-01 0.0000e+00
108 0.0000e+00 0.0000e+00 1.0229e-04 9.1011e-06 1.0229e-04 2.0415e-01 0.0000e+00
109 0.0000e+00 0.0000e+00 1.0199e-04 8.2987e-06 1.0199e-04 2.0425e-01 0.0000e+00
110 0.0000e+00 0.0000e+00 1.0170e-04 7.5688e-06 1.0170e-04 2.0434e-01 0.0000e+00
111 5.0000e-04 0.0000e+00 1.0140e-04 6.9046e-06 1.0140e-04 2.0443e-01 0.0000e+00
112 0.0000e+00 0.0000e+00 1.0110e-04 6.3002e-06 1.0110e-04 2.0453e-01 0.0000e+00
113 0.0000e+00 0.0000e+00 1.0080e-04 5.7501e-06 1.0080e-04 2.0462e-01 0.0000e+00
114 0.0000e+00 0.0000e+00 1.0050e-04 5.2491e-06 1.0050e-04 2.0472e-01 0.0000e+00
115 0.0000e+00 0.0000e+00 1.0020e-04 4.7928e-06 1.0020e-04 2.0482e-01 0.0000e+00
116 0.0000e+00 0.0000e+00 9.9903e-05 4.3771e-06 9.9903e-05 2.0491e-01 0.0000e+00
117 0.0000e+00 1.0200e-05 9.9605e-05 3.9984e-06 9.9605e-05 2.0501e-01 0.0000e+00
118 0.0000e+00 1.9800e-05 9.9308e-05 3.6532e-06 9.9308e-05 2.0510e-01 0.0000e+00
119 0.0000e+00 2.8000e-05 9.9011e-05 3.3381e-06 9.9011e-05 2.0520e-01 0.0000e+00
120 0.0000e+00 3.4200e-05 9.8716e-05 3.0512e-06 9.8716e-05 2.0529e-01 0.0000e+00
121 0.0000e+00 3.7900e-05 9.8421e-05 2.7895e-06 9.8421e-05 2.0539e-01 0.0000e+00
122 0.0000e+00 3.9500e-05 9.8127e-05 2.5508e-06 9.8127e-05 2.0548e-01 0.0000e+00
123 0.0000e+00 3.7900e-05 9.7835e-05 2.3329e-06 9.7835e-05 2.0558e-01 0.0000e+00
124 0.0000e+00 3.4200e-05 9.7543e-05 2.1341e-06 9.7543e-05 2.0568e-01 0.0000e+00
125 0.0000e+00 2.8000e-05 9.7253e-05 1.9526e-06 9.7253e-05 2.0577e-01 0.0000e+00
126 0.0000e+00 1.9800e-05 9.6964e-05 1.7868e-06 9.6964e-05 2.0587e-01 0.0000e+00
127 0.0000e+00 9.6000e-06 9.6676e-05 1.6355e-06 9.6676e-05 2.0596e-01 0.0000e+00
128 0.0000e+00 0.0000e+00 9.6389e-05 1.4972e-06 9.6389e-05 2.0606e-01 0.0000e+00
129 0.0000e+00 0.0000e+00 9.6103e-05 1.3704e-06 9.6103e-05 2.0615e-01 0.0000e+00
130 0.0000e+00 0.0000e+00 9.5819e-05 1.2550e-06 9.5819e-05 2.0624e-01 0.0000e+00
131 0.0000e+00 0.0000e+00 9.5537e-05 1.1496e-06 9.5537e-05 2.0634e-01 0.0000e+00
132 0.0000e+00 0.0000e+00 9.5255e-05 1.0532e-06 9.5255e-05 2.0643e-01 0.0000e+00
133 0.0000e+00 0.0000e+00 9.4975e-05 9.6499e-07 9.4975e-05 2.0653e-01 0.0000e+00
134 0.0000e+00 0.0000e+00 9.4697e-05 8.8436e-07 9.4697e-05 2.0662e-01 0.0000e+00
135 0.0000e+00 0.0000e+00 9.4419e-05 8.1060e-07 9.4419e-05 2.0671e-01 0.0000e+00
136 0.0000e+00 0.0000e+00 9.4144e-05 7.4311e-07 9.4144e-05 2.0681e-01 0.0000e+00
137 0.0000e+00 0.0000e+00 9.3869e-05 6.8135e-07 9.3869e-05 2.0690e-01 0.0000e+00
138 0.0000e+00 0.0000e+00 9.3596e-05 6.2483e-07 9.3596e-05 2.0699e-01 0.0000e+00
139 0.0000e+00 0.0000e+00 9.3325e-05 5.7309e-07 9.3325e-05 2.0709e-01 0.0000e+00
140 0.0000e+00 0.0000e+00 9.3055e-05 5.2506e-07 9.3055e-05 2.0718e-01 0.0000e+00
141 5.0000e-04 4.1400e-05 9.2786e-05 4.8177e-07 9.2786e-05 2.0727e-01 0.0000e+00
142 0.0000e+00 7.9900e-05 9.2519e-05 4.4211e-07 9.2519e-05 2.0736e-01 0.0000e+00
143 0.0000e+00 1.1300e-04 9.2253e-05 4.0577e-07 9.2253e-05 2.0746e-01 0.0000e+00
144 0.0000e+00 1.3840e-04 9.1988e-05 3.7248e-07 9.1988e-05 2.0755e-01 0.0000e+00
145 0.0000e+00 1.5310e-04 9.1726e-05 3.4197e-07 9.1726e-05 2.0764e-01 0.0000e+00
146 0.0000e+00 1.5990e-04 9.1464e-05 3.1400e-07 9.1464e-05 2.0773e-01 0.0000e+00
147 0.0000e+00 1.5310e-04 9.1204e-05 2.8836e-07 9.1204e-05 2.0782e-01 0.0000e+00
148 0.0000e+00 1.3840e-04 9.0945e-05 2.6485e-07 9.0945e-05 2.0791e-01 0.0000e+00
149 0.0000e+00 1.1300e-04 9.0688e-05 2.4330e-07 9.0688e-05 2.0800e-01 0.0000e+00
150 0.0000e+00 7.9900e-05 9.0432e-05 2.2249e-07 9.0432e-05 2.0809e-01 0.0000e+00
151 0.0000e+00 3.8700e-05 9.0177e-05 2.0448e-07 9.0177e-05 2.0818e-01 0.0000e+00
152 0.0000e+00 0.0000e+00 8.9924e-05 1.8795e-07 8.9924e-05 2.0827e-01 0.0000e+00
153 0.0000e+00 0.0000e+00 8.9672e-05 1.7278e-07 8.9672e-05 2.0836e-01 0.0000e+00
154 0.0000e+00 0.0000e+00 8.9422e-05 1.5885e-07 8.9422e-05 2.0845e-01 0.0000e+00
155 0.0000e+00 0.0000e+00 8.9173e-05 1.4606e-07 8.9173e-05 2.0854e-01 0.0000e+00
156 0.0000e+00 0.0000e+00 8.8925e-05 1.3432e-07 8.8925e-05 2.0863e-01 0.0000e+00
157 0.0000e+00 0.0000e+00 8.8678e-05 1.2354e-07 8.8678e-05 2.0872e-01 0.0000e+00
158 0.0000e+00 0.0000e+00 8.8433e-05 1.1364e-07 8.8433e-05 2.0881e-01 0.0000e+00
159 0.0000e+00 0.0000e+00 8.8190e-05 1.0454e-07 8.8190e-05 2.0889e-01 0.0000e+00
160 0.0000e+00 0.0000e+00 8.7947e-05 9.6183e-08 8.7947e-05 2.0898e-01 0.0000e+00
161 0.0000e+00 0.0000e+00 8.7706e-05 8.7232e-08 8.7706e-05 2.0907e-01 0.0000e+00
162 0.0000e+00 0.0000e+00 8.7466e-05 8.0313e-08 8.7466e-05 2.0916e-01 0.0000e+00
163 0.0000e+00 0.0000e+00 8.7228e-05 7.3951e-08 8.7228e-05 2.0924e-01 0.0000e+00
164 0.0000e+00 0.0000e+00 8.6991e-05 6.8100e-08 8.6991e-05 2.0933e-01 0.0000e+00
165 0.0000e+00 1.7800e-05 8.6755e-05 6.2718e-08 8.6755e-05 2.0942e-01 0.0000e+00
166 0.0000e+00 3.4400e-05 8.6520e-05 5.7768e-08 8.6520e-05 2.0950e-01 0.0000e+00
167 0.0000e+00 4.8600e-05 8.6286e-05 5.3213e-08 8.6286e-05 2.0959e-01 0.0000e+00
168 0.0000e+00 5.9500e-05 8.6054e-05 4.9023e-08 8.6054e-05 2.0968e-01 0.0000e+00
169 0.0000e+00 6.5900e-05 8.5823e-05 4.5168e-08 8.5823e-05 2.0976e-01 0.0000e+00
170 0.0000e+00 6.8800e-05 8.5593e-05 4.1619e-08 8.5593e-05 2.0985e-01 0.0000e+00
171 0.0000e+00 6.5900e-05 8.5365e-05 3.8354e-08 8.5365e-05 2.0993e-01 0.0000e+00
172 0.0000e+00 5.9500e-05 8.5138e-05 3.3982e-08 8.5138e-05 2.1002e-01 0.0000e+00
173 0.0000e+00 4.8600e-05 8.4911e-05 3.1349e-08 8.4911e-05 2.1010e-01 0.0000e+00
174 0.0000e+00 3.4400e-05 8.4687e-05 2.8921e-08 8.4687e-05 2.1019e-01 0.0000e+00
175 0.0000e+00 1.6600e-05 8.4463e-05 2.6684e-08 8.4463e-05 2.1027e-01 0.0000e+00
176 0.0000e+00 0.0000e+00 8.4240e-05 2.4622e-08 8.4240e-05 2.1036e-01 0.0000e+00
177 0.0000e+00 0.0000e+00 8.4019e-05 2.2721e-08 8.4019e-05 2.1044e-01 0.0000e+00
178 0.0000e+00 0.0000e+00 8.3799e-05 2.0969e-08 8.3799e-05 2.1052e-01 0.0000e+00
179 0.0000e+00 0.0000e+00 8.3579e-05 1.9353e-08 8.3579e-05 2.1061e-01 0.0000e+00
180 0.0000e+00 0.0000e+00 8.3362e-05 1.7864e-08 8.3362e-05 2.1069e-01 0.0000e+00
181 0.0000e+00 0.0000e+00 8.3145e-05 1.6490e-08 8.3145e-05 2.1077e-01 0.0000e+00
182 0.0000e+00 0.0000e+00 8.2929e-05 1.5223e-08 8.2929e-05 2.1086e-01 0.0000e+00
183 0.0000e+00 0.0000e+00 8.2714e-05 1.2803e-08 8.2714e-05 2.1094e-01 0.0000e+00
184 0.0000e+00 0.0000e+00 8.2501e-05 1.1837e-08 8.2501e-05 2.1102e-01 0.0000e+00
185 0.0000e+00 0.0000e+00 8.2288e-05 1.0946e-08 8.2288e-05 2.1110e-01 0.0000e+00
186 0.0000e+00 0.0000e+00 8.2077e-05 1.0121e-08 8.2077e-05 2.1119e-01 0.0000e+00
187 0.0000e+00 0.0000e+00 8.1867e-05 9.3600e-09 8.1867e-05 2.1127e-01 0.0000e+00
188 0.0000e+00 0.0000e+00 8.1658e-05 8.6563e-09 8.1658e-05 2.1135e-01 0.0000e+00
189 0.0000e+00 4.5600e-05 8.1450e-05 8.0060e-09 8.1450e-05 2.1143e-01 0.0000e+00
190 5.0000e-04 8.7900e-05 8.1243e-05 7.4050e-09 8.1243e-05 2.1151e-01 0.0000e+00
191 0.0000e+00 1.2440e-04 8.1037e-05 6.8495e-09 8.1037e-05 2.1159e-01 0.0000e+00
192 0.0000e+00 1.5230e-04 8.0832e-05 6.3361e-09 8.0832e-05 2.1167e-01 0.0000e+00
193 0.0000e+00 1.6850e-04 8.0628e-05 5.8614e-09 8.0628e-05 2.1175e-01 0.0000e+00
194 0.0000e+00 1.7590e-04 8.0425e-05 4.4657e-09 8.0425e-05 2.1184e-01 0.0000e+00
195 0.0000e+00 1.6850e-04 8.0223e-05 4.1397e-09 8.0223e-05 2.1192e-01 0.0000e+00
196 0.0000e+00 1.5230e-04 8.0022e-05 3.8376e-09 8.0022e-05 2.1200e-01 0.0000e+00
197 0.0000e+00 1.2440e-04 7.9822e-05 3.5578e-09 7.9822e-05 2.1208e-01 0.0000e+00
198 0.0000e+00 8.7900e-05 7.9624e-05 3.2985e-09 7.9624e-05 2.1215e-01 0.0000e+00
199 0.0000e+00 4.2600e-05 7.9426e-05 3.0582e-09 7.9426e-05 2.1223e-01 0.0000e+00
200 0.0000e+00 0.0000e+00 7.9229e-05 2.8355e-09 7.9229e-05 2.1231e-01 0.0000e+00
201 0.0000e+00 0.0000e+00 7.9033e-05 2.6292e-09 7.9033e-05 2.1239e-01 0.0000e+00
202 0.0000e+00 0.0000e+00 7.8838e-05 2.4379e-09 7.8838e-05 2.1247e-01 0.0000e+00
203 0.0000e+00 0.0000e+00 7.8644e-05 2.2607e-09 7.8644e-05 2.1255e-01 0.0000e+00
204 0.0000e+00 0.0000e+00 7.8451e-05 2.0965e-09 7.8451e-05 2.1263e-01 0.0000e+00
205 0.0000e+00 0.0000e+00 7.8259e-05 1.3325e-09 7.8259e-05 2.1271e-01 0.0000e+00
206 0.0000e+00 0.0000e+00 7.8068e-05 1.2388e-09 7.8068e-05 2.1278e-01 0.0000e+00
207 0.0000e+00 0.0000e+00 7.7877e-05 1.1516e-09 7.7877e-05 2.1286e-01 0.0000e+00
208 0.0000e+00 0.0000e+00 7.7688e-05 1.0707e-09 7.7688e-05 2.1294e-01 0.0000e+00
209 0.0000e+00 0.0000e+00 7.7500e-05 9.9544e-10 7.7500e-05 2.1302e-01 0.0000e+00
210 0.0000e+00 0.0000e+00 7.7312e-05 9.2551e-10 7.7312e-05 2.1310e-01 0.0000e+00
211 0.0000e+00 0.0000e+00 7.7126e-05 8.6052e-10 7.7126e-05 2.1317e-01 0.0000e+00
212 0.0000e+00 0.0000e+00 7.6940e-05 8.0012e-10 7.6940e-05 2.1325e-01 0.0000e+00
213 0.0000e+00 4.9000e-05 7.6755e-05 7.4399e-10 7.6755e-05 2.1333e-01 0.0000e+00
214 0.0000e+00 9.4600e-05 7.6571e-05 6.9181e-10 7.6571e-05 2.1340e-01 0.0000e+00
215 0.0000e+00 1.3380e-04 7.6388e-05 6.4330e-10 7.6388e-05 2.1348e-01 0.0000e+00
216 0.0000e+00 1.6380e-04 7.6206e-05 2.8125e-10 7.6206e-05 2.1356e-01 0.0000e+00
217 0.0000e+00 1.8130e-04 7.6025e-05 2.6229e-10 7.6025e-05 2.1363e-01 0.0000e+00
218 0.0000e+00 1.8920e-04 7.5845e-05 2.4462e-10 7.5845e-05 2.1371e-01 0.0000e+00
219 0.0000e+00 1.8130e-04 7.5665e-05 2.2814e-10 7.5665e-05 2.1378e-01 0.0000e+00
220 0.0000e+00 1.6380e-04 7.5486e-05 2.1278e-10 7.5486e-05 2.1386e-01 0.0000e+00
221 0.0000e+00 1.3380e-04 7.5309e-05 1.9845e-10 7.5309e-05 2.1393e-01 0.0000e+00
222 0.0000e+00 9.4600e-05 7.5132e-05 1.8509e-10 7.5132e-05 2.1401e-01 0.0000e+00
223 0.0000e+00 4.5800e-05 7.4955e-05 1.7264e-10 7.4955e-05 2.1408e-01 0.0000e+00
224 0.0000e+00 0.0000e+00 7.4780e-05 1.6103e-10 7.4780e-05 2.1416e-01 0.0000e+00
225 0.0000e+00 0.0000e+00 7.4605e-05 1.5020e-10 7.4605e-05 2.1423e-01 0.0000e+00
226 0.0000e+00 0.0000e+00 7.4432e-05 1.4010e-10 7.4432e-05 2.1431e-01 0.0000e+00
227 0.0000e+00 0.0000e+00 7.4259e-05 2.8759e-11 7.4259e-05 2.1438e-01 0.0000e+00
228 0.0000e+00 0.0000e+00 7.4087e-05 2.6910e-11 7.4087e-05 2.1446e-01 0.0000e+00
229 0.0000e+00 0.0000e+00 7.3915e-05 2.5181e-11 7.3915e-05 2.1453e-01 0.0000e+00
230 0.0000e+00 0.0000e+00 7.3745e-05 2.3563e-11 7.3745e-05 2.1460e-01 0.0000e+00
231 0.0000e+00 0.0000e+00 7.3575e-05 2.2049e-11 7.3575e-05 2.1468e-01 0.0000e+00
232 0.0000e+00 0.0000e+00 7.3406e-05 2.0633e-11 7.3406e-05 2.1475e-01 0.0000e+00
233 0.0000e+00 0.0000e+00 7.3238e-05 1.9308e-11 7.3238e-05 2.1482e-01 0.0000e+00
234 0.0000e+00 0.0000e+00 7.3070e-05 1.8069e-11 7.3070e-05 2.1490e-01 0.0000e+00
235 0.0000e+00 0.0000e+00 7.2904e-05 1.6909e-11 7.2904e-05 2.1497e-01 0.0000e+00
236 0.0000e+00 0.0000e+00 7.2738e-05 1.5825e-11 7.2738e-05 2.1504e-01 0.0000e+00
237 0.0000e+00 5.1700e-05 7.2573e-05 1.4810e-11 7.2573e-05 2.1512e-01 0.0000e+00
238 0.0000e+00 9.9800e-05 7.2408e-05 0.0000e+00 7.2408e-05 2.1519e-01 0.0000e+00
239 0.0000e+00 1.4120e-04 7.2245e-05 0.0000e+00 7.2245e-05 2.1526e-01 0.0000e+00
240 0.0000e+00 1.7290e-04 7.2082e-05 0.0000e+00 7.2082e-05 2.1533e-01 0.0000e+00
241 5.0000e-04 1.9130e-04 7.1920e-05 0.0000e+00 7.1920e-05 2.1540e-01 0.0000e+00
242 1.0000e-03 1.9970e-04 7.1758e-05 0.0000e+00 7.1758e-05 2.1548e-01 0.0000e+00
243 0.0000e+00 1.9130e-04 7.1597e-05 0.0000e+00 7.1597e-05 2.1555e-01 0.0000e+00
244 0.0000e+00 1.7290e-04 7.1437e-05 0.0000e+00 7.1437e-05 2.1562e-01 0.0000e+00
245 0.0000e+00 1.4120e-04 7.1278e-05 0.0000e+00 7.1278e-05 2.1569e-01 0.0000e+00
246 0.0000e+00 9.9800e-05 7.1119e-05 0.0000e+00 7.1119e-05 2.1576e-01 0.0000e+00
247 0.0000e+00 4.8300e-05 7.0962e-05 0.0000e+00 7.0962e-05 2.1583e-01 0.0000e+00
248 0.0000e+00 0.0000e+00 7.0804e-05 0.0000e+00 7.0804e-05 2.1590e-01 0.0000e+00
249 0.0000e+00 0.0000e+00 7.0648e-05 0.0000e+00 7.0648e-05 2.1597e-01 0.0000e+00
250 0.0000e+00 0.0000e+00 7.0492e-05 0.0000e+00 7.0492e-05 2.1604e-01 0.0000e+00
251 0.0000e+00 0.0000e+00 7.0337e-05 0.0000e+00 7.0337e-05 2.1611e-01 0.0000e+00
252 0.0000e+00 0.0000e+00 7.0183e-05 0.0000e+00 7.0183e-05 2.1618e-01 0.0000e+00
253 1.0000e-03 0.0000e+00 7.0029e-05 0.0000e+00 7.0029e-05 2.1625e-01 0.0000e+00
254 0.0000e+00 0.0000e+00 6.9876e-05 0.0000e+00 6.9876e-05 2.1632e-01 0.0000e+00
255 0.0000e+00 0.0000e+00 6.9723e-05 0.0000e+00 6.9723e-05 2.1639e-01 0.0000e+00
256 0.0000e+00 0.0000e+00 6.9572e-05 0.0000e+00 6.9572e-05 2.1646e-01 0.0000e+00
257 0.0000e+00 0.0000e+00 6.9420e-05 0.0000e+00 6.9420e-05 2.1653e-01 0.0000e+00
258 0.0000e+00 0.0000e+00 6.9270e-05 0.0000e+00 6.9270e-05 2.1660e-01 0.0000e+00
259 0.0000e+00 0.0000e+00 6.9120e-05 0.0000e+00 6.9120e-05 2.1667e-01 0.0000e+00
260 0.0000e+00 0.0000e+00 6.8971e-05 0.0000e+00 6.8971e-05 2.1674e-01 0.0000e+00
261 0.0000e+00 7.5200e-05 6.8823e-05 0.0000e+00 6.8823e-05 2.1681e-01 0.0000e+00
262 1.0000e-03 1.4510e-04 6.8675e-05 0.0000e+00 6.8675e-05 2.1688e-01 0.0000e+00
263 0.0000e+00 2.0520e-04 6.8528e-05 0.0000e+00 6.8528e-05 2.1695e-01 0.0000e+00
264 0.0000e+00 2.5130e-04 6.8381e-05 0.0000e+00 6.8381e-05 2.1701e-01 0.0000e+00
265 0.0000e+00 2.7800e-04 6.8235e-05 0.0000e+00 6.8235e-05 2.1708e-01 0.0000e+00
266 0.0000e+00 2.9030e-04 6.8090e-05 0.0000e+00 6.8090e-05 2.1715e-01 0.0000e+00
267 0.0000e+00 2.7800e-04 6.7945e-05 0.0000e+00 6.7945e-05 2.1722e-01 0.0000e+00
268 0.0000e+00 2.5130e-04 6.7801e-05 0.0000e+00 6.7801e-05 2.1729e-01 0.0000e+00
269 0.0000e+00 2.0520e-04 6.7657e-05 0.0000e+00 6.7657e-05 2.1735e-01 0.0000e+00
270 0.0000e+00 1.4510e-04 6.7514e-05 0.0000e+00 6.7514e-05 2.1742e-01 0.0000e+00
271 0.0000e+00 7.0200e-05 6.7372e-05 0.0000e+00 6.7372e-05 2.1749e-01 0.0000e+00
272 0.0000e+00 0.0000e+00 6.7230e-05 0.0000e+00 6.7230e-05 2.1756e-01 0.0000e+00
273 0.0000e+00 0.0000e+00 6.7089e-05 0.0000e+00 6.7089e-05 2.1762e-01 0.0000e+00
274 0.0000e+00 0.0000e+00 6.6949e-05 0.0000e+00 6.6949e-05 2.1769e-01 0.0000e+00
275 0.0000e+00 0.0000e+00 6.6809e-05 0.0000e+00 6.6809e-05 2.1776e-01 0.0000e+00
276 0.0000e+00 0.0000e+00 6.6670e-05 0.0000e+00 6.6670e-05 2.1782e-01 0.0000e+00
277 0.0000e+00 0.0000e+00 6.6531e-05 0.0000e+00 6.6531e-05 2.1789e-01 0.0000e+00
278 0.0000e+00 0.0000e+00 6.6393e-05 0.0000e+00 6.6393e-05 2.1796e-01 0.0000e+00
279 0.0000e+00 0.0000e+00 6.6255e-05 0.0000e+00 6.6255e-05 2.1802e-01 0.0000e+00
280 0.0000e+00 0.0000e+00 6.6118e-05 0.0000e+00 6.6118e-05 2.1809e-01 0.0000e+00
281 0.0000e+00 0.0000e+00 6.5981e-05 0.0000e+00 6.5981e-05 2.1816e-01 0.0000e+00
282 0.0000e+00 0.0000e+00 6.5846e-05 0.0000e+00 6.5846e-05 2.1822e-01 0.0000e+00
283 1.0000e-03 0.0000e+00 6.5710e-05 0.0000e+00 6.5710e-05 2.1829e-01 0.0000e+00
284 5.0000e-04 0.0000e+00 6.5575e-05 0.0000e+00 6.5575e-05 2.1835e-01 0.0000e+00
285 2.5000e-03 2.4400e-05 6.6758e-05 1.6639e-05 6.5441e-05 2.1840e-01 1.3172e-06
286 6.0000e-03 4.7000e-05 1.1439e-04 6.3327e-04 6.5341e-05 2.1783e-01 4.9051e-05
287 4.0000e-03 6.6500e-05 9.8960e-05 9.4179e-04 6.6511e-05 2.1696e-01 3.2448e-05
288 1.5000e-03 8.1400e-05 8.0123e-05 9.6207e-04 6.8356e-05 2.1606e-01 1.1767e-05
289 0.0000e+00 9.0100e-05 7.0292e-05 8.4453e-04 7.0292e-05 2.1529e-01 0.0000e+00
290 0.0000e+00 9.4000e-05 7.2013e-05 7.5093e-04 7.2013e-05 2.1461e-01 0.0000e+00
291 5.0000e-04 9.0100e-05 7.5486e-05 6.9529e-04 7.3557e-05 2.1399e-01 1.9287e-06
292 0.0000e+00 8.1400e-05 7.5001e-05 6.2037e-04 7.5001e-05 2.1344e-01 0.0000e+00
293 0.0000e+00 6.6500e-05 7.6290e-05 5.5558e-04 7.6290e-05 2.1296e-01 0.0000e+00
294 1.5000e-03 4.7000e-05 8.7803e-05 6.3448e-04 7.7441e-05 2.1241e-01 1.0362e-05
295 1.0000e-03 2.2800e-05 8.6624e-05 6.6253e-04 7.8801e-05 2.1182e-01 7.8227e-06
296 0.0000e+00 0.0000e+00 8.0251e-05 5.8533e-04 8.0251e-05 2.1132e-01 0.0000e+00
297 0.0000e+00 0.0000e+00 8.1528e-05 5.2364e-04 8.1528e-05 2.1088e-01 0.0000e+00
298 0.0000e+00 0.0000e+00 8.2662e-05 4.6936e-04 8.2662e-05 2.1049e-01 0.0000e+00
299 0.0000e+00 0.0000e+00 8.3667e-05 4.2131e-04 8.3667e-05 2.1015e-01 0.0000e+00
300 0.0000e+00 0.0000e+00 8.4555e-05 3.7860e-04 8.4555e-05 2.0986e-01 0.0000e+00
301 0.0000e+00 0.0000e+00 8.5335e-05 3.4053e-04 8.5335e-05 2.0960e-01 0.0000e+00
302 0.0000e+00 0.0000e+00 8.6019e-05 3.0653e-04 8.6019e-05 2.0938e-01 0.0000e+00
303 0.0000e+00 0.0000e+00 8.6613e-05 2.7611e-04 8.6613e-05 2.0919e-01 0.0000e+00
304 0.0000e+00 0.0000e+00 8.7128e-05 2.4887e-04 8.7128e-05 2.0903e-01 0.0000e+00
305 0.0000e+00 0.0000e+00 8.7569e-05 2.2444e-04 8.7569e-05 2.0889e-01 0.0000e+00
306 0.0000e+00 0.0000e+00 8.7945e-05 2.0252e-04 8.7945e-05 2.0878e-01 0.0000e+00
307 0.0000e+00 0.0000e+00 8.8260e-05 1.8283e-04 8.8260e-05 2.0869e-01 0.0000e+00
308 0.0000e+00 0.0000e+00 8.8521e-05 1.6513e-04 8.8521e-05 2.0861e-01 0.0000e+00
309 0.0000e+00 2.8800e-05 8.8734e-05 1.4922e-04 8.8734e-05 2.0855e-01 0.0000e+00
310 5.0000e-04 5.5500e-05 9.3751e-05 1.8334e-04 8.8901e-05 2.0845e-01 4.8494e-06
311 0.0000e+00 7.8500e-05 8.9164e-05 1.6233e-04 8.9164e-05 2.0838e-01 0.0000e+00
312 0.0000e+00 9.6200e-05 8.9368e-05 1.4563e-04 8.9368e-05 2.0832e-01 0.0000e+00
313 0.0000e+00 1.0640e-04 8.9526e-05 1.3097e-04 8.9526e-05 2.0828e-01 0.0000e+00
314 0.0000e+00 1.1110e-04 8.9642e-05 1.1797e-04 8.9642e-05 2.0825e-01 0.0000e+00
315 0.0000e+00 1.0640e-04 8.9721e-05 1.0638e-04 8.9721e-05 2.0824e-01 0.0000e+00
316 0.0000e+00 9.6200e-05 8.9768e-05 9.6030e-05 8.9768e-05 2.0823e-01 0.0000e+00
317 5.0000e-04 7.8500e-05 8.9785e-05 8.6751e-05 8.9785e-05 2.0823e-01 0.0000e+00
318 1.0000e-03 5.5500e-05 9.8158e-05 1.6233e-04 8.9777e-05 2.0816e-01 8.3815e-06
319 5.0000e-04 2.6900e-05 9.4788e-05 1.8885e-04 8.9981e-05 2.0806e-01 4.8071e-06
320 0.0000e+00 0.0000e+00 9.0259e-05 1.6518e-04 9.0259e-05 2.0799e-01 0.0000e+00
321 0.0000e+00 0.0000e+00 9.0471e-05 1.4676e-04 9.0471e-05 2.0793e-01 0.0000e+00
322 1.0000e-03 0.0000e+00 1.0115e-04 2.3651e-04 9.0630e-05 2.0779e-01 1.0524e-05
323 1.0000e-03 0.0000e+00 1.0186e-04 3.1355e-04 9.1044e-05 2.0756e-01 1.0815e-05
324 0.0000e+00 0.0000e+00 9.1679e-05 2.7210e-04 9.1679e-05 2.0738e-01 0.0000e+00
325 0.0000e+00 0.0000e+00 9.2198e-05 2.4081e-04 9.2198e-05 2.0723e-01 0.0000e+00
326 0.0000e+00 0.0000e+00 9.2627e-05 2.1411e-04 9.2627e-05 2.0711e-01 0.0000e+00
327 0.0000e+00 0.0000e+00 9.2979e-05 1.9097e-04 9.2979e-05 2.0702e-01 0.0000e+00
328 0.0000e+00 0.0000e+00 9.3264e-05 1.7072e-04 9.3264e-05 2.0694e-01 0.0000e+00
329 0.0000e+00 0.0000e+00 9.3490e-05 1.5287e-04 9.3490e-05 2.0688e-01 0.0000e+00
330 0.0000e+00 0.0000e+00 9.3664e-05 1.3709e-04 9.3664e-05 2.0684e-01 0.0000e+00
331 0.0000e+00 0.0000e+00 9.3791e-05 1.2308e-04 9.3791e-05 2.0681e-01 0.0000e+00
332 0.0000e+00 0.0000e+00 9.3877e-05 1.1062e-04 9.3877e-05 2.0679e-01 0.0000e+00
333 0.0000e+00 1.1200e-05 9.3926e-05 9.9516e-05 9.3926e-05 2.0678e-01 0.0000e+00
334 0.0000e+00 2.1600e-05 9.3942e-05 8.9600e-05 9.3942e-05 2.0679e-01 0.0000e+00
335 0.0000e+00 3.0600e-05 9.3930e-05 8.0734e-05 9.3930e-05 2.0680e-01 0.0000e+00
336 0.0000e+00 3.7400e-05 9.3891e-05 7.2796e-05 9.3891e-05 2.0682e-01 0.0000e+00
337 0.0000e+00 4.1400e-05 9.3829e-05 6.5682e-05 9.3829e-05 2.0685e-01 0.0000e+00
338 5.0000e-04 4.3200e-05 9.7618e-05 9.8419e-05 9.3747e-05 2.0685e-01 3.8711e-06
339 5.0000e-04 4.1400e-05 9.8700e-05 1.3590e-04 9.3760e-05 2.0680e-01 4.9401e-06
340 1.5000e-03 3.7400e-05 1.0966e-04 2.7750e-04 9.3884e-05 2.0662e-01 1.5774e-05
341 1.5000e-03 3.0600e-05 1.1024e-04 3.9709e-04 9.4424e-05 2.0632e-01 1.5817e-05
342 1.0000e-03 2.1600e-05 1.0581e-04 4.4800e-04 9.5321e-05 2.0596e-01 1.0484e-05
343 5.0000e-04 1.0500e-05 1.0155e-04 4.4192e-04 9.6378e-05 2.0562e-01 5.1737e-06
344 1.0000e-03 0.0000e+00 1.0813e-04 4.9648e-04 9.7424e-05 2.0522e-01 1.0701e-05
345 5.0000e-04 0.0000e+00 1.0405e-04 4.8883e-04 9.8647e-05 2.0483e-01 5.4073e-06
346 0.0000e+00 0.0000e+00 9.9857e-05 4.2971e-04 9.9857e-05 2.0450e-01 0.0000e+00
347 0.0000e+00 0.0000e+00 1.0089e-04 3.8116e-04 1.0089e-04 2.0422e-01 0.0000e+00
348 0.0000e+00 0.0000e+00 1.0178e-04 3.3918e-04 1.0178e-04 2.0398e-01 0.0000e+00
349 0.0000e+00 0.0000e+00 1.0254e-04 3.0250e-04 1.0254e-04 2.0378e-01 0.0000e+00
350 0.0000e+00 0.0000e+00 1.0318e-04 2.7023e-04 1.0318e-04 2.0362e-01 0.0000e+00
351 0.0000e+00 0.0000e+00 1.0372e-04 2.4174e-04 1.0372e-04 2.0348e-01 0.0000e+00
352 0.0000e+00 0.0000e+00 1.0417e-04 2.1650e-04 1.0417e-04 2.0336e-01 0.0000e+00
353 5.0000e-04 0.0000e+00 1.0994e-04 2.5010e-04 1.0453e-04 2.0322e-01 5.4073e-06
354 0.0000e+00 0.0000e+00 1.0501e-04 2.2022e-04 1.0501e-04 2.0310e-01 0.0000e+00
355 0.0000e+00 0.0000e+00 1.0539e-04 1.9643e-04 1.0539e-04 2.0301e-01 0.0000e+00
356 0.0000e+00 0.0000e+00 1.0569e-04 1.7569e-04 1.0569e-04 2.0294e-01 0.0000e+00
357 0.0000e+00 7.2300e-05 1.0592e-04 1.5741e-04 1.0592e-04 2.0289e-01 0.0000e+00
358 0.0000e+00 1.3960e-04 1.0609e-04 1.4122e-04 1.0609e-04 2.0286e-01 0.0000e+00
359 0.0000e+00 1.9750e-04 1.0621e-04 1.2683e-04 1.0621e-04 2.0284e-01 0.0000e+00
360 0.0000e+00 2.4180e-04 1.0628e-04 1.1400e-04 1.0628e-04 2.0283e-01 0.0000e+00
361 0.0000e+00 2.6750e-04 1.0630e-04 1.0256e-04 1.0630e-04 2.0283e-01 0.0000e+00
362 0.0000e+00 2.7930e-04 1.0629e-04 9.2325e-05 1.0629e-04 2.0285e-01 0.0000e+00
363 0.0000e+00 2.6750e-04 1.0624e-04 8.3170e-05 1.0624e-04 2.0287e-01 0.0000e+00
364 0.0000e+00 2.4180e-04 1.0617e-04 7.4969e-05 1.0617e-04 2.0290e-01 0.0000e+00
365 0.0000e+00 1.9750e-04 1.0606e-04 6.7616e-05 1.0606e-04 2.0294e-01 0.0000e+00
366 0.0000e+00 1.3960e-04 1.0594e-04 6.1017e-05 1.0594e-04 2.0298e-01 0.0000e+00
367 0.0000e+00 6.7600e-05 1.0579e-04 5.5092e-05 1.0579e-04 2.0303e-01 0.0000e+00
368 0.0000e+00 0.0000e+00 1.0562e-04 4.9766e-05 1.0562e-04 2.0309e-01 0.0000e+00
369 0.0000e+00 0.0000e+00 1.0544e-04 4.4977e-05 1.0544e-04 2.0315e-01 0.0000e+00
370 0.0000e+00 0.0000e+00 1.0524e-04 4.0667e-05 1.0524e-04 2.0321e-01 0.0000e+00
371 0.0000e+00 0.0000e+00 1.0503e-04 3.6787e-05 1.0503e-04 2.0328e-01 0.0000e+00
372 0.0000e+00 0.0000e+00 1.0480e-04 3.3291e-05 1.0480e-04 2.0335e-01 0.0000e+00
373 5.0000e-04 0.0000e+00 1.0457e-04 3.0140e-05 1.0457e-04 2.0343e-01 0.0000e+00
374 7.5000e-03 0.0000e+00 1.6843e-04 6.9095e-04 1.0432e-04 2.0284e-01 6.4103e-05
375 4.5000e-03 0.0000e+00 1.5492e-04 1.0777e-03 1.0625e-04 2.0187e-01 4.8665e-05
376 2.5000e-03 0.0000e+00 1.3657e-04 1.2001e-03 1.0953e-04 2.0078e-01 2.7036e-05
377 5.0000e-04 0.0000e+00 1.1873e-04 1.0946e-03 1.1333e-04 1.9980e-01 5.4073e-06
378 0.0000e+00 0.0000e+00 1.1686e-04 9.5991e-04 1.1686e-04 1.9896e-01 0.0000e+00
379 0.0000e+00 0.0000e+00 1.1998e-04 8.4809e-04 1.1998e-04 1.9823e-01 0.0000e+00
380 0.0000e+00 0.0000e+00 1.2274e-04 7.5164e-04 1.2274e-04 1.9760e-01 0.0000e+00
381 0.0000e+00 1.7400e-05 1.2517e-04 6.6751e-04 1.2517e-04 1.9706e-01 0.0000e+00
382 0.0000e+00 3.3600e-05 1.2731e-04 5.9371e-04 1.2731e-04 1.9659e-01 0.0000e+00
383 1.0000e-03 4.7500e-05 1.3944e-04 6.4083e-04 1.2918e-04 1.9608e-01 1.0263e-05
384 1.0000e-03 5.8200e-05 1.4156e-04 6.7449e-04 1.3126e-04 1.9554e-01 1.0301e-05
385 0.0000e+00 6.4300e-05 1.3351e-04 5.8945e-04 1.3351e-04 1.9508e-01 0.0000e+00
386 5.0000e-04 6.7200e-05 1.3951e-04 5.6794e-04 1.3543e-04 1.9465e-01 4.0833e-06
387 0.0000e+00 6.4300e-05 1.3727e-04 5.0081e-04 1.3727e-04 1.9428e-01 0.0000e+00
388 0.0000e+00 5.8200e-05 1.3884e-04 4.4516e-04 1.3884e-04 1.9398e-01 0.0000e+00
389 0.0000e+00 4.7500e-05 1.4017e-04 3.9638e-04 1.4017e-04 1.9372e-01 0.0000e+00
390 5.0000e-04 3.3600e-05 1.4415e-04 3.8518e-04 1.4130e-04 1.9348e-01 2.8466e-06
391 0.0000e+00 1.6300e-05 1.4238e-04 3.4067e-04 1.4238e-04 1.9328e-01 0.0000e+00
392 5.0000e-04 0.0000e+00 1.4813e-04 3.5814e-04 1.4327e-04 1.9306e-01 4.8677e-06
393 5.0000e-04 0.0000e+00 1.4971e-04 3.7477e-04 1.4423e-04 1.9283e-01 5.4756e-06
394 0.0000e+00 0.0000e+00 1.4527e-04 3.2753e-04 1.4527e-04 1.9265e-01 0.0000e+00
395 0.0000e+00 0.0000e+00 1.4610e-04 2.9061e-04 1.4610e-04 1.9251e-01 0.0000e+00
396 0.0000e+00 0.0000e+00 1.4677e-04 2.5853e-04 1.4677e-04 1.9239e-01 0.0000e+00
397 0.0000e+00 0.0000e+00 1.4728e-04 2.3042e-04 1.4728e-04 1.9231e-01 0.0000e+00
398 0.0000e+00 0.0000e+00 1.4766e-04 2.0566e-04 1.4766e-04 1.9225e-01 0.0000e+00
399 0.0000e+00 0.0000e+00 1.4793e-04 1.8377e-04 1.4793e-04 1.9222e-01 0.0000e+00
400 0.0000e+00 0.0000e+00 1.4810e-04 1.6437e-04 1.4810e-04 1.9220e-01 0.0000e+00
401 0.0000e+00 0.0000e+00 1.4817e-04 1.4715e-04 1.4817e-04 1.9220e-01 0.0000e+00
402 1.0000e-03 0.0000e+00 1.6319e-04 2.5010e-04 1.4817e-04 1.9210e-01 1.5022e-05
403 0.0000e+00 0.0000e+00 1.4864e-04 2.1450e-04 1.4864e-04 1.9203e-01 0.0000e+00
404 0.0000e+00 0.0000e+00 1.4895e-04 1.8902e-04 1.4895e-04 1.9199e-01 0.0000e+00
405 5.0000e-04 2.4600e-05 1.5664e-04 2.2660e-04 1.4913e-04 1.9192e-01 7.5108e-06
406 5.0000e-04 4.7400e-05 1.5663e-04 2.5323e-04 1.4949e-04 1.9181e-01 7.1412e-06
407 0.0000e+00 6.7100e-05 1.4998e-04 2.1977e-04 1.4998e-04 1.9174e-01 0.0000e+00
408 5.0000e-04 8.2200e-05 1.5610e-04 2.3945e-04 1.5031e-04 1.9165e-01 5.7917e-06
409 0.0000e+00 9.0900e-05 1.5073e-04 2.0865e-04 1.5073e-04 1.9160e-01 0.0000e+00
410 0.0000e+00 9.5000e-05 1.5100e-04 1.8421e-04 1.5100e-04 1.9156e-01 0.0000e+00
411 0.0000e+00 9.0900e-05 1.5116e-04 1.6320e-04 1.5116e-04 1.9155e-01 0.0000e+00
412 0.0000e+00 8.2200e-05 1.5121e-04 1.4495e-04 1.5121e-04 1.9156e-01 0.0000e+00
413 0.0000e+00 6.7100e-05 1.5118e-04 1.2899e-04 1.5118e-04 1.9158e-01 0.0000e+00
414 0.0000e+00 4.7400e-05 1.5108e-04 1.1496e-04 1.5108e-04 1.9162e-01 0.0000e+00
415 0.0000e+00 2.3000e-05 1.5091e-04 1.0260e-04 1.5091e-04 1.9166e-01 0.0000e+00
416 0.0000e+00 0.0000e+00 1.5068e-04 9.1665e-05 1.5068e-04 1.9172e-01 0.0000e+00
417 0.0000e+00 0.0000e+00 1.5040e-04 8.1982e-05 1.5040e-04 1.9179e-01 0.0000e+00
418 0.0000e+00 0.0000e+00 1.5008e-04 7.3389e-05 1.5008e-04 1.9187e-01 0.0000e+00
419 0.0000e+00 0.0000e+00 1.4972e-04 6.5753e-05 1.4972e-04 1.9195e-01 0.0000e+00
420 0.0000e+00 0.0000e+00 1.4933e-04 5.8958e-05 1.4933e-04 1.9204e-01 0.0000e+00
421 0.0000e+00 0.0000e+00 1.4891e-04 5.2903e-05 1.4891e-04 1.9214e-01 0.0000e+00
422 0.0000e+00 0.0000e+00 1.4846e-04 4.7503e-05 1.4846e-04 1.9224e-01 0.0000e+00
423 0.0000e+00 0.0000e+00 1.4799e-04 4.2683e-05 1.4799e-04 1.9235e-01 0.0000e+00
424 0.0000e+00 0.0000e+00 1.4751e-04 3.8375e-05 1.4751e-04 1.9245e-01 0.0000e+00
425 0.0000e+00 0.0000e+00 1.4701e-04 3.4522e-05 1.4701e-04 1.9257e-01 0.0000e+00
426 0.0000e+00 0.0000e+00 1.4649e-04 3.1074e-05 1.4649e-04 1.9268e-01 0.0000e+00
427 5.0000e-04 0.0000e+00 1.4596e-04 2.7985e-05 1.4596e-04 1.9280e-01 0.0000e+00
428 2.0000e-03 0.0000e+00 1.7341e-04 2.5259e-04 1.4543e-04 1.9269e-01 2.7984e-05
429 3.0000e-03 3.2600e-05 1.9051e-04 5.6130e-04 1.4591e-04 1.9228e-01 4.4598e-05
430 2.0000e-03 6.2900e-05 1.7737e-04 7.0121e-04 1.4782e-04 1.9172e-01 2.9553e-05
431 1.0000e-03 8.9000e-05 1.6448e-04 7.0815e-04 1.5040e-04 1.9117e-01 1.4077e-05
432 0.0000e+00 1.0900e-04 1.5304e-04 6.1082e-04 1.5304e-04 1.9071e-01 0.0000e+00
433 5.0000e-04 1.2060e-04 1.5979e-04 5.7012e-04 1.5525e-04 1.9029e-01 4.5394e-06
434 0.0000e+00 1.2590e-04 1.5727e-04 4.9849e-04 1.5727e-04 1.8995e-01 0.0000e+00
435 0.0000e+00 1.2060e-04 1.5896e-04 4.3873e-04 1.5896e-04 1.8967e-01 0.0000e+00
436 0.0000e+00 1.0900e-04 1.6036e-04 3.8723e-04 1.6036e-04 1.8945e-01 0.0000e+00
437 3.5000e-03 8.9000e-05 2.0695e-04 7.0780e-04 1.6150e-04 1.8890e-01 4.5449e-05
438 0.0000e+00 6.2900e-05 1.6428e-04 6.0010e-04 1.6428e-04 1.8846e-01 0.0000e+00
439 0.0000e+00 3.0500e-05 1.6653e-04 5.2445e-04 1.6653e-04 1.8811e-01 0.0000e+00
440 0.0000e+00 0.0000e+00 1.6840e-04 4.6095e-04 1.6840e-04 1.8781e-01 0.0000e+00
441 0.0000e+00 0.0000e+00 1.6995e-04 4.0657e-04 1.6995e-04 1.8758e-01 0.0000e+00
442 0.0000e+00 0.0000e+00 1.7121e-04 3.5948e-04 1.7121e-04 1.8739e-01 0.0000e+00
443 0.0000e+00 0.0000e+00 1.7222e-04 3.1842e-04 1.7222e-04 1.8724e-01 0.0000e+00
444 5.0000e-04 0.0000e+00 1.7778e-04 3.2151e-04 1.7301e-04 1.8709e-01 4.7739e-06
445 0.0000e+00 0.0000e+00 1.7381e-04 2.8228e-04 1.7381e-04 1.8699e-01 0.0000e+00
446 0.0000e+00 0.0000e+00 1.7440e-04 2.4998e-04 1.7440e-04 1.8691e-01 0.0000e+00
447 0.0000e+00 0.0000e+00 1.7482e-04 2.2187e-04 1.7482e-04 1.8686e-01 0.0000e+00
448 0.0000e+00 0.0000e+00 1.7507e-04 1.9724e-04 1.7507e-04 1.8684e-01 0.0000e+00
449 0.0000e+00 0.0000e+00 1.7520e-04 1.7556e-04 1.7520e-04 1.8684e-01 0.0000e+00
450 0.0000e+00 0.0000e+00 1.7520e-04 1.5643e-04 1.7520e-04 1.8686e-01 0.0000e+00
451 0.0000e+00 0.0000e+00 1.7509e-04 1.3952e-04 1.7509e-04 1.8689e-01 0.0000e+00
452 5.0000e-04 0.0000e+00 1.8241e-04 1.8612e-04 1.7490e-04 1.8688e-01 7.5108e-06
453 0.0000e+00 2.2400e-05 1.7496e-04 1.6060e-04 1.7496e-04 1.8690e-01 0.0000e+00
454 0.0000e+00 4.3300e-05 1.7488e-04 1.4164e-04 1.7488e-04 1.8693e-01 0.0000e+00
455 0.0000e+00 6.1200e-05 1.7470e-04 1.2549e-04 1.7470e-04 1.8698e-01 0.0000e+00
456 0.0000e+00 7.5000e-05 1.7443e-04 1.1148e-04 1.7443e-04 1.8704e-01 0.0000e+00
457 0.0000e+00 8.3000e-05 1.7409e-04 9.9224e-05 1.7409e-04 1.8712e-01 0.0000e+00
458 0.0000e+00 8.6600e-05 1.7368e-04 8.8444e-05 1.7368e-04 1.8720e-01 0.0000e+00
459 0.0000e+00 8.3000e-05 1.7322e-04 7.8933e-05 1.7322e-04 1.8730e-01 0.0000e+00
460 0.0000e+00 7.5000e-05 1.7271e-04 7.0520e-05 1.7271e-04 1.8740e-01 0.0000e+00
461 0.0000e+00 6.1200e-05 1.7216e-04 6.3063e-05 1.7216e-04 1.8751e-01 0.0000e+00
462 0.0000e+00 4.3300e-05 1.7158e-04 5.6444e-05 1.7158e-04 1.8762e-01 0.0000e+00
463 0.0000e+00 2.1000e-05 1.7096e-04 5.0559e-05 1.7096e-04 1.8774e-01 0.0000e+00
464 0.0000e+00 0.0000e+00 1.7032e-04 4.5322e-05 1.7032e-04 1.8787e-01 0.0000e+00
465 1.0000e-03 0.0000e+00 1.7489e-04 8.3289e-05 1.6965e-04 1.8796e-01 5.2400e-06
466 5.0000e-04 0.0000e+00 1.7671e-04 1.3179e-04 1.6920e-04 1.8799e-01 7.5108e-06
467 0.0000e+00 0.0000e+00 1.6900e-04 1.1113e-04 1.6900e-04 1.8805e-01 0.0000e+00
468 0.0000e+00 0.0000e+00 1.6869e-04 9.6792e-05 1.6869e-04 1.8812e-01 0.0000e+00
469 5.0000e-04 0.0000e+00 1.7582e-04 1.4594e-04 1.6831e-04 1.8815e-01 7.5108e-06
470 0.0000e+00 0.0000e+00 1.6820e-04 1.2395e-04 1.6820e-04 1.8819e-01 0.0000e+00
471 0.0000e+00 0.0000e+00 1.6796e-04 1.0823e-04 1.6796e-04 1.8825e-01 0.0000e+00
472 5.0000e-04 0.0000e+00 1.7516e-04 1.5603e-04 1.6765e-04 1.8826e-01 7.5108e-06
473 5.0000e-04 0.0000e+00 1.7510e-04 1.9385e-04 1.6759e-04 1.8823e-01 7.5108e-06
474 0.0000e+00 0.0000e+00 1.6773e-04 1.6525e-04 1.6773e-04 1.8824e-01 0.0000e+00
475 0.0000e+00 0.0000e+00 1.6771e-04 1.4418e-04 1.6771e-04 1.8826e-01 0.0000e+00
476 0.0000e+00 0.0000e+00 1.6759e-04 1.2658e-04 1.6759e-04 1.8830e-01 0.0000e+00
477 0.0000e+00 9.2000e-06 1.6738e-04 1.1156e-04 1.6738e-04 1.8836e-01 0.0000e+00
478 0.0000e+00 1.7800e-05 1.6708e-04 9.8598e-05 1.6708e-04 1.8843e-01 0.0000e+00
479 0.0000e+00 2.5200e-05 1.6673e-04 8.7335e-05 1.6673e-04 1.8851e-01 0.0000e+00
480 0.0000e+00 3.0900e-05 1.6631e-04 7.7498e-05 1.6631e-04 1.8859e-01 0.0000e+00
481 0.0000e+00 3.4200e-05 1.6585e-04 6.8875e-05 1.6585e-04 1.8869e-01 0.0000e+00
482 5.0000e-04 3.5700e-05 1.7110e-04 1.0778e-04 1.6535e-04 1.8875e-01 5.7503e-06
483 2.5000e-03 3.4200e-05 2.0207e-04 3.9117e-04 1.6505e-04 1.8852e-01 3.7018e-05
484 1.0000e-03 3.0900e-05 1.8073e-04 4.3968e-04 1.6622e-04 1.8825e-01 1.4508e-05
485 0.0000e+00 2.5200e-05 1.6765e-04 3.7323e-04 1.6765e-04 1.8804e-01 0.0000e+00
486 1.0000e-03 1.7800e-05 1.8291e-04 4.3927e-04 1.6873e-04 1.8777e-01 1.4179e-05
487 0.0000e+00 8.6000e-06 1.7016e-04 3.7631e-04 1.7016e-04 1.8757e-01 0.0000e+00
488 0.0000e+00 0.0000e+00 1.7126e-04 3.2857e-04 1.7126e-04 1.8741e-01 0.0000e+00
489 0.0000e+00 0.0000e+00 1.7211e-04 2.8836e-04 1.7211e-04 1.8729e-01 0.0000e+00
490 0.0000e+00 0.0000e+00 1.7273e-04 2.5393e-04 1.7273e-04 1.8721e-01 0.0000e+00
491 0.0000e+00 0.0000e+00 1.7317e-04 2.2417e-04 1.7317e-04 1.8716e-01 0.0000e+00
492 0.0000e+00 0.0000e+00 1.7345e-04 1.9830e-04 1.7345e-04 1.8714e-01 0.0000e+00
493 0.0000e+00 0.0000e+00 1.7358e-04 1.7570e-04 1.7358e-04 1.8713e-01 0.0000e+00
494 0.0000e+00 0.0000e+00 1.7360e-04 1.5590e-04 1.7360e-04 1.8715e-01 0.0000e+00
495 0.0000e+00 0.0000e+00 1.7350e-04 1.3851e-04 1.7350e-04 1.8719e-01 0.0000e+00
496 0.0000e+00 0.0000e+00 1.7331e-04 1.2320e-04 1.7331e-04 1.8724e-01 0.0000e+00
497 0.0000e+00 0.0000e+00 1.7304e-04 1.0969e-04 1.7304e-04 1.8730e-01 0.0000e+00
498 0.0000e+00 0.0000e+00 1.7270e-04 9.7765e-05 1.7270e-04 1.8737e-01 0.0000e+00
499 0.0000e+00 0.0000e+00 1.7229e-04 8.7212e-05 1.7229e-04 1.8746e-01 0.0000e+00
500 0.0000e+00 0.0000e+00 1.7184e-04 7.7863e-05 1.7184e-04 1.8755e-01 0.0000e+00
501 0.0000e+00 6.3800e-05 1.7133e-04 6.9572e-05 1.7133e-04 1.8766e-01 0.0000e+00
502 0.0000e+00 1.2310e-04 1.7079e-04 6.2211e-05 1.7079e-04 1.8776e-01 0.0000e+00
503 0.0000e+00 1.7420e-04 1.7021e-04 5.5668e-05 1.7021e-04 1.8788e-01 0.0000e+00
504 0.0000e+00 2.1330e-04 1.6960e-04 4.9847e-05 1.6960e-04 1.8800e-01 0.0000e+00
505 0.0000e+00 2.3600e-04 1.6897e-04 4.4665e-05 1.6897e-04 1.8812e-01 0.0000e+00
506 0.0000e+00 2.4640e-04 1.6831e-04 4.0046e-05 1.6831e-04 1.8825e-01 0.0000e+00
507 0.0000e+00 2.3600e-04 1.6764e-04 3.5927e-05 1.6764e-04 1.8838e-01 0.0000e+00
508 0.0000e+00 2.1330e-04 1.6695e-04 3.2250e-05 1.6695e-04 1.8852e-01 0.0000e+00
509 0.0000e+00 1.7420e-04 1.6625e-04 2.8966e-05 1.6625e-04 1.8865e-01 0.0000e+00
510 0.0000e+00 1.2310e-04 1.6554e-04 2.6031e-05 1.6554e-04 1.8879e-01 0.0000e+00
511 0.0000e+00 5.9600e-05 1.6482e-04 2.3405e-05 1.6482e-04 1.8894e-01 0.0000e+00
512 0.0000e+00 0.0000e+00 1.6409e-04 2.1055e-05 1.6409e-04 1.8908e-01 0.0000e+00
513 0.0000e+00 0.0000e+00 1.6336e-04 1.8951e-05 1.6336e-04 1.8922e-01 0.0000e+00
514 0.0000e+00 0.0000e+00 1.6262e-04 1.7065e-05 1.6262e-04 1.8937e-01 0.0000e+00
515 0.0000e+00 0.0000e+00 1.6189e-04 1.5374e-05 1.6189e-04 1.8952e-01 0.0000e+00
516 0.0000e+00 0.0000e+00 1.6115e-04 1.3857e-05 1.6115e-04 1.8966e-01 0.0000e+00
517 0.0000e+00 0.0000e+00 1.6041e-04 1.2495e-05 1.6041e-04 1.8981e-01 0.0000e+00
518 0.0000e+00 0.0000e+00 1.5967e-04 1.1272e-05 1.5967e-04 1.8996e-01 0.0000e+00
519 0.0000e+00 0.0000e+00 1.5893e-04 1.0173e-05 1.5893e-04 1.9011e-01 0.0000e+00
520 0.0000e+00 0.0000e+00 1.5819e-04 9.1851e-06 1.5819e-04 1.9026e-01 0.0000e+00
521 0.0000e+00 0.0000e+00 1.5746e-04 8.2964e-06 1.5746e-04 1.9041e-01 0.0000e+00
522 0.0000e+00 0.0000e+00 1.5672e-04 7.4967e-06 1.5672e-04 1.9056e-01 0.0000e+00
523 0.0000e+00 0.0000e+00 1.5599e-04 6.7763e-06 1.5599e-04 1.9070e-01 0.0000e+00
524 0.0000e+00 0.0000e+00 1.5527e-04 6.1278e-06 1.5527e-04 1.9085e-01 0.0000e+00
525 0.0000e+00 4.1700e-05 1.5455e-04 5.5434e-06 1.5455e-04 1.9100e-01 0.0000e+00
526 0.0000e+00 8.0400e-05 1.5383e-04 5.0166e-06 1.5383e-04 1.9115e-01 0.0000e+00
527 0.0000e+00 1.1380e-04 1.5311e-04 4.5414e-06 1.5311e-04 1.9130e-01 0.0000e+00
528 0.0000e+00 1.3930e-04 1.5241e-04 4.1127e-06 1.5241e-04 1.9145e-01 0.0000e+00
529 0.0000e+00 1.5420e-04 1.5170e-04 3.7257e-06 1.5170e-04 1.9160e-01 0.0000e+00
530 0.0000e+00 1.6090e-04 1.5100e-04 3.3763e-06 1.5100e-04 1.9174e-01 0.0000e+00
531 0.0000e+00 1.5420e-04 1.5031e-04 3.0606e-06 1.5031e-04 1.9189e-01 0.0000e+00
532 0.0000e+00 1.3930e-04 1.4962e-04 2.7749e-06 1.4962e-04 1.9204e-01 0.0000e+00
533 0.0000e+00 1.1380e-04 1.4893e-04 2.5171e-06 1.4893e-04 1.9218e-01 0.0000e+00
534 0.0000e+00 8.0400e-05 1.4825e-04 2.2840e-06 1.4825e-04 1.9233e-01 0.0000e+00
535 0.0000e+00 3.8900e-05 1.4758e-04 2.0731e-06 1.4758e-04 1.9248e-01 0.0000e+00
536 0.0000e+00 0.0000e+00 1.4691e-04 1.8822e-06 1.4691e-04 1.9262e-01 0.0000e+00
537 0.0000e+00 0.0000e+00 1.4624e-04 1.7094e-06 1.4624e-04 1.9277e-01 0.0000e+00
538 0.0000e+00 0.0000e+00 1.4558e-04 1.5529e-06 1.4558e-04 1.9291e-01 0.0000e+00
539 0.0000e+00 0.0000e+00 1.4493e-04 1.4111e-06 1.4493e-04 1.9305e-01 0.0000e+00
540 0.0000e+00 0.0000e+00 1.4428e-04 1.2826e-06 1.4428e-04 1.9320e-01 0.0000e+00
541 0.0000e+00 0.0000e+00 1.4364e-04 1.1661e-06 1.4364e-04 1.9334e-01 0.0000e+00
542 0.0000e+00 0.0000e+00 1.4300e-04 1.0601e-06 1.4300e-04 1.9348e-01 0.0000e+00
543 0.0000e+00 0.0000e+00 1.4237e-04 9.6435e-07 1.4237e-04 1.9362e-01 0.0000e+00
544 0.0000e+00 0.0000e+00 1.4174e-04 8.7751e-07 1.4174e-04 1.9376e-01 0.0000e+00
545 0.0000e+00 0.0000e+00 1.4112e-04 7.9869e-07 1.4112e-04 1.9390e-01 0.0000e+00
546 0.0000e+00 0.0000e+00 1.4050e-04 7.2713e-07 1.4050e-04 1.9404e-01 0.0000e+00
547 0.0000e+00 0.0000e+00 1.3989e-04 6.6214e-07 1.3989e-04 1.9418e-01 0.0000e+00
548 0.0000e+00 0.0000e+00 1.3928e-04 6.0311e-07 1.3928e-04 1.9432e-01 0.0000e+00
549 0.0000e+00 2.0700e-05 1.3868e-04 5.4947e-07 1.3868e-04 1.9446e-01 0.0000e+00
550 0.0000e+00 4.0000e-05 1.3808e-04 5.0072e-07 1.3808e-04 1.9460e-01 0.0000e+00
551 0.0000e+00 5.6600e-05 1.3749e-04 4.5563e-07 1.3749e-04 1.9473e-01 0.0000e+00
552 1.0000e-03 6.9300e-05 1.3690e-04 4.1544e-07 1.3690e-04 1.9487e-01 0.0000e+00
553 1.0000e-03 7.6600e-05 1.3632e-04 3.7887e-07 1.3632e-04 1.9501e-01 0.0000e+00
554 2.0000e-03 8.0000e-05 1.4366e-04 8.7932e-05 1.3574e-04 1.9505e-01 7.9172e-06
555 1.5000e-03 7.6600e-05 1.5089e-04 2.3956e-04 1.3554e-04 1.9495e-01 1.5357e-05
556 0.0000e+00 6.9300e-05 1.3598e-04 1.9506e-04 1.3598e-04 1.9489e-01 0.0000e+00
557 5.0000e-04 5.6600e-05 1.4006e-04 2.1153e-04 1.3623e-04 1.9482e-01 3.8306e-06
558 0.0000e+00 4.0000e-05 1.3655e-04 1.8139e-04 1.3655e-04 1.9477e-01 0.0000e+00
559 0.0000e+00 1.9400e-05 1.3674e-04 1.5883e-04 1.3674e-04 1.9475e-01 0.0000e+00
560 0.0000e+00 0.0000e+00 1.3684e-04 1.3972e-04 1.3684e-04 1.9475e-01 0.0000e+00
561 0.0000e+00 0.0000e+00 1.3685e-04 1.2333e-04 1.3685e-04 1.9476e-01 0.0000e+00
562 0.0000e+00 0.0000e+00 1.3679e-04 1.0915e-04 1.3679e-04 1.9479e-01 0.0000e+00
563 0.0000e+00 0.0000e+00 1.3667e-04 9.6804e-05 1.3667e-04 1.9483e-01 0.0000e+00
564 0.0000e+00 0.0000e+00 1.3650e-04 8.6007e-05 1.3650e-04 1.9488e-01 0.0000e+00
565 5.0000e-04 0.0000e+00 1.4044e-04 1.2252e-04 1.3629e-04 1.9489e-01 4.1537e-06
566 0.0000e+00 0.0000e+00 1.3623e-04 1.0465e-04 1.3623e-04 1.9492e-01 0.0000e+00
567 0.0000e+00 0.0000e+00 1.3609e-04 9.2348e-05 1.3609e-04 1.9497e-01 0.0000e+00
568 0.0000e+00 0.0000e+00 1.3591e-04 8.1799e-05 1.3591e-04 1.9502e-01 0.0000e+00
569 0.0000e+00 0.0000e+00 1.3568e-04 7.2651e-05 1.3568e-04 1.9508e-01 0.0000e+00
570 0.0000e+00 0.0000e+00 1.3541e-04 6.4659e-05 1.3541e-04 1.9515e-01 0.0000e+00
571 0.0000e+00 0.0000e+00 1.3511e-04 5.7641e-05 1.3511e-04 1.9523e-01 0.0000e+00
572 0.0000e+00 0.0000e+00 1.3479e-04 5.1456e-05 1.3479e-04 1.9531e-01 0.0000e+00
573 3.0000e-03 3.0500e-05 1.6795e-04 4.0315e-04 1.3444e-04 1.9505e-01 3.3515e-05
574 1.0000e-03 5.8900e-05 1.4605e-04 4.4178e-04 1.3557e-04 1.9474e-01 1.0485e-05
575 2.5000e-03 8.3300e-05 1.6442e-04 6.6711e-04 1.3687e-04 1.9421e-01 2.7550e-05
576 3.5000e-03 1.0200e-04 1.8361e-04 9.6557e-04 1.3916e-04 1.9338e-01 4.4446e-05
577 1.5000e-03 1.1290e-04 1.6042e-04 9.8555e-04 1.4280e-04 1.9254e-01 1.7616e-05
578 0.0000e+00 1.1780e-04 1.4661e-04 8.5070e-04 1.4661e-04 1.9184e-01 0.0000e+00
579 0.0000e+00 1.1290e-04 1.4987e-04 7.4582e-04 1.4987e-04 1.9124e-01 0.0000e+00
580 0.0000e+00 1.0200e-04 1.5269e-04 6.5649e-04 1.5269e-04 1.9074e-01 0.0000e+00
581 0.0000e+00 8.3300e-05 1.5511e-04 5.7951e-04 1.5511e-04 1.9031e-01 0.0000e+00
582 0.0000e+00 5.8900e-05 1.5718e-04 5.1263e-04 1.5718e-04 1.8996e-01 0.0000e+00
583 0.0000e+00 2.8500e-05 1.5894e-04 4.5422e-04 1.5894e-04 1.8966e-01 0.0000e+00
584 0.0000e+00 0.0000e+00 1.6041e-04 4.0302e-04 1.6041e-04 1.8942e-01 0.0000e+00
585 0.0000e+00 0.0000e+00 1.6163e-04 3.5802e-04 1.6163e-04 1.8922e-01 0.0000e+00
586 0.0000e+00 0.0000e+00 1.6263e-04 3.1837e-04 1.6263e-04 1.8907e-01 0.0000e+00
587 0.0000e+00 0.0000e+00 1.6342e-04 2.8338e-04 1.6342e-04 1.8895e-01 0.0000e+00
588 0.0000e+00 0.0000e+00 1.6404e-04 2.5246e-04 1.6404e-04 1.8886e-01 0.0000e+00
589 5.0000e-04 0.0000e+00 1.6449e-04 2.2510e-04 1.6449e-04 1.8880e-01 0.0000e+00
590 0.0000e+00 0.0000e+00 1.6480e-04 2.0085e-04 1.6480e-04 1.8876e-01 0.0000e+00
591 0.0000e+00 0.0000e+00 1.6499e-04 1.7935e-04 1.6499e-04 1.8875e-01 0.0000e+00
592 5.0000e-04 0.0000e+00 1.7087e-04 2.0722e-04 1.6506e-04 1.8870e-01 5.8115e-06
593 0.0000e+00 0.0000e+00 1.6528e-04 1.8117e-04 1.6528e-04 1.8869e-01 0.0000e+00
594 1.0000e-03 0.0000e+00 1.8038e-04 2.8212e-04 1.6536e-04 1.8857e-01 1.5022e-05
595 0.0000e+00 0.0000e+00 1.6597e-04 2.4091e-04 1.6597e-04 1.8850e-01 0.0000e+00
596 0.0000e+00 0.0000e+00 1.6635e-04 2.1140e-04 1.6635e-04 1.8845e-01 0.0000e+00
597 0.0000e+00 6.2600e-05 1.6659e-04 1.8654e-04 1.6659e-04 1.8843e-01 0.0000e+00
598 0.0000e+00 1.2080e-04 1.6669e-04 1.6519e-04 1.6669e-04 1.8843e-01 0.0000e+00
599 0.0000e+00 1.7090e-04 1.6669e-04 1.4662e-04 1.6669e-04 1.8845e-01 0.0000e+00
600 0.0000e+00 2.0930e-04 1.6658e-04 1.3039e-04 1.6658e-04 1.8849e-01 0.0000e+00
601 0.0000e+00 2.3150e-04 1.6639e-04 1.1612e-04 1.6639e-04 1.8854e-01 0.0000e+00
602 0.0000e+00 2.4180e-04 1.6613e-04 1.0355e-04 1.6613e-04 1.8860e-01 0.0000e+00
603 0.0000e+00 2.3150e-04 1.6581e-04 9.2438e-05 1.6581e-04 1.8868e-01 0.0000e+00
604 0.0000e+00 2.0930e-04 1.6543e-04 8.2602e-05 1.6543e-04 1.8876e-01 0.0000e+00
605 0.0000e+00 1.7090e-04 1.6500e-04 7.3880e-05 1.6500e-04 1.8885e-01 0.0000e+00
606 0.0000e+00 1.2080e-04 1.6453e-04 6.6134e-05 1.6453e-04 1.8895e-01 0.0000e+00
607 0.0000e+00 5.8500e-05 1.6402e-04 5.9246e-05 1.6402e-04 1.8905e-01 0.0000e+00
608 0.0000e+00 0.0000e+00 1.6349e-04 5.3113e-05 1.6349e-04 1.8916e-01 0.0000e+00
609 0.0000e+00 0.0000e+00 1.6293e-04 4.7648e-05 1.6293e-04 1.8928e-01 0.0000e+00
610 0.0000e+00 0.0000e+00 1.6234e-04 4.2773e-05 1.6234e-04 1.8940e-01 0.0000e+00
611 0.0000e+00 0.0000e+00 1.6173e-04 3.8420e-05 1.6173e-04 1.8952e-01 0.0000e+00
612 0.0000e+00 0.0000e+00 1.6111e-04 3.4531e-05 1.6111e-04 1.8965e-01 0.0000e+00
613 0.0000e+00 0.0000e+00 1.6048e-04 3.1053e-05 1.6048e-04 1.8978e-01 0.0000e+00
614 0.0000e+00 0.0000e+00 1.5983e-04 2.7940e-05 1.5983e-04 1.8991e-01 0.0000e+00
615 0.0000e+00 0.0000e+00 1.5917e-04 2.5153e-05 1.5917e-04 1.9004e-01 0.0000e+00
616 0.0000e+00 0.0000e+00 1.5851e-04 2.2655e-05 1.5851e-04 1.9018e-01 0.0000e+00
617 0.0000e+00 0.0000e+00 1.5783e-04 2.0415e-05 1.5783e-04 1.9032e-01 0.0000e+00
618 0.0000e+00 0.0000e+00 1.5716e-04 1.8405e-05 1.5716e-04 1.9046e-01 0.0000e+00
619 0.0000e+00 0.0000e+00 1.5648e-04 1.6601e-05 1.5648e-04 1.9060e-01 0.0000e+00
620 0.0000e+00 0.0000e+00 1.5580e-04 1.4980e-05 1.5580e-04 1.9074e-01 0.0000e+00
621 0.0000e+00 1.4200e-05 1.5511e-04 1.3524e-05 1.5511e-04 1.9088e-01 0.0000e+00
622 0.0000e+00 2.7500e-05 1.5443e-04 1.2214e-05 1.5443e-04 1.9102e-01 0.0000e+00
623 0.0000e+00 3.8900e-05 1.5374e-04 1.1036e-05 1.5374e-04 1.9116e-01 0.0000e+00
624 1.0000e-03 4.7600e-05 1.5306e-04 9.9751e-06 1.5306e-04 1.9131e-01 0.0000e+00
625 1.0000e-03 5.2700e-05 1.5354e-04 1.8224e-05 1.5238e-04 1.9144e-01 1.1614e-06
626 3.0000e-03 5.5000e-05 1.9601e-04 3.6613e-04 1.5174e-04 1.9123e-01 4.4273e-05
627 2.0000e-03 5.2700e-05 1.8197e-04 5.3039e-04 1.5276e-04 1.9085e-01 2.9217e-05
628 1.5000e-03 4.7600e-05 1.7631e-04 6.1911e-04 1.5457e-04 1.9038e-01 2.1741e-05
629 3.5000e-03 3.8900e-05 2.0869e-04 9.4148e-04 1.5683e-04 1.8960e-01 5.1860e-05
630 4.0000e-03 2.7500e-05 2.2023e-04 1.2747e-03 1.6072e-04 1.8849e-01 5.9502e-05
631 5.0000e-03 1.3300e-05 2.4111e-04 1.6892e-03 1.6642e-04 1.8696e-01 7.4694e-05
632 0.0000e+00 0.0000e+00 1.7453e-04 1.4404e-03 1.7453e-04 1.8570e-01 0.0000e+00
633 0.0000e+00 0.0000e+00 1.8157e-04 1.2560e-03 1.8157e-04 1.8462e-01 0.0000e+00
634 1.0000e-03 0.0000e+00 2.0259e-04 1.2246e-03 1.8777e-04 1.8359e-01 1.4822e-05
635 2.5000e-03 0.0000e+00 2.3151e-04 1.3840e-03 1.9396e-04 1.8240e-01 3.7554e-05
636 3.5000e-03 0.0000e+00 2.5388e-04 1.6399e-03 2.0130e-04 1.8096e-01 5.2575e-05
637 3.0000e-03 0.0000e+00 2.5562e-04 1.7916e-03 2.1056e-04 1.7938e-01 4.5065e-05
638 0.0000e+00 0.0000e+00 2.2122e-04 1.5355e-03 2.2122e-04 1.7806e-01 0.0000e+00
639 5.0000e-04 0.0000e+00 2.3801e-04 1.4084e-03 2.3050e-04 1.7688e-01 7.5108e-06
640 0.0000e+00 0.0000e+00 2.3914e-04 1.2287e-03 2.3914e-04 1.7589e-01 0.0000e+00
641 5.0000e-04 0.0000e+00 2.5445e-04 1.1456e-03 2.4665e-04 1.7499e-01 7.8014e-06
642 0.0000e+00 0.0000e+00 2.5368e-04 1.0002e-03 2.5368e-04 1.7425e-01 0.0000e+00
643 5.0000e-04 0.0000e+00 2.6958e-04 9.4498e-04 2.5967e-04 1.7356e-01 9.9118e-06
644 0.0000e+00 0.0000e+00 2.6529e-04 8.2573e-04 2.6529e-04 1.7300e-01 0.0000e+00
645 0.0000e+00 1.6900e-05 2.6998e-04 7.2566e-04 2.6998e-04 1.7255e-01 0.0000e+00
646 0.0000e+00 3.2600e-05 2.7385e-04 6.3868e-04 2.7385e-04 1.7218e-01 0.0000e+00
647 0.0000e+00 4.6100e-05 2.7699e-04 5.6277e-04 2.7699e-04 1.7190e-01 0.0000e+00
648 0.0000e+00 5.6400e-05 2.7947e-04 4.9636e-04 2.7947e-04 1.7168e-01 0.0000e+00
649 0.0000e+00 6.2400e-05 2.8137e-04 4.3816e-04 2.8137e-04 1.7152e-01 0.0000e+00
650 0.0000e+00 6.5200e-05 2.8276e-04 3.8710e-04 2.8276e-04 1.7142e-01 0.0000e+00
651 0.0000e+00 6.2400e-05 2.8368e-04 3.4225e-04 2.8368e-04 1.7136e-01 0.0000e+00
652 0.0000e+00 5.6400e-05 2.8420e-04 3.0282e-04 2.8420e-04 1.7134e-01 0.0000e+00
653 0.0000e+00 4.6100e-05 2.8436e-04 2.6814e-04 2.8436e-04 1.7136e-01 0.0000e+00
654 0.0000e+00 3.2600e-05 2.8422e-04 2.3760e-04 2.8422e-04 1.7140e-01 0.0000e+00
655 0.0000e+00 1.5800e-05 2.8381e-04 2.1069e-04 2.8381e-04 1.7148e-01 0.0000e+00
656 0.0000e+00 0.0000e+00 2.8316e-04 1.8697e-04 2.8316e-04 1.7157e-01 0.0000e+00
657 0.0000e+00 0.0000e+00 2.8231e-04 1.6603e-04 2.8231e-04 1.7169e-01 0.0000e+00
658 0.0000e+00 0.0000e+00 2.8128e-04 1.4753e-04 2.8128e-04 1.7182e-01 0.0000e+00
659 0.0000e+00 0.0000e+00 2.8011e-04 1.3119e-04 2.8011e-04 1.7197e-01 0.0000e+00
660 0.0000e+00 0.0000e+00 2.7881e-04 1.1674e-04 2.7881e-04 1.7213e-01 0.0000e+00
661 0.0000e+00 0.0000e+00 2.7740e-04 1.0394e-04 2.7740e-04 1.7231e-01 0.0000e+00
662 0.0000e+00 0.0000e+00 2.7590e-04 9.2611e-05 2.7590e-04 1.7249e-01 0.0000e+00
663 0.0000e+00 0.0000e+00 2.7433e-04 8.2568e-05 2.7433e-04 1.7268e-01 0.0000e+00
664 0.0000e+00 0.0000e+00 2.7269e-04 7.3660e-05 2.7269e-04 1.7288e-01 0.0000e+00
665 0.0000e+00 0.0000e+00 2.7100e-04 6.5754e-05 2.7100e-04 1.7309e-01 0.0000e+00
666 5.0000e-04 0.0000e+00 2.6945e-04 5.9971e-05 2.6926e-04 1.7330e-01 1.8378e-07
667 0.0000e+00 0.0000e+00 2.6751e-04 5.3458e-05 2.6751e-04 1.7351e-01 0.0000e+00
668 5.0000e-04 0.0000e+00 2.7564e-04 1.1432e-04 2.6573e-04 1.7366e-01 9.9118e-06
669 5.0000e-04 1.5300e-05 2.7438e-04 1.6126e-04 2.6447e-04 1.7377e-01 9.9118e-06
670 0.0000e+00 2.9500e-05 2.6362e-04 1.3420e-04 2.6362e-04 1.7389e-01 0.0000e+00
671 1.0000e-03 4.1700e-05 2.8149e-04 2.4243e-04 2.6256e-04 1.7391e-01 1.8936e-05
672 0.0000e+00 5.1100e-05 2.6239e-04 1.9997e-04 2.6239e-04 1.7398e-01 0.0000e+00
673 0.0000e+00 5.6500e-05 2.6188e-04 1.7181e-04 2.6188e-04 1.7407e-01 0.0000e+00
674 0.0000e+00 5.9000e-05 2.6114e-04 1.4883e-04 2.6114e-04 1.7418e-01 0.0000e+00
675 5.0000e-04 5.6500e-05 2.6602e-04 1.6829e-04 2.6023e-04 1.7427e-01 5.7889e-06
676 5.0000e-04 5.1100e-05 2.6827e-04 2.0237e-04 2.5948e-04 1.7433e-01 8.7917e-06
677 0.0000e+00 4.1700e-05 2.5902e-04 1.7112e-04 2.5902e-04 1.7442e-01 0.0000e+00
678 0.0000e+00 2.9500e-05 2.5831e-04 1.4825e-04 2.5831e-04 1.7453e-01 0.0000e+00
679 1.0000e-03 1.4300e-05 2.7482e-04 2.4508e-04 2.5742e-04 1.7454e-01 1.7401e-05
680 1.0000e-03 0.0000e+00 2.7686e-04 3.3426e-04 2.5732e-04 1.7446e-01 1.9540e-05
681 0.0000e+00 0.0000e+00 2.5794e-04 2.7866e-04 2.5794e-04 1.7444e-01 0.0000e+00
682 0.0000e+00 0.0000e+00 2.5811e-04 2.3983e-04 2.5811e-04 1.7446e-01 0.0000e+00
683 0.0000e+00 0.0000e+00 2.5796e-04 2.0792e-04 2.5796e-04 1.7451e-01 0.0000e+00
684 0.0000e+00 0.0000e+00 2.5756e-04 1.8114e-04 2.5756e-04 1.7459e-01 0.0000e+00
685 0.0000e+00 0.0000e+00 2.5694e-04 1.5837e-04 2.5694e-04 1.7468e-01 0.0000e+00
686 0.0000e+00 0.0000e+00 2.5615e-04 1.3884e-04 2.5615e-04 1.7480e-01 0.0000e+00
687 0.0000e+00 0.0000e+00 2.5522e-04 1.2199e-04 2.5522e-04 1.7493e-01 0.0000e+00
688 0.0000e+00 0.0000e+00 2.5416e-04 1.0740e-04 2.5416e-04 1.7508e-01 0.0000e+00
689 0.0000e+00 0.0000e+00 2.5299e-04 9.4700e-05 2.5299e-04 1.7524e-01 0.0000e+00
690 0.0000e+00 0.0000e+00 2.5174e-04 8.3628e-05 2.5174e-04 1.7541e-01 0.0000e+00
691 0.0000e+00 0.0000e+00 2.5043e-04 7.3950e-05 2.5043e-04 1.7558e-01 0.0000e+00
692 0.0000e+00 0.0000e+00 2.4905e-04 6.5473e-05 2.4905e-04 1.7577e-01 0.0000e+00
693 0.0000e+00 5.6100e-05 2.4762e-04 5.8033e-05 2.4762e-04 1.7596e-01 0.0000e+00
694 0.0000e+00 1.0830e-04 2.4616e-04 5.1493e-05 2.4616e-04 1.7615e-01 0.0000e+00
695 0.0000e+00 1.5320e-04 2.4467e-04 4.5736e-05 2.4467e-04 1.7635e-01 0.0000e+00
696 0.0000e+00 1.8770e-04 2.4315e-04 4.0660e-05 2.4315e-04 1.7655e-01 0.0000e+00
697 0.0000e+00 2.0760e-04 2.4162e-04 3.6180e-05 2.4162e-04 1.7676e-01 0.0000e+00
698 0.0000e+00 2.1680e-04 2.4007e-04 3.2221e-05 2.4007e-04 1.7697e-01 0.0000e+00
699 0.0000e+00 2.0760e-04 2.3852e-04 2.8718e-05 2.3852e-04 1.7718e-01 0.0000e+00
700 5.0000e-04 1.8770e-04 2.3696e-04 2.5616e-05 2.3696e-04 1.7739e-01 0.0000e+00
701 0.0000e+00 1.5320e-04 2.3540e-04 2.2866e-05 2.3540e-04 1.7760e-01 0.0000e+00
702 0.0000e+00 1.0830e-04 2.3384e-04 2.0426e-05 2.3384e-04 1.7781e-01 0.0000e+00
703 0.0000e+00 5.2400e-05 2.3229e-04 1.8259e-05 2.3229e-04 1.7803e-01 0.0000e+00
704 0.0000e+00 0.0000e+00 2.3074e-04 1.6332e-05 2.3074e-04 1.7824e-01 0.0000e+00
705 0.0000e+00 0.0000e+00 2.2920e-04 1.4618e-05 2.2920e-04 1.7846e-01 0.0000e+00
706 0.0000e+00 0.0000e+00 2.2767e-04 1.3092e-05 2.2767e-04 1.7867e-01 0.0000e+00
707 0.0000e+00 0.0000e+00 2.2614e-04 1.1733e-05 2.2614e-04 1.7889e-01 0.0000e+00
708 0.0000e+00 0.0000e+00 2.2463e-04 1.0521e-05 2.2463e-04 1.7910e-01 0.0000e+00
709 0.0000e+00 0.0000e+00 2.2314e-04 9.4385e-06 2.2314e-04 1.7931e-01 0.0000e+00
710 0.0000e+00 0.0000e+00 2.2165e-04 8.4727e-06 2.2165e-04 1.7953e-01 0.0000e+00
711 0.0000e+00 0.0000e+00 2.2018e-04 7.6099e-06 2.2018e-04 1.7974e-01 0.0000e+00
712 0.0000e+00 0.0000e+00 2.1872e-04 6.8384e-06 2.1872e-04 1.7995e-01 0.0000e+00
713 0.0000e+00 0.0000e+00 2.1728e-04 6.1483e-06 2.1728e-04 1.8016e-01 0.0000e+00
714 0.0000e+00 0.0000e+00 2.1585e-04 5.5305e-06 2.1585e-04 1.8037e-01 0.0000e+00
715 0.0000e+00 0.0000e+00 2.1443e-04 4.9771e-06 2.1443e-04 1.8058e-01 0.0000e+00
716 0.0000e+00 0.0000e+00 2.1304e-04 4.4812e-06 2.1304e-04 1.8079e-01 0.0000e+00
717 0.0000e+00 8.5600e-05 2.1165e-04 4.0366e-06 2.1165e-04 1.8100e-01 0.0000e+00
718 0.0000e+00 1.6520e-04 2.1028e-04 3.6372e-06 2.1028e-04 1.8121e-01 0.0000e+00
719 0.0000e+00 2.3380e-04 2.0893e-04 3.2792e-06 2.0893e-04 1.8141e-01 0.0000e+00
720 0.0000e+00 2.8620e-04 2.0759e-04 2.9577e-06 2.0759e-04 1.8162e-01 0.0000e+00
721 0.0000e+00 3.1670e-04 2.0627e-04 2.6689e-06 2.0627e-04 1.8182e-01 0.0000e+00
722 0.0000e+00 3.3060e-04 2.0496e-04 2.4092e-06 2.0496e-04 1.8202e-01 0.0000e+00
723 0.0000e+00 3.1670e-04 2.0367e-04 2.1756e-06 2.0367e-04 1.8222e-01 0.0000e+00
724 0.0000e+00 2.8620e-04 2.0239e-04 1.9655e-06 2.0239e-04 1.8242e-01 0.0000e+00
725 0.0000e+00 2.3380e-04 2.0112e-04 1.7763e-06 2.0112e-04 1.8262e-01 0.0000e+00
726 0.0000e+00 1.6520e-04 1.9988e-04 1.6059e-06 1.9988e-04 1.8282e-01 0.0000e+00
727 0.0000e+00 8.0000e-05 1.9864e-04 1.4524e-06 1.9864e-04 1.8302e-01 0.0000e+00
728 0.0000e+00 0.0000e+00 1.9742e-04 1.3135e-06 1.9742e-04 1.8321e-01 0.0000e+00
729 0.0000e+00 0.0000e+00 1.9621e-04 1.1888e-06 1.9621e-04 1.8341e-01 0.0000e+00
730 0.0000e+00 0.0000e+00 1.9502e-04 1.0763e-06 1.9502e-04 1.8360e-01 0.0000e+00
731 0.0000e+00 0.0000e+00 1.9384e-04 9.7483e-07 1.9384e-04 1.8380e-01 0.0000e+00
732 0.0000e+00 0.0000e+00 1.9268e-04 8.8318e-07 1.9268e-04 1.8399e-01 0.0000e+00
733 0.0000e+00 0.0000e+00 1.9153e-04 8.0040e-07 1.9153e-04 1.8418e-01 0.0000e+00
734 0.0000e+00 0.0000e+00 1.9039e-04 7.2561e-07 1.9039e-04 1.8437e-01 0.0000e+00
735 0.0000e+00 0.0000e+00 1.8926e-04 6.5801e-07 1.8926e-04 1.8456e-01 0.0000e+00
736 0.0000e+00 0.0000e+00 1.8815e-04 5.9689e-07 1.8815e-04 1.8474e-01 0.0000e+00
737 0.0000e+00 0.0000e+00 1.8705e-04 5.4080e-07 1.8705e-04 1.8493e-01 0.0000e+00
738 0.0000e+00 0.0000e+00 1.8597e-04 4.9091e-07 1.8597e-04 1.8512e-01 0.0000e+00
739 0.0000e+00 0.0000e+00 1.8489e-04 4.4575e-07 1.8489e-04 1.8530e-01 0.0000e+00
740 0.0000e+00 0.0000e+00 1.8383e-04 4.0485e-07 1.8383e-04 1.8548e-01 0.0000e+00
741 0.0000e+00 7.4700e-05 1.8278e-04 3.6781e-07 1.8278e-04 1.8567e-01 0.0000e+00
742 0.0000e+00 1.4410e-04 1.8174e-04 3.3425e-07 1.8174e-04 1.8585e-01 0.0000e+00
743 0.0000e+00 2.0380e-04 1.8071e-04 3.0383e-07 1.8071e-04 1.8603e-01 0.0000e+00
744 0.0000e+00 2.4960e-04 1.7970e-04 2.7625e-07 1.7970e-04 1.8621e-01 0.0000e+00
745 0.0000e+00 2.7610e-04 1.7869e-04 2.5124e-07 1.7869e-04 1.8639e-01 0.0000e+00
746 0.0000e+00 2.8830e-04 1.7770e-04 2.2855e-07 1.7770e-04 1.8656e-01 0.0000e+00
747 0.0000e+00 2.7610e-04 1.7671e-04 2.0690e-07 1.7671e-04 1.8674e-01 0.0000e+00
748 0.0000e+00 2.4960e-04 1.7574e-04 1.8836e-07 1.7574e-04 1.8692e-01 0.0000e+00
749 0.0000e+00 2.0380e-04 1.7478e-04 1.7152e-07 1.7478e-04 1.8709e-01 0.0000e+00
750 0.0000e+00 1.4410e-04 1.7383e-04 1.5622e-07 1.7383e-04 1.8726e-01 0.0000e+00
751 0.0000e+00 6.9800e-05 1.7289e-04 1.4231e-07 1.7289e-04 1.8744e-01 0.0000e+00
752 0.0000e+00 0.0000e+00 1.7196e-04 1.2968e-07 1.7196e-04 1.8761e-01 0.0000e+00
753 0.0000e+00 0.0000e+00 1.7104e-04 1.1819e-07 1.7104e-04 1.8778e-01 0.0000e+00
754 0.0000e+00 0.0000e+00 1.7013e-04 1.0774e-07 1.7013e-04 1.8795e-01 0.0000e+00
755 0.0000e+00 0.0000e+00 1.6922e-04 9.8234e-08 1.6922e-04 1.8812e-01 0.0000e+00
756 0.0000e+00 0.0000e+00 1.6833e-04 8.8150e-08 1.6833e-04 1.8829e-01 0.0000e+00
757 0.0000e+00 0.0000e+00 1.6745e-04 8.0455e-08 1.6745e-04 1.8845e-01 0.0000e+00
758 0.0000e+00 0.0000e+00 1.6658e-04 7.3446e-08 1.6658e-04 1.8862e-01 0.0000e+00
759 0.0000e+00 0.0000e+00 1.6571e-04 6.7060e-08 1.6571e-04 1.8879e-01 0.0000e+00
760 0.0000e+00 0.0000e+00 1.6486e-04 6.1240e-08 1.6486e-04 1.8895e-01 0.0000e+00
761 0.0000e+00 0.0000e+00 1.6401e-04 5.5935e-08 1.6401e-04 1.8912e-01 0.0000e+00
762 0.0000e+00 0.0000e+00 1.6317e-04 5.1099e-08 1.6317e-04 1.8928e-01 0.0000e+00
763 0.0000e+00 0.0000e+00 1.6234e-04 4.6689e-08 1.6234e-04 1.8944e-01 0.0000e+00
764 0.0000e+00 0.0000e+00 1.6152e-04 4.2667e-08 1.6152e-04 1.8960e-01 0.0000e+00
765 0.0000e+00 9.6700e-05 1.6071e-04 3.8999e-08 1.6071e-04 1.8976e-01 0.0000e+00
766 0.0000e+00 1.8660e-04 1.5990e-04 3.4165e-08 1.5990e-04 1.8992e-01 0.0000e+00
767 0.0000e+00 2.6400e-04 1.5911e-04 3.1273e-08 1.5911e-04 1.9008e-01 0.0000e+00
768 0.0000e+00 3.2330e-04 1.5832e-04 2.8629e-08 1.5832e-04 1.9024e-01 0.0000e+00
769 0.0000e+00 3.5770e-04 1.5754e-04 2.6212e-08 1.5754e-04 1.9040e-01 0.0000e+00
770 0.0000e+00 3.7350e-04 1.5676e-04 2.4003e-08 1.5676e-04 1.9055e-01 0.0000e+00
771 0.0000e+00 3.5770e-04 1.5600e-04 2.1983e-08 1.5600e-04 1.9071e-01 0.0000e+00
772 0.0000e+00 3.2330e-04 1.5524e-04 2.0136e-08 1.5524e-04 1.9087e-01 0.0000e+00
773 0.0000e+00 2.6400e-04 1.5449e-04 1.8447e-08 1.5449e-04 1.9102e-01 0.0000e+00
774 0.0000e+00 1.8660e-04 1.5374e-04 1.6901e-08 1.5374e-04 1.9117e-01 0.0000e+00
775 0.0000e+00 9.0400e-05 1.5301e-04 1.5488e-08 1.5301e-04 1.9133e-01 0.0000e+00
776 0.0000e+00 0.0000e+00 1.5228e-04 1.2865e-08 1.5228e-04 1.9148e-01 0.0000e+00
777 0.0000e+00 0.0000e+00 1.5155e-04 1.1812e-08 1.5155e-04 1.9163e-01 0.0000e+00
778 0.0000e+00 0.0000e+00 1.5084e-04 1.0847e-08 1.5084e-04 1.9178e-01 0.0000e+00
779 0.0000e+00 0.0000e+00 1.5013e-04 9.9614e-09 1.5013e-04 1.9193e-01 0.0000e+00
780 0.0000e+00 0.0000e+00 1.4942e-04 9.1493e-09 1.4942e-04 1.9208e-01 0.0000e+00
781 0.0000e+00 0.0000e+00 1.4873e-04 8.4042e-09 1.4873e-04 1.9223e-01 0.0000e+00
782 0.0000e+00 0.0000e+00 1.4804e-04 7.7206e-09 1.4804e-04 1.9238e-01 0.0000e+00
783 0.0000e+00 0.0000e+00 1.4736e-04 7.0933e-09 1.4736e-04 1.9253e-01 0.0000e+00
784 0.0000e+00 0.0000e+00 1.4668e-04 6.5176e-09 1.4668e-04 1.9267e-01 0.0000e+00
785 0.0000e+00 0.0000e+00 1.4601e-04 5.9893e-09 1.4601e-04 1.9282e-01 0.0000e+00
786 0.0000e+00 0.0000e+00 1.4534e-04 4.5024e-09 1.4534e-04 1.9296e-01 0.0000e+00
787 0.0000e+00 0.0000e+00 1.4468e-04 4.1479e-09 1.4468e-04 1.9311e-01 0.0000e+00
788 0.0000e+00 0.0000e+00 1.4403e-04 3.8216e-09 1.4403e-04 1.9325e-01 0.0000e+00
789 0.0000e+00 1.2590e-04 1.4339e-04 3.5213e-09 1.4339e-04 1.9340e-01 0.0000e+00
790 0.0000e+00 2.4290e-04 1.4274e-04 3.2448e-09 1.4274e-04 1.9354e-01 0.0000e+00
791 0.0000e+00 3.4370e-04 1.4211e-04 2.9902e-09 1.4211e-04 1.9368e-01 0.0000e+00
792 0.0000e+00 4.2090e-04 1.4148e-04 2.7558e-09 1.4148e-04 1.9382e-01 0.0000e+00
793 0.0000e+00 4.6560e-04 1.4086e-04 2.5400e-09 1.4086e-04 1.9396e-01 0.0000e+00
794 0.0000e+00 4.8620e-04 1.4024e-04 2.3412e-09 1.4024e-04 1.9410e-01 0.0000e+00
795 0.0000e+00 4.6560e-04 1.3962e-04 1.4632e-09 1.3962e-04 1.9424e-01 0.0000e+00
796 0.0000e+00 4.2090e-04 1.3902e-04 1.3527e-09 1.3902e-04 1.9438e-01 0.0000e+00
797 0.0000e+00 3.4370e-04 1.3841e-04 1.2507e-09 1.3841e-04 1.9452e-01 0.0000e+00
798 0.0000e+00 2.4290e-04 1.3782e-04 1.1564e-09 1.3782e-04 1.9466e-01 0.0000e+00
799 0.0000e+00 1.1760e-04 1.3722e-04 1.0692e-09 1.3722e-04 1.9479e-01 0.0000e+00
800 0.0000e+00 0.0000e+00 1.3664e-04 9.8873e-10 1.3664e-04 1.9493e-01 0.0000e+00
801 0.0000e+00 0.0000e+00 1.3605e-04 9.1433e-10 1.3605e-04 1.9507e-01 0.0000e+00
802 0.0000e+00 0.0000e+00 1.3548e-04 8.4558e-10 1.3548e-04 1.9520e-01 0.0000e+00
803 0.0000e+00 0.0000e+00 1.3490e-04 7.8203e-10 1.3490e-04 1.9534e-01 0.0000e+00
804 0.0000e+00 0.0000e+00 1.3434e-04 7.2331e-10 1.3434e-04 1.9547e-01 0.0000e+00
805 0.0000e+00 0.0000e+00 1.3377e-04 6.6903e-10 1.3377e-04 1.9561e-01 0.0000e+00
806 0.0000e+00 0.0000e+00 1.3322e-04 2.8831e-10 1.3322e-04 1.9574e-01 0.0000e+00
807 0.0000e+00 0.0000e+00 1.3266e-04 2.6758e-10 1.3266e-04 1.9587e-01 0.0000e+00
808 0.0000e+00 0.0000e+00 1.3211e-04 2.4835e-10 1.3211e-04 1.9600e-01 0.0000e+00
809 0.0000e+00 0.0000e+00 1.3157e-04 2.3051e-10 1.3157e-04 1.9614e-01 0.0000e+00
810 0.0000e+00 0.0000e+00 1.3103e-04 2.1396e-10 1.3103e-04 1.9627e-01 0.0000e+00
811 0.0000e+00 0.0000e+00 1.3049e-04 1.9861e-10 1.3049e-04 1.9640e-01 0.0000e+00
812 0.0000e+00 0.0000e+00 1.2996e-04 1.8436e-10 1.2996e-04 1.9653e-01 0.0000e+00
813 0.0000e+00 3.0400e-05 1.2944e-04 1.7115e-10 1.2944e-04 1.9666e-01 0.0000e+00
814 0.0000e+00 5.8700e-05 1.2891e-04 1.5889e-10 1.2891e-04 1.9679e-01 0.0000e+00
815 0.0000e+00 8.3100e-05 1.2840e-04 1.4751e-10 1.2840e-04 1.9691e-01 0.0000e+00
816 0.0000e+00 1.0180e-04 1.2788e-04 2.9851e-11 1.2788e-04 1.9704e-01 0.0000e+00
817 0.0000e+00 1.1260e-04 1.2737e-04 2.7814e-11 1.2737e-04 1.9717e-01 0.0000e+00
818 0.0000e+00 1.1760e-04 1.2687e-04 2.5917e-11 1.2687e-04 1.9730e-01 0.0000e+00
819 0.0000e+00 1.1260e-04 1.2636e-04 2.4150e-11 1.2636e-04 1.9742e-01 0.0000e+00
820 0.0000e+00 1.0180e-04 1.2587e-04 2.2504e-11 1.2587e-04 1.9755e-01 0.0000e+00
821 0.0000e+00 8.3100e-05 1.2537e-04 2.0971e-11 1.2537e-04 1.9767e-01 0.0000e+00
822 0.0000e+00 5.8700e-05 1.2488e-04 1.9543e-11 1.2488e-04 1.9780e-01 0.0000e+00
823 0.0000e+00 2.8400e-05 1.2439e-04 1.8213e-11 1.2439e-04 1.9792e-01 0.0000e+00
824 0.0000e+00 0.0000e+00 1.2391e-04 1.6974e-11 1.2391e-04 1.9805e-01 0.0000e+00
825 0.0000e+00 0.0000e+00 1.2343e-04 1.5820e-11 1.2343e-04 1.9817e-01 0.0000e+00
826 0.0000e+00 0.0000e+00 1.2296e-04 0.0000e+00 1.2296e-04 1.9829e-01 0.0000e+00
827 0.0000e+00 0.0000e+00 1.2249e-04 0.0000e+00 1.2249e-04 1.9842e-01 0.0000e+00
828 0.0000e+00 0.0000e+00 1.2202e-04 0.0000e+00 1.2202e-04 1.9854e-01 0.0000e+00
829 0.0000e+00 0.0000e+00 1.2155e-04 0.0000e+00 1.2155e-04 1.9866e-01 0.0000e+00
830 0.0000e+00 0.0000e+00 1.2109e-04 0.0000e+00 1.2109e-04 1.9878e-01 0.0000e+00
831 0.0000e+00 0.0000e+00 1.2064e-04 0.0000e+00 1.2064e-04 1.9890e-01 0.0000e+00
832 0.0000e+00 0.0000e+00 1.2018e-04 0.0000e+00 1.2018e-04 1.9902e-01 0.0000e+00
833 0.0000e+00 0.0000e+00 1.1973e-04 0.0000e+00 1.1973e-04 1.9914e-01 0.0000e+00
834 0.0000e+00 0.0000e+00 1.1928e-04 0.0000e+00 1.1928e-04 1.9926e-01 0.0000e+00
835 0.0000e+00 0.0000e+00 1.1884e-04 0.0000e+00 1.1884e-04 1.9938e-01 0.0000e+00
836 0.0000e+00 0.0000e+00 1.1840e-04 0.0000e+00 1.1840e-04 1.9950e-01 0.0000e+00
837 0.0000e+00 6.6100e-05 1.1796e-04 0.0000e+00 1.1796e-04 1.9962e-01 0.0000e+00
838 0.0000e+00 1.2750e-04 1.1753e-04 0.0000e+00 1.1753e-04 1.9973e-01 0.0000e+00
839 0.0000e+00 1.8040e-04 1.1710e-04 0.0000e+00 1.1710e-04 1.9985e-01 0.0000e+00
840 0.0000e+00 2.2090e-04 1.1667e-04 0.0000e+00 1.1667e-04 1.9997e-01 0.0000e+00
841 0.0000e+00 2.4430e-04 1.1625e-04 0.0000e+00 1.1625e-04 2.0008e-01 0.0000e+00
842 0.0000e+00 2.5510e-04 1.1582e-04 0.0000e+00 1.1582e-04 2.0020e-01 0.0000e+00
843 0.0000e+00 2.4430e-04 1.1541e-04 0.0000e+00 1.1541e-04 2.0031e-01 0.0000e+00
844 0.0000e+00 2.2090e-04 1.1499e-04 0.0000e+00 1.1499e-04 2.0043e-01 0.0000e+00
845 0.0000e+00 1.8040e-04 1.1458e-04 0.0000e+00 1.1458e-04 2.0054e-01 0.0000e+00
846 0.0000e+00 1.2750e-04 1.1417e-04 0.0000e+00 1.1417e-04 2.0066e-01 0.0000e+00
847 0.0000e+00 6.1700e-05 1.1376e-04 0.0000e+00 1.1376e-04 2.0077e-01 0.0000e+00
848 0.0000e+00 0.0000e+00 1.1336e-04 0.0000e+00 1.1336e-04 2.0089e-01 0.0000e+00
849 0.0000e+00 0.0000e+00 1.1296e-04 0.0000e+00 1.1296e-04 2.0100e-01 0.0000e+00
850 0.0000e+00 0.0000e+00 1.1256e-04 0.0000e+00 1.1256e-04 2.0111e-01 0.0000e+00
851 0.0000e+00 0.0000e+00 1.1216e-04 0.0000e+00 1.1216e-04 2.0122e-01 0.0000e+00
852 0.0000e+00 0.0000e+00 1.1177e-04 0.0000e+00 1.1177e-04 2.0133e-01 0.0000e+00
853 0.0000e+00 0.0000e+00 1.1138e-04 0.0000e+00 1.1138e-04 2.0145e-01 0.0000e+00
854 0.0000e+00 0.0000e+00 1.1099e-04 0.0000e+00 1.1099e-04 2.0156e-01 0.0000e+00
855 0.0000e+00 0.0000e+00 1.1061e-04 0.0000e+00 1.1061e-04 2.0167e-01 0.0000e+00
856 0.0000e+00 0.0000e+00 1.1023e-04 0.0000e+00 1.1023e-04 2.0178e-01 0.0000e+00
857 0.0000e+00 0.0000e+00 1.0985e-04 0.0000e+00 1.0985e-04 2.0189e-01 0.0000e+00
858 0.0000e+00 0.0000e+00 1.0947e-04 0.0000e+00 1.0947e-04 2.0200e-01 0.0000e+00
859 0.0000e+00 0.0000e+00 1.0910e-04 0.0000e+00 1.0910e-04 2.0211e-01 0.0000e+00
860 0.0000e+00 0.0000e+00 1.0873e-04 0.0000e+00 1.0873e-04 2.0221e-01 0.0000e+00
861 0.0000e+00 9.7600e-05 1.0836e-04 0.0000e+00 1.0836e-04 2.0232e-01 0.0000e+00
862 0.0000e+00 1.8830e-04 1.0799e-04 0.0000e+00 1.0799e-04 2.0243e-01 0.0000e+00
863 0.0000e+00 2.6650e-04 1.0763e-04 0.0000e+00 1.0763e-04 2.0254e-01 0.0000e+00
864 0.0000e+00 3.2630e-04 1.0727e-04 0.0000e+00 1.0727e-04 2.0265e-01 0.0000e+00
865 0.0000e+00 3.6100e-04 1.0691e-04 0.0000e+00 1.0691e-04 2.0275e-01 0.0000e+00
866 0.0000e+00 3.7690e-04 1.0655e-04 0.0000e+00 1.0655e-04 2.0286e-01 0.0000e+00
867 0.0000e+00 3.6100e-04 1.0620e-04 0.0000e+00 1.0620e-04 2.0297e-01 0.0000e+00
868 0.0000e+00 3.2630e-04 1.0585e-04 0.0000e+00 1.0585e-04 2.0307e-01 0.0000e+00
869 0.0000e+00 2.6650e-04 1.0550e-04 0.0000e+00 1.0550e-04 2.0318e-01 0.0000e+00
870 0.0000e+00 1.8830e-04 1.0515e-04 0.0000e+00 1.0515e-04 2.0328e-01 0.0000e+00
871 0.0000e+00 9.1200e-05 1.0480e-04 0.0000e+00 1.0480e-04 2.0339e-01 0.0000e+00
872 0.0000e+00 0.0000e+00 1.0446e-04 0.0000e+00 1.0446e-04 2.0349e-01 0.0000e+00
873 0.0000e+00 0.0000e+00 1.0412e-04 0.0000e+00 1.0412e-04 2.0360e-01 0.0000e+00
874 0.0000e+00 0.0000e+00 1.0378e-04 0.0000e+00 1.0378e-04 2.0370e-01 0.0000e+00
875 0.0000e+00 0.0000e+00 1.0345e-04 0.0000e+00 1.0345e-04 2.0380e-01 0.0000e+00
876 0.0000e+00 0.0000e+00 1.0311e-04 0.0000e+00 1.0311e-04 2.0391e-01 0.0000e+00
877 0.0000e+00 0.0000e+00 1.0278e-04 0.0000e+00 1.0278e-04 2.0401e-01 0.0000e+00
878 0.0000e+00 0.0000e+00 1.0245e-04 0.0000e+00 1.0245e-04 2.0411e-01 0.0000e+00
879 0.0000e+00 0.0000e+00 1.0212e-04 0.0000e+00 1.0212e-04 2.0421e-01 0.0000e+00
880 0.0000e+00 0.0000e+00 1.0180e-04 0.0000e+00 1.0180e-04 2.0432e-01 0.0000e+00
881 0.0000e+00 0.0000e+00 1.0148e-04 0.0000e+00 1.0148e-04 2.0442e-01 0.0000e+00
882 0.0000e+00 0.0000e+00 1.0115e-04 0.0000e+00 1.0115e-04 2.0452e-01 0.0000e+00
883 0.0000e+00 0.0000e+00 1.0083e-04 0.0000e+00 1.0083e-04 2.0462e-01 0.0000e+00
884 0.0000e+00 0.0000e+00 1.0052e-04 0.0000e+00 1.0052e-04 2.0472e-01 0.0000e+00
885 0.0000e+00 6.4300e-05 1.0020e-04 0.0000e+00 1.0020e-04 2.0482e-01 0.0000e+00
886 0.0000e+00 1.2410e-04 9.9889e-05 0.0000e+00 9.9889e-05 2.0492e-01 0.0000e+00
887 0.0000e+00 1.7560e-04 9.9578e-05 0.0000e+00 9.9578e-05 2.0502e-01 0.0000e+00
888 0.0000e+00 2.1500e-04 9.9268e-05 0.0000e+00 9.9268e-05 2.0512e-01 0.0000e+00
889 0.0000e+00 2.3790e-04 9.8961e-05 0.0000e+00 9.8961e-05 2.0522e-01 0.0000e+00
890 0.0000e+00 2.4840e-04 9.8655e-05 0.0000e+00 9.8655e-05 2.0532e-01 0.0000e+00
891 0.0000e+00 2.3790e-04 9.8352e-05 0.0000e+00 9.8352e-05 2.0541e-01 0.0000e+00
892 0.0000e+00 2.1500e-04 9.8050e-05 0.0000e+00 9.8050e-05 2.0551e-01 0.0000e+00
893 0.0000e+00 1.7560e-04 9.7750e-05 0.0000e+00 9.7750e-05 2.0561e-01 0.0000e+00
894 0.0000e+00 1.2410e-04 9.7452e-05 0.0000e+00 9.7452e-05 2.0571e-01 0.0000e+00
895 0.0000e+00 6.0100e-05 9.7155e-05 0.0000e+00 9.7155e-05 2.0580e-01 0.0000e+00
896 0.0000e+00 0.0000e+00 9.6861e-05 0.0000e+00 9.6861e-05 2.0590e-01 0.0000e+00
897 0.0000e+00 0.0000e+00 9.6568e-05 0.0000e+00 9.6568e-05 2.0600e-01 0.0000e+00
898 0.0000e+00 0.0000e+00 9.6277e-05 0.0000e+00 9.6277e-05 2.0609e-01 0.0000e+00
899 0.0000e+00 0.0000e+00 9.5988e-05 0.0000e+00 9.5988e-05 2.0619e-01 0.0000e+00
900 0.0000e+00 0.0000e+00 9.5700e-05 0.0000e+00 9.5700e-05 2.0629e-01 0.0000e+00
901 0.0000e+00 0.0000e+00 9.5415e-05 0.0000e+00 9.5415e-05 2.0638e-01 0.0000e+00
902 0.0000e+00 0.0000e+00 9.5131e-05 0.0000e+00 9.5131e-05 2.0648e-01 0.0000e+00
903 0.0000e+00 0.0000e+00 9.4848e-05 0.0000e+00 9.4848e-05 2.0657e-01 0.0000e+00
904 0.0000e+00 0.0000e+00 9.4567e-05 0.0000e+00 9.4567e-05 2.0667e-01 0.0000e+00
905 0.0000e+00 0.0000e+00 9.4288e-05 0.0000e+00 9.4288e-05 2.0676e-01 0.0000e+00
906 0.0000e+00 0.0000e+00 9.4011e-05 0.0000e+00 9.4011e-05 2.0685e-01 0.0000e+00
907 0.0000e+00 0.0000e+00 9.3735e-05 0.0000e+00 9.3735e-05 2.0695e-01 0.0000e+00
908 0.0000e+00 0.0000e+00 9.3461e-05 0.0000e+00 9.3461e-05 2.0704e-01 0.0000e+00
909 0.0000e+00 8.0200e-05 9.3188e-05 0.0000e+00 9.3188e-05 2.0713e-01 0.0000e+00
910 0.0000e+00 1.5480e-04 9.2917e-05 0.0000e+00 9.2917e-05 2.0723e-01 0.0000e+00
911 0.0000e+00 2.1910e-04 9.2648e-05 0.0000e+00 9.2648e-05 2.0732e-01 0.0000e+00
912 0.0000e+00 2.6830e-04 9.2380e-05 0.0000e+00 9.2380e-05 2.0741e-01 0.0000e+00
913 0.0000e+00 2.9680e-04 9.2114e-05 0.0000e+00 9.2114e-05 2.0750e-01 0.0000e+00
914 0.0000e+00 3.0990e-04 9.1849e-05 0.0000e+00 9.1849e-05 2.0760e-01 0.0000e+00
915 0.0000e+00 2.9680e-04 9.1586e-05 0.0000e+00 9.1586e-05 2.0769e-01 0.0000e+00
916 0.0000e+00 2.6830e-04 9.1324e-05 0.0000e+00 9.1324e-05 2.0778e-01 0.0000e+00
917 0.0000e+00 2.1910e-04 9.1064e-05 0.0000e+00 9.1064e-05 2.0787e-01 0.0000e+00
918 0.0000e+00 1.5480e-04 9.0805e-05 0.0000e+00 9.0805e-05 2.0796e-01 0.0000e+00
919 0.0000e+00 7.5000e-05 9.0548e-05 0.0000e+00 9.0548e-05 2.0805e-01 0.0000e+00
920 0.0000e+00 0.0000e+00 9.0292e-05 0.0000e+00 9.0292e-05 2.0814e-01 0.0000e+00
921 0.0000e+00 0.0000e+00 9.0038e-05 0.0000e+00 9.0038e-05 2.0823e-01 0.0000e+00
922 0.0000e+00 0.0000e+00 8.9785e-05 0.0000e+00 8.9785e-05 2.0832e-01 0.0000e+00
923 0.0000e+00 0.0000e+00 8.9533e-05 0.0000e+00 8.9533e-05 2.0841e-01 0.0000e+00
924 0.0000e+00 0.0000e+00 8.9283e-05 0.0000e+00 8.9283e-05 2.0850e-01 0.0000e+00
925 0.0000e+00 0.0000e+00 8.9034e-05 0.0000e+00 8.9034e-05 2.0859e-01 0.0000e+00
926 0.0000e+00 0.0000e+00 8.8787e-05 0.0000e+00 8.8787e-05 2.0868e-01 0.0000e+00
927 0.0000e+00 0.0000e+00 8.8541e-05 0.0000e+00 8.8541e-05 2.0877e-01 0.0000e+00
928 0.0000e+00 0.0000e+00 8.8296e-05 0.0000e+00 8.8296e-05 2.0886e-01 0.0000e+00
929 0.0000e+00 0.0000e+00 8.8053e-05 0.0000e+00 8.8053e-05 2.0894e-01 0.0000e+00
930 0.0000e+00 0.0000e+00 8.7811e-05 0.0000e+00 8.7811e-05 2.0903e-01 0.0000e+00
931 0.0000e+00 0.0000e+00 8.7570e-05 0.0000e+00 8.7570e-05 2.0912e-01 0.0000e+00
932 0.0000e+00 0.0000e+00 8.7331e-05 0.0000e+00 8.7331e-05 2.0921e-01 0.0000e+00
933 0.0000e+00 9.6000e-05 8.7093e-05 0.0000e+00 8.7093e-05 2.0929e-01 0.0000e+00
934 0.0000e+00 1.8520e-04 8.6856e-05 0.0000e+00 8.6856e-05 2.0938e-01 0.0000e+00
935 0.0000e+00 2.6210e-04 8.6621e-05 0.0000e+00 8.6621e-05 2.0947e-01 0.0000e+00
936 0.0000e+00 3.2090e-04 8.6387e-05 0.0000e+00 8.6387e-05 2.0955e-01 0.0000e+00
937 0.0000e+00 3.5500e-04 8.6154e-05 0.0000e+00 8.6154e-05 2.0964e-01 0.0000e+00
938 0.0000e+00 3.7070e-04 8.5922e-05 0.0000e+00 8.5922e-05 2.0973e-01 0.0000e+00
939 0.0000e+00 3.5500e-04 8.5692e-05 0.0000e+00 8.5692e-05 2.0981e-01 0.0000e+00
940 0.0000e+00 3.2090e-04 8.5462e-05 0.0000e+00 8.5462e-05 2.0990e-01 0.0000e+00
941 0.0000e+00 2.6210e-04 8.5235e-05 0.0000e+00 8.5235e-05 2.0998e-01 0.0000e+00
942 0.0000e+00 1.8520e-04 8.5008e-05 0.0000e+00 8.5008e-05 2.1007e-01 0.0000e+00
943 0.0000e+00 8.9700e-05 8.4782e-05 0.0000e+00 8.4782e-05 2.1015e-01 0.0000e+00
944 0.0000e+00 0.0000e+00 8.4558e-05 0.0000e+00 8.4558e-05 2.1024e-01 0.0000e+00
945 0.0000e+00 0.0000e+00 8.4335e-05 0.0000e+00 8.4335e-05 2.1032e-01 0.0000e+00
946 0.0000e+00 0.0000e+00 8.4113e-05 0.0000e+00 8.4113e-05 2.1040e-01 0.0000e+00
947 0.0000e+00 0.0000e+00 8.3892e-05 0.0000e+00 8.3892e-05 2.1049e-01 0.0000e+00
948 0.0000e+00 0.0000e+00 8.3672e-05 0.0000e+00 8.3672e-05 2.1057e-01 0.0000e+00
949 0.0000e+00 0.0000e+00 8.3454e-05 0.0000e+00 8.3454e-05 2.1066e-01 0.0000e+00
950 0.0000e+00 0.0000e+00 8.3237e-05 0.0000e+00 8.3237e-05 2.1074e-01 0.0000e+00
Objective function values:
F1 1.632766e-06    NSE 0.71932   F2 2.952864e-02
Mean Obs Q 1.590065e-04   Variance Obs Q 6.123405e-09
    Error Variance 1.718701e-09

Water Balance for Subcatchment: Extracted study basin: Taegu Pyungkwang River

   SUMP       SUMAE      SUMQ       SUMRZ      SUMUZ      SBAR        BAL
1.890e-01  4.553e-02  1.235e-01  1.928e-02  0.000e+00  2.107e-01  7.562e-03
