1 0.000033 0.000033
2 0.000032 0.000033
3 0.000033 0.000033
4 0.000033 0.000033
5 0.000035 0.000043
6 0.000036 0.000039
7 0.000036 0.000039
8 0.000036 0.000033
9 0.000035 0.000039
10 0.000035 0.000040
11 0.000036 0.000033
12 0.000035 0.000033
13 0.000035 0.000047
14 0.000036 0.000040
15 0.000037 0.000041
16 0.000037 0.000049
17 0.000037 0.000035
18 0.000037 0.000035
19 0.000036 0.000035
20 0.000035 0.000035
21 0.000035 0.000036
22 0.000034 0.000036
23 0.000034 0.000036
24 0.000036 0.000085
25 0.000042 0.000070
26 0.000058 0.000130
27 0.000086 0.000139
28 0.000105 0.000056
29 0.000091 0.000083
30 0.000076 0.000044
31 0.000064 0.000046
32 0.000056 0.000063
33 0.000054 0.000057
34 0.000052 0.000051
35 0.000050 0.000052
36 0.000049 0.000054
37 0.000048 0.000055
38 0.000048 0.000056
39 0.000048 0.000057
40 0.000048 0.000058
41 0.000047 0.000059
42 0.000046 0.000060
43 0.000046 0.000061
44 0.000046 0.000061
45 0.000046 0.000062
46 0.000048 0.000079
47 0.000049 0.000063
48 0.000049 0.000069
49 0.000049 0.000064
50 0.000049 0.000078
51 0.000053 0.000108
52 0.000063 0.000121
53 0.000079 0.000116
54 0.000090 0.000130
55 0.000098 0.000123
56 0.000103 0.000116
57 0.000103 0.000099
58 0.000095 0.000102
59 0.000086 0.000084
60 0.000082 0.000098
61 0.000082 0.000100
62 0.000082 0.000093
63 0.000084 0.000095
64 0.000087 0.000097
65 0.000090 0.000099
66 0.000093 0.000101
67 0.000097 0.000102
68 0.000101 0.000103
69 0.000105 0.000105
70 0.000108 0.000106
71 0.000110 0.000107
72 0.000112 0.000107
73 0.000115 0.000108
74 0.000116 0.000109
75 0.000117 0.000109
76 0.000118 0.000109
77 0.000121 0.000110
78 0.000122 0.000110
79 0.000122 0.000110
80 0.000123 0.000110
81 0.000123 0.000110
82 0.000123 0.000110
83 0.000124 0.000110
84 0.000127 0.000110
85 0.000127 0.000110
86 0.000128 0.000110
87 0.000128 0.000110
88 0.000128 0.000110
89 0.000128 0.000110
90 0.000130 0.000110
91 0.000130 0.000109
92 0.000131 0.000109
93 0.000133 0.000109
94 0.000134 0.000109
95 0.000134 0.000108
96 0.000135 0.000108
97 0.000136 0.000108
98 0.000139 0.000108
99 0.000140 0.000107
100 0.000140 0.000107
101 0.000140 0.000107
102 0.000140 0.000106
103 0.000140 0.000106
104 0.000140 0.000106
105 0.000140 0.000106
106 0.000140 0.000105
107 0.000140 0.000105
108 0.000141 0.000105
109 0.000141 0.000104
110 0.000141 0.000104
111 0.000141 0.000104
112 0.000140 0.000103
113 0.000141 0.000103
114 0.000141 0.000103
115 0.000141 0.000102
116 0.000141 0.000102
117 0.000141 0.000102
118 0.000140 0.000101
119 0.000140 0.000101
120 0.000140 0.000101
121 0.000139 0.000101
122 0.000140 0.000100
123 0.000140 0.000100
124 0.000140 0.000100
125 0.000140 0.000099
126 0.000140 0.000099
127 0.000140 0.000099
128 0.000139 0.000098
129 0.000138 0.000098
130 0.000138 0.000098
131 0.000137 0.000098
132 0.000136 0.000097
133 0.000136 0.000097
134 0.000136 0.000097
135 0.000135 0.000096
136 0.000135 0.000096
137 0.000135 0.000096
138 0.000134 0.000096
139 0.000134 0.000095
140 0.000133 0.000095
141 0.000133 0.000095
142 0.000133 0.000094
143 0.000131 0.000094
144 0.000130 0.000094
145 0.000130 0.000094
146 0.000130 0.000093
147 0.000129 0.000093
148 0.000128 0.000093
149 0.000128 0.000092
150 0.000128 0.000092
151 0.000128 0.000092
152 0.000127 0.000092
153 0.000127 0.000091
154 0.000127 0.000091
155 0.000126 0.000091
156 0.000125 0.000091
157 0.000123 0.000090
158 0.000123 0.000090
159 0.000122 0.000090
160 0.000122 0.000090
161 0.000122 0.000089
162 0.000122 0.000089
163 0.000122 0.000089
164 0.000122 0.000089
165 0.000122 0.000088
166 0.000122 0.000088
167 0.000122 0.000088
168 0.000121 0.000088
169 0.000119 0.000087
170 0.000120 0.000087
171 0.000119 0.000087
172 0.000118 0.000087
173 0.000118 0.000086
174 0.000117 0.000086
175 0.000117 0.000086
176 0.000117 0.000086
177 0.000116 0.000086
178 0.000116 0.000085
179 0.000116 0.000085
180 0.000114 0.000085
181 0.000113 0.000085
182 0.000112 0.000084
183 0.000112 0.000084
184 0.000112 0.000084
185 0.000112 0.000084
186 0.000112 0.000084
187 0.000112 0.000083
188 0.000112 0.000083
189 0.000111 0.000083
190 0.000108 0.000083
191 0.000109 0.000082
192 0.000108 0.000082
193 0.000109 0.000082
194 0.000108 0.000082
195 0.000108 0.000082
196 0.000108 0.000081
197 0.000108 0.000081
198 0.000108 0.000081
199 0.000107 0.000081
200 0.000107 0.000081
201 0.000106 0.000080
202 0.000105 0.000080
203 0.000104 0.000080
204 0.000103 0.000080
205 0.000104 0.000080
206 0.000103 0.000079
207 0.000103 0.000079
208 0.000102 0.000079
209 0.000102 0.000079
210 0.000102 0.000079
211 0.000102 0.000078
212 0.000102 0.000078
213 0.000102 0.000078
214 0.000101 0.000078
215 0.000099 0.000078
216 0.000099 0.000077
217 0.000099 0.000077
218 0.000099 0.000077
219 0.000099 0.000077
220 0.000098 0.000077
221 0.000098 0.000077
222 0.000098 0.000076
223 0.000098 0.000076
224 0.000098 0.000076
225 0.000097 0.000076
226 0.000095 0.000076
227 0.000095 0.000075
228 0.000094 0.000075
229 0.000094 0.000075
230 0.000094 0.000075
231 0.000094 0.000075
232 0.000093 0.000075
233 0.000093 0.000074
234 0.000093 0.000074
235 0.000093 0.000074
236 0.000093 0.000074
237 0.000093 0.000074
238 0.000093 0.000074
239 0.000092 0.000073
240 0.000094 0.000073
241 0.000094 0.000073
242 0.000094 0.000073
243 0.000093 0.000073
244 0.000093 0.000073
245 0.000092 0.000072
246 0.000090 0.000072
247 0.000090 0.000072
248 0.000090 0.000072
249 0.000090 0.000072
250 0.000090 0.000072
251 0.000090 0.000071
252 0.000090 0.000071
253 0.000090 0.000071
254 0.000090 0.000071
255 0.000090 0.000071
256 0.000090 0.000071
257 0.000089 0.000070
258 0.000087 0.000070
259 0.000086 0.000070
260 0.000086 0.000070
261 0.000086 0.000070
262 0.000085 0.000070
263 0.000086 0.000070
264 0.000086 0.000069
265 0.000085 0.000069
266 0.000083 0.000069
267 0.000083 0.000069
268 0.000081 0.000069
269 0.000080 0.000069
270 0.000080 0.000069
271 0.000080 0.000068
272 0.000080 0.000068
273 0.000080 0.000068
274 0.000080 0.000068
275 0.000080 0.000068
276 0.000080 0.000068
277 0.000080 0.000067
278 0.000080 0.000067
279 0.000080 0.000067
280 0.000080 0.000067
281 0.000080 0.000067
282 0.000080 0.000067
283 0.000080 0.000067
284 0.000081 0.000067
285 0.000084 0.000069
286 0.000102 0.000185
287 0.000134 0.000147
288 0.000135 0.000099
289 0.000117 0.000071
290 0.000101 0.000073
291 0.000094 0.000080
292 0.000090 0.000076
293 0.000088 0.000078
294 0.000089 0.000105
295 0.000095 0.000100
296 0.000097 0.000082
297 0.000093 0.000083
298 0.000089 0.000084
299 0.000088 0.000085
300 0.000088 0.000086
301 0.000088 0.000087
302 0.000088 0.000088
303 0.000087 0.000088
304 0.000087 0.000089
305 0.000087 0.000089
306 0.000087 0.000090
307 0.000087 0.000090
308 0.000087 0.000090
309 0.000086 0.000091
310 0.000086 0.000100
311 0.000085 0.000091
312 0.000086 0.000091
313 0.000087 0.000091
314 0.000088 0.000092
315 0.000088 0.000092
316 0.000089 0.000092
317 0.000089 0.000092
318 0.000092 0.000108
319 0.000093 0.000101
320 0.000092 0.000092
321 0.000092 0.000092
322 0.000093 0.000113
323 0.000093 0.000114
324 0.000094 0.000094
325 0.000094 0.000094
326 0.000093 0.000095
327 0.000092 0.000095
328 0.000091 0.000095
329 0.000090 0.000096
330 0.000090 0.000096
331 0.000090 0.000096
332 0.000090 0.000096
333 0.000090 0.000096
334 0.000090 0.000096
335 0.000090 0.000096
336 0.000090 0.000096
337 0.000090 0.000096
338 0.000090 0.000103
339 0.000092 0.000105
340 0.000094 0.000126
341 0.000098 0.000127
342 0.000102 0.000118
343 0.000103 0.000109
344 0.000102 0.000120
345 0.000102 0.000111
346 0.000101 0.000102
347 0.000098 0.000103
348 0.000098 0.000104
349 0.000096 0.000105
350 0.000095 0.000106
351 0.000094 0.000106
352 0.000094 0.000107
353 0.000094 0.000117
354 0.000094 0.000108
355 0.000094 0.000108
356 0.000094 0.000108
357 0.000094 0.000109
358 0.000094 0.000109
359 0.000095 0.000109
360 0.000097 0.000109
361 0.000097 0.000109
362 0.000097 0.000109
363 0.000097 0.000109
364 0.000097 0.000109
365 0.000097 0.000109
366 0.000098 0.000108
367 0.000099 0.000108
368 0.000099 0.000108
369 0.000099 0.000108
370 0.000100 0.000108
371 0.000101 0.000107
372 0.000100 0.000107
373 0.000100 0.000107
374 0.000113 0.000230
375 0.000162 0.000202
376 0.000177 0.000164
377 0.000153 0.000127
378 0.000133 0.000120
379 0.000123 0.000124
380 0.000122 0.000126
381 0.000122 0.000129
382 0.000123 0.000131
383 0.000125 0.000154
384 0.000130 0.000159
385 0.000133 0.000138
386 0.000132 0.000150
387 0.000132 0.000142
388 0.000132 0.000143
389 0.000132 0.000145
390 0.000132 0.000153
391 0.000134 0.000147
392 0.000137 0.000160
393 0.000140 0.000162
394 0.000141 0.000150
395 0.000141 0.000151
396 0.000141 0.000151
397 0.000144 0.000152
398 0.000145 0.000152
399 0.000147 0.000152
400 0.000149 0.000153
401 0.000151 0.000153
402 0.000154 0.000179
403 0.000156 0.000153
404 0.000158 0.000153
405 0.000159 0.000167
406 0.000162 0.000167
407 0.000164 0.000154
408 0.000165 0.000165
409 0.000166 0.000155
410 0.000168 0.000156
411 0.000169 0.000156
412 0.000169 0.000156
413 0.000170 0.000156
414 0.000171 0.000156
415 0.000172 0.000155
416 0.000175 0.000155
417 0.000176 0.000155
418 0.000177 0.000154
419 0.000177 0.000154
420 0.000178 0.000154
421 0.000179 0.000153
422 0.000180 0.000153
423 0.000181 0.000152
424 0.000182 0.000152
425 0.000183 0.000151
426 0.000183 0.000151
427 0.000185 0.000150
428 0.000191 0.000200
429 0.000208 0.000229
430 0.000219 0.000204
431 0.000218 0.000180
432 0.000208 0.000158
433 0.000203 0.000168
434 0.000201 0.000162
435 0.000198 0.000164
436 0.000197 0.000165
437 0.000211 0.000246
438 0.000212 0.000169
439 0.000205 0.000172
440 0.000202 0.000174
441 0.000200 0.000175
442 0.000200 0.000177
443 0.000200 0.000178
444 0.000201 0.000187
445 0.000201 0.000179
446 0.000201 0.000180
447 0.000201 0.000180
448 0.000201 0.000181
449 0.000202 0.000181
450 0.000202 0.000181
451 0.000202 0.000180
452 0.000202 0.000193
453 0.000203 0.000180
454 0.000203 0.000180
455 0.000203 0.000180
456 0.000204 0.000180
457 0.000204 0.000179
458 0.000204 0.000179
459 0.000204 0.000178
460 0.000205 0.000178
461 0.000205 0.000177
462 0.000205 0.000177
463 0.000206 0.000176
464 0.000207 0.000175
465 0.000208 0.000184
466 0.000212 0.000187
467 0.000213 0.000174
468 0.000211 0.000173
469 0.000212 0.000186
470 0.000212 0.000173
471 0.000212 0.000173
472 0.000212 0.000186
473 0.000216 0.000185
474 0.000216 0.000172
475 0.000215 0.000172
476 0.000215 0.000172
477 0.000215 0.000172
478 0.000215 0.000172
479 0.000215 0.000171
480 0.000215 0.000171
481 0.000215 0.000170
482 0.000214 0.000180
483 0.000219 0.000235
484 0.000233 0.000196
485 0.000229 0.000172
486 0.000220 0.000198
487 0.000219 0.000175
488 0.000218 0.000176
489 0.000217 0.000177
490 0.000217 0.000178
491 0.000216 0.000178
492 0.000216 0.000178
493 0.000215 0.000179
494 0.000214 0.000179
495 0.000212 0.000178
496 0.000212 0.000178
497 0.000212 0.000178
498 0.000211 0.000177
499 0.000210 0.000177
500 0.000210 0.000177
501 0.000210 0.000176
502 0.000209 0.000175
503 0.000209 0.000175
504 0.000209 0.000174
505 0.000209 0.000173
506 0.000208 0.000173
507 0.000208 0.000172
508 0.000206 0.000171
509 0.000205 0.000171
510 0.000205 0.000170
511 0.000205 0.000169
512 0.000205 0.000168
513 0.000204 0.000167
514 0.000203 0.000167
515 0.000203 0.000166
516 0.000202 0.000165
517 0.000202 0.000164
518 0.000201 0.000164
519 0.000200 0.000163
520 0.000198 0.000162
521 0.000198 0.000161
522 0.000197 0.000160
523 0.000197 0.000160
524 0.000197 0.000159
525 0.000196 0.000158
526 0.000196 0.000157
527 0.000195 0.000157
528 0.000195 0.000156
529 0.000195 0.000155
530 0.000194 0.000154
531 0.000195 0.000154
532 0.000193 0.000153
533 0.000193 0.000152
534 0.000192 0.000152
535 0.000191 0.000151
536 0.000190 0.000150
537 0.000190 0.000150
538 0.000190 0.000149
539 0.000190 0.000148
540 0.000189 0.000147
541 0.000189 0.000147
542 0.000188 0.000146
543 0.000188 0.000145
544 0.000187 0.000145
545 0.000186 0.000144
546 0.000186 0.000144
547 0.000186 0.000143
548 0.000184 0.000142
549 0.000183 0.000142
550 0.000183 0.000141
551 0.000183 0.000140
552 0.000185 0.000140
553 0.000188 0.000139
554 0.000194 0.000158
555 0.000201 0.000176
556 0.000196 0.000139
557 0.000190 0.000148
558 0.000188 0.000139
559 0.000185 0.000140
560 0.000183 0.000140
561 0.000182 0.000140
562 0.000181 0.000140
563 0.000181 0.000140
564 0.000180 0.000139
565 0.000179 0.000149
566 0.000179 0.000139
567 0.000178 0.000139
568 0.000177 0.000139
569 0.000177 0.000138
570 0.000177 0.000138
571 0.000177 0.000138
572 0.000177 0.000138
573 0.000182 0.000216
574 0.000193 0.000164
575 0.000193 0.000204
576 0.000213 0.000232
577 0.000228 0.000183
578 0.000209 0.000150
579 0.000194 0.000154
580 0.000188 0.000156
581 0.000185 0.000159
582 0.000183 0.000161
583 0.000182 0.000163
584 0.000181 0.000164
585 0.000181 0.000166
586 0.000180 0.000167
587 0.000179 0.000168
588 0.000179 0.000168
589 0.000180 0.000169
590 0.000179 0.000169
591 0.000178 0.000169
592 0.000178 0.000179
593 0.000179 0.000169
594 0.000179 0.000196
595 0.000181 0.000170
596 0.000179 0.000170
597 0.000177 0.000171
598 0.000177 0.000171
599 0.000177 0.000171
600 0.000177 0.000171
601 0.000177 0.000170
602 0.000176 0.000170
603 0.000176 0.000170
604 0.000176 0.000169
605 0.000175 0.000169
606 0.000174 0.000168
607 0.000174 0.000168
608 0.000173 0.000167
609 0.000171 0.000167
610 0.000171 0.000166
611 0.000171 0.000165
612 0.000171 0.000165
613 0.000171 0.000164
614 0.000171 0.000163
615 0.000171 0.000163
616 0.000171 0.000162
617 0.000171 0.000161
618 0.000171 0.000161
619 0.000171 0.000160
620 0.000171 0.000159
621 0.000171 0.000158
622 0.000171 0.000158
623 0.000171 0.000157
624 0.000174 0.000156
625 0.000178 0.000158
626 0.000188 0.000233
627 0.000201 0.000207
628 0.000204 0.000196
629 0.000212 0.000252
630 0.000245 0.000269
631 0.000291 0.000302
632 0.000297 0.000179
633 0.000235 0.000187
634 0.000218 0.000219
635 0.000219 0.000266
636 0.000249 0.000300
637 0.000289 0.000297
638 0.000287 0.000229
639 0.000260 0.000252
640 0.000253 0.000248
641 0.000255 0.000269
642 0.000265 0.000263
643 0.000271 0.000286
644 0.000278 0.000275
645 0.000286 0.000280
646 0.000296 0.000284
647 0.000303 0.000287
648 0.000311 0.000289
649 0.000317 0.000291
650 0.000324 0.000293
651 0.000331 0.000293
652 0.000338 0.000294
653 0.000343 0.000294
654 0.000349 0.000294
655 0.000352 0.000293
656 0.000356 0.000292
657 0.000361 0.000291
658 0.000366 0.000290
659 0.000370 0.000289
660 0.000372 0.000287
661 0.000376 0.000286
662 0.000379 0.000284
663 0.000381 0.000282
664 0.000384 0.000281
665 0.000387 0.000279
666 0.000388 0.000277
667 0.000389 0.000275
668 0.000391 0.000290
669 0.000392 0.000289
670 0.000394 0.000271
671 0.000394 0.000303
672 0.000397 0.000270
673 0.000393 0.000269
674 0.000391 0.000268
675 0.000391 0.000276
676 0.000391 0.000279
677 0.000390 0.000266
678 0.000388 0.000265
679 0.000391 0.000290
680 0.000397 0.000293
681 0.000391 0.000265
682 0.000386 0.000265
683 0.000381 0.000265
684 0.000379 0.000265
685 0.000376 0.000264
686 0.000373 0.000263
687 0.000371 0.000262
688 0.000370 0.000261
689 0.000368 0.000260
690 0.000364 0.000258
691 0.000361 0.000257
692 0.000359 0.000255
693 0.000355 0.000254
694 0.000352 0.000252
695 0.000352 0.000251
696 0.000351 0.000249
697 0.000349 0.000247
698 0.000347 0.000246
699 0.000343 0.000244
700 0.000340 0.000243
701 0.000337 0.000241
702 0.000332 0.000239
703 0.000334 0.000238
704 0.000332 0.000236
705 0.000329 0.000234
706 0.000327 0.000233
707 0.000325 0.000231
708 0.000322 0.000230
709 0.000320 0.000228
710 0.000319 0.000227
711 0.000317 0.000225
712 0.000314 0.000223
713 0.000311 0.000222
714 0.000309 0.000220
715 0.000307 0.000219
716 0.000302 0.000218
717 0.000301 0.000216
718 0.000299 0.000215
719 0.000297 0.000213
720 0.000294 0.000212
721 0.000291 0.000210
722 0.000289 0.000209
723 0.000286 0.000208
724 0.000284 0.000206
725 0.000282 0.000205
726 0.000281 0.000204
727 0.000278 0.000203
728 0.000276 0.000201
729 0.000274 0.000200
730 0.000271 0.000199
731 0.000268 0.000198
732 0.000267 0.000196
733 0.000266 0.000195
734 0.000265 0.000194
735 0.000263 0.000193
736 0.000260 0.000192
737 0.000259 0.000190
738 0.000257 0.000189
739 0.000255 0.000188
740 0.000253 0.000187
741 0.000251 0.000186
742 0.000249 0.000185
743 0.000248 0.000184
744 0.000247 0.000183
745 0.000246 0.000182
746 0.000244 0.000181
747 0.000241 0.000180
748 0.000237 0.000179
749 0.000236 0.000178
750 0.000235 0.000177
751 0.000234 0.000176
752 0.000233 0.000175
753 0.000232 0.000174
754 0.000231 0.000173
755 0.000228 0.000172
756 0.000227 0.000171
757 0.000226 0.000170
758 0.000224 0.000169
759 0.000223 0.000168
760 0.000222 0.000168
761 0.000220 0.000167
762 0.000218 0.000166
763 0.000218 0.000165
764 0.000218 0.000164
765 0.000216 0.000163
766 0.000214 0.000162
767 0.000212 0.000162
768 0.000210 0.000161
769 0.000209 0.000160
770 0.000208 0.000159
771 0.000207 0.000158
772 0.000205 0.000158
773 0.000204 0.000157
774 0.000202 0.000156
775 0.000201 0.000155
776 0.000198 0.000155
777 0.000197 0.000154
778 0.000196 0.000153
779 0.000195 0.000152
780 0.000195 0.000152
781 0.000193 0.000151
782 0.000191 0.000150
783 0.000190 0.000149
784 0.000189 0.000149
785 0.000188 0.000148
786 0.000187 0.000147
787 0.000185 0.000147
788 0.000183 0.000146
789 0.000182 0.000145
790 0.000181 0.000145
791 0.000180 0.000144
792 0.000178 0.000143
793 0.000177 0.000143
794 0.000177 0.000142
795 0.000176 0.000142
796 0.000175 0.000141
797 0.000172 0.000140
798 0.000171 0.000140
799 0.000170 0.000139
800 0.000169 0.000138
801 0.000169 0.000138
802 0.000169 0.000137
803 0.000169 0.000137
804 0.000167 0.000136
805 0.000165 0.000136
806 0.000164 0.000135
807 0.000164 0.000134
808 0.000163 0.000134
809 0.000162 0.000133
810 0.000162 0.000133
811 0.000161 0.000132
812 0.000159 0.000132
813 0.000158 0.000131
814 0.000157 0.000131
815 0.000157 0.000130
816 0.000156 0.000129
817 0.000156 0.000129
818 0.000156 0.000128
819 0.000156 0.000128
820 0.000153 0.000127
821 0.000153 0.000127
822 0.000152 0.000126
823 0.000151 0.000126
824 0.000150 0.000125
825 0.000149 0.000125
826 0.000147 0.000124
827 0.000147 0.000124
828 0.000147 0.000123
829 0.000146 0.000123
830 0.000145 0.000123
831 0.000145 0.000122
832 0.000144 0.000122
833 0.000142 0.000121
834 0.000141 0.000121
835 0.000141 0.000120
836 0.000143 0.000120
837 0.000141 0.000119
838 0.000140 0.000119
839 0.000140 0.000118
840 0.000139 0.000118
841 0.000139 0.000118
842 0.000138 0.000117
843 0.000135 0.000117
844 0.000135 0.000116
845 0.000134 0.000116
846 0.000134 0.000115
847 0.000132 0.000115
848 0.000132 0.000115
849 0.000132 0.000114
850 0.000132 0.000114
851 0.000132 0.000113
852 0.000131 0.000113
853 0.000129 0.000113
854 0.000128 0.000112
855 0.000127 0.000112
856 0.000127 0.000111
857 0.000126 0.000111
858 0.000125 0.000111
859 0.000123 0.000110
860 0.000123 0.000110
861 0.000123 0.000110
862 0.000123 0.000109
863 0.000123 0.000109
864 0.000123 0.000108
865 0.000122 0.000108
866 0.000121 0.000108
867 0.000121 0.000107
868 0.000119 0.000107
869 0.000118 0.000107
870 0.000118 0.000106
871 0.000118 0.000106
872 0.000118 0.000106
873 0.000117 0.000105
874 0.000117 0.000105
875 0.000116 0.000104
876 0.000114 0.000104
877 0.000113 0.000104
878 0.000113 0.000103
879 0.000113 0.000103
880 0.000113 0.000103
881 0.000113 0.000102
882 0.000112 0.000102
883 0.000111 0.000102
884 0.000111 0.000102
885 0.000111 0.000101
886 0.000111 0.000101
887 0.000111 0.000101
888 0.000110 0.000100
889 0.000109 0.000100
890 0.000108 0.000100
891 0.000107 0.000099
892 0.000107 0.000099
893 0.000106 0.000099
894 0.000106 0.000098
895 0.000106 0.000098
896 0.000105 0.000098
897 0.000105 0.000097
898 0.000104 0.000097
899 0.000103 0.000097
900 0.000103 0.000097
901 0.000103 0.000096
902 0.000103 0.000096
903 0.000103 0.000096
904 0.000103 0.000095
905 0.000102 0.000095
906 0.000102 0.000095
907 0.000102 0.000095
908 0.000102 0.000094
909 0.000102 0.000094
910 0.000101 0.000094
911 0.000101 0.000093
912 0.000100 0.000093
913 0.000101 0.000093
914 0.000100 0.000093
915 0.000099 0.000092
916 0.000099 0.000092
917 0.000099 0.000092
918 0.000099 0.000092
919 0.000098 0.000091
920 0.000098 0.000091
921 0.000097 0.000091
922 0.000097 0.000091
923 0.000096 0.000090
924 0.000096 0.000090
925 0.000096 0.000090
926 0.000099 0.000090
927 0.000097 0.000089
928 0.000094 0.000089
929 0.000094 0.000089
930 0.000094 0.000089
931 0.000093 0.000088
932 0.000093 0.000088
933 0.000093 0.000088
934 0.000093 0.000088
935 0.000093 0.000087
936 0.000093 0.000087
937 0.000093 0.000087
938 0.000093 0.000087
939 0.000093 0.000086
940 0.000093 0.000086
941 0.000093 0.000086
942 0.000093 0.000086
943 0.000093 0.000085
944 0.000093 0.000085
945 0.000093 0.000085
946 0.000093 0.000085
947 0.000092 0.000085
948 0.000090 0.000084
949 0.000093 0.000084
950 0.000093 0.000084
