Taegu Pyungkwang River Catchment: Calibration Data

Subcatchment : Extracted study basin: cat-12649

TL =     8.49
SUMAC =     1.00
SZQ =       0.03046
Subcatchment routing data:
Maximum Routing Delay       0.69444
Sum of Histogram ordinates:     1.0000
     1.00000 
Initial BAL             -0.22067
Initial SBAR             0.21867
Initial SR0              0.00200
it      p        ep       q(it)       quz      q       sbar       qof
1 0.0000e+00 6.1900e-05 3.2800e-05 0.0000e+00 3.2800e-05 2.1871e-01 0.0000e+00
2 0.0000e+00 6.4700e-05 3.2766e-05 0.0000e+00 3.2766e-05 2.1874e-01 0.0000e+00
3 1.0000e-03 6.1900e-05 3.2733e-05 0.0000e+00 3.2733e-05 2.1877e-01 0.0000e+00
4 1.0000e-03 5.6000e-05 3.2699e-05 0.0000e+00 3.2699e-05 2.1881e-01 0.0000e+00
5 1.0000e-03 4.5700e-05 4.2725e-05 7.6361e-05 3.2666e-05 2.1876e-01 1.0059e-05
6 5.0000e-04 3.2300e-05 3.8706e-05 1.0997e-04 3.2711e-05 2.1868e-01 5.9952e-06
7 5.0000e-04 1.5600e-05 3.8962e-05 1.4257e-04 3.2790e-05 2.1857e-01 6.1720e-06
8 0.0000e+00 0.0000e+00 3.2902e-05 1.2497e-04 3.2902e-05 2.1848e-01 0.0000e+00
9 5.0000e-04 0.0000e+00 3.9390e-05 1.6040e-04 3.2997e-05 2.1836e-01 6.3924e-06
10 5.0000e-04 0.0000e+00 3.9727e-05 1.9167e-04 3.3129e-05 2.1820e-01 6.5982e-06
11 0.0000e+00 0.0000e+00 3.3293e-05 1.6928e-04 3.3293e-05 2.1806e-01 0.0000e+00
12 0.0000e+00 0.0000e+00 3.3435e-05 1.5192e-04 3.3435e-05 2.1794e-01 0.0000e+00
13 1.0000e-03 0.0000e+00 4.6756e-05 2.3753e-04 3.3559e-05 2.1774e-01 1.3196e-05
14 5.0000e-04 0.0000e+00 4.0372e-05 2.5878e-04 3.3774e-05 2.1751e-01 6.5982e-06
15 5.0000e-04 0.0000e+00 4.0610e-05 2.8007e-04 3.4012e-05 2.1727e-01 6.5982e-06
16 1.0000e-03 0.0000e+00 4.7471e-05 3.5008e-04 3.4275e-05 2.1695e-01 1.3196e-05
17 0.0000e+00 0.0000e+00 3.4615e-05 3.0904e-04 3.4615e-05 2.1668e-01 0.0000e+00
18 0.0000e+00 0.0000e+00 3.4913e-05 2.7766e-04 3.4913e-05 2.1643e-01 0.0000e+00
19 0.0000e+00 0.0000e+00 3.5179e-05 2.5020e-04 3.5179e-05 2.1622e-01 0.0000e+00
20 0.0000e+00 0.0000e+00 3.5416e-05 2.2587e-04 3.5416e-05 2.1603e-01 0.0000e+00
21 0.0000e+00 1.8000e-05 3.5627e-05 2.0419e-04 3.5627e-05 2.1586e-01 0.0000e+00
22 0.0000e+00 3.4800e-05 3.5815e-05 1.8480e-04 3.5815e-05 2.1571e-01 0.0000e+00
23 0.0000e+00 4.9200e-05 3.5982e-05 1.6740e-04 3.5982e-05 2.1558e-01 0.0000e+00
24 3.0000e-03 6.0200e-05 7.8235e-05 4.4356e-04 3.6130e-05 2.1517e-01 4.2104e-05
25 2.0000e-03 6.6600e-05 6.4910e-05 5.8159e-04 3.6593e-05 2.1463e-01 2.8317e-05
26 5.5000e-03 6.9600e-05 1.2085e-04 1.0579e-03 3.7222e-05 2.1361e-01 8.3629e-05
27 6.0000e-03 6.6600e-05 1.3002e-04 1.5281e-03 3.8428e-05 2.1212e-01 9.1593e-05
28 1.0000e-03 6.0200e-05 5.4676e-05 1.4461e-03 4.0260e-05 2.1071e-01 1.4416e-05
29 2.5000e-03 4.9200e-05 7.9750e-05 1.5446e-03 4.2068e-05 2.0921e-01 3.7682e-05
30 0.0000e+00 3.4800e-05 4.4090e-05 1.3798e-03 4.4090e-05 2.0787e-01 0.0000e+00
31 0.0000e+00 1.6800e-05 4.5969e-05 1.2411e-03 4.5969e-05 2.0668e-01 0.0000e+00
32 1.0000e-03 0.0000e+00 6.1608e-05 1.2127e-03 4.7719e-05 2.0551e-01 1.3889e-05
33 5.0000e-04 0.0000e+00 5.7210e-05 1.1421e-03 4.9488e-05 2.0442e-01 7.7224e-06
34 0.0000e+00 0.0000e+00 5.1207e-05 1.0267e-03 5.1207e-05 2.0344e-01 0.0000e+00
35 0.0000e+00 0.0000e+00 5.2792e-05 9.2540e-04 5.2792e-05 2.0257e-01 0.0000e+00
36 0.0000e+00 0.0000e+00 5.4251e-05 8.3474e-04 5.4251e-05 2.0179e-01 0.0000e+00
37 0.0000e+00 0.0000e+00 5.5591e-05 7.5331e-04 5.5591e-05 2.0109e-01 0.0000e+00
38 0.0000e+00 0.0000e+00 5.6816e-05 6.8006e-04 5.6816e-05 2.0047e-01 0.0000e+00
39 0.0000e+00 0.0000e+00 5.7934e-05 6.1410e-04 5.7934e-05 1.9991e-01 0.0000e+00
40 0.0000e+00 0.0000e+00 5.8949e-05 5.5467e-04 5.8949e-05 1.9942e-01 0.0000e+00
41 0.0000e+00 0.0000e+00 5.9870e-05 5.0111e-04 5.9870e-05 1.9898e-01 0.0000e+00
42 0.0000e+00 0.0000e+00 6.0701e-05 4.5283e-04 6.0701e-05 1.9859e-01 0.0000e+00
43 0.0000e+00 0.0000e+00 6.1449e-05 4.0929e-04 6.1449e-05 1.9824e-01 0.0000e+00
44 0.0000e+00 0.0000e+00 6.2121e-05 3.7003e-04 6.2121e-05 1.9793e-01 0.0000e+00
45 0.0000e+00 3.3800e-05 6.2722e-05 3.3461e-04 6.2722e-05 1.9766e-01 0.0000e+00
46 1.0000e-03 6.5200e-05 7.8179e-05 4.1107e-04 6.3257e-05 1.9731e-01 1.4923e-05
47 0.0000e+00 9.2300e-05 6.3948e-05 3.6289e-04 6.3948e-05 1.9701e-01 0.0000e+00
48 5.0000e-04 1.1300e-04 6.9840e-05 3.6470e-04 6.4548e-05 1.9671e-01 5.2917e-06
49 0.0000e+00 1.2500e-04 6.5157e-05 3.2519e-04 6.5157e-05 1.9645e-01 0.0000e+00
50 1.0000e-03 1.3050e-04 7.7996e-05 3.7835e-04 6.5688e-05 1.9614e-01 1.2307e-05
51 2.5000e-03 1.2500e-04 1.1054e-04 5.9684e-04 6.6333e-05 1.9561e-01 4.4203e-05
52 3.0000e-03 1.1300e-04 1.2251e-04 8.3842e-04 6.7442e-05 1.9484e-01 5.5066e-05
53 2.5000e-03 9.2300e-05 1.1481e-04 9.9694e-04 6.9087e-05 1.9391e-01 4.5719e-05
54 3.0000e-03 6.5200e-05 1.2681e-04 1.1995e-03 7.1119e-05 1.9278e-01 5.5693e-05
55 2.5000e-03 3.1600e-05 1.2031e-04 1.3260e-03 7.3672e-05 1.9153e-01 4.6635e-05
56 2.0000e-03 0.0000e+00 1.1431e-04 1.3898e-03 7.6612e-05 1.9022e-01 3.7702e-05
57 1.0000e-03 0.0000e+00 9.8975e-05 1.3397e-03 7.9821e-05 1.8896e-01 1.9153e-05
58 1.0000e-03 0.0000e+00 1.0218e-04 1.3018e-03 8.3026e-05 1.8774e-01 1.9153e-05
59 0.0000e+00 0.0000e+00 8.6249e-05 1.1527e-03 8.6249e-05 1.8667e-01 0.0000e+00
60 5.0000e-04 0.0000e+00 9.8749e-05 1.0857e-03 8.9172e-05 1.8567e-01 9.5767e-06
61 5.0000e-04 0.0000e+00 1.0157e-04 1.0244e-03 9.1993e-05 1.8474e-01 9.5767e-06
62 0.0000e+00 0.0000e+00 9.4713e-05 9.0981e-04 9.4713e-05 1.8393e-01 0.0000e+00
63 0.0000e+00 0.0000e+00 9.7156e-05 8.1146e-04 9.7156e-05 1.8321e-01 0.0000e+00
64 0.0000e+00 0.0000e+00 9.9349e-05 7.2459e-04 9.9349e-05 1.8259e-01 0.0000e+00
65 0.0000e+00 0.0000e+00 1.0131e-04 6.4749e-04 1.0131e-04 1.8204e-01 0.0000e+00
66 0.0000e+00 0.0000e+00 1.0305e-04 5.7892e-04 1.0305e-04 1.8156e-01 0.0000e+00
67 0.0000e+00 0.0000e+00 1.0460e-04 5.1785e-04 1.0460e-04 1.8115e-01 0.0000e+00
68 0.0000e+00 0.0000e+00 1.0596e-04 4.6343e-04 1.0596e-04 1.8079e-01 0.0000e+00
69 0.0000e+00 4.1400e-05 1.0715e-04 4.1490e-04 1.0715e-04 1.8049e-01 0.0000e+00
70 0.0000e+00 7.9800e-05 1.0818e-04 3.7160e-04 1.0818e-04 1.8022e-01 0.0000e+00
71 0.0000e+00 1.1290e-04 1.0908e-04 3.3296e-04 1.0908e-04 1.8000e-01 0.0000e+00
72 0.0000e+00 1.3830e-04 1.0984e-04 2.9845e-04 1.0984e-04 1.7981e-01 0.0000e+00
73 0.0000e+00 1.5300e-04 1.1049e-04 2.6762e-04 1.1049e-04 1.7965e-01 0.0000e+00
74 0.0000e+00 1.5980e-04 1.1104e-04 2.4007e-04 1.1104e-04 1.7952e-01 0.0000e+00
75 0.0000e+00 1.5300e-04 1.1148e-04 2.1545e-04 1.1148e-04 1.7942e-01 0.0000e+00
76 0.0000e+00 1.3830e-04 1.1185e-04 1.9342e-04 1.1185e-04 1.7934e-01 0.0000e+00
77 0.0000e+00 1.1290e-04 1.1213e-04 1.7372e-04 1.1213e-04 1.7928e-01 0.0000e+00
78 0.0000e+00 7.9800e-05 1.1235e-04 1.5609e-04 1.1235e-04 1.7923e-01 0.0000e+00
79 0.0000e+00 3.8700e-05 1.1250e-04 1.4030e-04 1.1250e-04 1.7921e-01 0.0000e+00
80 0.0000e+00 0.0000e+00 1.1260e-04 1.2616e-04 1.1260e-04 1.7919e-01 0.0000e+00
81 0.0000e+00 0.0000e+00 1.1265e-04 1.1349e-04 1.1265e-04 1.7919e-01 0.0000e+00
82 0.0000e+00 0.0000e+00 1.1265e-04 1.0214e-04 1.1265e-04 1.7920e-01 0.0000e+00
83 0.0000e+00 0.0000e+00 1.1261e-04 9.1953e-05 1.1261e-04 1.7922e-01 0.0000e+00
84 0.0000e+00 0.0000e+00 1.1254e-04 8.2816e-05 1.1254e-04 1.7925e-01 0.0000e+00
85 0.0000e+00 0.0000e+00 1.1244e-04 7.4616e-05 1.1244e-04 1.7929e-01 0.0000e+00
86 0.0000e+00 0.0000e+00 1.1230e-04 6.7254e-05 1.1230e-04 1.7933e-01 0.0000e+00
87 0.0000e+00 0.0000e+00 1.1215e-04 6.0640e-05 1.1215e-04 1.7939e-01 0.0000e+00
88 0.0000e+00 0.0000e+00 1.1197e-04 5.4698e-05 1.1197e-04 1.7944e-01 0.0000e+00
89 0.0000e+00 0.0000e+00 1.1177e-04 4.9356e-05 1.1177e-04 1.7951e-01 0.0000e+00
90 0.0000e+00 0.0000e+00 1.1155e-04 4.4552e-05 1.1155e-04 1.7957e-01 0.0000e+00
91 0.0000e+00 0.0000e+00 1.1131e-04 4.0231e-05 1.1131e-04 1.7964e-01 0.0000e+00
92 0.0000e+00 0.0000e+00 1.1107e-04 3.6341e-05 1.1107e-04 1.7972e-01 0.0000e+00
93 0.0000e+00 1.9100e-05 1.1081e-04 3.2839e-05 1.1081e-04 1.7980e-01 0.0000e+00
94 0.0000e+00 3.6800e-05 1.1054e-04 2.9685e-05 1.1054e-04 1.7988e-01 0.0000e+00
95 0.0000e+00 5.2100e-05 1.1026e-04 2.6843e-05 1.1026e-04 1.7996e-01 0.0000e+00
96 0.0000e+00 6.3800e-05 1.0997e-04 2.4281e-05 1.0997e-04 1.8005e-01 0.0000e+00
97 5.0000e-04 7.0600e-05 1.0968e-04 2.1970e-05 1.0968e-04 1.8013e-01 0.0000e+00
98 5.0000e-04 7.3700e-05 1.0938e-04 1.9887e-05 1.0938e-04 1.8022e-01 0.0000e+00
99 0.0000e+00 7.0600e-05 1.0907e-04 1.8006e-05 1.0907e-04 1.8031e-01 0.0000e+00
100 0.0000e+00 6.3800e-05 1.0876e-04 1.6309e-05 1.0876e-04 1.8041e-01 0.0000e+00
101 0.0000e+00 5.2100e-05 1.0845e-04 1.4776e-05 1.0845e-04 1.8050e-01 0.0000e+00
102 0.0000e+00 3.6800e-05 1.0813e-04 1.3392e-05 1.0813e-04 1.8060e-01 0.0000e+00
103 0.0000e+00 1.7800e-05 1.0781e-04 1.2141e-05 1.0781e-04 1.8069e-01 0.0000e+00
104 0.0000e+00 0.0000e+00 1.0749e-04 1.1010e-05 1.0749e-04 1.8079e-01 0.0000e+00
105 0.0000e+00 0.0000e+00 1.0717e-04 9.9870e-06 1.0717e-04 1.8088e-01 0.0000e+00
106 0.0000e+00 0.0000e+00 1.0684e-04 9.0619e-06 1.0684e-04 1.8098e-01 0.0000e+00
107 0.0000e+00 0.0000e+00 1.0652e-04 8.2249e-06 1.0652e-04 1.8108e-01 0.0000e+00
108 0.0000e+00 0.0000e+00 1.0619e-04 7.4673e-06 1.0619e-04 1.8118e-01 0.0000e+00
109 0.0000e+00 0.0000e+00 1.0586e-04 6.7811e-06 1.0586e-04 1.8128e-01 0.0000e+00
110 0.0000e+00 0.0000e+00 1.0554e-04 6.1599e-06 1.0554e-04 1.8138e-01 0.0000e+00
111 5.0000e-04 0.0000e+00 1.0521e-04 5.5972e-06 1.0521e-04 1.8148e-01 0.0000e+00
112 0.0000e+00 0.0000e+00 1.0488e-04 5.0872e-06 1.0488e-04 1.8158e-01 0.0000e+00
113 0.0000e+00 0.0000e+00 1.0455e-04 4.6249e-06 1.0455e-04 1.8168e-01 0.0000e+00
114 0.0000e+00 0.0000e+00 1.0423e-04 4.2057e-06 1.0423e-04 1.8178e-01 0.0000e+00
115 0.0000e+00 0.0000e+00 1.0390e-04 3.8255e-06 1.0390e-04 1.8188e-01 0.0000e+00
116 0.0000e+00 0.0000e+00 1.0358e-04 3.4805e-06 1.0358e-04 1.8198e-01 0.0000e+00
117 0.0000e+00 1.0200e-05 1.0326e-04 3.1674e-06 1.0326e-04 1.8208e-01 0.0000e+00
118 0.0000e+00 1.9800e-05 1.0293e-04 2.8832e-06 1.0293e-04 1.8218e-01 0.0000e+00
119 0.0000e+00 2.8000e-05 1.0261e-04 2.6251e-06 1.0261e-04 1.8228e-01 0.0000e+00
120 0.0000e+00 3.4200e-05 1.0229e-04 2.3902e-06 1.0229e-04 1.8238e-01 0.0000e+00
121 0.0000e+00 3.7900e-05 1.0197e-04 2.1773e-06 1.0197e-04 1.8248e-01 0.0000e+00
122 0.0000e+00 3.9500e-05 1.0166e-04 1.9838e-06 1.0166e-04 1.8258e-01 0.0000e+00
123 0.0000e+00 3.7900e-05 1.0134e-04 1.8080e-06 1.0134e-04 1.8268e-01 0.0000e+00
124 0.0000e+00 3.4200e-05 1.0102e-04 1.6481e-06 1.0102e-04 1.8278e-01 0.0000e+00
125 0.0000e+00 2.8000e-05 1.0071e-04 1.5027e-06 1.0071e-04 1.8288e-01 0.0000e+00
126 0.0000e+00 1.9800e-05 1.0040e-04 1.3704e-06 1.0040e-04 1.8297e-01 0.0000e+00
127 0.0000e+00 9.6000e-06 1.0009e-04 1.2500e-06 1.0009e-04 1.8307e-01 0.0000e+00
128 0.0000e+00 0.0000e+00 9.9780e-05 1.1404e-06 9.9780e-05 1.8317e-01 0.0000e+00
129 0.0000e+00 0.0000e+00 9.9473e-05 1.0407e-06 9.9473e-05 1.8327e-01 0.0000e+00
130 0.0000e+00 0.0000e+00 9.9168e-05 9.4989e-07 9.9168e-05 1.8337e-01 0.0000e+00
131 0.0000e+00 0.0000e+00 9.8864e-05 8.6637e-07 9.8864e-05 1.8347e-01 0.0000e+00
132 0.0000e+00 0.0000e+00 9.8561e-05 7.9114e-07 9.8561e-05 1.8356e-01 0.0000e+00
133 0.0000e+00 0.0000e+00 9.8261e-05 7.2259e-07 9.8261e-05 1.8366e-01 0.0000e+00
134 0.0000e+00 0.0000e+00 9.7962e-05 6.6010e-07 9.7962e-05 1.8376e-01 0.0000e+00
135 0.0000e+00 0.0000e+00 9.7664e-05 6.0314e-07 9.7664e-05 1.8386e-01 0.0000e+00
136 0.0000e+00 0.0000e+00 9.7369e-05 5.5120e-07 9.7369e-05 1.8395e-01 0.0000e+00
137 0.0000e+00 0.0000e+00 9.7074e-05 5.0382e-07 9.7074e-05 1.8405e-01 0.0000e+00
138 0.0000e+00 0.0000e+00 9.6782e-05 4.6061e-07 9.6782e-05 1.8415e-01 0.0000e+00
139 0.0000e+00 0.0000e+00 9.6491e-05 4.2118e-07 9.6491e-05 1.8424e-01 0.0000e+00
140 0.0000e+00 0.0000e+00 9.6202e-05 3.8519e-07 9.6202e-05 1.8434e-01 0.0000e+00
141 5.0000e-04 4.1400e-05 9.5914e-05 3.5235e-07 9.5914e-05 1.8443e-01 0.0000e+00
142 0.0000e+00 7.9900e-05 9.5628e-05 3.2236e-07 9.5628e-05 1.8453e-01 0.0000e+00
143 0.0000e+00 1.1300e-04 9.5344e-05 2.9381e-07 9.5344e-05 1.8462e-01 0.0000e+00
144 0.0000e+00 1.3840e-04 9.5061e-05 2.6895e-07 9.5061e-05 1.8472e-01 0.0000e+00
145 0.0000e+00 1.5310e-04 9.4780e-05 2.4623e-07 9.4780e-05 1.8481e-01 0.0000e+00
146 0.0000e+00 1.5990e-04 9.4500e-05 2.2547e-07 9.4500e-05 1.8491e-01 0.0000e+00
147 0.0000e+00 1.5310e-04 9.4222e-05 2.0650e-07 9.4222e-05 1.8500e-01 0.0000e+00
148 0.0000e+00 1.3840e-04 9.3946e-05 1.8915e-07 9.3946e-05 1.8510e-01 0.0000e+00
149 0.0000e+00 1.1300e-04 9.3671e-05 1.7329e-07 9.3671e-05 1.8519e-01 0.0000e+00
150 0.0000e+00 7.9900e-05 9.3398e-05 1.5878e-07 9.3398e-05 1.8528e-01 0.0000e+00
151 0.0000e+00 3.8700e-05 9.3126e-05 1.4551e-07 9.3126e-05 1.8537e-01 0.0000e+00
152 0.0000e+00 0.0000e+00 9.2856e-05 1.3337e-07 9.2856e-05 1.8547e-01 0.0000e+00
153 0.0000e+00 0.0000e+00 9.2587e-05 1.2226e-07 9.2587e-05 1.8556e-01 0.0000e+00
154 0.0000e+00 0.0000e+00 9.2320e-05 1.1209e-07 9.2320e-05 1.8565e-01 0.0000e+00
155 0.0000e+00 0.0000e+00 9.2054e-05 1.0124e-07 9.2054e-05 1.8574e-01 0.0000e+00
156 0.0000e+00 0.0000e+00 9.1790e-05 9.2899e-08 9.1790e-05 1.8584e-01 0.0000e+00
157 0.0000e+00 0.0000e+00 9.1527e-05 8.5255e-08 9.1527e-05 1.8593e-01 0.0000e+00
158 0.0000e+00 0.0000e+00 9.1266e-05 7.8251e-08 9.1266e-05 1.8602e-01 0.0000e+00
159 0.0000e+00 0.0000e+00 9.1007e-05 7.1831e-08 9.1007e-05 1.8611e-01 0.0000e+00
160 0.0000e+00 0.0000e+00 9.0748e-05 6.5947e-08 9.0748e-05 1.8620e-01 0.0000e+00
161 0.0000e+00 0.0000e+00 9.0492e-05 6.0553e-08 9.0492e-05 1.8629e-01 0.0000e+00
162 0.0000e+00 0.0000e+00 9.0236e-05 5.5607e-08 9.0236e-05 1.8638e-01 0.0000e+00
163 0.0000e+00 0.0000e+00 8.9982e-05 5.1071e-08 8.9982e-05 1.8647e-01 0.0000e+00
164 0.0000e+00 0.0000e+00 8.9730e-05 4.6912e-08 8.9730e-05 1.8656e-01 0.0000e+00
165 0.0000e+00 1.7800e-05 8.9479e-05 4.3097e-08 8.9479e-05 1.8665e-01 0.0000e+00
166 0.0000e+00 3.4400e-05 8.9229e-05 3.9597e-08 8.9229e-05 1.8674e-01 0.0000e+00
167 0.0000e+00 4.8600e-05 8.8981e-05 3.4718e-08 8.8981e-05 1.8683e-01 0.0000e+00
168 0.0000e+00 5.9500e-05 8.8734e-05 3.1942e-08 8.8734e-05 1.8692e-01 0.0000e+00
169 0.0000e+00 6.5900e-05 8.8488e-05 2.9391e-08 8.8488e-05 1.8701e-01 0.0000e+00
170 0.0000e+00 6.8800e-05 8.8244e-05 2.7046e-08 8.8244e-05 1.8709e-01 0.0000e+00
171 0.0000e+00 6.5900e-05 8.8001e-05 2.4891e-08 8.8001e-05 1.8718e-01 0.0000e+00
172 0.0000e+00 5.9500e-05 8.7759e-05 2.2910e-08 8.7759e-05 1.8727e-01 0.0000e+00
173 0.0000e+00 4.8600e-05 8.7519e-05 2.1088e-08 8.7519e-05 1.8736e-01 0.0000e+00
174 0.0000e+00 3.4400e-05 8.7280e-05 1.9413e-08 8.7280e-05 1.8744e-01 0.0000e+00
175 0.0000e+00 1.6600e-05 8.7042e-05 1.7873e-08 8.7042e-05 1.8753e-01 0.0000e+00
176 0.0000e+00 0.0000e+00 8.6806e-05 1.6457e-08 8.6806e-05 1.8762e-01 0.0000e+00
177 0.0000e+00 0.0000e+00 8.6571e-05 1.5155e-08 8.6571e-05 1.8770e-01 0.0000e+00
178 0.0000e+00 0.0000e+00 8.6337e-05 1.3957e-08 8.6337e-05 1.8779e-01 0.0000e+00
179 0.0000e+00 0.0000e+00 8.6104e-05 1.1433e-08 8.6104e-05 1.8788e-01 0.0000e+00
180 0.0000e+00 0.0000e+00 8.5873e-05 1.0551e-08 8.5873e-05 1.8796e-01 0.0000e+00
181 0.0000e+00 0.0000e+00 8.5643e-05 9.7381e-09 8.5643e-05 1.8805e-01 0.0000e+00
182 0.0000e+00 0.0000e+00 8.5414e-05 8.9881e-09 8.5414e-05 1.8813e-01 0.0000e+00
183 0.0000e+00 0.0000e+00 8.5186e-05 8.2964e-09 8.5186e-05 1.8822e-01 0.0000e+00
184 0.0000e+00 0.0000e+00 8.4960e-05 7.6585e-09 8.4960e-05 1.8830e-01 0.0000e+00
185 0.0000e+00 0.0000e+00 8.4735e-05 7.0702e-09 8.4735e-05 1.8839e-01 0.0000e+00
186 0.0000e+00 0.0000e+00 8.4510e-05 6.5275e-09 8.4510e-05 1.8847e-01 0.0000e+00
187 0.0000e+00 0.0000e+00 8.4288e-05 6.0269e-09 8.4288e-05 1.8856e-01 0.0000e+00
188 0.0000e+00 0.0000e+00 8.4066e-05 5.5651e-09 8.4066e-05 1.8864e-01 0.0000e+00
189 0.0000e+00 4.5600e-05 8.3845e-05 5.1390e-09 8.3845e-05 1.8872e-01 0.0000e+00
190 5.0000e-04 8.7900e-05 8.3626e-05 4.7459e-09 8.3626e-05 1.8881e-01 0.0000e+00
191 0.0000e+00 1.2440e-04 8.3408e-05 3.4424e-09 8.3408e-05 1.8889e-01 0.0000e+00
192 0.0000e+00 1.5230e-04 8.3191e-05 3.1876e-09 8.3191e-05 1.8898e-01 0.0000e+00
193 0.0000e+00 1.6850e-04 8.2975e-05 2.9518e-09 8.2975e-05 1.8906e-01 0.0000e+00
194 0.0000e+00 1.7590e-04 8.2760e-05 2.7336e-09 8.2760e-05 1.8914e-01 0.0000e+00
195 0.0000e+00 1.6850e-04 8.2546e-05 2.5317e-09 8.2546e-05 1.8922e-01 0.0000e+00
196 0.0000e+00 1.5230e-04 8.2333e-05 2.3448e-09 8.2333e-05 1.8931e-01 0.0000e+00
197 0.0000e+00 1.2440e-04 8.2122e-05 2.1718e-09 8.2122e-05 1.8939e-01 0.0000e+00
198 0.0000e+00 8.7900e-05 8.1911e-05 2.0116e-09 8.1911e-05 1.8947e-01 0.0000e+00
199 0.0000e+00 4.2600e-05 8.1702e-05 1.8634e-09 8.1702e-05 1.8955e-01 0.0000e+00
200 0.0000e+00 0.0000e+00 8.1494e-05 1.7261e-09 8.1494e-05 1.8963e-01 0.0000e+00
201 0.0000e+00 0.0000e+00 8.1286e-05 1.5991e-09 8.1286e-05 1.8971e-01 0.0000e+00
202 0.0000e+00 0.0000e+00 8.1080e-05 1.4814e-09 8.1080e-05 1.8980e-01 0.0000e+00
203 0.0000e+00 0.0000e+00 8.0875e-05 8.7707e-10 8.0875e-05 1.8988e-01 0.0000e+00
204 0.0000e+00 0.0000e+00 8.0671e-05 8.1509e-10 8.0671e-05 1.8996e-01 0.0000e+00
205 0.0000e+00 0.0000e+00 8.0468e-05 7.5752e-10 8.0468e-05 1.9004e-01 0.0000e+00
206 0.0000e+00 0.0000e+00 8.0266e-05 7.0404e-10 8.0266e-05 1.9012e-01 0.0000e+00
207 0.0000e+00 0.0000e+00 8.0065e-05 6.5435e-10 8.0065e-05 1.9020e-01 0.0000e+00
208 0.0000e+00 0.0000e+00 7.9864e-05 6.0819e-10 7.9864e-05 1.9028e-01 0.0000e+00
209 0.0000e+00 0.0000e+00 7.9665e-05 5.6531e-10 7.9665e-05 1.9036e-01 0.0000e+00
210 0.0000e+00 0.0000e+00 7.9467e-05 5.2547e-10 7.9467e-05 1.9044e-01 0.0000e+00
211 0.0000e+00 0.0000e+00 7.9270e-05 4.8845e-10 7.9270e-05 1.9052e-01 0.0000e+00
212 0.0000e+00 0.0000e+00 7.9074e-05 4.5405e-10 7.9074e-05 1.9060e-01 0.0000e+00
213 0.0000e+00 4.9000e-05 7.8879e-05 4.2209e-10 7.8879e-05 1.9067e-01 0.0000e+00
214 0.0000e+00 9.4600e-05 7.8685e-05 3.9239e-10 7.8685e-05 1.9075e-01 0.0000e+00
215 0.0000e+00 1.3380e-04 7.8492e-05 1.6559e-10 7.8492e-05 1.9083e-01 0.0000e+00
216 0.0000e+00 1.6380e-04 7.8299e-05 1.5446e-10 7.8299e-05 1.9091e-01 0.0000e+00
217 0.0000e+00 1.8130e-04 7.8108e-05 1.4408e-10 7.8108e-05 1.9099e-01 0.0000e+00
218 0.0000e+00 1.8920e-04 7.7917e-05 1.3440e-10 7.7917e-05 1.9107e-01 0.0000e+00
219 0.0000e+00 1.8130e-04 7.7728e-05 1.2538e-10 7.7728e-05 1.9114e-01 0.0000e+00
220 0.0000e+00 1.6380e-04 7.7539e-05 1.1696e-10 7.7539e-05 1.9122e-01 0.0000e+00
221 0.0000e+00 1.3380e-04 7.7352e-05 1.0911e-10 7.7352e-05 1.9130e-01 0.0000e+00
222 0.0000e+00 9.4600e-05 7.7165e-05 1.0179e-10 7.7165e-05 1.9138e-01 0.0000e+00
223 0.0000e+00 4.5800e-05 7.6979e-05 9.4959e-11 7.6979e-05 1.9145e-01 0.0000e+00
224 0.0000e+00 0.0000e+00 7.6794e-05 8.8592e-11 7.6794e-05 1.9153e-01 0.0000e+00
225 0.0000e+00 0.0000e+00 7.6610e-05 8.2653e-11 7.6610e-05 1.9161e-01 0.0000e+00
226 0.0000e+00 0.0000e+00 7.6427e-05 7.7114e-11 7.6427e-05 1.9168e-01 0.0000e+00
227 0.0000e+00 0.0000e+00 7.6245e-05 1.8303e-11 7.6245e-05 1.9176e-01 0.0000e+00
228 0.0000e+00 0.0000e+00 7.6063e-05 1.7132e-11 7.6063e-05 1.9183e-01 0.0000e+00
229 0.0000e+00 0.0000e+00 7.5883e-05 1.6037e-11 7.5883e-05 1.9191e-01 0.0000e+00
230 0.0000e+00 0.0000e+00 7.5703e-05 1.5012e-11 7.5703e-05 1.9199e-01 0.0000e+00
231 0.0000e+00 0.0000e+00 7.5524e-05 1.4053e-11 7.5524e-05 1.9206e-01 0.0000e+00
232 0.0000e+00 0.0000e+00 7.5346e-05 1.3155e-11 7.5346e-05 1.9214e-01 0.0000e+00
233 0.0000e+00 0.0000e+00 7.5169e-05 1.2315e-11 7.5169e-05 1.9221e-01 0.0000e+00
234 0.0000e+00 0.0000e+00 7.4992e-05 1.1528e-11 7.4992e-05 1.9229e-01 0.0000e+00
235 0.0000e+00 0.0000e+00 7.4817e-05 1.0792e-11 7.4817e-05 1.9236e-01 0.0000e+00
236 0.0000e+00 0.0000e+00 7.4642e-05 1.0104e-11 7.4642e-05 1.9244e-01 0.0000e+00
237 0.0000e+00 5.1700e-05 7.4468e-05 9.4590e-12 7.4468e-05 1.9251e-01 0.0000e+00
238 0.0000e+00 9.9800e-05 7.4295e-05 8.8556e-12 7.4295e-05 1.9259e-01 0.0000e+00
239 0.0000e+00 1.4120e-04 7.4123e-05 0.0000e+00 7.4123e-05 1.9266e-01 0.0000e+00
240 0.0000e+00 1.7290e-04 7.3951e-05 0.0000e+00 7.3951e-05 1.9273e-01 0.0000e+00
241 5.0000e-04 1.9130e-04 7.3781e-05 0.0000e+00 7.3781e-05 1.9281e-01 0.0000e+00
242 1.0000e-03 1.9970e-04 7.3611e-05 0.0000e+00 7.3611e-05 1.9288e-01 0.0000e+00
243 0.0000e+00 1.9130e-04 7.3442e-05 0.0000e+00 7.3442e-05 1.9295e-01 0.0000e+00
244 0.0000e+00 1.7290e-04 7.3273e-05 0.0000e+00 7.3273e-05 1.9303e-01 0.0000e+00
245 0.0000e+00 1.4120e-04 7.3106e-05 0.0000e+00 7.3106e-05 1.9310e-01 0.0000e+00
246 0.0000e+00 9.9800e-05 7.2939e-05 0.0000e+00 7.2939e-05 1.9317e-01 0.0000e+00
247 0.0000e+00 4.8300e-05 7.2773e-05 0.0000e+00 7.2773e-05 1.9325e-01 0.0000e+00
248 0.0000e+00 0.0000e+00 7.2607e-05 0.0000e+00 7.2607e-05 1.9332e-01 0.0000e+00
249 0.0000e+00 0.0000e+00 7.2443e-05 0.0000e+00 7.2443e-05 1.9339e-01 0.0000e+00
250 0.0000e+00 0.0000e+00 7.2279e-05 0.0000e+00 7.2279e-05 1.9346e-01 0.0000e+00
251 0.0000e+00 0.0000e+00 7.2116e-05 0.0000e+00 7.2116e-05 1.9354e-01 0.0000e+00
252 0.0000e+00 0.0000e+00 7.1954e-05 0.0000e+00 7.1954e-05 1.9361e-01 0.0000e+00
253 1.0000e-03 0.0000e+00 7.1792e-05 0.0000e+00 7.1792e-05 1.9368e-01 0.0000e+00
254 0.0000e+00 0.0000e+00 7.1631e-05 0.0000e+00 7.1631e-05 1.9375e-01 0.0000e+00
255 0.0000e+00 0.0000e+00 7.1471e-05 0.0000e+00 7.1471e-05 1.9382e-01 0.0000e+00
256 0.0000e+00 0.0000e+00 7.1312e-05 0.0000e+00 7.1312e-05 1.9389e-01 0.0000e+00
257 0.0000e+00 0.0000e+00 7.1153e-05 0.0000e+00 7.1153e-05 1.9396e-01 0.0000e+00
258 0.0000e+00 0.0000e+00 7.0995e-05 0.0000e+00 7.0995e-05 1.9404e-01 0.0000e+00
259 0.0000e+00 0.0000e+00 7.0837e-05 0.0000e+00 7.0837e-05 1.9411e-01 0.0000e+00
260 0.0000e+00 0.0000e+00 7.0681e-05 0.0000e+00 7.0681e-05 1.9418e-01 0.0000e+00
261 0.0000e+00 7.5200e-05 7.0525e-05 0.0000e+00 7.0525e-05 1.9425e-01 0.0000e+00
262 1.0000e-03 1.4510e-04 7.0370e-05 0.0000e+00 7.0370e-05 1.9432e-01 0.0000e+00
263 0.0000e+00 2.0520e-04 7.0215e-05 0.0000e+00 7.0215e-05 1.9439e-01 0.0000e+00
264 0.0000e+00 2.5130e-04 7.0061e-05 0.0000e+00 7.0061e-05 1.9446e-01 0.0000e+00
265 0.0000e+00 2.7800e-04 6.9908e-05 0.0000e+00 6.9908e-05 1.9453e-01 0.0000e+00
266 0.0000e+00 2.9030e-04 6.9755e-05 0.0000e+00 6.9755e-05 1.9460e-01 0.0000e+00
267 0.0000e+00 2.7800e-04 6.9603e-05 0.0000e+00 6.9603e-05 1.9467e-01 0.0000e+00
268 0.0000e+00 2.5130e-04 6.9452e-05 0.0000e+00 6.9452e-05 1.9474e-01 0.0000e+00
269 0.0000e+00 2.0520e-04 6.9302e-05 0.0000e+00 6.9302e-05 1.9481e-01 0.0000e+00
270 0.0000e+00 1.4510e-04 6.9152e-05 0.0000e+00 6.9152e-05 1.9488e-01 0.0000e+00
271 0.0000e+00 7.0200e-05 6.9002e-05 0.0000e+00 6.9002e-05 1.9494e-01 0.0000e+00
272 0.0000e+00 0.0000e+00 6.8854e-05 0.0000e+00 6.8854e-05 1.9501e-01 0.0000e+00
273 0.0000e+00 0.0000e+00 6.8706e-05 0.0000e+00 6.8706e-05 1.9508e-01 0.0000e+00
274 0.0000e+00 0.0000e+00 6.8558e-05 0.0000e+00 6.8558e-05 1.9515e-01 0.0000e+00
275 0.0000e+00 0.0000e+00 6.8412e-05 0.0000e+00 6.8412e-05 1.9522e-01 0.0000e+00
276 0.0000e+00 0.0000e+00 6.8266e-05 0.0000e+00 6.8266e-05 1.9529e-01 0.0000e+00
277 0.0000e+00 0.0000e+00 6.8120e-05 0.0000e+00 6.8120e-05 1.9536e-01 0.0000e+00
278 0.0000e+00 0.0000e+00 6.7975e-05 0.0000e+00 6.7975e-05 1.9542e-01 0.0000e+00
279 0.0000e+00 0.0000e+00 6.7831e-05 0.0000e+00 6.7831e-05 1.9549e-01 0.0000e+00
280 0.0000e+00 0.0000e+00 6.7687e-05 0.0000e+00 6.7687e-05 1.9556e-01 0.0000e+00
281 0.0000e+00 0.0000e+00 6.7544e-05 0.0000e+00 6.7544e-05 1.9563e-01 0.0000e+00
282 0.0000e+00 0.0000e+00 6.7402e-05 0.0000e+00 6.7402e-05 1.9569e-01 0.0000e+00
283 1.0000e-03 0.0000e+00 6.7260e-05 0.0000e+00 6.7260e-05 1.9576e-01 0.0000e+00
284 5.0000e-04 0.0000e+00 6.7119e-05 0.0000e+00 6.7119e-05 1.9583e-01 0.0000e+00
285 2.5000e-03 2.4400e-05 6.9973e-05 1.7843e-05 6.6978e-05 1.9588e-01 2.9945e-06
286 6.0000e-03 4.7000e-05 1.8108e-04 6.7693e-04 6.6876e-05 1.9527e-01 1.1420e-04
287 4.0000e-03 6.6500e-05 1.4388e-04 1.0076e-03 6.8163e-05 1.9433e-01 7.5714e-05
288 1.5000e-03 8.1400e-05 9.7650e-05 1.0292e-03 7.0193e-05 1.9337e-01 2.7457e-05
289 0.0000e+00 9.0100e-05 7.2329e-05 9.0123e-04 7.2329e-05 1.9254e-01 0.0000e+00
290 0.0000e+00 9.4000e-05 7.4227e-05 7.9760e-04 7.4227e-05 1.9182e-01 0.0000e+00
291 5.0000e-04 9.0100e-05 8.0424e-05 7.3505e-04 7.5924e-05 1.9116e-01 4.5005e-06
292 0.0000e+00 8.1400e-05 7.7504e-05 6.5288e-04 7.7504e-05 1.9058e-01 0.0000e+00
293 0.0000e+00 6.6500e-05 7.8910e-05 5.8184e-04 7.8910e-05 1.9008e-01 0.0000e+00
294 1.5000e-03 4.7000e-05 1.0434e-04 6.6467e-04 8.0160e-05 1.8949e-01 2.4179e-05
295 1.0000e-03 2.2800e-05 9.9891e-05 6.9502e-04 8.1638e-05 1.8888e-01 1.8253e-05
296 0.0000e+00 0.0000e+00 8.3218e-05 6.1203e-04 8.3218e-05 1.8835e-01 0.0000e+00
297 0.0000e+00 0.0000e+00 8.4604e-05 5.4425e-04 8.4604e-05 1.8789e-01 0.0000e+00
298 0.0000e+00 0.0000e+00 8.5828e-05 4.8520e-04 8.5828e-05 1.8749e-01 0.0000e+00
299 0.0000e+00 0.0000e+00 8.6906e-05 4.3326e-04 8.6906e-05 1.8715e-01 0.0000e+00
300 0.0000e+00 0.0000e+00 8.7852e-05 3.8733e-04 8.7852e-05 1.8685e-01 0.0000e+00
301 0.0000e+00 0.0000e+00 8.8678e-05 3.4659e-04 8.8678e-05 1.8659e-01 0.0000e+00
302 0.0000e+00 0.0000e+00 8.9396e-05 3.1037e-04 8.9396e-05 1.8637e-01 0.0000e+00
303 0.0000e+00 0.0000e+00 9.0015e-05 2.7813e-04 9.0015e-05 1.8618e-01 0.0000e+00
304 0.0000e+00 0.0000e+00 9.0546e-05 2.4939e-04 9.0546e-05 1.8602e-01 0.0000e+00
305 0.0000e+00 0.0000e+00 9.0996e-05 2.2375e-04 9.0996e-05 1.8589e-01 0.0000e+00
306 0.0000e+00 0.0000e+00 9.1375e-05 2.0086e-04 9.1375e-05 1.8578e-01 0.0000e+00
307 0.0000e+00 0.0000e+00 9.1688e-05 1.8040e-04 9.1688e-05 1.8569e-01 0.0000e+00
308 0.0000e+00 0.0000e+00 9.1942e-05 1.6211e-04 9.1942e-05 1.8562e-01 0.0000e+00
309 0.0000e+00 2.8800e-05 9.2144e-05 1.4575e-04 9.2144e-05 1.8557e-01 0.0000e+00
310 5.0000e-04 5.5500e-05 1.0089e-04 1.8445e-04 9.2299e-05 1.8548e-01 8.5887e-06
311 0.0000e+00 7.8500e-05 9.2565e-05 1.6151e-04 9.2565e-05 1.8541e-01 0.0000e+00
312 0.0000e+00 9.6200e-05 9.2764e-05 1.4390e-04 9.2764e-05 1.8536e-01 0.0000e+00
313 0.0000e+00 1.0640e-04 9.2913e-05 1.2866e-04 9.2913e-05 1.8532e-01 0.0000e+00
314 0.0000e+00 1.1110e-04 9.3017e-05 1.1525e-04 9.3017e-05 1.8530e-01 0.0000e+00
315 0.0000e+00 1.0640e-04 9.3081e-05 1.0338e-04 9.3081e-05 1.8529e-01 0.0000e+00
316 0.0000e+00 9.6200e-05 9.3111e-05 9.2821e-05 9.3111e-05 1.8529e-01 0.0000e+00
317 5.0000e-04 7.8500e-05 9.3110e-05 8.3413e-05 9.3110e-05 1.8530e-01 0.0000e+00
318 1.0000e-03 5.5500e-05 1.0793e-04 1.6742e-04 9.3082e-05 1.8522e-01 1.4844e-05
319 5.0000e-04 2.6900e-05 1.0181e-04 1.9583e-04 9.3299e-05 1.8512e-01 8.5137e-06
320 0.0000e+00 0.0000e+00 9.3598e-05 1.6917e-04 9.3598e-05 1.8504e-01 0.0000e+00
321 0.0000e+00 0.0000e+00 9.3819e-05 1.4920e-04 9.3819e-05 1.8499e-01 0.0000e+00
322 1.0000e-03 0.0000e+00 1.1262e-04 2.4861e-04 9.3982e-05 1.8483e-01 1.8638e-05
323 1.0000e-03 0.0000e+00 1.1359e-04 3.3210e-04 9.4437e-05 1.8460e-01 1.9153e-05
324 0.0000e+00 0.0000e+00 9.5141e-05 2.8446e-04 9.5141e-05 1.8441e-01 0.0000e+00
325 0.0000e+00 0.0000e+00 9.5706e-05 2.4991e-04 9.5706e-05 1.8425e-01 0.0000e+00
326 0.0000e+00 0.0000e+00 9.6168e-05 2.2088e-04 9.6168e-05 1.8413e-01 0.0000e+00
327 0.0000e+00 0.0000e+00 9.6544e-05 1.9588e-04 9.6544e-05 1.8403e-01 0.0000e+00
328 0.0000e+00 0.0000e+00 9.6844e-05 1.7411e-04 9.6844e-05 1.8395e-01 0.0000e+00
329 0.0000e+00 0.0000e+00 9.7078e-05 1.5504e-04 9.7078e-05 1.8389e-01 0.0000e+00
330 0.0000e+00 0.0000e+00 9.7254e-05 1.3825e-04 9.7254e-05 1.8385e-01 0.0000e+00
331 0.0000e+00 0.0000e+00 9.7378e-05 1.2344e-04 9.7378e-05 1.8383e-01 0.0000e+00
332 0.0000e+00 0.0000e+00 9.7458e-05 1.1033e-04 9.7458e-05 1.8381e-01 0.0000e+00
333 0.0000e+00 1.1200e-05 9.7497e-05 9.8715e-05 9.7497e-05 1.8381e-01 0.0000e+00
334 0.0000e+00 2.1600e-05 9.7501e-05 8.8397e-05 9.7501e-05 1.8382e-01 0.0000e+00
335 0.0000e+00 3.0600e-05 9.7473e-05 7.9222e-05 9.7473e-05 1.8384e-01 0.0000e+00
336 0.0000e+00 3.7400e-05 9.7417e-05 7.1051e-05 9.7417e-05 1.8387e-01 0.0000e+00
337 0.0000e+00 4.1400e-05 9.7337e-05 6.3768e-05 9.7337e-05 1.8390e-01 0.0000e+00
338 5.0000e-04 4.3200e-05 1.0409e-04 1.0041e-04 9.7235e-05 1.8390e-01 6.8561e-06
339 5.0000e-04 4.1400e-05 1.0599e-04 1.4148e-04 9.7245e-05 1.8385e-01 8.7493e-06
340 1.5000e-03 3.7400e-05 1.2532e-04 2.9697e-04 9.7379e-05 1.8365e-01 2.7937e-05
341 1.5000e-03 3.0600e-05 1.2600e-04 4.2593e-04 9.7989e-05 1.8333e-01 2.8014e-05
342 1.0000e-03 2.1600e-05 1.1757e-04 4.7863e-04 9.8998e-05 1.8295e-01 1.8567e-05
343 5.0000e-04 1.0500e-05 1.0934e-04 4.6936e-04 1.0018e-04 1.8258e-01 9.1630e-06
344 1.0000e-03 0.0000e+00 1.2029e-04 5.2842e-04 1.0134e-04 1.8215e-01 1.8952e-05
345 5.0000e-04 0.0000e+00 1.1228e-04 5.1773e-04 1.0270e-04 1.8173e-01 9.5767e-06
346 0.0000e+00 0.0000e+00 1.0404e-04 4.5118e-04 1.0404e-04 1.8139e-01 0.0000e+00
347 0.0000e+00 0.0000e+00 1.0518e-04 3.9782e-04 1.0518e-04 1.8109e-01 0.0000e+00
348 0.0000e+00 0.0000e+00 1.0615e-04 3.5200e-04 1.0615e-04 1.8085e-01 0.0000e+00
349 0.0000e+00 0.0000e+00 1.0696e-04 3.1213e-04 1.0696e-04 1.8064e-01 0.0000e+00
350 0.0000e+00 0.0000e+00 1.0765e-04 2.7725e-04 1.0765e-04 1.8047e-01 0.0000e+00
351 0.0000e+00 0.0000e+00 1.0822e-04 2.4660e-04 1.0822e-04 1.8034e-01 0.0000e+00
352 0.0000e+00 0.0000e+00 1.0869e-04 2.1960e-04 1.0869e-04 1.8022e-01 0.0000e+00
353 5.0000e-04 0.0000e+00 1.1865e-04 2.5786e-04 1.0907e-04 1.8008e-01 9.5767e-06
354 0.0000e+00 0.0000e+00 1.0958e-04 2.2421e-04 1.0958e-04 1.7996e-01 0.0000e+00
355 0.0000e+00 0.0000e+00 1.0997e-04 1.9877e-04 1.0997e-04 1.7987e-01 0.0000e+00
356 0.0000e+00 0.0000e+00 1.1028e-04 1.7676e-04 1.1028e-04 1.7981e-01 0.0000e+00
357 0.0000e+00 7.2300e-05 1.1051e-04 1.5745e-04 1.1051e-04 1.7976e-01 0.0000e+00
358 0.0000e+00 1.3960e-04 1.1067e-04 1.4044e-04 1.1067e-04 1.7973e-01 0.0000e+00
359 0.0000e+00 1.9750e-04 1.1077e-04 1.2540e-04 1.1077e-04 1.7971e-01 0.0000e+00
360 0.0000e+00 2.4180e-04 1.1082e-04 1.1208e-04 1.1082e-04 1.7971e-01 0.0000e+00
361 0.0000e+00 2.6750e-04 1.1083e-04 1.0026e-04 1.1083e-04 1.7972e-01 0.0000e+00
362 0.0000e+00 2.7930e-04 1.1079e-04 8.9760e-05 1.1079e-04 1.7974e-01 0.0000e+00
363 0.0000e+00 2.6750e-04 1.1072e-04 8.0414e-05 1.1072e-04 1.7978e-01 0.0000e+00
364 0.0000e+00 2.4180e-04 1.1061e-04 7.2089e-05 1.1061e-04 1.7981e-01 0.0000e+00
365 0.0000e+00 1.9750e-04 1.1048e-04 6.4667e-05 1.1048e-04 1.7986e-01 0.0000e+00
366 0.0000e+00 1.3960e-04 1.1032e-04 5.8044e-05 1.1032e-04 1.7991e-01 0.0000e+00
367 0.0000e+00 6.7600e-05 1.1014e-04 5.2129e-05 1.1014e-04 1.7997e-01 0.0000e+00
368 0.0000e+00 0.0000e+00 1.0994e-04 4.6842e-05 1.0994e-04 1.8003e-01 0.0000e+00
369 0.0000e+00 0.0000e+00 1.0973e-04 4.2113e-05 1.0973e-04 1.8010e-01 0.0000e+00
370 0.0000e+00 0.0000e+00 1.0949e-04 3.7882e-05 1.0949e-04 1.8017e-01 0.0000e+00
371 0.0000e+00 0.0000e+00 1.0925e-04 3.4092e-05 1.0925e-04 1.8025e-01 0.0000e+00
372 0.0000e+00 0.0000e+00 1.0899e-04 3.0696e-05 1.0899e-04 1.8033e-01 0.0000e+00
373 5.0000e-04 0.0000e+00 1.0873e-04 2.7651e-05 1.0873e-04 1.8041e-01 0.0000e+00
374 7.5000e-03 0.0000e+00 2.2866e-04 7.4957e-04 1.0845e-04 1.7977e-01 1.2021e-04
375 4.5000e-03 0.0000e+00 2.0125e-04 1.1647e-03 1.1065e-04 1.7871e-01 9.0602e-05
376 2.5000e-03 0.0000e+00 1.6413e-04 1.2907e-03 1.1435e-04 1.7754e-01 4.9783e-05
377 5.0000e-04 0.0000e+00 1.2812e-04 1.1688e-03 1.1863e-04 1.7648e-01 9.4824e-06
378 0.0000e+00 0.0000e+00 1.2259e-04 1.0188e-03 1.2259e-04 1.7559e-01 0.0000e+00
379 0.0000e+00 0.0000e+00 1.2607e-04 8.9507e-04 1.2607e-04 1.7482e-01 0.0000e+00
380 0.0000e+00 0.0000e+00 1.2914e-04 7.8847e-04 1.2914e-04 1.7416e-01 0.0000e+00
381 0.0000e+00 1.7400e-05 1.3183e-04 6.9595e-04 1.3183e-04 1.7360e-01 0.0000e+00
382 0.0000e+00 3.3600e-05 1.3417e-04 6.1521e-04 1.3417e-04 1.7312e-01 0.0000e+00
383 1.0000e-03 4.7500e-05 1.5769e-04 6.6499e-04 1.3620e-04 1.7259e-01 2.1490e-05
384 1.0000e-03 5.8200e-05 1.6004e-04 7.0132e-04 1.3847e-04 1.7202e-01 2.1569e-05
385 0.0000e+00 6.4300e-05 1.4093e-04 6.0990e-04 1.4093e-04 1.7155e-01 0.0000e+00
386 5.0000e-04 6.7200e-05 1.5156e-04 5.8559e-04 1.4301e-04 1.7111e-01 8.5499e-06
387 0.0000e+00 6.4300e-05 1.4500e-04 5.1332e-04 1.4500e-04 1.7074e-01 0.0000e+00
388 0.0000e+00 5.8200e-05 1.4668e-04 4.5311e-04 1.4668e-04 1.7044e-01 0.0000e+00
389 0.0000e+00 4.7500e-05 1.4809e-04 4.0077e-04 1.4809e-04 1.7018e-01 0.0000e+00
390 5.0000e-04 3.3600e-05 1.5523e-04 3.8916e-04 1.4927e-04 1.6994e-01 5.9604e-06
391 0.0000e+00 1.6300e-05 1.5039e-04 3.4213e-04 1.5039e-04 1.6975e-01 0.0000e+00
392 5.0000e-04 0.0000e+00 1.6149e-04 3.6146e-04 1.5129e-04 1.6954e-01 1.0192e-05
393 5.0000e-04 0.0000e+00 1.6361e-04 3.8056e-04 1.5229e-04 1.6931e-01 1.1322e-05
394 0.0000e+00 0.0000e+00 1.5338e-04 3.3044e-04 1.5338e-04 1.6914e-01 0.0000e+00
395 0.0000e+00 0.0000e+00 1.5423e-04 2.9092e-04 1.5423e-04 1.6900e-01 0.0000e+00
396 0.0000e+00 0.0000e+00 1.5489e-04 2.5698e-04 1.5489e-04 1.6890e-01 0.0000e+00
397 0.0000e+00 0.0000e+00 1.5539e-04 2.2748e-04 1.5539e-04 1.6883e-01 0.0000e+00
398 0.0000e+00 0.0000e+00 1.5574e-04 2.0168e-04 1.5574e-04 1.6878e-01 0.0000e+00
399 0.0000e+00 0.0000e+00 1.5596e-04 1.7902e-04 1.5596e-04 1.6876e-01 0.0000e+00
400 0.0000e+00 0.0000e+00 1.5607e-04 1.5909e-04 1.5607e-04 1.6875e-01 0.0000e+00
401 0.0000e+00 0.0000e+00 1.5609e-04 1.4150e-04 1.5609e-04 1.6877e-01 0.0000e+00
402 1.0000e-03 0.0000e+00 1.7866e-04 2.5729e-04 1.5602e-04 1.6867e-01 2.2644e-05
403 0.0000e+00 0.0000e+00 1.5651e-04 2.1652e-04 1.5651e-04 1.6861e-01 0.0000e+00
404 0.0000e+00 0.0000e+00 1.5681e-04 1.8900e-04 1.5681e-04 1.6858e-01 0.0000e+00
405 5.0000e-04 2.4600e-05 1.6829e-04 2.3183e-04 1.5696e-04 1.6850e-01 1.1322e-05
406 5.0000e-04 4.7400e-05 1.6810e-04 2.6122e-04 1.5733e-04 1.6840e-01 1.0765e-05
407 0.0000e+00 6.7100e-05 1.5784e-04 2.2366e-04 1.5784e-04 1.6833e-01 0.0000e+00
408 5.0000e-04 8.2200e-05 1.6690e-04 2.4629e-04 1.5817e-04 1.6824e-01 8.7308e-06
409 0.0000e+00 9.0900e-05 1.5860e-04 2.1202e-04 1.5860e-04 1.6819e-01 0.0000e+00
410 0.0000e+00 9.5000e-05 1.5887e-04 1.8567e-04 1.5887e-04 1.6816e-01 0.0000e+00
411 0.0000e+00 9.0900e-05 1.5900e-04 1.6330e-04 1.5900e-04 1.6816e-01 0.0000e+00
412 0.0000e+00 8.2200e-05 1.5902e-04 1.4402e-04 1.5902e-04 1.6817e-01 0.0000e+00
413 0.0000e+00 6.7100e-05 1.5895e-04 1.2727e-04 1.5895e-04 1.6821e-01 0.0000e+00
414 0.0000e+00 4.7400e-05 1.5879e-04 1.1265e-04 1.5879e-04 1.6825e-01 0.0000e+00
415 0.0000e+00 2.3000e-05 1.5856e-04 9.9857e-05 1.5856e-04 1.6831e-01 0.0000e+00
416 0.0000e+00 0.0000e+00 1.5827e-04 8.8623e-05 1.5827e-04 1.6838e-01 0.0000e+00
417 0.0000e+00 0.0000e+00 1.5793e-04 7.8740e-05 1.5793e-04 1.6846e-01 0.0000e+00
418 0.0000e+00 0.0000e+00 1.5754e-04 7.0030e-05 1.5754e-04 1.6855e-01 0.0000e+00
419 0.0000e+00 0.0000e+00 1.5711e-04 6.2342e-05 1.5711e-04 1.6864e-01 0.0000e+00
420 0.0000e+00 0.0000e+00 1.5664e-04 5.5545e-05 1.5664e-04 1.6874e-01 0.0000e+00
421 0.0000e+00 0.0000e+00 1.5615e-04 4.9531e-05 1.5615e-04 1.6885e-01 0.0000e+00
422 0.0000e+00 0.0000e+00 1.5563e-04 4.4201e-05 1.5563e-04 1.6896e-01 0.0000e+00
423 0.0000e+00 0.0000e+00 1.5509e-04 3.9474e-05 1.5509e-04 1.6908e-01 0.0000e+00
424 0.0000e+00 0.0000e+00 1.5453e-04 3.5278e-05 1.5453e-04 1.6920e-01 0.0000e+00
425 0.0000e+00 0.0000e+00 1.5396e-04 3.1548e-05 1.5396e-04 1.6932e-01 0.0000e+00
426 0.0000e+00 0.0000e+00 1.5337e-04 2.8231e-05 1.5337e-04 1.6944e-01 0.0000e+00
427 5.0000e-04 0.0000e+00 1.5277e-04 2.5279e-05 1.5277e-04 1.6957e-01 0.0000e+00
428 2.0000e-03 0.0000e+00 1.9573e-04 2.7372e-04 1.5216e-04 1.6945e-01 4.3572e-05
429 3.0000e-03 3.2600e-05 2.2067e-04 6.1196e-04 1.5274e-04 1.6899e-01 6.7933e-05
430 2.0000e-03 6.2900e-05 1.9950e-04 7.5961e-04 1.5495e-04 1.6838e-01 4.4550e-05
431 1.0000e-03 8.9000e-05 1.7912e-04 7.6091e-04 1.5790e-04 1.6778e-01 2.1220e-05
432 0.0000e+00 1.0900e-04 1.6091e-04 6.4920e-04 1.6091e-04 1.6729e-01 0.0000e+00
433 5.0000e-04 1.2060e-04 1.7022e-04 6.0351e-04 1.6338e-04 1.6685e-01 6.8430e-06
434 0.0000e+00 1.2590e-04 1.6564e-04 5.2336e-04 1.6564e-04 1.6650e-01 0.0000e+00
435 0.0000e+00 1.2060e-04 1.6751e-04 4.5741e-04 1.6751e-04 1.6621e-01 0.0000e+00
436 0.0000e+00 1.0900e-04 1.6903e-04 4.0097e-04 1.6903e-04 1.6597e-01 0.0000e+00
437 3.5000e-03 8.9000e-05 2.3877e-04 7.5892e-04 1.7026e-04 1.6539e-01 6.8512e-05
438 0.0000e+00 6.2900e-05 1.7342e-04 6.3111e-04 1.7342e-04 1.6493e-01 0.0000e+00
439 0.0000e+00 3.0500e-05 1.7592e-04 5.4675e-04 1.7592e-04 1.6456e-01 0.0000e+00
440 0.0000e+00 0.0000e+00 1.7797e-04 4.7709e-04 1.7797e-04 1.6426e-01 0.0000e+00
441 0.0000e+00 0.0000e+00 1.7964e-04 4.1784e-04 1.7964e-04 1.6402e-01 0.0000e+00
442 0.0000e+00 0.0000e+00 1.8098e-04 3.6683e-04 1.8098e-04 1.6383e-01 0.0000e+00
443 0.0000e+00 0.0000e+00 1.8204e-04 3.2263e-04 1.8204e-04 1.6369e-01 0.0000e+00
444 5.0000e-04 0.0000e+00 1.9004e-04 3.2777e-04 1.8284e-04 1.6355e-01 7.1964e-06
445 0.0000e+00 0.0000e+00 1.8367e-04 2.8456e-04 1.8367e-04 1.6345e-01 0.0000e+00
446 0.0000e+00 0.0000e+00 1.8425e-04 2.5011e-04 1.8425e-04 1.6338e-01 0.0000e+00
447 0.0000e+00 0.0000e+00 1.8463e-04 2.2042e-04 1.8463e-04 1.6335e-01 0.0000e+00
448 0.0000e+00 0.0000e+00 1.8484e-04 1.9457e-04 1.8484e-04 1.6334e-01 0.0000e+00
449 0.0000e+00 0.0000e+00 1.8489e-04 1.7198e-04 1.8489e-04 1.6335e-01 0.0000e+00
450 0.0000e+00 0.0000e+00 1.8482e-04 1.5218e-04 1.8482e-04 1.6338e-01 0.0000e+00
451 0.0000e+00 0.0000e+00 1.8463e-04 1.3481e-04 1.8463e-04 1.6343e-01 0.0000e+00
452 5.0000e-04 0.0000e+00 1.9566e-04 1.8826e-04 1.8434e-04 1.6343e-01 1.1322e-05
453 0.0000e+00 2.2400e-05 1.8436e-04 1.5935e-04 1.8436e-04 1.6345e-01 0.0000e+00
454 0.0000e+00 4.3300e-05 1.8422e-04 1.3937e-04 1.8422e-04 1.6350e-01 0.0000e+00
455 0.0000e+00 6.1200e-05 1.8396e-04 1.2256e-04 1.8396e-04 1.6356e-01 0.0000e+00
456 0.0000e+00 7.5000e-05 1.8361e-04 1.0809e-04 1.8361e-04 1.6363e-01 0.0000e+00
457 0.0000e+00 8.3000e-05 1.8318e-04 9.5523e-05 1.8318e-04 1.6372e-01 0.0000e+00
458 0.0000e+00 8.6600e-05 1.8268e-04 8.4551e-05 1.8268e-04 1.6382e-01 0.0000e+00
459 0.0000e+00 8.3000e-05 1.8212e-04 7.4941e-05 1.8212e-04 1.6393e-01 0.0000e+00
460 0.0000e+00 7.5000e-05 1.8151e-04 6.6503e-05 1.8151e-04 1.6404e-01 0.0000e+00
461 0.0000e+00 6.1200e-05 1.8086e-04 5.9077e-05 1.8086e-04 1.6416e-01 0.0000e+00
462 0.0000e+00 4.3300e-05 1.8017e-04 5.2531e-05 1.8017e-04 1.6429e-01 0.0000e+00
463 0.0000e+00 2.1000e-05 1.7945e-04 4.6753e-05 1.7945e-04 1.6442e-01 0.0000e+00
464 0.0000e+00 0.0000e+00 1.7871e-04 4.1645e-05 1.7871e-04 1.6456e-01 0.0000e+00
465 1.0000e-03 0.0000e+00 1.8584e-04 8.4591e-05 1.7795e-04 1.6465e-01 7.8990e-06
466 5.0000e-04 0.0000e+00 1.8875e-04 1.3807e-04 1.7743e-04 1.6469e-01 1.1322e-05
467 0.0000e+00 0.0000e+00 1.7721e-04 1.1390e-04 1.7721e-04 1.6476e-01 0.0000e+00
468 0.0000e+00 0.0000e+00 1.7686e-04 9.8304e-05 1.7686e-04 1.6484e-01 0.0000e+00
469 5.0000e-04 0.0000e+00 1.8775e-04 1.5348e-04 1.7643e-04 1.6486e-01 1.1322e-05
470 0.0000e+00 0.0000e+00 1.7630e-04 1.2789e-04 1.7630e-04 1.6491e-01 0.0000e+00
471 0.0000e+00 0.0000e+00 1.7603e-04 1.1070e-04 1.7603e-04 1.6497e-01 0.0000e+00
472 5.0000e-04 0.0000e+00 1.8700e-04 1.6434e-04 1.7567e-04 1.6498e-01 1.1322e-05
473 5.0000e-04 0.0000e+00 1.8693e-04 2.0529e-04 1.7561e-04 1.6495e-01 1.1322e-05
474 0.0000e+00 0.0000e+00 1.7577e-04 1.7217e-04 1.7577e-04 1.6496e-01 0.0000e+00
475 0.0000e+00 0.0000e+00 1.7575e-04 1.4900e-04 1.7575e-04 1.6498e-01 0.0000e+00
476 0.0000e+00 0.0000e+00 1.7561e-04 1.2985e-04 1.7561e-04 1.6503e-01 0.0000e+00
477 0.0000e+00 9.2000e-06 1.7536e-04 1.1362e-04 1.7536e-04 1.6509e-01 0.0000e+00
478 0.0000e+00 1.7800e-05 1.7502e-04 9.9707e-05 1.7502e-04 1.6517e-01 0.0000e+00
479 0.0000e+00 2.5200e-05 1.7461e-04 8.7692e-05 1.7461e-04 1.6525e-01 0.0000e+00
480 0.0000e+00 3.0900e-05 1.7413e-04 7.7271e-05 1.7413e-04 1.6535e-01 0.0000e+00
481 0.0000e+00 3.4200e-05 1.7361e-04 6.8200e-05 1.7361e-04 1.6546e-01 0.0000e+00
482 5.0000e-04 3.5700e-05 1.8170e-04 1.1196e-04 1.7304e-04 1.6552e-01 8.6683e-06
483 2.5000e-03 3.4200e-05 2.2851e-04 4.2632e-04 1.7271e-04 1.6526e-01 5.5802e-05
484 1.0000e-03 3.0900e-05 1.9595e-04 4.7314e-04 1.7408e-04 1.6496e-01 2.1870e-05
485 0.0000e+00 2.5200e-05 1.7572e-04 3.9574e-04 1.7572e-04 1.6474e-01 0.0000e+00
486 1.0000e-03 1.7800e-05 1.9830e-04 4.6921e-04 1.7693e-04 1.6445e-01 2.1374e-05
487 0.0000e+00 8.6000e-06 1.7855e-04 3.9654e-04 1.7855e-04 1.6423e-01 0.0000e+00
488 0.0000e+00 0.0000e+00 1.7977e-04 3.4361e-04 1.7977e-04 1.6407e-01 0.0000e+00
489 0.0000e+00 0.0000e+00 1.8069e-04 2.9945e-04 1.8069e-04 1.6395e-01 0.0000e+00
490 0.0000e+00 0.0000e+00 1.8137e-04 2.6185e-04 1.8137e-04 1.6387e-01 0.0000e+00
491 0.0000e+00 0.0000e+00 1.8182e-04 2.2954e-04 1.8182e-04 1.6382e-01 0.0000e+00
492 0.0000e+00 0.0000e+00 1.8209e-04 2.0162e-04 1.8209e-04 1.6380e-01 0.0000e+00
493 0.0000e+00 0.0000e+00 1.8221e-04 1.7740e-04 1.8221e-04 1.6381e-01 0.0000e+00
494 0.0000e+00 0.0000e+00 1.8218e-04 1.5632e-04 1.8218e-04 1.6383e-01 0.0000e+00
495 0.0000e+00 0.0000e+00 1.8203e-04 1.3793e-04 1.8203e-04 1.6388e-01 0.0000e+00
496 0.0000e+00 0.0000e+00 1.8178e-04 1.2185e-04 1.8178e-04 1.6394e-01 0.0000e+00
497 0.0000e+00 0.0000e+00 1.8144e-04 1.0776e-04 1.8144e-04 1.6401e-01 0.0000e+00
498 0.0000e+00 0.0000e+00 1.8102e-04 9.5404e-05 1.8102e-04 1.6410e-01 0.0000e+00
499 0.0000e+00 0.0000e+00 1.8054e-04 8.4545e-05 1.8054e-04 1.6419e-01 0.0000e+00
500 0.0000e+00 0.0000e+00 1.8000e-04 7.4990e-05 1.8000e-04 1.6430e-01 0.0000e+00
501 0.0000e+00 6.3800e-05 1.7941e-04 6.6574e-05 1.7941e-04 1.6441e-01 0.0000e+00
502 0.0000e+00 1.2310e-04 1.7878e-04 5.9151e-05 1.7878e-04 1.6453e-01 0.0000e+00
503 0.0000e+00 1.7420e-04 1.7811e-04 5.2598e-05 1.7811e-04 1.6466e-01 0.0000e+00
504 0.0000e+00 2.1330e-04 1.7741e-04 4.6807e-05 1.7741e-04 1.6479e-01 0.0000e+00
505 0.0000e+00 2.3600e-04 1.7669e-04 4.1683e-05 1.7669e-04 1.6492e-01 0.0000e+00
506 0.0000e+00 2.4640e-04 1.7595e-04 3.7147e-05 1.7595e-04 1.6506e-01 0.0000e+00
507 0.0000e+00 2.3600e-04 1.7518e-04 3.3127e-05 1.7518e-04 1.6520e-01 0.0000e+00
508 0.0000e+00 2.1330e-04 1.7441e-04 2.9562e-05 1.7441e-04 1.6535e-01 0.0000e+00
509 0.0000e+00 1.7420e-04 1.7362e-04 2.6397e-05 1.7362e-04 1.6550e-01 0.0000e+00
510 0.0000e+00 1.2310e-04 1.7282e-04 2.3586e-05 1.7282e-04 1.6564e-01 0.0000e+00
511 0.0000e+00 5.9600e-05 1.7202e-04 2.1086e-05 1.7202e-04 1.6580e-01 0.0000e+00
512 0.0000e+00 0.0000e+00 1.7121e-04 1.8863e-05 1.7121e-04 1.6595e-01 0.0000e+00
513 0.0000e+00 0.0000e+00 1.7040e-04 1.6883e-05 1.7040e-04 1.6610e-01 0.0000e+00
514 0.0000e+00 0.0000e+00 1.6958e-04 1.5120e-05 1.6958e-04 1.6626e-01 0.0000e+00
515 0.0000e+00 0.0000e+00 1.6877e-04 1.3548e-05 1.6877e-04 1.6641e-01 0.0000e+00
516 0.0000e+00 0.0000e+00 1.6795e-04 1.2146e-05 1.6795e-04 1.6657e-01 0.0000e+00
517 0.0000e+00 0.0000e+00 1.6713e-04 1.0895e-05 1.6713e-04 1.6672e-01 0.0000e+00
518 0.0000e+00 0.0000e+00 1.6632e-04 9.7772e-06 1.6632e-04 1.6688e-01 0.0000e+00
519 0.0000e+00 0.0000e+00 1.6551e-04 8.7785e-06 1.6551e-04 1.6704e-01 0.0000e+00
520 0.0000e+00 0.0000e+00 1.6470e-04 7.8856e-06 1.6470e-04 1.6719e-01 0.0000e+00
521 0.0000e+00 0.0000e+00 1.6389e-04 7.0868e-06 1.6389e-04 1.6735e-01 0.0000e+00
522 0.0000e+00 0.0000e+00 1.6309e-04 6.3718e-06 1.6309e-04 1.6751e-01 0.0000e+00
523 0.0000e+00 0.0000e+00 1.6230e-04 5.7311e-06 1.6230e-04 1.6766e-01 0.0000e+00
524 0.0000e+00 0.0000e+00 1.6150e-04 5.1575e-06 1.6150e-04 1.6782e-01 0.0000e+00
525 0.0000e+00 4.1700e-05 1.6072e-04 4.6432e-06 1.6072e-04 1.6798e-01 0.0000e+00
526 0.0000e+00 8.0400e-05 1.5993e-04 4.1820e-06 1.5993e-04 1.6813e-01 0.0000e+00
527 0.0000e+00 1.1380e-04 1.5916e-04 3.7681e-06 1.5916e-04 1.6829e-01 0.0000e+00
528 0.0000e+00 1.3930e-04 1.5839e-04 3.3966e-06 1.5839e-04 1.6844e-01 0.0000e+00
529 0.0000e+00 1.5420e-04 1.5762e-04 3.0628e-06 1.5762e-04 1.6860e-01 0.0000e+00
530 0.0000e+00 1.6090e-04 1.5686e-04 2.7630e-06 1.5686e-04 1.6875e-01 0.0000e+00
531 0.0000e+00 1.5420e-04 1.5611e-04 2.4934e-06 1.5611e-04 1.6890e-01 0.0000e+00
532 0.0000e+00 1.3930e-04 1.5536e-04 2.2509e-06 1.5536e-04 1.6906e-01 0.0000e+00
533 0.0000e+00 1.1380e-04 1.5462e-04 2.0322e-06 1.5462e-04 1.6921e-01 0.0000e+00
534 0.0000e+00 8.0400e-05 1.5388e-04 1.8360e-06 1.5388e-04 1.6936e-01 0.0000e+00
535 0.0000e+00 3.8900e-05 1.5315e-04 1.6593e-06 1.5315e-04 1.6951e-01 0.0000e+00
536 0.0000e+00 0.0000e+00 1.5243e-04 1.5001e-06 1.5243e-04 1.6966e-01 0.0000e+00
537 0.0000e+00 0.0000e+00 1.5171e-04 1.3567e-06 1.5171e-04 1.6981e-01 0.0000e+00
538 0.0000e+00 0.0000e+00 1.5100e-04 1.2273e-06 1.5100e-04 1.6996e-01 0.0000e+00
539 0.0000e+00 0.0000e+00 1.5030e-04 1.1107e-06 1.5030e-04 1.7011e-01 0.0000e+00
540 0.0000e+00 0.0000e+00 1.4960e-04 1.0055e-06 1.4960e-04 1.7026e-01 0.0000e+00
541 0.0000e+00 0.0000e+00 1.4891e-04 9.1049e-07 1.4891e-04 1.7041e-01 0.0000e+00
542 0.0000e+00 0.0000e+00 1.4822e-04 8.2474e-07 1.4822e-04 1.7056e-01 0.0000e+00
543 0.0000e+00 0.0000e+00 1.4754e-04 7.4729e-07 1.4754e-04 1.7070e-01 0.0000e+00
544 0.0000e+00 0.0000e+00 1.4686e-04 6.7653e-07 1.4686e-04 1.7085e-01 0.0000e+00
545 0.0000e+00 0.0000e+00 1.4619e-04 6.1342e-07 1.4619e-04 1.7100e-01 0.0000e+00
546 0.0000e+00 0.0000e+00 1.4553e-04 5.5636e-07 1.4553e-04 1.7114e-01 0.0000e+00
547 0.0000e+00 0.0000e+00 1.4487e-04 5.0475e-07 1.4487e-04 1.7129e-01 0.0000e+00
548 0.0000e+00 0.0000e+00 1.4422e-04 4.5805e-07 1.4422e-04 1.7143e-01 0.0000e+00
549 0.0000e+00 2.0700e-05 1.4357e-04 4.1579e-07 1.4357e-04 1.7157e-01 0.0000e+00
550 0.0000e+00 4.0000e-05 1.4293e-04 3.7752e-07 1.4293e-04 1.7172e-01 0.0000e+00
551 0.0000e+00 5.6600e-05 1.4230e-04 3.4287e-07 1.4230e-04 1.7186e-01 0.0000e+00
552 1.0000e-03 6.9300e-05 1.4167e-04 3.1148e-07 1.4167e-04 1.7200e-01 0.0000e+00
553 1.0000e-03 7.6600e-05 1.4104e-04 2.8304e-07 1.4104e-04 1.7214e-01 0.0000e+00
554 2.0000e-03 8.0000e-05 1.5700e-04 9.3893e-05 1.4042e-04 1.7219e-01 1.6578e-05
555 1.5000e-03 7.6600e-05 1.7237e-04 2.5679e-04 1.4022e-04 1.7207e-01 3.2155e-05
556 0.0000e+00 6.9300e-05 1.4073e-04 2.1010e-04 1.4073e-04 1.7200e-01 0.0000e+00
557 5.0000e-04 5.6600e-05 1.4906e-04 2.2593e-04 1.4104e-04 1.7191e-01 8.0207e-06
558 0.0000e+00 4.0000e-05 1.4141e-04 1.9304e-04 1.4141e-04 1.7186e-01 0.0000e+00
559 0.0000e+00 1.9400e-05 1.4164e-04 1.6786e-04 1.4164e-04 1.7184e-01 0.0000e+00
560 0.0000e+00 0.0000e+00 1.4176e-04 1.4673e-04 1.4176e-04 1.7183e-01 0.0000e+00
561 0.0000e+00 0.0000e+00 1.4178e-04 1.2872e-04 1.4178e-04 1.7185e-01 0.0000e+00
562 0.0000e+00 0.0000e+00 1.4172e-04 1.1323e-04 1.4172e-04 1.7187e-01 0.0000e+00
563 0.0000e+00 0.0000e+00 1.4159e-04 9.9809e-05 1.4159e-04 1.7192e-01 0.0000e+00
564 0.0000e+00 0.0000e+00 1.4141e-04 8.8139e-05 1.4141e-04 1.7197e-01 0.0000e+00
565 5.0000e-04 0.0000e+00 1.4987e-04 1.2714e-04 1.4117e-04 1.7198e-01 8.6973e-06
566 0.0000e+00 0.0000e+00 1.4111e-04 1.0845e-04 1.4111e-04 1.7202e-01 0.0000e+00
567 0.0000e+00 0.0000e+00 1.4097e-04 9.4965e-05 1.4097e-04 1.7206e-01 0.0000e+00
568 0.0000e+00 0.0000e+00 1.4076e-04 8.3553e-05 1.4076e-04 1.7212e-01 0.0000e+00
569 0.0000e+00 0.0000e+00 1.4051e-04 7.3740e-05 1.4051e-04 1.7219e-01 0.0000e+00
570 0.0000e+00 0.0000e+00 1.4022e-04 6.5224e-05 1.4022e-04 1.7226e-01 0.0000e+00
571 0.0000e+00 0.0000e+00 1.3989e-04 5.7791e-05 1.3989e-04 1.7234e-01 0.0000e+00
572 0.0000e+00 0.0000e+00 1.3953e-04 5.1279e-05 1.3953e-04 1.7243e-01 0.0000e+00
573 3.0000e-03 3.0500e-05 2.0708e-04 4.2842e-04 1.3915e-04 1.7214e-01 6.7933e-05
574 1.0000e-03 5.8900e-05 1.6237e-04 4.7224e-04 1.4041e-04 1.7181e-01 2.1954e-05
575 2.5000e-03 8.3300e-05 1.9715e-04 7.1281e-04 1.4188e-04 1.7124e-01 5.5277e-05
576 3.5000e-03 1.0200e-04 2.2180e-04 1.0388e-03 1.4443e-04 1.7034e-01 7.7369e-05
577 1.5000e-03 1.1290e-04 1.8018e-04 1.0557e-03 1.4852e-04 1.6944e-01 3.1657e-05
578 0.0000e+00 1.1780e-04 1.5279e-04 9.0464e-04 1.5279e-04 1.6869e-01 0.0000e+00
579 0.0000e+00 1.1290e-04 1.5643e-04 7.8748e-04 1.5643e-04 1.6805e-01 0.0000e+00
580 0.0000e+00 1.0200e-04 1.5954e-04 6.8868e-04 1.5954e-04 1.6753e-01 0.0000e+00
581 0.0000e+00 8.3300e-05 1.6220e-04 6.0405e-04 1.6220e-04 1.6708e-01 0.0000e+00
582 0.0000e+00 5.8900e-05 1.6446e-04 5.3090e-04 1.6446e-04 1.6672e-01 0.0000e+00
583 0.0000e+00 2.8500e-05 1.6635e-04 4.6736e-04 1.6635e-04 1.6642e-01 0.0000e+00
584 0.0000e+00 0.0000e+00 1.6792e-04 4.1197e-04 1.6792e-04 1.6617e-01 0.0000e+00
585 0.0000e+00 0.0000e+00 1.6921e-04 3.6356e-04 1.6921e-04 1.6598e-01 0.0000e+00
586 0.0000e+00 0.0000e+00 1.7024e-04 3.2117e-04 1.7024e-04 1.6583e-01 0.0000e+00
587 0.0000e+00 0.0000e+00 1.7105e-04 2.8400e-04 1.7105e-04 1.6571e-01 0.0000e+00
588 0.0000e+00 0.0000e+00 1.7165e-04 2.5136e-04 1.7165e-04 1.6563e-01 0.0000e+00
589 5.0000e-04 0.0000e+00 1.7208e-04 2.2266e-04 1.7208e-04 1.6558e-01 0.0000e+00
590 0.0000e+00 0.0000e+00 1.7235e-04 1.9739e-04 1.7235e-04 1.6556e-01 0.0000e+00
591 0.0000e+00 0.0000e+00 1.7249e-04 1.7513e-04 1.7249e-04 1.6556e-01 0.0000e+00
592 5.0000e-04 0.0000e+00 1.8126e-04 2.0769e-04 1.7250e-04 1.6552e-01 8.7606e-06
593 0.0000e+00 0.0000e+00 1.7269e-04 1.7907e-04 1.7269e-04 1.6551e-01 0.0000e+00
594 1.0000e-03 0.0000e+00 1.9537e-04 2.9254e-04 1.7272e-04 1.6539e-01 2.2644e-05
595 0.0000e+00 0.0000e+00 1.7337e-04 2.4506e-04 1.7337e-04 1.6532e-01 0.0000e+00
596 0.0000e+00 0.0000e+00 1.7376e-04 2.1317e-04 1.7376e-04 1.6528e-01 0.0000e+00
597 0.0000e+00 6.2600e-05 1.7397e-04 1.8673e-04 1.7397e-04 1.6527e-01 0.0000e+00
598 0.0000e+00 1.2080e-04 1.7404e-04 1.6418e-04 1.7404e-04 1.6528e-01 0.0000e+00
599 0.0000e+00 1.7090e-04 1.7399e-04 1.4471e-04 1.7399e-04 1.6531e-01 0.0000e+00
600 0.0000e+00 2.0930e-04 1.7383e-04 1.2780e-04 1.7383e-04 1.6536e-01 0.0000e+00
601 0.0000e+00 2.3150e-04 1.7358e-04 1.1304e-04 1.7358e-04 1.6542e-01 0.0000e+00
602 0.0000e+00 2.4180e-04 1.7325e-04 1.0013e-04 1.7325e-04 1.6549e-01 0.0000e+00
603 0.0000e+00 2.3150e-04 1.7286e-04 8.8799e-05 1.7286e-04 1.6557e-01 0.0000e+00
604 0.0000e+00 2.0930e-04 1.7240e-04 7.8835e-05 1.7240e-04 1.6567e-01 0.0000e+00
605 0.0000e+00 1.7090e-04 1.7190e-04 7.0059e-05 1.7190e-04 1.6577e-01 0.0000e+00
606 0.0000e+00 1.2080e-04 1.7136e-04 6.2318e-05 1.7136e-04 1.6588e-01 0.0000e+00
607 0.0000e+00 5.8500e-05 1.7077e-04 5.5479e-05 1.7077e-04 1.6599e-01 0.0000e+00
608 0.0000e+00 0.0000e+00 1.7016e-04 4.9431e-05 1.7016e-04 1.6611e-01 0.0000e+00
609 0.0000e+00 0.0000e+00 1.6952e-04 4.4077e-05 1.6952e-04 1.6624e-01 0.0000e+00
610 0.0000e+00 0.0000e+00 1.6885e-04 3.9330e-05 1.6885e-04 1.6637e-01 0.0000e+00
611 0.0000e+00 0.0000e+00 1.6817e-04 3.5120e-05 1.6817e-04 1.6650e-01 0.0000e+00
612 0.0000e+00 0.0000e+00 1.6747e-04 3.1381e-05 1.6747e-04 1.6664e-01 0.0000e+00
613 0.0000e+00 0.0000e+00 1.6676e-04 2.8059e-05 1.6676e-04 1.6678e-01 0.0000e+00
614 0.0000e+00 0.0000e+00 1.6604e-04 2.5104e-05 1.6604e-04 1.6692e-01 0.0000e+00
615 0.0000e+00 0.0000e+00 1.6531e-04 2.2473e-05 1.6531e-04 1.6706e-01 0.0000e+00
616 0.0000e+00 0.0000e+00 1.6458e-04 2.0130e-05 1.6458e-04 1.6720e-01 0.0000e+00
617 0.0000e+00 0.0000e+00 1.6384e-04 1.8041e-05 1.6384e-04 1.6735e-01 0.0000e+00
618 0.0000e+00 0.0000e+00 1.6309e-04 1.6178e-05 1.6309e-04 1.6750e-01 0.0000e+00
619 0.0000e+00 0.0000e+00 1.6234e-04 1.4514e-05 1.6234e-04 1.6765e-01 0.0000e+00
620 0.0000e+00 0.0000e+00 1.6160e-04 1.3029e-05 1.6160e-04 1.6779e-01 0.0000e+00
621 0.0000e+00 1.4200e-05 1.6085e-04 1.1701e-05 1.6085e-04 1.6794e-01 0.0000e+00
622 0.0000e+00 2.7500e-05 1.6010e-04 1.0514e-05 1.6010e-04 1.6809e-01 0.0000e+00
623 0.0000e+00 3.8900e-05 1.5935e-04 9.4521e-06 1.5935e-04 1.6824e-01 0.0000e+00
624 1.0000e-03 4.7600e-05 1.5861e-04 8.5011e-06 1.5861e-04 1.6839e-01 0.0000e+00
625 1.0000e-03 5.2700e-05 1.5962e-04 1.7834e-05 1.5786e-04 1.6853e-01 1.7507e-06
626 3.0000e-03 5.5000e-05 2.2391e-04 4.0274e-04 1.5718e-04 1.6829e-01 6.6739e-05
627 2.0000e-03 5.2700e-05 2.0243e-04 5.7732e-04 1.5839e-04 1.6787e-01 4.4043e-05
628 1.5000e-03 4.7600e-05 1.9325e-04 6.6945e-04 1.6047e-04 1.6736e-01 3.2773e-05
629 3.5000e-03 3.8900e-05 2.4122e-04 1.0219e-03 1.6305e-04 1.6650e-01 7.8177e-05
630 4.0000e-03 2.7500e-05 2.5718e-04 1.3821e-03 1.6748e-04 1.6529e-01 8.9696e-05
631 5.0000e-03 1.3300e-05 2.8656e-04 1.8310e-03 1.7396e-04 1.6363e-01 1.1260e-04
632 0.0000e+00 0.0000e+00 1.8321e-04 1.5387e-03 1.8321e-04 1.6227e-01 0.0000e+00
633 0.0000e+00 0.0000e+00 1.9113e-04 1.3319e-03 1.9113e-04 1.6113e-01 0.0000e+00
634 1.0000e-03 0.0000e+00 2.2041e-04 1.2984e-03 1.9807e-04 1.6003e-01 2.2343e-05
635 2.5000e-03 0.0000e+00 2.6691e-04 1.4700e-03 2.0500e-04 1.5877e-01 6.1911e-05
636 3.5000e-03 0.0000e+00 3.1303e-04 1.7345e-03 2.1327e-04 1.5725e-01 9.9767e-05
637 3.0000e-03 0.0000e+00 3.1133e-04 1.8928e-03 2.2365e-04 1.5558e-01 8.7683e-05
638 0.0000e+00 0.0000e+00 2.3562e-04 1.6165e-03 2.3562e-04 1.5420e-01 0.0000e+00
639 5.0000e-04 0.0000e+00 2.6063e-04 1.4742e-03 2.4602e-04 1.5297e-01 1.4614e-05
640 0.0000e+00 0.0000e+00 2.5564e-04 1.2768e-03 2.5564e-04 1.5195e-01 0.0000e+00
641 5.0000e-04 0.0000e+00 2.7854e-04 1.1840e-03 2.6393e-04 1.5103e-01 1.4614e-05
642 0.0000e+00 0.0000e+00 2.7163e-04 1.0257e-03 2.7163e-04 1.5027e-01 0.0000e+00
643 5.0000e-04 0.0000e+00 2.9272e-04 9.6722e-04 2.7811e-04 1.4958e-01 1.4614e-05
644 0.0000e+00 0.0000e+00 2.8416e-04 8.3655e-04 2.8416e-04 1.4903e-01 0.0000e+00
645 0.0000e+00 1.6900e-05 2.8911e-04 7.2864e-04 2.8911e-04 1.4859e-01 0.0000e+00
646 0.0000e+00 3.2600e-05 2.9311e-04 6.3574e-04 2.9311e-04 1.4825e-01 0.0000e+00
647 0.0000e+00 4.6100e-05 2.9626e-04 5.5537e-04 2.9626e-04 1.4799e-01 0.0000e+00
648 0.0000e+00 5.6400e-05 2.9867e-04 4.8566e-04 2.9867e-04 1.4780e-01 0.0000e+00
649 0.0000e+00 6.2400e-05 3.0042e-04 4.2510e-04 3.0042e-04 1.4768e-01 0.0000e+00
650 0.0000e+00 6.5200e-05 3.0159e-04 3.7242e-04 3.0159e-04 1.4761e-01 0.0000e+00
651 0.0000e+00 6.2400e-05 3.0226e-04 3.2657e-04 3.0226e-04 1.4758e-01 0.0000e+00
652 0.0000e+00 5.6400e-05 3.0249e-04 2.8661e-04 3.0249e-04 1.4760e-01 0.0000e+00
653 0.0000e+00 4.6100e-05 3.0234e-04 2.5176e-04 3.0234e-04 1.4765e-01 0.0000e+00
654 0.0000e+00 3.2600e-05 3.0186e-04 2.2134e-04 3.0186e-04 1.4773e-01 0.0000e+00
655 0.0000e+00 1.5800e-05 3.0111e-04 1.9476e-04 3.0111e-04 1.4784e-01 0.0000e+00
656 0.0000e+00 0.0000e+00 3.0011e-04 1.7152e-04 3.0011e-04 1.4796e-01 0.0000e+00
657 0.0000e+00 0.0000e+00 2.9890e-04 1.5118e-04 2.9890e-04 1.4811e-01 0.0000e+00
658 0.0000e+00 0.0000e+00 2.9753e-04 1.3336e-04 2.9753e-04 1.4828e-01 0.0000e+00
659 0.0000e+00 0.0000e+00 2.9600e-04 1.1774e-04 2.9600e-04 1.4845e-01 0.0000e+00
660 0.0000e+00 0.0000e+00 2.9436e-04 1.0403e-04 2.9436e-04 1.4864e-01 0.0000e+00
661 0.0000e+00 0.0000e+00 2.9261e-04 9.1988e-05 2.9261e-04 1.4885e-01 0.0000e+00
662 0.0000e+00 0.0000e+00 2.9078e-04 8.1404e-05 2.9078e-04 1.4905e-01 0.0000e+00
663 0.0000e+00 0.0000e+00 2.8889e-04 7.2093e-05 2.8889e-04 1.4927e-01 0.0000e+00
664 0.0000e+00 0.0000e+00 2.8694e-04 6.3895e-05 2.8694e-04 1.4949e-01 0.0000e+00
665 0.0000e+00 0.0000e+00 2.8494e-04 5.6670e-05 2.8494e-04 1.4972e-01 0.0000e+00
666 5.0000e-04 0.0000e+00 2.8319e-04 5.1673e-05 2.8292e-04 1.4995e-01 2.7096e-07
667 0.0000e+00 0.0000e+00 2.8088e-04 4.5722e-05 2.8088e-04 1.5019e-01 0.0000e+00
668 5.0000e-04 0.0000e+00 2.9344e-04 1.1440e-04 2.7883e-04 1.5035e-01 1.4614e-05
669 5.0000e-04 1.5300e-05 2.9201e-04 1.6619e-04 2.7740e-04 1.5047e-01 1.4614e-05
670 0.0000e+00 2.9500e-05 2.7643e-04 1.3557e-04 2.7643e-04 1.5061e-01 0.0000e+00
671 1.0000e-03 4.1700e-05 3.0314e-04 2.5601e-04 2.7522e-04 1.5063e-01 2.7919e-05
672 0.0000e+00 5.1100e-05 2.7505e-04 2.0717e-04 2.7505e-04 1.5069e-01 0.0000e+00
673 0.0000e+00 5.6500e-05 2.7447e-04 1.7606e-04 2.7447e-04 1.5079e-01 0.0000e+00
674 0.0000e+00 5.9000e-05 2.7363e-04 1.5108e-04 2.7363e-04 1.5091e-01 0.0000e+00
675 5.0000e-04 5.6500e-05 2.8112e-04 1.7324e-04 2.7258e-04 1.5101e-01 8.5352e-06
676 5.0000e-04 5.1100e-05 2.8470e-04 2.1090e-04 2.7174e-04 1.5107e-01 1.2962e-05
677 0.0000e+00 4.1700e-05 2.7122e-04 1.7568e-04 2.7122e-04 1.5117e-01 0.0000e+00
678 0.0000e+00 2.9500e-05 2.7041e-04 1.5069e-04 2.7041e-04 1.5129e-01 0.0000e+00
679 1.0000e-03 1.4300e-05 2.9506e-04 2.5847e-04 2.6940e-04 1.5130e-01 2.5656e-05
680 1.0000e-03 0.0000e+00 2.9812e-04 3.5571e-04 2.6931e-04 1.5121e-01 2.8810e-05
681 0.0000e+00 0.0000e+00 2.7004e-04 2.9183e-04 2.7004e-04 1.5119e-01 0.0000e+00
682 0.0000e+00 0.0000e+00 2.7022e-04 2.4868e-04 2.7022e-04 1.5121e-01 0.0000e+00
683 0.0000e+00 0.0000e+00 2.7004e-04 2.1369e-04 2.7004e-04 1.5127e-01 0.0000e+00
684 0.0000e+00 0.0000e+00 2.6957e-04 1.8460e-04 2.6957e-04 1.5136e-01 0.0000e+00
685 0.0000e+00 0.0000e+00 2.6885e-04 1.6004e-04 2.6885e-04 1.5146e-01 0.0000e+00
686 0.0000e+00 0.0000e+00 2.6794e-04 1.3915e-04 2.6794e-04 1.5159e-01 0.0000e+00
687 0.0000e+00 0.0000e+00 2.6686e-04 1.2127e-04 2.6686e-04 1.5174e-01 0.0000e+00
688 0.0000e+00 0.0000e+00 2.6565e-04 1.0589e-04 2.6565e-04 1.5190e-01 0.0000e+00
689 0.0000e+00 0.0000e+00 2.6433e-04 9.2635e-05 2.6433e-04 1.5207e-01 0.0000e+00
690 0.0000e+00 0.0000e+00 2.6291e-04 8.1168e-05 2.6291e-04 1.5225e-01 0.0000e+00
691 0.0000e+00 0.0000e+00 2.6143e-04 7.1224e-05 2.6143e-04 1.5244e-01 0.0000e+00
692 0.0000e+00 0.0000e+00 2.5988e-04 6.2584e-05 2.5988e-04 1.5264e-01 0.0000e+00
693 0.0000e+00 5.6100e-05 2.5828e-04 5.5062e-05 2.5828e-04 1.5284e-01 0.0000e+00
694 0.0000e+00 1.0830e-04 2.5664e-04 4.8501e-05 2.5664e-04 1.5305e-01 0.0000e+00
695 0.0000e+00 1.5320e-04 2.5498e-04 4.2770e-05 2.5498e-04 1.5326e-01 0.0000e+00
696 0.0000e+00 1.8770e-04 2.5329e-04 3.7756e-05 2.5329e-04 1.5348e-01 0.0000e+00
697 0.0000e+00 2.0760e-04 2.5159e-04 3.3364e-05 2.5159e-04 1.5370e-01 0.0000e+00
698 0.0000e+00 2.1680e-04 2.4988e-04 2.9511e-05 2.4988e-04 1.5392e-01 0.0000e+00
699 0.0000e+00 2.0760e-04 2.4817e-04 2.6127e-05 2.4817e-04 1.5414e-01 0.0000e+00
700 5.0000e-04 1.8770e-04 2.4645e-04 2.3152e-05 2.4645e-04 1.5436e-01 0.0000e+00
701 0.0000e+00 1.5320e-04 2.4474e-04 2.0533e-05 2.4474e-04 1.5459e-01 0.0000e+00
702 0.0000e+00 1.0830e-04 2.4303e-04 1.8225e-05 2.4303e-04 1.5481e-01 0.0000e+00
703 0.0000e+00 5.2400e-05 2.4133e-04 1.6189e-05 2.4133e-04 1.5504e-01 0.0000e+00
704 0.0000e+00 0.0000e+00 2.3964e-04 1.4392e-05 2.3964e-04 1.5526e-01 0.0000e+00
705 0.0000e+00 0.0000e+00 2.3796e-04 1.2804e-05 2.3796e-04 1.5549e-01 0.0000e+00
706 0.0000e+00 0.0000e+00 2.3629e-04 1.1399e-05 2.3629e-04 1.5571e-01 0.0000e+00
707 0.0000e+00 0.0000e+00 2.3463e-04 1.0155e-05 2.3463e-04 1.5594e-01 0.0000e+00
708 0.0000e+00 0.0000e+00 2.3299e-04 9.0531e-06 2.3299e-04 1.5616e-01 0.0000e+00
709 0.0000e+00 0.0000e+00 2.3137e-04 8.0753e-06 2.3137e-04 1.5638e-01 0.0000e+00
710 0.0000e+00 0.0000e+00 2.2976e-04 7.2083e-06 2.2976e-04 1.5661e-01 0.0000e+00
711 0.0000e+00 0.0000e+00 2.2817e-04 6.4384e-06 2.2817e-04 1.5683e-01 0.0000e+00
712 0.0000e+00 0.0000e+00 2.2659e-04 5.7541e-06 2.2659e-04 1.5705e-01 0.0000e+00
713 0.0000e+00 0.0000e+00 2.2503e-04 5.1456e-06 2.2503e-04 1.5727e-01 0.0000e+00
714 0.0000e+00 0.0000e+00 2.2349e-04 4.6040e-06 2.2349e-04 1.5749e-01 0.0000e+00
715 0.0000e+00 0.0000e+00 2.2197e-04 4.1216e-06 2.2197e-04 1.5770e-01 0.0000e+00
716 0.0000e+00 0.0000e+00 2.2046e-04 3.6918e-06 2.2046e-04 1.5792e-01 0.0000e+00
717 0.0000e+00 8.5600e-05 2.1897e-04 3.3086e-06 2.1897e-04 1.5814e-01 0.0000e+00
718 0.0000e+00 1.6520e-04 2.1750e-04 2.9667e-06 2.1750e-04 1.5835e-01 0.0000e+00
719 0.0000e+00 2.3380e-04 2.1605e-04 2.6614e-06 2.1605e-04 1.5857e-01 0.0000e+00
720 0.0000e+00 2.8620e-04 2.1461e-04 2.3881e-06 2.1461e-04 1.5878e-01 0.0000e+00
721 0.0000e+00 3.1670e-04 2.1320e-04 2.1445e-06 2.1320e-04 1.5899e-01 0.0000e+00
722 0.0000e+00 3.3060e-04 2.1179e-04 1.9267e-06 2.1179e-04 1.5920e-01 0.0000e+00
723 0.0000e+00 3.1670e-04 2.1041e-04 1.7318e-06 2.1041e-04 1.5941e-01 0.0000e+00
724 0.0000e+00 2.8620e-04 2.0904e-04 1.5572e-06 2.0904e-04 1.5961e-01 0.0000e+00
725 0.0000e+00 2.3380e-04 2.0769e-04 1.4009e-06 2.0769e-04 1.5982e-01 0.0000e+00
726 0.0000e+00 1.6520e-04 2.0636e-04 1.2608e-06 2.0636e-04 1.6003e-01 0.0000e+00
727 0.0000e+00 8.0000e-05 2.0504e-04 1.1353e-06 2.0504e-04 1.6023e-01 0.0000e+00
728 0.0000e+00 0.0000e+00 2.0374e-04 1.0226e-06 2.0374e-04 1.6043e-01 0.0000e+00
729 0.0000e+00 0.0000e+00 2.0245e-04 9.2148e-07 2.0245e-04 1.6063e-01 0.0000e+00
730 0.0000e+00 0.0000e+00 2.0118e-04 8.2983e-07 2.0118e-04 1.6083e-01 0.0000e+00
731 0.0000e+00 0.0000e+00 1.9992e-04 7.4843e-07 1.9992e-04 1.6103e-01 0.0000e+00
732 0.0000e+00 0.0000e+00 1.9868e-04 6.7527e-07 1.9868e-04 1.6123e-01 0.0000e+00
733 0.0000e+00 0.0000e+00 1.9746e-04 6.0949e-07 1.9746e-04 1.6143e-01 0.0000e+00
734 0.0000e+00 0.0000e+00 1.9625e-04 5.5031e-07 1.9625e-04 1.6162e-01 0.0000e+00
735 0.0000e+00 0.0000e+00 1.9505e-04 4.9706e-07 1.9505e-04 1.6182e-01 0.0000e+00
736 0.0000e+00 0.0000e+00 1.9387e-04 4.4912e-07 1.9387e-04 1.6201e-01 0.0000e+00
737 0.0000e+00 0.0000e+00 1.9270e-04 4.0594e-07 1.9270e-04 1.6220e-01 0.0000e+00
738 0.0000e+00 0.0000e+00 1.9154e-04 3.6704e-07 1.9154e-04 1.6240e-01 0.0000e+00
739 0.0000e+00 0.0000e+00 1.9040e-04 3.3198e-07 1.9040e-04 1.6259e-01 0.0000e+00
740 0.0000e+00 0.0000e+00 1.8928e-04 2.9899e-07 1.8928e-04 1.6277e-01 0.0000e+00
741 0.0000e+00 7.4700e-05 1.8816e-04 2.7068e-07 1.8816e-04 1.6296e-01 0.0000e+00
742 0.0000e+00 1.4410e-04 1.8706e-04 2.4512e-07 1.8706e-04 1.6315e-01 0.0000e+00
743 0.0000e+00 2.0380e-04 1.8597e-04 2.2204e-07 1.8597e-04 1.6334e-01 0.0000e+00
744 0.0000e+00 2.4960e-04 1.8489e-04 2.0120e-07 1.8489e-04 1.6352e-01 0.0000e+00
745 0.0000e+00 2.7610e-04 1.8383e-04 1.8236e-07 1.8383e-04 1.6370e-01 0.0000e+00
746 0.0000e+00 2.8830e-04 1.8278e-04 1.6534e-07 1.8278e-04 1.6389e-01 0.0000e+00
747 0.0000e+00 2.7610e-04 1.8174e-04 1.4994e-07 1.8174e-04 1.6407e-01 0.0000e+00
748 0.0000e+00 2.4960e-04 1.8071e-04 1.3602e-07 1.8071e-04 1.6425e-01 0.0000e+00
749 0.0000e+00 2.0380e-04 1.7969e-04 1.2343e-07 1.7969e-04 1.6443e-01 0.0000e+00
750 0.0000e+00 1.4410e-04 1.7869e-04 1.1203e-07 1.7869e-04 1.6461e-01 0.0000e+00
751 0.0000e+00 6.9800e-05 1.7769e-04 1.0002e-07 1.7769e-04 1.6478e-01 0.0000e+00
752 0.0000e+00 0.0000e+00 1.7671e-04 9.0894e-08 1.7671e-04 1.6496e-01 0.0000e+00
753 0.0000e+00 0.0000e+00 1.7574e-04 8.2621e-08 1.7574e-04 1.6514e-01 0.0000e+00
754 0.0000e+00 0.0000e+00 1.7478e-04 7.5119e-08 1.7478e-04 1.6531e-01 0.0000e+00
755 0.0000e+00 0.0000e+00 1.7382e-04 6.8313e-08 1.7382e-04 1.6548e-01 0.0000e+00
756 0.0000e+00 0.0000e+00 1.7288e-04 6.2138e-08 1.7288e-04 1.6566e-01 0.0000e+00
757 0.0000e+00 0.0000e+00 1.7195e-04 5.6534e-08 1.7195e-04 1.6583e-01 0.0000e+00
758 0.0000e+00 0.0000e+00 1.7103e-04 5.1447e-08 1.7103e-04 1.6600e-01 0.0000e+00
759 0.0000e+00 0.0000e+00 1.7012e-04 4.6828e-08 1.7012e-04 1.6617e-01 0.0000e+00
760 0.0000e+00 0.0000e+00 1.6922e-04 4.2633e-08 1.6922e-04 1.6634e-01 0.0000e+00
761 0.0000e+00 0.0000e+00 1.6832e-04 3.6865e-08 1.6832e-04 1.6651e-01 0.0000e+00
762 0.0000e+00 0.0000e+00 1.6744e-04 3.3626e-08 1.6744e-04 1.6668e-01 0.0000e+00
763 0.0000e+00 0.0000e+00 1.6657e-04 3.0677e-08 1.6657e-04 1.6684e-01 0.0000e+00
764 0.0000e+00 0.0000e+00 1.6570e-04 2.7992e-08 1.6570e-04 1.6701e-01 0.0000e+00
765 0.0000e+00 9.6700e-05 1.6485e-04 2.5546e-08 1.6485e-04 1.6717e-01 0.0000e+00
766 0.0000e+00 1.8660e-04 1.6400e-04 2.3318e-08 1.6400e-04 1.6734e-01 0.0000e+00
767 0.0000e+00 2.6400e-04 1.6316e-04 2.1288e-08 1.6316e-04 1.6750e-01 0.0000e+00
768 0.0000e+00 3.2330e-04 1.6233e-04 1.9437e-08 1.6233e-04 1.6766e-01 0.0000e+00
769 0.0000e+00 3.5770e-04 1.6151e-04 1.7751e-08 1.6151e-04 1.6782e-01 0.0000e+00
770 0.0000e+00 3.7350e-04 1.6070e-04 1.6214e-08 1.6070e-04 1.6798e-01 0.0000e+00
771 0.0000e+00 3.5770e-04 1.5989e-04 1.4812e-08 1.5989e-04 1.6814e-01 0.0000e+00
772 0.0000e+00 3.2330e-04 1.5910e-04 1.1943e-08 1.5910e-04 1.6830e-01 0.0000e+00
773 0.0000e+00 2.6400e-04 1.5831e-04 1.0940e-08 1.5831e-04 1.6846e-01 0.0000e+00
774 0.0000e+00 1.8660e-04 1.5753e-04 1.0022e-08 1.5753e-04 1.6862e-01 0.0000e+00
775 0.0000e+00 9.0400e-05 1.5675e-04 9.1824e-09 1.5675e-04 1.6878e-01 0.0000e+00
776 0.0000e+00 0.0000e+00 1.5599e-04 8.4141e-09 1.5599e-04 1.6893e-01 0.0000e+00
777 0.0000e+00 0.0000e+00 1.5523e-04 7.7111e-09 1.5523e-04 1.6909e-01 0.0000e+00
778 0.0000e+00 0.0000e+00 1.5448e-04 7.0677e-09 1.5448e-04 1.6924e-01 0.0000e+00
779 0.0000e+00 0.0000e+00 1.5373e-04 6.4787e-09 1.5373e-04 1.6939e-01 0.0000e+00
780 0.0000e+00 0.0000e+00 1.5300e-04 5.9395e-09 1.5300e-04 1.6955e-01 0.0000e+00
781 0.0000e+00 0.0000e+00 1.5227e-04 5.4459e-09 1.5227e-04 1.6970e-01 0.0000e+00
782 0.0000e+00 0.0000e+00 1.5154e-04 4.9939e-09 1.5154e-04 1.6985e-01 0.0000e+00
783 0.0000e+00 0.0000e+00 1.5083e-04 3.5604e-09 1.5083e-04 1.7000e-01 0.0000e+00
784 0.0000e+00 0.0000e+00 1.5012e-04 3.2758e-09 1.5012e-04 1.7015e-01 0.0000e+00
785 0.0000e+00 0.0000e+00 1.4942e-04 3.0141e-09 1.4942e-04 1.7030e-01 0.0000e+00
786 0.0000e+00 0.0000e+00 1.4872e-04 2.7736e-09 1.4872e-04 1.7045e-01 0.0000e+00
787 0.0000e+00 0.0000e+00 1.4803e-04 2.5525e-09 1.4803e-04 1.7060e-01 0.0000e+00
788 0.0000e+00 0.0000e+00 1.4735e-04 2.3493e-09 1.4735e-04 1.7075e-01 0.0000e+00
789 0.0000e+00 1.2590e-04 1.4667e-04 2.1624e-09 1.4667e-04 1.7089e-01 0.0000e+00
790 0.0000e+00 2.4290e-04 1.4600e-04 1.9905e-09 1.4600e-04 1.7104e-01 0.0000e+00
791 0.0000e+00 3.4370e-04 1.4534e-04 1.8325e-09 1.4534e-04 1.7118e-01 0.0000e+00
792 0.0000e+00 4.2090e-04 1.4468e-04 1.6871e-09 1.4468e-04 1.7133e-01 0.0000e+00
793 0.0000e+00 4.6560e-04 1.4402e-04 9.7786e-10 1.4402e-04 1.7147e-01 0.0000e+00
794 0.0000e+00 4.8620e-04 1.4338e-04 9.0367e-10 1.4338e-04 1.7162e-01 0.0000e+00
795 0.0000e+00 4.6560e-04 1.4274e-04 8.3517e-10 1.4274e-04 1.7176e-01 0.0000e+00
796 0.0000e+00 4.2090e-04 1.4210e-04 7.7191e-10 1.4210e-04 1.7190e-01 0.0000e+00
797 0.0000e+00 3.4370e-04 1.4147e-04 7.1348e-10 1.4147e-04 1.7204e-01 0.0000e+00
798 0.0000e+00 2.4290e-04 1.4085e-04 6.5951e-10 1.4085e-04 1.7218e-01 0.0000e+00
799 0.0000e+00 1.1760e-04 1.4023e-04 6.0966e-10 1.4023e-04 1.7232e-01 0.0000e+00
800 0.0000e+00 0.0000e+00 1.3962e-04 5.6362e-10 1.3962e-04 1.7246e-01 0.0000e+00
801 0.0000e+00 0.0000e+00 1.3901e-04 5.2108e-10 1.3901e-04 1.7260e-01 0.0000e+00
802 0.0000e+00 0.0000e+00 1.3841e-04 4.8178e-10 1.3841e-04 1.7274e-01 0.0000e+00
803 0.0000e+00 0.0000e+00 1.3781e-04 4.4547e-10 1.3781e-04 1.7288e-01 0.0000e+00
804 0.0000e+00 0.0000e+00 1.3722e-04 1.8412e-10 1.3722e-04 1.7302e-01 0.0000e+00
805 0.0000e+00 0.0000e+00 1.3663e-04 1.7091e-10 1.3663e-04 1.7315e-01 0.0000e+00
806 0.0000e+00 0.0000e+00 1.3605e-04 1.5866e-10 1.3605e-04 1.7329e-01 0.0000e+00
807 0.0000e+00 0.0000e+00 1.3547e-04 1.4730e-10 1.3547e-04 1.7342e-01 0.0000e+00
808 0.0000e+00 0.0000e+00 1.3490e-04 1.3675e-10 1.3490e-04 1.7356e-01 0.0000e+00
809 0.0000e+00 0.0000e+00 1.3433e-04 1.2696e-10 1.3433e-04 1.7369e-01 0.0000e+00
810 0.0000e+00 0.0000e+00 1.3377e-04 1.1788e-10 1.3377e-04 1.7383e-01 0.0000e+00
811 0.0000e+00 0.0000e+00 1.3321e-04 1.0946e-10 1.3321e-04 1.7396e-01 0.0000e+00
812 0.0000e+00 0.0000e+00 1.3266e-04 1.0164e-10 1.3266e-04 1.7409e-01 0.0000e+00
813 0.0000e+00 3.0400e-05 1.3211e-04 9.4382e-11 1.3211e-04 1.7422e-01 0.0000e+00
814 0.0000e+00 5.8700e-05 1.3156e-04 8.7647e-11 1.3156e-04 1.7436e-01 0.0000e+00
815 0.0000e+00 8.3100e-05 1.3102e-04 8.1396e-11 1.3102e-04 1.7449e-01 0.0000e+00
816 0.0000e+00 1.0180e-04 1.3049e-04 1.9028e-11 1.3049e-04 1.7462e-01 0.0000e+00
817 0.0000e+00 1.1260e-04 1.2996e-04 1.7737e-11 1.2996e-04 1.7475e-01 0.0000e+00
818 0.0000e+00 1.1760e-04 1.2943e-04 1.6535e-11 1.2943e-04 1.7488e-01 0.0000e+00
819 0.0000e+00 1.1260e-04 1.2891e-04 1.5414e-11 1.2891e-04 1.7501e-01 0.0000e+00
820 0.0000e+00 1.0180e-04 1.2839e-04 1.4370e-11 1.2839e-04 1.7513e-01 0.0000e+00
821 0.0000e+00 8.3100e-05 1.2788e-04 1.3397e-11 1.2788e-04 1.7526e-01 0.0000e+00
822 0.0000e+00 5.8700e-05 1.2737e-04 1.2491e-11 1.2737e-04 1.7539e-01 0.0000e+00
823 0.0000e+00 2.8400e-05 1.2686e-04 1.1646e-11 1.2686e-04 1.7552e-01 0.0000e+00
824 0.0000e+00 0.0000e+00 1.2636e-04 1.0859e-11 1.2636e-04 1.7564e-01 0.0000e+00
825 0.0000e+00 0.0000e+00 1.2586e-04 1.0125e-11 1.2586e-04 1.7577e-01 0.0000e+00
826 0.0000e+00 0.0000e+00 1.2537e-04 9.4408e-12 1.2537e-04 1.7589e-01 0.0000e+00
827 0.0000e+00 0.0000e+00 1.2488e-04 0.0000e+00 1.2488e-04 1.7602e-01 0.0000e+00
828 0.0000e+00 0.0000e+00 1.2439e-04 0.0000e+00 1.2439e-04 1.7614e-01 0.0000e+00
829 0.0000e+00 0.0000e+00 1.2391e-04 0.0000e+00 1.2391e-04 1.7627e-01 0.0000e+00
830 0.0000e+00 0.0000e+00 1.2343e-04 0.0000e+00 1.2343e-04 1.7639e-01 0.0000e+00
831 0.0000e+00 0.0000e+00 1.2295e-04 0.0000e+00 1.2295e-04 1.7651e-01 0.0000e+00
832 0.0000e+00 0.0000e+00 1.2248e-04 0.0000e+00 1.2248e-04 1.7664e-01 0.0000e+00
833 0.0000e+00 0.0000e+00 1.2201e-04 0.0000e+00 1.2201e-04 1.7676e-01 0.0000e+00
834 0.0000e+00 0.0000e+00 1.2155e-04 0.0000e+00 1.2155e-04 1.7688e-01 0.0000e+00
835 0.0000e+00 0.0000e+00 1.2109e-04 0.0000e+00 1.2109e-04 1.7700e-01 0.0000e+00
836 0.0000e+00 0.0000e+00 1.2063e-04 0.0000e+00 1.2063e-04 1.7712e-01 0.0000e+00
837 0.0000e+00 6.6100e-05 1.2018e-04 0.0000e+00 1.2018e-04 1.7724e-01 0.0000e+00
838 0.0000e+00 1.2750e-04 1.1973e-04 0.0000e+00 1.1973e-04 1.7736e-01 0.0000e+00
839 0.0000e+00 1.8040e-04 1.1928e-04 0.0000e+00 1.1928e-04 1.7748e-01 0.0000e+00
840 0.0000e+00 2.2090e-04 1.1884e-04 0.0000e+00 1.1884e-04 1.7760e-01 0.0000e+00
841 0.0000e+00 2.4430e-04 1.1839e-04 0.0000e+00 1.1839e-04 1.7772e-01 0.0000e+00
842 0.0000e+00 2.5510e-04 1.1796e-04 0.0000e+00 1.1796e-04 1.7784e-01 0.0000e+00
843 0.0000e+00 2.4430e-04 1.1752e-04 0.0000e+00 1.1752e-04 1.7795e-01 0.0000e+00
844 0.0000e+00 2.2090e-04 1.1709e-04 0.0000e+00 1.1709e-04 1.7807e-01 0.0000e+00
845 0.0000e+00 1.8040e-04 1.1666e-04 0.0000e+00 1.1666e-04 1.7819e-01 0.0000e+00
846 0.0000e+00 1.2750e-04 1.1624e-04 0.0000e+00 1.1624e-04 1.7830e-01 0.0000e+00
847 0.0000e+00 6.1700e-05 1.1582e-04 0.0000e+00 1.1582e-04 1.7842e-01 0.0000e+00
848 0.0000e+00 0.0000e+00 1.1540e-04 0.0000e+00 1.1540e-04 1.7853e-01 0.0000e+00
849 0.0000e+00 0.0000e+00 1.1498e-04 0.0000e+00 1.1498e-04 1.7865e-01 0.0000e+00
850 0.0000e+00 0.0000e+00 1.1457e-04 0.0000e+00 1.1457e-04 1.7876e-01 0.0000e+00
851 0.0000e+00 0.0000e+00 1.1416e-04 0.0000e+00 1.1416e-04 1.7888e-01 0.0000e+00
852 0.0000e+00 0.0000e+00 1.1376e-04 0.0000e+00 1.1376e-04 1.7899e-01 0.0000e+00
853 0.0000e+00 0.0000e+00 1.1335e-04 0.0000e+00 1.1335e-04 1.7911e-01 0.0000e+00
854 0.0000e+00 0.0000e+00 1.1295e-04 0.0000e+00 1.1295e-04 1.7922e-01 0.0000e+00
855 0.0000e+00 0.0000e+00 1.1255e-04 0.0000e+00 1.1255e-04 1.7933e-01 0.0000e+00
856 0.0000e+00 0.0000e+00 1.1216e-04 0.0000e+00 1.1216e-04 1.7944e-01 0.0000e+00
857 0.0000e+00 0.0000e+00 1.1177e-04 0.0000e+00 1.1177e-04 1.7955e-01 0.0000e+00
858 0.0000e+00 0.0000e+00 1.1138e-04 0.0000e+00 1.1138e-04 1.7967e-01 0.0000e+00
859 0.0000e+00 0.0000e+00 1.1099e-04 0.0000e+00 1.1099e-04 1.7978e-01 0.0000e+00
860 0.0000e+00 0.0000e+00 1.1061e-04 0.0000e+00 1.1061e-04 1.7989e-01 0.0000e+00
861 0.0000e+00 9.7600e-05 1.1022e-04 0.0000e+00 1.1022e-04 1.8000e-01 0.0000e+00
862 0.0000e+00 1.8830e-04 1.0984e-04 0.0000e+00 1.0984e-04 1.8011e-01 0.0000e+00
863 0.0000e+00 2.6650e-04 1.0947e-04 0.0000e+00 1.0947e-04 1.8022e-01 0.0000e+00
864 0.0000e+00 3.2630e-04 1.0909e-04 0.0000e+00 1.0909e-04 1.8033e-01 0.0000e+00
865 0.0000e+00 3.6100e-04 1.0872e-04 0.0000e+00 1.0872e-04 1.8044e-01 0.0000e+00
866 0.0000e+00 3.7690e-04 1.0835e-04 0.0000e+00 1.0835e-04 1.8054e-01 0.0000e+00
867 0.0000e+00 3.6100e-04 1.0799e-04 0.0000e+00 1.0799e-04 1.8065e-01 0.0000e+00
868 0.0000e+00 3.2630e-04 1.0762e-04 0.0000e+00 1.0762e-04 1.8076e-01 0.0000e+00
869 0.0000e+00 2.6650e-04 1.0726e-04 0.0000e+00 1.0726e-04 1.8087e-01 0.0000e+00
870 0.0000e+00 1.8830e-04 1.0690e-04 0.0000e+00 1.0690e-04 1.8097e-01 0.0000e+00
871 0.0000e+00 9.1200e-05 1.0655e-04 0.0000e+00 1.0655e-04 1.8108e-01 0.0000e+00
872 0.0000e+00 0.0000e+00 1.0619e-04 0.0000e+00 1.0619e-04 1.8119e-01 0.0000e+00
873 0.0000e+00 0.0000e+00 1.0584e-04 0.0000e+00 1.0584e-04 1.8129e-01 0.0000e+00
874 0.0000e+00 0.0000e+00 1.0549e-04 0.0000e+00 1.0549e-04 1.8140e-01 0.0000e+00
875 0.0000e+00 0.0000e+00 1.0514e-04 0.0000e+00 1.0514e-04 1.8150e-01 0.0000e+00
876 0.0000e+00 0.0000e+00 1.0480e-04 0.0000e+00 1.0480e-04 1.8161e-01 0.0000e+00
877 0.0000e+00 0.0000e+00 1.0446e-04 0.0000e+00 1.0446e-04 1.8171e-01 0.0000e+00
878 0.0000e+00 0.0000e+00 1.0412e-04 0.0000e+00 1.0412e-04 1.8182e-01 0.0000e+00
879 0.0000e+00 0.0000e+00 1.0378e-04 0.0000e+00 1.0378e-04 1.8192e-01 0.0000e+00
880 0.0000e+00 0.0000e+00 1.0344e-04 0.0000e+00 1.0344e-04 1.8202e-01 0.0000e+00
881 0.0000e+00 0.0000e+00 1.0311e-04 0.0000e+00 1.0311e-04 1.8213e-01 0.0000e+00
882 0.0000e+00 0.0000e+00 1.0278e-04 0.0000e+00 1.0278e-04 1.8223e-01 0.0000e+00
883 0.0000e+00 0.0000e+00 1.0245e-04 0.0000e+00 1.0245e-04 1.8233e-01 0.0000e+00
884 0.0000e+00 0.0000e+00 1.0212e-04 0.0000e+00 1.0212e-04 1.8243e-01 0.0000e+00
885 0.0000e+00 6.4300e-05 1.0179e-04 0.0000e+00 1.0179e-04 1.8254e-01 0.0000e+00
886 0.0000e+00 1.2410e-04 1.0147e-04 0.0000e+00 1.0147e-04 1.8264e-01 0.0000e+00
887 0.0000e+00 1.7560e-04 1.0115e-04 0.0000e+00 1.0115e-04 1.8274e-01 0.0000e+00
888 0.0000e+00 2.1500e-04 1.0083e-04 0.0000e+00 1.0083e-04 1.8284e-01 0.0000e+00
889 0.0000e+00 2.3790e-04 1.0051e-04 0.0000e+00 1.0051e-04 1.8294e-01 0.0000e+00
890 0.0000e+00 2.4840e-04 1.0020e-04 0.0000e+00 1.0020e-04 1.8304e-01 0.0000e+00
891 0.0000e+00 2.3790e-04 9.9885e-05 0.0000e+00 9.9885e-05 1.8314e-01 0.0000e+00
892 0.0000e+00 2.1500e-04 9.9574e-05 0.0000e+00 9.9574e-05 1.8324e-01 0.0000e+00
893 0.0000e+00 1.7560e-04 9.9265e-05 0.0000e+00 9.9265e-05 1.8334e-01 0.0000e+00
894 0.0000e+00 1.2410e-04 9.8957e-05 0.0000e+00 9.8957e-05 1.8344e-01 0.0000e+00
895 0.0000e+00 6.0100e-05 9.8652e-05 0.0000e+00 9.8652e-05 1.8354e-01 0.0000e+00
896 0.0000e+00 0.0000e+00 9.8348e-05 0.0000e+00 9.8348e-05 1.8363e-01 0.0000e+00
897 0.0000e+00 0.0000e+00 9.8046e-05 0.0000e+00 9.8046e-05 1.8373e-01 0.0000e+00
898 0.0000e+00 0.0000e+00 9.7746e-05 0.0000e+00 9.7746e-05 1.8383e-01 0.0000e+00
899 0.0000e+00 0.0000e+00 9.7448e-05 0.0000e+00 9.7448e-05 1.8393e-01 0.0000e+00
900 0.0000e+00 0.0000e+00 9.7152e-05 0.0000e+00 9.7152e-05 1.8402e-01 0.0000e+00
901 0.0000e+00 0.0000e+00 9.6857e-05 0.0000e+00 9.6857e-05 1.8412e-01 0.0000e+00
902 0.0000e+00 0.0000e+00 9.6564e-05 0.0000e+00 9.6564e-05 1.8422e-01 0.0000e+00
903 0.0000e+00 0.0000e+00 9.6274e-05 0.0000e+00 9.6274e-05 1.8431e-01 0.0000e+00
904 0.0000e+00 0.0000e+00 9.5984e-05 0.0000e+00 9.5984e-05 1.8441e-01 0.0000e+00
905 0.0000e+00 0.0000e+00 9.5697e-05 0.0000e+00 9.5697e-05 1.8451e-01 0.0000e+00
906 0.0000e+00 0.0000e+00 9.5411e-05 0.0000e+00 9.5411e-05 1.8460e-01 0.0000e+00
907 0.0000e+00 0.0000e+00 9.5127e-05 0.0000e+00 9.5127e-05 1.8470e-01 0.0000e+00
908 0.0000e+00 0.0000e+00 9.4845e-05 0.0000e+00 9.4845e-05 1.8479e-01 0.0000e+00
909 0.0000e+00 8.0200e-05 9.4564e-05 0.0000e+00 9.4564e-05 1.8489e-01 0.0000e+00
910 0.0000e+00 1.5480e-04 9.4285e-05 0.0000e+00 9.4285e-05 1.8498e-01 0.0000e+00
911 0.0000e+00 2.1910e-04 9.4008e-05 0.0000e+00 9.4008e-05 1.8507e-01 0.0000e+00
912 0.0000e+00 2.6830e-04 9.3732e-05 0.0000e+00 9.3732e-05 1.8517e-01 0.0000e+00
913 0.0000e+00 2.9680e-04 9.3458e-05 0.0000e+00 9.3458e-05 1.8526e-01 0.0000e+00
914 0.0000e+00 3.0990e-04 9.3185e-05 0.0000e+00 9.3185e-05 1.8535e-01 0.0000e+00
915 0.0000e+00 2.9680e-04 9.2914e-05 0.0000e+00 9.2914e-05 1.8545e-01 0.0000e+00
916 0.0000e+00 2.6830e-04 9.2645e-05 0.0000e+00 9.2645e-05 1.8554e-01 0.0000e+00
917 0.0000e+00 2.1910e-04 9.2377e-05 0.0000e+00 9.2377e-05 1.8563e-01 0.0000e+00
918 0.0000e+00 1.5480e-04 9.2111e-05 0.0000e+00 9.2111e-05 1.8572e-01 0.0000e+00
919 0.0000e+00 7.5000e-05 9.1846e-05 0.0000e+00 9.1846e-05 1.8582e-01 0.0000e+00
920 0.0000e+00 0.0000e+00 9.1583e-05 0.0000e+00 9.1583e-05 1.8591e-01 0.0000e+00
921 0.0000e+00 0.0000e+00 9.1321e-05 0.0000e+00 9.1321e-05 1.8600e-01 0.0000e+00
922 0.0000e+00 0.0000e+00 9.1061e-05 0.0000e+00 9.1061e-05 1.8609e-01 0.0000e+00
923 0.0000e+00 0.0000e+00 9.0802e-05 0.0000e+00 9.0802e-05 1.8618e-01 0.0000e+00
924 0.0000e+00 0.0000e+00 9.0545e-05 0.0000e+00 9.0545e-05 1.8627e-01 0.0000e+00
925 0.0000e+00 0.0000e+00 9.0289e-05 0.0000e+00 9.0289e-05 1.8636e-01 0.0000e+00
926 0.0000e+00 0.0000e+00 9.0034e-05 0.0000e+00 9.0034e-05 1.8645e-01 0.0000e+00
927 0.0000e+00 0.0000e+00 8.9781e-05 0.0000e+00 8.9781e-05 1.8654e-01 0.0000e+00
928 0.0000e+00 0.0000e+00 8.9530e-05 0.0000e+00 8.9530e-05 1.8663e-01 0.0000e+00
929 0.0000e+00 0.0000e+00 8.9280e-05 0.0000e+00 8.9280e-05 1.8672e-01 0.0000e+00
930 0.0000e+00 0.0000e+00 8.9031e-05 0.0000e+00 8.9031e-05 1.8681e-01 0.0000e+00
931 0.0000e+00 0.0000e+00 8.8784e-05 0.0000e+00 8.8784e-05 1.8690e-01 0.0000e+00
932 0.0000e+00 0.0000e+00 8.8538e-05 0.0000e+00 8.8538e-05 1.8699e-01 0.0000e+00
933 0.0000e+00 9.6000e-05 8.8293e-05 0.0000e+00 8.8293e-05 1.8708e-01 0.0000e+00
934 0.0000e+00 1.8520e-04 8.8050e-05 0.0000e+00 8.8050e-05 1.8716e-01 0.0000e+00
935 0.0000e+00 2.6210e-04 8.7808e-05 0.0000e+00 8.7808e-05 1.8725e-01 0.0000e+00
936 0.0000e+00 3.2090e-04 8.7567e-05 0.0000e+00 8.7567e-05 1.8734e-01 0.0000e+00
937 0.0000e+00 3.5500e-04 8.7328e-05 0.0000e+00 8.7328e-05 1.8743e-01 0.0000e+00
938 0.0000e+00 3.7070e-04 8.7090e-05 0.0000e+00 8.7090e-05 1.8751e-01 0.0000e+00
939 0.0000e+00 3.5500e-04 8.6853e-05 0.0000e+00 8.6853e-05 1.8760e-01 0.0000e+00
940 0.0000e+00 3.2090e-04 8.6618e-05 0.0000e+00 8.6618e-05 1.8769e-01 0.0000e+00
941 0.0000e+00 2.6210e-04 8.6384e-05 0.0000e+00 8.6384e-05 1.8777e-01 0.0000e+00
942 0.0000e+00 1.8520e-04 8.6151e-05 0.0000e+00 8.6151e-05 1.8786e-01 0.0000e+00
943 0.0000e+00 8.9700e-05 8.5919e-05 0.0000e+00 8.5919e-05 1.8795e-01 0.0000e+00
944 0.0000e+00 0.0000e+00 8.5689e-05 0.0000e+00 8.5689e-05 1.8803e-01 0.0000e+00
945 0.0000e+00 0.0000e+00 8.5460e-05 0.0000e+00 8.5460e-05 1.8812e-01 0.0000e+00
946 0.0000e+00 0.0000e+00 8.5232e-05 0.0000e+00 8.5232e-05 1.8820e-01 0.0000e+00
947 0.0000e+00 0.0000e+00 8.5005e-05 0.0000e+00 8.5005e-05 1.8829e-01 0.0000e+00
948 0.0000e+00 0.0000e+00 8.4779e-05 0.0000e+00 8.4779e-05 1.8837e-01 0.0000e+00
949 0.0000e+00 0.0000e+00 8.4555e-05 0.0000e+00 8.4555e-05 1.8846e-01 0.0000e+00
950 0.0000e+00 0.0000e+00 8.4332e-05 0.0000e+00 8.4332e-05 1.8854e-01 0.0000e+00
Objective function values:
F1 1.320584e-06    NSE 0.77299   F2 2.662586e-02
Mean Obs Q 1.590065e-04   Variance Obs Q 6.123405e-09
    Error Variance 1.390088e-09

Water Balance for Subcatchment: Extracted study basin: Taegu Pyungkwang River

   SUMP       SUMAE      SUMQ       SUMRZ      SUMUZ      SBAR        BAL
1.890e-01  4.648e-02  1.296e-01  1.969e-02  0.000e+00  1.885e-01  4.772e-04
