Taegu Pyungkwang River Catchment: Calibration Data

Subcatchment : Extracted study basin: cat-12209

TL =     6.47
SUMAC =     1.00
SZQ =       0.23031
Subcatchment routing data:
Maximum Routing Delay       0.69444
Sum of Histogram ordinates:     1.0000
     1.00000 
Initial BAL             -0.28542
Initial SBAR             0.28342
Initial SR0              0.00200
it      p        ep       q(it)       quz      q       sbar       qof
1 0.0000e+00 6.1900e-05 3.2800e-05 0.0000e+00 3.2800e-05 2.8345e-01 0.0000e+00
2 0.0000e+00 6.4700e-05 3.2766e-05 0.0000e+00 3.2766e-05 2.8348e-01 0.0000e+00
3 1.0000e-03 6.1900e-05 3.2733e-05 0.0000e+00 3.2733e-05 2.8351e-01 0.0000e+00
4 1.0000e-03 5.6000e-05 3.2699e-05 0.0000e+00 3.2699e-05 2.8355e-01 0.0000e+00
5 1.0000e-03 4.5700e-05 3.6714e-05 5.8371e-05 3.2666e-05 2.8352e-01 4.0482e-06
6 5.0000e-04 3.2300e-05 3.5105e-05 8.4581e-05 3.2692e-05 2.8347e-01 2.4128e-06
7 5.0000e-04 1.5600e-05 3.5229e-05 1.1007e-04 3.2745e-05 2.8339e-01 2.4840e-06
8 0.0000e+00 0.0000e+00 3.2825e-05 9.7308e-05 3.2825e-05 2.8333e-01 0.0000e+00
9 5.0000e-04 0.0000e+00 3.5463e-05 1.2482e-04 3.2891e-05 2.8324e-01 2.5727e-06
10 5.0000e-04 0.0000e+00 3.5641e-05 1.4937e-04 3.2985e-05 2.8312e-01 2.6555e-06
11 0.0000e+00 0.0000e+00 3.3106e-05 1.3304e-04 3.3106e-05 2.8302e-01 0.0000e+00
12 0.0000e+00 0.0000e+00 3.3209e-05 1.2027e-04 3.3209e-05 2.8293e-01 0.0000e+00
13 1.0000e-03 0.0000e+00 3.8611e-05 1.8596e-04 3.3300e-05 2.8278e-01 5.3110e-06
14 5.0000e-04 0.0000e+00 3.6114e-05 2.0312e-04 3.3459e-05 2.8261e-01 2.6555e-06
15 5.0000e-04 0.0000e+00 3.6292e-05 2.2019e-04 3.3637e-05 2.8242e-01 2.6555e-06
16 1.0000e-03 0.0000e+00 3.9144e-05 2.7442e-04 3.3833e-05 2.8218e-01 5.3110e-06
17 0.0000e+00 0.0000e+00 3.4089e-05 2.4440e-04 3.4089e-05 2.8197e-01 0.0000e+00
18 0.0000e+00 0.0000e+00 3.4313e-05 2.2120e-04 3.4313e-05 2.8179e-01 0.0000e+00
19 0.0000e+00 0.0000e+00 3.4514e-05 2.0079e-04 3.4514e-05 2.8162e-01 0.0000e+00
20 0.0000e+00 0.0000e+00 3.4694e-05 1.8260e-04 3.4694e-05 2.8147e-01 0.0000e+00
21 0.0000e+00 1.8000e-05 3.4855e-05 1.6627e-04 3.4855e-05 2.8134e-01 0.0000e+00
22 0.0000e+00 3.4800e-05 3.4998e-05 1.5156e-04 3.4998e-05 2.8122e-01 0.0000e+00
23 0.0000e+00 4.9200e-05 3.5126e-05 1.3828e-04 3.5126e-05 2.8112e-01 0.0000e+00
24 3.0000e-03 6.0200e-05 5.0792e-05 3.5161e-04 3.5240e-05 2.8080e-01 1.5553e-05
25 2.0000e-03 6.6600e-05 4.5892e-05 4.5748e-04 3.5590e-05 2.8038e-01 1.0302e-05
26 5.5000e-03 6.9600e-05 7.1217e-05 8.2442e-04 3.6062e-05 2.7959e-01 3.5155e-05
27 6.0000e-03 6.6600e-05 7.7166e-05 1.1849e-03 3.6961e-05 2.7845e-01 4.0205e-05
28 1.0000e-03 6.0200e-05 4.4761e-05 1.1243e-03 3.8311e-05 2.7736e-01 6.4493e-06
29 2.5000e-03 4.9200e-05 5.7166e-05 1.2033e-03 3.9634e-05 2.7620e-01 1.7532e-05
30 0.0000e+00 3.4800e-05 4.1102e-05 1.0823e-03 4.1102e-05 2.7516e-01 0.0000e+00
31 0.0000e+00 1.6800e-05 4.2461e-05 9.8098e-04 4.2461e-05 2.7422e-01 0.0000e+00
32 1.0000e-03 0.0000e+00 5.0187e-05 9.6214e-04 4.3725e-05 2.7330e-01 6.4619e-06
33 5.0000e-04 0.0000e+00 4.8591e-05 9.1100e-04 4.4998e-05 2.7243e-01 3.5929e-06
34 0.0000e+00 0.0000e+00 4.6232e-05 8.2581e-04 4.6232e-05 2.7165e-01 0.0000e+00
35 0.0000e+00 0.0000e+00 4.7372e-05 7.5064e-04 4.7372e-05 2.7095e-01 0.0000e+00
36 0.0000e+00 0.0000e+00 4.8425e-05 6.8290e-04 4.8425e-05 2.7032e-01 0.0000e+00
37 0.0000e+00 0.0000e+00 4.9395e-05 6.2162e-04 4.9395e-05 2.6974e-01 0.0000e+00
38 0.0000e+00 0.0000e+00 5.0286e-05 5.6607e-04 5.0286e-05 2.6923e-01 0.0000e+00
39 0.0000e+00 0.0000e+00 5.1103e-05 5.1566e-04 5.1103e-05 2.6876e-01 0.0000e+00
40 0.0000e+00 0.0000e+00 5.1850e-05 4.6988e-04 5.1850e-05 2.6834e-01 0.0000e+00
41 0.0000e+00 0.0000e+00 5.2532e-05 4.2829e-04 5.2532e-05 2.6797e-01 0.0000e+00
42 0.0000e+00 0.0000e+00 5.3153e-05 3.9049e-04 5.3153e-05 2.6763e-01 0.0000e+00
43 0.0000e+00 0.0000e+00 5.3716e-05 3.5611e-04 5.3716e-05 2.6733e-01 0.0000e+00
44 0.0000e+00 0.0000e+00 5.4226e-05 3.2485e-04 5.4226e-05 2.6706e-01 0.0000e+00
45 0.0000e+00 3.3800e-05 5.4687e-05 2.9640e-04 5.4687e-05 2.6682e-01 0.0000e+00
46 1.0000e-03 6.5200e-05 6.2044e-05 3.5097e-04 5.5101e-05 2.6652e-01 6.9429e-06
47 0.0000e+00 9.2300e-05 5.5613e-05 3.1423e-04 5.5613e-05 2.6626e-01 0.0000e+00
48 5.0000e-04 1.1300e-04 5.8526e-05 3.1391e-04 5.6064e-05 2.6600e-01 2.4620e-06
49 0.0000e+00 1.2500e-04 5.6518e-05 2.8338e-04 5.6518e-05 2.6578e-01 0.0000e+00
50 1.0000e-03 1.3050e-04 6.2397e-05 3.2143e-04 5.6920e-05 2.6551e-01 5.4776e-06
51 2.5000e-03 1.2500e-04 7.4419e-05 4.8665e-04 5.7392e-05 2.6508e-01 1.7027e-05
52 3.0000e-03 1.1300e-04 7.8826e-05 6.6878e-04 5.8167e-05 2.6447e-01 2.0659e-05
53 2.5000e-03 9.2300e-05 7.6440e-05 7.8799e-04 5.9288e-05 2.6374e-01 1.7152e-05
54 3.0000e-03 6.5200e-05 8.1164e-05 9.4144e-04 6.0654e-05 2.6286e-01 2.0510e-05
55 2.5000e-03 3.1600e-05 8.0611e-05 1.0371e-03 6.2346e-05 2.6189e-01 1.8265e-05
56 2.0000e-03 0.0000e+00 8.0574e-05 1.0867e-03 6.4275e-05 2.6087e-01 1.6299e-05
57 1.0000e-03 0.0000e+00 7.5474e-05 1.0531e-03 6.6361e-05 2.5988e-01 9.1125e-06
58 1.0000e-03 0.0000e+00 7.7552e-05 1.0291e-03 6.8440e-05 2.5892e-01 9.1125e-06
59 0.0000e+00 0.0000e+00 7.0525e-05 9.2327e-04 7.0525e-05 2.5807e-01 0.0000e+00
60 5.0000e-04 0.0000e+00 7.6986e-05 8.7545e-04 7.2430e-05 2.5726e-01 4.5563e-06
61 5.0000e-04 0.0000e+00 7.8827e-05 8.3115e-04 7.4270e-05 2.5651e-01 4.5563e-06
62 0.0000e+00 0.0000e+00 7.6048e-05 7.4810e-04 7.6048e-05 2.5583e-01 0.0000e+00
63 0.0000e+00 0.0000e+00 7.7662e-05 6.7564e-04 7.7662e-05 2.5524e-01 0.0000e+00
64 0.0000e+00 0.0000e+00 7.9127e-05 6.1078e-04 7.9127e-05 2.5470e-01 0.0000e+00
65 0.0000e+00 0.0000e+00 8.0452e-05 5.5251e-04 8.0452e-05 2.5423e-01 0.0000e+00
66 0.0000e+00 0.0000e+00 8.1648e-05 5.0007e-04 8.1648e-05 2.5381e-01 0.0000e+00
67 0.0000e+00 0.0000e+00 8.2723e-05 4.5282e-04 8.2723e-05 2.5344e-01 0.0000e+00
68 0.0000e+00 0.0000e+00 8.3685e-05 4.1021e-04 8.3685e-05 2.5312e-01 0.0000e+00
69 0.0000e+00 4.1400e-05 8.4543e-05 3.7174e-04 8.4543e-05 2.5283e-01 0.0000e+00
70 0.0000e+00 7.9800e-05 8.5306e-05 3.3702e-04 8.5306e-05 2.5258e-01 0.0000e+00
71 0.0000e+00 1.1290e-04 8.5979e-05 3.0564e-04 8.5979e-05 2.5236e-01 0.0000e+00
72 0.0000e+00 1.3830e-04 8.6571e-05 2.7728e-04 8.6571e-05 2.5217e-01 0.0000e+00
73 0.0000e+00 1.5300e-04 8.7089e-05 2.5164e-04 8.7089e-05 2.5200e-01 0.0000e+00
74 0.0000e+00 1.5980e-04 8.7538e-05 2.2845e-04 8.7538e-05 2.5186e-01 0.0000e+00
75 0.0000e+00 1.5300e-04 8.7924e-05 2.0746e-04 8.7924e-05 2.5174e-01 0.0000e+00
76 0.0000e+00 1.3830e-04 8.8253e-05 1.8846e-04 8.8253e-05 2.5164e-01 0.0000e+00
77 0.0000e+00 1.1290e-04 8.8530e-05 1.7125e-04 8.8530e-05 2.5156e-01 0.0000e+00
78 0.0000e+00 7.9800e-05 8.8759e-05 1.5567e-04 8.8759e-05 2.5149e-01 0.0000e+00
79 0.0000e+00 3.8700e-05 8.8945e-05 1.4155e-04 8.8945e-05 2.5144e-01 0.0000e+00
80 0.0000e+00 0.0000e+00 8.9091e-05 1.2875e-04 8.9091e-05 2.5140e-01 0.0000e+00
81 0.0000e+00 0.0000e+00 8.9202e-05 1.1714e-04 8.9202e-05 2.5137e-01 0.0000e+00
82 0.0000e+00 0.0000e+00 8.9280e-05 1.0661e-04 8.9280e-05 2.5136e-01 0.0000e+00
83 0.0000e+00 0.0000e+00 8.9328e-05 9.7053e-05 8.9328e-05 2.5135e-01 0.0000e+00
84 0.0000e+00 0.0000e+00 8.9350e-05 8.8380e-05 8.9350e-05 2.5135e-01 0.0000e+00
85 0.0000e+00 0.0000e+00 8.9347e-05 8.0505e-05 8.9347e-05 2.5136e-01 0.0000e+00
86 0.0000e+00 0.0000e+00 8.9322e-05 7.3352e-05 8.9322e-05 2.5137e-01 0.0000e+00
87 0.0000e+00 0.0000e+00 8.9278e-05 6.6853e-05 8.9278e-05 2.5140e-01 0.0000e+00
88 0.0000e+00 0.0000e+00 8.9215e-05 6.0946e-05 8.9215e-05 2.5142e-01 0.0000e+00
89 0.0000e+00 0.0000e+00 8.9136e-05 5.5576e-05 8.9136e-05 2.5146e-01 0.0000e+00
90 0.0000e+00 0.0000e+00 8.9043e-05 5.0692e-05 8.9043e-05 2.5150e-01 0.0000e+00
91 0.0000e+00 0.0000e+00 8.8936e-05 4.6250e-05 8.8936e-05 2.5154e-01 0.0000e+00
92 0.0000e+00 0.0000e+00 8.8818e-05 4.2207e-05 8.8818e-05 2.5159e-01 0.0000e+00
93 0.0000e+00 1.9100e-05 8.8688e-05 3.8527e-05 8.8688e-05 2.5164e-01 0.0000e+00
94 0.0000e+00 3.6800e-05 8.8549e-05 3.5177e-05 8.8549e-05 2.5169e-01 0.0000e+00
95 0.0000e+00 5.2100e-05 8.8402e-05 3.2125e-05 8.8402e-05 2.5175e-01 0.0000e+00
96 0.0000e+00 6.3800e-05 8.8247e-05 2.9346e-05 8.8247e-05 2.5180e-01 0.0000e+00
97 5.0000e-04 7.0600e-05 8.8084e-05 2.6812e-05 8.8084e-05 2.5187e-01 0.0000e+00
98 5.0000e-04 7.3700e-05 8.7916e-05 2.4503e-05 8.7916e-05 2.5193e-01 0.0000e+00
99 0.0000e+00 7.0600e-05 8.7742e-05 2.2398e-05 8.7742e-05 2.5199e-01 0.0000e+00
100 0.0000e+00 6.3800e-05 8.7563e-05 2.0478e-05 8.7563e-05 2.5206e-01 0.0000e+00
101 0.0000e+00 5.2100e-05 8.7379e-05 1.8727e-05 8.7379e-05 2.5213e-01 0.0000e+00
102 0.0000e+00 3.6800e-05 8.7192e-05 1.7129e-05 8.7192e-05 2.5220e-01 0.0000e+00
103 0.0000e+00 1.7800e-05 8.7001e-05 1.5671e-05 8.7001e-05 2.5227e-01 0.0000e+00
104 0.0000e+00 0.0000e+00 8.6808e-05 1.4340e-05 8.6808e-05 2.5234e-01 0.0000e+00
105 0.0000e+00 0.0000e+00 8.6611e-05 1.3124e-05 8.6611e-05 2.5242e-01 0.0000e+00
106 0.0000e+00 0.0000e+00 8.6413e-05 1.2014e-05 8.6413e-05 2.5249e-01 0.0000e+00
107 0.0000e+00 0.0000e+00 8.6212e-05 1.1000e-05 8.6212e-05 2.5257e-01 0.0000e+00
108 0.0000e+00 0.0000e+00 8.6010e-05 1.0073e-05 8.6010e-05 2.5264e-01 0.0000e+00
109 0.0000e+00 0.0000e+00 8.5806e-05 9.2260e-06 8.5806e-05 2.5272e-01 0.0000e+00
110 0.0000e+00 0.0000e+00 8.5601e-05 8.4519e-06 8.5601e-05 2.5280e-01 0.0000e+00
111 5.0000e-04 0.0000e+00 8.5395e-05 7.7442e-06 8.5395e-05 2.5287e-01 0.0000e+00
112 0.0000e+00 0.0000e+00 8.5188e-05 7.0969e-06 8.5188e-05 2.5295e-01 0.0000e+00
113 0.0000e+00 0.0000e+00 8.4980e-05 6.5049e-06 8.4980e-05 2.5303e-01 0.0000e+00
114 0.0000e+00 0.0000e+00 8.4772e-05 5.9632e-06 8.4772e-05 2.5311e-01 0.0000e+00
115 0.0000e+00 0.0000e+00 8.4563e-05 5.4676e-06 8.4563e-05 2.5319e-01 0.0000e+00
116 0.0000e+00 0.0000e+00 8.4355e-05 5.0140e-06 8.4355e-05 2.5327e-01 0.0000e+00
117 0.0000e+00 1.0200e-05 8.4146e-05 4.5986e-06 8.4146e-05 2.5335e-01 0.0000e+00
118 0.0000e+00 1.9800e-05 8.3937e-05 4.2184e-06 8.3937e-05 2.5343e-01 0.0000e+00
119 0.0000e+00 2.8000e-05 8.3728e-05 3.8704e-06 8.3728e-05 2.5351e-01 0.0000e+00
120 0.0000e+00 3.4200e-05 8.3519e-05 3.5515e-06 8.3519e-05 2.5359e-01 0.0000e+00
121 0.0000e+00 3.7900e-05 8.3311e-05 3.2595e-06 8.3311e-05 2.5367e-01 0.0000e+00
122 0.0000e+00 3.9500e-05 8.3103e-05 2.9919e-06 8.3103e-05 2.5375e-01 0.0000e+00
123 0.0000e+00 3.7900e-05 8.2895e-05 2.7467e-06 8.2895e-05 2.5383e-01 0.0000e+00
124 0.0000e+00 3.4200e-05 8.2687e-05 2.5219e-06 8.2687e-05 2.5391e-01 0.0000e+00
125 0.0000e+00 2.8000e-05 8.2481e-05 2.3159e-06 8.2481e-05 2.5399e-01 0.0000e+00
126 0.0000e+00 1.9800e-05 8.2274e-05 2.1270e-06 8.2274e-05 2.5407e-01 0.0000e+00
127 0.0000e+00 9.6000e-06 8.2068e-05 1.9534e-06 8.2068e-05 2.5415e-01 0.0000e+00
128 0.0000e+00 0.0000e+00 8.1863e-05 1.7946e-06 8.1863e-05 2.5423e-01 0.0000e+00
129 0.0000e+00 0.0000e+00 8.1659e-05 1.6489e-06 8.1659e-05 2.5431e-01 0.0000e+00
130 0.0000e+00 0.0000e+00 8.1455e-05 1.5153e-06 8.1455e-05 2.5439e-01 0.0000e+00
131 0.0000e+00 0.0000e+00 8.1251e-05 1.3926e-06 8.1251e-05 2.5447e-01 0.0000e+00
132 0.0000e+00 0.0000e+00 8.1049e-05 1.2801e-06 8.1049e-05 2.5455e-01 0.0000e+00
133 0.0000e+00 0.0000e+00 8.0847e-05 1.1768e-06 8.0847e-05 2.5463e-01 0.0000e+00
134 0.0000e+00 0.0000e+00 8.0646e-05 1.0820e-06 8.0646e-05 2.5471e-01 0.0000e+00
135 0.0000e+00 0.0000e+00 8.0446e-05 9.9492e-07 8.0446e-05 2.5479e-01 0.0000e+00
136 0.0000e+00 0.0000e+00 8.0246e-05 9.1498e-07 8.0246e-05 2.5487e-01 0.0000e+00
137 0.0000e+00 0.0000e+00 8.0048e-05 8.4157e-07 8.0048e-05 2.5495e-01 0.0000e+00
138 0.0000e+00 0.0000e+00 7.9850e-05 7.7364e-07 7.9850e-05 2.5502e-01 0.0000e+00
139 0.0000e+00 0.0000e+00 7.9653e-05 7.1176e-07 7.9653e-05 2.5510e-01 0.0000e+00
140 0.0000e+00 0.0000e+00 7.9456e-05 6.5491e-07 7.9456e-05 2.5518e-01 0.0000e+00
141 5.0000e-04 4.1400e-05 7.9261e-05 6.0267e-07 7.9261e-05 2.5526e-01 0.0000e+00
142 0.0000e+00 7.9900e-05 7.9066e-05 5.5466e-07 7.9066e-05 2.5534e-01 0.0000e+00
143 0.0000e+00 1.1300e-04 7.8873e-05 5.1053e-07 7.8873e-05 2.5542e-01 0.0000e+00
144 0.0000e+00 1.3840e-04 7.8680e-05 4.6996e-07 7.8680e-05 2.5550e-01 0.0000e+00
145 0.0000e+00 1.5310e-04 7.8488e-05 4.3267e-07 7.8488e-05 2.5557e-01 0.0000e+00
146 0.0000e+00 1.5990e-04 7.8296e-05 3.9837e-07 7.8296e-05 2.5565e-01 0.0000e+00
147 0.0000e+00 1.5310e-04 7.8106e-05 3.6684e-07 7.8106e-05 2.5573e-01 0.0000e+00
148 0.0000e+00 1.3840e-04 7.7917e-05 3.3783e-07 7.7917e-05 2.5581e-01 0.0000e+00
149 0.0000e+00 1.1300e-04 7.7728e-05 3.1061e-07 7.7728e-05 2.5588e-01 0.0000e+00
150 0.0000e+00 7.9900e-05 7.7540e-05 2.8614e-07 7.7540e-05 2.5596e-01 0.0000e+00
151 0.0000e+00 3.8700e-05 7.7353e-05 2.6362e-07 7.7353e-05 2.5604e-01 0.0000e+00
152 0.0000e+00 0.0000e+00 7.7167e-05 2.4289e-07 7.7167e-05 2.5612e-01 0.0000e+00
153 0.0000e+00 0.0000e+00 7.6982e-05 2.2382e-07 7.6982e-05 2.5619e-01 0.0000e+00
154 0.0000e+00 0.0000e+00 7.6797e-05 2.0626e-07 7.6797e-05 2.5627e-01 0.0000e+00
155 0.0000e+00 0.0000e+00 7.6614e-05 1.9010e-07 7.6614e-05 2.5635e-01 0.0000e+00
156 0.0000e+00 0.0000e+00 7.6431e-05 1.7523e-07 7.6431e-05 2.5642e-01 0.0000e+00
157 0.0000e+00 0.0000e+00 7.6249e-05 1.6153e-07 7.6249e-05 2.5650e-01 0.0000e+00
158 0.0000e+00 0.0000e+00 7.6068e-05 1.4891e-07 7.6068e-05 2.5657e-01 0.0000e+00
159 0.0000e+00 0.0000e+00 7.5888e-05 1.3659e-07 7.5888e-05 2.5665e-01 0.0000e+00
160 0.0000e+00 0.0000e+00 7.5708e-05 1.2597e-07 7.5708e-05 2.5673e-01 0.0000e+00
161 0.0000e+00 0.0000e+00 7.5530e-05 1.1618e-07 7.5530e-05 2.5680e-01 0.0000e+00
162 0.0000e+00 0.0000e+00 7.5352e-05 1.0717e-07 7.5352e-05 2.5688e-01 0.0000e+00
163 0.0000e+00 0.0000e+00 7.5175e-05 9.8860e-08 7.5175e-05 2.5695e-01 0.0000e+00
164 0.0000e+00 0.0000e+00 7.4999e-05 9.1204e-08 7.4999e-05 2.5703e-01 0.0000e+00
165 0.0000e+00 1.7800e-05 7.4823e-05 8.4148e-08 7.4823e-05 2.5710e-01 0.0000e+00
166 0.0000e+00 3.4400e-05 7.4649e-05 7.7644e-08 7.4649e-05 2.5718e-01 0.0000e+00
167 0.0000e+00 4.8600e-05 7.4475e-05 7.1649e-08 7.4475e-05 2.5725e-01 0.0000e+00
168 0.0000e+00 5.9500e-05 7.4302e-05 6.6122e-08 7.4302e-05 2.5732e-01 0.0000e+00
169 0.0000e+00 6.5900e-05 7.4130e-05 6.1027e-08 7.4130e-05 2.5740e-01 0.0000e+00
170 0.0000e+00 6.8800e-05 7.3959e-05 5.5484e-08 7.3959e-05 2.5747e-01 0.0000e+00
171 0.0000e+00 6.5900e-05 7.3788e-05 5.1236e-08 7.3788e-05 2.5755e-01 0.0000e+00
172 0.0000e+00 5.9500e-05 7.3618e-05 4.7316e-08 7.3618e-05 2.5762e-01 0.0000e+00
173 0.0000e+00 4.8600e-05 7.3449e-05 4.3699e-08 7.3449e-05 2.5769e-01 0.0000e+00
174 0.0000e+00 3.4400e-05 7.3281e-05 4.0361e-08 7.3281e-05 2.5777e-01 0.0000e+00
175 0.0000e+00 1.6600e-05 7.3113e-05 3.7281e-08 7.3113e-05 2.5784e-01 0.0000e+00
176 0.0000e+00 0.0000e+00 7.2946e-05 3.4439e-08 7.2946e-05 2.5791e-01 0.0000e+00
177 0.0000e+00 0.0000e+00 7.2780e-05 3.1815e-08 7.2780e-05 2.5798e-01 0.0000e+00
178 0.0000e+00 0.0000e+00 7.2615e-05 2.9393e-08 7.2615e-05 2.5806e-01 0.0000e+00
179 0.0000e+00 0.0000e+00 7.2451e-05 2.7158e-08 7.2451e-05 2.5813e-01 0.0000e+00
180 0.0000e+00 0.0000e+00 7.2287e-05 2.5094e-08 7.2287e-05 2.5820e-01 0.0000e+00
181 0.0000e+00 0.0000e+00 7.2124e-05 2.2218e-08 7.2124e-05 2.5827e-01 0.0000e+00
182 0.0000e+00 0.0000e+00 7.1961e-05 2.0547e-08 7.1961e-05 2.5835e-01 0.0000e+00
183 0.0000e+00 0.0000e+00 7.1800e-05 1.9003e-08 7.1800e-05 2.5842e-01 0.0000e+00
184 0.0000e+00 0.0000e+00 7.1639e-05 1.7577e-08 7.1639e-05 2.5849e-01 0.0000e+00
185 0.0000e+00 0.0000e+00 7.1479e-05 1.6258e-08 7.1479e-05 2.5856e-01 0.0000e+00
186 0.0000e+00 0.0000e+00 7.1319e-05 1.5039e-08 7.1319e-05 2.5863e-01 0.0000e+00
187 0.0000e+00 0.0000e+00 7.1161e-05 1.3912e-08 7.1161e-05 2.5870e-01 0.0000e+00
188 0.0000e+00 0.0000e+00 7.1003e-05 1.2870e-08 7.1003e-05 2.5877e-01 0.0000e+00
189 0.0000e+00 4.5600e-05 7.0845e-05 1.1907e-08 7.0845e-05 2.5885e-01 0.0000e+00
190 5.0000e-04 8.7900e-05 7.0689e-05 1.1016e-08 7.0689e-05 2.5892e-01 0.0000e+00
191 0.0000e+00 1.2440e-04 7.0533e-05 1.0193e-08 7.0533e-05 2.5899e-01 0.0000e+00
192 0.0000e+00 1.5230e-04 7.0377e-05 8.3894e-09 7.0377e-05 2.5906e-01 0.0000e+00
193 0.0000e+00 1.6850e-04 7.0223e-05 7.7735e-09 7.0223e-05 2.5913e-01 0.0000e+00
194 0.0000e+00 1.7590e-04 7.0069e-05 7.2032e-09 7.0069e-05 2.5920e-01 0.0000e+00
195 0.0000e+00 1.6850e-04 6.9916e-05 6.6750e-09 6.9916e-05 2.5927e-01 0.0000e+00
196 0.0000e+00 1.5230e-04 6.9763e-05 6.1858e-09 6.9763e-05 2.5934e-01 0.0000e+00
197 0.0000e+00 1.2440e-04 6.9611e-05 5.7327e-09 6.9611e-05 2.5941e-01 0.0000e+00
198 0.0000e+00 8.7900e-05 6.9460e-05 5.3130e-09 6.9460e-05 2.5948e-01 0.0000e+00
199 0.0000e+00 4.2600e-05 6.9309e-05 4.9242e-09 6.9309e-05 2.5954e-01 0.0000e+00
200 0.0000e+00 0.0000e+00 6.9159e-05 4.5640e-09 6.9159e-05 2.5961e-01 0.0000e+00
201 0.0000e+00 0.0000e+00 6.9010e-05 4.2304e-09 6.9010e-05 2.5968e-01 0.0000e+00
202 0.0000e+00 0.0000e+00 6.8861e-05 3.9213e-09 6.8861e-05 2.5975e-01 0.0000e+00
203 0.0000e+00 0.0000e+00 6.8713e-05 2.6835e-09 6.8713e-05 2.5982e-01 0.0000e+00
204 0.0000e+00 0.0000e+00 6.8566e-05 2.4930e-09 6.8566e-05 2.5989e-01 0.0000e+00
205 0.0000e+00 0.0000e+00 6.8419e-05 2.3160e-09 6.8419e-05 2.5996e-01 0.0000e+00
206 0.0000e+00 0.0000e+00 6.8273e-05 2.1517e-09 6.8273e-05 2.6003e-01 0.0000e+00
207 0.0000e+00 0.0000e+00 6.8128e-05 1.9991e-09 6.8128e-05 2.6009e-01 0.0000e+00
208 0.0000e+00 0.0000e+00 6.7983e-05 1.8573e-09 6.7983e-05 2.6016e-01 0.0000e+00
209 0.0000e+00 0.0000e+00 6.7838e-05 1.7257e-09 6.7838e-05 2.6023e-01 0.0000e+00
210 0.0000e+00 0.0000e+00 6.7695e-05 1.6034e-09 6.7695e-05 2.6030e-01 0.0000e+00
211 0.0000e+00 0.0000e+00 6.7552e-05 1.4899e-09 6.7552e-05 2.6037e-01 0.0000e+00
212 0.0000e+00 0.0000e+00 6.7409e-05 1.3844e-09 6.7409e-05 2.6043e-01 0.0000e+00
213 0.0000e+00 4.9000e-05 6.7267e-05 1.2864e-09 6.7267e-05 2.6050e-01 0.0000e+00
214 0.0000e+00 9.4600e-05 6.7126e-05 6.0837e-10 6.7126e-05 2.6057e-01 0.0000e+00
215 0.0000e+00 1.3380e-04 6.6986e-05 5.6694e-10 6.6986e-05 2.6063e-01 0.0000e+00
216 0.0000e+00 1.6380e-04 6.6845e-05 5.2835e-10 6.6845e-05 2.6070e-01 0.0000e+00
217 0.0000e+00 1.8130e-04 6.6706e-05 4.9239e-10 6.6706e-05 2.6077e-01 0.0000e+00
218 0.0000e+00 1.8920e-04 6.6567e-05 4.5889e-10 6.6567e-05 2.6083e-01 0.0000e+00
219 0.0000e+00 1.8130e-04 6.6429e-05 4.2768e-10 6.6429e-05 2.6090e-01 0.0000e+00
220 0.0000e+00 1.6380e-04 6.6291e-05 3.9860e-10 6.6291e-05 2.6097e-01 0.0000e+00
221 0.0000e+00 1.3380e-04 6.6154e-05 3.7151e-10 6.6154e-05 2.6103e-01 0.0000e+00
222 0.0000e+00 9.4600e-05 6.6017e-05 3.4626e-10 6.6017e-05 2.6110e-01 0.0000e+00
223 0.0000e+00 4.5800e-05 6.5881e-05 3.2273e-10 6.5881e-05 2.6116e-01 0.0000e+00
224 0.0000e+00 0.0000e+00 6.5746e-05 3.0081e-10 6.5746e-05 2.6123e-01 0.0000e+00
225 0.0000e+00 0.0000e+00 6.5611e-05 7.6160e-11 6.5611e-05 2.6130e-01 0.0000e+00
226 0.0000e+00 0.0000e+00 6.5476e-05 7.1202e-11 6.5476e-05 2.6136e-01 0.0000e+00
227 0.0000e+00 0.0000e+00 6.5342e-05 6.6568e-11 6.5342e-05 2.6143e-01 0.0000e+00
228 0.0000e+00 0.0000e+00 6.5209e-05 6.2237e-11 6.5209e-05 2.6149e-01 0.0000e+00
229 0.0000e+00 0.0000e+00 6.5076e-05 5.8188e-11 6.5076e-05 2.6156e-01 0.0000e+00
230 0.0000e+00 0.0000e+00 6.4944e-05 5.4404e-11 6.4944e-05 2.6162e-01 0.0000e+00
231 0.0000e+00 0.0000e+00 6.4813e-05 5.0866e-11 6.4813e-05 2.6169e-01 0.0000e+00
232 0.0000e+00 0.0000e+00 6.4681e-05 4.7559e-11 6.4681e-05 2.6175e-01 0.0000e+00
233 0.0000e+00 0.0000e+00 6.4551e-05 4.4468e-11 6.4551e-05 2.6182e-01 0.0000e+00
234 0.0000e+00 0.0000e+00 6.4421e-05 4.1578e-11 6.4421e-05 2.6188e-01 0.0000e+00
235 0.0000e+00 0.0000e+00 6.4291e-05 3.8877e-11 6.4291e-05 2.6194e-01 0.0000e+00
236 0.0000e+00 0.0000e+00 6.4162e-05 0.0000e+00 6.4162e-05 2.6201e-01 0.0000e+00
237 0.0000e+00 5.1700e-05 6.4034e-05 0.0000e+00 6.4034e-05 2.6207e-01 0.0000e+00
238 0.0000e+00 9.9800e-05 6.3906e-05 0.0000e+00 6.3906e-05 2.6214e-01 0.0000e+00
239 0.0000e+00 1.4120e-04 6.3778e-05 0.0000e+00 6.3778e-05 2.6220e-01 0.0000e+00
240 0.0000e+00 1.7290e-04 6.3651e-05 0.0000e+00 6.3651e-05 2.6226e-01 0.0000e+00
241 5.0000e-04 1.9130e-04 6.3525e-05 0.0000e+00 6.3525e-05 2.6233e-01 0.0000e+00
242 1.0000e-03 1.9970e-04 6.3399e-05 0.0000e+00 6.3399e-05 2.6239e-01 0.0000e+00
243 0.0000e+00 1.9130e-04 6.3273e-05 0.0000e+00 6.3273e-05 2.6245e-01 0.0000e+00
244 0.0000e+00 1.7290e-04 6.3148e-05 0.0000e+00 6.3148e-05 2.6252e-01 0.0000e+00
245 0.0000e+00 1.4120e-04 6.3024e-05 0.0000e+00 6.3024e-05 2.6258e-01 0.0000e+00
246 0.0000e+00 9.9800e-05 6.2900e-05 0.0000e+00 6.2900e-05 2.6264e-01 0.0000e+00
247 0.0000e+00 4.8300e-05 6.2776e-05 0.0000e+00 6.2776e-05 2.6271e-01 0.0000e+00
248 0.0000e+00 0.0000e+00 6.2653e-05 0.0000e+00 6.2653e-05 2.6277e-01 0.0000e+00
249 0.0000e+00 0.0000e+00 6.2531e-05 0.0000e+00 6.2531e-05 2.6283e-01 0.0000e+00
250 0.0000e+00 0.0000e+00 6.2409e-05 0.0000e+00 6.2409e-05 2.6289e-01 0.0000e+00
251 0.0000e+00 0.0000e+00 6.2287e-05 0.0000e+00 6.2287e-05 2.6296e-01 0.0000e+00
252 0.0000e+00 0.0000e+00 6.2166e-05 0.0000e+00 6.2166e-05 2.6302e-01 0.0000e+00
253 1.0000e-03 0.0000e+00 6.2045e-05 0.0000e+00 6.2045e-05 2.6308e-01 0.0000e+00
254 0.0000e+00 0.0000e+00 6.1925e-05 0.0000e+00 6.1925e-05 2.6314e-01 0.0000e+00
255 0.0000e+00 0.0000e+00 6.1805e-05 0.0000e+00 6.1805e-05 2.6320e-01 0.0000e+00
256 0.0000e+00 0.0000e+00 6.1686e-05 0.0000e+00 6.1686e-05 2.6327e-01 0.0000e+00
257 0.0000e+00 0.0000e+00 6.1567e-05 0.0000e+00 6.1567e-05 2.6333e-01 0.0000e+00
258 0.0000e+00 0.0000e+00 6.1449e-05 0.0000e+00 6.1449e-05 2.6339e-01 0.0000e+00
259 0.0000e+00 0.0000e+00 6.1331e-05 0.0000e+00 6.1331e-05 2.6345e-01 0.0000e+00
260 0.0000e+00 0.0000e+00 6.1214e-05 0.0000e+00 6.1214e-05 2.6351e-01 0.0000e+00
261 0.0000e+00 7.5200e-05 6.1097e-05 0.0000e+00 6.1097e-05 2.6357e-01 0.0000e+00
262 1.0000e-03 1.4510e-04 6.0980e-05 0.0000e+00 6.0980e-05 2.6363e-01 0.0000e+00
263 0.0000e+00 2.0520e-04 6.0864e-05 0.0000e+00 6.0864e-05 2.6369e-01 0.0000e+00
264 0.0000e+00 2.5130e-04 6.0748e-05 0.0000e+00 6.0748e-05 2.6376e-01 0.0000e+00
265 0.0000e+00 2.7800e-04 6.0633e-05 0.0000e+00 6.0633e-05 2.6382e-01 0.0000e+00
266 0.0000e+00 2.9030e-04 6.0518e-05 0.0000e+00 6.0518e-05 2.6388e-01 0.0000e+00
267 0.0000e+00 2.7800e-04 6.0404e-05 0.0000e+00 6.0404e-05 2.6394e-01 0.0000e+00
268 0.0000e+00 2.5130e-04 6.0290e-05 0.0000e+00 6.0290e-05 2.6400e-01 0.0000e+00
269 0.0000e+00 2.0520e-04 6.0177e-05 0.0000e+00 6.0177e-05 2.6406e-01 0.0000e+00
270 0.0000e+00 1.4510e-04 6.0064e-05 0.0000e+00 6.0064e-05 2.6412e-01 0.0000e+00
271 0.0000e+00 7.0200e-05 5.9951e-05 0.0000e+00 5.9951e-05 2.6418e-01 0.0000e+00
272 0.0000e+00 0.0000e+00 5.9839e-05 0.0000e+00 5.9839e-05 2.6424e-01 0.0000e+00
273 0.0000e+00 0.0000e+00 5.9727e-05 0.0000e+00 5.9727e-05 2.6430e-01 0.0000e+00
274 0.0000e+00 0.0000e+00 5.9616e-05 0.0000e+00 5.9616e-05 2.6436e-01 0.0000e+00
275 0.0000e+00 0.0000e+00 5.9505e-05 0.0000e+00 5.9505e-05 2.6442e-01 0.0000e+00
276 0.0000e+00 0.0000e+00 5.9394e-05 0.0000e+00 5.9394e-05 2.6448e-01 0.0000e+00
277 0.0000e+00 0.0000e+00 5.9284e-05 0.0000e+00 5.9284e-05 2.6453e-01 0.0000e+00
278 0.0000e+00 0.0000e+00 5.9174e-05 0.0000e+00 5.9174e-05 2.6459e-01 0.0000e+00
279 0.0000e+00 0.0000e+00 5.9065e-05 0.0000e+00 5.9065e-05 2.6465e-01 0.0000e+00
280 0.0000e+00 0.0000e+00 5.8956e-05 0.0000e+00 5.8956e-05 2.6471e-01 0.0000e+00
281 0.0000e+00 0.0000e+00 5.8847e-05 0.0000e+00 5.8847e-05 2.6477e-01 0.0000e+00
282 0.0000e+00 0.0000e+00 5.8739e-05 0.0000e+00 5.8739e-05 2.6483e-01 0.0000e+00
283 1.0000e-03 0.0000e+00 5.8632e-05 0.0000e+00 5.8632e-05 2.6489e-01 0.0000e+00
284 5.0000e-04 0.0000e+00 5.8524e-05 0.0000e+00 5.8524e-05 2.6495e-01 0.0000e+00
285 2.5000e-03 2.4400e-05 5.9570e-05 1.3542e-05 5.8417e-05 2.6499e-01 1.1531e-06
286 6.0000e-03 4.7000e-05 1.0388e-04 5.1032e-04 5.8335e-05 2.6454e-01 4.5544e-05
287 4.0000e-03 6.6500e-05 8.7337e-05 7.6126e-04 5.9165e-05 2.6384e-01 2.8172e-05
288 1.5000e-03 8.1400e-05 7.0778e-05 7.8024e-04 6.0478e-05 2.6312e-01 1.0301e-05
289 0.0000e+00 9.0100e-05 6.1853e-05 6.8905e-04 6.1853e-05 2.6249e-01 0.0000e+00
290 0.0000e+00 9.4000e-05 6.3078e-05 6.1745e-04 6.3078e-05 2.6194e-01 0.0000e+00
291 5.0000e-04 9.0100e-05 6.5868e-05 5.7504e-04 6.4180e-05 2.6143e-01 1.6884e-06
292 0.0000e+00 8.1400e-05 6.5213e-05 5.1626e-04 6.5213e-05 2.6097e-01 0.0000e+00
293 0.0000e+00 6.6500e-05 6.6138e-05 4.6534e-04 6.6138e-05 2.6057e-01 0.0000e+00
294 1.5000e-03 4.7000e-05 7.8472e-05 5.2648e-04 6.6969e-05 2.6012e-01 1.1503e-05
295 1.0000e-03 2.2800e-05 7.6622e-05 5.5016e-04 6.7937e-05 2.5963e-01 8.6842e-06
296 0.0000e+00 0.0000e+00 6.8969e-05 4.9131e-04 6.8969e-05 2.5921e-01 0.0000e+00
297 0.0000e+00 0.0000e+00 6.9885e-05 4.4248e-04 6.9885e-05 2.5884e-01 0.0000e+00
298 0.0000e+00 0.0000e+00 7.0704e-05 3.9924e-04 7.0704e-05 2.5851e-01 0.0000e+00
299 0.0000e+00 0.0000e+00 7.1433e-05 3.6069e-04 7.1433e-05 2.5822e-01 0.0000e+00
300 0.0000e+00 0.0000e+00 7.2082e-05 3.2619e-04 7.2082e-05 2.5797e-01 0.0000e+00
301 0.0000e+00 0.0000e+00 7.2657e-05 2.9522e-04 7.2657e-05 2.5774e-01 0.0000e+00
302 0.0000e+00 0.0000e+00 7.3164e-05 2.6738e-04 7.3164e-05 2.5755e-01 0.0000e+00
303 0.0000e+00 0.0000e+00 7.3609e-05 2.4232e-04 7.3609e-05 2.5738e-01 0.0000e+00
304 0.0000e+00 0.0000e+00 7.3998e-05 2.1972e-04 7.3998e-05 2.5724e-01 0.0000e+00
305 0.0000e+00 0.0000e+00 7.4336e-05 1.9934e-04 7.4336e-05 2.5711e-01 0.0000e+00
306 0.0000e+00 0.0000e+00 7.4627e-05 1.8093e-04 7.4627e-05 2.5700e-01 0.0000e+00
307 0.0000e+00 0.0000e+00 7.4875e-05 1.6430e-04 7.4875e-05 2.5691e-01 0.0000e+00
308 0.0000e+00 0.0000e+00 7.5085e-05 1.4926e-04 7.5085e-05 2.5684e-01 0.0000e+00
309 0.0000e+00 2.8800e-05 7.5259e-05 1.3566e-04 7.5259e-05 2.5678e-01 0.0000e+00
310 5.0000e-04 5.5500e-05 7.9487e-05 1.6206e-04 7.5401e-05 2.5669e-01 4.0862e-06
311 0.0000e+00 7.8500e-05 7.5606e-05 1.4460e-04 7.5606e-05 2.5662e-01 0.0000e+00
312 0.0000e+00 9.6200e-05 7.5769e-05 1.3068e-04 7.5769e-05 2.5657e-01 0.0000e+00
313 0.0000e+00 1.0640e-04 7.5899e-05 1.1835e-04 7.5899e-05 2.5653e-01 0.0000e+00
314 0.0000e+00 1.1110e-04 7.6000e-05 1.0732e-04 7.6000e-05 2.5650e-01 0.0000e+00
315 0.0000e+00 1.0640e-04 7.6074e-05 9.7407e-05 7.6074e-05 2.5647e-01 0.0000e+00
316 0.0000e+00 9.6200e-05 7.6125e-05 8.8479e-05 7.6125e-05 2.5646e-01 0.0000e+00
317 5.0000e-04 7.8500e-05 7.6154e-05 8.0420e-05 7.6154e-05 2.5646e-01 0.0000e+00
318 1.0000e-03 5.5500e-05 8.3227e-05 1.4019e-04 7.6164e-05 2.5639e-01 7.0624e-06
319 5.0000e-04 2.6900e-05 8.0367e-05 1.6109e-04 7.6317e-05 2.5631e-01 4.0505e-06
320 0.0000e+00 0.0000e+00 7.6519e-05 1.4221e-04 7.6519e-05 2.5624e-01 0.0000e+00
321 0.0000e+00 0.0000e+00 7.6677e-05 1.2750e-04 7.6677e-05 2.5619e-01 0.0000e+00
322 1.0000e-03 0.0000e+00 8.5666e-05 1.9906e-04 7.6798e-05 2.5607e-01 8.8674e-06
323 1.0000e-03 0.0000e+00 8.6205e-05 2.6073e-04 7.7092e-05 2.5589e-01 9.1125e-06
324 0.0000e+00 0.0000e+00 7.7536e-05 2.2822e-04 7.7536e-05 2.5574e-01 0.0000e+00
325 0.0000e+00 0.0000e+00 7.7902e-05 2.0383e-04 7.7902e-05 2.5561e-01 0.0000e+00
326 0.0000e+00 0.0000e+00 7.8209e-05 1.8280e-04 7.8209e-05 2.5551e-01 0.0000e+00
327 0.0000e+00 0.0000e+00 7.8465e-05 1.6436e-04 7.8465e-05 2.5542e-01 0.0000e+00
328 0.0000e+00 0.0000e+00 7.8676e-05 1.4805e-04 7.8676e-05 2.5535e-01 0.0000e+00
329 0.0000e+00 0.0000e+00 7.8847e-05 1.3355e-04 7.8847e-05 2.5530e-01 0.0000e+00
330 0.0000e+00 0.0000e+00 7.8982e-05 1.2061e-04 7.8982e-05 2.5525e-01 0.0000e+00
331 0.0000e+00 0.0000e+00 7.9085e-05 1.0903e-04 7.9085e-05 2.5522e-01 0.0000e+00
332 0.0000e+00 0.0000e+00 7.9159e-05 9.8650e-05 7.9159e-05 2.5520e-01 0.0000e+00
333 0.0000e+00 1.1200e-05 7.9207e-05 8.9329e-05 7.9207e-05 2.5519e-01 0.0000e+00
334 0.0000e+00 2.1600e-05 7.9232e-05 8.0947e-05 7.9232e-05 2.5519e-01 0.0000e+00
335 0.0000e+00 3.0600e-05 7.9236e-05 7.3400e-05 7.9236e-05 2.5520e-01 0.0000e+00
336 0.0000e+00 3.7400e-05 7.9222e-05 6.6597e-05 7.9222e-05 2.5521e-01 0.0000e+00
337 0.0000e+00 4.1400e-05 7.9191e-05 6.0459e-05 7.9191e-05 2.5523e-01 0.0000e+00
338 5.0000e-04 4.3200e-05 8.2406e-05 8.6132e-05 7.9144e-05 2.5522e-01 3.2619e-06
339 5.0000e-04 4.1400e-05 8.3324e-05 1.1577e-04 7.9161e-05 2.5519e-01 4.1626e-06
340 1.5000e-03 3.7400e-05 9.2544e-05 2.2874e-04 7.9252e-05 2.5504e-01 1.3292e-05
341 1.5000e-03 3.0600e-05 9.2951e-05 3.2476e-04 7.9623e-05 2.5479e-01 1.3328e-05
342 1.0000e-03 2.1600e-05 8.9069e-05 3.6667e-04 8.0235e-05 2.5450e-01 8.8337e-06
343 5.0000e-04 1.0500e-05 8.5316e-05 3.6345e-04 8.0957e-05 2.5422e-01 4.3594e-06
344 1.0000e-03 0.0000e+00 9.0692e-05 4.0842e-04 8.1675e-05 2.5390e-01 9.0168e-06
345 5.0000e-04 0.0000e+00 8.7069e-05 4.0377e-04 8.2513e-05 2.5357e-01 4.5563e-06
346 0.0000e+00 0.0000e+00 8.3345e-05 3.5808e-04 8.3345e-05 2.5330e-01 0.0000e+00
347 0.0000e+00 0.0000e+00 8.4064e-05 3.2040e-04 8.4064e-05 2.5306e-01 0.0000e+00
348 0.0000e+00 0.0000e+00 8.4687e-05 2.8746e-04 8.4687e-05 2.5286e-01 0.0000e+00
349 0.0000e+00 0.0000e+00 8.5226e-05 2.5838e-04 8.5226e-05 2.5269e-01 0.0000e+00
350 0.0000e+00 0.0000e+00 8.5688e-05 2.3257e-04 8.5688e-05 2.5254e-01 0.0000e+00
351 0.0000e+00 0.0000e+00 8.6082e-05 2.0957e-04 8.6082e-05 2.5242e-01 0.0000e+00
352 0.0000e+00 0.0000e+00 8.6415e-05 1.8904e-04 8.6415e-05 2.5231e-01 0.0000e+00
353 5.0000e-04 0.0000e+00 9.1249e-05 2.1513e-04 8.6693e-05 2.5219e-01 4.5563e-06
354 0.0000e+00 0.0000e+00 8.7041e-05 1.9103e-04 8.7041e-05 2.5208e-01 0.0000e+00
355 0.0000e+00 0.0000e+00 8.7325e-05 1.7181e-04 8.7325e-05 2.5200e-01 0.0000e+00
356 0.0000e+00 0.0000e+00 8.7556e-05 1.5487e-04 8.7556e-05 2.5193e-01 0.0000e+00
357 0.0000e+00 7.2300e-05 8.7740e-05 1.3979e-04 8.7740e-05 2.5188e-01 0.0000e+00
358 0.0000e+00 1.3960e-04 8.7883e-05 1.2631e-04 8.7883e-05 2.5184e-01 0.0000e+00
359 0.0000e+00 1.9750e-04 8.7988e-05 1.1423e-04 8.7988e-05 2.5181e-01 0.0000e+00
360 0.0000e+00 2.4180e-04 8.8060e-05 1.0338e-04 8.8060e-05 2.5180e-01 0.0000e+00
361 0.0000e+00 2.6750e-04 8.8103e-05 9.3628e-05 8.8103e-05 2.5179e-01 0.0000e+00
362 0.0000e+00 2.7930e-04 8.8118e-05 8.4846e-05 8.8118e-05 2.5180e-01 0.0000e+00
363 0.0000e+00 2.6750e-04 8.8109e-05 7.6932e-05 8.8109e-05 2.5181e-01 0.0000e+00
364 0.0000e+00 2.4180e-04 8.8078e-05 6.9792e-05 8.8078e-05 2.5183e-01 0.0000e+00
365 0.0000e+00 1.9750e-04 8.8028e-05 6.3347e-05 8.8028e-05 2.5185e-01 0.0000e+00
366 0.0000e+00 1.3960e-04 8.7960e-05 5.7525e-05 8.7960e-05 2.5188e-01 0.0000e+00
367 0.0000e+00 6.7600e-05 8.7876e-05 5.2260e-05 8.7876e-05 2.5192e-01 0.0000e+00
368 0.0000e+00 0.0000e+00 8.7779e-05 4.7499e-05 8.7779e-05 2.5196e-01 0.0000e+00
369 0.0000e+00 0.0000e+00 8.7668e-05 4.3188e-05 8.7668e-05 2.5200e-01 0.0000e+00
370 0.0000e+00 0.0000e+00 8.7546e-05 3.9285e-05 8.7546e-05 2.5205e-01 0.0000e+00
371 0.0000e+00 0.0000e+00 8.7414e-05 3.5748e-05 8.7414e-05 2.5210e-01 0.0000e+00
372 0.0000e+00 0.0000e+00 8.7273e-05 3.2541e-05 8.7273e-05 2.5216e-01 0.0000e+00
373 5.0000e-04 0.0000e+00 8.7124e-05 2.9632e-05 8.7124e-05 2.5221e-01 0.0000e+00
374 7.5000e-03 0.0000e+00 1.4098e-04 5.5440e-04 8.6968e-05 2.5175e-01 5.4015e-05
375 4.5000e-03 0.0000e+00 1.2925e-04 8.6364e-04 8.8248e-05 2.5097e-01 4.1006e-05
376 2.5000e-03 0.0000e+00 1.1319e-04 9.6561e-04 9.0412e-05 2.5009e-01 2.2781e-05
377 5.0000e-04 0.0000e+00 9.7475e-05 8.8805e-04 9.2919e-05 2.4930e-01 4.5563e-06
378 0.0000e+00 0.0000e+00 9.5257e-05 7.8660e-04 9.5257e-05 2.4861e-01 0.0000e+00
379 0.0000e+00 0.0000e+00 9.7337e-05 7.0159e-04 9.7337e-05 2.4800e-01 0.0000e+00
380 0.0000e+00 0.0000e+00 9.9192e-05 6.2736e-04 9.9192e-05 2.4748e-01 0.0000e+00
381 0.0000e+00 1.7400e-05 1.0084e-04 5.6195e-04 1.0084e-04 2.4701e-01 0.0000e+00
382 0.0000e+00 3.3600e-05 1.0231e-04 5.0404e-04 1.0231e-04 2.4661e-01 0.0000e+00
383 1.0000e-03 4.7500e-05 1.1225e-04 5.4049e-04 1.0360e-04 2.4618e-01 8.6479e-06
384 1.0000e-03 5.8200e-05 1.1370e-04 5.6680e-04 1.0502e-04 2.4571e-01 8.6797e-06
385 0.0000e+00 6.4300e-05 1.0655e-04 5.0088e-04 1.0655e-04 2.4532e-01 0.0000e+00
386 5.0000e-04 6.7200e-05 1.1131e-04 4.8374e-04 1.0787e-04 2.4494e-01 3.4407e-06
387 0.0000e+00 6.4300e-05 1.0915e-04 4.3094e-04 1.0915e-04 2.4462e-01 0.0000e+00
388 0.0000e+00 5.8200e-05 1.1025e-04 3.8653e-04 1.1025e-04 2.4435e-01 0.0000e+00
389 0.0000e+00 4.7500e-05 1.1120e-04 3.4720e-04 1.1120e-04 2.4411e-01 0.0000e+00
390 5.0000e-04 3.3600e-05 1.1510e-04 3.3625e-04 1.1203e-04 2.4389e-01 3.0737e-06
391 0.0000e+00 1.6300e-05 1.1282e-04 3.0104e-04 1.1282e-04 2.4370e-01 0.0000e+00
392 5.0000e-04 0.0000e+00 1.1894e-04 3.1168e-04 1.1348e-04 2.4350e-01 5.4613e-06
393 5.0000e-04 0.0000e+00 1.2025e-04 3.2358e-04 1.1419e-04 2.4329e-01 6.0666e-06
394 0.0000e+00 0.0000e+00 1.1494e-04 2.8774e-04 1.1494e-04 2.4312e-01 0.0000e+00
395 0.0000e+00 0.0000e+00 1.1556e-04 2.5786e-04 1.1556e-04 2.4298e-01 0.0000e+00
396 0.0000e+00 0.0000e+00 1.1607e-04 2.3156e-04 1.1607e-04 2.4286e-01 0.0000e+00
397 0.0000e+00 0.0000e+00 1.1649e-04 2.0824e-04 1.1649e-04 2.4277e-01 0.0000e+00
398 0.0000e+00 0.0000e+00 1.1683e-04 1.8748e-04 1.1683e-04 2.4270e-01 0.0000e+00
399 0.0000e+00 0.0000e+00 1.1709e-04 1.6894e-04 1.1709e-04 2.4265e-01 0.0000e+00
400 0.0000e+00 0.0000e+00 1.1728e-04 1.5235e-04 1.1728e-04 2.4261e-01 0.0000e+00
401 0.0000e+00 0.0000e+00 1.1740e-04 1.3749e-04 1.1740e-04 2.4259e-01 0.0000e+00
402 1.0000e-03 0.0000e+00 1.2961e-04 2.1594e-04 1.1748e-04 2.4249e-01 1.2133e-05
403 0.0000e+00 0.0000e+00 1.1784e-04 1.8872e-04 1.1784e-04 2.4242e-01 0.0000e+00
404 0.0000e+00 0.0000e+00 1.1810e-04 1.6831e-04 1.1810e-04 2.4237e-01 0.0000e+00
405 5.0000e-04 2.4600e-05 1.2435e-04 1.9661e-04 1.1829e-04 2.4229e-01 6.0666e-06
406 5.0000e-04 4.7400e-05 1.2434e-04 2.1720e-04 1.1858e-04 2.4219e-01 5.7682e-06
407 0.0000e+00 6.7100e-05 1.1894e-04 1.9140e-04 1.1894e-04 2.4212e-01 0.0000e+00
408 5.0000e-04 8.2200e-05 1.2389e-04 2.0616e-04 1.1921e-04 2.4203e-01 4.6781e-06
409 0.0000e+00 9.0900e-05 1.1954e-04 1.8222e-04 1.1954e-04 2.4197e-01 0.0000e+00
410 0.0000e+00 9.5000e-05 1.1977e-04 1.6266e-04 1.1977e-04 2.4193e-01 0.0000e+00
411 0.0000e+00 9.0900e-05 1.1993e-04 1.4559e-04 1.1993e-04 2.4190e-01 0.0000e+00
412 0.0000e+00 8.2200e-05 1.2003e-04 1.3057e-04 1.2003e-04 2.4189e-01 0.0000e+00
413 0.0000e+00 6.7100e-05 1.2007e-04 1.1727e-04 1.2007e-04 2.4190e-01 0.0000e+00
414 0.0000e+00 4.7400e-05 1.2006e-04 1.0545e-04 1.2006e-04 2.4191e-01 0.0000e+00
415 0.0000e+00 2.3000e-05 1.2000e-04 9.4926e-05 1.2000e-04 2.4193e-01 0.0000e+00
416 0.0000e+00 0.0000e+00 1.1991e-04 8.5528e-05 1.1991e-04 2.4197e-01 0.0000e+00
417 0.0000e+00 0.0000e+00 1.1978e-04 7.7124e-05 1.1978e-04 2.4201e-01 0.0000e+00
418 0.0000e+00 0.0000e+00 1.1962e-04 6.9598e-05 1.1962e-04 2.4206e-01 0.0000e+00
419 0.0000e+00 0.0000e+00 1.1943e-04 6.2850e-05 1.1943e-04 2.4212e-01 0.0000e+00
420 0.0000e+00 0.0000e+00 1.1922e-04 5.6793e-05 1.1922e-04 2.4218e-01 0.0000e+00
421 0.0000e+00 0.0000e+00 1.1899e-04 5.1351e-05 1.1899e-04 2.4225e-01 0.0000e+00
422 0.0000e+00 0.0000e+00 1.1874e-04 4.6456e-05 1.1874e-04 2.4232e-01 0.0000e+00
423 0.0000e+00 0.0000e+00 1.1847e-04 4.2051e-05 1.1847e-04 2.4240e-01 0.0000e+00
424 0.0000e+00 0.0000e+00 1.1819e-04 3.8083e-05 1.1819e-04 2.4248e-01 0.0000e+00
425 0.0000e+00 0.0000e+00 1.1789e-04 3.4506e-05 1.1789e-04 2.4256e-01 0.0000e+00
426 0.0000e+00 0.0000e+00 1.1759e-04 3.1279e-05 1.1759e-04 2.4265e-01 0.0000e+00
427 5.0000e-04 0.0000e+00 1.1727e-04 2.8367e-05 1.1727e-04 2.4274e-01 0.0000e+00
428 2.0000e-03 0.0000e+00 1.4029e-04 2.0217e-04 1.1694e-04 2.4265e-01 2.3347e-05
429 3.0000e-03 3.2600e-05 1.5365e-04 4.4566e-04 1.1726e-04 2.4232e-01 3.6400e-05
430 2.0000e-03 6.2900e-05 1.4234e-04 5.6054e-04 1.1846e-04 2.4188e-01 2.3871e-05
431 1.0000e-03 8.9000e-05 1.3148e-04 5.7130e-04 1.2011e-04 2.4143e-01 1.1370e-05
432 0.0000e+00 1.0900e-04 1.2182e-04 4.9966e-04 1.2182e-04 2.4105e-01 0.0000e+00
433 5.0000e-04 1.2060e-04 1.2693e-04 4.6992e-04 1.2327e-04 2.4070e-01 3.6666e-06
434 0.0000e+00 1.2590e-04 1.2461e-04 4.1571e-04 1.2461e-04 2.4041e-01 0.0000e+00
435 0.0000e+00 1.2060e-04 1.2575e-04 3.6970e-04 1.2575e-04 2.4017e-01 0.0000e+00
436 0.0000e+00 1.0900e-04 1.2671e-04 3.2956e-04 1.2671e-04 2.3997e-01 0.0000e+00
437 3.5000e-03 8.9000e-05 1.6422e-04 5.7703e-04 1.2751e-04 2.3952e-01 3.6710e-05
438 0.0000e+00 6.2900e-05 1.2932e-04 4.9829e-04 1.2932e-04 2.3915e-01 0.0000e+00
439 0.0000e+00 3.0500e-05 1.3082e-04 4.4085e-04 1.3082e-04 2.3884e-01 0.0000e+00
440 0.0000e+00 0.0000e+00 1.3209e-04 3.9181e-04 1.3209e-04 2.3858e-01 0.0000e+00
441 0.0000e+00 0.0000e+00 1.3317e-04 3.4920e-04 1.3317e-04 2.3836e-01 0.0000e+00
442 0.0000e+00 0.0000e+00 1.3407e-04 3.1182e-04 1.3407e-04 2.3818e-01 0.0000e+00
443 0.0000e+00 0.0000e+00 1.3482e-04 2.7886e-04 1.3482e-04 2.3804e-01 0.0000e+00
444 5.0000e-04 0.0000e+00 1.3928e-04 2.7980e-04 1.3543e-04 2.3790e-01 3.8560e-06
445 0.0000e+00 0.0000e+00 1.3604e-04 2.4866e-04 1.3604e-04 2.3778e-01 0.0000e+00
446 0.0000e+00 0.0000e+00 1.3652e-04 2.2241e-04 1.3652e-04 2.3770e-01 0.0000e+00
447 0.0000e+00 0.0000e+00 1.3688e-04 1.9929e-04 1.3688e-04 2.3764e-01 0.0000e+00
448 0.0000e+00 0.0000e+00 1.3715e-04 1.7879e-04 1.3715e-04 2.3759e-01 0.0000e+00
449 0.0000e+00 0.0000e+00 1.3733e-04 1.6056e-04 1.3733e-04 2.3757e-01 0.0000e+00
450 0.0000e+00 0.0000e+00 1.3743e-04 1.4432e-04 1.3743e-04 2.3756e-01 0.0000e+00
451 0.0000e+00 0.0000e+00 1.3746e-04 1.2982e-04 1.3746e-04 2.3757e-01 0.0000e+00
452 5.0000e-04 0.0000e+00 1.4349e-04 1.6439e-04 1.3743e-04 2.3754e-01 6.0666e-06
453 0.0000e+00 2.2400e-05 1.3754e-04 1.4438e-04 1.3754e-04 2.3754e-01 0.0000e+00
454 0.0000e+00 4.3300e-05 1.3757e-04 1.2885e-04 1.3757e-04 2.3755e-01 0.0000e+00
455 0.0000e+00 6.1200e-05 1.3753e-04 1.1537e-04 1.3753e-04 2.3757e-01 0.0000e+00
456 0.0000e+00 7.5000e-05 1.3744e-04 1.0351e-04 1.3744e-04 2.3760e-01 0.0000e+00
457 0.0000e+00 8.3000e-05 1.3729e-04 9.2992e-05 1.3729e-04 2.3765e-01 0.0000e+00
458 0.0000e+00 8.6600e-05 1.3710e-04 8.3639e-05 1.3710e-04 2.3770e-01 0.0000e+00
459 0.0000e+00 8.3000e-05 1.3687e-04 7.5298e-05 1.3687e-04 2.3776e-01 0.0000e+00
460 0.0000e+00 7.5000e-05 1.3661e-04 6.7845e-05 1.3661e-04 2.3783e-01 0.0000e+00
461 0.0000e+00 6.1200e-05 1.3632e-04 6.1176e-05 1.3632e-04 2.3791e-01 0.0000e+00
462 0.0000e+00 4.3300e-05 1.3600e-04 5.5200e-05 1.3600e-04 2.3799e-01 0.0000e+00
463 0.0000e+00 2.1000e-05 1.3566e-04 4.9840e-05 1.3566e-04 2.3807e-01 0.0000e+00
464 0.0000e+00 0.0000e+00 1.3529e-04 4.5026e-05 1.3529e-04 2.3816e-01 0.0000e+00
465 1.0000e-03 0.0000e+00 1.3914e-04 7.3718e-05 1.3491e-04 2.3822e-01 4.2324e-06
466 5.0000e-04 0.0000e+00 1.4072e-04 1.1131e-04 1.3465e-04 2.3825e-01 6.0666e-06
467 0.0000e+00 0.0000e+00 1.3455e-04 9.5913e-05 1.3455e-04 2.3829e-01 0.0000e+00
468 0.0000e+00 0.0000e+00 1.3439e-04 8.4744e-05 1.3439e-04 2.3834e-01 0.0000e+00
469 5.0000e-04 0.0000e+00 1.4025e-04 1.2258e-04 1.3418e-04 2.3835e-01 6.0666e-06
470 0.0000e+00 0.0000e+00 1.3414e-04 1.0613e-04 1.3414e-04 2.3837e-01 0.0000e+00
471 0.0000e+00 0.0000e+00 1.3402e-04 9.3895e-05 1.3402e-04 2.3842e-01 0.0000e+00
472 5.0000e-04 0.0000e+00 1.3992e-04 1.3072e-04 1.3385e-04 2.3842e-01 6.0666e-06
473 5.0000e-04 0.0000e+00 1.3990e-04 1.6064e-04 1.3384e-04 2.3839e-01 6.0666e-06
474 0.0000e+00 0.0000e+00 1.3395e-04 1.3937e-04 1.3395e-04 2.3839e-01 0.0000e+00
475 0.0000e+00 0.0000e+00 1.3397e-04 1.2316e-04 1.3397e-04 2.3840e-01 0.0000e+00
476 0.0000e+00 0.0000e+00 1.3393e-04 1.0936e-04 1.3393e-04 2.3842e-01 0.0000e+00
477 0.0000e+00 9.2000e-06 1.3382e-04 9.7406e-05 1.3382e-04 2.3846e-01 0.0000e+00
478 0.0000e+00 1.7800e-05 1.3367e-04 8.6949e-05 1.3367e-04 2.3850e-01 0.0000e+00
479 0.0000e+00 2.5200e-05 1.3348e-04 7.7750e-05 1.3348e-04 2.3856e-01 0.0000e+00
480 0.0000e+00 3.0900e-05 1.3324e-04 6.9627e-05 1.3324e-04 2.3862e-01 0.0000e+00
481 0.0000e+00 3.4200e-05 1.3298e-04 6.2430e-05 1.3298e-04 2.3869e-01 0.0000e+00
482 5.0000e-04 3.5700e-05 1.3733e-04 9.2136e-05 1.3269e-04 2.3873e-01 4.6447e-06
483 2.5000e-03 3.4200e-05 1.6242e-04 3.1243e-04 1.3252e-04 2.3855e-01 2.9900e-05
484 1.0000e-03 3.0900e-05 1.4498e-04 3.5432e-04 1.3327e-04 2.3833e-01 1.1718e-05
485 0.0000e+00 2.5200e-05 1.3419e-04 3.0591e-04 1.3419e-04 2.3816e-01 0.0000e+00
486 1.0000e-03 1.7800e-05 1.4636e-04 3.5843e-04 1.3491e-04 2.3794e-01 1.1453e-05
487 0.0000e+00 8.6000e-06 1.3586e-04 3.1186e-04 1.3586e-04 2.3776e-01 0.0000e+00
488 0.0000e+00 0.0000e+00 1.3661e-04 2.7554e-04 1.3661e-04 2.3762e-01 0.0000e+00
489 0.0000e+00 0.0000e+00 1.3720e-04 2.4447e-04 1.3720e-04 2.3752e-01 0.0000e+00
490 0.0000e+00 0.0000e+00 1.3766e-04 2.1749e-04 1.3766e-04 2.3744e-01 0.0000e+00
491 0.0000e+00 0.0000e+00 1.3801e-04 1.9388e-04 1.3801e-04 2.3738e-01 0.0000e+00
492 0.0000e+00 0.0000e+00 1.3825e-04 1.7311e-04 1.3825e-04 2.3735e-01 0.0000e+00
493 0.0000e+00 0.0000e+00 1.3840e-04 1.5478e-04 1.3840e-04 2.3733e-01 0.0000e+00
494 0.0000e+00 0.0000e+00 1.3847e-04 1.3856e-04 1.3847e-04 2.3733e-01 0.0000e+00
495 0.0000e+00 0.0000e+00 1.3847e-04 1.2417e-04 1.3847e-04 2.3734e-01 0.0000e+00
496 0.0000e+00 0.0000e+00 1.3841e-04 1.1139e-04 1.3841e-04 2.3737e-01 0.0000e+00
497 0.0000e+00 0.0000e+00 1.3829e-04 1.0001e-04 1.3829e-04 2.3741e-01 0.0000e+00
498 0.0000e+00 0.0000e+00 1.3812e-04 8.9866e-05 1.3812e-04 2.3746e-01 0.0000e+00
499 0.0000e+00 0.0000e+00 1.3792e-04 8.0816e-05 1.3792e-04 2.3751e-01 0.0000e+00
500 0.0000e+00 0.0000e+00 1.3767e-04 7.2730e-05 1.3767e-04 2.3758e-01 0.0000e+00
501 0.0000e+00 6.3800e-05 1.3739e-04 6.5497e-05 1.3739e-04 2.3765e-01 0.0000e+00
502 0.0000e+00 1.2310e-04 1.3708e-04 5.9022e-05 1.3708e-04 2.3773e-01 0.0000e+00
503 0.0000e+00 1.7420e-04 1.3675e-04 5.3220e-05 1.3675e-04 2.3781e-01 0.0000e+00
504 0.0000e+00 2.1330e-04 1.3639e-04 4.8017e-05 1.3639e-04 2.3790e-01 0.0000e+00
505 0.0000e+00 2.3600e-04 1.3602e-04 4.3346e-05 1.3602e-04 2.3799e-01 0.0000e+00
506 0.0000e+00 2.4640e-04 1.3562e-04 3.9151e-05 1.3562e-04 2.3809e-01 0.0000e+00
507 0.0000e+00 2.3600e-04 1.3522e-04 3.5380e-05 1.3522e-04 2.3819e-01 0.0000e+00
508 0.0000e+00 2.1330e-04 1.3479e-04 3.1988e-05 1.3479e-04 2.3829e-01 0.0000e+00
509 0.0000e+00 1.7420e-04 1.3436e-04 2.8934e-05 1.3436e-04 2.3840e-01 0.0000e+00
510 0.0000e+00 1.2310e-04 1.3392e-04 2.6185e-05 1.3392e-04 2.3851e-01 0.0000e+00
511 0.0000e+00 5.9600e-05 1.3347e-04 2.3706e-05 1.3347e-04 2.3862e-01 0.0000e+00
512 0.0000e+00 0.0000e+00 1.3301e-04 2.1472e-05 1.3301e-04 2.3873e-01 0.0000e+00
513 0.0000e+00 0.0000e+00 1.3255e-04 1.9456e-05 1.3255e-04 2.3884e-01 0.0000e+00
514 0.0000e+00 0.0000e+00 1.3208e-04 1.7636e-05 1.3208e-04 2.3896e-01 0.0000e+00
515 0.0000e+00 0.0000e+00 1.3161e-04 1.5993e-05 1.3161e-04 2.3907e-01 0.0000e+00
516 0.0000e+00 0.0000e+00 1.3114e-04 1.4508e-05 1.3114e-04 2.3919e-01 0.0000e+00
517 0.0000e+00 0.0000e+00 1.3066e-04 1.3166e-05 1.3066e-04 2.3930e-01 0.0000e+00
518 0.0000e+00 0.0000e+00 1.3018e-04 1.1952e-05 1.3018e-04 2.3942e-01 0.0000e+00
519 0.0000e+00 0.0000e+00 1.2970e-04 1.0854e-05 1.2970e-04 2.3954e-01 0.0000e+00
520 0.0000e+00 0.0000e+00 1.2922e-04 9.8601e-06 1.2922e-04 2.3966e-01 0.0000e+00
521 0.0000e+00 0.0000e+00 1.2874e-04 8.9599e-06 1.2874e-04 2.3978e-01 0.0000e+00
522 0.0000e+00 0.0000e+00 1.2826e-04 8.1443e-06 1.2826e-04 2.3990e-01 0.0000e+00
523 0.0000e+00 0.0000e+00 1.2778e-04 7.4054e-06 1.2778e-04 2.4002e-01 0.0000e+00
524 0.0000e+00 0.0000e+00 1.2730e-04 6.7355e-06 1.2730e-04 2.4014e-01 0.0000e+00
525 0.0000e+00 4.1700e-05 1.2682e-04 6.1280e-06 1.2682e-04 2.4026e-01 0.0000e+00
526 0.0000e+00 8.0400e-05 1.2634e-04 5.5769e-06 1.2634e-04 2.4038e-01 0.0000e+00
527 0.0000e+00 1.1380e-04 1.2586e-04 5.0767e-06 1.2586e-04 2.4050e-01 0.0000e+00
528 0.0000e+00 1.3930e-04 1.2539e-04 4.6226e-06 1.2539e-04 2.4063e-01 0.0000e+00
529 0.0000e+00 1.5420e-04 1.2492e-04 4.2102e-06 1.2492e-04 2.4075e-01 0.0000e+00
530 0.0000e+00 1.6090e-04 1.2445e-04 3.8356e-06 1.2445e-04 2.4087e-01 0.0000e+00
531 0.0000e+00 1.5420e-04 1.2398e-04 3.4950e-06 1.2398e-04 2.4099e-01 0.0000e+00
532 0.0000e+00 1.3930e-04 1.2351e-04 3.1856e-06 1.2351e-04 2.4111e-01 0.0000e+00
533 0.0000e+00 1.1380e-04 1.2305e-04 2.9044e-06 1.2305e-04 2.4123e-01 0.0000e+00
534 0.0000e+00 8.0400e-05 1.2259e-04 2.6485e-06 1.2259e-04 2.4135e-01 0.0000e+00
535 0.0000e+00 3.8900e-05 1.2213e-04 2.4158e-06 1.2213e-04 2.4147e-01 0.0000e+00
536 0.0000e+00 0.0000e+00 1.2167e-04 2.2040e-06 1.2167e-04 2.4159e-01 0.0000e+00
537 0.0000e+00 0.0000e+00 1.2122e-04 2.0113e-06 1.2122e-04 2.4171e-01 0.0000e+00
538 0.0000e+00 0.0000e+00 1.2077e-04 1.8357e-06 1.2077e-04 2.4182e-01 0.0000e+00
539 0.0000e+00 0.0000e+00 1.2032e-04 1.6759e-06 1.2032e-04 2.4194e-01 0.0000e+00
540 0.0000e+00 0.0000e+00 1.1988e-04 1.5303e-06 1.1988e-04 2.4206e-01 0.0000e+00
541 0.0000e+00 0.0000e+00 1.1943e-04 1.3972e-06 1.1943e-04 2.4218e-01 0.0000e+00
542 0.0000e+00 0.0000e+00 1.1899e-04 1.2764e-06 1.1899e-04 2.4230e-01 0.0000e+00
543 0.0000e+00 0.0000e+00 1.1856e-04 1.1662e-06 1.1856e-04 2.4241e-01 0.0000e+00
544 0.0000e+00 0.0000e+00 1.1812e-04 1.0658e-06 1.1812e-04 2.4253e-01 0.0000e+00
545 0.0000e+00 0.0000e+00 1.1769e-04 9.7416e-07 1.1769e-04 2.4265e-01 0.0000e+00
546 0.0000e+00 0.0000e+00 1.1726e-04 8.9059e-07 1.1726e-04 2.4276e-01 0.0000e+00
547 0.0000e+00 0.0000e+00 1.1684e-04 8.1433e-07 1.1684e-04 2.4288e-01 0.0000e+00
548 0.0000e+00 0.0000e+00 1.1642e-04 7.4474e-07 1.1642e-04 2.4300e-01 0.0000e+00
549 0.0000e+00 2.0700e-05 1.1600e-04 6.8122e-07 1.1600e-04 2.4311e-01 0.0000e+00
550 0.0000e+00 4.0000e-05 1.1558e-04 6.2266e-07 1.1558e-04 2.4323e-01 0.0000e+00
551 0.0000e+00 5.6600e-05 1.1516e-04 5.6978e-07 1.1516e-04 2.4334e-01 0.0000e+00
552 1.0000e-03 6.9300e-05 1.1475e-04 5.2148e-07 1.1475e-04 2.4346e-01 0.0000e+00
553 1.0000e-03 7.6600e-05 1.1434e-04 4.7735e-07 1.1434e-04 2.4357e-01 0.0000e+00
554 2.0000e-03 8.0000e-05 1.2282e-04 6.7192e-05 1.1394e-04 2.4362e-01 8.8827e-06
555 1.5000e-03 7.6600e-05 1.3100e-04 1.8553e-04 1.1377e-04 2.4354e-01 1.7229e-05
556 0.0000e+00 6.9300e-05 1.1403e-04 1.5714e-04 1.1403e-04 2.4350e-01 0.0000e+00
557 5.0000e-04 5.6600e-05 1.1848e-04 1.7006e-04 1.1418e-04 2.4345e-01 4.2977e-06
558 0.0000e+00 4.0000e-05 1.1438e-04 1.4857e-04 1.1438e-04 2.4341e-01 0.0000e+00
559 0.0000e+00 1.9400e-05 1.1450e-04 1.3139e-04 1.1450e-04 2.4339e-01 0.0000e+00
560 0.0000e+00 0.0000e+00 1.1456e-04 1.1667e-04 1.1456e-04 2.4339e-01 0.0000e+00
561 0.0000e+00 0.0000e+00 1.1457e-04 1.0389e-04 1.1457e-04 2.4340e-01 0.0000e+00
562 0.0000e+00 0.0000e+00 1.1453e-04 9.2712e-05 1.1453e-04 2.4342e-01 0.0000e+00
563 0.0000e+00 0.0000e+00 1.1445e-04 8.2888e-05 1.1445e-04 2.4346e-01 0.0000e+00
564 0.0000e+00 0.0000e+00 1.1434e-04 7.4216e-05 1.1434e-04 2.4350e-01 0.0000e+00
565 5.0000e-04 0.0000e+00 1.1886e-04 1.0158e-04 1.1420e-04 2.4351e-01 4.6602e-06
566 0.0000e+00 0.0000e+00 1.1415e-04 8.8965e-05 1.1415e-04 2.4353e-01 0.0000e+00
567 0.0000e+00 0.0000e+00 1.1406e-04 7.9228e-05 1.1406e-04 2.4357e-01 0.0000e+00
568 0.0000e+00 0.0000e+00 1.1394e-04 7.0787e-05 1.1394e-04 2.4361e-01 0.0000e+00
569 0.0000e+00 0.0000e+00 1.1378e-04 6.3389e-05 1.1378e-04 2.4366e-01 0.0000e+00
570 0.0000e+00 0.0000e+00 1.1361e-04 5.6860e-05 1.1361e-04 2.4372e-01 0.0000e+00
571 0.0000e+00 0.0000e+00 1.1340e-04 5.1074e-05 1.1340e-04 2.4378e-01 0.0000e+00
572 0.0000e+00 0.0000e+00 1.1318e-04 4.5929e-05 1.1318e-04 2.4385e-01 0.0000e+00
573 3.0000e-03 3.0500e-05 1.4935e-04 3.1439e-04 1.1295e-04 2.4365e-01 3.6400e-05
574 1.0000e-03 5.8900e-05 1.2542e-04 3.5391e-04 1.1366e-04 2.4341e-01 1.1763e-05
575 2.5000e-03 8.3300e-05 1.4413e-04 5.3019e-04 1.1452e-04 2.4299e-01 2.9619e-05
576 3.5000e-03 1.0200e-04 1.5747e-04 7.7070e-04 1.1601e-04 2.4234e-01 4.1456e-05
577 1.5000e-03 1.1290e-04 1.3537e-04 7.9517e-04 1.1841e-04 2.4166e-01 1.6962e-05
578 0.0000e+00 1.1780e-04 1.2094e-04 6.9652e-04 1.2094e-04 2.4108e-01 0.0000e+00
579 0.0000e+00 1.1290e-04 1.2314e-04 6.1677e-04 1.2314e-04 2.4059e-01 0.0000e+00
580 0.0000e+00 1.0200e-04 1.2505e-04 5.4811e-04 1.2505e-04 2.4017e-01 0.0000e+00
581 0.0000e+00 8.3300e-05 1.2672e-04 4.8828e-04 1.2672e-04 2.3981e-01 0.0000e+00
582 0.0000e+00 5.8900e-05 1.2816e-04 4.3576e-04 1.2816e-04 2.3950e-01 0.0000e+00
583 0.0000e+00 2.8500e-05 1.2939e-04 3.8944e-04 1.2939e-04 2.3924e-01 0.0000e+00
584 0.0000e+00 0.0000e+00 1.3045e-04 3.4846e-04 1.3045e-04 2.3902e-01 0.0000e+00
585 0.0000e+00 0.0000e+00 1.3134e-04 3.1211e-04 1.3134e-04 2.3884e-01 0.0000e+00
586 0.0000e+00 0.0000e+00 1.3208e-04 2.7981e-04 1.3208e-04 2.3869e-01 0.0000e+00
587 0.0000e+00 0.0000e+00 1.3270e-04 2.5106e-04 1.3270e-04 2.3857e-01 0.0000e+00
588 0.0000e+00 0.0000e+00 1.3319e-04 2.2544e-04 1.3319e-04 2.3848e-01 0.0000e+00
589 5.0000e-04 0.0000e+00 1.3357e-04 2.0259e-04 1.3357e-04 2.3841e-01 0.0000e+00
590 0.0000e+00 0.0000e+00 1.3386e-04 1.8217e-04 1.3386e-04 2.3836e-01 0.0000e+00
591 0.0000e+00 0.0000e+00 1.3406e-04 1.6392e-04 1.3406e-04 2.3833e-01 0.0000e+00
592 5.0000e-04 0.0000e+00 1.3888e-04 1.8416e-04 1.3419e-04 2.3828e-01 4.6941e-06
593 0.0000e+00 0.0000e+00 1.3440e-04 1.6314e-04 1.3440e-04 2.3826e-01 0.0000e+00
594 1.0000e-03 0.0000e+00 1.4665e-04 2.4068e-04 1.3452e-04 2.3815e-01 1.2133e-05
595 0.0000e+00 0.0000e+00 1.3497e-04 2.0919e-04 1.3497e-04 2.3808e-01 0.0000e+00
596 0.0000e+00 0.0000e+00 1.3528e-04 1.8575e-04 1.3528e-04 2.3802e-01 0.0000e+00
597 0.0000e+00 6.2600e-05 1.3549e-04 1.6567e-04 1.3549e-04 2.3799e-01 0.0000e+00
598 0.0000e+00 1.2080e-04 1.3562e-04 1.4814e-04 1.3562e-04 2.3798e-01 0.0000e+00
599 0.0000e+00 1.7090e-04 1.3567e-04 1.3272e-04 1.3567e-04 2.3799e-01 0.0000e+00
600 0.0000e+00 2.0930e-04 1.3566e-04 1.1907e-04 1.3566e-04 2.3800e-01 0.0000e+00
601 0.0000e+00 2.3150e-04 1.3559e-04 1.0695e-04 1.3559e-04 2.3803e-01 0.0000e+00
602 0.0000e+00 2.4180e-04 1.3547e-04 9.6156e-05 1.3547e-04 2.3807e-01 0.0000e+00
603 0.0000e+00 2.3150e-04 1.3530e-04 8.6533e-05 1.3530e-04 2.3812e-01 0.0000e+00
604 0.0000e+00 2.0930e-04 1.3510e-04 7.7937e-05 1.3510e-04 2.3818e-01 0.0000e+00
605 0.0000e+00 1.7090e-04 1.3486e-04 7.0246e-05 1.3486e-04 2.3824e-01 0.0000e+00
606 0.0000e+00 1.2080e-04 1.3458e-04 6.3358e-05 1.3458e-04 2.3831e-01 0.0000e+00
607 0.0000e+00 5.8500e-05 1.3428e-04 5.7182e-05 1.3428e-04 2.3839e-01 0.0000e+00
608 0.0000e+00 0.0000e+00 1.3396e-04 5.1639e-05 1.3396e-04 2.3847e-01 0.0000e+00
609 0.0000e+00 0.0000e+00 1.3362e-04 4.6660e-05 1.3362e-04 2.3856e-01 0.0000e+00
610 0.0000e+00 0.0000e+00 1.3325e-04 4.2183e-05 1.3325e-04 2.3865e-01 0.0000e+00
611 0.0000e+00 0.0000e+00 1.3288e-04 3.8155e-05 1.3288e-04 2.3874e-01 0.0000e+00
612 0.0000e+00 0.0000e+00 1.3248e-04 3.4529e-05 1.3248e-04 2.3884e-01 0.0000e+00
613 0.0000e+00 0.0000e+00 1.3208e-04 3.1262e-05 1.3208e-04 2.3894e-01 0.0000e+00
614 0.0000e+00 0.0000e+00 1.3166e-04 2.8316e-05 1.3166e-04 2.3905e-01 0.0000e+00
615 0.0000e+00 0.0000e+00 1.3124e-04 2.5660e-05 1.3124e-04 2.3915e-01 0.0000e+00
616 0.0000e+00 0.0000e+00 1.3081e-04 2.3262e-05 1.3081e-04 2.3926e-01 0.0000e+00
617 0.0000e+00 0.0000e+00 1.3037e-04 2.1096e-05 1.3037e-04 2.3937e-01 0.0000e+00
618 0.0000e+00 0.0000e+00 1.2992e-04 1.9140e-05 1.2992e-04 2.3948e-01 0.0000e+00
619 0.0000e+00 0.0000e+00 1.2947e-04 1.7371e-05 1.2947e-04 2.3959e-01 0.0000e+00
620 0.0000e+00 0.0000e+00 1.2902e-04 1.5771e-05 1.2902e-04 2.3970e-01 0.0000e+00
621 0.0000e+00 1.4200e-05 1.2856e-04 1.4324e-05 1.2856e-04 2.3982e-01 0.0000e+00
622 0.0000e+00 2.7500e-05 1.2811e-04 1.3014e-05 1.2811e-04 2.3993e-01 0.0000e+00
623 0.0000e+00 3.8900e-05 1.2765e-04 1.1828e-05 1.2765e-04 2.4005e-01 0.0000e+00
624 1.0000e-03 4.7600e-05 1.2719e-04 1.0753e-05 1.2719e-04 2.4017e-01 0.0000e+00
625 1.0000e-03 5.2700e-05 1.2766e-04 1.6993e-05 1.2672e-04 2.4028e-01 9.3807e-07
626 3.0000e-03 5.5000e-05 1.6205e-04 2.8969e-04 1.2629e-04 2.4011e-01 3.5760e-05
627 2.0000e-03 5.2700e-05 1.5054e-04 4.2279e-04 1.2694e-04 2.3982e-01 2.3599e-05
628 1.5000e-03 4.7600e-05 1.4568e-04 4.9676e-04 1.2812e-04 2.3945e-01 1.7560e-05
629 3.5000e-03 3.8900e-05 1.7149e-04 7.5321e-04 1.2960e-04 2.3882e-01 4.1889e-05
630 4.0000e-03 2.7500e-05 1.8021e-04 1.0205e-03 1.3215e-04 2.3794e-01 4.8061e-05
631 5.0000e-03 1.3300e-05 1.9620e-04 1.3520e-03 1.3587e-04 2.3672e-01 6.0333e-05
632 0.0000e+00 0.0000e+00 1.4113e-04 1.1691e-03 1.4113e-04 2.3569e-01 0.0000e+00
633 0.0000e+00 0.0000e+00 1.4574e-04 1.0309e-03 1.4574e-04 2.3481e-01 0.0000e+00
634 1.0000e-03 0.0000e+00 1.6180e-04 1.0088e-03 1.4983e-04 2.3395e-01 1.1972e-05
635 2.5000e-03 0.0000e+00 1.8424e-04 1.1339e-03 1.5390e-04 2.3297e-01 3.0333e-05
636 3.5000e-03 0.0000e+00 2.0116e-04 1.3353e-03 1.5869e-04 2.3179e-01 4.2466e-05
637 3.0000e-03 0.0000e+00 2.0103e-04 1.4586e-03 1.6463e-04 2.3050e-01 3.6400e-05
638 0.0000e+00 0.0000e+00 1.7143e-04 1.2701e-03 1.7143e-04 2.2940e-01 0.0000e+00
639 5.0000e-04 0.0000e+00 1.8348e-04 1.1741e-03 1.7742e-04 2.2840e-01 6.0666e-06
640 0.0000e+00 0.0000e+00 1.8303e-04 1.0373e-03 1.8303e-04 2.2755e-01 0.0000e+00
641 5.0000e-04 0.0000e+00 1.9405e-04 9.7206e-04 1.8798e-04 2.2676e-01 6.0666e-06
642 0.0000e+00 0.0000e+00 1.9264e-04 8.5943e-04 1.9264e-04 2.2610e-01 0.0000e+00
643 5.0000e-04 0.0000e+00 2.0469e-04 8.1406e-04 1.9670e-04 2.2548e-01 7.9936e-06
644 0.0000e+00 0.0000e+00 2.0053e-04 7.2074e-04 2.0053e-04 2.2496e-01 0.0000e+00
645 0.0000e+00 1.6900e-05 2.0382e-04 6.4074e-04 2.0382e-04 2.2452e-01 0.0000e+00
646 0.0000e+00 3.2600e-05 2.0662e-04 5.7029e-04 2.0662e-04 2.2416e-01 0.0000e+00
647 0.0000e+00 4.6100e-05 2.0898e-04 5.0805e-04 2.0898e-04 2.2386e-01 0.0000e+00
648 0.0000e+00 5.6400e-05 2.1094e-04 4.5297e-04 2.1094e-04 2.2362e-01 0.0000e+00
649 0.0000e+00 6.2400e-05 2.1255e-04 4.0415e-04 2.1255e-04 2.2343e-01 0.0000e+00
650 0.0000e+00 6.5200e-05 2.1382e-04 3.6084e-04 2.1382e-04 2.2328e-01 0.0000e+00
651 0.0000e+00 6.2400e-05 2.1481e-04 3.2237e-04 2.1481e-04 2.2317e-01 0.0000e+00
652 0.0000e+00 5.6400e-05 2.1553e-04 2.8818e-04 2.1553e-04 2.2310e-01 0.0000e+00
653 0.0000e+00 4.6100e-05 2.1602e-04 2.5778e-04 2.1602e-04 2.2306e-01 0.0000e+00
654 0.0000e+00 3.2600e-05 2.1630e-04 2.3072e-04 2.1630e-04 2.2304e-01 0.0000e+00
655 0.0000e+00 1.5800e-05 2.1640e-04 2.0662e-04 2.1640e-04 2.2305e-01 0.0000e+00
656 0.0000e+00 0.0000e+00 2.1633e-04 1.8514e-04 2.1633e-04 2.2308e-01 0.0000e+00
657 0.0000e+00 0.0000e+00 2.1612e-04 1.6598e-04 2.1612e-04 2.2313e-01 0.0000e+00
658 0.0000e+00 0.0000e+00 2.1578e-04 1.4889e-04 2.1578e-04 2.2320e-01 0.0000e+00
659 0.0000e+00 0.0000e+00 2.1533e-04 1.3363e-04 2.1533e-04 2.2328e-01 0.0000e+00
660 0.0000e+00 0.0000e+00 2.1478e-04 1.1999e-04 2.1478e-04 2.2338e-01 0.0000e+00
661 0.0000e+00 0.0000e+00 2.1415e-04 1.0780e-04 2.1415e-04 2.2348e-01 0.0000e+00
662 0.0000e+00 0.0000e+00 2.1344e-04 9.6901e-05 2.1344e-04 2.2360e-01 0.0000e+00
663 0.0000e+00 0.0000e+00 2.1266e-04 8.7143e-05 2.1266e-04 2.2373e-01 0.0000e+00
664 0.0000e+00 0.0000e+00 2.1183e-04 7.8405e-05 2.1183e-04 2.2386e-01 0.0000e+00
665 0.0000e+00 0.0000e+00 2.1095e-04 7.0575e-05 2.1095e-04 2.2400e-01 0.0000e+00
666 5.0000e-04 0.0000e+00 2.1017e-04 6.4504e-05 2.1003e-04 2.2414e-01 1.4821e-07
667 0.0000e+00 0.0000e+00 2.0907e-04 5.8027e-05 2.0907e-04 2.2430e-01 0.0000e+00
668 5.0000e-04 0.0000e+00 2.1608e-04 1.0329e-04 2.0809e-04 2.2440e-01 7.9936e-06
669 5.0000e-04 1.5300e-05 2.1540e-04 1.3939e-04 2.0741e-04 2.2447e-01 7.9936e-06
670 0.0000e+00 2.9500e-05 2.0697e-04 1.1923e-04 2.0697e-04 2.2456e-01 0.0000e+00
671 1.0000e-03 4.1700e-05 2.2167e-04 2.0184e-04 2.0640e-04 2.2456e-01 1.5271e-05
672 0.0000e+00 5.1100e-05 2.0637e-04 1.7111e-04 2.0637e-04 2.2460e-01 0.0000e+00
673 0.0000e+00 5.6500e-05 2.0614e-04 1.4945e-04 2.0614e-04 2.2465e-01 0.0000e+00
674 0.0000e+00 5.9000e-05 2.0578e-04 1.3136e-04 2.0578e-04 2.2473e-01 0.0000e+00
675 5.0000e-04 5.6500e-05 2.0997e-04 1.4563e-04 2.0530e-04 2.2479e-01 4.6687e-06
676 5.0000e-04 5.1100e-05 2.1201e-04 1.7179e-04 2.0492e-04 2.2482e-01 7.0904e-06
677 0.0000e+00 4.1700e-05 2.0471e-04 1.4831e-04 2.0471e-04 2.2488e-01 0.0000e+00
678 0.0000e+00 2.9500e-05 2.0435e-04 1.3033e-04 2.0435e-04 2.2495e-01 0.0000e+00
679 1.0000e-03 1.4300e-05 2.1791e-04 2.0417e-04 2.0387e-04 2.2495e-01 1.4034e-05
680 1.0000e-03 0.0000e+00 2.1963e-04 2.7430e-04 2.0388e-04 2.2488e-01 1.5759e-05
681 0.0000e+00 0.0000e+00 2.0432e-04 2.3392e-04 2.0432e-04 2.2485e-01 0.0000e+00
682 0.0000e+00 0.0000e+00 2.0451e-04 2.0434e-04 2.0451e-04 2.2485e-01 0.0000e+00
683 0.0000e+00 0.0000e+00 2.0451e-04 1.7953e-04 2.0451e-04 2.2487e-01 0.0000e+00
684 0.0000e+00 0.0000e+00 2.0435e-04 1.5834e-04 2.0435e-04 2.2492e-01 0.0000e+00
685 0.0000e+00 0.0000e+00 2.0406e-04 1.4003e-04 2.0406e-04 2.2499e-01 0.0000e+00
686 0.0000e+00 0.0000e+00 2.0365e-04 1.2411e-04 2.0365e-04 2.2506e-01 0.0000e+00
687 0.0000e+00 0.0000e+00 2.0315e-04 1.1020e-04 2.0315e-04 2.2516e-01 0.0000e+00
688 0.0000e+00 0.0000e+00 2.0256e-04 9.8003e-05 2.0256e-04 2.2526e-01 0.0000e+00
689 0.0000e+00 0.0000e+00 2.0190e-04 8.7275e-05 2.0190e-04 2.2538e-01 0.0000e+00
690 0.0000e+00 0.0000e+00 2.0117e-04 7.7818e-05 2.0117e-04 2.2550e-01 0.0000e+00
691 0.0000e+00 0.0000e+00 2.0040e-04 6.9464e-05 2.0040e-04 2.2563e-01 0.0000e+00
692 0.0000e+00 0.0000e+00 1.9958e-04 6.2070e-05 1.9958e-04 2.2577e-01 0.0000e+00
693 0.0000e+00 5.6100e-05 1.9873e-04 5.5517e-05 1.9873e-04 2.2591e-01 0.0000e+00
694 0.0000e+00 1.0830e-04 1.9784e-04 4.9700e-05 1.9784e-04 2.2606e-01 0.0000e+00
695 0.0000e+00 1.5320e-04 1.9692e-04 4.4530e-05 1.9692e-04 2.2621e-01 0.0000e+00
696 0.0000e+00 1.8770e-04 1.9599e-04 3.9929e-05 1.9599e-04 2.2637e-01 0.0000e+00
697 0.0000e+00 2.0760e-04 1.9504e-04 3.5830e-05 1.9504e-04 2.2653e-01 0.0000e+00
698 0.0000e+00 2.1680e-04 1.9407e-04 3.2174e-05 1.9407e-04 2.2669e-01 0.0000e+00
699 0.0000e+00 2.0760e-04 1.9309e-04 2.8911e-05 1.9309e-04 2.2685e-01 0.0000e+00
700 5.0000e-04 1.8770e-04 1.9210e-04 2.5995e-05 1.9210e-04 2.2702e-01 0.0000e+00
701 0.0000e+00 1.5320e-04 1.9111e-04 2.3388e-05 1.9111e-04 2.2719e-01 0.0000e+00
702 0.0000e+00 1.0830e-04 1.9011e-04 2.1054e-05 1.9011e-04 2.2736e-01 0.0000e+00
703 0.0000e+00 5.2400e-05 1.8911e-04 1.8964e-05 1.8911e-04 2.2753e-01 0.0000e+00
704 0.0000e+00 0.0000e+00 1.8810e-04 1.7090e-05 1.8810e-04 2.2770e-01 0.0000e+00
705 0.0000e+00 0.0000e+00 1.8710e-04 1.5410e-05 1.8710e-04 2.2787e-01 0.0000e+00
706 0.0000e+00 0.0000e+00 1.8610e-04 1.3901e-05 1.8610e-04 2.2804e-01 0.0000e+00
707 0.0000e+00 0.0000e+00 1.8510e-04 1.2546e-05 1.8510e-04 2.2821e-01 0.0000e+00
708 0.0000e+00 0.0000e+00 1.8410e-04 1.1328e-05 1.8410e-04 2.2839e-01 0.0000e+00
709 0.0000e+00 0.0000e+00 1.8311e-04 1.0234e-05 1.8311e-04 2.2856e-01 0.0000e+00
710 0.0000e+00 0.0000e+00 1.8213e-04 9.2485e-06 1.8213e-04 2.2873e-01 0.0000e+00
711 0.0000e+00 0.0000e+00 1.8115e-04 8.3617e-06 1.8115e-04 2.2891e-01 0.0000e+00
712 0.0000e+00 0.0000e+00 1.8017e-04 7.5630e-06 1.8017e-04 2.2908e-01 0.0000e+00
713 0.0000e+00 0.0000e+00 1.7920e-04 6.8433e-06 1.7920e-04 2.2925e-01 0.0000e+00
714 0.0000e+00 0.0000e+00 1.7824e-04 6.1944e-06 1.7824e-04 2.2942e-01 0.0000e+00
715 0.0000e+00 0.0000e+00 1.7728e-04 5.6091e-06 1.7728e-04 2.2959e-01 0.0000e+00
716 0.0000e+00 0.0000e+00 1.7633e-04 5.0809e-06 1.7633e-04 2.2977e-01 0.0000e+00
717 0.0000e+00 8.5600e-05 1.7539e-04 4.6040e-06 1.7539e-04 2.2994e-01 0.0000e+00
718 0.0000e+00 1.6520e-04 1.7446e-04 4.1731e-06 1.7446e-04 2.3011e-01 0.0000e+00
719 0.0000e+00 2.3380e-04 1.7353e-04 3.7840e-06 1.7353e-04 2.3028e-01 0.0000e+00
720 0.0000e+00 2.8620e-04 1.7261e-04 3.4323e-06 1.7261e-04 2.3045e-01 0.0000e+00
721 0.0000e+00 3.1670e-04 1.7170e-04 3.1142e-06 1.7170e-04 2.3061e-01 0.0000e+00
722 0.0000e+00 3.3060e-04 1.7080e-04 2.8265e-06 1.7080e-04 2.3078e-01 0.0000e+00
723 0.0000e+00 3.1670e-04 1.6991e-04 2.5661e-06 1.6991e-04 2.3095e-01 0.0000e+00
724 0.0000e+00 2.8620e-04 1.6902e-04 2.3304e-06 1.6902e-04 2.3112e-01 0.0000e+00
725 0.0000e+00 2.3380e-04 1.6814e-04 2.1170e-06 1.6814e-04 2.3128e-01 0.0000e+00
726 0.0000e+00 1.6520e-04 1.6727e-04 1.9236e-06 1.6727e-04 2.3145e-01 0.0000e+00
727 0.0000e+00 8.0000e-05 1.6641e-04 1.7479e-06 1.6641e-04 2.3161e-01 0.0000e+00
728 0.0000e+00 0.0000e+00 1.6556e-04 1.5892e-06 1.6556e-04 2.3178e-01 0.0000e+00
729 0.0000e+00 0.0000e+00 1.6471e-04 1.4452e-06 1.6471e-04 2.3194e-01 0.0000e+00
730 0.0000e+00 0.0000e+00 1.6387e-04 1.3146e-06 1.6387e-04 2.3210e-01 0.0000e+00
731 0.0000e+00 0.0000e+00 1.6304e-04 1.1961e-06 1.6304e-04 2.3226e-01 0.0000e+00
732 0.0000e+00 0.0000e+00 1.6222e-04 1.0886e-06 1.6222e-04 2.3242e-01 0.0000e+00
733 0.0000e+00 0.0000e+00 1.6141e-04 9.9092e-07 1.6141e-04 2.3259e-01 0.0000e+00
734 0.0000e+00 0.0000e+00 1.6060e-04 9.0225e-07 1.6060e-04 2.3274e-01 0.0000e+00
735 0.0000e+00 0.0000e+00 1.5980e-04 8.2170e-07 1.5980e-04 2.3290e-01 0.0000e+00
736 0.0000e+00 0.0000e+00 1.5901e-04 7.4793e-07 1.5901e-04 2.3306e-01 0.0000e+00
737 0.0000e+00 0.0000e+00 1.5822e-04 6.8150e-07 1.5822e-04 2.3322e-01 0.0000e+00
738 0.0000e+00 0.0000e+00 1.5745e-04 6.2112e-07 1.5745e-04 2.3338e-01 0.0000e+00
739 0.0000e+00 0.0000e+00 1.5668e-04 5.6620e-07 1.5668e-04 2.3353e-01 0.0000e+00
740 0.0000e+00 0.0000e+00 1.5591e-04 5.1624e-07 1.5591e-04 2.3369e-01 0.0000e+00
741 0.0000e+00 7.4700e-05 1.5516e-04 4.7079e-07 1.5516e-04 2.3384e-01 0.0000e+00
742 0.0000e+00 1.4410e-04 1.5441e-04 4.2943e-07 1.5441e-04 2.3400e-01 0.0000e+00
743 0.0000e+00 2.0380e-04 1.5367e-04 3.9178e-07 1.5367e-04 2.3415e-01 0.0000e+00
744 0.0000e+00 2.4960e-04 1.5293e-04 3.5750e-07 1.5293e-04 2.3430e-01 0.0000e+00
745 0.0000e+00 2.7610e-04 1.5221e-04 3.2628e-07 1.5221e-04 2.3445e-01 0.0000e+00
746 0.0000e+00 2.8830e-04 1.5149e-04 2.9724e-07 1.5149e-04 2.3461e-01 0.0000e+00
747 0.0000e+00 2.7610e-04 1.5077e-04 2.7142e-07 1.5077e-04 2.3476e-01 0.0000e+00
748 0.0000e+00 2.4960e-04 1.5006e-04 2.4788e-07 1.5006e-04 2.3491e-01 0.0000e+00
749 0.0000e+00 2.0380e-04 1.4936e-04 2.2643e-07 1.4936e-04 2.3505e-01 0.0000e+00
750 0.0000e+00 1.4410e-04 1.4867e-04 2.0687e-07 1.4867e-04 2.3520e-01 0.0000e+00
751 0.0000e+00 6.9800e-05 1.4798e-04 1.8903e-07 1.4798e-04 2.3535e-01 0.0000e+00
752 0.0000e+00 0.0000e+00 1.4730e-04 1.7276e-07 1.4730e-04 2.3550e-01 0.0000e+00
753 0.0000e+00 0.0000e+00 1.4662e-04 1.5791e-07 1.4662e-04 2.3564e-01 0.0000e+00
754 0.0000e+00 0.0000e+00 1.4595e-04 1.4437e-07 1.4595e-04 2.3579e-01 0.0000e+00
755 0.0000e+00 0.0000e+00 1.4529e-04 1.3123e-07 1.4529e-04 2.3594e-01 0.0000e+00
756 0.0000e+00 0.0000e+00 1.4463e-04 1.2005e-07 1.4463e-04 2.3608e-01 0.0000e+00
757 0.0000e+00 0.0000e+00 1.4398e-04 1.0983e-07 1.4398e-04 2.3622e-01 0.0000e+00
758 0.0000e+00 0.0000e+00 1.4334e-04 1.0050e-07 1.4334e-04 2.3637e-01 0.0000e+00
759 0.0000e+00 0.0000e+00 1.4270e-04 9.1969e-08 1.4270e-04 2.3651e-01 0.0000e+00
760 0.0000e+00 0.0000e+00 1.4206e-04 8.4178e-08 1.4206e-04 2.3665e-01 0.0000e+00
761 0.0000e+00 0.0000e+00 1.4143e-04 7.7058e-08 1.4143e-04 2.3679e-01 0.0000e+00
762 0.0000e+00 0.0000e+00 1.4081e-04 7.0551e-08 1.4081e-04 2.3693e-01 0.0000e+00
763 0.0000e+00 0.0000e+00 1.4019e-04 6.4602e-08 1.4019e-04 2.3707e-01 0.0000e+00
764 0.0000e+00 0.0000e+00 1.3958e-04 5.9163e-08 1.3958e-04 2.3721e-01 0.0000e+00
765 0.0000e+00 9.6700e-05 1.3897e-04 5.3307e-08 1.3897e-04 2.3735e-01 0.0000e+00
766 0.0000e+00 1.8660e-04 1.3837e-04 4.8856e-08 1.3837e-04 2.3749e-01 0.0000e+00
767 0.0000e+00 2.6400e-04 1.3777e-04 4.4783e-08 1.3777e-04 2.3763e-01 0.0000e+00
768 0.0000e+00 3.2330e-04 1.3718e-04 4.1054e-08 1.3718e-04 2.3777e-01 0.0000e+00
769 0.0000e+00 3.5770e-04 1.3659e-04 3.7640e-08 1.3659e-04 2.3790e-01 0.0000e+00
770 0.0000e+00 3.7350e-04 1.3601e-04 3.4514e-08 1.3601e-04 2.3804e-01 0.0000e+00
771 0.0000e+00 3.5770e-04 1.3544e-04 3.1651e-08 1.3544e-04 2.3817e-01 0.0000e+00
772 0.0000e+00 3.2330e-04 1.3486e-04 2.9030e-08 1.3486e-04 2.3831e-01 0.0000e+00
773 0.0000e+00 2.6400e-04 1.3430e-04 2.6628e-08 1.3430e-04 2.3844e-01 0.0000e+00
774 0.0000e+00 1.8660e-04 1.3373e-04 2.3327e-08 1.3373e-04 2.3858e-01 0.0000e+00
775 0.0000e+00 9.0400e-05 1.3318e-04 2.1422e-08 1.3318e-04 2.3871e-01 0.0000e+00
776 0.0000e+00 0.0000e+00 1.3262e-04 1.9675e-08 1.3262e-04 2.3884e-01 0.0000e+00
777 0.0000e+00 0.0000e+00 1.3207e-04 1.8072e-08 1.3207e-04 2.3897e-01 0.0000e+00
778 0.0000e+00 0.0000e+00 1.3153e-04 1.6601e-08 1.3153e-04 2.3911e-01 0.0000e+00
779 0.0000e+00 0.0000e+00 1.3099e-04 1.5252e-08 1.3099e-04 2.3924e-01 0.0000e+00
780 0.0000e+00 0.0000e+00 1.3046e-04 1.4013e-08 1.3046e-04 2.3937e-01 0.0000e+00
781 0.0000e+00 0.0000e+00 1.2993e-04 1.2876e-08 1.2993e-04 2.3950e-01 0.0000e+00
782 0.0000e+00 0.0000e+00 1.2940e-04 1.1833e-08 1.2940e-04 2.3963e-01 0.0000e+00
783 0.0000e+00 0.0000e+00 1.2888e-04 1.0875e-08 1.2888e-04 2.3976e-01 0.0000e+00
784 0.0000e+00 0.0000e+00 1.2836e-04 8.8400e-09 1.2836e-04 2.3988e-01 0.0000e+00
785 0.0000e+00 0.0000e+00 1.2785e-04 8.1391e-09 1.2785e-04 2.4001e-01 0.0000e+00
786 0.0000e+00 0.0000e+00 1.2734e-04 7.4943e-09 1.2734e-04 2.4014e-01 0.0000e+00
787 0.0000e+00 0.0000e+00 1.2683e-04 6.9010e-09 1.2683e-04 2.4027e-01 0.0000e+00
788 0.0000e+00 0.0000e+00 1.2633e-04 6.3552e-09 1.2633e-04 2.4039e-01 0.0000e+00
789 0.0000e+00 1.2590e-04 1.2583e-04 5.8530e-09 1.2583e-04 2.4052e-01 0.0000e+00
790 0.0000e+00 2.4290e-04 1.2534e-04 5.3909e-09 1.2534e-04 2.4064e-01 0.0000e+00
791 0.0000e+00 3.4370e-04 1.2485e-04 4.9656e-09 1.2485e-04 2.4077e-01 0.0000e+00
792 0.0000e+00 4.2090e-04 1.2436e-04 4.5741e-09 1.2436e-04 2.4089e-01 0.0000e+00
793 0.0000e+00 4.6560e-04 1.2388e-04 4.2139e-09 1.2388e-04 2.4102e-01 0.0000e+00
794 0.0000e+00 4.8620e-04 1.2340e-04 2.8413e-09 1.2340e-04 2.4114e-01 0.0000e+00
795 0.0000e+00 4.6560e-04 1.2292e-04 2.6245e-09 1.2292e-04 2.4126e-01 0.0000e+00
796 0.0000e+00 4.2090e-04 1.2245e-04 2.4244e-09 1.2245e-04 2.4139e-01 0.0000e+00
797 0.0000e+00 3.4370e-04 1.2199e-04 2.2397e-09 1.2199e-04 2.4151e-01 0.0000e+00
798 0.0000e+00 2.4290e-04 1.2152e-04 2.0691e-09 1.2152e-04 2.4163e-01 0.0000e+00
799 0.0000e+00 1.1760e-04 1.2106e-04 1.9117e-09 1.2106e-04 2.4175e-01 0.0000e+00
800 0.0000e+00 0.0000e+00 1.2060e-04 1.7663e-09 1.2060e-04 2.4187e-01 0.0000e+00
801 0.0000e+00 0.0000e+00 1.2015e-04 1.6321e-09 1.2015e-04 2.4199e-01 0.0000e+00
802 0.0000e+00 0.0000e+00 1.1970e-04 1.5081e-09 1.1970e-04 2.4211e-01 0.0000e+00
803 0.0000e+00 0.0000e+00 1.1925e-04 1.3936e-09 1.1925e-04 2.4223e-01 0.0000e+00
804 0.0000e+00 0.0000e+00 1.1881e-04 6.4833e-10 1.1881e-04 2.4235e-01 0.0000e+00
805 0.0000e+00 0.0000e+00 1.1837e-04 6.0114e-10 1.1837e-04 2.4247e-01 0.0000e+00
806 0.0000e+00 0.0000e+00 1.1793e-04 5.5741e-10 1.1793e-04 2.4258e-01 0.0000e+00
807 0.0000e+00 0.0000e+00 1.1750e-04 5.1688e-10 1.1750e-04 2.4270e-01 0.0000e+00
808 0.0000e+00 0.0000e+00 1.1707e-04 4.7932e-10 1.1707e-04 2.4282e-01 0.0000e+00
809 0.0000e+00 0.0000e+00 1.1664e-04 4.4450e-10 1.1664e-04 2.4294e-01 0.0000e+00
810 0.0000e+00 0.0000e+00 1.1622e-04 4.1223e-10 1.1622e-04 2.4305e-01 0.0000e+00
811 0.0000e+00 0.0000e+00 1.1579e-04 3.8232e-10 1.1579e-04 2.4317e-01 0.0000e+00
812 0.0000e+00 0.0000e+00 1.1538e-04 3.5459e-10 1.1538e-04 2.4328e-01 0.0000e+00
813 0.0000e+00 3.0400e-05 1.1496e-04 3.2888e-10 1.1496e-04 2.4340e-01 0.0000e+00
814 0.0000e+00 5.8700e-05 1.1455e-04 8.1954e-11 1.1455e-04 2.4351e-01 0.0000e+00
815 0.0000e+00 8.3100e-05 1.1414e-04 7.6279e-11 1.1414e-04 2.4363e-01 0.0000e+00
816 0.0000e+00 1.0180e-04 1.1373e-04 7.0998e-11 1.1373e-04 2.4374e-01 0.0000e+00
817 0.0000e+00 1.1260e-04 1.1333e-04 6.6086e-11 1.1333e-04 2.4385e-01 0.0000e+00
818 0.0000e+00 1.1760e-04 1.1293e-04 6.1515e-11 1.1293e-04 2.4397e-01 0.0000e+00
819 0.0000e+00 1.1260e-04 1.1253e-04 5.7262e-11 1.1253e-04 2.4408e-01 0.0000e+00
820 0.0000e+00 1.0180e-04 1.1214e-04 5.3305e-11 1.1214e-04 2.4419e-01 0.0000e+00
821 0.0000e+00 8.3100e-05 1.1174e-04 4.9622e-11 1.1174e-04 2.4430e-01 0.0000e+00
822 0.0000e+00 5.8700e-05 1.1135e-04 4.6196e-11 1.1135e-04 2.4441e-01 0.0000e+00
823 0.0000e+00 2.8400e-05 1.1097e-04 4.3007e-11 1.1097e-04 2.4453e-01 0.0000e+00
824 0.0000e+00 0.0000e+00 1.1058e-04 4.0040e-11 1.1058e-04 2.4464e-01 0.0000e+00
825 0.0000e+00 0.0000e+00 1.1020e-04 0.0000e+00 1.1020e-04 2.4475e-01 0.0000e+00
826 0.0000e+00 0.0000e+00 1.0982e-04 0.0000e+00 1.0982e-04 2.4486e-01 0.0000e+00
827 0.0000e+00 0.0000e+00 1.0945e-04 0.0000e+00 1.0945e-04 2.4497e-01 0.0000e+00
828 0.0000e+00 0.0000e+00 1.0907e-04 0.0000e+00 1.0907e-04 2.4507e-01 0.0000e+00
829 0.0000e+00 0.0000e+00 1.0870e-04 0.0000e+00 1.0870e-04 2.4518e-01 0.0000e+00
830 0.0000e+00 0.0000e+00 1.0833e-04 0.0000e+00 1.0833e-04 2.4529e-01 0.0000e+00
831 0.0000e+00 0.0000e+00 1.0797e-04 0.0000e+00 1.0797e-04 2.4540e-01 0.0000e+00
832 0.0000e+00 0.0000e+00 1.0760e-04 0.0000e+00 1.0760e-04 2.4551e-01 0.0000e+00
833 0.0000e+00 0.0000e+00 1.0724e-04 0.0000e+00 1.0724e-04 2.4561e-01 0.0000e+00
834 0.0000e+00 0.0000e+00 1.0688e-04 0.0000e+00 1.0688e-04 2.4572e-01 0.0000e+00
835 0.0000e+00 0.0000e+00 1.0653e-04 0.0000e+00 1.0653e-04 2.4583e-01 0.0000e+00
836 0.0000e+00 0.0000e+00 1.0617e-04 0.0000e+00 1.0617e-04 2.4593e-01 0.0000e+00
837 0.0000e+00 6.6100e-05 1.0582e-04 0.0000e+00 1.0582e-04 2.4604e-01 0.0000e+00
838 0.0000e+00 1.2750e-04 1.0547e-04 0.0000e+00 1.0547e-04 2.4615e-01 0.0000e+00
839 0.0000e+00 1.8040e-04 1.0512e-04 0.0000e+00 1.0512e-04 2.4625e-01 0.0000e+00
840 0.0000e+00 2.2090e-04 1.0478e-04 0.0000e+00 1.0478e-04 2.4636e-01 0.0000e+00
841 0.0000e+00 2.4430e-04 1.0444e-04 0.0000e+00 1.0444e-04 2.4646e-01 0.0000e+00
842 0.0000e+00 2.5510e-04 1.0410e-04 0.0000e+00 1.0410e-04 2.4656e-01 0.0000e+00
843 0.0000e+00 2.4430e-04 1.0376e-04 0.0000e+00 1.0376e-04 2.4667e-01 0.0000e+00
844 0.0000e+00 2.2090e-04 1.0342e-04 0.0000e+00 1.0342e-04 2.4677e-01 0.0000e+00
845 0.0000e+00 1.8040e-04 1.0309e-04 0.0000e+00 1.0309e-04 2.4687e-01 0.0000e+00
846 0.0000e+00 1.2750e-04 1.0276e-04 0.0000e+00 1.0276e-04 2.4698e-01 0.0000e+00
847 0.0000e+00 6.1700e-05 1.0243e-04 0.0000e+00 1.0243e-04 2.4708e-01 0.0000e+00
848 0.0000e+00 0.0000e+00 1.0210e-04 0.0000e+00 1.0210e-04 2.4718e-01 0.0000e+00
849 0.0000e+00 0.0000e+00 1.0178e-04 0.0000e+00 1.0178e-04 2.4728e-01 0.0000e+00
850 0.0000e+00 0.0000e+00 1.0145e-04 0.0000e+00 1.0145e-04 2.4738e-01 0.0000e+00
851 0.0000e+00 0.0000e+00 1.0113e-04 0.0000e+00 1.0113e-04 2.4749e-01 0.0000e+00
852 0.0000e+00 0.0000e+00 1.0081e-04 0.0000e+00 1.0081e-04 2.4759e-01 0.0000e+00
853 0.0000e+00 0.0000e+00 1.0050e-04 0.0000e+00 1.0050e-04 2.4769e-01 0.0000e+00
854 0.0000e+00 0.0000e+00 1.0018e-04 0.0000e+00 1.0018e-04 2.4779e-01 0.0000e+00
855 0.0000e+00 0.0000e+00 9.9867e-05 0.0000e+00 9.9867e-05 2.4789e-01 0.0000e+00
856 0.0000e+00 0.0000e+00 9.9556e-05 0.0000e+00 9.9556e-05 2.4799e-01 0.0000e+00
857 0.0000e+00 0.0000e+00 9.9247e-05 0.0000e+00 9.9247e-05 2.4809e-01 0.0000e+00
858 0.0000e+00 0.0000e+00 9.8940e-05 0.0000e+00 9.8940e-05 2.4818e-01 0.0000e+00
859 0.0000e+00 0.0000e+00 9.8634e-05 0.0000e+00 9.8634e-05 2.4828e-01 0.0000e+00
860 0.0000e+00 0.0000e+00 9.8331e-05 0.0000e+00 9.8331e-05 2.4838e-01 0.0000e+00
861 0.0000e+00 9.7600e-05 9.8029e-05 0.0000e+00 9.8029e-05 2.4848e-01 0.0000e+00
862 0.0000e+00 1.8830e-04 9.7729e-05 0.0000e+00 9.7729e-05 2.4858e-01 0.0000e+00
863 0.0000e+00 2.6650e-04 9.7431e-05 0.0000e+00 9.7431e-05 2.4867e-01 0.0000e+00
864 0.0000e+00 3.2630e-04 9.7135e-05 0.0000e+00 9.7135e-05 2.4877e-01 0.0000e+00
865 0.0000e+00 3.6100e-04 9.6840e-05 0.0000e+00 9.6840e-05 2.4887e-01 0.0000e+00
866 0.0000e+00 3.7690e-04 9.6548e-05 0.0000e+00 9.6548e-05 2.4897e-01 0.0000e+00
867 0.0000e+00 3.6100e-04 9.6257e-05 0.0000e+00 9.6257e-05 2.4906e-01 0.0000e+00
868 0.0000e+00 3.2630e-04 9.5968e-05 0.0000e+00 9.5968e-05 2.4916e-01 0.0000e+00
869 0.0000e+00 2.6650e-04 9.5680e-05 0.0000e+00 9.5680e-05 2.4925e-01 0.0000e+00
870 0.0000e+00 1.8830e-04 9.5395e-05 0.0000e+00 9.5395e-05 2.4935e-01 0.0000e+00
871 0.0000e+00 9.1200e-05 9.5111e-05 0.0000e+00 9.5111e-05 2.4944e-01 0.0000e+00
872 0.0000e+00 0.0000e+00 9.4829e-05 0.0000e+00 9.4829e-05 2.4954e-01 0.0000e+00
873 0.0000e+00 0.0000e+00 9.4548e-05 0.0000e+00 9.4548e-05 2.4963e-01 0.0000e+00
874 0.0000e+00 0.0000e+00 9.4269e-05 0.0000e+00 9.4269e-05 2.4973e-01 0.0000e+00
875 0.0000e+00 0.0000e+00 9.3992e-05 0.0000e+00 9.3992e-05 2.4982e-01 0.0000e+00
876 0.0000e+00 0.0000e+00 9.3716e-05 0.0000e+00 9.3716e-05 2.4992e-01 0.0000e+00
877 0.0000e+00 0.0000e+00 9.3442e-05 0.0000e+00 9.3442e-05 2.5001e-01 0.0000e+00
878 0.0000e+00 0.0000e+00 9.3170e-05 0.0000e+00 9.3170e-05 2.5010e-01 0.0000e+00
879 0.0000e+00 0.0000e+00 9.2899e-05 0.0000e+00 9.2899e-05 2.5019e-01 0.0000e+00
880 0.0000e+00 0.0000e+00 9.2629e-05 0.0000e+00 9.2629e-05 2.5029e-01 0.0000e+00
881 0.0000e+00 0.0000e+00 9.2362e-05 0.0000e+00 9.2362e-05 2.5038e-01 0.0000e+00
882 0.0000e+00 0.0000e+00 9.2095e-05 0.0000e+00 9.2095e-05 2.5047e-01 0.0000e+00
883 0.0000e+00 0.0000e+00 9.1831e-05 0.0000e+00 9.1831e-05 2.5056e-01 0.0000e+00
884 0.0000e+00 0.0000e+00 9.1568e-05 0.0000e+00 9.1568e-05 2.5066e-01 0.0000e+00
885 0.0000e+00 6.4300e-05 9.1306e-05 0.0000e+00 9.1306e-05 2.5075e-01 0.0000e+00
886 0.0000e+00 1.2410e-04 9.1046e-05 0.0000e+00 9.1046e-05 2.5084e-01 0.0000e+00
887 0.0000e+00 1.7560e-04 9.0787e-05 0.0000e+00 9.0787e-05 2.5093e-01 0.0000e+00
888 0.0000e+00 2.1500e-04 9.0530e-05 0.0000e+00 9.0530e-05 2.5102e-01 0.0000e+00
889 0.0000e+00 2.3790e-04 9.0274e-05 0.0000e+00 9.0274e-05 2.5111e-01 0.0000e+00
890 0.0000e+00 2.4840e-04 9.0020e-05 0.0000e+00 9.0020e-05 2.5120e-01 0.0000e+00
891 0.0000e+00 2.3790e-04 8.9767e-05 0.0000e+00 8.9767e-05 2.5129e-01 0.0000e+00
892 0.0000e+00 2.1500e-04 8.9515e-05 0.0000e+00 8.9515e-05 2.5138e-01 0.0000e+00
893 0.0000e+00 1.7560e-04 8.9265e-05 0.0000e+00 8.9265e-05 2.5147e-01 0.0000e+00
894 0.0000e+00 1.2410e-04 8.9017e-05 0.0000e+00 8.9017e-05 2.5156e-01 0.0000e+00
895 0.0000e+00 6.0100e-05 8.8769e-05 0.0000e+00 8.8769e-05 2.5165e-01 0.0000e+00
896 0.0000e+00 0.0000e+00 8.8524e-05 0.0000e+00 8.8524e-05 2.5173e-01 0.0000e+00
897 0.0000e+00 0.0000e+00 8.8279e-05 0.0000e+00 8.8279e-05 2.5182e-01 0.0000e+00
898 0.0000e+00 0.0000e+00 8.8036e-05 0.0000e+00 8.8036e-05 2.5191e-01 0.0000e+00
899 0.0000e+00 0.0000e+00 8.7794e-05 0.0000e+00 8.7794e-05 2.5200e-01 0.0000e+00
900 0.0000e+00 0.0000e+00 8.7553e-05 0.0000e+00 8.7553e-05 2.5209e-01 0.0000e+00
901 0.0000e+00 0.0000e+00 8.7314e-05 0.0000e+00 8.7314e-05 2.5217e-01 0.0000e+00
902 0.0000e+00 0.0000e+00 8.7076e-05 0.0000e+00 8.7076e-05 2.5226e-01 0.0000e+00
903 0.0000e+00 0.0000e+00 8.6840e-05 0.0000e+00 8.6840e-05 2.5235e-01 0.0000e+00
904 0.0000e+00 0.0000e+00 8.6604e-05 0.0000e+00 8.6604e-05 2.5243e-01 0.0000e+00
905 0.0000e+00 0.0000e+00 8.6370e-05 0.0000e+00 8.6370e-05 2.5252e-01 0.0000e+00
906 0.0000e+00 0.0000e+00 8.6137e-05 0.0000e+00 8.6137e-05 2.5261e-01 0.0000e+00
907 0.0000e+00 0.0000e+00 8.5906e-05 0.0000e+00 8.5906e-05 2.5269e-01 0.0000e+00
908 0.0000e+00 0.0000e+00 8.5676e-05 0.0000e+00 8.5676e-05 2.5278e-01 0.0000e+00
909 0.0000e+00 8.0200e-05 8.5447e-05 0.0000e+00 8.5447e-05 2.5286e-01 0.0000e+00
910 0.0000e+00 1.5480e-04 8.5219e-05 0.0000e+00 8.5219e-05 2.5295e-01 0.0000e+00
911 0.0000e+00 2.1910e-04 8.4992e-05 0.0000e+00 8.4992e-05 2.5303e-01 0.0000e+00
912 0.0000e+00 2.6830e-04 8.4767e-05 0.0000e+00 8.4767e-05 2.5312e-01 0.0000e+00
913 0.0000e+00 2.9680e-04 8.4542e-05 0.0000e+00 8.4542e-05 2.5320e-01 0.0000e+00
914 0.0000e+00 3.0990e-04 8.4319e-05 0.0000e+00 8.4319e-05 2.5329e-01 0.0000e+00
915 0.0000e+00 2.9680e-04 8.4097e-05 0.0000e+00 8.4097e-05 2.5337e-01 0.0000e+00
916 0.0000e+00 2.6830e-04 8.3877e-05 0.0000e+00 8.3877e-05 2.5345e-01 0.0000e+00
917 0.0000e+00 2.1910e-04 8.3657e-05 0.0000e+00 8.3657e-05 2.5354e-01 0.0000e+00
918 0.0000e+00 1.5480e-04 8.3439e-05 0.0000e+00 8.3439e-05 2.5362e-01 0.0000e+00
919 0.0000e+00 7.5000e-05 8.3221e-05 0.0000e+00 8.3221e-05 2.5371e-01 0.0000e+00
920 0.0000e+00 0.0000e+00 8.3005e-05 0.0000e+00 8.3005e-05 2.5379e-01 0.0000e+00
921 0.0000e+00 0.0000e+00 8.2790e-05 0.0000e+00 8.2790e-05 2.5387e-01 0.0000e+00
922 0.0000e+00 0.0000e+00 8.2576e-05 0.0000e+00 8.2576e-05 2.5395e-01 0.0000e+00
923 0.0000e+00 0.0000e+00 8.2363e-05 0.0000e+00 8.2363e-05 2.5404e-01 0.0000e+00
924 0.0000e+00 0.0000e+00 8.2152e-05 0.0000e+00 8.2152e-05 2.5412e-01 0.0000e+00
925 0.0000e+00 0.0000e+00 8.1941e-05 0.0000e+00 8.1941e-05 2.5420e-01 0.0000e+00
926 0.0000e+00 0.0000e+00 8.1732e-05 0.0000e+00 8.1732e-05 2.5428e-01 0.0000e+00
927 0.0000e+00 0.0000e+00 8.1523e-05 0.0000e+00 8.1523e-05 2.5436e-01 0.0000e+00
928 0.0000e+00 0.0000e+00 8.1316e-05 0.0000e+00 8.1316e-05 2.5444e-01 0.0000e+00
929 0.0000e+00 0.0000e+00 8.1109e-05 0.0000e+00 8.1109e-05 2.5453e-01 0.0000e+00
930 0.0000e+00 0.0000e+00 8.0904e-05 0.0000e+00 8.0904e-05 2.5461e-01 0.0000e+00
931 0.0000e+00 0.0000e+00 8.0700e-05 0.0000e+00 8.0700e-05 2.5469e-01 0.0000e+00
932 0.0000e+00 0.0000e+00 8.0496e-05 0.0000e+00 8.0496e-05 2.5477e-01 0.0000e+00
933 0.0000e+00 9.6000e-05 8.0294e-05 0.0000e+00 8.0294e-05 2.5485e-01 0.0000e+00
934 0.0000e+00 1.8520e-04 8.0093e-05 0.0000e+00 8.0093e-05 2.5493e-01 0.0000e+00
935 0.0000e+00 2.6210e-04 7.9893e-05 0.0000e+00 7.9893e-05 2.5501e-01 0.0000e+00
936 0.0000e+00 3.2090e-04 7.9694e-05 0.0000e+00 7.9694e-05 2.5509e-01 0.0000e+00
937 0.0000e+00 3.5500e-04 7.9495e-05 0.0000e+00 7.9495e-05 2.5517e-01 0.0000e+00
938 0.0000e+00 3.7070e-04 7.9298e-05 0.0000e+00 7.9298e-05 2.5525e-01 0.0000e+00
939 0.0000e+00 3.5500e-04 7.9102e-05 0.0000e+00 7.9102e-05 2.5533e-01 0.0000e+00
940 0.0000e+00 3.2090e-04 7.8907e-05 0.0000e+00 7.8907e-05 2.5540e-01 0.0000e+00
941 0.0000e+00 2.6210e-04 7.8712e-05 0.0000e+00 7.8712e-05 2.5548e-01 0.0000e+00
942 0.0000e+00 1.8520e-04 7.8519e-05 0.0000e+00 7.8519e-05 2.5556e-01 0.0000e+00
943 0.0000e+00 8.9700e-05 7.8326e-05 0.0000e+00 7.8326e-05 2.5564e-01 0.0000e+00
944 0.0000e+00 0.0000e+00 7.8135e-05 0.0000e+00 7.8135e-05 2.5572e-01 0.0000e+00
945 0.0000e+00 0.0000e+00 7.7944e-05 0.0000e+00 7.7944e-05 2.5580e-01 0.0000e+00
946 0.0000e+00 0.0000e+00 7.7755e-05 0.0000e+00 7.7755e-05 2.5587e-01 0.0000e+00
947 0.0000e+00 0.0000e+00 7.7566e-05 0.0000e+00 7.7566e-05 2.5595e-01 0.0000e+00
948 0.0000e+00 0.0000e+00 7.7378e-05 0.0000e+00 7.7378e-05 2.5603e-01 0.0000e+00
949 0.0000e+00 0.0000e+00 7.7191e-05 0.0000e+00 7.7191e-05 2.5611e-01 0.0000e+00
950 0.0000e+00 0.0000e+00 7.7005e-05 0.0000e+00 7.7005e-05 2.5618e-01 0.0000e+00
Objective function values:
F1 3.904875e-06    NSE 0.32874   F2 4.810849e-02
Mean Obs Q 1.590065e-04   Variance Obs Q 6.123405e-09
    Error Variance 4.110394e-09

Water Balance for Subcatchment: Extracted study basin: Taegu Pyungkwang River

   SUMP       SUMAE      SUMQ       SUMRZ      SUMUZ      SBAR        BAL
1.890e-01  4.226e-02  1.034e-01  1.790e-02  0.000e+00  2.562e-01  3.204e-02
