Taegu Pyungkwang River Catchment: Calibration Data

Subcatchment : Extracted study basin: cat-1089

TL =     8.23
SUMAC =     1.00
SZQ =       0.03967
Subcatchment routing data:
Maximum Routing Delay       0.69444
Sum of Histogram ordinates:     1.0000
     1.00000 
Initial BAL             -0.22913
Initial SBAR             0.22713
Initial SR0              0.00200
it      p        ep       q(it)       quz      q       sbar       qof
1 0.0000e+00 6.1900e-05 3.2800e-05 0.0000e+00 3.2800e-05 2.2717e-01 0.0000e+00
2 0.0000e+00 6.4700e-05 3.2766e-05 0.0000e+00 3.2766e-05 2.2720e-01 0.0000e+00
3 1.0000e-03 6.1900e-05 3.2733e-05 0.0000e+00 3.2733e-05 2.2723e-01 0.0000e+00
4 1.0000e-03 5.6000e-05 3.2699e-05 0.0000e+00 3.2699e-05 2.2727e-01 0.0000e+00
5 1.0000e-03 4.5700e-05 4.0871e-05 7.4172e-05 3.2666e-05 2.2722e-01 8.2054e-06
6 5.0000e-04 3.2300e-05 3.7599e-05 1.0767e-04 3.2708e-05 2.2715e-01 4.8905e-06
7 5.0000e-04 1.5600e-05 3.7820e-05 1.3970e-04 3.2785e-05 2.2704e-01 5.0348e-06
8 0.0000e+00 0.0000e+00 3.2895e-05 1.2292e-04 3.2895e-05 2.2695e-01 0.0000e+00
9 5.0000e-04 0.0000e+00 3.8202e-05 1.5711e-04 3.2988e-05 2.2683e-01 5.2146e-06
10 5.0000e-04 0.0000e+00 3.8498e-05 1.8794e-04 3.3116e-05 2.2667e-01 5.3825e-06
11 0.0000e+00 0.0000e+00 3.3276e-05 1.6665e-04 3.3276e-05 2.2654e-01 0.0000e+00
12 0.0000e+00 0.0000e+00 3.3415e-05 1.4962e-04 3.3415e-05 2.2642e-01 0.0000e+00
13 1.0000e-03 0.0000e+00 4.4302e-05 2.3266e-04 3.3537e-05 2.2622e-01 1.0765e-05
14 5.0000e-04 0.0000e+00 3.9129e-05 2.5452e-04 3.3746e-05 2.2600e-01 5.3825e-06
15 5.0000e-04 0.0000e+00 3.9362e-05 2.7556e-04 3.3980e-05 2.2576e-01 5.3825e-06
16 1.0000e-03 0.0000e+00 4.5002e-05 3.4386e-04 3.4237e-05 2.2545e-01 1.0765e-05
17 0.0000e+00 0.0000e+00 3.4570e-05 3.0508e-04 3.4570e-05 2.2518e-01 0.0000e+00
18 0.0000e+00 0.0000e+00 3.4864e-05 2.7419e-04 3.4864e-05 2.2494e-01 0.0000e+00
19 0.0000e+00 0.0000e+00 3.5125e-05 2.4737e-04 3.5125e-05 2.2473e-01 0.0000e+00
20 0.0000e+00 0.0000e+00 3.5359e-05 2.2375e-04 3.5359e-05 2.2454e-01 0.0000e+00
21 0.0000e+00 1.8000e-05 3.5568e-05 2.0275e-04 3.5568e-05 2.2438e-01 0.0000e+00
22 0.0000e+00 3.4800e-05 3.5754e-05 1.8398e-04 3.5754e-05 2.2423e-01 0.0000e+00
23 0.0000e+00 4.9200e-05 3.5920e-05 1.6714e-04 3.5920e-05 2.2410e-01 0.0000e+00
24 3.0000e-03 6.0200e-05 6.7265e-05 4.3958e-04 3.6068e-05 2.2369e-01 3.1198e-05
25 2.0000e-03 6.6600e-05 5.7407e-05 5.7647e-04 3.6526e-05 2.2315e-01 2.0882e-05
26 5.5000e-03 6.9600e-05 9.5638e-05 1.0503e-03 3.7147e-05 2.2214e-01 5.8490e-05
27 6.0000e-03 6.6600e-05 1.0218e-04 1.5149e-03 3.8342e-05 2.2066e-01 6.3841e-05
28 1.0000e-03 6.0200e-05 5.0201e-05 1.4273e-03 4.0153e-05 2.1928e-01 1.0048e-05
29 2.5000e-03 4.9200e-05 6.8196e-05 1.5242e-03 4.1931e-05 2.1779e-01 2.6264e-05
30 0.0000e+00 3.4800e-05 4.3919e-05 1.3586e-03 4.3919e-05 2.1648e-01 0.0000e+00
31 0.0000e+00 1.6800e-05 4.5761e-05 1.2224e-03 4.5761e-05 2.1530e-01 0.0000e+00
32 1.0000e-03 0.0000e+00 5.7156e-05 1.1979e-03 4.7475e-05 2.1415e-01 9.6806e-06
33 5.0000e-04 0.0000e+00 5.4596e-05 1.1294e-03 4.9213e-05 2.1307e-01 5.3825e-06
34 0.0000e+00 0.0000e+00 5.0903e-05 1.0164e-03 5.0903e-05 2.1211e-01 0.0000e+00
35 0.0000e+00 0.0000e+00 5.2462e-05 9.1857e-04 5.2462e-05 2.1124e-01 0.0000e+00
36 0.0000e+00 0.0000e+00 5.3901e-05 8.3108e-04 5.3901e-05 2.1046e-01 0.0000e+00
37 0.0000e+00 0.0000e+00 5.5226e-05 7.5248e-04 5.5226e-05 2.0977e-01 0.0000e+00
38 0.0000e+00 0.0000e+00 5.6443e-05 6.8170e-04 5.6443e-05 2.0914e-01 0.0000e+00
39 0.0000e+00 0.0000e+00 5.7557e-05 6.1786e-04 5.7557e-05 2.0858e-01 0.0000e+00
40 0.0000e+00 0.0000e+00 5.8573e-05 5.6021e-04 5.8573e-05 2.0808e-01 0.0000e+00
41 0.0000e+00 0.0000e+00 5.9499e-05 5.0811e-04 5.9499e-05 2.0763e-01 0.0000e+00
42 0.0000e+00 0.0000e+00 6.0339e-05 4.6100e-04 6.0339e-05 2.0723e-01 0.0000e+00
43 0.0000e+00 0.0000e+00 6.1099e-05 4.1837e-04 6.1099e-05 2.0687e-01 0.0000e+00
44 0.0000e+00 0.0000e+00 6.1785e-05 3.7980e-04 6.1785e-05 2.0655e-01 0.0000e+00
45 0.0000e+00 3.3800e-05 6.2402e-05 3.4488e-04 6.2402e-05 2.0627e-01 0.0000e+00
46 1.0000e-03 6.5200e-05 7.6299e-05 4.1935e-04 6.2955e-05 2.0591e-01 1.3344e-05
47 0.0000e+00 9.2300e-05 6.3660e-05 3.7214e-04 6.3660e-05 2.0561e-01 0.0000e+00
48 5.0000e-04 1.1300e-04 6.9009e-05 3.7303e-04 6.4277e-05 2.0530e-01 4.7318e-06
49 0.0000e+00 1.2500e-04 6.4900e-05 3.3395e-04 6.4900e-05 2.0503e-01 0.0000e+00
50 1.0000e-03 1.3050e-04 7.5976e-05 3.8566e-04 6.5448e-05 2.0471e-01 1.0527e-05
51 2.5000e-03 1.2500e-04 9.8830e-05 6.0476e-04 6.6106e-05 2.0417e-01 3.2724e-05
52 3.0000e-03 1.1300e-04 1.0693e-04 8.4392e-04 6.7229e-05 2.0339e-01 3.9705e-05
53 2.5000e-03 9.2300e-05 1.0185e-04 9.9735e-04 6.8880e-05 2.0246e-01 3.2966e-05
54 3.0000e-03 6.5200e-05 1.1106e-04 1.1963e-03 7.0908e-05 2.0134e-01 4.0157e-05
55 2.5000e-03 3.1600e-05 1.0707e-04 1.3184e-03 7.3446e-05 2.0009e-01 3.3626e-05
56 2.0000e-03 0.0000e+00 1.0354e-04 1.3789e-03 7.6360e-05 1.9879e-01 2.7185e-05
57 1.0000e-03 0.0000e+00 9.3343e-05 1.3264e-03 7.9532e-05 1.9754e-01 1.3810e-05
58 1.0000e-03 0.0000e+00 9.6503e-05 1.2897e-03 8.2692e-05 1.9634e-01 1.3810e-05
59 0.0000e+00 0.0000e+00 8.5871e-05 1.1411e-03 8.5871e-05 1.9528e-01 0.0000e+00
60 5.0000e-04 0.0000e+00 9.5655e-05 1.0793e-03 8.8750e-05 1.9429e-01 6.9052e-06
61 5.0000e-04 0.0000e+00 9.8445e-05 1.0208e-03 9.1540e-05 1.9336e-01 6.9052e-06
62 0.0000e+00 0.0000e+00 9.4237e-05 9.0771e-04 9.4237e-05 1.9255e-01 0.0000e+00
63 0.0000e+00 0.0000e+00 9.6664e-05 8.1306e-04 9.6664e-05 1.9183e-01 0.0000e+00
64 0.0000e+00 0.0000e+00 9.8852e-05 7.2923e-04 9.8852e-05 1.9120e-01 0.0000e+00
65 0.0000e+00 0.0000e+00 1.0082e-04 6.5464e-04 1.0082e-04 1.9065e-01 0.0000e+00
66 0.0000e+00 0.0000e+00 1.0258e-04 5.8809e-04 1.0258e-04 1.9016e-01 0.0000e+00
67 0.0000e+00 0.0000e+00 1.0415e-04 5.2862e-04 1.0415e-04 1.8974e-01 0.0000e+00
68 0.0000e+00 0.0000e+00 1.0554e-04 4.7540e-04 1.0554e-04 1.8937e-01 0.0000e+00
69 0.0000e+00 4.1400e-05 1.0676e-04 4.2774e-04 1.0676e-04 1.8905e-01 0.0000e+00
70 0.0000e+00 7.9800e-05 1.0784e-04 3.8503e-04 1.0784e-04 1.8877e-01 0.0000e+00
71 0.0000e+00 1.1290e-04 1.0878e-04 3.4673e-04 1.0878e-04 1.8853e-01 0.0000e+00
72 0.0000e+00 1.3830e-04 1.0959e-04 3.1236e-04 1.0959e-04 1.8833e-01 0.0000e+00
73 0.0000e+00 1.5300e-04 1.1029e-04 2.8152e-04 1.1029e-04 1.8816e-01 0.0000e+00
74 0.0000e+00 1.5980e-04 1.1088e-04 2.5382e-04 1.1088e-04 1.8802e-01 0.0000e+00
75 0.0000e+00 1.5300e-04 1.1138e-04 2.2893e-04 1.1138e-04 1.8790e-01 0.0000e+00
76 0.0000e+00 1.3830e-04 1.1179e-04 2.0657e-04 1.1179e-04 1.8780e-01 0.0000e+00
77 0.0000e+00 1.1290e-04 1.1212e-04 1.8647e-04 1.1212e-04 1.8773e-01 0.0000e+00
78 0.0000e+00 7.9800e-05 1.1238e-04 1.6839e-04 1.1238e-04 1.8767e-01 0.0000e+00
79 0.0000e+00 3.8700e-05 1.1258e-04 1.5212e-04 1.1258e-04 1.8763e-01 0.0000e+00
80 0.0000e+00 0.0000e+00 1.1271e-04 1.3747e-04 1.1271e-04 1.8761e-01 0.0000e+00
81 0.0000e+00 0.0000e+00 1.1280e-04 1.2428e-04 1.1280e-04 1.8760e-01 0.0000e+00
82 0.0000e+00 0.0000e+00 1.1284e-04 1.1240e-04 1.1284e-04 1.8760e-01 0.0000e+00
83 0.0000e+00 0.0000e+00 1.1284e-04 1.0169e-04 1.1284e-04 1.8761e-01 0.0000e+00
84 0.0000e+00 0.0000e+00 1.1280e-04 9.2041e-05 1.1280e-04 1.8763e-01 0.0000e+00
85 0.0000e+00 0.0000e+00 1.1273e-04 8.3335e-05 1.1273e-04 1.8766e-01 0.0000e+00
86 0.0000e+00 0.0000e+00 1.1262e-04 7.5479e-05 1.1262e-04 1.8770e-01 0.0000e+00
87 0.0000e+00 0.0000e+00 1.1249e-04 6.8388e-05 1.1249e-04 1.8774e-01 0.0000e+00
88 0.0000e+00 0.0000e+00 1.1234e-04 6.1986e-05 1.1234e-04 1.8779e-01 0.0000e+00
89 0.0000e+00 0.0000e+00 1.1216e-04 5.6202e-05 1.1216e-04 1.8785e-01 0.0000e+00
90 0.0000e+00 0.0000e+00 1.1197e-04 5.0975e-05 1.1197e-04 1.8791e-01 0.0000e+00
91 0.0000e+00 0.0000e+00 1.1175e-04 4.6250e-05 1.1175e-04 1.8797e-01 0.0000e+00
92 0.0000e+00 0.0000e+00 1.1152e-04 4.1976e-05 1.1152e-04 1.8804e-01 0.0000e+00
93 0.0000e+00 1.9100e-05 1.1128e-04 3.8110e-05 1.1128e-04 1.8812e-01 0.0000e+00
94 0.0000e+00 3.6800e-05 1.1103e-04 3.4611e-05 1.1103e-04 1.8819e-01 0.0000e+00
95 0.0000e+00 5.2100e-05 1.1076e-04 3.1443e-05 1.1076e-04 1.8827e-01 0.0000e+00
96 0.0000e+00 6.3800e-05 1.1049e-04 2.8574e-05 1.1049e-04 1.8835e-01 0.0000e+00
97 5.0000e-04 7.0600e-05 1.1021e-04 2.5975e-05 1.1021e-04 1.8844e-01 0.0000e+00
98 5.0000e-04 7.3700e-05 1.0992e-04 2.3619e-05 1.0992e-04 1.8852e-01 0.0000e+00
99 0.0000e+00 7.0600e-05 1.0962e-04 2.1483e-05 1.0962e-04 1.8861e-01 0.0000e+00
100 0.0000e+00 6.3800e-05 1.0932e-04 1.9546e-05 1.0932e-04 1.8870e-01 0.0000e+00
101 0.0000e+00 5.2100e-05 1.0901e-04 1.7789e-05 1.0901e-04 1.8879e-01 0.0000e+00
102 0.0000e+00 3.6800e-05 1.0870e-04 1.6194e-05 1.0870e-04 1.8889e-01 0.0000e+00
103 0.0000e+00 1.7800e-05 1.0839e-04 1.4746e-05 1.0839e-04 1.8898e-01 0.0000e+00
104 0.0000e+00 0.0000e+00 1.0807e-04 1.3432e-05 1.0807e-04 1.8907e-01 0.0000e+00
105 0.0000e+00 0.0000e+00 1.0775e-04 1.2237e-05 1.0775e-04 1.8917e-01 0.0000e+00
106 0.0000e+00 0.0000e+00 1.0743e-04 1.1152e-05 1.0743e-04 1.8927e-01 0.0000e+00
107 0.0000e+00 0.0000e+00 1.0711e-04 1.0166e-05 1.0711e-04 1.8936e-01 0.0000e+00
108 0.0000e+00 0.0000e+00 1.0679e-04 9.2690e-06 1.0679e-04 1.8946e-01 0.0000e+00
109 0.0000e+00 0.0000e+00 1.0646e-04 8.4535e-06 1.0646e-04 1.8956e-01 0.0000e+00
110 0.0000e+00 0.0000e+00 1.0613e-04 7.7116e-06 1.0613e-04 1.8966e-01 0.0000e+00
111 5.0000e-04 0.0000e+00 1.0581e-04 7.0365e-06 1.0581e-04 1.8976e-01 0.0000e+00
112 0.0000e+00 0.0000e+00 1.0548e-04 6.4220e-06 1.0548e-04 1.8985e-01 0.0000e+00
113 0.0000e+00 0.0000e+00 1.0516e-04 5.8626e-06 1.0516e-04 1.8995e-01 0.0000e+00
114 0.0000e+00 0.0000e+00 1.0483e-04 5.3531e-06 1.0483e-04 1.9005e-01 0.0000e+00
115 0.0000e+00 0.0000e+00 1.0451e-04 4.8890e-06 1.0451e-04 1.9015e-01 0.0000e+00
116 0.0000e+00 0.0000e+00 1.0418e-04 4.4661e-06 1.0418e-04 1.9025e-01 0.0000e+00
117 0.0000e+00 1.0200e-05 1.0386e-04 4.0806e-06 1.0386e-04 1.9035e-01 0.0000e+00
118 0.0000e+00 1.9800e-05 1.0353e-04 3.7289e-06 1.0353e-04 1.9045e-01 0.0000e+00
119 0.0000e+00 2.8000e-05 1.0321e-04 3.4085e-06 1.0321e-04 1.9055e-01 0.0000e+00
120 0.0000e+00 3.4200e-05 1.0289e-04 3.1164e-06 1.0289e-04 1.9065e-01 0.0000e+00
121 0.0000e+00 3.7900e-05 1.0257e-04 2.8499e-06 1.0257e-04 1.9075e-01 0.0000e+00
122 0.0000e+00 3.9500e-05 1.0225e-04 2.6066e-06 1.0225e-04 1.9085e-01 0.0000e+00
123 0.0000e+00 3.7900e-05 1.0193e-04 2.3847e-06 1.0193e-04 1.9095e-01 0.0000e+00
124 0.0000e+00 3.4200e-05 1.0162e-04 2.1820e-06 1.0162e-04 1.9105e-01 0.0000e+00
125 0.0000e+00 2.8000e-05 1.0130e-04 1.9969e-06 1.0130e-04 1.9115e-01 0.0000e+00
126 0.0000e+00 1.9800e-05 1.0099e-04 1.8279e-06 1.0099e-04 1.9125e-01 0.0000e+00
127 0.0000e+00 9.6000e-06 1.0067e-04 1.6735e-06 1.0067e-04 1.9135e-01 0.0000e+00
128 0.0000e+00 0.0000e+00 1.0036e-04 1.5325e-06 1.0036e-04 1.9145e-01 0.0000e+00
129 0.0000e+00 0.0000e+00 1.0005e-04 1.4028e-06 1.0005e-04 1.9154e-01 0.0000e+00
130 0.0000e+00 0.0000e+00 9.9746e-05 1.2851e-06 9.9746e-05 1.9164e-01 0.0000e+00
131 0.0000e+00 0.0000e+00 9.9439e-05 1.1774e-06 9.9439e-05 1.9174e-01 0.0000e+00
132 0.0000e+00 0.0000e+00 9.9134e-05 1.0790e-06 9.9134e-05 1.9184e-01 0.0000e+00
133 0.0000e+00 0.0000e+00 9.8831e-05 9.8893e-07 9.8831e-05 1.9194e-01 0.0000e+00
134 0.0000e+00 0.0000e+00 9.8529e-05 9.0654e-07 9.8529e-05 1.9203e-01 0.0000e+00
135 0.0000e+00 0.0000e+00 9.8229e-05 8.3116e-07 9.8229e-05 1.9213e-01 0.0000e+00
136 0.0000e+00 0.0000e+00 9.7931e-05 7.6217e-07 9.7931e-05 1.9223e-01 0.0000e+00
137 0.0000e+00 0.0000e+00 9.7634e-05 6.9901e-07 9.7634e-05 1.9233e-01 0.0000e+00
138 0.0000e+00 0.0000e+00 9.7338e-05 6.4120e-07 9.7338e-05 1.9242e-01 0.0000e+00
139 0.0000e+00 0.0000e+00 9.7045e-05 5.8826e-07 9.7045e-05 1.9252e-01 0.0000e+00
140 0.0000e+00 0.0000e+00 9.6753e-05 5.3977e-07 9.6753e-05 1.9262e-01 0.0000e+00
141 5.0000e-04 4.1400e-05 9.6462e-05 4.9435e-07 9.6462e-05 1.9271e-01 0.0000e+00
142 0.0000e+00 7.9900e-05 9.6173e-05 4.5379e-07 9.6173e-05 1.9281e-01 0.0000e+00
143 0.0000e+00 1.1300e-04 9.5886e-05 4.1662e-07 9.5886e-05 1.9290e-01 0.0000e+00
144 0.0000e+00 1.3840e-04 9.5600e-05 3.8255e-07 9.5600e-05 1.9300e-01 0.0000e+00
145 0.0000e+00 1.5310e-04 9.5316e-05 3.5131e-07 9.5316e-05 1.9309e-01 0.0000e+00
146 0.0000e+00 1.5990e-04 9.5034e-05 3.2267e-07 9.5034e-05 1.9319e-01 0.0000e+00
147 0.0000e+00 1.5310e-04 9.4753e-05 2.9641e-07 9.4753e-05 1.9328e-01 0.0000e+00
148 0.0000e+00 1.3840e-04 9.4474e-05 2.7232e-07 9.4474e-05 1.9338e-01 0.0000e+00
149 0.0000e+00 1.1300e-04 9.4196e-05 2.5022e-07 9.4196e-05 1.9347e-01 0.0000e+00
150 0.0000e+00 7.9900e-05 9.3920e-05 2.2995e-07 9.3920e-05 1.9356e-01 0.0000e+00
151 0.0000e+00 3.8700e-05 9.3645e-05 2.1134e-07 9.3645e-05 1.9366e-01 0.0000e+00
152 0.0000e+00 0.0000e+00 9.3372e-05 1.9427e-07 9.3372e-05 1.9375e-01 0.0000e+00
153 0.0000e+00 0.0000e+00 9.3101e-05 1.7860e-07 9.3101e-05 1.9384e-01 0.0000e+00
154 0.0000e+00 0.0000e+00 9.2831e-05 1.6299e-07 9.2831e-05 1.9394e-01 0.0000e+00
155 0.0000e+00 0.0000e+00 9.2562e-05 1.4992e-07 9.2562e-05 1.9403e-01 0.0000e+00
156 0.0000e+00 0.0000e+00 9.2296e-05 1.3792e-07 9.2296e-05 1.9412e-01 0.0000e+00
157 0.0000e+00 0.0000e+00 9.2030e-05 1.2689e-07 9.2030e-05 1.9421e-01 0.0000e+00
158 0.0000e+00 0.0000e+00 9.1766e-05 1.1676e-07 9.1766e-05 1.9430e-01 0.0000e+00
159 0.0000e+00 0.0000e+00 9.1504e-05 1.0745e-07 9.1504e-05 1.9440e-01 0.0000e+00
160 0.0000e+00 0.0000e+00 9.1243e-05 9.8896e-08 9.1243e-05 1.9449e-01 0.0000e+00
161 0.0000e+00 0.0000e+00 9.0983e-05 9.1031e-08 9.0983e-05 1.9458e-01 0.0000e+00
162 0.0000e+00 0.0000e+00 9.0725e-05 8.3800e-08 9.0725e-05 1.9467e-01 0.0000e+00
163 0.0000e+00 0.0000e+00 9.0469e-05 7.7153e-08 9.0469e-05 1.9476e-01 0.0000e+00
164 0.0000e+00 0.0000e+00 9.0213e-05 7.1040e-08 9.0213e-05 1.9485e-01 0.0000e+00
165 0.0000e+00 1.7800e-05 8.9960e-05 6.5419e-08 8.9960e-05 1.9494e-01 0.0000e+00
166 0.0000e+00 3.4400e-05 8.9707e-05 5.8891e-08 8.9707e-05 1.9503e-01 0.0000e+00
167 0.0000e+00 4.8600e-05 8.9456e-05 5.4275e-08 8.9456e-05 1.9512e-01 0.0000e+00
168 0.0000e+00 5.9500e-05 8.9207e-05 5.0026e-08 8.9207e-05 1.9521e-01 0.0000e+00
169 0.0000e+00 6.5900e-05 8.8958e-05 4.6114e-08 8.8958e-05 1.9530e-01 0.0000e+00
170 0.0000e+00 6.8800e-05 8.8712e-05 4.2512e-08 8.8712e-05 1.9538e-01 0.0000e+00
171 0.0000e+00 6.5900e-05 8.8466e-05 3.9195e-08 8.8466e-05 1.9547e-01 0.0000e+00
172 0.0000e+00 5.9500e-05 8.8222e-05 3.6139e-08 8.8222e-05 1.9556e-01 0.0000e+00
173 0.0000e+00 4.8600e-05 8.7979e-05 3.3325e-08 8.7979e-05 1.9565e-01 0.0000e+00
174 0.0000e+00 3.4400e-05 8.7738e-05 3.0733e-08 8.7738e-05 1.9574e-01 0.0000e+00
175 0.0000e+00 1.6600e-05 8.7498e-05 2.8345e-08 8.7498e-05 1.9582e-01 0.0000e+00
176 0.0000e+00 0.0000e+00 8.7259e-05 2.6144e-08 8.7259e-05 1.9591e-01 0.0000e+00
177 0.0000e+00 0.0000e+00 8.7021e-05 2.4117e-08 8.7021e-05 1.9600e-01 0.0000e+00
178 0.0000e+00 0.0000e+00 8.6785e-05 2.0882e-08 8.6785e-05 1.9609e-01 0.0000e+00
179 0.0000e+00 0.0000e+00 8.6550e-05 1.9287e-08 8.6550e-05 1.9617e-01 0.0000e+00
180 0.0000e+00 0.0000e+00 8.6316e-05 1.7816e-08 8.6316e-05 1.9626e-01 0.0000e+00
181 0.0000e+00 0.0000e+00 8.6084e-05 1.6458e-08 8.6084e-05 1.9634e-01 0.0000e+00
182 0.0000e+00 0.0000e+00 8.5853e-05 1.5205e-08 8.5853e-05 1.9643e-01 0.0000e+00
183 0.0000e+00 0.0000e+00 8.5623e-05 1.4048e-08 8.5623e-05 1.9652e-01 0.0000e+00
184 0.0000e+00 0.0000e+00 8.5394e-05 1.2980e-08 8.5394e-05 1.9660e-01 0.0000e+00
185 0.0000e+00 0.0000e+00 8.5166e-05 1.1994e-08 8.5166e-05 1.9669e-01 0.0000e+00
186 0.0000e+00 0.0000e+00 8.4940e-05 1.1083e-08 8.4940e-05 1.9677e-01 0.0000e+00
187 0.0000e+00 0.0000e+00 8.4715e-05 1.0243e-08 8.4715e-05 1.9686e-01 0.0000e+00
188 0.0000e+00 0.0000e+00 8.4491e-05 9.4666e-09 8.4491e-05 1.9694e-01 0.0000e+00
189 0.0000e+00 4.5600e-05 8.4268e-05 8.7498e-09 8.4268e-05 1.9702e-01 0.0000e+00
190 5.0000e-04 8.7900e-05 8.4047e-05 6.7957e-09 8.4047e-05 1.9711e-01 0.0000e+00
191 0.0000e+00 1.2440e-04 8.3826e-05 6.2943e-09 8.3826e-05 1.9719e-01 0.0000e+00
192 0.0000e+00 1.5230e-04 8.3607e-05 5.8302e-09 8.3607e-05 1.9728e-01 0.0000e+00
193 0.0000e+00 1.6850e-04 8.3389e-05 5.4007e-09 8.3389e-05 1.9736e-01 0.0000e+00
194 0.0000e+00 1.7590e-04 8.3172e-05 5.0029e-09 8.3172e-05 1.9744e-01 0.0000e+00
195 0.0000e+00 1.6850e-04 8.2956e-05 4.6347e-09 8.2956e-05 1.9753e-01 0.0000e+00
196 0.0000e+00 1.5230e-04 8.2741e-05 4.2939e-09 8.2741e-05 1.9761e-01 0.0000e+00
197 0.0000e+00 1.2440e-04 8.2527e-05 3.9782e-09 8.2527e-05 1.9769e-01 0.0000e+00
198 0.0000e+00 8.7900e-05 8.2315e-05 3.6860e-09 8.2315e-05 1.9777e-01 0.0000e+00
199 0.0000e+00 4.2600e-05 8.2103e-05 3.4153e-09 8.2103e-05 1.9786e-01 0.0000e+00
200 0.0000e+00 0.0000e+00 8.1893e-05 3.1647e-09 8.1893e-05 1.9794e-01 0.0000e+00
201 0.0000e+00 0.0000e+00 8.1684e-05 2.9326e-09 8.1684e-05 1.9802e-01 0.0000e+00
202 0.0000e+00 0.0000e+00 8.1475e-05 2.7177e-09 8.1475e-05 1.9810e-01 0.0000e+00
203 0.0000e+00 0.0000e+00 8.1268e-05 1.6755e-09 8.1268e-05 1.9818e-01 0.0000e+00
204 0.0000e+00 0.0000e+00 8.1062e-05 1.5572e-09 8.1062e-05 1.9826e-01 0.0000e+00
205 0.0000e+00 0.0000e+00 8.0857e-05 1.4473e-09 8.0857e-05 1.9834e-01 0.0000e+00
206 0.0000e+00 0.0000e+00 8.0653e-05 1.3452e-09 8.0653e-05 1.9842e-01 0.0000e+00
207 0.0000e+00 0.0000e+00 8.0450e-05 1.2504e-09 8.0450e-05 1.9850e-01 0.0000e+00
208 0.0000e+00 0.0000e+00 8.0248e-05 1.1623e-09 8.0248e-05 1.9859e-01 0.0000e+00
209 0.0000e+00 0.0000e+00 8.0047e-05 1.0804e-09 8.0047e-05 1.9867e-01 0.0000e+00
210 0.0000e+00 0.0000e+00 7.9847e-05 1.0043e-09 7.9847e-05 1.9874e-01 0.0000e+00
211 0.0000e+00 0.0000e+00 7.9648e-05 9.3365e-10 7.9648e-05 1.9882e-01 0.0000e+00
212 0.0000e+00 0.0000e+00 7.9450e-05 8.6797e-10 7.9450e-05 1.9890e-01 0.0000e+00
213 0.0000e+00 4.9000e-05 7.9253e-05 8.0693e-10 7.9253e-05 1.9898e-01 0.0000e+00
214 0.0000e+00 9.4600e-05 7.9057e-05 7.5021e-10 7.9057e-05 1.9906e-01 0.0000e+00
215 0.0000e+00 1.3380e-04 7.8862e-05 3.0332e-10 7.8862e-05 1.9914e-01 0.0000e+00
216 0.0000e+00 1.6380e-04 7.8668e-05 2.8297e-10 7.8668e-05 1.9922e-01 0.0000e+00
217 0.0000e+00 1.8130e-04 7.8475e-05 2.6398e-10 7.8475e-05 1.9930e-01 0.0000e+00
218 0.0000e+00 1.8920e-04 7.8282e-05 2.4628e-10 7.8282e-05 1.9938e-01 0.0000e+00
219 0.0000e+00 1.8130e-04 7.8091e-05 2.2977e-10 7.8091e-05 1.9945e-01 0.0000e+00
220 0.0000e+00 1.6380e-04 7.7901e-05 2.1437e-10 7.7901e-05 1.9953e-01 0.0000e+00
221 0.0000e+00 1.3380e-04 7.7711e-05 2.0001e-10 7.7711e-05 1.9961e-01 0.0000e+00
222 0.0000e+00 9.4600e-05 7.7523e-05 1.8661e-10 7.7523e-05 1.9969e-01 0.0000e+00
223 0.0000e+00 4.5800e-05 7.7335e-05 1.7412e-10 7.7335e-05 1.9977e-01 0.0000e+00
224 0.0000e+00 0.0000e+00 7.7149e-05 1.6246e-10 7.7149e-05 1.9984e-01 0.0000e+00
225 0.0000e+00 0.0000e+00 7.6963e-05 1.5159e-10 7.6963e-05 1.9992e-01 0.0000e+00
226 0.0000e+00 0.0000e+00 7.6778e-05 1.4145e-10 7.6778e-05 2.0000e-01 0.0000e+00
227 0.0000e+00 0.0000e+00 7.6594e-05 1.3199e-10 7.6594e-05 2.0007e-01 0.0000e+00
228 0.0000e+00 0.0000e+00 7.6411e-05 2.4577e-11 7.6411e-05 2.0015e-01 0.0000e+00
229 0.0000e+00 0.0000e+00 7.6229e-05 2.3016e-11 7.6229e-05 2.0023e-01 0.0000e+00
230 0.0000e+00 0.0000e+00 7.6047e-05 2.1554e-11 7.6047e-05 2.0030e-01 0.0000e+00
231 0.0000e+00 0.0000e+00 7.5867e-05 2.0186e-11 7.5867e-05 2.0038e-01 0.0000e+00
232 0.0000e+00 0.0000e+00 7.5687e-05 1.8905e-11 7.5687e-05 2.0045e-01 0.0000e+00
233 0.0000e+00 0.0000e+00 7.5508e-05 1.7705e-11 7.5508e-05 2.0053e-01 0.0000e+00
234 0.0000e+00 0.0000e+00 7.5330e-05 1.6582e-11 7.5330e-05 2.0060e-01 0.0000e+00
235 0.0000e+00 0.0000e+00 7.5153e-05 1.5530e-11 7.5153e-05 2.0068e-01 0.0000e+00
236 0.0000e+00 0.0000e+00 7.4977e-05 1.4545e-11 7.4977e-05 2.0075e-01 0.0000e+00
237 0.0000e+00 5.1700e-05 7.4802e-05 1.3623e-11 7.4802e-05 2.0083e-01 0.0000e+00
238 0.0000e+00 9.9800e-05 7.4627e-05 1.2759e-11 7.4627e-05 2.0090e-01 0.0000e+00
239 0.0000e+00 1.4120e-04 7.4453e-05 1.1951e-11 7.4453e-05 2.0098e-01 0.0000e+00
240 0.0000e+00 1.7290e-04 7.4280e-05 0.0000e+00 7.4280e-05 2.0105e-01 0.0000e+00
241 5.0000e-04 1.9130e-04 7.4108e-05 0.0000e+00 7.4108e-05 2.0113e-01 0.0000e+00
242 1.0000e-03 1.9970e-04 7.3936e-05 0.0000e+00 7.3936e-05 2.0120e-01 0.0000e+00
243 0.0000e+00 1.9130e-04 7.3766e-05 0.0000e+00 7.3766e-05 2.0127e-01 0.0000e+00
244 0.0000e+00 1.7290e-04 7.3596e-05 0.0000e+00 7.3596e-05 2.0135e-01 0.0000e+00
245 0.0000e+00 1.4120e-04 7.3427e-05 0.0000e+00 7.3427e-05 2.0142e-01 0.0000e+00
246 0.0000e+00 9.9800e-05 7.3259e-05 0.0000e+00 7.3259e-05 2.0149e-01 0.0000e+00
247 0.0000e+00 4.8300e-05 7.3091e-05 0.0000e+00 7.3091e-05 2.0157e-01 0.0000e+00
248 0.0000e+00 0.0000e+00 7.2924e-05 0.0000e+00 7.2924e-05 2.0164e-01 0.0000e+00
249 0.0000e+00 0.0000e+00 7.2758e-05 0.0000e+00 7.2758e-05 2.0171e-01 0.0000e+00
250 0.0000e+00 0.0000e+00 7.2593e-05 0.0000e+00 7.2593e-05 2.0179e-01 0.0000e+00
251 0.0000e+00 0.0000e+00 7.2429e-05 0.0000e+00 7.2429e-05 2.0186e-01 0.0000e+00
252 0.0000e+00 0.0000e+00 7.2265e-05 0.0000e+00 7.2265e-05 2.0193e-01 0.0000e+00
253 1.0000e-03 0.0000e+00 7.2102e-05 0.0000e+00 7.2102e-05 2.0200e-01 0.0000e+00
254 0.0000e+00 0.0000e+00 7.1940e-05 0.0000e+00 7.1940e-05 2.0207e-01 0.0000e+00
255 0.0000e+00 0.0000e+00 7.1778e-05 0.0000e+00 7.1778e-05 2.0215e-01 0.0000e+00
256 0.0000e+00 0.0000e+00 7.1617e-05 0.0000e+00 7.1617e-05 2.0222e-01 0.0000e+00
257 0.0000e+00 0.0000e+00 7.1457e-05 0.0000e+00 7.1457e-05 2.0229e-01 0.0000e+00
258 0.0000e+00 0.0000e+00 7.1298e-05 0.0000e+00 7.1298e-05 2.0236e-01 0.0000e+00
259 0.0000e+00 0.0000e+00 7.1139e-05 0.0000e+00 7.1139e-05 2.0243e-01 0.0000e+00
260 0.0000e+00 0.0000e+00 7.0981e-05 0.0000e+00 7.0981e-05 2.0250e-01 0.0000e+00
261 0.0000e+00 7.5200e-05 7.0824e-05 0.0000e+00 7.0824e-05 2.0257e-01 0.0000e+00
262 1.0000e-03 1.4510e-04 7.0667e-05 0.0000e+00 7.0667e-05 2.0264e-01 0.0000e+00
263 0.0000e+00 2.0520e-04 7.0511e-05 0.0000e+00 7.0511e-05 2.0271e-01 0.0000e+00
264 0.0000e+00 2.5130e-04 7.0356e-05 0.0000e+00 7.0356e-05 2.0278e-01 0.0000e+00
265 0.0000e+00 2.7800e-04 7.0202e-05 0.0000e+00 7.0202e-05 2.0286e-01 0.0000e+00
266 0.0000e+00 2.9030e-04 7.0048e-05 0.0000e+00 7.0048e-05 2.0293e-01 0.0000e+00
267 0.0000e+00 2.7800e-04 6.9895e-05 0.0000e+00 6.9895e-05 2.0299e-01 0.0000e+00
268 0.0000e+00 2.5130e-04 6.9742e-05 0.0000e+00 6.9742e-05 2.0306e-01 0.0000e+00
269 0.0000e+00 2.0520e-04 6.9590e-05 0.0000e+00 6.9590e-05 2.0313e-01 0.0000e+00
270 0.0000e+00 1.4510e-04 6.9439e-05 0.0000e+00 6.9439e-05 2.0320e-01 0.0000e+00
271 0.0000e+00 7.0200e-05 6.9289e-05 0.0000e+00 6.9289e-05 2.0327e-01 0.0000e+00
272 0.0000e+00 0.0000e+00 6.9139e-05 0.0000e+00 6.9139e-05 2.0334e-01 0.0000e+00
273 0.0000e+00 0.0000e+00 6.8989e-05 0.0000e+00 6.8989e-05 2.0341e-01 0.0000e+00
274 0.0000e+00 0.0000e+00 6.8841e-05 0.0000e+00 6.8841e-05 2.0348e-01 0.0000e+00
275 0.0000e+00 0.0000e+00 6.8693e-05 0.0000e+00 6.8693e-05 2.0355e-01 0.0000e+00
276 0.0000e+00 0.0000e+00 6.8546e-05 0.0000e+00 6.8546e-05 2.0362e-01 0.0000e+00
277 0.0000e+00 0.0000e+00 6.8399e-05 0.0000e+00 6.8399e-05 2.0369e-01 0.0000e+00
278 0.0000e+00 0.0000e+00 6.8253e-05 0.0000e+00 6.8253e-05 2.0375e-01 0.0000e+00
279 0.0000e+00 0.0000e+00 6.8107e-05 0.0000e+00 6.8107e-05 2.0382e-01 0.0000e+00
280 0.0000e+00 0.0000e+00 6.7963e-05 0.0000e+00 6.7963e-05 2.0389e-01 0.0000e+00
281 0.0000e+00 0.0000e+00 6.7818e-05 0.0000e+00 6.7818e-05 2.0396e-01 0.0000e+00
282 0.0000e+00 0.0000e+00 6.7675e-05 0.0000e+00 6.7675e-05 2.0403e-01 0.0000e+00
283 1.0000e-03 0.0000e+00 6.7532e-05 0.0000e+00 6.7532e-05 2.0409e-01 0.0000e+00
284 5.0000e-04 0.0000e+00 6.7390e-05 0.0000e+00 6.7390e-05 2.0416e-01 0.0000e+00
285 2.5000e-03 2.4400e-05 6.9464e-05 1.7887e-05 6.7248e-05 2.0421e-01 2.2162e-06
286 6.0000e-03 4.7000e-05 1.4967e-04 6.8044e-04 6.7144e-05 2.0360e-01 8.2526e-05
287 4.0000e-03 6.6500e-05 1.2304e-04 1.0014e-03 6.8443e-05 2.0266e-01 5.4593e-05
288 1.5000e-03 8.1400e-05 9.0266e-05 1.0134e-03 7.0468e-05 2.0172e-01 1.9797e-05
289 0.0000e+00 9.0100e-05 7.2575e-05 8.8151e-04 7.2575e-05 2.0091e-01 0.0000e+00
290 0.0000e+00 9.4000e-05 7.4434e-05 7.7972e-04 7.4434e-05 2.0021e-01 0.0000e+00
291 5.0000e-04 9.0100e-05 7.9337e-05 7.2066e-04 7.6092e-05 1.9956e-01 3.2450e-06
292 0.0000e+00 8.1400e-05 7.7641e-05 6.4113e-04 7.7641e-05 1.9900e-01 0.0000e+00
293 0.0000e+00 6.6500e-05 7.9020e-05 5.7308e-04 7.9020e-05 1.9850e-01 0.0000e+00
294 1.5000e-03 4.7000e-05 9.7683e-05 6.6025e-04 8.0249e-05 1.9792e-01 1.7434e-05
295 1.0000e-03 2.2800e-05 9.4878e-05 6.9007e-04 8.1717e-05 1.9732e-01 1.3161e-05
296 0.0000e+00 0.0000e+00 8.3285e-05 6.0562e-04 8.3285e-05 1.9679e-01 0.0000e+00
297 0.0000e+00 0.0000e+00 8.4656e-05 5.3994e-04 8.4656e-05 1.9634e-01 0.0000e+00
298 0.0000e+00 0.0000e+00 8.5869e-05 4.8314e-04 8.5869e-05 1.9594e-01 0.0000e+00
299 0.0000e+00 0.0000e+00 8.6942e-05 4.3315e-04 8.6942e-05 1.9559e-01 0.0000e+00
300 0.0000e+00 0.0000e+00 8.7887e-05 3.8885e-04 8.7887e-05 1.9529e-01 0.0000e+00
301 0.0000e+00 0.0000e+00 8.8718e-05 3.4945e-04 8.8718e-05 1.9503e-01 0.0000e+00
302 0.0000e+00 0.0000e+00 8.9444e-05 3.1432e-04 8.9444e-05 1.9481e-01 0.0000e+00
303 0.0000e+00 0.0000e+00 9.0075e-05 2.8294e-04 9.0075e-05 1.9462e-01 0.0000e+00
304 0.0000e+00 0.0000e+00 9.0619e-05 2.5487e-04 9.0619e-05 1.9445e-01 0.0000e+00
305 0.0000e+00 0.0000e+00 9.1085e-05 2.2972e-04 9.1085e-05 1.9431e-01 0.0000e+00
306 0.0000e+00 0.0000e+00 9.1481e-05 2.0717e-04 9.1481e-05 1.9420e-01 0.0000e+00
307 0.0000e+00 0.0000e+00 9.1812e-05 1.8694e-04 9.1812e-05 1.9410e-01 0.0000e+00
308 0.0000e+00 0.0000e+00 9.2086e-05 1.6877e-04 9.2086e-05 1.9403e-01 0.0000e+00
309 0.0000e+00 2.8800e-05 9.2306e-05 1.5244e-04 9.2306e-05 1.9396e-01 0.0000e+00
310 5.0000e-04 5.5500e-05 9.8673e-05 1.9208e-04 9.2480e-05 1.9387e-01 6.1928e-06
311 0.0000e+00 7.8500e-05 9.2768e-05 1.6671e-04 9.2768e-05 1.9379e-01 0.0000e+00
312 0.0000e+00 9.6200e-05 9.2983e-05 1.4931e-04 9.2983e-05 1.9374e-01 0.0000e+00
313 0.0000e+00 1.0640e-04 9.3147e-05 1.3411e-04 9.3147e-05 1.9369e-01 0.0000e+00
314 0.0000e+00 1.1110e-04 9.3266e-05 1.2069e-04 9.3266e-05 1.9367e-01 0.0000e+00
315 0.0000e+00 1.0640e-04 9.3346e-05 1.0876e-04 9.3346e-05 1.9365e-01 0.0000e+00
316 0.0000e+00 9.6200e-05 9.3391e-05 9.8113e-05 9.3391e-05 1.9365e-01 0.0000e+00
317 5.0000e-04 7.8500e-05 9.3405e-05 8.8590e-05 9.3405e-05 1.9365e-01 0.0000e+00
318 1.0000e-03 5.5500e-05 1.0429e-04 1.7346e-04 9.3391e-05 1.9357e-01 1.0902e-05
319 5.0000e-04 2.6900e-05 9.9763e-05 1.9931e-04 9.3625e-05 1.9347e-01 6.1388e-06
320 0.0000e+00 0.0000e+00 9.3934e-05 1.7073e-04 9.3934e-05 1.9339e-01 0.0000e+00
321 0.0000e+00 0.0000e+00 9.4160e-05 1.5129e-04 9.4160e-05 1.9333e-01 0.0000e+00
322 1.0000e-03 0.0000e+00 1.1042e-04 2.5019e-04 9.4328e-05 1.9318e-01 1.6090e-05
323 1.0000e-03 0.0000e+00 1.1215e-04 3.3018e-04 9.4789e-05 1.9294e-01 1.7365e-05
324 0.0000e+00 0.0000e+00 9.5489e-05 2.8200e-04 9.5489e-05 1.9275e-01 0.0000e+00
325 0.0000e+00 0.0000e+00 9.6047e-05 2.4884e-04 9.6047e-05 1.9260e-01 0.0000e+00
326 0.0000e+00 0.0000e+00 9.6507e-05 2.2074e-04 9.6507e-05 1.9248e-01 0.0000e+00
327 0.0000e+00 0.0000e+00 9.6882e-05 1.9653e-04 9.6882e-05 1.9238e-01 0.0000e+00
328 0.0000e+00 0.0000e+00 9.7184e-05 1.7544e-04 9.7184e-05 1.9230e-01 0.0000e+00
329 0.0000e+00 0.0000e+00 9.7422e-05 1.5693e-04 9.7422e-05 1.9224e-01 0.0000e+00
330 0.0000e+00 0.0000e+00 9.7604e-05 1.4060e-04 9.7604e-05 1.9220e-01 0.0000e+00
331 0.0000e+00 0.0000e+00 9.7735e-05 1.2614e-04 9.7735e-05 1.9217e-01 0.0000e+00
332 0.0000e+00 0.0000e+00 9.7822e-05 1.1329e-04 9.7822e-05 1.9215e-01 0.0000e+00
333 0.0000e+00 1.1200e-05 9.7869e-05 1.0185e-04 9.7869e-05 1.9215e-01 0.0000e+00
334 0.0000e+00 2.1600e-05 9.7881e-05 9.1652e-05 9.7881e-05 1.9215e-01 0.0000e+00
335 0.0000e+00 3.0600e-05 9.7862e-05 8.2539e-05 9.7862e-05 1.9217e-01 0.0000e+00
336 0.0000e+00 3.7400e-05 9.7815e-05 7.4386e-05 9.7815e-05 1.9219e-01 0.0000e+00
337 0.0000e+00 4.1400e-05 9.7744e-05 6.7086e-05 9.7744e-05 1.9222e-01 0.0000e+00
338 5.0000e-04 4.3200e-05 1.0410e-04 1.0289e-04 9.7650e-05 1.9222e-01 6.4469e-06
339 5.0000e-04 4.1400e-05 1.0589e-04 1.4259e-04 9.7666e-05 1.9217e-01 8.2271e-06
340 1.5000e-03 3.7400e-05 1.2407e-04 2.9465e-04 9.7803e-05 1.9198e-01 2.6270e-05
341 1.5000e-03 3.0600e-05 1.2475e-04 4.1955e-04 9.8407e-05 1.9166e-01 2.6342e-05
342 1.0000e-03 2.1600e-05 1.1686e-04 4.7021e-04 9.9399e-05 1.9129e-01 1.7459e-05
343 5.0000e-04 1.0500e-05 1.0917e-04 4.6100e-04 1.0056e-04 1.9092e-01 8.6161e-06
344 1.0000e-03 0.0000e+00 1.1952e-04 5.1937e-04 1.0170e-04 1.9051e-01 1.7821e-05
345 5.0000e-04 0.0000e+00 1.1204e-04 5.0886e-04 1.0303e-04 1.9010e-01 9.0051e-06
346 0.0000e+00 0.0000e+00 1.0435e-04 4.4441e-04 1.0435e-04 1.8976e-01 0.0000e+00
347 0.0000e+00 0.0000e+00 1.0546e-04 3.9323e-04 1.0546e-04 1.8947e-01 0.0000e+00
348 0.0000e+00 0.0000e+00 1.0642e-04 3.4926e-04 1.0642e-04 1.8923e-01 0.0000e+00
349 0.0000e+00 0.0000e+00 1.0723e-04 3.1103e-04 1.0723e-04 1.8903e-01 0.0000e+00
350 0.0000e+00 0.0000e+00 1.0791e-04 2.7753e-04 1.0791e-04 1.8886e-01 0.0000e+00
351 0.0000e+00 0.0000e+00 1.0848e-04 2.4802e-04 1.0848e-04 1.8872e-01 0.0000e+00
352 0.0000e+00 0.0000e+00 1.0896e-04 2.2193e-04 1.0896e-04 1.8860e-01 0.0000e+00
353 5.0000e-04 0.0000e+00 1.1835e-04 2.5947e-04 1.0934e-04 1.8845e-01 9.0051e-06
354 0.0000e+00 0.0000e+00 1.0986e-04 2.2646e-04 1.0986e-04 1.8834e-01 0.0000e+00
355 0.0000e+00 0.0000e+00 1.1026e-04 2.0162e-04 1.1026e-04 1.8825e-01 0.0000e+00
356 0.0000e+00 0.0000e+00 1.1057e-04 1.8006e-04 1.1057e-04 1.8818e-01 0.0000e+00
357 0.0000e+00 7.2300e-05 1.1081e-04 1.6115e-04 1.1081e-04 1.8813e-01 0.0000e+00
358 0.0000e+00 1.3960e-04 1.1099e-04 1.4444e-04 1.1099e-04 1.8809e-01 0.0000e+00
359 0.0000e+00 1.9750e-04 1.1111e-04 1.2962e-04 1.1111e-04 1.8807e-01 0.0000e+00
360 0.0000e+00 2.4180e-04 1.1117e-04 1.1643e-04 1.1117e-04 1.8807e-01 0.0000e+00
361 0.0000e+00 2.6750e-04 1.1119e-04 1.0468e-04 1.1119e-04 1.8808e-01 0.0000e+00
362 0.0000e+00 2.7930e-04 1.1117e-04 9.4183e-05 1.1117e-04 1.8809e-01 0.0000e+00
363 0.0000e+00 2.6750e-04 1.1111e-04 8.4799e-05 1.1111e-04 1.8812e-01 0.0000e+00
364 0.0000e+00 2.4180e-04 1.1101e-04 7.6401e-05 1.1101e-04 1.8815e-01 0.0000e+00
365 0.0000e+00 1.9750e-04 1.1089e-04 6.8877e-05 1.1089e-04 1.8820e-01 0.0000e+00
366 0.0000e+00 1.3960e-04 1.1075e-04 6.2130e-05 1.1075e-04 1.8824e-01 0.0000e+00
367 0.0000e+00 6.7600e-05 1.1058e-04 5.6075e-05 1.1058e-04 1.8830e-01 0.0000e+00
368 0.0000e+00 0.0000e+00 1.1039e-04 5.0638e-05 1.1039e-04 1.8836e-01 0.0000e+00
369 0.0000e+00 0.0000e+00 1.1019e-04 4.5750e-05 1.1019e-04 1.8842e-01 0.0000e+00
370 0.0000e+00 0.0000e+00 1.0997e-04 4.1355e-05 1.0997e-04 1.8849e-01 0.0000e+00
371 0.0000e+00 0.0000e+00 1.0973e-04 3.7400e-05 1.0973e-04 1.8856e-01 0.0000e+00
372 0.0000e+00 0.0000e+00 1.0948e-04 3.3838e-05 1.0948e-04 1.8864e-01 0.0000e+00
373 5.0000e-04 0.0000e+00 1.0922e-04 3.0630e-05 1.0922e-04 1.8872e-01 0.0000e+00
374 7.5000e-03 0.0000e+00 2.1571e-04 7.4643e-04 1.0896e-04 1.8808e-01 1.0676e-04
375 4.5000e-03 0.0000e+00 1.9219e-04 1.1459e-03 1.1115e-04 1.8705e-01 8.1046e-05
376 2.5000e-03 0.0000e+00 1.5983e-04 1.2637e-03 1.1480e-04 1.8590e-01 4.5026e-05
377 5.0000e-04 0.0000e+00 1.2800e-04 1.1416e-03 1.1900e-04 1.8487e-01 9.0051e-06
378 0.0000e+00 0.0000e+00 1.2286e-04 9.9519e-04 1.2286e-04 1.8400e-01 0.0000e+00
379 0.0000e+00 0.0000e+00 1.2626e-04 8.7640e-04 1.2626e-04 1.8325e-01 0.0000e+00
380 0.0000e+00 0.0000e+00 1.2925e-04 7.7500e-04 1.2925e-04 1.8261e-01 0.0000e+00
381 0.0000e+00 1.7400e-05 1.3189e-04 6.8716e-04 1.3189e-04 1.8205e-01 0.0000e+00
382 0.0000e+00 3.3600e-05 1.3419e-04 6.1040e-04 1.3419e-04 1.8158e-01 0.0000e+00
383 1.0000e-03 4.7500e-05 1.5330e-04 6.6458e-04 1.3621e-04 1.8105e-01 1.7092e-05
384 1.0000e-03 5.8200e-05 1.5563e-04 7.0091e-04 1.3847e-04 1.8048e-01 1.7155e-05
385 0.0000e+00 6.4300e-05 1.4093e-04 6.0770e-04 1.4093e-04 1.8002e-01 0.0000e+00
386 5.0000e-04 6.7200e-05 1.4980e-04 5.8622e-04 1.4300e-04 1.7957e-01 6.8002e-06
387 0.0000e+00 6.4300e-05 1.4499e-04 5.1465e-04 1.4499e-04 1.7920e-01 0.0000e+00
388 0.0000e+00 5.8200e-05 1.4668e-04 4.5649e-04 1.4668e-04 1.7889e-01 0.0000e+00
389 0.0000e+00 4.7500e-05 1.4811e-04 4.0593e-04 1.4811e-04 1.7864e-01 0.0000e+00
390 5.0000e-04 3.3600e-05 1.5405e-04 3.9614e-04 1.4930e-04 1.7839e-01 4.7406e-06
391 0.0000e+00 1.6300e-05 1.5046e-04 3.4883e-04 1.5046e-04 1.7819e-01 0.0000e+00
392 5.0000e-04 0.0000e+00 1.5950e-04 3.6977e-04 1.5140e-04 1.7797e-01 8.1066e-06
393 5.0000e-04 0.0000e+00 1.6144e-04 3.8811e-04 1.5243e-04 1.7774e-01 9.0051e-06
394 0.0000e+00 0.0000e+00 1.5356e-04 3.3604e-04 1.5356e-04 1.7756e-01 0.0000e+00
395 0.0000e+00 0.0000e+00 1.5444e-04 2.9737e-04 1.5444e-04 1.7741e-01 0.0000e+00
396 0.0000e+00 0.0000e+00 1.5513e-04 2.6419e-04 1.5513e-04 1.7730e-01 0.0000e+00
397 0.0000e+00 0.0000e+00 1.5566e-04 2.3522e-04 1.5566e-04 1.7722e-01 0.0000e+00
398 0.0000e+00 0.0000e+00 1.5605e-04 2.0974e-04 1.5605e-04 1.7717e-01 0.0000e+00
399 0.0000e+00 0.0000e+00 1.5631e-04 1.8725e-04 1.5631e-04 1.7714e-01 0.0000e+00
400 0.0000e+00 0.0000e+00 1.5646e-04 1.6735e-04 1.5646e-04 1.7713e-01 0.0000e+00
401 0.0000e+00 0.0000e+00 1.5651e-04 1.4970e-04 1.5651e-04 1.7714e-01 0.0000e+00
402 1.0000e-03 0.0000e+00 1.7449e-04 2.6733e-04 1.5648e-04 1.7702e-01 1.8010e-05
403 0.0000e+00 0.0000e+00 1.5702e-04 2.2072e-04 1.5702e-04 1.7696e-01 0.0000e+00
404 0.0000e+00 0.0000e+00 1.5734e-04 1.9361e-04 1.5734e-04 1.7692e-01 0.0000e+00
405 5.0000e-04 2.4600e-05 1.6652e-04 2.3797e-04 1.5751e-04 1.7684e-01 9.0051e-06
406 5.0000e-04 4.7400e-05 1.6647e-04 2.6578e-04 1.5791e-04 1.7674e-01 8.5621e-06
407 0.0000e+00 6.7100e-05 1.5844e-04 2.2599e-04 1.5844e-04 1.7667e-01 0.0000e+00
408 5.0000e-04 8.2200e-05 1.6572e-04 2.5024e-04 1.5878e-04 1.7658e-01 6.9441e-06
409 0.0000e+00 9.0900e-05 1.5923e-04 2.1438e-04 1.5923e-04 1.7652e-01 0.0000e+00
410 0.0000e+00 9.5000e-05 1.5951e-04 1.8880e-04 1.5951e-04 1.7649e-01 0.0000e+00
411 0.0000e+00 9.0900e-05 1.5965e-04 1.6705e-04 1.5965e-04 1.7649e-01 0.0000e+00
412 0.0000e+00 8.2200e-05 1.5969e-04 1.4820e-04 1.5969e-04 1.7650e-01 0.0000e+00
413 0.0000e+00 6.7100e-05 1.5963e-04 1.3175e-04 1.5963e-04 1.7652e-01 0.0000e+00
414 0.0000e+00 4.7400e-05 1.5949e-04 1.1731e-04 1.5949e-04 1.7657e-01 0.0000e+00
415 0.0000e+00 2.3000e-05 1.5928e-04 1.0460e-04 1.5928e-04 1.7662e-01 0.0000e+00
416 0.0000e+00 0.0000e+00 1.5901e-04 9.3374e-05 1.5901e-04 1.7669e-01 0.0000e+00
417 0.0000e+00 0.0000e+00 1.5869e-04 8.3447e-05 1.5869e-04 1.7676e-01 0.0000e+00
418 0.0000e+00 0.0000e+00 1.5831e-04 7.4647e-05 1.5831e-04 1.7685e-01 0.0000e+00
419 0.0000e+00 0.0000e+00 1.5790e-04 6.6835e-05 1.5790e-04 1.7694e-01 0.0000e+00
420 0.0000e+00 0.0000e+00 1.5745e-04 5.9891e-05 1.5745e-04 1.7703e-01 0.0000e+00
421 0.0000e+00 0.0000e+00 1.5697e-04 5.3710e-05 1.5697e-04 1.7714e-01 0.0000e+00
422 0.0000e+00 0.0000e+00 1.5647e-04 4.8202e-05 1.5647e-04 1.7725e-01 0.0000e+00
423 0.0000e+00 0.0000e+00 1.5594e-04 4.3290e-05 1.5594e-04 1.7736e-01 0.0000e+00
424 0.0000e+00 0.0000e+00 1.5539e-04 3.8904e-05 1.5539e-04 1.7748e-01 0.0000e+00
425 0.0000e+00 0.0000e+00 1.5483e-04 3.4985e-05 1.5483e-04 1.7759e-01 0.0000e+00
426 0.0000e+00 0.0000e+00 1.5425e-04 3.1479e-05 1.5425e-04 1.7772e-01 0.0000e+00
427 5.0000e-04 0.0000e+00 1.5366e-04 2.8341e-05 1.5366e-04 1.7784e-01 0.0000e+00
428 2.0000e-03 0.0000e+00 1.8771e-04 2.8033e-04 1.5306e-04 1.7772e-01 3.4655e-05
429 3.0000e-03 3.2600e-05 2.0770e-04 6.1397e-04 1.5367e-04 1.7726e-01 5.4031e-05
430 2.0000e-03 6.2900e-05 1.9133e-04 7.5010e-04 1.5589e-04 1.7666e-01 3.5433e-05
431 1.0000e-03 8.9000e-05 1.7569e-04 7.4498e-04 1.5881e-04 1.7608e-01 1.6877e-05
432 0.0000e+00 1.0900e-04 1.6175e-04 6.3206e-04 1.6175e-04 1.7560e-01 0.0000e+00
433 5.0000e-04 1.2060e-04 1.6959e-04 5.9191e-04 1.6414e-04 1.7518e-01 5.4426e-06
434 0.0000e+00 1.2590e-04 1.6635e-04 5.1385e-04 1.6635e-04 1.7483e-01 0.0000e+00
435 0.0000e+00 1.2060e-04 1.6817e-04 4.5148e-04 1.6817e-04 1.7455e-01 0.0000e+00
436 0.0000e+00 1.0900e-04 1.6967e-04 3.9793e-04 1.6967e-04 1.7432e-01 0.0000e+00
437 3.5000e-03 8.9000e-05 2.4294e-04 7.4761e-04 1.7088e-04 1.7374e-01 7.2062e-05
438 0.0000e+00 6.2900e-05 1.7399e-04 6.1815e-04 1.7399e-04 1.7330e-01 0.0000e+00
439 0.0000e+00 3.0500e-05 1.7642e-04 5.3990e-04 1.7642e-04 1.7293e-01 0.0000e+00
440 0.0000e+00 0.0000e+00 1.7843e-04 4.7384e-04 1.7843e-04 1.7264e-01 0.0000e+00
441 0.0000e+00 0.0000e+00 1.8009e-04 4.1730e-04 1.8009e-04 1.7240e-01 0.0000e+00
442 0.0000e+00 0.0000e+00 1.8143e-04 3.6843e-04 1.8143e-04 1.7221e-01 0.0000e+00
443 0.0000e+00 0.0000e+00 1.8249e-04 3.2593e-04 1.8249e-04 1.7207e-01 0.0000e+00
444 5.0000e-04 0.0000e+00 1.9137e-04 3.3061e-04 1.8331e-04 1.7192e-01 8.0622e-06
445 0.0000e+00 0.0000e+00 1.8416e-04 2.8873e-04 1.8416e-04 1.7182e-01 0.0000e+00
446 0.0000e+00 0.0000e+00 1.8476e-04 2.5541e-04 1.8476e-04 1.7175e-01 0.0000e+00
447 0.0000e+00 0.0000e+00 1.8517e-04 2.2643e-04 1.8517e-04 1.7171e-01 0.0000e+00
448 0.0000e+00 0.0000e+00 1.8541e-04 2.0106e-04 1.8541e-04 1.7169e-01 0.0000e+00
449 0.0000e+00 0.0000e+00 1.8550e-04 1.7878e-04 1.8550e-04 1.7170e-01 0.0000e+00
450 0.0000e+00 0.0000e+00 1.8546e-04 1.5915e-04 1.8546e-04 1.7172e-01 0.0000e+00
451 0.0000e+00 0.0000e+00 1.8531e-04 1.4181e-04 1.8531e-04 1.7177e-01 0.0000e+00
452 5.0000e-04 0.0000e+00 1.9774e-04 1.9243e-04 1.8506e-04 1.7176e-01 1.2684e-05
453 0.0000e+00 2.2400e-05 1.8510e-04 1.6403e-04 1.8510e-04 1.7178e-01 0.0000e+00
454 0.0000e+00 4.3300e-05 1.8498e-04 1.4454e-04 1.8498e-04 1.7182e-01 0.0000e+00
455 0.0000e+00 6.1200e-05 1.8474e-04 1.2790e-04 1.8474e-04 1.7188e-01 0.0000e+00
456 0.0000e+00 7.5000e-05 1.8442e-04 1.1349e-04 1.8442e-04 1.7195e-01 0.0000e+00
457 0.0000e+00 8.3000e-05 1.8401e-04 1.0092e-04 1.8401e-04 1.7203e-01 0.0000e+00
458 0.0000e+00 8.6600e-05 1.8353e-04 8.9876e-05 1.8353e-04 1.7213e-01 0.0000e+00
459 0.0000e+00 8.3000e-05 1.8299e-04 8.0150e-05 1.8299e-04 1.7223e-01 0.0000e+00
460 0.0000e+00 7.5000e-05 1.8241e-04 7.1558e-05 1.8241e-04 1.7234e-01 0.0000e+00
461 0.0000e+00 6.1200e-05 1.8178e-04 6.3952e-05 1.8178e-04 1.7246e-01 0.0000e+00
462 0.0000e+00 4.3300e-05 1.8111e-04 5.7206e-05 1.8111e-04 1.7258e-01 0.0000e+00
463 0.0000e+00 2.1000e-05 1.8041e-04 5.1215e-05 1.8041e-04 1.7271e-01 0.0000e+00
464 0.0000e+00 0.0000e+00 1.7968e-04 4.5888e-05 1.7968e-04 1.7284e-01 0.0000e+00
465 1.0000e-03 0.0000e+00 1.8778e-04 8.6790e-05 1.7893e-04 1.7294e-01 8.8493e-06
466 5.0000e-04 0.0000e+00 1.9110e-04 1.3773e-04 1.7842e-04 1.7298e-01 1.2684e-05
467 0.0000e+00 0.0000e+00 1.7819e-04 1.1423e-04 1.7819e-04 1.7304e-01 0.0000e+00
468 0.0000e+00 0.0000e+00 1.7783e-04 9.9414e-05 1.7783e-04 1.7312e-01 0.0000e+00
469 5.0000e-04 0.0000e+00 1.9008e-04 1.5241e-04 1.7740e-04 1.7314e-01 1.2684e-05
470 0.0000e+00 0.0000e+00 1.7726e-04 1.2745e-04 1.7726e-04 1.7319e-01 0.0000e+00
471 0.0000e+00 0.0000e+00 1.7698e-04 1.1120e-04 1.7698e-04 1.7326e-01 0.0000e+00
472 5.0000e-04 0.0000e+00 1.8931e-04 1.6280e-04 1.7662e-04 1.7327e-01 1.2684e-05
473 5.0000e-04 0.0000e+00 1.8923e-04 2.0191e-04 1.7654e-04 1.7325e-01 1.2684e-05
474 0.0000e+00 0.0000e+00 1.7668e-04 1.7014e-04 1.7668e-04 1.7326e-01 0.0000e+00
475 0.0000e+00 0.0000e+00 1.7665e-04 1.4830e-04 1.7665e-04 1.7328e-01 0.0000e+00
476 0.0000e+00 0.0000e+00 1.7649e-04 1.3000e-04 1.7649e-04 1.7333e-01 0.0000e+00
477 0.0000e+00 9.2000e-06 1.7624e-04 1.1441e-04 1.7624e-04 1.7339e-01 0.0000e+00
478 0.0000e+00 1.7800e-05 1.7590e-04 1.0099e-04 1.7590e-04 1.7347e-01 0.0000e+00
479 0.0000e+00 2.5200e-05 1.7548e-04 8.9357e-05 1.7548e-04 1.7355e-01 0.0000e+00
480 0.0000e+00 3.0900e-05 1.7501e-04 7.9211e-05 1.7501e-04 1.7365e-01 0.0000e+00
481 0.0000e+00 3.4200e-05 1.7449e-04 7.0331e-05 1.7449e-04 1.7375e-01 0.0000e+00
482 5.0000e-04 3.5700e-05 1.8352e-04 1.1240e-04 1.7392e-04 1.7381e-01 9.6023e-06
483 2.5000e-03 3.4200e-05 2.3550e-04 4.1516e-04 1.7359e-04 1.7357e-01 6.1907e-05
484 1.0000e-03 3.0900e-05 1.9940e-04 4.5824e-04 1.7490e-04 1.7329e-01 2.4501e-05
485 0.0000e+00 2.5200e-05 1.7646e-04 3.8535e-04 1.7646e-04 1.7308e-01 0.0000e+00
486 1.0000e-03 1.7800e-05 2.0156e-04 4.5753e-04 1.7762e-04 1.7280e-01 2.3946e-05
487 0.0000e+00 8.6000e-06 1.7918e-04 3.8795e-04 1.7918e-04 1.7259e-01 0.0000e+00
488 0.0000e+00 0.0000e+00 1.8035e-04 3.3833e-04 1.8035e-04 1.7243e-01 0.0000e+00
489 0.0000e+00 0.0000e+00 1.8124e-04 2.9649e-04 1.8124e-04 1.7232e-01 0.0000e+00
490 0.0000e+00 0.0000e+00 1.8189e-04 2.6073e-04 1.8189e-04 1.7224e-01 0.0000e+00
491 0.0000e+00 0.0000e+00 1.8234e-04 2.2988e-04 1.8234e-04 1.7219e-01 0.0000e+00
492 0.0000e+00 0.0000e+00 1.8261e-04 2.0311e-04 1.8261e-04 1.7217e-01 0.0000e+00
493 0.0000e+00 0.0000e+00 1.8273e-04 1.7977e-04 1.8273e-04 1.7218e-01 0.0000e+00
494 0.0000e+00 0.0000e+00 1.8271e-04 1.5934e-04 1.8271e-04 1.7220e-01 0.0000e+00
495 0.0000e+00 0.0000e+00 1.8258e-04 1.4143e-04 1.8258e-04 1.7224e-01 0.0000e+00
496 0.0000e+00 0.0000e+00 1.8235e-04 1.2568e-04 1.8235e-04 1.7230e-01 0.0000e+00
497 0.0000e+00 0.0000e+00 1.8202e-04 1.1180e-04 1.8202e-04 1.7237e-01 0.0000e+00
498 0.0000e+00 0.0000e+00 1.8163e-04 9.9563e-05 1.8163e-04 1.7245e-01 0.0000e+00
499 0.0000e+00 0.0000e+00 1.8116e-04 8.8746e-05 1.8116e-04 1.7254e-01 0.0000e+00
500 0.0000e+00 0.0000e+00 1.8064e-04 7.9176e-05 1.8064e-04 1.7264e-01 0.0000e+00
501 0.0000e+00 6.3800e-05 1.8007e-04 7.0698e-05 1.8007e-04 1.7275e-01 0.0000e+00
502 0.0000e+00 1.2310e-04 1.7945e-04 6.3179e-05 1.7945e-04 1.7287e-01 0.0000e+00
503 0.0000e+00 1.7420e-04 1.7880e-04 5.6503e-05 1.7880e-04 1.7299e-01 0.0000e+00
504 0.0000e+00 2.1330e-04 1.7812e-04 5.0569e-05 1.7812e-04 1.7312e-01 0.0000e+00
505 0.0000e+00 2.3600e-04 1.7741e-04 4.5291e-05 1.7741e-04 1.7325e-01 0.0000e+00
506 0.0000e+00 2.4640e-04 1.7668e-04 4.0592e-05 1.7668e-04 1.7339e-01 0.0000e+00
507 0.0000e+00 2.3600e-04 1.7593e-04 3.6404e-05 1.7593e-04 1.7353e-01 0.0000e+00
508 0.0000e+00 2.1330e-04 1.7516e-04 3.2668e-05 1.7516e-04 1.7367e-01 0.0000e+00
509 0.0000e+00 1.7420e-04 1.7439e-04 2.9333e-05 1.7439e-04 1.7381e-01 0.0000e+00
510 0.0000e+00 1.2310e-04 1.7360e-04 2.6355e-05 1.7360e-04 1.7396e-01 0.0000e+00
511 0.0000e+00 5.9600e-05 1.7280e-04 2.3693e-05 1.7280e-04 1.7411e-01 0.0000e+00
512 0.0000e+00 0.0000e+00 1.7200e-04 2.1311e-05 1.7200e-04 1.7426e-01 0.0000e+00
513 0.0000e+00 0.0000e+00 1.7119e-04 1.9179e-05 1.7119e-04 1.7441e-01 0.0000e+00
514 0.0000e+00 0.0000e+00 1.7038e-04 1.7269e-05 1.7038e-04 1.7457e-01 0.0000e+00
515 0.0000e+00 0.0000e+00 1.6956e-04 1.5557e-05 1.6956e-04 1.7472e-01 0.0000e+00
516 0.0000e+00 0.0000e+00 1.6875e-04 1.4022e-05 1.6875e-04 1.7487e-01 0.0000e+00
517 0.0000e+00 0.0000e+00 1.6794e-04 1.2644e-05 1.6794e-04 1.7503e-01 0.0000e+00
518 0.0000e+00 0.0000e+00 1.6712e-04 1.1407e-05 1.6712e-04 1.7519e-01 0.0000e+00
519 0.0000e+00 0.0000e+00 1.6631e-04 1.0296e-05 1.6631e-04 1.7534e-01 0.0000e+00
520 0.0000e+00 0.0000e+00 1.6550e-04 9.2964e-06 1.6550e-04 1.7550e-01 0.0000e+00
521 0.0000e+00 0.0000e+00 1.6470e-04 8.3979e-06 1.6470e-04 1.7565e-01 0.0000e+00
522 0.0000e+00 0.0000e+00 1.6389e-04 7.5895e-06 1.6389e-04 1.7581e-01 0.0000e+00
523 0.0000e+00 0.0000e+00 1.6310e-04 6.8616e-06 1.6310e-04 1.7597e-01 0.0000e+00
524 0.0000e+00 0.0000e+00 1.6230e-04 6.2060e-06 1.6230e-04 1.7612e-01 0.0000e+00
525 0.0000e+00 4.1700e-05 1.6151e-04 5.6152e-06 1.6151e-04 1.7628e-01 0.0000e+00
526 0.0000e+00 8.0400e-05 1.6073e-04 5.0826e-06 1.6073e-04 1.7643e-01 0.0000e+00
527 0.0000e+00 1.1380e-04 1.5995e-04 4.6022e-06 1.5995e-04 1.7659e-01 0.0000e+00
528 0.0000e+00 1.3930e-04 1.5917e-04 4.1687e-06 1.5917e-04 1.7674e-01 0.0000e+00
529 0.0000e+00 1.5420e-04 1.5840e-04 3.7773e-06 1.5840e-04 1.7690e-01 0.0000e+00
530 0.0000e+00 1.6090e-04 1.5764e-04 3.4239e-06 1.5764e-04 1.7705e-01 0.0000e+00
531 0.0000e+00 1.5420e-04 1.5688e-04 3.1041e-06 1.5688e-04 1.7721e-01 0.0000e+00
532 0.0000e+00 1.3930e-04 1.5613e-04 2.8156e-06 1.5613e-04 1.7736e-01 0.0000e+00
533 0.0000e+00 1.1380e-04 1.5538e-04 2.5547e-06 1.5538e-04 1.7751e-01 0.0000e+00
534 0.0000e+00 8.0400e-05 1.5464e-04 2.3188e-06 1.5464e-04 1.7767e-01 0.0000e+00
535 0.0000e+00 3.8900e-05 1.5391e-04 2.1052e-06 1.5391e-04 1.7782e-01 0.0000e+00
536 0.0000e+00 0.0000e+00 1.5318e-04 1.9119e-06 1.5318e-04 1.7797e-01 0.0000e+00
537 0.0000e+00 0.0000e+00 1.5246e-04 1.7369e-06 1.5246e-04 1.7812e-01 0.0000e+00
538 0.0000e+00 0.0000e+00 1.5174e-04 1.5784e-06 1.5174e-04 1.7827e-01 0.0000e+00
539 0.0000e+00 0.0000e+00 1.5103e-04 1.4347e-06 1.5103e-04 1.7842e-01 0.0000e+00
540 0.0000e+00 0.0000e+00 1.5033e-04 1.3045e-06 1.5033e-04 1.7857e-01 0.0000e+00
541 0.0000e+00 0.0000e+00 1.4963e-04 1.1864e-06 1.4963e-04 1.7872e-01 0.0000e+00
542 0.0000e+00 0.0000e+00 1.4894e-04 1.0786e-06 1.4894e-04 1.7886e-01 0.0000e+00
543 0.0000e+00 0.0000e+00 1.4825e-04 9.8158e-07 1.4825e-04 1.7901e-01 0.0000e+00
544 0.0000e+00 0.0000e+00 1.4757e-04 8.9349e-07 1.4757e-04 1.7916e-01 0.0000e+00
545 0.0000e+00 0.0000e+00 1.4689e-04 8.1351e-07 1.4689e-04 1.7930e-01 0.0000e+00
546 0.0000e+00 0.0000e+00 1.4622e-04 7.4087e-07 1.4622e-04 1.7945e-01 0.0000e+00
547 0.0000e+00 0.0000e+00 1.4556e-04 6.7488e-07 1.4556e-04 1.7959e-01 0.0000e+00
548 0.0000e+00 0.0000e+00 1.4490e-04 6.1492e-07 1.4490e-04 1.7974e-01 0.0000e+00
549 0.0000e+00 2.0700e-05 1.4425e-04 5.6042e-07 1.4425e-04 1.7988e-01 0.0000e+00
550 0.0000e+00 4.0000e-05 1.4361e-04 5.1087e-07 1.4361e-04 1.8003e-01 0.0000e+00
551 0.0000e+00 5.6600e-05 1.4296e-04 4.6580e-07 1.4296e-04 1.8017e-01 0.0000e+00
552 1.0000e-03 6.9300e-05 1.4233e-04 4.2481e-07 1.4233e-04 1.8031e-01 0.0000e+00
553 1.0000e-03 7.6600e-05 1.4170e-04 3.8652e-07 1.4170e-04 1.8045e-01 0.0000e+00
554 2.0000e-03 8.0000e-05 1.5426e-04 9.5067e-05 1.4108e-04 1.8050e-01 1.3185e-05
555 1.5000e-03 7.6600e-05 1.6645e-04 2.5680e-04 1.4087e-04 1.8038e-01 2.5575e-05
556 0.0000e+00 6.9300e-05 1.4138e-04 2.0398e-04 1.4138e-04 1.8032e-01 0.0000e+00
557 5.0000e-04 5.6600e-05 1.4804e-04 2.2101e-04 1.4166e-04 1.8024e-01 6.3793e-06
558 0.0000e+00 4.0000e-05 1.4201e-04 1.8780e-04 1.4201e-04 1.8019e-01 0.0000e+00
559 0.0000e+00 1.9400e-05 1.4222e-04 1.6385e-04 1.4222e-04 1.8017e-01 0.0000e+00
560 0.0000e+00 0.0000e+00 1.4231e-04 1.4388e-04 1.4231e-04 1.8017e-01 0.0000e+00
561 0.0000e+00 0.0000e+00 1.4232e-04 1.2685e-04 1.4232e-04 1.8019e-01 0.0000e+00
562 0.0000e+00 0.0000e+00 1.4225e-04 1.1215e-04 1.4225e-04 1.8022e-01 0.0000e+00
563 0.0000e+00 0.0000e+00 1.4212e-04 9.9369e-05 1.4212e-04 1.8026e-01 0.0000e+00
564 0.0000e+00 0.0000e+00 1.4193e-04 8.8209e-05 1.4193e-04 1.8031e-01 0.0000e+00
565 5.0000e-04 0.0000e+00 1.4861e-04 1.2818e-04 1.4169e-04 1.8033e-01 6.9174e-06
566 0.0000e+00 0.0000e+00 1.4163e-04 1.0809e-04 1.4163e-04 1.8036e-01 0.0000e+00
567 0.0000e+00 0.0000e+00 1.4148e-04 9.4919e-05 1.4148e-04 1.8041e-01 0.0000e+00
568 0.0000e+00 0.0000e+00 1.4127e-04 8.3922e-05 1.4127e-04 1.8046e-01 0.0000e+00
569 0.0000e+00 0.0000e+00 1.4102e-04 7.4457e-05 1.4102e-04 1.8053e-01 0.0000e+00
570 0.0000e+00 0.0000e+00 1.4073e-04 6.6209e-05 1.4073e-04 1.8060e-01 0.0000e+00
571 0.0000e+00 0.0000e+00 1.4040e-04 5.8978e-05 1.4040e-04 1.8069e-01 0.0000e+00
572 0.0000e+00 0.0000e+00 1.4004e-04 5.2613e-05 1.4004e-04 1.8077e-01 0.0000e+00
573 3.0000e-03 3.0500e-05 1.9369e-04 4.3405e-04 1.3966e-04 1.8048e-01 5.4031e-05
574 1.0000e-03 5.8900e-05 1.5841e-04 4.6641e-04 1.4095e-04 1.8015e-01 1.7461e-05
575 2.5000e-03 8.3300e-05 1.8636e-04 7.0676e-04 1.4239e-04 1.7959e-01 4.3965e-05
576 3.5000e-03 1.0200e-04 2.0646e-04 1.0290e-03 1.4493e-04 1.7871e-01 6.1536e-05
577 1.5000e-03 1.1290e-04 1.7417e-04 1.0348e-03 1.4899e-04 1.7782e-01 2.5178e-05
578 0.0000e+00 1.1780e-04 1.5317e-04 8.8088e-04 1.5317e-04 1.7709e-01 0.0000e+00
579 0.0000e+00 1.1290e-04 1.5669e-04 7.6945e-04 1.5669e-04 1.7648e-01 0.0000e+00
580 0.0000e+00 1.0200e-04 1.5972e-04 6.7623e-04 1.5972e-04 1.7596e-01 0.0000e+00
581 0.0000e+00 8.3300e-05 1.6232e-04 5.9620e-04 1.6232e-04 1.7553e-01 0.0000e+00
582 0.0000e+00 5.8900e-05 1.6454e-04 5.2680e-04 1.6454e-04 1.7517e-01 0.0000e+00
583 0.0000e+00 2.8500e-05 1.6641e-04 4.6628e-04 1.6641e-04 1.7487e-01 0.0000e+00
584 0.0000e+00 0.0000e+00 1.6798e-04 4.1331e-04 1.6798e-04 1.7462e-01 0.0000e+00
585 0.0000e+00 0.0000e+00 1.6927e-04 3.6681e-04 1.6927e-04 1.7442e-01 0.0000e+00
586 0.0000e+00 0.0000e+00 1.7032e-04 3.2589e-04 1.7032e-04 1.7427e-01 0.0000e+00
587 0.0000e+00 0.0000e+00 1.7115e-04 2.8982e-04 1.7115e-04 1.7415e-01 0.0000e+00
588 0.0000e+00 0.0000e+00 1.7178e-04 2.5798e-04 1.7178e-04 1.7406e-01 0.0000e+00
589 5.0000e-04 0.0000e+00 1.7225e-04 2.2984e-04 1.7225e-04 1.7401e-01 0.0000e+00
590 0.0000e+00 0.0000e+00 1.7256e-04 2.0493e-04 1.7256e-04 1.7397e-01 0.0000e+00
591 0.0000e+00 0.0000e+00 1.7273e-04 1.8286e-04 1.7273e-04 1.7396e-01 0.0000e+00
592 5.0000e-04 0.0000e+00 1.8079e-04 2.1520e-04 1.7279e-04 1.7392e-01 8.0037e-06
593 0.0000e+00 0.0000e+00 1.7302e-04 1.8506e-04 1.7302e-04 1.7391e-01 0.0000e+00
594 1.0000e-03 0.0000e+00 1.9708e-04 2.9518e-04 1.7308e-04 1.7379e-01 2.3999e-05
595 0.0000e+00 0.0000e+00 1.7374e-04 2.4707e-04 1.7374e-04 1.7371e-01 0.0000e+00
596 0.0000e+00 0.0000e+00 1.7414e-04 2.1672e-04 1.7414e-04 1.7367e-01 0.0000e+00
597 0.0000e+00 6.2600e-05 1.7437e-04 1.9104e-04 1.7437e-04 1.7365e-01 0.0000e+00
598 0.0000e+00 1.2080e-04 1.7446e-04 1.6899e-04 1.7446e-04 1.7366e-01 0.0000e+00
599 0.0000e+00 1.7090e-04 1.7443e-04 1.4986e-04 1.7443e-04 1.7368e-01 0.0000e+00
600 0.0000e+00 2.0930e-04 1.7430e-04 1.3315e-04 1.7430e-04 1.7372e-01 0.0000e+00
601 0.0000e+00 2.3150e-04 1.7408e-04 1.1850e-04 1.7408e-04 1.7378e-01 0.0000e+00
602 0.0000e+00 2.4180e-04 1.7377e-04 1.0560e-04 1.7377e-04 1.7385e-01 0.0000e+00
603 0.0000e+00 2.3150e-04 1.7340e-04 9.4212e-05 1.7340e-04 1.7393e-01 0.0000e+00
604 0.0000e+00 2.0930e-04 1.7298e-04 8.4142e-05 1.7298e-04 1.7402e-01 0.0000e+00
605 0.0000e+00 1.7090e-04 1.7250e-04 7.5220e-05 1.7250e-04 1.7411e-01 0.0000e+00
606 0.0000e+00 1.2080e-04 1.7197e-04 6.7302e-05 1.7197e-04 1.7422e-01 0.0000e+00
607 0.0000e+00 5.8500e-05 1.7141e-04 6.0267e-05 1.7141e-04 1.7433e-01 0.0000e+00
608 0.0000e+00 0.0000e+00 1.7082e-04 5.4010e-05 1.7082e-04 1.7445e-01 0.0000e+00
609 0.0000e+00 0.0000e+00 1.7019e-04 4.8437e-05 1.7019e-04 1.7457e-01 0.0000e+00
610 0.0000e+00 0.0000e+00 1.6955e-04 4.3469e-05 1.6955e-04 1.7469e-01 0.0000e+00
611 0.0000e+00 0.0000e+00 1.6888e-04 3.9036e-05 1.6888e-04 1.7482e-01 0.0000e+00
612 0.0000e+00 0.0000e+00 1.6820e-04 3.5078e-05 1.6820e-04 1.7496e-01 0.0000e+00
613 0.0000e+00 0.0000e+00 1.6750e-04 3.1540e-05 1.6750e-04 1.7509e-01 0.0000e+00
614 0.0000e+00 0.0000e+00 1.6679e-04 2.8375e-05 1.6679e-04 1.7523e-01 0.0000e+00
615 0.0000e+00 0.0000e+00 1.6607e-04 2.5542e-05 1.6607e-04 1.7537e-01 0.0000e+00
616 0.0000e+00 0.0000e+00 1.6534e-04 2.3004e-05 1.6534e-04 1.7551e-01 0.0000e+00
617 0.0000e+00 0.0000e+00 1.6461e-04 2.0729e-05 1.6461e-04 1.7566e-01 0.0000e+00
618 0.0000e+00 0.0000e+00 1.6387e-04 1.8689e-05 1.6387e-04 1.7580e-01 0.0000e+00
619 0.0000e+00 0.0000e+00 1.6313e-04 1.6858e-05 1.6313e-04 1.7595e-01 0.0000e+00
620 0.0000e+00 0.0000e+00 1.6238e-04 1.5213e-05 1.6238e-04 1.7610e-01 0.0000e+00
621 0.0000e+00 1.4200e-05 1.6164e-04 1.3735e-05 1.6164e-04 1.7625e-01 0.0000e+00
622 0.0000e+00 2.7500e-05 1.6089e-04 1.2407e-05 1.6089e-04 1.7639e-01 0.0000e+00
623 0.0000e+00 3.8900e-05 1.6015e-04 1.1211e-05 1.6015e-04 1.7654e-01 0.0000e+00
624 1.0000e-03 4.7600e-05 1.5940e-04 1.0135e-05 1.5940e-04 1.7669e-01 0.0000e+00
625 1.0000e-03 5.2700e-05 1.6005e-04 1.9516e-05 1.5866e-04 1.7683e-01 1.3924e-06
626 3.0000e-03 5.5000e-05 2.1106e-04 4.1009e-04 1.5797e-04 1.7658e-01 5.3082e-05
627 2.0000e-03 5.2700e-05 1.9425e-04 5.7166e-04 1.5922e-04 1.7617e-01 3.5030e-05
628 1.5000e-03 4.7600e-05 1.8736e-04 6.5745e-04 1.6129e-04 1.7567e-01 2.6066e-05
629 3.5000e-03 3.8900e-05 2.3573e-04 1.0013e-03 1.6381e-04 1.7483e-01 7.1916e-05
630 4.0000e-03 2.7500e-05 2.5977e-04 1.3434e-03 1.6815e-04 1.7366e-01 9.1618e-05
631 5.0000e-03 1.3300e-05 3.0059e-04 1.7676e-03 1.7444e-04 1.7206e-01 1.2614e-04
632 0.0000e+00 0.0000e+00 1.8335e-04 1.4882e-03 1.8335e-04 1.7076e-01 0.0000e+00
633 0.0000e+00 0.0000e+00 1.9098e-04 1.2970e-03 1.9098e-04 1.6965e-01 0.0000e+00
634 1.0000e-03 0.0000e+00 2.2273e-04 1.2672e-03 1.9770e-04 1.6858e-01 2.5031e-05
635 2.5000e-03 0.0000e+00 2.6784e-04 1.4375e-03 2.0442e-04 1.6735e-01 6.3421e-05
636 3.5000e-03 0.0000e+00 3.0124e-04 1.7066e-03 2.1245e-04 1.6586e-01 8.8790e-05
637 3.0000e-03 0.0000e+00 2.9871e-04 1.8623e-03 2.2260e-04 1.6422e-01 7.6105e-05
638 0.0000e+00 0.0000e+00 2.3430e-04 1.5857e-03 2.3430e-04 1.6287e-01 0.0000e+00
639 5.0000e-04 0.0000e+00 2.5710e-04 1.4530e-03 2.4441e-04 1.6166e-01 1.2684e-05
640 0.0000e+00 0.0000e+00 2.5382e-04 1.2640e-03 2.5382e-04 1.6065e-01 0.0000e+00
641 5.0000e-04 0.0000e+00 2.7464e-04 1.1796e-03 2.6196e-04 1.5973e-01 1.2684e-05
642 0.0000e+00 0.0000e+00 2.6958e-04 1.0265e-03 2.6958e-04 1.5897e-01 0.0000e+00
643 5.0000e-04 0.0000e+00 2.8872e-04 9.7374e-04 2.7603e-04 1.5827e-01 1.2684e-05
644 0.0000e+00 0.0000e+00 2.8212e-04 8.4561e-04 2.8212e-04 1.5771e-01 0.0000e+00
645 0.0000e+00 1.6900e-05 2.8713e-04 7.4181e-04 2.8713e-04 1.5726e-01 0.0000e+00
646 0.0000e+00 3.2600e-05 2.9124e-04 6.5200e-04 2.9124e-04 1.5690e-01 0.0000e+00
647 0.0000e+00 4.6100e-05 2.9454e-04 5.7373e-04 2.9454e-04 1.5662e-01 0.0000e+00
648 0.0000e+00 5.6400e-05 2.9712e-04 5.0536e-04 2.9712e-04 1.5641e-01 0.0000e+00
649 0.0000e+00 6.2400e-05 2.9906e-04 4.4555e-04 2.9906e-04 1.5626e-01 0.0000e+00
650 0.0000e+00 6.5200e-05 3.0043e-04 3.9316e-04 3.0043e-04 1.5617e-01 0.0000e+00
651 0.0000e+00 6.2400e-05 3.0131e-04 3.4723e-04 3.0131e-04 1.5612e-01 0.0000e+00
652 0.0000e+00 5.6400e-05 3.0174e-04 3.0692e-04 3.0174e-04 1.5612e-01 0.0000e+00
653 0.0000e+00 4.6100e-05 3.0179e-04 2.7152e-04 3.0179e-04 1.5615e-01 0.0000e+00
654 0.0000e+00 3.2600e-05 3.0150e-04 2.4039e-04 3.0150e-04 1.5621e-01 0.0000e+00
655 0.0000e+00 1.5800e-05 3.0093e-04 2.1301e-04 3.0093e-04 1.5630e-01 0.0000e+00
656 0.0000e+00 0.0000e+00 3.0010e-04 1.8889e-04 3.0010e-04 1.5641e-01 0.0000e+00
657 0.0000e+00 0.0000e+00 2.9906e-04 1.6764e-04 2.9906e-04 1.5654e-01 0.0000e+00
658 0.0000e+00 0.0000e+00 2.9783e-04 1.4889e-04 2.9783e-04 1.5669e-01 0.0000e+00
659 0.0000e+00 0.0000e+00 2.9645e-04 1.3233e-04 2.9645e-04 1.5685e-01 0.0000e+00
660 0.0000e+00 0.0000e+00 2.9493e-04 1.1771e-04 2.9493e-04 1.5703e-01 0.0000e+00
661 0.0000e+00 0.0000e+00 2.9331e-04 1.0478e-04 2.9331e-04 1.5722e-01 0.0000e+00
662 0.0000e+00 0.0000e+00 2.9158e-04 9.3331e-05 2.9158e-04 1.5742e-01 0.0000e+00
663 0.0000e+00 0.0000e+00 2.8978e-04 8.3193e-05 2.8978e-04 1.5762e-01 0.0000e+00
664 0.0000e+00 0.0000e+00 2.8792e-04 7.4207e-05 2.8792e-04 1.5784e-01 0.0000e+00
665 0.0000e+00 0.0000e+00 2.8600e-04 6.6235e-05 2.8600e-04 1.5806e-01 0.0000e+00
666 5.0000e-04 0.0000e+00 2.8428e-04 6.0532e-05 2.8404e-04 1.5828e-01 2.3518e-07
667 0.0000e+00 0.0000e+00 2.8207e-04 5.3873e-05 2.8207e-04 1.5851e-01 0.0000e+00
668 5.0000e-04 0.0000e+00 2.9275e-04 1.2191e-04 2.8006e-04 1.5867e-01 1.2684e-05
669 5.0000e-04 1.5300e-05 2.9136e-04 1.7070e-04 2.7868e-04 1.5877e-01 1.2684e-05
670 0.0000e+00 2.9500e-05 2.7774e-04 1.3781e-04 2.7774e-04 1.5891e-01 0.0000e+00
671 1.0000e-03 4.1700e-05 3.0076e-04 2.5886e-04 2.7653e-04 1.5893e-01 2.4232e-05
672 0.0000e+00 5.1100e-05 2.7638e-04 2.0609e-04 2.7638e-04 1.5900e-01 0.0000e+00
673 0.0000e+00 5.6500e-05 2.7577e-04 1.7641e-04 2.7577e-04 1.5910e-01 0.0000e+00
674 0.0000e+00 5.9000e-05 2.7492e-04 1.5267e-04 2.7492e-04 1.5922e-01 0.0000e+00
675 5.0000e-04 5.6500e-05 2.8128e-04 1.7563e-04 2.7387e-04 1.5932e-01 7.4082e-06
676 5.0000e-04 5.1100e-05 2.8428e-04 2.1246e-04 2.7303e-04 1.5938e-01 1.1251e-05
677 0.0000e+00 4.1700e-05 2.7251e-04 1.7593e-04 2.7251e-04 1.5948e-01 0.0000e+00
678 0.0000e+00 2.9500e-05 2.7169e-04 1.5200e-04 2.7169e-04 1.5960e-01 0.0000e+00
679 1.0000e-03 1.4300e-05 2.9294e-04 2.6047e-04 2.7068e-04 1.5961e-01 2.2268e-05
680 1.0000e-03 0.0000e+00 2.9560e-04 3.5423e-04 2.7059e-04 1.5953e-01 2.5006e-05
681 0.0000e+00 0.0000e+00 2.7130e-04 2.8731e-04 2.7130e-04 1.5951e-01 0.0000e+00
682 0.0000e+00 0.0000e+00 2.7143e-04 2.4640e-04 2.7143e-04 1.5953e-01 0.0000e+00
683 0.0000e+00 0.0000e+00 2.7122e-04 2.1337e-04 2.7122e-04 1.5959e-01 0.0000e+00
684 0.0000e+00 0.0000e+00 2.7073e-04 1.8570e-04 2.7073e-04 1.5968e-01 0.0000e+00
685 0.0000e+00 0.0000e+00 2.7001e-04 1.6216e-04 2.7001e-04 1.5979e-01 0.0000e+00
686 0.0000e+00 0.0000e+00 2.6911e-04 1.4200e-04 2.6911e-04 1.5991e-01 0.0000e+00
687 0.0000e+00 0.0000e+00 2.6804e-04 1.2462e-04 2.6804e-04 1.6006e-01 0.0000e+00
688 0.0000e+00 0.0000e+00 2.6684e-04 1.0958e-04 2.6684e-04 1.6021e-01 0.0000e+00
689 0.0000e+00 0.0000e+00 2.6553e-04 9.6527e-05 2.6553e-04 1.6038e-01 0.0000e+00
690 0.0000e+00 0.0000e+00 2.6413e-04 8.5160e-05 2.6413e-04 1.6056e-01 0.0000e+00
691 0.0000e+00 0.0000e+00 2.6266e-04 7.5237e-05 2.6266e-04 1.6075e-01 0.0000e+00
692 0.0000e+00 0.0000e+00 2.6113e-04 6.6558e-05 2.6113e-04 1.6094e-01 0.0000e+00
693 0.0000e+00 5.6100e-05 2.5954e-04 5.8952e-05 2.5954e-04 1.6114e-01 0.0000e+00
694 0.0000e+00 1.0830e-04 2.5792e-04 5.2275e-05 2.5792e-04 1.6135e-01 0.0000e+00
695 0.0000e+00 1.5320e-04 2.5627e-04 4.6403e-05 2.5627e-04 1.6156e-01 0.0000e+00
696 0.0000e+00 1.8770e-04 2.5459e-04 4.1233e-05 2.5459e-04 1.6177e-01 0.0000e+00
697 0.0000e+00 2.0760e-04 2.5290e-04 3.6674e-05 2.5290e-04 1.6199e-01 0.0000e+00
698 0.0000e+00 2.1680e-04 2.5120e-04 3.2649e-05 2.5120e-04 1.6221e-01 0.0000e+00
699 0.0000e+00 2.0760e-04 2.4949e-04 2.9092e-05 2.4949e-04 1.6243e-01 0.0000e+00
700 5.0000e-04 1.8770e-04 2.4778e-04 2.5943e-05 2.4778e-04 1.6265e-01 0.0000e+00
701 0.0000e+00 1.5320e-04 2.4606e-04 2.3154e-05 2.4606e-04 1.6287e-01 0.0000e+00
702 0.0000e+00 1.0830e-04 2.4436e-04 2.0680e-05 2.4436e-04 1.6310e-01 0.0000e+00
703 0.0000e+00 5.2400e-05 2.4265e-04 1.8485e-05 2.4265e-04 1.6332e-01 0.0000e+00
704 0.0000e+00 0.0000e+00 2.4096e-04 1.6534e-05 2.4096e-04 1.6354e-01 0.0000e+00
705 0.0000e+00 0.0000e+00 2.3928e-04 1.4799e-05 2.3928e-04 1.6377e-01 0.0000e+00
706 0.0000e+00 0.0000e+00 2.3760e-04 1.3255e-05 2.3760e-04 1.6399e-01 0.0000e+00
707 0.0000e+00 0.0000e+00 2.3594e-04 1.1879e-05 2.3594e-04 1.6422e-01 0.0000e+00
708 0.0000e+00 0.0000e+00 2.3430e-04 1.0653e-05 2.3430e-04 1.6444e-01 0.0000e+00
709 0.0000e+00 0.0000e+00 2.3267e-04 9.5592e-06 2.3267e-04 1.6466e-01 0.0000e+00
710 0.0000e+00 0.0000e+00 2.3105e-04 8.5827e-06 2.3105e-04 1.6489e-01 0.0000e+00
711 0.0000e+00 0.0000e+00 2.2945e-04 7.7101e-06 2.2945e-04 1.6511e-01 0.0000e+00
712 0.0000e+00 0.0000e+00 2.2786e-04 6.9301e-06 2.2786e-04 1.6533e-01 0.0000e+00
713 0.0000e+00 0.0000e+00 2.2630e-04 6.2322e-06 2.2630e-04 1.6555e-01 0.0000e+00
714 0.0000e+00 0.0000e+00 2.2475e-04 5.6075e-06 2.2475e-04 1.6577e-01 0.0000e+00
715 0.0000e+00 0.0000e+00 2.2321e-04 5.0479e-06 2.2321e-04 1.6599e-01 0.0000e+00
716 0.0000e+00 0.0000e+00 2.2170e-04 4.5463e-06 2.2170e-04 1.6620e-01 0.0000e+00
717 0.0000e+00 8.5600e-05 2.2020e-04 4.0959e-06 2.2020e-04 1.6642e-01 0.0000e+00
718 0.0000e+00 1.6520e-04 2.1871e-04 3.6924e-06 2.1871e-04 1.6664e-01 0.0000e+00
719 0.0000e+00 2.3380e-04 2.1725e-04 3.3301e-06 2.1725e-04 1.6685e-01 0.0000e+00
720 0.0000e+00 2.8620e-04 2.1580e-04 3.0047e-06 2.1580e-04 1.6706e-01 0.0000e+00
721 0.0000e+00 3.1670e-04 2.1437e-04 2.7122e-06 2.1437e-04 1.6727e-01 0.0000e+00
722 0.0000e+00 3.3060e-04 2.1296e-04 2.4492e-06 2.1296e-04 1.6748e-01 0.0000e+00
723 0.0000e+00 3.1670e-04 2.1156e-04 2.2126e-06 2.1156e-04 1.6769e-01 0.0000e+00
724 0.0000e+00 2.8620e-04 2.1018e-04 1.9997e-06 2.1018e-04 1.6790e-01 0.0000e+00
725 0.0000e+00 2.3380e-04 2.0882e-04 1.8079e-06 2.0882e-04 1.6811e-01 0.0000e+00
726 0.0000e+00 1.6520e-04 2.0747e-04 1.6351e-06 2.0747e-04 1.6831e-01 0.0000e+00
727 0.0000e+00 8.0000e-05 2.0614e-04 1.4794e-06 2.0614e-04 1.6852e-01 0.0000e+00
728 0.0000e+00 0.0000e+00 2.0483e-04 1.3382e-06 2.0483e-04 1.6872e-01 0.0000e+00
729 0.0000e+00 0.0000e+00 2.0353e-04 1.2117e-06 2.0353e-04 1.6892e-01 0.0000e+00
730 0.0000e+00 0.0000e+00 2.0225e-04 1.0975e-06 2.0225e-04 1.6913e-01 0.0000e+00
731 0.0000e+00 0.0000e+00 2.0098e-04 9.9442e-07 2.0098e-04 1.6933e-01 0.0000e+00
732 0.0000e+00 0.0000e+00 1.9973e-04 9.0131e-07 1.9973e-04 1.6952e-01 0.0000e+00
733 0.0000e+00 0.0000e+00 1.9849e-04 8.1717e-07 1.9849e-04 1.6972e-01 0.0000e+00
734 0.0000e+00 0.0000e+00 1.9727e-04 7.4112e-07 1.9727e-04 1.6992e-01 0.0000e+00
735 0.0000e+00 0.0000e+00 1.9606e-04 6.7236e-07 1.9606e-04 1.7011e-01 0.0000e+00
736 0.0000e+00 0.0000e+00 1.9487e-04 6.1016e-07 1.9487e-04 1.7031e-01 0.0000e+00
737 0.0000e+00 0.0000e+00 1.9369e-04 5.5388e-07 1.9369e-04 1.7050e-01 0.0000e+00
738 0.0000e+00 0.0000e+00 1.9252e-04 5.0293e-07 1.9252e-04 1.7069e-01 0.0000e+00
739 0.0000e+00 0.0000e+00 1.9137e-04 4.5578e-07 1.9137e-04 1.7088e-01 0.0000e+00
740 0.0000e+00 0.0000e+00 1.9023e-04 4.1415e-07 1.9023e-04 1.7107e-01 0.0000e+00
741 0.0000e+00 7.4700e-05 1.8911e-04 3.7643e-07 1.8911e-04 1.7126e-01 0.0000e+00
742 0.0000e+00 1.4410e-04 1.8799e-04 3.4223e-07 1.8799e-04 1.7145e-01 0.0000e+00
743 0.0000e+00 2.0380e-04 1.8690e-04 3.1122e-07 1.8690e-04 1.7164e-01 0.0000e+00
744 0.0000e+00 2.4960e-04 1.8581e-04 2.8309e-07 1.8581e-04 1.7182e-01 0.0000e+00
745 0.0000e+00 2.7610e-04 1.8473e-04 2.5757e-07 1.8473e-04 1.7201e-01 0.0000e+00
746 0.0000e+00 2.8830e-04 1.8367e-04 2.3441e-07 1.8367e-04 1.7219e-01 0.0000e+00
747 0.0000e+00 2.7610e-04 1.8262e-04 2.1338e-07 1.8262e-04 1.7237e-01 0.0000e+00
748 0.0000e+00 2.4960e-04 1.8159e-04 1.9429e-07 1.8159e-04 1.7255e-01 0.0000e+00
749 0.0000e+00 2.0380e-04 1.8056e-04 1.7538e-07 1.8056e-04 1.7274e-01 0.0000e+00
750 0.0000e+00 1.4410e-04 1.7954e-04 1.5983e-07 1.7954e-04 1.7291e-01 0.0000e+00
751 0.0000e+00 6.9800e-05 1.7854e-04 1.4568e-07 1.7854e-04 1.7309e-01 0.0000e+00
752 0.0000e+00 0.0000e+00 1.7755e-04 1.3282e-07 1.7755e-04 1.7327e-01 0.0000e+00
753 0.0000e+00 0.0000e+00 1.7657e-04 1.2112e-07 1.7657e-04 1.7345e-01 0.0000e+00
754 0.0000e+00 0.0000e+00 1.7560e-04 1.1047e-07 1.7560e-04 1.7362e-01 0.0000e+00
755 0.0000e+00 0.0000e+00 1.7463e-04 1.0077e-07 1.7463e-04 1.7380e-01 0.0000e+00
756 0.0000e+00 0.0000e+00 1.7368e-04 9.1949e-08 1.7368e-04 1.7397e-01 0.0000e+00
757 0.0000e+00 0.0000e+00 1.7275e-04 8.3914e-08 1.7275e-04 1.7414e-01 0.0000e+00
758 0.0000e+00 0.0000e+00 1.7182e-04 7.6596e-08 1.7182e-04 1.7431e-01 0.0000e+00
759 0.0000e+00 0.0000e+00 1.7090e-04 6.9930e-08 1.7090e-04 1.7449e-01 0.0000e+00
760 0.0000e+00 0.0000e+00 1.6999e-04 6.2243e-08 1.6999e-04 1.7466e-01 0.0000e+00
761 0.0000e+00 0.0000e+00 1.6909e-04 5.6893e-08 1.6909e-04 1.7482e-01 0.0000e+00
762 0.0000e+00 0.0000e+00 1.6820e-04 5.2012e-08 1.6820e-04 1.7499e-01 0.0000e+00
763 0.0000e+00 0.0000e+00 1.6731e-04 4.7558e-08 1.6731e-04 1.7516e-01 0.0000e+00
764 0.0000e+00 0.0000e+00 1.6644e-04 4.3491e-08 1.6644e-04 1.7533e-01 0.0000e+00
765 0.0000e+00 9.6700e-05 1.6558e-04 3.9779e-08 1.6558e-04 1.7549e-01 0.0000e+00
766 0.0000e+00 1.8660e-04 1.6472e-04 3.6389e-08 1.6472e-04 1.7566e-01 0.0000e+00
767 0.0000e+00 2.6400e-04 1.6388e-04 3.3293e-08 1.6388e-04 1.7582e-01 0.0000e+00
768 0.0000e+00 3.2330e-04 1.6304e-04 3.0466e-08 1.6304e-04 1.7598e-01 0.0000e+00
769 0.0000e+00 3.5770e-04 1.6221e-04 2.7882e-08 1.6221e-04 1.7615e-01 0.0000e+00
770 0.0000e+00 3.7350e-04 1.6139e-04 2.5522e-08 1.6139e-04 1.7631e-01 0.0000e+00
771 0.0000e+00 3.5770e-04 1.6058e-04 2.1821e-08 1.6058e-04 1.7647e-01 0.0000e+00
772 0.0000e+00 3.2330e-04 1.5978e-04 2.0009e-08 1.5978e-04 1.7663e-01 0.0000e+00
773 0.0000e+00 2.6400e-04 1.5898e-04 1.8349e-08 1.5898e-04 1.7679e-01 0.0000e+00
774 0.0000e+00 1.8660e-04 1.5819e-04 1.6829e-08 1.5819e-04 1.7694e-01 0.0000e+00
775 0.0000e+00 9.0400e-05 1.5741e-04 1.5436e-08 1.5741e-04 1.7710e-01 0.0000e+00
776 0.0000e+00 0.0000e+00 1.5664e-04 1.4161e-08 1.5664e-04 1.7726e-01 0.0000e+00
777 0.0000e+00 0.0000e+00 1.5588e-04 1.2992e-08 1.5588e-04 1.7741e-01 0.0000e+00
778 0.0000e+00 0.0000e+00 1.5512e-04 1.1921e-08 1.5512e-04 1.7757e-01 0.0000e+00
779 0.0000e+00 0.0000e+00 1.5437e-04 1.0940e-08 1.5437e-04 1.7772e-01 0.0000e+00
780 0.0000e+00 0.0000e+00 1.5363e-04 1.0041e-08 1.5363e-04 1.7788e-01 0.0000e+00
781 0.0000e+00 0.0000e+00 1.5289e-04 9.2162e-09 1.5289e-04 1.7803e-01 0.0000e+00
782 0.0000e+00 0.0000e+00 1.5216e-04 7.0512e-09 1.5216e-04 1.7818e-01 0.0000e+00
783 0.0000e+00 0.0000e+00 1.5144e-04 6.4893e-09 1.5144e-04 1.7833e-01 0.0000e+00
784 0.0000e+00 0.0000e+00 1.5073e-04 5.9727e-09 1.5073e-04 1.7848e-01 0.0000e+00
785 0.0000e+00 0.0000e+00 1.5002e-04 5.4977e-09 1.5002e-04 1.7863e-01 0.0000e+00
786 0.0000e+00 0.0000e+00 1.4932e-04 5.0609e-09 1.4932e-04 1.7878e-01 0.0000e+00
787 0.0000e+00 0.0000e+00 1.4862e-04 4.6592e-09 1.4862e-04 1.7893e-01 0.0000e+00
788 0.0000e+00 0.0000e+00 1.4793e-04 4.2897e-09 1.4793e-04 1.7908e-01 0.0000e+00
789 0.0000e+00 1.2590e-04 1.4725e-04 3.9499e-09 1.4725e-04 1.7923e-01 0.0000e+00
790 0.0000e+00 2.4290e-04 1.4657e-04 3.6372e-09 1.4657e-04 1.7937e-01 0.0000e+00
791 0.0000e+00 3.4370e-04 1.4590e-04 3.3496e-09 1.4590e-04 1.7952e-01 0.0000e+00
792 0.0000e+00 4.2090e-04 1.4524e-04 3.0850e-09 1.4524e-04 1.7967e-01 0.0000e+00
793 0.0000e+00 4.6560e-04 1.4458e-04 2.8416e-09 1.4458e-04 1.7981e-01 0.0000e+00
794 0.0000e+00 4.8620e-04 1.4393e-04 1.7231e-09 1.4393e-04 1.7995e-01 0.0000e+00
795 0.0000e+00 4.6560e-04 1.4328e-04 1.5926e-09 1.4328e-04 1.8010e-01 0.0000e+00
796 0.0000e+00 4.2090e-04 1.4264e-04 1.4721e-09 1.4264e-04 1.8024e-01 0.0000e+00
797 0.0000e+00 3.4370e-04 1.4201e-04 1.3608e-09 1.4201e-04 1.8038e-01 0.0000e+00
798 0.0000e+00 2.4290e-04 1.4138e-04 1.2580e-09 1.4138e-04 1.8052e-01 0.0000e+00
799 0.0000e+00 1.1760e-04 1.4076e-04 1.1631e-09 1.4076e-04 1.8066e-01 0.0000e+00
800 0.0000e+00 0.0000e+00 1.4014e-04 1.0753e-09 1.4014e-04 1.8080e-01 0.0000e+00
801 0.0000e+00 0.0000e+00 1.3953e-04 9.9427e-10 1.3953e-04 1.8094e-01 0.0000e+00
802 0.0000e+00 0.0000e+00 1.3892e-04 9.1937e-10 1.3892e-04 1.8108e-01 0.0000e+00
803 0.0000e+00 0.0000e+00 1.3832e-04 8.5017e-10 1.3832e-04 1.8122e-01 0.0000e+00
804 0.0000e+00 0.0000e+00 1.3772e-04 7.8622e-10 1.3772e-04 1.8136e-01 0.0000e+00
805 0.0000e+00 0.0000e+00 1.3713e-04 3.1251e-10 1.3713e-04 1.8150e-01 0.0000e+00
806 0.0000e+00 0.0000e+00 1.3654e-04 2.9016e-10 1.3654e-04 1.8163e-01 0.0000e+00
807 0.0000e+00 0.0000e+00 1.3596e-04 2.6942e-10 1.3596e-04 1.8177e-01 0.0000e+00
808 0.0000e+00 0.0000e+00 1.3539e-04 2.5017e-10 1.3539e-04 1.8190e-01 0.0000e+00
809 0.0000e+00 0.0000e+00 1.3481e-04 2.3230e-10 1.3481e-04 1.8204e-01 0.0000e+00
810 0.0000e+00 0.0000e+00 1.3425e-04 2.1572e-10 1.3425e-04 1.8217e-01 0.0000e+00
811 0.0000e+00 0.0000e+00 1.3369e-04 2.0033e-10 1.3369e-04 1.8231e-01 0.0000e+00
812 0.0000e+00 0.0000e+00 1.3313e-04 1.8605e-10 1.3313e-04 1.8244e-01 0.0000e+00
813 0.0000e+00 3.0400e-05 1.3258e-04 1.7280e-10 1.3258e-04 1.8257e-01 0.0000e+00
814 0.0000e+00 5.8700e-05 1.3203e-04 1.6049e-10 1.3203e-04 1.8270e-01 0.0000e+00
815 0.0000e+00 8.3100e-05 1.3148e-04 1.4907e-10 1.3148e-04 1.8284e-01 0.0000e+00
816 0.0000e+00 1.0180e-04 1.3095e-04 2.7217e-11 1.3095e-04 1.8297e-01 0.0000e+00
817 0.0000e+00 1.1260e-04 1.3041e-04 2.5383e-11 1.3041e-04 1.8310e-01 0.0000e+00
818 0.0000e+00 1.1760e-04 1.2988e-04 2.3674e-11 1.2988e-04 1.8323e-01 0.0000e+00
819 0.0000e+00 1.1260e-04 1.2935e-04 2.2081e-11 1.2935e-04 1.8336e-01 0.0000e+00
820 0.0000e+00 1.0180e-04 1.2883e-04 2.0596e-11 1.2883e-04 1.8349e-01 0.0000e+00
821 0.0000e+00 8.3100e-05 1.2831e-04 1.9211e-11 1.2831e-04 1.8361e-01 0.0000e+00
822 0.0000e+00 5.8700e-05 1.2780e-04 1.7920e-11 1.2780e-04 1.8374e-01 0.0000e+00
823 0.0000e+00 2.8400e-05 1.2729e-04 1.6716e-11 1.2729e-04 1.8387e-01 0.0000e+00
824 0.0000e+00 0.0000e+00 1.2679e-04 1.5594e-11 1.2679e-04 1.8400e-01 0.0000e+00
825 0.0000e+00 0.0000e+00 1.2628e-04 1.4547e-11 1.2628e-04 1.8412e-01 0.0000e+00
826 0.0000e+00 0.0000e+00 1.2579e-04 1.3571e-11 1.2579e-04 1.8425e-01 0.0000e+00
827 0.0000e+00 0.0000e+00 1.2529e-04 1.2661e-11 1.2529e-04 1.8437e-01 0.0000e+00
828 0.0000e+00 0.0000e+00 1.2480e-04 0.0000e+00 1.2480e-04 1.8450e-01 0.0000e+00
829 0.0000e+00 0.0000e+00 1.2432e-04 0.0000e+00 1.2432e-04 1.8462e-01 0.0000e+00
830 0.0000e+00 0.0000e+00 1.2384e-04 0.0000e+00 1.2384e-04 1.8475e-01 0.0000e+00
831 0.0000e+00 0.0000e+00 1.2336e-04 0.0000e+00 1.2336e-04 1.8487e-01 0.0000e+00
832 0.0000e+00 0.0000e+00 1.2288e-04 0.0000e+00 1.2288e-04 1.8499e-01 0.0000e+00
833 0.0000e+00 0.0000e+00 1.2241e-04 0.0000e+00 1.2241e-04 1.8511e-01 0.0000e+00
834 0.0000e+00 0.0000e+00 1.2195e-04 0.0000e+00 1.2195e-04 1.8524e-01 0.0000e+00
835 0.0000e+00 0.0000e+00 1.2148e-04 0.0000e+00 1.2148e-04 1.8536e-01 0.0000e+00
836 0.0000e+00 0.0000e+00 1.2102e-04 0.0000e+00 1.2102e-04 1.8548e-01 0.0000e+00
837 0.0000e+00 6.6100e-05 1.2056e-04 0.0000e+00 1.2056e-04 1.8560e-01 0.0000e+00
838 0.0000e+00 1.2750e-04 1.2011e-04 0.0000e+00 1.2011e-04 1.8572e-01 0.0000e+00
839 0.0000e+00 1.8040e-04 1.1966e-04 0.0000e+00 1.1966e-04 1.8584e-01 0.0000e+00
840 0.0000e+00 2.2090e-04 1.1921e-04 0.0000e+00 1.1921e-04 1.8596e-01 0.0000e+00
841 0.0000e+00 2.4430e-04 1.1877e-04 0.0000e+00 1.1877e-04 1.8608e-01 0.0000e+00
842 0.0000e+00 2.5510e-04 1.1833e-04 0.0000e+00 1.1833e-04 1.8620e-01 0.0000e+00
843 0.0000e+00 2.4430e-04 1.1789e-04 0.0000e+00 1.1789e-04 1.8631e-01 0.0000e+00
844 0.0000e+00 2.2090e-04 1.1746e-04 0.0000e+00 1.1746e-04 1.8643e-01 0.0000e+00
845 0.0000e+00 1.8040e-04 1.1703e-04 0.0000e+00 1.1703e-04 1.8655e-01 0.0000e+00
846 0.0000e+00 1.2750e-04 1.1660e-04 0.0000e+00 1.1660e-04 1.8666e-01 0.0000e+00
847 0.0000e+00 6.1700e-05 1.1618e-04 0.0000e+00 1.1618e-04 1.8678e-01 0.0000e+00
848 0.0000e+00 0.0000e+00 1.1576e-04 0.0000e+00 1.1576e-04 1.8690e-01 0.0000e+00
849 0.0000e+00 0.0000e+00 1.1534e-04 0.0000e+00 1.1534e-04 1.8701e-01 0.0000e+00
850 0.0000e+00 0.0000e+00 1.1493e-04 0.0000e+00 1.1493e-04 1.8713e-01 0.0000e+00
851 0.0000e+00 0.0000e+00 1.1451e-04 0.0000e+00 1.1451e-04 1.8724e-01 0.0000e+00
852 0.0000e+00 0.0000e+00 1.1410e-04 0.0000e+00 1.1410e-04 1.8736e-01 0.0000e+00
853 0.0000e+00 0.0000e+00 1.1370e-04 0.0000e+00 1.1370e-04 1.8747e-01 0.0000e+00
854 0.0000e+00 0.0000e+00 1.1329e-04 0.0000e+00 1.1329e-04 1.8758e-01 0.0000e+00
855 0.0000e+00 0.0000e+00 1.1289e-04 0.0000e+00 1.1289e-04 1.8770e-01 0.0000e+00
856 0.0000e+00 0.0000e+00 1.1250e-04 0.0000e+00 1.1250e-04 1.8781e-01 0.0000e+00
857 0.0000e+00 0.0000e+00 1.1210e-04 0.0000e+00 1.1210e-04 1.8792e-01 0.0000e+00
858 0.0000e+00 0.0000e+00 1.1171e-04 0.0000e+00 1.1171e-04 1.8803e-01 0.0000e+00
859 0.0000e+00 0.0000e+00 1.1132e-04 0.0000e+00 1.1132e-04 1.8814e-01 0.0000e+00
860 0.0000e+00 0.0000e+00 1.1093e-04 0.0000e+00 1.1093e-04 1.8825e-01 0.0000e+00
861 0.0000e+00 9.7600e-05 1.1055e-04 0.0000e+00 1.1055e-04 1.8836e-01 0.0000e+00
862 0.0000e+00 1.8830e-04 1.1017e-04 0.0000e+00 1.1017e-04 1.8847e-01 0.0000e+00
863 0.0000e+00 2.6650e-04 1.0979e-04 0.0000e+00 1.0979e-04 1.8858e-01 0.0000e+00
864 0.0000e+00 3.2630e-04 1.0941e-04 0.0000e+00 1.0941e-04 1.8869e-01 0.0000e+00
865 0.0000e+00 3.6100e-04 1.0904e-04 0.0000e+00 1.0904e-04 1.8880e-01 0.0000e+00
866 0.0000e+00 3.7690e-04 1.0867e-04 0.0000e+00 1.0867e-04 1.8891e-01 0.0000e+00
867 0.0000e+00 3.6100e-04 1.0830e-04 0.0000e+00 1.0830e-04 1.8902e-01 0.0000e+00
868 0.0000e+00 3.2630e-04 1.0794e-04 0.0000e+00 1.0794e-04 1.8913e-01 0.0000e+00
869 0.0000e+00 2.6650e-04 1.0757e-04 0.0000e+00 1.0757e-04 1.8924e-01 0.0000e+00
870 0.0000e+00 1.8830e-04 1.0721e-04 0.0000e+00 1.0721e-04 1.8934e-01 0.0000e+00
871 0.0000e+00 9.1200e-05 1.0685e-04 0.0000e+00 1.0685e-04 1.8945e-01 0.0000e+00
872 0.0000e+00 0.0000e+00 1.0650e-04 0.0000e+00 1.0650e-04 1.8956e-01 0.0000e+00
873 0.0000e+00 0.0000e+00 1.0614e-04 0.0000e+00 1.0614e-04 1.8966e-01 0.0000e+00
874 0.0000e+00 0.0000e+00 1.0579e-04 0.0000e+00 1.0579e-04 1.8977e-01 0.0000e+00
875 0.0000e+00 0.0000e+00 1.0544e-04 0.0000e+00 1.0544e-04 1.8987e-01 0.0000e+00
876 0.0000e+00 0.0000e+00 1.0509e-04 0.0000e+00 1.0509e-04 1.8998e-01 0.0000e+00
877 0.0000e+00 0.0000e+00 1.0475e-04 0.0000e+00 1.0475e-04 1.9008e-01 0.0000e+00
878 0.0000e+00 0.0000e+00 1.0441e-04 0.0000e+00 1.0441e-04 1.9019e-01 0.0000e+00
879 0.0000e+00 0.0000e+00 1.0407e-04 0.0000e+00 1.0407e-04 1.9029e-01 0.0000e+00
880 0.0000e+00 0.0000e+00 1.0373e-04 0.0000e+00 1.0373e-04 1.9040e-01 0.0000e+00
881 0.0000e+00 0.0000e+00 1.0339e-04 0.0000e+00 1.0339e-04 1.9050e-01 0.0000e+00
882 0.0000e+00 0.0000e+00 1.0306e-04 0.0000e+00 1.0306e-04 1.9060e-01 0.0000e+00
883 0.0000e+00 0.0000e+00 1.0273e-04 0.0000e+00 1.0273e-04 1.9070e-01 0.0000e+00
884 0.0000e+00 0.0000e+00 1.0240e-04 0.0000e+00 1.0240e-04 1.9081e-01 0.0000e+00
885 0.0000e+00 6.4300e-05 1.0207e-04 0.0000e+00 1.0207e-04 1.9091e-01 0.0000e+00
886 0.0000e+00 1.2410e-04 1.0175e-04 0.0000e+00 1.0175e-04 1.9101e-01 0.0000e+00
887 0.0000e+00 1.7560e-04 1.0142e-04 0.0000e+00 1.0142e-04 1.9111e-01 0.0000e+00
888 0.0000e+00 2.1500e-04 1.0110e-04 0.0000e+00 1.0110e-04 1.9121e-01 0.0000e+00
889 0.0000e+00 2.3790e-04 1.0078e-04 0.0000e+00 1.0078e-04 1.9131e-01 0.0000e+00
890 0.0000e+00 2.4840e-04 1.0047e-04 0.0000e+00 1.0047e-04 1.9141e-01 0.0000e+00
891 0.0000e+00 2.3790e-04 1.0015e-04 0.0000e+00 1.0015e-04 1.9151e-01 0.0000e+00
892 0.0000e+00 2.1500e-04 9.9840e-05 0.0000e+00 9.9840e-05 1.9161e-01 0.0000e+00
893 0.0000e+00 1.7560e-04 9.9529e-05 0.0000e+00 9.9529e-05 1.9171e-01 0.0000e+00
894 0.0000e+00 1.2410e-04 9.9220e-05 0.0000e+00 9.9220e-05 1.9181e-01 0.0000e+00
895 0.0000e+00 6.0100e-05 9.8913e-05 0.0000e+00 9.8913e-05 1.9191e-01 0.0000e+00
896 0.0000e+00 0.0000e+00 9.8607e-05 0.0000e+00 9.8607e-05 1.9201e-01 0.0000e+00
897 0.0000e+00 0.0000e+00 9.8304e-05 0.0000e+00 9.8304e-05 1.9211e-01 0.0000e+00
898 0.0000e+00 0.0000e+00 9.8003e-05 0.0000e+00 9.8003e-05 1.9221e-01 0.0000e+00
899 0.0000e+00 0.0000e+00 9.7703e-05 0.0000e+00 9.7703e-05 1.9230e-01 0.0000e+00
900 0.0000e+00 0.0000e+00 9.7405e-05 0.0000e+00 9.7405e-05 1.9240e-01 0.0000e+00
901 0.0000e+00 0.0000e+00 9.7109e-05 0.0000e+00 9.7109e-05 1.9250e-01 0.0000e+00
902 0.0000e+00 0.0000e+00 9.6815e-05 0.0000e+00 9.6815e-05 1.9260e-01 0.0000e+00
903 0.0000e+00 0.0000e+00 9.6522e-05 0.0000e+00 9.6522e-05 1.9269e-01 0.0000e+00
904 0.0000e+00 0.0000e+00 9.6232e-05 0.0000e+00 9.6232e-05 1.9279e-01 0.0000e+00
905 0.0000e+00 0.0000e+00 9.5943e-05 0.0000e+00 9.5943e-05 1.9288e-01 0.0000e+00
906 0.0000e+00 0.0000e+00 9.5655e-05 0.0000e+00 9.5655e-05 1.9298e-01 0.0000e+00
907 0.0000e+00 0.0000e+00 9.5370e-05 0.0000e+00 9.5370e-05 1.9308e-01 0.0000e+00
908 0.0000e+00 0.0000e+00 9.5086e-05 0.0000e+00 9.5086e-05 1.9317e-01 0.0000e+00
909 0.0000e+00 8.0200e-05 9.4804e-05 0.0000e+00 9.4804e-05 1.9327e-01 0.0000e+00
910 0.0000e+00 1.5480e-04 9.4523e-05 0.0000e+00 9.4523e-05 1.9336e-01 0.0000e+00
911 0.0000e+00 2.1910e-04 9.4245e-05 0.0000e+00 9.4245e-05 1.9345e-01 0.0000e+00
912 0.0000e+00 2.6830e-04 9.3968e-05 0.0000e+00 9.3968e-05 1.9355e-01 0.0000e+00
913 0.0000e+00 2.9680e-04 9.3692e-05 0.0000e+00 9.3692e-05 1.9364e-01 0.0000e+00
914 0.0000e+00 3.0990e-04 9.3418e-05 0.0000e+00 9.3418e-05 1.9374e-01 0.0000e+00
915 0.0000e+00 2.9680e-04 9.3146e-05 0.0000e+00 9.3146e-05 1.9383e-01 0.0000e+00
916 0.0000e+00 2.6830e-04 9.2875e-05 0.0000e+00 9.2875e-05 1.9392e-01 0.0000e+00
917 0.0000e+00 2.1910e-04 9.2606e-05 0.0000e+00 9.2606e-05 1.9401e-01 0.0000e+00
918 0.0000e+00 1.5480e-04 9.2338e-05 0.0000e+00 9.2338e-05 1.9411e-01 0.0000e+00
919 0.0000e+00 7.5000e-05 9.2072e-05 0.0000e+00 9.2072e-05 1.9420e-01 0.0000e+00
920 0.0000e+00 0.0000e+00 9.1808e-05 0.0000e+00 9.1808e-05 1.9429e-01 0.0000e+00
921 0.0000e+00 0.0000e+00 9.1545e-05 0.0000e+00 9.1545e-05 1.9438e-01 0.0000e+00
922 0.0000e+00 0.0000e+00 9.1283e-05 0.0000e+00 9.1283e-05 1.9447e-01 0.0000e+00
923 0.0000e+00 0.0000e+00 9.1023e-05 0.0000e+00 9.1023e-05 1.9456e-01 0.0000e+00
924 0.0000e+00 0.0000e+00 9.0765e-05 0.0000e+00 9.0765e-05 1.9465e-01 0.0000e+00
925 0.0000e+00 0.0000e+00 9.0507e-05 0.0000e+00 9.0507e-05 1.9475e-01 0.0000e+00
926 0.0000e+00 0.0000e+00 9.0252e-05 0.0000e+00 9.0252e-05 1.9484e-01 0.0000e+00
927 0.0000e+00 0.0000e+00 8.9998e-05 0.0000e+00 8.9998e-05 1.9493e-01 0.0000e+00
928 0.0000e+00 0.0000e+00 8.9745e-05 0.0000e+00 8.9745e-05 1.9502e-01 0.0000e+00
929 0.0000e+00 0.0000e+00 8.9494e-05 0.0000e+00 8.9494e-05 1.9510e-01 0.0000e+00
930 0.0000e+00 0.0000e+00 8.9244e-05 0.0000e+00 8.9244e-05 1.9519e-01 0.0000e+00
931 0.0000e+00 0.0000e+00 8.8995e-05 0.0000e+00 8.8995e-05 1.9528e-01 0.0000e+00
932 0.0000e+00 0.0000e+00 8.8748e-05 0.0000e+00 8.8748e-05 1.9537e-01 0.0000e+00
933 0.0000e+00 9.6000e-05 8.8502e-05 0.0000e+00 8.8502e-05 1.9546e-01 0.0000e+00
934 0.0000e+00 1.8520e-04 8.8258e-05 0.0000e+00 8.8258e-05 1.9555e-01 0.0000e+00
935 0.0000e+00 2.6210e-04 8.8015e-05 0.0000e+00 8.8015e-05 1.9564e-01 0.0000e+00
936 0.0000e+00 3.2090e-04 8.7773e-05 0.0000e+00 8.7773e-05 1.9572e-01 0.0000e+00
937 0.0000e+00 3.5500e-04 8.7532e-05 0.0000e+00 8.7532e-05 1.9581e-01 0.0000e+00
938 0.0000e+00 3.7070e-04 8.7293e-05 0.0000e+00 8.7293e-05 1.9590e-01 0.0000e+00
939 0.0000e+00 3.5500e-04 8.7056e-05 0.0000e+00 8.7056e-05 1.9599e-01 0.0000e+00
940 0.0000e+00 3.2090e-04 8.6819e-05 0.0000e+00 8.6819e-05 1.9607e-01 0.0000e+00
941 0.0000e+00 2.6210e-04 8.6584e-05 0.0000e+00 8.6584e-05 1.9616e-01 0.0000e+00
942 0.0000e+00 1.8520e-04 8.6350e-05 0.0000e+00 8.6350e-05 1.9625e-01 0.0000e+00
943 0.0000e+00 8.9700e-05 8.6117e-05 0.0000e+00 8.6117e-05 1.9633e-01 0.0000e+00
944 0.0000e+00 0.0000e+00 8.5886e-05 0.0000e+00 8.5886e-05 1.9642e-01 0.0000e+00
945 0.0000e+00 0.0000e+00 8.5656e-05 0.0000e+00 8.5656e-05 1.9650e-01 0.0000e+00
946 0.0000e+00 0.0000e+00 8.5427e-05 0.0000e+00 8.5427e-05 1.9659e-01 0.0000e+00
947 0.0000e+00 0.0000e+00 8.5199e-05 0.0000e+00 8.5199e-05 1.9667e-01 0.0000e+00
948 0.0000e+00 0.0000e+00 8.4972e-05 0.0000e+00 8.4972e-05 1.9676e-01 0.0000e+00
949 0.0000e+00 0.0000e+00 8.4747e-05 0.0000e+00 8.4747e-05 1.9684e-01 0.0000e+00
950 0.0000e+00 0.0000e+00 8.4523e-05 0.0000e+00 8.4523e-05 1.9693e-01 0.0000e+00
Objective function values:
F1 1.269798e-06    NSE 0.78172   F2 2.597300e-02
Mean Obs Q 1.590065e-04   Variance Obs Q 6.123405e-09
    Error Variance 1.336630e-09

Water Balance for Subcatchment: Extracted study basin: Taegu Pyungkwang River

   SUMP       SUMAE      SUMQ       SUMRZ      SUMUZ      SBAR        BAL
1.890e-01  4.648e-02  1.295e-01  1.968e-02  0.000e+00  1.969e-01  4.942e-04
