Taegu Pyungkwang River Catchment: Calibration Data

Subcatchment : Extracted study basin: cat-11099

TL =     9.69
SUMAC =     1.00
SZQ =       0.00915
Subcatchment routing data:
Maximum Routing Delay       0.69444
Sum of Histogram ordinates:     1.0000
     1.00000 
Initial BAL             -0.18218
Initial SBAR             0.18018
Initial SR0              0.00200
it      p        ep       q(it)       quz      q       sbar       qof
1 0.0000e+00 6.1900e-05 3.2800e-05 0.0000e+00 3.2800e-05 1.8021e-01 0.0000e+00
2 0.0000e+00 6.4700e-05 3.2766e-05 0.0000e+00 3.2766e-05 1.8024e-01 0.0000e+00
3 1.0000e-03 6.1900e-05 3.2733e-05 0.0000e+00 3.2733e-05 1.8028e-01 0.0000e+00
4 1.0000e-03 5.6000e-05 3.2699e-05 0.0000e+00 3.2699e-05 1.8031e-01 0.0000e+00
5 1.0000e-03 4.5700e-05 4.2403e-05 9.9263e-05 3.2666e-05 1.8024e-01 9.7374e-06
6 5.0000e-04 3.2300e-05 3.8353e-05 1.3800e-04 3.2734e-05 1.8014e-01 5.6193e-06
7 5.0000e-04 1.5600e-05 3.8703e-05 1.7462e-04 3.2842e-05 1.8000e-01 5.8615e-06
8 0.0000e+00 0.0000e+00 3.2988e-05 1.4562e-04 3.2988e-05 1.7988e-01 0.0000e+00
9 5.0000e-04 0.0000e+00 4.0131e-05 1.8794e-04 3.3104e-05 1.7973e-01 7.0266e-06
10 5.0000e-04 0.0000e+00 4.0888e-05 2.2307e-04 3.3265e-05 1.7954e-01 7.6237e-06
11 0.0000e+00 0.0000e+00 3.3463e-05 1.8929e-04 3.3463e-05 1.7938e-01 0.0000e+00
12 0.0000e+00 0.0000e+00 3.3626e-05 1.6404e-04 3.3626e-05 1.7925e-01 0.0000e+00
13 1.0000e-03 0.0000e+00 4.9011e-05 2.7185e-04 3.3763e-05 1.7901e-01 1.5247e-05
14 5.0000e-04 0.0000e+00 4.1639e-05 2.9326e-04 3.4015e-05 1.7875e-01 7.6237e-06
15 5.0000e-04 0.0000e+00 4.1916e-05 3.1474e-04 3.4292e-05 1.7847e-01 7.6237e-06
16 1.0000e-03 0.0000e+00 4.9841e-05 3.9869e-04 3.4594e-05 1.7811e-01 1.5247e-05
17 0.0000e+00 0.0000e+00 3.4990e-05 3.3794e-04 3.4990e-05 1.7781e-01 0.0000e+00
18 0.0000e+00 0.0000e+00 3.5323e-05 2.9307e-04 3.5323e-05 1.7755e-01 0.0000e+00
19 0.0000e+00 0.0000e+00 3.5608e-05 2.5569e-04 3.5608e-05 1.7733e-01 0.0000e+00
20 0.0000e+00 0.0000e+00 3.5854e-05 2.2398e-04 3.5854e-05 1.7714e-01 0.0000e+00
21 0.0000e+00 1.8000e-05 3.6065e-05 1.9678e-04 3.6065e-05 1.7698e-01 0.0000e+00
22 0.0000e+00 3.4800e-05 3.6247e-05 1.7330e-04 3.6247e-05 1.7684e-01 0.0000e+00
23 0.0000e+00 4.9200e-05 3.6403e-05 1.5293e-04 3.6403e-05 1.7673e-01 0.0000e+00
24 3.0000e-03 6.0200e-05 8.0724e-05 5.1635e-04 3.6535e-05 1.7625e-01 4.4188e-05
25 2.0000e-03 6.6600e-05 6.6664e-05 6.7998e-04 3.7087e-05 1.7560e-01 2.9577e-05
26 5.5000e-03 6.9600e-05 1.2069e-04 1.2908e-03 3.7840e-05 1.7435e-01 8.2846e-05
27 6.0000e-03 6.6600e-05 1.2977e-04 1.8653e-03 3.9351e-05 1.7253e-01 9.0424e-05
28 1.0000e-03 6.0200e-05 5.5894e-05 1.6870e-03 4.1662e-05 1.7088e-01 1.4232e-05
29 2.5000e-03 4.9200e-05 8.1061e-05 1.7840e-03 4.3860e-05 1.6914e-01 3.7201e-05
30 0.0000e+00 3.4800e-05 4.6311e-05 1.5205e-03 4.6311e-05 1.6767e-01 0.0000e+00
31 0.0000e+00 1.6800e-05 4.8494e-05 1.3187e-03 4.8494e-05 1.6640e-01 0.0000e+00
32 1.0000e-03 0.0000e+00 6.4169e-05 1.2770e-03 5.0458e-05 1.6517e-01 1.3711e-05
33 5.0000e-04 0.0000e+00 6.0734e-05 1.1729e-03 5.2429e-05 1.6405e-01 8.3044e-06
34 0.0000e+00 0.0000e+00 5.4298e-05 1.0150e-03 5.4298e-05 1.6309e-01 0.0000e+00
35 0.0000e+00 0.0000e+00 5.5952e-05 8.8463e-04 5.5952e-05 1.6226e-01 0.0000e+00
36 0.0000e+00 0.0000e+00 5.7420e-05 7.7274e-04 5.7420e-05 1.6154e-01 0.0000e+00
37 0.0000e+00 0.0000e+00 5.8718e-05 6.7614e-04 5.8718e-05 1.6093e-01 0.0000e+00
38 0.0000e+00 0.0000e+00 5.9862e-05 5.9246e-04 5.9862e-05 1.6039e-01 0.0000e+00
39 0.0000e+00 0.0000e+00 6.0867e-05 5.1981e-04 6.0867e-05 1.5993e-01 0.0000e+00
40 0.0000e+00 0.0000e+00 6.1746e-05 4.5660e-04 6.1746e-05 1.5954e-01 0.0000e+00
41 0.0000e+00 0.0000e+00 6.2513e-05 4.0154e-04 6.2513e-05 1.5920e-01 0.0000e+00
42 0.0000e+00 0.0000e+00 6.3179e-05 3.5351e-04 6.3179e-05 1.5891e-01 0.0000e+00
43 0.0000e+00 0.0000e+00 6.3755e-05 3.1155e-04 6.3755e-05 1.5866e-01 0.0000e+00
44 0.0000e+00 0.0000e+00 6.4250e-05 2.7485e-04 6.4250e-05 1.5845e-01 0.0000e+00
45 0.0000e+00 3.3800e-05 6.4674e-05 2.4271e-04 6.4674e-05 1.5827e-01 0.0000e+00
46 1.0000e-03 6.5200e-05 8.4992e-05 3.5941e-04 6.5035e-05 1.5798e-01 1.9956e-05
47 0.0000e+00 9.2300e-05 6.5636e-05 2.9981e-04 6.5636e-05 1.5775e-01 0.0000e+00
48 5.0000e-04 1.1300e-04 7.3195e-05 3.1100e-04 6.6118e-05 1.5750e-01 7.0766e-06
49 0.0000e+00 1.2500e-04 6.6626e-05 2.6507e-04 6.6626e-05 1.5730e-01 0.0000e+00
50 1.0000e-03 1.3050e-04 8.2785e-05 3.4557e-04 6.7041e-05 1.5702e-01 1.5745e-05
51 2.5000e-03 1.2500e-04 1.1657e-04 6.4781e-04 6.7627e-05 1.5644e-01 4.8941e-05
52 3.0000e-03 1.1300e-04 1.2825e-04 9.5922e-04 6.8864e-05 1.5555e-01 5.9382e-05
53 2.5000e-03 9.2300e-05 1.2011e-04 1.1410e-03 7.0807e-05 1.5448e-01 4.9302e-05
54 3.0000e-03 6.5200e-05 1.3327e-04 1.3847e-03 7.3215e-05 1.5317e-01 6.0057e-05
55 2.5000e-03 3.1600e-05 1.2657e-04 1.5138e-03 7.6278e-05 1.5173e-01 5.0290e-05
56 2.0000e-03 0.0000e+00 1.1988e-04 1.5606e-03 7.9783e-05 1.5025e-01 4.0100e-05
57 1.0000e-03 0.0000e+00 1.0760e-04 1.4518e-03 8.3562e-05 1.4888e-01 2.4040e-05
58 1.0000e-03 0.0000e+00 1.1432e-04 1.3774e-03 8.7212e-05 1.4759e-01 2.7112e-05
59 0.0000e+00 0.0000e+00 9.0800e-05 1.1594e-03 9.0800e-05 1.4653e-01 0.0000e+00
60 5.0000e-04 0.0000e+00 1.0744e-04 1.0697e-03 9.3883e-05 1.4555e-01 1.3556e-05
61 5.0000e-04 0.0000e+00 1.1035e-04 9.8952e-04 9.6790e-05 1.4466e-01 1.3556e-05
62 0.0000e+00 0.0000e+00 9.9528e-05 8.3849e-04 9.9528e-05 1.4392e-01 0.0000e+00
63 0.0000e+00 0.0000e+00 1.0185e-04 7.1829e-04 1.0185e-04 1.4330e-01 0.0000e+00
64 0.0000e+00 0.0000e+00 1.0383e-04 6.1766e-04 1.0383e-04 1.4279e-01 0.0000e+00
65 0.0000e+00 0.0000e+00 1.0552e-04 5.3260e-04 1.0552e-04 1.4236e-01 0.0000e+00
66 0.0000e+00 0.0000e+00 1.0693e-04 4.6031e-04 1.0693e-04 1.4201e-01 0.0000e+00
67 0.0000e+00 0.0000e+00 1.0812e-04 3.9865e-04 1.0812e-04 1.4172e-01 0.0000e+00
68 0.0000e+00 0.0000e+00 1.0911e-04 3.4590e-04 1.0911e-04 1.4148e-01 0.0000e+00
69 0.0000e+00 4.1400e-05 1.0992e-04 3.0066e-04 1.0992e-04 1.4129e-01 0.0000e+00
70 0.0000e+00 7.9800e-05 1.1057e-04 2.6176e-04 1.1057e-04 1.4114e-01 0.0000e+00
71 0.0000e+00 1.1290e-04 1.1110e-04 2.2824e-04 1.1110e-04 1.4102e-01 0.0000e+00
72 0.0000e+00 1.3830e-04 1.1151e-04 1.9931e-04 1.1151e-04 1.4093e-01 0.0000e+00
73 0.0000e+00 1.5300e-04 1.1181e-04 1.7429e-04 1.1181e-04 1.4087e-01 0.0000e+00
74 0.0000e+00 1.5980e-04 1.1203e-04 1.5260e-04 1.1203e-04 1.4083e-01 0.0000e+00
75 0.0000e+00 1.5300e-04 1.1217e-04 1.3379e-04 1.1217e-04 1.4081e-01 0.0000e+00
76 0.0000e+00 1.3830e-04 1.1225e-04 1.1743e-04 1.1225e-04 1.4080e-01 0.0000e+00
77 0.0000e+00 1.1290e-04 1.1227e-04 1.0320e-04 1.1227e-04 1.4081e-01 0.0000e+00
78 0.0000e+00 7.9800e-05 1.1223e-04 9.0784e-05 1.1223e-04 1.4083e-01 0.0000e+00
79 0.0000e+00 3.8700e-05 1.1216e-04 7.9949e-05 1.1216e-04 1.4087e-01 0.0000e+00
80 0.0000e+00 0.0000e+00 1.1205e-04 7.0478e-05 1.1205e-04 1.4091e-01 0.0000e+00
81 0.0000e+00 0.0000e+00 1.1190e-04 6.2189e-05 1.1190e-04 1.4096e-01 0.0000e+00
82 0.0000e+00 0.0000e+00 1.1173e-04 5.4926e-05 1.1173e-04 1.4101e-01 0.0000e+00
83 0.0000e+00 0.0000e+00 1.1153e-04 4.8555e-05 1.1153e-04 1.4108e-01 0.0000e+00
84 0.0000e+00 0.0000e+00 1.1131e-04 4.2959e-05 1.1131e-04 1.4115e-01 0.0000e+00
85 0.0000e+00 0.0000e+00 1.1107e-04 3.8040e-05 1.1107e-04 1.4122e-01 0.0000e+00
86 0.0000e+00 0.0000e+00 1.1082e-04 3.3712e-05 1.1082e-04 1.4130e-01 0.0000e+00
87 0.0000e+00 0.0000e+00 1.1055e-04 2.9898e-05 1.1055e-04 1.4138e-01 0.0000e+00
88 0.0000e+00 0.0000e+00 1.1027e-04 2.6536e-05 1.1027e-04 1.4146e-01 0.0000e+00
89 0.0000e+00 0.0000e+00 1.0999e-04 2.3569e-05 1.0999e-04 1.4155e-01 0.0000e+00
90 0.0000e+00 0.0000e+00 1.0969e-04 2.0948e-05 1.0969e-04 1.4164e-01 0.0000e+00
91 0.0000e+00 0.0000e+00 1.0939e-04 1.8630e-05 1.0939e-04 1.4173e-01 0.0000e+00
92 0.0000e+00 0.0000e+00 1.0908e-04 1.6580e-05 1.0908e-04 1.4182e-01 0.0000e+00
93 0.0000e+00 1.9100e-05 1.0876e-04 1.4765e-05 1.0876e-04 1.4191e-01 0.0000e+00
94 0.0000e+00 3.6800e-05 1.0844e-04 1.3156e-05 1.0844e-04 1.4201e-01 0.0000e+00
95 0.0000e+00 5.2100e-05 1.0812e-04 1.1730e-05 1.0812e-04 1.4210e-01 0.0000e+00
96 0.0000e+00 6.3800e-05 1.0779e-04 1.0464e-05 1.0779e-04 1.4220e-01 0.0000e+00
97 5.0000e-04 7.0600e-05 1.0747e-04 9.3404e-06 1.0747e-04 1.4230e-01 0.0000e+00
98 5.0000e-04 7.3700e-05 1.0714e-04 8.3416e-06 1.0714e-04 1.4240e-01 0.0000e+00
99 0.0000e+00 7.0600e-05 1.0681e-04 7.4535e-06 1.0681e-04 1.4250e-01 0.0000e+00
100 0.0000e+00 6.3800e-05 1.0648e-04 6.6624e-06 1.0648e-04 1.4260e-01 0.0000e+00
101 0.0000e+00 5.2100e-05 1.0614e-04 5.9591e-06 1.0614e-04 1.4270e-01 0.0000e+00
102 0.0000e+00 3.6800e-05 1.0581e-04 5.3327e-06 1.0581e-04 1.4280e-01 0.0000e+00
103 0.0000e+00 1.7800e-05 1.0548e-04 4.7743e-06 1.0548e-04 1.4290e-01 0.0000e+00
104 0.0000e+00 0.0000e+00 1.0515e-04 4.2763e-06 1.0515e-04 1.4300e-01 0.0000e+00
105 0.0000e+00 0.0000e+00 1.0482e-04 3.8319e-06 1.0482e-04 1.4310e-01 0.0000e+00
106 0.0000e+00 0.0000e+00 1.0449e-04 3.4352e-06 1.0449e-04 1.4320e-01 0.0000e+00
107 0.0000e+00 0.0000e+00 1.0416e-04 3.0809e-06 1.0416e-04 1.4330e-01 0.0000e+00
108 0.0000e+00 0.0000e+00 1.0383e-04 2.7642e-06 1.0383e-04 1.4340e-01 0.0000e+00
109 0.0000e+00 0.0000e+00 1.0350e-04 2.4800e-06 1.0350e-04 1.4351e-01 0.0000e+00
110 0.0000e+00 0.0000e+00 1.0318e-04 2.2269e-06 1.0318e-04 1.4361e-01 0.0000e+00
111 5.0000e-04 0.0000e+00 1.0285e-04 2.0005e-06 1.0285e-04 1.4371e-01 0.0000e+00
112 0.0000e+00 0.0000e+00 1.0253e-04 1.7977e-06 1.0253e-04 1.4381e-01 0.0000e+00
113 0.0000e+00 0.0000e+00 1.0221e-04 1.6161e-06 1.0221e-04 1.4391e-01 0.0000e+00
114 0.0000e+00 0.0000e+00 1.0189e-04 1.4533e-06 1.0189e-04 1.4401e-01 0.0000e+00
115 0.0000e+00 0.0000e+00 1.0157e-04 1.3074e-06 1.0157e-04 1.4411e-01 0.0000e+00
116 0.0000e+00 0.0000e+00 1.0125e-04 1.1765e-06 1.0125e-04 1.4421e-01 0.0000e+00
117 0.0000e+00 1.0200e-05 1.0093e-04 1.0591e-06 1.0093e-04 1.4431e-01 0.0000e+00
118 0.0000e+00 1.9800e-05 1.0062e-04 9.5241e-07 1.0062e-04 1.4441e-01 0.0000e+00
119 0.0000e+00 2.8000e-05 1.0030e-04 8.5800e-07 1.0030e-04 1.4451e-01 0.0000e+00
120 0.0000e+00 3.4200e-05 9.9994e-05 7.7318e-07 9.9994e-05 1.4461e-01 0.0000e+00
121 0.0000e+00 3.7900e-05 9.9684e-05 6.9696e-07 9.9684e-05 1.4471e-01 0.0000e+00
122 0.0000e+00 3.9500e-05 9.9376e-05 6.2844e-07 9.9376e-05 1.4481e-01 0.0000e+00
123 0.0000e+00 3.7900e-05 9.9070e-05 5.6681e-07 9.9070e-05 1.4490e-01 0.0000e+00
124 0.0000e+00 3.4200e-05 9.8765e-05 5.1137e-07 9.8765e-05 1.4500e-01 0.0000e+00
125 0.0000e+00 2.8000e-05 9.8463e-05 4.6149e-07 9.8463e-05 1.4510e-01 0.0000e+00
126 0.0000e+00 1.9800e-05 9.8162e-05 4.1658e-07 9.8162e-05 1.4520e-01 0.0000e+00
127 0.0000e+00 9.6000e-06 9.7862e-05 3.7475e-07 9.7862e-05 1.4530e-01 0.0000e+00
128 0.0000e+00 0.0000e+00 9.7565e-05 3.3855e-07 9.7565e-05 1.4539e-01 0.0000e+00
129 0.0000e+00 0.0000e+00 9.7269e-05 3.0591e-07 9.7269e-05 1.4549e-01 0.0000e+00
130 0.0000e+00 0.0000e+00 9.6974e-05 2.7649e-07 9.6974e-05 1.4559e-01 0.0000e+00
131 0.0000e+00 0.0000e+00 9.6682e-05 2.4996e-07 9.6682e-05 1.4568e-01 0.0000e+00
132 0.0000e+00 0.0000e+00 9.6391e-05 2.2603e-07 9.6391e-05 1.4578e-01 0.0000e+00
133 0.0000e+00 0.0000e+00 9.6102e-05 2.0443e-07 9.6102e-05 1.4587e-01 0.0000e+00
134 0.0000e+00 0.0000e+00 9.5814e-05 1.8495e-07 9.5814e-05 1.4597e-01 0.0000e+00
135 0.0000e+00 0.0000e+00 9.5528e-05 1.6735e-07 9.5528e-05 1.4607e-01 0.0000e+00
136 0.0000e+00 0.0000e+00 9.5244e-05 1.5001e-07 9.5244e-05 1.4616e-01 0.0000e+00
137 0.0000e+00 0.0000e+00 9.4961e-05 1.3586e-07 9.4961e-05 1.4626e-01 0.0000e+00
138 0.0000e+00 0.0000e+00 9.4680e-05 1.2308e-07 9.4680e-05 1.4635e-01 0.0000e+00
139 0.0000e+00 0.0000e+00 9.4401e-05 1.1151e-07 9.4401e-05 1.4644e-01 0.0000e+00
140 0.0000e+00 0.0000e+00 9.4123e-05 1.0106e-07 9.4123e-05 1.4654e-01 0.0000e+00
141 5.0000e-04 4.1400e-05 9.3847e-05 9.1597e-08 9.3847e-05 1.4663e-01 0.0000e+00
142 0.0000e+00 7.9900e-05 9.3572e-05 8.3039e-08 9.3572e-05 1.4673e-01 0.0000e+00
143 0.0000e+00 1.1300e-04 9.3299e-05 7.5295e-08 9.3299e-05 1.4682e-01 0.0000e+00
144 0.0000e+00 1.3840e-04 9.3028e-05 6.8285e-08 9.3028e-05 1.4691e-01 0.0000e+00
145 0.0000e+00 1.5310e-04 9.2758e-05 6.1940e-08 9.2758e-05 1.4700e-01 0.0000e+00
146 0.0000e+00 1.5990e-04 9.2490e-05 5.5004e-08 9.2490e-05 1.4710e-01 0.0000e+00
147 0.0000e+00 1.5310e-04 9.2223e-05 4.9948e-08 9.2223e-05 1.4719e-01 0.0000e+00
148 0.0000e+00 1.3840e-04 9.1958e-05 4.5364e-08 9.1958e-05 1.4728e-01 0.0000e+00
149 0.0000e+00 1.1300e-04 9.1694e-05 4.1207e-08 9.1694e-05 1.4737e-01 0.0000e+00
150 0.0000e+00 7.9900e-05 9.1432e-05 3.7436e-08 9.1432e-05 1.4746e-01 0.0000e+00
151 0.0000e+00 3.8700e-05 9.1171e-05 3.4016e-08 9.1171e-05 1.4756e-01 0.0000e+00
152 0.0000e+00 0.0000e+00 9.0912e-05 3.0913e-08 9.0912e-05 1.4765e-01 0.0000e+00
153 0.0000e+00 0.0000e+00 9.0654e-05 2.8097e-08 9.0654e-05 1.4774e-01 0.0000e+00
154 0.0000e+00 0.0000e+00 9.0398e-05 2.5541e-08 9.0398e-05 1.4783e-01 0.0000e+00
155 0.0000e+00 0.0000e+00 9.0143e-05 2.2152e-08 9.0143e-05 1.4792e-01 0.0000e+00
156 0.0000e+00 0.0000e+00 8.9889e-05 2.0167e-08 8.9889e-05 1.4801e-01 0.0000e+00
157 0.0000e+00 0.0000e+00 8.9637e-05 1.8361e-08 8.9637e-05 1.4810e-01 0.0000e+00
158 0.0000e+00 0.0000e+00 8.9386e-05 1.6720e-08 8.9386e-05 1.4819e-01 0.0000e+00
159 0.0000e+00 0.0000e+00 8.9137e-05 1.5227e-08 8.9137e-05 1.4828e-01 0.0000e+00
160 0.0000e+00 0.0000e+00 8.8889e-05 1.3869e-08 8.8889e-05 1.4836e-01 0.0000e+00
161 0.0000e+00 0.0000e+00 8.8643e-05 1.2633e-08 8.8643e-05 1.4845e-01 0.0000e+00
162 0.0000e+00 0.0000e+00 8.8397e-05 1.1509e-08 8.8397e-05 1.4854e-01 0.0000e+00
163 0.0000e+00 0.0000e+00 8.8154e-05 1.0486e-08 8.8154e-05 1.4863e-01 0.0000e+00
164 0.0000e+00 0.0000e+00 8.7911e-05 9.5554e-09 8.7911e-05 1.4872e-01 0.0000e+00
165 0.0000e+00 1.7800e-05 8.7670e-05 7.8549e-09 8.7670e-05 1.4880e-01 0.0000e+00
166 0.0000e+00 3.4400e-05 8.7430e-05 7.1721e-09 8.7430e-05 1.4889e-01 0.0000e+00
167 0.0000e+00 4.8600e-05 8.7192e-05 6.5492e-09 8.7192e-05 1.4898e-01 0.0000e+00
168 0.0000e+00 5.9500e-05 8.6954e-05 5.9810e-09 8.6954e-05 1.4907e-01 0.0000e+00
169 0.0000e+00 6.5900e-05 8.6718e-05 5.4625e-09 8.6718e-05 1.4915e-01 0.0000e+00
170 0.0000e+00 6.8800e-05 8.6484e-05 4.9894e-09 8.6484e-05 1.4924e-01 0.0000e+00
171 0.0000e+00 6.5900e-05 8.6250e-05 4.5577e-09 8.6250e-05 1.4933e-01 0.0000e+00
172 0.0000e+00 5.9500e-05 8.6018e-05 4.1637e-09 8.6018e-05 1.4941e-01 0.0000e+00
173 0.0000e+00 4.8600e-05 8.5787e-05 3.8040e-09 8.5787e-05 1.4950e-01 0.0000e+00
174 0.0000e+00 3.4400e-05 8.5558e-05 2.8059e-09 8.5558e-05 1.4958e-01 0.0000e+00
175 0.0000e+00 1.6600e-05 8.5329e-05 2.5704e-09 8.5329e-05 1.4967e-01 0.0000e+00
176 0.0000e+00 0.0000e+00 8.5102e-05 2.3548e-09 8.5102e-05 1.4975e-01 0.0000e+00
177 0.0000e+00 0.0000e+00 8.4876e-05 2.1574e-09 8.4876e-05 1.4984e-01 0.0000e+00
178 0.0000e+00 0.0000e+00 8.4651e-05 1.9767e-09 8.4651e-05 1.4992e-01 0.0000e+00
179 0.0000e+00 0.0000e+00 8.4428e-05 1.8113e-09 8.4428e-05 1.5001e-01 0.0000e+00
180 0.0000e+00 0.0000e+00 8.4205e-05 1.6598e-09 8.4205e-05 1.5009e-01 0.0000e+00
181 0.0000e+00 0.0000e+00 8.3984e-05 1.5210e-09 8.3984e-05 1.5018e-01 0.0000e+00
182 0.0000e+00 0.0000e+00 8.3764e-05 1.3940e-09 8.3764e-05 1.5026e-01 0.0000e+00
183 0.0000e+00 0.0000e+00 8.3545e-05 1.2776e-09 8.3545e-05 1.5034e-01 0.0000e+00
184 0.0000e+00 0.0000e+00 8.3327e-05 7.8940e-10 8.3327e-05 1.5043e-01 0.0000e+00
185 0.0000e+00 0.0000e+00 8.3110e-05 7.2577e-10 8.3110e-05 1.5051e-01 0.0000e+00
186 0.0000e+00 0.0000e+00 8.2895e-05 6.6730e-10 8.2895e-05 1.5059e-01 0.0000e+00
187 0.0000e+00 0.0000e+00 8.2680e-05 6.1356e-10 8.2680e-05 1.5068e-01 0.0000e+00
188 0.0000e+00 0.0000e+00 8.2467e-05 5.6418e-10 8.2467e-05 1.5076e-01 0.0000e+00
189 0.0000e+00 4.5600e-05 8.2255e-05 5.1879e-10 8.2255e-05 1.5084e-01 0.0000e+00
190 5.0000e-04 8.7900e-05 8.2043e-05 4.7708e-10 8.2043e-05 1.5092e-01 0.0000e+00
191 0.0000e+00 1.2440e-04 8.1833e-05 4.3873e-10 8.1833e-05 1.5100e-01 0.0000e+00
192 0.0000e+00 1.5230e-04 8.1624e-05 4.0349e-10 8.1624e-05 1.5109e-01 0.0000e+00
193 0.0000e+00 1.6850e-04 8.1416e-05 1.8553e-10 8.1416e-05 1.5117e-01 0.0000e+00
194 0.0000e+00 1.7590e-04 8.1209e-05 1.7120e-10 8.1209e-05 1.5125e-01 0.0000e+00
195 0.0000e+00 1.6850e-04 8.1004e-05 1.5798e-10 8.1004e-05 1.5133e-01 0.0000e+00
196 0.0000e+00 1.5230e-04 8.0799e-05 1.4579e-10 8.0799e-05 1.5141e-01 0.0000e+00
197 0.0000e+00 1.2440e-04 8.0595e-05 1.3454e-10 8.0595e-05 1.5149e-01 0.0000e+00
198 0.0000e+00 8.7900e-05 8.0392e-05 1.2417e-10 8.0392e-05 1.5157e-01 0.0000e+00
199 0.0000e+00 4.2600e-05 8.0191e-05 1.1459e-10 8.0191e-05 1.5165e-01 0.0000e+00
200 0.0000e+00 0.0000e+00 7.9990e-05 1.0576e-10 7.9990e-05 1.5173e-01 0.0000e+00
201 0.0000e+00 0.0000e+00 7.9790e-05 9.7616e-11 7.9790e-05 1.5181e-01 0.0000e+00
202 0.0000e+00 0.0000e+00 7.9592e-05 9.0099e-11 7.9592e-05 1.5189e-01 0.0000e+00
203 0.0000e+00 0.0000e+00 7.9394e-05 2.3089e-11 7.9394e-05 1.5197e-01 0.0000e+00
204 0.0000e+00 0.0000e+00 7.9197e-05 2.1384e-11 7.9197e-05 1.5205e-01 0.0000e+00
205 0.0000e+00 0.0000e+00 7.9001e-05 1.9806e-11 7.9001e-05 1.5213e-01 0.0000e+00
206 0.0000e+00 0.0000e+00 7.8807e-05 1.8344e-11 7.8807e-05 1.5221e-01 0.0000e+00
207 0.0000e+00 0.0000e+00 7.8613e-05 1.6991e-11 7.8613e-05 1.5229e-01 0.0000e+00
208 0.0000e+00 0.0000e+00 7.8420e-05 1.5738e-11 7.8420e-05 1.5236e-01 0.0000e+00
209 0.0000e+00 0.0000e+00 7.8228e-05 1.4578e-11 7.8228e-05 1.5244e-01 0.0000e+00
210 0.0000e+00 0.0000e+00 7.8037e-05 1.3503e-11 7.8037e-05 1.5252e-01 0.0000e+00
211 0.0000e+00 0.0000e+00 7.7847e-05 1.2508e-11 7.7847e-05 1.5260e-01 0.0000e+00
212 0.0000e+00 0.0000e+00 7.7658e-05 1.1587e-11 7.7658e-05 1.5268e-01 0.0000e+00
213 0.0000e+00 4.9000e-05 7.7469e-05 0.0000e+00 7.7469e-05 1.5275e-01 0.0000e+00
214 0.0000e+00 9.4600e-05 7.7282e-05 0.0000e+00 7.7282e-05 1.5283e-01 0.0000e+00
215 0.0000e+00 1.3380e-04 7.7096e-05 0.0000e+00 7.7096e-05 1.5291e-01 0.0000e+00
216 0.0000e+00 1.6380e-04 7.6910e-05 0.0000e+00 7.6910e-05 1.5298e-01 0.0000e+00
217 0.0000e+00 1.8130e-04 7.6726e-05 0.0000e+00 7.6726e-05 1.5306e-01 0.0000e+00
218 0.0000e+00 1.8920e-04 7.6542e-05 0.0000e+00 7.6542e-05 1.5314e-01 0.0000e+00
219 0.0000e+00 1.8130e-04 7.6359e-05 0.0000e+00 7.6359e-05 1.5321e-01 0.0000e+00
220 0.0000e+00 1.6380e-04 7.6177e-05 0.0000e+00 7.6177e-05 1.5329e-01 0.0000e+00
221 0.0000e+00 1.3380e-04 7.5996e-05 0.0000e+00 7.5996e-05 1.5337e-01 0.0000e+00
222 0.0000e+00 9.4600e-05 7.5816e-05 0.0000e+00 7.5816e-05 1.5344e-01 0.0000e+00
223 0.0000e+00 4.5800e-05 7.5636e-05 0.0000e+00 7.5636e-05 1.5352e-01 0.0000e+00
224 0.0000e+00 0.0000e+00 7.5458e-05 0.0000e+00 7.5458e-05 1.5359e-01 0.0000e+00
225 0.0000e+00 0.0000e+00 7.5280e-05 0.0000e+00 7.5280e-05 1.5367e-01 0.0000e+00
226 0.0000e+00 0.0000e+00 7.5103e-05 0.0000e+00 7.5103e-05 1.5374e-01 0.0000e+00
227 0.0000e+00 0.0000e+00 7.4927e-05 0.0000e+00 7.4927e-05 1.5382e-01 0.0000e+00
228 0.0000e+00 0.0000e+00 7.4752e-05 0.0000e+00 7.4752e-05 1.5389e-01 0.0000e+00
229 0.0000e+00 0.0000e+00 7.4577e-05 0.0000e+00 7.4577e-05 1.5397e-01 0.0000e+00
230 0.0000e+00 0.0000e+00 7.4404e-05 0.0000e+00 7.4404e-05 1.5404e-01 0.0000e+00
231 0.0000e+00 0.0000e+00 7.4231e-05 0.0000e+00 7.4231e-05 1.5412e-01 0.0000e+00
232 0.0000e+00 0.0000e+00 7.4059e-05 0.0000e+00 7.4059e-05 1.5419e-01 0.0000e+00
233 0.0000e+00 0.0000e+00 7.3888e-05 0.0000e+00 7.3888e-05 1.5426e-01 0.0000e+00
234 0.0000e+00 0.0000e+00 7.3717e-05 0.0000e+00 7.3717e-05 1.5434e-01 0.0000e+00
235 0.0000e+00 0.0000e+00 7.3548e-05 0.0000e+00 7.3548e-05 1.5441e-01 0.0000e+00
236 0.0000e+00 0.0000e+00 7.3379e-05 0.0000e+00 7.3379e-05 1.5448e-01 0.0000e+00
237 0.0000e+00 5.1700e-05 7.3211e-05 0.0000e+00 7.3211e-05 1.5456e-01 0.0000e+00
238 0.0000e+00 9.9800e-05 7.3043e-05 0.0000e+00 7.3043e-05 1.5463e-01 0.0000e+00
239 0.0000e+00 1.4120e-04 7.2877e-05 0.0000e+00 7.2877e-05 1.5470e-01 0.0000e+00
240 0.0000e+00 1.7290e-04 7.2711e-05 0.0000e+00 7.2711e-05 1.5478e-01 0.0000e+00
241 5.0000e-04 1.9130e-04 7.2546e-05 0.0000e+00 7.2546e-05 1.5485e-01 0.0000e+00
242 1.0000e-03 1.9970e-04 7.2382e-05 0.0000e+00 7.2382e-05 1.5492e-01 0.0000e+00
243 0.0000e+00 1.9130e-04 7.2218e-05 0.0000e+00 7.2218e-05 1.5499e-01 0.0000e+00
244 0.0000e+00 1.7290e-04 7.2055e-05 0.0000e+00 7.2055e-05 1.5507e-01 0.0000e+00
245 0.0000e+00 1.4120e-04 7.1893e-05 0.0000e+00 7.1893e-05 1.5514e-01 0.0000e+00
246 0.0000e+00 9.9800e-05 7.1732e-05 0.0000e+00 7.1732e-05 1.5521e-01 0.0000e+00
247 0.0000e+00 4.8300e-05 7.1571e-05 0.0000e+00 7.1571e-05 1.5528e-01 0.0000e+00
248 0.0000e+00 0.0000e+00 7.1412e-05 0.0000e+00 7.1412e-05 1.5535e-01 0.0000e+00
249 0.0000e+00 0.0000e+00 7.1252e-05 0.0000e+00 7.1252e-05 1.5542e-01 0.0000e+00
250 0.0000e+00 0.0000e+00 7.1094e-05 0.0000e+00 7.1094e-05 1.5549e-01 0.0000e+00
251 0.0000e+00 0.0000e+00 7.0936e-05 0.0000e+00 7.0936e-05 1.5557e-01 0.0000e+00
252 0.0000e+00 0.0000e+00 7.0779e-05 0.0000e+00 7.0779e-05 1.5564e-01 0.0000e+00
253 1.0000e-03 0.0000e+00 7.0623e-05 0.0000e+00 7.0623e-05 1.5571e-01 0.0000e+00
254 0.0000e+00 0.0000e+00 7.0467e-05 0.0000e+00 7.0467e-05 1.5578e-01 0.0000e+00
255 0.0000e+00 0.0000e+00 7.0312e-05 0.0000e+00 7.0312e-05 1.5585e-01 0.0000e+00
256 0.0000e+00 0.0000e+00 7.0158e-05 0.0000e+00 7.0158e-05 1.5592e-01 0.0000e+00
257 0.0000e+00 0.0000e+00 7.0004e-05 0.0000e+00 7.0004e-05 1.5599e-01 0.0000e+00
258 0.0000e+00 0.0000e+00 6.9851e-05 0.0000e+00 6.9851e-05 1.5606e-01 0.0000e+00
259 0.0000e+00 0.0000e+00 6.9699e-05 0.0000e+00 6.9699e-05 1.5613e-01 0.0000e+00
260 0.0000e+00 0.0000e+00 6.9547e-05 0.0000e+00 6.9547e-05 1.5620e-01 0.0000e+00
261 0.0000e+00 7.5200e-05 6.9396e-05 0.0000e+00 6.9396e-05 1.5627e-01 0.0000e+00
262 1.0000e-03 1.4510e-04 6.9246e-05 0.0000e+00 6.9246e-05 1.5634e-01 0.0000e+00
263 0.0000e+00 2.0520e-04 6.9096e-05 0.0000e+00 6.9096e-05 1.5640e-01 0.0000e+00
264 0.0000e+00 2.5130e-04 6.8947e-05 0.0000e+00 6.8947e-05 1.5647e-01 0.0000e+00
265 0.0000e+00 2.7800e-04 6.8799e-05 0.0000e+00 6.8799e-05 1.5654e-01 0.0000e+00
266 0.0000e+00 2.9030e-04 6.8651e-05 0.0000e+00 6.8651e-05 1.5661e-01 0.0000e+00
267 0.0000e+00 2.7800e-04 6.8504e-05 0.0000e+00 6.8504e-05 1.5668e-01 0.0000e+00
268 0.0000e+00 2.5130e-04 6.8357e-05 0.0000e+00 6.8357e-05 1.5675e-01 0.0000e+00
269 0.0000e+00 2.0520e-04 6.8211e-05 0.0000e+00 6.8211e-05 1.5682e-01 0.0000e+00
270 0.0000e+00 1.4510e-04 6.8066e-05 0.0000e+00 6.8066e-05 1.5688e-01 0.0000e+00
271 0.0000e+00 7.0200e-05 6.7922e-05 0.0000e+00 6.7922e-05 1.5695e-01 0.0000e+00
272 0.0000e+00 0.0000e+00 6.7778e-05 0.0000e+00 6.7778e-05 1.5702e-01 0.0000e+00
273 0.0000e+00 0.0000e+00 6.7634e-05 0.0000e+00 6.7634e-05 1.5709e-01 0.0000e+00
274 0.0000e+00 0.0000e+00 6.7491e-05 0.0000e+00 6.7491e-05 1.5716e-01 0.0000e+00
275 0.0000e+00 0.0000e+00 6.7349e-05 0.0000e+00 6.7349e-05 1.5722e-01 0.0000e+00
276 0.0000e+00 0.0000e+00 6.7208e-05 0.0000e+00 6.7208e-05 1.5729e-01 0.0000e+00
277 0.0000e+00 0.0000e+00 6.7067e-05 0.0000e+00 6.7067e-05 1.5736e-01 0.0000e+00
278 0.0000e+00 0.0000e+00 6.6926e-05 0.0000e+00 6.6926e-05 1.5742e-01 0.0000e+00
279 0.0000e+00 0.0000e+00 6.6786e-05 0.0000e+00 6.6786e-05 1.5749e-01 0.0000e+00
280 0.0000e+00 0.0000e+00 6.6647e-05 0.0000e+00 6.6647e-05 1.5756e-01 0.0000e+00
281 0.0000e+00 0.0000e+00 6.6508e-05 0.0000e+00 6.6508e-05 1.5762e-01 0.0000e+00
282 0.0000e+00 0.0000e+00 6.6370e-05 0.0000e+00 6.6370e-05 1.5769e-01 0.0000e+00
283 1.0000e-03 0.0000e+00 6.6233e-05 0.0000e+00 6.6233e-05 1.5776e-01 0.0000e+00
284 5.0000e-04 0.0000e+00 6.6096e-05 0.0000e+00 6.6096e-05 1.5782e-01 0.0000e+00
285 2.5000e-03 2.4400e-05 6.9274e-05 2.4174e-05 6.5959e-05 1.5786e-01 3.3145e-06
286 6.0000e-03 4.7000e-05 1.8930e-04 9.1800e-04 6.5873e-05 1.5701e-01 1.2342e-04
287 4.0000e-03 6.6500e-05 1.4930e-04 1.2994e-03 6.7651e-05 1.5578e-01 8.1647e-05
288 1.5000e-03 8.1400e-05 9.9914e-05 1.2585e-03 7.0306e-05 1.5459e-01 2.9608e-05
289 0.0000e+00 9.0100e-05 7.2965e-05 1.0375e-03 7.2965e-05 1.5363e-01 0.0000e+00
290 0.0000e+00 9.4000e-05 7.5198e-05 8.7743e-04 7.5198e-05 1.5283e-01 0.0000e+00
291 5.0000e-04 9.0100e-05 8.1960e-05 7.8430e-04 7.7107e-05 1.5212e-01 4.8532e-06
292 0.0000e+00 8.1400e-05 7.8830e-05 6.6667e-04 7.8830e-05 1.5153e-01 0.0000e+00
293 0.0000e+00 6.6500e-05 8.0292e-05 5.7169e-04 8.0292e-05 1.5104e-01 0.0000e+00
294 1.5000e-03 4.7000e-05 1.0728e-04 6.9488e-04 8.1534e-05 1.5043e-01 2.5742e-05
295 1.0000e-03 2.2800e-05 1.0469e-04 7.2579e-04 8.3112e-05 1.4978e-01 2.1578e-05
296 0.0000e+00 0.0000e+00 8.4798e-05 6.0320e-04 8.4798e-05 1.4926e-01 0.0000e+00
297 0.0000e+00 0.0000e+00 8.6183e-05 5.1448e-04 8.6183e-05 1.4884e-01 0.0000e+00
298 0.0000e+00 0.0000e+00 8.7344e-05 4.4145e-04 8.7344e-05 1.4848e-01 0.0000e+00
299 0.0000e+00 0.0000e+00 8.8316e-05 3.8038e-04 8.8316e-05 1.4819e-01 0.0000e+00
300 0.0000e+00 0.0000e+00 8.9126e-05 3.2881e-04 8.9126e-05 1.4795e-01 0.0000e+00
301 0.0000e+00 0.0000e+00 8.9796e-05 2.8498e-04 8.9796e-05 1.4776e-01 0.0000e+00
302 0.0000e+00 0.0000e+00 9.0345e-05 2.4756e-04 9.0345e-05 1.4760e-01 0.0000e+00
303 0.0000e+00 0.0000e+00 9.0790e-05 2.1550e-04 9.0790e-05 1.4747e-01 0.0000e+00
304 0.0000e+00 0.0000e+00 9.1145e-05 1.8793e-04 9.1145e-05 1.4738e-01 0.0000e+00
305 0.0000e+00 0.0000e+00 9.1421e-05 1.6417e-04 9.1421e-05 1.4730e-01 0.0000e+00
306 0.0000e+00 0.0000e+00 9.1629e-05 1.4365e-04 9.1629e-05 1.4725e-01 0.0000e+00
307 0.0000e+00 0.0000e+00 9.1778e-05 1.2587e-04 9.1778e-05 1.4722e-01 0.0000e+00
308 0.0000e+00 0.0000e+00 9.1876e-05 1.1045e-04 9.1876e-05 1.4720e-01 0.0000e+00
309 0.0000e+00 2.8800e-05 9.1929e-05 9.7043e-05 9.1929e-05 1.4719e-01 0.0000e+00
310 5.0000e-04 5.5500e-05 1.0410e-04 1.5758e-04 9.1944e-05 1.4713e-01 1.2157e-05
311 0.0000e+00 7.8500e-05 9.2133e-05 1.2869e-04 9.2133e-05 1.4709e-01 0.0000e+00
312 0.0000e+00 9.6200e-05 9.2238e-05 1.0989e-04 9.2238e-05 1.4707e-01 0.0000e+00
313 0.0000e+00 1.0640e-04 9.2289e-05 9.4740e-05 9.2289e-05 1.4707e-01 0.0000e+00
314 0.0000e+00 1.1110e-04 9.2296e-05 8.2138e-05 9.2296e-05 1.4708e-01 0.0000e+00
315 0.0000e+00 1.0640e-04 9.2267e-05 7.1492e-05 9.2267e-05 1.4710e-01 0.0000e+00
316 0.0000e+00 9.6200e-05 9.2207e-05 6.2415e-05 9.2207e-05 1.4713e-01 0.0000e+00
317 5.0000e-04 7.8500e-05 9.2121e-05 5.4627e-05 9.2121e-05 1.4717e-01 0.0000e+00
318 1.0000e-03 5.5500e-05 1.1303e-04 1.7275e-04 9.2013e-05 1.4709e-01 2.1012e-05
319 5.0000e-04 2.6900e-05 1.0430e-04 2.0623e-04 9.2246e-05 1.4698e-01 1.2051e-05
320 0.0000e+00 0.0000e+00 9.2575e-05 1.6551e-04 9.2575e-05 1.4690e-01 0.0000e+00
321 0.0000e+00 0.0000e+00 9.2786e-05 1.3854e-04 9.2786e-05 1.4686e-01 0.0000e+00
322 1.0000e-03 0.0000e+00 1.1930e-04 2.7463e-04 9.2919e-05 1.4667e-01 2.6382e-05
323 1.0000e-03 0.0000e+00 1.2056e-04 3.7856e-04 9.3448e-05 1.4639e-01 2.7112e-05
324 0.0000e+00 0.0000e+00 9.4284e-05 3.0089e-04 9.4284e-05 1.4618e-01 0.0000e+00
325 0.0000e+00 0.0000e+00 9.4895e-05 2.5074e-04 9.4895e-05 1.4603e-01 0.0000e+00
326 0.0000e+00 0.0000e+00 9.5358e-05 2.1156e-04 9.5358e-05 1.4591e-01 0.0000e+00
327 0.0000e+00 0.0000e+00 9.5705e-05 1.7987e-04 9.5705e-05 1.4583e-01 0.0000e+00
328 0.0000e+00 0.0000e+00 9.5957e-05 1.5376e-04 9.5957e-05 1.4577e-01 0.0000e+00
329 0.0000e+00 0.0000e+00 9.6131e-05 1.3201e-04 9.6131e-05 1.4573e-01 0.0000e+00
330 0.0000e+00 0.0000e+00 9.6239e-05 1.1375e-04 9.6239e-05 1.4572e-01 0.0000e+00
331 0.0000e+00 0.0000e+00 9.6291e-05 9.8328e-05 9.6291e-05 1.4571e-01 0.0000e+00
332 0.0000e+00 0.0000e+00 9.6297e-05 8.5227e-05 9.6297e-05 1.4572e-01 0.0000e+00
333 0.0000e+00 1.1200e-05 9.6264e-05 7.4052e-05 9.6264e-05 1.4575e-01 0.0000e+00
334 0.0000e+00 2.1600e-05 9.6197e-05 6.4484e-05 9.6197e-05 1.4578e-01 0.0000e+00
335 0.0000e+00 3.0600e-05 9.6102e-05 5.6265e-05 9.6102e-05 1.4582e-01 0.0000e+00
336 0.0000e+00 3.7400e-05 9.5982e-05 4.9184e-05 9.5982e-05 1.4587e-01 0.0000e+00
337 0.0000e+00 4.1400e-05 9.5842e-05 4.3066e-05 9.5842e-05 1.4592e-01 0.0000e+00
338 5.0000e-04 4.3200e-05 1.0539e-04 9.6186e-05 9.5684e-05 1.4592e-01 9.7048e-06
339 5.0000e-04 4.1400e-05 1.0807e-04 1.5064e-04 9.5686e-05 1.4586e-01 1.2385e-05
340 1.5000e-03 3.7400e-05 1.3540e-04 3.5704e-04 9.5850e-05 1.4560e-01 3.9545e-05
341 1.5000e-03 3.0600e-05 1.3629e-04 5.1414e-04 9.6636e-05 1.4518e-01 3.9654e-05
342 1.0000e-03 2.1600e-05 1.2419e-04 5.6270e-04 9.7905e-05 1.4472e-01 2.6282e-05
343 5.0000e-04 1.0500e-05 1.1231e-04 5.3024e-04 9.9337e-05 1.4429e-01 1.2970e-05
344 1.0000e-03 0.0000e+00 1.2751e-04 5.9797e-04 1.0068e-04 1.4379e-01 2.6827e-05
345 5.0000e-04 0.0000e+00 1.1582e-04 5.6727e-04 1.0226e-04 1.4333e-01 1.3556e-05
346 0.0000e+00 0.0000e+00 1.0376e-04 4.6599e-04 1.0376e-04 1.4296e-01 0.0000e+00
347 0.0000e+00 0.0000e+00 1.0494e-04 3.9185e-04 1.0494e-04 1.4268e-01 0.0000e+00
348 0.0000e+00 0.0000e+00 1.0588e-04 3.3210e-04 1.0588e-04 1.4245e-01 0.0000e+00
349 0.0000e+00 0.0000e+00 1.0664e-04 2.8295e-04 1.0664e-04 1.4227e-01 0.0000e+00
350 0.0000e+00 0.0000e+00 1.0722e-04 2.4209e-04 1.0722e-04 1.4214e-01 0.0000e+00
351 0.0000e+00 0.0000e+00 1.0768e-04 2.0787e-04 1.0768e-04 1.4204e-01 0.0000e+00
352 0.0000e+00 0.0000e+00 1.0801e-04 1.7903e-04 1.0801e-04 1.4197e-01 0.0000e+00
353 5.0000e-04 0.0000e+00 1.2181e-04 2.3989e-04 1.0825e-04 1.4184e-01 1.3556e-05
354 0.0000e+00 0.0000e+00 1.0870e-04 1.9479e-04 1.0870e-04 1.4175e-01 0.0000e+00
355 0.0000e+00 0.0000e+00 1.0899e-04 1.6547e-04 1.0899e-04 1.4169e-01 0.0000e+00
356 0.0000e+00 0.0000e+00 1.0919e-04 1.4173e-04 1.0919e-04 1.4166e-01 0.0000e+00
357 0.0000e+00 7.2300e-05 1.0930e-04 1.2199e-04 1.0930e-04 1.4165e-01 0.0000e+00
358 0.0000e+00 1.3960e-04 1.0934e-04 1.0538e-04 1.0934e-04 1.4165e-01 0.0000e+00
359 0.0000e+00 1.9750e-04 1.0933e-04 9.1316e-05 1.0933e-04 1.4167e-01 0.0000e+00
360 0.0000e+00 2.4180e-04 1.0927e-04 7.9332e-05 1.0927e-04 1.4170e-01 0.0000e+00
361 0.0000e+00 2.6750e-04 1.0916e-04 6.9077e-05 1.0916e-04 1.4174e-01 0.0000e+00
362 0.0000e+00 2.7930e-04 1.0903e-04 6.0269e-05 1.0903e-04 1.4179e-01 0.0000e+00
363 0.0000e+00 2.6750e-04 1.0886e-04 5.2679e-05 1.0886e-04 1.4185e-01 0.0000e+00
364 0.0000e+00 2.4180e-04 1.0867e-04 4.6121e-05 1.0867e-04 1.4191e-01 0.0000e+00
365 0.0000e+00 1.9750e-04 1.0846e-04 4.0442e-05 1.0846e-04 1.4198e-01 0.0000e+00
366 0.0000e+00 1.3960e-04 1.0823e-04 3.5512e-05 1.0823e-04 1.4205e-01 0.0000e+00
367 0.0000e+00 6.7600e-05 1.0798e-04 3.1224e-05 1.0798e-04 1.4213e-01 0.0000e+00
368 0.0000e+00 0.0000e+00 1.0772e-04 2.7488e-05 1.0772e-04 1.4221e-01 0.0000e+00
369 0.0000e+00 0.0000e+00 1.0745e-04 2.4227e-05 1.0745e-04 1.4229e-01 0.0000e+00
370 0.0000e+00 0.0000e+00 1.0717e-04 2.1376e-05 1.0717e-04 1.4237e-01 0.0000e+00
371 0.0000e+00 0.0000e+00 1.0689e-04 1.8880e-05 1.0689e-04 1.4246e-01 0.0000e+00
372 0.0000e+00 0.0000e+00 1.0659e-04 1.6692e-05 1.0659e-04 1.4255e-01 0.0000e+00
373 5.0000e-04 0.0000e+00 1.0629e-04 1.4772e-05 1.0629e-04 1.4264e-01 0.0000e+00
374 7.5000e-03 0.0000e+00 2.6670e-04 1.0160e-03 1.0599e-04 1.4173e-01 1.6071e-04
375 4.5000e-03 0.0000e+00 2.3105e-04 1.5068e-03 1.0905e-04 1.4034e-01 1.2200e-04
376 2.5000e-03 0.0000e+00 1.8170e-04 1.5921e-03 1.1392e-04 1.3886e-01 6.7779e-05
377 5.0000e-04 0.0000e+00 1.3286e-04 1.3515e-03 1.1930e-04 1.3763e-01 1.3556e-05
378 0.0000e+00 0.0000e+00 1.2399e-04 1.1094e-03 1.2399e-04 1.3664e-01 0.0000e+00
379 0.0000e+00 0.0000e+00 1.2786e-04 9.2540e-04 1.2786e-04 1.3584e-01 0.0000e+00
380 0.0000e+00 0.0000e+00 1.3109e-04 7.7684e-04 1.3109e-04 1.3520e-01 0.0000e+00
381 0.0000e+00 1.7400e-05 1.3376e-04 6.5547e-04 1.3376e-04 1.3468e-01 0.0000e+00
382 0.0000e+00 3.3600e-05 1.3596e-04 5.5540e-04 1.3596e-04 1.3426e-01 0.0000e+00
383 1.0000e-03 4.7500e-05 1.7142e-04 6.3932e-04 1.3776e-04 1.3375e-01 3.3666e-05
384 1.0000e-03 5.8200e-05 1.7372e-04 6.9202e-04 1.3993e-04 1.3320e-01 3.3790e-05
385 0.0000e+00 6.4300e-05 1.4237e-04 5.6273e-04 1.4237e-04 1.3278e-01 0.0000e+00
386 5.0000e-04 6.7200e-05 1.5764e-04 5.3923e-04 1.4425e-04 1.3239e-01 1.3395e-05
387 0.0000e+00 6.4300e-05 1.4604e-04 4.4696e-04 1.4604e-04 1.3209e-01 0.0000e+00
388 0.0000e+00 5.8200e-05 1.4742e-04 3.7736e-04 1.4742e-04 1.3186e-01 0.0000e+00
389 0.0000e+00 4.7500e-05 1.4848e-04 3.2060e-04 1.4848e-04 1.3168e-01 0.0000e+00
390 5.0000e-04 3.3600e-05 1.5862e-04 3.2126e-04 1.4928e-04 1.3151e-01 9.3378e-06
391 0.0000e+00 1.6300e-05 1.5009e-04 2.6802e-04 1.5009e-04 1.3139e-01 0.0000e+00
392 5.0000e-04 0.0000e+00 1.6661e-04 3.0983e-04 1.5064e-04 1.3124e-01 1.5968e-05
393 5.0000e-04 0.0000e+00 1.6913e-04 3.4378e-04 1.5139e-04 1.3104e-01 1.7738e-05
394 0.0000e+00 0.0000e+00 1.5231e-04 2.7745e-04 1.5231e-04 1.3092e-01 0.0000e+00
395 0.0000e+00 0.0000e+00 1.5290e-04 2.3238e-04 1.5290e-04 1.3084e-01 0.0000e+00
396 0.0000e+00 0.0000e+00 1.5328e-04 1.9661e-04 1.5328e-04 1.3079e-01 0.0000e+00
397 0.0000e+00 0.0000e+00 1.5349e-04 1.6742e-04 1.5349e-04 1.3078e-01 0.0000e+00
398 0.0000e+00 0.0000e+00 1.5356e-04 1.4323e-04 1.5356e-04 1.3079e-01 0.0000e+00
399 0.0000e+00 0.0000e+00 1.5351e-04 1.2300e-04 1.5351e-04 1.3082e-01 0.0000e+00
400 0.0000e+00 0.0000e+00 1.5336e-04 1.0597e-04 1.5336e-04 1.3087e-01 0.0000e+00
401 0.0000e+00 0.0000e+00 1.5314e-04 9.1547e-05 1.5314e-04 1.3093e-01 0.0000e+00
402 1.0000e-03 0.0000e+00 1.8832e-04 2.6194e-04 1.5284e-04 1.3082e-01 3.5475e-05
403 0.0000e+00 0.0000e+00 1.5336e-04 1.9689e-04 1.5336e-04 1.3078e-01 0.0000e+00
404 0.0000e+00 0.0000e+00 1.5357e-04 1.6117e-04 1.5357e-04 1.3077e-01 0.0000e+00
405 5.0000e-04 2.4600e-05 1.7135e-04 2.2582e-04 1.5361e-04 1.3070e-01 1.7738e-05
406 5.0000e-04 4.7400e-05 1.7082e-04 2.6428e-04 1.5396e-04 1.3059e-01 1.6865e-05
407 0.0000e+00 6.7100e-05 1.5449e-04 2.0765e-04 1.5449e-04 1.3053e-01 0.0000e+00
408 5.0000e-04 8.2200e-05 1.6842e-04 2.4195e-04 1.5474e-04 1.3045e-01 1.3678e-05
409 0.0000e+00 9.0900e-05 1.5517e-04 1.9253e-04 1.5517e-04 1.3041e-01 0.0000e+00
410 0.0000e+00 9.5000e-05 1.5535e-04 1.5966e-04 1.5535e-04 1.3041e-01 0.0000e+00
411 0.0000e+00 9.0900e-05 1.5537e-04 1.3391e-04 1.5537e-04 1.3043e-01 0.0000e+00
412 0.0000e+00 8.2200e-05 1.5527e-04 1.1315e-04 1.5527e-04 1.3047e-01 0.0000e+00
413 0.0000e+00 6.7100e-05 1.5506e-04 9.6141e-05 1.5506e-04 1.3053e-01 0.0000e+00
414 0.0000e+00 4.7400e-05 1.5478e-04 8.2057e-05 1.5478e-04 1.3060e-01 0.0000e+00
415 0.0000e+00 2.3000e-05 1.5442e-04 7.0305e-05 1.5442e-04 1.3069e-01 0.0000e+00
416 0.0000e+00 0.0000e+00 1.5402e-04 6.0434e-05 1.5402e-04 1.3078e-01 0.0000e+00
417 0.0000e+00 0.0000e+00 1.5357e-04 5.2099e-05 1.5357e-04 1.3088e-01 0.0000e+00
418 0.0000e+00 0.0000e+00 1.5308e-04 4.5029e-05 1.5308e-04 1.3099e-01 0.0000e+00
419 0.0000e+00 0.0000e+00 1.5257e-04 3.9010e-05 1.5257e-04 1.3110e-01 0.0000e+00
420 0.0000e+00 0.0000e+00 1.5203e-04 3.3866e-05 1.5203e-04 1.3122e-01 0.0000e+00
421 0.0000e+00 0.0000e+00 1.5147e-04 2.9456e-05 1.5147e-04 1.3134e-01 0.0000e+00
422 0.0000e+00 0.0000e+00 1.5089e-04 2.5668e-05 1.5089e-04 1.3147e-01 0.0000e+00
423 0.0000e+00 0.0000e+00 1.5030e-04 2.2403e-05 1.5030e-04 1.3160e-01 0.0000e+00
424 0.0000e+00 0.0000e+00 1.4970e-04 1.9584e-05 1.4970e-04 1.3173e-01 0.0000e+00
425 0.0000e+00 0.0000e+00 1.4909e-04 1.7144e-05 1.4909e-04 1.3186e-01 0.0000e+00
426 0.0000e+00 0.0000e+00 1.4848e-04 1.5028e-05 1.4848e-04 1.3199e-01 0.0000e+00
427 5.0000e-04 0.0000e+00 1.4786e-04 1.3190e-05 1.4786e-04 1.3213e-01 0.0000e+00
428 2.0000e-03 0.0000e+00 2.1550e-04 3.5826e-04 1.4724e-04 1.3191e-01 6.8261e-05
429 3.0000e-03 3.2600e-05 2.5464e-04 7.9726e-04 1.4822e-04 1.3127e-01 1.0643e-04
430 2.0000e-03 6.2900e-05 2.2105e-04 9.4706e-04 1.5125e-04 1.3047e-01 6.9794e-05
431 1.0000e-03 8.9000e-05 1.8830e-04 8.9922e-04 1.5506e-04 1.2973e-01 3.3244e-05
432 0.0000e+00 1.0900e-04 1.5871e-04 7.1044e-04 1.5871e-04 1.2917e-01 0.0000e+00
433 5.0000e-04 1.2060e-04 1.7219e-04 6.3685e-04 1.6147e-04 1.2870e-01 1.0720e-05
434 0.0000e+00 1.2590e-04 1.6389e-04 5.1927e-04 1.6389e-04 1.2834e-01 0.0000e+00
435 0.0000e+00 1.2060e-04 1.6572e-04 4.3111e-04 1.6572e-04 1.2808e-01 0.0000e+00
436 0.0000e+00 1.0900e-04 1.6710e-04 3.6062e-04 1.6710e-04 1.2788e-01 0.0000e+00
437 3.5000e-03 8.9000e-05 2.7544e-04 8.7691e-04 1.6811e-04 1.2718e-01 1.0733e-04
438 0.0000e+00 6.2900e-05 1.7187e-04 6.5153e-04 1.7187e-04 1.2670e-01 0.0000e+00
439 0.0000e+00 3.0500e-05 1.7447e-04 5.2924e-04 1.7447e-04 1.2634e-01 0.0000e+00
440 0.0000e+00 0.0000e+00 1.7642e-04 4.3726e-04 1.7642e-04 1.2608e-01 0.0000e+00
441 0.0000e+00 0.0000e+00 1.7786e-04 3.6460e-04 1.7786e-04 1.2589e-01 0.0000e+00
442 0.0000e+00 0.0000e+00 1.7890e-04 3.0605e-04 1.7890e-04 1.2577e-01 0.0000e+00
443 0.0000e+00 0.0000e+00 1.7961e-04 2.5829e-04 1.7961e-04 1.2569e-01 0.0000e+00
444 5.0000e-04 0.0000e+00 1.9133e-04 2.8096e-04 1.8005e-04 1.2559e-01 1.1274e-05
445 0.0000e+00 0.0000e+00 1.8062e-04 2.2768e-04 1.8062e-04 1.2554e-01 0.0000e+00
446 0.0000e+00 0.0000e+00 1.8089e-04 1.9164e-04 1.8089e-04 1.2553e-01 0.0000e+00
447 0.0000e+00 0.0000e+00 1.8095e-04 1.6245e-04 1.8095e-04 1.2555e-01 0.0000e+00
448 0.0000e+00 0.0000e+00 1.8085e-04 1.3838e-04 1.8085e-04 1.2559e-01 0.0000e+00
449 0.0000e+00 0.0000e+00 1.8061e-04 1.1834e-04 1.8061e-04 1.2565e-01 0.0000e+00
450 0.0000e+00 0.0000e+00 1.8025e-04 1.0152e-04 1.8025e-04 1.2573e-01 0.0000e+00
451 0.0000e+00 0.0000e+00 1.7981e-04 8.7344e-05 1.7981e-04 1.2582e-01 0.0000e+00
452 5.0000e-04 0.0000e+00 1.9703e-04 1.7271e-04 1.7929e-04 1.2583e-01 1.7738e-05
453 0.0000e+00 2.2400e-05 1.7926e-04 1.3002e-04 1.7926e-04 1.2588e-01 0.0000e+00
454 0.0000e+00 4.3300e-05 1.7898e-04 1.0745e-04 1.7898e-04 1.2595e-01 0.0000e+00
455 0.0000e+00 6.1200e-05 1.7858e-04 9.0063e-05 1.7858e-04 1.2604e-01 0.0000e+00
456 0.0000e+00 7.5000e-05 1.7809e-04 7.6136e-05 1.7809e-04 1.2614e-01 0.0000e+00
457 0.0000e+00 8.3000e-05 1.7752e-04 6.4771e-05 1.7752e-04 1.2625e-01 0.0000e+00
458 0.0000e+00 8.6600e-05 1.7690e-04 5.5374e-05 1.7690e-04 1.2638e-01 0.0000e+00
459 0.0000e+00 8.3000e-05 1.7623e-04 4.7531e-05 1.7623e-04 1.2650e-01 0.0000e+00
460 0.0000e+00 7.5000e-05 1.7552e-04 4.0936e-05 1.7552e-04 1.2664e-01 0.0000e+00
461 0.0000e+00 6.1200e-05 1.7478e-04 3.5357e-05 1.7478e-04 1.2678e-01 0.0000e+00
462 0.0000e+00 4.3300e-05 1.7402e-04 3.0616e-05 1.7402e-04 1.2692e-01 0.0000e+00
463 0.0000e+00 2.1000e-05 1.7324e-04 2.6570e-05 1.7324e-04 1.2707e-01 0.0000e+00
464 0.0000e+00 0.0000e+00 1.7245e-04 2.3105e-05 1.7245e-04 1.2722e-01 0.0000e+00
465 1.0000e-03 0.0000e+00 1.8402e-04 8.6823e-05 1.7165e-04 1.2730e-01 1.2375e-05
466 5.0000e-04 0.0000e+00 1.8893e-04 1.5818e-04 1.7119e-04 1.2732e-01 1.7738e-05
467 0.0000e+00 0.0000e+00 1.7112e-04 1.1556e-04 1.7112e-04 1.2737e-01 0.0000e+00
468 0.0000e+00 0.0000e+00 1.7083e-04 9.2953e-05 1.7083e-04 1.2745e-01 0.0000e+00
469 5.0000e-04 0.0000e+00 1.8815e-04 1.7159e-04 1.7041e-04 1.2745e-01 1.7738e-05
470 0.0000e+00 0.0000e+00 1.7042e-04 1.2808e-04 1.7042e-04 1.2749e-01 0.0000e+00
471 0.0000e+00 0.0000e+00 1.7019e-04 1.0395e-04 1.7019e-04 1.2756e-01 0.0000e+00
472 5.0000e-04 0.0000e+00 1.8758e-04 1.8100e-04 1.6984e-04 1.2754e-01 1.7738e-05
473 5.0000e-04 0.0000e+00 1.8764e-04 2.3149e-04 1.6990e-04 1.2748e-01 1.7738e-05
474 0.0000e+00 0.0000e+00 1.7023e-04 1.7585e-04 1.7023e-04 1.2748e-01 0.0000e+00
475 0.0000e+00 0.0000e+00 1.7026e-04 1.4291e-04 1.7026e-04 1.2751e-01 0.0000e+00
476 0.0000e+00 0.0000e+00 1.7011e-04 1.1799e-04 1.7011e-04 1.2756e-01 0.0000e+00
477 0.0000e+00 9.2000e-06 1.6984e-04 9.8363e-05 1.6984e-04 1.2763e-01 0.0000e+00
478 0.0000e+00 1.7800e-05 1.6946e-04 8.2597e-05 1.6946e-04 1.2772e-01 0.0000e+00
479 0.0000e+00 2.5200e-05 1.6900e-04 6.9761e-05 1.6900e-04 1.2781e-01 0.0000e+00
480 0.0000e+00 3.0900e-05 1.6847e-04 5.9205e-05 1.6847e-04 1.2792e-01 0.0000e+00
481 0.0000e+00 3.4200e-05 1.6790e-04 5.0451e-05 1.6790e-04 1.2804e-01 0.0000e+00
482 5.0000e-04 3.5700e-05 1.8087e-04 1.1557e-04 1.6728e-04 1.2809e-01 1.3580e-05
483 2.5000e-03 3.4200e-05 2.5444e-04 5.5235e-04 1.6701e-04 1.2771e-01 8.7422e-05
484 1.0000e-03 3.0900e-05 2.0330e-04 5.7411e-04 1.6904e-04 1.2730e-01 3.4262e-05
485 0.0000e+00 2.5200e-05 1.7119e-04 4.3668e-04 1.7119e-04 1.2704e-01 0.0000e+00
486 1.0000e-03 1.7800e-05 2.0610e-04 5.3313e-04 1.7262e-04 1.2668e-01 3.3486e-05
487 0.0000e+00 8.6000e-06 1.7457e-04 4.1191e-04 1.7457e-04 1.2644e-01 0.0000e+00
488 0.0000e+00 0.0000e+00 1.7587e-04 3.3616e-04 1.7587e-04 1.2628e-01 0.0000e+00
489 0.0000e+00 0.0000e+00 1.7676e-04 2.7790e-04 1.7676e-04 1.2618e-01 0.0000e+00
490 0.0000e+00 0.0000e+00 1.7732e-04 2.3165e-04 1.7732e-04 1.2612e-01 0.0000e+00
491 0.0000e+00 0.0000e+00 1.7762e-04 1.9434e-04 1.7762e-04 1.2611e-01 0.0000e+00
492 0.0000e+00 0.0000e+00 1.7771e-04 1.6391e-04 1.7771e-04 1.2612e-01 0.0000e+00
493 0.0000e+00 0.0000e+00 1.7763e-04 1.3887e-04 1.7763e-04 1.2616e-01 0.0000e+00
494 0.0000e+00 0.0000e+00 1.7742e-04 1.1810e-04 1.7742e-04 1.2622e-01 0.0000e+00
495 0.0000e+00 0.0000e+00 1.7709e-04 1.0079e-04 1.7709e-04 1.2630e-01 0.0000e+00
496 0.0000e+00 0.0000e+00 1.7667e-04 8.6271e-05 1.7667e-04 1.2639e-01 0.0000e+00
497 0.0000e+00 0.0000e+00 1.7617e-04 7.4048e-05 1.7617e-04 1.2649e-01 0.0000e+00
498 0.0000e+00 0.0000e+00 1.7561e-04 6.3714e-05 1.7561e-04 1.2660e-01 0.0000e+00
499 0.0000e+00 0.0000e+00 1.7500e-04 5.4947e-05 1.7500e-04 1.2672e-01 0.0000e+00
500 0.0000e+00 0.0000e+00 1.7434e-04 4.7486e-05 1.7434e-04 1.2685e-01 0.0000e+00
501 0.0000e+00 6.3800e-05 1.7365e-04 4.1118e-05 1.7365e-04 1.2698e-01 0.0000e+00
502 0.0000e+00 1.2310e-04 1.7293e-04 3.5669e-05 1.7293e-04 1.2712e-01 0.0000e+00
503 0.0000e+00 1.7420e-04 1.7219e-04 3.0993e-05 1.7219e-04 1.2726e-01 0.0000e+00
504 0.0000e+00 2.1330e-04 1.7143e-04 2.6974e-05 1.7143e-04 1.2740e-01 0.0000e+00
505 0.0000e+00 2.3600e-04 1.7066e-04 2.3510e-05 1.7066e-04 1.2755e-01 0.0000e+00
506 0.0000e+00 2.4640e-04 1.6988e-04 2.0520e-05 1.6988e-04 1.2770e-01 0.0000e+00
507 0.0000e+00 2.3600e-04 1.6909e-04 1.7933e-05 1.6909e-04 1.2785e-01 0.0000e+00
508 0.0000e+00 2.1330e-04 1.6829e-04 1.5693e-05 1.6829e-04 1.2800e-01 0.0000e+00
509 0.0000e+00 1.7420e-04 1.6749e-04 1.3749e-05 1.6749e-04 1.2816e-01 0.0000e+00
510 0.0000e+00 1.2310e-04 1.6669e-04 1.2060e-05 1.6669e-04 1.2831e-01 0.0000e+00
511 0.0000e+00 5.9600e-05 1.6588e-04 1.0589e-05 1.6588e-04 1.2847e-01 0.0000e+00
512 0.0000e+00 0.0000e+00 1.6508e-04 9.3077e-06 1.6508e-04 1.2862e-01 0.0000e+00
513 0.0000e+00 0.0000e+00 1.6428e-04 8.1892e-06 1.6428e-04 1.2878e-01 0.0000e+00
514 0.0000e+00 0.0000e+00 1.6348e-04 7.2120e-06 1.6348e-04 1.2893e-01 0.0000e+00
515 0.0000e+00 0.0000e+00 1.6268e-04 6.3559e-06 1.6268e-04 1.2909e-01 0.0000e+00
516 0.0000e+00 0.0000e+00 1.6189e-04 5.6076e-06 1.6189e-04 1.2925e-01 0.0000e+00
517 0.0000e+00 0.0000e+00 1.6110e-04 4.9514e-06 1.6110e-04 1.2940e-01 0.0000e+00
518 0.0000e+00 0.0000e+00 1.6032e-04 4.3756e-06 1.6032e-04 1.2956e-01 0.0000e+00
519 0.0000e+00 0.0000e+00 1.5954e-04 3.8697e-06 1.5954e-04 1.2971e-01 0.0000e+00
520 0.0000e+00 0.0000e+00 1.5876e-04 3.4248e-06 1.5876e-04 1.2987e-01 0.0000e+00
521 0.0000e+00 0.0000e+00 1.5800e-04 3.0332e-06 1.5800e-04 1.3002e-01 0.0000e+00
522 0.0000e+00 0.0000e+00 1.5723e-04 2.6883e-06 1.5723e-04 1.3018e-01 0.0000e+00
523 0.0000e+00 0.0000e+00 1.5647e-04 2.3826e-06 1.5647e-04 1.3033e-01 0.0000e+00
524 0.0000e+00 0.0000e+00 1.5572e-04 2.1147e-06 1.5572e-04 1.3049e-01 0.0000e+00
525 0.0000e+00 4.1700e-05 1.5498e-04 1.8780e-06 1.5498e-04 1.3064e-01 0.0000e+00
526 0.0000e+00 8.0400e-05 1.5424e-04 1.6688e-06 1.5424e-04 1.3079e-01 0.0000e+00
527 0.0000e+00 1.1380e-04 1.5350e-04 1.4838e-06 1.5350e-04 1.3094e-01 0.0000e+00
528 0.0000e+00 1.3930e-04 1.5278e-04 1.3200e-06 1.5278e-04 1.3110e-01 0.0000e+00
529 0.0000e+00 1.5420e-04 1.5206e-04 1.1750e-06 1.5206e-04 1.3125e-01 0.0000e+00
530 0.0000e+00 1.6090e-04 1.5134e-04 1.0464e-06 1.5134e-04 1.3140e-01 0.0000e+00
531 0.0000e+00 1.5420e-04 1.5063e-04 9.3241e-07 1.5063e-04 1.3155e-01 0.0000e+00
532 0.0000e+00 1.3930e-04 1.4993e-04 8.2982e-07 1.4993e-04 1.3170e-01 0.0000e+00
533 0.0000e+00 1.1380e-04 1.4923e-04 7.4029e-07 1.4923e-04 1.3184e-01 0.0000e+00
534 0.0000e+00 8.0400e-05 1.4854e-04 6.6072e-07 1.4854e-04 1.3199e-01 0.0000e+00
535 0.0000e+00 3.8900e-05 1.4786e-04 5.8997e-07 1.4786e-04 1.3214e-01 0.0000e+00
536 0.0000e+00 0.0000e+00 1.4718e-04 5.2704e-07 1.4718e-04 1.3229e-01 0.0000e+00
537 0.0000e+00 0.0000e+00 1.4650e-04 4.7102e-07 1.4650e-04 1.3243e-01 0.0000e+00
538 0.0000e+00 0.0000e+00 1.4584e-04 4.2113e-07 1.4584e-04 1.3258e-01 0.0000e+00
539 0.0000e+00 0.0000e+00 1.4518e-04 3.7669e-07 1.4518e-04 1.3272e-01 0.0000e+00
540 0.0000e+00 0.0000e+00 1.4452e-04 3.3548e-07 1.4452e-04 1.3287e-01 0.0000e+00
541 0.0000e+00 0.0000e+00 1.4387e-04 3.0042e-07 1.4387e-04 1.3301e-01 0.0000e+00
542 0.0000e+00 0.0000e+00 1.4323e-04 2.6912e-07 1.4323e-04 1.3315e-01 0.0000e+00
543 0.0000e+00 0.0000e+00 1.4259e-04 2.4118e-07 1.4259e-04 1.3330e-01 0.0000e+00
544 0.0000e+00 0.0000e+00 1.4195e-04 2.1621e-07 1.4195e-04 1.3344e-01 0.0000e+00
545 0.0000e+00 0.0000e+00 1.4133e-04 1.9389e-07 1.4133e-04 1.3358e-01 0.0000e+00
546 0.0000e+00 0.0000e+00 1.4071e-04 1.7393e-07 1.4071e-04 1.3372e-01 0.0000e+00
547 0.0000e+00 0.0000e+00 1.4009e-04 1.5608e-07 1.4009e-04 1.3386e-01 0.0000e+00
548 0.0000e+00 0.0000e+00 1.3948e-04 1.4011e-07 1.3948e-04 1.3400e-01 0.0000e+00
549 0.0000e+00 2.0700e-05 1.3887e-04 1.2438e-07 1.3887e-04 1.3414e-01 0.0000e+00
550 0.0000e+00 4.0000e-05 1.3827e-04 1.1180e-07 1.3827e-04 1.3428e-01 0.0000e+00
551 0.0000e+00 5.6600e-05 1.3767e-04 1.0051e-07 1.3767e-04 1.3441e-01 0.0000e+00
552 1.0000e-03 6.9300e-05 1.3708e-04 9.0395e-08 1.3708e-04 1.3455e-01 0.0000e+00
553 1.0000e-03 7.6600e-05 1.3650e-04 8.1317e-08 1.3650e-04 1.3469e-01 0.0000e+00
554 2.0000e-03 8.0000e-05 1.6189e-04 1.2831e-04 1.3592e-04 1.3469e-01 2.5971e-05
555 1.5000e-03 7.6600e-05 1.8626e-04 3.4070e-04 1.3589e-04 1.3449e-01 5.0375e-05
556 0.0000e+00 6.9300e-05 1.3676e-04 2.5232e-04 1.3676e-04 1.3437e-01 0.0000e+00
557 5.0000e-04 5.6600e-05 1.4982e-04 2.6512e-04 1.3725e-04 1.3425e-01 1.2566e-05
558 0.0000e+00 4.0000e-05 1.3780e-04 2.1085e-04 1.3780e-04 1.3417e-01 0.0000e+00
559 0.0000e+00 1.9400e-05 1.3812e-04 1.7344e-04 1.3812e-04 1.3414e-01 0.0000e+00
560 0.0000e+00 0.0000e+00 1.3827e-04 1.4427e-04 1.3827e-04 1.3413e-01 0.0000e+00
561 0.0000e+00 0.0000e+00 1.3830e-04 1.2097e-04 1.3830e-04 1.3415e-01 0.0000e+00
562 0.0000e+00 0.0000e+00 1.3822e-04 1.0206e-04 1.3822e-04 1.3418e-01 0.0000e+00
563 0.0000e+00 0.0000e+00 1.3807e-04 8.6539e-05 1.3807e-04 1.3424e-01 0.0000e+00
564 0.0000e+00 0.0000e+00 1.3784e-04 7.3690e-05 1.3784e-04 1.3430e-01 0.0000e+00
565 5.0000e-04 0.0000e+00 1.5119e-04 1.3053e-04 1.3757e-04 1.3431e-01 1.3625e-05
566 0.0000e+00 0.0000e+00 1.3754e-04 1.0235e-04 1.3754e-04 1.3434e-01 0.0000e+00
567 0.0000e+00 0.0000e+00 1.3739e-04 8.5019e-05 1.3739e-04 1.3439e-01 0.0000e+00
568 0.0000e+00 0.0000e+00 1.3716e-04 7.1491e-05 1.3716e-04 1.3446e-01 0.0000e+00
569 0.0000e+00 0.0000e+00 1.3688e-04 6.0592e-05 1.3688e-04 1.3454e-01 0.0000e+00
570 0.0000e+00 0.0000e+00 1.3655e-04 5.1648e-05 1.3655e-04 1.3462e-01 0.0000e+00
571 0.0000e+00 0.0000e+00 1.3619e-04 4.4220e-05 1.3619e-04 1.3471e-01 0.0000e+00
572 0.0000e+00 0.0000e+00 1.3580e-04 3.7999e-05 1.3580e-04 1.3481e-01 0.0000e+00
573 3.0000e-03 3.0500e-05 2.4181e-04 5.5753e-04 1.3539e-04 1.3439e-01 1.0643e-04
574 1.0000e-03 5.8900e-05 1.7158e-04 5.7688e-04 1.3718e-04 1.3395e-01 3.4393e-05
575 2.5000e-03 8.3300e-05 2.2568e-04 8.8099e-04 1.3908e-04 1.3321e-01 8.6599e-05
576 3.5000e-03 1.0200e-04 2.6355e-04 1.2861e-03 1.4234e-04 1.3206e-01 1.2121e-04
577 1.5000e-03 1.1290e-04 1.9712e-04 1.2445e-03 1.4752e-04 1.3097e-01 4.9594e-05
578 0.0000e+00 1.1780e-04 1.5267e-04 9.8985e-04 1.5267e-04 1.3013e-01 0.0000e+00
579 0.0000e+00 1.1290e-04 1.5672e-04 8.1215e-04 1.5672e-04 1.2947e-01 0.0000e+00
580 0.0000e+00 1.0200e-04 1.5996e-04 6.7356e-04 1.5996e-04 1.2896e-01 0.0000e+00
581 0.0000e+00 8.3300e-05 1.6255e-04 5.6269e-04 1.6255e-04 1.2856e-01 0.0000e+00
582 0.0000e+00 5.8900e-05 1.6459e-04 4.7268e-04 1.6459e-04 1.2825e-01 0.0000e+00
583 0.0000e+00 2.8500e-05 1.6618e-04 3.9890e-04 1.6618e-04 1.2802e-01 0.0000e+00
584 0.0000e+00 0.0000e+00 1.6740e-04 3.3798e-04 1.6740e-04 1.2785e-01 0.0000e+00
585 0.0000e+00 0.0000e+00 1.6829e-04 2.8736e-04 1.6829e-04 1.2773e-01 0.0000e+00
586 0.0000e+00 0.0000e+00 1.6892e-04 2.4509e-04 1.6892e-04 1.2765e-01 0.0000e+00
587 0.0000e+00 0.0000e+00 1.6932e-04 2.0964e-04 1.6932e-04 1.2761e-01 0.0000e+00
588 0.0000e+00 0.0000e+00 1.6954e-04 1.7978e-04 1.6954e-04 1.2760e-01 0.0000e+00
589 5.0000e-04 0.0000e+00 1.6959e-04 1.5454e-04 1.6959e-04 1.2762e-01 0.0000e+00
590 0.0000e+00 0.0000e+00 1.6951e-04 1.3313e-04 1.6951e-04 1.2765e-01 0.0000e+00
591 0.0000e+00 0.0000e+00 1.6932e-04 1.1493e-04 1.6932e-04 1.2771e-01 0.0000e+00
592 5.0000e-04 0.0000e+00 1.8275e-04 1.7290e-04 1.6903e-04 1.2771e-01 1.3725e-05
593 0.0000e+00 0.0000e+00 1.6905e-04 1.3620e-04 1.6905e-04 1.2774e-01 0.0000e+00
594 1.0000e-03 0.0000e+00 2.0435e-04 3.0406e-04 1.6888e-04 1.2760e-01 3.5475e-05
595 0.0000e+00 0.0000e+00 1.6959e-04 2.2641e-04 1.6959e-04 1.2755e-01 0.0000e+00
596 0.0000e+00 0.0000e+00 1.6989e-04 1.8464e-04 1.6989e-04 1.2753e-01 0.0000e+00
597 0.0000e+00 6.2600e-05 1.6997e-04 1.5328e-04 1.6997e-04 1.2755e-01 0.0000e+00
598 0.0000e+00 1.2080e-04 1.6988e-04 1.2854e-04 1.6988e-04 1.2759e-01 0.0000e+00
599 0.0000e+00 1.7090e-04 1.6966e-04 1.0856e-04 1.6966e-04 1.2765e-01 0.0000e+00
600 0.0000e+00 2.0930e-04 1.6934e-04 9.2218e-05 1.6934e-04 1.2773e-01 0.0000e+00
601 0.0000e+00 2.3150e-04 1.6893e-04 7.8694e-05 1.6893e-04 1.2782e-01 0.0000e+00
602 0.0000e+00 2.4180e-04 1.6846e-04 6.7415e-05 1.6846e-04 1.2792e-01 0.0000e+00
603 0.0000e+00 2.3150e-04 1.6793e-04 5.7944e-05 1.6793e-04 1.2803e-01 0.0000e+00
604 0.0000e+00 2.0930e-04 1.6735e-04 4.9950e-05 1.6735e-04 1.2815e-01 0.0000e+00
605 0.0000e+00 1.7090e-04 1.6674e-04 4.3169e-05 1.6674e-04 1.2827e-01 0.0000e+00
606 0.0000e+00 1.2080e-04 1.6609e-04 3.7396e-05 1.6609e-04 1.2840e-01 0.0000e+00
607 0.0000e+00 5.8500e-05 1.6543e-04 3.2461e-05 1.6543e-04 1.2853e-01 0.0000e+00
608 0.0000e+00 0.0000e+00 1.6474e-04 2.8233e-05 1.6474e-04 1.2867e-01 0.0000e+00
609 0.0000e+00 0.0000e+00 1.6404e-04 2.4599e-05 1.6404e-04 1.2881e-01 0.0000e+00
610 0.0000e+00 0.0000e+00 1.6333e-04 2.1467e-05 1.6333e-04 1.2895e-01 0.0000e+00
611 0.0000e+00 0.0000e+00 1.6260e-04 1.8763e-05 1.6260e-04 1.2909e-01 0.0000e+00
612 0.0000e+00 0.0000e+00 1.6188e-04 1.6422e-05 1.6188e-04 1.2924e-01 0.0000e+00
613 0.0000e+00 0.0000e+00 1.6114e-04 1.4393e-05 1.6114e-04 1.2939e-01 0.0000e+00
614 0.0000e+00 0.0000e+00 1.6040e-04 1.2628e-05 1.6040e-04 1.2953e-01 0.0000e+00
615 0.0000e+00 0.0000e+00 1.5966e-04 1.1095e-05 1.5966e-04 1.2968e-01 0.0000e+00
616 0.0000e+00 0.0000e+00 1.5893e-04 9.7579e-06 1.5893e-04 1.2983e-01 0.0000e+00
617 0.0000e+00 0.0000e+00 1.5819e-04 8.5913e-06 1.5819e-04 1.2998e-01 0.0000e+00
618 0.0000e+00 0.0000e+00 1.5745e-04 7.5717e-06 1.5745e-04 1.3013e-01 0.0000e+00
619 0.0000e+00 0.0000e+00 1.5671e-04 6.6794e-06 1.5671e-04 1.3028e-01 0.0000e+00
620 0.0000e+00 0.0000e+00 1.5598e-04 5.8976e-06 1.5598e-04 1.3043e-01 0.0000e+00
621 0.0000e+00 1.4200e-05 1.5525e-04 5.2118e-06 1.5525e-04 1.3058e-01 0.0000e+00
622 0.0000e+00 2.7500e-05 1.5452e-04 4.6084e-06 1.5452e-04 1.3073e-01 0.0000e+00
623 0.0000e+00 3.8900e-05 1.5380e-04 4.0794e-06 1.5380e-04 1.3088e-01 0.0000e+00
624 1.0000e-03 4.7600e-05 1.5308e-04 3.6138e-06 1.5308e-04 1.3103e-01 0.0000e+00
625 1.0000e-03 5.2700e-05 1.5511e-04 1.7309e-05 1.5237e-04 1.3116e-01 2.7427e-06
626 3.0000e-03 5.5000e-05 2.5628e-04 5.4959e-04 1.5173e-04 1.3077e-01 1.0456e-04
627 2.0000e-03 5.2700e-05 2.2263e-04 7.4435e-04 1.5363e-04 1.3018e-01 6.8999e-05
628 1.5000e-03 4.7600e-05 2.0783e-04 8.2604e-04 1.5649e-04 1.2951e-01 5.1343e-05
629 3.5000e-03 3.8900e-05 2.8227e-04 1.2787e-03 1.5980e-04 1.2839e-01 1.2247e-04
630 4.0000e-03 2.7500e-05 3.0600e-04 1.7148e-03 1.6548e-04 1.2684e-01 1.4052e-04
631 5.0000e-03 1.3300e-05 3.5009e-04 2.2636e-03 1.7369e-04 1.2475e-01 1.7640e-04
632 0.0000e+00 0.0000e+00 1.8542e-04 1.7276e-03 1.8542e-04 1.2321e-01 0.0000e+00
633 0.0000e+00 0.0000e+00 1.9457e-04 1.4005e-03 1.9457e-04 1.2200e-01 0.0000e+00
634 1.0000e-03 0.0000e+00 2.3705e-04 1.3498e-03 2.0204e-04 1.2085e-01 3.5003e-05
635 2.5000e-03 0.0000e+00 3.1623e-04 1.5797e-03 2.0942e-04 1.1948e-01 1.0681e-04
636 3.5000e-03 0.0000e+00 3.8713e-04 1.9241e-03 2.1858e-04 1.1778e-01 1.6855e-04
637 3.0000e-03 0.0000e+00 3.7502e-04 2.0967e-03 2.3055e-04 1.1591e-01 1.4447e-04
638 0.0000e+00 0.0000e+00 2.4439e-04 1.6311e-03 2.4439e-04 1.1452e-01 0.0000e+00
639 5.0000e-04 0.0000e+00 2.7930e-04 1.4246e-03 2.5522e-04 1.1335e-01 2.4078e-05
640 0.0000e+00 0.0000e+00 2.6472e-04 1.1503e-03 2.6472e-04 1.1247e-01 0.0000e+00
641 5.0000e-04 0.0000e+00 2.9622e-04 1.0529e-03 2.7215e-04 1.1169e-01 2.4078e-05
642 0.0000e+00 0.0000e+00 2.7887e-04 8.5139e-04 2.7887e-04 1.1112e-01 0.0000e+00
643 5.0000e-04 0.0000e+00 3.0798e-04 8.1369e-04 2.8390e-04 1.1059e-01 2.4078e-05
644 0.0000e+00 0.0000e+00 2.8864e-04 6.5438e-04 2.8864e-04 1.1022e-01 0.0000e+00
645 0.0000e+00 1.6900e-05 2.9196e-04 5.4196e-04 2.9196e-04 1.0997e-01 0.0000e+00
646 0.0000e+00 3.2600e-05 2.9425e-04 4.5205e-04 2.9425e-04 1.0981e-01 0.0000e+00
647 0.0000e+00 4.6100e-05 2.9570e-04 3.7894e-04 2.9570e-04 1.0973e-01 0.0000e+00
648 0.0000e+00 5.6400e-05 2.9647e-04 3.1898e-04 2.9647e-04 1.0971e-01 0.0000e+00
649 0.0000e+00 6.2400e-05 2.9668e-04 2.6948e-04 2.9668e-04 1.0973e-01 0.0000e+00
650 0.0000e+00 6.5200e-05 2.9643e-04 2.2838e-04 2.9643e-04 1.0980e-01 0.0000e+00
651 0.0000e+00 6.2400e-05 2.9580e-04 1.9411e-04 2.9580e-04 1.0990e-01 0.0000e+00
652 0.0000e+00 5.6400e-05 2.9486e-04 1.6542e-04 2.9486e-04 1.1003e-01 0.0000e+00
653 0.0000e+00 4.6100e-05 2.9367e-04 1.4131e-04 2.9367e-04 1.1019e-01 0.0000e+00
654 0.0000e+00 3.2600e-05 2.9228e-04 1.2098e-04 2.9228e-04 1.1036e-01 0.0000e+00
655 0.0000e+00 1.5800e-05 2.9072e-04 1.0380e-04 2.9072e-04 1.1054e-01 0.0000e+00
656 0.0000e+00 0.0000e+00 2.8902e-04 8.9232e-05 2.8902e-04 1.1074e-01 0.0000e+00
657 0.0000e+00 0.0000e+00 2.8722e-04 7.6851e-05 2.8722e-04 1.1095e-01 0.0000e+00
658 0.0000e+00 0.0000e+00 2.8534e-04 6.6303e-05 2.8534e-04 1.1117e-01 0.0000e+00
659 0.0000e+00 0.0000e+00 2.8340e-04 5.7297e-05 2.8340e-04 1.1140e-01 0.0000e+00
660 0.0000e+00 0.0000e+00 2.8140e-04 4.9592e-05 2.8140e-04 1.1163e-01 0.0000e+00
661 0.0000e+00 0.0000e+00 2.7937e-04 4.2986e-05 2.7937e-04 1.1187e-01 0.0000e+00
662 0.0000e+00 0.0000e+00 2.7731e-04 3.7311e-05 2.7731e-04 1.1211e-01 0.0000e+00
663 0.0000e+00 0.0000e+00 2.7524e-04 3.2431e-05 2.7524e-04 1.1235e-01 0.0000e+00
664 0.0000e+00 0.0000e+00 2.7316e-04 2.8225e-05 2.7316e-04 1.1259e-01 0.0000e+00
665 0.0000e+00 0.0000e+00 2.7108e-04 2.4594e-05 2.7108e-04 1.1284e-01 0.0000e+00
666 5.0000e-04 0.0000e+00 2.6944e-04 2.3449e-05 2.6900e-04 1.1309e-01 4.4645e-07
667 0.0000e+00 0.0000e+00 2.6694e-04 2.0002e-05 2.6694e-04 1.1333e-01 0.0000e+00
668 5.0000e-04 0.0000e+00 2.8897e-04 1.2407e-04 2.6489e-04 1.1347e-01 2.4078e-05
669 5.0000e-04 1.5300e-05 2.8780e-04 1.8979e-04 2.6373e-04 1.1355e-01 2.4078e-05
670 0.0000e+00 2.9500e-05 2.6312e-04 1.3324e-04 2.6312e-04 1.1368e-01 0.0000e+00
671 1.0000e-03 4.1700e-05 3.0805e-04 3.0708e-04 2.6205e-04 1.1363e-01 4.5999e-05
672 0.0000e+00 5.1100e-05 2.6242e-04 2.1424e-04 2.6242e-04 1.1368e-01 0.0000e+00
673 0.0000e+00 5.6500e-05 2.6203e-04 1.6749e-04 2.6203e-04 1.1378e-01 0.0000e+00
674 0.0000e+00 5.9000e-05 2.6125e-04 1.3438e-04 2.6125e-04 1.1390e-01 0.0000e+00
675 5.0000e-04 5.6500e-05 2.7428e-04 1.7124e-04 2.6022e-04 1.1399e-01 1.4063e-05
676 5.0000e-04 5.1100e-05 2.8085e-04 2.2364e-04 2.5950e-04 1.1403e-01 2.1357e-05
677 0.0000e+00 4.1700e-05 2.5921e-04 1.6551e-04 2.5921e-04 1.1412e-01 0.0000e+00
678 0.0000e+00 2.9500e-05 2.5845e-04 1.3227e-04 2.5845e-04 1.1425e-01 0.0000e+00
679 1.0000e-03 1.4300e-05 2.9970e-04 2.9275e-04 2.5743e-04 1.1421e-01 4.2272e-05
680 1.0000e-03 0.0000e+00 3.0518e-04 4.1650e-04 2.5772e-04 1.1405e-01 4.7468e-05
681 0.0000e+00 0.0000e+00 2.5900e-04 3.0005e-04 2.5900e-04 1.1401e-01 0.0000e+00
682 0.0000e+00 0.0000e+00 2.5933e-04 2.3647e-04 2.5933e-04 1.1404e-01 0.0000e+00
683 0.0000e+00 0.0000e+00 2.5914e-04 1.9069e-04 2.5914e-04 1.1410e-01 0.0000e+00
684 0.0000e+00 0.0000e+00 2.5859e-04 1.5583e-04 2.5859e-04 1.1421e-01 0.0000e+00
685 0.0000e+00 0.0000e+00 2.5776e-04 1.2855e-04 2.5776e-04 1.1434e-01 0.0000e+00
686 0.0000e+00 0.0000e+00 2.5672e-04 1.0684e-04 2.5672e-04 1.1449e-01 0.0000e+00
687 0.0000e+00 0.0000e+00 2.5552e-04 8.9343e-05 2.5552e-04 1.1465e-01 0.0000e+00
688 0.0000e+00 0.0000e+00 2.5420e-04 7.5091e-05 2.5420e-04 1.1483e-01 0.0000e+00
689 0.0000e+00 0.0000e+00 2.5278e-04 6.3391e-05 2.5278e-04 1.1502e-01 0.0000e+00
690 0.0000e+00 0.0000e+00 2.5129e-04 5.3720e-05 2.5129e-04 1.1522e-01 0.0000e+00
691 0.0000e+00 0.0000e+00 2.4974e-04 4.5681e-05 2.4974e-04 1.1542e-01 0.0000e+00
692 0.0000e+00 0.0000e+00 2.4816e-04 3.8963e-05 2.4816e-04 1.1563e-01 0.0000e+00
693 0.0000e+00 5.6100e-05 2.4654e-04 3.3325e-05 2.4654e-04 1.1584e-01 0.0000e+00
694 0.0000e+00 1.0830e-04 2.4490e-04 2.8574e-05 2.4490e-04 1.1606e-01 0.0000e+00
695 0.0000e+00 1.5320e-04 2.4325e-04 2.4559e-05 2.4325e-04 1.1628e-01 0.0000e+00
696 0.0000e+00 1.8770e-04 2.4159e-04 2.1153e-05 2.4159e-04 1.1650e-01 0.0000e+00
697 0.0000e+00 2.0760e-04 2.3994e-04 1.8256e-05 2.3994e-04 1.1672e-01 0.0000e+00
698 0.0000e+00 2.1680e-04 2.3828e-04 1.5784e-05 2.3828e-04 1.1694e-01 0.0000e+00
699 0.0000e+00 2.0760e-04 2.3663e-04 1.3671e-05 2.3663e-04 1.1717e-01 0.0000e+00
700 5.0000e-04 1.8770e-04 2.3499e-04 1.1860e-05 2.3499e-04 1.1739e-01 0.0000e+00
701 0.0000e+00 1.5320e-04 2.3335e-04 1.0304e-05 2.3335e-04 1.1761e-01 0.0000e+00
702 0.0000e+00 1.0830e-04 2.3173e-04 8.9643e-06 2.3173e-04 1.1784e-01 0.0000e+00
703 0.0000e+00 5.2400e-05 2.3012e-04 7.8109e-06 2.3012e-04 1.1806e-01 0.0000e+00
704 0.0000e+00 0.0000e+00 2.2853e-04 6.8145e-06 2.2853e-04 1.1828e-01 0.0000e+00
705 0.0000e+00 0.0000e+00 2.2695e-04 5.9525e-06 2.2695e-04 1.1850e-01 0.0000e+00
706 0.0000e+00 0.0000e+00 2.2539e-04 5.2056e-06 2.2539e-04 1.1872e-01 0.0000e+00
707 0.0000e+00 0.0000e+00 2.2385e-04 4.5575e-06 2.2385e-04 1.1894e-01 0.0000e+00
708 0.0000e+00 0.0000e+00 2.2232e-04 3.9943e-06 2.2232e-04 1.1916e-01 0.0000e+00
709 0.0000e+00 0.0000e+00 2.2081e-04 3.5042e-06 2.2081e-04 1.1938e-01 0.0000e+00
710 0.0000e+00 0.0000e+00 2.1931e-04 3.0756e-06 2.1931e-04 1.1959e-01 0.0000e+00
711 0.0000e+00 0.0000e+00 2.1783e-04 2.7036e-06 2.1783e-04 1.1981e-01 0.0000e+00
712 0.0000e+00 0.0000e+00 2.1637e-04 2.3788e-06 2.1637e-04 1.2002e-01 0.0000e+00
713 0.0000e+00 0.0000e+00 2.1493e-04 2.0947e-06 2.1493e-04 1.2023e-01 0.0000e+00
714 0.0000e+00 0.0000e+00 2.1351e-04 1.8461e-06 2.1351e-04 1.2045e-01 0.0000e+00
715 0.0000e+00 0.0000e+00 2.1210e-04 1.6283e-06 2.1210e-04 1.2066e-01 0.0000e+00
716 0.0000e+00 0.0000e+00 2.1071e-04 1.4373e-06 2.1071e-04 1.2087e-01 0.0000e+00
717 0.0000e+00 8.5600e-05 2.0934e-04 1.2696e-06 2.0934e-04 1.2107e-01 0.0000e+00
718 0.0000e+00 1.6520e-04 2.0798e-04 1.1205e-06 2.0798e-04 1.2128e-01 0.0000e+00
719 0.0000e+00 2.3380e-04 2.0664e-04 9.9134e-07 2.0664e-04 1.2149e-01 0.0000e+00
720 0.0000e+00 2.8620e-04 2.0532e-04 8.7766e-07 2.0532e-04 1.2169e-01 0.0000e+00
721 0.0000e+00 3.1670e-04 2.0401e-04 7.7751e-07 2.0401e-04 1.2189e-01 0.0000e+00
722 0.0000e+00 3.3060e-04 2.0272e-04 6.8921e-07 2.0272e-04 1.2210e-01 0.0000e+00
723 0.0000e+00 3.1670e-04 2.0144e-04 6.1130e-07 2.0144e-04 1.2230e-01 0.0000e+00
724 0.0000e+00 2.8620e-04 2.0018e-04 5.4252e-07 2.0018e-04 1.2250e-01 0.0000e+00
725 0.0000e+00 2.3380e-04 1.9894e-04 4.8175e-07 1.9894e-04 1.2269e-01 0.0000e+00
726 0.0000e+00 1.6520e-04 1.9771e-04 4.2802e-07 1.9771e-04 1.2289e-01 0.0000e+00
727 0.0000e+00 8.0000e-05 1.9649e-04 3.7896e-07 1.9649e-04 1.2309e-01 0.0000e+00
728 0.0000e+00 0.0000e+00 1.9529e-04 3.3717e-07 1.9529e-04 1.2328e-01 0.0000e+00
729 0.0000e+00 0.0000e+00 1.9410e-04 3.0014e-07 1.9410e-04 1.2348e-01 0.0000e+00
730 0.0000e+00 0.0000e+00 1.9293e-04 2.6729e-07 1.9293e-04 1.2367e-01 0.0000e+00
731 0.0000e+00 0.0000e+00 1.9177e-04 2.3816e-07 1.9177e-04 1.2386e-01 0.0000e+00
732 0.0000e+00 0.0000e+00 1.9063e-04 2.1229e-07 1.9063e-04 1.2405e-01 0.0000e+00
733 0.0000e+00 0.0000e+00 1.8950e-04 1.8932e-07 1.8950e-04 1.2424e-01 0.0000e+00
734 0.0000e+00 0.0000e+00 1.8838e-04 1.6891e-07 1.8838e-04 1.2443e-01 0.0000e+00
735 0.0000e+00 0.0000e+00 1.8728e-04 1.4918e-07 1.8728e-04 1.2462e-01 0.0000e+00
736 0.0000e+00 0.0000e+00 1.8618e-04 1.3330e-07 1.8618e-04 1.2480e-01 0.0000e+00
737 0.0000e+00 0.0000e+00 1.8510e-04 1.1915e-07 1.8510e-04 1.2499e-01 0.0000e+00
738 0.0000e+00 0.0000e+00 1.8404e-04 1.0654e-07 1.8404e-04 1.2517e-01 0.0000e+00
739 0.0000e+00 0.0000e+00 1.8298e-04 9.5298e-08 1.8298e-04 1.2535e-01 0.0000e+00
740 0.0000e+00 0.0000e+00 1.8194e-04 8.5275e-08 1.8194e-04 1.2554e-01 0.0000e+00
741 0.0000e+00 7.4700e-05 1.8091e-04 7.6332e-08 1.8091e-04 1.2572e-01 0.0000e+00
742 0.0000e+00 1.4410e-04 1.7989e-04 6.8351e-08 1.7989e-04 1.2590e-01 0.0000e+00
743 0.0000e+00 2.0380e-04 1.7888e-04 5.9772e-08 1.7888e-04 1.2608e-01 0.0000e+00
744 0.0000e+00 2.4960e-04 1.7788e-04 5.3616e-08 1.7788e-04 1.2625e-01 0.0000e+00
745 0.0000e+00 2.7610e-04 1.7690e-04 4.8107e-08 1.7690e-04 1.2643e-01 0.0000e+00
746 0.0000e+00 2.8830e-04 1.7592e-04 4.3176e-08 1.7592e-04 1.2661e-01 0.0000e+00
747 0.0000e+00 2.7610e-04 1.7496e-04 3.8762e-08 1.7496e-04 1.2678e-01 0.0000e+00
748 0.0000e+00 2.4960e-04 1.7401e-04 3.4809e-08 1.7401e-04 1.2695e-01 0.0000e+00
749 0.0000e+00 2.0380e-04 1.7306e-04 3.1267e-08 1.7306e-04 1.2713e-01 0.0000e+00
750 0.0000e+00 1.4410e-04 1.7213e-04 2.8093e-08 1.7213e-04 1.2730e-01 0.0000e+00
751 0.0000e+00 6.9800e-05 1.7121e-04 2.5248e-08 1.7121e-04 1.2747e-01 0.0000e+00
752 0.0000e+00 0.0000e+00 1.7029e-04 2.1587e-08 1.7029e-04 1.2764e-01 0.0000e+00
753 0.0000e+00 0.0000e+00 1.6939e-04 1.9442e-08 1.6939e-04 1.2781e-01 0.0000e+00
754 0.0000e+00 0.0000e+00 1.6849e-04 1.7513e-08 1.6849e-04 1.2798e-01 0.0000e+00
755 0.0000e+00 0.0000e+00 1.6761e-04 1.5779e-08 1.6761e-04 1.2815e-01 0.0000e+00
756 0.0000e+00 0.0000e+00 1.6673e-04 1.4220e-08 1.6673e-04 1.2831e-01 0.0000e+00
757 0.0000e+00 0.0000e+00 1.6587e-04 1.2818e-08 1.6587e-04 1.2848e-01 0.0000e+00
758 0.0000e+00 0.0000e+00 1.6501e-04 1.1556e-08 1.6501e-04 1.2864e-01 0.0000e+00
759 0.0000e+00 0.0000e+00 1.6416e-04 1.0420e-08 1.6416e-04 1.2881e-01 0.0000e+00
760 0.0000e+00 0.0000e+00 1.6332e-04 8.4169e-09 1.6332e-04 1.2897e-01 0.0000e+00
761 0.0000e+00 0.0000e+00 1.6249e-04 7.6107e-09 1.6249e-04 1.2913e-01 0.0000e+00
762 0.0000e+00 0.0000e+00 1.6167e-04 6.8828e-09 1.6167e-04 1.2930e-01 0.0000e+00
763 0.0000e+00 0.0000e+00 1.6085e-04 6.2255e-09 1.6085e-04 1.2946e-01 0.0000e+00
764 0.0000e+00 0.0000e+00 1.6005e-04 5.6318e-09 1.6005e-04 1.2962e-01 0.0000e+00
765 0.0000e+00 9.6700e-05 1.5925e-04 5.0956e-09 1.5925e-04 1.2978e-01 0.0000e+00
766 0.0000e+00 1.8660e-04 1.5846e-04 4.6111e-09 1.5846e-04 1.2993e-01 0.0000e+00
767 0.0000e+00 2.6400e-04 1.5767e-04 4.1734e-09 1.5767e-04 1.3009e-01 0.0000e+00
768 0.0000e+00 3.2330e-04 1.5690e-04 3.7778e-09 1.5690e-04 1.3025e-01 0.0000e+00
769 0.0000e+00 3.5770e-04 1.5613e-04 2.7397e-09 1.5613e-04 1.3041e-01 0.0000e+00
770 0.0000e+00 3.7350e-04 1.5537e-04 2.4884e-09 1.5537e-04 1.3056e-01 0.0000e+00
771 0.0000e+00 3.5770e-04 1.5462e-04 2.2605e-09 1.5462e-04 1.3072e-01 0.0000e+00
772 0.0000e+00 3.2330e-04 1.5387e-04 2.0536e-09 1.5387e-04 1.3087e-01 0.0000e+00
773 0.0000e+00 2.6400e-04 1.5314e-04 1.8659e-09 1.5314e-04 1.3102e-01 0.0000e+00
774 0.0000e+00 1.8660e-04 1.5241e-04 1.6956e-09 1.5241e-04 1.3117e-01 0.0000e+00
775 0.0000e+00 9.0400e-05 1.5168e-04 1.5410e-09 1.5168e-04 1.3133e-01 0.0000e+00
776 0.0000e+00 0.0000e+00 1.5096e-04 1.4006e-09 1.5096e-04 1.3148e-01 0.0000e+00
777 0.0000e+00 0.0000e+00 1.5025e-04 8.4686e-10 1.5025e-04 1.3163e-01 0.0000e+00
778 0.0000e+00 0.0000e+00 1.4955e-04 7.7271e-10 1.4955e-04 1.3178e-01 0.0000e+00
779 0.0000e+00 0.0000e+00 1.4885e-04 7.0511e-10 1.4885e-04 1.3193e-01 0.0000e+00
780 0.0000e+00 0.0000e+00 1.4816e-04 6.4348e-10 1.4816e-04 1.3207e-01 0.0000e+00
781 0.0000e+00 0.0000e+00 1.4748e-04 5.8729e-10 1.4748e-04 1.3222e-01 0.0000e+00
782 0.0000e+00 0.0000e+00 1.4680e-04 5.3604e-10 1.4680e-04 1.3237e-01 0.0000e+00
783 0.0000e+00 0.0000e+00 1.4613e-04 4.8931e-10 1.4613e-04 1.3251e-01 0.0000e+00
784 0.0000e+00 0.0000e+00 1.4546e-04 4.4669e-10 1.4546e-04 1.3266e-01 0.0000e+00
785 0.0000e+00 0.0000e+00 1.4480e-04 4.0781e-10 1.4480e-04 1.3280e-01 0.0000e+00
786 0.0000e+00 0.0000e+00 1.4415e-04 1.8404e-10 1.4415e-04 1.3295e-01 0.0000e+00
787 0.0000e+00 0.0000e+00 1.4350e-04 1.6870e-10 1.4350e-04 1.3309e-01 0.0000e+00
788 0.0000e+00 0.0000e+00 1.4286e-04 1.5465e-10 1.4286e-04 1.3324e-01 0.0000e+00
789 0.0000e+00 1.2590e-04 1.4222e-04 1.4178e-10 1.4222e-04 1.3338e-01 0.0000e+00
790 0.0000e+00 2.4290e-04 1.4159e-04 1.2999e-10 1.4159e-04 1.3352e-01 0.0000e+00
791 0.0000e+00 3.4370e-04 1.4097e-04 1.1919e-10 1.4097e-04 1.3366e-01 0.0000e+00
792 0.0000e+00 4.2090e-04 1.4035e-04 1.0929e-10 1.4035e-04 1.3380e-01 0.0000e+00
793 0.0000e+00 4.6560e-04 1.3973e-04 1.0022e-10 1.3973e-04 1.3394e-01 0.0000e+00
794 0.0000e+00 4.8620e-04 1.3912e-04 2.5115e-11 1.3912e-04 1.3408e-01 0.0000e+00
795 0.0000e+00 4.6560e-04 1.3852e-04 2.3124e-11 1.3852e-04 1.3422e-01 0.0000e+00
796 0.0000e+00 4.2090e-04 1.3792e-04 2.1292e-11 1.3792e-04 1.3436e-01 0.0000e+00
797 0.0000e+00 3.4370e-04 1.3733e-04 1.9606e-11 1.3733e-04 1.3449e-01 0.0000e+00
798 0.0000e+00 2.4290e-04 1.3674e-04 1.8054e-11 1.3674e-04 1.3463e-01 0.0000e+00
799 0.0000e+00 1.1760e-04 1.3616e-04 1.6626e-11 1.3616e-04 1.3477e-01 0.0000e+00
800 0.0000e+00 0.0000e+00 1.3558e-04 1.5312e-11 1.3558e-04 1.3490e-01 0.0000e+00
801 0.0000e+00 0.0000e+00 1.3501e-04 1.4102e-11 1.3501e-04 1.3504e-01 0.0000e+00
802 0.0000e+00 0.0000e+00 1.3444e-04 1.2989e-11 1.3444e-04 1.3517e-01 0.0000e+00
803 0.0000e+00 0.0000e+00 1.3387e-04 0.0000e+00 1.3387e-04 1.3531e-01 0.0000e+00
804 0.0000e+00 0.0000e+00 1.3331e-04 0.0000e+00 1.3331e-04 1.3544e-01 0.0000e+00
805 0.0000e+00 0.0000e+00 1.3276e-04 0.0000e+00 1.3276e-04 1.3557e-01 0.0000e+00
806 0.0000e+00 0.0000e+00 1.3221e-04 0.0000e+00 1.3221e-04 1.3570e-01 0.0000e+00
807 0.0000e+00 0.0000e+00 1.3167e-04 0.0000e+00 1.3167e-04 1.3583e-01 0.0000e+00
808 0.0000e+00 0.0000e+00 1.3113e-04 0.0000e+00 1.3113e-04 1.3597e-01 0.0000e+00
809 0.0000e+00 0.0000e+00 1.3059e-04 0.0000e+00 1.3059e-04 1.3610e-01 0.0000e+00
810 0.0000e+00 0.0000e+00 1.3006e-04 0.0000e+00 1.3006e-04 1.3623e-01 0.0000e+00
811 0.0000e+00 0.0000e+00 1.2953e-04 0.0000e+00 1.2953e-04 1.3636e-01 0.0000e+00
812 0.0000e+00 0.0000e+00 1.2901e-04 0.0000e+00 1.2901e-04 1.3649e-01 0.0000e+00
813 0.0000e+00 3.0400e-05 1.2849e-04 0.0000e+00 1.2849e-04 1.3661e-01 0.0000e+00
814 0.0000e+00 5.8700e-05 1.2797e-04 0.0000e+00 1.2797e-04 1.3674e-01 0.0000e+00
815 0.0000e+00 8.3100e-05 1.2746e-04 0.0000e+00 1.2746e-04 1.3687e-01 0.0000e+00
816 0.0000e+00 1.0180e-04 1.2695e-04 0.0000e+00 1.2695e-04 1.3700e-01 0.0000e+00
817 0.0000e+00 1.1260e-04 1.2645e-04 0.0000e+00 1.2645e-04 1.3712e-01 0.0000e+00
818 0.0000e+00 1.1760e-04 1.2595e-04 0.0000e+00 1.2595e-04 1.3725e-01 0.0000e+00
819 0.0000e+00 1.1260e-04 1.2546e-04 0.0000e+00 1.2546e-04 1.3737e-01 0.0000e+00
820 0.0000e+00 1.0180e-04 1.2497e-04 0.0000e+00 1.2497e-04 1.3750e-01 0.0000e+00
821 0.0000e+00 8.3100e-05 1.2448e-04 0.0000e+00 1.2448e-04 1.3762e-01 0.0000e+00
822 0.0000e+00 5.8700e-05 1.2400e-04 0.0000e+00 1.2400e-04 1.3775e-01 0.0000e+00
823 0.0000e+00 2.8400e-05 1.2352e-04 0.0000e+00 1.2352e-04 1.3787e-01 0.0000e+00
824 0.0000e+00 0.0000e+00 1.2304e-04 0.0000e+00 1.2304e-04 1.3799e-01 0.0000e+00
825 0.0000e+00 0.0000e+00 1.2257e-04 0.0000e+00 1.2257e-04 1.3812e-01 0.0000e+00
826 0.0000e+00 0.0000e+00 1.2210e-04 0.0000e+00 1.2210e-04 1.3824e-01 0.0000e+00
827 0.0000e+00 0.0000e+00 1.2164e-04 0.0000e+00 1.2164e-04 1.3836e-01 0.0000e+00
828 0.0000e+00 0.0000e+00 1.2117e-04 0.0000e+00 1.2117e-04 1.3848e-01 0.0000e+00
829 0.0000e+00 0.0000e+00 1.2072e-04 0.0000e+00 1.2072e-04 1.3860e-01 0.0000e+00
830 0.0000e+00 0.0000e+00 1.2026e-04 0.0000e+00 1.2026e-04 1.3872e-01 0.0000e+00
831 0.0000e+00 0.0000e+00 1.1981e-04 0.0000e+00 1.1981e-04 1.3884e-01 0.0000e+00
832 0.0000e+00 0.0000e+00 1.1936e-04 0.0000e+00 1.1936e-04 1.3896e-01 0.0000e+00
833 0.0000e+00 0.0000e+00 1.1892e-04 0.0000e+00 1.1892e-04 1.3908e-01 0.0000e+00
834 0.0000e+00 0.0000e+00 1.1848e-04 0.0000e+00 1.1848e-04 1.3920e-01 0.0000e+00
835 0.0000e+00 0.0000e+00 1.1804e-04 0.0000e+00 1.1804e-04 1.3932e-01 0.0000e+00
836 0.0000e+00 0.0000e+00 1.1761e-04 0.0000e+00 1.1761e-04 1.3943e-01 0.0000e+00
837 0.0000e+00 6.6100e-05 1.1717e-04 0.0000e+00 1.1717e-04 1.3955e-01 0.0000e+00
838 0.0000e+00 1.2750e-04 1.1675e-04 0.0000e+00 1.1675e-04 1.3967e-01 0.0000e+00
839 0.0000e+00 1.8040e-04 1.1632e-04 0.0000e+00 1.1632e-04 1.3978e-01 0.0000e+00
840 0.0000e+00 2.2090e-04 1.1590e-04 0.0000e+00 1.1590e-04 1.3990e-01 0.0000e+00
841 0.0000e+00 2.4430e-04 1.1548e-04 0.0000e+00 1.1548e-04 1.4002e-01 0.0000e+00
842 0.0000e+00 2.5510e-04 1.1506e-04 0.0000e+00 1.1506e-04 1.4013e-01 0.0000e+00
843 0.0000e+00 2.4430e-04 1.1465e-04 0.0000e+00 1.1465e-04 1.4025e-01 0.0000e+00
844 0.0000e+00 2.2090e-04 1.1424e-04 0.0000e+00 1.1424e-04 1.4036e-01 0.0000e+00
845 0.0000e+00 1.8040e-04 1.1383e-04 0.0000e+00 1.1383e-04 1.4047e-01 0.0000e+00
846 0.0000e+00 1.2750e-04 1.1343e-04 0.0000e+00 1.1343e-04 1.4059e-01 0.0000e+00
847 0.0000e+00 6.1700e-05 1.1303e-04 0.0000e+00 1.1303e-04 1.4070e-01 0.0000e+00
848 0.0000e+00 0.0000e+00 1.1263e-04 0.0000e+00 1.1263e-04 1.4081e-01 0.0000e+00
849 0.0000e+00 0.0000e+00 1.1223e-04 0.0000e+00 1.1223e-04 1.4093e-01 0.0000e+00
850 0.0000e+00 0.0000e+00 1.1184e-04 0.0000e+00 1.1184e-04 1.4104e-01 0.0000e+00
851 0.0000e+00 0.0000e+00 1.1145e-04 0.0000e+00 1.1145e-04 1.4115e-01 0.0000e+00
852 0.0000e+00 0.0000e+00 1.1106e-04 0.0000e+00 1.1106e-04 1.4126e-01 0.0000e+00
853 0.0000e+00 0.0000e+00 1.1068e-04 0.0000e+00 1.1068e-04 1.4137e-01 0.0000e+00
854 0.0000e+00 0.0000e+00 1.1030e-04 0.0000e+00 1.1030e-04 1.4148e-01 0.0000e+00
855 0.0000e+00 0.0000e+00 1.0992e-04 0.0000e+00 1.0992e-04 1.4159e-01 0.0000e+00
856 0.0000e+00 0.0000e+00 1.0954e-04 0.0000e+00 1.0954e-04 1.4170e-01 0.0000e+00
857 0.0000e+00 0.0000e+00 1.0917e-04 0.0000e+00 1.0917e-04 1.4181e-01 0.0000e+00
858 0.0000e+00 0.0000e+00 1.0879e-04 0.0000e+00 1.0879e-04 1.4192e-01 0.0000e+00
859 0.0000e+00 0.0000e+00 1.0842e-04 0.0000e+00 1.0842e-04 1.4203e-01 0.0000e+00
860 0.0000e+00 0.0000e+00 1.0806e-04 0.0000e+00 1.0806e-04 1.4213e-01 0.0000e+00
861 0.0000e+00 9.7600e-05 1.0769e-04 0.0000e+00 1.0769e-04 1.4224e-01 0.0000e+00
862 0.0000e+00 1.8830e-04 1.0733e-04 0.0000e+00 1.0733e-04 1.4235e-01 0.0000e+00
863 0.0000e+00 2.6650e-04 1.0697e-04 0.0000e+00 1.0697e-04 1.4246e-01 0.0000e+00
864 0.0000e+00 3.2630e-04 1.0661e-04 0.0000e+00 1.0661e-04 1.4256e-01 0.0000e+00
865 0.0000e+00 3.6100e-04 1.0626e-04 0.0000e+00 1.0626e-04 1.4267e-01 0.0000e+00
866 0.0000e+00 3.7690e-04 1.0591e-04 0.0000e+00 1.0591e-04 1.4278e-01 0.0000e+00
867 0.0000e+00 3.6100e-04 1.0556e-04 0.0000e+00 1.0556e-04 1.4288e-01 0.0000e+00
868 0.0000e+00 3.2630e-04 1.0521e-04 0.0000e+00 1.0521e-04 1.4299e-01 0.0000e+00
869 0.0000e+00 2.6650e-04 1.0487e-04 0.0000e+00 1.0487e-04 1.4309e-01 0.0000e+00
870 0.0000e+00 1.8830e-04 1.0452e-04 0.0000e+00 1.0452e-04 1.4320e-01 0.0000e+00
871 0.0000e+00 9.1200e-05 1.0418e-04 0.0000e+00 1.0418e-04 1.4330e-01 0.0000e+00
872 0.0000e+00 0.0000e+00 1.0384e-04 0.0000e+00 1.0384e-04 1.4340e-01 0.0000e+00
873 0.0000e+00 0.0000e+00 1.0351e-04 0.0000e+00 1.0351e-04 1.4351e-01 0.0000e+00
874 0.0000e+00 0.0000e+00 1.0317e-04 0.0000e+00 1.0317e-04 1.4361e-01 0.0000e+00
875 0.0000e+00 0.0000e+00 1.0284e-04 0.0000e+00 1.0284e-04 1.4371e-01 0.0000e+00
876 0.0000e+00 0.0000e+00 1.0251e-04 0.0000e+00 1.0251e-04 1.4382e-01 0.0000e+00
877 0.0000e+00 0.0000e+00 1.0218e-04 0.0000e+00 1.0218e-04 1.4392e-01 0.0000e+00
878 0.0000e+00 0.0000e+00 1.0186e-04 0.0000e+00 1.0186e-04 1.4402e-01 0.0000e+00
879 0.0000e+00 0.0000e+00 1.0153e-04 0.0000e+00 1.0153e-04 1.4412e-01 0.0000e+00
880 0.0000e+00 0.0000e+00 1.0121e-04 0.0000e+00 1.0121e-04 1.4422e-01 0.0000e+00
881 0.0000e+00 0.0000e+00 1.0089e-04 0.0000e+00 1.0089e-04 1.4432e-01 0.0000e+00
882 0.0000e+00 0.0000e+00 1.0057e-04 0.0000e+00 1.0057e-04 1.4442e-01 0.0000e+00
883 0.0000e+00 0.0000e+00 1.0026e-04 0.0000e+00 1.0026e-04 1.4452e-01 0.0000e+00
884 0.0000e+00 0.0000e+00 9.9944e-05 0.0000e+00 9.9944e-05 1.4462e-01 0.0000e+00
885 0.0000e+00 6.4300e-05 9.9633e-05 0.0000e+00 9.9633e-05 1.4472e-01 0.0000e+00
886 0.0000e+00 1.2410e-04 9.9323e-05 0.0000e+00 9.9323e-05 1.4482e-01 0.0000e+00
887 0.0000e+00 1.7560e-04 9.9015e-05 0.0000e+00 9.9015e-05 1.4492e-01 0.0000e+00
888 0.0000e+00 2.1500e-04 9.8709e-05 0.0000e+00 9.8709e-05 1.4502e-01 0.0000e+00
889 0.0000e+00 2.3790e-04 9.8405e-05 0.0000e+00 9.8405e-05 1.4512e-01 0.0000e+00
890 0.0000e+00 2.4840e-04 9.8103e-05 0.0000e+00 9.8103e-05 1.4522e-01 0.0000e+00
891 0.0000e+00 2.3790e-04 9.7803e-05 0.0000e+00 9.7803e-05 1.4532e-01 0.0000e+00
892 0.0000e+00 2.1500e-04 9.7504e-05 0.0000e+00 9.7504e-05 1.4541e-01 0.0000e+00
893 0.0000e+00 1.7560e-04 9.7208e-05 0.0000e+00 9.7208e-05 1.4551e-01 0.0000e+00
894 0.0000e+00 1.2410e-04 9.6913e-05 0.0000e+00 9.6913e-05 1.4561e-01 0.0000e+00
895 0.0000e+00 6.0100e-05 9.6620e-05 0.0000e+00 9.6620e-05 1.4570e-01 0.0000e+00
896 0.0000e+00 0.0000e+00 9.6329e-05 0.0000e+00 9.6329e-05 1.4580e-01 0.0000e+00
897 0.0000e+00 0.0000e+00 9.6039e-05 0.0000e+00 9.6039e-05 1.4590e-01 0.0000e+00
898 0.0000e+00 0.0000e+00 9.5751e-05 0.0000e+00 9.5751e-05 1.4599e-01 0.0000e+00
899 0.0000e+00 0.0000e+00 9.5465e-05 0.0000e+00 9.5465e-05 1.4609e-01 0.0000e+00
900 0.0000e+00 0.0000e+00 9.5181e-05 0.0000e+00 9.5181e-05 1.4618e-01 0.0000e+00
901 0.0000e+00 0.0000e+00 9.4898e-05 0.0000e+00 9.4898e-05 1.4628e-01 0.0000e+00
902 0.0000e+00 0.0000e+00 9.4617e-05 0.0000e+00 9.4617e-05 1.4637e-01 0.0000e+00
903 0.0000e+00 0.0000e+00 9.4338e-05 0.0000e+00 9.4338e-05 1.4647e-01 0.0000e+00
904 0.0000e+00 0.0000e+00 9.4060e-05 0.0000e+00 9.4060e-05 1.4656e-01 0.0000e+00
905 0.0000e+00 0.0000e+00 9.3784e-05 0.0000e+00 9.3784e-05 1.4665e-01 0.0000e+00
906 0.0000e+00 0.0000e+00 9.3510e-05 0.0000e+00 9.3510e-05 1.4675e-01 0.0000e+00
907 0.0000e+00 0.0000e+00 9.3237e-05 0.0000e+00 9.3237e-05 1.4684e-01 0.0000e+00
908 0.0000e+00 0.0000e+00 9.2965e-05 0.0000e+00 9.2965e-05 1.4693e-01 0.0000e+00
909 0.0000e+00 8.0200e-05 9.2696e-05 0.0000e+00 9.2696e-05 1.4703e-01 0.0000e+00
910 0.0000e+00 1.5480e-04 9.2428e-05 0.0000e+00 9.2428e-05 1.4712e-01 0.0000e+00
911 0.0000e+00 2.1910e-04 9.2161e-05 0.0000e+00 9.2161e-05 1.4721e-01 0.0000e+00
912 0.0000e+00 2.6830e-04 9.1896e-05 0.0000e+00 9.1896e-05 1.4730e-01 0.0000e+00
913 0.0000e+00 2.9680e-04 9.1632e-05 0.0000e+00 9.1632e-05 1.4739e-01 0.0000e+00
914 0.0000e+00 3.0990e-04 9.1370e-05 0.0000e+00 9.1370e-05 1.4749e-01 0.0000e+00
915 0.0000e+00 2.9680e-04 9.1110e-05 0.0000e+00 9.1110e-05 1.4758e-01 0.0000e+00
916 0.0000e+00 2.6830e-04 9.0851e-05 0.0000e+00 9.0851e-05 1.4767e-01 0.0000e+00
917 0.0000e+00 2.1910e-04 9.0593e-05 0.0000e+00 9.0593e-05 1.4776e-01 0.0000e+00
918 0.0000e+00 1.5480e-04 9.0337e-05 0.0000e+00 9.0337e-05 1.4785e-01 0.0000e+00
919 0.0000e+00 7.5000e-05 9.0083e-05 0.0000e+00 9.0083e-05 1.4794e-01 0.0000e+00
920 0.0000e+00 0.0000e+00 8.9829e-05 0.0000e+00 8.9829e-05 1.4803e-01 0.0000e+00
921 0.0000e+00 0.0000e+00 8.9578e-05 0.0000e+00 8.9578e-05 1.4812e-01 0.0000e+00
922 0.0000e+00 0.0000e+00 8.9327e-05 0.0000e+00 8.9327e-05 1.4821e-01 0.0000e+00
923 0.0000e+00 0.0000e+00 8.9078e-05 0.0000e+00 8.9078e-05 1.4830e-01 0.0000e+00
924 0.0000e+00 0.0000e+00 8.8830e-05 0.0000e+00 8.8830e-05 1.4839e-01 0.0000e+00
925 0.0000e+00 0.0000e+00 8.8584e-05 0.0000e+00 8.8584e-05 1.4847e-01 0.0000e+00
926 0.0000e+00 0.0000e+00 8.8339e-05 0.0000e+00 8.8339e-05 1.4856e-01 0.0000e+00
927 0.0000e+00 0.0000e+00 8.8096e-05 0.0000e+00 8.8096e-05 1.4865e-01 0.0000e+00
928 0.0000e+00 0.0000e+00 8.7854e-05 0.0000e+00 8.7854e-05 1.4874e-01 0.0000e+00
929 0.0000e+00 0.0000e+00 8.7613e-05 0.0000e+00 8.7613e-05 1.4883e-01 0.0000e+00
930 0.0000e+00 0.0000e+00 8.7373e-05 0.0000e+00 8.7373e-05 1.4891e-01 0.0000e+00
931 0.0000e+00 0.0000e+00 8.7135e-05 0.0000e+00 8.7135e-05 1.4900e-01 0.0000e+00
932 0.0000e+00 0.0000e+00 8.6898e-05 0.0000e+00 8.6898e-05 1.4909e-01 0.0000e+00
933 0.0000e+00 9.6000e-05 8.6662e-05 0.0000e+00 8.6662e-05 1.4917e-01 0.0000e+00
934 0.0000e+00 1.8520e-04 8.6428e-05 0.0000e+00 8.6428e-05 1.4926e-01 0.0000e+00
935 0.0000e+00 2.6210e-04 8.6195e-05 0.0000e+00 8.6195e-05 1.4935e-01 0.0000e+00
936 0.0000e+00 3.2090e-04 8.5963e-05 0.0000e+00 8.5963e-05 1.4943e-01 0.0000e+00
937 0.0000e+00 3.5500e-04 8.5732e-05 0.0000e+00 8.5732e-05 1.4952e-01 0.0000e+00
938 0.0000e+00 3.7070e-04 8.5503e-05 0.0000e+00 8.5503e-05 1.4960e-01 0.0000e+00
939 0.0000e+00 3.5500e-04 8.5275e-05 0.0000e+00 8.5275e-05 1.4969e-01 0.0000e+00
940 0.0000e+00 3.2090e-04 8.5048e-05 0.0000e+00 8.5048e-05 1.4977e-01 0.0000e+00
941 0.0000e+00 2.6210e-04 8.4822e-05 0.0000e+00 8.4822e-05 1.4986e-01 0.0000e+00
942 0.0000e+00 1.8520e-04 8.4598e-05 0.0000e+00 8.4598e-05 1.4994e-01 0.0000e+00
943 0.0000e+00 8.9700e-05 8.4374e-05 0.0000e+00 8.4374e-05 1.5003e-01 0.0000e+00
944 0.0000e+00 0.0000e+00 8.4152e-05 0.0000e+00 8.4152e-05 1.5011e-01 0.0000e+00
945 0.0000e+00 0.0000e+00 8.3931e-05 0.0000e+00 8.3931e-05 1.5020e-01 0.0000e+00
946 0.0000e+00 0.0000e+00 8.3711e-05 0.0000e+00 8.3711e-05 1.5028e-01 0.0000e+00
947 0.0000e+00 0.0000e+00 8.3493e-05 0.0000e+00 8.3493e-05 1.5036e-01 0.0000e+00
948 0.0000e+00 0.0000e+00 8.3275e-05 0.0000e+00 8.3275e-05 1.5045e-01 0.0000e+00
949 0.0000e+00 0.0000e+00 8.3059e-05 0.0000e+00 8.3059e-05 1.5053e-01 0.0000e+00
950 0.0000e+00 0.0000e+00 8.2843e-05 0.0000e+00 8.2843e-05 1.5061e-01 0.0000e+00
Objective function values:
F1 1.682609e-06    NSE 0.71075   F2 3.029907e-02
Mean Obs Q 1.590065e-04   Variance Obs Q 6.123405e-09
    Error Variance 1.771168e-09

Water Balance for Subcatchment: Extracted study basin: Taegu Pyungkwang River

   SUMP       SUMAE      SUMQ       SUMRZ      SUMUZ      SBAR        BAL
1.890e-01  4.617e-02  1.280e-01  1.955e-02  0.000e+00  1.506e-01  2.769e-03
