Taegu Pyungkwang River Catchment: Calibration Data

Subcatchment : Extracted study basin: cat-13569

TL =     8.71
SUMAC =     1.00
SZQ =       0.02443
Subcatchment routing data:
Maximum Routing Delay       0.69444
Sum of Histogram ordinates:     1.0000
     1.00000 
Initial BAL             -0.21362
Initial SBAR             0.21162
Initial SR0              0.00200
it      p        ep       q(it)       quz      q       sbar       qof
1 0.0000e+00 6.1900e-05 3.2800e-05 0.0000e+00 3.2800e-05 2.1165e-01 0.0000e+00
2 0.0000e+00 6.4700e-05 3.2766e-05 0.0000e+00 3.2766e-05 2.1169e-01 0.0000e+00
3 1.0000e-03 6.1900e-05 3.2733e-05 0.0000e+00 3.2733e-05 2.1172e-01 0.0000e+00
4 1.0000e-03 5.6000e-05 3.2699e-05 0.0000e+00 3.2699e-05 2.1175e-01 0.0000e+00
5 1.0000e-03 4.5700e-05 4.5806e-05 8.0101e-05 3.2666e-05 2.1170e-01 1.3140e-05
6 5.0000e-04 3.2300e-05 4.0546e-05 1.1427e-04 3.2714e-05 2.1162e-01 7.8316e-06
7 5.0000e-04 1.5600e-05 4.0861e-05 1.4741e-04 3.2798e-05 2.1151e-01 8.0626e-06
8 0.0000e+00 0.0000e+00 3.2916e-05 1.2770e-04 3.2916e-05 2.1141e-01 0.0000e+00
9 5.0000e-04 0.0000e+00 4.1364e-05 1.6418e-04 3.3013e-05 2.1128e-01 8.3505e-06
10 5.0000e-04 0.0000e+00 4.1768e-05 1.9586e-04 3.3149e-05 2.1112e-01 8.6194e-06
11 0.0000e+00 0.0000e+00 3.3318e-05 1.7116e-04 3.3318e-05 2.1098e-01 0.0000e+00
12 0.0000e+00 0.0000e+00 3.3462e-05 1.5230e-04 3.3462e-05 2.1086e-01 0.0000e+00
13 1.0000e-03 0.0000e+00 5.0825e-05 2.4170e-04 3.3586e-05 2.1065e-01 1.7239e-05
14 5.0000e-04 0.0000e+00 4.2425e-05 2.6251e-04 3.3805e-05 2.1042e-01 8.6194e-06
15 5.0000e-04 0.0000e+00 4.2667e-05 2.8354e-04 3.4048e-05 2.1018e-01 8.6194e-06
16 1.0000e-03 0.0000e+00 5.1553e-05 3.5560e-04 3.4314e-05 2.0985e-01 1.7239e-05
17 0.0000e+00 0.0000e+00 3.4661e-05 3.1066e-04 3.4661e-05 2.0958e-01 0.0000e+00
18 0.0000e+00 0.0000e+00 3.4961e-05 2.7669e-04 3.4961e-05 2.0934e-01 0.0000e+00
19 0.0000e+00 0.0000e+00 3.5226e-05 2.4734e-04 3.5226e-05 2.0912e-01 0.0000e+00
20 0.0000e+00 0.0000e+00 3.5460e-05 2.2166e-04 3.5460e-05 2.0894e-01 0.0000e+00
21 0.0000e+00 1.8000e-05 3.5667e-05 1.9902e-04 3.5667e-05 2.0877e-01 0.0000e+00
22 0.0000e+00 3.4800e-05 3.5850e-05 1.7896e-04 3.5850e-05 2.0863e-01 0.0000e+00
23 0.0000e+00 4.9200e-05 3.6010e-05 1.6112e-04 3.6010e-05 2.0851e-01 0.0000e+00
24 3.0000e-03 6.0200e-05 8.6110e-05 4.5606e-04 3.6151e-05 2.0809e-01 4.9959e-05
25 2.0000e-03 6.6600e-05 7.0069e-05 5.9707e-04 3.6629e-05 2.0753e-01 3.3440e-05
26 5.5000e-03 6.9600e-05 1.3094e-04 1.1040e-03 3.7276e-05 2.0646e-01 9.3665e-05
27 6.0000e-03 6.6600e-05 1.4077e-04 1.5918e-03 3.8540e-05 2.0491e-01 1.0223e-04
28 1.0000e-03 6.0200e-05 5.6547e-05 1.4799e-03 4.0456e-05 2.0347e-01 1.6091e-05
29 2.5000e-03 4.9200e-05 8.4377e-05 1.5783e-03 4.2318e-05 2.0193e-01 4.2059e-05
30 0.0000e+00 3.4800e-05 4.4399e-05 1.3893e-03 4.4399e-05 2.0059e-01 0.0000e+00
31 0.0000e+00 1.6800e-05 4.6304e-05 1.2381e-03 4.6304e-05 1.9939e-01 0.0000e+00
32 1.0000e-03 0.0000e+00 6.3564e-05 1.2090e-03 4.8061e-05 1.9823e-01 1.5502e-05
33 5.0000e-04 0.0000e+00 5.8457e-05 1.1313e-03 4.9837e-05 1.9715e-01 8.6194e-06
34 0.0000e+00 0.0000e+00 5.1550e-05 1.0067e-03 5.1550e-05 1.9620e-01 0.0000e+00
35 0.0000e+00 0.0000e+00 5.3112e-05 9.0041e-04 5.3112e-05 1.9535e-01 0.0000e+00
36 0.0000e+00 0.0000e+00 5.4537e-05 8.0628e-04 5.4537e-05 1.9460e-01 0.0000e+00
37 0.0000e+00 0.0000e+00 5.5834e-05 7.2252e-04 5.5834e-05 1.9393e-01 0.0000e+00
38 0.0000e+00 0.0000e+00 5.7009e-05 6.4785e-04 5.7009e-05 1.9334e-01 0.0000e+00
39 0.0000e+00 0.0000e+00 5.8071e-05 5.8120e-04 5.8071e-05 1.9282e-01 0.0000e+00
40 0.0000e+00 0.0000e+00 5.9029e-05 5.2165e-04 5.9029e-05 1.9235e-01 0.0000e+00
41 0.0000e+00 0.0000e+00 5.9888e-05 4.6843e-04 5.9888e-05 1.9195e-01 0.0000e+00
42 0.0000e+00 0.0000e+00 6.0658e-05 4.2082e-04 6.0658e-05 1.9159e-01 0.0000e+00
43 0.0000e+00 0.0000e+00 6.1344e-05 3.7821e-04 6.1344e-05 1.9127e-01 0.0000e+00
44 0.0000e+00 0.0000e+00 6.1955e-05 3.4006e-04 6.1955e-05 1.9099e-01 0.0000e+00
45 0.0000e+00 3.3800e-05 6.2495e-05 3.0590e-04 6.2495e-05 1.9075e-01 0.0000e+00
46 1.0000e-03 6.5200e-05 8.4307e-05 3.8835e-04 6.2973e-05 1.9042e-01 2.1334e-05
47 0.0000e+00 9.2300e-05 6.3616e-05 3.3999e-04 6.3616e-05 1.9015e-01 0.0000e+00
48 5.0000e-04 1.1300e-04 7.1733e-05 3.4345e-04 6.4168e-05 1.8987e-01 7.5653e-06
49 0.0000e+00 1.2500e-04 6.4730e-05 3.0384e-04 6.4730e-05 1.8963e-01 0.0000e+00
50 1.0000e-03 1.3050e-04 8.2048e-05 3.6112e-04 6.5216e-05 1.8933e-01 1.6832e-05
51 2.5000e-03 1.2500e-04 1.1814e-04 5.9577e-04 6.5822e-05 1.8880e-01 5.2320e-05
52 3.0000e-03 1.1300e-04 1.3040e-04 8.4976e-04 6.6921e-05 1.8802e-01 6.3482e-05
53 2.5000e-03 9.2300e-05 1.2129e-04 1.0109e-03 6.8578e-05 1.8708e-01 5.2707e-05
54 3.0000e-03 6.5200e-05 1.3483e-04 1.2194e-03 7.0628e-05 1.8593e-01 6.4204e-05
55 2.5000e-03 3.1600e-05 1.2697e-04 1.3447e-03 7.3209e-05 1.8466e-01 5.3762e-05
56 2.0000e-03 0.0000e+00 1.1964e-04 1.4037e-03 7.6177e-05 1.8333e-01 4.3464e-05
57 1.0000e-03 0.0000e+00 1.0148e-04 1.3420e-03 7.9403e-05 1.8207e-01 2.2081e-05
58 1.0000e-03 0.0000e+00 1.0468e-04 1.2973e-03 8.2599e-05 1.8085e-01 2.2081e-05
59 0.0000e+00 0.0000e+00 8.5795e-05 1.1342e-03 8.5795e-05 1.7980e-01 0.0000e+00
60 5.0000e-04 0.0000e+00 9.9692e-05 1.0640e-03 8.8652e-05 1.7883e-01 1.1040e-05
61 5.0000e-04 0.0000e+00 1.0244e-04 9.9941e-04 9.1396e-05 1.7792e-01 1.1040e-05
62 0.0000e+00 0.0000e+00 9.4026e-05 8.7776e-04 9.4026e-05 1.7714e-01 0.0000e+00
63 0.0000e+00 0.0000e+00 9.6358e-05 7.7603e-04 9.6358e-05 1.7646e-01 0.0000e+00
64 0.0000e+00 0.0000e+00 9.8426e-05 6.8732e-04 9.8426e-05 1.7587e-01 0.0000e+00
65 0.0000e+00 0.0000e+00 1.0025e-04 6.0946e-04 1.0025e-04 1.7536e-01 0.0000e+00
66 0.0000e+00 0.0000e+00 1.0186e-04 5.4092e-04 1.0186e-04 1.7492e-01 0.0000e+00
67 0.0000e+00 0.0000e+00 1.0327e-04 4.8048e-04 1.0327e-04 1.7454e-01 0.0000e+00
68 0.0000e+00 0.0000e+00 1.0449e-04 4.2713e-04 1.0449e-04 1.7422e-01 0.0000e+00
69 0.0000e+00 4.1400e-05 1.0555e-04 3.7997e-04 1.0555e-04 1.7394e-01 0.0000e+00
70 0.0000e+00 7.9800e-05 1.0646e-04 3.3826e-04 1.0646e-04 1.7371e-01 0.0000e+00
71 0.0000e+00 1.1290e-04 1.0724e-04 3.0134e-04 1.0724e-04 1.7352e-01 0.0000e+00
72 0.0000e+00 1.3830e-04 1.0789e-04 2.6862e-04 1.0789e-04 1.7336e-01 0.0000e+00
73 0.0000e+00 1.5300e-04 1.0843e-04 2.3960e-04 1.0843e-04 1.7323e-01 0.0000e+00
74 0.0000e+00 1.5980e-04 1.0888e-04 2.1386e-04 1.0888e-04 1.7312e-01 0.0000e+00
75 0.0000e+00 1.5300e-04 1.0923e-04 1.9100e-04 1.0923e-04 1.7304e-01 0.0000e+00
76 0.0000e+00 1.3830e-04 1.0951e-04 1.7069e-04 1.0951e-04 1.7298e-01 0.0000e+00
77 0.0000e+00 1.1290e-04 1.0972e-04 1.5263e-04 1.0972e-04 1.7294e-01 0.0000e+00
78 0.0000e+00 7.9800e-05 1.0987e-04 1.3656e-04 1.0987e-04 1.7291e-01 0.0000e+00
79 0.0000e+00 3.8700e-05 1.0996e-04 1.2225e-04 1.0996e-04 1.7290e-01 0.0000e+00
80 0.0000e+00 0.0000e+00 1.1001e-04 1.0951e-04 1.1001e-04 1.7290e-01 0.0000e+00
81 0.0000e+00 0.0000e+00 1.1000e-04 9.8145e-05 1.1000e-04 1.7291e-01 0.0000e+00
82 0.0000e+00 0.0000e+00 1.0996e-04 8.8008e-05 1.0996e-04 1.7293e-01 0.0000e+00
83 0.0000e+00 0.0000e+00 1.0989e-04 7.8960e-05 1.0989e-04 1.7296e-01 0.0000e+00
84 0.0000e+00 0.0000e+00 1.0978e-04 7.0880e-05 1.0978e-04 1.7300e-01 0.0000e+00
85 0.0000e+00 0.0000e+00 1.0965e-04 6.3658e-05 1.0965e-04 1.7305e-01 0.0000e+00
86 0.0000e+00 0.0000e+00 1.0949e-04 5.7201e-05 1.0949e-04 1.7310e-01 0.0000e+00
87 0.0000e+00 0.0000e+00 1.0931e-04 5.1423e-05 1.0931e-04 1.7316e-01 0.0000e+00
88 0.0000e+00 0.0000e+00 1.0911e-04 4.6251e-05 1.0911e-04 1.7322e-01 0.0000e+00
89 0.0000e+00 0.0000e+00 1.0890e-04 4.1618e-05 1.0890e-04 1.7329e-01 0.0000e+00
90 0.0000e+00 0.0000e+00 1.0867e-04 3.7467e-05 1.0867e-04 1.7336e-01 0.0000e+00
91 0.0000e+00 0.0000e+00 1.0843e-04 3.3745e-05 1.0843e-04 1.7343e-01 0.0000e+00
92 0.0000e+00 0.0000e+00 1.0818e-04 3.0405e-05 1.0818e-04 1.7351e-01 0.0000e+00
93 0.0000e+00 1.9100e-05 1.0791e-04 2.7408e-05 1.0791e-04 1.7359e-01 0.0000e+00
94 0.0000e+00 3.6800e-05 1.0764e-04 2.4716e-05 1.0764e-04 1.7367e-01 0.0000e+00
95 0.0000e+00 5.2100e-05 1.0736e-04 2.2298e-05 1.0736e-04 1.7376e-01 0.0000e+00
96 0.0000e+00 6.3800e-05 1.0708e-04 2.0124e-05 1.0708e-04 1.7385e-01 0.0000e+00
97 5.0000e-04 7.0600e-05 1.0679e-04 1.8169e-05 1.0679e-04 1.7393e-01 0.0000e+00
98 5.0000e-04 7.3700e-05 1.0649e-04 1.6410e-05 1.0649e-04 1.7402e-01 0.0000e+00
99 0.0000e+00 7.0600e-05 1.0619e-04 1.4827e-05 1.0619e-04 1.7412e-01 0.0000e+00
100 0.0000e+00 6.3800e-05 1.0589e-04 1.3401e-05 1.0589e-04 1.7421e-01 0.0000e+00
101 0.0000e+00 5.2100e-05 1.0559e-04 1.2117e-05 1.0559e-04 1.7430e-01 0.0000e+00
102 0.0000e+00 3.6800e-05 1.0528e-04 1.0960e-05 1.0528e-04 1.7440e-01 0.0000e+00
103 0.0000e+00 1.7800e-05 1.0497e-04 9.9168e-06 1.0497e-04 1.7449e-01 0.0000e+00
104 0.0000e+00 0.0000e+00 1.0466e-04 8.9757e-06 1.0466e-04 1.7459e-01 0.0000e+00
105 0.0000e+00 0.0000e+00 1.0434e-04 8.1266e-06 1.0434e-04 1.7468e-01 0.0000e+00
106 0.0000e+00 0.0000e+00 1.0403e-04 7.3601e-06 1.0403e-04 1.7478e-01 0.0000e+00
107 0.0000e+00 0.0000e+00 1.0372e-04 6.6681e-06 1.0372e-04 1.7488e-01 0.0000e+00
108 0.0000e+00 0.0000e+00 1.0340e-04 6.0429e-06 1.0340e-04 1.7497e-01 0.0000e+00
109 0.0000e+00 0.0000e+00 1.0309e-04 5.4780e-06 1.0309e-04 1.7507e-01 0.0000e+00
110 0.0000e+00 0.0000e+00 1.0277e-04 4.9673e-06 1.0277e-04 1.7517e-01 0.0000e+00
111 5.0000e-04 0.0000e+00 1.0246e-04 4.5056e-06 1.0246e-04 1.7527e-01 0.0000e+00
112 0.0000e+00 0.0000e+00 1.0215e-04 4.0871e-06 1.0215e-04 1.7537e-01 0.0000e+00
113 0.0000e+00 0.0000e+00 1.0184e-04 3.7093e-06 1.0184e-04 1.7546e-01 0.0000e+00
114 0.0000e+00 0.0000e+00 1.0152e-04 3.3673e-06 1.0152e-04 1.7556e-01 0.0000e+00
115 0.0000e+00 0.0000e+00 1.0121e-04 3.0577e-06 1.0121e-04 1.7566e-01 0.0000e+00
116 0.0000e+00 0.0000e+00 1.0090e-04 2.7773e-06 1.0090e-04 1.7576e-01 0.0000e+00
117 0.0000e+00 1.0200e-05 1.0059e-04 2.5232e-06 1.0059e-04 1.7586e-01 0.0000e+00
118 0.0000e+00 1.9800e-05 1.0029e-04 2.2930e-06 1.0029e-04 1.7595e-01 0.0000e+00
119 0.0000e+00 2.8000e-05 9.9979e-05 2.0842e-06 9.9979e-05 1.7605e-01 0.0000e+00
120 0.0000e+00 3.4200e-05 9.9674e-05 1.8950e-06 9.9674e-05 1.7615e-01 0.0000e+00
121 0.0000e+00 3.7900e-05 9.9370e-05 1.7233e-06 9.9370e-05 1.7625e-01 0.0000e+00
122 0.0000e+00 3.9500e-05 9.9067e-05 1.5675e-06 9.9067e-05 1.7635e-01 0.0000e+00
123 0.0000e+00 3.7900e-05 9.8766e-05 1.4262e-06 9.8766e-05 1.7644e-01 0.0000e+00
124 0.0000e+00 3.4200e-05 9.8466e-05 1.2979e-06 9.8466e-05 1.7654e-01 0.0000e+00
125 0.0000e+00 2.8000e-05 9.8167e-05 1.1803e-06 9.8167e-05 1.7664e-01 0.0000e+00
126 0.0000e+00 1.9800e-05 9.7870e-05 1.0746e-06 9.7870e-05 1.7673e-01 0.0000e+00
127 0.0000e+00 9.6000e-06 9.7575e-05 9.7867e-07 9.7575e-05 1.7683e-01 0.0000e+00
128 0.0000e+00 0.0000e+00 9.7280e-05 8.9145e-07 9.7280e-05 1.7693e-01 0.0000e+00
129 0.0000e+00 0.0000e+00 9.6988e-05 8.1218e-07 9.6988e-05 1.7702e-01 0.0000e+00
130 0.0000e+00 0.0000e+00 9.6697e-05 7.4010e-07 9.6697e-05 1.7712e-01 0.0000e+00
131 0.0000e+00 0.0000e+00 9.6407e-05 6.7455e-07 9.6407e-05 1.7721e-01 0.0000e+00
132 0.0000e+00 0.0000e+00 9.6119e-05 6.1493e-07 9.6119e-05 1.7731e-01 0.0000e+00
133 0.0000e+00 0.0000e+00 9.5833e-05 5.6069e-07 9.5833e-05 1.7741e-01 0.0000e+00
134 0.0000e+00 0.0000e+00 9.5548e-05 5.1133e-07 9.5548e-05 1.7750e-01 0.0000e+00
135 0.0000e+00 0.0000e+00 9.5265e-05 4.6640e-07 9.5265e-05 1.7760e-01 0.0000e+00
136 0.0000e+00 0.0000e+00 9.4983e-05 4.2550e-07 9.4983e-05 1.7769e-01 0.0000e+00
137 0.0000e+00 0.0000e+00 9.4703e-05 3.8826e-07 9.4703e-05 1.7778e-01 0.0000e+00
138 0.0000e+00 0.0000e+00 9.4424e-05 3.5291e-07 9.4424e-05 1.7788e-01 0.0000e+00
139 0.0000e+00 0.0000e+00 9.4147e-05 3.2220e-07 9.4147e-05 1.7797e-01 0.0000e+00
140 0.0000e+00 0.0000e+00 9.3871e-05 2.9422e-07 9.3871e-05 1.7807e-01 0.0000e+00
141 5.0000e-04 4.1400e-05 9.3597e-05 2.6871e-07 9.3597e-05 1.7816e-01 0.0000e+00
142 0.0000e+00 7.9900e-05 9.3324e-05 2.4545e-07 9.3324e-05 1.7825e-01 0.0000e+00
143 0.0000e+00 1.1300e-04 9.3053e-05 2.2424e-07 9.3053e-05 1.7834e-01 0.0000e+00
144 0.0000e+00 1.3840e-04 9.2784e-05 2.0490e-07 9.2784e-05 1.7844e-01 0.0000e+00
145 0.0000e+00 1.5310e-04 9.2516e-05 1.8725e-07 9.2516e-05 1.7853e-01 0.0000e+00
146 0.0000e+00 1.5990e-04 9.2249e-05 1.7115e-07 9.2249e-05 1.7862e-01 0.0000e+00
147 0.0000e+00 1.5310e-04 9.1984e-05 1.5646e-07 9.1984e-05 1.7871e-01 0.0000e+00
148 0.0000e+00 1.3840e-04 9.1721e-05 1.4305e-07 9.1721e-05 1.7881e-01 0.0000e+00
149 0.0000e+00 1.1300e-04 9.1458e-05 1.3081e-07 9.1458e-05 1.7890e-01 0.0000e+00
150 0.0000e+00 7.9900e-05 9.1198e-05 1.1963e-07 9.1198e-05 1.7899e-01 0.0000e+00
151 0.0000e+00 3.8700e-05 9.0939e-05 1.0786e-07 9.0939e-05 1.7908e-01 0.0000e+00
152 0.0000e+00 0.0000e+00 9.0681e-05 9.8728e-08 9.0681e-05 1.7917e-01 0.0000e+00
153 0.0000e+00 0.0000e+00 9.0425e-05 9.0379e-08 9.0425e-05 1.7926e-01 0.0000e+00
154 0.0000e+00 0.0000e+00 9.0170e-05 8.2746e-08 9.0170e-05 1.7935e-01 0.0000e+00
155 0.0000e+00 0.0000e+00 8.9916e-05 7.5767e-08 8.9916e-05 1.7944e-01 0.0000e+00
156 0.0000e+00 0.0000e+00 8.9664e-05 6.9385e-08 8.9664e-05 1.7953e-01 0.0000e+00
157 0.0000e+00 0.0000e+00 8.9413e-05 6.3549e-08 8.9413e-05 1.7962e-01 0.0000e+00
158 0.0000e+00 0.0000e+00 8.9164e-05 5.8211e-08 8.9164e-05 1.7971e-01 0.0000e+00
159 0.0000e+00 0.0000e+00 8.8916e-05 5.3327e-08 8.8916e-05 1.7980e-01 0.0000e+00
160 0.0000e+00 0.0000e+00 8.8670e-05 4.8860e-08 8.8670e-05 1.7988e-01 0.0000e+00
161 0.0000e+00 0.0000e+00 8.8424e-05 4.4771e-08 8.8424e-05 1.7997e-01 0.0000e+00
162 0.0000e+00 0.0000e+00 8.8180e-05 4.1030e-08 8.8180e-05 1.8006e-01 0.0000e+00
163 0.0000e+00 0.0000e+00 8.7938e-05 3.7606e-08 8.7938e-05 1.8015e-01 0.0000e+00
164 0.0000e+00 0.0000e+00 8.7697e-05 3.2917e-08 8.7697e-05 1.8024e-01 0.0000e+00
165 0.0000e+00 1.7800e-05 8.7457e-05 3.0210e-08 8.7457e-05 1.8032e-01 0.0000e+00
166 0.0000e+00 3.4400e-05 8.7218e-05 2.7728e-08 8.7218e-05 1.8041e-01 0.0000e+00
167 0.0000e+00 4.8600e-05 8.6981e-05 2.5452e-08 8.6981e-05 1.8050e-01 0.0000e+00
168 0.0000e+00 5.9500e-05 8.6745e-05 2.3366e-08 8.6745e-05 1.8059e-01 0.0000e+00
169 0.0000e+00 6.5900e-05 8.6510e-05 2.1452e-08 8.6510e-05 1.8067e-01 0.0000e+00
170 0.0000e+00 6.8800e-05 8.6277e-05 1.9697e-08 8.6277e-05 1.8076e-01 0.0000e+00
171 0.0000e+00 6.5900e-05 8.6044e-05 1.8087e-08 8.6044e-05 1.8084e-01 0.0000e+00
172 0.0000e+00 5.9500e-05 8.5813e-05 1.6610e-08 8.5813e-05 1.8093e-01 0.0000e+00
173 0.0000e+00 4.8600e-05 8.5583e-05 1.5255e-08 8.5583e-05 1.8102e-01 0.0000e+00
174 0.0000e+00 3.4400e-05 8.5355e-05 1.4012e-08 8.5355e-05 1.8110e-01 0.0000e+00
175 0.0000e+00 1.6600e-05 8.5128e-05 1.2871e-08 8.5128e-05 1.8119e-01 0.0000e+00
176 0.0000e+00 0.0000e+00 8.4901e-05 1.1824e-08 8.4901e-05 1.8127e-01 0.0000e+00
177 0.0000e+00 0.0000e+00 8.4677e-05 9.4549e-09 8.4677e-05 1.8136e-01 0.0000e+00
178 0.0000e+00 0.0000e+00 8.4453e-05 8.7052e-09 8.4453e-05 1.8144e-01 0.0000e+00
179 0.0000e+00 0.0000e+00 8.4230e-05 8.0154e-09 8.4230e-05 1.8152e-01 0.0000e+00
180 0.0000e+00 0.0000e+00 8.4009e-05 7.3808e-09 8.4009e-05 1.8161e-01 0.0000e+00
181 0.0000e+00 0.0000e+00 8.3789e-05 6.7968e-09 8.3789e-05 1.8169e-01 0.0000e+00
182 0.0000e+00 0.0000e+00 8.3570e-05 6.2594e-09 8.3570e-05 1.8178e-01 0.0000e+00
183 0.0000e+00 0.0000e+00 8.3352e-05 5.7648e-09 8.3352e-05 1.8186e-01 0.0000e+00
184 0.0000e+00 0.0000e+00 8.3135e-05 5.3097e-09 8.3135e-05 1.8194e-01 0.0000e+00
185 0.0000e+00 0.0000e+00 8.2919e-05 4.8907e-09 8.2919e-05 1.8202e-01 0.0000e+00
186 0.0000e+00 0.0000e+00 8.2705e-05 4.5051e-09 8.2705e-05 1.8211e-01 0.0000e+00
187 0.0000e+00 0.0000e+00 8.2491e-05 4.1502e-09 8.2491e-05 1.8219e-01 0.0000e+00
188 0.0000e+00 0.0000e+00 8.2279e-05 3.8234e-09 8.2279e-05 1.8227e-01 0.0000e+00
189 0.0000e+00 4.5600e-05 8.2067e-05 3.5226e-09 8.2067e-05 1.8235e-01 0.0000e+00
190 5.0000e-04 8.7900e-05 8.1857e-05 2.2519e-09 8.1857e-05 1.8244e-01 0.0000e+00
191 0.0000e+00 1.2440e-04 8.1648e-05 2.0814e-09 8.1648e-05 1.8252e-01 0.0000e+00
192 0.0000e+00 1.5230e-04 8.1440e-05 1.9240e-09 8.1440e-05 1.8260e-01 0.0000e+00
193 0.0000e+00 1.6850e-04 8.1233e-05 1.7785e-09 8.1233e-05 1.8268e-01 0.0000e+00
194 0.0000e+00 1.7590e-04 8.1027e-05 1.6441e-09 8.1027e-05 1.8276e-01 0.0000e+00
195 0.0000e+00 1.6850e-04 8.0822e-05 1.5199e-09 8.0822e-05 1.8284e-01 0.0000e+00
196 0.0000e+00 1.5230e-04 8.0618e-05 1.4052e-09 8.0618e-05 1.8292e-01 0.0000e+00
197 0.0000e+00 1.2440e-04 8.0415e-05 1.2991e-09 8.0415e-05 1.8300e-01 0.0000e+00
198 0.0000e+00 8.7900e-05 8.0214e-05 1.2011e-09 8.0214e-05 1.8308e-01 0.0000e+00
199 0.0000e+00 4.2600e-05 8.0013e-05 1.1105e-09 8.0013e-05 1.8316e-01 0.0000e+00
200 0.0000e+00 0.0000e+00 7.9813e-05 1.0268e-09 7.9813e-05 1.8324e-01 0.0000e+00
201 0.0000e+00 0.0000e+00 7.9614e-05 9.4950e-10 7.9614e-05 1.8332e-01 0.0000e+00
202 0.0000e+00 0.0000e+00 7.9416e-05 8.7800e-10 7.9416e-05 1.8340e-01 0.0000e+00
203 0.0000e+00 0.0000e+00 7.9220e-05 8.1193e-10 7.9220e-05 1.8348e-01 0.0000e+00
204 0.0000e+00 0.0000e+00 7.9024e-05 3.2159e-10 7.9024e-05 1.8356e-01 0.0000e+00
205 0.0000e+00 0.0000e+00 7.8829e-05 2.9857e-10 7.8829e-05 1.8364e-01 0.0000e+00
206 0.0000e+00 0.0000e+00 7.8635e-05 2.7720e-10 7.8635e-05 1.8372e-01 0.0000e+00
207 0.0000e+00 0.0000e+00 7.8442e-05 2.5737e-10 7.8442e-05 1.8380e-01 0.0000e+00
208 0.0000e+00 0.0000e+00 7.8250e-05 2.3897e-10 7.8250e-05 1.8387e-01 0.0000e+00
209 0.0000e+00 0.0000e+00 7.8059e-05 2.2188e-10 7.8059e-05 1.8395e-01 0.0000e+00
210 0.0000e+00 0.0000e+00 7.7868e-05 2.0602e-10 7.7868e-05 1.8403e-01 0.0000e+00
211 0.0000e+00 0.0000e+00 7.7679e-05 1.9130e-10 7.7679e-05 1.8411e-01 0.0000e+00
212 0.0000e+00 0.0000e+00 7.7491e-05 1.7764e-10 7.7491e-05 1.8419e-01 0.0000e+00
213 0.0000e+00 4.9000e-05 7.7303e-05 1.6496e-10 7.7303e-05 1.8426e-01 0.0000e+00
214 0.0000e+00 9.4600e-05 7.7117e-05 1.5318e-10 7.7117e-05 1.8434e-01 0.0000e+00
215 0.0000e+00 1.3380e-04 7.6931e-05 1.4225e-10 7.6931e-05 1.8442e-01 0.0000e+00
216 0.0000e+00 1.6380e-04 7.6747e-05 1.3210e-10 7.6747e-05 1.8449e-01 0.0000e+00
217 0.0000e+00 1.8130e-04 7.6563e-05 1.3299e-11 7.6563e-05 1.8457e-01 0.0000e+00
218 0.0000e+00 1.8920e-04 7.6380e-05 1.2410e-11 7.6380e-05 1.8465e-01 0.0000e+00
219 0.0000e+00 1.8130e-04 7.6198e-05 1.1580e-11 7.6198e-05 1.8472e-01 0.0000e+00
220 0.0000e+00 1.6380e-04 7.6016e-05 1.0806e-11 7.6016e-05 1.8480e-01 0.0000e+00
221 0.0000e+00 1.3380e-04 7.5836e-05 1.0084e-11 7.5836e-05 1.8487e-01 0.0000e+00
222 0.0000e+00 9.4600e-05 7.5657e-05 9.4107e-12 7.5657e-05 1.8495e-01 0.0000e+00
223 0.0000e+00 4.5800e-05 7.5478e-05 8.7822e-12 7.5478e-05 1.8503e-01 0.0000e+00
224 0.0000e+00 0.0000e+00 7.5300e-05 8.1959e-12 7.5300e-05 1.8510e-01 0.0000e+00
225 0.0000e+00 0.0000e+00 7.5123e-05 7.6489e-12 7.5123e-05 1.8518e-01 0.0000e+00
226 0.0000e+00 0.0000e+00 7.4947e-05 7.1385e-12 7.4947e-05 1.8525e-01 0.0000e+00
227 0.0000e+00 0.0000e+00 7.4772e-05 6.6623e-12 7.4772e-05 1.8533e-01 0.0000e+00
228 0.0000e+00 0.0000e+00 7.4597e-05 6.2180e-12 7.4597e-05 1.8540e-01 0.0000e+00
229 0.0000e+00 0.0000e+00 7.4423e-05 5.8034e-12 7.4423e-05 1.8548e-01 0.0000e+00
230 0.0000e+00 0.0000e+00 7.4251e-05 0.0000e+00 7.4251e-05 1.8555e-01 0.0000e+00
231 0.0000e+00 0.0000e+00 7.4078e-05 0.0000e+00 7.4078e-05 1.8562e-01 0.0000e+00
232 0.0000e+00 0.0000e+00 7.3907e-05 0.0000e+00 7.3907e-05 1.8570e-01 0.0000e+00
233 0.0000e+00 0.0000e+00 7.3737e-05 0.0000e+00 7.3737e-05 1.8577e-01 0.0000e+00
234 0.0000e+00 0.0000e+00 7.3567e-05 0.0000e+00 7.3567e-05 1.8584e-01 0.0000e+00
235 0.0000e+00 0.0000e+00 7.3398e-05 0.0000e+00 7.3398e-05 1.8592e-01 0.0000e+00
236 0.0000e+00 0.0000e+00 7.3230e-05 0.0000e+00 7.3230e-05 1.8599e-01 0.0000e+00
237 0.0000e+00 5.1700e-05 7.3062e-05 0.0000e+00 7.3062e-05 1.8606e-01 0.0000e+00
238 0.0000e+00 9.9800e-05 7.2896e-05 0.0000e+00 7.2896e-05 1.8614e-01 0.0000e+00
239 0.0000e+00 1.4120e-04 7.2730e-05 0.0000e+00 7.2730e-05 1.8621e-01 0.0000e+00
240 0.0000e+00 1.7290e-04 7.2565e-05 0.0000e+00 7.2565e-05 1.8628e-01 0.0000e+00
241 5.0000e-04 1.9130e-04 7.2401e-05 0.0000e+00 7.2401e-05 1.8636e-01 0.0000e+00
242 1.0000e-03 1.9970e-04 7.2237e-05 0.0000e+00 7.2237e-05 1.8643e-01 0.0000e+00
243 0.0000e+00 1.9130e-04 7.2074e-05 0.0000e+00 7.2074e-05 1.8650e-01 0.0000e+00
244 0.0000e+00 1.7290e-04 7.1912e-05 0.0000e+00 7.1912e-05 1.8657e-01 0.0000e+00
245 0.0000e+00 1.4120e-04 7.1750e-05 0.0000e+00 7.1750e-05 1.8664e-01 0.0000e+00
246 0.0000e+00 9.9800e-05 7.1590e-05 0.0000e+00 7.1590e-05 1.8671e-01 0.0000e+00
247 0.0000e+00 4.8300e-05 7.1430e-05 0.0000e+00 7.1430e-05 1.8679e-01 0.0000e+00
248 0.0000e+00 0.0000e+00 7.1270e-05 0.0000e+00 7.1270e-05 1.8686e-01 0.0000e+00
249 0.0000e+00 0.0000e+00 7.1112e-05 0.0000e+00 7.1112e-05 1.8693e-01 0.0000e+00
250 0.0000e+00 0.0000e+00 7.0954e-05 0.0000e+00 7.0954e-05 1.8700e-01 0.0000e+00
251 0.0000e+00 0.0000e+00 7.0797e-05 0.0000e+00 7.0797e-05 1.8707e-01 0.0000e+00
252 0.0000e+00 0.0000e+00 7.0640e-05 0.0000e+00 7.0640e-05 1.8714e-01 0.0000e+00
253 1.0000e-03 0.0000e+00 7.0485e-05 0.0000e+00 7.0485e-05 1.8721e-01 0.0000e+00
254 0.0000e+00 0.0000e+00 7.0330e-05 0.0000e+00 7.0330e-05 1.8728e-01 0.0000e+00
255 0.0000e+00 0.0000e+00 7.0175e-05 0.0000e+00 7.0175e-05 1.8735e-01 0.0000e+00
256 0.0000e+00 0.0000e+00 7.0022e-05 0.0000e+00 7.0022e-05 1.8742e-01 0.0000e+00
257 0.0000e+00 0.0000e+00 6.9868e-05 0.0000e+00 6.9868e-05 1.8749e-01 0.0000e+00
258 0.0000e+00 0.0000e+00 6.9716e-05 0.0000e+00 6.9716e-05 1.8756e-01 0.0000e+00
259 0.0000e+00 0.0000e+00 6.9564e-05 0.0000e+00 6.9564e-05 1.8763e-01 0.0000e+00
260 0.0000e+00 0.0000e+00 6.9413e-05 0.0000e+00 6.9413e-05 1.8770e-01 0.0000e+00
261 0.0000e+00 7.5200e-05 6.9263e-05 0.0000e+00 6.9263e-05 1.8777e-01 0.0000e+00
262 1.0000e-03 1.4510e-04 6.9113e-05 0.0000e+00 6.9113e-05 1.8784e-01 0.0000e+00
263 0.0000e+00 2.0520e-04 6.8964e-05 0.0000e+00 6.8964e-05 1.8791e-01 0.0000e+00
264 0.0000e+00 2.5130e-04 6.8816e-05 0.0000e+00 6.8816e-05 1.8798e-01 0.0000e+00
265 0.0000e+00 2.7800e-04 6.8668e-05 0.0000e+00 6.8668e-05 1.8805e-01 0.0000e+00
266 0.0000e+00 2.9030e-04 6.8521e-05 0.0000e+00 6.8521e-05 1.8811e-01 0.0000e+00
267 0.0000e+00 2.7800e-04 6.8374e-05 0.0000e+00 6.8374e-05 1.8818e-01 0.0000e+00
268 0.0000e+00 2.5130e-04 6.8228e-05 0.0000e+00 6.8228e-05 1.8825e-01 0.0000e+00
269 0.0000e+00 2.0520e-04 6.8083e-05 0.0000e+00 6.8083e-05 1.8832e-01 0.0000e+00
270 0.0000e+00 1.4510e-04 6.7938e-05 0.0000e+00 6.7938e-05 1.8839e-01 0.0000e+00
271 0.0000e+00 7.0200e-05 6.7794e-05 0.0000e+00 6.7794e-05 1.8845e-01 0.0000e+00
272 0.0000e+00 0.0000e+00 6.7650e-05 0.0000e+00 6.7650e-05 1.8852e-01 0.0000e+00
273 0.0000e+00 0.0000e+00 6.7508e-05 0.0000e+00 6.7508e-05 1.8859e-01 0.0000e+00
274 0.0000e+00 0.0000e+00 6.7365e-05 0.0000e+00 6.7365e-05 1.8866e-01 0.0000e+00
275 0.0000e+00 0.0000e+00 6.7224e-05 0.0000e+00 6.7224e-05 1.8872e-01 0.0000e+00
276 0.0000e+00 0.0000e+00 6.7083e-05 0.0000e+00 6.7083e-05 1.8879e-01 0.0000e+00
277 0.0000e+00 0.0000e+00 6.6942e-05 0.0000e+00 6.6942e-05 1.8886e-01 0.0000e+00
278 0.0000e+00 0.0000e+00 6.6802e-05 0.0000e+00 6.6802e-05 1.8892e-01 0.0000e+00
279 0.0000e+00 0.0000e+00 6.6663e-05 0.0000e+00 6.6663e-05 1.8899e-01 0.0000e+00
280 0.0000e+00 0.0000e+00 6.6524e-05 0.0000e+00 6.6524e-05 1.8906e-01 0.0000e+00
281 0.0000e+00 0.0000e+00 6.6386e-05 0.0000e+00 6.6386e-05 1.8912e-01 0.0000e+00
282 0.0000e+00 0.0000e+00 6.6248e-05 0.0000e+00 6.6248e-05 1.8919e-01 0.0000e+00
283 1.0000e-03 0.0000e+00 6.6111e-05 0.0000e+00 6.6111e-05 1.8926e-01 0.0000e+00
284 5.0000e-04 0.0000e+00 6.5975e-05 0.0000e+00 6.5975e-05 1.8932e-01 0.0000e+00
285 2.5000e-03 2.4400e-05 6.9382e-05 1.8968e-05 6.5839e-05 1.8937e-01 3.5434e-06
286 6.0000e-03 4.7000e-05 1.9769e-04 7.2146e-04 6.5743e-05 1.8871e-01 1.3195e-04
287 4.0000e-03 6.6500e-05 1.5439e-04 1.0569e-03 6.7104e-05 1.8772e-01 8.7285e-05
288 1.5000e-03 8.1400e-05 1.0086e-04 1.0638e-03 6.9212e-05 1.8673e-01 3.1653e-05
289 0.0000e+00 9.0100e-05 7.1397e-05 9.1734e-04 7.1397e-05 1.8588e-01 0.0000e+00
290 0.0000e+00 9.4000e-05 7.3309e-05 8.0288e-04 7.3309e-05 1.8515e-01 0.0000e+00
291 5.0000e-04 9.0100e-05 8.0188e-05 7.3463e-04 7.5000e-05 1.8449e-01 5.1883e-06
292 0.0000e+00 8.1400e-05 7.6562e-05 6.4591e-04 7.6562e-05 1.8392e-01 0.0000e+00
293 0.0000e+00 6.6500e-05 7.7936e-05 5.7057e-04 7.7936e-05 1.8343e-01 0.0000e+00
294 1.5000e-03 4.7000e-05 1.0702e-04 6.6095e-04 7.9145e-05 1.8285e-01 2.7874e-05
295 1.0000e-03 2.2800e-05 1.0164e-04 6.9111e-04 8.0597e-05 1.8224e-01 2.1043e-05
296 0.0000e+00 0.0000e+00 8.2150e-05 5.9990e-04 8.2150e-05 1.8172e-01 0.0000e+00
297 0.0000e+00 0.0000e+00 8.3490e-05 5.2840e-04 8.3490e-05 1.8128e-01 0.0000e+00
298 0.0000e+00 0.0000e+00 8.4659e-05 4.6710e-04 8.4659e-05 1.8089e-01 0.0000e+00
299 0.0000e+00 0.0000e+00 8.5677e-05 4.1383e-04 8.5677e-05 1.8057e-01 0.0000e+00
300 0.0000e+00 0.0000e+00 8.6560e-05 3.6723e-04 8.6560e-05 1.8029e-01 0.0000e+00
301 0.0000e+00 0.0000e+00 8.7322e-05 3.2630e-04 8.7322e-05 1.8005e-01 0.0000e+00
302 0.0000e+00 0.0000e+00 8.7977e-05 2.9025e-04 8.7977e-05 1.7984e-01 0.0000e+00
303 0.0000e+00 0.0000e+00 8.8535e-05 2.5845e-04 8.8535e-05 1.7967e-01 0.0000e+00
304 0.0000e+00 0.0000e+00 8.9006e-05 2.3034e-04 8.9006e-05 1.7953e-01 0.0000e+00
305 0.0000e+00 0.0000e+00 8.9400e-05 2.0546e-04 8.9400e-05 1.7942e-01 0.0000e+00
306 0.0000e+00 0.0000e+00 8.9725e-05 1.8342e-04 8.9725e-05 1.7932e-01 0.0000e+00
307 0.0000e+00 0.0000e+00 8.9988e-05 1.6387e-04 8.9988e-05 1.7925e-01 0.0000e+00
308 0.0000e+00 0.0000e+00 9.0196e-05 1.4651e-04 9.0196e-05 1.7919e-01 0.0000e+00
309 0.0000e+00 2.8800e-05 9.0355e-05 1.3108e-04 9.0355e-05 1.7915e-01 0.0000e+00
310 5.0000e-04 5.5500e-05 1.0037e-04 1.7470e-04 9.0470e-05 1.7907e-01 9.9013e-06
311 0.0000e+00 7.8500e-05 9.0708e-05 1.5011e-04 9.0708e-05 1.7901e-01 0.0000e+00
312 0.0000e+00 9.6200e-05 9.0877e-05 1.3261e-04 9.0877e-05 1.7897e-01 0.0000e+00
313 0.0000e+00 1.0640e-04 9.0996e-05 1.1774e-04 9.0996e-05 1.7894e-01 0.0000e+00
314 0.0000e+00 1.1110e-04 9.1072e-05 1.0480e-04 9.1072e-05 1.7893e-01 0.0000e+00
315 0.0000e+00 1.0640e-04 9.1111e-05 9.3447e-05 9.1111e-05 1.7892e-01 0.0000e+00
316 0.0000e+00 9.6200e-05 9.1117e-05 8.3442e-05 9.1117e-05 1.7893e-01 0.0000e+00
317 5.0000e-04 7.8500e-05 9.1095e-05 7.4597e-05 9.1095e-05 1.7895e-01 0.0000e+00
318 1.0000e-03 5.5500e-05 1.0816e-04 1.6606e-04 9.1049e-05 1.7887e-01 1.7113e-05
319 5.0000e-04 2.6900e-05 1.0108e-04 1.9455e-04 9.1262e-05 1.7877e-01 9.8149e-06
320 0.0000e+00 0.0000e+00 9.1557e-05 1.6457e-04 9.1557e-05 1.7870e-01 0.0000e+00
321 0.0000e+00 0.0000e+00 9.1766e-05 1.4356e-04 9.1766e-05 1.7865e-01 0.0000e+00
322 1.0000e-03 0.0000e+00 1.1340e-04 2.5112e-04 9.1915e-05 1.7849e-01 2.1487e-05
323 1.0000e-03 0.0000e+00 1.1445e-04 3.3772e-04 9.2373e-05 1.7824e-01 2.2081e-05
324 0.0000e+00 0.0000e+00 9.3084e-05 2.8259e-04 9.3084e-05 1.7805e-01 0.0000e+00
325 0.0000e+00 0.0000e+00 9.3637e-05 2.4541e-04 9.3637e-05 1.7790e-01 0.0000e+00
326 0.0000e+00 0.0000e+00 9.4082e-05 2.1476e-04 9.4082e-05 1.7778e-01 0.0000e+00
327 0.0000e+00 0.0000e+00 9.4438e-05 1.8873e-04 9.4438e-05 1.7769e-01 0.0000e+00
328 0.0000e+00 0.0000e+00 9.4717e-05 1.6634e-04 9.4717e-05 1.7761e-01 0.0000e+00
329 0.0000e+00 0.0000e+00 9.4929e-05 1.4694e-04 9.4929e-05 1.7756e-01 0.0000e+00
330 0.0000e+00 0.0000e+00 9.5083e-05 1.3006e-04 9.5083e-05 1.7753e-01 0.0000e+00
331 0.0000e+00 0.0000e+00 9.5187e-05 1.1531e-04 9.5187e-05 1.7751e-01 0.0000e+00
332 0.0000e+00 0.0000e+00 9.5247e-05 1.0239e-04 9.5247e-05 1.7750e-01 0.0000e+00
333 0.0000e+00 1.1200e-05 9.5268e-05 9.1033e-05 9.5268e-05 1.7750e-01 0.0000e+00
334 0.0000e+00 2.1600e-05 9.5256e-05 8.1032e-05 9.5256e-05 1.7752e-01 0.0000e+00
335 0.0000e+00 3.0600e-05 9.5213e-05 7.2209e-05 9.5213e-05 1.7754e-01 0.0000e+00
336 0.0000e+00 3.7400e-05 9.5145e-05 6.4412e-05 9.5145e-05 1.7757e-01 0.0000e+00
337 0.0000e+00 4.1400e-05 9.5054e-05 5.7511e-05 9.5054e-05 1.7761e-01 0.0000e+00
338 5.0000e-04 4.3200e-05 1.0285e-04 9.7800e-05 9.4942e-05 1.7761e-01 7.9039e-06
339 5.0000e-04 4.1400e-05 1.0504e-04 1.4125e-04 9.4951e-05 1.7756e-01 1.0087e-05
340 1.5000e-03 3.7400e-05 1.2730e-04 3.0710e-04 9.5088e-05 1.7735e-01 3.2207e-05
341 1.5000e-03 3.0600e-05 1.2802e-04 4.3999e-04 9.5720e-05 1.7700e-01 3.2295e-05
342 1.0000e-03 2.1600e-05 1.1816e-04 4.9008e-04 9.6756e-05 1.7661e-01 2.1405e-05
343 5.0000e-04 1.0500e-05 1.0852e-04 4.7526e-04 9.7952e-05 1.7623e-01 1.0563e-05
344 1.0000e-03 0.0000e+00 1.2096e-04 5.3645e-04 9.9114e-05 1.7580e-01 2.1849e-05
345 5.0000e-04 0.0000e+00 1.1152e-04 5.2065e-04 1.0048e-04 1.7538e-01 1.1040e-05
346 0.0000e+00 0.0000e+00 1.0181e-04 4.4683e-04 1.0181e-04 1.7503e-01 0.0000e+00
347 0.0000e+00 0.0000e+00 1.0291e-04 3.9001e-04 1.0291e-04 1.7474e-01 0.0000e+00
348 0.0000e+00 0.0000e+00 1.0384e-04 3.4185e-04 1.0384e-04 1.7451e-01 0.0000e+00
349 0.0000e+00 0.0000e+00 1.0461e-04 3.0047e-04 1.0461e-04 1.7431e-01 0.0000e+00
350 0.0000e+00 0.0000e+00 1.0525e-04 2.6469e-04 1.0525e-04 1.7415e-01 0.0000e+00
351 0.0000e+00 0.0000e+00 1.0578e-04 2.3360e-04 1.0578e-04 1.7402e-01 0.0000e+00
352 0.0000e+00 0.0000e+00 1.0620e-04 2.0650e-04 1.0620e-04 1.7392e-01 0.0000e+00
353 5.0000e-04 0.0000e+00 1.2084e-04 2.4703e-04 1.0654e-04 1.7378e-01 1.4301e-05
354 0.0000e+00 0.0000e+00 1.0701e-04 2.1297e-04 1.0701e-04 1.7368e-01 0.0000e+00
355 0.0000e+00 0.0000e+00 1.0736e-04 1.8735e-04 1.0736e-04 1.7360e-01 0.0000e+00
356 0.0000e+00 0.0000e+00 1.0763e-04 1.6531e-04 1.0763e-04 1.7354e-01 0.0000e+00
357 0.0000e+00 7.2300e-05 1.0782e-04 1.4619e-04 1.0782e-04 1.7350e-01 0.0000e+00
358 0.0000e+00 1.3960e-04 1.0795e-04 1.2952e-04 1.0795e-04 1.7348e-01 0.0000e+00
359 0.0000e+00 1.9750e-04 1.0803e-04 1.1493e-04 1.0803e-04 1.7347e-01 0.0000e+00
360 0.0000e+00 2.4180e-04 1.0805e-04 1.0212e-04 1.0805e-04 1.7348e-01 0.0000e+00
361 0.0000e+00 2.6750e-04 1.0803e-04 9.0838e-05 1.0803e-04 1.7349e-01 0.0000e+00
362 0.0000e+00 2.7930e-04 1.0797e-04 8.0890e-05 1.0797e-04 1.7352e-01 0.0000e+00
363 0.0000e+00 2.6750e-04 1.0788e-04 7.2102e-05 1.0788e-04 1.7356e-01 0.0000e+00
364 0.0000e+00 2.4180e-04 1.0776e-04 6.4328e-05 1.0776e-04 1.7360e-01 0.0000e+00
365 0.0000e+00 1.9750e-04 1.0761e-04 5.7440e-05 1.0761e-04 1.7365e-01 0.0000e+00
366 0.0000e+00 1.3960e-04 1.0744e-04 5.1331e-05 1.0744e-04 1.7371e-01 0.0000e+00
367 0.0000e+00 6.7600e-05 1.0726e-04 4.5906e-05 1.0726e-04 1.7377e-01 0.0000e+00
368 0.0000e+00 0.0000e+00 1.0705e-04 4.1085e-05 1.0705e-04 1.7383e-01 0.0000e+00
369 0.0000e+00 0.0000e+00 1.0683e-04 3.6796e-05 1.0683e-04 1.7390e-01 0.0000e+00
370 0.0000e+00 0.0000e+00 1.0660e-04 3.2976e-05 1.0660e-04 1.7398e-01 0.0000e+00
371 0.0000e+00 0.0000e+00 1.0635e-04 2.9571e-05 1.0635e-04 1.7405e-01 0.0000e+00
372 0.0000e+00 0.0000e+00 1.0610e-04 2.6535e-05 1.0610e-04 1.7413e-01 0.0000e+00
373 5.0000e-04 0.0000e+00 1.0583e-04 2.3824e-05 1.0583e-04 1.7422e-01 0.0000e+00
374 7.5000e-03 0.0000e+00 2.7510e-04 7.8051e-04 1.0556e-04 1.7354e-01 1.6954e-04
375 4.5000e-03 0.0000e+00 2.3652e-04 1.2044e-03 1.0781e-04 1.7244e-01 1.2871e-04
376 2.5000e-03 0.0000e+00 1.8308e-04 1.3239e-03 1.1157e-04 1.7123e-01 7.1504e-05
377 5.0000e-04 0.0000e+00 1.3018e-04 1.1871e-03 1.1588e-04 1.7016e-01 1.4301e-05
378 0.0000e+00 0.0000e+00 1.1982e-04 1.0227e-03 1.1982e-04 1.6926e-01 0.0000e+00
379 0.0000e+00 0.0000e+00 1.2325e-04 8.8821e-04 1.2325e-04 1.6849e-01 0.0000e+00
380 0.0000e+00 0.0000e+00 1.2623e-04 7.7414e-04 1.2623e-04 1.6785e-01 0.0000e+00
381 0.0000e+00 1.7400e-05 1.2882e-04 6.7654e-04 1.2882e-04 1.6730e-01 0.0000e+00
382 0.0000e+00 3.3600e-05 1.3104e-04 5.9251e-04 1.3104e-04 1.6684e-01 0.0000e+00
383 1.0000e-03 4.7500e-05 1.6009e-04 6.4863e-04 1.3294e-04 1.6632e-01 2.7143e-05
384 1.0000e-03 5.8200e-05 1.6235e-04 6.8740e-04 1.3510e-04 1.6577e-01 2.7243e-05
385 0.0000e+00 6.4300e-05 1.3746e-04 5.8886e-04 1.3746e-04 1.6532e-01 0.0000e+00
386 5.0000e-04 6.7200e-05 1.5021e-04 5.6512e-04 1.3941e-04 1.6489e-01 1.0799e-05
387 0.0000e+00 6.4300e-05 1.4128e-04 4.8942e-04 1.4128e-04 1.6454e-01 0.0000e+00
388 0.0000e+00 5.8200e-05 1.4282e-04 4.2801e-04 1.4282e-04 1.6426e-01 0.0000e+00
389 0.0000e+00 4.7500e-05 1.4410e-04 3.7538e-04 1.4410e-04 1.6403e-01 0.0000e+00
390 5.0000e-04 3.3600e-05 1.5267e-04 3.6648e-04 1.4514e-04 1.6380e-01 7.5285e-06
391 0.0000e+00 1.6300e-05 1.4615e-04 3.1869e-04 1.4615e-04 1.6363e-01 0.0000e+00
392 5.0000e-04 0.0000e+00 1.5982e-04 3.4257e-04 1.4694e-04 1.6344e-01 1.2874e-05
393 5.0000e-04 0.0000e+00 1.6214e-04 3.6452e-04 1.4784e-04 1.6322e-01 1.4301e-05
394 0.0000e+00 0.0000e+00 1.4885e-04 3.1169e-04 1.4885e-04 1.6306e-01 0.0000e+00
395 0.0000e+00 0.0000e+00 1.4961e-04 2.7171e-04 1.4961e-04 1.6293e-01 0.0000e+00
396 0.0000e+00 0.0000e+00 1.5018e-04 2.3795e-04 1.5018e-04 1.6285e-01 0.0000e+00
397 0.0000e+00 0.0000e+00 1.5059e-04 2.0901e-04 1.5059e-04 1.6279e-01 0.0000e+00
398 0.0000e+00 0.0000e+00 1.5087e-04 1.8399e-04 1.5087e-04 1.6276e-01 0.0000e+00
399 0.0000e+00 0.0000e+00 1.5102e-04 1.6226e-04 1.5102e-04 1.6274e-01 0.0000e+00
400 0.0000e+00 0.0000e+00 1.5108e-04 1.4330e-04 1.5108e-04 1.6275e-01 0.0000e+00
401 0.0000e+00 0.0000e+00 1.5104e-04 1.2673e-04 1.5104e-04 1.6278e-01 0.0000e+00
402 1.0000e-03 0.0000e+00 1.7953e-04 2.5267e-04 1.5092e-04 1.6267e-01 2.8602e-05
403 0.0000e+00 0.0000e+00 1.5141e-04 2.0721e-04 1.5141e-04 1.6262e-01 0.0000e+00
404 0.0000e+00 0.0000e+00 1.5167e-04 1.7860e-04 1.5167e-04 1.6259e-01 0.0000e+00
405 5.0000e-04 2.4600e-05 1.6610e-04 2.2564e-04 1.5180e-04 1.6252e-01 1.4301e-05
406 5.0000e-04 4.7400e-05 1.6575e-04 2.5658e-04 1.5215e-04 1.6241e-01 1.3597e-05
407 0.0000e+00 6.7100e-05 1.5265e-04 2.1555e-04 1.5265e-04 1.6235e-01 0.0000e+00
408 5.0000e-04 8.2200e-05 1.6397e-04 2.4052e-04 1.5295e-04 1.6226e-01 1.1028e-05
409 0.0000e+00 9.0900e-05 1.5336e-04 2.0351e-04 1.5336e-04 1.6221e-01 0.0000e+00
410 0.0000e+00 9.5000e-05 1.5361e-04 1.7624e-04 1.5361e-04 1.6219e-01 0.0000e+00
411 0.0000e+00 9.0900e-05 1.5371e-04 1.5350e-04 1.5371e-04 1.6219e-01 0.0000e+00
412 0.0000e+00 8.2200e-05 1.5371e-04 1.3420e-04 1.5371e-04 1.6221e-01 0.0000e+00
413 0.0000e+00 6.7100e-05 1.5362e-04 1.1765e-04 1.5362e-04 1.6225e-01 0.0000e+00
414 0.0000e+00 4.7400e-05 1.5345e-04 1.0337e-04 1.5345e-04 1.6230e-01 0.0000e+00
415 0.0000e+00 2.3000e-05 1.5321e-04 9.0993e-05 1.5321e-04 1.6236e-01 0.0000e+00
416 0.0000e+00 0.0000e+00 1.5291e-04 8.0236e-05 1.5291e-04 1.6243e-01 0.0000e+00
417 0.0000e+00 0.0000e+00 1.5256e-04 7.0858e-05 1.5256e-04 1.6251e-01 0.0000e+00
418 0.0000e+00 0.0000e+00 1.5217e-04 6.2662e-05 1.5217e-04 1.6260e-01 0.0000e+00
419 0.0000e+00 0.0000e+00 1.5175e-04 5.5484e-05 1.5175e-04 1.6270e-01 0.0000e+00
420 0.0000e+00 0.0000e+00 1.5129e-04 4.9185e-05 1.5129e-04 1.6280e-01 0.0000e+00
421 0.0000e+00 0.0000e+00 1.5081e-04 4.3650e-05 1.5081e-04 1.6291e-01 0.0000e+00
422 0.0000e+00 0.0000e+00 1.5031e-04 3.8776e-05 1.5031e-04 1.6302e-01 0.0000e+00
423 0.0000e+00 0.0000e+00 1.4978e-04 3.4480e-05 1.4978e-04 1.6313e-01 0.0000e+00
424 0.0000e+00 0.0000e+00 1.4924e-04 3.0688e-05 1.4924e-04 1.6325e-01 0.0000e+00
425 0.0000e+00 0.0000e+00 1.4869e-04 2.7337e-05 1.4869e-04 1.6337e-01 0.0000e+00
426 0.0000e+00 0.0000e+00 1.4813e-04 2.4371e-05 1.4813e-04 1.6350e-01 0.0000e+00
427 5.0000e-04 0.0000e+00 1.4756e-04 2.1744e-05 1.4756e-04 1.6362e-01 0.0000e+00
428 2.0000e-03 0.0000e+00 2.0201e-04 2.8770e-04 1.4698e-04 1.6348e-01 5.5034e-05
429 3.0000e-03 3.2600e-05 2.3343e-04 6.4257e-04 1.4763e-04 1.6299e-01 8.5805e-05
430 2.0000e-03 6.2900e-05 2.0620e-04 7.8814e-04 1.4993e-04 1.6235e-01 5.6271e-05
431 1.0000e-03 8.9000e-05 1.7975e-04 7.7900e-04 1.5295e-04 1.6172e-01 2.6803e-05
432 0.0000e+00 1.0900e-04 1.5597e-04 6.5271e-04 1.5597e-04 1.6123e-01 0.0000e+00
433 5.0000e-04 1.2060e-04 1.6705e-04 6.0193e-04 1.5841e-04 1.6078e-01 8.6432e-06
434 0.0000e+00 1.2590e-04 1.6062e-04 5.1485e-04 1.6062e-04 1.6043e-01 0.0000e+00
435 0.0000e+00 1.2060e-04 1.6241e-04 4.4494e-04 1.6241e-04 1.6015e-01 0.0000e+00
436 0.0000e+00 1.0900e-04 1.6385e-04 3.8606e-04 1.6385e-04 1.5993e-01 0.0000e+00
437 3.5000e-03 8.9000e-05 2.5153e-04 7.7208e-04 1.6499e-04 1.5932e-01 8.6537e-05
438 0.0000e+00 6.2900e-05 1.6815e-04 6.2516e-04 1.6815e-04 1.5886e-01 0.0000e+00
439 0.0000e+00 3.0500e-05 1.7057e-04 5.3403e-04 1.7057e-04 1.5850e-01 0.0000e+00
440 0.0000e+00 0.0000e+00 1.7252e-04 4.6056e-04 1.7252e-04 1.5821e-01 0.0000e+00
441 0.0000e+00 0.0000e+00 1.7408e-04 3.9919e-04 1.7408e-04 1.5798e-01 0.0000e+00
442 0.0000e+00 0.0000e+00 1.7531e-04 3.4713e-04 1.7531e-04 1.5781e-01 0.0000e+00
443 0.0000e+00 0.0000e+00 1.7625e-04 3.0262e-04 1.7625e-04 1.5769e-01 0.0000e+00
444 5.0000e-04 0.0000e+00 1.8604e-04 3.1120e-04 1.7695e-04 1.5755e-01 9.0897e-06
445 0.0000e+00 0.0000e+00 1.7769e-04 2.6644e-04 1.7769e-04 1.5746e-01 0.0000e+00
446 0.0000e+00 0.0000e+00 1.7819e-04 2.3208e-04 1.7819e-04 1.5741e-01 0.0000e+00
447 0.0000e+00 0.0000e+00 1.7849e-04 2.0290e-04 1.7849e-04 1.5738e-01 0.0000e+00
448 0.0000e+00 0.0000e+00 1.7862e-04 1.7781e-04 1.7862e-04 1.5739e-01 0.0000e+00
449 0.0000e+00 0.0000e+00 1.7862e-04 1.5611e-04 1.7862e-04 1.5741e-01 0.0000e+00
450 0.0000e+00 0.0000e+00 1.7849e-04 1.3728e-04 1.7849e-04 1.5745e-01 0.0000e+00
451 0.0000e+00 0.0000e+00 1.7826e-04 1.2089e-04 1.7826e-04 1.5751e-01 0.0000e+00
452 5.0000e-04 0.0000e+00 1.9224e-04 1.8038e-04 1.7794e-04 1.5750e-01 1.4301e-05
453 0.0000e+00 2.2400e-05 1.7796e-04 1.4913e-04 1.7796e-04 1.5753e-01 0.0000e+00
454 0.0000e+00 4.3300e-05 1.7780e-04 1.2897e-04 1.7780e-04 1.5758e-01 0.0000e+00
455 0.0000e+00 6.1200e-05 1.7752e-04 1.1240e-04 1.7752e-04 1.5765e-01 0.0000e+00
456 0.0000e+00 7.5000e-05 1.7716e-04 9.8341e-05 1.7716e-04 1.5773e-01 0.0000e+00
457 0.0000e+00 8.3000e-05 1.7673e-04 8.6282e-05 1.7673e-04 1.5782e-01 0.0000e+00
458 0.0000e+00 8.6600e-05 1.7623e-04 7.5870e-05 1.7623e-04 1.5792e-01 0.0000e+00
459 0.0000e+00 8.3000e-05 1.7568e-04 6.6839e-05 1.7568e-04 1.5803e-01 0.0000e+00
460 0.0000e+00 7.5000e-05 1.7508e-04 5.8978e-05 1.7508e-04 1.5814e-01 0.0000e+00
461 0.0000e+00 6.1200e-05 1.7445e-04 5.2118e-05 1.7445e-04 1.5826e-01 0.0000e+00
462 0.0000e+00 4.3300e-05 1.7378e-04 4.6115e-05 1.7378e-04 1.5839e-01 0.0000e+00
463 0.0000e+00 2.1000e-05 1.7309e-04 4.0853e-05 1.7309e-04 1.5852e-01 0.0000e+00
464 0.0000e+00 0.0000e+00 1.7238e-04 3.6231e-05 1.7238e-04 1.5866e-01 0.0000e+00
465 1.0000e-03 0.0000e+00 1.8162e-04 8.3059e-05 1.7164e-04 1.5875e-01 9.9771e-06
466 5.0000e-04 0.0000e+00 1.8547e-04 1.3965e-04 1.7117e-04 1.5878e-01 1.4301e-05
467 0.0000e+00 0.0000e+00 1.7100e-04 1.1196e-04 1.7100e-04 1.5884e-01 0.0000e+00
468 0.0000e+00 0.0000e+00 1.7069e-04 9.5179e-05 1.7069e-04 1.5891e-01 0.0000e+00
469 5.0000e-04 0.0000e+00 1.8458e-04 1.5465e-04 1.7028e-04 1.5893e-01 1.4301e-05
470 0.0000e+00 0.0000e+00 1.7020e-04 1.2561e-04 1.7020e-04 1.5897e-01 0.0000e+00
471 0.0000e+00 0.0000e+00 1.6996e-04 1.0723e-04 1.6996e-04 1.5904e-01 0.0000e+00
472 5.0000e-04 0.0000e+00 1.8393e-04 1.6512e-04 1.6963e-04 1.5904e-01 1.4301e-05
473 5.0000e-04 0.0000e+00 1.8391e-04 2.0752e-04 1.6961e-04 1.5900e-01 1.4301e-05
474 0.0000e+00 0.0000e+00 1.6981e-04 1.7006e-04 1.6981e-04 1.5900e-01 0.0000e+00
475 0.0000e+00 0.0000e+00 1.6981e-04 1.4516e-04 1.6981e-04 1.5903e-01 0.0000e+00
476 0.0000e+00 0.0000e+00 1.6968e-04 1.2505e-04 1.6968e-04 1.5907e-01 0.0000e+00
477 0.0000e+00 9.2000e-06 1.6944e-04 1.0830e-04 1.6944e-04 1.5913e-01 0.0000e+00
478 0.0000e+00 1.7800e-05 1.6912e-04 9.4141e-05 1.6912e-04 1.5921e-01 0.0000e+00
479 0.0000e+00 2.5200e-05 1.6872e-04 8.2081e-05 1.6872e-04 1.5930e-01 0.0000e+00
480 0.0000e+00 3.0900e-05 1.6827e-04 7.1747e-05 1.6827e-04 1.5939e-01 0.0000e+00
481 0.0000e+00 3.4200e-05 1.6776e-04 6.2851e-05 1.6776e-04 1.5950e-01 0.0000e+00
482 5.0000e-04 3.5700e-05 1.7816e-04 1.1057e-04 1.6721e-04 1.5955e-01 1.0949e-05
483 2.5000e-03 3.4200e-05 2.3740e-04 4.4676e-04 1.6691e-04 1.5927e-01 7.0483e-05
484 1.0000e-03 3.0900e-05 1.9600e-04 4.8735e-04 1.6838e-04 1.5896e-01 2.7623e-05
485 0.0000e+00 2.5200e-05 1.7007e-04 3.9839e-04 1.7007e-04 1.5873e-01 0.0000e+00
486 1.0000e-03 1.7800e-05 1.9828e-04 4.7585e-04 1.7128e-04 1.5842e-01 2.6997e-05
487 0.0000e+00 8.6000e-06 1.7292e-04 3.9390e-04 1.7292e-04 1.5820e-01 0.0000e+00
488 0.0000e+00 0.0000e+00 1.7412e-04 3.3682e-04 1.7412e-04 1.5804e-01 0.0000e+00
489 0.0000e+00 0.0000e+00 1.7501e-04 2.9017e-04 1.7501e-04 1.5792e-01 0.0000e+00
490 0.0000e+00 0.0000e+00 1.7564e-04 2.5110e-04 1.7564e-04 1.5785e-01 0.0000e+00
491 0.0000e+00 0.0000e+00 1.7605e-04 2.1802e-04 1.7605e-04 1.5781e-01 0.0000e+00
492 0.0000e+00 0.0000e+00 1.7629e-04 1.8980e-04 1.7629e-04 1.5779e-01 0.0000e+00
493 0.0000e+00 0.0000e+00 1.7636e-04 1.6562e-04 1.7636e-04 1.5780e-01 0.0000e+00
494 0.0000e+00 0.0000e+00 1.7630e-04 1.4481e-04 1.7630e-04 1.5783e-01 0.0000e+00
495 0.0000e+00 0.0000e+00 1.7613e-04 1.2686e-04 1.7613e-04 1.5788e-01 0.0000e+00
496 0.0000e+00 0.0000e+00 1.7586e-04 1.1131e-04 1.7586e-04 1.5795e-01 0.0000e+00
497 0.0000e+00 0.0000e+00 1.7550e-04 9.7815e-05 1.7550e-04 1.5803e-01 0.0000e+00
498 0.0000e+00 0.0000e+00 1.7508e-04 8.6079e-05 1.7508e-04 1.5812e-01 0.0000e+00
499 0.0000e+00 0.0000e+00 1.7459e-04 7.5851e-05 1.7459e-04 1.5821e-01 0.0000e+00
500 0.0000e+00 0.0000e+00 1.7405e-04 6.6921e-05 1.7405e-04 1.5832e-01 0.0000e+00
501 0.0000e+00 6.3800e-05 1.7347e-04 5.9111e-05 1.7347e-04 1.5844e-01 0.0000e+00
502 0.0000e+00 1.2310e-04 1.7285e-04 5.2269e-05 1.7285e-04 1.5856e-01 0.0000e+00
503 0.0000e+00 1.7420e-04 1.7220e-04 4.6268e-05 1.7220e-04 1.5868e-01 0.0000e+00
504 0.0000e+00 2.1330e-04 1.7153e-04 4.0996e-05 1.7153e-04 1.5881e-01 0.0000e+00
505 0.0000e+00 2.3600e-04 1.7083e-04 3.6359e-05 1.7083e-04 1.5895e-01 0.0000e+00
506 0.0000e+00 2.4640e-04 1.7011e-04 3.2276e-05 1.7011e-04 1.5908e-01 0.0000e+00
507 0.0000e+00 2.3600e-04 1.6938e-04 2.8676e-05 1.6938e-04 1.5923e-01 0.0000e+00
508 0.0000e+00 2.1330e-04 1.6864e-04 2.5499e-05 1.6864e-04 1.5937e-01 0.0000e+00
509 0.0000e+00 1.7420e-04 1.6788e-04 2.2692e-05 1.6788e-04 1.5951e-01 0.0000e+00
510 0.0000e+00 1.2310e-04 1.6712e-04 2.0209e-05 1.6712e-04 1.5966e-01 0.0000e+00
511 0.0000e+00 5.9600e-05 1.6636e-04 1.8011e-05 1.6636e-04 1.5981e-01 0.0000e+00
512 0.0000e+00 0.0000e+00 1.6559e-04 1.6063e-05 1.6559e-04 1.5996e-01 0.0000e+00
513 0.0000e+00 0.0000e+00 1.6482e-04 1.4336e-05 1.6482e-04 1.6011e-01 0.0000e+00
514 0.0000e+00 0.0000e+00 1.6404e-04 1.2803e-05 1.6404e-04 1.6026e-01 0.0000e+00
515 0.0000e+00 0.0000e+00 1.6327e-04 1.1440e-05 1.6327e-04 1.6041e-01 0.0000e+00
516 0.0000e+00 0.0000e+00 1.6250e-04 1.0230e-05 1.6250e-04 1.6056e-01 0.0000e+00
517 0.0000e+00 0.0000e+00 1.6173e-04 9.1528e-06 1.6173e-04 1.6072e-01 0.0000e+00
518 0.0000e+00 0.0000e+00 1.6096e-04 8.1938e-06 1.6096e-04 1.6087e-01 0.0000e+00
519 0.0000e+00 0.0000e+00 1.6019e-04 7.3394e-06 1.6019e-04 1.6102e-01 0.0000e+00
520 0.0000e+00 0.0000e+00 1.5943e-04 6.5776e-06 1.5943e-04 1.6118e-01 0.0000e+00
521 0.0000e+00 0.0000e+00 1.5867e-04 5.8980e-06 1.5867e-04 1.6133e-01 0.0000e+00
522 0.0000e+00 0.0000e+00 1.5791e-04 5.2913e-06 1.5791e-04 1.6148e-01 0.0000e+00
523 0.0000e+00 0.0000e+00 1.5716e-04 4.7494e-06 1.5716e-04 1.6163e-01 0.0000e+00
524 0.0000e+00 0.0000e+00 1.5641e-04 4.2650e-06 1.5641e-04 1.6179e-01 0.0000e+00
525 0.0000e+00 4.1700e-05 1.5567e-04 3.8318e-06 1.5567e-04 1.6194e-01 0.0000e+00
526 0.0000e+00 8.0400e-05 1.5493e-04 3.4432e-06 1.5493e-04 1.6209e-01 0.0000e+00
527 0.0000e+00 1.1380e-04 1.5420e-04 3.0963e-06 1.5420e-04 1.6224e-01 0.0000e+00
528 0.0000e+00 1.3930e-04 1.5348e-04 2.7856e-06 1.5348e-04 1.6239e-01 0.0000e+00
529 0.0000e+00 1.5420e-04 1.5276e-04 2.5071e-06 1.5276e-04 1.6254e-01 0.0000e+00
530 0.0000e+00 1.6090e-04 1.5204e-04 2.2574e-06 1.5204e-04 1.6269e-01 0.0000e+00
531 0.0000e+00 1.5420e-04 1.5133e-04 2.0334e-06 1.5133e-04 1.6284e-01 0.0000e+00
532 0.0000e+00 1.3930e-04 1.5063e-04 1.8323e-06 1.5063e-04 1.6299e-01 0.0000e+00
533 0.0000e+00 1.1380e-04 1.4993e-04 1.6517e-06 1.4993e-04 1.6314e-01 0.0000e+00
534 0.0000e+00 8.0400e-05 1.4923e-04 1.4895e-06 1.4923e-04 1.6328e-01 0.0000e+00
535 0.0000e+00 3.8900e-05 1.4855e-04 1.3437e-06 1.4855e-04 1.6343e-01 0.0000e+00
536 0.0000e+00 0.0000e+00 1.4786e-04 1.2125e-06 1.4786e-04 1.6358e-01 0.0000e+00
537 0.0000e+00 0.0000e+00 1.4719e-04 1.0946e-06 1.4719e-04 1.6372e-01 0.0000e+00
538 0.0000e+00 0.0000e+00 1.4652e-04 9.8724e-07 1.4652e-04 1.6387e-01 0.0000e+00
539 0.0000e+00 0.0000e+00 1.4585e-04 8.9192e-07 1.4585e-04 1.6402e-01 0.0000e+00
540 0.0000e+00 0.0000e+00 1.4519e-04 8.0606e-07 1.4519e-04 1.6416e-01 0.0000e+00
541 0.0000e+00 0.0000e+00 1.4454e-04 7.2869e-07 1.4454e-04 1.6430e-01 0.0000e+00
542 0.0000e+00 0.0000e+00 1.4389e-04 6.5895e-07 1.4389e-04 1.6445e-01 0.0000e+00
543 0.0000e+00 0.0000e+00 1.4325e-04 5.9606e-07 1.4325e-04 1.6459e-01 0.0000e+00
544 0.0000e+00 0.0000e+00 1.4261e-04 5.3934e-07 1.4261e-04 1.6473e-01 0.0000e+00
545 0.0000e+00 0.0000e+00 1.4198e-04 4.8815e-07 1.4198e-04 1.6487e-01 0.0000e+00
546 0.0000e+00 0.0000e+00 1.4135e-04 4.4195e-07 1.4135e-04 1.6501e-01 0.0000e+00
547 0.0000e+00 0.0000e+00 1.4073e-04 4.0023e-07 1.4073e-04 1.6515e-01 0.0000e+00
548 0.0000e+00 0.0000e+00 1.4012e-04 3.6255e-07 1.4012e-04 1.6529e-01 0.0000e+00
549 0.0000e+00 2.0700e-05 1.3951e-04 3.2850e-07 1.3951e-04 1.6543e-01 0.0000e+00
550 0.0000e+00 4.0000e-05 1.3890e-04 2.9620e-07 1.3890e-04 1.6557e-01 0.0000e+00
551 0.0000e+00 5.6600e-05 1.3830e-04 2.6861e-07 1.3830e-04 1.6571e-01 0.0000e+00
552 1.0000e-03 6.9300e-05 1.3771e-04 2.4365e-07 1.3771e-04 1.6585e-01 0.0000e+00
553 1.0000e-03 7.6600e-05 1.3712e-04 2.2106e-07 1.3712e-04 1.6598e-01 0.0000e+00
554 2.0000e-03 8.0000e-05 1.5747e-04 1.0026e-04 1.3653e-04 1.6602e-01 2.0939e-05
555 1.5000e-03 7.6600e-05 1.7699e-04 2.7171e-04 1.3638e-04 1.6589e-01 4.0614e-05
556 0.0000e+00 6.9300e-05 1.3695e-04 2.1607e-04 1.3695e-04 1.6581e-01 0.0000e+00
557 5.0000e-04 5.6600e-05 1.4742e-04 2.3136e-04 1.3729e-04 1.6571e-01 1.0131e-05
558 0.0000e+00 4.0000e-05 1.3770e-04 1.9419e-04 1.3770e-04 1.6566e-01 0.0000e+00
559 0.0000e+00 1.9400e-05 1.3794e-04 1.6675e-04 1.3794e-04 1.6563e-01 0.0000e+00
560 0.0000e+00 0.0000e+00 1.3806e-04 1.4413e-04 1.3806e-04 1.6562e-01 0.0000e+00
561 0.0000e+00 0.0000e+00 1.3809e-04 1.2515e-04 1.3809e-04 1.6563e-01 0.0000e+00
562 0.0000e+00 0.0000e+00 1.3803e-04 1.0905e-04 1.3803e-04 1.6566e-01 0.0000e+00
563 0.0000e+00 0.0000e+00 1.3791e-04 9.5282e-05 1.3791e-04 1.6571e-01 0.0000e+00
564 0.0000e+00 0.0000e+00 1.3773e-04 8.3451e-05 1.3773e-04 1.6576e-01 0.0000e+00
565 5.0000e-04 0.0000e+00 1.4848e-04 1.2583e-04 1.3749e-04 1.6577e-01 1.0985e-05
566 0.0000e+00 0.0000e+00 1.3744e-04 1.0513e-04 1.3744e-04 1.6580e-01 0.0000e+00
567 0.0000e+00 0.0000e+00 1.3730e-04 9.1030e-05 1.3730e-04 1.6585e-01 0.0000e+00
568 0.0000e+00 0.0000e+00 1.3711e-04 7.9315e-05 1.3711e-04 1.6591e-01 0.0000e+00
569 0.0000e+00 0.0000e+00 1.3686e-04 6.9393e-05 1.3686e-04 1.6597e-01 0.0000e+00
570 0.0000e+00 0.0000e+00 1.3657e-04 6.0893e-05 1.3657e-04 1.6605e-01 0.0000e+00
571 0.0000e+00 0.0000e+00 1.3625e-04 5.3558e-05 1.3625e-04 1.6613e-01 0.0000e+00
572 0.0000e+00 0.0000e+00 1.3590e-04 4.7197e-05 1.3590e-04 1.6622e-01 0.0000e+00
573 3.0000e-03 3.0500e-05 2.2132e-04 4.5087e-04 1.3552e-04 1.6591e-01 8.5805e-05
574 1.0000e-03 5.8900e-05 1.6459e-04 4.8763e-04 1.3686e-04 1.6556e-01 2.7729e-05
575 2.5000e-03 8.3300e-05 2.0819e-04 7.3923e-04 1.3837e-04 1.6495e-01 6.9819e-05
576 3.5000e-03 1.0200e-04 2.3872e-04 1.0777e-03 1.4099e-04 1.6402e-01 9.7723e-05
577 1.5000e-03 1.1290e-04 1.8517e-04 1.0809e-03 1.4518e-04 1.6308e-01 3.9985e-05
578 0.0000e+00 1.1780e-04 1.4949e-04 9.0976e-04 1.4949e-04 1.6232e-01 0.0000e+00
579 0.0000e+00 1.1290e-04 1.5308e-04 7.8151e-04 1.5308e-04 1.6169e-01 0.0000e+00
580 0.0000e+00 1.0200e-04 1.5612e-04 6.7543e-04 1.5612e-04 1.6117e-01 0.0000e+00
581 0.0000e+00 8.3300e-05 1.5867e-04 5.8605e-04 1.5867e-04 1.6075e-01 0.0000e+00
582 0.0000e+00 5.8900e-05 1.6081e-04 5.0994e-04 1.6081e-04 1.6040e-01 0.0000e+00
583 0.0000e+00 2.8500e-05 1.6257e-04 4.4470e-04 1.6257e-04 1.6012e-01 0.0000e+00
584 0.0000e+00 0.0000e+00 1.6401e-04 3.8856e-04 1.6401e-04 1.5989e-01 0.0000e+00
585 0.0000e+00 0.0000e+00 1.6516e-04 3.4007e-04 1.6516e-04 1.5972e-01 0.0000e+00
586 0.0000e+00 0.0000e+00 1.6607e-04 2.9809e-04 1.6607e-04 1.5958e-01 0.0000e+00
587 0.0000e+00 0.0000e+00 1.6676e-04 2.6167e-04 1.6676e-04 1.5949e-01 0.0000e+00
588 0.0000e+00 0.0000e+00 1.6725e-04 2.3000e-04 1.6725e-04 1.5943e-01 0.0000e+00
589 5.0000e-04 0.0000e+00 1.6758e-04 2.0241e-04 1.6758e-04 1.5939e-01 0.0000e+00
590 0.0000e+00 0.0000e+00 1.6776e-04 1.7834e-04 1.6776e-04 1.5938e-01 0.0000e+00
591 0.0000e+00 0.0000e+00 1.6782e-04 1.5731e-04 1.6782e-04 1.5939e-01 0.0000e+00
592 5.0000e-04 0.0000e+00 1.7883e-04 1.9496e-04 1.6776e-04 1.5936e-01 1.1065e-05
593 0.0000e+00 0.0000e+00 1.6791e-04 1.6508e-04 1.6791e-04 1.5937e-01 0.0000e+00
594 1.0000e-03 0.0000e+00 1.9649e-04 2.8883e-04 1.6789e-04 1.5925e-01 2.8602e-05
595 0.0000e+00 0.0000e+00 1.6853e-04 2.3558e-04 1.6853e-04 1.5918e-01 0.0000e+00
596 0.0000e+00 0.0000e+00 1.6888e-04 2.0220e-04 1.6888e-04 1.5915e-01 0.0000e+00
597 0.0000e+00 6.2600e-05 1.6906e-04 1.7521e-04 1.6906e-04 1.5914e-01 0.0000e+00
598 0.0000e+00 1.2080e-04 1.6909e-04 1.5259e-04 1.6909e-04 1.5916e-01 0.0000e+00
599 0.0000e+00 1.7090e-04 1.6900e-04 1.3335e-04 1.6900e-04 1.5919e-01 0.0000e+00
600 0.0000e+00 2.0930e-04 1.6881e-04 1.1684e-04 1.6881e-04 1.5924e-01 0.0000e+00
601 0.0000e+00 2.3150e-04 1.6854e-04 1.0261e-04 1.6854e-04 1.5931e-01 0.0000e+00
602 0.0000e+00 2.4180e-04 1.6819e-04 9.0275e-05 1.6819e-04 1.5939e-01 0.0000e+00
603 0.0000e+00 2.3150e-04 1.6778e-04 7.9558e-05 1.6778e-04 1.5948e-01 0.0000e+00
604 0.0000e+00 2.0930e-04 1.6732e-04 7.0218e-05 1.6732e-04 1.5957e-01 0.0000e+00
605 0.0000e+00 1.7090e-04 1.6681e-04 6.2059e-05 1.6681e-04 1.5968e-01 0.0000e+00
606 0.0000e+00 1.2080e-04 1.6627e-04 5.4917e-05 1.6627e-04 1.5979e-01 0.0000e+00
607 0.0000e+00 5.8500e-05 1.6569e-04 4.8653e-05 1.6569e-04 1.5991e-01 0.0000e+00
608 0.0000e+00 0.0000e+00 1.6509e-04 4.3150e-05 1.6509e-04 1.6003e-01 0.0000e+00
609 0.0000e+00 0.0000e+00 1.6446e-04 3.8308e-05 1.6446e-04 1.6015e-01 0.0000e+00
610 0.0000e+00 0.0000e+00 1.6381e-04 3.4041e-05 1.6381e-04 1.6028e-01 0.0000e+00
611 0.0000e+00 0.0000e+00 1.6315e-04 3.0277e-05 1.6315e-04 1.6042e-01 0.0000e+00
612 0.0000e+00 0.0000e+00 1.6247e-04 2.6953e-05 1.6247e-04 1.6055e-01 0.0000e+00
613 0.0000e+00 0.0000e+00 1.6179e-04 2.4013e-05 1.6179e-04 1.6069e-01 0.0000e+00
614 0.0000e+00 0.0000e+00 1.6109e-04 2.1410e-05 1.6109e-04 1.6083e-01 0.0000e+00
615 0.0000e+00 0.0000e+00 1.6039e-04 1.9104e-05 1.6039e-04 1.6097e-01 0.0000e+00
616 0.0000e+00 0.0000e+00 1.5968e-04 1.7058e-05 1.5968e-04 1.6111e-01 0.0000e+00
617 0.0000e+00 0.0000e+00 1.5897e-04 1.5242e-05 1.5897e-04 1.6126e-01 0.0000e+00
618 0.0000e+00 0.0000e+00 1.5826e-04 1.3628e-05 1.5826e-04 1.6140e-01 0.0000e+00
619 0.0000e+00 0.0000e+00 1.5755e-04 1.2193e-05 1.5755e-04 1.6155e-01 0.0000e+00
620 0.0000e+00 0.0000e+00 1.5683e-04 1.0915e-05 1.5683e-04 1.6169e-01 0.0000e+00
621 0.0000e+00 1.4200e-05 1.5612e-04 9.7772e-06 1.5612e-04 1.6184e-01 0.0000e+00
622 0.0000e+00 2.7500e-05 1.5541e-04 8.7624e-06 1.5541e-04 1.6199e-01 0.0000e+00
623 0.0000e+00 3.8900e-05 1.5470e-04 7.8577e-06 1.5470e-04 1.6213e-01 0.0000e+00
624 1.0000e-03 4.7600e-05 1.5399e-04 7.0502e-06 1.5399e-04 1.6228e-01 0.0000e+00
625 1.0000e-03 5.2700e-05 1.5549e-04 1.7237e-05 1.5328e-04 1.6242e-01 2.2113e-06
626 3.0000e-03 5.5000e-05 2.3693e-04 4.2932e-04 1.5263e-04 1.6214e-01 8.4297e-05
627 2.0000e-03 5.2700e-05 2.0959e-04 6.0518e-04 1.5396e-04 1.6169e-01 5.5630e-05
628 1.5000e-03 4.7600e-05 1.9754e-04 6.9374e-04 1.5614e-04 1.6115e-01 4.1395e-05
629 3.5000e-03 3.8900e-05 2.5753e-04 1.0632e-03 1.5879e-04 1.6025e-01 9.8744e-05
630 4.0000e-03 2.7500e-05 2.7663e-04 1.4342e-03 1.6334e-04 1.5898e-01 1.1329e-04
631 5.0000e-03 1.3300e-05 3.1218e-04 1.8975e-03 1.6996e-04 1.5725e-01 1.4222e-04
632 0.0000e+00 0.0000e+00 1.7939e-04 1.5574e-03 1.7939e-04 1.5587e-01 0.0000e+00
633 0.0000e+00 0.0000e+00 1.8728e-04 1.3281e-03 1.8728e-04 1.5473e-01 0.0000e+00
634 1.0000e-03 0.0000e+00 2.2186e-04 1.2909e-03 1.9408e-04 1.5363e-01 2.7782e-05
635 2.5000e-03 0.0000e+00 2.9220e-04 1.4602e-03 2.0084e-04 1.5237e-01 9.1357e-05
636 3.5000e-03 0.0000e+00 3.3681e-04 1.7440e-03 2.0891e-04 1.5084e-01 1.2790e-04
637 3.0000e-03 0.0000e+00 3.2880e-04 1.9027e-03 2.1917e-04 1.4915e-01 1.0963e-04
638 0.0000e+00 0.0000e+00 2.3101e-04 1.5935e-03 2.3101e-04 1.4779e-01 0.0000e+00
639 5.0000e-04 0.0000e+00 2.5933e-04 1.4408e-03 2.4106e-04 1.4659e-01 1.8271e-05
640 0.0000e+00 0.0000e+00 2.5027e-04 1.2301e-03 2.5027e-04 1.4561e-01 0.0000e+00
641 5.0000e-04 0.0000e+00 2.7632e-04 1.1359e-03 2.5805e-04 1.4473e-01 1.8271e-05
642 0.0000e+00 0.0000e+00 2.6523e-04 9.7047e-04 2.6523e-04 1.4403e-01 0.0000e+00
643 5.0000e-04 0.0000e+00 2.8941e-04 9.1539e-04 2.7114e-04 1.4339e-01 1.8271e-05
644 0.0000e+00 0.0000e+00 2.7665e-04 7.8099e-04 2.7665e-04 1.4288e-01 0.0000e+00
645 0.0000e+00 1.6900e-05 2.8105e-04 6.7317e-04 2.8105e-04 1.4249e-01 0.0000e+00
646 0.0000e+00 3.2600e-05 2.8451e-04 5.8181e-04 2.8451e-04 1.4219e-01 0.0000e+00
647 0.0000e+00 4.6100e-05 2.8717e-04 5.0389e-04 2.8717e-04 1.4197e-01 0.0000e+00
648 0.0000e+00 5.6400e-05 2.8912e-04 4.3716e-04 2.8912e-04 1.4183e-01 0.0000e+00
649 0.0000e+00 6.2400e-05 2.9046e-04 3.7987e-04 2.9046e-04 1.4174e-01 0.0000e+00
650 0.0000e+00 6.5200e-05 2.9127e-04 3.3057e-04 2.9127e-04 1.4170e-01 0.0000e+00
651 0.0000e+00 6.2400e-05 2.9163e-04 2.8807e-04 2.9163e-04 1.4170e-01 0.0000e+00
652 0.0000e+00 5.6400e-05 2.9160e-04 2.5136e-04 2.9160e-04 1.4174e-01 0.0000e+00
653 0.0000e+00 4.6100e-05 2.9123e-04 2.1962e-04 2.9123e-04 1.4181e-01 0.0000e+00
654 0.0000e+00 3.2600e-05 2.9058e-04 1.9212e-04 2.9058e-04 1.4191e-01 0.0000e+00
655 0.0000e+00 1.5800e-05 2.8969e-04 1.6827e-04 2.8969e-04 1.4203e-01 0.0000e+00
656 0.0000e+00 0.0000e+00 2.8859e-04 1.4754e-04 2.8859e-04 1.4217e-01 0.0000e+00
657 0.0000e+00 0.0000e+00 2.8732e-04 1.2952e-04 2.8732e-04 1.4233e-01 0.0000e+00
658 0.0000e+00 0.0000e+00 2.8591e-04 1.1381e-04 2.8591e-04 1.4250e-01 0.0000e+00
659 0.0000e+00 0.0000e+00 2.8437e-04 1.0012e-04 2.8437e-04 1.4269e-01 0.0000e+00
660 0.0000e+00 0.0000e+00 2.8274e-04 8.8164e-05 2.8274e-04 1.4288e-01 0.0000e+00
661 0.0000e+00 0.0000e+00 2.8103e-04 7.7710e-05 2.8103e-04 1.4309e-01 0.0000e+00
662 0.0000e+00 0.0000e+00 2.7925e-04 6.8559e-05 2.7925e-04 1.4330e-01 0.0000e+00
663 0.0000e+00 0.0000e+00 2.7741e-04 6.0542e-05 2.7741e-04 1.4351e-01 0.0000e+00
664 0.0000e+00 0.0000e+00 2.7554e-04 5.3509e-05 2.7554e-04 1.4374e-01 0.0000e+00
665 0.0000e+00 0.0000e+00 2.7364e-04 4.7334e-05 2.7364e-04 1.4396e-01 0.0000e+00
666 5.0000e-04 0.0000e+00 2.7205e-04 4.3378e-05 2.7171e-04 1.4419e-01 3.3878e-07
667 0.0000e+00 0.0000e+00 2.6978e-04 3.8210e-05 2.6978e-04 1.4442e-01 0.0000e+00
668 5.0000e-04 0.0000e+00 2.8610e-04 1.1288e-04 2.6783e-04 1.4458e-01 1.8271e-05
669 5.0000e-04 1.5300e-05 2.8481e-04 1.6709e-04 2.6654e-04 1.4468e-01 1.8271e-05
670 0.0000e+00 2.9500e-05 2.6571e-04 1.3236e-04 2.6571e-04 1.4481e-01 0.0000e+00
671 1.0000e-03 4.1700e-05 2.9951e-04 2.6139e-04 2.6460e-04 1.4481e-01 3.4906e-05
672 0.0000e+00 5.1100e-05 2.6458e-04 2.0517e-04 2.6458e-04 1.4487e-01 0.0000e+00
673 0.0000e+00 5.6500e-05 2.6409e-04 1.7147e-04 2.6409e-04 1.4497e-01 0.0000e+00
674 0.0000e+00 5.9000e-05 2.6332e-04 1.4500e-04 2.6332e-04 1.4508e-01 0.0000e+00
675 5.0000e-04 5.6500e-05 2.7302e-04 1.6946e-04 2.6235e-04 1.4518e-01 1.0671e-05
676 5.0000e-04 5.1100e-05 2.7780e-04 2.0943e-04 2.6159e-04 1.4523e-01 1.6207e-05
677 0.0000e+00 4.1700e-05 2.6117e-04 1.7042e-04 2.6117e-04 1.4532e-01 0.0000e+00
678 0.0000e+00 2.9500e-05 2.6043e-04 1.4412e-04 2.6043e-04 1.4544e-01 0.0000e+00
679 1.0000e-03 1.4300e-05 2.9156e-04 2.6042e-04 2.5948e-04 1.4543e-01 3.2077e-05
680 1.0000e-03 0.0000e+00 2.9551e-04 3.6167e-04 2.5949e-04 1.4533e-01 3.6020e-05
681 0.0000e+00 0.0000e+00 2.6032e-04 2.8895e-04 2.6032e-04 1.4530e-01 0.0000e+00
682 0.0000e+00 0.0000e+00 2.6055e-04 2.4235e-04 2.6055e-04 1.4532e-01 0.0000e+00
683 0.0000e+00 0.0000e+00 2.6040e-04 2.0537e-04 2.6040e-04 1.4538e-01 0.0000e+00
684 0.0000e+00 0.0000e+00 2.5996e-04 1.7524e-04 2.5996e-04 1.4546e-01 0.0000e+00
685 0.0000e+00 0.0000e+00 2.5927e-04 1.5028e-04 2.5927e-04 1.4557e-01 0.0000e+00
686 0.0000e+00 0.0000e+00 2.5839e-04 1.2938e-04 2.5839e-04 1.4570e-01 0.0000e+00
687 0.0000e+00 0.0000e+00 2.5735e-04 1.1174e-04 2.5735e-04 1.4585e-01 0.0000e+00
688 0.0000e+00 0.0000e+00 2.5618e-04 9.6772e-05 2.5618e-04 1.4600e-01 0.0000e+00
689 0.0000e+00 0.0000e+00 2.5491e-04 8.4013e-05 2.5491e-04 1.4618e-01 0.0000e+00
690 0.0000e+00 0.0000e+00 2.5355e-04 7.3095e-05 2.5355e-04 1.4636e-01 0.0000e+00
691 0.0000e+00 0.0000e+00 2.5212e-04 6.3721e-05 2.5212e-04 1.4654e-01 0.0000e+00
692 0.0000e+00 0.0000e+00 2.5064e-04 5.5650e-05 2.5064e-04 1.4674e-01 0.0000e+00
693 0.0000e+00 5.6100e-05 2.4912e-04 4.8683e-05 2.4912e-04 1.4694e-01 0.0000e+00
694 0.0000e+00 1.0830e-04 2.4756e-04 4.2654e-05 2.4756e-04 1.4714e-01 0.0000e+00
695 0.0000e+00 1.5320e-04 2.4598e-04 3.7426e-05 2.4598e-04 1.4735e-01 0.0000e+00
696 0.0000e+00 1.8770e-04 2.4439e-04 3.2884e-05 2.4439e-04 1.4756e-01 0.0000e+00
697 0.0000e+00 2.0760e-04 2.4278e-04 2.8929e-05 2.4278e-04 1.4778e-01 0.0000e+00
698 0.0000e+00 2.1680e-04 2.4116e-04 2.5482e-05 2.4116e-04 1.4799e-01 0.0000e+00
699 0.0000e+00 2.0760e-04 2.3954e-04 2.2470e-05 2.3954e-04 1.4821e-01 0.0000e+00
700 5.0000e-04 1.8770e-04 2.3792e-04 1.9837e-05 2.3792e-04 1.4843e-01 0.0000e+00
701 0.0000e+00 1.5320e-04 2.3630e-04 1.7530e-05 2.3630e-04 1.4865e-01 0.0000e+00
702 0.0000e+00 1.0830e-04 2.3469e-04 1.5505e-05 2.3469e-04 1.4887e-01 0.0000e+00
703 0.0000e+00 5.2400e-05 2.3309e-04 1.3729e-05 2.3309e-04 1.4909e-01 0.0000e+00
704 0.0000e+00 0.0000e+00 2.3150e-04 1.2167e-05 2.3150e-04 1.4931e-01 0.0000e+00
705 0.0000e+00 0.0000e+00 2.2992e-04 1.0791e-05 2.2992e-04 1.4953e-01 0.0000e+00
706 0.0000e+00 0.0000e+00 2.2835e-04 9.5797e-06 2.2835e-04 1.4974e-01 0.0000e+00
707 0.0000e+00 0.0000e+00 2.2679e-04 8.5107e-06 2.2679e-04 1.4996e-01 0.0000e+00
708 0.0000e+00 0.0000e+00 2.2525e-04 7.5668e-06 2.2525e-04 1.5018e-01 0.0000e+00
709 0.0000e+00 0.0000e+00 2.2372e-04 6.7325e-06 2.2372e-04 1.5040e-01 0.0000e+00
710 0.0000e+00 0.0000e+00 2.2221e-04 5.9945e-06 2.2221e-04 1.5061e-01 0.0000e+00
711 0.0000e+00 0.0000e+00 2.2072e-04 5.3410e-06 2.2072e-04 1.5083e-01 0.0000e+00
712 0.0000e+00 0.0000e+00 2.1924e-04 4.7620e-06 2.1924e-04 1.5104e-01 0.0000e+00
713 0.0000e+00 0.0000e+00 2.1777e-04 4.2474e-06 2.1777e-04 1.5126e-01 0.0000e+00
714 0.0000e+00 0.0000e+00 2.1632e-04 3.7918e-06 2.1632e-04 1.5147e-01 0.0000e+00
715 0.0000e+00 0.0000e+00 2.1489e-04 3.3871e-06 2.1489e-04 1.5168e-01 0.0000e+00
716 0.0000e+00 0.0000e+00 2.1348e-04 3.0273e-06 2.1348e-04 1.5189e-01 0.0000e+00
717 0.0000e+00 8.5600e-05 2.1208e-04 2.7073e-06 2.1208e-04 1.5210e-01 0.0000e+00
718 0.0000e+00 1.6520e-04 2.1069e-04 2.4224e-06 2.1069e-04 1.5231e-01 0.0000e+00
719 0.0000e+00 2.3380e-04 2.0933e-04 2.1686e-06 2.0933e-04 1.5252e-01 0.0000e+00
720 0.0000e+00 2.8620e-04 2.0798e-04 1.9424e-06 2.0798e-04 1.5272e-01 0.0000e+00
721 0.0000e+00 3.1670e-04 2.0664e-04 1.7407e-06 2.0664e-04 1.5293e-01 0.0000e+00
722 0.0000e+00 3.3060e-04 2.0532e-04 1.5607e-06 2.0532e-04 1.5313e-01 0.0000e+00
723 0.0000e+00 3.1670e-04 2.0402e-04 1.3999e-06 2.0402e-04 1.5333e-01 0.0000e+00
724 0.0000e+00 2.8620e-04 2.0273e-04 1.2549e-06 2.0273e-04 1.5353e-01 0.0000e+00
725 0.0000e+00 2.3380e-04 2.0146e-04 1.1268e-06 2.0146e-04 1.5374e-01 0.0000e+00
726 0.0000e+00 1.6520e-04 2.0020e-04 1.0122e-06 2.0020e-04 1.5393e-01 0.0000e+00
727 0.0000e+00 8.0000e-05 1.9896e-04 9.0966e-07 1.9896e-04 1.5413e-01 0.0000e+00
728 0.0000e+00 0.0000e+00 1.9773e-04 8.1784e-07 1.9773e-04 1.5433e-01 0.0000e+00
729 0.0000e+00 0.0000e+00 1.9652e-04 7.3558e-07 1.9652e-04 1.5453e-01 0.0000e+00
730 0.0000e+00 0.0000e+00 1.9532e-04 6.6185e-07 1.9532e-04 1.5472e-01 0.0000e+00
731 0.0000e+00 0.0000e+00 1.9414e-04 5.9575e-07 1.9414e-04 1.5491e-01 0.0000e+00
732 0.0000e+00 0.0000e+00 1.9296e-04 5.3644e-07 1.9296e-04 1.5511e-01 0.0000e+00
733 0.0000e+00 0.0000e+00 1.9181e-04 4.8322e-07 1.9181e-04 1.5530e-01 0.0000e+00
734 0.0000e+00 0.0000e+00 1.9066e-04 4.3543e-07 1.9066e-04 1.5549e-01 0.0000e+00
735 0.0000e+00 0.0000e+00 1.8953e-04 3.9251e-07 1.8953e-04 1.5568e-01 0.0000e+00
736 0.0000e+00 0.0000e+00 1.8842e-04 3.5231e-07 1.8842e-04 1.5586e-01 0.0000e+00
737 0.0000e+00 0.0000e+00 1.8731e-04 3.1790e-07 1.8731e-04 1.5605e-01 0.0000e+00
738 0.0000e+00 0.0000e+00 1.8622e-04 2.8694e-07 1.8622e-04 1.5624e-01 0.0000e+00
739 0.0000e+00 0.0000e+00 1.8514e-04 2.5908e-07 1.8514e-04 1.5642e-01 0.0000e+00
740 0.0000e+00 0.0000e+00 1.8408e-04 2.3399e-07 1.8408e-04 1.5661e-01 0.0000e+00
741 0.0000e+00 7.4700e-05 1.8302e-04 2.1139e-07 1.8302e-04 1.5679e-01 0.0000e+00
742 0.0000e+00 1.4410e-04 1.8198e-04 1.9103e-07 1.8198e-04 1.5697e-01 0.0000e+00
743 0.0000e+00 2.0380e-04 1.8095e-04 1.7268e-07 1.8095e-04 1.5715e-01 0.0000e+00
744 0.0000e+00 2.4960e-04 1.7993e-04 1.5614e-07 1.7993e-04 1.5733e-01 0.0000e+00
745 0.0000e+00 2.7610e-04 1.7892e-04 1.4123e-07 1.7892e-04 1.5751e-01 0.0000e+00
746 0.0000e+00 2.8830e-04 1.7792e-04 1.2777e-07 1.7792e-04 1.5769e-01 0.0000e+00
747 0.0000e+00 2.7610e-04 1.7694e-04 1.1374e-07 1.7694e-04 1.5786e-01 0.0000e+00
748 0.0000e+00 2.4960e-04 1.7596e-04 1.0303e-07 1.7596e-04 1.5804e-01 0.0000e+00
749 0.0000e+00 2.0380e-04 1.7500e-04 9.3353e-08 1.7500e-04 1.5822e-01 0.0000e+00
750 0.0000e+00 1.4410e-04 1.7405e-04 8.4605e-08 1.7405e-04 1.5839e-01 0.0000e+00
751 0.0000e+00 6.9800e-05 1.7310e-04 7.6694e-08 1.7310e-04 1.5856e-01 0.0000e+00
752 0.0000e+00 0.0000e+00 1.7217e-04 6.9538e-08 1.7217e-04 1.5873e-01 0.0000e+00
753 0.0000e+00 0.0000e+00 1.7124e-04 6.3063e-08 1.7124e-04 1.5891e-01 0.0000e+00
754 0.0000e+00 0.0000e+00 1.7033e-04 5.7204e-08 1.7033e-04 1.5908e-01 0.0000e+00
755 0.0000e+00 0.0000e+00 1.6943e-04 5.1901e-08 1.6943e-04 1.5925e-01 0.0000e+00
756 0.0000e+00 0.0000e+00 1.6853e-04 4.7099e-08 1.6853e-04 1.5941e-01 0.0000e+00
757 0.0000e+00 0.0000e+00 1.6765e-04 4.2751e-08 1.6765e-04 1.5958e-01 0.0000e+00
758 0.0000e+00 0.0000e+00 1.6677e-04 3.8812e-08 1.6677e-04 1.5975e-01 0.0000e+00
759 0.0000e+00 0.0000e+00 1.6591e-04 3.3519e-08 1.6591e-04 1.5991e-01 0.0000e+00
760 0.0000e+00 0.0000e+00 1.6505e-04 3.0487e-08 1.6505e-04 1.6008e-01 0.0000e+00
761 0.0000e+00 0.0000e+00 1.6420e-04 2.7734e-08 1.6420e-04 1.6024e-01 0.0000e+00
762 0.0000e+00 0.0000e+00 1.6336e-04 2.5234e-08 1.6336e-04 1.6041e-01 0.0000e+00
763 0.0000e+00 0.0000e+00 1.6253e-04 2.2963e-08 1.6253e-04 1.6057e-01 0.0000e+00
764 0.0000e+00 0.0000e+00 1.6170e-04 2.0900e-08 1.6170e-04 1.6073e-01 0.0000e+00
765 0.0000e+00 9.6700e-05 1.6089e-04 1.9025e-08 1.6089e-04 1.6089e-01 0.0000e+00
766 0.0000e+00 1.8660e-04 1.6008e-04 1.7321e-08 1.6008e-04 1.6105e-01 0.0000e+00
767 0.0000e+00 2.6400e-04 1.5928e-04 1.5772e-08 1.5928e-04 1.6121e-01 0.0000e+00
768 0.0000e+00 3.2330e-04 1.5849e-04 1.4363e-08 1.5849e-04 1.6137e-01 0.0000e+00
769 0.0000e+00 3.5770e-04 1.5771e-04 1.3083e-08 1.5771e-04 1.6153e-01 0.0000e+00
770 0.0000e+00 3.7350e-04 1.5693e-04 1.1919e-08 1.5693e-04 1.6168e-01 0.0000e+00
771 0.0000e+00 3.5770e-04 1.5617e-04 9.3861e-09 1.5617e-04 1.6184e-01 0.0000e+00
772 0.0000e+00 3.2330e-04 1.5541e-04 8.5752e-09 1.5541e-04 1.6200e-01 0.0000e+00
773 0.0000e+00 2.6400e-04 1.5465e-04 7.8352e-09 1.5465e-04 1.6215e-01 0.0000e+00
774 0.0000e+00 1.8660e-04 1.5391e-04 7.1598e-09 1.5391e-04 1.6230e-01 0.0000e+00
775 0.0000e+00 9.0400e-05 1.5317e-04 6.5434e-09 1.5317e-04 1.6246e-01 0.0000e+00
776 0.0000e+00 0.0000e+00 1.5244e-04 5.9807e-09 1.5244e-04 1.6261e-01 0.0000e+00
777 0.0000e+00 0.0000e+00 1.5171e-04 5.4670e-09 1.5171e-04 1.6276e-01 0.0000e+00
778 0.0000e+00 0.0000e+00 1.5100e-04 4.9979e-09 1.5100e-04 1.6291e-01 0.0000e+00
779 0.0000e+00 0.0000e+00 1.5028e-04 4.5696e-09 1.5028e-04 1.6306e-01 0.0000e+00
780 0.0000e+00 0.0000e+00 1.4958e-04 4.1784e-09 1.4958e-04 1.6321e-01 0.0000e+00
781 0.0000e+00 0.0000e+00 1.4888e-04 3.8211e-09 1.4888e-04 1.6336e-01 0.0000e+00
782 0.0000e+00 0.0000e+00 1.4819e-04 3.4948e-09 1.4819e-04 1.6351e-01 0.0000e+00
783 0.0000e+00 0.0000e+00 1.4751e-04 2.1963e-09 1.4751e-04 1.6366e-01 0.0000e+00
784 0.0000e+00 0.0000e+00 1.4683e-04 2.0167e-09 1.4683e-04 1.6380e-01 0.0000e+00
785 0.0000e+00 0.0000e+00 1.4616e-04 1.8519e-09 1.4616e-04 1.6395e-01 0.0000e+00
786 0.0000e+00 0.0000e+00 1.4549e-04 1.7007e-09 1.4549e-04 1.6410e-01 0.0000e+00
787 0.0000e+00 0.0000e+00 1.4483e-04 1.5620e-09 1.4483e-04 1.6424e-01 0.0000e+00
788 0.0000e+00 0.0000e+00 1.4418e-04 1.4347e-09 1.4418e-04 1.6438e-01 0.0000e+00
789 0.0000e+00 1.2590e-04 1.4353e-04 1.3178e-09 1.4353e-04 1.6453e-01 0.0000e+00
790 0.0000e+00 2.4290e-04 1.4289e-04 1.2106e-09 1.4289e-04 1.6467e-01 0.0000e+00
791 0.0000e+00 3.4370e-04 1.4225e-04 1.1121e-09 1.4225e-04 1.6481e-01 0.0000e+00
792 0.0000e+00 4.2090e-04 1.4162e-04 1.0218e-09 1.4162e-04 1.6495e-01 0.0000e+00
793 0.0000e+00 4.6560e-04 1.4099e-04 9.3883e-10 1.4099e-04 1.6510e-01 0.0000e+00
794 0.0000e+00 4.8620e-04 1.4037e-04 8.6267e-10 1.4037e-04 1.6524e-01 0.0000e+00
795 0.0000e+00 4.6560e-04 1.3976e-04 3.3449e-10 1.3976e-04 1.6538e-01 0.0000e+00
796 0.0000e+00 4.2090e-04 1.3915e-04 3.0881e-10 1.3915e-04 1.6551e-01 0.0000e+00
797 0.0000e+00 3.4370e-04 1.3855e-04 2.8511e-10 1.3855e-04 1.6565e-01 0.0000e+00
798 0.0000e+00 2.4290e-04 1.3795e-04 2.6324e-10 1.3795e-04 1.6579e-01 0.0000e+00
799 0.0000e+00 1.1760e-04 1.3735e-04 2.4306e-10 1.3735e-04 1.6593e-01 0.0000e+00
800 0.0000e+00 0.0000e+00 1.3677e-04 2.2444e-10 1.3677e-04 1.6607e-01 0.0000e+00
801 0.0000e+00 0.0000e+00 1.3618e-04 2.0725e-10 1.3618e-04 1.6620e-01 0.0000e+00
802 0.0000e+00 0.0000e+00 1.3560e-04 1.9139e-10 1.3560e-04 1.6634e-01 0.0000e+00
803 0.0000e+00 0.0000e+00 1.3503e-04 1.7676e-10 1.3503e-04 1.6647e-01 0.0000e+00
804 0.0000e+00 0.0000e+00 1.3446e-04 1.6325e-10 1.3446e-04 1.6661e-01 0.0000e+00
805 0.0000e+00 0.0000e+00 1.3390e-04 1.5078e-10 1.3390e-04 1.6674e-01 0.0000e+00
806 0.0000e+00 0.0000e+00 1.3334e-04 1.3927e-10 1.3334e-04 1.6687e-01 0.0000e+00
807 0.0000e+00 0.0000e+00 1.3279e-04 1.3712e-11 1.3279e-04 1.6701e-01 0.0000e+00
808 0.0000e+00 0.0000e+00 1.3224e-04 1.2736e-11 1.3224e-04 1.6714e-01 0.0000e+00
809 0.0000e+00 0.0000e+00 1.3169e-04 1.1829e-11 1.3169e-04 1.6727e-01 0.0000e+00
810 0.0000e+00 0.0000e+00 1.3115e-04 1.0987e-11 1.3115e-04 1.6740e-01 0.0000e+00
811 0.0000e+00 0.0000e+00 1.3061e-04 1.0206e-11 1.3061e-04 1.6753e-01 0.0000e+00
812 0.0000e+00 0.0000e+00 1.3008e-04 9.4806e-12 1.3008e-04 1.6766e-01 0.0000e+00
813 0.0000e+00 3.0400e-05 1.2955e-04 8.8070e-12 1.2955e-04 1.6779e-01 0.0000e+00
814 0.0000e+00 5.8700e-05 1.2903e-04 8.1816e-12 1.2903e-04 1.6792e-01 0.0000e+00
815 0.0000e+00 8.3100e-05 1.2851e-04 7.6009e-12 1.2851e-04 1.6805e-01 0.0000e+00
816 0.0000e+00 1.0180e-04 1.2800e-04 7.0617e-12 1.2800e-04 1.6818e-01 0.0000e+00
817 0.0000e+00 1.1260e-04 1.2748e-04 6.5609e-12 1.2748e-04 1.6831e-01 0.0000e+00
818 0.0000e+00 1.1760e-04 1.2698e-04 6.0959e-12 1.2698e-04 1.6843e-01 0.0000e+00
819 0.0000e+00 1.1260e-04 1.2647e-04 0.0000e+00 1.2647e-04 1.6856e-01 0.0000e+00
820 0.0000e+00 1.0180e-04 1.2598e-04 0.0000e+00 1.2598e-04 1.6868e-01 0.0000e+00
821 0.0000e+00 8.3100e-05 1.2548e-04 0.0000e+00 1.2548e-04 1.6881e-01 0.0000e+00
822 0.0000e+00 5.8700e-05 1.2499e-04 0.0000e+00 1.2499e-04 1.6894e-01 0.0000e+00
823 0.0000e+00 2.8400e-05 1.2450e-04 0.0000e+00 1.2450e-04 1.6906e-01 0.0000e+00
824 0.0000e+00 0.0000e+00 1.2402e-04 0.0000e+00 1.2402e-04 1.6918e-01 0.0000e+00
825 0.0000e+00 0.0000e+00 1.2354e-04 0.0000e+00 1.2354e-04 1.6931e-01 0.0000e+00
826 0.0000e+00 0.0000e+00 1.2306e-04 0.0000e+00 1.2306e-04 1.6943e-01 0.0000e+00
827 0.0000e+00 0.0000e+00 1.2259e-04 0.0000e+00 1.2259e-04 1.6955e-01 0.0000e+00
828 0.0000e+00 0.0000e+00 1.2212e-04 0.0000e+00 1.2212e-04 1.6967e-01 0.0000e+00
829 0.0000e+00 0.0000e+00 1.2166e-04 0.0000e+00 1.2166e-04 1.6980e-01 0.0000e+00
830 0.0000e+00 0.0000e+00 1.2120e-04 0.0000e+00 1.2120e-04 1.6992e-01 0.0000e+00
831 0.0000e+00 0.0000e+00 1.2074e-04 0.0000e+00 1.2074e-04 1.7004e-01 0.0000e+00
832 0.0000e+00 0.0000e+00 1.2028e-04 0.0000e+00 1.2028e-04 1.7016e-01 0.0000e+00
833 0.0000e+00 0.0000e+00 1.1983e-04 0.0000e+00 1.1983e-04 1.7028e-01 0.0000e+00
834 0.0000e+00 0.0000e+00 1.1938e-04 0.0000e+00 1.1938e-04 1.7040e-01 0.0000e+00
835 0.0000e+00 0.0000e+00 1.1894e-04 0.0000e+00 1.1894e-04 1.7052e-01 0.0000e+00
836 0.0000e+00 0.0000e+00 1.1850e-04 0.0000e+00 1.1850e-04 1.7064e-01 0.0000e+00
837 0.0000e+00 6.6100e-05 1.1806e-04 0.0000e+00 1.1806e-04 1.7075e-01 0.0000e+00
838 0.0000e+00 1.2750e-04 1.1762e-04 0.0000e+00 1.1762e-04 1.7087e-01 0.0000e+00
839 0.0000e+00 1.8040e-04 1.1719e-04 0.0000e+00 1.1719e-04 1.7099e-01 0.0000e+00
840 0.0000e+00 2.2090e-04 1.1676e-04 0.0000e+00 1.1676e-04 1.7111e-01 0.0000e+00
841 0.0000e+00 2.4430e-04 1.1634e-04 0.0000e+00 1.1634e-04 1.7122e-01 0.0000e+00
842 0.0000e+00 2.5510e-04 1.1592e-04 0.0000e+00 1.1592e-04 1.7134e-01 0.0000e+00
843 0.0000e+00 2.4430e-04 1.1550e-04 0.0000e+00 1.1550e-04 1.7145e-01 0.0000e+00
844 0.0000e+00 2.2090e-04 1.1508e-04 0.0000e+00 1.1508e-04 1.7157e-01 0.0000e+00
845 0.0000e+00 1.8040e-04 1.1467e-04 0.0000e+00 1.1467e-04 1.7168e-01 0.0000e+00
846 0.0000e+00 1.2750e-04 1.1426e-04 0.0000e+00 1.1426e-04 1.7180e-01 0.0000e+00
847 0.0000e+00 6.1700e-05 1.1385e-04 0.0000e+00 1.1385e-04 1.7191e-01 0.0000e+00
848 0.0000e+00 0.0000e+00 1.1345e-04 0.0000e+00 1.1345e-04 1.7202e-01 0.0000e+00
849 0.0000e+00 0.0000e+00 1.1305e-04 0.0000e+00 1.1305e-04 1.7214e-01 0.0000e+00
850 0.0000e+00 0.0000e+00 1.1265e-04 0.0000e+00 1.1265e-04 1.7225e-01 0.0000e+00
851 0.0000e+00 0.0000e+00 1.1225e-04 0.0000e+00 1.1225e-04 1.7236e-01 0.0000e+00
852 0.0000e+00 0.0000e+00 1.1186e-04 0.0000e+00 1.1186e-04 1.7247e-01 0.0000e+00
853 0.0000e+00 0.0000e+00 1.1147e-04 0.0000e+00 1.1147e-04 1.7259e-01 0.0000e+00
854 0.0000e+00 0.0000e+00 1.1108e-04 0.0000e+00 1.1108e-04 1.7270e-01 0.0000e+00
855 0.0000e+00 0.0000e+00 1.1070e-04 0.0000e+00 1.1070e-04 1.7281e-01 0.0000e+00
856 0.0000e+00 0.0000e+00 1.1031e-04 0.0000e+00 1.1031e-04 1.7292e-01 0.0000e+00
857 0.0000e+00 0.0000e+00 1.0993e-04 0.0000e+00 1.0993e-04 1.7303e-01 0.0000e+00
858 0.0000e+00 0.0000e+00 1.0956e-04 0.0000e+00 1.0956e-04 1.7314e-01 0.0000e+00
859 0.0000e+00 0.0000e+00 1.0918e-04 0.0000e+00 1.0918e-04 1.7325e-01 0.0000e+00
860 0.0000e+00 0.0000e+00 1.0881e-04 0.0000e+00 1.0881e-04 1.7335e-01 0.0000e+00
861 0.0000e+00 9.7600e-05 1.0844e-04 0.0000e+00 1.0844e-04 1.7346e-01 0.0000e+00
862 0.0000e+00 1.8830e-04 1.0807e-04 0.0000e+00 1.0807e-04 1.7357e-01 0.0000e+00
863 0.0000e+00 2.6650e-04 1.0771e-04 0.0000e+00 1.0771e-04 1.7368e-01 0.0000e+00
864 0.0000e+00 3.2630e-04 1.0735e-04 0.0000e+00 1.0735e-04 1.7379e-01 0.0000e+00
865 0.0000e+00 3.6100e-04 1.0699e-04 0.0000e+00 1.0699e-04 1.7389e-01 0.0000e+00
866 0.0000e+00 3.7690e-04 1.0663e-04 0.0000e+00 1.0663e-04 1.7400e-01 0.0000e+00
867 0.0000e+00 3.6100e-04 1.0628e-04 0.0000e+00 1.0628e-04 1.7411e-01 0.0000e+00
868 0.0000e+00 3.2630e-04 1.0592e-04 0.0000e+00 1.0592e-04 1.7421e-01 0.0000e+00
869 0.0000e+00 2.6650e-04 1.0557e-04 0.0000e+00 1.0557e-04 1.7432e-01 0.0000e+00
870 0.0000e+00 1.8830e-04 1.0523e-04 0.0000e+00 1.0523e-04 1.7442e-01 0.0000e+00
871 0.0000e+00 9.1200e-05 1.0488e-04 0.0000e+00 1.0488e-04 1.7453e-01 0.0000e+00
872 0.0000e+00 0.0000e+00 1.0454e-04 0.0000e+00 1.0454e-04 1.7463e-01 0.0000e+00
873 0.0000e+00 0.0000e+00 1.0420e-04 0.0000e+00 1.0420e-04 1.7474e-01 0.0000e+00
874 0.0000e+00 0.0000e+00 1.0386e-04 0.0000e+00 1.0386e-04 1.7484e-01 0.0000e+00
875 0.0000e+00 0.0000e+00 1.0352e-04 0.0000e+00 1.0352e-04 1.7494e-01 0.0000e+00
876 0.0000e+00 0.0000e+00 1.0319e-04 0.0000e+00 1.0319e-04 1.7505e-01 0.0000e+00
877 0.0000e+00 0.0000e+00 1.0285e-04 0.0000e+00 1.0285e-04 1.7515e-01 0.0000e+00
878 0.0000e+00 0.0000e+00 1.0252e-04 0.0000e+00 1.0252e-04 1.7525e-01 0.0000e+00
879 0.0000e+00 0.0000e+00 1.0220e-04 0.0000e+00 1.0220e-04 1.7535e-01 0.0000e+00
880 0.0000e+00 0.0000e+00 1.0187e-04 0.0000e+00 1.0187e-04 1.7546e-01 0.0000e+00
881 0.0000e+00 0.0000e+00 1.0155e-04 0.0000e+00 1.0155e-04 1.7556e-01 0.0000e+00
882 0.0000e+00 0.0000e+00 1.0123e-04 0.0000e+00 1.0123e-04 1.7566e-01 0.0000e+00
883 0.0000e+00 0.0000e+00 1.0091e-04 0.0000e+00 1.0091e-04 1.7576e-01 0.0000e+00
884 0.0000e+00 0.0000e+00 1.0059e-04 0.0000e+00 1.0059e-04 1.7586e-01 0.0000e+00
885 0.0000e+00 6.4300e-05 1.0027e-04 0.0000e+00 1.0027e-04 1.7596e-01 0.0000e+00
886 0.0000e+00 1.2410e-04 9.9959e-05 0.0000e+00 9.9959e-05 1.7606e-01 0.0000e+00
887 0.0000e+00 1.7560e-04 9.9647e-05 0.0000e+00 9.9647e-05 1.7616e-01 0.0000e+00
888 0.0000e+00 2.1500e-04 9.9337e-05 0.0000e+00 9.9337e-05 1.7626e-01 0.0000e+00
889 0.0000e+00 2.3790e-04 9.9029e-05 0.0000e+00 9.9029e-05 1.7636e-01 0.0000e+00
890 0.0000e+00 2.4840e-04 9.8723e-05 0.0000e+00 9.8723e-05 1.7646e-01 0.0000e+00
891 0.0000e+00 2.3790e-04 9.8419e-05 0.0000e+00 9.8419e-05 1.7656e-01 0.0000e+00
892 0.0000e+00 2.1500e-04 9.8117e-05 0.0000e+00 9.8117e-05 1.7665e-01 0.0000e+00
893 0.0000e+00 1.7560e-04 9.7816e-05 0.0000e+00 9.7816e-05 1.7675e-01 0.0000e+00
894 0.0000e+00 1.2410e-04 9.7518e-05 0.0000e+00 9.7518e-05 1.7685e-01 0.0000e+00
895 0.0000e+00 6.0100e-05 9.7221e-05 0.0000e+00 9.7221e-05 1.7695e-01 0.0000e+00
896 0.0000e+00 0.0000e+00 9.6926e-05 0.0000e+00 9.6926e-05 1.7704e-01 0.0000e+00
897 0.0000e+00 0.0000e+00 9.6633e-05 0.0000e+00 9.6633e-05 1.7714e-01 0.0000e+00
898 0.0000e+00 0.0000e+00 9.6342e-05 0.0000e+00 9.6342e-05 1.7724e-01 0.0000e+00
899 0.0000e+00 0.0000e+00 9.6052e-05 0.0000e+00 9.6052e-05 1.7733e-01 0.0000e+00
900 0.0000e+00 0.0000e+00 9.5764e-05 0.0000e+00 9.5764e-05 1.7743e-01 0.0000e+00
901 0.0000e+00 0.0000e+00 9.5478e-05 0.0000e+00 9.5478e-05 1.7752e-01 0.0000e+00
902 0.0000e+00 0.0000e+00 9.5194e-05 0.0000e+00 9.5194e-05 1.7762e-01 0.0000e+00
903 0.0000e+00 0.0000e+00 9.4911e-05 0.0000e+00 9.4911e-05 1.7771e-01 0.0000e+00
904 0.0000e+00 0.0000e+00 9.4630e-05 0.0000e+00 9.4630e-05 1.7781e-01 0.0000e+00
905 0.0000e+00 0.0000e+00 9.4350e-05 0.0000e+00 9.4350e-05 1.7790e-01 0.0000e+00
906 0.0000e+00 0.0000e+00 9.4072e-05 0.0000e+00 9.4072e-05 1.7800e-01 0.0000e+00
907 0.0000e+00 0.0000e+00 9.3796e-05 0.0000e+00 9.3796e-05 1.7809e-01 0.0000e+00
908 0.0000e+00 0.0000e+00 9.3522e-05 0.0000e+00 9.3522e-05 1.7818e-01 0.0000e+00
909 0.0000e+00 8.0200e-05 9.3249e-05 0.0000e+00 9.3249e-05 1.7828e-01 0.0000e+00
910 0.0000e+00 1.5480e-04 9.2978e-05 0.0000e+00 9.2978e-05 1.7837e-01 0.0000e+00
911 0.0000e+00 2.1910e-04 9.2708e-05 0.0000e+00 9.2708e-05 1.7846e-01 0.0000e+00
912 0.0000e+00 2.6830e-04 9.2440e-05 0.0000e+00 9.2440e-05 1.7856e-01 0.0000e+00
913 0.0000e+00 2.9680e-04 9.2173e-05 0.0000e+00 9.2173e-05 1.7865e-01 0.0000e+00
914 0.0000e+00 3.0990e-04 9.1908e-05 0.0000e+00 9.1908e-05 1.7874e-01 0.0000e+00
915 0.0000e+00 2.9680e-04 9.1644e-05 0.0000e+00 9.1644e-05 1.7883e-01 0.0000e+00
916 0.0000e+00 2.6830e-04 9.1382e-05 0.0000e+00 9.1382e-05 1.7892e-01 0.0000e+00
917 0.0000e+00 2.1910e-04 9.1122e-05 0.0000e+00 9.1122e-05 1.7901e-01 0.0000e+00
918 0.0000e+00 1.5480e-04 9.0862e-05 0.0000e+00 9.0862e-05 1.7911e-01 0.0000e+00
919 0.0000e+00 7.5000e-05 9.0605e-05 0.0000e+00 9.0605e-05 1.7920e-01 0.0000e+00
920 0.0000e+00 0.0000e+00 9.0349e-05 0.0000e+00 9.0349e-05 1.7929e-01 0.0000e+00
921 0.0000e+00 0.0000e+00 9.0094e-05 0.0000e+00 9.0094e-05 1.7938e-01 0.0000e+00
922 0.0000e+00 0.0000e+00 8.9841e-05 0.0000e+00 8.9841e-05 1.7947e-01 0.0000e+00
923 0.0000e+00 0.0000e+00 8.9589e-05 0.0000e+00 8.9589e-05 1.7956e-01 0.0000e+00
924 0.0000e+00 0.0000e+00 8.9338e-05 0.0000e+00 8.9338e-05 1.7965e-01 0.0000e+00
925 0.0000e+00 0.0000e+00 8.9089e-05 0.0000e+00 8.9089e-05 1.7973e-01 0.0000e+00
926 0.0000e+00 0.0000e+00 8.8842e-05 0.0000e+00 8.8842e-05 1.7982e-01 0.0000e+00
927 0.0000e+00 0.0000e+00 8.8595e-05 0.0000e+00 8.8595e-05 1.7991e-01 0.0000e+00
928 0.0000e+00 0.0000e+00 8.8350e-05 0.0000e+00 8.8350e-05 1.8000e-01 0.0000e+00
929 0.0000e+00 0.0000e+00 8.8107e-05 0.0000e+00 8.8107e-05 1.8009e-01 0.0000e+00
930 0.0000e+00 0.0000e+00 8.7864e-05 0.0000e+00 8.7864e-05 1.8018e-01 0.0000e+00
931 0.0000e+00 0.0000e+00 8.7624e-05 0.0000e+00 8.7624e-05 1.8026e-01 0.0000e+00
932 0.0000e+00 0.0000e+00 8.7384e-05 0.0000e+00 8.7384e-05 1.8035e-01 0.0000e+00
933 0.0000e+00 9.6000e-05 8.7146e-05 0.0000e+00 8.7146e-05 1.8044e-01 0.0000e+00
934 0.0000e+00 1.8520e-04 8.6909e-05 0.0000e+00 8.6909e-05 1.8052e-01 0.0000e+00
935 0.0000e+00 2.6210e-04 8.6673e-05 0.0000e+00 8.6673e-05 1.8061e-01 0.0000e+00
936 0.0000e+00 3.2090e-04 8.6438e-05 0.0000e+00 8.6438e-05 1.8070e-01 0.0000e+00
937 0.0000e+00 3.5500e-04 8.6205e-05 0.0000e+00 8.6205e-05 1.8078e-01 0.0000e+00
938 0.0000e+00 3.7070e-04 8.5973e-05 0.0000e+00 8.5973e-05 1.8087e-01 0.0000e+00
939 0.0000e+00 3.5500e-04 8.5743e-05 0.0000e+00 8.5743e-05 1.8096e-01 0.0000e+00
940 0.0000e+00 3.2090e-04 8.5513e-05 0.0000e+00 8.5513e-05 1.8104e-01 0.0000e+00
941 0.0000e+00 2.6210e-04 8.5285e-05 0.0000e+00 8.5285e-05 1.8113e-01 0.0000e+00
942 0.0000e+00 1.8520e-04 8.5058e-05 0.0000e+00 8.5058e-05 1.8121e-01 0.0000e+00
943 0.0000e+00 8.9700e-05 8.4832e-05 0.0000e+00 8.4832e-05 1.8130e-01 0.0000e+00
944 0.0000e+00 0.0000e+00 8.4608e-05 0.0000e+00 8.4608e-05 1.8138e-01 0.0000e+00
945 0.0000e+00 0.0000e+00 8.4384e-05 0.0000e+00 8.4384e-05 1.8147e-01 0.0000e+00
946 0.0000e+00 0.0000e+00 8.4162e-05 0.0000e+00 8.4162e-05 1.8155e-01 0.0000e+00
947 0.0000e+00 0.0000e+00 8.3941e-05 0.0000e+00 8.3941e-05 1.8163e-01 0.0000e+00
948 0.0000e+00 0.0000e+00 8.3721e-05 0.0000e+00 8.3721e-05 1.8172e-01 0.0000e+00
949 0.0000e+00 0.0000e+00 8.3502e-05 0.0000e+00 8.3502e-05 1.8180e-01 0.0000e+00
950 0.0000e+00 0.0000e+00 8.3285e-05 0.0000e+00 8.3285e-05 1.8188e-01 0.0000e+00
Objective function values:
F1 1.611495e-06    NSE 0.72298   F2 2.955048e-02
Mean Obs Q 1.590065e-04   Variance Obs Q 6.123405e-09
    Error Variance 1.696310e-09

Water Balance for Subcatchment: Extracted study basin: Taegu Pyungkwang River

   SUMP       SUMAE      SUMQ       SUMRZ      SUMUZ      SBAR        BAL
1.890e-01  4.606e-02  1.271e-01  1.951e-02  0.000e+00  1.819e-01  3.593e-03
