Taegu Pyungkwang River Catchment: Calibration Data

Subcatchment : Extracted study basin: cat-10379

TL =     7.84
SUMAC =     1.00
SZQ =       0.05867
Subcatchment routing data:
Maximum Routing Delay       0.69444
Sum of Histogram ordinates:     1.0000
     1.00000 
Initial BAL             -0.24166
Initial SBAR             0.23966
Initial SR0              0.00200
it      p        ep       q(it)       quz      q       sbar       qof
1 0.0000e+00 6.1900e-05 3.2800e-05 0.0000e+00 3.2800e-05 2.3969e-01 0.0000e+00
2 0.0000e+00 6.4700e-05 3.2766e-05 0.0000e+00 3.2766e-05 2.3972e-01 0.0000e+00
3 1.0000e-03 6.1900e-05 3.2733e-05 0.0000e+00 3.2733e-05 2.3976e-01 0.0000e+00
4 1.0000e-03 5.6000e-05 3.2699e-05 0.0000e+00 3.2699e-05 2.3979e-01 0.0000e+00
5 1.0000e-03 4.5700e-05 3.5546e-05 7.2046e-05 3.2666e-05 2.3975e-01 2.8803e-06
6 5.0000e-04 3.2300e-05 3.4637e-05 1.0293e-04 3.2706e-05 2.3968e-01 1.9310e-06
7 5.0000e-04 1.5600e-05 3.4766e-05 1.3366e-04 3.2778e-05 2.3958e-01 1.9880e-06
8 0.0000e+00 0.0000e+00 3.2882e-05 1.1709e-04 3.2882e-05 2.3949e-01 0.0000e+00
9 5.0000e-04 0.0000e+00 3.4901e-05 1.5124e-04 3.2968e-05 2.3938e-01 1.9326e-06
10 5.0000e-04 0.0000e+00 3.5465e-05 1.8035e-04 3.3090e-05 2.3923e-01 2.3752e-06
11 0.0000e+00 0.0000e+00 3.3243e-05 1.5996e-04 3.3243e-05 2.3910e-01 0.0000e+00
12 0.0000e+00 0.0000e+00 3.3375e-05 1.4454e-04 3.3375e-05 2.3899e-01 0.0000e+00
13 1.0000e-03 0.0000e+00 3.9966e-05 2.2305e-04 3.3491e-05 2.3880e-01 6.4747e-06
14 5.0000e-04 0.0000e+00 3.6927e-05 2.4381e-04 3.3690e-05 2.3859e-01 3.2374e-06
15 5.0000e-04 0.0000e+00 3.7149e-05 2.6436e-04 3.3912e-05 2.3836e-01 3.2374e-06
16 1.0000e-03 0.0000e+00 4.0632e-05 3.2937e-04 3.4157e-05 2.3806e-01 6.4747e-06
17 0.0000e+00 0.0000e+00 3.4474e-05 2.9354e-04 3.4474e-05 2.3781e-01 0.0000e+00
18 0.0000e+00 0.0000e+00 3.4754e-05 2.6560e-04 3.4754e-05 2.3757e-01 0.0000e+00
19 0.0000e+00 0.0000e+00 3.5005e-05 2.4085e-04 3.5005e-05 2.3737e-01 0.0000e+00
20 0.0000e+00 0.0000e+00 3.5231e-05 2.1875e-04 3.5231e-05 2.3719e-01 0.0000e+00
21 0.0000e+00 1.8000e-05 3.5434e-05 1.9891e-04 3.5434e-05 2.3702e-01 0.0000e+00
22 0.0000e+00 3.4800e-05 3.5615e-05 1.8103e-04 3.5615e-05 2.3688e-01 0.0000e+00
23 0.0000e+00 4.9200e-05 3.5778e-05 1.6488e-04 3.5778e-05 2.3675e-01 0.0000e+00
24 3.0000e-03 6.0200e-05 5.4687e-05 4.2052e-04 3.5922e-05 2.3636e-01 1.8764e-05
25 2.0000e-03 6.6600e-05 4.8916e-05 5.4884e-04 3.6357e-05 2.3585e-01 1.2560e-05
26 5.5000e-03 6.9600e-05 7.2123e-05 9.9575e-04 3.6944e-05 2.3489e-01 3.5180e-05
27 6.0000e-03 6.6600e-05 7.6465e-05 1.4340e-03 3.8067e-05 2.3350e-01 3.8398e-05
28 1.0000e-03 6.0200e-05 4.5808e-05 1.3582e-03 3.9765e-05 2.3218e-01 6.0435e-06
29 2.5000e-03 4.9200e-05 5.7234e-05 1.4562e-03 4.1437e-05 2.3076e-01 1.5797e-05
30 0.0000e+00 3.4800e-05 4.3310e-05 1.3071e-03 4.3310e-05 2.2950e-01 0.0000e+00
31 0.0000e+00 1.6800e-05 4.5055e-05 1.1838e-03 4.5055e-05 2.2836e-01 0.0000e+00
32 1.0000e-03 0.0000e+00 5.2510e-05 1.1616e-03 4.6687e-05 2.2725e-01 5.8225e-06
33 5.0000e-04 0.0000e+00 5.1580e-05 1.0986e-03 4.8343e-05 2.2619e-01 3.2374e-06
34 0.0000e+00 0.0000e+00 4.9955e-05 9.9375e-04 4.9955e-05 2.2525e-01 0.0000e+00
35 0.0000e+00 0.0000e+00 5.1451e-05 9.0163e-04 5.1451e-05 2.2440e-01 0.0000e+00
36 0.0000e+00 0.0000e+00 5.2836e-05 8.1853e-04 5.2836e-05 2.2364e-01 0.0000e+00
37 0.0000e+00 0.0000e+00 5.4116e-05 7.4332e-04 5.4116e-05 2.2295e-01 0.0000e+00
38 0.0000e+00 0.0000e+00 5.5294e-05 6.7514e-04 5.5294e-05 2.2233e-01 0.0000e+00
39 0.0000e+00 0.0000e+00 5.6375e-05 6.1330e-04 5.6375e-05 2.2177e-01 0.0000e+00
40 0.0000e+00 0.0000e+00 5.7365e-05 5.5719e-04 5.7365e-05 2.2127e-01 0.0000e+00
41 0.0000e+00 0.0000e+00 5.8268e-05 5.0627e-04 5.8268e-05 2.2082e-01 0.0000e+00
42 0.0000e+00 0.0000e+00 5.9089e-05 4.6005e-04 5.9089e-05 2.2042e-01 0.0000e+00
43 0.0000e+00 0.0000e+00 5.9835e-05 4.1811e-04 5.9835e-05 2.2006e-01 0.0000e+00
44 0.0000e+00 0.0000e+00 6.0508e-05 3.8004e-04 6.0508e-05 2.1974e-01 0.0000e+00
45 0.0000e+00 3.3800e-05 6.1115e-05 3.4549e-04 6.1115e-05 2.1946e-01 0.0000e+00
46 1.0000e-03 6.5200e-05 6.8521e-05 4.1401e-04 6.1661e-05 2.1911e-01 6.8600e-06
47 0.0000e+00 9.2300e-05 6.2344e-05 3.6778e-04 6.2344e-05 2.1880e-01 0.0000e+00
48 5.0000e-04 1.1300e-04 6.5730e-05 3.6801e-04 6.2942e-05 2.1850e-01 2.7884e-06
49 0.0000e+00 1.2500e-04 6.3544e-05 3.3069e-04 6.3544e-05 2.1823e-01 0.0000e+00
50 1.0000e-03 1.3050e-04 7.2632e-05 3.7613e-04 6.4077e-05 2.1792e-01 8.5543e-06
51 2.5000e-03 1.2500e-04 9.1296e-05 5.7538e-04 6.4705e-05 2.1741e-01 2.6591e-05
52 3.0000e-03 1.1300e-04 9.8009e-05 7.9716e-04 6.5746e-05 2.1667e-01 3.2263e-05
53 2.5000e-03 9.2300e-05 9.4053e-05 9.4423e-04 6.7266e-05 2.1580e-01 2.6787e-05
54 3.0000e-03 6.5200e-05 1.0177e-04 1.1325e-03 6.9135e-05 2.1473e-01 3.2630e-05
55 2.5000e-03 3.1600e-05 9.8794e-05 1.2522e-03 7.1471e-05 2.1355e-01 2.7323e-05
56 2.0000e-03 0.0000e+00 9.6247e-05 1.3154e-03 7.4157e-05 2.1231e-01 2.2089e-05
57 1.0000e-03 0.0000e+00 8.8312e-05 1.2751e-03 7.7090e-05 2.1111e-01 1.1222e-05
58 1.0000e-03 0.0000e+00 9.1253e-05 1.2447e-03 8.0031e-05 2.0995e-01 1.1222e-05
59 0.0000e+00 0.0000e+00 8.2997e-05 1.1128e-03 8.2997e-05 2.0892e-01 0.0000e+00
60 5.0000e-04 0.0000e+00 9.1323e-05 1.0533e-03 8.5712e-05 2.0795e-01 5.6110e-06
61 5.0000e-04 0.0000e+00 9.3954e-05 9.9796e-04 8.8343e-05 2.0704e-01 5.6110e-06
62 0.0000e+00 0.0000e+00 9.0890e-05 8.9432e-04 9.0890e-05 2.0624e-01 0.0000e+00
63 0.0000e+00 0.0000e+00 9.3201e-05 8.0421e-04 9.3201e-05 2.0553e-01 0.0000e+00
64 0.0000e+00 0.0000e+00 9.5295e-05 7.2368e-04 9.5295e-05 2.0490e-01 0.0000e+00
65 0.0000e+00 0.0000e+00 9.7185e-05 6.5150e-04 9.7185e-05 2.0435e-01 0.0000e+00
66 0.0000e+00 0.0000e+00 9.8883e-05 5.8671e-04 9.8883e-05 2.0386e-01 0.0000e+00
67 0.0000e+00 0.0000e+00 1.0040e-04 5.2851e-04 1.0040e-04 2.0343e-01 0.0000e+00
68 0.0000e+00 0.0000e+00 1.0175e-04 4.7621e-04 1.0175e-04 2.0305e-01 0.0000e+00
69 0.0000e+00 4.1400e-05 1.0295e-04 4.2919e-04 1.0295e-04 2.0273e-01 0.0000e+00
70 0.0000e+00 7.9800e-05 1.0401e-04 3.8691e-04 1.0401e-04 2.0245e-01 0.0000e+00
71 0.0000e+00 1.1290e-04 1.0493e-04 3.4888e-04 1.0493e-04 2.0220e-01 0.0000e+00
72 0.0000e+00 1.3830e-04 1.0573e-04 3.1467e-04 1.0573e-04 2.0199e-01 0.0000e+00
73 0.0000e+00 1.5300e-04 1.0643e-04 2.8390e-04 1.0643e-04 2.0182e-01 0.0000e+00
74 0.0000e+00 1.5980e-04 1.0702e-04 2.5620e-04 1.0702e-04 2.0167e-01 0.0000e+00
75 0.0000e+00 1.5300e-04 1.0752e-04 2.3127e-04 1.0752e-04 2.0154e-01 0.0000e+00
76 0.0000e+00 1.3830e-04 1.0793e-04 2.0882e-04 1.0793e-04 2.0144e-01 0.0000e+00
77 0.0000e+00 1.1290e-04 1.0828e-04 1.8860e-04 1.0828e-04 2.0136e-01 0.0000e+00
78 0.0000e+00 7.9800e-05 1.0855e-04 1.7039e-04 1.0855e-04 2.0130e-01 0.0000e+00
79 0.0000e+00 3.8700e-05 1.0876e-04 1.5398e-04 1.0876e-04 2.0125e-01 0.0000e+00
80 0.0000e+00 0.0000e+00 1.0891e-04 1.3920e-04 1.0891e-04 2.0122e-01 0.0000e+00
81 0.0000e+00 0.0000e+00 1.0901e-04 1.2586e-04 1.0901e-04 2.0121e-01 0.0000e+00
82 0.0000e+00 0.0000e+00 1.0907e-04 1.1384e-04 1.0907e-04 2.0120e-01 0.0000e+00
83 0.0000e+00 0.0000e+00 1.0909e-04 1.0300e-04 1.0909e-04 2.0121e-01 0.0000e+00
84 0.0000e+00 0.0000e+00 1.0907e-04 9.3214e-05 1.0907e-04 2.0122e-01 0.0000e+00
85 0.0000e+00 0.0000e+00 1.0901e-04 8.4383e-05 1.0901e-04 2.0125e-01 0.0000e+00
86 0.0000e+00 0.0000e+00 1.0893e-04 7.6411e-05 1.0893e-04 2.0128e-01 0.0000e+00
87 0.0000e+00 0.0000e+00 1.0882e-04 6.9212e-05 1.0882e-04 2.0132e-01 0.0000e+00
88 0.0000e+00 0.0000e+00 1.0868e-04 6.2708e-05 1.0868e-04 2.0137e-01 0.0000e+00
89 0.0000e+00 0.0000e+00 1.0853e-04 5.6831e-05 1.0853e-04 2.0142e-01 0.0000e+00
90 0.0000e+00 0.0000e+00 1.0835e-04 5.1520e-05 1.0835e-04 2.0148e-01 0.0000e+00
91 0.0000e+00 0.0000e+00 1.0816e-04 4.6717e-05 1.0816e-04 2.0154e-01 0.0000e+00
92 0.0000e+00 0.0000e+00 1.0795e-04 4.2374e-05 1.0795e-04 2.0160e-01 0.0000e+00
93 0.0000e+00 1.9100e-05 1.0773e-04 3.8445e-05 1.0773e-04 2.0167e-01 0.0000e+00
94 0.0000e+00 3.6800e-05 1.0750e-04 3.4890e-05 1.0750e-04 2.0174e-01 0.0000e+00
95 0.0000e+00 5.2100e-05 1.0726e-04 3.1671e-05 1.0726e-04 2.0182e-01 0.0000e+00
96 0.0000e+00 6.3800e-05 1.0700e-04 2.8757e-05 1.0700e-04 2.0190e-01 0.0000e+00
97 5.0000e-04 7.0600e-05 1.0674e-04 2.6118e-05 1.0674e-04 2.0198e-01 0.0000e+00
98 5.0000e-04 7.3700e-05 1.0647e-04 2.3727e-05 1.0647e-04 2.0206e-01 0.0000e+00
99 0.0000e+00 7.0600e-05 1.0620e-04 2.1560e-05 1.0620e-04 2.0215e-01 0.0000e+00
100 0.0000e+00 6.3800e-05 1.0592e-04 1.9596e-05 1.0592e-04 2.0223e-01 0.0000e+00
101 0.0000e+00 5.2100e-05 1.0563e-04 1.7816e-05 1.0563e-04 2.0232e-01 0.0000e+00
102 0.0000e+00 3.6800e-05 1.0534e-04 1.6200e-05 1.0534e-04 2.0241e-01 0.0000e+00
103 0.0000e+00 1.7800e-05 1.0505e-04 1.4735e-05 1.0505e-04 2.0250e-01 0.0000e+00
104 0.0000e+00 0.0000e+00 1.0475e-04 1.3406e-05 1.0475e-04 2.0259e-01 0.0000e+00
105 0.0000e+00 0.0000e+00 1.0445e-04 1.2199e-05 1.0445e-04 2.0268e-01 0.0000e+00
106 0.0000e+00 0.0000e+00 1.0415e-04 1.1104e-05 1.0415e-04 2.0278e-01 0.0000e+00
107 0.0000e+00 0.0000e+00 1.0385e-04 1.0109e-05 1.0385e-04 2.0287e-01 0.0000e+00
108 0.0000e+00 0.0000e+00 1.0355e-04 9.2052e-06 1.0355e-04 2.0296e-01 0.0000e+00
109 0.0000e+00 0.0000e+00 1.0324e-04 8.3842e-06 1.0324e-04 2.0306e-01 0.0000e+00
110 0.0000e+00 0.0000e+00 1.0294e-04 7.6380e-06 1.0294e-04 2.0315e-01 0.0000e+00
111 5.0000e-04 0.0000e+00 1.0263e-04 6.9598e-06 1.0263e-04 2.0325e-01 0.0000e+00
112 0.0000e+00 0.0000e+00 1.0232e-04 6.3431e-06 1.0232e-04 2.0335e-01 0.0000e+00
113 0.0000e+00 0.0000e+00 1.0202e-04 5.7823e-06 1.0202e-04 2.0344e-01 0.0000e+00
114 0.0000e+00 0.0000e+00 1.0171e-04 5.2721e-06 1.0171e-04 2.0354e-01 0.0000e+00
115 0.0000e+00 0.0000e+00 1.0141e-04 4.8075e-06 1.0141e-04 2.0364e-01 0.0000e+00
116 0.0000e+00 0.0000e+00 1.0110e-04 4.3852e-06 1.0110e-04 2.0373e-01 0.0000e+00
117 0.0000e+00 1.0200e-05 1.0080e-04 4.0007e-06 1.0080e-04 2.0383e-01 0.0000e+00
118 0.0000e+00 1.9800e-05 1.0049e-04 3.6507e-06 1.0049e-04 2.0393e-01 0.0000e+00
119 0.0000e+00 2.8000e-05 1.0019e-04 3.3319e-06 1.0019e-04 2.0402e-01 0.0000e+00
120 0.0000e+00 3.4200e-05 9.9885e-05 3.0416e-06 9.9885e-05 2.0412e-01 0.0000e+00
121 0.0000e+00 3.7900e-05 9.9583e-05 2.7770e-06 9.9583e-05 2.0422e-01 0.0000e+00
122 0.0000e+00 3.9500e-05 9.9282e-05 2.5360e-06 9.9282e-05 2.0431e-01 0.0000e+00
123 0.0000e+00 3.7900e-05 9.8982e-05 2.3163e-06 9.8982e-05 2.0441e-01 0.0000e+00
124 0.0000e+00 3.4200e-05 9.8684e-05 2.1160e-06 9.8684e-05 2.0451e-01 0.0000e+00
125 0.0000e+00 2.8000e-05 9.8386e-05 1.9333e-06 9.8386e-05 2.0460e-01 0.0000e+00
126 0.0000e+00 1.9800e-05 9.8090e-05 1.7668e-06 9.8090e-05 2.0470e-01 0.0000e+00
127 0.0000e+00 9.6000e-06 9.7795e-05 1.6144e-06 9.7795e-05 2.0480e-01 0.0000e+00
128 0.0000e+00 0.0000e+00 9.7502e-05 1.4759e-06 9.7502e-05 2.0489e-01 0.0000e+00
129 0.0000e+00 0.0000e+00 9.7210e-05 1.3495e-06 9.7210e-05 2.0499e-01 0.0000e+00
130 0.0000e+00 0.0000e+00 9.6919e-05 1.2341e-06 9.6919e-05 2.0508e-01 0.0000e+00
131 0.0000e+00 0.0000e+00 9.6630e-05 1.1288e-06 9.6630e-05 2.0518e-01 0.0000e+00
132 0.0000e+00 0.0000e+00 9.6342e-05 1.0326e-06 9.6342e-05 2.0527e-01 0.0000e+00
133 0.0000e+00 0.0000e+00 9.6055e-05 9.4476e-07 9.6055e-05 2.0537e-01 0.0000e+00
134 0.0000e+00 0.0000e+00 9.5770e-05 8.6455e-07 9.5770e-05 2.0546e-01 0.0000e+00
135 0.0000e+00 0.0000e+00 9.5486e-05 7.9127e-07 9.5486e-05 2.0556e-01 0.0000e+00
136 0.0000e+00 0.0000e+00 9.5204e-05 7.2432e-07 9.5204e-05 2.0565e-01 0.0000e+00
137 0.0000e+00 0.0000e+00 9.4924e-05 6.6313e-07 9.4924e-05 2.0575e-01 0.0000e+00
138 0.0000e+00 0.0000e+00 9.4644e-05 6.0721e-07 9.4644e-05 2.0584e-01 0.0000e+00
139 0.0000e+00 0.0000e+00 9.4367e-05 5.5608e-07 9.4367e-05 2.0593e-01 0.0000e+00
140 0.0000e+00 0.0000e+00 9.4090e-05 5.0863e-07 9.4090e-05 2.0603e-01 0.0000e+00
141 5.0000e-04 4.1400e-05 9.3816e-05 4.6598e-07 9.3816e-05 2.0612e-01 0.0000e+00
142 0.0000e+00 7.9900e-05 9.3542e-05 4.2697e-07 9.3542e-05 2.0621e-01 0.0000e+00
143 0.0000e+00 1.1300e-04 9.3271e-05 3.9128e-07 9.3271e-05 2.0631e-01 0.0000e+00
144 0.0000e+00 1.3840e-04 9.3000e-05 3.5862e-07 9.3000e-05 2.0640e-01 0.0000e+00
145 0.0000e+00 1.5310e-04 9.2731e-05 3.2874e-07 9.2731e-05 2.0649e-01 0.0000e+00
146 0.0000e+00 1.5990e-04 9.2464e-05 3.0138e-07 9.2464e-05 2.0659e-01 0.0000e+00
147 0.0000e+00 1.5310e-04 9.2198e-05 2.7635e-07 9.2198e-05 2.0668e-01 0.0000e+00
148 0.0000e+00 1.3840e-04 9.1934e-05 2.5342e-07 9.1934e-05 2.0677e-01 0.0000e+00
149 0.0000e+00 1.1300e-04 9.1671e-05 2.3243e-07 9.1671e-05 2.0686e-01 0.0000e+00
150 0.0000e+00 7.9900e-05 9.1409e-05 2.1321e-07 9.1409e-05 2.0695e-01 0.0000e+00
151 0.0000e+00 3.8700e-05 9.1149e-05 1.9560e-07 9.1149e-05 2.0704e-01 0.0000e+00
152 0.0000e+00 0.0000e+00 9.0890e-05 1.7947e-07 9.0890e-05 2.0713e-01 0.0000e+00
153 0.0000e+00 0.0000e+00 9.0633e-05 1.6351e-07 9.0633e-05 2.0722e-01 0.0000e+00
154 0.0000e+00 0.0000e+00 9.0377e-05 1.5010e-07 9.0377e-05 2.0731e-01 0.0000e+00
155 0.0000e+00 0.0000e+00 9.0123e-05 1.3781e-07 9.0123e-05 2.0740e-01 0.0000e+00
156 0.0000e+00 0.0000e+00 8.9870e-05 1.2654e-07 8.9870e-05 2.0749e-01 0.0000e+00
157 0.0000e+00 0.0000e+00 8.9618e-05 1.1621e-07 8.9618e-05 2.0758e-01 0.0000e+00
158 0.0000e+00 0.0000e+00 8.9368e-05 1.0673e-07 8.9368e-05 2.0767e-01 0.0000e+00
159 0.0000e+00 0.0000e+00 8.9119e-05 9.8038e-08 8.9119e-05 2.0776e-01 0.0000e+00
160 0.0000e+00 0.0000e+00 8.8871e-05 9.0063e-08 8.8871e-05 2.0785e-01 0.0000e+00
161 0.0000e+00 0.0000e+00 8.8625e-05 8.2746e-08 8.8625e-05 2.0794e-01 0.0000e+00
162 0.0000e+00 0.0000e+00 8.8380e-05 7.6032e-08 8.8380e-05 2.0803e-01 0.0000e+00
163 0.0000e+00 0.0000e+00 8.8136e-05 6.9870e-08 8.8136e-05 2.0811e-01 0.0000e+00
164 0.0000e+00 0.0000e+00 8.7894e-05 6.4215e-08 8.7894e-05 2.0820e-01 0.0000e+00
165 0.0000e+00 1.7800e-05 8.7653e-05 5.9025e-08 8.7653e-05 2.0829e-01 0.0000e+00
166 0.0000e+00 3.4400e-05 8.7414e-05 5.2637e-08 8.7414e-05 2.0838e-01 0.0000e+00
167 0.0000e+00 4.8600e-05 8.7175e-05 4.8429e-08 8.7175e-05 2.0846e-01 0.0000e+00
168 0.0000e+00 5.9500e-05 8.6938e-05 4.4562e-08 8.6938e-05 2.0855e-01 0.0000e+00
169 0.0000e+00 6.5900e-05 8.6703e-05 4.1007e-08 8.6703e-05 2.0864e-01 0.0000e+00
170 0.0000e+00 6.8800e-05 8.6468e-05 3.7739e-08 8.6468e-05 2.0872e-01 0.0000e+00
171 0.0000e+00 6.5900e-05 8.6235e-05 3.4735e-08 8.6235e-05 2.0881e-01 0.0000e+00
172 0.0000e+00 5.9500e-05 8.6003e-05 3.1972e-08 8.6003e-05 2.0890e-01 0.0000e+00
173 0.0000e+00 4.8600e-05 8.5772e-05 2.9432e-08 8.5772e-05 2.0898e-01 0.0000e+00
174 0.0000e+00 3.4400e-05 8.5543e-05 2.7096e-08 8.5543e-05 2.0907e-01 0.0000e+00
175 0.0000e+00 1.6600e-05 8.5314e-05 2.4948e-08 8.5314e-05 2.0915e-01 0.0000e+00
176 0.0000e+00 0.0000e+00 8.5087e-05 2.2972e-08 8.5087e-05 2.0924e-01 0.0000e+00
177 0.0000e+00 0.0000e+00 8.4861e-05 2.1155e-08 8.4861e-05 2.0932e-01 0.0000e+00
178 0.0000e+00 0.0000e+00 8.4637e-05 1.9482e-08 8.4637e-05 2.0941e-01 0.0000e+00
179 0.0000e+00 0.0000e+00 8.4413e-05 1.6184e-08 8.4413e-05 2.0949e-01 0.0000e+00
180 0.0000e+00 0.0000e+00 8.4191e-05 1.4932e-08 8.4191e-05 2.0958e-01 0.0000e+00
181 0.0000e+00 0.0000e+00 8.3970e-05 1.3778e-08 8.3970e-05 2.0966e-01 0.0000e+00
182 0.0000e+00 0.0000e+00 8.3750e-05 1.2713e-08 8.3750e-05 2.0974e-01 0.0000e+00
183 0.0000e+00 0.0000e+00 8.3531e-05 1.1732e-08 8.3531e-05 2.0983e-01 0.0000e+00
184 0.0000e+00 0.0000e+00 8.3313e-05 1.0827e-08 8.3313e-05 2.0991e-01 0.0000e+00
185 0.0000e+00 0.0000e+00 8.3096e-05 9.9921e-09 8.3096e-05 2.0999e-01 0.0000e+00
186 0.0000e+00 0.0000e+00 8.2881e-05 9.2224e-09 8.2881e-05 2.1008e-01 0.0000e+00
187 0.0000e+00 0.0000e+00 8.2667e-05 8.5126e-09 8.2667e-05 2.1016e-01 0.0000e+00
188 0.0000e+00 0.0000e+00 8.2453e-05 7.8579e-09 8.2453e-05 2.1024e-01 0.0000e+00
189 0.0000e+00 4.5600e-05 8.2241e-05 7.2540e-09 8.2241e-05 2.1032e-01 0.0000e+00
190 5.0000e-04 8.7900e-05 8.2030e-05 6.6969e-09 8.2030e-05 2.1041e-01 0.0000e+00
191 0.0000e+00 1.2440e-04 8.1820e-05 6.1830e-09 8.1820e-05 2.1049e-01 0.0000e+00
192 0.0000e+00 1.5230e-04 8.1611e-05 4.3205e-09 8.1611e-05 2.1057e-01 0.0000e+00
193 0.0000e+00 1.6850e-04 8.1403e-05 4.0001e-09 8.1403e-05 2.1065e-01 0.0000e+00
194 0.0000e+00 1.7590e-04 8.1196e-05 3.7037e-09 8.1196e-05 2.1073e-01 0.0000e+00
195 0.0000e+00 1.6850e-04 8.0991e-05 3.4293e-09 8.0991e-05 2.1081e-01 0.0000e+00
196 0.0000e+00 1.5230e-04 8.0786e-05 3.1754e-09 8.0786e-05 2.1089e-01 0.0000e+00
197 0.0000e+00 1.2440e-04 8.0582e-05 2.9404e-09 8.0582e-05 2.1097e-01 0.0000e+00
198 0.0000e+00 8.7900e-05 8.0380e-05 2.7229e-09 8.0380e-05 2.1106e-01 0.0000e+00
199 0.0000e+00 4.2600e-05 8.0178e-05 2.5216e-09 8.0178e-05 2.1114e-01 0.0000e+00
200 0.0000e+00 0.0000e+00 7.9977e-05 2.3353e-09 7.9977e-05 2.1122e-01 0.0000e+00
201 0.0000e+00 0.0000e+00 7.9778e-05 2.1628e-09 7.9778e-05 2.1130e-01 0.0000e+00
202 0.0000e+00 0.0000e+00 7.9579e-05 2.0032e-09 7.9579e-05 2.1137e-01 0.0000e+00
203 0.0000e+00 0.0000e+00 7.9381e-05 1.8554e-09 7.9381e-05 2.1145e-01 0.0000e+00
204 0.0000e+00 0.0000e+00 7.9185e-05 1.7186e-09 7.9185e-05 2.1153e-01 0.0000e+00
205 0.0000e+00 0.0000e+00 7.8989e-05 8.4550e-10 7.8989e-05 2.1161e-01 0.0000e+00
206 0.0000e+00 0.0000e+00 7.8794e-05 7.8593e-10 7.8794e-05 2.1169e-01 0.0000e+00
207 0.0000e+00 0.0000e+00 7.8601e-05 7.3058e-10 7.8601e-05 2.1177e-01 0.0000e+00
208 0.0000e+00 0.0000e+00 7.8408e-05 6.7915e-10 7.8408e-05 2.1185e-01 0.0000e+00
209 0.0000e+00 0.0000e+00 7.8216e-05 6.3136e-10 7.8216e-05 2.1193e-01 0.0000e+00
210 0.0000e+00 0.0000e+00 7.8025e-05 5.8694e-10 7.8025e-05 2.1200e-01 0.0000e+00
211 0.0000e+00 0.0000e+00 7.7835e-05 5.4566e-10 7.7835e-05 2.1208e-01 0.0000e+00
212 0.0000e+00 0.0000e+00 7.7646e-05 5.0730e-10 7.7646e-05 2.1216e-01 0.0000e+00
213 0.0000e+00 4.9000e-05 7.7458e-05 4.7165e-10 7.7458e-05 2.1224e-01 0.0000e+00
214 0.0000e+00 9.4600e-05 7.7270e-05 4.3852e-10 7.7270e-05 2.1231e-01 0.0000e+00
215 0.0000e+00 1.3380e-04 7.7084e-05 4.0772e-10 7.7084e-05 2.1239e-01 0.0000e+00
216 0.0000e+00 1.6380e-04 7.6899e-05 3.7910e-10 7.6899e-05 2.1247e-01 0.0000e+00
217 0.0000e+00 1.8130e-04 7.6714e-05 3.5250e-10 7.6714e-05 2.1255e-01 0.0000e+00
218 0.0000e+00 1.8920e-04 7.6530e-05 8.4664e-11 7.6530e-05 2.1262e-01 0.0000e+00
219 0.0000e+00 1.8130e-04 7.6348e-05 7.9031e-11 7.6348e-05 2.1270e-01 0.0000e+00
220 0.0000e+00 1.6380e-04 7.6166e-05 7.3775e-11 7.6166e-05 2.1277e-01 0.0000e+00
221 0.0000e+00 1.3380e-04 7.5985e-05 6.8869e-11 7.5985e-05 2.1285e-01 0.0000e+00
222 0.0000e+00 9.4600e-05 7.5804e-05 6.4291e-11 7.5804e-05 2.1293e-01 0.0000e+00
223 0.0000e+00 4.5800e-05 7.5625e-05 6.0018e-11 7.5625e-05 2.1300e-01 0.0000e+00
224 0.0000e+00 0.0000e+00 7.5446e-05 5.6030e-11 7.5446e-05 2.1308e-01 0.0000e+00
225 0.0000e+00 0.0000e+00 7.5269e-05 5.2308e-11 7.5269e-05 2.1315e-01 0.0000e+00
226 0.0000e+00 0.0000e+00 7.5092e-05 4.8834e-11 7.5092e-05 2.1323e-01 0.0000e+00
227 0.0000e+00 0.0000e+00 7.4916e-05 4.5592e-11 7.4916e-05 2.1330e-01 0.0000e+00
228 0.0000e+00 0.0000e+00 7.4741e-05 4.2566e-11 7.4741e-05 2.1338e-01 0.0000e+00
229 0.0000e+00 0.0000e+00 7.4566e-05 3.9741e-11 7.4566e-05 2.1345e-01 0.0000e+00
230 0.0000e+00 0.0000e+00 7.4393e-05 3.7105e-11 7.4393e-05 2.1353e-01 0.0000e+00
231 0.0000e+00 0.0000e+00 7.4220e-05 0.0000e+00 7.4220e-05 2.1360e-01 0.0000e+00
232 0.0000e+00 0.0000e+00 7.4048e-05 0.0000e+00 7.4048e-05 2.1367e-01 0.0000e+00
233 0.0000e+00 0.0000e+00 7.3877e-05 0.0000e+00 7.3877e-05 2.1375e-01 0.0000e+00
234 0.0000e+00 0.0000e+00 7.3707e-05 0.0000e+00 7.3707e-05 2.1382e-01 0.0000e+00
235 0.0000e+00 0.0000e+00 7.3537e-05 0.0000e+00 7.3537e-05 2.1390e-01 0.0000e+00
236 0.0000e+00 0.0000e+00 7.3368e-05 0.0000e+00 7.3368e-05 2.1397e-01 0.0000e+00
237 0.0000e+00 5.1700e-05 7.3200e-05 0.0000e+00 7.3200e-05 2.1404e-01 0.0000e+00
238 0.0000e+00 9.9800e-05 7.3033e-05 0.0000e+00 7.3033e-05 2.1411e-01 0.0000e+00
239 0.0000e+00 1.4120e-04 7.2866e-05 0.0000e+00 7.2866e-05 2.1419e-01 0.0000e+00
240 0.0000e+00 1.7290e-04 7.2701e-05 0.0000e+00 7.2701e-05 2.1426e-01 0.0000e+00
241 5.0000e-04 1.9130e-04 7.2536e-05 0.0000e+00 7.2536e-05 2.1433e-01 0.0000e+00
242 1.0000e-03 1.9970e-04 7.2372e-05 0.0000e+00 7.2372e-05 2.1441e-01 0.0000e+00
243 0.0000e+00 1.9130e-04 7.2208e-05 0.0000e+00 7.2208e-05 2.1448e-01 0.0000e+00
244 0.0000e+00 1.7290e-04 7.2045e-05 0.0000e+00 7.2045e-05 2.1455e-01 0.0000e+00
245 0.0000e+00 1.4120e-04 7.1883e-05 0.0000e+00 7.1883e-05 2.1462e-01 0.0000e+00
246 0.0000e+00 9.9800e-05 7.1722e-05 0.0000e+00 7.1722e-05 2.1469e-01 0.0000e+00
247 0.0000e+00 4.8300e-05 7.1561e-05 0.0000e+00 7.1561e-05 2.1476e-01 0.0000e+00
248 0.0000e+00 0.0000e+00 7.1402e-05 0.0000e+00 7.1402e-05 2.1484e-01 0.0000e+00
249 0.0000e+00 0.0000e+00 7.1242e-05 0.0000e+00 7.1242e-05 2.1491e-01 0.0000e+00
250 0.0000e+00 0.0000e+00 7.1084e-05 0.0000e+00 7.1084e-05 2.1498e-01 0.0000e+00
251 0.0000e+00 0.0000e+00 7.0926e-05 0.0000e+00 7.0926e-05 2.1505e-01 0.0000e+00
252 0.0000e+00 0.0000e+00 7.0769e-05 0.0000e+00 7.0769e-05 2.1512e-01 0.0000e+00
253 1.0000e-03 0.0000e+00 7.0613e-05 0.0000e+00 7.0613e-05 2.1519e-01 0.0000e+00
254 0.0000e+00 0.0000e+00 7.0457e-05 0.0000e+00 7.0457e-05 2.1526e-01 0.0000e+00
255 0.0000e+00 0.0000e+00 7.0302e-05 0.0000e+00 7.0302e-05 2.1533e-01 0.0000e+00
256 0.0000e+00 0.0000e+00 7.0148e-05 0.0000e+00 7.0148e-05 2.1540e-01 0.0000e+00
257 0.0000e+00 0.0000e+00 6.9994e-05 0.0000e+00 6.9994e-05 2.1547e-01 0.0000e+00
258 0.0000e+00 0.0000e+00 6.9841e-05 0.0000e+00 6.9841e-05 2.1554e-01 0.0000e+00
259 0.0000e+00 0.0000e+00 6.9689e-05 0.0000e+00 6.9689e-05 2.1561e-01 0.0000e+00
260 0.0000e+00 0.0000e+00 6.9538e-05 0.0000e+00 6.9538e-05 2.1568e-01 0.0000e+00
261 0.0000e+00 7.5200e-05 6.9387e-05 0.0000e+00 6.9387e-05 2.1575e-01 0.0000e+00
262 1.0000e-03 1.4510e-04 6.9236e-05 0.0000e+00 6.9236e-05 2.1582e-01 0.0000e+00
263 0.0000e+00 2.0520e-04 6.9087e-05 0.0000e+00 6.9087e-05 2.1589e-01 0.0000e+00
264 0.0000e+00 2.5130e-04 6.8938e-05 0.0000e+00 6.8938e-05 2.1596e-01 0.0000e+00
265 0.0000e+00 2.7800e-04 6.8789e-05 0.0000e+00 6.8789e-05 2.1603e-01 0.0000e+00
266 0.0000e+00 2.9030e-04 6.8642e-05 0.0000e+00 6.8642e-05 2.1609e-01 0.0000e+00
267 0.0000e+00 2.7800e-04 6.8495e-05 0.0000e+00 6.8495e-05 2.1616e-01 0.0000e+00
268 0.0000e+00 2.5130e-04 6.8348e-05 0.0000e+00 6.8348e-05 2.1623e-01 0.0000e+00
269 0.0000e+00 2.0520e-04 6.8202e-05 0.0000e+00 6.8202e-05 2.1630e-01 0.0000e+00
270 0.0000e+00 1.4510e-04 6.8057e-05 0.0000e+00 6.8057e-05 2.1637e-01 0.0000e+00
271 0.0000e+00 7.0200e-05 6.7912e-05 0.0000e+00 6.7912e-05 2.1644e-01 0.0000e+00
272 0.0000e+00 0.0000e+00 6.7769e-05 0.0000e+00 6.7769e-05 2.1650e-01 0.0000e+00
273 0.0000e+00 0.0000e+00 6.7625e-05 0.0000e+00 6.7625e-05 2.1657e-01 0.0000e+00
274 0.0000e+00 0.0000e+00 6.7482e-05 0.0000e+00 6.7482e-05 2.1664e-01 0.0000e+00
275 0.0000e+00 0.0000e+00 6.7340e-05 0.0000e+00 6.7340e-05 2.1671e-01 0.0000e+00
276 0.0000e+00 0.0000e+00 6.7199e-05 0.0000e+00 6.7199e-05 2.1677e-01 0.0000e+00
277 0.0000e+00 0.0000e+00 6.7058e-05 0.0000e+00 6.7058e-05 2.1684e-01 0.0000e+00
278 0.0000e+00 0.0000e+00 6.6917e-05 0.0000e+00 6.6917e-05 2.1691e-01 0.0000e+00
279 0.0000e+00 0.0000e+00 6.6778e-05 0.0000e+00 6.6778e-05 2.1697e-01 0.0000e+00
280 0.0000e+00 0.0000e+00 6.6638e-05 0.0000e+00 6.6638e-05 2.1704e-01 0.0000e+00
281 0.0000e+00 0.0000e+00 6.6500e-05 0.0000e+00 6.6500e-05 2.1711e-01 0.0000e+00
282 0.0000e+00 0.0000e+00 6.6362e-05 0.0000e+00 6.6362e-05 2.1717e-01 0.0000e+00
283 1.0000e-03 0.0000e+00 6.6224e-05 0.0000e+00 6.6224e-05 2.1724e-01 0.0000e+00
284 5.0000e-04 0.0000e+00 6.6087e-05 0.0000e+00 6.6087e-05 2.1731e-01 0.0000e+00
285 2.5000e-03 2.4400e-05 6.7752e-05 1.6250e-05 6.5951e-05 2.1736e-01 1.8008e-06
286 6.0000e-03 4.7000e-05 1.3291e-04 6.1860e-04 6.5849e-05 2.1680e-01 6.7058e-05
287 4.0000e-03 6.6500e-05 1.1136e-04 9.2453e-04 6.6996e-05 2.1595e-01 4.4361e-05
288 1.5000e-03 8.1400e-05 8.4902e-05 9.5147e-04 6.8815e-05 2.1506e-01 1.6087e-05
289 0.0000e+00 9.0100e-05 7.0740e-05 8.4202e-04 7.0740e-05 2.1429e-01 0.0000e+00
290 0.0000e+00 9.4000e-05 7.2466e-05 7.5273e-04 7.2466e-05 2.1361e-01 0.0000e+00
291 5.0000e-04 9.0100e-05 7.6660e-05 6.9884e-04 7.4023e-05 2.1299e-01 2.6368e-06
292 0.0000e+00 8.1400e-05 7.5482e-05 6.2599e-04 7.5482e-05 2.1244e-01 0.0000e+00
293 0.0000e+00 6.6500e-05 7.6792e-05 5.6237e-04 7.6792e-05 2.1195e-01 0.0000e+00
294 1.5000e-03 4.7000e-05 9.2133e-05 6.3770e-04 7.7966e-05 2.1139e-01 1.4166e-05
295 1.0000e-03 2.2800e-05 9.0037e-05 6.6608e-04 7.9342e-05 2.1080e-01 1.0695e-05
296 0.0000e+00 0.0000e+00 8.0810e-05 5.9218e-04 8.0810e-05 2.1029e-01 0.0000e+00
297 0.0000e+00 0.0000e+00 8.2112e-05 5.3124e-04 8.2112e-05 2.0984e-01 0.0000e+00
298 0.0000e+00 0.0000e+00 8.3273e-05 4.7738e-04 8.3273e-05 2.0945e-01 0.0000e+00
299 0.0000e+00 0.0000e+00 8.4304e-05 4.2946e-04 8.4304e-05 2.0910e-01 0.0000e+00
300 0.0000e+00 0.0000e+00 8.5219e-05 3.8666e-04 8.5219e-05 2.0880e-01 0.0000e+00
301 0.0000e+00 0.0000e+00 8.6025e-05 3.4836e-04 8.6025e-05 2.0854e-01 0.0000e+00
302 0.0000e+00 0.0000e+00 8.6733e-05 3.1403e-04 8.6733e-05 2.0831e-01 0.0000e+00
303 0.0000e+00 0.0000e+00 8.7352e-05 2.8322e-04 8.7352e-05 2.0812e-01 0.0000e+00
304 0.0000e+00 0.0000e+00 8.7888e-05 2.5555e-04 8.7888e-05 2.0795e-01 0.0000e+00
305 0.0000e+00 0.0000e+00 8.8350e-05 2.3068e-04 8.8350e-05 2.0781e-01 0.0000e+00
306 0.0000e+00 0.0000e+00 8.8743e-05 2.0832e-04 8.8743e-05 2.0769e-01 0.0000e+00
307 0.0000e+00 0.0000e+00 8.9076e-05 1.8820e-04 8.9076e-05 2.0759e-01 0.0000e+00
308 0.0000e+00 0.0000e+00 8.9352e-05 1.7008e-04 8.9352e-05 2.0751e-01 0.0000e+00
309 0.0000e+00 2.8800e-05 8.9578e-05 1.5377e-04 8.9578e-05 2.0744e-01 0.0000e+00
310 5.0000e-04 5.5500e-05 9.4790e-05 1.8730e-04 8.9758e-05 2.0735e-01 5.0321e-06
311 0.0000e+00 7.8500e-05 9.0032e-05 1.6582e-04 9.0032e-05 2.0727e-01 0.0000e+00
312 0.0000e+00 9.6200e-05 9.0245e-05 1.4902e-04 9.0245e-05 2.0721e-01 0.0000e+00
313 0.0000e+00 1.0640e-04 9.0411e-05 1.3421e-04 9.0411e-05 2.0717e-01 0.0000e+00
314 0.0000e+00 1.1110e-04 9.0535e-05 1.2104e-04 9.0535e-05 2.0714e-01 0.0000e+00
315 0.0000e+00 1.0640e-04 9.0621e-05 1.0926e-04 9.0621e-05 2.0712e-01 0.0000e+00
316 0.0000e+00 9.6200e-05 9.0674e-05 9.8701e-05 9.0674e-05 2.0711e-01 0.0000e+00
317 5.0000e-04 7.8500e-05 9.0697e-05 8.9216e-05 9.0697e-05 2.0711e-01 0.0000e+00
318 1.0000e-03 5.5500e-05 9.9390e-05 1.6422e-04 9.0693e-05 2.0704e-01 8.6973e-06
319 5.0000e-04 2.6900e-05 9.5889e-05 1.9014e-04 9.0901e-05 2.0694e-01 4.9882e-06
320 0.0000e+00 0.0000e+00 9.1184e-05 1.6658e-04 9.1184e-05 2.0686e-01 0.0000e+00
321 0.0000e+00 0.0000e+00 9.1399e-05 1.4852e-04 9.1399e-05 2.0681e-01 0.0000e+00
322 1.0000e-03 0.0000e+00 1.0248e-04 2.3802e-04 9.1562e-05 2.0666e-01 1.0920e-05
323 1.0000e-03 0.0000e+00 1.0320e-04 3.1441e-04 9.1982e-05 2.0644e-01 1.1222e-05
324 0.0000e+00 0.0000e+00 9.2624e-05 2.7319e-04 9.2624e-05 2.0626e-01 0.0000e+00
325 0.0000e+00 0.0000e+00 9.3148e-05 2.4276e-04 9.3148e-05 2.0611e-01 0.0000e+00
326 0.0000e+00 0.0000e+00 9.3584e-05 2.1664e-04 9.3584e-05 2.0598e-01 0.0000e+00
327 0.0000e+00 0.0000e+00 9.3945e-05 1.9380e-04 9.3945e-05 2.0588e-01 0.0000e+00
328 0.0000e+00 0.0000e+00 9.4238e-05 1.7367e-04 9.4238e-05 2.0581e-01 0.0000e+00
329 0.0000e+00 0.0000e+00 9.4473e-05 1.5583e-04 9.4473e-05 2.0574e-01 0.0000e+00
330 0.0000e+00 0.0000e+00 9.4654e-05 1.3998e-04 9.4654e-05 2.0570e-01 0.0000e+00
331 0.0000e+00 0.0000e+00 9.4788e-05 1.2585e-04 9.4788e-05 2.0567e-01 0.0000e+00
332 0.0000e+00 0.0000e+00 9.4880e-05 1.1325e-04 9.4880e-05 2.0565e-01 0.0000e+00
333 0.0000e+00 1.1200e-05 9.4935e-05 1.0198e-04 9.4935e-05 2.0564e-01 0.0000e+00
334 0.0000e+00 2.1600e-05 9.4956e-05 9.1900e-05 9.4956e-05 2.0565e-01 0.0000e+00
335 0.0000e+00 3.0600e-05 9.4946e-05 8.2866e-05 9.4946e-05 2.0566e-01 0.0000e+00
336 0.0000e+00 3.7400e-05 9.4911e-05 7.4763e-05 9.4911e-05 2.0568e-01 0.0000e+00
337 0.0000e+00 4.1400e-05 9.4851e-05 6.7490e-05 9.4851e-05 2.0570e-01 0.0000e+00
338 5.0000e-04 4.3200e-05 9.8787e-05 9.9902e-05 9.4770e-05 2.0570e-01 4.0170e-06
339 5.0000e-04 4.1400e-05 9.9911e-05 1.3692e-04 9.4785e-05 2.0566e-01 5.1262e-06
340 1.5000e-03 3.7400e-05 1.1128e-04 2.7774e-04 9.4910e-05 2.0547e-01 1.6368e-05
341 1.5000e-03 3.0600e-05 1.1187e-04 3.9647e-04 9.5454e-05 2.0517e-01 1.6413e-05
342 1.0000e-03 2.1600e-05 1.0723e-04 4.4743e-04 9.6356e-05 2.0482e-01 1.0879e-05
343 5.0000e-04 1.0500e-05 1.0279e-04 4.4229e-04 9.7419e-05 2.0448e-01 5.3686e-06
344 1.0000e-03 0.0000e+00 1.0958e-04 4.9776e-04 9.8474e-05 2.0408e-01 1.1104e-05
345 5.0000e-04 0.0000e+00 1.0532e-04 4.9080e-04 9.9711e-05 2.0369e-01 5.6110e-06
346 0.0000e+00 0.0000e+00 1.0094e-04 4.3286e-04 1.0094e-04 2.0336e-01 0.0000e+00
347 0.0000e+00 0.0000e+00 1.0199e-04 3.8544e-04 1.0199e-04 2.0307e-01 0.0000e+00
348 0.0000e+00 0.0000e+00 1.0290e-04 3.4411e-04 1.0290e-04 2.0283e-01 0.0000e+00
349 0.0000e+00 0.0000e+00 1.0368e-04 3.0770e-04 1.0368e-04 2.0263e-01 0.0000e+00
350 0.0000e+00 0.0000e+00 1.0434e-04 2.7548e-04 1.0434e-04 2.0246e-01 0.0000e+00
351 0.0000e+00 0.0000e+00 1.0490e-04 2.4689e-04 1.0490e-04 2.0231e-01 0.0000e+00
352 0.0000e+00 0.0000e+00 1.0536e-04 2.2146e-04 1.0536e-04 2.0220e-01 0.0000e+00
353 5.0000e-04 0.0000e+00 1.1136e-04 2.5455e-04 1.0575e-04 2.0205e-01 5.6110e-06
354 0.0000e+00 0.0000e+00 1.0624e-04 2.2419e-04 1.0624e-04 2.0193e-01 0.0000e+00
355 0.0000e+00 0.0000e+00 1.0663e-04 2.0045e-04 1.0663e-04 2.0184e-01 0.0000e+00
356 0.0000e+00 0.0000e+00 1.0695e-04 1.7965e-04 1.0695e-04 2.0176e-01 0.0000e+00
357 0.0000e+00 7.2300e-05 1.0719e-04 1.6122e-04 1.0719e-04 2.0171e-01 0.0000e+00
358 0.0000e+00 1.3960e-04 1.0737e-04 1.4482e-04 1.0737e-04 2.0167e-01 0.0000e+00
359 0.0000e+00 1.9750e-04 1.0750e-04 1.3019e-04 1.0750e-04 2.0165e-01 0.0000e+00
360 0.0000e+00 2.4180e-04 1.0757e-04 1.1712e-04 1.0757e-04 2.0164e-01 0.0000e+00
361 0.0000e+00 2.6750e-04 1.0760e-04 1.0543e-04 1.0760e-04 2.0164e-01 0.0000e+00
362 0.0000e+00 2.7930e-04 1.0760e-04 9.4962e-05 1.0760e-04 2.0166e-01 0.0000e+00
363 0.0000e+00 2.6750e-04 1.0755e-04 8.5582e-05 1.0755e-04 2.0168e-01 0.0000e+00
364 0.0000e+00 2.4180e-04 1.0748e-04 7.7168e-05 1.0748e-04 2.0171e-01 0.0000e+00
365 0.0000e+00 1.9750e-04 1.0738e-04 6.9615e-05 1.0738e-04 2.0175e-01 0.0000e+00
366 0.0000e+00 1.3960e-04 1.0725e-04 6.2831e-05 1.0725e-04 2.0179e-01 0.0000e+00
367 0.0000e+00 6.7600e-05 1.0710e-04 5.6733e-05 1.0710e-04 2.0184e-01 0.0000e+00
368 0.0000e+00 0.0000e+00 1.0693e-04 5.1249e-05 1.0693e-04 2.0190e-01 0.0000e+00
369 0.0000e+00 0.0000e+00 1.0675e-04 4.6314e-05 1.0675e-04 2.0196e-01 0.0000e+00
370 0.0000e+00 0.0000e+00 1.0655e-04 4.1871e-05 1.0655e-04 2.0202e-01 0.0000e+00
371 0.0000e+00 0.0000e+00 1.0633e-04 3.7868e-05 1.0633e-04 2.0209e-01 0.0000e+00
372 0.0000e+00 0.0000e+00 1.0611e-04 3.4261e-05 1.0611e-04 2.0216e-01 0.0000e+00
373 5.0000e-04 0.0000e+00 1.0587e-04 3.1009e-05 1.0587e-04 2.0224e-01 0.0000e+00
374 7.5000e-03 0.0000e+00 1.7610e-04 6.8114e-04 1.0562e-04 2.0166e-01 7.0478e-05
375 4.5000e-03 0.0000e+00 1.5927e-04 1.0666e-03 1.0754e-04 2.0070e-01 5.1738e-05
376 2.5000e-03 0.0000e+00 1.3886e-04 1.1934e-03 1.1081e-04 1.9962e-01 2.8055e-05
377 5.0000e-04 0.0000e+00 1.2023e-04 1.0924e-03 1.1462e-04 1.9864e-01 5.6110e-06
378 0.0000e+00 0.0000e+00 1.1818e-04 9.6326e-04 1.1818e-04 1.9780e-01 0.0000e+00
379 0.0000e+00 0.0000e+00 1.2134e-04 8.5538e-04 1.2134e-04 1.9706e-01 0.0000e+00
380 0.0000e+00 0.0000e+00 1.2416e-04 7.6106e-04 1.2416e-04 1.9643e-01 0.0000e+00
381 0.0000e+00 1.7400e-05 1.2665e-04 6.7800e-04 1.2665e-04 1.9587e-01 0.0000e+00
382 0.0000e+00 3.3600e-05 1.2885e-04 6.0461e-04 1.2885e-04 1.9540e-01 0.0000e+00
383 1.0000e-03 4.7500e-05 1.4480e-04 6.4656e-04 1.3078e-04 1.9488e-01 1.4021e-05
384 1.0000e-03 5.8200e-05 1.4698e-04 6.7880e-04 1.3291e-04 1.9434e-01 1.4072e-05
385 0.0000e+00 6.4300e-05 1.3519e-04 5.9865e-04 1.3519e-04 1.9387e-01 0.0000e+00
386 5.0000e-04 6.7200e-05 1.4274e-04 5.7568e-04 1.3717e-04 1.9343e-01 5.5784e-06
387 0.0000e+00 6.4300e-05 1.3906e-04 5.1047e-04 1.3906e-04 1.9306e-01 0.0000e+00
388 0.0000e+00 5.8200e-05 1.4068e-04 4.5485e-04 1.4068e-04 1.9275e-01 0.0000e+00
389 0.0000e+00 4.7500e-05 1.4207e-04 4.0578e-04 1.4207e-04 1.9248e-01 0.0000e+00
390 5.0000e-04 3.3600e-05 1.4714e-04 3.9259e-04 1.4325e-04 1.9224e-01 3.8889e-06
391 0.0000e+00 1.6300e-05 1.4437e-04 3.4886e-04 1.4437e-04 1.9203e-01 0.0000e+00
392 5.0000e-04 0.0000e+00 1.5194e-04 3.6330e-04 1.4529e-04 1.9181e-01 6.6500e-06
393 5.0000e-04 0.0000e+00 1.5367e-04 3.7886e-04 1.4629e-04 1.9158e-01 7.3871e-06
394 0.0000e+00 0.0000e+00 1.4735e-04 3.3393e-04 1.4735e-04 1.9139e-01 0.0000e+00
395 0.0000e+00 0.0000e+00 1.4821e-04 2.9707e-04 1.4821e-04 1.9125e-01 0.0000e+00
396 0.0000e+00 0.0000e+00 1.4891e-04 2.6478e-04 1.4891e-04 1.9113e-01 0.0000e+00
397 0.0000e+00 0.0000e+00 1.4945e-04 2.3633e-04 1.4945e-04 1.9104e-01 0.0000e+00
398 0.0000e+00 0.0000e+00 1.4985e-04 2.1117e-04 1.4985e-04 1.9098e-01 0.0000e+00
399 0.0000e+00 0.0000e+00 1.5014e-04 1.8885e-04 1.5014e-04 1.9094e-01 0.0000e+00
400 0.0000e+00 0.0000e+00 1.5032e-04 1.6903e-04 1.5032e-04 1.9092e-01 0.0000e+00
401 0.0000e+00 0.0000e+00 1.5041e-04 1.5139e-04 1.5041e-04 1.9092e-01 0.0000e+00
402 1.0000e-03 0.0000e+00 1.6519e-04 2.5175e-04 1.5041e-04 1.9082e-01 1.4774e-05
403 0.0000e+00 0.0000e+00 1.5089e-04 2.1721e-04 1.5089e-04 1.9076e-01 0.0000e+00
404 0.0000e+00 0.0000e+00 1.5120e-04 1.9220e-04 1.5120e-04 1.9071e-01 0.0000e+00
405 5.0000e-04 2.4600e-05 1.5878e-04 2.2879e-04 1.5140e-04 1.9064e-01 7.3871e-06
406 5.0000e-04 4.7400e-05 1.5879e-04 2.5503e-04 1.5176e-04 1.9053e-01 7.0237e-06
407 0.0000e+00 6.7100e-05 1.5225e-04 2.2251e-04 1.5225e-04 1.9046e-01 0.0000e+00
408 5.0000e-04 8.2200e-05 1.5829e-04 2.4174e-04 1.5259e-04 1.9037e-01 5.6964e-06
409 0.0000e+00 9.0900e-05 1.5301e-04 2.1161e-04 1.5301e-04 1.9032e-01 0.0000e+00
410 0.0000e+00 9.5000e-05 1.5330e-04 1.8743e-04 1.5330e-04 1.9028e-01 0.0000e+00
411 0.0000e+00 9.0900e-05 1.5346e-04 1.6645e-04 1.5346e-04 1.9027e-01 0.0000e+00
412 0.0000e+00 8.2200e-05 1.5352e-04 1.4810e-04 1.5352e-04 1.9027e-01 0.0000e+00
413 0.0000e+00 6.7100e-05 1.5350e-04 1.3198e-04 1.5350e-04 1.9030e-01 0.0000e+00
414 0.0000e+00 4.7400e-05 1.5339e-04 1.1775e-04 1.5339e-04 1.9033e-01 0.0000e+00
415 0.0000e+00 2.3000e-05 1.5322e-04 1.0517e-04 1.5322e-04 1.9038e-01 0.0000e+00
416 0.0000e+00 0.0000e+00 1.5299e-04 9.4029e-05 1.5299e-04 1.9044e-01 0.0000e+00
417 0.0000e+00 0.0000e+00 1.5271e-04 8.4136e-05 1.5271e-04 1.9051e-01 0.0000e+00
418 0.0000e+00 0.0000e+00 1.5238e-04 7.5343e-05 1.5238e-04 1.9058e-01 0.0000e+00
419 0.0000e+00 0.0000e+00 1.5202e-04 6.7518e-05 1.5202e-04 1.9067e-01 0.0000e+00
420 0.0000e+00 0.0000e+00 1.5162e-04 6.0546e-05 1.5162e-04 1.9076e-01 0.0000e+00
421 0.0000e+00 0.0000e+00 1.5118e-04 5.4329e-05 1.5118e-04 1.9086e-01 0.0000e+00
422 0.0000e+00 0.0000e+00 1.5073e-04 4.8779e-05 1.5073e-04 1.9096e-01 0.0000e+00
423 0.0000e+00 0.0000e+00 1.5025e-04 4.3821e-05 1.5025e-04 1.9106e-01 0.0000e+00
424 0.0000e+00 0.0000e+00 1.4975e-04 3.9389e-05 1.4975e-04 1.9117e-01 0.0000e+00
425 0.0000e+00 0.0000e+00 1.4923e-04 3.5423e-05 1.4923e-04 1.9129e-01 0.0000e+00
426 0.0000e+00 0.0000e+00 1.4870e-04 3.1872e-05 1.4870e-04 1.9141e-01 0.0000e+00
427 5.0000e-04 0.0000e+00 1.4816e-04 2.8692e-05 1.4816e-04 1.9152e-01 0.0000e+00
428 2.0000e-03 0.0000e+00 1.7604e-04 2.4826e-04 1.4761e-04 1.9142e-01 2.8428e-05
429 3.0000e-03 3.2600e-05 1.9240e-04 5.5346e-04 1.4808e-04 1.9102e-01 4.4323e-05
430 2.0000e-03 6.2900e-05 1.7903e-04 6.9503e-04 1.4996e-04 1.9047e-01 2.9067e-05
431 1.0000e-03 8.9000e-05 1.6638e-04 7.0580e-04 1.5254e-04 1.8992e-01 1.3845e-05
432 0.0000e+00 1.0900e-04 1.5520e-04 6.1317e-04 1.5520e-04 1.8946e-01 0.0000e+00
433 5.0000e-04 1.2060e-04 1.6190e-04 5.7436e-04 1.5744e-04 1.8905e-01 4.4647e-06
434 0.0000e+00 1.2590e-04 1.5950e-04 5.0453e-04 1.5950e-04 1.8870e-01 0.0000e+00
435 0.0000e+00 1.2060e-04 1.6123e-04 4.4563e-04 1.6123e-04 1.8842e-01 0.0000e+00
436 0.0000e+00 1.0900e-04 1.6267e-04 3.9444e-04 1.6267e-04 1.8818e-01 0.0000e+00
437 3.5000e-03 8.9000e-05 2.0855e-04 7.0761e-04 1.6385e-04 1.8764e-01 4.4701e-05
438 0.0000e+00 6.2900e-05 1.6666e-04 6.0462e-04 1.6666e-04 1.8720e-01 0.0000e+00
439 0.0000e+00 3.0500e-05 1.6896e-04 5.3129e-04 1.6896e-04 1.8684e-01 0.0000e+00
440 0.0000e+00 0.0000e+00 1.7088e-04 4.6877e-04 1.7088e-04 1.8654e-01 0.0000e+00
441 0.0000e+00 0.0000e+00 1.7248e-04 4.1467e-04 1.7248e-04 1.8630e-01 0.0000e+00
442 0.0000e+00 0.0000e+00 1.7379e-04 3.6747e-04 1.7379e-04 1.8611e-01 0.0000e+00
443 0.0000e+00 0.0000e+00 1.7484e-04 3.2610e-04 1.7484e-04 1.8596e-01 0.0000e+00
444 5.0000e-04 0.0000e+00 1.8037e-04 3.2792e-04 1.7567e-04 1.8580e-01 4.6953e-06
445 0.0000e+00 0.0000e+00 1.7651e-04 2.8878e-04 1.7651e-04 1.8569e-01 0.0000e+00
446 0.0000e+00 0.0000e+00 1.7713e-04 2.5625e-04 1.7713e-04 1.8561e-01 0.0000e+00
447 0.0000e+00 0.0000e+00 1.7757e-04 2.2777e-04 1.7757e-04 1.8556e-01 0.0000e+00
448 0.0000e+00 0.0000e+00 1.7785e-04 2.0270e-04 1.7785e-04 1.8554e-01 0.0000e+00
449 0.0000e+00 0.0000e+00 1.7799e-04 1.8057e-04 1.7799e-04 1.8553e-01 0.0000e+00
450 0.0000e+00 0.0000e+00 1.7800e-04 1.6100e-04 1.7800e-04 1.8555e-01 0.0000e+00
451 0.0000e+00 0.0000e+00 1.7791e-04 1.4366e-04 1.7791e-04 1.8559e-01 0.0000e+00
452 5.0000e-04 0.0000e+00 1.8510e-04 1.8855e-04 1.7772e-04 1.8557e-01 7.3871e-06
453 0.0000e+00 2.2400e-05 1.7778e-04 1.6359e-04 1.7778e-04 1.8559e-01 0.0000e+00
454 0.0000e+00 4.3300e-05 1.7770e-04 1.4474e-04 1.7770e-04 1.8562e-01 0.0000e+00
455 0.0000e+00 6.1200e-05 1.7751e-04 1.2849e-04 1.7751e-04 1.8567e-01 0.0000e+00
456 0.0000e+00 7.5000e-05 1.7724e-04 1.1430e-04 1.7724e-04 1.8573e-01 0.0000e+00
457 0.0000e+00 8.3000e-05 1.7689e-04 1.0182e-04 1.7689e-04 1.8581e-01 0.0000e+00
458 0.0000e+00 8.6600e-05 1.7648e-04 9.0820e-05 1.7648e-04 1.8589e-01 0.0000e+00
459 0.0000e+00 8.3000e-05 1.7601e-04 8.1087e-05 1.7601e-04 1.8599e-01 0.0000e+00
460 0.0000e+00 7.5000e-05 1.7549e-04 7.2462e-05 1.7549e-04 1.8609e-01 0.0000e+00
461 0.0000e+00 6.1200e-05 1.7492e-04 6.4806e-05 1.7492e-04 1.8620e-01 0.0000e+00
462 0.0000e+00 4.3300e-05 1.7432e-04 5.8002e-05 1.7432e-04 1.8632e-01 0.0000e+00
463 0.0000e+00 2.1000e-05 1.7369e-04 5.1948e-05 1.7369e-04 1.8644e-01 0.0000e+00
464 0.0000e+00 0.0000e+00 1.7303e-04 4.6556e-05 1.7303e-04 1.8657e-01 0.0000e+00
465 1.0000e-03 0.0000e+00 1.7750e-04 8.3496e-05 1.7235e-04 1.8666e-01 5.1537e-06
466 5.0000e-04 0.0000e+00 1.7926e-04 1.3123e-04 1.7187e-04 1.8670e-01 7.3871e-06
467 0.0000e+00 0.0000e+00 1.7165e-04 1.1165e-04 1.7165e-04 1.8676e-01 0.0000e+00
468 0.0000e+00 0.0000e+00 1.7133e-04 9.7807e-05 1.7133e-04 1.8683e-01 0.0000e+00
469 5.0000e-04 0.0000e+00 1.7832e-04 1.4589e-04 1.7094e-04 1.8685e-01 7.3871e-06
470 0.0000e+00 0.0000e+00 1.7080e-04 1.2485e-04 1.7080e-04 1.8690e-01 0.0000e+00
471 0.0000e+00 0.0000e+00 1.7056e-04 1.0956e-04 1.7056e-04 1.8696e-01 0.0000e+00
472 5.0000e-04 0.0000e+00 1.7762e-04 1.5627e-04 1.7023e-04 1.8698e-01 7.3871e-06
473 5.0000e-04 0.0000e+00 1.7755e-04 1.9375e-04 1.7016e-04 1.8695e-01 7.3871e-06
474 0.0000e+00 0.0000e+00 1.7028e-04 1.6643e-04 1.7028e-04 1.8696e-01 0.0000e+00
475 0.0000e+00 0.0000e+00 1.7026e-04 1.4596e-04 1.7026e-04 1.8698e-01 0.0000e+00
476 0.0000e+00 0.0000e+00 1.7013e-04 1.2859e-04 1.7013e-04 1.8702e-01 0.0000e+00
477 0.0000e+00 9.2000e-06 1.6991e-04 1.1364e-04 1.6991e-04 1.8708e-01 0.0000e+00
478 0.0000e+00 1.7800e-05 1.6961e-04 1.0064e-04 1.6961e-04 1.8715e-01 0.0000e+00
479 0.0000e+00 2.5200e-05 1.6925e-04 8.9294e-05 1.6925e-04 1.8723e-01 0.0000e+00
480 0.0000e+00 3.0900e-05 1.6883e-04 7.9341e-05 1.6883e-04 1.8732e-01 0.0000e+00
481 0.0000e+00 3.4200e-05 1.6836e-04 7.0589e-05 1.6836e-04 1.8741e-01 0.0000e+00
482 5.0000e-04 3.5700e-05 1.7350e-04 1.0841e-04 1.6784e-04 1.8747e-01 5.6557e-06
483 2.5000e-03 3.4200e-05 2.0394e-04 3.8620e-04 1.6753e-04 1.8726e-01 3.6408e-05
484 1.0000e-03 3.0900e-05 1.8295e-04 4.3667e-04 1.6868e-04 1.8699e-01 1.4269e-05
485 0.0000e+00 2.5200e-05 1.7010e-04 3.7410e-04 1.7010e-04 1.8678e-01 0.0000e+00
486 1.0000e-03 1.7800e-05 1.8513e-04 4.3966e-04 1.7119e-04 1.8651e-01 1.3946e-05
487 0.0000e+00 8.6000e-06 1.7263e-04 3.7931e-04 1.7263e-04 1.8631e-01 0.0000e+00
488 0.0000e+00 0.0000e+00 1.7375e-04 3.3282e-04 1.7375e-04 1.8615e-01 0.0000e+00
489 0.0000e+00 0.0000e+00 1.7461e-04 2.9314e-04 1.7461e-04 1.8603e-01 0.0000e+00
490 0.0000e+00 0.0000e+00 1.7526e-04 2.5886e-04 1.7526e-04 1.8595e-01 0.0000e+00
491 0.0000e+00 0.0000e+00 1.7572e-04 2.2904e-04 1.7572e-04 1.8589e-01 0.0000e+00
492 0.0000e+00 0.0000e+00 1.7601e-04 2.0296e-04 1.7601e-04 1.8587e-01 0.0000e+00
493 0.0000e+00 0.0000e+00 1.7616e-04 1.8010e-04 1.7616e-04 1.8586e-01 0.0000e+00
494 0.0000e+00 0.0000e+00 1.7618e-04 1.6001e-04 1.7618e-04 1.8588e-01 0.0000e+00
495 0.0000e+00 0.0000e+00 1.7609e-04 1.4230e-04 1.7609e-04 1.8591e-01 0.0000e+00
496 0.0000e+00 0.0000e+00 1.7591e-04 1.2668e-04 1.7591e-04 1.8596e-01 0.0000e+00
497 0.0000e+00 0.0000e+00 1.7564e-04 1.1287e-04 1.7564e-04 1.8602e-01 0.0000e+00
498 0.0000e+00 0.0000e+00 1.7529e-04 1.0065e-04 1.7529e-04 1.8610e-01 0.0000e+00
499 0.0000e+00 0.0000e+00 1.7488e-04 8.9825e-05 1.7488e-04 1.8618e-01 0.0000e+00
500 0.0000e+00 0.0000e+00 1.7442e-04 8.0221e-05 1.7442e-04 1.8628e-01 0.0000e+00
501 0.0000e+00 6.3800e-05 1.7391e-04 7.1693e-05 1.7391e-04 1.8638e-01 0.0000e+00
502 0.0000e+00 1.2310e-04 1.7335e-04 6.4113e-05 1.7335e-04 1.8649e-01 0.0000e+00
503 0.0000e+00 1.7420e-04 1.7276e-04 5.7371e-05 1.7276e-04 1.8661e-01 0.0000e+00
504 0.0000e+00 2.1330e-04 1.7214e-04 5.1368e-05 1.7214e-04 1.8673e-01 0.0000e+00
505 0.0000e+00 2.3600e-04 1.7149e-04 4.6020e-05 1.7149e-04 1.8685e-01 0.0000e+00
506 0.0000e+00 2.4640e-04 1.7082e-04 4.1252e-05 1.7082e-04 1.8698e-01 0.0000e+00
507 0.0000e+00 2.3600e-04 1.7013e-04 3.6998e-05 1.7013e-04 1.8711e-01 0.0000e+00
508 0.0000e+00 2.1330e-04 1.6942e-04 3.3200e-05 1.6942e-04 1.8725e-01 0.0000e+00
509 0.0000e+00 1.7420e-04 1.6870e-04 2.9806e-05 1.6870e-04 1.8739e-01 0.0000e+00
510 0.0000e+00 1.2310e-04 1.6797e-04 2.6773e-05 1.6797e-04 1.8753e-01 0.0000e+00
511 0.0000e+00 5.9600e-05 1.6723e-04 2.4059e-05 1.6723e-04 1.8767e-01 0.0000e+00
512 0.0000e+00 0.0000e+00 1.6649e-04 2.1631e-05 1.6649e-04 1.8782e-01 0.0000e+00
513 0.0000e+00 0.0000e+00 1.6574e-04 1.9456e-05 1.6574e-04 1.8796e-01 0.0000e+00
514 0.0000e+00 0.0000e+00 1.6498e-04 1.7508e-05 1.6498e-04 1.8811e-01 0.0000e+00
515 0.0000e+00 0.0000e+00 1.6422e-04 1.5761e-05 1.6422e-04 1.8826e-01 0.0000e+00
516 0.0000e+00 0.0000e+00 1.6346e-04 1.4195e-05 1.6346e-04 1.8841e-01 0.0000e+00
517 0.0000e+00 0.0000e+00 1.6270e-04 1.2789e-05 1.6270e-04 1.8856e-01 0.0000e+00
518 0.0000e+00 0.0000e+00 1.6194e-04 1.1527e-05 1.6194e-04 1.8871e-01 0.0000e+00
519 0.0000e+00 0.0000e+00 1.6118e-04 1.0394e-05 1.6118e-04 1.8886e-01 0.0000e+00
520 0.0000e+00 0.0000e+00 1.6042e-04 9.3759e-06 1.6042e-04 1.8901e-01 0.0000e+00
521 0.0000e+00 0.0000e+00 1.5967e-04 8.4605e-06 1.5967e-04 1.8916e-01 0.0000e+00
522 0.0000e+00 0.0000e+00 1.5891e-04 7.6372e-06 1.5891e-04 1.8931e-01 0.0000e+00
523 0.0000e+00 0.0000e+00 1.5817e-04 6.8965e-06 1.5817e-04 1.8947e-01 0.0000e+00
524 0.0000e+00 0.0000e+00 1.5742e-04 6.2298e-06 1.5742e-04 1.8962e-01 0.0000e+00
525 0.0000e+00 4.1700e-05 1.5668e-04 5.6294e-06 1.5668e-04 1.8977e-01 0.0000e+00
526 0.0000e+00 8.0400e-05 1.5594e-04 5.0886e-06 1.5594e-04 1.8992e-01 0.0000e+00
527 0.0000e+00 1.1380e-04 1.5521e-04 4.6013e-06 1.5521e-04 1.9007e-01 0.0000e+00
528 0.0000e+00 1.3930e-04 1.5448e-04 4.1615e-06 1.5448e-04 1.9022e-01 0.0000e+00
529 0.0000e+00 1.5420e-04 1.5375e-04 3.7654e-06 1.5375e-04 1.9037e-01 0.0000e+00
530 0.0000e+00 1.6090e-04 1.5303e-04 3.4080e-06 1.5303e-04 1.9052e-01 0.0000e+00
531 0.0000e+00 1.5420e-04 1.5232e-04 3.0855e-06 1.5232e-04 1.9067e-01 0.0000e+00
532 0.0000e+00 1.3930e-04 1.5161e-04 2.7944e-06 1.5161e-04 1.9082e-01 0.0000e+00
533 0.0000e+00 1.1380e-04 1.5091e-04 2.5314e-06 1.5091e-04 1.9097e-01 0.0000e+00
534 0.0000e+00 8.0400e-05 1.5021e-04 2.2939e-06 1.5021e-04 1.9111e-01 0.0000e+00
535 0.0000e+00 3.8900e-05 1.4952e-04 2.0792e-06 1.4952e-04 1.9126e-01 0.0000e+00
536 0.0000e+00 0.0000e+00 1.4883e-04 1.8852e-06 1.4883e-04 1.9141e-01 0.0000e+00
537 0.0000e+00 0.0000e+00 1.4815e-04 1.7097e-06 1.4815e-04 1.9155e-01 0.0000e+00
538 0.0000e+00 0.0000e+00 1.4747e-04 1.5510e-06 1.4747e-04 1.9170e-01 0.0000e+00
539 0.0000e+00 0.0000e+00 1.4680e-04 1.4073e-06 1.4680e-04 1.9185e-01 0.0000e+00
540 0.0000e+00 0.0000e+00 1.4614e-04 1.2769e-06 1.4614e-04 1.9199e-01 0.0000e+00
541 0.0000e+00 0.0000e+00 1.4548e-04 1.1593e-06 1.4548e-04 1.9214e-01 0.0000e+00
542 0.0000e+00 0.0000e+00 1.4482e-04 1.0528e-06 1.4482e-04 1.9228e-01 0.0000e+00
543 0.0000e+00 0.0000e+00 1.4417e-04 9.5629e-07 1.4417e-04 1.9242e-01 0.0000e+00
544 0.0000e+00 0.0000e+00 1.4353e-04 8.6885e-07 1.4353e-04 1.9256e-01 0.0000e+00
545 0.0000e+00 0.0000e+00 1.4289e-04 7.8960e-07 1.4289e-04 1.9271e-01 0.0000e+00
546 0.0000e+00 0.0000e+00 1.4226e-04 7.1775e-07 1.4226e-04 1.9285e-01 0.0000e+00
547 0.0000e+00 0.0000e+00 1.4163e-04 6.5259e-07 1.4163e-04 1.9299e-01 0.0000e+00
548 0.0000e+00 0.0000e+00 1.4101e-04 5.9348e-07 1.4101e-04 1.9313e-01 0.0000e+00
549 0.0000e+00 2.0700e-05 1.4039e-04 5.3985e-07 1.4039e-04 1.9327e-01 0.0000e+00
550 0.0000e+00 4.0000e-05 1.3978e-04 4.9117e-07 1.3978e-04 1.9341e-01 0.0000e+00
551 0.0000e+00 5.6600e-05 1.3917e-04 4.4614e-07 1.3917e-04 1.9355e-01 0.0000e+00
552 1.0000e-03 6.9300e-05 1.3857e-04 4.0614e-07 1.3857e-04 1.9369e-01 0.0000e+00
553 1.0000e-03 7.6600e-05 1.3797e-04 3.6980e-07 1.3797e-04 1.9382e-01 0.0000e+00
554 2.0000e-03 8.0000e-05 1.4819e-04 8.3674e-05 1.3738e-04 1.9388e-01 1.0816e-05
555 1.5000e-03 7.6600e-05 1.5813e-04 2.3073e-04 1.3715e-04 1.9378e-01 2.0979e-05
556 0.0000e+00 6.9300e-05 1.3755e-04 1.9390e-04 1.3755e-04 1.9373e-01 0.0000e+00
557 5.0000e-04 5.6600e-05 1.4303e-04 2.0971e-04 1.3779e-04 1.9366e-01 5.2331e-06
558 0.0000e+00 4.0000e-05 1.3810e-04 1.8214e-04 1.3810e-04 1.9361e-01 0.0000e+00
559 0.0000e+00 1.9400e-05 1.3829e-04 1.6030e-04 1.3829e-04 1.9359e-01 0.0000e+00
560 0.0000e+00 0.0000e+00 1.3839e-04 1.4157e-04 1.3839e-04 1.9359e-01 0.0000e+00
561 0.0000e+00 0.0000e+00 1.3840e-04 1.2535e-04 1.3840e-04 1.9360e-01 0.0000e+00
562 0.0000e+00 0.0000e+00 1.3834e-04 1.1123e-04 1.3834e-04 1.9363e-01 0.0000e+00
563 0.0000e+00 0.0000e+00 1.3823e-04 9.8858e-05 1.3823e-04 1.9367e-01 0.0000e+00
564 0.0000e+00 0.0000e+00 1.3806e-04 8.7992e-05 1.3806e-04 1.9372e-01 0.0000e+00
565 5.0000e-04 0.0000e+00 1.4352e-04 1.2217e-04 1.3784e-04 1.9373e-01 5.6745e-06
566 0.0000e+00 0.0000e+00 1.3777e-04 1.0612e-04 1.3777e-04 1.9376e-01 0.0000e+00
567 0.0000e+00 0.0000e+00 1.3764e-04 9.3992e-05 1.3764e-04 1.9381e-01 0.0000e+00
568 0.0000e+00 0.0000e+00 1.3745e-04 8.3488e-05 1.3745e-04 1.9386e-01 0.0000e+00
569 0.0000e+00 0.0000e+00 1.3722e-04 7.4312e-05 1.3722e-04 1.9392e-01 0.0000e+00
570 0.0000e+00 0.0000e+00 1.3695e-04 6.6251e-05 1.3695e-04 1.9399e-01 0.0000e+00
571 0.0000e+00 0.0000e+00 1.3665e-04 5.9143e-05 1.3665e-04 1.9407e-01 0.0000e+00
572 0.0000e+00 0.0000e+00 1.3632e-04 5.2857e-05 1.3632e-04 1.9416e-01 0.0000e+00
573 3.0000e-03 3.0500e-05 1.8028e-04 3.8805e-04 1.3596e-04 1.9390e-01 4.4323e-05
574 1.0000e-03 5.8900e-05 1.5136e-04 4.3487e-04 1.3704e-04 1.9361e-01 1.4324e-05
575 2.5000e-03 8.3300e-05 1.7438e-04 6.5401e-04 1.3832e-04 1.9309e-01 3.6065e-05
576 3.5000e-03 1.0200e-04 1.9104e-04 9.5210e-04 1.4057e-04 1.9228e-01 5.0479e-05
577 1.5000e-03 1.1290e-04 1.6483e-04 9.7945e-04 1.4418e-04 1.9144e-01 2.0654e-05
578 0.0000e+00 1.1780e-04 1.4799e-04 8.5392e-04 1.4799e-04 1.9074e-01 0.0000e+00
579 0.0000e+00 1.1290e-04 1.5129e-04 7.5269e-04 1.5129e-04 1.9014e-01 0.0000e+00
580 0.0000e+00 1.0200e-04 1.5416e-04 6.6533e-04 1.5416e-04 1.8962e-01 0.0000e+00
581 0.0000e+00 8.3300e-05 1.5664e-04 5.8927e-04 1.5664e-04 1.8919e-01 0.0000e+00
582 0.0000e+00 5.8900e-05 1.5877e-04 5.2270e-04 1.5877e-04 1.8883e-01 0.0000e+00
583 0.0000e+00 2.8500e-05 1.6059e-04 4.6420e-04 1.6059e-04 1.8852e-01 0.0000e+00
584 0.0000e+00 0.0000e+00 1.6212e-04 4.1267e-04 1.6212e-04 1.8827e-01 0.0000e+00
585 0.0000e+00 0.0000e+00 1.6340e-04 3.6718e-04 1.6340e-04 1.8807e-01 0.0000e+00
586 0.0000e+00 0.0000e+00 1.6444e-04 3.2697e-04 1.6444e-04 1.8791e-01 0.0000e+00
587 0.0000e+00 0.0000e+00 1.6528e-04 2.9138e-04 1.6528e-04 1.8778e-01 0.0000e+00
588 0.0000e+00 0.0000e+00 1.6593e-04 2.5984e-04 1.6593e-04 1.8769e-01 0.0000e+00
589 5.0000e-04 0.0000e+00 1.6642e-04 2.3187e-04 1.6642e-04 1.8762e-01 0.0000e+00
590 0.0000e+00 0.0000e+00 1.6676e-04 2.0704e-04 1.6676e-04 1.8758e-01 0.0000e+00
591 0.0000e+00 0.0000e+00 1.6697e-04 1.8498e-04 1.6697e-04 1.8756e-01 0.0000e+00
592 5.0000e-04 0.0000e+00 1.7278e-04 2.1133e-04 1.6706e-04 1.8752e-01 5.7158e-06
593 0.0000e+00 0.0000e+00 1.6729e-04 1.8547e-04 1.6729e-04 1.8750e-01 0.0000e+00
594 1.0000e-03 0.0000e+00 1.8216e-04 2.8374e-04 1.6739e-04 1.8738e-01 1.4774e-05
595 0.0000e+00 0.0000e+00 1.6800e-04 2.4404e-04 1.6800e-04 1.8731e-01 0.0000e+00
596 0.0000e+00 0.0000e+00 1.6840e-04 2.1513e-04 1.6840e-04 1.8726e-01 0.0000e+00
597 0.0000e+00 6.2600e-05 1.6864e-04 1.9042e-04 1.6864e-04 1.8724e-01 0.0000e+00
598 0.0000e+00 1.2080e-04 1.6876e-04 1.6899e-04 1.6876e-04 1.8724e-01 0.0000e+00
599 0.0000e+00 1.7090e-04 1.6876e-04 1.5025e-04 1.6876e-04 1.8726e-01 0.0000e+00
600 0.0000e+00 2.0930e-04 1.6866e-04 1.3378e-04 1.6866e-04 1.8729e-01 0.0000e+00
601 0.0000e+00 2.3150e-04 1.6848e-04 1.1926e-04 1.6848e-04 1.8734e-01 0.0000e+00
602 0.0000e+00 2.4180e-04 1.6822e-04 1.0642e-04 1.6822e-04 1.8740e-01 0.0000e+00
603 0.0000e+00 2.3150e-04 1.6789e-04 9.5058e-05 1.6789e-04 1.8748e-01 0.0000e+00
604 0.0000e+00 2.0930e-04 1.6751e-04 8.4977e-05 1.6751e-04 1.8756e-01 0.0000e+00
605 0.0000e+00 1.7090e-04 1.6708e-04 7.6024e-05 1.6708e-04 1.8765e-01 0.0000e+00
606 0.0000e+00 1.2080e-04 1.6661e-04 6.8062e-05 1.6661e-04 1.8775e-01 0.0000e+00
607 0.0000e+00 5.8500e-05 1.6609e-04 6.0974e-05 1.6609e-04 1.8785e-01 0.0000e+00
608 0.0000e+00 0.0000e+00 1.6555e-04 5.4659e-05 1.6555e-04 1.8797e-01 0.0000e+00
609 0.0000e+00 0.0000e+00 1.6498e-04 4.9027e-05 1.6498e-04 1.8808e-01 0.0000e+00
610 0.0000e+00 0.0000e+00 1.6438e-04 4.4001e-05 1.6438e-04 1.8820e-01 0.0000e+00
611 0.0000e+00 0.0000e+00 1.6376e-04 3.9511e-05 1.6376e-04 1.8833e-01 0.0000e+00
612 0.0000e+00 0.0000e+00 1.6313e-04 3.5498e-05 1.6313e-04 1.8845e-01 0.0000e+00
613 0.0000e+00 0.0000e+00 1.6248e-04 3.1908e-05 1.6248e-04 1.8858e-01 0.0000e+00
614 0.0000e+00 0.0000e+00 1.6182e-04 2.8695e-05 1.6182e-04 1.8872e-01 0.0000e+00
615 0.0000e+00 0.0000e+00 1.6115e-04 2.5818e-05 1.6115e-04 1.8885e-01 0.0000e+00
616 0.0000e+00 0.0000e+00 1.6047e-04 2.3239e-05 1.6047e-04 1.8899e-01 0.0000e+00
617 0.0000e+00 0.0000e+00 1.5978e-04 2.0928e-05 1.5978e-04 1.8913e-01 0.0000e+00
618 0.0000e+00 0.0000e+00 1.5909e-04 1.8854e-05 1.5909e-04 1.8927e-01 0.0000e+00
619 0.0000e+00 0.0000e+00 1.5839e-04 1.6993e-05 1.5839e-04 1.8941e-01 0.0000e+00
620 0.0000e+00 0.0000e+00 1.5769e-04 1.5322e-05 1.5769e-04 1.8955e-01 0.0000e+00
621 0.0000e+00 1.4200e-05 1.5699e-04 1.3820e-05 1.5699e-04 1.8970e-01 0.0000e+00
622 0.0000e+00 2.7500e-05 1.5629e-04 1.2471e-05 1.5629e-04 1.8984e-01 0.0000e+00
623 0.0000e+00 3.8900e-05 1.5559e-04 1.1257e-05 1.5559e-04 1.8998e-01 0.0000e+00
624 1.0000e-03 4.7600e-05 1.5489e-04 1.0165e-05 1.5489e-04 1.9013e-01 0.0000e+00
625 1.0000e-03 5.2700e-05 1.5533e-04 1.8205e-05 1.5419e-04 1.9026e-01 1.1423e-06
626 3.0000e-03 5.5000e-05 1.9708e-04 3.5932e-04 1.5354e-04 1.9006e-01 4.3544e-05
627 2.0000e-03 5.2700e-05 1.8326e-04 5.2348e-04 1.5453e-04 1.8969e-01 2.8736e-05
628 1.5000e-03 4.7600e-05 1.7770e-04 6.1416e-04 1.5632e-04 1.8923e-01 2.1383e-05
629 3.5000e-03 3.8900e-05 2.0958e-04 9.3332e-04 1.5857e-04 1.8846e-01 5.1007e-05
630 4.0000e-03 2.7500e-05 2.2098e-04 1.2649e-03 1.6246e-04 1.8735e-01 5.8522e-05
631 5.0000e-03 1.3300e-05 2.4162e-04 1.6771e-03 1.6815e-04 1.8585e-01 7.3465e-05
632 0.0000e+00 0.0000e+00 1.7627e-04 1.4428e-03 1.7627e-04 1.8458e-01 0.0000e+00
633 0.0000e+00 0.0000e+00 1.8339e-04 1.2664e-03 1.8339e-04 1.8350e-01 0.0000e+00
634 1.0000e-03 0.0000e+00 2.0428e-04 1.2360e-03 1.8970e-04 1.8245e-01 1.4578e-05
635 2.5000e-03 0.0000e+00 2.3294e-04 1.3915e-03 1.9601e-04 1.8125e-01 3.6936e-05
636 3.5000e-03 0.0000e+00 2.5518e-04 1.6434e-03 2.0347e-04 1.7981e-01 5.1710e-05
637 3.0000e-03 0.0000e+00 2.6188e-04 1.7927e-03 2.1283e-04 1.7823e-01 4.9046e-05
638 0.0000e+00 0.0000e+00 2.2361e-04 1.5528e-03 2.2361e-04 1.7691e-01 0.0000e+00
639 5.0000e-04 0.0000e+00 2.4328e-04 1.4260e-03 2.3309e-04 1.7571e-01 1.0192e-05
640 0.0000e+00 0.0000e+00 2.4194e-04 1.2519e-03 2.4194e-04 1.7470e-01 0.0000e+00
641 5.0000e-04 0.0000e+00 2.5989e-04 1.1655e-03 2.4970e-04 1.7379e-01 1.0192e-05
642 0.0000e+00 0.0000e+00 2.5695e-04 1.0233e-03 2.5695e-04 1.7302e-01 0.0000e+00
643 5.0000e-04 0.0000e+00 2.7337e-04 9.6534e-04 2.6318e-04 1.7232e-01 1.0192e-05
644 0.0000e+00 0.0000e+00 2.6902e-04 8.4679e-04 2.6902e-04 1.7174e-01 0.0000e+00
645 0.0000e+00 1.6900e-05 2.7392e-04 7.4572e-04 2.7392e-04 1.7127e-01 0.0000e+00
646 0.0000e+00 3.2600e-05 2.7799e-04 6.5735e-04 2.7799e-04 1.7089e-01 0.0000e+00
647 0.0000e+00 4.6100e-05 2.8130e-04 5.7991e-04 2.8130e-04 1.7059e-01 0.0000e+00
648 0.0000e+00 5.6400e-05 2.8394e-04 5.1194e-04 2.8394e-04 1.7036e-01 0.0000e+00
649 0.0000e+00 6.2400e-05 2.8597e-04 4.5222e-04 2.8597e-04 1.7020e-01 0.0000e+00
650 0.0000e+00 6.5200e-05 2.8746e-04 3.9972e-04 2.8746e-04 1.7008e-01 0.0000e+00
651 0.0000e+00 6.2400e-05 2.8847e-04 3.5352e-04 2.8847e-04 1.7002e-01 0.0000e+00
652 0.0000e+00 5.6400e-05 2.8906e-04 3.1285e-04 2.8906e-04 1.7000e-01 0.0000e+00
653 0.0000e+00 4.6100e-05 2.8927e-04 2.7702e-04 2.8927e-04 1.7001e-01 0.0000e+00
654 0.0000e+00 3.2600e-05 2.8916e-04 2.4544e-04 2.8916e-04 1.7005e-01 0.0000e+00
655 0.0000e+00 1.5800e-05 2.8876e-04 2.1760e-04 2.8876e-04 1.7012e-01 0.0000e+00
656 0.0000e+00 0.0000e+00 2.8812e-04 1.9303e-04 2.8812e-04 1.7022e-01 0.0000e+00
657 0.0000e+00 0.0000e+00 2.8727e-04 1.7133e-04 2.8727e-04 1.7033e-01 0.0000e+00
658 0.0000e+00 0.0000e+00 2.8623e-04 1.5217e-04 2.8623e-04 1.7047e-01 0.0000e+00
659 0.0000e+00 0.0000e+00 2.8503e-04 1.3523e-04 2.8503e-04 1.7062e-01 0.0000e+00
660 0.0000e+00 0.0000e+00 2.8370e-04 1.2024e-04 2.8370e-04 1.7078e-01 0.0000e+00
661 0.0000e+00 0.0000e+00 2.8226e-04 1.0698e-04 2.8226e-04 1.7096e-01 0.0000e+00
662 0.0000e+00 0.0000e+00 2.8071e-04 9.5237e-05 2.8071e-04 1.7114e-01 0.0000e+00
663 0.0000e+00 0.0000e+00 2.7909e-04 8.4832e-05 2.7909e-04 1.7134e-01 0.0000e+00
664 0.0000e+00 0.0000e+00 2.7740e-04 7.5606e-05 2.7740e-04 1.7154e-01 0.0000e+00
665 0.0000e+00 0.0000e+00 2.7566e-04 6.7420e-05 2.7566e-04 1.7175e-01 0.0000e+00
666 5.0000e-04 0.0000e+00 2.7406e-04 6.1353e-05 2.7387e-04 1.7196e-01 1.8898e-07
667 0.0000e+00 0.0000e+00 2.7206e-04 5.4664e-05 2.7206e-04 1.7218e-01 0.0000e+00
668 5.0000e-04 0.0000e+00 2.8041e-04 1.1322e-04 2.7022e-04 1.7233e-01 1.0192e-05
669 5.0000e-04 1.5300e-05 2.7909e-04 1.5983e-04 2.6889e-04 1.7244e-01 1.0192e-05
670 0.0000e+00 2.9500e-05 2.6798e-04 1.3501e-04 2.6798e-04 1.7257e-01 0.0000e+00
671 1.0000e-03 4.1700e-05 2.8634e-04 2.3974e-04 2.6687e-04 1.7260e-01 1.9471e-05
672 0.0000e+00 5.1100e-05 2.6664e-04 2.0110e-04 2.6664e-04 1.7267e-01 0.0000e+00
673 0.0000e+00 5.6500e-05 2.6610e-04 1.7381e-04 2.6610e-04 1.7276e-01 0.0000e+00
674 0.0000e+00 5.9000e-05 2.6533e-04 1.5114e-04 2.6533e-04 1.7287e-01 0.0000e+00
675 5.0000e-04 5.6500e-05 2.7034e-04 1.6942e-04 2.6438e-04 1.7297e-01 5.9527e-06
676 5.0000e-04 5.1100e-05 2.7264e-04 2.0267e-04 2.6360e-04 1.7303e-01 9.0404e-06
677 0.0000e+00 4.1700e-05 2.6310e-04 1.7325e-04 2.6310e-04 1.7312e-01 0.0000e+00
678 0.0000e+00 2.9500e-05 2.6236e-04 1.5073e-04 2.6236e-04 1.7323e-01 0.0000e+00
679 1.0000e-03 1.4300e-05 2.7934e-04 2.4394e-04 2.6145e-04 1.7325e-01 1.7893e-05
680 1.0000e-03 0.0000e+00 2.8140e-04 3.3222e-04 2.6131e-04 1.7318e-01 2.0093e-05
681 0.0000e+00 0.0000e+00 2.6188e-04 2.8096e-04 2.6188e-04 1.7316e-01 0.0000e+00
682 0.0000e+00 0.0000e+00 2.6204e-04 2.4321e-04 2.6204e-04 1.7318e-01 0.0000e+00
683 0.0000e+00 0.0000e+00 2.6189e-04 2.1165e-04 2.6189e-04 1.7323e-01 0.0000e+00
684 0.0000e+00 0.0000e+00 2.6148e-04 1.8489e-04 2.6148e-04 1.7330e-01 0.0000e+00
685 0.0000e+00 0.0000e+00 2.6085e-04 1.6199e-04 2.6085e-04 1.7340e-01 0.0000e+00
686 0.0000e+00 0.0000e+00 2.6005e-04 1.4224e-04 2.6005e-04 1.7352e-01 0.0000e+00
687 0.0000e+00 0.0000e+00 2.5909e-04 1.2514e-04 2.5909e-04 1.7366e-01 0.0000e+00
688 0.0000e+00 0.0000e+00 2.5801e-04 1.1028e-04 2.5801e-04 1.7380e-01 0.0000e+00
689 0.0000e+00 0.0000e+00 2.5682e-04 9.7316e-05 2.5682e-04 1.7396e-01 0.0000e+00
690 0.0000e+00 0.0000e+00 2.5554e-04 8.5989e-05 2.5554e-04 1.7413e-01 0.0000e+00
691 0.0000e+00 0.0000e+00 2.5419e-04 7.6069e-05 2.5419e-04 1.7431e-01 0.0000e+00
692 0.0000e+00 0.0000e+00 2.5278e-04 6.7367e-05 2.5278e-04 1.7450e-01 0.0000e+00
693 0.0000e+00 5.6100e-05 2.5132e-04 5.9719e-05 2.5132e-04 1.7469e-01 0.0000e+00
694 0.0000e+00 1.0830e-04 2.4982e-04 5.2989e-05 2.4982e-04 1.7488e-01 0.0000e+00
695 0.0000e+00 1.5320e-04 2.4829e-04 4.7059e-05 2.4829e-04 1.7509e-01 0.0000e+00
696 0.0000e+00 1.8770e-04 2.4673e-04 4.1828e-05 2.4673e-04 1.7529e-01 0.0000e+00
697 0.0000e+00 2.0760e-04 2.4516e-04 3.7208e-05 2.4516e-04 1.7550e-01 0.0000e+00
698 0.0000e+00 2.1680e-04 2.4357e-04 3.3123e-05 2.4357e-04 1.7571e-01 0.0000e+00
699 0.0000e+00 2.0760e-04 2.4197e-04 2.9508e-05 2.4197e-04 1.7592e-01 0.0000e+00
700 5.0000e-04 1.8770e-04 2.4037e-04 2.6306e-05 2.4037e-04 1.7614e-01 0.0000e+00
701 0.0000e+00 1.5320e-04 2.3877e-04 2.3467e-05 2.3877e-04 1.7635e-01 0.0000e+00
702 0.0000e+00 1.0830e-04 2.3717e-04 2.0948e-05 2.3717e-04 1.7657e-01 0.0000e+00
703 0.0000e+00 5.2400e-05 2.3557e-04 1.8711e-05 2.3557e-04 1.7678e-01 0.0000e+00
704 0.0000e+00 0.0000e+00 2.3398e-04 1.6723e-05 2.3398e-04 1.7700e-01 0.0000e+00
705 0.0000e+00 0.0000e+00 2.3240e-04 1.4955e-05 2.3240e-04 1.7722e-01 0.0000e+00
706 0.0000e+00 0.0000e+00 2.3082e-04 1.3381e-05 2.3082e-04 1.7744e-01 0.0000e+00
707 0.0000e+00 0.0000e+00 2.2926e-04 1.1980e-05 2.2926e-04 1.7765e-01 0.0000e+00
708 0.0000e+00 0.0000e+00 2.2771e-04 1.0731e-05 2.2771e-04 1.7787e-01 0.0000e+00
709 0.0000e+00 0.0000e+00 2.2617e-04 9.6174e-06 2.2617e-04 1.7809e-01 0.0000e+00
710 0.0000e+00 0.0000e+00 2.2464e-04 8.6236e-06 2.2464e-04 1.7830e-01 0.0000e+00
711 0.0000e+00 0.0000e+00 2.2313e-04 7.7363e-06 2.2313e-04 1.7852e-01 0.0000e+00
712 0.0000e+00 0.0000e+00 2.2164e-04 6.9436e-06 2.2164e-04 1.7873e-01 0.0000e+00
713 0.0000e+00 0.0000e+00 2.2015e-04 6.2350e-06 2.2015e-04 1.7895e-01 0.0000e+00
714 0.0000e+00 0.0000e+00 2.1869e-04 5.6013e-06 2.1869e-04 1.7916e-01 0.0000e+00
715 0.0000e+00 0.0000e+00 2.1724e-04 5.0338e-06 2.1724e-04 1.7937e-01 0.0000e+00
716 0.0000e+00 0.0000e+00 2.1580e-04 4.5262e-06 2.1580e-04 1.7958e-01 0.0000e+00
717 0.0000e+00 8.5600e-05 2.1438e-04 4.0716e-06 2.1438e-04 1.7979e-01 0.0000e+00
718 0.0000e+00 1.6520e-04 2.1298e-04 3.6641e-06 2.1298e-04 1.8000e-01 0.0000e+00
719 0.0000e+00 2.3380e-04 2.1159e-04 3.2987e-06 2.1159e-04 1.8021e-01 0.0000e+00
720 0.0000e+00 2.8620e-04 2.1021e-04 2.9710e-06 2.1021e-04 1.8042e-01 0.0000e+00
721 0.0000e+00 3.1670e-04 2.0886e-04 2.6768e-06 2.0886e-04 1.8062e-01 0.0000e+00
722 0.0000e+00 3.3060e-04 2.0752e-04 2.4127e-06 2.0752e-04 1.8083e-01 0.0000e+00
723 0.0000e+00 3.1670e-04 2.0619e-04 2.1754e-06 2.0619e-04 1.8103e-01 0.0000e+00
724 0.0000e+00 2.8620e-04 2.0488e-04 1.9622e-06 2.0488e-04 1.8124e-01 0.0000e+00
725 0.0000e+00 2.3380e-04 2.0358e-04 1.7706e-06 2.0358e-04 1.8144e-01 0.0000e+00
726 0.0000e+00 1.6520e-04 2.0230e-04 1.5976e-06 2.0230e-04 1.8164e-01 0.0000e+00
727 0.0000e+00 8.0000e-05 2.0104e-04 1.4426e-06 2.0104e-04 1.8184e-01 0.0000e+00
728 0.0000e+00 0.0000e+00 1.9979e-04 1.3031e-06 1.9979e-04 1.8204e-01 0.0000e+00
729 0.0000e+00 0.0000e+00 1.9855e-04 1.1775e-06 1.9855e-04 1.8223e-01 0.0000e+00
730 0.0000e+00 0.0000e+00 1.9733e-04 1.0643e-06 1.9733e-04 1.8243e-01 0.0000e+00
731 0.0000e+00 0.0000e+00 1.9613e-04 9.6226e-07 1.9613e-04 1.8263e-01 0.0000e+00
732 0.0000e+00 0.0000e+00 1.9493e-04 8.7031e-07 1.9493e-04 1.8282e-01 0.0000e+00
733 0.0000e+00 0.0000e+00 1.9376e-04 7.8738e-07 1.9376e-04 1.8301e-01 0.0000e+00
734 0.0000e+00 0.0000e+00 1.9259e-04 7.1257e-07 1.9259e-04 1.8320e-01 0.0000e+00
735 0.0000e+00 0.0000e+00 1.9144e-04 6.4506e-07 1.9144e-04 1.8340e-01 0.0000e+00
736 0.0000e+00 0.0000e+00 1.9030e-04 5.8411e-07 1.9030e-04 1.8359e-01 0.0000e+00
737 0.0000e+00 0.0000e+00 1.8918e-04 5.2820e-07 1.8918e-04 1.8377e-01 0.0000e+00
738 0.0000e+00 0.0000e+00 1.8806e-04 4.7863e-07 1.8806e-04 1.8396e-01 0.0000e+00
739 0.0000e+00 0.0000e+00 1.8697e-04 4.3382e-07 1.8697e-04 1.8415e-01 0.0000e+00
740 0.0000e+00 0.0000e+00 1.8588e-04 3.9331e-07 1.8588e-04 1.8433e-01 0.0000e+00
741 0.0000e+00 7.4700e-05 1.8480e-04 3.5668e-07 1.8480e-04 1.8452e-01 0.0000e+00
742 0.0000e+00 1.4410e-04 1.8374e-04 3.2355e-07 1.8374e-04 1.8470e-01 0.0000e+00
743 0.0000e+00 2.0380e-04 1.8269e-04 2.9357e-07 1.8269e-04 1.8488e-01 0.0000e+00
744 0.0000e+00 2.4960e-04 1.8165e-04 2.6643e-07 1.8165e-04 1.8507e-01 0.0000e+00
745 0.0000e+00 2.7610e-04 1.8063e-04 2.4186e-07 1.8063e-04 1.8525e-01 0.0000e+00
746 0.0000e+00 2.8830e-04 1.7961e-04 2.1961e-07 1.7961e-04 1.8542e-01 0.0000e+00
747 0.0000e+00 2.7610e-04 1.7861e-04 1.9946e-07 1.7861e-04 1.8560e-01 0.0000e+00
748 0.0000e+00 2.4960e-04 1.7761e-04 1.8120e-07 1.7761e-04 1.8578e-01 0.0000e+00
749 0.0000e+00 2.0380e-04 1.7663e-04 1.6333e-07 1.7663e-04 1.8596e-01 0.0000e+00
750 0.0000e+00 1.4410e-04 1.7566e-04 1.4850e-07 1.7566e-04 1.8613e-01 0.0000e+00
751 0.0000e+00 6.9800e-05 1.7470e-04 1.3505e-07 1.7470e-04 1.8631e-01 0.0000e+00
752 0.0000e+00 0.0000e+00 1.7375e-04 1.2284e-07 1.7375e-04 1.8648e-01 0.0000e+00
753 0.0000e+00 0.0000e+00 1.7281e-04 1.1176e-07 1.7281e-04 1.8665e-01 0.0000e+00
754 0.0000e+00 0.0000e+00 1.7188e-04 1.0170e-07 1.7188e-04 1.8683e-01 0.0000e+00
755 0.0000e+00 0.0000e+00 1.7096e-04 9.2562e-08 1.7096e-04 1.8700e-01 0.0000e+00
756 0.0000e+00 0.0000e+00 1.7005e-04 8.4263e-08 1.7005e-04 1.8717e-01 0.0000e+00
757 0.0000e+00 0.0000e+00 1.6915e-04 7.6724e-08 1.6915e-04 1.8734e-01 0.0000e+00
758 0.0000e+00 0.0000e+00 1.6826e-04 6.9873e-08 1.6826e-04 1.8750e-01 0.0000e+00
759 0.0000e+00 0.0000e+00 1.6737e-04 6.3647e-08 1.6737e-04 1.8767e-01 0.0000e+00
760 0.0000e+00 0.0000e+00 1.6650e-04 5.6071e-08 1.6650e-04 1.8784e-01 0.0000e+00
761 0.0000e+00 0.0000e+00 1.6564e-04 5.1145e-08 1.6564e-04 1.8800e-01 0.0000e+00
762 0.0000e+00 0.0000e+00 1.6478e-04 4.6660e-08 1.6478e-04 1.8817e-01 0.0000e+00
763 0.0000e+00 0.0000e+00 1.6394e-04 4.2575e-08 1.6394e-04 1.8833e-01 0.0000e+00
764 0.0000e+00 0.0000e+00 1.6310e-04 3.8853e-08 1.6310e-04 1.8849e-01 0.0000e+00
765 0.0000e+00 9.6700e-05 1.6227e-04 3.5463e-08 1.6227e-04 1.8866e-01 0.0000e+00
766 0.0000e+00 1.8660e-04 1.6145e-04 3.2373e-08 1.6145e-04 1.8882e-01 0.0000e+00
767 0.0000e+00 2.6400e-04 1.6064e-04 2.9558e-08 1.6064e-04 1.8898e-01 0.0000e+00
768 0.0000e+00 3.2330e-04 1.5983e-04 2.6991e-08 1.5983e-04 1.8914e-01 0.0000e+00
769 0.0000e+00 3.5770e-04 1.5904e-04 2.4651e-08 1.5904e-04 1.8930e-01 0.0000e+00
770 0.0000e+00 3.7350e-04 1.5825e-04 2.2517e-08 1.5825e-04 1.8946e-01 0.0000e+00
771 0.0000e+00 3.5770e-04 1.5747e-04 2.0571e-08 1.5747e-04 1.8961e-01 0.0000e+00
772 0.0000e+00 3.2330e-04 1.5670e-04 1.6844e-08 1.5670e-04 1.8977e-01 0.0000e+00
773 0.0000e+00 2.6400e-04 1.5593e-04 1.5424e-08 1.5593e-04 1.8993e-01 0.0000e+00
774 0.0000e+00 1.8660e-04 1.5517e-04 1.4126e-08 1.5517e-04 1.9008e-01 0.0000e+00
775 0.0000e+00 9.0400e-05 1.5442e-04 1.2939e-08 1.5442e-04 1.9024e-01 0.0000e+00
776 0.0000e+00 0.0000e+00 1.5368e-04 1.1853e-08 1.5368e-04 1.9039e-01 0.0000e+00
777 0.0000e+00 0.0000e+00 1.5294e-04 1.0859e-08 1.5294e-04 1.9054e-01 0.0000e+00
778 0.0000e+00 0.0000e+00 1.5221e-04 9.9493e-09 1.5221e-04 1.9069e-01 0.0000e+00
779 0.0000e+00 0.0000e+00 1.5149e-04 9.1170e-09 1.5149e-04 1.9085e-01 0.0000e+00
780 0.0000e+00 0.0000e+00 1.5078e-04 8.3553e-09 1.5078e-04 1.9100e-01 0.0000e+00
781 0.0000e+00 0.0000e+00 1.5007e-04 7.6580e-09 1.5007e-04 1.9115e-01 0.0000e+00
782 0.0000e+00 0.0000e+00 1.4936e-04 7.0197e-09 1.4936e-04 1.9130e-01 0.0000e+00
783 0.0000e+00 0.0000e+00 1.4867e-04 6.4353e-09 1.4867e-04 1.9144e-01 0.0000e+00
784 0.0000e+00 0.0000e+00 1.4798e-04 4.4223e-09 1.4798e-04 1.9159e-01 0.0000e+00
785 0.0000e+00 0.0000e+00 1.4730e-04 4.0681e-09 1.4730e-04 1.9174e-01 0.0000e+00
786 0.0000e+00 0.0000e+00 1.4662e-04 3.7425e-09 1.4662e-04 1.9189e-01 0.0000e+00
787 0.0000e+00 0.0000e+00 1.4595e-04 3.4433e-09 1.4595e-04 1.9203e-01 0.0000e+00
788 0.0000e+00 0.0000e+00 1.4529e-04 3.1682e-09 1.4529e-04 1.9218e-01 0.0000e+00
789 0.0000e+00 1.2590e-04 1.4463e-04 2.9153e-09 1.4463e-04 1.9232e-01 0.0000e+00
790 0.0000e+00 2.4290e-04 1.4398e-04 2.6828e-09 1.4398e-04 1.9247e-01 0.0000e+00
791 0.0000e+00 3.4370e-04 1.4333e-04 2.4691e-09 1.4333e-04 1.9261e-01 0.0000e+00
792 0.0000e+00 4.2090e-04 1.4269e-04 2.2725e-09 1.4269e-04 1.9275e-01 0.0000e+00
793 0.0000e+00 4.6560e-04 1.4205e-04 2.0917e-09 1.4205e-04 1.9289e-01 0.0000e+00
794 0.0000e+00 4.8620e-04 1.4143e-04 1.9255e-09 1.4143e-04 1.9304e-01 0.0000e+00
795 0.0000e+00 4.6560e-04 1.4080e-04 1.7726e-09 1.4080e-04 1.9318e-01 0.0000e+00
796 0.0000e+00 4.2090e-04 1.4018e-04 8.5693e-10 1.4018e-04 1.9332e-01 0.0000e+00
797 0.0000e+00 3.4370e-04 1.3957e-04 7.9220e-10 1.3957e-04 1.9346e-01 0.0000e+00
798 0.0000e+00 2.4290e-04 1.3896e-04 7.3240e-10 1.3896e-04 1.9360e-01 0.0000e+00
799 0.0000e+00 1.1760e-04 1.3836e-04 6.7715e-10 1.3836e-04 1.9373e-01 0.0000e+00
800 0.0000e+00 0.0000e+00 1.3776e-04 6.2609e-10 1.3776e-04 1.9387e-01 0.0000e+00
801 0.0000e+00 0.0000e+00 1.3717e-04 5.7892e-10 1.3717e-04 1.9401e-01 0.0000e+00
802 0.0000e+00 0.0000e+00 1.3659e-04 5.3533e-10 1.3659e-04 1.9415e-01 0.0000e+00
803 0.0000e+00 0.0000e+00 1.3600e-04 4.9505e-10 1.3600e-04 1.9428e-01 0.0000e+00
804 0.0000e+00 0.0000e+00 1.3543e-04 4.5782e-10 1.3543e-04 1.9442e-01 0.0000e+00
805 0.0000e+00 0.0000e+00 1.3486e-04 4.2341e-10 1.3486e-04 1.9455e-01 0.0000e+00
806 0.0000e+00 0.0000e+00 1.3429e-04 3.9161e-10 1.3429e-04 1.9469e-01 0.0000e+00
807 0.0000e+00 0.0000e+00 1.3373e-04 3.6221e-10 1.3373e-04 1.9482e-01 0.0000e+00
808 0.0000e+00 0.0000e+00 1.3317e-04 8.5562e-11 1.3317e-04 1.9495e-01 0.0000e+00
809 0.0000e+00 0.0000e+00 1.3261e-04 7.9499e-11 1.3261e-04 1.9509e-01 0.0000e+00
810 0.0000e+00 0.0000e+00 1.3207e-04 7.3868e-11 1.3207e-04 1.9522e-01 0.0000e+00
811 0.0000e+00 0.0000e+00 1.3152e-04 6.8638e-11 1.3152e-04 1.9535e-01 0.0000e+00
812 0.0000e+00 0.0000e+00 1.3098e-04 6.3781e-11 1.3098e-04 1.9548e-01 0.0000e+00
813 0.0000e+00 3.0400e-05 1.3045e-04 5.9270e-11 1.3045e-04 1.9561e-01 0.0000e+00
814 0.0000e+00 5.8700e-05 1.2992e-04 5.5080e-11 1.2992e-04 1.9574e-01 0.0000e+00
815 0.0000e+00 8.3100e-05 1.2939e-04 5.1188e-11 1.2939e-04 1.9587e-01 0.0000e+00
816 0.0000e+00 1.0180e-04 1.2887e-04 4.7573e-11 1.2887e-04 1.9600e-01 0.0000e+00
817 0.0000e+00 1.1260e-04 1.2835e-04 4.4215e-11 1.2835e-04 1.9613e-01 0.0000e+00
818 0.0000e+00 1.1760e-04 1.2784e-04 4.1095e-11 1.2784e-04 1.9625e-01 0.0000e+00
819 0.0000e+00 1.1260e-04 1.2733e-04 3.8197e-11 1.2733e-04 1.9638e-01 0.0000e+00
820 0.0000e+00 1.0180e-04 1.2682e-04 0.0000e+00 1.2682e-04 1.9651e-01 0.0000e+00
821 0.0000e+00 8.3100e-05 1.2632e-04 0.0000e+00 1.2632e-04 1.9664e-01 0.0000e+00
822 0.0000e+00 5.8700e-05 1.2582e-04 0.0000e+00 1.2582e-04 1.9676e-01 0.0000e+00
823 0.0000e+00 2.8400e-05 1.2533e-04 0.0000e+00 1.2533e-04 1.9689e-01 0.0000e+00
824 0.0000e+00 0.0000e+00 1.2484e-04 0.0000e+00 1.2484e-04 1.9701e-01 0.0000e+00
825 0.0000e+00 0.0000e+00 1.2435e-04 0.0000e+00 1.2435e-04 1.9714e-01 0.0000e+00
826 0.0000e+00 0.0000e+00 1.2387e-04 0.0000e+00 1.2387e-04 1.9726e-01 0.0000e+00
827 0.0000e+00 0.0000e+00 1.2339e-04 0.0000e+00 1.2339e-04 1.9738e-01 0.0000e+00
828 0.0000e+00 0.0000e+00 1.2292e-04 0.0000e+00 1.2292e-04 1.9751e-01 0.0000e+00
829 0.0000e+00 0.0000e+00 1.2245e-04 0.0000e+00 1.2245e-04 1.9763e-01 0.0000e+00
830 0.0000e+00 0.0000e+00 1.2198e-04 0.0000e+00 1.2198e-04 1.9775e-01 0.0000e+00
831 0.0000e+00 0.0000e+00 1.2151e-04 0.0000e+00 1.2151e-04 1.9787e-01 0.0000e+00
832 0.0000e+00 0.0000e+00 1.2105e-04 0.0000e+00 1.2105e-04 1.9799e-01 0.0000e+00
833 0.0000e+00 0.0000e+00 1.2060e-04 0.0000e+00 1.2060e-04 1.9811e-01 0.0000e+00
834 0.0000e+00 0.0000e+00 1.2014e-04 0.0000e+00 1.2014e-04 1.9823e-01 0.0000e+00
835 0.0000e+00 0.0000e+00 1.1969e-04 0.0000e+00 1.1969e-04 1.9835e-01 0.0000e+00
836 0.0000e+00 0.0000e+00 1.1925e-04 0.0000e+00 1.1925e-04 1.9847e-01 0.0000e+00
837 0.0000e+00 6.6100e-05 1.1880e-04 0.0000e+00 1.1880e-04 1.9859e-01 0.0000e+00
838 0.0000e+00 1.2750e-04 1.1836e-04 0.0000e+00 1.1836e-04 1.9871e-01 0.0000e+00
839 0.0000e+00 1.8040e-04 1.1793e-04 0.0000e+00 1.1793e-04 1.9883e-01 0.0000e+00
840 0.0000e+00 2.2090e-04 1.1749e-04 0.0000e+00 1.1749e-04 1.9894e-01 0.0000e+00
841 0.0000e+00 2.4430e-04 1.1706e-04 0.0000e+00 1.1706e-04 1.9906e-01 0.0000e+00
842 0.0000e+00 2.5510e-04 1.1663e-04 0.0000e+00 1.1663e-04 1.9918e-01 0.0000e+00
843 0.0000e+00 2.4430e-04 1.1621e-04 0.0000e+00 1.1621e-04 1.9929e-01 0.0000e+00
844 0.0000e+00 2.2090e-04 1.1579e-04 0.0000e+00 1.1579e-04 1.9941e-01 0.0000e+00
845 0.0000e+00 1.8040e-04 1.1537e-04 0.0000e+00 1.1537e-04 1.9953e-01 0.0000e+00
846 0.0000e+00 1.2750e-04 1.1495e-04 0.0000e+00 1.1495e-04 1.9964e-01 0.0000e+00
847 0.0000e+00 6.1700e-05 1.1454e-04 0.0000e+00 1.1454e-04 1.9976e-01 0.0000e+00
848 0.0000e+00 0.0000e+00 1.1413e-04 0.0000e+00 1.1413e-04 1.9987e-01 0.0000e+00
849 0.0000e+00 0.0000e+00 1.1373e-04 0.0000e+00 1.1373e-04 1.9998e-01 0.0000e+00
850 0.0000e+00 0.0000e+00 1.1332e-04 0.0000e+00 1.1332e-04 2.0010e-01 0.0000e+00
851 0.0000e+00 0.0000e+00 1.1292e-04 0.0000e+00 1.1292e-04 2.0021e-01 0.0000e+00
852 0.0000e+00 0.0000e+00 1.1252e-04 0.0000e+00 1.1252e-04 2.0032e-01 0.0000e+00
853 0.0000e+00 0.0000e+00 1.1213e-04 0.0000e+00 1.1213e-04 2.0043e-01 0.0000e+00
854 0.0000e+00 0.0000e+00 1.1174e-04 0.0000e+00 1.1174e-04 2.0055e-01 0.0000e+00
855 0.0000e+00 0.0000e+00 1.1135e-04 0.0000e+00 1.1135e-04 2.0066e-01 0.0000e+00
856 0.0000e+00 0.0000e+00 1.1096e-04 0.0000e+00 1.1096e-04 2.0077e-01 0.0000e+00
857 0.0000e+00 0.0000e+00 1.1058e-04 0.0000e+00 1.1058e-04 2.0088e-01 0.0000e+00
858 0.0000e+00 0.0000e+00 1.1020e-04 0.0000e+00 1.1020e-04 2.0099e-01 0.0000e+00
859 0.0000e+00 0.0000e+00 1.0982e-04 0.0000e+00 1.0982e-04 2.0110e-01 0.0000e+00
860 0.0000e+00 0.0000e+00 1.0944e-04 0.0000e+00 1.0944e-04 2.0121e-01 0.0000e+00
861 0.0000e+00 9.7600e-05 1.0907e-04 0.0000e+00 1.0907e-04 2.0132e-01 0.0000e+00
862 0.0000e+00 1.8830e-04 1.0870e-04 0.0000e+00 1.0870e-04 2.0143e-01 0.0000e+00
863 0.0000e+00 2.6650e-04 1.0833e-04 0.0000e+00 1.0833e-04 2.0153e-01 0.0000e+00
864 0.0000e+00 3.2630e-04 1.0796e-04 0.0000e+00 1.0796e-04 2.0164e-01 0.0000e+00
865 0.0000e+00 3.6100e-04 1.0760e-04 0.0000e+00 1.0760e-04 2.0175e-01 0.0000e+00
866 0.0000e+00 3.7690e-04 1.0724e-04 0.0000e+00 1.0724e-04 2.0186e-01 0.0000e+00
867 0.0000e+00 3.6100e-04 1.0688e-04 0.0000e+00 1.0688e-04 2.0196e-01 0.0000e+00
868 0.0000e+00 3.2630e-04 1.0652e-04 0.0000e+00 1.0652e-04 2.0207e-01 0.0000e+00
869 0.0000e+00 2.6650e-04 1.0617e-04 0.0000e+00 1.0617e-04 2.0218e-01 0.0000e+00
870 0.0000e+00 1.8830e-04 1.0582e-04 0.0000e+00 1.0582e-04 2.0228e-01 0.0000e+00
871 0.0000e+00 9.1200e-05 1.0547e-04 0.0000e+00 1.0547e-04 2.0239e-01 0.0000e+00
872 0.0000e+00 0.0000e+00 1.0512e-04 0.0000e+00 1.0512e-04 2.0249e-01 0.0000e+00
873 0.0000e+00 0.0000e+00 1.0477e-04 0.0000e+00 1.0477e-04 2.0260e-01 0.0000e+00
874 0.0000e+00 0.0000e+00 1.0443e-04 0.0000e+00 1.0443e-04 2.0270e-01 0.0000e+00
875 0.0000e+00 0.0000e+00 1.0409e-04 0.0000e+00 1.0409e-04 2.0281e-01 0.0000e+00
876 0.0000e+00 0.0000e+00 1.0375e-04 0.0000e+00 1.0375e-04 2.0291e-01 0.0000e+00
877 0.0000e+00 0.0000e+00 1.0342e-04 0.0000e+00 1.0342e-04 2.0301e-01 0.0000e+00
878 0.0000e+00 0.0000e+00 1.0308e-04 0.0000e+00 1.0308e-04 2.0312e-01 0.0000e+00
879 0.0000e+00 0.0000e+00 1.0275e-04 0.0000e+00 1.0275e-04 2.0322e-01 0.0000e+00
880 0.0000e+00 0.0000e+00 1.0242e-04 0.0000e+00 1.0242e-04 2.0332e-01 0.0000e+00
881 0.0000e+00 0.0000e+00 1.0210e-04 0.0000e+00 1.0210e-04 2.0342e-01 0.0000e+00
882 0.0000e+00 0.0000e+00 1.0177e-04 0.0000e+00 1.0177e-04 2.0353e-01 0.0000e+00
883 0.0000e+00 0.0000e+00 1.0145e-04 0.0000e+00 1.0145e-04 2.0363e-01 0.0000e+00
884 0.0000e+00 0.0000e+00 1.0113e-04 0.0000e+00 1.0113e-04 2.0373e-01 0.0000e+00
885 0.0000e+00 6.4300e-05 1.0081e-04 0.0000e+00 1.0081e-04 2.0383e-01 0.0000e+00
886 0.0000e+00 1.2410e-04 1.0049e-04 0.0000e+00 1.0049e-04 2.0393e-01 0.0000e+00
887 0.0000e+00 1.7560e-04 1.0018e-04 0.0000e+00 1.0018e-04 2.0403e-01 0.0000e+00
888 0.0000e+00 2.1500e-04 9.9862e-05 0.0000e+00 9.9862e-05 2.0413e-01 0.0000e+00
889 0.0000e+00 2.3790e-04 9.9551e-05 0.0000e+00 9.9551e-05 2.0423e-01 0.0000e+00
890 0.0000e+00 2.4840e-04 9.9242e-05 0.0000e+00 9.9242e-05 2.0433e-01 0.0000e+00
891 0.0000e+00 2.3790e-04 9.8934e-05 0.0000e+00 9.8934e-05 2.0443e-01 0.0000e+00
892 0.0000e+00 2.1500e-04 9.8629e-05 0.0000e+00 9.8629e-05 2.0453e-01 0.0000e+00
893 0.0000e+00 1.7560e-04 9.8325e-05 0.0000e+00 9.8325e-05 2.0462e-01 0.0000e+00
894 0.0000e+00 1.2410e-04 9.8024e-05 0.0000e+00 9.8024e-05 2.0472e-01 0.0000e+00
895 0.0000e+00 6.0100e-05 9.7724e-05 0.0000e+00 9.7724e-05 2.0482e-01 0.0000e+00
896 0.0000e+00 0.0000e+00 9.7426e-05 0.0000e+00 9.7426e-05 2.0492e-01 0.0000e+00
897 0.0000e+00 0.0000e+00 9.7130e-05 0.0000e+00 9.7130e-05 2.0501e-01 0.0000e+00
898 0.0000e+00 0.0000e+00 9.6835e-05 0.0000e+00 9.6835e-05 2.0511e-01 0.0000e+00
899 0.0000e+00 0.0000e+00 9.6543e-05 0.0000e+00 9.6543e-05 2.0521e-01 0.0000e+00
900 0.0000e+00 0.0000e+00 9.6252e-05 0.0000e+00 9.6252e-05 2.0530e-01 0.0000e+00
901 0.0000e+00 0.0000e+00 9.5963e-05 0.0000e+00 9.5963e-05 2.0540e-01 0.0000e+00
902 0.0000e+00 0.0000e+00 9.5676e-05 0.0000e+00 9.5676e-05 2.0550e-01 0.0000e+00
903 0.0000e+00 0.0000e+00 9.5390e-05 0.0000e+00 9.5390e-05 2.0559e-01 0.0000e+00
904 0.0000e+00 0.0000e+00 9.5106e-05 0.0000e+00 9.5106e-05 2.0569e-01 0.0000e+00
905 0.0000e+00 0.0000e+00 9.4824e-05 0.0000e+00 9.4824e-05 2.0578e-01 0.0000e+00
906 0.0000e+00 0.0000e+00 9.4543e-05 0.0000e+00 9.4543e-05 2.0588e-01 0.0000e+00
907 0.0000e+00 0.0000e+00 9.4264e-05 0.0000e+00 9.4264e-05 2.0597e-01 0.0000e+00
908 0.0000e+00 0.0000e+00 9.3987e-05 0.0000e+00 9.3987e-05 2.0606e-01 0.0000e+00
909 0.0000e+00 8.0200e-05 9.3711e-05 0.0000e+00 9.3711e-05 2.0616e-01 0.0000e+00
910 0.0000e+00 1.5480e-04 9.3437e-05 0.0000e+00 9.3437e-05 2.0625e-01 0.0000e+00
911 0.0000e+00 2.1910e-04 9.3165e-05 0.0000e+00 9.3165e-05 2.0634e-01 0.0000e+00
912 0.0000e+00 2.6830e-04 9.2894e-05 0.0000e+00 9.2894e-05 2.0644e-01 0.0000e+00
913 0.0000e+00 2.9680e-04 9.2625e-05 0.0000e+00 9.2625e-05 2.0653e-01 0.0000e+00
914 0.0000e+00 3.0990e-04 9.2357e-05 0.0000e+00 9.2357e-05 2.0662e-01 0.0000e+00
915 0.0000e+00 2.9680e-04 9.2091e-05 0.0000e+00 9.2091e-05 2.0671e-01 0.0000e+00
916 0.0000e+00 2.6830e-04 9.1826e-05 0.0000e+00 9.1826e-05 2.0681e-01 0.0000e+00
917 0.0000e+00 2.1910e-04 9.1563e-05 0.0000e+00 9.1563e-05 2.0690e-01 0.0000e+00
918 0.0000e+00 1.5480e-04 9.1302e-05 0.0000e+00 9.1302e-05 2.0699e-01 0.0000e+00
919 0.0000e+00 7.5000e-05 9.1041e-05 0.0000e+00 9.1041e-05 2.0708e-01 0.0000e+00
920 0.0000e+00 0.0000e+00 9.0783e-05 0.0000e+00 9.0783e-05 2.0717e-01 0.0000e+00
921 0.0000e+00 0.0000e+00 9.0526e-05 0.0000e+00 9.0526e-05 2.0726e-01 0.0000e+00
922 0.0000e+00 0.0000e+00 9.0270e-05 0.0000e+00 9.0270e-05 2.0735e-01 0.0000e+00
923 0.0000e+00 0.0000e+00 9.0016e-05 0.0000e+00 9.0016e-05 2.0744e-01 0.0000e+00
924 0.0000e+00 0.0000e+00 8.9763e-05 0.0000e+00 8.9763e-05 2.0753e-01 0.0000e+00
925 0.0000e+00 0.0000e+00 8.9511e-05 0.0000e+00 8.9511e-05 2.0762e-01 0.0000e+00
926 0.0000e+00 0.0000e+00 8.9261e-05 0.0000e+00 8.9261e-05 2.0771e-01 0.0000e+00
927 0.0000e+00 0.0000e+00 8.9013e-05 0.0000e+00 8.9013e-05 2.0780e-01 0.0000e+00
928 0.0000e+00 0.0000e+00 8.8765e-05 0.0000e+00 8.8765e-05 2.0789e-01 0.0000e+00
929 0.0000e+00 0.0000e+00 8.8519e-05 0.0000e+00 8.8519e-05 2.0798e-01 0.0000e+00
930 0.0000e+00 0.0000e+00 8.8275e-05 0.0000e+00 8.8275e-05 2.0806e-01 0.0000e+00
931 0.0000e+00 0.0000e+00 8.8032e-05 0.0000e+00 8.8032e-05 2.0815e-01 0.0000e+00
932 0.0000e+00 0.0000e+00 8.7790e-05 0.0000e+00 8.7790e-05 2.0824e-01 0.0000e+00
933 0.0000e+00 9.6000e-05 8.7549e-05 0.0000e+00 8.7549e-05 2.0833e-01 0.0000e+00
934 0.0000e+00 1.8520e-04 8.7310e-05 0.0000e+00 8.7310e-05 2.0842e-01 0.0000e+00
935 0.0000e+00 2.6210e-04 8.7072e-05 0.0000e+00 8.7072e-05 2.0850e-01 0.0000e+00
936 0.0000e+00 3.2090e-04 8.6836e-05 0.0000e+00 8.6836e-05 2.0859e-01 0.0000e+00
937 0.0000e+00 3.5500e-04 8.6600e-05 0.0000e+00 8.6600e-05 2.0868e-01 0.0000e+00
938 0.0000e+00 3.7070e-04 8.6366e-05 0.0000e+00 8.6366e-05 2.0876e-01 0.0000e+00
939 0.0000e+00 3.5500e-04 8.6134e-05 0.0000e+00 8.6134e-05 2.0885e-01 0.0000e+00
940 0.0000e+00 3.2090e-04 8.5902e-05 0.0000e+00 8.5902e-05 2.0893e-01 0.0000e+00
941 0.0000e+00 2.6210e-04 8.5672e-05 0.0000e+00 8.5672e-05 2.0902e-01 0.0000e+00
942 0.0000e+00 1.8520e-04 8.5443e-05 0.0000e+00 8.5443e-05 2.0911e-01 0.0000e+00
943 0.0000e+00 8.9700e-05 8.5215e-05 0.0000e+00 8.5215e-05 2.0919e-01 0.0000e+00
944 0.0000e+00 0.0000e+00 8.4988e-05 0.0000e+00 8.4988e-05 2.0928e-01 0.0000e+00
945 0.0000e+00 0.0000e+00 8.4763e-05 0.0000e+00 8.4763e-05 2.0936e-01 0.0000e+00
946 0.0000e+00 0.0000e+00 8.4539e-05 0.0000e+00 8.4539e-05 2.0944e-01 0.0000e+00
947 0.0000e+00 0.0000e+00 8.4316e-05 0.0000e+00 8.4316e-05 2.0953e-01 0.0000e+00
948 0.0000e+00 0.0000e+00 8.4094e-05 0.0000e+00 8.4094e-05 2.0961e-01 0.0000e+00
949 0.0000e+00 0.0000e+00 8.3873e-05 0.0000e+00 8.3873e-05 2.0970e-01 0.0000e+00
950 0.0000e+00 0.0000e+00 8.3653e-05 0.0000e+00 8.3653e-05 2.0978e-01 0.0000e+00
Objective function values:
F1 1.513228e-06    NSE 0.73987   F2 2.838342e-02
Mean Obs Q 1.590065e-04   Variance Obs Q 6.123405e-09
    Error Variance 1.592872e-09

Water Balance for Subcatchment: Extracted study basin: Taegu Pyungkwang River

   SUMP       SUMAE      SUMQ       SUMRZ      SUMUZ      SBAR        BAL
1.890e-01  4.579e-02  1.251e-01  1.939e-02  0.000e+00  2.098e-01  5.669e-03
