Taegu Pyungkwang River Catchment: Calibration Data

Subcatchment : Extracted study basin: cat-10279

TL =     6.40
SUMAC =     1.00
SZQ =       0.24604
Subcatchment routing data:
Maximum Routing Delay       0.69444
Sum of Histogram ordinates:     1.0000
     1.00000 
Initial BAL             -0.28753
Initial SBAR             0.28553
Initial SR0              0.00200
it      p        ep       q(it)       quz      q       sbar       qof
1 0.0000e+00 6.1900e-05 3.2800e-05 0.0000e+00 3.2800e-05 2.8556e-01 0.0000e+00
2 0.0000e+00 6.4700e-05 3.2766e-05 0.0000e+00 3.2766e-05 2.8560e-01 0.0000e+00
3 1.0000e-03 6.1900e-05 3.2733e-05 0.0000e+00 3.2733e-05 2.8563e-01 0.0000e+00
4 1.0000e-03 5.6000e-05 3.2699e-05 0.0000e+00 3.2699e-05 2.8566e-01 0.0000e+00
5 1.0000e-03 4.5700e-05 3.5079e-05 5.7379e-05 3.2666e-05 2.8564e-01 2.4132e-06
6 5.0000e-04 3.2300e-05 3.4130e-05 8.3470e-05 3.2691e-05 2.8559e-01 1.4383e-06
7 5.0000e-04 1.5600e-05 3.4224e-05 1.0857e-04 3.2743e-05 2.8551e-01 1.4807e-06
8 0.0000e+00 0.0000e+00 3.2821e-05 9.5929e-05 3.2821e-05 2.8545e-01 0.0000e+00
9 5.0000e-04 0.0000e+00 3.4419e-05 1.2255e-04 3.2886e-05 2.8536e-01 1.5336e-06
10 5.0000e-04 0.0000e+00 3.4561e-05 1.4647e-04 3.2978e-05 2.8524e-01 1.5830e-06
11 0.0000e+00 0.0000e+00 3.3095e-05 1.3017e-04 3.3095e-05 2.8515e-01 0.0000e+00
12 0.0000e+00 0.0000e+00 3.3196e-05 1.1706e-04 3.3196e-05 2.8506e-01 0.0000e+00
13 1.0000e-03 0.0000e+00 3.6449e-05 1.8109e-04 3.3283e-05 2.8492e-01 3.1660e-06
14 5.0000e-04 0.0000e+00 3.5020e-05 1.9796e-04 3.3437e-05 2.8475e-01 1.5830e-06
15 5.0000e-04 0.0000e+00 3.5192e-05 2.1439e-04 3.3609e-05 2.8457e-01 1.5830e-06
16 1.0000e-03 0.0000e+00 3.6966e-05 2.6723e-04 3.3800e-05 2.8434e-01 3.1660e-06
17 0.0000e+00 0.0000e+00 3.4047e-05 2.3747e-04 3.4047e-05 2.8413e-01 0.0000e+00
18 0.0000e+00 0.0000e+00 3.4264e-05 2.1377e-04 3.4264e-05 2.8395e-01 0.0000e+00
19 0.0000e+00 0.0000e+00 3.4457e-05 1.9286e-04 3.4457e-05 2.8379e-01 0.0000e+00
20 0.0000e+00 0.0000e+00 3.4628e-05 1.7425e-04 3.4628e-05 2.8366e-01 0.0000e+00
21 0.0000e+00 1.8000e-05 3.4779e-05 1.5762e-04 3.4779e-05 2.8353e-01 0.0000e+00
22 0.0000e+00 3.4800e-05 3.4913e-05 1.4271e-04 3.4913e-05 2.8342e-01 0.0000e+00
23 0.0000e+00 4.9200e-05 3.5031e-05 1.2931e-04 3.5031e-05 2.8333e-01 0.0000e+00
24 3.0000e-03 6.0200e-05 4.6839e-05 3.3577e-04 3.5134e-05 2.8303e-01 1.1705e-05
25 2.0000e-03 6.6600e-05 4.3371e-05 4.4217e-04 3.5466e-05 2.8262e-01 7.9056e-06
26 5.5000e-03 6.9600e-05 5.9624e-05 8.0239e-04 3.5920e-05 2.8186e-01 2.3705e-05
27 6.0000e-03 6.6600e-05 6.2715e-05 1.1595e-03 3.6790e-05 2.8073e-01 2.5925e-05
28 1.0000e-03 6.0200e-05 4.2184e-05 1.1021e-03 3.8104e-05 2.7967e-01 4.0803e-06
29 2.5000e-03 4.9200e-05 5.0058e-05 1.1761e-03 3.9392e-05 2.7853e-01 1.0666e-05
30 0.0000e+00 3.4800e-05 4.0817e-05 1.0542e-03 4.0817e-05 2.7752e-01 0.0000e+00
31 0.0000e+00 1.6800e-05 4.2130e-05 9.4973e-04 4.2130e-05 2.7661e-01 0.0000e+00
32 1.0000e-03 0.0000e+00 4.7273e-05 9.2693e-04 4.3342e-05 2.7573e-01 3.9311e-06
33 5.0000e-04 0.0000e+00 4.6741e-05 8.7366e-04 4.4555e-05 2.7490e-01 2.1857e-06
34 0.0000e+00 0.0000e+00 4.5725e-05 7.8709e-04 4.5725e-05 2.7416e-01 0.0000e+00
35 0.0000e+00 0.0000e+00 4.6796e-05 7.1046e-04 4.6796e-05 2.7349e-01 0.0000e+00
36 0.0000e+00 0.0000e+00 4.7777e-05 6.4170e-04 4.7777e-05 2.7290e-01 0.0000e+00
37 0.0000e+00 0.0000e+00 4.8672e-05 5.7984e-04 4.8672e-05 2.7237e-01 0.0000e+00
38 0.0000e+00 0.0000e+00 4.9487e-05 5.2413e-04 4.9487e-05 2.7189e-01 0.0000e+00
39 0.0000e+00 0.0000e+00 5.0226e-05 4.7390e-04 5.0226e-05 2.7147e-01 0.0000e+00
40 0.0000e+00 0.0000e+00 5.0896e-05 4.2861e-04 5.0896e-05 2.7109e-01 0.0000e+00
41 0.0000e+00 0.0000e+00 5.1500e-05 3.8774e-04 5.1500e-05 2.7076e-01 0.0000e+00
42 0.0000e+00 0.0000e+00 5.2044e-05 3.5086e-04 5.2044e-05 2.7046e-01 0.0000e+00
43 0.0000e+00 0.0000e+00 5.2532e-05 3.1757e-04 5.2532e-05 2.7019e-01 0.0000e+00
44 0.0000e+00 0.0000e+00 5.2969e-05 2.8751e-04 5.2969e-05 2.6996e-01 0.0000e+00
45 0.0000e+00 3.3800e-05 5.3359e-05 2.6037e-04 5.3359e-05 2.6975e-01 0.0000e+00
46 1.0000e-03 6.5200e-05 5.7929e-05 3.1462e-04 5.3705e-05 2.6949e-01 4.2237e-06
47 0.0000e+00 9.2300e-05 5.4145e-05 2.8062e-04 5.4145e-05 2.6926e-01 0.0000e+00
48 5.0000e-04 1.1300e-04 5.6027e-05 2.8083e-04 5.4529e-05 2.6904e-01 1.4978e-06
49 0.0000e+00 1.2500e-04 5.4916e-05 2.5195e-04 5.4916e-05 2.6884e-01 0.0000e+00
50 1.0000e-03 1.3050e-04 5.8588e-05 2.8968e-04 5.5255e-05 2.6861e-01 3.3323e-06
51 2.5000e-03 1.2500e-04 6.6020e-05 4.5274e-04 5.5662e-05 2.6821e-01 1.0358e-05
52 3.0000e-03 1.1300e-04 6.8925e-05 6.3395e-04 5.6357e-05 2.6763e-01 1.2568e-05
53 2.5000e-03 9.2300e-05 6.7818e-05 7.5325e-04 5.7383e-05 2.6694e-01 1.0435e-05
54 3.0000e-03 6.5200e-05 7.1502e-05 9.0490e-04 5.8645e-05 2.6609e-01 1.2857e-05
55 2.5000e-03 3.1600e-05 7.1707e-05 9.9990e-04 6.0216e-05 2.6515e-01 1.1490e-05
56 2.0000e-03 0.0000e+00 7.2346e-05 1.0480e-03 6.2011e-05 2.6416e-01 1.0336e-05
57 1.0000e-03 0.0000e+00 7.0115e-05 1.0127e-03 6.3951e-05 2.6322e-01 6.1637e-06
58 1.0000e-03 0.0000e+00 7.2056e-05 9.8608e-04 6.5876e-05 2.6230e-01 6.1800e-06
59 0.0000e+00 0.0000e+00 6.7798e-05 8.7906e-04 6.7798e-05 2.6148e-01 0.0000e+00
60 5.0000e-04 0.0000e+00 7.2628e-05 8.2900e-04 6.9538e-05 2.6072e-01 3.0900e-06
61 5.0000e-04 0.0000e+00 7.4298e-05 7.8342e-04 7.1208e-05 2.6001e-01 3.0900e-06
62 0.0000e+00 0.0000e+00 7.2811e-05 7.0003e-04 7.2811e-05 2.5939e-01 0.0000e+00
63 0.0000e+00 0.0000e+00 7.4252e-05 6.2718e-04 7.4252e-05 2.5883e-01 0.0000e+00
64 0.0000e+00 0.0000e+00 7.5546e-05 5.6238e-04 7.5546e-05 2.5835e-01 0.0000e+00
65 0.0000e+00 0.0000e+00 7.6705e-05 5.0458e-04 7.6705e-05 2.5792e-01 0.0000e+00
66 0.0000e+00 0.0000e+00 7.7737e-05 4.5295e-04 7.7737e-05 2.5754e-01 0.0000e+00
67 0.0000e+00 0.0000e+00 7.8654e-05 4.0678e-04 7.8654e-05 2.5721e-01 0.0000e+00
68 0.0000e+00 0.0000e+00 7.9465e-05 3.6547e-04 7.9465e-05 2.5693e-01 0.0000e+00
69 0.0000e+00 4.1400e-05 8.0178e-05 3.2848e-04 8.0178e-05 2.5668e-01 0.0000e+00
70 0.0000e+00 7.9800e-05 8.0803e-05 2.9535e-04 8.0803e-05 2.5647e-01 0.0000e+00
71 0.0000e+00 1.1290e-04 8.1346e-05 2.6567e-04 8.1346e-05 2.5628e-01 0.0000e+00
72 0.0000e+00 1.3830e-04 8.1816e-05 2.3906e-04 8.1816e-05 2.5612e-01 0.0000e+00
73 0.0000e+00 1.5300e-04 8.2219e-05 2.1520e-04 8.2219e-05 2.5599e-01 0.0000e+00
74 0.0000e+00 1.5980e-04 8.2562e-05 1.9379e-04 8.2562e-05 2.5588e-01 0.0000e+00
75 0.0000e+00 1.5300e-04 8.2849e-05 1.7458e-04 8.2849e-05 2.5579e-01 0.0000e+00
76 0.0000e+00 1.3830e-04 8.3087e-05 1.5734e-04 8.3087e-05 2.5571e-01 0.0000e+00
77 0.0000e+00 1.1290e-04 8.3280e-05 1.4185e-04 8.3280e-05 2.5565e-01 0.0000e+00
78 0.0000e+00 7.9800e-05 8.3432e-05 1.2793e-04 8.3432e-05 2.5561e-01 0.0000e+00
79 0.0000e+00 3.8700e-05 8.3548e-05 1.1542e-04 8.3548e-05 2.5558e-01 0.0000e+00
80 0.0000e+00 0.0000e+00 8.3632e-05 1.0417e-04 8.3632e-05 2.5556e-01 0.0000e+00
81 0.0000e+00 0.0000e+00 8.3685e-05 9.4058e-05 8.3685e-05 2.5555e-01 0.0000e+00
82 0.0000e+00 0.0000e+00 8.3713e-05 8.4956e-05 8.3713e-05 2.5555e-01 0.0000e+00
83 0.0000e+00 0.0000e+00 8.3716e-05 7.6761e-05 8.3716e-05 2.5555e-01 0.0000e+00
84 0.0000e+00 0.0000e+00 8.3698e-05 6.9382e-05 8.3698e-05 2.5557e-01 0.0000e+00
85 0.0000e+00 0.0000e+00 8.3660e-05 6.2735e-05 8.3660e-05 2.5559e-01 0.0000e+00
86 0.0000e+00 0.0000e+00 8.3606e-05 5.6744e-05 8.3606e-05 2.5562e-01 0.0000e+00
87 0.0000e+00 0.0000e+00 8.3535e-05 5.1343e-05 8.3535e-05 2.5565e-01 0.0000e+00
88 0.0000e+00 0.0000e+00 8.3451e-05 4.6472e-05 8.3451e-05 2.5568e-01 0.0000e+00
89 0.0000e+00 0.0000e+00 8.3355e-05 4.2078e-05 8.3355e-05 2.5573e-01 0.0000e+00
90 0.0000e+00 0.0000e+00 8.3248e-05 3.8111e-05 8.3248e-05 2.5577e-01 0.0000e+00
91 0.0000e+00 0.0000e+00 8.3130e-05 3.4530e-05 8.3130e-05 2.5582e-01 0.0000e+00
92 0.0000e+00 0.0000e+00 8.3004e-05 3.1295e-05 8.3004e-05 2.5587e-01 0.0000e+00
93 0.0000e+00 1.9100e-05 8.2870e-05 2.8373e-05 8.2870e-05 2.5593e-01 0.0000e+00
94 0.0000e+00 3.6800e-05 8.2729e-05 2.5731e-05 8.2729e-05 2.5598e-01 0.0000e+00
95 0.0000e+00 5.2100e-05 8.2582e-05 2.3343e-05 8.2582e-05 2.5604e-01 0.0000e+00
96 0.0000e+00 6.3800e-05 8.2429e-05 2.1183e-05 8.2429e-05 2.5610e-01 0.0000e+00
97 5.0000e-04 7.0600e-05 8.2271e-05 1.9228e-05 8.2271e-05 2.5617e-01 0.0000e+00
98 5.0000e-04 7.3700e-05 8.2110e-05 1.7459e-05 8.2110e-05 2.5623e-01 0.0000e+00
99 0.0000e+00 7.0600e-05 8.1944e-05 1.5858e-05 8.1944e-05 2.5630e-01 0.0000e+00
100 0.0000e+00 6.3800e-05 8.1775e-05 1.4407e-05 8.1775e-05 2.5636e-01 0.0000e+00
101 0.0000e+00 5.2100e-05 8.1603e-05 1.3093e-05 8.1603e-05 2.5643e-01 0.0000e+00
102 0.0000e+00 3.6800e-05 8.1428e-05 1.1902e-05 8.1428e-05 2.5650e-01 0.0000e+00
103 0.0000e+00 1.7800e-05 8.1252e-05 1.0822e-05 8.1252e-05 2.5657e-01 0.0000e+00
104 0.0000e+00 0.0000e+00 8.1073e-05 9.8435e-06 8.1073e-05 2.5664e-01 0.0000e+00
105 0.0000e+00 0.0000e+00 8.0893e-05 8.9555e-06 8.0893e-05 2.5672e-01 0.0000e+00
106 0.0000e+00 0.0000e+00 8.0711e-05 8.1497e-06 8.0711e-05 2.5679e-01 0.0000e+00
107 0.0000e+00 0.0000e+00 8.0528e-05 7.4184e-06 8.0528e-05 2.5686e-01 0.0000e+00
108 0.0000e+00 0.0000e+00 8.0344e-05 6.7544e-06 8.0344e-05 2.5694e-01 0.0000e+00
109 0.0000e+00 0.0000e+00 8.0160e-05 6.1514e-06 8.0160e-05 2.5701e-01 0.0000e+00
110 0.0000e+00 0.0000e+00 7.9975e-05 5.6036e-06 7.9975e-05 2.5708e-01 0.0000e+00
111 5.0000e-04 0.0000e+00 7.9789e-05 5.1059e-06 7.9789e-05 2.5716e-01 0.0000e+00
112 0.0000e+00 0.0000e+00 7.9603e-05 4.6532e-06 7.9603e-05 2.5723e-01 0.0000e+00
113 0.0000e+00 0.0000e+00 7.9417e-05 4.2420e-06 7.9417e-05 2.5731e-01 0.0000e+00
114 0.0000e+00 0.0000e+00 7.9230e-05 3.8680e-06 7.9230e-05 2.5738e-01 0.0000e+00
115 0.0000e+00 0.0000e+00 7.9044e-05 3.5278e-06 7.9044e-05 2.5746e-01 0.0000e+00
116 0.0000e+00 0.0000e+00 7.8858e-05 3.2182e-06 7.8858e-05 2.5754e-01 0.0000e+00
117 0.0000e+00 1.0200e-05 7.8672e-05 2.9365e-06 7.8672e-05 2.5761e-01 0.0000e+00
118 0.0000e+00 1.9800e-05 7.8486e-05 2.6801e-06 7.8486e-05 2.5769e-01 0.0000e+00
119 0.0000e+00 2.8000e-05 7.8300e-05 2.4465e-06 7.8300e-05 2.5776e-01 0.0000e+00
120 0.0000e+00 3.4200e-05 7.8115e-05 2.2338e-06 7.8115e-05 2.5784e-01 0.0000e+00
121 0.0000e+00 3.7900e-05 7.7930e-05 2.0401e-06 7.7930e-05 2.5791e-01 0.0000e+00
122 0.0000e+00 3.9500e-05 7.7745e-05 1.8635e-06 7.7745e-05 2.5799e-01 0.0000e+00
123 0.0000e+00 3.7900e-05 7.7561e-05 1.7022e-06 7.7561e-05 2.5807e-01 0.0000e+00
124 0.0000e+00 3.4200e-05 7.7377e-05 1.5555e-06 7.7377e-05 2.5814e-01 0.0000e+00
125 0.0000e+00 2.8000e-05 7.7194e-05 1.4218e-06 7.7194e-05 2.5822e-01 0.0000e+00
126 0.0000e+00 1.9800e-05 7.7011e-05 1.2998e-06 7.7011e-05 2.5829e-01 0.0000e+00
127 0.0000e+00 9.6000e-06 7.6829e-05 1.1885e-06 7.6829e-05 2.5837e-01 0.0000e+00
128 0.0000e+00 0.0000e+00 7.6648e-05 1.0870e-06 7.6648e-05 2.5844e-01 0.0000e+00
129 0.0000e+00 0.0000e+00 7.6467e-05 9.9432e-07 7.6467e-05 2.5852e-01 0.0000e+00
130 0.0000e+00 0.0000e+00 7.6287e-05 9.0972e-07 7.6287e-05 2.5860e-01 0.0000e+00
131 0.0000e+00 0.0000e+00 7.6108e-05 8.3248e-07 7.6108e-05 2.5867e-01 0.0000e+00
132 0.0000e+00 0.0000e+00 7.5929e-05 7.6193e-07 7.5929e-05 2.5875e-01 0.0000e+00
133 0.0000e+00 0.0000e+00 7.5751e-05 6.9749e-07 7.5751e-05 2.5882e-01 0.0000e+00
134 0.0000e+00 0.0000e+00 7.5573e-05 6.3862e-07 7.5573e-05 2.5890e-01 0.0000e+00
135 0.0000e+00 0.0000e+00 7.5396e-05 5.8430e-07 7.5396e-05 2.5897e-01 0.0000e+00
136 0.0000e+00 0.0000e+00 7.5220e-05 5.3520e-07 7.5220e-05 2.5905e-01 0.0000e+00
137 0.0000e+00 0.0000e+00 7.5045e-05 4.9031e-07 7.5045e-05 2.5912e-01 0.0000e+00
138 0.0000e+00 0.0000e+00 7.4870e-05 4.4926e-07 7.4870e-05 2.5919e-01 0.0000e+00
139 0.0000e+00 0.0000e+00 7.4696e-05 4.1172e-07 7.4696e-05 2.5927e-01 0.0000e+00
140 0.0000e+00 0.0000e+00 7.4523e-05 3.7737e-07 7.4523e-05 2.5934e-01 0.0000e+00
141 5.0000e-04 4.1400e-05 7.4351e-05 3.4595e-07 7.4351e-05 2.5942e-01 0.0000e+00
142 0.0000e+00 7.9900e-05 7.4179e-05 3.1720e-07 7.4179e-05 2.5949e-01 0.0000e+00
143 0.0000e+00 1.1300e-04 7.4008e-05 2.9088e-07 7.4008e-05 2.5956e-01 0.0000e+00
144 0.0000e+00 1.3840e-04 7.3838e-05 2.6679e-07 7.3838e-05 2.5964e-01 0.0000e+00
145 0.0000e+00 1.5310e-04 7.3668e-05 2.4473e-07 7.3668e-05 2.5971e-01 0.0000e+00
146 0.0000e+00 1.5990e-04 7.3499e-05 2.2365e-07 7.3499e-05 2.5978e-01 0.0000e+00
147 0.0000e+00 1.5310e-04 7.3331e-05 2.0526e-07 7.3331e-05 2.5986e-01 0.0000e+00
148 0.0000e+00 1.3840e-04 7.3164e-05 1.8841e-07 7.3164e-05 2.5993e-01 0.0000e+00
149 0.0000e+00 1.1300e-04 7.2997e-05 1.7296e-07 7.2997e-05 2.6000e-01 0.0000e+00
150 0.0000e+00 7.9900e-05 7.2831e-05 1.5881e-07 7.2831e-05 2.6008e-01 0.0000e+00
151 0.0000e+00 3.8700e-05 7.2666e-05 1.4584e-07 7.2666e-05 2.6015e-01 0.0000e+00
152 0.0000e+00 0.0000e+00 7.2502e-05 1.3394e-07 7.2502e-05 2.6022e-01 0.0000e+00
153 0.0000e+00 0.0000e+00 7.2338e-05 1.2303e-07 7.2338e-05 2.6029e-01 0.0000e+00
154 0.0000e+00 0.0000e+00 7.2175e-05 1.1303e-07 7.2175e-05 2.6037e-01 0.0000e+00
155 0.0000e+00 0.0000e+00 7.2012e-05 1.0385e-07 7.2012e-05 2.6044e-01 0.0000e+00
156 0.0000e+00 0.0000e+00 7.1851e-05 9.5431e-08 7.1851e-05 2.6051e-01 0.0000e+00
157 0.0000e+00 0.0000e+00 7.1690e-05 8.7707e-08 7.1690e-05 2.6058e-01 0.0000e+00
158 0.0000e+00 0.0000e+00 7.1530e-05 7.9504e-08 7.1530e-05 2.6065e-01 0.0000e+00
159 0.0000e+00 0.0000e+00 7.1370e-05 7.3122e-08 7.1370e-05 2.6072e-01 0.0000e+00
160 0.0000e+00 0.0000e+00 7.1211e-05 6.7260e-08 7.1211e-05 2.6079e-01 0.0000e+00
161 0.0000e+00 0.0000e+00 7.1053e-05 6.1875e-08 7.1053e-05 2.6087e-01 0.0000e+00
162 0.0000e+00 0.0000e+00 7.0896e-05 5.6928e-08 7.0896e-05 2.6094e-01 0.0000e+00
163 0.0000e+00 0.0000e+00 7.0739e-05 5.2382e-08 7.0739e-05 2.6101e-01 0.0000e+00
164 0.0000e+00 0.0000e+00 7.0583e-05 4.8205e-08 7.0583e-05 2.6108e-01 0.0000e+00
165 0.0000e+00 1.7800e-05 7.0427e-05 4.4366e-08 7.0427e-05 2.6115e-01 0.0000e+00
166 0.0000e+00 3.4400e-05 7.0273e-05 4.0837e-08 7.0273e-05 2.6122e-01 0.0000e+00
167 0.0000e+00 4.8600e-05 7.0119e-05 3.7594e-08 7.0119e-05 2.6129e-01 0.0000e+00
168 0.0000e+00 5.9500e-05 6.9965e-05 3.4611e-08 6.9965e-05 2.6136e-01 0.0000e+00
169 0.0000e+00 6.5900e-05 6.9812e-05 3.0583e-08 6.9812e-05 2.6143e-01 0.0000e+00
170 0.0000e+00 6.8800e-05 6.9660e-05 2.8190e-08 6.9660e-05 2.6150e-01 0.0000e+00
171 0.0000e+00 6.5900e-05 6.9509e-05 2.5987e-08 6.9509e-05 2.6157e-01 0.0000e+00
172 0.0000e+00 5.9500e-05 6.9358e-05 2.3958e-08 6.9358e-05 2.6164e-01 0.0000e+00
173 0.0000e+00 4.8600e-05 6.9208e-05 2.2090e-08 6.9208e-05 2.6171e-01 0.0000e+00
174 0.0000e+00 3.4400e-05 6.9059e-05 2.0369e-08 6.9059e-05 2.6177e-01 0.0000e+00
175 0.0000e+00 1.6600e-05 6.8910e-05 1.8783e-08 6.8910e-05 2.6184e-01 0.0000e+00
176 0.0000e+00 0.0000e+00 6.8762e-05 1.7323e-08 6.8762e-05 2.6191e-01 0.0000e+00
177 0.0000e+00 0.0000e+00 6.8614e-05 1.5978e-08 6.8614e-05 2.6198e-01 0.0000e+00
178 0.0000e+00 0.0000e+00 6.8467e-05 1.4738e-08 6.8467e-05 2.6205e-01 0.0000e+00
179 0.0000e+00 0.0000e+00 6.8321e-05 1.3596e-08 6.8321e-05 2.6212e-01 0.0000e+00
180 0.0000e+00 0.0000e+00 6.8175e-05 1.2543e-08 6.8175e-05 2.6219e-01 0.0000e+00
181 0.0000e+00 0.0000e+00 6.8030e-05 1.0482e-08 6.8030e-05 2.6225e-01 0.0000e+00
182 0.0000e+00 0.0000e+00 6.7886e-05 9.6875e-09 6.7886e-05 2.6232e-01 0.0000e+00
183 0.0000e+00 0.0000e+00 6.7742e-05 8.9538e-09 6.7742e-05 2.6239e-01 0.0000e+00
184 0.0000e+00 0.0000e+00 6.7598e-05 8.2763e-09 6.7598e-05 2.6246e-01 0.0000e+00
185 0.0000e+00 0.0000e+00 6.7456e-05 7.6505e-09 6.7456e-05 2.6252e-01 0.0000e+00
186 0.0000e+00 0.0000e+00 6.7314e-05 7.0724e-09 6.7314e-05 2.6259e-01 0.0000e+00
187 0.0000e+00 0.0000e+00 6.7172e-05 6.5385e-09 6.7172e-05 2.6266e-01 0.0000e+00
188 0.0000e+00 0.0000e+00 6.7032e-05 6.0452e-09 6.7032e-05 2.6273e-01 0.0000e+00
189 0.0000e+00 4.5600e-05 6.6891e-05 5.5895e-09 6.6891e-05 2.6279e-01 0.0000e+00
190 5.0000e-04 8.7900e-05 6.6752e-05 5.1685e-09 6.6752e-05 2.6286e-01 0.0000e+00
191 0.0000e+00 1.2440e-04 6.6613e-05 4.7795e-09 6.6613e-05 2.6293e-01 0.0000e+00
192 0.0000e+00 1.5230e-04 6.6474e-05 4.4200e-09 6.6474e-05 2.6299e-01 0.0000e+00
193 0.0000e+00 1.6850e-04 6.6336e-05 3.3236e-09 6.6336e-05 2.6306e-01 0.0000e+00
194 0.0000e+00 1.7590e-04 6.6199e-05 3.0809e-09 6.6199e-05 2.6313e-01 0.0000e+00
195 0.0000e+00 1.6850e-04 6.6062e-05 2.8561e-09 6.6062e-05 2.6319e-01 0.0000e+00
196 0.0000e+00 1.5230e-04 6.5926e-05 2.6477e-09 6.5926e-05 2.6326e-01 0.0000e+00
197 0.0000e+00 1.2440e-04 6.5790e-05 2.4547e-09 6.5790e-05 2.6332e-01 0.0000e+00
198 0.0000e+00 8.7900e-05 6.5655e-05 2.2759e-09 6.5655e-05 2.6339e-01 0.0000e+00
199 0.0000e+00 4.2600e-05 6.5520e-05 2.1101e-09 6.5520e-05 2.6345e-01 0.0000e+00
200 0.0000e+00 0.0000e+00 6.5386e-05 1.9565e-09 6.5386e-05 2.6352e-01 0.0000e+00
201 0.0000e+00 0.0000e+00 6.5253e-05 1.8142e-09 6.5253e-05 2.6358e-01 0.0000e+00
202 0.0000e+00 0.0000e+00 6.5120e-05 1.6823e-09 6.5120e-05 2.6365e-01 0.0000e+00
203 0.0000e+00 0.0000e+00 6.4988e-05 1.5601e-09 6.4988e-05 2.6371e-01 0.0000e+00
204 0.0000e+00 0.0000e+00 6.4856e-05 9.6926e-10 6.4856e-05 2.6378e-01 0.0000e+00
205 0.0000e+00 0.0000e+00 6.4724e-05 9.0143e-10 6.4724e-05 2.6384e-01 0.0000e+00
206 0.0000e+00 0.0000e+00 6.4594e-05 8.3836e-10 6.4594e-05 2.6391e-01 0.0000e+00
207 0.0000e+00 0.0000e+00 6.4463e-05 7.7973e-10 6.4463e-05 2.6397e-01 0.0000e+00
208 0.0000e+00 0.0000e+00 6.4334e-05 7.2522e-10 6.4334e-05 2.6404e-01 0.0000e+00
209 0.0000e+00 0.0000e+00 6.4204e-05 6.7454e-10 6.4204e-05 2.6410e-01 0.0000e+00
210 0.0000e+00 0.0000e+00 6.4076e-05 6.2742e-10 6.4076e-05 2.6417e-01 0.0000e+00
211 0.0000e+00 0.0000e+00 6.3948e-05 5.8361e-10 6.3948e-05 2.6423e-01 0.0000e+00
212 0.0000e+00 0.0000e+00 6.3820e-05 5.4287e-10 6.3820e-05 2.6429e-01 0.0000e+00
213 0.0000e+00 4.9000e-05 6.3693e-05 5.0499e-10 6.3693e-05 2.6436e-01 0.0000e+00
214 0.0000e+00 9.4600e-05 6.3566e-05 4.6976e-10 6.3566e-05 2.6442e-01 0.0000e+00
215 0.0000e+00 1.3380e-04 6.3440e-05 4.3700e-10 6.3440e-05 2.6448e-01 0.0000e+00
216 0.0000e+00 1.6380e-04 6.3314e-05 2.0629e-10 6.3314e-05 2.6455e-01 0.0000e+00
217 0.0000e+00 1.8130e-04 6.3189e-05 1.9247e-10 6.3189e-05 2.6461e-01 0.0000e+00
218 0.0000e+00 1.8920e-04 6.3065e-05 1.7958e-10 6.3065e-05 2.6467e-01 0.0000e+00
219 0.0000e+00 1.8130e-04 6.2940e-05 1.6756e-10 6.2940e-05 2.6474e-01 0.0000e+00
220 0.0000e+00 1.6380e-04 6.2817e-05 1.5635e-10 6.2817e-05 2.6480e-01 0.0000e+00
221 0.0000e+00 1.3380e-04 6.2694e-05 1.4589e-10 6.2694e-05 2.6486e-01 0.0000e+00
222 0.0000e+00 9.4600e-05 6.2571e-05 1.3613e-10 6.2571e-05 2.6493e-01 0.0000e+00
223 0.0000e+00 4.5800e-05 6.2449e-05 1.2703e-10 6.2449e-05 2.6499e-01 0.0000e+00
224 0.0000e+00 0.0000e+00 6.2327e-05 1.1854e-10 6.2327e-05 2.6505e-01 0.0000e+00
225 0.0000e+00 0.0000e+00 6.2206e-05 1.1062e-10 6.2206e-05 2.6511e-01 0.0000e+00
226 0.0000e+00 0.0000e+00 6.2085e-05 1.0323e-10 6.2085e-05 2.6517e-01 0.0000e+00
227 0.0000e+00 0.0000e+00 6.1964e-05 9.6331e-11 6.1964e-05 2.6524e-01 0.0000e+00
228 0.0000e+00 0.0000e+00 6.1845e-05 2.2761e-11 6.1845e-05 2.6530e-01 0.0000e+00
229 0.0000e+00 0.0000e+00 6.1725e-05 2.1309e-11 6.1725e-05 2.6536e-01 0.0000e+00
230 0.0000e+00 0.0000e+00 6.1606e-05 1.9949e-11 6.1606e-05 2.6542e-01 0.0000e+00
231 0.0000e+00 0.0000e+00 6.1488e-05 1.8677e-11 6.1488e-05 2.6548e-01 0.0000e+00
232 0.0000e+00 0.0000e+00 6.1370e-05 1.7487e-11 6.1370e-05 2.6554e-01 0.0000e+00
233 0.0000e+00 0.0000e+00 6.1252e-05 1.6372e-11 6.1252e-05 2.6561e-01 0.0000e+00
234 0.0000e+00 0.0000e+00 6.1135e-05 1.5328e-11 6.1135e-05 2.6567e-01 0.0000e+00
235 0.0000e+00 0.0000e+00 6.1018e-05 1.4352e-11 6.1018e-05 2.6573e-01 0.0000e+00
236 0.0000e+00 0.0000e+00 6.0902e-05 1.3438e-11 6.0902e-05 2.6579e-01 0.0000e+00
237 0.0000e+00 5.1700e-05 6.0786e-05 1.2582e-11 6.0786e-05 2.6585e-01 0.0000e+00
238 0.0000e+00 9.9800e-05 6.0671e-05 1.1780e-11 6.0671e-05 2.6591e-01 0.0000e+00
239 0.0000e+00 1.4120e-04 6.0556e-05 1.1030e-11 6.0556e-05 2.6597e-01 0.0000e+00
240 0.0000e+00 1.7290e-04 6.0441e-05 0.0000e+00 6.0441e-05 2.6603e-01 0.0000e+00
241 5.0000e-04 1.9130e-04 6.0327e-05 0.0000e+00 6.0327e-05 2.6609e-01 0.0000e+00
242 1.0000e-03 1.9970e-04 6.0214e-05 0.0000e+00 6.0214e-05 2.6615e-01 0.0000e+00
243 0.0000e+00 1.9130e-04 6.0101e-05 0.0000e+00 6.0101e-05 2.6621e-01 0.0000e+00
244 0.0000e+00 1.7290e-04 5.9988e-05 0.0000e+00 5.9988e-05 2.6627e-01 0.0000e+00
245 0.0000e+00 1.4120e-04 5.9875e-05 0.0000e+00 5.9875e-05 2.6633e-01 0.0000e+00
246 0.0000e+00 9.9800e-05 5.9764e-05 0.0000e+00 5.9764e-05 2.6639e-01 0.0000e+00
247 0.0000e+00 4.8300e-05 5.9652e-05 0.0000e+00 5.9652e-05 2.6645e-01 0.0000e+00
248 0.0000e+00 0.0000e+00 5.9541e-05 0.0000e+00 5.9541e-05 2.6651e-01 0.0000e+00
249 0.0000e+00 0.0000e+00 5.9430e-05 0.0000e+00 5.9430e-05 2.6657e-01 0.0000e+00
250 0.0000e+00 0.0000e+00 5.9320e-05 0.0000e+00 5.9320e-05 2.6663e-01 0.0000e+00
251 0.0000e+00 0.0000e+00 5.9210e-05 0.0000e+00 5.9210e-05 2.6669e-01 0.0000e+00
252 0.0000e+00 0.0000e+00 5.9101e-05 0.0000e+00 5.9101e-05 2.6675e-01 0.0000e+00
253 1.0000e-03 0.0000e+00 5.8992e-05 0.0000e+00 5.8992e-05 2.6681e-01 0.0000e+00
254 0.0000e+00 0.0000e+00 5.8883e-05 0.0000e+00 5.8883e-05 2.6687e-01 0.0000e+00
255 0.0000e+00 0.0000e+00 5.8775e-05 0.0000e+00 5.8775e-05 2.6692e-01 0.0000e+00
256 0.0000e+00 0.0000e+00 5.8667e-05 0.0000e+00 5.8667e-05 2.6698e-01 0.0000e+00
257 0.0000e+00 0.0000e+00 5.8559e-05 0.0000e+00 5.8559e-05 2.6704e-01 0.0000e+00
258 0.0000e+00 0.0000e+00 5.8452e-05 0.0000e+00 5.8452e-05 2.6710e-01 0.0000e+00
259 0.0000e+00 0.0000e+00 5.8346e-05 0.0000e+00 5.8346e-05 2.6716e-01 0.0000e+00
260 0.0000e+00 0.0000e+00 5.8239e-05 0.0000e+00 5.8239e-05 2.6722e-01 0.0000e+00
261 0.0000e+00 7.5200e-05 5.8133e-05 0.0000e+00 5.8133e-05 2.6727e-01 0.0000e+00
262 1.0000e-03 1.4510e-04 5.8028e-05 0.0000e+00 5.8028e-05 2.6733e-01 0.0000e+00
263 0.0000e+00 2.0520e-04 5.7923e-05 0.0000e+00 5.7923e-05 2.6739e-01 0.0000e+00
264 0.0000e+00 2.5130e-04 5.7818e-05 0.0000e+00 5.7818e-05 2.6745e-01 0.0000e+00
265 0.0000e+00 2.7800e-04 5.7714e-05 0.0000e+00 5.7714e-05 2.6751e-01 0.0000e+00
266 0.0000e+00 2.9030e-04 5.7610e-05 0.0000e+00 5.7610e-05 2.6756e-01 0.0000e+00
267 0.0000e+00 2.7800e-04 5.7506e-05 0.0000e+00 5.7506e-05 2.6762e-01 0.0000e+00
268 0.0000e+00 2.5130e-04 5.7403e-05 0.0000e+00 5.7403e-05 2.6768e-01 0.0000e+00
269 0.0000e+00 2.0520e-04 5.7300e-05 0.0000e+00 5.7300e-05 2.6774e-01 0.0000e+00
270 0.0000e+00 1.4510e-04 5.7197e-05 0.0000e+00 5.7197e-05 2.6779e-01 0.0000e+00
271 0.0000e+00 7.0200e-05 5.7095e-05 0.0000e+00 5.7095e-05 2.6785e-01 0.0000e+00
272 0.0000e+00 0.0000e+00 5.6994e-05 0.0000e+00 5.6994e-05 2.6791e-01 0.0000e+00
273 0.0000e+00 0.0000e+00 5.6892e-05 0.0000e+00 5.6892e-05 2.6796e-01 0.0000e+00
274 0.0000e+00 0.0000e+00 5.6791e-05 0.0000e+00 5.6791e-05 2.6802e-01 0.0000e+00
275 0.0000e+00 0.0000e+00 5.6690e-05 0.0000e+00 5.6690e-05 2.6808e-01 0.0000e+00
276 0.0000e+00 0.0000e+00 5.6590e-05 0.0000e+00 5.6590e-05 2.6813e-01 0.0000e+00
277 0.0000e+00 0.0000e+00 5.6490e-05 0.0000e+00 5.6490e-05 2.6819e-01 0.0000e+00
278 0.0000e+00 0.0000e+00 5.6390e-05 0.0000e+00 5.6390e-05 2.6825e-01 0.0000e+00
279 0.0000e+00 0.0000e+00 5.6291e-05 0.0000e+00 5.6291e-05 2.6830e-01 0.0000e+00
280 0.0000e+00 0.0000e+00 5.6192e-05 0.0000e+00 5.6192e-05 2.6836e-01 0.0000e+00
281 0.0000e+00 0.0000e+00 5.6094e-05 0.0000e+00 5.6094e-05 2.6842e-01 0.0000e+00
282 0.0000e+00 0.0000e+00 5.5995e-05 0.0000e+00 5.5995e-05 2.6847e-01 0.0000e+00
283 1.0000e-03 0.0000e+00 5.5897e-05 0.0000e+00 5.5897e-05 2.6853e-01 0.0000e+00
284 5.0000e-04 0.0000e+00 5.5800e-05 0.0000e+00 5.5800e-05 2.6858e-01 0.0000e+00
285 2.5000e-03 2.4400e-05 5.6404e-05 1.3187e-05 5.5703e-05 2.6863e-01 7.0150e-07
286 6.0000e-03 4.7000e-05 8.4339e-05 4.9978e-04 5.5629e-05 2.6818e-01 2.8710e-05
287 4.0000e-03 6.6500e-05 7.3687e-05 7.5123e-04 5.6406e-05 2.6749e-01 1.7280e-05
288 1.5000e-03 8.1400e-05 6.3911e-05 7.7085e-04 5.7644e-05 2.6677e-01 6.2665e-06
289 0.0000e+00 9.0100e-05 5.8944e-05 6.7917e-04 5.8944e-05 2.6615e-01 0.0000e+00
290 0.0000e+00 9.4000e-05 6.0097e-05 6.0455e-04 6.0097e-05 2.6561e-01 0.0000e+00
291 5.0000e-04 9.0100e-05 6.2156e-05 5.5935e-04 6.1128e-05 2.6511e-01 1.0272e-06
292 0.0000e+00 8.1400e-05 6.2088e-05 4.9909e-04 6.2088e-05 2.6467e-01 0.0000e+00
293 0.0000e+00 6.6500e-05 6.2941e-05 4.4667e-04 6.2941e-05 2.6429e-01 0.0000e+00
294 1.5000e-03 4.7000e-05 7.1255e-05 5.0530e-04 6.3701e-05 2.6385e-01 7.5542e-06
295 1.0000e-03 2.2800e-05 7.0475e-05 5.2781e-04 6.4586e-05 2.6339e-01 5.8895e-06
296 0.0000e+00 0.0000e+00 6.5527e-05 4.6889e-04 6.5527e-05 2.6298e-01 0.0000e+00
297 0.0000e+00 0.0000e+00 6.6359e-05 4.1923e-04 6.6359e-05 2.6263e-01 0.0000e+00
298 0.0000e+00 0.0000e+00 6.7094e-05 3.7544e-04 6.7094e-05 2.6232e-01 0.0000e+00
299 0.0000e+00 0.0000e+00 6.7744e-05 3.3662e-04 6.7744e-05 2.6205e-01 0.0000e+00
300 0.0000e+00 0.0000e+00 6.8316e-05 3.0209e-04 6.8316e-05 2.6182e-01 0.0000e+00
301 0.0000e+00 0.0000e+00 6.8817e-05 2.7131e-04 6.8817e-05 2.6162e-01 0.0000e+00
302 0.0000e+00 0.0000e+00 6.9253e-05 2.4383e-04 6.9253e-05 2.6144e-01 0.0000e+00
303 0.0000e+00 0.0000e+00 6.9632e-05 2.1927e-04 6.9632e-05 2.6129e-01 0.0000e+00
304 0.0000e+00 0.0000e+00 6.9959e-05 1.9728e-04 6.9959e-05 2.6116e-01 0.0000e+00
305 0.0000e+00 0.0000e+00 7.0238e-05 1.7760e-04 7.0238e-05 2.6106e-01 0.0000e+00
306 0.0000e+00 0.0000e+00 7.0474e-05 1.5996e-04 7.0474e-05 2.6097e-01 0.0000e+00
307 0.0000e+00 0.0000e+00 7.0671e-05 1.4414e-04 7.0671e-05 2.6089e-01 0.0000e+00
308 0.0000e+00 0.0000e+00 7.0833e-05 1.2994e-04 7.0833e-05 2.6083e-01 0.0000e+00
309 0.0000e+00 2.8800e-05 7.0964e-05 1.1720e-04 7.0964e-05 2.6079e-01 0.0000e+00
310 5.0000e-04 5.5500e-05 7.3838e-05 1.4384e-04 7.1067e-05 2.6072e-01 2.7712e-06
311 0.0000e+00 7.8500e-05 7.1229e-05 1.2765e-04 7.1229e-05 2.6066e-01 0.0000e+00
312 0.0000e+00 9.6200e-05 7.1354e-05 1.1445e-04 7.1354e-05 2.6062e-01 0.0000e+00
313 0.0000e+00 1.0640e-04 7.1451e-05 1.0282e-04 7.1451e-05 2.6058e-01 0.0000e+00
314 0.0000e+00 1.1110e-04 7.1521e-05 9.2507e-05 7.1521e-05 2.6056e-01 0.0000e+00
315 0.0000e+00 1.0640e-04 7.1568e-05 8.3308e-05 7.1568e-05 2.6055e-01 0.0000e+00
316 0.0000e+00 9.6200e-05 7.1594e-05 7.5085e-05 7.1594e-05 2.6055e-01 0.0000e+00
317 5.0000e-04 7.8500e-05 7.1602e-05 6.7721e-05 7.1602e-05 2.6055e-01 0.0000e+00
318 1.0000e-03 5.5500e-05 7.6383e-05 1.2705e-04 7.1593e-05 2.6050e-01 4.7896e-06
319 5.0000e-04 2.6900e-05 7.4464e-05 1.4869e-04 7.1717e-05 2.6042e-01 2.7470e-06
320 0.0000e+00 0.0000e+00 7.1890e-05 1.3063e-04 7.1890e-05 2.6036e-01 0.0000e+00
321 0.0000e+00 0.0000e+00 7.2022e-05 1.1619e-04 7.2022e-05 2.6032e-01 0.0000e+00
322 1.0000e-03 0.0000e+00 7.8135e-05 1.8662e-04 7.2121e-05 2.6020e-01 6.0137e-06
323 1.0000e-03 0.0000e+00 7.8560e-05 2.4806e-04 7.2380e-05 2.6003e-01 6.1800e-06
324 0.0000e+00 0.0000e+00 7.2778e-05 2.1658e-04 7.2778e-05 2.5988e-01 0.0000e+00
325 0.0000e+00 0.0000e+00 7.3106e-05 1.9201e-04 7.3106e-05 2.5976e-01 0.0000e+00
326 0.0000e+00 0.0000e+00 7.3378e-05 1.7086e-04 7.3378e-05 2.5967e-01 0.0000e+00
327 0.0000e+00 0.0000e+00 7.3602e-05 1.5242e-04 7.3602e-05 2.5959e-01 0.0000e+00
328 0.0000e+00 0.0000e+00 7.3784e-05 1.3621e-04 7.3784e-05 2.5953e-01 0.0000e+00
329 0.0000e+00 0.0000e+00 7.3928e-05 1.2190e-04 7.3928e-05 2.5948e-01 0.0000e+00
330 0.0000e+00 0.0000e+00 7.4039e-05 1.0921e-04 7.4039e-05 2.5944e-01 0.0000e+00
331 0.0000e+00 0.0000e+00 7.4120e-05 9.7941e-05 7.4120e-05 2.5942e-01 0.0000e+00
332 0.0000e+00 0.0000e+00 7.4175e-05 8.7913e-05 7.4175e-05 2.5940e-01 0.0000e+00
333 0.0000e+00 1.1200e-05 7.4207e-05 7.8976e-05 7.4207e-05 2.5940e-01 0.0000e+00
334 0.0000e+00 2.1600e-05 7.4218e-05 7.1000e-05 7.4218e-05 2.5940e-01 0.0000e+00
335 0.0000e+00 3.0600e-05 7.4211e-05 6.3874e-05 7.4211e-05 2.5941e-01 0.0000e+00
336 0.0000e+00 3.7400e-05 7.4187e-05 5.7500e-05 7.4187e-05 2.5943e-01 0.0000e+00
337 0.0000e+00 4.1400e-05 7.4148e-05 5.1794e-05 7.4148e-05 2.5945e-01 0.0000e+00
338 5.0000e-04 4.3200e-05 7.6309e-05 7.7356e-05 7.4096e-05 2.5945e-01 2.2122e-06
339 5.0000e-04 4.1400e-05 7.6927e-05 1.0707e-04 7.4104e-05 2.5942e-01 2.8230e-06
340 1.5000e-03 3.7400e-05 8.3194e-05 2.1860e-04 7.4180e-05 2.5927e-01 9.0141e-06
341 1.5000e-03 3.0600e-05 8.3555e-05 3.1401e-04 7.4516e-05 2.5903e-01 9.0388e-06
342 1.0000e-03 2.1600e-05 8.1067e-05 3.5566e-04 7.5076e-05 2.5875e-01 5.9909e-06
343 5.0000e-04 1.0500e-05 7.8693e-05 3.5206e-04 7.5737e-05 2.5848e-01 2.9565e-06
344 1.0000e-03 0.0000e+00 8.2509e-05 3.9520e-04 7.6394e-05 2.5816e-01 6.1151e-06
345 5.0000e-04 0.0000e+00 8.0249e-05 3.9001e-04 7.7159e-05 2.5784e-01 3.0900e-06
346 0.0000e+00 0.0000e+00 7.7917e-05 3.4398e-04 7.7917e-05 2.5758e-01 0.0000e+00
347 0.0000e+00 0.0000e+00 7.8567e-05 3.0550e-04 7.8567e-05 2.5735e-01 0.0000e+00
348 0.0000e+00 0.0000e+00 7.9126e-05 2.7199e-04 7.9126e-05 2.5716e-01 0.0000e+00
349 0.0000e+00 0.0000e+00 7.9605e-05 2.4257e-04 7.9605e-05 2.5699e-01 0.0000e+00
350 0.0000e+00 0.0000e+00 8.0011e-05 2.1662e-04 8.0011e-05 2.5686e-01 0.0000e+00
351 0.0000e+00 0.0000e+00 8.0353e-05 1.9366e-04 8.0353e-05 2.5674e-01 0.0000e+00
352 0.0000e+00 0.0000e+00 8.0638e-05 1.7330e-04 8.0638e-05 2.5665e-01 0.0000e+00
353 5.0000e-04 0.0000e+00 8.3962e-05 1.9887e-04 8.0872e-05 2.5653e-01 3.0900e-06
354 0.0000e+00 0.0000e+00 8.1171e-05 1.7571e-04 8.1171e-05 2.5644e-01 0.0000e+00
355 0.0000e+00 0.0000e+00 8.1411e-05 1.5676e-04 8.1411e-05 2.5636e-01 0.0000e+00
356 0.0000e+00 0.0000e+00 8.1603e-05 1.4016e-04 8.1603e-05 2.5631e-01 0.0000e+00
357 0.0000e+00 7.2300e-05 8.1753e-05 1.2550e-04 8.1753e-05 2.5626e-01 0.0000e+00
358 0.0000e+00 1.3960e-04 8.1864e-05 1.1249e-04 8.1864e-05 2.5623e-01 0.0000e+00
359 0.0000e+00 1.9750e-04 8.1943e-05 1.0092e-04 8.1943e-05 2.5621e-01 0.0000e+00
360 0.0000e+00 2.4180e-04 8.1991e-05 9.0607e-05 8.1991e-05 2.5620e-01 0.0000e+00
361 0.0000e+00 2.6750e-04 8.2013e-05 8.1407e-05 8.2013e-05 2.5620e-01 0.0000e+00
362 0.0000e+00 2.7930e-04 8.2012e-05 7.3189e-05 8.2012e-05 2.5621e-01 0.0000e+00
363 0.0000e+00 2.6750e-04 8.1989e-05 6.5841e-05 8.1989e-05 2.5623e-01 0.0000e+00
364 0.0000e+00 2.4180e-04 8.1948e-05 5.9265e-05 8.1948e-05 2.5625e-01 0.0000e+00
365 0.0000e+00 1.9750e-04 8.1890e-05 5.3375e-05 8.1890e-05 2.5628e-01 0.0000e+00
366 0.0000e+00 1.3960e-04 8.1817e-05 4.8095e-05 8.1817e-05 2.5631e-01 0.0000e+00
367 0.0000e+00 6.7600e-05 8.1731e-05 4.3360e-05 8.1731e-05 2.5635e-01 0.0000e+00
368 0.0000e+00 0.0000e+00 8.1633e-05 3.9110e-05 8.1633e-05 2.5640e-01 0.0000e+00
369 0.0000e+00 0.0000e+00 8.1524e-05 3.5293e-05 8.1524e-05 2.5644e-01 0.0000e+00
370 0.0000e+00 0.0000e+00 8.1407e-05 3.1864e-05 8.1407e-05 2.5649e-01 0.0000e+00
371 0.0000e+00 0.0000e+00 8.1281e-05 2.8780e-05 8.1281e-05 2.5654e-01 0.0000e+00
372 0.0000e+00 0.0000e+00 8.1148e-05 2.6006e-05 8.1148e-05 2.5660e-01 0.0000e+00
373 5.0000e-04 0.0000e+00 8.1008e-05 2.3509e-05 8.1008e-05 2.5666e-01 0.0000e+00
374 7.5000e-03 0.0000e+00 1.1749e-04 5.3888e-04 8.0862e-05 2.5620e-01 3.6632e-05
375 4.5000e-03 0.0000e+00 1.0984e-04 8.4786e-04 8.2028e-05 2.5543e-01 2.7810e-05
376 2.5000e-03 0.0000e+00 9.9465e-05 9.4946e-04 8.4015e-05 2.5457e-01 1.5450e-05
377 5.0000e-04 0.0000e+00 8.9408e-05 8.7122e-04 8.6318e-05 2.5378e-01 3.0900e-06
378 0.0000e+00 0.0000e+00 8.8461e-05 7.6702e-04 8.8461e-05 2.5310e-01 0.0000e+00
379 0.0000e+00 0.0000e+00 9.0357e-05 6.7910e-04 9.0357e-05 2.5251e-01 0.0000e+00
380 0.0000e+00 0.0000e+00 9.2035e-05 6.0267e-04 9.2035e-05 2.5200e-01 0.0000e+00
381 0.0000e+00 1.7400e-05 9.3516e-05 5.3565e-04 9.3516e-05 2.5156e-01 0.0000e+00
382 0.0000e+00 3.3600e-05 9.4817e-05 4.7662e-04 9.4817e-05 2.5118e-01 0.0000e+00
383 1.0000e-03 4.7500e-05 1.0182e-04 5.1071e-04 9.5955e-05 2.5077e-01 5.8649e-06
384 1.0000e-03 5.8200e-05 1.0309e-04 5.3652e-04 9.7206e-05 2.5033e-01 5.8864e-06
385 0.0000e+00 6.4300e-05 9.8550e-05 4.7146e-04 9.8550e-05 2.4995e-01 0.0000e+00
386 5.0000e-04 6.7200e-05 1.0204e-04 4.5315e-04 9.9705e-05 2.4960e-01 2.3334e-06
387 0.0000e+00 6.4300e-05 1.0081e-04 4.0084e-04 1.0081e-04 2.4930e-01 0.0000e+00
388 0.0000e+00 5.8200e-05 1.0176e-04 3.5651e-04 1.0176e-04 2.4904e-01 0.0000e+00
389 0.0000e+00 4.7500e-05 1.0258e-04 3.1755e-04 1.0258e-04 2.4883e-01 0.0000e+00
390 5.0000e-04 3.3600e-05 1.0489e-04 3.0750e-04 1.0327e-04 2.4863e-01 1.6267e-06
391 0.0000e+00 1.6300e-05 1.0393e-04 2.7259e-04 1.0393e-04 2.4846e-01 0.0000e+00
392 5.0000e-04 0.0000e+00 1.0726e-04 2.8479e-04 1.0448e-04 2.4828e-01 2.7817e-06
393 5.0000e-04 0.0000e+00 1.0816e-04 2.9745e-04 1.0507e-04 2.4808e-01 3.0900e-06
394 0.0000e+00 0.0000e+00 1.0570e-04 2.6129e-04 1.0570e-04 2.4793e-01 0.0000e+00
395 0.0000e+00 0.0000e+00 1.0622e-04 2.3219e-04 1.0622e-04 2.4780e-01 0.0000e+00
396 0.0000e+00 0.0000e+00 1.0664e-04 2.0675e-04 1.0664e-04 2.4770e-01 0.0000e+00
397 0.0000e+00 0.0000e+00 1.0697e-04 1.8434e-04 1.0697e-04 2.4763e-01 0.0000e+00
398 0.0000e+00 0.0000e+00 1.0723e-04 1.6453e-04 1.0723e-04 2.4757e-01 0.0000e+00
399 0.0000e+00 0.0000e+00 1.0742e-04 1.4700e-04 1.0742e-04 2.4753e-01 0.0000e+00
400 0.0000e+00 0.0000e+00 1.0755e-04 1.3144e-04 1.0755e-04 2.4750e-01 0.0000e+00
401 0.0000e+00 0.0000e+00 1.0763e-04 1.1762e-04 1.0763e-04 2.4749e-01 0.0000e+00
402 1.0000e-03 0.0000e+00 1.1385e-04 1.9889e-04 1.0767e-04 2.4740e-01 6.1800e-06
403 0.0000e+00 0.0000e+00 1.0798e-04 1.7018e-04 1.0798e-04 2.4734e-01 0.0000e+00
404 0.0000e+00 0.0000e+00 1.0819e-04 1.5058e-04 1.0819e-04 2.4730e-01 0.0000e+00
405 5.0000e-04 2.4600e-05 1.1142e-04 1.8051e-04 1.0833e-04 2.4723e-01 3.0900e-06
406 5.0000e-04 4.7400e-05 1.1151e-04 2.0137e-04 1.0857e-04 2.4713e-01 2.9380e-06
407 0.0000e+00 6.7100e-05 1.0889e-04 1.7499e-04 1.0889e-04 2.4707e-01 0.0000e+00
408 5.0000e-04 8.2200e-05 1.1150e-04 1.9096e-04 1.0911e-04 2.4699e-01 2.3828e-06
409 0.0000e+00 9.0900e-05 1.0939e-04 1.6652e-04 1.0939e-04 2.4693e-01 0.0000e+00
410 0.0000e+00 9.5000e-05 1.0959e-04 1.4742e-04 1.0959e-04 2.4689e-01 0.0000e+00
411 0.0000e+00 9.0900e-05 1.0972e-04 1.3081e-04 1.0972e-04 2.4687e-01 0.0000e+00
412 0.0000e+00 8.2200e-05 1.0979e-04 1.1628e-04 1.0979e-04 2.4686e-01 0.0000e+00
413 0.0000e+00 6.7100e-05 1.0981e-04 1.0352e-04 1.0981e-04 2.4687e-01 0.0000e+00
414 0.0000e+00 4.7400e-05 1.0979e-04 9.2275e-05 1.0979e-04 2.4689e-01 0.0000e+00
415 0.0000e+00 2.3000e-05 1.0973e-04 8.2341e-05 1.0973e-04 2.4691e-01 0.0000e+00
416 0.0000e+00 0.0000e+00 1.0964e-04 7.3548e-05 1.0964e-04 2.4695e-01 0.0000e+00
417 0.0000e+00 0.0000e+00 1.0951e-04 6.5754e-05 1.0951e-04 2.4699e-01 0.0000e+00
418 0.0000e+00 0.0000e+00 1.0936e-04 5.8833e-05 1.0936e-04 2.4704e-01 0.0000e+00
419 0.0000e+00 0.0000e+00 1.0919e-04 5.2682e-05 1.0919e-04 2.4710e-01 0.0000e+00
420 0.0000e+00 0.0000e+00 1.0900e-04 4.7208e-05 1.0900e-04 2.4716e-01 0.0000e+00
421 0.0000e+00 0.0000e+00 1.0879e-04 4.2332e-05 1.0879e-04 2.4723e-01 0.0000e+00
422 0.0000e+00 0.0000e+00 1.0856e-04 3.7984e-05 1.0856e-04 2.4730e-01 0.0000e+00
423 0.0000e+00 0.0000e+00 1.0832e-04 3.4104e-05 1.0832e-04 2.4737e-01 0.0000e+00
424 0.0000e+00 0.0000e+00 1.0807e-04 3.0639e-05 1.0807e-04 2.4745e-01 0.0000e+00
425 0.0000e+00 0.0000e+00 1.0781e-04 2.7541e-05 1.0781e-04 2.4753e-01 0.0000e+00
426 0.0000e+00 0.0000e+00 1.0754e-04 2.4770e-05 1.0754e-04 2.4761e-01 0.0000e+00
427 5.0000e-04 0.0000e+00 1.0726e-04 2.2290e-05 1.0726e-04 2.4770e-01 0.0000e+00
428 2.0000e-03 0.0000e+00 1.1887e-04 1.9978e-04 1.0698e-04 2.4761e-01 1.1891e-05
429 3.0000e-03 3.2600e-05 1.2776e-04 4.4168e-04 1.0729e-04 2.4727e-01 2.0475e-05
430 2.0000e-03 6.2900e-05 1.2102e-04 5.5423e-04 1.0842e-04 2.4683e-01 1.2605e-05
431 1.0000e-03 8.9000e-05 1.1573e-04 5.6187e-04 1.0994e-04 2.4637e-01 5.7913e-06
432 0.0000e+00 1.0900e-04 1.1150e-04 4.8672e-04 1.1150e-04 2.4600e-01 0.0000e+00
433 5.0000e-04 1.2060e-04 1.1465e-04 4.5600e-04 1.1282e-04 2.4566e-01 1.8373e-06
434 0.0000e+00 1.2590e-04 1.1403e-04 3.9975e-04 1.1403e-04 2.4537e-01 0.0000e+00
435 0.0000e+00 1.2060e-04 1.1506e-04 3.5266e-04 1.1506e-04 2.4513e-01 0.0000e+00
436 0.0000e+00 1.0900e-04 1.1591e-04 3.1173e-04 1.1591e-04 2.4494e-01 0.0000e+00
437 3.5000e-03 8.9000e-05 1.4225e-04 5.5718e-04 1.1662e-04 2.4450e-01 2.5628e-05
438 0.0000e+00 6.2900e-05 1.1824e-04 4.7767e-04 1.1824e-04 2.4414e-01 0.0000e+00
439 0.0000e+00 3.0500e-05 1.1958e-04 4.1977e-04 1.1958e-04 2.4384e-01 0.0000e+00
440 0.0000e+00 0.0000e+00 1.2070e-04 3.7007e-04 1.2070e-04 2.4359e-01 0.0000e+00
441 0.0000e+00 0.0000e+00 1.2165e-04 3.2700e-04 1.2165e-04 2.4338e-01 0.0000e+00
442 0.0000e+00 0.0000e+00 1.2243e-04 2.8945e-04 1.2243e-04 2.4322e-01 0.0000e+00
443 0.0000e+00 0.0000e+00 1.2307e-04 2.5657e-04 1.2307e-04 2.4308e-01 0.0000e+00
444 5.0000e-04 0.0000e+00 1.2628e-04 2.5762e-04 1.2359e-04 2.4295e-01 2.6920e-06
445 0.0000e+00 0.0000e+00 1.2411e-04 2.2694e-04 1.2411e-04 2.4285e-01 0.0000e+00
446 0.0000e+00 0.0000e+00 1.2450e-04 2.0125e-04 1.2450e-04 2.4277e-01 0.0000e+00
447 0.0000e+00 0.0000e+00 1.2480e-04 1.7873e-04 1.2480e-04 2.4271e-01 0.0000e+00
448 0.0000e+00 0.0000e+00 1.2501e-04 1.5893e-04 1.2501e-04 2.4268e-01 0.0000e+00
449 0.0000e+00 0.0000e+00 1.2515e-04 1.4147e-04 1.2515e-04 2.4266e-01 0.0000e+00
450 0.0000e+00 0.0000e+00 1.2521e-04 1.2604e-04 1.2521e-04 2.4266e-01 0.0000e+00
451 0.0000e+00 0.0000e+00 1.2521e-04 1.1239e-04 1.2521e-04 2.4268e-01 0.0000e+00
452 5.0000e-04 0.0000e+00 1.2940e-04 1.4749e-04 1.2516e-04 2.4265e-01 4.2352e-06
453 0.0000e+00 2.2400e-05 1.2525e-04 1.2836e-04 1.2525e-04 2.4265e-01 0.0000e+00
454 0.0000e+00 4.3300e-05 1.2526e-04 1.1360e-04 1.2526e-04 2.4266e-01 0.0000e+00
455 0.0000e+00 6.1200e-05 1.2522e-04 1.0080e-04 1.2522e-04 2.4269e-01 0.0000e+00
456 0.0000e+00 7.5000e-05 1.2512e-04 8.9619e-05 1.2512e-04 2.4272e-01 0.0000e+00
457 0.0000e+00 8.3000e-05 1.2498e-04 7.9795e-05 1.2498e-04 2.4277e-01 0.0000e+00
458 0.0000e+00 8.6600e-05 1.2481e-04 7.1133e-05 1.2481e-04 2.4282e-01 0.0000e+00
459 0.0000e+00 8.3000e-05 1.2460e-04 6.3478e-05 1.2460e-04 2.4288e-01 0.0000e+00
460 0.0000e+00 7.5000e-05 1.2436e-04 5.6699e-05 1.2436e-04 2.4295e-01 0.0000e+00
461 0.0000e+00 6.1200e-05 1.2410e-04 5.0687e-05 1.2410e-04 2.4302e-01 0.0000e+00
462 0.0000e+00 4.3300e-05 1.2381e-04 4.5348e-05 1.2381e-04 2.4310e-01 0.0000e+00
463 0.0000e+00 2.1000e-05 1.2351e-04 4.0601e-05 1.2351e-04 2.4318e-01 0.0000e+00
464 0.0000e+00 0.0000e+00 1.2319e-04 3.6376e-05 1.2319e-04 2.4327e-01 0.0000e+00
465 1.0000e-03 0.0000e+00 1.2581e-04 6.5403e-05 1.2286e-04 2.4333e-01 2.9548e-06
466 5.0000e-04 0.0000e+00 1.2687e-04 1.0320e-04 1.2264e-04 2.4335e-01 4.2352e-06
467 0.0000e+00 0.0000e+00 1.2256e-04 8.8230e-05 1.2256e-04 2.4338e-01 0.0000e+00
468 0.0000e+00 0.0000e+00 1.2243e-04 7.7345e-05 1.2243e-04 2.4343e-01 0.0000e+00
469 5.0000e-04 0.0000e+00 1.2649e-04 1.1506e-04 1.2226e-04 2.4343e-01 4.2352e-06
470 0.0000e+00 0.0000e+00 1.2223e-04 9.8809e-05 1.2223e-04 2.4346e-01 0.0000e+00
471 0.0000e+00 0.0000e+00 1.2214e-04 8.6729e-05 1.2214e-04 2.4349e-01 0.0000e+00
472 5.0000e-04 0.0000e+00 1.2624e-04 1.2335e-04 1.2201e-04 2.4349e-01 4.2352e-06
473 5.0000e-04 0.0000e+00 1.2625e-04 1.5308e-04 1.2201e-04 2.4346e-01 4.2352e-06
474 0.0000e+00 0.0000e+00 1.2213e-04 1.3187e-04 1.2213e-04 2.4345e-01 0.0000e+00
475 0.0000e+00 0.0000e+00 1.2217e-04 1.1564e-04 1.2217e-04 2.4346e-01 0.0000e+00
476 0.0000e+00 0.0000e+00 1.2214e-04 1.0180e-04 1.2214e-04 2.4348e-01 0.0000e+00
477 0.0000e+00 9.2000e-06 1.2206e-04 8.9858e-05 1.2206e-04 2.4351e-01 0.0000e+00
478 0.0000e+00 1.7800e-05 1.2194e-04 7.9488e-05 1.2194e-04 2.4355e-01 0.0000e+00
479 0.0000e+00 2.5200e-05 1.2178e-04 7.0439e-05 1.2178e-04 2.4360e-01 0.0000e+00
480 0.0000e+00 3.0900e-05 1.2158e-04 6.2512e-05 1.2158e-04 2.4366e-01 0.0000e+00
481 0.0000e+00 3.4200e-05 1.2136e-04 5.5550e-05 1.2136e-04 2.4373e-01 0.0000e+00
482 5.0000e-04 3.5700e-05 1.2435e-04 8.5292e-05 1.2111e-04 2.4377e-01 3.2425e-06
483 2.5000e-03 3.4200e-05 1.4185e-04 3.0441e-04 1.2098e-04 2.4358e-01 2.0874e-05
484 1.0000e-03 3.0900e-05 1.2985e-04 3.4573e-04 1.2167e-04 2.4336e-01 8.1808e-06
485 0.0000e+00 2.5200e-05 1.2253e-04 2.9701e-04 1.2253e-04 2.4318e-01 0.0000e+00
486 1.0000e-03 1.7800e-05 1.3119e-04 3.4825e-04 1.2320e-04 2.4296e-01 7.9954e-06
487 0.0000e+00 8.6000e-06 1.2407e-04 3.0087e-04 1.2407e-04 2.4278e-01 0.0000e+00
488 0.0000e+00 0.0000e+00 1.2475e-04 2.6381e-04 1.2475e-04 2.4264e-01 0.0000e+00
489 0.0000e+00 0.0000e+00 1.2530e-04 2.3207e-04 1.2530e-04 2.4254e-01 0.0000e+00
490 0.0000e+00 0.0000e+00 1.2571e-04 2.0465e-04 1.2571e-04 2.4246e-01 0.0000e+00
491 0.0000e+00 0.0000e+00 1.2603e-04 1.8081e-04 1.2603e-04 2.4240e-01 0.0000e+00
492 0.0000e+00 0.0000e+00 1.2624e-04 1.6000e-04 1.2624e-04 2.4237e-01 0.0000e+00
493 0.0000e+00 0.0000e+00 1.2637e-04 1.4178e-04 1.2637e-04 2.4235e-01 0.0000e+00
494 0.0000e+00 0.0000e+00 1.2644e-04 1.2579e-04 1.2644e-04 2.4235e-01 0.0000e+00
495 0.0000e+00 0.0000e+00 1.2643e-04 1.1173e-04 1.2643e-04 2.4237e-01 0.0000e+00
496 0.0000e+00 0.0000e+00 1.2637e-04 9.9335e-05 1.2637e-04 2.4240e-01 0.0000e+00
497 0.0000e+00 0.0000e+00 1.2627e-04 8.8400e-05 1.2627e-04 2.4243e-01 0.0000e+00
498 0.0000e+00 0.0000e+00 1.2612e-04 7.8739e-05 1.2612e-04 2.4248e-01 0.0000e+00
499 0.0000e+00 0.0000e+00 1.2593e-04 7.0191e-05 1.2593e-04 2.4254e-01 0.0000e+00
500 0.0000e+00 0.0000e+00 1.2571e-04 6.2620e-05 1.2571e-04 2.4260e-01 0.0000e+00
501 0.0000e+00 6.3800e-05 1.2547e-04 5.5908e-05 1.2547e-04 2.4267e-01 0.0000e+00
502 0.0000e+00 1.2310e-04 1.2519e-04 4.9951e-05 1.2519e-04 2.4274e-01 0.0000e+00
503 0.0000e+00 1.7420e-04 1.2490e-04 4.4659e-05 1.2490e-04 2.4282e-01 0.0000e+00
504 0.0000e+00 2.1330e-04 1.2459e-04 3.9954e-05 1.2459e-04 2.4291e-01 0.0000e+00
505 0.0000e+00 2.3600e-04 1.2426e-04 3.5767e-05 1.2426e-04 2.4300e-01 0.0000e+00
506 0.0000e+00 2.4640e-04 1.2391e-04 3.2038e-05 1.2391e-04 2.4309e-01 0.0000e+00
507 0.0000e+00 2.3600e-04 1.2356e-04 2.8715e-05 1.2356e-04 2.4318e-01 0.0000e+00
508 0.0000e+00 2.1330e-04 1.2319e-04 2.5752e-05 1.2319e-04 2.4328e-01 0.0000e+00
509 0.0000e+00 1.7420e-04 1.2282e-04 2.3107e-05 1.2282e-04 2.4338e-01 0.0000e+00
510 0.0000e+00 1.2310e-04 1.2244e-04 2.0745e-05 1.2244e-04 2.4348e-01 0.0000e+00
511 0.0000e+00 5.9600e-05 1.2205e-04 1.8634e-05 1.2205e-04 2.4359e-01 0.0000e+00
512 0.0000e+00 0.0000e+00 1.2165e-04 1.6747e-05 1.2165e-04 2.4369e-01 0.0000e+00
513 0.0000e+00 0.0000e+00 1.2126e-04 1.5058e-05 1.2126e-04 2.4380e-01 0.0000e+00
514 0.0000e+00 0.0000e+00 1.2085e-04 1.3545e-05 1.2085e-04 2.4390e-01 0.0000e+00
515 0.0000e+00 0.0000e+00 1.2045e-04 1.2191e-05 1.2045e-04 2.4401e-01 0.0000e+00
516 0.0000e+00 0.0000e+00 1.2004e-04 1.0977e-05 1.2004e-04 2.4412e-01 0.0000e+00
517 0.0000e+00 0.0000e+00 1.1963e-04 9.8879e-06 1.1963e-04 2.4423e-01 0.0000e+00
518 0.0000e+00 0.0000e+00 1.1922e-04 8.9111e-06 1.1922e-04 2.4434e-01 0.0000e+00
519 0.0000e+00 0.0000e+00 1.1881e-04 8.0343e-06 1.1881e-04 2.4445e-01 0.0000e+00
520 0.0000e+00 0.0000e+00 1.1840e-04 7.2467e-06 1.1840e-04 2.4456e-01 0.0000e+00
521 0.0000e+00 0.0000e+00 1.1799e-04 6.5390e-06 1.1799e-04 2.4468e-01 0.0000e+00
522 0.0000e+00 0.0000e+00 1.1758e-04 5.9027e-06 1.1758e-04 2.4479e-01 0.0000e+00
523 0.0000e+00 0.0000e+00 1.1717e-04 5.3305e-06 1.1717e-04 2.4490e-01 0.0000e+00
524 0.0000e+00 0.0000e+00 1.1676e-04 4.8156e-06 1.1676e-04 2.4501e-01 0.0000e+00
525 0.0000e+00 4.1700e-05 1.1636e-04 4.3520e-06 1.1636e-04 2.4512e-01 0.0000e+00
526 0.0000e+00 8.0400e-05 1.1595e-04 3.9345e-06 1.1595e-04 2.4523e-01 0.0000e+00
527 0.0000e+00 1.1380e-04 1.1554e-04 3.5580e-06 1.1554e-04 2.4535e-01 0.0000e+00
528 0.0000e+00 1.3930e-04 1.1514e-04 3.2190e-06 1.1514e-04 2.4546e-01 0.0000e+00
529 0.0000e+00 1.5420e-04 1.1474e-04 2.9133e-06 1.1474e-04 2.4557e-01 0.0000e+00
530 0.0000e+00 1.6090e-04 1.1434e-04 2.6376e-06 1.1434e-04 2.4568e-01 0.0000e+00
531 0.0000e+00 1.5420e-04 1.1394e-04 2.3887e-06 1.1394e-04 2.4579e-01 0.0000e+00
532 0.0000e+00 1.3930e-04 1.1354e-04 2.1640e-06 1.1354e-04 2.4591e-01 0.0000e+00
533 0.0000e+00 1.1380e-04 1.1315e-04 1.9611e-06 1.1315e-04 2.4602e-01 0.0000e+00
534 0.0000e+00 8.0400e-05 1.1276e-04 1.7778e-06 1.1276e-04 2.4613e-01 0.0000e+00
535 0.0000e+00 3.8900e-05 1.1237e-04 1.6121e-06 1.1237e-04 2.4624e-01 0.0000e+00
536 0.0000e+00 0.0000e+00 1.1198e-04 1.4623e-06 1.1198e-04 2.4635e-01 0.0000e+00
537 0.0000e+00 0.0000e+00 1.1159e-04 1.3263e-06 1.1159e-04 2.4646e-01 0.0000e+00
538 0.0000e+00 0.0000e+00 1.1121e-04 1.2038e-06 1.1121e-04 2.4657e-01 0.0000e+00
539 0.0000e+00 0.0000e+00 1.1083e-04 1.0930e-06 1.1083e-04 2.4668e-01 0.0000e+00
540 0.0000e+00 0.0000e+00 1.1045e-04 9.9258e-07 1.1045e-04 2.4679e-01 0.0000e+00
541 0.0000e+00 0.0000e+00 1.1007e-04 9.0167e-07 1.1007e-04 2.4690e-01 0.0000e+00
542 0.0000e+00 0.0000e+00 1.0970e-04 8.1931e-07 1.0970e-04 2.4701e-01 0.0000e+00
543 0.0000e+00 0.0000e+00 1.0932e-04 7.4467e-07 1.0932e-04 2.4711e-01 0.0000e+00
544 0.0000e+00 0.0000e+00 1.0895e-04 6.7702e-07 1.0895e-04 2.4722e-01 0.0000e+00
545 0.0000e+00 0.0000e+00 1.0858e-04 6.1567e-07 1.0858e-04 2.4733e-01 0.0000e+00
546 0.0000e+00 0.0000e+00 1.0822e-04 5.6002e-07 1.0822e-04 2.4744e-01 0.0000e+00
547 0.0000e+00 0.0000e+00 1.0786e-04 5.0953e-07 1.0786e-04 2.4755e-01 0.0000e+00
548 0.0000e+00 0.0000e+00 1.0749e-04 4.6316e-07 1.0749e-04 2.4765e-01 0.0000e+00
549 0.0000e+00 2.0700e-05 1.0714e-04 4.2165e-07 1.0714e-04 2.4776e-01 0.0000e+00
550 0.0000e+00 4.0000e-05 1.0678e-04 3.8395e-07 1.0678e-04 2.4787e-01 0.0000e+00
551 0.0000e+00 5.6600e-05 1.0642e-04 3.4971e-07 1.0642e-04 2.4797e-01 0.0000e+00
552 1.0000e-03 6.9300e-05 1.0607e-04 3.1859e-07 1.0607e-04 2.4808e-01 0.0000e+00
553 1.0000e-03 7.6600e-05 1.0572e-04 2.9031e-07 1.0572e-04 2.4818e-01 0.0000e+00
554 2.0000e-03 8.0000e-05 1.0990e-04 6.8367e-05 1.0537e-04 2.4822e-01 4.5243e-06
555 1.5000e-03 7.6600e-05 1.1403e-04 1.8760e-04 1.0525e-04 2.4814e-01 8.7756e-06
556 0.0000e+00 6.9300e-05 1.0552e-04 1.5564e-04 1.0552e-04 2.4809e-01 0.0000e+00
557 5.0000e-04 5.6600e-05 1.0788e-04 1.6857e-04 1.0569e-04 2.4803e-01 2.1890e-06
558 0.0000e+00 4.0000e-05 1.0590e-04 1.4566e-04 1.0590e-04 2.4799e-01 0.0000e+00
559 0.0000e+00 1.9400e-05 1.0603e-04 1.2788e-04 1.0603e-04 2.4796e-01 0.0000e+00
560 0.0000e+00 0.0000e+00 1.0610e-04 1.1266e-04 1.0610e-04 2.4796e-01 0.0000e+00
561 0.0000e+00 0.0000e+00 1.0612e-04 9.9495e-05 1.0612e-04 2.4796e-01 0.0000e+00
562 0.0000e+00 0.0000e+00 1.0610e-04 8.8049e-05 1.0610e-04 2.4798e-01 0.0000e+00
563 0.0000e+00 0.0000e+00 1.0604e-04 7.8052e-05 1.0604e-04 2.4801e-01 0.0000e+00
564 0.0000e+00 0.0000e+00 1.0595e-04 6.9291e-05 1.0595e-04 2.4805e-01 0.0000e+00
565 5.0000e-04 0.0000e+00 1.0820e-04 9.7363e-05 1.0583e-04 2.4805e-01 2.3736e-06
566 0.0000e+00 0.0000e+00 1.0580e-04 8.3853e-05 1.0580e-04 2.4808e-01 0.0000e+00
567 0.0000e+00 0.0000e+00 1.0573e-04 7.4074e-05 1.0573e-04 2.4811e-01 0.0000e+00
568 0.0000e+00 0.0000e+00 1.0562e-04 6.5639e-05 1.0562e-04 2.4815e-01 0.0000e+00
569 0.0000e+00 0.0000e+00 1.0549e-04 5.8282e-05 1.0549e-04 2.4820e-01 0.0000e+00
570 0.0000e+00 0.0000e+00 1.0533e-04 5.1832e-05 1.0533e-04 2.4825e-01 0.0000e+00
571 0.0000e+00 0.0000e+00 1.0516e-04 4.6157e-05 1.0516e-04 2.4831e-01 0.0000e+00
572 0.0000e+00 0.0000e+00 1.0496e-04 4.1152e-05 1.0496e-04 2.4837e-01 0.0000e+00
573 3.0000e-03 3.0500e-05 1.2322e-04 3.1459e-04 1.0476e-04 2.4816e-01 1.8469e-05
574 1.0000e-03 5.8900e-05 1.1144e-04 3.4991e-04 1.0544e-04 2.4792e-01 5.9915e-06
575 2.5000e-03 8.3300e-05 1.2118e-04 5.2717e-04 1.0625e-04 2.4750e-01 1.4926e-05
576 3.5000e-03 1.0200e-04 1.3195e-04 7.6449e-04 1.0766e-04 2.4684e-01 2.4293e-05
577 1.5000e-03 1.1290e-04 1.1881e-04 7.8444e-04 1.0989e-04 2.4617e-01 8.9161e-06
578 0.0000e+00 1.1780e-04 1.1223e-04 6.8059e-04 1.1223e-04 2.4560e-01 0.0000e+00
579 0.0000e+00 1.1290e-04 1.1425e-04 5.9844e-04 1.1425e-04 2.4511e-01 0.0000e+00
580 0.0000e+00 1.0200e-04 1.1599e-04 5.2757e-04 1.1599e-04 2.4470e-01 0.0000e+00
581 0.0000e+00 8.3300e-05 1.1749e-04 4.6600e-04 1.1749e-04 2.4435e-01 0.0000e+00
582 0.0000e+00 5.8900e-05 1.1877e-04 4.1225e-04 1.1877e-04 2.4406e-01 0.0000e+00
583 0.0000e+00 2.8500e-05 1.1987e-04 3.6518e-04 1.1987e-04 2.4381e-01 0.0000e+00
584 0.0000e+00 0.0000e+00 1.2079e-04 3.2384e-04 1.2079e-04 2.4361e-01 0.0000e+00
585 0.0000e+00 0.0000e+00 1.2156e-04 2.8746e-04 1.2156e-04 2.4344e-01 0.0000e+00
586 0.0000e+00 0.0000e+00 1.2219e-04 2.5541e-04 1.2219e-04 2.4331e-01 0.0000e+00
587 0.0000e+00 0.0000e+00 1.2270e-04 2.2712e-04 1.2270e-04 2.4321e-01 0.0000e+00
588 0.0000e+00 0.0000e+00 1.2310e-04 2.0212e-04 1.2310e-04 2.4313e-01 0.0000e+00
589 5.0000e-04 0.0000e+00 1.2341e-04 1.8001e-04 1.2341e-04 2.4307e-01 0.0000e+00
590 0.0000e+00 0.0000e+00 1.2363e-04 1.6044e-04 1.2363e-04 2.4303e-01 0.0000e+00
591 0.0000e+00 0.0000e+00 1.2377e-04 1.4309e-04 1.2377e-04 2.4302e-01 0.0000e+00
592 5.0000e-04 0.0000e+00 1.2712e-04 1.6414e-04 1.2384e-04 2.4298e-01 3.2771e-06
593 0.0000e+00 0.0000e+00 1.2400e-04 1.4402e-04 1.2400e-04 2.4296e-01 0.0000e+00
594 1.0000e-03 0.0000e+00 1.3255e-04 2.2207e-04 1.2408e-04 2.4286e-01 8.4705e-06
595 0.0000e+00 0.0000e+00 1.2446e-04 1.9127e-04 1.2446e-04 2.4279e-01 0.0000e+00
596 0.0000e+00 0.0000e+00 1.2472e-04 1.6843e-04 1.2472e-04 2.4275e-01 0.0000e+00
597 0.0000e+00 6.2600e-05 1.2489e-04 1.4884e-04 1.2489e-04 2.4272e-01 0.0000e+00
598 0.0000e+00 1.2080e-04 1.2498e-04 1.3186e-04 1.2498e-04 2.4272e-01 0.0000e+00
599 0.0000e+00 1.7090e-04 1.2501e-04 1.1703e-04 1.2501e-04 2.4272e-01 0.0000e+00
600 0.0000e+00 2.0930e-04 1.2498e-04 1.0402e-04 1.2498e-04 2.4274e-01 0.0000e+00
601 0.0000e+00 2.3150e-04 1.2490e-04 9.2575e-05 1.2490e-04 2.4278e-01 0.0000e+00
602 0.0000e+00 2.4180e-04 1.2477e-04 8.2480e-05 1.2477e-04 2.4282e-01 0.0000e+00
603 0.0000e+00 2.3150e-04 1.2460e-04 7.3558e-05 1.2460e-04 2.4287e-01 0.0000e+00
604 0.0000e+00 2.0930e-04 1.2441e-04 6.5661e-05 1.2441e-04 2.4293e-01 0.0000e+00
605 0.0000e+00 1.7090e-04 1.2418e-04 5.8660e-05 1.2418e-04 2.4299e-01 0.0000e+00
606 0.0000e+00 1.2080e-04 1.2392e-04 5.2446e-05 1.2392e-04 2.4307e-01 0.0000e+00
607 0.0000e+00 5.8500e-05 1.2365e-04 4.6926e-05 1.2365e-04 2.4314e-01 0.0000e+00
608 0.0000e+00 0.0000e+00 1.2335e-04 4.2015e-05 1.2335e-04 2.4322e-01 0.0000e+00
609 0.0000e+00 0.0000e+00 1.2304e-04 3.7643e-05 1.2304e-04 2.4331e-01 0.0000e+00
610 0.0000e+00 0.0000e+00 1.2271e-04 3.3748e-05 1.2271e-04 2.4340e-01 0.0000e+00
611 0.0000e+00 0.0000e+00 1.2237e-04 3.0274e-05 1.2237e-04 2.4349e-01 0.0000e+00
612 0.0000e+00 0.0000e+00 1.2202e-04 2.7173e-05 1.2202e-04 2.4359e-01 0.0000e+00
613 0.0000e+00 0.0000e+00 1.2166e-04 2.4404e-05 1.2166e-04 2.4368e-01 0.0000e+00
614 0.0000e+00 0.0000e+00 1.2129e-04 2.1928e-05 1.2129e-04 2.4378e-01 0.0000e+00
615 0.0000e+00 0.0000e+00 1.2091e-04 1.9714e-05 1.2091e-04 2.4388e-01 0.0000e+00
616 0.0000e+00 0.0000e+00 1.2053e-04 1.7733e-05 1.2053e-04 2.4399e-01 0.0000e+00
617 0.0000e+00 0.0000e+00 1.2014e-04 1.5958e-05 1.2014e-04 2.4409e-01 0.0000e+00
618 0.0000e+00 0.0000e+00 1.1975e-04 1.4368e-05 1.1975e-04 2.4420e-01 0.0000e+00
619 0.0000e+00 0.0000e+00 1.1936e-04 1.2943e-05 1.1936e-04 2.4430e-01 0.0000e+00
620 0.0000e+00 0.0000e+00 1.1896e-04 1.1664e-05 1.1896e-04 2.4441e-01 0.0000e+00
621 0.0000e+00 1.4200e-05 1.1856e-04 1.0516e-05 1.1856e-04 2.4452e-01 0.0000e+00
622 0.0000e+00 2.7500e-05 1.1816e-04 9.4854e-06 1.1816e-04 2.4463e-01 0.0000e+00
623 0.0000e+00 3.8900e-05 1.1776e-04 8.5590e-06 1.1776e-04 2.4474e-01 0.0000e+00
624 1.0000e-03 4.7600e-05 1.1736e-04 7.7265e-06 1.1736e-04 2.4485e-01 0.0000e+00
625 1.0000e-03 5.2700e-05 1.1762e-04 1.4168e-05 1.1696e-04 2.4495e-01 6.5489e-07
626 3.0000e-03 5.5000e-05 1.4155e-04 2.8612e-04 1.1659e-04 2.4478e-01 2.4965e-05
627 2.0000e-03 5.2700e-05 1.3368e-04 4.1797e-04 1.1721e-04 2.4448e-01 1.6475e-05
628 1.5000e-03 4.7600e-05 1.3057e-04 4.9054e-04 1.1831e-04 2.4411e-01 1.2259e-05
629 3.5000e-03 3.8900e-05 1.4894e-04 7.4438e-04 1.1970e-04 2.4348e-01 2.9243e-05
630 4.0000e-03 2.7500e-05 1.5561e-04 1.0080e-03 1.2206e-04 2.4259e-01 3.3552e-05
631 5.0000e-03 1.3300e-05 1.6760e-04 1.3348e-03 1.2548e-04 2.4139e-01 4.2119e-05
632 0.0000e+00 0.0000e+00 1.3032e-04 1.1482e-03 1.3032e-04 2.4037e-01 0.0000e+00
633 0.0000e+00 0.0000e+00 1.3453e-04 1.0056e-03 1.3453e-04 2.3950e-01 0.0000e+00
634 1.0000e-03 0.0000e+00 1.4660e-04 9.7852e-04 1.3824e-04 2.3866e-01 8.3578e-06
635 2.5000e-03 0.0000e+00 1.6309e-04 1.0988e-03 1.4192e-04 2.3770e-01 2.1176e-05
636 3.5000e-03 0.0000e+00 1.7587e-04 1.2959e-03 1.4623e-04 2.3655e-01 2.9647e-05
637 3.0000e-03 0.0000e+00 1.7699e-04 1.4157e-03 1.5157e-04 2.3529e-01 2.5411e-05
638 0.0000e+00 0.0000e+00 1.5768e-04 1.2252e-03 1.5768e-04 2.3422e-01 0.0000e+00
639 5.0000e-04 0.0000e+00 1.6727e-04 1.1238e-03 1.6303e-04 2.3326e-01 4.2352e-06
640 0.0000e+00 0.0000e+00 1.6800e-04 9.8396e-04 1.6800e-04 2.3244e-01 0.0000e+00
641 5.0000e-04 0.0000e+00 1.7657e-04 9.1575e-04 1.7234e-04 2.3170e-01 4.2352e-06
642 0.0000e+00 0.0000e+00 1.7639e-04 8.0209e-04 1.7639e-04 2.3107e-01 0.0000e+00
643 5.0000e-04 0.0000e+00 1.8411e-04 7.5711e-04 1.7987e-04 2.3049e-01 4.2352e-06
644 0.0000e+00 0.0000e+00 1.8315e-04 6.6260e-04 1.8315e-04 2.3002e-01 0.0000e+00
645 0.0000e+00 1.6900e-05 1.8591e-04 5.8302e-04 1.8591e-04 2.2962e-01 0.0000e+00
646 0.0000e+00 3.2600e-05 1.8823e-04 5.1363e-04 1.8823e-04 2.2929e-01 0.0000e+00
647 0.0000e+00 4.6100e-05 1.9016e-04 4.5290e-04 1.9016e-04 2.2903e-01 0.0000e+00
648 0.0000e+00 5.6400e-05 1.9172e-04 3.9969e-04 1.9172e-04 2.2882e-01 0.0000e+00
649 0.0000e+00 6.2400e-05 1.9297e-04 3.5300e-04 1.9297e-04 2.2866e-01 0.0000e+00
650 0.0000e+00 6.5200e-05 1.9394e-04 3.1200e-04 1.9394e-04 2.2854e-01 0.0000e+00
651 0.0000e+00 6.2400e-05 1.9466e-04 2.7596e-04 1.9466e-04 2.2846e-01 0.0000e+00
652 0.0000e+00 5.6400e-05 1.9515e-04 2.4426e-04 1.9515e-04 2.2841e-01 0.0000e+00
653 0.0000e+00 4.6100e-05 1.9545e-04 2.1635e-04 1.9545e-04 2.2839e-01 0.0000e+00
654 0.0000e+00 3.2600e-05 1.9558e-04 1.9176e-04 1.9558e-04 2.2840e-01 0.0000e+00
655 0.0000e+00 1.5800e-05 1.9556e-04 1.7009e-04 1.9556e-04 2.2842e-01 0.0000e+00
656 0.0000e+00 0.0000e+00 1.9540e-04 1.5096e-04 1.9540e-04 2.2847e-01 0.0000e+00
657 0.0000e+00 0.0000e+00 1.9513e-04 1.3408e-04 1.9513e-04 2.2853e-01 0.0000e+00
658 0.0000e+00 0.0000e+00 1.9476e-04 1.1916e-04 1.9476e-04 2.2860e-01 0.0000e+00
659 0.0000e+00 0.0000e+00 1.9430e-04 1.0597e-04 1.9430e-04 2.2869e-01 0.0000e+00
660 0.0000e+00 0.0000e+00 1.9376e-04 9.4307e-05 1.9376e-04 2.2879e-01 0.0000e+00
661 0.0000e+00 0.0000e+00 1.9316e-04 8.3976e-05 1.9316e-04 2.2890e-01 0.0000e+00
662 0.0000e+00 0.0000e+00 1.9250e-04 7.4824e-05 1.9250e-04 2.2902e-01 0.0000e+00
663 0.0000e+00 0.0000e+00 1.9180e-04 6.6710e-05 1.9180e-04 2.2914e-01 0.0000e+00
664 0.0000e+00 0.0000e+00 1.9105e-04 5.9511e-05 1.9105e-04 2.2927e-01 0.0000e+00
665 0.0000e+00 0.0000e+00 1.9027e-04 5.3121e-05 1.9027e-04 2.2941e-01 0.0000e+00
666 5.0000e-04 0.0000e+00 1.8953e-04 4.8414e-05 1.8945e-04 2.2955e-01 7.8527e-08
667 0.0000e+00 0.0000e+00 1.8862e-04 4.3161e-05 1.8862e-04 2.2970e-01 0.0000e+00
668 5.0000e-04 0.0000e+00 1.9200e-04 9.0765e-05 1.8776e-04 2.2980e-01 4.2352e-06
669 5.0000e-04 1.5300e-05 1.9143e-04 1.2776e-04 1.8720e-04 2.2985e-01 4.2352e-06
670 0.0000e+00 2.9500e-05 1.8685e-04 1.0706e-04 1.8685e-04 2.2993e-01 0.0000e+00
671 1.0000e-03 4.1700e-05 1.9447e-04 1.9240e-04 1.8638e-04 2.2993e-01 8.0911e-06
672 0.0000e+00 5.1100e-05 1.8642e-04 1.5963e-04 1.8642e-04 2.2996e-01 0.0000e+00
673 0.0000e+00 5.6500e-05 1.8626e-04 1.3802e-04 1.8626e-04 2.3000e-01 0.0000e+00
674 0.0000e+00 5.9000e-05 1.8598e-04 1.2004e-04 1.8598e-04 2.3007e-01 0.0000e+00
675 5.0000e-04 5.6500e-05 1.8807e-04 1.3519e-04 1.8560e-04 2.3012e-01 2.4736e-06
676 5.0000e-04 5.1100e-05 1.8906e-04 1.6190e-04 1.8531e-04 2.3014e-01 3.7567e-06
677 0.0000e+00 4.1700e-05 1.8517e-04 1.3748e-04 1.8517e-04 2.3019e-01 0.0000e+00
678 0.0000e+00 2.9500e-05 1.8490e-04 1.1957e-04 1.8490e-04 2.3026e-01 0.0000e+00
679 1.0000e-03 1.4300e-05 1.9195e-04 1.9565e-04 1.8452e-04 2.3025e-01 7.4354e-06
680 1.0000e-03 0.0000e+00 1.9293e-04 2.6607e-04 1.8458e-04 2.3016e-01 8.3493e-06
681 0.0000e+00 0.0000e+00 1.8505e-04 2.2301e-04 1.8505e-04 2.3013e-01 0.0000e+00
682 0.0000e+00 0.0000e+00 1.8527e-04 1.9295e-04 1.8527e-04 2.3012e-01 0.0000e+00
683 0.0000e+00 0.0000e+00 1.8532e-04 1.6783e-04 1.8532e-04 2.3014e-01 0.0000e+00
684 0.0000e+00 0.0000e+00 1.8522e-04 1.4648e-04 1.8522e-04 2.3017e-01 0.0000e+00
685 0.0000e+00 0.0000e+00 1.8499e-04 1.2819e-04 1.8499e-04 2.3023e-01 0.0000e+00
686 0.0000e+00 0.0000e+00 1.8466e-04 1.1244e-04 1.8466e-04 2.3030e-01 0.0000e+00
687 0.0000e+00 0.0000e+00 1.8425e-04 9.8804e-05 1.8425e-04 2.3039e-01 0.0000e+00
688 0.0000e+00 0.0000e+00 1.8376e-04 8.6968e-05 1.8376e-04 2.3049e-01 0.0000e+00
689 0.0000e+00 0.0000e+00 1.8320e-04 7.6662e-05 1.8320e-04 2.3059e-01 0.0000e+00
690 0.0000e+00 0.0000e+00 1.8259e-04 6.7668e-05 1.8259e-04 2.3071e-01 0.0000e+00
691 0.0000e+00 0.0000e+00 1.8194e-04 5.9802e-05 1.8194e-04 2.3083e-01 0.0000e+00
692 0.0000e+00 0.0000e+00 1.8124e-04 5.2910e-05 1.8124e-04 2.3096e-01 0.0000e+00
693 0.0000e+00 5.6100e-05 1.8052e-04 4.6862e-05 1.8052e-04 2.3109e-01 0.0000e+00
694 0.0000e+00 1.0830e-04 1.7977e-04 4.1547e-05 1.7977e-04 2.3123e-01 0.0000e+00
695 0.0000e+00 1.5320e-04 1.7899e-04 3.6870e-05 1.7899e-04 2.3137e-01 0.0000e+00
696 0.0000e+00 1.8770e-04 1.7820e-04 3.2748e-05 1.7820e-04 2.3152e-01 0.0000e+00
697 0.0000e+00 2.0760e-04 1.7739e-04 2.9112e-05 1.7739e-04 2.3167e-01 0.0000e+00
698 0.0000e+00 2.1680e-04 1.7657e-04 2.5901e-05 1.7657e-04 2.3182e-01 0.0000e+00
699 0.0000e+00 2.0760e-04 1.7574e-04 2.3062e-05 1.7574e-04 2.3197e-01 0.0000e+00
700 5.0000e-04 1.8770e-04 1.7490e-04 2.0550e-05 1.7490e-04 2.3212e-01 0.0000e+00
701 0.0000e+00 1.5320e-04 1.7406e-04 1.8325e-05 1.7406e-04 2.3228e-01 0.0000e+00
702 0.0000e+00 1.0830e-04 1.7322e-04 1.6352e-05 1.7322e-04 2.3244e-01 0.0000e+00
703 0.0000e+00 5.2400e-05 1.7237e-04 1.4601e-05 1.7237e-04 2.3259e-01 0.0000e+00
704 0.0000e+00 0.0000e+00 1.7152e-04 1.3046e-05 1.7152e-04 2.3275e-01 0.0000e+00
705 0.0000e+00 0.0000e+00 1.7068e-04 1.1665e-05 1.7068e-04 2.3291e-01 0.0000e+00
706 0.0000e+00 0.0000e+00 1.6983e-04 1.0436e-05 1.6983e-04 2.3307e-01 0.0000e+00
707 0.0000e+00 0.0000e+00 1.6899e-04 9.3416e-06 1.6899e-04 2.3323e-01 0.0000e+00
708 0.0000e+00 0.0000e+00 1.6814e-04 8.3672e-06 1.6814e-04 2.3339e-01 0.0000e+00
709 0.0000e+00 0.0000e+00 1.6731e-04 7.4986e-06 1.6731e-04 2.3355e-01 0.0000e+00
710 0.0000e+00 0.0000e+00 1.6647e-04 6.7238e-06 1.6647e-04 2.3371e-01 0.0000e+00
711 0.0000e+00 0.0000e+00 1.6564e-04 6.0323e-06 1.6564e-04 2.3387e-01 0.0000e+00
712 0.0000e+00 0.0000e+00 1.6482e-04 5.4147e-06 1.6482e-04 2.3403e-01 0.0000e+00
713 0.0000e+00 0.0000e+00 1.6400e-04 4.8628e-06 1.6400e-04 2.3419e-01 0.0000e+00
714 0.0000e+00 0.0000e+00 1.6319e-04 4.3690e-06 1.6319e-04 2.3435e-01 0.0000e+00
715 0.0000e+00 0.0000e+00 1.6238e-04 3.9275e-06 1.6238e-04 2.3450e-01 0.0000e+00
716 0.0000e+00 0.0000e+00 1.6158e-04 3.5324e-06 1.6158e-04 2.3466e-01 0.0000e+00
717 0.0000e+00 8.5600e-05 1.6078e-04 3.1784e-06 1.6078e-04 2.3482e-01 0.0000e+00
718 0.0000e+00 1.6520e-04 1.5999e-04 2.8611e-06 1.5999e-04 2.3498e-01 0.0000e+00
719 0.0000e+00 2.3380e-04 1.5921e-04 2.5767e-06 1.5921e-04 2.3513e-01 0.0000e+00
720 0.0000e+00 2.8620e-04 1.5843e-04 2.3215e-06 1.5843e-04 2.3529e-01 0.0000e+00
721 0.0000e+00 3.1670e-04 1.5766e-04 2.0925e-06 1.5766e-04 2.3545e-01 0.0000e+00
722 0.0000e+00 3.3060e-04 1.5690e-04 1.8868e-06 1.5690e-04 2.3560e-01 0.0000e+00
723 0.0000e+00 3.1670e-04 1.5614e-04 1.7021e-06 1.5614e-04 2.3575e-01 0.0000e+00
724 0.0000e+00 2.8620e-04 1.5539e-04 1.5356e-06 1.5539e-04 2.3591e-01 0.0000e+00
725 0.0000e+00 2.3380e-04 1.5464e-04 1.3864e-06 1.5464e-04 2.3606e-01 0.0000e+00
726 0.0000e+00 1.6520e-04 1.5390e-04 1.2521e-06 1.5390e-04 2.3621e-01 0.0000e+00
727 0.0000e+00 8.0000e-05 1.5317e-04 1.1312e-06 1.5317e-04 2.3637e-01 0.0000e+00
728 0.0000e+00 0.0000e+00 1.5244e-04 1.0224e-06 1.5244e-04 2.3652e-01 0.0000e+00
729 0.0000e+00 0.0000e+00 1.5172e-04 9.2439e-07 1.5172e-04 2.3667e-01 0.0000e+00
730 0.0000e+00 0.0000e+00 1.5101e-04 8.3606e-07 1.5101e-04 2.3682e-01 0.0000e+00
731 0.0000e+00 0.0000e+00 1.5030e-04 7.5642e-07 1.5030e-04 2.3697e-01 0.0000e+00
732 0.0000e+00 0.0000e+00 1.4960e-04 6.8460e-07 1.4960e-04 2.3712e-01 0.0000e+00
733 0.0000e+00 0.0000e+00 1.4891e-04 6.1981e-07 1.4891e-04 2.3727e-01 0.0000e+00
734 0.0000e+00 0.0000e+00 1.4822e-04 5.6073e-07 1.4822e-04 2.3741e-01 0.0000e+00
735 0.0000e+00 0.0000e+00 1.4754e-04 5.0803e-07 1.4754e-04 2.3756e-01 0.0000e+00
736 0.0000e+00 0.0000e+00 1.4686e-04 4.6042e-07 1.4686e-04 2.3771e-01 0.0000e+00
737 0.0000e+00 0.0000e+00 1.4619e-04 4.1740e-07 1.4619e-04 2.3785e-01 0.0000e+00
738 0.0000e+00 0.0000e+00 1.4553e-04 3.7851e-07 1.4553e-04 2.3800e-01 0.0000e+00
739 0.0000e+00 0.0000e+00 1.4487e-04 3.4335e-07 1.4487e-04 2.3814e-01 0.0000e+00
740 0.0000e+00 0.0000e+00 1.4421e-04 3.1154e-07 1.4421e-04 2.3829e-01 0.0000e+00
741 0.0000e+00 7.4700e-05 1.4357e-04 2.8276e-07 1.4357e-04 2.3843e-01 0.0000e+00
742 0.0000e+00 1.4410e-04 1.4293e-04 2.5671e-07 1.4293e-04 2.3857e-01 0.0000e+00
743 0.0000e+00 2.0380e-04 1.4229e-04 2.3312e-07 1.4229e-04 2.3871e-01 0.0000e+00
744 0.0000e+00 2.4960e-04 1.4166e-04 2.1079e-07 1.4166e-04 2.3886e-01 0.0000e+00
745 0.0000e+00 2.7610e-04 1.4104e-04 1.9158e-07 1.4104e-04 2.3900e-01 0.0000e+00
746 0.0000e+00 2.8830e-04 1.4042e-04 1.7416e-07 1.4042e-04 2.3914e-01 0.0000e+00
747 0.0000e+00 2.7610e-04 1.3980e-04 1.5836e-07 1.3980e-04 2.3928e-01 0.0000e+00
748 0.0000e+00 2.4960e-04 1.3919e-04 1.4404e-07 1.3919e-04 2.3942e-01 0.0000e+00
749 0.0000e+00 2.0380e-04 1.3859e-04 1.3104e-07 1.3859e-04 2.3955e-01 0.0000e+00
750 0.0000e+00 1.4410e-04 1.3799e-04 1.1924e-07 1.3799e-04 2.3969e-01 0.0000e+00
751 0.0000e+00 6.9800e-05 1.3740e-04 1.0853e-07 1.3740e-04 2.3983e-01 0.0000e+00
752 0.0000e+00 0.0000e+00 1.3681e-04 9.8801e-08 1.3681e-04 2.3997e-01 0.0000e+00
753 0.0000e+00 0.0000e+00 1.3623e-04 8.9967e-08 1.3623e-04 2.4010e-01 0.0000e+00
754 0.0000e+00 0.0000e+00 1.3565e-04 8.0637e-08 1.3565e-04 2.4024e-01 0.0000e+00
755 0.0000e+00 0.0000e+00 1.3507e-04 7.3508e-08 1.3507e-04 2.4037e-01 0.0000e+00
756 0.0000e+00 0.0000e+00 1.3451e-04 6.7023e-08 1.3451e-04 2.4051e-01 0.0000e+00
757 0.0000e+00 0.0000e+00 1.3394e-04 6.1122e-08 1.3394e-04 2.4064e-01 0.0000e+00
758 0.0000e+00 0.0000e+00 1.3338e-04 5.5751e-08 1.3338e-04 2.4077e-01 0.0000e+00
759 0.0000e+00 0.0000e+00 1.3283e-04 5.0862e-08 1.3283e-04 2.4091e-01 0.0000e+00
760 0.0000e+00 0.0000e+00 1.3228e-04 4.6410e-08 1.3228e-04 2.4104e-01 0.0000e+00
761 0.0000e+00 0.0000e+00 1.3173e-04 4.2356e-08 1.3173e-04 2.4117e-01 0.0000e+00
762 0.0000e+00 0.0000e+00 1.3119e-04 3.8663e-08 1.3119e-04 2.4130e-01 0.0000e+00
763 0.0000e+00 0.0000e+00 1.3066e-04 3.5299e-08 1.3066e-04 2.4143e-01 0.0000e+00
764 0.0000e+00 0.0000e+00 1.3012e-04 3.0798e-08 1.3012e-04 2.4156e-01 0.0000e+00
765 0.0000e+00 9.6700e-05 1.2959e-04 2.8165e-08 1.2959e-04 2.4169e-01 0.0000e+00
766 0.0000e+00 1.8660e-04 1.2907e-04 2.5760e-08 1.2907e-04 2.4182e-01 0.0000e+00
767 0.0000e+00 2.6400e-04 1.2855e-04 2.3564e-08 1.2855e-04 2.4195e-01 0.0000e+00
768 0.0000e+00 3.2330e-04 1.2804e-04 2.1559e-08 1.2804e-04 2.4208e-01 0.0000e+00
769 0.0000e+00 3.5770e-04 1.2753e-04 1.9727e-08 1.2753e-04 2.4221e-01 0.0000e+00
770 0.0000e+00 3.7350e-04 1.2702e-04 1.8053e-08 1.2702e-04 2.4233e-01 0.0000e+00
771 0.0000e+00 3.5770e-04 1.2652e-04 1.6523e-08 1.2652e-04 2.4246e-01 0.0000e+00
772 0.0000e+00 3.2330e-04 1.2602e-04 1.5126e-08 1.2602e-04 2.4258e-01 0.0000e+00
773 0.0000e+00 2.6400e-04 1.2552e-04 1.3848e-08 1.2552e-04 2.4271e-01 0.0000e+00
774 0.0000e+00 1.8660e-04 1.2503e-04 1.2681e-08 1.2503e-04 2.4284e-01 0.0000e+00
775 0.0000e+00 9.0400e-05 1.2454e-04 1.0449e-08 1.2454e-04 2.4296e-01 0.0000e+00
776 0.0000e+00 0.0000e+00 1.2406e-04 9.5897e-09 1.2406e-04 2.4308e-01 0.0000e+00
777 0.0000e+00 0.0000e+00 1.2358e-04 8.8021e-09 1.2358e-04 2.4321e-01 0.0000e+00
778 0.0000e+00 0.0000e+00 1.2310e-04 8.0800e-09 1.2310e-04 2.4333e-01 0.0000e+00
779 0.0000e+00 0.0000e+00 1.2263e-04 7.4179e-09 1.2263e-04 2.4345e-01 0.0000e+00
780 0.0000e+00 0.0000e+00 1.2216e-04 6.8108e-09 1.2216e-04 2.4358e-01 0.0000e+00
781 0.0000e+00 0.0000e+00 1.2169e-04 6.2540e-09 1.2169e-04 2.4370e-01 0.0000e+00
782 0.0000e+00 0.0000e+00 1.2123e-04 5.7433e-09 1.2123e-04 2.4382e-01 0.0000e+00
783 0.0000e+00 0.0000e+00 1.2077e-04 5.2749e-09 1.2077e-04 2.4394e-01 0.0000e+00
784 0.0000e+00 0.0000e+00 1.2032e-04 4.8451e-09 1.2032e-04 2.4406e-01 0.0000e+00
785 0.0000e+00 0.0000e+00 1.1987e-04 3.5786e-09 1.1987e-04 2.4418e-01 0.0000e+00
786 0.0000e+00 0.0000e+00 1.1942e-04 3.2967e-09 1.1942e-04 2.4430e-01 0.0000e+00
787 0.0000e+00 0.0000e+00 1.1898e-04 3.0373e-09 1.1898e-04 2.4442e-01 0.0000e+00
788 0.0000e+00 0.0000e+00 1.1853e-04 2.7984e-09 1.1853e-04 2.4454e-01 0.0000e+00
789 0.0000e+00 1.2590e-04 1.1810e-04 2.5786e-09 1.1810e-04 2.4465e-01 0.0000e+00
790 0.0000e+00 2.4290e-04 1.1766e-04 2.3761e-09 1.1766e-04 2.4477e-01 0.0000e+00
791 0.0000e+00 3.4370e-04 1.1723e-04 2.1898e-09 1.1723e-04 2.4489e-01 0.0000e+00
792 0.0000e+00 4.2090e-04 1.1680e-04 2.0182e-09 1.1680e-04 2.4501e-01 0.0000e+00
793 0.0000e+00 4.6560e-04 1.1637e-04 1.8601e-09 1.1637e-04 2.4512e-01 0.0000e+00
794 0.0000e+00 4.8620e-04 1.1595e-04 1.7146e-09 1.1595e-04 2.4524e-01 0.0000e+00
795 0.0000e+00 4.6560e-04 1.1553e-04 1.5806e-09 1.1553e-04 2.4535e-01 0.0000e+00
796 0.0000e+00 4.2090e-04 1.1512e-04 9.6649e-10 1.1512e-04 2.4547e-01 0.0000e+00
797 0.0000e+00 3.4370e-04 1.1470e-04 8.9400e-10 1.1470e-04 2.4558e-01 0.0000e+00
798 0.0000e+00 2.4290e-04 1.1429e-04 8.2699e-10 1.1429e-04 2.4570e-01 0.0000e+00
799 0.0000e+00 1.1760e-04 1.1388e-04 7.6504e-10 1.1388e-04 2.4581e-01 0.0000e+00
800 0.0000e+00 0.0000e+00 1.1348e-04 7.0777e-10 1.1348e-04 2.4593e-01 0.0000e+00
801 0.0000e+00 0.0000e+00 1.1308e-04 6.5482e-10 1.1308e-04 2.4604e-01 0.0000e+00
802 0.0000e+00 0.0000e+00 1.1268e-04 6.0586e-10 1.1268e-04 2.4615e-01 0.0000e+00
803 0.0000e+00 0.0000e+00 1.1228e-04 5.6058e-10 1.1228e-04 2.4626e-01 0.0000e+00
804 0.0000e+00 0.0000e+00 1.1189e-04 5.1872e-10 1.1189e-04 2.4638e-01 0.0000e+00
805 0.0000e+00 0.0000e+00 1.1150e-04 4.8000e-10 1.1150e-04 2.4649e-01 0.0000e+00
806 0.0000e+00 0.0000e+00 1.1111e-04 4.4420e-10 1.1111e-04 2.4660e-01 0.0000e+00
807 0.0000e+00 0.0000e+00 1.1073e-04 2.0665e-10 1.1073e-04 2.4671e-01 0.0000e+00
808 0.0000e+00 0.0000e+00 1.1034e-04 1.9189e-10 1.1034e-04 2.4682e-01 0.0000e+00
809 0.0000e+00 0.0000e+00 1.0996e-04 1.7820e-10 1.0996e-04 2.4693e-01 0.0000e+00
810 0.0000e+00 0.0000e+00 1.0959e-04 1.6549e-10 1.0959e-04 2.4704e-01 0.0000e+00
811 0.0000e+00 0.0000e+00 1.0921e-04 1.5369e-10 1.0921e-04 2.4715e-01 0.0000e+00
812 0.0000e+00 0.0000e+00 1.0884e-04 1.4274e-10 1.0884e-04 2.4726e-01 0.0000e+00
813 0.0000e+00 3.0400e-05 1.0847e-04 1.3257e-10 1.0847e-04 2.4737e-01 0.0000e+00
814 0.0000e+00 5.8700e-05 1.0810e-04 1.2313e-10 1.0810e-04 2.4747e-01 0.0000e+00
815 0.0000e+00 8.3100e-05 1.0774e-04 1.1437e-10 1.0774e-04 2.4758e-01 0.0000e+00
816 0.0000e+00 1.0180e-04 1.0738e-04 1.0623e-10 1.0738e-04 2.4769e-01 0.0000e+00
817 0.0000e+00 1.1260e-04 1.0702e-04 9.8681e-11 1.0702e-04 2.4780e-01 0.0000e+00
818 0.0000e+00 1.1760e-04 1.0666e-04 2.2996e-11 1.0666e-04 2.4790e-01 0.0000e+00
819 0.0000e+00 1.1260e-04 1.0631e-04 2.1439e-11 1.0631e-04 2.4801e-01 0.0000e+00
820 0.0000e+00 1.0180e-04 1.0595e-04 1.9989e-11 1.0595e-04 2.4811e-01 0.0000e+00
821 0.0000e+00 8.3100e-05 1.0560e-04 1.8637e-11 1.0560e-04 2.4822e-01 0.0000e+00
822 0.0000e+00 5.8700e-05 1.0525e-04 1.7377e-11 1.0525e-04 2.4833e-01 0.0000e+00
823 0.0000e+00 2.8400e-05 1.0491e-04 1.6203e-11 1.0491e-04 2.4843e-01 0.0000e+00
824 0.0000e+00 0.0000e+00 1.0457e-04 1.5108e-11 1.0457e-04 2.4853e-01 0.0000e+00
825 0.0000e+00 0.0000e+00 1.0422e-04 1.4088e-11 1.0422e-04 2.4864e-01 0.0000e+00
826 0.0000e+00 0.0000e+00 1.0389e-04 1.3137e-11 1.0389e-04 2.4874e-01 0.0000e+00
827 0.0000e+00 0.0000e+00 1.0355e-04 1.2250e-11 1.0355e-04 2.4885e-01 0.0000e+00
828 0.0000e+00 0.0000e+00 1.0321e-04 1.1424e-11 1.0321e-04 2.4895e-01 0.0000e+00
829 0.0000e+00 0.0000e+00 1.0288e-04 0.0000e+00 1.0288e-04 2.4905e-01 0.0000e+00
830 0.0000e+00 0.0000e+00 1.0255e-04 0.0000e+00 1.0255e-04 2.4915e-01 0.0000e+00
831 0.0000e+00 0.0000e+00 1.0222e-04 0.0000e+00 1.0222e-04 2.4926e-01 0.0000e+00
832 0.0000e+00 0.0000e+00 1.0190e-04 0.0000e+00 1.0190e-04 2.4936e-01 0.0000e+00
833 0.0000e+00 0.0000e+00 1.0157e-04 0.0000e+00 1.0157e-04 2.4946e-01 0.0000e+00
834 0.0000e+00 0.0000e+00 1.0125e-04 0.0000e+00 1.0125e-04 2.4956e-01 0.0000e+00
835 0.0000e+00 0.0000e+00 1.0093e-04 0.0000e+00 1.0093e-04 2.4966e-01 0.0000e+00
836 0.0000e+00 0.0000e+00 1.0061e-04 0.0000e+00 1.0061e-04 2.4976e-01 0.0000e+00
837 0.0000e+00 6.6100e-05 1.0030e-04 0.0000e+00 1.0030e-04 2.4986e-01 0.0000e+00
838 0.0000e+00 1.2750e-04 9.9984e-05 0.0000e+00 9.9984e-05 2.4996e-01 0.0000e+00
839 0.0000e+00 1.8040e-04 9.9672e-05 0.0000e+00 9.9672e-05 2.5006e-01 0.0000e+00
840 0.0000e+00 2.2090e-04 9.9362e-05 0.0000e+00 9.9362e-05 2.5016e-01 0.0000e+00
841 0.0000e+00 2.4430e-04 9.9054e-05 0.0000e+00 9.9054e-05 2.5026e-01 0.0000e+00
842 0.0000e+00 2.5510e-04 9.8748e-05 0.0000e+00 9.8748e-05 2.5036e-01 0.0000e+00
843 0.0000e+00 2.4430e-04 9.8444e-05 0.0000e+00 9.8444e-05 2.5046e-01 0.0000e+00
844 0.0000e+00 2.2090e-04 9.8141e-05 0.0000e+00 9.8141e-05 2.5056e-01 0.0000e+00
845 0.0000e+00 1.8040e-04 9.7841e-05 0.0000e+00 9.7841e-05 2.5065e-01 0.0000e+00
846 0.0000e+00 1.2750e-04 9.7542e-05 0.0000e+00 9.7542e-05 2.5075e-01 0.0000e+00
847 0.0000e+00 6.1700e-05 9.7245e-05 0.0000e+00 9.7245e-05 2.5085e-01 0.0000e+00
848 0.0000e+00 0.0000e+00 9.6950e-05 0.0000e+00 9.6950e-05 2.5095e-01 0.0000e+00
849 0.0000e+00 0.0000e+00 9.6657e-05 0.0000e+00 9.6657e-05 2.5104e-01 0.0000e+00
850 0.0000e+00 0.0000e+00 9.6366e-05 0.0000e+00 9.6366e-05 2.5114e-01 0.0000e+00
851 0.0000e+00 0.0000e+00 9.6076e-05 0.0000e+00 9.6076e-05 2.5124e-01 0.0000e+00
852 0.0000e+00 0.0000e+00 9.5788e-05 0.0000e+00 9.5788e-05 2.5133e-01 0.0000e+00
853 0.0000e+00 0.0000e+00 9.5501e-05 0.0000e+00 9.5501e-05 2.5143e-01 0.0000e+00
854 0.0000e+00 0.0000e+00 9.5217e-05 0.0000e+00 9.5217e-05 2.5152e-01 0.0000e+00
855 0.0000e+00 0.0000e+00 9.4934e-05 0.0000e+00 9.4934e-05 2.5162e-01 0.0000e+00
856 0.0000e+00 0.0000e+00 9.4653e-05 0.0000e+00 9.4653e-05 2.5171e-01 0.0000e+00
857 0.0000e+00 0.0000e+00 9.4373e-05 0.0000e+00 9.4373e-05 2.5181e-01 0.0000e+00
858 0.0000e+00 0.0000e+00 9.4095e-05 0.0000e+00 9.4095e-05 2.5190e-01 0.0000e+00
859 0.0000e+00 0.0000e+00 9.3819e-05 0.0000e+00 9.3819e-05 2.5199e-01 0.0000e+00
860 0.0000e+00 0.0000e+00 9.3544e-05 0.0000e+00 9.3544e-05 2.5209e-01 0.0000e+00
861 0.0000e+00 9.7600e-05 9.3271e-05 0.0000e+00 9.3271e-05 2.5218e-01 0.0000e+00
862 0.0000e+00 1.8830e-04 9.3000e-05 0.0000e+00 9.3000e-05 2.5227e-01 0.0000e+00
863 0.0000e+00 2.6650e-04 9.2730e-05 0.0000e+00 9.2730e-05 2.5237e-01 0.0000e+00
864 0.0000e+00 3.2630e-04 9.2462e-05 0.0000e+00 9.2462e-05 2.5246e-01 0.0000e+00
865 0.0000e+00 3.6100e-04 9.2195e-05 0.0000e+00 9.2195e-05 2.5255e-01 0.0000e+00
866 0.0000e+00 3.7690e-04 9.1930e-05 0.0000e+00 9.1930e-05 2.5264e-01 0.0000e+00
867 0.0000e+00 3.6100e-04 9.1666e-05 0.0000e+00 9.1666e-05 2.5273e-01 0.0000e+00
868 0.0000e+00 3.2630e-04 9.1404e-05 0.0000e+00 9.1404e-05 2.5283e-01 0.0000e+00
869 0.0000e+00 2.6650e-04 9.1143e-05 0.0000e+00 9.1143e-05 2.5292e-01 0.0000e+00
870 0.0000e+00 1.8830e-04 9.0884e-05 0.0000e+00 9.0884e-05 2.5301e-01 0.0000e+00
871 0.0000e+00 9.1200e-05 9.0626e-05 0.0000e+00 9.0626e-05 2.5310e-01 0.0000e+00
872 0.0000e+00 0.0000e+00 9.0370e-05 0.0000e+00 9.0370e-05 2.5319e-01 0.0000e+00
873 0.0000e+00 0.0000e+00 9.0115e-05 0.0000e+00 9.0115e-05 2.5328e-01 0.0000e+00
874 0.0000e+00 0.0000e+00 8.9861e-05 0.0000e+00 8.9861e-05 2.5337e-01 0.0000e+00
875 0.0000e+00 0.0000e+00 8.9609e-05 0.0000e+00 8.9609e-05 2.5346e-01 0.0000e+00
876 0.0000e+00 0.0000e+00 8.9359e-05 0.0000e+00 8.9359e-05 2.5355e-01 0.0000e+00
877 0.0000e+00 0.0000e+00 8.9110e-05 0.0000e+00 8.9110e-05 2.5364e-01 0.0000e+00
878 0.0000e+00 0.0000e+00 8.8862e-05 0.0000e+00 8.8862e-05 2.5373e-01 0.0000e+00
879 0.0000e+00 0.0000e+00 8.8615e-05 0.0000e+00 8.8615e-05 2.5381e-01 0.0000e+00
880 0.0000e+00 0.0000e+00 8.8370e-05 0.0000e+00 8.8370e-05 2.5390e-01 0.0000e+00
881 0.0000e+00 0.0000e+00 8.8127e-05 0.0000e+00 8.8127e-05 2.5399e-01 0.0000e+00
882 0.0000e+00 0.0000e+00 8.7884e-05 0.0000e+00 8.7884e-05 2.5408e-01 0.0000e+00
883 0.0000e+00 0.0000e+00 8.7643e-05 0.0000e+00 8.7643e-05 2.5417e-01 0.0000e+00
884 0.0000e+00 0.0000e+00 8.7404e-05 0.0000e+00 8.7404e-05 2.5425e-01 0.0000e+00
885 0.0000e+00 6.4300e-05 8.7165e-05 0.0000e+00 8.7165e-05 2.5434e-01 0.0000e+00
886 0.0000e+00 1.2410e-04 8.6928e-05 0.0000e+00 8.6928e-05 2.5443e-01 0.0000e+00
887 0.0000e+00 1.7560e-04 8.6692e-05 0.0000e+00 8.6692e-05 2.5452e-01 0.0000e+00
888 0.0000e+00 2.1500e-04 8.6458e-05 0.0000e+00 8.6458e-05 2.5460e-01 0.0000e+00
889 0.0000e+00 2.3790e-04 8.6224e-05 0.0000e+00 8.6224e-05 2.5469e-01 0.0000e+00
890 0.0000e+00 2.4840e-04 8.5992e-05 0.0000e+00 8.5992e-05 2.5477e-01 0.0000e+00
891 0.0000e+00 2.3790e-04 8.5762e-05 0.0000e+00 8.5762e-05 2.5486e-01 0.0000e+00
892 0.0000e+00 2.1500e-04 8.5532e-05 0.0000e+00 8.5532e-05 2.5495e-01 0.0000e+00
893 0.0000e+00 1.7560e-04 8.5304e-05 0.0000e+00 8.5304e-05 2.5503e-01 0.0000e+00
894 0.0000e+00 1.2410e-04 8.5077e-05 0.0000e+00 8.5077e-05 2.5512e-01 0.0000e+00
895 0.0000e+00 6.0100e-05 8.4851e-05 0.0000e+00 8.4851e-05 2.5520e-01 0.0000e+00
896 0.0000e+00 0.0000e+00 8.4626e-05 0.0000e+00 8.4626e-05 2.5528e-01 0.0000e+00
897 0.0000e+00 0.0000e+00 8.4403e-05 0.0000e+00 8.4403e-05 2.5537e-01 0.0000e+00
898 0.0000e+00 0.0000e+00 8.4180e-05 0.0000e+00 8.4180e-05 2.5545e-01 0.0000e+00
899 0.0000e+00 0.0000e+00 8.3959e-05 0.0000e+00 8.3959e-05 2.5554e-01 0.0000e+00
900 0.0000e+00 0.0000e+00 8.3739e-05 0.0000e+00 8.3739e-05 2.5562e-01 0.0000e+00
901 0.0000e+00 0.0000e+00 8.3520e-05 0.0000e+00 8.3520e-05 2.5570e-01 0.0000e+00
902 0.0000e+00 0.0000e+00 8.3303e-05 0.0000e+00 8.3303e-05 2.5579e-01 0.0000e+00
903 0.0000e+00 0.0000e+00 8.3086e-05 0.0000e+00 8.3086e-05 2.5587e-01 0.0000e+00
904 0.0000e+00 0.0000e+00 8.2871e-05 0.0000e+00 8.2871e-05 2.5595e-01 0.0000e+00
905 0.0000e+00 0.0000e+00 8.2656e-05 0.0000e+00 8.2656e-05 2.5604e-01 0.0000e+00
906 0.0000e+00 0.0000e+00 8.2443e-05 0.0000e+00 8.2443e-05 2.5612e-01 0.0000e+00
907 0.0000e+00 0.0000e+00 8.2231e-05 0.0000e+00 8.2231e-05 2.5620e-01 0.0000e+00
908 0.0000e+00 0.0000e+00 8.2020e-05 0.0000e+00 8.2020e-05 2.5628e-01 0.0000e+00
909 0.0000e+00 8.0200e-05 8.1810e-05 0.0000e+00 8.1810e-05 2.5637e-01 0.0000e+00
910 0.0000e+00 1.5480e-04 8.1601e-05 0.0000e+00 8.1601e-05 2.5645e-01 0.0000e+00
911 0.0000e+00 2.1910e-04 8.1393e-05 0.0000e+00 8.1393e-05 2.5653e-01 0.0000e+00
912 0.0000e+00 2.6830e-04 8.1186e-05 0.0000e+00 8.1186e-05 2.5661e-01 0.0000e+00
913 0.0000e+00 2.9680e-04 8.0981e-05 0.0000e+00 8.0981e-05 2.5669e-01 0.0000e+00
914 0.0000e+00 3.0990e-04 8.0776e-05 0.0000e+00 8.0776e-05 2.5677e-01 0.0000e+00
915 0.0000e+00 2.9680e-04 8.0572e-05 0.0000e+00 8.0572e-05 2.5685e-01 0.0000e+00
916 0.0000e+00 2.6830e-04 8.0370e-05 0.0000e+00 8.0370e-05 2.5693e-01 0.0000e+00
917 0.0000e+00 2.1910e-04 8.0168e-05 0.0000e+00 8.0168e-05 2.5701e-01 0.0000e+00
918 0.0000e+00 1.5480e-04 7.9968e-05 0.0000e+00 7.9968e-05 2.5709e-01 0.0000e+00
919 0.0000e+00 7.5000e-05 7.9768e-05 0.0000e+00 7.9768e-05 2.5717e-01 0.0000e+00
920 0.0000e+00 0.0000e+00 7.9569e-05 0.0000e+00 7.9569e-05 2.5725e-01 0.0000e+00
921 0.0000e+00 0.0000e+00 7.9372e-05 0.0000e+00 7.9372e-05 2.5733e-01 0.0000e+00
922 0.0000e+00 0.0000e+00 7.9175e-05 0.0000e+00 7.9175e-05 2.5741e-01 0.0000e+00
923 0.0000e+00 0.0000e+00 7.8979e-05 0.0000e+00 7.8979e-05 2.5749e-01 0.0000e+00
924 0.0000e+00 0.0000e+00 7.8785e-05 0.0000e+00 7.8785e-05 2.5757e-01 0.0000e+00
925 0.0000e+00 0.0000e+00 7.8591e-05 0.0000e+00 7.8591e-05 2.5765e-01 0.0000e+00
926 0.0000e+00 0.0000e+00 7.8398e-05 0.0000e+00 7.8398e-05 2.5772e-01 0.0000e+00
927 0.0000e+00 0.0000e+00 7.8206e-05 0.0000e+00 7.8206e-05 2.5780e-01 0.0000e+00
928 0.0000e+00 0.0000e+00 7.8016e-05 0.0000e+00 7.8016e-05 2.5788e-01 0.0000e+00
929 0.0000e+00 0.0000e+00 7.7826e-05 0.0000e+00 7.7826e-05 2.5796e-01 0.0000e+00
930 0.0000e+00 0.0000e+00 7.7637e-05 0.0000e+00 7.7637e-05 2.5804e-01 0.0000e+00
931 0.0000e+00 0.0000e+00 7.7448e-05 0.0000e+00 7.7448e-05 2.5811e-01 0.0000e+00
932 0.0000e+00 0.0000e+00 7.7261e-05 0.0000e+00 7.7261e-05 2.5819e-01 0.0000e+00
933 0.0000e+00 9.6000e-05 7.7075e-05 0.0000e+00 7.7075e-05 2.5827e-01 0.0000e+00
934 0.0000e+00 1.8520e-04 7.6889e-05 0.0000e+00 7.6889e-05 2.5835e-01 0.0000e+00
935 0.0000e+00 2.6210e-04 7.6705e-05 0.0000e+00 7.6705e-05 2.5842e-01 0.0000e+00
936 0.0000e+00 3.2090e-04 7.6521e-05 0.0000e+00 7.6521e-05 2.5850e-01 0.0000e+00
937 0.0000e+00 3.5500e-04 7.6339e-05 0.0000e+00 7.6339e-05 2.5857e-01 0.0000e+00
938 0.0000e+00 3.7070e-04 7.6157e-05 0.0000e+00 7.6157e-05 2.5865e-01 0.0000e+00
939 0.0000e+00 3.5500e-04 7.5976e-05 0.0000e+00 7.5976e-05 2.5873e-01 0.0000e+00
940 0.0000e+00 3.2090e-04 7.5795e-05 0.0000e+00 7.5795e-05 2.5880e-01 0.0000e+00
941 0.0000e+00 2.6210e-04 7.5616e-05 0.0000e+00 7.5616e-05 2.5888e-01 0.0000e+00
942 0.0000e+00 1.8520e-04 7.5438e-05 0.0000e+00 7.5438e-05 2.5895e-01 0.0000e+00
943 0.0000e+00 8.9700e-05 7.5260e-05 0.0000e+00 7.5260e-05 2.5903e-01 0.0000e+00
944 0.0000e+00 0.0000e+00 7.5083e-05 0.0000e+00 7.5083e-05 2.5910e-01 0.0000e+00
945 0.0000e+00 0.0000e+00 7.4907e-05 0.0000e+00 7.4907e-05 2.5918e-01 0.0000e+00
946 0.0000e+00 0.0000e+00 7.4732e-05 0.0000e+00 7.4732e-05 2.5925e-01 0.0000e+00
947 0.0000e+00 0.0000e+00 7.4558e-05 0.0000e+00 7.4558e-05 2.5933e-01 0.0000e+00
948 0.0000e+00 0.0000e+00 7.4384e-05 0.0000e+00 7.4384e-05 2.5940e-01 0.0000e+00
949 0.0000e+00 0.0000e+00 7.4212e-05 0.0000e+00 7.4212e-05 2.5948e-01 0.0000e+00
950 0.0000e+00 0.0000e+00 7.4040e-05 0.0000e+00 7.4040e-05 2.5955e-01 0.0000e+00
Objective function values:
F1 5.077104e-06    NSE 0.12723   F2 5.563296e-02
Mean Obs Q 1.590065e-04   Variance Obs Q 6.123405e-09
    Error Variance 5.344320e-09

Water Balance for Subcatchment: Extracted study basin: Taegu Pyungkwang River

   SUMP       SUMAE      SUMQ       SUMRZ      SUMUZ      SBAR        BAL
1.890e-01  4.095e-02  9.566e-02  1.734e-02  0.000e+00  2.596e-01  4.175e-02
