Taegu Pyungkwang River Catchment: Calibration Data

Subcatchment : Extracted study basin: cat-12509

TL =     7.95
SUMAC =     1.00
SZQ =       0.05254
Subcatchment routing data:
Maximum Routing Delay       0.69444
Sum of Histogram ordinates:     1.0000
     1.00000 
Initial BAL             -0.23812
Initial SBAR             0.23612
Initial SR0              0.00200
it      p        ep       q(it)       quz      q       sbar       qof
1 0.0000e+00 6.1900e-05 3.2800e-05 0.0000e+00 3.2800e-05 2.3616e-01 0.0000e+00
2 0.0000e+00 6.4700e-05 3.2766e-05 0.0000e+00 3.2766e-05 2.3619e-01 0.0000e+00
3 1.0000e-03 6.1900e-05 3.2733e-05 0.0000e+00 3.2733e-05 2.3622e-01 0.0000e+00
4 1.0000e-03 5.6000e-05 3.2699e-05 0.0000e+00 3.2699e-05 2.3625e-01 0.0000e+00
5 1.0000e-03 4.5700e-05 4.0315e-05 7.5164e-05 3.2666e-05 2.3621e-01 7.6494e-06
6 5.0000e-04 3.2300e-05 3.7269e-05 1.0595e-04 3.2709e-05 2.3614e-01 4.5591e-06
7 5.0000e-04 1.5600e-05 3.7478e-05 1.3646e-04 3.2784e-05 2.3603e-01 4.6936e-06
8 0.0000e+00 0.0000e+00 3.2891e-05 1.1761e-04 3.2891e-05 2.3595e-01 0.0000e+00
9 5.0000e-04 0.0000e+00 3.7839e-05 1.5246e-04 3.2978e-05 2.3583e-01 4.8612e-06
10 5.0000e-04 0.0000e+00 3.8119e-05 1.8194e-04 3.3101e-05 2.3568e-01 5.0178e-06
11 0.0000e+00 0.0000e+00 3.3256e-05 1.5847e-04 3.3256e-05 2.3556e-01 0.0000e+00
12 0.0000e+00 0.0000e+00 3.3386e-05 1.4155e-04 3.3386e-05 2.3545e-01 0.0000e+00
13 1.0000e-03 0.0000e+00 4.5049e-05 2.2476e-04 3.3499e-05 2.3526e-01 1.1550e-05
14 5.0000e-04 0.0000e+00 3.9163e-05 2.4397e-04 3.3700e-05 2.3505e-01 5.4633e-06
15 5.0000e-04 0.0000e+00 4.0212e-05 2.6291e-04 3.3922e-05 2.3482e-01 6.2900e-06
16 1.0000e-03 0.0000e+00 4.7842e-05 3.2860e-04 3.4166e-05 2.3452e-01 1.3677e-05
17 0.0000e+00 0.0000e+00 3.4481e-05 2.8863e-04 3.4481e-05 2.3427e-01 0.0000e+00
18 0.0000e+00 0.0000e+00 3.4756e-05 2.5823e-04 3.4756e-05 2.3405e-01 0.0000e+00
19 0.0000e+00 0.0000e+00 3.5000e-05 2.3196e-04 3.5000e-05 2.3385e-01 0.0000e+00
20 0.0000e+00 0.0000e+00 3.5216e-05 2.0887e-04 3.5216e-05 2.3367e-01 0.0000e+00
21 0.0000e+00 1.8000e-05 3.5408e-05 1.8843e-04 3.5408e-05 2.3352e-01 0.0000e+00
22 0.0000e+00 3.4800e-05 3.5577e-05 1.7025e-04 3.5577e-05 2.3339e-01 0.0000e+00
23 0.0000e+00 4.9200e-05 3.5727e-05 1.5400e-04 3.5727e-05 2.3327e-01 0.0000e+00
24 3.0000e-03 6.0200e-05 7.5496e-05 4.2232e-04 3.5860e-05 2.3288e-01 3.9636e-05
25 2.0000e-03 6.6600e-05 6.2826e-05 5.5093e-04 3.6295e-05 2.3237e-01 2.6530e-05
26 5.5000e-03 6.9600e-05 1.1120e-04 1.0132e-03 3.6884e-05 2.3139e-01 7.4311e-05
27 6.0000e-03 6.6600e-05 1.1914e-04 1.4582e-03 3.8027e-05 2.2997e-01 8.1109e-05
28 1.0000e-03 6.0200e-05 5.2518e-05 1.3604e-03 3.9752e-05 2.2865e-01 1.2766e-05
29 2.5000e-03 4.9200e-05 7.4796e-05 1.4535e-03 4.1427e-05 2.2724e-01 3.3369e-05
30 0.0000e+00 3.4800e-05 4.3296e-05 1.2860e-03 4.3296e-05 2.2600e-01 0.0000e+00
31 0.0000e+00 1.6800e-05 4.5011e-05 1.1518e-03 4.5011e-05 2.2489e-01 0.0000e+00
32 1.0000e-03 0.0000e+00 5.8894e-05 1.1267e-03 4.6595e-05 2.2381e-01 1.2299e-05
33 5.0000e-04 0.0000e+00 5.5033e-05 1.0583e-03 4.8194e-05 2.2280e-01 6.8384e-06
34 0.0000e+00 0.0000e+00 4.9740e-05 9.4732e-04 4.9740e-05 2.2190e-01 0.0000e+00
35 0.0000e+00 0.0000e+00 5.1155e-05 8.5190e-04 5.1155e-05 2.2110e-01 0.0000e+00
36 0.0000e+00 0.0000e+00 5.2451e-05 7.6710e-04 5.2451e-05 2.2039e-01 0.0000e+00
37 0.0000e+00 0.0000e+00 5.3635e-05 6.9136e-04 5.3635e-05 2.1975e-01 0.0000e+00
38 0.0000e+00 0.0000e+00 5.4715e-05 6.2353e-04 5.4715e-05 2.1918e-01 0.0000e+00
39 0.0000e+00 0.0000e+00 5.5696e-05 5.6267e-04 5.5696e-05 2.1867e-01 0.0000e+00
40 0.0000e+00 0.0000e+00 5.6586e-05 5.0801e-04 5.6586e-05 2.1822e-01 0.0000e+00
41 0.0000e+00 0.0000e+00 5.7390e-05 4.5888e-04 5.7390e-05 2.1782e-01 0.0000e+00
42 0.0000e+00 0.0000e+00 5.8114e-05 4.1469e-04 5.8114e-05 2.1746e-01 0.0000e+00
43 0.0000e+00 0.0000e+00 5.8765e-05 3.7491e-04 5.8765e-05 2.1715e-01 0.0000e+00
44 0.0000e+00 0.0000e+00 5.9349e-05 3.3909e-04 5.9349e-05 2.1687e-01 0.0000e+00
45 0.0000e+00 3.3800e-05 5.9870e-05 3.0682e-04 5.9870e-05 2.1662e-01 0.0000e+00
46 1.0000e-03 6.5200e-05 7.3548e-05 3.8341e-04 6.0334e-05 2.1630e-01 1.3214e-05
47 0.0000e+00 9.2300e-05 6.0946e-05 3.3538e-04 6.0946e-05 2.1602e-01 0.0000e+00
48 5.0000e-04 1.1300e-04 6.6157e-05 3.3844e-04 6.1471e-05 2.1575e-01 4.6859e-06
49 0.0000e+00 1.2500e-04 6.2005e-05 3.0052e-04 6.2005e-05 2.1551e-01 0.0000e+00
50 1.0000e-03 1.3050e-04 7.2895e-05 3.5414e-04 6.2469e-05 2.1522e-01 1.0426e-05
51 2.5000e-03 1.2500e-04 9.9043e-05 5.6660e-04 6.3041e-05 2.1471e-01 3.6001e-05
52 3.0000e-03 1.1300e-04 1.1192e-04 7.9296e-04 6.4041e-05 2.1398e-01 4.7878e-05
53 2.5000e-03 9.2300e-05 1.0831e-04 9.3603e-04 6.5517e-05 2.1311e-01 4.2796e-05
54 3.0000e-03 6.5200e-05 1.2042e-04 1.1245e-03 6.7323e-05 2.1206e-01 5.3096e-05
55 2.5000e-03 3.1600e-05 1.1405e-04 1.2394e-03 6.9585e-05 2.1089e-01 4.4461e-05
56 2.0000e-03 0.0000e+00 1.0812e-04 1.2954e-03 7.2176e-05 2.0966e-01 3.5944e-05
57 1.0000e-03 0.0000e+00 9.3248e-05 1.2442e-03 7.4988e-05 2.0849e-01 1.8261e-05
58 1.0000e-03 0.0000e+00 9.6039e-05 1.2072e-03 7.7778e-05 2.0736e-01 1.8261e-05
59 0.0000e+00 0.0000e+00 8.0573e-05 1.0643e-03 8.0573e-05 2.0638e-01 0.0000e+00
60 5.0000e-04 0.0000e+00 9.2218e-05 1.0026e-03 8.3088e-05 2.0546e-01 9.1303e-06
61 5.0000e-04 0.0000e+00 9.4640e-05 9.4521e-04 8.5510e-05 2.0460e-01 9.1303e-06
62 0.0000e+00 0.0000e+00 8.7839e-05 8.3743e-04 8.7839e-05 2.0385e-01 0.0000e+00
63 0.0000e+00 0.0000e+00 8.9920e-05 7.4624e-04 8.9920e-05 2.0319e-01 0.0000e+00
64 0.0000e+00 0.0000e+00 9.1784e-05 6.6603e-04 9.1784e-05 2.0262e-01 0.0000e+00
65 0.0000e+00 0.0000e+00 9.3446e-05 5.9514e-04 9.3446e-05 2.0212e-01 0.0000e+00
66 0.0000e+00 0.0000e+00 9.4922e-05 5.3230e-04 9.4922e-05 2.0168e-01 0.0000e+00
67 0.0000e+00 0.0000e+00 9.6229e-05 4.7648e-04 9.6229e-05 2.0130e-01 0.0000e+00
68 0.0000e+00 0.0000e+00 9.7379e-05 4.2682e-04 9.7379e-05 2.0097e-01 0.0000e+00
69 0.0000e+00 4.1400e-05 9.8387e-05 3.8259e-04 9.8387e-05 2.0069e-01 0.0000e+00
70 0.0000e+00 7.9800e-05 9.9264e-05 3.4317e-04 9.9264e-05 2.0044e-01 0.0000e+00
71 0.0000e+00 1.1290e-04 1.0002e-04 3.0799e-04 1.0002e-04 2.0024e-01 0.0000e+00
72 0.0000e+00 1.3830e-04 1.0068e-04 2.7658e-04 1.0068e-04 2.0006e-01 0.0000e+00
73 0.0000e+00 1.5300e-04 1.0123e-04 2.4852e-04 1.0123e-04 1.9991e-01 0.0000e+00
74 0.0000e+00 1.5980e-04 1.0170e-04 2.2342e-04 1.0170e-04 1.9979e-01 0.0000e+00
75 0.0000e+00 1.5300e-04 1.0209e-04 2.0097e-04 1.0209e-04 1.9969e-01 0.0000e+00
76 0.0000e+00 1.3830e-04 1.0240e-04 1.8087e-04 1.0240e-04 1.9961e-01 0.0000e+00
77 0.0000e+00 1.1290e-04 1.0265e-04 1.6286e-04 1.0265e-04 1.9955e-01 0.0000e+00
78 0.0000e+00 7.9800e-05 1.0285e-04 1.4671e-04 1.0285e-04 1.9951e-01 0.0000e+00
79 0.0000e+00 3.8700e-05 1.0299e-04 1.3223e-04 1.0299e-04 1.9948e-01 0.0000e+00
80 0.0000e+00 0.0000e+00 1.0308e-04 1.1924e-04 1.0308e-04 1.9946e-01 0.0000e+00
81 0.0000e+00 0.0000e+00 1.0313e-04 1.0757e-04 1.0313e-04 1.9946e-01 0.0000e+00
82 0.0000e+00 0.0000e+00 1.0315e-04 9.7093e-05 1.0315e-04 1.9947e-01 0.0000e+00
83 0.0000e+00 0.0000e+00 1.0313e-04 8.7673e-05 1.0313e-04 1.9948e-01 0.0000e+00
84 0.0000e+00 0.0000e+00 1.0308e-04 7.9201e-05 1.0308e-04 1.9950e-01 0.0000e+00
85 0.0000e+00 0.0000e+00 1.0300e-04 7.1578e-05 1.0300e-04 1.9954e-01 0.0000e+00
86 0.0000e+00 0.0000e+00 1.0290e-04 6.4716e-05 1.0290e-04 1.9957e-01 0.0000e+00
87 0.0000e+00 0.0000e+00 1.0278e-04 5.8535e-05 1.0278e-04 1.9962e-01 0.0000e+00
88 0.0000e+00 0.0000e+00 1.0264e-04 5.2966e-05 1.0264e-04 1.9967e-01 0.0000e+00
89 0.0000e+00 0.0000e+00 1.0248e-04 4.7946e-05 1.0248e-04 1.9972e-01 0.0000e+00
90 0.0000e+00 0.0000e+00 1.0230e-04 4.3419e-05 1.0230e-04 1.9978e-01 0.0000e+00
91 0.0000e+00 0.0000e+00 1.0211e-04 3.9333e-05 1.0211e-04 1.9984e-01 0.0000e+00
92 0.0000e+00 0.0000e+00 1.0191e-04 3.5646e-05 1.0191e-04 1.9991e-01 0.0000e+00
93 0.0000e+00 1.9100e-05 1.0170e-04 3.2315e-05 1.0170e-04 1.9998e-01 0.0000e+00
94 0.0000e+00 3.6800e-05 1.0148e-04 2.9306e-05 1.0148e-04 2.0005e-01 0.0000e+00
95 0.0000e+00 5.2100e-05 1.0125e-04 2.6587e-05 1.0125e-04 2.0013e-01 0.0000e+00
96 0.0000e+00 6.3800e-05 1.0102e-04 2.4128e-05 1.0102e-04 2.0020e-01 0.0000e+00
97 5.0000e-04 7.0600e-05 1.0078e-04 2.1904e-05 1.0078e-04 2.0028e-01 0.0000e+00
98 5.0000e-04 7.3700e-05 1.0053e-04 1.9891e-05 1.0053e-04 2.0036e-01 0.0000e+00
99 0.0000e+00 7.0600e-05 1.0027e-04 1.8070e-05 1.0027e-04 2.0045e-01 0.0000e+00
100 0.0000e+00 6.3800e-05 1.0002e-04 1.6420e-05 1.0002e-04 2.0053e-01 0.0000e+00
101 0.0000e+00 5.2100e-05 9.9756e-05 1.4925e-05 9.9756e-05 2.0061e-01 0.0000e+00
102 0.0000e+00 3.6800e-05 9.9492e-05 1.3571e-05 9.9492e-05 2.0070e-01 0.0000e+00
103 0.0000e+00 1.7800e-05 9.9226e-05 1.2343e-05 9.9226e-05 2.0079e-01 0.0000e+00
104 0.0000e+00 0.0000e+00 9.8956e-05 1.1229e-05 9.8956e-05 2.0087e-01 0.0000e+00
105 0.0000e+00 0.0000e+00 9.8686e-05 1.0219e-05 9.8686e-05 2.0096e-01 0.0000e+00
106 0.0000e+00 0.0000e+00 9.8413e-05 9.3023e-06 9.8413e-05 2.0105e-01 0.0000e+00
107 0.0000e+00 0.0000e+00 9.8139e-05 8.4703e-06 9.8139e-05 2.0114e-01 0.0000e+00
108 0.0000e+00 0.0000e+00 9.7865e-05 7.7149e-06 9.7865e-05 2.0123e-01 0.0000e+00
109 0.0000e+00 0.0000e+00 9.7590e-05 7.0287e-06 9.7590e-05 2.0132e-01 0.0000e+00
110 0.0000e+00 0.0000e+00 9.7314e-05 6.4052e-06 9.7314e-05 2.0141e-01 0.0000e+00
111 5.0000e-04 0.0000e+00 9.7038e-05 5.8385e-06 9.7038e-05 2.0150e-01 0.0000e+00
112 0.0000e+00 0.0000e+00 9.6761e-05 5.3233e-06 9.6761e-05 2.0160e-01 0.0000e+00
113 0.0000e+00 0.0000e+00 9.6485e-05 4.8548e-06 9.6485e-05 2.0169e-01 0.0000e+00
114 0.0000e+00 0.0000e+00 9.6210e-05 4.4285e-06 9.6210e-05 2.0178e-01 0.0000e+00
115 0.0000e+00 0.0000e+00 9.5934e-05 4.0407e-06 9.5934e-05 2.0187e-01 0.0000e+00
116 0.0000e+00 0.0000e+00 9.5659e-05 3.6877e-06 9.5659e-05 2.0196e-01 0.0000e+00
117 0.0000e+00 1.0200e-05 9.5384e-05 3.3664e-06 9.5384e-05 2.0206e-01 0.0000e+00
118 0.0000e+00 1.9800e-05 9.5110e-05 3.0730e-06 9.5110e-05 2.0215e-01 0.0000e+00
119 0.0000e+00 2.8000e-05 9.4837e-05 2.8065e-06 9.4837e-05 2.0224e-01 0.0000e+00
120 0.0000e+00 3.4200e-05 9.4565e-05 2.5637e-06 9.4565e-05 2.0233e-01 0.0000e+00
121 0.0000e+00 3.7900e-05 9.4293e-05 2.3425e-06 9.4293e-05 2.0242e-01 0.0000e+00
122 0.0000e+00 3.9500e-05 9.4023e-05 2.1407e-06 9.4023e-05 2.0252e-01 0.0000e+00
123 0.0000e+00 3.7900e-05 9.3753e-05 1.9568e-06 9.3753e-05 2.0261e-01 0.0000e+00
124 0.0000e+00 3.4200e-05 9.3485e-05 1.7890e-06 9.3485e-05 2.0270e-01 0.0000e+00
125 0.0000e+00 2.8000e-05 9.3217e-05 1.6360e-06 9.3217e-05 2.0279e-01 0.0000e+00
126 0.0000e+00 1.9800e-05 9.2951e-05 1.4963e-06 9.2951e-05 2.0288e-01 0.0000e+00
127 0.0000e+00 9.6000e-06 9.2686e-05 1.3689e-06 9.2686e-05 2.0297e-01 0.0000e+00
128 0.0000e+00 0.0000e+00 9.2421e-05 1.2525e-06 9.2421e-05 2.0306e-01 0.0000e+00
129 0.0000e+00 0.0000e+00 9.2159e-05 1.1463e-06 9.2159e-05 2.0316e-01 0.0000e+00
130 0.0000e+00 0.0000e+00 9.1897e-05 1.0492e-06 9.1897e-05 2.0325e-01 0.0000e+00
131 0.0000e+00 0.0000e+00 9.1636e-05 9.5974e-07 9.1636e-05 2.0334e-01 0.0000e+00
132 0.0000e+00 0.0000e+00 9.1377e-05 8.7888e-07 9.1377e-05 2.0343e-01 0.0000e+00
133 0.0000e+00 0.0000e+00 9.1119e-05 8.0498e-07 9.1119e-05 2.0352e-01 0.0000e+00
134 0.0000e+00 0.0000e+00 9.0862e-05 7.3742e-07 9.0862e-05 2.0361e-01 0.0000e+00
135 0.0000e+00 0.0000e+00 9.0607e-05 6.7565e-07 9.0607e-05 2.0370e-01 0.0000e+00
136 0.0000e+00 0.0000e+00 9.0352e-05 6.1916e-07 9.0352e-05 2.0379e-01 0.0000e+00
137 0.0000e+00 0.0000e+00 9.0099e-05 5.6749e-07 9.0099e-05 2.0388e-01 0.0000e+00
138 0.0000e+00 0.0000e+00 8.9848e-05 5.2022e-07 8.9848e-05 2.0397e-01 0.0000e+00
139 0.0000e+00 0.0000e+00 8.9597e-05 4.7696e-07 8.9597e-05 2.0406e-01 0.0000e+00
140 0.0000e+00 0.0000e+00 8.9348e-05 4.3738e-07 8.9348e-05 2.0414e-01 0.0000e+00
141 5.0000e-04 4.1400e-05 8.9100e-05 4.0114e-07 8.9100e-05 2.0423e-01 0.0000e+00
142 0.0000e+00 7.9900e-05 8.8853e-05 3.6797e-07 8.8853e-05 2.0432e-01 0.0000e+00
143 0.0000e+00 1.1300e-04 8.8608e-05 3.3759e-07 8.8608e-05 2.0441e-01 0.0000e+00
144 0.0000e+00 1.3840e-04 8.8364e-05 3.0977e-07 8.8364e-05 2.0450e-01 0.0000e+00
145 0.0000e+00 1.5310e-04 8.8121e-05 2.8325e-07 8.8121e-05 2.0459e-01 0.0000e+00
146 0.0000e+00 1.5990e-04 8.7880e-05 2.6003e-07 8.7880e-05 2.0467e-01 0.0000e+00
147 0.0000e+00 1.5310e-04 8.7639e-05 2.3875e-07 8.7639e-05 2.0476e-01 0.0000e+00
148 0.0000e+00 1.3840e-04 8.7400e-05 2.1924e-07 8.7400e-05 2.0485e-01 0.0000e+00
149 0.0000e+00 1.1300e-04 8.7162e-05 2.0136e-07 8.7162e-05 2.0493e-01 0.0000e+00
150 0.0000e+00 7.9900e-05 8.6926e-05 1.8496e-07 8.6926e-05 2.0502e-01 0.0000e+00
151 0.0000e+00 3.8700e-05 8.6691e-05 1.6992e-07 8.6691e-05 2.0511e-01 0.0000e+00
152 0.0000e+00 0.0000e+00 8.6457e-05 1.5612e-07 8.6457e-05 2.0519e-01 0.0000e+00
153 0.0000e+00 0.0000e+00 8.6224e-05 1.4347e-07 8.6224e-05 2.0528e-01 0.0000e+00
154 0.0000e+00 0.0000e+00 8.5992e-05 1.3185e-07 8.5992e-05 2.0537e-01 0.0000e+00
155 0.0000e+00 0.0000e+00 8.5762e-05 1.2120e-07 8.5762e-05 2.0545e-01 0.0000e+00
156 0.0000e+00 0.0000e+00 8.5532e-05 1.1142e-07 8.5532e-05 2.0554e-01 0.0000e+00
157 0.0000e+00 0.0000e+00 8.5304e-05 1.0244e-07 8.5304e-05 2.0562e-01 0.0000e+00
158 0.0000e+00 0.0000e+00 8.5078e-05 9.2803e-08 8.5078e-05 2.0571e-01 0.0000e+00
159 0.0000e+00 0.0000e+00 8.4852e-05 8.5389e-08 8.4852e-05 2.0579e-01 0.0000e+00
160 0.0000e+00 0.0000e+00 8.4627e-05 7.8575e-08 8.4627e-05 2.0588e-01 0.0000e+00
161 0.0000e+00 0.0000e+00 8.4404e-05 7.2314e-08 8.4404e-05 2.0596e-01 0.0000e+00
162 0.0000e+00 0.0000e+00 8.4182e-05 6.6558e-08 8.4182e-05 2.0605e-01 0.0000e+00
163 0.0000e+00 0.0000e+00 8.3961e-05 6.1268e-08 8.3961e-05 2.0613e-01 0.0000e+00
164 0.0000e+00 0.0000e+00 8.3741e-05 5.6404e-08 8.3741e-05 2.0621e-01 0.0000e+00
165 0.0000e+00 1.7800e-05 8.3522e-05 5.1932e-08 8.3522e-05 2.0630e-01 0.0000e+00
166 0.0000e+00 3.4400e-05 8.3305e-05 4.7819e-08 8.3305e-05 2.0638e-01 0.0000e+00
167 0.0000e+00 4.8600e-05 8.3088e-05 4.4037e-08 8.3088e-05 2.0646e-01 0.0000e+00
168 0.0000e+00 5.9500e-05 8.2873e-05 4.0558e-08 8.2873e-05 2.0655e-01 0.0000e+00
169 0.0000e+00 6.5900e-05 8.2659e-05 3.7358e-08 8.2659e-05 2.0663e-01 0.0000e+00
170 0.0000e+00 6.8800e-05 8.2446e-05 3.4414e-08 8.2446e-05 2.0671e-01 0.0000e+00
171 0.0000e+00 6.5900e-05 8.2234e-05 3.0209e-08 8.2234e-05 2.0679e-01 0.0000e+00
172 0.0000e+00 5.9500e-05 8.2023e-05 2.7864e-08 8.2023e-05 2.0687e-01 0.0000e+00
173 0.0000e+00 4.8600e-05 8.1813e-05 2.5703e-08 8.1813e-05 2.0696e-01 0.0000e+00
174 0.0000e+00 3.4400e-05 8.1604e-05 2.3712e-08 8.1604e-05 2.0704e-01 0.0000e+00
175 0.0000e+00 1.6600e-05 8.1396e-05 2.1876e-08 8.1396e-05 2.0712e-01 0.0000e+00
176 0.0000e+00 0.0000e+00 8.1189e-05 2.0185e-08 8.1189e-05 2.0720e-01 0.0000e+00
177 0.0000e+00 0.0000e+00 8.0984e-05 1.8625e-08 8.0984e-05 2.0728e-01 0.0000e+00
178 0.0000e+00 0.0000e+00 8.0779e-05 1.7188e-08 8.0779e-05 2.0736e-01 0.0000e+00
179 0.0000e+00 0.0000e+00 8.0575e-05 1.5862e-08 8.0575e-05 2.0744e-01 0.0000e+00
180 0.0000e+00 0.0000e+00 8.0373e-05 1.4640e-08 8.0373e-05 2.0752e-01 0.0000e+00
181 0.0000e+00 0.0000e+00 8.0171e-05 1.3514e-08 8.0171e-05 2.0760e-01 0.0000e+00
182 0.0000e+00 0.0000e+00 7.9971e-05 1.2474e-08 7.9971e-05 2.0768e-01 0.0000e+00
183 0.0000e+00 0.0000e+00 7.9771e-05 1.1516e-08 7.9771e-05 2.0776e-01 0.0000e+00
184 0.0000e+00 0.0000e+00 7.9573e-05 9.3188e-09 7.9573e-05 2.0784e-01 0.0000e+00
185 0.0000e+00 0.0000e+00 7.9375e-05 8.6203e-09 7.9375e-05 2.0792e-01 0.0000e+00
186 0.0000e+00 0.0000e+00 7.9178e-05 7.9746e-09 7.9178e-05 2.0800e-01 0.0000e+00
187 0.0000e+00 0.0000e+00 7.8983e-05 7.3776e-09 7.8983e-05 2.0808e-01 0.0000e+00
188 0.0000e+00 0.0000e+00 7.8788e-05 6.8257e-09 7.8788e-05 2.0816e-01 0.0000e+00
189 0.0000e+00 4.5600e-05 7.8594e-05 6.3155e-09 7.8594e-05 2.0824e-01 0.0000e+00
190 5.0000e-04 8.7900e-05 7.8402e-05 5.8436e-09 7.8402e-05 2.0832e-01 0.0000e+00
191 0.0000e+00 1.2440e-04 7.8210e-05 5.4074e-09 7.8210e-05 2.0839e-01 0.0000e+00
192 0.0000e+00 1.5230e-04 7.8019e-05 5.0039e-09 7.8019e-05 2.0847e-01 0.0000e+00
193 0.0000e+00 1.6850e-04 7.7829e-05 4.6308e-09 7.7829e-05 2.0855e-01 0.0000e+00
194 0.0000e+00 1.7590e-04 7.7640e-05 4.2858e-09 7.7640e-05 2.0863e-01 0.0000e+00
195 0.0000e+00 1.6850e-04 7.7452e-05 3.9666e-09 7.7452e-05 2.0871e-01 0.0000e+00
196 0.0000e+00 1.5230e-04 7.7264e-05 3.6715e-09 7.7264e-05 2.0878e-01 0.0000e+00
197 0.0000e+00 1.2440e-04 7.7078e-05 3.3984e-09 7.7078e-05 2.0886e-01 0.0000e+00
198 0.0000e+00 8.7900e-05 7.6893e-05 2.2896e-09 7.6893e-05 2.0894e-01 0.0000e+00
199 0.0000e+00 4.2600e-05 7.6708e-05 2.1253e-09 7.6708e-05 2.0901e-01 0.0000e+00
200 0.0000e+00 0.0000e+00 7.6524e-05 1.9728e-09 7.6524e-05 2.0909e-01 0.0000e+00
201 0.0000e+00 0.0000e+00 7.6342e-05 1.8313e-09 7.6342e-05 2.0917e-01 0.0000e+00
202 0.0000e+00 0.0000e+00 7.6160e-05 1.7001e-09 7.6160e-05 2.0924e-01 0.0000e+00
203 0.0000e+00 0.0000e+00 7.5979e-05 1.5783e-09 7.5979e-05 2.0932e-01 0.0000e+00
204 0.0000e+00 0.0000e+00 7.5799e-05 1.4653e-09 7.5799e-05 2.0939e-01 0.0000e+00
205 0.0000e+00 0.0000e+00 7.5619e-05 1.3604e-09 7.5619e-05 2.0947e-01 0.0000e+00
206 0.0000e+00 0.0000e+00 7.5441e-05 1.2631e-09 7.5441e-05 2.0954e-01 0.0000e+00
207 0.0000e+00 0.0000e+00 7.5263e-05 1.1727e-09 7.5263e-05 2.0962e-01 0.0000e+00
208 0.0000e+00 0.0000e+00 7.5086e-05 1.0889e-09 7.5086e-05 2.0970e-01 0.0000e+00
209 0.0000e+00 0.0000e+00 7.4910e-05 1.0111e-09 7.4910e-05 2.0977e-01 0.0000e+00
210 0.0000e+00 0.0000e+00 7.4735e-05 9.3890e-10 7.4735e-05 2.0984e-01 0.0000e+00
211 0.0000e+00 0.0000e+00 7.4561e-05 4.2203e-10 7.4561e-05 2.0992e-01 0.0000e+00
212 0.0000e+00 0.0000e+00 7.4387e-05 3.9325e-10 7.4387e-05 2.0999e-01 0.0000e+00
213 0.0000e+00 4.9000e-05 7.4215e-05 3.6645e-10 7.4215e-05 2.1007e-01 0.0000e+00
214 0.0000e+00 9.4600e-05 7.4043e-05 3.4148e-10 7.4043e-05 2.1014e-01 0.0000e+00
215 0.0000e+00 1.3380e-04 7.3872e-05 3.1822e-10 7.3872e-05 2.1022e-01 0.0000e+00
216 0.0000e+00 1.6380e-04 7.3701e-05 2.9655e-10 7.3701e-05 2.1029e-01 0.0000e+00
217 0.0000e+00 1.8130e-04 7.3532e-05 2.7636e-10 7.3532e-05 2.1036e-01 0.0000e+00
218 0.0000e+00 1.8920e-04 7.3363e-05 2.5755e-10 7.3363e-05 2.1044e-01 0.0000e+00
219 0.0000e+00 1.8130e-04 7.3195e-05 2.4003e-10 7.3195e-05 2.1051e-01 0.0000e+00
220 0.0000e+00 1.6380e-04 7.3028e-05 2.2370e-10 7.3028e-05 2.1058e-01 0.0000e+00
221 0.0000e+00 1.3380e-04 7.2861e-05 2.0849e-10 7.2861e-05 2.1066e-01 0.0000e+00
222 0.0000e+00 9.4600e-05 7.2695e-05 1.9432e-10 7.2695e-05 2.1073e-01 0.0000e+00
223 0.0000e+00 4.5800e-05 7.2531e-05 1.8111e-10 7.2531e-05 2.1080e-01 0.0000e+00
224 0.0000e+00 0.0000e+00 7.2366e-05 1.6881e-10 7.2366e-05 2.1087e-01 0.0000e+00
225 0.0000e+00 0.0000e+00 7.2203e-05 2.7620e-11 7.2203e-05 2.1095e-01 0.0000e+00
226 0.0000e+00 0.0000e+00 7.2040e-05 2.5850e-11 7.2040e-05 2.1102e-01 0.0000e+00
227 0.0000e+00 0.0000e+00 7.1878e-05 2.4194e-11 7.1878e-05 2.1109e-01 0.0000e+00
228 0.0000e+00 0.0000e+00 7.1717e-05 2.2644e-11 7.1717e-05 2.1116e-01 0.0000e+00
229 0.0000e+00 0.0000e+00 7.1556e-05 2.1194e-11 7.1556e-05 2.1123e-01 0.0000e+00
230 0.0000e+00 0.0000e+00 7.1396e-05 1.9837e-11 7.1396e-05 2.1130e-01 0.0000e+00
231 0.0000e+00 0.0000e+00 7.1237e-05 1.8567e-11 7.1237e-05 2.1138e-01 0.0000e+00
232 0.0000e+00 0.0000e+00 7.1079e-05 1.7379e-11 7.1079e-05 2.1145e-01 0.0000e+00
233 0.0000e+00 0.0000e+00 7.0921e-05 1.6268e-11 7.0921e-05 2.1152e-01 0.0000e+00
234 0.0000e+00 0.0000e+00 7.0764e-05 1.5227e-11 7.0764e-05 2.1159e-01 0.0000e+00
235 0.0000e+00 0.0000e+00 7.0608e-05 1.4253e-11 7.0608e-05 2.1166e-01 0.0000e+00
236 0.0000e+00 0.0000e+00 7.0452e-05 1.3342e-11 7.0452e-05 2.1173e-01 0.0000e+00
237 0.0000e+00 5.1700e-05 7.0297e-05 1.2489e-11 7.0297e-05 2.1180e-01 0.0000e+00
238 0.0000e+00 9.9800e-05 7.0143e-05 1.1691e-11 7.0143e-05 2.1187e-01 0.0000e+00
239 0.0000e+00 1.4120e-04 6.9989e-05 0.0000e+00 6.9989e-05 2.1194e-01 0.0000e+00
240 0.0000e+00 1.7290e-04 6.9837e-05 0.0000e+00 6.9837e-05 2.1201e-01 0.0000e+00
241 5.0000e-04 1.9130e-04 6.9684e-05 0.0000e+00 6.9684e-05 2.1208e-01 0.0000e+00
242 1.0000e-03 1.9970e-04 6.9533e-05 0.0000e+00 6.9533e-05 2.1215e-01 0.0000e+00
243 0.0000e+00 1.9130e-04 6.9382e-05 0.0000e+00 6.9382e-05 2.1222e-01 0.0000e+00
244 0.0000e+00 1.7290e-04 6.9232e-05 0.0000e+00 6.9232e-05 2.1229e-01 0.0000e+00
245 0.0000e+00 1.4120e-04 6.9082e-05 0.0000e+00 6.9082e-05 2.1236e-01 0.0000e+00
246 0.0000e+00 9.9800e-05 6.8933e-05 0.0000e+00 6.8933e-05 2.1243e-01 0.0000e+00
247 0.0000e+00 4.8300e-05 6.8785e-05 0.0000e+00 6.8785e-05 2.1249e-01 0.0000e+00
248 0.0000e+00 0.0000e+00 6.8637e-05 0.0000e+00 6.8637e-05 2.1256e-01 0.0000e+00
249 0.0000e+00 0.0000e+00 6.8490e-05 0.0000e+00 6.8490e-05 2.1263e-01 0.0000e+00
250 0.0000e+00 0.0000e+00 6.8343e-05 0.0000e+00 6.8343e-05 2.1270e-01 0.0000e+00
251 0.0000e+00 0.0000e+00 6.8198e-05 0.0000e+00 6.8198e-05 2.1277e-01 0.0000e+00
252 0.0000e+00 0.0000e+00 6.8052e-05 0.0000e+00 6.8052e-05 2.1284e-01 0.0000e+00
253 1.0000e-03 0.0000e+00 6.7908e-05 0.0000e+00 6.7908e-05 2.1290e-01 0.0000e+00
254 0.0000e+00 0.0000e+00 6.7764e-05 0.0000e+00 6.7764e-05 2.1297e-01 0.0000e+00
255 0.0000e+00 0.0000e+00 6.7621e-05 0.0000e+00 6.7621e-05 2.1304e-01 0.0000e+00
256 0.0000e+00 0.0000e+00 6.7478e-05 0.0000e+00 6.7478e-05 2.1311e-01 0.0000e+00
257 0.0000e+00 0.0000e+00 6.7336e-05 0.0000e+00 6.7336e-05 2.1317e-01 0.0000e+00
258 0.0000e+00 0.0000e+00 6.7194e-05 0.0000e+00 6.7194e-05 2.1324e-01 0.0000e+00
259 0.0000e+00 0.0000e+00 6.7053e-05 0.0000e+00 6.7053e-05 2.1331e-01 0.0000e+00
260 0.0000e+00 0.0000e+00 6.6913e-05 0.0000e+00 6.6913e-05 2.1337e-01 0.0000e+00
261 0.0000e+00 7.5200e-05 6.6773e-05 0.0000e+00 6.6773e-05 2.1344e-01 0.0000e+00
262 1.0000e-03 1.4510e-04 6.6634e-05 0.0000e+00 6.6634e-05 2.1351e-01 0.0000e+00
263 0.0000e+00 2.0520e-04 6.6495e-05 0.0000e+00 6.6495e-05 2.1357e-01 0.0000e+00
264 0.0000e+00 2.5130e-04 6.6357e-05 0.0000e+00 6.6357e-05 2.1364e-01 0.0000e+00
265 0.0000e+00 2.7800e-04 6.6220e-05 0.0000e+00 6.6220e-05 2.1371e-01 0.0000e+00
266 0.0000e+00 2.9030e-04 6.6083e-05 0.0000e+00 6.6083e-05 2.1377e-01 0.0000e+00
267 0.0000e+00 2.7800e-04 6.5947e-05 0.0000e+00 6.5947e-05 2.1384e-01 0.0000e+00
268 0.0000e+00 2.5130e-04 6.5811e-05 0.0000e+00 6.5811e-05 2.1391e-01 0.0000e+00
269 0.0000e+00 2.0520e-04 6.5676e-05 0.0000e+00 6.5676e-05 2.1397e-01 0.0000e+00
270 0.0000e+00 1.4510e-04 6.5541e-05 0.0000e+00 6.5541e-05 2.1404e-01 0.0000e+00
271 0.0000e+00 7.0200e-05 6.5407e-05 0.0000e+00 6.5407e-05 2.1410e-01 0.0000e+00
272 0.0000e+00 0.0000e+00 6.5273e-05 0.0000e+00 6.5273e-05 2.1417e-01 0.0000e+00
273 0.0000e+00 0.0000e+00 6.5140e-05 0.0000e+00 6.5140e-05 2.1423e-01 0.0000e+00
274 0.0000e+00 0.0000e+00 6.5008e-05 0.0000e+00 6.5008e-05 2.1430e-01 0.0000e+00
275 0.0000e+00 0.0000e+00 6.4876e-05 0.0000e+00 6.4876e-05 2.1436e-01 0.0000e+00
276 0.0000e+00 0.0000e+00 6.4745e-05 0.0000e+00 6.4745e-05 2.1443e-01 0.0000e+00
277 0.0000e+00 0.0000e+00 6.4614e-05 0.0000e+00 6.4614e-05 2.1449e-01 0.0000e+00
278 0.0000e+00 0.0000e+00 6.4483e-05 0.0000e+00 6.4483e-05 2.1456e-01 0.0000e+00
279 0.0000e+00 0.0000e+00 6.4353e-05 0.0000e+00 6.4353e-05 2.1462e-01 0.0000e+00
280 0.0000e+00 0.0000e+00 6.4224e-05 0.0000e+00 6.4224e-05 2.1468e-01 0.0000e+00
281 0.0000e+00 0.0000e+00 6.4095e-05 0.0000e+00 6.4095e-05 2.1475e-01 0.0000e+00
282 0.0000e+00 0.0000e+00 6.3967e-05 0.0000e+00 6.3967e-05 2.1481e-01 0.0000e+00
283 1.0000e-03 0.0000e+00 6.3839e-05 0.0000e+00 6.3839e-05 2.1488e-01 0.0000e+00
284 5.0000e-04 0.0000e+00 6.3712e-05 0.0000e+00 6.3712e-05 2.1494e-01 0.0000e+00
285 2.5000e-03 2.4400e-05 6.5780e-05 1.7798e-05 6.3585e-05 2.1499e-01 2.1947e-06
286 6.0000e-03 4.7000e-05 1.6655e-04 6.5147e-04 6.3495e-05 2.1440e-01 1.0306e-04
287 4.0000e-03 6.6500e-05 1.3388e-04 9.5631e-04 6.4672e-05 2.1351e-01 6.9211e-05
288 1.5000e-03 8.1400e-05 9.2676e-05 9.6469e-04 6.6499e-05 2.1261e-01 2.6176e-05
289 0.0000e+00 9.0100e-05 6.8392e-05 8.3759e-04 6.8392e-05 2.1184e-01 0.0000e+00
290 0.0000e+00 9.4000e-05 7.0056e-05 7.3869e-04 7.0056e-05 2.1117e-01 0.0000e+00
291 5.0000e-04 9.0100e-05 7.5826e-05 6.7980e-04 7.1535e-05 2.1056e-01 4.2906e-06
292 0.0000e+00 8.1400e-05 7.2908e-05 6.0182e-04 7.2908e-05 2.1003e-01 0.0000e+00
293 0.0000e+00 6.6500e-05 7.4123e-05 5.3533e-04 7.4123e-05 2.0957e-01 0.0000e+00
294 1.5000e-03 4.7000e-05 9.8251e-05 6.1620e-04 7.5199e-05 2.0903e-01 2.3052e-05
295 1.0000e-03 2.2800e-05 9.3884e-05 6.4384e-04 7.6482e-05 2.0846e-01 1.7402e-05
296 0.0000e+00 0.0000e+00 7.7850e-05 5.6393e-04 7.7850e-05 2.0798e-01 0.0000e+00
297 0.0000e+00 0.0000e+00 7.9041e-05 5.0081e-04 7.9041e-05 2.0756e-01 0.0000e+00
298 0.0000e+00 0.0000e+00 8.0090e-05 4.4598e-04 8.0090e-05 2.0719e-01 0.0000e+00
299 0.0000e+00 0.0000e+00 8.1011e-05 3.9796e-04 8.1011e-05 2.0687e-01 0.0000e+00
300 0.0000e+00 0.0000e+00 8.1817e-05 3.5567e-04 8.1817e-05 2.0660e-01 0.0000e+00
301 0.0000e+00 0.0000e+00 8.2520e-05 3.1828e-04 8.2520e-05 2.0636e-01 0.0000e+00
302 0.0000e+00 0.0000e+00 8.3131e-05 2.8512e-04 8.3131e-05 2.0616e-01 0.0000e+00
303 0.0000e+00 0.0000e+00 8.3657e-05 2.5567e-04 8.3657e-05 2.0599e-01 0.0000e+00
304 0.0000e+00 0.0000e+00 8.4108e-05 2.2945e-04 8.4108e-05 2.0584e-01 0.0000e+00
305 0.0000e+00 0.0000e+00 8.4491e-05 2.0608e-04 8.4491e-05 2.0572e-01 0.0000e+00
306 0.0000e+00 0.0000e+00 8.4812e-05 1.8524e-04 8.4812e-05 2.0562e-01 0.0000e+00
307 0.0000e+00 0.0000e+00 8.5079e-05 1.6661e-04 8.5079e-05 2.0554e-01 0.0000e+00
308 0.0000e+00 0.0000e+00 8.5296e-05 1.4996e-04 8.5296e-05 2.0548e-01 0.0000e+00
309 0.0000e+00 2.8800e-05 8.5469e-05 1.3505e-04 8.5469e-05 2.0543e-01 0.0000e+00
310 5.0000e-04 5.5500e-05 9.3789e-05 1.7256e-04 8.5601e-05 2.0534e-01 8.1882e-06
311 0.0000e+00 7.8500e-05 8.5834e-05 1.5031e-04 8.5834e-05 2.0527e-01 0.0000e+00
312 0.0000e+00 9.6200e-05 8.6007e-05 1.3401e-04 8.6007e-05 2.0523e-01 0.0000e+00
313 0.0000e+00 1.0640e-04 8.6136e-05 1.1989e-04 8.6136e-05 2.0519e-01 0.0000e+00
314 0.0000e+00 1.1110e-04 8.6227e-05 1.0750e-04 8.6227e-05 2.0517e-01 0.0000e+00
315 0.0000e+00 1.0640e-04 8.6285e-05 9.6547e-05 8.6285e-05 2.0516e-01 0.0000e+00
316 0.0000e+00 9.6200e-05 8.6312e-05 8.6821e-05 8.6312e-05 2.0516e-01 0.0000e+00
317 5.0000e-04 7.8500e-05 8.6314e-05 7.8156e-05 8.6314e-05 2.0517e-01 0.0000e+00
318 1.0000e-03 5.5500e-05 1.0044e-04 1.5849e-04 8.6292e-05 2.0510e-01 1.4152e-05
319 5.0000e-04 2.6900e-05 9.4603e-05 1.8422e-04 8.6487e-05 2.0500e-01 8.1168e-06
320 0.0000e+00 0.0000e+00 8.6751e-05 1.5812e-04 8.6751e-05 2.0493e-01 0.0000e+00
321 0.0000e+00 0.0000e+00 8.6945e-05 1.3925e-04 8.6945e-05 2.0488e-01 0.0000e+00
322 1.0000e-03 0.0000e+00 1.0486e-04 2.3415e-04 8.7087e-05 2.0473e-01 1.7769e-05
323 1.0000e-03 0.0000e+00 1.0575e-04 3.1199e-04 8.7488e-05 2.0450e-01 1.8261e-05
324 0.0000e+00 0.0000e+00 8.8104e-05 2.6486e-04 8.8104e-05 2.0433e-01 0.0000e+00
325 0.0000e+00 0.0000e+00 8.8592e-05 2.3216e-04 8.8592e-05 2.0418e-01 0.0000e+00
326 0.0000e+00 0.0000e+00 8.8990e-05 2.0480e-04 8.8990e-05 2.0407e-01 0.0000e+00
327 0.0000e+00 0.0000e+00 8.9313e-05 1.8140e-04 8.9313e-05 2.0398e-01 0.0000e+00
328 0.0000e+00 0.0000e+00 8.9570e-05 1.6115e-04 8.9570e-05 2.0390e-01 0.0000e+00
329 0.0000e+00 0.0000e+00 8.9771e-05 1.4349e-04 8.9771e-05 2.0385e-01 0.0000e+00
330 0.0000e+00 0.0000e+00 8.9922e-05 1.2799e-04 8.9922e-05 2.0381e-01 0.0000e+00
331 0.0000e+00 0.0000e+00 9.0029e-05 1.1435e-04 9.0029e-05 2.0379e-01 0.0000e+00
332 0.0000e+00 0.0000e+00 9.0097e-05 1.0230e-04 9.0097e-05 2.0378e-01 0.0000e+00
333 0.0000e+00 1.1200e-05 9.0132e-05 9.1624e-05 9.0132e-05 2.0377e-01 0.0000e+00
334 0.0000e+00 2.1600e-05 9.0136e-05 8.2155e-05 9.0136e-05 2.0378e-01 0.0000e+00
335 0.0000e+00 3.0600e-05 9.0113e-05 7.3737e-05 9.0113e-05 2.0380e-01 0.0000e+00
336 0.0000e+00 3.7400e-05 9.0067e-05 6.6243e-05 9.0067e-05 2.0382e-01 0.0000e+00
337 0.0000e+00 4.1400e-05 9.0000e-05 5.9560e-05 9.0000e-05 2.0385e-01 0.0000e+00
338 5.0000e-04 4.3200e-05 9.6451e-05 9.4663e-05 8.9915e-05 2.0385e-01 6.5365e-06
339 5.0000e-04 4.1400e-05 9.8269e-05 1.3327e-04 8.9928e-05 2.0380e-01 8.3414e-06
340 1.5000e-03 3.7400e-05 1.1668e-04 2.8057e-04 9.0050e-05 2.0361e-01 2.6635e-05
341 1.5000e-03 3.0600e-05 1.1730e-04 4.0065e-04 9.0588e-05 2.0330e-01 2.6708e-05
342 1.0000e-03 2.1600e-05 1.0917e-04 4.4804e-04 9.1470e-05 2.0295e-01 1.7702e-05
343 5.0000e-04 1.0500e-05 1.0123e-04 4.3735e-04 9.2495e-05 2.0260e-01 8.7358e-06
344 1.0000e-03 0.0000e+00 1.1157e-04 4.9266e-04 9.3497e-05 2.0220e-01 1.8069e-05
345 5.0000e-04 0.0000e+00 1.0380e-04 4.8102e-04 9.4670e-05 2.0182e-01 9.1303e-06
346 0.0000e+00 0.0000e+00 9.5820e-05 4.1727e-04 9.5820e-05 2.0150e-01 0.0000e+00
347 0.0000e+00 0.0000e+00 9.6788e-05 3.6708e-04 9.6788e-05 2.0123e-01 0.0000e+00
348 0.0000e+00 0.0000e+00 9.7609e-05 3.2432e-04 9.7609e-05 2.0100e-01 0.0000e+00
349 0.0000e+00 0.0000e+00 9.8303e-05 2.8737e-04 9.8303e-05 2.0081e-01 0.0000e+00
350 0.0000e+00 0.0000e+00 9.8885e-05 2.5519e-04 9.8885e-05 2.0065e-01 0.0000e+00
351 0.0000e+00 0.0000e+00 9.9369e-05 2.2702e-04 9.9369e-05 2.0053e-01 0.0000e+00
352 0.0000e+00 0.0000e+00 9.9767e-05 2.0226e-04 9.9767e-05 2.0042e-01 0.0000e+00
353 5.0000e-04 0.0000e+00 1.0922e-04 2.3934e-04 1.0009e-04 2.0028e-01 9.1303e-06
354 0.0000e+00 0.0000e+00 1.0052e-04 2.0750e-04 1.0052e-04 2.0018e-01 0.0000e+00
355 0.0000e+00 0.0000e+00 1.0086e-04 1.8382e-04 1.0086e-04 2.0009e-01 0.0000e+00
356 0.0000e+00 0.0000e+00 1.0112e-04 1.6348e-04 1.0112e-04 2.0003e-01 0.0000e+00
357 0.0000e+00 7.2300e-05 1.0132e-04 1.4574e-04 1.0132e-04 1.9999e-01 0.0000e+00
358 0.0000e+00 1.3960e-04 1.0146e-04 1.3014e-04 1.0146e-04 1.9996e-01 0.0000e+00
359 0.0000e+00 1.9750e-04 1.0155e-04 1.1637e-04 1.0155e-04 1.9994e-01 0.0000e+00
360 0.0000e+00 2.4180e-04 1.0160e-04 1.0418e-04 1.0160e-04 1.9994e-01 0.0000e+00
361 0.0000e+00 2.6750e-04 1.0161e-04 9.3365e-05 1.0161e-04 1.9995e-01 0.0000e+00
362 0.0000e+00 2.7930e-04 1.0158e-04 8.3751e-05 1.0158e-04 1.9997e-01 0.0000e+00
363 0.0000e+00 2.6750e-04 1.0152e-04 7.5191e-05 1.0152e-04 1.9999e-01 0.0000e+00
364 0.0000e+00 2.4180e-04 1.0144e-04 6.7559e-05 1.0144e-04 2.0003e-01 0.0000e+00
365 0.0000e+00 1.9750e-04 1.0133e-04 6.0747e-05 1.0133e-04 2.0007e-01 0.0000e+00
366 0.0000e+00 1.3960e-04 1.0120e-04 5.4661e-05 1.0120e-04 2.0011e-01 0.0000e+00
367 0.0000e+00 6.7600e-05 1.0106e-04 4.9216e-05 1.0106e-04 2.0017e-01 0.0000e+00
368 0.0000e+00 0.0000e+00 1.0089e-04 4.4342e-05 1.0089e-04 2.0022e-01 0.0000e+00
369 0.0000e+00 0.0000e+00 1.0071e-04 3.9975e-05 1.0071e-04 2.0028e-01 0.0000e+00
370 0.0000e+00 0.0000e+00 1.0052e-04 3.6057e-05 1.0052e-04 2.0035e-01 0.0000e+00
371 0.0000e+00 0.0000e+00 1.0032e-04 3.2542e-05 1.0032e-04 2.0042e-01 0.0000e+00
372 0.0000e+00 0.0000e+00 1.0011e-04 2.9385e-05 1.0011e-04 2.0049e-01 0.0000e+00
373 5.0000e-04 0.0000e+00 9.9888e-05 2.6548e-05 9.9888e-05 2.0056e-01 0.0000e+00
374 7.5000e-03 0.0000e+00 2.0790e-04 7.2144e-04 9.9660e-05 1.9994e-01 1.0824e-04
375 4.5000e-03 0.0000e+00 1.8379e-04 1.1040e-03 1.0162e-04 1.9894e-01 8.2172e-05
376 2.5000e-03 0.0000e+00 1.5050e-04 1.2113e-03 1.0485e-04 1.9783e-01 4.5651e-05
377 5.0000e-04 0.0000e+00 1.1767e-04 1.0866e-03 1.0854e-04 1.9685e-01 9.1303e-06
378 0.0000e+00 0.0000e+00 1.1191e-04 9.4107e-04 1.1191e-04 1.9602e-01 0.0000e+00
379 0.0000e+00 0.0000e+00 1.1484e-04 8.2400e-04 1.1484e-04 1.9531e-01 0.0000e+00
380 0.0000e+00 0.0000e+00 1.1742e-04 7.2455e-04 1.1742e-04 1.9471e-01 0.0000e+00
381 0.0000e+00 1.7400e-05 1.1967e-04 6.3882e-04 1.1967e-04 1.9419e-01 0.0000e+00
382 0.0000e+00 3.3600e-05 1.2162e-04 5.6439e-04 1.2162e-04 1.9374e-01 0.0000e+00
383 1.0000e-03 4.7500e-05 1.4065e-04 6.1787e-04 1.2332e-04 1.9325e-01 1.7329e-05
384 1.0000e-03 5.8200e-05 1.4592e-04 6.4946e-04 1.2524e-04 1.9273e-01 2.0686e-05
385 0.0000e+00 6.4300e-05 1.2731e-04 5.6122e-04 1.2731e-04 1.9229e-01 0.0000e+00
386 5.0000e-04 6.7200e-05 1.3867e-04 5.3927e-04 1.2904e-04 1.9188e-01 9.6241e-06
387 0.0000e+00 6.4300e-05 1.3071e-04 4.7249e-04 1.3071e-04 1.9154e-01 0.0000e+00
388 0.0000e+00 5.8200e-05 1.3211e-04 4.1729e-04 1.3211e-04 1.9125e-01 0.0000e+00
389 0.0000e+00 4.7500e-05 1.3330e-04 3.6941e-04 1.3330e-04 1.9102e-01 0.0000e+00
390 5.0000e-04 3.3600e-05 1.4099e-04 3.5951e-04 1.3428e-04 1.9079e-01 6.7093e-06
391 0.0000e+00 1.6300e-05 1.3523e-04 3.1616e-04 1.3523e-04 1.9061e-01 0.0000e+00
392 5.0000e-04 0.0000e+00 1.4747e-04 3.3503e-04 1.3600e-04 1.9041e-01 1.1473e-05
393 5.0000e-04 0.0000e+00 1.4959e-04 3.5300e-04 1.3685e-04 1.9020e-01 1.2745e-05
394 0.0000e+00 0.0000e+00 1.3777e-04 3.0638e-04 1.3777e-04 1.9003e-01 0.0000e+00
395 0.0000e+00 0.0000e+00 1.3850e-04 2.7015e-04 1.3850e-04 1.8990e-01 0.0000e+00
396 0.0000e+00 0.0000e+00 1.3907e-04 2.3895e-04 1.3907e-04 1.8980e-01 0.0000e+00
397 0.0000e+00 0.0000e+00 1.3951e-04 2.1187e-04 1.3951e-04 1.8972e-01 0.0000e+00
398 0.0000e+00 0.0000e+00 1.3982e-04 1.8820e-04 1.3982e-04 1.8968e-01 0.0000e+00
399 0.0000e+00 0.0000e+00 1.4004e-04 1.6744e-04 1.4004e-04 1.8965e-01 0.0000e+00
400 0.0000e+00 0.0000e+00 1.4016e-04 1.4916e-04 1.4016e-04 1.8964e-01 0.0000e+00
401 0.0000e+00 0.0000e+00 1.4019e-04 1.3303e-04 1.4019e-04 1.8965e-01 0.0000e+00
402 1.0000e-03 0.0000e+00 1.6565e-04 2.4120e-04 1.4016e-04 1.8955e-01 2.5489e-05
403 0.0000e+00 0.0000e+00 1.4061e-04 2.0231e-04 1.4061e-04 1.8948e-01 0.0000e+00
404 0.0000e+00 0.0000e+00 1.4088e-04 1.7696e-04 1.4088e-04 1.8945e-01 0.0000e+00
405 5.0000e-04 2.4600e-05 1.5378e-04 2.1693e-04 1.4104e-04 1.8937e-01 1.2745e-05
406 5.0000e-04 4.7400e-05 1.5349e-04 2.4387e-04 1.4137e-04 1.8927e-01 1.2118e-05
407 0.0000e+00 6.7100e-05 1.4183e-04 2.0853e-04 1.4183e-04 1.8920e-01 0.0000e+00
408 5.0000e-04 8.2200e-05 1.5195e-04 2.2975e-04 1.4212e-04 1.8912e-01 9.8277e-06
409 0.0000e+00 9.0900e-05 1.4251e-04 1.9749e-04 1.4251e-04 1.8906e-01 0.0000e+00
410 0.0000e+00 9.5000e-05 1.4276e-04 1.7309e-04 1.4276e-04 1.8903e-01 0.0000e+00
411 0.0000e+00 9.0900e-05 1.4289e-04 1.5234e-04 1.4289e-04 1.8902e-01 0.0000e+00
412 0.0000e+00 8.2200e-05 1.4293e-04 1.3450e-04 1.4293e-04 1.8903e-01 0.0000e+00
413 0.0000e+00 6.7100e-05 1.4290e-04 1.1905e-04 1.4290e-04 1.8905e-01 0.0000e+00
414 0.0000e+00 4.7400e-05 1.4279e-04 1.0558e-04 1.4279e-04 1.8909e-01 0.0000e+00
415 0.0000e+00 2.3000e-05 1.4262e-04 9.3798e-05 1.4262e-04 1.8914e-01 0.0000e+00
416 0.0000e+00 0.0000e+00 1.4241e-04 8.3453e-05 1.4241e-04 1.8920e-01 0.0000e+00
417 0.0000e+00 0.0000e+00 1.4214e-04 7.4346e-05 1.4214e-04 1.8927e-01 0.0000e+00
418 0.0000e+00 0.0000e+00 1.4184e-04 6.6312e-05 1.4184e-04 1.8934e-01 0.0000e+00
419 0.0000e+00 0.0000e+00 1.4151e-04 5.9210e-05 1.4151e-04 1.8942e-01 0.0000e+00
420 0.0000e+00 0.0000e+00 1.4115e-04 5.2921e-05 1.4115e-04 1.8951e-01 0.0000e+00
421 0.0000e+00 0.0000e+00 1.4076e-04 4.7344e-05 1.4076e-04 1.8960e-01 0.0000e+00
422 0.0000e+00 0.0000e+00 1.4035e-04 4.2392e-05 1.4035e-04 1.8970e-01 0.0000e+00
423 0.0000e+00 0.0000e+00 1.3992e-04 3.7988e-05 1.3992e-04 1.8980e-01 0.0000e+00
424 0.0000e+00 0.0000e+00 1.3947e-04 3.4069e-05 1.3947e-04 1.8991e-01 0.0000e+00
425 0.0000e+00 0.0000e+00 1.3901e-04 3.0575e-05 1.3901e-04 1.9002e-01 0.0000e+00
426 0.0000e+00 0.0000e+00 1.3854e-04 2.7459e-05 1.3854e-04 1.9013e-01 0.0000e+00
427 5.0000e-04 0.0000e+00 1.3806e-04 2.4677e-05 1.3806e-04 1.9024e-01 0.0000e+00
428 2.0000e-03 0.0000e+00 1.8662e-04 2.5671e-04 1.3758e-04 1.9012e-01 4.9046e-05
429 3.0000e-03 3.2600e-05 2.1456e-04 5.7030e-04 1.3809e-04 1.8969e-01 7.6468e-05
430 2.0000e-03 6.2900e-05 1.9011e-04 7.0478e-04 1.3997e-04 1.8913e-01 5.0148e-05
431 1.0000e-03 8.9000e-05 1.6634e-04 7.0402e-04 1.4246e-04 1.8857e-01 2.3886e-05
432 0.0000e+00 1.0900e-04 1.4498e-04 5.9883e-04 1.4498e-04 1.8811e-01 0.0000e+00
433 5.0000e-04 1.2060e-04 1.5475e-04 5.5612e-04 1.4705e-04 1.8770e-01 7.7027e-06
434 0.0000e+00 1.2590e-04 1.4894e-04 4.8116e-04 1.4894e-04 1.8737e-01 0.0000e+00
435 0.0000e+00 1.2060e-04 1.5050e-04 4.2011e-04 1.5050e-04 1.8710e-01 0.0000e+00
436 0.0000e+00 1.0900e-04 1.5177e-04 3.6810e-04 1.5177e-04 1.8688e-01 0.0000e+00
437 3.5000e-03 8.9000e-05 2.2992e-04 7.0174e-04 1.5280e-04 1.8634e-01 7.7120e-05
438 0.0000e+00 6.2900e-05 1.5544e-04 5.8142e-04 1.5544e-04 1.8591e-01 0.0000e+00
439 0.0000e+00 3.0500e-05 1.5753e-04 5.0366e-04 1.5753e-04 1.8556e-01 0.0000e+00
440 0.0000e+00 0.0000e+00 1.5924e-04 4.3905e-04 1.5924e-04 1.8528e-01 0.0000e+00
441 0.0000e+00 0.0000e+00 1.6064e-04 3.8439e-04 1.6064e-04 1.8506e-01 0.0000e+00
442 0.0000e+00 0.0000e+00 1.6177e-04 3.3760e-04 1.6177e-04 1.8488e-01 0.0000e+00
443 0.0000e+00 0.0000e+00 1.6266e-04 2.9724e-04 1.6266e-04 1.8475e-01 0.0000e+00
444 5.0000e-04 0.0000e+00 1.7144e-04 3.0265e-04 1.6334e-04 1.8461e-01 8.1006e-06
445 0.0000e+00 0.0000e+00 1.6406e-04 2.6312e-04 1.6406e-04 1.8451e-01 0.0000e+00
446 0.0000e+00 0.0000e+00 1.6456e-04 2.3165e-04 1.6456e-04 1.8444e-01 0.0000e+00
447 0.0000e+00 0.0000e+00 1.6491e-04 2.0451e-04 1.6491e-04 1.8440e-01 0.0000e+00
448 0.0000e+00 0.0000e+00 1.6511e-04 1.8092e-04 1.6511e-04 1.8439e-01 0.0000e+00
449 0.0000e+00 0.0000e+00 1.6520e-04 1.6033e-04 1.6520e-04 1.8439e-01 0.0000e+00
450 0.0000e+00 0.0000e+00 1.6517e-04 1.4227e-04 1.6517e-04 1.8442e-01 0.0000e+00
451 0.0000e+00 0.0000e+00 1.6505e-04 1.2641e-04 1.6505e-04 1.8445e-01 0.0000e+00
452 5.0000e-04 0.0000e+00 1.7760e-04 1.7618e-04 1.6485e-04 1.8444e-01 1.2745e-05
453 0.0000e+00 2.2400e-05 1.6491e-04 1.4947e-04 1.6491e-04 1.8446e-01 0.0000e+00
454 0.0000e+00 4.3300e-05 1.6483e-04 1.3092e-04 1.6483e-04 1.8449e-01 0.0000e+00
455 0.0000e+00 6.1200e-05 1.6466e-04 1.1528e-04 1.6466e-04 1.8454e-01 0.0000e+00
456 0.0000e+00 7.5000e-05 1.6440e-04 1.0187e-04 1.6440e-04 1.8460e-01 0.0000e+00
457 0.0000e+00 8.3000e-05 1.6408e-04 9.0243e-05 1.6408e-04 1.8468e-01 0.0000e+00
458 0.0000e+00 8.6600e-05 1.6370e-04 8.0101e-05 1.6370e-04 1.8476e-01 0.0000e+00
459 0.0000e+00 8.3000e-05 1.6328e-04 7.1212e-05 1.6328e-04 1.8485e-01 0.0000e+00
460 0.0000e+00 7.5000e-05 1.6281e-04 6.3398e-05 1.6281e-04 1.8495e-01 0.0000e+00
461 0.0000e+00 6.1200e-05 1.6230e-04 5.6509e-05 1.6230e-04 1.8506e-01 0.0000e+00
462 0.0000e+00 4.3300e-05 1.6177e-04 5.0423e-05 1.6177e-04 1.8517e-01 0.0000e+00
463 0.0000e+00 2.1000e-05 1.6121e-04 4.5039e-05 1.6121e-04 1.8529e-01 0.0000e+00
464 0.0000e+00 0.0000e+00 1.6062e-04 4.0266e-05 1.6062e-04 1.8541e-01 0.0000e+00
465 1.0000e-03 0.0000e+00 1.6891e-04 8.0159e-05 1.6002e-04 1.8549e-01 8.8914e-06
466 5.0000e-04 0.0000e+00 1.7236e-04 1.2970e-04 1.5962e-04 1.8552e-01 1.2745e-05
467 0.0000e+00 0.0000e+00 1.5947e-04 1.0692e-04 1.5947e-04 1.8557e-01 0.0000e+00
468 0.0000e+00 0.0000e+00 1.5921e-04 9.2230e-05 1.5921e-04 1.8564e-01 0.0000e+00
469 5.0000e-04 0.0000e+00 1.7162e-04 1.4338e-04 1.5888e-04 1.8565e-01 1.2745e-05
470 0.0000e+00 0.0000e+00 1.5880e-04 1.1926e-04 1.5880e-04 1.8569e-01 0.0000e+00
471 0.0000e+00 0.0000e+00 1.5860e-04 1.0321e-04 1.5860e-04 1.8575e-01 0.0000e+00
472 5.0000e-04 0.0000e+00 1.7107e-04 1.5304e-04 1.5833e-04 1.8575e-01 1.2745e-05
473 5.0000e-04 0.0000e+00 1.7105e-04 1.9089e-04 1.5830e-04 1.8572e-01 1.2745e-05
474 0.0000e+00 0.0000e+00 1.5846e-04 1.5980e-04 1.5846e-04 1.8572e-01 0.0000e+00
475 0.0000e+00 0.0000e+00 1.5847e-04 1.3816e-04 1.5847e-04 1.8574e-01 0.0000e+00
476 0.0000e+00 0.0000e+00 1.5837e-04 1.2028e-04 1.5837e-04 1.8578e-01 0.0000e+00
477 0.0000e+00 9.2000e-06 1.5818e-04 1.0524e-04 1.5818e-04 1.8583e-01 0.0000e+00
478 0.0000e+00 1.7800e-05 1.5792e-04 9.2404e-05 1.5792e-04 1.8590e-01 0.0000e+00
479 0.0000e+00 2.5200e-05 1.5760e-04 8.1364e-05 1.5760e-04 1.8597e-01 0.0000e+00
480 0.0000e+00 3.0900e-05 1.5722e-04 7.1810e-05 1.5722e-04 1.8606e-01 0.0000e+00
481 0.0000e+00 3.4200e-05 1.5680e-04 6.3503e-05 1.5680e-04 1.8615e-01 0.0000e+00
482 5.0000e-04 3.5700e-05 1.6610e-04 1.0439e-04 1.5635e-04 1.8620e-01 9.7574e-06
483 2.5000e-03 3.4200e-05 2.1891e-04 3.9712e-04 1.5609e-04 1.8596e-01 6.2813e-05
484 1.0000e-03 3.0900e-05 1.8189e-04 4.3916e-04 1.5727e-04 1.8568e-01 2.4618e-05
485 0.0000e+00 2.5200e-05 1.5866e-04 3.6632e-04 1.5866e-04 1.8547e-01 0.0000e+00
486 1.0000e-03 1.7800e-05 1.8376e-04 4.3417e-04 1.5970e-04 1.8520e-01 2.4060e-05
487 0.0000e+00 8.6000e-06 1.6107e-04 3.6574e-04 1.6107e-04 1.8499e-01 0.0000e+00
488 0.0000e+00 0.0000e+00 1.6211e-04 3.1641e-04 1.6211e-04 1.8484e-01 0.0000e+00
489 0.0000e+00 0.0000e+00 1.6289e-04 2.7538e-04 1.6289e-04 1.8473e-01 0.0000e+00
490 0.0000e+00 0.0000e+00 1.6346e-04 2.4070e-04 1.6346e-04 1.8465e-01 0.0000e+00
491 0.0000e+00 0.0000e+00 1.6386e-04 2.1107e-04 1.6386e-04 1.8460e-01 0.0000e+00
492 0.0000e+00 0.0000e+00 1.6410e-04 1.8557e-04 1.6410e-04 1.8458e-01 0.0000e+00
493 0.0000e+00 0.0000e+00 1.6421e-04 1.6349e-04 1.6421e-04 1.8458e-01 0.0000e+00
494 0.0000e+00 0.0000e+00 1.6421e-04 1.4432e-04 1.6421e-04 1.8460e-01 0.0000e+00
495 0.0000e+00 0.0000e+00 1.6410e-04 1.2760e-04 1.6410e-04 1.8464e-01 0.0000e+00
496 0.0000e+00 0.0000e+00 1.6392e-04 1.1298e-04 1.6392e-04 1.8469e-01 0.0000e+00
497 0.0000e+00 0.0000e+00 1.6366e-04 1.0017e-04 1.6366e-04 1.8475e-01 0.0000e+00
498 0.0000e+00 0.0000e+00 1.6333e-04 8.8929e-05 1.6333e-04 1.8483e-01 0.0000e+00
499 0.0000e+00 0.0000e+00 1.6295e-04 7.9037e-05 1.6295e-04 1.8491e-01 0.0000e+00
500 0.0000e+00 0.0000e+00 1.6253e-04 7.0320e-05 1.6253e-04 1.8500e-01 0.0000e+00
501 0.0000e+00 6.3800e-05 1.6206e-04 6.2627e-05 1.6206e-04 1.8510e-01 0.0000e+00
502 0.0000e+00 1.2310e-04 1.6156e-04 5.5828e-05 1.6156e-04 1.8521e-01 0.0000e+00
503 0.0000e+00 1.7420e-04 1.6102e-04 4.9811e-05 1.6102e-04 1.8532e-01 0.0000e+00
504 0.0000e+00 2.1330e-04 1.6046e-04 4.4481e-05 1.6046e-04 1.8543e-01 0.0000e+00
505 0.0000e+00 2.3600e-04 1.5988e-04 3.9753e-05 1.5988e-04 1.8555e-01 0.0000e+00
506 0.0000e+00 2.4640e-04 1.5928e-04 3.5554e-05 1.5928e-04 1.8568e-01 0.0000e+00
507 0.0000e+00 2.3600e-04 1.5867e-04 3.1822e-05 1.5867e-04 1.8580e-01 0.0000e+00
508 0.0000e+00 2.1330e-04 1.5804e-04 2.8502e-05 1.5804e-04 1.8593e-01 0.0000e+00
509 0.0000e+00 1.7420e-04 1.5740e-04 2.5545e-05 1.5740e-04 1.8607e-01 0.0000e+00
510 0.0000e+00 1.2310e-04 1.5676e-04 2.2911e-05 1.5676e-04 1.8620e-01 0.0000e+00
511 0.0000e+00 5.9600e-05 1.5610e-04 2.0560e-05 1.5610e-04 1.8634e-01 0.0000e+00
512 0.0000e+00 0.0000e+00 1.5544e-04 1.8462e-05 1.5544e-04 1.8647e-01 0.0000e+00
513 0.0000e+00 0.0000e+00 1.5478e-04 1.6588e-05 1.5478e-04 1.8661e-01 0.0000e+00
514 0.0000e+00 0.0000e+00 1.5411e-04 1.4912e-05 1.5411e-04 1.8675e-01 0.0000e+00
515 0.0000e+00 0.0000e+00 1.5344e-04 1.3413e-05 1.5344e-04 1.8689e-01 0.0000e+00
516 0.0000e+00 0.0000e+00 1.5277e-04 1.2071e-05 1.5277e-04 1.8703e-01 0.0000e+00
517 0.0000e+00 0.0000e+00 1.5210e-04 1.0869e-05 1.5210e-04 1.8717e-01 0.0000e+00
518 0.0000e+00 0.0000e+00 1.5143e-04 9.7914e-06 1.5143e-04 1.8731e-01 0.0000e+00
519 0.0000e+00 0.0000e+00 1.5076e-04 8.8249e-06 1.5076e-04 1.8746e-01 0.0000e+00
520 0.0000e+00 0.0000e+00 1.5010e-04 7.9568e-06 1.5010e-04 1.8760e-01 0.0000e+00
521 0.0000e+00 0.0000e+00 1.4943e-04 7.1781e-06 1.4943e-04 1.8774e-01 0.0000e+00
522 0.0000e+00 0.0000e+00 1.4877e-04 6.4785e-06 1.4877e-04 1.8788e-01 0.0000e+00
523 0.0000e+00 0.0000e+00 1.4811e-04 5.8496e-06 1.4811e-04 1.8802e-01 0.0000e+00
524 0.0000e+00 0.0000e+00 1.4745e-04 5.2839e-06 1.4745e-04 1.8817e-01 0.0000e+00
525 0.0000e+00 4.1700e-05 1.4680e-04 4.7749e-06 1.4680e-04 1.8831e-01 0.0000e+00
526 0.0000e+00 8.0400e-05 1.4615e-04 4.3167e-06 1.4615e-04 1.8845e-01 0.0000e+00
527 0.0000e+00 1.1380e-04 1.4550e-04 3.9040e-06 1.4550e-04 1.8859e-01 0.0000e+00
528 0.0000e+00 1.3930e-04 1.4486e-04 3.5321e-06 1.4486e-04 1.8873e-01 0.0000e+00
529 0.0000e+00 1.5420e-04 1.4422e-04 3.1968e-06 1.4422e-04 1.8887e-01 0.0000e+00
530 0.0000e+00 1.6090e-04 1.4359e-04 2.8943e-06 1.4359e-04 1.8902e-01 0.0000e+00
531 0.0000e+00 1.5420e-04 1.4296e-04 2.6215e-06 1.4296e-04 1.8916e-01 0.0000e+00
532 0.0000e+00 1.3930e-04 1.4233e-04 2.3744e-06 1.4233e-04 1.8930e-01 0.0000e+00
533 0.0000e+00 1.1380e-04 1.4171e-04 2.1521e-06 1.4171e-04 1.8944e-01 0.0000e+00
534 0.0000e+00 8.0400e-05 1.4109e-04 1.9513e-06 1.4109e-04 1.8957e-01 0.0000e+00
535 0.0000e+00 3.8900e-05 1.4048e-04 1.7698e-06 1.4048e-04 1.8971e-01 0.0000e+00
536 0.0000e+00 0.0000e+00 1.3987e-04 1.6057e-06 1.3987e-04 1.8985e-01 0.0000e+00
537 0.0000e+00 0.0000e+00 1.3927e-04 1.4572e-06 1.3927e-04 1.8999e-01 0.0000e+00
538 0.0000e+00 0.0000e+00 1.3867e-04 1.3229e-06 1.3867e-04 1.9013e-01 0.0000e+00
539 0.0000e+00 0.0000e+00 1.3808e-04 1.2013e-06 1.3808e-04 1.9026e-01 0.0000e+00
540 0.0000e+00 0.0000e+00 1.3749e-04 1.0913e-06 1.3749e-04 1.9040e-01 0.0000e+00
541 0.0000e+00 0.0000e+00 1.3690e-04 9.9155e-07 1.3690e-04 1.9054e-01 0.0000e+00
542 0.0000e+00 0.0000e+00 1.3632e-04 9.0122e-07 1.3632e-04 1.9067e-01 0.0000e+00
543 0.0000e+00 0.0000e+00 1.3575e-04 8.1934e-07 1.3575e-04 1.9081e-01 0.0000e+00
544 0.0000e+00 0.0000e+00 1.3518e-04 7.4422e-07 1.3518e-04 1.9094e-01 0.0000e+00
545 0.0000e+00 0.0000e+00 1.3461e-04 6.7704e-07 1.3461e-04 1.9107e-01 0.0000e+00
546 0.0000e+00 0.0000e+00 1.3405e-04 6.1608e-07 1.3405e-04 1.9121e-01 0.0000e+00
547 0.0000e+00 0.0000e+00 1.3349e-04 5.6075e-07 1.3349e-04 1.9134e-01 0.0000e+00
548 0.0000e+00 0.0000e+00 1.3294e-04 5.1053e-07 1.3294e-04 1.9147e-01 0.0000e+00
549 0.0000e+00 2.0700e-05 1.3239e-04 4.6491e-07 1.3239e-04 1.9160e-01 0.0000e+00
550 0.0000e+00 4.0000e-05 1.3184e-04 4.2347e-07 1.3184e-04 1.9174e-01 0.0000e+00
551 0.0000e+00 5.6600e-05 1.3130e-04 3.8582e-07 1.3130e-04 1.9187e-01 0.0000e+00
552 1.0000e-03 6.9300e-05 1.3077e-04 3.5160e-07 1.3077e-04 1.9200e-01 0.0000e+00
553 1.0000e-03 7.6600e-05 1.3023e-04 3.2049e-07 1.3023e-04 1.9213e-01 0.0000e+00
554 2.0000e-03 8.0000e-05 1.4837e-04 8.8169e-05 1.2971e-04 1.9217e-01 1.8660e-05
555 1.5000e-03 7.6600e-05 1.6573e-04 2.4013e-04 1.2954e-04 1.9206e-01 3.6195e-05
556 0.0000e+00 6.9300e-05 1.2999e-04 1.9459e-04 1.2999e-04 1.9199e-01 0.0000e+00
557 5.0000e-04 5.6600e-05 1.3928e-04 2.0941e-04 1.3025e-04 1.9191e-01 9.0284e-06
558 0.0000e+00 4.0000e-05 1.3057e-04 1.7807e-04 1.3057e-04 1.9187e-01 0.0000e+00
559 0.0000e+00 1.9400e-05 1.3077e-04 1.5450e-04 1.3077e-04 1.9184e-01 0.0000e+00
560 0.0000e+00 0.0000e+00 1.3086e-04 1.3480e-04 1.3086e-04 1.9184e-01 0.0000e+00
561 0.0000e+00 0.0000e+00 1.3088e-04 1.1809e-04 1.3088e-04 1.9185e-01 0.0000e+00
562 0.0000e+00 0.0000e+00 1.3083e-04 1.0380e-04 1.3083e-04 1.9188e-01 0.0000e+00
563 0.0000e+00 0.0000e+00 1.3072e-04 9.1473e-05 1.3072e-04 1.9192e-01 0.0000e+00
564 0.0000e+00 0.0000e+00 1.3056e-04 8.0794e-05 1.3056e-04 1.9197e-01 0.0000e+00
565 5.0000e-04 0.0000e+00 1.4014e-04 1.1768e-04 1.3035e-04 1.9198e-01 9.7900e-06
566 0.0000e+00 0.0000e+00 1.3030e-04 9.9871e-05 1.3030e-04 1.9201e-01 0.0000e+00
567 0.0000e+00 0.0000e+00 1.3018e-04 8.7458e-05 1.3018e-04 1.9205e-01 0.0000e+00
568 0.0000e+00 0.0000e+00 1.3000e-04 7.6953e-05 1.3000e-04 1.9211e-01 0.0000e+00
569 0.0000e+00 0.0000e+00 1.2979e-04 6.7930e-05 1.2979e-04 1.9217e-01 0.0000e+00
570 0.0000e+00 0.0000e+00 1.2954e-04 6.0120e-05 1.2954e-04 1.9224e-01 0.0000e+00
571 0.0000e+00 0.0000e+00 1.2926e-04 5.3319e-05 1.2926e-04 1.9231e-01 0.0000e+00
572 0.0000e+00 0.0000e+00 1.2895e-04 4.7370e-05 1.2895e-04 1.9240e-01 0.0000e+00
573 3.0000e-03 3.0500e-05 2.0509e-04 4.0125e-04 1.2862e-04 1.9212e-01 7.6468e-05
574 1.0000e-03 5.8900e-05 1.5444e-04 4.3931e-04 1.2972e-04 1.9181e-01 2.4712e-05
575 2.5000e-03 8.3300e-05 1.9321e-04 6.6386e-04 1.3098e-04 1.9128e-01 6.2222e-05
576 3.5000e-03 1.0200e-04 2.2027e-04 9.6649e-04 1.3318e-04 1.9045e-01 8.7089e-05
577 1.5000e-03 1.1290e-04 1.7233e-04 9.7732e-04 1.3670e-04 1.8961e-01 3.5634e-05
578 0.0000e+00 1.1780e-04 1.4034e-04 8.3418e-04 1.4034e-04 1.8891e-01 0.0000e+00
579 0.0000e+00 1.1290e-04 1.4341e-04 7.2464e-04 1.4341e-04 1.8833e-01 0.0000e+00
580 0.0000e+00 1.0200e-04 1.4604e-04 6.3240e-04 1.4604e-04 1.8785e-01 0.0000e+00
581 0.0000e+00 8.3300e-05 1.4828e-04 5.5385e-04 1.4828e-04 1.8744e-01 0.0000e+00
582 0.0000e+00 5.8900e-05 1.5017e-04 4.8640e-04 1.5017e-04 1.8710e-01 0.0000e+00
583 0.0000e+00 2.8500e-05 1.5176e-04 4.2812e-04 1.5176e-04 1.8683e-01 0.0000e+00
584 0.0000e+00 0.0000e+00 1.5307e-04 3.7753e-04 1.5307e-04 1.8660e-01 0.0000e+00
585 0.0000e+00 0.0000e+00 1.5415e-04 3.3345e-04 1.5415e-04 1.8642e-01 0.0000e+00
586 0.0000e+00 0.0000e+00 1.5502e-04 2.9495e-04 1.5502e-04 1.8628e-01 0.0000e+00
587 0.0000e+00 0.0000e+00 1.5569e-04 2.6123e-04 1.5569e-04 1.8618e-01 0.0000e+00
588 0.0000e+00 0.0000e+00 1.5621e-04 2.3164e-04 1.5621e-04 1.8610e-01 0.0000e+00
589 5.0000e-04 0.0000e+00 1.5658e-04 2.0563e-04 1.5658e-04 1.8605e-01 0.0000e+00
590 0.0000e+00 0.0000e+00 1.5682e-04 1.8273e-04 1.5682e-04 1.8603e-01 0.0000e+00
591 0.0000e+00 0.0000e+00 1.5694e-04 1.6254e-04 1.5694e-04 1.8602e-01 0.0000e+00
592 5.0000e-04 0.0000e+00 1.6683e-04 1.9342e-04 1.5697e-04 1.8599e-01 9.8613e-06
593 0.0000e+00 0.0000e+00 1.5715e-04 1.6685e-04 1.5715e-04 1.8598e-01 0.0000e+00
594 1.0000e-03 0.0000e+00 1.8269e-04 2.7306e-04 1.5720e-04 1.8586e-01 2.5489e-05
595 0.0000e+00 0.0000e+00 1.5777e-04 2.2824e-04 1.5777e-04 1.8579e-01 0.0000e+00
596 0.0000e+00 0.0000e+00 1.5812e-04 1.9860e-04 1.5812e-04 1.8575e-01 0.0000e+00
597 0.0000e+00 6.2600e-05 1.5832e-04 1.7393e-04 1.5832e-04 1.8573e-01 0.0000e+00
598 0.0000e+00 1.2080e-04 1.5839e-04 1.5300e-04 1.5839e-04 1.8574e-01 0.0000e+00
599 0.0000e+00 1.7090e-04 1.5837e-04 1.3501e-04 1.5837e-04 1.8576e-01 0.0000e+00
600 0.0000e+00 2.0930e-04 1.5825e-04 1.1943e-04 1.5825e-04 1.8580e-01 0.0000e+00
601 0.0000e+00 2.3150e-04 1.5806e-04 1.0585e-04 1.5806e-04 1.8585e-01 0.0000e+00
602 0.0000e+00 2.4180e-04 1.5780e-04 9.3976e-05 1.5780e-04 1.8592e-01 0.0000e+00
603 0.0000e+00 2.3150e-04 1.5749e-04 8.3553e-05 1.5749e-04 1.8599e-01 0.0000e+00
604 0.0000e+00 2.0930e-04 1.5712e-04 7.4381e-05 1.5712e-04 1.8607e-01 0.0000e+00
605 0.0000e+00 1.7090e-04 1.5672e-04 6.6292e-05 1.5672e-04 1.8616e-01 0.0000e+00
606 0.0000e+00 1.2080e-04 1.5628e-04 5.9146e-05 1.5628e-04 1.8626e-01 0.0000e+00
607 0.0000e+00 5.8500e-05 1.5580e-04 5.2822e-05 1.5580e-04 1.8636e-01 0.0000e+00
608 0.0000e+00 0.0000e+00 1.5530e-04 4.7218e-05 1.5530e-04 1.8647e-01 0.0000e+00
609 0.0000e+00 0.0000e+00 1.5478e-04 4.2244e-05 1.5478e-04 1.8659e-01 0.0000e+00
610 0.0000e+00 0.0000e+00 1.5424e-04 3.7824e-05 1.5424e-04 1.8670e-01 0.0000e+00
611 0.0000e+00 0.0000e+00 1.5368e-04 3.3892e-05 1.5368e-04 1.8682e-01 0.0000e+00
612 0.0000e+00 0.0000e+00 1.5310e-04 3.0391e-05 1.5310e-04 1.8694e-01 0.0000e+00
613 0.0000e+00 0.0000e+00 1.5252e-04 2.7271e-05 1.5252e-04 1.8707e-01 0.0000e+00
614 0.0000e+00 0.0000e+00 1.5192e-04 2.4486e-05 1.5192e-04 1.8720e-01 0.0000e+00
615 0.0000e+00 0.0000e+00 1.5132e-04 2.2000e-05 1.5132e-04 1.8733e-01 0.0000e+00
616 0.0000e+00 0.0000e+00 1.5071e-04 1.9778e-05 1.5071e-04 1.8746e-01 0.0000e+00
617 0.0000e+00 0.0000e+00 1.5009e-04 1.7791e-05 1.5009e-04 1.8759e-01 0.0000e+00
618 0.0000e+00 0.0000e+00 1.4947e-04 1.6012e-05 1.4947e-04 1.8772e-01 0.0000e+00
619 0.0000e+00 0.0000e+00 1.4885e-04 1.4419e-05 1.4885e-04 1.8786e-01 0.0000e+00
620 0.0000e+00 0.0000e+00 1.4822e-04 1.2992e-05 1.4822e-04 1.8799e-01 0.0000e+00
621 0.0000e+00 1.4200e-05 1.4760e-04 1.1711e-05 1.4760e-04 1.8813e-01 0.0000e+00
622 0.0000e+00 2.7500e-05 1.4697e-04 1.0562e-05 1.4697e-04 1.8826e-01 0.0000e+00
623 0.0000e+00 3.8900e-05 1.4635e-04 9.5300e-06 1.4635e-04 1.8840e-01 0.0000e+00
624 1.0000e-03 4.7600e-05 1.4572e-04 8.6028e-06 1.4572e-04 1.8854e-01 0.0000e+00
625 1.0000e-03 5.2700e-05 1.4707e-04 1.7314e-05 1.4510e-04 1.8867e-01 1.9707e-06
626 3.0000e-03 5.5000e-05 2.1965e-04 3.7797e-04 1.4452e-04 1.8843e-01 7.5124e-05
627 2.0000e-03 5.2700e-05 1.9516e-04 5.3797e-04 1.4558e-04 1.8804e-01 4.9577e-05
628 1.5000e-03 4.7600e-05 1.8427e-04 6.2208e-04 1.4738e-04 1.8757e-01 3.6891e-05
629 3.5000e-03 3.8900e-05 2.3758e-04 9.5015e-04 1.4958e-04 1.8677e-01 8.7999e-05
630 4.0000e-03 2.7500e-05 2.5433e-04 1.2827e-03 1.5337e-04 1.8564e-01 1.0097e-04
631 5.0000e-03 1.3300e-05 2.8562e-04 1.6974e-03 1.5888e-04 1.8410e-01 1.2675e-04
632 0.0000e+00 0.0000e+00 1.6670e-04 1.4195e-03 1.6670e-04 1.8284e-01 0.0000e+00
633 0.0000e+00 0.0000e+00 1.7336e-04 1.2250e-03 1.7336e-04 1.8179e-01 0.0000e+00
634 1.0000e-03 0.0000e+00 2.0430e-04 1.1918e-03 1.7915e-04 1.8078e-01 2.5150e-05
635 2.5000e-03 0.0000e+00 2.4864e-04 1.3553e-03 1.8491e-04 1.7961e-01 6.3723e-05
636 3.5000e-03 0.0000e+00 2.8101e-04 1.6147e-03 1.9180e-04 1.7819e-01 8.9212e-05
637 3.0000e-03 0.0000e+00 2.7699e-04 1.7619e-03 2.0052e-04 1.7663e-01 7.6468e-05
638 0.0000e+00 0.0000e+00 2.1055e-04 1.4861e-03 2.1055e-04 1.7535e-01 0.0000e+00
639 5.0000e-04 0.0000e+00 2.3185e-04 1.3535e-03 2.1911e-04 1.7422e-01 1.2745e-05
640 0.0000e+00 0.0000e+00 2.2702e-04 1.1683e-03 2.2702e-04 1.7327e-01 0.0000e+00
641 5.0000e-04 0.0000e+00 2.4654e-04 1.0873e-03 2.3379e-04 1.7242e-01 1.2745e-05
642 0.0000e+00 0.0000e+00 2.4011e-04 9.3936e-04 2.4011e-04 1.7172e-01 0.0000e+00
643 5.0000e-04 0.0000e+00 2.6207e-04 8.8725e-04 2.4542e-04 1.7108e-01 1.6653e-05
644 0.0000e+00 0.0000e+00 2.5039e-04 7.6828e-04 2.5039e-04 1.7056e-01 0.0000e+00
645 0.0000e+00 1.6900e-05 2.5447e-04 6.7064e-04 2.5447e-04 1.7015e-01 0.0000e+00
646 0.0000e+00 3.2600e-05 2.5781e-04 5.8672e-04 2.5781e-04 1.6982e-01 0.0000e+00
647 0.0000e+00 4.6100e-05 2.6047e-04 5.1415e-04 2.6047e-04 1.6956e-01 0.0000e+00
648 0.0000e+00 5.6400e-05 2.6254e-04 4.5120e-04 2.6254e-04 1.6937e-01 0.0000e+00
649 0.0000e+00 6.2400e-05 2.6409e-04 3.9647e-04 2.6409e-04 1.6924e-01 0.0000e+00
650 0.0000e+00 6.5200e-05 2.6519e-04 3.4879e-04 2.6519e-04 1.6916e-01 0.0000e+00
651 0.0000e+00 6.2400e-05 2.6588e-04 3.0719e-04 2.6588e-04 1.6912e-01 0.0000e+00
652 0.0000e+00 5.6400e-05 2.6623e-04 2.7084e-04 2.6623e-04 1.6911e-01 0.0000e+00
653 0.0000e+00 4.6100e-05 2.6627e-04 2.3904e-04 2.6627e-04 1.6914e-01 0.0000e+00
654 0.0000e+00 3.2600e-05 2.6604e-04 2.1117e-04 2.6604e-04 1.6919e-01 0.0000e+00
655 0.0000e+00 1.5800e-05 2.6558e-04 1.8673e-04 2.6558e-04 1.6927e-01 0.0000e+00
656 0.0000e+00 0.0000e+00 2.6493e-04 1.6527e-04 2.6493e-04 1.6937e-01 0.0000e+00
657 0.0000e+00 0.0000e+00 2.6411e-04 1.4641e-04 2.6411e-04 1.6949e-01 0.0000e+00
658 0.0000e+00 0.0000e+00 2.6314e-04 1.2981e-04 2.6314e-04 1.6962e-01 0.0000e+00
659 0.0000e+00 0.0000e+00 2.6204e-04 1.1518e-04 2.6204e-04 1.6977e-01 0.0000e+00
660 0.0000e+00 0.0000e+00 2.6084e-04 1.0229e-04 2.6084e-04 1.6993e-01 0.0000e+00
661 0.0000e+00 0.0000e+00 2.5955e-04 9.0915e-05 2.5955e-04 1.7010e-01 0.0000e+00
662 0.0000e+00 0.0000e+00 2.5819e-04 8.0865e-05 2.5819e-04 1.7028e-01 0.0000e+00
663 0.0000e+00 0.0000e+00 2.5676e-04 7.1980e-05 2.5676e-04 1.7046e-01 0.0000e+00
664 0.0000e+00 0.0000e+00 2.5528e-04 6.4117e-05 2.5528e-04 1.7065e-01 0.0000e+00
665 0.0000e+00 0.0000e+00 2.5376e-04 5.7154e-05 2.5376e-04 1.7085e-01 0.0000e+00
666 5.0000e-04 0.0000e+00 2.5252e-04 5.2252e-05 2.5221e-04 1.7105e-01 3.1541e-07
667 0.0000e+00 0.0000e+00 2.5064e-04 4.6466e-05 2.5064e-04 1.7125e-01 0.0000e+00
668 5.0000e-04 0.0000e+00 2.6605e-04 1.0964e-04 2.4904e-04 1.7139e-01 1.7011e-05
669 5.0000e-04 1.5300e-05 2.6497e-04 1.5684e-04 2.4796e-04 1.7148e-01 1.7011e-05
670 0.0000e+00 2.9500e-05 2.4726e-04 1.2800e-04 2.4726e-04 1.7160e-01 0.0000e+00
671 1.0000e-03 4.1700e-05 2.7883e-04 2.3898e-04 2.4634e-04 1.7161e-01 3.2499e-05
672 0.0000e+00 5.1100e-05 2.4628e-04 1.9312e-04 2.4628e-04 1.7166e-01 0.0000e+00
673 0.0000e+00 5.6500e-05 2.4587e-04 1.6412e-04 2.4587e-04 1.7174e-01 0.0000e+00
674 0.0000e+00 5.9000e-05 2.4524e-04 1.4091e-04 2.4524e-04 1.7185e-01 0.0000e+00
675 5.0000e-04 5.6500e-05 2.5286e-04 1.6261e-04 2.4444e-04 1.7193e-01 8.4129e-06
676 5.0000e-04 5.1100e-05 2.5664e-04 1.9789e-04 2.4382e-04 1.7198e-01 1.2816e-05
677 0.0000e+00 4.1700e-05 2.4347e-04 1.6316e-04 2.4347e-04 1.7206e-01 0.0000e+00
678 0.0000e+00 2.9500e-05 2.4286e-04 1.4003e-04 2.4286e-04 1.7216e-01 0.0000e+00
679 1.0000e-03 1.4300e-05 2.6757e-04 2.4338e-04 2.4208e-04 1.7216e-01 2.5492e-05
680 1.0000e-03 0.0000e+00 2.7127e-04 3.3295e-04 2.4209e-04 1.7207e-01 2.9175e-05
681 0.0000e+00 0.0000e+00 2.4278e-04 2.6968e-04 2.4278e-04 1.7204e-01 0.0000e+00
682 0.0000e+00 0.0000e+00 2.4298e-04 2.2955e-04 2.4298e-04 1.7205e-01 0.0000e+00
683 0.0000e+00 0.0000e+00 2.4288e-04 1.9727e-04 2.4288e-04 1.7210e-01 0.0000e+00
684 0.0000e+00 0.0000e+00 2.4254e-04 1.7049e-04 2.4254e-04 1.7217e-01 0.0000e+00
685 0.0000e+00 0.0000e+00 2.4199e-04 1.4797e-04 2.4199e-04 1.7227e-01 0.0000e+00
686 0.0000e+00 0.0000e+00 2.4128e-04 1.2887e-04 2.4128e-04 1.7238e-01 0.0000e+00
687 0.0000e+00 0.0000e+00 2.4043e-04 1.1256e-04 2.4043e-04 1.7251e-01 0.0000e+00
688 0.0000e+00 0.0000e+00 2.3948e-04 9.8557e-05 2.3948e-04 1.7265e-01 0.0000e+00
689 0.0000e+00 0.0000e+00 2.3842e-04 8.6477e-05 2.3842e-04 1.7280e-01 0.0000e+00
690 0.0000e+00 0.0000e+00 2.3729e-04 7.6022e-05 2.3729e-04 1.7296e-01 0.0000e+00
691 0.0000e+00 0.0000e+00 2.3610e-04 6.6944e-05 2.3610e-04 1.7313e-01 0.0000e+00
692 0.0000e+00 0.0000e+00 2.3486e-04 5.9041e-05 2.3486e-04 1.7331e-01 0.0000e+00
693 0.0000e+00 5.6100e-05 2.3357e-04 5.2144e-05 2.3357e-04 1.7349e-01 0.0000e+00
694 0.0000e+00 1.0830e-04 2.3225e-04 4.6114e-05 2.3225e-04 1.7367e-01 0.0000e+00
695 0.0000e+00 1.5320e-04 2.3090e-04 4.0830e-05 2.3090e-04 1.7386e-01 0.0000e+00
696 0.0000e+00 1.8770e-04 2.2953e-04 3.6193e-05 2.2953e-04 1.7406e-01 0.0000e+00
697 0.0000e+00 2.0760e-04 2.2815e-04 3.2118e-05 2.2815e-04 1.7425e-01 0.0000e+00
698 0.0000e+00 2.1680e-04 2.2676e-04 2.8530e-05 2.2676e-04 1.7445e-01 0.0000e+00
699 0.0000e+00 2.0760e-04 2.2536e-04 2.5367e-05 2.2536e-04 1.7465e-01 0.0000e+00
700 5.0000e-04 1.8770e-04 2.2395e-04 2.2576e-05 2.2395e-04 1.7485e-01 0.0000e+00
701 0.0000e+00 1.5320e-04 2.2255e-04 2.0109e-05 2.2255e-04 1.7505e-01 0.0000e+00
702 0.0000e+00 1.0830e-04 2.2115e-04 1.7927e-05 2.2115e-04 1.7526e-01 0.0000e+00
703 0.0000e+00 5.2400e-05 2.1975e-04 1.5994e-05 2.1975e-04 1.7546e-01 0.0000e+00
704 0.0000e+00 0.0000e+00 2.1835e-04 1.4280e-05 2.1835e-04 1.7567e-01 0.0000e+00
705 0.0000e+00 0.0000e+00 2.1696e-04 1.2760e-05 2.1696e-04 1.7587e-01 0.0000e+00
706 0.0000e+00 0.0000e+00 2.1558e-04 1.1409e-05 2.1558e-04 1.7607e-01 0.0000e+00
707 0.0000e+00 0.0000e+00 2.1421e-04 1.0208e-05 2.1421e-04 1.7628e-01 0.0000e+00
708 0.0000e+00 0.0000e+00 2.1285e-04 9.1395e-06 2.1285e-04 1.7648e-01 0.0000e+00
709 0.0000e+00 0.0000e+00 2.1150e-04 8.1882e-06 2.1150e-04 1.7668e-01 0.0000e+00
710 0.0000e+00 0.0000e+00 2.1016e-04 7.3405e-06 2.1016e-04 1.7689e-01 0.0000e+00
711 0.0000e+00 0.0000e+00 2.0883e-04 6.5844e-06 2.0883e-04 1.7709e-01 0.0000e+00
712 0.0000e+00 0.0000e+00 2.0752e-04 5.9096e-06 2.0752e-04 1.7729e-01 0.0000e+00
713 0.0000e+00 0.0000e+00 2.0621e-04 5.3068e-06 2.0621e-04 1.7749e-01 0.0000e+00
714 0.0000e+00 0.0000e+00 2.0492e-04 4.7682e-06 2.0492e-04 1.7769e-01 0.0000e+00
715 0.0000e+00 0.0000e+00 2.0365e-04 4.2864e-06 2.0365e-04 1.7789e-01 0.0000e+00
716 0.0000e+00 0.0000e+00 2.0238e-04 3.8553e-06 2.0238e-04 1.7809e-01 0.0000e+00
717 0.0000e+00 8.5600e-05 2.0113e-04 3.4693e-06 2.0113e-04 1.7829e-01 0.0000e+00
718 0.0000e+00 1.6520e-04 1.9989e-04 3.1224e-06 1.9989e-04 1.7848e-01 0.0000e+00
719 0.0000e+00 2.3380e-04 1.9866e-04 2.8126e-06 1.9866e-04 1.7868e-01 0.0000e+00
720 0.0000e+00 2.8620e-04 1.9745e-04 2.5346e-06 1.9745e-04 1.7888e-01 0.0000e+00
721 0.0000e+00 3.1670e-04 1.9625e-04 2.2851e-06 1.9625e-04 1.7907e-01 0.0000e+00
722 0.0000e+00 3.3060e-04 1.9507e-04 2.0611e-06 1.9507e-04 1.7926e-01 0.0000e+00
723 0.0000e+00 3.1670e-04 1.9389e-04 1.8598e-06 1.9389e-04 1.7945e-01 0.0000e+00
724 0.0000e+00 2.8620e-04 1.9273e-04 1.6789e-06 1.9273e-04 1.7965e-01 0.0000e+00
725 0.0000e+00 2.3380e-04 1.9159e-04 1.5162e-06 1.9159e-04 1.7984e-01 0.0000e+00
726 0.0000e+00 1.6520e-04 1.9045e-04 1.3697e-06 1.9045e-04 1.8002e-01 0.0000e+00
727 0.0000e+00 8.0000e-05 1.8933e-04 1.2379e-06 1.8933e-04 1.8021e-01 0.0000e+00
728 0.0000e+00 0.0000e+00 1.8822e-04 1.1193e-06 1.8822e-04 1.8040e-01 0.0000e+00
729 0.0000e+00 0.0000e+00 1.8712e-04 1.0123e-06 1.8712e-04 1.8059e-01 0.0000e+00
730 0.0000e+00 0.0000e+00 1.8604e-04 9.1496e-07 1.8604e-04 1.8077e-01 0.0000e+00
731 0.0000e+00 0.0000e+00 1.8497e-04 8.2821e-07 1.8497e-04 1.8096e-01 0.0000e+00
732 0.0000e+00 0.0000e+00 1.8390e-04 7.4994e-07 1.8390e-04 1.8114e-01 0.0000e+00
733 0.0000e+00 0.0000e+00 1.8285e-04 6.7930e-07 1.8285e-04 1.8132e-01 0.0000e+00
734 0.0000e+00 0.0000e+00 1.8182e-04 6.1551e-07 1.8182e-04 1.8150e-01 0.0000e+00
735 0.0000e+00 0.0000e+00 1.8079e-04 5.5789e-07 1.8079e-04 1.8168e-01 0.0000e+00
736 0.0000e+00 0.0000e+00 1.7977e-04 5.0582e-07 1.7977e-04 1.8186e-01 0.0000e+00
737 0.0000e+00 0.0000e+00 1.7877e-04 4.5875e-07 1.7877e-04 1.8204e-01 0.0000e+00
738 0.0000e+00 0.0000e+00 1.7778e-04 4.1619e-07 1.7778e-04 1.8222e-01 0.0000e+00
739 0.0000e+00 0.0000e+00 1.7679e-04 3.7770e-07 1.7679e-04 1.8239e-01 0.0000e+00
740 0.0000e+00 0.0000e+00 1.7582e-04 3.4286e-07 1.7582e-04 1.8257e-01 0.0000e+00
741 0.0000e+00 7.4700e-05 1.7486e-04 3.1133e-07 1.7486e-04 1.8274e-01 0.0000e+00
742 0.0000e+00 1.4410e-04 1.7391e-04 2.8157e-07 1.7391e-04 1.8292e-01 0.0000e+00
743 0.0000e+00 2.0380e-04 1.7297e-04 2.5588e-07 1.7297e-04 1.8309e-01 0.0000e+00
744 0.0000e+00 2.4960e-04 1.7204e-04 2.3260e-07 1.7204e-04 1.8326e-01 0.0000e+00
745 0.0000e+00 2.7610e-04 1.7112e-04 2.1149e-07 1.7112e-04 1.8343e-01 0.0000e+00
746 0.0000e+00 2.8830e-04 1.7020e-04 1.9234e-07 1.7020e-04 1.8360e-01 0.0000e+00
747 0.0000e+00 2.7610e-04 1.6930e-04 1.7497e-07 1.6930e-04 1.8377e-01 0.0000e+00
748 0.0000e+00 2.4960e-04 1.6841e-04 1.5921e-07 1.6841e-04 1.8394e-01 0.0000e+00
749 0.0000e+00 2.0380e-04 1.6753e-04 1.4491e-07 1.6753e-04 1.8411e-01 0.0000e+00
750 0.0000e+00 1.4410e-04 1.6665e-04 1.3192e-07 1.6665e-04 1.8427e-01 0.0000e+00
751 0.0000e+00 6.9800e-05 1.6579e-04 1.2012e-07 1.6579e-04 1.8444e-01 0.0000e+00
752 0.0000e+00 0.0000e+00 1.6493e-04 1.0941e-07 1.6493e-04 1.8460e-01 0.0000e+00
753 0.0000e+00 0.0000e+00 1.6408e-04 9.7969e-08 1.6408e-04 1.8477e-01 0.0000e+00
754 0.0000e+00 0.0000e+00 1.6325e-04 8.9332e-08 1.6325e-04 1.8493e-01 0.0000e+00
755 0.0000e+00 0.0000e+00 1.6242e-04 8.1472e-08 1.6242e-04 1.8509e-01 0.0000e+00
756 0.0000e+00 0.0000e+00 1.6159e-04 7.4319e-08 1.6159e-04 1.8526e-01 0.0000e+00
757 0.0000e+00 0.0000e+00 1.6078e-04 6.7806e-08 1.6078e-04 1.8542e-01 0.0000e+00
758 0.0000e+00 0.0000e+00 1.5997e-04 6.1876e-08 1.5997e-04 1.8558e-01 0.0000e+00
759 0.0000e+00 0.0000e+00 1.5918e-04 5.6475e-08 1.5918e-04 1.8574e-01 0.0000e+00
760 0.0000e+00 0.0000e+00 1.5839e-04 5.1555e-08 1.5839e-04 1.8589e-01 0.0000e+00
761 0.0000e+00 0.0000e+00 1.5761e-04 4.7073e-08 1.5761e-04 1.8605e-01 0.0000e+00
762 0.0000e+00 0.0000e+00 1.5683e-04 4.2988e-08 1.5683e-04 1.8621e-01 0.0000e+00
763 0.0000e+00 0.0000e+00 1.5607e-04 3.9264e-08 1.5607e-04 1.8636e-01 0.0000e+00
764 0.0000e+00 0.0000e+00 1.5531e-04 3.5870e-08 1.5531e-04 1.8652e-01 0.0000e+00
765 0.0000e+00 9.6700e-05 1.5455e-04 3.1084e-08 1.5455e-04 1.8667e-01 0.0000e+00
766 0.0000e+00 1.8660e-04 1.5381e-04 2.8446e-08 1.5381e-04 1.8683e-01 0.0000e+00
767 0.0000e+00 2.6400e-04 1.5307e-04 2.6037e-08 1.5307e-04 1.8698e-01 0.0000e+00
768 0.0000e+00 3.2330e-04 1.5234e-04 2.3834e-08 1.5234e-04 1.8713e-01 0.0000e+00
769 0.0000e+00 3.5770e-04 1.5162e-04 2.1821e-08 1.5162e-04 1.8728e-01 0.0000e+00
770 0.0000e+00 3.7350e-04 1.5090e-04 1.9981e-08 1.5090e-04 1.8744e-01 0.0000e+00
771 0.0000e+00 3.5770e-04 1.5019e-04 1.8298e-08 1.5019e-04 1.8759e-01 0.0000e+00
772 0.0000e+00 3.2330e-04 1.4949e-04 1.6760e-08 1.4949e-04 1.8773e-01 0.0000e+00
773 0.0000e+00 2.6400e-04 1.4879e-04 1.5353e-08 1.4879e-04 1.8788e-01 0.0000e+00
774 0.0000e+00 1.8660e-04 1.4810e-04 1.4065e-08 1.4810e-04 1.8803e-01 0.0000e+00
775 0.0000e+00 9.0400e-05 1.4742e-04 1.2888e-08 1.4742e-04 1.8818e-01 0.0000e+00
776 0.0000e+00 0.0000e+00 1.4674e-04 1.1810e-08 1.4674e-04 1.8833e-01 0.0000e+00
777 0.0000e+00 0.0000e+00 1.4607e-04 9.4183e-09 1.4607e-04 1.8847e-01 0.0000e+00
778 0.0000e+00 0.0000e+00 1.4540e-04 8.6531e-09 1.4540e-04 1.8862e-01 0.0000e+00
779 0.0000e+00 0.0000e+00 1.4475e-04 7.9509e-09 1.4475e-04 1.8876e-01 0.0000e+00
780 0.0000e+00 0.0000e+00 1.4409e-04 7.3064e-09 1.4409e-04 1.8891e-01 0.0000e+00
781 0.0000e+00 0.0000e+00 1.4345e-04 6.7147e-09 1.4345e-04 1.8905e-01 0.0000e+00
782 0.0000e+00 0.0000e+00 1.4280e-04 6.1715e-09 1.4280e-04 1.8919e-01 0.0000e+00
783 0.0000e+00 0.0000e+00 1.4217e-04 5.6728e-09 1.4217e-04 1.8933e-01 0.0000e+00
784 0.0000e+00 0.0000e+00 1.4154e-04 5.2149e-09 1.4154e-04 1.8948e-01 0.0000e+00
785 0.0000e+00 0.0000e+00 1.4091e-04 4.7943e-09 1.4091e-04 1.8962e-01 0.0000e+00
786 0.0000e+00 0.0000e+00 1.4029e-04 4.4081e-09 1.4029e-04 1.8976e-01 0.0000e+00
787 0.0000e+00 0.0000e+00 1.3968e-04 4.0534e-09 1.3968e-04 1.8990e-01 0.0000e+00
788 0.0000e+00 0.0000e+00 1.3907e-04 3.7276e-09 1.3907e-04 1.9004e-01 0.0000e+00
789 0.0000e+00 1.2590e-04 1.3847e-04 2.4647e-09 1.3847e-04 1.9017e-01 0.0000e+00
790 0.0000e+00 2.4290e-04 1.3787e-04 2.2743e-09 1.3787e-04 1.9031e-01 0.0000e+00
791 0.0000e+00 3.4370e-04 1.3728e-04 2.0988e-09 1.3728e-04 1.9045e-01 0.0000e+00
792 0.0000e+00 4.2090e-04 1.3669e-04 1.9369e-09 1.3669e-04 1.9059e-01 0.0000e+00
793 0.0000e+00 4.6560e-04 1.3611e-04 1.7876e-09 1.3611e-04 1.9072e-01 0.0000e+00
794 0.0000e+00 4.8620e-04 1.3553e-04 1.6500e-09 1.3553e-04 1.9086e-01 0.0000e+00
795 0.0000e+00 4.6560e-04 1.3496e-04 1.5230e-09 1.3496e-04 1.9099e-01 0.0000e+00
796 0.0000e+00 4.2090e-04 1.3439e-04 1.4059e-09 1.3439e-04 1.9113e-01 0.0000e+00
797 0.0000e+00 3.4370e-04 1.3383e-04 1.2979e-09 1.3383e-04 1.9126e-01 0.0000e+00
798 0.0000e+00 2.4290e-04 1.3327e-04 1.1982e-09 1.3327e-04 1.9139e-01 0.0000e+00
799 0.0000e+00 1.1760e-04 1.3271e-04 1.1063e-09 1.3271e-04 1.9153e-01 0.0000e+00
800 0.0000e+00 0.0000e+00 1.3216e-04 1.0215e-09 1.3216e-04 1.9166e-01 0.0000e+00
801 0.0000e+00 0.0000e+00 1.3162e-04 9.4322e-10 1.3162e-04 1.9179e-01 0.0000e+00
802 0.0000e+00 0.0000e+00 1.3108e-04 4.1737e-10 1.3108e-04 1.9192e-01 0.0000e+00
803 0.0000e+00 0.0000e+00 1.3054e-04 3.8697e-10 1.3054e-04 1.9205e-01 0.0000e+00
804 0.0000e+00 0.0000e+00 1.3001e-04 3.5880e-10 1.3001e-04 1.9218e-01 0.0000e+00
805 0.0000e+00 0.0000e+00 1.2949e-04 3.3269e-10 1.2949e-04 1.9231e-01 0.0000e+00
806 0.0000e+00 0.0000e+00 1.2896e-04 3.0850e-10 1.2896e-04 1.9244e-01 0.0000e+00
807 0.0000e+00 0.0000e+00 1.2844e-04 2.8607e-10 1.2844e-04 1.9257e-01 0.0000e+00
808 0.0000e+00 0.0000e+00 1.2793e-04 2.6529e-10 1.2793e-04 1.9270e-01 0.0000e+00
809 0.0000e+00 0.0000e+00 1.2742e-04 2.4603e-10 1.2742e-04 1.9282e-01 0.0000e+00
810 0.0000e+00 0.0000e+00 1.2691e-04 2.2818e-10 1.2691e-04 1.9295e-01 0.0000e+00
811 0.0000e+00 0.0000e+00 1.2641e-04 2.1163e-10 1.2641e-04 1.9308e-01 0.0000e+00
812 0.0000e+00 0.0000e+00 1.2591e-04 1.9629e-10 1.2591e-04 1.9320e-01 0.0000e+00
813 0.0000e+00 3.0400e-05 1.2542e-04 1.8207e-10 1.2542e-04 1.9333e-01 0.0000e+00
814 0.0000e+00 5.8700e-05 1.2493e-04 2.9213e-11 1.2493e-04 1.9345e-01 0.0000e+00
815 0.0000e+00 8.3100e-05 1.2444e-04 2.7225e-11 1.2444e-04 1.9358e-01 0.0000e+00
816 0.0000e+00 1.0180e-04 1.2396e-04 2.5374e-11 1.2396e-04 1.9370e-01 0.0000e+00
817 0.0000e+00 1.1260e-04 1.2348e-04 2.3649e-11 1.2348e-04 1.9383e-01 0.0000e+00
818 0.0000e+00 1.1760e-04 1.2300e-04 2.2041e-11 1.2300e-04 1.9395e-01 0.0000e+00
819 0.0000e+00 1.1260e-04 1.2253e-04 2.0544e-11 1.2253e-04 1.9407e-01 0.0000e+00
820 0.0000e+00 1.0180e-04 1.2206e-04 1.9149e-11 1.2206e-04 1.9419e-01 0.0000e+00
821 0.0000e+00 8.3100e-05 1.2160e-04 1.7850e-11 1.2160e-04 1.9432e-01 0.0000e+00
822 0.0000e+00 5.8700e-05 1.2114e-04 1.6639e-11 1.2114e-04 1.9444e-01 0.0000e+00
823 0.0000e+00 2.8400e-05 1.2068e-04 1.5510e-11 1.2068e-04 1.9456e-01 0.0000e+00
824 0.0000e+00 0.0000e+00 1.2022e-04 1.4459e-11 1.2022e-04 1.9468e-01 0.0000e+00
825 0.0000e+00 0.0000e+00 1.1977e-04 1.3479e-11 1.1977e-04 1.9480e-01 0.0000e+00
826 0.0000e+00 0.0000e+00 1.1933e-04 1.2567e-11 1.1933e-04 1.9492e-01 0.0000e+00
827 0.0000e+00 0.0000e+00 1.1888e-04 0.0000e+00 1.1888e-04 1.9504e-01 0.0000e+00
828 0.0000e+00 0.0000e+00 1.1844e-04 0.0000e+00 1.1844e-04 1.9515e-01 0.0000e+00
829 0.0000e+00 0.0000e+00 1.1800e-04 0.0000e+00 1.1800e-04 1.9527e-01 0.0000e+00
830 0.0000e+00 0.0000e+00 1.1757e-04 0.0000e+00 1.1757e-04 1.9539e-01 0.0000e+00
831 0.0000e+00 0.0000e+00 1.1714e-04 0.0000e+00 1.1714e-04 1.9551e-01 0.0000e+00
832 0.0000e+00 0.0000e+00 1.1671e-04 0.0000e+00 1.1671e-04 1.9562e-01 0.0000e+00
833 0.0000e+00 0.0000e+00 1.1628e-04 0.0000e+00 1.1628e-04 1.9574e-01 0.0000e+00
834 0.0000e+00 0.0000e+00 1.1586e-04 0.0000e+00 1.1586e-04 1.9586e-01 0.0000e+00
835 0.0000e+00 0.0000e+00 1.1544e-04 0.0000e+00 1.1544e-04 1.9597e-01 0.0000e+00
836 0.0000e+00 0.0000e+00 1.1503e-04 0.0000e+00 1.1503e-04 1.9609e-01 0.0000e+00
837 0.0000e+00 6.6100e-05 1.1462e-04 0.0000e+00 1.1462e-04 1.9620e-01 0.0000e+00
838 0.0000e+00 1.2750e-04 1.1421e-04 0.0000e+00 1.1421e-04 1.9631e-01 0.0000e+00
839 0.0000e+00 1.8040e-04 1.1380e-04 0.0000e+00 1.1380e-04 1.9643e-01 0.0000e+00
840 0.0000e+00 2.2090e-04 1.1340e-04 0.0000e+00 1.1340e-04 1.9654e-01 0.0000e+00
841 0.0000e+00 2.4430e-04 1.1299e-04 0.0000e+00 1.1299e-04 1.9665e-01 0.0000e+00
842 0.0000e+00 2.5510e-04 1.1260e-04 0.0000e+00 1.1260e-04 1.9677e-01 0.0000e+00
843 0.0000e+00 2.4430e-04 1.1220e-04 0.0000e+00 1.1220e-04 1.9688e-01 0.0000e+00
844 0.0000e+00 2.2090e-04 1.1181e-04 0.0000e+00 1.1181e-04 1.9699e-01 0.0000e+00
845 0.0000e+00 1.8040e-04 1.1142e-04 0.0000e+00 1.1142e-04 1.9710e-01 0.0000e+00
846 0.0000e+00 1.2750e-04 1.1103e-04 0.0000e+00 1.1103e-04 1.9721e-01 0.0000e+00
847 0.0000e+00 6.1700e-05 1.1065e-04 0.0000e+00 1.1065e-04 1.9732e-01 0.0000e+00
848 0.0000e+00 0.0000e+00 1.1026e-04 0.0000e+00 1.1026e-04 1.9743e-01 0.0000e+00
849 0.0000e+00 0.0000e+00 1.0988e-04 0.0000e+00 1.0988e-04 1.9754e-01 0.0000e+00
850 0.0000e+00 0.0000e+00 1.0951e-04 0.0000e+00 1.0951e-04 1.9765e-01 0.0000e+00
851 0.0000e+00 0.0000e+00 1.0913e-04 0.0000e+00 1.0913e-04 1.9776e-01 0.0000e+00
852 0.0000e+00 0.0000e+00 1.0876e-04 0.0000e+00 1.0876e-04 1.9787e-01 0.0000e+00
853 0.0000e+00 0.0000e+00 1.0839e-04 0.0000e+00 1.0839e-04 1.9798e-01 0.0000e+00
854 0.0000e+00 0.0000e+00 1.0803e-04 0.0000e+00 1.0803e-04 1.9809e-01 0.0000e+00
855 0.0000e+00 0.0000e+00 1.0766e-04 0.0000e+00 1.0766e-04 1.9820e-01 0.0000e+00
856 0.0000e+00 0.0000e+00 1.0730e-04 0.0000e+00 1.0730e-04 1.9830e-01 0.0000e+00
857 0.0000e+00 0.0000e+00 1.0694e-04 0.0000e+00 1.0694e-04 1.9841e-01 0.0000e+00
858 0.0000e+00 0.0000e+00 1.0658e-04 0.0000e+00 1.0658e-04 1.9852e-01 0.0000e+00
859 0.0000e+00 0.0000e+00 1.0623e-04 0.0000e+00 1.0623e-04 1.9862e-01 0.0000e+00
860 0.0000e+00 0.0000e+00 1.0588e-04 0.0000e+00 1.0588e-04 1.9873e-01 0.0000e+00
861 0.0000e+00 9.7600e-05 1.0553e-04 0.0000e+00 1.0553e-04 1.9883e-01 0.0000e+00
862 0.0000e+00 1.8830e-04 1.0518e-04 0.0000e+00 1.0518e-04 1.9894e-01 0.0000e+00
863 0.0000e+00 2.6650e-04 1.0484e-04 0.0000e+00 1.0484e-04 1.9904e-01 0.0000e+00
864 0.0000e+00 3.2630e-04 1.0449e-04 0.0000e+00 1.0449e-04 1.9915e-01 0.0000e+00
865 0.0000e+00 3.6100e-04 1.0415e-04 0.0000e+00 1.0415e-04 1.9925e-01 0.0000e+00
866 0.0000e+00 3.7690e-04 1.0381e-04 0.0000e+00 1.0381e-04 1.9936e-01 0.0000e+00
867 0.0000e+00 3.6100e-04 1.0348e-04 0.0000e+00 1.0348e-04 1.9946e-01 0.0000e+00
868 0.0000e+00 3.2630e-04 1.0314e-04 0.0000e+00 1.0314e-04 1.9956e-01 0.0000e+00
869 0.0000e+00 2.6650e-04 1.0281e-04 0.0000e+00 1.0281e-04 1.9967e-01 0.0000e+00
870 0.0000e+00 1.8830e-04 1.0248e-04 0.0000e+00 1.0248e-04 1.9977e-01 0.0000e+00
871 0.0000e+00 9.1200e-05 1.0215e-04 0.0000e+00 1.0215e-04 1.9987e-01 0.0000e+00
872 0.0000e+00 0.0000e+00 1.0183e-04 0.0000e+00 1.0183e-04 1.9997e-01 0.0000e+00
873 0.0000e+00 0.0000e+00 1.0151e-04 0.0000e+00 1.0151e-04 2.0007e-01 0.0000e+00
874 0.0000e+00 0.0000e+00 1.0118e-04 0.0000e+00 1.0118e-04 2.0018e-01 0.0000e+00
875 0.0000e+00 0.0000e+00 1.0086e-04 0.0000e+00 1.0086e-04 2.0028e-01 0.0000e+00
876 0.0000e+00 0.0000e+00 1.0055e-04 0.0000e+00 1.0055e-04 2.0038e-01 0.0000e+00
877 0.0000e+00 0.0000e+00 1.0023e-04 0.0000e+00 1.0023e-04 2.0048e-01 0.0000e+00
878 0.0000e+00 0.0000e+00 9.9918e-05 0.0000e+00 9.9918e-05 2.0058e-01 0.0000e+00
879 0.0000e+00 0.0000e+00 9.9607e-05 0.0000e+00 9.9607e-05 2.0068e-01 0.0000e+00
880 0.0000e+00 0.0000e+00 9.9297e-05 0.0000e+00 9.9297e-05 2.0078e-01 0.0000e+00
881 0.0000e+00 0.0000e+00 9.8989e-05 0.0000e+00 9.8989e-05 2.0088e-01 0.0000e+00
882 0.0000e+00 0.0000e+00 9.8684e-05 0.0000e+00 9.8684e-05 2.0097e-01 0.0000e+00
883 0.0000e+00 0.0000e+00 9.8380e-05 0.0000e+00 9.8380e-05 2.0107e-01 0.0000e+00
884 0.0000e+00 0.0000e+00 9.8078e-05 0.0000e+00 9.8078e-05 2.0117e-01 0.0000e+00
885 0.0000e+00 6.4300e-05 9.7778e-05 0.0000e+00 9.7778e-05 2.0127e-01 0.0000e+00
886 0.0000e+00 1.2410e-04 9.7479e-05 0.0000e+00 9.7479e-05 2.0137e-01 0.0000e+00
887 0.0000e+00 1.7560e-04 9.7183e-05 0.0000e+00 9.7183e-05 2.0146e-01 0.0000e+00
888 0.0000e+00 2.1500e-04 9.6888e-05 0.0000e+00 9.6888e-05 2.0156e-01 0.0000e+00
889 0.0000e+00 2.3790e-04 9.6595e-05 0.0000e+00 9.6595e-05 2.0166e-01 0.0000e+00
890 0.0000e+00 2.4840e-04 9.6304e-05 0.0000e+00 9.6304e-05 2.0175e-01 0.0000e+00
891 0.0000e+00 2.3790e-04 9.6015e-05 0.0000e+00 9.6015e-05 2.0185e-01 0.0000e+00
892 0.0000e+00 2.1500e-04 9.5727e-05 0.0000e+00 9.5727e-05 2.0194e-01 0.0000e+00
893 0.0000e+00 1.7560e-04 9.5441e-05 0.0000e+00 9.5441e-05 2.0204e-01 0.0000e+00
894 0.0000e+00 1.2410e-04 9.5157e-05 0.0000e+00 9.5157e-05 2.0213e-01 0.0000e+00
895 0.0000e+00 6.0100e-05 9.4874e-05 0.0000e+00 9.4874e-05 2.0223e-01 0.0000e+00
896 0.0000e+00 0.0000e+00 9.4593e-05 0.0000e+00 9.4593e-05 2.0232e-01 0.0000e+00
897 0.0000e+00 0.0000e+00 9.4314e-05 0.0000e+00 9.4314e-05 2.0242e-01 0.0000e+00
898 0.0000e+00 0.0000e+00 9.4037e-05 0.0000e+00 9.4037e-05 2.0251e-01 0.0000e+00
899 0.0000e+00 0.0000e+00 9.3761e-05 0.0000e+00 9.3761e-05 2.0261e-01 0.0000e+00
900 0.0000e+00 0.0000e+00 9.3486e-05 0.0000e+00 9.3486e-05 2.0270e-01 0.0000e+00
901 0.0000e+00 0.0000e+00 9.3214e-05 0.0000e+00 9.3214e-05 2.0279e-01 0.0000e+00
902 0.0000e+00 0.0000e+00 9.2943e-05 0.0000e+00 9.2943e-05 2.0289e-01 0.0000e+00
903 0.0000e+00 0.0000e+00 9.2673e-05 0.0000e+00 9.2673e-05 2.0298e-01 0.0000e+00
904 0.0000e+00 0.0000e+00 9.2405e-05 0.0000e+00 9.2405e-05 2.0307e-01 0.0000e+00
905 0.0000e+00 0.0000e+00 9.2139e-05 0.0000e+00 9.2139e-05 2.0316e-01 0.0000e+00
906 0.0000e+00 0.0000e+00 9.1874e-05 0.0000e+00 9.1874e-05 2.0326e-01 0.0000e+00
907 0.0000e+00 0.0000e+00 9.1610e-05 0.0000e+00 9.1610e-05 2.0335e-01 0.0000e+00
908 0.0000e+00 0.0000e+00 9.1348e-05 0.0000e+00 9.1348e-05 2.0344e-01 0.0000e+00
909 0.0000e+00 8.0200e-05 9.1088e-05 0.0000e+00 9.1088e-05 2.0353e-01 0.0000e+00
910 0.0000e+00 1.5480e-04 9.0829e-05 0.0000e+00 9.0829e-05 2.0362e-01 0.0000e+00
911 0.0000e+00 2.1910e-04 9.0572e-05 0.0000e+00 9.0572e-05 2.0371e-01 0.0000e+00
912 0.0000e+00 2.6830e-04 9.0316e-05 0.0000e+00 9.0316e-05 2.0380e-01 0.0000e+00
913 0.0000e+00 2.9680e-04 9.0061e-05 0.0000e+00 9.0061e-05 2.0389e-01 0.0000e+00
914 0.0000e+00 3.0990e-04 8.9808e-05 0.0000e+00 8.9808e-05 2.0398e-01 0.0000e+00
915 0.0000e+00 2.9680e-04 8.9556e-05 0.0000e+00 8.9556e-05 2.0407e-01 0.0000e+00
916 0.0000e+00 2.6830e-04 8.9306e-05 0.0000e+00 8.9306e-05 2.0416e-01 0.0000e+00
917 0.0000e+00 2.1910e-04 8.9057e-05 0.0000e+00 8.9057e-05 2.0425e-01 0.0000e+00
918 0.0000e+00 1.5480e-04 8.8810e-05 0.0000e+00 8.8810e-05 2.0434e-01 0.0000e+00
919 0.0000e+00 7.5000e-05 8.8563e-05 0.0000e+00 8.8563e-05 2.0443e-01 0.0000e+00
920 0.0000e+00 0.0000e+00 8.8319e-05 0.0000e+00 8.8319e-05 2.0451e-01 0.0000e+00
921 0.0000e+00 0.0000e+00 8.8075e-05 0.0000e+00 8.8075e-05 2.0460e-01 0.0000e+00
922 0.0000e+00 0.0000e+00 8.7833e-05 0.0000e+00 8.7833e-05 2.0469e-01 0.0000e+00
923 0.0000e+00 0.0000e+00 8.7592e-05 0.0000e+00 8.7592e-05 2.0478e-01 0.0000e+00
924 0.0000e+00 0.0000e+00 8.7353e-05 0.0000e+00 8.7353e-05 2.0487e-01 0.0000e+00
925 0.0000e+00 0.0000e+00 8.7115e-05 0.0000e+00 8.7115e-05 2.0495e-01 0.0000e+00
926 0.0000e+00 0.0000e+00 8.6878e-05 0.0000e+00 8.6878e-05 2.0504e-01 0.0000e+00
927 0.0000e+00 0.0000e+00 8.6642e-05 0.0000e+00 8.6642e-05 2.0513e-01 0.0000e+00
928 0.0000e+00 0.0000e+00 8.6408e-05 0.0000e+00 8.6408e-05 2.0521e-01 0.0000e+00
929 0.0000e+00 0.0000e+00 8.6175e-05 0.0000e+00 8.6175e-05 2.0530e-01 0.0000e+00
930 0.0000e+00 0.0000e+00 8.5943e-05 0.0000e+00 8.5943e-05 2.0538e-01 0.0000e+00
931 0.0000e+00 0.0000e+00 8.5713e-05 0.0000e+00 8.5713e-05 2.0547e-01 0.0000e+00
932 0.0000e+00 0.0000e+00 8.5484e-05 0.0000e+00 8.5484e-05 2.0556e-01 0.0000e+00
933 0.0000e+00 9.6000e-05 8.5256e-05 0.0000e+00 8.5256e-05 2.0564e-01 0.0000e+00
934 0.0000e+00 1.8520e-04 8.5029e-05 0.0000e+00 8.5029e-05 2.0573e-01 0.0000e+00
935 0.0000e+00 2.6210e-04 8.4803e-05 0.0000e+00 8.4803e-05 2.0581e-01 0.0000e+00
936 0.0000e+00 3.2090e-04 8.4579e-05 0.0000e+00 8.4579e-05 2.0590e-01 0.0000e+00
937 0.0000e+00 3.5500e-04 8.4355e-05 0.0000e+00 8.4355e-05 2.0598e-01 0.0000e+00
938 0.0000e+00 3.7070e-04 8.4133e-05 0.0000e+00 8.4133e-05 2.0606e-01 0.0000e+00
939 0.0000e+00 3.5500e-04 8.3912e-05 0.0000e+00 8.3912e-05 2.0615e-01 0.0000e+00
940 0.0000e+00 3.2090e-04 8.3693e-05 0.0000e+00 8.3693e-05 2.0623e-01 0.0000e+00
941 0.0000e+00 2.6210e-04 8.3474e-05 0.0000e+00 8.3474e-05 2.0631e-01 0.0000e+00
942 0.0000e+00 1.8520e-04 8.3257e-05 0.0000e+00 8.3257e-05 2.0640e-01 0.0000e+00
943 0.0000e+00 8.9700e-05 8.3040e-05 0.0000e+00 8.3040e-05 2.0648e-01 0.0000e+00
944 0.0000e+00 0.0000e+00 8.2825e-05 0.0000e+00 8.2825e-05 2.0656e-01 0.0000e+00
945 0.0000e+00 0.0000e+00 8.2611e-05 0.0000e+00 8.2611e-05 2.0665e-01 0.0000e+00
946 0.0000e+00 0.0000e+00 8.2398e-05 0.0000e+00 8.2398e-05 2.0673e-01 0.0000e+00
947 0.0000e+00 0.0000e+00 8.2186e-05 0.0000e+00 8.2186e-05 2.0681e-01 0.0000e+00
948 0.0000e+00 0.0000e+00 8.1975e-05 0.0000e+00 8.1975e-05 2.0689e-01 0.0000e+00
949 0.0000e+00 0.0000e+00 8.1766e-05 0.0000e+00 8.1766e-05 2.0697e-01 0.0000e+00
950 0.0000e+00 0.0000e+00 8.1557e-05 0.0000e+00 8.1557e-05 2.0706e-01 0.0000e+00
Objective function values:
F1 2.113506e-06    NSE 0.63668   F2 3.396611e-02
Mean Obs Q 1.590065e-04   Variance Obs Q 6.123405e-09
    Error Variance 2.224743e-09

Water Balance for Subcatchment: Extracted study basin: Taegu Pyungkwang River

   SUMP       SUMAE      SUMQ       SUMRZ      SUMUZ      SBAR        BAL
1.890e-01  4.489e-02  1.197e-01  1.901e-02  0.000e+00  2.071e-01  1.237e-02
