Taegu Pyungkwang River Catchment: Calibration Data

Subcatchment : Extracted study basin: cat-11209

TL =     8.24
SUMAC =     1.00
SZQ =       0.03908
Subcatchment routing data:
Maximum Routing Delay       0.69444
Sum of Histogram ordinates:     1.0000
     1.00000 
Initial BAL             -0.22866
Initial SBAR             0.22666
Initial SR0              0.00200
it      p        ep       q(it)       quz      q       sbar       qof
1 0.0000e+00 6.1900e-05 3.2800e-05 0.0000e+00 3.2800e-05 2.2669e-01 0.0000e+00
2 0.0000e+00 6.4700e-05 3.2766e-05 0.0000e+00 3.2766e-05 2.2672e-01 0.0000e+00
3 1.0000e-03 6.1900e-05 3.2733e-05 0.0000e+00 3.2733e-05 2.2675e-01 0.0000e+00
4 1.0000e-03 5.6000e-05 3.2699e-05 0.0000e+00 3.2699e-05 2.2679e-01 0.0000e+00
5 1.0000e-03 4.5700e-05 4.1013e-05 7.4935e-05 3.2666e-05 2.2675e-01 8.3470e-06
6 5.0000e-04 3.2300e-05 3.7684e-05 1.0818e-04 3.2709e-05 2.2667e-01 4.9749e-06
7 5.0000e-04 1.5600e-05 3.7908e-05 1.4014e-04 3.2786e-05 2.2656e-01 5.1217e-06
8 0.0000e+00 0.0000e+00 3.2897e-05 1.2282e-04 3.2897e-05 2.2647e-01 0.0000e+00
9 5.0000e-04 0.0000e+00 3.8294e-05 1.5736e-04 3.2989e-05 2.2635e-01 5.3045e-06
10 5.0000e-04 0.0000e+00 3.8593e-05 1.8815e-04 3.3118e-05 2.2619e-01 5.4754e-06
11 0.0000e+00 0.0000e+00 3.3278e-05 1.6624e-04 3.3278e-05 2.2606e-01 0.0000e+00
12 0.0000e+00 0.0000e+00 3.3417e-05 1.4903e-04 3.3417e-05 2.2594e-01 0.0000e+00
13 1.0000e-03 0.0000e+00 4.4489e-05 2.3299e-04 3.3538e-05 2.2575e-01 1.0951e-05
14 5.0000e-04 0.0000e+00 3.9223e-05 2.5429e-04 3.3748e-05 2.2552e-01 5.4754e-06
15 5.0000e-04 0.0000e+00 3.9456e-05 2.7513e-04 3.3981e-05 2.2528e-01 5.4754e-06
16 1.0000e-03 0.0000e+00 4.5189e-05 3.4378e-04 3.4238e-05 2.2497e-01 1.0951e-05
17 0.0000e+00 0.0000e+00 3.4571e-05 3.0380e-04 3.4571e-05 2.2470e-01 0.0000e+00
18 0.0000e+00 0.0000e+00 3.4863e-05 2.7264e-04 3.4863e-05 2.2447e-01 0.0000e+00
19 0.0000e+00 0.0000e+00 3.5123e-05 2.4565e-04 3.5123e-05 2.2426e-01 0.0000e+00
20 0.0000e+00 0.0000e+00 3.5355e-05 2.2187e-04 3.5355e-05 2.2407e-01 0.0000e+00
21 0.0000e+00 1.8000e-05 3.5562e-05 2.0073e-04 3.5562e-05 2.2390e-01 0.0000e+00
22 0.0000e+00 3.4800e-05 3.5746e-05 1.8185e-04 3.5746e-05 2.2376e-01 0.0000e+00
23 0.0000e+00 4.9200e-05 3.5909e-05 1.6493e-04 3.5909e-05 2.2363e-01 0.0000e+00
24 3.0000e-03 6.0200e-05 6.7790e-05 4.4055e-04 3.6054e-05 2.2322e-01 3.1736e-05
25 2.0000e-03 6.6600e-05 5.7755e-05 5.7635e-04 3.6513e-05 2.2269e-01 2.1242e-05
26 5.5000e-03 6.9600e-05 9.6634e-05 1.0540e-03 3.7134e-05 2.2167e-01 5.9500e-05
27 6.0000e-03 6.6600e-05 1.0418e-04 1.5184e-03 3.8333e-05 2.2019e-01 6.5849e-05
28 1.0000e-03 6.0200e-05 5.0369e-05 1.4245e-03 4.0148e-05 2.1880e-01 1.0221e-05
29 2.5000e-03 4.9200e-05 6.8640e-05 1.5230e-03 4.1922e-05 2.1732e-01 2.6718e-05
30 0.0000e+00 3.4800e-05 4.3908e-05 1.3531e-03 4.3908e-05 2.1601e-01 0.0000e+00
31 0.0000e+00 1.6800e-05 4.5742e-05 1.2167e-03 4.5742e-05 2.1484e-01 0.0000e+00
32 1.0000e-03 0.0000e+00 6.0107e-05 1.1898e-03 4.7447e-05 2.1370e-01 1.2660e-05
33 5.0000e-04 0.0000e+00 5.6211e-05 1.1208e-03 4.9171e-05 2.1263e-01 7.0394e-06
34 0.0000e+00 0.0000e+00 5.0846e-05 1.0079e-03 5.0846e-05 2.1167e-01 0.0000e+00
35 0.0000e+00 0.0000e+00 5.2389e-05 9.0925e-04 5.2389e-05 2.1081e-01 0.0000e+00
36 0.0000e+00 0.0000e+00 5.3811e-05 8.2109e-04 5.3811e-05 2.1005e-01 0.0000e+00
37 0.0000e+00 0.0000e+00 5.5117e-05 7.4201e-04 5.5117e-05 2.0936e-01 0.0000e+00
38 0.0000e+00 0.0000e+00 5.6313e-05 6.7092e-04 5.6313e-05 2.0875e-01 0.0000e+00
39 0.0000e+00 0.0000e+00 5.7405e-05 6.0691e-04 5.7405e-05 2.0820e-01 0.0000e+00
40 0.0000e+00 0.0000e+00 5.8399e-05 5.4923e-04 5.8399e-05 2.0771e-01 0.0000e+00
41 0.0000e+00 0.0000e+00 5.9302e-05 4.9722e-04 5.9302e-05 2.0727e-01 0.0000e+00
42 0.0000e+00 0.0000e+00 6.0119e-05 4.5029e-04 6.0119e-05 2.0688e-01 0.0000e+00
43 0.0000e+00 0.0000e+00 6.0857e-05 4.0794e-04 6.0857e-05 2.0653e-01 0.0000e+00
44 0.0000e+00 0.0000e+00 6.1520e-05 3.6969e-04 6.1520e-05 2.0622e-01 0.0000e+00
45 0.0000e+00 3.3800e-05 6.2116e-05 3.3515e-04 6.2116e-05 2.0595e-01 0.0000e+00
46 1.0000e-03 6.5200e-05 7.6251e-05 4.1066e-04 6.2648e-05 2.0560e-01 1.3603e-05
47 0.0000e+00 9.2300e-05 6.3333e-05 3.6332e-04 6.3333e-05 2.0530e-01 0.0000e+00
48 5.0000e-04 1.1300e-04 6.8753e-05 3.6478e-04 6.3929e-05 2.0500e-01 4.8237e-06
49 0.0000e+00 1.2500e-04 6.4533e-05 3.2590e-04 6.4533e-05 2.0474e-01 0.0000e+00
50 1.0000e-03 1.3050e-04 7.5794e-05 3.7851e-04 6.5062e-05 2.0443e-01 1.0732e-05
51 2.5000e-03 1.2500e-04 9.9062e-05 5.9913e-04 6.5703e-05 2.0389e-01 3.3360e-05
52 3.0000e-03 1.1300e-04 1.0728e-04 8.3896e-04 6.6807e-05 2.0312e-01 4.0476e-05
53 2.5000e-03 9.2300e-05 1.0204e-04 9.9220e-04 6.8439e-05 2.0220e-01 3.3606e-05
54 3.0000e-03 6.5200e-05 1.1138e-04 1.1918e-03 7.0443e-05 2.0107e-01 4.0937e-05
55 2.5000e-03 3.1600e-05 1.0723e-04 1.3134e-03 7.2956e-05 1.9983e-01 3.4279e-05
56 2.0000e-03 0.0000e+00 1.0360e-04 1.3721e-03 7.5839e-05 1.9854e-01 2.7764e-05
57 1.0000e-03 0.0000e+00 9.4950e-05 1.3170e-03 7.8974e-05 1.9730e-01 1.5975e-05
58 1.0000e-03 0.0000e+00 9.9736e-05 1.2788e-03 8.2090e-05 1.9610e-01 1.7646e-05
59 0.0000e+00 0.0000e+00 8.5218e-05 1.1325e-03 8.5218e-05 1.9506e-01 0.0000e+00
60 5.0000e-04 0.0000e+00 9.6876e-05 1.0681e-03 8.8053e-05 1.9408e-01 8.8232e-06
61 5.0000e-04 0.0000e+00 9.9615e-05 1.0085e-03 9.0791e-05 1.9316e-01 8.8232e-06
62 0.0000e+00 0.0000e+00 9.3433e-05 8.9678e-04 9.3433e-05 1.9236e-01 0.0000e+00
63 0.0000e+00 0.0000e+00 9.5808e-05 8.0128e-04 9.5808e-05 1.9165e-01 0.0000e+00
64 0.0000e+00 0.0000e+00 9.7944e-05 7.1693e-04 9.7944e-05 1.9103e-01 0.0000e+00
65 0.0000e+00 0.0000e+00 9.9857e-05 6.4209e-04 9.9857e-05 1.9049e-01 0.0000e+00
66 0.0000e+00 0.0000e+00 1.0156e-04 5.7551e-04 1.0156e-04 1.9001e-01 0.0000e+00
67 0.0000e+00 0.0000e+00 1.0308e-04 5.1618e-04 1.0308e-04 1.8960e-01 0.0000e+00
68 0.0000e+00 0.0000e+00 1.0442e-04 4.6325e-04 1.0442e-04 1.8924e-01 0.0000e+00
69 0.0000e+00 4.1400e-05 1.0560e-04 4.1599e-04 1.0560e-04 1.8893e-01 0.0000e+00
70 0.0000e+00 7.9800e-05 1.0662e-04 3.7375e-04 1.0662e-04 1.8866e-01 0.0000e+00
71 0.0000e+00 1.1290e-04 1.0752e-04 3.3597e-04 1.0752e-04 1.8844e-01 0.0000e+00
72 0.0000e+00 1.3830e-04 1.0829e-04 3.0217e-04 1.0829e-04 1.8824e-01 0.0000e+00
73 0.0000e+00 1.5300e-04 1.0895e-04 2.7190e-04 1.0895e-04 1.8808e-01 0.0000e+00
74 0.0000e+00 1.5980e-04 1.0950e-04 2.4478e-04 1.0950e-04 1.8794e-01 0.0000e+00
75 0.0000e+00 1.5300e-04 1.0997e-04 2.2048e-04 1.0997e-04 1.8783e-01 0.0000e+00
76 0.0000e+00 1.3830e-04 1.1035e-04 1.9868e-04 1.1035e-04 1.8775e-01 0.0000e+00
77 0.0000e+00 1.1290e-04 1.1065e-04 1.7912e-04 1.1065e-04 1.8768e-01 0.0000e+00
78 0.0000e+00 7.9800e-05 1.1089e-04 1.6156e-04 1.1089e-04 1.8763e-01 0.0000e+00
79 0.0000e+00 3.8700e-05 1.1107e-04 1.4578e-04 1.1107e-04 1.8759e-01 0.0000e+00
80 0.0000e+00 0.0000e+00 1.1119e-04 1.3160e-04 1.1119e-04 1.8757e-01 0.0000e+00
81 0.0000e+00 0.0000e+00 1.1126e-04 1.1886e-04 1.1126e-04 1.8756e-01 0.0000e+00
82 0.0000e+00 0.0000e+00 1.1128e-04 1.0739e-04 1.1128e-04 1.8757e-01 0.0000e+00
83 0.0000e+00 0.0000e+00 1.1127e-04 9.7068e-05 1.1127e-04 1.8758e-01 0.0000e+00
84 0.0000e+00 0.0000e+00 1.1122e-04 8.7774e-05 1.1122e-04 1.8761e-01 0.0000e+00
85 0.0000e+00 0.0000e+00 1.1114e-04 7.9403e-05 1.1114e-04 1.8764e-01 0.0000e+00
86 0.0000e+00 0.0000e+00 1.1103e-04 7.1857e-05 1.1103e-04 1.8768e-01 0.0000e+00
87 0.0000e+00 0.0000e+00 1.1089e-04 6.5054e-05 1.1089e-04 1.8772e-01 0.0000e+00
88 0.0000e+00 0.0000e+00 1.1073e-04 5.8917e-05 1.1073e-04 1.8777e-01 0.0000e+00
89 0.0000e+00 0.0000e+00 1.1055e-04 5.3379e-05 1.1055e-04 1.8783e-01 0.0000e+00
90 0.0000e+00 0.0000e+00 1.1036e-04 4.8378e-05 1.1036e-04 1.8789e-01 0.0000e+00
91 0.0000e+00 0.0000e+00 1.1014e-04 4.3862e-05 1.1014e-04 1.8796e-01 0.0000e+00
92 0.0000e+00 0.0000e+00 1.0992e-04 3.9781e-05 1.0992e-04 1.8803e-01 0.0000e+00
93 0.0000e+00 1.9100e-05 1.0968e-04 3.6093e-05 1.0968e-04 1.8810e-01 0.0000e+00
94 0.0000e+00 3.6800e-05 1.0942e-04 3.2757e-05 1.0942e-04 1.8818e-01 0.0000e+00
95 0.0000e+00 5.2100e-05 1.0916e-04 2.9739e-05 1.0916e-04 1.8826e-01 0.0000e+00
96 0.0000e+00 6.3800e-05 1.0889e-04 2.7008e-05 1.0889e-04 1.8834e-01 0.0000e+00
97 5.0000e-04 7.0600e-05 1.0861e-04 2.4535e-05 1.0861e-04 1.8842e-01 0.0000e+00
98 5.0000e-04 7.3700e-05 1.0833e-04 2.2295e-05 1.0833e-04 1.8851e-01 0.0000e+00
99 0.0000e+00 7.0600e-05 1.0804e-04 2.0267e-05 1.0804e-04 1.8860e-01 0.0000e+00
100 0.0000e+00 6.3800e-05 1.0774e-04 1.8428e-05 1.0774e-04 1.8869e-01 0.0000e+00
101 0.0000e+00 5.2100e-05 1.0744e-04 1.6761e-05 1.0744e-04 1.8878e-01 0.0000e+00
102 0.0000e+00 3.6800e-05 1.0714e-04 1.5249e-05 1.0714e-04 1.8887e-01 0.0000e+00
103 0.0000e+00 1.7800e-05 1.0683e-04 1.3877e-05 1.0683e-04 1.8896e-01 0.0000e+00
104 0.0000e+00 0.0000e+00 1.0652e-04 1.2633e-05 1.0652e-04 1.8906e-01 0.0000e+00
105 0.0000e+00 0.0000e+00 1.0621e-04 1.1503e-05 1.0621e-04 1.8915e-01 0.0000e+00
106 0.0000e+00 0.0000e+00 1.0589e-04 1.0477e-05 1.0589e-04 1.8925e-01 0.0000e+00
107 0.0000e+00 0.0000e+00 1.0558e-04 9.5444e-06 1.0558e-04 1.8934e-01 0.0000e+00
108 0.0000e+00 0.0000e+00 1.0526e-04 8.6974e-06 1.0526e-04 1.8944e-01 0.0000e+00
109 0.0000e+00 0.0000e+00 1.0494e-04 7.9271e-06 1.0494e-04 1.8954e-01 0.0000e+00
110 0.0000e+00 0.0000e+00 1.0463e-04 7.2273e-06 1.0463e-04 1.8963e-01 0.0000e+00
111 5.0000e-04 0.0000e+00 1.0431e-04 6.5908e-06 1.0431e-04 1.8973e-01 0.0000e+00
112 0.0000e+00 0.0000e+00 1.0399e-04 6.0119e-06 1.0399e-04 1.8983e-01 0.0000e+00
113 0.0000e+00 0.0000e+00 1.0367e-04 5.4850e-06 1.0367e-04 1.8993e-01 0.0000e+00
114 0.0000e+00 0.0000e+00 1.0336e-04 5.0055e-06 1.0336e-04 1.9003e-01 0.0000e+00
115 0.0000e+00 0.0000e+00 1.0304e-04 4.5689e-06 1.0304e-04 1.9013e-01 0.0000e+00
116 0.0000e+00 0.0000e+00 1.0272e-04 4.1713e-06 1.0272e-04 1.9022e-01 0.0000e+00
117 0.0000e+00 1.0200e-05 1.0241e-04 3.8092e-06 1.0241e-04 1.9032e-01 0.0000e+00
118 0.0000e+00 1.9800e-05 1.0209e-04 3.4792e-06 1.0209e-04 1.9042e-01 0.0000e+00
119 0.0000e+00 2.8000e-05 1.0178e-04 3.1785e-06 1.0178e-04 1.9052e-01 0.0000e+00
120 0.0000e+00 3.4200e-05 1.0146e-04 2.9038e-06 1.0146e-04 1.9062e-01 0.0000e+00
121 0.0000e+00 3.7900e-05 1.0115e-04 2.6540e-06 1.0115e-04 1.9072e-01 0.0000e+00
122 0.0000e+00 3.9500e-05 1.0084e-04 2.4261e-06 1.0084e-04 1.9082e-01 0.0000e+00
123 0.0000e+00 3.7900e-05 1.0053e-04 2.2182e-06 1.0053e-04 1.9091e-01 0.0000e+00
124 0.0000e+00 3.4200e-05 1.0022e-04 2.0286e-06 1.0022e-04 1.9101e-01 0.0000e+00
125 0.0000e+00 2.8000e-05 9.9916e-05 1.8555e-06 9.9916e-05 1.9111e-01 0.0000e+00
126 0.0000e+00 1.9800e-05 9.9610e-05 1.6975e-06 9.9610e-05 1.9121e-01 0.0000e+00
127 0.0000e+00 9.6000e-06 9.9306e-05 1.5532e-06 9.9306e-05 1.9131e-01 0.0000e+00
128 0.0000e+00 0.0000e+00 9.9003e-05 1.4215e-06 9.9003e-05 1.9140e-01 0.0000e+00
129 0.0000e+00 0.0000e+00 9.8701e-05 1.3011e-06 9.8701e-05 1.9150e-01 0.0000e+00
130 0.0000e+00 0.0000e+00 9.8401e-05 1.1912e-06 9.8401e-05 1.9160e-01 0.0000e+00
131 0.0000e+00 0.0000e+00 9.8103e-05 1.0901e-06 9.8103e-05 1.9169e-01 0.0000e+00
132 0.0000e+00 0.0000e+00 9.7806e-05 9.9835e-07 9.7806e-05 1.9179e-01 0.0000e+00
133 0.0000e+00 0.0000e+00 9.7511e-05 9.1451e-07 9.7511e-05 1.9189e-01 0.0000e+00
134 0.0000e+00 0.0000e+00 9.7217e-05 8.3785e-07 9.7217e-05 1.9198e-01 0.0000e+00
135 0.0000e+00 0.0000e+00 9.6924e-05 7.6774e-07 9.6924e-05 1.9208e-01 0.0000e+00
136 0.0000e+00 0.0000e+00 9.6633e-05 7.0361e-07 9.6633e-05 1.9218e-01 0.0000e+00
137 0.0000e+00 0.0000e+00 9.6344e-05 6.4494e-07 9.6344e-05 1.9227e-01 0.0000e+00
138 0.0000e+00 0.0000e+00 9.6057e-05 5.9126e-07 9.6057e-05 1.9237e-01 0.0000e+00
139 0.0000e+00 0.0000e+00 9.5770e-05 5.4213e-07 9.5770e-05 1.9246e-01 0.0000e+00
140 0.0000e+00 0.0000e+00 9.5486e-05 4.9716e-07 9.5486e-05 1.9256e-01 0.0000e+00
141 5.0000e-04 4.1400e-05 9.5203e-05 4.5598e-07 9.5203e-05 1.9265e-01 0.0000e+00
142 0.0000e+00 7.9900e-05 9.4921e-05 4.1735e-07 9.4921e-05 1.9275e-01 0.0000e+00
143 0.0000e+00 1.1300e-04 9.4641e-05 3.8294e-07 9.4641e-05 1.9284e-01 0.0000e+00
144 0.0000e+00 1.3840e-04 9.4363e-05 3.5142e-07 9.4363e-05 1.9294e-01 0.0000e+00
145 0.0000e+00 1.5310e-04 9.4086e-05 3.2254e-07 9.4086e-05 1.9303e-01 0.0000e+00
146 0.0000e+00 1.5990e-04 9.3811e-05 2.9608e-07 9.3811e-05 1.9312e-01 0.0000e+00
147 0.0000e+00 1.5310e-04 9.3537e-05 2.7182e-07 9.3537e-05 1.9322e-01 0.0000e+00
148 0.0000e+00 1.3840e-04 9.3265e-05 2.4959e-07 9.3265e-05 1.9331e-01 0.0000e+00
149 0.0000e+00 1.1300e-04 9.2994e-05 2.2920e-07 9.2994e-05 1.9340e-01 0.0000e+00
150 0.0000e+00 7.9900e-05 9.2725e-05 2.1051e-07 9.2725e-05 1.9349e-01 0.0000e+00
151 0.0000e+00 3.8700e-05 9.2457e-05 1.9336e-07 9.2457e-05 1.9359e-01 0.0000e+00
152 0.0000e+00 0.0000e+00 9.2191e-05 1.7764e-07 9.2191e-05 1.9368e-01 0.0000e+00
153 0.0000e+00 0.0000e+00 9.1927e-05 1.6205e-07 9.1927e-05 1.9377e-01 0.0000e+00
154 0.0000e+00 0.0000e+00 9.1663e-05 1.4895e-07 9.1663e-05 1.9386e-01 0.0000e+00
155 0.0000e+00 0.0000e+00 9.1402e-05 1.3693e-07 9.1402e-05 1.9395e-01 0.0000e+00
156 0.0000e+00 0.0000e+00 9.1141e-05 1.2589e-07 9.1141e-05 1.9404e-01 0.0000e+00
157 0.0000e+00 0.0000e+00 9.0882e-05 1.1575e-07 9.0882e-05 1.9413e-01 0.0000e+00
158 0.0000e+00 0.0000e+00 9.0625e-05 1.0644e-07 9.0625e-05 1.9423e-01 0.0000e+00
159 0.0000e+00 0.0000e+00 9.0369e-05 9.7895e-08 9.0369e-05 1.9432e-01 0.0000e+00
160 0.0000e+00 0.0000e+00 9.0114e-05 9.0044e-08 9.0114e-05 1.9441e-01 0.0000e+00
161 0.0000e+00 0.0000e+00 8.9861e-05 8.2831e-08 8.9861e-05 1.9450e-01 0.0000e+00
162 0.0000e+00 0.0000e+00 8.9609e-05 7.6205e-08 8.9609e-05 1.9458e-01 0.0000e+00
163 0.0000e+00 0.0000e+00 8.9359e-05 7.0116e-08 8.9359e-05 1.9467e-01 0.0000e+00
164 0.0000e+00 0.0000e+00 8.9110e-05 6.3204e-08 8.9110e-05 1.9476e-01 0.0000e+00
165 0.0000e+00 1.7800e-05 8.8862e-05 5.8199e-08 8.8862e-05 1.9485e-01 0.0000e+00
166 0.0000e+00 3.4400e-05 8.8616e-05 5.3595e-08 8.8616e-05 1.9494e-01 0.0000e+00
167 0.0000e+00 4.8600e-05 8.8371e-05 4.9360e-08 8.8371e-05 1.9503e-01 0.0000e+00
168 0.0000e+00 5.9500e-05 8.8128e-05 4.5464e-08 8.8128e-05 1.9512e-01 0.0000e+00
169 0.0000e+00 6.5900e-05 8.7885e-05 4.1879e-08 8.7885e-05 1.9520e-01 0.0000e+00
170 0.0000e+00 6.8800e-05 8.7645e-05 3.8581e-08 8.7645e-05 1.9529e-01 0.0000e+00
171 0.0000e+00 6.5900e-05 8.7405e-05 3.5545e-08 8.7405e-05 1.9538e-01 0.0000e+00
172 0.0000e+00 5.9500e-05 8.7167e-05 3.2752e-08 8.7167e-05 1.9547e-01 0.0000e+00
173 0.0000e+00 4.8600e-05 8.6930e-05 3.0180e-08 8.6930e-05 1.9555e-01 0.0000e+00
174 0.0000e+00 3.4400e-05 8.6694e-05 2.7813e-08 8.6694e-05 1.9564e-01 0.0000e+00
175 0.0000e+00 1.6600e-05 8.6459e-05 2.5634e-08 8.6459e-05 1.9573e-01 0.0000e+00
176 0.0000e+00 0.0000e+00 8.6226e-05 2.2377e-08 8.6226e-05 1.9581e-01 0.0000e+00
177 0.0000e+00 0.0000e+00 8.5994e-05 2.0649e-08 8.5994e-05 1.9590e-01 0.0000e+00
178 0.0000e+00 0.0000e+00 8.5763e-05 1.9055e-08 8.5763e-05 1.9598e-01 0.0000e+00
179 0.0000e+00 0.0000e+00 8.5534e-05 1.7585e-08 8.5534e-05 1.9607e-01 0.0000e+00
180 0.0000e+00 0.0000e+00 8.5306e-05 1.6230e-08 8.5306e-05 1.9616e-01 0.0000e+00
181 0.0000e+00 0.0000e+00 8.5079e-05 1.4981e-08 8.5079e-05 1.9624e-01 0.0000e+00
182 0.0000e+00 0.0000e+00 8.4853e-05 1.3828e-08 8.4853e-05 1.9633e-01 0.0000e+00
183 0.0000e+00 0.0000e+00 8.4628e-05 1.2765e-08 8.4628e-05 1.9641e-01 0.0000e+00
184 0.0000e+00 0.0000e+00 8.4405e-05 1.1785e-08 8.4405e-05 1.9649e-01 0.0000e+00
185 0.0000e+00 0.0000e+00 8.4182e-05 1.0881e-08 8.4182e-05 1.9658e-01 0.0000e+00
186 0.0000e+00 0.0000e+00 8.3961e-05 1.0047e-08 8.3961e-05 1.9666e-01 0.0000e+00
187 0.0000e+00 0.0000e+00 8.3741e-05 8.0922e-09 8.3741e-05 1.9675e-01 0.0000e+00
188 0.0000e+00 0.0000e+00 8.3522e-05 7.4853e-09 8.3522e-05 1.9683e-01 0.0000e+00
189 0.0000e+00 4.5600e-05 8.3305e-05 6.9243e-09 8.3305e-05 1.9691e-01 0.0000e+00
190 5.0000e-04 8.7900e-05 8.3088e-05 6.4057e-09 8.3088e-05 1.9700e-01 0.0000e+00
191 0.0000e+00 1.2440e-04 8.2873e-05 5.9262e-09 8.2873e-05 1.9708e-01 0.0000e+00
192 0.0000e+00 1.5230e-04 8.2658e-05 5.4829e-09 8.2658e-05 1.9716e-01 0.0000e+00
193 0.0000e+00 1.6850e-04 8.2445e-05 5.0730e-09 8.2445e-05 1.9724e-01 0.0000e+00
194 0.0000e+00 1.7590e-04 8.2233e-05 4.6940e-09 8.2233e-05 1.9733e-01 0.0000e+00
195 0.0000e+00 1.6850e-04 8.2022e-05 4.3435e-09 8.2022e-05 1.9741e-01 0.0000e+00
196 0.0000e+00 1.5230e-04 8.1812e-05 4.0194e-09 8.1812e-05 1.9749e-01 0.0000e+00
197 0.0000e+00 1.2440e-04 8.1603e-05 3.7197e-09 8.1603e-05 1.9757e-01 0.0000e+00
198 0.0000e+00 8.7900e-05 8.1395e-05 3.4425e-09 8.1395e-05 1.9765e-01 0.0000e+00
199 0.0000e+00 4.2600e-05 8.1189e-05 2.3178e-09 8.1189e-05 1.9773e-01 0.0000e+00
200 0.0000e+00 0.0000e+00 8.0983e-05 2.1506e-09 8.0983e-05 1.9782e-01 0.0000e+00
201 0.0000e+00 0.0000e+00 8.0778e-05 1.9955e-09 8.0778e-05 1.9790e-01 0.0000e+00
202 0.0000e+00 0.0000e+00 8.0574e-05 1.8516e-09 8.0574e-05 1.9798e-01 0.0000e+00
203 0.0000e+00 0.0000e+00 8.0372e-05 1.7182e-09 8.0372e-05 1.9806e-01 0.0000e+00
204 0.0000e+00 0.0000e+00 8.0170e-05 1.5945e-09 8.0170e-05 1.9814e-01 0.0000e+00
205 0.0000e+00 0.0000e+00 7.9970e-05 1.4797e-09 7.9970e-05 1.9822e-01 0.0000e+00
206 0.0000e+00 0.0000e+00 7.9770e-05 1.3732e-09 7.9770e-05 1.9830e-01 0.0000e+00
207 0.0000e+00 0.0000e+00 7.9571e-05 1.2745e-09 7.9571e-05 1.9838e-01 0.0000e+00
208 0.0000e+00 0.0000e+00 7.9374e-05 1.1828e-09 7.9374e-05 1.9846e-01 0.0000e+00
209 0.0000e+00 0.0000e+00 7.9177e-05 1.0979e-09 7.9177e-05 1.9854e-01 0.0000e+00
210 0.0000e+00 0.0000e+00 7.8982e-05 5.2231e-10 7.8982e-05 1.9861e-01 0.0000e+00
211 0.0000e+00 0.0000e+00 7.8787e-05 4.8634e-10 7.8787e-05 1.9869e-01 0.0000e+00
212 0.0000e+00 0.0000e+00 7.8593e-05 4.5286e-10 7.8593e-05 1.9877e-01 0.0000e+00
213 0.0000e+00 4.9000e-05 7.8400e-05 4.2170e-10 7.8400e-05 1.9885e-01 0.0000e+00
214 0.0000e+00 9.4600e-05 7.8208e-05 3.9269e-10 7.8208e-05 1.9893e-01 0.0000e+00
215 0.0000e+00 1.3380e-04 7.8018e-05 3.6569e-10 7.8018e-05 1.9901e-01 0.0000e+00
216 0.0000e+00 1.6380e-04 7.7828e-05 3.4055e-10 7.7828e-05 1.9908e-01 0.0000e+00
217 0.0000e+00 1.8130e-04 7.7639e-05 3.1715e-10 7.7639e-05 1.9916e-01 0.0000e+00
218 0.0000e+00 1.8920e-04 7.7450e-05 2.9537e-10 7.7450e-05 1.9924e-01 0.0000e+00
219 0.0000e+00 1.8130e-04 7.7263e-05 2.7509e-10 7.7263e-05 1.9932e-01 0.0000e+00
220 0.0000e+00 1.6380e-04 7.7077e-05 2.5620e-10 7.7077e-05 1.9939e-01 0.0000e+00
221 0.0000e+00 1.3380e-04 7.6891e-05 2.3862e-10 7.6891e-05 1.9947e-01 0.0000e+00
222 0.0000e+00 9.4600e-05 7.6707e-05 6.6425e-11 7.6707e-05 1.9955e-01 0.0000e+00
223 0.0000e+00 4.5800e-05 7.6523e-05 6.2087e-11 7.6523e-05 1.9962e-01 0.0000e+00
224 0.0000e+00 0.0000e+00 7.6340e-05 5.8032e-11 7.6340e-05 1.9970e-01 0.0000e+00
225 0.0000e+00 0.0000e+00 7.6159e-05 5.4244e-11 7.6159e-05 1.9978e-01 0.0000e+00
226 0.0000e+00 0.0000e+00 7.5977e-05 5.0704e-11 7.5977e-05 1.9985e-01 0.0000e+00
227 0.0000e+00 0.0000e+00 7.5797e-05 4.7396e-11 7.5797e-05 1.9993e-01 0.0000e+00
228 0.0000e+00 0.0000e+00 7.5618e-05 4.4305e-11 7.5618e-05 2.0000e-01 0.0000e+00
229 0.0000e+00 0.0000e+00 7.5440e-05 4.1416e-11 7.5440e-05 2.0008e-01 0.0000e+00
230 0.0000e+00 0.0000e+00 7.5262e-05 3.8716e-11 7.5262e-05 2.0015e-01 0.0000e+00
231 0.0000e+00 0.0000e+00 7.5085e-05 3.6193e-11 7.5085e-05 2.0023e-01 0.0000e+00
232 0.0000e+00 0.0000e+00 7.4909e-05 3.3835e-11 7.4909e-05 2.0030e-01 0.0000e+00
233 0.0000e+00 0.0000e+00 7.4734e-05 4.8748e-12 7.4734e-05 2.0038e-01 0.0000e+00
234 0.0000e+00 0.0000e+00 7.4560e-05 4.5723e-12 7.4560e-05 2.0045e-01 0.0000e+00
235 0.0000e+00 0.0000e+00 7.4386e-05 4.2887e-12 7.4386e-05 2.0053e-01 0.0000e+00
236 0.0000e+00 0.0000e+00 7.4213e-05 4.0227e-12 7.4213e-05 2.0060e-01 0.0000e+00
237 0.0000e+00 5.1700e-05 7.4041e-05 3.7733e-12 7.4041e-05 2.0068e-01 0.0000e+00
238 0.0000e+00 9.9800e-05 7.3870e-05 3.5394e-12 7.3870e-05 2.0075e-01 0.0000e+00
239 0.0000e+00 1.4120e-04 7.3700e-05 3.3200e-12 7.3700e-05 2.0082e-01 0.0000e+00
240 0.0000e+00 1.7290e-04 7.3530e-05 3.1143e-12 7.3530e-05 2.0090e-01 0.0000e+00
241 5.0000e-04 1.9130e-04 7.3362e-05 2.9214e-12 7.3362e-05 2.0097e-01 0.0000e+00
242 1.0000e-03 1.9970e-04 7.3194e-05 2.7404e-12 7.3194e-05 2.0104e-01 0.0000e+00
243 0.0000e+00 1.9130e-04 7.3026e-05 2.5708e-12 7.3026e-05 2.0112e-01 0.0000e+00
244 0.0000e+00 1.7290e-04 7.2860e-05 2.4116e-12 7.2860e-05 2.0119e-01 0.0000e+00
245 0.0000e+00 1.4120e-04 7.2694e-05 0.0000e+00 7.2694e-05 2.0126e-01 0.0000e+00
246 0.0000e+00 9.9800e-05 7.2529e-05 0.0000e+00 7.2529e-05 2.0133e-01 0.0000e+00
247 0.0000e+00 4.8300e-05 7.2365e-05 0.0000e+00 7.2365e-05 2.0141e-01 0.0000e+00
248 0.0000e+00 0.0000e+00 7.2202e-05 0.0000e+00 7.2202e-05 2.0148e-01 0.0000e+00
249 0.0000e+00 0.0000e+00 7.2039e-05 0.0000e+00 7.2039e-05 2.0155e-01 0.0000e+00
250 0.0000e+00 0.0000e+00 7.1877e-05 0.0000e+00 7.1877e-05 2.0162e-01 0.0000e+00
251 0.0000e+00 0.0000e+00 7.1716e-05 0.0000e+00 7.1716e-05 2.0170e-01 0.0000e+00
252 0.0000e+00 0.0000e+00 7.1555e-05 0.0000e+00 7.1555e-05 2.0177e-01 0.0000e+00
253 1.0000e-03 0.0000e+00 7.1395e-05 0.0000e+00 7.1395e-05 2.0184e-01 0.0000e+00
254 0.0000e+00 0.0000e+00 7.1236e-05 0.0000e+00 7.1236e-05 2.0191e-01 0.0000e+00
255 0.0000e+00 0.0000e+00 7.1078e-05 0.0000e+00 7.1078e-05 2.0198e-01 0.0000e+00
256 0.0000e+00 0.0000e+00 7.0920e-05 0.0000e+00 7.0920e-05 2.0205e-01 0.0000e+00
257 0.0000e+00 0.0000e+00 7.0763e-05 0.0000e+00 7.0763e-05 2.0212e-01 0.0000e+00
258 0.0000e+00 0.0000e+00 7.0607e-05 0.0000e+00 7.0607e-05 2.0219e-01 0.0000e+00
259 0.0000e+00 0.0000e+00 7.0451e-05 0.0000e+00 7.0451e-05 2.0226e-01 0.0000e+00
260 0.0000e+00 0.0000e+00 7.0296e-05 0.0000e+00 7.0296e-05 2.0233e-01 0.0000e+00
261 0.0000e+00 7.5200e-05 7.0142e-05 0.0000e+00 7.0142e-05 2.0240e-01 0.0000e+00
262 1.0000e-03 1.4510e-04 6.9988e-05 0.0000e+00 6.9988e-05 2.0247e-01 0.0000e+00
263 0.0000e+00 2.0520e-04 6.9836e-05 0.0000e+00 6.9836e-05 2.0254e-01 0.0000e+00
264 0.0000e+00 2.5130e-04 6.9683e-05 0.0000e+00 6.9683e-05 2.0261e-01 0.0000e+00
265 0.0000e+00 2.7800e-04 6.9532e-05 0.0000e+00 6.9532e-05 2.0268e-01 0.0000e+00
266 0.0000e+00 2.9030e-04 6.9381e-05 0.0000e+00 6.9381e-05 2.0275e-01 0.0000e+00
267 0.0000e+00 2.7800e-04 6.9231e-05 0.0000e+00 6.9231e-05 2.0282e-01 0.0000e+00
268 0.0000e+00 2.5130e-04 6.9081e-05 0.0000e+00 6.9081e-05 2.0289e-01 0.0000e+00
269 0.0000e+00 2.0520e-04 6.8932e-05 0.0000e+00 6.8932e-05 2.0296e-01 0.0000e+00
270 0.0000e+00 1.4510e-04 6.8784e-05 0.0000e+00 6.8784e-05 2.0303e-01 0.0000e+00
271 0.0000e+00 7.0200e-05 6.8636e-05 0.0000e+00 6.8636e-05 2.0310e-01 0.0000e+00
272 0.0000e+00 0.0000e+00 6.8489e-05 0.0000e+00 6.8489e-05 2.0317e-01 0.0000e+00
273 0.0000e+00 0.0000e+00 6.8342e-05 0.0000e+00 6.8342e-05 2.0323e-01 0.0000e+00
274 0.0000e+00 0.0000e+00 6.8197e-05 0.0000e+00 6.8197e-05 2.0330e-01 0.0000e+00
275 0.0000e+00 0.0000e+00 6.8051e-05 0.0000e+00 6.8051e-05 2.0337e-01 0.0000e+00
276 0.0000e+00 0.0000e+00 6.7907e-05 0.0000e+00 6.7907e-05 2.0344e-01 0.0000e+00
277 0.0000e+00 0.0000e+00 6.7763e-05 0.0000e+00 6.7763e-05 2.0351e-01 0.0000e+00
278 0.0000e+00 0.0000e+00 6.7620e-05 0.0000e+00 6.7620e-05 2.0357e-01 0.0000e+00
279 0.0000e+00 0.0000e+00 6.7477e-05 0.0000e+00 6.7477e-05 2.0364e-01 0.0000e+00
280 0.0000e+00 0.0000e+00 6.7335e-05 0.0000e+00 6.7335e-05 2.0371e-01 0.0000e+00
281 0.0000e+00 0.0000e+00 6.7193e-05 0.0000e+00 6.7193e-05 2.0378e-01 0.0000e+00
282 0.0000e+00 0.0000e+00 6.7052e-05 0.0000e+00 6.7052e-05 2.0384e-01 0.0000e+00
283 1.0000e-03 0.0000e+00 6.6912e-05 0.0000e+00 6.6912e-05 2.0391e-01 0.0000e+00
284 5.0000e-04 0.0000e+00 6.6772e-05 0.0000e+00 6.6772e-05 2.0398e-01 0.0000e+00
285 2.5000e-03 2.4400e-05 6.8892e-05 1.7996e-05 6.6633e-05 2.0402e-01 2.2592e-06
286 6.0000e-03 4.7000e-05 1.4788e-04 6.8419e-04 6.6532e-05 2.0341e-01 8.1344e-05
287 4.0000e-03 6.6500e-05 1.2348e-04 1.0036e-03 6.7828e-05 2.0247e-01 5.5653e-05
288 1.5000e-03 8.1400e-05 9.0023e-05 1.0135e-03 6.9841e-05 2.0153e-01 2.0182e-05
289 0.0000e+00 9.0100e-05 7.1931e-05 8.8066e-04 7.1931e-05 2.0072e-01 0.0000e+00
290 0.0000e+00 9.4000e-05 7.3773e-05 7.7892e-04 7.3773e-05 2.0001e-01 0.0000e+00
291 5.0000e-04 9.0100e-05 7.8724e-05 7.1926e-04 7.5416e-05 1.9937e-01 3.3081e-06
292 0.0000e+00 8.1400e-05 7.6949e-05 6.3826e-04 7.6949e-05 1.9881e-01 0.0000e+00
293 0.0000e+00 6.6500e-05 7.8311e-05 5.6936e-04 7.8311e-05 1.9832e-01 0.0000e+00
294 1.5000e-03 4.7000e-05 1.0103e-04 6.5277e-04 7.9522e-05 1.9774e-01 2.1509e-05
295 1.0000e-03 2.2800e-05 9.7776e-05 6.8165e-04 8.0959e-05 1.9714e-01 1.6817e-05
296 0.0000e+00 0.0000e+00 8.2493e-05 6.0002e-04 8.2493e-05 1.9663e-01 0.0000e+00
297 0.0000e+00 0.0000e+00 8.3838e-05 5.3437e-04 8.3838e-05 1.9618e-01 0.0000e+00
298 0.0000e+00 0.0000e+00 8.5027e-05 4.7712e-04 8.5027e-05 1.9578e-01 0.0000e+00
299 0.0000e+00 0.0000e+00 8.6075e-05 4.2678e-04 8.6075e-05 1.9544e-01 0.0000e+00
300 0.0000e+00 0.0000e+00 8.6996e-05 3.8228e-04 8.6996e-05 1.9515e-01 0.0000e+00
301 0.0000e+00 0.0000e+00 8.7803e-05 3.4281e-04 8.7803e-05 1.9489e-01 0.0000e+00
302 0.0000e+00 0.0000e+00 8.8505e-05 3.0771e-04 8.8505e-05 1.9467e-01 0.0000e+00
303 0.0000e+00 0.0000e+00 8.9114e-05 2.7643e-04 8.9114e-05 1.9449e-01 0.0000e+00
304 0.0000e+00 0.0000e+00 8.9637e-05 2.4853e-04 8.9637e-05 1.9433e-01 0.0000e+00
305 0.0000e+00 0.0000e+00 9.0083e-05 2.2360e-04 9.0083e-05 1.9419e-01 0.0000e+00
306 0.0000e+00 0.0000e+00 9.0460e-05 2.0131e-04 9.0460e-05 1.9408e-01 0.0000e+00
307 0.0000e+00 0.0000e+00 9.0774e-05 1.8135e-04 9.0774e-05 1.9399e-01 0.0000e+00
308 0.0000e+00 0.0000e+00 9.1031e-05 1.6347e-04 9.1031e-05 1.9392e-01 0.0000e+00
309 0.0000e+00 2.8800e-05 9.1237e-05 1.4744e-04 9.1237e-05 1.9386e-01 0.0000e+00
310 5.0000e-04 5.5500e-05 9.9310e-05 1.8556e-04 9.1398e-05 1.9377e-01 7.9129e-06
311 0.0000e+00 7.8500e-05 9.1667e-05 1.6261e-04 9.1667e-05 1.9370e-01 0.0000e+00
312 0.0000e+00 9.6200e-05 9.1870e-05 1.4532e-04 9.1870e-05 1.9364e-01 0.0000e+00
313 0.0000e+00 1.0640e-04 9.2024e-05 1.3029e-04 9.2024e-05 1.9361e-01 0.0000e+00
314 0.0000e+00 1.1110e-04 9.2134e-05 1.1705e-04 9.2134e-05 1.9358e-01 0.0000e+00
315 0.0000e+00 1.0640e-04 9.2206e-05 1.0532e-04 9.2206e-05 1.9357e-01 0.0000e+00
316 0.0000e+00 9.6200e-05 9.2244e-05 9.4864e-05 9.2244e-05 1.9357e-01 0.0000e+00
317 5.0000e-04 7.8500e-05 9.2251e-05 8.5531e-05 9.2251e-05 1.9357e-01 0.0000e+00
318 1.0000e-03 5.5500e-05 1.0591e-04 1.6812e-04 9.2232e-05 1.9350e-01 1.3676e-05
319 5.0000e-04 2.6900e-05 1.0029e-04 1.9536e-04 9.2451e-05 1.9339e-01 7.8439e-06
320 0.0000e+00 0.0000e+00 9.2748e-05 1.6877e-04 9.2748e-05 1.9332e-01 0.0000e+00
321 0.0000e+00 0.0000e+00 9.2969e-05 1.4912e-04 9.2969e-05 1.9326e-01 0.0000e+00
322 1.0000e-03 0.0000e+00 1.1030e-04 2.4691e-04 9.3132e-05 1.9311e-01 1.7172e-05
323 1.0000e-03 0.0000e+00 1.1123e-04 3.2830e-04 9.3581e-05 1.9287e-01 1.7646e-05
324 0.0000e+00 0.0000e+00 9.4270e-05 2.8078e-04 9.4270e-05 1.9269e-01 0.0000e+00
325 0.0000e+00 0.0000e+00 9.4821e-05 2.4696e-04 9.4821e-05 1.9253e-01 0.0000e+00
326 0.0000e+00 0.0000e+00 9.5273e-05 2.1852e-04 9.5273e-05 1.9241e-01 0.0000e+00
327 0.0000e+00 0.0000e+00 9.5640e-05 1.9409e-04 9.5640e-05 1.9231e-01 0.0000e+00
328 0.0000e+00 0.0000e+00 9.5935e-05 1.7285e-04 9.5935e-05 1.9224e-01 0.0000e+00
329 0.0000e+00 0.0000e+00 9.6166e-05 1.5424e-04 9.6166e-05 1.9218e-01 0.0000e+00
330 0.0000e+00 0.0000e+00 9.6341e-05 1.3787e-04 9.6341e-05 1.9214e-01 0.0000e+00
331 0.0000e+00 0.0000e+00 9.6466e-05 1.2341e-04 9.6466e-05 1.9211e-01 0.0000e+00
332 0.0000e+00 0.0000e+00 9.6547e-05 1.1061e-04 9.6547e-05 1.9210e-01 0.0000e+00
333 0.0000e+00 1.1200e-05 9.6590e-05 9.9243e-05 9.6590e-05 1.9209e-01 0.0000e+00
334 0.0000e+00 2.1600e-05 9.6598e-05 8.9134e-05 9.6598e-05 1.9210e-01 0.0000e+00
335 0.0000e+00 3.0600e-05 9.6575e-05 8.0129e-05 9.6575e-05 1.9212e-01 0.0000e+00
336 0.0000e+00 3.7400e-05 9.6525e-05 7.2094e-05 9.6525e-05 1.9214e-01 0.0000e+00
337 0.0000e+00 4.1400e-05 9.6452e-05 6.4916e-05 9.6452e-05 1.9217e-01 0.0000e+00
338 5.0000e-04 4.3200e-05 1.0267e-04 1.0093e-04 9.6357e-05 1.9217e-01 6.3167e-06
339 5.0000e-04 4.1400e-05 1.0443e-04 1.4103e-04 9.6371e-05 1.9212e-01 8.0609e-06
340 1.5000e-03 3.7400e-05 1.2224e-04 2.9363e-04 9.6505e-05 1.9193e-01 2.5739e-05
341 1.5000e-03 3.0600e-05 1.2291e-04 4.1945e-04 9.7101e-05 1.9160e-01 2.5810e-05
342 1.0000e-03 2.1600e-05 1.1519e-04 4.7036e-04 9.8085e-05 1.9123e-01 1.7106e-05
343 5.0000e-04 1.0500e-05 1.0767e-04 4.6074e-04 9.9232e-05 1.9087e-01 8.4421e-06
344 1.0000e-03 0.0000e+00 1.1782e-04 5.1867e-04 1.0036e-04 1.9045e-01 1.7461e-05
345 5.0000e-04 0.0000e+00 1.1050e-04 5.0788e-04 1.0168e-04 1.9005e-01 8.8232e-06
346 0.0000e+00 0.0000e+00 1.0298e-04 4.4257e-04 1.0298e-04 1.8971e-01 0.0000e+00
347 0.0000e+00 0.0000e+00 1.0408e-04 3.9054e-04 1.0408e-04 1.8942e-01 0.0000e+00
348 0.0000e+00 0.0000e+00 1.0501e-04 3.4599e-04 1.0501e-04 1.8918e-01 0.0000e+00
349 0.0000e+00 0.0000e+00 1.0581e-04 3.0733e-04 1.0581e-04 1.8898e-01 0.0000e+00
350 0.0000e+00 0.0000e+00 1.0648e-04 2.7352e-04 1.0648e-04 1.8881e-01 0.0000e+00
351 0.0000e+00 0.0000e+00 1.0703e-04 2.4382e-04 1.0703e-04 1.8867e-01 0.0000e+00
352 0.0000e+00 0.0000e+00 1.0749e-04 2.1765e-04 1.0749e-04 1.8856e-01 0.0000e+00
353 5.0000e-04 0.0000e+00 1.1669e-04 2.5547e-04 1.0786e-04 1.8842e-01 8.8232e-06
354 0.0000e+00 0.0000e+00 1.0836e-04 2.2255e-04 1.0836e-04 1.8830e-01 0.0000e+00
355 0.0000e+00 0.0000e+00 1.0875e-04 1.9765e-04 1.0875e-04 1.8821e-01 0.0000e+00
356 0.0000e+00 0.0000e+00 1.0905e-04 1.7617e-04 1.0905e-04 1.8814e-01 0.0000e+00
357 0.0000e+00 7.2300e-05 1.0928e-04 1.5735e-04 1.0928e-04 1.8810e-01 0.0000e+00
358 0.0000e+00 1.3960e-04 1.0944e-04 1.4076e-04 1.0944e-04 1.8807e-01 0.0000e+00
359 0.0000e+00 1.9750e-04 1.0955e-04 1.2608e-04 1.0955e-04 1.8805e-01 0.0000e+00
360 0.0000e+00 2.4180e-04 1.0961e-04 1.1305e-04 1.0961e-04 1.8805e-01 0.0000e+00
361 0.0000e+00 2.6750e-04 1.0962e-04 1.0147e-04 1.0962e-04 1.8805e-01 0.0000e+00
362 0.0000e+00 2.7930e-04 1.0959e-04 9.1147e-05 1.0959e-04 1.8807e-01 0.0000e+00
363 0.0000e+00 2.6750e-04 1.0953e-04 8.1944e-05 1.0953e-04 1.8810e-01 0.0000e+00
364 0.0000e+00 2.4180e-04 1.0943e-04 7.3724e-05 1.0943e-04 1.8814e-01 0.0000e+00
365 0.0000e+00 1.9750e-04 1.0931e-04 6.6375e-05 1.0931e-04 1.8818e-01 0.0000e+00
366 0.0000e+00 1.3960e-04 1.0917e-04 5.9798e-05 1.0917e-04 1.8823e-01 0.0000e+00
367 0.0000e+00 6.7600e-05 1.0900e-04 5.3906e-05 1.0900e-04 1.8828e-01 0.0000e+00
368 0.0000e+00 0.0000e+00 1.0881e-04 4.8624e-05 1.0881e-04 1.8834e-01 0.0000e+00
369 0.0000e+00 0.0000e+00 1.0861e-04 4.3884e-05 1.0861e-04 1.8841e-01 0.0000e+00
370 0.0000e+00 0.0000e+00 1.0839e-04 3.9627e-05 1.0839e-04 1.8848e-01 0.0000e+00
371 0.0000e+00 0.0000e+00 1.0815e-04 3.5802e-05 1.0815e-04 1.8855e-01 0.0000e+00
372 0.0000e+00 0.0000e+00 1.0791e-04 3.2362e-05 1.0791e-04 1.8862e-01 0.0000e+00
373 5.0000e-04 0.0000e+00 1.0765e-04 2.9267e-05 1.0765e-04 1.8870e-01 0.0000e+00
374 7.5000e-03 0.0000e+00 2.1199e-04 7.4810e-04 1.0739e-04 1.8806e-01 1.0460e-04
375 4.5000e-03 0.0000e+00 1.8897e-04 1.1507e-03 1.0956e-04 1.8702e-01 7.9409e-05
376 2.5000e-03 0.0000e+00 1.5730e-04 1.2681e-03 1.1319e-04 1.8587e-01 4.4116e-05
377 5.0000e-04 0.0000e+00 1.2617e-04 1.1437e-03 1.1735e-04 1.8484e-01 8.8232e-06
378 0.0000e+00 0.0000e+00 1.2117e-04 9.9504e-04 1.2117e-04 1.8397e-01 0.0000e+00
379 0.0000e+00 0.0000e+00 1.2453e-04 8.7438e-04 1.2453e-04 1.8322e-01 0.0000e+00
380 0.0000e+00 0.0000e+00 1.2748e-04 7.7109e-04 1.2748e-04 1.8257e-01 0.0000e+00
381 0.0000e+00 1.7400e-05 1.3007e-04 6.8158e-04 1.3007e-04 1.8202e-01 0.0000e+00
382 0.0000e+00 3.3600e-05 1.3233e-04 6.0357e-04 1.3233e-04 1.8155e-01 0.0000e+00
383 1.0000e-03 4.7500e-05 1.5104e-04 6.5798e-04 1.3429e-04 1.8103e-01 1.6747e-05
384 1.0000e-03 5.8200e-05 1.5400e-04 6.9246e-04 1.3651e-04 1.8047e-01 1.7489e-05
385 0.0000e+00 6.4300e-05 1.3890e-04 5.9966e-04 1.3890e-04 1.8001e-01 0.0000e+00
386 5.0000e-04 6.7200e-05 1.4953e-04 5.7660e-04 1.4091e-04 1.7957e-01 8.6108e-06
387 0.0000e+00 6.4300e-05 1.4285e-04 5.0657e-04 1.4285e-04 1.7921e-01 0.0000e+00
388 0.0000e+00 5.8200e-05 1.4448e-04 4.4833e-04 1.4448e-04 1.7891e-01 0.0000e+00
389 0.0000e+00 4.7500e-05 1.4586e-04 3.9764e-04 1.4586e-04 1.7865e-01 0.0000e+00
390 5.0000e-04 3.3600e-05 1.5301e-04 3.8651e-04 1.4701e-04 1.7841e-01 6.0028e-06
391 0.0000e+00 1.6300e-05 1.4811e-04 3.4083e-04 1.4811e-04 1.7822e-01 0.0000e+00
392 5.0000e-04 0.0000e+00 1.5927e-04 3.5971e-04 1.4901e-04 1.7801e-01 1.0265e-05
393 5.0000e-04 0.0000e+00 1.6140e-04 3.7822e-04 1.4999e-04 1.7778e-01 1.1403e-05
394 0.0000e+00 0.0000e+00 1.5107e-04 3.2946e-04 1.5107e-04 1.7760e-01 0.0000e+00
395 0.0000e+00 0.0000e+00 1.5191e-04 2.9100e-04 1.5191e-04 1.7747e-01 0.0000e+00
396 0.0000e+00 0.0000e+00 1.5257e-04 2.5787e-04 1.5257e-04 1.7736e-01 0.0000e+00
397 0.0000e+00 0.0000e+00 1.5308e-04 2.2903e-04 1.5308e-04 1.7728e-01 0.0000e+00
398 0.0000e+00 0.0000e+00 1.5344e-04 2.0377e-04 1.5344e-04 1.7723e-01 0.0000e+00
399 0.0000e+00 0.0000e+00 1.5368e-04 1.8156e-04 1.5368e-04 1.7721e-01 0.0000e+00
400 0.0000e+00 0.0000e+00 1.5381e-04 1.6196e-04 1.5381e-04 1.7720e-01 0.0000e+00
401 0.0000e+00 0.0000e+00 1.5385e-04 1.4464e-04 1.5385e-04 1.7721e-01 0.0000e+00
402 1.0000e-03 0.0000e+00 1.7662e-04 2.5698e-04 1.5381e-04 1.7710e-01 2.2805e-05
403 0.0000e+00 0.0000e+00 1.5431e-04 2.1706e-04 1.5431e-04 1.7704e-01 0.0000e+00
404 0.0000e+00 0.0000e+00 1.5461e-04 1.9016e-04 1.5461e-04 1.7701e-01 0.0000e+00
405 5.0000e-04 2.4600e-05 1.6618e-04 2.3154e-04 1.5478e-04 1.7693e-01 1.1403e-05
406 5.0000e-04 4.7400e-05 1.6599e-04 2.5986e-04 1.5515e-04 1.7682e-01 1.0842e-05
407 0.0000e+00 6.7100e-05 1.5566e-04 2.2317e-04 1.5566e-04 1.7676e-01 0.0000e+00
408 5.0000e-04 8.2200e-05 1.6478e-04 2.4500e-04 1.5599e-04 1.7667e-01 8.7930e-06
409 0.0000e+00 9.0900e-05 1.5642e-04 2.1148e-04 1.5642e-04 1.7661e-01 0.0000e+00
410 0.0000e+00 9.5000e-05 1.5669e-04 1.8573e-04 1.5669e-04 1.7658e-01 0.0000e+00
411 0.0000e+00 9.0900e-05 1.5684e-04 1.6381e-04 1.5684e-04 1.7658e-01 0.0000e+00
412 0.0000e+00 8.2200e-05 1.5687e-04 1.4491e-04 1.5687e-04 1.7659e-01 0.0000e+00
413 0.0000e+00 6.7100e-05 1.5681e-04 1.2848e-04 1.5681e-04 1.7662e-01 0.0000e+00
414 0.0000e+00 4.7400e-05 1.5667e-04 1.1413e-04 1.5667e-04 1.7666e-01 0.0000e+00
415 0.0000e+00 2.3000e-05 1.5646e-04 1.0154e-04 1.5646e-04 1.7671e-01 0.0000e+00
416 0.0000e+00 0.0000e+00 1.5620e-04 9.0469e-05 1.5620e-04 1.7678e-01 0.0000e+00
417 0.0000e+00 0.0000e+00 1.5588e-04 8.0701e-05 1.5588e-04 1.7686e-01 0.0000e+00
418 0.0000e+00 0.0000e+00 1.5551e-04 7.2069e-05 1.5551e-04 1.7694e-01 0.0000e+00
419 0.0000e+00 0.0000e+00 1.5511e-04 6.4427e-05 1.5511e-04 1.7703e-01 0.0000e+00
420 0.0000e+00 0.0000e+00 1.5467e-04 5.7649e-05 1.5467e-04 1.7713e-01 0.0000e+00
421 0.0000e+00 0.0000e+00 1.5420e-04 5.1629e-05 1.5420e-04 1.7723e-01 0.0000e+00
422 0.0000e+00 0.0000e+00 1.5370e-04 4.6277e-05 1.5370e-04 1.7734e-01 0.0000e+00
423 0.0000e+00 0.0000e+00 1.5319e-04 4.1511e-05 1.5319e-04 1.7745e-01 0.0000e+00
424 0.0000e+00 0.0000e+00 1.5266e-04 3.7264e-05 1.5266e-04 1.7756e-01 0.0000e+00
425 0.0000e+00 0.0000e+00 1.5211e-04 3.3474e-05 1.5211e-04 1.7768e-01 0.0000e+00
426 0.0000e+00 0.0000e+00 1.5154e-04 3.0089e-05 1.5154e-04 1.7780e-01 0.0000e+00
427 5.0000e-04 0.0000e+00 1.5097e-04 2.7064e-05 1.5097e-04 1.7793e-01 0.0000e+00
428 2.0000e-03 0.0000e+00 1.9427e-04 2.6871e-04 1.5039e-04 1.7781e-01 4.3882e-05
429 3.0000e-03 3.2600e-05 2.1936e-04 5.9754e-04 1.5094e-04 1.7736e-01 6.8416e-05
430 2.0000e-03 6.2900e-05 1.9793e-04 7.4099e-04 1.5306e-04 1.7677e-01 4.4867e-05
431 1.0000e-03 8.9000e-05 1.7727e-04 7.4239e-04 1.5590e-04 1.7619e-01 2.1371e-05
432 0.0000e+00 1.0900e-04 1.5879e-04 6.3390e-04 1.5879e-04 1.7571e-01 0.0000e+00
433 5.0000e-04 1.2060e-04 1.6805e-04 5.8957e-04 1.6116e-04 1.7528e-01 6.8917e-06
434 0.0000e+00 1.2590e-04 1.6333e-04 5.1179e-04 1.6333e-04 1.7494e-01 0.0000e+00
435 0.0000e+00 1.2060e-04 1.6512e-04 4.4796e-04 1.6512e-04 1.7465e-01 0.0000e+00
436 0.0000e+00 1.0900e-04 1.6659e-04 3.9341e-04 1.6659e-04 1.7443e-01 0.0000e+00
437 3.5000e-03 8.9000e-05 2.3677e-04 7.4133e-04 1.6777e-04 1.7385e-01 6.9000e-05
438 0.0000e+00 6.2900e-05 1.7081e-04 6.1810e-04 1.7081e-04 1.7341e-01 0.0000e+00
439 0.0000e+00 3.0500e-05 1.7321e-04 5.3648e-04 1.7321e-04 1.7304e-01 0.0000e+00
440 0.0000e+00 0.0000e+00 1.7519e-04 4.6886e-04 1.7519e-04 1.7275e-01 0.0000e+00
441 0.0000e+00 0.0000e+00 1.7680e-04 4.1148e-04 1.7680e-04 1.7251e-01 0.0000e+00
442 0.0000e+00 0.0000e+00 1.7811e-04 3.6216e-04 1.7811e-04 1.7233e-01 0.0000e+00
443 0.0000e+00 0.0000e+00 1.7913e-04 3.1945e-04 1.7913e-04 1.7219e-01 0.0000e+00
444 5.0000e-04 0.0000e+00 1.8717e-04 3.2456e-04 1.7992e-04 1.7205e-01 7.2477e-06
445 0.0000e+00 0.0000e+00 1.8074e-04 2.8289e-04 1.8074e-04 1.7194e-01 0.0000e+00
446 0.0000e+00 0.0000e+00 1.8131e-04 2.4947e-04 1.8131e-04 1.7187e-01 0.0000e+00
447 0.0000e+00 0.0000e+00 1.8170e-04 2.2061e-04 1.8170e-04 1.7184e-01 0.0000e+00
448 0.0000e+00 0.0000e+00 1.8192e-04 1.9547e-04 1.8192e-04 1.7182e-01 0.0000e+00
449 0.0000e+00 0.0000e+00 1.8200e-04 1.7346e-04 1.8200e-04 1.7183e-01 0.0000e+00
450 0.0000e+00 0.0000e+00 1.8195e-04 1.5413e-04 1.8195e-04 1.7186e-01 0.0000e+00
451 0.0000e+00 0.0000e+00 1.8179e-04 1.3711e-04 1.8179e-04 1.7190e-01 0.0000e+00
452 5.0000e-04 0.0000e+00 1.9294e-04 1.8875e-04 1.8154e-04 1.7190e-01 1.1403e-05
453 0.0000e+00 2.2400e-05 1.8158e-04 1.6077e-04 1.8158e-04 1.7192e-01 0.0000e+00
454 0.0000e+00 4.3300e-05 1.8146e-04 1.4109e-04 1.8146e-04 1.7196e-01 0.0000e+00
455 0.0000e+00 6.1200e-05 1.8123e-04 1.2450e-04 1.8123e-04 1.7201e-01 0.0000e+00
456 0.0000e+00 7.5000e-05 1.8091e-04 1.1022e-04 1.8091e-04 1.7208e-01 0.0000e+00
457 0.0000e+00 8.3000e-05 1.8051e-04 9.7794e-05 1.8051e-04 1.7217e-01 0.0000e+00
458 0.0000e+00 8.6600e-05 1.8005e-04 8.6926e-05 1.8005e-04 1.7226e-01 0.0000e+00
459 0.0000e+00 8.3000e-05 1.7952e-04 7.7380e-05 1.7952e-04 1.7236e-01 0.0000e+00
460 0.0000e+00 7.5000e-05 1.7895e-04 6.8971e-05 1.7895e-04 1.7247e-01 0.0000e+00
461 0.0000e+00 6.1200e-05 1.7834e-04 6.1547e-05 1.7834e-04 1.7259e-01 0.0000e+00
462 0.0000e+00 4.3300e-05 1.7769e-04 5.4979e-05 1.7769e-04 1.7271e-01 0.0000e+00
463 0.0000e+00 2.1000e-05 1.7701e-04 4.9158e-05 1.7701e-04 1.7284e-01 0.0000e+00
464 0.0000e+00 0.0000e+00 1.7630e-04 4.3992e-05 1.7630e-04 1.7297e-01 0.0000e+00
465 1.0000e-03 0.0000e+00 1.8353e-04 8.5484e-05 1.7557e-04 1.7306e-01 7.9552e-06
466 5.0000e-04 0.0000e+00 1.8648e-04 1.3734e-04 1.7508e-04 1.7310e-01 1.1403e-05
467 0.0000e+00 0.0000e+00 1.7487e-04 1.1384e-04 1.7487e-04 1.7316e-01 0.0000e+00
468 0.0000e+00 0.0000e+00 1.7454e-04 9.8453e-05 1.7454e-04 1.7324e-01 0.0000e+00
469 5.0000e-04 0.0000e+00 1.8553e-04 1.5182e-04 1.7413e-04 1.7326e-01 1.1403e-05
470 0.0000e+00 0.0000e+00 1.7400e-04 1.2698e-04 1.7400e-04 1.7331e-01 0.0000e+00
471 0.0000e+00 0.0000e+00 1.7375e-04 1.1015e-04 1.7375e-04 1.7337e-01 0.0000e+00
472 5.0000e-04 0.0000e+00 1.8481e-04 1.6210e-04 1.7340e-04 1.7338e-01 1.1403e-05
473 5.0000e-04 0.0000e+00 1.8475e-04 2.0193e-04 1.7334e-04 1.7335e-01 1.1403e-05
474 0.0000e+00 0.0000e+00 1.7350e-04 1.6983e-04 1.7350e-04 1.7336e-01 0.0000e+00
475 0.0000e+00 0.0000e+00 1.7348e-04 1.4720e-04 1.7348e-04 1.7338e-01 0.0000e+00
476 0.0000e+00 0.0000e+00 1.7334e-04 1.2851e-04 1.7334e-04 1.7343e-01 0.0000e+00
477 0.0000e+00 9.2000e-06 1.7309e-04 1.1271e-04 1.7309e-04 1.7349e-01 0.0000e+00
478 0.0000e+00 1.7800e-05 1.7277e-04 9.9177e-05 1.7277e-04 1.7356e-01 0.0000e+00
479 0.0000e+00 2.5200e-05 1.7237e-04 8.7494e-05 1.7237e-04 1.7365e-01 0.0000e+00
480 0.0000e+00 3.0900e-05 1.7191e-04 7.7354e-05 1.7191e-04 1.7374e-01 0.0000e+00
481 0.0000e+00 3.4200e-05 1.7141e-04 6.8515e-05 1.7141e-04 1.7384e-01 0.0000e+00
482 5.0000e-04 3.5700e-05 1.7959e-04 1.1099e-04 1.7086e-04 1.7390e-01 8.7301e-06
483 2.5000e-03 3.4200e-05 2.2674e-04 4.1644e-04 1.7054e-04 1.7366e-01 5.6200e-05
484 1.0000e-03 3.0900e-05 1.9388e-04 4.6243e-04 1.7185e-04 1.7337e-01 2.2026e-05
485 0.0000e+00 2.5200e-05 1.7342e-04 3.8738e-04 1.7342e-04 1.7315e-01 0.0000e+00
486 1.0000e-03 1.7800e-05 1.9611e-04 4.5845e-04 1.7458e-04 1.7287e-01 2.1526e-05
487 0.0000e+00 8.6000e-06 1.7614e-04 3.8806e-04 1.7614e-04 1.7266e-01 0.0000e+00
488 0.0000e+00 0.0000e+00 1.7731e-04 3.3665e-04 1.7731e-04 1.7250e-01 0.0000e+00
489 0.0000e+00 0.0000e+00 1.7819e-04 2.9381e-04 1.7819e-04 1.7238e-01 0.0000e+00
490 0.0000e+00 0.0000e+00 1.7884e-04 2.5744e-04 1.7884e-04 1.7230e-01 0.0000e+00
491 0.0000e+00 0.0000e+00 1.7928e-04 2.2623e-04 1.7928e-04 1.7226e-01 0.0000e+00
492 0.0000e+00 0.0000e+00 1.7954e-04 1.9928e-04 1.7954e-04 1.7224e-01 0.0000e+00
493 0.0000e+00 0.0000e+00 1.7965e-04 1.7589e-04 1.7965e-04 1.7224e-01 0.0000e+00
494 0.0000e+00 0.0000e+00 1.7963e-04 1.5551e-04 1.7963e-04 1.7227e-01 0.0000e+00
495 0.0000e+00 0.0000e+00 1.7950e-04 1.3771e-04 1.7950e-04 1.7231e-01 0.0000e+00
496 0.0000e+00 0.0000e+00 1.7926e-04 1.2212e-04 1.7926e-04 1.7236e-01 0.0000e+00
497 0.0000e+00 0.0000e+00 1.7894e-04 1.0843e-04 1.7894e-04 1.7243e-01 0.0000e+00
498 0.0000e+00 0.0000e+00 1.7855e-04 9.6386e-05 1.7855e-04 1.7252e-01 0.0000e+00
499 0.0000e+00 0.0000e+00 1.7809e-04 8.5775e-05 1.7809e-04 1.7261e-01 0.0000e+00
500 0.0000e+00 0.0000e+00 1.7758e-04 7.6411e-05 1.7758e-04 1.7271e-01 0.0000e+00
501 0.0000e+00 6.3800e-05 1.7702e-04 6.8133e-05 1.7702e-04 1.7282e-01 0.0000e+00
502 0.0000e+00 1.2310e-04 1.7642e-04 6.0808e-05 1.7642e-04 1.7293e-01 0.0000e+00
503 0.0000e+00 1.7420e-04 1.7578e-04 5.4316e-05 1.7578e-04 1.7306e-01 0.0000e+00
504 0.0000e+00 2.1330e-04 1.7511e-04 4.8556e-05 1.7511e-04 1.7318e-01 0.0000e+00
505 0.0000e+00 2.3600e-04 1.7442e-04 4.3441e-05 1.7442e-04 1.7331e-01 0.0000e+00
506 0.0000e+00 2.4640e-04 1.7371e-04 3.8894e-05 1.7371e-04 1.7345e-01 0.0000e+00
507 0.0000e+00 2.3600e-04 1.7298e-04 3.4847e-05 1.7298e-04 1.7359e-01 0.0000e+00
508 0.0000e+00 2.1330e-04 1.7223e-04 3.1242e-05 1.7223e-04 1.7373e-01 0.0000e+00
509 0.0000e+00 1.7420e-04 1.7148e-04 2.8028e-05 1.7148e-04 1.7387e-01 0.0000e+00
510 0.0000e+00 1.2310e-04 1.7071e-04 2.5161e-05 1.7071e-04 1.7402e-01 0.0000e+00
511 0.0000e+00 5.9600e-05 1.6994e-04 2.2600e-05 1.6994e-04 1.7416e-01 0.0000e+00
512 0.0000e+00 0.0000e+00 1.6915e-04 2.0312e-05 1.6915e-04 1.7431e-01 0.0000e+00
513 0.0000e+00 0.0000e+00 1.6837e-04 1.8265e-05 1.6837e-04 1.7446e-01 0.0000e+00
514 0.0000e+00 0.0000e+00 1.6758e-04 1.6434e-05 1.6758e-04 1.7461e-01 0.0000e+00
515 0.0000e+00 0.0000e+00 1.6679e-04 1.4794e-05 1.6679e-04 1.7477e-01 0.0000e+00
516 0.0000e+00 0.0000e+00 1.6600e-04 1.3324e-05 1.6600e-04 1.7492e-01 0.0000e+00
517 0.0000e+00 0.0000e+00 1.6521e-04 1.2007e-05 1.6521e-04 1.7507e-01 0.0000e+00
518 0.0000e+00 0.0000e+00 1.6442e-04 1.0824e-05 1.6442e-04 1.7523e-01 0.0000e+00
519 0.0000e+00 0.0000e+00 1.6364e-04 9.7631e-06 1.6364e-04 1.7538e-01 0.0000e+00
520 0.0000e+00 0.0000e+00 1.6285e-04 8.8098e-06 1.6285e-04 1.7553e-01 0.0000e+00
521 0.0000e+00 0.0000e+00 1.6207e-04 7.9531e-06 1.6207e-04 1.7569e-01 0.0000e+00
522 0.0000e+00 0.0000e+00 1.6129e-04 7.1827e-06 1.6129e-04 1.7584e-01 0.0000e+00
523 0.0000e+00 0.0000e+00 1.6051e-04 6.4890e-06 1.6051e-04 1.7600e-01 0.0000e+00
524 0.0000e+00 0.0000e+00 1.5974e-04 5.8653e-06 1.5974e-04 1.7615e-01 0.0000e+00
525 0.0000e+00 4.1700e-05 1.5898e-04 5.3036e-06 1.5898e-04 1.7630e-01 0.0000e+00
526 0.0000e+00 8.0400e-05 1.5822e-04 4.7975e-06 1.5822e-04 1.7646e-01 0.0000e+00
527 0.0000e+00 1.1380e-04 1.5746e-04 4.3413e-06 1.5746e-04 1.7661e-01 0.0000e+00
528 0.0000e+00 1.3930e-04 1.5671e-04 3.9299e-06 1.5671e-04 1.7676e-01 0.0000e+00
529 0.0000e+00 1.5420e-04 1.5596e-04 3.5588e-06 1.5596e-04 1.7692e-01 0.0000e+00
530 0.0000e+00 1.6090e-04 1.5522e-04 3.2238e-06 1.5522e-04 1.7707e-01 0.0000e+00
531 0.0000e+00 1.5420e-04 1.5448e-04 2.9213e-06 1.5448e-04 1.7722e-01 0.0000e+00
532 0.0000e+00 1.3930e-04 1.5375e-04 2.6481e-06 1.5375e-04 1.7737e-01 0.0000e+00
533 0.0000e+00 1.1380e-04 1.5303e-04 2.4006e-06 1.5303e-04 1.7752e-01 0.0000e+00
534 0.0000e+00 8.0400e-05 1.5231e-04 2.1775e-06 1.5231e-04 1.7767e-01 0.0000e+00
535 0.0000e+00 3.8900e-05 1.5160e-04 1.9758e-06 1.5160e-04 1.7782e-01 0.0000e+00
536 0.0000e+00 0.0000e+00 1.5089e-04 1.7933e-06 1.5089e-04 1.7797e-01 0.0000e+00
537 0.0000e+00 0.0000e+00 1.5019e-04 1.6282e-06 1.5019e-04 1.7812e-01 0.0000e+00
538 0.0000e+00 0.0000e+00 1.4949e-04 1.4787e-06 1.4949e-04 1.7827e-01 0.0000e+00
539 0.0000e+00 0.0000e+00 1.4880e-04 1.3433e-06 1.4880e-04 1.7841e-01 0.0000e+00
540 0.0000e+00 0.0000e+00 1.4812e-04 1.2206e-06 1.4812e-04 1.7856e-01 0.0000e+00
541 0.0000e+00 0.0000e+00 1.4744e-04 1.1094e-06 1.4744e-04 1.7871e-01 0.0000e+00
542 0.0000e+00 0.0000e+00 1.4677e-04 1.0087e-06 1.4677e-04 1.7885e-01 0.0000e+00
543 0.0000e+00 0.0000e+00 1.4610e-04 9.1649e-07 1.4610e-04 1.7900e-01 0.0000e+00
544 0.0000e+00 0.0000e+00 1.4544e-04 8.3374e-07 1.4544e-04 1.7914e-01 0.0000e+00
545 0.0000e+00 0.0000e+00 1.4479e-04 7.5866e-07 1.4479e-04 1.7929e-01 0.0000e+00
546 0.0000e+00 0.0000e+00 1.4413e-04 6.9050e-07 1.4413e-04 1.7943e-01 0.0000e+00
547 0.0000e+00 0.0000e+00 1.4349e-04 6.2862e-07 1.4349e-04 1.7957e-01 0.0000e+00
548 0.0000e+00 0.0000e+00 1.4285e-04 5.7242e-07 1.4285e-04 1.7971e-01 0.0000e+00
549 0.0000e+00 2.0700e-05 1.4222e-04 5.2137e-07 1.4222e-04 1.7986e-01 0.0000e+00
550 0.0000e+00 4.0000e-05 1.4159e-04 4.7498e-07 1.4159e-04 1.8000e-01 0.0000e+00
551 0.0000e+00 5.6600e-05 1.4097e-04 4.3281e-07 1.4097e-04 1.8014e-01 0.0000e+00
552 1.0000e-03 6.9300e-05 1.4035e-04 3.9448e-07 1.4035e-04 1.8028e-01 0.0000e+00
553 1.0000e-03 7.6600e-05 1.3974e-04 3.5855e-07 1.3974e-04 1.8042e-01 0.0000e+00
554 2.0000e-03 8.0000e-05 1.5505e-04 9.2354e-05 1.3913e-04 1.8046e-01 1.5920e-05
555 1.5000e-03 7.6600e-05 1.7027e-04 2.5118e-04 1.3893e-04 1.8035e-01 3.1342e-05
556 0.0000e+00 6.9300e-05 1.3941e-04 2.0441e-04 1.3941e-04 1.8029e-01 0.0000e+00
557 5.0000e-04 5.6600e-05 1.4774e-04 2.2015e-04 1.3970e-04 1.8021e-01 8.0432e-06
558 0.0000e+00 4.0000e-05 1.4005e-04 1.8809e-04 1.4005e-04 1.8016e-01 0.0000e+00
559 0.0000e+00 1.9400e-05 1.4026e-04 1.6372e-04 1.4026e-04 1.8014e-01 0.0000e+00
560 0.0000e+00 0.0000e+00 1.4036e-04 1.4326e-04 1.4036e-04 1.8013e-01 0.0000e+00
561 0.0000e+00 0.0000e+00 1.4037e-04 1.2585e-04 1.4037e-04 1.8015e-01 0.0000e+00
562 0.0000e+00 0.0000e+00 1.4031e-04 1.1090e-04 1.4031e-04 1.8018e-01 0.0000e+00
563 0.0000e+00 0.0000e+00 1.4018e-04 9.7958e-05 1.4018e-04 1.8022e-01 0.0000e+00
564 0.0000e+00 0.0000e+00 1.4000e-04 8.6710e-05 1.4000e-04 1.8027e-01 0.0000e+00
565 5.0000e-04 0.0000e+00 1.4852e-04 1.2482e-04 1.3976e-04 1.8029e-01 8.7592e-06
566 0.0000e+00 0.0000e+00 1.3970e-04 1.0660e-04 1.3970e-04 1.8032e-01 0.0000e+00
567 0.0000e+00 0.0000e+00 1.3955e-04 9.3597e-05 1.3955e-04 1.8037e-01 0.0000e+00
568 0.0000e+00 0.0000e+00 1.3935e-04 8.2551e-05 1.3935e-04 1.8042e-01 0.0000e+00
569 0.0000e+00 0.0000e+00 1.3911e-04 7.3042e-05 1.3911e-04 1.8049e-01 0.0000e+00
570 0.0000e+00 0.0000e+00 1.3882e-04 6.4784e-05 1.3882e-04 1.8056e-01 0.0000e+00
571 0.0000e+00 0.0000e+00 1.3850e-04 5.7573e-05 1.3850e-04 1.8064e-01 0.0000e+00
572 0.0000e+00 0.0000e+00 1.3815e-04 5.1247e-05 1.3815e-04 1.8073e-01 0.0000e+00
573 3.0000e-03 3.0500e-05 2.0364e-04 4.2131e-04 1.3777e-04 1.8045e-01 6.5863e-05
574 1.0000e-03 5.8900e-05 1.6017e-04 4.6161e-04 1.3900e-04 1.8012e-01 2.1168e-05
575 2.5000e-03 8.3300e-05 1.9608e-04 6.9530e-04 1.4041e-04 1.7957e-01 5.5670e-05
576 3.5000e-03 1.0200e-04 2.2079e-04 1.0124e-03 1.4287e-04 1.7870e-01 7.7919e-05
577 1.5000e-03 1.1290e-04 1.7868e-04 1.0286e-03 1.4680e-04 1.7782e-01 3.1882e-05
578 0.0000e+00 1.1780e-04 1.5090e-04 8.8212e-04 1.5090e-04 1.7709e-01 0.0000e+00
579 0.0000e+00 1.1290e-04 1.5439e-04 7.6866e-04 1.5439e-04 1.7647e-01 0.0000e+00
580 0.0000e+00 1.0200e-04 1.5738e-04 6.7292e-04 1.5738e-04 1.7596e-01 0.0000e+00
581 0.0000e+00 8.3300e-05 1.5994e-04 5.9106e-04 1.5994e-04 1.7553e-01 0.0000e+00
582 0.0000e+00 5.8900e-05 1.6211e-04 5.2045e-04 1.6211e-04 1.7517e-01 0.0000e+00
583 0.0000e+00 2.8500e-05 1.6393e-04 4.5920e-04 1.6393e-04 1.7487e-01 0.0000e+00
584 0.0000e+00 0.0000e+00 1.6545e-04 4.0582e-04 1.6545e-04 1.7463e-01 0.0000e+00
585 0.0000e+00 0.0000e+00 1.6670e-04 3.5918e-04 1.6670e-04 1.7444e-01 0.0000e+00
586 0.0000e+00 0.0000e+00 1.6771e-04 3.1831e-04 1.6771e-04 1.7429e-01 0.0000e+00
587 0.0000e+00 0.0000e+00 1.6850e-04 2.8243e-04 1.6850e-04 1.7417e-01 0.0000e+00
588 0.0000e+00 0.0000e+00 1.6910e-04 2.5086e-04 1.6910e-04 1.7409e-01 0.0000e+00
589 5.0000e-04 0.0000e+00 1.6953e-04 2.2306e-04 1.6953e-04 1.7404e-01 0.0000e+00
590 0.0000e+00 0.0000e+00 1.6982e-04 1.9853e-04 1.6982e-04 1.7401e-01 0.0000e+00
591 0.0000e+00 0.0000e+00 1.6997e-04 1.7685e-04 1.6997e-04 1.7400e-01 0.0000e+00
592 5.0000e-04 0.0000e+00 1.7883e-04 2.0836e-04 1.7000e-04 1.7397e-01 8.8230e-06
593 0.0000e+00 0.0000e+00 1.7021e-04 1.8053e-04 1.7021e-04 1.7396e-01 0.0000e+00
594 1.0000e-03 0.0000e+00 1.9307e-04 2.9053e-04 1.7026e-04 1.7383e-01 2.2805e-05
595 0.0000e+00 0.0000e+00 1.7090e-04 2.4445e-04 1.7090e-04 1.7376e-01 0.0000e+00
596 0.0000e+00 0.0000e+00 1.7130e-04 2.1326e-04 1.7130e-04 1.7372e-01 0.0000e+00
597 0.0000e+00 6.2600e-05 1.7152e-04 1.8730e-04 1.7152e-04 1.7370e-01 0.0000e+00
598 0.0000e+00 1.2080e-04 1.7161e-04 1.6518e-04 1.7161e-04 1.7371e-01 0.0000e+00
599 0.0000e+00 1.7090e-04 1.7157e-04 1.4609e-04 1.7157e-04 1.7374e-01 0.0000e+00
600 0.0000e+00 2.0930e-04 1.7144e-04 1.2949e-04 1.7144e-04 1.7378e-01 0.0000e+00
601 0.0000e+00 2.3150e-04 1.7121e-04 1.1497e-04 1.7121e-04 1.7383e-01 0.0000e+00
602 0.0000e+00 2.4180e-04 1.7091e-04 1.0225e-04 1.7091e-04 1.7390e-01 0.0000e+00
603 0.0000e+00 2.3150e-04 1.7054e-04 9.1050e-05 1.7054e-04 1.7398e-01 0.0000e+00
604 0.0000e+00 2.0930e-04 1.7012e-04 8.1177e-05 1.7012e-04 1.7407e-01 0.0000e+00
605 0.0000e+00 1.7090e-04 1.6965e-04 7.2453e-05 1.6965e-04 1.7417e-01 0.0000e+00
606 0.0000e+00 1.2080e-04 1.6913e-04 6.4732e-05 1.6913e-04 1.7427e-01 0.0000e+00
607 0.0000e+00 5.8500e-05 1.6858e-04 5.7887e-05 1.6858e-04 1.7438e-01 0.0000e+00
608 0.0000e+00 0.0000e+00 1.6800e-04 5.1810e-05 1.6800e-04 1.7450e-01 0.0000e+00
609 0.0000e+00 0.0000e+00 1.6739e-04 4.6409e-05 1.6739e-04 1.7462e-01 0.0000e+00
610 0.0000e+00 0.0000e+00 1.6676e-04 4.1602e-05 1.6676e-04 1.7475e-01 0.0000e+00
611 0.0000e+00 0.0000e+00 1.6611e-04 3.7320e-05 1.6611e-04 1.7487e-01 0.0000e+00
612 0.0000e+00 0.0000e+00 1.6544e-04 3.3502e-05 1.6544e-04 1.7501e-01 0.0000e+00
613 0.0000e+00 0.0000e+00 1.6476e-04 3.0094e-05 1.6476e-04 1.7514e-01 0.0000e+00
614 0.0000e+00 0.0000e+00 1.6407e-04 2.7050e-05 1.6407e-04 1.7528e-01 0.0000e+00
615 0.0000e+00 0.0000e+00 1.6337e-04 2.4328e-05 1.6337e-04 1.7542e-01 0.0000e+00
616 0.0000e+00 0.0000e+00 1.6266e-04 2.1892e-05 1.6266e-04 1.7556e-01 0.0000e+00
617 0.0000e+00 0.0000e+00 1.6195e-04 1.9711e-05 1.6195e-04 1.7570e-01 0.0000e+00
618 0.0000e+00 0.0000e+00 1.6123e-04 1.7757e-05 1.6123e-04 1.7584e-01 0.0000e+00
619 0.0000e+00 0.0000e+00 1.6051e-04 1.6005e-05 1.6051e-04 1.7599e-01 0.0000e+00
620 0.0000e+00 0.0000e+00 1.5978e-04 1.4432e-05 1.5978e-04 1.7613e-01 0.0000e+00
621 0.0000e+00 1.4200e-05 1.5906e-04 1.3020e-05 1.5906e-04 1.7628e-01 0.0000e+00
622 0.0000e+00 2.7500e-05 1.5834e-04 1.1752e-05 1.5834e-04 1.7643e-01 0.0000e+00
623 0.0000e+00 3.8900e-05 1.5761e-04 1.0613e-05 1.5761e-04 1.7657e-01 0.0000e+00
624 1.0000e-03 4.7600e-05 1.5689e-04 9.5875e-06 1.5689e-04 1.7672e-01 0.0000e+00
625 1.0000e-03 5.2700e-05 1.5793e-04 1.8575e-05 1.5617e-04 1.7686e-01 1.7632e-06
626 3.0000e-03 5.5000e-05 2.2271e-04 3.9305e-04 1.5550e-04 1.7662e-01 6.7215e-05
627 2.0000e-03 5.2700e-05 2.0101e-04 5.6269e-04 1.5666e-04 1.7621e-01 4.4357e-05
628 1.5000e-03 4.7600e-05 1.9166e-04 6.5248e-04 1.5866e-04 1.7572e-01 3.3006e-05
629 3.5000e-03 3.8900e-05 2.3986e-04 9.9532e-04 1.6113e-04 1.7489e-01 7.8734e-05
630 4.0000e-03 2.7500e-05 2.5572e-04 1.3455e-03 1.6538e-04 1.7371e-01 9.0335e-05
631 5.0000e-03 1.3300e-05 2.8499e-04 1.7819e-03 1.7159e-04 1.7210e-01 1.1340e-04
632 0.0000e+00 0.0000e+00 1.8045e-04 1.4992e-03 1.8045e-04 1.7078e-01 0.0000e+00
633 0.0000e+00 0.0000e+00 1.8804e-04 1.2982e-03 1.8804e-04 1.6967e-01 0.0000e+00
634 1.0000e-03 0.0000e+00 2.1718e-04 1.2650e-03 1.9468e-04 1.6860e-01 2.2502e-05
635 2.5000e-03 0.0000e+00 2.5831e-04 1.4368e-03 2.0130e-04 1.6736e-01 5.7014e-05
636 3.5000e-03 0.0000e+00 2.8904e-04 1.7093e-03 2.0922e-04 1.6586e-01 7.9819e-05
637 3.0000e-03 0.0000e+00 2.8768e-04 1.8654e-03 2.1927e-04 1.6421e-01 6.8416e-05
638 0.0000e+00 0.0000e+00 2.3084e-04 1.5787e-03 2.3084e-04 1.6287e-01 0.0000e+00
639 5.0000e-04 0.0000e+00 2.5265e-04 1.4432e-03 2.4077e-04 1.6166e-01 1.1873e-05
640 0.0000e+00 0.0000e+00 2.4999e-04 1.2503e-03 2.4999e-04 1.6066e-01 0.0000e+00
641 5.0000e-04 0.0000e+00 2.7302e-04 1.1613e-03 2.5793e-04 1.5976e-01 1.5094e-05
642 0.0000e+00 0.0000e+00 2.6531e-04 1.0091e-03 2.6531e-04 1.5902e-01 0.0000e+00
643 5.0000e-04 0.0000e+00 2.8665e-04 9.5319e-04 2.7155e-04 1.5834e-01 1.5094e-05
644 0.0000e+00 0.0000e+00 2.7740e-04 8.2770e-04 2.7740e-04 1.5779e-01 0.0000e+00
645 0.0000e+00 1.6900e-05 2.8221e-04 7.2383e-04 2.8221e-04 1.5734e-01 0.0000e+00
646 0.0000e+00 3.2600e-05 2.8613e-04 6.3427e-04 2.8613e-04 1.5700e-01 0.0000e+00
647 0.0000e+00 4.6100e-05 2.8926e-04 5.5666e-04 2.8926e-04 1.5673e-01 0.0000e+00
648 0.0000e+00 5.6400e-05 2.9169e-04 4.8920e-04 2.9169e-04 1.5653e-01 0.0000e+00
649 0.0000e+00 6.2400e-05 2.9350e-04 4.3041e-04 2.9350e-04 1.5639e-01 0.0000e+00
650 0.0000e+00 6.5200e-05 2.9475e-04 3.7911e-04 2.9475e-04 1.5631e-01 0.0000e+00
651 0.0000e+00 6.2400e-05 2.9553e-04 3.3426e-04 2.9553e-04 1.5627e-01 0.0000e+00
652 0.0000e+00 5.6400e-05 2.9589e-04 2.9502e-04 2.9589e-04 1.5627e-01 0.0000e+00
653 0.0000e+00 4.6100e-05 2.9588e-04 2.6063e-04 2.9588e-04 1.5631e-01 0.0000e+00
654 0.0000e+00 3.2600e-05 2.9556e-04 2.3046e-04 2.9556e-04 1.5637e-01 0.0000e+00
655 0.0000e+00 1.5800e-05 2.9496e-04 2.0397e-04 2.9496e-04 1.5646e-01 0.0000e+00
656 0.0000e+00 0.0000e+00 2.9412e-04 1.8068e-04 2.9412e-04 1.5658e-01 0.0000e+00
657 0.0000e+00 0.0000e+00 2.9308e-04 1.6019e-04 2.9308e-04 1.5671e-01 0.0000e+00
658 0.0000e+00 0.0000e+00 2.9186e-04 1.4214e-04 2.9186e-04 1.5686e-01 0.0000e+00
659 0.0000e+00 0.0000e+00 2.9050e-04 1.2622e-04 2.9050e-04 1.5702e-01 0.0000e+00
660 0.0000e+00 0.0000e+00 2.8901e-04 1.1218e-04 2.8901e-04 1.5720e-01 0.0000e+00
661 0.0000e+00 0.0000e+00 2.8742e-04 9.9770e-05 2.8742e-04 1.5739e-01 0.0000e+00
662 0.0000e+00 0.0000e+00 2.8574e-04 8.8801e-05 2.8574e-04 1.5758e-01 0.0000e+00
663 0.0000e+00 0.0000e+00 2.8399e-04 7.9095e-05 2.8399e-04 1.5779e-01 0.0000e+00
664 0.0000e+00 0.0000e+00 2.8217e-04 7.0500e-05 2.8217e-04 1.5800e-01 0.0000e+00
665 0.0000e+00 0.0000e+00 2.8031e-04 6.2881e-05 2.8031e-04 1.5822e-01 0.0000e+00
666 5.0000e-04 0.0000e+00 2.7870e-04 5.7452e-05 2.7842e-04 1.5844e-01 2.7986e-07
667 0.0000e+00 0.0000e+00 2.7650e-04 5.1141e-05 2.7650e-04 1.5866e-01 0.0000e+00
668 5.0000e-04 0.0000e+00 2.8965e-04 1.1708e-04 2.7456e-04 1.5882e-01 1.5094e-05
669 5.0000e-04 1.5300e-05 2.8831e-04 1.6692e-04 2.7321e-04 1.5893e-01 1.5094e-05
670 0.0000e+00 2.9500e-05 2.7231e-04 1.3699e-04 2.7231e-04 1.5906e-01 0.0000e+00
671 1.0000e-03 4.1700e-05 2.9999e-04 2.5311e-04 2.7116e-04 1.5908e-01 2.8835e-05
672 0.0000e+00 5.1100e-05 2.7100e-04 2.0577e-04 2.7100e-04 1.5915e-01 0.0000e+00
673 0.0000e+00 5.6500e-05 2.7045e-04 1.7530e-04 2.7045e-04 1.5924e-01 0.0000e+00
674 0.0000e+00 5.9000e-05 2.6965e-04 1.5080e-04 2.6965e-04 1.5936e-01 0.0000e+00
675 5.0000e-04 5.6500e-05 2.7747e-04 1.7203e-04 2.6865e-04 1.5946e-01 8.8154e-06
676 5.0000e-04 5.1100e-05 2.8123e-04 2.0842e-04 2.6784e-04 1.5952e-01 1.3388e-05
677 0.0000e+00 4.1700e-05 2.6734e-04 1.7431e-04 2.6734e-04 1.5961e-01 0.0000e+00
678 0.0000e+00 2.9500e-05 2.6657e-04 1.4997e-04 2.6657e-04 1.5973e-01 0.0000e+00
679 1.0000e-03 1.4300e-05 2.9210e-04 2.5419e-04 2.6560e-04 1.5974e-01 2.6498e-05
680 1.0000e-03 0.0000e+00 2.9526e-04 3.4849e-04 2.6550e-04 1.5966e-01 2.9756e-05
681 0.0000e+00 0.0000e+00 2.6619e-04 2.8684e-04 2.6619e-04 1.5963e-01 0.0000e+00
682 0.0000e+00 0.0000e+00 2.6636e-04 2.4492e-04 2.6636e-04 1.5966e-01 0.0000e+00
683 0.0000e+00 0.0000e+00 2.6619e-04 2.1092e-04 2.6619e-04 1.5971e-01 0.0000e+00
684 0.0000e+00 0.0000e+00 2.6573e-04 1.8269e-04 2.6573e-04 1.5979e-01 0.0000e+00
685 0.0000e+00 0.0000e+00 2.6504e-04 1.5891e-04 2.6504e-04 1.5990e-01 0.0000e+00
686 0.0000e+00 0.0000e+00 2.6416e-04 1.3868e-04 2.6416e-04 1.6003e-01 0.0000e+00
687 0.0000e+00 0.0000e+00 2.6313e-04 1.2136e-04 2.6313e-04 1.6017e-01 0.0000e+00
688 0.0000e+00 0.0000e+00 2.6196e-04 1.0644e-04 2.6196e-04 1.6032e-01 0.0000e+00
689 0.0000e+00 0.0000e+00 2.6069e-04 9.3547e-05 2.6069e-04 1.6049e-01 0.0000e+00
690 0.0000e+00 0.0000e+00 2.5933e-04 8.2362e-05 2.5933e-04 1.6067e-01 0.0000e+00
691 0.0000e+00 0.0000e+00 2.5790e-04 7.2632e-05 2.5790e-04 1.6085e-01 0.0000e+00
692 0.0000e+00 0.0000e+00 2.5642e-04 6.4147e-05 2.5642e-04 1.6104e-01 0.0000e+00
693 0.0000e+00 5.6100e-05 2.5488e-04 5.6730e-05 2.5488e-04 1.6124e-01 0.0000e+00
694 0.0000e+00 1.0830e-04 2.5331e-04 5.0234e-05 2.5331e-04 1.6145e-01 0.0000e+00
695 0.0000e+00 1.5320e-04 2.5170e-04 4.4534e-05 2.5170e-04 1.6165e-01 0.0000e+00
696 0.0000e+00 1.8770e-04 2.5008e-04 3.9524e-05 2.5008e-04 1.6186e-01 0.0000e+00
697 0.0000e+00 2.0760e-04 2.4844e-04 3.5114e-05 2.4844e-04 1.6208e-01 0.0000e+00
698 0.0000e+00 2.1680e-04 2.4679e-04 3.1227e-05 2.4679e-04 1.6229e-01 0.0000e+00
699 0.0000e+00 2.0760e-04 2.4513e-04 2.7796e-05 2.4513e-04 1.6251e-01 0.0000e+00
700 5.0000e-04 1.8770e-04 2.4347e-04 2.4763e-05 2.4347e-04 1.6273e-01 0.0000e+00
701 0.0000e+00 1.5320e-04 2.4181e-04 2.2081e-05 2.4181e-04 1.6295e-01 0.0000e+00
702 0.0000e+00 1.0830e-04 2.4016e-04 1.9704e-05 2.4016e-04 1.6317e-01 0.0000e+00
703 0.0000e+00 5.2400e-05 2.3851e-04 1.7597e-05 2.3851e-04 1.6339e-01 0.0000e+00
704 0.0000e+00 0.0000e+00 2.3687e-04 1.5727e-05 2.3687e-04 1.6361e-01 0.0000e+00
705 0.0000e+00 0.0000e+00 2.3524e-04 1.4065e-05 2.3524e-04 1.6383e-01 0.0000e+00
706 0.0000e+00 0.0000e+00 2.3362e-04 1.2588e-05 2.3362e-04 1.6405e-01 0.0000e+00
707 0.0000e+00 0.0000e+00 2.3201e-04 1.1273e-05 2.3201e-04 1.6427e-01 0.0000e+00
708 0.0000e+00 0.0000e+00 2.3042e-04 1.0102e-05 2.3042e-04 1.6449e-01 0.0000e+00
709 0.0000e+00 0.0000e+00 2.2883e-04 9.0575e-06 2.2883e-04 1.6471e-01 0.0000e+00
710 0.0000e+00 0.0000e+00 2.2727e-04 8.1256e-06 2.2727e-04 1.6493e-01 0.0000e+00
711 0.0000e+00 0.0000e+00 2.2572e-04 7.2943e-06 2.2572e-04 1.6515e-01 0.0000e+00
712 0.0000e+00 0.0000e+00 2.2418e-04 6.5516e-06 2.2418e-04 1.6537e-01 0.0000e+00
713 0.0000e+00 0.0000e+00 2.2266e-04 5.8877e-06 2.2266e-04 1.6559e-01 0.0000e+00
714 0.0000e+00 0.0000e+00 2.2116e-04 5.2938e-06 2.2116e-04 1.6580e-01 0.0000e+00
715 0.0000e+00 0.0000e+00 2.1967e-04 4.7621e-06 2.1967e-04 1.6602e-01 0.0000e+00
716 0.0000e+00 0.0000e+00 2.1820e-04 4.2860e-06 2.1820e-04 1.6623e-01 0.0000e+00
717 0.0000e+00 8.5600e-05 2.1675e-04 3.8593e-06 2.1675e-04 1.6644e-01 0.0000e+00
718 0.0000e+00 1.6520e-04 2.1531e-04 3.4766e-06 2.1531e-04 1.6666e-01 0.0000e+00
719 0.0000e+00 2.3380e-04 2.1389e-04 3.1333e-06 2.1389e-04 1.6687e-01 0.0000e+00
720 0.0000e+00 2.8620e-04 2.1249e-04 2.8245e-06 2.1249e-04 1.6708e-01 0.0000e+00
721 0.0000e+00 3.1670e-04 2.1110e-04 2.5478e-06 2.1110e-04 1.6728e-01 0.0000e+00
722 0.0000e+00 3.3060e-04 2.0973e-04 2.2992e-06 2.0973e-04 1.6749e-01 0.0000e+00
723 0.0000e+00 3.1670e-04 2.0837e-04 2.0757e-06 2.0837e-04 1.6770e-01 0.0000e+00
724 0.0000e+00 2.8620e-04 2.0703e-04 1.8747e-06 2.0703e-04 1.6790e-01 0.0000e+00
725 0.0000e+00 2.3380e-04 2.0571e-04 1.6937e-06 2.0571e-04 1.6811e-01 0.0000e+00
726 0.0000e+00 1.6520e-04 2.0440e-04 1.5308e-06 2.0440e-04 1.6831e-01 0.0000e+00
727 0.0000e+00 8.0000e-05 2.0311e-04 1.3841e-06 2.0311e-04 1.6851e-01 0.0000e+00
728 0.0000e+00 0.0000e+00 2.0183e-04 1.2519e-06 2.0183e-04 1.6871e-01 0.0000e+00
729 0.0000e+00 0.0000e+00 2.0057e-04 1.1318e-06 2.0057e-04 1.6891e-01 0.0000e+00
730 0.0000e+00 0.0000e+00 1.9933e-04 1.0245e-06 1.9933e-04 1.6911e-01 0.0000e+00
731 0.0000e+00 0.0000e+00 1.9810e-04 9.2761e-07 1.9810e-04 1.6931e-01 0.0000e+00
732 0.0000e+00 0.0000e+00 1.9688e-04 8.4019e-07 1.9688e-04 1.6950e-01 0.0000e+00
733 0.0000e+00 0.0000e+00 1.9568e-04 7.6125e-07 1.9568e-04 1.6970e-01 0.0000e+00
734 0.0000e+00 0.0000e+00 1.9449e-04 6.8994e-07 1.9449e-04 1.6989e-01 0.0000e+00
735 0.0000e+00 0.0000e+00 1.9331e-04 6.2550e-07 1.9331e-04 1.7008e-01 0.0000e+00
736 0.0000e+00 0.0000e+00 1.9215e-04 5.6725e-07 1.9215e-04 1.7028e-01 0.0000e+00
737 0.0000e+00 0.0000e+00 1.9101e-04 5.1457e-07 1.9101e-04 1.7047e-01 0.0000e+00
738 0.0000e+00 0.0000e+00 1.8987e-04 4.6692e-07 1.8987e-04 1.7066e-01 0.0000e+00
739 0.0000e+00 0.0000e+00 1.8875e-04 4.2268e-07 1.8875e-04 1.7084e-01 0.0000e+00
740 0.0000e+00 0.0000e+00 1.8764e-04 3.8382e-07 1.8764e-04 1.7103e-01 0.0000e+00
741 0.0000e+00 7.4700e-05 1.8655e-04 3.4863e-07 1.8655e-04 1.7122e-01 0.0000e+00
742 0.0000e+00 1.4410e-04 1.8547e-04 3.1674e-07 1.8547e-04 1.7140e-01 0.0000e+00
743 0.0000e+00 2.0380e-04 1.8440e-04 2.8785e-07 1.8440e-04 1.7159e-01 0.0000e+00
744 0.0000e+00 2.4960e-04 1.8334e-04 2.6165e-07 1.8334e-04 1.7177e-01 0.0000e+00
745 0.0000e+00 2.7610e-04 1.8229e-04 2.3790e-07 1.8229e-04 1.7195e-01 0.0000e+00
746 0.0000e+00 2.8830e-04 1.8126e-04 2.1636e-07 1.8126e-04 1.7213e-01 0.0000e+00
747 0.0000e+00 2.7610e-04 1.8024e-04 1.9681e-07 1.8024e-04 1.7231e-01 0.0000e+00
748 0.0000e+00 2.4960e-04 1.7923e-04 1.7908e-07 1.7923e-04 1.7249e-01 0.0000e+00
749 0.0000e+00 2.0380e-04 1.7823e-04 1.6165e-07 1.7823e-04 1.7267e-01 0.0000e+00
750 0.0000e+00 1.4410e-04 1.7724e-04 1.4721e-07 1.7724e-04 1.7285e-01 0.0000e+00
751 0.0000e+00 6.9800e-05 1.7626e-04 1.3408e-07 1.7626e-04 1.7302e-01 0.0000e+00
752 0.0000e+00 0.0000e+00 1.7529e-04 1.2215e-07 1.7529e-04 1.7320e-01 0.0000e+00
753 0.0000e+00 0.0000e+00 1.7433e-04 1.1131e-07 1.7433e-04 1.7337e-01 0.0000e+00
754 0.0000e+00 0.0000e+00 1.7339e-04 1.0145e-07 1.7339e-04 1.7355e-01 0.0000e+00
755 0.0000e+00 0.0000e+00 1.7245e-04 9.2477e-08 1.7245e-04 1.7372e-01 0.0000e+00
756 0.0000e+00 0.0000e+00 1.7152e-04 8.4317e-08 1.7152e-04 1.7389e-01 0.0000e+00
757 0.0000e+00 0.0000e+00 1.7061e-04 7.6892e-08 1.7061e-04 1.7406e-01 0.0000e+00
758 0.0000e+00 0.0000e+00 1.6970e-04 7.0135e-08 1.6970e-04 1.7423e-01 0.0000e+00
759 0.0000e+00 0.0000e+00 1.6880e-04 6.2551e-08 1.6880e-04 1.7440e-01 0.0000e+00
760 0.0000e+00 0.0000e+00 1.6792e-04 5.7118e-08 1.6792e-04 1.7457e-01 0.0000e+00
761 0.0000e+00 0.0000e+00 1.6704e-04 5.2165e-08 1.6704e-04 1.7473e-01 0.0000e+00
762 0.0000e+00 0.0000e+00 1.6617e-04 4.7649e-08 1.6617e-04 1.7490e-01 0.0000e+00
763 0.0000e+00 0.0000e+00 1.6531e-04 4.3532e-08 1.6531e-04 1.7507e-01 0.0000e+00
764 0.0000e+00 0.0000e+00 1.6446e-04 3.9776e-08 1.6446e-04 1.7523e-01 0.0000e+00
765 0.0000e+00 9.6700e-05 1.6361e-04 3.6350e-08 1.6361e-04 1.7539e-01 0.0000e+00
766 0.0000e+00 1.8660e-04 1.6278e-04 3.3225e-08 1.6278e-04 1.7556e-01 0.0000e+00
767 0.0000e+00 2.6400e-04 1.6195e-04 3.0373e-08 1.6195e-04 1.7572e-01 0.0000e+00
768 0.0000e+00 3.2330e-04 1.6114e-04 2.7770e-08 1.6114e-04 1.7588e-01 0.0000e+00
769 0.0000e+00 3.5770e-04 1.6033e-04 2.3937e-08 1.6033e-04 1.7604e-01 0.0000e+00
770 0.0000e+00 3.7350e-04 1.5953e-04 2.1921e-08 1.5953e-04 1.7620e-01 0.0000e+00
771 0.0000e+00 3.5770e-04 1.5873e-04 2.0078e-08 1.5873e-04 1.7636e-01 0.0000e+00
772 0.0000e+00 3.2330e-04 1.5795e-04 1.8391e-08 1.5795e-04 1.7652e-01 0.0000e+00
773 0.0000e+00 2.6400e-04 1.5717e-04 1.6848e-08 1.5717e-04 1.7667e-01 0.0000e+00
774 0.0000e+00 1.8660e-04 1.5640e-04 1.5437e-08 1.5640e-04 1.7683e-01 0.0000e+00
775 0.0000e+00 9.0400e-05 1.5564e-04 1.4146e-08 1.5564e-04 1.7698e-01 0.0000e+00
776 0.0000e+00 0.0000e+00 1.5488e-04 1.2964e-08 1.5488e-04 1.7714e-01 0.0000e+00
777 0.0000e+00 0.0000e+00 1.5413e-04 1.1882e-08 1.5413e-04 1.7729e-01 0.0000e+00
778 0.0000e+00 0.0000e+00 1.5339e-04 1.0892e-08 1.5339e-04 1.7745e-01 0.0000e+00
779 0.0000e+00 0.0000e+00 1.5266e-04 9.9857e-09 1.5266e-04 1.7760e-01 0.0000e+00
780 0.0000e+00 0.0000e+00 1.5193e-04 7.9425e-09 1.5193e-04 1.7775e-01 0.0000e+00
781 0.0000e+00 0.0000e+00 1.5121e-04 7.2981e-09 1.5121e-04 1.7790e-01 0.0000e+00
782 0.0000e+00 0.0000e+00 1.5050e-04 6.7066e-09 1.5050e-04 1.7805e-01 0.0000e+00
783 0.0000e+00 0.0000e+00 1.4980e-04 6.1636e-09 1.4980e-04 1.7820e-01 0.0000e+00
784 0.0000e+00 0.0000e+00 1.4910e-04 5.6651e-09 1.4910e-04 1.7835e-01 0.0000e+00
785 0.0000e+00 0.0000e+00 1.4840e-04 5.2074e-09 1.4840e-04 1.7850e-01 0.0000e+00
786 0.0000e+00 0.0000e+00 1.4772e-04 4.7870e-09 1.4772e-04 1.7865e-01 0.0000e+00
787 0.0000e+00 0.0000e+00 1.4704e-04 4.4011e-09 1.4704e-04 1.7880e-01 0.0000e+00
788 0.0000e+00 0.0000e+00 1.4636e-04 4.0466e-09 1.4636e-04 1.7894e-01 0.0000e+00
789 0.0000e+00 1.2590e-04 1.4569e-04 3.7209e-09 1.4569e-04 1.7909e-01 0.0000e+00
790 0.0000e+00 2.4290e-04 1.4503e-04 2.4635e-09 1.4503e-04 1.7923e-01 0.0000e+00
791 0.0000e+00 3.4370e-04 1.4438e-04 2.2723e-09 1.4438e-04 1.7938e-01 0.0000e+00
792 0.0000e+00 4.2090e-04 1.4373e-04 2.0961e-09 1.4373e-04 1.7952e-01 0.0000e+00
793 0.0000e+00 4.6560e-04 1.4308e-04 1.9336e-09 1.4308e-04 1.7966e-01 0.0000e+00
794 0.0000e+00 4.8620e-04 1.4244e-04 1.7839e-09 1.4244e-04 1.7981e-01 0.0000e+00
795 0.0000e+00 4.6560e-04 1.4181e-04 1.6459e-09 1.4181e-04 1.7995e-01 0.0000e+00
796 0.0000e+00 4.2090e-04 1.4118e-04 1.5186e-09 1.4118e-04 1.8009e-01 0.0000e+00
797 0.0000e+00 3.4370e-04 1.4056e-04 1.4013e-09 1.4056e-04 1.8023e-01 0.0000e+00
798 0.0000e+00 2.4290e-04 1.3995e-04 1.2932e-09 1.3995e-04 1.8037e-01 0.0000e+00
799 0.0000e+00 1.1760e-04 1.3934e-04 1.1934e-09 1.3934e-04 1.8051e-01 0.0000e+00
800 0.0000e+00 0.0000e+00 1.3873e-04 5.5725e-10 1.3873e-04 1.8065e-01 0.0000e+00
801 0.0000e+00 0.0000e+00 1.3813e-04 5.1622e-10 1.3813e-04 1.8079e-01 0.0000e+00
802 0.0000e+00 0.0000e+00 1.3754e-04 4.7824e-10 1.3754e-04 1.8092e-01 0.0000e+00
803 0.0000e+00 0.0000e+00 1.3695e-04 4.4307e-10 1.3695e-04 1.8106e-01 0.0000e+00
804 0.0000e+00 0.0000e+00 1.3636e-04 4.1050e-10 1.3636e-04 1.8120e-01 0.0000e+00
805 0.0000e+00 0.0000e+00 1.3578e-04 3.8035e-10 1.3578e-04 1.8133e-01 0.0000e+00
806 0.0000e+00 0.0000e+00 1.3521e-04 3.5243e-10 1.3521e-04 1.8147e-01 0.0000e+00
807 0.0000e+00 0.0000e+00 1.3464e-04 3.2658e-10 1.3464e-04 1.8160e-01 0.0000e+00
808 0.0000e+00 0.0000e+00 1.3407e-04 3.0264e-10 1.3407e-04 1.8174e-01 0.0000e+00
809 0.0000e+00 0.0000e+00 1.3351e-04 2.8047e-10 1.3351e-04 1.8187e-01 0.0000e+00
810 0.0000e+00 0.0000e+00 1.3295e-04 2.5993e-10 1.3295e-04 1.8200e-01 0.0000e+00
811 0.0000e+00 0.0000e+00 1.3240e-04 7.1034e-11 1.3240e-04 1.8214e-01 0.0000e+00
812 0.0000e+00 0.0000e+00 1.3186e-04 6.6101e-11 1.3186e-04 1.8227e-01 0.0000e+00
813 0.0000e+00 3.0400e-05 1.3131e-04 6.1513e-11 1.3131e-04 1.8240e-01 0.0000e+00
814 0.0000e+00 5.8700e-05 1.3078e-04 5.7246e-11 1.3078e-04 1.8253e-01 0.0000e+00
815 0.0000e+00 8.3100e-05 1.3024e-04 5.3277e-11 1.3024e-04 1.8266e-01 0.0000e+00
816 0.0000e+00 1.0180e-04 1.2971e-04 4.9585e-11 1.2971e-04 1.8279e-01 0.0000e+00
817 0.0000e+00 1.1260e-04 1.2919e-04 4.6150e-11 1.2919e-04 1.8292e-01 0.0000e+00
818 0.0000e+00 1.1760e-04 1.2867e-04 4.2955e-11 1.2867e-04 1.8305e-01 0.0000e+00
819 0.0000e+00 1.1260e-04 1.2815e-04 3.9983e-11 1.2815e-04 1.8318e-01 0.0000e+00
820 0.0000e+00 1.0180e-04 1.2764e-04 3.7218e-11 1.2764e-04 1.8330e-01 0.0000e+00
821 0.0000e+00 8.3100e-05 1.2713e-04 3.4645e-11 1.2713e-04 1.8343e-01 0.0000e+00
822 0.0000e+00 5.8700e-05 1.2663e-04 4.9279e-12 1.2663e-04 1.8356e-01 0.0000e+00
823 0.0000e+00 2.8400e-05 1.2613e-04 4.6045e-12 1.2613e-04 1.8368e-01 0.0000e+00
824 0.0000e+00 0.0000e+00 1.2563e-04 4.3025e-12 1.2563e-04 1.8381e-01 0.0000e+00
825 0.0000e+00 0.0000e+00 1.2514e-04 4.0204e-12 1.2514e-04 1.8393e-01 0.0000e+00
826 0.0000e+00 0.0000e+00 1.2465e-04 3.7569e-12 1.2465e-04 1.8406e-01 0.0000e+00
827 0.0000e+00 0.0000e+00 1.2417e-04 3.5108e-12 1.2417e-04 1.8418e-01 0.0000e+00
828 0.0000e+00 0.0000e+00 1.2369e-04 3.2809e-12 1.2369e-04 1.8431e-01 0.0000e+00
829 0.0000e+00 0.0000e+00 1.2321e-04 3.0662e-12 1.2321e-04 1.8443e-01 0.0000e+00
830 0.0000e+00 0.0000e+00 1.2274e-04 2.8656e-12 1.2274e-04 1.8455e-01 0.0000e+00
831 0.0000e+00 0.0000e+00 1.2227e-04 2.6782e-12 1.2227e-04 1.8467e-01 0.0000e+00
832 0.0000e+00 0.0000e+00 1.2180e-04 2.5031e-12 1.2180e-04 1.8480e-01 0.0000e+00
833 0.0000e+00 0.0000e+00 1.2134e-04 0.0000e+00 1.2134e-04 1.8492e-01 0.0000e+00
834 0.0000e+00 0.0000e+00 1.2088e-04 0.0000e+00 1.2088e-04 1.8504e-01 0.0000e+00
835 0.0000e+00 0.0000e+00 1.2042e-04 0.0000e+00 1.2042e-04 1.8516e-01 0.0000e+00
836 0.0000e+00 0.0000e+00 1.1997e-04 0.0000e+00 1.1997e-04 1.8528e-01 0.0000e+00
837 0.0000e+00 6.6100e-05 1.1952e-04 0.0000e+00 1.1952e-04 1.8540e-01 0.0000e+00
838 0.0000e+00 1.2750e-04 1.1907e-04 0.0000e+00 1.1907e-04 1.8552e-01 0.0000e+00
839 0.0000e+00 1.8040e-04 1.1863e-04 0.0000e+00 1.1863e-04 1.8564e-01 0.0000e+00
840 0.0000e+00 2.2090e-04 1.1819e-04 0.0000e+00 1.1819e-04 1.8575e-01 0.0000e+00
841 0.0000e+00 2.4430e-04 1.1776e-04 0.0000e+00 1.1776e-04 1.8587e-01 0.0000e+00
842 0.0000e+00 2.5510e-04 1.1733e-04 0.0000e+00 1.1733e-04 1.8599e-01 0.0000e+00
843 0.0000e+00 2.4430e-04 1.1690e-04 0.0000e+00 1.1690e-04 1.8611e-01 0.0000e+00
844 0.0000e+00 2.2090e-04 1.1647e-04 0.0000e+00 1.1647e-04 1.8622e-01 0.0000e+00
845 0.0000e+00 1.8040e-04 1.1605e-04 0.0000e+00 1.1605e-04 1.8634e-01 0.0000e+00
846 0.0000e+00 1.2750e-04 1.1563e-04 0.0000e+00 1.1563e-04 1.8645e-01 0.0000e+00
847 0.0000e+00 6.1700e-05 1.1521e-04 0.0000e+00 1.1521e-04 1.8657e-01 0.0000e+00
848 0.0000e+00 0.0000e+00 1.1480e-04 0.0000e+00 1.1480e-04 1.8668e-01 0.0000e+00
849 0.0000e+00 0.0000e+00 1.1438e-04 0.0000e+00 1.1438e-04 1.8680e-01 0.0000e+00
850 0.0000e+00 0.0000e+00 1.1398e-04 0.0000e+00 1.1398e-04 1.8691e-01 0.0000e+00
851 0.0000e+00 0.0000e+00 1.1357e-04 0.0000e+00 1.1357e-04 1.8703e-01 0.0000e+00
852 0.0000e+00 0.0000e+00 1.1317e-04 0.0000e+00 1.1317e-04 1.8714e-01 0.0000e+00
853 0.0000e+00 0.0000e+00 1.1277e-04 0.0000e+00 1.1277e-04 1.8725e-01 0.0000e+00
854 0.0000e+00 0.0000e+00 1.1237e-04 0.0000e+00 1.1237e-04 1.8736e-01 0.0000e+00
855 0.0000e+00 0.0000e+00 1.1198e-04 0.0000e+00 1.1198e-04 1.8748e-01 0.0000e+00
856 0.0000e+00 0.0000e+00 1.1159e-04 0.0000e+00 1.1159e-04 1.8759e-01 0.0000e+00
857 0.0000e+00 0.0000e+00 1.1120e-04 0.0000e+00 1.1120e-04 1.8770e-01 0.0000e+00
858 0.0000e+00 0.0000e+00 1.1081e-04 0.0000e+00 1.1081e-04 1.8781e-01 0.0000e+00
859 0.0000e+00 0.0000e+00 1.1043e-04 0.0000e+00 1.1043e-04 1.8792e-01 0.0000e+00
860 0.0000e+00 0.0000e+00 1.1005e-04 0.0000e+00 1.1005e-04 1.8803e-01 0.0000e+00
861 0.0000e+00 9.7600e-05 1.0967e-04 0.0000e+00 1.0967e-04 1.8814e-01 0.0000e+00
862 0.0000e+00 1.8830e-04 1.0930e-04 0.0000e+00 1.0930e-04 1.8825e-01 0.0000e+00
863 0.0000e+00 2.6650e-04 1.0892e-04 0.0000e+00 1.0892e-04 1.8836e-01 0.0000e+00
864 0.0000e+00 3.2630e-04 1.0855e-04 0.0000e+00 1.0855e-04 1.8847e-01 0.0000e+00
865 0.0000e+00 3.6100e-04 1.0819e-04 0.0000e+00 1.0819e-04 1.8858e-01 0.0000e+00
866 0.0000e+00 3.7690e-04 1.0782e-04 0.0000e+00 1.0782e-04 1.8868e-01 0.0000e+00
867 0.0000e+00 3.6100e-04 1.0746e-04 0.0000e+00 1.0746e-04 1.8879e-01 0.0000e+00
868 0.0000e+00 3.2630e-04 1.0710e-04 0.0000e+00 1.0710e-04 1.8890e-01 0.0000e+00
869 0.0000e+00 2.6650e-04 1.0674e-04 0.0000e+00 1.0674e-04 1.8900e-01 0.0000e+00
870 0.0000e+00 1.8830e-04 1.0638e-04 0.0000e+00 1.0638e-04 1.8911e-01 0.0000e+00
871 0.0000e+00 9.1200e-05 1.0603e-04 0.0000e+00 1.0603e-04 1.8922e-01 0.0000e+00
872 0.0000e+00 0.0000e+00 1.0568e-04 0.0000e+00 1.0568e-04 1.8932e-01 0.0000e+00
873 0.0000e+00 0.0000e+00 1.0533e-04 0.0000e+00 1.0533e-04 1.8943e-01 0.0000e+00
874 0.0000e+00 0.0000e+00 1.0499e-04 0.0000e+00 1.0499e-04 1.8953e-01 0.0000e+00
875 0.0000e+00 0.0000e+00 1.0464e-04 0.0000e+00 1.0464e-04 1.8964e-01 0.0000e+00
876 0.0000e+00 0.0000e+00 1.0430e-04 0.0000e+00 1.0430e-04 1.8974e-01 0.0000e+00
877 0.0000e+00 0.0000e+00 1.0396e-04 0.0000e+00 1.0396e-04 1.8985e-01 0.0000e+00
878 0.0000e+00 0.0000e+00 1.0362e-04 0.0000e+00 1.0362e-04 1.8995e-01 0.0000e+00
879 0.0000e+00 0.0000e+00 1.0329e-04 0.0000e+00 1.0329e-04 1.9005e-01 0.0000e+00
880 0.0000e+00 0.0000e+00 1.0296e-04 0.0000e+00 1.0296e-04 1.9016e-01 0.0000e+00
881 0.0000e+00 0.0000e+00 1.0263e-04 0.0000e+00 1.0263e-04 1.9026e-01 0.0000e+00
882 0.0000e+00 0.0000e+00 1.0230e-04 0.0000e+00 1.0230e-04 1.9036e-01 0.0000e+00
883 0.0000e+00 0.0000e+00 1.0197e-04 0.0000e+00 1.0197e-04 1.9046e-01 0.0000e+00
884 0.0000e+00 0.0000e+00 1.0165e-04 0.0000e+00 1.0165e-04 1.9056e-01 0.0000e+00
885 0.0000e+00 6.4300e-05 1.0132e-04 0.0000e+00 1.0132e-04 1.9067e-01 0.0000e+00
886 0.0000e+00 1.2410e-04 1.0100e-04 0.0000e+00 1.0100e-04 1.9077e-01 0.0000e+00
887 0.0000e+00 1.7560e-04 1.0068e-04 0.0000e+00 1.0068e-04 1.9087e-01 0.0000e+00
888 0.0000e+00 2.1500e-04 1.0037e-04 0.0000e+00 1.0037e-04 1.9097e-01 0.0000e+00
889 0.0000e+00 2.3790e-04 1.0005e-04 0.0000e+00 1.0005e-04 1.9107e-01 0.0000e+00
890 0.0000e+00 2.4840e-04 9.9742e-05 0.0000e+00 9.9742e-05 1.9117e-01 0.0000e+00
891 0.0000e+00 2.3790e-04 9.9432e-05 0.0000e+00 9.9432e-05 1.9127e-01 0.0000e+00
892 0.0000e+00 2.1500e-04 9.9123e-05 0.0000e+00 9.9123e-05 1.9137e-01 0.0000e+00
893 0.0000e+00 1.7560e-04 9.8816e-05 0.0000e+00 9.8816e-05 1.9146e-01 0.0000e+00
894 0.0000e+00 1.2410e-04 9.8512e-05 0.0000e+00 9.8512e-05 1.9156e-01 0.0000e+00
895 0.0000e+00 6.0100e-05 9.8209e-05 0.0000e+00 9.8209e-05 1.9166e-01 0.0000e+00
896 0.0000e+00 0.0000e+00 9.7908e-05 0.0000e+00 9.7908e-05 1.9176e-01 0.0000e+00
897 0.0000e+00 0.0000e+00 9.7609e-05 0.0000e+00 9.7609e-05 1.9186e-01 0.0000e+00
898 0.0000e+00 0.0000e+00 9.7312e-05 0.0000e+00 9.7312e-05 1.9195e-01 0.0000e+00
899 0.0000e+00 0.0000e+00 9.7016e-05 0.0000e+00 9.7016e-05 1.9205e-01 0.0000e+00
900 0.0000e+00 0.0000e+00 9.6723e-05 0.0000e+00 9.6723e-05 1.9215e-01 0.0000e+00
901 0.0000e+00 0.0000e+00 9.6431e-05 0.0000e+00 9.6431e-05 1.9224e-01 0.0000e+00
902 0.0000e+00 0.0000e+00 9.6140e-05 0.0000e+00 9.6140e-05 1.9234e-01 0.0000e+00
903 0.0000e+00 0.0000e+00 9.5852e-05 0.0000e+00 9.5852e-05 1.9244e-01 0.0000e+00
904 0.0000e+00 0.0000e+00 9.5565e-05 0.0000e+00 9.5565e-05 1.9253e-01 0.0000e+00
905 0.0000e+00 0.0000e+00 9.5280e-05 0.0000e+00 9.5280e-05 1.9263e-01 0.0000e+00
906 0.0000e+00 0.0000e+00 9.4997e-05 0.0000e+00 9.4997e-05 1.9272e-01 0.0000e+00
907 0.0000e+00 0.0000e+00 9.4716e-05 0.0000e+00 9.4716e-05 1.9282e-01 0.0000e+00
908 0.0000e+00 0.0000e+00 9.4436e-05 0.0000e+00 9.4436e-05 1.9291e-01 0.0000e+00
909 0.0000e+00 8.0200e-05 9.4157e-05 0.0000e+00 9.4157e-05 1.9301e-01 0.0000e+00
910 0.0000e+00 1.5480e-04 9.3881e-05 0.0000e+00 9.3881e-05 1.9310e-01 0.0000e+00
911 0.0000e+00 2.1910e-04 9.3606e-05 0.0000e+00 9.3606e-05 1.9319e-01 0.0000e+00
912 0.0000e+00 2.6830e-04 9.3332e-05 0.0000e+00 9.3332e-05 1.9329e-01 0.0000e+00
913 0.0000e+00 2.9680e-04 9.3060e-05 0.0000e+00 9.3060e-05 1.9338e-01 0.0000e+00
914 0.0000e+00 3.0990e-04 9.2790e-05 0.0000e+00 9.2790e-05 1.9347e-01 0.0000e+00
915 0.0000e+00 2.9680e-04 9.2522e-05 0.0000e+00 9.2522e-05 1.9356e-01 0.0000e+00
916 0.0000e+00 2.6830e-04 9.2254e-05 0.0000e+00 9.2254e-05 1.9366e-01 0.0000e+00
917 0.0000e+00 2.1910e-04 9.1989e-05 0.0000e+00 9.1989e-05 1.9375e-01 0.0000e+00
918 0.0000e+00 1.5480e-04 9.1725e-05 0.0000e+00 9.1725e-05 1.9384e-01 0.0000e+00
919 0.0000e+00 7.5000e-05 9.1462e-05 0.0000e+00 9.1462e-05 1.9393e-01 0.0000e+00
920 0.0000e+00 0.0000e+00 9.1201e-05 0.0000e+00 9.1201e-05 1.9402e-01 0.0000e+00
921 0.0000e+00 0.0000e+00 9.0942e-05 0.0000e+00 9.0942e-05 1.9411e-01 0.0000e+00
922 0.0000e+00 0.0000e+00 9.0684e-05 0.0000e+00 9.0684e-05 1.9420e-01 0.0000e+00
923 0.0000e+00 0.0000e+00 9.0427e-05 0.0000e+00 9.0427e-05 1.9430e-01 0.0000e+00
924 0.0000e+00 0.0000e+00 9.0172e-05 0.0000e+00 9.0172e-05 1.9439e-01 0.0000e+00
925 0.0000e+00 0.0000e+00 8.9918e-05 0.0000e+00 8.9918e-05 1.9448e-01 0.0000e+00
926 0.0000e+00 0.0000e+00 8.9666e-05 0.0000e+00 8.9666e-05 1.9457e-01 0.0000e+00
927 0.0000e+00 0.0000e+00 8.9415e-05 0.0000e+00 8.9415e-05 1.9465e-01 0.0000e+00
928 0.0000e+00 0.0000e+00 8.9165e-05 0.0000e+00 8.9165e-05 1.9474e-01 0.0000e+00
929 0.0000e+00 0.0000e+00 8.8917e-05 0.0000e+00 8.8917e-05 1.9483e-01 0.0000e+00
930 0.0000e+00 0.0000e+00 8.8670e-05 0.0000e+00 8.8670e-05 1.9492e-01 0.0000e+00
931 0.0000e+00 0.0000e+00 8.8425e-05 0.0000e+00 8.8425e-05 1.9501e-01 0.0000e+00
932 0.0000e+00 0.0000e+00 8.8181e-05 0.0000e+00 8.8181e-05 1.9510e-01 0.0000e+00
933 0.0000e+00 9.6000e-05 8.7938e-05 0.0000e+00 8.7938e-05 1.9519e-01 0.0000e+00
934 0.0000e+00 1.8520e-04 8.7697e-05 0.0000e+00 8.7697e-05 1.9527e-01 0.0000e+00
935 0.0000e+00 2.6210e-04 8.7457e-05 0.0000e+00 8.7457e-05 1.9536e-01 0.0000e+00
936 0.0000e+00 3.2090e-04 8.7218e-05 0.0000e+00 8.7218e-05 1.9545e-01 0.0000e+00
937 0.0000e+00 3.5500e-04 8.6981e-05 0.0000e+00 8.6981e-05 1.9554e-01 0.0000e+00
938 0.0000e+00 3.7070e-04 8.6745e-05 0.0000e+00 8.6745e-05 1.9562e-01 0.0000e+00
939 0.0000e+00 3.5500e-04 8.6510e-05 0.0000e+00 8.6510e-05 1.9571e-01 0.0000e+00
940 0.0000e+00 3.2090e-04 8.6277e-05 0.0000e+00 8.6277e-05 1.9579e-01 0.0000e+00
941 0.0000e+00 2.6210e-04 8.6044e-05 0.0000e+00 8.6044e-05 1.9588e-01 0.0000e+00
942 0.0000e+00 1.8520e-04 8.5813e-05 0.0000e+00 8.5813e-05 1.9597e-01 0.0000e+00
943 0.0000e+00 8.9700e-05 8.5583e-05 0.0000e+00 8.5583e-05 1.9605e-01 0.0000e+00
944 0.0000e+00 0.0000e+00 8.5355e-05 0.0000e+00 8.5355e-05 1.9614e-01 0.0000e+00
945 0.0000e+00 0.0000e+00 8.5127e-05 0.0000e+00 8.5127e-05 1.9622e-01 0.0000e+00
946 0.0000e+00 0.0000e+00 8.4901e-05 0.0000e+00 8.4901e-05 1.9631e-01 0.0000e+00
947 0.0000e+00 0.0000e+00 8.4676e-05 0.0000e+00 8.4676e-05 1.9639e-01 0.0000e+00
948 0.0000e+00 0.0000e+00 8.4453e-05 0.0000e+00 8.4453e-05 1.9648e-01 0.0000e+00
949 0.0000e+00 0.0000e+00 8.4230e-05 0.0000e+00 8.4230e-05 1.9656e-01 0.0000e+00
950 0.0000e+00 0.0000e+00 8.4009e-05 0.0000e+00 8.4009e-05 1.9664e-01 0.0000e+00
Objective function values:
F1 1.388971e-06    NSE 0.76123   F2 2.725148e-02
Mean Obs Q 1.590065e-04   Variance Obs Q 6.123405e-09
    Error Variance 1.462075e-09

Water Balance for Subcatchment: Extracted study basin: Taegu Pyungkwang River

   SUMP       SUMAE      SUMQ       SUMRZ      SUMUZ      SBAR        BAL
1.890e-01  4.622e-02  1.279e-01  1.957e-02  0.000e+00  1.966e-01  2.445e-03
