1 0.000033 0.000033
2 0.000032 0.000033
3 0.000033 0.000033
4 0.000033 0.000033
5 0.000035 0.000037
6 0.000036 0.000035
7 0.000036 0.000035
8 0.000036 0.000033
9 0.000035 0.000035
10 0.000035 0.000036
11 0.000036 0.000033
12 0.000035 0.000033
13 0.000035 0.000039
14 0.000036 0.000036
15 0.000037 0.000036
16 0.000037 0.000039
17 0.000037 0.000034
18 0.000037 0.000034
19 0.000036 0.000035
20 0.000035 0.000035
21 0.000035 0.000035
22 0.000034 0.000035
23 0.000034 0.000035
24 0.000036 0.000051
25 0.000042 0.000046
26 0.000058 0.000071
27 0.000086 0.000077
28 0.000105 0.000045
29 0.000091 0.000057
30 0.000076 0.000041
31 0.000064 0.000042
32 0.000056 0.000050
33 0.000054 0.000049
34 0.000052 0.000046
35 0.000050 0.000047
36 0.000049 0.000048
37 0.000048 0.000049
38 0.000048 0.000050
39 0.000048 0.000051
40 0.000048 0.000052
41 0.000047 0.000053
42 0.000046 0.000053
43 0.000046 0.000054
44 0.000046 0.000054
45 0.000046 0.000055
46 0.000048 0.000062
47 0.000049 0.000056
48 0.000049 0.000059
49 0.000049 0.000057
50 0.000049 0.000062
51 0.000053 0.000074
52 0.000063 0.000079
53 0.000079 0.000076
54 0.000090 0.000081
55 0.000098 0.000081
56 0.000103 0.000081
57 0.000103 0.000075
58 0.000095 0.000078
59 0.000086 0.000071
60 0.000082 0.000077
61 0.000082 0.000079
62 0.000082 0.000076
63 0.000084 0.000078
64 0.000087 0.000079
65 0.000090 0.000080
66 0.000093 0.000082
67 0.000097 0.000083
68 0.000101 0.000084
69 0.000105 0.000085
70 0.000108 0.000085
71 0.000110 0.000086
72 0.000112 0.000087
73 0.000115 0.000087
74 0.000116 0.000088
75 0.000117 0.000088
76 0.000118 0.000088
77 0.000121 0.000089
78 0.000122 0.000089
79 0.000122 0.000089
80 0.000123 0.000089
81 0.000123 0.000089
82 0.000123 0.000089
83 0.000124 0.000089
84 0.000127 0.000089
85 0.000127 0.000089
86 0.000128 0.000089
87 0.000128 0.000089
88 0.000128 0.000089
89 0.000128 0.000089
90 0.000130 0.000089
91 0.000130 0.000089
92 0.000131 0.000089
93 0.000133 0.000089
94 0.000134 0.000089
95 0.000134 0.000088
96 0.000135 0.000088
97 0.000136 0.000088
98 0.000139 0.000088
99 0.000140 0.000088
100 0.000140 0.000088
101 0.000140 0.000087
102 0.000140 0.000087
103 0.000140 0.000087
104 0.000140 0.000087
105 0.000140 0.000087
106 0.000140 0.000086
107 0.000140 0.000086
108 0.000141 0.000086
109 0.000141 0.000086
110 0.000141 0.000086
111 0.000141 0.000085
112 0.000140 0.000085
113 0.000141 0.000085
114 0.000141 0.000085
115 0.000141 0.000085
116 0.000141 0.000084
117 0.000141 0.000084
118 0.000140 0.000084
119 0.000140 0.000084
120 0.000140 0.000084
121 0.000139 0.000083
122 0.000140 0.000083
123 0.000140 0.000083
124 0.000140 0.000083
125 0.000140 0.000082
126 0.000140 0.000082
127 0.000140 0.000082
128 0.000139 0.000082
129 0.000138 0.000082
130 0.000138 0.000081
131 0.000137 0.000081
132 0.000136 0.000081
133 0.000136 0.000081
134 0.000136 0.000081
135 0.000135 0.000080
136 0.000135 0.000080
137 0.000135 0.000080
138 0.000134 0.000080
139 0.000134 0.000080
140 0.000133 0.000079
141 0.000133 0.000079
142 0.000133 0.000079
143 0.000131 0.000079
144 0.000130 0.000079
145 0.000130 0.000078
146 0.000130 0.000078
147 0.000129 0.000078
148 0.000128 0.000078
149 0.000128 0.000078
150 0.000128 0.000078
151 0.000128 0.000077
152 0.000127 0.000077
153 0.000127 0.000077
154 0.000127 0.000077
155 0.000126 0.000077
156 0.000125 0.000076
157 0.000123 0.000076
158 0.000123 0.000076
159 0.000122 0.000076
160 0.000122 0.000076
161 0.000122 0.000076
162 0.000122 0.000075
163 0.000122 0.000075
164 0.000122 0.000075
165 0.000122 0.000075
166 0.000122 0.000075
167 0.000122 0.000074
168 0.000121 0.000074
169 0.000119 0.000074
170 0.000120 0.000074
171 0.000119 0.000074
172 0.000118 0.000074
173 0.000118 0.000073
174 0.000117 0.000073
175 0.000117 0.000073
176 0.000117 0.000073
177 0.000116 0.000073
178 0.000116 0.000073
179 0.000116 0.000072
180 0.000114 0.000072
181 0.000113 0.000072
182 0.000112 0.000072
183 0.000112 0.000072
184 0.000112 0.000072
185 0.000112 0.000071
186 0.000112 0.000071
187 0.000112 0.000071
188 0.000112 0.000071
189 0.000111 0.000071
190 0.000108 0.000071
191 0.000109 0.000071
192 0.000108 0.000070
193 0.000109 0.000070
194 0.000108 0.000070
195 0.000108 0.000070
196 0.000108 0.000070
197 0.000108 0.000070
198 0.000108 0.000069
199 0.000107 0.000069
200 0.000107 0.000069
201 0.000106 0.000069
202 0.000105 0.000069
203 0.000104 0.000069
204 0.000103 0.000069
205 0.000104 0.000068
206 0.000103 0.000068
207 0.000103 0.000068
208 0.000102 0.000068
209 0.000102 0.000068
210 0.000102 0.000068
211 0.000102 0.000068
212 0.000102 0.000067
213 0.000102 0.000067
214 0.000101 0.000067
215 0.000099 0.000067
216 0.000099 0.000067
217 0.000099 0.000067
218 0.000099 0.000067
219 0.000099 0.000066
220 0.000098 0.000066
221 0.000098 0.000066
222 0.000098 0.000066
223 0.000098 0.000066
224 0.000098 0.000066
225 0.000097 0.000066
226 0.000095 0.000065
227 0.000095 0.000065
228 0.000094 0.000065
229 0.000094 0.000065
230 0.000094 0.000065
231 0.000094 0.000065
232 0.000093 0.000065
233 0.000093 0.000065
234 0.000093 0.000064
235 0.000093 0.000064
236 0.000093 0.000064
237 0.000093 0.000064
238 0.000093 0.000064
239 0.000092 0.000064
240 0.000094 0.000064
241 0.000094 0.000064
242 0.000094 0.000063
243 0.000093 0.000063
244 0.000093 0.000063
245 0.000092 0.000063
246 0.000090 0.000063
247 0.000090 0.000063
248 0.000090 0.000063
249 0.000090 0.000063
250 0.000090 0.000062
251 0.000090 0.000062
252 0.000090 0.000062
253 0.000090 0.000062
254 0.000090 0.000062
255 0.000090 0.000062
256 0.000090 0.000062
257 0.000089 0.000062
258 0.000087 0.000061
259 0.000086 0.000061
260 0.000086 0.000061
261 0.000086 0.000061
262 0.000085 0.000061
263 0.000086 0.000061
264 0.000086 0.000061
265 0.000085 0.000061
266 0.000083 0.000061
267 0.000083 0.000060
268 0.000081 0.000060
269 0.000080 0.000060
270 0.000080 0.000060
271 0.000080 0.000060
272 0.000080 0.000060
273 0.000080 0.000060
274 0.000080 0.000060
275 0.000080 0.000060
276 0.000080 0.000059
277 0.000080 0.000059
278 0.000080 0.000059
279 0.000080 0.000059
280 0.000080 0.000059
281 0.000080 0.000059
282 0.000080 0.000059
283 0.000080 0.000059
284 0.000081 0.000059
285 0.000084 0.000060
286 0.000102 0.000104
287 0.000134 0.000087
288 0.000135 0.000071
289 0.000117 0.000062
290 0.000101 0.000063
291 0.000094 0.000066
292 0.000090 0.000065
293 0.000088 0.000066
294 0.000089 0.000078
295 0.000095 0.000077
296 0.000097 0.000069
297 0.000093 0.000070
298 0.000089 0.000071
299 0.000088 0.000071
300 0.000088 0.000072
301 0.000088 0.000073
302 0.000088 0.000073
303 0.000087 0.000074
304 0.000087 0.000074
305 0.000087 0.000074
306 0.000087 0.000075
307 0.000087 0.000075
308 0.000087 0.000075
309 0.000086 0.000075
310 0.000086 0.000079
311 0.000085 0.000076
312 0.000086 0.000076
313 0.000087 0.000076
314 0.000088 0.000076
315 0.000088 0.000076
316 0.000089 0.000076
317 0.000089 0.000076
318 0.000092 0.000083
319 0.000093 0.000080
320 0.000092 0.000077
321 0.000092 0.000077
322 0.000093 0.000086
323 0.000093 0.000086
324 0.000094 0.000078
325 0.000094 0.000078
326 0.000093 0.000078
327 0.000092 0.000078
328 0.000091 0.000079
329 0.000090 0.000079
330 0.000090 0.000079
331 0.000090 0.000079
332 0.000090 0.000079
333 0.000090 0.000079
334 0.000090 0.000079
335 0.000090 0.000079
336 0.000090 0.000079
337 0.000090 0.000079
338 0.000090 0.000082
339 0.000092 0.000083
340 0.000094 0.000093
341 0.000098 0.000093
342 0.000102 0.000089
343 0.000103 0.000085
344 0.000102 0.000091
345 0.000102 0.000087
346 0.000101 0.000083
347 0.000098 0.000084
348 0.000098 0.000085
349 0.000096 0.000085
350 0.000095 0.000086
351 0.000094 0.000086
352 0.000094 0.000086
353 0.000094 0.000091
354 0.000094 0.000087
355 0.000094 0.000087
356 0.000094 0.000088
357 0.000094 0.000088
358 0.000094 0.000088
359 0.000095 0.000088
360 0.000097 0.000088
361 0.000097 0.000088
362 0.000097 0.000088
363 0.000097 0.000088
364 0.000097 0.000088
365 0.000097 0.000088
366 0.000098 0.000088
367 0.000099 0.000088
368 0.000099 0.000088
369 0.000099 0.000088
370 0.000100 0.000088
371 0.000101 0.000087
372 0.000100 0.000087
373 0.000100 0.000087
374 0.000113 0.000141
375 0.000162 0.000129
376 0.000177 0.000113
377 0.000153 0.000097
378 0.000133 0.000095
379 0.000123 0.000097
380 0.000122 0.000099
381 0.000122 0.000101
382 0.000123 0.000102
383 0.000125 0.000112
384 0.000130 0.000114
385 0.000133 0.000107
386 0.000132 0.000111
387 0.000132 0.000109
388 0.000132 0.000110
389 0.000132 0.000111
390 0.000132 0.000115
391 0.000134 0.000113
392 0.000137 0.000119
393 0.000140 0.000120
394 0.000141 0.000115
395 0.000141 0.000116
396 0.000141 0.000116
397 0.000144 0.000116
398 0.000145 0.000117
399 0.000147 0.000117
400 0.000149 0.000117
401 0.000151 0.000117
402 0.000154 0.000130
403 0.000156 0.000118
404 0.000158 0.000118
405 0.000159 0.000124
406 0.000162 0.000124
407 0.000164 0.000119
408 0.000165 0.000124
409 0.000166 0.000120
410 0.000168 0.000120
411 0.000169 0.000120
412 0.000169 0.000120
413 0.000170 0.000120
414 0.000171 0.000120
415 0.000172 0.000120
416 0.000175 0.000120
417 0.000176 0.000120
418 0.000177 0.000120
419 0.000177 0.000119
420 0.000178 0.000119
421 0.000179 0.000119
422 0.000180 0.000119
423 0.000181 0.000118
424 0.000182 0.000118
425 0.000183 0.000118
426 0.000183 0.000118
427 0.000185 0.000117
428 0.000191 0.000140
429 0.000208 0.000154
430 0.000219 0.000142
431 0.000218 0.000131
432 0.000208 0.000122
433 0.000203 0.000127
434 0.000201 0.000125
435 0.000198 0.000126
436 0.000197 0.000127
437 0.000211 0.000164
438 0.000212 0.000129
439 0.000205 0.000131
440 0.000202 0.000132
441 0.000200 0.000133
442 0.000200 0.000134
443 0.000200 0.000135
444 0.000201 0.000139
445 0.000201 0.000136
446 0.000201 0.000137
447 0.000201 0.000137
448 0.000201 0.000137
449 0.000202 0.000137
450 0.000202 0.000137
451 0.000202 0.000137
452 0.000202 0.000143
453 0.000203 0.000138
454 0.000203 0.000138
455 0.000203 0.000138
456 0.000204 0.000137
457 0.000204 0.000137
458 0.000204 0.000137
459 0.000204 0.000137
460 0.000205 0.000137
461 0.000205 0.000136
462 0.000205 0.000136
463 0.000206 0.000136
464 0.000207 0.000135
465 0.000208 0.000139
466 0.000212 0.000141
467 0.000213 0.000135
468 0.000211 0.000134
469 0.000212 0.000140
470 0.000212 0.000134
471 0.000212 0.000134
472 0.000212 0.000140
473 0.000216 0.000140
474 0.000216 0.000134
475 0.000215 0.000134
476 0.000215 0.000134
477 0.000215 0.000134
478 0.000215 0.000134
479 0.000215 0.000133
480 0.000215 0.000133
481 0.000215 0.000133
482 0.000214 0.000137
483 0.000219 0.000162
484 0.000233 0.000145
485 0.000229 0.000134
486 0.000220 0.000146
487 0.000219 0.000136
488 0.000218 0.000137
489 0.000217 0.000137
490 0.000217 0.000138
491 0.000216 0.000138
492 0.000216 0.000138
493 0.000215 0.000138
494 0.000214 0.000138
495 0.000212 0.000138
496 0.000212 0.000138
497 0.000212 0.000138
498 0.000211 0.000138
499 0.000210 0.000138
500 0.000210 0.000138
501 0.000210 0.000137
502 0.000209 0.000137
503 0.000209 0.000137
504 0.000209 0.000136
505 0.000209 0.000136
506 0.000208 0.000136
507 0.000208 0.000135
508 0.000206 0.000135
509 0.000205 0.000134
510 0.000205 0.000134
511 0.000205 0.000133
512 0.000205 0.000133
513 0.000204 0.000133
514 0.000203 0.000132
515 0.000203 0.000132
516 0.000202 0.000131
517 0.000202 0.000131
518 0.000201 0.000130
519 0.000200 0.000130
520 0.000198 0.000129
521 0.000198 0.000129
522 0.000197 0.000128
523 0.000197 0.000128
524 0.000197 0.000127
525 0.000196 0.000127
526 0.000196 0.000126
527 0.000195 0.000126
528 0.000195 0.000125
529 0.000195 0.000125
530 0.000194 0.000124
531 0.000195 0.000124
532 0.000193 0.000124
533 0.000193 0.000123
534 0.000192 0.000123
535 0.000191 0.000122
536 0.000190 0.000122
537 0.000190 0.000121
538 0.000190 0.000121
539 0.000190 0.000120
540 0.000189 0.000120
541 0.000189 0.000119
542 0.000188 0.000119
543 0.000188 0.000119
544 0.000187 0.000118
545 0.000186 0.000118
546 0.000186 0.000117
547 0.000186 0.000117
548 0.000184 0.000116
549 0.000183 0.000116
550 0.000183 0.000116
551 0.000183 0.000115
552 0.000185 0.000115
553 0.000188 0.000114
554 0.000194 0.000123
555 0.000201 0.000131
556 0.000196 0.000114
557 0.000190 0.000118
558 0.000188 0.000114
559 0.000185 0.000115
560 0.000183 0.000115
561 0.000182 0.000115
562 0.000181 0.000115
563 0.000181 0.000114
564 0.000180 0.000114
565 0.000179 0.000119
566 0.000179 0.000114
567 0.000178 0.000114
568 0.000177 0.000114
569 0.000177 0.000114
570 0.000177 0.000114
571 0.000177 0.000113
572 0.000177 0.000113
573 0.000182 0.000149
574 0.000193 0.000125
575 0.000193 0.000144
576 0.000213 0.000157
577 0.000228 0.000135
578 0.000209 0.000121
579 0.000194 0.000123
580 0.000188 0.000125
581 0.000185 0.000127
582 0.000183 0.000128
583 0.000182 0.000129
584 0.000181 0.000130
585 0.000181 0.000131
586 0.000180 0.000132
587 0.000179 0.000133
588 0.000179 0.000133
589 0.000180 0.000134
590 0.000179 0.000134
591 0.000178 0.000134
592 0.000178 0.000139
593 0.000179 0.000134
594 0.000179 0.000147
595 0.000181 0.000135
596 0.000179 0.000135
597 0.000177 0.000135
598 0.000177 0.000136
599 0.000177 0.000136
600 0.000177 0.000136
601 0.000177 0.000136
602 0.000176 0.000135
603 0.000176 0.000135
604 0.000176 0.000135
605 0.000175 0.000135
606 0.000174 0.000135
607 0.000174 0.000134
608 0.000173 0.000134
609 0.000171 0.000134
610 0.000171 0.000133
611 0.000171 0.000133
612 0.000171 0.000132
613 0.000171 0.000132
614 0.000171 0.000132
615 0.000171 0.000131
616 0.000171 0.000131
617 0.000171 0.000130
618 0.000171 0.000130
619 0.000171 0.000129
620 0.000171 0.000129
621 0.000171 0.000129
622 0.000171 0.000128
623 0.000171 0.000128
624 0.000174 0.000127
625 0.000178 0.000128
626 0.000188 0.000162
627 0.000201 0.000151
628 0.000204 0.000146
629 0.000212 0.000171
630 0.000245 0.000180
631 0.000291 0.000196
632 0.000297 0.000141
633 0.000235 0.000146
634 0.000218 0.000162
635 0.000219 0.000184
636 0.000249 0.000201
637 0.000289 0.000201
638 0.000287 0.000171
639 0.000260 0.000183
640 0.000253 0.000183
641 0.000255 0.000194
642 0.000265 0.000193
643 0.000271 0.000205
644 0.000278 0.000201
645 0.000286 0.000204
646 0.000296 0.000207
647 0.000303 0.000209
648 0.000311 0.000211
649 0.000317 0.000213
650 0.000324 0.000214
651 0.000331 0.000215
652 0.000338 0.000216
653 0.000343 0.000216
654 0.000349 0.000216
655 0.000352 0.000216
656 0.000356 0.000216
657 0.000361 0.000216
658 0.000366 0.000216
659 0.000370 0.000215
660 0.000372 0.000215
661 0.000376 0.000214
662 0.000379 0.000213
663 0.000381 0.000213
664 0.000384 0.000212
665 0.000387 0.000211
666 0.000388 0.000210
667 0.000389 0.000209
668 0.000391 0.000216
669 0.000392 0.000215
670 0.000394 0.000207
671 0.000394 0.000222
672 0.000397 0.000206
673 0.000393 0.000206
674 0.000391 0.000206
675 0.000391 0.000210
676 0.000391 0.000212
677 0.000390 0.000205
678 0.000388 0.000204
679 0.000391 0.000218
680 0.000397 0.000220
681 0.000391 0.000204
682 0.000386 0.000205
683 0.000381 0.000205
684 0.000379 0.000204
685 0.000376 0.000204
686 0.000373 0.000204
687 0.000371 0.000203
688 0.000370 0.000203
689 0.000368 0.000202
690 0.000364 0.000201
691 0.000361 0.000200
692 0.000359 0.000200
693 0.000355 0.000199
694 0.000352 0.000198
695 0.000352 0.000197
696 0.000351 0.000196
697 0.000349 0.000195
698 0.000347 0.000194
699 0.000343 0.000193
700 0.000340 0.000192
701 0.000337 0.000191
702 0.000332 0.000190
703 0.000334 0.000189
704 0.000332 0.000188
705 0.000329 0.000187
706 0.000327 0.000186
707 0.000325 0.000185
708 0.000322 0.000184
709 0.000320 0.000183
710 0.000319 0.000182
711 0.000317 0.000181
712 0.000314 0.000180
713 0.000311 0.000179
714 0.000309 0.000178
715 0.000307 0.000177
716 0.000302 0.000176
717 0.000301 0.000175
718 0.000299 0.000174
719 0.000297 0.000174
720 0.000294 0.000173
721 0.000291 0.000172
722 0.000289 0.000171
723 0.000286 0.000170
724 0.000284 0.000169
725 0.000282 0.000168
726 0.000281 0.000167
727 0.000278 0.000166
728 0.000276 0.000166
729 0.000274 0.000165
730 0.000271 0.000164
731 0.000268 0.000163
732 0.000267 0.000162
733 0.000266 0.000161
734 0.000265 0.000161
735 0.000263 0.000160
736 0.000260 0.000159
737 0.000259 0.000158
738 0.000257 0.000157
739 0.000255 0.000157
740 0.000253 0.000156
741 0.000251 0.000155
742 0.000249 0.000154
743 0.000248 0.000154
744 0.000247 0.000153
745 0.000246 0.000152
746 0.000244 0.000151
747 0.000241 0.000151
748 0.000237 0.000150
749 0.000236 0.000149
750 0.000235 0.000149
751 0.000234 0.000148
752 0.000233 0.000147
753 0.000232 0.000147
754 0.000231 0.000146
755 0.000228 0.000145
756 0.000227 0.000145
757 0.000226 0.000144
758 0.000224 0.000143
759 0.000223 0.000143
760 0.000222 0.000142
761 0.000220 0.000141
762 0.000218 0.000141
763 0.000218 0.000140
764 0.000218 0.000140
765 0.000216 0.000139
766 0.000214 0.000138
767 0.000212 0.000138
768 0.000210 0.000137
769 0.000209 0.000137
770 0.000208 0.000136
771 0.000207 0.000135
772 0.000205 0.000135
773 0.000204 0.000134
774 0.000202 0.000134
775 0.000201 0.000133
776 0.000198 0.000133
777 0.000197 0.000132
778 0.000196 0.000132
779 0.000195 0.000131
780 0.000195 0.000130
781 0.000193 0.000130
782 0.000191 0.000129
783 0.000190 0.000129
784 0.000189 0.000128
785 0.000188 0.000128
786 0.000187 0.000127
787 0.000185 0.000127
788 0.000183 0.000126
789 0.000182 0.000126
790 0.000181 0.000125
791 0.000180 0.000125
792 0.000178 0.000124
793 0.000177 0.000124
794 0.000177 0.000123
795 0.000176 0.000123
796 0.000175 0.000122
797 0.000172 0.000122
798 0.000171 0.000122
799 0.000170 0.000121
800 0.000169 0.000121
801 0.000169 0.000120
802 0.000169 0.000120
803 0.000169 0.000119
804 0.000167 0.000119
805 0.000165 0.000118
806 0.000164 0.000118
807 0.000164 0.000117
808 0.000163 0.000117
809 0.000162 0.000117
810 0.000162 0.000116
811 0.000161 0.000116
812 0.000159 0.000115
813 0.000158 0.000115
814 0.000157 0.000115
815 0.000157 0.000114
816 0.000156 0.000114
817 0.000156 0.000113
818 0.000156 0.000113
819 0.000156 0.000113
820 0.000153 0.000112
821 0.000153 0.000112
822 0.000152 0.000111
823 0.000151 0.000111
824 0.000150 0.000111
825 0.000149 0.000110
826 0.000147 0.000110
827 0.000147 0.000109
828 0.000147 0.000109
829 0.000146 0.000109
830 0.000145 0.000108
831 0.000145 0.000108
832 0.000144 0.000108
833 0.000142 0.000107
834 0.000141 0.000107
835 0.000141 0.000107
836 0.000143 0.000106
837 0.000141 0.000106
838 0.000140 0.000105
839 0.000140 0.000105
840 0.000139 0.000105
841 0.000139 0.000104
842 0.000138 0.000104
843 0.000135 0.000104
844 0.000135 0.000103
845 0.000134 0.000103
846 0.000134 0.000103
847 0.000132 0.000102
848 0.000132 0.000102
849 0.000132 0.000102
850 0.000132 0.000101
851 0.000132 0.000101
852 0.000131 0.000101
853 0.000129 0.000100
854 0.000128 0.000100
855 0.000127 0.000100
856 0.000127 0.000100
857 0.000126 0.000099
858 0.000125 0.000099
859 0.000123 0.000099
860 0.000123 0.000098
861 0.000123 0.000098
862 0.000123 0.000098
863 0.000123 0.000097
864 0.000123 0.000097
865 0.000122 0.000097
866 0.000121 0.000097
867 0.000121 0.000096
868 0.000119 0.000096
869 0.000118 0.000096
870 0.000118 0.000095
871 0.000118 0.000095
872 0.000118 0.000095
873 0.000117 0.000095
874 0.000117 0.000094
875 0.000116 0.000094
876 0.000114 0.000094
877 0.000113 0.000093
878 0.000113 0.000093
879 0.000113 0.000093
880 0.000113 0.000093
881 0.000113 0.000092
882 0.000112 0.000092
883 0.000111 0.000092
884 0.000111 0.000092
885 0.000111 0.000091
886 0.000111 0.000091
887 0.000111 0.000091
888 0.000110 0.000091
889 0.000109 0.000090
890 0.000108 0.000090
891 0.000107 0.000090
892 0.000107 0.000090
893 0.000106 0.000089
894 0.000106 0.000089
895 0.000106 0.000089
896 0.000105 0.000089
897 0.000105 0.000088
898 0.000104 0.000088
899 0.000103 0.000088
900 0.000103 0.000088
901 0.000103 0.000087
902 0.000103 0.000087
903 0.000103 0.000087
904 0.000103 0.000087
905 0.000102 0.000086
906 0.000102 0.000086
907 0.000102 0.000086
908 0.000102 0.000086
909 0.000102 0.000085
910 0.000101 0.000085
911 0.000101 0.000085
912 0.000100 0.000085
913 0.000101 0.000085
914 0.000100 0.000084
915 0.000099 0.000084
916 0.000099 0.000084
917 0.000099 0.000084
918 0.000099 0.000083
919 0.000098 0.000083
920 0.000098 0.000083
921 0.000097 0.000083
922 0.000097 0.000083
923 0.000096 0.000082
924 0.000096 0.000082
925 0.000096 0.000082
926 0.000099 0.000082
927 0.000097 0.000082
928 0.000094 0.000081
929 0.000094 0.000081
930 0.000094 0.000081
931 0.000093 0.000081
932 0.000093 0.000080
933 0.000093 0.000080
934 0.000093 0.000080
935 0.000093 0.000080
936 0.000093 0.000080
937 0.000093 0.000079
938 0.000093 0.000079
939 0.000093 0.000079
940 0.000093 0.000079
941 0.000093 0.000079
942 0.000093 0.000079
943 0.000093 0.000078
944 0.000093 0.000078
945 0.000093 0.000078
946 0.000093 0.000078
947 0.000092 0.000078
948 0.000090 0.000077
949 0.000093 0.000077
950 0.000093 0.000077
