Taegu Pyungkwang River Catchment: Calibration Data

Subcatchment : Extracted study basin: cat-12029

TL =     6.70
SUMAC =     1.00
SZQ =       0.18210
Subcatchment routing data:
Maximum Routing Delay       0.69444
Sum of Histogram ordinates:     1.0000
     1.00000 
Initial BAL             -0.27790
Initial SBAR             0.27590
Initial SR0              0.00200
it      p        ep       q(it)       quz      q       sbar       qof
1 0.0000e+00 6.1900e-05 3.2800e-05 0.0000e+00 3.2800e-05 2.7593e-01 0.0000e+00
2 0.0000e+00 6.4700e-05 3.2766e-05 0.0000e+00 3.2766e-05 2.7597e-01 0.0000e+00
3 1.0000e-03 6.1900e-05 3.2733e-05 0.0000e+00 3.2733e-05 2.7600e-01 0.0000e+00
4 1.0000e-03 5.6000e-05 3.2699e-05 0.0000e+00 3.2699e-05 2.7603e-01 0.0000e+00
5 1.0000e-03 4.5700e-05 3.6834e-05 6.4715e-05 3.2666e-05 2.7600e-01 4.1675e-06
6 5.0000e-04 3.2300e-05 3.5183e-05 9.1637e-05 3.2699e-05 2.7594e-01 2.4839e-06
7 5.0000e-04 1.5600e-05 3.5316e-05 1.1760e-04 3.2759e-05 2.7586e-01 2.5572e-06
8 0.0000e+00 0.0000e+00 3.2846e-05 1.0081e-04 3.2846e-05 2.7579e-01 0.0000e+00
9 5.0000e-04 0.0000e+00 3.5564e-05 1.2978e-04 3.2916e-05 2.7569e-01 2.6485e-06
10 5.0000e-04 0.0000e+00 3.5749e-05 1.5466e-04 3.3016e-05 2.7557e-01 2.7338e-06
11 0.0000e+00 0.0000e+00 3.3141e-05 1.3388e-04 3.3141e-05 2.7547e-01 0.0000e+00
12 0.0000e+00 0.0000e+00 3.3246e-05 1.1823e-04 3.3246e-05 2.7538e-01 0.0000e+00
13 1.0000e-03 0.0000e+00 3.8802e-05 1.9020e-04 3.3334e-05 2.7523e-01 5.4675e-06
14 5.0000e-04 0.0000e+00 3.6232e-05 2.0603e-04 3.3498e-05 2.7505e-01 2.7338e-06
15 5.0000e-04 0.0000e+00 3.6413e-05 2.2205e-04 3.3679e-05 2.7487e-01 2.7338e-06
16 1.0000e-03 0.0000e+00 3.9346e-05 2.7926e-04 3.3878e-05 2.7462e-01 5.4675e-06
17 0.0000e+00 0.0000e+00 3.4139e-05 2.4169e-04 3.4139e-05 2.7441e-01 0.0000e+00
18 0.0000e+00 0.0000e+00 3.4361e-05 2.1367e-04 3.4361e-05 2.7423e-01 0.0000e+00
19 0.0000e+00 0.0000e+00 3.4554e-05 1.8981e-04 3.4554e-05 2.7408e-01 0.0000e+00
20 0.0000e+00 0.0000e+00 3.4722e-05 1.6915e-04 3.4722e-05 2.7394e-01 0.0000e+00
21 0.0000e+00 1.8000e-05 3.4868e-05 1.5111e-04 3.4868e-05 2.7383e-01 0.0000e+00
22 0.0000e+00 3.4800e-05 3.4995e-05 1.3524e-04 3.4995e-05 2.7373e-01 0.0000e+00
23 0.0000e+00 4.9200e-05 3.5105e-05 1.2123e-04 3.5105e-05 2.7364e-01 0.0000e+00
24 3.0000e-03 6.0200e-05 5.1045e-05 3.5894e-04 3.5200e-05 2.7332e-01 1.5845e-05
25 2.0000e-03 6.6600e-05 4.6163e-05 4.7007e-04 3.5557e-05 2.7288e-01 1.0606e-05
26 5.5000e-03 6.9600e-05 6.5751e-05 8.7461e-04 3.6044e-05 2.7204e-01 2.9707e-05
27 6.0000e-03 6.6600e-05 6.9425e-05 1.2594e-03 3.7001e-05 2.7082e-01 3.2425e-05
28 1.0000e-03 6.0200e-05 4.3545e-05 1.1594e-03 3.8441e-05 2.6970e-01 5.1034e-06
29 2.5000e-03 4.9200e-05 5.3151e-05 1.2315e-03 3.9812e-05 2.6851e-01 1.3340e-05
30 0.0000e+00 3.4800e-05 4.1322e-05 1.0742e-03 4.1322e-05 2.6748e-01 0.0000e+00
31 0.0000e+00 1.6800e-05 4.2678e-05 9.5031e-04 4.2678e-05 2.6657e-01 0.0000e+00
32 1.0000e-03 0.0000e+00 4.8822e-05 9.2561e-04 4.3906e-05 2.6569e-01 4.9167e-06
33 5.0000e-04 0.0000e+00 4.7866e-05 8.6267e-04 4.5132e-05 2.6487e-01 2.7338e-06
34 0.0000e+00 0.0000e+00 4.6300e-05 7.6321e-04 4.6300e-05 2.6415e-01 0.0000e+00
35 0.0000e+00 0.0000e+00 4.7349e-05 6.7924e-04 4.7349e-05 2.6352e-01 0.0000e+00
36 0.0000e+00 0.0000e+00 4.8293e-05 6.0566e-04 4.8293e-05 2.6296e-01 0.0000e+00
37 0.0000e+00 0.0000e+00 4.9142e-05 5.4076e-04 4.9142e-05 2.6247e-01 0.0000e+00
38 0.0000e+00 0.0000e+00 4.9903e-05 4.8331e-04 4.9903e-05 2.6204e-01 0.0000e+00
39 0.0000e+00 0.0000e+00 5.0583e-05 4.3237e-04 5.0583e-05 2.6166e-01 0.0000e+00
40 0.0000e+00 0.0000e+00 5.1190e-05 3.8711e-04 5.1190e-05 2.6132e-01 0.0000e+00
41 0.0000e+00 0.0000e+00 5.1731e-05 3.4687e-04 5.1731e-05 2.6103e-01 0.0000e+00
42 0.0000e+00 0.0000e+00 5.2210e-05 3.1103e-04 5.2210e-05 2.6077e-01 0.0000e+00
43 0.0000e+00 0.0000e+00 5.2634e-05 2.7908e-04 5.2634e-05 2.6054e-01 0.0000e+00
44 0.0000e+00 0.0000e+00 5.3008e-05 2.5058e-04 5.3008e-05 2.6034e-01 0.0000e+00
45 0.0000e+00 3.3800e-05 5.3336e-05 2.2513e-04 5.3336e-05 2.6017e-01 0.0000e+00
46 1.0000e-03 6.5200e-05 6.2304e-05 2.9166e-04 5.3623e-05 2.5993e-01 8.6806e-06
47 0.0000e+00 9.2300e-05 5.4023e-05 2.5357e-04 5.4023e-05 2.5973e-01 0.0000e+00
48 5.0000e-04 1.1300e-04 5.7439e-05 2.5741e-04 5.4361e-05 2.5953e-01 3.0782e-06
49 0.0000e+00 1.2500e-04 5.4707e-05 2.2678e-04 5.4707e-05 2.5936e-01 0.0000e+00
50 1.0000e-03 1.3050e-04 6.1851e-05 2.7284e-04 5.5002e-05 2.5914e-01 6.8486e-06
51 2.5000e-03 1.2500e-04 7.6666e-05 4.5752e-04 5.5378e-05 2.5874e-01 2.1288e-05
52 3.0000e-03 1.1300e-04 8.1908e-05 6.5511e-04 5.6078e-05 2.5814e-01 2.5830e-05
53 2.5000e-03 9.2300e-05 7.8583e-05 7.7846e-04 5.7138e-05 2.5742e-01 2.1445e-05
54 3.0000e-03 6.5200e-05 8.4564e-05 9.3899e-04 5.8441e-05 2.5654e-01 2.6124e-05
55 2.5000e-03 3.1600e-05 8.1946e-05 1.0331e-03 6.0071e-05 2.5556e-01 2.1875e-05
56 2.0000e-03 0.0000e+00 7.9610e-05 1.0755e-03 6.1926e-05 2.5455e-01 1.7685e-05
57 1.0000e-03 0.0000e+00 7.2903e-05 1.0245e-03 6.3919e-05 2.5359e-01 8.9843e-06
58 1.0000e-03 0.0000e+00 7.4851e-05 9.8787e-04 6.5866e-05 2.5267e-01 8.9843e-06
59 0.0000e+00 0.0000e+00 6.7792e-05 8.6007e-04 6.7792e-05 2.5188e-01 0.0000e+00
60 5.0000e-04 0.0000e+00 7.3983e-05 8.0544e-04 6.9491e-05 2.5114e-01 4.4921e-06
61 5.0000e-04 0.0000e+00 7.5600e-05 7.5538e-04 7.1108e-05 2.5046e-01 4.4921e-06
62 0.0000e+00 0.0000e+00 7.2645e-05 6.6202e-04 7.2645e-05 2.4987e-01 0.0000e+00
63 0.0000e+00 0.0000e+00 7.3995e-05 5.8434e-04 7.3995e-05 2.4936e-01 0.0000e+00
64 0.0000e+00 0.0000e+00 7.5185e-05 5.1694e-04 7.5185e-05 2.4891e-01 0.0000e+00
65 0.0000e+00 0.0000e+00 7.6230e-05 4.5810e-04 7.6230e-05 2.4853e-01 0.0000e+00
66 0.0000e+00 0.0000e+00 7.7145e-05 4.0651e-04 7.7145e-05 2.4820e-01 0.0000e+00
67 0.0000e+00 0.0000e+00 7.7943e-05 3.6117e-04 7.7943e-05 2.4792e-01 0.0000e+00
68 0.0000e+00 0.0000e+00 7.8636e-05 3.2123e-04 7.8636e-05 2.4768e-01 0.0000e+00
69 0.0000e+00 4.1400e-05 7.9234e-05 2.8599e-04 7.9234e-05 2.4747e-01 0.0000e+00
70 0.0000e+00 7.9800e-05 7.9748e-05 2.5485e-04 7.9748e-05 2.4730e-01 0.0000e+00
71 0.0000e+00 1.1290e-04 8.0186e-05 2.2729e-04 8.0186e-05 2.4715e-01 0.0000e+00
72 0.0000e+00 1.3830e-04 8.0555e-05 2.0288e-04 8.0555e-05 2.4703e-01 0.0000e+00
73 0.0000e+00 1.5300e-04 8.0864e-05 1.8123e-04 8.0864e-05 2.4693e-01 0.0000e+00
74 0.0000e+00 1.5980e-04 8.1118e-05 1.6201e-04 8.1118e-05 2.4685e-01 0.0000e+00
75 0.0000e+00 1.5300e-04 8.1323e-05 1.4494e-04 8.1323e-05 2.4678e-01 0.0000e+00
76 0.0000e+00 1.3830e-04 8.1485e-05 1.2975e-04 8.1485e-05 2.4673e-01 0.0000e+00
77 0.0000e+00 1.1290e-04 8.1608e-05 1.1623e-04 8.1608e-05 2.4670e-01 0.0000e+00
78 0.0000e+00 7.9800e-05 8.1696e-05 1.0419e-04 8.1696e-05 2.4668e-01 0.0000e+00
79 0.0000e+00 3.8700e-05 8.1753e-05 9.3449e-05 8.1753e-05 2.4666e-01 0.0000e+00
80 0.0000e+00 0.0000e+00 8.1783e-05 8.3869e-05 8.1783e-05 2.4666e-01 0.0000e+00
81 0.0000e+00 0.0000e+00 8.1789e-05 7.5315e-05 8.1789e-05 2.4667e-01 0.0000e+00
82 0.0000e+00 0.0000e+00 8.1772e-05 6.7672e-05 8.1772e-05 2.4668e-01 0.0000e+00
83 0.0000e+00 0.0000e+00 8.1736e-05 6.0838e-05 8.1736e-05 2.4670e-01 0.0000e+00
84 0.0000e+00 0.0000e+00 8.1683e-05 5.4724e-05 8.1683e-05 2.4673e-01 0.0000e+00
85 0.0000e+00 0.0000e+00 8.1614e-05 4.9250e-05 8.1614e-05 2.4676e-01 0.0000e+00
86 0.0000e+00 0.0000e+00 8.1531e-05 4.4346e-05 8.1531e-05 2.4680e-01 0.0000e+00
87 0.0000e+00 0.0000e+00 8.1437e-05 3.9951e-05 8.1437e-05 2.4684e-01 0.0000e+00
88 0.0000e+00 0.0000e+00 8.1331e-05 3.6008e-05 8.1331e-05 2.4689e-01 0.0000e+00
89 0.0000e+00 0.0000e+00 8.1216e-05 3.2470e-05 8.1216e-05 2.4694e-01 0.0000e+00
90 0.0000e+00 0.0000e+00 8.1093e-05 2.9293e-05 8.1093e-05 2.4699e-01 0.0000e+00
91 0.0000e+00 0.0000e+00 8.0961e-05 2.6439e-05 8.0961e-05 2.4704e-01 0.0000e+00
92 0.0000e+00 0.0000e+00 8.0824e-05 2.3874e-05 8.0824e-05 2.4710e-01 0.0000e+00
93 0.0000e+00 1.9100e-05 8.0680e-05 2.1566e-05 8.0680e-05 2.4716e-01 0.0000e+00
94 0.0000e+00 3.6800e-05 8.0531e-05 1.9490e-05 8.0531e-05 2.4722e-01 0.0000e+00
95 0.0000e+00 5.2100e-05 8.0377e-05 1.7621e-05 8.0377e-05 2.4728e-01 0.0000e+00
96 0.0000e+00 6.3800e-05 8.0220e-05 1.5937e-05 8.0220e-05 2.4735e-01 0.0000e+00
97 5.0000e-04 7.0600e-05 8.0059e-05 1.4421e-05 8.0059e-05 2.4741e-01 0.0000e+00
98 5.0000e-04 7.3700e-05 7.9895e-05 1.3053e-05 7.9895e-05 2.4748e-01 0.0000e+00
99 0.0000e+00 7.0600e-05 7.9728e-05 1.1820e-05 7.9728e-05 2.4755e-01 0.0000e+00
100 0.0000e+00 6.3800e-05 7.9559e-05 1.0707e-05 7.9559e-05 2.4762e-01 0.0000e+00
101 0.0000e+00 5.2100e-05 7.9388e-05 9.7025e-06 7.9388e-05 2.4769e-01 0.0000e+00
102 0.0000e+00 3.6800e-05 7.9216e-05 8.7953e-06 7.9216e-05 2.4776e-01 0.0000e+00
103 0.0000e+00 1.7800e-05 7.9041e-05 7.9757e-06 7.9041e-05 2.4783e-01 0.0000e+00
104 0.0000e+00 0.0000e+00 7.8866e-05 7.2349e-06 7.8866e-05 2.4790e-01 0.0000e+00
105 0.0000e+00 0.0000e+00 7.8690e-05 6.5652e-06 7.8690e-05 2.4797e-01 0.0000e+00
106 0.0000e+00 0.0000e+00 7.8513e-05 5.9593e-06 7.8513e-05 2.4804e-01 0.0000e+00
107 0.0000e+00 0.0000e+00 7.8335e-05 5.4112e-06 7.8335e-05 2.4812e-01 0.0000e+00
108 0.0000e+00 0.0000e+00 7.8156e-05 4.9144e-06 7.8156e-05 2.4819e-01 0.0000e+00
109 0.0000e+00 0.0000e+00 7.7978e-05 4.4652e-06 7.7978e-05 2.4826e-01 0.0000e+00
110 0.0000e+00 0.0000e+00 7.7799e-05 4.0583e-06 7.7799e-05 2.4834e-01 0.0000e+00
111 5.0000e-04 0.0000e+00 7.7620e-05 3.6895e-06 7.7620e-05 2.4841e-01 0.0000e+00
112 0.0000e+00 0.0000e+00 7.7441e-05 3.3553e-06 7.7441e-05 2.4848e-01 0.0000e+00
113 0.0000e+00 0.0000e+00 7.7262e-05 3.0522e-06 7.7262e-05 2.4856e-01 0.0000e+00
114 0.0000e+00 0.0000e+00 7.7083e-05 2.7772e-06 7.7083e-05 2.4863e-01 0.0000e+00
115 0.0000e+00 0.0000e+00 7.6904e-05 2.5278e-06 7.6904e-05 2.4871e-01 0.0000e+00
116 0.0000e+00 0.0000e+00 7.6725e-05 2.3013e-06 7.6725e-05 2.4878e-01 0.0000e+00
117 0.0000e+00 1.0200e-05 7.6547e-05 2.0957e-06 7.6547e-05 2.4886e-01 0.0000e+00
118 0.0000e+00 1.9800e-05 7.6369e-05 1.9090e-06 7.6369e-05 2.4893e-01 0.0000e+00
119 0.0000e+00 2.8000e-05 7.6192e-05 1.7394e-06 7.6192e-05 2.4901e-01 0.0000e+00
120 0.0000e+00 3.4200e-05 7.6015e-05 1.5852e-06 7.6015e-05 2.4908e-01 0.0000e+00
121 0.0000e+00 3.7900e-05 7.5838e-05 1.4444e-06 7.5838e-05 2.4915e-01 0.0000e+00
122 0.0000e+00 3.9500e-05 7.5662e-05 1.3171e-06 7.5662e-05 2.4923e-01 0.0000e+00
123 0.0000e+00 3.7900e-05 7.5486e-05 1.2013e-06 7.5486e-05 2.4930e-01 0.0000e+00
124 0.0000e+00 3.4200e-05 7.5311e-05 1.0959e-06 7.5311e-05 2.4938e-01 0.0000e+00
125 0.0000e+00 2.8000e-05 7.5137e-05 1.0001e-06 7.5137e-05 2.4945e-01 0.0000e+00
126 0.0000e+00 1.9800e-05 7.4963e-05 9.1279e-07 7.4963e-05 2.4953e-01 0.0000e+00
127 0.0000e+00 9.6000e-06 7.4790e-05 8.3331e-07 7.4790e-05 2.4960e-01 0.0000e+00
128 0.0000e+00 0.0000e+00 7.4617e-05 7.6093e-07 7.4617e-05 2.4967e-01 0.0000e+00
129 0.0000e+00 0.0000e+00 7.4445e-05 6.9499e-07 7.4445e-05 2.4975e-01 0.0000e+00
130 0.0000e+00 0.0000e+00 7.4274e-05 6.3490e-07 7.4274e-05 2.4982e-01 0.0000e+00
131 0.0000e+00 0.0000e+00 7.4103e-05 5.8013e-07 7.4103e-05 2.4989e-01 0.0000e+00
132 0.0000e+00 0.0000e+00 7.3933e-05 5.3019e-07 7.3933e-05 2.4997e-01 0.0000e+00
133 0.0000e+00 0.0000e+00 7.3763e-05 4.8466e-07 7.3763e-05 2.5004e-01 0.0000e+00
134 0.0000e+00 0.0000e+00 7.3595e-05 4.4312e-07 7.3595e-05 2.5011e-01 0.0000e+00
135 0.0000e+00 0.0000e+00 7.3427e-05 4.0431e-07 7.3427e-05 2.5019e-01 0.0000e+00
136 0.0000e+00 0.0000e+00 7.3259e-05 3.6987e-07 7.3259e-05 2.5026e-01 0.0000e+00
137 0.0000e+00 0.0000e+00 7.3093e-05 3.3842e-07 7.3093e-05 2.5033e-01 0.0000e+00
138 0.0000e+00 0.0000e+00 7.2927e-05 3.0970e-07 7.2927e-05 2.5040e-01 0.0000e+00
139 0.0000e+00 0.0000e+00 7.2761e-05 2.8347e-07 7.2761e-05 2.5048e-01 0.0000e+00
140 0.0000e+00 0.0000e+00 7.2597e-05 2.5951e-07 7.2597e-05 2.5055e-01 0.0000e+00
141 5.0000e-04 4.1400e-05 7.2433e-05 2.3762e-07 7.2433e-05 2.5062e-01 0.0000e+00
142 0.0000e+00 7.9900e-05 7.2270e-05 2.1761e-07 7.2270e-05 2.5069e-01 0.0000e+00
143 0.0000e+00 1.1300e-04 7.2107e-05 1.9933e-07 7.2107e-05 2.5077e-01 0.0000e+00
144 0.0000e+00 1.3840e-04 7.1945e-05 1.8261e-07 7.1945e-05 2.5084e-01 0.0000e+00
145 0.0000e+00 1.5310e-04 7.1784e-05 1.6732e-07 7.1784e-05 2.5091e-01 0.0000e+00
146 0.0000e+00 1.5990e-04 7.1624e-05 1.5334e-07 7.1624e-05 2.5098e-01 0.0000e+00
147 0.0000e+00 1.5310e-04 7.1464e-05 1.4055e-07 7.1464e-05 2.5105e-01 0.0000e+00
148 0.0000e+00 1.3840e-04 7.1305e-05 1.2753e-07 7.1305e-05 2.5112e-01 0.0000e+00
149 0.0000e+00 1.1300e-04 7.1146e-05 1.1698e-07 7.1146e-05 2.5119e-01 0.0000e+00
150 0.0000e+00 7.9900e-05 7.0988e-05 1.0732e-07 7.0988e-05 2.5127e-01 0.0000e+00
151 0.0000e+00 3.8700e-05 7.0831e-05 9.8477e-08 7.0831e-05 2.5134e-01 0.0000e+00
152 0.0000e+00 0.0000e+00 7.0675e-05 9.0373e-08 7.0675e-05 2.5141e-01 0.0000e+00
153 0.0000e+00 0.0000e+00 7.0519e-05 8.2947e-08 7.0519e-05 2.5148e-01 0.0000e+00
154 0.0000e+00 0.0000e+00 7.0364e-05 7.6142e-08 7.0364e-05 2.5155e-01 0.0000e+00
155 0.0000e+00 0.0000e+00 7.0210e-05 6.9905e-08 7.0210e-05 2.5162e-01 0.0000e+00
156 0.0000e+00 0.0000e+00 7.0056e-05 6.4189e-08 7.0056e-05 2.5169e-01 0.0000e+00
157 0.0000e+00 0.0000e+00 6.9903e-05 5.8947e-08 6.9903e-05 2.5176e-01 0.0000e+00
158 0.0000e+00 0.0000e+00 6.9751e-05 5.4141e-08 6.9751e-05 2.5183e-01 0.0000e+00
159 0.0000e+00 0.0000e+00 6.9599e-05 4.9734e-08 6.9599e-05 2.5190e-01 0.0000e+00
160 0.0000e+00 0.0000e+00 6.9448e-05 4.5692e-08 6.9448e-05 2.5197e-01 0.0000e+00
161 0.0000e+00 0.0000e+00 6.9297e-05 4.1983e-08 6.9297e-05 2.5204e-01 0.0000e+00
162 0.0000e+00 0.0000e+00 6.9148e-05 3.7217e-08 6.9148e-05 2.5210e-01 0.0000e+00
163 0.0000e+00 0.0000e+00 6.8998e-05 3.4240e-08 6.8998e-05 2.5217e-01 0.0000e+00
164 0.0000e+00 0.0000e+00 6.8850e-05 3.1505e-08 6.8850e-05 2.5224e-01 0.0000e+00
165 0.0000e+00 1.7800e-05 6.8702e-05 2.8991e-08 6.8702e-05 2.5231e-01 0.0000e+00
166 0.0000e+00 3.4400e-05 6.8555e-05 2.6681e-08 6.8555e-05 2.5238e-01 0.0000e+00
167 0.0000e+00 4.8600e-05 6.8408e-05 2.4557e-08 6.8408e-05 2.5245e-01 0.0000e+00
168 0.0000e+00 5.9500e-05 6.8262e-05 2.2605e-08 6.8262e-05 2.5252e-01 0.0000e+00
169 0.0000e+00 6.5900e-05 6.8117e-05 2.0810e-08 6.8117e-05 2.5258e-01 0.0000e+00
170 0.0000e+00 6.8800e-05 6.7972e-05 1.9159e-08 6.7972e-05 2.5265e-01 0.0000e+00
171 0.0000e+00 6.5900e-05 6.7828e-05 1.7641e-08 6.7828e-05 2.5272e-01 0.0000e+00
172 0.0000e+00 5.9500e-05 6.7684e-05 1.6245e-08 6.7684e-05 2.5279e-01 0.0000e+00
173 0.0000e+00 4.8600e-05 6.7541e-05 1.4961e-08 6.7541e-05 2.5285e-01 0.0000e+00
174 0.0000e+00 3.4400e-05 6.7399e-05 1.3780e-08 6.7399e-05 2.5292e-01 0.0000e+00
175 0.0000e+00 1.6600e-05 6.7257e-05 1.2694e-08 6.7257e-05 2.5299e-01 0.0000e+00
176 0.0000e+00 0.0000e+00 6.7116e-05 1.0597e-08 6.7116e-05 2.5306e-01 0.0000e+00
177 0.0000e+00 0.0000e+00 6.6975e-05 9.7814e-09 6.6975e-05 2.5312e-01 0.0000e+00
178 0.0000e+00 0.0000e+00 6.6835e-05 9.0289e-09 6.6835e-05 2.5319e-01 0.0000e+00
179 0.0000e+00 0.0000e+00 6.6696e-05 8.3348e-09 6.6696e-05 2.5326e-01 0.0000e+00
180 0.0000e+00 0.0000e+00 6.6557e-05 7.6946e-09 6.6557e-05 2.5332e-01 0.0000e+00
181 0.0000e+00 0.0000e+00 6.6419e-05 7.1041e-09 6.6419e-05 2.5339e-01 0.0000e+00
182 0.0000e+00 0.0000e+00 6.6281e-05 6.5593e-09 6.6281e-05 2.5346e-01 0.0000e+00
183 0.0000e+00 0.0000e+00 6.6144e-05 6.0567e-09 6.6144e-05 2.5352e-01 0.0000e+00
184 0.0000e+00 0.0000e+00 6.6007e-05 5.5929e-09 6.6007e-05 2.5359e-01 0.0000e+00
185 0.0000e+00 0.0000e+00 6.5871e-05 5.1651e-09 6.5871e-05 2.5365e-01 0.0000e+00
186 0.0000e+00 0.0000e+00 6.5736e-05 4.7702e-09 6.5736e-05 2.5372e-01 0.0000e+00
187 0.0000e+00 0.0000e+00 6.5601e-05 4.4059e-09 6.5601e-05 2.5379e-01 0.0000e+00
188 0.0000e+00 0.0000e+00 6.5466e-05 4.0696e-09 6.5466e-05 2.5385e-01 0.0000e+00
189 0.0000e+00 4.5600e-05 6.5333e-05 3.7593e-09 6.5333e-05 2.5392e-01 0.0000e+00
190 5.0000e-04 8.7900e-05 6.5199e-05 2.7617e-09 6.5199e-05 2.5398e-01 0.0000e+00
191 0.0000e+00 1.2440e-04 6.5067e-05 2.5581e-09 6.5067e-05 2.5405e-01 0.0000e+00
192 0.0000e+00 1.5230e-04 6.4935e-05 2.3697e-09 6.4935e-05 2.5411e-01 0.0000e+00
193 0.0000e+00 1.6850e-04 6.4803e-05 2.1953e-09 6.4803e-05 2.5418e-01 0.0000e+00
194 0.0000e+00 1.7590e-04 6.4672e-05 2.0337e-09 6.4672e-05 2.5424e-01 0.0000e+00
195 0.0000e+00 1.6850e-04 6.4541e-05 1.8842e-09 6.4541e-05 2.5431e-01 0.0000e+00
196 0.0000e+00 1.5230e-04 6.4411e-05 1.7457e-09 6.4411e-05 2.5437e-01 0.0000e+00
197 0.0000e+00 1.2440e-04 6.4282e-05 1.6174e-09 6.4282e-05 2.5443e-01 0.0000e+00
198 0.0000e+00 8.7900e-05 6.4153e-05 1.4986e-09 6.4153e-05 2.5450e-01 0.0000e+00
199 0.0000e+00 4.2600e-05 6.4024e-05 1.3886e-09 6.4024e-05 2.5456e-01 0.0000e+00
200 0.0000e+00 0.0000e+00 6.3896e-05 1.2868e-09 6.3896e-05 2.5463e-01 0.0000e+00
201 0.0000e+00 0.0000e+00 6.3769e-05 1.1924e-09 6.3769e-05 2.5469e-01 0.0000e+00
202 0.0000e+00 0.0000e+00 6.3642e-05 1.1050e-09 6.3642e-05 2.5475e-01 0.0000e+00
203 0.0000e+00 0.0000e+00 6.3515e-05 1.0241e-09 6.3515e-05 2.5482e-01 0.0000e+00
204 0.0000e+00 0.0000e+00 6.3390e-05 5.8317e-10 6.3390e-05 2.5488e-01 0.0000e+00
205 0.0000e+00 0.0000e+00 6.3264e-05 5.4226e-10 6.3264e-05 2.5494e-01 0.0000e+00
206 0.0000e+00 0.0000e+00 6.3139e-05 5.0423e-10 6.3139e-05 2.5501e-01 0.0000e+00
207 0.0000e+00 0.0000e+00 6.3015e-05 4.6888e-10 6.3015e-05 2.5507e-01 0.0000e+00
208 0.0000e+00 0.0000e+00 6.2891e-05 4.3602e-10 6.2891e-05 2.5513e-01 0.0000e+00
209 0.0000e+00 0.0000e+00 6.2767e-05 4.0547e-10 6.2767e-05 2.5520e-01 0.0000e+00
210 0.0000e+00 0.0000e+00 6.2644e-05 3.7707e-10 6.2644e-05 2.5526e-01 0.0000e+00
211 0.0000e+00 0.0000e+00 6.2522e-05 3.5067e-10 6.2522e-05 2.5532e-01 0.0000e+00
212 0.0000e+00 0.0000e+00 6.2400e-05 3.2613e-10 6.2400e-05 2.5538e-01 0.0000e+00
213 0.0000e+00 4.9000e-05 6.2278e-05 3.0331e-10 6.2278e-05 2.5545e-01 0.0000e+00
214 0.0000e+00 9.4600e-05 6.2157e-05 2.8209e-10 6.2157e-05 2.5551e-01 0.0000e+00
215 0.0000e+00 1.3380e-04 6.2036e-05 2.6236e-10 6.2036e-05 2.5557e-01 0.0000e+00
216 0.0000e+00 1.6380e-04 6.1916e-05 2.4402e-10 6.1916e-05 2.5563e-01 0.0000e+00
217 0.0000e+00 1.8130e-04 6.1797e-05 2.2697e-10 6.1797e-05 2.5569e-01 0.0000e+00
218 0.0000e+00 1.8920e-04 6.1677e-05 7.0941e-11 6.1677e-05 2.5576e-01 0.0000e+00
219 0.0000e+00 1.8130e-04 6.1559e-05 6.6232e-11 6.1559e-05 2.5582e-01 0.0000e+00
220 0.0000e+00 1.6380e-04 6.1440e-05 6.1837e-11 6.1440e-05 2.5588e-01 0.0000e+00
221 0.0000e+00 1.3380e-04 6.1322e-05 5.7734e-11 6.1322e-05 2.5594e-01 0.0000e+00
222 0.0000e+00 9.4600e-05 6.1205e-05 5.3905e-11 6.1205e-05 2.5600e-01 0.0000e+00
223 0.0000e+00 4.5800e-05 6.1088e-05 5.0330e-11 6.1088e-05 2.5606e-01 0.0000e+00
224 0.0000e+00 0.0000e+00 6.0972e-05 4.6993e-11 6.0972e-05 2.5612e-01 0.0000e+00
225 0.0000e+00 0.0000e+00 6.0856e-05 4.3878e-11 6.0856e-05 2.5618e-01 0.0000e+00
226 0.0000e+00 0.0000e+00 6.0740e-05 4.0970e-11 6.0740e-05 2.5624e-01 0.0000e+00
227 0.0000e+00 0.0000e+00 6.0625e-05 3.8255e-11 6.0625e-05 2.5630e-01 0.0000e+00
228 0.0000e+00 0.0000e+00 6.0510e-05 3.5720e-11 6.0510e-05 2.5637e-01 0.0000e+00
229 0.0000e+00 0.0000e+00 6.0396e-05 3.3355e-11 6.0396e-05 2.5643e-01 0.0000e+00
230 0.0000e+00 0.0000e+00 6.0282e-05 3.1146e-11 6.0282e-05 2.5649e-01 0.0000e+00
231 0.0000e+00 0.0000e+00 6.0168e-05 2.9084e-11 6.0168e-05 2.5655e-01 0.0000e+00
232 0.0000e+00 0.0000e+00 6.0055e-05 0.0000e+00 6.0055e-05 2.5661e-01 0.0000e+00
233 0.0000e+00 0.0000e+00 5.9943e-05 0.0000e+00 5.9943e-05 2.5667e-01 0.0000e+00
234 0.0000e+00 0.0000e+00 5.9831e-05 0.0000e+00 5.9831e-05 2.5673e-01 0.0000e+00
235 0.0000e+00 0.0000e+00 5.9719e-05 0.0000e+00 5.9719e-05 2.5679e-01 0.0000e+00
236 0.0000e+00 0.0000e+00 5.9607e-05 0.0000e+00 5.9607e-05 2.5685e-01 0.0000e+00
237 0.0000e+00 5.1700e-05 5.9496e-05 0.0000e+00 5.9496e-05 2.5690e-01 0.0000e+00
238 0.0000e+00 9.9800e-05 5.9386e-05 0.0000e+00 5.9386e-05 2.5696e-01 0.0000e+00
239 0.0000e+00 1.4120e-04 5.9276e-05 0.0000e+00 5.9276e-05 2.5702e-01 0.0000e+00
240 0.0000e+00 1.7290e-04 5.9166e-05 0.0000e+00 5.9166e-05 2.5708e-01 0.0000e+00
241 5.0000e-04 1.9130e-04 5.9057e-05 0.0000e+00 5.9057e-05 2.5714e-01 0.0000e+00
242 1.0000e-03 1.9970e-04 5.8948e-05 0.0000e+00 5.8948e-05 2.5720e-01 0.0000e+00
243 0.0000e+00 1.9130e-04 5.8839e-05 0.0000e+00 5.8839e-05 2.5726e-01 0.0000e+00
244 0.0000e+00 1.7290e-04 5.8731e-05 0.0000e+00 5.8731e-05 2.5732e-01 0.0000e+00
245 0.0000e+00 1.4120e-04 5.8624e-05 0.0000e+00 5.8624e-05 2.5738e-01 0.0000e+00
246 0.0000e+00 9.9800e-05 5.8516e-05 0.0000e+00 5.8516e-05 2.5744e-01 0.0000e+00
247 0.0000e+00 4.8300e-05 5.8409e-05 0.0000e+00 5.8409e-05 2.5749e-01 0.0000e+00
248 0.0000e+00 0.0000e+00 5.8303e-05 0.0000e+00 5.8303e-05 2.5755e-01 0.0000e+00
249 0.0000e+00 0.0000e+00 5.8197e-05 0.0000e+00 5.8197e-05 2.5761e-01 0.0000e+00
250 0.0000e+00 0.0000e+00 5.8091e-05 0.0000e+00 5.8091e-05 2.5767e-01 0.0000e+00
251 0.0000e+00 0.0000e+00 5.7986e-05 0.0000e+00 5.7986e-05 2.5773e-01 0.0000e+00
252 0.0000e+00 0.0000e+00 5.7881e-05 0.0000e+00 5.7881e-05 2.5778e-01 0.0000e+00
253 1.0000e-03 0.0000e+00 5.7776e-05 0.0000e+00 5.7776e-05 2.5784e-01 0.0000e+00
254 0.0000e+00 0.0000e+00 5.7672e-05 0.0000e+00 5.7672e-05 2.5790e-01 0.0000e+00
255 0.0000e+00 0.0000e+00 5.7568e-05 0.0000e+00 5.7568e-05 2.5796e-01 0.0000e+00
256 0.0000e+00 0.0000e+00 5.7465e-05 0.0000e+00 5.7465e-05 2.5801e-01 0.0000e+00
257 0.0000e+00 0.0000e+00 5.7362e-05 0.0000e+00 5.7362e-05 2.5807e-01 0.0000e+00
258 0.0000e+00 0.0000e+00 5.7259e-05 0.0000e+00 5.7259e-05 2.5813e-01 0.0000e+00
259 0.0000e+00 0.0000e+00 5.7156e-05 0.0000e+00 5.7156e-05 2.5819e-01 0.0000e+00
260 0.0000e+00 0.0000e+00 5.7054e-05 0.0000e+00 5.7054e-05 2.5824e-01 0.0000e+00
261 0.0000e+00 7.5200e-05 5.6953e-05 0.0000e+00 5.6953e-05 2.5830e-01 0.0000e+00
262 1.0000e-03 1.4510e-04 5.6852e-05 0.0000e+00 5.6852e-05 2.5836e-01 0.0000e+00
263 0.0000e+00 2.0520e-04 5.6751e-05 0.0000e+00 5.6751e-05 2.5841e-01 0.0000e+00
264 0.0000e+00 2.5130e-04 5.6650e-05 0.0000e+00 5.6650e-05 2.5847e-01 0.0000e+00
265 0.0000e+00 2.7800e-04 5.6550e-05 0.0000e+00 5.6550e-05 2.5853e-01 0.0000e+00
266 0.0000e+00 2.9030e-04 5.6450e-05 0.0000e+00 5.6450e-05 2.5858e-01 0.0000e+00
267 0.0000e+00 2.7800e-04 5.6351e-05 0.0000e+00 5.6351e-05 2.5864e-01 0.0000e+00
268 0.0000e+00 2.5130e-04 5.6251e-05 0.0000e+00 5.6251e-05 2.5870e-01 0.0000e+00
269 0.0000e+00 2.0520e-04 5.6153e-05 0.0000e+00 5.6153e-05 2.5875e-01 0.0000e+00
270 0.0000e+00 1.4510e-04 5.6054e-05 0.0000e+00 5.6054e-05 2.5881e-01 0.0000e+00
271 0.0000e+00 7.0200e-05 5.5956e-05 0.0000e+00 5.5956e-05 2.5886e-01 0.0000e+00
272 0.0000e+00 0.0000e+00 5.5858e-05 0.0000e+00 5.5858e-05 2.5892e-01 0.0000e+00
273 0.0000e+00 0.0000e+00 5.5761e-05 0.0000e+00 5.5761e-05 2.5898e-01 0.0000e+00
274 0.0000e+00 0.0000e+00 5.5664e-05 0.0000e+00 5.5664e-05 2.5903e-01 0.0000e+00
275 0.0000e+00 0.0000e+00 5.5567e-05 0.0000e+00 5.5567e-05 2.5909e-01 0.0000e+00
276 0.0000e+00 0.0000e+00 5.5471e-05 0.0000e+00 5.5471e-05 2.5914e-01 0.0000e+00
277 0.0000e+00 0.0000e+00 5.5375e-05 0.0000e+00 5.5375e-05 2.5920e-01 0.0000e+00
278 0.0000e+00 0.0000e+00 5.5279e-05 0.0000e+00 5.5279e-05 2.5925e-01 0.0000e+00
279 0.0000e+00 0.0000e+00 5.5183e-05 0.0000e+00 5.5183e-05 2.5931e-01 0.0000e+00
280 0.0000e+00 0.0000e+00 5.5088e-05 0.0000e+00 5.5088e-05 2.5936e-01 0.0000e+00
281 0.0000e+00 0.0000e+00 5.4994e-05 0.0000e+00 5.4994e-05 2.5942e-01 0.0000e+00
282 0.0000e+00 0.0000e+00 5.4899e-05 0.0000e+00 5.4899e-05 2.5947e-01 0.0000e+00
283 1.0000e-03 0.0000e+00 5.4805e-05 0.0000e+00 5.4805e-05 2.5953e-01 0.0000e+00
284 5.0000e-04 0.0000e+00 5.4711e-05 0.0000e+00 5.4711e-05 2.5958e-01 0.0000e+00
285 2.5000e-03 2.4400e-05 5.6059e-05 1.4887e-05 5.4618e-05 2.5962e-01 1.4417e-06
286 6.0000e-03 4.7000e-05 1.0824e-04 5.6609e-04 5.4550e-05 2.5911e-01 5.3686e-05
287 4.0000e-03 6.6500e-05 9.0944e-05 8.2209e-04 5.5429e-05 2.5834e-01 3.5515e-05
288 1.5000e-03 8.1400e-05 6.9652e-05 8.2231e-04 5.6773e-05 2.5758e-01 1.2879e-05
289 0.0000e+00 9.0100e-05 5.8148e-05 7.0527e-04 5.8148e-05 2.5693e-01 0.0000e+00
290 0.0000e+00 9.4000e-05 5.9335e-05 6.1497e-04 5.9335e-05 2.5638e-01 0.0000e+00
291 5.0000e-04 9.0100e-05 6.2486e-05 5.6108e-04 6.0375e-05 2.5588e-01 2.1110e-06
292 0.0000e+00 8.1400e-05 6.1327e-05 4.9155e-04 6.1327e-05 2.5545e-01 0.0000e+00
293 0.0000e+00 6.6500e-05 6.2157e-05 4.3308e-04 6.2157e-05 2.5507e-01 0.0000e+00
294 1.5000e-03 4.7000e-05 7.4223e-05 5.0347e-04 6.2882e-05 2.5463e-01 1.1342e-05
295 1.0000e-03 2.2800e-05 7.2315e-05 5.2634e-04 6.3753e-05 2.5417e-01 8.5620e-06
296 0.0000e+00 0.0000e+00 6.4682e-05 4.5557e-04 6.4682e-05 2.5378e-01 0.0000e+00
297 0.0000e+00 0.0000e+00 6.5477e-05 4.0061e-04 6.5477e-05 2.5345e-01 0.0000e+00
298 0.0000e+00 0.0000e+00 6.6166e-05 3.5354e-04 6.6166e-05 2.5316e-01 0.0000e+00
299 0.0000e+00 0.0000e+00 6.6763e-05 3.1282e-04 6.6763e-05 2.5291e-01 0.0000e+00
300 0.0000e+00 0.0000e+00 6.7278e-05 2.7736e-04 6.7278e-05 2.5270e-01 0.0000e+00
301 0.0000e+00 0.0000e+00 6.7721e-05 2.4633e-04 6.7721e-05 2.5252e-01 0.0000e+00
302 0.0000e+00 0.0000e+00 6.8100e-05 2.1908e-04 6.8100e-05 2.5237e-01 0.0000e+00
303 0.0000e+00 0.0000e+00 6.8422e-05 1.9508e-04 6.8422e-05 2.5225e-01 0.0000e+00
304 0.0000e+00 0.0000e+00 6.8694e-05 1.7392e-04 6.8694e-05 2.5214e-01 0.0000e+00
305 0.0000e+00 0.0000e+00 6.8920e-05 1.5520e-04 6.8920e-05 2.5205e-01 0.0000e+00
306 0.0000e+00 0.0000e+00 6.9106e-05 1.3864e-04 6.9106e-05 2.5198e-01 0.0000e+00
307 0.0000e+00 0.0000e+00 6.9256e-05 1.2395e-04 6.9256e-05 2.5193e-01 0.0000e+00
308 0.0000e+00 0.0000e+00 6.9375e-05 1.1091e-04 6.9375e-05 2.5189e-01 0.0000e+00
309 0.0000e+00 2.8800e-05 6.9465e-05 9.9318e-05 6.9465e-05 2.5186e-01 0.0000e+00
310 5.0000e-04 5.5500e-05 7.3558e-05 1.3303e-04 6.9530e-05 2.5180e-01 4.0287e-06
311 0.0000e+00 7.8500e-05 6.9668e-05 1.1438e-04 6.9668e-05 2.5175e-01 0.0000e+00
312 0.0000e+00 9.6200e-05 6.9765e-05 1.0108e-04 6.9765e-05 2.5172e-01 0.0000e+00
313 0.0000e+00 1.0640e-04 6.9834e-05 8.9715e-05 6.9834e-05 2.5170e-01 0.0000e+00
314 0.0000e+00 1.1110e-04 6.9877e-05 7.9864e-05 6.9877e-05 2.5169e-01 0.0000e+00
315 0.0000e+00 1.0640e-04 6.9899e-05 7.1245e-05 6.9899e-05 2.5169e-01 0.0000e+00
316 0.0000e+00 9.6200e-05 6.9902e-05 6.3659e-05 6.9902e-05 2.5169e-01 0.0000e+00
317 5.0000e-04 7.8500e-05 6.9888e-05 5.6958e-05 6.9888e-05 2.5171e-01 0.0000e+00
318 1.0000e-03 5.5500e-05 7.6823e-05 1.2720e-04 6.9860e-05 2.5165e-01 6.9630e-06
319 5.0000e-04 2.6900e-05 7.3979e-05 1.4921e-04 6.9985e-05 2.5157e-01 3.9935e-06
320 0.0000e+00 0.0000e+00 7.0159e-05 1.2624e-04 7.0159e-05 2.5151e-01 0.0000e+00
321 0.0000e+00 0.0000e+00 7.0282e-05 1.0996e-04 7.0282e-05 2.5147e-01 0.0000e+00
322 1.0000e-03 0.0000e+00 7.9112e-05 1.9226e-04 7.0369e-05 2.5135e-01 8.7426e-06
323 1.0000e-03 0.0000e+00 7.9622e-05 2.5872e-04 7.0638e-05 2.5116e-01 8.9843e-06
324 0.0000e+00 0.0000e+00 7.1054e-05 2.1653e-04 7.1054e-05 2.5102e-01 0.0000e+00
325 0.0000e+00 0.0000e+00 7.1378e-05 1.8769e-04 7.1378e-05 2.5090e-01 0.0000e+00
326 0.0000e+00 0.0000e+00 7.1638e-05 1.6392e-04 7.1638e-05 2.5081e-01 0.0000e+00
327 0.0000e+00 0.0000e+00 7.1844e-05 1.4387e-04 7.1844e-05 2.5074e-01 0.0000e+00
328 0.0000e+00 0.0000e+00 7.2006e-05 1.2673e-04 7.2006e-05 2.5068e-01 0.0000e+00
329 0.0000e+00 0.0000e+00 7.2130e-05 1.1193e-04 7.2130e-05 2.5064e-01 0.0000e+00
330 0.0000e+00 0.0000e+00 7.2219e-05 9.9089e-05 7.2219e-05 2.5062e-01 0.0000e+00
331 0.0000e+00 0.0000e+00 7.2280e-05 8.7887e-05 7.2280e-05 2.5060e-01 0.0000e+00
332 0.0000e+00 0.0000e+00 7.2315e-05 7.8080e-05 7.2315e-05 2.5060e-01 0.0000e+00
333 0.0000e+00 1.1200e-05 7.2328e-05 6.9471e-05 7.2328e-05 2.5060e-01 0.0000e+00
334 0.0000e+00 2.1600e-05 7.2322e-05 6.1893e-05 7.2322e-05 2.5061e-01 0.0000e+00
335 0.0000e+00 3.0600e-05 7.2298e-05 5.5208e-05 7.2298e-05 2.5063e-01 0.0000e+00
336 0.0000e+00 3.7400e-05 7.2260e-05 4.9300e-05 7.2260e-05 2.5065e-01 0.0000e+00
337 0.0000e+00 4.1400e-05 7.2208e-05 4.4069e-05 7.2208e-05 2.5068e-01 0.0000e+00
338 5.0000e-04 4.3200e-05 7.5360e-05 7.4901e-05 7.2144e-05 2.5067e-01 3.2160e-06
339 5.0000e-04 4.1400e-05 7.6255e-05 1.0830e-04 7.2151e-05 2.5064e-01 4.1040e-06
340 1.5000e-03 3.7400e-05 8.5337e-05 2.3519e-04 7.2232e-05 2.5048e-01 1.3104e-05
341 1.5000e-03 3.0600e-05 8.5741e-05 3.3710e-04 7.2601e-05 2.5021e-01 1.3140e-05
342 1.0000e-03 2.1600e-05 8.1913e-05 3.7541e-04 7.3204e-05 2.4991e-01 8.7093e-06
343 5.0000e-04 1.0500e-05 7.8196e-05 3.6367e-04 7.3898e-05 2.4962e-01 4.2981e-06
344 1.0000e-03 0.0000e+00 8.3460e-05 4.0952e-04 7.4570e-05 2.4928e-01 8.8899e-06
345 5.0000e-04 0.0000e+00 7.9847e-05 3.9735e-04 7.5355e-05 2.4896e-01 4.4921e-06
346 0.0000e+00 0.0000e+00 7.6117e-05 3.4079e-04 7.6117e-05 2.4870e-01 0.0000e+00
347 0.0000e+00 0.0000e+00 7.6749e-05 2.9686e-04 7.6749e-05 2.4848e-01 0.0000e+00
348 0.0000e+00 0.0000e+00 7.7279e-05 2.5991e-04 7.7279e-05 2.4829e-01 0.0000e+00
349 0.0000e+00 0.0000e+00 7.7721e-05 2.2838e-04 7.7721e-05 2.4814e-01 0.0000e+00
350 0.0000e+00 0.0000e+00 7.8088e-05 2.0121e-04 7.8088e-05 2.4802e-01 0.0000e+00
351 0.0000e+00 0.0000e+00 7.8389e-05 1.7767e-04 7.8389e-05 2.4792e-01 0.0000e+00
352 0.0000e+00 0.0000e+00 7.8633e-05 1.5717e-04 7.8633e-05 2.4784e-01 0.0000e+00
353 5.0000e-04 0.0000e+00 8.3318e-05 1.8998e-04 7.8826e-05 2.4773e-01 4.4921e-06
354 0.0000e+00 0.0000e+00 7.9100e-05 1.6289e-04 7.9100e-05 2.4765e-01 0.0000e+00
355 0.0000e+00 0.0000e+00 7.9308e-05 1.4310e-04 7.9308e-05 2.4758e-01 0.0000e+00
356 0.0000e+00 0.0000e+00 7.9466e-05 1.2629e-04 7.9466e-05 2.4754e-01 0.0000e+00
357 0.0000e+00 7.2300e-05 7.9582e-05 1.1178e-04 7.9582e-05 2.4751e-01 0.0000e+00
358 0.0000e+00 1.3960e-04 7.9662e-05 9.9153e-05 7.9662e-05 2.4749e-01 0.0000e+00
359 0.0000e+00 1.9750e-04 7.9711e-05 8.8100e-05 7.9711e-05 2.4748e-01 0.0000e+00
360 0.0000e+00 2.4180e-04 7.9732e-05 7.8392e-05 7.9732e-05 2.4748e-01 0.0000e+00
361 0.0000e+00 2.6750e-04 7.9728e-05 6.9843e-05 7.9728e-05 2.4749e-01 0.0000e+00
362 0.0000e+00 2.7930e-04 7.9704e-05 6.2298e-05 7.9704e-05 2.4751e-01 0.0000e+00
363 0.0000e+00 2.6750e-04 7.9660e-05 5.5626e-05 7.9660e-05 2.4753e-01 0.0000e+00
364 0.0000e+00 2.4180e-04 7.9601e-05 4.9716e-05 7.9601e-05 2.4756e-01 0.0000e+00
365 0.0000e+00 1.9750e-04 7.9526e-05 4.4474e-05 7.9526e-05 2.4760e-01 0.0000e+00
366 0.0000e+00 1.3960e-04 7.9439e-05 3.9819e-05 7.9439e-05 2.4763e-01 0.0000e+00
367 0.0000e+00 6.7600e-05 7.9341e-05 3.5679e-05 7.9341e-05 2.4768e-01 0.0000e+00
368 0.0000e+00 0.0000e+00 7.9233e-05 3.1993e-05 7.9233e-05 2.4773e-01 0.0000e+00
369 0.0000e+00 0.0000e+00 7.9116e-05 2.8708e-05 7.9116e-05 2.4778e-01 0.0000e+00
370 0.0000e+00 0.0000e+00 7.8991e-05 2.5779e-05 7.8991e-05 2.4783e-01 0.0000e+00
371 0.0000e+00 0.0000e+00 7.8860e-05 2.3162e-05 7.8860e-05 2.4788e-01 0.0000e+00
372 0.0000e+00 0.0000e+00 7.8723e-05 2.0825e-05 7.8723e-05 2.4794e-01 0.0000e+00
373 5.0000e-04 0.0000e+00 7.8581e-05 1.8735e-05 7.8581e-05 2.4800e-01 0.0000e+00
374 7.5000e-03 0.0000e+00 1.3169e-04 6.1717e-04 7.8434e-05 2.4746e-01 5.3254e-05
375 4.5000e-03 0.0000e+00 1.2019e-04 9.3980e-04 7.9766e-05 2.4660e-01 4.0429e-05
376 2.5000e-03 0.0000e+00 1.0440e-04 1.0229e-03 8.1938e-05 2.4566e-01 2.2461e-05
377 5.0000e-04 0.0000e+00 8.8876e-05 9.0731e-04 8.4383e-05 2.4484e-01 4.4921e-06
378 0.0000e+00 0.0000e+00 8.6582e-05 7.7664e-04 8.6582e-05 2.4415e-01 0.0000e+00
379 0.0000e+00 0.0000e+00 8.8469e-05 6.7297e-04 8.8469e-05 2.4357e-01 0.0000e+00
380 0.0000e+00 0.0000e+00 9.0100e-05 5.8618e-04 9.0100e-05 2.4307e-01 0.0000e+00
381 0.0000e+00 1.7400e-05 9.1507e-05 5.1235e-04 9.1507e-05 2.4265e-01 0.0000e+00
382 0.0000e+00 3.3600e-05 9.2719e-05 4.4902e-04 9.2719e-05 2.4229e-01 0.0000e+00
383 1.0000e-03 4.7500e-05 1.0228e-04 4.9553e-04 9.3757e-05 2.4189e-01 8.5262e-06
384 1.0000e-03 5.8200e-05 1.0350e-04 5.2557e-04 9.4942e-05 2.4146e-01 8.5575e-06
385 0.0000e+00 6.4300e-05 9.6228e-05 4.4751e-04 9.6228e-05 2.4111e-01 0.0000e+00
386 5.0000e-04 6.7200e-05 1.0068e-04 4.3100e-04 9.7290e-05 2.4077e-01 3.3922e-06
387 0.0000e+00 6.4300e-05 9.8310e-05 3.7266e-04 9.8310e-05 2.4050e-01 0.0000e+00
388 0.0000e+00 5.8200e-05 9.9156e-05 3.2645e-04 9.9156e-05 2.4027e-01 0.0000e+00
389 0.0000e+00 4.7500e-05 9.9863e-05 2.8694e-04 9.9863e-05 2.4009e-01 0.0000e+00
390 5.0000e-04 3.3600e-05 1.0445e-04 2.7990e-04 1.0045e-04 2.3991e-01 4.0012e-06
391 0.0000e+00 1.6300e-05 1.0101e-04 2.4443e-04 1.0101e-04 2.3976e-01 0.0000e+00
392 5.0000e-04 0.0000e+00 1.0831e-04 2.6172e-04 1.0147e-04 2.3960e-01 6.8422e-06
393 5.0000e-04 0.0000e+00 1.0958e-04 2.7820e-04 1.0198e-04 2.3943e-01 7.6005e-06
394 0.0000e+00 0.0000e+00 1.0254e-04 2.3921e-04 1.0254e-04 2.3929e-01 0.0000e+00
395 0.0000e+00 0.0000e+00 1.0298e-04 2.0914e-04 1.0298e-04 2.3918e-01 0.0000e+00
396 0.0000e+00 0.0000e+00 1.0332e-04 1.8369e-04 1.0332e-04 2.3910e-01 0.0000e+00
397 0.0000e+00 0.0000e+00 1.0358e-04 1.6181e-04 1.0358e-04 2.3905e-01 0.0000e+00
398 0.0000e+00 0.0000e+00 1.0377e-04 1.4286e-04 1.0377e-04 2.3901e-01 0.0000e+00
399 0.0000e+00 0.0000e+00 1.0390e-04 1.2637e-04 1.0390e-04 2.3898e-01 0.0000e+00
400 0.0000e+00 0.0000e+00 1.0397e-04 1.1196e-04 1.0397e-04 2.3898e-01 0.0000e+00
401 0.0000e+00 0.0000e+00 1.0400e-04 9.9337e-05 1.0400e-04 2.3898e-01 0.0000e+00
402 1.0000e-03 0.0000e+00 1.1918e-04 1.9254e-04 1.0398e-04 2.3889e-01 1.5201e-05
403 0.0000e+00 0.0000e+00 1.0427e-04 1.5948e-04 1.0427e-04 2.3884e-01 0.0000e+00
404 0.0000e+00 0.0000e+00 1.0445e-04 1.3808e-04 1.0445e-04 2.3880e-01 0.0000e+00
405 5.0000e-04 2.4600e-05 1.1216e-04 1.7272e-04 1.0456e-04 2.3873e-01 7.6005e-06
406 5.0000e-04 4.7400e-05 1.1201e-04 1.9581e-04 1.0478e-04 2.3864e-01 7.2266e-06
407 0.0000e+00 6.7100e-05 1.0508e-04 1.6552e-04 1.0508e-04 2.3858e-01 0.0000e+00
408 5.0000e-04 8.2200e-05 1.1114e-04 1.8386e-04 1.0528e-04 2.3850e-01 5.8610e-06
409 0.0000e+00 9.0900e-05 1.0554e-04 1.5636e-04 1.0554e-04 2.3845e-01 0.0000e+00
410 0.0000e+00 9.5000e-05 1.0570e-04 1.3588e-04 1.0570e-04 2.3842e-01 0.0000e+00
411 0.0000e+00 9.0900e-05 1.0580e-04 1.1869e-04 1.0580e-04 2.3841e-01 0.0000e+00
412 0.0000e+00 8.2200e-05 1.0585e-04 1.0405e-04 1.0585e-04 2.3841e-01 0.0000e+00
413 0.0000e+00 6.7100e-05 1.0584e-04 9.1487e-05 1.0584e-04 2.3843e-01 0.0000e+00
414 0.0000e+00 4.7400e-05 1.0579e-04 8.0633e-05 1.0579e-04 2.3845e-01 0.0000e+00
415 0.0000e+00 2.3000e-05 1.0571e-04 7.1212e-05 1.0571e-04 2.3849e-01 0.0000e+00
416 0.0000e+00 0.0000e+00 1.0560e-04 6.3004e-05 1.0560e-04 2.3853e-01 0.0000e+00
417 0.0000e+00 0.0000e+00 1.0546e-04 5.5828e-05 1.0546e-04 2.3858e-01 0.0000e+00
418 0.0000e+00 0.0000e+00 1.0529e-04 4.9540e-05 1.0529e-04 2.3863e-01 0.0000e+00
419 0.0000e+00 0.0000e+00 1.0511e-04 4.4016e-05 1.0511e-04 2.3870e-01 0.0000e+00
420 0.0000e+00 0.0000e+00 1.0491e-04 3.9153e-05 1.0491e-04 2.3876e-01 0.0000e+00
421 0.0000e+00 0.0000e+00 1.0469e-04 3.4866e-05 1.0469e-04 2.3883e-01 0.0000e+00
422 0.0000e+00 0.0000e+00 1.0447e-04 3.1079e-05 1.0447e-04 2.3890e-01 0.0000e+00
423 0.0000e+00 0.0000e+00 1.0423e-04 2.7730e-05 1.0423e-04 2.3898e-01 0.0000e+00
424 0.0000e+00 0.0000e+00 1.0398e-04 2.4764e-05 1.0398e-04 2.3906e-01 0.0000e+00
425 0.0000e+00 0.0000e+00 1.0372e-04 2.2134e-05 1.0372e-04 2.3914e-01 0.0000e+00
426 0.0000e+00 0.0000e+00 1.0346e-04 1.9799e-05 1.0346e-04 2.3923e-01 0.0000e+00
427 5.0000e-04 0.0000e+00 1.0319e-04 1.7724e-05 1.0319e-04 2.3931e-01 0.0000e+00
428 2.0000e-03 0.0000e+00 1.3216e-04 2.1582e-04 1.0291e-04 2.3920e-01 2.9249e-05
429 3.0000e-03 3.2600e-05 1.4888e-04 4.8208e-04 1.0327e-04 2.3882e-01 4.5603e-05
430 2.0000e-03 6.2900e-05 1.3441e-04 5.9299e-04 1.0450e-04 2.3833e-01 2.9907e-05
431 1.0000e-03 8.9000e-05 1.2036e-04 5.8731e-04 1.0611e-04 2.3785e-01 1.4245e-05
432 0.0000e+00 1.0900e-04 1.0772e-04 4.9353e-04 1.0772e-04 2.3746e-01 0.0000e+00
433 5.0000e-04 1.2060e-04 1.1362e-04 4.5542e-04 1.0903e-04 2.3712e-01 4.5937e-06
434 0.0000e+00 1.2590e-04 1.1021e-04 3.9021e-04 1.1021e-04 2.3684e-01 0.0000e+00
435 0.0000e+00 1.2060e-04 1.1118e-04 3.3785e-04 1.1118e-04 2.3661e-01 0.0000e+00
436 0.0000e+00 1.0900e-04 1.1197e-04 2.9371e-04 1.1197e-04 2.3643e-01 0.0000e+00
437 3.5000e-03 8.9000e-05 1.5860e-04 5.7915e-04 1.1261e-04 2.3596e-01 4.5992e-05
438 0.0000e+00 6.2900e-05 1.1426e-04 4.7268e-04 1.1426e-04 2.3560e-01 0.0000e+00
439 0.0000e+00 3.0500e-05 1.1555e-04 4.0593e-04 1.1555e-04 2.3531e-01 0.0000e+00
440 0.0000e+00 0.0000e+00 1.1660e-04 3.5089e-04 1.1660e-04 2.3508e-01 0.0000e+00
441 0.0000e+00 0.0000e+00 1.1746e-04 3.0480e-04 1.1746e-04 2.3489e-01 0.0000e+00
442 0.0000e+00 0.0000e+00 1.1815e-04 2.6576e-04 1.1815e-04 2.3474e-01 0.0000e+00
443 0.0000e+00 0.0000e+00 1.1870e-04 2.3241e-04 1.1870e-04 2.3463e-01 0.0000e+00
444 5.0000e-04 0.0000e+00 1.2395e-04 2.3816e-04 1.1912e-04 2.3451e-01 4.8310e-06
445 0.0000e+00 0.0000e+00 1.1956e-04 2.0526e-04 1.1956e-04 2.3443e-01 0.0000e+00
446 0.0000e+00 0.0000e+00 1.1988e-04 1.7954e-04 1.1988e-04 2.3437e-01 0.0000e+00
447 0.0000e+00 0.0000e+00 1.2011e-04 1.5753e-04 1.2011e-04 2.3433e-01 0.0000e+00
448 0.0000e+00 0.0000e+00 1.2025e-04 1.3856e-04 1.2025e-04 2.3431e-01 0.0000e+00
449 0.0000e+00 0.0000e+00 1.2032e-04 1.2211e-04 1.2032e-04 2.3431e-01 0.0000e+00
450 0.0000e+00 0.0000e+00 1.2032e-04 1.0780e-04 1.2032e-04 2.3432e-01 0.0000e+00
451 0.0000e+00 0.0000e+00 1.2028e-04 9.5300e-05 1.2028e-04 2.3435e-01 0.0000e+00
452 5.0000e-04 0.0000e+00 1.2778e-04 1.3865e-04 1.2018e-04 2.3433e-01 7.6005e-06
453 0.0000e+00 2.2400e-05 1.2025e-04 1.1613e-04 1.2025e-04 2.3433e-01 0.0000e+00
454 0.0000e+00 4.3300e-05 1.2024e-04 1.0097e-04 1.2024e-04 2.3435e-01 0.0000e+00
455 0.0000e+00 6.1200e-05 1.2016e-04 8.8284e-05 1.2016e-04 2.3438e-01 0.0000e+00
456 0.0000e+00 7.5000e-05 1.2004e-04 7.7508e-05 1.2004e-04 2.3443e-01 0.0000e+00
457 0.0000e+00 8.3000e-05 1.1988e-04 6.8252e-05 1.1988e-04 2.3448e-01 0.0000e+00
458 0.0000e+00 8.6600e-05 1.1969e-04 6.0244e-05 1.1969e-04 2.3454e-01 0.0000e+00
459 0.0000e+00 8.3000e-05 1.1947e-04 5.3279e-05 1.1947e-04 2.3460e-01 0.0000e+00
460 0.0000e+00 7.5000e-05 1.1922e-04 4.7197e-05 1.1922e-04 2.3468e-01 0.0000e+00
461 0.0000e+00 6.1200e-05 1.1895e-04 4.1870e-05 1.1895e-04 2.3475e-01 0.0000e+00
462 0.0000e+00 4.3300e-05 1.1867e-04 3.7192e-05 1.1867e-04 2.3483e-01 0.0000e+00
463 0.0000e+00 2.1000e-05 1.1837e-04 3.3076e-05 1.1837e-04 2.3492e-01 0.0000e+00
464 0.0000e+00 0.0000e+00 1.1805e-04 2.9446e-05 1.1805e-04 2.3501e-01 0.0000e+00
465 1.0000e-03 0.0000e+00 1.2303e-04 6.3907e-05 1.1772e-04 2.3506e-01 5.3026e-06
466 5.0000e-04 0.0000e+00 1.2513e-04 1.0609e-04 1.1753e-04 2.3507e-01 7.6005e-06
467 0.0000e+00 0.0000e+00 1.1749e-04 8.6136e-05 1.1749e-04 2.3510e-01 0.0000e+00
468 0.0000e+00 0.0000e+00 1.1737e-04 7.3595e-05 1.1737e-04 2.3515e-01 0.0000e+00
469 5.0000e-04 0.0000e+00 1.2481e-04 1.1738e-04 1.1721e-04 2.3515e-01 7.6005e-06
470 0.0000e+00 0.0000e+00 1.1721e-04 9.6226e-05 1.1721e-04 2.3517e-01 0.0000e+00
471 0.0000e+00 0.0000e+00 1.1713e-04 8.2520e-05 1.1713e-04 2.3520e-01 0.0000e+00
472 5.0000e-04 0.0000e+00 1.2461e-04 1.2521e-04 1.1701e-04 2.3520e-01 7.6005e-06
473 5.0000e-04 0.0000e+00 1.2464e-04 1.5702e-04 1.1704e-04 2.3516e-01 7.6005e-06
474 0.0000e+00 0.0000e+00 1.1718e-04 1.2975e-04 1.1718e-04 2.3514e-01 0.0000e+00
475 0.0000e+00 0.0000e+00 1.1723e-04 1.1116e-04 1.1723e-04 2.3515e-01 0.0000e+00
476 0.0000e+00 0.0000e+00 1.1721e-04 9.5947e-05 1.1721e-04 2.3517e-01 0.0000e+00
477 0.0000e+00 9.2000e-06 1.1713e-04 8.3273e-05 1.1713e-04 2.3520e-01 0.0000e+00
478 0.0000e+00 1.7800e-05 1.1701e-04 7.2575e-05 1.1701e-04 2.3525e-01 0.0000e+00
479 0.0000e+00 2.5200e-05 1.1684e-04 6.3463e-05 1.1684e-04 2.3530e-01 0.0000e+00
480 0.0000e+00 3.0900e-05 1.1665e-04 5.5646e-05 1.1665e-04 2.3536e-01 0.0000e+00
481 0.0000e+00 3.4200e-05 1.1643e-04 4.8905e-05 1.1643e-04 2.3543e-01 0.0000e+00
482 5.0000e-04 3.5700e-05 1.2200e-04 8.4259e-05 1.1618e-04 2.3546e-01 5.8190e-06
483 2.5000e-03 3.4200e-05 1.5352e-04 3.3455e-04 1.1606e-04 2.3524e-01 3.7460e-05
484 1.0000e-03 3.0900e-05 1.3154e-04 3.6694e-04 1.1686e-04 2.3499e-01 1.4681e-05
485 0.0000e+00 2.5200e-05 1.1778e-04 3.0220e-04 1.1778e-04 2.3481e-01 0.0000e+00
486 1.0000e-03 1.7800e-05 1.3281e-04 3.5925e-04 1.1846e-04 2.3457e-01 1.4348e-05
487 0.0000e+00 8.6000e-06 1.1935e-04 2.9881e-04 1.1935e-04 2.3439e-01 0.0000e+00
488 0.0000e+00 0.0000e+00 1.2002e-04 2.5612e-04 1.2002e-04 2.3425e-01 0.0000e+00
489 0.0000e+00 0.0000e+00 1.2053e-04 2.2098e-04 1.2053e-04 2.3415e-01 0.0000e+00
490 0.0000e+00 0.0000e+00 1.2091e-04 1.9160e-04 1.2091e-04 2.3408e-01 0.0000e+00
491 0.0000e+00 0.0000e+00 1.2118e-04 1.6676e-04 1.2118e-04 2.3404e-01 0.0000e+00
492 0.0000e+00 0.0000e+00 1.2135e-04 1.4559e-04 1.2135e-04 2.3401e-01 0.0000e+00
493 0.0000e+00 0.0000e+00 1.2145e-04 1.2743e-04 1.2145e-04 2.3401e-01 0.0000e+00
494 0.0000e+00 0.0000e+00 1.2147e-04 1.1179e-04 1.2147e-04 2.3402e-01 0.0000e+00
495 0.0000e+00 0.0000e+00 1.2143e-04 9.8249e-05 1.2143e-04 2.3404e-01 0.0000e+00
496 0.0000e+00 0.0000e+00 1.2134e-04 8.6501e-05 1.2134e-04 2.3407e-01 0.0000e+00
497 0.0000e+00 0.0000e+00 1.2121e-04 7.6277e-05 1.2121e-04 2.3412e-01 0.0000e+00
498 0.0000e+00 0.0000e+00 1.2104e-04 6.7357e-05 1.2104e-04 2.3417e-01 0.0000e+00
499 0.0000e+00 0.0000e+00 1.2084e-04 5.9559e-05 1.2084e-04 2.3423e-01 0.0000e+00
500 0.0000e+00 0.0000e+00 1.2061e-04 5.2729e-05 1.2061e-04 2.3430e-01 0.0000e+00
501 0.0000e+00 6.3800e-05 1.2035e-04 4.6735e-05 1.2035e-04 2.3437e-01 0.0000e+00
502 0.0000e+00 1.2310e-04 1.2008e-04 4.1468e-05 1.2008e-04 2.3445e-01 0.0000e+00
503 0.0000e+00 1.7420e-04 1.1978e-04 3.6832e-05 1.1978e-04 2.3454e-01 0.0000e+00
504 0.0000e+00 2.1330e-04 1.1947e-04 3.2745e-05 1.1947e-04 2.3462e-01 0.0000e+00
505 0.0000e+00 2.3600e-04 1.1915e-04 2.9139e-05 1.1915e-04 2.3471e-01 0.0000e+00
506 0.0000e+00 2.4640e-04 1.1881e-04 2.5953e-05 1.1881e-04 2.3481e-01 0.0000e+00
507 0.0000e+00 2.3600e-04 1.1847e-04 2.3134e-05 1.1847e-04 2.3490e-01 0.0000e+00
508 0.0000e+00 2.1330e-04 1.1812e-04 2.0638e-05 1.1812e-04 2.3500e-01 0.0000e+00
509 0.0000e+00 1.7420e-04 1.1776e-04 1.8425e-05 1.1776e-04 2.3510e-01 0.0000e+00
510 0.0000e+00 1.2310e-04 1.1739e-04 1.6461e-05 1.1739e-04 2.3520e-01 0.0000e+00
511 0.0000e+00 5.9600e-05 1.1702e-04 1.4717e-05 1.1702e-04 2.3530e-01 0.0000e+00
512 0.0000e+00 0.0000e+00 1.1665e-04 1.3167e-05 1.1665e-04 2.3540e-01 0.0000e+00
513 0.0000e+00 0.0000e+00 1.1627e-04 1.1788e-05 1.1627e-04 2.3551e-01 0.0000e+00
514 0.0000e+00 0.0000e+00 1.1589e-04 1.0560e-05 1.1589e-04 2.3561e-01 0.0000e+00
515 0.0000e+00 0.0000e+00 1.1551e-04 9.4660e-06 1.1551e-04 2.3572e-01 0.0000e+00
516 0.0000e+00 0.0000e+00 1.1513e-04 8.4902e-06 1.1513e-04 2.3583e-01 0.0000e+00
517 0.0000e+00 0.0000e+00 1.1475e-04 7.6194e-06 1.1475e-04 2.3593e-01 0.0000e+00
518 0.0000e+00 0.0000e+00 1.1436e-04 6.8418e-06 1.1436e-04 2.3604e-01 0.0000e+00
519 0.0000e+00 0.0000e+00 1.1398e-04 6.1468e-06 1.1398e-04 2.3615e-01 0.0000e+00
520 0.0000e+00 0.0000e+00 1.1360e-04 5.5254e-06 1.1360e-04 2.3626e-01 0.0000e+00
521 0.0000e+00 0.0000e+00 1.1321e-04 4.9693e-06 1.1321e-04 2.3637e-01 0.0000e+00
522 0.0000e+00 0.0000e+00 1.1283e-04 4.4714e-06 1.1283e-04 2.3647e-01 0.0000e+00
523 0.0000e+00 0.0000e+00 1.1245e-04 4.0254e-06 1.1245e-04 2.3658e-01 0.0000e+00
524 0.0000e+00 0.0000e+00 1.1207e-04 3.6250e-06 1.1207e-04 2.3669e-01 0.0000e+00
525 0.0000e+00 4.1700e-05 1.1169e-04 3.2665e-06 1.1169e-04 2.3680e-01 0.0000e+00
526 0.0000e+00 8.0400e-05 1.1131e-04 2.9448e-06 1.1131e-04 2.3691e-01 0.0000e+00
527 0.0000e+00 1.1380e-04 1.1094e-04 2.6560e-06 1.1094e-04 2.3702e-01 0.0000e+00
528 0.0000e+00 1.3930e-04 1.1056e-04 2.3965e-06 1.1056e-04 2.3712e-01 0.0000e+00
529 0.0000e+00 1.5420e-04 1.1019e-04 2.1632e-06 1.1019e-04 2.3723e-01 0.0000e+00
530 0.0000e+00 1.6090e-04 1.0982e-04 1.9535e-06 1.0982e-04 2.3734e-01 0.0000e+00
531 0.0000e+00 1.5420e-04 1.0945e-04 1.7648e-06 1.0945e-04 2.3745e-01 0.0000e+00
532 0.0000e+00 1.3930e-04 1.0908e-04 1.5949e-06 1.0908e-04 2.3756e-01 0.0000e+00
533 0.0000e+00 1.1380e-04 1.0871e-04 1.4420e-06 1.0871e-04 2.3766e-01 0.0000e+00
534 0.0000e+00 8.0400e-05 1.0835e-04 1.3042e-06 1.0835e-04 2.3777e-01 0.0000e+00
535 0.0000e+00 3.8900e-05 1.0799e-04 1.1800e-06 1.0799e-04 2.3788e-01 0.0000e+00
536 0.0000e+00 0.0000e+00 1.0763e-04 1.0672e-06 1.0763e-04 2.3798e-01 0.0000e+00
537 0.0000e+00 0.0000e+00 1.0727e-04 9.6635e-07 1.0727e-04 2.3809e-01 0.0000e+00
538 0.0000e+00 0.0000e+00 1.0691e-04 8.7532e-07 1.0691e-04 2.3820e-01 0.0000e+00
539 0.0000e+00 0.0000e+00 1.0656e-04 7.9312e-07 1.0656e-04 2.3830e-01 0.0000e+00
540 0.0000e+00 0.0000e+00 1.0621e-04 7.1888e-07 1.0621e-04 2.3841e-01 0.0000e+00
541 0.0000e+00 0.0000e+00 1.0586e-04 6.5179e-07 1.0586e-04 2.3851e-01 0.0000e+00
542 0.0000e+00 0.0000e+00 1.0551e-04 5.9116e-07 1.0551e-04 2.3862e-01 0.0000e+00
543 0.0000e+00 0.0000e+00 1.0517e-04 5.3633e-07 1.0517e-04 2.3872e-01 0.0000e+00
544 0.0000e+00 0.0000e+00 1.0482e-04 4.8673e-07 1.0482e-04 2.3883e-01 0.0000e+00
545 0.0000e+00 0.0000e+00 1.0448e-04 4.4185e-07 1.0448e-04 2.3893e-01 0.0000e+00
546 0.0000e+00 0.0000e+00 1.0414e-04 4.0123e-07 1.0414e-04 2.3903e-01 0.0000e+00
547 0.0000e+00 0.0000e+00 1.0381e-04 3.6445e-07 1.0381e-04 2.3914e-01 0.0000e+00
548 0.0000e+00 0.0000e+00 1.0347e-04 3.3008e-07 1.0347e-04 2.3924e-01 0.0000e+00
549 0.0000e+00 2.0700e-05 1.0314e-04 3.0005e-07 1.0314e-04 2.3934e-01 0.0000e+00
550 0.0000e+00 4.0000e-05 1.0281e-04 2.7283e-07 1.0281e-04 2.3945e-01 0.0000e+00
551 0.0000e+00 5.6600e-05 1.0248e-04 2.4815e-07 1.0248e-04 2.3955e-01 0.0000e+00
552 1.0000e-03 6.9300e-05 1.0215e-04 2.2575e-07 1.0215e-04 2.3965e-01 0.0000e+00
553 1.0000e-03 7.6600e-05 1.0183e-04 2.0543e-07 1.0183e-04 2.3975e-01 0.0000e+00
554 2.0000e-03 8.0000e-05 1.1263e-04 7.5889e-05 1.0150e-04 2.3978e-01 1.1129e-05
555 1.5000e-03 7.6600e-05 1.2301e-04 2.0610e-04 1.0142e-04 2.3967e-01 2.1585e-05
556 0.0000e+00 6.9300e-05 1.0176e-04 1.6471e-04 1.0176e-04 2.3961e-01 0.0000e+00
557 5.0000e-04 5.6600e-05 1.0734e-04 1.7582e-04 1.0196e-04 2.3954e-01 5.3843e-06
558 0.0000e+00 4.0000e-05 1.0219e-04 1.4774e-04 1.0219e-04 2.3949e-01 0.0000e+00
559 0.0000e+00 1.9400e-05 1.0234e-04 1.2674e-04 1.0234e-04 2.3947e-01 0.0000e+00
560 0.0000e+00 0.0000e+00 1.0241e-04 1.0950e-04 1.0241e-04 2.3946e-01 0.0000e+00
561 0.0000e+00 0.0000e+00 1.0244e-04 9.5071e-05 1.0244e-04 2.3947e-01 0.0000e+00
562 0.0000e+00 0.0000e+00 1.0241e-04 8.2856e-05 1.0241e-04 2.3949e-01 0.0000e+00
563 0.0000e+00 0.0000e+00 1.0235e-04 7.2439e-05 1.0235e-04 2.3952e-01 0.0000e+00
564 0.0000e+00 0.0000e+00 1.0226e-04 6.3499e-05 1.0226e-04 2.3955e-01 0.0000e+00
565 5.0000e-04 0.0000e+00 1.0797e-04 9.5592e-05 1.0213e-04 2.3956e-01 5.8385e-06
566 0.0000e+00 0.0000e+00 1.0211e-04 8.0165e-05 1.0211e-04 2.3958e-01 0.0000e+00
567 0.0000e+00 0.0000e+00 1.0204e-04 6.9424e-05 1.0204e-04 2.3962e-01 0.0000e+00
568 0.0000e+00 0.0000e+00 1.0194e-04 6.0545e-05 1.0194e-04 2.3966e-01 0.0000e+00
569 0.0000e+00 0.0000e+00 1.0181e-04 5.3013e-05 1.0181e-04 2.3971e-01 0.0000e+00
570 0.0000e+00 0.0000e+00 1.0165e-04 4.6562e-05 1.0165e-04 2.3976e-01 0.0000e+00
571 0.0000e+00 0.0000e+00 1.0148e-04 4.0998e-05 1.0148e-04 2.3982e-01 0.0000e+00
572 0.0000e+00 0.0000e+00 1.0128e-04 3.6175e-05 1.0128e-04 2.3989e-01 0.0000e+00
573 3.0000e-03 3.0500e-05 1.4668e-04 3.4174e-04 1.0108e-04 2.3965e-01 4.5603e-05
574 1.0000e-03 5.8900e-05 1.1658e-04 3.7150e-04 1.0184e-04 2.3938e-01 1.4737e-05
575 2.5000e-03 8.3300e-05 1.3981e-04 5.6146e-04 1.0270e-04 2.3892e-01 3.7107e-05
576 3.5000e-03 1.0200e-04 1.5612e-04 8.1808e-04 1.0419e-04 2.3820e-01 5.1937e-05
577 1.5000e-03 1.1290e-04 1.2779e-04 8.1996e-04 1.0654e-04 2.3749e-01 2.1251e-05
578 0.0000e+00 1.1780e-04 1.0894e-04 6.8942e-04 1.0894e-04 2.3691e-01 0.0000e+00
579 0.0000e+00 1.1290e-04 1.1093e-04 5.9227e-04 1.1093e-04 2.3643e-01 0.0000e+00
580 0.0000e+00 1.0200e-04 1.1261e-04 5.1163e-04 1.1261e-04 2.3603e-01 0.0000e+00
581 0.0000e+00 8.3300e-05 1.1403e-04 4.4388e-04 1.1403e-04 2.3570e-01 0.0000e+00
582 0.0000e+00 5.8900e-05 1.1521e-04 3.8643e-04 1.1521e-04 2.3543e-01 0.0000e+00
583 0.0000e+00 2.8500e-05 1.1619e-04 3.3737e-04 1.1619e-04 2.3521e-01 0.0000e+00
584 0.0000e+00 0.0000e+00 1.1699e-04 2.9524e-04 1.1699e-04 2.3503e-01 0.0000e+00
585 0.0000e+00 0.0000e+00 1.1765e-04 2.5889e-04 1.1765e-04 2.3489e-01 0.0000e+00
586 0.0000e+00 0.0000e+00 1.1817e-04 2.2743e-04 1.1817e-04 2.3478e-01 0.0000e+00
587 0.0000e+00 0.0000e+00 1.1857e-04 2.0012e-04 1.1857e-04 2.3470e-01 0.0000e+00
588 0.0000e+00 0.0000e+00 1.1887e-04 1.7634e-04 1.1887e-04 2.3464e-01 0.0000e+00
589 5.0000e-04 0.0000e+00 1.1909e-04 1.5561e-04 1.1909e-04 2.3460e-01 0.0000e+00
590 0.0000e+00 0.0000e+00 1.1922e-04 1.3748e-04 1.1922e-04 2.3458e-01 0.0000e+00
591 0.0000e+00 0.0000e+00 1.1929e-04 1.2161e-04 1.1929e-04 2.3458e-01 0.0000e+00
592 5.0000e-04 0.0000e+00 1.2518e-04 1.4961e-04 1.1930e-04 2.3455e-01 5.8810e-06
593 0.0000e+00 0.0000e+00 1.1941e-04 1.2743e-04 1.1941e-04 2.3454e-01 0.0000e+00
594 1.0000e-03 0.0000e+00 1.3465e-04 2.1987e-04 1.1944e-04 2.3444e-01 1.5201e-05
595 0.0000e+00 0.0000e+00 1.1982e-04 1.8064e-04 1.1982e-04 2.3438e-01 0.0000e+00
596 0.0000e+00 0.0000e+00 1.2005e-04 1.5560e-04 1.2005e-04 2.3435e-01 0.0000e+00
597 0.0000e+00 6.2600e-05 1.2018e-04 1.3501e-04 1.2018e-04 2.3433e-01 0.0000e+00
598 0.0000e+00 1.2080e-04 1.2024e-04 1.1777e-04 1.2024e-04 2.3433e-01 0.0000e+00
599 0.0000e+00 1.7090e-04 1.2023e-04 1.0312e-04 1.2023e-04 2.3435e-01 0.0000e+00
600 0.0000e+00 2.0930e-04 1.2016e-04 9.0568e-05 1.2016e-04 2.3438e-01 0.0000e+00
601 0.0000e+00 2.3150e-04 1.2005e-04 7.9737e-05 1.2005e-04 2.3442e-01 0.0000e+00
602 0.0000e+00 2.4180e-04 1.1990e-04 7.0344e-05 1.1990e-04 2.3447e-01 0.0000e+00
603 0.0000e+00 2.3150e-04 1.1972e-04 6.2167e-05 1.1972e-04 2.3453e-01 0.0000e+00
604 0.0000e+00 2.0930e-04 1.1950e-04 5.5026e-05 1.1950e-04 2.3459e-01 0.0000e+00
605 0.0000e+00 1.7090e-04 1.1926e-04 4.8773e-05 1.1926e-04 2.3466e-01 0.0000e+00
606 0.0000e+00 1.2080e-04 1.1900e-04 4.3285e-05 1.1900e-04 2.3474e-01 0.0000e+00
607 0.0000e+00 5.8500e-05 1.1872e-04 3.8460e-05 1.1872e-04 2.3482e-01 0.0000e+00
608 0.0000e+00 0.0000e+00 1.1842e-04 3.4209e-05 1.1842e-04 2.3490e-01 0.0000e+00
609 0.0000e+00 0.0000e+00 1.1811e-04 3.0460e-05 1.1811e-04 2.3499e-01 0.0000e+00
610 0.0000e+00 0.0000e+00 1.1778e-04 2.7146e-05 1.1778e-04 2.3508e-01 0.0000e+00
611 0.0000e+00 0.0000e+00 1.1745e-04 2.4215e-05 1.1745e-04 2.3518e-01 0.0000e+00
612 0.0000e+00 0.0000e+00 1.1711e-04 2.1618e-05 1.1711e-04 2.3527e-01 0.0000e+00
613 0.0000e+00 0.0000e+00 1.1676e-04 1.9316e-05 1.1676e-04 2.3537e-01 0.0000e+00
614 0.0000e+00 0.0000e+00 1.1641e-04 1.7271e-05 1.1641e-04 2.3547e-01 0.0000e+00
615 0.0000e+00 0.0000e+00 1.1605e-04 1.5455e-05 1.1605e-04 2.3557e-01 0.0000e+00
616 0.0000e+00 0.0000e+00 1.1568e-04 1.3839e-05 1.1568e-04 2.3567e-01 0.0000e+00
617 0.0000e+00 0.0000e+00 1.1531e-04 1.2400e-05 1.1531e-04 2.3577e-01 0.0000e+00
618 0.0000e+00 0.0000e+00 1.1494e-04 1.1118e-05 1.1494e-04 2.3588e-01 0.0000e+00
619 0.0000e+00 0.0000e+00 1.1457e-04 9.9748e-06 1.1457e-04 2.3598e-01 0.0000e+00
620 0.0000e+00 0.0000e+00 1.1420e-04 8.9546e-06 1.1420e-04 2.3609e-01 0.0000e+00
621 0.0000e+00 1.4200e-05 1.1382e-04 8.0434e-06 1.1382e-04 2.3619e-01 0.0000e+00
622 0.0000e+00 2.7500e-05 1.1345e-04 7.2289e-06 1.1345e-04 2.3630e-01 0.0000e+00
623 0.0000e+00 3.8900e-05 1.1307e-04 6.5004e-06 1.1307e-04 2.3640e-01 0.0000e+00
624 1.0000e-03 4.7600e-05 1.1269e-04 5.8484e-06 1.1269e-04 2.3651e-01 0.0000e+00
625 1.0000e-03 5.2700e-05 1.1349e-04 1.3512e-05 1.1232e-04 2.3661e-01 1.1753e-06
626 3.0000e-03 5.5000e-05 1.5678e-04 3.2520e-04 1.1197e-04 2.3640e-01 4.4802e-05
627 2.0000e-03 5.2700e-05 1.4229e-04 4.5827e-04 1.1272e-04 2.3605e-01 2.9566e-05
628 1.5000e-03 4.7600e-05 1.3595e-04 5.2580e-04 1.1395e-04 2.3564e-01 2.2000e-05
629 3.5000e-03 3.8900e-05 1.6790e-04 8.0442e-04 1.1542e-04 2.3495e-01 5.2480e-05
630 4.0000e-03 2.7500e-05 1.7815e-04 1.0830e-03 1.1793e-04 2.3399e-01 6.0213e-05
631 5.0000e-03 1.3300e-05 1.9713e-04 1.4298e-03 1.2154e-04 2.3268e-01 7.5587e-05
632 0.0000e+00 0.0000e+00 1.2662e-04 1.1764e-03 1.2662e-04 2.3163e-01 0.0000e+00
633 0.0000e+00 0.0000e+00 1.3084e-04 1.0033e-03 1.3084e-04 2.3076e-01 0.0000e+00
634 1.0000e-03 0.0000e+00 1.4945e-04 9.7184e-04 1.3446e-04 2.2992e-01 1.4999e-05
635 2.5000e-03 0.0000e+00 1.7602e-04 1.1094e-03 1.3802e-04 2.2895e-01 3.8003e-05
636 3.5000e-03 0.0000e+00 1.9548e-04 1.3270e-03 1.4227e-04 2.2776e-01 5.3204e-05
637 3.0000e-03 0.0000e+00 1.9324e-04 1.4458e-03 1.4764e-04 2.2646e-01 4.5603e-05
638 0.0000e+00 0.0000e+00 1.5375e-04 1.2035e-03 1.5375e-04 2.2541e-01 0.0000e+00
639 5.0000e-04 0.0000e+00 1.6648e-04 1.0875e-03 1.5888e-04 2.2449e-01 7.6005e-06
640 0.0000e+00 0.0000e+00 1.6356e-04 9.2905e-04 1.6356e-04 2.2372e-01 0.0000e+00
641 5.0000e-04 0.0000e+00 1.7512e-04 8.6097e-04 1.6752e-04 2.2303e-01 7.6005e-06
642 0.0000e+00 0.0000e+00 1.7119e-04 7.3745e-04 1.7119e-04 2.2246e-01 0.0000e+00
643 5.0000e-04 0.0000e+00 1.8185e-04 6.9860e-04 1.7425e-04 2.2194e-01 7.6005e-06
644 0.0000e+00 0.0000e+00 1.7712e-04 5.9785e-04 1.7712e-04 2.2151e-01 0.0000e+00
645 0.0000e+00 1.6900e-05 1.7947e-04 5.1786e-04 1.7947e-04 2.2118e-01 0.0000e+00
646 0.0000e+00 3.2600e-05 1.8138e-04 4.5011e-04 1.8138e-04 2.2091e-01 0.0000e+00
647 0.0000e+00 4.6100e-05 1.8291e-04 3.9213e-04 1.8291e-04 2.2070e-01 0.0000e+00
648 0.0000e+00 5.6400e-05 1.8411e-04 3.4226e-04 1.8411e-04 2.2054e-01 0.0000e+00
649 0.0000e+00 6.2400e-05 1.8502e-04 2.9922e-04 1.8502e-04 2.2043e-01 0.0000e+00
650 0.0000e+00 6.5200e-05 1.8568e-04 2.6199e-04 1.8568e-04 2.2035e-01 0.0000e+00
651 0.0000e+00 6.2400e-05 1.8612e-04 2.2970e-04 1.8612e-04 2.2031e-01 0.0000e+00
652 0.0000e+00 5.6400e-05 1.8638e-04 2.0165e-04 1.8638e-04 2.2029e-01 0.0000e+00
653 0.0000e+00 4.6100e-05 1.8646e-04 1.7725e-04 1.8646e-04 2.2030e-01 0.0000e+00
654 0.0000e+00 3.2600e-05 1.8641e-04 1.5597e-04 1.8641e-04 2.2033e-01 0.0000e+00
655 0.0000e+00 1.5800e-05 1.8623e-04 1.3741e-04 1.8623e-04 2.2038e-01 0.0000e+00
656 0.0000e+00 0.0000e+00 1.8595e-04 1.2118e-04 1.8595e-04 2.2044e-01 0.0000e+00
657 0.0000e+00 0.0000e+00 1.8557e-04 1.0697e-04 1.8557e-04 2.2052e-01 0.0000e+00
658 0.0000e+00 0.0000e+00 1.8512e-04 9.4528e-05 1.8512e-04 2.2061e-01 0.0000e+00
659 0.0000e+00 0.0000e+00 1.8460e-04 8.3609e-05 1.8460e-04 2.2071e-01 0.0000e+00
660 0.0000e+00 0.0000e+00 1.8401e-04 7.4018e-05 1.8401e-04 2.2082e-01 0.0000e+00
661 0.0000e+00 0.0000e+00 1.8338e-04 6.5586e-05 1.8338e-04 2.2094e-01 0.0000e+00
662 0.0000e+00 0.0000e+00 1.8271e-04 5.8164e-05 1.8271e-04 2.2107e-01 0.0000e+00
663 0.0000e+00 0.0000e+00 1.8200e-04 5.1624e-05 1.8200e-04 2.2120e-01 0.0000e+00
664 0.0000e+00 0.0000e+00 1.8126e-04 4.5857e-05 1.8126e-04 2.2133e-01 0.0000e+00
665 0.0000e+00 0.0000e+00 1.8049e-04 4.0765e-05 1.8049e-04 2.2147e-01 0.0000e+00
666 5.0000e-04 0.0000e+00 1.7985e-04 3.7402e-05 1.7971e-04 2.2161e-01 1.4092e-07
667 0.0000e+00 0.0000e+00 1.7891e-04 3.3100e-05 1.7891e-04 2.2176e-01 0.0000e+00
668 5.0000e-04 0.0000e+00 1.8570e-04 9.0536e-05 1.7810e-04 2.2185e-01 7.6005e-06
669 5.0000e-04 1.5300e-05 1.8521e-04 1.3109e-04 1.7761e-04 2.2189e-01 7.6005e-06
670 0.0000e+00 2.9500e-05 1.7735e-04 1.0296e-04 1.7735e-04 2.2197e-01 0.0000e+00
671 1.0000e-03 4.1700e-05 1.9146e-04 2.0295e-04 1.7694e-04 2.2194e-01 1.4520e-05
672 0.0000e+00 5.1100e-05 1.7708e-04 1.5756e-04 1.7708e-04 2.2196e-01 0.0000e+00
673 0.0000e+00 5.6500e-05 1.7698e-04 1.3180e-04 1.7698e-04 2.2201e-01 0.0000e+00
674 0.0000e+00 5.9000e-05 1.7673e-04 1.1195e-04 1.7673e-04 2.2207e-01 0.0000e+00
675 5.0000e-04 5.6500e-05 1.8081e-04 1.3146e-04 1.7637e-04 2.2212e-01 4.4391e-06
676 5.0000e-04 5.1100e-05 1.8286e-04 1.6218e-04 1.7612e-04 2.2213e-01 6.7417e-06
677 0.0000e+00 4.1700e-05 1.7604e-04 1.3122e-04 1.7604e-04 2.2218e-01 0.0000e+00
678 0.0000e+00 2.9500e-05 1.7580e-04 1.1122e-04 1.7580e-04 2.2224e-01 0.0000e+00
679 1.0000e-03 1.4300e-05 1.8879e-04 2.0201e-04 1.7544e-04 2.2221e-01 1.3343e-05
680 1.0000e-03 0.0000e+00 1.9057e-04 2.7897e-04 1.7559e-04 2.2211e-01 1.4984e-05
681 0.0000e+00 0.0000e+00 1.7616e-04 2.2049e-04 1.7616e-04 2.2207e-01 0.0000e+00
682 0.0000e+00 0.0000e+00 1.7640e-04 1.8499e-04 1.7640e-04 2.2206e-01 0.0000e+00
683 0.0000e+00 0.0000e+00 1.7645e-04 1.5734e-04 1.7645e-04 2.2208e-01 0.0000e+00
684 0.0000e+00 0.0000e+00 1.7634e-04 1.3483e-04 1.7634e-04 2.2212e-01 0.0000e+00
685 0.0000e+00 0.0000e+00 1.7612e-04 1.1612e-04 1.7612e-04 2.2218e-01 0.0000e+00
686 0.0000e+00 0.0000e+00 1.7579e-04 1.0041e-04 1.7579e-04 2.2225e-01 0.0000e+00
687 0.0000e+00 0.0000e+00 1.7537e-04 8.7114e-05 1.7537e-04 2.2234e-01 0.0000e+00
688 0.0000e+00 0.0000e+00 1.7489e-04 7.5787e-05 1.7489e-04 2.2244e-01 0.0000e+00
689 0.0000e+00 0.0000e+00 1.7435e-04 6.6094e-05 1.7435e-04 2.2255e-01 0.0000e+00
690 0.0000e+00 0.0000e+00 1.7376e-04 5.7765e-05 1.7376e-04 2.2267e-01 0.0000e+00
691 0.0000e+00 0.0000e+00 1.7313e-04 5.0583e-05 1.7313e-04 2.2279e-01 0.0000e+00
692 0.0000e+00 0.0000e+00 1.7247e-04 4.4372e-05 1.7247e-04 2.2292e-01 0.0000e+00
693 0.0000e+00 5.6100e-05 1.7178e-04 3.8985e-05 1.7178e-04 2.2305e-01 0.0000e+00
694 0.0000e+00 1.0830e-04 1.7107e-04 3.4304e-05 1.7107e-04 2.2319e-01 0.0000e+00
695 0.0000e+00 1.5320e-04 1.7034e-04 3.0226e-05 1.7034e-04 2.2333e-01 0.0000e+00
696 0.0000e+00 1.8770e-04 1.6959e-04 2.6668e-05 1.6959e-04 2.2347e-01 0.0000e+00
697 0.0000e+00 2.0760e-04 1.6884e-04 2.3556e-05 1.6884e-04 2.2361e-01 0.0000e+00
698 0.0000e+00 2.1680e-04 1.6807e-04 2.0832e-05 1.6807e-04 2.2376e-01 0.0000e+00
699 0.0000e+00 2.0760e-04 1.6730e-04 1.8442e-05 1.6730e-04 2.2391e-01 0.0000e+00
700 5.0000e-04 1.8770e-04 1.6653e-04 1.6343e-05 1.6653e-04 2.2406e-01 0.0000e+00
701 0.0000e+00 1.5320e-04 1.6575e-04 1.4498e-05 1.6575e-04 2.2421e-01 0.0000e+00
702 0.0000e+00 1.0830e-04 1.6496e-04 1.2873e-05 1.6496e-04 2.2436e-01 0.0000e+00
703 0.0000e+00 5.2400e-05 1.6418e-04 1.1440e-05 1.6418e-04 2.2452e-01 0.0000e+00
704 0.0000e+00 0.0000e+00 1.6340e-04 1.0175e-05 1.6340e-04 2.2467e-01 0.0000e+00
705 0.0000e+00 0.0000e+00 1.6262e-04 9.0577e-06 1.6262e-04 2.2482e-01 0.0000e+00
706 0.0000e+00 0.0000e+00 1.6184e-04 8.0693e-06 1.6184e-04 2.2498e-01 0.0000e+00
707 0.0000e+00 0.0000e+00 1.6107e-04 7.1942e-06 1.6107e-04 2.2513e-01 0.0000e+00
708 0.0000e+00 0.0000e+00 1.6029e-04 6.4187e-06 1.6029e-04 2.2528e-01 0.0000e+00
709 0.0000e+00 0.0000e+00 1.5952e-04 5.7309e-06 1.5952e-04 2.2544e-01 0.0000e+00
710 0.0000e+00 0.0000e+00 1.5876e-04 5.1194e-06 1.5876e-04 2.2559e-01 0.0000e+00
711 0.0000e+00 0.0000e+00 1.5800e-04 4.5770e-06 1.5800e-04 2.2575e-01 0.0000e+00
712 0.0000e+00 0.0000e+00 1.5724e-04 4.0948e-06 1.5724e-04 2.2590e-01 0.0000e+00
713 0.0000e+00 0.0000e+00 1.5649e-04 3.6656e-06 1.5649e-04 2.2605e-01 0.0000e+00
714 0.0000e+00 0.0000e+00 1.5575e-04 3.2833e-06 1.5575e-04 2.2620e-01 0.0000e+00
715 0.0000e+00 0.0000e+00 1.5501e-04 2.9426e-06 1.5501e-04 2.2636e-01 0.0000e+00
716 0.0000e+00 0.0000e+00 1.5427e-04 2.6388e-06 1.5427e-04 2.2651e-01 0.0000e+00
717 0.0000e+00 8.5600e-05 1.5354e-04 2.3676e-06 1.5354e-04 2.2666e-01 0.0000e+00
718 0.0000e+00 1.6520e-04 1.5282e-04 2.1255e-06 1.5282e-04 2.2681e-01 0.0000e+00
719 0.0000e+00 2.3380e-04 1.5210e-04 1.9091e-06 1.5210e-04 2.2696e-01 0.0000e+00
720 0.0000e+00 2.8620e-04 1.5139e-04 1.7156e-06 1.5139e-04 2.2711e-01 0.0000e+00
721 0.0000e+00 3.1670e-04 1.5068e-04 1.5425e-06 1.5068e-04 2.2726e-01 0.0000e+00
722 0.0000e+00 3.3060e-04 1.4998e-04 1.3865e-06 1.4998e-04 2.2741e-01 0.0000e+00
723 0.0000e+00 3.1670e-04 1.4929e-04 1.2479e-06 1.4929e-04 2.2756e-01 0.0000e+00
724 0.0000e+00 2.8620e-04 1.4860e-04 1.1237e-06 1.4860e-04 2.2770e-01 0.0000e+00
725 0.0000e+00 2.3380e-04 1.4791e-04 1.0122e-06 1.4791e-04 2.2785e-01 0.0000e+00
726 0.0000e+00 1.6520e-04 1.4724e-04 9.1223e-07 1.4724e-04 2.2800e-01 0.0000e+00
727 0.0000e+00 8.0000e-05 1.4657e-04 8.2246e-07 1.4657e-04 2.2814e-01 0.0000e+00
728 0.0000e+00 0.0000e+00 1.4590e-04 7.4184e-07 1.4590e-04 2.2829e-01 0.0000e+00
729 0.0000e+00 0.0000e+00 1.4524e-04 6.6939e-07 1.4524e-04 2.2843e-01 0.0000e+00
730 0.0000e+00 0.0000e+00 1.4458e-04 6.0425e-07 1.4458e-04 2.2858e-01 0.0000e+00
731 0.0000e+00 0.0000e+00 1.4394e-04 5.4567e-07 1.4394e-04 2.2872e-01 0.0000e+00
732 0.0000e+00 0.0000e+00 1.4329e-04 4.9295e-07 1.4329e-04 2.2886e-01 0.0000e+00
733 0.0000e+00 0.0000e+00 1.4265e-04 4.4550e-07 1.4265e-04 2.2900e-01 0.0000e+00
734 0.0000e+00 0.0000e+00 1.4202e-04 4.0160e-07 1.4202e-04 2.2915e-01 0.0000e+00
735 0.0000e+00 0.0000e+00 1.4139e-04 3.6328e-07 1.4139e-04 2.2929e-01 0.0000e+00
736 0.0000e+00 0.0000e+00 1.4077e-04 3.2873e-07 1.4077e-04 2.2943e-01 0.0000e+00
737 0.0000e+00 0.0000e+00 1.4016e-04 2.9757e-07 1.4016e-04 2.2957e-01 0.0000e+00
738 0.0000e+00 0.0000e+00 1.3954e-04 2.6945e-07 1.3954e-04 2.2971e-01 0.0000e+00
739 0.0000e+00 0.0000e+00 1.3894e-04 2.4406e-07 1.3894e-04 2.2984e-01 0.0000e+00
740 0.0000e+00 0.0000e+00 1.3834e-04 2.2113e-07 1.3834e-04 2.2998e-01 0.0000e+00
741 0.0000e+00 7.4700e-05 1.3774e-04 2.0042e-07 1.3774e-04 2.3012e-01 0.0000e+00
742 0.0000e+00 1.4410e-04 1.3715e-04 1.8171e-07 1.3715e-04 2.3026e-01 0.0000e+00
743 0.0000e+00 2.0380e-04 1.3657e-04 1.6479e-07 1.3657e-04 2.3039e-01 0.0000e+00
744 0.0000e+00 2.4960e-04 1.3598e-04 1.4949e-07 1.3598e-04 2.3053e-01 0.0000e+00
745 0.0000e+00 2.7610e-04 1.3541e-04 1.3566e-07 1.3541e-04 2.3066e-01 0.0000e+00
746 0.0000e+00 2.8830e-04 1.3484e-04 1.2165e-07 1.3484e-04 2.3080e-01 0.0000e+00
747 0.0000e+00 2.7610e-04 1.3427e-04 1.1052e-07 1.3427e-04 2.3093e-01 0.0000e+00
748 0.0000e+00 2.4960e-04 1.3371e-04 1.0043e-07 1.3371e-04 2.3107e-01 0.0000e+00
749 0.0000e+00 2.0380e-04 1.3315e-04 9.1291e-08 1.3315e-04 2.3120e-01 0.0000e+00
750 0.0000e+00 1.4410e-04 1.3260e-04 8.3000e-08 1.3260e-04 2.3133e-01 0.0000e+00
751 0.0000e+00 6.9800e-05 1.3205e-04 7.5481e-08 1.3205e-04 2.3146e-01 0.0000e+00
752 0.0000e+00 0.0000e+00 1.3151e-04 6.8659e-08 1.3151e-04 2.3160e-01 0.0000e+00
753 0.0000e+00 0.0000e+00 1.3097e-04 6.2468e-08 1.3097e-04 2.3173e-01 0.0000e+00
754 0.0000e+00 0.0000e+00 1.3043e-04 5.6848e-08 1.3043e-04 2.3186e-01 0.0000e+00
755 0.0000e+00 0.0000e+00 1.2990e-04 5.1746e-08 1.2990e-04 2.3199e-01 0.0000e+00
756 0.0000e+00 0.0000e+00 1.2938e-04 4.7112e-08 1.2938e-04 2.3212e-01 0.0000e+00
757 0.0000e+00 0.0000e+00 1.2886e-04 4.2903e-08 1.2886e-04 2.3225e-01 0.0000e+00
758 0.0000e+00 0.0000e+00 1.2834e-04 3.7505e-08 1.2834e-04 2.3237e-01 0.0000e+00
759 0.0000e+00 0.0000e+00 1.2782e-04 3.4217e-08 1.2782e-04 2.3250e-01 0.0000e+00
760 0.0000e+00 0.0000e+00 1.2732e-04 3.1223e-08 1.2732e-04 2.3263e-01 0.0000e+00
761 0.0000e+00 0.0000e+00 1.2681e-04 2.8495e-08 1.2681e-04 2.3276e-01 0.0000e+00
762 0.0000e+00 0.0000e+00 1.2631e-04 2.6010e-08 1.2631e-04 2.3288e-01 0.0000e+00
763 0.0000e+00 0.0000e+00 1.2581e-04 2.3746e-08 1.2581e-04 2.3301e-01 0.0000e+00
764 0.0000e+00 0.0000e+00 1.2532e-04 2.1683e-08 1.2532e-04 2.3313e-01 0.0000e+00
765 0.0000e+00 9.6700e-05 1.2483e-04 1.9802e-08 1.2483e-04 2.3326e-01 0.0000e+00
766 0.0000e+00 1.8660e-04 1.2434e-04 1.8087e-08 1.2434e-04 2.3338e-01 0.0000e+00
767 0.0000e+00 2.6400e-04 1.2386e-04 1.6524e-08 1.2386e-04 2.3351e-01 0.0000e+00
768 0.0000e+00 3.2330e-04 1.2338e-04 1.5098e-08 1.2338e-04 2.3363e-01 0.0000e+00
769 0.0000e+00 3.5770e-04 1.2291e-04 1.3797e-08 1.2291e-04 2.3375e-01 0.0000e+00
770 0.0000e+00 3.7350e-04 1.2244e-04 1.2610e-08 1.2244e-04 2.3387e-01 0.0000e+00
771 0.0000e+00 3.5770e-04 1.2197e-04 1.0365e-08 1.2197e-04 2.3400e-01 0.0000e+00
772 0.0000e+00 3.2330e-04 1.2150e-04 9.4982e-09 1.2150e-04 2.3412e-01 0.0000e+00
773 0.0000e+00 2.6400e-04 1.2104e-04 8.7052e-09 1.2104e-04 2.3424e-01 0.0000e+00
774 0.0000e+00 1.8660e-04 1.2059e-04 7.9792e-09 1.2059e-04 2.3436e-01 0.0000e+00
775 0.0000e+00 9.0400e-05 1.2013e-04 7.3147e-09 1.2013e-04 2.3448e-01 0.0000e+00
776 0.0000e+00 0.0000e+00 1.1968e-04 6.7062e-09 1.1968e-04 2.3460e-01 0.0000e+00
777 0.0000e+00 0.0000e+00 1.1924e-04 6.1490e-09 1.1924e-04 2.3472e-01 0.0000e+00
778 0.0000e+00 0.0000e+00 1.1879e-04 5.6387e-09 1.1879e-04 2.3484e-01 0.0000e+00
779 0.0000e+00 0.0000e+00 1.1835e-04 5.1713e-09 1.1835e-04 2.3496e-01 0.0000e+00
780 0.0000e+00 0.0000e+00 1.1792e-04 4.7432e-09 1.1792e-04 2.3507e-01 0.0000e+00
781 0.0000e+00 0.0000e+00 1.1748e-04 4.3510e-09 1.1748e-04 2.3519e-01 0.0000e+00
782 0.0000e+00 0.0000e+00 1.1705e-04 3.9916e-09 1.1705e-04 2.3531e-01 0.0000e+00
783 0.0000e+00 0.0000e+00 1.1662e-04 2.8745e-09 1.1662e-04 2.3542e-01 0.0000e+00
784 0.0000e+00 0.0000e+00 1.1620e-04 2.6462e-09 1.1620e-04 2.3554e-01 0.0000e+00
785 0.0000e+00 0.0000e+00 1.1578e-04 2.4362e-09 1.1578e-04 2.3566e-01 0.0000e+00
786 0.0000e+00 0.0000e+00 1.1536e-04 2.2430e-09 1.1536e-04 2.3577e-01 0.0000e+00
787 0.0000e+00 0.0000e+00 1.1495e-04 2.0653e-09 1.1495e-04 2.3589e-01 0.0000e+00
788 0.0000e+00 0.0000e+00 1.1453e-04 1.9018e-09 1.1453e-04 2.3600e-01 0.0000e+00
789 0.0000e+00 1.2590e-04 1.1412e-04 1.7513e-09 1.1412e-04 2.3612e-01 0.0000e+00
790 0.0000e+00 2.4290e-04 1.1372e-04 1.6129e-09 1.1372e-04 2.3623e-01 0.0000e+00
791 0.0000e+00 3.4370e-04 1.1331e-04 1.4855e-09 1.1331e-04 2.3634e-01 0.0000e+00
792 0.0000e+00 4.2090e-04 1.1291e-04 1.3682e-09 1.1291e-04 2.3646e-01 0.0000e+00
793 0.0000e+00 4.6560e-04 1.1252e-04 1.2603e-09 1.1252e-04 2.3657e-01 0.0000e+00
794 0.0000e+00 4.8620e-04 1.1212e-04 1.1610e-09 1.1212e-04 2.3668e-01 0.0000e+00
795 0.0000e+00 4.6560e-04 1.1173e-04 1.0696e-09 1.1173e-04 2.3679e-01 0.0000e+00
796 0.0000e+00 4.2090e-04 1.1134e-04 5.9708e-10 1.1134e-04 2.3690e-01 0.0000e+00
797 0.0000e+00 3.4370e-04 1.1095e-04 5.5225e-10 1.1095e-04 2.3701e-01 0.0000e+00
798 0.0000e+00 2.4290e-04 1.1057e-04 5.1081e-10 1.1057e-04 2.3712e-01 0.0000e+00
799 0.0000e+00 1.1760e-04 1.1019e-04 4.7250e-10 1.1019e-04 2.3724e-01 0.0000e+00
800 0.0000e+00 0.0000e+00 1.0981e-04 4.3709e-10 1.0981e-04 2.3734e-01 0.0000e+00
801 0.0000e+00 0.0000e+00 1.0943e-04 4.0435e-10 1.0943e-04 2.3745e-01 0.0000e+00
802 0.0000e+00 0.0000e+00 1.0906e-04 3.7407e-10 1.0906e-04 2.3756e-01 0.0000e+00
803 0.0000e+00 0.0000e+00 1.0869e-04 3.4608e-10 1.0869e-04 2.3767e-01 0.0000e+00
804 0.0000e+00 0.0000e+00 1.0832e-04 3.2019e-10 1.0832e-04 2.3778e-01 0.0000e+00
805 0.0000e+00 0.0000e+00 1.0795e-04 2.9626e-10 1.0795e-04 2.3789e-01 0.0000e+00
806 0.0000e+00 0.0000e+00 1.0759e-04 2.7412e-10 1.0759e-04 2.3800e-01 0.0000e+00
807 0.0000e+00 0.0000e+00 1.0723e-04 2.5365e-10 1.0723e-04 2.3810e-01 0.0000e+00
808 0.0000e+00 0.0000e+00 1.0687e-04 2.3472e-10 1.0687e-04 2.3821e-01 0.0000e+00
809 0.0000e+00 0.0000e+00 1.0651e-04 7.1991e-11 1.0651e-04 2.3832e-01 0.0000e+00
810 0.0000e+00 0.0000e+00 1.0616e-04 6.6909e-11 1.0616e-04 2.3842e-01 0.0000e+00
811 0.0000e+00 0.0000e+00 1.0581e-04 6.2187e-11 1.0581e-04 2.3853e-01 0.0000e+00
812 0.0000e+00 0.0000e+00 1.0546e-04 5.7801e-11 1.0546e-04 2.3863e-01 0.0000e+00
813 0.0000e+00 3.0400e-05 1.0511e-04 5.3725e-11 1.0511e-04 2.3874e-01 0.0000e+00
814 0.0000e+00 5.8700e-05 1.0477e-04 4.9938e-11 1.0477e-04 2.3884e-01 0.0000e+00
815 0.0000e+00 8.3100e-05 1.0442e-04 4.6420e-11 1.0442e-04 2.3895e-01 0.0000e+00
816 0.0000e+00 1.0180e-04 1.0408e-04 4.3150e-11 1.0408e-04 2.3905e-01 0.0000e+00
817 0.0000e+00 1.1260e-04 1.0375e-04 4.0112e-11 1.0375e-04 2.3916e-01 0.0000e+00
818 0.0000e+00 1.1760e-04 1.0341e-04 3.7289e-11 1.0341e-04 2.3926e-01 0.0000e+00
819 0.0000e+00 1.1260e-04 1.0308e-04 3.4666e-11 1.0308e-04 2.3936e-01 0.0000e+00
820 0.0000e+00 1.0180e-04 1.0275e-04 3.2228e-11 1.0275e-04 2.3947e-01 0.0000e+00
821 0.0000e+00 8.3100e-05 1.0242e-04 2.9963e-11 1.0242e-04 2.3957e-01 0.0000e+00
822 0.0000e+00 5.8700e-05 1.0209e-04 0.0000e+00 1.0209e-04 2.3967e-01 0.0000e+00
823 0.0000e+00 2.8400e-05 1.0176e-04 0.0000e+00 1.0176e-04 2.3977e-01 0.0000e+00
824 0.0000e+00 0.0000e+00 1.0144e-04 0.0000e+00 1.0144e-04 2.3987e-01 0.0000e+00
825 0.0000e+00 0.0000e+00 1.0112e-04 0.0000e+00 1.0112e-04 2.3997e-01 0.0000e+00
826 0.0000e+00 0.0000e+00 1.0080e-04 0.0000e+00 1.0080e-04 2.4008e-01 0.0000e+00
827 0.0000e+00 0.0000e+00 1.0048e-04 0.0000e+00 1.0048e-04 2.4018e-01 0.0000e+00
828 0.0000e+00 0.0000e+00 1.0017e-04 0.0000e+00 1.0017e-04 2.4028e-01 0.0000e+00
829 0.0000e+00 0.0000e+00 9.9855e-05 0.0000e+00 9.9855e-05 2.4038e-01 0.0000e+00
830 0.0000e+00 0.0000e+00 9.9544e-05 0.0000e+00 9.9544e-05 2.4048e-01 0.0000e+00
831 0.0000e+00 0.0000e+00 9.9235e-05 0.0000e+00 9.9235e-05 2.4057e-01 0.0000e+00
832 0.0000e+00 0.0000e+00 9.8928e-05 0.0000e+00 9.8928e-05 2.4067e-01 0.0000e+00
833 0.0000e+00 0.0000e+00 9.8622e-05 0.0000e+00 9.8622e-05 2.4077e-01 0.0000e+00
834 0.0000e+00 0.0000e+00 9.8319e-05 0.0000e+00 9.8319e-05 2.4087e-01 0.0000e+00
835 0.0000e+00 0.0000e+00 9.8017e-05 0.0000e+00 9.8017e-05 2.4097e-01 0.0000e+00
836 0.0000e+00 0.0000e+00 9.7718e-05 0.0000e+00 9.7718e-05 2.4107e-01 0.0000e+00
837 0.0000e+00 6.6100e-05 9.7420e-05 0.0000e+00 9.7420e-05 2.4116e-01 0.0000e+00
838 0.0000e+00 1.2750e-04 9.7124e-05 0.0000e+00 9.7124e-05 2.4126e-01 0.0000e+00
839 0.0000e+00 1.8040e-04 9.6829e-05 0.0000e+00 9.6829e-05 2.4136e-01 0.0000e+00
840 0.0000e+00 2.2090e-04 9.6537e-05 0.0000e+00 9.6537e-05 2.4145e-01 0.0000e+00
841 0.0000e+00 2.4430e-04 9.6246e-05 0.0000e+00 9.6246e-05 2.4155e-01 0.0000e+00
842 0.0000e+00 2.5510e-04 9.5957e-05 0.0000e+00 9.5957e-05 2.4165e-01 0.0000e+00
843 0.0000e+00 2.4430e-04 9.5669e-05 0.0000e+00 9.5669e-05 2.4174e-01 0.0000e+00
844 0.0000e+00 2.2090e-04 9.5384e-05 0.0000e+00 9.5384e-05 2.4184e-01 0.0000e+00
845 0.0000e+00 1.8040e-04 9.5100e-05 0.0000e+00 9.5100e-05 2.4193e-01 0.0000e+00
846 0.0000e+00 1.2750e-04 9.4818e-05 0.0000e+00 9.4818e-05 2.4203e-01 0.0000e+00
847 0.0000e+00 6.1700e-05 9.4537e-05 0.0000e+00 9.4537e-05 2.4212e-01 0.0000e+00
848 0.0000e+00 0.0000e+00 9.4258e-05 0.0000e+00 9.4258e-05 2.4222e-01 0.0000e+00
849 0.0000e+00 0.0000e+00 9.3981e-05 0.0000e+00 9.3981e-05 2.4231e-01 0.0000e+00
850 0.0000e+00 0.0000e+00 9.3706e-05 0.0000e+00 9.3706e-05 2.4240e-01 0.0000e+00
851 0.0000e+00 0.0000e+00 9.3432e-05 0.0000e+00 9.3432e-05 2.4250e-01 0.0000e+00
852 0.0000e+00 0.0000e+00 9.3159e-05 0.0000e+00 9.3159e-05 2.4259e-01 0.0000e+00
853 0.0000e+00 0.0000e+00 9.2888e-05 0.0000e+00 9.2888e-05 2.4268e-01 0.0000e+00
854 0.0000e+00 0.0000e+00 9.2619e-05 0.0000e+00 9.2619e-05 2.4278e-01 0.0000e+00
855 0.0000e+00 0.0000e+00 9.2351e-05 0.0000e+00 9.2351e-05 2.4287e-01 0.0000e+00
856 0.0000e+00 0.0000e+00 9.2085e-05 0.0000e+00 9.2085e-05 2.4296e-01 0.0000e+00
857 0.0000e+00 0.0000e+00 9.1821e-05 0.0000e+00 9.1821e-05 2.4305e-01 0.0000e+00
858 0.0000e+00 0.0000e+00 9.1558e-05 0.0000e+00 9.1558e-05 2.4314e-01 0.0000e+00
859 0.0000e+00 0.0000e+00 9.1296e-05 0.0000e+00 9.1296e-05 2.4323e-01 0.0000e+00
860 0.0000e+00 0.0000e+00 9.1036e-05 0.0000e+00 9.1036e-05 2.4333e-01 0.0000e+00
861 0.0000e+00 9.7600e-05 9.0777e-05 0.0000e+00 9.0777e-05 2.4342e-01 0.0000e+00
862 0.0000e+00 1.8830e-04 9.0520e-05 0.0000e+00 9.0520e-05 2.4351e-01 0.0000e+00
863 0.0000e+00 2.6650e-04 9.0264e-05 0.0000e+00 9.0264e-05 2.4360e-01 0.0000e+00
864 0.0000e+00 3.2630e-04 9.0010e-05 0.0000e+00 9.0010e-05 2.4369e-01 0.0000e+00
865 0.0000e+00 3.6100e-04 8.9757e-05 0.0000e+00 8.9757e-05 2.4378e-01 0.0000e+00
866 0.0000e+00 3.7690e-04 8.9506e-05 0.0000e+00 8.9506e-05 2.4387e-01 0.0000e+00
867 0.0000e+00 3.6100e-04 8.9256e-05 0.0000e+00 8.9256e-05 2.4396e-01 0.0000e+00
868 0.0000e+00 3.2630e-04 8.9007e-05 0.0000e+00 8.9007e-05 2.4404e-01 0.0000e+00
869 0.0000e+00 2.6650e-04 8.8760e-05 0.0000e+00 8.8760e-05 2.4413e-01 0.0000e+00
870 0.0000e+00 1.8830e-04 8.8514e-05 0.0000e+00 8.8514e-05 2.4422e-01 0.0000e+00
871 0.0000e+00 9.1200e-05 8.8270e-05 0.0000e+00 8.8270e-05 2.4431e-01 0.0000e+00
872 0.0000e+00 0.0000e+00 8.8027e-05 0.0000e+00 8.8027e-05 2.4440e-01 0.0000e+00
873 0.0000e+00 0.0000e+00 8.7785e-05 0.0000e+00 8.7785e-05 2.4449e-01 0.0000e+00
874 0.0000e+00 0.0000e+00 8.7544e-05 0.0000e+00 8.7544e-05 2.4457e-01 0.0000e+00
875 0.0000e+00 0.0000e+00 8.7305e-05 0.0000e+00 8.7305e-05 2.4466e-01 0.0000e+00
876 0.0000e+00 0.0000e+00 8.7067e-05 0.0000e+00 8.7067e-05 2.4475e-01 0.0000e+00
877 0.0000e+00 0.0000e+00 8.6831e-05 0.0000e+00 8.6831e-05 2.4483e-01 0.0000e+00
878 0.0000e+00 0.0000e+00 8.6595e-05 0.0000e+00 8.6595e-05 2.4492e-01 0.0000e+00
879 0.0000e+00 0.0000e+00 8.6361e-05 0.0000e+00 8.6361e-05 2.4501e-01 0.0000e+00
880 0.0000e+00 0.0000e+00 8.6129e-05 0.0000e+00 8.6129e-05 2.4509e-01 0.0000e+00
881 0.0000e+00 0.0000e+00 8.5897e-05 0.0000e+00 8.5897e-05 2.4518e-01 0.0000e+00
882 0.0000e+00 0.0000e+00 8.5667e-05 0.0000e+00 8.5667e-05 2.4527e-01 0.0000e+00
883 0.0000e+00 0.0000e+00 8.5438e-05 0.0000e+00 8.5438e-05 2.4535e-01 0.0000e+00
884 0.0000e+00 0.0000e+00 8.5210e-05 0.0000e+00 8.5210e-05 2.4544e-01 0.0000e+00
885 0.0000e+00 6.4300e-05 8.4983e-05 0.0000e+00 8.4983e-05 2.4552e-01 0.0000e+00
886 0.0000e+00 1.2410e-04 8.4758e-05 0.0000e+00 8.4758e-05 2.4561e-01 0.0000e+00
887 0.0000e+00 1.7560e-04 8.4534e-05 0.0000e+00 8.4534e-05 2.4569e-01 0.0000e+00
888 0.0000e+00 2.1500e-04 8.4311e-05 0.0000e+00 8.4311e-05 2.4577e-01 0.0000e+00
889 0.0000e+00 2.3790e-04 8.4089e-05 0.0000e+00 8.4089e-05 2.4586e-01 0.0000e+00
890 0.0000e+00 2.4840e-04 8.3868e-05 0.0000e+00 8.3868e-05 2.4594e-01 0.0000e+00
891 0.0000e+00 2.3790e-04 8.3649e-05 0.0000e+00 8.3649e-05 2.4603e-01 0.0000e+00
892 0.0000e+00 2.1500e-04 8.3430e-05 0.0000e+00 8.3430e-05 2.4611e-01 0.0000e+00
893 0.0000e+00 1.7560e-04 8.3213e-05 0.0000e+00 8.3213e-05 2.4619e-01 0.0000e+00
894 0.0000e+00 1.2410e-04 8.2997e-05 0.0000e+00 8.2997e-05 2.4628e-01 0.0000e+00
895 0.0000e+00 6.0100e-05 8.2782e-05 0.0000e+00 8.2782e-05 2.4636e-01 0.0000e+00
896 0.0000e+00 0.0000e+00 8.2568e-05 0.0000e+00 8.2568e-05 2.4644e-01 0.0000e+00
897 0.0000e+00 0.0000e+00 8.2355e-05 0.0000e+00 8.2355e-05 2.4652e-01 0.0000e+00
898 0.0000e+00 0.0000e+00 8.2144e-05 0.0000e+00 8.2144e-05 2.4661e-01 0.0000e+00
899 0.0000e+00 0.0000e+00 8.1933e-05 0.0000e+00 8.1933e-05 2.4669e-01 0.0000e+00
900 0.0000e+00 0.0000e+00 8.1724e-05 0.0000e+00 8.1724e-05 2.4677e-01 0.0000e+00
901 0.0000e+00 0.0000e+00 8.1515e-05 0.0000e+00 8.1515e-05 2.4685e-01 0.0000e+00
902 0.0000e+00 0.0000e+00 8.1308e-05 0.0000e+00 8.1308e-05 2.4693e-01 0.0000e+00
903 0.0000e+00 0.0000e+00 8.1101e-05 0.0000e+00 8.1101e-05 2.4701e-01 0.0000e+00
904 0.0000e+00 0.0000e+00 8.0896e-05 0.0000e+00 8.0896e-05 2.4709e-01 0.0000e+00
905 0.0000e+00 0.0000e+00 8.0692e-05 0.0000e+00 8.0692e-05 2.4718e-01 0.0000e+00
906 0.0000e+00 0.0000e+00 8.0489e-05 0.0000e+00 8.0489e-05 2.4726e-01 0.0000e+00
907 0.0000e+00 0.0000e+00 8.0286e-05 0.0000e+00 8.0286e-05 2.4734e-01 0.0000e+00
908 0.0000e+00 0.0000e+00 8.0085e-05 0.0000e+00 8.0085e-05 2.4742e-01 0.0000e+00
909 0.0000e+00 8.0200e-05 7.9885e-05 0.0000e+00 7.9885e-05 2.4750e-01 0.0000e+00
910 0.0000e+00 1.5480e-04 7.9686e-05 0.0000e+00 7.9686e-05 2.4758e-01 0.0000e+00
911 0.0000e+00 2.1910e-04 7.9488e-05 0.0000e+00 7.9488e-05 2.4765e-01 0.0000e+00
912 0.0000e+00 2.6830e-04 7.9291e-05 0.0000e+00 7.9291e-05 2.4773e-01 0.0000e+00
913 0.0000e+00 2.9680e-04 7.9094e-05 0.0000e+00 7.9094e-05 2.4781e-01 0.0000e+00
914 0.0000e+00 3.0990e-04 7.8899e-05 0.0000e+00 7.8899e-05 2.4789e-01 0.0000e+00
915 0.0000e+00 2.9680e-04 7.8705e-05 0.0000e+00 7.8705e-05 2.4797e-01 0.0000e+00
916 0.0000e+00 2.6830e-04 7.8511e-05 0.0000e+00 7.8511e-05 2.4805e-01 0.0000e+00
917 0.0000e+00 2.1910e-04 7.8319e-05 0.0000e+00 7.8319e-05 2.4813e-01 0.0000e+00
918 0.0000e+00 1.5480e-04 7.8128e-05 0.0000e+00 7.8128e-05 2.4821e-01 0.0000e+00
919 0.0000e+00 7.5000e-05 7.7937e-05 0.0000e+00 7.7937e-05 2.4828e-01 0.0000e+00
920 0.0000e+00 0.0000e+00 7.7748e-05 0.0000e+00 7.7748e-05 2.4836e-01 0.0000e+00
921 0.0000e+00 0.0000e+00 7.7559e-05 0.0000e+00 7.7559e-05 2.4844e-01 0.0000e+00
922 0.0000e+00 0.0000e+00 7.7371e-05 0.0000e+00 7.7371e-05 2.4852e-01 0.0000e+00
923 0.0000e+00 0.0000e+00 7.7184e-05 0.0000e+00 7.7184e-05 2.4859e-01 0.0000e+00
924 0.0000e+00 0.0000e+00 7.6998e-05 0.0000e+00 7.6998e-05 2.4867e-01 0.0000e+00
925 0.0000e+00 0.0000e+00 7.6813e-05 0.0000e+00 7.6813e-05 2.4875e-01 0.0000e+00
926 0.0000e+00 0.0000e+00 7.6629e-05 0.0000e+00 7.6629e-05 2.4882e-01 0.0000e+00
927 0.0000e+00 0.0000e+00 7.6446e-05 0.0000e+00 7.6446e-05 2.4890e-01 0.0000e+00
928 0.0000e+00 0.0000e+00 7.6263e-05 0.0000e+00 7.6263e-05 2.4898e-01 0.0000e+00
929 0.0000e+00 0.0000e+00 7.6082e-05 0.0000e+00 7.6082e-05 2.4905e-01 0.0000e+00
930 0.0000e+00 0.0000e+00 7.5901e-05 0.0000e+00 7.5901e-05 2.4913e-01 0.0000e+00
931 0.0000e+00 0.0000e+00 7.5721e-05 0.0000e+00 7.5721e-05 2.4920e-01 0.0000e+00
932 0.0000e+00 0.0000e+00 7.5542e-05 0.0000e+00 7.5542e-05 2.4928e-01 0.0000e+00
933 0.0000e+00 9.6000e-05 7.5364e-05 0.0000e+00 7.5364e-05 2.4936e-01 0.0000e+00
934 0.0000e+00 1.8520e-04 7.5187e-05 0.0000e+00 7.5187e-05 2.4943e-01 0.0000e+00
935 0.0000e+00 2.6210e-04 7.5011e-05 0.0000e+00 7.5011e-05 2.4951e-01 0.0000e+00
936 0.0000e+00 3.2090e-04 7.4835e-05 0.0000e+00 7.4835e-05 2.4958e-01 0.0000e+00
937 0.0000e+00 3.5500e-04 7.4660e-05 0.0000e+00 7.4660e-05 2.4966e-01 0.0000e+00
938 0.0000e+00 3.7070e-04 7.4486e-05 0.0000e+00 7.4486e-05 2.4973e-01 0.0000e+00
939 0.0000e+00 3.5500e-04 7.4313e-05 0.0000e+00 7.4313e-05 2.4980e-01 0.0000e+00
940 0.0000e+00 3.2090e-04 7.4141e-05 0.0000e+00 7.4141e-05 2.4988e-01 0.0000e+00
941 0.0000e+00 2.6210e-04 7.3969e-05 0.0000e+00 7.3969e-05 2.4995e-01 0.0000e+00
942 0.0000e+00 1.8520e-04 7.3798e-05 0.0000e+00 7.3798e-05 2.5003e-01 0.0000e+00
943 0.0000e+00 8.9700e-05 7.3628e-05 0.0000e+00 7.3628e-05 2.5010e-01 0.0000e+00
944 0.0000e+00 0.0000e+00 7.3459e-05 0.0000e+00 7.3459e-05 2.5017e-01 0.0000e+00
945 0.0000e+00 0.0000e+00 7.3291e-05 0.0000e+00 7.3291e-05 2.5025e-01 0.0000e+00
946 0.0000e+00 0.0000e+00 7.3123e-05 0.0000e+00 7.3123e-05 2.5032e-01 0.0000e+00
947 0.0000e+00 0.0000e+00 7.2956e-05 0.0000e+00 7.2956e-05 2.5039e-01 0.0000e+00
948 0.0000e+00 0.0000e+00 7.2790e-05 0.0000e+00 7.2790e-05 2.5047e-01 0.0000e+00
949 0.0000e+00 0.0000e+00 7.2624e-05 0.0000e+00 7.2624e-05 2.5054e-01 0.0000e+00
950 0.0000e+00 0.0000e+00 7.2460e-05 0.0000e+00 7.2460e-05 2.5061e-01 0.0000e+00
Objective function values:
F1 5.527268e-06    NSE 0.04985   F2 5.806365e-02
Mean Obs Q 1.590065e-04   Variance Obs Q 6.123405e-09
    Error Variance 5.818177e-09

Water Balance for Subcatchment: Extracted study basin: Taegu Pyungkwang River

   SUMP       SUMAE      SUMQ       SUMRZ      SUMUZ      SBAR        BAL
1.890e-01  4.051e-02  9.338e-02  1.716e-02  0.000e+00  2.506e-01  4.497e-02
