 Taegu Pyungkwang River Catchment:  Calibration Data                             
 Starting Subcatchment     1
 Subcatchment : Extracted study basin: Taegu Pyungkwang River                                   
 TL =     5.45
SUMAC =     1.00
 SZQ   0.63446E+00
 SUBCATCHMENT ROUTING DATA
 Maximum Routing Delay   0.41667E+00
 Sum of histogram ordinates      1.0000
  0.10000E+01
 Initial Balance BAL -0.31784E+00
 Initial SBAR         0.31584E+00
 Initial SR0          0.20000E-02
   it       p        ep       q(it)       quz      q       sbar       qof
    1 0.000E+00 0.619E-04 0.328E-04 0.000E+00 0.328E-04 0.316E+00 0.000E+00
    2 0.000E+00 0.647E-04 0.328E-04 0.000E+00 0.328E-04 0.316E+00 0.000E+00
    3 0.100E-02 0.619E-04 0.327E-04 0.000E+00 0.327E-04 0.316E+00 0.000E+00
    4 0.100E-02 0.560E-04 0.327E-04 0.000E+00 0.327E-04 0.316E+00 0.000E+00
    5 0.100E-02 0.457E-04 0.327E-04 0.487E-04 0.327E-04 0.316E+00 0.000E+00
    6 0.500E-03 0.323E-04 0.327E-04 0.745E-04 0.327E-04 0.316E+00 0.000E+00
    7 0.500E-03 0.156E-04 0.327E-04 0.996E-04 0.327E-04 0.316E+00 0.000E+00
    8 0.000E+00 0.000E+00 0.328E-04 0.932E-04 0.328E-04 0.316E+00 0.000E+00
    9 0.500E-03 0.000E+00 0.329E-04 0.118E-03 0.329E-04 0.316E+00 0.000E+00
   10 0.500E-03 0.000E+00 0.329E-04 0.143E-03 0.329E-04 0.316E+00 0.000E+00
   11 0.000E+00 0.000E+00 0.331E-04 0.133E-03 0.331E-04 0.315E+00 0.000E+00
   12 0.000E+00 0.000E+00 0.332E-04 0.125E-03 0.332E-04 0.315E+00 0.000E+00
   13 0.100E-02 0.000E+00 0.333E-04 0.181E-03 0.333E-04 0.315E+00 0.000E+00
   14 0.500E-03 0.000E+00 0.334E-04 0.201E-03 0.334E-04 0.315E+00 0.000E+00
   15 0.500E-03 0.000E+00 0.336E-04 0.220E-03 0.336E-04 0.315E+00 0.000E+00
   16 0.100E-02 0.000E+00 0.338E-04 0.270E-03 0.338E-04 0.315E+00 0.000E+00
   17 0.000E+00 0.000E+00 0.340E-04 0.253E-03 0.340E-04 0.314E+00 0.000E+00
   18 0.000E+00 0.000E+00 0.343E-04 0.237E-03 0.343E-04 0.314E+00 0.000E+00
   19 0.000E+00 0.000E+00 0.345E-04 0.222E-03 0.345E-04 0.314E+00 0.000E+00
   20 0.000E+00 0.000E+00 0.347E-04 0.208E-03 0.347E-04 0.314E+00 0.000E+00
   21 0.000E+00 0.180E-04 0.349E-04 0.194E-03 0.349E-04 0.314E+00 0.000E+00
   22 0.000E+00 0.348E-04 0.350E-04 0.182E-03 0.350E-04 0.314E+00 0.000E+00
   23 0.000E+00 0.492E-04 0.352E-04 0.170E-03 0.352E-04 0.313E+00 0.000E+00
   24 0.300E-02 0.602E-04 0.354E-04 0.346E-03 0.354E-04 0.313E+00 0.000E+00
   25 0.200E-02 0.666E-04 0.357E-04 0.449E-03 0.357E-04 0.313E+00 0.000E+00
   26 0.550E-02 0.696E-04 0.362E-04 0.771E-03 0.362E-04 0.312E+00 0.000E+00
   27 0.600E-02 0.666E-04 0.370E-04 0.111E-02 0.370E-04 0.311E+00 0.000E+00
   28 0.100E-02 0.602E-04 0.383E-04 0.110E-02 0.383E-04 0.310E+00 0.000E+00
   29 0.250E-02 0.492E-04 0.396E-04 0.119E-02 0.396E-04 0.309E+00 0.000E+00
   30 0.000E+00 0.348E-04 0.410E-04 0.112E-02 0.410E-04 0.308E+00 0.000E+00
   31 0.000E+00 0.168E-04 0.424E-04 0.105E-02 0.424E-04 0.307E+00 0.000E+00
   32 0.100E-02 0.000E+00 0.438E-04 0.104E-02 0.438E-04 0.306E+00 0.000E+00
   33 0.500E-03 0.000E+00 0.451E-04 0.101E-02 0.451E-04 0.305E+00 0.000E+00
   34 0.000E+00 0.000E+00 0.465E-04 0.943E-03 0.465E-04 0.304E+00 0.000E+00
   35 0.000E+00 0.000E+00 0.478E-04 0.883E-03 0.478E-04 0.303E+00 0.000E+00
   36 0.000E+00 0.000E+00 0.491E-04 0.826E-03 0.491E-04 0.302E+00 0.000E+00
   37 0.000E+00 0.000E+00 0.503E-04 0.773E-03 0.503E-04 0.301E+00 0.000E+00
   38 0.000E+00 0.000E+00 0.515E-04 0.723E-03 0.515E-04 0.301E+00 0.000E+00
   39 0.000E+00 0.000E+00 0.525E-04 0.676E-03 0.525E-04 0.300E+00 0.000E+00
   40 0.000E+00 0.000E+00 0.536E-04 0.632E-03 0.536E-04 0.300E+00 0.000E+00
   41 0.000E+00 0.000E+00 0.546E-04 0.590E-03 0.546E-04 0.299E+00 0.000E+00
   42 0.000E+00 0.000E+00 0.555E-04 0.552E-03 0.555E-04 0.299E+00 0.000E+00
   43 0.000E+00 0.000E+00 0.563E-04 0.515E-03 0.563E-04 0.298E+00 0.000E+00
   44 0.000E+00 0.000E+00 0.572E-04 0.481E-03 0.572E-04 0.298E+00 0.000E+00
   45 0.000E+00 0.338E-04 0.579E-04 0.449E-03 0.579E-04 0.297E+00 0.000E+00
   46 0.100E-02 0.652E-04 0.586E-04 0.485E-03 0.586E-04 0.297E+00 0.000E+00
   47 0.000E+00 0.923E-04 0.594E-04 0.453E-03 0.594E-04 0.296E+00 0.000E+00
   48 0.500E-03 0.113E-03 0.602E-04 0.446E-03 0.602E-04 0.296E+00 0.000E+00
   49 0.000E+00 0.125E-03 0.609E-04 0.416E-03 0.609E-04 0.296E+00 0.000E+00
   50 0.100E-02 0.131E-03 0.616E-04 0.441E-03 0.616E-04 0.295E+00 0.000E+00
   51 0.250E-02 0.125E-03 0.623E-04 0.573E-03 0.623E-04 0.295E+00 0.000E+00
   52 0.300E-02 0.113E-03 0.633E-04 0.732E-03 0.633E-04 0.294E+00 0.000E+00
   53 0.250E-02 0.923E-04 0.646E-04 0.847E-03 0.646E-04 0.293E+00 0.000E+00
   54 0.300E-02 0.652E-04 0.662E-04 0.991E-03 0.662E-04 0.292E+00 0.000E+00
   55 0.250E-02 0.316E-04 0.682E-04 0.109E-02 0.682E-04 0.291E+00 0.000E+00
   56 0.200E-02 0.000E+00 0.704E-04 0.116E-02 0.704E-04 0.290E+00 0.000E+00
   57 0.100E-02 0.000E+00 0.728E-04 0.115E-02 0.728E-04 0.289E+00 0.000E+00
   58 0.100E-02 0.000E+00 0.753E-04 0.114E-02 0.753E-04 0.288E+00 0.000E+00
   59 0.000E+00 0.000E+00 0.779E-04 0.107E-02 0.779E-04 0.287E+00 0.000E+00
   60 0.500E-03 0.000E+00 0.803E-04 0.103E-02 0.803E-04 0.286E+00 0.000E+00
   61 0.500E-03 0.000E+00 0.828E-04 0.997E-03 0.828E-04 0.285E+00 0.000E+00
   62 0.000E+00 0.000E+00 0.852E-04 0.930E-03 0.852E-04 0.284E+00 0.000E+00
   63 0.000E+00 0.000E+00 0.874E-04 0.866E-03 0.874E-04 0.284E+00 0.000E+00
   64 0.000E+00 0.000E+00 0.896E-04 0.807E-03 0.896E-04 0.283E+00 0.000E+00
   65 0.000E+00 0.000E+00 0.916E-04 0.751E-03 0.916E-04 0.282E+00 0.000E+00
   66 0.000E+00 0.000E+00 0.935E-04 0.699E-03 0.935E-04 0.282E+00 0.000E+00
   67 0.000E+00 0.000E+00 0.953E-04 0.651E-03 0.953E-04 0.281E+00 0.000E+00
   68 0.000E+00 0.000E+00 0.970E-04 0.605E-03 0.970E-04 0.281E+00 0.000E+00
   69 0.000E+00 0.414E-04 0.985E-04 0.563E-03 0.985E-04 0.280E+00 0.000E+00
   70 0.000E+00 0.798E-04 0.100E-03 0.524E-03 0.100E-03 0.280E+00 0.000E+00
   71 0.000E+00 0.113E-03 0.101E-03 0.487E-03 0.101E-03 0.279E+00 0.000E+00
   72 0.000E+00 0.138E-03 0.103E-03 0.452E-03 0.103E-03 0.279E+00 0.000E+00
   73 0.000E+00 0.153E-03 0.104E-03 0.420E-03 0.104E-03 0.279E+00 0.000E+00
   74 0.000E+00 0.160E-03 0.105E-03 0.391E-03 0.105E-03 0.278E+00 0.000E+00
   75 0.000E+00 0.153E-03 0.106E-03 0.363E-03 0.106E-03 0.278E+00 0.000E+00
   76 0.000E+00 0.138E-03 0.106E-03 0.337E-03 0.106E-03 0.278E+00 0.000E+00
   77 0.000E+00 0.113E-03 0.107E-03 0.313E-03 0.107E-03 0.278E+00 0.000E+00
   78 0.000E+00 0.798E-04 0.108E-03 0.291E-03 0.108E-03 0.278E+00 0.000E+00
   79 0.000E+00 0.387E-04 0.109E-03 0.270E-03 0.109E-03 0.277E+00 0.000E+00
   80 0.000E+00 0.000E+00 0.109E-03 0.251E-03 0.109E-03 0.277E+00 0.000E+00
   81 0.000E+00 0.000E+00 0.110E-03 0.233E-03 0.110E-03 0.277E+00 0.000E+00
   82 0.000E+00 0.000E+00 0.110E-03 0.216E-03 0.110E-03 0.277E+00 0.000E+00
   83 0.000E+00 0.000E+00 0.110E-03 0.201E-03 0.110E-03 0.277E+00 0.000E+00
   84 0.000E+00 0.000E+00 0.111E-03 0.186E-03 0.111E-03 0.277E+00 0.000E+00
   85 0.000E+00 0.000E+00 0.111E-03 0.173E-03 0.111E-03 0.277E+00 0.000E+00
   86 0.000E+00 0.000E+00 0.111E-03 0.161E-03 0.111E-03 0.277E+00 0.000E+00
   87 0.000E+00 0.000E+00 0.111E-03 0.149E-03 0.111E-03 0.277E+00 0.000E+00
   88 0.000E+00 0.000E+00 0.111E-03 0.138E-03 0.111E-03 0.277E+00 0.000E+00
   89 0.000E+00 0.000E+00 0.112E-03 0.129E-03 0.112E-03 0.277E+00 0.000E+00
   90 0.000E+00 0.000E+00 0.112E-03 0.119E-03 0.112E-03 0.277E+00 0.000E+00
   91 0.000E+00 0.000E+00 0.112E-03 0.111E-03 0.112E-03 0.277E+00 0.000E+00
   92 0.000E+00 0.000E+00 0.112E-03 0.103E-03 0.112E-03 0.277E+00 0.000E+00
   93 0.000E+00 0.191E-04 0.112E-03 0.955E-04 0.112E-03 0.277E+00 0.000E+00
   94 0.000E+00 0.368E-04 0.112E-03 0.887E-04 0.112E-03 0.277E+00 0.000E+00
   95 0.000E+00 0.521E-04 0.111E-03 0.824E-04 0.111E-03 0.277E+00 0.000E+00
   96 0.000E+00 0.638E-04 0.111E-03 0.765E-04 0.111E-03 0.277E+00 0.000E+00
   97 0.500E-03 0.706E-04 0.111E-03 0.711E-04 0.111E-03 0.277E+00 0.000E+00
   98 0.500E-03 0.737E-04 0.111E-03 0.660E-04 0.111E-03 0.277E+00 0.000E+00
   99 0.000E+00 0.706E-04 0.111E-03 0.613E-04 0.111E-03 0.277E+00 0.000E+00
  100 0.000E+00 0.638E-04 0.111E-03 0.570E-04 0.111E-03 0.277E+00 0.000E+00
  101 0.000E+00 0.521E-04 0.111E-03 0.529E-04 0.111E-03 0.277E+00 0.000E+00
  102 0.000E+00 0.368E-04 0.110E-03 0.492E-04 0.110E-03 0.277E+00 0.000E+00
  103 0.000E+00 0.178E-04 0.110E-03 0.457E-04 0.110E-03 0.277E+00 0.000E+00
  104 0.000E+00 0.000E+00 0.110E-03 0.424E-04 0.110E-03 0.277E+00 0.000E+00
  105 0.000E+00 0.000E+00 0.110E-03 0.394E-04 0.110E-03 0.277E+00 0.000E+00
  106 0.000E+00 0.000E+00 0.110E-03 0.366E-04 0.110E-03 0.277E+00 0.000E+00
  107 0.000E+00 0.000E+00 0.109E-03 0.341E-04 0.109E-03 0.277E+00 0.000E+00
  108 0.000E+00 0.000E+00 0.109E-03 0.317E-04 0.109E-03 0.277E+00 0.000E+00
  109 0.000E+00 0.000E+00 0.109E-03 0.294E-04 0.109E-03 0.278E+00 0.000E+00
  110 0.000E+00 0.000E+00 0.108E-03 0.274E-04 0.108E-03 0.278E+00 0.000E+00
  111 0.500E-03 0.000E+00 0.108E-03 0.254E-04 0.108E-03 0.278E+00 0.000E+00
  112 0.000E+00 0.000E+00 0.108E-03 0.236E-04 0.108E-03 0.278E+00 0.000E+00
  113 0.000E+00 0.000E+00 0.108E-03 0.220E-04 0.108E-03 0.278E+00 0.000E+00
  114 0.000E+00 0.000E+00 0.107E-03 0.204E-04 0.107E-03 0.278E+00 0.000E+00
  115 0.000E+00 0.000E+00 0.107E-03 0.190E-04 0.107E-03 0.278E+00 0.000E+00
  116 0.000E+00 0.000E+00 0.107E-03 0.177E-04 0.107E-03 0.278E+00 0.000E+00
  117 0.000E+00 0.102E-04 0.106E-03 0.164E-04 0.106E-03 0.278E+00 0.000E+00
  118 0.000E+00 0.198E-04 0.106E-03 0.153E-04 0.106E-03 0.278E+00 0.000E+00
  119 0.000E+00 0.280E-04 0.106E-03 0.142E-04 0.106E-03 0.278E+00 0.000E+00
  120 0.000E+00 0.342E-04 0.106E-03 0.132E-04 0.106E-03 0.279E+00 0.000E+00
  121 0.000E+00 0.379E-04 0.105E-03 0.123E-04 0.105E-03 0.279E+00 0.000E+00
  122 0.000E+00 0.395E-04 0.105E-03 0.115E-04 0.105E-03 0.279E+00 0.000E+00
  123 0.000E+00 0.379E-04 0.105E-03 0.107E-04 0.105E-03 0.279E+00 0.000E+00
  124 0.000E+00 0.342E-04 0.104E-03 0.993E-05 0.104E-03 0.279E+00 0.000E+00
  125 0.000E+00 0.280E-04 0.104E-03 0.924E-05 0.104E-03 0.279E+00 0.000E+00
  126 0.000E+00 0.198E-04 0.104E-03 0.860E-05 0.104E-03 0.279E+00 0.000E+00
  127 0.000E+00 0.960E-05 0.103E-03 0.800E-05 0.103E-03 0.279E+00 0.000E+00
  128 0.000E+00 0.000E+00 0.103E-03 0.745E-05 0.103E-03 0.279E+00 0.000E+00
  129 0.000E+00 0.000E+00 0.103E-03 0.694E-05 0.103E-03 0.279E+00 0.000E+00
  130 0.000E+00 0.000E+00 0.102E-03 0.646E-05 0.102E-03 0.279E+00 0.000E+00
  131 0.000E+00 0.000E+00 0.102E-03 0.602E-05 0.102E-03 0.280E+00 0.000E+00
  132 0.000E+00 0.000E+00 0.102E-03 0.560E-05 0.102E-03 0.280E+00 0.000E+00
  133 0.000E+00 0.000E+00 0.102E-03 0.522E-05 0.102E-03 0.280E+00 0.000E+00
  134 0.000E+00 0.000E+00 0.101E-03 0.486E-05 0.101E-03 0.280E+00 0.000E+00
  135 0.000E+00 0.000E+00 0.101E-03 0.453E-05 0.101E-03 0.280E+00 0.000E+00
  136 0.000E+00 0.000E+00 0.101E-03 0.422E-05 0.101E-03 0.280E+00 0.000E+00
  137 0.000E+00 0.000E+00 0.100E-03 0.393E-05 0.100E-03 0.280E+00 0.000E+00
  138 0.000E+00 0.000E+00 0.100E-03 0.366E-05 0.100E-03 0.280E+00 0.000E+00
  139 0.000E+00 0.000E+00 0.998E-04 0.341E-05 0.998E-04 0.280E+00 0.000E+00
  140 0.000E+00 0.000E+00 0.995E-04 0.318E-05 0.995E-04 0.280E+00 0.000E+00
  141 0.500E-03 0.414E-04 0.992E-04 0.296E-05 0.992E-04 0.281E+00 0.000E+00
  142 0.000E+00 0.799E-04 0.989E-04 0.276E-05 0.989E-04 0.281E+00 0.000E+00
  143 0.000E+00 0.113E-03 0.986E-04 0.257E-05 0.986E-04 0.281E+00 0.000E+00
  144 0.000E+00 0.138E-03 0.983E-04 0.240E-05 0.983E-04 0.281E+00 0.000E+00
  145 0.000E+00 0.153E-03 0.980E-04 0.224E-05 0.980E-04 0.281E+00 0.000E+00
  146 0.000E+00 0.160E-03 0.977E-04 0.208E-05 0.977E-04 0.281E+00 0.000E+00
  147 0.000E+00 0.153E-03 0.974E-04 0.194E-05 0.974E-04 0.281E+00 0.000E+00
  148 0.000E+00 0.138E-03 0.971E-04 0.181E-05 0.971E-04 0.281E+00 0.000E+00
  149 0.000E+00 0.113E-03 0.968E-04 0.169E-05 0.968E-04 0.281E+00 0.000E+00
  150 0.000E+00 0.799E-04 0.965E-04 0.158E-05 0.965E-04 0.281E+00 0.000E+00
  151 0.000E+00 0.387E-04 0.962E-04 0.147E-05 0.962E-04 0.281E+00 0.000E+00
  152 0.000E+00 0.000E+00 0.960E-04 0.137E-05 0.960E-04 0.282E+00 0.000E+00
  153 0.000E+00 0.000E+00 0.957E-04 0.128E-05 0.957E-04 0.282E+00 0.000E+00
  154 0.000E+00 0.000E+00 0.954E-04 0.119E-05 0.954E-04 0.282E+00 0.000E+00
  155 0.000E+00 0.000E+00 0.951E-04 0.111E-05 0.951E-04 0.282E+00 0.000E+00
  156 0.000E+00 0.000E+00 0.948E-04 0.104E-05 0.948E-04 0.282E+00 0.000E+00
  157 0.000E+00 0.000E+00 0.945E-04 0.969E-06 0.945E-04 0.282E+00 0.000E+00
  158 0.000E+00 0.000E+00 0.943E-04 0.904E-06 0.943E-04 0.282E+00 0.000E+00
  159 0.000E+00 0.000E+00 0.940E-04 0.844E-06 0.940E-04 0.282E+00 0.000E+00
  160 0.000E+00 0.000E+00 0.937E-04 0.788E-06 0.937E-04 0.282E+00 0.000E+00
  161 0.000E+00 0.000E+00 0.935E-04 0.735E-06 0.935E-04 0.282E+00 0.000E+00
  162 0.000E+00 0.000E+00 0.932E-04 0.686E-06 0.932E-04 0.283E+00 0.000E+00
  163 0.000E+00 0.000E+00 0.929E-04 0.640E-06 0.929E-04 0.283E+00 0.000E+00
  164 0.000E+00 0.000E+00 0.926E-04 0.598E-06 0.926E-04 0.283E+00 0.000E+00
  165 0.000E+00 0.178E-04 0.924E-04 0.558E-06 0.924E-04 0.283E+00 0.000E+00
  166 0.000E+00 0.344E-04 0.921E-04 0.521E-06 0.921E-04 0.283E+00 0.000E+00
  167 0.000E+00 0.486E-04 0.919E-04 0.487E-06 0.919E-04 0.283E+00 0.000E+00
  168 0.000E+00 0.595E-04 0.916E-04 0.455E-06 0.916E-04 0.283E+00 0.000E+00
  169 0.000E+00 0.659E-04 0.913E-04 0.424E-06 0.913E-04 0.283E+00 0.000E+00
  170 0.000E+00 0.688E-04 0.911E-04 0.396E-06 0.911E-04 0.283E+00 0.000E+00
  171 0.000E+00 0.659E-04 0.908E-04 0.370E-06 0.908E-04 0.283E+00 0.000E+00
  172 0.000E+00 0.595E-04 0.906E-04 0.346E-06 0.906E-04 0.283E+00 0.000E+00
  173 0.000E+00 0.486E-04 0.903E-04 0.323E-06 0.903E-04 0.284E+00 0.000E+00
  174 0.000E+00 0.344E-04 0.900E-04 0.302E-06 0.900E-04 0.284E+00 0.000E+00
  175 0.000E+00 0.166E-04 0.898E-04 0.282E-06 0.898E-04 0.284E+00 0.000E+00
  176 0.000E+00 0.000E+00 0.895E-04 0.264E-06 0.895E-04 0.284E+00 0.000E+00
  177 0.000E+00 0.000E+00 0.893E-04 0.246E-06 0.893E-04 0.284E+00 0.000E+00
  178 0.000E+00 0.000E+00 0.890E-04 0.230E-06 0.890E-04 0.284E+00 0.000E+00
  179 0.000E+00 0.000E+00 0.888E-04 0.215E-06 0.888E-04 0.284E+00 0.000E+00
  180 0.000E+00 0.000E+00 0.886E-04 0.201E-06 0.886E-04 0.284E+00 0.000E+00
  181 0.000E+00 0.000E+00 0.883E-04 0.188E-06 0.883E-04 0.284E+00 0.000E+00
  182 0.000E+00 0.000E+00 0.881E-04 0.176E-06 0.881E-04 0.284E+00 0.000E+00
  183 0.000E+00 0.000E+00 0.878E-04 0.164E-06 0.878E-04 0.284E+00 0.000E+00
  184 0.000E+00 0.000E+00 0.876E-04 0.153E-06 0.876E-04 0.285E+00 0.000E+00
  185 0.000E+00 0.000E+00 0.873E-04 0.143E-06 0.873E-04 0.285E+00 0.000E+00
  186 0.000E+00 0.000E+00 0.871E-04 0.134E-06 0.871E-04 0.285E+00 0.000E+00
  187 0.000E+00 0.000E+00 0.869E-04 0.125E-06 0.869E-04 0.285E+00 0.000E+00
  188 0.000E+00 0.000E+00 0.866E-04 0.117E-06 0.866E-04 0.285E+00 0.000E+00
  189 0.000E+00 0.456E-04 0.864E-04 0.110E-06 0.864E-04 0.285E+00 0.000E+00
  190 0.500E-03 0.879E-04 0.862E-04 0.103E-06 0.862E-04 0.285E+00 0.000E+00
  191 0.000E+00 0.124E-03 0.859E-04 0.959E-07 0.859E-04 0.285E+00 0.000E+00
  192 0.000E+00 0.152E-03 0.857E-04 0.895E-07 0.857E-04 0.285E+00 0.000E+00
  193 0.000E+00 0.169E-03 0.855E-04 0.837E-07 0.855E-04 0.285E+00 0.000E+00
  194 0.000E+00 0.176E-03 0.853E-04 0.783E-07 0.853E-04 0.285E+00 0.000E+00
  195 0.000E+00 0.169E-03 0.850E-04 0.733E-07 0.850E-04 0.285E+00 0.000E+00
  196 0.000E+00 0.152E-03 0.848E-04 0.686E-07 0.848E-04 0.286E+00 0.000E+00
  197 0.000E+00 0.124E-03 0.846E-04 0.642E-07 0.846E-04 0.286E+00 0.000E+00
  198 0.000E+00 0.879E-04 0.844E-04 0.594E-07 0.844E-04 0.286E+00 0.000E+00
  199 0.000E+00 0.426E-04 0.841E-04 0.556E-07 0.841E-04 0.286E+00 0.000E+00
  200 0.000E+00 0.000E+00 0.839E-04 0.521E-07 0.839E-04 0.286E+00 0.000E+00
  201 0.000E+00 0.000E+00 0.837E-04 0.487E-07 0.837E-04 0.286E+00 0.000E+00
  202 0.000E+00 0.000E+00 0.835E-04 0.456E-07 0.835E-04 0.286E+00 0.000E+00
  203 0.000E+00 0.000E+00 0.833E-04 0.427E-07 0.833E-04 0.286E+00 0.000E+00
  204 0.000E+00 0.000E+00 0.830E-04 0.400E-07 0.830E-04 0.286E+00 0.000E+00
  205 0.000E+00 0.000E+00 0.828E-04 0.366E-07 0.828E-04 0.286E+00 0.000E+00
  206 0.000E+00 0.000E+00 0.826E-04 0.343E-07 0.826E-04 0.286E+00 0.000E+00
  207 0.000E+00 0.000E+00 0.824E-04 0.322E-07 0.824E-04 0.286E+00 0.000E+00
  208 0.000E+00 0.000E+00 0.822E-04 0.301E-07 0.822E-04 0.287E+00 0.000E+00
  209 0.000E+00 0.000E+00 0.820E-04 0.282E-07 0.820E-04 0.287E+00 0.000E+00
  210 0.000E+00 0.000E+00 0.818E-04 0.265E-07 0.818E-04 0.287E+00 0.000E+00
  211 0.000E+00 0.000E+00 0.816E-04 0.237E-07 0.816E-04 0.287E+00 0.000E+00
  212 0.000E+00 0.000E+00 0.813E-04 0.222E-07 0.813E-04 0.287E+00 0.000E+00
  213 0.000E+00 0.490E-04 0.811E-04 0.208E-07 0.811E-04 0.287E+00 0.000E+00
  214 0.000E+00 0.946E-04 0.809E-04 0.195E-07 0.809E-04 0.287E+00 0.000E+00
  215 0.000E+00 0.134E-03 0.807E-04 0.183E-07 0.807E-04 0.287E+00 0.000E+00
  216 0.000E+00 0.164E-03 0.805E-04 0.172E-07 0.805E-04 0.287E+00 0.000E+00
  217 0.000E+00 0.181E-03 0.803E-04 0.152E-07 0.803E-04 0.287E+00 0.000E+00
  218 0.000E+00 0.189E-03 0.801E-04 0.142E-07 0.801E-04 0.287E+00 0.000E+00
  219 0.000E+00 0.181E-03 0.799E-04 0.133E-07 0.799E-04 0.287E+00 0.000E+00
  220 0.000E+00 0.164E-03 0.797E-04 0.125E-07 0.797E-04 0.288E+00 0.000E+00
  221 0.000E+00 0.134E-03 0.795E-04 0.118E-07 0.795E-04 0.288E+00 0.000E+00
  222 0.000E+00 0.946E-04 0.793E-04 0.110E-07 0.793E-04 0.288E+00 0.000E+00
  223 0.000E+00 0.458E-04 0.791E-04 0.104E-07 0.791E-04 0.288E+00 0.000E+00
  224 0.000E+00 0.000E+00 0.789E-04 0.940E-08 0.789E-04 0.288E+00 0.000E+00
  225 0.000E+00 0.000E+00 0.787E-04 0.883E-08 0.787E-04 0.288E+00 0.000E+00
  226 0.000E+00 0.000E+00 0.785E-04 0.829E-08 0.785E-04 0.288E+00 0.000E+00
  227 0.000E+00 0.000E+00 0.784E-04 0.779E-08 0.784E-04 0.288E+00 0.000E+00
  228 0.000E+00 0.000E+00 0.782E-04 0.731E-08 0.782E-04 0.288E+00 0.000E+00
  229 0.000E+00 0.000E+00 0.780E-04 0.687E-08 0.780E-04 0.288E+00 0.000E+00
  230 0.000E+00 0.000E+00 0.778E-04 0.596E-08 0.778E-04 0.288E+00 0.000E+00
  231 0.000E+00 0.000E+00 0.776E-04 0.560E-08 0.776E-04 0.288E+00 0.000E+00
  232 0.000E+00 0.000E+00 0.774E-04 0.527E-08 0.774E-04 0.288E+00 0.000E+00
  233 0.000E+00 0.000E+00 0.772E-04 0.495E-08 0.772E-04 0.289E+00 0.000E+00
  234 0.000E+00 0.000E+00 0.770E-04 0.465E-08 0.770E-04 0.289E+00 0.000E+00
  235 0.000E+00 0.000E+00 0.768E-04 0.437E-08 0.768E-04 0.289E+00 0.000E+00
  236 0.000E+00 0.000E+00 0.767E-04 0.346E-08 0.767E-04 0.289E+00 0.000E+00
  237 0.000E+00 0.517E-04 0.765E-04 0.326E-08 0.765E-04 0.289E+00 0.000E+00
  238 0.000E+00 0.998E-04 0.763E-04 0.307E-08 0.763E-04 0.289E+00 0.000E+00
  239 0.000E+00 0.141E-03 0.761E-04 0.289E-08 0.761E-04 0.289E+00 0.000E+00
  240 0.000E+00 0.173E-03 0.759E-04 0.272E-08 0.759E-04 0.289E+00 0.000E+00
  241 0.500E-03 0.191E-03 0.758E-04 0.256E-08 0.758E-04 0.289E+00 0.000E+00
  242 0.100E-02 0.200E-03 0.756E-04 0.241E-08 0.756E-04 0.289E+00 0.000E+00
  243 0.000E+00 0.191E-03 0.754E-04 0.157E-08 0.754E-04 0.289E+00 0.000E+00
  244 0.000E+00 0.173E-03 0.752E-04 0.148E-08 0.752E-04 0.289E+00 0.000E+00
  245 0.000E+00 0.141E-03 0.750E-04 0.140E-08 0.750E-04 0.289E+00 0.000E+00
  246 0.000E+00 0.998E-04 0.749E-04 0.132E-08 0.749E-04 0.290E+00 0.000E+00
  247 0.000E+00 0.483E-04 0.747E-04 0.125E-08 0.747E-04 0.290E+00 0.000E+00
  248 0.000E+00 0.000E+00 0.745E-04 0.117E-08 0.745E-04 0.290E+00 0.000E+00
  249 0.000E+00 0.000E+00 0.743E-04 0.666E-09 0.743E-04 0.290E+00 0.000E+00
  250 0.000E+00 0.000E+00 0.742E-04 0.630E-09 0.742E-04 0.290E+00 0.000E+00
  251 0.000E+00 0.000E+00 0.740E-04 0.596E-09 0.740E-04 0.290E+00 0.000E+00
  252 0.000E+00 0.000E+00 0.738E-04 0.564E-09 0.738E-04 0.290E+00 0.000E+00
  253 0.100E-02 0.000E+00 0.737E-04 0.533E-09 0.737E-04 0.290E+00 0.000E+00
  254 0.000E+00 0.000E+00 0.735E-04 0.505E-09 0.735E-04 0.290E+00 0.000E+00
  255 0.000E+00 0.000E+00 0.733E-04 0.356E-09 0.733E-04 0.290E+00 0.000E+00
  256 0.000E+00 0.000E+00 0.732E-04 0.337E-09 0.732E-04 0.290E+00 0.000E+00
  257 0.000E+00 0.000E+00 0.730E-04 0.320E-09 0.730E-04 0.290E+00 0.000E+00
  258 0.000E+00 0.000E+00 0.728E-04 0.303E-09 0.728E-04 0.290E+00 0.000E+00
  259 0.000E+00 0.000E+00 0.727E-04 0.287E-09 0.727E-04 0.290E+00 0.000E+00
  260 0.000E+00 0.000E+00 0.725E-04 0.272E-09 0.725E-04 0.291E+00 0.000E+00
  261 0.000E+00 0.752E-04 0.723E-04 0.258E-09 0.723E-04 0.291E+00 0.000E+00
  262 0.100E-02 0.145E-03 0.722E-04 0.184E-09 0.722E-04 0.291E+00 0.000E+00
  263 0.000E+00 0.205E-03 0.720E-04 0.175E-09 0.720E-04 0.291E+00 0.000E+00
  264 0.000E+00 0.251E-03 0.718E-04 0.166E-09 0.718E-04 0.291E+00 0.000E+00
  265 0.000E+00 0.278E-03 0.717E-04 0.158E-09 0.717E-04 0.291E+00 0.000E+00
  266 0.000E+00 0.290E-03 0.715E-04 0.150E-09 0.715E-04 0.291E+00 0.000E+00
  267 0.000E+00 0.278E-03 0.714E-04 0.142E-09 0.714E-04 0.291E+00 0.000E+00
  268 0.000E+00 0.251E-03 0.712E-04 0.101E-09 0.712E-04 0.291E+00 0.000E+00
  269 0.000E+00 0.205E-03 0.710E-04 0.960E-10 0.710E-04 0.291E+00 0.000E+00
  270 0.000E+00 0.145E-03 0.709E-04 0.914E-10 0.709E-04 0.291E+00 0.000E+00
  271 0.000E+00 0.702E-04 0.707E-04 0.870E-10 0.707E-04 0.291E+00 0.000E+00
  272 0.000E+00 0.000E+00 0.706E-04 0.828E-10 0.706E-04 0.291E+00 0.000E+00
  273 0.000E+00 0.000E+00 0.704E-04 0.789E-10 0.704E-04 0.291E+00 0.000E+00
  274 0.000E+00 0.000E+00 0.703E-04 0.620E-10 0.703E-04 0.292E+00 0.000E+00
  275 0.000E+00 0.000E+00 0.701E-04 0.591E-10 0.701E-04 0.292E+00 0.000E+00
  276 0.000E+00 0.000E+00 0.700E-04 0.564E-10 0.700E-04 0.292E+00 0.000E+00
  277 0.000E+00 0.000E+00 0.698E-04 0.537E-10 0.698E-04 0.292E+00 0.000E+00
  278 0.000E+00 0.000E+00 0.696E-04 0.512E-10 0.696E-04 0.292E+00 0.000E+00
  279 0.000E+00 0.000E+00 0.695E-04 0.489E-10 0.695E-04 0.292E+00 0.000E+00
  280 0.000E+00 0.000E+00 0.693E-04 0.466E-10 0.693E-04 0.292E+00 0.000E+00
  281 0.000E+00 0.000E+00 0.692E-04 0.393E-10 0.692E-04 0.292E+00 0.000E+00
  282 0.000E+00 0.000E+00 0.690E-04 0.375E-10 0.690E-04 0.292E+00 0.000E+00
  283 0.100E-02 0.000E+00 0.689E-04 0.358E-10 0.689E-04 0.292E+00 0.000E+00
  284 0.500E-03 0.000E+00 0.688E-04 0.341E-10 0.688E-04 0.292E+00 0.000E+00
  285 0.250E-02 0.244E-04 0.686E-04 0.111E-04 0.686E-04 0.292E+00 0.000E+00
  286 0.600E-02 0.470E-04 0.685E-04 0.423E-03 0.685E-04 0.292E+00 0.000E+00
  287 0.400E-02 0.665E-04 0.692E-04 0.668E-03 0.692E-04 0.291E+00 0.000E+00
  288 0.150E-02 0.814E-04 0.706E-04 0.722E-03 0.706E-04 0.291E+00 0.000E+00
  289 0.000E+00 0.901E-04 0.720E-04 0.673E-03 0.720E-04 0.290E+00 0.000E+00
  290 0.000E+00 0.940E-04 0.734E-04 0.627E-03 0.734E-04 0.290E+00 0.000E+00
  291 0.500E-03 0.901E-04 0.746E-04 0.601E-03 0.746E-04 0.289E+00 0.000E+00
  292 0.000E+00 0.814E-04 0.759E-04 0.559E-03 0.759E-04 0.289E+00 0.000E+00
  293 0.000E+00 0.665E-04 0.770E-04 0.521E-03 0.770E-04 0.288E+00 0.000E+00
  294 0.150E-02 0.470E-04 0.781E-04 0.574E-03 0.781E-04 0.288E+00 0.000E+00
  295 0.100E-02 0.228E-04 0.793E-04 0.601E-03 0.793E-04 0.287E+00 0.000E+00
  296 0.000E+00 0.000E+00 0.806E-04 0.560E-03 0.806E-04 0.287E+00 0.000E+00
  297 0.000E+00 0.000E+00 0.819E-04 0.521E-03 0.819E-04 0.286E+00 0.000E+00
  298 0.000E+00 0.000E+00 0.830E-04 0.485E-03 0.830E-04 0.286E+00 0.000E+00
  299 0.000E+00 0.000E+00 0.840E-04 0.451E-03 0.840E-04 0.285E+00 0.000E+00
  300 0.000E+00 0.000E+00 0.850E-04 0.420E-03 0.850E-04 0.285E+00 0.000E+00
  301 0.000E+00 0.000E+00 0.859E-04 0.390E-03 0.859E-04 0.285E+00 0.000E+00
  302 0.000E+00 0.000E+00 0.867E-04 0.363E-03 0.867E-04 0.284E+00 0.000E+00
  303 0.000E+00 0.000E+00 0.875E-04 0.338E-03 0.875E-04 0.284E+00 0.000E+00
  304 0.000E+00 0.000E+00 0.882E-04 0.314E-03 0.882E-04 0.284E+00 0.000E+00
  305 0.000E+00 0.000E+00 0.888E-04 0.292E-03 0.888E-04 0.284E+00 0.000E+00
  306 0.000E+00 0.000E+00 0.893E-04 0.271E-03 0.893E-04 0.284E+00 0.000E+00
  307 0.000E+00 0.000E+00 0.899E-04 0.252E-03 0.899E-04 0.283E+00 0.000E+00
  308 0.000E+00 0.000E+00 0.903E-04 0.234E-03 0.903E-04 0.283E+00 0.000E+00
  309 0.000E+00 0.288E-04 0.907E-04 0.218E-03 0.907E-04 0.283E+00 0.000E+00
  310 0.500E-03 0.555E-04 0.911E-04 0.234E-03 0.911E-04 0.283E+00 0.000E+00
  311 0.000E+00 0.785E-04 0.915E-04 0.218E-03 0.915E-04 0.283E+00 0.000E+00
  312 0.000E+00 0.962E-04 0.919E-04 0.203E-03 0.919E-04 0.283E+00 0.000E+00
  313 0.000E+00 0.106E-03 0.922E-04 0.188E-03 0.922E-04 0.283E+00 0.000E+00
  314 0.000E+00 0.111E-03 0.924E-04 0.175E-03 0.924E-04 0.283E+00 0.000E+00
  315 0.000E+00 0.106E-03 0.927E-04 0.163E-03 0.927E-04 0.283E+00 0.000E+00
  316 0.000E+00 0.962E-04 0.929E-04 0.151E-03 0.929E-04 0.282E+00 0.000E+00
  317 0.500E-03 0.785E-04 0.931E-04 0.140E-03 0.931E-04 0.282E+00 0.000E+00
  318 0.100E-02 0.555E-04 0.932E-04 0.186E-03 0.932E-04 0.282E+00 0.000E+00
  319 0.500E-03 0.269E-04 0.935E-04 0.205E-03 0.935E-04 0.282E+00 0.000E+00
  320 0.000E+00 0.000E+00 0.938E-04 0.190E-03 0.938E-04 0.282E+00 0.000E+00
  321 0.000E+00 0.000E+00 0.941E-04 0.177E-03 0.941E-04 0.282E+00 0.000E+00
  322 0.100E-02 0.000E+00 0.943E-04 0.234E-03 0.943E-04 0.282E+00 0.000E+00
  323 0.100E-02 0.000E+00 0.947E-04 0.289E-03 0.947E-04 0.282E+00 0.000E+00
  324 0.000E+00 0.000E+00 0.953E-04 0.268E-03 0.953E-04 0.282E+00 0.000E+00
  325 0.000E+00 0.000E+00 0.958E-04 0.249E-03 0.958E-04 0.281E+00 0.000E+00
  326 0.000E+00 0.000E+00 0.963E-04 0.231E-03 0.963E-04 0.281E+00 0.000E+00
  327 0.000E+00 0.000E+00 0.967E-04 0.215E-03 0.967E-04 0.281E+00 0.000E+00
  328 0.000E+00 0.000E+00 0.970E-04 0.200E-03 0.970E-04 0.281E+00 0.000E+00
  329 0.000E+00 0.000E+00 0.974E-04 0.185E-03 0.974E-04 0.281E+00 0.000E+00
  330 0.000E+00 0.000E+00 0.976E-04 0.172E-03 0.976E-04 0.281E+00 0.000E+00
  331 0.000E+00 0.000E+00 0.979E-04 0.160E-03 0.979E-04 0.281E+00 0.000E+00
  332 0.000E+00 0.000E+00 0.980E-04 0.148E-03 0.980E-04 0.281E+00 0.000E+00
  333 0.000E+00 0.112E-04 0.982E-04 0.138E-03 0.982E-04 0.281E+00 0.000E+00
  334 0.000E+00 0.216E-04 0.983E-04 0.128E-03 0.983E-04 0.281E+00 0.000E+00
  335 0.000E+00 0.306E-04 0.984E-04 0.119E-03 0.984E-04 0.281E+00 0.000E+00
  336 0.000E+00 0.374E-04 0.985E-04 0.110E-03 0.985E-04 0.281E+00 0.000E+00
  337 0.000E+00 0.414E-04 0.985E-04 0.102E-03 0.985E-04 0.281E+00 0.000E+00
  338 0.500E-03 0.432E-04 0.985E-04 0.121E-03 0.985E-04 0.281E+00 0.000E+00
  339 0.500E-03 0.414E-04 0.986E-04 0.145E-03 0.986E-04 0.281E+00 0.000E+00
  340 0.150E-02 0.374E-04 0.987E-04 0.240E-03 0.987E-04 0.280E+00 0.000E+00
  341 0.150E-02 0.306E-04 0.992E-04 0.328E-03 0.992E-04 0.280E+00 0.000E+00
  342 0.100E-02 0.216E-04 0.999E-04 0.375E-03 0.999E-04 0.280E+00 0.000E+00
  343 0.500E-03 0.105E-04 0.101E-03 0.382E-03 0.101E-03 0.280E+00 0.000E+00
  344 0.100E-02 0.000E+00 0.102E-03 0.426E-03 0.102E-03 0.279E+00 0.000E+00
  345 0.500E-03 0.000E+00 0.103E-03 0.432E-03 0.103E-03 0.279E+00 0.000E+00
  346 0.000E+00 0.000E+00 0.104E-03 0.401E-03 0.104E-03 0.279E+00 0.000E+00
  347 0.000E+00 0.000E+00 0.105E-03 0.372E-03 0.105E-03 0.278E+00 0.000E+00
  348 0.000E+00 0.000E+00 0.106E-03 0.346E-03 0.106E-03 0.278E+00 0.000E+00
  349 0.000E+00 0.000E+00 0.106E-03 0.321E-03 0.106E-03 0.278E+00 0.000E+00
  350 0.000E+00 0.000E+00 0.107E-03 0.298E-03 0.107E-03 0.278E+00 0.000E+00
  351 0.000E+00 0.000E+00 0.108E-03 0.276E-03 0.108E-03 0.278E+00 0.000E+00
  352 0.000E+00 0.000E+00 0.108E-03 0.256E-03 0.108E-03 0.277E+00 0.000E+00
  353 0.500E-03 0.000E+00 0.109E-03 0.274E-03 0.109E-03 0.277E+00 0.000E+00
  354 0.000E+00 0.000E+00 0.109E-03 0.254E-03 0.109E-03 0.277E+00 0.000E+00
  355 0.000E+00 0.000E+00 0.110E-03 0.236E-03 0.110E-03 0.277E+00 0.000E+00
  356 0.000E+00 0.000E+00 0.110E-03 0.219E-03 0.110E-03 0.277E+00 0.000E+00
  357 0.000E+00 0.723E-04 0.111E-03 0.203E-03 0.111E-03 0.277E+00 0.000E+00
  358 0.000E+00 0.140E-03 0.111E-03 0.188E-03 0.111E-03 0.277E+00 0.000E+00
  359 0.000E+00 0.198E-03 0.111E-03 0.175E-03 0.111E-03 0.277E+00 0.000E+00
  360 0.000E+00 0.242E-03 0.111E-03 0.162E-03 0.111E-03 0.277E+00 0.000E+00
  361 0.000E+00 0.267E-03 0.112E-03 0.150E-03 0.112E-03 0.277E+00 0.000E+00
  362 0.000E+00 0.279E-03 0.112E-03 0.139E-03 0.112E-03 0.277E+00 0.000E+00
  363 0.000E+00 0.267E-03 0.112E-03 0.129E-03 0.112E-03 0.277E+00 0.000E+00
  364 0.000E+00 0.242E-03 0.112E-03 0.120E-03 0.112E-03 0.277E+00 0.000E+00
  365 0.000E+00 0.198E-03 0.112E-03 0.111E-03 0.112E-03 0.277E+00 0.000E+00
  366 0.000E+00 0.140E-03 0.112E-03 0.103E-03 0.112E-03 0.277E+00 0.000E+00
  367 0.000E+00 0.676E-04 0.112E-03 0.957E-04 0.112E-03 0.277E+00 0.000E+00
  368 0.000E+00 0.000E+00 0.112E-03 0.888E-04 0.112E-03 0.277E+00 0.000E+00
  369 0.000E+00 0.000E+00 0.112E-03 0.823E-04 0.112E-03 0.277E+00 0.000E+00
  370 0.000E+00 0.000E+00 0.112E-03 0.764E-04 0.112E-03 0.277E+00 0.000E+00
  371 0.000E+00 0.000E+00 0.112E-03 0.709E-04 0.112E-03 0.277E+00 0.000E+00
  372 0.000E+00 0.000E+00 0.111E-03 0.658E-04 0.111E-03 0.277E+00 0.000E+00
  373 0.500E-03 0.000E+00 0.111E-03 0.610E-04 0.111E-03 0.277E+00 0.000E+00
  374 0.750E-02 0.000E+00 0.111E-03 0.490E-03 0.111E-03 0.276E+00 0.000E+00
  375 0.450E-02 0.000E+00 0.112E-03 0.784E-03 0.112E-03 0.276E+00 0.000E+00
  376 0.250E-02 0.000E+00 0.115E-03 0.911E-03 0.115E-03 0.275E+00 0.000E+00
  377 0.500E-03 0.000E+00 0.118E-03 0.883E-03 0.118E-03 0.274E+00 0.000E+00
  378 0.000E+00 0.000E+00 0.121E-03 0.820E-03 0.121E-03 0.273E+00 0.000E+00
  379 0.000E+00 0.000E+00 0.123E-03 0.761E-03 0.123E-03 0.273E+00 0.000E+00
  380 0.000E+00 0.000E+00 0.126E-03 0.706E-03 0.126E-03 0.272E+00 0.000E+00
  381 0.000E+00 0.174E-04 0.128E-03 0.655E-03 0.128E-03 0.272E+00 0.000E+00
  382 0.000E+00 0.336E-04 0.130E-03 0.607E-03 0.130E-03 0.271E+00 0.000E+00
  383 0.100E-02 0.475E-04 0.132E-03 0.633E-03 0.132E-03 0.271E+00 0.000E+00
  384 0.100E-02 0.582E-04 0.134E-03 0.658E-03 0.134E-03 0.270E+00 0.000E+00
  385 0.000E+00 0.643E-04 0.136E-03 0.610E-03 0.136E-03 0.270E+00 0.000E+00
  386 0.500E-03 0.672E-04 0.138E-03 0.594E-03 0.138E-03 0.269E+00 0.000E+00
  387 0.000E+00 0.643E-04 0.140E-03 0.550E-03 0.140E-03 0.269E+00 0.000E+00
  388 0.000E+00 0.582E-04 0.142E-03 0.509E-03 0.142E-03 0.269E+00 0.000E+00
  389 0.000E+00 0.475E-04 0.144E-03 0.472E-03 0.144E-03 0.268E+00 0.000E+00
  390 0.500E-03 0.336E-04 0.145E-03 0.456E-03 0.145E-03 0.268E+00 0.000E+00
  391 0.000E+00 0.163E-04 0.147E-03 0.423E-03 0.147E-03 0.268E+00 0.000E+00
  392 0.500E-03 0.000E+00 0.148E-03 0.425E-03 0.148E-03 0.267E+00 0.000E+00
  393 0.500E-03 0.000E+00 0.149E-03 0.431E-03 0.149E-03 0.267E+00 0.000E+00
  394 0.000E+00 0.000E+00 0.151E-03 0.399E-03 0.151E-03 0.267E+00 0.000E+00
  395 0.000E+00 0.000E+00 0.152E-03 0.369E-03 0.152E-03 0.267E+00 0.000E+00
  396 0.000E+00 0.000E+00 0.153E-03 0.342E-03 0.153E-03 0.266E+00 0.000E+00
  397 0.000E+00 0.000E+00 0.154E-03 0.316E-03 0.154E-03 0.266E+00 0.000E+00
  398 0.000E+00 0.000E+00 0.155E-03 0.292E-03 0.155E-03 0.266E+00 0.000E+00
  399 0.000E+00 0.000E+00 0.155E-03 0.270E-03 0.155E-03 0.266E+00 0.000E+00
  400 0.000E+00 0.000E+00 0.156E-03 0.250E-03 0.156E-03 0.266E+00 0.000E+00
  401 0.000E+00 0.000E+00 0.156E-03 0.231E-03 0.156E-03 0.266E+00 0.000E+00
  402 0.100E-02 0.000E+00 0.157E-03 0.290E-03 0.157E-03 0.266E+00 0.000E+00
  403 0.000E+00 0.000E+00 0.157E-03 0.268E-03 0.157E-03 0.266E+00 0.000E+00
  404 0.000E+00 0.000E+00 0.158E-03 0.248E-03 0.158E-03 0.265E+00 0.000E+00
  405 0.500E-03 0.246E-04 0.158E-03 0.267E-03 0.158E-03 0.265E+00 0.000E+00
  406 0.500E-03 0.474E-04 0.159E-03 0.283E-03 0.159E-03 0.265E+00 0.000E+00
  407 0.000E+00 0.671E-04 0.159E-03 0.262E-03 0.159E-03 0.265E+00 0.000E+00
  408 0.500E-03 0.822E-04 0.160E-03 0.272E-03 0.160E-03 0.265E+00 0.000E+00
  409 0.000E+00 0.909E-04 0.160E-03 0.251E-03 0.160E-03 0.265E+00 0.000E+00
  410 0.000E+00 0.950E-04 0.161E-03 0.232E-03 0.161E-03 0.265E+00 0.000E+00
  411 0.000E+00 0.909E-04 0.161E-03 0.214E-03 0.161E-03 0.265E+00 0.000E+00
  412 0.000E+00 0.822E-04 0.162E-03 0.198E-03 0.162E-03 0.265E+00 0.000E+00
  413 0.000E+00 0.671E-04 0.162E-03 0.183E-03 0.162E-03 0.265E+00 0.000E+00
  414 0.000E+00 0.474E-04 0.162E-03 0.169E-03 0.162E-03 0.265E+00 0.000E+00
  415 0.000E+00 0.230E-04 0.162E-03 0.156E-03 0.162E-03 0.265E+00 0.000E+00
  416 0.000E+00 0.000E+00 0.162E-03 0.145E-03 0.162E-03 0.265E+00 0.000E+00
  417 0.000E+00 0.000E+00 0.162E-03 0.134E-03 0.162E-03 0.265E+00 0.000E+00
  418 0.000E+00 0.000E+00 0.162E-03 0.124E-03 0.162E-03 0.265E+00 0.000E+00
  419 0.000E+00 0.000E+00 0.161E-03 0.114E-03 0.161E-03 0.265E+00 0.000E+00
  420 0.000E+00 0.000E+00 0.161E-03 0.106E-03 0.161E-03 0.265E+00 0.000E+00
  421 0.000E+00 0.000E+00 0.161E-03 0.977E-04 0.161E-03 0.265E+00 0.000E+00
  422 0.000E+00 0.000E+00 0.161E-03 0.903E-04 0.161E-03 0.265E+00 0.000E+00
  423 0.000E+00 0.000E+00 0.160E-03 0.835E-04 0.160E-03 0.265E+00 0.000E+00
  424 0.000E+00 0.000E+00 0.160E-03 0.772E-04 0.160E-03 0.265E+00 0.000E+00
  425 0.000E+00 0.000E+00 0.159E-03 0.714E-04 0.159E-03 0.265E+00 0.000E+00
  426 0.000E+00 0.000E+00 0.159E-03 0.660E-04 0.159E-03 0.265E+00 0.000E+00
  427 0.500E-03 0.000E+00 0.159E-03 0.611E-04 0.159E-03 0.266E+00 0.000E+00
  428 0.200E-02 0.000E+00 0.158E-03 0.203E-03 0.158E-03 0.265E+00 0.000E+00
  429 0.300E-02 0.326E-04 0.158E-03 0.417E-03 0.158E-03 0.265E+00 0.000E+00
  430 0.200E-02 0.629E-04 0.160E-03 0.535E-03 0.160E-03 0.265E+00 0.000E+00
  431 0.100E-02 0.890E-04 0.161E-03 0.566E-03 0.161E-03 0.264E+00 0.000E+00
  432 0.000E+00 0.109E-03 0.163E-03 0.524E-03 0.163E-03 0.264E+00 0.000E+00
  433 0.500E-03 0.121E-03 0.165E-03 0.507E-03 0.165E-03 0.264E+00 0.000E+00
  434 0.000E+00 0.126E-03 0.167E-03 0.468E-03 0.167E-03 0.263E+00 0.000E+00
  435 0.000E+00 0.121E-03 0.169E-03 0.433E-03 0.169E-03 0.263E+00 0.000E+00
  436 0.000E+00 0.109E-03 0.170E-03 0.400E-03 0.170E-03 0.263E+00 0.000E+00
  437 0.350E-02 0.890E-04 0.171E-03 0.602E-03 0.171E-03 0.263E+00 0.000E+00
  438 0.000E+00 0.629E-04 0.174E-03 0.557E-03 0.174E-03 0.262E+00 0.000E+00
  439 0.000E+00 0.305E-04 0.176E-03 0.514E-03 0.176E-03 0.262E+00 0.000E+00
  440 0.000E+00 0.000E+00 0.178E-03 0.475E-03 0.178E-03 0.261E+00 0.000E+00
  441 0.000E+00 0.000E+00 0.179E-03 0.439E-03 0.179E-03 0.261E+00 0.000E+00
  442 0.000E+00 0.000E+00 0.181E-03 0.405E-03 0.181E-03 0.261E+00 0.000E+00
  443 0.000E+00 0.000E+00 0.182E-03 0.374E-03 0.182E-03 0.261E+00 0.000E+00
  444 0.500E-03 0.000E+00 0.183E-03 0.370E-03 0.183E-03 0.261E+00 0.000E+00
  445 0.000E+00 0.000E+00 0.184E-03 0.341E-03 0.184E-03 0.260E+00 0.000E+00
  446 0.000E+00 0.000E+00 0.185E-03 0.315E-03 0.185E-03 0.260E+00 0.000E+00
  447 0.000E+00 0.000E+00 0.186E-03 0.291E-03 0.186E-03 0.260E+00 0.000E+00
  448 0.000E+00 0.000E+00 0.186E-03 0.268E-03 0.186E-03 0.260E+00 0.000E+00
  449 0.000E+00 0.000E+00 0.187E-03 0.248E-03 0.187E-03 0.260E+00 0.000E+00
  450 0.000E+00 0.000E+00 0.187E-03 0.228E-03 0.187E-03 0.260E+00 0.000E+00
  451 0.000E+00 0.000E+00 0.187E-03 0.211E-03 0.187E-03 0.260E+00 0.000E+00
  452 0.500E-03 0.000E+00 0.188E-03 0.233E-03 0.188E-03 0.260E+00 0.000E+00
  453 0.000E+00 0.224E-04 0.188E-03 0.215E-03 0.188E-03 0.260E+00 0.000E+00
  454 0.000E+00 0.433E-04 0.188E-03 0.199E-03 0.188E-03 0.260E+00 0.000E+00
  455 0.000E+00 0.612E-04 0.188E-03 0.183E-03 0.188E-03 0.260E+00 0.000E+00
  456 0.000E+00 0.750E-04 0.188E-03 0.169E-03 0.188E-03 0.260E+00 0.000E+00
  457 0.000E+00 0.830E-04 0.188E-03 0.156E-03 0.188E-03 0.260E+00 0.000E+00
  458 0.000E+00 0.866E-04 0.188E-03 0.144E-03 0.188E-03 0.260E+00 0.000E+00
  459 0.000E+00 0.830E-04 0.188E-03 0.133E-03 0.188E-03 0.260E+00 0.000E+00
  460 0.000E+00 0.750E-04 0.187E-03 0.123E-03 0.187E-03 0.260E+00 0.000E+00
  461 0.000E+00 0.612E-04 0.187E-03 0.113E-03 0.187E-03 0.260E+00 0.000E+00
  462 0.000E+00 0.433E-04 0.186E-03 0.105E-03 0.186E-03 0.260E+00 0.000E+00
  463 0.000E+00 0.210E-04 0.186E-03 0.965E-04 0.186E-03 0.260E+00 0.000E+00
  464 0.000E+00 0.000E+00 0.185E-03 0.891E-04 0.185E-03 0.261E+00 0.000E+00
  465 0.100E-02 0.000E+00 0.185E-03 0.109E-03 0.185E-03 0.261E+00 0.000E+00
  466 0.500E-03 0.000E+00 0.184E-03 0.140E-03 0.184E-03 0.261E+00 0.000E+00
  467 0.000E+00 0.000E+00 0.184E-03 0.129E-03 0.184E-03 0.261E+00 0.000E+00
  468 0.000E+00 0.000E+00 0.184E-03 0.119E-03 0.184E-03 0.261E+00 0.000E+00
  469 0.500E-03 0.000E+00 0.183E-03 0.149E-03 0.183E-03 0.261E+00 0.000E+00
  470 0.000E+00 0.000E+00 0.183E-03 0.137E-03 0.183E-03 0.261E+00 0.000E+00
  471 0.000E+00 0.000E+00 0.183E-03 0.126E-03 0.183E-03 0.261E+00 0.000E+00
  472 0.500E-03 0.000E+00 0.183E-03 0.156E-03 0.183E-03 0.261E+00 0.000E+00
  473 0.500E-03 0.000E+00 0.183E-03 0.182E-03 0.183E-03 0.261E+00 0.000E+00
  474 0.000E+00 0.000E+00 0.183E-03 0.168E-03 0.183E-03 0.261E+00 0.000E+00
  475 0.000E+00 0.000E+00 0.182E-03 0.155E-03 0.182E-03 0.261E+00 0.000E+00
  476 0.000E+00 0.000E+00 0.182E-03 0.143E-03 0.182E-03 0.261E+00 0.000E+00
  477 0.000E+00 0.920E-05 0.182E-03 0.132E-03 0.182E-03 0.261E+00 0.000E+00
  478 0.000E+00 0.178E-04 0.182E-03 0.122E-03 0.182E-03 0.261E+00 0.000E+00
  479 0.000E+00 0.252E-04 0.181E-03 0.112E-03 0.181E-03 0.261E+00 0.000E+00
  480 0.000E+00 0.309E-04 0.181E-03 0.104E-03 0.181E-03 0.261E+00 0.000E+00
  481 0.000E+00 0.342E-04 0.181E-03 0.956E-04 0.181E-03 0.261E+00 0.000E+00
  482 0.500E-03 0.357E-04 0.180E-03 0.118E-03 0.180E-03 0.261E+00 0.000E+00
  483 0.250E-02 0.342E-04 0.180E-03 0.300E-03 0.180E-03 0.261E+00 0.000E+00
  484 0.100E-02 0.309E-04 0.180E-03 0.351E-03 0.180E-03 0.261E+00 0.000E+00
  485 0.000E+00 0.252E-04 0.181E-03 0.324E-03 0.181E-03 0.261E+00 0.000E+00
  486 0.100E-02 0.178E-04 0.182E-03 0.372E-03 0.182E-03 0.261E+00 0.000E+00
  487 0.000E+00 0.860E-05 0.183E-03 0.343E-03 0.183E-03 0.261E+00 0.000E+00
  488 0.000E+00 0.000E+00 0.184E-03 0.317E-03 0.184E-03 0.260E+00 0.000E+00
  489 0.000E+00 0.000E+00 0.185E-03 0.292E-03 0.185E-03 0.260E+00 0.000E+00
  490 0.000E+00 0.000E+00 0.186E-03 0.270E-03 0.186E-03 0.260E+00 0.000E+00
  491 0.000E+00 0.000E+00 0.186E-03 0.249E-03 0.186E-03 0.260E+00 0.000E+00
  492 0.000E+00 0.000E+00 0.186E-03 0.229E-03 0.186E-03 0.260E+00 0.000E+00
  493 0.000E+00 0.000E+00 0.187E-03 0.211E-03 0.187E-03 0.260E+00 0.000E+00
  494 0.000E+00 0.000E+00 0.187E-03 0.195E-03 0.187E-03 0.260E+00 0.000E+00
  495 0.000E+00 0.000E+00 0.187E-03 0.180E-03 0.187E-03 0.260E+00 0.000E+00
  496 0.000E+00 0.000E+00 0.187E-03 0.166E-03 0.187E-03 0.260E+00 0.000E+00
  497 0.000E+00 0.000E+00 0.187E-03 0.153E-03 0.187E-03 0.260E+00 0.000E+00
  498 0.000E+00 0.000E+00 0.187E-03 0.141E-03 0.187E-03 0.260E+00 0.000E+00
  499 0.000E+00 0.000E+00 0.186E-03 0.130E-03 0.186E-03 0.260E+00 0.000E+00
  500 0.000E+00 0.000E+00 0.186E-03 0.120E-03 0.186E-03 0.260E+00 0.000E+00
  501 0.000E+00 0.638E-04 0.186E-03 0.111E-03 0.186E-03 0.260E+00 0.000E+00
  502 0.000E+00 0.123E-03 0.185E-03 0.102E-03 0.185E-03 0.261E+00 0.000E+00
  503 0.000E+00 0.174E-03 0.185E-03 0.944E-04 0.185E-03 0.261E+00 0.000E+00
  504 0.000E+00 0.213E-03 0.184E-03 0.871E-04 0.184E-03 0.261E+00 0.000E+00
  505 0.000E+00 0.236E-03 0.184E-03 0.804E-04 0.184E-03 0.261E+00 0.000E+00
  506 0.000E+00 0.246E-03 0.183E-03 0.742E-04 0.183E-03 0.261E+00 0.000E+00
  507 0.000E+00 0.236E-03 0.182E-03 0.685E-04 0.182E-03 0.261E+00 0.000E+00
  508 0.000E+00 0.213E-03 0.182E-03 0.632E-04 0.182E-03 0.261E+00 0.000E+00
  509 0.000E+00 0.174E-03 0.181E-03 0.584E-04 0.181E-03 0.261E+00 0.000E+00
  510 0.000E+00 0.123E-03 0.180E-03 0.539E-04 0.180E-03 0.261E+00 0.000E+00
  511 0.000E+00 0.596E-04 0.180E-03 0.498E-04 0.180E-03 0.262E+00 0.000E+00
  512 0.000E+00 0.000E+00 0.179E-03 0.460E-04 0.179E-03 0.262E+00 0.000E+00
  513 0.000E+00 0.000E+00 0.178E-03 0.425E-04 0.178E-03 0.262E+00 0.000E+00
  514 0.000E+00 0.000E+00 0.177E-03 0.392E-04 0.177E-03 0.262E+00 0.000E+00
  515 0.000E+00 0.000E+00 0.177E-03 0.363E-04 0.177E-03 0.262E+00 0.000E+00
  516 0.000E+00 0.000E+00 0.176E-03 0.335E-04 0.176E-03 0.262E+00 0.000E+00
  517 0.000E+00 0.000E+00 0.175E-03 0.310E-04 0.175E-03 0.262E+00 0.000E+00
  518 0.000E+00 0.000E+00 0.174E-03 0.286E-04 0.174E-03 0.263E+00 0.000E+00
  519 0.000E+00 0.000E+00 0.174E-03 0.265E-04 0.174E-03 0.263E+00 0.000E+00
  520 0.000E+00 0.000E+00 0.173E-03 0.245E-04 0.173E-03 0.263E+00 0.000E+00
  521 0.000E+00 0.000E+00 0.172E-03 0.226E-04 0.172E-03 0.263E+00 0.000E+00
  522 0.000E+00 0.000E+00 0.171E-03 0.209E-04 0.171E-03 0.263E+00 0.000E+00
  523 0.000E+00 0.000E+00 0.170E-03 0.193E-04 0.170E-03 0.263E+00 0.000E+00
  524 0.000E+00 0.000E+00 0.170E-03 0.179E-04 0.170E-03 0.263E+00 0.000E+00
  525 0.000E+00 0.417E-04 0.169E-03 0.166E-04 0.169E-03 0.264E+00 0.000E+00
  526 0.000E+00 0.804E-04 0.168E-03 0.153E-04 0.168E-03 0.264E+00 0.000E+00
  527 0.000E+00 0.114E-03 0.167E-03 0.142E-04 0.167E-03 0.264E+00 0.000E+00
  528 0.000E+00 0.139E-03 0.166E-03 0.131E-04 0.166E-03 0.264E+00 0.000E+00
  529 0.000E+00 0.154E-03 0.166E-03 0.121E-04 0.166E-03 0.264E+00 0.000E+00
  530 0.000E+00 0.161E-03 0.165E-03 0.112E-04 0.165E-03 0.264E+00 0.000E+00
  531 0.000E+00 0.154E-03 0.164E-03 0.104E-04 0.164E-03 0.265E+00 0.000E+00
  532 0.000E+00 0.139E-03 0.163E-03 0.963E-05 0.163E-03 0.265E+00 0.000E+00
  533 0.000E+00 0.114E-03 0.162E-03 0.892E-05 0.162E-03 0.265E+00 0.000E+00
  534 0.000E+00 0.804E-04 0.162E-03 0.826E-05 0.162E-03 0.265E+00 0.000E+00
  535 0.000E+00 0.389E-04 0.161E-03 0.765E-05 0.161E-03 0.265E+00 0.000E+00
  536 0.000E+00 0.000E+00 0.160E-03 0.709E-05 0.160E-03 0.265E+00 0.000E+00
  537 0.000E+00 0.000E+00 0.159E-03 0.656E-05 0.159E-03 0.265E+00 0.000E+00
  538 0.000E+00 0.000E+00 0.159E-03 0.608E-05 0.159E-03 0.266E+00 0.000E+00
  539 0.000E+00 0.000E+00 0.158E-03 0.564E-05 0.158E-03 0.266E+00 0.000E+00
  540 0.000E+00 0.000E+00 0.157E-03 0.522E-05 0.157E-03 0.266E+00 0.000E+00
  541 0.000E+00 0.000E+00 0.156E-03 0.484E-05 0.156E-03 0.266E+00 0.000E+00
  542 0.000E+00 0.000E+00 0.156E-03 0.449E-05 0.156E-03 0.266E+00 0.000E+00
  543 0.000E+00 0.000E+00 0.155E-03 0.416E-05 0.155E-03 0.266E+00 0.000E+00
  544 0.000E+00 0.000E+00 0.154E-03 0.386E-05 0.154E-03 0.266E+00 0.000E+00
  545 0.000E+00 0.000E+00 0.153E-03 0.358E-05 0.153E-03 0.267E+00 0.000E+00
  546 0.000E+00 0.000E+00 0.153E-03 0.332E-05 0.153E-03 0.267E+00 0.000E+00
  547 0.000E+00 0.000E+00 0.152E-03 0.308E-05 0.152E-03 0.267E+00 0.000E+00
  548 0.000E+00 0.000E+00 0.151E-03 0.286E-05 0.151E-03 0.267E+00 0.000E+00
  549 0.000E+00 0.207E-04 0.151E-03 0.265E-05 0.151E-03 0.267E+00 0.000E+00
  550 0.000E+00 0.400E-04 0.150E-03 0.246E-05 0.150E-03 0.267E+00 0.000E+00
  551 0.000E+00 0.566E-04 0.149E-03 0.228E-05 0.149E-03 0.268E+00 0.000E+00
  552 0.100E-02 0.693E-04 0.148E-03 0.212E-05 0.148E-03 0.268E+00 0.000E+00
  553 0.100E-02 0.766E-04 0.148E-03 0.196E-05 0.148E-03 0.268E+00 0.000E+00
  554 0.200E-02 0.800E-04 0.147E-03 0.572E-04 0.147E-03 0.268E+00 0.000E+00
  555 0.150E-02 0.766E-04 0.147E-03 0.160E-03 0.147E-03 0.268E+00 0.000E+00
  556 0.000E+00 0.693E-04 0.147E-03 0.148E-03 0.147E-03 0.268E+00 0.000E+00
  557 0.500E-03 0.566E-04 0.147E-03 0.163E-03 0.147E-03 0.268E+00 0.000E+00
  558 0.000E+00 0.400E-04 0.147E-03 0.151E-03 0.147E-03 0.268E+00 0.000E+00
  559 0.000E+00 0.194E-04 0.147E-03 0.139E-03 0.147E-03 0.268E+00 0.000E+00
  560 0.000E+00 0.000E+00 0.147E-03 0.129E-03 0.147E-03 0.268E+00 0.000E+00
  561 0.000E+00 0.000E+00 0.147E-03 0.119E-03 0.147E-03 0.268E+00 0.000E+00
  562 0.000E+00 0.000E+00 0.147E-03 0.110E-03 0.147E-03 0.268E+00 0.000E+00
  563 0.000E+00 0.000E+00 0.146E-03 0.102E-03 0.146E-03 0.268E+00 0.000E+00
  564 0.000E+00 0.000E+00 0.146E-03 0.938E-04 0.146E-03 0.268E+00 0.000E+00
  565 0.500E-03 0.000E+00 0.146E-03 0.116E-03 0.146E-03 0.268E+00 0.000E+00
  566 0.000E+00 0.000E+00 0.146E-03 0.107E-03 0.146E-03 0.268E+00 0.000E+00
  567 0.000E+00 0.000E+00 0.146E-03 0.988E-04 0.146E-03 0.268E+00 0.000E+00
  568 0.000E+00 0.000E+00 0.146E-03 0.913E-04 0.146E-03 0.268E+00 0.000E+00
  569 0.000E+00 0.000E+00 0.145E-03 0.844E-04 0.145E-03 0.268E+00 0.000E+00
  570 0.000E+00 0.000E+00 0.145E-03 0.780E-04 0.145E-03 0.268E+00 0.000E+00
  571 0.000E+00 0.000E+00 0.145E-03 0.721E-04 0.145E-03 0.268E+00 0.000E+00
  572 0.000E+00 0.000E+00 0.144E-03 0.667E-04 0.144E-03 0.269E+00 0.000E+00
  573 0.300E-02 0.305E-04 0.144E-03 0.288E-03 0.144E-03 0.268E+00 0.000E+00
  574 0.100E-02 0.589E-04 0.145E-03 0.339E-03 0.145E-03 0.268E+00 0.000E+00
  575 0.250E-02 0.833E-04 0.146E-03 0.498E-03 0.146E-03 0.268E+00 0.000E+00
  576 0.350E-02 0.102E-03 0.147E-03 0.719E-03 0.147E-03 0.267E+00 0.000E+00
  577 0.150E-02 0.113E-03 0.150E-03 0.771E-03 0.150E-03 0.267E+00 0.000E+00
  578 0.000E+00 0.118E-03 0.153E-03 0.714E-03 0.153E-03 0.266E+00 0.000E+00
  579 0.000E+00 0.113E-03 0.155E-03 0.661E-03 0.155E-03 0.266E+00 0.000E+00
  580 0.000E+00 0.102E-03 0.158E-03 0.611E-03 0.158E-03 0.265E+00 0.000E+00
  581 0.000E+00 0.833E-04 0.160E-03 0.565E-03 0.160E-03 0.265E+00 0.000E+00
  582 0.000E+00 0.589E-04 0.162E-03 0.523E-03 0.162E-03 0.264E+00 0.000E+00
  583 0.000E+00 0.285E-04 0.164E-03 0.483E-03 0.164E-03 0.264E+00 0.000E+00
  584 0.000E+00 0.000E+00 0.166E-03 0.447E-03 0.166E-03 0.264E+00 0.000E+00
  585 0.000E+00 0.000E+00 0.167E-03 0.413E-03 0.167E-03 0.263E+00 0.000E+00
  586 0.000E+00 0.000E+00 0.168E-03 0.381E-03 0.168E-03 0.263E+00 0.000E+00
  587 0.000E+00 0.000E+00 0.170E-03 0.352E-03 0.170E-03 0.263E+00 0.000E+00
  588 0.000E+00 0.000E+00 0.171E-03 0.326E-03 0.171E-03 0.263E+00 0.000E+00
  589 0.500E-03 0.000E+00 0.171E-03 0.301E-03 0.171E-03 0.263E+00 0.000E+00
  590 0.000E+00 0.000E+00 0.172E-03 0.278E-03 0.172E-03 0.263E+00 0.000E+00
  591 0.000E+00 0.000E+00 0.173E-03 0.257E-03 0.173E-03 0.263E+00 0.000E+00
  592 0.500E-03 0.000E+00 0.173E-03 0.267E-03 0.173E-03 0.263E+00 0.000E+00
  593 0.000E+00 0.000E+00 0.174E-03 0.246E-03 0.174E-03 0.262E+00 0.000E+00
  594 0.100E-02 0.000E+00 0.174E-03 0.305E-03 0.174E-03 0.262E+00 0.000E+00
  595 0.000E+00 0.000E+00 0.175E-03 0.281E-03 0.175E-03 0.262E+00 0.000E+00
  596 0.000E+00 0.000E+00 0.175E-03 0.260E-03 0.175E-03 0.262E+00 0.000E+00
  597 0.000E+00 0.626E-04 0.176E-03 0.240E-03 0.176E-03 0.262E+00 0.000E+00
  598 0.000E+00 0.121E-03 0.176E-03 0.221E-03 0.176E-03 0.262E+00 0.000E+00
  599 0.000E+00 0.171E-03 0.176E-03 0.204E-03 0.176E-03 0.262E+00 0.000E+00
  600 0.000E+00 0.209E-03 0.176E-03 0.189E-03 0.176E-03 0.262E+00 0.000E+00
  601 0.000E+00 0.232E-03 0.177E-03 0.174E-03 0.177E-03 0.262E+00 0.000E+00
  602 0.000E+00 0.242E-03 0.177E-03 0.161E-03 0.177E-03 0.262E+00 0.000E+00
  603 0.000E+00 0.232E-03 0.176E-03 0.149E-03 0.176E-03 0.262E+00 0.000E+00
  604 0.000E+00 0.209E-03 0.176E-03 0.137E-03 0.176E-03 0.262E+00 0.000E+00
  605 0.000E+00 0.171E-03 0.176E-03 0.127E-03 0.176E-03 0.262E+00 0.000E+00
  606 0.000E+00 0.121E-03 0.176E-03 0.117E-03 0.176E-03 0.262E+00 0.000E+00
  607 0.000E+00 0.585E-04 0.176E-03 0.108E-03 0.176E-03 0.262E+00 0.000E+00
  608 0.000E+00 0.000E+00 0.175E-03 0.998E-04 0.175E-03 0.262E+00 0.000E+00
  609 0.000E+00 0.000E+00 0.175E-03 0.922E-04 0.175E-03 0.262E+00 0.000E+00
  610 0.000E+00 0.000E+00 0.174E-03 0.852E-04 0.174E-03 0.262E+00 0.000E+00
  611 0.000E+00 0.000E+00 0.174E-03 0.787E-04 0.174E-03 0.263E+00 0.000E+00
  612 0.000E+00 0.000E+00 0.173E-03 0.727E-04 0.173E-03 0.263E+00 0.000E+00
  613 0.000E+00 0.000E+00 0.173E-03 0.672E-04 0.173E-03 0.263E+00 0.000E+00
  614 0.000E+00 0.000E+00 0.172E-03 0.621E-04 0.172E-03 0.263E+00 0.000E+00
  615 0.000E+00 0.000E+00 0.172E-03 0.574E-04 0.172E-03 0.263E+00 0.000E+00
  616 0.000E+00 0.000E+00 0.171E-03 0.530E-04 0.171E-03 0.263E+00 0.000E+00
  617 0.000E+00 0.000E+00 0.170E-03 0.490E-04 0.170E-03 0.263E+00 0.000E+00
  618 0.000E+00 0.000E+00 0.170E-03 0.453E-04 0.170E-03 0.263E+00 0.000E+00
  619 0.000E+00 0.000E+00 0.169E-03 0.419E-04 0.169E-03 0.264E+00 0.000E+00
  620 0.000E+00 0.000E+00 0.168E-03 0.388E-04 0.168E-03 0.264E+00 0.000E+00
  621 0.000E+00 0.142E-04 0.168E-03 0.358E-04 0.168E-03 0.264E+00 0.000E+00
  622 0.000E+00 0.275E-04 0.167E-03 0.332E-04 0.167E-03 0.264E+00 0.000E+00
  623 0.000E+00 0.389E-04 0.166E-03 0.307E-04 0.166E-03 0.264E+00 0.000E+00
  624 0.100E-02 0.476E-04 0.166E-03 0.284E-04 0.166E-03 0.264E+00 0.000E+00
  625 0.100E-02 0.527E-04 0.165E-03 0.322E-04 0.165E-03 0.264E+00 0.000E+00
  626 0.300E-02 0.550E-04 0.164E-03 0.256E-03 0.164E-03 0.264E+00 0.000E+00
  627 0.200E-02 0.527E-04 0.165E-03 0.385E-03 0.165E-03 0.264E+00 0.000E+00
  628 0.150E-02 0.476E-04 0.166E-03 0.467E-03 0.166E-03 0.264E+00 0.000E+00
  629 0.350E-02 0.389E-04 0.167E-03 0.696E-03 0.167E-03 0.263E+00 0.000E+00
  630 0.400E-02 0.275E-04 0.170E-03 0.948E-03 0.170E-03 0.262E+00 0.000E+00
  631 0.500E-02 0.133E-04 0.174E-03 0.126E-02 0.174E-03 0.261E+00 0.000E+00
  632 0.000E+00 0.000E+00 0.180E-03 0.117E-02 0.180E-03 0.260E+00 0.000E+00
  633 0.000E+00 0.000E+00 0.186E-03 0.108E-02 0.186E-03 0.259E+00 0.000E+00
  634 0.100E-02 0.000E+00 0.191E-03 0.108E-02 0.191E-03 0.259E+00 0.000E+00
  635 0.250E-02 0.000E+00 0.197E-03 0.119E-02 0.197E-03 0.258E+00 0.000E+00
  636 0.350E-02 0.000E+00 0.203E-03 0.138E-02 0.203E-03 0.256E+00 0.000E+00
  637 0.300E-02 0.000E+00 0.210E-03 0.151E-02 0.210E-03 0.255E+00 0.000E+00
  638 0.000E+00 0.000E+00 0.219E-03 0.140E-02 0.219E-03 0.254E+00 0.000E+00
  639 0.500E-03 0.000E+00 0.227E-03 0.133E-02 0.227E-03 0.253E+00 0.000E+00
  640 0.000E+00 0.000E+00 0.235E-03 0.123E-02 0.235E-03 0.252E+00 0.000E+00
  641 0.500E-03 0.000E+00 0.243E-03 0.118E-02 0.243E-03 0.251E+00 0.000E+00
  642 0.000E+00 0.000E+00 0.250E-03 0.108E-02 0.250E-03 0.250E+00 0.000E+00
  643 0.500E-03 0.000E+00 0.257E-03 0.104E-02 0.257E-03 0.249E+00 0.000E+00
  644 0.000E+00 0.000E+00 0.263E-03 0.959E-03 0.263E-03 0.249E+00 0.000E+00
  645 0.000E+00 0.169E-04 0.269E-03 0.884E-03 0.269E-03 0.248E+00 0.000E+00
  646 0.000E+00 0.326E-04 0.274E-03 0.813E-03 0.274E-03 0.247E+00 0.000E+00
  647 0.000E+00 0.461E-04 0.279E-03 0.749E-03 0.279E-03 0.247E+00 0.000E+00
  648 0.000E+00 0.564E-04 0.283E-03 0.689E-03 0.283E-03 0.247E+00 0.000E+00
  649 0.000E+00 0.624E-04 0.286E-03 0.633E-03 0.286E-03 0.246E+00 0.000E+00
  650 0.000E+00 0.652E-04 0.289E-03 0.582E-03 0.289E-03 0.246E+00 0.000E+00
  651 0.000E+00 0.624E-04 0.292E-03 0.535E-03 0.292E-03 0.246E+00 0.000E+00
  652 0.000E+00 0.564E-04 0.294E-03 0.492E-03 0.294E-03 0.245E+00 0.000E+00
  653 0.000E+00 0.461E-04 0.296E-03 0.452E-03 0.296E-03 0.245E+00 0.000E+00
  654 0.000E+00 0.326E-04 0.298E-03 0.415E-03 0.298E-03 0.245E+00 0.000E+00
  655 0.000E+00 0.158E-04 0.299E-03 0.382E-03 0.299E-03 0.245E+00 0.000E+00
  656 0.000E+00 0.000E+00 0.300E-03 0.350E-03 0.300E-03 0.245E+00 0.000E+00
  657 0.000E+00 0.000E+00 0.300E-03 0.322E-03 0.300E-03 0.245E+00 0.000E+00
  658 0.000E+00 0.000E+00 0.300E-03 0.296E-03 0.300E-03 0.245E+00 0.000E+00
  659 0.000E+00 0.000E+00 0.300E-03 0.272E-03 0.300E-03 0.245E+00 0.000E+00
  660 0.000E+00 0.000E+00 0.300E-03 0.249E-03 0.300E-03 0.245E+00 0.000E+00
  661 0.000E+00 0.000E+00 0.299E-03 0.229E-03 0.299E-03 0.245E+00 0.000E+00
  662 0.000E+00 0.000E+00 0.299E-03 0.210E-03 0.299E-03 0.245E+00 0.000E+00
  663 0.000E+00 0.000E+00 0.298E-03 0.193E-03 0.298E-03 0.245E+00 0.000E+00
  664 0.000E+00 0.000E+00 0.297E-03 0.178E-03 0.297E-03 0.245E+00 0.000E+00
  665 0.000E+00 0.000E+00 0.296E-03 0.163E-03 0.296E-03 0.246E+00 0.000E+00
  666 0.500E-03 0.000E+00 0.295E-03 0.151E-03 0.295E-03 0.246E+00 0.000E+00
  667 0.000E+00 0.000E+00 0.293E-03 0.139E-03 0.293E-03 0.246E+00 0.000E+00
  668 0.500E-03 0.000E+00 0.292E-03 0.169E-03 0.292E-03 0.246E+00 0.000E+00
  669 0.500E-03 0.153E-04 0.291E-03 0.196E-03 0.291E-03 0.246E+00 0.000E+00
  670 0.000E+00 0.295E-04 0.290E-03 0.180E-03 0.290E-03 0.246E+00 0.000E+00
  671 0.100E-02 0.417E-04 0.289E-03 0.244E-03 0.289E-03 0.246E+00 0.000E+00
  672 0.000E+00 0.511E-04 0.289E-03 0.224E-03 0.289E-03 0.246E+00 0.000E+00
  673 0.000E+00 0.565E-04 0.288E-03 0.206E-03 0.288E-03 0.246E+00 0.000E+00
  674 0.000E+00 0.590E-04 0.287E-03 0.189E-03 0.287E-03 0.247E+00 0.000E+00
  675 0.500E-03 0.565E-04 0.286E-03 0.197E-03 0.286E-03 0.247E+00 0.000E+00
  676 0.500E-03 0.511E-04 0.286E-03 0.218E-03 0.286E-03 0.247E+00 0.000E+00
  677 0.000E+00 0.417E-04 0.285E-03 0.200E-03 0.285E-03 0.247E+00 0.000E+00
  678 0.000E+00 0.295E-04 0.284E-03 0.183E-03 0.284E-03 0.247E+00 0.000E+00
  679 0.100E-02 0.143E-04 0.283E-03 0.240E-03 0.283E-03 0.247E+00 0.000E+00
  680 0.100E-02 0.000E+00 0.283E-03 0.302E-03 0.283E-03 0.247E+00 0.000E+00
  681 0.000E+00 0.000E+00 0.283E-03 0.277E-03 0.283E-03 0.247E+00 0.000E+00
  682 0.000E+00 0.000E+00 0.283E-03 0.254E-03 0.283E-03 0.247E+00 0.000E+00
  683 0.000E+00 0.000E+00 0.283E-03 0.233E-03 0.283E-03 0.247E+00 0.000E+00
  684 0.000E+00 0.000E+00 0.282E-03 0.214E-03 0.282E-03 0.247E+00 0.000E+00
  685 0.000E+00 0.000E+00 0.282E-03 0.196E-03 0.282E-03 0.247E+00 0.000E+00
  686 0.000E+00 0.000E+00 0.281E-03 0.180E-03 0.281E-03 0.247E+00 0.000E+00
  687 0.000E+00 0.000E+00 0.280E-03 0.166E-03 0.280E-03 0.247E+00 0.000E+00
  688 0.000E+00 0.000E+00 0.279E-03 0.152E-03 0.279E-03 0.247E+00 0.000E+00
  689 0.000E+00 0.000E+00 0.278E-03 0.140E-03 0.278E-03 0.248E+00 0.000E+00
  690 0.000E+00 0.000E+00 0.277E-03 0.128E-03 0.277E-03 0.248E+00 0.000E+00
  691 0.000E+00 0.000E+00 0.275E-03 0.118E-03 0.275E-03 0.248E+00 0.000E+00
  692 0.000E+00 0.000E+00 0.274E-03 0.108E-03 0.274E-03 0.248E+00 0.000E+00
  693 0.000E+00 0.561E-04 0.273E-03 0.993E-04 0.273E-03 0.248E+00 0.000E+00
  694 0.000E+00 0.108E-03 0.271E-03 0.913E-04 0.271E-03 0.248E+00 0.000E+00
  695 0.000E+00 0.153E-03 0.270E-03 0.839E-04 0.270E-03 0.249E+00 0.000E+00
  696 0.000E+00 0.188E-03 0.268E-03 0.771E-04 0.268E-03 0.249E+00 0.000E+00
  697 0.000E+00 0.208E-03 0.267E-03 0.709E-04 0.267E-03 0.249E+00 0.000E+00
  698 0.000E+00 0.217E-03 0.265E-03 0.652E-04 0.265E-03 0.249E+00 0.000E+00
  699 0.000E+00 0.208E-03 0.263E-03 0.599E-04 0.263E-03 0.249E+00 0.000E+00
  700 0.500E-03 0.188E-03 0.262E-03 0.551E-04 0.262E-03 0.250E+00 0.000E+00
  701 0.000E+00 0.153E-03 0.260E-03 0.507E-04 0.260E-03 0.250E+00 0.000E+00
  702 0.000E+00 0.108E-03 0.258E-03 0.466E-04 0.258E-03 0.250E+00 0.000E+00
  703 0.000E+00 0.524E-04 0.257E-03 0.429E-04 0.257E-03 0.250E+00 0.000E+00
  704 0.000E+00 0.000E+00 0.255E-03 0.395E-04 0.255E-03 0.250E+00 0.000E+00
  705 0.000E+00 0.000E+00 0.253E-03 0.363E-04 0.253E-03 0.251E+00 0.000E+00
  706 0.000E+00 0.000E+00 0.251E-03 0.335E-04 0.251E-03 0.251E+00 0.000E+00
  707 0.000E+00 0.000E+00 0.250E-03 0.308E-04 0.250E-03 0.251E+00 0.000E+00
  708 0.000E+00 0.000E+00 0.248E-03 0.284E-04 0.248E-03 0.251E+00 0.000E+00
  709 0.000E+00 0.000E+00 0.246E-03 0.261E-04 0.246E-03 0.252E+00 0.000E+00
  710 0.000E+00 0.000E+00 0.245E-03 0.241E-04 0.245E-03 0.252E+00 0.000E+00
  711 0.000E+00 0.000E+00 0.243E-03 0.222E-04 0.243E-03 0.252E+00 0.000E+00
  712 0.000E+00 0.000E+00 0.241E-03 0.204E-04 0.241E-03 0.252E+00 0.000E+00
  713 0.000E+00 0.000E+00 0.240E-03 0.188E-04 0.240E-03 0.252E+00 0.000E+00
  714 0.000E+00 0.000E+00 0.238E-03 0.174E-04 0.238E-03 0.253E+00 0.000E+00
  715 0.000E+00 0.000E+00 0.236E-03 0.160E-04 0.236E-03 0.253E+00 0.000E+00
  716 0.000E+00 0.000E+00 0.235E-03 0.148E-04 0.235E-03 0.253E+00 0.000E+00
  717 0.000E+00 0.856E-04 0.233E-03 0.136E-04 0.233E-03 0.253E+00 0.000E+00
  718 0.000E+00 0.165E-03 0.232E-03 0.126E-04 0.232E-03 0.254E+00 0.000E+00
  719 0.000E+00 0.234E-03 0.230E-03 0.116E-04 0.230E-03 0.254E+00 0.000E+00
  720 0.000E+00 0.286E-03 0.228E-03 0.107E-04 0.228E-03 0.254E+00 0.000E+00
  721 0.000E+00 0.317E-03 0.227E-03 0.987E-05 0.227E-03 0.254E+00 0.000E+00
  722 0.000E+00 0.331E-03 0.225E-03 0.912E-05 0.225E-03 0.254E+00 0.000E+00
  723 0.000E+00 0.317E-03 0.224E-03 0.842E-05 0.224E-03 0.255E+00 0.000E+00
  724 0.000E+00 0.286E-03 0.222E-03 0.777E-05 0.222E-03 0.255E+00 0.000E+00
  725 0.000E+00 0.234E-03 0.221E-03 0.718E-05 0.221E-03 0.255E+00 0.000E+00
  726 0.000E+00 0.165E-03 0.219E-03 0.663E-05 0.219E-03 0.255E+00 0.000E+00
  727 0.000E+00 0.800E-04 0.218E-03 0.612E-05 0.218E-03 0.255E+00 0.000E+00
  728 0.000E+00 0.000E+00 0.216E-03 0.566E-05 0.216E-03 0.256E+00 0.000E+00
  729 0.000E+00 0.000E+00 0.215E-03 0.523E-05 0.215E-03 0.256E+00 0.000E+00
  730 0.000E+00 0.000E+00 0.214E-03 0.483E-05 0.214E-03 0.256E+00 0.000E+00
  731 0.000E+00 0.000E+00 0.212E-03 0.447E-05 0.212E-03 0.256E+00 0.000E+00
  732 0.000E+00 0.000E+00 0.211E-03 0.413E-05 0.211E-03 0.257E+00 0.000E+00
  733 0.000E+00 0.000E+00 0.209E-03 0.382E-05 0.209E-03 0.257E+00 0.000E+00
  734 0.000E+00 0.000E+00 0.208E-03 0.353E-05 0.208E-03 0.257E+00 0.000E+00
  735 0.000E+00 0.000E+00 0.207E-03 0.327E-05 0.207E-03 0.257E+00 0.000E+00
  736 0.000E+00 0.000E+00 0.205E-03 0.302E-05 0.205E-03 0.257E+00 0.000E+00
  737 0.000E+00 0.000E+00 0.204E-03 0.280E-05 0.204E-03 0.258E+00 0.000E+00
  738 0.000E+00 0.000E+00 0.203E-03 0.259E-05 0.203E-03 0.258E+00 0.000E+00
  739 0.000E+00 0.000E+00 0.202E-03 0.240E-05 0.202E-03 0.258E+00 0.000E+00
  740 0.000E+00 0.000E+00 0.200E-03 0.222E-05 0.200E-03 0.258E+00 0.000E+00
  741 0.000E+00 0.747E-04 0.199E-03 0.205E-05 0.199E-03 0.258E+00 0.000E+00
  742 0.000E+00 0.144E-03 0.198E-03 0.190E-05 0.198E-03 0.259E+00 0.000E+00
  743 0.000E+00 0.204E-03 0.197E-03 0.176E-05 0.197E-03 0.259E+00 0.000E+00
  744 0.000E+00 0.250E-03 0.196E-03 0.163E-05 0.196E-03 0.259E+00 0.000E+00
  745 0.000E+00 0.276E-03 0.194E-03 0.151E-05 0.194E-03 0.259E+00 0.000E+00
  746 0.000E+00 0.288E-03 0.193E-03 0.140E-05 0.193E-03 0.259E+00 0.000E+00
  747 0.000E+00 0.276E-03 0.192E-03 0.130E-05 0.192E-03 0.259E+00 0.000E+00
  748 0.000E+00 0.250E-03 0.191E-03 0.120E-05 0.191E-03 0.260E+00 0.000E+00
  749 0.000E+00 0.204E-03 0.190E-03 0.111E-05 0.190E-03 0.260E+00 0.000E+00
  750 0.000E+00 0.144E-03 0.189E-03 0.103E-05 0.189E-03 0.260E+00 0.000E+00
  751 0.000E+00 0.698E-04 0.188E-03 0.957E-06 0.188E-03 0.260E+00 0.000E+00
  752 0.000E+00 0.000E+00 0.186E-03 0.887E-06 0.186E-03 0.260E+00 0.000E+00
  753 0.000E+00 0.000E+00 0.185E-03 0.823E-06 0.185E-03 0.261E+00 0.000E+00
  754 0.000E+00 0.000E+00 0.184E-03 0.763E-06 0.184E-03 0.261E+00 0.000E+00
  755 0.000E+00 0.000E+00 0.183E-03 0.708E-06 0.183E-03 0.261E+00 0.000E+00
  756 0.000E+00 0.000E+00 0.182E-03 0.657E-06 0.182E-03 0.261E+00 0.000E+00
  757 0.000E+00 0.000E+00 0.181E-03 0.609E-06 0.181E-03 0.261E+00 0.000E+00
  758 0.000E+00 0.000E+00 0.180E-03 0.565E-06 0.180E-03 0.262E+00 0.000E+00
  759 0.000E+00 0.000E+00 0.179E-03 0.525E-06 0.179E-03 0.262E+00 0.000E+00
  760 0.000E+00 0.000E+00 0.178E-03 0.487E-06 0.178E-03 0.262E+00 0.000E+00
  761 0.000E+00 0.000E+00 0.177E-03 0.452E-06 0.177E-03 0.262E+00 0.000E+00
  762 0.000E+00 0.000E+00 0.176E-03 0.420E-06 0.176E-03 0.262E+00 0.000E+00
  763 0.000E+00 0.000E+00 0.175E-03 0.390E-06 0.175E-03 0.262E+00 0.000E+00
  764 0.000E+00 0.000E+00 0.174E-03 0.362E-06 0.174E-03 0.263E+00 0.000E+00
  765 0.000E+00 0.967E-04 0.173E-03 0.336E-06 0.173E-03 0.263E+00 0.000E+00
  766 0.000E+00 0.187E-03 0.172E-03 0.312E-06 0.172E-03 0.263E+00 0.000E+00
  767 0.000E+00 0.264E-03 0.171E-03 0.290E-06 0.171E-03 0.263E+00 0.000E+00
  768 0.000E+00 0.323E-03 0.171E-03 0.269E-06 0.171E-03 0.263E+00 0.000E+00
  769 0.000E+00 0.358E-03 0.170E-03 0.250E-06 0.170E-03 0.263E+00 0.000E+00
  770 0.000E+00 0.373E-03 0.169E-03 0.232E-06 0.169E-03 0.264E+00 0.000E+00
  771 0.000E+00 0.358E-03 0.168E-03 0.216E-06 0.168E-03 0.264E+00 0.000E+00
  772 0.000E+00 0.323E-03 0.167E-03 0.201E-06 0.167E-03 0.264E+00 0.000E+00
  773 0.000E+00 0.264E-03 0.166E-03 0.187E-06 0.166E-03 0.264E+00 0.000E+00
  774 0.000E+00 0.187E-03 0.165E-03 0.173E-06 0.165E-03 0.264E+00 0.000E+00
  775 0.000E+00 0.904E-04 0.164E-03 0.161E-06 0.164E-03 0.264E+00 0.000E+00
  776 0.000E+00 0.000E+00 0.164E-03 0.150E-06 0.164E-03 0.265E+00 0.000E+00
  777 0.000E+00 0.000E+00 0.163E-03 0.139E-06 0.163E-03 0.265E+00 0.000E+00
  778 0.000E+00 0.000E+00 0.162E-03 0.130E-06 0.162E-03 0.265E+00 0.000E+00
  779 0.000E+00 0.000E+00 0.161E-03 0.121E-06 0.161E-03 0.265E+00 0.000E+00
  780 0.000E+00 0.000E+00 0.160E-03 0.112E-06 0.160E-03 0.265E+00 0.000E+00
  781 0.000E+00 0.000E+00 0.159E-03 0.104E-06 0.159E-03 0.265E+00 0.000E+00
  782 0.000E+00 0.000E+00 0.159E-03 0.971E-07 0.159E-03 0.266E+00 0.000E+00
  783 0.000E+00 0.000E+00 0.158E-03 0.901E-07 0.158E-03 0.266E+00 0.000E+00
  784 0.000E+00 0.000E+00 0.157E-03 0.839E-07 0.157E-03 0.266E+00 0.000E+00
  785 0.000E+00 0.000E+00 0.156E-03 0.781E-07 0.156E-03 0.266E+00 0.000E+00
  786 0.000E+00 0.000E+00 0.156E-03 0.727E-07 0.156E-03 0.266E+00 0.000E+00
  787 0.000E+00 0.000E+00 0.155E-03 0.677E-07 0.155E-03 0.266E+00 0.000E+00
  788 0.000E+00 0.000E+00 0.154E-03 0.630E-07 0.154E-03 0.266E+00 0.000E+00
  789 0.000E+00 0.126E-03 0.153E-03 0.580E-07 0.153E-03 0.267E+00 0.000E+00
  790 0.000E+00 0.243E-03 0.153E-03 0.540E-07 0.153E-03 0.267E+00 0.000E+00
  791 0.000E+00 0.344E-03 0.152E-03 0.503E-07 0.152E-03 0.267E+00 0.000E+00
  792 0.000E+00 0.421E-03 0.151E-03 0.469E-07 0.151E-03 0.267E+00 0.000E+00
  793 0.000E+00 0.466E-03 0.150E-03 0.437E-07 0.150E-03 0.267E+00 0.000E+00
  794 0.000E+00 0.486E-03 0.150E-03 0.398E-07 0.150E-03 0.267E+00 0.000E+00
  795 0.000E+00 0.466E-03 0.149E-03 0.371E-07 0.149E-03 0.268E+00 0.000E+00
  796 0.000E+00 0.421E-03 0.148E-03 0.346E-07 0.148E-03 0.268E+00 0.000E+00
  797 0.000E+00 0.344E-03 0.148E-03 0.323E-07 0.148E-03 0.268E+00 0.000E+00
  798 0.000E+00 0.243E-03 0.147E-03 0.301E-07 0.147E-03 0.268E+00 0.000E+00
  799 0.000E+00 0.118E-03 0.146E-03 0.281E-07 0.146E-03 0.268E+00 0.000E+00
  800 0.000E+00 0.000E+00 0.146E-03 0.249E-07 0.146E-03 0.268E+00 0.000E+00
  801 0.000E+00 0.000E+00 0.145E-03 0.233E-07 0.145E-03 0.268E+00 0.000E+00
  802 0.000E+00 0.000E+00 0.144E-03 0.217E-07 0.144E-03 0.269E+00 0.000E+00
  803 0.000E+00 0.000E+00 0.144E-03 0.203E-07 0.144E-03 0.269E+00 0.000E+00
  804 0.000E+00 0.000E+00 0.143E-03 0.189E-07 0.143E-03 0.269E+00 0.000E+00
  805 0.000E+00 0.000E+00 0.142E-03 0.177E-07 0.142E-03 0.269E+00 0.000E+00
  806 0.000E+00 0.000E+00 0.142E-03 0.155E-07 0.142E-03 0.269E+00 0.000E+00
  807 0.000E+00 0.000E+00 0.141E-03 0.145E-07 0.141E-03 0.269E+00 0.000E+00
  808 0.000E+00 0.000E+00 0.141E-03 0.136E-07 0.141E-03 0.269E+00 0.000E+00
  809 0.000E+00 0.000E+00 0.140E-03 0.127E-07 0.140E-03 0.270E+00 0.000E+00
  810 0.000E+00 0.000E+00 0.139E-03 0.118E-07 0.139E-03 0.270E+00 0.000E+00
  811 0.000E+00 0.000E+00 0.139E-03 0.111E-07 0.139E-03 0.270E+00 0.000E+00
  812 0.000E+00 0.000E+00 0.138E-03 0.100E-07 0.138E-03 0.270E+00 0.000E+00
  813 0.000E+00 0.304E-04 0.138E-03 0.935E-08 0.138E-03 0.270E+00 0.000E+00
  814 0.000E+00 0.587E-04 0.137E-03 0.875E-08 0.137E-03 0.270E+00 0.000E+00
  815 0.000E+00 0.831E-04 0.136E-03 0.818E-08 0.136E-03 0.270E+00 0.000E+00
  816 0.000E+00 0.102E-03 0.136E-03 0.766E-08 0.136E-03 0.271E+00 0.000E+00
  817 0.000E+00 0.113E-03 0.135E-03 0.716E-08 0.135E-03 0.271E+00 0.000E+00
  818 0.000E+00 0.118E-03 0.135E-03 0.618E-08 0.135E-03 0.271E+00 0.000E+00
  819 0.000E+00 0.113E-03 0.134E-03 0.579E-08 0.134E-03 0.271E+00 0.000E+00
  820 0.000E+00 0.102E-03 0.133E-03 0.542E-08 0.133E-03 0.271E+00 0.000E+00
  821 0.000E+00 0.831E-04 0.133E-03 0.508E-08 0.133E-03 0.271E+00 0.000E+00
  822 0.000E+00 0.587E-04 0.132E-03 0.475E-08 0.132E-03 0.271E+00 0.000E+00
  823 0.000E+00 0.284E-04 0.132E-03 0.445E-08 0.132E-03 0.271E+00 0.000E+00
  824 0.000E+00 0.000E+00 0.131E-03 0.351E-08 0.131E-03 0.272E+00 0.000E+00
  825 0.000E+00 0.000E+00 0.131E-03 0.329E-08 0.131E-03 0.272E+00 0.000E+00
  826 0.000E+00 0.000E+00 0.130E-03 0.308E-08 0.130E-03 0.272E+00 0.000E+00
  827 0.000E+00 0.000E+00 0.130E-03 0.289E-08 0.130E-03 0.272E+00 0.000E+00
  828 0.000E+00 0.000E+00 0.129E-03 0.271E-08 0.129E-03 0.272E+00 0.000E+00
  829 0.000E+00 0.000E+00 0.129E-03 0.254E-08 0.129E-03 0.272E+00 0.000E+00
  830 0.000E+00 0.000E+00 0.128E-03 0.165E-08 0.128E-03 0.272E+00 0.000E+00
  831 0.000E+00 0.000E+00 0.128E-03 0.155E-08 0.128E-03 0.272E+00 0.000E+00
  832 0.000E+00 0.000E+00 0.127E-03 0.146E-08 0.127E-03 0.273E+00 0.000E+00
  833 0.000E+00 0.000E+00 0.127E-03 0.137E-08 0.127E-03 0.273E+00 0.000E+00
  834 0.000E+00 0.000E+00 0.126E-03 0.129E-08 0.126E-03 0.273E+00 0.000E+00
  835 0.000E+00 0.000E+00 0.126E-03 0.121E-08 0.126E-03 0.273E+00 0.000E+00
  836 0.000E+00 0.000E+00 0.125E-03 0.682E-09 0.125E-03 0.273E+00 0.000E+00
  837 0.000E+00 0.661E-04 0.125E-03 0.644E-09 0.125E-03 0.273E+00 0.000E+00
  838 0.000E+00 0.127E-03 0.124E-03 0.607E-09 0.124E-03 0.273E+00 0.000E+00
  839 0.000E+00 0.180E-03 0.124E-03 0.573E-09 0.124E-03 0.273E+00 0.000E+00
  840 0.000E+00 0.221E-03 0.123E-03 0.540E-09 0.123E-03 0.274E+00 0.000E+00
  841 0.000E+00 0.244E-03 0.123E-03 0.510E-09 0.123E-03 0.274E+00 0.000E+00
  842 0.000E+00 0.255E-03 0.122E-03 0.358E-09 0.122E-03 0.274E+00 0.000E+00
  843 0.000E+00 0.244E-03 0.122E-03 0.338E-09 0.122E-03 0.274E+00 0.000E+00
  844 0.000E+00 0.221E-03 0.121E-03 0.320E-09 0.121E-03 0.274E+00 0.000E+00
  845 0.000E+00 0.180E-03 0.121E-03 0.302E-09 0.121E-03 0.274E+00 0.000E+00
  846 0.000E+00 0.127E-03 0.120E-03 0.286E-09 0.120E-03 0.274E+00 0.000E+00
  847 0.000E+00 0.617E-04 0.120E-03 0.270E-09 0.120E-03 0.274E+00 0.000E+00
  848 0.000E+00 0.000E+00 0.120E-03 0.192E-09 0.120E-03 0.275E+00 0.000E+00
  849 0.000E+00 0.000E+00 0.119E-03 0.182E-09 0.119E-03 0.275E+00 0.000E+00
  850 0.000E+00 0.000E+00 0.119E-03 0.172E-09 0.119E-03 0.275E+00 0.000E+00
  851 0.000E+00 0.000E+00 0.118E-03 0.163E-09 0.118E-03 0.275E+00 0.000E+00
  852 0.000E+00 0.000E+00 0.118E-03 0.155E-09 0.118E-03 0.275E+00 0.000E+00
  853 0.000E+00 0.000E+00 0.117E-03 0.147E-09 0.117E-03 0.275E+00 0.000E+00
  854 0.000E+00 0.000E+00 0.117E-03 0.103E-09 0.117E-03 0.275E+00 0.000E+00
  855 0.000E+00 0.000E+00 0.116E-03 0.983E-10 0.116E-03 0.275E+00 0.000E+00
  856 0.000E+00 0.000E+00 0.116E-03 0.934E-10 0.116E-03 0.276E+00 0.000E+00
  857 0.000E+00 0.000E+00 0.116E-03 0.887E-10 0.116E-03 0.276E+00 0.000E+00
  858 0.000E+00 0.000E+00 0.115E-03 0.843E-10 0.115E-03 0.276E+00 0.000E+00
  859 0.000E+00 0.000E+00 0.115E-03 0.801E-10 0.115E-03 0.276E+00 0.000E+00
  860 0.000E+00 0.000E+00 0.114E-03 0.628E-10 0.114E-03 0.276E+00 0.000E+00
  861 0.000E+00 0.976E-04 0.114E-03 0.598E-10 0.114E-03 0.276E+00 0.000E+00
  862 0.000E+00 0.188E-03 0.114E-03 0.569E-10 0.114E-03 0.276E+00 0.000E+00
  863 0.000E+00 0.266E-03 0.113E-03 0.541E-10 0.113E-03 0.276E+00 0.000E+00
  864 0.000E+00 0.326E-03 0.113E-03 0.515E-10 0.113E-03 0.276E+00 0.000E+00
  865 0.000E+00 0.361E-03 0.112E-03 0.490E-10 0.112E-03 0.277E+00 0.000E+00
  866 0.000E+00 0.377E-03 0.112E-03 0.412E-10 0.112E-03 0.277E+00 0.000E+00
  867 0.000E+00 0.361E-03 0.112E-03 0.393E-10 0.112E-03 0.277E+00 0.000E+00
  868 0.000E+00 0.326E-03 0.111E-03 0.374E-10 0.111E-03 0.277E+00 0.000E+00
  869 0.000E+00 0.266E-03 0.111E-03 0.356E-10 0.111E-03 0.277E+00 0.000E+00
  870 0.000E+00 0.188E-03 0.110E-03 0.340E-10 0.110E-03 0.277E+00 0.000E+00
  871 0.000E+00 0.912E-04 0.110E-03 0.324E-10 0.110E-03 0.277E+00 0.000E+00
  872 0.000E+00 0.000E+00 0.110E-03 0.289E-10 0.110E-03 0.277E+00 0.000E+00
  873 0.000E+00 0.000E+00 0.109E-03 0.276E-10 0.109E-03 0.277E+00 0.000E+00
  874 0.000E+00 0.000E+00 0.109E-03 0.263E-10 0.109E-03 0.278E+00 0.000E+00
  875 0.000E+00 0.000E+00 0.109E-03 0.250E-10 0.109E-03 0.278E+00 0.000E+00
  876 0.000E+00 0.000E+00 0.108E-03 0.239E-10 0.108E-03 0.278E+00 0.000E+00
  877 0.000E+00 0.000E+00 0.108E-03 0.227E-10 0.108E-03 0.278E+00 0.000E+00
  878 0.000E+00 0.000E+00 0.107E-03 0.214E-10 0.107E-03 0.278E+00 0.000E+00
  879 0.000E+00 0.000E+00 0.107E-03 0.204E-10 0.107E-03 0.278E+00 0.000E+00
  880 0.000E+00 0.000E+00 0.107E-03 0.194E-10 0.107E-03 0.278E+00 0.000E+00
  881 0.000E+00 0.000E+00 0.106E-03 0.185E-10 0.106E-03 0.278E+00 0.000E+00
  882 0.000E+00 0.000E+00 0.106E-03 0.176E-10 0.106E-03 0.278E+00 0.000E+00
  883 0.000E+00 0.000E+00 0.106E-03 0.168E-10 0.106E-03 0.279E+00 0.000E+00
  884 0.000E+00 0.000E+00 0.105E-03 0.160E-10 0.105E-03 0.279E+00 0.000E+00
  885 0.000E+00 0.643E-04 0.105E-03 0.152E-10 0.105E-03 0.279E+00 0.000E+00
  886 0.000E+00 0.124E-03 0.105E-03 0.145E-10 0.105E-03 0.279E+00 0.000E+00
  887 0.000E+00 0.176E-03 0.104E-03 0.138E-10 0.104E-03 0.279E+00 0.000E+00
  888 0.000E+00 0.215E-03 0.104E-03 0.132E-10 0.104E-03 0.279E+00 0.000E+00
  889 0.000E+00 0.238E-03 0.104E-03 0.126E-10 0.104E-03 0.279E+00 0.000E+00
  890 0.000E+00 0.248E-03 0.103E-03 0.120E-10 0.103E-03 0.279E+00 0.000E+00
  891 0.000E+00 0.238E-03 0.103E-03 0.113E-10 0.103E-03 0.279E+00 0.000E+00
  892 0.000E+00 0.215E-03 0.103E-03 0.108E-10 0.103E-03 0.279E+00 0.000E+00
  893 0.000E+00 0.176E-03 0.102E-03 0.103E-10 0.102E-03 0.280E+00 0.000E+00
  894 0.000E+00 0.124E-03 0.102E-03 0.980E-11 0.102E-03 0.280E+00 0.000E+00
  895 0.000E+00 0.601E-04 0.102E-03 0.935E-11 0.102E-03 0.280E+00 0.000E+00
  896 0.000E+00 0.000E+00 0.101E-03 0.891E-11 0.101E-03 0.280E+00 0.000E+00
  897 0.000E+00 0.000E+00 0.101E-03 0.826E-11 0.101E-03 0.280E+00 0.000E+00
  898 0.000E+00 0.000E+00 0.101E-03 0.788E-11 0.101E-03 0.280E+00 0.000E+00
  899 0.000E+00 0.000E+00 0.100E-03 0.751E-11 0.100E-03 0.280E+00 0.000E+00
  900 0.000E+00 0.000E+00 0.100E-03 0.716E-11 0.100E-03 0.280E+00 0.000E+00
  901 0.000E+00 0.000E+00 0.997E-04 0.683E-11 0.997E-04 0.280E+00 0.000E+00
  902 0.000E+00 0.000E+00 0.994E-04 0.652E-11 0.994E-04 0.280E+00 0.000E+00
  903 0.000E+00 0.000E+00 0.991E-04 0.343E-11 0.991E-04 0.281E+00 0.000E+00
  904 0.000E+00 0.000E+00 0.988E-04 0.327E-11 0.988E-04 0.281E+00 0.000E+00
  905 0.000E+00 0.000E+00 0.985E-04 0.312E-11 0.985E-04 0.281E+00 0.000E+00
  906 0.000E+00 0.000E+00 0.982E-04 0.298E-11 0.982E-04 0.281E+00 0.000E+00
  907 0.000E+00 0.000E+00 0.979E-04 0.284E-11 0.979E-04 0.281E+00 0.000E+00
  908 0.000E+00 0.000E+00 0.976E-04 0.271E-11 0.976E-04 0.281E+00 0.000E+00
  909 0.000E+00 0.802E-04 0.973E-04 0.259E-11 0.973E-04 0.281E+00 0.000E+00
  910 0.000E+00 0.155E-03 0.970E-04 0.000E+00 0.970E-04 0.281E+00 0.000E+00
  911 0.000E+00 0.219E-03 0.967E-04 0.000E+00 0.967E-04 0.281E+00 0.000E+00
  912 0.000E+00 0.268E-03 0.964E-04 0.000E+00 0.964E-04 0.281E+00 0.000E+00
  913 0.000E+00 0.297E-03 0.961E-04 0.000E+00 0.961E-04 0.282E+00 0.000E+00
  914 0.000E+00 0.310E-03 0.958E-04 0.000E+00 0.958E-04 0.282E+00 0.000E+00
  915 0.000E+00 0.297E-03 0.956E-04 0.000E+00 0.956E-04 0.282E+00 0.000E+00
  916 0.000E+00 0.268E-03 0.953E-04 0.000E+00 0.953E-04 0.282E+00 0.000E+00
  917 0.000E+00 0.219E-03 0.950E-04 0.000E+00 0.950E-04 0.282E+00 0.000E+00
  918 0.000E+00 0.155E-03 0.947E-04 0.000E+00 0.947E-04 0.282E+00 0.000E+00
  919 0.000E+00 0.750E-04 0.944E-04 0.000E+00 0.944E-04 0.282E+00 0.000E+00
  920 0.000E+00 0.000E+00 0.941E-04 0.000E+00 0.941E-04 0.282E+00 0.000E+00
  921 0.000E+00 0.000E+00 0.939E-04 0.000E+00 0.939E-04 0.282E+00 0.000E+00
  922 0.000E+00 0.000E+00 0.936E-04 0.000E+00 0.936E-04 0.282E+00 0.000E+00
  923 0.000E+00 0.000E+00 0.933E-04 0.000E+00 0.933E-04 0.282E+00 0.000E+00
  924 0.000E+00 0.000E+00 0.930E-04 0.000E+00 0.930E-04 0.283E+00 0.000E+00
  925 0.000E+00 0.000E+00 0.928E-04 0.000E+00 0.928E-04 0.283E+00 0.000E+00
  926 0.000E+00 0.000E+00 0.925E-04 0.000E+00 0.925E-04 0.283E+00 0.000E+00
  927 0.000E+00 0.000E+00 0.922E-04 0.000E+00 0.922E-04 0.283E+00 0.000E+00
  928 0.000E+00 0.000E+00 0.920E-04 0.000E+00 0.920E-04 0.283E+00 0.000E+00
  929 0.000E+00 0.000E+00 0.917E-04 0.000E+00 0.917E-04 0.283E+00 0.000E+00
  930 0.000E+00 0.000E+00 0.915E-04 0.000E+00 0.915E-04 0.283E+00 0.000E+00
  931 0.000E+00 0.000E+00 0.912E-04 0.000E+00 0.912E-04 0.283E+00 0.000E+00
  932 0.000E+00 0.000E+00 0.909E-04 0.000E+00 0.909E-04 0.283E+00 0.000E+00
  933 0.000E+00 0.960E-04 0.907E-04 0.000E+00 0.907E-04 0.283E+00 0.000E+00
  934 0.000E+00 0.185E-03 0.904E-04 0.000E+00 0.904E-04 0.283E+00 0.000E+00
  935 0.000E+00 0.262E-03 0.902E-04 0.000E+00 0.902E-04 0.284E+00 0.000E+00
  936 0.000E+00 0.321E-03 0.899E-04 0.000E+00 0.899E-04 0.284E+00 0.000E+00
  937 0.000E+00 0.355E-03 0.897E-04 0.000E+00 0.897E-04 0.284E+00 0.000E+00
  938 0.000E+00 0.371E-03 0.894E-04 0.000E+00 0.894E-04 0.284E+00 0.000E+00
  939 0.000E+00 0.355E-03 0.892E-04 0.000E+00 0.892E-04 0.284E+00 0.000E+00
  940 0.000E+00 0.321E-03 0.889E-04 0.000E+00 0.889E-04 0.284E+00 0.000E+00
  941 0.000E+00 0.262E-03 0.887E-04 0.000E+00 0.887E-04 0.284E+00 0.000E+00
  942 0.000E+00 0.185E-03 0.884E-04 0.000E+00 0.884E-04 0.284E+00 0.000E+00
  943 0.000E+00 0.897E-04 0.882E-04 0.000E+00 0.882E-04 0.284E+00 0.000E+00
  944 0.000E+00 0.000E+00 0.879E-04 0.000E+00 0.879E-04 0.284E+00 0.000E+00
  945 0.000E+00 0.000E+00 0.877E-04 0.000E+00 0.877E-04 0.284E+00 0.000E+00
  946 0.000E+00 0.000E+00 0.874E-04 0.000E+00 0.874E-04 0.285E+00 0.000E+00
  947 0.000E+00 0.000E+00 0.872E-04 0.000E+00 0.872E-04 0.285E+00 0.000E+00
  948 0.000E+00 0.000E+00 0.870E-04 0.000E+00 0.870E-04 0.285E+00 0.000E+00
  949 0.000E+00 0.000E+00 0.867E-04 0.000E+00 0.867E-04 0.285E+00 0.000E+00
  950 0.000E+00 0.000E+00 0.865E-04 0.000E+00 0.865E-04 0.285E+00 0.000E+00
 Water Balance for Subcatchment : Extracted study basin: Taegu Pyungkwang River                                   
    SUMP      SUMAE       SUMQ      SUMRZ     SUMUZ      SBAR        BAL
 0.1890E+00 0.4656E-01 0.1292E+00 0.1972E-01 0.0000E+00 0.2849E+00 0.5551E-06
 Maximum contributing area  0.00000E+00


 Objective function values
 F1  0.10720E-05   E      0.81572   F2  0.23646E-01

 Mean Obs Q  0.15901E-03    Variance Obs Q  0.61233E-08
     Error Variance 0.11284E-08
